LUA_PATH=/home/mdcallag/git/mytools/bench/sysbench.lua/lua/?.lua /home/mdcallag/git/mytools/bench/sysbench.lua/lua/sysbench --db-driver=pgsql --range-size=10 --table-size=10000000 --tables=8 --threads=40 --events=0 --warmup-time=5 --time=930 --pgsql_conn_id=true /home/mdcallag/git/mytools/bench/sysbench.lua/lua/oltp_read_write.lua run --pgsql-user=root --pgsql-password=pw --pgsql-host=127.0.0.1 --pgsql-db=ib --rand-type=uniform
48 CPUs
sysbench 1.1.0-9072687 (using bundled LuaJIT 2.1.0-beta3)

Running the test with following options:
Number of threads: 40
Warmup time: 5s
Initializing random number generator from current time


Initializing worker threads...

explain: for point_selects :: explain SELECT c FROM sbtest%u WHERE id=%u
explain: for point_selects :: explain SELECT c FROM sbtest%u WHERE id=%u
for point_selects
table 1 : explain SELECT c FROM sbtest1 WHERE id=5472118
	Index Scan using sbtest1_pkey on sbtest1  (cost=0.43..8.45 rows=1 width=121)
	  Index Cond: (id = 5472118)

table 2 : explain SELECT c FROM sbtest2 WHERE id=573698
	Index Scan using sbtest2_pkey on sbtest2  (cost=0.43..8.45 rows=1 width=121)
	  Index Cond: (id = 573698)

table 3 : explain SELECT c FROM sbtest3 WHERE id=5608209
	Index Scan using sbtest3_pkey on sbtest3  (cost=0.43..8.45 rows=1 width=121)
	  Index Cond: (id = 5608209)

table 4 : explain SELECT c FROM sbtest4 WHERE id=3056321
	Index Scan using sbtest4_pkey on sbtest4  (cost=0.43..8.45 rows=1 width=121)
	  Index Cond: (id = 3056321)

table 5 : explain SELECT c FROM sbtest5 WHERE id=3124717
	Index Scan using sbtest5_pkey on sbtest5  (cost=0.43..8.45 rows=1 width=121)
	  Index Cond: (id = 3124717)

table 6 : explain SELECT c FROM sbtest6 WHERE id=2892082
	Index Scan using sbtest6_pkey on sbtest6  (cost=0.43..8.45 rows=1 width=121)
	  Index Cond: (id = 2892082)

table 7 : explain SELECT c FROM sbtest7 WHERE id=4831527
	Index Scan using sbtest7_pkey on sbtest7  (cost=0.43..8.45 rows=1 width=121)
	  Index Cond: (id = 4831527)

table 8 : explain SELECT c FROM sbtest8 WHERE id=8039347
	Index Scan using sbtest8_pkey on sbtest8  (cost=0.43..8.45 rows=1 width=121)
	  Index Cond: (id = 8039347)

for point_selects
table 1 : explain SELECT c FROM sbtest1 WHERE id=283319
	Index Scan using sbtest1_pkey on sbtest1  (cost=0.43..8.45 rows=1 width=121)
	  Index Cond: (id = 283319)

table 2 : explain SELECT c FROM sbtest2 WHERE id=5216616
	Index Scan using sbtest2_pkey on sbtest2  (cost=0.43..8.45 rows=1 width=121)
	  Index Cond: (id = 5216616)

table 3 : explain SELECT c FROM sbtest3 WHERE id=737920
	Index Scan using sbtest3_pkey on sbtest3  (cost=0.43..8.45 rows=1 width=121)
	  Index Cond: (id = 737920)

table 4 : explain SELECT c FROM sbtest4 WHERE id=2400881
	Index Scan using sbtest4_pkey on sbtest4  (cost=0.43..8.45 rows=1 width=121)
	  Index Cond: (id = 2400881)

table 5 : explain SELECT c FROM sbtest5 WHERE id=6910673
	Index Scan using sbtest5_pkey on sbtest5  (cost=0.43..8.45 rows=1 width=121)
	  Index Cond: (id = 6910673)

table 6 : explain SELECT c FROM sbtest6 WHERE id=8798044
	Index Scan using sbtest6_pkey on sbtest6  (cost=0.43..8.45 rows=1 width=121)
	  Index Cond: (id = 8798044)

table 7 : explain SELECT c FROM sbtest7 WHERE id=9177360
	Index Scan using sbtest7_pkey on sbtest7  (cost=0.43..8.45 rows=1 width=121)
	  Index Cond: (id = 9177360)

table 8 : explain SELECT c FROM sbtest8 WHERE id=5575316
	Index Scan using sbtest8_pkey on sbtest8  (cost=0.43..8.45 rows=1 width=121)
	  Index Cond: (id = 5575316)

for: simple_ranges
table 1 : explain SELECT c FROM sbtest1 WHERE id BETWEEN 7938786 AND 7938795
	Index Scan using sbtest1_pkey on sbtest1  (cost=0.43..37.38 rows=9 width=121)
	  Index Cond: ((id >= 7938786) AND (id <= 7938795))

table 2 : explain SELECT c FROM sbtest2 WHERE id BETWEEN 4171762 AND 4171771
	Index Scan using sbtest2_pkey on sbtest2  (cost=0.43..40.94 rows=10 width=121)
	  Index Cond: ((id >= 4171762) AND (id <= 4171771))

table 3 : explain SELECT c FROM sbtest3 WHERE id BETWEEN 8634912 AND 8634921
	Index Scan using sbtest3_pkey on sbtest3  (cost=0.43..44.11 rows=11 width=121)
	  Index Cond: ((id >= 8634912) AND (id <= 8634921))

table 4 : explain SELECT c FROM sbtest4 WHERE id BETWEEN 9001399 AND 9001408
	Index Scan using sbtest4_pkey on sbtest4  (cost=0.43..40.60 rows=10 width=121)
	  Index Cond: ((id >= 9001399) AND (id <= 9001408))

table 5 : explain SELECT c FROM sbtest5 WHERE id BETWEEN 143313 AND 143322
	Index Scan using sbtest5_pkey on sbtest5  (cost=0.43..37.04 rows=9 width=121)
	  Index Cond: ((id >= 143313) AND (id <= 143322))

table 6 : explain SELECT c FROM sbtest6 WHERE id BETWEEN 5406459 AND 5406468
	Index Scan using sbtest6_pkey on sbtest6  (cost=0.43..40.63 rows=10 width=121)
	  Index Cond: ((id >= 5406459) AND (id <= 5406468))

table 7 : explain SELECT c FROM sbtest7 WHERE id BETWEEN 4210478 AND 4210487
	Index Scan using sbtest7_pkey on sbtest7  (cost=0.43..44.02 rows=11 width=121)
	  Index Cond: ((id >= 4210478) AND (id <= 4210487))

table 8 : explain SELECT c FROM sbtest8 WHERE id BETWEEN 3815103 AND 3815112
	Index Scan using sbtest8_pkey on sbtest8  (cost=0.43..40.98 rows=10 width=121)
	  Index Cond: ((id >= 3815103) AND (id <= 3815112))

explain: for point_selects :: explain SELECT c FROM sbtest%u WHERE id=%u
explain: for point_selects :: explain SELECT c FROM sbtest%u WHERE id=%u
for: simple_ranges
table 1 : explain SELECT c FROM sbtest1 WHERE id BETWEEN 3248080 AND 3248089
	Index Scan using sbtest1_pkey on sbtest1  (cost=0.43..41.00 rows=10 width=121)
	  Index Cond: ((id >= 3248080) AND (id <= 3248089))

table 2 : explain SELECT c FROM sbtest2 WHERE id BETWEEN 4825742 AND 4825751
	Index Scan using sbtest2_pkey on sbtest2  (cost=0.43..37.33 rows=9 width=121)
	  Index Cond: ((id >= 4825742) AND (id <= 4825751))

table 3 : explain SELECT c FROM sbtest3 WHERE id BETWEEN 3104003 AND 3104012
	Index Scan using sbtest3_pkey on sbtest3  (cost=0.43..40.55 rows=10 width=121)
	  Index Cond: ((id >= 3104003) AND (id <= 3104012))

table 4 : explain SELECT c FROM sbtest4 WHERE id BETWEEN 4754637 AND 4754646
	Index Scan using sbtest4_pkey on sbtest4  (cost=0.43..40.60 rows=10 width=121)
	  Index Cond: ((id >= 4754637) AND (id <= 4754646))

table 5 : explain SELECT c FROM sbtest5 WHERE id BETWEEN 3807540 AND 3807549
	Index Scan using sbtest5_pkey on sbtest5  (cost=0.43..37.04 rows=9 width=121)
	  Index Cond: ((id >= 3807540) AND (id <= 3807549))

table 6 : explain SELECT c FROM sbtest6 WHERE id BETWEEN 393642 AND 393651
	Index Scan using sbtest6_pkey on sbtest6  (cost=0.43..40.63 rows=10 width=121)
	  Index Cond: ((id >= 393642) AND (id <= 393651))

table 7 : explain SELECT c FROM sbtest7 WHERE id BETWEEN 4965808 AND 4965817
	Index Scan using sbtest7_pkey on sbtest7  (cost=0.43..36.91 rows=9 width=121)
	  Index Cond: ((id >= 4965808) AND (id <= 4965817))

table 8 : explain SELECT c FROM sbtest8 WHERE id BETWEEN 1469301 AND 1469310
	Index Scan using sbtest8_pkey on sbtest8  (cost=0.43..37.36 rows=9 width=121)
	  Index Cond: ((id >= 1469301) AND (id <= 1469310))

for point_selects
table 1 : explain SELECT c FROM sbtest1 WHERE id=1589288
	Index Scan using sbtest1_pkey on sbtest1  (cost=0.43..8.45 rows=1 width=121)
	  Index Cond: (id = 1589288)

table 2 : explain SELECT c FROM sbtest2 WHERE id=3028209
	Index Scan using sbtest2_pkey on sbtest2  (cost=0.43..8.45 rows=1 width=121)
	  Index Cond: (id = 3028209)

table 3 : explain SELECT c FROM sbtest3 WHERE id=2354079
	Index Scan using sbtest3_pkey on sbtest3  (cost=0.43..8.45 rows=1 width=121)
	  Index Cond: (id = 2354079)

table 4 : explain SELECT c FROM sbtest4 WHERE id=2208911
	Index Scan using sbtest4_pkey on sbtest4  (cost=0.43..8.45 rows=1 width=121)
	  Index Cond: (id = 2208911)

table 5 : explain SELECT c FROM sbtest5 WHERE id=6490127
	Index Scan using sbtest5_pkey on sbtest5  (cost=0.43..8.45 rows=1 width=121)
	  Index Cond: (id = 6490127)

table 6 : explain SELECT c FROM sbtest6 WHERE id=5643077
	Index Scan using sbtest6_pkey on sbtest6  (cost=0.43..8.45 rows=1 width=121)
	  Index Cond: (id = 5643077)

table 7 : explain SELECT c FROM sbtest7 WHERE id=9363309
	Index Scan using sbtest7_pkey on sbtest7  (cost=0.43..8.45 rows=1 width=121)
	  Index Cond: (id = 9363309)

table 8 : explain SELECT c FROM sbtest8 WHERE id=8119378
	Index Scan using sbtest8_pkey on sbtest8  (cost=0.43..8.45 rows=1 width=121)
	  Index Cond: (id = 8119378)

explain: for point_selects :: explain SELECT c FROM sbtest%u WHERE id=%u
for: simple_ranges
table 1 : explain SELECT c FROM sbtest1 WHERE id BETWEEN 5343320 AND 5343329
	Index Scan using sbtest1_pkey on sbtest1  (cost=0.43..41.00 rows=10 width=121)
	  Index Cond: ((id >= 5343320) AND (id <= 5343329))

table 2 : explain SELECT c FROM sbtest2 WHERE id BETWEEN 6726327 AND 6726336
	Index Scan using sbtest2_pkey on sbtest2  (cost=0.43..44.55 rows=11 width=121)
	  Index Cond: ((id >= 6726327) AND (id <= 6726336))

table 3 : explain SELECT c FROM sbtest3 WHERE id BETWEEN 8037396 AND 8037405
	Index Scan using sbtest3_pkey on sbtest3  (cost=0.43..36.98 rows=9 width=121)
	  Index Cond: ((id >= 8037396) AND (id <= 8037405))

table 4 : explain SELECT c FROM sbtest4 WHERE id BETWEEN 5703523 AND 5703532
	Index Scan using sbtest4_pkey on sbtest4  (cost=0.43..40.60 rows=10 width=121)
	  Index Cond: ((id >= 5703523) AND (id <= 5703532))

table 5 : explain SELECT c FROM sbtest5 WHERE id BETWEEN 1650482 AND 1650491
	Index Scan using sbtest5_pkey on sbtest5  (cost=0.43..40.61 rows=10 width=121)
	  Index Cond: ((id >= 1650482) AND (id <= 1650491))

table 6 : explain SELECT c FROM sbtest6 WHERE id BETWEEN 5537836 AND 5537845
	Index Scan using sbtest6_pkey on sbtest6  (cost=0.43..40.63 rows=10 width=121)
	  Index Cond: ((id >= 5537836) AND (id <= 5537845))

table 7 : explain SELECT c FROM sbtest7 WHERE id BETWEEN 284632 AND 284641
	Index Scan using sbtest7_pkey on sbtest7  (cost=0.43..40.46 rows=10 width=121)
	  Index Cond: ((id >= 284632) AND (id <= 284641))

table 8 : explain SELECT c FROM sbtest8 WHERE id BETWEEN 3847356 AND 3847365
	Index Scan using sbtest8_pkey on sbtest8  (cost=0.43..40.98 rows=10 width=121)
	  Index Cond: ((id >= 3847356) AND (id <= 3847365))

for: sum_ranges
table 1 : explain SELECT SUM(k) FROM sbtest1 WHERE id BETWEEN 1289155 AND 1289164
	Aggregate  (cost=41.02..41.03 rows=1 width=8)
	  ->  Index Scan using sbtest1_pkey on sbtest1  (cost=0.43..41.00 rows=10 width=4)
	        Index Cond: ((id >= 1289155) AND (id <= 1289164))

table 2 : explain SELECT SUM(k) FROM sbtest2 WHERE id BETWEEN 4674826 AND 4674835
	Aggregate  (cost=40.97..40.98 rows=1 width=8)
	  ->  Index Scan using sbtest2_pkey on sbtest2  (cost=0.43..40.94 rows=10 width=4)
	        Index Cond: ((id >= 4674826) AND (id <= 4674835))

table 3 : explain SELECT SUM(k) FROM sbtest3 WHERE id BETWEEN 6134172 AND 6134181
	Aggregate  (cost=40.57..40.58 rows=1 width=8)
	  ->  Index Scan using sbtest3_pkey on sbtest3  (cost=0.43..40.55 rows=10 width=4)
	        Index Cond: ((id >= 6134172) AND (id <= 6134181))

table 4 : explain SELECT SUM(k) FROM sbtest4 WHERE id BETWEEN 4517892 AND 4517901
	Aggregate  (cost=40.63..40.64 rows=1 width=8)
	  ->  Index Scan using sbtest4_pkey on sbtest4  (cost=0.43..40.60 rows=10 width=4)
	        Index Cond: ((id >= 4517892) AND (id <= 4517901))

table 5 : explain SELECT SUM(k) FROM sbtest5 WHERE id BETWEEN 5282954 AND 5282963
	Aggregate  (cost=40.63..40.64 rows=1 width=8)
	  ->  Index Scan using sbtest5_pkey on sbtest5  (cost=0.43..40.61 rows=10 width=4)
	        Index Cond: ((id >= 5282954) AND (id <= 5282963))

table 6 : explain SELECT SUM(k) FROM sbtest6 WHERE id BETWEEN 4505939 AND 4505948
	Aggregate  (cost=40.66..40.67 rows=1 width=8)
	  ->  Index Scan using sbtest6_pkey on sbtest6  (cost=0.43..40.63 rows=10 width=4)
	        Index Cond: ((id >= 4505939) AND (id <= 4505948))

table 7 : explain SELECT SUM(k) FROM sbtest7 WHERE id BETWEEN 1518180 AND 1518189
	Aggregate  (cost=40.49..40.50 rows=1 width=8)
	  ->  Index Scan using sbtest7_pkey on sbtest7  (cost=0.43..40.46 rows=10 width=4)
	        Index Cond: ((id >= 1518180) AND (id <= 1518189))

table 8 : explain SELECT SUM(k) FROM sbtest8 WHERE id BETWEEN 8117139 AND 8117148
	Aggregate  (cost=44.62..44.63 rows=1 width=8)
	  ->  Index Scan using sbtest8_pkey on sbtest8  (cost=0.43..44.59 rows=11 width=4)
	        Index Cond: ((id >= 8117139) AND (id <= 8117148))

for: sum_ranges
table 1 : explain SELECT SUM(k) FROM sbtest1 WHERE id BETWEEN 4988496 AND 4988505
	Aggregate  (cost=41.02..41.03 rows=1 width=8)
	  ->  Index Scan using sbtest1_pkey on sbtest1  (cost=0.43..41.00 rows=10 width=4)
	        Index Cond: ((id >= 4988496) AND (id <= 4988505))

table 2 : explain SELECT SUM(k) FROM sbtest2 WHERE id BETWEEN 967181 AND 967190
	Aggregate  (cost=44.58..44.59 rows=1 width=8)
	  ->  Index Scan using sbtest2_pkey on sbtest2  (cost=0.43..44.55 rows=11 width=4)
	        Index Cond: ((id >= 967181) AND (id <= 967190))

table 3 : explain SELECT SUM(k) FROM sbtest3 WHERE id BETWEEN 3849127 AND 3849136
	Aggregate  (cost=44.14..44.15 rows=1 width=8)
	  ->  Index Scan using sbtest3_pkey on sbtest3  (cost=0.43..44.11 rows=11 width=4)
	        Index Cond: ((id >= 3849127) AND (id <= 3849136))

table 4 : explain SELECT SUM(k) FROM sbtest4 WHERE id BETWEEN 9793958 AND 9793967
	Aggregate  (cost=44.20..44.21 rows=1 width=8)
	  ->  Index Scan using sbtest4_pkey on sbtest4  (cost=0.43..44.18 rows=11 width=4)
	        Index Cond: ((id >= 9793958) AND (id <= 9793967))

table 5 : explain SELECT SUM(k) FROM sbtest5 WHERE id BETWEEN 5720676 AND 5720685
	Aggregate  (cost=40.63..40.64 rows=1 width=8)
	  ->  Index Scan using sbtest5_pkey on sbtest5  (cost=0.43..40.61 rows=10 width=4)
	        Index Cond: ((id >= 5720676) AND (id <= 5720685))

table 6 : explain SELECT SUM(k) FROM sbtest6 WHERE id BETWEEN 8997679 AND 8997688
	Aggregate  (cost=37.08..37.09 rows=1 width=8)
	  ->  Index Scan using sbtest6_pkey on sbtest6  (cost=0.43..37.06 rows=9 width=4)
	        Index Cond: ((id >= 8997679) AND (id <= 8997688))

table 7 : explain SELECT SUM(k) FROM sbtest7 WHERE id BETWEEN 3720742 AND 3720751
	Aggregate  (cost=40.49..40.50 rows=1 width=8)
	  ->  Index Scan using sbtest7_pkey on sbtest7  (cost=0.43..40.46 rows=10 width=4)
	        Index Cond: ((id >= 3720742) AND (id <= 3720751))

table 8 : explain SELECT SUM(k) FROM sbtest8 WHERE id BETWEEN 1435604 AND 1435613
	Aggregate  (cost=37.39..37.40 rows=1 width=8)
	  ->  Index Scan using sbtest8_pkey on sbtest8  (cost=0.43..37.36 rows=9 width=4)
	        Index Cond: ((id >= 1435604) AND (id <= 1435613))

for: order_ranges
table 1 : explain SELECT c FROM sbtest1 WHERE id BETWEEN 5234756 AND 5234765 ORDER BY c
	Sort  (cost=41.16..41.19 rows=10 width=121)
	  Sort Key: c
	  ->  Index Scan using sbtest1_pkey on sbtest1  (cost=0.43..41.00 rows=10 width=121)
	        Index Cond: ((id >= 5234756) AND (id <= 5234765))

table 2 : explain SELECT c FROM sbtest2 WHERE id BETWEEN 2077256 AND 2077265 ORDER BY c
	Sort  (cost=41.11..41.13 rows=10 width=121)
	  Sort Key: c
	  ->  Index Scan using sbtest2_pkey on sbtest2  (cost=0.43..40.94 rows=10 width=121)
	        Index Cond: ((id >= 2077256) AND (id <= 2077265))

table 3 : explain SELECT c FROM sbtest3 WHERE id BETWEEN 3181390 AND 3181399 ORDER BY c
	Sort  (cost=40.71..40.74 rows=10 width=121)
	  Sort Key: c
	  ->  Index Scan using sbtest3_pkey on sbtest3  (cost=0.43..40.55 rows=10 width=121)
	        Index Cond: ((id >= 3181390) AND (id <= 3181399))

table 4 : explain SELECT c FROM sbtest4 WHERE id BETWEEN 7783960 AND 7783969 ORDER BY c
	Sort  (cost=40.77..40.79 rows=10 width=121)
	  Sort Key: c
	  ->  Index Scan using sbtest4_pkey on sbtest4  (cost=0.43..40.60 rows=10 width=121)
	        Index Cond: ((id >= 7783960) AND (id <= 7783969))

table 5 : explain SELECT c FROM sbtest5 WHERE id BETWEEN 4046044 AND 4046053 ORDER BY c
	Sort  (cost=44.37..44.40 rows=11 width=121)
	  Sort Key: c
	  ->  Index Scan using sbtest5_pkey on sbtest5  (cost=0.43..44.18 rows=11 width=121)
	        Index Cond: ((id >= 4046044) AND (id <= 4046053))

table 6 : explain SELECT c FROM sbtest6 WHERE id BETWEEN 169090 AND 169099 ORDER BY c
	Sort  (cost=40.80..40.82 rows=10 width=121)
	  Sort Key: c
	  ->  Index Scan using sbtest6_pkey on sbtest6  (cost=0.43..40.63 rows=10 width=121)
	        Index Cond: ((id >= 169090) AND (id <= 169099))

table 7 : explain SELECT c FROM sbtest7 WHERE id BETWEEN 7020905 AND 7020914 ORDER BY c
	Sort  (cost=37.05..37.07 rows=9 width=121)
	  Sort Key: c
	  ->  Index Scan using sbtest7_pkey on sbtest7  (cost=0.43..36.91 rows=9 width=121)
	        Index Cond: ((id >= 7020905) AND (id <= 7020914))

table 8 : explain SELECT c FROM sbtest8 WHERE id BETWEEN 6891285 AND 6891294 ORDER BY c
	Sort  (cost=41.14..41.17 rows=10 width=121)
	  Sort Key: c
	  ->  Index Scan using sbtest8_pkey on sbtest8  (cost=0.43..40.98 rows=10 width=121)
	        Index Cond: ((id >= 6891285) AND (id <= 6891294))

for: order_ranges
table 1 : explain SELECT c FROM sbtest1 WHERE id BETWEEN 7771052 AND 7771061 ORDER BY c
	Sort  (cost=41.16..41.19 rows=10 width=121)
	  Sort Key: c
	  ->  Index Scan using sbtest1_pkey on sbtest1  (cost=0.43..41.00 rows=10 width=121)
	        Index Cond: ((id >= 7771052) AND (id <= 7771061))

table 2 : explain SELECT c FROM sbtest2 WHERE id BETWEEN 1725733 AND 1725742 ORDER BY c
	Sort  (cost=41.11..41.13 rows=10 width=121)
	  Sort Key: c
	  ->  Index Scan using sbtest2_pkey on sbtest2  (cost=0.43..40.94 rows=10 width=121)
	        Index Cond: ((id >= 1725733) AND (id <= 1725742))

table 3 : explain SELECT c FROM sbtest3 WHERE id BETWEEN 5468168 AND 5468177 ORDER BY c
	Sort  (cost=40.71..40.74 rows=10 width=121)
	  Sort Key: c
	  ->  Index Scan using sbtest3_pkey on sbtest3  (cost=0.43..40.55 rows=10 width=121)
	        Index Cond: ((id >= 5468168) AND (id <= 5468177))

table 4 : explain SELECT c FROM sbtest4 WHERE id BETWEEN 1132255 AND 1132264 ORDER BY c
	Sort  (cost=44.37..44.39 rows=11 width=121)
	  Sort Key: c
	  ->  Index Scan using sbtest4_pkey on sbtest4  (cost=0.43..44.18 rows=11 width=121)
	        Index Cond: ((id >= 1132255) AND (id <= 1132264))

table 5 : explain SELECT c FROM sbtest5 WHERE id BETWEEN 4129806 AND 4129815 ORDER BY c
	Sort  (cost=44.37..44.40 rows=11 width=121)
	  Sort Key: c
	  ->  Index Scan using sbtest5_pkey on sbtest5  (cost=0.43..44.18 rows=11 width=121)
	        Index Cond: ((id >= 4129806) AND (id <= 4129815))

table 6 : explain SELECT c FROM sbtest6 WHERE id BETWEEN 4827629 AND 4827638 ORDER BY c
	Sort  (cost=37.20..37.22 rows=9 width=121)
	  Sort Key: c
	  ->  Index Scan using sbtest6_pkey on sbtest6  (cost=0.43..37.06 rows=9 width=121)
	        Index Cond: ((id >= 4827629) AND (id <= 4827638))

table 7 : explain SELECT c FROM sbtest7 WHERE id BETWEEN 8198108 AND 8198117 ORDER BY c
	Sort  (cost=44.21..44.24 rows=11 width=121)
	  Sort Key: c
	  ->  Index Scan using sbtest7_pkey on sbtest7  (cost=0.43..44.02 rows=11 width=121)
	        Index Cond: ((id >= 8198108) AND (id <= 8198117))

table 8 : explain SELECT c FROM sbtest8 WHERE id BETWEEN 5538110 AND 5538119 ORDER BY c
	Sort  (cost=44.78..44.81 rows=11 width=121)
	  Sort Key: c
	  ->  Index Scan using sbtest8_pkey on sbtest8  (cost=0.43..44.59 rows=11 width=121)
	        Index Cond: ((id >= 5538110) AND (id <= 5538119))

explain: for point_selects :: explain SELECT c FROM sbtest%u WHERE id=%u
for: distinct_ranges
table 1 : explain SELECT DISTINCT c FROM sbtest1 WHERE id BETWEEN 9821535 AND 9821544 ORDER BY c
	Unique  (cost=41.16..41.21 rows=10 width=121)
	  ->  Sort  (cost=41.16..41.19 rows=10 width=121)
	        Sort Key: c
	        ->  Index Scan using sbtest1_pkey on sbtest1  (cost=0.43..41.00 rows=10 width=121)
	              Index Cond: ((id >= 9821535) AND (id <= 9821544))

table 2 : explain SELECT DISTINCT c FROM sbtest2 WHERE id BETWEEN 8605194 AND 8605203 ORDER BY c
	Unique  (cost=41.11..41.16 rows=10 width=121)
	  ->  Sort  (cost=41.11..41.13 rows=10 width=121)
	        Sort Key: c
	        ->  Index Scan using sbtest2_pkey on sbtest2  (cost=0.43..40.94 rows=10 width=121)
	              Index Cond: ((id >= 8605194) AND (id <= 8605203))

table 3 : explain SELECT DISTINCT c FROM sbtest3 WHERE id BETWEEN 7549980 AND 7549989 ORDER BY c
	Unique  (cost=40.71..40.76 rows=10 width=121)
	  ->  Sort  (cost=40.71..40.74 rows=10 width=121)
	        Sort Key: c
	        ->  Index Scan using sbtest3_pkey on sbtest3  (cost=0.43..40.55 rows=10 width=121)
	              Index Cond: ((id >= 7549980) AND (id <= 7549989))

table 4 : explain SELECT DISTINCT c FROM sbtest4 WHERE id BETWEEN 3687605 AND 3687614 ORDER BY c
	Unique  (cost=40.77..40.82 rows=10 width=121)
	  ->  Sort  (cost=40.77..40.79 rows=10 width=121)
	        Sort Key: c
	        ->  Index Scan using sbtest4_pkey on sbtest4  (cost=0.43..40.60 rows=10 width=121)
	              Index Cond: ((id >= 3687605) AND (id <= 3687614))

table 5 : explain SELECT DISTINCT c FROM sbtest5 WHERE id BETWEEN 229109 AND 229118 ORDER BY c
	Unique  (cost=40.78..40.83 rows=10 width=121)
	  ->  Sort  (cost=40.78..40.80 rows=10 width=121)
	        Sort Key: c
	        ->  Index Scan using sbtest5_pkey on sbtest5  (cost=0.43..40.61 rows=10 width=121)
	              Index Cond: ((id >= 229109) AND (id <= 229118))

table 6 : explain SELECT DISTINCT c FROM sbtest6 WHERE id BETWEEN 7504622 AND 7504631 ORDER BY c
	Unique  (cost=40.80..40.85 rows=10 width=121)
	  ->  Sort  (cost=40.80..40.82 rows=10 width=121)
	        Sort Key: c
	        ->  Index Scan using sbtest6_pkey on sbtest6  (cost=0.43..40.63 rows=10 width=121)
	              Index Cond: ((id >= 7504622) AND (id <= 7504631))

table 7 : explain SELECT DISTINCT c FROM sbtest7 WHERE id BETWEEN 7304165 AND 7304174 ORDER BY c
	Unique  (cost=40.63..40.68 rows=10 width=121)
	  ->  Sort  (cost=40.63..40.65 rows=10 width=121)
	        Sort Key: c
	        ->  Index Scan using sbtest7_pkey on sbtest7  (cost=0.43..40.46 rows=10 width=121)
	              Index Cond: ((id >= 7304165) AND (id <= 7304174))

table 8 : explain SELECT DISTINCT c FROM sbtest8 WHERE id BETWEEN 9787575 AND 9787584 ORDER BY c
	Unique  (cost=41.14..41.19 rows=10 width=121)
	  ->  Sort  (cost=41.14..41.17 rows=10 width=121)
	        Sort Key: c
	        ->  Index Scan using sbtest8_pkey on sbtest8  (cost=0.43..40.98 rows=10 width=121)
	              Index Cond: ((id >= 9787575) AND (id <= 9787584))

explain: for index_updates :: explain UPDATE sbtest%u SET k=k+1 WHERE id=%u
for: distinct_ranges
table 1 : explain SELECT DISTINCT c FROM sbtest1 WHERE id BETWEEN 6816171 AND 6816180 ORDER BY c
	Unique  (cost=41.16..41.21 rows=10 width=121)
	  ->  Sort  (cost=41.16..41.19 rows=10 width=121)
	        Sort Key: c
	        ->  Index Scan using sbtest1_pkey on sbtest1  (cost=0.43..41.00 rows=10 width=121)
	              Index Cond: ((id >= 6816171) AND (id <= 6816180))

table 2 : explain SELECT DISTINCT c FROM sbtest2 WHERE id BETWEEN 9996733 AND 9996742 ORDER BY c
	Unique  (cost=41.11..41.16 rows=10 width=121)
	  ->  Sort  (cost=41.11..41.13 rows=10 width=121)
	        Sort Key: c
	        ->  Index Scan using sbtest2_pkey on sbtest2  (cost=0.43..40.94 rows=10 width=121)
	              Index Cond: ((id >= 9996733) AND (id <= 9996742))

table 3 : explain SELECT DISTINCT c FROM sbtest3 WHERE id BETWEEN 6722175 AND 6722184 ORDER BY c
	Unique  (cost=40.71..40.76 rows=10 width=121)
	  ->  Sort  (cost=40.71..40.74 rows=10 width=121)
	        Sort Key: c
	        ->  Index Scan using sbtest3_pkey on sbtest3  (cost=0.43..40.55 rows=10 width=121)
	              Index Cond: ((id >= 6722175) AND (id <= 6722184))

table 4 : explain SELECT DISTINCT c FROM sbtest4 WHERE id BETWEEN 8639949 AND 8639958 ORDER BY c
	Unique  (cost=44.37..44.42 rows=11 width=121)
	  ->  Sort  (cost=44.37..44.39 rows=11 width=121)
	        Sort Key: c
	        ->  Index Scan using sbtest4_pkey on sbtest4  (cost=0.43..44.18 rows=11 width=121)
	              Index Cond: ((id >= 8639949) AND (id <= 8639958))

table 5 : explain SELECT DISTINCT c FROM sbtest5 WHERE id BETWEEN 6464736 AND 6464745 ORDER BY c
	Unique  (cost=44.37..44.43 rows=11 width=121)
	  ->  Sort  (cost=44.37..44.40 rows=11 width=121)
	        Sort Key: c
	        ->  Index Scan using sbtest5_pkey on sbtest5  (cost=0.43..44.18 rows=11 width=121)
	              Index Cond: ((id >= 6464736) AND (id <= 6464745))

table 6 : explain SELECT DISTINCT c FROM sbtest6 WHERE id BETWEEN 2683464 AND 2683473 ORDER BY c
	Unique  (cost=40.80..40.85 rows=10 width=121)
	  ->  Sort  (cost=40.80..40.82 rows=10 width=121)
	        Sort Key: c
	        ->  Index Scan using sbtest6_pkey on sbtest6  (cost=0.43..40.63 rows=10 width=121)
	              Index Cond: ((id >= 2683464) AND (id <= 2683473))

table 7 : explain SELECT DISTINCT c FROM sbtest7 WHERE id BETWEEN 7984806 AND 7984815 ORDER BY c
	Unique  (cost=44.21..44.26 rows=11 width=121)
	  ->  Sort  (cost=44.21..44.24 rows=11 width=121)
	        Sort Key: c
	        ->  Index Scan using sbtest7_pkey on sbtest7  (cost=0.43..44.02 rows=11 width=121)
	              Index Cond: ((id >= 7984806) AND (id <= 7984815))

table 8 : explain SELECT DISTINCT c FROM sbtest8 WHERE id BETWEEN 6687483 AND 6687492 ORDER BY c
	Unique  (cost=41.14..41.19 rows=10 width=121)
	  ->  Sort  (cost=41.14..41.17 rows=10 width=121)
	        Sort Key: c
	        ->  Index Scan using sbtest8_pkey on sbtest8  (cost=0.43..40.98 rows=10 width=121)
	              Index Cond: ((id >= 6687483) AND (id <= 6687492))

explain: for index_updates :: explain UPDATE sbtest%u SET k=k+1 WHERE id=%u
for index_updates
table 1 : explain UPDATE sbtest1 SET k=k+1 WHERE id=2816484
	Update on sbtest1  (cost=0.43..8.46 rows=0 width=0)
	  ->  Index Scan using sbtest1_pkey on sbtest1  (cost=0.43..8.46 rows=1 width=10)
	        Index Cond: (id = 2816484)

table 2 : explain UPDATE sbtest2 SET k=k+1 WHERE id=3655314
	Update on sbtest2  (cost=0.43..8.46 rows=0 width=0)
	  ->  Index Scan using sbtest2_pkey on sbtest2  (cost=0.43..8.46 rows=1 width=10)
	        Index Cond: (id = 3655314)

table 3 : explain UPDATE sbtest3 SET k=k+1 WHERE id=1438088
	Update on sbtest3  (cost=0.43..8.46 rows=0 width=0)
	  ->  Index Scan using sbtest3_pkey on sbtest3  (cost=0.43..8.46 rows=1 width=10)
	        Index Cond: (id = 1438088)

table 4 : explain UPDATE sbtest4 SET k=k+1 WHERE id=6128849
	Update on sbtest4  (cost=0.43..8.46 rows=0 width=0)
	  ->  Index Scan using sbtest4_pkey on sbtest4  (cost=0.43..8.46 rows=1 width=10)
	        Index Cond: (id = 6128849)

table 5 : explain UPDATE sbtest5 SET k=k+1 WHERE id=8826442
	Update on sbtest5  (cost=0.43..8.46 rows=0 width=0)
	  ->  Index Scan using sbtest5_pkey on sbtest5  (cost=0.43..8.46 rows=1 width=10)
	        Index Cond: (id = 8826442)

table 6 : explain UPDATE sbtest6 SET k=k+1 WHERE id=570062
	Update on sbtest6  (cost=0.43..8.46 rows=0 width=0)
	  ->  Index Scan using sbtest6_pkey on sbtest6  (cost=0.43..8.46 rows=1 width=10)
	        Index Cond: (id = 570062)

table 7 : explain UPDATE sbtest7 SET k=k+1 WHERE id=7208507
	Update on sbtest7  (cost=0.43..8.46 rows=0 width=0)
	  ->  Index Scan using sbtest7_pkey on sbtest7  (cost=0.43..8.46 rows=1 width=10)
	        Index Cond: (id = 7208507)

table 8 : explain UPDATE sbtest8 SET k=k+1 WHERE id=9661834
	Update on sbtest8  (cost=0.43..8.46 rows=0 width=0)
	  ->  Index Scan using sbtest8_pkey on sbtest8  (cost=0.43..8.46 rows=1 width=10)
	        Index Cond: (id = 9661834)

explain: for point_selects :: explain SELECT c FROM sbtest%u WHERE id=%u
for index_updates
table 1 : explain UPDATE sbtest1 SET k=k+1 WHERE id=8958247
	Update on sbtest1  (cost=0.43..8.46 rows=0 width=0)
	  ->  Index Scan using sbtest1_pkey on sbtest1  (cost=0.43..8.46 rows=1 width=10)
	        Index Cond: (id = 8958247)

table 2 : explain UPDATE sbtest2 SET k=k+1 WHERE id=1887294
	Update on sbtest2  (cost=0.43..8.46 rows=0 width=0)
	  ->  Index Scan using sbtest2_pkey on sbtest2  (cost=0.43..8.46 rows=1 width=10)
	        Index Cond: (id = 1887294)

table 3 : explain UPDATE sbtest3 SET k=k+1 WHERE id=2246913
	Update on sbtest3  (cost=0.43..8.46 rows=0 width=0)
	  ->  Index Scan using sbtest3_pkey on sbtest3  (cost=0.43..8.46 rows=1 width=10)
	        Index Cond: (id = 2246913)

table 4 : explain UPDATE sbtest4 SET k=k+1 WHERE id=9739306
	Update on sbtest4  (cost=0.43..8.46 rows=0 width=0)
	  ->  Index Scan using sbtest4_pkey on sbtest4  (cost=0.43..8.46 rows=1 width=10)
	        Index Cond: (id = 9739306)

table 5 : explain UPDATE sbtest5 SET k=k+1 WHERE id=1724854
	Update on sbtest5  (cost=0.43..8.46 rows=0 width=0)
	  ->  Index Scan using sbtest5_pkey on sbtest5  (cost=0.43..8.46 rows=1 width=10)
	        Index Cond: (id = 1724854)

table 6 : explain UPDATE sbtest6 SET k=k+1 WHERE id=4930933
	Update on sbtest6  (cost=0.43..8.46 rows=0 width=0)
	  ->  Index Scan using sbtest6_pkey on sbtest6  (cost=0.43..8.46 rows=1 width=10)
	        Index Cond: (id = 4930933)

table 7 : explain UPDATE sbtest7 SET k=k+1 WHERE id=9660772
	Update on sbtest7  (cost=0.43..8.46 rows=0 width=0)
	  ->  Index Scan using sbtest7_pkey on sbtest7  (cost=0.43..8.46 rows=1 width=10)
	        Index Cond: (id = 9660772)

table 8 : explain UPDATE sbtest8 SET k=k+1 WHERE id=4859026
	Update on sbtest8  (cost=0.43..8.46 rows=0 width=0)
	  ->  Index Scan using sbtest8_pkey on sbtest8  (cost=0.43..8.46 rows=1 width=10)
	        Index Cond: (id = 4859026)

explain: for non_index_updates :: explain UPDATE sbtest%u SET c='foobar' WHERE id=%u
for point_selects
table 1 : explain SELECT c FROM sbtest1 WHERE id=7729800
	Index Scan using sbtest1_pkey on sbtest1  (cost=0.43..8.45 rows=1 width=121)
	  Index Cond: (id = 7729800)

table 2 : explain SELECT c FROM sbtest2 WHERE id=7932909
	Index Scan using sbtest2_pkey on sbtest2  (cost=0.43..8.45 rows=1 width=121)
	  Index Cond: (id = 7932909)

table 3 : explain SELECT c FROM sbtest3 WHERE id=535352
	Index Scan using sbtest3_pkey on sbtest3  (cost=0.43..8.45 rows=1 width=121)
	  Index Cond: (id = 535352)

table 4 : explain SELECT c FROM sbtest4 WHERE id=7707937
	Index Scan using sbtest4_pkey on sbtest4  (cost=0.43..8.45 rows=1 width=121)
	  Index Cond: (id = 7707937)

table 5 : explain SELECT c FROM sbtest5 WHERE id=1625463
	Index Scan using sbtest5_pkey on sbtest5  (cost=0.43..8.45 rows=1 width=121)
	  Index Cond: (id = 1625463)

table 6 : explain SELECT c FROM sbtest6 WHERE id=8604136
	Index Scan using sbtest6_pkey on sbtest6  (cost=0.43..8.45 rows=1 width=121)
	  Index Cond: (id = 8604136)

table 7 : explain SELECT c FROM sbtest7 WHERE id=8259176
	Index Scan using sbtest7_pkey on sbtest7  (cost=0.43..8.45 rows=1 width=121)
	  Index Cond: (id = 8259176)

table 8 : explain SELECT c FROM sbtest8 WHERE id=2482044
	Index Scan using sbtest8_pkey on sbtest8  (cost=0.43..8.45 rows=1 width=121)
	  Index Cond: (id = 2482044)

explain: for point_selects :: explain SELECT c FROM sbtest%u WHERE id=%u
for: sum_ranges
table 1 : explain SELECT SUM(k) FROM sbtest1 WHERE id BETWEEN 6330346 AND 6330355
	Aggregate  (cost=41.02..41.03 rows=1 width=8)
	  ->  Index Scan using sbtest1_pkey on sbtest1  (cost=0.43..41.00 rows=10 width=4)
	        Index Cond: ((id >= 6330346) AND (id <= 6330355))

table 2 : explain SELECT SUM(k) FROM sbtest2 WHERE id BETWEEN 3988288 AND 3988297
	Aggregate  (cost=40.97..40.98 rows=1 width=8)
	  ->  Index Scan using sbtest2_pkey on sbtest2  (cost=0.43..40.94 rows=10 width=4)
	        Index Cond: ((id >= 3988288) AND (id <= 3988297))

table 3 : explain SELECT SUM(k) FROM sbtest3 WHERE id BETWEEN 8256938 AND 8256947
	Aggregate  (cost=40.57..40.58 rows=1 width=8)
	  ->  Index Scan using sbtest3_pkey on sbtest3  (cost=0.43..40.55 rows=10 width=4)
	        Index Cond: ((id >= 8256938) AND (id <= 8256947))

table 4 : explain SELECT SUM(k) FROM sbtest4 WHERE id BETWEEN 7547750 AND 7547759
	Aggregate  (cost=40.63..40.64 rows=1 width=8)
	  ->  Index Scan using sbtest4_pkey on sbtest4  (cost=0.43..40.60 rows=10 width=4)
	        Index Cond: ((id >= 7547750) AND (id <= 7547759))

table 5 : explain SELECT SUM(k) FROM sbtest5 WHERE id BETWEEN 119121 AND 119130
	Aggregate  (cost=37.06..37.07 rows=1 width=8)
	  ->  Index Scan using sbtest5_pkey on sbtest5  (cost=0.43..37.04 rows=9 width=4)
	        Index Cond: ((id >= 119121) AND (id <= 119130))

table 6 : explain SELECT SUM(k) FROM sbtest6 WHERE id BETWEEN 3512045 AND 3512054
	Aggregate  (cost=44.23..44.24 rows=1 width=8)
	  ->  Index Scan using sbtest6_pkey on sbtest6  (cost=0.43..44.21 rows=11 width=4)
	        Index Cond: ((id >= 3512045) AND (id <= 3512054))

table 7 : explain SELECT SUM(k) FROM sbtest7 WHERE id BETWEEN 9337049 AND 9337058
	Aggregate  (cost=44.05..44.06 rows=1 width=8)
	  ->  Index Scan using sbtest7_pkey on sbtest7  (cost=0.43..44.02 rows=11 width=4)
	        Index Cond: ((id >= 9337049) AND (id <= 9337058))

table 8 : explain SELECT SUM(k) FROM sbtest8 WHERE id BETWEEN 930612 AND 930621
	Aggregate  (cost=41.00..41.01 rows=1 width=8)
	  ->  Index Scan using sbtest8_pkey on sbtest8  (cost=0.43..40.98 rows=10 width=4)
	        Index Cond: ((id >= 930612) AND (id <= 930621))

for non_index_updates
table 1 : explain UPDATE sbtest1 SET c='foobar' WHERE id=4970828
	Update on sbtest1  (cost=0.43..8.45 rows=0 width=0)
	  ->  Index Scan using sbtest1_pkey on sbtest1  (cost=0.43..8.45 rows=1 width=490)
	        Index Cond: (id = 4970828)

table 2 : explain UPDATE sbtest2 SET c='foobar' WHERE id=1687893
	Update on sbtest2  (cost=0.43..8.45 rows=0 width=0)
	  ->  Index Scan using sbtest2_pkey on sbtest2  (cost=0.43..8.45 rows=1 width=490)
	        Index Cond: (id = 1687893)

table 3 : explain UPDATE sbtest3 SET c='foobar' WHERE id=5630701
	Update on sbtest3  (cost=0.43..8.45 rows=0 width=0)
	  ->  Index Scan using sbtest3_pkey on sbtest3  (cost=0.43..8.45 rows=1 width=490)
	        Index Cond: (id = 5630701)

table 4 : explain UPDATE sbtest4 SET c='foobar' WHERE id=2935533
	Update on sbtest4  (cost=0.43..8.45 rows=0 width=0)
	  ->  Index Scan using sbtest4_pkey on sbtest4  (cost=0.43..8.45 rows=1 width=490)
	        Index Cond: (id = 2935533)

table 5 : explain UPDATE sbtest5 SET c='foobar' WHERE id=5689234
	Update on sbtest5  (cost=0.43..8.45 rows=0 width=0)
	  ->  Index Scan using sbtest5_pkey on sbtest5  (cost=0.43..8.45 rows=1 width=490)
	        Index Cond: (id = 5689234)

table 6 : explain UPDATE sbtest6 SET c='foobar' WHERE id=9590668
	Update on sbtest6  (cost=0.43..8.45 rows=0 width=0)
	  ->  Index Scan using sbtest6_pkey on sbtest6  (cost=0.43..8.45 rows=1 width=490)
	        Index Cond: (id = 9590668)

table 7 : explain UPDATE sbtest7 SET c='foobar' WHERE id=5800957
	Update on sbtest7  (cost=0.43..8.45 rows=0 width=0)
	  ->  Index Scan using sbtest7_pkey on sbtest7  (cost=0.43..8.45 rows=1 width=490)
	        Index Cond: (id = 5800957)

table 8 : explain UPDATE sbtest8 SET c='foobar' WHERE id=2382551
	Update on sbtest8  (cost=0.43..8.45 rows=0 width=0)
	  ->  Index Scan using sbtest8_pkey on sbtest8  (cost=0.43..8.45 rows=1 width=490)
	        Index Cond: (id = 2382551)

explain: for deletes :: explain DELETE FROM sbtest%u WHERE id=%u
for: simple_ranges
table 1 : explain SELECT c FROM sbtest1 WHERE id BETWEEN 2950148 AND 2950157
	Index Scan using sbtest1_pkey on sbtest1  (cost=0.43..41.00 rows=10 width=121)
	  Index Cond: ((id >= 2950148) AND (id <= 2950157))

table 2 : explain SELECT c FROM sbtest2 WHERE id BETWEEN 7670067 AND 7670076
	Index Scan using sbtest2_pkey on sbtest2  (cost=0.43..40.94 rows=10 width=121)
	  Index Cond: ((id >= 7670067) AND (id <= 7670076))

table 3 : explain SELECT c FROM sbtest3 WHERE id BETWEEN 7026003 AND 7026012
	Index Scan using sbtest3_pkey on sbtest3  (cost=0.43..40.55 rows=10 width=121)
	  Index Cond: ((id >= 7026003) AND (id <= 7026012))

table 4 : explain SELECT c FROM sbtest4 WHERE id BETWEEN 5250814 AND 5250823
	Index Scan using sbtest4_pkey on sbtest4  (cost=0.43..40.60 rows=10 width=121)
	  Index Cond: ((id >= 5250814) AND (id <= 5250823))

table 5 : explain SELECT c FROM sbtest5 WHERE id BETWEEN 7982298 AND 7982307
	Index Scan using sbtest5_pkey on sbtest5  (cost=0.43..40.61 rows=10 width=121)
	  Index Cond: ((id >= 7982298) AND (id <= 7982307))

table 6 : explain SELECT c FROM sbtest6 WHERE id BETWEEN 8301765 AND 8301774
	Index Scan using sbtest6_pkey on sbtest6  (cost=0.43..40.63 rows=10 width=121)
	  Index Cond: ((id >= 8301765) AND (id <= 8301774))

table 7 : explain SELECT c FROM sbtest7 WHERE id BETWEEN 2759225 AND 2759234
	Index Scan using sbtest7_pkey on sbtest7  (cost=0.43..40.46 rows=10 width=121)
	  Index Cond: ((id >= 2759225) AND (id <= 2759234))

table 8 : explain SELECT c FROM sbtest8 WHERE id BETWEEN 5095261 AND 5095270
	Index Scan using sbtest8_pkey on sbtest8  (cost=0.43..40.98 rows=10 width=121)
	  Index Cond: ((id >= 5095261) AND (id <= 5095270))

explain: for non_index_updates :: explain UPDATE sbtest%u SET c='foobar' WHERE id=%u
for deletes
table 1 : explain DELETE FROM sbtest1 WHERE id=8975324
	Delete on sbtest1  (cost=0.43..8.45 rows=0 width=0)
	  ->  Index Scan using sbtest1_pkey on sbtest1  (cost=0.43..8.45 rows=1 width=6)
	        Index Cond: (id = 8975324)

table 2 : explain DELETE FROM sbtest2 WHERE id=740897
	Delete on sbtest2  (cost=0.43..8.45 rows=0 width=0)
	  ->  Index Scan using sbtest2_pkey on sbtest2  (cost=0.43..8.45 rows=1 width=6)
	        Index Cond: (id = 740897)

table 3 : explain DELETE FROM sbtest3 WHERE id=9923511
	Delete on sbtest3  (cost=0.43..8.45 rows=0 width=0)
	  ->  Index Scan using sbtest3_pkey on sbtest3  (cost=0.43..8.45 rows=1 width=6)
	        Index Cond: (id = 9923511)

table 4 : explain DELETE FROM sbtest4 WHERE id=6579333
	Delete on sbtest4  (cost=0.43..8.45 rows=0 width=0)
	  ->  Index Scan using sbtest4_pkey on sbtest4  (cost=0.43..8.45 rows=1 width=6)
	        Index Cond: (id = 6579333)

table 5 : explain DELETE FROM sbtest5 WHERE id=8264607
	Delete on sbtest5  (cost=0.43..8.45 rows=0 width=0)
	  ->  Index Scan using sbtest5_pkey on sbtest5  (cost=0.43..8.45 rows=1 width=6)
	        Index Cond: (id = 8264607)

table 6 : explain DELETE FROM sbtest6 WHERE id=2045044
	Delete on sbtest6  (cost=0.43..8.45 rows=0 width=0)
	  ->  Index Scan using sbtest6_pkey on sbtest6  (cost=0.43..8.45 rows=1 width=6)
	        Index Cond: (id = 2045044)

table 7 : explain DELETE FROM sbtest7 WHERE id=8597883
	Delete on sbtest7  (cost=0.43..8.45 rows=0 width=0)
	  ->  Index Scan using sbtest7_pkey on sbtest7  (cost=0.43..8.45 rows=1 width=6)
	        Index Cond: (id = 8597883)

table 8 : explain DELETE FROM sbtest8 WHERE id=9789873
	Delete on sbtest8  (cost=0.43..8.45 rows=0 width=0)
	  ->  Index Scan using sbtest8_pkey on sbtest8  (cost=0.43..8.45 rows=1 width=6)
	        Index Cond: (id = 9789873)

for point_selects
table 1 : explain SELECT c FROM sbtest1 WHERE id=9924771
	Index Scan using sbtest1_pkey on sbtest1  (cost=0.43..8.45 rows=1 width=121)
	  Index Cond: (id = 9924771)

table 2 : explain SELECT c FROM sbtest2 WHERE id=9953553
	Index Scan using sbtest2_pkey on sbtest2  (cost=0.43..8.45 rows=1 width=121)
	  Index Cond: (id = 9953553)

table 3 : explain SELECT c FROM sbtest3 WHERE id=2698145
	Index Scan using sbtest3_pkey on sbtest3  (cost=0.43..8.45 rows=1 width=121)
	  Index Cond: (id = 2698145)

table 4 : explain SELECT c FROM sbtest4 WHERE id=7576082
	Index Scan using sbtest4_pkey on sbtest4  (cost=0.43..8.45 rows=1 width=121)
	  Index Cond: (id = 7576082)

table 5 : explain SELECT c FROM sbtest5 WHERE id=5393580
	Index Scan using sbtest5_pkey on sbtest5  (cost=0.43..8.45 rows=1 width=121)
	  Index Cond: (id = 5393580)

table 6 : explain SELECT c FROM sbtest6 WHERE id=7096597
	Index Scan using sbtest6_pkey on sbtest6  (cost=0.43..8.45 rows=1 width=121)
	  Index Cond: (id = 7096597)

table 7 : explain SELECT c FROM sbtest7 WHERE id=1544944
	Index Scan using sbtest7_pkey on sbtest7  (cost=0.43..8.45 rows=1 width=121)
	  Index Cond: (id = 1544944)

table 8 : explain SELECT c FROM sbtest8 WHERE id=3650452
	Index Scan using sbtest8_pkey on sbtest8  (cost=0.43..8.45 rows=1 width=121)
	  Index Cond: (id = 3650452)

explain: for inserts :: explain INSERT INTO sbtest%u (id, k, c, pad) VALUES (%u, 13, 'foobar', 'foobar')
for inserts
table 1 : explain INSERT INTO sbtest1 (id, k, c, pad) VALUES (9929190, 13, 'foobar', 'foobar')
	Insert on sbtest1  (cost=0.00..0.01 rows=0 width=0)
	  ->  Result  (cost=0.00..0.01 rows=1 width=736)

table 2 : explain INSERT INTO sbtest2 (id, k, c, pad) VALUES (4714900, 13, 'foobar', 'foobar')
	Insert on sbtest2  (cost=0.00..0.01 rows=0 width=0)
	  ->  Result  (cost=0.00..0.01 rows=1 width=736)

table 3 : explain INSERT INTO sbtest3 (id, k, c, pad) VALUES (4337208, 13, 'foobar', 'foobar')
	Insert on sbtest3  (cost=0.00..0.01 rows=0 width=0)
	  ->  Result  (cost=0.00..0.01 rows=1 width=736)

table 4 : explain INSERT INTO sbtest4 (id, k, c, pad) VALUES (5822604, 13, 'foobar', 'foobar')
	Insert on sbtest4  (cost=0.00..0.01 rows=0 width=0)
	  ->  Result  (cost=0.00..0.01 rows=1 width=736)

table 5 : explain INSERT INTO sbtest5 (id, k, c, pad) VALUES (7598020, 13, 'foobar', 'foobar')
	Insert on sbtest5  (cost=0.00..0.01 rows=0 width=0)
	  ->  Result  (cost=0.00..0.01 rows=1 width=736)

table 6 : explain INSERT INTO sbtest6 (id, k, c, pad) VALUES (1969911, 13, 'foobar', 'foobar')
	Insert on sbtest6  (cost=0.00..0.01 rows=0 width=0)
	  ->  Result  (cost=0.00..0.01 rows=1 width=736)

table 7 : explain INSERT INTO sbtest7 (id, k, c, pad) VALUES (8373659, 13, 'foobar', 'foobar')
	Insert on sbtest7  (cost=0.00..0.01 rows=0 width=0)
	  ->  Result  (cost=0.00..0.01 rows=1 width=736)

table 8 : explain INSERT INTO sbtest8 (id, k, c, pad) VALUES (776262, 13, 'foobar', 'foobar')
	Insert on sbtest8  (cost=0.00..0.01 rows=0 width=0)
	  ->  Result  (cost=0.00..0.01 rows=1 width=736)

for point_selects
table 1 : explain SELECT c FROM sbtest1 WHERE id=4398604
	Index Scan using sbtest1_pkey on sbtest1  (cost=0.43..8.45 rows=1 width=121)
	  Index Cond: (id = 4398604)

table 2 : explain SELECT c FROM sbtest2 WHERE id=4440867
	Index Scan using sbtest2_pkey on sbtest2  (cost=0.43..8.45 rows=1 width=121)
	  Index Cond: (id = 4440867)

table 3 : explain SELECT c FROM sbtest3 WHERE id=6412559
	Index Scan using sbtest3_pkey on sbtest3  (cost=0.43..8.45 rows=1 width=121)
	  Index Cond: (id = 6412559)

table 4 : explain SELECT c FROM sbtest4 WHERE id=4070936
	Index Scan using sbtest4_pkey on sbtest4  (cost=0.43..8.45 rows=1 width=121)
	  Index Cond: (id = 4070936)

table 5 : explain SELECT c FROM sbtest5 WHERE id=3453457
	Index Scan using sbtest5_pkey on sbtest5  (cost=0.43..8.45 rows=1 width=121)
	  Index Cond: (id = 3453457)

table 6 : explain SELECT c FROM sbtest6 WHERE id=7906271
	Index Scan using sbtest6_pkey on sbtest6  (cost=0.43..8.45 rows=1 width=121)
	  Index Cond: (id = 7906271)

table 7 : explain SELECT c FROM sbtest7 WHERE id=2907533
	Index Scan using sbtest7_pkey on sbtest7  (cost=0.43..8.45 rows=1 width=121)
	  Index Cond: (id = 2907533)

table 8 : explain SELECT c FROM sbtest8 WHERE id=5737729
	Index Scan using sbtest8_pkey on sbtest8  (cost=0.43..8.45 rows=1 width=121)
	  Index Cond: (id = 5737729)

for non_index_updates
table 1 : explain UPDATE sbtest1 SET c='foobar' WHERE id=2431939
	Update on sbtest1  (cost=0.43..8.45 rows=0 width=0)
	  ->  Index Scan using sbtest1_pkey on sbtest1  (cost=0.43..8.45 rows=1 width=490)
	        Index Cond: (id = 2431939)

table 2 : explain UPDATE sbtest2 SET c='foobar' WHERE id=489364
	Update on sbtest2  (cost=0.43..8.45 rows=0 width=0)
	  ->  Index Scan using sbtest2_pkey on sbtest2  (cost=0.43..8.45 rows=1 width=490)
	        Index Cond: (id = 489364)

table 3 : explain UPDATE sbtest3 SET c='foobar' WHERE id=9626459
	Update on sbtest3  (cost=0.43..8.45 rows=0 width=0)
	  ->  Index Scan using sbtest3_pkey on sbtest3  (cost=0.43..8.45 rows=1 width=490)
	        Index Cond: (id = 9626459)

table 4 : explain UPDATE sbtest4 SET c='foobar' WHERE id=3310598
	Update on sbtest4  (cost=0.43..8.45 rows=0 width=0)
	  ->  Index Scan using sbtest4_pkey on sbtest4  (cost=0.43..8.45 rows=1 width=490)
	        Index Cond: (id = 3310598)

table 5 : explain UPDATE sbtest5 SET c='foobar' WHERE id=1510365
	Update on sbtest5  (cost=0.43..8.45 rows=0 width=0)
	  ->  Index Scan using sbtest5_pkey on sbtest5  (cost=0.43..8.45 rows=1 width=490)
	        Index Cond: (id = 1510365)

table 6 : explain UPDATE sbtest6 SET c='foobar' WHERE id=7407382
	Update on sbtest6  (cost=0.43..8.45 rows=0 width=0)
	  ->  Index Scan using sbtest6_pkey on sbtest6  (cost=0.43..8.45 rows=1 width=490)
	        Index Cond: (id = 7407382)

table 7 : explain UPDATE sbtest7 SET c='foobar' WHERE id=9737536
	Update on sbtest7  (cost=0.43..8.45 rows=0 width=0)
	  ->  Index Scan using sbtest7_pkey on sbtest7  (cost=0.43..8.45 rows=1 width=490)
	        Index Cond: (id = 9737536)

table 8 : explain UPDATE sbtest8 SET c='foobar' WHERE id=4537044
	Update on sbtest8  (cost=0.43..8.45 rows=0 width=0)
	  ->  Index Scan using sbtest8_pkey on sbtest8  (cost=0.43..8.45 rows=1 width=490)
	        Index Cond: (id = 4537044)

for point_selects
table 1 : explain SELECT c FROM sbtest1 WHERE id=9261234
	Index Scan using sbtest1_pkey on sbtest1  (cost=0.43..8.45 rows=1 width=121)
	  Index Cond: (id = 9261234)

table 2 : explain SELECT c FROM sbtest2 WHERE id=9530753
	Index Scan using sbtest2_pkey on sbtest2  (cost=0.43..8.45 rows=1 width=121)
	  Index Cond: (id = 9530753)

table 3 : explain SELECT c FROM sbtest3 WHERE id=4341197
	Index Scan using sbtest3_pkey on sbtest3  (cost=0.43..8.45 rows=1 width=121)
	  Index Cond: (id = 4341197)

table 4 : explain SELECT c FROM sbtest4 WHERE id=7164210
	Index Scan using sbtest4_pkey on sbtest4  (cost=0.43..8.45 rows=1 width=121)
	  Index Cond: (id = 7164210)

table 5 : explain SELECT c FROM sbtest5 WHERE id=1731098
	Index Scan using sbtest5_pkey on sbtest5  (cost=0.43..8.45 rows=1 width=121)
	  Index Cond: (id = 1731098)

table 6 : explain SELECT c FROM sbtest6 WHERE id=7355307
	Index Scan using sbtest6_pkey on sbtest6  (cost=0.43..8.45 rows=1 width=121)
	  Index Cond: (id = 7355307)

table 7 : explain SELECT c FROM sbtest7 WHERE id=6535768
	Index Scan using sbtest7_pkey on sbtest7  (cost=0.43..8.45 rows=1 width=121)
	  Index Cond: (id = 6535768)

table 8 : explain SELECT c FROM sbtest8 WHERE id=8459915
	Index Scan using sbtest8_pkey on sbtest8  (cost=0.43..8.45 rows=1 width=121)
	  Index Cond: (id = 8459915)

for: simple_ranges
table 1 : explain SELECT c FROM sbtest1 WHERE id BETWEEN 9490683 AND 9490692
	Index Scan using sbtest1_pkey on sbtest1  (cost=0.43..41.00 rows=10 width=121)
	  Index Cond: ((id >= 9490683) AND (id <= 9490692))

table 2 : explain SELECT c FROM sbtest2 WHERE id BETWEEN 7997350 AND 7997359
	Index Scan using sbtest2_pkey on sbtest2  (cost=0.43..40.94 rows=10 width=121)
	  Index Cond: ((id >= 7997350) AND (id <= 7997359))

table 3 : explain SELECT c FROM sbtest3 WHERE id BETWEEN 6499978 AND 6499987
	Index Scan using sbtest3_pkey on sbtest3  (cost=0.43..40.55 rows=10 width=121)
	  Index Cond: ((id >= 6499978) AND (id <= 6499987))

table 4 : explain SELECT c FROM sbtest4 WHERE id BETWEEN 6336880 AND 6336889
	Index Scan using sbtest4_pkey on sbtest4  (cost=0.43..40.60 rows=10 width=121)
	  Index Cond: ((id >= 6336880) AND (id <= 6336889))

table 5 : explain SELECT c FROM sbtest5 WHERE id BETWEEN 609200 AND 609209
	Index Scan using sbtest5_pkey on sbtest5  (cost=0.43..40.61 rows=10 width=121)
	  Index Cond: ((id >= 609200) AND (id <= 609209))

table 6 : explain SELECT c FROM sbtest6 WHERE id BETWEEN 1179436 AND 1179445
	Index Scan using sbtest6_pkey on sbtest6  (cost=0.43..37.06 rows=9 width=121)
	  Index Cond: ((id >= 1179436) AND (id <= 1179445))

table 7 : explain SELECT c FROM sbtest7 WHERE id BETWEEN 9565548 AND 9565557
	Index Scan using sbtest7_pkey on sbtest7  (cost=0.43..40.46 rows=10 width=121)
	  Index Cond: ((id >= 9565548) AND (id <= 9565557))

table 8 : explain SELECT c FROM sbtest8 WHERE id BETWEEN 8213307 AND 8213316
	Index Scan using sbtest8_pkey on sbtest8  (cost=0.43..37.36 rows=9 width=121)
	  Index Cond: ((id >= 8213307) AND (id <= 8213316))

explain: for deletes :: explain DELETE FROM sbtest%u WHERE id=%u
for deletes
table 1 : explain DELETE FROM sbtest1 WHERE id=6784630
	Delete on sbtest1  (cost=0.43..8.45 rows=0 width=0)
	  ->  Index Scan using sbtest1_pkey on sbtest1  (cost=0.43..8.45 rows=1 width=6)
	        Index Cond: (id = 6784630)

table 2 : explain DELETE FROM sbtest2 WHERE id=2317925
	Delete on sbtest2  (cost=0.43..8.45 rows=0 width=0)
	  ->  Index Scan using sbtest2_pkey on sbtest2  (cost=0.43..8.45 rows=1 width=6)
	        Index Cond: (id = 2317925)

table 3 : explain DELETE FROM sbtest3 WHERE id=6753835
	Delete on sbtest3  (cost=0.43..8.45 rows=0 width=0)
	  ->  Index Scan using sbtest3_pkey on sbtest3  (cost=0.43..8.45 rows=1 width=6)
	        Index Cond: (id = 6753835)

table 4 : explain DELETE FROM sbtest4 WHERE id=8766625
	Delete on sbtest4  (cost=0.43..8.45 rows=0 width=0)
	  ->  Index Scan using sbtest4_pkey on sbtest4  (cost=0.43..8.45 rows=1 width=6)
	        Index Cond: (id = 8766625)

table 5 : explain DELETE FROM sbtest5 WHERE id=8640627
	Delete on sbtest5  (cost=0.43..8.45 rows=0 width=0)
	  ->  Index Scan using sbtest5_pkey on sbtest5  (cost=0.43..8.45 rows=1 width=6)
	        Index Cond: (id = 8640627)

table 6 : explain DELETE FROM sbtest6 WHERE id=1102283
	Delete on sbtest6  (cost=0.43..8.45 rows=0 width=0)
	  ->  Index Scan using sbtest6_pkey on sbtest6  (cost=0.43..8.45 rows=1 width=6)
	        Index Cond: (id = 1102283)

table 7 : explain DELETE FROM sbtest7 WHERE id=5657883
	Delete on sbtest7  (cost=0.43..8.45 rows=0 width=0)
	  ->  Index Scan using sbtest7_pkey on sbtest7  (cost=0.43..8.45 rows=1 width=6)
	        Index Cond: (id = 5657883)

table 8 : explain DELETE FROM sbtest8 WHERE id=2337722
	Delete on sbtest8  (cost=0.43..8.45 rows=0 width=0)
	  ->  Index Scan using sbtest8_pkey on sbtest8  (cost=0.43..8.45 rows=1 width=6)
	        Index Cond: (id = 2337722)

explain: for point_selects :: explain SELECT c FROM sbtest%u WHERE id=%u
explain: for point_selects :: explain SELECT c FROM sbtest%u WHERE id=%u
explain: for point_selects :: explain SELECT c FROM sbtest%u WHERE id=%u
for point_selects
table 1 : explain SELECT c FROM sbtest1 WHERE id=2924704
	Index Scan using sbtest1_pkey on sbtest1  (cost=0.43..8.45 rows=1 width=121)
	  Index Cond: (id = 2924704)

table 2 : explain SELECT c FROM sbtest2 WHERE id=4951820
	Index Scan using sbtest2_pkey on sbtest2  (cost=0.43..8.45 rows=1 width=121)
	  Index Cond: (id = 4951820)

table 3 : explain SELECT c FROM sbtest3 WHERE id=3949093
	Index Scan using sbtest3_pkey on sbtest3  (cost=0.43..8.45 rows=1 width=121)
	  Index Cond: (id = 3949093)

table 4 : explain SELECT c FROM sbtest4 WHERE id=2016987
	Index Scan using sbtest4_pkey on sbtest4  (cost=0.43..8.45 rows=1 width=121)
	  Index Cond: (id = 2016987)

table 5 : explain SELECT c FROM sbtest5 WHERE id=6923511
	Index Scan using sbtest5_pkey on sbtest5  (cost=0.43..8.45 rows=1 width=121)
	  Index Cond: (id = 6923511)

table 6 : explain SELECT c FROM sbtest6 WHERE id=2438885
	Index Scan using sbtest6_pkey on sbtest6  (cost=0.43..8.45 rows=1 width=121)
	  Index Cond: (id = 2438885)

table 7 : explain SELECT c FROM sbtest7 WHERE id=8601531
	Index Scan using sbtest7_pkey on sbtest7  (cost=0.43..8.45 rows=1 width=121)
	  Index Cond: (id = 8601531)

table 8 : explain SELECT c FROM sbtest8 WHERE id=2500599
	Index Scan using sbtest8_pkey on sbtest8  (cost=0.43..8.45 rows=1 width=121)
	  Index Cond: (id = 2500599)

for: simple_ranges
table 1 : explain SELECT c FROM sbtest1 WHERE id BETWEEN 7248453 AND 7248462
	Index Scan using sbtest1_pkey on sbtest1  (cost=0.43..37.38 rows=9 width=121)
	  Index Cond: ((id >= 7248453) AND (id <= 7248462))

table 2 : explain SELECT c FROM sbtest2 WHERE id BETWEEN 5653247 AND 5653256
	Index Scan using sbtest2_pkey on sbtest2  (cost=0.43..40.94 rows=10 width=121)
	  Index Cond: ((id >= 5653247) AND (id <= 5653256))

table 3 : explain SELECT c FROM sbtest3 WHERE id BETWEEN 178275 AND 178284
	Index Scan using sbtest3_pkey on sbtest3  (cost=0.43..40.55 rows=10 width=121)
	  Index Cond: ((id >= 178275) AND (id <= 178284))

table 4 : explain SELECT c FROM sbtest4 WHERE id BETWEEN 5391081 AND 5391090
	Index Scan using sbtest4_pkey on sbtest4  (cost=0.43..44.18 rows=11 width=121)
	  Index Cond: ((id >= 5391081) AND (id <= 5391090))

table 5 : explain SELECT c FROM sbtest5 WHERE id BETWEEN 7374802 AND 7374811
	Index Scan using sbtest5_pkey on sbtest5  (cost=0.43..40.61 rows=10 width=121)
	  Index Cond: ((id >= 7374802) AND (id <= 7374811))

table 6 : explain SELECT c FROM sbtest6 WHERE id BETWEEN 3463570 AND 3463579
	Index Scan using sbtest6_pkey on sbtest6  (cost=0.43..44.21 rows=11 width=121)
	  Index Cond: ((id >= 3463570) AND (id <= 3463579))

table 7 : explain SELECT c FROM sbtest7 WHERE id BETWEEN 3198008 AND 3198017
	Index Scan using sbtest7_pkey on sbtest7  (cost=0.43..44.02 rows=11 width=121)
	  Index Cond: ((id >= 3198008) AND (id <= 3198017))

table 8 : explain SELECT c FROM sbtest8 WHERE id BETWEEN 7252374 AND 7252383
	Index Scan using sbtest8_pkey on sbtest8  (cost=0.43..44.59 rows=11 width=121)
	  Index Cond: ((id >= 7252374) AND (id <= 7252383))

for: sum_ranges
table 1 : explain SELECT SUM(k) FROM sbtest1 WHERE id BETWEEN 5627025 AND 5627034
	Aggregate  (cost=37.40..37.41 rows=1 width=8)
	  ->  Index Scan using sbtest1_pkey on sbtest1  (cost=0.43..37.38 rows=9 width=4)
	        Index Cond: ((id >= 5627025) AND (id <= 5627034))

table 2 : explain SELECT SUM(k) FROM sbtest2 WHERE id BETWEEN 262156 AND 262165
	Aggregate  (cost=40.97..40.98 rows=1 width=8)
	  ->  Index Scan using sbtest2_pkey on sbtest2  (cost=0.43..40.94 rows=10 width=4)
	        Index Cond: ((id >= 262156) AND (id <= 262165))

table 3 : explain SELECT SUM(k) FROM sbtest3 WHERE id BETWEEN 225106 AND 225115
	Aggregate  (cost=40.57..40.58 rows=1 width=8)
	  ->  Index Scan using sbtest3_pkey on sbtest3  (cost=0.43..40.55 rows=10 width=4)
	        Index Cond: ((id >= 225106) AND (id <= 225115))

table 4 : explain SELECT SUM(k) FROM sbtest4 WHERE id BETWEEN 9353777 AND 9353786
	Aggregate  (cost=40.63..40.64 rows=1 width=8)
	  ->  Index Scan using sbtest4_pkey on sbtest4  (cost=0.43..40.60 rows=10 width=4)
	        Index Cond: ((id >= 9353777) AND (id <= 9353786))

table 5 : explain SELECT SUM(k) FROM sbtest5 WHERE id BETWEEN 6252405 AND 6252414
	Aggregate  (cost=44.21..44.22 rows=1 width=8)
	  ->  Index Scan using sbtest5_pkey on sbtest5  (cost=0.43..44.18 rows=11 width=4)
	        Index Cond: ((id >= 6252405) AND (id <= 6252414))

table 6 : explain SELECT SUM(k) FROM sbtest6 WHERE id BETWEEN 9171816 AND 9171825
	Aggregate  (cost=40.66..40.67 rows=1 width=8)
	  ->  Index Scan using sbtest6_pkey on sbtest6  (cost=0.43..40.63 rows=10 width=4)
	        Index Cond: ((id >= 9171816) AND (id <= 9171825))

table 7 : explain SELECT SUM(k) FROM sbtest7 WHERE id BETWEEN 3723177 AND 3723186
	Aggregate  (cost=40.49..40.50 rows=1 width=8)
	  ->  Index Scan using sbtest7_pkey on sbtest7  (cost=0.43..40.46 rows=10 width=4)
	        Index Cond: ((id >= 3723177) AND (id <= 3723186))

table 8 : explain SELECT SUM(k) FROM sbtest8 WHERE id BETWEEN 3620352 AND 3620361
	Aggregate  (cost=41.00..41.01 rows=1 width=8)
	  ->  Index Scan using sbtest8_pkey on sbtest8  (cost=0.43..40.98 rows=10 width=4)
	        Index Cond: ((id >= 3620352) AND (id <= 3620361))

for: sum_ranges
table 1 : explain SELECT SUM(k) FROM sbtest1 WHERE id BETWEEN 6993296 AND 6993305
	Aggregate  (cost=48.26..48.27 rows=1 width=8)
	  ->  Index Scan using sbtest1_pkey on sbtest1  (cost=0.43..48.23 rows=12 width=4)
	        Index Cond: ((id >= 6993296) AND (id <= 6993305))

table 2 : explain SELECT SUM(k) FROM sbtest2 WHERE id BETWEEN 1293429 AND 1293438
	Aggregate  (cost=40.97..40.98 rows=1 width=8)
	  ->  Index Scan using sbtest2_pkey on sbtest2  (cost=0.43..40.94 rows=10 width=4)
	        Index Cond: ((id >= 1293429) AND (id <= 1293438))

table 3 : explain SELECT SUM(k) FROM sbtest3 WHERE id BETWEEN 9463649 AND 9463658
	Aggregate  (cost=40.57..40.58 rows=1 width=8)
	  ->  Index Scan using sbtest3_pkey on sbtest3  (cost=0.43..40.55 rows=10 width=4)
	        Index Cond: ((id >= 9463649) AND (id <= 9463658))

table 4 : explain SELECT SUM(k) FROM sbtest4 WHERE id BETWEEN 1603729 AND 1603738
	Aggregate  (cost=40.63..40.64 rows=1 width=8)
	  ->  Index Scan using sbtest4_pkey on sbtest4  (cost=0.43..40.60 rows=10 width=4)
	        Index Cond: ((id >= 1603729) AND (id <= 1603738))

table 5 : explain SELECT SUM(k) FROM sbtest5 WHERE id BETWEEN 128183 AND 128192
	Aggregate  (cost=37.06..37.07 rows=1 width=8)
	  ->  Index Scan using sbtest5_pkey on sbtest5  (cost=0.43..37.04 rows=9 width=4)
	        Index Cond: ((id >= 128183) AND (id <= 128192))

table 6 : explain SELECT SUM(k) FROM sbtest6 WHERE id BETWEEN 9816279 AND 9816288
	Aggregate  (cost=40.66..40.67 rows=1 width=8)
	  ->  Index Scan using sbtest6_pkey on sbtest6  (cost=0.43..40.63 rows=10 width=4)
	        Index Cond: ((id >= 9816279) AND (id <= 9816288))

table 7 : explain SELECT SUM(k) FROM sbtest7 WHERE id BETWEEN 8378757 AND 8378766
	Aggregate  (cost=40.49..40.50 rows=1 width=8)
	  ->  Index Scan using sbtest7_pkey on sbtest7  (cost=0.43..40.46 rows=10 width=4)
	        Index Cond: ((id >= 8378757) AND (id <= 8378766))

table 8 : explain SELECT SUM(k) FROM sbtest8 WHERE id BETWEEN 1559434 AND 1559443
	Aggregate  (cost=41.00..41.01 rows=1 width=8)
	  ->  Index Scan using sbtest8_pkey on sbtest8  (cost=0.43..40.98 rows=10 width=4)
	        Index Cond: ((id >= 1559434) AND (id <= 1559443))

for: simple_ranges
table 1 : explain SELECT c FROM sbtest1 WHERE id BETWEEN 4585808 AND 4585817
	Index Scan using sbtest1_pkey on sbtest1  (cost=0.43..41.00 rows=10 width=121)
	  Index Cond: ((id >= 4585808) AND (id <= 4585817))

table 2 : explain SELECT c FROM sbtest2 WHERE id BETWEEN 6216478 AND 6216487
	Index Scan using sbtest2_pkey on sbtest2  (cost=0.43..40.94 rows=10 width=121)
	  Index Cond: ((id >= 6216478) AND (id <= 6216487))

table 3 : explain SELECT c FROM sbtest3 WHERE id BETWEEN 7346872 AND 7346881
	Index Scan using sbtest3_pkey on sbtest3  (cost=0.43..44.11 rows=11 width=121)
	  Index Cond: ((id >= 7346872) AND (id <= 7346881))

table 4 : explain SELECT c FROM sbtest4 WHERE id BETWEEN 5076255 AND 5076264
	Index Scan using sbtest4_pkey on sbtest4  (cost=0.43..37.03 rows=9 width=121)
	  Index Cond: ((id >= 5076255) AND (id <= 5076264))

table 5 : explain SELECT c FROM sbtest5 WHERE id BETWEEN 6884509 AND 6884518
	Index Scan using sbtest5_pkey on sbtest5  (cost=0.43..40.61 rows=10 width=121)
	  Index Cond: ((id >= 6884509) AND (id <= 6884518))

table 6 : explain SELECT c FROM sbtest6 WHERE id BETWEEN 3836332 AND 3836341
	Index Scan using sbtest6_pkey on sbtest6  (cost=0.43..37.06 rows=9 width=121)
	  Index Cond: ((id >= 3836332) AND (id <= 3836341))

table 7 : explain SELECT c FROM sbtest7 WHERE id BETWEEN 9446059 AND 9446068
	Index Scan using sbtest7_pkey on sbtest7  (cost=0.43..44.02 rows=11 width=121)
	  Index Cond: ((id >= 9446059) AND (id <= 9446068))

table 8 : explain SELECT c FROM sbtest8 WHERE id BETWEEN 8663091 AND 8663100
	Index Scan using sbtest8_pkey on sbtest8  (cost=0.43..40.98 rows=10 width=121)
	  Index Cond: ((id >= 8663091) AND (id <= 8663100))

for: sum_ranges
table 1 : explain SELECT SUM(k) FROM sbtest1 WHERE id BETWEEN 7138338 AND 7138347
	Aggregate  (cost=41.02..41.03 rows=1 width=8)
	  ->  Index Scan using sbtest1_pkey on sbtest1  (cost=0.43..41.00 rows=10 width=4)
	        Index Cond: ((id >= 7138338) AND (id <= 7138347))

table 2 : explain SELECT SUM(k) FROM sbtest2 WHERE id BETWEEN 1494635 AND 1494644
	Aggregate  (cost=40.97..40.98 rows=1 width=8)
	  ->  Index Scan using sbtest2_pkey on sbtest2  (cost=0.43..40.94 rows=10 width=4)
	        Index Cond: ((id >= 1494635) AND (id <= 1494644))

table 3 : explain SELECT SUM(k) FROM sbtest3 WHERE id BETWEEN 9679530 AND 9679539
	Aggregate  (cost=40.57..40.58 rows=1 width=8)
	  ->  Index Scan using sbtest3_pkey on sbtest3  (cost=0.43..40.55 rows=10 width=4)
	        Index Cond: ((id >= 9679530) AND (id <= 9679539))

table 4 : explain SELECT SUM(k) FROM sbtest4 WHERE id BETWEEN 7868088 AND 7868097
	Aggregate  (cost=40.63..40.64 rows=1 width=8)
	  ->  Index Scan using sbtest4_pkey on sbtest4  (cost=0.43..40.60 rows=10 width=4)
	        Index Cond: ((id >= 7868088) AND (id <= 7868097))

table 5 : explain SELECT SUM(k) FROM sbtest5 WHERE id BETWEEN 1575527 AND 1575536
	Aggregate  (cost=40.63..40.64 rows=1 width=8)
	  ->  Index Scan using sbtest5_pkey on sbtest5  (cost=0.43..40.61 rows=10 width=4)
	        Index Cond: ((id >= 1575527) AND (id <= 1575536))

table 6 : explain SELECT SUM(k) FROM sbtest6 WHERE id BETWEEN 2154356 AND 2154365
	Aggregate  (cost=40.66..40.67 rows=1 width=8)
	  ->  Index Scan using sbtest6_pkey on sbtest6  (cost=0.43..40.63 rows=10 width=4)
	        Index Cond: ((id >= 2154356) AND (id <= 2154365))

table 7 : explain SELECT SUM(k) FROM sbtest7 WHERE id BETWEEN 72207 AND 72216
	Aggregate  (cost=44.05..44.06 rows=1 width=8)
	  ->  Index Scan using sbtest7_pkey on sbtest7  (cost=0.43..44.02 rows=11 width=4)
	        Index Cond: ((id >= 72207) AND (id <= 72216))

table 8 : explain SELECT SUM(k) FROM sbtest8 WHERE id BETWEEN 3133876 AND 3133885
	Aggregate  (cost=41.00..41.01 rows=1 width=8)
	  ->  Index Scan using sbtest8_pkey on sbtest8  (cost=0.43..40.98 rows=10 width=4)
	        Index Cond: ((id >= 3133876) AND (id <= 3133885))

for point_selects
table 1 : explain SELECT c FROM sbtest1 WHERE id=3279793
	Index Scan using sbtest1_pkey on sbtest1  (cost=0.43..8.45 rows=1 width=121)
	  Index Cond: (id = 3279793)

table 2 : explain SELECT c FROM sbtest2 WHERE id=7956246
	Index Scan using sbtest2_pkey on sbtest2  (cost=0.43..8.45 rows=1 width=121)
	  Index Cond: (id = 7956246)

table 3 : explain SELECT c FROM sbtest3 WHERE id=1757726
	Index Scan using sbtest3_pkey on sbtest3  (cost=0.43..8.45 rows=1 width=121)
	  Index Cond: (id = 1757726)

table 4 : explain SELECT c FROM sbtest4 WHERE id=4711024
	Index Scan using sbtest4_pkey on sbtest4  (cost=0.43..8.45 rows=1 width=121)
	  Index Cond: (id = 4711024)

table 5 : explain SELECT c FROM sbtest5 WHERE id=8381408
	Index Scan using sbtest5_pkey on sbtest5  (cost=0.43..8.45 rows=1 width=121)
	  Index Cond: (id = 8381408)

table 6 : explain SELECT c FROM sbtest6 WHERE id=3450504
	Index Scan using sbtest6_pkey on sbtest6  (cost=0.43..8.45 rows=1 width=121)
	  Index Cond: (id = 3450504)

table 7 : explain SELECT c FROM sbtest7 WHERE id=6719423
	Index Scan using sbtest7_pkey on sbtest7  (cost=0.43..8.45 rows=1 width=121)
	  Index Cond: (id = 6719423)

table 8 : explain SELECT c FROM sbtest8 WHERE id=9924142
	Index Scan using sbtest8_pkey on sbtest8  (cost=0.43..8.45 rows=1 width=121)
	  Index Cond: (id = 9924142)

for: order_ranges
table 1 : explain SELECT c FROM sbtest1 WHERE id BETWEEN 978085 AND 978094 ORDER BY c
	Sort  (cost=41.16..41.19 rows=10 width=121)
	  Sort Key: c
	  ->  Index Scan using sbtest1_pkey on sbtest1  (cost=0.43..41.00 rows=10 width=121)
	        Index Cond: ((id >= 978085) AND (id <= 978094))

table 2 : explain SELECT c FROM sbtest2 WHERE id BETWEEN 9891449 AND 9891458 ORDER BY c
	Sort  (cost=44.74..44.77 rows=11 width=121)
	  Sort Key: c
	  ->  Index Scan using sbtest2_pkey on sbtest2  (cost=0.43..44.55 rows=11 width=121)
	        Index Cond: ((id >= 9891449) AND (id <= 9891458))

table 3 : explain SELECT c FROM sbtest3 WHERE id BETWEEN 6150840 AND 6150849 ORDER BY c
	Sort  (cost=40.71..40.74 rows=10 width=121)
	  Sort Key: c
	  ->  Index Scan using sbtest3_pkey on sbtest3  (cost=0.43..40.55 rows=10 width=121)
	        Index Cond: ((id >= 6150840) AND (id <= 6150849))

table 4 : explain SELECT c FROM sbtest4 WHERE id BETWEEN 3651345 AND 3651354 ORDER BY c
	Sort  (cost=40.77..40.79 rows=10 width=121)
	  Sort Key: c
	  ->  Index Scan using sbtest4_pkey on sbtest4  (cost=0.43..40.60 rows=10 width=121)
	        Index Cond: ((id >= 3651345) AND (id <= 3651354))

table 5 : explain SELECT c FROM sbtest5 WHERE id BETWEEN 5921239 AND 5921248 ORDER BY c
	Sort  (cost=40.78..40.80 rows=10 width=121)
	  Sort Key: c
	  ->  Index Scan using sbtest5_pkey on sbtest5  (cost=0.43..40.61 rows=10 width=121)
	        Index Cond: ((id >= 5921239) AND (id <= 5921248))

table 6 : explain SELECT c FROM sbtest6 WHERE id BETWEEN 253029 AND 253038 ORDER BY c
	Sort  (cost=40.80..40.82 rows=10 width=121)
	  Sort Key: c
	  ->  Index Scan using sbtest6_pkey on sbtest6  (cost=0.43..40.63 rows=10 width=121)
	        Index Cond: ((id >= 253029) AND (id <= 253038))

table 7 : explain SELECT c FROM sbtest7 WHERE id BETWEEN 3542378 AND 3542387 ORDER BY c
	Sort  (cost=40.63..40.65 rows=10 width=121)
	  Sort Key: c
	  ->  Index Scan using sbtest7_pkey on sbtest7  (cost=0.43..40.46 rows=10 width=121)
	        Index Cond: ((id >= 3542378) AND (id <= 3542387))

table 8 : explain SELECT c FROM sbtest8 WHERE id BETWEEN 84253 AND 84262 ORDER BY c
	Sort  (cost=44.78..44.81 rows=11 width=121)
	  Sort Key: c
	  ->  Index Scan using sbtest8_pkey on sbtest8  (cost=0.43..44.59 rows=11 width=121)
	        Index Cond: ((id >= 84253) AND (id <= 84262))

for: simple_ranges
table 1 : explain SELECT c FROM sbtest1 WHERE id BETWEEN 4920368 AND 4920377
	Index Scan using sbtest1_pkey on sbtest1  (cost=0.43..44.61 rows=11 width=121)
	  Index Cond: ((id >= 4920368) AND (id <= 4920377))

table 2 : explain SELECT c FROM sbtest2 WHERE id BETWEEN 4816930 AND 4816939
	Index Scan using sbtest2_pkey on sbtest2  (cost=0.43..37.33 rows=9 width=121)
	  Index Cond: ((id >= 4816930) AND (id <= 4816939))

table 3 : explain SELECT c FROM sbtest3 WHERE id BETWEEN 2416684 AND 2416693
	Index Scan using sbtest3_pkey on sbtest3  (cost=0.43..36.98 rows=9 width=121)
	  Index Cond: ((id >= 2416684) AND (id <= 2416693))

table 4 : explain SELECT c FROM sbtest4 WHERE id BETWEEN 6246778 AND 6246787
	Index Scan using sbtest4_pkey on sbtest4  (cost=0.43..40.60 rows=10 width=121)
	  Index Cond: ((id >= 6246778) AND (id <= 6246787))

table 5 : explain SELECT c FROM sbtest5 WHERE id BETWEEN 4591737 AND 4591746
	Index Scan using sbtest5_pkey on sbtest5  (cost=0.43..40.61 rows=10 width=121)
	  Index Cond: ((id >= 4591737) AND (id <= 4591746))

table 6 : explain SELECT c FROM sbtest6 WHERE id BETWEEN 2126246 AND 2126255
	Index Scan using sbtest6_pkey on sbtest6  (cost=0.43..40.63 rows=10 width=121)
	  Index Cond: ((id >= 2126246) AND (id <= 2126255))

table 7 : explain SELECT c FROM sbtest7 WHERE id BETWEEN 6717873 AND 6717882
	Index Scan using sbtest7_pkey on sbtest7  (cost=0.43..40.46 rows=10 width=121)
	  Index Cond: ((id >= 6717873) AND (id <= 6717882))

table 8 : explain SELECT c FROM sbtest8 WHERE id BETWEEN 3004303 AND 3004312
	Index Scan using sbtest8_pkey on sbtest8  (cost=0.43..40.98 rows=10 width=121)
	  Index Cond: ((id >= 3004303) AND (id <= 3004312))

explain: for point_selects :: explain SELECT c FROM sbtest%u WHERE id=%u
for: sum_ranges
table 1 : explain SELECT SUM(k) FROM sbtest1 WHERE id BETWEEN 6440354 AND 6440363
	Aggregate  (cost=37.40..37.41 rows=1 width=8)
	  ->  Index Scan using sbtest1_pkey on sbtest1  (cost=0.43..37.38 rows=9 width=4)
	        Index Cond: ((id >= 6440354) AND (id <= 6440363))

table 2 : explain SELECT SUM(k) FROM sbtest2 WHERE id BETWEEN 912603 AND 912612
	Aggregate  (cost=44.58..44.59 rows=1 width=8)
	  ->  Index Scan using sbtest2_pkey on sbtest2  (cost=0.43..44.55 rows=11 width=4)
	        Index Cond: ((id >= 912603) AND (id <= 912612))

table 3 : explain SELECT SUM(k) FROM sbtest3 WHERE id BETWEEN 2455603 AND 2455612
	Aggregate  (cost=37.00..37.01 rows=1 width=8)
	  ->  Index Scan using sbtest3_pkey on sbtest3  (cost=0.43..36.98 rows=9 width=4)
	        Index Cond: ((id >= 2455603) AND (id <= 2455612))

table 4 : explain SELECT SUM(k) FROM sbtest4 WHERE id BETWEEN 6919656 AND 6919665
	Aggregate  (cost=40.63..40.64 rows=1 width=8)
	  ->  Index Scan using sbtest4_pkey on sbtest4  (cost=0.43..40.60 rows=10 width=4)
	        Index Cond: ((id >= 6919656) AND (id <= 6919665))

table 5 : explain SELECT SUM(k) FROM sbtest5 WHERE id BETWEEN 9992768 AND 9992777
	Aggregate  (cost=40.63..40.64 rows=1 width=8)
	  ->  Index Scan using sbtest5_pkey on sbtest5  (cost=0.43..40.61 rows=10 width=4)
	        Index Cond: ((id >= 9992768) AND (id <= 9992777))

table 6 : explain SELECT SUM(k) FROM sbtest6 WHERE id BETWEEN 8912298 AND 8912307
	Aggregate  (cost=37.08..37.09 rows=1 width=8)
	  ->  Index Scan using sbtest6_pkey on sbtest6  (cost=0.43..37.06 rows=9 width=4)
	        Index Cond: ((id >= 8912298) AND (id <= 8912307))

table 7 : explain SELECT SUM(k) FROM sbtest7 WHERE id BETWEEN 2571739 AND 2571748
	Aggregate  (cost=40.49..40.50 rows=1 width=8)
	  ->  Index Scan using sbtest7_pkey on sbtest7  (cost=0.43..40.46 rows=10 width=4)
	        Index Cond: ((id >= 2571739) AND (id <= 2571748))

table 8 : explain SELECT SUM(k) FROM sbtest8 WHERE id BETWEEN 6449433 AND 6449442
	Aggregate  (cost=41.00..41.01 rows=1 width=8)
	  ->  Index Scan using sbtest8_pkey on sbtest8  (cost=0.43..40.98 rows=10 width=4)
	        Index Cond: ((id >= 6449433) AND (id <= 6449442))

explain: for point_selects :: explain SELECT c FROM sbtest%u WHERE id=%u
for point_selects
table 1 : explain SELECT c FROM sbtest1 WHERE id=3380415
	Index Scan using sbtest1_pkey on sbtest1  (cost=0.43..8.45 rows=1 width=121)
	  Index Cond: (id = 3380415)

table 2 : explain SELECT c FROM sbtest2 WHERE id=6685059
	Index Scan using sbtest2_pkey on sbtest2  (cost=0.43..8.45 rows=1 width=121)
	  Index Cond: (id = 6685059)

table 3 : explain SELECT c FROM sbtest3 WHERE id=2351135
	Index Scan using sbtest3_pkey on sbtest3  (cost=0.43..8.45 rows=1 width=121)
	  Index Cond: (id = 2351135)

table 4 : explain SELECT c FROM sbtest4 WHERE id=4611850
	Index Scan using sbtest4_pkey on sbtest4  (cost=0.43..8.45 rows=1 width=121)
	  Index Cond: (id = 4611850)

table 5 : explain SELECT c FROM sbtest5 WHERE id=4309142
	Index Scan using sbtest5_pkey on sbtest5  (cost=0.43..8.45 rows=1 width=121)
	  Index Cond: (id = 4309142)

table 6 : explain SELECT c FROM sbtest6 WHERE id=7533533
	Index Scan using sbtest6_pkey on sbtest6  (cost=0.43..8.45 rows=1 width=121)
	  Index Cond: (id = 7533533)

table 7 : explain SELECT c FROM sbtest7 WHERE id=5650254
	Index Scan using sbtest7_pkey on sbtest7  (cost=0.43..8.45 rows=1 width=121)
	  Index Cond: (id = 5650254)

table 8 : explain SELECT c FROM sbtest8 WHERE id=1545932
	Index Scan using sbtest8_pkey on sbtest8  (cost=0.43..8.45 rows=1 width=121)
	  Index Cond: (id = 1545932)

explain: for point_selects :: explain SELECT c FROM sbtest%u WHERE id=%u
for: simple_ranges
table 1 : explain SELECT c FROM sbtest1 WHERE id BETWEEN 6219129 AND 6219138
	Index Scan using sbtest1_pkey on sbtest1  (cost=0.43..44.61 rows=11 width=121)
	  Index Cond: ((id >= 6219129) AND (id <= 6219138))

table 2 : explain SELECT c FROM sbtest2 WHERE id BETWEEN 4643266 AND 4643275
	Index Scan using sbtest2_pkey on sbtest2  (cost=0.43..40.94 rows=10 width=121)
	  Index Cond: ((id >= 4643266) AND (id <= 4643275))

table 3 : explain SELECT c FROM sbtest3 WHERE id BETWEEN 4225090 AND 4225099
	Index Scan using sbtest3_pkey on sbtest3  (cost=0.43..40.55 rows=10 width=121)
	  Index Cond: ((id >= 4225090) AND (id <= 4225099))

table 4 : explain SELECT c FROM sbtest4 WHERE id BETWEEN 815866 AND 815875
	Index Scan using sbtest4_pkey on sbtest4  (cost=0.43..37.03 rows=9 width=121)
	  Index Cond: ((id >= 815866) AND (id <= 815875))

table 5 : explain SELECT c FROM sbtest5 WHERE id BETWEEN 9653564 AND 9653573
	Index Scan using sbtest5_pkey on sbtest5  (cost=0.43..40.61 rows=10 width=121)
	  Index Cond: ((id >= 9653564) AND (id <= 9653573))

table 6 : explain SELECT c FROM sbtest6 WHERE id BETWEEN 1258283 AND 1258292
	Index Scan using sbtest6_pkey on sbtest6  (cost=0.43..37.06 rows=9 width=121)
	  Index Cond: ((id >= 1258283) AND (id <= 1258292))

table 7 : explain SELECT c FROM sbtest7 WHERE id BETWEEN 2338264 AND 2338273
	Index Scan using sbtest7_pkey on sbtest7  (cost=0.43..40.46 rows=10 width=121)
	  Index Cond: ((id >= 2338264) AND (id <= 2338273))

table 8 : explain SELECT c FROM sbtest8 WHERE id BETWEEN 4082891 AND 4082900
	Index Scan using sbtest8_pkey on sbtest8  (cost=0.43..44.59 rows=11 width=121)
	  Index Cond: ((id >= 4082891) AND (id <= 4082900))

explain: for point_selects :: explain SELECT c FROM sbtest%u WHERE id=%u
for point_selects
table 1 : explain SELECT c FROM sbtest1 WHERE id=9576840
	Index Scan using sbtest1_pkey on sbtest1  (cost=0.43..8.45 rows=1 width=121)
	  Index Cond: (id = 9576840)

table 2 : explain SELECT c FROM sbtest2 WHERE id=2427933
	Index Scan using sbtest2_pkey on sbtest2  (cost=0.43..8.45 rows=1 width=121)
	  Index Cond: (id = 2427933)

table 3 : explain SELECT c FROM sbtest3 WHERE id=7327572
	Index Scan using sbtest3_pkey on sbtest3  (cost=0.43..8.45 rows=1 width=121)
	  Index Cond: (id = 7327572)

table 4 : explain SELECT c FROM sbtest4 WHERE id=3245614
	Index Scan using sbtest4_pkey on sbtest4  (cost=0.43..8.45 rows=1 width=121)
	  Index Cond: (id = 3245614)

table 5 : explain SELECT c FROM sbtest5 WHERE id=5674063
	Index Scan using sbtest5_pkey on sbtest5  (cost=0.43..8.45 rows=1 width=121)
	  Index Cond: (id = 5674063)

table 6 : explain SELECT c FROM sbtest6 WHERE id=7744673
	Index Scan using sbtest6_pkey on sbtest6  (cost=0.43..8.45 rows=1 width=121)
	  Index Cond: (id = 7744673)

table 7 : explain SELECT c FROM sbtest7 WHERE id=1789222
	Index Scan using sbtest7_pkey on sbtest7  (cost=0.43..8.45 rows=1 width=121)
	  Index Cond: (id = 1789222)

table 8 : explain SELECT c FROM sbtest8 WHERE id=2252565
	Index Scan using sbtest8_pkey on sbtest8  (cost=0.43..8.45 rows=1 width=121)
	  Index Cond: (id = 2252565)

for: simple_ranges
table 1 : explain SELECT c FROM sbtest1 WHERE id BETWEEN 2404338 AND 2404347
	Index Scan using sbtest1_pkey on sbtest1  (cost=0.43..37.38 rows=9 width=121)
	  Index Cond: ((id >= 2404338) AND (id <= 2404347))

table 2 : explain SELECT c FROM sbtest2 WHERE id BETWEEN 3821800 AND 3821809
	Index Scan using sbtest2_pkey on sbtest2  (cost=0.43..44.55 rows=11 width=121)
	  Index Cond: ((id >= 3821800) AND (id <= 3821809))

table 3 : explain SELECT c FROM sbtest3 WHERE id BETWEEN 5661444 AND 5661453
	Index Scan using sbtest3_pkey on sbtest3  (cost=0.43..36.98 rows=9 width=121)
	  Index Cond: ((id >= 5661444) AND (id <= 5661453))

table 4 : explain SELECT c FROM sbtest4 WHERE id BETWEEN 1455799 AND 1455808
	Index Scan using sbtest4_pkey on sbtest4  (cost=0.43..40.60 rows=10 width=121)
	  Index Cond: ((id >= 1455799) AND (id <= 1455808))

table 5 : explain SELECT c FROM sbtest5 WHERE id BETWEEN 1113139 AND 1113148
	Index Scan using sbtest5_pkey on sbtest5  (cost=0.43..40.61 rows=10 width=121)
	  Index Cond: ((id >= 1113139) AND (id <= 1113148))

table 6 : explain SELECT c FROM sbtest6 WHERE id BETWEEN 8502182 AND 8502191
	Index Scan using sbtest6_pkey on sbtest6  (cost=0.43..40.63 rows=10 width=121)
	  Index Cond: ((id >= 8502182) AND (id <= 8502191))

table 7 : explain SELECT c FROM sbtest7 WHERE id BETWEEN 9334557 AND 9334566
	Index Scan using sbtest7_pkey on sbtest7  (cost=0.43..44.02 rows=11 width=121)
	  Index Cond: ((id >= 9334557) AND (id <= 9334566))

table 8 : explain SELECT c FROM sbtest8 WHERE id BETWEEN 4021763 AND 4021772
	Index Scan using sbtest8_pkey on sbtest8  (cost=0.43..37.36 rows=9 width=121)
	  Index Cond: ((id >= 4021763) AND (id <= 4021772))

explain: for point_selects :: explain SELECT c FROM sbtest%u WHERE id=%u
for: sum_ranges
table 1 : explain SELECT SUM(k) FROM sbtest1 WHERE id BETWEEN 2533185 AND 2533194
	Aggregate  (cost=37.40..37.41 rows=1 width=8)
	  ->  Index Scan using sbtest1_pkey on sbtest1  (cost=0.43..37.38 rows=9 width=4)
	        Index Cond: ((id >= 2533185) AND (id <= 2533194))

table 2 : explain SELECT SUM(k) FROM sbtest2 WHERE id BETWEEN 889780 AND 889789
	Aggregate  (cost=44.58..44.59 rows=1 width=8)
	  ->  Index Scan using sbtest2_pkey on sbtest2  (cost=0.43..44.55 rows=11 width=4)
	        Index Cond: ((id >= 889780) AND (id <= 889789))

table 3 : explain SELECT SUM(k) FROM sbtest3 WHERE id BETWEEN 2633331 AND 2633340
	Aggregate  (cost=40.57..40.58 rows=1 width=8)
	  ->  Index Scan using sbtest3_pkey on sbtest3  (cost=0.43..40.55 rows=10 width=4)
	        Index Cond: ((id >= 2633331) AND (id <= 2633340))

table 4 : explain SELECT SUM(k) FROM sbtest4 WHERE id BETWEEN 3120210 AND 3120219
	Aggregate  (cost=37.05..37.06 rows=1 width=8)
	  ->  Index Scan using sbtest4_pkey on sbtest4  (cost=0.43..37.03 rows=9 width=4)
	        Index Cond: ((id >= 3120210) AND (id <= 3120219))

table 5 : explain SELECT SUM(k) FROM sbtest5 WHERE id BETWEEN 3973935 AND 3973944
	Aggregate  (cost=44.21..44.22 rows=1 width=8)
	  ->  Index Scan using sbtest5_pkey on sbtest5  (cost=0.43..44.18 rows=11 width=4)
	        Index Cond: ((id >= 3973935) AND (id <= 3973944))

table 6 : explain SELECT SUM(k) FROM sbtest6 WHERE id BETWEEN 8331638 AND 8331647
	Aggregate  (cost=40.66..40.67 rows=1 width=8)
	  ->  Index Scan using sbtest6_pkey on sbtest6  (cost=0.43..40.63 rows=10 width=4)
	        Index Cond: ((id >= 8331638) AND (id <= 8331647))

table 7 : explain SELECT SUM(k) FROM sbtest7 WHERE id BETWEEN 2014205 AND 2014214
	Aggregate  (cost=40.49..40.50 rows=1 width=8)
	  ->  Index Scan using sbtest7_pkey on sbtest7  (cost=0.43..40.46 rows=10 width=4)
	        Index Cond: ((id >= 2014205) AND (id <= 2014214))

table 8 : explain SELECT SUM(k) FROM sbtest8 WHERE id BETWEEN 8053902 AND 8053911
	Aggregate  (cost=37.39..37.40 rows=1 width=8)
	  ->  Index Scan using sbtest8_pkey on sbtest8  (cost=0.43..37.36 rows=9 width=4)
	        Index Cond: ((id >= 8053902) AND (id <= 8053911))

for: simple_ranges
table 1 : explain SELECT c FROM sbtest1 WHERE id BETWEEN 6160569 AND 6160578
	Index Scan using sbtest1_pkey on sbtest1  (cost=0.43..44.61 rows=11 width=121)
	  Index Cond: ((id >= 6160569) AND (id <= 6160578))

table 2 : explain SELECT c FROM sbtest2 WHERE id BETWEEN 926796 AND 926805
	Index Scan using sbtest2_pkey on sbtest2  (cost=0.43..44.55 rows=11 width=121)
	  Index Cond: ((id >= 926796) AND (id <= 926805))

table 3 : explain SELECT c FROM sbtest3 WHERE id BETWEEN 6659194 AND 6659203
	Index Scan using sbtest3_pkey on sbtest3  (cost=0.43..40.55 rows=10 width=121)
	  Index Cond: ((id >= 6659194) AND (id <= 6659203))

table 4 : explain SELECT c FROM sbtest4 WHERE id BETWEEN 6959381 AND 6959390
	Index Scan using sbtest4_pkey on sbtest4  (cost=0.43..40.60 rows=10 width=121)
	  Index Cond: ((id >= 6959381) AND (id <= 6959390))

table 5 : explain SELECT c FROM sbtest5 WHERE id BETWEEN 9724341 AND 9724350
	Index Scan using sbtest5_pkey on sbtest5  (cost=0.43..40.61 rows=10 width=121)
	  Index Cond: ((id >= 9724341) AND (id <= 9724350))

table 6 : explain SELECT c FROM sbtest6 WHERE id BETWEEN 8502429 AND 8502438
	Index Scan using sbtest6_pkey on sbtest6  (cost=0.43..40.63 rows=10 width=121)
	  Index Cond: ((id >= 8502429) AND (id <= 8502438))

table 7 : explain SELECT c FROM sbtest7 WHERE id BETWEEN 3572591 AND 3572600
	Index Scan using sbtest7_pkey on sbtest7  (cost=0.43..44.02 rows=11 width=121)
	  Index Cond: ((id >= 3572591) AND (id <= 3572600))

table 8 : explain SELECT c FROM sbtest8 WHERE id BETWEEN 7108355 AND 7108364
	Index Scan using sbtest8_pkey on sbtest8  (cost=0.43..40.98 rows=10 width=121)
	  Index Cond: ((id >= 7108355) AND (id <= 7108364))

for: order_ranges
table 1 : explain SELECT c FROM sbtest1 WHERE id BETWEEN 5220027 AND 5220036 ORDER BY c
	Sort  (cost=41.16..41.19 rows=10 width=121)
	  Sort Key: c
	  ->  Index Scan using sbtest1_pkey on sbtest1  (cost=0.43..41.00 rows=10 width=121)
	        Index Cond: ((id >= 5220027) AND (id <= 5220036))

table 2 : explain SELECT c FROM sbtest2 WHERE id BETWEEN 2298918 AND 2298927 ORDER BY c
	Sort  (cost=41.11..41.13 rows=10 width=121)
	  Sort Key: c
	  ->  Index Scan using sbtest2_pkey on sbtest2  (cost=0.43..40.94 rows=10 width=121)
	        Index Cond: ((id >= 2298918) AND (id <= 2298927))

table 3 : explain SELECT c FROM sbtest3 WHERE id BETWEEN 6286711 AND 6286720 ORDER BY c
	Sort  (cost=40.71..40.74 rows=10 width=121)
	  Sort Key: c
	  ->  Index Scan using sbtest3_pkey on sbtest3  (cost=0.43..40.55 rows=10 width=121)
	        Index Cond: ((id >= 6286711) AND (id <= 6286720))

table 4 : explain SELECT c FROM sbtest4 WHERE id BETWEEN 4692138 AND 4692147 ORDER BY c
	Sort  (cost=40.77..40.79 rows=10 width=121)
	  Sort Key: c
	  ->  Index Scan using sbtest4_pkey on sbtest4  (cost=0.43..40.60 rows=10 width=121)
	        Index Cond: ((id >= 4692138) AND (id <= 4692147))

table 5 : explain SELECT c FROM sbtest5 WHERE id BETWEEN 3478374 AND 3478383 ORDER BY c
	Sort  (cost=37.18..37.20 rows=9 width=121)
	  Sort Key: c
	  ->  Index Scan using sbtest5_pkey on sbtest5  (cost=0.43..37.04 rows=9 width=121)
	        Index Cond: ((id >= 3478374) AND (id <= 3478383))

table 6 : explain SELECT c FROM sbtest6 WHERE id BETWEEN 2819257 AND 2819266 ORDER BY c
	Sort  (cost=37.20..37.22 rows=9 width=121)
	  Sort Key: c
	  ->  Index Scan using sbtest6_pkey on sbtest6  (cost=0.43..37.06 rows=9 width=121)
	        Index Cond: ((id >= 2819257) AND (id <= 2819266))

table 7 : explain SELECT c FROM sbtest7 WHERE id BETWEEN 4912271 AND 4912280 ORDER BY c
	Sort  (cost=40.63..40.65 rows=10 width=121)
	  Sort Key: c
	  ->  Index Scan using sbtest7_pkey on sbtest7  (cost=0.43..40.46 rows=10 width=121)
	        Index Cond: ((id >= 4912271) AND (id <= 4912280))

table 8 : explain SELECT c FROM sbtest8 WHERE id BETWEEN 3596578 AND 3596587 ORDER BY c
	Sort  (cost=41.14..41.17 rows=10 width=121)
	  Sort Key: c
	  ->  Index Scan using sbtest8_pkey on sbtest8  (cost=0.43..40.98 rows=10 width=121)
	        Index Cond: ((id >= 3596578) AND (id <= 3596587))

explain: for inserts :: explain INSERT INTO sbtest%u (id, k, c, pad) VALUES (%u, 13, 'foobar', 'foobar')
for point_selects
table 1 : explain SELECT c FROM sbtest1 WHERE id=964305
	Index Scan using sbtest1_pkey on sbtest1  (cost=0.43..8.45 rows=1 width=121)
	  Index Cond: (id = 964305)

table 2 : explain SELECT c FROM sbtest2 WHERE id=6797188
	Index Scan using sbtest2_pkey on sbtest2  (cost=0.43..8.45 rows=1 width=121)
	  Index Cond: (id = 6797188)

table 3 : explain SELECT c FROM sbtest3 WHERE id=2613035
	Index Scan using sbtest3_pkey on sbtest3  (cost=0.43..8.45 rows=1 width=121)
	  Index Cond: (id = 2613035)

table 4 : explain SELECT c FROM sbtest4 WHERE id=7924350
	Index Scan using sbtest4_pkey on sbtest4  (cost=0.43..8.45 rows=1 width=121)
	  Index Cond: (id = 7924350)

table 5 : explain SELECT c FROM sbtest5 WHERE id=3906598
	Index Scan using sbtest5_pkey on sbtest5  (cost=0.43..8.45 rows=1 width=121)
	  Index Cond: (id = 3906598)

table 6 : explain SELECT c FROM sbtest6 WHERE id=8646012
	Index Scan using sbtest6_pkey on sbtest6  (cost=0.43..8.45 rows=1 width=121)
	  Index Cond: (id = 8646012)

table 7 : explain SELECT c FROM sbtest7 WHERE id=6335101
	Index Scan using sbtest7_pkey on sbtest7  (cost=0.43..8.45 rows=1 width=121)
	  Index Cond: (id = 6335101)

table 8 : explain SELECT c FROM sbtest8 WHERE id=6230181
	Index Scan using sbtest8_pkey on sbtest8  (cost=0.43..8.45 rows=1 width=121)
	  Index Cond: (id = 6230181)

explain: for point_selects :: explain SELECT c FROM sbtest%u WHERE id=%u
for: order_ranges
table 1 : explain SELECT c FROM sbtest1 WHERE id BETWEEN 9586702 AND 9586711 ORDER BY c
	Sort  (cost=41.16..41.19 rows=10 width=121)
	  Sort Key: c
	  ->  Index Scan using sbtest1_pkey on sbtest1  (cost=0.43..41.00 rows=10 width=121)
	        Index Cond: ((id >= 9586702) AND (id <= 9586711))

table 2 : explain SELECT c FROM sbtest2 WHERE id BETWEEN 2843832 AND 2843841 ORDER BY c
	Sort  (cost=41.11..41.13 rows=10 width=121)
	  Sort Key: c
	  ->  Index Scan using sbtest2_pkey on sbtest2  (cost=0.43..40.94 rows=10 width=121)
	        Index Cond: ((id >= 2843832) AND (id <= 2843841))

table 3 : explain SELECT c FROM sbtest3 WHERE id BETWEEN 8037946 AND 8037955 ORDER BY c
	Sort  (cost=37.12..37.14 rows=9 width=121)
	  Sort Key: c
	  ->  Index Scan using sbtest3_pkey on sbtest3  (cost=0.43..36.98 rows=9 width=121)
	        Index Cond: ((id >= 8037946) AND (id <= 8037955))

table 4 : explain SELECT c FROM sbtest4 WHERE id BETWEEN 2212649 AND 2212658 ORDER BY c
	Sort  (cost=44.37..44.39 rows=11 width=121)
	  Sort Key: c
	  ->  Index Scan using sbtest4_pkey on sbtest4  (cost=0.43..44.18 rows=11 width=121)
	        Index Cond: ((id >= 2212649) AND (id <= 2212658))

table 5 : explain SELECT c FROM sbtest5 WHERE id BETWEEN 5946428 AND 5946437 ORDER BY c
	Sort  (cost=44.37..44.40 rows=11 width=121)
	  Sort Key: c
	  ->  Index Scan using sbtest5_pkey on sbtest5  (cost=0.43..44.18 rows=11 width=121)
	        Index Cond: ((id >= 5946428) AND (id <= 5946437))

table 6 : explain SELECT c FROM sbtest6 WHERE id BETWEEN 4112524 AND 4112533 ORDER BY c
	Sort  (cost=44.40..44.43 rows=11 width=121)
	  Sort Key: c
	  ->  Index Scan using sbtest6_pkey on sbtest6  (cost=0.43..44.21 rows=11 width=121)
	        Index Cond: ((id >= 4112524) AND (id <= 4112533))

table 7 : explain SELECT c FROM sbtest7 WHERE id BETWEEN 2576683 AND 2576692 ORDER BY c
	Sort  (cost=40.63..40.65 rows=10 width=121)
	  Sort Key: c
	  ->  Index Scan using sbtest7_pkey on sbtest7  (cost=0.43..40.46 rows=10 width=121)
	        Index Cond: ((id >= 2576683) AND (id <= 2576692))

table 8 : explain SELECT c FROM sbtest8 WHERE id BETWEEN 6328314 AND 6328323 ORDER BY c
	Sort  (cost=37.51..37.53 rows=9 width=121)
	  Sort Key: c
	  ->  Index Scan using sbtest8_pkey on sbtest8  (cost=0.43..37.36 rows=9 width=121)
	        Index Cond: ((id >= 6328314) AND (id <= 6328323))

for: simple_ranges
table 1 : explain SELECT c FROM sbtest1 WHERE id BETWEEN 969075 AND 969084
	Index Scan using sbtest1_pkey on sbtest1  (cost=0.43..41.00 rows=10 width=121)
	  Index Cond: ((id >= 969075) AND (id <= 969084))

table 2 : explain SELECT c FROM sbtest2 WHERE id BETWEEN 3480860 AND 3480869
	Index Scan using sbtest2_pkey on sbtest2  (cost=0.43..37.33 rows=9 width=121)
	  Index Cond: ((id >= 3480860) AND (id <= 3480869))

table 3 : explain SELECT c FROM sbtest3 WHERE id BETWEEN 7906933 AND 7906942
	Index Scan using sbtest3_pkey on sbtest3  (cost=0.43..40.55 rows=10 width=121)
	  Index Cond: ((id >= 7906933) AND (id <= 7906942))

table 4 : explain SELECT c FROM sbtest4 WHERE id BETWEEN 2509053 AND 2509062
	Index Scan using sbtest4_pkey on sbtest4  (cost=0.43..40.60 rows=10 width=121)
	  Index Cond: ((id >= 2509053) AND (id <= 2509062))

table 5 : explain SELECT c FROM sbtest5 WHERE id BETWEEN 9098180 AND 9098189
	Index Scan using sbtest5_pkey on sbtest5  (cost=0.43..44.18 rows=11 width=121)
	  Index Cond: ((id >= 9098180) AND (id <= 9098189))

table 6 : explain SELECT c FROM sbtest6 WHERE id BETWEEN 5411558 AND 5411567
	Index Scan using sbtest6_pkey on sbtest6  (cost=0.43..40.63 rows=10 width=121)
	  Index Cond: ((id >= 5411558) AND (id <= 5411567))

table 7 : explain SELECT c FROM sbtest7 WHERE id BETWEEN 4270638 AND 4270647
	Index Scan using sbtest7_pkey on sbtest7  (cost=0.43..40.46 rows=10 width=121)
	  Index Cond: ((id >= 4270638) AND (id <= 4270647))

table 8 : explain SELECT c FROM sbtest8 WHERE id BETWEEN 2493288 AND 2493297
	Index Scan using sbtest8_pkey on sbtest8  (cost=0.43..40.98 rows=10 width=121)
	  Index Cond: ((id >= 2493288) AND (id <= 2493297))

for inserts
table 1 : explain INSERT INTO sbtest1 (id, k, c, pad) VALUES (5637280, 13, 'foobar', 'foobar')
	Insert on sbtest1  (cost=0.00..0.01 rows=0 width=0)
	  ->  Result  (cost=0.00..0.01 rows=1 width=736)

table 2 : explain INSERT INTO sbtest2 (id, k, c, pad) VALUES (7098340, 13, 'foobar', 'foobar')
	Insert on sbtest2  (cost=0.00..0.01 rows=0 width=0)
	  ->  Result  (cost=0.00..0.01 rows=1 width=736)

table 3 : explain INSERT INTO sbtest3 (id, k, c, pad) VALUES (5045921, 13, 'foobar', 'foobar')
	Insert on sbtest3  (cost=0.00..0.01 rows=0 width=0)
	  ->  Result  (cost=0.00..0.01 rows=1 width=736)

table 4 : explain INSERT INTO sbtest4 (id, k, c, pad) VALUES (1816059, 13, 'foobar', 'foobar')
	Insert on sbtest4  (cost=0.00..0.01 rows=0 width=0)
	  ->  Result  (cost=0.00..0.01 rows=1 width=736)

table 5 : explain INSERT INTO sbtest5 (id, k, c, pad) VALUES (4239507, 13, 'foobar', 'foobar')
	Insert on sbtest5  (cost=0.00..0.01 rows=0 width=0)
	  ->  Result  (cost=0.00..0.01 rows=1 width=736)

table 6 : explain INSERT INTO sbtest6 (id, k, c, pad) VALUES (5598122, 13, 'foobar', 'foobar')
	Insert on sbtest6  (cost=0.00..0.01 rows=0 width=0)
	  ->  Result  (cost=0.00..0.01 rows=1 width=736)

table 7 : explain INSERT INTO sbtest7 (id, k, c, pad) VALUES (2234644, 13, 'foobar', 'foobar')
	Insert on sbtest7  (cost=0.00..0.01 rows=0 width=0)
	  ->  Result  (cost=0.00..0.01 rows=1 width=736)

table 8 : explain INSERT INTO sbtest8 (id, k, c, pad) VALUES (3993529, 13, 'foobar', 'foobar')
	Insert on sbtest8  (cost=0.00..0.01 rows=0 width=0)
	  ->  Result  (cost=0.00..0.01 rows=1 width=736)

for: order_ranges
table 1 : explain SELECT c FROM sbtest1 WHERE id BETWEEN 2238945 AND 2238954 ORDER BY c
	Sort  (cost=41.16..41.19 rows=10 width=121)
	  Sort Key: c
	  ->  Index Scan using sbtest1_pkey on sbtest1  (cost=0.43..41.00 rows=10 width=121)
	        Index Cond: ((id >= 2238945) AND (id <= 2238954))

table 2 : explain SELECT c FROM sbtest2 WHERE id BETWEEN 7864054 AND 7864063 ORDER BY c
	Sort  (cost=41.11..41.13 rows=10 width=121)
	  Sort Key: c
	  ->  Index Scan using sbtest2_pkey on sbtest2  (cost=0.43..40.94 rows=10 width=121)
	        Index Cond: ((id >= 7864054) AND (id <= 7864063))

table 3 : explain SELECT c FROM sbtest3 WHERE id BETWEEN 5406753 AND 5406762 ORDER BY c
	Sort  (cost=40.71..40.74 rows=10 width=121)
	  Sort Key: c
	  ->  Index Scan using sbtest3_pkey on sbtest3  (cost=0.43..40.55 rows=10 width=121)
	        Index Cond: ((id >= 5406753) AND (id <= 5406762))

table 4 : explain SELECT c FROM sbtest4 WHERE id BETWEEN 1167135 AND 1167144 ORDER BY c
	Sort  (cost=44.37..44.39 rows=11 width=121)
	  Sort Key: c
	  ->  Index Scan using sbtest4_pkey on sbtest4  (cost=0.43..44.18 rows=11 width=121)
	        Index Cond: ((id >= 1167135) AND (id <= 1167144))

table 5 : explain SELECT c FROM sbtest5 WHERE id BETWEEN 6634974 AND 6634983 ORDER BY c
	Sort  (cost=40.78..40.80 rows=10 width=121)
	  Sort Key: c
	  ->  Index Scan using sbtest5_pkey on sbtest5  (cost=0.43..40.61 rows=10 width=121)
	        Index Cond: ((id >= 6634974) AND (id <= 6634983))

table 6 : explain SELECT c FROM sbtest6 WHERE id BETWEEN 6157201 AND 6157210 ORDER BY c
	Sort  (cost=40.80..40.82 rows=10 width=121)
	  Sort Key: c
	  ->  Index Scan using sbtest6_pkey on sbtest6  (cost=0.43..40.63 rows=10 width=121)
	        Index Cond: ((id >= 6157201) AND (id <= 6157210))

table 7 : explain SELECT c FROM sbtest7 WHERE id BETWEEN 6273082 AND 6273091 ORDER BY c
	Sort  (cost=40.63..40.65 rows=10 width=121)
	  Sort Key: c
	  ->  Index Scan using sbtest7_pkey on sbtest7  (cost=0.43..40.46 rows=10 width=121)
	        Index Cond: ((id >= 6273082) AND (id <= 6273091))

table 8 : explain SELECT c FROM sbtest8 WHERE id BETWEEN 4851452 AND 4851461 ORDER BY c
	Sort  (cost=41.14..41.17 rows=10 width=121)
	  Sort Key: c
	  ->  Index Scan using sbtest8_pkey on sbtest8  (cost=0.43..40.98 rows=10 width=121)
	        Index Cond: ((id >= 4851452) AND (id <= 4851461))

for: order_ranges
table 1 : explain SELECT c FROM sbtest1 WHERE id BETWEEN 9623886 AND 9623895 ORDER BY c
	Sort  (cost=41.16..41.19 rows=10 width=121)
	  Sort Key: c
	  ->  Index Scan using sbtest1_pkey on sbtest1  (cost=0.43..41.00 rows=10 width=121)
	        Index Cond: ((id >= 9623886) AND (id <= 9623895))

table 2 : explain SELECT c FROM sbtest2 WHERE id BETWEEN 6022478 AND 6022487 ORDER BY c
	Sort  (cost=44.74..44.77 rows=11 width=121)
	  Sort Key: c
	  ->  Index Scan using sbtest2_pkey on sbtest2  (cost=0.43..44.55 rows=11 width=121)
	        Index Cond: ((id >= 6022478) AND (id <= 6022487))

table 3 : explain SELECT c FROM sbtest3 WHERE id BETWEEN 2853182 AND 2853191 ORDER BY c
	Sort  (cost=40.71..40.74 rows=10 width=121)
	  Sort Key: c
	  ->  Index Scan using sbtest3_pkey on sbtest3  (cost=0.43..40.55 rows=10 width=121)
	        Index Cond: ((id >= 2853182) AND (id <= 2853191))

table 4 : explain SELECT c FROM sbtest4 WHERE id BETWEEN 7851415 AND 7851424 ORDER BY c
	Sort  (cost=40.77..40.79 rows=10 width=121)
	  Sort Key: c
	  ->  Index Scan using sbtest4_pkey on sbtest4  (cost=0.43..40.60 rows=10 width=121)
	        Index Cond: ((id >= 7851415) AND (id <= 7851424))

table 5 : explain SELECT c FROM sbtest5 WHERE id BETWEEN 3781687 AND 3781696 ORDER BY c
	Sort  (cost=37.18..37.20 rows=9 width=121)
	  Sort Key: c
	  ->  Index Scan using sbtest5_pkey on sbtest5  (cost=0.43..37.04 rows=9 width=121)
	        Index Cond: ((id >= 3781687) AND (id <= 3781696))

table 6 : explain SELECT c FROM sbtest6 WHERE id BETWEEN 5310948 AND 5310957 ORDER BY c
	Sort  (cost=44.40..44.43 rows=11 width=121)
	  Sort Key: c
	  ->  Index Scan using sbtest6_pkey on sbtest6  (cost=0.43..44.21 rows=11 width=121)
	        Index Cond: ((id >= 5310948) AND (id <= 5310957))

table 7 : explain SELECT c FROM sbtest7 WHERE id BETWEEN 4228007 AND 4228016 ORDER BY c
	Sort  (cost=40.63..40.65 rows=10 width=121)
	  Sort Key: c
	  ->  Index Scan using sbtest7_pkey on sbtest7  (cost=0.43..40.46 rows=10 width=121)
	        Index Cond: ((id >= 4228007) AND (id <= 4228016))

table 8 : explain SELECT c FROM sbtest8 WHERE id BETWEEN 6827983 AND 6827992 ORDER BY c
	Sort  (cost=44.78..44.81 rows=11 width=121)
	  Sort Key: c
	  ->  Index Scan using sbtest8_pkey on sbtest8  (cost=0.43..44.59 rows=11 width=121)
	        Index Cond: ((id >= 6827983) AND (id <= 6827992))

for: sum_ranges
table 1 : explain SELECT SUM(k) FROM sbtest1 WHERE id BETWEEN 2522490 AND 2522499
	Aggregate  (cost=37.40..37.41 rows=1 width=8)
	  ->  Index Scan using sbtest1_pkey on sbtest1  (cost=0.43..37.38 rows=9 width=4)
	        Index Cond: ((id >= 2522490) AND (id <= 2522499))

table 2 : explain SELECT SUM(k) FROM sbtest2 WHERE id BETWEEN 314997 AND 315006
	Aggregate  (cost=40.97..40.98 rows=1 width=8)
	  ->  Index Scan using sbtest2_pkey on sbtest2  (cost=0.43..40.94 rows=10 width=4)
	        Index Cond: ((id >= 314997) AND (id <= 315006))

table 3 : explain SELECT SUM(k) FROM sbtest3 WHERE id BETWEEN 6312932 AND 6312941
	Aggregate  (cost=40.57..40.58 rows=1 width=8)
	  ->  Index Scan using sbtest3_pkey on sbtest3  (cost=0.43..40.55 rows=10 width=4)
	        Index Cond: ((id >= 6312932) AND (id <= 6312941))

table 4 : explain SELECT SUM(k) FROM sbtest4 WHERE id BETWEEN 7254616 AND 7254625
	Aggregate  (cost=40.63..40.64 rows=1 width=8)
	  ->  Index Scan using sbtest4_pkey on sbtest4  (cost=0.43..40.60 rows=10 width=4)
	        Index Cond: ((id >= 7254616) AND (id <= 7254625))

table 5 : explain SELECT SUM(k) FROM sbtest5 WHERE id BETWEEN 9313079 AND 9313088
	Aggregate  (cost=37.06..37.07 rows=1 width=8)
	  ->  Index Scan using sbtest5_pkey on sbtest5  (cost=0.43..37.04 rows=9 width=4)
	        Index Cond: ((id >= 9313079) AND (id <= 9313088))

table 6 : explain SELECT SUM(k) FROM sbtest6 WHERE id BETWEEN 2753260 AND 2753269
	Aggregate  (cost=40.66..40.67 rows=1 width=8)
	  ->  Index Scan using sbtest6_pkey on sbtest6  (cost=0.43..40.63 rows=10 width=4)
	        Index Cond: ((id >= 2753260) AND (id <= 2753269))

table 7 : explain SELECT SUM(k) FROM sbtest7 WHERE id BETWEEN 9739846 AND 9739855
	Aggregate  (cost=40.49..40.50 rows=1 width=8)
	  ->  Index Scan using sbtest7_pkey on sbtest7  (cost=0.43..40.46 rows=10 width=4)
	        Index Cond: ((id >= 9739846) AND (id <= 9739855))

table 8 : explain SELECT SUM(k) FROM sbtest8 WHERE id BETWEEN 7830447 AND 7830456
	Aggregate  (cost=41.00..41.01 rows=1 width=8)
	  ->  Index Scan using sbtest8_pkey on sbtest8  (cost=0.43..40.98 rows=10 width=4)
	        Index Cond: ((id >= 7830447) AND (id <= 7830456))

for point_selects
table 1 : explain SELECT c FROM sbtest1 WHERE id=6986807
	Index Scan using sbtest1_pkey on sbtest1  (cost=0.43..8.45 rows=1 width=121)
	  Index Cond: (id = 6986807)

table 2 : explain SELECT c FROM sbtest2 WHERE id=9592315
	Index Scan using sbtest2_pkey on sbtest2  (cost=0.43..8.45 rows=1 width=121)
	  Index Cond: (id = 9592315)

table 3 : explain SELECT c FROM sbtest3 WHERE id=5211170
	Index Scan using sbtest3_pkey on sbtest3  (cost=0.43..8.45 rows=1 width=121)
	  Index Cond: (id = 5211170)

table 4 : explain SELECT c FROM sbtest4 WHERE id=482606
	Index Scan using sbtest4_pkey on sbtest4  (cost=0.43..8.45 rows=1 width=121)
	  Index Cond: (id = 482606)

table 5 : explain SELECT c FROM sbtest5 WHERE id=440901
	Index Scan using sbtest5_pkey on sbtest5  (cost=0.43..8.45 rows=1 width=121)
	  Index Cond: (id = 440901)

table 6 : explain SELECT c FROM sbtest6 WHERE id=7842822
	Index Scan using sbtest6_pkey on sbtest6  (cost=0.43..8.45 rows=1 width=121)
	  Index Cond: (id = 7842822)

table 7 : explain SELECT c FROM sbtest7 WHERE id=7838408
	Index Scan using sbtest7_pkey on sbtest7  (cost=0.43..8.45 rows=1 width=121)
	  Index Cond: (id = 7838408)

table 8 : explain SELECT c FROM sbtest8 WHERE id=2763347
	Index Scan using sbtest8_pkey on sbtest8  (cost=0.43..8.45 rows=1 width=121)
	  Index Cond: (id = 2763347)

for: distinct_ranges
table 1 : explain SELECT DISTINCT c FROM sbtest1 WHERE id BETWEEN 7615790 AND 7615799 ORDER BY c
	Unique  (cost=41.16..41.21 rows=10 width=121)
	  ->  Sort  (cost=41.16..41.19 rows=10 width=121)
	        Sort Key: c
	        ->  Index Scan using sbtest1_pkey on sbtest1  (cost=0.43..41.00 rows=10 width=121)
	              Index Cond: ((id >= 7615790) AND (id <= 7615799))

table 2 : explain SELECT DISTINCT c FROM sbtest2 WHERE id BETWEEN 4178311 AND 4178320 ORDER BY c
	Unique  (cost=41.11..41.16 rows=10 width=121)
	  ->  Sort  (cost=41.11..41.13 rows=10 width=121)
	        Sort Key: c
	        ->  Index Scan using sbtest2_pkey on sbtest2  (cost=0.43..40.94 rows=10 width=121)
	              Index Cond: ((id >= 4178311) AND (id <= 4178320))

table 3 : explain SELECT DISTINCT c FROM sbtest3 WHERE id BETWEEN 1905469 AND 1905478 ORDER BY c
	Unique  (cost=40.71..40.76 rows=10 width=121)
	  ->  Sort  (cost=40.71..40.74 rows=10 width=121)
	        Sort Key: c
	        ->  Index Scan using sbtest3_pkey on sbtest3  (cost=0.43..40.55 rows=10 width=121)
	              Index Cond: ((id >= 1905469) AND (id <= 1905478))

table 4 : explain SELECT DISTINCT c FROM sbtest4 WHERE id BETWEEN 7818637 AND 7818646 ORDER BY c
	Unique  (cost=40.77..40.82 rows=10 width=121)
	  ->  Sort  (cost=40.77..40.79 rows=10 width=121)
	        Sort Key: c
	        ->  Index Scan using sbtest4_pkey on sbtest4  (cost=0.43..40.60 rows=10 width=121)
	              Index Cond: ((id >= 7818637) AND (id <= 7818646))

table 5 : explain SELECT DISTINCT c FROM sbtest5 WHERE id BETWEEN 2278075 AND 2278084 ORDER BY c
	Unique  (cost=37.18..37.22 rows=9 width=121)
	  ->  Sort  (cost=37.18..37.20 rows=9 width=121)
	        Sort Key: c
	        ->  Index Scan using sbtest5_pkey on sbtest5  (cost=0.43..37.04 rows=9 width=121)
	              Index Cond: ((id >= 2278075) AND (id <= 2278084))

table 6 : explain SELECT DISTINCT c FROM sbtest6 WHERE id BETWEEN 1123030 AND 1123039 ORDER BY c
	Unique  (cost=40.80..40.85 rows=10 width=121)
	  ->  Sort  (cost=40.80..40.82 rows=10 width=121)
	        Sort Key: c
	        ->  Index Scan using sbtest6_pkey on sbtest6  (cost=0.43..40.63 rows=10 width=121)
	              Index Cond: ((id >= 1123030) AND (id <= 1123039))

table 7 : explain SELECT DISTINCT c FROM sbtest7 WHERE id BETWEEN 8371608 AND 8371617 ORDER BY c
	Unique  (cost=40.63..40.68 rows=10 width=121)
	  ->  Sort  (cost=40.63..40.65 rows=10 width=121)
	        Sort Key: c
	        ->  Index Scan using sbtest7_pkey on sbtest7  (cost=0.43..40.46 rows=10 width=121)
	              Index Cond: ((id >= 8371608) AND (id <= 8371617))

table 8 : explain SELECT DISTINCT c FROM sbtest8 WHERE id BETWEEN 1045073 AND 1045082 ORDER BY c
	Unique  (cost=37.51..37.55 rows=9 width=121)
	  ->  Sort  (cost=37.51..37.53 rows=9 width=121)
	        Sort Key: c
	        ->  Index Scan using sbtest8_pkey on sbtest8  (cost=0.43..37.36 rows=9 width=121)
	              Index Cond: ((id >= 1045073) AND (id <= 1045082))

for: distinct_ranges
table 1 : explain SELECT DISTINCT c FROM sbtest1 WHERE id BETWEEN 2495858 AND 2495867 ORDER BY c
	Unique  (cost=44.80..44.86 rows=11 width=121)
	  ->  Sort  (cost=44.80..44.83 rows=11 width=121)
	        Sort Key: c
	        ->  Index Scan using sbtest1_pkey on sbtest1  (cost=0.43..44.61 rows=11 width=121)
	              Index Cond: ((id >= 2495858) AND (id <= 2495867))

table 2 : explain SELECT DISTINCT c FROM sbtest2 WHERE id BETWEEN 7463948 AND 7463957 ORDER BY c
	Unique  (cost=44.74..44.80 rows=11 width=121)
	  ->  Sort  (cost=44.74..44.77 rows=11 width=121)
	        Sort Key: c
	        ->  Index Scan using sbtest2_pkey on sbtest2  (cost=0.43..44.55 rows=11 width=121)
	              Index Cond: ((id >= 7463948) AND (id <= 7463957))

table 3 : explain SELECT DISTINCT c FROM sbtest3 WHERE id BETWEEN 1180298 AND 1180307 ORDER BY c
	Unique  (cost=40.71..40.76 rows=10 width=121)
	  ->  Sort  (cost=40.71..40.74 rows=10 width=121)
	        Sort Key: c
	        ->  Index Scan using sbtest3_pkey on sbtest3  (cost=0.43..40.55 rows=10 width=121)
	              Index Cond: ((id >= 1180298) AND (id <= 1180307))

table 4 : explain SELECT DISTINCT c FROM sbtest4 WHERE id BETWEEN 7940375 AND 7940384 ORDER BY c
	Unique  (cost=37.17..37.22 rows=9 width=121)
	  ->  Sort  (cost=37.17..37.20 rows=9 width=121)
	        Sort Key: c
	        ->  Index Scan using sbtest4_pkey on sbtest4  (cost=0.43..37.03 rows=9 width=121)
	              Index Cond: ((id >= 7940375) AND (id <= 7940384))

table 5 : explain SELECT DISTINCT c FROM sbtest5 WHERE id BETWEEN 8026418 AND 8026427 ORDER BY c
	Unique  (cost=40.78..40.83 rows=10 width=121)
	  ->  Sort  (cost=40.78..40.80 rows=10 width=121)
	        Sort Key: c
	        ->  Index Scan using sbtest5_pkey on sbtest5  (cost=0.43..40.61 rows=10 width=121)
	              Index Cond: ((id >= 8026418) AND (id <= 8026427))

table 6 : explain SELECT DISTINCT c FROM sbtest6 WHERE id BETWEEN 6925905 AND 6925914 ORDER BY c
	Unique  (cost=40.80..40.85 rows=10 width=121)
	  ->  Sort  (cost=40.80..40.82 rows=10 width=121)
	        Sort Key: c
	        ->  Index Scan using sbtest6_pkey on sbtest6  (cost=0.43..40.63 rows=10 width=121)
	              Index Cond: ((id >= 6925905) AND (id <= 6925914))

table 7 : explain SELECT DISTINCT c FROM sbtest7 WHERE id BETWEEN 6143992 AND 6144001 ORDER BY c
	Unique  (cost=37.05..37.09 rows=9 width=121)
	  ->  Sort  (cost=37.05..37.07 rows=9 width=121)
	        Sort Key: c
	        ->  Index Scan using sbtest7_pkey on sbtest7  (cost=0.43..36.91 rows=9 width=121)
	              Index Cond: ((id >= 6143992) AND (id <= 6144001))

table 8 : explain SELECT DISTINCT c FROM sbtest8 WHERE id BETWEEN 8326148 AND 8326157 ORDER BY c
	Unique  (cost=41.14..41.19 rows=10 width=121)
	  ->  Sort  (cost=41.14..41.17 rows=10 width=121)
	        Sort Key: c
	        ->  Index Scan using sbtest8_pkey on sbtest8  (cost=0.43..40.98 rows=10 width=121)
	              Index Cond: ((id >= 8326148) AND (id <= 8326157))

explain: for index_updates :: explain UPDATE sbtest%u SET k=k+1 WHERE id=%u
for: sum_ranges
table 1 : explain SELECT SUM(k) FROM sbtest1 WHERE id BETWEEN 9222163 AND 9222172
	Aggregate  (cost=37.40..37.41 rows=1 width=8)
	  ->  Index Scan using sbtest1_pkey on sbtest1  (cost=0.43..37.38 rows=9 width=4)
	        Index Cond: ((id >= 9222163) AND (id <= 9222172))

table 2 : explain SELECT SUM(k) FROM sbtest2 WHERE id BETWEEN 1465918 AND 1465927
	Aggregate  (cost=44.58..44.59 rows=1 width=8)
	  ->  Index Scan using sbtest2_pkey on sbtest2  (cost=0.43..44.55 rows=11 width=4)
	        Index Cond: ((id >= 1465918) AND (id <= 1465927))

table 3 : explain SELECT SUM(k) FROM sbtest3 WHERE id BETWEEN 7232506 AND 7232515
	Aggregate  (cost=40.57..40.58 rows=1 width=8)
	  ->  Index Scan using sbtest3_pkey on sbtest3  (cost=0.43..40.55 rows=10 width=4)
	        Index Cond: ((id >= 7232506) AND (id <= 7232515))

table 4 : explain SELECT SUM(k) FROM sbtest4 WHERE id BETWEEN 4150798 AND 4150807
	Aggregate  (cost=40.63..40.64 rows=1 width=8)
	  ->  Index Scan using sbtest4_pkey on sbtest4  (cost=0.43..40.60 rows=10 width=4)
	        Index Cond: ((id >= 4150798) AND (id <= 4150807))

table 5 : explain SELECT SUM(k) FROM sbtest5 WHERE id BETWEEN 5755297 AND 5755306
	Aggregate  (cost=37.06..37.07 rows=1 width=8)
	  ->  Index Scan using sbtest5_pkey on sbtest5  (cost=0.43..37.04 rows=9 width=4)
	        Index Cond: ((id >= 5755297) AND (id <= 5755306))

table 6 : explain SELECT SUM(k) FROM sbtest6 WHERE id BETWEEN 8018477 AND 8018486
	Aggregate  (cost=37.08..37.09 rows=1 width=8)
	  ->  Index Scan using sbtest6_pkey on sbtest6  (cost=0.43..37.06 rows=9 width=4)
	        Index Cond: ((id >= 8018477) AND (id <= 8018486))

table 7 : explain SELECT SUM(k) FROM sbtest7 WHERE id BETWEEN 3783500 AND 3783509
	Aggregate  (cost=44.05..44.06 rows=1 width=8)
	  ->  Index Scan using sbtest7_pkey on sbtest7  (cost=0.43..44.02 rows=11 width=4)
	        Index Cond: ((id >= 3783500) AND (id <= 3783509))

table 8 : explain SELECT SUM(k) FROM sbtest8 WHERE id BETWEEN 5166769 AND 5166778
	Aggregate  (cost=44.62..44.63 rows=1 width=8)
	  ->  Index Scan using sbtest8_pkey on sbtest8  (cost=0.43..44.59 rows=11 width=4)
	        Index Cond: ((id >= 5166769) AND (id <= 5166778))

for: sum_ranges
table 1 : explain SELECT SUM(k) FROM sbtest1 WHERE id BETWEEN 1293719 AND 1293728
	Aggregate  (cost=41.02..41.03 rows=1 width=8)
	  ->  Index Scan using sbtest1_pkey on sbtest1  (cost=0.43..41.00 rows=10 width=4)
	        Index Cond: ((id >= 1293719) AND (id <= 1293728))

table 2 : explain SELECT SUM(k) FROM sbtest2 WHERE id BETWEEN 5584057 AND 5584066
	Aggregate  (cost=40.97..40.98 rows=1 width=8)
	  ->  Index Scan using sbtest2_pkey on sbtest2  (cost=0.43..40.94 rows=10 width=4)
	        Index Cond: ((id >= 5584057) AND (id <= 5584066))

table 3 : explain SELECT SUM(k) FROM sbtest3 WHERE id BETWEEN 1919441 AND 1919450
	Aggregate  (cost=40.57..40.58 rows=1 width=8)
	  ->  Index Scan using sbtest3_pkey on sbtest3  (cost=0.43..40.55 rows=10 width=4)
	        Index Cond: ((id >= 1919441) AND (id <= 1919450))

table 4 : explain SELECT SUM(k) FROM sbtest4 WHERE id BETWEEN 8405448 AND 8405457
	Aggregate  (cost=37.05..37.06 rows=1 width=8)
	  ->  Index Scan using sbtest4_pkey on sbtest4  (cost=0.43..37.03 rows=9 width=4)
	        Index Cond: ((id >= 8405448) AND (id <= 8405457))

table 5 : explain SELECT SUM(k) FROM sbtest5 WHERE id BETWEEN 99038 AND 99047
	Aggregate  (cost=37.06..37.07 rows=1 width=8)
	  ->  Index Scan using sbtest5_pkey on sbtest5  (cost=0.43..37.04 rows=9 width=4)
	        Index Cond: ((id >= 99038) AND (id <= 99047))

table 6 : explain SELECT SUM(k) FROM sbtest6 WHERE id BETWEEN 1244123 AND 1244132
	Aggregate  (cost=37.08..37.09 rows=1 width=8)
	  ->  Index Scan using sbtest6_pkey on sbtest6  (cost=0.43..37.06 rows=9 width=4)
	        Index Cond: ((id >= 1244123) AND (id <= 1244132))

table 7 : explain SELECT SUM(k) FROM sbtest7 WHERE id BETWEEN 2714638 AND 2714647
	Aggregate  (cost=40.49..40.50 rows=1 width=8)
	  ->  Index Scan using sbtest7_pkey on sbtest7  (cost=0.43..40.46 rows=10 width=4)
	        Index Cond: ((id >= 2714638) AND (id <= 2714647))

table 8 : explain SELECT SUM(k) FROM sbtest8 WHERE id BETWEEN 9929041 AND 9929050
	Aggregate  (cost=41.00..41.01 rows=1 width=8)
	  ->  Index Scan using sbtest8_pkey on sbtest8  (cost=0.43..40.98 rows=10 width=4)
	        Index Cond: ((id >= 9929041) AND (id <= 9929050))

for: distinct_ranges
table 1 : explain SELECT DISTINCT c FROM sbtest1 WHERE id BETWEEN 2462771 AND 2462780 ORDER BY c
	Unique  (cost=44.80..44.86 rows=11 width=121)
	  ->  Sort  (cost=44.80..44.83 rows=11 width=121)
	        Sort Key: c
	        ->  Index Scan using sbtest1_pkey on sbtest1  (cost=0.43..44.61 rows=11 width=121)
	              Index Cond: ((id >= 2462771) AND (id <= 2462780))

table 2 : explain SELECT DISTINCT c FROM sbtest2 WHERE id BETWEEN 4325521 AND 4325530 ORDER BY c
	Unique  (cost=37.48..37.52 rows=9 width=121)
	  ->  Sort  (cost=37.48..37.50 rows=9 width=121)
	        Sort Key: c
	        ->  Index Scan using sbtest2_pkey on sbtest2  (cost=0.43..37.33 rows=9 width=121)
	              Index Cond: ((id >= 4325521) AND (id <= 4325530))

table 3 : explain SELECT DISTINCT c FROM sbtest3 WHERE id BETWEEN 5802004 AND 5802013 ORDER BY c
	Unique  (cost=44.30..44.36 rows=11 width=121)
	  ->  Sort  (cost=44.30..44.33 rows=11 width=121)
	        Sort Key: c
	        ->  Index Scan using sbtest3_pkey on sbtest3  (cost=0.43..44.11 rows=11 width=121)
	              Index Cond: ((id >= 5802004) AND (id <= 5802013))

table 4 : explain SELECT DISTINCT c FROM sbtest4 WHERE id BETWEEN 819375 AND 819384 ORDER BY c
	Unique  (cost=37.17..37.22 rows=9 width=121)
	  ->  Sort  (cost=37.17..37.20 rows=9 width=121)
	        Sort Key: c
	        ->  Index Scan using sbtest4_pkey on sbtest4  (cost=0.43..37.03 rows=9 width=121)
	              Index Cond: ((id >= 819375) AND (id <= 819384))

table 5 : explain SELECT DISTINCT c FROM sbtest5 WHERE id BETWEEN 3927718 AND 3927727 ORDER BY c
	Unique  (cost=40.78..40.83 rows=10 width=121)
	  ->  Sort  (cost=40.78..40.80 rows=10 width=121)
	        Sort Key: c
	        ->  Index Scan using sbtest5_pkey on sbtest5  (cost=0.43..40.61 rows=10 width=121)
	              Index Cond: ((id >= 3927718) AND (id <= 3927727))

table 6 : explain SELECT DISTINCT c FROM sbtest6 WHERE id BETWEEN 8884104 AND 8884113 ORDER BY c
	Unique  (cost=40.80..40.85 rows=10 width=121)
	  ->  Sort  (cost=40.80..40.82 rows=10 width=121)
	        Sort Key: c
	        ->  Index Scan using sbtest6_pkey on sbtest6  (cost=0.43..40.63 rows=10 width=121)
	              Index Cond: ((id >= 8884104) AND (id <= 8884113))

table 7 : explain SELECT DISTINCT c FROM sbtest7 WHERE id BETWEEN 7045940 AND 7045949 ORDER BY c
	Unique  (cost=37.05..37.09 rows=9 width=121)
	  ->  Sort  (cost=37.05..37.07 rows=9 width=121)
	        Sort Key: c
	        ->  Index Scan using sbtest7_pkey on sbtest7  (cost=0.43..36.91 rows=9 width=121)
	              Index Cond: ((id >= 7045940) AND (id <= 7045949))

table 8 : explain SELECT DISTINCT c FROM sbtest8 WHERE id BETWEEN 5790332 AND 5790341 ORDER BY c
	Unique  (cost=37.51..37.55 rows=9 width=121)
	  ->  Sort  (cost=37.51..37.53 rows=9 width=121)
	        Sort Key: c
	        ->  Index Scan using sbtest8_pkey on sbtest8  (cost=0.43..37.36 rows=9 width=121)
	              Index Cond: ((id >= 5790332) AND (id <= 5790341))

for: distinct_ranges
table 1 : explain SELECT DISTINCT c FROM sbtest1 WHERE id BETWEEN 3532456 AND 3532465 ORDER BY c
	Unique  (cost=41.16..41.21 rows=10 width=121)
	  ->  Sort  (cost=41.16..41.19 rows=10 width=121)
	        Sort Key: c
	        ->  Index Scan using sbtest1_pkey on sbtest1  (cost=0.43..41.00 rows=10 width=121)
	              Index Cond: ((id >= 3532456) AND (id <= 3532465))

table 2 : explain SELECT DISTINCT c FROM sbtest2 WHERE id BETWEEN 257263 AND 257272 ORDER BY c
	Unique  (cost=41.11..41.16 rows=10 width=121)
	  ->  Sort  (cost=41.11..41.13 rows=10 width=121)
	        Sort Key: c
	        ->  Index Scan using sbtest2_pkey on sbtest2  (cost=0.43..40.94 rows=10 width=121)
	              Index Cond: ((id >= 257263) AND (id <= 257272))

table 3 : explain SELECT DISTINCT c FROM sbtest3 WHERE id BETWEEN 8803120 AND 8803129 ORDER BY c
	Unique  (cost=37.12..37.17 rows=9 width=121)
	  ->  Sort  (cost=37.12..37.14 rows=9 width=121)
	        Sort Key: c
	        ->  Index Scan using sbtest3_pkey on sbtest3  (cost=0.43..36.98 rows=9 width=121)
	              Index Cond: ((id >= 8803120) AND (id <= 8803129))

table 4 : explain SELECT DISTINCT c FROM sbtest4 WHERE id BETWEEN 9096027 AND 9096036 ORDER BY c
	Unique  (cost=40.77..40.82 rows=10 width=121)
	  ->  Sort  (cost=40.77..40.79 rows=10 width=121)
	        Sort Key: c
	        ->  Index Scan using sbtest4_pkey on sbtest4  (cost=0.43..40.60 rows=10 width=121)
	              Index Cond: ((id >= 9096027) AND (id <= 9096036))

table 5 : explain SELECT DISTINCT c FROM sbtest5 WHERE id BETWEEN 7295104 AND 7295113 ORDER BY c
	Unique  (cost=37.18..37.22 rows=9 width=121)
	  ->  Sort  (cost=37.18..37.20 rows=9 width=121)
	        Sort Key: c
	        ->  Index Scan using sbtest5_pkey on sbtest5  (cost=0.43..37.04 rows=9 width=121)
	              Index Cond: ((id >= 7295104) AND (id <= 7295113))

table 6 : explain SELECT DISTINCT c FROM sbtest6 WHERE id BETWEEN 2697571 AND 2697580 ORDER BY c
	Unique  (cost=40.80..40.85 rows=10 width=121)
	  ->  Sort  (cost=40.80..40.82 rows=10 width=121)
	        Sort Key: c
	        ->  Index Scan using sbtest6_pkey on sbtest6  (cost=0.43..40.63 rows=10 width=121)
	              Index Cond: ((id >= 2697571) AND (id <= 2697580))

table 7 : explain SELECT DISTINCT c FROM sbtest7 WHERE id BETWEEN 6442866 AND 6442875 ORDER BY c
	Unique  (cost=40.63..40.68 rows=10 width=121)
	  ->  Sort  (cost=40.63..40.65 rows=10 width=121)
	        Sort Key: c
	        ->  Index Scan using sbtest7_pkey on sbtest7  (cost=0.43..40.46 rows=10 width=121)
	              Index Cond: ((id >= 6442866) AND (id <= 6442875))

table 8 : explain SELECT DISTINCT c FROM sbtest8 WHERE id BETWEEN 176506 AND 176515 ORDER BY c
	Unique  (cost=37.51..37.55 rows=9 width=121)
	  ->  Sort  (cost=37.51..37.53 rows=9 width=121)
	        Sort Key: c
	        ->  Index Scan using sbtest8_pkey on sbtest8  (cost=0.43..37.36 rows=9 width=121)
	              Index Cond: ((id >= 176506) AND (id <= 176515))

explain: for index_updates :: explain UPDATE sbtest%u SET k=k+1 WHERE id=%u
for: distinct_ranges
table 1 : explain SELECT DISTINCT c FROM sbtest1 WHERE id BETWEEN 5639201 AND 5639210 ORDER BY c
	Unique  (cost=41.16..41.21 rows=10 width=121)
	  ->  Sort  (cost=41.16..41.19 rows=10 width=121)
	        Sort Key: c
	        ->  Index Scan using sbtest1_pkey on sbtest1  (cost=0.43..41.00 rows=10 width=121)
	              Index Cond: ((id >= 5639201) AND (id <= 5639210))

table 2 : explain SELECT DISTINCT c FROM sbtest2 WHERE id BETWEEN 4477509 AND 4477518 ORDER BY c
	Unique  (cost=41.11..41.16 rows=10 width=121)
	  ->  Sort  (cost=41.11..41.13 rows=10 width=121)
	        Sort Key: c
	        ->  Index Scan using sbtest2_pkey on sbtest2  (cost=0.43..40.94 rows=10 width=121)
	              Index Cond: ((id >= 4477509) AND (id <= 4477518))

table 3 : explain SELECT DISTINCT c FROM sbtest3 WHERE id BETWEEN 5159597 AND 5159606 ORDER BY c
	Unique  (cost=40.71..40.76 rows=10 width=121)
	  ->  Sort  (cost=40.71..40.74 rows=10 width=121)
	        Sort Key: c
	        ->  Index Scan using sbtest3_pkey on sbtest3  (cost=0.43..40.55 rows=10 width=121)
	              Index Cond: ((id >= 5159597) AND (id <= 5159606))

table 4 : explain SELECT DISTINCT c FROM sbtest4 WHERE id BETWEEN 6876356 AND 6876365 ORDER BY c
	Unique  (cost=40.77..40.82 rows=10 width=121)
	  ->  Sort  (cost=40.77..40.79 rows=10 width=121)
	        Sort Key: c
	        ->  Index Scan using sbtest4_pkey on sbtest4  (cost=0.43..40.60 rows=10 width=121)
	              Index Cond: ((id >= 6876356) AND (id <= 6876365))

table 5 : explain SELECT DISTINCT c FROM sbtest5 WHERE id BETWEEN 6858401 AND 6858410 ORDER BY c
	Unique  (cost=40.78..40.83 rows=10 width=121)
	  ->  Sort  (cost=40.78..40.80 rows=10 width=121)
	        Sort Key: c
	        ->  Index Scan using sbtest5_pkey on sbtest5  (cost=0.43..40.61 rows=10 width=121)
	              Index Cond: ((id >= 6858401) AND (id <= 6858410))

table 6 : explain SELECT DISTINCT c FROM sbtest6 WHERE id BETWEEN 5526709 AND 5526718 ORDER BY c
	Unique  (cost=40.80..40.85 rows=10 width=121)
	  ->  Sort  (cost=40.80..40.82 rows=10 width=121)
	        Sort Key: c
	        ->  Index Scan using sbtest6_pkey on sbtest6  (cost=0.43..40.63 rows=10 width=121)
	              Index Cond: ((id >= 5526709) AND (id <= 5526718))

table 7 : explain SELECT DISTINCT c FROM sbtest7 WHERE id BETWEEN 6007992 AND 6008001 ORDER BY c
	Unique  (cost=40.63..40.68 rows=10 width=121)
	  ->  Sort  (cost=40.63..40.65 rows=10 width=121)
	        Sort Key: c
	        ->  Index Scan using sbtest7_pkey on sbtest7  (cost=0.43..40.46 rows=10 width=121)
	              Index Cond: ((id >= 6007992) AND (id <= 6008001))

table 8 : explain SELECT DISTINCT c FROM sbtest8 WHERE id BETWEEN 9359859 AND 9359868 ORDER BY c
	Unique  (cost=41.14..41.19 rows=10 width=121)
	  ->  Sort  (cost=41.14..41.17 rows=10 width=121)
	        Sort Key: c
	        ->  Index Scan using sbtest8_pkey on sbtest8  (cost=0.43..40.98 rows=10 width=121)
	              Index Cond: ((id >= 9359859) AND (id <= 9359868))

for: order_ranges
table 1 : explain SELECT c FROM sbtest1 WHERE id BETWEEN 4100238 AND 4100247 ORDER BY c
	Sort  (cost=41.16..41.19 rows=10 width=121)
	  Sort Key: c
	  ->  Index Scan using sbtest1_pkey on sbtest1  (cost=0.43..41.00 rows=10 width=121)
	        Index Cond: ((id >= 4100238) AND (id <= 4100247))

table 2 : explain SELECT c FROM sbtest2 WHERE id BETWEEN 7096287 AND 7096296 ORDER BY c
	Sort  (cost=41.11..41.13 rows=10 width=121)
	  Sort Key: c
	  ->  Index Scan using sbtest2_pkey on sbtest2  (cost=0.43..40.94 rows=10 width=121)
	        Index Cond: ((id >= 7096287) AND (id <= 7096296))

table 3 : explain SELECT c FROM sbtest3 WHERE id BETWEEN 572041 AND 572050 ORDER BY c
	Sort  (cost=40.71..40.74 rows=10 width=121)
	  Sort Key: c
	  ->  Index Scan using sbtest3_pkey on sbtest3  (cost=0.43..40.55 rows=10 width=121)
	        Index Cond: ((id >= 572041) AND (id <= 572050))

table 4 : explain SELECT c FROM sbtest4 WHERE id BETWEEN 7433447 AND 7433456 ORDER BY c
	Sort  (cost=40.77..40.79 rows=10 width=121)
	  Sort Key: c
	  ->  Index Scan using sbtest4_pkey on sbtest4  (cost=0.43..40.60 rows=10 width=121)
	        Index Cond: ((id >= 7433447) AND (id <= 7433456))

table 5 : explain SELECT c FROM sbtest5 WHERE id BETWEEN 9770361 AND 9770370 ORDER BY c
	Sort  (cost=40.78..40.80 rows=10 width=121)
	  Sort Key: c
	  ->  Index Scan using sbtest5_pkey on sbtest5  (cost=0.43..40.61 rows=10 width=121)
	        Index Cond: ((id >= 9770361) AND (id <= 9770370))

table 6 : explain SELECT c FROM sbtest6 WHERE id BETWEEN 1836453 AND 1836462 ORDER BY c
	Sort  (cost=37.20..37.22 rows=9 width=121)
	  Sort Key: c
	  ->  Index Scan using sbtest6_pkey on sbtest6  (cost=0.43..37.06 rows=9 width=121)
	        Index Cond: ((id >= 1836453) AND (id <= 1836462))

table 7 : explain SELECT c FROM sbtest7 WHERE id BETWEEN 2420881 AND 2420890 ORDER BY c
	Sort  (cost=40.63..40.65 rows=10 width=121)
	  Sort Key: c
	  ->  Index Scan using sbtest7_pkey on sbtest7  (cost=0.43..40.46 rows=10 width=121)
	        Index Cond: ((id >= 2420881) AND (id <= 2420890))

table 8 : explain SELECT c FROM sbtest8 WHERE id BETWEEN 2829958 AND 2829967 ORDER BY c
	Sort  (cost=41.14..41.17 rows=10 width=121)
	  Sort Key: c
	  ->  Index Scan using sbtest8_pkey on sbtest8  (cost=0.43..40.98 rows=10 width=121)
	        Index Cond: ((id >= 2829958) AND (id <= 2829967))

explain: for index_updates :: explain UPDATE sbtest%u SET k=k+1 WHERE id=%u
explain: for index_updates :: explain UPDATE sbtest%u SET k=k+1 WHERE id=%u
for index_updates
table 1 : explain UPDATE sbtest1 SET k=k+1 WHERE id=2610883
	Update on sbtest1  (cost=0.43..8.46 rows=0 width=0)
	  ->  Index Scan using sbtest1_pkey on sbtest1  (cost=0.43..8.46 rows=1 width=10)
	        Index Cond: (id = 2610883)

table 2 : explain UPDATE sbtest2 SET k=k+1 WHERE id=9109688
	Update on sbtest2  (cost=0.43..8.46 rows=0 width=0)
	  ->  Index Scan using sbtest2_pkey on sbtest2  (cost=0.43..8.46 rows=1 width=10)
	        Index Cond: (id = 9109688)

table 3 : explain UPDATE sbtest3 SET k=k+1 WHERE id=885653
	Update on sbtest3  (cost=0.43..8.46 rows=0 width=0)
	  ->  Index Scan using sbtest3_pkey on sbtest3  (cost=0.43..8.46 rows=1 width=10)
	        Index Cond: (id = 885653)

table 4 : explain UPDATE sbtest4 SET k=k+1 WHERE id=7875708
	Update on sbtest4  (cost=0.43..8.46 rows=0 width=0)
	  ->  Index Scan using sbtest4_pkey on sbtest4  (cost=0.43..8.46 rows=1 width=10)
	        Index Cond: (id = 7875708)

table 5 : explain UPDATE sbtest5 SET k=k+1 WHERE id=3575554
	Update on sbtest5  (cost=0.43..8.46 rows=0 width=0)
	  ->  Index Scan using sbtest5_pkey on sbtest5  (cost=0.43..8.46 rows=1 width=10)
	        Index Cond: (id = 3575554)

table 6 : explain UPDATE sbtest6 SET k=k+1 WHERE id=2252812
	Update on sbtest6  (cost=0.43..8.46 rows=0 width=0)
	  ->  Index Scan using sbtest6_pkey on sbtest6  (cost=0.43..8.46 rows=1 width=10)
	        Index Cond: (id = 2252812)

table 7 : explain UPDATE sbtest7 SET k=k+1 WHERE id=5248635
	Update on sbtest7  (cost=0.43..8.46 rows=0 width=0)
	  ->  Index Scan using sbtest7_pkey on sbtest7  (cost=0.43..8.46 rows=1 width=10)
	        Index Cond: (id = 5248635)

table 8 : explain UPDATE sbtest8 SET k=k+1 WHERE id=5578343
	Update on sbtest8  (cost=0.43..8.46 rows=0 width=0)
	  ->  Index Scan using sbtest8_pkey on sbtest8  (cost=0.43..8.46 rows=1 width=10)
	        Index Cond: (id = 5578343)

explain: for index_updates :: explain UPDATE sbtest%u SET k=k+1 WHERE id=%u
for index_updates
table 1 : explain UPDATE sbtest1 SET k=k+1 WHERE id=1224958
	Update on sbtest1  (cost=0.43..8.46 rows=0 width=0)
	  ->  Index Scan using sbtest1_pkey on sbtest1  (cost=0.43..8.46 rows=1 width=10)
	        Index Cond: (id = 1224958)

table 2 : explain UPDATE sbtest2 SET k=k+1 WHERE id=6007950
	Update on sbtest2  (cost=0.43..8.46 rows=0 width=0)
	  ->  Index Scan using sbtest2_pkey on sbtest2  (cost=0.43..8.46 rows=1 width=10)
	        Index Cond: (id = 6007950)

table 3 : explain UPDATE sbtest3 SET k=k+1 WHERE id=2331985
	Update on sbtest3  (cost=0.43..8.46 rows=0 width=0)
	  ->  Index Scan using sbtest3_pkey on sbtest3  (cost=0.43..8.46 rows=1 width=10)
	        Index Cond: (id = 2331985)

table 4 : explain UPDATE sbtest4 SET k=k+1 WHERE id=6162384
	Update on sbtest4  (cost=0.43..8.46 rows=0 width=0)
	  ->  Index Scan using sbtest4_pkey on sbtest4  (cost=0.43..8.46 rows=1 width=10)
	        Index Cond: (id = 6162384)

table 5 : explain UPDATE sbtest5 SET k=k+1 WHERE id=2946811
	Update on sbtest5  (cost=0.43..8.46 rows=0 width=0)
	  ->  Index Scan using sbtest5_pkey on sbtest5  (cost=0.43..8.46 rows=1 width=10)
	        Index Cond: (id = 2946811)

table 6 : explain UPDATE sbtest6 SET k=k+1 WHERE id=6646327
	Update on sbtest6  (cost=0.43..8.46 rows=0 width=0)
	  ->  Index Scan using sbtest6_pkey on sbtest6  (cost=0.43..8.46 rows=1 width=10)
	        Index Cond: (id = 6646327)

table 7 : explain UPDATE sbtest7 SET k=k+1 WHERE id=5781447
	Update on sbtest7  (cost=0.43..8.46 rows=0 width=0)
	  ->  Index Scan using sbtest7_pkey on sbtest7  (cost=0.43..8.46 rows=1 width=10)
	        Index Cond: (id = 5781447)

table 8 : explain UPDATE sbtest8 SET k=k+1 WHERE id=8335169
	Update on sbtest8  (cost=0.43..8.46 rows=0 width=0)
	  ->  Index Scan using sbtest8_pkey on sbtest8  (cost=0.43..8.46 rows=1 width=10)
	        Index Cond: (id = 8335169)

explain: for non_index_updates :: explain UPDATE sbtest%u SET c='foobar' WHERE id=%u
for index_updates
table 1 : explain UPDATE sbtest1 SET k=k+1 WHERE id=3474474
	Update on sbtest1  (cost=0.43..8.46 rows=0 width=0)
	  ->  Index Scan using sbtest1_pkey on sbtest1  (cost=0.43..8.46 rows=1 width=10)
	        Index Cond: (id = 3474474)

table 2 : explain UPDATE sbtest2 SET k=k+1 WHERE id=8833056
	Update on sbtest2  (cost=0.43..8.46 rows=0 width=0)
	  ->  Index Scan using sbtest2_pkey on sbtest2  (cost=0.43..8.46 rows=1 width=10)
	        Index Cond: (id = 8833056)

table 3 : explain UPDATE sbtest3 SET k=k+1 WHERE id=8252886
	Update on sbtest3  (cost=0.43..8.46 rows=0 width=0)
	  ->  Index Scan using sbtest3_pkey on sbtest3  (cost=0.43..8.46 rows=1 width=10)
	        Index Cond: (id = 8252886)

table 4 : explain UPDATE sbtest4 SET k=k+1 WHERE id=5486875
	Update on sbtest4  (cost=0.43..8.46 rows=0 width=0)
	  ->  Index Scan using sbtest4_pkey on sbtest4  (cost=0.43..8.46 rows=1 width=10)
	        Index Cond: (id = 5486875)

table 5 : explain UPDATE sbtest5 SET k=k+1 WHERE id=9691780
	Update on sbtest5  (cost=0.43..8.46 rows=0 width=0)
	  ->  Index Scan using sbtest5_pkey on sbtest5  (cost=0.43..8.46 rows=1 width=10)
	        Index Cond: (id = 9691780)

table 6 : explain UPDATE sbtest6 SET k=k+1 WHERE id=8603045
	Update on sbtest6  (cost=0.43..8.46 rows=0 width=0)
	  ->  Index Scan using sbtest6_pkey on sbtest6  (cost=0.43..8.46 rows=1 width=10)
	        Index Cond: (id = 8603045)

table 7 : explain UPDATE sbtest7 SET k=k+1 WHERE id=4338113
	Update on sbtest7  (cost=0.43..8.46 rows=0 width=0)
	  ->  Index Scan using sbtest7_pkey on sbtest7  (cost=0.43..8.46 rows=1 width=10)
	        Index Cond: (id = 4338113)

table 8 : explain UPDATE sbtest8 SET k=k+1 WHERE id=5713486
	Update on sbtest8  (cost=0.43..8.46 rows=0 width=0)
	  ->  Index Scan using sbtest8_pkey on sbtest8  (cost=0.43..8.46 rows=1 width=10)
	        Index Cond: (id = 5713486)

for index_updates
table 1 : explain UPDATE sbtest1 SET k=k+1 WHERE id=6470839
	Update on sbtest1  (cost=0.43..8.46 rows=0 width=0)
	  ->  Index Scan using sbtest1_pkey on sbtest1  (cost=0.43..8.46 rows=1 width=10)
	        Index Cond: (id = 6470839)

table 2 : explain UPDATE sbtest2 SET k=k+1 WHERE id=5986977
	Update on sbtest2  (cost=0.43..8.46 rows=0 width=0)
	  ->  Index Scan using sbtest2_pkey on sbtest2  (cost=0.43..8.46 rows=1 width=10)
	        Index Cond: (id = 5986977)

table 3 : explain UPDATE sbtest3 SET k=k+1 WHERE id=4759223
	Update on sbtest3  (cost=0.43..8.46 rows=0 width=0)
	  ->  Index Scan using sbtest3_pkey on sbtest3  (cost=0.43..8.46 rows=1 width=10)
	        Index Cond: (id = 4759223)

table 4 : explain UPDATE sbtest4 SET k=k+1 WHERE id=5739711
	Update on sbtest4  (cost=0.43..8.46 rows=0 width=0)
	  ->  Index Scan using sbtest4_pkey on sbtest4  (cost=0.43..8.46 rows=1 width=10)
	        Index Cond: (id = 5739711)

table 5 : explain UPDATE sbtest5 SET k=k+1 WHERE id=5911725
	Update on sbtest5  (cost=0.43..8.46 rows=0 width=0)
	  ->  Index Scan using sbtest5_pkey on sbtest5  (cost=0.43..8.46 rows=1 width=10)
	        Index Cond: (id = 5911725)

table 6 : explain UPDATE sbtest6 SET k=k+1 WHERE id=6175679
	Update on sbtest6  (cost=0.43..8.46 rows=0 width=0)
	  ->  Index Scan using sbtest6_pkey on sbtest6  (cost=0.43..8.46 rows=1 width=10)
	        Index Cond: (id = 6175679)

table 7 : explain UPDATE sbtest7 SET k=k+1 WHERE id=9998263
	Update on sbtest7  (cost=0.43..8.46 rows=0 width=0)
	  ->  Index Scan using sbtest7_pkey on sbtest7  (cost=0.43..8.46 rows=1 width=10)
	        Index Cond: (id = 9998263)

table 8 : explain UPDATE sbtest8 SET k=k+1 WHERE id=2900926
	Update on sbtest8  (cost=0.43..8.46 rows=0 width=0)
	  ->  Index Scan using sbtest8_pkey on sbtest8  (cost=0.43..8.46 rows=1 width=10)
	        Index Cond: (id = 2900926)

for index_updates
table 1 : explain UPDATE sbtest1 SET k=k+1 WHERE id=587926
	Update on sbtest1  (cost=0.43..8.46 rows=0 width=0)
	  ->  Index Scan using sbtest1_pkey on sbtest1  (cost=0.43..8.46 rows=1 width=10)
	        Index Cond: (id = 587926)

table 2 : explain UPDATE sbtest2 SET k=k+1 WHERE id=1775527
	Update on sbtest2  (cost=0.43..8.46 rows=0 width=0)
	  ->  Index Scan using sbtest2_pkey on sbtest2  (cost=0.43..8.46 rows=1 width=10)
	        Index Cond: (id = 1775527)

table 3 : explain UPDATE sbtest3 SET k=k+1 WHERE id=6959465
	Update on sbtest3  (cost=0.43..8.46 rows=0 width=0)
	  ->  Index Scan using sbtest3_pkey on sbtest3  (cost=0.43..8.46 rows=1 width=10)
	        Index Cond: (id = 6959465)

table 4 : explain UPDATE sbtest4 SET k=k+1 WHERE id=2424103
	Update on sbtest4  (cost=0.43..8.46 rows=0 width=0)
	  ->  Index Scan using sbtest4_pkey on sbtest4  (cost=0.43..8.46 rows=1 width=10)
	        Index Cond: (id = 2424103)

table 5 : explain UPDATE sbtest5 SET k=k+1 WHERE id=2413372
	Update on sbtest5  (cost=0.43..8.46 rows=0 width=0)
	  ->  Index Scan using sbtest5_pkey on sbtest5  (cost=0.43..8.46 rows=1 width=10)
	        Index Cond: (id = 2413372)

table 6 : explain UPDATE sbtest6 SET k=k+1 WHERE id=1691444
	Update on sbtest6  (cost=0.43..8.46 rows=0 width=0)
	  ->  Index Scan using sbtest6_pkey on sbtest6  (cost=0.43..8.46 rows=1 width=10)
	        Index Cond: (id = 1691444)

table 7 : explain UPDATE sbtest7 SET k=k+1 WHERE id=1542497
	Update on sbtest7  (cost=0.43..8.46 rows=0 width=0)
	  ->  Index Scan using sbtest7_pkey on sbtest7  (cost=0.43..8.46 rows=1 width=10)
	        Index Cond: (id = 1542497)

table 8 : explain UPDATE sbtest8 SET k=k+1 WHERE id=5480131
	Update on sbtest8  (cost=0.43..8.46 rows=0 width=0)
	  ->  Index Scan using sbtest8_pkey on sbtest8  (cost=0.43..8.46 rows=1 width=10)
	        Index Cond: (id = 5480131)

explain: for non_index_updates :: explain UPDATE sbtest%u SET c='foobar' WHERE id=%u
for non_index_updates
table 1 : explain UPDATE sbtest1 SET c='foobar' WHERE id=8651625
	Update on sbtest1  (cost=0.43..8.45 rows=0 width=0)
	  ->  Index Scan using sbtest1_pkey on sbtest1  (cost=0.43..8.45 rows=1 width=490)
	        Index Cond: (id = 8651625)

table 2 : explain UPDATE sbtest2 SET c='foobar' WHERE id=9686808
	Update on sbtest2  (cost=0.43..8.45 rows=0 width=0)
	  ->  Index Scan using sbtest2_pkey on sbtest2  (cost=0.43..8.45 rows=1 width=490)
	        Index Cond: (id = 9686808)

table 3 : explain UPDATE sbtest3 SET c='foobar' WHERE id=9373911
	Update on sbtest3  (cost=0.43..8.45 rows=0 width=0)
	  ->  Index Scan using sbtest3_pkey on sbtest3  (cost=0.43..8.45 rows=1 width=490)
	        Index Cond: (id = 9373911)

table 4 : explain UPDATE sbtest4 SET c='foobar' WHERE id=7348218
	Update on sbtest4  (cost=0.43..8.45 rows=0 width=0)
	  ->  Index Scan using sbtest4_pkey on sbtest4  (cost=0.43..8.45 rows=1 width=490)
	        Index Cond: (id = 7348218)

table 5 : explain UPDATE sbtest5 SET c='foobar' WHERE id=8151219
	Update on sbtest5  (cost=0.43..8.45 rows=0 width=0)
	  ->  Index Scan using sbtest5_pkey on sbtest5  (cost=0.43..8.45 rows=1 width=490)
	        Index Cond: (id = 8151219)

table 6 : explain UPDATE sbtest6 SET c='foobar' WHERE id=6529586
	Update on sbtest6  (cost=0.43..8.45 rows=0 width=0)
	  ->  Index Scan using sbtest6_pkey on sbtest6  (cost=0.43..8.45 rows=1 width=490)
	        Index Cond: (id = 6529586)

table 7 : explain UPDATE sbtest7 SET c='foobar' WHERE id=5374432
	Update on sbtest7  (cost=0.43..8.45 rows=0 width=0)
	  ->  Index Scan using sbtest7_pkey on sbtest7  (cost=0.43..8.45 rows=1 width=490)
	        Index Cond: (id = 5374432)

table 8 : explain UPDATE sbtest8 SET c='foobar' WHERE id=5567464
	Update on sbtest8  (cost=0.43..8.45 rows=0 width=0)
	  ->  Index Scan using sbtest8_pkey on sbtest8  (cost=0.43..8.45 rows=1 width=490)
	        Index Cond: (id = 5567464)

explain: for non_index_updates :: explain UPDATE sbtest%u SET c='foobar' WHERE id=%u
explain: for non_index_updates :: explain UPDATE sbtest%u SET c='foobar' WHERE id=%u
explain: for non_index_updates :: explain UPDATE sbtest%u SET c='foobar' WHERE id=%u
explain: for deletes :: explain DELETE FROM sbtest%u WHERE id=%u
for: simple_ranges
table 1 : explain SELECT c FROM sbtest1 WHERE id BETWEEN 1955195 AND 1955204
	Index Scan using sbtest1_pkey on sbtest1  (cost=0.43..44.61 rows=11 width=121)
	  Index Cond: ((id >= 1955195) AND (id <= 1955204))

table 2 : explain SELECT c FROM sbtest2 WHERE id BETWEEN 2646469 AND 2646478
	Index Scan using sbtest2_pkey on sbtest2  (cost=0.43..37.33 rows=9 width=121)
	  Index Cond: ((id >= 2646469) AND (id <= 2646478))

table 3 : explain SELECT c FROM sbtest3 WHERE id BETWEEN 4380486 AND 4380495
	Index Scan using sbtest3_pkey on sbtest3  (cost=0.43..40.55 rows=10 width=121)
	  Index Cond: ((id >= 4380486) AND (id <= 4380495))

table 4 : explain SELECT c FROM sbtest4 WHERE id BETWEEN 3281471 AND 3281480
	Index Scan using sbtest4_pkey on sbtest4  (cost=0.43..37.03 rows=9 width=121)
	  Index Cond: ((id >= 3281471) AND (id <= 3281480))

table 5 : explain SELECT c FROM sbtest5 WHERE id BETWEEN 1835374 AND 1835383
	Index Scan using sbtest5_pkey on sbtest5  (cost=0.43..40.61 rows=10 width=121)
	  Index Cond: ((id >= 1835374) AND (id <= 1835383))

table 6 : explain SELECT c FROM sbtest6 WHERE id BETWEEN 5935353 AND 5935362
	Index Scan using sbtest6_pkey on sbtest6  (cost=0.43..37.06 rows=9 width=121)
	  Index Cond: ((id >= 5935353) AND (id <= 5935362))

table 7 : explain SELECT c FROM sbtest7 WHERE id BETWEEN 8278377 AND 8278386
	Index Scan using sbtest7_pkey on sbtest7  (cost=0.43..36.91 rows=9 width=121)
	  Index Cond: ((id >= 8278377) AND (id <= 8278386))

table 8 : explain SELECT c FROM sbtest8 WHERE id BETWEEN 2354367 AND 2354376
	Index Scan using sbtest8_pkey on sbtest8  (cost=0.43..44.59 rows=11 width=121)
	  Index Cond: ((id >= 2354367) AND (id <= 2354376))

for: order_ranges
table 1 : explain SELECT c FROM sbtest1 WHERE id BETWEEN 8723122 AND 8723131 ORDER BY c
	Sort  (cost=44.80..44.83 rows=11 width=121)
	  Sort Key: c
	  ->  Index Scan using sbtest1_pkey on sbtest1  (cost=0.43..44.61 rows=11 width=121)
	        Index Cond: ((id >= 8723122) AND (id <= 8723131))

table 2 : explain SELECT c FROM sbtest2 WHERE id BETWEEN 8078527 AND 8078536 ORDER BY c
	Sort  (cost=41.11..41.13 rows=10 width=121)
	  Sort Key: c
	  ->  Index Scan using sbtest2_pkey on sbtest2  (cost=0.43..40.94 rows=10 width=121)
	        Index Cond: ((id >= 8078527) AND (id <= 8078536))

table 3 : explain SELECT c FROM sbtest3 WHERE id BETWEEN 182888 AND 182897 ORDER BY c
	Sort  (cost=40.71..40.74 rows=10 width=121)
	  Sort Key: c
	  ->  Index Scan using sbtest3_pkey on sbtest3  (cost=0.43..40.55 rows=10 width=121)
	        Index Cond: ((id >= 182888) AND (id <= 182897))

table 4 : explain SELECT c FROM sbtest4 WHERE id BETWEEN 8054461 AND 8054470 ORDER BY c
	Sort  (cost=40.77..40.79 rows=10 width=121)
	  Sort Key: c
	  ->  Index Scan using sbtest4_pkey on sbtest4  (cost=0.43..40.60 rows=10 width=121)
	        Index Cond: ((id >= 8054461) AND (id <= 8054470))

table 5 : explain SELECT c FROM sbtest5 WHERE id BETWEEN 9213901 AND 9213910 ORDER BY c
	Sort  (cost=40.78..40.80 rows=10 width=121)
	  Sort Key: c
	  ->  Index Scan using sbtest5_pkey on sbtest5  (cost=0.43..40.61 rows=10 width=121)
	        Index Cond: ((id >= 9213901) AND (id <= 9213910))

table 6 : explain SELECT c FROM sbtest6 WHERE id BETWEEN 3149511 AND 3149520 ORDER BY c
	Sort  (cost=44.40..44.43 rows=11 width=121)
	  Sort Key: c
	  ->  Index Scan using sbtest6_pkey on sbtest6  (cost=0.43..44.21 rows=11 width=121)
	        Index Cond: ((id >= 3149511) AND (id <= 3149520))

table 7 : explain SELECT c FROM sbtest7 WHERE id BETWEEN 626010 AND 626019 ORDER BY c
	Sort  (cost=40.63..40.65 rows=10 width=121)
	  Sort Key: c
	  ->  Index Scan using sbtest7_pkey on sbtest7  (cost=0.43..40.46 rows=10 width=121)
	        Index Cond: ((id >= 626010) AND (id <= 626019))

table 8 : explain SELECT c FROM sbtest8 WHERE id BETWEEN 6691621 AND 6691630 ORDER BY c
	Sort  (cost=41.14..41.17 rows=10 width=121)
	  Sort Key: c
	  ->  Index Scan using sbtest8_pkey on sbtest8  (cost=0.43..40.98 rows=10 width=121)
	        Index Cond: ((id >= 6691621) AND (id <= 6691630))
for non_index_updates
table 1 : explain UPDATE sbtest1 SET c='foobar' WHERE id=4776471
	Update on sbtest1  (cost=0.43..8.45 rows=0 width=0)
	  ->  Index Scan using sbtest1_pkey on sbtest1  (cost=0.43..8.45 rows=1 width=490)
	        Index Cond: (id = 4776471)

table 2 : explain UPDATE sbtest2 SET c='foobar' WHERE id=451197
	Update on sbtest2  (cost=0.43..8.45 rows=0 width=0)
	  ->  Index Scan using sbtest2_pkey on sbtest2  (cost=0.43..8.45 rows=1 width=490)
	        Index Cond: (id = 451197)

table 3 : explain UPDATE sbtest3 SET c='foobar' WHERE id=8825693
	Update on sbtest3  (cost=0.43..8.45 rows=0 width=0)
	  ->  Index Scan using sbtest3_pkey on sbtest3  (cost=0.43..8.45 rows=1 width=490)
	        Index Cond: (id = 8825693)

table 4 : explain UPDATE sbtest4 SET c='foobar' WHERE id=340181
	Update on sbtest4  (cost=0.43..8.45 rows=0 width=0)
	  ->  Index Scan using sbtest4_pkey on sbtest4  (cost=0.43..8.45 rows=1 width=490)
	        Index Cond: (id = 340181)

table 5 : explain UPDATE sbtest5 SET c='foobar' WHERE id=9548887
	Update on sbtest5  (cost=0.43..8.45 rows=0 width=0)
	  ->  Index Scan using sbtest5_pkey on sbtest5  (cost=0.43..8.45 rows=1 width=490)
	        Index Cond: (id = 9548887)

table 6 : explain UPDATE sbtest6 SET c='foobar' WHERE id=5768967
	Update on sbtest6  (cost=0.43..8.45 rows=0 width=0)
	  ->  Index Scan using sbtest6_pkey on sbtest6  (cost=0.43..8.45 rows=1 width=490)
	        Index Cond: (id = 5768967)

table 7 : explain UPDATE sbtest7 SET c='foobar' WHERE id=792214
	Update on sbtest7  (cost=0.43..8.45 rows=0 width=0)
	  ->  Index Scan using sbtest7_pkey on sbtest7  (cost=0.43..8.45 rows=1 width=490)
	        Index Cond: (id = 792214)

table 8 : explain UPDATE sbtest8 SET c='foobar' WHERE id=6669472
	Update on sbtest8  (cost=0.43..8.45 rows=0 width=0)
	  ->  Index Scan using sbtest8_pkey on sbtest8  (cost=0.43..8.45 rows=1 width=490)
	        Index Cond: (id = 6669472)


for non_index_updates
table 1 : explain UPDATE sbtest1 SET c='foobar' WHERE id=2059569
	Update on sbtest1  (cost=0.43..8.45 rows=0 width=0)
	  ->  Index Scan using sbtest1_pkey on sbtest1  (cost=0.43..8.45 rows=1 width=490)
	        Index Cond: (id = 2059569)

table 2 : explain UPDATE sbtest2 SET c='foobar' WHERE id=284157
	Update on sbtest2  (cost=0.43..8.45 rows=0 width=0)
	  ->  Index Scan using sbtest2_pkey on sbtest2  (cost=0.43..8.45 rows=1 width=490)
	        Index Cond: (id = 284157)

table 3 : explain UPDATE sbtest3 SET c='foobar' WHERE id=766021
	Update on sbtest3  (cost=0.43..8.45 rows=0 width=0)
	  ->  Index Scan using sbtest3_pkey on sbtest3  (cost=0.43..8.45 rows=1 width=490)
	        Index Cond: (id = 766021)

table 4 : explain UPDATE sbtest4 SET c='foobar' WHERE id=8022398
	Update on sbtest4  (cost=0.43..8.45 rows=0 width=0)
	  ->  Index Scan using sbtest4_pkey on sbtest4  (cost=0.43..8.45 rows=1 width=490)
	        Index Cond: (id = 8022398)

table 5 : explain UPDATE sbtest5 SET c='foobar' WHERE id=2511657
	Update on sbtest5  (cost=0.43..8.45 rows=0 width=0)
	  ->  Index Scan using sbtest5_pkey on sbtest5  (cost=0.43..8.45 rows=1 width=490)
	        Index Cond: (id = 2511657)

table 6 : explain UPDATE sbtest6 SET c='foobar' WHERE id=1312535
	Update on sbtest6  (cost=0.43..8.45 rows=0 width=0)
	  ->  Index Scan using sbtest6_pkey on sbtest6  (cost=0.43..8.45 rows=1 width=490)
	        Index Cond: (id = 1312535)

table 7 : explain UPDATE sbtest7 SET c='foobar' WHERE id=3467326
	Update on sbtest7  (cost=0.43..8.45 rows=0 width=0)
	  ->  Index Scan using sbtest7_pkey on sbtest7  (cost=0.43..8.45 rows=1 width=490)
	        Index Cond: (id = 3467326)

table 8 : explain UPDATE sbtest8 SET c='foobar' WHERE id=1449630
	Update on sbtest8  (cost=0.43..8.45 rows=0 width=0)
	  ->  Index Scan using sbtest8_pkey on sbtest8  (cost=0.43..8.45 rows=1 width=490)
	        Index Cond: (id = 1449630)

for non_index_updates
table 1 : explain UPDATE sbtest1 SET c='foobar' WHERE id=9707093
	Update on sbtest1  (cost=0.43..8.45 rows=0 width=0)
	  ->  Index Scan using sbtest1_pkey on sbtest1  (cost=0.43..8.45 rows=1 width=490)
	        Index Cond: (id = 9707093)

table 2 : explain UPDATE sbtest2 SET c='foobar' WHERE id=2313598
	Update on sbtest2  (cost=0.43..8.45 rows=0 width=0)
	  ->  Index Scan using sbtest2_pkey on sbtest2  (cost=0.43..8.45 rows=1 width=490)
	        Index Cond: (id = 2313598)

table 3 : explain UPDATE sbtest3 SET c='foobar' WHERE id=7372213
	Update on sbtest3  (cost=0.43..8.45 rows=0 width=0)
	  ->  Index Scan using sbtest3_pkey on sbtest3  (cost=0.43..8.45 rows=1 width=490)
	        Index Cond: (id = 7372213)

table 4 : explain UPDATE sbtest4 SET c='foobar' WHERE id=5626590
	Update on sbtest4  (cost=0.43..8.45 rows=0 width=0)
	  ->  Index Scan using sbtest4_pkey on sbtest4  (cost=0.43..8.45 rows=1 width=490)
	        Index Cond: (id = 5626590)

table 5 : explain UPDATE sbtest5 SET c='foobar' WHERE id=1936017
	Update on sbtest5  (cost=0.43..8.45 rows=0 width=0)
	  ->  Index Scan using sbtest5_pkey on sbtest5  (cost=0.43..8.45 rows=1 width=490)
	        Index Cond: (id = 1936017)

table 6 : explain UPDATE sbtest6 SET c='foobar' WHERE id=2687145
	Update on sbtest6  (cost=0.43..8.45 rows=0 width=0)
	  ->  Index Scan using sbtest6_pkey on sbtest6  (cost=0.43..8.45 rows=1 width=490)
	        Index Cond: (id = 2687145)

table 7 : explain UPDATE sbtest7 SET c='foobar' WHERE id=2199932
	Update on sbtest7  (cost=0.43..8.45 rows=0 width=0)
	  ->  Index Scan using sbtest7_pkey on sbtest7  (cost=0.43..8.45 rows=1 width=490)
	        Index Cond: (id = 2199932)

table 8 : explain UPDATE sbtest8 SET c='foobar' WHERE id=6924560
	Update on sbtest8  (cost=0.43..8.45 rows=0 width=0)
	  ->  Index Scan using sbtest8_pkey on sbtest8  (cost=0.43..8.45 rows=1 width=490)
	        Index Cond: (id = 6924560)

for: order_ranges
table 1 : explain SELECT c FROM sbtest1 WHERE id BETWEEN 4472788 AND 4472797 ORDER BY c
	Sort  (cost=37.53..37.55 rows=9 width=121)
	  Sort Key: c
	  ->  Index Scan using sbtest1_pkey on sbtest1  (cost=0.43..37.38 rows=9 width=121)
	        Index Cond: ((id >= 4472788) AND (id <= 4472797))

table 2 : explain SELECT c FROM sbtest2 WHERE id BETWEEN 3408442 AND 3408451 ORDER BY c
	Sort  (cost=41.11..41.13 rows=10 width=121)
	  Sort Key: c
	  ->  Index Scan using sbtest2_pkey on sbtest2  (cost=0.43..40.94 rows=10 width=121)
	        Index Cond: ((id >= 3408442) AND (id <= 3408451))

table 3 : explain SELECT c FROM sbtest3 WHERE id BETWEEN 6282783 AND 6282792 ORDER BY c
	Sort  (cost=40.71..40.74 rows=10 width=121)
	  Sort Key: c
	  ->  Index Scan using sbtest3_pkey on sbtest3  (cost=0.43..40.55 rows=10 width=121)
	        Index Cond: ((id >= 6282783) AND (id <= 6282792))

table 4 : explain SELECT c FROM sbtest4 WHERE id BETWEEN 5818513 AND 5818522 ORDER BY c
	Sort  (cost=37.17..37.20 rows=9 width=121)
	  Sort Key: c
	  ->  Index Scan using sbtest4_pkey on sbtest4  (cost=0.43..37.03 rows=9 width=121)
	        Index Cond: ((id >= 5818513) AND (id <= 5818522))

table 5 : explain SELECT c FROM sbtest5 WHERE id BETWEEN 6382864 AND 6382873 ORDER BY c
	Sort  (cost=40.78..40.80 rows=10 width=121)
	  Sort Key: c
	  ->  Index Scan using sbtest5_pkey on sbtest5  (cost=0.43..40.61 rows=10 width=121)
	        Index Cond: ((id >= 6382864) AND (id <= 6382873))

table 6 : explain SELECT c FROM sbtest6 WHERE id BETWEEN 3832205 AND 3832214 ORDER BY c
	Sort  (cost=37.20..37.22 rows=9 width=121)
	  Sort Key: c
	  ->  Index Scan using sbtest6_pkey on sbtest6  (cost=0.43..37.06 rows=9 width=121)
	        Index Cond: ((id >= 3832205) AND (id <= 3832214))

table 7 : explain SELECT c FROM sbtest7 WHERE id BETWEEN 2882054 AND 2882063 ORDER BY c
	Sort  (cost=37.05..37.07 rows=9 width=121)
	  Sort Key: c
	  ->  Index Scan using sbtest7_pkey on sbtest7  (cost=0.43..36.91 rows=9 width=121)
	        Index Cond: ((id >= 2882054) AND (id <= 2882063))

table 8 : explain SELECT c FROM sbtest8 WHERE id BETWEEN 3159526 AND 3159535 ORDER BY c
	Sort  (cost=41.14..41.17 rows=10 width=121)
	  Sort Key: c
	  ->  Index Scan using sbtest8_pkey on sbtest8  (cost=0.43..40.98 rows=10 width=121)
	        Index Cond: ((id >= 3159526) AND (id <= 3159535))

for non_index_updates
table 1 : explain UPDATE sbtest1 SET c='foobar' WHERE id=649041
	Update on sbtest1  (cost=0.43..8.45 rows=0 width=0)
	  ->  Index Scan using sbtest1_pkey on sbtest1  (cost=0.43..8.45 rows=1 width=490)
	        Index Cond: (id = 649041)

table 2 : explain UPDATE sbtest2 SET c='foobar' WHERE id=1343489
	Update on sbtest2  (cost=0.43..8.45 rows=0 width=0)
	  ->  Index Scan using sbtest2_pkey on sbtest2  (cost=0.43..8.45 rows=1 width=490)
	        Index Cond: (id = 1343489)

table 3 : explain UPDATE sbtest3 SET c='foobar' WHERE id=8369748
	Update on sbtest3  (cost=0.43..8.45 rows=0 width=0)
	  ->  Index Scan using sbtest3_pkey on sbtest3  (cost=0.43..8.45 rows=1 width=490)
	        Index Cond: (id = 8369748)

table 4 : explain UPDATE sbtest4 SET c='foobar' WHERE id=988939
	Update on sbtest4  (cost=0.43..8.45 rows=0 width=0)
	  ->  Index Scan using sbtest4_pkey on sbtest4  (cost=0.43..8.45 rows=1 width=490)
	        Index Cond: (id = 988939)

table 5 : explain UPDATE sbtest5 SET c='foobar' WHERE id=4649942
	Update on sbtest5  (cost=0.43..8.45 rows=0 width=0)
	  ->  Index Scan using sbtest5_pkey on sbtest5  (cost=0.43..8.45 rows=1 width=490)
	        Index Cond: (id = 4649942)

table 6 : explain UPDATE sbtest6 SET c='foobar' WHERE id=3894591
	Update on sbtest6  (cost=0.43..8.45 rows=0 width=0)
	  ->  Index Scan using sbtest6_pkey on sbtest6  (cost=0.43..8.45 rows=1 width=490)
	        Index Cond: (id = 3894591)

table 7 : explain UPDATE sbtest7 SET c='foobar' WHERE id=2056187
	Update on sbtest7  (cost=0.43..8.45 rows=0 width=0)
	  ->  Index Scan using sbtest7_pkey on sbtest7  (cost=0.43..8.45 rows=1 width=490)
	        Index Cond: (id = 2056187)

table 8 : explain UPDATE sbtest8 SET c='foobar' WHERE id=2175397
	Update on sbtest8  (cost=0.43..8.45 rows=0 width=0)
	  ->  Index Scan using sbtest8_pkey on sbtest8  (cost=0.43..8.45 rows=1 width=490)
	        Index Cond: (id = 2175397)

for deletes
table 1 : explain DELETE FROM sbtest1 WHERE id=3051136
	Delete on sbtest1  (cost=0.43..8.45 rows=0 width=0)
	  ->  Index Scan using sbtest1_pkey on sbtest1  (cost=0.43..8.45 rows=1 width=6)
	        Index Cond: (id = 3051136)

table 2 : explain DELETE FROM sbtest2 WHERE id=1287690
	Delete on sbtest2  (cost=0.43..8.45 rows=0 width=0)
	  ->  Index Scan using sbtest2_pkey on sbtest2  (cost=0.43..8.45 rows=1 width=6)
	        Index Cond: (id = 1287690)

table 3 : explain DELETE FROM sbtest3 WHERE id=717889
	Delete on sbtest3  (cost=0.43..8.45 rows=0 width=0)
	  ->  Index Scan using sbtest3_pkey on sbtest3  (cost=0.43..8.45 rows=1 width=6)
	        Index Cond: (id = 717889)

table 4 : explain DELETE FROM sbtest4 WHERE id=3551307
	Delete on sbtest4  (cost=0.43..8.45 rows=0 width=0)
	  ->  Index Scan using sbtest4_pkey on sbtest4  (cost=0.43..8.45 rows=1 width=6)
	        Index Cond: (id = 3551307)

table 5 : explain DELETE FROM sbtest5 WHERE id=3451151
	Delete on sbtest5  (cost=0.43..8.45 rows=0 width=0)
	  ->  Index Scan using sbtest5_pkey on sbtest5  (cost=0.43..8.45 rows=1 width=6)
	        Index Cond: (id = 3451151)

table 6 : explain DELETE FROM sbtest6 WHERE id=3305318
	Delete on sbtest6  (cost=0.43..8.45 rows=0 width=0)
	  ->  Index Scan using sbtest6_pkey on sbtest6  (cost=0.43..8.45 rows=1 width=6)
	        Index Cond: (id = 3305318)

table 7 : explain DELETE FROM sbtest7 WHERE id=6344389
	Delete on sbtest7  (cost=0.43..8.45 rows=0 width=0)
	  ->  Index Scan using sbtest7_pkey on sbtest7  (cost=0.43..8.45 rows=1 width=6)
	        Index Cond: (id = 6344389)

table 8 : explain DELETE FROM sbtest8 WHERE id=2553498
	Delete on sbtest8  (cost=0.43..8.45 rows=0 width=0)
	  ->  Index Scan using sbtest8_pkey on sbtest8  (cost=0.43..8.45 rows=1 width=6)
	        Index Cond: (id = 2553498)

explain: for deletes :: explain DELETE FROM sbtest%u WHERE id=%u
for: distinct_ranges
table 1 : explain SELECT DISTINCT c FROM sbtest1 WHERE id BETWEEN 2979784 AND 2979793 ORDER BY c
	Unique  (cost=41.16..41.21 rows=10 width=121)
	  ->  Sort  (cost=41.16..41.19 rows=10 width=121)
	        Sort Key: c
	        ->  Index Scan using sbtest1_pkey on sbtest1  (cost=0.43..41.00 rows=10 width=121)
	              Index Cond: ((id >= 2979784) AND (id <= 2979793))

table 2 : explain SELECT DISTINCT c FROM sbtest2 WHERE id BETWEEN 8316909 AND 8316918 ORDER BY c
	Unique  (cost=44.74..44.80 rows=11 width=121)
	  ->  Sort  (cost=44.74..44.77 rows=11 width=121)
	        Sort Key: c
	        ->  Index Scan using sbtest2_pkey on sbtest2  (cost=0.43..44.55 rows=11 width=121)
	              Index Cond: ((id >= 8316909) AND (id <= 8316918))

table 3 : explain SELECT DISTINCT c FROM sbtest3 WHERE id BETWEEN 1832736 AND 1832745 ORDER BY c
	Unique  (cost=44.30..44.36 rows=11 width=121)
	  ->  Sort  (cost=44.30..44.33 rows=11 width=121)
	        Sort Key: c
	        ->  Index Scan using sbtest3_pkey on sbtest3  (cost=0.43..44.11 rows=11 width=121)
	              Index Cond: ((id >= 1832736) AND (id <= 1832745))

table 4 : explain SELECT DISTINCT c FROM sbtest4 WHERE id BETWEEN 5636918 AND 5636927 ORDER BY c
	Unique  (cost=37.17..37.22 rows=9 width=121)
	  ->  Sort  (cost=37.17..37.20 rows=9 width=121)
	        Sort Key: c
	        ->  Index Scan using sbtest4_pkey on sbtest4  (cost=0.43..37.03 rows=9 width=121)
	              Index Cond: ((id >= 5636918) AND (id <= 5636927))

table 5 : explain SELECT DISTINCT c FROM sbtest5 WHERE id BETWEEN 1807436 AND 1807445 ORDER BY c
	Unique  (cost=40.78..40.83 rows=10 width=121)
	  ->  Sort  (cost=40.78..40.80 rows=10 width=121)
	        Sort Key: c
	        ->  Index Scan using sbtest5_pkey on sbtest5  (cost=0.43..40.61 rows=10 width=121)
	              Index Cond: ((id >= 1807436) AND (id <= 1807445))

table 6 : explain SELECT DISTINCT c FROM sbtest6 WHERE id BETWEEN 3542404 AND 3542413 ORDER BY c
	Unique  (cost=44.40..44.45 rows=11 width=121)
	  ->  Sort  (cost=44.40..44.43 rows=11 width=121)
	        Sort Key: c
	        ->  Index Scan using sbtest6_pkey on sbtest6  (cost=0.43..44.21 rows=11 width=121)
	              Index Cond: ((id >= 3542404) AND (id <= 3542413))

table 7 : explain SELECT DISTINCT c FROM sbtest7 WHERE id BETWEEN 8658629 AND 8658638 ORDER BY c
	Unique  (cost=40.63..40.68 rows=10 width=121)
	  ->  Sort  (cost=40.63..40.65 rows=10 width=121)
	        Sort Key: c
	        ->  Index Scan using sbtest7_pkey on sbtest7  (cost=0.43..40.46 rows=10 width=121)
	              Index Cond: ((id >= 8658629) AND (id <= 8658638))

table 8 : explain SELECT DISTINCT c FROM sbtest8 WHERE id BETWEEN 6365452 AND 6365461 ORDER BY c
	Unique  (cost=41.14..41.19 rows=10 width=121)
	  ->  Sort  (cost=41.14..41.17 rows=10 width=121)
	        Sort Key: c
	        ->  Index Scan using sbtest8_pkey on sbtest8  (cost=0.43..40.98 rows=10 width=121)
	              Index Cond: ((id >= 6365452) AND (id <= 6365461))

explain: for deletes :: explain DELETE FROM sbtest%u WHERE id=%u
explain: for deletes :: explain DELETE FROM sbtest%u WHERE id=%u
explain: for deletes :: explain DELETE FROM sbtest%u WHERE id=%u
explain: for index_updates :: explain UPDATE sbtest%u SET k=k+1 WHERE id=%u
explain: for inserts :: explain INSERT INTO sbtest%u (id, k, c, pad) VALUES (%u, 13, 'foobar', 'foobar')
for deletes
table 1 : explain DELETE FROM sbtest1 WHERE id=1134422
	Delete on sbtest1  (cost=0.43..8.45 rows=0 width=0)
	  ->  Index Scan using sbtest1_pkey on sbtest1  (cost=0.43..8.45 rows=1 width=6)
	        Index Cond: (id = 1134422)

table 2 : explain DELETE FROM sbtest2 WHERE id=4810007
	Delete on sbtest2  (cost=0.43..8.45 rows=0 width=0)
	  ->  Index Scan using sbtest2_pkey on sbtest2  (cost=0.43..8.45 rows=1 width=6)
	        Index Cond: (id = 4810007)

table 3 : explain DELETE FROM sbtest3 WHERE id=3734728
	Delete on sbtest3  (cost=0.43..8.45 rows=0 width=0)
	  ->  Index Scan using sbtest3_pkey on sbtest3  (cost=0.43..8.45 rows=1 width=6)
	        Index Cond: (id = 3734728)

table 4 : explain DELETE FROM sbtest4 WHERE id=5732663
	Delete on sbtest4  (cost=0.43..8.45 rows=0 width=0)
	  ->  Index Scan using sbtest4_pkey on sbtest4  (cost=0.43..8.45 rows=1 width=6)
	        Index Cond: (id = 5732663)

table 5 : explain DELETE FROM sbtest5 WHERE id=5516854
	Delete on sbtest5  (cost=0.43..8.45 rows=0 width=0)
	  ->  Index Scan using sbtest5_pkey on sbtest5  (cost=0.43..8.45 rows=1 width=6)
	        Index Cond: (id = 5516854)

table 6 : explain DELETE FROM sbtest6 WHERE id=751699
	Delete on sbtest6  (cost=0.43..8.45 rows=0 width=0)
	  ->  Index Scan using sbtest6_pkey on sbtest6  (cost=0.43..8.45 rows=1 width=6)
	        Index Cond: (id = 751699)

table 7 : explain DELETE FROM sbtest7 WHERE id=9689712
	Delete on sbtest7  (cost=0.43..8.45 rows=0 width=0)
	  ->  Index Scan using sbtest7_pkey on sbtest7  (cost=0.43..8.45 rows=1 width=6)
	        Index Cond: (id = 9689712)

table 8 : explain DELETE FROM sbtest8 WHERE id=6372967
	Delete on sbtest8  (cost=0.43..8.45 rows=0 width=0)
	  ->  Index Scan using sbtest8_pkey on sbtest8  (cost=0.43..8.45 rows=1 width=6)
	        Index Cond: (id = 6372967)

for deletes
table 1 : explain DELETE FROM sbtest1 WHERE id=2287513
	Delete on sbtest1  (cost=0.43..8.45 rows=0 width=0)
	  ->  Index Scan using sbtest1_pkey on sbtest1  (cost=0.43..8.45 rows=1 width=6)
	        Index Cond: (id = 2287513)

table 2 : explain DELETE FROM sbtest2 WHERE id=8069975
	Delete on sbtest2  (cost=0.43..8.45 rows=0 width=0)
	  ->  Index Scan using sbtest2_pkey on sbtest2  (cost=0.43..8.45 rows=1 width=6)
	        Index Cond: (id = 8069975)

table 3 : explain DELETE FROM sbtest3 WHERE id=5775254
	Delete on sbtest3  (cost=0.43..8.45 rows=0 width=0)
	  ->  Index Scan using sbtest3_pkey on sbtest3  (cost=0.43..8.45 rows=1 width=6)
	        Index Cond: (id = 5775254)

table 4 : explain DELETE FROM sbtest4 WHERE id=6724467
	Delete on sbtest4  (cost=0.43..8.45 rows=0 width=0)
	  ->  Index Scan using sbtest4_pkey on sbtest4  (cost=0.43..8.45 rows=1 width=6)
	        Index Cond: (id = 6724467)

table 5 : explain DELETE FROM sbtest5 WHERE id=655850
	Delete on sbtest5  (cost=0.43..8.45 rows=0 width=0)
	  ->  Index Scan using sbtest5_pkey on sbtest5  (cost=0.43..8.45 rows=1 width=6)
	        Index Cond: (id = 655850)

table 6 : explain DELETE FROM sbtest6 WHERE id=4604412
	Delete on sbtest6  (cost=0.43..8.45 rows=0 width=0)
	  ->  Index Scan using sbtest6_pkey on sbtest6  (cost=0.43..8.45 rows=1 width=6)
	        Index Cond: (id = 4604412)

table 7 : explain DELETE FROM sbtest7 WHERE id=7460897
	Delete on sbtest7  (cost=0.43..8.45 rows=0 width=0)
	  ->  Index Scan using sbtest7_pkey on sbtest7  (cost=0.43..8.45 rows=1 width=6)
	        Index Cond: (id = 7460897)

table 8 : explain DELETE FROM sbtest8 WHERE id=9957506
	Delete on sbtest8  (cost=0.43..8.45 rows=0 width=0)
	  ->  Index Scan using sbtest8_pkey on sbtest8  (cost=0.43..8.45 rows=1 width=6)
	        Index Cond: (id = 9957506)

for deletes
table 1 : explain DELETE FROM sbtest1 WHERE id=2416247
	Delete on sbtest1  (cost=0.43..8.45 rows=0 width=0)
	  ->  Index Scan using sbtest1_pkey on sbtest1  (cost=0.43..8.45 rows=1 width=6)
	        Index Cond: (id = 2416247)

table 2 : explain DELETE FROM sbtest2 WHERE id=5781660
	Delete on sbtest2  (cost=0.43..8.45 rows=0 width=0)
	  ->  Index Scan using sbtest2_pkey on sbtest2  (cost=0.43..8.45 rows=1 width=6)
	        Index Cond: (id = 5781660)

table 3 : explain DELETE FROM sbtest3 WHERE id=1461661
	Delete on sbtest3  (cost=0.43..8.45 rows=0 width=0)
	  ->  Index Scan using sbtest3_pkey on sbtest3  (cost=0.43..8.45 rows=1 width=6)
	        Index Cond: (id = 1461661)

table 4 : explain DELETE FROM sbtest4 WHERE id=3605721
	Delete on sbtest4  (cost=0.43..8.45 rows=0 width=0)
	  ->  Index Scan using sbtest4_pkey on sbtest4  (cost=0.43..8.45 rows=1 width=6)
	        Index Cond: (id = 3605721)

table 5 : explain DELETE FROM sbtest5 WHERE id=4016690
	Delete on sbtest5  (cost=0.43..8.45 rows=0 width=0)
	  ->  Index Scan using sbtest5_pkey on sbtest5  (cost=0.43..8.45 rows=1 width=6)
	        Index Cond: (id = 4016690)

table 6 : explain DELETE FROM sbtest6 WHERE id=4283619
	Delete on sbtest6  (cost=0.43..8.45 rows=0 width=0)
	  ->  Index Scan using sbtest6_pkey on sbtest6  (cost=0.43..8.45 rows=1 width=6)
	        Index Cond: (id = 4283619)

table 7 : explain DELETE FROM sbtest7 WHERE id=8205104
	Delete on sbtest7  (cost=0.43..8.45 rows=0 width=0)
	  ->  Index Scan using sbtest7_pkey on sbtest7  (cost=0.43..8.45 rows=1 width=6)
	        Index Cond: (id = 8205104)

table 8 : explain DELETE FROM sbtest8 WHERE id=4134801
	Delete on sbtest8  (cost=0.43..8.45 rows=0 width=0)
	  ->  Index Scan using sbtest8_pkey on sbtest8  (cost=0.43..8.45 rows=1 width=6)
	        Index Cond: (id = 4134801)

for deletes
table 1 : explain DELETE FROM sbtest1 WHERE id=9772327
	Delete on sbtest1  (cost=0.43..8.45 rows=0 width=0)
	  ->  Index Scan using sbtest1_pkey on sbtest1  (cost=0.43..8.45 rows=1 width=6)
	        Index Cond: (id = 9772327)

table 2 : explain DELETE FROM sbtest2 WHERE id=9022838
	Delete on sbtest2  (cost=0.43..8.45 rows=0 width=0)
	  ->  Index Scan using sbtest2_pkey on sbtest2  (cost=0.43..8.45 rows=1 width=6)
	        Index Cond: (id = 9022838)

table 3 : explain DELETE FROM sbtest3 WHERE id=4655483
	Delete on sbtest3  (cost=0.43..8.45 rows=0 width=0)
	  ->  Index Scan using sbtest3_pkey on sbtest3  (cost=0.43..8.45 rows=1 width=6)
	        Index Cond: (id = 4655483)

table 4 : explain DELETE FROM sbtest4 WHERE id=6395652
	Delete on sbtest4  (cost=0.43..8.45 rows=0 width=0)
	  ->  Index Scan using sbtest4_pkey on sbtest4  (cost=0.43..8.45 rows=1 width=6)
	        Index Cond: (id = 6395652)

table 5 : explain DELETE FROM sbtest5 WHERE id=3855862
	Delete on sbtest5  (cost=0.43..8.45 rows=0 width=0)
	  ->  Index Scan using sbtest5_pkey on sbtest5  (cost=0.43..8.45 rows=1 width=6)
	        Index Cond: (id = 3855862)

table 6 : explain DELETE FROM sbtest6 WHERE id=6233800
	Delete on sbtest6  (cost=0.43..8.45 rows=0 width=0)
	  ->  Index Scan using sbtest6_pkey on sbtest6  (cost=0.43..8.45 rows=1 width=6)
	        Index Cond: (id = 6233800)

table 7 : explain DELETE FROM sbtest7 WHERE id=493888
	Delete on sbtest7  (cost=0.43..8.45 rows=0 width=0)
	  ->  Index Scan using sbtest7_pkey on sbtest7  (cost=0.43..8.45 rows=1 width=6)
	        Index Cond: (id = 493888)

table 8 : explain DELETE FROM sbtest8 WHERE id=3074108
	Delete on sbtest8  (cost=0.43..8.45 rows=0 width=0)
	  ->  Index Scan using sbtest8_pkey on sbtest8  (cost=0.43..8.45 rows=1 width=6)
	        Index Cond: (id = 3074108)

for inserts
table 1 : explain INSERT INTO sbtest1 (id, k, c, pad) VALUES (2249058, 13, 'foobar', 'foobar')
	Insert on sbtest1  (cost=0.00..0.01 rows=0 width=0)
	  ->  Result  (cost=0.00..0.01 rows=1 width=736)

table 2 : explain INSERT INTO sbtest2 (id, k, c, pad) VALUES (421205, 13, 'foobar', 'foobar')
	Insert on sbtest2  (cost=0.00..0.01 rows=0 width=0)
	  ->  Result  (cost=0.00..0.01 rows=1 width=736)

table 3 : explain INSERT INTO sbtest3 (id, k, c, pad) VALUES (8308498, 13, 'foobar', 'foobar')
	Insert on sbtest3  (cost=0.00..0.01 rows=0 width=0)
	  ->  Result  (cost=0.00..0.01 rows=1 width=736)

table 4 : explain INSERT INTO sbtest4 (id, k, c, pad) VALUES (5521892, 13, 'foobar', 'foobar')
	Insert on sbtest4  (cost=0.00..0.01 rows=0 width=0)
	  ->  Result  (cost=0.00..0.01 rows=1 width=736)

table 5 : explain INSERT INTO sbtest5 (id, k, c, pad) VALUES (4106428, 13, 'foobar', 'foobar')
	Insert on sbtest5  (cost=0.00..0.01 rows=0 width=0)
	  ->  Result  (cost=0.00..0.01 rows=1 width=736)

table 6 : explain INSERT INTO sbtest6 (id, k, c, pad) VALUES (6721951, 13, 'foobar', 'foobar')
	Insert on sbtest6  (cost=0.00..0.01 rows=0 width=0)
	  ->  Result  (cost=0.00..0.01 rows=1 width=736)

table 7 : explain INSERT INTO sbtest7 (id, k, c, pad) VALUES (1528277, 13, 'foobar', 'foobar')
	Insert on sbtest7  (cost=0.00..0.01 rows=0 width=0)
	  ->  Result  (cost=0.00..0.01 rows=1 width=736)

table 8 : explain INSERT INTO sbtest8 (id, k, c, pad) VALUES (6436071, 13, 'foobar', 'foobar')
	Insert on sbtest8  (cost=0.00..0.01 rows=0 width=0)
	  ->  Result  (cost=0.00..0.01 rows=1 width=736)

for point_selects
table 1 : explain SELECT c FROM sbtest1 WHERE id=4373784
	Index Scan using sbtest1_pkey on sbtest1  (cost=0.43..8.45 rows=1 width=121)
	  Index Cond: (id = 4373784)

table 2 : explain SELECT c FROM sbtest2 WHERE id=2793546
	Index Scan using sbtest2_pkey on sbtest2  (cost=0.43..8.45 rows=1 width=121)
	  Index Cond: (id = 2793546)

table 3 : explain SELECT c FROM sbtest3 WHERE id=5592653
	Index Scan using sbtest3_pkey on sbtest3  (cost=0.43..8.45 rows=1 width=121)
	  Index Cond: (id = 5592653)

table 4 : explain SELECT c FROM sbtest4 WHERE id=9089770
	Index Scan using sbtest4_pkey on sbtest4  (cost=0.43..8.45 rows=1 width=121)
	  Index Cond: (id = 9089770)

table 5 : explain SELECT c FROM sbtest5 WHERE id=5128170
	Index Scan using sbtest5_pkey on sbtest5  (cost=0.43..8.45 rows=1 width=121)
	  Index Cond: (id = 5128170)

table 6 : explain SELECT c FROM sbtest6 WHERE id=8818738
	Index Scan using sbtest6_pkey on sbtest6  (cost=0.43..8.45 rows=1 width=121)
	  Index Cond: (id = 8818738)

table 7 : explain SELECT c FROM sbtest7 WHERE id=3258019
	Index Scan using sbtest7_pkey on sbtest7  (cost=0.43..8.45 rows=1 width=121)
	  Index Cond: (id = 3258019)

table 8 : explain SELECT c FROM sbtest8 WHERE id=1688876
	Index Scan using sbtest8_pkey on sbtest8  (cost=0.43..8.45 rows=1 width=121)
	  Index Cond: (id = 1688876)

for point_selects
table 1 : explain SELECT c FROM sbtest1 WHERE id=8378651
	Index Scan using sbtest1_pkey on sbtest1  (cost=0.43..8.45 rows=1 width=121)
	  Index Cond: (id = 8378651)

table 2 : explain SELECT c FROM sbtest2 WHERE id=7726022
	Index Scan using sbtest2_pkey on sbtest2  (cost=0.43..8.45 rows=1 width=121)
	  Index Cond: (id = 7726022)

table 3 : explain SELECT c FROM sbtest3 WHERE id=3849046
	Index Scan using sbtest3_pkey on sbtest3  (cost=0.43..8.45 rows=1 width=121)
	  Index Cond: (id = 3849046)

table 4 : explain SELECT c FROM sbtest4 WHERE id=9149258
	Index Scan using sbtest4_pkey on sbtest4  (cost=0.43..8.45 rows=1 width=121)
	  Index Cond: (id = 9149258)

table 5 : explain SELECT c FROM sbtest5 WHERE id=899919
	Index Scan using sbtest5_pkey on sbtest5  (cost=0.43..8.45 rows=1 width=121)
	  Index Cond: (id = 899919)

table 6 : explain SELECT c FROM sbtest6 WHERE id=9154728
	Index Scan using sbtest6_pkey on sbtest6  (cost=0.43..8.45 rows=1 width=121)
	  Index Cond: (id = 9154728)

table 7 : explain SELECT c FROM sbtest7 WHERE id=6550324
	Index Scan using sbtest7_pkey on sbtest7  (cost=0.43..8.45 rows=1 width=121)
	  Index Cond: (id = 6550324)

table 8 : explain SELECT c FROM sbtest8 WHERE id=9670075
	Index Scan using sbtest8_pkey on sbtest8  (cost=0.43..8.45 rows=1 width=121)
	  Index Cond: (id = 9670075)

explain: for inserts :: explain INSERT INTO sbtest%u (id, k, c, pad) VALUES (%u, 13, 'foobar', 'foobar')
for index_updates
table 1 : explain UPDATE sbtest1 SET k=k+1 WHERE id=2692535
	Update on sbtest1  (cost=0.43..8.46 rows=0 width=0)
	  ->  Index Scan using sbtest1_pkey on sbtest1  (cost=0.43..8.46 rows=1 width=10)
	        Index Cond: (id = 2692535)

table 2 : explain UPDATE sbtest2 SET k=k+1 WHERE id=3954287
	Update on sbtest2  (cost=0.43..8.46 rows=0 width=0)
	  ->  Index Scan using sbtest2_pkey on sbtest2  (cost=0.43..8.46 rows=1 width=10)
	        Index Cond: (id = 3954287)

table 3 : explain UPDATE sbtest3 SET k=k+1 WHERE id=6495515
	Update on sbtest3  (cost=0.43..8.46 rows=0 width=0)
	  ->  Index Scan using sbtest3_pkey on sbtest3  (cost=0.43..8.46 rows=1 width=10)
	        Index Cond: (id = 6495515)

table 4 : explain UPDATE sbtest4 SET k=k+1 WHERE id=1270394
	Update on sbtest4  (cost=0.43..8.46 rows=0 width=0)
	  ->  Index Scan using sbtest4_pkey on sbtest4  (cost=0.43..8.46 rows=1 width=10)
	        Index Cond: (id = 1270394)

table 5 : explain UPDATE sbtest5 SET k=k+1 WHERE id=8779555
	Update on sbtest5  (cost=0.43..8.46 rows=0 width=0)
	  ->  Index Scan using sbtest5_pkey on sbtest5  (cost=0.43..8.46 rows=1 width=10)
	        Index Cond: (id = 8779555)

table 6 : explain UPDATE sbtest6 SET k=k+1 WHERE id=3635233
	Update on sbtest6  (cost=0.43..8.46 rows=0 width=0)
	  ->  Index Scan using sbtest6_pkey on sbtest6  (cost=0.43..8.46 rows=1 width=10)
	        Index Cond: (id = 3635233)

table 7 : explain UPDATE sbtest7 SET k=k+1 WHERE id=4919845
	Update on sbtest7  (cost=0.43..8.46 rows=0 width=0)
	  ->  Index Scan using sbtest7_pkey on sbtest7  (cost=0.43..8.46 rows=1 width=10)
	        Index Cond: (id = 4919845)

table 8 : explain UPDATE sbtest8 SET k=k+1 WHERE id=8193850
	Update on sbtest8  (cost=0.43..8.46 rows=0 width=0)
	  ->  Index Scan using sbtest8_pkey on sbtest8  (cost=0.43..8.46 rows=1 width=10)
	        Index Cond: (id = 8193850)

explain: for inserts :: explain INSERT INTO sbtest%u (id, k, c, pad) VALUES (%u, 13, 'foobar', 'foobar')
for: sum_ranges
table 1 : explain SELECT SUM(k) FROM sbtest1 WHERE id BETWEEN 3793920 AND 3793929
	Aggregate  (cost=41.02..41.03 rows=1 width=8)
	  ->  Index Scan using sbtest1_pkey on sbtest1  (cost=0.43..41.00 rows=10 width=4)
	        Index Cond: ((id >= 3793920) AND (id <= 3793929))

table 2 : explain SELECT SUM(k) FROM sbtest2 WHERE id BETWEEN 6914328 AND 6914337
	Aggregate  (cost=44.58..44.59 rows=1 width=8)
	  ->  Index Scan using sbtest2_pkey on sbtest2  (cost=0.43..44.55 rows=11 width=4)
	        Index Cond: ((id >= 6914328) AND (id <= 6914337))

table 3 : explain SELECT SUM(k) FROM sbtest3 WHERE id BETWEEN 8988682 AND 8988691
	Aggregate  (cost=40.57..40.58 rows=1 width=8)
	  ->  Index Scan using sbtest3_pkey on sbtest3  (cost=0.43..40.55 rows=10 width=4)
	        Index Cond: ((id >= 8988682) AND (id <= 8988691))

table 4 : explain SELECT SUM(k) FROM sbtest4 WHERE id BETWEEN 529896 AND 529905
	Aggregate  (cost=37.05..37.06 rows=1 width=8)
	  ->  Index Scan using sbtest4_pkey on sbtest4  (cost=0.43..37.03 rows=9 width=4)
	        Index Cond: ((id >= 529896) AND (id <= 529905))

table 5 : explain SELECT SUM(k) FROM sbtest5 WHERE id BETWEEN 5249575 AND 5249584
	Aggregate  (cost=40.63..40.64 rows=1 width=8)
	  ->  Index Scan using sbtest5_pkey on sbtest5  (cost=0.43..40.61 rows=10 width=4)
	        Index Cond: ((id >= 5249575) AND (id <= 5249584))

table 6 : explain SELECT SUM(k) FROM sbtest6 WHERE id BETWEEN 6724157 AND 6724166
	Aggregate  (cost=44.23..44.24 rows=1 width=8)
	  ->  Index Scan using sbtest6_pkey on sbtest6  (cost=0.43..44.21 rows=11 width=4)
	        Index Cond: ((id >= 6724157) AND (id <= 6724166))

table 7 : explain SELECT SUM(k) FROM sbtest7 WHERE id BETWEEN 4763599 AND 4763608
	Aggregate  (cost=40.49..40.50 rows=1 width=8)
	  ->  Index Scan using sbtest7_pkey on sbtest7  (cost=0.43..40.46 rows=10 width=4)
	        Index Cond: ((id >= 4763599) AND (id <= 4763608))

table 8 : explain SELECT SUM(k) FROM sbtest8 WHERE id BETWEEN 3768274 AND 3768283
	Aggregate  (cost=41.00..41.01 rows=1 width=8)
	  ->  Index Scan using sbtest8_pkey on sbtest8  (cost=0.43..40.98 rows=10 width=4)
	        Index Cond: ((id >= 3768274) AND (id <= 3768283))

explain: for inserts :: explain INSERT INTO sbtest%u (id, k, c, pad) VALUES (%u, 13, 'foobar', 'foobar')
for: order_ranges
table 1 : explain SELECT c FROM sbtest1 WHERE id BETWEEN 8467503 AND 8467512 ORDER BY c
	Sort  (cost=41.16..41.19 rows=10 width=121)
	  Sort Key: c
	  ->  Index Scan using sbtest1_pkey on sbtest1  (cost=0.43..41.00 rows=10 width=121)
	        Index Cond: ((id >= 8467503) AND (id <= 8467512))

table 2 : explain SELECT c FROM sbtest2 WHERE id BETWEEN 7416627 AND 7416636 ORDER BY c
	Sort  (cost=44.74..44.77 rows=11 width=121)
	  Sort Key: c
	  ->  Index Scan using sbtest2_pkey on sbtest2  (cost=0.43..44.55 rows=11 width=121)
	        Index Cond: ((id >= 7416627) AND (id <= 7416636))

table 3 : explain SELECT c FROM sbtest3 WHERE id BETWEEN 1840635 AND 1840644 ORDER BY c
	Sort  (cost=44.30..44.33 rows=11 width=121)
	  Sort Key: c
	  ->  Index Scan using sbtest3_pkey on sbtest3  (cost=0.43..44.11 rows=11 width=121)
	        Index Cond: ((id >= 1840635) AND (id <= 1840644))

table 4 : explain SELECT c FROM sbtest4 WHERE id BETWEEN 6644218 AND 6644227 ORDER BY c
	Sort  (cost=37.17..37.20 rows=9 width=121)
	  Sort Key: c
	  ->  Index Scan using sbtest4_pkey on sbtest4  (cost=0.43..37.03 rows=9 width=121)
	        Index Cond: ((id >= 6644218) AND (id <= 6644227))

table 5 : explain SELECT c FROM sbtest5 WHERE id BETWEEN 810692 AND 810701 ORDER BY c
	Sort  (cost=40.78..40.80 rows=10 width=121)
	  Sort Key: c
	  ->  Index Scan using sbtest5_pkey on sbtest5  (cost=0.43..40.61 rows=10 width=121)
	        Index Cond: ((id >= 810692) AND (id <= 810701))

table 6 : explain SELECT c FROM sbtest6 WHERE id BETWEEN 5152400 AND 5152409 ORDER BY c
	Sort  (cost=40.80..40.82 rows=10 width=121)
	  Sort Key: c
	  ->  Index Scan using sbtest6_pkey on sbtest6  (cost=0.43..40.63 rows=10 width=121)
	        Index Cond: ((id >= 5152400) AND (id <= 5152409))

table 7 : explain SELECT c FROM sbtest7 WHERE id BETWEEN 2035586 AND 2035595 ORDER BY c
	Sort  (cost=40.63..40.65 rows=10 width=121)
	  Sort Key: c
	  ->  Index Scan using sbtest7_pkey on sbtest7  (cost=0.43..40.46 rows=10 width=121)
	        Index Cond: ((id >= 2035586) AND (id <= 2035595))

table 8 : explain SELECT c FROM sbtest8 WHERE id BETWEEN 7333146 AND 7333155 ORDER BY c
	Sort  (cost=44.78..44.81 rows=11 width=121)
	  Sort Key: c
	  ->  Index Scan using sbtest8_pkey on sbtest8  (cost=0.43..44.59 rows=11 width=121)
	        Index Cond: ((id >= 7333146) AND (id <= 7333155))

for inserts
table 1 : explain INSERT INTO sbtest1 (id, k, c, pad) VALUES (9786253, 13, 'foobar', 'foobar')
	Insert on sbtest1  (cost=0.00..0.01 rows=0 width=0)
	  ->  Result  (cost=0.00..0.01 rows=1 width=736)

table 2 : explain INSERT INTO sbtest2 (id, k, c, pad) VALUES (2742995, 13, 'foobar', 'foobar')
	Insert on sbtest2  (cost=0.00..0.01 rows=0 width=0)
	  ->  Result  (cost=0.00..0.01 rows=1 width=736)

table 3 : explain INSERT INTO sbtest3 (id, k, c, pad) VALUES (6014193, 13, 'foobar', 'foobar')
	Insert on sbtest3  (cost=0.00..0.01 rows=0 width=0)
	  ->  Result  (cost=0.00..0.01 rows=1 width=736)

table 4 : explain INSERT INTO sbtest4 (id, k, c, pad) VALUES (1278658, 13, 'foobar', 'foobar')
	Insert on sbtest4  (cost=0.00..0.01 rows=0 width=0)
	  ->  Result  (cost=0.00..0.01 rows=1 width=736)

table 5 : explain INSERT INTO sbtest5 (id, k, c, pad) VALUES (2747286, 13, 'foobar', 'foobar')
	Insert on sbtest5  (cost=0.00..0.01 rows=0 width=0)
	  ->  Result  (cost=0.00..0.01 rows=1 width=736)

table 6 : explain INSERT INTO sbtest6 (id, k, c, pad) VALUES (3190090, 13, 'foobar', 'foobar')
	Insert on sbtest6  (cost=0.00..0.01 rows=0 width=0)
	  ->  Result  (cost=0.00..0.01 rows=1 width=736)

table 7 : explain INSERT INTO sbtest7 (id, k, c, pad) VALUES (7385949, 13, 'foobar', 'foobar')
	Insert on sbtest7  (cost=0.00..0.01 rows=0 width=0)
	  ->  Result  (cost=0.00..0.01 rows=1 width=736)

table 8 : explain INSERT INTO sbtest8 (id, k, c, pad) VALUES (6163519, 13, 'foobar', 'foobar')
	Insert on sbtest8  (cost=0.00..0.01 rows=0 width=0)
	  ->  Result  (cost=0.00..0.01 rows=1 width=736)

explain: for inserts :: explain INSERT INTO sbtest%u (id, k, c, pad) VALUES (%u, 13, 'foobar', 'foobar')
for inserts
table 1 : explain INSERT INTO sbtest1 (id, k, c, pad) VALUES (5576996, 13, 'foobar', 'foobar')
	Insert on sbtest1  (cost=0.00..0.01 rows=0 width=0)
	  ->  Result  (cost=0.00..0.01 rows=1 width=736)

table 2 : explain INSERT INTO sbtest2 (id, k, c, pad) VALUES (6944782, 13, 'foobar', 'foobar')
	Insert on sbtest2  (cost=0.00..0.01 rows=0 width=0)
	  ->  Result  (cost=0.00..0.01 rows=1 width=736)

table 3 : explain INSERT INTO sbtest3 (id, k, c, pad) VALUES (980967, 13, 'foobar', 'foobar')
	Insert on sbtest3  (cost=0.00..0.01 rows=0 width=0)
	  ->  Result  (cost=0.00..0.01 rows=1 width=736)

table 4 : explain INSERT INTO sbtest4 (id, k, c, pad) VALUES (8930546, 13, 'foobar', 'foobar')
	Insert on sbtest4  (cost=0.00..0.01 rows=0 width=0)
	  ->  Result  (cost=0.00..0.01 rows=1 width=736)

table 5 : explain INSERT INTO sbtest5 (id, k, c, pad) VALUES (52288, 13, 'foobar', 'foobar')
	Insert on sbtest5  (cost=0.00..0.01 rows=0 width=0)
	  ->  Result  (cost=0.00..0.01 rows=1 width=736)

table 6 : explain INSERT INTO sbtest6 (id, k, c, pad) VALUES (707548, 13, 'foobar', 'foobar')
	Insert on sbtest6  (cost=0.00..0.01 rows=0 width=0)
	  ->  Result  (cost=0.00..0.01 rows=1 width=736)

table 7 : explain INSERT INTO sbtest7 (id, k, c, pad) VALUES (6219389, 13, 'foobar', 'foobar')
	Insert on sbtest7  (cost=0.00..0.01 rows=0 width=0)
	  ->  Result  (cost=0.00..0.01 rows=1 width=736)

table 8 : explain INSERT INTO sbtest8 (id, k, c, pad) VALUES (3931997, 13, 'foobar', 'foobar')
	Insert on sbtest8  (cost=0.00..0.01 rows=0 width=0)
	  ->  Result  (cost=0.00..0.01 rows=1 width=736)

for: simple_ranges
table 1 : explain SELECT c FROM sbtest1 WHERE id BETWEEN 8885989 AND 8885998
	Index Scan using sbtest1_pkey on sbtest1  (cost=0.43..41.00 rows=10 width=121)
	  Index Cond: ((id >= 8885989) AND (id <= 8885998))

table 2 : explain SELECT c FROM sbtest2 WHERE id BETWEEN 368246 AND 368255
	Index Scan using sbtest2_pkey on sbtest2  (cost=0.43..40.94 rows=10 width=121)
	  Index Cond: ((id >= 368246) AND (id <= 368255))

table 3 : explain SELECT c FROM sbtest3 WHERE id BETWEEN 4365521 AND 4365530
	Index Scan using sbtest3_pkey on sbtest3  (cost=0.43..40.55 rows=10 width=121)
	  Index Cond: ((id >= 4365521) AND (id <= 4365530))

table 4 : explain SELECT c FROM sbtest4 WHERE id BETWEEN 4629084 AND 4629093
	Index Scan using sbtest4_pkey on sbtest4  (cost=0.43..40.60 rows=10 width=121)
	  Index Cond: ((id >= 4629084) AND (id <= 4629093))

table 5 : explain SELECT c FROM sbtest5 WHERE id BETWEEN 5319782 AND 5319791
	Index Scan using sbtest5_pkey on sbtest5  (cost=0.43..37.04 rows=9 width=121)
	  Index Cond: ((id >= 5319782) AND (id <= 5319791))

table 6 : explain SELECT c FROM sbtest6 WHERE id BETWEEN 7001244 AND 7001253
	Index Scan using sbtest6_pkey on sbtest6  (cost=0.43..40.63 rows=10 width=121)
	  Index Cond: ((id >= 7001244) AND (id <= 7001253))

table 7 : explain SELECT c FROM sbtest7 WHERE id BETWEEN 5198046 AND 5198055
	Index Scan using sbtest7_pkey on sbtest7  (cost=0.43..36.91 rows=9 width=121)
	  Index Cond: ((id >= 5198046) AND (id <= 5198055))

table 8 : explain SELECT c FROM sbtest8 WHERE id BETWEEN 7482478 AND 7482487
	Index Scan using sbtest8_pkey on sbtest8  (cost=0.43..44.59 rows=11 width=121)
	  Index Cond: ((id >= 7482478) AND (id <= 7482487))

for inserts
table 1 : explain INSERT INTO sbtest1 (id, k, c, pad) VALUES (7255079, 13, 'foobar', 'foobar')
	Insert on sbtest1  (cost=0.00..0.01 rows=0 width=0)
	  ->  Result  (cost=0.00..0.01 rows=1 width=736)

table 2 : explain INSERT INTO sbtest2 (id, k, c, pad) VALUES (9386390, 13, 'foobar', 'foobar')
	Insert on sbtest2  (cost=0.00..0.01 rows=0 width=0)
	  ->  Result  (cost=0.00..0.01 rows=1 width=736)

table 3 : explain INSERT INTO sbtest3 (id, k, c, pad) VALUES (1056101, 13, 'foobar', 'foobar')
	Insert on sbtest3  (cost=0.00..0.01 rows=0 width=0)
	  ->  Result  (cost=0.00..0.01 rows=1 width=736)

table 4 : explain INSERT INTO sbtest4 (id, k, c, pad) VALUES (3466470, 13, 'foobar', 'foobar')
	Insert on sbtest4  (cost=0.00..0.01 rows=0 width=0)
	  ->  Result  (cost=0.00..0.01 rows=1 width=736)

table 5 : explain INSERT INTO sbtest5 (id, k, c, pad) VALUES (8842216, 13, 'foobar', 'foobar')
	Insert on sbtest5  (cost=0.00..0.01 rows=0 width=0)
	  ->  Result  (cost=0.00..0.01 rows=1 width=736)

table 6 : explain INSERT INTO sbtest6 (id, k, c, pad) VALUES (2045370, 13, 'foobar', 'foobar')
	Insert on sbtest6  (cost=0.00..0.01 rows=0 width=0)
	  ->  Result  (cost=0.00..0.01 rows=1 width=736)

table 7 : explain INSERT INTO sbtest7 (id, k, c, pad) VALUES (5168952, 13, 'foobar', 'foobar')
	Insert on sbtest7  (cost=0.00..0.01 rows=0 width=0)
	  ->  Result  (cost=0.00..0.01 rows=1 width=736)

table 8 : explain INSERT INTO sbtest8 (id, k, c, pad) VALUES (9056005, 13, 'foobar', 'foobar')
	Insert on sbtest8  (cost=0.00..0.01 rows=0 width=0)
	  ->  Result  (cost=0.00..0.01 rows=1 width=736)

for: order_ranges
table 1 : explain SELECT c FROM sbtest1 WHERE id BETWEEN 4277250 AND 4277259 ORDER BY c
	Sort  (cost=41.16..41.19 rows=10 width=121)
	  Sort Key: c
	  ->  Index Scan using sbtest1_pkey on sbtest1  (cost=0.43..41.00 rows=10 width=121)
	        Index Cond: ((id >= 4277250) AND (id <= 4277259))

table 2 : explain SELECT c FROM sbtest2 WHERE id BETWEEN 3396265 AND 3396274 ORDER BY c
	Sort  (cost=41.11..41.13 rows=10 width=121)
	  Sort Key: c
	  ->  Index Scan using sbtest2_pkey on sbtest2  (cost=0.43..40.94 rows=10 width=121)
	        Index Cond: ((id >= 3396265) AND (id <= 3396274))

table 3 : explain SELECT c FROM sbtest3 WHERE id BETWEEN 8847089 AND 8847098 ORDER BY c
	Sort  (cost=40.71..40.74 rows=10 width=121)
	  Sort Key: c
	  ->  Index Scan using sbtest3_pkey on sbtest3  (cost=0.43..40.55 rows=10 width=121)
	        Index Cond: ((id >= 8847089) AND (id <= 8847098))

table 4 : explain SELECT c FROM sbtest4 WHERE id BETWEEN 784280 AND 784289 ORDER BY c
	Sort  (cost=44.37..44.39 rows=11 width=121)
	  Sort Key: c
	  ->  Index Scan using sbtest4_pkey on sbtest4  (cost=0.43..44.18 rows=11 width=121)
	        Index Cond: ((id >= 784280) AND (id <= 784289))

table 5 : explain SELECT c FROM sbtest5 WHERE id BETWEEN 9629459 AND 9629468 ORDER BY c
	Sort  (cost=40.78..40.80 rows=10 width=121)
	  Sort Key: c
	  ->  Index Scan using sbtest5_pkey on sbtest5  (cost=0.43..40.61 rows=10 width=121)
	        Index Cond: ((id >= 9629459) AND (id <= 9629468))

table 6 : explain SELECT c FROM sbtest6 WHERE id BETWEEN 7104777 AND 7104786 ORDER BY c
	Sort  (cost=40.80..40.82 rows=10 width=121)
	  Sort Key: c
	  ->  Index Scan using sbtest6_pkey on sbtest6  (cost=0.43..40.63 rows=10 width=121)
	        Index Cond: ((id >= 7104777) AND (id <= 7104786))

table 7 : explain SELECT c FROM sbtest7 WHERE id BETWEEN 9590956 AND 9590965 ORDER BY c
	Sort  (cost=40.63..40.65 rows=10 width=121)
	  Sort Key: c
	  ->  Index Scan using sbtest7_pkey on sbtest7  (cost=0.43..40.46 rows=10 width=121)
	        Index Cond: ((id >= 9590956) AND (id <= 9590965))

table 8 : explain SELECT c FROM sbtest8 WHERE id BETWEEN 7812877 AND 7812886 ORDER BY c
	Sort  (cost=41.14..41.17 rows=10 width=121)
	  Sort Key: c
	  ->  Index Scan using sbtest8_pkey on sbtest8  (cost=0.43..40.98 rows=10 width=121)
	        Index Cond: ((id >= 7812877) AND (id <= 7812886))

for: distinct_ranges
table 1 : explain SELECT DISTINCT c FROM sbtest1 WHERE id BETWEEN 7347958 AND 7347967 ORDER BY c
	Unique  (cost=41.16..41.21 rows=10 width=121)
	  ->  Sort  (cost=41.16..41.19 rows=10 width=121)
	        Sort Key: c
	        ->  Index Scan using sbtest1_pkey on sbtest1  (cost=0.43..41.00 rows=10 width=121)
	              Index Cond: ((id >= 7347958) AND (id <= 7347967))

table 2 : explain SELECT DISTINCT c FROM sbtest2 WHERE id BETWEEN 8859612 AND 8859621 ORDER BY c
	Unique  (cost=41.11..41.16 rows=10 width=121)
	  ->  Sort  (cost=41.11..41.13 rows=10 width=121)
	        Sort Key: c
	        ->  Index Scan using sbtest2_pkey on sbtest2  (cost=0.43..40.94 rows=10 width=121)
	              Index Cond: ((id >= 8859612) AND (id <= 8859621))

table 3 : explain SELECT DISTINCT c FROM sbtest3 WHERE id BETWEEN 1364203 AND 1364212 ORDER BY c
	Unique  (cost=40.71..40.76 rows=10 width=121)
	  ->  Sort  (cost=40.71..40.74 rows=10 width=121)
	        Sort Key: c
	        ->  Index Scan using sbtest3_pkey on sbtest3  (cost=0.43..40.55 rows=10 width=121)
	              Index Cond: ((id >= 1364203) AND (id <= 1364212))

table 4 : explain SELECT DISTINCT c FROM sbtest4 WHERE id BETWEEN 1628821 AND 1628830 ORDER BY c
	Unique  (cost=40.77..40.82 rows=10 width=121)
	  ->  Sort  (cost=40.77..40.79 rows=10 width=121)
	        Sort Key: c
	        ->  Index Scan using sbtest4_pkey on sbtest4  (cost=0.43..40.60 rows=10 width=121)
	              Index Cond: ((id >= 1628821) AND (id <= 1628830))

table 5 : explain SELECT DISTINCT c FROM sbtest5 WHERE id BETWEEN 3160997 AND 3161006 ORDER BY c
	Unique  (cost=40.78..40.83 rows=10 width=121)
	  ->  Sort  (cost=40.78..40.80 rows=10 width=121)
	        Sort Key: c
	        ->  Index Scan using sbtest5_pkey on sbtest5  (cost=0.43..40.61 rows=10 width=121)
	              Index Cond: ((id >= 3160997) AND (id <= 3161006))

table 6 : explain SELECT DISTINCT c FROM sbtest6 WHERE id BETWEEN 3737895 AND 3737904 ORDER BY c
	Unique  (cost=40.80..40.85 rows=10 width=121)
	  ->  Sort  (cost=40.80..40.82 rows=10 width=121)
	        Sort Key: c
	        ->  Index Scan using sbtest6_pkey on sbtest6  (cost=0.43..40.63 rows=10 width=121)
	              Index Cond: ((id >= 3737895) AND (id <= 3737904))

table 7 : explain SELECT DISTINCT c FROM sbtest7 WHERE id BETWEEN 4590258 AND 4590267 ORDER BY c
	Unique  (cost=44.21..44.26 rows=11 width=121)
	  ->  Sort  (cost=44.21..44.24 rows=11 width=121)
	        Sort Key: c
	        ->  Index Scan using sbtest7_pkey on sbtest7  (cost=0.43..44.02 rows=11 width=121)
	              Index Cond: ((id >= 4590258) AND (id <= 4590267))

table 8 : explain SELECT DISTINCT c FROM sbtest8 WHERE id BETWEEN 353291 AND 353300 ORDER BY c
	Unique  (cost=41.14..41.19 rows=10 width=121)
	  ->  Sort  (cost=41.14..41.17 rows=10 width=121)
	        Sort Key: c
	        ->  Index Scan using sbtest8_pkey on sbtest8  (cost=0.43..40.98 rows=10 width=121)
	              Index Cond: ((id >= 353291) AND (id <= 353300))

explain: for non_index_updates :: explain UPDATE sbtest%u SET c='foobar' WHERE id=%u
for inserts
table 1 : explain INSERT INTO sbtest1 (id, k, c, pad) VALUES (4039695, 13, 'foobar', 'foobar')
	Insert on sbtest1  (cost=0.00..0.01 rows=0 width=0)
	  ->  Result  (cost=0.00..0.01 rows=1 width=736)

table 2 : explain INSERT INTO sbtest2 (id, k, c, pad) VALUES (7914810, 13, 'foobar', 'foobar')
	Insert on sbtest2  (cost=0.00..0.01 rows=0 width=0)
	  ->  Result  (cost=0.00..0.01 rows=1 width=736)

table 3 : explain INSERT INTO sbtest3 (id, k, c, pad) VALUES (901509, 13, 'foobar', 'foobar')
	Insert on sbtest3  (cost=0.00..0.01 rows=0 width=0)
	  ->  Result  (cost=0.00..0.01 rows=1 width=736)

table 4 : explain INSERT INTO sbtest4 (id, k, c, pad) VALUES (1972103, 13, 'foobar', 'foobar')
	Insert on sbtest4  (cost=0.00..0.01 rows=0 width=0)
	  ->  Result  (cost=0.00..0.01 rows=1 width=736)

table 5 : explain INSERT INTO sbtest5 (id, k, c, pad) VALUES (7163627, 13, 'foobar', 'foobar')
	Insert on sbtest5  (cost=0.00..0.01 rows=0 width=0)
	  ->  Result  (cost=0.00..0.01 rows=1 width=736)

table 6 : explain INSERT INTO sbtest6 (id, k, c, pad) VALUES (9561083, 13, 'foobar', 'foobar')
	Insert on sbtest6  (cost=0.00..0.01 rows=0 width=0)
	  ->  Result  (cost=0.00..0.01 rows=1 width=736)

table 7 : explain INSERT INTO sbtest7 (id, k, c, pad) VALUES (8724357, 13, 'foobar', 'foobar')
	Insert on sbtest7  (cost=0.00..0.01 rows=0 width=0)
	  ->  Result  (cost=0.00..0.01 rows=1 width=736)

table 8 : explain INSERT INTO sbtest8 (id, k, c, pad) VALUES (7924745, 13, 'foobar', 'foobar')
	Insert on sbtest8  (cost=0.00..0.01 rows=0 width=0)
	  ->  Result  (cost=0.00..0.01 rows=1 width=736)

for: simple_ranges
table 1 : explain SELECT c FROM sbtest1 WHERE id BETWEEN 1866758 AND 1866767
	Index Scan using sbtest1_pkey on sbtest1  (cost=0.43..44.61 rows=11 width=121)
	  Index Cond: ((id >= 1866758) AND (id <= 1866767))

table 2 : explain SELECT c FROM sbtest2 WHERE id BETWEEN 877069 AND 877078
	Index Scan using sbtest2_pkey on sbtest2  (cost=0.43..40.94 rows=10 width=121)
	  Index Cond: ((id >= 877069) AND (id <= 877078))

table 3 : explain SELECT c FROM sbtest3 WHERE id BETWEEN 4591060 AND 4591069
	Index Scan using sbtest3_pkey on sbtest3  (cost=0.43..40.55 rows=10 width=121)
	  Index Cond: ((id >= 4591060) AND (id <= 4591069))

table 4 : explain SELECT c FROM sbtest4 WHERE id BETWEEN 6375404 AND 6375413
	Index Scan using sbtest4_pkey on sbtest4  (cost=0.43..40.60 rows=10 width=121)
	  Index Cond: ((id >= 6375404) AND (id <= 6375413))

table 5 : explain SELECT c FROM sbtest5 WHERE id BETWEEN 1067298 AND 1067307
	Index Scan using sbtest5_pkey on sbtest5  (cost=0.43..44.18 rows=11 width=121)
	  Index Cond: ((id >= 1067298) AND (id <= 1067307))

table 6 : explain SELECT c FROM sbtest6 WHERE id BETWEEN 9266524 AND 9266533
	Index Scan using sbtest6_pkey on sbtest6  (cost=0.43..44.21 rows=11 width=121)
	  Index Cond: ((id >= 9266524) AND (id <= 9266533))

table 7 : explain SELECT c FROM sbtest7 WHERE id BETWEEN 5282089 AND 5282098
	Index Scan using sbtest7_pkey on sbtest7  (cost=0.43..40.46 rows=10 width=121)
	  Index Cond: ((id >= 5282089) AND (id <= 5282098))

table 8 : explain SELECT c FROM sbtest8 WHERE id BETWEEN 1008808 AND 1008817
	Index Scan using sbtest8_pkey on sbtest8  (cost=0.43..40.98 rows=10 width=121)
	  Index Cond: ((id >= 1008808) AND (id <= 1008817))

for: distinct_ranges
table 1 : explain SELECT DISTINCT c FROM sbtest1 WHERE id BETWEEN 2989107 AND 2989116 ORDER BY c
	Unique  (cost=41.16..41.21 rows=10 width=121)
	  ->  Sort  (cost=41.16..41.19 rows=10 width=121)
	        Sort Key: c
	        ->  Index Scan using sbtest1_pkey on sbtest1  (cost=0.43..41.00 rows=10 width=121)
	              Index Cond: ((id >= 2989107) AND (id <= 2989116))

table 2 : explain SELECT DISTINCT c FROM sbtest2 WHERE id BETWEEN 5214494 AND 5214503 ORDER BY c
	Unique  (cost=44.74..44.80 rows=11 width=121)
	  ->  Sort  (cost=44.74..44.77 rows=11 width=121)
	        Sort Key: c
	        ->  Index Scan using sbtest2_pkey on sbtest2  (cost=0.43..44.55 rows=11 width=121)
	              Index Cond: ((id >= 5214494) AND (id <= 5214503))

table 3 : explain SELECT DISTINCT c FROM sbtest3 WHERE id BETWEEN 674298 AND 674307 ORDER BY c
	Unique  (cost=40.71..40.76 rows=10 width=121)
	  ->  Sort  (cost=40.71..40.74 rows=10 width=121)
	        Sort Key: c
	        ->  Index Scan using sbtest3_pkey on sbtest3  (cost=0.43..40.55 rows=10 width=121)
	              Index Cond: ((id >= 674298) AND (id <= 674307))

table 4 : explain SELECT DISTINCT c FROM sbtest4 WHERE id BETWEEN 7672968 AND 7672977 ORDER BY c
	Unique  (cost=40.77..40.82 rows=10 width=121)
	  ->  Sort  (cost=40.77..40.79 rows=10 width=121)
	        Sort Key: c
	        ->  Index Scan using sbtest4_pkey on sbtest4  (cost=0.43..40.60 rows=10 width=121)
	              Index Cond: ((id >= 7672968) AND (id <= 7672977))

table 5 : explain SELECT DISTINCT c FROM sbtest5 WHERE id BETWEEN 1021404 AND 1021413 ORDER BY c
	Unique  (cost=44.37..44.43 rows=11 width=121)
	  ->  Sort  (cost=44.37..44.40 rows=11 width=121)
	        Sort Key: c
	        ->  Index Scan using sbtest5_pkey on sbtest5  (cost=0.43..44.18 rows=11 width=121)
	              Index Cond: ((id >= 1021404) AND (id <= 1021413))

table 6 : explain SELECT DISTINCT c FROM sbtest6 WHERE id BETWEEN 8669986 AND 8669995 ORDER BY c
	Unique  (cost=40.80..40.85 rows=10 width=121)
	  ->  Sort  (cost=40.80..40.82 rows=10 width=121)
	        Sort Key: c
	        ->  Index Scan using sbtest6_pkey on sbtest6  (cost=0.43..40.63 rows=10 width=121)
	              Index Cond: ((id >= 8669986) AND (id <= 8669995))

table 7 : explain SELECT DISTINCT c FROM sbtest7 WHERE id BETWEEN 1223767 AND 1223776 ORDER BY c
	Unique  (cost=40.63..40.68 rows=10 width=121)
	  ->  Sort  (cost=40.63..40.65 rows=10 width=121)
	        Sort Key: c
	        ->  Index Scan using sbtest7_pkey on sbtest7  (cost=0.43..40.46 rows=10 width=121)
	              Index Cond: ((id >= 1223767) AND (id <= 1223776))

table 8 : explain SELECT DISTINCT c FROM sbtest8 WHERE id BETWEEN 2277019 AND 2277028 ORDER BY c
	Unique  (cost=41.14..41.19 rows=10 width=121)
	  ->  Sort  (cost=41.14..41.17 rows=10 width=121)
	        Sort Key: c
	        ->  Index Scan using sbtest8_pkey on sbtest8  (cost=0.43..40.98 rows=10 width=121)
	              Index Cond: ((id >= 2277019) AND (id <= 2277028))

for point_selects
table 1 : explain SELECT c FROM sbtest1 WHERE id=4177766
	Index Scan using sbtest1_pkey on sbtest1  (cost=0.43..8.45 rows=1 width=121)
	  Index Cond: (id = 4177766)

table 2 : explain SELECT c FROM sbtest2 WHERE id=1516828
	Index Scan using sbtest2_pkey on sbtest2  (cost=0.43..8.45 rows=1 width=121)
	  Index Cond: (id = 1516828)

table 3 : explain SELECT c FROM sbtest3 WHERE id=547862
	Index Scan using sbtest3_pkey on sbtest3  (cost=0.43..8.45 rows=1 width=121)
	  Index Cond: (id = 547862)

table 4 : explain SELECT c FROM sbtest4 WHERE id=3387510
	Index Scan using sbtest4_pkey on sbtest4  (cost=0.43..8.45 rows=1 width=121)
	  Index Cond: (id = 3387510)

table 5 : explain SELECT c FROM sbtest5 WHERE id=1831592
	Index Scan using sbtest5_pkey on sbtest5  (cost=0.43..8.45 rows=1 width=121)
	  Index Cond: (id = 1831592)

table 6 : explain SELECT c FROM sbtest6 WHERE id=5299980
	Index Scan using sbtest6_pkey on sbtest6  (cost=0.43..8.45 rows=1 width=121)
	  Index Cond: (id = 5299980)

table 7 : explain SELECT c FROM sbtest7 WHERE id=518262
	Index Scan using sbtest7_pkey on sbtest7  (cost=0.43..8.45 rows=1 width=121)
	  Index Cond: (id = 518262)

table 8 : explain SELECT c FROM sbtest8 WHERE id=465348
	Index Scan using sbtest8_pkey on sbtest8  (cost=0.43..8.45 rows=1 width=121)
	  Index Cond: (id = 465348)

for non_index_updates
table 1 : explain UPDATE sbtest1 SET c='foobar' WHERE id=7188549
	Update on sbtest1  (cost=0.43..8.45 rows=0 width=0)
	  ->  Index Scan using sbtest1_pkey on sbtest1  (cost=0.43..8.45 rows=1 width=490)
	        Index Cond: (id = 7188549)

table 2 : explain UPDATE sbtest2 SET c='foobar' WHERE id=8981118
	Update on sbtest2  (cost=0.43..8.45 rows=0 width=0)
	  ->  Index Scan using sbtest2_pkey on sbtest2  (cost=0.43..8.45 rows=1 width=490)
	        Index Cond: (id = 8981118)

table 3 : explain UPDATE sbtest3 SET c='foobar' WHERE id=1106717
	Update on sbtest3  (cost=0.43..8.45 rows=0 width=0)
	  ->  Index Scan using sbtest3_pkey on sbtest3  (cost=0.43..8.45 rows=1 width=490)
	        Index Cond: (id = 1106717)

table 4 : explain UPDATE sbtest4 SET c='foobar' WHERE id=6802540
	Update on sbtest4  (cost=0.43..8.45 rows=0 width=0)
	  ->  Index Scan using sbtest4_pkey on sbtest4  (cost=0.43..8.45 rows=1 width=490)
	        Index Cond: (id = 6802540)

table 5 : explain UPDATE sbtest5 SET c='foobar' WHERE id=9004548
	Update on sbtest5  (cost=0.43..8.45 rows=0 width=0)
	  ->  Index Scan using sbtest5_pkey on sbtest5  (cost=0.43..8.45 rows=1 width=490)
	        Index Cond: (id = 9004548)

table 6 : explain UPDATE sbtest6 SET c='foobar' WHERE id=7164639
	Update on sbtest6  (cost=0.43..8.45 rows=0 width=0)
	  ->  Index Scan using sbtest6_pkey on sbtest6  (cost=0.43..8.45 rows=1 width=490)
	        Index Cond: (id = 7164639)

table 7 : explain UPDATE sbtest7 SET c='foobar' WHERE id=8465902
	Update on sbtest7  (cost=0.43..8.45 rows=0 width=0)
	  ->  Index Scan using sbtest7_pkey on sbtest7  (cost=0.43..8.45 rows=1 width=490)
	        Index Cond: (id = 8465902)

table 8 : explain UPDATE sbtest8 SET c='foobar' WHERE id=5331577
	Update on sbtest8  (cost=0.43..8.45 rows=0 width=0)
	  ->  Index Scan using sbtest8_pkey on sbtest8  (cost=0.43..8.45 rows=1 width=490)
	        Index Cond: (id = 5331577)

for: distinct_ranges
table 1 : explain SELECT DISTINCT c FROM sbtest1 WHERE id BETWEEN 3333659 AND 3333668 ORDER BY c
	Unique  (cost=41.16..41.21 rows=10 width=121)
	  ->  Sort  (cost=41.16..41.19 rows=10 width=121)
	        Sort Key: c
	        ->  Index Scan using sbtest1_pkey on sbtest1  (cost=0.43..41.00 rows=10 width=121)
	              Index Cond: ((id >= 3333659) AND (id <= 3333668))

table 2 : explain SELECT DISTINCT c FROM sbtest2 WHERE id BETWEEN 9354546 AND 9354555 ORDER BY c
	Unique  (cost=41.11..41.16 rows=10 width=121)
	  ->  Sort  (cost=41.11..41.13 rows=10 width=121)
	        Sort Key: c
	        ->  Index Scan using sbtest2_pkey on sbtest2  (cost=0.43..40.94 rows=10 width=121)
	              Index Cond: ((id >= 9354546) AND (id <= 9354555))

table 3 : explain SELECT DISTINCT c FROM sbtest3 WHERE id BETWEEN 2884778 AND 2884787 ORDER BY c
	Unique  (cost=40.71..40.76 rows=10 width=121)
	  ->  Sort  (cost=40.71..40.74 rows=10 width=121)
	        Sort Key: c
	        ->  Index Scan using sbtest3_pkey on sbtest3  (cost=0.43..40.55 rows=10 width=121)
	              Index Cond: ((id >= 2884778) AND (id <= 2884787))

table 4 : explain SELECT DISTINCT c FROM sbtest4 WHERE id BETWEEN 3910163 AND 3910172 ORDER BY c
	Unique  (cost=40.77..40.82 rows=10 width=121)
	  ->  Sort  (cost=40.77..40.79 rows=10 width=121)
	        Sort Key: c
	        ->  Index Scan using sbtest4_pkey on sbtest4  (cost=0.43..40.60 rows=10 width=121)
	              Index Cond: ((id >= 3910163) AND (id <= 3910172))

table 5 : explain SELECT DISTINCT c FROM sbtest5 WHERE id BETWEEN 7603771 AND 7603780 ORDER BY c
	Unique  (cost=40.78..40.83 rows=10 width=121)
	  ->  Sort  (cost=40.78..40.80 rows=10 width=121)
	        Sort Key: c
	        ->  Index Scan using sbtest5_pkey on sbtest5  (cost=0.43..40.61 rows=10 width=121)
	              Index Cond: ((id >= 7603771) AND (id <= 7603780))

table 6 : explain SELECT DISTINCT c FROM sbtest6 WHERE id BETWEEN 8077489 AND 8077498 ORDER BY c
	Unique  (cost=37.20..37.24 rows=9 width=121)
	  ->  Sort  (cost=37.20..37.22 rows=9 width=121)
	        Sort Key: c
	        ->  Index Scan using sbtest6_pkey on sbtest6  (cost=0.43..37.06 rows=9 width=121)
	              Index Cond: ((id >= 8077489) AND (id <= 8077498))

table 7 : explain SELECT DISTINCT c FROM sbtest7 WHERE id BETWEEN 8463101 AND 8463110 ORDER BY c
	Unique  (cost=40.63..40.68 rows=10 width=121)
	  ->  Sort  (cost=40.63..40.65 rows=10 width=121)
	        Sort Key: c
	        ->  Index Scan using sbtest7_pkey on sbtest7  (cost=0.43..40.46 rows=10 width=121)
	              Index Cond: ((id >= 8463101) AND (id <= 8463110))

table 8 : explain SELECT DISTINCT c FROM sbtest8 WHERE id BETWEEN 376034 AND 376043 ORDER BY c
	Unique  (cost=41.14..41.19 rows=10 width=121)
	  ->  Sort  (cost=41.14..41.17 rows=10 width=121)
	        Sort Key: c
	        ->  Index Scan using sbtest8_pkey on sbtest8  (cost=0.43..40.98 rows=10 width=121)
	              Index Cond: ((id >= 376034) AND (id <= 376043))

for: sum_ranges
table 1 : explain SELECT SUM(k) FROM sbtest1 WHERE id BETWEEN 2781113 AND 2781122
	Aggregate  (cost=37.40..37.41 rows=1 width=8)
	  ->  Index Scan using sbtest1_pkey on sbtest1  (cost=0.43..37.38 rows=9 width=4)
	        Index Cond: ((id >= 2781113) AND (id <= 2781122))

table 2 : explain SELECT SUM(k) FROM sbtest2 WHERE id BETWEEN 3064488 AND 3064497
	Aggregate  (cost=40.97..40.98 rows=1 width=8)
	  ->  Index Scan using sbtest2_pkey on sbtest2  (cost=0.43..40.94 rows=10 width=4)
	        Index Cond: ((id >= 3064488) AND (id <= 3064497))

table 3 : explain SELECT SUM(k) FROM sbtest3 WHERE id BETWEEN 3074800 AND 3074809
	Aggregate  (cost=40.57..40.58 rows=1 width=8)
	  ->  Index Scan using sbtest3_pkey on sbtest3  (cost=0.43..40.55 rows=10 width=4)
	        Index Cond: ((id >= 3074800) AND (id <= 3074809))

table 4 : explain SELECT SUM(k) FROM sbtest4 WHERE id BETWEEN 1159606 AND 1159615
	Aggregate  (cost=44.20..44.21 rows=1 width=8)
	  ->  Index Scan using sbtest4_pkey on sbtest4  (cost=0.43..44.18 rows=11 width=4)
	        Index Cond: ((id >= 1159606) AND (id <= 1159615))

table 5 : explain SELECT SUM(k) FROM sbtest5 WHERE id BETWEEN 9424281 AND 9424290
	Aggregate  (cost=44.21..44.22 rows=1 width=8)
	  ->  Index Scan using sbtest5_pkey on sbtest5  (cost=0.43..44.18 rows=11 width=4)
	        Index Cond: ((id >= 9424281) AND (id <= 9424290))

table 6 : explain SELECT SUM(k) FROM sbtest6 WHERE id BETWEEN 7779033 AND 7779042
	Aggregate  (cost=40.66..40.67 rows=1 width=8)
	  ->  Index Scan using sbtest6_pkey on sbtest6  (cost=0.43..40.63 rows=10 width=4)
	        Index Cond: ((id >= 7779033) AND (id <= 7779042))

table 7 : explain SELECT SUM(k) FROM sbtest7 WHERE id BETWEEN 3044031 AND 3044040
	Aggregate  (cost=40.49..40.50 rows=1 width=8)
	  ->  Index Scan using sbtest7_pkey on sbtest7  (cost=0.43..40.46 rows=10 width=4)
	        Index Cond: ((id >= 3044031) AND (id <= 3044040))

table 8 : explain SELECT SUM(k) FROM sbtest8 WHERE id BETWEEN 1710850 AND 1710859
	Aggregate  (cost=41.00..41.01 rows=1 width=8)
	  ->  Index Scan using sbtest8_pkey on sbtest8  (cost=0.43..40.98 rows=10 width=4)
	        Index Cond: ((id >= 1710850) AND (id <= 1710859))

explain: for index_updates :: explain UPDATE sbtest%u SET k=k+1 WHERE id=%u
for: sum_ranges
table 1 : explain SELECT SUM(k) FROM sbtest1 WHERE id BETWEEN 7094692 AND 7094701
	Aggregate  (cost=41.02..41.03 rows=1 width=8)
	  ->  Index Scan using sbtest1_pkey on sbtest1  (cost=0.43..41.00 rows=10 width=4)
	        Index Cond: ((id >= 7094692) AND (id <= 7094701))

table 2 : explain SELECT SUM(k) FROM sbtest2 WHERE id BETWEEN 8456702 AND 8456711
	Aggregate  (cost=40.97..40.98 rows=1 width=8)
	  ->  Index Scan using sbtest2_pkey on sbtest2  (cost=0.43..40.94 rows=10 width=4)
	        Index Cond: ((id >= 8456702) AND (id <= 8456711))

table 3 : explain SELECT SUM(k) FROM sbtest3 WHERE id BETWEEN 7940698 AND 7940707
	Aggregate  (cost=40.57..40.58 rows=1 width=8)
	  ->  Index Scan using sbtest3_pkey on sbtest3  (cost=0.43..40.55 rows=10 width=4)
	        Index Cond: ((id >= 7940698) AND (id <= 7940707))

table 4 : explain SELECT SUM(k) FROM sbtest4 WHERE id BETWEEN 3596092 AND 3596101
	Aggregate  (cost=40.63..40.64 rows=1 width=8)
	  ->  Index Scan using sbtest4_pkey on sbtest4  (cost=0.43..40.60 rows=10 width=4)
	        Index Cond: ((id >= 3596092) AND (id <= 3596101))

table 5 : explain SELECT SUM(k) FROM sbtest5 WHERE id BETWEEN 7538438 AND 7538447
	Aggregate  (cost=40.63..40.64 rows=1 width=8)
	  ->  Index Scan using sbtest5_pkey on sbtest5  (cost=0.43..40.61 rows=10 width=4)
	        Index Cond: ((id >= 7538438) AND (id <= 7538447))

table 6 : explain SELECT SUM(k) FROM sbtest6 WHERE id BETWEEN 1489650 AND 1489659
	Aggregate  (cost=40.66..40.67 rows=1 width=8)
	  ->  Index Scan using sbtest6_pkey on sbtest6  (cost=0.43..40.63 rows=10 width=4)
	        Index Cond: ((id >= 1489650) AND (id <= 1489659))

table 7 : explain SELECT SUM(k) FROM sbtest7 WHERE id BETWEEN 8085282 AND 8085291
	Aggregate  (cost=40.49..40.50 rows=1 width=8)
	  ->  Index Scan using sbtest7_pkey on sbtest7  (cost=0.43..40.46 rows=10 width=4)
	        Index Cond: ((id >= 8085282) AND (id <= 8085291))

table 8 : explain SELECT SUM(k) FROM sbtest8 WHERE id BETWEEN 2669876 AND 2669885
	Aggregate  (cost=37.39..37.40 rows=1 width=8)
	  ->  Index Scan using sbtest8_pkey on sbtest8  (cost=0.43..37.36 rows=9 width=4)
	        Index Cond: ((id >= 2669876) AND (id <= 2669885))

for: sum_ranges
table 1 : explain SELECT SUM(k) FROM sbtest1 WHERE id BETWEEN 7451193 AND 7451202
	Aggregate  (cost=41.02..41.03 rows=1 width=8)
	  ->  Index Scan using sbtest1_pkey on sbtest1  (cost=0.43..41.00 rows=10 width=4)
	        Index Cond: ((id >= 7451193) AND (id <= 7451202))

table 2 : explain SELECT SUM(k) FROM sbtest2 WHERE id BETWEEN 9872642 AND 9872651
	Aggregate  (cost=44.58..44.59 rows=1 width=8)
	  ->  Index Scan using sbtest2_pkey on sbtest2  (cost=0.43..44.55 rows=11 width=4)
	        Index Cond: ((id >= 9872642) AND (id <= 9872651))

table 3 : explain SELECT SUM(k) FROM sbtest3 WHERE id BETWEEN 7450562 AND 7450571
	Aggregate  (cost=40.57..40.58 rows=1 width=8)
	  ->  Index Scan using sbtest3_pkey on sbtest3  (cost=0.43..40.55 rows=10 width=4)
	        Index Cond: ((id >= 7450562) AND (id <= 7450571))

table 4 : explain SELECT SUM(k) FROM sbtest4 WHERE id BETWEEN 4324805 AND 4324814
	Aggregate  (cost=40.63..40.64 rows=1 width=8)
	  ->  Index Scan using sbtest4_pkey on sbtest4  (cost=0.43..40.60 rows=10 width=4)
	        Index Cond: ((id >= 4324805) AND (id <= 4324814))

table 5 : explain SELECT SUM(k) FROM sbtest5 WHERE id BETWEEN 4995838 AND 4995847
	Aggregate  (cost=40.63..40.64 rows=1 width=8)
	  ->  Index Scan using sbtest5_pkey on sbtest5  (cost=0.43..40.61 rows=10 width=4)
	        Index Cond: ((id >= 4995838) AND (id <= 4995847))

table 6 : explain SELECT SUM(k) FROM sbtest6 WHERE id BETWEEN 8697425 AND 8697434
	Aggregate  (cost=37.08..37.09 rows=1 width=8)
	  ->  Index Scan using sbtest6_pkey on sbtest6  (cost=0.43..37.06 rows=9 width=4)
	        Index Cond: ((id >= 8697425) AND (id <= 8697434))

table 7 : explain SELECT SUM(k) FROM sbtest7 WHERE id BETWEEN 5779566 AND 5779575
	Aggregate  (cost=40.49..40.50 rows=1 width=8)
	  ->  Index Scan using sbtest7_pkey on sbtest7  (cost=0.43..40.46 rows=10 width=4)
	        Index Cond: ((id >= 5779566) AND (id <= 5779575))

table 8 : explain SELECT SUM(k) FROM sbtest8 WHERE id BETWEEN 8140491 AND 8140500
	Aggregate  (cost=44.62..44.63 rows=1 width=8)
	  ->  Index Scan using sbtest8_pkey on sbtest8  (cost=0.43..44.59 rows=11 width=4)
	        Index Cond: ((id >= 8140491) AND (id <= 8140500))

for: simple_ranges
table 1 : explain SELECT c FROM sbtest1 WHERE id BETWEEN 2655750 AND 2655759
	Index Scan using sbtest1_pkey on sbtest1  (cost=0.43..41.00 rows=10 width=121)
	  Index Cond: ((id >= 2655750) AND (id <= 2655759))

table 2 : explain SELECT c FROM sbtest2 WHERE id BETWEEN 9577909 AND 9577918
	Index Scan using sbtest2_pkey on sbtest2  (cost=0.43..40.94 rows=10 width=121)
	  Index Cond: ((id >= 9577909) AND (id <= 9577918))

table 3 : explain SELECT c FROM sbtest3 WHERE id BETWEEN 8408213 AND 8408222
	Index Scan using sbtest3_pkey on sbtest3  (cost=0.43..40.55 rows=10 width=121)
	  Index Cond: ((id >= 8408213) AND (id <= 8408222))

table 4 : explain SELECT c FROM sbtest4 WHERE id BETWEEN 9682258 AND 9682267
	Index Scan using sbtest4_pkey on sbtest4  (cost=0.43..40.60 rows=10 width=121)
	  Index Cond: ((id >= 9682258) AND (id <= 9682267))

table 5 : explain SELECT c FROM sbtest5 WHERE id BETWEEN 7975625 AND 7975634
	Index Scan using sbtest5_pkey on sbtest5  (cost=0.43..40.61 rows=10 width=121)
	  Index Cond: ((id >= 7975625) AND (id <= 7975634))

table 6 : explain SELECT c FROM sbtest6 WHERE id BETWEEN 5946447 AND 5946456
	Index Scan using sbtest6_pkey on sbtest6  (cost=0.43..37.06 rows=9 width=121)
	  Index Cond: ((id >= 5946447) AND (id <= 5946456))

table 7 : explain SELECT c FROM sbtest7 WHERE id BETWEEN 7172280 AND 7172289
	Index Scan using sbtest7_pkey on sbtest7  (cost=0.43..36.91 rows=9 width=121)
	  Index Cond: ((id >= 7172280) AND (id <= 7172289))

table 8 : explain SELECT c FROM sbtest8 WHERE id BETWEEN 8463141 AND 8463150
	Index Scan using sbtest8_pkey on sbtest8  (cost=0.43..40.98 rows=10 width=121)
	  Index Cond: ((id >= 8463141) AND (id <= 8463150))

for index_updates
table 1 : explain UPDATE sbtest1 SET k=k+1 WHERE id=6302744
	Update on sbtest1  (cost=0.43..8.46 rows=0 width=0)
	  ->  Index Scan using sbtest1_pkey on sbtest1  (cost=0.43..8.46 rows=1 width=10)
	        Index Cond: (id = 6302744)

table 2 : explain UPDATE sbtest2 SET k=k+1 WHERE id=6979624
	Update on sbtest2  (cost=0.43..8.46 rows=0 width=0)
	  ->  Index Scan using sbtest2_pkey on sbtest2  (cost=0.43..8.46 rows=1 width=10)
	        Index Cond: (id = 6979624)

table 3 : explain UPDATE sbtest3 SET k=k+1 WHERE id=9834414
	Update on sbtest3  (cost=0.43..8.46 rows=0 width=0)
	  ->  Index Scan using sbtest3_pkey on sbtest3  (cost=0.43..8.46 rows=1 width=10)
	        Index Cond: (id = 9834414)

table 4 : explain UPDATE sbtest4 SET k=k+1 WHERE id=1685588
	Update on sbtest4  (cost=0.43..8.46 rows=0 width=0)
	  ->  Index Scan using sbtest4_pkey on sbtest4  (cost=0.43..8.46 rows=1 width=10)
	        Index Cond: (id = 1685588)

table 5 : explain UPDATE sbtest5 SET k=k+1 WHERE id=7077742
	Update on sbtest5  (cost=0.43..8.46 rows=0 width=0)
	  ->  Index Scan using sbtest5_pkey on sbtest5  (cost=0.43..8.46 rows=1 width=10)
	        Index Cond: (id = 7077742)

table 6 : explain UPDATE sbtest6 SET k=k+1 WHERE id=4353278
	Update on sbtest6  (cost=0.43..8.46 rows=0 width=0)
	  ->  Index Scan using sbtest6_pkey on sbtest6  (cost=0.43..8.46 rows=1 width=10)
	        Index Cond: (id = 4353278)

table 7 : explain UPDATE sbtest7 SET k=k+1 WHERE id=4057009
	Update on sbtest7  (cost=0.43..8.46 rows=0 width=0)
	  ->  Index Scan using sbtest7_pkey on sbtest7  (cost=0.43..8.46 rows=1 width=10)
	        Index Cond: (id = 4057009)

table 8 : explain UPDATE sbtest8 SET k=k+1 WHERE id=3878558
	Update on sbtest8  (cost=0.43..8.46 rows=0 width=0)
	  ->  Index Scan using sbtest8_pkey on sbtest8  (cost=0.43..8.46 rows=1 width=10)
	        Index Cond: (id = 3878558)

explain: for deletes :: explain DELETE FROM sbtest%u WHERE id=%u
explain: for point_selects :: explain SELECT c FROM sbtest%u WHERE id=%u
explain: for index_updates :: explain UPDATE sbtest%u SET k=k+1 WHERE id=%u
explain: for non_index_updates :: explain UPDATE sbtest%u SET c='foobar' WHERE id=%u
for: order_ranges
table 1 : explain SELECT c FROM sbtest1 WHERE id BETWEEN 2692037 AND 2692046 ORDER BY c
	Sort  (cost=41.16..41.19 rows=10 width=121)
	  Sort Key: c
	  ->  Index Scan using sbtest1_pkey on sbtest1  (cost=0.43..41.00 rows=10 width=121)
	        Index Cond: ((id >= 2692037) AND (id <= 2692046))

table 2 : explain SELECT c FROM sbtest2 WHERE id BETWEEN 9814114 AND 9814123 ORDER BY c
	Sort  (cost=44.74..44.77 rows=11 width=121)
	  Sort Key: c
	  ->  Index Scan using sbtest2_pkey on sbtest2  (cost=0.43..44.55 rows=11 width=121)
	        Index Cond: ((id >= 9814114) AND (id <= 9814123))

table 3 : explain SELECT c FROM sbtest3 WHERE id BETWEEN 3455687 AND 3455696 ORDER BY c
	Sort  (cost=40.71..40.74 rows=10 width=121)
	  Sort Key: c
	  ->  Index Scan using sbtest3_pkey on sbtest3  (cost=0.43..40.55 rows=10 width=121)
	        Index Cond: ((id >= 3455687) AND (id <= 3455696))

table 4 : explain SELECT c FROM sbtest4 WHERE id BETWEEN 4912117 AND 4912126 ORDER BY c
	Sort  (cost=40.77..40.79 rows=10 width=121)
	  Sort Key: c
	  ->  Index Scan using sbtest4_pkey on sbtest4  (cost=0.43..40.60 rows=10 width=121)
	        Index Cond: ((id >= 4912117) AND (id <= 4912126))

table 5 : explain SELECT c FROM sbtest5 WHERE id BETWEEN 6970807 AND 6970816 ORDER BY c
	Sort  (cost=40.78..40.80 rows=10 width=121)
	  Sort Key: c
	  ->  Index Scan using sbtest5_pkey on sbtest5  (cost=0.43..40.61 rows=10 width=121)
	        Index Cond: ((id >= 6970807) AND (id <= 6970816))

table 6 : explain SELECT c FROM sbtest6 WHERE id BETWEEN 1308583 AND 1308592 ORDER BY c
	Sort  (cost=44.40..44.43 rows=11 width=121)
	  Sort Key: c
	  ->  Index Scan using sbtest6_pkey on sbtest6  (cost=0.43..44.21 rows=11 width=121)
	        Index Cond: ((id >= 1308583) AND (id <= 1308592))

table 7 : explain SELECT c FROM sbtest7 WHERE id BETWEEN 5322283 AND 5322292 ORDER BY c
	Sort  (cost=40.63..40.65 rows=10 width=121)
	  Sort Key: c
	  ->  Index Scan using sbtest7_pkey on sbtest7  (cost=0.43..40.46 rows=10 width=121)
	        Index Cond: ((id >= 5322283) AND (id <= 5322292))

table 8 : explain SELECT c FROM sbtest8 WHERE id BETWEEN 9154724 AND 9154733 ORDER BY c
	Sort  (cost=41.14..41.17 rows=10 width=121)
	  Sort Key: c
	  ->  Index Scan using sbtest8_pkey on sbtest8  (cost=0.43..40.98 rows=10 width=121)
	        Index Cond: ((id >= 9154724) AND (id <= 9154733))

for deletes
table 1 : explain DELETE FROM sbtest1 WHERE id=8663642
	Delete on sbtest1  (cost=0.43..8.45 rows=0 width=0)
	  ->  Index Scan using sbtest1_pkey on sbtest1  (cost=0.43..8.45 rows=1 width=6)
	        Index Cond: (id = 8663642)

table 2 : explain DELETE FROM sbtest2 WHERE id=3317331
	Delete on sbtest2  (cost=0.43..8.45 rows=0 width=0)
	  ->  Index Scan using sbtest2_pkey on sbtest2  (cost=0.43..8.45 rows=1 width=6)
	        Index Cond: (id = 3317331)

table 3 : explain DELETE FROM sbtest3 WHERE id=9610788
	Delete on sbtest3  (cost=0.43..8.45 rows=0 width=0)
	  ->  Index Scan using sbtest3_pkey on sbtest3  (cost=0.43..8.45 rows=1 width=6)
	        Index Cond: (id = 9610788)

table 4 : explain DELETE FROM sbtest4 WHERE id=957994
	Delete on sbtest4  (cost=0.43..8.45 rows=0 width=0)
	  ->  Index Scan using sbtest4_pkey on sbtest4  (cost=0.43..8.45 rows=1 width=6)
	        Index Cond: (id = 957994)

table 5 : explain DELETE FROM sbtest5 WHERE id=6004481
	Delete on sbtest5  (cost=0.43..8.45 rows=0 width=0)
	  ->  Index Scan using sbtest5_pkey on sbtest5  (cost=0.43..8.45 rows=1 width=6)
	        Index Cond: (id = 6004481)

table 6 : explain DELETE FROM sbtest6 WHERE id=8769775
	Delete on sbtest6  (cost=0.43..8.45 rows=0 width=0)
	  ->  Index Scan using sbtest6_pkey on sbtest6  (cost=0.43..8.45 rows=1 width=6)
	        Index Cond: (id = 8769775)

table 7 : explain DELETE FROM sbtest7 WHERE id=6002767
	Delete on sbtest7  (cost=0.43..8.45 rows=0 width=0)
	  ->  Index Scan using sbtest7_pkey on sbtest7  (cost=0.43..8.45 rows=1 width=6)
	        Index Cond: (id = 6002767)

table 8 : explain DELETE FROM sbtest8 WHERE id=7363408
	Delete on sbtest8  (cost=0.43..8.45 rows=0 width=0)
	  ->  Index Scan using sbtest8_pkey on sbtest8  (cost=0.43..8.45 rows=1 width=6)
	        Index Cond: (id = 7363408)

for: order_ranges
table 1 : explain SELECT c FROM sbtest1 WHERE id BETWEEN 3362562 AND 3362571 ORDER BY c
	Sort  (cost=41.16..41.19 rows=10 width=121)
	  Sort Key: c
	  ->  Index Scan using sbtest1_pkey on sbtest1  (cost=0.43..41.00 rows=10 width=121)
	        Index Cond: ((id >= 3362562) AND (id <= 3362571))

table 2 : explain SELECT c FROM sbtest2 WHERE id BETWEEN 5854568 AND 5854577 ORDER BY c
	Sort  (cost=41.11..41.13 rows=10 width=121)
	  Sort Key: c
	  ->  Index Scan using sbtest2_pkey on sbtest2  (cost=0.43..40.94 rows=10 width=121)
	        Index Cond: ((id >= 5854568) AND (id <= 5854577))

table 3 : explain SELECT c FROM sbtest3 WHERE id BETWEEN 4266392 AND 4266401 ORDER BY c
	Sort  (cost=40.71..40.74 rows=10 width=121)
	  Sort Key: c
	  ->  Index Scan using sbtest3_pkey on sbtest3  (cost=0.43..40.55 rows=10 width=121)
	        Index Cond: ((id >= 4266392) AND (id <= 4266401))

table 4 : explain SELECT c FROM sbtest4 WHERE id BETWEEN 139077 AND 139086 ORDER BY c
	Sort  (cost=44.37..44.39 rows=11 width=121)
	  Sort Key: c
	  ->  Index Scan using sbtest4_pkey on sbtest4  (cost=0.43..44.18 rows=11 width=121)
	        Index Cond: ((id >= 139077) AND (id <= 139086))

table 5 : explain SELECT c FROM sbtest5 WHERE id BETWEEN 5253651 AND 5253660 ORDER BY c
	Sort  (cost=40.78..40.80 rows=10 width=121)
	  Sort Key: c
	  ->  Index Scan using sbtest5_pkey on sbtest5  (cost=0.43..40.61 rows=10 width=121)
	        Index Cond: ((id >= 5253651) AND (id <= 5253660))

table 6 : explain SELECT c FROM sbtest6 WHERE id BETWEEN 6885699 AND 6885708 ORDER BY c
	Sort  (cost=40.80..40.82 rows=10 width=121)
	  Sort Key: c
	  ->  Index Scan using sbtest6_pkey on sbtest6  (cost=0.43..40.63 rows=10 width=121)
	        Index Cond: ((id >= 6885699) AND (id <= 6885708))

table 7 : explain SELECT c FROM sbtest7 WHERE id BETWEEN 5329072 AND 5329081 ORDER BY c
	Sort  (cost=40.63..40.65 rows=10 width=121)
	  Sort Key: c
	  ->  Index Scan using sbtest7_pkey on sbtest7  (cost=0.43..40.46 rows=10 width=121)
	        Index Cond: ((id >= 5329072) AND (id <= 5329081))

table 8 : explain SELECT c FROM sbtest8 WHERE id BETWEEN 3893688 AND 3893697 ORDER BY c
	Sort  (cost=41.14..41.17 rows=10 width=121)
	  Sort Key: c
	  ->  Index Scan using sbtest8_pkey on sbtest8  (cost=0.43..40.98 rows=10 width=121)
	        Index Cond: ((id >= 3893688) AND (id <= 3893697))

for: distinct_ranges
table 1 : explain SELECT DISTINCT c FROM sbtest1 WHERE id BETWEEN 6955531 AND 6955540 ORDER BY c
	Unique  (cost=48.45..48.51 rows=12 width=121)
	  ->  Sort  (cost=48.45..48.48 rows=12 width=121)
	        Sort Key: c
	        ->  Index Scan using sbtest1_pkey on sbtest1  (cost=0.43..48.23 rows=12 width=121)
	              Index Cond: ((id >= 6955531) AND (id <= 6955540))

table 2 : explain SELECT DISTINCT c FROM sbtest2 WHERE id BETWEEN 6714856 AND 6714865 ORDER BY c
	Unique  (cost=44.74..44.80 rows=11 width=121)
	  ->  Sort  (cost=44.74..44.77 rows=11 width=121)
	        Sort Key: c
	        ->  Index Scan using sbtest2_pkey on sbtest2  (cost=0.43..44.55 rows=11 width=121)
	              Index Cond: ((id >= 6714856) AND (id <= 6714865))

table 3 : explain SELECT DISTINCT c FROM sbtest3 WHERE id BETWEEN 4055477 AND 4055486 ORDER BY c
	Unique  (cost=40.71..40.76 rows=10 width=121)
	  ->  Sort  (cost=40.71..40.74 rows=10 width=121)
	        Sort Key: c
	        ->  Index Scan using sbtest3_pkey on sbtest3  (cost=0.43..40.55 rows=10 width=121)
	              Index Cond: ((id >= 4055477) AND (id <= 4055486))

table 4 : explain SELECT DISTINCT c FROM sbtest4 WHERE id BETWEEN 2463901 AND 2463910 ORDER BY c
	Unique  (cost=40.77..40.82 rows=10 width=121)
	  ->  Sort  (cost=40.77..40.79 rows=10 width=121)
	        Sort Key: c
	        ->  Index Scan using sbtest4_pkey on sbtest4  (cost=0.43..40.60 rows=10 width=121)
	              Index Cond: ((id >= 2463901) AND (id <= 2463910))

table 5 : explain SELECT DISTINCT c FROM sbtest5 WHERE id BETWEEN 1839545 AND 1839554 ORDER BY c
	Unique  (cost=40.78..40.83 rows=10 width=121)
	  ->  Sort  (cost=40.78..40.80 rows=10 width=121)
	        Sort Key: c
	        ->  Index Scan using sbtest5_pkey on sbtest5  (cost=0.43..40.61 rows=10 width=121)
	              Index Cond: ((id >= 1839545) AND (id <= 1839554))

table 6 : explain SELECT DISTINCT c FROM sbtest6 WHERE id BETWEEN 6233180 AND 6233189 ORDER BY c
	Unique  (cost=40.80..40.85 rows=10 width=121)
	  ->  Sort  (cost=40.80..40.82 rows=10 width=121)
	        Sort Key: c
	        ->  Index Scan using sbtest6_pkey on sbtest6  (cost=0.43..40.63 rows=10 width=121)
	              Index Cond: ((id >= 6233180) AND (id <= 6233189))

table 7 : explain SELECT DISTINCT c FROM sbtest7 WHERE id BETWEEN 1236576 AND 1236585 ORDER BY c
	Unique  (cost=40.63..40.68 rows=10 width=121)
	  ->  Sort  (cost=40.63..40.65 rows=10 width=121)
	        Sort Key: c
	        ->  Index Scan using sbtest7_pkey on sbtest7  (cost=0.43..40.46 rows=10 width=121)
	              Index Cond: ((id >= 1236576) AND (id <= 1236585))

table 8 : explain SELECT DISTINCT c FROM sbtest8 WHERE id BETWEEN 5754066 AND 5754075 ORDER BY c
	Unique  (cost=37.51..37.55 rows=9 width=121)
	  ->  Sort  (cost=37.51..37.53 rows=9 width=121)
	        Sort Key: c
	        ->  Index Scan using sbtest8_pkey on sbtest8  (cost=0.43..37.36 rows=9 width=121)
	              Index Cond: ((id >= 5754066) AND (id <= 5754075))

for non_index_updates
table 1 : explain UPDATE sbtest1 SET c='foobar' WHERE id=1736396
	Update on sbtest1  (cost=0.43..8.45 rows=0 width=0)
	  ->  Index Scan using sbtest1_pkey on sbtest1  (cost=0.43..8.45 rows=1 width=490)
	        Index Cond: (id = 1736396)

table 2 : explain UPDATE sbtest2 SET c='foobar' WHERE id=1049046
	Update on sbtest2  (cost=0.43..8.45 rows=0 width=0)
	  ->  Index Scan using sbtest2_pkey on sbtest2  (cost=0.43..8.45 rows=1 width=490)
	        Index Cond: (id = 1049046)

table 3 : explain UPDATE sbtest3 SET c='foobar' WHERE id=5378849
	Update on sbtest3  (cost=0.43..8.45 rows=0 width=0)
	  ->  Index Scan using sbtest3_pkey on sbtest3  (cost=0.43..8.45 rows=1 width=490)
	        Index Cond: (id = 5378849)

table 4 : explain UPDATE sbtest4 SET c='foobar' WHERE id=8973418
	Update on sbtest4  (cost=0.43..8.45 rows=0 width=0)
	  ->  Index Scan using sbtest4_pkey on sbtest4  (cost=0.43..8.45 rows=1 width=490)
	        Index Cond: (id = 8973418)

table 5 : explain UPDATE sbtest5 SET c='foobar' WHERE id=2014854
	Update on sbtest5  (cost=0.43..8.45 rows=0 width=0)
	  ->  Index Scan using sbtest5_pkey on sbtest5  (cost=0.43..8.45 rows=1 width=490)
	        Index Cond: (id = 2014854)

table 6 : explain UPDATE sbtest6 SET c='foobar' WHERE id=755762
	Update on sbtest6  (cost=0.43..8.45 rows=0 width=0)
	  ->  Index Scan using sbtest6_pkey on sbtest6  (cost=0.43..8.45 rows=1 width=490)
	        Index Cond: (id = 755762)

table 7 : explain UPDATE sbtest7 SET c='foobar' WHERE id=5576134
	Update on sbtest7  (cost=0.43..8.45 rows=0 width=0)
	  ->  Index Scan using sbtest7_pkey on sbtest7  (cost=0.43..8.45 rows=1 width=490)
	        Index Cond: (id = 5576134)

table 8 : explain UPDATE sbtest8 SET c='foobar' WHERE id=7752306
	Update on sbtest8  (cost=0.43..8.45 rows=0 width=0)
	  ->  Index Scan using sbtest8_pkey on sbtest8  (cost=0.43..8.45 rows=1 width=490)
	        Index Cond: (id = 7752306)

explain: for index_updates :: explain UPDATE sbtest%u SET k=k+1 WHERE id=%u
explain: for deletes :: explain DELETE FROM sbtest%u WHERE id=%u
explain: for index_updates :: explain UPDATE sbtest%u SET k=k+1 WHERE id=%u
explain: for inserts :: explain INSERT INTO sbtest%u (id, k, c, pad) VALUES (%u, 13, 'foobar', 'foobar')
for deletes
table 1 : explain DELETE FROM sbtest1 WHERE id=474462
	Delete on sbtest1  (cost=0.43..8.45 rows=0 width=0)
	  ->  Index Scan using sbtest1_pkey on sbtest1  (cost=0.43..8.45 rows=1 width=6)
	        Index Cond: (id = 474462)

table 2 : explain DELETE FROM sbtest2 WHERE id=7979351
	Delete on sbtest2  (cost=0.43..8.45 rows=0 width=0)
	  ->  Index Scan using sbtest2_pkey on sbtest2  (cost=0.43..8.45 rows=1 width=6)
	        Index Cond: (id = 7979351)

table 3 : explain DELETE FROM sbtest3 WHERE id=4512599
	Delete on sbtest3  (cost=0.43..8.45 rows=0 width=0)
	  ->  Index Scan using sbtest3_pkey on sbtest3  (cost=0.43..8.45 rows=1 width=6)
	        Index Cond: (id = 4512599)

table 4 : explain DELETE FROM sbtest4 WHERE id=3220488
	Delete on sbtest4  (cost=0.43..8.45 rows=0 width=0)
	  ->  Index Scan using sbtest4_pkey on sbtest4  (cost=0.43..8.45 rows=1 width=6)
	        Index Cond: (id = 3220488)

table 5 : explain DELETE FROM sbtest5 WHERE id=1508616
	Delete on sbtest5  (cost=0.43..8.45 rows=0 width=0)
	  ->  Index Scan using sbtest5_pkey on sbtest5  (cost=0.43..8.45 rows=1 width=6)
	        Index Cond: (id = 1508616)

table 6 : explain DELETE FROM sbtest6 WHERE id=7024671
	Delete on sbtest6  (cost=0.43..8.45 rows=0 width=0)
	  ->  Index Scan using sbtest6_pkey on sbtest6  (cost=0.43..8.45 rows=1 width=6)
	        Index Cond: (id = 7024671)

table 7 : explain DELETE FROM sbtest7 WHERE id=1936733
	Delete on sbtest7  (cost=0.43..8.45 rows=0 width=0)
	  ->  Index Scan using sbtest7_pkey on sbtest7  (cost=0.43..8.45 rows=1 width=6)
	        Index Cond: (id = 1936733)

table 8 : explain DELETE FROM sbtest8 WHERE id=8040238
	Delete on sbtest8  (cost=0.43..8.45 rows=0 width=0)
	  ->  Index Scan using sbtest8_pkey on sbtest8  (cost=0.43..8.45 rows=1 width=6)
	        Index Cond: (id = 8040238)

explain: for point_selects :: explain SELECT c FROM sbtest%u WHERE id=%u
for: distinct_ranges
table 1 : explain SELECT DISTINCT c FROM sbtest1 WHERE id BETWEEN 7370886 AND 7370895 ORDER BY c
	Unique  (cost=41.16..41.21 rows=10 width=121)
	  ->  Sort  (cost=41.16..41.19 rows=10 width=121)
	        Sort Key: c
	        ->  Index Scan using sbtest1_pkey on sbtest1  (cost=0.43..41.00 rows=10 width=121)
	              Index Cond: ((id >= 7370886) AND (id <= 7370895))

table 2 : explain SELECT DISTINCT c FROM sbtest2 WHERE id BETWEEN 3933785 AND 3933794 ORDER BY c
	Unique  (cost=41.11..41.16 rows=10 width=121)
	  ->  Sort  (cost=41.11..41.13 rows=10 width=121)
	        Sort Key: c
	        ->  Index Scan using sbtest2_pkey on sbtest2  (cost=0.43..40.94 rows=10 width=121)
	              Index Cond: ((id >= 3933785) AND (id <= 3933794))

table 3 : explain SELECT DISTINCT c FROM sbtest3 WHERE id BETWEEN 7435431 AND 7435440 ORDER BY c
	Unique  (cost=40.71..40.76 rows=10 width=121)
	  ->  Sort  (cost=40.71..40.74 rows=10 width=121)
	        Sort Key: c
	        ->  Index Scan using sbtest3_pkey on sbtest3  (cost=0.43..40.55 rows=10 width=121)
	              Index Cond: ((id >= 7435431) AND (id <= 7435440))

table 4 : explain SELECT DISTINCT c FROM sbtest4 WHERE id BETWEEN 8284890 AND 8284899 ORDER BY c
	Unique  (cost=44.37..44.42 rows=11 width=121)
	  ->  Sort  (cost=44.37..44.39 rows=11 width=121)
	        Sort Key: c
	        ->  Index Scan using sbtest4_pkey on sbtest4  (cost=0.43..44.18 rows=11 width=121)
	              Index Cond: ((id >= 8284890) AND (id <= 8284899))

table 5 : explain SELECT DISTINCT c FROM sbtest5 WHERE id BETWEEN 7345813 AND 7345822 ORDER BY c
	Unique  (cost=40.78..40.83 rows=10 width=121)
	  ->  Sort  (cost=40.78..40.80 rows=10 width=121)
	        Sort Key: c
	        ->  Index Scan using sbtest5_pkey on sbtest5  (cost=0.43..40.61 rows=10 width=121)
	              Index Cond: ((id >= 7345813) AND (id <= 7345822))

table 6 : explain SELECT DISTINCT c FROM sbtest6 WHERE id BETWEEN 2720633 AND 2720642 ORDER BY c
	Unique  (cost=40.80..40.85 rows=10 width=121)
	  ->  Sort  (cost=40.80..40.82 rows=10 width=121)
	        Sort Key: c
	        ->  Index Scan using sbtest6_pkey on sbtest6  (cost=0.43..40.63 rows=10 width=121)
	              Index Cond: ((id >= 2720633) AND (id <= 2720642))

table 7 : explain SELECT DISTINCT c FROM sbtest7 WHERE id BETWEEN 1278540 AND 1278549 ORDER BY c
	Unique  (cost=40.63..40.68 rows=10 width=121)
	  ->  Sort  (cost=40.63..40.65 rows=10 width=121)
	        Sort Key: c
	        ->  Index Scan using sbtest7_pkey on sbtest7  (cost=0.43..40.46 rows=10 width=121)
	              Index Cond: ((id >= 1278540) AND (id <= 1278549))

table 8 : explain SELECT DISTINCT c FROM sbtest8 WHERE id BETWEEN 7251229 AND 7251238 ORDER BY c
	Unique  (cost=41.14..41.19 rows=10 width=121)
	  ->  Sort  (cost=41.14..41.17 rows=10 width=121)
	        Sort Key: c
	        ->  Index Scan using sbtest8_pkey on sbtest8  (cost=0.43..40.98 rows=10 width=121)
	              Index Cond: ((id >= 7251229) AND (id <= 7251238))

for index_updates
table 1 : explain UPDATE sbtest1 SET k=k+1 WHERE id=2605948
	Update on sbtest1  (cost=0.43..8.46 rows=0 width=0)
	  ->  Index Scan using sbtest1_pkey on sbtest1  (cost=0.43..8.46 rows=1 width=10)
	        Index Cond: (id = 2605948)

table 2 : explain UPDATE sbtest2 SET k=k+1 WHERE id=8430043
	Update on sbtest2  (cost=0.43..8.46 rows=0 width=0)
	  ->  Index Scan using sbtest2_pkey on sbtest2  (cost=0.43..8.46 rows=1 width=10)
	        Index Cond: (id = 8430043)

table 3 : explain UPDATE sbtest3 SET k=k+1 WHERE id=270461
	Update on sbtest3  (cost=0.43..8.46 rows=0 width=0)
	  ->  Index Scan using sbtest3_pkey on sbtest3  (cost=0.43..8.46 rows=1 width=10)
	        Index Cond: (id = 270461)

table 4 : explain UPDATE sbtest4 SET k=k+1 WHERE id=4505074
	Update on sbtest4  (cost=0.43..8.46 rows=0 width=0)
	  ->  Index Scan using sbtest4_pkey on sbtest4  (cost=0.43..8.46 rows=1 width=10)
	        Index Cond: (id = 4505074)

table 5 : explain UPDATE sbtest5 SET k=k+1 WHERE id=6040529
	Update on sbtest5  (cost=0.43..8.46 rows=0 width=0)
	  ->  Index Scan using sbtest5_pkey on sbtest5  (cost=0.43..8.46 rows=1 width=10)
	        Index Cond: (id = 6040529)

table 6 : explain UPDATE sbtest6 SET k=k+1 WHERE id=3870914
	Update on sbtest6  (cost=0.43..8.46 rows=0 width=0)
	  ->  Index Scan using sbtest6_pkey on sbtest6  (cost=0.43..8.46 rows=1 width=10)
	        Index Cond: (id = 3870914)

table 7 : explain UPDATE sbtest7 SET k=k+1 WHERE id=2717128
	Update on sbtest7  (cost=0.43..8.46 rows=0 width=0)
	  ->  Index Scan using sbtest7_pkey on sbtest7  (cost=0.43..8.46 rows=1 width=10)
	        Index Cond: (id = 2717128)

table 8 : explain UPDATE sbtest8 SET k=k+1 WHERE id=6389794
	Update on sbtest8  (cost=0.43..8.46 rows=0 width=0)
	  ->  Index Scan using sbtest8_pkey on sbtest8  (cost=0.43..8.46 rows=1 width=10)
	        Index Cond: (id = 6389794)

for: sum_ranges
table 1 : explain SELECT SUM(k) FROM sbtest1 WHERE id BETWEEN 7738562 AND 7738571
	Aggregate  (cost=41.02..41.03 rows=1 width=8)
	  ->  Index Scan using sbtest1_pkey on sbtest1  (cost=0.43..41.00 rows=10 width=4)
	        Index Cond: ((id >= 7738562) AND (id <= 7738571))

table 2 : explain SELECT SUM(k) FROM sbtest2 WHERE id BETWEEN 8903596 AND 8903605
	Aggregate  (cost=40.97..40.98 rows=1 width=8)
	  ->  Index Scan using sbtest2_pkey on sbtest2  (cost=0.43..40.94 rows=10 width=4)
	        Index Cond: ((id >= 8903596) AND (id <= 8903605))

table 3 : explain SELECT SUM(k) FROM sbtest3 WHERE id BETWEEN 9782021 AND 9782030
	Aggregate  (cost=40.57..40.58 rows=1 width=8)
	  ->  Index Scan using sbtest3_pkey on sbtest3  (cost=0.43..40.55 rows=10 width=4)
	        Index Cond: ((id >= 9782021) AND (id <= 9782030))

table 4 : explain SELECT SUM(k) FROM sbtest4 WHERE id BETWEEN 7814425 AND 7814434
	Aggregate  (cost=40.63..40.64 rows=1 width=8)
	  ->  Index Scan using sbtest4_pkey on sbtest4  (cost=0.43..40.60 rows=10 width=4)
	        Index Cond: ((id >= 7814425) AND (id <= 7814434))

table 5 : explain SELECT SUM(k) FROM sbtest5 WHERE id BETWEEN 8508021 AND 8508030
	Aggregate  (cost=40.63..40.64 rows=1 width=8)
	  ->  Index Scan using sbtest5_pkey on sbtest5  (cost=0.43..40.61 rows=10 width=4)
	        Index Cond: ((id >= 8508021) AND (id <= 8508030))

table 6 : explain SELECT SUM(k) FROM sbtest6 WHERE id BETWEEN 5434063 AND 5434072
	Aggregate  (cost=40.66..40.67 rows=1 width=8)
	  ->  Index Scan using sbtest6_pkey on sbtest6  (cost=0.43..40.63 rows=10 width=4)
	        Index Cond: ((id >= 5434063) AND (id <= 5434072))

table 7 : explain SELECT SUM(k) FROM sbtest7 WHERE id BETWEEN 5539619 AND 5539628
	Aggregate  (cost=36.93..36.94 rows=1 width=8)
	  ->  Index Scan using sbtest7_pkey on sbtest7  (cost=0.43..36.91 rows=9 width=4)
	        Index Cond: ((id >= 5539619) AND (id <= 5539628))

table 8 : explain SELECT SUM(k) FROM sbtest8 WHERE id BETWEEN 7660110 AND 7660119
	Aggregate  (cost=44.62..44.63 rows=1 width=8)
	  ->  Index Scan using sbtest8_pkey on sbtest8  (cost=0.43..44.59 rows=11 width=4)
	        Index Cond: ((id >= 7660110) AND (id <= 7660119))

for inserts
table 1 : explain INSERT INTO sbtest1 (id, k, c, pad) VALUES (2378623, 13, 'foobar', 'foobar')
	Insert on sbtest1  (cost=0.00..0.01 rows=0 width=0)
	  ->  Result  (cost=0.00..0.01 rows=1 width=736)

table 2 : explain INSERT INTO sbtest2 (id, k, c, pad) VALUES (7538252, 13, 'foobar', 'foobar')
	Insert on sbtest2  (cost=0.00..0.01 rows=0 width=0)
	  ->  Result  (cost=0.00..0.01 rows=1 width=736)

table 3 : explain INSERT INTO sbtest3 (id, k, c, pad) VALUES (9836617, 13, 'foobar', 'foobar')
	Insert on sbtest3  (cost=0.00..0.01 rows=0 width=0)
	  ->  Result  (cost=0.00..0.01 rows=1 width=736)

table 4 : explain INSERT INTO sbtest4 (id, k, c, pad) VALUES (2405333, 13, 'foobar', 'foobar')
	Insert on sbtest4  (cost=0.00..0.01 rows=0 width=0)
	  ->  Result  (cost=0.00..0.01 rows=1 width=736)

table 5 : explain INSERT INTO sbtest5 (id, k, c, pad) VALUES (5858318, 13, 'foobar', 'foobar')
	Insert on sbtest5  (cost=0.00..0.01 rows=0 width=0)
	  ->  Result  (cost=0.00..0.01 rows=1 width=736)

table 6 : explain INSERT INTO sbtest6 (id, k, c, pad) VALUES (7573068, 13, 'foobar', 'foobar')
	Insert on sbtest6  (cost=0.00..0.01 rows=0 width=0)
	  ->  Result  (cost=0.00..0.01 rows=1 width=736)

table 7 : explain INSERT INTO sbtest7 (id, k, c, pad) VALUES (878755, 13, 'foobar', 'foobar')
	Insert on sbtest7  (cost=0.00..0.01 rows=0 width=0)
	  ->  Result  (cost=0.00..0.01 rows=1 width=736)

table 8 : explain INSERT INTO sbtest8 (id, k, c, pad) VALUES (8400006, 13, 'foobar', 'foobar')
	Insert on sbtest8  (cost=0.00..0.01 rows=0 width=0)
	  ->  Result  (cost=0.00..0.01 rows=1 width=736)

explain: for inserts :: explain INSERT INTO sbtest%u (id, k, c, pad) VALUES (%u, 13, 'foobar', 'foobar')
for index_updates
table 1 : explain UPDATE sbtest1 SET k=k+1 WHERE id=1445544
	Update on sbtest1  (cost=0.43..8.46 rows=0 width=0)
	  ->  Index Scan using sbtest1_pkey on sbtest1  (cost=0.43..8.46 rows=1 width=10)
	        Index Cond: (id = 1445544)

table 2 : explain UPDATE sbtest2 SET k=k+1 WHERE id=5974507
	Update on sbtest2  (cost=0.43..8.46 rows=0 width=0)
	  ->  Index Scan using sbtest2_pkey on sbtest2  (cost=0.43..8.46 rows=1 width=10)
	        Index Cond: (id = 5974507)

table 3 : explain UPDATE sbtest3 SET k=k+1 WHERE id=1987872
	Update on sbtest3  (cost=0.43..8.46 rows=0 width=0)
	  ->  Index Scan using sbtest3_pkey on sbtest3  (cost=0.43..8.46 rows=1 width=10)
	        Index Cond: (id = 1987872)

table 4 : explain UPDATE sbtest4 SET k=k+1 WHERE id=3452653
	Update on sbtest4  (cost=0.43..8.46 rows=0 width=0)
	  ->  Index Scan using sbtest4_pkey on sbtest4  (cost=0.43..8.46 rows=1 width=10)
	        Index Cond: (id = 3452653)

table 5 : explain UPDATE sbtest5 SET k=k+1 WHERE id=7056698
	Update on sbtest5  (cost=0.43..8.46 rows=0 width=0)
	  ->  Index Scan using sbtest5_pkey on sbtest5  (cost=0.43..8.46 rows=1 width=10)
	        Index Cond: (id = 7056698)

table 6 : explain UPDATE sbtest6 SET k=k+1 WHERE id=1316193
	Update on sbtest6  (cost=0.43..8.46 rows=0 width=0)
	  ->  Index Scan using sbtest6_pkey on sbtest6  (cost=0.43..8.46 rows=1 width=10)
	        Index Cond: (id = 1316193)

table 7 : explain UPDATE sbtest7 SET k=k+1 WHERE id=8439697
	Update on sbtest7  (cost=0.43..8.46 rows=0 width=0)
	  ->  Index Scan using sbtest7_pkey on sbtest7  (cost=0.43..8.46 rows=1 width=10)
	        Index Cond: (id = 8439697)

table 8 : explain UPDATE sbtest8 SET k=k+1 WHERE id=2064505
	Update on sbtest8  (cost=0.43..8.46 rows=0 width=0)
	  ->  Index Scan using sbtest8_pkey on sbtest8  (cost=0.43..8.46 rows=1 width=10)
	        Index Cond: (id = 2064505)

explain: for index_updates :: explain UPDATE sbtest%u SET k=k+1 WHERE id=%u
explain: for point_selects :: explain SELECT c FROM sbtest%u WHERE id=%u
for point_selects
table 1 : explain SELECT c FROM sbtest1 WHERE id=3105739
	Index Scan using sbtest1_pkey on sbtest1  (cost=0.43..8.45 rows=1 width=121)
	  Index Cond: (id = 3105739)

table 2 : explain SELECT c FROM sbtest2 WHERE id=7351242
	Index Scan using sbtest2_pkey on sbtest2  (cost=0.43..8.45 rows=1 width=121)
	  Index Cond: (id = 7351242)

table 3 : explain SELECT c FROM sbtest3 WHERE id=1453072
	Index Scan using sbtest3_pkey on sbtest3  (cost=0.43..8.45 rows=1 width=121)
	  Index Cond: (id = 1453072)

table 4 : explain SELECT c FROM sbtest4 WHERE id=181177
	Index Scan using sbtest4_pkey on sbtest4  (cost=0.43..8.45 rows=1 width=121)
	  Index Cond: (id = 181177)

table 5 : explain SELECT c FROM sbtest5 WHERE id=5569092
	Index Scan using sbtest5_pkey on sbtest5  (cost=0.43..8.45 rows=1 width=121)
	  Index Cond: (id = 5569092)

table 6 : explain SELECT c FROM sbtest6 WHERE id=5225140
	Index Scan using sbtest6_pkey on sbtest6  (cost=0.43..8.45 rows=1 width=121)
	  Index Cond: (id = 5225140)

table 7 : explain SELECT c FROM sbtest7 WHERE id=3449106
	Index Scan using sbtest7_pkey on sbtest7  (cost=0.43..8.45 rows=1 width=121)
	  Index Cond: (id = 3449106)

table 8 : explain SELECT c FROM sbtest8 WHERE id=5408455
	Index Scan using sbtest8_pkey on sbtest8  (cost=0.43..8.45 rows=1 width=121)
	  Index Cond: (id = 5408455)

for: distinct_ranges
table 1 : explain SELECT DISTINCT c FROM sbtest1 WHERE id BETWEEN 6381607 AND 6381616 ORDER BY c
	Unique  (cost=41.16..41.21 rows=10 width=121)
	  ->  Sort  (cost=41.16..41.19 rows=10 width=121)
	        Sort Key: c
	        ->  Index Scan using sbtest1_pkey on sbtest1  (cost=0.43..41.00 rows=10 width=121)
	              Index Cond: ((id >= 6381607) AND (id <= 6381616))

table 2 : explain SELECT DISTINCT c FROM sbtest2 WHERE id BETWEEN 7237406 AND 7237415 ORDER BY c
	Unique  (cost=41.11..41.16 rows=10 width=121)
	  ->  Sort  (cost=41.11..41.13 rows=10 width=121)
	        Sort Key: c
	        ->  Index Scan using sbtest2_pkey on sbtest2  (cost=0.43..40.94 rows=10 width=121)
	              Index Cond: ((id >= 7237406) AND (id <= 7237415))

table 3 : explain SELECT DISTINCT c FROM sbtest3 WHERE id BETWEEN 3168354 AND 3168363 ORDER BY c
	Unique  (cost=40.71..40.76 rows=10 width=121)
	  ->  Sort  (cost=40.71..40.74 rows=10 width=121)
	        Sort Key: c
	        ->  Index Scan using sbtest3_pkey on sbtest3  (cost=0.43..40.55 rows=10 width=121)
	              Index Cond: ((id >= 3168354) AND (id <= 3168363))

table 4 : explain SELECT DISTINCT c FROM sbtest4 WHERE id BETWEEN 8174867 AND 8174876 ORDER BY c
	Unique  (cost=40.77..40.82 rows=10 width=121)
	  ->  Sort  (cost=40.77..40.79 rows=10 width=121)
	        Sort Key: c
	        ->  Index Scan using sbtest4_pkey on sbtest4  (cost=0.43..40.60 rows=10 width=121)
	              Index Cond: ((id >= 8174867) AND (id <= 8174876))

table 5 : explain SELECT DISTINCT c FROM sbtest5 WHERE id BETWEEN 8361622 AND 8361631 ORDER BY c
	Unique  (cost=37.18..37.22 rows=9 width=121)
	  ->  Sort  (cost=37.18..37.20 rows=9 width=121)
	        Sort Key: c
	        ->  Index Scan using sbtest5_pkey on sbtest5  (cost=0.43..37.04 rows=9 width=121)
	              Index Cond: ((id >= 8361622) AND (id <= 8361631))

table 6 : explain SELECT DISTINCT c FROM sbtest6 WHERE id BETWEEN 2793034 AND 2793043 ORDER BY c
	Unique  (cost=37.20..37.24 rows=9 width=121)
	  ->  Sort  (cost=37.20..37.22 rows=9 width=121)
	        Sort Key: c
	        ->  Index Scan using sbtest6_pkey on sbtest6  (cost=0.43..37.06 rows=9 width=121)
	              Index Cond: ((id >= 2793034) AND (id <= 2793043))

table 7 : explain SELECT DISTINCT c FROM sbtest7 WHERE id BETWEEN 9075732 AND 9075741 ORDER BY c
	Unique  (cost=37.05..37.09 rows=9 width=121)
	  ->  Sort  (cost=37.05..37.07 rows=9 width=121)
	        Sort Key: c
	        ->  Index Scan using sbtest7_pkey on sbtest7  (cost=0.43..36.91 rows=9 width=121)
	              Index Cond: ((id >= 9075732) AND (id <= 9075741))

table 8 : explain SELECT DISTINCT c FROM sbtest8 WHERE id BETWEEN 3365287 AND 3365296 ORDER BY c
	Unique  (cost=41.14..41.19 rows=10 width=121)
	  ->  Sort  (cost=41.14..41.17 rows=10 width=121)
	        Sort Key: c
	        ->  Index Scan using sbtest8_pkey on sbtest8  (cost=0.43..40.98 rows=10 width=121)
	              Index Cond: ((id >= 3365287) AND (id <= 3365296))

for inserts
table 1 : explain INSERT INTO sbtest1 (id, k, c, pad) VALUES (2433725, 13, 'foobar', 'foobar')
	Insert on sbtest1  (cost=0.00..0.01 rows=0 width=0)
	  ->  Result  (cost=0.00..0.01 rows=1 width=736)

table 2 : explain INSERT INTO sbtest2 (id, k, c, pad) VALUES (1621338, 13, 'foobar', 'foobar')
	Insert on sbtest2  (cost=0.00..0.01 rows=0 width=0)
	  ->  Result  (cost=0.00..0.01 rows=1 width=736)

table 3 : explain INSERT INTO sbtest3 (id, k, c, pad) VALUES (2861590, 13, 'foobar', 'foobar')
	Insert on sbtest3  (cost=0.00..0.01 rows=0 width=0)
	  ->  Result  (cost=0.00..0.01 rows=1 width=736)

table 4 : explain INSERT INTO sbtest4 (id, k, c, pad) VALUES (6102697, 13, 'foobar', 'foobar')
	Insert on sbtest4  (cost=0.00..0.01 rows=0 width=0)
	  ->  Result  (cost=0.00..0.01 rows=1 width=736)

table 5 : explain INSERT INTO sbtest5 (id, k, c, pad) VALUES (2445245, 13, 'foobar', 'foobar')
	Insert on sbtest5  (cost=0.00..0.01 rows=0 width=0)
	  ->  Result  (cost=0.00..0.01 rows=1 width=736)

table 6 : explain INSERT INTO sbtest6 (id, k, c, pad) VALUES (8509946, 13, 'foobar', 'foobar')
	Insert on sbtest6  (cost=0.00..0.01 rows=0 width=0)
	  ->  Result  (cost=0.00..0.01 rows=1 width=736)

table 7 : explain INSERT INTO sbtest7 (id, k, c, pad) VALUES (1347652, 13, 'foobar', 'foobar')
	Insert on sbtest7  (cost=0.00..0.01 rows=0 width=0)
	  ->  Result  (cost=0.00..0.01 rows=1 width=736)

table 8 : explain INSERT INTO sbtest8 (id, k, c, pad) VALUES (6934048, 13, 'foobar', 'foobar')
	Insert on sbtest8  (cost=0.00..0.01 rows=0 width=0)
	  ->  Result  (cost=0.00..0.01 rows=1 width=736)

for: order_ranges
table 1 : explain SELECT c FROM sbtest1 WHERE id BETWEEN 2829689 AND 2829698 ORDER BY c
	Sort  (cost=41.16..41.19 rows=10 width=121)
	  Sort Key: c
	  ->  Index Scan using sbtest1_pkey on sbtest1  (cost=0.43..41.00 rows=10 width=121)
	        Index Cond: ((id >= 2829689) AND (id <= 2829698))

table 2 : explain SELECT c FROM sbtest2 WHERE id BETWEEN 6103599 AND 6103608 ORDER BY c
	Sort  (cost=44.74..44.77 rows=11 width=121)
	  Sort Key: c
	  ->  Index Scan using sbtest2_pkey on sbtest2  (cost=0.43..44.55 rows=11 width=121)
	        Index Cond: ((id >= 6103599) AND (id <= 6103608))

table 3 : explain SELECT c FROM sbtest3 WHERE id BETWEEN 8032438 AND 8032447 ORDER BY c
	Sort  (cost=37.12..37.14 rows=9 width=121)
	  Sort Key: c
	  ->  Index Scan using sbtest3_pkey on sbtest3  (cost=0.43..36.98 rows=9 width=121)
	        Index Cond: ((id >= 8032438) AND (id <= 8032447))

table 4 : explain SELECT c FROM sbtest4 WHERE id BETWEEN 1443117 AND 1443126 ORDER BY c
	Sort  (cost=40.77..40.79 rows=10 width=121)
	  Sort Key: c
	  ->  Index Scan using sbtest4_pkey on sbtest4  (cost=0.43..40.60 rows=10 width=121)
	        Index Cond: ((id >= 1443117) AND (id <= 1443126))

table 5 : explain SELECT c FROM sbtest5 WHERE id BETWEEN 7853267 AND 7853276 ORDER BY c
	Sort  (cost=37.18..37.20 rows=9 width=121)
	  Sort Key: c
	  ->  Index Scan using sbtest5_pkey on sbtest5  (cost=0.43..37.04 rows=9 width=121)
	        Index Cond: ((id >= 7853267) AND (id <= 7853276))

table 6 : explain SELECT c FROM sbtest6 WHERE id BETWEEN 280765 AND 280774 ORDER BY c
	Sort  (cost=40.80..40.82 rows=10 width=121)
	  Sort Key: c
	  ->  Index Scan using sbtest6_pkey on sbtest6  (cost=0.43..40.63 rows=10 width=121)
	        Index Cond: ((id >= 280765) AND (id <= 280774))

table 7 : explain SELECT c FROM sbtest7 WHERE id BETWEEN 4581914 AND 4581923 ORDER BY c
	Sort  (cost=44.21..44.24 rows=11 width=121)
	  Sort Key: c
	  ->  Index Scan using sbtest7_pkey on sbtest7  (cost=0.43..44.02 rows=11 width=121)
	        Index Cond: ((id >= 4581914) AND (id <= 4581923))

table 8 : explain SELECT c FROM sbtest8 WHERE id BETWEEN 857166 AND 857175 ORDER BY c
	Sort  (cost=37.51..37.53 rows=9 width=121)
	  Sort Key: c
	  ->  Index Scan using sbtest8_pkey on sbtest8  (cost=0.43..37.36 rows=9 width=121)
	        Index Cond: ((id >= 857166) AND (id <= 857175))

for index_updates
table 1 : explain UPDATE sbtest1 SET k=k+1 WHERE id=7535685
	Update on sbtest1  (cost=0.43..8.46 rows=0 width=0)
	  ->  Index Scan using sbtest1_pkey on sbtest1  (cost=0.43..8.46 rows=1 width=10)
	        Index Cond: (id = 7535685)

table 2 : explain UPDATE sbtest2 SET k=k+1 WHERE id=9754493
	Update on sbtest2  (cost=0.43..8.46 rows=0 width=0)
	  ->  Index Scan using sbtest2_pkey on sbtest2  (cost=0.43..8.46 rows=1 width=10)
	        Index Cond: (id = 9754493)

table 3 : explain UPDATE sbtest3 SET k=k+1 WHERE id=2684842
	Update on sbtest3  (cost=0.43..8.46 rows=0 width=0)
	  ->  Index Scan using sbtest3_pkey on sbtest3  (cost=0.43..8.46 rows=1 width=10)
	        Index Cond: (id = 2684842)

table 4 : explain UPDATE sbtest4 SET k=k+1 WHERE id=5027386
	Update on sbtest4  (cost=0.43..8.46 rows=0 width=0)
	  ->  Index Scan using sbtest4_pkey on sbtest4  (cost=0.43..8.46 rows=1 width=10)
	        Index Cond: (id = 5027386)

table 5 : explain UPDATE sbtest5 SET k=k+1 WHERE id=4539141
	Update on sbtest5  (cost=0.43..8.46 rows=0 width=0)
	  ->  Index Scan using sbtest5_pkey on sbtest5  (cost=0.43..8.46 rows=1 width=10)
	        Index Cond: (id = 4539141)

table 6 : explain UPDATE sbtest6 SET k=k+1 WHERE id=359699
	Update on sbtest6  (cost=0.43..8.46 rows=0 width=0)
	  ->  Index Scan using sbtest6_pkey on sbtest6  (cost=0.43..8.46 rows=1 width=10)
	        Index Cond: (id = 359699)

table 7 : explain UPDATE sbtest7 SET k=k+1 WHERE id=3481474
	Update on sbtest7  (cost=0.43..8.46 rows=0 width=0)
	  ->  Index Scan using sbtest7_pkey on sbtest7  (cost=0.43..8.46 rows=1 width=10)
	        Index Cond: (id = 3481474)

table 8 : explain UPDATE sbtest8 SET k=k+1 WHERE id=2323763
	Update on sbtest8  (cost=0.43..8.46 rows=0 width=0)
	  ->  Index Scan using sbtest8_pkey on sbtest8  (cost=0.43..8.46 rows=1 width=10)
	        Index Cond: (id = 2323763)

explain: for point_selects :: explain SELECT c FROM sbtest%u WHERE id=%u
explain: for index_updates :: explain UPDATE sbtest%u SET k=k+1 WHERE id=%u
explain: for non_index_updates :: explain UPDATE sbtest%u SET c='foobar' WHERE id=%u
explain: for non_index_updates :: explain UPDATE sbtest%u SET c='foobar' WHERE id=%u
explain: for point_selects :: explain SELECT c FROM sbtest%u WHERE id=%u
explain: for non_index_updates :: explain UPDATE sbtest%u SET c='foobar' WHERE id=%u
for: simple_ranges
table 1 : explain SELECT c FROM sbtest1 WHERE id BETWEEN 8903125 AND 8903134
	Index Scan using sbtest1_pkey on sbtest1  (cost=0.43..37.38 rows=9 width=121)
	  Index Cond: ((id >= 8903125) AND (id <= 8903134))

table 2 : explain SELECT c FROM sbtest2 WHERE id BETWEEN 8007526 AND 8007535
	Index Scan using sbtest2_pkey on sbtest2  (cost=0.43..40.94 rows=10 width=121)
	  Index Cond: ((id >= 8007526) AND (id <= 8007535))

table 3 : explain SELECT c FROM sbtest3 WHERE id BETWEEN 6572138 AND 6572147
	Index Scan using sbtest3_pkey on sbtest3  (cost=0.43..44.11 rows=11 width=121)
	  Index Cond: ((id >= 6572138) AND (id <= 6572147))

table 4 : explain SELECT c FROM sbtest4 WHERE id BETWEEN 7798708 AND 7798717
	Index Scan using sbtest4_pkey on sbtest4  (cost=0.43..40.60 rows=10 width=121)
	  Index Cond: ((id >= 7798708) AND (id <= 7798717))

table 5 : explain SELECT c FROM sbtest5 WHERE id BETWEEN 2873213 AND 2873222
	Index Scan using sbtest5_pkey on sbtest5  (cost=0.43..40.61 rows=10 width=121)
	  Index Cond: ((id >= 2873213) AND (id <= 2873222))

table 6 : explain SELECT c FROM sbtest6 WHERE id BETWEEN 5283 AND 5292
	Index Scan using sbtest6_pkey on sbtest6  (cost=0.43..40.63 rows=10 width=121)
	  Index Cond: ((id >= 5283) AND (id <= 5292))

table 7 : explain SELECT c FROM sbtest7 WHERE id BETWEEN 7077435 AND 7077444
	Index Scan using sbtest7_pkey on sbtest7  (cost=0.43..40.46 rows=10 width=121)
	  Index Cond: ((id >= 7077435) AND (id <= 7077444))

table 8 : explain SELECT c FROM sbtest8 WHERE id BETWEEN 665791 AND 665800
	Index Scan using sbtest8_pkey on sbtest8  (cost=0.43..40.98 rows=10 width=121)
	  Index Cond: ((id >= 665791) AND (id <= 665800))

explain: for point_selects :: explain SELECT c FROM sbtest%u WHERE id=%u
for non_index_updates
table 1 : explain UPDATE sbtest1 SET c='foobar' WHERE id=8610592
	Update on sbtest1  (cost=0.43..8.45 rows=0 width=0)
	  ->  Index Scan using sbtest1_pkey on sbtest1  (cost=0.43..8.45 rows=1 width=490)
	        Index Cond: (id = 8610592)

table 2 : explain UPDATE sbtest2 SET c='foobar' WHERE id=8921724
	Update on sbtest2  (cost=0.43..8.45 rows=0 width=0)
	  ->  Index Scan using sbtest2_pkey on sbtest2  (cost=0.43..8.45 rows=1 width=490)
	        Index Cond: (id = 8921724)

table 3 : explain UPDATE sbtest3 SET c='foobar' WHERE id=4240019
	Update on sbtest3  (cost=0.43..8.45 rows=0 width=0)
	  ->  Index Scan using sbtest3_pkey on sbtest3  (cost=0.43..8.45 rows=1 width=490)
	        Index Cond: (id = 4240019)

table 4 : explain UPDATE sbtest4 SET c='foobar' WHERE id=6302033
	Update on sbtest4  (cost=0.43..8.45 rows=0 width=0)
	  ->  Index Scan using sbtest4_pkey on sbtest4  (cost=0.43..8.45 rows=1 width=490)
	        Index Cond: (id = 6302033)

table 5 : explain UPDATE sbtest5 SET c='foobar' WHERE id=797382
	Update on sbtest5  (cost=0.43..8.45 rows=0 width=0)
	  ->  Index Scan using sbtest5_pkey on sbtest5  (cost=0.43..8.45 rows=1 width=490)
	        Index Cond: (id = 797382)

table 6 : explain UPDATE sbtest6 SET c='foobar' WHERE id=3172306
	Update on sbtest6  (cost=0.43..8.45 rows=0 width=0)
	  ->  Index Scan using sbtest6_pkey on sbtest6  (cost=0.43..8.45 rows=1 width=490)
	        Index Cond: (id = 3172306)

table 7 : explain UPDATE sbtest7 SET c='foobar' WHERE id=4571610
	Update on sbtest7  (cost=0.43..8.45 rows=0 width=0)
	  ->  Index Scan using sbtest7_pkey on sbtest7  (cost=0.43..8.45 rows=1 width=490)
	        Index Cond: (id = 4571610)

table 8 : explain UPDATE sbtest8 SET c='foobar' WHERE id=6137356
	Update on sbtest8  (cost=0.43..8.45 rows=0 width=0)
	  ->  Index Scan using sbtest8_pkey on sbtest8  (cost=0.43..8.45 rows=1 width=490)
	        Index Cond: (id = 6137356)

for: order_ranges
table 1 : explain SELECT c FROM sbtest1 WHERE id BETWEEN 3979112 AND 3979121 ORDER BY c
	Sort  (cost=44.80..44.83 rows=11 width=121)
	  Sort Key: c
	  ->  Index Scan using sbtest1_pkey on sbtest1  (cost=0.43..44.61 rows=11 width=121)
	        Index Cond: ((id >= 3979112) AND (id <= 3979121))

table 2 : explain SELECT c FROM sbtest2 WHERE id BETWEEN 1581230 AND 1581239 ORDER BY c
	Sort  (cost=37.48..37.50 rows=9 width=121)
	  Sort Key: c
	  ->  Index Scan using sbtest2_pkey on sbtest2  (cost=0.43..37.33 rows=9 width=121)
	        Index Cond: ((id >= 1581230) AND (id <= 1581239))

table 3 : explain SELECT c FROM sbtest3 WHERE id BETWEEN 1716661 AND 1716670 ORDER BY c
	Sort  (cost=40.71..40.74 rows=10 width=121)
	  Sort Key: c
	  ->  Index Scan using sbtest3_pkey on sbtest3  (cost=0.43..40.55 rows=10 width=121)
	        Index Cond: ((id >= 1716661) AND (id <= 1716670))

table 4 : explain SELECT c FROM sbtest4 WHERE id BETWEEN 3426473 AND 3426482 ORDER BY c
	Sort  (cost=40.77..40.79 rows=10 width=121)
	  Sort Key: c
	  ->  Index Scan using sbtest4_pkey on sbtest4  (cost=0.43..40.60 rows=10 width=121)
	        Index Cond: ((id >= 3426473) AND (id <= 3426482))

table 5 : explain SELECT c FROM sbtest5 WHERE id BETWEEN 1882285 AND 1882294 ORDER BY c
	Sort  (cost=40.78..40.80 rows=10 width=121)
	  Sort Key: c
	  ->  Index Scan using sbtest5_pkey on sbtest5  (cost=0.43..40.61 rows=10 width=121)
	        Index Cond: ((id >= 1882285) AND (id <= 1882294))

table 6 : explain SELECT c FROM sbtest6 WHERE id BETWEEN 2796995 AND 2797004 ORDER BY c
	Sort  (cost=37.20..37.22 rows=9 width=121)
	  Sort Key: c
	  ->  Index Scan using sbtest6_pkey on sbtest6  (cost=0.43..37.06 rows=9 width=121)
	        Index Cond: ((id >= 2796995) AND (id <= 2797004))

table 7 : explain SELECT c FROM sbtest7 WHERE id BETWEEN 1020979 AND 1020988 ORDER BY c
	Sort  (cost=40.63..40.65 rows=10 width=121)
	  Sort Key: c
	  ->  Index Scan using sbtest7_pkey on sbtest7  (cost=0.43..40.46 rows=10 width=121)
	        Index Cond: ((id >= 1020979) AND (id <= 1020988))

table 8 : explain SELECT c FROM sbtest8 WHERE id BETWEEN 4542372 AND 4542381 ORDER BY c
	Sort  (cost=37.51..37.53 rows=9 width=121)
	  Sort Key: c
	  ->  Index Scan using sbtest8_pkey on sbtest8  (cost=0.43..37.36 rows=9 width=121)
	        Index Cond: ((id >= 4542372) AND (id <= 4542381))

for point_selects
table 1 : explain SELECT c FROM sbtest1 WHERE id=1326370
	Index Scan using sbtest1_pkey on sbtest1  (cost=0.43..8.45 rows=1 width=121)
	  Index Cond: (id = 1326370)

table 2 : explain SELECT c FROM sbtest2 WHERE id=7567932
	Index Scan using sbtest2_pkey on sbtest2  (cost=0.43..8.45 rows=1 width=121)
	  Index Cond: (id = 7567932)

table 3 : explain SELECT c FROM sbtest3 WHERE id=3455547
	Index Scan using sbtest3_pkey on sbtest3  (cost=0.43..8.45 rows=1 width=121)
	  Index Cond: (id = 3455547)

table 4 : explain SELECT c FROM sbtest4 WHERE id=6008288
	Index Scan using sbtest4_pkey on sbtest4  (cost=0.43..8.45 rows=1 width=121)
	  Index Cond: (id = 6008288)

table 5 : explain SELECT c FROM sbtest5 WHERE id=3213240
	Index Scan using sbtest5_pkey on sbtest5  (cost=0.43..8.45 rows=1 width=121)
	  Index Cond: (id = 3213240)

table 6 : explain SELECT c FROM sbtest6 WHERE id=9950602
	Index Scan using sbtest6_pkey on sbtest6  (cost=0.43..8.45 rows=1 width=121)
	  Index Cond: (id = 9950602)

table 7 : explain SELECT c FROM sbtest7 WHERE id=9776729
	Index Scan using sbtest7_pkey on sbtest7  (cost=0.43..8.45 rows=1 width=121)
	  Index Cond: (id = 9776729)

table 8 : explain SELECT c FROM sbtest8 WHERE id=6176229
	Index Scan using sbtest8_pkey on sbtest8  (cost=0.43..8.45 rows=1 width=121)
	  Index Cond: (id = 6176229)

explain: for deletes :: explain DELETE FROM sbtest%u WHERE id=%u
for: distinct_ranges
table 1 : explain SELECT DISTINCT c FROM sbtest1 WHERE id BETWEEN 7979477 AND 7979486 ORDER BY c
	Unique  (cost=37.53..37.57 rows=9 width=121)
	  ->  Sort  (cost=37.53..37.55 rows=9 width=121)
	        Sort Key: c
	        ->  Index Scan using sbtest1_pkey on sbtest1  (cost=0.43..37.38 rows=9 width=121)
	              Index Cond: ((id >= 7979477) AND (id <= 7979486))

table 2 : explain SELECT DISTINCT c FROM sbtest2 WHERE id BETWEEN 1321563 AND 1321572 ORDER BY c
	Unique  (cost=41.11..41.16 rows=10 width=121)
	  ->  Sort  (cost=41.11..41.13 rows=10 width=121)
	        Sort Key: c
	        ->  Index Scan using sbtest2_pkey on sbtest2  (cost=0.43..40.94 rows=10 width=121)
	              Index Cond: ((id >= 1321563) AND (id <= 1321572))

table 3 : explain SELECT DISTINCT c FROM sbtest3 WHERE id BETWEEN 5389444 AND 5389453 ORDER BY c
	Unique  (cost=40.71..40.76 rows=10 width=121)
	  ->  Sort  (cost=40.71..40.74 rows=10 width=121)
	        Sort Key: c
	        ->  Index Scan using sbtest3_pkey on sbtest3  (cost=0.43..40.55 rows=10 width=121)
	              Index Cond: ((id >= 5389444) AND (id <= 5389453))

table 4 : explain SELECT DISTINCT c FROM sbtest4 WHERE id BETWEEN 6445842 AND 6445851 ORDER BY c
	Unique  (cost=40.77..40.82 rows=10 width=121)
	  ->  Sort  (cost=40.77..40.79 rows=10 width=121)
	        Sort Key: c
	        ->  Index Scan using sbtest4_pkey on sbtest4  (cost=0.43..40.60 rows=10 width=121)
	              Index Cond: ((id >= 6445842) AND (id <= 6445851))

table 5 : explain SELECT DISTINCT c FROM sbtest5 WHERE id BETWEEN 1522635 AND 1522644 ORDER BY c
	Unique  (cost=40.78..40.83 rows=10 width=121)
	  ->  Sort  (cost=40.78..40.80 rows=10 width=121)
	        Sort Key: c
	        ->  Index Scan using sbtest5_pkey on sbtest5  (cost=0.43..40.61 rows=10 width=121)
	              Index Cond: ((id >= 1522635) AND (id <= 1522644))

table 6 : explain SELECT DISTINCT c FROM sbtest6 WHERE id BETWEEN 7819863 AND 7819872 ORDER BY c
	Unique  (cost=40.80..40.85 rows=10 width=121)
	  ->  Sort  (cost=40.80..40.82 rows=10 width=121)
	        Sort Key: c
	        ->  Index Scan using sbtest6_pkey on sbtest6  (cost=0.43..40.63 rows=10 width=121)
	              Index Cond: ((id >= 7819863) AND (id <= 7819872))

table 7 : explain SELECT DISTINCT c FROM sbtest7 WHERE id BETWEEN 1887351 AND 1887360 ORDER BY c
	Unique  (cost=37.05..37.09 rows=9 width=121)
	  ->  Sort  (cost=37.05..37.07 rows=9 width=121)
	        Sort Key: c
	        ->  Index Scan using sbtest7_pkey on sbtest7  (cost=0.43..36.91 rows=9 width=121)
	              Index Cond: ((id >= 1887351) AND (id <= 1887360))

table 8 : explain SELECT DISTINCT c FROM sbtest8 WHERE id BETWEEN 3746585 AND 3746594 ORDER BY c
	Unique  (cost=41.14..41.19 rows=10 width=121)
	  ->  Sort  (cost=41.14..41.17 rows=10 width=121)
	        Sort Key: c
	        ->  Index Scan using sbtest8_pkey on sbtest8  (cost=0.43..40.98 rows=10 width=121)
	              Index Cond: ((id >= 3746585) AND (id <= 3746594))

for index_updates
table 1 : explain UPDATE sbtest1 SET k=k+1 WHERE id=4737812
	Update on sbtest1  (cost=0.43..8.46 rows=0 width=0)
	  ->  Index Scan using sbtest1_pkey on sbtest1  (cost=0.43..8.46 rows=1 width=10)
	        Index Cond: (id = 4737812)

table 2 : explain UPDATE sbtest2 SET k=k+1 WHERE id=6809249
	Update on sbtest2  (cost=0.43..8.46 rows=0 width=0)
	  ->  Index Scan using sbtest2_pkey on sbtest2  (cost=0.43..8.46 rows=1 width=10)
	        Index Cond: (id = 6809249)

table 3 : explain UPDATE sbtest3 SET k=k+1 WHERE id=1456670
	Update on sbtest3  (cost=0.43..8.46 rows=0 width=0)
	  ->  Index Scan using sbtest3_pkey on sbtest3  (cost=0.43..8.46 rows=1 width=10)
	        Index Cond: (id = 1456670)

table 4 : explain UPDATE sbtest4 SET k=k+1 WHERE id=4186638
	Update on sbtest4  (cost=0.43..8.46 rows=0 width=0)
	  ->  Index Scan using sbtest4_pkey on sbtest4  (cost=0.43..8.46 rows=1 width=10)
	        Index Cond: (id = 4186638)

table 5 : explain UPDATE sbtest5 SET k=k+1 WHERE id=5946746
	Update on sbtest5  (cost=0.43..8.46 rows=0 width=0)
	  ->  Index Scan using sbtest5_pkey on sbtest5  (cost=0.43..8.46 rows=1 width=10)
	        Index Cond: (id = 5946746)

table 6 : explain UPDATE sbtest6 SET k=k+1 WHERE id=6057567
	Update on sbtest6  (cost=0.43..8.46 rows=0 width=0)
	  ->  Index Scan using sbtest6_pkey on sbtest6  (cost=0.43..8.46 rows=1 width=10)
	        Index Cond: (id = 6057567)

table 7 : explain UPDATE sbtest7 SET k=k+1 WHERE id=1579990
	Update on sbtest7  (cost=0.43..8.46 rows=0 width=0)
	  ->  Index Scan using sbtest7_pkey on sbtest7  (cost=0.43..8.46 rows=1 width=10)
	        Index Cond: (id = 1579990)

table 8 : explain UPDATE sbtest8 SET k=k+1 WHERE id=9774198
	Update on sbtest8  (cost=0.43..8.46 rows=0 width=0)
	  ->  Index Scan using sbtest8_pkey on sbtest8  (cost=0.43..8.46 rows=1 width=10)
	        Index Cond: (id = 9774198)

for non_index_updates
table 1 : explain UPDATE sbtest1 SET c='foobar' WHERE id=1905637
	Update on sbtest1  (cost=0.43..8.45 rows=0 width=0)
	  ->  Index Scan using sbtest1_pkey on sbtest1  (cost=0.43..8.45 rows=1 width=490)
	        Index Cond: (id = 1905637)

table 2 : explain UPDATE sbtest2 SET c='foobar' WHERE id=439803
	Update on sbtest2  (cost=0.43..8.45 rows=0 width=0)
	  ->  Index Scan using sbtest2_pkey on sbtest2  (cost=0.43..8.45 rows=1 width=490)
	        Index Cond: (id = 439803)

table 3 : explain UPDATE sbtest3 SET c='foobar' WHERE id=2956464
	Update on sbtest3  (cost=0.43..8.45 rows=0 width=0)
	  ->  Index Scan using sbtest3_pkey on sbtest3  (cost=0.43..8.45 rows=1 width=490)
	        Index Cond: (id = 2956464)

table 4 : explain UPDATE sbtest4 SET c='foobar' WHERE id=4522516
	Update on sbtest4  (cost=0.43..8.45 rows=0 width=0)
	  ->  Index Scan using sbtest4_pkey on sbtest4  (cost=0.43..8.45 rows=1 width=490)
	        Index Cond: (id = 4522516)

table 5 : explain UPDATE sbtest5 SET c='foobar' WHERE id=3993607
	Update on sbtest5  (cost=0.43..8.45 rows=0 width=0)
	  ->  Index Scan using sbtest5_pkey on sbtest5  (cost=0.43..8.45 rows=1 width=490)
	        Index Cond: (id = 3993607)

table 6 : explain UPDATE sbtest6 SET c='foobar' WHERE id=5028004
	Update on sbtest6  (cost=0.43..8.45 rows=0 width=0)
	  ->  Index Scan using sbtest6_pkey on sbtest6  (cost=0.43..8.45 rows=1 width=490)
	        Index Cond: (id = 5028004)

table 7 : explain UPDATE sbtest7 SET c='foobar' WHERE id=898520
	Update on sbtest7  (cost=0.43..8.45 rows=0 width=0)
	  ->  Index Scan using sbtest7_pkey on sbtest7  (cost=0.43..8.45 rows=1 width=490)
	        Index Cond: (id = 898520)

table 8 : explain UPDATE sbtest8 SET c='foobar' WHERE id=5248559
	Update on sbtest8  (cost=0.43..8.45 rows=0 width=0)
	  ->  Index Scan using sbtest8_pkey on sbtest8  (cost=0.43..8.45 rows=1 width=490)
	        Index Cond: (id = 5248559)

for index_updates
table 1 : explain UPDATE sbtest1 SET k=k+1 WHERE id=7147876
	Update on sbtest1  (cost=0.43..8.46 rows=0 width=0)
	  ->  Index Scan using sbtest1_pkey on sbtest1  (cost=0.43..8.46 rows=1 width=10)
	        Index Cond: (id = 7147876)

table 2 : explain UPDATE sbtest2 SET k=k+1 WHERE id=5957349
	Update on sbtest2  (cost=0.43..8.46 rows=0 width=0)
	  ->  Index Scan using sbtest2_pkey on sbtest2  (cost=0.43..8.46 rows=1 width=10)
	        Index Cond: (id = 5957349)

table 3 : explain UPDATE sbtest3 SET k=k+1 WHERE id=7136141
	Update on sbtest3  (cost=0.43..8.46 rows=0 width=0)
	  ->  Index Scan using sbtest3_pkey on sbtest3  (cost=0.43..8.46 rows=1 width=10)
	        Index Cond: (id = 7136141)

table 4 : explain UPDATE sbtest4 SET k=k+1 WHERE id=1512781
	Update on sbtest4  (cost=0.43..8.46 rows=0 width=0)
	  ->  Index Scan using sbtest4_pkey on sbtest4  (cost=0.43..8.46 rows=1 width=10)
	        Index Cond: (id = 1512781)

table 5 : explain UPDATE sbtest5 SET k=k+1 WHERE id=708784
	Update on sbtest5  (cost=0.43..8.46 rows=0 width=0)
	  ->  Index Scan using sbtest5_pkey on sbtest5  (cost=0.43..8.46 rows=1 width=10)
	        Index Cond: (id = 708784)

table 6 : explain UPDATE sbtest6 SET k=k+1 WHERE id=2881765
	Update on sbtest6  (cost=0.43..8.46 rows=0 width=0)
	  ->  Index Scan using sbtest6_pkey on sbtest6  (cost=0.43..8.46 rows=1 width=10)
	        Index Cond: (id = 2881765)

table 7 : explain UPDATE sbtest7 SET k=k+1 WHERE id=3713806
	Update on sbtest7  (cost=0.43..8.46 rows=0 width=0)
	  ->  Index Scan using sbtest7_pkey on sbtest7  (cost=0.43..8.46 rows=1 width=10)
	        Index Cond: (id = 3713806)

table 8 : explain UPDATE sbtest8 SET k=k+1 WHERE id=9798681
	Update on sbtest8  (cost=0.43..8.46 rows=0 width=0)
	  ->  Index Scan using sbtest8_pkey on sbtest8  (cost=0.43..8.46 rows=1 width=10)
	        Index Cond: (id = 9798681)

for non_index_updates
table 1 : explain UPDATE sbtest1 SET c='foobar' WHERE id=9812741
	Update on sbtest1  (cost=0.43..8.45 rows=0 width=0)
	  ->  Index Scan using sbtest1_pkey on sbtest1  (cost=0.43..8.45 rows=1 width=490)
	        Index Cond: (id = 9812741)

table 2 : explain UPDATE sbtest2 SET c='foobar' WHERE id=484176
	Update on sbtest2  (cost=0.43..8.45 rows=0 width=0)
	  ->  Index Scan using sbtest2_pkey on sbtest2  (cost=0.43..8.45 rows=1 width=490)
	        Index Cond: (id = 484176)

table 3 : explain UPDATE sbtest3 SET c='foobar' WHERE id=88537
	Update on sbtest3  (cost=0.43..8.45 rows=0 width=0)
	  ->  Index Scan using sbtest3_pkey on sbtest3  (cost=0.43..8.45 rows=1 width=490)
	        Index Cond: (id = 88537)

table 4 : explain UPDATE sbtest4 SET c='foobar' WHERE id=9377883
	Update on sbtest4  (cost=0.43..8.45 rows=0 width=0)
	  ->  Index Scan using sbtest4_pkey on sbtest4  (cost=0.43..8.45 rows=1 width=490)
	        Index Cond: (id = 9377883)

table 5 : explain UPDATE sbtest5 SET c='foobar' WHERE id=1662649
	Update on sbtest5  (cost=0.43..8.45 rows=0 width=0)
	  ->  Index Scan using sbtest5_pkey on sbtest5  (cost=0.43..8.45 rows=1 width=490)
	        Index Cond: (id = 1662649)

table 6 : explain UPDATE sbtest6 SET c='foobar' WHERE id=9311684
	Update on sbtest6  (cost=0.43..8.45 rows=0 width=0)
	  ->  Index Scan using sbtest6_pkey on sbtest6  (cost=0.43..8.45 rows=1 width=490)
	        Index Cond: (id = 9311684)

table 7 : explain UPDATE sbtest7 SET c='foobar' WHERE id=7309810
	Update on sbtest7  (cost=0.43..8.45 rows=0 width=0)
	  ->  Index Scan using sbtest7_pkey on sbtest7  (cost=0.43..8.45 rows=1 width=490)
	        Index Cond: (id = 7309810)

table 8 : explain UPDATE sbtest8 SET c='foobar' WHERE id=8038748
	Update on sbtest8  (cost=0.43..8.45 rows=0 width=0)
	  ->  Index Scan using sbtest8_pkey on sbtest8  (cost=0.43..8.45 rows=1 width=490)
	        Index Cond: (id = 8038748)

for deletes
table 1 : explain DELETE FROM sbtest1 WHERE id=642353
	Delete on sbtest1  (cost=0.43..8.45 rows=0 width=0)
	  ->  Index Scan using sbtest1_pkey on sbtest1  (cost=0.43..8.45 rows=1 width=6)
	        Index Cond: (id = 642353)

table 2 : explain DELETE FROM sbtest2 WHERE id=7206815
	Delete on sbtest2  (cost=0.43..8.45 rows=0 width=0)
	  ->  Index Scan using sbtest2_pkey on sbtest2  (cost=0.43..8.45 rows=1 width=6)
	        Index Cond: (id = 7206815)

table 3 : explain DELETE FROM sbtest3 WHERE id=3264604
	Delete on sbtest3  (cost=0.43..8.45 rows=0 width=0)
	  ->  Index Scan using sbtest3_pkey on sbtest3  (cost=0.43..8.45 rows=1 width=6)
	        Index Cond: (id = 3264604)

table 4 : explain DELETE FROM sbtest4 WHERE id=8608902
	Delete on sbtest4  (cost=0.43..8.45 rows=0 width=0)
	  ->  Index Scan using sbtest4_pkey on sbtest4  (cost=0.43..8.45 rows=1 width=6)
	        Index Cond: (id = 8608902)

table 5 : explain DELETE FROM sbtest5 WHERE id=5925624
	Delete on sbtest5  (cost=0.43..8.45 rows=0 width=0)
	  ->  Index Scan using sbtest5_pkey on sbtest5  (cost=0.43..8.45 rows=1 width=6)
	        Index Cond: (id = 5925624)

table 6 : explain DELETE FROM sbtest6 WHERE id=5338819
	Delete on sbtest6  (cost=0.43..8.45 rows=0 width=0)
	  ->  Index Scan using sbtest6_pkey on sbtest6  (cost=0.43..8.45 rows=1 width=6)
	        Index Cond: (id = 5338819)

table 7 : explain DELETE FROM sbtest7 WHERE id=3888109
	Delete on sbtest7  (cost=0.43..8.45 rows=0 width=0)
	  ->  Index Scan using sbtest7_pkey on sbtest7  (cost=0.43..8.45 rows=1 width=6)
	        Index Cond: (id = 3888109)

table 8 : explain DELETE FROM sbtest8 WHERE id=8915740
	Delete on sbtest8  (cost=0.43..8.45 rows=0 width=0)
	  ->  Index Scan using sbtest8_pkey on sbtest8  (cost=0.43..8.45 rows=1 width=6)
	        Index Cond: (id = 8915740)

explain: for index_updates :: explain UPDATE sbtest%u SET k=k+1 WHERE id=%u
explain: for deletes :: explain DELETE FROM sbtest%u WHERE id=%u
for: sum_ranges
table 1 : explain SELECT SUM(k) FROM sbtest1 WHERE id BETWEEN 6017043 AND 6017052
	Aggregate  (cost=41.02..41.03 rows=1 width=8)
	  ->  Index Scan using sbtest1_pkey on sbtest1  (cost=0.43..41.00 rows=10 width=4)
	        Index Cond: ((id >= 6017043) AND (id <= 6017052))

table 2 : explain SELECT SUM(k) FROM sbtest2 WHERE id BETWEEN 3903572 AND 3903581
	Aggregate  (cost=40.97..40.98 rows=1 width=8)
	  ->  Index Scan using sbtest2_pkey on sbtest2  (cost=0.43..40.94 rows=10 width=4)
	        Index Cond: ((id >= 3903572) AND (id <= 3903581))

table 3 : explain SELECT SUM(k) FROM sbtest3 WHERE id BETWEEN 1778361 AND 1778370
	Aggregate  (cost=40.57..40.58 rows=1 width=8)
	  ->  Index Scan using sbtest3_pkey on sbtest3  (cost=0.43..40.55 rows=10 width=4)
	        Index Cond: ((id >= 1778361) AND (id <= 1778370))

table 4 : explain SELECT SUM(k) FROM sbtest4 WHERE id BETWEEN 7174056 AND 7174065
	Aggregate  (cost=40.63..40.64 rows=1 width=8)
	  ->  Index Scan using sbtest4_pkey on sbtest4  (cost=0.43..40.60 rows=10 width=4)
	        Index Cond: ((id >= 7174056) AND (id <= 7174065))

table 5 : explain SELECT SUM(k) FROM sbtest5 WHERE id BETWEEN 1661370 AND 1661379
	Aggregate  (cost=40.63..40.64 rows=1 width=8)
	  ->  Index Scan using sbtest5_pkey on sbtest5  (cost=0.43..40.61 rows=10 width=4)
	        Index Cond: ((id >= 1661370) AND (id <= 1661379))

table 6 : explain SELECT SUM(k) FROM sbtest6 WHERE id BETWEEN 4733863 AND 4733872
	Aggregate  (cost=37.08..37.09 rows=1 width=8)
	  ->  Index Scan using sbtest6_pkey on sbtest6  (cost=0.43..37.06 rows=9 width=4)
	        Index Cond: ((id >= 4733863) AND (id <= 4733872))

table 7 : explain SELECT SUM(k) FROM sbtest7 WHERE id BETWEEN 3236992 AND 3237001
	Aggregate  (cost=44.05..44.06 rows=1 width=8)
	  ->  Index Scan using sbtest7_pkey on sbtest7  (cost=0.43..44.02 rows=11 width=4)
	        Index Cond: ((id >= 3236992) AND (id <= 3237001))

table 8 : explain SELECT SUM(k) FROM sbtest8 WHERE id BETWEEN 5661972 AND 5661981
	Aggregate  (cost=41.00..41.01 rows=1 width=8)
	  ->  Index Scan using sbtest8_pkey on sbtest8  (cost=0.43..40.98 rows=10 width=4)
	        Index Cond: ((id >= 5661972) AND (id <= 5661981))

explain: for deletes :: explain DELETE FROM sbtest%u WHERE id=%u
explain: for non_index_updates :: explain UPDATE sbtest%u SET c='foobar' WHERE id=%u
explain: for inserts :: explain INSERT INTO sbtest%u (id, k, c, pad) VALUES (%u, 13, 'foobar', 'foobar')
for index_updates
table 1 : explain UPDATE sbtest1 SET k=k+1 WHERE id=4730481
	Update on sbtest1  (cost=0.43..8.46 rows=0 width=0)
	  ->  Index Scan using sbtest1_pkey on sbtest1  (cost=0.43..8.46 rows=1 width=10)
	        Index Cond: (id = 4730481)

table 2 : explain UPDATE sbtest2 SET k=k+1 WHERE id=6000048
	Update on sbtest2  (cost=0.43..8.46 rows=0 width=0)
	  ->  Index Scan using sbtest2_pkey on sbtest2  (cost=0.43..8.46 rows=1 width=10)
	        Index Cond: (id = 6000048)

table 3 : explain UPDATE sbtest3 SET k=k+1 WHERE id=9187993
	Update on sbtest3  (cost=0.43..8.46 rows=0 width=0)
	  ->  Index Scan using sbtest3_pkey on sbtest3  (cost=0.43..8.46 rows=1 width=10)
	        Index Cond: (id = 9187993)

table 4 : explain UPDATE sbtest4 SET k=k+1 WHERE id=4378920
	Update on sbtest4  (cost=0.43..8.46 rows=0 width=0)
	  ->  Index Scan using sbtest4_pkey on sbtest4  (cost=0.43..8.46 rows=1 width=10)
	        Index Cond: (id = 4378920)

table 5 : explain UPDATE sbtest5 SET k=k+1 WHERE id=6004904
	Update on sbtest5  (cost=0.43..8.46 rows=0 width=0)
	  ->  Index Scan using sbtest5_pkey on sbtest5  (cost=0.43..8.46 rows=1 width=10)
	        Index Cond: (id = 6004904)

table 6 : explain UPDATE sbtest6 SET k=k+1 WHERE id=5118275
	Update on sbtest6  (cost=0.43..8.46 rows=0 width=0)
	  ->  Index Scan using sbtest6_pkey on sbtest6  (cost=0.43..8.46 rows=1 width=10)
	        Index Cond: (id = 5118275)

table 7 : explain UPDATE sbtest7 SET k=k+1 WHERE id=7763900
	Update on sbtest7  (cost=0.43..8.46 rows=0 width=0)
	  ->  Index Scan using sbtest7_pkey on sbtest7  (cost=0.43..8.46 rows=1 width=10)
	        Index Cond: (id = 7763900)

table 8 : explain UPDATE sbtest8 SET k=k+1 WHERE id=2357722
	Update on sbtest8  (cost=0.43..8.46 rows=0 width=0)
	  ->  Index Scan using sbtest8_pkey on sbtest8  (cost=0.43..8.46 rows=1 width=10)
	        Index Cond: (id = 2357722)

for: simple_ranges
table 1 : explain SELECT c FROM sbtest1 WHERE id BETWEEN 5358213 AND 5358222
	Index Scan using sbtest1_pkey on sbtest1  (cost=0.43..41.00 rows=10 width=121)
	  Index Cond: ((id >= 5358213) AND (id <= 5358222))

table 2 : explain SELECT c FROM sbtest2 WHERE id BETWEEN 6937729 AND 6937738
	Index Scan using sbtest2_pkey on sbtest2  (cost=0.43..44.55 rows=11 width=121)
	  Index Cond: ((id >= 6937729) AND (id <= 6937738))

table 3 : explain SELECT c FROM sbtest3 WHERE id BETWEEN 1443839 AND 1443848
	Index Scan using sbtest3_pkey on sbtest3  (cost=0.43..40.55 rows=10 width=121)
	  Index Cond: ((id >= 1443839) AND (id <= 1443848))

table 4 : explain SELECT c FROM sbtest4 WHERE id BETWEEN 8906578 AND 8906587
	Index Scan using sbtest4_pkey on sbtest4  (cost=0.43..40.60 rows=10 width=121)
	  Index Cond: ((id >= 8906578) AND (id <= 8906587))

table 5 : explain SELECT c FROM sbtest5 WHERE id BETWEEN 2096314 AND 2096323
	Index Scan using sbtest5_pkey on sbtest5  (cost=0.43..40.61 rows=10 width=121)
	  Index Cond: ((id >= 2096314) AND (id <= 2096323))

table 6 : explain SELECT c FROM sbtest6 WHERE id BETWEEN 3942781 AND 3942790
	Index Scan using sbtest6_pkey on sbtest6  (cost=0.43..37.06 rows=9 width=121)
	  Index Cond: ((id >= 3942781) AND (id <= 3942790))

table 7 : explain SELECT c FROM sbtest7 WHERE id BETWEEN 1737980 AND 1737989
	Index Scan using sbtest7_pkey on sbtest7  (cost=0.43..40.46 rows=10 width=121)
	  Index Cond: ((id >= 1737980) AND (id <= 1737989))

table 8 : explain SELECT c FROM sbtest8 WHERE id BETWEEN 8172230 AND 8172239
	Index Scan using sbtest8_pkey on sbtest8  (cost=0.43..44.59 rows=11 width=121)
	  Index Cond: ((id >= 8172230) AND (id <= 8172239))

for inserts
table 1 : explain INSERT INTO sbtest1 (id, k, c, pad) VALUES (8954964, 13, 'foobar', 'foobar')
	Insert on sbtest1  (cost=0.00..0.01 rows=0 width=0)
	  ->  Result  (cost=0.00..0.01 rows=1 width=736)

table 2 : explain INSERT INTO sbtest2 (id, k, c, pad) VALUES (5031432, 13, 'foobar', 'foobar')
	Insert on sbtest2  (cost=0.00..0.01 rows=0 width=0)
	  ->  Result  (cost=0.00..0.01 rows=1 width=736)

table 3 : explain INSERT INTO sbtest3 (id, k, c, pad) VALUES (6963159, 13, 'foobar', 'foobar')
	Insert on sbtest3  (cost=0.00..0.01 rows=0 width=0)
	  ->  Result  (cost=0.00..0.01 rows=1 width=736)

table 4 : explain INSERT INTO sbtest4 (id, k, c, pad) VALUES (3572868, 13, 'foobar', 'foobar')
	Insert on sbtest4  (cost=0.00..0.01 rows=0 width=0)
	  ->  Result  (cost=0.00..0.01 rows=1 width=736)

table 5 : explain INSERT INTO sbtest5 (id, k, c, pad) VALUES (9571094, 13, 'foobar', 'foobar')
	Insert on sbtest5  (cost=0.00..0.01 rows=0 width=0)
	  ->  Result  (cost=0.00..0.01 rows=1 width=736)

table 6 : explain INSERT INTO sbtest6 (id, k, c, pad) VALUES (5621913, 13, 'foobar', 'foobar')
	Insert on sbtest6  (cost=0.00..0.01 rows=0 width=0)
	  ->  Result  (cost=0.00..0.01 rows=1 width=736)

table 7 : explain INSERT INTO sbtest7 (id, k, c, pad) VALUES (4537271, 13, 'foobar', 'foobar')
	Insert on sbtest7  (cost=0.00..0.01 rows=0 width=0)
	  ->  Result  (cost=0.00..0.01 rows=1 width=736)

table 8 : explain INSERT INTO sbtest8 (id, k, c, pad) VALUES (6474619, 13, 'foobar', 'foobar')
	Insert on sbtest8  (cost=0.00..0.01 rows=0 width=0)
	  ->  Result  (cost=0.00..0.01 rows=1 width=736)

for deletes
table 1 : explain DELETE FROM sbtest1 WHERE id=3062871
	Delete on sbtest1  (cost=0.43..8.45 rows=0 width=0)
	  ->  Index Scan using sbtest1_pkey on sbtest1  (cost=0.43..8.45 rows=1 width=6)
	        Index Cond: (id = 3062871)

table 2 : explain DELETE FROM sbtest2 WHERE id=1640085
	Delete on sbtest2  (cost=0.43..8.45 rows=0 width=0)
	  ->  Index Scan using sbtest2_pkey on sbtest2  (cost=0.43..8.45 rows=1 width=6)
	        Index Cond: (id = 1640085)

table 3 : explain DELETE FROM sbtest3 WHERE id=5601413
	Delete on sbtest3  (cost=0.43..8.45 rows=0 width=0)
	  ->  Index Scan using sbtest3_pkey on sbtest3  (cost=0.43..8.45 rows=1 width=6)
	        Index Cond: (id = 5601413)

table 4 : explain DELETE FROM sbtest4 WHERE id=4529909
	Delete on sbtest4  (cost=0.43..8.45 rows=0 width=0)
	  ->  Index Scan using sbtest4_pkey on sbtest4  (cost=0.43..8.45 rows=1 width=6)
	        Index Cond: (id = 4529909)

table 5 : explain DELETE FROM sbtest5 WHERE id=270296
	Delete on sbtest5  (cost=0.43..8.45 rows=0 width=0)
	  ->  Index Scan using sbtest5_pkey on sbtest5  (cost=0.43..8.45 rows=1 width=6)
	        Index Cond: (id = 270296)

table 6 : explain DELETE FROM sbtest6 WHERE id=2707828
	Delete on sbtest6  (cost=0.43..8.45 rows=0 width=0)
	  ->  Index Scan using sbtest6_pkey on sbtest6  (cost=0.43..8.45 rows=1 width=6)
	        Index Cond: (id = 2707828)

table 7 : explain DELETE FROM sbtest7 WHERE id=6044546
	Delete on sbtest7  (cost=0.43..8.45 rows=0 width=0)
	  ->  Index Scan using sbtest7_pkey on sbtest7  (cost=0.43..8.45 rows=1 width=6)
	        Index Cond: (id = 6044546)

table 8 : explain DELETE FROM sbtest8 WHERE id=8398962
	Delete on sbtest8  (cost=0.43..8.45 rows=0 width=0)
	  ->  Index Scan using sbtest8_pkey on sbtest8  (cost=0.43..8.45 rows=1 width=6)
	        Index Cond: (id = 8398962)

for point_selects
table 1 : explain SELECT c FROM sbtest1 WHERE id=2037674
	Index Scan using sbtest1_pkey on sbtest1  (cost=0.43..8.45 rows=1 width=121)
	  Index Cond: (id = 2037674)

table 2 : explain SELECT c FROM sbtest2 WHERE id=177848
	Index Scan using sbtest2_pkey on sbtest2  (cost=0.43..8.45 rows=1 width=121)
	  Index Cond: (id = 177848)

table 3 : explain SELECT c FROM sbtest3 WHERE id=4699068
	Index Scan using sbtest3_pkey on sbtest3  (cost=0.43..8.45 rows=1 width=121)
	  Index Cond: (id = 4699068)

table 4 : explain SELECT c FROM sbtest4 WHERE id=1983790
	Index Scan using sbtest4_pkey on sbtest4  (cost=0.43..8.45 rows=1 width=121)
	  Index Cond: (id = 1983790)

table 5 : explain SELECT c FROM sbtest5 WHERE id=7802719
	Index Scan using sbtest5_pkey on sbtest5  (cost=0.43..8.45 rows=1 width=121)
	  Index Cond: (id = 7802719)

table 6 : explain SELECT c FROM sbtest6 WHERE id=8979480
	Index Scan using sbtest6_pkey on sbtest6  (cost=0.43..8.45 rows=1 width=121)
	  Index Cond: (id = 8979480)

table 7 : explain SELECT c FROM sbtest7 WHERE id=7511200
	Index Scan using sbtest7_pkey on sbtest7  (cost=0.43..8.45 rows=1 width=121)
	  Index Cond: (id = 7511200)

table 8 : explain SELECT c FROM sbtest8 WHERE id=2654958
	Index Scan using sbtest8_pkey on sbtest8  (cost=0.43..8.45 rows=1 width=121)
	  Index Cond: (id = 2654958)

explain: for non_index_updates :: explain UPDATE sbtest%u SET c='foobar' WHERE id=%u
for deletes
table 1 : explain DELETE FROM sbtest1 WHERE id=9970579
	Delete on sbtest1  (cost=0.43..8.45 rows=0 width=0)
	  ->  Index Scan using sbtest1_pkey on sbtest1  (cost=0.43..8.45 rows=1 width=6)
	        Index Cond: (id = 9970579)

table 2 : explain DELETE FROM sbtest2 WHERE id=17326
	Delete on sbtest2  (cost=0.43..8.45 rows=0 width=0)
	  ->  Index Scan using sbtest2_pkey on sbtest2  (cost=0.43..8.45 rows=1 width=6)
	        Index Cond: (id = 17326)

table 3 : explain DELETE FROM sbtest3 WHERE id=8816570
	Delete on sbtest3  (cost=0.43..8.45 rows=0 width=0)
	  ->  Index Scan using sbtest3_pkey on sbtest3  (cost=0.43..8.45 rows=1 width=6)
	        Index Cond: (id = 8816570)

table 4 : explain DELETE FROM sbtest4 WHERE id=9131457
	Delete on sbtest4  (cost=0.43..8.45 rows=0 width=0)
	  ->  Index Scan using sbtest4_pkey on sbtest4  (cost=0.43..8.45 rows=1 width=6)
	        Index Cond: (id = 9131457)

table 5 : explain DELETE FROM sbtest5 WHERE id=7597943
	Delete on sbtest5  (cost=0.43..8.45 rows=0 width=0)
	  ->  Index Scan using sbtest5_pkey on sbtest5  (cost=0.43..8.45 rows=1 width=6)
	        Index Cond: (id = 7597943)

table 6 : explain DELETE FROM sbtest6 WHERE id=1638141
	Delete on sbtest6  (cost=0.43..8.45 rows=0 width=0)
	  ->  Index Scan using sbtest6_pkey on sbtest6  (cost=0.43..8.45 rows=1 width=6)
	        Index Cond: (id = 1638141)

table 7 : explain DELETE FROM sbtest7 WHERE id=1476865
	Delete on sbtest7  (cost=0.43..8.45 rows=0 width=0)
	  ->  Index Scan using sbtest7_pkey on sbtest7  (cost=0.43..8.45 rows=1 width=6)
	        Index Cond: (id = 1476865)

table 8 : explain DELETE FROM sbtest8 WHERE id=953994
	Delete on sbtest8  (cost=0.43..8.45 rows=0 width=0)
	  ->  Index Scan using sbtest8_pkey on sbtest8  (cost=0.43..8.45 rows=1 width=6)
	        Index Cond: (id = 953994)

for: order_ranges
table 1 : explain SELECT c FROM sbtest1 WHERE id BETWEEN 8658334 AND 8658343 ORDER BY c
	Sort  (cost=41.16..41.19 rows=10 width=121)
	  Sort Key: c
	  ->  Index Scan using sbtest1_pkey on sbtest1  (cost=0.43..41.00 rows=10 width=121)
	        Index Cond: ((id >= 8658334) AND (id <= 8658343))

table 2 : explain SELECT c FROM sbtest2 WHERE id BETWEEN 3348986 AND 3348995 ORDER BY c
	Sort  (cost=44.74..44.77 rows=11 width=121)
	  Sort Key: c
	  ->  Index Scan using sbtest2_pkey on sbtest2  (cost=0.43..44.55 rows=11 width=121)
	        Index Cond: ((id >= 3348986) AND (id <= 3348995))

table 3 : explain SELECT c FROM sbtest3 WHERE id BETWEEN 664905 AND 664914 ORDER BY c
	Sort  (cost=40.71..40.74 rows=10 width=121)
	  Sort Key: c
	  ->  Index Scan using sbtest3_pkey on sbtest3  (cost=0.43..40.55 rows=10 width=121)
	        Index Cond: ((id >= 664905) AND (id <= 664914))

table 4 : explain SELECT c FROM sbtest4 WHERE id BETWEEN 8064992 AND 8065001 ORDER BY c
	Sort  (cost=40.77..40.79 rows=10 width=121)
	  Sort Key: c
	  ->  Index Scan using sbtest4_pkey on sbtest4  (cost=0.43..40.60 rows=10 width=121)
	        Index Cond: ((id >= 8064992) AND (id <= 8065001))

table 5 : explain SELECT c FROM sbtest5 WHERE id BETWEEN 2178712 AND 2178721 ORDER BY c
	Sort  (cost=37.18..37.20 rows=9 width=121)
	  Sort Key: c
	  ->  Index Scan using sbtest5_pkey on sbtest5  (cost=0.43..37.04 rows=9 width=121)
	        Index Cond: ((id >= 2178712) AND (id <= 2178721))

table 6 : explain SELECT c FROM sbtest6 WHERE id BETWEEN 7480744 AND 7480753 ORDER BY c
	Sort  (cost=40.80..40.82 rows=10 width=121)
	  Sort Key: c
	  ->  Index Scan using sbtest6_pkey on sbtest6  (cost=0.43..40.63 rows=10 width=121)
	        Index Cond: ((id >= 7480744) AND (id <= 7480753))

table 7 : explain SELECT c FROM sbtest7 WHERE id BETWEEN 3820252 AND 3820261 ORDER BY c
	Sort  (cost=44.21..44.24 rows=11 width=121)
	  Sort Key: c
	  ->  Index Scan using sbtest7_pkey on sbtest7  (cost=0.43..44.02 rows=11 width=121)
	        Index Cond: ((id >= 3820252) AND (id <= 3820261))

table 8 : explain SELECT c FROM sbtest8 WHERE id BETWEEN 4604676 AND 4604685 ORDER BY c
	Sort  (cost=41.14..41.17 rows=10 width=121)
	  Sort Key: c
	  ->  Index Scan using sbtest8_pkey on sbtest8  (cost=0.43..40.98 rows=10 width=121)
	        Index Cond: ((id >= 4604676) AND (id <= 4604685))

for point_selects
table 1 : explain SELECT c FROM sbtest1 WHERE id=1297091
	Index Scan using sbtest1_pkey on sbtest1  (cost=0.43..8.45 rows=1 width=121)
	  Index Cond: (id = 1297091)

table 2 : explain SELECT c FROM sbtest2 WHERE id=8023516
	Index Scan using sbtest2_pkey on sbtest2  (cost=0.43..8.45 rows=1 width=121)
	  Index Cond: (id = 8023516)

table 3 : explain SELECT c FROM sbtest3 WHERE id=8908812
	Index Scan using sbtest3_pkey on sbtest3  (cost=0.43..8.45 rows=1 width=121)
	  Index Cond: (id = 8908812)

table 4 : explain SELECT c FROM sbtest4 WHERE id=8590077
	Index Scan using sbtest4_pkey on sbtest4  (cost=0.43..8.45 rows=1 width=121)
	  Index Cond: (id = 8590077)

table 5 : explain SELECT c FROM sbtest5 WHERE id=8501304
	Index Scan using sbtest5_pkey on sbtest5  (cost=0.43..8.45 rows=1 width=121)
	  Index Cond: (id = 8501304)

table 6 : explain SELECT c FROM sbtest6 WHERE id=8397522
	Index Scan using sbtest6_pkey on sbtest6  (cost=0.43..8.45 rows=1 width=121)
	  Index Cond: (id = 8397522)

table 7 : explain SELECT c FROM sbtest7 WHERE id=830718
	Index Scan using sbtest7_pkey on sbtest7  (cost=0.43..8.45 rows=1 width=121)
	  Index Cond: (id = 830718)

table 8 : explain SELECT c FROM sbtest8 WHERE id=2032582
	Index Scan using sbtest8_pkey on sbtest8  (cost=0.43..8.45 rows=1 width=121)
	  Index Cond: (id = 2032582)

for non_index_updates
table 1 : explain UPDATE sbtest1 SET c='foobar' WHERE id=3313149
	Update on sbtest1  (cost=0.43..8.45 rows=0 width=0)
	  ->  Index Scan using sbtest1_pkey on sbtest1  (cost=0.43..8.45 rows=1 width=490)
	        Index Cond: (id = 3313149)

table 2 : explain UPDATE sbtest2 SET c='foobar' WHERE id=4720609
	Update on sbtest2  (cost=0.43..8.45 rows=0 width=0)
	  ->  Index Scan using sbtest2_pkey on sbtest2  (cost=0.43..8.45 rows=1 width=490)
	        Index Cond: (id = 4720609)

table 3 : explain UPDATE sbtest3 SET c='foobar' WHERE id=9866394
	Update on sbtest3  (cost=0.43..8.45 rows=0 width=0)
	  ->  Index Scan using sbtest3_pkey on sbtest3  (cost=0.43..8.45 rows=1 width=490)
	        Index Cond: (id = 9866394)

table 4 : explain UPDATE sbtest4 SET c='foobar' WHERE id=8829490
	Update on sbtest4  (cost=0.43..8.45 rows=0 width=0)
	  ->  Index Scan using sbtest4_pkey on sbtest4  (cost=0.43..8.45 rows=1 width=490)
	        Index Cond: (id = 8829490)

table 5 : explain UPDATE sbtest5 SET c='foobar' WHERE id=2607563
	Update on sbtest5  (cost=0.43..8.45 rows=0 width=0)
	  ->  Index Scan using sbtest5_pkey on sbtest5  (cost=0.43..8.45 rows=1 width=490)
	        Index Cond: (id = 2607563)

table 6 : explain UPDATE sbtest6 SET c='foobar' WHERE id=286508
	Update on sbtest6  (cost=0.43..8.45 rows=0 width=0)
	  ->  Index Scan using sbtest6_pkey on sbtest6  (cost=0.43..8.45 rows=1 width=490)
	        Index Cond: (id = 286508)

table 7 : explain UPDATE sbtest7 SET c='foobar' WHERE id=2129457
	Update on sbtest7  (cost=0.43..8.45 rows=0 width=0)
	  ->  Index Scan using sbtest7_pkey on sbtest7  (cost=0.43..8.45 rows=1 width=490)
	        Index Cond: (id = 2129457)

table 8 : explain UPDATE sbtest8 SET c='foobar' WHERE id=902829
	Update on sbtest8  (cost=0.43..8.45 rows=0 width=0)
	  ->  Index Scan using sbtest8_pkey on sbtest8  (cost=0.43..8.45 rows=1 width=490)
	        Index Cond: (id = 902829)

for: distinct_ranges
table 1 : explain SELECT DISTINCT c FROM sbtest1 WHERE id BETWEEN 5655245 AND 5655254 ORDER BY c
	Unique  (cost=41.16..41.21 rows=10 width=121)
	  ->  Sort  (cost=41.16..41.19 rows=10 width=121)
	        Sort Key: c
	        ->  Index Scan using sbtest1_pkey on sbtest1  (cost=0.43..41.00 rows=10 width=121)
	              Index Cond: ((id >= 5655245) AND (id <= 5655254))

table 2 : explain SELECT DISTINCT c FROM sbtest2 WHERE id BETWEEN 8725447 AND 8725456 ORDER BY c
	Unique  (cost=41.11..41.16 rows=10 width=121)
	  ->  Sort  (cost=41.11..41.13 rows=10 width=121)
	        Sort Key: c
	        ->  Index Scan using sbtest2_pkey on sbtest2  (cost=0.43..40.94 rows=10 width=121)
	              Index Cond: ((id >= 8725447) AND (id <= 8725456))

table 3 : explain SELECT DISTINCT c FROM sbtest3 WHERE id BETWEEN 7014302 AND 7014311 ORDER BY c
	Unique  (cost=40.71..40.76 rows=10 width=121)
	  ->  Sort  (cost=40.71..40.74 rows=10 width=121)
	        Sort Key: c
	        ->  Index Scan using sbtest3_pkey on sbtest3  (cost=0.43..40.55 rows=10 width=121)
	              Index Cond: ((id >= 7014302) AND (id <= 7014311))

table 4 : explain SELECT DISTINCT c FROM sbtest4 WHERE id BETWEEN 3875949 AND 3875958 ORDER BY c
	Unique  (cost=40.77..40.82 rows=10 width=121)
	  ->  Sort  (cost=40.77..40.79 rows=10 width=121)
	        Sort Key: c
	        ->  Index Scan using sbtest4_pkey on sbtest4  (cost=0.43..40.60 rows=10 width=121)
	              Index Cond: ((id >= 3875949) AND (id <= 3875958))

table 5 : explain SELECT DISTINCT c FROM sbtest5 WHERE id BETWEEN 578559 AND 578568 ORDER BY c
	Unique  (cost=40.78..40.83 rows=10 width=121)
	  ->  Sort  (cost=40.78..40.80 rows=10 width=121)
	        Sort Key: c
	        ->  Index Scan using sbtest5_pkey on sbtest5  (cost=0.43..40.61 rows=10 width=121)
	              Index Cond: ((id >= 578559) AND (id <= 578568))

table 6 : explain SELECT DISTINCT c FROM sbtest6 WHERE id BETWEEN 2453500 AND 2453509 ORDER BY c
	Unique  (cost=40.80..40.85 rows=10 width=121)
	  ->  Sort  (cost=40.80..40.82 rows=10 width=121)
	        Sort Key: c
	        ->  Index Scan using sbtest6_pkey on sbtest6  (cost=0.43..40.63 rows=10 width=121)
	              Index Cond: ((id >= 2453500) AND (id <= 2453509))

table 7 : explain SELECT DISTINCT c FROM sbtest7 WHERE id BETWEEN 6973677 AND 6973686 ORDER BY c
	Unique  (cost=37.05..37.09 rows=9 width=121)
	  ->  Sort  (cost=37.05..37.07 rows=9 width=121)
	        Sort Key: c
	        ->  Index Scan using sbtest7_pkey on sbtest7  (cost=0.43..36.91 rows=9 width=121)
	              Index Cond: ((id >= 6973677) AND (id <= 6973686))

table 8 : explain SELECT DISTINCT c FROM sbtest8 WHERE id BETWEEN 1356352 AND 1356361 ORDER BY c
	Unique  (cost=41.14..41.19 rows=10 width=121)
	  ->  Sort  (cost=41.14..41.17 rows=10 width=121)
	        Sort Key: c
	        ->  Index Scan using sbtest8_pkey on sbtest8  (cost=0.43..40.98 rows=10 width=121)
	              Index Cond: ((id >= 1356352) AND (id <= 1356361))

explain: for inserts :: explain INSERT INTO sbtest%u (id, k, c, pad) VALUES (%u, 13, 'foobar', 'foobar')
explain: for deletes :: explain DELETE FROM sbtest%u WHERE id=%u
explain: for inserts :: explain INSERT INTO sbtest%u (id, k, c, pad) VALUES (%u, 13, 'foobar', 'foobar')
for: simple_ranges
table 1 : explain SELECT c FROM sbtest1 WHERE id BETWEEN 8442644 AND 8442653
	Index Scan using sbtest1_pkey on sbtest1  (cost=0.43..41.00 rows=10 width=121)
	  Index Cond: ((id >= 8442644) AND (id <= 8442653))

table 2 : explain SELECT c FROM sbtest2 WHERE id BETWEEN 606154 AND 606163
	Index Scan using sbtest2_pkey on sbtest2  (cost=0.43..44.55 rows=11 width=121)
	  Index Cond: ((id >= 606154) AND (id <= 606163))

table 3 : explain SELECT c FROM sbtest3 WHERE id BETWEEN 901045 AND 901054
	Index Scan using sbtest3_pkey on sbtest3  (cost=0.43..44.11 rows=11 width=121)
	  Index Cond: ((id >= 901045) AND (id <= 901054))

table 4 : explain SELECT c FROM sbtest4 WHERE id BETWEEN 1068065 AND 1068074
	Index Scan using sbtest4_pkey on sbtest4  (cost=0.43..40.60 rows=10 width=121)
	  Index Cond: ((id >= 1068065) AND (id <= 1068074))

table 5 : explain SELECT c FROM sbtest5 WHERE id BETWEEN 4429274 AND 4429283
	Index Scan using sbtest5_pkey on sbtest5  (cost=0.43..40.61 rows=10 width=121)
	  Index Cond: ((id >= 4429274) AND (id <= 4429283))

table 6 : explain SELECT c FROM sbtest6 WHERE id BETWEEN 8664896 AND 8664905
	Index Scan using sbtest6_pkey on sbtest6  (cost=0.43..40.63 rows=10 width=121)
	  Index Cond: ((id >= 8664896) AND (id <= 8664905))

table 7 : explain SELECT c FROM sbtest7 WHERE id BETWEEN 4383861 AND 4383870
	Index Scan using sbtest7_pkey on sbtest7  (cost=0.43..44.02 rows=11 width=121)
	  Index Cond: ((id >= 4383861) AND (id <= 4383870))

table 8 : explain SELECT c FROM sbtest8 WHERE id BETWEEN 8175570 AND 8175579
	Index Scan using sbtest8_pkey on sbtest8  (cost=0.43..44.59 rows=11 width=121)
	  Index Cond: ((id >= 8175570) AND (id <= 8175579))

explain: for index_updates :: explain UPDATE sbtest%u SET k=k+1 WHERE id=%u
for inserts
table 1 : explain INSERT INTO sbtest1 (id, k, c, pad) VALUES (6037075, 13, 'foobar', 'foobar')
	Insert on sbtest1  (cost=0.00..0.01 rows=0 width=0)
	  ->  Result  (cost=0.00..0.01 rows=1 width=736)

table 2 : explain INSERT INTO sbtest2 (id, k, c, pad) VALUES (1560608, 13, 'foobar', 'foobar')
	Insert on sbtest2  (cost=0.00..0.01 rows=0 width=0)
	  ->  Result  (cost=0.00..0.01 rows=1 width=736)

table 3 : explain INSERT INTO sbtest3 (id, k, c, pad) VALUES (614917, 13, 'foobar', 'foobar')
	Insert on sbtest3  (cost=0.00..0.01 rows=0 width=0)
	  ->  Result  (cost=0.00..0.01 rows=1 width=736)

table 4 : explain INSERT INTO sbtest4 (id, k, c, pad) VALUES (9000926, 13, 'foobar', 'foobar')
	Insert on sbtest4  (cost=0.00..0.01 rows=0 width=0)
	  ->  Result  (cost=0.00..0.01 rows=1 width=736)

table 5 : explain INSERT INTO sbtest5 (id, k, c, pad) VALUES (3007912, 13, 'foobar', 'foobar')
	Insert on sbtest5  (cost=0.00..0.01 rows=0 width=0)
	  ->  Result  (cost=0.00..0.01 rows=1 width=736)

table 6 : explain INSERT INTO sbtest6 (id, k, c, pad) VALUES (4750927, 13, 'foobar', 'foobar')
	Insert on sbtest6  (cost=0.00..0.01 rows=0 width=0)
	  ->  Result  (cost=0.00..0.01 rows=1 width=736)

table 7 : explain INSERT INTO sbtest7 (id, k, c, pad) VALUES (6611566, 13, 'foobar', 'foobar')
	Insert on sbtest7  (cost=0.00..0.01 rows=0 width=0)
	  ->  Result  (cost=0.00..0.01 rows=1 width=736)

table 8 : explain INSERT INTO sbtest8 (id, k, c, pad) VALUES (9564128, 13, 'foobar', 'foobar')
	Insert on sbtest8  (cost=0.00..0.01 rows=0 width=0)
	  ->  Result  (cost=0.00..0.01 rows=1 width=736)

for non_index_updates
table 1 : explain UPDATE sbtest1 SET c='foobar' WHERE id=1785041
	Update on sbtest1  (cost=0.43..8.45 rows=0 width=0)
	  ->  Index Scan using sbtest1_pkey on sbtest1  (cost=0.43..8.45 rows=1 width=490)
	        Index Cond: (id = 1785041)

table 2 : explain UPDATE sbtest2 SET c='foobar' WHERE id=7004303
	Update on sbtest2  (cost=0.43..8.45 rows=0 width=0)
	  ->  Index Scan using sbtest2_pkey on sbtest2  (cost=0.43..8.45 rows=1 width=490)
	        Index Cond: (id = 7004303)

table 3 : explain UPDATE sbtest3 SET c='foobar' WHERE id=7578827
	Update on sbtest3  (cost=0.43..8.45 rows=0 width=0)
	  ->  Index Scan using sbtest3_pkey on sbtest3  (cost=0.43..8.45 rows=1 width=490)
	        Index Cond: (id = 7578827)

table 4 : explain UPDATE sbtest4 SET c='foobar' WHERE id=3847127
	Update on sbtest4  (cost=0.43..8.45 rows=0 width=0)
	  ->  Index Scan using sbtest4_pkey on sbtest4  (cost=0.43..8.45 rows=1 width=490)
	        Index Cond: (id = 3847127)

table 5 : explain UPDATE sbtest5 SET c='foobar' WHERE id=472069
	Update on sbtest5  (cost=0.43..8.45 rows=0 width=0)
	  ->  Index Scan using sbtest5_pkey on sbtest5  (cost=0.43..8.45 rows=1 width=490)
	        Index Cond: (id = 472069)

table 6 : explain UPDATE sbtest6 SET c='foobar' WHERE id=5949564
	Update on sbtest6  (cost=0.43..8.45 rows=0 width=0)
	  ->  Index Scan using sbtest6_pkey on sbtest6  (cost=0.43..8.45 rows=1 width=490)
	        Index Cond: (id = 5949564)

table 7 : explain UPDATE sbtest7 SET c='foobar' WHERE id=5101750
	Update on sbtest7  (cost=0.43..8.45 rows=0 width=0)
	  ->  Index Scan using sbtest7_pkey on sbtest7  (cost=0.43..8.45 rows=1 width=490)
	        Index Cond: (id = 5101750)

table 8 : explain UPDATE sbtest8 SET c='foobar' WHERE id=6491568
	Update on sbtest8  (cost=0.43..8.45 rows=0 width=0)
	  ->  Index Scan using sbtest8_pkey on sbtest8  (cost=0.43..8.45 rows=1 width=490)
	        Index Cond: (id = 6491568)

for inserts
table 1 : explain INSERT INTO sbtest1 (id, k, c, pad) VALUES (3444295, 13, 'foobar', 'foobar')
	Insert on sbtest1  (cost=0.00..0.01 rows=0 width=0)
	  ->  Result  (cost=0.00..0.01 rows=1 width=736)

table 2 : explain INSERT INTO sbtest2 (id, k, c, pad) VALUES (6861984, 13, 'foobar', 'foobar')
	Insert on sbtest2  (cost=0.00..0.01 rows=0 width=0)
	  ->  Result  (cost=0.00..0.01 rows=1 width=736)

table 3 : explain INSERT INTO sbtest3 (id, k, c, pad) VALUES (3870886, 13, 'foobar', 'foobar')
	Insert on sbtest3  (cost=0.00..0.01 rows=0 width=0)
	  ->  Result  (cost=0.00..0.01 rows=1 width=736)

table 4 : explain INSERT INTO sbtest4 (id, k, c, pad) VALUES (2204778, 13, 'foobar', 'foobar')
	Insert on sbtest4  (cost=0.00..0.01 rows=0 width=0)
	  ->  Result  (cost=0.00..0.01 rows=1 width=736)

table 5 : explain INSERT INTO sbtest5 (id, k, c, pad) VALUES (3661893, 13, 'foobar', 'foobar')
	Insert on sbtest5  (cost=0.00..0.01 rows=0 width=0)
	  ->  Result  (cost=0.00..0.01 rows=1 width=736)

table 6 : explain INSERT INTO sbtest6 (id, k, c, pad) VALUES (602704, 13, 'foobar', 'foobar')
	Insert on sbtest6  (cost=0.00..0.01 rows=0 width=0)
	  ->  Result  (cost=0.00..0.01 rows=1 width=736)

table 7 : explain INSERT INTO sbtest7 (id, k, c, pad) VALUES (3070962, 13, 'foobar', 'foobar')
	Insert on sbtest7  (cost=0.00..0.01 rows=0 width=0)
	  ->  Result  (cost=0.00..0.01 rows=1 width=736)

table 8 : explain INSERT INTO sbtest8 (id, k, c, pad) VALUES (9040374, 13, 'foobar', 'foobar')
	Insert on sbtest8  (cost=0.00..0.01 rows=0 width=0)
	  ->  Result  (cost=0.00..0.01 rows=1 width=736)

for: distinct_ranges
table 1 : explain SELECT DISTINCT c FROM sbtest1 WHERE id BETWEEN 2715920 AND 2715929 ORDER BY c
	Unique  (cost=41.16..41.21 rows=10 width=121)
	  ->  Sort  (cost=41.16..41.19 rows=10 width=121)
	        Sort Key: c
	        ->  Index Scan using sbtest1_pkey on sbtest1  (cost=0.43..41.00 rows=10 width=121)
	              Index Cond: ((id >= 2715920) AND (id <= 2715929))

table 2 : explain SELECT DISTINCT c FROM sbtest2 WHERE id BETWEEN 2353168 AND 2353177 ORDER BY c
	Unique  (cost=41.11..41.16 rows=10 width=121)
	  ->  Sort  (cost=41.11..41.13 rows=10 width=121)
	        Sort Key: c
	        ->  Index Scan using sbtest2_pkey on sbtest2  (cost=0.43..40.94 rows=10 width=121)
	              Index Cond: ((id >= 2353168) AND (id <= 2353177))

table 3 : explain SELECT DISTINCT c FROM sbtest3 WHERE id BETWEEN 8072251 AND 8072260 ORDER BY c
	Unique  (cost=37.12..37.17 rows=9 width=121)
	  ->  Sort  (cost=37.12..37.14 rows=9 width=121)
	        Sort Key: c
	        ->  Index Scan using sbtest3_pkey on sbtest3  (cost=0.43..36.98 rows=9 width=121)
	              Index Cond: ((id >= 8072251) AND (id <= 8072260))

table 4 : explain SELECT DISTINCT c FROM sbtest4 WHERE id BETWEEN 4835021 AND 4835030 ORDER BY c
	Unique  (cost=44.37..44.42 rows=11 width=121)
	  ->  Sort  (cost=44.37..44.39 rows=11 width=121)
	        Sort Key: c
	        ->  Index Scan using sbtest4_pkey on sbtest4  (cost=0.43..44.18 rows=11 width=121)
	              Index Cond: ((id >= 4835021) AND (id <= 4835030))

table 5 : explain SELECT DISTINCT c FROM sbtest5 WHERE id BETWEEN 8297594 AND 8297603 ORDER BY c
	Unique  (cost=44.37..44.43 rows=11 width=121)
	  ->  Sort  (cost=44.37..44.40 rows=11 width=121)
	        Sort Key: c
	        ->  Index Scan using sbtest5_pkey on sbtest5  (cost=0.43..44.18 rows=11 width=121)
	              Index Cond: ((id >= 8297594) AND (id <= 8297603))

table 6 : explain SELECT DISTINCT c FROM sbtest6 WHERE id BETWEEN 1490519 AND 1490528 ORDER BY c
	Unique  (cost=40.80..40.85 rows=10 width=121)
	  ->  Sort  (cost=40.80..40.82 rows=10 width=121)
	        Sort Key: c
	        ->  Index Scan using sbtest6_pkey on sbtest6  (cost=0.43..40.63 rows=10 width=121)
	              Index Cond: ((id >= 1490519) AND (id <= 1490528))

table 7 : explain SELECT DISTINCT c FROM sbtest7 WHERE id BETWEEN 4712249 AND 4712258 ORDER BY c
	Unique  (cost=40.63..40.68 rows=10 width=121)
	  ->  Sort  (cost=40.63..40.65 rows=10 width=121)
	        Sort Key: c
	        ->  Index Scan using sbtest7_pkey on sbtest7  (cost=0.43..40.46 rows=10 width=121)
	              Index Cond: ((id >= 4712249) AND (id <= 4712258))

table 8 : explain SELECT DISTINCT c FROM sbtest8 WHERE id BETWEEN 9664693 AND 9664702 ORDER BY c
	Unique  (cost=41.14..41.19 rows=10 width=121)
	  ->  Sort  (cost=41.14..41.17 rows=10 width=121)
	        Sort Key: c
	        ->  Index Scan using sbtest8_pkey on sbtest8  (cost=0.43..40.98 rows=10 width=121)
	              Index Cond: ((id >= 9664693) AND (id <= 9664702))

explain: for deletes :: explain DELETE FROM sbtest%u WHERE id=%u
for deletes
table 1 : explain DELETE FROM sbtest1 WHERE id=9555375
	Delete on sbtest1  (cost=0.43..8.45 rows=0 width=0)
	  ->  Index Scan using sbtest1_pkey on sbtest1  (cost=0.43..8.45 rows=1 width=6)
	        Index Cond: (id = 9555375)

table 2 : explain DELETE FROM sbtest2 WHERE id=3713770
	Delete on sbtest2  (cost=0.43..8.45 rows=0 width=0)
	  ->  Index Scan using sbtest2_pkey on sbtest2  (cost=0.43..8.45 rows=1 width=6)
	        Index Cond: (id = 3713770)

table 3 : explain DELETE FROM sbtest3 WHERE id=2322902
	Delete on sbtest3  (cost=0.43..8.45 rows=0 width=0)
	  ->  Index Scan using sbtest3_pkey on sbtest3  (cost=0.43..8.45 rows=1 width=6)
	        Index Cond: (id = 2322902)

table 4 : explain DELETE FROM sbtest4 WHERE id=3050724
	Delete on sbtest4  (cost=0.43..8.45 rows=0 width=0)
	  ->  Index Scan using sbtest4_pkey on sbtest4  (cost=0.43..8.45 rows=1 width=6)
	        Index Cond: (id = 3050724)

table 5 : explain DELETE FROM sbtest5 WHERE id=7327904
	Delete on sbtest5  (cost=0.43..8.45 rows=0 width=0)
	  ->  Index Scan using sbtest5_pkey on sbtest5  (cost=0.43..8.45 rows=1 width=6)
	        Index Cond: (id = 7327904)

table 6 : explain DELETE FROM sbtest6 WHERE id=3703247
	Delete on sbtest6  (cost=0.43..8.45 rows=0 width=0)
	  ->  Index Scan using sbtest6_pkey on sbtest6  (cost=0.43..8.45 rows=1 width=6)
	        Index Cond: (id = 3703247)

table 7 : explain DELETE FROM sbtest7 WHERE id=2822213
	Delete on sbtest7  (cost=0.43..8.45 rows=0 width=0)
	  ->  Index Scan using sbtest7_pkey on sbtest7  (cost=0.43..8.45 rows=1 width=6)
	        Index Cond: (id = 2822213)

table 8 : explain DELETE FROM sbtest8 WHERE id=1726147
	Delete on sbtest8  (cost=0.43..8.45 rows=0 width=0)
	  ->  Index Scan using sbtest8_pkey on sbtest8  (cost=0.43..8.45 rows=1 width=6)
	        Index Cond: (id = 1726147)

explain: for index_updates :: explain UPDATE sbtest%u SET k=k+1 WHERE id=%u
for: sum_ranges
table 1 : explain SELECT SUM(k) FROM sbtest1 WHERE id BETWEEN 8139462 AND 8139471
	Aggregate  (cost=44.64..44.65 rows=1 width=8)
	  ->  Index Scan using sbtest1_pkey on sbtest1  (cost=0.43..44.61 rows=11 width=4)
	        Index Cond: ((id >= 8139462) AND (id <= 8139471))

table 2 : explain SELECT SUM(k) FROM sbtest2 WHERE id BETWEEN 3049471 AND 3049480
	Aggregate  (cost=40.97..40.98 rows=1 width=8)
	  ->  Index Scan using sbtest2_pkey on sbtest2  (cost=0.43..40.94 rows=10 width=4)
	        Index Cond: ((id >= 3049471) AND (id <= 3049480))

table 3 : explain SELECT SUM(k) FROM sbtest3 WHERE id BETWEEN 5462460 AND 5462469
	Aggregate  (cost=40.57..40.58 rows=1 width=8)
	  ->  Index Scan using sbtest3_pkey on sbtest3  (cost=0.43..40.55 rows=10 width=4)
	        Index Cond: ((id >= 5462460) AND (id <= 5462469))

table 4 : explain SELECT SUM(k) FROM sbtest4 WHERE id BETWEEN 7150333 AND 7150342
	Aggregate  (cost=40.63..40.64 rows=1 width=8)
	  ->  Index Scan using sbtest4_pkey on sbtest4  (cost=0.43..40.60 rows=10 width=4)
	        Index Cond: ((id >= 7150333) AND (id <= 7150342))

table 5 : explain SELECT SUM(k) FROM sbtest5 WHERE id BETWEEN 8359290 AND 8359299
	Aggregate  (cost=37.06..37.07 rows=1 width=8)
	  ->  Index Scan using sbtest5_pkey on sbtest5  (cost=0.43..37.04 rows=9 width=4)
	        Index Cond: ((id >= 8359290) AND (id <= 8359299))

table 6 : explain SELECT SUM(k) FROM sbtest6 WHERE id BETWEEN 7719816 AND 7719825
	Aggregate  (cost=40.66..40.67 rows=1 width=8)
	  ->  Index Scan using sbtest6_pkey on sbtest6  (cost=0.43..40.63 rows=10 width=4)
	        Index Cond: ((id >= 7719816) AND (id <= 7719825))

table 7 : explain SELECT SUM(k) FROM sbtest7 WHERE id BETWEEN 4971569 AND 4971578
	Aggregate  (cost=36.93..36.94 rows=1 width=8)
	  ->  Index Scan using sbtest7_pkey on sbtest7  (cost=0.43..36.91 rows=9 width=4)
	        Index Cond: ((id >= 4971569) AND (id <= 4971578))

table 8 : explain SELECT SUM(k) FROM sbtest8 WHERE id BETWEEN 8573056 AND 8573065
	Aggregate  (cost=41.00..41.01 rows=1 width=8)
	  ->  Index Scan using sbtest8_pkey on sbtest8  (cost=0.43..40.98 rows=10 width=4)
	        Index Cond: ((id >= 8573056) AND (id <= 8573065))

for: simple_ranges
table 1 : explain SELECT c FROM sbtest1 WHERE id BETWEEN 255509 AND 255518
	Index Scan using sbtest1_pkey on sbtest1  (cost=0.43..41.00 rows=10 width=121)
	  Index Cond: ((id >= 255509) AND (id <= 255518))

table 2 : explain SELECT c FROM sbtest2 WHERE id BETWEEN 1870229 AND 1870238
	Index Scan using sbtest2_pkey on sbtest2  (cost=0.43..40.94 rows=10 width=121)
	  Index Cond: ((id >= 1870229) AND (id <= 1870238))

table 3 : explain SELECT c FROM sbtest3 WHERE id BETWEEN 1063282 AND 1063291
	Index Scan using sbtest3_pkey on sbtest3  (cost=0.43..44.11 rows=11 width=121)
	  Index Cond: ((id >= 1063282) AND (id <= 1063291))

table 4 : explain SELECT c FROM sbtest4 WHERE id BETWEEN 2241902 AND 2241911
	Index Scan using sbtest4_pkey on sbtest4  (cost=0.43..44.18 rows=11 width=121)
	  Index Cond: ((id >= 2241902) AND (id <= 2241911))

table 5 : explain SELECT c FROM sbtest5 WHERE id BETWEEN 6892467 AND 6892476
	Index Scan using sbtest5_pkey on sbtest5  (cost=0.43..40.61 rows=10 width=121)
	  Index Cond: ((id >= 6892467) AND (id <= 6892476))

table 6 : explain SELECT c FROM sbtest6 WHERE id BETWEEN 2531387 AND 2531396
	Index Scan using sbtest6_pkey on sbtest6  (cost=0.43..40.63 rows=10 width=121)
	  Index Cond: ((id >= 2531387) AND (id <= 2531396))

table 7 : explain SELECT c FROM sbtest7 WHERE id BETWEEN 3496911 AND 3496920
	Index Scan using sbtest7_pkey on sbtest7  (cost=0.43..40.46 rows=10 width=121)
	  Index Cond: ((id >= 3496911) AND (id <= 3496920))

table 8 : explain SELECT c FROM sbtest8 WHERE id BETWEEN 3101940 AND 3101949
	Index Scan using sbtest8_pkey on sbtest8  (cost=0.43..40.98 rows=10 width=121)
	  Index Cond: ((id >= 3101940) AND (id <= 3101949))

for index_updates
table 1 : explain UPDATE sbtest1 SET k=k+1 WHERE id=2512375
	Update on sbtest1  (cost=0.43..8.46 rows=0 width=0)
	  ->  Index Scan using sbtest1_pkey on sbtest1  (cost=0.43..8.46 rows=1 width=10)
	        Index Cond: (id = 2512375)

table 2 : explain UPDATE sbtest2 SET k=k+1 WHERE id=2433706
	Update on sbtest2  (cost=0.43..8.46 rows=0 width=0)
	  ->  Index Scan using sbtest2_pkey on sbtest2  (cost=0.43..8.46 rows=1 width=10)
	        Index Cond: (id = 2433706)

table 3 : explain UPDATE sbtest3 SET k=k+1 WHERE id=8707054
	Update on sbtest3  (cost=0.43..8.46 rows=0 width=0)
	  ->  Index Scan using sbtest3_pkey on sbtest3  (cost=0.43..8.46 rows=1 width=10)
	        Index Cond: (id = 8707054)

table 4 : explain UPDATE sbtest4 SET k=k+1 WHERE id=8737852
	Update on sbtest4  (cost=0.43..8.46 rows=0 width=0)
	  ->  Index Scan using sbtest4_pkey on sbtest4  (cost=0.43..8.46 rows=1 width=10)
	        Index Cond: (id = 8737852)

table 5 : explain UPDATE sbtest5 SET k=k+1 WHERE id=6335506
	Update on sbtest5  (cost=0.43..8.46 rows=0 width=0)
	  ->  Index Scan using sbtest5_pkey on sbtest5  (cost=0.43..8.46 rows=1 width=10)
	        Index Cond: (id = 6335506)

table 6 : explain UPDATE sbtest6 SET k=k+1 WHERE id=6027179
	Update on sbtest6  (cost=0.43..8.46 rows=0 width=0)
	  ->  Index Scan using sbtest6_pkey on sbtest6  (cost=0.43..8.46 rows=1 width=10)
	        Index Cond: (id = 6027179)

table 7 : explain UPDATE sbtest7 SET k=k+1 WHERE id=6636369
	Update on sbtest7  (cost=0.43..8.46 rows=0 width=0)
	  ->  Index Scan using sbtest7_pkey on sbtest7  (cost=0.43..8.46 rows=1 width=10)
	        Index Cond: (id = 6636369)

table 8 : explain UPDATE sbtest8 SET k=k+1 WHERE id=9356730
	Update on sbtest8  (cost=0.43..8.46 rows=0 width=0)
	  ->  Index Scan using sbtest8_pkey on sbtest8  (cost=0.43..8.46 rows=1 width=10)
	        Index Cond: (id = 9356730)

for point_selects
table 1 : explain SELECT c FROM sbtest1 WHERE id=1180978
	Index Scan using sbtest1_pkey on sbtest1  (cost=0.43..8.45 rows=1 width=121)
	  Index Cond: (id = 1180978)

table 2 : explain SELECT c FROM sbtest2 WHERE id=9828710
	Index Scan using sbtest2_pkey on sbtest2  (cost=0.43..8.45 rows=1 width=121)
	  Index Cond: (id = 9828710)

table 3 : explain SELECT c FROM sbtest3 WHERE id=4790080
	Index Scan using sbtest3_pkey on sbtest3  (cost=0.43..8.45 rows=1 width=121)
	  Index Cond: (id = 4790080)

table 4 : explain SELECT c FROM sbtest4 WHERE id=1332783
	Index Scan using sbtest4_pkey on sbtest4  (cost=0.43..8.45 rows=1 width=121)
	  Index Cond: (id = 1332783)

table 5 : explain SELECT c FROM sbtest5 WHERE id=1504288
	Index Scan using sbtest5_pkey on sbtest5  (cost=0.43..8.45 rows=1 width=121)
	  Index Cond: (id = 1504288)

table 6 : explain SELECT c FROM sbtest6 WHERE id=2296721
	Index Scan using sbtest6_pkey on sbtest6  (cost=0.43..8.45 rows=1 width=121)
	  Index Cond: (id = 2296721)

table 7 : explain SELECT c FROM sbtest7 WHERE id=6720614
	Index Scan using sbtest7_pkey on sbtest7  (cost=0.43..8.45 rows=1 width=121)
	  Index Cond: (id = 6720614)

table 8 : explain SELECT c FROM sbtest8 WHERE id=1704711
	Index Scan using sbtest8_pkey on sbtest8  (cost=0.43..8.45 rows=1 width=121)
	  Index Cond: (id = 1704711)

explain: for non_index_updates :: explain UPDATE sbtest%u SET c='foobar' WHERE id=%u
for point_selects
table 1 : explain SELECT c FROM sbtest1 WHERE id=7787076
	Index Scan using sbtest1_pkey on sbtest1  (cost=0.43..8.45 rows=1 width=121)
	  Index Cond: (id = 7787076)

table 2 : explain SELECT c FROM sbtest2 WHERE id=6722735
	Index Scan using sbtest2_pkey on sbtest2  (cost=0.43..8.45 rows=1 width=121)
	  Index Cond: (id = 6722735)

table 3 : explain SELECT c FROM sbtest3 WHERE id=2657959
	Index Scan using sbtest3_pkey on sbtest3  (cost=0.43..8.45 rows=1 width=121)
	  Index Cond: (id = 2657959)

table 4 : explain SELECT c FROM sbtest4 WHERE id=363064
	Index Scan using sbtest4_pkey on sbtest4  (cost=0.43..8.45 rows=1 width=121)
	  Index Cond: (id = 363064)

table 5 : explain SELECT c FROM sbtest5 WHERE id=7604745
	Index Scan using sbtest5_pkey on sbtest5  (cost=0.43..8.45 rows=1 width=121)
	  Index Cond: (id = 7604745)

table 6 : explain SELECT c FROM sbtest6 WHERE id=5041961
	Index Scan using sbtest6_pkey on sbtest6  (cost=0.43..8.45 rows=1 width=121)
	  Index Cond: (id = 5041961)

table 7 : explain SELECT c FROM sbtest7 WHERE id=7755254
	Index Scan using sbtest7_pkey on sbtest7  (cost=0.43..8.45 rows=1 width=121)
	  Index Cond: (id = 7755254)

table 8 : explain SELECT c FROM sbtest8 WHERE id=8519197
	Index Scan using sbtest8_pkey on sbtest8  (cost=0.43..8.45 rows=1 width=121)
	  Index Cond: (id = 8519197)

for deletes
table 1 : explain DELETE FROM sbtest1 WHERE id=4881926
	Delete on sbtest1  (cost=0.43..8.45 rows=0 width=0)
	  ->  Index Scan using sbtest1_pkey on sbtest1  (cost=0.43..8.45 rows=1 width=6)
	        Index Cond: (id = 4881926)

table 2 : explain DELETE FROM sbtest2 WHERE id=8744786
	Delete on sbtest2  (cost=0.43..8.45 rows=0 width=0)
	  ->  Index Scan using sbtest2_pkey on sbtest2  (cost=0.43..8.45 rows=1 width=6)
	        Index Cond: (id = 8744786)

table 3 : explain DELETE FROM sbtest3 WHERE id=6286089
	Delete on sbtest3  (cost=0.43..8.45 rows=0 width=0)
	  ->  Index Scan using sbtest3_pkey on sbtest3  (cost=0.43..8.45 rows=1 width=6)
	        Index Cond: (id = 6286089)

table 4 : explain DELETE FROM sbtest4 WHERE id=3115214
	Delete on sbtest4  (cost=0.43..8.45 rows=0 width=0)
	  ->  Index Scan using sbtest4_pkey on sbtest4  (cost=0.43..8.45 rows=1 width=6)
	        Index Cond: (id = 3115214)

table 5 : explain DELETE FROM sbtest5 WHERE id=9106662
	Delete on sbtest5  (cost=0.43..8.45 rows=0 width=0)
	  ->  Index Scan using sbtest5_pkey on sbtest5  (cost=0.43..8.45 rows=1 width=6)
	        Index Cond: (id = 9106662)

table 6 : explain DELETE FROM sbtest6 WHERE id=2556403
	Delete on sbtest6  (cost=0.43..8.45 rows=0 width=0)
	  ->  Index Scan using sbtest6_pkey on sbtest6  (cost=0.43..8.45 rows=1 width=6)
	        Index Cond: (id = 2556403)

table 7 : explain DELETE FROM sbtest7 WHERE id=8323656
	Delete on sbtest7  (cost=0.43..8.45 rows=0 width=0)
	  ->  Index Scan using sbtest7_pkey on sbtest7  (cost=0.43..8.45 rows=1 width=6)
	        Index Cond: (id = 8323656)

table 8 : explain DELETE FROM sbtest8 WHERE id=5002618
	Delete on sbtest8  (cost=0.43..8.45 rows=0 width=0)
	  ->  Index Scan using sbtest8_pkey on sbtest8  (cost=0.43..8.45 rows=1 width=6)
	        Index Cond: (id = 5002618)

for index_updates
table 1 : explain UPDATE sbtest1 SET k=k+1 WHERE id=9721347
	Update on sbtest1  (cost=0.43..8.46 rows=0 width=0)
	  ->  Index Scan using sbtest1_pkey on sbtest1  (cost=0.43..8.46 rows=1 width=10)
	        Index Cond: (id = 9721347)

table 2 : explain UPDATE sbtest2 SET k=k+1 WHERE id=912744
	Update on sbtest2  (cost=0.43..8.46 rows=0 width=0)
	  ->  Index Scan using sbtest2_pkey on sbtest2  (cost=0.43..8.46 rows=1 width=10)
	        Index Cond: (id = 912744)

table 3 : explain UPDATE sbtest3 SET k=k+1 WHERE id=8909701
	Update on sbtest3  (cost=0.43..8.46 rows=0 width=0)
	  ->  Index Scan using sbtest3_pkey on sbtest3  (cost=0.43..8.46 rows=1 width=10)
	        Index Cond: (id = 8909701)

table 4 : explain UPDATE sbtest4 SET k=k+1 WHERE id=5881494
	Update on sbtest4  (cost=0.43..8.46 rows=0 width=0)
	  ->  Index Scan using sbtest4_pkey on sbtest4  (cost=0.43..8.46 rows=1 width=10)
	        Index Cond: (id = 5881494)

table 5 : explain UPDATE sbtest5 SET k=k+1 WHERE id=574247
	Update on sbtest5  (cost=0.43..8.46 rows=0 width=0)
	  ->  Index Scan using sbtest5_pkey on sbtest5  (cost=0.43..8.46 rows=1 width=10)
	        Index Cond: (id = 574247)

table 6 : explain UPDATE sbtest6 SET k=k+1 WHERE id=2104609
	Update on sbtest6  (cost=0.43..8.46 rows=0 width=0)
	  ->  Index Scan using sbtest6_pkey on sbtest6  (cost=0.43..8.46 rows=1 width=10)
	        Index Cond: (id = 2104609)

table 7 : explain UPDATE sbtest7 SET k=k+1 WHERE id=6034601
	Update on sbtest7  (cost=0.43..8.46 rows=0 width=0)
	  ->  Index Scan using sbtest7_pkey on sbtest7  (cost=0.43..8.46 rows=1 width=10)
	        Index Cond: (id = 6034601)

table 8 : explain UPDATE sbtest8 SET k=k+1 WHERE id=7705382
	Update on sbtest8  (cost=0.43..8.46 rows=0 width=0)
	  ->  Index Scan using sbtest8_pkey on sbtest8  (cost=0.43..8.46 rows=1 width=10)
	        Index Cond: (id = 7705382)

explain: for inserts :: explain INSERT INTO sbtest%u (id, k, c, pad) VALUES (%u, 13, 'foobar', 'foobar')
explain: for non_index_updates :: explain UPDATE sbtest%u SET c='foobar' WHERE id=%u
for non_index_updates
table 1 : explain UPDATE sbtest1 SET c='foobar' WHERE id=1413508
	Update on sbtest1  (cost=0.43..8.45 rows=0 width=0)
	  ->  Index Scan using sbtest1_pkey on sbtest1  (cost=0.43..8.45 rows=1 width=490)
	        Index Cond: (id = 1413508)

table 2 : explain UPDATE sbtest2 SET c='foobar' WHERE id=8190277
	Update on sbtest2  (cost=0.43..8.45 rows=0 width=0)
	  ->  Index Scan using sbtest2_pkey on sbtest2  (cost=0.43..8.45 rows=1 width=490)
	        Index Cond: (id = 8190277)

table 3 : explain UPDATE sbtest3 SET c='foobar' WHERE id=2590112
	Update on sbtest3  (cost=0.43..8.45 rows=0 width=0)
	  ->  Index Scan using sbtest3_pkey on sbtest3  (cost=0.43..8.45 rows=1 width=490)
	        Index Cond: (id = 2590112)

table 4 : explain UPDATE sbtest4 SET c='foobar' WHERE id=4017491
	Update on sbtest4  (cost=0.43..8.45 rows=0 width=0)
	  ->  Index Scan using sbtest4_pkey on sbtest4  (cost=0.43..8.45 rows=1 width=490)
	        Index Cond: (id = 4017491)

table 5 : explain UPDATE sbtest5 SET c='foobar' WHERE id=839844
	Update on sbtest5  (cost=0.43..8.45 rows=0 width=0)
	  ->  Index Scan using sbtest5_pkey on sbtest5  (cost=0.43..8.45 rows=1 width=490)
	        Index Cond: (id = 839844)

table 6 : explain UPDATE sbtest6 SET c='foobar' WHERE id=4651081
	Update on sbtest6  (cost=0.43..8.45 rows=0 width=0)
	  ->  Index Scan using sbtest6_pkey on sbtest6  (cost=0.43..8.45 rows=1 width=490)
	        Index Cond: (id = 4651081)

table 7 : explain UPDATE sbtest7 SET c='foobar' WHERE id=8116767
	Update on sbtest7  (cost=0.43..8.45 rows=0 width=0)
	  ->  Index Scan using sbtest7_pkey on sbtest7  (cost=0.43..8.45 rows=1 width=490)
	        Index Cond: (id = 8116767)

table 8 : explain UPDATE sbtest8 SET c='foobar' WHERE id=8918064
	Update on sbtest8  (cost=0.43..8.45 rows=0 width=0)
	  ->  Index Scan using sbtest8_pkey on sbtest8  (cost=0.43..8.45 rows=1 width=490)
	        Index Cond: (id = 8918064)

for: order_ranges
table 1 : explain SELECT c FROM sbtest1 WHERE id BETWEEN 6069634 AND 6069643 ORDER BY c
	Sort  (cost=41.16..41.19 rows=10 width=121)
	  Sort Key: c
	  ->  Index Scan using sbtest1_pkey on sbtest1  (cost=0.43..41.00 rows=10 width=121)
	        Index Cond: ((id >= 6069634) AND (id <= 6069643))

table 2 : explain SELECT c FROM sbtest2 WHERE id BETWEEN 9076907 AND 9076916 ORDER BY c
	Sort  (cost=41.11..41.13 rows=10 width=121)
	  Sort Key: c
	  ->  Index Scan using sbtest2_pkey on sbtest2  (cost=0.43..40.94 rows=10 width=121)
	        Index Cond: ((id >= 9076907) AND (id <= 9076916))

table 3 : explain SELECT c FROM sbtest3 WHERE id BETWEEN 8675404 AND 8675413 ORDER BY c
	Sort  (cost=44.30..44.33 rows=11 width=121)
	  Sort Key: c
	  ->  Index Scan using sbtest3_pkey on sbtest3  (cost=0.43..44.11 rows=11 width=121)
	        Index Cond: ((id >= 8675404) AND (id <= 8675413))

table 4 : explain SELECT c FROM sbtest4 WHERE id BETWEEN 2864130 AND 2864139 ORDER BY c
	Sort  (cost=40.77..40.79 rows=10 width=121)
	  Sort Key: c
	  ->  Index Scan using sbtest4_pkey on sbtest4  (cost=0.43..40.60 rows=10 width=121)
	        Index Cond: ((id >= 2864130) AND (id <= 2864139))

table 5 : explain SELECT c FROM sbtest5 WHERE id BETWEEN 3009150 AND 3009159 ORDER BY c
	Sort  (cost=40.78..40.80 rows=10 width=121)
	  Sort Key: c
	  ->  Index Scan using sbtest5_pkey on sbtest5  (cost=0.43..40.61 rows=10 width=121)
	        Index Cond: ((id >= 3009150) AND (id <= 3009159))

table 6 : explain SELECT c FROM sbtest6 WHERE id BETWEEN 1917905 AND 1917914 ORDER BY c
	Sort  (cost=40.80..40.82 rows=10 width=121)
	  Sort Key: c
	  ->  Index Scan using sbtest6_pkey on sbtest6  (cost=0.43..40.63 rows=10 width=121)
	        Index Cond: ((id >= 1917905) AND (id <= 1917914))

table 7 : explain SELECT c FROM sbtest7 WHERE id BETWEEN 851630 AND 851639 ORDER BY c
	Sort  (cost=40.63..40.65 rows=10 width=121)
	  Sort Key: c
	  ->  Index Scan using sbtest7_pkey on sbtest7  (cost=0.43..40.46 rows=10 width=121)
	        Index Cond: ((id >= 851630) AND (id <= 851639))

table 8 : explain SELECT c FROM sbtest8 WHERE id BETWEEN 5856948 AND 5856957 ORDER BY c
	Sort  (cost=37.51..37.53 rows=9 width=121)
	  Sort Key: c
	  ->  Index Scan using sbtest8_pkey on sbtest8  (cost=0.43..37.36 rows=9 width=121)
	        Index Cond: ((id >= 5856948) AND (id <= 5856957))

for: sum_ranges
table 1 : explain SELECT SUM(k) FROM sbtest1 WHERE id BETWEEN 1779750 AND 1779759
	Aggregate  (cost=41.02..41.03 rows=1 width=8)
	  ->  Index Scan using sbtest1_pkey on sbtest1  (cost=0.43..41.00 rows=10 width=4)
	        Index Cond: ((id >= 1779750) AND (id <= 1779759))

table 2 : explain SELECT SUM(k) FROM sbtest2 WHERE id BETWEEN 8654093 AND 8654102
	Aggregate  (cost=40.97..40.98 rows=1 width=8)
	  ->  Index Scan using sbtest2_pkey on sbtest2  (cost=0.43..40.94 rows=10 width=4)
	        Index Cond: ((id >= 8654093) AND (id <= 8654102))

table 3 : explain SELECT SUM(k) FROM sbtest3 WHERE id BETWEEN 1722126 AND 1722135
	Aggregate  (cost=40.57..40.58 rows=1 width=8)
	  ->  Index Scan using sbtest3_pkey on sbtest3  (cost=0.43..40.55 rows=10 width=4)
	        Index Cond: ((id >= 1722126) AND (id <= 1722135))

table 4 : explain SELECT SUM(k) FROM sbtest4 WHERE id BETWEEN 3562905 AND 3562914
	Aggregate  (cost=44.20..44.21 rows=1 width=8)
	  ->  Index Scan using sbtest4_pkey on sbtest4  (cost=0.43..44.18 rows=11 width=4)
	        Index Cond: ((id >= 3562905) AND (id <= 3562914))

table 5 : explain SELECT SUM(k) FROM sbtest5 WHERE id BETWEEN 4133456 AND 4133465
	Aggregate  (cost=44.21..44.22 rows=1 width=8)
	  ->  Index Scan using sbtest5_pkey on sbtest5  (cost=0.43..44.18 rows=11 width=4)
	        Index Cond: ((id >= 4133456) AND (id <= 4133465))

table 6 : explain SELECT SUM(k) FROM sbtest6 WHERE id BETWEEN 3855141 AND 3855150
	Aggregate  (cost=37.08..37.09 rows=1 width=8)
	  ->  Index Scan using sbtest6_pkey on sbtest6  (cost=0.43..37.06 rows=9 width=4)
	        Index Cond: ((id >= 3855141) AND (id <= 3855150))

table 7 : explain SELECT SUM(k) FROM sbtest7 WHERE id BETWEEN 8404891 AND 8404900
	Aggregate  (cost=40.49..40.50 rows=1 width=8)
	  ->  Index Scan using sbtest7_pkey on sbtest7  (cost=0.43..40.46 rows=10 width=4)
	        Index Cond: ((id >= 8404891) AND (id <= 8404900))

table 8 : explain SELECT SUM(k) FROM sbtest8 WHERE id BETWEEN 2720226 AND 2720235
	Aggregate  (cost=37.39..37.40 rows=1 width=8)
	  ->  Index Scan using sbtest8_pkey on sbtest8  (cost=0.43..37.36 rows=9 width=4)
	        Index Cond: ((id >= 2720226) AND (id <= 2720235))

explain: for deletes :: explain DELETE FROM sbtest%u WHERE id=%u
explain: for inserts :: explain INSERT INTO sbtest%u (id, k, c, pad) VALUES (%u, 13, 'foobar', 'foobar')
for inserts
table 1 : explain INSERT INTO sbtest1 (id, k, c, pad) VALUES (8296611, 13, 'foobar', 'foobar')
	Insert on sbtest1  (cost=0.00..0.01 rows=0 width=0)
	  ->  Result  (cost=0.00..0.01 rows=1 width=736)

table 2 : explain INSERT INTO sbtest2 (id, k, c, pad) VALUES (7979412, 13, 'foobar', 'foobar')
	Insert on sbtest2  (cost=0.00..0.01 rows=0 width=0)
	  ->  Result  (cost=0.00..0.01 rows=1 width=736)

table 3 : explain INSERT INTO sbtest3 (id, k, c, pad) VALUES (9691439, 13, 'foobar', 'foobar')
	Insert on sbtest3  (cost=0.00..0.01 rows=0 width=0)
	  ->  Result  (cost=0.00..0.01 rows=1 width=736)

table 4 : explain INSERT INTO sbtest4 (id, k, c, pad) VALUES (6777993, 13, 'foobar', 'foobar')
	Insert on sbtest4  (cost=0.00..0.01 rows=0 width=0)
	  ->  Result  (cost=0.00..0.01 rows=1 width=736)

table 5 : explain INSERT INTO sbtest5 (id, k, c, pad) VALUES (292455, 13, 'foobar', 'foobar')
	Insert on sbtest5  (cost=0.00..0.01 rows=0 width=0)
	  ->  Result  (cost=0.00..0.01 rows=1 width=736)

table 6 : explain INSERT INTO sbtest6 (id, k, c, pad) VALUES (1216920, 13, 'foobar', 'foobar')
	Insert on sbtest6  (cost=0.00..0.01 rows=0 width=0)
	  ->  Result  (cost=0.00..0.01 rows=1 width=736)

table 7 : explain INSERT INTO sbtest7 (id, k, c, pad) VALUES (3524702, 13, 'foobar', 'foobar')
	Insert on sbtest7  (cost=0.00..0.01 rows=0 width=0)
	  ->  Result  (cost=0.00..0.01 rows=1 width=736)

table 8 : explain INSERT INTO sbtest8 (id, k, c, pad) VALUES (976050, 13, 'foobar', 'foobar')
	Insert on sbtest8  (cost=0.00..0.01 rows=0 width=0)
	  ->  Result  (cost=0.00..0.01 rows=1 width=736)

explain: for point_selects :: explain SELECT c FROM sbtest%u WHERE id=%u
for non_index_updates
table 1 : explain UPDATE sbtest1 SET c='foobar' WHERE id=4372307
	Update on sbtest1  (cost=0.43..8.45 rows=0 width=0)
	  ->  Index Scan using sbtest1_pkey on sbtest1  (cost=0.43..8.45 rows=1 width=490)
	        Index Cond: (id = 4372307)

table 2 : explain UPDATE sbtest2 SET c='foobar' WHERE id=9257045
	Update on sbtest2  (cost=0.43..8.45 rows=0 width=0)
	  ->  Index Scan using sbtest2_pkey on sbtest2  (cost=0.43..8.45 rows=1 width=490)
	        Index Cond: (id = 9257045)

table 3 : explain UPDATE sbtest3 SET c='foobar' WHERE id=9750579
	Update on sbtest3  (cost=0.43..8.45 rows=0 width=0)
	  ->  Index Scan using sbtest3_pkey on sbtest3  (cost=0.43..8.45 rows=1 width=490)
	        Index Cond: (id = 9750579)

table 4 : explain UPDATE sbtest4 SET c='foobar' WHERE id=9438326
	Update on sbtest4  (cost=0.43..8.45 rows=0 width=0)
	  ->  Index Scan using sbtest4_pkey on sbtest4  (cost=0.43..8.45 rows=1 width=490)
	        Index Cond: (id = 9438326)

table 5 : explain UPDATE sbtest5 SET c='foobar' WHERE id=5461849
	Update on sbtest5  (cost=0.43..8.45 rows=0 width=0)
	  ->  Index Scan using sbtest5_pkey on sbtest5  (cost=0.43..8.45 rows=1 width=490)
	        Index Cond: (id = 5461849)

table 6 : explain UPDATE sbtest6 SET c='foobar' WHERE id=7353366
	Update on sbtest6  (cost=0.43..8.45 rows=0 width=0)
	  ->  Index Scan using sbtest6_pkey on sbtest6  (cost=0.43..8.45 rows=1 width=490)
	        Index Cond: (id = 7353366)

table 7 : explain UPDATE sbtest7 SET c='foobar' WHERE id=8346172
	Update on sbtest7  (cost=0.43..8.45 rows=0 width=0)
	  ->  Index Scan using sbtest7_pkey on sbtest7  (cost=0.43..8.45 rows=1 width=490)
	        Index Cond: (id = 8346172)

table 8 : explain UPDATE sbtest8 SET c='foobar' WHERE id=6182264
	Update on sbtest8  (cost=0.43..8.45 rows=0 width=0)
	  ->  Index Scan using sbtest8_pkey on sbtest8  (cost=0.43..8.45 rows=1 width=490)
	        Index Cond: (id = 6182264)

for: simple_ranges
table 1 : explain SELECT c FROM sbtest1 WHERE id BETWEEN 3934604 AND 3934613
	Index Scan using sbtest1_pkey on sbtest1  (cost=0.43..44.61 rows=11 width=121)
	  Index Cond: ((id >= 3934604) AND (id <= 3934613))

table 2 : explain SELECT c FROM sbtest2 WHERE id BETWEEN 3730323 AND 3730332
	Index Scan using sbtest2_pkey on sbtest2  (cost=0.43..40.94 rows=10 width=121)
	  Index Cond: ((id >= 3730323) AND (id <= 3730332))

table 3 : explain SELECT c FROM sbtest3 WHERE id BETWEEN 1709710 AND 1709719
	Index Scan using sbtest3_pkey on sbtest3  (cost=0.43..40.55 rows=10 width=121)
	  Index Cond: ((id >= 1709710) AND (id <= 1709719))

table 4 : explain SELECT c FROM sbtest4 WHERE id BETWEEN 3900257 AND 3900266
	Index Scan using sbtest4_pkey on sbtest4  (cost=0.43..40.60 rows=10 width=121)
	  Index Cond: ((id >= 3900257) AND (id <= 3900266))

table 5 : explain SELECT c FROM sbtest5 WHERE id BETWEEN 894388 AND 894397
	Index Scan using sbtest5_pkey on sbtest5  (cost=0.43..40.61 rows=10 width=121)
	  Index Cond: ((id >= 894388) AND (id <= 894397))

table 6 : explain SELECT c FROM sbtest6 WHERE id BETWEEN 8184546 AND 8184555
	Index Scan using sbtest6_pkey on sbtest6  (cost=0.43..47.78 rows=12 width=121)
	  Index Cond: ((id >= 8184546) AND (id <= 8184555))

table 7 : explain SELECT c FROM sbtest7 WHERE id BETWEEN 9243840 AND 9243849
	Index Scan using sbtest7_pkey on sbtest7  (cost=0.43..44.02 rows=11 width=121)
	  Index Cond: ((id >= 9243840) AND (id <= 9243849))

table 8 : explain SELECT c FROM sbtest8 WHERE id BETWEEN 8255028 AND 8255037
	Index Scan using sbtest8_pkey on sbtest8  (cost=0.43..37.36 rows=9 width=121)
	  Index Cond: ((id >= 8255028) AND (id <= 8255037))

explain: for deletes :: explain DELETE FROM sbtest%u WHERE id=%u
explain: for point_selects :: explain SELECT c FROM sbtest%u WHERE id=%u
for: distinct_ranges
table 1 : explain SELECT DISTINCT c FROM sbtest1 WHERE id BETWEEN 2402802 AND 2402811 ORDER BY c
	Unique  (cost=37.53..37.57 rows=9 width=121)
	  ->  Sort  (cost=37.53..37.55 rows=9 width=121)
	        Sort Key: c
	        ->  Index Scan using sbtest1_pkey on sbtest1  (cost=0.43..37.38 rows=9 width=121)
	              Index Cond: ((id >= 2402802) AND (id <= 2402811))

table 2 : explain SELECT DISTINCT c FROM sbtest2 WHERE id BETWEEN 7779974 AND 7779983 ORDER BY c
	Unique  (cost=41.11..41.16 rows=10 width=121)
	  ->  Sort  (cost=41.11..41.13 rows=10 width=121)
	        Sort Key: c
	        ->  Index Scan using sbtest2_pkey on sbtest2  (cost=0.43..40.94 rows=10 width=121)
	              Index Cond: ((id >= 7779974) AND (id <= 7779983))

table 3 : explain SELECT DISTINCT c FROM sbtest3 WHERE id BETWEEN 65694 AND 65703 ORDER BY c
	Unique  (cost=44.30..44.36 rows=11 width=121)
	  ->  Sort  (cost=44.30..44.33 rows=11 width=121)
	        Sort Key: c
	        ->  Index Scan using sbtest3_pkey on sbtest3  (cost=0.43..44.11 rows=11 width=121)
	              Index Cond: ((id >= 65694) AND (id <= 65703))

table 4 : explain SELECT DISTINCT c FROM sbtest4 WHERE id BETWEEN 4949567 AND 4949576 ORDER BY c
	Unique  (cost=40.77..40.82 rows=10 width=121)
	  ->  Sort  (cost=40.77..40.79 rows=10 width=121)
	        Sort Key: c
	        ->  Index Scan using sbtest4_pkey on sbtest4  (cost=0.43..40.60 rows=10 width=121)
	              Index Cond: ((id >= 4949567) AND (id <= 4949576))

table 5 : explain SELECT DISTINCT c FROM sbtest5 WHERE id BETWEEN 4520046 AND 4520055 ORDER BY c
	Unique  (cost=40.78..40.83 rows=10 width=121)
	  ->  Sort  (cost=40.78..40.80 rows=10 width=121)
	        Sort Key: c
	        ->  Index Scan using sbtest5_pkey on sbtest5  (cost=0.43..40.61 rows=10 width=121)
	              Index Cond: ((id >= 4520046) AND (id <= 4520055))

table 6 : explain SELECT DISTINCT c FROM sbtest6 WHERE id BETWEEN 4726185 AND 4726194 ORDER BY c
	Unique  (cost=37.20..37.24 rows=9 width=121)
	  ->  Sort  (cost=37.20..37.22 rows=9 width=121)
	        Sort Key: c
	        ->  Index Scan using sbtest6_pkey on sbtest6  (cost=0.43..37.06 rows=9 width=121)
	              Index Cond: ((id >= 4726185) AND (id <= 4726194))

table 7 : explain SELECT DISTINCT c FROM sbtest7 WHERE id BETWEEN 4048494 AND 4048503 ORDER BY c
	Unique  (cost=44.21..44.26 rows=11 width=121)
	  ->  Sort  (cost=44.21..44.24 rows=11 width=121)
	        Sort Key: c
	        ->  Index Scan using sbtest7_pkey on sbtest7  (cost=0.43..44.02 rows=11 width=121)
	              Index Cond: ((id >= 4048494) AND (id <= 4048503))

table 8 : explain SELECT DISTINCT c FROM sbtest8 WHERE id BETWEEN 8854879 AND 8854888 ORDER BY c
	Unique  (cost=37.51..37.55 rows=9 width=121)
	  ->  Sort  (cost=37.51..37.53 rows=9 width=121)
	        Sort Key: c
	        ->  Index Scan using sbtest8_pkey on sbtest8  (cost=0.43..37.36 rows=9 width=121)
	              Index Cond: ((id >= 8854879) AND (id <= 8854888))

for: simple_ranges
table 1 : explain SELECT c FROM sbtest1 WHERE id BETWEEN 3213820 AND 3213829
	Index Scan using sbtest1_pkey on sbtest1  (cost=0.43..44.61 rows=11 width=121)
	  Index Cond: ((id >= 3213820) AND (id <= 3213829))

table 2 : explain SELECT c FROM sbtest2 WHERE id BETWEEN 2632388 AND 2632397
	Index Scan using sbtest2_pkey on sbtest2  (cost=0.43..37.33 rows=9 width=121)
	  Index Cond: ((id >= 2632388) AND (id <= 2632397))

table 3 : explain SELECT c FROM sbtest3 WHERE id BETWEEN 7958020 AND 7958029
	Index Scan using sbtest3_pkey on sbtest3  (cost=0.43..40.55 rows=10 width=121)
	  Index Cond: ((id >= 7958020) AND (id <= 7958029))

table 4 : explain SELECT c FROM sbtest4 WHERE id BETWEEN 4987278 AND 4987287
	Index Scan using sbtest4_pkey on sbtest4  (cost=0.43..40.60 rows=10 width=121)
	  Index Cond: ((id >= 4987278) AND (id <= 4987287))

table 5 : explain SELECT c FROM sbtest5 WHERE id BETWEEN 2145389 AND 2145398
	Index Scan using sbtest5_pkey on sbtest5  (cost=0.43..37.04 rows=9 width=121)
	  Index Cond: ((id >= 2145389) AND (id <= 2145398))

table 6 : explain SELECT c FROM sbtest6 WHERE id BETWEEN 2760114 AND 2760123
	Index Scan using sbtest6_pkey on sbtest6  (cost=0.43..40.63 rows=10 width=121)
	  Index Cond: ((id >= 2760114) AND (id <= 2760123))

table 7 : explain SELECT c FROM sbtest7 WHERE id BETWEEN 5545745 AND 5545754
	Index Scan using sbtest7_pkey on sbtest7  (cost=0.43..36.91 rows=9 width=121)
	  Index Cond: ((id >= 5545745) AND (id <= 5545754))

table 8 : explain SELECT c FROM sbtest8 WHERE id BETWEEN 1880764 AND 1880773
	Index Scan using sbtest8_pkey on sbtest8  (cost=0.43..40.98 rows=10 width=121)
	  Index Cond: ((id >= 1880764) AND (id <= 1880773))

for inserts
table 1 : explain INSERT INTO sbtest1 (id, k, c, pad) VALUES (5725710, 13, 'foobar', 'foobar')
	Insert on sbtest1  (cost=0.00..0.01 rows=0 width=0)
	  ->  Result  (cost=0.00..0.01 rows=1 width=736)

table 2 : explain INSERT INTO sbtest2 (id, k, c, pad) VALUES (6800803, 13, 'foobar', 'foobar')
	Insert on sbtest2  (cost=0.00..0.01 rows=0 width=0)
	  ->  Result  (cost=0.00..0.01 rows=1 width=736)

table 3 : explain INSERT INTO sbtest3 (id, k, c, pad) VALUES (187119, 13, 'foobar', 'foobar')
	Insert on sbtest3  (cost=0.00..0.01 rows=0 width=0)
	  ->  Result  (cost=0.00..0.01 rows=1 width=736)

table 4 : explain INSERT INTO sbtest4 (id, k, c, pad) VALUES (9508762, 13, 'foobar', 'foobar')
	Insert on sbtest4  (cost=0.00..0.01 rows=0 width=0)
	  ->  Result  (cost=0.00..0.01 rows=1 width=736)

table 5 : explain INSERT INTO sbtest5 (id, k, c, pad) VALUES (4406303, 13, 'foobar', 'foobar')
	Insert on sbtest5  (cost=0.00..0.01 rows=0 width=0)
	  ->  Result  (cost=0.00..0.01 rows=1 width=736)

table 6 : explain INSERT INTO sbtest6 (id, k, c, pad) VALUES (7987200, 13, 'foobar', 'foobar')
	Insert on sbtest6  (cost=0.00..0.01 rows=0 width=0)
	  ->  Result  (cost=0.00..0.01 rows=1 width=736)

table 7 : explain INSERT INTO sbtest7 (id, k, c, pad) VALUES (3782467, 13, 'foobar', 'foobar')
	Insert on sbtest7  (cost=0.00..0.01 rows=0 width=0)
	  ->  Result  (cost=0.00..0.01 rows=1 width=736)

table 8 : explain INSERT INTO sbtest8 (id, k, c, pad) VALUES (9076970, 13, 'foobar', 'foobar')
	Insert on sbtest8  (cost=0.00..0.01 rows=0 width=0)
	  ->  Result  (cost=0.00..0.01 rows=1 width=736)

for deletes
table 1 : explain DELETE FROM sbtest1 WHERE id=5221553
	Delete on sbtest1  (cost=0.43..8.45 rows=0 width=0)
	  ->  Index Scan using sbtest1_pkey on sbtest1  (cost=0.43..8.45 rows=1 width=6)
	        Index Cond: (id = 5221553)

table 2 : explain DELETE FROM sbtest2 WHERE id=6639046
	Delete on sbtest2  (cost=0.43..8.45 rows=0 width=0)
	  ->  Index Scan using sbtest2_pkey on sbtest2  (cost=0.43..8.45 rows=1 width=6)
	        Index Cond: (id = 6639046)

table 3 : explain DELETE FROM sbtest3 WHERE id=8580769
	Delete on sbtest3  (cost=0.43..8.45 rows=0 width=0)
	  ->  Index Scan using sbtest3_pkey on sbtest3  (cost=0.43..8.45 rows=1 width=6)
	        Index Cond: (id = 8580769)

table 4 : explain DELETE FROM sbtest4 WHERE id=5930884
	Delete on sbtest4  (cost=0.43..8.45 rows=0 width=0)
	  ->  Index Scan using sbtest4_pkey on sbtest4  (cost=0.43..8.45 rows=1 width=6)
	        Index Cond: (id = 5930884)

table 5 : explain DELETE FROM sbtest5 WHERE id=9247466
	Delete on sbtest5  (cost=0.43..8.45 rows=0 width=0)
	  ->  Index Scan using sbtest5_pkey on sbtest5  (cost=0.43..8.45 rows=1 width=6)
	        Index Cond: (id = 9247466)

table 6 : explain DELETE FROM sbtest6 WHERE id=8174288
	Delete on sbtest6  (cost=0.43..8.45 rows=0 width=0)
	  ->  Index Scan using sbtest6_pkey on sbtest6  (cost=0.43..8.45 rows=1 width=6)
	        Index Cond: (id = 8174288)

table 7 : explain DELETE FROM sbtest7 WHERE id=6453260
	Delete on sbtest7  (cost=0.43..8.45 rows=0 width=0)
	  ->  Index Scan using sbtest7_pkey on sbtest7  (cost=0.43..8.45 rows=1 width=6)
	        Index Cond: (id = 6453260)

table 8 : explain DELETE FROM sbtest8 WHERE id=7828152
	Delete on sbtest8  (cost=0.43..8.45 rows=0 width=0)
	  ->  Index Scan using sbtest8_pkey on sbtest8  (cost=0.43..8.45 rows=1 width=6)
	        Index Cond: (id = 7828152)

explain: for index_updates :: explain UPDATE sbtest%u SET k=k+1 WHERE id=%u
for point_selects
table 1 : explain SELECT c FROM sbtest1 WHERE id=8964369
	Index Scan using sbtest1_pkey on sbtest1  (cost=0.43..8.45 rows=1 width=121)
	  Index Cond: (id = 8964369)

table 2 : explain SELECT c FROM sbtest2 WHERE id=9136438
	Index Scan using sbtest2_pkey on sbtest2  (cost=0.43..8.45 rows=1 width=121)
	  Index Cond: (id = 9136438)

table 3 : explain SELECT c FROM sbtest3 WHERE id=6922669
	Index Scan using sbtest3_pkey on sbtest3  (cost=0.43..8.45 rows=1 width=121)
	  Index Cond: (id = 6922669)

table 4 : explain SELECT c FROM sbtest4 WHERE id=7313253
	Index Scan using sbtest4_pkey on sbtest4  (cost=0.43..8.45 rows=1 width=121)
	  Index Cond: (id = 7313253)

table 5 : explain SELECT c FROM sbtest5 WHERE id=8742373
	Index Scan using sbtest5_pkey on sbtest5  (cost=0.43..8.45 rows=1 width=121)
	  Index Cond: (id = 8742373)

table 6 : explain SELECT c FROM sbtest6 WHERE id=116996
	Index Scan using sbtest6_pkey on sbtest6  (cost=0.43..8.45 rows=1 width=121)
	  Index Cond: (id = 116996)

table 7 : explain SELECT c FROM sbtest7 WHERE id=2559182
	Index Scan using sbtest7_pkey on sbtest7  (cost=0.43..8.45 rows=1 width=121)
	  Index Cond: (id = 2559182)

table 8 : explain SELECT c FROM sbtest8 WHERE id=7062668
	Index Scan using sbtest8_pkey on sbtest8  (cost=0.43..8.45 rows=1 width=121)
	  Index Cond: (id = 7062668)

for deletes
table 1 : explain DELETE FROM sbtest1 WHERE id=9727118
	Delete on sbtest1  (cost=0.43..8.45 rows=0 width=0)
	  ->  Index Scan using sbtest1_pkey on sbtest1  (cost=0.43..8.45 rows=1 width=6)
	        Index Cond: (id = 9727118)

table 2 : explain DELETE FROM sbtest2 WHERE id=394093
	Delete on sbtest2  (cost=0.43..8.45 rows=0 width=0)
	  ->  Index Scan using sbtest2_pkey on sbtest2  (cost=0.43..8.45 rows=1 width=6)
	        Index Cond: (id = 394093)

table 3 : explain DELETE FROM sbtest3 WHERE id=4258778
	Delete on sbtest3  (cost=0.43..8.45 rows=0 width=0)
	  ->  Index Scan using sbtest3_pkey on sbtest3  (cost=0.43..8.45 rows=1 width=6)
	        Index Cond: (id = 4258778)

table 4 : explain DELETE FROM sbtest4 WHERE id=1605678
	Delete on sbtest4  (cost=0.43..8.45 rows=0 width=0)
	  ->  Index Scan using sbtest4_pkey on sbtest4  (cost=0.43..8.45 rows=1 width=6)
	        Index Cond: (id = 1605678)

table 5 : explain DELETE FROM sbtest5 WHERE id=4307366
	Delete on sbtest5  (cost=0.43..8.45 rows=0 width=0)
	  ->  Index Scan using sbtest5_pkey on sbtest5  (cost=0.43..8.45 rows=1 width=6)
	        Index Cond: (id = 4307366)

table 6 : explain DELETE FROM sbtest6 WHERE id=1136805
	Delete on sbtest6  (cost=0.43..8.45 rows=0 width=0)
	  ->  Index Scan using sbtest6_pkey on sbtest6  (cost=0.43..8.45 rows=1 width=6)
	        Index Cond: (id = 1136805)

table 7 : explain DELETE FROM sbtest7 WHERE id=603161
	Delete on sbtest7  (cost=0.43..8.45 rows=0 width=0)
	  ->  Index Scan using sbtest7_pkey on sbtest7  (cost=0.43..8.45 rows=1 width=6)
	        Index Cond: (id = 603161)

table 8 : explain DELETE FROM sbtest8 WHERE id=3133430
	Delete on sbtest8  (cost=0.43..8.45 rows=0 width=0)
	  ->  Index Scan using sbtest8_pkey on sbtest8  (cost=0.43..8.45 rows=1 width=6)
	        Index Cond: (id = 3133430)

for index_updates
table 1 : explain UPDATE sbtest1 SET k=k+1 WHERE id=8823616
	Update on sbtest1  (cost=0.43..8.46 rows=0 width=0)
	  ->  Index Scan using sbtest1_pkey on sbtest1  (cost=0.43..8.46 rows=1 width=10)
	        Index Cond: (id = 8823616)

table 2 : explain UPDATE sbtest2 SET k=k+1 WHERE id=5454277
	Update on sbtest2  (cost=0.43..8.46 rows=0 width=0)
	  ->  Index Scan using sbtest2_pkey on sbtest2  (cost=0.43..8.46 rows=1 width=10)
	        Index Cond: (id = 5454277)

table 3 : explain UPDATE sbtest3 SET k=k+1 WHERE id=3084861
	Update on sbtest3  (cost=0.43..8.46 rows=0 width=0)
	  ->  Index Scan using sbtest3_pkey on sbtest3  (cost=0.43..8.46 rows=1 width=10)
	        Index Cond: (id = 3084861)

table 4 : explain UPDATE sbtest4 SET k=k+1 WHERE id=8221775
	Update on sbtest4  (cost=0.43..8.46 rows=0 width=0)
	  ->  Index Scan using sbtest4_pkey on sbtest4  (cost=0.43..8.46 rows=1 width=10)
	        Index Cond: (id = 8221775)

table 5 : explain UPDATE sbtest5 SET k=k+1 WHERE id=5075339
	Update on sbtest5  (cost=0.43..8.46 rows=0 width=0)
	  ->  Index Scan using sbtest5_pkey on sbtest5  (cost=0.43..8.46 rows=1 width=10)
	        Index Cond: (id = 5075339)

table 6 : explain UPDATE sbtest6 SET k=k+1 WHERE id=5324121
	Update on sbtest6  (cost=0.43..8.46 rows=0 width=0)
	  ->  Index Scan using sbtest6_pkey on sbtest6  (cost=0.43..8.46 rows=1 width=10)
	        Index Cond: (id = 5324121)

table 7 : explain UPDATE sbtest7 SET k=k+1 WHERE id=2254096
	Update on sbtest7  (cost=0.43..8.46 rows=0 width=0)
	  ->  Index Scan using sbtest7_pkey on sbtest7  (cost=0.43..8.46 rows=1 width=10)
	        Index Cond: (id = 2254096)

table 8 : explain UPDATE sbtest8 SET k=k+1 WHERE id=6313900
	Update on sbtest8  (cost=0.43..8.46 rows=0 width=0)
	  ->  Index Scan using sbtest8_pkey on sbtest8  (cost=0.43..8.46 rows=1 width=10)
	        Index Cond: (id = 6313900)

explain: for inserts :: explain INSERT INTO sbtest%u (id, k, c, pad) VALUES (%u, 13, 'foobar', 'foobar')
explain: for non_index_updates :: explain UPDATE sbtest%u SET c='foobar' WHERE id=%u
for: sum_ranges
table 1 : explain SELECT SUM(k) FROM sbtest1 WHERE id BETWEEN 2498386 AND 2498395
	Aggregate  (cost=44.64..44.65 rows=1 width=8)
	  ->  Index Scan using sbtest1_pkey on sbtest1  (cost=0.43..44.61 rows=11 width=4)
	        Index Cond: ((id >= 2498386) AND (id <= 2498395))

table 2 : explain SELECT SUM(k) FROM sbtest2 WHERE id BETWEEN 9178511 AND 9178520
	Aggregate  (cost=37.36..37.37 rows=1 width=8)
	  ->  Index Scan using sbtest2_pkey on sbtest2  (cost=0.43..37.33 rows=9 width=4)
	        Index Cond: ((id >= 9178511) AND (id <= 9178520))

table 3 : explain SELECT SUM(k) FROM sbtest3 WHERE id BETWEEN 2630859 AND 2630868
	Aggregate  (cost=40.57..40.58 rows=1 width=8)
	  ->  Index Scan using sbtest3_pkey on sbtest3  (cost=0.43..40.55 rows=10 width=4)
	        Index Cond: ((id >= 2630859) AND (id <= 2630868))

table 4 : explain SELECT SUM(k) FROM sbtest4 WHERE id BETWEEN 8158735 AND 8158744
	Aggregate  (cost=40.63..40.64 rows=1 width=8)
	  ->  Index Scan using sbtest4_pkey on sbtest4  (cost=0.43..40.60 rows=10 width=4)
	        Index Cond: ((id >= 8158735) AND (id <= 8158744))

table 5 : explain SELECT SUM(k) FROM sbtest5 WHERE id BETWEEN 2396411 AND 2396420
	Aggregate  (cost=40.63..40.64 rows=1 width=8)
	  ->  Index Scan using sbtest5_pkey on sbtest5  (cost=0.43..40.61 rows=10 width=4)
	        Index Cond: ((id >= 2396411) AND (id <= 2396420))

table 6 : explain SELECT SUM(k) FROM sbtest6 WHERE id BETWEEN 5944828 AND 5944837
	Aggregate  (cost=37.08..37.09 rows=1 width=8)
	  ->  Index Scan using sbtest6_pkey on sbtest6  (cost=0.43..37.06 rows=9 width=4)
	        Index Cond: ((id >= 5944828) AND (id <= 5944837))

table 7 : explain SELECT SUM(k) FROM sbtest7 WHERE id BETWEEN 9667991 AND 9668000
	Aggregate  (cost=40.49..40.50 rows=1 width=8)
	  ->  Index Scan using sbtest7_pkey on sbtest7  (cost=0.43..40.46 rows=10 width=4)
	        Index Cond: ((id >= 9667991) AND (id <= 9668000))

table 8 : explain SELECT SUM(k) FROM sbtest8 WHERE id BETWEEN 753947 AND 753956
	Aggregate  (cost=41.00..41.01 rows=1 width=8)
	  ->  Index Scan using sbtest8_pkey on sbtest8  (cost=0.43..40.98 rows=10 width=4)
	        Index Cond: ((id >= 753947) AND (id <= 753956))

explain: for non_index_updates :: explain UPDATE sbtest%u SET c='foobar' WHERE id=%u
explain: for inserts :: explain INSERT INTO sbtest%u (id, k, c, pad) VALUES (%u, 13, 'foobar', 'foobar')
for: order_ranges
table 1 : explain SELECT c FROM sbtest1 WHERE id BETWEEN 6981703 AND 6981712 ORDER BY c
	Sort  (cost=48.45..48.48 rows=12 width=121)
	  Sort Key: c
	  ->  Index Scan using sbtest1_pkey on sbtest1  (cost=0.43..48.23 rows=12 width=121)
	        Index Cond: ((id >= 6981703) AND (id <= 6981712))

table 2 : explain SELECT c FROM sbtest2 WHERE id BETWEEN 3679148 AND 3679157 ORDER BY c
	Sort  (cost=41.11..41.13 rows=10 width=121)
	  Sort Key: c
	  ->  Index Scan using sbtest2_pkey on sbtest2  (cost=0.43..40.94 rows=10 width=121)
	        Index Cond: ((id >= 3679148) AND (id <= 3679157))

table 3 : explain SELECT c FROM sbtest3 WHERE id BETWEEN 619153 AND 619162 ORDER BY c
	Sort  (cost=40.71..40.74 rows=10 width=121)
	  Sort Key: c
	  ->  Index Scan using sbtest3_pkey on sbtest3  (cost=0.43..40.55 rows=10 width=121)
	        Index Cond: ((id >= 619153) AND (id <= 619162))

table 4 : explain SELECT c FROM sbtest4 WHERE id BETWEEN 7771279 AND 7771288 ORDER BY c
	Sort  (cost=40.77..40.79 rows=10 width=121)
	  Sort Key: c
	  ->  Index Scan using sbtest4_pkey on sbtest4  (cost=0.43..40.60 rows=10 width=121)
	        Index Cond: ((id >= 7771279) AND (id <= 7771288))

table 5 : explain SELECT c FROM sbtest5 WHERE id BETWEEN 4879169 AND 4879178 ORDER BY c
	Sort  (cost=40.78..40.80 rows=10 width=121)
	  Sort Key: c
	  ->  Index Scan using sbtest5_pkey on sbtest5  (cost=0.43..40.61 rows=10 width=121)
	        Index Cond: ((id >= 4879169) AND (id <= 4879178))

table 6 : explain SELECT c FROM sbtest6 WHERE id BETWEEN 5503970 AND 5503979 ORDER BY c
	Sort  (cost=40.80..40.82 rows=10 width=121)
	  Sort Key: c
	  ->  Index Scan using sbtest6_pkey on sbtest6  (cost=0.43..40.63 rows=10 width=121)
	        Index Cond: ((id >= 5503970) AND (id <= 5503979))

table 7 : explain SELECT c FROM sbtest7 WHERE id BETWEEN 714236 AND 714245 ORDER BY c
	Sort  (cost=40.63..40.65 rows=10 width=121)
	  Sort Key: c
	  ->  Index Scan using sbtest7_pkey on sbtest7  (cost=0.43..40.46 rows=10 width=121)
	        Index Cond: ((id >= 714236) AND (id <= 714245))

table 8 : explain SELECT c FROM sbtest8 WHERE id BETWEEN 1265869 AND 1265878 ORDER BY c
	Sort  (cost=44.78..44.81 rows=11 width=121)
	  Sort Key: c
	  ->  Index Scan using sbtest8_pkey on sbtest8  (cost=0.43..44.59 rows=11 width=121)
	        Index Cond: ((id >= 1265869) AND (id <= 1265878))

explain: for point_selects :: explain SELECT c FROM sbtest%u WHERE id=%u
for non_index_updates
table 1 : explain UPDATE sbtest1 SET c='foobar' WHERE id=5083681
	Update on sbtest1  (cost=0.43..8.45 rows=0 width=0)
	  ->  Index Scan using sbtest1_pkey on sbtest1  (cost=0.43..8.45 rows=1 width=490)
	        Index Cond: (id = 5083681)

table 2 : explain UPDATE sbtest2 SET c='foobar' WHERE id=4549655
	Update on sbtest2  (cost=0.43..8.45 rows=0 width=0)
	  ->  Index Scan using sbtest2_pkey on sbtest2  (cost=0.43..8.45 rows=1 width=490)
	        Index Cond: (id = 4549655)

table 3 : explain UPDATE sbtest3 SET c='foobar' WHERE id=133878
	Update on sbtest3  (cost=0.43..8.45 rows=0 width=0)
	  ->  Index Scan using sbtest3_pkey on sbtest3  (cost=0.43..8.45 rows=1 width=490)
	        Index Cond: (id = 133878)

table 4 : explain UPDATE sbtest4 SET c='foobar' WHERE id=2776199
	Update on sbtest4  (cost=0.43..8.45 rows=0 width=0)
	  ->  Index Scan using sbtest4_pkey on sbtest4  (cost=0.43..8.45 rows=1 width=490)
	        Index Cond: (id = 2776199)

table 5 : explain UPDATE sbtest5 SET c='foobar' WHERE id=1853807
	Update on sbtest5  (cost=0.43..8.45 rows=0 width=0)
	  ->  Index Scan using sbtest5_pkey on sbtest5  (cost=0.43..8.45 rows=1 width=490)
	        Index Cond: (id = 1853807)

table 6 : explain UPDATE sbtest6 SET c='foobar' WHERE id=6848055
	Update on sbtest6  (cost=0.43..8.45 rows=0 width=0)
	  ->  Index Scan using sbtest6_pkey on sbtest6  (cost=0.43..8.45 rows=1 width=490)
	        Index Cond: (id = 6848055)

table 7 : explain UPDATE sbtest7 SET c='foobar' WHERE id=3120172
	Update on sbtest7  (cost=0.43..8.45 rows=0 width=0)
	  ->  Index Scan using sbtest7_pkey on sbtest7  (cost=0.43..8.45 rows=1 width=490)
	        Index Cond: (id = 3120172)

table 8 : explain UPDATE sbtest8 SET c='foobar' WHERE id=4197396
	Update on sbtest8  (cost=0.43..8.45 rows=0 width=0)
	  ->  Index Scan using sbtest8_pkey on sbtest8  (cost=0.43..8.45 rows=1 width=490)
	        Index Cond: (id = 4197396)

explain: for point_selects :: explain SELECT c FROM sbtest%u WHERE id=%u
for: sum_ranges
table 1 : explain SELECT SUM(k) FROM sbtest1 WHERE id BETWEEN 1351165 AND 1351174
	Aggregate  (cost=37.40..37.41 rows=1 width=8)
	  ->  Index Scan using sbtest1_pkey on sbtest1  (cost=0.43..37.38 rows=9 width=4)
	        Index Cond: ((id >= 1351165) AND (id <= 1351174))

table 2 : explain SELECT SUM(k) FROM sbtest2 WHERE id BETWEEN 7322752 AND 7322761
	Aggregate  (cost=37.36..37.37 rows=1 width=8)
	  ->  Index Scan using sbtest2_pkey on sbtest2  (cost=0.43..37.33 rows=9 width=4)
	        Index Cond: ((id >= 7322752) AND (id <= 7322761))

table 3 : explain SELECT SUM(k) FROM sbtest3 WHERE id BETWEEN 1886482 AND 1886491
	Aggregate  (cost=40.57..40.58 rows=1 width=8)
	  ->  Index Scan using sbtest3_pkey on sbtest3  (cost=0.43..40.55 rows=10 width=4)
	        Index Cond: ((id >= 1886482) AND (id <= 1886491))

table 4 : explain SELECT SUM(k) FROM sbtest4 WHERE id BETWEEN 4158262 AND 4158271
	Aggregate  (cost=40.63..40.64 rows=1 width=8)
	  ->  Index Scan using sbtest4_pkey on sbtest4  (cost=0.43..40.60 rows=10 width=4)
	        Index Cond: ((id >= 4158262) AND (id <= 4158271))

table 5 : explain SELECT SUM(k) FROM sbtest5 WHERE id BETWEEN 8684855 AND 8684864
	Aggregate  (cost=40.63..40.64 rows=1 width=8)
	  ->  Index Scan using sbtest5_pkey on sbtest5  (cost=0.43..40.61 rows=10 width=4)
	        Index Cond: ((id >= 8684855) AND (id <= 8684864))

table 6 : explain SELECT SUM(k) FROM sbtest6 WHERE id BETWEEN 2923321 AND 2923330
	Aggregate  (cost=40.66..40.67 rows=1 width=8)
	  ->  Index Scan using sbtest6_pkey on sbtest6  (cost=0.43..40.63 rows=10 width=4)
	        Index Cond: ((id >= 2923321) AND (id <= 2923330))

table 7 : explain SELECT SUM(k) FROM sbtest7 WHERE id BETWEEN 5329421 AND 5329430
	Aggregate  (cost=40.49..40.50 rows=1 width=8)
	  ->  Index Scan using sbtest7_pkey on sbtest7  (cost=0.43..40.46 rows=10 width=4)
	        Index Cond: ((id >= 5329421) AND (id <= 5329430))

table 8 : explain SELECT SUM(k) FROM sbtest8 WHERE id BETWEEN 839710 AND 839719
	Aggregate  (cost=37.39..37.40 rows=1 width=8)
	  ->  Index Scan using sbtest8_pkey on sbtest8  (cost=0.43..37.36 rows=9 width=4)
	        Index Cond: ((id >= 839710) AND (id <= 839719))

for inserts
table 1 : explain INSERT INTO sbtest1 (id, k, c, pad) VALUES (6027198, 13, 'foobar', 'foobar')
	Insert on sbtest1  (cost=0.00..0.01 rows=0 width=0)
	  ->  Result  (cost=0.00..0.01 rows=1 width=736)

table 2 : explain INSERT INTO sbtest2 (id, k, c, pad) VALUES (4742441, 13, 'foobar', 'foobar')
	Insert on sbtest2  (cost=0.00..0.01 rows=0 width=0)
	  ->  Result  (cost=0.00..0.01 rows=1 width=736)

table 3 : explain INSERT INTO sbtest3 (id, k, c, pad) VALUES (2411079, 13, 'foobar', 'foobar')
	Insert on sbtest3  (cost=0.00..0.01 rows=0 width=0)
	  ->  Result  (cost=0.00..0.01 rows=1 width=736)

table 4 : explain INSERT INTO sbtest4 (id, k, c, pad) VALUES (9567799, 13, 'foobar', 'foobar')
	Insert on sbtest4  (cost=0.00..0.01 rows=0 width=0)
	  ->  Result  (cost=0.00..0.01 rows=1 width=736)

table 5 : explain INSERT INTO sbtest5 (id, k, c, pad) VALUES (5573904, 13, 'foobar', 'foobar')
	Insert on sbtest5  (cost=0.00..0.01 rows=0 width=0)
	  ->  Result  (cost=0.00..0.01 rows=1 width=736)

table 6 : explain INSERT INTO sbtest6 (id, k, c, pad) VALUES (7629623, 13, 'foobar', 'foobar')
	Insert on sbtest6  (cost=0.00..0.01 rows=0 width=0)
	  ->  Result  (cost=0.00..0.01 rows=1 width=736)

table 7 : explain INSERT INTO sbtest7 (id, k, c, pad) VALUES (7083355, 13, 'foobar', 'foobar')
	Insert on sbtest7  (cost=0.00..0.01 rows=0 width=0)
	  ->  Result  (cost=0.00..0.01 rows=1 width=736)

table 8 : explain INSERT INTO sbtest8 (id, k, c, pad) VALUES (4454998, 13, 'foobar', 'foobar')
	Insert on sbtest8  (cost=0.00..0.01 rows=0 width=0)
	  ->  Result  (cost=0.00..0.01 rows=1 width=736)

explain: for deletes :: explain DELETE FROM sbtest%u WHERE id=%u
for point_selects
table 1 : explain SELECT c FROM sbtest1 WHERE id=3374267
	Index Scan using sbtest1_pkey on sbtest1  (cost=0.43..8.45 rows=1 width=121)
	  Index Cond: (id = 3374267)

table 2 : explain SELECT c FROM sbtest2 WHERE id=2392030
	Index Scan using sbtest2_pkey on sbtest2  (cost=0.43..8.45 rows=1 width=121)
	  Index Cond: (id = 2392030)

table 3 : explain SELECT c FROM sbtest3 WHERE id=2838464
	Index Scan using sbtest3_pkey on sbtest3  (cost=0.43..8.45 rows=1 width=121)
	  Index Cond: (id = 2838464)

table 4 : explain SELECT c FROM sbtest4 WHERE id=9115863
	Index Scan using sbtest4_pkey on sbtest4  (cost=0.43..8.45 rows=1 width=121)
	  Index Cond: (id = 9115863)

table 5 : explain SELECT c FROM sbtest5 WHERE id=5174695
	Index Scan using sbtest5_pkey on sbtest5  (cost=0.43..8.45 rows=1 width=121)
	  Index Cond: (id = 5174695)

table 6 : explain SELECT c FROM sbtest6 WHERE id=8022152
	Index Scan using sbtest6_pkey on sbtest6  (cost=0.43..8.45 rows=1 width=121)
	  Index Cond: (id = 8022152)

table 7 : explain SELECT c FROM sbtest7 WHERE id=8081637
	Index Scan using sbtest7_pkey on sbtest7  (cost=0.43..8.45 rows=1 width=121)
	  Index Cond: (id = 8081637)

table 8 : explain SELECT c FROM sbtest8 WHERE id=5705494
	Index Scan using sbtest8_pkey on sbtest8  (cost=0.43..8.45 rows=1 width=121)
	  Index Cond: (id = 5705494)

for: order_ranges
table 1 : explain SELECT c FROM sbtest1 WHERE id BETWEEN 6923868 AND 6923877 ORDER BY c
	Sort  (cost=41.16..41.19 rows=10 width=121)
	  Sort Key: c
	  ->  Index Scan using sbtest1_pkey on sbtest1  (cost=0.43..41.00 rows=10 width=121)
	        Index Cond: ((id >= 6923868) AND (id <= 6923877))

table 2 : explain SELECT c FROM sbtest2 WHERE id BETWEEN 9376298 AND 9376307 ORDER BY c
	Sort  (cost=41.11..41.13 rows=10 width=121)
	  Sort Key: c
	  ->  Index Scan using sbtest2_pkey on sbtest2  (cost=0.43..40.94 rows=10 width=121)
	        Index Cond: ((id >= 9376298) AND (id <= 9376307))

table 3 : explain SELECT c FROM sbtest3 WHERE id BETWEEN 7356724 AND 7356733 ORDER BY c
	Sort  (cost=44.30..44.33 rows=11 width=121)
	  Sort Key: c
	  ->  Index Scan using sbtest3_pkey on sbtest3  (cost=0.43..44.11 rows=11 width=121)
	        Index Cond: ((id >= 7356724) AND (id <= 7356733))

table 4 : explain SELECT c FROM sbtest4 WHERE id BETWEEN 4182973 AND 4182982 ORDER BY c
	Sort  (cost=44.37..44.39 rows=11 width=121)
	  Sort Key: c
	  ->  Index Scan using sbtest4_pkey on sbtest4  (cost=0.43..44.18 rows=11 width=121)
	        Index Cond: ((id >= 4182973) AND (id <= 4182982))

table 5 : explain SELECT c FROM sbtest5 WHERE id BETWEEN 2220561 AND 2220570 ORDER BY c
	Sort  (cost=37.18..37.20 rows=9 width=121)
	  Sort Key: c
	  ->  Index Scan using sbtest5_pkey on sbtest5  (cost=0.43..37.04 rows=9 width=121)
	        Index Cond: ((id >= 2220561) AND (id <= 2220570))

table 6 : explain SELECT c FROM sbtest6 WHERE id BETWEEN 237981 AND 237990 ORDER BY c
	Sort  (cost=40.80..40.82 rows=10 width=121)
	  Sort Key: c
	  ->  Index Scan using sbtest6_pkey on sbtest6  (cost=0.43..40.63 rows=10 width=121)
	        Index Cond: ((id >= 237981) AND (id <= 237990))

table 7 : explain SELECT c FROM sbtest7 WHERE id BETWEEN 402803 AND 402812 ORDER BY c
	Sort  (cost=40.63..40.65 rows=10 width=121)
	  Sort Key: c
	  ->  Index Scan using sbtest7_pkey on sbtest7  (cost=0.43..40.46 rows=10 width=121)
	        Index Cond: ((id >= 402803) AND (id <= 402812))

table 8 : explain SELECT c FROM sbtest8 WHERE id BETWEEN 2643119 AND 2643128 ORDER BY c
	Sort  (cost=37.51..37.53 rows=9 width=121)
	  Sort Key: c
	  ->  Index Scan using sbtest8_pkey on sbtest8  (cost=0.43..37.36 rows=9 width=121)
	        Index Cond: ((id >= 2643119) AND (id <= 2643128))

for inserts
table 1 : explain INSERT INTO sbtest1 (id, k, c, pad) VALUES (4616356, 13, 'foobar', 'foobar')
	Insert on sbtest1  (cost=0.00..0.01 rows=0 width=0)
	  ->  Result  (cost=0.00..0.01 rows=1 width=736)

table 2 : explain INSERT INTO sbtest2 (id, k, c, pad) VALUES (2633267, 13, 'foobar', 'foobar')
	Insert on sbtest2  (cost=0.00..0.01 rows=0 width=0)
	  ->  Result  (cost=0.00..0.01 rows=1 width=736)

table 3 : explain INSERT INTO sbtest3 (id, k, c, pad) VALUES (2955324, 13, 'foobar', 'foobar')
	Insert on sbtest3  (cost=0.00..0.01 rows=0 width=0)
	  ->  Result  (cost=0.00..0.01 rows=1 width=736)

table 4 : explain INSERT INTO sbtest4 (id, k, c, pad) VALUES (7032583, 13, 'foobar', 'foobar')
	Insert on sbtest4  (cost=0.00..0.01 rows=0 width=0)
	  ->  Result  (cost=0.00..0.01 rows=1 width=736)

table 5 : explain INSERT INTO sbtest5 (id, k, c, pad) VALUES (4180608, 13, 'foobar', 'foobar')
	Insert on sbtest5  (cost=0.00..0.01 rows=0 width=0)
	  ->  Result  (cost=0.00..0.01 rows=1 width=736)

table 6 : explain INSERT INTO sbtest6 (id, k, c, pad) VALUES (8270744, 13, 'foobar', 'foobar')
	Insert on sbtest6  (cost=0.00..0.01 rows=0 width=0)
	  ->  Result  (cost=0.00..0.01 rows=1 width=736)

table 7 : explain INSERT INTO sbtest7 (id, k, c, pad) VALUES (338698, 13, 'foobar', 'foobar')
	Insert on sbtest7  (cost=0.00..0.01 rows=0 width=0)
	  ->  Result  (cost=0.00..0.01 rows=1 width=736)

table 8 : explain INSERT INTO sbtest8 (id, k, c, pad) VALUES (1434959, 13, 'foobar', 'foobar')
	Insert on sbtest8  (cost=0.00..0.01 rows=0 width=0)
	  ->  Result  (cost=0.00..0.01 rows=1 width=736)

for: simple_ranges
table 1 : explain SELECT c FROM sbtest1 WHERE id BETWEEN 2501828 AND 2501837
	Index Scan using sbtest1_pkey on sbtest1  (cost=0.43..44.61 rows=11 width=121)
	  Index Cond: ((id >= 2501828) AND (id <= 2501837))

table 2 : explain SELECT c FROM sbtest2 WHERE id BETWEEN 7671140 AND 7671149
	Index Scan using sbtest2_pkey on sbtest2  (cost=0.43..40.94 rows=10 width=121)
	  Index Cond: ((id >= 7671140) AND (id <= 7671149))

table 3 : explain SELECT c FROM sbtest3 WHERE id BETWEEN 4869233 AND 4869242
	Index Scan using sbtest3_pkey on sbtest3  (cost=0.43..40.55 rows=10 width=121)
	  Index Cond: ((id >= 4869233) AND (id <= 4869242))

table 4 : explain SELECT c FROM sbtest4 WHERE id BETWEEN 7017670 AND 7017679
	Index Scan using sbtest4_pkey on sbtest4  (cost=0.43..40.60 rows=10 width=121)
	  Index Cond: ((id >= 7017670) AND (id <= 7017679))

table 5 : explain SELECT c FROM sbtest5 WHERE id BETWEEN 4839477 AND 4839486
	Index Scan using sbtest5_pkey on sbtest5  (cost=0.43..40.61 rows=10 width=121)
	  Index Cond: ((id >= 4839477) AND (id <= 4839486))

table 6 : explain SELECT c FROM sbtest6 WHERE id BETWEEN 5235378 AND 5235387
	Index Scan using sbtest6_pkey on sbtest6  (cost=0.43..37.06 rows=9 width=121)
	  Index Cond: ((id >= 5235378) AND (id <= 5235387))

table 7 : explain SELECT c FROM sbtest7 WHERE id BETWEEN 443481 AND 443490
	Index Scan using sbtest7_pkey on sbtest7  (cost=0.43..40.46 rows=10 width=121)
	  Index Cond: ((id >= 443481) AND (id <= 443490))

table 8 : explain SELECT c FROM sbtest8 WHERE id BETWEEN 6099432 AND 6099441
	Index Scan using sbtest8_pkey on sbtest8  (cost=0.43..40.98 rows=10 width=121)
	  Index Cond: ((id >= 6099432) AND (id <= 6099441))

for deletes
table 1 : explain DELETE FROM sbtest1 WHERE id=6579920
	Delete on sbtest1  (cost=0.43..8.45 rows=0 width=0)
	  ->  Index Scan using sbtest1_pkey on sbtest1  (cost=0.43..8.45 rows=1 width=6)
	        Index Cond: (id = 6579920)

table 2 : explain DELETE FROM sbtest2 WHERE id=2401554
	Delete on sbtest2  (cost=0.43..8.45 rows=0 width=0)
	  ->  Index Scan using sbtest2_pkey on sbtest2  (cost=0.43..8.45 rows=1 width=6)
	        Index Cond: (id = 2401554)

table 3 : explain DELETE FROM sbtest3 WHERE id=2690197
	Delete on sbtest3  (cost=0.43..8.45 rows=0 width=0)
	  ->  Index Scan using sbtest3_pkey on sbtest3  (cost=0.43..8.45 rows=1 width=6)
	        Index Cond: (id = 2690197)

table 4 : explain DELETE FROM sbtest4 WHERE id=7396686
	Delete on sbtest4  (cost=0.43..8.45 rows=0 width=0)
	  ->  Index Scan using sbtest4_pkey on sbtest4  (cost=0.43..8.45 rows=1 width=6)
	        Index Cond: (id = 7396686)

table 5 : explain DELETE FROM sbtest5 WHERE id=233165
	Delete on sbtest5  (cost=0.43..8.45 rows=0 width=0)
	  ->  Index Scan using sbtest5_pkey on sbtest5  (cost=0.43..8.45 rows=1 width=6)
	        Index Cond: (id = 233165)

table 6 : explain DELETE FROM sbtest6 WHERE id=6271507
	Delete on sbtest6  (cost=0.43..8.45 rows=0 width=0)
	  ->  Index Scan using sbtest6_pkey on sbtest6  (cost=0.43..8.45 rows=1 width=6)
	        Index Cond: (id = 6271507)

table 7 : explain DELETE FROM sbtest7 WHERE id=2779670
	Delete on sbtest7  (cost=0.43..8.45 rows=0 width=0)
	  ->  Index Scan using sbtest7_pkey on sbtest7  (cost=0.43..8.45 rows=1 width=6)
	        Index Cond: (id = 2779670)

table 8 : explain DELETE FROM sbtest8 WHERE id=716246
	Delete on sbtest8  (cost=0.43..8.45 rows=0 width=0)
	  ->  Index Scan using sbtest8_pkey on sbtest8  (cost=0.43..8.45 rows=1 width=6)
	        Index Cond: (id = 716246)

for non_index_updates
table 1 : explain UPDATE sbtest1 SET c='foobar' WHERE id=3263841
	Update on sbtest1  (cost=0.43..8.45 rows=0 width=0)
	  ->  Index Scan using sbtest1_pkey on sbtest1  (cost=0.43..8.45 rows=1 width=490)
	        Index Cond: (id = 3263841)

table 2 : explain UPDATE sbtest2 SET c='foobar' WHERE id=6152487
	Update on sbtest2  (cost=0.43..8.45 rows=0 width=0)
	  ->  Index Scan using sbtest2_pkey on sbtest2  (cost=0.43..8.45 rows=1 width=490)
	        Index Cond: (id = 6152487)

table 3 : explain UPDATE sbtest3 SET c='foobar' WHERE id=6846950
	Update on sbtest3  (cost=0.43..8.45 rows=0 width=0)
	  ->  Index Scan using sbtest3_pkey on sbtest3  (cost=0.43..8.45 rows=1 width=490)
	        Index Cond: (id = 6846950)

table 4 : explain UPDATE sbtest4 SET c='foobar' WHERE id=1453686
	Update on sbtest4  (cost=0.43..8.45 rows=0 width=0)
	  ->  Index Scan using sbtest4_pkey on sbtest4  (cost=0.43..8.45 rows=1 width=490)
	        Index Cond: (id = 1453686)

table 5 : explain UPDATE sbtest5 SET c='foobar' WHERE id=5204363
	Update on sbtest5  (cost=0.43..8.45 rows=0 width=0)
	  ->  Index Scan using sbtest5_pkey on sbtest5  (cost=0.43..8.45 rows=1 width=490)
	        Index Cond: (id = 5204363)

table 6 : explain UPDATE sbtest6 SET c='foobar' WHERE id=5519454
	Update on sbtest6  (cost=0.43..8.45 rows=0 width=0)
	  ->  Index Scan using sbtest6_pkey on sbtest6  (cost=0.43..8.45 rows=1 width=490)
	        Index Cond: (id = 5519454)

table 7 : explain UPDATE sbtest7 SET c='foobar' WHERE id=9503017
	Update on sbtest7  (cost=0.43..8.45 rows=0 width=0)
	  ->  Index Scan using sbtest7_pkey on sbtest7  (cost=0.43..8.45 rows=1 width=490)
	        Index Cond: (id = 9503017)

table 8 : explain UPDATE sbtest8 SET c='foobar' WHERE id=1030156
	Update on sbtest8  (cost=0.43..8.45 rows=0 width=0)
	  ->  Index Scan using sbtest8_pkey on sbtest8  (cost=0.43..8.45 rows=1 width=490)
	        Index Cond: (id = 1030156)

explain: for deletes :: explain DELETE FROM sbtest%u WHERE id=%u
explain: for inserts :: explain INSERT INTO sbtest%u (id, k, c, pad) VALUES (%u, 13, 'foobar', 'foobar')
for inserts
table 1 : explain INSERT INTO sbtest1 (id, k, c, pad) VALUES (7906975, 13, 'foobar', 'foobar')
	Insert on sbtest1  (cost=0.00..0.01 rows=0 width=0)
	  ->  Result  (cost=0.00..0.01 rows=1 width=736)

table 2 : explain INSERT INTO sbtest2 (id, k, c, pad) VALUES (4625807, 13, 'foobar', 'foobar')
	Insert on sbtest2  (cost=0.00..0.01 rows=0 width=0)
	  ->  Result  (cost=0.00..0.01 rows=1 width=736)

table 3 : explain INSERT INTO sbtest3 (id, k, c, pad) VALUES (1823164, 13, 'foobar', 'foobar')
	Insert on sbtest3  (cost=0.00..0.01 rows=0 width=0)
	  ->  Result  (cost=0.00..0.01 rows=1 width=736)

table 4 : explain INSERT INTO sbtest4 (id, k, c, pad) VALUES (693771, 13, 'foobar', 'foobar')
	Insert on sbtest4  (cost=0.00..0.01 rows=0 width=0)
	  ->  Result  (cost=0.00..0.01 rows=1 width=736)

table 5 : explain INSERT INTO sbtest5 (id, k, c, pad) VALUES (1078652, 13, 'foobar', 'foobar')
	Insert on sbtest5  (cost=0.00..0.01 rows=0 width=0)
	  ->  Result  (cost=0.00..0.01 rows=1 width=736)

table 6 : explain INSERT INTO sbtest6 (id, k, c, pad) VALUES (8376927, 13, 'foobar', 'foobar')
	Insert on sbtest6  (cost=0.00..0.01 rows=0 width=0)
	  ->  Result  (cost=0.00..0.01 rows=1 width=736)

table 7 : explain INSERT INTO sbtest7 (id, k, c, pad) VALUES (8824950, 13, 'foobar', 'foobar')
	Insert on sbtest7  (cost=0.00..0.01 rows=0 width=0)
	  ->  Result  (cost=0.00..0.01 rows=1 width=736)

table 8 : explain INSERT INTO sbtest8 (id, k, c, pad) VALUES (4951589, 13, 'foobar', 'foobar')
	Insert on sbtest8  (cost=0.00..0.01 rows=0 width=0)
	  ->  Result  (cost=0.00..0.01 rows=1 width=736)

for: distinct_ranges
table 1 : explain SELECT DISTINCT c FROM sbtest1 WHERE id BETWEEN 7399257 AND 7399266 ORDER BY c
	Unique  (cost=41.16..41.21 rows=10 width=121)
	  ->  Sort  (cost=41.16..41.19 rows=10 width=121)
	        Sort Key: c
	        ->  Index Scan using sbtest1_pkey on sbtest1  (cost=0.43..41.00 rows=10 width=121)
	              Index Cond: ((id >= 7399257) AND (id <= 7399266))

table 2 : explain SELECT DISTINCT c FROM sbtest2 WHERE id BETWEEN 9343949 AND 9343958 ORDER BY c
	Unique  (cost=41.11..41.16 rows=10 width=121)
	  ->  Sort  (cost=41.11..41.13 rows=10 width=121)
	        Sort Key: c
	        ->  Index Scan using sbtest2_pkey on sbtest2  (cost=0.43..40.94 rows=10 width=121)
	              Index Cond: ((id >= 9343949) AND (id <= 9343958))

table 3 : explain SELECT DISTINCT c FROM sbtest3 WHERE id BETWEEN 1926853 AND 1926862 ORDER BY c
	Unique  (cost=40.71..40.76 rows=10 width=121)
	  ->  Sort  (cost=40.71..40.74 rows=10 width=121)
	        Sort Key: c
	        ->  Index Scan using sbtest3_pkey on sbtest3  (cost=0.43..40.55 rows=10 width=121)
	              Index Cond: ((id >= 1926853) AND (id <= 1926862))

table 4 : explain SELECT DISTINCT c FROM sbtest4 WHERE id BETWEEN 3406425 AND 3406434 ORDER BY c
	Unique  (cost=40.77..40.82 rows=10 width=121)
	  ->  Sort  (cost=40.77..40.79 rows=10 width=121)
	        Sort Key: c
	        ->  Index Scan using sbtest4_pkey on sbtest4  (cost=0.43..40.60 rows=10 width=121)
	              Index Cond: ((id >= 3406425) AND (id <= 3406434))

table 5 : explain SELECT DISTINCT c FROM sbtest5 WHERE id BETWEEN 3291901 AND 3291910 ORDER BY c
	Unique  (cost=37.18..37.22 rows=9 width=121)
	  ->  Sort  (cost=37.18..37.20 rows=9 width=121)
	        Sort Key: c
	        ->  Index Scan using sbtest5_pkey on sbtest5  (cost=0.43..37.04 rows=9 width=121)
	              Index Cond: ((id >= 3291901) AND (id <= 3291910))

table 6 : explain SELECT DISTINCT c FROM sbtest6 WHERE id BETWEEN 145318 AND 145327 ORDER BY c
	Unique  (cost=40.80..40.85 rows=10 width=121)
	  ->  Sort  (cost=40.80..40.82 rows=10 width=121)
	        Sort Key: c
	        ->  Index Scan using sbtest6_pkey on sbtest6  (cost=0.43..40.63 rows=10 width=121)
	              Index Cond: ((id >= 145318) AND (id <= 145327))

table 7 : explain SELECT DISTINCT c FROM sbtest7 WHERE id BETWEEN 9857217 AND 9857226 ORDER BY c
	Unique  (cost=37.05..37.09 rows=9 width=121)
	  ->  Sort  (cost=37.05..37.07 rows=9 width=121)
	        Sort Key: c
	        ->  Index Scan using sbtest7_pkey on sbtest7  (cost=0.43..36.91 rows=9 width=121)
	              Index Cond: ((id >= 9857217) AND (id <= 9857226))

table 8 : explain SELECT DISTINCT c FROM sbtest8 WHERE id BETWEEN 6528688 AND 6528697 ORDER BY c
	Unique  (cost=41.14..41.19 rows=10 width=121)
	  ->  Sort  (cost=41.14..41.17 rows=10 width=121)
	        Sort Key: c
	        ->  Index Scan using sbtest8_pkey on sbtest8  (cost=0.43..40.98 rows=10 width=121)
	              Index Cond: ((id >= 6528688) AND (id <= 6528697))

for: distinct_ranges
table 1 : explain SELECT DISTINCT c FROM sbtest1 WHERE id BETWEEN 8674729 AND 8674738 ORDER BY c
	Unique  (cost=41.16..41.21 rows=10 width=121)
	  ->  Sort  (cost=41.16..41.19 rows=10 width=121)
	        Sort Key: c
	        ->  Index Scan using sbtest1_pkey on sbtest1  (cost=0.43..41.00 rows=10 width=121)
	              Index Cond: ((id >= 8674729) AND (id <= 8674738))

table 2 : explain SELECT DISTINCT c FROM sbtest2 WHERE id BETWEEN 5325190 AND 5325199 ORDER BY c
	Unique  (cost=41.11..41.16 rows=10 width=121)
	  ->  Sort  (cost=41.11..41.13 rows=10 width=121)
	        Sort Key: c
	        ->  Index Scan using sbtest2_pkey on sbtest2  (cost=0.43..40.94 rows=10 width=121)
	              Index Cond: ((id >= 5325190) AND (id <= 5325199))

table 3 : explain SELECT DISTINCT c FROM sbtest3 WHERE id BETWEEN 3580206 AND 3580215 ORDER BY c
	Unique  (cost=40.71..40.76 rows=10 width=121)
	  ->  Sort  (cost=40.71..40.74 rows=10 width=121)
	        Sort Key: c
	        ->  Index Scan using sbtest3_pkey on sbtest3  (cost=0.43..40.55 rows=10 width=121)
	              Index Cond: ((id >= 3580206) AND (id <= 3580215))

table 4 : explain SELECT DISTINCT c FROM sbtest4 WHERE id BETWEEN 1146958 AND 1146967 ORDER BY c
	Unique  (cost=44.37..44.42 rows=11 width=121)
	  ->  Sort  (cost=44.37..44.39 rows=11 width=121)
	        Sort Key: c
	        ->  Index Scan using sbtest4_pkey on sbtest4  (cost=0.43..44.18 rows=11 width=121)
	              Index Cond: ((id >= 1146958) AND (id <= 1146967))

table 5 : explain SELECT DISTINCT c FROM sbtest5 WHERE id BETWEEN 8660338 AND 8660347 ORDER BY c
	Unique  (cost=40.78..40.83 rows=10 width=121)
	  ->  Sort  (cost=40.78..40.80 rows=10 width=121)
	        Sort Key: c
	        ->  Index Scan using sbtest5_pkey on sbtest5  (cost=0.43..40.61 rows=10 width=121)
	              Index Cond: ((id >= 8660338) AND (id <= 8660347))

table 6 : explain SELECT DISTINCT c FROM sbtest6 WHERE id BETWEEN 7468430 AND 7468439 ORDER BY c
	Unique  (cost=37.20..37.24 rows=9 width=121)
	  ->  Sort  (cost=37.20..37.22 rows=9 width=121)
	        Sort Key: c
	        ->  Index Scan using sbtest6_pkey on sbtest6  (cost=0.43..37.06 rows=9 width=121)
	              Index Cond: ((id >= 7468430) AND (id <= 7468439))

table 7 : explain SELECT DISTINCT c FROM sbtest7 WHERE id BETWEEN 5304518 AND 5304527 ORDER BY c
	Unique  (cost=40.63..40.68 rows=10 width=121)
	  ->  Sort  (cost=40.63..40.65 rows=10 width=121)
	        Sort Key: c
	        ->  Index Scan using sbtest7_pkey on sbtest7  (cost=0.43..40.46 rows=10 width=121)
	              Index Cond: ((id >= 5304518) AND (id <= 5304527))

table 8 : explain SELECT DISTINCT c FROM sbtest8 WHERE id BETWEEN 1288327 AND 1288336 ORDER BY c
	Unique  (cost=44.78..44.84 rows=11 width=121)
	  ->  Sort  (cost=44.78..44.81 rows=11 width=121)
	        Sort Key: c
	        ->  Index Scan using sbtest8_pkey on sbtest8  (cost=0.43..44.59 rows=11 width=121)
	              Index Cond: ((id >= 1288327) AND (id <= 1288336))

for: simple_ranges
table 1 : explain SELECT c FROM sbtest1 WHERE id BETWEEN 2759318 AND 2759327
	Index Scan using sbtest1_pkey on sbtest1  (cost=0.43..37.38 rows=9 width=121)
	  Index Cond: ((id >= 2759318) AND (id <= 2759327))

table 2 : explain SELECT c FROM sbtest2 WHERE id BETWEEN 6422173 AND 6422182
	Index Scan using sbtest2_pkey on sbtest2  (cost=0.43..40.94 rows=10 width=121)
	  Index Cond: ((id >= 6422173) AND (id <= 6422182))

table 3 : explain SELECT c FROM sbtest3 WHERE id BETWEEN 7369569 AND 7369578
	Index Scan using sbtest3_pkey on sbtest3  (cost=0.43..44.11 rows=11 width=121)
	  Index Cond: ((id >= 7369569) AND (id <= 7369578))

table 4 : explain SELECT c FROM sbtest4 WHERE id BETWEEN 81250 AND 81259
	Index Scan using sbtest4_pkey on sbtest4  (cost=0.43..40.60 rows=10 width=121)
	  Index Cond: ((id >= 81250) AND (id <= 81259))

table 5 : explain SELECT c FROM sbtest5 WHERE id BETWEEN 4969732 AND 4969741
	Index Scan using sbtest5_pkey on sbtest5  (cost=0.43..40.61 rows=10 width=121)
	  Index Cond: ((id >= 4969732) AND (id <= 4969741))

table 6 : explain SELECT c FROM sbtest6 WHERE id BETWEEN 4723673 AND 4723682
	Index Scan using sbtest6_pkey on sbtest6  (cost=0.43..37.06 rows=9 width=121)
	  Index Cond: ((id >= 4723673) AND (id <= 4723682))

table 7 : explain SELECT c FROM sbtest7 WHERE id BETWEEN 4466824 AND 4466833
	Index Scan using sbtest7_pkey on sbtest7  (cost=0.43..36.91 rows=9 width=121)
	  Index Cond: ((id >= 4466824) AND (id <= 4466833))

table 8 : explain SELECT c FROM sbtest8 WHERE id BETWEEN 2131780 AND 2131789
	Index Scan using sbtest8_pkey on sbtest8  (cost=0.43..40.98 rows=10 width=121)
	  Index Cond: ((id >= 2131780) AND (id <= 2131789))

for point_selects
table 1 : explain SELECT c FROM sbtest1 WHERE id=9982697
	Index Scan using sbtest1_pkey on sbtest1  (cost=0.43..8.45 rows=1 width=121)
	  Index Cond: (id = 9982697)

table 2 : explain SELECT c FROM sbtest2 WHERE id=7158584
	Index Scan using sbtest2_pkey on sbtest2  (cost=0.43..8.45 rows=1 width=121)
	  Index Cond: (id = 7158584)

table 3 : explain SELECT c FROM sbtest3 WHERE id=6158068
	Index Scan using sbtest3_pkey on sbtest3  (cost=0.43..8.45 rows=1 width=121)
	  Index Cond: (id = 6158068)

table 4 : explain SELECT c FROM sbtest4 WHERE id=6002864
	Index Scan using sbtest4_pkey on sbtest4  (cost=0.43..8.45 rows=1 width=121)
	  Index Cond: (id = 6002864)

table 5 : explain SELECT c FROM sbtest5 WHERE id=5477783
	Index Scan using sbtest5_pkey on sbtest5  (cost=0.43..8.45 rows=1 width=121)
	  Index Cond: (id = 5477783)

table 6 : explain SELECT c FROM sbtest6 WHERE id=739901
	Index Scan using sbtest6_pkey on sbtest6  (cost=0.43..8.45 rows=1 width=121)
	  Index Cond: (id = 739901)

table 7 : explain SELECT c FROM sbtest7 WHERE id=5573672
	Index Scan using sbtest7_pkey on sbtest7  (cost=0.43..8.45 rows=1 width=121)
	  Index Cond: (id = 5573672)

table 8 : explain SELECT c FROM sbtest8 WHERE id=8526954
	Index Scan using sbtest8_pkey on sbtest8  (cost=0.43..8.45 rows=1 width=121)
	  Index Cond: (id = 8526954)

for: order_ranges
table 1 : explain SELECT c FROM sbtest1 WHERE id BETWEEN 2273162 AND 2273171 ORDER BY c
	Sort  (cost=41.16..41.19 rows=10 width=121)
	  Sort Key: c
	  ->  Index Scan using sbtest1_pkey on sbtest1  (cost=0.43..41.00 rows=10 width=121)
	        Index Cond: ((id >= 2273162) AND (id <= 2273171))

table 2 : explain SELECT c FROM sbtest2 WHERE id BETWEEN 9069762 AND 9069771 ORDER BY c
	Sort  (cost=41.11..41.13 rows=10 width=121)
	  Sort Key: c
	  ->  Index Scan using sbtest2_pkey on sbtest2  (cost=0.43..40.94 rows=10 width=121)
	        Index Cond: ((id >= 9069762) AND (id <= 9069771))

table 3 : explain SELECT c FROM sbtest3 WHERE id BETWEEN 6936160 AND 6936169 ORDER BY c
	Sort  (cost=40.71..40.74 rows=10 width=121)
	  Sort Key: c
	  ->  Index Scan using sbtest3_pkey on sbtest3  (cost=0.43..40.55 rows=10 width=121)
	        Index Cond: ((id >= 6936160) AND (id <= 6936169))

table 4 : explain SELECT c FROM sbtest4 WHERE id BETWEEN 3268196 AND 3268205 ORDER BY c
	Sort  (cost=40.77..40.79 rows=10 width=121)
	  Sort Key: c
	  ->  Index Scan using sbtest4_pkey on sbtest4  (cost=0.43..40.60 rows=10 width=121)
	        Index Cond: ((id >= 3268196) AND (id <= 3268205))

table 5 : explain SELECT c FROM sbtest5 WHERE id BETWEEN 84433 AND 84442 ORDER BY c
	Sort  (cost=40.78..40.80 rows=10 width=121)
	  Sort Key: c
	  ->  Index Scan using sbtest5_pkey on sbtest5  (cost=0.43..40.61 rows=10 width=121)
	        Index Cond: ((id >= 84433) AND (id <= 84442))

table 6 : explain SELECT c FROM sbtest6 WHERE id BETWEEN 6779023 AND 6779032 ORDER BY c
	Sort  (cost=37.20..37.22 rows=9 width=121)
	  Sort Key: c
	  ->  Index Scan using sbtest6_pkey on sbtest6  (cost=0.43..37.06 rows=9 width=121)
	        Index Cond: ((id >= 6779023) AND (id <= 6779032))

table 7 : explain SELECT c FROM sbtest7 WHERE id BETWEEN 3845410 AND 3845419 ORDER BY c
	Sort  (cost=44.21..44.24 rows=11 width=121)
	  Sort Key: c
	  ->  Index Scan using sbtest7_pkey on sbtest7  (cost=0.43..44.02 rows=11 width=121)
	        Index Cond: ((id >= 3845410) AND (id <= 3845419))

table 8 : explain SELECT c FROM sbtest8 WHERE id BETWEEN 9335691 AND 9335700 ORDER BY c
	Sort  (cost=41.14..41.17 rows=10 width=121)
	  Sort Key: c
	  ->  Index Scan using sbtest8_pkey on sbtest8  (cost=0.43..40.98 rows=10 width=121)
	        Index Cond: ((id >= 9335691) AND (id <= 9335700))

for point_selects
table 1 : explain SELECT c FROM sbtest1 WHERE id=6224095
	Index Scan using sbtest1_pkey on sbtest1  (cost=0.43..8.45 rows=1 width=121)
	  Index Cond: (id = 6224095)

table 2 : explain SELECT c FROM sbtest2 WHERE id=6456166
	Index Scan using sbtest2_pkey on sbtest2  (cost=0.43..8.45 rows=1 width=121)
	  Index Cond: (id = 6456166)

table 3 : explain SELECT c FROM sbtest3 WHERE id=1620887
	Index Scan using sbtest3_pkey on sbtest3  (cost=0.43..8.45 rows=1 width=121)
	  Index Cond: (id = 1620887)

table 4 : explain SELECT c FROM sbtest4 WHERE id=2380634
	Index Scan using sbtest4_pkey on sbtest4  (cost=0.43..8.45 rows=1 width=121)
	  Index Cond: (id = 2380634)

table 5 : explain SELECT c FROM sbtest5 WHERE id=7944755
	Index Scan using sbtest5_pkey on sbtest5  (cost=0.43..8.45 rows=1 width=121)
	  Index Cond: (id = 7944755)

table 6 : explain SELECT c FROM sbtest6 WHERE id=5116397
	Index Scan using sbtest6_pkey on sbtest6  (cost=0.43..8.45 rows=1 width=121)
	  Index Cond: (id = 5116397)

table 7 : explain SELECT c FROM sbtest7 WHERE id=1145845
	Index Scan using sbtest7_pkey on sbtest7  (cost=0.43..8.45 rows=1 width=121)
	  Index Cond: (id = 1145845)

table 8 : explain SELECT c FROM sbtest8 WHERE id=6474922
	Index Scan using sbtest8_pkey on sbtest8  (cost=0.43..8.45 rows=1 width=121)
	  Index Cond: (id = 6474922)

explain: for index_updates :: explain UPDATE sbtest%u SET k=k+1 WHERE id=%u
explain: for index_updates :: explain UPDATE sbtest%u SET k=k+1 WHERE id=%u
for point_selects
table 1 : explain SELECT c FROM sbtest1 WHERE id=7289340
	Index Scan using sbtest1_pkey on sbtest1  (cost=0.43..8.45 rows=1 width=121)
	  Index Cond: (id = 7289340)

table 2 : explain SELECT c FROM sbtest2 WHERE id=2874692
	Index Scan using sbtest2_pkey on sbtest2  (cost=0.43..8.45 rows=1 width=121)
	  Index Cond: (id = 2874692)

table 3 : explain SELECT c FROM sbtest3 WHERE id=6658003
	Index Scan using sbtest3_pkey on sbtest3  (cost=0.43..8.45 rows=1 width=121)
	  Index Cond: (id = 6658003)

table 4 : explain SELECT c FROM sbtest4 WHERE id=7610096
	Index Scan using sbtest4_pkey on sbtest4  (cost=0.43..8.45 rows=1 width=121)
	  Index Cond: (id = 7610096)

table 5 : explain SELECT c FROM sbtest5 WHERE id=443222
	Index Scan using sbtest5_pkey on sbtest5  (cost=0.43..8.45 rows=1 width=121)
	  Index Cond: (id = 443222)

table 6 : explain SELECT c FROM sbtest6 WHERE id=8121685
	Index Scan using sbtest6_pkey on sbtest6  (cost=0.43..8.45 rows=1 width=121)
	  Index Cond: (id = 8121685)

table 7 : explain SELECT c FROM sbtest7 WHERE id=609078
	Index Scan using sbtest7_pkey on sbtest7  (cost=0.43..8.45 rows=1 width=121)
	  Index Cond: (id = 609078)

table 8 : explain SELECT c FROM sbtest8 WHERE id=2049316
	Index Scan using sbtest8_pkey on sbtest8  (cost=0.43..8.45 rows=1 width=121)
	  Index Cond: (id = 2049316)

for deletes
table 1 : explain DELETE FROM sbtest1 WHERE id=28070
	Delete on sbtest1  (cost=0.43..8.45 rows=0 width=0)
	  ->  Index Scan using sbtest1_pkey on sbtest1  (cost=0.43..8.45 rows=1 width=6)
	        Index Cond: (id = 28070)

table 2 : explain DELETE FROM sbtest2 WHERE id=892813
	Delete on sbtest2  (cost=0.43..8.45 rows=0 width=0)
	  ->  Index Scan using sbtest2_pkey on sbtest2  (cost=0.43..8.45 rows=1 width=6)
	        Index Cond: (id = 892813)

table 3 : explain DELETE FROM sbtest3 WHERE id=2749942
	Delete on sbtest3  (cost=0.43..8.45 rows=0 width=0)
	  ->  Index Scan using sbtest3_pkey on sbtest3  (cost=0.43..8.45 rows=1 width=6)
	        Index Cond: (id = 2749942)

table 4 : explain DELETE FROM sbtest4 WHERE id=3997928
	Delete on sbtest4  (cost=0.43..8.45 rows=0 width=0)
	  ->  Index Scan using sbtest4_pkey on sbtest4  (cost=0.43..8.45 rows=1 width=6)
	        Index Cond: (id = 3997928)

table 5 : explain DELETE FROM sbtest5 WHERE id=677200
	Delete on sbtest5  (cost=0.43..8.45 rows=0 width=0)
	  ->  Index Scan using sbtest5_pkey on sbtest5  (cost=0.43..8.45 rows=1 width=6)
	        Index Cond: (id = 677200)

table 6 : explain DELETE FROM sbtest6 WHERE id=1341967
	Delete on sbtest6  (cost=0.43..8.45 rows=0 width=0)
	  ->  Index Scan using sbtest6_pkey on sbtest6  (cost=0.43..8.45 rows=1 width=6)
	        Index Cond: (id = 1341967)

table 7 : explain DELETE FROM sbtest7 WHERE id=4087299
	Delete on sbtest7  (cost=0.43..8.45 rows=0 width=0)
	  ->  Index Scan using sbtest7_pkey on sbtest7  (cost=0.43..8.45 rows=1 width=6)
	        Index Cond: (id = 4087299)

table 8 : explain DELETE FROM sbtest8 WHERE id=6840219
	Delete on sbtest8  (cost=0.43..8.45 rows=0 width=0)
	  ->  Index Scan using sbtest8_pkey on sbtest8  (cost=0.43..8.45 rows=1 width=6)
	        Index Cond: (id = 6840219)

for index_updates
table 1 : explain UPDATE sbtest1 SET k=k+1 WHERE id=7550070
	Update on sbtest1  (cost=0.43..8.46 rows=0 width=0)
	  ->  Index Scan using sbtest1_pkey on sbtest1  (cost=0.43..8.46 rows=1 width=10)
	        Index Cond: (id = 7550070)

table 2 : explain UPDATE sbtest2 SET k=k+1 WHERE id=6790322
	Update on sbtest2  (cost=0.43..8.46 rows=0 width=0)
	  ->  Index Scan using sbtest2_pkey on sbtest2  (cost=0.43..8.46 rows=1 width=10)
	        Index Cond: (id = 6790322)

table 3 : explain UPDATE sbtest3 SET k=k+1 WHERE id=3686219
	Update on sbtest3  (cost=0.43..8.46 rows=0 width=0)
	  ->  Index Scan using sbtest3_pkey on sbtest3  (cost=0.43..8.46 rows=1 width=10)
	        Index Cond: (id = 3686219)

table 4 : explain UPDATE sbtest4 SET k=k+1 WHERE id=7036432
	Update on sbtest4  (cost=0.43..8.46 rows=0 width=0)
	  ->  Index Scan using sbtest4_pkey on sbtest4  (cost=0.43..8.46 rows=1 width=10)
	        Index Cond: (id = 7036432)

table 5 : explain UPDATE sbtest5 SET k=k+1 WHERE id=8084340
	Update on sbtest5  (cost=0.43..8.46 rows=0 width=0)
	  ->  Index Scan using sbtest5_pkey on sbtest5  (cost=0.43..8.46 rows=1 width=10)
	        Index Cond: (id = 8084340)

table 6 : explain UPDATE sbtest6 SET k=k+1 WHERE id=343135
	Update on sbtest6  (cost=0.43..8.46 rows=0 width=0)
	  ->  Index Scan using sbtest6_pkey on sbtest6  (cost=0.43..8.46 rows=1 width=10)
	        Index Cond: (id = 343135)

table 7 : explain UPDATE sbtest7 SET k=k+1 WHERE id=497297
	Update on sbtest7  (cost=0.43..8.46 rows=0 width=0)
	  ->  Index Scan using sbtest7_pkey on sbtest7  (cost=0.43..8.46 rows=1 width=10)
	        Index Cond: (id = 497297)

table 8 : explain UPDATE sbtest8 SET k=k+1 WHERE id=6560847
	Update on sbtest8  (cost=0.43..8.46 rows=0 width=0)
	  ->  Index Scan using sbtest8_pkey on sbtest8  (cost=0.43..8.46 rows=1 width=10)
	        Index Cond: (id = 6560847)

for index_updates
table 1 : explain UPDATE sbtest1 SET k=k+1 WHERE id=6035053
	Update on sbtest1  (cost=0.43..8.46 rows=0 width=0)
	  ->  Index Scan using sbtest1_pkey on sbtest1  (cost=0.43..8.46 rows=1 width=10)
	        Index Cond: (id = 6035053)

table 2 : explain UPDATE sbtest2 SET k=k+1 WHERE id=2953536
	Update on sbtest2  (cost=0.43..8.46 rows=0 width=0)
	  ->  Index Scan using sbtest2_pkey on sbtest2  (cost=0.43..8.46 rows=1 width=10)
	        Index Cond: (id = 2953536)

table 3 : explain UPDATE sbtest3 SET k=k+1 WHERE id=4312425
	Update on sbtest3  (cost=0.43..8.46 rows=0 width=0)
	  ->  Index Scan using sbtest3_pkey on sbtest3  (cost=0.43..8.46 rows=1 width=10)
	        Index Cond: (id = 4312425)

table 4 : explain UPDATE sbtest4 SET k=k+1 WHERE id=3562950
	Update on sbtest4  (cost=0.43..8.46 rows=0 width=0)
	  ->  Index Scan using sbtest4_pkey on sbtest4  (cost=0.43..8.46 rows=1 width=10)
	        Index Cond: (id = 3562950)

table 5 : explain UPDATE sbtest5 SET k=k+1 WHERE id=6684830
	Update on sbtest5  (cost=0.43..8.46 rows=0 width=0)
	  ->  Index Scan using sbtest5_pkey on sbtest5  (cost=0.43..8.46 rows=1 width=10)
	        Index Cond: (id = 6684830)

table 6 : explain UPDATE sbtest6 SET k=k+1 WHERE id=1187806
	Update on sbtest6  (cost=0.43..8.46 rows=0 width=0)
	  ->  Index Scan using sbtest6_pkey on sbtest6  (cost=0.43..8.46 rows=1 width=10)
	        Index Cond: (id = 1187806)

table 7 : explain UPDATE sbtest7 SET k=k+1 WHERE id=7087936
	Update on sbtest7  (cost=0.43..8.46 rows=0 width=0)
	  ->  Index Scan using sbtest7_pkey on sbtest7  (cost=0.43..8.46 rows=1 width=10)
	        Index Cond: (id = 7087936)

table 8 : explain UPDATE sbtest8 SET k=k+1 WHERE id=5695102
	Update on sbtest8  (cost=0.43..8.46 rows=0 width=0)
	  ->  Index Scan using sbtest8_pkey on sbtest8  (cost=0.43..8.46 rows=1 width=10)
	        Index Cond: (id = 5695102)

for: simple_ranges
table 1 : explain SELECT c FROM sbtest1 WHERE id BETWEEN 3720193 AND 3720202
	Index Scan using sbtest1_pkey on sbtest1  (cost=0.43..41.00 rows=10 width=121)
	  Index Cond: ((id >= 3720193) AND (id <= 3720202))

table 2 : explain SELECT c FROM sbtest2 WHERE id BETWEEN 8528002 AND 8528011
	Index Scan using sbtest2_pkey on sbtest2  (cost=0.43..37.33 rows=9 width=121)
	  Index Cond: ((id >= 8528002) AND (id <= 8528011))

table 3 : explain SELECT c FROM sbtest3 WHERE id BETWEEN 7534677 AND 7534686
	Index Scan using sbtest3_pkey on sbtest3  (cost=0.43..40.55 rows=10 width=121)
	  Index Cond: ((id >= 7534677) AND (id <= 7534686))

table 4 : explain SELECT c FROM sbtest4 WHERE id BETWEEN 3580469 AND 3580478
	Index Scan using sbtest4_pkey on sbtest4  (cost=0.43..44.18 rows=11 width=121)
	  Index Cond: ((id >= 3580469) AND (id <= 3580478))

table 5 : explain SELECT c FROM sbtest5 WHERE id BETWEEN 781932 AND 781941
	Index Scan using sbtest5_pkey on sbtest5  (cost=0.43..40.61 rows=10 width=121)
	  Index Cond: ((id >= 781932) AND (id <= 781941))

table 6 : explain SELECT c FROM sbtest6 WHERE id BETWEEN 592008 AND 592017
	Index Scan using sbtest6_pkey on sbtest6  (cost=0.43..44.21 rows=11 width=121)
	  Index Cond: ((id >= 592008) AND (id <= 592017))

table 7 : explain SELECT c FROM sbtest7 WHERE id BETWEEN 3757236 AND 3757245
	Index Scan using sbtest7_pkey on sbtest7  (cost=0.43..40.46 rows=10 width=121)
	  Index Cond: ((id >= 3757236) AND (id <= 3757245))

table 8 : explain SELECT c FROM sbtest8 WHERE id BETWEEN 4236877 AND 4236886
	Index Scan using sbtest8_pkey on sbtest8  (cost=0.43..40.98 rows=10 width=121)
	  Index Cond: ((id >= 4236877) AND (id <= 4236886))

explain: for inserts :: explain INSERT INTO sbtest%u (id, k, c, pad) VALUES (%u, 13, 'foobar', 'foobar')
explain: for non_index_updates :: explain UPDATE sbtest%u SET c='foobar' WHERE id=%u
for: sum_ranges
table 1 : explain SELECT SUM(k) FROM sbtest1 WHERE id BETWEEN 3700484 AND 3700493
	Aggregate  (cost=41.02..41.03 rows=1 width=8)
	  ->  Index Scan using sbtest1_pkey on sbtest1  (cost=0.43..41.00 rows=10 width=4)
	        Index Cond: ((id >= 3700484) AND (id <= 3700493))

table 2 : explain SELECT SUM(k) FROM sbtest2 WHERE id BETWEEN 6822633 AND 6822642
	Aggregate  (cost=40.97..40.98 rows=1 width=8)
	  ->  Index Scan using sbtest2_pkey on sbtest2  (cost=0.43..40.94 rows=10 width=4)
	        Index Cond: ((id >= 6822633) AND (id <= 6822642))

table 3 : explain SELECT SUM(k) FROM sbtest3 WHERE id BETWEEN 6612884 AND 6612893
	Aggregate  (cost=44.14..44.15 rows=1 width=8)
	  ->  Index Scan using sbtest3_pkey on sbtest3  (cost=0.43..44.11 rows=11 width=4)
	        Index Cond: ((id >= 6612884) AND (id <= 6612893))

table 4 : explain SELECT SUM(k) FROM sbtest4 WHERE id BETWEEN 4397031 AND 4397040
	Aggregate  (cost=40.63..40.64 rows=1 width=8)
	  ->  Index Scan using sbtest4_pkey on sbtest4  (cost=0.43..40.60 rows=10 width=4)
	        Index Cond: ((id >= 4397031) AND (id <= 4397040))

table 5 : explain SELECT SUM(k) FROM sbtest5 WHERE id BETWEEN 4084501 AND 4084510
	Aggregate  (cost=44.21..44.22 rows=1 width=8)
	  ->  Index Scan using sbtest5_pkey on sbtest5  (cost=0.43..44.18 rows=11 width=4)
	        Index Cond: ((id >= 4084501) AND (id <= 4084510))

table 6 : explain SELECT SUM(k) FROM sbtest6 WHERE id BETWEEN 5654267 AND 5654276
	Aggregate  (cost=44.23..44.24 rows=1 width=8)
	  ->  Index Scan using sbtest6_pkey on sbtest6  (cost=0.43..44.21 rows=11 width=4)
	        Index Cond: ((id >= 5654267) AND (id <= 5654276))

table 7 : explain SELECT SUM(k) FROM sbtest7 WHERE id BETWEEN 1098768 AND 1098777
	Aggregate  (cost=40.49..40.50 rows=1 width=8)
	  ->  Index Scan using sbtest7_pkey on sbtest7  (cost=0.43..40.46 rows=10 width=4)
	        Index Cond: ((id >= 1098768) AND (id <= 1098777))

table 8 : explain SELECT SUM(k) FROM sbtest8 WHERE id BETWEEN 8999789 AND 8999798
	Aggregate  (cost=44.62..44.63 rows=1 width=8)
	  ->  Index Scan using sbtest8_pkey on sbtest8  (cost=0.43..44.59 rows=11 width=4)
	        Index Cond: ((id >= 8999789) AND (id <= 8999798))

for: simple_ranges
table 1 : explain SELECT c FROM sbtest1 WHERE id BETWEEN 5917987 AND 5917996
	Index Scan using sbtest1_pkey on sbtest1  (cost=0.43..44.61 rows=11 width=121)
	  Index Cond: ((id >= 5917987) AND (id <= 5917996))

table 2 : explain SELECT c FROM sbtest2 WHERE id BETWEEN 3684019 AND 3684028
	Index Scan using sbtest2_pkey on sbtest2  (cost=0.43..40.94 rows=10 width=121)
	  Index Cond: ((id >= 3684019) AND (id <= 3684028))

table 3 : explain SELECT c FROM sbtest3 WHERE id BETWEEN 2120543 AND 2120552
	Index Scan using sbtest3_pkey on sbtest3  (cost=0.43..44.11 rows=11 width=121)
	  Index Cond: ((id >= 2120543) AND (id <= 2120552))

table 4 : explain SELECT c FROM sbtest4 WHERE id BETWEEN 3889217 AND 3889226
	Index Scan using sbtest4_pkey on sbtest4  (cost=0.43..40.60 rows=10 width=121)
	  Index Cond: ((id >= 3889217) AND (id <= 3889226))

table 5 : explain SELECT c FROM sbtest5 WHERE id BETWEEN 3924241 AND 3924250
	Index Scan using sbtest5_pkey on sbtest5  (cost=0.43..40.61 rows=10 width=121)
	  Index Cond: ((id >= 3924241) AND (id <= 3924250))

table 6 : explain SELECT c FROM sbtest6 WHERE id BETWEEN 9615502 AND 9615511
	Index Scan using sbtest6_pkey on sbtest6  (cost=0.43..44.21 rows=11 width=121)
	  Index Cond: ((id >= 9615502) AND (id <= 9615511))

table 7 : explain SELECT c FROM sbtest7 WHERE id BETWEEN 2291936 AND 2291945
	Index Scan using sbtest7_pkey on sbtest7  (cost=0.43..40.46 rows=10 width=121)
	  Index Cond: ((id >= 2291936) AND (id <= 2291945))

table 8 : explain SELECT c FROM sbtest8 WHERE id BETWEEN 6131917 AND 6131926
	Index Scan using sbtest8_pkey on sbtest8  (cost=0.43..40.98 rows=10 width=121)
	  Index Cond: ((id >= 6131917) AND (id <= 6131926))

for: sum_ranges
table 1 : explain SELECT SUM(k) FROM sbtest1 WHERE id BETWEEN 2696831 AND 2696840
	Aggregate  (cost=41.02..41.03 rows=1 width=8)
	  ->  Index Scan using sbtest1_pkey on sbtest1  (cost=0.43..41.00 rows=10 width=4)
	        Index Cond: ((id >= 2696831) AND (id <= 2696840))

table 2 : explain SELECT SUM(k) FROM sbtest2 WHERE id BETWEEN 6751891 AND 6751900
	Aggregate  (cost=44.58..44.59 rows=1 width=8)
	  ->  Index Scan using sbtest2_pkey on sbtest2  (cost=0.43..44.55 rows=11 width=4)
	        Index Cond: ((id >= 6751891) AND (id <= 6751900))

table 3 : explain SELECT SUM(k) FROM sbtest3 WHERE id BETWEEN 6915443 AND 6915452
	Aggregate  (cost=40.57..40.58 rows=1 width=8)
	  ->  Index Scan using sbtest3_pkey on sbtest3  (cost=0.43..40.55 rows=10 width=4)
	        Index Cond: ((id >= 6915443) AND (id <= 6915452))

table 4 : explain SELECT SUM(k) FROM sbtest4 WHERE id BETWEEN 2901457 AND 2901466
	Aggregate  (cost=44.20..44.21 rows=1 width=8)
	  ->  Index Scan using sbtest4_pkey on sbtest4  (cost=0.43..44.18 rows=11 width=4)
	        Index Cond: ((id >= 2901457) AND (id <= 2901466))

table 5 : explain SELECT SUM(k) FROM sbtest5 WHERE id BETWEEN 6362105 AND 6362114
	Aggregate  (cost=40.63..40.64 rows=1 width=8)
	  ->  Index Scan using sbtest5_pkey on sbtest5  (cost=0.43..40.61 rows=10 width=4)
	        Index Cond: ((id >= 6362105) AND (id <= 6362114))

table 6 : explain SELECT SUM(k) FROM sbtest6 WHERE id BETWEEN 7441441 AND 7441450
	Aggregate  (cost=37.08..37.09 rows=1 width=8)
	  ->  Index Scan using sbtest6_pkey on sbtest6  (cost=0.43..37.06 rows=9 width=4)
	        Index Cond: ((id >= 7441441) AND (id <= 7441450))

table 7 : explain SELECT SUM(k) FROM sbtest7 WHERE id BETWEEN 5766222 AND 5766231
	Aggregate  (cost=40.49..40.50 rows=1 width=8)
	  ->  Index Scan using sbtest7_pkey on sbtest7  (cost=0.43..40.46 rows=10 width=4)
	        Index Cond: ((id >= 5766222) AND (id <= 5766231))

table 8 : explain SELECT SUM(k) FROM sbtest8 WHERE id BETWEEN 1712097 AND 1712106
	Aggregate  (cost=41.00..41.01 rows=1 width=8)
	  ->  Index Scan using sbtest8_pkey on sbtest8  (cost=0.43..40.98 rows=10 width=4)
	        Index Cond: ((id >= 1712097) AND (id <= 1712106))

for inserts
table 1 : explain INSERT INTO sbtest1 (id, k, c, pad) VALUES (9321782, 13, 'foobar', 'foobar')
	Insert on sbtest1  (cost=0.00..0.01 rows=0 width=0)
	  ->  Result  (cost=0.00..0.01 rows=1 width=736)

table 2 : explain INSERT INTO sbtest2 (id, k, c, pad) VALUES (4579521, 13, 'foobar', 'foobar')
	Insert on sbtest2  (cost=0.00..0.01 rows=0 width=0)
	  ->  Result  (cost=0.00..0.01 rows=1 width=736)

table 3 : explain INSERT INTO sbtest3 (id, k, c, pad) VALUES (5265426, 13, 'foobar', 'foobar')
	Insert on sbtest3  (cost=0.00..0.01 rows=0 width=0)
	  ->  Result  (cost=0.00..0.01 rows=1 width=736)

table 4 : explain INSERT INTO sbtest4 (id, k, c, pad) VALUES (5587431, 13, 'foobar', 'foobar')
	Insert on sbtest4  (cost=0.00..0.01 rows=0 width=0)
	  ->  Result  (cost=0.00..0.01 rows=1 width=736)

table 5 : explain INSERT INTO sbtest5 (id, k, c, pad) VALUES (5469962, 13, 'foobar', 'foobar')
	Insert on sbtest5  (cost=0.00..0.01 rows=0 width=0)
	  ->  Result  (cost=0.00..0.01 rows=1 width=736)

table 6 : explain INSERT INTO sbtest6 (id, k, c, pad) VALUES (4767505, 13, 'foobar', 'foobar')
	Insert on sbtest6  (cost=0.00..0.01 rows=0 width=0)
	  ->  Result  (cost=0.00..0.01 rows=1 width=736)

table 7 : explain INSERT INTO sbtest7 (id, k, c, pad) VALUES (32292, 13, 'foobar', 'foobar')
	Insert on sbtest7  (cost=0.00..0.01 rows=0 width=0)
	  ->  Result  (cost=0.00..0.01 rows=1 width=736)

table 8 : explain INSERT INTO sbtest8 (id, k, c, pad) VALUES (4374664, 13, 'foobar', 'foobar')
	Insert on sbtest8  (cost=0.00..0.01 rows=0 width=0)
	  ->  Result  (cost=0.00..0.01 rows=1 width=736)

for non_index_updates
table 1 : explain UPDATE sbtest1 SET c='foobar' WHERE id=9673458
	Update on sbtest1  (cost=0.43..8.45 rows=0 width=0)
	  ->  Index Scan using sbtest1_pkey on sbtest1  (cost=0.43..8.45 rows=1 width=490)
	        Index Cond: (id = 9673458)

table 2 : explain UPDATE sbtest2 SET c='foobar' WHERE id=6523987
	Update on sbtest2  (cost=0.43..8.45 rows=0 width=0)
	  ->  Index Scan using sbtest2_pkey on sbtest2  (cost=0.43..8.45 rows=1 width=490)
	        Index Cond: (id = 6523987)

table 3 : explain UPDATE sbtest3 SET c='foobar' WHERE id=1788438
	Update on sbtest3  (cost=0.43..8.45 rows=0 width=0)
	  ->  Index Scan using sbtest3_pkey on sbtest3  (cost=0.43..8.45 rows=1 width=490)
	        Index Cond: (id = 1788438)

table 4 : explain UPDATE sbtest4 SET c='foobar' WHERE id=4060464
	Update on sbtest4  (cost=0.43..8.45 rows=0 width=0)
	  ->  Index Scan using sbtest4_pkey on sbtest4  (cost=0.43..8.45 rows=1 width=490)
	        Index Cond: (id = 4060464)

table 5 : explain UPDATE sbtest5 SET c='foobar' WHERE id=1955942
	Update on sbtest5  (cost=0.43..8.45 rows=0 width=0)
	  ->  Index Scan using sbtest5_pkey on sbtest5  (cost=0.43..8.45 rows=1 width=490)
	        Index Cond: (id = 1955942)

table 6 : explain UPDATE sbtest6 SET c='foobar' WHERE id=3791009
	Update on sbtest6  (cost=0.43..8.45 rows=0 width=0)
	  ->  Index Scan using sbtest6_pkey on sbtest6  (cost=0.43..8.45 rows=1 width=490)
	        Index Cond: (id = 3791009)

table 7 : explain UPDATE sbtest7 SET c='foobar' WHERE id=7994217
	Update on sbtest7  (cost=0.43..8.45 rows=0 width=0)
	  ->  Index Scan using sbtest7_pkey on sbtest7  (cost=0.43..8.45 rows=1 width=490)
	        Index Cond: (id = 7994217)

table 8 : explain UPDATE sbtest8 SET c='foobar' WHERE id=7290796
	Update on sbtest8  (cost=0.43..8.45 rows=0 width=0)
	  ->  Index Scan using sbtest8_pkey on sbtest8  (cost=0.43..8.45 rows=1 width=490)
	        Index Cond: (id = 7290796)

for: simple_ranges
table 1 : explain SELECT c FROM sbtest1 WHERE id BETWEEN 2038680 AND 2038689
	Index Scan using sbtest1_pkey on sbtest1  (cost=0.43..41.00 rows=10 width=121)
	  Index Cond: ((id >= 2038680) AND (id <= 2038689))

table 2 : explain SELECT c FROM sbtest2 WHERE id BETWEEN 5650623 AND 5650632
	Index Scan using sbtest2_pkey on sbtest2  (cost=0.43..40.94 rows=10 width=121)
	  Index Cond: ((id >= 5650623) AND (id <= 5650632))

table 3 : explain SELECT c FROM sbtest3 WHERE id BETWEEN 2517633 AND 2517642
	Index Scan using sbtest3_pkey on sbtest3  (cost=0.43..44.11 rows=11 width=121)
	  Index Cond: ((id >= 2517633) AND (id <= 2517642))

table 4 : explain SELECT c FROM sbtest4 WHERE id BETWEEN 370507 AND 370516
	Index Scan using sbtest4_pkey on sbtest4  (cost=0.43..40.60 rows=10 width=121)
	  Index Cond: ((id >= 370507) AND (id <= 370516))

table 5 : explain SELECT c FROM sbtest5 WHERE id BETWEEN 1882844 AND 1882853
	Index Scan using sbtest5_pkey on sbtest5  (cost=0.43..40.61 rows=10 width=121)
	  Index Cond: ((id >= 1882844) AND (id <= 1882853))

table 6 : explain SELECT c FROM sbtest6 WHERE id BETWEEN 3832181 AND 3832190
	Index Scan using sbtest6_pkey on sbtest6  (cost=0.43..37.06 rows=9 width=121)
	  Index Cond: ((id >= 3832181) AND (id <= 3832190))

table 7 : explain SELECT c FROM sbtest7 WHERE id BETWEEN 8982425 AND 8982434
	Index Scan using sbtest7_pkey on sbtest7  (cost=0.43..40.46 rows=10 width=121)
	  Index Cond: ((id >= 8982425) AND (id <= 8982434))

table 8 : explain SELECT c FROM sbtest8 WHERE id BETWEEN 4065852 AND 4065861
	Index Scan using sbtest8_pkey on sbtest8  (cost=0.43..44.59 rows=11 width=121)
	  Index Cond: ((id >= 4065852) AND (id <= 4065861))

for: sum_ranges
table 1 : explain SELECT SUM(k) FROM sbtest1 WHERE id BETWEEN 101544 AND 101553
	Aggregate  (cost=41.02..41.03 rows=1 width=8)
	  ->  Index Scan using sbtest1_pkey on sbtest1  (cost=0.43..41.00 rows=10 width=4)
	        Index Cond: ((id >= 101544) AND (id <= 101553))

table 2 : explain SELECT SUM(k) FROM sbtest2 WHERE id BETWEEN 9810182 AND 9810191
	Aggregate  (cost=40.97..40.98 rows=1 width=8)
	  ->  Index Scan using sbtest2_pkey on sbtest2  (cost=0.43..40.94 rows=10 width=4)
	        Index Cond: ((id >= 9810182) AND (id <= 9810191))

table 3 : explain SELECT SUM(k) FROM sbtest3 WHERE id BETWEEN 6406214 AND 6406223
	Aggregate  (cost=37.00..37.01 rows=1 width=8)
	  ->  Index Scan using sbtest3_pkey on sbtest3  (cost=0.43..36.98 rows=9 width=4)
	        Index Cond: ((id >= 6406214) AND (id <= 6406223))

table 4 : explain SELECT SUM(k) FROM sbtest4 WHERE id BETWEEN 9997045 AND 9997054
	Aggregate  (cost=40.63..40.64 rows=1 width=8)
	  ->  Index Scan using sbtest4_pkey on sbtest4  (cost=0.43..40.60 rows=10 width=4)
	        Index Cond: ((id >= 9997045) AND (id <= 9997054))

table 5 : explain SELECT SUM(k) FROM sbtest5 WHERE id BETWEEN 5711873 AND 5711882
	Aggregate  (cost=40.63..40.64 rows=1 width=8)
	  ->  Index Scan using sbtest5_pkey on sbtest5  (cost=0.43..40.61 rows=10 width=4)
	        Index Cond: ((id >= 5711873) AND (id <= 5711882))

table 6 : explain SELECT SUM(k) FROM sbtest6 WHERE id BETWEEN 1850152 AND 1850161
	Aggregate  (cost=37.08..37.09 rows=1 width=8)
	  ->  Index Scan using sbtest6_pkey on sbtest6  (cost=0.43..37.06 rows=9 width=4)
	        Index Cond: ((id >= 1850152) AND (id <= 1850161))

table 7 : explain SELECT SUM(k) FROM sbtest7 WHERE id BETWEEN 6931995 AND 6932004
	Aggregate  (cost=40.49..40.50 rows=1 width=8)
	  ->  Index Scan using sbtest7_pkey on sbtest7  (cost=0.43..40.46 rows=10 width=4)
	        Index Cond: ((id >= 6931995) AND (id <= 6932004))

table 8 : explain SELECT SUM(k) FROM sbtest8 WHERE id BETWEEN 7046271 AND 7046280
	Aggregate  (cost=41.00..41.01 rows=1 width=8)
	  ->  Index Scan using sbtest8_pkey on sbtest8  (cost=0.43..40.98 rows=10 width=4)
	        Index Cond: ((id >= 7046271) AND (id <= 7046280))

explain: for deletes :: explain DELETE FROM sbtest%u WHERE id=%u
for: sum_ranges
table 1 : explain SELECT SUM(k) FROM sbtest1 WHERE id BETWEEN 4820530 AND 4820539
	Aggregate  (cost=41.02..41.03 rows=1 width=8)
	  ->  Index Scan using sbtest1_pkey on sbtest1  (cost=0.43..41.00 rows=10 width=4)
	        Index Cond: ((id >= 4820530) AND (id <= 4820539))

table 2 : explain SELECT SUM(k) FROM sbtest2 WHERE id BETWEEN 1311434 AND 1311443
	Aggregate  (cost=40.97..40.98 rows=1 width=8)
	  ->  Index Scan using sbtest2_pkey on sbtest2  (cost=0.43..40.94 rows=10 width=4)
	        Index Cond: ((id >= 1311434) AND (id <= 1311443))

table 3 : explain SELECT SUM(k) FROM sbtest3 WHERE id BETWEEN 7278559 AND 7278568
	Aggregate  (cost=40.57..40.58 rows=1 width=8)
	  ->  Index Scan using sbtest3_pkey on sbtest3  (cost=0.43..40.55 rows=10 width=4)
	        Index Cond: ((id >= 7278559) AND (id <= 7278568))

table 4 : explain SELECT SUM(k) FROM sbtest4 WHERE id BETWEEN 9918468 AND 9918477
	Aggregate  (cost=40.63..40.64 rows=1 width=8)
	  ->  Index Scan using sbtest4_pkey on sbtest4  (cost=0.43..40.60 rows=10 width=4)
	        Index Cond: ((id >= 9918468) AND (id <= 9918477))

table 5 : explain SELECT SUM(k) FROM sbtest5 WHERE id BETWEEN 9379346 AND 9379355
	Aggregate  (cost=44.21..44.22 rows=1 width=8)
	  ->  Index Scan using sbtest5_pkey on sbtest5  (cost=0.43..44.18 rows=11 width=4)
	        Index Cond: ((id >= 9379346) AND (id <= 9379355))

table 6 : explain SELECT SUM(k) FROM sbtest6 WHERE id BETWEEN 4492774 AND 4492783
	Aggregate  (cost=40.66..40.67 rows=1 width=8)
	  ->  Index Scan using sbtest6_pkey on sbtest6  (cost=0.43..40.63 rows=10 width=4)
	        Index Cond: ((id >= 4492774) AND (id <= 4492783))

table 7 : explain SELECT SUM(k) FROM sbtest7 WHERE id BETWEEN 282395 AND 282404
	Aggregate  (cost=40.49..40.50 rows=1 width=8)
	  ->  Index Scan using sbtest7_pkey on sbtest7  (cost=0.43..40.46 rows=10 width=4)
	        Index Cond: ((id >= 282395) AND (id <= 282404))

table 8 : explain SELECT SUM(k) FROM sbtest8 WHERE id BETWEEN 9294765 AND 9294774
	Aggregate  (cost=41.00..41.01 rows=1 width=8)
	  ->  Index Scan using sbtest8_pkey on sbtest8  (cost=0.43..40.98 rows=10 width=4)
	        Index Cond: ((id >= 9294765) AND (id <= 9294774))

for: order_ranges
table 1 : explain SELECT c FROM sbtest1 WHERE id BETWEEN 966057 AND 966066 ORDER BY c
	Sort  (cost=41.16..41.19 rows=10 width=121)
	  Sort Key: c
	  ->  Index Scan using sbtest1_pkey on sbtest1  (cost=0.43..41.00 rows=10 width=121)
	        Index Cond: ((id >= 966057) AND (id <= 966066))

table 2 : explain SELECT c FROM sbtest2 WHERE id BETWEEN 2533144 AND 2533153 ORDER BY c
	Sort  (cost=41.11..41.13 rows=10 width=121)
	  Sort Key: c
	  ->  Index Scan using sbtest2_pkey on sbtest2  (cost=0.43..40.94 rows=10 width=121)
	        Index Cond: ((id >= 2533144) AND (id <= 2533153))

table 3 : explain SELECT c FROM sbtest3 WHERE id BETWEEN 6994916 AND 6994925 ORDER BY c
	Sort  (cost=40.71..40.74 rows=10 width=121)
	  Sort Key: c
	  ->  Index Scan using sbtest3_pkey on sbtest3  (cost=0.43..40.55 rows=10 width=121)
	        Index Cond: ((id >= 6994916) AND (id <= 6994925))

table 4 : explain SELECT c FROM sbtest4 WHERE id BETWEEN 4118520 AND 4118529 ORDER BY c
	Sort  (cost=40.77..40.79 rows=10 width=121)
	  Sort Key: c
	  ->  Index Scan using sbtest4_pkey on sbtest4  (cost=0.43..40.60 rows=10 width=121)
	        Index Cond: ((id >= 4118520) AND (id <= 4118529))

table 5 : explain SELECT c FROM sbtest5 WHERE id BETWEEN 3856642 AND 3856651 ORDER BY c
	Sort  (cost=37.18..37.20 rows=9 width=121)
	  Sort Key: c
	  ->  Index Scan using sbtest5_pkey on sbtest5  (cost=0.43..37.04 rows=9 width=121)
	        Index Cond: ((id >= 3856642) AND (id <= 3856651))

table 6 : explain SELECT c FROM sbtest6 WHERE id BETWEEN 695346 AND 695355 ORDER BY c
	Sort  (cost=44.40..44.43 rows=11 width=121)
	  Sort Key: c
	  ->  Index Scan using sbtest6_pkey on sbtest6  (cost=0.43..44.21 rows=11 width=121)
	        Index Cond: ((id >= 695346) AND (id <= 695355))

table 7 : explain SELECT c FROM sbtest7 WHERE id BETWEEN 7412457 AND 7412466 ORDER BY c
	Sort  (cost=40.63..40.65 rows=10 width=121)
	  Sort Key: c
	  ->  Index Scan using sbtest7_pkey on sbtest7  (cost=0.43..40.46 rows=10 width=121)
	        Index Cond: ((id >= 7412457) AND (id <= 7412466))

table 8 : explain SELECT c FROM sbtest8 WHERE id BETWEEN 2063177 AND 2063186 ORDER BY c
	Sort  (cost=41.14..41.17 rows=10 width=121)
	  Sort Key: c
	  ->  Index Scan using sbtest8_pkey on sbtest8  (cost=0.43..40.98 rows=10 width=121)
	        Index Cond: ((id >= 2063177) AND (id <= 2063186))

for deletes
table 1 : explain DELETE FROM sbtest1 WHERE id=6518666
	Delete on sbtest1  (cost=0.43..8.45 rows=0 width=0)
	  ->  Index Scan using sbtest1_pkey on sbtest1  (cost=0.43..8.45 rows=1 width=6)
	        Index Cond: (id = 6518666)

table 2 : explain DELETE FROM sbtest2 WHERE id=6001056
	Delete on sbtest2  (cost=0.43..8.45 rows=0 width=0)
	  ->  Index Scan using sbtest2_pkey on sbtest2  (cost=0.43..8.45 rows=1 width=6)
	        Index Cond: (id = 6001056)

table 3 : explain DELETE FROM sbtest3 WHERE id=3697193
	Delete on sbtest3  (cost=0.43..8.45 rows=0 width=0)
	  ->  Index Scan using sbtest3_pkey on sbtest3  (cost=0.43..8.45 rows=1 width=6)
	        Index Cond: (id = 3697193)

table 4 : explain DELETE FROM sbtest4 WHERE id=2949932
	Delete on sbtest4  (cost=0.43..8.45 rows=0 width=0)
	  ->  Index Scan using sbtest4_pkey on sbtest4  (cost=0.43..8.45 rows=1 width=6)
	        Index Cond: (id = 2949932)

table 5 : explain DELETE FROM sbtest5 WHERE id=3110738
	Delete on sbtest5  (cost=0.43..8.45 rows=0 width=0)
	  ->  Index Scan using sbtest5_pkey on sbtest5  (cost=0.43..8.45 rows=1 width=6)
	        Index Cond: (id = 3110738)

table 6 : explain DELETE FROM sbtest6 WHERE id=7196586
	Delete on sbtest6  (cost=0.43..8.45 rows=0 width=0)
	  ->  Index Scan using sbtest6_pkey on sbtest6  (cost=0.43..8.45 rows=1 width=6)
	        Index Cond: (id = 7196586)

table 7 : explain DELETE FROM sbtest7 WHERE id=6893665
	Delete on sbtest7  (cost=0.43..8.45 rows=0 width=0)
	  ->  Index Scan using sbtest7_pkey on sbtest7  (cost=0.43..8.45 rows=1 width=6)
	        Index Cond: (id = 6893665)

table 8 : explain DELETE FROM sbtest8 WHERE id=7452927
	Delete on sbtest8  (cost=0.43..8.45 rows=0 width=0)
	  ->  Index Scan using sbtest8_pkey on sbtest8  (cost=0.43..8.45 rows=1 width=6)
	        Index Cond: (id = 7452927)

for: order_ranges
table 1 : explain SELECT c FROM sbtest1 WHERE id BETWEEN 9159792 AND 9159801 ORDER BY c
	Sort  (cost=37.53..37.55 rows=9 width=121)
	  Sort Key: c
	  ->  Index Scan using sbtest1_pkey on sbtest1  (cost=0.43..37.38 rows=9 width=121)
	        Index Cond: ((id >= 9159792) AND (id <= 9159801))

table 2 : explain SELECT c FROM sbtest2 WHERE id BETWEEN 4561194 AND 4561203 ORDER BY c
	Sort  (cost=37.48..37.50 rows=9 width=121)
	  Sort Key: c
	  ->  Index Scan using sbtest2_pkey on sbtest2  (cost=0.43..37.33 rows=9 width=121)
	        Index Cond: ((id >= 4561194) AND (id <= 4561203))

table 3 : explain SELECT c FROM sbtest3 WHERE id BETWEEN 7152706 AND 7152715 ORDER BY c
	Sort  (cost=37.12..37.14 rows=9 width=121)
	  Sort Key: c
	  ->  Index Scan using sbtest3_pkey on sbtest3  (cost=0.43..36.98 rows=9 width=121)
	        Index Cond: ((id >= 7152706) AND (id <= 7152715))

table 4 : explain SELECT c FROM sbtest4 WHERE id BETWEEN 3150216 AND 3150225 ORDER BY c
	Sort  (cost=37.17..37.20 rows=9 width=121)
	  Sort Key: c
	  ->  Index Scan using sbtest4_pkey on sbtest4  (cost=0.43..37.03 rows=9 width=121)
	        Index Cond: ((id >= 3150216) AND (id <= 3150225))

table 5 : explain SELECT c FROM sbtest5 WHERE id BETWEEN 6726097 AND 6726106 ORDER BY c
	Sort  (cost=44.37..44.40 rows=11 width=121)
	  Sort Key: c
	  ->  Index Scan using sbtest5_pkey on sbtest5  (cost=0.43..44.18 rows=11 width=121)
	        Index Cond: ((id >= 6726097) AND (id <= 6726106))

table 6 : explain SELECT c FROM sbtest6 WHERE id BETWEEN 1637014 AND 1637023 ORDER BY c
	Sort  (cost=40.80..40.82 rows=10 width=121)
	  Sort Key: c
	  ->  Index Scan using sbtest6_pkey on sbtest6  (cost=0.43..40.63 rows=10 width=121)
	        Index Cond: ((id >= 1637014) AND (id <= 1637023))

table 7 : explain SELECT c FROM sbtest7 WHERE id BETWEEN 2963854 AND 2963863 ORDER BY c
	Sort  (cost=37.05..37.07 rows=9 width=121)
	  Sort Key: c
	  ->  Index Scan using sbtest7_pkey on sbtest7  (cost=0.43..36.91 rows=9 width=121)
	        Index Cond: ((id >= 2963854) AND (id <= 2963863))

table 8 : explain SELECT c FROM sbtest8 WHERE id BETWEEN 7207454 AND 7207463 ORDER BY c
	Sort  (cost=41.14..41.17 rows=10 width=121)
	  Sort Key: c
	  ->  Index Scan using sbtest8_pkey on sbtest8  (cost=0.43..40.98 rows=10 width=121)
	        Index Cond: ((id >= 7207454) AND (id <= 7207463))

for: order_ranges
table 1 : explain SELECT c FROM sbtest1 WHERE id BETWEEN 9255644 AND 9255653 ORDER BY c
	Sort  (cost=41.16..41.19 rows=10 width=121)
	  Sort Key: c
	  ->  Index Scan using sbtest1_pkey on sbtest1  (cost=0.43..41.00 rows=10 width=121)
	        Index Cond: ((id >= 9255644) AND (id <= 9255653))

table 2 : explain SELECT c FROM sbtest2 WHERE id BETWEEN 3261532 AND 3261541 ORDER BY c
	Sort  (cost=44.74..44.77 rows=11 width=121)
	  Sort Key: c
	  ->  Index Scan using sbtest2_pkey on sbtest2  (cost=0.43..44.55 rows=11 width=121)
	        Index Cond: ((id >= 3261532) AND (id <= 3261541))

table 3 : explain SELECT c FROM sbtest3 WHERE id BETWEEN 7397806 AND 7397815 ORDER BY c
	Sort  (cost=44.30..44.33 rows=11 width=121)
	  Sort Key: c
	  ->  Index Scan using sbtest3_pkey on sbtest3  (cost=0.43..44.11 rows=11 width=121)
	        Index Cond: ((id >= 7397806) AND (id <= 7397815))

table 4 : explain SELECT c FROM sbtest4 WHERE id BETWEEN 8091849 AND 8091858 ORDER BY c
	Sort  (cost=40.77..40.79 rows=10 width=121)
	  Sort Key: c
	  ->  Index Scan using sbtest4_pkey on sbtest4  (cost=0.43..40.60 rows=10 width=121)
	        Index Cond: ((id >= 8091849) AND (id <= 8091858))

table 5 : explain SELECT c FROM sbtest5 WHERE id BETWEEN 7648981 AND 7648990 ORDER BY c
	Sort  (cost=40.78..40.80 rows=10 width=121)
	  Sort Key: c
	  ->  Index Scan using sbtest5_pkey on sbtest5  (cost=0.43..40.61 rows=10 width=121)
	        Index Cond: ((id >= 7648981) AND (id <= 7648990))

table 6 : explain SELECT c FROM sbtest6 WHERE id BETWEEN 4980275 AND 4980284 ORDER BY c
	Sort  (cost=40.80..40.82 rows=10 width=121)
	  Sort Key: c
	  ->  Index Scan using sbtest6_pkey on sbtest6  (cost=0.43..40.63 rows=10 width=121)
	        Index Cond: ((id >= 4980275) AND (id <= 4980284))

table 7 : explain SELECT c FROM sbtest7 WHERE id BETWEEN 1940554 AND 1940563 ORDER BY c
	Sort  (cost=37.05..37.07 rows=9 width=121)
	  Sort Key: c
	  ->  Index Scan using sbtest7_pkey on sbtest7  (cost=0.43..36.91 rows=9 width=121)
	        Index Cond: ((id >= 1940554) AND (id <= 1940563))

table 8 : explain SELECT c FROM sbtest8 WHERE id BETWEEN 1877034 AND 1877043 ORDER BY c
	Sort  (cost=41.14..41.17 rows=10 width=121)
	  Sort Key: c
	  ->  Index Scan using sbtest8_pkey on sbtest8  (cost=0.43..40.98 rows=10 width=121)
	        Index Cond: ((id >= 1877034) AND (id <= 1877043))

explain: for point_selects :: explain SELECT c FROM sbtest%u WHERE id=%u
explain: for point_selects :: explain SELECT c FROM sbtest%u WHERE id=%u
for: order_ranges
table 1 : explain SELECT c FROM sbtest1 WHERE id BETWEEN 7430116 AND 7430125 ORDER BY c
	Sort  (cost=41.16..41.19 rows=10 width=121)
	  Sort Key: c
	  ->  Index Scan using sbtest1_pkey on sbtest1  (cost=0.43..41.00 rows=10 width=121)
	        Index Cond: ((id >= 7430116) AND (id <= 7430125))

table 2 : explain SELECT c FROM sbtest2 WHERE id BETWEEN 415686 AND 415695 ORDER BY c
	Sort  (cost=41.11..41.13 rows=10 width=121)
	  Sort Key: c
	  ->  Index Scan using sbtest2_pkey on sbtest2  (cost=0.43..40.94 rows=10 width=121)
	        Index Cond: ((id >= 415686) AND (id <= 415695))

table 3 : explain SELECT c FROM sbtest3 WHERE id BETWEEN 4064301 AND 4064310 ORDER BY c
	Sort  (cost=40.71..40.74 rows=10 width=121)
	  Sort Key: c
	  ->  Index Scan using sbtest3_pkey on sbtest3  (cost=0.43..40.55 rows=10 width=121)
	        Index Cond: ((id >= 4064301) AND (id <= 4064310))

table 4 : explain SELECT c FROM sbtest4 WHERE id BETWEEN 6374230 AND 6374239 ORDER BY c
	Sort  (cost=40.77..40.79 rows=10 width=121)
	  Sort Key: c
	  ->  Index Scan using sbtest4_pkey on sbtest4  (cost=0.43..40.60 rows=10 width=121)
	        Index Cond: ((id >= 6374230) AND (id <= 6374239))

table 5 : explain SELECT c FROM sbtest5 WHERE id BETWEEN 7124219 AND 7124228 ORDER BY c
	Sort  (cost=44.37..44.40 rows=11 width=121)
	  Sort Key: c
	  ->  Index Scan using sbtest5_pkey on sbtest5  (cost=0.43..44.18 rows=11 width=121)
	        Index Cond: ((id >= 7124219) AND (id <= 7124228))

table 6 : explain SELECT c FROM sbtest6 WHERE id BETWEEN 2595005 AND 2595014 ORDER BY c
	Sort  (cost=40.80..40.82 rows=10 width=121)
	  Sort Key: c
	  ->  Index Scan using sbtest6_pkey on sbtest6  (cost=0.43..40.63 rows=10 width=121)
	        Index Cond: ((id >= 2595005) AND (id <= 2595014))

table 7 : explain SELECT c FROM sbtest7 WHERE id BETWEEN 5748167 AND 5748176 ORDER BY c
	Sort  (cost=40.63..40.65 rows=10 width=121)
	  Sort Key: c
	  ->  Index Scan using sbtest7_pkey on sbtest7  (cost=0.43..40.46 rows=10 width=121)
	        Index Cond: ((id >= 5748167) AND (id <= 5748176))

table 8 : explain SELECT c FROM sbtest8 WHERE id BETWEEN 5728156 AND 5728165 ORDER BY c
	Sort  (cost=41.14..41.17 rows=10 width=121)
	  Sort Key: c
	  ->  Index Scan using sbtest8_pkey on sbtest8  (cost=0.43..40.98 rows=10 width=121)
	        Index Cond: ((id >= 5728156) AND (id <= 5728165))

explain: for inserts :: explain INSERT INTO sbtest%u (id, k, c, pad) VALUES (%u, 13, 'foobar', 'foobar')
explain: for point_selects :: explain SELECT c FROM sbtest%u WHERE id=%u
for: distinct_ranges
table 1 : explain SELECT DISTINCT c FROM sbtest1 WHERE id BETWEEN 1528387 AND 1528396 ORDER BY c
	Unique  (cost=44.80..44.86 rows=11 width=121)
	  ->  Sort  (cost=44.80..44.83 rows=11 width=121)
	        Sort Key: c
	        ->  Index Scan using sbtest1_pkey on sbtest1  (cost=0.43..44.61 rows=11 width=121)
	              Index Cond: ((id >= 1528387) AND (id <= 1528396))

table 2 : explain SELECT DISTINCT c FROM sbtest2 WHERE id BETWEEN 2323266 AND 2323275 ORDER BY c
	Unique  (cost=41.11..41.16 rows=10 width=121)
	  ->  Sort  (cost=41.11..41.13 rows=10 width=121)
	        Sort Key: c
	        ->  Index Scan using sbtest2_pkey on sbtest2  (cost=0.43..40.94 rows=10 width=121)
	              Index Cond: ((id >= 2323266) AND (id <= 2323275))

table 3 : explain SELECT DISTINCT c FROM sbtest3 WHERE id BETWEEN 1469193 AND 1469202 ORDER BY c
	Unique  (cost=40.71..40.76 rows=10 width=121)
	  ->  Sort  (cost=40.71..40.74 rows=10 width=121)
	        Sort Key: c
	        ->  Index Scan using sbtest3_pkey on sbtest3  (cost=0.43..40.55 rows=10 width=121)
	              Index Cond: ((id >= 1469193) AND (id <= 1469202))

table 4 : explain SELECT DISTINCT c FROM sbtest4 WHERE id BETWEEN 7132194 AND 7132203 ORDER BY c
	Unique  (cost=40.77..40.82 rows=10 width=121)
	  ->  Sort  (cost=40.77..40.79 rows=10 width=121)
	        Sort Key: c
	        ->  Index Scan using sbtest4_pkey on sbtest4  (cost=0.43..40.60 rows=10 width=121)
	              Index Cond: ((id >= 7132194) AND (id <= 7132203))

table 5 : explain SELECT DISTINCT c FROM sbtest5 WHERE id BETWEEN 6994655 AND 6994664 ORDER BY c
	Unique  (cost=40.78..40.83 rows=10 width=121)
	  ->  Sort  (cost=40.78..40.80 rows=10 width=121)
	        Sort Key: c
	        ->  Index Scan using sbtest5_pkey on sbtest5  (cost=0.43..40.61 rows=10 width=121)
	              Index Cond: ((id >= 6994655) AND (id <= 6994664))

table 6 : explain SELECT DISTINCT c FROM sbtest6 WHERE id BETWEEN 413513 AND 413522 ORDER BY c
	Unique  (cost=44.40..44.45 rows=11 width=121)
	  ->  Sort  (cost=44.40..44.43 rows=11 width=121)
	        Sort Key: c
	        ->  Index Scan using sbtest6_pkey on sbtest6  (cost=0.43..44.21 rows=11 width=121)
	              Index Cond: ((id >= 413513) AND (id <= 413522))

table 7 : explain SELECT DISTINCT c FROM sbtest7 WHERE id BETWEEN 9952442 AND 9952451 ORDER BY c
	Unique  (cost=40.63..40.68 rows=10 width=121)
	  ->  Sort  (cost=40.63..40.65 rows=10 width=121)
	        Sort Key: c
	        ->  Index Scan using sbtest7_pkey on sbtest7  (cost=0.43..40.46 rows=10 width=121)
	              Index Cond: ((id >= 9952442) AND (id <= 9952451))

table 8 : explain SELECT DISTINCT c FROM sbtest8 WHERE id BETWEEN 9877401 AND 9877410 ORDER BY c
	Unique  (cost=41.14..41.19 rows=10 width=121)
	  ->  Sort  (cost=41.14..41.17 rows=10 width=121)
	        Sort Key: c
	        ->  Index Scan using sbtest8_pkey on sbtest8  (cost=0.43..40.98 rows=10 width=121)
	              Index Cond: ((id >= 9877401) AND (id <= 9877410))

explain: for index_updates :: explain UPDATE sbtest%u SET k=k+1 WHERE id=%u
for: distinct_ranges
table 1 : explain SELECT DISTINCT c FROM sbtest1 WHERE id BETWEEN 6534194 AND 6534203 ORDER BY c
	Unique  (cost=44.80..44.86 rows=11 width=121)
	  ->  Sort  (cost=44.80..44.83 rows=11 width=121)
	        Sort Key: c
	        ->  Index Scan using sbtest1_pkey on sbtest1  (cost=0.43..44.61 rows=11 width=121)
	              Index Cond: ((id >= 6534194) AND (id <= 6534203))

table 2 : explain SELECT DISTINCT c FROM sbtest2 WHERE id BETWEEN 5187082 AND 5187091 ORDER BY c
	Unique  (cost=44.74..44.80 rows=11 width=121)
	  ->  Sort  (cost=44.74..44.77 rows=11 width=121)
	        Sort Key: c
	        ->  Index Scan using sbtest2_pkey on sbtest2  (cost=0.43..44.55 rows=11 width=121)
	              Index Cond: ((id >= 5187082) AND (id <= 5187091))

table 3 : explain SELECT DISTINCT c FROM sbtest3 WHERE id BETWEEN 5940618 AND 5940627 ORDER BY c
	Unique  (cost=44.30..44.36 rows=11 width=121)
	  ->  Sort  (cost=44.30..44.33 rows=11 width=121)
	        Sort Key: c
	        ->  Index Scan using sbtest3_pkey on sbtest3  (cost=0.43..44.11 rows=11 width=121)
	              Index Cond: ((id >= 5940618) AND (id <= 5940627))

table 4 : explain SELECT DISTINCT c FROM sbtest4 WHERE id BETWEEN 2357803 AND 2357812 ORDER BY c
	Unique  (cost=40.77..40.82 rows=10 width=121)
	  ->  Sort  (cost=40.77..40.79 rows=10 width=121)
	        Sort Key: c
	        ->  Index Scan using sbtest4_pkey on sbtest4  (cost=0.43..40.60 rows=10 width=121)
	              Index Cond: ((id >= 2357803) AND (id <= 2357812))

table 5 : explain SELECT DISTINCT c FROM sbtest5 WHERE id BETWEEN 5343969 AND 5343978 ORDER BY c
	Unique  (cost=37.18..37.22 rows=9 width=121)
	  ->  Sort  (cost=37.18..37.20 rows=9 width=121)
	        Sort Key: c
	        ->  Index Scan using sbtest5_pkey on sbtest5  (cost=0.43..37.04 rows=9 width=121)
	              Index Cond: ((id >= 5343969) AND (id <= 5343978))

table 6 : explain SELECT DISTINCT c FROM sbtest6 WHERE id BETWEEN 8853205 AND 8853214 ORDER BY c
	Unique  (cost=40.80..40.85 rows=10 width=121)
	  ->  Sort  (cost=40.80..40.82 rows=10 width=121)
	        Sort Key: c
	        ->  Index Scan using sbtest6_pkey on sbtest6  (cost=0.43..40.63 rows=10 width=121)
	              Index Cond: ((id >= 8853205) AND (id <= 8853214))

table 7 : explain SELECT DISTINCT c FROM sbtest7 WHERE id BETWEEN 1043508 AND 1043517 ORDER BY c
	Unique  (cost=40.63..40.68 rows=10 width=121)
	  ->  Sort  (cost=40.63..40.65 rows=10 width=121)
	        Sort Key: c
	        ->  Index Scan using sbtest7_pkey on sbtest7  (cost=0.43..40.46 rows=10 width=121)
	              Index Cond: ((id >= 1043508) AND (id <= 1043517))

table 8 : explain SELECT DISTINCT c FROM sbtest8 WHERE id BETWEEN 9993767 AND 9993776 ORDER BY c
	Unique  (cost=41.14..41.19 rows=10 width=121)
	  ->  Sort  (cost=41.14..41.17 rows=10 width=121)
	        Sort Key: c
	        ->  Index Scan using sbtest8_pkey on sbtest8  (cost=0.43..40.98 rows=10 width=121)
	              Index Cond: ((id >= 9993767) AND (id <= 9993776))

for inserts
table 1 : explain INSERT INTO sbtest1 (id, k, c, pad) VALUES (5824364, 13, 'foobar', 'foobar')
	Insert on sbtest1  (cost=0.00..0.01 rows=0 width=0)
	  ->  Result  (cost=0.00..0.01 rows=1 width=736)

table 2 : explain INSERT INTO sbtest2 (id, k, c, pad) VALUES (1961987, 13, 'foobar', 'foobar')
	Insert on sbtest2  (cost=0.00..0.01 rows=0 width=0)
	  ->  Result  (cost=0.00..0.01 rows=1 width=736)

table 3 : explain INSERT INTO sbtest3 (id, k, c, pad) VALUES (8137794, 13, 'foobar', 'foobar')
	Insert on sbtest3  (cost=0.00..0.01 rows=0 width=0)
	  ->  Result  (cost=0.00..0.01 rows=1 width=736)

table 4 : explain INSERT INTO sbtest4 (id, k, c, pad) VALUES (4035351, 13, 'foobar', 'foobar')
	Insert on sbtest4  (cost=0.00..0.01 rows=0 width=0)
	  ->  Result  (cost=0.00..0.01 rows=1 width=736)

table 5 : explain INSERT INTO sbtest5 (id, k, c, pad) VALUES (1324742, 13, 'foobar', 'foobar')
	Insert on sbtest5  (cost=0.00..0.01 rows=0 width=0)
	  ->  Result  (cost=0.00..0.01 rows=1 width=736)

table 6 : explain INSERT INTO sbtest6 (id, k, c, pad) VALUES (3455686, 13, 'foobar', 'foobar')
	Insert on sbtest6  (cost=0.00..0.01 rows=0 width=0)
	  ->  Result  (cost=0.00..0.01 rows=1 width=736)

table 7 : explain INSERT INTO sbtest7 (id, k, c, pad) VALUES (6215637, 13, 'foobar', 'foobar')
	Insert on sbtest7  (cost=0.00..0.01 rows=0 width=0)
	  ->  Result  (cost=0.00..0.01 rows=1 width=736)

table 8 : explain INSERT INTO sbtest8 (id, k, c, pad) VALUES (8354320, 13, 'foobar', 'foobar')
	Insert on sbtest8  (cost=0.00..0.01 rows=0 width=0)
	  ->  Result  (cost=0.00..0.01 rows=1 width=736)

for: sum_ranges
table 1 : explain SELECT SUM(k) FROM sbtest1 WHERE id BETWEEN 973172 AND 973181
	Aggregate  (cost=41.02..41.03 rows=1 width=8)
	  ->  Index Scan using sbtest1_pkey on sbtest1  (cost=0.43..41.00 rows=10 width=4)
	        Index Cond: ((id >= 973172) AND (id <= 973181))

table 2 : explain SELECT SUM(k) FROM sbtest2 WHERE id BETWEEN 9592716 AND 9592725
	Aggregate  (cost=40.97..40.98 rows=1 width=8)
	  ->  Index Scan using sbtest2_pkey on sbtest2  (cost=0.43..40.94 rows=10 width=4)
	        Index Cond: ((id >= 9592716) AND (id <= 9592725))

table 3 : explain SELECT SUM(k) FROM sbtest3 WHERE id BETWEEN 868807 AND 868816
	Aggregate  (cost=44.14..44.15 rows=1 width=8)
	  ->  Index Scan using sbtest3_pkey on sbtest3  (cost=0.43..44.11 rows=11 width=4)
	        Index Cond: ((id >= 868807) AND (id <= 868816))

table 4 : explain SELECT SUM(k) FROM sbtest4 WHERE id BETWEEN 4522404 AND 4522413
	Aggregate  (cost=40.63..40.64 rows=1 width=8)
	  ->  Index Scan using sbtest4_pkey on sbtest4  (cost=0.43..40.60 rows=10 width=4)
	        Index Cond: ((id >= 4522404) AND (id <= 4522413))

table 5 : explain SELECT SUM(k) FROM sbtest5 WHERE id BETWEEN 7931519 AND 7931528
	Aggregate  (cost=40.63..40.64 rows=1 width=8)
	  ->  Index Scan using sbtest5_pkey on sbtest5  (cost=0.43..40.61 rows=10 width=4)
	        Index Cond: ((id >= 7931519) AND (id <= 7931528))

table 6 : explain SELECT SUM(k) FROM sbtest6 WHERE id BETWEEN 2663121 AND 2663130
	Aggregate  (cost=40.66..40.67 rows=1 width=8)
	  ->  Index Scan using sbtest6_pkey on sbtest6  (cost=0.43..40.63 rows=10 width=4)
	        Index Cond: ((id >= 2663121) AND (id <= 2663130))

table 7 : explain SELECT SUM(k) FROM sbtest7 WHERE id BETWEEN 2956058 AND 2956067
	Aggregate  (cost=36.93..36.94 rows=1 width=8)
	  ->  Index Scan using sbtest7_pkey on sbtest7  (cost=0.43..36.91 rows=9 width=4)
	        Index Cond: ((id >= 2956058) AND (id <= 2956067))

table 8 : explain SELECT SUM(k) FROM sbtest8 WHERE id BETWEEN 4812714 AND 4812723
	Aggregate  (cost=41.00..41.01 rows=1 width=8)
	  ->  Index Scan using sbtest8_pkey on sbtest8  (cost=0.43..40.98 rows=10 width=4)
	        Index Cond: ((id >= 4812714) AND (id <= 4812723))

for: sum_ranges
table 1 : explain SELECT SUM(k) FROM sbtest1 WHERE id BETWEEN 7396533 AND 7396542
	Aggregate  (cost=41.02..41.03 rows=1 width=8)
	  ->  Index Scan using sbtest1_pkey on sbtest1  (cost=0.43..41.00 rows=10 width=4)
	        Index Cond: ((id >= 7396533) AND (id <= 7396542))

table 2 : explain SELECT SUM(k) FROM sbtest2 WHERE id BETWEEN 7484262 AND 7484271
	Aggregate  (cost=40.97..40.98 rows=1 width=8)
	  ->  Index Scan using sbtest2_pkey on sbtest2  (cost=0.43..40.94 rows=10 width=4)
	        Index Cond: ((id >= 7484262) AND (id <= 7484271))

table 3 : explain SELECT SUM(k) FROM sbtest3 WHERE id BETWEEN 2230713 AND 2230722
	Aggregate  (cost=40.57..40.58 rows=1 width=8)
	  ->  Index Scan using sbtest3_pkey on sbtest3  (cost=0.43..40.55 rows=10 width=4)
	        Index Cond: ((id >= 2230713) AND (id <= 2230722))

table 4 : explain SELECT SUM(k) FROM sbtest4 WHERE id BETWEEN 9876808 AND 9876817
	Aggregate  (cost=40.63..40.64 rows=1 width=8)
	  ->  Index Scan using sbtest4_pkey on sbtest4  (cost=0.43..40.60 rows=10 width=4)
	        Index Cond: ((id >= 9876808) AND (id <= 9876817))

table 5 : explain SELECT SUM(k) FROM sbtest5 WHERE id BETWEEN 8107417 AND 8107426
	Aggregate  (cost=40.63..40.64 rows=1 width=8)
	  ->  Index Scan using sbtest5_pkey on sbtest5  (cost=0.43..40.61 rows=10 width=4)
	        Index Cond: ((id >= 8107417) AND (id <= 8107426))

table 6 : explain SELECT SUM(k) FROM sbtest6 WHERE id BETWEEN 6132591 AND 6132600
	Aggregate  (cost=40.66..40.67 rows=1 width=8)
	  ->  Index Scan using sbtest6_pkey on sbtest6  (cost=0.43..40.63 rows=10 width=4)
	        Index Cond: ((id >= 6132591) AND (id <= 6132600))

table 7 : explain SELECT SUM(k) FROM sbtest7 WHERE id BETWEEN 3457370 AND 3457379
	Aggregate  (cost=40.49..40.50 rows=1 width=8)
	  ->  Index Scan using sbtest7_pkey on sbtest7  (cost=0.43..40.46 rows=10 width=4)
	        Index Cond: ((id >= 3457370) AND (id <= 3457379))

table 8 : explain SELECT SUM(k) FROM sbtest8 WHERE id BETWEEN 2446243 AND 2446252
	Aggregate  (cost=41.00..41.01 rows=1 width=8)
	  ->  Index Scan using sbtest8_pkey on sbtest8  (cost=0.43..40.98 rows=10 width=4)
	        Index Cond: ((id >= 2446243) AND (id <= 2446252))

explain: for index_updates :: explain UPDATE sbtest%u SET k=k+1 WHERE id=%u
explain: for non_index_updates :: explain UPDATE sbtest%u SET c='foobar' WHERE id=%u
for index_updates
table 1 : explain UPDATE sbtest1 SET k=k+1 WHERE id=216859
	Update on sbtest1  (cost=0.43..8.46 rows=0 width=0)
	  ->  Index Scan using sbtest1_pkey on sbtest1  (cost=0.43..8.46 rows=1 width=10)
	        Index Cond: (id = 216859)

table 2 : explain UPDATE sbtest2 SET k=k+1 WHERE id=5215976
	Update on sbtest2  (cost=0.43..8.46 rows=0 width=0)
	  ->  Index Scan using sbtest2_pkey on sbtest2  (cost=0.43..8.46 rows=1 width=10)
	        Index Cond: (id = 5215976)

table 3 : explain UPDATE sbtest3 SET k=k+1 WHERE id=8629066
	Update on sbtest3  (cost=0.43..8.46 rows=0 width=0)
	  ->  Index Scan using sbtest3_pkey on sbtest3  (cost=0.43..8.46 rows=1 width=10)
	        Index Cond: (id = 8629066)

table 4 : explain UPDATE sbtest4 SET k=k+1 WHERE id=4499104
	Update on sbtest4  (cost=0.43..8.46 rows=0 width=0)
	  ->  Index Scan using sbtest4_pkey on sbtest4  (cost=0.43..8.46 rows=1 width=10)
	        Index Cond: (id = 4499104)

table 5 : explain UPDATE sbtest5 SET k=k+1 WHERE id=2956133
	Update on sbtest5  (cost=0.43..8.46 rows=0 width=0)
	  ->  Index Scan using sbtest5_pkey on sbtest5  (cost=0.43..8.46 rows=1 width=10)
	        Index Cond: (id = 2956133)

table 6 : explain UPDATE sbtest6 SET k=k+1 WHERE id=4155379
	Update on sbtest6  (cost=0.43..8.46 rows=0 width=0)
	  ->  Index Scan using sbtest6_pkey on sbtest6  (cost=0.43..8.46 rows=1 width=10)
	        Index Cond: (id = 4155379)

table 7 : explain UPDATE sbtest7 SET k=k+1 WHERE id=1279652
	Update on sbtest7  (cost=0.43..8.46 rows=0 width=0)
	  ->  Index Scan using sbtest7_pkey on sbtest7  (cost=0.43..8.46 rows=1 width=10)
	        Index Cond: (id = 1279652)

table 8 : explain UPDATE sbtest8 SET k=k+1 WHERE id=3641311
	Update on sbtest8  (cost=0.43..8.46 rows=0 width=0)
	  ->  Index Scan using sbtest8_pkey on sbtest8  (cost=0.43..8.46 rows=1 width=10)
	        Index Cond: (id = 3641311)

for: distinct_ranges
table 1 : explain SELECT DISTINCT c FROM sbtest1 WHERE id BETWEEN 1479463 AND 1479472 ORDER BY c
	Unique  (cost=41.16..41.21 rows=10 width=121)
	  ->  Sort  (cost=41.16..41.19 rows=10 width=121)
	        Sort Key: c
	        ->  Index Scan using sbtest1_pkey on sbtest1  (cost=0.43..41.00 rows=10 width=121)
	              Index Cond: ((id >= 1479463) AND (id <= 1479472))

table 2 : explain SELECT DISTINCT c FROM sbtest2 WHERE id BETWEEN 9020108 AND 9020117 ORDER BY c
	Unique  (cost=41.11..41.16 rows=10 width=121)
	  ->  Sort  (cost=41.11..41.13 rows=10 width=121)
	        Sort Key: c
	        ->  Index Scan using sbtest2_pkey on sbtest2  (cost=0.43..40.94 rows=10 width=121)
	              Index Cond: ((id >= 9020108) AND (id <= 9020117))

table 3 : explain SELECT DISTINCT c FROM sbtest3 WHERE id BETWEEN 5574444 AND 5574453 ORDER BY c
	Unique  (cost=40.71..40.76 rows=10 width=121)
	  ->  Sort  (cost=40.71..40.74 rows=10 width=121)
	        Sort Key: c
	        ->  Index Scan using sbtest3_pkey on sbtest3  (cost=0.43..40.55 rows=10 width=121)
	              Index Cond: ((id >= 5574444) AND (id <= 5574453))

table 4 : explain SELECT DISTINCT c FROM sbtest4 WHERE id BETWEEN 5414888 AND 5414897 ORDER BY c
	Unique  (cost=44.37..44.42 rows=11 width=121)
	  ->  Sort  (cost=44.37..44.39 rows=11 width=121)
	        Sort Key: c
	        ->  Index Scan using sbtest4_pkey on sbtest4  (cost=0.43..44.18 rows=11 width=121)
	              Index Cond: ((id >= 5414888) AND (id <= 5414897))

table 5 : explain SELECT DISTINCT c FROM sbtest5 WHERE id BETWEEN 2091564 AND 2091573 ORDER BY c
	Unique  (cost=40.78..40.83 rows=10 width=121)
	  ->  Sort  (cost=40.78..40.80 rows=10 width=121)
	        Sort Key: c
	        ->  Index Scan using sbtest5_pkey on sbtest5  (cost=0.43..40.61 rows=10 width=121)
	              Index Cond: ((id >= 2091564) AND (id <= 2091573))

table 6 : explain SELECT DISTINCT c FROM sbtest6 WHERE id BETWEEN 6693220 AND 6693229 ORDER BY c
	Unique  (cost=44.40..44.45 rows=11 width=121)
	  ->  Sort  (cost=44.40..44.43 rows=11 width=121)
	        Sort Key: c
	        ->  Index Scan using sbtest6_pkey on sbtest6  (cost=0.43..44.21 rows=11 width=121)
	              Index Cond: ((id >= 6693220) AND (id <= 6693229))

table 7 : explain SELECT DISTINCT c FROM sbtest7 WHERE id BETWEEN 6313987 AND 6313996 ORDER BY c
	Unique  (cost=44.21..44.26 rows=11 width=121)
	  ->  Sort  (cost=44.21..44.24 rows=11 width=121)
	        Sort Key: c
	        ->  Index Scan using sbtest7_pkey on sbtest7  (cost=0.43..44.02 rows=11 width=121)
	              Index Cond: ((id >= 6313987) AND (id <= 6313996))

table 8 : explain SELECT DISTINCT c FROM sbtest8 WHERE id BETWEEN 7537212 AND 7537221 ORDER BY c
	Unique  (cost=44.78..44.84 rows=11 width=121)
	  ->  Sort  (cost=44.78..44.81 rows=11 width=121)
	        Sort Key: c
	        ->  Index Scan using sbtest8_pkey on sbtest8  (cost=0.43..44.59 rows=11 width=121)
	              Index Cond: ((id >= 7537212) AND (id <= 7537221))

for index_updates
table 1 : explain UPDATE sbtest1 SET k=k+1 WHERE id=5281744
	Update on sbtest1  (cost=0.43..8.46 rows=0 width=0)
	  ->  Index Scan using sbtest1_pkey on sbtest1  (cost=0.43..8.46 rows=1 width=10)
	        Index Cond: (id = 5281744)

table 2 : explain UPDATE sbtest2 SET k=k+1 WHERE id=6985406
	Update on sbtest2  (cost=0.43..8.46 rows=0 width=0)
	  ->  Index Scan using sbtest2_pkey on sbtest2  (cost=0.43..8.46 rows=1 width=10)
	        Index Cond: (id = 6985406)

table 3 : explain UPDATE sbtest3 SET k=k+1 WHERE id=7921560
	Update on sbtest3  (cost=0.43..8.46 rows=0 width=0)
	  ->  Index Scan using sbtest3_pkey on sbtest3  (cost=0.43..8.46 rows=1 width=10)
	        Index Cond: (id = 7921560)

table 4 : explain UPDATE sbtest4 SET k=k+1 WHERE id=4888817
	Update on sbtest4  (cost=0.43..8.46 rows=0 width=0)
	  ->  Index Scan using sbtest4_pkey on sbtest4  (cost=0.43..8.46 rows=1 width=10)
	        Index Cond: (id = 4888817)

table 5 : explain UPDATE sbtest5 SET k=k+1 WHERE id=4625169
	Update on sbtest5  (cost=0.43..8.46 rows=0 width=0)
	  ->  Index Scan using sbtest5_pkey on sbtest5  (cost=0.43..8.46 rows=1 width=10)
	        Index Cond: (id = 4625169)

table 6 : explain UPDATE sbtest6 SET k=k+1 WHERE id=844201
	Update on sbtest6  (cost=0.43..8.46 rows=0 width=0)
	  ->  Index Scan using sbtest6_pkey on sbtest6  (cost=0.43..8.46 rows=1 width=10)
	        Index Cond: (id = 844201)

table 7 : explain UPDATE sbtest7 SET k=k+1 WHERE id=4017706
	Update on sbtest7  (cost=0.43..8.46 rows=0 width=0)
	  ->  Index Scan using sbtest7_pkey on sbtest7  (cost=0.43..8.46 rows=1 width=10)
	        Index Cond: (id = 4017706)

table 8 : explain UPDATE sbtest8 SET k=k+1 WHERE id=2623831
	Update on sbtest8  (cost=0.43..8.46 rows=0 width=0)
	  ->  Index Scan using sbtest8_pkey on sbtest8  (cost=0.43..8.46 rows=1 width=10)
	        Index Cond: (id = 2623831)

explain: for non_index_updates :: explain UPDATE sbtest%u SET c='foobar' WHERE id=%u
explain: for index_updates :: explain UPDATE sbtest%u SET k=k+1 WHERE id=%u
for point_selects
table 1 : explain SELECT c FROM sbtest1 WHERE id=4411674
	Index Scan using sbtest1_pkey on sbtest1  (cost=0.43..8.45 rows=1 width=121)
	  Index Cond: (id = 4411674)

table 2 : explain SELECT c FROM sbtest2 WHERE id=1866128
	Index Scan using sbtest2_pkey on sbtest2  (cost=0.43..8.45 rows=1 width=121)
	  Index Cond: (id = 1866128)

table 3 : explain SELECT c FROM sbtest3 WHERE id=7045283
	Index Scan using sbtest3_pkey on sbtest3  (cost=0.43..8.45 rows=1 width=121)
	  Index Cond: (id = 7045283)

table 4 : explain SELECT c FROM sbtest4 WHERE id=494703
	Index Scan using sbtest4_pkey on sbtest4  (cost=0.43..8.45 rows=1 width=121)
	  Index Cond: (id = 494703)

table 5 : explain SELECT c FROM sbtest5 WHERE id=1119123
	Index Scan using sbtest5_pkey on sbtest5  (cost=0.43..8.45 rows=1 width=121)
	  Index Cond: (id = 1119123)

table 6 : explain SELECT c FROM sbtest6 WHERE id=7678500
	Index Scan using sbtest6_pkey on sbtest6  (cost=0.43..8.45 rows=1 width=121)
	  Index Cond: (id = 7678500)

table 7 : explain SELECT c FROM sbtest7 WHERE id=5119681
	Index Scan using sbtest7_pkey on sbtest7  (cost=0.43..8.45 rows=1 width=121)
	  Index Cond: (id = 5119681)

table 8 : explain SELECT c FROM sbtest8 WHERE id=4984973
	Index Scan using sbtest8_pkey on sbtest8  (cost=0.43..8.45 rows=1 width=121)
	  Index Cond: (id = 4984973)

for: distinct_ranges
table 1 : explain SELECT DISTINCT c FROM sbtest1 WHERE id BETWEEN 6096411 AND 6096420 ORDER BY c
	Unique  (cost=41.16..41.21 rows=10 width=121)
	  ->  Sort  (cost=41.16..41.19 rows=10 width=121)
	        Sort Key: c
	        ->  Index Scan using sbtest1_pkey on sbtest1  (cost=0.43..41.00 rows=10 width=121)
	              Index Cond: ((id >= 6096411) AND (id <= 6096420))

table 2 : explain SELECT DISTINCT c FROM sbtest2 WHERE id BETWEEN 827884 AND 827893 ORDER BY c
	Unique  (cost=41.11..41.16 rows=10 width=121)
	  ->  Sort  (cost=41.11..41.13 rows=10 width=121)
	        Sort Key: c
	        ->  Index Scan using sbtest2_pkey on sbtest2  (cost=0.43..40.94 rows=10 width=121)
	              Index Cond: ((id >= 827884) AND (id <= 827893))

table 3 : explain SELECT DISTINCT c FROM sbtest3 WHERE id BETWEEN 1933348 AND 1933357 ORDER BY c
	Unique  (cost=40.71..40.76 rows=10 width=121)
	  ->  Sort  (cost=40.71..40.74 rows=10 width=121)
	        Sort Key: c
	        ->  Index Scan using sbtest3_pkey on sbtest3  (cost=0.43..40.55 rows=10 width=121)
	              Index Cond: ((id >= 1933348) AND (id <= 1933357))

table 4 : explain SELECT DISTINCT c FROM sbtest4 WHERE id BETWEEN 3316730 AND 3316739 ORDER BY c
	Unique  (cost=37.17..37.22 rows=9 width=121)
	  ->  Sort  (cost=37.17..37.20 rows=9 width=121)
	        Sort Key: c
	        ->  Index Scan using sbtest4_pkey on sbtest4  (cost=0.43..37.03 rows=9 width=121)
	              Index Cond: ((id >= 3316730) AND (id <= 3316739))

table 5 : explain SELECT DISTINCT c FROM sbtest5 WHERE id BETWEEN 7762442 AND 7762451 ORDER BY c
	Unique  (cost=40.78..40.83 rows=10 width=121)
	  ->  Sort  (cost=40.78..40.80 rows=10 width=121)
	        Sort Key: c
	        ->  Index Scan using sbtest5_pkey on sbtest5  (cost=0.43..40.61 rows=10 width=121)
	              Index Cond: ((id >= 7762442) AND (id <= 7762451))

table 6 : explain SELECT DISTINCT c FROM sbtest6 WHERE id BETWEEN 4143244 AND 4143253 ORDER BY c
	Unique  (cost=44.40..44.45 rows=11 width=121)
	  ->  Sort  (cost=44.40..44.43 rows=11 width=121)
	        Sort Key: c
	        ->  Index Scan using sbtest6_pkey on sbtest6  (cost=0.43..44.21 rows=11 width=121)
	              Index Cond: ((id >= 4143244) AND (id <= 4143253))

table 7 : explain SELECT DISTINCT c FROM sbtest7 WHERE id BETWEEN 3651571 AND 3651580 ORDER BY c
	Unique  (cost=44.21..44.26 rows=11 width=121)
	  ->  Sort  (cost=44.21..44.24 rows=11 width=121)
	        Sort Key: c
	        ->  Index Scan using sbtest7_pkey on sbtest7  (cost=0.43..44.02 rows=11 width=121)
	              Index Cond: ((id >= 3651571) AND (id <= 3651580))

table 8 : explain SELECT DISTINCT c FROM sbtest8 WHERE id BETWEEN 8096243 AND 8096252 ORDER BY c
	Unique  (cost=37.51..37.55 rows=9 width=121)
	  ->  Sort  (cost=37.51..37.53 rows=9 width=121)
	        Sort Key: c
	        ->  Index Scan using sbtest8_pkey on sbtest8  (cost=0.43..37.36 rows=9 width=121)
	              Index Cond: ((id >= 8096243) AND (id <= 8096252))

explain: for non_index_updates :: explain UPDATE sbtest%u SET c='foobar' WHERE id=%u
for: order_ranges
table 1 : explain SELECT c FROM sbtest1 WHERE id BETWEEN 9081023 AND 9081032 ORDER BY c
	Sort  (cost=37.53..37.55 rows=9 width=121)
	  Sort Key: c
	  ->  Index Scan using sbtest1_pkey on sbtest1  (cost=0.43..37.38 rows=9 width=121)
	        Index Cond: ((id >= 9081023) AND (id <= 9081032))

table 2 : explain SELECT c FROM sbtest2 WHERE id BETWEEN 745913 AND 745922 ORDER BY c
	Sort  (cost=41.11..41.13 rows=10 width=121)
	  Sort Key: c
	  ->  Index Scan using sbtest2_pkey on sbtest2  (cost=0.43..40.94 rows=10 width=121)
	        Index Cond: ((id >= 745913) AND (id <= 745922))

table 3 : explain SELECT c FROM sbtest3 WHERE id BETWEEN 7868426 AND 7868435 ORDER BY c
	Sort  (cost=40.71..40.74 rows=10 width=121)
	  Sort Key: c
	  ->  Index Scan using sbtest3_pkey on sbtest3  (cost=0.43..40.55 rows=10 width=121)
	        Index Cond: ((id >= 7868426) AND (id <= 7868435))

table 4 : explain SELECT c FROM sbtest4 WHERE id BETWEEN 4031393 AND 4031402 ORDER BY c
	Sort  (cost=47.96..47.99 rows=12 width=121)
	  Sort Key: c
	  ->  Index Scan using sbtest4_pkey on sbtest4  (cost=0.43..47.75 rows=12 width=121)
	        Index Cond: ((id >= 4031393) AND (id <= 4031402))

table 5 : explain SELECT c FROM sbtest5 WHERE id BETWEEN 6359072 AND 6359081 ORDER BY c
	Sort  (cost=40.78..40.80 rows=10 width=121)
	  Sort Key: c
	  ->  Index Scan using sbtest5_pkey on sbtest5  (cost=0.43..40.61 rows=10 width=121)
	        Index Cond: ((id >= 6359072) AND (id <= 6359081))

table 6 : explain SELECT c FROM sbtest6 WHERE id BETWEEN 5188098 AND 5188107 ORDER BY c
	Sort  (cost=37.20..37.22 rows=9 width=121)
	  Sort Key: c
	  ->  Index Scan using sbtest6_pkey on sbtest6  (cost=0.43..37.06 rows=9 width=121)
	        Index Cond: ((id >= 5188098) AND (id <= 5188107))

table 7 : explain SELECT c FROM sbtest7 WHERE id BETWEEN 3924225 AND 3924234 ORDER BY c
	Sort  (cost=40.63..40.65 rows=10 width=121)
	  Sort Key: c
	  ->  Index Scan using sbtest7_pkey on sbtest7  (cost=0.43..40.46 rows=10 width=121)
	        Index Cond: ((id >= 3924225) AND (id <= 3924234))

table 8 : explain SELECT c FROM sbtest8 WHERE id BETWEEN 5643724 AND 5643733 ORDER BY c
	Sort  (cost=41.14..41.17 rows=10 width=121)
	  Sort Key: c
	  ->  Index Scan using sbtest8_pkey on sbtest8  (cost=0.43..40.98 rows=10 width=121)
	        Index Cond: ((id >= 5643724) AND (id <= 5643733))

for non_index_updates
table 1 : explain UPDATE sbtest1 SET c='foobar' WHERE id=5622625
	Update on sbtest1  (cost=0.43..8.45 rows=0 width=0)
	  ->  Index Scan using sbtest1_pkey on sbtest1  (cost=0.43..8.45 rows=1 width=490)
	        Index Cond: (id = 5622625)

table 2 : explain UPDATE sbtest2 SET c='foobar' WHERE id=2240332
	Update on sbtest2  (cost=0.43..8.45 rows=0 width=0)
	  ->  Index Scan using sbtest2_pkey on sbtest2  (cost=0.43..8.45 rows=1 width=490)
	        Index Cond: (id = 2240332)

table 3 : explain UPDATE sbtest3 SET c='foobar' WHERE id=4530783
	Update on sbtest3  (cost=0.43..8.45 rows=0 width=0)
	  ->  Index Scan using sbtest3_pkey on sbtest3  (cost=0.43..8.45 rows=1 width=490)
	        Index Cond: (id = 4530783)

table 4 : explain UPDATE sbtest4 SET c='foobar' WHERE id=2535624
	Update on sbtest4  (cost=0.43..8.45 rows=0 width=0)
	  ->  Index Scan using sbtest4_pkey on sbtest4  (cost=0.43..8.45 rows=1 width=490)
	        Index Cond: (id = 2535624)

table 5 : explain UPDATE sbtest5 SET c='foobar' WHERE id=2571914
	Update on sbtest5  (cost=0.43..8.45 rows=0 width=0)
	  ->  Index Scan using sbtest5_pkey on sbtest5  (cost=0.43..8.45 rows=1 width=490)
	        Index Cond: (id = 2571914)

table 6 : explain UPDATE sbtest6 SET c='foobar' WHERE id=7249132
	Update on sbtest6  (cost=0.43..8.45 rows=0 width=0)
	  ->  Index Scan using sbtest6_pkey on sbtest6  (cost=0.43..8.45 rows=1 width=490)
	        Index Cond: (id = 7249132)

table 7 : explain UPDATE sbtest7 SET c='foobar' WHERE id=2309919
	Update on sbtest7  (cost=0.43..8.45 rows=0 width=0)
	  ->  Index Scan using sbtest7_pkey on sbtest7  (cost=0.43..8.45 rows=1 width=490)
	        Index Cond: (id = 2309919)

table 8 : explain UPDATE sbtest8 SET c='foobar' WHERE id=2105746
	Update on sbtest8  (cost=0.43..8.45 rows=0 width=0)
	  ->  Index Scan using sbtest8_pkey on sbtest8  (cost=0.43..8.45 rows=1 width=490)
	        Index Cond: (id = 2105746)

for point_selects
table 1 : explain SELECT c FROM sbtest1 WHERE id=2467245
	Index Scan using sbtest1_pkey on sbtest1  (cost=0.43..8.45 rows=1 width=121)
	  Index Cond: (id = 2467245)

table 2 : explain SELECT c FROM sbtest2 WHERE id=343016
	Index Scan using sbtest2_pkey on sbtest2  (cost=0.43..8.45 rows=1 width=121)
	  Index Cond: (id = 343016)

table 3 : explain SELECT c FROM sbtest3 WHERE id=2638810
	Index Scan using sbtest3_pkey on sbtest3  (cost=0.43..8.45 rows=1 width=121)
	  Index Cond: (id = 2638810)

table 4 : explain SELECT c FROM sbtest4 WHERE id=2298889
	Index Scan using sbtest4_pkey on sbtest4  (cost=0.43..8.45 rows=1 width=121)
	  Index Cond: (id = 2298889)

table 5 : explain SELECT c FROM sbtest5 WHERE id=3344229
	Index Scan using sbtest5_pkey on sbtest5  (cost=0.43..8.45 rows=1 width=121)
	  Index Cond: (id = 3344229)

table 6 : explain SELECT c FROM sbtest6 WHERE id=4541831
	Index Scan using sbtest6_pkey on sbtest6  (cost=0.43..8.45 rows=1 width=121)
	  Index Cond: (id = 4541831)

table 7 : explain SELECT c FROM sbtest7 WHERE id=9320297
	Index Scan using sbtest7_pkey on sbtest7  (cost=0.43..8.45 rows=1 width=121)
	  Index Cond: (id = 9320297)

table 8 : explain SELECT c FROM sbtest8 WHERE id=2409655
	Index Scan using sbtest8_pkey on sbtest8  (cost=0.43..8.45 rows=1 width=121)
	  Index Cond: (id = 2409655)
for non_index_updates
table 1 : explain UPDATE sbtest1 SET c='foobar' WHERE id=1193333
	Update on sbtest1  (cost=0.43..8.45 rows=0 width=0)
	  ->  Index Scan using sbtest1_pkey on sbtest1  (cost=0.43..8.45 rows=1 width=490)
	        Index Cond: (id = 1193333)

table 2 : explain UPDATE sbtest2 SET c='foobar' WHERE id=9240678
	Update on sbtest2  (cost=0.43..8.45 rows=0 width=0)
	  ->  Index Scan using sbtest2_pkey on sbtest2  (cost=0.43..8.45 rows=1 width=490)
	        Index Cond: (id = 9240678)

table 3 : explain UPDATE sbtest3 SET c='foobar' WHERE id=450027
	Update on sbtest3  (cost=0.43..8.45 rows=0 width=0)
	  ->  Index Scan using sbtest3_pkey on sbtest3  (cost=0.43..8.45 rows=1 width=490)
	        Index Cond: (id = 450027)

table 4 : explain UPDATE sbtest4 SET c='foobar' WHERE id=8726001
	Update on sbtest4  (cost=0.43..8.45 rows=0 width=0)
	  ->  Index Scan using sbtest4_pkey on sbtest4  (cost=0.43..8.45 rows=1 width=490)
	        Index Cond: (id = 8726001)

table 5 : explain UPDATE sbtest5 SET c='foobar' WHERE id=6426185
	Update on sbtest5  (cost=0.43..8.45 rows=0 width=0)
	  ->  Index Scan using sbtest5_pkey on sbtest5  (cost=0.43..8.45 rows=1 width=490)
	        Index Cond: (id = 6426185)

table 6 : explain UPDATE sbtest6 SET c='foobar' WHERE id=9991033
	Update on sbtest6  (cost=0.43..8.45 rows=0 width=0)
	  ->  Index Scan using sbtest6_pkey on sbtest6  (cost=0.43..8.45 rows=1 width=490)
	        Index Cond: (id = 9991033)

table 7 : explain UPDATE sbtest7 SET c='foobar' WHERE id=6671954
	Update on sbtest7  (cost=0.43..8.45 rows=0 width=0)
	  ->  Index Scan using sbtest7_pkey on sbtest7  (cost=0.43..8.45 rows=1 width=490)
	        Index Cond: (id = 6671954)

table 8 : explain UPDATE sbtest8 SET c='foobar' WHERE id=6076243
	Update on sbtest8  (cost=0.43..8.45 rows=0 width=0)
	  ->  Index Scan using sbtest8_pkey on sbtest8  (cost=0.43..8.45 rows=1 width=490)
	        Index Cond: (id = 6076243)


explain: for deletes :: explain DELETE FROM sbtest%u WHERE id=%u
for index_updates
table 1 : explain UPDATE sbtest1 SET k=k+1 WHERE id=460548
	Update on sbtest1  (cost=0.43..8.46 rows=0 width=0)
	  ->  Index Scan using sbtest1_pkey on sbtest1  (cost=0.43..8.46 rows=1 width=10)
	        Index Cond: (id = 460548)

table 2 : explain UPDATE sbtest2 SET k=k+1 WHERE id=6406055
	Update on sbtest2  (cost=0.43..8.46 rows=0 width=0)
	  ->  Index Scan using sbtest2_pkey on sbtest2  (cost=0.43..8.46 rows=1 width=10)
	        Index Cond: (id = 6406055)

table 3 : explain UPDATE sbtest3 SET k=k+1 WHERE id=3709106
	Update on sbtest3  (cost=0.43..8.46 rows=0 width=0)
	  ->  Index Scan using sbtest3_pkey on sbtest3  (cost=0.43..8.46 rows=1 width=10)
	        Index Cond: (id = 3709106)

table 4 : explain UPDATE sbtest4 SET k=k+1 WHERE id=6205254
	Update on sbtest4  (cost=0.43..8.46 rows=0 width=0)
	  ->  Index Scan using sbtest4_pkey on sbtest4  (cost=0.43..8.46 rows=1 width=10)
	        Index Cond: (id = 6205254)

table 5 : explain UPDATE sbtest5 SET k=k+1 WHERE id=5196887
	Update on sbtest5  (cost=0.43..8.46 rows=0 width=0)
	  ->  Index Scan using sbtest5_pkey on sbtest5  (cost=0.43..8.46 rows=1 width=10)
	        Index Cond: (id = 5196887)

table 6 : explain UPDATE sbtest6 SET k=k+1 WHERE id=1681922
	Update on sbtest6  (cost=0.43..8.46 rows=0 width=0)
	  ->  Index Scan using sbtest6_pkey on sbtest6  (cost=0.43..8.46 rows=1 width=10)
	        Index Cond: (id = 1681922)

table 7 : explain UPDATE sbtest7 SET k=k+1 WHERE id=1375043
	Update on sbtest7  (cost=0.43..8.46 rows=0 width=0)
	  ->  Index Scan using sbtest7_pkey on sbtest7  (cost=0.43..8.46 rows=1 width=10)
	        Index Cond: (id = 1375043)

table 8 : explain UPDATE sbtest8 SET k=k+1 WHERE id=5742213
	Update on sbtest8  (cost=0.43..8.46 rows=0 width=0)
	  ->  Index Scan using sbtest8_pkey on sbtest8  (cost=0.43..8.46 rows=1 width=10)
	        Index Cond: (id = 5742213)

explain: for index_updates :: explain UPDATE sbtest%u SET k=k+1 WHERE id=%u
for non_index_updates
table 1 : explain UPDATE sbtest1 SET c='foobar' WHERE id=9983879
	Update on sbtest1  (cost=0.43..8.45 rows=0 width=0)
	  ->  Index Scan using sbtest1_pkey on sbtest1  (cost=0.43..8.45 rows=1 width=490)
	        Index Cond: (id = 9983879)

table 2 : explain UPDATE sbtest2 SET c='foobar' WHERE id=6022396
	Update on sbtest2  (cost=0.43..8.45 rows=0 width=0)
	  ->  Index Scan using sbtest2_pkey on sbtest2  (cost=0.43..8.45 rows=1 width=490)
	        Index Cond: (id = 6022396)

table 3 : explain UPDATE sbtest3 SET c='foobar' WHERE id=1889033
	Update on sbtest3  (cost=0.43..8.45 rows=0 width=0)
	  ->  Index Scan using sbtest3_pkey on sbtest3  (cost=0.43..8.45 rows=1 width=490)
	        Index Cond: (id = 1889033)

table 4 : explain UPDATE sbtest4 SET c='foobar' WHERE id=6255576
	Update on sbtest4  (cost=0.43..8.45 rows=0 width=0)
	  ->  Index Scan using sbtest4_pkey on sbtest4  (cost=0.43..8.45 rows=1 width=490)
	        Index Cond: (id = 6255576)

table 5 : explain UPDATE sbtest5 SET c='foobar' WHERE id=2463404
	Update on sbtest5  (cost=0.43..8.45 rows=0 width=0)
	  ->  Index Scan using sbtest5_pkey on sbtest5  (cost=0.43..8.45 rows=1 width=490)
	        Index Cond: (id = 2463404)

table 6 : explain UPDATE sbtest6 SET c='foobar' WHERE id=1352556
	Update on sbtest6  (cost=0.43..8.45 rows=0 width=0)
	  ->  Index Scan using sbtest6_pkey on sbtest6  (cost=0.43..8.45 rows=1 width=490)
	        Index Cond: (id = 1352556)

table 7 : explain UPDATE sbtest7 SET c='foobar' WHERE id=1973564
	Update on sbtest7  (cost=0.43..8.45 rows=0 width=0)
	  ->  Index Scan using sbtest7_pkey on sbtest7  (cost=0.43..8.45 rows=1 width=490)
	        Index Cond: (id = 1973564)

table 8 : explain UPDATE sbtest8 SET c='foobar' WHERE id=9358284
	Update on sbtest8  (cost=0.43..8.45 rows=0 width=0)
	  ->  Index Scan using sbtest8_pkey on sbtest8  (cost=0.43..8.45 rows=1 width=490)
	        Index Cond: (id = 9358284)

explain: for deletes :: explain DELETE FROM sbtest%u WHERE id=%u
for: simple_ranges
table 1 : explain SELECT c FROM sbtest1 WHERE id BETWEEN 9471704 AND 9471713
	Index Scan using sbtest1_pkey on sbtest1  (cost=0.43..41.00 rows=10 width=121)
	  Index Cond: ((id >= 9471704) AND (id <= 9471713))

table 2 : explain SELECT c FROM sbtest2 WHERE id BETWEEN 3036903 AND 3036912
	Index Scan using sbtest2_pkey on sbtest2  (cost=0.43..40.94 rows=10 width=121)
	  Index Cond: ((id >= 3036903) AND (id <= 3036912))

table 3 : explain SELECT c FROM sbtest3 WHERE id BETWEEN 364697 AND 364706
	Index Scan using sbtest3_pkey on sbtest3  (cost=0.43..40.55 rows=10 width=121)
	  Index Cond: ((id >= 364697) AND (id <= 364706))

table 4 : explain SELECT c FROM sbtest4 WHERE id BETWEEN 4712822 AND 4712831
	Index Scan using sbtest4_pkey on sbtest4  (cost=0.43..40.60 rows=10 width=121)
	  Index Cond: ((id >= 4712822) AND (id <= 4712831))

table 5 : explain SELECT c FROM sbtest5 WHERE id BETWEEN 8159085 AND 8159094
	Index Scan using sbtest5_pkey on sbtest5  (cost=0.43..40.61 rows=10 width=121)
	  Index Cond: ((id >= 8159085) AND (id <= 8159094))

table 6 : explain SELECT c FROM sbtest6 WHERE id BETWEEN 3238084 AND 3238093
	Index Scan using sbtest6_pkey on sbtest6  (cost=0.43..44.21 rows=11 width=121)
	  Index Cond: ((id >= 3238084) AND (id <= 3238093))

table 7 : explain SELECT c FROM sbtest7 WHERE id BETWEEN 5914542 AND 5914551
	Index Scan using sbtest7_pkey on sbtest7  (cost=0.43..36.91 rows=9 width=121)
	  Index Cond: ((id >= 5914542) AND (id <= 5914551))

table 8 : explain SELECT c FROM sbtest8 WHERE id BETWEEN 375344 AND 375353
	Index Scan using sbtest8_pkey on sbtest8  (cost=0.43..40.98 rows=10 width=121)
	  Index Cond: ((id >= 375344) AND (id <= 375353))

explain: for deletes :: explain DELETE FROM sbtest%u WHERE id=%u
explain: for non_index_updates :: explain UPDATE sbtest%u SET c='foobar' WHERE id=%u
for: order_ranges
table 1 : explain SELECT c FROM sbtest1 WHERE id BETWEEN 9136631 AND 9136640 ORDER BY c
	Sort  (cost=37.53..37.55 rows=9 width=121)
	  Sort Key: c
	  ->  Index Scan using sbtest1_pkey on sbtest1  (cost=0.43..37.38 rows=9 width=121)
	        Index Cond: ((id >= 9136631) AND (id <= 9136640))

table 2 : explain SELECT c FROM sbtest2 WHERE id BETWEEN 6072335 AND 6072344 ORDER BY c
	Sort  (cost=44.74..44.77 rows=11 width=121)
	  Sort Key: c
	  ->  Index Scan using sbtest2_pkey on sbtest2  (cost=0.43..44.55 rows=11 width=121)
	        Index Cond: ((id >= 6072335) AND (id <= 6072344))

table 3 : explain SELECT c FROM sbtest3 WHERE id BETWEEN 6819513 AND 6819522 ORDER BY c
	Sort  (cost=40.71..40.74 rows=10 width=121)
	  Sort Key: c
	  ->  Index Scan using sbtest3_pkey on sbtest3  (cost=0.43..40.55 rows=10 width=121)
	        Index Cond: ((id >= 6819513) AND (id <= 6819522))

table 4 : explain SELECT c FROM sbtest4 WHERE id BETWEEN 3733309 AND 3733318 ORDER BY c
	Sort  (cost=40.77..40.79 rows=10 width=121)
	  Sort Key: c
	  ->  Index Scan using sbtest4_pkey on sbtest4  (cost=0.43..40.60 rows=10 width=121)
	        Index Cond: ((id >= 3733309) AND (id <= 3733318))

table 5 : explain SELECT c FROM sbtest5 WHERE id BETWEEN 3857381 AND 3857390 ORDER BY c
	Sort  (cost=37.18..37.20 rows=9 width=121)
	  Sort Key: c
	  ->  Index Scan using sbtest5_pkey on sbtest5  (cost=0.43..37.04 rows=9 width=121)
	        Index Cond: ((id >= 3857381) AND (id <= 3857390))

table 6 : explain SELECT c FROM sbtest6 WHERE id BETWEEN 7877894 AND 7877903 ORDER BY c
	Sort  (cost=40.80..40.82 rows=10 width=121)
	  Sort Key: c
	  ->  Index Scan using sbtest6_pkey on sbtest6  (cost=0.43..40.63 rows=10 width=121)
	        Index Cond: ((id >= 7877894) AND (id <= 7877903))

table 7 : explain SELECT c FROM sbtest7 WHERE id BETWEEN 1509904 AND 1509913 ORDER BY c
	Sort  (cost=40.63..40.65 rows=10 width=121)
	  Sort Key: c
	  ->  Index Scan using sbtest7_pkey on sbtest7  (cost=0.43..40.46 rows=10 width=121)
	        Index Cond: ((id >= 1509904) AND (id <= 1509913))

table 8 : explain SELECT c FROM sbtest8 WHERE id BETWEEN 1409815 AND 1409824 ORDER BY c
	Sort  (cost=41.14..41.17 rows=10 width=121)
	  Sort Key: c
	  ->  Index Scan using sbtest8_pkey on sbtest8  (cost=0.43..40.98 rows=10 width=121)
	        Index Cond: ((id >= 1409815) AND (id <= 1409824))

for deletes
table 1 : explain DELETE FROM sbtest1 WHERE id=4678981
	Delete on sbtest1  (cost=0.43..8.45 rows=0 width=0)
	  ->  Index Scan using sbtest1_pkey on sbtest1  (cost=0.43..8.45 rows=1 width=6)
	        Index Cond: (id = 4678981)

table 2 : explain DELETE FROM sbtest2 WHERE id=1968003
	Delete on sbtest2  (cost=0.43..8.45 rows=0 width=0)
	  ->  Index Scan using sbtest2_pkey on sbtest2  (cost=0.43..8.45 rows=1 width=6)
	        Index Cond: (id = 1968003)

table 3 : explain DELETE FROM sbtest3 WHERE id=1405635
	Delete on sbtest3  (cost=0.43..8.45 rows=0 width=0)
	  ->  Index Scan using sbtest3_pkey on sbtest3  (cost=0.43..8.45 rows=1 width=6)
	        Index Cond: (id = 1405635)

table 4 : explain DELETE FROM sbtest4 WHERE id=6243508
	Delete on sbtest4  (cost=0.43..8.45 rows=0 width=0)
	  ->  Index Scan using sbtest4_pkey on sbtest4  (cost=0.43..8.45 rows=1 width=6)
	        Index Cond: (id = 6243508)

table 5 : explain DELETE FROM sbtest5 WHERE id=8785774
	Delete on sbtest5  (cost=0.43..8.45 rows=0 width=0)
	  ->  Index Scan using sbtest5_pkey on sbtest5  (cost=0.43..8.45 rows=1 width=6)
	        Index Cond: (id = 8785774)

table 6 : explain DELETE FROM sbtest6 WHERE id=5105627
	Delete on sbtest6  (cost=0.43..8.45 rows=0 width=0)
	  ->  Index Scan using sbtest6_pkey on sbtest6  (cost=0.43..8.45 rows=1 width=6)
	        Index Cond: (id = 5105627)

table 7 : explain DELETE FROM sbtest7 WHERE id=2607542
	Delete on sbtest7  (cost=0.43..8.45 rows=0 width=0)
	  ->  Index Scan using sbtest7_pkey on sbtest7  (cost=0.43..8.45 rows=1 width=6)
	        Index Cond: (id = 2607542)

table 8 : explain DELETE FROM sbtest8 WHERE id=3113274
	Delete on sbtest8  (cost=0.43..8.45 rows=0 width=0)
	  ->  Index Scan using sbtest8_pkey on sbtest8  (cost=0.43..8.45 rows=1 width=6)
	        Index Cond: (id = 3113274)

for: distinct_ranges
table 1 : explain SELECT DISTINCT c FROM sbtest1 WHERE id BETWEEN 8715836 AND 8715845 ORDER BY c
	Unique  (cost=44.80..44.86 rows=11 width=121)
	  ->  Sort  (cost=44.80..44.83 rows=11 width=121)
	        Sort Key: c
	        ->  Index Scan using sbtest1_pkey on sbtest1  (cost=0.43..44.61 rows=11 width=121)
	              Index Cond: ((id >= 8715836) AND (id <= 8715845))

table 2 : explain SELECT DISTINCT c FROM sbtest2 WHERE id BETWEEN 4810905 AND 4810914 ORDER BY c
	Unique  (cost=37.48..37.52 rows=9 width=121)
	  ->  Sort  (cost=37.48..37.50 rows=9 width=121)
	        Sort Key: c
	        ->  Index Scan using sbtest2_pkey on sbtest2  (cost=0.43..37.33 rows=9 width=121)
	              Index Cond: ((id >= 4810905) AND (id <= 4810914))

table 3 : explain SELECT DISTINCT c FROM sbtest3 WHERE id BETWEEN 7523962 AND 7523971 ORDER BY c
	Unique  (cost=40.71..40.76 rows=10 width=121)
	  ->  Sort  (cost=40.71..40.74 rows=10 width=121)
	        Sort Key: c
	        ->  Index Scan using sbtest3_pkey on sbtest3  (cost=0.43..40.55 rows=10 width=121)
	              Index Cond: ((id >= 7523962) AND (id <= 7523971))

table 4 : explain SELECT DISTINCT c FROM sbtest4 WHERE id BETWEEN 7413699 AND 7413708 ORDER BY c
	Unique  (cost=40.77..40.82 rows=10 width=121)
	  ->  Sort  (cost=40.77..40.79 rows=10 width=121)
	        Sort Key: c
	        ->  Index Scan using sbtest4_pkey on sbtest4  (cost=0.43..40.60 rows=10 width=121)
	              Index Cond: ((id >= 7413699) AND (id <= 7413708))

table 5 : explain SELECT DISTINCT c FROM sbtest5 WHERE id BETWEEN 910027 AND 910036 ORDER BY c
	Unique  (cost=40.78..40.83 rows=10 width=121)
	  ->  Sort  (cost=40.78..40.80 rows=10 width=121)
	        Sort Key: c
	        ->  Index Scan using sbtest5_pkey on sbtest5  (cost=0.43..40.61 rows=10 width=121)
	              Index Cond: ((id >= 910027) AND (id <= 910036))

table 6 : explain SELECT DISTINCT c FROM sbtest6 WHERE id BETWEEN 7996513 AND 7996522 ORDER BY c
	Unique  (cost=37.20..37.24 rows=9 width=121)
	  ->  Sort  (cost=37.20..37.22 rows=9 width=121)
	        Sort Key: c
	        ->  Index Scan using sbtest6_pkey on sbtest6  (cost=0.43..37.06 rows=9 width=121)
	              Index Cond: ((id >= 7996513) AND (id <= 7996522))

table 7 : explain SELECT DISTINCT c FROM sbtest7 WHERE id BETWEEN 2266384 AND 2266393 ORDER BY c
	Unique  (cost=44.21..44.26 rows=11 width=121)
	  ->  Sort  (cost=44.21..44.24 rows=11 width=121)
	        Sort Key: c
	        ->  Index Scan using sbtest7_pkey on sbtest7  (cost=0.43..44.02 rows=11 width=121)
	              Index Cond: ((id >= 2266384) AND (id <= 2266393))

table 8 : explain SELECT DISTINCT c FROM sbtest8 WHERE id BETWEEN 7548439 AND 7548448 ORDER BY c
	Unique  (cost=44.78..44.84 rows=11 width=121)
	  ->  Sort  (cost=44.78..44.81 rows=11 width=121)
	        Sort Key: c
	        ->  Index Scan using sbtest8_pkey on sbtest8  (cost=0.43..44.59 rows=11 width=121)
	              Index Cond: ((id >= 7548439) AND (id <= 7548448))

for point_selects
table 1 : explain SELECT c FROM sbtest1 WHERE id=6049482
	Index Scan using sbtest1_pkey on sbtest1  (cost=0.43..8.45 rows=1 width=121)
	  Index Cond: (id = 6049482)

table 2 : explain SELECT c FROM sbtest2 WHERE id=889798
	Index Scan using sbtest2_pkey on sbtest2  (cost=0.43..8.45 rows=1 width=121)
	  Index Cond: (id = 889798)

table 3 : explain SELECT c FROM sbtest3 WHERE id=8133720
	Index Scan using sbtest3_pkey on sbtest3  (cost=0.43..8.45 rows=1 width=121)
	  Index Cond: (id = 8133720)

table 4 : explain SELECT c FROM sbtest4 WHERE id=5242684
	Index Scan using sbtest4_pkey on sbtest4  (cost=0.43..8.45 rows=1 width=121)
	  Index Cond: (id = 5242684)

table 5 : explain SELECT c FROM sbtest5 WHERE id=4525137
	Index Scan using sbtest5_pkey on sbtest5  (cost=0.43..8.45 rows=1 width=121)
	  Index Cond: (id = 4525137)

table 6 : explain SELECT c FROM sbtest6 WHERE id=352934
	Index Scan using sbtest6_pkey on sbtest6  (cost=0.43..8.45 rows=1 width=121)
	  Index Cond: (id = 352934)

table 7 : explain SELECT c FROM sbtest7 WHERE id=2182940
	Index Scan using sbtest7_pkey on sbtest7  (cost=0.43..8.45 rows=1 width=121)
	  Index Cond: (id = 2182940)

table 8 : explain SELECT c FROM sbtest8 WHERE id=2154244
	Index Scan using sbtest8_pkey on sbtest8  (cost=0.43..8.45 rows=1 width=121)
	  Index Cond: (id = 2154244)

explain: for index_updates :: explain UPDATE sbtest%u SET k=k+1 WHERE id=%u
for non_index_updates
table 1 : explain UPDATE sbtest1 SET c='foobar' WHERE id=3300458
	Update on sbtest1  (cost=0.43..8.45 rows=0 width=0)
	  ->  Index Scan using sbtest1_pkey on sbtest1  (cost=0.43..8.45 rows=1 width=490)
	        Index Cond: (id = 3300458)

table 2 : explain UPDATE sbtest2 SET c='foobar' WHERE id=1015706
	Update on sbtest2  (cost=0.43..8.45 rows=0 width=0)
	  ->  Index Scan using sbtest2_pkey on sbtest2  (cost=0.43..8.45 rows=1 width=490)
	        Index Cond: (id = 1015706)

table 3 : explain UPDATE sbtest3 SET c='foobar' WHERE id=3527485
	Update on sbtest3  (cost=0.43..8.45 rows=0 width=0)
	  ->  Index Scan using sbtest3_pkey on sbtest3  (cost=0.43..8.45 rows=1 width=490)
	        Index Cond: (id = 3527485)

table 4 : explain UPDATE sbtest4 SET c='foobar' WHERE id=6570506
	Update on sbtest4  (cost=0.43..8.45 rows=0 width=0)
	  ->  Index Scan using sbtest4_pkey on sbtest4  (cost=0.43..8.45 rows=1 width=490)
	        Index Cond: (id = 6570506)

table 5 : explain UPDATE sbtest5 SET c='foobar' WHERE id=6796913
	Update on sbtest5  (cost=0.43..8.45 rows=0 width=0)
	  ->  Index Scan using sbtest5_pkey on sbtest5  (cost=0.43..8.45 rows=1 width=490)
	        Index Cond: (id = 6796913)

table 6 : explain UPDATE sbtest6 SET c='foobar' WHERE id=2944693
	Update on sbtest6  (cost=0.43..8.45 rows=0 width=0)
	  ->  Index Scan using sbtest6_pkey on sbtest6  (cost=0.43..8.45 rows=1 width=490)
	        Index Cond: (id = 2944693)

table 7 : explain UPDATE sbtest7 SET c='foobar' WHERE id=7171045
	Update on sbtest7  (cost=0.43..8.45 rows=0 width=0)
	  ->  Index Scan using sbtest7_pkey on sbtest7  (cost=0.43..8.45 rows=1 width=490)
	        Index Cond: (id = 7171045)

table 8 : explain UPDATE sbtest8 SET c='foobar' WHERE id=3975000
	Update on sbtest8  (cost=0.43..8.45 rows=0 width=0)
	  ->  Index Scan using sbtest8_pkey on sbtest8  (cost=0.43..8.45 rows=1 width=490)
	        Index Cond: (id = 3975000)

for deletes
table 1 : explain DELETE FROM sbtest1 WHERE id=5967126
	Delete on sbtest1  (cost=0.43..8.45 rows=0 width=0)
	  ->  Index Scan using sbtest1_pkey on sbtest1  (cost=0.43..8.45 rows=1 width=6)
	        Index Cond: (id = 5967126)

table 2 : explain DELETE FROM sbtest2 WHERE id=4810639
	Delete on sbtest2  (cost=0.43..8.45 rows=0 width=0)
	  ->  Index Scan using sbtest2_pkey on sbtest2  (cost=0.43..8.45 rows=1 width=6)
	        Index Cond: (id = 4810639)

table 3 : explain DELETE FROM sbtest3 WHERE id=8237234
	Delete on sbtest3  (cost=0.43..8.45 rows=0 width=0)
	  ->  Index Scan using sbtest3_pkey on sbtest3  (cost=0.43..8.45 rows=1 width=6)
	        Index Cond: (id = 8237234)

table 4 : explain DELETE FROM sbtest4 WHERE id=4979892
	Delete on sbtest4  (cost=0.43..8.45 rows=0 width=0)
	  ->  Index Scan using sbtest4_pkey on sbtest4  (cost=0.43..8.45 rows=1 width=6)
	        Index Cond: (id = 4979892)

table 5 : explain DELETE FROM sbtest5 WHERE id=6111566
	Delete on sbtest5  (cost=0.43..8.45 rows=0 width=0)
	  ->  Index Scan using sbtest5_pkey on sbtest5  (cost=0.43..8.45 rows=1 width=6)
	        Index Cond: (id = 6111566)

table 6 : explain DELETE FROM sbtest6 WHERE id=4304278
	Delete on sbtest6  (cost=0.43..8.45 rows=0 width=0)
	  ->  Index Scan using sbtest6_pkey on sbtest6  (cost=0.43..8.45 rows=1 width=6)
	        Index Cond: (id = 4304278)

table 7 : explain DELETE FROM sbtest7 WHERE id=5911274
	Delete on sbtest7  (cost=0.43..8.45 rows=0 width=0)
	  ->  Index Scan using sbtest7_pkey on sbtest7  (cost=0.43..8.45 rows=1 width=6)
	        Index Cond: (id = 5911274)

table 8 : explain DELETE FROM sbtest8 WHERE id=5025891
	Delete on sbtest8  (cost=0.43..8.45 rows=0 width=0)
	  ->  Index Scan using sbtest8_pkey on sbtest8  (cost=0.43..8.45 rows=1 width=6)
	        Index Cond: (id = 5025891)

explain: for inserts :: explain INSERT INTO sbtest%u (id, k, c, pad) VALUES (%u, 13, 'foobar', 'foobar')
for index_updates
table 1 : explain UPDATE sbtest1 SET k=k+1 WHERE id=7613654
	Update on sbtest1  (cost=0.43..8.46 rows=0 width=0)
	  ->  Index Scan using sbtest1_pkey on sbtest1  (cost=0.43..8.46 rows=1 width=10)
	        Index Cond: (id = 7613654)

table 2 : explain UPDATE sbtest2 SET k=k+1 WHERE id=1696612
	Update on sbtest2  (cost=0.43..8.46 rows=0 width=0)
	  ->  Index Scan using sbtest2_pkey on sbtest2  (cost=0.43..8.46 rows=1 width=10)
	        Index Cond: (id = 1696612)

table 3 : explain UPDATE sbtest3 SET k=k+1 WHERE id=5045893
	Update on sbtest3  (cost=0.43..8.46 rows=0 width=0)
	  ->  Index Scan using sbtest3_pkey on sbtest3  (cost=0.43..8.46 rows=1 width=10)
	        Index Cond: (id = 5045893)

table 4 : explain UPDATE sbtest4 SET k=k+1 WHERE id=535867
	Update on sbtest4  (cost=0.43..8.46 rows=0 width=0)
	  ->  Index Scan using sbtest4_pkey on sbtest4  (cost=0.43..8.46 rows=1 width=10)
	        Index Cond: (id = 535867)

table 5 : explain UPDATE sbtest5 SET k=k+1 WHERE id=8696142
	Update on sbtest5  (cost=0.43..8.46 rows=0 width=0)
	  ->  Index Scan using sbtest5_pkey on sbtest5  (cost=0.43..8.46 rows=1 width=10)
	        Index Cond: (id = 8696142)

table 6 : explain UPDATE sbtest6 SET k=k+1 WHERE id=9241013
	Update on sbtest6  (cost=0.43..8.46 rows=0 width=0)
	  ->  Index Scan using sbtest6_pkey on sbtest6  (cost=0.43..8.46 rows=1 width=10)
	        Index Cond: (id = 9241013)

table 7 : explain UPDATE sbtest7 SET k=k+1 WHERE id=7180752
	Update on sbtest7  (cost=0.43..8.46 rows=0 width=0)
	  ->  Index Scan using sbtest7_pkey on sbtest7  (cost=0.43..8.46 rows=1 width=10)
	        Index Cond: (id = 7180752)

table 8 : explain UPDATE sbtest8 SET k=k+1 WHERE id=5662727
	Update on sbtest8  (cost=0.43..8.46 rows=0 width=0)
	  ->  Index Scan using sbtest8_pkey on sbtest8  (cost=0.43..8.46 rows=1 width=10)
	        Index Cond: (id = 5662727)

explain: for deletes :: explain DELETE FROM sbtest%u WHERE id=%u
for: sum_ranges
table 1 : explain SELECT SUM(k) FROM sbtest1 WHERE id BETWEEN 3712908 AND 3712917
	Aggregate  (cost=41.02..41.03 rows=1 width=8)
	  ->  Index Scan using sbtest1_pkey on sbtest1  (cost=0.43..41.00 rows=10 width=4)
	        Index Cond: ((id >= 3712908) AND (id <= 3712917))

table 2 : explain SELECT SUM(k) FROM sbtest2 WHERE id BETWEEN 7906026 AND 7906035
	Aggregate  (cost=40.97..40.98 rows=1 width=8)
	  ->  Index Scan using sbtest2_pkey on sbtest2  (cost=0.43..40.94 rows=10 width=4)
	        Index Cond: ((id >= 7906026) AND (id <= 7906035))

table 3 : explain SELECT SUM(k) FROM sbtest3 WHERE id BETWEEN 6052234 AND 6052243
	Aggregate  (cost=44.14..44.15 rows=1 width=8)
	  ->  Index Scan using sbtest3_pkey on sbtest3  (cost=0.43..44.11 rows=11 width=4)
	        Index Cond: ((id >= 6052234) AND (id <= 6052243))

table 4 : explain SELECT SUM(k) FROM sbtest4 WHERE id BETWEEN 826942 AND 826951
	Aggregate  (cost=37.05..37.06 rows=1 width=8)
	  ->  Index Scan using sbtest4_pkey on sbtest4  (cost=0.43..37.03 rows=9 width=4)
	        Index Cond: ((id >= 826942) AND (id <= 826951))

table 5 : explain SELECT SUM(k) FROM sbtest5 WHERE id BETWEEN 9048621 AND 9048630
	Aggregate  (cost=44.21..44.22 rows=1 width=8)
	  ->  Index Scan using sbtest5_pkey on sbtest5  (cost=0.43..44.18 rows=11 width=4)
	        Index Cond: ((id >= 9048621) AND (id <= 9048630))

table 6 : explain SELECT SUM(k) FROM sbtest6 WHERE id BETWEEN 8340782 AND 8340791
	Aggregate  (cost=40.66..40.67 rows=1 width=8)
	  ->  Index Scan using sbtest6_pkey on sbtest6  (cost=0.43..40.63 rows=10 width=4)
	        Index Cond: ((id >= 8340782) AND (id <= 8340791))

table 7 : explain SELECT SUM(k) FROM sbtest7 WHERE id BETWEEN 6188029 AND 6188038
	Aggregate  (cost=40.49..40.50 rows=1 width=8)
	  ->  Index Scan using sbtest7_pkey on sbtest7  (cost=0.43..40.46 rows=10 width=4)
	        Index Cond: ((id >= 6188029) AND (id <= 6188038))

table 8 : explain SELECT SUM(k) FROM sbtest8 WHERE id BETWEEN 2571134 AND 2571143
	Aggregate  (cost=41.00..41.01 rows=1 width=8)
	  ->  Index Scan using sbtest8_pkey on sbtest8  (cost=0.43..40.98 rows=10 width=4)
	        Index Cond: ((id >= 2571134) AND (id <= 2571143))

for index_updates
table 1 : explain UPDATE sbtest1 SET k=k+1 WHERE id=2006644
	Update on sbtest1  (cost=0.43..8.46 rows=0 width=0)
	  ->  Index Scan using sbtest1_pkey on sbtest1  (cost=0.43..8.46 rows=1 width=10)
	        Index Cond: (id = 2006644)

table 2 : explain UPDATE sbtest2 SET k=k+1 WHERE id=4390200
	Update on sbtest2  (cost=0.43..8.46 rows=0 width=0)
	  ->  Index Scan using sbtest2_pkey on sbtest2  (cost=0.43..8.46 rows=1 width=10)
	        Index Cond: (id = 4390200)

table 3 : explain UPDATE sbtest3 SET k=k+1 WHERE id=2844223
	Update on sbtest3  (cost=0.43..8.46 rows=0 width=0)
	  ->  Index Scan using sbtest3_pkey on sbtest3  (cost=0.43..8.46 rows=1 width=10)
	        Index Cond: (id = 2844223)

table 4 : explain UPDATE sbtest4 SET k=k+1 WHERE id=3644216
	Update on sbtest4  (cost=0.43..8.46 rows=0 width=0)
	  ->  Index Scan using sbtest4_pkey on sbtest4  (cost=0.43..8.46 rows=1 width=10)
	        Index Cond: (id = 3644216)

table 5 : explain UPDATE sbtest5 SET k=k+1 WHERE id=5026220
	Update on sbtest5  (cost=0.43..8.46 rows=0 width=0)
	  ->  Index Scan using sbtest5_pkey on sbtest5  (cost=0.43..8.46 rows=1 width=10)
	        Index Cond: (id = 5026220)

table 6 : explain UPDATE sbtest6 SET k=k+1 WHERE id=6382911
	Update on sbtest6  (cost=0.43..8.46 rows=0 width=0)
	  ->  Index Scan using sbtest6_pkey on sbtest6  (cost=0.43..8.46 rows=1 width=10)
	        Index Cond: (id = 6382911)

table 7 : explain UPDATE sbtest7 SET k=k+1 WHERE id=2940105
	Update on sbtest7  (cost=0.43..8.46 rows=0 width=0)
	  ->  Index Scan using sbtest7_pkey on sbtest7  (cost=0.43..8.46 rows=1 width=10)
	        Index Cond: (id = 2940105)

table 8 : explain UPDATE sbtest8 SET k=k+1 WHERE id=4922624
	Update on sbtest8  (cost=0.43..8.46 rows=0 width=0)
	  ->  Index Scan using sbtest8_pkey on sbtest8  (cost=0.43..8.46 rows=1 width=10)
	        Index Cond: (id = 4922624)

explain: for non_index_updates :: explain UPDATE sbtest%u SET c='foobar' WHERE id=%u
for inserts
table 1 : explain INSERT INTO sbtest1 (id, k, c, pad) VALUES (8993320, 13, 'foobar', 'foobar')
	Insert on sbtest1  (cost=0.00..0.01 rows=0 width=0)
	  ->  Result  (cost=0.00..0.01 rows=1 width=736)

table 2 : explain INSERT INTO sbtest2 (id, k, c, pad) VALUES (9652329, 13, 'foobar', 'foobar')
	Insert on sbtest2  (cost=0.00..0.01 rows=0 width=0)
	  ->  Result  (cost=0.00..0.01 rows=1 width=736)

table 3 : explain INSERT INTO sbtest3 (id, k, c, pad) VALUES (5466131, 13, 'foobar', 'foobar')
	Insert on sbtest3  (cost=0.00..0.01 rows=0 width=0)
	  ->  Result  (cost=0.00..0.01 rows=1 width=736)

table 4 : explain INSERT INTO sbtest4 (id, k, c, pad) VALUES (9820512, 13, 'foobar', 'foobar')
	Insert on sbtest4  (cost=0.00..0.01 rows=0 width=0)
	  ->  Result  (cost=0.00..0.01 rows=1 width=736)

table 5 : explain INSERT INTO sbtest5 (id, k, c, pad) VALUES (5414311, 13, 'foobar', 'foobar')
	Insert on sbtest5  (cost=0.00..0.01 rows=0 width=0)
	  ->  Result  (cost=0.00..0.01 rows=1 width=736)

table 6 : explain INSERT INTO sbtest6 (id, k, c, pad) VALUES (3783995, 13, 'foobar', 'foobar')
	Insert on sbtest6  (cost=0.00..0.01 rows=0 width=0)
	  ->  Result  (cost=0.00..0.01 rows=1 width=736)

table 7 : explain INSERT INTO sbtest7 (id, k, c, pad) VALUES (5278016, 13, 'foobar', 'foobar')
	Insert on sbtest7  (cost=0.00..0.01 rows=0 width=0)
	  ->  Result  (cost=0.00..0.01 rows=1 width=736)

table 8 : explain INSERT INTO sbtest8 (id, k, c, pad) VALUES (4375250, 13, 'foobar', 'foobar')
	Insert on sbtest8  (cost=0.00..0.01 rows=0 width=0)
	  ->  Result  (cost=0.00..0.01 rows=1 width=736)

explain: for inserts :: explain INSERT INTO sbtest%u (id, k, c, pad) VALUES (%u, 13, 'foobar', 'foobar')
for deletes
table 1 : explain DELETE FROM sbtest1 WHERE id=8033909
	Delete on sbtest1  (cost=0.43..8.45 rows=0 width=0)
	  ->  Index Scan using sbtest1_pkey on sbtest1  (cost=0.43..8.45 rows=1 width=6)
	        Index Cond: (id = 8033909)

table 2 : explain DELETE FROM sbtest2 WHERE id=7261833
	Delete on sbtest2  (cost=0.43..8.45 rows=0 width=0)
	  ->  Index Scan using sbtest2_pkey on sbtest2  (cost=0.43..8.45 rows=1 width=6)
	        Index Cond: (id = 7261833)

table 3 : explain DELETE FROM sbtest3 WHERE id=6974644
	Delete on sbtest3  (cost=0.43..8.45 rows=0 width=0)
	  ->  Index Scan using sbtest3_pkey on sbtest3  (cost=0.43..8.45 rows=1 width=6)
	        Index Cond: (id = 6974644)

table 4 : explain DELETE FROM sbtest4 WHERE id=4117747
	Delete on sbtest4  (cost=0.43..8.45 rows=0 width=0)
	  ->  Index Scan using sbtest4_pkey on sbtest4  (cost=0.43..8.45 rows=1 width=6)
	        Index Cond: (id = 4117747)

table 5 : explain DELETE FROM sbtest5 WHERE id=7794809
	Delete on sbtest5  (cost=0.43..8.45 rows=0 width=0)
	  ->  Index Scan using sbtest5_pkey on sbtest5  (cost=0.43..8.45 rows=1 width=6)
	        Index Cond: (id = 7794809)

table 6 : explain DELETE FROM sbtest6 WHERE id=1083328
	Delete on sbtest6  (cost=0.43..8.45 rows=0 width=0)
	  ->  Index Scan using sbtest6_pkey on sbtest6  (cost=0.43..8.45 rows=1 width=6)
	        Index Cond: (id = 1083328)

table 7 : explain DELETE FROM sbtest7 WHERE id=6471064
	Delete on sbtest7  (cost=0.43..8.45 rows=0 width=0)
	  ->  Index Scan using sbtest7_pkey on sbtest7  (cost=0.43..8.45 rows=1 width=6)
	        Index Cond: (id = 6471064)

table 8 : explain DELETE FROM sbtest8 WHERE id=6365309
	Delete on sbtest8  (cost=0.43..8.45 rows=0 width=0)
	  ->  Index Scan using sbtest8_pkey on sbtest8  (cost=0.43..8.45 rows=1 width=6)
	        Index Cond: (id = 6365309)

explain: for non_index_updates :: explain UPDATE sbtest%u SET c='foobar' WHERE id=%u
for: simple_ranges
table 1 : explain SELECT c FROM sbtest1 WHERE id BETWEEN 827633 AND 827642
	Index Scan using sbtest1_pkey on sbtest1  (cost=0.43..41.00 rows=10 width=121)
	  Index Cond: ((id >= 827633) AND (id <= 827642))

table 2 : explain SELECT c FROM sbtest2 WHERE id BETWEEN 1514476 AND 1514485
	Index Scan using sbtest2_pkey on sbtest2  (cost=0.43..40.94 rows=10 width=121)
	  Index Cond: ((id >= 1514476) AND (id <= 1514485))

table 3 : explain SELECT c FROM sbtest3 WHERE id BETWEEN 5469 AND 5478
	Index Scan using sbtest3_pkey on sbtest3  (cost=0.43..44.11 rows=11 width=121)
	  Index Cond: ((id >= 5469) AND (id <= 5478))

table 4 : explain SELECT c FROM sbtest4 WHERE id BETWEEN 5937524 AND 5937533
	Index Scan using sbtest4_pkey on sbtest4  (cost=0.43..37.03 rows=9 width=121)
	  Index Cond: ((id >= 5937524) AND (id <= 5937533))

table 5 : explain SELECT c FROM sbtest5 WHERE id BETWEEN 7077261 AND 7077270
	Index Scan using sbtest5_pkey on sbtest5  (cost=0.43..40.61 rows=10 width=121)
	  Index Cond: ((id >= 7077261) AND (id <= 7077270))

table 6 : explain SELECT c FROM sbtest6 WHERE id BETWEEN 4127566 AND 4127575
	Index Scan using sbtest6_pkey on sbtest6  (cost=0.43..44.21 rows=11 width=121)
	  Index Cond: ((id >= 4127566) AND (id <= 4127575))

table 7 : explain SELECT c FROM sbtest7 WHERE id BETWEEN 7712531 AND 7712540
	Index Scan using sbtest7_pkey on sbtest7  (cost=0.43..36.91 rows=9 width=121)
	  Index Cond: ((id >= 7712531) AND (id <= 7712540))

table 8 : explain SELECT c FROM sbtest8 WHERE id BETWEEN 8741237 AND 8741246
	Index Scan using sbtest8_pkey on sbtest8  (cost=0.43..40.98 rows=10 width=121)
	  Index Cond: ((id >= 8741237) AND (id <= 8741246))

for deletes
table 1 : explain DELETE FROM sbtest1 WHERE id=474693
	Delete on sbtest1  (cost=0.43..8.45 rows=0 width=0)
	  ->  Index Scan using sbtest1_pkey on sbtest1  (cost=0.43..8.45 rows=1 width=6)
	        Index Cond: (id = 474693)

table 2 : explain DELETE FROM sbtest2 WHERE id=6383842
	Delete on sbtest2  (cost=0.43..8.45 rows=0 width=0)
	  ->  Index Scan using sbtest2_pkey on sbtest2  (cost=0.43..8.45 rows=1 width=6)
	        Index Cond: (id = 6383842)

table 3 : explain DELETE FROM sbtest3 WHERE id=3439855
	Delete on sbtest3  (cost=0.43..8.45 rows=0 width=0)
	  ->  Index Scan using sbtest3_pkey on sbtest3  (cost=0.43..8.45 rows=1 width=6)
	        Index Cond: (id = 3439855)

table 4 : explain DELETE FROM sbtest4 WHERE id=5696427
	Delete on sbtest4  (cost=0.43..8.45 rows=0 width=0)
	  ->  Index Scan using sbtest4_pkey on sbtest4  (cost=0.43..8.45 rows=1 width=6)
	        Index Cond: (id = 5696427)

table 5 : explain DELETE FROM sbtest5 WHERE id=4187357
	Delete on sbtest5  (cost=0.43..8.45 rows=0 width=0)
	  ->  Index Scan using sbtest5_pkey on sbtest5  (cost=0.43..8.45 rows=1 width=6)
	        Index Cond: (id = 4187357)

table 6 : explain DELETE FROM sbtest6 WHERE id=6596925
	Delete on sbtest6  (cost=0.43..8.45 rows=0 width=0)
	  ->  Index Scan using sbtest6_pkey on sbtest6  (cost=0.43..8.45 rows=1 width=6)
	        Index Cond: (id = 6596925)

table 7 : explain DELETE FROM sbtest7 WHERE id=747785
	Delete on sbtest7  (cost=0.43..8.45 rows=0 width=0)
	  ->  Index Scan using sbtest7_pkey on sbtest7  (cost=0.43..8.45 rows=1 width=6)
	        Index Cond: (id = 747785)

table 8 : explain DELETE FROM sbtest8 WHERE id=6382557
	Delete on sbtest8  (cost=0.43..8.45 rows=0 width=0)
	  ->  Index Scan using sbtest8_pkey on sbtest8  (cost=0.43..8.45 rows=1 width=6)
	        Index Cond: (id = 6382557)

for: simple_ranges
table 1 : explain SELECT c FROM sbtest1 WHERE id BETWEEN 7184165 AND 7184174
	Index Scan using sbtest1_pkey on sbtest1  (cost=0.43..41.00 rows=10 width=121)
	  Index Cond: ((id >= 7184165) AND (id <= 7184174))

table 2 : explain SELECT c FROM sbtest2 WHERE id BETWEEN 841410 AND 841419
	Index Scan using sbtest2_pkey on sbtest2  (cost=0.43..40.94 rows=10 width=121)
	  Index Cond: ((id >= 841410) AND (id <= 841419))

table 3 : explain SELECT c FROM sbtest3 WHERE id BETWEEN 233182 AND 233191
	Index Scan using sbtest3_pkey on sbtest3  (cost=0.43..40.55 rows=10 width=121)
	  Index Cond: ((id >= 233182) AND (id <= 233191))

table 4 : explain SELECT c FROM sbtest4 WHERE id BETWEEN 9263003 AND 9263012
	Index Scan using sbtest4_pkey on sbtest4  (cost=0.43..40.60 rows=10 width=121)
	  Index Cond: ((id >= 9263003) AND (id <= 9263012))

table 5 : explain SELECT c FROM sbtest5 WHERE id BETWEEN 8431898 AND 8431907
	Index Scan using sbtest5_pkey on sbtest5  (cost=0.43..40.61 rows=10 width=121)
	  Index Cond: ((id >= 8431898) AND (id <= 8431907))

table 6 : explain SELECT c FROM sbtest6 WHERE id BETWEEN 7455269 AND 7455278
	Index Scan using sbtest6_pkey on sbtest6  (cost=0.43..37.06 rows=9 width=121)
	  Index Cond: ((id >= 7455269) AND (id <= 7455278))

table 7 : explain SELECT c FROM sbtest7 WHERE id BETWEEN 9456819 AND 9456828
	Index Scan using sbtest7_pkey on sbtest7  (cost=0.43..44.02 rows=11 width=121)
	  Index Cond: ((id >= 9456819) AND (id <= 9456828))

table 8 : explain SELECT c FROM sbtest8 WHERE id BETWEEN 7562402 AND 7562411
	Index Scan using sbtest8_pkey on sbtest8  (cost=0.43..44.59 rows=11 width=121)
	  Index Cond: ((id >= 7562402) AND (id <= 7562411))

for non_index_updates
table 1 : explain UPDATE sbtest1 SET c='foobar' WHERE id=7060782
	Update on sbtest1  (cost=0.43..8.45 rows=0 width=0)
	  ->  Index Scan using sbtest1_pkey on sbtest1  (cost=0.43..8.45 rows=1 width=490)
	        Index Cond: (id = 7060782)

table 2 : explain UPDATE sbtest2 SET c='foobar' WHERE id=6102096
	Update on sbtest2  (cost=0.43..8.45 rows=0 width=0)
	  ->  Index Scan using sbtest2_pkey on sbtest2  (cost=0.43..8.45 rows=1 width=490)
	        Index Cond: (id = 6102096)

table 3 : explain UPDATE sbtest3 SET c='foobar' WHERE id=2311374
	Update on sbtest3  (cost=0.43..8.45 rows=0 width=0)
	  ->  Index Scan using sbtest3_pkey on sbtest3  (cost=0.43..8.45 rows=1 width=490)
	        Index Cond: (id = 2311374)

table 4 : explain UPDATE sbtest4 SET c='foobar' WHERE id=8088124
	Update on sbtest4  (cost=0.43..8.45 rows=0 width=0)
	  ->  Index Scan using sbtest4_pkey on sbtest4  (cost=0.43..8.45 rows=1 width=490)
	        Index Cond: (id = 8088124)

table 5 : explain UPDATE sbtest5 SET c='foobar' WHERE id=6326662
	Update on sbtest5  (cost=0.43..8.45 rows=0 width=0)
	  ->  Index Scan using sbtest5_pkey on sbtest5  (cost=0.43..8.45 rows=1 width=490)
	        Index Cond: (id = 6326662)

table 6 : explain UPDATE sbtest6 SET c='foobar' WHERE id=2409592
	Update on sbtest6  (cost=0.43..8.45 rows=0 width=0)
	  ->  Index Scan using sbtest6_pkey on sbtest6  (cost=0.43..8.45 rows=1 width=490)
	        Index Cond: (id = 2409592)

table 7 : explain UPDATE sbtest7 SET c='foobar' WHERE id=7340466
	Update on sbtest7  (cost=0.43..8.45 rows=0 width=0)
	  ->  Index Scan using sbtest7_pkey on sbtest7  (cost=0.43..8.45 rows=1 width=490)
	        Index Cond: (id = 7340466)

table 8 : explain UPDATE sbtest8 SET c='foobar' WHERE id=9333283
	Update on sbtest8  (cost=0.43..8.45 rows=0 width=0)
	  ->  Index Scan using sbtest8_pkey on sbtest8  (cost=0.43..8.45 rows=1 width=490)
	        Index Cond: (id = 9333283)

explain: for point_selects :: explain SELECT c FROM sbtest%u WHERE id=%u
explain: for inserts :: explain INSERT INTO sbtest%u (id, k, c, pad) VALUES (%u, 13, 'foobar', 'foobar')
explain: for deletes :: explain DELETE FROM sbtest%u WHERE id=%u
for: distinct_ranges
table 1 : explain SELECT DISTINCT c FROM sbtest1 WHERE id BETWEEN 1104131 AND 1104140 ORDER BY c
	Unique  (cost=41.16..41.21 rows=10 width=121)
	  ->  Sort  (cost=41.16..41.19 rows=10 width=121)
	        Sort Key: c
	        ->  Index Scan using sbtest1_pkey on sbtest1  (cost=0.43..41.00 rows=10 width=121)
	              Index Cond: ((id >= 1104131) AND (id <= 1104140))

table 2 : explain SELECT DISTINCT c FROM sbtest2 WHERE id BETWEEN 3202131 AND 3202140 ORDER BY c
	Unique  (cost=44.74..44.80 rows=11 width=121)
	  ->  Sort  (cost=44.74..44.77 rows=11 width=121)
	        Sort Key: c
	        ->  Index Scan using sbtest2_pkey on sbtest2  (cost=0.43..44.55 rows=11 width=121)
	              Index Cond: ((id >= 3202131) AND (id <= 3202140))

table 3 : explain SELECT DISTINCT c FROM sbtest3 WHERE id BETWEEN 1184568 AND 1184577 ORDER BY c
	Unique  (cost=40.71..40.76 rows=10 width=121)
	  ->  Sort  (cost=40.71..40.74 rows=10 width=121)
	        Sort Key: c
	        ->  Index Scan using sbtest3_pkey on sbtest3  (cost=0.43..40.55 rows=10 width=121)
	              Index Cond: ((id >= 1184568) AND (id <= 1184577))

table 4 : explain SELECT DISTINCT c FROM sbtest4 WHERE id BETWEEN 6269898 AND 6269907 ORDER BY c
	Unique  (cost=40.77..40.82 rows=10 width=121)
	  ->  Sort  (cost=40.77..40.79 rows=10 width=121)
	        Sort Key: c
	        ->  Index Scan using sbtest4_pkey on sbtest4  (cost=0.43..40.60 rows=10 width=121)
	              Index Cond: ((id >= 6269898) AND (id <= 6269907))

table 5 : explain SELECT DISTINCT c FROM sbtest5 WHERE id BETWEEN 4399404 AND 4399413 ORDER BY c
	Unique  (cost=40.78..40.83 rows=10 width=121)
	  ->  Sort  (cost=40.78..40.80 rows=10 width=121)
	        Sort Key: c
	        ->  Index Scan using sbtest5_pkey on sbtest5  (cost=0.43..40.61 rows=10 width=121)
	              Index Cond: ((id >= 4399404) AND (id <= 4399413))

table 6 : explain SELECT DISTINCT c FROM sbtest6 WHERE id BETWEEN 9010573 AND 9010582 ORDER BY c
	Unique  (cost=37.20..37.24 rows=9 width=121)
	  ->  Sort  (cost=37.20..37.22 rows=9 width=121)
	        Sort Key: c
	        ->  Index Scan using sbtest6_pkey on sbtest6  (cost=0.43..37.06 rows=9 width=121)
	              Index Cond: ((id >= 9010573) AND (id <= 9010582))

table 7 : explain SELECT DISTINCT c FROM sbtest7 WHERE id BETWEEN 1899781 AND 1899790 ORDER BY c
	Unique  (cost=37.05..37.09 rows=9 width=121)
	  ->  Sort  (cost=37.05..37.07 rows=9 width=121)
	        Sort Key: c
	        ->  Index Scan using sbtest7_pkey on sbtest7  (cost=0.43..36.91 rows=9 width=121)
	              Index Cond: ((id >= 1899781) AND (id <= 1899790))

table 8 : explain SELECT DISTINCT c FROM sbtest8 WHERE id BETWEEN 4022941 AND 4022950 ORDER BY c
	Unique  (cost=37.51..37.55 rows=9 width=121)
	  ->  Sort  (cost=37.51..37.53 rows=9 width=121)
	        Sort Key: c
	        ->  Index Scan using sbtest8_pkey on sbtest8  (cost=0.43..37.36 rows=9 width=121)
	              Index Cond: ((id >= 4022941) AND (id <= 4022950))

explain: for inserts :: explain INSERT INTO sbtest%u (id, k, c, pad) VALUES (%u, 13, 'foobar', 'foobar')
for inserts
table 1 : explain INSERT INTO sbtest1 (id, k, c, pad) VALUES (6132205, 13, 'foobar', 'foobar')
	Insert on sbtest1  (cost=0.00..0.01 rows=0 width=0)
	  ->  Result  (cost=0.00..0.01 rows=1 width=736)

table 2 : explain INSERT INTO sbtest2 (id, k, c, pad) VALUES (7014897, 13, 'foobar', 'foobar')
	Insert on sbtest2  (cost=0.00..0.01 rows=0 width=0)
	  ->  Result  (cost=0.00..0.01 rows=1 width=736)

table 3 : explain INSERT INTO sbtest3 (id, k, c, pad) VALUES (7184034, 13, 'foobar', 'foobar')
	Insert on sbtest3  (cost=0.00..0.01 rows=0 width=0)
	  ->  Result  (cost=0.00..0.01 rows=1 width=736)

table 4 : explain INSERT INTO sbtest4 (id, k, c, pad) VALUES (9275137, 13, 'foobar', 'foobar')
	Insert on sbtest4  (cost=0.00..0.01 rows=0 width=0)
	  ->  Result  (cost=0.00..0.01 rows=1 width=736)

table 5 : explain INSERT INTO sbtest5 (id, k, c, pad) VALUES (6029940, 13, 'foobar', 'foobar')
	Insert on sbtest5  (cost=0.00..0.01 rows=0 width=0)
	  ->  Result  (cost=0.00..0.01 rows=1 width=736)

table 6 : explain INSERT INTO sbtest6 (id, k, c, pad) VALUES (2983594, 13, 'foobar', 'foobar')
	Insert on sbtest6  (cost=0.00..0.01 rows=0 width=0)
	  ->  Result  (cost=0.00..0.01 rows=1 width=736)

table 7 : explain INSERT INTO sbtest7 (id, k, c, pad) VALUES (8127441, 13, 'foobar', 'foobar')
	Insert on sbtest7  (cost=0.00..0.01 rows=0 width=0)
	  ->  Result  (cost=0.00..0.01 rows=1 width=736)

table 8 : explain INSERT INTO sbtest8 (id, k, c, pad) VALUES (335257, 13, 'foobar', 'foobar')
	Insert on sbtest8  (cost=0.00..0.01 rows=0 width=0)
	  ->  Result  (cost=0.00..0.01 rows=1 width=736)

for inserts
table 1 : explain INSERT INTO sbtest1 (id, k, c, pad) VALUES (206603, 13, 'foobar', 'foobar')
	Insert on sbtest1  (cost=0.00..0.01 rows=0 width=0)
	  ->  Result  (cost=0.00..0.01 rows=1 width=736)

table 2 : explain INSERT INTO sbtest2 (id, k, c, pad) VALUES (9067034, 13, 'foobar', 'foobar')
	Insert on sbtest2  (cost=0.00..0.01 rows=0 width=0)
	  ->  Result  (cost=0.00..0.01 rows=1 width=736)

table 3 : explain INSERT INTO sbtest3 (id, k, c, pad) VALUES (89204, 13, 'foobar', 'foobar')
	Insert on sbtest3  (cost=0.00..0.01 rows=0 width=0)
	  ->  Result  (cost=0.00..0.01 rows=1 width=736)

table 4 : explain INSERT INTO sbtest4 (id, k, c, pad) VALUES (1114115, 13, 'foobar', 'foobar')
	Insert on sbtest4  (cost=0.00..0.01 rows=0 width=0)
	  ->  Result  (cost=0.00..0.01 rows=1 width=736)

table 5 : explain INSERT INTO sbtest5 (id, k, c, pad) VALUES (4951012, 13, 'foobar', 'foobar')
	Insert on sbtest5  (cost=0.00..0.01 rows=0 width=0)
	  ->  Result  (cost=0.00..0.01 rows=1 width=736)

table 6 : explain INSERT INTO sbtest6 (id, k, c, pad) VALUES (1272595, 13, 'foobar', 'foobar')
	Insert on sbtest6  (cost=0.00..0.01 rows=0 width=0)
	  ->  Result  (cost=0.00..0.01 rows=1 width=736)

table 7 : explain INSERT INTO sbtest7 (id, k, c, pad) VALUES (2696782, 13, 'foobar', 'foobar')
	Insert on sbtest7  (cost=0.00..0.01 rows=0 width=0)
	  ->  Result  (cost=0.00..0.01 rows=1 width=736)

table 8 : explain INSERT INTO sbtest8 (id, k, c, pad) VALUES (2662837, 13, 'foobar', 'foobar')
	Insert on sbtest8  (cost=0.00..0.01 rows=0 width=0)
	  ->  Result  (cost=0.00..0.01 rows=1 width=736)

for deletes
table 1 : explain DELETE FROM sbtest1 WHERE id=4501643
	Delete on sbtest1  (cost=0.43..8.45 rows=0 width=0)
	  ->  Index Scan using sbtest1_pkey on sbtest1  (cost=0.43..8.45 rows=1 width=6)
	        Index Cond: (id = 4501643)

table 2 : explain DELETE FROM sbtest2 WHERE id=7983557
	Delete on sbtest2  (cost=0.43..8.45 rows=0 width=0)
	  ->  Index Scan using sbtest2_pkey on sbtest2  (cost=0.43..8.45 rows=1 width=6)
	        Index Cond: (id = 7983557)

table 3 : explain DELETE FROM sbtest3 WHERE id=6329185
	Delete on sbtest3  (cost=0.43..8.45 rows=0 width=0)
	  ->  Index Scan using sbtest3_pkey on sbtest3  (cost=0.43..8.45 rows=1 width=6)
	        Index Cond: (id = 6329185)

table 4 : explain DELETE FROM sbtest4 WHERE id=8042208
	Delete on sbtest4  (cost=0.43..8.45 rows=0 width=0)
	  ->  Index Scan using sbtest4_pkey on sbtest4  (cost=0.43..8.45 rows=1 width=6)
	        Index Cond: (id = 8042208)

table 5 : explain DELETE FROM sbtest5 WHERE id=6171252
	Delete on sbtest5  (cost=0.43..8.45 rows=0 width=0)
	  ->  Index Scan using sbtest5_pkey on sbtest5  (cost=0.43..8.45 rows=1 width=6)
	        Index Cond: (id = 6171252)

table 6 : explain DELETE FROM sbtest6 WHERE id=4255556
	Delete on sbtest6  (cost=0.43..8.45 rows=0 width=0)
	  ->  Index Scan using sbtest6_pkey on sbtest6  (cost=0.43..8.45 rows=1 width=6)
	        Index Cond: (id = 4255556)

table 7 : explain DELETE FROM sbtest7 WHERE id=2775550
	Delete on sbtest7  (cost=0.43..8.45 rows=0 width=0)
	  ->  Index Scan using sbtest7_pkey on sbtest7  (cost=0.43..8.45 rows=1 width=6)
	        Index Cond: (id = 2775550)

table 8 : explain DELETE FROM sbtest8 WHERE id=3823610
	Delete on sbtest8  (cost=0.43..8.45 rows=0 width=0)
	  ->  Index Scan using sbtest8_pkey on sbtest8  (cost=0.43..8.45 rows=1 width=6)
	        Index Cond: (id = 3823610)

for: distinct_ranges
table 1 : explain SELECT DISTINCT c FROM sbtest1 WHERE id BETWEEN 4861548 AND 4861557 ORDER BY c
	Unique  (cost=44.80..44.86 rows=11 width=121)
	  ->  Sort  (cost=44.80..44.83 rows=11 width=121)
	        Sort Key: c
	        ->  Index Scan using sbtest1_pkey on sbtest1  (cost=0.43..44.61 rows=11 width=121)
	              Index Cond: ((id >= 4861548) AND (id <= 4861557))

table 2 : explain SELECT DISTINCT c FROM sbtest2 WHERE id BETWEEN 7396628 AND 7396637 ORDER BY c
	Unique  (cost=44.74..44.80 rows=11 width=121)
	  ->  Sort  (cost=44.74..44.77 rows=11 width=121)
	        Sort Key: c
	        ->  Index Scan using sbtest2_pkey on sbtest2  (cost=0.43..44.55 rows=11 width=121)
	              Index Cond: ((id >= 7396628) AND (id <= 7396637))

table 3 : explain SELECT DISTINCT c FROM sbtest3 WHERE id BETWEEN 8632649 AND 8632658 ORDER BY c
	Unique  (cost=44.30..44.36 rows=11 width=121)
	  ->  Sort  (cost=44.30..44.33 rows=11 width=121)
	        Sort Key: c
	        ->  Index Scan using sbtest3_pkey on sbtest3  (cost=0.43..44.11 rows=11 width=121)
	              Index Cond: ((id >= 8632649) AND (id <= 8632658))

table 4 : explain SELECT DISTINCT c FROM sbtest4 WHERE id BETWEEN 6117454 AND 6117463 ORDER BY c
	Unique  (cost=40.77..40.82 rows=10 width=121)
	  ->  Sort  (cost=40.77..40.79 rows=10 width=121)
	        Sort Key: c
	        ->  Index Scan using sbtest4_pkey on sbtest4  (cost=0.43..40.60 rows=10 width=121)
	              Index Cond: ((id >= 6117454) AND (id <= 6117463))

table 5 : explain SELECT DISTINCT c FROM sbtest5 WHERE id BETWEEN 8348719 AND 8348728 ORDER BY c
	Unique  (cost=37.18..37.22 rows=9 width=121)
	  ->  Sort  (cost=37.18..37.20 rows=9 width=121)
	        Sort Key: c
	        ->  Index Scan using sbtest5_pkey on sbtest5  (cost=0.43..37.04 rows=9 width=121)
	              Index Cond: ((id >= 8348719) AND (id <= 8348728))

table 6 : explain SELECT DISTINCT c FROM sbtest6 WHERE id BETWEEN 8210510 AND 8210519 ORDER BY c
	Unique  (cost=44.40..44.45 rows=11 width=121)
	  ->  Sort  (cost=44.40..44.43 rows=11 width=121)
	        Sort Key: c
	        ->  Index Scan using sbtest6_pkey on sbtest6  (cost=0.43..44.21 rows=11 width=121)
	              Index Cond: ((id >= 8210510) AND (id <= 8210519))

table 7 : explain SELECT DISTINCT c FROM sbtest7 WHERE id BETWEEN 576363 AND 576372 ORDER BY c
	Unique  (cost=40.63..40.68 rows=10 width=121)
	  ->  Sort  (cost=40.63..40.65 rows=10 width=121)
	        Sort Key: c
	        ->  Index Scan using sbtest7_pkey on sbtest7  (cost=0.43..40.46 rows=10 width=121)
	              Index Cond: ((id >= 576363) AND (id <= 576372))

table 8 : explain SELECT DISTINCT c FROM sbtest8 WHERE id BETWEEN 4038898 AND 4038907 ORDER BY c
	Unique  (cost=37.51..37.55 rows=9 width=121)
	  ->  Sort  (cost=37.51..37.53 rows=9 width=121)
	        Sort Key: c
	        ->  Index Scan using sbtest8_pkey on sbtest8  (cost=0.43..37.36 rows=9 width=121)
	              Index Cond: ((id >= 4038898) AND (id <= 4038907))

for inserts
table 1 : explain INSERT INTO sbtest1 (id, k, c, pad) VALUES (1723193, 13, 'foobar', 'foobar')
	Insert on sbtest1  (cost=0.00..0.01 rows=0 width=0)
	  ->  Result  (cost=0.00..0.01 rows=1 width=736)

table 2 : explain INSERT INTO sbtest2 (id, k, c, pad) VALUES (8304457, 13, 'foobar', 'foobar')
	Insert on sbtest2  (cost=0.00..0.01 rows=0 width=0)
	  ->  Result  (cost=0.00..0.01 rows=1 width=736)

table 3 : explain INSERT INTO sbtest3 (id, k, c, pad) VALUES (1688101, 13, 'foobar', 'foobar')
	Insert on sbtest3  (cost=0.00..0.01 rows=0 width=0)
	  ->  Result  (cost=0.00..0.01 rows=1 width=736)

table 4 : explain INSERT INTO sbtest4 (id, k, c, pad) VALUES (2381254, 13, 'foobar', 'foobar')
	Insert on sbtest4  (cost=0.00..0.01 rows=0 width=0)
	  ->  Result  (cost=0.00..0.01 rows=1 width=736)

table 5 : explain INSERT INTO sbtest5 (id, k, c, pad) VALUES (7201370, 13, 'foobar', 'foobar')
	Insert on sbtest5  (cost=0.00..0.01 rows=0 width=0)
	  ->  Result  (cost=0.00..0.01 rows=1 width=736)

table 6 : explain INSERT INTO sbtest6 (id, k, c, pad) VALUES (2921617, 13, 'foobar', 'foobar')
	Insert on sbtest6  (cost=0.00..0.01 rows=0 width=0)
	  ->  Result  (cost=0.00..0.01 rows=1 width=736)

table 7 : explain INSERT INTO sbtest7 (id, k, c, pad) VALUES (3806480, 13, 'foobar', 'foobar')
	Insert on sbtest7  (cost=0.00..0.01 rows=0 width=0)
	  ->  Result  (cost=0.00..0.01 rows=1 width=736)

table 8 : explain INSERT INTO sbtest8 (id, k, c, pad) VALUES (3526109, 13, 'foobar', 'foobar')
	Insert on sbtest8  (cost=0.00..0.01 rows=0 width=0)
	  ->  Result  (cost=0.00..0.01 rows=1 width=736)

explain: for index_updates :: explain UPDATE sbtest%u SET k=k+1 WHERE id=%u
for non_index_updates
table 1 : explain UPDATE sbtest1 SET c='foobar' WHERE id=7231555
	Update on sbtest1  (cost=0.43..8.45 rows=0 width=0)
	  ->  Index Scan using sbtest1_pkey on sbtest1  (cost=0.43..8.45 rows=1 width=490)
	        Index Cond: (id = 7231555)

table 2 : explain UPDATE sbtest2 SET c='foobar' WHERE id=1710830
	Update on sbtest2  (cost=0.43..8.45 rows=0 width=0)
	  ->  Index Scan using sbtest2_pkey on sbtest2  (cost=0.43..8.45 rows=1 width=490)
	        Index Cond: (id = 1710830)

table 3 : explain UPDATE sbtest3 SET c='foobar' WHERE id=5423576
	Update on sbtest3  (cost=0.43..8.45 rows=0 width=0)
	  ->  Index Scan using sbtest3_pkey on sbtest3  (cost=0.43..8.45 rows=1 width=490)
	        Index Cond: (id = 5423576)

table 4 : explain UPDATE sbtest4 SET c='foobar' WHERE id=5633157
	Update on sbtest4  (cost=0.43..8.45 rows=0 width=0)
	  ->  Index Scan using sbtest4_pkey on sbtest4  (cost=0.43..8.45 rows=1 width=490)
	        Index Cond: (id = 5633157)

table 5 : explain UPDATE sbtest5 SET c='foobar' WHERE id=101123
	Update on sbtest5  (cost=0.43..8.45 rows=0 width=0)
	  ->  Index Scan using sbtest5_pkey on sbtest5  (cost=0.43..8.45 rows=1 width=490)
	        Index Cond: (id = 101123)

table 6 : explain UPDATE sbtest6 SET c='foobar' WHERE id=2612370
	Update on sbtest6  (cost=0.43..8.45 rows=0 width=0)
	  ->  Index Scan using sbtest6_pkey on sbtest6  (cost=0.43..8.45 rows=1 width=490)
	        Index Cond: (id = 2612370)

table 7 : explain UPDATE sbtest7 SET c='foobar' WHERE id=2769093
	Update on sbtest7  (cost=0.43..8.45 rows=0 width=0)
	  ->  Index Scan using sbtest7_pkey on sbtest7  (cost=0.43..8.45 rows=1 width=490)
	        Index Cond: (id = 2769093)

table 8 : explain UPDATE sbtest8 SET c='foobar' WHERE id=5846196
	Update on sbtest8  (cost=0.43..8.45 rows=0 width=0)
	  ->  Index Scan using sbtest8_pkey on sbtest8  (cost=0.43..8.45 rows=1 width=490)
	        Index Cond: (id = 5846196)

explain: for index_updates :: explain UPDATE sbtest%u SET k=k+1 WHERE id=%u
explain: for inserts :: explain INSERT INTO sbtest%u (id, k, c, pad) VALUES (%u, 13, 'foobar', 'foobar')
explain: for point_selects :: explain SELECT c FROM sbtest%u WHERE id=%u
explain: for deletes :: explain DELETE FROM sbtest%u WHERE id=%u
for inserts
table 1 : explain INSERT INTO sbtest1 (id, k, c, pad) VALUES (537739, 13, 'foobar', 'foobar')
	Insert on sbtest1  (cost=0.00..0.01 rows=0 width=0)
	  ->  Result  (cost=0.00..0.01 rows=1 width=736)

table 2 : explain INSERT INTO sbtest2 (id, k, c, pad) VALUES (1652208, 13, 'foobar', 'foobar')
	Insert on sbtest2  (cost=0.00..0.01 rows=0 width=0)
	  ->  Result  (cost=0.00..0.01 rows=1 width=736)

table 3 : explain INSERT INTO sbtest3 (id, k, c, pad) VALUES (5345060, 13, 'foobar', 'foobar')
	Insert on sbtest3  (cost=0.00..0.01 rows=0 width=0)
	  ->  Result  (cost=0.00..0.01 rows=1 width=736)

table 4 : explain INSERT INTO sbtest4 (id, k, c, pad) VALUES (4105481, 13, 'foobar', 'foobar')
	Insert on sbtest4  (cost=0.00..0.01 rows=0 width=0)
	  ->  Result  (cost=0.00..0.01 rows=1 width=736)

table 5 : explain INSERT INTO sbtest5 (id, k, c, pad) VALUES (8187304, 13, 'foobar', 'foobar')
	Insert on sbtest5  (cost=0.00..0.01 rows=0 width=0)
	  ->  Result  (cost=0.00..0.01 rows=1 width=736)

table 6 : explain INSERT INTO sbtest6 (id, k, c, pad) VALUES (6261775, 13, 'foobar', 'foobar')
	Insert on sbtest6  (cost=0.00..0.01 rows=0 width=0)
	  ->  Result  (cost=0.00..0.01 rows=1 width=736)

table 7 : explain INSERT INTO sbtest7 (id, k, c, pad) VALUES (3011852, 13, 'foobar', 'foobar')
	Insert on sbtest7  (cost=0.00..0.01 rows=0 width=0)
	  ->  Result  (cost=0.00..0.01 rows=1 width=736)

table 8 : explain INSERT INTO sbtest8 (id, k, c, pad) VALUES (8851776, 13, 'foobar', 'foobar')
	Insert on sbtest8  (cost=0.00..0.01 rows=0 width=0)
	  ->  Result  (cost=0.00..0.01 rows=1 width=736)

for index_updates
table 1 : explain UPDATE sbtest1 SET k=k+1 WHERE id=7547679
	Update on sbtest1  (cost=0.43..8.46 rows=0 width=0)
	  ->  Index Scan using sbtest1_pkey on sbtest1  (cost=0.43..8.46 rows=1 width=10)
	        Index Cond: (id = 7547679)

table 2 : explain UPDATE sbtest2 SET k=k+1 WHERE id=9653006
	Update on sbtest2  (cost=0.43..8.46 rows=0 width=0)
	  ->  Index Scan using sbtest2_pkey on sbtest2  (cost=0.43..8.46 rows=1 width=10)
	        Index Cond: (id = 9653006)

table 3 : explain UPDATE sbtest3 SET k=k+1 WHERE id=160722
	Update on sbtest3  (cost=0.43..8.46 rows=0 width=0)
	  ->  Index Scan using sbtest3_pkey on sbtest3  (cost=0.43..8.46 rows=1 width=10)
	        Index Cond: (id = 160722)

table 4 : explain UPDATE sbtest4 SET k=k+1 WHERE id=4437369
	Update on sbtest4  (cost=0.43..8.46 rows=0 width=0)
	  ->  Index Scan using sbtest4_pkey on sbtest4  (cost=0.43..8.46 rows=1 width=10)
	        Index Cond: (id = 4437369)

table 5 : explain UPDATE sbtest5 SET k=k+1 WHERE id=9353081
	Update on sbtest5  (cost=0.43..8.46 rows=0 width=0)
	  ->  Index Scan using sbtest5_pkey on sbtest5  (cost=0.43..8.46 rows=1 width=10)
	        Index Cond: (id = 9353081)

table 6 : explain UPDATE sbtest6 SET k=k+1 WHERE id=8097759
	Update on sbtest6  (cost=0.43..8.46 rows=0 width=0)
	  ->  Index Scan using sbtest6_pkey on sbtest6  (cost=0.43..8.46 rows=1 width=10)
	        Index Cond: (id = 8097759)

table 7 : explain UPDATE sbtest7 SET k=k+1 WHERE id=4082405
	Update on sbtest7  (cost=0.43..8.46 rows=0 width=0)
	  ->  Index Scan using sbtest7_pkey on sbtest7  (cost=0.43..8.46 rows=1 width=10)
	        Index Cond: (id = 4082405)

table 8 : explain UPDATE sbtest8 SET k=k+1 WHERE id=8753229
	Update on sbtest8  (cost=0.43..8.46 rows=0 width=0)
	  ->  Index Scan using sbtest8_pkey on sbtest8  (cost=0.43..8.46 rows=1 width=10)
	        Index Cond: (id = 8753229)

for: sum_ranges
table 1 : explain SELECT SUM(k) FROM sbtest1 WHERE id BETWEEN 3386487 AND 3386496
	Aggregate  (cost=41.02..41.03 rows=1 width=8)
	  ->  Index Scan using sbtest1_pkey on sbtest1  (cost=0.43..41.00 rows=10 width=4)
	        Index Cond: ((id >= 3386487) AND (id <= 3386496))

table 2 : explain SELECT SUM(k) FROM sbtest2 WHERE id BETWEEN 504864 AND 504873
	Aggregate  (cost=40.97..40.98 rows=1 width=8)
	  ->  Index Scan using sbtest2_pkey on sbtest2  (cost=0.43..40.94 rows=10 width=4)
	        Index Cond: ((id >= 504864) AND (id <= 504873))

table 3 : explain SELECT SUM(k) FROM sbtest3 WHERE id BETWEEN 6334591 AND 6334600
	Aggregate  (cost=37.00..37.01 rows=1 width=8)
	  ->  Index Scan using sbtest3_pkey on sbtest3  (cost=0.43..36.98 rows=9 width=4)
	        Index Cond: ((id >= 6334591) AND (id <= 6334600))

table 4 : explain SELECT SUM(k) FROM sbtest4 WHERE id BETWEEN 6578407 AND 6578416
	Aggregate  (cost=37.05..37.06 rows=1 width=8)
	  ->  Index Scan using sbtest4_pkey on sbtest4  (cost=0.43..37.03 rows=9 width=4)
	        Index Cond: ((id >= 6578407) AND (id <= 6578416))

table 5 : explain SELECT SUM(k) FROM sbtest5 WHERE id BETWEEN 8624718 AND 8624727
	Aggregate  (cost=40.63..40.64 rows=1 width=8)
	  ->  Index Scan using sbtest5_pkey on sbtest5  (cost=0.43..40.61 rows=10 width=4)
	        Index Cond: ((id >= 8624718) AND (id <= 8624727))

table 6 : explain SELECT SUM(k) FROM sbtest6 WHERE id BETWEEN 8985901 AND 8985910
	Aggregate  (cost=37.08..37.09 rows=1 width=8)
	  ->  Index Scan using sbtest6_pkey on sbtest6  (cost=0.43..37.06 rows=9 width=4)
	        Index Cond: ((id >= 8985901) AND (id <= 8985910))

table 7 : explain SELECT SUM(k) FROM sbtest7 WHERE id BETWEEN 4204293 AND 4204302
	Aggregate  (cost=44.05..44.06 rows=1 width=8)
	  ->  Index Scan using sbtest7_pkey on sbtest7  (cost=0.43..44.02 rows=11 width=4)
	        Index Cond: ((id >= 4204293) AND (id <= 4204302))

table 8 : explain SELECT SUM(k) FROM sbtest8 WHERE id BETWEEN 8314960 AND 8314969
	Aggregate  (cost=37.39..37.40 rows=1 width=8)
	  ->  Index Scan using sbtest8_pkey on sbtest8  (cost=0.43..37.36 rows=9 width=4)
	        Index Cond: ((id >= 8314960) AND (id <= 8314969))

for: order_ranges
table 1 : explain SELECT c FROM sbtest1 WHERE id BETWEEN 1757135 AND 1757144 ORDER BY c
	Sort  (cost=41.16..41.19 rows=10 width=121)
	  Sort Key: c
	  ->  Index Scan using sbtest1_pkey on sbtest1  (cost=0.43..41.00 rows=10 width=121)
	        Index Cond: ((id >= 1757135) AND (id <= 1757144))

table 2 : explain SELECT c FROM sbtest2 WHERE id BETWEEN 8739936 AND 8739945 ORDER BY c
	Sort  (cost=41.11..41.13 rows=10 width=121)
	  Sort Key: c
	  ->  Index Scan using sbtest2_pkey on sbtest2  (cost=0.43..40.94 rows=10 width=121)
	        Index Cond: ((id >= 8739936) AND (id <= 8739945))

table 3 : explain SELECT c FROM sbtest3 WHERE id BETWEEN 1028188 AND 1028197 ORDER BY c
	Sort  (cost=44.30..44.33 rows=11 width=121)
	  Sort Key: c
	  ->  Index Scan using sbtest3_pkey on sbtest3  (cost=0.43..44.11 rows=11 width=121)
	        Index Cond: ((id >= 1028188) AND (id <= 1028197))

table 4 : explain SELECT c FROM sbtest4 WHERE id BETWEEN 8519068 AND 8519077 ORDER BY c
	Sort  (cost=40.77..40.79 rows=10 width=121)
	  Sort Key: c
	  ->  Index Scan using sbtest4_pkey on sbtest4  (cost=0.43..40.60 rows=10 width=121)
	        Index Cond: ((id >= 8519068) AND (id <= 8519077))

table 5 : explain SELECT c FROM sbtest5 WHERE id BETWEEN 1949086 AND 1949095 ORDER BY c
	Sort  (cost=37.18..37.20 rows=9 width=121)
	  Sort Key: c
	  ->  Index Scan using sbtest5_pkey on sbtest5  (cost=0.43..37.04 rows=9 width=121)
	        Index Cond: ((id >= 1949086) AND (id <= 1949095))

table 6 : explain SELECT c FROM sbtest6 WHERE id BETWEEN 3208512 AND 3208521 ORDER BY c
	Sort  (cost=44.40..44.43 rows=11 width=121)
	  Sort Key: c
	  ->  Index Scan using sbtest6_pkey on sbtest6  (cost=0.43..44.21 rows=11 width=121)
	        Index Cond: ((id >= 3208512) AND (id <= 3208521))

table 7 : explain SELECT c FROM sbtest7 WHERE id BETWEEN 6323522 AND 6323531 ORDER BY c
	Sort  (cost=44.21..44.24 rows=11 width=121)
	  Sort Key: c
	  ->  Index Scan using sbtest7_pkey on sbtest7  (cost=0.43..44.02 rows=11 width=121)
	        Index Cond: ((id >= 6323522) AND (id <= 6323531))

table 8 : explain SELECT c FROM sbtest8 WHERE id BETWEEN 7486357 AND 7486366 ORDER BY c
	Sort  (cost=44.78..44.81 rows=11 width=121)
	  Sort Key: c
	  ->  Index Scan using sbtest8_pkey on sbtest8  (cost=0.43..44.59 rows=11 width=121)
	        Index Cond: ((id >= 7486357) AND (id <= 7486366))

explain: for non_index_updates :: explain UPDATE sbtest%u SET c='foobar' WHERE id=%u
explain: for point_selects :: explain SELECT c FROM sbtest%u WHERE id=%u
for: sum_ranges
table 1 : explain SELECT SUM(k) FROM sbtest1 WHERE id BETWEEN 1908882 AND 1908891
	Aggregate  (cost=44.64..44.65 rows=1 width=8)
	  ->  Index Scan using sbtest1_pkey on sbtest1  (cost=0.43..44.61 rows=11 width=4)
	        Index Cond: ((id >= 1908882) AND (id <= 1908891))

table 2 : explain SELECT SUM(k) FROM sbtest2 WHERE id BETWEEN 1245636 AND 1245645
	Aggregate  (cost=40.97..40.98 rows=1 width=8)
	  ->  Index Scan using sbtest2_pkey on sbtest2  (cost=0.43..40.94 rows=10 width=4)
	        Index Cond: ((id >= 1245636) AND (id <= 1245645))

table 3 : explain SELECT SUM(k) FROM sbtest3 WHERE id BETWEEN 1342394 AND 1342403
	Aggregate  (cost=40.57..40.58 rows=1 width=8)
	  ->  Index Scan using sbtest3_pkey on sbtest3  (cost=0.43..40.55 rows=10 width=4)
	        Index Cond: ((id >= 1342394) AND (id <= 1342403))

table 4 : explain SELECT SUM(k) FROM sbtest4 WHERE id BETWEEN 2204143 AND 2204152
	Aggregate  (cost=44.20..44.21 rows=1 width=8)
	  ->  Index Scan using sbtest4_pkey on sbtest4  (cost=0.43..44.18 rows=11 width=4)
	        Index Cond: ((id >= 2204143) AND (id <= 2204152))

table 5 : explain SELECT SUM(k) FROM sbtest5 WHERE id BETWEEN 6100930 AND 6100939
	Aggregate  (cost=44.21..44.22 rows=1 width=8)
	  ->  Index Scan using sbtest5_pkey on sbtest5  (cost=0.43..44.18 rows=11 width=4)
	        Index Cond: ((id >= 6100930) AND (id <= 6100939))

table 6 : explain SELECT SUM(k) FROM sbtest6 WHERE id BETWEEN 4762815 AND 4762824
	Aggregate  (cost=37.08..37.09 rows=1 width=8)
	  ->  Index Scan using sbtest6_pkey on sbtest6  (cost=0.43..37.06 rows=9 width=4)
	        Index Cond: ((id >= 4762815) AND (id <= 4762824))

table 7 : explain SELECT SUM(k) FROM sbtest7 WHERE id BETWEEN 4877849 AND 4877858
	Aggregate  (cost=40.49..40.50 rows=1 width=8)
	  ->  Index Scan using sbtest7_pkey on sbtest7  (cost=0.43..40.46 rows=10 width=4)
	        Index Cond: ((id >= 4877849) AND (id <= 4877858))

table 8 : explain SELECT SUM(k) FROM sbtest8 WHERE id BETWEEN 5355133 AND 5355142
	Aggregate  (cost=41.00..41.01 rows=1 width=8)
	  ->  Index Scan using sbtest8_pkey on sbtest8  (cost=0.43..40.98 rows=10 width=4)
	        Index Cond: ((id >= 5355133) AND (id <= 5355142))

explain: for point_selects :: explain SELECT c FROM sbtest%u WHERE id=%u
for index_updates
table 1 : explain UPDATE sbtest1 SET k=k+1 WHERE id=4389652
	Update on sbtest1  (cost=0.43..8.46 rows=0 width=0)
	  ->  Index Scan using sbtest1_pkey on sbtest1  (cost=0.43..8.46 rows=1 width=10)
	        Index Cond: (id = 4389652)

table 2 : explain UPDATE sbtest2 SET k=k+1 WHERE id=9529285
	Update on sbtest2  (cost=0.43..8.46 rows=0 width=0)
	  ->  Index Scan using sbtest2_pkey on sbtest2  (cost=0.43..8.46 rows=1 width=10)
	        Index Cond: (id = 9529285)

table 3 : explain UPDATE sbtest3 SET k=k+1 WHERE id=6189934
	Update on sbtest3  (cost=0.43..8.46 rows=0 width=0)
	  ->  Index Scan using sbtest3_pkey on sbtest3  (cost=0.43..8.46 rows=1 width=10)
	        Index Cond: (id = 6189934)

table 4 : explain UPDATE sbtest4 SET k=k+1 WHERE id=4928972
	Update on sbtest4  (cost=0.43..8.46 rows=0 width=0)
	  ->  Index Scan using sbtest4_pkey on sbtest4  (cost=0.43..8.46 rows=1 width=10)
	        Index Cond: (id = 4928972)

table 5 : explain UPDATE sbtest5 SET k=k+1 WHERE id=1398179
	Update on sbtest5  (cost=0.43..8.46 rows=0 width=0)
	  ->  Index Scan using sbtest5_pkey on sbtest5  (cost=0.43..8.46 rows=1 width=10)
	        Index Cond: (id = 1398179)

table 6 : explain UPDATE sbtest6 SET k=k+1 WHERE id=316115
	Update on sbtest6  (cost=0.43..8.46 rows=0 width=0)
	  ->  Index Scan using sbtest6_pkey on sbtest6  (cost=0.43..8.46 rows=1 width=10)
	        Index Cond: (id = 316115)

table 7 : explain UPDATE sbtest7 SET k=k+1 WHERE id=5042973
	Update on sbtest7  (cost=0.43..8.46 rows=0 width=0)
	  ->  Index Scan using sbtest7_pkey on sbtest7  (cost=0.43..8.46 rows=1 width=10)
	        Index Cond: (id = 5042973)

table 8 : explain UPDATE sbtest8 SET k=k+1 WHERE id=7594308
	Update on sbtest8  (cost=0.43..8.46 rows=0 width=0)
	  ->  Index Scan using sbtest8_pkey on sbtest8  (cost=0.43..8.46 rows=1 width=10)
	        Index Cond: (id = 7594308)

for non_index_updates
table 1 : explain UPDATE sbtest1 SET c='foobar' WHERE id=2939435
	Update on sbtest1  (cost=0.43..8.45 rows=0 width=0)
	  ->  Index Scan using sbtest1_pkey on sbtest1  (cost=0.43..8.45 rows=1 width=490)
	        Index Cond: (id = 2939435)

table 2 : explain UPDATE sbtest2 SET c='foobar' WHERE id=3893080
	Update on sbtest2  (cost=0.43..8.45 rows=0 width=0)
	  ->  Index Scan using sbtest2_pkey on sbtest2  (cost=0.43..8.45 rows=1 width=490)
	        Index Cond: (id = 3893080)

table 3 : explain UPDATE sbtest3 SET c='foobar' WHERE id=415074
	Update on sbtest3  (cost=0.43..8.45 rows=0 width=0)
	  ->  Index Scan using sbtest3_pkey on sbtest3  (cost=0.43..8.45 rows=1 width=490)
	        Index Cond: (id = 415074)

table 4 : explain UPDATE sbtest4 SET c='foobar' WHERE id=2933256
	Update on sbtest4  (cost=0.43..8.45 rows=0 width=0)
	  ->  Index Scan using sbtest4_pkey on sbtest4  (cost=0.43..8.45 rows=1 width=490)
	        Index Cond: (id = 2933256)

table 5 : explain UPDATE sbtest5 SET c='foobar' WHERE id=9163772
	Update on sbtest5  (cost=0.43..8.45 rows=0 width=0)
	  ->  Index Scan using sbtest5_pkey on sbtest5  (cost=0.43..8.45 rows=1 width=490)
	        Index Cond: (id = 9163772)

table 6 : explain UPDATE sbtest6 SET c='foobar' WHERE id=9673727
	Update on sbtest6  (cost=0.43..8.45 rows=0 width=0)
	  ->  Index Scan using sbtest6_pkey on sbtest6  (cost=0.43..8.45 rows=1 width=490)
	        Index Cond: (id = 9673727)

table 7 : explain UPDATE sbtest7 SET c='foobar' WHERE id=8337355
	Update on sbtest7  (cost=0.43..8.45 rows=0 width=0)
	  ->  Index Scan using sbtest7_pkey on sbtest7  (cost=0.43..8.45 rows=1 width=490)
	        Index Cond: (id = 8337355)

table 8 : explain UPDATE sbtest8 SET c='foobar' WHERE id=3927640
	Update on sbtest8  (cost=0.43..8.45 rows=0 width=0)
	  ->  Index Scan using sbtest8_pkey on sbtest8  (cost=0.43..8.45 rows=1 width=490)
	        Index Cond: (id = 3927640)

for deletes
table 1 : explain DELETE FROM sbtest1 WHERE id=9861924
	Delete on sbtest1  (cost=0.43..8.45 rows=0 width=0)
	  ->  Index Scan using sbtest1_pkey on sbtest1  (cost=0.43..8.45 rows=1 width=6)
	        Index Cond: (id = 9861924)

table 2 : explain DELETE FROM sbtest2 WHERE id=7514156
	Delete on sbtest2  (cost=0.43..8.45 rows=0 width=0)
	  ->  Index Scan using sbtest2_pkey on sbtest2  (cost=0.43..8.45 rows=1 width=6)
	        Index Cond: (id = 7514156)

table 3 : explain DELETE FROM sbtest3 WHERE id=8861964
	Delete on sbtest3  (cost=0.43..8.45 rows=0 width=0)
	  ->  Index Scan using sbtest3_pkey on sbtest3  (cost=0.43..8.45 rows=1 width=6)
	        Index Cond: (id = 8861964)

table 4 : explain DELETE FROM sbtest4 WHERE id=8661174
	Delete on sbtest4  (cost=0.43..8.45 rows=0 width=0)
	  ->  Index Scan using sbtest4_pkey on sbtest4  (cost=0.43..8.45 rows=1 width=6)
	        Index Cond: (id = 8661174)

table 5 : explain DELETE FROM sbtest5 WHERE id=156927
	Delete on sbtest5  (cost=0.43..8.45 rows=0 width=0)
	  ->  Index Scan using sbtest5_pkey on sbtest5  (cost=0.43..8.45 rows=1 width=6)
	        Index Cond: (id = 156927)

table 6 : explain DELETE FROM sbtest6 WHERE id=9821552
	Delete on sbtest6  (cost=0.43..8.45 rows=0 width=0)
	  ->  Index Scan using sbtest6_pkey on sbtest6  (cost=0.43..8.45 rows=1 width=6)
	        Index Cond: (id = 9821552)

table 7 : explain DELETE FROM sbtest7 WHERE id=3339443
	Delete on sbtest7  (cost=0.43..8.45 rows=0 width=0)
	  ->  Index Scan using sbtest7_pkey on sbtest7  (cost=0.43..8.45 rows=1 width=6)
	        Index Cond: (id = 3339443)

table 8 : explain DELETE FROM sbtest8 WHERE id=7365682
	Delete on sbtest8  (cost=0.43..8.45 rows=0 width=0)
	  ->  Index Scan using sbtest8_pkey on sbtest8  (cost=0.43..8.45 rows=1 width=6)
	        Index Cond: (id = 7365682)

explain: for deletes :: explain DELETE FROM sbtest%u WHERE id=%u
for: order_ranges
table 1 : explain SELECT c FROM sbtest1 WHERE id BETWEEN 9492929 AND 9492938 ORDER BY c
	Sort  (cost=41.16..41.19 rows=10 width=121)
	  Sort Key: c
	  ->  Index Scan using sbtest1_pkey on sbtest1  (cost=0.43..41.00 rows=10 width=121)
	        Index Cond: ((id >= 9492929) AND (id <= 9492938))

table 2 : explain SELECT c FROM sbtest2 WHERE id BETWEEN 4086913 AND 4086922 ORDER BY c
	Sort  (cost=41.11..41.13 rows=10 width=121)
	  Sort Key: c
	  ->  Index Scan using sbtest2_pkey on sbtest2  (cost=0.43..40.94 rows=10 width=121)
	        Index Cond: ((id >= 4086913) AND (id <= 4086922))

table 3 : explain SELECT c FROM sbtest3 WHERE id BETWEEN 2351786 AND 2351795 ORDER BY c
	Sort  (cost=37.12..37.14 rows=9 width=121)
	  Sort Key: c
	  ->  Index Scan using sbtest3_pkey on sbtest3  (cost=0.43..36.98 rows=9 width=121)
	        Index Cond: ((id >= 2351786) AND (id <= 2351795))

table 4 : explain SELECT c FROM sbtest4 WHERE id BETWEEN 8640746 AND 8640755 ORDER BY c
	Sort  (cost=44.37..44.39 rows=11 width=121)
	  Sort Key: c
	  ->  Index Scan using sbtest4_pkey on sbtest4  (cost=0.43..44.18 rows=11 width=121)
	        Index Cond: ((id >= 8640746) AND (id <= 8640755))

table 5 : explain SELECT c FROM sbtest5 WHERE id BETWEEN 7390516 AND 7390525 ORDER BY c
	Sort  (cost=40.78..40.80 rows=10 width=121)
	  Sort Key: c
	  ->  Index Scan using sbtest5_pkey on sbtest5  (cost=0.43..40.61 rows=10 width=121)
	        Index Cond: ((id >= 7390516) AND (id <= 7390525))

table 6 : explain SELECT c FROM sbtest6 WHERE id BETWEEN 9504235 AND 9504244 ORDER BY c
	Sort  (cost=40.80..40.82 rows=10 width=121)
	  Sort Key: c
	  ->  Index Scan using sbtest6_pkey on sbtest6  (cost=0.43..40.63 rows=10 width=121)
	        Index Cond: ((id >= 9504235) AND (id <= 9504244))

table 7 : explain SELECT c FROM sbtest7 WHERE id BETWEEN 7500549 AND 7500558 ORDER BY c
	Sort  (cost=40.63..40.65 rows=10 width=121)
	  Sort Key: c
	  ->  Index Scan using sbtest7_pkey on sbtest7  (cost=0.43..40.46 rows=10 width=121)
	        Index Cond: ((id >= 7500549) AND (id <= 7500558))

table 8 : explain SELECT c FROM sbtest8 WHERE id BETWEEN 5100365 AND 5100374 ORDER BY c
	Sort  (cost=41.14..41.17 rows=10 width=121)
	  Sort Key: c
	  ->  Index Scan using sbtest8_pkey on sbtest8  (cost=0.43..40.98 rows=10 width=121)
	        Index Cond: ((id >= 5100365) AND (id <= 5100374))

for: distinct_ranges
table 1 : explain SELECT DISTINCT c FROM sbtest1 WHERE id BETWEEN 5250300 AND 5250309 ORDER BY c
	Unique  (cost=41.16..41.21 rows=10 width=121)
	  ->  Sort  (cost=41.16..41.19 rows=10 width=121)
	        Sort Key: c
	        ->  Index Scan using sbtest1_pkey on sbtest1  (cost=0.43..41.00 rows=10 width=121)
	              Index Cond: ((id >= 5250300) AND (id <= 5250309))

table 2 : explain SELECT DISTINCT c FROM sbtest2 WHERE id BETWEEN 1149928 AND 1149937 ORDER BY c
	Unique  (cost=41.11..41.16 rows=10 width=121)
	  ->  Sort  (cost=41.11..41.13 rows=10 width=121)
	        Sort Key: c
	        ->  Index Scan using sbtest2_pkey on sbtest2  (cost=0.43..40.94 rows=10 width=121)
	              Index Cond: ((id >= 1149928) AND (id <= 1149937))

table 3 : explain SELECT DISTINCT c FROM sbtest3 WHERE id BETWEEN 4168875 AND 4168884 ORDER BY c
	Unique  (cost=44.30..44.36 rows=11 width=121)
	  ->  Sort  (cost=44.30..44.33 rows=11 width=121)
	        Sort Key: c
	        ->  Index Scan using sbtest3_pkey on sbtest3  (cost=0.43..44.11 rows=11 width=121)
	              Index Cond: ((id >= 4168875) AND (id <= 4168884))

table 4 : explain SELECT DISTINCT c FROM sbtest4 WHERE id BETWEEN 6252894 AND 6252903 ORDER BY c
	Unique  (cost=40.77..40.82 rows=10 width=121)
	  ->  Sort  (cost=40.77..40.79 rows=10 width=121)
	        Sort Key: c
	        ->  Index Scan using sbtest4_pkey on sbtest4  (cost=0.43..40.60 rows=10 width=121)
	              Index Cond: ((id >= 6252894) AND (id <= 6252903))

table 5 : explain SELECT DISTINCT c FROM sbtest5 WHERE id BETWEEN 7979284 AND 7979293 ORDER BY c
	Unique  (cost=40.78..40.83 rows=10 width=121)
	  ->  Sort  (cost=40.78..40.80 rows=10 width=121)
	        Sort Key: c
	        ->  Index Scan using sbtest5_pkey on sbtest5  (cost=0.43..40.61 rows=10 width=121)
	              Index Cond: ((id >= 7979284) AND (id <= 7979293))

table 6 : explain SELECT DISTINCT c FROM sbtest6 WHERE id BETWEEN 6766309 AND 6766318 ORDER BY c
	Unique  (cost=37.20..37.24 rows=9 width=121)
	  ->  Sort  (cost=37.20..37.22 rows=9 width=121)
	        Sort Key: c
	        ->  Index Scan using sbtest6_pkey on sbtest6  (cost=0.43..37.06 rows=9 width=121)
	              Index Cond: ((id >= 6766309) AND (id <= 6766318))

table 7 : explain SELECT DISTINCT c FROM sbtest7 WHERE id BETWEEN 4656784 AND 4656793 ORDER BY c
	Unique  (cost=40.63..40.68 rows=10 width=121)
	  ->  Sort  (cost=40.63..40.65 rows=10 width=121)
	        Sort Key: c
	        ->  Index Scan using sbtest7_pkey on sbtest7  (cost=0.43..40.46 rows=10 width=121)
	              Index Cond: ((id >= 4656784) AND (id <= 4656793))

table 8 : explain SELECT DISTINCT c FROM sbtest8 WHERE id BETWEEN 5667774 AND 5667783 ORDER BY c
	Unique  (cost=41.14..41.19 rows=10 width=121)
	  ->  Sort  (cost=41.14..41.17 rows=10 width=121)
	        Sort Key: c
	        ->  Index Scan using sbtest8_pkey on sbtest8  (cost=0.43..40.98 rows=10 width=121)
	              Index Cond: ((id >= 5667774) AND (id <= 5667783))

for deletes
table 1 : explain DELETE FROM sbtest1 WHERE id=4724395
	Delete on sbtest1  (cost=0.43..8.45 rows=0 width=0)
	  ->  Index Scan using sbtest1_pkey on sbtest1  (cost=0.43..8.45 rows=1 width=6)
	        Index Cond: (id = 4724395)

table 2 : explain DELETE FROM sbtest2 WHERE id=7629088
	Delete on sbtest2  (cost=0.43..8.45 rows=0 width=0)
	  ->  Index Scan using sbtest2_pkey on sbtest2  (cost=0.43..8.45 rows=1 width=6)
	        Index Cond: (id = 7629088)

table 3 : explain DELETE FROM sbtest3 WHERE id=5516079
	Delete on sbtest3  (cost=0.43..8.45 rows=0 width=0)
	  ->  Index Scan using sbtest3_pkey on sbtest3  (cost=0.43..8.45 rows=1 width=6)
	        Index Cond: (id = 5516079)

table 4 : explain DELETE FROM sbtest4 WHERE id=9249563
	Delete on sbtest4  (cost=0.43..8.45 rows=0 width=0)
	  ->  Index Scan using sbtest4_pkey on sbtest4  (cost=0.43..8.45 rows=1 width=6)
	        Index Cond: (id = 9249563)

table 5 : explain DELETE FROM sbtest5 WHERE id=5556729
	Delete on sbtest5  (cost=0.43..8.45 rows=0 width=0)
	  ->  Index Scan using sbtest5_pkey on sbtest5  (cost=0.43..8.45 rows=1 width=6)
	        Index Cond: (id = 5556729)

table 6 : explain DELETE FROM sbtest6 WHERE id=3914791
	Delete on sbtest6  (cost=0.43..8.45 rows=0 width=0)
	  ->  Index Scan using sbtest6_pkey on sbtest6  (cost=0.43..8.45 rows=1 width=6)
	        Index Cond: (id = 3914791)

table 7 : explain DELETE FROM sbtest7 WHERE id=9498907
	Delete on sbtest7  (cost=0.43..8.45 rows=0 width=0)
	  ->  Index Scan using sbtest7_pkey on sbtest7  (cost=0.43..8.45 rows=1 width=6)
	        Index Cond: (id = 9498907)

table 8 : explain DELETE FROM sbtest8 WHERE id=754353
	Delete on sbtest8  (cost=0.43..8.45 rows=0 width=0)
	  ->  Index Scan using sbtest8_pkey on sbtest8  (cost=0.43..8.45 rows=1 width=6)
	        Index Cond: (id = 754353)

explain: for point_selects :: explain SELECT c FROM sbtest%u WHERE id=%u
explain: for index_updates :: explain UPDATE sbtest%u SET k=k+1 WHERE id=%u
explain: for non_index_updates :: explain UPDATE sbtest%u SET c='foobar' WHERE id=%u
explain: for inserts :: explain INSERT INTO sbtest%u (id, k, c, pad) VALUES (%u, 13, 'foobar', 'foobar')
explain: for inserts :: explain INSERT INTO sbtest%u (id, k, c, pad) VALUES (%u, 13, 'foobar', 'foobar')
for: order_ranges
table 1 : explain SELECT c FROM sbtest1 WHERE id BETWEEN 9747959 AND 9747968 ORDER BY c
	Sort  (cost=48.45..48.48 rows=12 width=121)
	  Sort Key: c
	  ->  Index Scan using sbtest1_pkey on sbtest1  (cost=0.43..48.23 rows=12 width=121)
	        Index Cond: ((id >= 9747959) AND (id <= 9747968))

table 2 : explain SELECT c FROM sbtest2 WHERE id BETWEEN 9535676 AND 9535685 ORDER BY c
	Sort  (cost=41.11..41.13 rows=10 width=121)
	  Sort Key: c
	  ->  Index Scan using sbtest2_pkey on sbtest2  (cost=0.43..40.94 rows=10 width=121)
	        Index Cond: ((id >= 9535676) AND (id <= 9535685))

table 3 : explain SELECT c FROM sbtest3 WHERE id BETWEEN 9140433 AND 9140442 ORDER BY c
	Sort  (cost=40.71..40.74 rows=10 width=121)
	  Sort Key: c
	  ->  Index Scan using sbtest3_pkey on sbtest3  (cost=0.43..40.55 rows=10 width=121)
	        Index Cond: ((id >= 9140433) AND (id <= 9140442))

table 4 : explain SELECT c FROM sbtest4 WHERE id BETWEEN 1202578 AND 1202587 ORDER BY c
	Sort  (cost=40.77..40.79 rows=10 width=121)
	  Sort Key: c
	  ->  Index Scan using sbtest4_pkey on sbtest4  (cost=0.43..40.60 rows=10 width=121)
	        Index Cond: ((id >= 1202578) AND (id <= 1202587))

table 5 : explain SELECT c FROM sbtest5 WHERE id BETWEEN 3178856 AND 3178865 ORDER BY c
	Sort  (cost=40.78..40.80 rows=10 width=121)
	  Sort Key: c
	  ->  Index Scan using sbtest5_pkey on sbtest5  (cost=0.43..40.61 rows=10 width=121)
	        Index Cond: ((id >= 3178856) AND (id <= 3178865))

table 6 : explain SELECT c FROM sbtest6 WHERE id BETWEEN 7234666 AND 7234675 ORDER BY c
	Sort  (cost=40.80..40.82 rows=10 width=121)
	  Sort Key: c
	  ->  Index Scan using sbtest6_pkey on sbtest6  (cost=0.43..40.63 rows=10 width=121)
	        Index Cond: ((id >= 7234666) AND (id <= 7234675))

table 7 : explain SELECT c FROM sbtest7 WHERE id BETWEEN 1956517 AND 1956526 ORDER BY c
	Sort  (cost=37.05..37.07 rows=9 width=121)
	  Sort Key: c
	  ->  Index Scan using sbtest7_pkey on sbtest7  (cost=0.43..36.91 rows=9 width=121)
	        Index Cond: ((id >= 1956517) AND (id <= 1956526))

table 8 : explain SELECT c FROM sbtest8 WHERE id BETWEEN 2817100 AND 2817109 ORDER BY c
	Sort  (cost=41.14..41.17 rows=10 width=121)
	  Sort Key: c
	  ->  Index Scan using sbtest8_pkey on sbtest8  (cost=0.43..40.98 rows=10 width=121)
	        Index Cond: ((id >= 2817100) AND (id <= 2817109))

for: distinct_ranges
table 1 : explain SELECT DISTINCT c FROM sbtest1 WHERE id BETWEEN 7672721 AND 7672730 ORDER BY c
	Unique  (cost=41.16..41.21 rows=10 width=121)
	  ->  Sort  (cost=41.16..41.19 rows=10 width=121)
	        Sort Key: c
	        ->  Index Scan using sbtest1_pkey on sbtest1  (cost=0.43..41.00 rows=10 width=121)
	              Index Cond: ((id >= 7672721) AND (id <= 7672730))

table 2 : explain SELECT DISTINCT c FROM sbtest2 WHERE id BETWEEN 9276809 AND 9276818 ORDER BY c
	Unique  (cost=37.48..37.52 rows=9 width=121)
	  ->  Sort  (cost=37.48..37.50 rows=9 width=121)
	        Sort Key: c
	        ->  Index Scan using sbtest2_pkey on sbtest2  (cost=0.43..37.33 rows=9 width=121)
	              Index Cond: ((id >= 9276809) AND (id <= 9276818))

table 3 : explain SELECT DISTINCT c FROM sbtest3 WHERE id BETWEEN 9341829 AND 9341838 ORDER BY c
	Unique  (cost=40.71..40.76 rows=10 width=121)
	  ->  Sort  (cost=40.71..40.74 rows=10 width=121)
	        Sort Key: c
	        ->  Index Scan using sbtest3_pkey on sbtest3  (cost=0.43..40.55 rows=10 width=121)
	              Index Cond: ((id >= 9341829) AND (id <= 9341838))

table 4 : explain SELECT DISTINCT c FROM sbtest4 WHERE id BETWEEN 5449554 AND 5449563 ORDER BY c
	Unique  (cost=40.77..40.82 rows=10 width=121)
	  ->  Sort  (cost=40.77..40.79 rows=10 width=121)
	        Sort Key: c
	        ->  Index Scan using sbtest4_pkey on sbtest4  (cost=0.43..40.60 rows=10 width=121)
	              Index Cond: ((id >= 5449554) AND (id <= 5449563))

table 5 : explain SELECT DISTINCT c FROM sbtest5 WHERE id BETWEEN 104053 AND 104062 ORDER BY c
	Unique  (cost=37.18..37.22 rows=9 width=121)
	  ->  Sort  (cost=37.18..37.20 rows=9 width=121)
	        Sort Key: c
	        ->  Index Scan using sbtest5_pkey on sbtest5  (cost=0.43..37.04 rows=9 width=121)
	              Index Cond: ((id >= 104053) AND (id <= 104062))

table 6 : explain SELECT DISTINCT c FROM sbtest6 WHERE id BETWEEN 4797747 AND 4797756 ORDER BY c
	Unique  (cost=37.20..37.24 rows=9 width=121)
	  ->  Sort  (cost=37.20..37.22 rows=9 width=121)
	        Sort Key: c
	        ->  Index Scan using sbtest6_pkey on sbtest6  (cost=0.43..37.06 rows=9 width=121)
	              Index Cond: ((id >= 4797747) AND (id <= 4797756))

table 7 : explain SELECT DISTINCT c FROM sbtest7 WHERE id BETWEEN 6534106 AND 6534115 ORDER BY c
	Unique  (cost=40.63..40.68 rows=10 width=121)
	  ->  Sort  (cost=40.63..40.65 rows=10 width=121)
	        Sort Key: c
	        ->  Index Scan using sbtest7_pkey on sbtest7  (cost=0.43..40.46 rows=10 width=121)
	              Index Cond: ((id >= 6534106) AND (id <= 6534115))

table 8 : explain SELECT DISTINCT c FROM sbtest8 WHERE id BETWEEN 2333097 AND 2333106 ORDER BY c
	Unique  (cost=44.78..44.84 rows=11 width=121)
	  ->  Sort  (cost=44.78..44.81 rows=11 width=121)
	        Sort Key: c
	        ->  Index Scan using sbtest8_pkey on sbtest8  (cost=0.43..44.59 rows=11 width=121)
	              Index Cond: ((id >= 2333097) AND (id <= 2333106))

for index_updates
table 1 : explain UPDATE sbtest1 SET k=k+1 WHERE id=2812073
	Update on sbtest1  (cost=0.43..8.46 rows=0 width=0)
	  ->  Index Scan using sbtest1_pkey on sbtest1  (cost=0.43..8.46 rows=1 width=10)
	        Index Cond: (id = 2812073)

table 2 : explain UPDATE sbtest2 SET k=k+1 WHERE id=852852
	Update on sbtest2  (cost=0.43..8.46 rows=0 width=0)
	  ->  Index Scan using sbtest2_pkey on sbtest2  (cost=0.43..8.46 rows=1 width=10)
	        Index Cond: (id = 852852)

table 3 : explain UPDATE sbtest3 SET k=k+1 WHERE id=4620926
	Update on sbtest3  (cost=0.43..8.46 rows=0 width=0)
	  ->  Index Scan using sbtest3_pkey on sbtest3  (cost=0.43..8.46 rows=1 width=10)
	        Index Cond: (id = 4620926)

table 4 : explain UPDATE sbtest4 SET k=k+1 WHERE id=6132624
	Update on sbtest4  (cost=0.43..8.46 rows=0 width=0)
	  ->  Index Scan using sbtest4_pkey on sbtest4  (cost=0.43..8.46 rows=1 width=10)
	        Index Cond: (id = 6132624)

table 5 : explain UPDATE sbtest5 SET k=k+1 WHERE id=7740331
	Update on sbtest5  (cost=0.43..8.46 rows=0 width=0)
	  ->  Index Scan using sbtest5_pkey on sbtest5  (cost=0.43..8.46 rows=1 width=10)
	        Index Cond: (id = 7740331)

table 6 : explain UPDATE sbtest6 SET k=k+1 WHERE id=887211
	Update on sbtest6  (cost=0.43..8.46 rows=0 width=0)
	  ->  Index Scan using sbtest6_pkey on sbtest6  (cost=0.43..8.46 rows=1 width=10)
	        Index Cond: (id = 887211)

table 7 : explain UPDATE sbtest7 SET k=k+1 WHERE id=507628
	Update on sbtest7  (cost=0.43..8.46 rows=0 width=0)
	  ->  Index Scan using sbtest7_pkey on sbtest7  (cost=0.43..8.46 rows=1 width=10)
	        Index Cond: (id = 507628)

table 8 : explain UPDATE sbtest8 SET k=k+1 WHERE id=8325644
	Update on sbtest8  (cost=0.43..8.46 rows=0 width=0)
	  ->  Index Scan using sbtest8_pkey on sbtest8  (cost=0.43..8.46 rows=1 width=10)
	        Index Cond: (id = 8325644)

for point_selects
table 1 : explain SELECT c FROM sbtest1 WHERE id=2125973
	Index Scan using sbtest1_pkey on sbtest1  (cost=0.43..8.45 rows=1 width=121)
	  Index Cond: (id = 2125973)

table 2 : explain SELECT c FROM sbtest2 WHERE id=4975128
	Index Scan using sbtest2_pkey on sbtest2  (cost=0.43..8.45 rows=1 width=121)
	  Index Cond: (id = 4975128)

table 3 : explain SELECT c FROM sbtest3 WHERE id=688135
	Index Scan using sbtest3_pkey on sbtest3  (cost=0.43..8.45 rows=1 width=121)
	  Index Cond: (id = 688135)

table 4 : explain SELECT c FROM sbtest4 WHERE id=2936009
	Index Scan using sbtest4_pkey on sbtest4  (cost=0.43..8.45 rows=1 width=121)
	  Index Cond: (id = 2936009)

table 5 : explain SELECT c FROM sbtest5 WHERE id=8687782
	Index Scan using sbtest5_pkey on sbtest5  (cost=0.43..8.45 rows=1 width=121)
	  Index Cond: (id = 8687782)

table 6 : explain SELECT c FROM sbtest6 WHERE id=5051114
	Index Scan using sbtest6_pkey on sbtest6  (cost=0.43..8.45 rows=1 width=121)
	  Index Cond: (id = 5051114)

table 7 : explain SELECT c FROM sbtest7 WHERE id=8314670
	Index Scan using sbtest7_pkey on sbtest7  (cost=0.43..8.45 rows=1 width=121)
	  Index Cond: (id = 8314670)

table 8 : explain SELECT c FROM sbtest8 WHERE id=9281047
	Index Scan using sbtest8_pkey on sbtest8  (cost=0.43..8.45 rows=1 width=121)
	  Index Cond: (id = 9281047)

for inserts
table 1 : explain INSERT INTO sbtest1 (id, k, c, pad) VALUES (9467283, 13, 'foobar', 'foobar')
	Insert on sbtest1  (cost=0.00..0.01 rows=0 width=0)
	  ->  Result  (cost=0.00..0.01 rows=1 width=736)

table 2 : explain INSERT INTO sbtest2 (id, k, c, pad) VALUES (2104894, 13, 'foobar', 'foobar')
	Insert on sbtest2  (cost=0.00..0.01 rows=0 width=0)
	  ->  Result  (cost=0.00..0.01 rows=1 width=736)

table 3 : explain INSERT INTO sbtest3 (id, k, c, pad) VALUES (4681094, 13, 'foobar', 'foobar')
	Insert on sbtest3  (cost=0.00..0.01 rows=0 width=0)
	  ->  Result  (cost=0.00..0.01 rows=1 width=736)

table 4 : explain INSERT INTO sbtest4 (id, k, c, pad) VALUES (2958081, 13, 'foobar', 'foobar')
	Insert on sbtest4  (cost=0.00..0.01 rows=0 width=0)
	  ->  Result  (cost=0.00..0.01 rows=1 width=736)

table 5 : explain INSERT INTO sbtest5 (id, k, c, pad) VALUES (2455610, 13, 'foobar', 'foobar')
	Insert on sbtest5  (cost=0.00..0.01 rows=0 width=0)
	  ->  Result  (cost=0.00..0.01 rows=1 width=736)

table 6 : explain INSERT INTO sbtest6 (id, k, c, pad) VALUES (2161158, 13, 'foobar', 'foobar')
	Insert on sbtest6  (cost=0.00..0.01 rows=0 width=0)
	  ->  Result  (cost=0.00..0.01 rows=1 width=736)

table 7 : explain INSERT INTO sbtest7 (id, k, c, pad) VALUES (2034065, 13, 'foobar', 'foobar')
	Insert on sbtest7  (cost=0.00..0.01 rows=0 width=0)
	  ->  Result  (cost=0.00..0.01 rows=1 width=736)

table 8 : explain INSERT INTO sbtest8 (id, k, c, pad) VALUES (2659425, 13, 'foobar', 'foobar')
	Insert on sbtest8  (cost=0.00..0.01 rows=0 width=0)
	  ->  Result  (cost=0.00..0.01 rows=1 width=736)

for inserts
table 1 : explain INSERT INTO sbtest1 (id, k, c, pad) VALUES (7586421, 13, 'foobar', 'foobar')
	Insert on sbtest1  (cost=0.00..0.01 rows=0 width=0)
	  ->  Result  (cost=0.00..0.01 rows=1 width=736)

table 2 : explain INSERT INTO sbtest2 (id, k, c, pad) VALUES (665199, 13, 'foobar', 'foobar')
	Insert on sbtest2  (cost=0.00..0.01 rows=0 width=0)
	  ->  Result  (cost=0.00..0.01 rows=1 width=736)

table 3 : explain INSERT INTO sbtest3 (id, k, c, pad) VALUES (1248102, 13, 'foobar', 'foobar')
	Insert on sbtest3  (cost=0.00..0.01 rows=0 width=0)
	  ->  Result  (cost=0.00..0.01 rows=1 width=736)

table 4 : explain INSERT INTO sbtest4 (id, k, c, pad) VALUES (8659311, 13, 'foobar', 'foobar')
	Insert on sbtest4  (cost=0.00..0.01 rows=0 width=0)
	  ->  Result  (cost=0.00..0.01 rows=1 width=736)

table 5 : explain INSERT INTO sbtest5 (id, k, c, pad) VALUES (5726644, 13, 'foobar', 'foobar')
	Insert on sbtest5  (cost=0.00..0.01 rows=0 width=0)
	  ->  Result  (cost=0.00..0.01 rows=1 width=736)

table 6 : explain INSERT INTO sbtest6 (id, k, c, pad) VALUES (2471832, 13, 'foobar', 'foobar')
	Insert on sbtest6  (cost=0.00..0.01 rows=0 width=0)
	  ->  Result  (cost=0.00..0.01 rows=1 width=736)

table 7 : explain INSERT INTO sbtest7 (id, k, c, pad) VALUES (483609, 13, 'foobar', 'foobar')
	Insert on sbtest7  (cost=0.00..0.01 rows=0 width=0)
	  ->  Result  (cost=0.00..0.01 rows=1 width=736)

table 8 : explain INSERT INTO sbtest8 (id, k, c, pad) VALUES (5224824, 13, 'foobar', 'foobar')
	Insert on sbtest8  (cost=0.00..0.01 rows=0 width=0)
	  ->  Result  (cost=0.00..0.01 rows=1 width=736)

explain: for index_updates :: explain UPDATE sbtest%u SET k=k+1 WHERE id=%u
explain: for non_index_updates :: explain UPDATE sbtest%u SET c='foobar' WHERE id=%u
for non_index_updates
table 1 : explain UPDATE sbtest1 SET c='foobar' WHERE id=7465312
	Update on sbtest1  (cost=0.43..8.45 rows=0 width=0)
	  ->  Index Scan using sbtest1_pkey on sbtest1  (cost=0.43..8.45 rows=1 width=490)
	        Index Cond: (id = 7465312)

table 2 : explain UPDATE sbtest2 SET c='foobar' WHERE id=3731461
	Update on sbtest2  (cost=0.43..8.45 rows=0 width=0)
	  ->  Index Scan using sbtest2_pkey on sbtest2  (cost=0.43..8.45 rows=1 width=490)
	        Index Cond: (id = 3731461)

table 3 : explain UPDATE sbtest3 SET c='foobar' WHERE id=1023136
	Update on sbtest3  (cost=0.43..8.45 rows=0 width=0)
	  ->  Index Scan using sbtest3_pkey on sbtest3  (cost=0.43..8.45 rows=1 width=490)
	        Index Cond: (id = 1023136)

table 4 : explain UPDATE sbtest4 SET c='foobar' WHERE id=7923076
	Update on sbtest4  (cost=0.43..8.45 rows=0 width=0)
	  ->  Index Scan using sbtest4_pkey on sbtest4  (cost=0.43..8.45 rows=1 width=490)
	        Index Cond: (id = 7923076)

table 5 : explain UPDATE sbtest5 SET c='foobar' WHERE id=9114410
	Update on sbtest5  (cost=0.43..8.45 rows=0 width=0)
	  ->  Index Scan using sbtest5_pkey on sbtest5  (cost=0.43..8.45 rows=1 width=490)
	        Index Cond: (id = 9114410)

table 6 : explain UPDATE sbtest6 SET c='foobar' WHERE id=6946635
	Update on sbtest6  (cost=0.43..8.45 rows=0 width=0)
	  ->  Index Scan using sbtest6_pkey on sbtest6  (cost=0.43..8.45 rows=1 width=490)
	        Index Cond: (id = 6946635)

table 7 : explain UPDATE sbtest7 SET c='foobar' WHERE id=9471721
	Update on sbtest7  (cost=0.43..8.45 rows=0 width=0)
	  ->  Index Scan using sbtest7_pkey on sbtest7  (cost=0.43..8.45 rows=1 width=490)
	        Index Cond: (id = 9471721)

table 8 : explain UPDATE sbtest8 SET c='foobar' WHERE id=6845228
	Update on sbtest8  (cost=0.43..8.45 rows=0 width=0)
	  ->  Index Scan using sbtest8_pkey on sbtest8  (cost=0.43..8.45 rows=1 width=490)
	        Index Cond: (id = 6845228)

for point_selects
table 1 : explain SELECT c FROM sbtest1 WHERE id=3318590
	Index Scan using sbtest1_pkey on sbtest1  (cost=0.43..8.45 rows=1 width=121)
	  Index Cond: (id = 3318590)

table 2 : explain SELECT c FROM sbtest2 WHERE id=8297345
	Index Scan using sbtest2_pkey on sbtest2  (cost=0.43..8.45 rows=1 width=121)
	  Index Cond: (id = 8297345)

table 3 : explain SELECT c FROM sbtest3 WHERE id=1147251
	Index Scan using sbtest3_pkey on sbtest3  (cost=0.43..8.45 rows=1 width=121)
	  Index Cond: (id = 1147251)

table 4 : explain SELECT c FROM sbtest4 WHERE id=9432546
	Index Scan using sbtest4_pkey on sbtest4  (cost=0.43..8.45 rows=1 width=121)
	  Index Cond: (id = 9432546)

table 5 : explain SELECT c FROM sbtest5 WHERE id=779749
	Index Scan using sbtest5_pkey on sbtest5  (cost=0.43..8.45 rows=1 width=121)
	  Index Cond: (id = 779749)

table 6 : explain SELECT c FROM sbtest6 WHERE id=6926099
	Index Scan using sbtest6_pkey on sbtest6  (cost=0.43..8.45 rows=1 width=121)
	  Index Cond: (id = 6926099)

table 7 : explain SELECT c FROM sbtest7 WHERE id=7317887
	Index Scan using sbtest7_pkey on sbtest7  (cost=0.43..8.45 rows=1 width=121)
	  Index Cond: (id = 7317887)

table 8 : explain SELECT c FROM sbtest8 WHERE id=3800770
	Index Scan using sbtest8_pkey on sbtest8  (cost=0.43..8.45 rows=1 width=121)
	  Index Cond: (id = 3800770)

explain: for deletes :: explain DELETE FROM sbtest%u WHERE id=%u
for index_updates
table 1 : explain UPDATE sbtest1 SET k=k+1 WHERE id=6111783
	Update on sbtest1  (cost=0.43..8.46 rows=0 width=0)
	  ->  Index Scan using sbtest1_pkey on sbtest1  (cost=0.43..8.46 rows=1 width=10)
	        Index Cond: (id = 6111783)

table 2 : explain UPDATE sbtest2 SET k=k+1 WHERE id=1818927
	Update on sbtest2  (cost=0.43..8.46 rows=0 width=0)
	  ->  Index Scan using sbtest2_pkey on sbtest2  (cost=0.43..8.46 rows=1 width=10)
	        Index Cond: (id = 1818927)

table 3 : explain UPDATE sbtest3 SET k=k+1 WHERE id=9211978
	Update on sbtest3  (cost=0.43..8.46 rows=0 width=0)
	  ->  Index Scan using sbtest3_pkey on sbtest3  (cost=0.43..8.46 rows=1 width=10)
	        Index Cond: (id = 9211978)

table 4 : explain UPDATE sbtest4 SET k=k+1 WHERE id=285624
	Update on sbtest4  (cost=0.43..8.46 rows=0 width=0)
	  ->  Index Scan using sbtest4_pkey on sbtest4  (cost=0.43..8.46 rows=1 width=10)
	        Index Cond: (id = 285624)

table 5 : explain UPDATE sbtest5 SET k=k+1 WHERE id=9619431
	Update on sbtest5  (cost=0.43..8.46 rows=0 width=0)
	  ->  Index Scan using sbtest5_pkey on sbtest5  (cost=0.43..8.46 rows=1 width=10)
	        Index Cond: (id = 9619431)

table 6 : explain UPDATE sbtest6 SET k=k+1 WHERE id=7741144
	Update on sbtest6  (cost=0.43..8.46 rows=0 width=0)
	  ->  Index Scan using sbtest6_pkey on sbtest6  (cost=0.43..8.46 rows=1 width=10)
	        Index Cond: (id = 7741144)

table 7 : explain UPDATE sbtest7 SET k=k+1 WHERE id=5417891
	Update on sbtest7  (cost=0.43..8.46 rows=0 width=0)
	  ->  Index Scan using sbtest7_pkey on sbtest7  (cost=0.43..8.46 rows=1 width=10)
	        Index Cond: (id = 5417891)

table 8 : explain UPDATE sbtest8 SET k=k+1 WHERE id=3938783
	Update on sbtest8  (cost=0.43..8.46 rows=0 width=0)
	  ->  Index Scan using sbtest8_pkey on sbtest8  (cost=0.43..8.46 rows=1 width=10)
	        Index Cond: (id = 3938783)

for non_index_updates
table 1 : explain UPDATE sbtest1 SET c='foobar' WHERE id=3421921
	Update on sbtest1  (cost=0.43..8.45 rows=0 width=0)
	  ->  Index Scan using sbtest1_pkey on sbtest1  (cost=0.43..8.45 rows=1 width=490)
	        Index Cond: (id = 3421921)

table 2 : explain UPDATE sbtest2 SET c='foobar' WHERE id=5290480
	Update on sbtest2  (cost=0.43..8.45 rows=0 width=0)
	  ->  Index Scan using sbtest2_pkey on sbtest2  (cost=0.43..8.45 rows=1 width=490)
	        Index Cond: (id = 5290480)

table 3 : explain UPDATE sbtest3 SET c='foobar' WHERE id=4561461
	Update on sbtest3  (cost=0.43..8.45 rows=0 width=0)
	  ->  Index Scan using sbtest3_pkey on sbtest3  (cost=0.43..8.45 rows=1 width=490)
	        Index Cond: (id = 4561461)

table 4 : explain UPDATE sbtest4 SET c='foobar' WHERE id=3075053
	Update on sbtest4  (cost=0.43..8.45 rows=0 width=0)
	  ->  Index Scan using sbtest4_pkey on sbtest4  (cost=0.43..8.45 rows=1 width=490)
	        Index Cond: (id = 3075053)

table 5 : explain UPDATE sbtest5 SET c='foobar' WHERE id=7417133
	Update on sbtest5  (cost=0.43..8.45 rows=0 width=0)
	  ->  Index Scan using sbtest5_pkey on sbtest5  (cost=0.43..8.45 rows=1 width=490)
	        Index Cond: (id = 7417133)

table 6 : explain UPDATE sbtest6 SET c='foobar' WHERE id=876764
	Update on sbtest6  (cost=0.43..8.45 rows=0 width=0)
	  ->  Index Scan using sbtest6_pkey on sbtest6  (cost=0.43..8.45 rows=1 width=490)
	        Index Cond: (id = 876764)

table 7 : explain UPDATE sbtest7 SET c='foobar' WHERE id=9133625
	Update on sbtest7  (cost=0.43..8.45 rows=0 width=0)
	  ->  Index Scan using sbtest7_pkey on sbtest7  (cost=0.43..8.45 rows=1 width=490)
	        Index Cond: (id = 9133625)

table 8 : explain UPDATE sbtest8 SET c='foobar' WHERE id=9210416
	Update on sbtest8  (cost=0.43..8.45 rows=0 width=0)
	  ->  Index Scan using sbtest8_pkey on sbtest8  (cost=0.43..8.45 rows=1 width=490)
	        Index Cond: (id = 9210416)

explain: for deletes :: explain DELETE FROM sbtest%u WHERE id=%u
for deletes
table 1 : explain DELETE FROM sbtest1 WHERE id=4911050
	Delete on sbtest1  (cost=0.43..8.45 rows=0 width=0)
	  ->  Index Scan using sbtest1_pkey on sbtest1  (cost=0.43..8.45 rows=1 width=6)
	        Index Cond: (id = 4911050)

table 2 : explain DELETE FROM sbtest2 WHERE id=3095888
	Delete on sbtest2  (cost=0.43..8.45 rows=0 width=0)
	  ->  Index Scan using sbtest2_pkey on sbtest2  (cost=0.43..8.45 rows=1 width=6)
	        Index Cond: (id = 3095888)

table 3 : explain DELETE FROM sbtest3 WHERE id=551182
	Delete on sbtest3  (cost=0.43..8.45 rows=0 width=0)
	  ->  Index Scan using sbtest3_pkey on sbtest3  (cost=0.43..8.45 rows=1 width=6)
	        Index Cond: (id = 551182)

table 4 : explain DELETE FROM sbtest4 WHERE id=8504061
	Delete on sbtest4  (cost=0.43..8.45 rows=0 width=0)
	  ->  Index Scan using sbtest4_pkey on sbtest4  (cost=0.43..8.45 rows=1 width=6)
	        Index Cond: (id = 8504061)

table 5 : explain DELETE FROM sbtest5 WHERE id=5311746
	Delete on sbtest5  (cost=0.43..8.45 rows=0 width=0)
	  ->  Index Scan using sbtest5_pkey on sbtest5  (cost=0.43..8.45 rows=1 width=6)
	        Index Cond: (id = 5311746)

table 6 : explain DELETE FROM sbtest6 WHERE id=2103325
	Delete on sbtest6  (cost=0.43..8.45 rows=0 width=0)
	  ->  Index Scan using sbtest6_pkey on sbtest6  (cost=0.43..8.45 rows=1 width=6)
	        Index Cond: (id = 2103325)

table 7 : explain DELETE FROM sbtest7 WHERE id=3862506
	Delete on sbtest7  (cost=0.43..8.45 rows=0 width=0)
	  ->  Index Scan using sbtest7_pkey on sbtest7  (cost=0.43..8.45 rows=1 width=6)
	        Index Cond: (id = 3862506)

table 8 : explain DELETE FROM sbtest8 WHERE id=489982
	Delete on sbtest8  (cost=0.43..8.45 rows=0 width=0)
	  ->  Index Scan using sbtest8_pkey on sbtest8  (cost=0.43..8.45 rows=1 width=6)
	        Index Cond: (id = 489982)

explain: for non_index_updates :: explain UPDATE sbtest%u SET c='foobar' WHERE id=%u
explain: for point_selects :: explain SELECT c FROM sbtest%u WHERE id=%u
for: simple_ranges
table 1 : explain SELECT c FROM sbtest1 WHERE id BETWEEN 5078604 AND 5078613
	Index Scan using sbtest1_pkey on sbtest1  (cost=0.43..41.00 rows=10 width=121)
	  Index Cond: ((id >= 5078604) AND (id <= 5078613))

table 2 : explain SELECT c FROM sbtest2 WHERE id BETWEEN 4656110 AND 4656119
	Index Scan using sbtest2_pkey on sbtest2  (cost=0.43..40.94 rows=10 width=121)
	  Index Cond: ((id >= 4656110) AND (id <= 4656119))

table 3 : explain SELECT c FROM sbtest3 WHERE id BETWEEN 6538844 AND 6538853
	Index Scan using sbtest3_pkey on sbtest3  (cost=0.43..44.11 rows=11 width=121)
	  Index Cond: ((id >= 6538844) AND (id <= 6538853))

table 4 : explain SELECT c FROM sbtest4 WHERE id BETWEEN 9039840 AND 9039849
	Index Scan using sbtest4_pkey on sbtest4  (cost=0.43..40.60 rows=10 width=121)
	  Index Cond: ((id >= 9039840) AND (id <= 9039849))

table 5 : explain SELECT c FROM sbtest5 WHERE id BETWEEN 6814957 AND 6814966
	Index Scan using sbtest5_pkey on sbtest5  (cost=0.43..40.61 rows=10 width=121)
	  Index Cond: ((id >= 6814957) AND (id <= 6814966))

table 6 : explain SELECT c FROM sbtest6 WHERE id BETWEEN 1770648 AND 1770657
	Index Scan using sbtest6_pkey on sbtest6  (cost=0.43..37.06 rows=9 width=121)
	  Index Cond: ((id >= 1770648) AND (id <= 1770657))

table 7 : explain SELECT c FROM sbtest7 WHERE id BETWEEN 684615 AND 684624
	Index Scan using sbtest7_pkey on sbtest7  (cost=0.43..40.46 rows=10 width=121)
	  Index Cond: ((id >= 684615) AND (id <= 684624))

table 8 : explain SELECT c FROM sbtest8 WHERE id BETWEEN 8550291 AND 8550300
	Index Scan using sbtest8_pkey on sbtest8  (cost=0.43..40.98 rows=10 width=121)
	  Index Cond: ((id >= 8550291) AND (id <= 8550300))

explain: for point_selects :: explain SELECT c FROM sbtest%u WHERE id=%u
for deletes
table 1 : explain DELETE FROM sbtest1 WHERE id=473872
	Delete on sbtest1  (cost=0.43..8.45 rows=0 width=0)
	  ->  Index Scan using sbtest1_pkey on sbtest1  (cost=0.43..8.45 rows=1 width=6)
	        Index Cond: (id = 473872)

table 2 : explain DELETE FROM sbtest2 WHERE id=8268010
	Delete on sbtest2  (cost=0.43..8.45 rows=0 width=0)
	  ->  Index Scan using sbtest2_pkey on sbtest2  (cost=0.43..8.45 rows=1 width=6)
	        Index Cond: (id = 8268010)

table 3 : explain DELETE FROM sbtest3 WHERE id=1539163
	Delete on sbtest3  (cost=0.43..8.45 rows=0 width=0)
	  ->  Index Scan using sbtest3_pkey on sbtest3  (cost=0.43..8.45 rows=1 width=6)
	        Index Cond: (id = 1539163)

table 4 : explain DELETE FROM sbtest4 WHERE id=6307802
	Delete on sbtest4  (cost=0.43..8.45 rows=0 width=0)
	  ->  Index Scan using sbtest4_pkey on sbtest4  (cost=0.43..8.45 rows=1 width=6)
	        Index Cond: (id = 6307802)

table 5 : explain DELETE FROM sbtest5 WHERE id=6766827
	Delete on sbtest5  (cost=0.43..8.45 rows=0 width=0)
	  ->  Index Scan using sbtest5_pkey on sbtest5  (cost=0.43..8.45 rows=1 width=6)
	        Index Cond: (id = 6766827)

table 6 : explain DELETE FROM sbtest6 WHERE id=3878263
	Delete on sbtest6  (cost=0.43..8.45 rows=0 width=0)
	  ->  Index Scan using sbtest6_pkey on sbtest6  (cost=0.43..8.45 rows=1 width=6)
	        Index Cond: (id = 3878263)

table 7 : explain DELETE FROM sbtest7 WHERE id=338940
	Delete on sbtest7  (cost=0.43..8.45 rows=0 width=0)
	  ->  Index Scan using sbtest7_pkey on sbtest7  (cost=0.43..8.45 rows=1 width=6)
	        Index Cond: (id = 338940)

table 8 : explain DELETE FROM sbtest8 WHERE id=3197181
	Delete on sbtest8  (cost=0.43..8.45 rows=0 width=0)
	  ->  Index Scan using sbtest8_pkey on sbtest8  (cost=0.43..8.45 rows=1 width=6)
	        Index Cond: (id = 3197181)

for point_selects
table 1 : explain SELECT c FROM sbtest1 WHERE id=6688376
	Index Scan using sbtest1_pkey on sbtest1  (cost=0.43..8.45 rows=1 width=121)
	  Index Cond: (id = 6688376)

table 2 : explain SELECT c FROM sbtest2 WHERE id=6833132
	Index Scan using sbtest2_pkey on sbtest2  (cost=0.43..8.45 rows=1 width=121)
	  Index Cond: (id = 6833132)

table 3 : explain SELECT c FROM sbtest3 WHERE id=8995163
	Index Scan using sbtest3_pkey on sbtest3  (cost=0.43..8.45 rows=1 width=121)
	  Index Cond: (id = 8995163)

table 4 : explain SELECT c FROM sbtest4 WHERE id=1613247
	Index Scan using sbtest4_pkey on sbtest4  (cost=0.43..8.45 rows=1 width=121)
	  Index Cond: (id = 1613247)

table 5 : explain SELECT c FROM sbtest5 WHERE id=6058742
	Index Scan using sbtest5_pkey on sbtest5  (cost=0.43..8.45 rows=1 width=121)
	  Index Cond: (id = 6058742)

table 6 : explain SELECT c FROM sbtest6 WHERE id=9635497
	Index Scan using sbtest6_pkey on sbtest6  (cost=0.43..8.45 rows=1 width=121)
	  Index Cond: (id = 9635497)

table 7 : explain SELECT c FROM sbtest7 WHERE id=5272569
	Index Scan using sbtest7_pkey on sbtest7  (cost=0.43..8.45 rows=1 width=121)
	  Index Cond: (id = 5272569)

table 8 : explain SELECT c FROM sbtest8 WHERE id=1473192
	Index Scan using sbtest8_pkey on sbtest8  (cost=0.43..8.45 rows=1 width=121)
	  Index Cond: (id = 1473192)

for point_selects
table 1 : explain SELECT c FROM sbtest1 WHERE id=4995148
	Index Scan using sbtest1_pkey on sbtest1  (cost=0.43..8.45 rows=1 width=121)
	  Index Cond: (id = 4995148)

table 2 : explain SELECT c FROM sbtest2 WHERE id=9974939
	Index Scan using sbtest2_pkey on sbtest2  (cost=0.43..8.45 rows=1 width=121)
	  Index Cond: (id = 9974939)

table 3 : explain SELECT c FROM sbtest3 WHERE id=5643121
	Index Scan using sbtest3_pkey on sbtest3  (cost=0.43..8.45 rows=1 width=121)
	  Index Cond: (id = 5643121)

table 4 : explain SELECT c FROM sbtest4 WHERE id=7164833
	Index Scan using sbtest4_pkey on sbtest4  (cost=0.43..8.45 rows=1 width=121)
	  Index Cond: (id = 7164833)

table 5 : explain SELECT c FROM sbtest5 WHERE id=742353
	Index Scan using sbtest5_pkey on sbtest5  (cost=0.43..8.45 rows=1 width=121)
	  Index Cond: (id = 742353)

table 6 : explain SELECT c FROM sbtest6 WHERE id=8234267
	Index Scan using sbtest6_pkey on sbtest6  (cost=0.43..8.45 rows=1 width=121)
	  Index Cond: (id = 8234267)

table 7 : explain SELECT c FROM sbtest7 WHERE id=8165523
	Index Scan using sbtest7_pkey on sbtest7  (cost=0.43..8.45 rows=1 width=121)
	  Index Cond: (id = 8165523)

table 8 : explain SELECT c FROM sbtest8 WHERE id=3488772
	Index Scan using sbtest8_pkey on sbtest8  (cost=0.43..8.45 rows=1 width=121)
	  Index Cond: (id = 3488772)

for non_index_updates
table 1 : explain UPDATE sbtest1 SET c='foobar' WHERE id=3846998
	Update on sbtest1  (cost=0.43..8.45 rows=0 width=0)
	  ->  Index Scan using sbtest1_pkey on sbtest1  (cost=0.43..8.45 rows=1 width=490)
	        Index Cond: (id = 3846998)

table 2 : explain UPDATE sbtest2 SET c='foobar' WHERE id=2877404
	Update on sbtest2  (cost=0.43..8.45 rows=0 width=0)
	  ->  Index Scan using sbtest2_pkey on sbtest2  (cost=0.43..8.45 rows=1 width=490)
	        Index Cond: (id = 2877404)

table 3 : explain UPDATE sbtest3 SET c='foobar' WHERE id=2950523
	Update on sbtest3  (cost=0.43..8.45 rows=0 width=0)
	  ->  Index Scan using sbtest3_pkey on sbtest3  (cost=0.43..8.45 rows=1 width=490)
	        Index Cond: (id = 2950523)

table 4 : explain UPDATE sbtest4 SET c='foobar' WHERE id=7282782
	Update on sbtest4  (cost=0.43..8.45 rows=0 width=0)
	  ->  Index Scan using sbtest4_pkey on sbtest4  (cost=0.43..8.45 rows=1 width=490)
	        Index Cond: (id = 7282782)

table 5 : explain UPDATE sbtest5 SET c='foobar' WHERE id=6078271
	Update on sbtest5  (cost=0.43..8.45 rows=0 width=0)
	  ->  Index Scan using sbtest5_pkey on sbtest5  (cost=0.43..8.45 rows=1 width=490)
	        Index Cond: (id = 6078271)

table 6 : explain UPDATE sbtest6 SET c='foobar' WHERE id=228531
	Update on sbtest6  (cost=0.43..8.45 rows=0 width=0)
	  ->  Index Scan using sbtest6_pkey on sbtest6  (cost=0.43..8.45 rows=1 width=490)
	        Index Cond: (id = 228531)

table 7 : explain UPDATE sbtest7 SET c='foobar' WHERE id=9640776
	Update on sbtest7  (cost=0.43..8.45 rows=0 width=0)
	  ->  Index Scan using sbtest7_pkey on sbtest7  (cost=0.43..8.45 rows=1 width=490)
	        Index Cond: (id = 9640776)

table 8 : explain UPDATE sbtest8 SET c='foobar' WHERE id=5123026
	Update on sbtest8  (cost=0.43..8.45 rows=0 width=0)
	  ->  Index Scan using sbtest8_pkey on sbtest8  (cost=0.43..8.45 rows=1 width=490)
	        Index Cond: (id = 5123026)

for: distinct_ranges
table 1 : explain SELECT DISTINCT c FROM sbtest1 WHERE id BETWEEN 4431678 AND 4431687 ORDER BY c
	Unique  (cost=37.53..37.57 rows=9 width=121)
	  ->  Sort  (cost=37.53..37.55 rows=9 width=121)
	        Sort Key: c
	        ->  Index Scan using sbtest1_pkey on sbtest1  (cost=0.43..37.38 rows=9 width=121)
	              Index Cond: ((id >= 4431678) AND (id <= 4431687))

table 2 : explain SELECT DISTINCT c FROM sbtest2 WHERE id BETWEEN 6704201 AND 6704210 ORDER BY c
	Unique  (cost=44.74..44.80 rows=11 width=121)
	  ->  Sort  (cost=44.74..44.77 rows=11 width=121)
	        Sort Key: c
	        ->  Index Scan using sbtest2_pkey on sbtest2  (cost=0.43..44.55 rows=11 width=121)
	              Index Cond: ((id >= 6704201) AND (id <= 6704210))

table 3 : explain SELECT DISTINCT c FROM sbtest3 WHERE id BETWEEN 9827464 AND 9827473 ORDER BY c
	Unique  (cost=40.71..40.76 rows=10 width=121)
	  ->  Sort  (cost=40.71..40.74 rows=10 width=121)
	        Sort Key: c
	        ->  Index Scan using sbtest3_pkey on sbtest3  (cost=0.43..40.55 rows=10 width=121)
	              Index Cond: ((id >= 9827464) AND (id <= 9827473))

table 4 : explain SELECT DISTINCT c FROM sbtest4 WHERE id BETWEEN 2113343 AND 2113352 ORDER BY c
	Unique  (cost=40.77..40.82 rows=10 width=121)
	  ->  Sort  (cost=40.77..40.79 rows=10 width=121)
	        Sort Key: c
	        ->  Index Scan using sbtest4_pkey on sbtest4  (cost=0.43..40.60 rows=10 width=121)
	              Index Cond: ((id >= 2113343) AND (id <= 2113352))

table 5 : explain SELECT DISTINCT c FROM sbtest5 WHERE id BETWEEN 1081095 AND 1081104 ORDER BY c
	Unique  (cost=44.37..44.43 rows=11 width=121)
	  ->  Sort  (cost=44.37..44.40 rows=11 width=121)
	        Sort Key: c
	        ->  Index Scan using sbtest5_pkey on sbtest5  (cost=0.43..44.18 rows=11 width=121)
	              Index Cond: ((id >= 1081095) AND (id <= 1081104))

table 6 : explain SELECT DISTINCT c FROM sbtest6 WHERE id BETWEEN 8622230 AND 8622239 ORDER BY c
	Unique  (cost=40.80..40.85 rows=10 width=121)
	  ->  Sort  (cost=40.80..40.82 rows=10 width=121)
	        Sort Key: c
	        ->  Index Scan using sbtest6_pkey on sbtest6  (cost=0.43..40.63 rows=10 width=121)
	              Index Cond: ((id >= 8622230) AND (id <= 8622239))

table 7 : explain SELECT DISTINCT c FROM sbtest7 WHERE id BETWEEN 5974688 AND 5974697 ORDER BY c
	Unique  (cost=40.63..40.68 rows=10 width=121)
	  ->  Sort  (cost=40.63..40.65 rows=10 width=121)
	        Sort Key: c
	        ->  Index Scan using sbtest7_pkey on sbtest7  (cost=0.43..40.46 rows=10 width=121)
	              Index Cond: ((id >= 5974688) AND (id <= 5974697))

table 8 : explain SELECT DISTINCT c FROM sbtest8 WHERE id BETWEEN 5372132 AND 5372141 ORDER BY c
	Unique  (cost=41.14..41.19 rows=10 width=121)
	  ->  Sort  (cost=41.14..41.17 rows=10 width=121)
	        Sort Key: c
	        ->  Index Scan using sbtest8_pkey on sbtest8  (cost=0.43..40.98 rows=10 width=121)
	              Index Cond: ((id >= 5372132) AND (id <= 5372141))

explain: for inserts :: explain INSERT INTO sbtest%u (id, k, c, pad) VALUES (%u, 13, 'foobar', 'foobar')
explain: for deletes :: explain DELETE FROM sbtest%u WHERE id=%u
explain: for inserts :: explain INSERT INTO sbtest%u (id, k, c, pad) VALUES (%u, 13, 'foobar', 'foobar')
for point_selects
table 1 : explain SELECT c FROM sbtest1 WHERE id=41446
	Index Scan using sbtest1_pkey on sbtest1  (cost=0.43..8.45 rows=1 width=121)
	  Index Cond: (id = 41446)

table 2 : explain SELECT c FROM sbtest2 WHERE id=5764246
	Index Scan using sbtest2_pkey on sbtest2  (cost=0.43..8.45 rows=1 width=121)
	  Index Cond: (id = 5764246)

table 3 : explain SELECT c FROM sbtest3 WHERE id=6834928
	Index Scan using sbtest3_pkey on sbtest3  (cost=0.43..8.45 rows=1 width=121)
	  Index Cond: (id = 6834928)

table 4 : explain SELECT c FROM sbtest4 WHERE id=8682058
	Index Scan using sbtest4_pkey on sbtest4  (cost=0.43..8.45 rows=1 width=121)
	  Index Cond: (id = 8682058)

table 5 : explain SELECT c FROM sbtest5 WHERE id=5962378
	Index Scan using sbtest5_pkey on sbtest5  (cost=0.43..8.45 rows=1 width=121)
	  Index Cond: (id = 5962378)

table 6 : explain SELECT c FROM sbtest6 WHERE id=5761715
	Index Scan using sbtest6_pkey on sbtest6  (cost=0.43..8.45 rows=1 width=121)
	  Index Cond: (id = 5761715)

table 7 : explain SELECT c FROM sbtest7 WHERE id=347946
	Index Scan using sbtest7_pkey on sbtest7  (cost=0.43..8.45 rows=1 width=121)
	  Index Cond: (id = 347946)

table 8 : explain SELECT c FROM sbtest8 WHERE id=5963720
	Index Scan using sbtest8_pkey on sbtest8  (cost=0.43..8.45 rows=1 width=121)
	  Index Cond: (id = 5963720)

explain: for index_updates :: explain UPDATE sbtest%u SET k=k+1 WHERE id=%u
for deletes
table 1 : explain DELETE FROM sbtest1 WHERE id=455107
	Delete on sbtest1  (cost=0.43..8.45 rows=0 width=0)
	  ->  Index Scan using sbtest1_pkey on sbtest1  (cost=0.43..8.45 rows=1 width=6)
	        Index Cond: (id = 455107)

table 2 : explain DELETE FROM sbtest2 WHERE id=486268
	Delete on sbtest2  (cost=0.43..8.45 rows=0 width=0)
	  ->  Index Scan using sbtest2_pkey on sbtest2  (cost=0.43..8.45 rows=1 width=6)
	        Index Cond: (id = 486268)

table 3 : explain DELETE FROM sbtest3 WHERE id=1581304
	Delete on sbtest3  (cost=0.43..8.45 rows=0 width=0)
	  ->  Index Scan using sbtest3_pkey on sbtest3  (cost=0.43..8.45 rows=1 width=6)
	        Index Cond: (id = 1581304)

table 4 : explain DELETE FROM sbtest4 WHERE id=7796363
	Delete on sbtest4  (cost=0.43..8.45 rows=0 width=0)
	  ->  Index Scan using sbtest4_pkey on sbtest4  (cost=0.43..8.45 rows=1 width=6)
	        Index Cond: (id = 7796363)

table 5 : explain DELETE FROM sbtest5 WHERE id=6134013
	Delete on sbtest5  (cost=0.43..8.45 rows=0 width=0)
	  ->  Index Scan using sbtest5_pkey on sbtest5  (cost=0.43..8.45 rows=1 width=6)
	        Index Cond: (id = 6134013)

table 6 : explain DELETE FROM sbtest6 WHERE id=6321439
	Delete on sbtest6  (cost=0.43..8.45 rows=0 width=0)
	  ->  Index Scan using sbtest6_pkey on sbtest6  (cost=0.43..8.45 rows=1 width=6)
	        Index Cond: (id = 6321439)

table 7 : explain DELETE FROM sbtest7 WHERE id=7752347
	Delete on sbtest7  (cost=0.43..8.45 rows=0 width=0)
	  ->  Index Scan using sbtest7_pkey on sbtest7  (cost=0.43..8.45 rows=1 width=6)
	        Index Cond: (id = 7752347)

table 8 : explain DELETE FROM sbtest8 WHERE id=1998772
	Delete on sbtest8  (cost=0.43..8.45 rows=0 width=0)
	  ->  Index Scan using sbtest8_pkey on sbtest8  (cost=0.43..8.45 rows=1 width=6)
	        Index Cond: (id = 1998772)

for inserts
table 1 : explain INSERT INTO sbtest1 (id, k, c, pad) VALUES (5291228, 13, 'foobar', 'foobar')
	Insert on sbtest1  (cost=0.00..0.01 rows=0 width=0)
	  ->  Result  (cost=0.00..0.01 rows=1 width=736)

table 2 : explain INSERT INTO sbtest2 (id, k, c, pad) VALUES (5684666, 13, 'foobar', 'foobar')
	Insert on sbtest2  (cost=0.00..0.01 rows=0 width=0)
	  ->  Result  (cost=0.00..0.01 rows=1 width=736)

table 3 : explain INSERT INTO sbtest3 (id, k, c, pad) VALUES (4768322, 13, 'foobar', 'foobar')
	Insert on sbtest3  (cost=0.00..0.01 rows=0 width=0)
	  ->  Result  (cost=0.00..0.01 rows=1 width=736)

table 4 : explain INSERT INTO sbtest4 (id, k, c, pad) VALUES (6136276, 13, 'foobar', 'foobar')
	Insert on sbtest4  (cost=0.00..0.01 rows=0 width=0)
	  ->  Result  (cost=0.00..0.01 rows=1 width=736)

table 5 : explain INSERT INTO sbtest5 (id, k, c, pad) VALUES (7683477, 13, 'foobar', 'foobar')
	Insert on sbtest5  (cost=0.00..0.01 rows=0 width=0)
	  ->  Result  (cost=0.00..0.01 rows=1 width=736)

table 6 : explain INSERT INTO sbtest6 (id, k, c, pad) VALUES (9074761, 13, 'foobar', 'foobar')
	Insert on sbtest6  (cost=0.00..0.01 rows=0 width=0)
	  ->  Result  (cost=0.00..0.01 rows=1 width=736)

table 7 : explain INSERT INTO sbtest7 (id, k, c, pad) VALUES (3977155, 13, 'foobar', 'foobar')
	Insert on sbtest7  (cost=0.00..0.01 rows=0 width=0)
	  ->  Result  (cost=0.00..0.01 rows=1 width=736)

table 8 : explain INSERT INTO sbtest8 (id, k, c, pad) VALUES (8263822, 13, 'foobar', 'foobar')
	Insert on sbtest8  (cost=0.00..0.01 rows=0 width=0)
	  ->  Result  (cost=0.00..0.01 rows=1 width=736)

for: simple_ranges
table 1 : explain SELECT c FROM sbtest1 WHERE id BETWEEN 4379601 AND 4379610
	Index Scan using sbtest1_pkey on sbtest1  (cost=0.43..41.00 rows=10 width=121)
	  Index Cond: ((id >= 4379601) AND (id <= 4379610))

table 2 : explain SELECT c FROM sbtest2 WHERE id BETWEEN 5459199 AND 5459208
	Index Scan using sbtest2_pkey on sbtest2  (cost=0.43..37.33 rows=9 width=121)
	  Index Cond: ((id >= 5459199) AND (id <= 5459208))

table 3 : explain SELECT c FROM sbtest3 WHERE id BETWEEN 6238540 AND 6238549
	Index Scan using sbtest3_pkey on sbtest3  (cost=0.43..40.55 rows=10 width=121)
	  Index Cond: ((id >= 6238540) AND (id <= 6238549))

table 4 : explain SELECT c FROM sbtest4 WHERE id BETWEEN 9806831 AND 9806840
	Index Scan using sbtest4_pkey on sbtest4  (cost=0.43..40.60 rows=10 width=121)
	  Index Cond: ((id >= 9806831) AND (id <= 9806840))

table 5 : explain SELECT c FROM sbtest5 WHERE id BETWEEN 3372514 AND 3372523
	Index Scan using sbtest5_pkey on sbtest5  (cost=0.43..44.18 rows=11 width=121)
	  Index Cond: ((id >= 3372514) AND (id <= 3372523))

table 6 : explain SELECT c FROM sbtest6 WHERE id BETWEEN 3254949 AND 3254958
	Index Scan using sbtest6_pkey on sbtest6  (cost=0.43..44.21 rows=11 width=121)
	  Index Cond: ((id >= 3254949) AND (id <= 3254958))

table 7 : explain SELECT c FROM sbtest7 WHERE id BETWEEN 9508189 AND 9508198
	Index Scan using sbtest7_pkey on sbtest7  (cost=0.43..40.46 rows=10 width=121)
	  Index Cond: ((id >= 9508189) AND (id <= 9508198))

table 8 : explain SELECT c FROM sbtest8 WHERE id BETWEEN 4522337 AND 4522346
	Index Scan using sbtest8_pkey on sbtest8  (cost=0.43..37.36 rows=9 width=121)
	  Index Cond: ((id >= 4522337) AND (id <= 4522346))

for index_updates
table 1 : explain UPDATE sbtest1 SET k=k+1 WHERE id=9306040
	Update on sbtest1  (cost=0.43..8.46 rows=0 width=0)
	  ->  Index Scan using sbtest1_pkey on sbtest1  (cost=0.43..8.46 rows=1 width=10)
	        Index Cond: (id = 9306040)

table 2 : explain UPDATE sbtest2 SET k=k+1 WHERE id=8564627
	Update on sbtest2  (cost=0.43..8.46 rows=0 width=0)
	  ->  Index Scan using sbtest2_pkey on sbtest2  (cost=0.43..8.46 rows=1 width=10)
	        Index Cond: (id = 8564627)

table 3 : explain UPDATE sbtest3 SET k=k+1 WHERE id=8389147
	Update on sbtest3  (cost=0.43..8.46 rows=0 width=0)
	  ->  Index Scan using sbtest3_pkey on sbtest3  (cost=0.43..8.46 rows=1 width=10)
	        Index Cond: (id = 8389147)

table 4 : explain UPDATE sbtest4 SET k=k+1 WHERE id=8582818
	Update on sbtest4  (cost=0.43..8.46 rows=0 width=0)
	  ->  Index Scan using sbtest4_pkey on sbtest4  (cost=0.43..8.46 rows=1 width=10)
	        Index Cond: (id = 8582818)

table 5 : explain UPDATE sbtest5 SET k=k+1 WHERE id=3202779
	Update on sbtest5  (cost=0.43..8.46 rows=0 width=0)
	  ->  Index Scan using sbtest5_pkey on sbtest5  (cost=0.43..8.46 rows=1 width=10)
	        Index Cond: (id = 3202779)

table 6 : explain UPDATE sbtest6 SET k=k+1 WHERE id=2143659
	Update on sbtest6  (cost=0.43..8.46 rows=0 width=0)
	  ->  Index Scan using sbtest6_pkey on sbtest6  (cost=0.43..8.46 rows=1 width=10)
	        Index Cond: (id = 2143659)

table 7 : explain UPDATE sbtest7 SET k=k+1 WHERE id=235131
	Update on sbtest7  (cost=0.43..8.46 rows=0 width=0)
	  ->  Index Scan using sbtest7_pkey on sbtest7  (cost=0.43..8.46 rows=1 width=10)
	        Index Cond: (id = 235131)

table 8 : explain UPDATE sbtest8 SET k=k+1 WHERE id=5390233
	Update on sbtest8  (cost=0.43..8.46 rows=0 width=0)
	  ->  Index Scan using sbtest8_pkey on sbtest8  (cost=0.43..8.46 rows=1 width=10)
	        Index Cond: (id = 5390233)

explain: for inserts :: explain INSERT INTO sbtest%u (id, k, c, pad) VALUES (%u, 13, 'foobar', 'foobar')
explain: for non_index_updates :: explain UPDATE sbtest%u SET c='foobar' WHERE id=%u
for inserts
table 1 : explain INSERT INTO sbtest1 (id, k, c, pad) VALUES (3656136, 13, 'foobar', 'foobar')
	Insert on sbtest1  (cost=0.00..0.01 rows=0 width=0)
	  ->  Result  (cost=0.00..0.01 rows=1 width=736)

table 2 : explain INSERT INTO sbtest2 (id, k, c, pad) VALUES (9219579, 13, 'foobar', 'foobar')
	Insert on sbtest2  (cost=0.00..0.01 rows=0 width=0)
	  ->  Result  (cost=0.00..0.01 rows=1 width=736)

table 3 : explain INSERT INTO sbtest3 (id, k, c, pad) VALUES (5948031, 13, 'foobar', 'foobar')
	Insert on sbtest3  (cost=0.00..0.01 rows=0 width=0)
	  ->  Result  (cost=0.00..0.01 rows=1 width=736)

table 4 : explain INSERT INTO sbtest4 (id, k, c, pad) VALUES (4849592, 13, 'foobar', 'foobar')
	Insert on sbtest4  (cost=0.00..0.01 rows=0 width=0)
	  ->  Result  (cost=0.00..0.01 rows=1 width=736)

table 5 : explain INSERT INTO sbtest5 (id, k, c, pad) VALUES (5923015, 13, 'foobar', 'foobar')
	Insert on sbtest5  (cost=0.00..0.01 rows=0 width=0)
	  ->  Result  (cost=0.00..0.01 rows=1 width=736)

table 6 : explain INSERT INTO sbtest6 (id, k, c, pad) VALUES (6047949, 13, 'foobar', 'foobar')
	Insert on sbtest6  (cost=0.00..0.01 rows=0 width=0)
	  ->  Result  (cost=0.00..0.01 rows=1 width=736)

table 7 : explain INSERT INTO sbtest7 (id, k, c, pad) VALUES (6703044, 13, 'foobar', 'foobar')
	Insert on sbtest7  (cost=0.00..0.01 rows=0 width=0)
	  ->  Result  (cost=0.00..0.01 rows=1 width=736)

table 8 : explain INSERT INTO sbtest8 (id, k, c, pad) VALUES (8175358, 13, 'foobar', 'foobar')
	Insert on sbtest8  (cost=0.00..0.01 rows=0 width=0)
	  ->  Result  (cost=0.00..0.01 rows=1 width=736)

for: simple_ranges
table 1 : explain SELECT c FROM sbtest1 WHERE id BETWEEN 4028760 AND 4028769
	Index Scan using sbtest1_pkey on sbtest1  (cost=0.43..41.00 rows=10 width=121)
	  Index Cond: ((id >= 4028760) AND (id <= 4028769))

table 2 : explain SELECT c FROM sbtest2 WHERE id BETWEEN 4757823 AND 4757832
	Index Scan using sbtest2_pkey on sbtest2  (cost=0.43..37.33 rows=9 width=121)
	  Index Cond: ((id >= 4757823) AND (id <= 4757832))

table 3 : explain SELECT c FROM sbtest3 WHERE id BETWEEN 7260421 AND 7260430
	Index Scan using sbtest3_pkey on sbtest3  (cost=0.43..40.55 rows=10 width=121)
	  Index Cond: ((id >= 7260421) AND (id <= 7260430))

table 4 : explain SELECT c FROM sbtest4 WHERE id BETWEEN 6065018 AND 6065027
	Index Scan using sbtest4_pkey on sbtest4  (cost=0.43..40.60 rows=10 width=121)
	  Index Cond: ((id >= 6065018) AND (id <= 6065027))

table 5 : explain SELECT c FROM sbtest5 WHERE id BETWEEN 1639932 AND 1639941
	Index Scan using sbtest5_pkey on sbtest5  (cost=0.43..40.61 rows=10 width=121)
	  Index Cond: ((id >= 1639932) AND (id <= 1639941))

table 6 : explain SELECT c FROM sbtest6 WHERE id BETWEEN 5135069 AND 5135078
	Index Scan using sbtest6_pkey on sbtest6  (cost=0.43..40.63 rows=10 width=121)
	  Index Cond: ((id >= 5135069) AND (id <= 5135078))

table 7 : explain SELECT c FROM sbtest7 WHERE id BETWEEN 4986683 AND 4986692
	Index Scan using sbtest7_pkey on sbtest7  (cost=0.43..36.91 rows=9 width=121)
	  Index Cond: ((id >= 4986683) AND (id <= 4986692))

table 8 : explain SELECT c FROM sbtest8 WHERE id BETWEEN 7102430 AND 7102439
	Index Scan using sbtest8_pkey on sbtest8  (cost=0.43..40.98 rows=10 width=121)
	  Index Cond: ((id >= 7102430) AND (id <= 7102439))

for: sum_ranges
table 1 : explain SELECT SUM(k) FROM sbtest1 WHERE id BETWEEN 4653635 AND 4653644
	Aggregate  (cost=37.40..37.41 rows=1 width=8)
	  ->  Index Scan using sbtest1_pkey on sbtest1  (cost=0.43..37.38 rows=9 width=4)
	        Index Cond: ((id >= 4653635) AND (id <= 4653644))

table 2 : explain SELECT SUM(k) FROM sbtest2 WHERE id BETWEEN 4831737 AND 4831746
	Aggregate  (cost=37.36..37.37 rows=1 width=8)
	  ->  Index Scan using sbtest2_pkey on sbtest2  (cost=0.43..37.33 rows=9 width=4)
	        Index Cond: ((id >= 4831737) AND (id <= 4831746))

table 3 : explain SELECT SUM(k) FROM sbtest3 WHERE id BETWEEN 1709723 AND 1709732
	Aggregate  (cost=40.57..40.58 rows=1 width=8)
	  ->  Index Scan using sbtest3_pkey on sbtest3  (cost=0.43..40.55 rows=10 width=4)
	        Index Cond: ((id >= 1709723) AND (id <= 1709732))

table 4 : explain SELECT SUM(k) FROM sbtest4 WHERE id BETWEEN 2377258 AND 2377267
	Aggregate  (cost=40.63..40.64 rows=1 width=8)
	  ->  Index Scan using sbtest4_pkey on sbtest4  (cost=0.43..40.60 rows=10 width=4)
	        Index Cond: ((id >= 2377258) AND (id <= 2377267))

table 5 : explain SELECT SUM(k) FROM sbtest5 WHERE id BETWEEN 7115345 AND 7115354
	Aggregate  (cost=44.21..44.22 rows=1 width=8)
	  ->  Index Scan using sbtest5_pkey on sbtest5  (cost=0.43..44.18 rows=11 width=4)
	        Index Cond: ((id >= 7115345) AND (id <= 7115354))

table 6 : explain SELECT SUM(k) FROM sbtest6 WHERE id BETWEEN 5085241 AND 5085250
	Aggregate  (cost=40.66..40.67 rows=1 width=8)
	  ->  Index Scan using sbtest6_pkey on sbtest6  (cost=0.43..40.63 rows=10 width=4)
	        Index Cond: ((id >= 5085241) AND (id <= 5085250))

table 7 : explain SELECT SUM(k) FROM sbtest7 WHERE id BETWEEN 4176144 AND 4176153
	Aggregate  (cost=44.05..44.06 rows=1 width=8)
	  ->  Index Scan using sbtest7_pkey on sbtest7  (cost=0.43..44.02 rows=11 width=4)
	        Index Cond: ((id >= 4176144) AND (id <= 4176153))

table 8 : explain SELECT SUM(k) FROM sbtest8 WHERE id BETWEEN 7313360 AND 7313369
	Aggregate  (cost=44.62..44.63 rows=1 width=8)
	  ->  Index Scan using sbtest8_pkey on sbtest8  (cost=0.43..44.59 rows=11 width=4)
	        Index Cond: ((id >= 7313360) AND (id <= 7313369))

for non_index_updates
table 1 : explain UPDATE sbtest1 SET c='foobar' WHERE id=3929077
	Update on sbtest1  (cost=0.43..8.45 rows=0 width=0)
	  ->  Index Scan using sbtest1_pkey on sbtest1  (cost=0.43..8.45 rows=1 width=490)
	        Index Cond: (id = 3929077)

table 2 : explain UPDATE sbtest2 SET c='foobar' WHERE id=1506627
	Update on sbtest2  (cost=0.43..8.45 rows=0 width=0)
	  ->  Index Scan using sbtest2_pkey on sbtest2  (cost=0.43..8.45 rows=1 width=490)
	        Index Cond: (id = 1506627)

table 3 : explain UPDATE sbtest3 SET c='foobar' WHERE id=6845796
	Update on sbtest3  (cost=0.43..8.45 rows=0 width=0)
	  ->  Index Scan using sbtest3_pkey on sbtest3  (cost=0.43..8.45 rows=1 width=490)
	        Index Cond: (id = 6845796)

table 4 : explain UPDATE sbtest4 SET c='foobar' WHERE id=9502739
	Update on sbtest4  (cost=0.43..8.45 rows=0 width=0)
	  ->  Index Scan using sbtest4_pkey on sbtest4  (cost=0.43..8.45 rows=1 width=490)
	        Index Cond: (id = 9502739)

table 5 : explain UPDATE sbtest5 SET c='foobar' WHERE id=4867144
	Update on sbtest5  (cost=0.43..8.45 rows=0 width=0)
	  ->  Index Scan using sbtest5_pkey on sbtest5  (cost=0.43..8.45 rows=1 width=490)
	        Index Cond: (id = 4867144)

table 6 : explain UPDATE sbtest6 SET c='foobar' WHERE id=7197733
	Update on sbtest6  (cost=0.43..8.45 rows=0 width=0)
	  ->  Index Scan using sbtest6_pkey on sbtest6  (cost=0.43..8.45 rows=1 width=490)
	        Index Cond: (id = 7197733)

table 7 : explain UPDATE sbtest7 SET c='foobar' WHERE id=3058738
	Update on sbtest7  (cost=0.43..8.45 rows=0 width=0)
	  ->  Index Scan using sbtest7_pkey on sbtest7  (cost=0.43..8.45 rows=1 width=490)
	        Index Cond: (id = 3058738)

table 8 : explain UPDATE sbtest8 SET c='foobar' WHERE id=170045
	Update on sbtest8  (cost=0.43..8.45 rows=0 width=0)
	  ->  Index Scan using sbtest8_pkey on sbtest8  (cost=0.43..8.45 rows=1 width=490)
	        Index Cond: (id = 170045)

for: simple_ranges
table 1 : explain SELECT c FROM sbtest1 WHERE id BETWEEN 2801282 AND 2801291
	Index Scan using sbtest1_pkey on sbtest1  (cost=0.43..37.38 rows=9 width=121)
	  Index Cond: ((id >= 2801282) AND (id <= 2801291))

table 2 : explain SELECT c FROM sbtest2 WHERE id BETWEEN 8442268 AND 8442277
	Index Scan using sbtest2_pkey on sbtest2  (cost=0.43..40.94 rows=10 width=121)
	  Index Cond: ((id >= 8442268) AND (id <= 8442277))

table 3 : explain SELECT c FROM sbtest3 WHERE id BETWEEN 3584548 AND 3584557
	Index Scan using sbtest3_pkey on sbtest3  (cost=0.43..40.55 rows=10 width=121)
	  Index Cond: ((id >= 3584548) AND (id <= 3584557))

table 4 : explain SELECT c FROM sbtest4 WHERE id BETWEEN 6145501 AND 6145510
	Index Scan using sbtest4_pkey on sbtest4  (cost=0.43..40.60 rows=10 width=121)
	  Index Cond: ((id >= 6145501) AND (id <= 6145510))

table 5 : explain SELECT c FROM sbtest5 WHERE id BETWEEN 8710058 AND 8710067
	Index Scan using sbtest5_pkey on sbtest5  (cost=0.43..40.61 rows=10 width=121)
	  Index Cond: ((id >= 8710058) AND (id <= 8710067))

table 6 : explain SELECT c FROM sbtest6 WHERE id BETWEEN 2422255 AND 2422264
	Index Scan using sbtest6_pkey on sbtest6  (cost=0.43..40.63 rows=10 width=121)
	  Index Cond: ((id >= 2422255) AND (id <= 2422264))

table 7 : explain SELECT c FROM sbtest7 WHERE id BETWEEN 5128496 AND 5128505
	Index Scan using sbtest7_pkey on sbtest7  (cost=0.43..36.91 rows=9 width=121)
	  Index Cond: ((id >= 5128496) AND (id <= 5128505))

table 8 : explain SELECT c FROM sbtest8 WHERE id BETWEEN 3357475 AND 3357484
	Index Scan using sbtest8_pkey on sbtest8  (cost=0.43..40.98 rows=10 width=121)
	  Index Cond: ((id >= 3357475) AND (id <= 3357484))

for inserts
table 1 : explain INSERT INTO sbtest1 (id, k, c, pad) VALUES (1975517, 13, 'foobar', 'foobar')
	Insert on sbtest1  (cost=0.00..0.01 rows=0 width=0)
	  ->  Result  (cost=0.00..0.01 rows=1 width=736)

table 2 : explain INSERT INTO sbtest2 (id, k, c, pad) VALUES (7621942, 13, 'foobar', 'foobar')
	Insert on sbtest2  (cost=0.00..0.01 rows=0 width=0)
	  ->  Result  (cost=0.00..0.01 rows=1 width=736)

table 3 : explain INSERT INTO sbtest3 (id, k, c, pad) VALUES (3420486, 13, 'foobar', 'foobar')
	Insert on sbtest3  (cost=0.00..0.01 rows=0 width=0)
	  ->  Result  (cost=0.00..0.01 rows=1 width=736)

table 4 : explain INSERT INTO sbtest4 (id, k, c, pad) VALUES (9967361, 13, 'foobar', 'foobar')
	Insert on sbtest4  (cost=0.00..0.01 rows=0 width=0)
	  ->  Result  (cost=0.00..0.01 rows=1 width=736)

table 5 : explain INSERT INTO sbtest5 (id, k, c, pad) VALUES (8153036, 13, 'foobar', 'foobar')
	Insert on sbtest5  (cost=0.00..0.01 rows=0 width=0)
	  ->  Result  (cost=0.00..0.01 rows=1 width=736)

table 6 : explain INSERT INTO sbtest6 (id, k, c, pad) VALUES (742161, 13, 'foobar', 'foobar')
	Insert on sbtest6  (cost=0.00..0.01 rows=0 width=0)
	  ->  Result  (cost=0.00..0.01 rows=1 width=736)

table 7 : explain INSERT INTO sbtest7 (id, k, c, pad) VALUES (1289853, 13, 'foobar', 'foobar')
	Insert on sbtest7  (cost=0.00..0.01 rows=0 width=0)
	  ->  Result  (cost=0.00..0.01 rows=1 width=736)

table 8 : explain INSERT INTO sbtest8 (id, k, c, pad) VALUES (6231879, 13, 'foobar', 'foobar')
	Insert on sbtest8  (cost=0.00..0.01 rows=0 width=0)
	  ->  Result  (cost=0.00..0.01 rows=1 width=736)

explain: for deletes :: explain DELETE FROM sbtest%u WHERE id=%u
for deletes
table 1 : explain DELETE FROM sbtest1 WHERE id=2777887
	Delete on sbtest1  (cost=0.43..8.45 rows=0 width=0)
	  ->  Index Scan using sbtest1_pkey on sbtest1  (cost=0.43..8.45 rows=1 width=6)
	        Index Cond: (id = 2777887)

table 2 : explain DELETE FROM sbtest2 WHERE id=1972464
	Delete on sbtest2  (cost=0.43..8.45 rows=0 width=0)
	  ->  Index Scan using sbtest2_pkey on sbtest2  (cost=0.43..8.45 rows=1 width=6)
	        Index Cond: (id = 1972464)

table 3 : explain DELETE FROM sbtest3 WHERE id=6833166
	Delete on sbtest3  (cost=0.43..8.45 rows=0 width=0)
	  ->  Index Scan using sbtest3_pkey on sbtest3  (cost=0.43..8.45 rows=1 width=6)
	        Index Cond: (id = 6833166)

table 4 : explain DELETE FROM sbtest4 WHERE id=7240643
	Delete on sbtest4  (cost=0.43..8.45 rows=0 width=0)
	  ->  Index Scan using sbtest4_pkey on sbtest4  (cost=0.43..8.45 rows=1 width=6)
	        Index Cond: (id = 7240643)

table 5 : explain DELETE FROM sbtest5 WHERE id=6142854
	Delete on sbtest5  (cost=0.43..8.45 rows=0 width=0)
	  ->  Index Scan using sbtest5_pkey on sbtest5  (cost=0.43..8.45 rows=1 width=6)
	        Index Cond: (id = 6142854)

table 6 : explain DELETE FROM sbtest6 WHERE id=1329597
	Delete on sbtest6  (cost=0.43..8.45 rows=0 width=0)
	  ->  Index Scan using sbtest6_pkey on sbtest6  (cost=0.43..8.45 rows=1 width=6)
	        Index Cond: (id = 1329597)

table 7 : explain DELETE FROM sbtest7 WHERE id=1569081
	Delete on sbtest7  (cost=0.43..8.45 rows=0 width=0)
	  ->  Index Scan using sbtest7_pkey on sbtest7  (cost=0.43..8.45 rows=1 width=6)
	        Index Cond: (id = 1569081)

table 8 : explain DELETE FROM sbtest8 WHERE id=629258
	Delete on sbtest8  (cost=0.43..8.45 rows=0 width=0)
	  ->  Index Scan using sbtest8_pkey on sbtest8  (cost=0.43..8.45 rows=1 width=6)
	        Index Cond: (id = 629258)

for: simple_ranges
table 1 : explain SELECT c FROM sbtest1 WHERE id BETWEEN 7345161 AND 7345170
	Index Scan using sbtest1_pkey on sbtest1  (cost=0.43..41.00 rows=10 width=121)
	  Index Cond: ((id >= 7345161) AND (id <= 7345170))

table 2 : explain SELECT c FROM sbtest2 WHERE id BETWEEN 5932499 AND 5932508
	Index Scan using sbtest2_pkey on sbtest2  (cost=0.43..44.55 rows=11 width=121)
	  Index Cond: ((id >= 5932499) AND (id <= 5932508))

table 3 : explain SELECT c FROM sbtest3 WHERE id BETWEEN 5970976 AND 5970985
	Index Scan using sbtest3_pkey on sbtest3  (cost=0.43..44.11 rows=11 width=121)
	  Index Cond: ((id >= 5970976) AND (id <= 5970985))

table 4 : explain SELECT c FROM sbtest4 WHERE id BETWEEN 5496775 AND 5496784
	Index Scan using sbtest4_pkey on sbtest4  (cost=0.43..40.60 rows=10 width=121)
	  Index Cond: ((id >= 5496775) AND (id <= 5496784))

table 5 : explain SELECT c FROM sbtest5 WHERE id BETWEEN 9802515 AND 9802524
	Index Scan using sbtest5_pkey on sbtest5  (cost=0.43..40.61 rows=10 width=121)
	  Index Cond: ((id >= 9802515) AND (id <= 9802524))

table 6 : explain SELECT c FROM sbtest6 WHERE id BETWEEN 7500852 AND 7500861
	Index Scan using sbtest6_pkey on sbtest6  (cost=0.43..40.63 rows=10 width=121)
	  Index Cond: ((id >= 7500852) AND (id <= 7500861))

table 7 : explain SELECT c FROM sbtest7 WHERE id BETWEEN 7216877 AND 7216886
	Index Scan using sbtest7_pkey on sbtest7  (cost=0.43..36.91 rows=9 width=121)
	  Index Cond: ((id >= 7216877) AND (id <= 7216886))

table 8 : explain SELECT c FROM sbtest8 WHERE id BETWEEN 4017464 AND 4017473
	Index Scan using sbtest8_pkey on sbtest8  (cost=0.43..37.36 rows=9 width=121)
	  Index Cond: ((id >= 4017464) AND (id <= 4017473))

for: sum_ranges
table 1 : explain SELECT SUM(k) FROM sbtest1 WHERE id BETWEEN 3061545 AND 3061554
	Aggregate  (cost=41.02..41.03 rows=1 width=8)
	  ->  Index Scan using sbtest1_pkey on sbtest1  (cost=0.43..41.00 rows=10 width=4)
	        Index Cond: ((id >= 3061545) AND (id <= 3061554))

table 2 : explain SELECT SUM(k) FROM sbtest2 WHERE id BETWEEN 622096 AND 622105
	Aggregate  (cost=44.58..44.59 rows=1 width=8)
	  ->  Index Scan using sbtest2_pkey on sbtest2  (cost=0.43..44.55 rows=11 width=4)
	        Index Cond: ((id >= 622096) AND (id <= 622105))

table 3 : explain SELECT SUM(k) FROM sbtest3 WHERE id BETWEEN 3682985 AND 3682994
	Aggregate  (cost=37.00..37.01 rows=1 width=8)
	  ->  Index Scan using sbtest3_pkey on sbtest3  (cost=0.43..36.98 rows=9 width=4)
	        Index Cond: ((id >= 3682985) AND (id <= 3682994))

table 4 : explain SELECT SUM(k) FROM sbtest4 WHERE id BETWEEN 7921541 AND 7921550
	Aggregate  (cost=37.05..37.06 rows=1 width=8)
	  ->  Index Scan using sbtest4_pkey on sbtest4  (cost=0.43..37.03 rows=9 width=4)
	        Index Cond: ((id >= 7921541) AND (id <= 7921550))

table 5 : explain SELECT SUM(k) FROM sbtest5 WHERE id BETWEEN 2975852 AND 2975861
	Aggregate  (cost=40.63..40.64 rows=1 width=8)
	  ->  Index Scan using sbtest5_pkey on sbtest5  (cost=0.43..40.61 rows=10 width=4)
	        Index Cond: ((id >= 2975852) AND (id <= 2975861))

table 6 : explain SELECT SUM(k) FROM sbtest6 WHERE id BETWEEN 9860836 AND 9860845
	Aggregate  (cost=40.66..40.67 rows=1 width=8)
	  ->  Index Scan using sbtest6_pkey on sbtest6  (cost=0.43..40.63 rows=10 width=4)
	        Index Cond: ((id >= 9860836) AND (id <= 9860845))

table 7 : explain SELECT SUM(k) FROM sbtest7 WHERE id BETWEEN 7862266 AND 7862275
	Aggregate  (cost=40.49..40.50 rows=1 width=8)
	  ->  Index Scan using sbtest7_pkey on sbtest7  (cost=0.43..40.46 rows=10 width=4)
	        Index Cond: ((id >= 7862266) AND (id <= 7862275))

table 8 : explain SELECT SUM(k) FROM sbtest8 WHERE id BETWEEN 4191555 AND 4191564
	Aggregate  (cost=44.62..44.63 rows=1 width=8)
	  ->  Index Scan using sbtest8_pkey on sbtest8  (cost=0.43..44.59 rows=11 width=4)
	        Index Cond: ((id >= 4191555) AND (id <= 4191564))

explain: for inserts :: explain INSERT INTO sbtest%u (id, k, c, pad) VALUES (%u, 13, 'foobar', 'foobar')
explain: for point_selects :: explain SELECT c FROM sbtest%u WHERE id=%u
for inserts
table 1 : explain INSERT INTO sbtest1 (id, k, c, pad) VALUES (9657198, 13, 'foobar', 'foobar')
	Insert on sbtest1  (cost=0.00..0.01 rows=0 width=0)
	  ->  Result  (cost=0.00..0.01 rows=1 width=736)

table 2 : explain INSERT INTO sbtest2 (id, k, c, pad) VALUES (444708, 13, 'foobar', 'foobar')
	Insert on sbtest2  (cost=0.00..0.01 rows=0 width=0)
	  ->  Result  (cost=0.00..0.01 rows=1 width=736)

table 3 : explain INSERT INTO sbtest3 (id, k, c, pad) VALUES (6732625, 13, 'foobar', 'foobar')
	Insert on sbtest3  (cost=0.00..0.01 rows=0 width=0)
	  ->  Result  (cost=0.00..0.01 rows=1 width=736)

table 4 : explain INSERT INTO sbtest4 (id, k, c, pad) VALUES (6103366, 13, 'foobar', 'foobar')
	Insert on sbtest4  (cost=0.00..0.01 rows=0 width=0)
	  ->  Result  (cost=0.00..0.01 rows=1 width=736)

table 5 : explain INSERT INTO sbtest5 (id, k, c, pad) VALUES (520016, 13, 'foobar', 'foobar')
	Insert on sbtest5  (cost=0.00..0.01 rows=0 width=0)
	  ->  Result  (cost=0.00..0.01 rows=1 width=736)

table 6 : explain INSERT INTO sbtest6 (id, k, c, pad) VALUES (512208, 13, 'foobar', 'foobar')
	Insert on sbtest6  (cost=0.00..0.01 rows=0 width=0)
	  ->  Result  (cost=0.00..0.01 rows=1 width=736)

table 7 : explain INSERT INTO sbtest7 (id, k, c, pad) VALUES (7645769, 13, 'foobar', 'foobar')
	Insert on sbtest7  (cost=0.00..0.01 rows=0 width=0)
	  ->  Result  (cost=0.00..0.01 rows=1 width=736)

table 8 : explain INSERT INTO sbtest8 (id, k, c, pad) VALUES (2865265, 13, 'foobar', 'foobar')
	Insert on sbtest8  (cost=0.00..0.01 rows=0 width=0)
	  ->  Result  (cost=0.00..0.01 rows=1 width=736)

for point_selects
table 1 : explain SELECT c FROM sbtest1 WHERE id=6603705
	Index Scan using sbtest1_pkey on sbtest1  (cost=0.43..8.45 rows=1 width=121)
	  Index Cond: (id = 6603705)

table 2 : explain SELECT c FROM sbtest2 WHERE id=8630407
	Index Scan using sbtest2_pkey on sbtest2  (cost=0.43..8.45 rows=1 width=121)
	  Index Cond: (id = 8630407)

table 3 : explain SELECT c FROM sbtest3 WHERE id=9275913
	Index Scan using sbtest3_pkey on sbtest3  (cost=0.43..8.45 rows=1 width=121)
	  Index Cond: (id = 9275913)

table 4 : explain SELECT c FROM sbtest4 WHERE id=4991145
	Index Scan using sbtest4_pkey on sbtest4  (cost=0.43..8.45 rows=1 width=121)
	  Index Cond: (id = 4991145)

table 5 : explain SELECT c FROM sbtest5 WHERE id=3955554
	Index Scan using sbtest5_pkey on sbtest5  (cost=0.43..8.45 rows=1 width=121)
	  Index Cond: (id = 3955554)

table 6 : explain SELECT c FROM sbtest6 WHERE id=7919506
	Index Scan using sbtest6_pkey on sbtest6  (cost=0.43..8.45 rows=1 width=121)
	  Index Cond: (id = 7919506)

table 7 : explain SELECT c FROM sbtest7 WHERE id=3911777
	Index Scan using sbtest7_pkey on sbtest7  (cost=0.43..8.45 rows=1 width=121)
	  Index Cond: (id = 3911777)

table 8 : explain SELECT c FROM sbtest8 WHERE id=3083552
	Index Scan using sbtest8_pkey on sbtest8  (cost=0.43..8.45 rows=1 width=121)
	  Index Cond: (id = 3083552)

explain: for point_selects :: explain SELECT c FROM sbtest%u WHERE id=%u
for: order_ranges
table 1 : explain SELECT c FROM sbtest1 WHERE id BETWEEN 5658237 AND 5658246 ORDER BY c
	Sort  (cost=41.16..41.19 rows=10 width=121)
	  Sort Key: c
	  ->  Index Scan using sbtest1_pkey on sbtest1  (cost=0.43..41.00 rows=10 width=121)
	        Index Cond: ((id >= 5658237) AND (id <= 5658246))

table 2 : explain SELECT c FROM sbtest2 WHERE id BETWEEN 2823501 AND 2823510 ORDER BY c
	Sort  (cost=41.11..41.13 rows=10 width=121)
	  Sort Key: c
	  ->  Index Scan using sbtest2_pkey on sbtest2  (cost=0.43..40.94 rows=10 width=121)
	        Index Cond: ((id >= 2823501) AND (id <= 2823510))

table 3 : explain SELECT c FROM sbtest3 WHERE id BETWEEN 8602413 AND 8602422 ORDER BY c
	Sort  (cost=40.71..40.74 rows=10 width=121)
	  Sort Key: c
	  ->  Index Scan using sbtest3_pkey on sbtest3  (cost=0.43..40.55 rows=10 width=121)
	        Index Cond: ((id >= 8602413) AND (id <= 8602422))

table 4 : explain SELECT c FROM sbtest4 WHERE id BETWEEN 1192556 AND 1192565 ORDER BY c
	Sort  (cost=40.77..40.79 rows=10 width=121)
	  Sort Key: c
	  ->  Index Scan using sbtest4_pkey on sbtest4  (cost=0.43..40.60 rows=10 width=121)
	        Index Cond: ((id >= 1192556) AND (id <= 1192565))

table 5 : explain SELECT c FROM sbtest5 WHERE id BETWEEN 4777502 AND 4777511 ORDER BY c
	Sort  (cost=44.37..44.40 rows=11 width=121)
	  Sort Key: c
	  ->  Index Scan using sbtest5_pkey on sbtest5  (cost=0.43..44.18 rows=11 width=121)
	        Index Cond: ((id >= 4777502) AND (id <= 4777511))

table 6 : explain SELECT c FROM sbtest6 WHERE id BETWEEN 2506586 AND 2506595 ORDER BY c
	Sort  (cost=40.80..40.82 rows=10 width=121)
	  Sort Key: c
	  ->  Index Scan using sbtest6_pkey on sbtest6  (cost=0.43..40.63 rows=10 width=121)
	        Index Cond: ((id >= 2506586) AND (id <= 2506595))

table 7 : explain SELECT c FROM sbtest7 WHERE id BETWEEN 2565944 AND 2565953 ORDER BY c
	Sort  (cost=44.21..44.24 rows=11 width=121)
	  Sort Key: c
	  ->  Index Scan using sbtest7_pkey on sbtest7  (cost=0.43..44.02 rows=11 width=121)
	        Index Cond: ((id >= 2565944) AND (id <= 2565953))

table 8 : explain SELECT c FROM sbtest8 WHERE id BETWEEN 6938421 AND 6938430 ORDER BY c
	Sort  (cost=41.14..41.17 rows=10 width=121)
	  Sort Key: c
	  ->  Index Scan using sbtest8_pkey on sbtest8  (cost=0.43..40.98 rows=10 width=121)
	        Index Cond: ((id >= 6938421) AND (id <= 6938430))

for: sum_ranges
table 1 : explain SELECT SUM(k) FROM sbtest1 WHERE id BETWEEN 9006119 AND 9006128
	Aggregate  (cost=37.40..37.41 rows=1 width=8)
	  ->  Index Scan using sbtest1_pkey on sbtest1  (cost=0.43..37.38 rows=9 width=4)
	        Index Cond: ((id >= 9006119) AND (id <= 9006128))

table 2 : explain SELECT SUM(k) FROM sbtest2 WHERE id BETWEEN 8054183 AND 8054192
	Aggregate  (cost=40.97..40.98 rows=1 width=8)
	  ->  Index Scan using sbtest2_pkey on sbtest2  (cost=0.43..40.94 rows=10 width=4)
	        Index Cond: ((id >= 8054183) AND (id <= 8054192))

table 3 : explain SELECT SUM(k) FROM sbtest3 WHERE id BETWEEN 3239948 AND 3239957
	Aggregate  (cost=40.57..40.58 rows=1 width=8)
	  ->  Index Scan using sbtest3_pkey on sbtest3  (cost=0.43..40.55 rows=10 width=4)
	        Index Cond: ((id >= 3239948) AND (id <= 3239957))

table 4 : explain SELECT SUM(k) FROM sbtest4 WHERE id BETWEEN 3302586 AND 3302595
	Aggregate  (cost=37.05..37.06 rows=1 width=8)
	  ->  Index Scan using sbtest4_pkey on sbtest4  (cost=0.43..37.03 rows=9 width=4)
	        Index Cond: ((id >= 3302586) AND (id <= 3302595))

table 5 : explain SELECT SUM(k) FROM sbtest5 WHERE id BETWEEN 3751512 AND 3751521
	Aggregate  (cost=37.06..37.07 rows=1 width=8)
	  ->  Index Scan using sbtest5_pkey on sbtest5  (cost=0.43..37.04 rows=9 width=4)
	        Index Cond: ((id >= 3751512) AND (id <= 3751521))

table 6 : explain SELECT SUM(k) FROM sbtest6 WHERE id BETWEEN 9953267 AND 9953276
	Aggregate  (cost=40.66..40.67 rows=1 width=8)
	  ->  Index Scan using sbtest6_pkey on sbtest6  (cost=0.43..40.63 rows=10 width=4)
	        Index Cond: ((id >= 9953267) AND (id <= 9953276))

table 7 : explain SELECT SUM(k) FROM sbtest7 WHERE id BETWEEN 6224102 AND 6224111
	Aggregate  (cost=40.49..40.50 rows=1 width=8)
	  ->  Index Scan using sbtest7_pkey on sbtest7  (cost=0.43..40.46 rows=10 width=4)
	        Index Cond: ((id >= 6224102) AND (id <= 6224111))

table 8 : explain SELECT SUM(k) FROM sbtest8 WHERE id BETWEEN 6509004 AND 6509013
	Aggregate  (cost=41.00..41.01 rows=1 width=8)
	  ->  Index Scan using sbtest8_pkey on sbtest8  (cost=0.43..40.98 rows=10 width=4)
	        Index Cond: ((id >= 6509004) AND (id <= 6509013))

for: sum_ranges
table 1 : explain SELECT SUM(k) FROM sbtest1 WHERE id BETWEEN 4337488 AND 4337497
	Aggregate  (cost=41.02..41.03 rows=1 width=8)
	  ->  Index Scan using sbtest1_pkey on sbtest1  (cost=0.43..41.00 rows=10 width=4)
	        Index Cond: ((id >= 4337488) AND (id <= 4337497))

table 2 : explain SELECT SUM(k) FROM sbtest2 WHERE id BETWEEN 586732 AND 586741
	Aggregate  (cost=40.97..40.98 rows=1 width=8)
	  ->  Index Scan using sbtest2_pkey on sbtest2  (cost=0.43..40.94 rows=10 width=4)
	        Index Cond: ((id >= 586732) AND (id <= 586741))

table 3 : explain SELECT SUM(k) FROM sbtest3 WHERE id BETWEEN 6941456 AND 6941465
	Aggregate  (cost=40.57..40.58 rows=1 width=8)
	  ->  Index Scan using sbtest3_pkey on sbtest3  (cost=0.43..40.55 rows=10 width=4)
	        Index Cond: ((id >= 6941456) AND (id <= 6941465))

table 4 : explain SELECT SUM(k) FROM sbtest4 WHERE id BETWEEN 5238892 AND 5238901
	Aggregate  (cost=44.20..44.21 rows=1 width=8)
	  ->  Index Scan using sbtest4_pkey on sbtest4  (cost=0.43..44.18 rows=11 width=4)
	        Index Cond: ((id >= 5238892) AND (id <= 5238901))

table 5 : explain SELECT SUM(k) FROM sbtest5 WHERE id BETWEEN 177920 AND 177929
	Aggregate  (cost=37.06..37.07 rows=1 width=8)
	  ->  Index Scan using sbtest5_pkey on sbtest5  (cost=0.43..37.04 rows=9 width=4)
	        Index Cond: ((id >= 177920) AND (id <= 177929))

table 6 : explain SELECT SUM(k) FROM sbtest6 WHERE id BETWEEN 999623 AND 999632
	Aggregate  (cost=40.66..40.67 rows=1 width=8)
	  ->  Index Scan using sbtest6_pkey on sbtest6  (cost=0.43..40.63 rows=10 width=4)
	        Index Cond: ((id >= 999623) AND (id <= 999632))

table 7 : explain SELECT SUM(k) FROM sbtest7 WHERE id BETWEEN 339551 AND 339560
	Aggregate  (cost=40.49..40.50 rows=1 width=8)
	  ->  Index Scan using sbtest7_pkey on sbtest7  (cost=0.43..40.46 rows=10 width=4)
	        Index Cond: ((id >= 339551) AND (id <= 339560))

table 8 : explain SELECT SUM(k) FROM sbtest8 WHERE id BETWEEN 483885 AND 483894
	Aggregate  (cost=44.62..44.63 rows=1 width=8)
	  ->  Index Scan using sbtest8_pkey on sbtest8  (cost=0.43..44.59 rows=11 width=4)
	        Index Cond: ((id >= 483885) AND (id <= 483894))

for point_selects
table 1 : explain SELECT c FROM sbtest1 WHERE id=9234079
	Index Scan using sbtest1_pkey on sbtest1  (cost=0.43..8.45 rows=1 width=121)
	  Index Cond: (id = 9234079)

table 2 : explain SELECT c FROM sbtest2 WHERE id=2966523
	Index Scan using sbtest2_pkey on sbtest2  (cost=0.43..8.45 rows=1 width=121)
	  Index Cond: (id = 2966523)

table 3 : explain SELECT c FROM sbtest3 WHERE id=7653132
	Index Scan using sbtest3_pkey on sbtest3  (cost=0.43..8.45 rows=1 width=121)
	  Index Cond: (id = 7653132)

table 4 : explain SELECT c FROM sbtest4 WHERE id=5846740
	Index Scan using sbtest4_pkey on sbtest4  (cost=0.43..8.45 rows=1 width=121)
	  Index Cond: (id = 5846740)

table 5 : explain SELECT c FROM sbtest5 WHERE id=6779132
	Index Scan using sbtest5_pkey on sbtest5  (cost=0.43..8.45 rows=1 width=121)
	  Index Cond: (id = 6779132)

table 6 : explain SELECT c FROM sbtest6 WHERE id=5380335
	Index Scan using sbtest6_pkey on sbtest6  (cost=0.43..8.45 rows=1 width=121)
	  Index Cond: (id = 5380335)

table 7 : explain SELECT c FROM sbtest7 WHERE id=4458345
	Index Scan using sbtest7_pkey on sbtest7  (cost=0.43..8.45 rows=1 width=121)
	  Index Cond: (id = 4458345)

table 8 : explain SELECT c FROM sbtest8 WHERE id=13005
	Index Scan using sbtest8_pkey on sbtest8  (cost=0.43..8.45 rows=1 width=121)
	  Index Cond: (id = 13005)

for: sum_ranges
table 1 : explain SELECT SUM(k) FROM sbtest1 WHERE id BETWEEN 1647315 AND 1647324
	Aggregate  (cost=37.40..37.41 rows=1 width=8)
	  ->  Index Scan using sbtest1_pkey on sbtest1  (cost=0.43..37.38 rows=9 width=4)
	        Index Cond: ((id >= 1647315) AND (id <= 1647324))

table 2 : explain SELECT SUM(k) FROM sbtest2 WHERE id BETWEEN 867869 AND 867878
	Aggregate  (cost=40.97..40.98 rows=1 width=8)
	  ->  Index Scan using sbtest2_pkey on sbtest2  (cost=0.43..40.94 rows=10 width=4)
	        Index Cond: ((id >= 867869) AND (id <= 867878))

table 3 : explain SELECT SUM(k) FROM sbtest3 WHERE id BETWEEN 9641645 AND 9641654
	Aggregate  (cost=40.57..40.58 rows=1 width=8)
	  ->  Index Scan using sbtest3_pkey on sbtest3  (cost=0.43..40.55 rows=10 width=4)
	        Index Cond: ((id >= 9641645) AND (id <= 9641654))

table 4 : explain SELECT SUM(k) FROM sbtest4 WHERE id BETWEEN 7054495 AND 7054504
	Aggregate  (cost=40.63..40.64 rows=1 width=8)
	  ->  Index Scan using sbtest4_pkey on sbtest4  (cost=0.43..40.60 rows=10 width=4)
	        Index Cond: ((id >= 7054495) AND (id <= 7054504))

table 5 : explain SELECT SUM(k) FROM sbtest5 WHERE id BETWEEN 8766562 AND 8766571
	Aggregate  (cost=40.63..40.64 rows=1 width=8)
	  ->  Index Scan using sbtest5_pkey on sbtest5  (cost=0.43..40.61 rows=10 width=4)
	        Index Cond: ((id >= 8766562) AND (id <= 8766571))

table 6 : explain SELECT SUM(k) FROM sbtest6 WHERE id BETWEEN 3917752 AND 3917761
	Aggregate  (cost=37.08..37.09 rows=1 width=8)
	  ->  Index Scan using sbtest6_pkey on sbtest6  (cost=0.43..37.06 rows=9 width=4)
	        Index Cond: ((id >= 3917752) AND (id <= 3917761))

table 7 : explain SELECT SUM(k) FROM sbtest7 WHERE id BETWEEN 7926211 AND 7926220
	Aggregate  (cost=40.49..40.50 rows=1 width=8)
	  ->  Index Scan using sbtest7_pkey on sbtest7  (cost=0.43..40.46 rows=10 width=4)
	        Index Cond: ((id >= 7926211) AND (id <= 7926220))

table 8 : explain SELECT SUM(k) FROM sbtest8 WHERE id BETWEEN 9955278 AND 9955287
	Aggregate  (cost=41.00..41.01 rows=1 width=8)
	  ->  Index Scan using sbtest8_pkey on sbtest8  (cost=0.43..40.98 rows=10 width=4)
	        Index Cond: ((id >= 9955278) AND (id <= 9955287))

for: order_ranges
table 1 : explain SELECT c FROM sbtest1 WHERE id BETWEEN 3602344 AND 3602353 ORDER BY c
	Sort  (cost=41.16..41.19 rows=10 width=121)
	  Sort Key: c
	  ->  Index Scan using sbtest1_pkey on sbtest1  (cost=0.43..41.00 rows=10 width=121)
	        Index Cond: ((id >= 3602344) AND (id <= 3602353))

table 2 : explain SELECT c FROM sbtest2 WHERE id BETWEEN 6720514 AND 6720523 ORDER BY c
	Sort  (cost=44.74..44.77 rows=11 width=121)
	  Sort Key: c
	  ->  Index Scan using sbtest2_pkey on sbtest2  (cost=0.43..44.55 rows=11 width=121)
	        Index Cond: ((id >= 6720514) AND (id <= 6720523))

table 3 : explain SELECT c FROM sbtest3 WHERE id BETWEEN 7428585 AND 7428594 ORDER BY c
	Sort  (cost=40.71..40.74 rows=10 width=121)
	  Sort Key: c
	  ->  Index Scan using sbtest3_pkey on sbtest3  (cost=0.43..40.55 rows=10 width=121)
	        Index Cond: ((id >= 7428585) AND (id <= 7428594))

table 4 : explain SELECT c FROM sbtest4 WHERE id BETWEEN 5123329 AND 5123338 ORDER BY c
	Sort  (cost=37.17..37.20 rows=9 width=121)
	  Sort Key: c
	  ->  Index Scan using sbtest4_pkey on sbtest4  (cost=0.43..37.03 rows=9 width=121)
	        Index Cond: ((id >= 5123329) AND (id <= 5123338))

table 5 : explain SELECT c FROM sbtest5 WHERE id BETWEEN 9375613 AND 9375622 ORDER BY c
	Sort  (cost=44.37..44.40 rows=11 width=121)
	  Sort Key: c
	  ->  Index Scan using sbtest5_pkey on sbtest5  (cost=0.43..44.18 rows=11 width=121)
	        Index Cond: ((id >= 9375613) AND (id <= 9375622))

table 6 : explain SELECT c FROM sbtest6 WHERE id BETWEEN 1219912 AND 1219921 ORDER BY c
	Sort  (cost=37.20..37.22 rows=9 width=121)
	  Sort Key: c
	  ->  Index Scan using sbtest6_pkey on sbtest6  (cost=0.43..37.06 rows=9 width=121)
	        Index Cond: ((id >= 1219912) AND (id <= 1219921))

table 7 : explain SELECT c FROM sbtest7 WHERE id BETWEEN 2380371 AND 2380380 ORDER BY c
	Sort  (cost=40.63..40.65 rows=10 width=121)
	  Sort Key: c
	  ->  Index Scan using sbtest7_pkey on sbtest7  (cost=0.43..40.46 rows=10 width=121)
	        Index Cond: ((id >= 2380371) AND (id <= 2380380))

table 8 : explain SELECT c FROM sbtest8 WHERE id BETWEEN 3427253 AND 3427262 ORDER BY c
	Sort  (cost=37.51..37.53 rows=9 width=121)
	  Sort Key: c
	  ->  Index Scan using sbtest8_pkey on sbtest8  (cost=0.43..37.36 rows=9 width=121)
	        Index Cond: ((id >= 3427253) AND (id <= 3427262))

for: order_ranges
table 1 : explain SELECT c FROM sbtest1 WHERE id BETWEEN 8924826 AND 8924835 ORDER BY c
	Sort  (cost=37.53..37.55 rows=9 width=121)
	  Sort Key: c
	  ->  Index Scan using sbtest1_pkey on sbtest1  (cost=0.43..37.38 rows=9 width=121)
	        Index Cond: ((id >= 8924826) AND (id <= 8924835))

table 2 : explain SELECT c FROM sbtest2 WHERE id BETWEEN 4012660 AND 4012669 ORDER BY c
	Sort  (cost=44.74..44.77 rows=11 width=121)
	  Sort Key: c
	  ->  Index Scan using sbtest2_pkey on sbtest2  (cost=0.43..44.55 rows=11 width=121)
	        Index Cond: ((id >= 4012660) AND (id <= 4012669))

table 3 : explain SELECT c FROM sbtest3 WHERE id BETWEEN 2884915 AND 2884924 ORDER BY c
	Sort  (cost=40.71..40.74 rows=10 width=121)
	  Sort Key: c
	  ->  Index Scan using sbtest3_pkey on sbtest3  (cost=0.43..40.55 rows=10 width=121)
	        Index Cond: ((id >= 2884915) AND (id <= 2884924))

table 4 : explain SELECT c FROM sbtest4 WHERE id BETWEEN 2917713 AND 2917722 ORDER BY c
	Sort  (cost=44.37..44.39 rows=11 width=121)
	  Sort Key: c
	  ->  Index Scan using sbtest4_pkey on sbtest4  (cost=0.43..44.18 rows=11 width=121)
	        Index Cond: ((id >= 2917713) AND (id <= 2917722))

table 5 : explain SELECT c FROM sbtest5 WHERE id BETWEEN 1003395 AND 1003404 ORDER BY c
	Sort  (cost=40.78..40.80 rows=10 width=121)
	  Sort Key: c
	  ->  Index Scan using sbtest5_pkey on sbtest5  (cost=0.43..40.61 rows=10 width=121)
	        Index Cond: ((id >= 1003395) AND (id <= 1003404))

table 6 : explain SELECT c FROM sbtest6 WHERE id BETWEEN 801671 AND 801680 ORDER BY c
	Sort  (cost=44.40..44.43 rows=11 width=121)
	  Sort Key: c
	  ->  Index Scan using sbtest6_pkey on sbtest6  (cost=0.43..44.21 rows=11 width=121)
	        Index Cond: ((id >= 801671) AND (id <= 801680))

table 7 : explain SELECT c FROM sbtest7 WHERE id BETWEEN 6958028 AND 6958037 ORDER BY c
	Sort  (cost=40.63..40.65 rows=10 width=121)
	  Sort Key: c
	  ->  Index Scan using sbtest7_pkey on sbtest7  (cost=0.43..40.46 rows=10 width=121)
	        Index Cond: ((id >= 6958028) AND (id <= 6958037))

table 8 : explain SELECT c FROM sbtest8 WHERE id BETWEEN 4677116 AND 4677125 ORDER BY c
	Sort  (cost=41.14..41.17 rows=10 width=121)
	  Sort Key: c
	  ->  Index Scan using sbtest8_pkey on sbtest8  (cost=0.43..40.98 rows=10 width=121)
	        Index Cond: ((id >= 4677116) AND (id <= 4677125))

for point_selects
table 1 : explain SELECT c FROM sbtest1 WHERE id=2758192
	Index Scan using sbtest1_pkey on sbtest1  (cost=0.43..8.45 rows=1 width=121)
	  Index Cond: (id = 2758192)

table 2 : explain SELECT c FROM sbtest2 WHERE id=8350129
	Index Scan using sbtest2_pkey on sbtest2  (cost=0.43..8.45 rows=1 width=121)
	  Index Cond: (id = 8350129)

table 3 : explain SELECT c FROM sbtest3 WHERE id=7698365
	Index Scan using sbtest3_pkey on sbtest3  (cost=0.43..8.45 rows=1 width=121)
	  Index Cond: (id = 7698365)

table 4 : explain SELECT c FROM sbtest4 WHERE id=3110383
	Index Scan using sbtest4_pkey on sbtest4  (cost=0.43..8.45 rows=1 width=121)
	  Index Cond: (id = 3110383)

table 5 : explain SELECT c FROM sbtest5 WHERE id=5296920
	Index Scan using sbtest5_pkey on sbtest5  (cost=0.43..8.45 rows=1 width=121)
	  Index Cond: (id = 5296920)

table 6 : explain SELECT c FROM sbtest6 WHERE id=4724770
	Index Scan using sbtest6_pkey on sbtest6  (cost=0.43..8.45 rows=1 width=121)
	  Index Cond: (id = 4724770)

table 7 : explain SELECT c FROM sbtest7 WHERE id=6436486
	Index Scan using sbtest7_pkey on sbtest7  (cost=0.43..8.45 rows=1 width=121)
	  Index Cond: (id = 6436486)

table 8 : explain SELECT c FROM sbtest8 WHERE id=5195136
	Index Scan using sbtest8_pkey on sbtest8  (cost=0.43..8.45 rows=1 width=121)
	  Index Cond: (id = 5195136)

for: distinct_ranges
table 1 : explain SELECT DISTINCT c FROM sbtest1 WHERE id BETWEEN 6804568 AND 6804577 ORDER BY c
	Unique  (cost=41.16..41.21 rows=10 width=121)
	  ->  Sort  (cost=41.16..41.19 rows=10 width=121)
	        Sort Key: c
	        ->  Index Scan using sbtest1_pkey on sbtest1  (cost=0.43..41.00 rows=10 width=121)
	              Index Cond: ((id >= 6804568) AND (id <= 6804577))

table 2 : explain SELECT DISTINCT c FROM sbtest2 WHERE id BETWEEN 5547743 AND 5547752 ORDER BY c
	Unique  (cost=41.11..41.16 rows=10 width=121)
	  ->  Sort  (cost=41.11..41.13 rows=10 width=121)
	        Sort Key: c
	        ->  Index Scan using sbtest2_pkey on sbtest2  (cost=0.43..40.94 rows=10 width=121)
	              Index Cond: ((id >= 5547743) AND (id <= 5547752))

table 3 : explain SELECT DISTINCT c FROM sbtest3 WHERE id BETWEEN 9455263 AND 9455272 ORDER BY c
	Unique  (cost=40.71..40.76 rows=10 width=121)
	  ->  Sort  (cost=40.71..40.74 rows=10 width=121)
	        Sort Key: c
	        ->  Index Scan using sbtest3_pkey on sbtest3  (cost=0.43..40.55 rows=10 width=121)
	              Index Cond: ((id >= 9455263) AND (id <= 9455272))

table 4 : explain SELECT DISTINCT c FROM sbtest4 WHERE id BETWEEN 6575111 AND 6575120 ORDER BY c
	Unique  (cost=37.17..37.22 rows=9 width=121)
	  ->  Sort  (cost=37.17..37.20 rows=9 width=121)
	        Sort Key: c
	        ->  Index Scan using sbtest4_pkey on sbtest4  (cost=0.43..37.03 rows=9 width=121)
	              Index Cond: ((id >= 6575111) AND (id <= 6575120))

table 5 : explain SELECT DISTINCT c FROM sbtest5 WHERE id BETWEEN 3607751 AND 3607760 ORDER BY c
	Unique  (cost=40.78..40.83 rows=10 width=121)
	  ->  Sort  (cost=40.78..40.80 rows=10 width=121)
	        Sort Key: c
	        ->  Index Scan using sbtest5_pkey on sbtest5  (cost=0.43..40.61 rows=10 width=121)
	              Index Cond: ((id >= 3607751) AND (id <= 3607760))

table 6 : explain SELECT DISTINCT c FROM sbtest6 WHERE id BETWEEN 2821854 AND 2821863 ORDER BY c
	Unique  (cost=37.20..37.24 rows=9 width=121)
	  ->  Sort  (cost=37.20..37.22 rows=9 width=121)
	        Sort Key: c
	        ->  Index Scan using sbtest6_pkey on sbtest6  (cost=0.43..37.06 rows=9 width=121)
	              Index Cond: ((id >= 2821854) AND (id <= 2821863))

table 7 : explain SELECT DISTINCT c FROM sbtest7 WHERE id BETWEEN 661161 AND 661170 ORDER BY c
	Unique  (cost=40.63..40.68 rows=10 width=121)
	  ->  Sort  (cost=40.63..40.65 rows=10 width=121)
	        Sort Key: c
	        ->  Index Scan using sbtest7_pkey on sbtest7  (cost=0.43..40.46 rows=10 width=121)
	              Index Cond: ((id >= 661161) AND (id <= 661170))

table 8 : explain SELECT DISTINCT c FROM sbtest8 WHERE id BETWEEN 6223818 AND 6223827 ORDER BY c
	Unique  (cost=41.14..41.19 rows=10 width=121)
	  ->  Sort  (cost=41.14..41.17 rows=10 width=121)
	        Sort Key: c
	        ->  Index Scan using sbtest8_pkey on sbtest8  (cost=0.43..40.98 rows=10 width=121)
	              Index Cond: ((id >= 6223818) AND (id <= 6223827))

for point_selects
table 1 : explain SELECT c FROM sbtest1 WHERE id=2019193
	Index Scan using sbtest1_pkey on sbtest1  (cost=0.43..8.45 rows=1 width=121)
	  Index Cond: (id = 2019193)

table 2 : explain SELECT c FROM sbtest2 WHERE id=8214102
	Index Scan using sbtest2_pkey on sbtest2  (cost=0.43..8.45 rows=1 width=121)
	  Index Cond: (id = 8214102)

table 3 : explain SELECT c FROM sbtest3 WHERE id=2531208
	Index Scan using sbtest3_pkey on sbtest3  (cost=0.43..8.45 rows=1 width=121)
	  Index Cond: (id = 2531208)

table 4 : explain SELECT c FROM sbtest4 WHERE id=7828876
	Index Scan using sbtest4_pkey on sbtest4  (cost=0.43..8.45 rows=1 width=121)
	  Index Cond: (id = 7828876)

table 5 : explain SELECT c FROM sbtest5 WHERE id=9757332
	Index Scan using sbtest5_pkey on sbtest5  (cost=0.43..8.45 rows=1 width=121)
	  Index Cond: (id = 9757332)

table 6 : explain SELECT c FROM sbtest6 WHERE id=2157418
	Index Scan using sbtest6_pkey on sbtest6  (cost=0.43..8.45 rows=1 width=121)
	  Index Cond: (id = 2157418)

table 7 : explain SELECT c FROM sbtest7 WHERE id=4900275
	Index Scan using sbtest7_pkey on sbtest7  (cost=0.43..8.45 rows=1 width=121)
	  Index Cond: (id = 4900275)

table 8 : explain SELECT c FROM sbtest8 WHERE id=1980360
	Index Scan using sbtest8_pkey on sbtest8  (cost=0.43..8.45 rows=1 width=121)
	  Index Cond: (id = 1980360)

for: order_ranges
table 1 : explain SELECT c FROM sbtest1 WHERE id BETWEEN 7828472 AND 7828481 ORDER BY c
	Sort  (cost=41.16..41.19 rows=10 width=121)
	  Sort Key: c
	  ->  Index Scan using sbtest1_pkey on sbtest1  (cost=0.43..41.00 rows=10 width=121)
	        Index Cond: ((id >= 7828472) AND (id <= 7828481))

table 2 : explain SELECT c FROM sbtest2 WHERE id BETWEEN 6870905 AND 6870914 ORDER BY c
	Sort  (cost=41.11..41.13 rows=10 width=121)
	  Sort Key: c
	  ->  Index Scan using sbtest2_pkey on sbtest2  (cost=0.43..40.94 rows=10 width=121)
	        Index Cond: ((id >= 6870905) AND (id <= 6870914))

table 3 : explain SELECT c FROM sbtest3 WHERE id BETWEEN 2268801 AND 2268810 ORDER BY c
	Sort  (cost=37.12..37.14 rows=9 width=121)
	  Sort Key: c
	  ->  Index Scan using sbtest3_pkey on sbtest3  (cost=0.43..36.98 rows=9 width=121)
	        Index Cond: ((id >= 2268801) AND (id <= 2268810))

table 4 : explain SELECT c FROM sbtest4 WHERE id BETWEEN 2888385 AND 2888394 ORDER BY c
	Sort  (cost=44.37..44.39 rows=11 width=121)
	  Sort Key: c
	  ->  Index Scan using sbtest4_pkey on sbtest4  (cost=0.43..44.18 rows=11 width=121)
	        Index Cond: ((id >= 2888385) AND (id <= 2888394))

table 5 : explain SELECT c FROM sbtest5 WHERE id BETWEEN 9130856 AND 9130865 ORDER BY c
	Sort  (cost=40.78..40.80 rows=10 width=121)
	  Sort Key: c
	  ->  Index Scan using sbtest5_pkey on sbtest5  (cost=0.43..40.61 rows=10 width=121)
	        Index Cond: ((id >= 9130856) AND (id <= 9130865))

table 6 : explain SELECT c FROM sbtest6 WHERE id BETWEEN 2295437 AND 2295446 ORDER BY c
	Sort  (cost=37.20..37.22 rows=9 width=121)
	  Sort Key: c
	  ->  Index Scan using sbtest6_pkey on sbtest6  (cost=0.43..37.06 rows=9 width=121)
	        Index Cond: ((id >= 2295437) AND (id <= 2295446))

table 7 : explain SELECT c FROM sbtest7 WHERE id BETWEEN 2451893 AND 2451902 ORDER BY c
	Sort  (cost=40.63..40.65 rows=10 width=121)
	  Sort Key: c
	  ->  Index Scan using sbtest7_pkey on sbtest7  (cost=0.43..40.46 rows=10 width=121)
	        Index Cond: ((id >= 2451893) AND (id <= 2451902))

table 8 : explain SELECT c FROM sbtest8 WHERE id BETWEEN 5582257 AND 5582266 ORDER BY c
	Sort  (cost=41.14..41.17 rows=10 width=121)
	  Sort Key: c
	  ->  Index Scan using sbtest8_pkey on sbtest8  (cost=0.43..40.98 rows=10 width=121)
	        Index Cond: ((id >= 5582257) AND (id <= 5582266))

for: simple_ranges
table 1 : explain SELECT c FROM sbtest1 WHERE id BETWEEN 7152479 AND 7152488
	Index Scan using sbtest1_pkey on sbtest1  (cost=0.43..41.00 rows=10 width=121)
	  Index Cond: ((id >= 7152479) AND (id <= 7152488))

table 2 : explain SELECT c FROM sbtest2 WHERE id BETWEEN 3891496 AND 3891505
	Index Scan using sbtest2_pkey on sbtest2  (cost=0.43..40.94 rows=10 width=121)
	  Index Cond: ((id >= 3891496) AND (id <= 3891505))

table 3 : explain SELECT c FROM sbtest3 WHERE id BETWEEN 8030360 AND 8030369
	Index Scan using sbtest3_pkey on sbtest3  (cost=0.43..36.98 rows=9 width=121)
	  Index Cond: ((id >= 8030360) AND (id <= 8030369))

table 4 : explain SELECT c FROM sbtest4 WHERE id BETWEEN 1643637 AND 1643646
	Index Scan using sbtest4_pkey on sbtest4  (cost=0.43..40.60 rows=10 width=121)
	  Index Cond: ((id >= 1643637) AND (id <= 1643646))

table 5 : explain SELECT c FROM sbtest5 WHERE id BETWEEN 733157 AND 733166
	Index Scan using sbtest5_pkey on sbtest5  (cost=0.43..40.61 rows=10 width=121)
	  Index Cond: ((id >= 733157) AND (id <= 733166))

table 6 : explain SELECT c FROM sbtest6 WHERE id BETWEEN 6255087 AND 6255096
	Index Scan using sbtest6_pkey on sbtest6  (cost=0.43..40.63 rows=10 width=121)
	  Index Cond: ((id >= 6255087) AND (id <= 6255096))

table 7 : explain SELECT c FROM sbtest7 WHERE id BETWEEN 2414353 AND 2414362
	Index Scan using sbtest7_pkey on sbtest7  (cost=0.43..40.46 rows=10 width=121)
	  Index Cond: ((id >= 2414353) AND (id <= 2414362))

table 8 : explain SELECT c FROM sbtest8 WHERE id BETWEEN 3238633 AND 3238642
	Index Scan using sbtest8_pkey on sbtest8  (cost=0.43..40.98 rows=10 width=121)
	  Index Cond: ((id >= 3238633) AND (id <= 3238642))

explain: for index_updates :: explain UPDATE sbtest%u SET k=k+1 WHERE id=%u
for: order_ranges
table 1 : explain SELECT c FROM sbtest1 WHERE id BETWEEN 6890060 AND 6890069 ORDER BY c
	Sort  (cost=41.16..41.19 rows=10 width=121)
	  Sort Key: c
	  ->  Index Scan using sbtest1_pkey on sbtest1  (cost=0.43..41.00 rows=10 width=121)
	        Index Cond: ((id >= 6890060) AND (id <= 6890069))

table 2 : explain SELECT c FROM sbtest2 WHERE id BETWEEN 7355108 AND 7355117 ORDER BY c
	Sort  (cost=37.48..37.50 rows=9 width=121)
	  Sort Key: c
	  ->  Index Scan using sbtest2_pkey on sbtest2  (cost=0.43..37.33 rows=9 width=121)
	        Index Cond: ((id >= 7355108) AND (id <= 7355117))

table 3 : explain SELECT c FROM sbtest3 WHERE id BETWEEN 7043598 AND 7043607 ORDER BY c
	Sort  (cost=40.71..40.74 rows=10 width=121)
	  Sort Key: c
	  ->  Index Scan using sbtest3_pkey on sbtest3  (cost=0.43..40.55 rows=10 width=121)
	        Index Cond: ((id >= 7043598) AND (id <= 7043607))

table 4 : explain SELECT c FROM sbtest4 WHERE id BETWEEN 9206041 AND 9206050 ORDER BY c
	Sort  (cost=40.77..40.79 rows=10 width=121)
	  Sort Key: c
	  ->  Index Scan using sbtest4_pkey on sbtest4  (cost=0.43..40.60 rows=10 width=121)
	        Index Cond: ((id >= 9206041) AND (id <= 9206050))

table 5 : explain SELECT c FROM sbtest5 WHERE id BETWEEN 5244649 AND 5244658 ORDER BY c
	Sort  (cost=40.78..40.80 rows=10 width=121)
	  Sort Key: c
	  ->  Index Scan using sbtest5_pkey on sbtest5  (cost=0.43..40.61 rows=10 width=121)
	        Index Cond: ((id >= 5244649) AND (id <= 5244658))

table 6 : explain SELECT c FROM sbtest6 WHERE id BETWEEN 8162563 AND 8162572 ORDER BY c
	Sort  (cost=48.00..48.03 rows=12 width=121)
	  Sort Key: c
	  ->  Index Scan using sbtest6_pkey on sbtest6  (cost=0.43..47.78 rows=12 width=121)
	        Index Cond: ((id >= 8162563) AND (id <= 8162572))

table 7 : explain SELECT c FROM sbtest7 WHERE id BETWEEN 490653 AND 490662 ORDER BY c
	Sort  (cost=40.63..40.65 rows=10 width=121)
	  Sort Key: c
	  ->  Index Scan using sbtest7_pkey on sbtest7  (cost=0.43..40.46 rows=10 width=121)
	        Index Cond: ((id >= 490653) AND (id <= 490662))

table 8 : explain SELECT c FROM sbtest8 WHERE id BETWEEN 3966388 AND 3966397 ORDER BY c
	Sort  (cost=37.51..37.53 rows=9 width=121)
	  Sort Key: c
	  ->  Index Scan using sbtest8_pkey on sbtest8  (cost=0.43..37.36 rows=9 width=121)
	        Index Cond: ((id >= 3966388) AND (id <= 3966397))

for: simple_ranges
table 1 : explain SELECT c FROM sbtest1 WHERE id BETWEEN 7492130 AND 7492139
	Index Scan using sbtest1_pkey on sbtest1  (cost=0.43..41.00 rows=10 width=121)
	  Index Cond: ((id >= 7492130) AND (id <= 7492139))

table 2 : explain SELECT c FROM sbtest2 WHERE id BETWEEN 6045688 AND 6045697
	Index Scan using sbtest2_pkey on sbtest2  (cost=0.43..44.55 rows=11 width=121)
	  Index Cond: ((id >= 6045688) AND (id <= 6045697))

table 3 : explain SELECT c FROM sbtest3 WHERE id BETWEEN 8125745 AND 8125754
	Index Scan using sbtest3_pkey on sbtest3  (cost=0.43..36.98 rows=9 width=121)
	  Index Cond: ((id >= 8125745) AND (id <= 8125754))

table 4 : explain SELECT c FROM sbtest4 WHERE id BETWEEN 6901415 AND 6901424
	Index Scan using sbtest4_pkey on sbtest4  (cost=0.43..40.60 rows=10 width=121)
	  Index Cond: ((id >= 6901415) AND (id <= 6901424))

table 5 : explain SELECT c FROM sbtest5 WHERE id BETWEEN 2251440 AND 2251449
	Index Scan using sbtest5_pkey on sbtest5  (cost=0.43..37.04 rows=9 width=121)
	  Index Cond: ((id >= 2251440) AND (id <= 2251449))

table 6 : explain SELECT c FROM sbtest6 WHERE id BETWEEN 8357317 AND 8357326
	Index Scan using sbtest6_pkey on sbtest6  (cost=0.43..40.63 rows=10 width=121)
	  Index Cond: ((id >= 8357317) AND (id <= 8357326))

table 7 : explain SELECT c FROM sbtest7 WHERE id BETWEEN 9609154 AND 9609163
	Index Scan using sbtest7_pkey on sbtest7  (cost=0.43..40.46 rows=10 width=121)
	  Index Cond: ((id >= 9609154) AND (id <= 9609163))

table 8 : explain SELECT c FROM sbtest8 WHERE id BETWEEN 7825698 AND 7825707
	Index Scan using sbtest8_pkey on sbtest8  (cost=0.43..40.98 rows=10 width=121)
	  Index Cond: ((id >= 7825698) AND (id <= 7825707))

for: distinct_ranges
table 1 : explain SELECT DISTINCT c FROM sbtest1 WHERE id BETWEEN 9481596 AND 9481605 ORDER BY c
	Unique  (cost=41.16..41.21 rows=10 width=121)
	  ->  Sort  (cost=41.16..41.19 rows=10 width=121)
	        Sort Key: c
	        ->  Index Scan using sbtest1_pkey on sbtest1  (cost=0.43..41.00 rows=10 width=121)
	              Index Cond: ((id >= 9481596) AND (id <= 9481605))

table 2 : explain SELECT DISTINCT c FROM sbtest2 WHERE id BETWEEN 6922964 AND 6922973 ORDER BY c
	Unique  (cost=44.74..44.80 rows=11 width=121)
	  ->  Sort  (cost=44.74..44.77 rows=11 width=121)
	        Sort Key: c
	        ->  Index Scan using sbtest2_pkey on sbtest2  (cost=0.43..44.55 rows=11 width=121)
	              Index Cond: ((id >= 6922964) AND (id <= 6922973))

table 3 : explain SELECT DISTINCT c FROM sbtest3 WHERE id BETWEEN 7265641 AND 7265650 ORDER BY c
	Unique  (cost=40.71..40.76 rows=10 width=121)
	  ->  Sort  (cost=40.71..40.74 rows=10 width=121)
	        Sort Key: c
	        ->  Index Scan using sbtest3_pkey on sbtest3  (cost=0.43..40.55 rows=10 width=121)
	              Index Cond: ((id >= 7265641) AND (id <= 7265650))

table 4 : explain SELECT DISTINCT c FROM sbtest4 WHERE id BETWEEN 1305958 AND 1305967 ORDER BY c
	Unique  (cost=40.77..40.82 rows=10 width=121)
	  ->  Sort  (cost=40.77..40.79 rows=10 width=121)
	        Sort Key: c
	        ->  Index Scan using sbtest4_pkey on sbtest4  (cost=0.43..40.60 rows=10 width=121)
	              Index Cond: ((id >= 1305958) AND (id <= 1305967))

table 5 : explain SELECT DISTINCT c FROM sbtest5 WHERE id BETWEEN 6232418 AND 6232427 ORDER BY c
	Unique  (cost=40.78..40.83 rows=10 width=121)
	  ->  Sort  (cost=40.78..40.80 rows=10 width=121)
	        Sort Key: c
	        ->  Index Scan using sbtest5_pkey on sbtest5  (cost=0.43..40.61 rows=10 width=121)
	              Index Cond: ((id >= 6232418) AND (id <= 6232427))

table 6 : explain SELECT DISTINCT c FROM sbtest6 WHERE id BETWEEN 4093735 AND 4093744 ORDER BY c
	Unique  (cost=44.40..44.45 rows=11 width=121)
	  ->  Sort  (cost=44.40..44.43 rows=11 width=121)
	        Sort Key: c
	        ->  Index Scan using sbtest6_pkey on sbtest6  (cost=0.43..44.21 rows=11 width=121)
	              Index Cond: ((id >= 4093735) AND (id <= 4093744))

table 7 : explain SELECT DISTINCT c FROM sbtest7 WHERE id BETWEEN 195863 AND 195872 ORDER BY c
	Unique  (cost=37.05..37.09 rows=9 width=121)
	  ->  Sort  (cost=37.05..37.07 rows=9 width=121)
	        Sort Key: c
	        ->  Index Scan using sbtest7_pkey on sbtest7  (cost=0.43..36.91 rows=9 width=121)
	              Index Cond: ((id >= 195863) AND (id <= 195872))

table 8 : explain SELECT DISTINCT c FROM sbtest8 WHERE id BETWEEN 3058495 AND 3058504 ORDER BY c
	Unique  (cost=41.14..41.19 rows=10 width=121)
	  ->  Sort  (cost=41.14..41.17 rows=10 width=121)
	        Sort Key: c
	        ->  Index Scan using sbtest8_pkey on sbtest8  (cost=0.43..40.98 rows=10 width=121)
	              Index Cond: ((id >= 3058495) AND (id <= 3058504))

for: simple_ranges
table 1 : explain SELECT c FROM sbtest1 WHERE id BETWEEN 950524 AND 950533
	Index Scan using sbtest1_pkey on sbtest1  (cost=0.43..41.00 rows=10 width=121)
	  Index Cond: ((id >= 950524) AND (id <= 950533))

table 2 : explain SELECT c FROM sbtest2 WHERE id BETWEEN 6600623 AND 6600632
	Index Scan using sbtest2_pkey on sbtest2  (cost=0.43..40.94 rows=10 width=121)
	  Index Cond: ((id >= 6600623) AND (id <= 6600632))

table 3 : explain SELECT c FROM sbtest3 WHERE id BETWEEN 3884258 AND 3884267
	Index Scan using sbtest3_pkey on sbtest3  (cost=0.43..44.11 rows=11 width=121)
	  Index Cond: ((id >= 3884258) AND (id <= 3884267))

table 4 : explain SELECT c FROM sbtest4 WHERE id BETWEEN 826461 AND 826470
	Index Scan using sbtest4_pkey on sbtest4  (cost=0.43..37.03 rows=9 width=121)
	  Index Cond: ((id >= 826461) AND (id <= 826470))

table 5 : explain SELECT c FROM sbtest5 WHERE id BETWEEN 8640834 AND 8640843
	Index Scan using sbtest5_pkey on sbtest5  (cost=0.43..40.61 rows=10 width=121)
	  Index Cond: ((id >= 8640834) AND (id <= 8640843))

table 6 : explain SELECT c FROM sbtest6 WHERE id BETWEEN 8002466 AND 8002475
	Index Scan using sbtest6_pkey on sbtest6  (cost=0.43..37.06 rows=9 width=121)
	  Index Cond: ((id >= 8002466) AND (id <= 8002475))

table 7 : explain SELECT c FROM sbtest7 WHERE id BETWEEN 3514157 AND 3514166
	Index Scan using sbtest7_pkey on sbtest7  (cost=0.43..40.46 rows=10 width=121)
	  Index Cond: ((id >= 3514157) AND (id <= 3514166))

table 8 : explain SELECT c FROM sbtest8 WHERE id BETWEEN 970382 AND 970391
	Index Scan using sbtest8_pkey on sbtest8  (cost=0.43..40.98 rows=10 width=121)
	  Index Cond: ((id >= 970382) AND (id <= 970391))

for index_updates
table 1 : explain UPDATE sbtest1 SET k=k+1 WHERE id=2185471
	Update on sbtest1  (cost=0.43..8.46 rows=0 width=0)
	  ->  Index Scan using sbtest1_pkey on sbtest1  (cost=0.43..8.46 rows=1 width=10)
	        Index Cond: (id = 2185471)

table 2 : explain UPDATE sbtest2 SET k=k+1 WHERE id=400408
	Update on sbtest2  (cost=0.43..8.46 rows=0 width=0)
	  ->  Index Scan using sbtest2_pkey on sbtest2  (cost=0.43..8.46 rows=1 width=10)
	        Index Cond: (id = 400408)

table 3 : explain UPDATE sbtest3 SET k=k+1 WHERE id=8476619
	Update on sbtest3  (cost=0.43..8.46 rows=0 width=0)
	  ->  Index Scan using sbtest3_pkey on sbtest3  (cost=0.43..8.46 rows=1 width=10)
	        Index Cond: (id = 8476619)

table 4 : explain UPDATE sbtest4 SET k=k+1 WHERE id=2763676
	Update on sbtest4  (cost=0.43..8.46 rows=0 width=0)
	  ->  Index Scan using sbtest4_pkey on sbtest4  (cost=0.43..8.46 rows=1 width=10)
	        Index Cond: (id = 2763676)

table 5 : explain UPDATE sbtest5 SET k=k+1 WHERE id=1422121
	Update on sbtest5  (cost=0.43..8.46 rows=0 width=0)
	  ->  Index Scan using sbtest5_pkey on sbtest5  (cost=0.43..8.46 rows=1 width=10)
	        Index Cond: (id = 1422121)

table 6 : explain UPDATE sbtest6 SET k=k+1 WHERE id=851644
	Update on sbtest6  (cost=0.43..8.46 rows=0 width=0)
	  ->  Index Scan using sbtest6_pkey on sbtest6  (cost=0.43..8.46 rows=1 width=10)
	        Index Cond: (id = 851644)

table 7 : explain UPDATE sbtest7 SET k=k+1 WHERE id=2814057
	Update on sbtest7  (cost=0.43..8.46 rows=0 width=0)
	  ->  Index Scan using sbtest7_pkey on sbtest7  (cost=0.43..8.46 rows=1 width=10)
	        Index Cond: (id = 2814057)

table 8 : explain UPDATE sbtest8 SET k=k+1 WHERE id=1134752
	Update on sbtest8  (cost=0.43..8.46 rows=0 width=0)
	  ->  Index Scan using sbtest8_pkey on sbtest8  (cost=0.43..8.46 rows=1 width=10)
	        Index Cond: (id = 1134752)

explain: for index_updates :: explain UPDATE sbtest%u SET k=k+1 WHERE id=%u
for: distinct_ranges
table 1 : explain SELECT DISTINCT c FROM sbtest1 WHERE id BETWEEN 2534496 AND 2534505 ORDER BY c
	Unique  (cost=37.53..37.57 rows=9 width=121)
	  ->  Sort  (cost=37.53..37.55 rows=9 width=121)
	        Sort Key: c
	        ->  Index Scan using sbtest1_pkey on sbtest1  (cost=0.43..37.38 rows=9 width=121)
	              Index Cond: ((id >= 2534496) AND (id <= 2534505))

table 2 : explain SELECT DISTINCT c FROM sbtest2 WHERE id BETWEEN 502578 AND 502587 ORDER BY c
	Unique  (cost=41.11..41.16 rows=10 width=121)
	  ->  Sort  (cost=41.11..41.13 rows=10 width=121)
	        Sort Key: c
	        ->  Index Scan using sbtest2_pkey on sbtest2  (cost=0.43..40.94 rows=10 width=121)
	              Index Cond: ((id >= 502578) AND (id <= 502587))

table 3 : explain SELECT DISTINCT c FROM sbtest3 WHERE id BETWEEN 9704436 AND 9704445 ORDER BY c
	Unique  (cost=40.71..40.76 rows=10 width=121)
	  ->  Sort  (cost=40.71..40.74 rows=10 width=121)
	        Sort Key: c
	        ->  Index Scan using sbtest3_pkey on sbtest3  (cost=0.43..40.55 rows=10 width=121)
	              Index Cond: ((id >= 9704436) AND (id <= 9704445))

table 4 : explain SELECT DISTINCT c FROM sbtest4 WHERE id BETWEEN 7411038 AND 7411047 ORDER BY c
	Unique  (cost=40.77..40.82 rows=10 width=121)
	  ->  Sort  (cost=40.77..40.79 rows=10 width=121)
	        Sort Key: c
	        ->  Index Scan using sbtest4_pkey on sbtest4  (cost=0.43..40.60 rows=10 width=121)
	              Index Cond: ((id >= 7411038) AND (id <= 7411047))

table 5 : explain SELECT DISTINCT c FROM sbtest5 WHERE id BETWEEN 6692764 AND 6692773 ORDER BY c
	Unique  (cost=40.78..40.83 rows=10 width=121)
	  ->  Sort  (cost=40.78..40.80 rows=10 width=121)
	        Sort Key: c
	        ->  Index Scan using sbtest5_pkey on sbtest5  (cost=0.43..40.61 rows=10 width=121)
	              Index Cond: ((id >= 6692764) AND (id <= 6692773))

table 6 : explain SELECT DISTINCT c FROM sbtest6 WHERE id BETWEEN 8729291 AND 8729300 ORDER BY c
	Unique  (cost=37.20..37.24 rows=9 width=121)
	  ->  Sort  (cost=37.20..37.22 rows=9 width=121)
	        Sort Key: c
	        ->  Index Scan using sbtest6_pkey on sbtest6  (cost=0.43..37.06 rows=9 width=121)
	              Index Cond: ((id >= 8729291) AND (id <= 8729300))

table 7 : explain SELECT DISTINCT c FROM sbtest7 WHERE id BETWEEN 7806727 AND 7806736 ORDER BY c
	Unique  (cost=40.63..40.68 rows=10 width=121)
	  ->  Sort  (cost=40.63..40.65 rows=10 width=121)
	        Sort Key: c
	        ->  Index Scan using sbtest7_pkey on sbtest7  (cost=0.43..40.46 rows=10 width=121)
	              Index Cond: ((id >= 7806727) AND (id <= 7806736))

table 8 : explain SELECT DISTINCT c FROM sbtest8 WHERE id BETWEEN 2628930 AND 2628939 ORDER BY c
	Unique  (cost=37.51..37.55 rows=9 width=121)
	  ->  Sort  (cost=37.51..37.53 rows=9 width=121)
	        Sort Key: c
	        ->  Index Scan using sbtest8_pkey on sbtest8  (cost=0.43..37.36 rows=9 width=121)
	              Index Cond: ((id >= 2628930) AND (id <= 2628939))

explain: for non_index_updates :: explain UPDATE sbtest%u SET c='foobar' WHERE id=%u
for: simple_ranges
table 1 : explain SELECT c FROM sbtest1 WHERE id BETWEEN 9227164 AND 9227173
	Index Scan using sbtest1_pkey on sbtest1  (cost=0.43..41.00 rows=10 width=121)
	  Index Cond: ((id >= 9227164) AND (id <= 9227173))

table 2 : explain SELECT c FROM sbtest2 WHERE id BETWEEN 4147745 AND 4147754
	Index Scan using sbtest2_pkey on sbtest2  (cost=0.43..40.94 rows=10 width=121)
	  Index Cond: ((id >= 4147745) AND (id <= 4147754))

table 3 : explain SELECT c FROM sbtest3 WHERE id BETWEEN 4509624 AND 4509633
	Index Scan using sbtest3_pkey on sbtest3  (cost=0.43..44.11 rows=11 width=121)
	  Index Cond: ((id >= 4509624) AND (id <= 4509633))

table 4 : explain SELECT c FROM sbtest4 WHERE id BETWEEN 3220925 AND 3220934
	Index Scan using sbtest4_pkey on sbtest4  (cost=0.43..40.60 rows=10 width=121)
	  Index Cond: ((id >= 3220925) AND (id <= 3220934))

table 5 : explain SELECT c FROM sbtest5 WHERE id BETWEEN 6115958 AND 6115967
	Index Scan using sbtest5_pkey on sbtest5  (cost=0.43..44.18 rows=11 width=121)
	  Index Cond: ((id >= 6115958) AND (id <= 6115967))

table 6 : explain SELECT c FROM sbtest6 WHERE id BETWEEN 209731 AND 209740
	Index Scan using sbtest6_pkey on sbtest6  (cost=0.43..40.63 rows=10 width=121)
	  Index Cond: ((id >= 209731) AND (id <= 209740))

table 7 : explain SELECT c FROM sbtest7 WHERE id BETWEEN 859737 AND 859746
	Index Scan using sbtest7_pkey on sbtest7  (cost=0.43..40.46 rows=10 width=121)
	  Index Cond: ((id >= 859737) AND (id <= 859746))

table 8 : explain SELECT c FROM sbtest8 WHERE id BETWEEN 6588439 AND 6588448
	Index Scan using sbtest8_pkey on sbtest8  (cost=0.43..40.98 rows=10 width=121)
	  Index Cond: ((id >= 6588439) AND (id <= 6588448))

for index_updates
table 1 : explain UPDATE sbtest1 SET k=k+1 WHERE id=2717852
	Update on sbtest1  (cost=0.43..8.46 rows=0 width=0)
	  ->  Index Scan using sbtest1_pkey on sbtest1  (cost=0.43..8.46 rows=1 width=10)
	        Index Cond: (id = 2717852)

table 2 : explain UPDATE sbtest2 SET k=k+1 WHERE id=1349936
	Update on sbtest2  (cost=0.43..8.46 rows=0 width=0)
	  ->  Index Scan using sbtest2_pkey on sbtest2  (cost=0.43..8.46 rows=1 width=10)
	        Index Cond: (id = 1349936)

table 3 : explain UPDATE sbtest3 SET k=k+1 WHERE id=7803060
	Update on sbtest3  (cost=0.43..8.46 rows=0 width=0)
	  ->  Index Scan using sbtest3_pkey on sbtest3  (cost=0.43..8.46 rows=1 width=10)
	        Index Cond: (id = 7803060)

table 4 : explain UPDATE sbtest4 SET k=k+1 WHERE id=6443879
	Update on sbtest4  (cost=0.43..8.46 rows=0 width=0)
	  ->  Index Scan using sbtest4_pkey on sbtest4  (cost=0.43..8.46 rows=1 width=10)
	        Index Cond: (id = 6443879)

table 5 : explain UPDATE sbtest5 SET k=k+1 WHERE id=883663
	Update on sbtest5  (cost=0.43..8.46 rows=0 width=0)
	  ->  Index Scan using sbtest5_pkey on sbtest5  (cost=0.43..8.46 rows=1 width=10)
	        Index Cond: (id = 883663)

table 6 : explain UPDATE sbtest6 SET k=k+1 WHERE id=9886837
	Update on sbtest6  (cost=0.43..8.46 rows=0 width=0)
	  ->  Index Scan using sbtest6_pkey on sbtest6  (cost=0.43..8.46 rows=1 width=10)
	        Index Cond: (id = 9886837)

table 7 : explain UPDATE sbtest7 SET k=k+1 WHERE id=521816
	Update on sbtest7  (cost=0.43..8.46 rows=0 width=0)
	  ->  Index Scan using sbtest7_pkey on sbtest7  (cost=0.43..8.46 rows=1 width=10)
	        Index Cond: (id = 521816)

table 8 : explain UPDATE sbtest8 SET k=k+1 WHERE id=3986721
	Update on sbtest8  (cost=0.43..8.46 rows=0 width=0)
	  ->  Index Scan using sbtest8_pkey on sbtest8  (cost=0.43..8.46 rows=1 width=10)
	        Index Cond: (id = 3986721)

explain: for index_updates :: explain UPDATE sbtest%u SET k=k+1 WHERE id=%u
for non_index_updates
table 1 : explain UPDATE sbtest1 SET c='foobar' WHERE id=5470223
	Update on sbtest1  (cost=0.43..8.45 rows=0 width=0)
	  ->  Index Scan using sbtest1_pkey on sbtest1  (cost=0.43..8.45 rows=1 width=490)
	        Index Cond: (id = 5470223)

table 2 : explain UPDATE sbtest2 SET c='foobar' WHERE id=9091442
	Update on sbtest2  (cost=0.43..8.45 rows=0 width=0)
	  ->  Index Scan using sbtest2_pkey on sbtest2  (cost=0.43..8.45 rows=1 width=490)
	        Index Cond: (id = 9091442)

table 3 : explain UPDATE sbtest3 SET c='foobar' WHERE id=8006833
	Update on sbtest3  (cost=0.43..8.45 rows=0 width=0)
	  ->  Index Scan using sbtest3_pkey on sbtest3  (cost=0.43..8.45 rows=1 width=490)
	        Index Cond: (id = 8006833)

table 4 : explain UPDATE sbtest4 SET c='foobar' WHERE id=1501371
	Update on sbtest4  (cost=0.43..8.45 rows=0 width=0)
	  ->  Index Scan using sbtest4_pkey on sbtest4  (cost=0.43..8.45 rows=1 width=490)
	        Index Cond: (id = 1501371)

table 5 : explain UPDATE sbtest5 SET c='foobar' WHERE id=3206346
	Update on sbtest5  (cost=0.43..8.45 rows=0 width=0)
	  ->  Index Scan using sbtest5_pkey on sbtest5  (cost=0.43..8.45 rows=1 width=490)
	        Index Cond: (id = 3206346)

table 6 : explain UPDATE sbtest6 SET c='foobar' WHERE id=2948793
	Update on sbtest6  (cost=0.43..8.45 rows=0 width=0)
	  ->  Index Scan using sbtest6_pkey on sbtest6  (cost=0.43..8.45 rows=1 width=490)
	        Index Cond: (id = 2948793)

table 7 : explain UPDATE sbtest7 SET c='foobar' WHERE id=8738302
	Update on sbtest7  (cost=0.43..8.45 rows=0 width=0)
	  ->  Index Scan using sbtest7_pkey on sbtest7  (cost=0.43..8.45 rows=1 width=490)
	        Index Cond: (id = 8738302)

table 8 : explain UPDATE sbtest8 SET c='foobar' WHERE id=6100237
	Update on sbtest8  (cost=0.43..8.45 rows=0 width=0)
	  ->  Index Scan using sbtest8_pkey on sbtest8  (cost=0.43..8.45 rows=1 width=490)
	        Index Cond: (id = 6100237)

explain: for non_index_updates :: explain UPDATE sbtest%u SET c='foobar' WHERE id=%u
for: sum_ranges
table 1 : explain SELECT SUM(k) FROM sbtest1 WHERE id BETWEEN 2270652 AND 2270661
	Aggregate  (cost=41.02..41.03 rows=1 width=8)
	  ->  Index Scan using sbtest1_pkey on sbtest1  (cost=0.43..41.00 rows=10 width=4)
	        Index Cond: ((id >= 2270652) AND (id <= 2270661))

table 2 : explain SELECT SUM(k) FROM sbtest2 WHERE id BETWEEN 5572884 AND 5572893
	Aggregate  (cost=40.97..40.98 rows=1 width=8)
	  ->  Index Scan using sbtest2_pkey on sbtest2  (cost=0.43..40.94 rows=10 width=4)
	        Index Cond: ((id >= 5572884) AND (id <= 5572893))

table 3 : explain SELECT SUM(k) FROM sbtest3 WHERE id BETWEEN 5109978 AND 5109987
	Aggregate  (cost=37.00..37.01 rows=1 width=8)
	  ->  Index Scan using sbtest3_pkey on sbtest3  (cost=0.43..36.98 rows=9 width=4)
	        Index Cond: ((id >= 5109978) AND (id <= 5109987))

table 4 : explain SELECT SUM(k) FROM sbtest4 WHERE id BETWEEN 2394449 AND 2394458
	Aggregate  (cost=40.63..40.64 rows=1 width=8)
	  ->  Index Scan using sbtest4_pkey on sbtest4  (cost=0.43..40.60 rows=10 width=4)
	        Index Cond: ((id >= 2394449) AND (id <= 2394458))

table 5 : explain SELECT SUM(k) FROM sbtest5 WHERE id BETWEEN 33977 AND 33986
	Aggregate  (cost=40.63..40.64 rows=1 width=8)
	  ->  Index Scan using sbtest5_pkey on sbtest5  (cost=0.43..40.61 rows=10 width=4)
	        Index Cond: ((id >= 33977) AND (id <= 33986))

table 6 : explain SELECT SUM(k) FROM sbtest6 WHERE id BETWEEN 2985726 AND 2985735
	Aggregate  (cost=40.66..40.67 rows=1 width=8)
	  ->  Index Scan using sbtest6_pkey on sbtest6  (cost=0.43..40.63 rows=10 width=4)
	        Index Cond: ((id >= 2985726) AND (id <= 2985735))

table 7 : explain SELECT SUM(k) FROM sbtest7 WHERE id BETWEEN 384695 AND 384704
	Aggregate  (cost=40.49..40.50 rows=1 width=8)
	  ->  Index Scan using sbtest7_pkey on sbtest7  (cost=0.43..40.46 rows=10 width=4)
	        Index Cond: ((id >= 384695) AND (id <= 384704))

table 8 : explain SELECT SUM(k) FROM sbtest8 WHERE id BETWEEN 4281925 AND 4281934
	Aggregate  (cost=41.00..41.01 rows=1 width=8)
	  ->  Index Scan using sbtest8_pkey on sbtest8  (cost=0.43..40.98 rows=10 width=4)
	        Index Cond: ((id >= 4281925) AND (id <= 4281934))

explain: for deletes :: explain DELETE FROM sbtest%u WHERE id=%u
for: sum_ranges
table 1 : explain SELECT SUM(k) FROM sbtest1 WHERE id BETWEEN 942243 AND 942252
	Aggregate  (cost=41.02..41.03 rows=1 width=8)
	  ->  Index Scan using sbtest1_pkey on sbtest1  (cost=0.43..41.00 rows=10 width=4)
	        Index Cond: ((id >= 942243) AND (id <= 942252))

table 2 : explain SELECT SUM(k) FROM sbtest2 WHERE id BETWEEN 7411251 AND 7411260
	Aggregate  (cost=44.58..44.59 rows=1 width=8)
	  ->  Index Scan using sbtest2_pkey on sbtest2  (cost=0.43..44.55 rows=11 width=4)
	        Index Cond: ((id >= 7411251) AND (id <= 7411260))

table 3 : explain SELECT SUM(k) FROM sbtest3 WHERE id BETWEEN 3384939 AND 3384948
	Aggregate  (cost=40.57..40.58 rows=1 width=8)
	  ->  Index Scan using sbtest3_pkey on sbtest3  (cost=0.43..40.55 rows=10 width=4)
	        Index Cond: ((id >= 3384939) AND (id <= 3384948))

table 4 : explain SELECT SUM(k) FROM sbtest4 WHERE id BETWEEN 4024954 AND 4024963
	Aggregate  (cost=47.78..47.79 rows=1 width=8)
	  ->  Index Scan using sbtest4_pkey on sbtest4  (cost=0.43..47.75 rows=12 width=4)
	        Index Cond: ((id >= 4024954) AND (id <= 4024963))

table 5 : explain SELECT SUM(k) FROM sbtest5 WHERE id BETWEEN 1447664 AND 1447673
	Aggregate  (cost=40.63..40.64 rows=1 width=8)
	  ->  Index Scan using sbtest5_pkey on sbtest5  (cost=0.43..40.61 rows=10 width=4)
	        Index Cond: ((id >= 1447664) AND (id <= 1447673))

table 6 : explain SELECT SUM(k) FROM sbtest6 WHERE id BETWEEN 5475433 AND 5475442
	Aggregate  (cost=40.66..40.67 rows=1 width=8)
	  ->  Index Scan using sbtest6_pkey on sbtest6  (cost=0.43..40.63 rows=10 width=4)
	        Index Cond: ((id >= 5475433) AND (id <= 5475442))

table 7 : explain SELECT SUM(k) FROM sbtest7 WHERE id BETWEEN 2176199 AND 2176208
	Aggregate  (cost=40.49..40.50 rows=1 width=8)
	  ->  Index Scan using sbtest7_pkey on sbtest7  (cost=0.43..40.46 rows=10 width=4)
	        Index Cond: ((id >= 2176199) AND (id <= 2176208))

table 8 : explain SELECT SUM(k) FROM sbtest8 WHERE id BETWEEN 8462498 AND 8462507
	Aggregate  (cost=41.00..41.01 rows=1 width=8)
	  ->  Index Scan using sbtest8_pkey on sbtest8  (cost=0.43..40.98 rows=10 width=4)
	        Index Cond: ((id >= 8462498) AND (id <= 8462507))

for non_index_updates
table 1 : explain UPDATE sbtest1 SET c='foobar' WHERE id=7934180
	Update on sbtest1  (cost=0.43..8.45 rows=0 width=0)
	  ->  Index Scan using sbtest1_pkey on sbtest1  (cost=0.43..8.45 rows=1 width=490)
	        Index Cond: (id = 7934180)

table 2 : explain UPDATE sbtest2 SET c='foobar' WHERE id=9712520
	Update on sbtest2  (cost=0.43..8.45 rows=0 width=0)
	  ->  Index Scan using sbtest2_pkey on sbtest2  (cost=0.43..8.45 rows=1 width=490)
	        Index Cond: (id = 9712520)

table 3 : explain UPDATE sbtest3 SET c='foobar' WHERE id=169950
	Update on sbtest3  (cost=0.43..8.45 rows=0 width=0)
	  ->  Index Scan using sbtest3_pkey on sbtest3  (cost=0.43..8.45 rows=1 width=490)
	        Index Cond: (id = 169950)

table 4 : explain UPDATE sbtest4 SET c='foobar' WHERE id=5258619
	Update on sbtest4  (cost=0.43..8.45 rows=0 width=0)
	  ->  Index Scan using sbtest4_pkey on sbtest4  (cost=0.43..8.45 rows=1 width=490)
	        Index Cond: (id = 5258619)

table 5 : explain UPDATE sbtest5 SET c='foobar' WHERE id=2327284
	Update on sbtest5  (cost=0.43..8.45 rows=0 width=0)
	  ->  Index Scan using sbtest5_pkey on sbtest5  (cost=0.43..8.45 rows=1 width=490)
	        Index Cond: (id = 2327284)

table 6 : explain UPDATE sbtest6 SET c='foobar' WHERE id=5255925
	Update on sbtest6  (cost=0.43..8.45 rows=0 width=0)
	  ->  Index Scan using sbtest6_pkey on sbtest6  (cost=0.43..8.45 rows=1 width=490)
	        Index Cond: (id = 5255925)

table 7 : explain UPDATE sbtest7 SET c='foobar' WHERE id=9093944
	Update on sbtest7  (cost=0.43..8.45 rows=0 width=0)
	  ->  Index Scan using sbtest7_pkey on sbtest7  (cost=0.43..8.45 rows=1 width=490)
	        Index Cond: (id = 9093944)

table 8 : explain UPDATE sbtest8 SET c='foobar' WHERE id=142439
	Update on sbtest8  (cost=0.43..8.45 rows=0 width=0)
	  ->  Index Scan using sbtest8_pkey on sbtest8  (cost=0.43..8.45 rows=1 width=490)
	        Index Cond: (id = 142439)

for deletes
table 1 : explain DELETE FROM sbtest1 WHERE id=1378025
	Delete on sbtest1  (cost=0.43..8.45 rows=0 width=0)
	  ->  Index Scan using sbtest1_pkey on sbtest1  (cost=0.43..8.45 rows=1 width=6)
	        Index Cond: (id = 1378025)

table 2 : explain DELETE FROM sbtest2 WHERE id=1634463
	Delete on sbtest2  (cost=0.43..8.45 rows=0 width=0)
	  ->  Index Scan using sbtest2_pkey on sbtest2  (cost=0.43..8.45 rows=1 width=6)
	        Index Cond: (id = 1634463)

table 3 : explain DELETE FROM sbtest3 WHERE id=2087907
	Delete on sbtest3  (cost=0.43..8.45 rows=0 width=0)
	  ->  Index Scan using sbtest3_pkey on sbtest3  (cost=0.43..8.45 rows=1 width=6)
	        Index Cond: (id = 2087907)

table 4 : explain DELETE FROM sbtest4 WHERE id=2528135
	Delete on sbtest4  (cost=0.43..8.45 rows=0 width=0)
	  ->  Index Scan using sbtest4_pkey on sbtest4  (cost=0.43..8.45 rows=1 width=6)
	        Index Cond: (id = 2528135)

table 5 : explain DELETE FROM sbtest5 WHERE id=982911
	Delete on sbtest5  (cost=0.43..8.45 rows=0 width=0)
	  ->  Index Scan using sbtest5_pkey on sbtest5  (cost=0.43..8.45 rows=1 width=6)
	        Index Cond: (id = 982911)

table 6 : explain DELETE FROM sbtest6 WHERE id=8971734
	Delete on sbtest6  (cost=0.43..8.45 rows=0 width=0)
	  ->  Index Scan using sbtest6_pkey on sbtest6  (cost=0.43..8.45 rows=1 width=6)
	        Index Cond: (id = 8971734)

table 7 : explain DELETE FROM sbtest7 WHERE id=7635322
	Delete on sbtest7  (cost=0.43..8.45 rows=0 width=0)
	  ->  Index Scan using sbtest7_pkey on sbtest7  (cost=0.43..8.45 rows=1 width=6)
	        Index Cond: (id = 7635322)

table 8 : explain DELETE FROM sbtest8 WHERE id=3460693
	Delete on sbtest8  (cost=0.43..8.45 rows=0 width=0)
	  ->  Index Scan using sbtest8_pkey on sbtest8  (cost=0.43..8.45 rows=1 width=6)
	        Index Cond: (id = 3460693)

for: sum_ranges
table 1 : explain SELECT SUM(k) FROM sbtest1 WHERE id BETWEEN 5412844 AND 5412853
	Aggregate  (cost=41.02..41.03 rows=1 width=8)
	  ->  Index Scan using sbtest1_pkey on sbtest1  (cost=0.43..41.00 rows=10 width=4)
	        Index Cond: ((id >= 5412844) AND (id <= 5412853))

table 2 : explain SELECT SUM(k) FROM sbtest2 WHERE id BETWEEN 4560504 AND 4560513
	Aggregate  (cost=37.36..37.37 rows=1 width=8)
	  ->  Index Scan using sbtest2_pkey on sbtest2  (cost=0.43..37.33 rows=9 width=4)
	        Index Cond: ((id >= 4560504) AND (id <= 4560513))

table 3 : explain SELECT SUM(k) FROM sbtest3 WHERE id BETWEEN 6949927 AND 6949936
	Aggregate  (cost=40.57..40.58 rows=1 width=8)
	  ->  Index Scan using sbtest3_pkey on sbtest3  (cost=0.43..40.55 rows=10 width=4)
	        Index Cond: ((id >= 6949927) AND (id <= 6949936))

table 4 : explain SELECT SUM(k) FROM sbtest4 WHERE id BETWEEN 939803 AND 939812
	Aggregate  (cost=40.63..40.64 rows=1 width=8)
	  ->  Index Scan using sbtest4_pkey on sbtest4  (cost=0.43..40.60 rows=10 width=4)
	        Index Cond: ((id >= 939803) AND (id <= 939812))

table 5 : explain SELECT SUM(k) FROM sbtest5 WHERE id BETWEEN 2735177 AND 2735186
	Aggregate  (cost=37.06..37.07 rows=1 width=8)
	  ->  Index Scan using sbtest5_pkey on sbtest5  (cost=0.43..37.04 rows=9 width=4)
	        Index Cond: ((id >= 2735177) AND (id <= 2735186))

table 6 : explain SELECT SUM(k) FROM sbtest6 WHERE id BETWEEN 3223451 AND 3223460
	Aggregate  (cost=44.23..44.24 rows=1 width=8)
	  ->  Index Scan using sbtest6_pkey on sbtest6  (cost=0.43..44.21 rows=11 width=4)
	        Index Cond: ((id >= 3223451) AND (id <= 3223460))

table 7 : explain SELECT SUM(k) FROM sbtest7 WHERE id BETWEEN 6473337 AND 6473346
	Aggregate  (cost=40.49..40.50 rows=1 width=8)
	  ->  Index Scan using sbtest7_pkey on sbtest7  (cost=0.43..40.46 rows=10 width=4)
	        Index Cond: ((id >= 6473337) AND (id <= 6473346))

table 8 : explain SELECT SUM(k) FROM sbtest8 WHERE id BETWEEN 1476164 AND 1476173
	Aggregate  (cost=37.39..37.40 rows=1 width=8)
	  ->  Index Scan using sbtest8_pkey on sbtest8  (cost=0.43..37.36 rows=9 width=4)
	        Index Cond: ((id >= 1476164) AND (id <= 1476173))

for index_updates
table 1 : explain UPDATE sbtest1 SET k=k+1 WHERE id=8754355
	Update on sbtest1  (cost=0.43..8.46 rows=0 width=0)
	  ->  Index Scan using sbtest1_pkey on sbtest1  (cost=0.43..8.46 rows=1 width=10)
	        Index Cond: (id = 8754355)

table 2 : explain UPDATE sbtest2 SET k=k+1 WHERE id=6555872
	Update on sbtest2  (cost=0.43..8.46 rows=0 width=0)
	  ->  Index Scan using sbtest2_pkey on sbtest2  (cost=0.43..8.46 rows=1 width=10)
	        Index Cond: (id = 6555872)

table 3 : explain UPDATE sbtest3 SET k=k+1 WHERE id=6963244
	Update on sbtest3  (cost=0.43..8.46 rows=0 width=0)
	  ->  Index Scan using sbtest3_pkey on sbtest3  (cost=0.43..8.46 rows=1 width=10)
	        Index Cond: (id = 6963244)

table 4 : explain UPDATE sbtest4 SET k=k+1 WHERE id=9652424
	Update on sbtest4  (cost=0.43..8.46 rows=0 width=0)
	  ->  Index Scan using sbtest4_pkey on sbtest4  (cost=0.43..8.46 rows=1 width=10)
	        Index Cond: (id = 9652424)

table 5 : explain UPDATE sbtest5 SET k=k+1 WHERE id=2340039
	Update on sbtest5  (cost=0.43..8.46 rows=0 width=0)
	  ->  Index Scan using sbtest5_pkey on sbtest5  (cost=0.43..8.46 rows=1 width=10)
	        Index Cond: (id = 2340039)

table 6 : explain UPDATE sbtest6 SET k=k+1 WHERE id=3084945
	Update on sbtest6  (cost=0.43..8.46 rows=0 width=0)
	  ->  Index Scan using sbtest6_pkey on sbtest6  (cost=0.43..8.46 rows=1 width=10)
	        Index Cond: (id = 3084945)

table 7 : explain UPDATE sbtest7 SET k=k+1 WHERE id=5273491
	Update on sbtest7  (cost=0.43..8.46 rows=0 width=0)
	  ->  Index Scan using sbtest7_pkey on sbtest7  (cost=0.43..8.46 rows=1 width=10)
	        Index Cond: (id = 5273491)

table 8 : explain UPDATE sbtest8 SET k=k+1 WHERE id=1520022
	Update on sbtest8  (cost=0.43..8.46 rows=0 width=0)
	  ->  Index Scan using sbtest8_pkey on sbtest8  (cost=0.43..8.46 rows=1 width=10)
	        Index Cond: (id = 1520022)

explain: for deletes :: explain DELETE FROM sbtest%u WHERE id=%u
explain: for inserts :: explain INSERT INTO sbtest%u (id, k, c, pad) VALUES (%u, 13, 'foobar', 'foobar')
for: order_ranges
table 1 : explain SELECT c FROM sbtest1 WHERE id BETWEEN 5847796 AND 5847805 ORDER BY c
	Sort  (cost=44.80..44.83 rows=11 width=121)
	  Sort Key: c
	  ->  Index Scan using sbtest1_pkey on sbtest1  (cost=0.43..44.61 rows=11 width=121)
	        Index Cond: ((id >= 5847796) AND (id <= 5847805))

table 2 : explain SELECT c FROM sbtest2 WHERE id BETWEEN 6441412 AND 6441421 ORDER BY c
	Sort  (cost=41.11..41.13 rows=10 width=121)
	  Sort Key: c
	  ->  Index Scan using sbtest2_pkey on sbtest2  (cost=0.43..40.94 rows=10 width=121)
	        Index Cond: ((id >= 6441412) AND (id <= 6441421))

table 3 : explain SELECT c FROM sbtest3 WHERE id BETWEEN 3284047 AND 3284056 ORDER BY c
	Sort  (cost=40.71..40.74 rows=10 width=121)
	  Sort Key: c
	  ->  Index Scan using sbtest3_pkey on sbtest3  (cost=0.43..40.55 rows=10 width=121)
	        Index Cond: ((id >= 3284047) AND (id <= 3284056))

table 4 : explain SELECT c FROM sbtest4 WHERE id BETWEEN 3580428 AND 3580437 ORDER BY c
	Sort  (cost=44.37..44.39 rows=11 width=121)
	  Sort Key: c
	  ->  Index Scan using sbtest4_pkey on sbtest4  (cost=0.43..44.18 rows=11 width=121)
	        Index Cond: ((id >= 3580428) AND (id <= 3580437))

table 5 : explain SELECT c FROM sbtest5 WHERE id BETWEEN 2934563 AND 2934572 ORDER BY c
	Sort  (cost=40.78..40.80 rows=10 width=121)
	  Sort Key: c
	  ->  Index Scan using sbtest5_pkey on sbtest5  (cost=0.43..40.61 rows=10 width=121)
	        Index Cond: ((id >= 2934563) AND (id <= 2934572))

table 6 : explain SELECT c FROM sbtest6 WHERE id BETWEEN 4433943 AND 4433952 ORDER BY c
	Sort  (cost=40.80..40.82 rows=10 width=121)
	  Sort Key: c
	  ->  Index Scan using sbtest6_pkey on sbtest6  (cost=0.43..40.63 rows=10 width=121)
	        Index Cond: ((id >= 4433943) AND (id <= 4433952))

table 7 : explain SELECT c FROM sbtest7 WHERE id BETWEEN 4856103 AND 4856112 ORDER BY c
	Sort  (cost=40.63..40.65 rows=10 width=121)
	  Sort Key: c
	  ->  Index Scan using sbtest7_pkey on sbtest7  (cost=0.43..40.46 rows=10 width=121)
	        Index Cond: ((id >= 4856103) AND (id <= 4856112))

table 8 : explain SELECT c FROM sbtest8 WHERE id BETWEEN 7575260 AND 7575269 ORDER BY c
	Sort  (cost=44.78..44.81 rows=11 width=121)
	  Sort Key: c
	  ->  Index Scan using sbtest8_pkey on sbtest8  (cost=0.43..44.59 rows=11 width=121)
	        Index Cond: ((id >= 7575260) AND (id <= 7575269))

explain: for non_index_updates :: explain UPDATE sbtest%u SET c='foobar' WHERE id=%u
for deletes
table 1 : explain DELETE FROM sbtest1 WHERE id=5234845
	Delete on sbtest1  (cost=0.43..8.45 rows=0 width=0)
	  ->  Index Scan using sbtest1_pkey on sbtest1  (cost=0.43..8.45 rows=1 width=6)
	        Index Cond: (id = 5234845)

table 2 : explain DELETE FROM sbtest2 WHERE id=6952746
	Delete on sbtest2  (cost=0.43..8.45 rows=0 width=0)
	  ->  Index Scan using sbtest2_pkey on sbtest2  (cost=0.43..8.45 rows=1 width=6)
	        Index Cond: (id = 6952746)

table 3 : explain DELETE FROM sbtest3 WHERE id=3581798
	Delete on sbtest3  (cost=0.43..8.45 rows=0 width=0)
	  ->  Index Scan using sbtest3_pkey on sbtest3  (cost=0.43..8.45 rows=1 width=6)
	        Index Cond: (id = 3581798)

table 4 : explain DELETE FROM sbtest4 WHERE id=6240883
	Delete on sbtest4  (cost=0.43..8.45 rows=0 width=0)
	  ->  Index Scan using sbtest4_pkey on sbtest4  (cost=0.43..8.45 rows=1 width=6)
	        Index Cond: (id = 6240883)

table 5 : explain DELETE FROM sbtest5 WHERE id=436652
	Delete on sbtest5  (cost=0.43..8.45 rows=0 width=0)
	  ->  Index Scan using sbtest5_pkey on sbtest5  (cost=0.43..8.45 rows=1 width=6)
	        Index Cond: (id = 436652)

table 6 : explain DELETE FROM sbtest6 WHERE id=7131022
	Delete on sbtest6  (cost=0.43..8.45 rows=0 width=0)
	  ->  Index Scan using sbtest6_pkey on sbtest6  (cost=0.43..8.45 rows=1 width=6)
	        Index Cond: (id = 7131022)

table 7 : explain DELETE FROM sbtest7 WHERE id=3104496
	Delete on sbtest7  (cost=0.43..8.45 rows=0 width=0)
	  ->  Index Scan using sbtest7_pkey on sbtest7  (cost=0.43..8.45 rows=1 width=6)
	        Index Cond: (id = 3104496)

table 8 : explain DELETE FROM sbtest8 WHERE id=5670972
	Delete on sbtest8  (cost=0.43..8.45 rows=0 width=0)
	  ->  Index Scan using sbtest8_pkey on sbtest8  (cost=0.43..8.45 rows=1 width=6)
	        Index Cond: (id = 5670972)

for: order_ranges
table 1 : explain SELECT c FROM sbtest1 WHERE id BETWEEN 4255072 AND 4255081 ORDER BY c
	Sort  (cost=41.16..41.19 rows=10 width=121)
	  Sort Key: c
	  ->  Index Scan using sbtest1_pkey on sbtest1  (cost=0.43..41.00 rows=10 width=121)
	        Index Cond: ((id >= 4255072) AND (id <= 4255081))

table 2 : explain SELECT c FROM sbtest2 WHERE id BETWEEN 9529693 AND 9529702 ORDER BY c
	Sort  (cost=41.11..41.13 rows=10 width=121)
	  Sort Key: c
	  ->  Index Scan using sbtest2_pkey on sbtest2  (cost=0.43..40.94 rows=10 width=121)
	        Index Cond: ((id >= 9529693) AND (id <= 9529702))

table 3 : explain SELECT c FROM sbtest3 WHERE id BETWEEN 9837717 AND 9837726 ORDER BY c
	Sort  (cost=40.71..40.74 rows=10 width=121)
	  Sort Key: c
	  ->  Index Scan using sbtest3_pkey on sbtest3  (cost=0.43..40.55 rows=10 width=121)
	        Index Cond: ((id >= 9837717) AND (id <= 9837726))

table 4 : explain SELECT c FROM sbtest4 WHERE id BETWEEN 8071525 AND 8071534 ORDER BY c
	Sort  (cost=40.77..40.79 rows=10 width=121)
	  Sort Key: c
	  ->  Index Scan using sbtest4_pkey on sbtest4  (cost=0.43..40.60 rows=10 width=121)
	        Index Cond: ((id >= 8071525) AND (id <= 8071534))

table 5 : explain SELECT c FROM sbtest5 WHERE id BETWEEN 8988271 AND 8988280 ORDER BY c
	Sort  (cost=40.78..40.80 rows=10 width=121)
	  Sort Key: c
	  ->  Index Scan using sbtest5_pkey on sbtest5  (cost=0.43..40.61 rows=10 width=121)
	        Index Cond: ((id >= 8988271) AND (id <= 8988280))

table 6 : explain SELECT c FROM sbtest6 WHERE id BETWEEN 1624062 AND 1624071 ORDER BY c
	Sort  (cost=40.80..40.82 rows=10 width=121)
	  Sort Key: c
	  ->  Index Scan using sbtest6_pkey on sbtest6  (cost=0.43..40.63 rows=10 width=121)
	        Index Cond: ((id >= 1624062) AND (id <= 1624071))

table 7 : explain SELECT c FROM sbtest7 WHERE id BETWEEN 2848509 AND 2848518 ORDER BY c
	Sort  (cost=40.63..40.65 rows=10 width=121)
	  Sort Key: c
	  ->  Index Scan using sbtest7_pkey on sbtest7  (cost=0.43..40.46 rows=10 width=121)
	        Index Cond: ((id >= 2848509) AND (id <= 2848518))

table 8 : explain SELECT c FROM sbtest8 WHERE id BETWEEN 454622 AND 454631 ORDER BY c
	Sort  (cost=44.78..44.81 rows=11 width=121)
	  Sort Key: c
	  ->  Index Scan using sbtest8_pkey on sbtest8  (cost=0.43..44.59 rows=11 width=121)
	        Index Cond: ((id >= 454622) AND (id <= 454631))

for inserts
table 1 : explain INSERT INTO sbtest1 (id, k, c, pad) VALUES (4258208, 13, 'foobar', 'foobar')
	Insert on sbtest1  (cost=0.00..0.01 rows=0 width=0)
	  ->  Result  (cost=0.00..0.01 rows=1 width=736)

table 2 : explain INSERT INTO sbtest2 (id, k, c, pad) VALUES (9879031, 13, 'foobar', 'foobar')
	Insert on sbtest2  (cost=0.00..0.01 rows=0 width=0)
	  ->  Result  (cost=0.00..0.01 rows=1 width=736)

table 3 : explain INSERT INTO sbtest3 (id, k, c, pad) VALUES (4011179, 13, 'foobar', 'foobar')
	Insert on sbtest3  (cost=0.00..0.01 rows=0 width=0)
	  ->  Result  (cost=0.00..0.01 rows=1 width=736)

table 4 : explain INSERT INTO sbtest4 (id, k, c, pad) VALUES (9335850, 13, 'foobar', 'foobar')
	Insert on sbtest4  (cost=0.00..0.01 rows=0 width=0)
	  ->  Result  (cost=0.00..0.01 rows=1 width=736)

table 5 : explain INSERT INTO sbtest5 (id, k, c, pad) VALUES (729576, 13, 'foobar', 'foobar')
	Insert on sbtest5  (cost=0.00..0.01 rows=0 width=0)
	  ->  Result  (cost=0.00..0.01 rows=1 width=736)

table 6 : explain INSERT INTO sbtest6 (id, k, c, pad) VALUES (2473014, 13, 'foobar', 'foobar')
	Insert on sbtest6  (cost=0.00..0.01 rows=0 width=0)
	  ->  Result  (cost=0.00..0.01 rows=1 width=736)

table 7 : explain INSERT INTO sbtest7 (id, k, c, pad) VALUES (2757091, 13, 'foobar', 'foobar')
	Insert on sbtest7  (cost=0.00..0.01 rows=0 width=0)
	  ->  Result  (cost=0.00..0.01 rows=1 width=736)

table 8 : explain INSERT INTO sbtest8 (id, k, c, pad) VALUES (5339053, 13, 'foobar', 'foobar')
	Insert on sbtest8  (cost=0.00..0.01 rows=0 width=0)
	  ->  Result  (cost=0.00..0.01 rows=1 width=736)

for: distinct_ranges
table 1 : explain SELECT DISTINCT c FROM sbtest1 WHERE id BETWEEN 9696557 AND 9696566 ORDER BY c
	Unique  (cost=44.80..44.86 rows=11 width=121)
	  ->  Sort  (cost=44.80..44.83 rows=11 width=121)
	        Sort Key: c
	        ->  Index Scan using sbtest1_pkey on sbtest1  (cost=0.43..44.61 rows=11 width=121)
	              Index Cond: ((id >= 9696557) AND (id <= 9696566))

table 2 : explain SELECT DISTINCT c FROM sbtest2 WHERE id BETWEEN 8379736 AND 8379745 ORDER BY c
	Unique  (cost=41.11..41.16 rows=10 width=121)
	  ->  Sort  (cost=41.11..41.13 rows=10 width=121)
	        Sort Key: c
	        ->  Index Scan using sbtest2_pkey on sbtest2  (cost=0.43..40.94 rows=10 width=121)
	              Index Cond: ((id >= 8379736) AND (id <= 8379745))

table 3 : explain SELECT DISTINCT c FROM sbtest3 WHERE id BETWEEN 9848002 AND 9848011 ORDER BY c
	Unique  (cost=40.71..40.76 rows=10 width=121)
	  ->  Sort  (cost=40.71..40.74 rows=10 width=121)
	        Sort Key: c
	        ->  Index Scan using sbtest3_pkey on sbtest3  (cost=0.43..40.55 rows=10 width=121)
	              Index Cond: ((id >= 9848002) AND (id <= 9848011))

table 4 : explain SELECT DISTINCT c FROM sbtest4 WHERE id BETWEEN 3845293 AND 3845302 ORDER BY c
	Unique  (cost=40.77..40.82 rows=10 width=121)
	  ->  Sort  (cost=40.77..40.79 rows=10 width=121)
	        Sort Key: c
	        ->  Index Scan using sbtest4_pkey on sbtest4  (cost=0.43..40.60 rows=10 width=121)
	              Index Cond: ((id >= 3845293) AND (id <= 3845302))

table 5 : explain SELECT DISTINCT c FROM sbtest5 WHERE id BETWEEN 2244531 AND 2244540 ORDER BY c
	Unique  (cost=37.18..37.22 rows=9 width=121)
	  ->  Sort  (cost=37.18..37.20 rows=9 width=121)
	        Sort Key: c
	        ->  Index Scan using sbtest5_pkey on sbtest5  (cost=0.43..37.04 rows=9 width=121)
	              Index Cond: ((id >= 2244531) AND (id <= 2244540))

table 6 : explain SELECT DISTINCT c FROM sbtest6 WHERE id BETWEEN 3369775 AND 3369784 ORDER BY c
	Unique  (cost=40.80..40.85 rows=10 width=121)
	  ->  Sort  (cost=40.80..40.82 rows=10 width=121)
	        Sort Key: c
	        ->  Index Scan using sbtest6_pkey on sbtest6  (cost=0.43..40.63 rows=10 width=121)
	              Index Cond: ((id >= 3369775) AND (id <= 3369784))

table 7 : explain SELECT DISTINCT c FROM sbtest7 WHERE id BETWEEN 5509973 AND 5509982 ORDER BY c
	Unique  (cost=37.05..37.09 rows=9 width=121)
	  ->  Sort  (cost=37.05..37.07 rows=9 width=121)
	        Sort Key: c
	        ->  Index Scan using sbtest7_pkey on sbtest7  (cost=0.43..36.91 rows=9 width=121)
	              Index Cond: ((id >= 5509973) AND (id <= 5509982))

table 8 : explain SELECT DISTINCT c FROM sbtest8 WHERE id BETWEEN 7874177 AND 7874186 ORDER BY c
	Unique  (cost=41.14..41.19 rows=10 width=121)
	  ->  Sort  (cost=41.14..41.17 rows=10 width=121)
	        Sort Key: c
	        ->  Index Scan using sbtest8_pkey on sbtest8  (cost=0.43..40.98 rows=10 width=121)
	              Index Cond: ((id >= 7874177) AND (id <= 7874186))

explain: for inserts :: explain INSERT INTO sbtest%u (id, k, c, pad) VALUES (%u, 13, 'foobar', 'foobar')
for non_index_updates
table 1 : explain UPDATE sbtest1 SET c='foobar' WHERE id=6335707
	Update on sbtest1  (cost=0.43..8.45 rows=0 width=0)
	  ->  Index Scan using sbtest1_pkey on sbtest1  (cost=0.43..8.45 rows=1 width=490)
	        Index Cond: (id = 6335707)

table 2 : explain UPDATE sbtest2 SET c='foobar' WHERE id=1895025
	Update on sbtest2  (cost=0.43..8.45 rows=0 width=0)
	  ->  Index Scan using sbtest2_pkey on sbtest2  (cost=0.43..8.45 rows=1 width=490)
	        Index Cond: (id = 1895025)

table 3 : explain UPDATE sbtest3 SET c='foobar' WHERE id=1225245
	Update on sbtest3  (cost=0.43..8.45 rows=0 width=0)
	  ->  Index Scan using sbtest3_pkey on sbtest3  (cost=0.43..8.45 rows=1 width=490)
	        Index Cond: (id = 1225245)

table 4 : explain UPDATE sbtest4 SET c='foobar' WHERE id=4630041
	Update on sbtest4  (cost=0.43..8.45 rows=0 width=0)
	  ->  Index Scan using sbtest4_pkey on sbtest4  (cost=0.43..8.45 rows=1 width=490)
	        Index Cond: (id = 4630041)

table 5 : explain UPDATE sbtest5 SET c='foobar' WHERE id=8077224
	Update on sbtest5  (cost=0.43..8.45 rows=0 width=0)
	  ->  Index Scan using sbtest5_pkey on sbtest5  (cost=0.43..8.45 rows=1 width=490)
	        Index Cond: (id = 8077224)

table 6 : explain UPDATE sbtest6 SET c='foobar' WHERE id=3968300
	Update on sbtest6  (cost=0.43..8.45 rows=0 width=0)
	  ->  Index Scan using sbtest6_pkey on sbtest6  (cost=0.43..8.45 rows=1 width=490)
	        Index Cond: (id = 3968300)

table 7 : explain UPDATE sbtest7 SET c='foobar' WHERE id=5446267
	Update on sbtest7  (cost=0.43..8.45 rows=0 width=0)
	  ->  Index Scan using sbtest7_pkey on sbtest7  (cost=0.43..8.45 rows=1 width=490)
	        Index Cond: (id = 5446267)

table 8 : explain UPDATE sbtest8 SET c='foobar' WHERE id=9271095
	Update on sbtest8  (cost=0.43..8.45 rows=0 width=0)
	  ->  Index Scan using sbtest8_pkey on sbtest8  (cost=0.43..8.45 rows=1 width=490)
	        Index Cond: (id = 9271095)

for: distinct_ranges
table 1 : explain SELECT DISTINCT c FROM sbtest1 WHERE id BETWEEN 8912813 AND 8912822 ORDER BY c
	Unique  (cost=37.53..37.57 rows=9 width=121)
	  ->  Sort  (cost=37.53..37.55 rows=9 width=121)
	        Sort Key: c
	        ->  Index Scan using sbtest1_pkey on sbtest1  (cost=0.43..37.38 rows=9 width=121)
	              Index Cond: ((id >= 8912813) AND (id <= 8912822))

table 2 : explain SELECT DISTINCT c FROM sbtest2 WHERE id BETWEEN 3252755 AND 3252764 ORDER BY c
	Unique  (cost=44.74..44.80 rows=11 width=121)
	  ->  Sort  (cost=44.74..44.77 rows=11 width=121)
	        Sort Key: c
	        ->  Index Scan using sbtest2_pkey on sbtest2  (cost=0.43..44.55 rows=11 width=121)
	              Index Cond: ((id >= 3252755) AND (id <= 3252764))

table 3 : explain SELECT DISTINCT c FROM sbtest3 WHERE id BETWEEN 1083296 AND 1083305 ORDER BY c
	Unique  (cost=40.71..40.76 rows=10 width=121)
	  ->  Sort  (cost=40.71..40.74 rows=10 width=121)
	        Sort Key: c
	        ->  Index Scan using sbtest3_pkey on sbtest3  (cost=0.43..40.55 rows=10 width=121)
	              Index Cond: ((id >= 1083296) AND (id <= 1083305))

table 4 : explain SELECT DISTINCT c FROM sbtest4 WHERE id BETWEEN 9343759 AND 9343768 ORDER BY c
	Unique  (cost=40.77..40.82 rows=10 width=121)
	  ->  Sort  (cost=40.77..40.79 rows=10 width=121)
	        Sort Key: c
	        ->  Index Scan using sbtest4_pkey on sbtest4  (cost=0.43..40.60 rows=10 width=121)
	              Index Cond: ((id >= 9343759) AND (id <= 9343768))

table 5 : explain SELECT DISTINCT c FROM sbtest5 WHERE id BETWEEN 5014651 AND 5014660 ORDER BY c
	Unique  (cost=40.78..40.83 rows=10 width=121)
	  ->  Sort  (cost=40.78..40.80 rows=10 width=121)
	        Sort Key: c
	        ->  Index Scan using sbtest5_pkey on sbtest5  (cost=0.43..40.61 rows=10 width=121)
	              Index Cond: ((id >= 5014651) AND (id <= 5014660))

table 6 : explain SELECT DISTINCT c FROM sbtest6 WHERE id BETWEEN 8439303 AND 8439312 ORDER BY c
	Unique  (cost=40.80..40.85 rows=10 width=121)
	  ->  Sort  (cost=40.80..40.82 rows=10 width=121)
	        Sort Key: c
	        ->  Index Scan using sbtest6_pkey on sbtest6  (cost=0.43..40.63 rows=10 width=121)
	              Index Cond: ((id >= 8439303) AND (id <= 8439312))

table 7 : explain SELECT DISTINCT c FROM sbtest7 WHERE id BETWEEN 206591 AND 206600 ORDER BY c
	Unique  (cost=40.63..40.68 rows=10 width=121)
	  ->  Sort  (cost=40.63..40.65 rows=10 width=121)
	        Sort Key: c
	        ->  Index Scan using sbtest7_pkey on sbtest7  (cost=0.43..40.46 rows=10 width=121)
	              Index Cond: ((id >= 206591) AND (id <= 206600))

table 8 : explain SELECT DISTINCT c FROM sbtest8 WHERE id BETWEEN 6740675 AND 6740684 ORDER BY c
	Unique  (cost=41.14..41.19 rows=10 width=121)
	  ->  Sort  (cost=41.14..41.17 rows=10 width=121)
	        Sort Key: c
	        ->  Index Scan using sbtest8_pkey on sbtest8  (cost=0.43..40.98 rows=10 width=121)
	              Index Cond: ((id >= 6740675) AND (id <= 6740684))

for: distinct_ranges
table 1 : explain SELECT DISTINCT c FROM sbtest1 WHERE id BETWEEN 3969645 AND 3969654 ORDER BY c
	Unique  (cost=44.80..44.86 rows=11 width=121)
	  ->  Sort  (cost=44.80..44.83 rows=11 width=121)
	        Sort Key: c
	        ->  Index Scan using sbtest1_pkey on sbtest1  (cost=0.43..44.61 rows=11 width=121)
	              Index Cond: ((id >= 3969645) AND (id <= 3969654))

table 2 : explain SELECT DISTINCT c FROM sbtest2 WHERE id BETWEEN 3539662 AND 3539671 ORDER BY c
	Unique  (cost=37.48..37.52 rows=9 width=121)
	  ->  Sort  (cost=37.48..37.50 rows=9 width=121)
	        Sort Key: c
	        ->  Index Scan using sbtest2_pkey on sbtest2  (cost=0.43..37.33 rows=9 width=121)
	              Index Cond: ((id >= 3539662) AND (id <= 3539671))

table 3 : explain SELECT DISTINCT c FROM sbtest3 WHERE id BETWEEN 4169506 AND 4169515 ORDER BY c
	Unique  (cost=44.30..44.36 rows=11 width=121)
	  ->  Sort  (cost=44.30..44.33 rows=11 width=121)
	        Sort Key: c
	        ->  Index Scan using sbtest3_pkey on sbtest3  (cost=0.43..44.11 rows=11 width=121)
	              Index Cond: ((id >= 4169506) AND (id <= 4169515))

table 4 : explain SELECT DISTINCT c FROM sbtest4 WHERE id BETWEEN 2913290 AND 2913299 ORDER BY c
	Unique  (cost=44.37..44.42 rows=11 width=121)
	  ->  Sort  (cost=44.37..44.39 rows=11 width=121)
	        Sort Key: c
	        ->  Index Scan using sbtest4_pkey on sbtest4  (cost=0.43..44.18 rows=11 width=121)
	              Index Cond: ((id >= 2913290) AND (id <= 2913299))

table 5 : explain SELECT DISTINCT c FROM sbtest5 WHERE id BETWEEN 5443280 AND 5443289 ORDER BY c
	Unique  (cost=37.18..37.22 rows=9 width=121)
	  ->  Sort  (cost=37.18..37.20 rows=9 width=121)
	        Sort Key: c
	        ->  Index Scan using sbtest5_pkey on sbtest5  (cost=0.43..37.04 rows=9 width=121)
	              Index Cond: ((id >= 5443280) AND (id <= 5443289))

table 6 : explain SELECT DISTINCT c FROM sbtest6 WHERE id BETWEEN 3097992 AND 3098001 ORDER BY c
	Unique  (cost=44.40..44.45 rows=11 width=121)
	  ->  Sort  (cost=44.40..44.43 rows=11 width=121)
	        Sort Key: c
	        ->  Index Scan using sbtest6_pkey on sbtest6  (cost=0.43..44.21 rows=11 width=121)
	              Index Cond: ((id >= 3097992) AND (id <= 3098001))

table 7 : explain SELECT DISTINCT c FROM sbtest7 WHERE id BETWEEN 300178 AND 300187 ORDER BY c
	Unique  (cost=40.63..40.68 rows=10 width=121)
	  ->  Sort  (cost=40.63..40.65 rows=10 width=121)
	        Sort Key: c
	        ->  Index Scan using sbtest7_pkey on sbtest7  (cost=0.43..40.46 rows=10 width=121)
	              Index Cond: ((id >= 300178) AND (id <= 300187))

table 8 : explain SELECT DISTINCT c FROM sbtest8 WHERE id BETWEEN 569075 AND 569084 ORDER BY c
	Unique  (cost=41.14..41.19 rows=10 width=121)
	  ->  Sort  (cost=41.14..41.17 rows=10 width=121)
	        Sort Key: c
	        ->  Index Scan using sbtest8_pkey on sbtest8  (cost=0.43..40.98 rows=10 width=121)
	              Index Cond: ((id >= 569075) AND (id <= 569084))

for inserts
table 1 : explain INSERT INTO sbtest1 (id, k, c, pad) VALUES (7909403, 13, 'foobar', 'foobar')
	Insert on sbtest1  (cost=0.00..0.01 rows=0 width=0)
	  ->  Result  (cost=0.00..0.01 rows=1 width=736)

table 2 : explain INSERT INTO sbtest2 (id, k, c, pad) VALUES (2865154, 13, 'foobar', 'foobar')
	Insert on sbtest2  (cost=0.00..0.01 rows=0 width=0)
	  ->  Result  (cost=0.00..0.01 rows=1 width=736)

table 3 : explain INSERT INTO sbtest3 (id, k, c, pad) VALUES (2673827, 13, 'foobar', 'foobar')
	Insert on sbtest3  (cost=0.00..0.01 rows=0 width=0)
	  ->  Result  (cost=0.00..0.01 rows=1 width=736)

table 4 : explain INSERT INTO sbtest4 (id, k, c, pad) VALUES (3201789, 13, 'foobar', 'foobar')
	Insert on sbtest4  (cost=0.00..0.01 rows=0 width=0)
	  ->  Result  (cost=0.00..0.01 rows=1 width=736)

table 5 : explain INSERT INTO sbtest5 (id, k, c, pad) VALUES (6826667, 13, 'foobar', 'foobar')
	Insert on sbtest5  (cost=0.00..0.01 rows=0 width=0)
	  ->  Result  (cost=0.00..0.01 rows=1 width=736)

table 6 : explain INSERT INTO sbtest6 (id, k, c, pad) VALUES (6617862, 13, 'foobar', 'foobar')
	Insert on sbtest6  (cost=0.00..0.01 rows=0 width=0)
	  ->  Result  (cost=0.00..0.01 rows=1 width=736)

table 7 : explain INSERT INTO sbtest7 (id, k, c, pad) VALUES (3535185, 13, 'foobar', 'foobar')
	Insert on sbtest7  (cost=0.00..0.01 rows=0 width=0)
	  ->  Result  (cost=0.00..0.01 rows=1 width=736)

table 8 : explain INSERT INTO sbtest8 (id, k, c, pad) VALUES (286331, 13, 'foobar', 'foobar')
	Insert on sbtest8  (cost=0.00..0.01 rows=0 width=0)
	  ->  Result  (cost=0.00..0.01 rows=1 width=736)

explain: for index_updates :: explain UPDATE sbtest%u SET k=k+1 WHERE id=%u
for: distinct_ranges
table 1 : explain SELECT DISTINCT c FROM sbtest1 WHERE id BETWEEN 742460 AND 742469 ORDER BY c
	Unique  (cost=44.80..44.86 rows=11 width=121)
	  ->  Sort  (cost=44.80..44.83 rows=11 width=121)
	        Sort Key: c
	        ->  Index Scan using sbtest1_pkey on sbtest1  (cost=0.43..44.61 rows=11 width=121)
	              Index Cond: ((id >= 742460) AND (id <= 742469))

table 2 : explain SELECT DISTINCT c FROM sbtest2 WHERE id BETWEEN 2169754 AND 2169763 ORDER BY c
	Unique  (cost=41.11..41.16 rows=10 width=121)
	  ->  Sort  (cost=41.11..41.13 rows=10 width=121)
	        Sort Key: c
	        ->  Index Scan using sbtest2_pkey on sbtest2  (cost=0.43..40.94 rows=10 width=121)
	              Index Cond: ((id >= 2169754) AND (id <= 2169763))

table 3 : explain SELECT DISTINCT c FROM sbtest3 WHERE id BETWEEN 7701965 AND 7701974 ORDER BY c
	Unique  (cost=44.30..44.36 rows=11 width=121)
	  ->  Sort  (cost=44.30..44.33 rows=11 width=121)
	        Sort Key: c
	        ->  Index Scan using sbtest3_pkey on sbtest3  (cost=0.43..44.11 rows=11 width=121)
	              Index Cond: ((id >= 7701965) AND (id <= 7701974))

table 4 : explain SELECT DISTINCT c FROM sbtest4 WHERE id BETWEEN 9746889 AND 9746898 ORDER BY c
	Unique  (cost=44.37..44.42 rows=11 width=121)
	  ->  Sort  (cost=44.37..44.39 rows=11 width=121)
	        Sort Key: c
	        ->  Index Scan using sbtest4_pkey on sbtest4  (cost=0.43..44.18 rows=11 width=121)
	              Index Cond: ((id >= 9746889) AND (id <= 9746898))

table 5 : explain SELECT DISTINCT c FROM sbtest5 WHERE id BETWEEN 7310410 AND 7310419 ORDER BY c
	Unique  (cost=37.18..37.22 rows=9 width=121)
	  ->  Sort  (cost=37.18..37.20 rows=9 width=121)
	        Sort Key: c
	        ->  Index Scan using sbtest5_pkey on sbtest5  (cost=0.43..37.04 rows=9 width=121)
	              Index Cond: ((id >= 7310410) AND (id <= 7310419))

table 6 : explain SELECT DISTINCT c FROM sbtest6 WHERE id BETWEEN 3817089 AND 3817098 ORDER BY c
	Unique  (cost=37.20..37.24 rows=9 width=121)
	  ->  Sort  (cost=37.20..37.22 rows=9 width=121)
	        Sort Key: c
	        ->  Index Scan using sbtest6_pkey on sbtest6  (cost=0.43..37.06 rows=9 width=121)
	              Index Cond: ((id >= 3817089) AND (id <= 3817098))

table 7 : explain SELECT DISTINCT c FROM sbtest7 WHERE id BETWEEN 1793840 AND 1793849 ORDER BY c
	Unique  (cost=44.21..44.26 rows=11 width=121)
	  ->  Sort  (cost=44.21..44.24 rows=11 width=121)
	        Sort Key: c
	        ->  Index Scan using sbtest7_pkey on sbtest7  (cost=0.43..44.02 rows=11 width=121)
	              Index Cond: ((id >= 1793840) AND (id <= 1793849))

table 8 : explain SELECT DISTINCT c FROM sbtest8 WHERE id BETWEEN 6823065 AND 6823074 ORDER BY c
	Unique  (cost=44.78..44.84 rows=11 width=121)
	  ->  Sort  (cost=44.78..44.81 rows=11 width=121)
	        Sort Key: c
	        ->  Index Scan using sbtest8_pkey on sbtest8  (cost=0.43..44.59 rows=11 width=121)
	              Index Cond: ((id >= 6823065) AND (id <= 6823074))

explain: for index_updates :: explain UPDATE sbtest%u SET k=k+1 WHERE id=%u
explain: for deletes :: explain DELETE FROM sbtest%u WHERE id=%u
for: order_ranges
table 1 : explain SELECT c FROM sbtest1 WHERE id BETWEEN 4569164 AND 4569173 ORDER BY c
	Sort  (cost=41.16..41.19 rows=10 width=121)
	  Sort Key: c
	  ->  Index Scan using sbtest1_pkey on sbtest1  (cost=0.43..41.00 rows=10 width=121)
	        Index Cond: ((id >= 4569164) AND (id <= 4569173))

table 2 : explain SELECT c FROM sbtest2 WHERE id BETWEEN 9571357 AND 9571366 ORDER BY c
	Sort  (cost=41.11..41.13 rows=10 width=121)
	  Sort Key: c
	  ->  Index Scan using sbtest2_pkey on sbtest2  (cost=0.43..40.94 rows=10 width=121)
	        Index Cond: ((id >= 9571357) AND (id <= 9571366))

table 3 : explain SELECT c FROM sbtest3 WHERE id BETWEEN 2661252 AND 2661261 ORDER BY c
	Sort  (cost=40.71..40.74 rows=10 width=121)
	  Sort Key: c
	  ->  Index Scan using sbtest3_pkey on sbtest3  (cost=0.43..40.55 rows=10 width=121)
	        Index Cond: ((id >= 2661252) AND (id <= 2661261))

table 4 : explain SELECT c FROM sbtest4 WHERE id BETWEEN 7772217 AND 7772226 ORDER BY c
	Sort  (cost=40.77..40.79 rows=10 width=121)
	  Sort Key: c
	  ->  Index Scan using sbtest4_pkey on sbtest4  (cost=0.43..40.60 rows=10 width=121)
	        Index Cond: ((id >= 7772217) AND (id <= 7772226))

table 5 : explain SELECT c FROM sbtest5 WHERE id BETWEEN 629022 AND 629031 ORDER BY c
	Sort  (cost=40.78..40.80 rows=10 width=121)
	  Sort Key: c
	  ->  Index Scan using sbtest5_pkey on sbtest5  (cost=0.43..40.61 rows=10 width=121)
	        Index Cond: ((id >= 629022) AND (id <= 629031))

table 6 : explain SELECT c FROM sbtest6 WHERE id BETWEEN 1214174 AND 1214183 ORDER BY c
	Sort  (cost=37.20..37.22 rows=9 width=121)
	  Sort Key: c
	  ->  Index Scan using sbtest6_pkey on sbtest6  (cost=0.43..37.06 rows=9 width=121)
	        Index Cond: ((id >= 1214174) AND (id <= 1214183))

table 7 : explain SELECT c FROM sbtest7 WHERE id BETWEEN 7597058 AND 7597067 ORDER BY c
	Sort  (cost=40.63..40.65 rows=10 width=121)
	  Sort Key: c
	  ->  Index Scan using sbtest7_pkey on sbtest7  (cost=0.43..40.46 rows=10 width=121)
	        Index Cond: ((id >= 7597058) AND (id <= 7597067))

table 8 : explain SELECT c FROM sbtest8 WHERE id BETWEEN 1466201 AND 1466210 ORDER BY c
	Sort  (cost=37.51..37.53 rows=9 width=121)
	  Sort Key: c
	  ->  Index Scan using sbtest8_pkey on sbtest8  (cost=0.43..37.36 rows=9 width=121)
	        Index Cond: ((id >= 1466201) AND (id <= 1466210))

explain: for index_updates :: explain UPDATE sbtest%u SET k=k+1 WHERE id=%u
explain: for index_updates :: explain UPDATE sbtest%u SET k=k+1 WHERE id=%u
for index_updates
table 1 : explain UPDATE sbtest1 SET k=k+1 WHERE id=6215419
	Update on sbtest1  (cost=0.43..8.46 rows=0 width=0)
	  ->  Index Scan using sbtest1_pkey on sbtest1  (cost=0.43..8.46 rows=1 width=10)
	        Index Cond: (id = 6215419)

table 2 : explain UPDATE sbtest2 SET k=k+1 WHERE id=6182006
	Update on sbtest2  (cost=0.43..8.46 rows=0 width=0)
	  ->  Index Scan using sbtest2_pkey on sbtest2  (cost=0.43..8.46 rows=1 width=10)
	        Index Cond: (id = 6182006)

table 3 : explain UPDATE sbtest3 SET k=k+1 WHERE id=9466069
	Update on sbtest3  (cost=0.43..8.46 rows=0 width=0)
	  ->  Index Scan using sbtest3_pkey on sbtest3  (cost=0.43..8.46 rows=1 width=10)
	        Index Cond: (id = 9466069)

table 4 : explain UPDATE sbtest4 SET k=k+1 WHERE id=9335004
	Update on sbtest4  (cost=0.43..8.46 rows=0 width=0)
	  ->  Index Scan using sbtest4_pkey on sbtest4  (cost=0.43..8.46 rows=1 width=10)
	        Index Cond: (id = 9335004)

table 5 : explain UPDATE sbtest5 SET k=k+1 WHERE id=5807895
	Update on sbtest5  (cost=0.43..8.46 rows=0 width=0)
	  ->  Index Scan using sbtest5_pkey on sbtest5  (cost=0.43..8.46 rows=1 width=10)
	        Index Cond: (id = 5807895)

table 6 : explain UPDATE sbtest6 SET k=k+1 WHERE id=1978220
	Update on sbtest6  (cost=0.43..8.46 rows=0 width=0)
	  ->  Index Scan using sbtest6_pkey on sbtest6  (cost=0.43..8.46 rows=1 width=10)
	        Index Cond: (id = 1978220)

table 7 : explain UPDATE sbtest7 SET k=k+1 WHERE id=3522918
	Update on sbtest7  (cost=0.43..8.46 rows=0 width=0)
	  ->  Index Scan using sbtest7_pkey on sbtest7  (cost=0.43..8.46 rows=1 width=10)
	        Index Cond: (id = 3522918)

table 8 : explain UPDATE sbtest8 SET k=k+1 WHERE id=4584757
	Update on sbtest8  (cost=0.43..8.46 rows=0 width=0)
	  ->  Index Scan using sbtest8_pkey on sbtest8  (cost=0.43..8.46 rows=1 width=10)
	        Index Cond: (id = 4584757)

for deletes
table 1 : explain DELETE FROM sbtest1 WHERE id=3387719
	Delete on sbtest1  (cost=0.43..8.45 rows=0 width=0)
	  ->  Index Scan using sbtest1_pkey on sbtest1  (cost=0.43..8.45 rows=1 width=6)
	        Index Cond: (id = 3387719)

table 2 : explain DELETE FROM sbtest2 WHERE id=8331812
	Delete on sbtest2  (cost=0.43..8.45 rows=0 width=0)
	  ->  Index Scan using sbtest2_pkey on sbtest2  (cost=0.43..8.45 rows=1 width=6)
	        Index Cond: (id = 8331812)

table 3 : explain DELETE FROM sbtest3 WHERE id=8464432
	Delete on sbtest3  (cost=0.43..8.45 rows=0 width=0)
	  ->  Index Scan using sbtest3_pkey on sbtest3  (cost=0.43..8.45 rows=1 width=6)
	        Index Cond: (id = 8464432)

table 4 : explain DELETE FROM sbtest4 WHERE id=7250031
	Delete on sbtest4  (cost=0.43..8.45 rows=0 width=0)
	  ->  Index Scan using sbtest4_pkey on sbtest4  (cost=0.43..8.45 rows=1 width=6)
	        Index Cond: (id = 7250031)

table 5 : explain DELETE FROM sbtest5 WHERE id=4093178
	Delete on sbtest5  (cost=0.43..8.45 rows=0 width=0)
	  ->  Index Scan using sbtest5_pkey on sbtest5  (cost=0.43..8.45 rows=1 width=6)
	        Index Cond: (id = 4093178)

table 6 : explain DELETE FROM sbtest6 WHERE id=5582513
	Delete on sbtest6  (cost=0.43..8.45 rows=0 width=0)
	  ->  Index Scan using sbtest6_pkey on sbtest6  (cost=0.43..8.45 rows=1 width=6)
	        Index Cond: (id = 5582513)

table 7 : explain DELETE FROM sbtest7 WHERE id=6432400
	Delete on sbtest7  (cost=0.43..8.45 rows=0 width=0)
	  ->  Index Scan using sbtest7_pkey on sbtest7  (cost=0.43..8.45 rows=1 width=6)
	        Index Cond: (id = 6432400)

table 8 : explain DELETE FROM sbtest8 WHERE id=2397949
	Delete on sbtest8  (cost=0.43..8.45 rows=0 width=0)
	  ->  Index Scan using sbtest8_pkey on sbtest8  (cost=0.43..8.45 rows=1 width=6)
	        Index Cond: (id = 2397949)

explain: for non_index_updates :: explain UPDATE sbtest%u SET c='foobar' WHERE id=%u
for index_updates
table 1 : explain UPDATE sbtest1 SET k=k+1 WHERE id=7843536
	Update on sbtest1  (cost=0.43..8.46 rows=0 width=0)
	  ->  Index Scan using sbtest1_pkey on sbtest1  (cost=0.43..8.46 rows=1 width=10)
	        Index Cond: (id = 7843536)

table 2 : explain UPDATE sbtest2 SET k=k+1 WHERE id=3014942
	Update on sbtest2  (cost=0.43..8.46 rows=0 width=0)
	  ->  Index Scan using sbtest2_pkey on sbtest2  (cost=0.43..8.46 rows=1 width=10)
	        Index Cond: (id = 3014942)

table 3 : explain UPDATE sbtest3 SET k=k+1 WHERE id=2403384
	Update on sbtest3  (cost=0.43..8.46 rows=0 width=0)
	  ->  Index Scan using sbtest3_pkey on sbtest3  (cost=0.43..8.46 rows=1 width=10)
	        Index Cond: (id = 2403384)

table 4 : explain UPDATE sbtest4 SET k=k+1 WHERE id=7746047
	Update on sbtest4  (cost=0.43..8.46 rows=0 width=0)
	  ->  Index Scan using sbtest4_pkey on sbtest4  (cost=0.43..8.46 rows=1 width=10)
	        Index Cond: (id = 7746047)

table 5 : explain UPDATE sbtest5 SET k=k+1 WHERE id=3639497
	Update on sbtest5  (cost=0.43..8.46 rows=0 width=0)
	  ->  Index Scan using sbtest5_pkey on sbtest5  (cost=0.43..8.46 rows=1 width=10)
	        Index Cond: (id = 3639497)

table 6 : explain UPDATE sbtest6 SET k=k+1 WHERE id=2876259
	Update on sbtest6  (cost=0.43..8.46 rows=0 width=0)
	  ->  Index Scan using sbtest6_pkey on sbtest6  (cost=0.43..8.46 rows=1 width=10)
	        Index Cond: (id = 2876259)

table 7 : explain UPDATE sbtest7 SET k=k+1 WHERE id=7011421
	Update on sbtest7  (cost=0.43..8.46 rows=0 width=0)
	  ->  Index Scan using sbtest7_pkey on sbtest7  (cost=0.43..8.46 rows=1 width=10)
	        Index Cond: (id = 7011421)

table 8 : explain UPDATE sbtest8 SET k=k+1 WHERE id=3787415
	Update on sbtest8  (cost=0.43..8.46 rows=0 width=0)
	  ->  Index Scan using sbtest8_pkey on sbtest8  (cost=0.43..8.46 rows=1 width=10)
	        Index Cond: (id = 3787415)

for index_updates
table 1 : explain UPDATE sbtest1 SET k=k+1 WHERE id=2134802
	Update on sbtest1  (cost=0.43..8.46 rows=0 width=0)
	  ->  Index Scan using sbtest1_pkey on sbtest1  (cost=0.43..8.46 rows=1 width=10)
	        Index Cond: (id = 2134802)

table 2 : explain UPDATE sbtest2 SET k=k+1 WHERE id=9747193
	Update on sbtest2  (cost=0.43..8.46 rows=0 width=0)
	  ->  Index Scan using sbtest2_pkey on sbtest2  (cost=0.43..8.46 rows=1 width=10)
	        Index Cond: (id = 9747193)

table 3 : explain UPDATE sbtest3 SET k=k+1 WHERE id=877055
	Update on sbtest3  (cost=0.43..8.46 rows=0 width=0)
	  ->  Index Scan using sbtest3_pkey on sbtest3  (cost=0.43..8.46 rows=1 width=10)
	        Index Cond: (id = 877055)

table 4 : explain UPDATE sbtest4 SET k=k+1 WHERE id=2438154
	Update on sbtest4  (cost=0.43..8.46 rows=0 width=0)
	  ->  Index Scan using sbtest4_pkey on sbtest4  (cost=0.43..8.46 rows=1 width=10)
	        Index Cond: (id = 2438154)

table 5 : explain UPDATE sbtest5 SET k=k+1 WHERE id=696210
	Update on sbtest5  (cost=0.43..8.46 rows=0 width=0)
	  ->  Index Scan using sbtest5_pkey on sbtest5  (cost=0.43..8.46 rows=1 width=10)
	        Index Cond: (id = 696210)

table 6 : explain UPDATE sbtest6 SET k=k+1 WHERE id=8714456
	Update on sbtest6  (cost=0.43..8.46 rows=0 width=0)
	  ->  Index Scan using sbtest6_pkey on sbtest6  (cost=0.43..8.46 rows=1 width=10)
	        Index Cond: (id = 8714456)

table 7 : explain UPDATE sbtest7 SET k=k+1 WHERE id=3267124
	Update on sbtest7  (cost=0.43..8.46 rows=0 width=0)
	  ->  Index Scan using sbtest7_pkey on sbtest7  (cost=0.43..8.46 rows=1 width=10)
	        Index Cond: (id = 3267124)

table 8 : explain UPDATE sbtest8 SET k=k+1 WHERE id=2786613
	Update on sbtest8  (cost=0.43..8.46 rows=0 width=0)
	  ->  Index Scan using sbtest8_pkey on sbtest8  (cost=0.43..8.46 rows=1 width=10)
	        Index Cond: (id = 2786613)

explain: for non_index_updates :: explain UPDATE sbtest%u SET c='foobar' WHERE id=%u
for non_index_updates
table 1 : explain UPDATE sbtest1 SET c='foobar' WHERE id=1574462
	Update on sbtest1  (cost=0.43..8.45 rows=0 width=0)
	  ->  Index Scan using sbtest1_pkey on sbtest1  (cost=0.43..8.45 rows=1 width=490)
	        Index Cond: (id = 1574462)

table 2 : explain UPDATE sbtest2 SET c='foobar' WHERE id=566125
	Update on sbtest2  (cost=0.43..8.45 rows=0 width=0)
	  ->  Index Scan using sbtest2_pkey on sbtest2  (cost=0.43..8.45 rows=1 width=490)
	        Index Cond: (id = 566125)

table 3 : explain UPDATE sbtest3 SET c='foobar' WHERE id=9232208
	Update on sbtest3  (cost=0.43..8.45 rows=0 width=0)
	  ->  Index Scan using sbtest3_pkey on sbtest3  (cost=0.43..8.45 rows=1 width=490)
	        Index Cond: (id = 9232208)

table 4 : explain UPDATE sbtest4 SET c='foobar' WHERE id=2736260
	Update on sbtest4  (cost=0.43..8.45 rows=0 width=0)
	  ->  Index Scan using sbtest4_pkey on sbtest4  (cost=0.43..8.45 rows=1 width=490)
	        Index Cond: (id = 2736260)

table 5 : explain UPDATE sbtest5 SET c='foobar' WHERE id=129160
	Update on sbtest5  (cost=0.43..8.45 rows=0 width=0)
	  ->  Index Scan using sbtest5_pkey on sbtest5  (cost=0.43..8.45 rows=1 width=490)
	        Index Cond: (id = 129160)

table 6 : explain UPDATE sbtest6 SET c='foobar' WHERE id=7814730
	Update on sbtest6  (cost=0.43..8.45 rows=0 width=0)
	  ->  Index Scan using sbtest6_pkey on sbtest6  (cost=0.43..8.45 rows=1 width=490)
	        Index Cond: (id = 7814730)

table 7 : explain UPDATE sbtest7 SET c='foobar' WHERE id=3546999
	Update on sbtest7  (cost=0.43..8.45 rows=0 width=0)
	  ->  Index Scan using sbtest7_pkey on sbtest7  (cost=0.43..8.45 rows=1 width=490)
	        Index Cond: (id = 3546999)

table 8 : explain UPDATE sbtest8 SET c='foobar' WHERE id=1069342
	Update on sbtest8  (cost=0.43..8.45 rows=0 width=0)
	  ->  Index Scan using sbtest8_pkey on sbtest8  (cost=0.43..8.45 rows=1 width=490)
	        Index Cond: (id = 1069342)

explain: for inserts :: explain INSERT INTO sbtest%u (id, k, c, pad) VALUES (%u, 13, 'foobar', 'foobar')
for index_updates
table 1 : explain UPDATE sbtest1 SET k=k+1 WHERE id=5384731
	Update on sbtest1  (cost=0.43..8.46 rows=0 width=0)
	  ->  Index Scan using sbtest1_pkey on sbtest1  (cost=0.43..8.46 rows=1 width=10)
	        Index Cond: (id = 5384731)

table 2 : explain UPDATE sbtest2 SET k=k+1 WHERE id=6024443
	Update on sbtest2  (cost=0.43..8.46 rows=0 width=0)
	  ->  Index Scan using sbtest2_pkey on sbtest2  (cost=0.43..8.46 rows=1 width=10)
	        Index Cond: (id = 6024443)

table 3 : explain UPDATE sbtest3 SET k=k+1 WHERE id=6041971
	Update on sbtest3  (cost=0.43..8.46 rows=0 width=0)
	  ->  Index Scan using sbtest3_pkey on sbtest3  (cost=0.43..8.46 rows=1 width=10)
	        Index Cond: (id = 6041971)

table 4 : explain UPDATE sbtest4 SET k=k+1 WHERE id=315646
	Update on sbtest4  (cost=0.43..8.46 rows=0 width=0)
	  ->  Index Scan using sbtest4_pkey on sbtest4  (cost=0.43..8.46 rows=1 width=10)
	        Index Cond: (id = 315646)

table 5 : explain UPDATE sbtest5 SET k=k+1 WHERE id=4808135
	Update on sbtest5  (cost=0.43..8.46 rows=0 width=0)
	  ->  Index Scan using sbtest5_pkey on sbtest5  (cost=0.43..8.46 rows=1 width=10)
	        Index Cond: (id = 4808135)

table 6 : explain UPDATE sbtest6 SET k=k+1 WHERE id=8968078
	Update on sbtest6  (cost=0.43..8.46 rows=0 width=0)
	  ->  Index Scan using sbtest6_pkey on sbtest6  (cost=0.43..8.46 rows=1 width=10)
	        Index Cond: (id = 8968078)

table 7 : explain UPDATE sbtest7 SET k=k+1 WHERE id=1029692
	Update on sbtest7  (cost=0.43..8.46 rows=0 width=0)
	  ->  Index Scan using sbtest7_pkey on sbtest7  (cost=0.43..8.46 rows=1 width=10)
	        Index Cond: (id = 1029692)

table 8 : explain UPDATE sbtest8 SET k=k+1 WHERE id=3607829
	Update on sbtest8  (cost=0.43..8.46 rows=0 width=0)
	  ->  Index Scan using sbtest8_pkey on sbtest8  (cost=0.43..8.46 rows=1 width=10)
	        Index Cond: (id = 3607829)

explain: for deletes :: explain DELETE FROM sbtest%u WHERE id=%u
explain: for non_index_updates :: explain UPDATE sbtest%u SET c='foobar' WHERE id=%u
for non_index_updates
table 1 : explain UPDATE sbtest1 SET c='foobar' WHERE id=617943
	Update on sbtest1  (cost=0.43..8.45 rows=0 width=0)
	  ->  Index Scan using sbtest1_pkey on sbtest1  (cost=0.43..8.45 rows=1 width=490)
	        Index Cond: (id = 617943)

table 2 : explain UPDATE sbtest2 SET c='foobar' WHERE id=4532029
	Update on sbtest2  (cost=0.43..8.45 rows=0 width=0)
	  ->  Index Scan using sbtest2_pkey on sbtest2  (cost=0.43..8.45 rows=1 width=490)
	        Index Cond: (id = 4532029)

table 3 : explain UPDATE sbtest3 SET c='foobar' WHERE id=4016370
	Update on sbtest3  (cost=0.43..8.45 rows=0 width=0)
	  ->  Index Scan using sbtest3_pkey on sbtest3  (cost=0.43..8.45 rows=1 width=490)
	        Index Cond: (id = 4016370)

table 4 : explain UPDATE sbtest4 SET c='foobar' WHERE id=5430343
	Update on sbtest4  (cost=0.43..8.45 rows=0 width=0)
	  ->  Index Scan using sbtest4_pkey on sbtest4  (cost=0.43..8.45 rows=1 width=490)
	        Index Cond: (id = 5430343)

table 5 : explain UPDATE sbtest5 SET c='foobar' WHERE id=599263
	Update on sbtest5  (cost=0.43..8.45 rows=0 width=0)
	  ->  Index Scan using sbtest5_pkey on sbtest5  (cost=0.43..8.45 rows=1 width=490)
	        Index Cond: (id = 599263)

table 6 : explain UPDATE sbtest6 SET c='foobar' WHERE id=1266022
	Update on sbtest6  (cost=0.43..8.45 rows=0 width=0)
	  ->  Index Scan using sbtest6_pkey on sbtest6  (cost=0.43..8.45 rows=1 width=490)
	        Index Cond: (id = 1266022)

table 7 : explain UPDATE sbtest7 SET c='foobar' WHERE id=4012034
	Update on sbtest7  (cost=0.43..8.45 rows=0 width=0)
	  ->  Index Scan using sbtest7_pkey on sbtest7  (cost=0.43..8.45 rows=1 width=490)
	        Index Cond: (id = 4012034)

table 8 : explain UPDATE sbtest8 SET c='foobar' WHERE id=8023721
	Update on sbtest8  (cost=0.43..8.45 rows=0 width=0)
	  ->  Index Scan using sbtest8_pkey on sbtest8  (cost=0.43..8.45 rows=1 width=490)
	        Index Cond: (id = 8023721)

for deletes
table 1 : explain DELETE FROM sbtest1 WHERE id=9906140
	Delete on sbtest1  (cost=0.43..8.45 rows=0 width=0)
	  ->  Index Scan using sbtest1_pkey on sbtest1  (cost=0.43..8.45 rows=1 width=6)
	        Index Cond: (id = 9906140)

table 2 : explain DELETE FROM sbtest2 WHERE id=1567028
	Delete on sbtest2  (cost=0.43..8.45 rows=0 width=0)
	  ->  Index Scan using sbtest2_pkey on sbtest2  (cost=0.43..8.45 rows=1 width=6)
	        Index Cond: (id = 1567028)

table 3 : explain DELETE FROM sbtest3 WHERE id=2285037
	Delete on sbtest3  (cost=0.43..8.45 rows=0 width=0)
	  ->  Index Scan using sbtest3_pkey on sbtest3  (cost=0.43..8.45 rows=1 width=6)
	        Index Cond: (id = 2285037)

table 4 : explain DELETE FROM sbtest4 WHERE id=463233
	Delete on sbtest4  (cost=0.43..8.45 rows=0 width=0)
	  ->  Index Scan using sbtest4_pkey on sbtest4  (cost=0.43..8.45 rows=1 width=6)
	        Index Cond: (id = 463233)

table 5 : explain DELETE FROM sbtest5 WHERE id=8457032
	Delete on sbtest5  (cost=0.43..8.45 rows=0 width=0)
	  ->  Index Scan using sbtest5_pkey on sbtest5  (cost=0.43..8.45 rows=1 width=6)
	        Index Cond: (id = 8457032)

table 6 : explain DELETE FROM sbtest6 WHERE id=8413491
	Delete on sbtest6  (cost=0.43..8.45 rows=0 width=0)
	  ->  Index Scan using sbtest6_pkey on sbtest6  (cost=0.43..8.45 rows=1 width=6)
	        Index Cond: (id = 8413491)

table 7 : explain DELETE FROM sbtest7 WHERE id=6723210
	Delete on sbtest7  (cost=0.43..8.45 rows=0 width=0)
	  ->  Index Scan using sbtest7_pkey on sbtest7  (cost=0.43..8.45 rows=1 width=6)
	        Index Cond: (id = 6723210)

table 8 : explain DELETE FROM sbtest8 WHERE id=1103967
	Delete on sbtest8  (cost=0.43..8.45 rows=0 width=0)
	  ->  Index Scan using sbtest8_pkey on sbtest8  (cost=0.43..8.45 rows=1 width=6)
	        Index Cond: (id = 1103967)

for inserts
table 1 : explain INSERT INTO sbtest1 (id, k, c, pad) VALUES (135413, 13, 'foobar', 'foobar')
	Insert on sbtest1  (cost=0.00..0.01 rows=0 width=0)
	  ->  Result  (cost=0.00..0.01 rows=1 width=736)

table 2 : explain INSERT INTO sbtest2 (id, k, c, pad) VALUES (3680635, 13, 'foobar', 'foobar')
	Insert on sbtest2  (cost=0.00..0.01 rows=0 width=0)
	  ->  Result  (cost=0.00..0.01 rows=1 width=736)

table 3 : explain INSERT INTO sbtest3 (id, k, c, pad) VALUES (1880126, 13, 'foobar', 'foobar')
	Insert on sbtest3  (cost=0.00..0.01 rows=0 width=0)
	  ->  Result  (cost=0.00..0.01 rows=1 width=736)

table 4 : explain INSERT INTO sbtest4 (id, k, c, pad) VALUES (9225745, 13, 'foobar', 'foobar')
	Insert on sbtest4  (cost=0.00..0.01 rows=0 width=0)
	  ->  Result  (cost=0.00..0.01 rows=1 width=736)

table 5 : explain INSERT INTO sbtest5 (id, k, c, pad) VALUES (6425606, 13, 'foobar', 'foobar')
	Insert on sbtest5  (cost=0.00..0.01 rows=0 width=0)
	  ->  Result  (cost=0.00..0.01 rows=1 width=736)

table 6 : explain INSERT INTO sbtest6 (id, k, c, pad) VALUES (4308964, 13, 'foobar', 'foobar')
	Insert on sbtest6  (cost=0.00..0.01 rows=0 width=0)
	  ->  Result  (cost=0.00..0.01 rows=1 width=736)

table 7 : explain INSERT INTO sbtest7 (id, k, c, pad) VALUES (6020390, 13, 'foobar', 'foobar')
	Insert on sbtest7  (cost=0.00..0.01 rows=0 width=0)
	  ->  Result  (cost=0.00..0.01 rows=1 width=736)

table 8 : explain INSERT INTO sbtest8 (id, k, c, pad) VALUES (5938782, 13, 'foobar', 'foobar')
	Insert on sbtest8  (cost=0.00..0.01 rows=0 width=0)
	  ->  Result  (cost=0.00..0.01 rows=1 width=736)

explain: for deletes :: explain DELETE FROM sbtest%u WHERE id=%u
explain: for non_index_updates :: explain UPDATE sbtest%u SET c='foobar' WHERE id=%u
explain: for inserts :: explain INSERT INTO sbtest%u (id, k, c, pad) VALUES (%u, 13, 'foobar', 'foobar')
for deletes
table 1 : explain DELETE FROM sbtest1 WHERE id=989292
	Delete on sbtest1  (cost=0.43..8.45 rows=0 width=0)
	  ->  Index Scan using sbtest1_pkey on sbtest1  (cost=0.43..8.45 rows=1 width=6)
	        Index Cond: (id = 989292)

table 2 : explain DELETE FROM sbtest2 WHERE id=7996918
	Delete on sbtest2  (cost=0.43..8.45 rows=0 width=0)
	  ->  Index Scan using sbtest2_pkey on sbtest2  (cost=0.43..8.45 rows=1 width=6)
	        Index Cond: (id = 7996918)

table 3 : explain DELETE FROM sbtest3 WHERE id=2701012
	Delete on sbtest3  (cost=0.43..8.45 rows=0 width=0)
	  ->  Index Scan using sbtest3_pkey on sbtest3  (cost=0.43..8.45 rows=1 width=6)
	        Index Cond: (id = 2701012)

table 4 : explain DELETE FROM sbtest4 WHERE id=8323209
	Delete on sbtest4  (cost=0.43..8.45 rows=0 width=0)
	  ->  Index Scan using sbtest4_pkey on sbtest4  (cost=0.43..8.45 rows=1 width=6)
	        Index Cond: (id = 8323209)

table 5 : explain DELETE FROM sbtest5 WHERE id=623093
	Delete on sbtest5  (cost=0.43..8.45 rows=0 width=0)
	  ->  Index Scan using sbtest5_pkey on sbtest5  (cost=0.43..8.45 rows=1 width=6)
	        Index Cond: (id = 623093)

table 6 : explain DELETE FROM sbtest6 WHERE id=736604
	Delete on sbtest6  (cost=0.43..8.45 rows=0 width=0)
	  ->  Index Scan using sbtest6_pkey on sbtest6  (cost=0.43..8.45 rows=1 width=6)
	        Index Cond: (id = 736604)

table 7 : explain DELETE FROM sbtest7 WHERE id=2493957
	Delete on sbtest7  (cost=0.43..8.45 rows=0 width=0)
	  ->  Index Scan using sbtest7_pkey on sbtest7  (cost=0.43..8.45 rows=1 width=6)
	        Index Cond: (id = 2493957)

table 8 : explain DELETE FROM sbtest8 WHERE id=4070419
	Delete on sbtest8  (cost=0.43..8.45 rows=0 width=0)
	  ->  Index Scan using sbtest8_pkey on sbtest8  (cost=0.43..8.45 rows=1 width=6)
	        Index Cond: (id = 4070419)

for: distinct_ranges
table 1 : explain SELECT DISTINCT c FROM sbtest1 WHERE id BETWEEN 304253 AND 304262 ORDER BY c
	Unique  (cost=41.16..41.21 rows=10 width=121)
	  ->  Sort  (cost=41.16..41.19 rows=10 width=121)
	        Sort Key: c
	        ->  Index Scan using sbtest1_pkey on sbtest1  (cost=0.43..41.00 rows=10 width=121)
	              Index Cond: ((id >= 304253) AND (id <= 304262))

table 2 : explain SELECT DISTINCT c FROM sbtest2 WHERE id BETWEEN 4102294 AND 4102303 ORDER BY c
	Unique  (cost=41.11..41.16 rows=10 width=121)
	  ->  Sort  (cost=41.11..41.13 rows=10 width=121)
	        Sort Key: c
	        ->  Index Scan using sbtest2_pkey on sbtest2  (cost=0.43..40.94 rows=10 width=121)
	              Index Cond: ((id >= 4102294) AND (id <= 4102303))

table 3 : explain SELECT DISTINCT c FROM sbtest3 WHERE id BETWEEN 6443234 AND 6443243 ORDER BY c
	Unique  (cost=40.71..40.76 rows=10 width=121)
	  ->  Sort  (cost=40.71..40.74 rows=10 width=121)
	        Sort Key: c
	        ->  Index Scan using sbtest3_pkey on sbtest3  (cost=0.43..40.55 rows=10 width=121)
	              Index Cond: ((id >= 6443234) AND (id <= 6443243))

table 4 : explain SELECT DISTINCT c FROM sbtest4 WHERE id BETWEEN 4993061 AND 4993070 ORDER BY c
	Unique  (cost=40.77..40.82 rows=10 width=121)
	  ->  Sort  (cost=40.77..40.79 rows=10 width=121)
	        Sort Key: c
	        ->  Index Scan using sbtest4_pkey on sbtest4  (cost=0.43..40.60 rows=10 width=121)
	              Index Cond: ((id >= 4993061) AND (id <= 4993070))

table 5 : explain SELECT DISTINCT c FROM sbtest5 WHERE id BETWEEN 3915560 AND 3915569 ORDER BY c
	Unique  (cost=40.78..40.83 rows=10 width=121)
	  ->  Sort  (cost=40.78..40.80 rows=10 width=121)
	        Sort Key: c
	        ->  Index Scan using sbtest5_pkey on sbtest5  (cost=0.43..40.61 rows=10 width=121)
	              Index Cond: ((id >= 3915560) AND (id <= 3915569))

table 6 : explain SELECT DISTINCT c FROM sbtest6 WHERE id BETWEEN 7546634 AND 7546643 ORDER BY c
	Unique  (cost=40.80..40.85 rows=10 width=121)
	  ->  Sort  (cost=40.80..40.82 rows=10 width=121)
	        Sort Key: c
	        ->  Index Scan using sbtest6_pkey on sbtest6  (cost=0.43..40.63 rows=10 width=121)
	              Index Cond: ((id >= 7546634) AND (id <= 7546643))

table 7 : explain SELECT DISTINCT c FROM sbtest7 WHERE id BETWEEN 6579039 AND 6579048 ORDER BY c
	Unique  (cost=40.63..40.68 rows=10 width=121)
	  ->  Sort  (cost=40.63..40.65 rows=10 width=121)
	        Sort Key: c
	        ->  Index Scan using sbtest7_pkey on sbtest7  (cost=0.43..40.46 rows=10 width=121)
	              Index Cond: ((id >= 6579039) AND (id <= 6579048))

table 8 : explain SELECT DISTINCT c FROM sbtest8 WHERE id BETWEEN 7934885 AND 7934894 ORDER BY c
	Unique  (cost=44.78..44.84 rows=11 width=121)
	  ->  Sort  (cost=44.78..44.81 rows=11 width=121)
	        Sort Key: c
	        ->  Index Scan using sbtest8_pkey on sbtest8  (cost=0.43..44.59 rows=11 width=121)
	              Index Cond: ((id >= 7934885) AND (id <= 7934894))

for non_index_updates
table 1 : explain UPDATE sbtest1 SET c='foobar' WHERE id=4852552
	Update on sbtest1  (cost=0.43..8.45 rows=0 width=0)
	  ->  Index Scan using sbtest1_pkey on sbtest1  (cost=0.43..8.45 rows=1 width=490)
	        Index Cond: (id = 4852552)

table 2 : explain UPDATE sbtest2 SET c='foobar' WHERE id=8137308
	Update on sbtest2  (cost=0.43..8.45 rows=0 width=0)
	  ->  Index Scan using sbtest2_pkey on sbtest2  (cost=0.43..8.45 rows=1 width=490)
	        Index Cond: (id = 8137308)

table 3 : explain UPDATE sbtest3 SET c='foobar' WHERE id=6262744
	Update on sbtest3  (cost=0.43..8.45 rows=0 width=0)
	  ->  Index Scan using sbtest3_pkey on sbtest3  (cost=0.43..8.45 rows=1 width=490)
	        Index Cond: (id = 6262744)

table 4 : explain UPDATE sbtest4 SET c='foobar' WHERE id=294567
	Update on sbtest4  (cost=0.43..8.45 rows=0 width=0)
	  ->  Index Scan using sbtest4_pkey on sbtest4  (cost=0.43..8.45 rows=1 width=490)
	        Index Cond: (id = 294567)

table 5 : explain UPDATE sbtest5 SET c='foobar' WHERE id=1305519
	Update on sbtest5  (cost=0.43..8.45 rows=0 width=0)
	  ->  Index Scan using sbtest5_pkey on sbtest5  (cost=0.43..8.45 rows=1 width=490)
	        Index Cond: (id = 1305519)

table 6 : explain UPDATE sbtest6 SET c='foobar' WHERE id=4282714
	Update on sbtest6  (cost=0.43..8.45 rows=0 width=0)
	  ->  Index Scan using sbtest6_pkey on sbtest6  (cost=0.43..8.45 rows=1 width=490)
	        Index Cond: (id = 4282714)

table 7 : explain UPDATE sbtest7 SET c='foobar' WHERE id=517408
	Update on sbtest7  (cost=0.43..8.45 rows=0 width=0)
	  ->  Index Scan using sbtest7_pkey on sbtest7  (cost=0.43..8.45 rows=1 width=490)
	        Index Cond: (id = 517408)

table 8 : explain UPDATE sbtest8 SET c='foobar' WHERE id=457071
	Update on sbtest8  (cost=0.43..8.45 rows=0 width=0)
	  ->  Index Scan using sbtest8_pkey on sbtest8  (cost=0.43..8.45 rows=1 width=490)
	        Index Cond: (id = 457071)

explain: for inserts :: explain INSERT INTO sbtest%u (id, k, c, pad) VALUES (%u, 13, 'foobar', 'foobar')
for inserts
table 1 : explain INSERT INTO sbtest1 (id, k, c, pad) VALUES (9185682, 13, 'foobar', 'foobar')
	Insert on sbtest1  (cost=0.00..0.01 rows=0 width=0)
	  ->  Result  (cost=0.00..0.01 rows=1 width=736)

table 2 : explain INSERT INTO sbtest2 (id, k, c, pad) VALUES (2304804, 13, 'foobar', 'foobar')
	Insert on sbtest2  (cost=0.00..0.01 rows=0 width=0)
	  ->  Result  (cost=0.00..0.01 rows=1 width=736)

table 3 : explain INSERT INTO sbtest3 (id, k, c, pad) VALUES (8230128, 13, 'foobar', 'foobar')
	Insert on sbtest3  (cost=0.00..0.01 rows=0 width=0)
	  ->  Result  (cost=0.00..0.01 rows=1 width=736)

table 4 : explain INSERT INTO sbtest4 (id, k, c, pad) VALUES (7837998, 13, 'foobar', 'foobar')
	Insert on sbtest4  (cost=0.00..0.01 rows=0 width=0)
	  ->  Result  (cost=0.00..0.01 rows=1 width=736)

table 5 : explain INSERT INTO sbtest5 (id, k, c, pad) VALUES (1099955, 13, 'foobar', 'foobar')
	Insert on sbtest5  (cost=0.00..0.01 rows=0 width=0)
	  ->  Result  (cost=0.00..0.01 rows=1 width=736)

table 6 : explain INSERT INTO sbtest6 (id, k, c, pad) VALUES (1209738, 13, 'foobar', 'foobar')
	Insert on sbtest6  (cost=0.00..0.01 rows=0 width=0)
	  ->  Result  (cost=0.00..0.01 rows=1 width=736)

table 7 : explain INSERT INTO sbtest7 (id, k, c, pad) VALUES (8058829, 13, 'foobar', 'foobar')
	Insert on sbtest7  (cost=0.00..0.01 rows=0 width=0)
	  ->  Result  (cost=0.00..0.01 rows=1 width=736)

table 8 : explain INSERT INTO sbtest8 (id, k, c, pad) VALUES (1032778, 13, 'foobar', 'foobar')
	Insert on sbtest8  (cost=0.00..0.01 rows=0 width=0)
	  ->  Result  (cost=0.00..0.01 rows=1 width=736)

explain: for index_updates :: explain UPDATE sbtest%u SET k=k+1 WHERE id=%u
for inserts
table 1 : explain INSERT INTO sbtest1 (id, k, c, pad) VALUES (9342788, 13, 'foobar', 'foobar')
	Insert on sbtest1  (cost=0.00..0.01 rows=0 width=0)
	  ->  Result  (cost=0.00..0.01 rows=1 width=736)

table 2 : explain INSERT INTO sbtest2 (id, k, c, pad) VALUES (2901153, 13, 'foobar', 'foobar')
	Insert on sbtest2  (cost=0.00..0.01 rows=0 width=0)
	  ->  Result  (cost=0.00..0.01 rows=1 width=736)

table 3 : explain INSERT INTO sbtest3 (id, k, c, pad) VALUES (4588625, 13, 'foobar', 'foobar')
	Insert on sbtest3  (cost=0.00..0.01 rows=0 width=0)
	  ->  Result  (cost=0.00..0.01 rows=1 width=736)

table 4 : explain INSERT INTO sbtest4 (id, k, c, pad) VALUES (4139797, 13, 'foobar', 'foobar')
	Insert on sbtest4  (cost=0.00..0.01 rows=0 width=0)
	  ->  Result  (cost=0.00..0.01 rows=1 width=736)

table 5 : explain INSERT INTO sbtest5 (id, k, c, pad) VALUES (7635779, 13, 'foobar', 'foobar')
	Insert on sbtest5  (cost=0.00..0.01 rows=0 width=0)
	  ->  Result  (cost=0.00..0.01 rows=1 width=736)

table 6 : explain INSERT INTO sbtest6 (id, k, c, pad) VALUES (6710652, 13, 'foobar', 'foobar')
	Insert on sbtest6  (cost=0.00..0.01 rows=0 width=0)
	  ->  Result  (cost=0.00..0.01 rows=1 width=736)

table 7 : explain INSERT INTO sbtest7 (id, k, c, pad) VALUES (488260, 13, 'foobar', 'foobar')
	Insert on sbtest7  (cost=0.00..0.01 rows=0 width=0)
	  ->  Result  (cost=0.00..0.01 rows=1 width=736)

table 8 : explain INSERT INTO sbtest8 (id, k, c, pad) VALUES (2585058, 13, 'foobar', 'foobar')
	Insert on sbtest8  (cost=0.00..0.01 rows=0 width=0)
	  ->  Result  (cost=0.00..0.01 rows=1 width=736)

for non_index_updates
table 1 : explain UPDATE sbtest1 SET c='foobar' WHERE id=3124097
	Update on sbtest1  (cost=0.43..8.45 rows=0 width=0)
	  ->  Index Scan using sbtest1_pkey on sbtest1  (cost=0.43..8.45 rows=1 width=490)
	        Index Cond: (id = 3124097)

table 2 : explain UPDATE sbtest2 SET c='foobar' WHERE id=6537050
	Update on sbtest2  (cost=0.43..8.45 rows=0 width=0)
	  ->  Index Scan using sbtest2_pkey on sbtest2  (cost=0.43..8.45 rows=1 width=490)
	        Index Cond: (id = 6537050)

table 3 : explain UPDATE sbtest3 SET c='foobar' WHERE id=2950152
	Update on sbtest3  (cost=0.43..8.45 rows=0 width=0)
	  ->  Index Scan using sbtest3_pkey on sbtest3  (cost=0.43..8.45 rows=1 width=490)
	        Index Cond: (id = 2950152)

table 4 : explain UPDATE sbtest4 SET c='foobar' WHERE id=1143292
	Update on sbtest4  (cost=0.43..8.45 rows=0 width=0)
	  ->  Index Scan using sbtest4_pkey on sbtest4  (cost=0.43..8.45 rows=1 width=490)
	        Index Cond: (id = 1143292)

table 5 : explain UPDATE sbtest5 SET c='foobar' WHERE id=4244806
	Update on sbtest5  (cost=0.43..8.45 rows=0 width=0)
	  ->  Index Scan using sbtest5_pkey on sbtest5  (cost=0.43..8.45 rows=1 width=490)
	        Index Cond: (id = 4244806)

table 6 : explain UPDATE sbtest6 SET c='foobar' WHERE id=9648784
	Update on sbtest6  (cost=0.43..8.45 rows=0 width=0)
	  ->  Index Scan using sbtest6_pkey on sbtest6  (cost=0.43..8.45 rows=1 width=490)
	        Index Cond: (id = 9648784)

table 7 : explain UPDATE sbtest7 SET c='foobar' WHERE id=6478650
	Update on sbtest7  (cost=0.43..8.45 rows=0 width=0)
	  ->  Index Scan using sbtest7_pkey on sbtest7  (cost=0.43..8.45 rows=1 width=490)
	        Index Cond: (id = 6478650)

table 8 : explain UPDATE sbtest8 SET c='foobar' WHERE id=5725854
	Update on sbtest8  (cost=0.43..8.45 rows=0 width=0)
	  ->  Index Scan using sbtest8_pkey on sbtest8  (cost=0.43..8.45 rows=1 width=490)
	        Index Cond: (id = 5725854)

explain: for deletes :: explain DELETE FROM sbtest%u WHERE id=%u
explain: for deletes :: explain DELETE FROM sbtest%u WHERE id=%u
for deletes
table 1 : explain DELETE FROM sbtest1 WHERE id=7650013
	Delete on sbtest1  (cost=0.43..8.45 rows=0 width=0)
	  ->  Index Scan using sbtest1_pkey on sbtest1  (cost=0.43..8.45 rows=1 width=6)
	        Index Cond: (id = 7650013)

table 2 : explain DELETE FROM sbtest2 WHERE id=3597010
	Delete on sbtest2  (cost=0.43..8.45 rows=0 width=0)
	  ->  Index Scan using sbtest2_pkey on sbtest2  (cost=0.43..8.45 rows=1 width=6)
	        Index Cond: (id = 3597010)

table 3 : explain DELETE FROM sbtest3 WHERE id=1116358
	Delete on sbtest3  (cost=0.43..8.45 rows=0 width=0)
	  ->  Index Scan using sbtest3_pkey on sbtest3  (cost=0.43..8.45 rows=1 width=6)
	        Index Cond: (id = 1116358)

table 4 : explain DELETE FROM sbtest4 WHERE id=8258913
	Delete on sbtest4  (cost=0.43..8.45 rows=0 width=0)
	  ->  Index Scan using sbtest4_pkey on sbtest4  (cost=0.43..8.45 rows=1 width=6)
	        Index Cond: (id = 8258913)

table 5 : explain DELETE FROM sbtest5 WHERE id=3476634
	Delete on sbtest5  (cost=0.43..8.45 rows=0 width=0)
	  ->  Index Scan using sbtest5_pkey on sbtest5  (cost=0.43..8.45 rows=1 width=6)
	        Index Cond: (id = 3476634)

table 6 : explain DELETE FROM sbtest6 WHERE id=6182503
	Delete on sbtest6  (cost=0.43..8.45 rows=0 width=0)
	  ->  Index Scan using sbtest6_pkey on sbtest6  (cost=0.43..8.45 rows=1 width=6)
	        Index Cond: (id = 6182503)

table 7 : explain DELETE FROM sbtest7 WHERE id=2132065
	Delete on sbtest7  (cost=0.43..8.45 rows=0 width=0)
	  ->  Index Scan using sbtest7_pkey on sbtest7  (cost=0.43..8.45 rows=1 width=6)
	        Index Cond: (id = 2132065)

table 8 : explain DELETE FROM sbtest8 WHERE id=6833253
	Delete on sbtest8  (cost=0.43..8.45 rows=0 width=0)
	  ->  Index Scan using sbtest8_pkey on sbtest8  (cost=0.43..8.45 rows=1 width=6)
	        Index Cond: (id = 6833253)

for index_updates
table 1 : explain UPDATE sbtest1 SET k=k+1 WHERE id=8082536
	Update on sbtest1  (cost=0.43..8.46 rows=0 width=0)
	  ->  Index Scan using sbtest1_pkey on sbtest1  (cost=0.43..8.46 rows=1 width=10)
	        Index Cond: (id = 8082536)

table 2 : explain UPDATE sbtest2 SET k=k+1 WHERE id=8104529
	Update on sbtest2  (cost=0.43..8.46 rows=0 width=0)
	  ->  Index Scan using sbtest2_pkey on sbtest2  (cost=0.43..8.46 rows=1 width=10)
	        Index Cond: (id = 8104529)

table 3 : explain UPDATE sbtest3 SET k=k+1 WHERE id=5789022
	Update on sbtest3  (cost=0.43..8.46 rows=0 width=0)
	  ->  Index Scan using sbtest3_pkey on sbtest3  (cost=0.43..8.46 rows=1 width=10)
	        Index Cond: (id = 5789022)

table 4 : explain UPDATE sbtest4 SET k=k+1 WHERE id=5922634
	Update on sbtest4  (cost=0.43..8.46 rows=0 width=0)
	  ->  Index Scan using sbtest4_pkey on sbtest4  (cost=0.43..8.46 rows=1 width=10)
	        Index Cond: (id = 5922634)

table 5 : explain UPDATE sbtest5 SET k=k+1 WHERE id=4544111
	Update on sbtest5  (cost=0.43..8.46 rows=0 width=0)
	  ->  Index Scan using sbtest5_pkey on sbtest5  (cost=0.43..8.46 rows=1 width=10)
	        Index Cond: (id = 4544111)

table 6 : explain UPDATE sbtest6 SET k=k+1 WHERE id=9792995
	Update on sbtest6  (cost=0.43..8.46 rows=0 width=0)
	  ->  Index Scan using sbtest6_pkey on sbtest6  (cost=0.43..8.46 rows=1 width=10)
	        Index Cond: (id = 9792995)

table 7 : explain UPDATE sbtest7 SET k=k+1 WHERE id=5869934
	Update on sbtest7  (cost=0.43..8.46 rows=0 width=0)
	  ->  Index Scan using sbtest7_pkey on sbtest7  (cost=0.43..8.46 rows=1 width=10)
	        Index Cond: (id = 5869934)

table 8 : explain UPDATE sbtest8 SET k=k+1 WHERE id=2761773
	Update on sbtest8  (cost=0.43..8.46 rows=0 width=0)
	  ->  Index Scan using sbtest8_pkey on sbtest8  (cost=0.43..8.46 rows=1 width=10)
	        Index Cond: (id = 2761773)

for deletes
table 1 : explain DELETE FROM sbtest1 WHERE id=5041723
	Delete on sbtest1  (cost=0.43..8.45 rows=0 width=0)
	  ->  Index Scan using sbtest1_pkey on sbtest1  (cost=0.43..8.45 rows=1 width=6)
	        Index Cond: (id = 5041723)

table 2 : explain DELETE FROM sbtest2 WHERE id=3239694
	Delete on sbtest2  (cost=0.43..8.45 rows=0 width=0)
	  ->  Index Scan using sbtest2_pkey on sbtest2  (cost=0.43..8.45 rows=1 width=6)
	        Index Cond: (id = 3239694)

table 3 : explain DELETE FROM sbtest3 WHERE id=2515535
	Delete on sbtest3  (cost=0.43..8.45 rows=0 width=0)
	  ->  Index Scan using sbtest3_pkey on sbtest3  (cost=0.43..8.45 rows=1 width=6)
	        Index Cond: (id = 2515535)

table 4 : explain DELETE FROM sbtest4 WHERE id=6238877
	Delete on sbtest4  (cost=0.43..8.45 rows=0 width=0)
	  ->  Index Scan using sbtest4_pkey on sbtest4  (cost=0.43..8.45 rows=1 width=6)
	        Index Cond: (id = 6238877)

table 5 : explain DELETE FROM sbtest5 WHERE id=7366893
	Delete on sbtest5  (cost=0.43..8.45 rows=0 width=0)
	  ->  Index Scan using sbtest5_pkey on sbtest5  (cost=0.43..8.45 rows=1 width=6)
	        Index Cond: (id = 7366893)

table 6 : explain DELETE FROM sbtest6 WHERE id=9677226
	Delete on sbtest6  (cost=0.43..8.45 rows=0 width=0)
	  ->  Index Scan using sbtest6_pkey on sbtest6  (cost=0.43..8.45 rows=1 width=6)
	        Index Cond: (id = 9677226)

table 7 : explain DELETE FROM sbtest7 WHERE id=3191950
	Delete on sbtest7  (cost=0.43..8.45 rows=0 width=0)
	  ->  Index Scan using sbtest7_pkey on sbtest7  (cost=0.43..8.45 rows=1 width=6)
	        Index Cond: (id = 3191950)

table 8 : explain DELETE FROM sbtest8 WHERE id=518785
	Delete on sbtest8  (cost=0.43..8.45 rows=0 width=0)
	  ->  Index Scan using sbtest8_pkey on sbtest8  (cost=0.43..8.45 rows=1 width=6)
	        Index Cond: (id = 518785)

explain: for inserts :: explain INSERT INTO sbtest%u (id, k, c, pad) VALUES (%u, 13, 'foobar', 'foobar')
explain: for non_index_updates :: explain UPDATE sbtest%u SET c='foobar' WHERE id=%u
explain: for inserts :: explain INSERT INTO sbtest%u (id, k, c, pad) VALUES (%u, 13, 'foobar', 'foobar')
for non_index_updates
table 1 : explain UPDATE sbtest1 SET c='foobar' WHERE id=9523913
	Update on sbtest1  (cost=0.43..8.45 rows=0 width=0)
	  ->  Index Scan using sbtest1_pkey on sbtest1  (cost=0.43..8.45 rows=1 width=490)
	        Index Cond: (id = 9523913)

table 2 : explain UPDATE sbtest2 SET c='foobar' WHERE id=6515435
	Update on sbtest2  (cost=0.43..8.45 rows=0 width=0)
	  ->  Index Scan using sbtest2_pkey on sbtest2  (cost=0.43..8.45 rows=1 width=490)
	        Index Cond: (id = 6515435)

table 3 : explain UPDATE sbtest3 SET c='foobar' WHERE id=6974349
	Update on sbtest3  (cost=0.43..8.45 rows=0 width=0)
	  ->  Index Scan using sbtest3_pkey on sbtest3  (cost=0.43..8.45 rows=1 width=490)
	        Index Cond: (id = 6974349)

table 4 : explain UPDATE sbtest4 SET c='foobar' WHERE id=3995841
	Update on sbtest4  (cost=0.43..8.45 rows=0 width=0)
	  ->  Index Scan using sbtest4_pkey on sbtest4  (cost=0.43..8.45 rows=1 width=490)
	        Index Cond: (id = 3995841)

table 5 : explain UPDATE sbtest5 SET c='foobar' WHERE id=183518
	Update on sbtest5  (cost=0.43..8.45 rows=0 width=0)
	  ->  Index Scan using sbtest5_pkey on sbtest5  (cost=0.43..8.45 rows=1 width=490)
	        Index Cond: (id = 183518)

table 6 : explain UPDATE sbtest6 SET c='foobar' WHERE id=9863979
	Update on sbtest6  (cost=0.43..8.45 rows=0 width=0)
	  ->  Index Scan using sbtest6_pkey on sbtest6  (cost=0.43..8.45 rows=1 width=490)
	        Index Cond: (id = 9863979)

table 7 : explain UPDATE sbtest7 SET c='foobar' WHERE id=3493799
	Update on sbtest7  (cost=0.43..8.45 rows=0 width=0)
	  ->  Index Scan using sbtest7_pkey on sbtest7  (cost=0.43..8.45 rows=1 width=490)
	        Index Cond: (id = 3493799)

table 8 : explain UPDATE sbtest8 SET c='foobar' WHERE id=9627436
	Update on sbtest8  (cost=0.43..8.45 rows=0 width=0)
	  ->  Index Scan using sbtest8_pkey on sbtest8  (cost=0.43..8.45 rows=1 width=490)
	        Index Cond: (id = 9627436)

for inserts
table 1 : explain INSERT INTO sbtest1 (id, k, c, pad) VALUES (4068942, 13, 'foobar', 'foobar')
	Insert on sbtest1  (cost=0.00..0.01 rows=0 width=0)
	  ->  Result  (cost=0.00..0.01 rows=1 width=736)

table 2 : explain INSERT INTO sbtest2 (id, k, c, pad) VALUES (2516763, 13, 'foobar', 'foobar')
	Insert on sbtest2  (cost=0.00..0.01 rows=0 width=0)
	  ->  Result  (cost=0.00..0.01 rows=1 width=736)

table 3 : explain INSERT INTO sbtest3 (id, k, c, pad) VALUES (4330, 13, 'foobar', 'foobar')
	Insert on sbtest3  (cost=0.00..0.01 rows=0 width=0)
	  ->  Result  (cost=0.00..0.01 rows=1 width=736)

table 4 : explain INSERT INTO sbtest4 (id, k, c, pad) VALUES (7310701, 13, 'foobar', 'foobar')
	Insert on sbtest4  (cost=0.00..0.01 rows=0 width=0)
	  ->  Result  (cost=0.00..0.01 rows=1 width=736)

table 5 : explain INSERT INTO sbtest5 (id, k, c, pad) VALUES (9352057, 13, 'foobar', 'foobar')
	Insert on sbtest5  (cost=0.00..0.01 rows=0 width=0)
	  ->  Result  (cost=0.00..0.01 rows=1 width=736)

table 6 : explain INSERT INTO sbtest6 (id, k, c, pad) VALUES (883882, 13, 'foobar', 'foobar')
	Insert on sbtest6  (cost=0.00..0.01 rows=0 width=0)
	  ->  Result  (cost=0.00..0.01 rows=1 width=736)

table 7 : explain INSERT INTO sbtest7 (id, k, c, pad) VALUES (334286, 13, 'foobar', 'foobar')
	Insert on sbtest7  (cost=0.00..0.01 rows=0 width=0)
	  ->  Result  (cost=0.00..0.01 rows=1 width=736)

table 8 : explain INSERT INTO sbtest8 (id, k, c, pad) VALUES (2893004, 13, 'foobar', 'foobar')
	Insert on sbtest8  (cost=0.00..0.01 rows=0 width=0)
	  ->  Result  (cost=0.00..0.01 rows=1 width=736)

for inserts
table 1 : explain INSERT INTO sbtest1 (id, k, c, pad) VALUES (3758382, 13, 'foobar', 'foobar')
	Insert on sbtest1  (cost=0.00..0.01 rows=0 width=0)
	  ->  Result  (cost=0.00..0.01 rows=1 width=736)

table 2 : explain INSERT INTO sbtest2 (id, k, c, pad) VALUES (8326960, 13, 'foobar', 'foobar')
	Insert on sbtest2  (cost=0.00..0.01 rows=0 width=0)
	  ->  Result  (cost=0.00..0.01 rows=1 width=736)

table 3 : explain INSERT INTO sbtest3 (id, k, c, pad) VALUES (8537147, 13, 'foobar', 'foobar')
	Insert on sbtest3  (cost=0.00..0.01 rows=0 width=0)
	  ->  Result  (cost=0.00..0.01 rows=1 width=736)

table 4 : explain INSERT INTO sbtest4 (id, k, c, pad) VALUES (3157167, 13, 'foobar', 'foobar')
	Insert on sbtest4  (cost=0.00..0.01 rows=0 width=0)
	  ->  Result  (cost=0.00..0.01 rows=1 width=736)

table 5 : explain INSERT INTO sbtest5 (id, k, c, pad) VALUES (3509909, 13, 'foobar', 'foobar')
	Insert on sbtest5  (cost=0.00..0.01 rows=0 width=0)
	  ->  Result  (cost=0.00..0.01 rows=1 width=736)

table 6 : explain INSERT INTO sbtest6 (id, k, c, pad) VALUES (2346982, 13, 'foobar', 'foobar')
	Insert on sbtest6  (cost=0.00..0.01 rows=0 width=0)
	  ->  Result  (cost=0.00..0.01 rows=1 width=736)

table 7 : explain INSERT INTO sbtest7 (id, k, c, pad) VALUES (7588406, 13, 'foobar', 'foobar')
	Insert on sbtest7  (cost=0.00..0.01 rows=0 width=0)
	  ->  Result  (cost=0.00..0.01 rows=1 width=736)

table 8 : explain INSERT INTO sbtest8 (id, k, c, pad) VALUES (3016150, 13, 'foobar', 'foobar')
	Insert on sbtest8  (cost=0.00..0.01 rows=0 width=0)
	  ->  Result  (cost=0.00..0.01 rows=1 width=736)

explain: for deletes :: explain DELETE FROM sbtest%u WHERE id=%u
explain: for point_selects :: explain SELECT c FROM sbtest%u WHERE id=%u
for deletes
table 1 : explain DELETE FROM sbtest1 WHERE id=1957743
	Delete on sbtest1  (cost=0.43..8.45 rows=0 width=0)
	  ->  Index Scan using sbtest1_pkey on sbtest1  (cost=0.43..8.45 rows=1 width=6)
	        Index Cond: (id = 1957743)

table 2 : explain DELETE FROM sbtest2 WHERE id=8173714
	Delete on sbtest2  (cost=0.43..8.45 rows=0 width=0)
	  ->  Index Scan using sbtest2_pkey on sbtest2  (cost=0.43..8.45 rows=1 width=6)
	        Index Cond: (id = 8173714)

table 3 : explain DELETE FROM sbtest3 WHERE id=4250185
	Delete on sbtest3  (cost=0.43..8.45 rows=0 width=0)
	  ->  Index Scan using sbtest3_pkey on sbtest3  (cost=0.43..8.45 rows=1 width=6)
	        Index Cond: (id = 4250185)

table 4 : explain DELETE FROM sbtest4 WHERE id=3643352
	Delete on sbtest4  (cost=0.43..8.45 rows=0 width=0)
	  ->  Index Scan using sbtest4_pkey on sbtest4  (cost=0.43..8.45 rows=1 width=6)
	        Index Cond: (id = 3643352)

table 5 : explain DELETE FROM sbtest5 WHERE id=9899935
	Delete on sbtest5  (cost=0.43..8.45 rows=0 width=0)
	  ->  Index Scan using sbtest5_pkey on sbtest5  (cost=0.43..8.45 rows=1 width=6)
	        Index Cond: (id = 9899935)

table 6 : explain DELETE FROM sbtest6 WHERE id=8569857
	Delete on sbtest6  (cost=0.43..8.45 rows=0 width=0)
	  ->  Index Scan using sbtest6_pkey on sbtest6  (cost=0.43..8.45 rows=1 width=6)
	        Index Cond: (id = 8569857)

table 7 : explain DELETE FROM sbtest7 WHERE id=1219030
	Delete on sbtest7  (cost=0.43..8.45 rows=0 width=0)
	  ->  Index Scan using sbtest7_pkey on sbtest7  (cost=0.43..8.45 rows=1 width=6)
	        Index Cond: (id = 1219030)

table 8 : explain DELETE FROM sbtest8 WHERE id=830070
	Delete on sbtest8  (cost=0.43..8.45 rows=0 width=0)
	  ->  Index Scan using sbtest8_pkey on sbtest8  (cost=0.43..8.45 rows=1 width=6)
	        Index Cond: (id = 830070)

for: sum_ranges
table 1 : explain SELECT SUM(k) FROM sbtest1 WHERE id BETWEEN 7631644 AND 7631653
	Aggregate  (cost=41.02..41.03 rows=1 width=8)
	  ->  Index Scan using sbtest1_pkey on sbtest1  (cost=0.43..41.00 rows=10 width=4)
	        Index Cond: ((id >= 7631644) AND (id <= 7631653))

table 2 : explain SELECT SUM(k) FROM sbtest2 WHERE id BETWEEN 1855601 AND 1855610
	Aggregate  (cost=40.97..40.98 rows=1 width=8)
	  ->  Index Scan using sbtest2_pkey on sbtest2  (cost=0.43..40.94 rows=10 width=4)
	        Index Cond: ((id >= 1855601) AND (id <= 1855610))

table 3 : explain SELECT SUM(k) FROM sbtest3 WHERE id BETWEEN 9695295 AND 9695304
	Aggregate  (cost=40.57..40.58 rows=1 width=8)
	  ->  Index Scan using sbtest3_pkey on sbtest3  (cost=0.43..40.55 rows=10 width=4)
	        Index Cond: ((id >= 9695295) AND (id <= 9695304))

table 4 : explain SELECT SUM(k) FROM sbtest4 WHERE id BETWEEN 9109918 AND 9109927
	Aggregate  (cost=40.63..40.64 rows=1 width=8)
	  ->  Index Scan using sbtest4_pkey on sbtest4  (cost=0.43..40.60 rows=10 width=4)
	        Index Cond: ((id >= 9109918) AND (id <= 9109927))

table 5 : explain SELECT SUM(k) FROM sbtest5 WHERE id BETWEEN 6972074 AND 6972083
	Aggregate  (cost=40.63..40.64 rows=1 width=8)
	  ->  Index Scan using sbtest5_pkey on sbtest5  (cost=0.43..40.61 rows=10 width=4)
	        Index Cond: ((id >= 6972074) AND (id <= 6972083))

table 6 : explain SELECT SUM(k) FROM sbtest6 WHERE id BETWEEN 4245499 AND 4245508
	Aggregate  (cost=44.23..44.24 rows=1 width=8)
	  ->  Index Scan using sbtest6_pkey on sbtest6  (cost=0.43..44.21 rows=11 width=4)
	        Index Cond: ((id >= 4245499) AND (id <= 4245508))

table 7 : explain SELECT SUM(k) FROM sbtest7 WHERE id BETWEEN 3216894 AND 3216903
	Aggregate  (cost=44.05..44.06 rows=1 width=8)
	  ->  Index Scan using sbtest7_pkey on sbtest7  (cost=0.43..44.02 rows=11 width=4)
	        Index Cond: ((id >= 3216894) AND (id <= 3216903))

table 8 : explain SELECT SUM(k) FROM sbtest8 WHERE id BETWEEN 1827331 AND 1827340
	Aggregate  (cost=41.00..41.01 rows=1 width=8)
	  ->  Index Scan using sbtest8_pkey on sbtest8  (cost=0.43..40.98 rows=10 width=4)
	        Index Cond: ((id >= 1827331) AND (id <= 1827340))

explain: for inserts :: explain INSERT INTO sbtest%u (id, k, c, pad) VALUES (%u, 13, 'foobar', 'foobar')
for point_selects
table 1 : explain SELECT c FROM sbtest1 WHERE id=8034225
	Index Scan using sbtest1_pkey on sbtest1  (cost=0.43..8.45 rows=1 width=121)
	  Index Cond: (id = 8034225)

table 2 : explain SELECT c FROM sbtest2 WHERE id=3405394
	Index Scan using sbtest2_pkey on sbtest2  (cost=0.43..8.45 rows=1 width=121)
	  Index Cond: (id = 3405394)

table 3 : explain SELECT c FROM sbtest3 WHERE id=7164403
	Index Scan using sbtest3_pkey on sbtest3  (cost=0.43..8.45 rows=1 width=121)
	  Index Cond: (id = 7164403)

table 4 : explain SELECT c FROM sbtest4 WHERE id=670093
	Index Scan using sbtest4_pkey on sbtest4  (cost=0.43..8.45 rows=1 width=121)
	  Index Cond: (id = 670093)

table 5 : explain SELECT c FROM sbtest5 WHERE id=8804553
	Index Scan using sbtest5_pkey on sbtest5  (cost=0.43..8.45 rows=1 width=121)
	  Index Cond: (id = 8804553)

table 6 : explain SELECT c FROM sbtest6 WHERE id=6861481
	Index Scan using sbtest6_pkey on sbtest6  (cost=0.43..8.45 rows=1 width=121)
	  Index Cond: (id = 6861481)

table 7 : explain SELECT c FROM sbtest7 WHERE id=5844081
	Index Scan using sbtest7_pkey on sbtest7  (cost=0.43..8.45 rows=1 width=121)
	  Index Cond: (id = 5844081)

table 8 : explain SELECT c FROM sbtest8 WHERE id=3843159
	Index Scan using sbtest8_pkey on sbtest8  (cost=0.43..8.45 rows=1 width=121)
	  Index Cond: (id = 3843159)

for: order_ranges
table 1 : explain SELECT c FROM sbtest1 WHERE id BETWEEN 9645677 AND 9645686 ORDER BY c
	Sort  (cost=44.80..44.83 rows=11 width=121)
	  Sort Key: c
	  ->  Index Scan using sbtest1_pkey on sbtest1  (cost=0.43..44.61 rows=11 width=121)
	        Index Cond: ((id >= 9645677) AND (id <= 9645686))

table 2 : explain SELECT c FROM sbtest2 WHERE id BETWEEN 2190287 AND 2190296 ORDER BY c
	Sort  (cost=41.11..41.13 rows=10 width=121)
	  Sort Key: c
	  ->  Index Scan using sbtest2_pkey on sbtest2  (cost=0.43..40.94 rows=10 width=121)
	        Index Cond: ((id >= 2190287) AND (id <= 2190296))

table 3 : explain SELECT c FROM sbtest3 WHERE id BETWEEN 9860932 AND 9860941 ORDER BY c
	Sort  (cost=40.71..40.74 rows=10 width=121)
	  Sort Key: c
	  ->  Index Scan using sbtest3_pkey on sbtest3  (cost=0.43..40.55 rows=10 width=121)
	        Index Cond: ((id >= 9860932) AND (id <= 9860941))

table 4 : explain SELECT c FROM sbtest4 WHERE id BETWEEN 7340030 AND 7340039 ORDER BY c
	Sort  (cost=40.77..40.79 rows=10 width=121)
	  Sort Key: c
	  ->  Index Scan using sbtest4_pkey on sbtest4  (cost=0.43..40.60 rows=10 width=121)
	        Index Cond: ((id >= 7340030) AND (id <= 7340039))

table 5 : explain SELECT c FROM sbtest5 WHERE id BETWEEN 3703156 AND 3703165 ORDER BY c
	Sort  (cost=37.18..37.20 rows=9 width=121)
	  Sort Key: c
	  ->  Index Scan using sbtest5_pkey on sbtest5  (cost=0.43..37.04 rows=9 width=121)
	        Index Cond: ((id >= 3703156) AND (id <= 3703165))

table 6 : explain SELECT c FROM sbtest6 WHERE id BETWEEN 7631367 AND 7631376 ORDER BY c
	Sort  (cost=37.20..37.22 rows=9 width=121)
	  Sort Key: c
	  ->  Index Scan using sbtest6_pkey on sbtest6  (cost=0.43..37.06 rows=9 width=121)
	        Index Cond: ((id >= 7631367) AND (id <= 7631376))

table 7 : explain SELECT c FROM sbtest7 WHERE id BETWEEN 9914443 AND 9914452 ORDER BY c
	Sort  (cost=40.63..40.65 rows=10 width=121)
	  Sort Key: c
	  ->  Index Scan using sbtest7_pkey on sbtest7  (cost=0.43..40.46 rows=10 width=121)
	        Index Cond: ((id >= 9914443) AND (id <= 9914452))

table 8 : explain SELECT c FROM sbtest8 WHERE id BETWEEN 2774712 AND 2774721 ORDER BY c
	Sort  (cost=41.14..41.17 rows=10 width=121)
	  Sort Key: c
	  ->  Index Scan using sbtest8_pkey on sbtest8  (cost=0.43..40.98 rows=10 width=121)
	        Index Cond: ((id >= 2774712) AND (id <= 2774721))

for: simple_ranges
table 1 : explain SELECT c FROM sbtest1 WHERE id BETWEEN 6386823 AND 6386832
	Index Scan using sbtest1_pkey on sbtest1  (cost=0.43..41.00 rows=10 width=121)
	  Index Cond: ((id >= 6386823) AND (id <= 6386832))

table 2 : explain SELECT c FROM sbtest2 WHERE id BETWEEN 306425 AND 306434
	Index Scan using sbtest2_pkey on sbtest2  (cost=0.43..40.94 rows=10 width=121)
	  Index Cond: ((id >= 306425) AND (id <= 306434))

table 3 : explain SELECT c FROM sbtest3 WHERE id BETWEEN 5692337 AND 5692346
	Index Scan using sbtest3_pkey on sbtest3  (cost=0.43..36.98 rows=9 width=121)
	  Index Cond: ((id >= 5692337) AND (id <= 5692346))

table 4 : explain SELECT c FROM sbtest4 WHERE id BETWEEN 4917196 AND 4917205
	Index Scan using sbtest4_pkey on sbtest4  (cost=0.43..40.60 rows=10 width=121)
	  Index Cond: ((id >= 4917196) AND (id <= 4917205))

table 5 : explain SELECT c FROM sbtest5 WHERE id BETWEEN 8841773 AND 8841782
	Index Scan using sbtest5_pkey on sbtest5  (cost=0.43..40.61 rows=10 width=121)
	  Index Cond: ((id >= 8841773) AND (id <= 8841782))

table 6 : explain SELECT c FROM sbtest6 WHERE id BETWEEN 2990513 AND 2990522
	Index Scan using sbtest6_pkey on sbtest6  (cost=0.43..40.63 rows=10 width=121)
	  Index Cond: ((id >= 2990513) AND (id <= 2990522))

table 7 : explain SELECT c FROM sbtest7 WHERE id BETWEEN 5150903 AND 5150912
	Index Scan using sbtest7_pkey on sbtest7  (cost=0.43..36.91 rows=9 width=121)
	  Index Cond: ((id >= 5150903) AND (id <= 5150912))

table 8 : explain SELECT c FROM sbtest8 WHERE id BETWEEN 5268145 AND 5268154
	Index Scan using sbtest8_pkey on sbtest8  (cost=0.43..37.36 rows=9 width=121)
	  Index Cond: ((id >= 5268145) AND (id <= 5268154))

for inserts
table 1 : explain INSERT INTO sbtest1 (id, k, c, pad) VALUES (8350440, 13, 'foobar', 'foobar')
	Insert on sbtest1  (cost=0.00..0.01 rows=0 width=0)
	  ->  Result  (cost=0.00..0.01 rows=1 width=736)

table 2 : explain INSERT INTO sbtest2 (id, k, c, pad) VALUES (3618580, 13, 'foobar', 'foobar')
	Insert on sbtest2  (cost=0.00..0.01 rows=0 width=0)
	  ->  Result  (cost=0.00..0.01 rows=1 width=736)

table 3 : explain INSERT INTO sbtest3 (id, k, c, pad) VALUES (569695, 13, 'foobar', 'foobar')
	Insert on sbtest3  (cost=0.00..0.01 rows=0 width=0)
	  ->  Result  (cost=0.00..0.01 rows=1 width=736)

table 4 : explain INSERT INTO sbtest4 (id, k, c, pad) VALUES (9832917, 13, 'foobar', 'foobar')
	Insert on sbtest4  (cost=0.00..0.01 rows=0 width=0)
	  ->  Result  (cost=0.00..0.01 rows=1 width=736)

table 5 : explain INSERT INTO sbtest5 (id, k, c, pad) VALUES (4707511, 13, 'foobar', 'foobar')
	Insert on sbtest5  (cost=0.00..0.01 rows=0 width=0)
	  ->  Result  (cost=0.00..0.01 rows=1 width=736)

table 6 : explain INSERT INTO sbtest6 (id, k, c, pad) VALUES (781250, 13, 'foobar', 'foobar')
	Insert on sbtest6  (cost=0.00..0.01 rows=0 width=0)
	  ->  Result  (cost=0.00..0.01 rows=1 width=736)

table 7 : explain INSERT INTO sbtest7 (id, k, c, pad) VALUES (875196, 13, 'foobar', 'foobar')
	Insert on sbtest7  (cost=0.00..0.01 rows=0 width=0)
	  ->  Result  (cost=0.00..0.01 rows=1 width=736)

table 8 : explain INSERT INTO sbtest8 (id, k, c, pad) VALUES (2167158, 13, 'foobar', 'foobar')
	Insert on sbtest8  (cost=0.00..0.01 rows=0 width=0)
	  ->  Result  (cost=0.00..0.01 rows=1 width=736)

for: distinct_ranges
table 1 : explain SELECT DISTINCT c FROM sbtest1 WHERE id BETWEEN 9891541 AND 9891550 ORDER BY c
	Unique  (cost=41.16..41.21 rows=10 width=121)
	  ->  Sort  (cost=41.16..41.19 rows=10 width=121)
	        Sort Key: c
	        ->  Index Scan using sbtest1_pkey on sbtest1  (cost=0.43..41.00 rows=10 width=121)
	              Index Cond: ((id >= 9891541) AND (id <= 9891550))

table 2 : explain SELECT DISTINCT c FROM sbtest2 WHERE id BETWEEN 2681138 AND 2681147 ORDER BY c
	Unique  (cost=37.48..37.52 rows=9 width=121)
	  ->  Sort  (cost=37.48..37.50 rows=9 width=121)
	        Sort Key: c
	        ->  Index Scan using sbtest2_pkey on sbtest2  (cost=0.43..37.33 rows=9 width=121)
	              Index Cond: ((id >= 2681138) AND (id <= 2681147))

table 3 : explain SELECT DISTINCT c FROM sbtest3 WHERE id BETWEEN 5254250 AND 5254259 ORDER BY c
	Unique  (cost=44.30..44.36 rows=11 width=121)
	  ->  Sort  (cost=44.30..44.33 rows=11 width=121)
	        Sort Key: c
	        ->  Index Scan using sbtest3_pkey on sbtest3  (cost=0.43..44.11 rows=11 width=121)
	              Index Cond: ((id >= 5254250) AND (id <= 5254259))

table 4 : explain SELECT DISTINCT c FROM sbtest4 WHERE id BETWEEN 1513963 AND 1513972 ORDER BY c
	Unique  (cost=40.77..40.82 rows=10 width=121)
	  ->  Sort  (cost=40.77..40.79 rows=10 width=121)
	        Sort Key: c
	        ->  Index Scan using sbtest4_pkey on sbtest4  (cost=0.43..40.60 rows=10 width=121)
	              Index Cond: ((id >= 1513963) AND (id <= 1513972))

table 5 : explain SELECT DISTINCT c FROM sbtest5 WHERE id BETWEEN 4307274 AND 4307283 ORDER BY c
	Unique  (cost=47.97..48.03 rows=12 width=121)
	  ->  Sort  (cost=47.97..48.00 rows=12 width=121)
	        Sort Key: c
	        ->  Index Scan using sbtest5_pkey on sbtest5  (cost=0.43..47.75 rows=12 width=121)
	              Index Cond: ((id >= 4307274) AND (id <= 4307283))

table 6 : explain SELECT DISTINCT c FROM sbtest6 WHERE id BETWEEN 3008964 AND 3008973 ORDER BY c
	Unique  (cost=44.40..44.45 rows=11 width=121)
	  ->  Sort  (cost=44.40..44.43 rows=11 width=121)
	        Sort Key: c
	        ->  Index Scan using sbtest6_pkey on sbtest6  (cost=0.43..44.21 rows=11 width=121)
	              Index Cond: ((id >= 3008964) AND (id <= 3008973))

table 7 : explain SELECT DISTINCT c FROM sbtest7 WHERE id BETWEEN 5822057 AND 5822066 ORDER BY c
	Unique  (cost=40.63..40.68 rows=10 width=121)
	  ->  Sort  (cost=40.63..40.65 rows=10 width=121)
	        Sort Key: c
	        ->  Index Scan using sbtest7_pkey on sbtest7  (cost=0.43..40.46 rows=10 width=121)
	              Index Cond: ((id >= 5822057) AND (id <= 5822066))

table 8 : explain SELECT DISTINCT c FROM sbtest8 WHERE id BETWEEN 5704881 AND 5704890 ORDER BY c
	Unique  (cost=41.14..41.19 rows=10 width=121)
	  ->  Sort  (cost=41.14..41.17 rows=10 width=121)
	        Sort Key: c
	        ->  Index Scan using sbtest8_pkey on sbtest8  (cost=0.43..40.98 rows=10 width=121)
	              Index Cond: ((id >= 5704881) AND (id <= 5704890))

explain: for index_updates :: explain UPDATE sbtest%u SET k=k+1 WHERE id=%u
for: sum_ranges
table 1 : explain SELECT SUM(k) FROM sbtest1 WHERE id BETWEEN 7695012 AND 7695021
	Aggregate  (cost=41.02..41.03 rows=1 width=8)
	  ->  Index Scan using sbtest1_pkey on sbtest1  (cost=0.43..41.00 rows=10 width=4)
	        Index Cond: ((id >= 7695012) AND (id <= 7695021))

table 2 : explain SELECT SUM(k) FROM sbtest2 WHERE id BETWEEN 3804966 AND 3804975
	Aggregate  (cost=44.58..44.59 rows=1 width=8)
	  ->  Index Scan using sbtest2_pkey on sbtest2  (cost=0.43..44.55 rows=11 width=4)
	        Index Cond: ((id >= 3804966) AND (id <= 3804975))

table 3 : explain SELECT SUM(k) FROM sbtest3 WHERE id BETWEEN 6378628 AND 6378637
	Aggregate  (cost=37.00..37.01 rows=1 width=8)
	  ->  Index Scan using sbtest3_pkey on sbtest3  (cost=0.43..36.98 rows=9 width=4)
	        Index Cond: ((id >= 6378628) AND (id <= 6378637))

table 4 : explain SELECT SUM(k) FROM sbtest4 WHERE id BETWEEN 2346392 AND 2346401
	Aggregate  (cost=40.63..40.64 rows=1 width=8)
	  ->  Index Scan using sbtest4_pkey on sbtest4  (cost=0.43..40.60 rows=10 width=4)
	        Index Cond: ((id >= 2346392) AND (id <= 2346401))

table 5 : explain SELECT SUM(k) FROM sbtest5 WHERE id BETWEEN 9744985 AND 9744994
	Aggregate  (cost=40.63..40.64 rows=1 width=8)
	  ->  Index Scan using sbtest5_pkey on sbtest5  (cost=0.43..40.61 rows=10 width=4)
	        Index Cond: ((id >= 9744985) AND (id <= 9744994))

table 6 : explain SELECT SUM(k) FROM sbtest6 WHERE id BETWEEN 7310663 AND 7310672
	Aggregate  (cost=44.23..44.24 rows=1 width=8)
	  ->  Index Scan using sbtest6_pkey on sbtest6  (cost=0.43..44.21 rows=11 width=4)
	        Index Cond: ((id >= 7310663) AND (id <= 7310672))

table 7 : explain SELECT SUM(k) FROM sbtest7 WHERE id BETWEEN 5512658 AND 5512667
	Aggregate  (cost=36.93..36.94 rows=1 width=8)
	  ->  Index Scan using sbtest7_pkey on sbtest7  (cost=0.43..36.91 rows=9 width=4)
	        Index Cond: ((id >= 5512658) AND (id <= 5512667))

table 8 : explain SELECT SUM(k) FROM sbtest8 WHERE id BETWEEN 9405452 AND 9405461
	Aggregate  (cost=41.00..41.01 rows=1 width=8)
	  ->  Index Scan using sbtest8_pkey on sbtest8  (cost=0.43..40.98 rows=10 width=4)
	        Index Cond: ((id >= 9405452) AND (id <= 9405461))

for index_updates
table 1 : explain UPDATE sbtest1 SET k=k+1 WHERE id=7630471
	Update on sbtest1  (cost=0.43..8.46 rows=0 width=0)
	  ->  Index Scan using sbtest1_pkey on sbtest1  (cost=0.43..8.46 rows=1 width=10)
	        Index Cond: (id = 7630471)

table 2 : explain UPDATE sbtest2 SET k=k+1 WHERE id=6683677
	Update on sbtest2  (cost=0.43..8.46 rows=0 width=0)
	  ->  Index Scan using sbtest2_pkey on sbtest2  (cost=0.43..8.46 rows=1 width=10)
	        Index Cond: (id = 6683677)

table 3 : explain UPDATE sbtest3 SET k=k+1 WHERE id=6626791
	Update on sbtest3  (cost=0.43..8.46 rows=0 width=0)
	  ->  Index Scan using sbtest3_pkey on sbtest3  (cost=0.43..8.46 rows=1 width=10)
	        Index Cond: (id = 6626791)

table 4 : explain UPDATE sbtest4 SET k=k+1 WHERE id=1714807
	Update on sbtest4  (cost=0.43..8.46 rows=0 width=0)
	  ->  Index Scan using sbtest4_pkey on sbtest4  (cost=0.43..8.46 rows=1 width=10)
	        Index Cond: (id = 1714807)

table 5 : explain UPDATE sbtest5 SET k=k+1 WHERE id=18856
	Update on sbtest5  (cost=0.43..8.46 rows=0 width=0)
	  ->  Index Scan using sbtest5_pkey on sbtest5  (cost=0.43..8.46 rows=1 width=10)
	        Index Cond: (id = 18856)

table 6 : explain UPDATE sbtest6 SET k=k+1 WHERE id=6215622
	Update on sbtest6  (cost=0.43..8.46 rows=0 width=0)
	  ->  Index Scan using sbtest6_pkey on sbtest6  (cost=0.43..8.46 rows=1 width=10)
	        Index Cond: (id = 6215622)

table 7 : explain UPDATE sbtest7 SET k=k+1 WHERE id=2413366
	Update on sbtest7  (cost=0.43..8.46 rows=0 width=0)
	  ->  Index Scan using sbtest7_pkey on sbtest7  (cost=0.43..8.46 rows=1 width=10)
	        Index Cond: (id = 2413366)

table 8 : explain UPDATE sbtest8 SET k=k+1 WHERE id=8736552
	Update on sbtest8  (cost=0.43..8.46 rows=0 width=0)
	  ->  Index Scan using sbtest8_pkey on sbtest8  (cost=0.43..8.46 rows=1 width=10)
	        Index Cond: (id = 8736552)

explain: for non_index_updates :: explain UPDATE sbtest%u SET c='foobar' WHERE id=%u
for: order_ranges
table 1 : explain SELECT c FROM sbtest1 WHERE id BETWEEN 6197213 AND 6197222 ORDER BY c
	Sort  (cost=44.80..44.83 rows=11 width=121)
	  Sort Key: c
	  ->  Index Scan using sbtest1_pkey on sbtest1  (cost=0.43..44.61 rows=11 width=121)
	        Index Cond: ((id >= 6197213) AND (id <= 6197222))

table 2 : explain SELECT c FROM sbtest2 WHERE id BETWEEN 2963346 AND 2963355 ORDER BY c
	Sort  (cost=41.11..41.13 rows=10 width=121)
	  Sort Key: c
	  ->  Index Scan using sbtest2_pkey on sbtest2  (cost=0.43..40.94 rows=10 width=121)
	        Index Cond: ((id >= 2963346) AND (id <= 2963355))

table 3 : explain SELECT c FROM sbtest3 WHERE id BETWEEN 5254271 AND 5254280 ORDER BY c
	Sort  (cost=44.30..44.33 rows=11 width=121)
	  Sort Key: c
	  ->  Index Scan using sbtest3_pkey on sbtest3  (cost=0.43..44.11 rows=11 width=121)
	        Index Cond: ((id >= 5254271) AND (id <= 5254280))

table 4 : explain SELECT c FROM sbtest4 WHERE id BETWEEN 9406592 AND 9406601 ORDER BY c
	Sort  (cost=37.17..37.20 rows=9 width=121)
	  Sort Key: c
	  ->  Index Scan using sbtest4_pkey on sbtest4  (cost=0.43..37.03 rows=9 width=121)
	        Index Cond: ((id >= 9406592) AND (id <= 9406601))

table 5 : explain SELECT c FROM sbtest5 WHERE id BETWEEN 4169237 AND 4169246 ORDER BY c
	Sort  (cost=44.37..44.40 rows=11 width=121)
	  Sort Key: c
	  ->  Index Scan using sbtest5_pkey on sbtest5  (cost=0.43..44.18 rows=11 width=121)
	        Index Cond: ((id >= 4169237) AND (id <= 4169246))

table 6 : explain SELECT c FROM sbtest6 WHERE id BETWEEN 8645619 AND 8645628 ORDER BY c
	Sort  (cost=40.80..40.82 rows=10 width=121)
	  Sort Key: c
	  ->  Index Scan using sbtest6_pkey on sbtest6  (cost=0.43..40.63 rows=10 width=121)
	        Index Cond: ((id >= 8645619) AND (id <= 8645628))

table 7 : explain SELECT c FROM sbtest7 WHERE id BETWEEN 7692585 AND 7692594 ORDER BY c
	Sort  (cost=37.05..37.07 rows=9 width=121)
	  Sort Key: c
	  ->  Index Scan using sbtest7_pkey on sbtest7  (cost=0.43..36.91 rows=9 width=121)
	        Index Cond: ((id >= 7692585) AND (id <= 7692594))

table 8 : explain SELECT c FROM sbtest8 WHERE id BETWEEN 7136048 AND 7136057 ORDER BY c
	Sort  (cost=41.14..41.17 rows=10 width=121)
	  Sort Key: c
	  ->  Index Scan using sbtest8_pkey on sbtest8  (cost=0.43..40.98 rows=10 width=121)
	        Index Cond: ((id >= 7136048) AND (id <= 7136057))

for non_index_updates
table 1 : explain UPDATE sbtest1 SET c='foobar' WHERE id=2627263
	Update on sbtest1  (cost=0.43..8.45 rows=0 width=0)
	  ->  Index Scan using sbtest1_pkey on sbtest1  (cost=0.43..8.45 rows=1 width=490)
	        Index Cond: (id = 2627263)

table 2 : explain UPDATE sbtest2 SET c='foobar' WHERE id=5552100
	Update on sbtest2  (cost=0.43..8.45 rows=0 width=0)
	  ->  Index Scan using sbtest2_pkey on sbtest2  (cost=0.43..8.45 rows=1 width=490)
	        Index Cond: (id = 5552100)

table 3 : explain UPDATE sbtest3 SET c='foobar' WHERE id=3153295
	Update on sbtest3  (cost=0.43..8.45 rows=0 width=0)
	  ->  Index Scan using sbtest3_pkey on sbtest3  (cost=0.43..8.45 rows=1 width=490)
	        Index Cond: (id = 3153295)

table 4 : explain UPDATE sbtest4 SET c='foobar' WHERE id=3580603
	Update on sbtest4  (cost=0.43..8.45 rows=0 width=0)
	  ->  Index Scan using sbtest4_pkey on sbtest4  (cost=0.43..8.45 rows=1 width=490)
	        Index Cond: (id = 3580603)

table 5 : explain UPDATE sbtest5 SET c='foobar' WHERE id=9999182
	Update on sbtest5  (cost=0.43..8.45 rows=0 width=0)
	  ->  Index Scan using sbtest5_pkey on sbtest5  (cost=0.43..8.45 rows=1 width=490)
	        Index Cond: (id = 9999182)

table 6 : explain UPDATE sbtest6 SET c='foobar' WHERE id=9944087
	Update on sbtest6  (cost=0.43..8.45 rows=0 width=0)
	  ->  Index Scan using sbtest6_pkey on sbtest6  (cost=0.43..8.45 rows=1 width=490)
	        Index Cond: (id = 9944087)

table 7 : explain UPDATE sbtest7 SET c='foobar' WHERE id=5610935
	Update on sbtest7  (cost=0.43..8.45 rows=0 width=0)
	  ->  Index Scan using sbtest7_pkey on sbtest7  (cost=0.43..8.45 rows=1 width=490)
	        Index Cond: (id = 5610935)

table 8 : explain UPDATE sbtest8 SET c='foobar' WHERE id=6408899
	Update on sbtest8  (cost=0.43..8.45 rows=0 width=0)
	  ->  Index Scan using sbtest8_pkey on sbtest8  (cost=0.43..8.45 rows=1 width=490)
	        Index Cond: (id = 6408899)

explain: for deletes :: explain DELETE FROM sbtest%u WHERE id=%u
for deletes
table 1 : explain DELETE FROM sbtest1 WHERE id=9736567
	Delete on sbtest1  (cost=0.43..8.45 rows=0 width=0)
	  ->  Index Scan using sbtest1_pkey on sbtest1  (cost=0.43..8.45 rows=1 width=6)
	        Index Cond: (id = 9736567)

table 2 : explain DELETE FROM sbtest2 WHERE id=2964234
	Delete on sbtest2  (cost=0.43..8.45 rows=0 width=0)
	  ->  Index Scan using sbtest2_pkey on sbtest2  (cost=0.43..8.45 rows=1 width=6)
	        Index Cond: (id = 2964234)

table 3 : explain DELETE FROM sbtest3 WHERE id=2325571
	Delete on sbtest3  (cost=0.43..8.45 rows=0 width=0)
	  ->  Index Scan using sbtest3_pkey on sbtest3  (cost=0.43..8.45 rows=1 width=6)
	        Index Cond: (id = 2325571)

table 4 : explain DELETE FROM sbtest4 WHERE id=465087
	Delete on sbtest4  (cost=0.43..8.45 rows=0 width=0)
	  ->  Index Scan using sbtest4_pkey on sbtest4  (cost=0.43..8.45 rows=1 width=6)
	        Index Cond: (id = 465087)

table 5 : explain DELETE FROM sbtest5 WHERE id=9274530
	Delete on sbtest5  (cost=0.43..8.45 rows=0 width=0)
	  ->  Index Scan using sbtest5_pkey on sbtest5  (cost=0.43..8.45 rows=1 width=6)
	        Index Cond: (id = 9274530)

table 6 : explain DELETE FROM sbtest6 WHERE id=6935060
	Delete on sbtest6  (cost=0.43..8.45 rows=0 width=0)
	  ->  Index Scan using sbtest6_pkey on sbtest6  (cost=0.43..8.45 rows=1 width=6)
	        Index Cond: (id = 6935060)

table 7 : explain DELETE FROM sbtest7 WHERE id=3789712
	Delete on sbtest7  (cost=0.43..8.45 rows=0 width=0)
	  ->  Index Scan using sbtest7_pkey on sbtest7  (cost=0.43..8.45 rows=1 width=6)
	        Index Cond: (id = 3789712)

table 8 : explain DELETE FROM sbtest8 WHERE id=8830981
	Delete on sbtest8  (cost=0.43..8.45 rows=0 width=0)
	  ->  Index Scan using sbtest8_pkey on sbtest8  (cost=0.43..8.45 rows=1 width=6)
	        Index Cond: (id = 8830981)

for: distinct_ranges
table 1 : explain SELECT DISTINCT c FROM sbtest1 WHERE id BETWEEN 8866231 AND 8866240 ORDER BY c
	Unique  (cost=41.16..41.21 rows=10 width=121)
	  ->  Sort  (cost=41.16..41.19 rows=10 width=121)
	        Sort Key: c
	        ->  Index Scan using sbtest1_pkey on sbtest1  (cost=0.43..41.00 rows=10 width=121)
	              Index Cond: ((id >= 8866231) AND (id <= 8866240))

table 2 : explain SELECT DISTINCT c FROM sbtest2 WHERE id BETWEEN 1022530 AND 1022539 ORDER BY c
	Unique  (cost=41.11..41.16 rows=10 width=121)
	  ->  Sort  (cost=41.11..41.13 rows=10 width=121)
	        Sort Key: c
	        ->  Index Scan using sbtest2_pkey on sbtest2  (cost=0.43..40.94 rows=10 width=121)
	              Index Cond: ((id >= 1022530) AND (id <= 1022539))

table 3 : explain SELECT DISTINCT c FROM sbtest3 WHERE id BETWEEN 7250165 AND 7250174 ORDER BY c
	Unique  (cost=40.71..40.76 rows=10 width=121)
	  ->  Sort  (cost=40.71..40.74 rows=10 width=121)
	        Sort Key: c
	        ->  Index Scan using sbtest3_pkey on sbtest3  (cost=0.43..40.55 rows=10 width=121)
	              Index Cond: ((id >= 7250165) AND (id <= 7250174))

table 4 : explain SELECT DISTINCT c FROM sbtest4 WHERE id BETWEEN 6522632 AND 6522641 ORDER BY c
	Unique  (cost=44.37..44.42 rows=11 width=121)
	  ->  Sort  (cost=44.37..44.39 rows=11 width=121)
	        Sort Key: c
	        ->  Index Scan using sbtest4_pkey on sbtest4  (cost=0.43..44.18 rows=11 width=121)
	              Index Cond: ((id >= 6522632) AND (id <= 6522641))

table 5 : explain SELECT DISTINCT c FROM sbtest5 WHERE id BETWEEN 925230 AND 925239 ORDER BY c
	Unique  (cost=40.78..40.83 rows=10 width=121)
	  ->  Sort  (cost=40.78..40.80 rows=10 width=121)
	        Sort Key: c
	        ->  Index Scan using sbtest5_pkey on sbtest5  (cost=0.43..40.61 rows=10 width=121)
	              Index Cond: ((id >= 925230) AND (id <= 925239))

table 6 : explain SELECT DISTINCT c FROM sbtest6 WHERE id BETWEEN 6718554 AND 6718563 ORDER BY c
	Unique  (cost=44.40..44.45 rows=11 width=121)
	  ->  Sort  (cost=44.40..44.43 rows=11 width=121)
	        Sort Key: c
	        ->  Index Scan using sbtest6_pkey on sbtest6  (cost=0.43..44.21 rows=11 width=121)
	              Index Cond: ((id >= 6718554) AND (id <= 6718563))

table 7 : explain SELECT DISTINCT c FROM sbtest7 WHERE id BETWEEN 5517491 AND 5517500 ORDER BY c
	Unique  (cost=37.05..37.09 rows=9 width=121)
	  ->  Sort  (cost=37.05..37.07 rows=9 width=121)
	        Sort Key: c
	        ->  Index Scan using sbtest7_pkey on sbtest7  (cost=0.43..36.91 rows=9 width=121)
	              Index Cond: ((id >= 5517491) AND (id <= 5517500))

table 8 : explain SELECT DISTINCT c FROM sbtest8 WHERE id BETWEEN 4686724 AND 4686733 ORDER BY c
	Unique  (cost=41.14..41.19 rows=10 width=121)
	  ->  Sort  (cost=41.14..41.17 rows=10 width=121)
	        Sort Key: c
	        ->  Index Scan using sbtest8_pkey on sbtest8  (cost=0.43..40.98 rows=10 width=121)
	              Index Cond: ((id >= 4686724) AND (id <= 4686733))

explain: for inserts :: explain INSERT INTO sbtest%u (id, k, c, pad) VALUES (%u, 13, 'foobar', 'foobar')
explain: for index_updates :: explain UPDATE sbtest%u SET k=k+1 WHERE id=%u
for inserts
table 1 : explain INSERT INTO sbtest1 (id, k, c, pad) VALUES (3281678, 13, 'foobar', 'foobar')
	Insert on sbtest1  (cost=0.00..0.01 rows=0 width=0)
	  ->  Result  (cost=0.00..0.01 rows=1 width=736)

table 2 : explain INSERT INTO sbtest2 (id, k, c, pad) VALUES (7633754, 13, 'foobar', 'foobar')
	Insert on sbtest2  (cost=0.00..0.01 rows=0 width=0)
	  ->  Result  (cost=0.00..0.01 rows=1 width=736)

table 3 : explain INSERT INTO sbtest3 (id, k, c, pad) VALUES (7399031, 13, 'foobar', 'foobar')
	Insert on sbtest3  (cost=0.00..0.01 rows=0 width=0)
	  ->  Result  (cost=0.00..0.01 rows=1 width=736)

table 4 : explain INSERT INTO sbtest4 (id, k, c, pad) VALUES (181904, 13, 'foobar', 'foobar')
	Insert on sbtest4  (cost=0.00..0.01 rows=0 width=0)
	  ->  Result  (cost=0.00..0.01 rows=1 width=736)

table 5 : explain INSERT INTO sbtest5 (id, k, c, pad) VALUES (1005485, 13, 'foobar', 'foobar')
	Insert on sbtest5  (cost=0.00..0.01 rows=0 width=0)
	  ->  Result  (cost=0.00..0.01 rows=1 width=736)

table 6 : explain INSERT INTO sbtest6 (id, k, c, pad) VALUES (7437619, 13, 'foobar', 'foobar')
	Insert on sbtest6  (cost=0.00..0.01 rows=0 width=0)
	  ->  Result  (cost=0.00..0.01 rows=1 width=736)

table 7 : explain INSERT INTO sbtest7 (id, k, c, pad) VALUES (9065744, 13, 'foobar', 'foobar')
	Insert on sbtest7  (cost=0.00..0.01 rows=0 width=0)
	  ->  Result  (cost=0.00..0.01 rows=1 width=736)

table 8 : explain INSERT INTO sbtest8 (id, k, c, pad) VALUES (4993873, 13, 'foobar', 'foobar')
	Insert on sbtest8  (cost=0.00..0.01 rows=0 width=0)
	  ->  Result  (cost=0.00..0.01 rows=1 width=736)

for index_updates
table 1 : explain UPDATE sbtest1 SET k=k+1 WHERE id=7919879
	Update on sbtest1  (cost=0.43..8.46 rows=0 width=0)
	  ->  Index Scan using sbtest1_pkey on sbtest1  (cost=0.43..8.46 rows=1 width=10)
	        Index Cond: (id = 7919879)

table 2 : explain UPDATE sbtest2 SET k=k+1 WHERE id=7130143
	Update on sbtest2  (cost=0.43..8.46 rows=0 width=0)
	  ->  Index Scan using sbtest2_pkey on sbtest2  (cost=0.43..8.46 rows=1 width=10)
	        Index Cond: (id = 7130143)

table 3 : explain UPDATE sbtest3 SET k=k+1 WHERE id=6777624
	Update on sbtest3  (cost=0.43..8.46 rows=0 width=0)
	  ->  Index Scan using sbtest3_pkey on sbtest3  (cost=0.43..8.46 rows=1 width=10)
	        Index Cond: (id = 6777624)

table 4 : explain UPDATE sbtest4 SET k=k+1 WHERE id=5750760
	Update on sbtest4  (cost=0.43..8.46 rows=0 width=0)
	  ->  Index Scan using sbtest4_pkey on sbtest4  (cost=0.43..8.46 rows=1 width=10)
	        Index Cond: (id = 5750760)

table 5 : explain UPDATE sbtest5 SET k=k+1 WHERE id=6491375
	Update on sbtest5  (cost=0.43..8.46 rows=0 width=0)
	  ->  Index Scan using sbtest5_pkey on sbtest5  (cost=0.43..8.46 rows=1 width=10)
	        Index Cond: (id = 6491375)

table 6 : explain UPDATE sbtest6 SET k=k+1 WHERE id=2717519
	Update on sbtest6  (cost=0.43..8.46 rows=0 width=0)
	  ->  Index Scan using sbtest6_pkey on sbtest6  (cost=0.43..8.46 rows=1 width=10)
	        Index Cond: (id = 2717519)

table 7 : explain UPDATE sbtest7 SET k=k+1 WHERE id=2202697
	Update on sbtest7  (cost=0.43..8.46 rows=0 width=0)
	  ->  Index Scan using sbtest7_pkey on sbtest7  (cost=0.43..8.46 rows=1 width=10)
	        Index Cond: (id = 2202697)

table 8 : explain UPDATE sbtest8 SET k=k+1 WHERE id=2586396
	Update on sbtest8  (cost=0.43..8.46 rows=0 width=0)
	  ->  Index Scan using sbtest8_pkey on sbtest8  (cost=0.43..8.46 rows=1 width=10)
	        Index Cond: (id = 2586396)

explain: for non_index_updates :: explain UPDATE sbtest%u SET c='foobar' WHERE id=%u
for non_index_updates
table 1 : explain UPDATE sbtest1 SET c='foobar' WHERE id=6016121
	Update on sbtest1  (cost=0.43..8.45 rows=0 width=0)
	  ->  Index Scan using sbtest1_pkey on sbtest1  (cost=0.43..8.45 rows=1 width=490)
	        Index Cond: (id = 6016121)

table 2 : explain UPDATE sbtest2 SET c='foobar' WHERE id=9591024
	Update on sbtest2  (cost=0.43..8.45 rows=0 width=0)
	  ->  Index Scan using sbtest2_pkey on sbtest2  (cost=0.43..8.45 rows=1 width=490)
	        Index Cond: (id = 9591024)

table 3 : explain UPDATE sbtest3 SET c='foobar' WHERE id=8995077
	Update on sbtest3  (cost=0.43..8.45 rows=0 width=0)
	  ->  Index Scan using sbtest3_pkey on sbtest3  (cost=0.43..8.45 rows=1 width=490)
	        Index Cond: (id = 8995077)

table 4 : explain UPDATE sbtest4 SET c='foobar' WHERE id=2914991
	Update on sbtest4  (cost=0.43..8.45 rows=0 width=0)
	  ->  Index Scan using sbtest4_pkey on sbtest4  (cost=0.43..8.45 rows=1 width=490)
	        Index Cond: (id = 2914991)

table 5 : explain UPDATE sbtest5 SET c='foobar' WHERE id=4516792
	Update on sbtest5  (cost=0.43..8.45 rows=0 width=0)
	  ->  Index Scan using sbtest5_pkey on sbtest5  (cost=0.43..8.45 rows=1 width=490)
	        Index Cond: (id = 4516792)

table 6 : explain UPDATE sbtest6 SET c='foobar' WHERE id=7704204
	Update on sbtest6  (cost=0.43..8.45 rows=0 width=0)
	  ->  Index Scan using sbtest6_pkey on sbtest6  (cost=0.43..8.45 rows=1 width=490)
	        Index Cond: (id = 7704204)

table 7 : explain UPDATE sbtest7 SET c='foobar' WHERE id=6570598
	Update on sbtest7  (cost=0.43..8.45 rows=0 width=0)
	  ->  Index Scan using sbtest7_pkey on sbtest7  (cost=0.43..8.45 rows=1 width=490)
	        Index Cond: (id = 6570598)

table 8 : explain UPDATE sbtest8 SET c='foobar' WHERE id=5416327
	Update on sbtest8  (cost=0.43..8.45 rows=0 width=0)
	  ->  Index Scan using sbtest8_pkey on sbtest8  (cost=0.43..8.45 rows=1 width=490)
	        Index Cond: (id = 5416327)

explain: for deletes :: explain DELETE FROM sbtest%u WHERE id=%u
for deletes
table 1 : explain DELETE FROM sbtest1 WHERE id=2795001
	Delete on sbtest1  (cost=0.43..8.45 rows=0 width=0)
	  ->  Index Scan using sbtest1_pkey on sbtest1  (cost=0.43..8.45 rows=1 width=6)
	        Index Cond: (id = 2795001)

table 2 : explain DELETE FROM sbtest2 WHERE id=3012075
	Delete on sbtest2  (cost=0.43..8.45 rows=0 width=0)
	  ->  Index Scan using sbtest2_pkey on sbtest2  (cost=0.43..8.45 rows=1 width=6)
	        Index Cond: (id = 3012075)

table 3 : explain DELETE FROM sbtest3 WHERE id=9856657
	Delete on sbtest3  (cost=0.43..8.45 rows=0 width=0)
	  ->  Index Scan using sbtest3_pkey on sbtest3  (cost=0.43..8.45 rows=1 width=6)
	        Index Cond: (id = 9856657)

table 4 : explain DELETE FROM sbtest4 WHERE id=2743201
	Delete on sbtest4  (cost=0.43..8.45 rows=0 width=0)
	  ->  Index Scan using sbtest4_pkey on sbtest4  (cost=0.43..8.45 rows=1 width=6)
	        Index Cond: (id = 2743201)

table 5 : explain DELETE FROM sbtest5 WHERE id=7026889
	Delete on sbtest5  (cost=0.43..8.45 rows=0 width=0)
	  ->  Index Scan using sbtest5_pkey on sbtest5  (cost=0.43..8.45 rows=1 width=6)
	        Index Cond: (id = 7026889)

table 6 : explain DELETE FROM sbtest6 WHERE id=9475121
	Delete on sbtest6  (cost=0.43..8.45 rows=0 width=0)
	  ->  Index Scan using sbtest6_pkey on sbtest6  (cost=0.43..8.45 rows=1 width=6)
	        Index Cond: (id = 9475121)

table 7 : explain DELETE FROM sbtest7 WHERE id=7019287
	Delete on sbtest7  (cost=0.43..8.45 rows=0 width=0)
	  ->  Index Scan using sbtest7_pkey on sbtest7  (cost=0.43..8.45 rows=1 width=6)
	        Index Cond: (id = 7019287)

table 8 : explain DELETE FROM sbtest8 WHERE id=5092901
	Delete on sbtest8  (cost=0.43..8.45 rows=0 width=0)
	  ->  Index Scan using sbtest8_pkey on sbtest8  (cost=0.43..8.45 rows=1 width=6)
	        Index Cond: (id = 5092901)

explain: for inserts :: explain INSERT INTO sbtest%u (id, k, c, pad) VALUES (%u, 13, 'foobar', 'foobar')
for inserts
table 1 : explain INSERT INTO sbtest1 (id, k, c, pad) VALUES (753267, 13, 'foobar', 'foobar')
	Insert on sbtest1  (cost=0.00..0.01 rows=0 width=0)
	  ->  Result  (cost=0.00..0.01 rows=1 width=736)

table 2 : explain INSERT INTO sbtest2 (id, k, c, pad) VALUES (7055203, 13, 'foobar', 'foobar')
	Insert on sbtest2  (cost=0.00..0.01 rows=0 width=0)
	  ->  Result  (cost=0.00..0.01 rows=1 width=736)

table 3 : explain INSERT INTO sbtest3 (id, k, c, pad) VALUES (8213719, 13, 'foobar', 'foobar')
	Insert on sbtest3  (cost=0.00..0.01 rows=0 width=0)
	  ->  Result  (cost=0.00..0.01 rows=1 width=736)

table 4 : explain INSERT INTO sbtest4 (id, k, c, pad) VALUES (2714544, 13, 'foobar', 'foobar')
	Insert on sbtest4  (cost=0.00..0.01 rows=0 width=0)
	  ->  Result  (cost=0.00..0.01 rows=1 width=736)

table 5 : explain INSERT INTO sbtest5 (id, k, c, pad) VALUES (520287, 13, 'foobar', 'foobar')
	Insert on sbtest5  (cost=0.00..0.01 rows=0 width=0)
	  ->  Result  (cost=0.00..0.01 rows=1 width=736)

table 6 : explain INSERT INTO sbtest6 (id, k, c, pad) VALUES (1376078, 13, 'foobar', 'foobar')
	Insert on sbtest6  (cost=0.00..0.01 rows=0 width=0)
	  ->  Result  (cost=0.00..0.01 rows=1 width=736)

table 7 : explain INSERT INTO sbtest7 (id, k, c, pad) VALUES (6067514, 13, 'foobar', 'foobar')
	Insert on sbtest7  (cost=0.00..0.01 rows=0 width=0)
	  ->  Result  (cost=0.00..0.01 rows=1 width=736)

table 8 : explain INSERT INTO sbtest8 (id, k, c, pad) VALUES (4763067, 13, 'foobar', 'foobar')
	Insert on sbtest8  (cost=0.00..0.01 rows=0 width=0)
	  ->  Result  (cost=0.00..0.01 rows=1 width=736)

Threads started!

Warming up for 5 seconds...

SQL statistics:
    queries performed:
        read:                            479202417
        write:                           136915048
        other:                           68457506
        total:                           684574971
    transactions:                        34228769 (36804.81 per sec.)
    queries:                             684574971 (736095.68 per sec.)
    ignored errors:                      1      (0.00 per sec.)
    reconnects:                          0      (0.00 per sec.)

Throughput:
    events/s (eps):                      36804.8062
    time elapsed:                        930.0086s
    total number of events:              34228769

Latency (ms):
         min:                                    0.86
         avg:                                    1.09
         max:                                   92.42
         95th percentile:                        1.37
         sum:                             37165147.98

Threads fairness:
    events (avg/stddev):           855718.6500/8446.67
    execution time (avg/stddev):   929.1287/0.01

