LUA_PATH=/home/mdcallag/git/mytools/bench/sysbench.lua/lua/?.lua /home/mdcallag/git/mytools/bench/sysbench.lua/lua/sysbench --db-driver=pgsql --range-size=100 --table-size=10000000 --tables=8 --threads=40 --events=0 --warmup-time=5 --time=630 --pgsql_conn_id=true /home/mdcallag/git/mytools/bench/sysbench.lua/lua/oltp_range_covered.lua run --pgsql-user=root --pgsql-password=pw --pgsql-host=127.0.0.1 --pgsql-db=ib --rand-type=uniform --random-points=100 --skip-trx --covered=false
48 CPUs
sysbench 1.1.0-9072687 (using bundled LuaJIT 2.1.0-beta3)

Running the test with following options:
Number of threads: 40
Warmup time: 5s
Initializing random number generator from current time


Initializing worker threads...

explain: for range-notcovered :: explain SELECT id, c FROM sbtest%d WHERE id BETWEEN 6236830 AND 6236930
explain: for range-notcovered :: explain SELECT id, c FROM sbtest%d WHERE id BETWEEN 4880620 AND 4880720
explain: for range-notcovered :: explain SELECT id, c FROM sbtest%d WHERE id BETWEEN 7737347 AND 7737447
for range-notcovered
table 1 : explain SELECT id, c FROM sbtest1 WHERE id BETWEEN 6236830 AND 6236930
	Index Scan using sbtest1_pkey on sbtest1  (cost=0.43..385.39 rows=96 width=125)
	  Index Cond: ((id >= 6236830) AND (id <= 6236930))

table 2 : explain SELECT id, c FROM sbtest2 WHERE id BETWEEN 6236830 AND 6236930
	Index Scan using sbtest2_pkey on sbtest2  (cost=0.43..417.22 rows=104 width=125)
	  Index Cond: ((id >= 6236830) AND (id <= 6236930))

table 3 : explain SELECT id, c FROM sbtest3 WHERE id BETWEEN 6236830 AND 6236930
	Index Scan using sbtest3_pkey on sbtest3  (cost=0.43..401.12 rows=100 width=125)
	  Index Cond: ((id >= 6236830) AND (id <= 6236930))

table 4 : explain SELECT id, c FROM sbtest4 WHERE id BETWEEN 6236830 AND 6236930
	Index Scan using sbtest4_pkey on sbtest4  (cost=0.43..384.38 rows=96 width=125)
	  Index Cond: ((id >= 6236830) AND (id <= 6236930))

table 5 : explain SELECT id, c FROM sbtest5 WHERE id BETWEEN 6236830 AND 6236930
	Index Scan using sbtest5_pkey on sbtest5  (cost=0.43..403.99 rows=101 width=125)
	  Index Cond: ((id >= 6236830) AND (id <= 6236930))

table 6 : explain SELECT id, c FROM sbtest6 WHERE id BETWEEN 6236830 AND 6236930
	Index Scan using sbtest6_pkey on sbtest6  (cost=0.43..380.00 rows=95 width=125)
	  Index Cond: ((id >= 6236830) AND (id <= 6236930))

table 7 : explain SELECT id, c FROM sbtest7 WHERE id BETWEEN 6236830 AND 6236930
	Index Scan using sbtest7_pkey on sbtest7  (cost=0.43..411.34 rows=103 width=125)
	  Index Cond: ((id >= 6236830) AND (id <= 6236930))

table 8 : explain SELECT id, c FROM sbtest8 WHERE id BETWEEN 6236830 AND 6236930
	Index Scan using sbtest8_pkey on sbtest8  (cost=0.43..407.71 rows=102 width=125)
	  Index Cond: ((id >= 6236830) AND (id <= 6236930))

for range-notcovered
table 1 : explain SELECT id, c FROM sbtest1 WHERE id BETWEEN 4880620 AND 4880720
	Index Scan using sbtest1_pkey on sbtest1  (cost=0.43..429.05 rows=107 width=125)
	  Index Cond: ((id >= 4880620) AND (id <= 4880720))

table 2 : explain SELECT id, c FROM sbtest2 WHERE id BETWEEN 4880620 AND 4880720
	Index Scan using sbtest2_pkey on sbtest2  (cost=0.43..448.97 rows=112 width=125)
	  Index Cond: ((id >= 4880620) AND (id <= 4880720))

table 3 : explain SELECT id, c FROM sbtest3 WHERE id BETWEEN 4880620 AND 4880720
	Index Scan using sbtest3_pkey on sbtest3  (cost=0.43..393.19 rows=98 width=125)
	  Index Cond: ((id >= 4880620) AND (id <= 4880720))

table 4 : explain SELECT id, c FROM sbtest4 WHERE id BETWEEN 4880620 AND 4880720
	Index Scan using sbtest4_pkey on sbtest4  (cost=0.43..471.45 rows=118 width=125)
	  Index Cond: ((id >= 4880620) AND (id <= 4880720))

table 5 : explain SELECT id, c FROM sbtest5 WHERE id BETWEEN 4880620 AND 4880720
	Index Scan using sbtest5_pkey on sbtest5  (cost=0.43..400.04 rows=100 width=125)
	  Index Cond: ((id >= 4880620) AND (id <= 4880720))

table 6 : explain SELECT id, c FROM sbtest6 WHERE id BETWEEN 4880620 AND 4880720
	Index Scan using sbtest6_pkey on sbtest6  (cost=0.43..376.05 rows=94 width=125)
	  Index Cond: ((id >= 4880620) AND (id <= 4880720))

table 7 : explain SELECT id, c FROM sbtest7 WHERE id BETWEEN 4880620 AND 4880720
	Index Scan using sbtest7_pkey on sbtest7  (cost=0.43..419.24 rows=105 width=125)
	  Index Cond: ((id >= 4880620) AND (id <= 4880720))

table 8 : explain SELECT id, c FROM sbtest8 WHERE id BETWEEN 4880620 AND 4880720
	Index Scan using sbtest8_pkey on sbtest8  (cost=0.43..399.80 rows=100 width=125)
	  Index Cond: ((id >= 4880620) AND (id <= 4880720))

explain: for range-notcovered :: explain SELECT id, c FROM sbtest%d WHERE id BETWEEN 4880620 AND 4880720
explain: for range-notcovered :: explain SELECT id, c FROM sbtest%d WHERE id BETWEEN 6236830 AND 6236930
explain: for range-notcovered :: explain SELECT id, c FROM sbtest%d WHERE id BETWEEN 4903024 AND 4903124
for range-notcovered
table 1 : explain SELECT id, c FROM sbtest1 WHERE id BETWEEN 6236830 AND 6236930
	Index Scan using sbtest1_pkey on sbtest1  (cost=0.43..385.39 rows=96 width=125)
	  Index Cond: ((id >= 6236830) AND (id <= 6236930))

table 2 : explain SELECT id, c FROM sbtest2 WHERE id BETWEEN 6236830 AND 6236930
	Index Scan using sbtest2_pkey on sbtest2  (cost=0.43..417.22 rows=104 width=125)
	  Index Cond: ((id >= 6236830) AND (id <= 6236930))

table 3 : explain SELECT id, c FROM sbtest3 WHERE id BETWEEN 6236830 AND 6236930
	Index Scan using sbtest3_pkey on sbtest3  (cost=0.43..401.12 rows=100 width=125)
	  Index Cond: ((id >= 6236830) AND (id <= 6236930))

table 4 : explain SELECT id, c FROM sbtest4 WHERE id BETWEEN 6236830 AND 6236930
	Index Scan using sbtest4_pkey on sbtest4  (cost=0.43..384.38 rows=96 width=125)
	  Index Cond: ((id >= 6236830) AND (id <= 6236930))

table 5 : explain SELECT id, c FROM sbtest5 WHERE id BETWEEN 6236830 AND 6236930
	Index Scan using sbtest5_pkey on sbtest5  (cost=0.43..403.99 rows=101 width=125)
	  Index Cond: ((id >= 6236830) AND (id <= 6236930))

table 6 : explain SELECT id, c FROM sbtest6 WHERE id BETWEEN 6236830 AND 6236930
	Index Scan using sbtest6_pkey on sbtest6  (cost=0.43..380.00 rows=95 width=125)
	  Index Cond: ((id >= 6236830) AND (id <= 6236930))

table 7 : explain SELECT id, c FROM sbtest7 WHERE id BETWEEN 6236830 AND 6236930
	Index Scan using sbtest7_pkey on sbtest7  (cost=0.43..411.34 rows=103 width=125)
	  Index Cond: ((id >= 6236830) AND (id <= 6236930))

table 8 : explain SELECT id, c FROM sbtest8 WHERE id BETWEEN 6236830 AND 6236930
	Index Scan using sbtest8_pkey on sbtest8  (cost=0.43..407.71 rows=102 width=125)
	  Index Cond: ((id >= 6236830) AND (id <= 6236930))

explain: for range-notcovered :: explain SELECT id, c FROM sbtest%d WHERE id BETWEEN 3703728 AND 3703828
explain: for range-notcovered :: explain SELECT id, c FROM sbtest%d WHERE id BETWEEN 6236830 AND 6236930
for range-notcovered
table 1 : explain SELECT id, c FROM sbtest1 WHERE id BETWEEN 6236830 AND 6236930
	Index Scan using sbtest1_pkey on sbtest1  (cost=0.43..385.39 rows=96 width=125)
	  Index Cond: ((id >= 6236830) AND (id <= 6236930))

table 2 : explain SELECT id, c FROM sbtest2 WHERE id BETWEEN 6236830 AND 6236930
	Index Scan using sbtest2_pkey on sbtest2  (cost=0.43..417.22 rows=104 width=125)
	  Index Cond: ((id >= 6236830) AND (id <= 6236930))

table 3 : explain SELECT id, c FROM sbtest3 WHERE id BETWEEN 6236830 AND 6236930
	Index Scan using sbtest3_pkey on sbtest3  (cost=0.43..401.12 rows=100 width=125)
	  Index Cond: ((id >= 6236830) AND (id <= 6236930))

table 4 : explain SELECT id, c FROM sbtest4 WHERE id BETWEEN 6236830 AND 6236930
	Index Scan using sbtest4_pkey on sbtest4  (cost=0.43..384.38 rows=96 width=125)
	  Index Cond: ((id >= 6236830) AND (id <= 6236930))

table 5 : explain SELECT id, c FROM sbtest5 WHERE id BETWEEN 6236830 AND 6236930
	Index Scan using sbtest5_pkey on sbtest5  (cost=0.43..403.99 rows=101 width=125)
	  Index Cond: ((id >= 6236830) AND (id <= 6236930))

table 6 : explain SELECT id, c FROM sbtest6 WHERE id BETWEEN 6236830 AND 6236930
	Index Scan using sbtest6_pkey on sbtest6  (cost=0.43..380.00 rows=95 width=125)
	  Index Cond: ((id >= 6236830) AND (id <= 6236930))

table 7 : explain SELECT id, c FROM sbtest7 WHERE id BETWEEN 6236830 AND 6236930
	Index Scan using sbtest7_pkey on sbtest7  (cost=0.43..411.34 rows=103 width=125)
	  Index Cond: ((id >= 6236830) AND (id <= 6236930))

table 8 : explain SELECT id, c FROM sbtest8 WHERE id BETWEEN 6236830 AND 6236930
	Index Scan using sbtest8_pkey on sbtest8  (cost=0.43..407.71 rows=102 width=125)
	  Index Cond: ((id >= 6236830) AND (id <= 6236930))

explain: for range-notcovered :: explain SELECT id, c FROM sbtest%d WHERE id BETWEEN 6236830 AND 6236930
for range-notcovered
table 1 : explain SELECT id, c FROM sbtest1 WHERE id BETWEEN 4880620 AND 4880720
	Index Scan using sbtest1_pkey on sbtest1  (cost=0.43..429.05 rows=107 width=125)
	  Index Cond: ((id >= 4880620) AND (id <= 4880720))

table 2 : explain SELECT id, c FROM sbtest2 WHERE id BETWEEN 4880620 AND 4880720
	Index Scan using sbtest2_pkey on sbtest2  (cost=0.43..448.97 rows=112 width=125)
	  Index Cond: ((id >= 4880620) AND (id <= 4880720))

table 3 : explain SELECT id, c FROM sbtest3 WHERE id BETWEEN 4880620 AND 4880720
	Index Scan using sbtest3_pkey on sbtest3  (cost=0.43..393.19 rows=98 width=125)
	  Index Cond: ((id >= 4880620) AND (id <= 4880720))

table 4 : explain SELECT id, c FROM sbtest4 WHERE id BETWEEN 4880620 AND 4880720
	Index Scan using sbtest4_pkey on sbtest4  (cost=0.43..471.45 rows=118 width=125)
	  Index Cond: ((id >= 4880620) AND (id <= 4880720))

table 5 : explain SELECT id, c FROM sbtest5 WHERE id BETWEEN 4880620 AND 4880720
	Index Scan using sbtest5_pkey on sbtest5  (cost=0.43..400.04 rows=100 width=125)
	  Index Cond: ((id >= 4880620) AND (id <= 4880720))

table 6 : explain SELECT id, c FROM sbtest6 WHERE id BETWEEN 4880620 AND 4880720
	Index Scan using sbtest6_pkey on sbtest6  (cost=0.43..376.05 rows=94 width=125)
	  Index Cond: ((id >= 4880620) AND (id <= 4880720))

table 7 : explain SELECT id, c FROM sbtest7 WHERE id BETWEEN 4880620 AND 4880720
	Index Scan using sbtest7_pkey on sbtest7  (cost=0.43..419.24 rows=105 width=125)
	  Index Cond: ((id >= 4880620) AND (id <= 4880720))

table 8 : explain SELECT id, c FROM sbtest8 WHERE id BETWEEN 4880620 AND 4880720
	Index Scan using sbtest8_pkey on sbtest8  (cost=0.43..399.80 rows=100 width=125)
	  Index Cond: ((id >= 4880620) AND (id <= 4880720))

explain: for range-notcovered :: explain SELECT id, c FROM sbtest%d WHERE id BETWEEN 4880620 AND 4880720
for range-notcovered
table 1 : explain SELECT id, c FROM sbtest1 WHERE id BETWEEN 4880620 AND 4880720
	Index Scan using sbtest1_pkey on sbtest1  (cost=0.43..429.05 rows=107 width=125)
	  Index Cond: ((id >= 4880620) AND (id <= 4880720))

table 2 : explain SELECT id, c FROM sbtest2 WHERE id BETWEEN 4880620 AND 4880720
	Index Scan using sbtest2_pkey on sbtest2  (cost=0.43..448.97 rows=112 width=125)
	  Index Cond: ((id >= 4880620) AND (id <= 4880720))

table 3 : explain SELECT id, c FROM sbtest3 WHERE id BETWEEN 4880620 AND 4880720
	Index Scan using sbtest3_pkey on sbtest3  (cost=0.43..393.19 rows=98 width=125)
	  Index Cond: ((id >= 4880620) AND (id <= 4880720))

table 4 : explain SELECT id, c FROM sbtest4 WHERE id BETWEEN 4880620 AND 4880720
	Index Scan using sbtest4_pkey on sbtest4  (cost=0.43..471.45 rows=118 width=125)
	  Index Cond: ((id >= 4880620) AND (id <= 4880720))

table 5 : explain SELECT id, c FROM sbtest5 WHERE id BETWEEN 4880620 AND 4880720
	Index Scan using sbtest5_pkey on sbtest5  (cost=0.43..400.04 rows=100 width=125)
	  Index Cond: ((id >= 4880620) AND (id <= 4880720))

table 6 : explain SELECT id, c FROM sbtest6 WHERE id BETWEEN 4880620 AND 4880720
	Index Scan using sbtest6_pkey on sbtest6  (cost=0.43..376.05 rows=94 width=125)
	  Index Cond: ((id >= 4880620) AND (id <= 4880720))

table 7 : explain SELECT id, c FROM sbtest7 WHERE id BETWEEN 4880620 AND 4880720
	Index Scan using sbtest7_pkey on sbtest7  (cost=0.43..419.24 rows=105 width=125)
	  Index Cond: ((id >= 4880620) AND (id <= 4880720))

table 8 : explain SELECT id, c FROM sbtest8 WHERE id BETWEEN 4880620 AND 4880720
	Index Scan using sbtest8_pkey on sbtest8  (cost=0.43..399.80 rows=100 width=125)
	  Index Cond: ((id >= 4880620) AND (id <= 4880720))

explain: for range-notcovered :: explain SELECT id, c FROM sbtest%d WHERE id BETWEEN 4880620 AND 4880720
for range-notcovered
table 1 : explain SELECT id, c FROM sbtest1 WHERE id BETWEEN 7737347 AND 7737447
	Index Scan using sbtest1_pkey on sbtest1  (cost=0.43..413.18 rows=103 width=125)
	  Index Cond: ((id >= 7737347) AND (id <= 7737447))

table 2 : explain SELECT id, c FROM sbtest2 WHERE id BETWEEN 7737347 AND 7737447
	Index Scan using sbtest2_pkey on sbtest2  (cost=0.43..397.37 rows=99 width=125)
	  Index Cond: ((id >= 7737347) AND (id <= 7737447))

table 3 : explain SELECT id, c FROM sbtest3 WHERE id BETWEEN 7737347 AND 7737447
	Index Scan using sbtest3_pkey on sbtest3  (cost=0.43..413.03 rows=103 width=125)
	  Index Cond: ((id >= 7737347) AND (id <= 7737447))

table 4 : explain SELECT id, c FROM sbtest4 WHERE id BETWEEN 7737347 AND 7737447
	Index Scan using sbtest4_pkey on sbtest4  (cost=0.43..396.27 rows=99 width=125)
	  Index Cond: ((id >= 7737347) AND (id <= 7737447))

table 5 : explain SELECT id, c FROM sbtest5 WHERE id BETWEEN 7737347 AND 7737447
	Index Scan using sbtest5_pkey on sbtest5  (cost=0.43..435.63 rows=109 width=125)
	  Index Cond: ((id >= 7737347) AND (id <= 7737447))

table 6 : explain SELECT id, c FROM sbtest6 WHERE id BETWEEN 7737347 AND 7737447
	Index Scan using sbtest6_pkey on sbtest6  (cost=0.43..383.95 rows=96 width=125)
	  Index Cond: ((id >= 7737347) AND (id <= 7737447))

table 7 : explain SELECT id, c FROM sbtest7 WHERE id BETWEEN 7737347 AND 7737447
	Index Scan using sbtest7_pkey on sbtest7  (cost=0.43..399.50 rows=100 width=125)
	  Index Cond: ((id >= 7737347) AND (id <= 7737447))

table 8 : explain SELECT id, c FROM sbtest8 WHERE id BETWEEN 7737347 AND 7737447
	Index Scan using sbtest8_pkey on sbtest8  (cost=0.43..372.12 rows=93 width=125)
	  Index Cond: ((id >= 7737347) AND (id <= 7737447))

for range-notcovered
table 1 : explain SELECT id, c FROM sbtest1 WHERE id BETWEEN 4880620 AND 4880720
	Index Scan using sbtest1_pkey on sbtest1  (cost=0.43..429.05 rows=107 width=125)
	  Index Cond: ((id >= 4880620) AND (id <= 4880720))

table 2 : explain SELECT id, c FROM sbtest2 WHERE id BETWEEN 4880620 AND 4880720
	Index Scan using sbtest2_pkey on sbtest2  (cost=0.43..448.97 rows=112 width=125)
	  Index Cond: ((id >= 4880620) AND (id <= 4880720))

table 3 : explain SELECT id, c FROM sbtest3 WHERE id BETWEEN 4880620 AND 4880720
	Index Scan using sbtest3_pkey on sbtest3  (cost=0.43..393.19 rows=98 width=125)
	  Index Cond: ((id >= 4880620) AND (id <= 4880720))

table 4 : explain SELECT id, c FROM sbtest4 WHERE id BETWEEN 4880620 AND 4880720
	Index Scan using sbtest4_pkey on sbtest4  (cost=0.43..471.45 rows=118 width=125)
	  Index Cond: ((id >= 4880620) AND (id <= 4880720))

table 5 : explain SELECT id, c FROM sbtest5 WHERE id BETWEEN 4880620 AND 4880720
	Index Scan using sbtest5_pkey on sbtest5  (cost=0.43..400.04 rows=100 width=125)
	  Index Cond: ((id >= 4880620) AND (id <= 4880720))

table 6 : explain SELECT id, c FROM sbtest6 WHERE id BETWEEN 4880620 AND 4880720
	Index Scan using sbtest6_pkey on sbtest6  (cost=0.43..376.05 rows=94 width=125)
	  Index Cond: ((id >= 4880620) AND (id <= 4880720))

table 7 : explain SELECT id, c FROM sbtest7 WHERE id BETWEEN 4880620 AND 4880720
	Index Scan using sbtest7_pkey on sbtest7  (cost=0.43..419.24 rows=105 width=125)
	  Index Cond: ((id >= 4880620) AND (id <= 4880720))

table 8 : explain SELECT id, c FROM sbtest8 WHERE id BETWEEN 4880620 AND 4880720
	Index Scan using sbtest8_pkey on sbtest8  (cost=0.43..399.80 rows=100 width=125)
	  Index Cond: ((id >= 4880620) AND (id <= 4880720))

explain: for range-notcovered :: explain SELECT id, c FROM sbtest%d WHERE id BETWEEN 7737347 AND 7737447
explain: for range-notcovered :: explain SELECT id, c FROM sbtest%d WHERE id BETWEEN 4880620 AND 4880720
for range-notcovered
table 1 : explain SELECT id, c FROM sbtest1 WHERE id BETWEEN 4880620 AND 4880720
	Index Scan using sbtest1_pkey on sbtest1  (cost=0.43..429.05 rows=107 width=125)
	  Index Cond: ((id >= 4880620) AND (id <= 4880720))

table 2 : explain SELECT id, c FROM sbtest2 WHERE id BETWEEN 4880620 AND 4880720
	Index Scan using sbtest2_pkey on sbtest2  (cost=0.43..448.97 rows=112 width=125)
	  Index Cond: ((id >= 4880620) AND (id <= 4880720))

table 3 : explain SELECT id, c FROM sbtest3 WHERE id BETWEEN 4880620 AND 4880720
	Index Scan using sbtest3_pkey on sbtest3  (cost=0.43..393.19 rows=98 width=125)
	  Index Cond: ((id >= 4880620) AND (id <= 4880720))

table 4 : explain SELECT id, c FROM sbtest4 WHERE id BETWEEN 4880620 AND 4880720
	Index Scan using sbtest4_pkey on sbtest4  (cost=0.43..471.45 rows=118 width=125)
	  Index Cond: ((id >= 4880620) AND (id <= 4880720))

table 5 : explain SELECT id, c FROM sbtest5 WHERE id BETWEEN 4880620 AND 4880720
	Index Scan using sbtest5_pkey on sbtest5  (cost=0.43..400.04 rows=100 width=125)
	  Index Cond: ((id >= 4880620) AND (id <= 4880720))

table 6 : explain SELECT id, c FROM sbtest6 WHERE id BETWEEN 4880620 AND 4880720
	Index Scan using sbtest6_pkey on sbtest6  (cost=0.43..376.05 rows=94 width=125)
	  Index Cond: ((id >= 4880620) AND (id <= 4880720))

table 7 : explain SELECT id, c FROM sbtest7 WHERE id BETWEEN 4880620 AND 4880720
	Index Scan using sbtest7_pkey on sbtest7  (cost=0.43..419.24 rows=105 width=125)
	  Index Cond: ((id >= 4880620) AND (id <= 4880720))

table 8 : explain SELECT id, c FROM sbtest8 WHERE id BETWEEN 4880620 AND 4880720
	Index Scan using sbtest8_pkey on sbtest8  (cost=0.43..399.80 rows=100 width=125)
	  Index Cond: ((id >= 4880620) AND (id <= 4880720))

explain: for range-notcovered :: explain SELECT id, c FROM sbtest%d WHERE id BETWEEN 4880620 AND 4880720
for range-notcovered
table 1 : explain SELECT id, c FROM sbtest1 WHERE id BETWEEN 7737347 AND 7737447
	Index Scan using sbtest1_pkey on sbtest1  (cost=0.43..413.18 rows=103 width=125)
	  Index Cond: ((id >= 7737347) AND (id <= 7737447))

table 2 : explain SELECT id, c FROM sbtest2 WHERE id BETWEEN 7737347 AND 7737447
	Index Scan using sbtest2_pkey on sbtest2  (cost=0.43..397.37 rows=99 width=125)
	  Index Cond: ((id >= 7737347) AND (id <= 7737447))

table 3 : explain SELECT id, c FROM sbtest3 WHERE id BETWEEN 7737347 AND 7737447
	Index Scan using sbtest3_pkey on sbtest3  (cost=0.43..413.03 rows=103 width=125)
	  Index Cond: ((id >= 7737347) AND (id <= 7737447))

table 4 : explain SELECT id, c FROM sbtest4 WHERE id BETWEEN 7737347 AND 7737447
	Index Scan using sbtest4_pkey on sbtest4  (cost=0.43..396.27 rows=99 width=125)
	  Index Cond: ((id >= 7737347) AND (id <= 7737447))

table 5 : explain SELECT id, c FROM sbtest5 WHERE id BETWEEN 7737347 AND 7737447
	Index Scan using sbtest5_pkey on sbtest5  (cost=0.43..435.63 rows=109 width=125)
	  Index Cond: ((id >= 7737347) AND (id <= 7737447))

table 6 : explain SELECT id, c FROM sbtest6 WHERE id BETWEEN 7737347 AND 7737447
	Index Scan using sbtest6_pkey on sbtest6  (cost=0.43..383.95 rows=96 width=125)
	  Index Cond: ((id >= 7737347) AND (id <= 7737447))

table 7 : explain SELECT id, c FROM sbtest7 WHERE id BETWEEN 7737347 AND 7737447
	Index Scan using sbtest7_pkey on sbtest7  (cost=0.43..399.50 rows=100 width=125)
	  Index Cond: ((id >= 7737347) AND (id <= 7737447))

table 8 : explain SELECT id, c FROM sbtest8 WHERE id BETWEEN 7737347 AND 7737447
	Index Scan using sbtest8_pkey on sbtest8  (cost=0.43..372.12 rows=93 width=125)
	  Index Cond: ((id >= 7737347) AND (id <= 7737447))

explain: for range-notcovered :: explain SELECT id, c FROM sbtest%d WHERE id BETWEEN 7737347 AND 7737447
for range-notcovered
table 1 : explain SELECT id, c FROM sbtest1 WHERE id BETWEEN 4880620 AND 4880720
	Index Scan using sbtest1_pkey on sbtest1  (cost=0.43..429.05 rows=107 width=125)
	  Index Cond: ((id >= 4880620) AND (id <= 4880720))

table 2 : explain SELECT id, c FROM sbtest2 WHERE id BETWEEN 4880620 AND 4880720
	Index Scan using sbtest2_pkey on sbtest2  (cost=0.43..448.97 rows=112 width=125)
	  Index Cond: ((id >= 4880620) AND (id <= 4880720))

table 3 : explain SELECT id, c FROM sbtest3 WHERE id BETWEEN 4880620 AND 4880720
	Index Scan using sbtest3_pkey on sbtest3  (cost=0.43..393.19 rows=98 width=125)
	  Index Cond: ((id >= 4880620) AND (id <= 4880720))

table 4 : explain SELECT id, c FROM sbtest4 WHERE id BETWEEN 4880620 AND 4880720
	Index Scan using sbtest4_pkey on sbtest4  (cost=0.43..471.45 rows=118 width=125)
	  Index Cond: ((id >= 4880620) AND (id <= 4880720))

table 5 : explain SELECT id, c FROM sbtest5 WHERE id BETWEEN 4880620 AND 4880720
	Index Scan using sbtest5_pkey on sbtest5  (cost=0.43..400.04 rows=100 width=125)
	  Index Cond: ((id >= 4880620) AND (id <= 4880720))

table 6 : explain SELECT id, c FROM sbtest6 WHERE id BETWEEN 4880620 AND 4880720
	Index Scan using sbtest6_pkey on sbtest6  (cost=0.43..376.05 rows=94 width=125)
	  Index Cond: ((id >= 4880620) AND (id <= 4880720))

table 7 : explain SELECT id, c FROM sbtest7 WHERE id BETWEEN 4880620 AND 4880720
	Index Scan using sbtest7_pkey on sbtest7  (cost=0.43..419.24 rows=105 width=125)
	  Index Cond: ((id >= 4880620) AND (id <= 4880720))

table 8 : explain SELECT id, c FROM sbtest8 WHERE id BETWEEN 4880620 AND 4880720
	Index Scan using sbtest8_pkey on sbtest8  (cost=0.43..399.80 rows=100 width=125)
	  Index Cond: ((id >= 4880620) AND (id <= 4880720))

explain: for range-notcovered :: explain SELECT id, c FROM sbtest%d WHERE id BETWEEN 4880620 AND 4880720
for range-notcovered
table 1 : explain SELECT id, c FROM sbtest1 WHERE id BETWEEN 7737347 AND 7737447
	Index Scan using sbtest1_pkey on sbtest1  (cost=0.43..413.18 rows=103 width=125)
	  Index Cond: ((id >= 7737347) AND (id <= 7737447))

table 2 : explain SELECT id, c FROM sbtest2 WHERE id BETWEEN 7737347 AND 7737447
	Index Scan using sbtest2_pkey on sbtest2  (cost=0.43..397.37 rows=99 width=125)
	  Index Cond: ((id >= 7737347) AND (id <= 7737447))

table 3 : explain SELECT id, c FROM sbtest3 WHERE id BETWEEN 7737347 AND 7737447
	Index Scan using sbtest3_pkey on sbtest3  (cost=0.43..413.03 rows=103 width=125)
	  Index Cond: ((id >= 7737347) AND (id <= 7737447))

table 4 : explain SELECT id, c FROM sbtest4 WHERE id BETWEEN 7737347 AND 7737447
	Index Scan using sbtest4_pkey on sbtest4  (cost=0.43..396.27 rows=99 width=125)
	  Index Cond: ((id >= 7737347) AND (id <= 7737447))

table 5 : explain SELECT id, c FROM sbtest5 WHERE id BETWEEN 7737347 AND 7737447
	Index Scan using sbtest5_pkey on sbtest5  (cost=0.43..435.63 rows=109 width=125)
	  Index Cond: ((id >= 7737347) AND (id <= 7737447))

table 6 : explain SELECT id, c FROM sbtest6 WHERE id BETWEEN 7737347 AND 7737447
	Index Scan using sbtest6_pkey on sbtest6  (cost=0.43..383.95 rows=96 width=125)
	  Index Cond: ((id >= 7737347) AND (id <= 7737447))

table 7 : explain SELECT id, c FROM sbtest7 WHERE id BETWEEN 7737347 AND 7737447
	Index Scan using sbtest7_pkey on sbtest7  (cost=0.43..399.50 rows=100 width=125)
	  Index Cond: ((id >= 7737347) AND (id <= 7737447))

table 8 : explain SELECT id, c FROM sbtest8 WHERE id BETWEEN 7737347 AND 7737447
	Index Scan using sbtest8_pkey on sbtest8  (cost=0.43..372.12 rows=93 width=125)
	  Index Cond: ((id >= 7737347) AND (id <= 7737447))

explain: for range-notcovered :: explain SELECT id, c FROM sbtest%d WHERE id BETWEEN 7737347 AND 7737447
explain: for range-notcovered :: explain SELECT id, c FROM sbtest%d WHERE id BETWEEN 4648080 AND 4648180
for range-notcovered
table 1 : explain SELECT id, c FROM sbtest1 WHERE id BETWEEN 7737347 AND 7737447
	Index Scan using sbtest1_pkey on sbtest1  (cost=0.43..413.18 rows=103 width=125)
	  Index Cond: ((id >= 7737347) AND (id <= 7737447))

table 2 : explain SELECT id, c FROM sbtest2 WHERE id BETWEEN 7737347 AND 7737447
	Index Scan using sbtest2_pkey on sbtest2  (cost=0.43..397.37 rows=99 width=125)
	  Index Cond: ((id >= 7737347) AND (id <= 7737447))

table 3 : explain SELECT id, c FROM sbtest3 WHERE id BETWEEN 7737347 AND 7737447
	Index Scan using sbtest3_pkey on sbtest3  (cost=0.43..413.03 rows=103 width=125)
	  Index Cond: ((id >= 7737347) AND (id <= 7737447))

table 4 : explain SELECT id, c FROM sbtest4 WHERE id BETWEEN 7737347 AND 7737447
	Index Scan using sbtest4_pkey on sbtest4  (cost=0.43..396.27 rows=99 width=125)
	  Index Cond: ((id >= 7737347) AND (id <= 7737447))

table 5 : explain SELECT id, c FROM sbtest5 WHERE id BETWEEN 7737347 AND 7737447
	Index Scan using sbtest5_pkey on sbtest5  (cost=0.43..435.63 rows=109 width=125)
	  Index Cond: ((id >= 7737347) AND (id <= 7737447))

table 6 : explain SELECT id, c FROM sbtest6 WHERE id BETWEEN 7737347 AND 7737447
	Index Scan using sbtest6_pkey on sbtest6  (cost=0.43..383.95 rows=96 width=125)
	  Index Cond: ((id >= 7737347) AND (id <= 7737447))

table 7 : explain SELECT id, c FROM sbtest7 WHERE id BETWEEN 7737347 AND 7737447
	Index Scan using sbtest7_pkey on sbtest7  (cost=0.43..399.50 rows=100 width=125)
	  Index Cond: ((id >= 7737347) AND (id <= 7737447))

table 8 : explain SELECT id, c FROM sbtest8 WHERE id BETWEEN 7737347 AND 7737447
	Index Scan using sbtest8_pkey on sbtest8  (cost=0.43..372.12 rows=93 width=125)
	  Index Cond: ((id >= 7737347) AND (id <= 7737447))

explain: for range-notcovered :: explain SELECT id, c FROM sbtest%d WHERE id BETWEEN 7737347 AND 7737447
explain: for range-notcovered :: explain SELECT id, c FROM sbtest%d WHERE id BETWEEN 8631445 AND 8631545
for range-notcovered
table 1 : explain SELECT id, c FROM sbtest1 WHERE id BETWEEN 7737347 AND 7737447
	Index Scan using sbtest1_pkey on sbtest1  (cost=0.43..413.18 rows=103 width=125)
	  Index Cond: ((id >= 7737347) AND (id <= 7737447))

table 2 : explain SELECT id, c FROM sbtest2 WHERE id BETWEEN 7737347 AND 7737447
	Index Scan using sbtest2_pkey on sbtest2  (cost=0.43..397.37 rows=99 width=125)
	  Index Cond: ((id >= 7737347) AND (id <= 7737447))

table 3 : explain SELECT id, c FROM sbtest3 WHERE id BETWEEN 7737347 AND 7737447
	Index Scan using sbtest3_pkey on sbtest3  (cost=0.43..413.03 rows=103 width=125)
	  Index Cond: ((id >= 7737347) AND (id <= 7737447))

table 4 : explain SELECT id, c FROM sbtest4 WHERE id BETWEEN 7737347 AND 7737447
	Index Scan using sbtest4_pkey on sbtest4  (cost=0.43..396.27 rows=99 width=125)
	  Index Cond: ((id >= 7737347) AND (id <= 7737447))

table 5 : explain SELECT id, c FROM sbtest5 WHERE id BETWEEN 7737347 AND 7737447
	Index Scan using sbtest5_pkey on sbtest5  (cost=0.43..435.63 rows=109 width=125)
	  Index Cond: ((id >= 7737347) AND (id <= 7737447))

table 6 : explain SELECT id, c FROM sbtest6 WHERE id BETWEEN 7737347 AND 7737447
	Index Scan using sbtest6_pkey on sbtest6  (cost=0.43..383.95 rows=96 width=125)
	  Index Cond: ((id >= 7737347) AND (id <= 7737447))

table 7 : explain SELECT id, c FROM sbtest7 WHERE id BETWEEN 7737347 AND 7737447
	Index Scan using sbtest7_pkey on sbtest7  (cost=0.43..399.50 rows=100 width=125)
	  Index Cond: ((id >= 7737347) AND (id <= 7737447))

table 8 : explain SELECT id, c FROM sbtest8 WHERE id BETWEEN 7737347 AND 7737447
	Index Scan using sbtest8_pkey on sbtest8  (cost=0.43..372.12 rows=93 width=125)
	  Index Cond: ((id >= 7737347) AND (id <= 7737447))

explain: for range-notcovered :: explain SELECT id, c FROM sbtest%d WHERE id BETWEEN 7737347 AND 7737447
for range-notcovered
table 1 : explain SELECT id, c FROM sbtest1 WHERE id BETWEEN 7737347 AND 7737447
	Index Scan using sbtest1_pkey on sbtest1  (cost=0.43..413.18 rows=103 width=125)
	  Index Cond: ((id >= 7737347) AND (id <= 7737447))

table 2 : explain SELECT id, c FROM sbtest2 WHERE id BETWEEN 7737347 AND 7737447
	Index Scan using sbtest2_pkey on sbtest2  (cost=0.43..397.37 rows=99 width=125)
	  Index Cond: ((id >= 7737347) AND (id <= 7737447))

table 3 : explain SELECT id, c FROM sbtest3 WHERE id BETWEEN 7737347 AND 7737447
	Index Scan using sbtest3_pkey on sbtest3  (cost=0.43..413.03 rows=103 width=125)
	  Index Cond: ((id >= 7737347) AND (id <= 7737447))

table 4 : explain SELECT id, c FROM sbtest4 WHERE id BETWEEN 7737347 AND 7737447
	Index Scan using sbtest4_pkey on sbtest4  (cost=0.43..396.27 rows=99 width=125)
	  Index Cond: ((id >= 7737347) AND (id <= 7737447))

table 5 : explain SELECT id, c FROM sbtest5 WHERE id BETWEEN 7737347 AND 7737447
	Index Scan using sbtest5_pkey on sbtest5  (cost=0.43..435.63 rows=109 width=125)
	  Index Cond: ((id >= 7737347) AND (id <= 7737447))

table 6 : explain SELECT id, c FROM sbtest6 WHERE id BETWEEN 7737347 AND 7737447
	Index Scan using sbtest6_pkey on sbtest6  (cost=0.43..383.95 rows=96 width=125)
	  Index Cond: ((id >= 7737347) AND (id <= 7737447))

table 7 : explain SELECT id, c FROM sbtest7 WHERE id BETWEEN 7737347 AND 7737447
	Index Scan using sbtest7_pkey on sbtest7  (cost=0.43..399.50 rows=100 width=125)
	  Index Cond: ((id >= 7737347) AND (id <= 7737447))

table 8 : explain SELECT id, c FROM sbtest8 WHERE id BETWEEN 7737347 AND 7737447
	Index Scan using sbtest8_pkey on sbtest8  (cost=0.43..372.12 rows=93 width=125)
	  Index Cond: ((id >= 7737347) AND (id <= 7737447))

explain: for range-notcovered :: explain SELECT id, c FROM sbtest%d WHERE id BETWEEN 7737347 AND 7737447
for range-notcovered
table 1 : explain SELECT id, c FROM sbtest1 WHERE id BETWEEN 3703728 AND 3703828
	Index Scan using sbtest1_pkey on sbtest1  (cost=0.43..436.98 rows=109 width=125)
	  Index Cond: ((id >= 3703728) AND (id <= 3703828))

table 2 : explain SELECT id, c FROM sbtest2 WHERE id BETWEEN 3703728 AND 3703828
	Index Scan using sbtest2_pkey on sbtest2  (cost=0.43..381.50 rows=95 width=125)
	  Index Cond: ((id >= 3703728) AND (id <= 3703828))

table 3 : explain SELECT id, c FROM sbtest3 WHERE id BETWEEN 3703728 AND 3703828
	Index Scan using sbtest3_pkey on sbtest3  (cost=0.43..397.15 rows=99 width=125)
	  Index Cond: ((id >= 3703728) AND (id <= 3703828))

table 4 : explain SELECT id, c FROM sbtest4 WHERE id BETWEEN 3703728 AND 3703828
	Index Scan using sbtest4_pkey on sbtest4  (cost=0.43..380.43 rows=95 width=125)
	  Index Cond: ((id >= 3703728) AND (id <= 3703828))

table 5 : explain SELECT id, c FROM sbtest5 WHERE id BETWEEN 3703728 AND 3703828
	Index Scan using sbtest5_pkey on sbtest5  (cost=0.43..419.81 rows=105 width=125)
	  Index Cond: ((id >= 3703728) AND (id <= 3703828))

table 6 : explain SELECT id, c FROM sbtest6 WHERE id BETWEEN 3703728 AND 3703828
	Index Scan using sbtest6_pkey on sbtest6  (cost=0.43..380.00 rows=95 width=125)
	  Index Cond: ((id >= 3703728) AND (id <= 3703828))

table 7 : explain SELECT id, c FROM sbtest7 WHERE id BETWEEN 3703728 AND 3703828
	Index Scan using sbtest7_pkey on sbtest7  (cost=0.43..395.55 rows=99 width=125)
	  Index Cond: ((id >= 3703728) AND (id <= 3703828))

table 8 : explain SELECT id, c FROM sbtest8 WHERE id BETWEEN 3703728 AND 3703828
	Index Scan using sbtest8_pkey on sbtest8  (cost=0.43..399.80 rows=100 width=125)
	  Index Cond: ((id >= 3703728) AND (id <= 3703828))

explain: for range-notcovered :: explain SELECT id, c FROM sbtest%d WHERE id BETWEEN 5252725 AND 5252825
explain: for range-notcovered :: explain SELECT id, c FROM sbtest%d WHERE id BETWEEN 3703728 AND 3703828
for range-notcovered
table 1 : explain SELECT id, c FROM sbtest1 WHERE id BETWEEN 7737347 AND 7737447
	Index Scan using sbtest1_pkey on sbtest1  (cost=0.43..413.18 rows=103 width=125)
	  Index Cond: ((id >= 7737347) AND (id <= 7737447))

table 2 : explain SELECT id, c FROM sbtest2 WHERE id BETWEEN 7737347 AND 7737447
	Index Scan using sbtest2_pkey on sbtest2  (cost=0.43..397.37 rows=99 width=125)
	  Index Cond: ((id >= 7737347) AND (id <= 7737447))

table 3 : explain SELECT id, c FROM sbtest3 WHERE id BETWEEN 7737347 AND 7737447
	Index Scan using sbtest3_pkey on sbtest3  (cost=0.43..413.03 rows=103 width=125)
	  Index Cond: ((id >= 7737347) AND (id <= 7737447))

table 4 : explain SELECT id, c FROM sbtest4 WHERE id BETWEEN 7737347 AND 7737447
	Index Scan using sbtest4_pkey on sbtest4  (cost=0.43..396.27 rows=99 width=125)
	  Index Cond: ((id >= 7737347) AND (id <= 7737447))

table 5 : explain SELECT id, c FROM sbtest5 WHERE id BETWEEN 7737347 AND 7737447
	Index Scan using sbtest5_pkey on sbtest5  (cost=0.43..435.63 rows=109 width=125)
	  Index Cond: ((id >= 7737347) AND (id <= 7737447))

table 6 : explain SELECT id, c FROM sbtest6 WHERE id BETWEEN 7737347 AND 7737447
	Index Scan using sbtest6_pkey on sbtest6  (cost=0.43..383.95 rows=96 width=125)
	  Index Cond: ((id >= 7737347) AND (id <= 7737447))

table 7 : explain SELECT id, c FROM sbtest7 WHERE id BETWEEN 7737347 AND 7737447
	Index Scan using sbtest7_pkey on sbtest7  (cost=0.43..399.50 rows=100 width=125)
	  Index Cond: ((id >= 7737347) AND (id <= 7737447))

table 8 : explain SELECT id, c FROM sbtest8 WHERE id BETWEEN 7737347 AND 7737447
	Index Scan using sbtest8_pkey on sbtest8  (cost=0.43..372.12 rows=93 width=125)
	  Index Cond: ((id >= 7737347) AND (id <= 7737447))

explain: for range-notcovered :: explain SELECT id, c FROM sbtest%d WHERE id BETWEEN 7737347 AND 7737447
for range-notcovered
table 1 : explain SELECT id, c FROM sbtest1 WHERE id BETWEEN 4880620 AND 4880720
	Index Scan using sbtest1_pkey on sbtest1  (cost=0.43..429.05 rows=107 width=125)
	  Index Cond: ((id >= 4880620) AND (id <= 4880720))

table 2 : explain SELECT id, c FROM sbtest2 WHERE id BETWEEN 4880620 AND 4880720
	Index Scan using sbtest2_pkey on sbtest2  (cost=0.43..448.97 rows=112 width=125)
	  Index Cond: ((id >= 4880620) AND (id <= 4880720))

table 3 : explain SELECT id, c FROM sbtest3 WHERE id BETWEEN 4880620 AND 4880720
	Index Scan using sbtest3_pkey on sbtest3  (cost=0.43..393.19 rows=98 width=125)
	  Index Cond: ((id >= 4880620) AND (id <= 4880720))

table 4 : explain SELECT id, c FROM sbtest4 WHERE id BETWEEN 4880620 AND 4880720
	Index Scan using sbtest4_pkey on sbtest4  (cost=0.43..471.45 rows=118 width=125)
	  Index Cond: ((id >= 4880620) AND (id <= 4880720))

table 5 : explain SELECT id, c FROM sbtest5 WHERE id BETWEEN 4880620 AND 4880720
	Index Scan using sbtest5_pkey on sbtest5  (cost=0.43..400.04 rows=100 width=125)
	  Index Cond: ((id >= 4880620) AND (id <= 4880720))

table 6 : explain SELECT id, c FROM sbtest6 WHERE id BETWEEN 4880620 AND 4880720
	Index Scan using sbtest6_pkey on sbtest6  (cost=0.43..376.05 rows=94 width=125)
	  Index Cond: ((id >= 4880620) AND (id <= 4880720))

table 7 : explain SELECT id, c FROM sbtest7 WHERE id BETWEEN 4880620 AND 4880720
	Index Scan using sbtest7_pkey on sbtest7  (cost=0.43..419.24 rows=105 width=125)
	  Index Cond: ((id >= 4880620) AND (id <= 4880720))

table 8 : explain SELECT id, c FROM sbtest8 WHERE id BETWEEN 4880620 AND 4880720
	Index Scan using sbtest8_pkey on sbtest8  (cost=0.43..399.80 rows=100 width=125)
	  Index Cond: ((id >= 4880620) AND (id <= 4880720))

explain: for range-notcovered :: explain SELECT id, c FROM sbtest%d WHERE id BETWEEN 4880620 AND 4880720
for range-notcovered
table 1 : explain SELECT id, c FROM sbtest1 WHERE id BETWEEN 7737347 AND 7737447
	Index Scan using sbtest1_pkey on sbtest1  (cost=0.43..413.18 rows=103 width=125)
	  Index Cond: ((id >= 7737347) AND (id <= 7737447))

table 2 : explain SELECT id, c FROM sbtest2 WHERE id BETWEEN 7737347 AND 7737447
	Index Scan using sbtest2_pkey on sbtest2  (cost=0.43..397.37 rows=99 width=125)
	  Index Cond: ((id >= 7737347) AND (id <= 7737447))

table 3 : explain SELECT id, c FROM sbtest3 WHERE id BETWEEN 7737347 AND 7737447
	Index Scan using sbtest3_pkey on sbtest3  (cost=0.43..413.03 rows=103 width=125)
	  Index Cond: ((id >= 7737347) AND (id <= 7737447))

table 4 : explain SELECT id, c FROM sbtest4 WHERE id BETWEEN 7737347 AND 7737447
	Index Scan using sbtest4_pkey on sbtest4  (cost=0.43..396.27 rows=99 width=125)
	  Index Cond: ((id >= 7737347) AND (id <= 7737447))

table 5 : explain SELECT id, c FROM sbtest5 WHERE id BETWEEN 7737347 AND 7737447
	Index Scan using sbtest5_pkey on sbtest5  (cost=0.43..435.63 rows=109 width=125)
	  Index Cond: ((id >= 7737347) AND (id <= 7737447))

table 6 : explain SELECT id, c FROM sbtest6 WHERE id BETWEEN 7737347 AND 7737447
	Index Scan using sbtest6_pkey on sbtest6  (cost=0.43..383.95 rows=96 width=125)
	  Index Cond: ((id >= 7737347) AND (id <= 7737447))

table 7 : explain SELECT id, c FROM sbtest7 WHERE id BETWEEN 7737347 AND 7737447
	Index Scan using sbtest7_pkey on sbtest7  (cost=0.43..399.50 rows=100 width=125)
	  Index Cond: ((id >= 7737347) AND (id <= 7737447))

table 8 : explain SELECT id, c FROM sbtest8 WHERE id BETWEEN 7737347 AND 7737447
	Index Scan using sbtest8_pkey on sbtest8  (cost=0.43..372.12 rows=93 width=125)
	  Index Cond: ((id >= 7737347) AND (id <= 7737447))

explain: for range-notcovered :: explain SELECT id, c FROM sbtest%d WHERE id BETWEEN 3468578 AND 3468678
for range-notcovered
table 1 : explain SELECT id, c FROM sbtest1 WHERE id BETWEEN 4903024 AND 4903124
	Index Scan using sbtest1_pkey on sbtest1  (cost=0.43..429.05 rows=107 width=125)
	  Index Cond: ((id >= 4903024) AND (id <= 4903124))

table 2 : explain SELECT id, c FROM sbtest2 WHERE id BETWEEN 4903024 AND 4903124
	Index Scan using sbtest2_pkey on sbtest2  (cost=0.43..448.97 rows=112 width=125)
	  Index Cond: ((id >= 4903024) AND (id <= 4903124))

table 3 : explain SELECT id, c FROM sbtest3 WHERE id BETWEEN 4903024 AND 4903124
	Index Scan using sbtest3_pkey on sbtest3  (cost=0.43..424.93 rows=106 width=125)
	  Index Cond: ((id >= 4903024) AND (id <= 4903124))

table 4 : explain SELECT id, c FROM sbtest4 WHERE id BETWEEN 4903024 AND 4903124
	Index Scan using sbtest4_pkey on sbtest4  (cost=0.43..400.23 rows=100 width=125)
	  Index Cond: ((id >= 4903024) AND (id <= 4903124))

table 5 : explain SELECT id, c FROM sbtest5 WHERE id BETWEEN 4903024 AND 4903124
	Index Scan using sbtest5_pkey on sbtest5  (cost=0.43..400.04 rows=100 width=125)
	  Index Cond: ((id >= 4903024) AND (id <= 4903124))

table 6 : explain SELECT id, c FROM sbtest6 WHERE id BETWEEN 4903024 AND 4903124
	Index Scan using sbtest6_pkey on sbtest6  (cost=0.43..368.14 rows=92 width=125)
	  Index Cond: ((id >= 4903024) AND (id <= 4903124))

table 7 : explain SELECT id, c FROM sbtest7 WHERE id BETWEEN 4903024 AND 4903124
	Index Scan using sbtest7_pkey on sbtest7  (cost=0.43..419.24 rows=105 width=125)
	  Index Cond: ((id >= 4903024) AND (id <= 4903124))

table 8 : explain SELECT id, c FROM sbtest8 WHERE id BETWEEN 4903024 AND 4903124
	Index Scan using sbtest8_pkey on sbtest8  (cost=0.43..431.42 rows=108 width=125)
	  Index Cond: ((id >= 4903024) AND (id <= 4903124))

for range-notcovered
table 1 : explain SELECT id, c FROM sbtest1 WHERE id BETWEEN 3703728 AND 3703828
	Index Scan using sbtest1_pkey on sbtest1  (cost=0.43..436.98 rows=109 width=125)
	  Index Cond: ((id >= 3703728) AND (id <= 3703828))

table 2 : explain SELECT id, c FROM sbtest2 WHERE id BETWEEN 3703728 AND 3703828
	Index Scan using sbtest2_pkey on sbtest2  (cost=0.43..381.50 rows=95 width=125)
	  Index Cond: ((id >= 3703728) AND (id <= 3703828))

table 3 : explain SELECT id, c FROM sbtest3 WHERE id BETWEEN 3703728 AND 3703828
	Index Scan using sbtest3_pkey on sbtest3  (cost=0.43..397.15 rows=99 width=125)
	  Index Cond: ((id >= 3703728) AND (id <= 3703828))

table 4 : explain SELECT id, c FROM sbtest4 WHERE id BETWEEN 3703728 AND 3703828
	Index Scan using sbtest4_pkey on sbtest4  (cost=0.43..380.43 rows=95 width=125)
	  Index Cond: ((id >= 3703728) AND (id <= 3703828))

table 5 : explain SELECT id, c FROM sbtest5 WHERE id BETWEEN 3703728 AND 3703828
	Index Scan using sbtest5_pkey on sbtest5  (cost=0.43..419.81 rows=105 width=125)
	  Index Cond: ((id >= 3703728) AND (id <= 3703828))

table 6 : explain SELECT id, c FROM sbtest6 WHERE id BETWEEN 3703728 AND 3703828
	Index Scan using sbtest6_pkey on sbtest6  (cost=0.43..380.00 rows=95 width=125)
	  Index Cond: ((id >= 3703728) AND (id <= 3703828))

table 7 : explain SELECT id, c FROM sbtest7 WHERE id BETWEEN 3703728 AND 3703828
	Index Scan using sbtest7_pkey on sbtest7  (cost=0.43..395.55 rows=99 width=125)
	  Index Cond: ((id >= 3703728) AND (id <= 3703828))

table 8 : explain SELECT id, c FROM sbtest8 WHERE id BETWEEN 3703728 AND 3703828
	Index Scan using sbtest8_pkey on sbtest8  (cost=0.43..399.80 rows=100 width=125)
	  Index Cond: ((id >= 3703728) AND (id <= 3703828))

explain: for range-notcovered :: explain SELECT id, c FROM sbtest%d WHERE id BETWEEN 3703728 AND 3703828
explain: for range-notcovered :: explain SELECT id, c FROM sbtest%d WHERE id BETWEEN 4903024 AND 4903124
for range-notcovered
table 1 : explain SELECT id, c FROM sbtest1 WHERE id BETWEEN 4903024 AND 4903124
	Index Scan using sbtest1_pkey on sbtest1  (cost=0.43..429.05 rows=107 width=125)
	  Index Cond: ((id >= 4903024) AND (id <= 4903124))

table 2 : explain SELECT id, c FROM sbtest2 WHERE id BETWEEN 4903024 AND 4903124
	Index Scan using sbtest2_pkey on sbtest2  (cost=0.43..448.97 rows=112 width=125)
	  Index Cond: ((id >= 4903024) AND (id <= 4903124))

table 3 : explain SELECT id, c FROM sbtest3 WHERE id BETWEEN 4903024 AND 4903124
	Index Scan using sbtest3_pkey on sbtest3  (cost=0.43..424.93 rows=106 width=125)
	  Index Cond: ((id >= 4903024) AND (id <= 4903124))

table 4 : explain SELECT id, c FROM sbtest4 WHERE id BETWEEN 4903024 AND 4903124
	Index Scan using sbtest4_pkey on sbtest4  (cost=0.43..400.23 rows=100 width=125)
	  Index Cond: ((id >= 4903024) AND (id <= 4903124))

table 5 : explain SELECT id, c FROM sbtest5 WHERE id BETWEEN 4903024 AND 4903124
	Index Scan using sbtest5_pkey on sbtest5  (cost=0.43..400.04 rows=100 width=125)
	  Index Cond: ((id >= 4903024) AND (id <= 4903124))

table 6 : explain SELECT id, c FROM sbtest6 WHERE id BETWEEN 4903024 AND 4903124
	Index Scan using sbtest6_pkey on sbtest6  (cost=0.43..368.14 rows=92 width=125)
	  Index Cond: ((id >= 4903024) AND (id <= 4903124))

table 7 : explain SELECT id, c FROM sbtest7 WHERE id BETWEEN 4903024 AND 4903124
	Index Scan using sbtest7_pkey on sbtest7  (cost=0.43..419.24 rows=105 width=125)
	  Index Cond: ((id >= 4903024) AND (id <= 4903124))

table 8 : explain SELECT id, c FROM sbtest8 WHERE id BETWEEN 4903024 AND 4903124
	Index Scan using sbtest8_pkey on sbtest8  (cost=0.43..431.42 rows=108 width=125)
	  Index Cond: ((id >= 4903024) AND (id <= 4903124))

explain: for range-notcovered :: explain SELECT id, c FROM sbtest%d WHERE id BETWEEN 4903024 AND 4903124
for range-notcovered
table 1 : explain SELECT id, c FROM sbtest1 WHERE id BETWEEN 3703728 AND 3703828
	Index Scan using sbtest1_pkey on sbtest1  (cost=0.43..436.98 rows=109 width=125)
	  Index Cond: ((id >= 3703728) AND (id <= 3703828))

table 2 : explain SELECT id, c FROM sbtest2 WHERE id BETWEEN 3703728 AND 3703828
	Index Scan using sbtest2_pkey on sbtest2  (cost=0.43..381.50 rows=95 width=125)
	  Index Cond: ((id >= 3703728) AND (id <= 3703828))

table 3 : explain SELECT id, c FROM sbtest3 WHERE id BETWEEN 3703728 AND 3703828
	Index Scan using sbtest3_pkey on sbtest3  (cost=0.43..397.15 rows=99 width=125)
	  Index Cond: ((id >= 3703728) AND (id <= 3703828))

table 4 : explain SELECT id, c FROM sbtest4 WHERE id BETWEEN 3703728 AND 3703828
	Index Scan using sbtest4_pkey on sbtest4  (cost=0.43..380.43 rows=95 width=125)
	  Index Cond: ((id >= 3703728) AND (id <= 3703828))

table 5 : explain SELECT id, c FROM sbtest5 WHERE id BETWEEN 3703728 AND 3703828
	Index Scan using sbtest5_pkey on sbtest5  (cost=0.43..419.81 rows=105 width=125)
	  Index Cond: ((id >= 3703728) AND (id <= 3703828))

table 6 : explain SELECT id, c FROM sbtest6 WHERE id BETWEEN 3703728 AND 3703828
	Index Scan using sbtest6_pkey on sbtest6  (cost=0.43..380.00 rows=95 width=125)
	  Index Cond: ((id >= 3703728) AND (id <= 3703828))

table 7 : explain SELECT id, c FROM sbtest7 WHERE id BETWEEN 3703728 AND 3703828
	Index Scan using sbtest7_pkey on sbtest7  (cost=0.43..395.55 rows=99 width=125)
	  Index Cond: ((id >= 3703728) AND (id <= 3703828))

table 8 : explain SELECT id, c FROM sbtest8 WHERE id BETWEEN 3703728 AND 3703828
	Index Scan using sbtest8_pkey on sbtest8  (cost=0.43..399.80 rows=100 width=125)
	  Index Cond: ((id >= 3703728) AND (id <= 3703828))

for range-notcovered
table 1 : explain SELECT id, c FROM sbtest1 WHERE id BETWEEN 4648080 AND 4648180
	Index Scan using sbtest1_pkey on sbtest1  (cost=0.43..397.29 rows=99 width=125)
	  Index Cond: ((id >= 4648080) AND (id <= 4648180))

table 2 : explain SELECT id, c FROM sbtest2 WHERE id BETWEEN 4648080 AND 4648180
	Index Scan using sbtest2_pkey on sbtest2  (cost=0.43..389.43 rows=97 width=125)
	  Index Cond: ((id >= 4648080) AND (id <= 4648180))

table 3 : explain SELECT id, c FROM sbtest3 WHERE id BETWEEN 4648080 AND 4648180
	Index Scan using sbtest3_pkey on sbtest3  (cost=0.43..385.25 rows=96 width=125)
	  Index Cond: ((id >= 4648080) AND (id <= 4648180))

table 4 : explain SELECT id, c FROM sbtest4 WHERE id BETWEEN 4648080 AND 4648180
	Index Scan using sbtest4_pkey on sbtest4  (cost=0.43..400.23 rows=100 width=125)
	  Index Cond: ((id >= 4648080) AND (id <= 4648180))

table 5 : explain SELECT id, c FROM sbtest5 WHERE id BETWEEN 4648080 AND 4648180
	Index Scan using sbtest5_pkey on sbtest5  (cost=0.43..415.86 rows=104 width=125)
	  Index Cond: ((id >= 4648080) AND (id <= 4648180))

table 6 : explain SELECT id, c FROM sbtest6 WHERE id BETWEEN 4648080 AND 4648180
	Index Scan using sbtest6_pkey on sbtest6  (cost=0.43..395.83 rows=99 width=125)
	  Index Cond: ((id >= 4648080) AND (id <= 4648180))

table 7 : explain SELECT id, c FROM sbtest7 WHERE id BETWEEN 4648080 AND 4648180
	Index Scan using sbtest7_pkey on sbtest7  (cost=0.43..435.04 rows=109 width=125)
	  Index Cond: ((id >= 4648080) AND (id <= 4648180))

table 8 : explain SELECT id, c FROM sbtest8 WHERE id BETWEEN 4648080 AND 4648180
	Index Scan using sbtest8_pkey on sbtest8  (cost=0.43..407.71 rows=102 width=125)
	  Index Cond: ((id >= 4648080) AND (id <= 4648180))

explain: for range-notcovered :: explain SELECT id, c FROM sbtest%d WHERE id BETWEEN 4648080 AND 4648180
for range-notcovered
table 1 : explain SELECT id, c FROM sbtest1 WHERE id BETWEEN 4903024 AND 4903124
	Index Scan using sbtest1_pkey on sbtest1  (cost=0.43..429.05 rows=107 width=125)
	  Index Cond: ((id >= 4903024) AND (id <= 4903124))

table 2 : explain SELECT id, c FROM sbtest2 WHERE id BETWEEN 4903024 AND 4903124
	Index Scan using sbtest2_pkey on sbtest2  (cost=0.43..448.97 rows=112 width=125)
	  Index Cond: ((id >= 4903024) AND (id <= 4903124))

table 3 : explain SELECT id, c FROM sbtest3 WHERE id BETWEEN 4903024 AND 4903124
	Index Scan using sbtest3_pkey on sbtest3  (cost=0.43..424.93 rows=106 width=125)
	  Index Cond: ((id >= 4903024) AND (id <= 4903124))

table 4 : explain SELECT id, c FROM sbtest4 WHERE id BETWEEN 4903024 AND 4903124
	Index Scan using sbtest4_pkey on sbtest4  (cost=0.43..400.23 rows=100 width=125)
	  Index Cond: ((id >= 4903024) AND (id <= 4903124))

table 5 : explain SELECT id, c FROM sbtest5 WHERE id BETWEEN 4903024 AND 4903124
	Index Scan using sbtest5_pkey on sbtest5  (cost=0.43..400.04 rows=100 width=125)
	  Index Cond: ((id >= 4903024) AND (id <= 4903124))

table 6 : explain SELECT id, c FROM sbtest6 WHERE id BETWEEN 4903024 AND 4903124
	Index Scan using sbtest6_pkey on sbtest6  (cost=0.43..368.14 rows=92 width=125)
	  Index Cond: ((id >= 4903024) AND (id <= 4903124))

table 7 : explain SELECT id, c FROM sbtest7 WHERE id BETWEEN 4903024 AND 4903124
	Index Scan using sbtest7_pkey on sbtest7  (cost=0.43..419.24 rows=105 width=125)
	  Index Cond: ((id >= 4903024) AND (id <= 4903124))

table 8 : explain SELECT id, c FROM sbtest8 WHERE id BETWEEN 4903024 AND 4903124
	Index Scan using sbtest8_pkey on sbtest8  (cost=0.43..431.42 rows=108 width=125)
	  Index Cond: ((id >= 4903024) AND (id <= 4903124))

explain: for range-notcovered :: explain SELECT id, c FROM sbtest%d WHERE id BETWEEN 4903024 AND 4903124
explain: for range-notcovered :: explain SELECT id, c FROM sbtest%d WHERE id BETWEEN 3703728 AND 3703828
for range-notcovered
table 1 : explain SELECT id, c FROM sbtest1 WHERE id BETWEEN 8631445 AND 8631545
	Index Scan using sbtest1_pkey on sbtest1  (cost=0.43..389.36 rows=97 width=125)
	  Index Cond: ((id >= 8631445) AND (id <= 8631545))

table 2 : explain SELECT id, c FROM sbtest2 WHERE id BETWEEN 8631445 AND 8631545
	Index Scan using sbtest2_pkey on sbtest2  (cost=0.43..361.66 rows=90 width=125)
	  Index Cond: ((id >= 8631445) AND (id <= 8631545))

table 3 : explain SELECT id, c FROM sbtest3 WHERE id BETWEEN 8631445 AND 8631545
	Index Scan using sbtest3_pkey on sbtest3  (cost=0.43..397.15 rows=99 width=125)
	  Index Cond: ((id >= 8631445) AND (id <= 8631545))

table 4 : explain SELECT id, c FROM sbtest4 WHERE id BETWEEN 8631445 AND 8631545
	Index Scan using sbtest4_pkey on sbtest4  (cost=0.43..400.23 rows=100 width=125)
	  Index Cond: ((id >= 8631445) AND (id <= 8631545))

table 5 : explain SELECT id, c FROM sbtest5 WHERE id BETWEEN 8631445 AND 8631545
	Index Scan using sbtest5_pkey on sbtest5  (cost=0.43..400.04 rows=100 width=125)
	  Index Cond: ((id >= 8631445) AND (id <= 8631545))

table 6 : explain SELECT id, c FROM sbtest6 WHERE id BETWEEN 8631445 AND 8631545
	Index Scan using sbtest6_pkey on sbtest6  (cost=0.43..427.45 rows=107 width=125)
	  Index Cond: ((id >= 8631445) AND (id <= 8631545))

table 7 : explain SELECT id, c FROM sbtest7 WHERE id BETWEEN 8631445 AND 8631545
	Index Scan using sbtest7_pkey on sbtest7  (cost=0.43..395.55 rows=99 width=125)
	  Index Cond: ((id >= 8631445) AND (id <= 8631545))

table 8 : explain SELECT id, c FROM sbtest8 WHERE id BETWEEN 8631445 AND 8631545
	Index Scan using sbtest8_pkey on sbtest8  (cost=0.43..380.02 rows=95 width=125)
	  Index Cond: ((id >= 8631445) AND (id <= 8631545))

for range-notcovered
table 1 : explain SELECT id, c FROM sbtest1 WHERE id BETWEEN 4648080 AND 4648180
	Index Scan using sbtest1_pkey on sbtest1  (cost=0.43..397.29 rows=99 width=125)
	  Index Cond: ((id >= 4648080) AND (id <= 4648180))

table 2 : explain SELECT id, c FROM sbtest2 WHERE id BETWEEN 4648080 AND 4648180
	Index Scan using sbtest2_pkey on sbtest2  (cost=0.43..389.43 rows=97 width=125)
	  Index Cond: ((id >= 4648080) AND (id <= 4648180))

table 3 : explain SELECT id, c FROM sbtest3 WHERE id BETWEEN 4648080 AND 4648180
	Index Scan using sbtest3_pkey on sbtest3  (cost=0.43..385.25 rows=96 width=125)
	  Index Cond: ((id >= 4648080) AND (id <= 4648180))

table 4 : explain SELECT id, c FROM sbtest4 WHERE id BETWEEN 4648080 AND 4648180
	Index Scan using sbtest4_pkey on sbtest4  (cost=0.43..400.23 rows=100 width=125)
	  Index Cond: ((id >= 4648080) AND (id <= 4648180))

table 5 : explain SELECT id, c FROM sbtest5 WHERE id BETWEEN 4648080 AND 4648180
	Index Scan using sbtest5_pkey on sbtest5  (cost=0.43..415.86 rows=104 width=125)
	  Index Cond: ((id >= 4648080) AND (id <= 4648180))

table 6 : explain SELECT id, c FROM sbtest6 WHERE id BETWEEN 4648080 AND 4648180
	Index Scan using sbtest6_pkey on sbtest6  (cost=0.43..395.83 rows=99 width=125)
	  Index Cond: ((id >= 4648080) AND (id <= 4648180))

table 7 : explain SELECT id, c FROM sbtest7 WHERE id BETWEEN 4648080 AND 4648180
	Index Scan using sbtest7_pkey on sbtest7  (cost=0.43..435.04 rows=109 width=125)
	  Index Cond: ((id >= 4648080) AND (id <= 4648180))

table 8 : explain SELECT id, c FROM sbtest8 WHERE id BETWEEN 4648080 AND 4648180
	Index Scan using sbtest8_pkey on sbtest8  (cost=0.43..407.71 rows=102 width=125)
	  Index Cond: ((id >= 4648080) AND (id <= 4648180))

explain: for range-notcovered :: explain SELECT id, c FROM sbtest%d WHERE id BETWEEN 4648080 AND 4648180
for range-notcovered
table 1 : explain SELECT id, c FROM sbtest1 WHERE id BETWEEN 4880620 AND 4880720
	Index Scan using sbtest1_pkey on sbtest1  (cost=0.43..429.05 rows=107 width=125)
	  Index Cond: ((id >= 4880620) AND (id <= 4880720))

table 2 : explain SELECT id, c FROM sbtest2 WHERE id BETWEEN 4880620 AND 4880720
	Index Scan using sbtest2_pkey on sbtest2  (cost=0.43..448.97 rows=112 width=125)
	  Index Cond: ((id >= 4880620) AND (id <= 4880720))

table 3 : explain SELECT id, c FROM sbtest3 WHERE id BETWEEN 4880620 AND 4880720
	Index Scan using sbtest3_pkey on sbtest3  (cost=0.43..393.19 rows=98 width=125)
	  Index Cond: ((id >= 4880620) AND (id <= 4880720))

table 4 : explain SELECT id, c FROM sbtest4 WHERE id BETWEEN 4880620 AND 4880720
	Index Scan using sbtest4_pkey on sbtest4  (cost=0.43..471.45 rows=118 width=125)
	  Index Cond: ((id >= 4880620) AND (id <= 4880720))

table 5 : explain SELECT id, c FROM sbtest5 WHERE id BETWEEN 4880620 AND 4880720
	Index Scan using sbtest5_pkey on sbtest5  (cost=0.43..400.04 rows=100 width=125)
	  Index Cond: ((id >= 4880620) AND (id <= 4880720))

table 6 : explain SELECT id, c FROM sbtest6 WHERE id BETWEEN 4880620 AND 4880720
	Index Scan using sbtest6_pkey on sbtest6  (cost=0.43..376.05 rows=94 width=125)
	  Index Cond: ((id >= 4880620) AND (id <= 4880720))

table 7 : explain SELECT id, c FROM sbtest7 WHERE id BETWEEN 4880620 AND 4880720
	Index Scan using sbtest7_pkey on sbtest7  (cost=0.43..419.24 rows=105 width=125)
	  Index Cond: ((id >= 4880620) AND (id <= 4880720))

table 8 : explain SELECT id, c FROM sbtest8 WHERE id BETWEEN 4880620 AND 4880720
	Index Scan using sbtest8_pkey on sbtest8  (cost=0.43..399.80 rows=100 width=125)
	  Index Cond: ((id >= 4880620) AND (id <= 4880720))

for range-notcovered
table 1 : explain SELECT id, c FROM sbtest1 WHERE id BETWEEN 4903024 AND 4903124
	Index Scan using sbtest1_pkey on sbtest1  (cost=0.43..429.05 rows=107 width=125)
	  Index Cond: ((id >= 4903024) AND (id <= 4903124))

table 2 : explain SELECT id, c FROM sbtest2 WHERE id BETWEEN 4903024 AND 4903124
	Index Scan using sbtest2_pkey on sbtest2  (cost=0.43..448.97 rows=112 width=125)
	  Index Cond: ((id >= 4903024) AND (id <= 4903124))

table 3 : explain SELECT id, c FROM sbtest3 WHERE id BETWEEN 4903024 AND 4903124
	Index Scan using sbtest3_pkey on sbtest3  (cost=0.43..424.93 rows=106 width=125)
	  Index Cond: ((id >= 4903024) AND (id <= 4903124))

table 4 : explain SELECT id, c FROM sbtest4 WHERE id BETWEEN 4903024 AND 4903124
	Index Scan using sbtest4_pkey on sbtest4  (cost=0.43..400.23 rows=100 width=125)
	  Index Cond: ((id >= 4903024) AND (id <= 4903124))

table 5 : explain SELECT id, c FROM sbtest5 WHERE id BETWEEN 4903024 AND 4903124
	Index Scan using sbtest5_pkey on sbtest5  (cost=0.43..400.04 rows=100 width=125)
	  Index Cond: ((id >= 4903024) AND (id <= 4903124))

table 6 : explain SELECT id, c FROM sbtest6 WHERE id BETWEEN 4903024 AND 4903124
	Index Scan using sbtest6_pkey on sbtest6  (cost=0.43..368.14 rows=92 width=125)
	  Index Cond: ((id >= 4903024) AND (id <= 4903124))

table 7 : explain SELECT id, c FROM sbtest7 WHERE id BETWEEN 4903024 AND 4903124
	Index Scan using sbtest7_pkey on sbtest7  (cost=0.43..419.24 rows=105 width=125)
	  Index Cond: ((id >= 4903024) AND (id <= 4903124))

table 8 : explain SELECT id, c FROM sbtest8 WHERE id BETWEEN 4903024 AND 4903124
	Index Scan using sbtest8_pkey on sbtest8  (cost=0.43..431.42 rows=108 width=125)
	  Index Cond: ((id >= 4903024) AND (id <= 4903124))

explain: for range-notcovered :: explain SELECT id, c FROM sbtest%d WHERE id BETWEEN 4903024 AND 4903124
explain: for range-notcovered :: explain SELECT id, c FROM sbtest%d WHERE id BETWEEN 8631445 AND 8631545
for range-notcovered
table 1 : explain SELECT id, c FROM sbtest1 WHERE id BETWEEN 4648080 AND 4648180
	Index Scan using sbtest1_pkey on sbtest1  (cost=0.43..397.29 rows=99 width=125)
	  Index Cond: ((id >= 4648080) AND (id <= 4648180))

table 2 : explain SELECT id, c FROM sbtest2 WHERE id BETWEEN 4648080 AND 4648180
	Index Scan using sbtest2_pkey on sbtest2  (cost=0.43..389.43 rows=97 width=125)
	  Index Cond: ((id >= 4648080) AND (id <= 4648180))

table 3 : explain SELECT id, c FROM sbtest3 WHERE id BETWEEN 4648080 AND 4648180
	Index Scan using sbtest3_pkey on sbtest3  (cost=0.43..385.25 rows=96 width=125)
	  Index Cond: ((id >= 4648080) AND (id <= 4648180))

table 4 : explain SELECT id, c FROM sbtest4 WHERE id BETWEEN 4648080 AND 4648180
	Index Scan using sbtest4_pkey on sbtest4  (cost=0.43..400.23 rows=100 width=125)
	  Index Cond: ((id >= 4648080) AND (id <= 4648180))

table 5 : explain SELECT id, c FROM sbtest5 WHERE id BETWEEN 4648080 AND 4648180
	Index Scan using sbtest5_pkey on sbtest5  (cost=0.43..415.86 rows=104 width=125)
	  Index Cond: ((id >= 4648080) AND (id <= 4648180))

table 6 : explain SELECT id, c FROM sbtest6 WHERE id BETWEEN 4648080 AND 4648180
	Index Scan using sbtest6_pkey on sbtest6  (cost=0.43..395.83 rows=99 width=125)
	  Index Cond: ((id >= 4648080) AND (id <= 4648180))

table 7 : explain SELECT id, c FROM sbtest7 WHERE id BETWEEN 4648080 AND 4648180
	Index Scan using sbtest7_pkey on sbtest7  (cost=0.43..435.04 rows=109 width=125)
	  Index Cond: ((id >= 4648080) AND (id <= 4648180))

table 8 : explain SELECT id, c FROM sbtest8 WHERE id BETWEEN 4648080 AND 4648180
	Index Scan using sbtest8_pkey on sbtest8  (cost=0.43..407.71 rows=102 width=125)
	  Index Cond: ((id >= 4648080) AND (id <= 4648180))

explain: for range-notcovered :: explain SELECT id, c FROM sbtest%d WHERE id BETWEEN 4648080 AND 4648180
for range-notcovered
table 1 : explain SELECT id, c FROM sbtest1 WHERE id BETWEEN 8631445 AND 8631545
	Index Scan using sbtest1_pkey on sbtest1  (cost=0.43..389.36 rows=97 width=125)
	  Index Cond: ((id >= 8631445) AND (id <= 8631545))

table 2 : explain SELECT id, c FROM sbtest2 WHERE id BETWEEN 8631445 AND 8631545
	Index Scan using sbtest2_pkey on sbtest2  (cost=0.43..361.66 rows=90 width=125)
	  Index Cond: ((id >= 8631445) AND (id <= 8631545))

table 3 : explain SELECT id, c FROM sbtest3 WHERE id BETWEEN 8631445 AND 8631545
	Index Scan using sbtest3_pkey on sbtest3  (cost=0.43..397.15 rows=99 width=125)
	  Index Cond: ((id >= 8631445) AND (id <= 8631545))

table 4 : explain SELECT id, c FROM sbtest4 WHERE id BETWEEN 8631445 AND 8631545
	Index Scan using sbtest4_pkey on sbtest4  (cost=0.43..400.23 rows=100 width=125)
	  Index Cond: ((id >= 8631445) AND (id <= 8631545))

table 5 : explain SELECT id, c FROM sbtest5 WHERE id BETWEEN 8631445 AND 8631545
	Index Scan using sbtest5_pkey on sbtest5  (cost=0.43..400.04 rows=100 width=125)
	  Index Cond: ((id >= 8631445) AND (id <= 8631545))

table 6 : explain SELECT id, c FROM sbtest6 WHERE id BETWEEN 8631445 AND 8631545
	Index Scan using sbtest6_pkey on sbtest6  (cost=0.43..427.45 rows=107 width=125)
	  Index Cond: ((id >= 8631445) AND (id <= 8631545))

table 7 : explain SELECT id, c FROM sbtest7 WHERE id BETWEEN 8631445 AND 8631545
	Index Scan using sbtest7_pkey on sbtest7  (cost=0.43..395.55 rows=99 width=125)
	  Index Cond: ((id >= 8631445) AND (id <= 8631545))

table 8 : explain SELECT id, c FROM sbtest8 WHERE id BETWEEN 8631445 AND 8631545
	Index Scan using sbtest8_pkey on sbtest8  (cost=0.43..380.02 rows=95 width=125)
	  Index Cond: ((id >= 8631445) AND (id <= 8631545))

for range-notcovered
table 1 : explain SELECT id, c FROM sbtest1 WHERE id BETWEEN 4648080 AND 4648180
	Index Scan using sbtest1_pkey on sbtest1  (cost=0.43..397.29 rows=99 width=125)
	  Index Cond: ((id >= 4648080) AND (id <= 4648180))

table 2 : explain SELECT id, c FROM sbtest2 WHERE id BETWEEN 4648080 AND 4648180
	Index Scan using sbtest2_pkey on sbtest2  (cost=0.43..389.43 rows=97 width=125)
	  Index Cond: ((id >= 4648080) AND (id <= 4648180))

table 3 : explain SELECT id, c FROM sbtest3 WHERE id BETWEEN 4648080 AND 4648180
	Index Scan using sbtest3_pkey on sbtest3  (cost=0.43..385.25 rows=96 width=125)
	  Index Cond: ((id >= 4648080) AND (id <= 4648180))

table 4 : explain SELECT id, c FROM sbtest4 WHERE id BETWEEN 4648080 AND 4648180
	Index Scan using sbtest4_pkey on sbtest4  (cost=0.43..400.23 rows=100 width=125)
	  Index Cond: ((id >= 4648080) AND (id <= 4648180))

table 5 : explain SELECT id, c FROM sbtest5 WHERE id BETWEEN 4648080 AND 4648180
	Index Scan using sbtest5_pkey on sbtest5  (cost=0.43..415.86 rows=104 width=125)
	  Index Cond: ((id >= 4648080) AND (id <= 4648180))

table 6 : explain SELECT id, c FROM sbtest6 WHERE id BETWEEN 4648080 AND 4648180
	Index Scan using sbtest6_pkey on sbtest6  (cost=0.43..395.83 rows=99 width=125)
	  Index Cond: ((id >= 4648080) AND (id <= 4648180))

table 7 : explain SELECT id, c FROM sbtest7 WHERE id BETWEEN 4648080 AND 4648180
	Index Scan using sbtest7_pkey on sbtest7  (cost=0.43..435.04 rows=109 width=125)
	  Index Cond: ((id >= 4648080) AND (id <= 4648180))

table 8 : explain SELECT id, c FROM sbtest8 WHERE id BETWEEN 4648080 AND 4648180
	Index Scan using sbtest8_pkey on sbtest8  (cost=0.43..407.71 rows=102 width=125)
	  Index Cond: ((id >= 4648080) AND (id <= 4648180))

explain: for range-notcovered :: explain SELECT id, c FROM sbtest%d WHERE id BETWEEN 8631445 AND 8631545
explain: for range-notcovered :: explain SELECT id, c FROM sbtest%d WHERE id BETWEEN 4648080 AND 4648180
for range-notcovered
table 1 : explain SELECT id, c FROM sbtest1 WHERE id BETWEEN 6236830 AND 6236930
	Index Scan using sbtest1_pkey on sbtest1  (cost=0.43..385.39 rows=96 width=125)
	  Index Cond: ((id >= 6236830) AND (id <= 6236930))

table 2 : explain SELECT id, c FROM sbtest2 WHERE id BETWEEN 6236830 AND 6236930
	Index Scan using sbtest2_pkey on sbtest2  (cost=0.43..417.22 rows=104 width=125)
	  Index Cond: ((id >= 6236830) AND (id <= 6236930))

table 3 : explain SELECT id, c FROM sbtest3 WHERE id BETWEEN 6236830 AND 6236930
	Index Scan using sbtest3_pkey on sbtest3  (cost=0.43..401.12 rows=100 width=125)
	  Index Cond: ((id >= 6236830) AND (id <= 6236930))

table 4 : explain SELECT id, c FROM sbtest4 WHERE id BETWEEN 6236830 AND 6236930
	Index Scan using sbtest4_pkey on sbtest4  (cost=0.43..384.38 rows=96 width=125)
	  Index Cond: ((id >= 6236830) AND (id <= 6236930))

table 5 : explain SELECT id, c FROM sbtest5 WHERE id BETWEEN 6236830 AND 6236930
	Index Scan using sbtest5_pkey on sbtest5  (cost=0.43..403.99 rows=101 width=125)
	  Index Cond: ((id >= 6236830) AND (id <= 6236930))

table 6 : explain SELECT id, c FROM sbtest6 WHERE id BETWEEN 6236830 AND 6236930
	Index Scan using sbtest6_pkey on sbtest6  (cost=0.43..380.00 rows=95 width=125)
	  Index Cond: ((id >= 6236830) AND (id <= 6236930))

table 7 : explain SELECT id, c FROM sbtest7 WHERE id BETWEEN 6236830 AND 6236930
	Index Scan using sbtest7_pkey on sbtest7  (cost=0.43..411.34 rows=103 width=125)
	  Index Cond: ((id >= 6236830) AND (id <= 6236930))

table 8 : explain SELECT id, c FROM sbtest8 WHERE id BETWEEN 6236830 AND 6236930
	Index Scan using sbtest8_pkey on sbtest8  (cost=0.43..407.71 rows=102 width=125)
	  Index Cond: ((id >= 6236830) AND (id <= 6236930))

explain: for range-notcovered :: explain SELECT id, c FROM sbtest%d WHERE id BETWEEN 6236830 AND 6236930
explain: for range-notcovered :: explain SELECT id, c FROM sbtest%d WHERE id BETWEEN 8224737 AND 8224837
for range-notcovered
table 1 : explain SELECT id, c FROM sbtest1 WHERE id BETWEEN 4648080 AND 4648180
	Index Scan using sbtest1_pkey on sbtest1  (cost=0.43..397.29 rows=99 width=125)
	  Index Cond: ((id >= 4648080) AND (id <= 4648180))

table 2 : explain SELECT id, c FROM sbtest2 WHERE id BETWEEN 4648080 AND 4648180
	Index Scan using sbtest2_pkey on sbtest2  (cost=0.43..389.43 rows=97 width=125)
	  Index Cond: ((id >= 4648080) AND (id <= 4648180))

table 3 : explain SELECT id, c FROM sbtest3 WHERE id BETWEEN 4648080 AND 4648180
	Index Scan using sbtest3_pkey on sbtest3  (cost=0.43..385.25 rows=96 width=125)
	  Index Cond: ((id >= 4648080) AND (id <= 4648180))

table 4 : explain SELECT id, c FROM sbtest4 WHERE id BETWEEN 4648080 AND 4648180
	Index Scan using sbtest4_pkey on sbtest4  (cost=0.43..400.23 rows=100 width=125)
	  Index Cond: ((id >= 4648080) AND (id <= 4648180))

table 5 : explain SELECT id, c FROM sbtest5 WHERE id BETWEEN 4648080 AND 4648180
	Index Scan using sbtest5_pkey on sbtest5  (cost=0.43..415.86 rows=104 width=125)
	  Index Cond: ((id >= 4648080) AND (id <= 4648180))

table 6 : explain SELECT id, c FROM sbtest6 WHERE id BETWEEN 4648080 AND 4648180
	Index Scan using sbtest6_pkey on sbtest6  (cost=0.43..395.83 rows=99 width=125)
	  Index Cond: ((id >= 4648080) AND (id <= 4648180))

table 7 : explain SELECT id, c FROM sbtest7 WHERE id BETWEEN 4648080 AND 4648180
	Index Scan using sbtest7_pkey on sbtest7  (cost=0.43..435.04 rows=109 width=125)
	  Index Cond: ((id >= 4648080) AND (id <= 4648180))

table 8 : explain SELECT id, c FROM sbtest8 WHERE id BETWEEN 4648080 AND 4648180
	Index Scan using sbtest8_pkey on sbtest8  (cost=0.43..407.71 rows=102 width=125)
	  Index Cond: ((id >= 4648080) AND (id <= 4648180))

for range-notcovered
table 1 : explain SELECT id, c FROM sbtest1 WHERE id BETWEEN 8631445 AND 8631545
	Index Scan using sbtest1_pkey on sbtest1  (cost=0.43..389.36 rows=97 width=125)
	  Index Cond: ((id >= 8631445) AND (id <= 8631545))

table 2 : explain SELECT id, c FROM sbtest2 WHERE id BETWEEN 8631445 AND 8631545
	Index Scan using sbtest2_pkey on sbtest2  (cost=0.43..361.66 rows=90 width=125)
	  Index Cond: ((id >= 8631445) AND (id <= 8631545))

table 3 : explain SELECT id, c FROM sbtest3 WHERE id BETWEEN 8631445 AND 8631545
	Index Scan using sbtest3_pkey on sbtest3  (cost=0.43..397.15 rows=99 width=125)
	  Index Cond: ((id >= 8631445) AND (id <= 8631545))

table 4 : explain SELECT id, c FROM sbtest4 WHERE id BETWEEN 8631445 AND 8631545
	Index Scan using sbtest4_pkey on sbtest4  (cost=0.43..400.23 rows=100 width=125)
	  Index Cond: ((id >= 8631445) AND (id <= 8631545))

table 5 : explain SELECT id, c FROM sbtest5 WHERE id BETWEEN 8631445 AND 8631545
	Index Scan using sbtest5_pkey on sbtest5  (cost=0.43..400.04 rows=100 width=125)
	  Index Cond: ((id >= 8631445) AND (id <= 8631545))

table 6 : explain SELECT id, c FROM sbtest6 WHERE id BETWEEN 8631445 AND 8631545
	Index Scan using sbtest6_pkey on sbtest6  (cost=0.43..427.45 rows=107 width=125)
	  Index Cond: ((id >= 8631445) AND (id <= 8631545))

table 7 : explain SELECT id, c FROM sbtest7 WHERE id BETWEEN 8631445 AND 8631545
	Index Scan using sbtest7_pkey on sbtest7  (cost=0.43..395.55 rows=99 width=125)
	  Index Cond: ((id >= 8631445) AND (id <= 8631545))

table 8 : explain SELECT id, c FROM sbtest8 WHERE id BETWEEN 8631445 AND 8631545
	Index Scan using sbtest8_pkey on sbtest8  (cost=0.43..380.02 rows=95 width=125)
	  Index Cond: ((id >= 8631445) AND (id <= 8631545))

explain: for range-notcovered :: explain SELECT id, c FROM sbtest%d WHERE id BETWEEN 4648080 AND 4648180
explain: for range-notcovered :: explain SELECT id, c FROM sbtest%d WHERE id BETWEEN 8631445 AND 8631545
for range-notcovered
table 1 : explain SELECT id, c FROM sbtest1 WHERE id BETWEEN 6236830 AND 6236930
	Index Scan using sbtest1_pkey on sbtest1  (cost=0.43..385.39 rows=96 width=125)
	  Index Cond: ((id >= 6236830) AND (id <= 6236930))

table 2 : explain SELECT id, c FROM sbtest2 WHERE id BETWEEN 6236830 AND 6236930
	Index Scan using sbtest2_pkey on sbtest2  (cost=0.43..417.22 rows=104 width=125)
	  Index Cond: ((id >= 6236830) AND (id <= 6236930))

table 3 : explain SELECT id, c FROM sbtest3 WHERE id BETWEEN 6236830 AND 6236930
	Index Scan using sbtest3_pkey on sbtest3  (cost=0.43..401.12 rows=100 width=125)
	  Index Cond: ((id >= 6236830) AND (id <= 6236930))

table 4 : explain SELECT id, c FROM sbtest4 WHERE id BETWEEN 6236830 AND 6236930
	Index Scan using sbtest4_pkey on sbtest4  (cost=0.43..384.38 rows=96 width=125)
	  Index Cond: ((id >= 6236830) AND (id <= 6236930))

table 5 : explain SELECT id, c FROM sbtest5 WHERE id BETWEEN 6236830 AND 6236930
	Index Scan using sbtest5_pkey on sbtest5  (cost=0.43..403.99 rows=101 width=125)
	  Index Cond: ((id >= 6236830) AND (id <= 6236930))

table 6 : explain SELECT id, c FROM sbtest6 WHERE id BETWEEN 6236830 AND 6236930
	Index Scan using sbtest6_pkey on sbtest6  (cost=0.43..380.00 rows=95 width=125)
	  Index Cond: ((id >= 6236830) AND (id <= 6236930))

table 7 : explain SELECT id, c FROM sbtest7 WHERE id BETWEEN 6236830 AND 6236930
	Index Scan using sbtest7_pkey on sbtest7  (cost=0.43..411.34 rows=103 width=125)
	  Index Cond: ((id >= 6236830) AND (id <= 6236930))

table 8 : explain SELECT id, c FROM sbtest8 WHERE id BETWEEN 6236830 AND 6236930
	Index Scan using sbtest8_pkey on sbtest8  (cost=0.43..407.71 rows=102 width=125)
	  Index Cond: ((id >= 6236830) AND (id <= 6236930))

explain: for range-notcovered :: explain SELECT id, c FROM sbtest%d WHERE id BETWEEN 6236830 AND 6236930
explain: for range-notcovered :: explain SELECT id, c FROM sbtest%d WHERE id BETWEEN 2936641 AND 2936741
for range-notcovered
table 1 : explain SELECT id, c FROM sbtest1 WHERE id BETWEEN 4648080 AND 4648180
	Index Scan using sbtest1_pkey on sbtest1  (cost=0.43..397.29 rows=99 width=125)
	  Index Cond: ((id >= 4648080) AND (id <= 4648180))

table 2 : explain SELECT id, c FROM sbtest2 WHERE id BETWEEN 4648080 AND 4648180
	Index Scan using sbtest2_pkey on sbtest2  (cost=0.43..389.43 rows=97 width=125)
	  Index Cond: ((id >= 4648080) AND (id <= 4648180))

table 3 : explain SELECT id, c FROM sbtest3 WHERE id BETWEEN 4648080 AND 4648180
	Index Scan using sbtest3_pkey on sbtest3  (cost=0.43..385.25 rows=96 width=125)
	  Index Cond: ((id >= 4648080) AND (id <= 4648180))

table 4 : explain SELECT id, c FROM sbtest4 WHERE id BETWEEN 4648080 AND 4648180
	Index Scan using sbtest4_pkey on sbtest4  (cost=0.43..400.23 rows=100 width=125)
	  Index Cond: ((id >= 4648080) AND (id <= 4648180))

table 5 : explain SELECT id, c FROM sbtest5 WHERE id BETWEEN 4648080 AND 4648180
	Index Scan using sbtest5_pkey on sbtest5  (cost=0.43..415.86 rows=104 width=125)
	  Index Cond: ((id >= 4648080) AND (id <= 4648180))

table 6 : explain SELECT id, c FROM sbtest6 WHERE id BETWEEN 4648080 AND 4648180
	Index Scan using sbtest6_pkey on sbtest6  (cost=0.43..395.83 rows=99 width=125)
	  Index Cond: ((id >= 4648080) AND (id <= 4648180))

table 7 : explain SELECT id, c FROM sbtest7 WHERE id BETWEEN 4648080 AND 4648180
	Index Scan using sbtest7_pkey on sbtest7  (cost=0.43..435.04 rows=109 width=125)
	  Index Cond: ((id >= 4648080) AND (id <= 4648180))

table 8 : explain SELECT id, c FROM sbtest8 WHERE id BETWEEN 4648080 AND 4648180
	Index Scan using sbtest8_pkey on sbtest8  (cost=0.43..407.71 rows=102 width=125)
	  Index Cond: ((id >= 4648080) AND (id <= 4648180))

for range-notcovered
table 1 : explain SELECT id, c FROM sbtest1 WHERE id BETWEEN 8631445 AND 8631545
	Index Scan using sbtest1_pkey on sbtest1  (cost=0.43..389.36 rows=97 width=125)
	  Index Cond: ((id >= 8631445) AND (id <= 8631545))

table 2 : explain SELECT id, c FROM sbtest2 WHERE id BETWEEN 8631445 AND 8631545
	Index Scan using sbtest2_pkey on sbtest2  (cost=0.43..361.66 rows=90 width=125)
	  Index Cond: ((id >= 8631445) AND (id <= 8631545))

table 3 : explain SELECT id, c FROM sbtest3 WHERE id BETWEEN 8631445 AND 8631545
	Index Scan using sbtest3_pkey on sbtest3  (cost=0.43..397.15 rows=99 width=125)
	  Index Cond: ((id >= 8631445) AND (id <= 8631545))

table 4 : explain SELECT id, c FROM sbtest4 WHERE id BETWEEN 8631445 AND 8631545
	Index Scan using sbtest4_pkey on sbtest4  (cost=0.43..400.23 rows=100 width=125)
	  Index Cond: ((id >= 8631445) AND (id <= 8631545))

table 5 : explain SELECT id, c FROM sbtest5 WHERE id BETWEEN 8631445 AND 8631545
	Index Scan using sbtest5_pkey on sbtest5  (cost=0.43..400.04 rows=100 width=125)
	  Index Cond: ((id >= 8631445) AND (id <= 8631545))

table 6 : explain SELECT id, c FROM sbtest6 WHERE id BETWEEN 8631445 AND 8631545
	Index Scan using sbtest6_pkey on sbtest6  (cost=0.43..427.45 rows=107 width=125)
	  Index Cond: ((id >= 8631445) AND (id <= 8631545))

table 7 : explain SELECT id, c FROM sbtest7 WHERE id BETWEEN 8631445 AND 8631545
	Index Scan using sbtest7_pkey on sbtest7  (cost=0.43..395.55 rows=99 width=125)
	  Index Cond: ((id >= 8631445) AND (id <= 8631545))

table 8 : explain SELECT id, c FROM sbtest8 WHERE id BETWEEN 8631445 AND 8631545
	Index Scan using sbtest8_pkey on sbtest8  (cost=0.43..380.02 rows=95 width=125)
	  Index Cond: ((id >= 8631445) AND (id <= 8631545))

explain: for range-notcovered :: explain SELECT id, c FROM sbtest%d WHERE id BETWEEN 4648080 AND 4648180
explain: for range-notcovered :: explain SELECT id, c FROM sbtest%d WHERE id BETWEEN 8631445 AND 8631545
for range-notcovered
table 1 : explain SELECT id, c FROM sbtest1 WHERE id BETWEEN 6236830 AND 6236930
	Index Scan using sbtest1_pkey on sbtest1  (cost=0.43..385.39 rows=96 width=125)
	  Index Cond: ((id >= 6236830) AND (id <= 6236930))

table 2 : explain SELECT id, c FROM sbtest2 WHERE id BETWEEN 6236830 AND 6236930
	Index Scan using sbtest2_pkey on sbtest2  (cost=0.43..417.22 rows=104 width=125)
	  Index Cond: ((id >= 6236830) AND (id <= 6236930))

table 3 : explain SELECT id, c FROM sbtest3 WHERE id BETWEEN 6236830 AND 6236930
	Index Scan using sbtest3_pkey on sbtest3  (cost=0.43..401.12 rows=100 width=125)
	  Index Cond: ((id >= 6236830) AND (id <= 6236930))

table 4 : explain SELECT id, c FROM sbtest4 WHERE id BETWEEN 6236830 AND 6236930
	Index Scan using sbtest4_pkey on sbtest4  (cost=0.43..384.38 rows=96 width=125)
	  Index Cond: ((id >= 6236830) AND (id <= 6236930))

table 5 : explain SELECT id, c FROM sbtest5 WHERE id BETWEEN 6236830 AND 6236930
	Index Scan using sbtest5_pkey on sbtest5  (cost=0.43..403.99 rows=101 width=125)
	  Index Cond: ((id >= 6236830) AND (id <= 6236930))

table 6 : explain SELECT id, c FROM sbtest6 WHERE id BETWEEN 6236830 AND 6236930
	Index Scan using sbtest6_pkey on sbtest6  (cost=0.43..380.00 rows=95 width=125)
	  Index Cond: ((id >= 6236830) AND (id <= 6236930))

table 7 : explain SELECT id, c FROM sbtest7 WHERE id BETWEEN 6236830 AND 6236930
	Index Scan using sbtest7_pkey on sbtest7  (cost=0.43..411.34 rows=103 width=125)
	  Index Cond: ((id >= 6236830) AND (id <= 6236930))

table 8 : explain SELECT id, c FROM sbtest8 WHERE id BETWEEN 6236830 AND 6236930
	Index Scan using sbtest8_pkey on sbtest8  (cost=0.43..407.71 rows=102 width=125)
	  Index Cond: ((id >= 6236830) AND (id <= 6236930))

explain: for range-notcovered :: explain SELECT id, c FROM sbtest%d WHERE id BETWEEN 6236830 AND 6236930
for range-notcovered
table 1 : explain SELECT id, c FROM sbtest1 WHERE id BETWEEN 4648080 AND 4648180
	Index Scan using sbtest1_pkey on sbtest1  (cost=0.43..397.29 rows=99 width=125)
	  Index Cond: ((id >= 4648080) AND (id <= 4648180))

table 2 : explain SELECT id, c FROM sbtest2 WHERE id BETWEEN 4648080 AND 4648180
	Index Scan using sbtest2_pkey on sbtest2  (cost=0.43..389.43 rows=97 width=125)
	  Index Cond: ((id >= 4648080) AND (id <= 4648180))

table 3 : explain SELECT id, c FROM sbtest3 WHERE id BETWEEN 4648080 AND 4648180
	Index Scan using sbtest3_pkey on sbtest3  (cost=0.43..385.25 rows=96 width=125)
	  Index Cond: ((id >= 4648080) AND (id <= 4648180))

table 4 : explain SELECT id, c FROM sbtest4 WHERE id BETWEEN 4648080 AND 4648180
	Index Scan using sbtest4_pkey on sbtest4  (cost=0.43..400.23 rows=100 width=125)
	  Index Cond: ((id >= 4648080) AND (id <= 4648180))

table 5 : explain SELECT id, c FROM sbtest5 WHERE id BETWEEN 4648080 AND 4648180
	Index Scan using sbtest5_pkey on sbtest5  (cost=0.43..415.86 rows=104 width=125)
	  Index Cond: ((id >= 4648080) AND (id <= 4648180))

table 6 : explain SELECT id, c FROM sbtest6 WHERE id BETWEEN 4648080 AND 4648180
	Index Scan using sbtest6_pkey on sbtest6  (cost=0.43..395.83 rows=99 width=125)
	  Index Cond: ((id >= 4648080) AND (id <= 4648180))

table 7 : explain SELECT id, c FROM sbtest7 WHERE id BETWEEN 4648080 AND 4648180
	Index Scan using sbtest7_pkey on sbtest7  (cost=0.43..435.04 rows=109 width=125)
	  Index Cond: ((id >= 4648080) AND (id <= 4648180))

table 8 : explain SELECT id, c FROM sbtest8 WHERE id BETWEEN 4648080 AND 4648180
	Index Scan using sbtest8_pkey on sbtest8  (cost=0.43..407.71 rows=102 width=125)
	  Index Cond: ((id >= 4648080) AND (id <= 4648180))

for range-notcovered
table 1 : explain SELECT id, c FROM sbtest1 WHERE id BETWEEN 8631445 AND 8631545
	Index Scan using sbtest1_pkey on sbtest1  (cost=0.43..389.36 rows=97 width=125)
	  Index Cond: ((id >= 8631445) AND (id <= 8631545))

table 2 : explain SELECT id, c FROM sbtest2 WHERE id BETWEEN 8631445 AND 8631545
	Index Scan using sbtest2_pkey on sbtest2  (cost=0.43..361.66 rows=90 width=125)
	  Index Cond: ((id >= 8631445) AND (id <= 8631545))

table 3 : explain SELECT id, c FROM sbtest3 WHERE id BETWEEN 8631445 AND 8631545
	Index Scan using sbtest3_pkey on sbtest3  (cost=0.43..397.15 rows=99 width=125)
	  Index Cond: ((id >= 8631445) AND (id <= 8631545))

table 4 : explain SELECT id, c FROM sbtest4 WHERE id BETWEEN 8631445 AND 8631545
	Index Scan using sbtest4_pkey on sbtest4  (cost=0.43..400.23 rows=100 width=125)
	  Index Cond: ((id >= 8631445) AND (id <= 8631545))

table 5 : explain SELECT id, c FROM sbtest5 WHERE id BETWEEN 8631445 AND 8631545
	Index Scan using sbtest5_pkey on sbtest5  (cost=0.43..400.04 rows=100 width=125)
	  Index Cond: ((id >= 8631445) AND (id <= 8631545))

table 6 : explain SELECT id, c FROM sbtest6 WHERE id BETWEEN 8631445 AND 8631545
	Index Scan using sbtest6_pkey on sbtest6  (cost=0.43..427.45 rows=107 width=125)
	  Index Cond: ((id >= 8631445) AND (id <= 8631545))

table 7 : explain SELECT id, c FROM sbtest7 WHERE id BETWEEN 8631445 AND 8631545
	Index Scan using sbtest7_pkey on sbtest7  (cost=0.43..395.55 rows=99 width=125)
	  Index Cond: ((id >= 8631445) AND (id <= 8631545))

table 8 : explain SELECT id, c FROM sbtest8 WHERE id BETWEEN 8631445 AND 8631545
	Index Scan using sbtest8_pkey on sbtest8  (cost=0.43..380.02 rows=95 width=125)
	  Index Cond: ((id >= 8631445) AND (id <= 8631545))

explain: for range-notcovered :: explain SELECT id, c FROM sbtest%d WHERE id BETWEEN 4648080 AND 4648180
explain: for range-notcovered :: explain SELECT id, c FROM sbtest%d WHERE id BETWEEN 8631445 AND 8631545
for range-notcovered
table 1 : explain SELECT id, c FROM sbtest1 WHERE id BETWEEN 6236830 AND 6236930
	Index Scan using sbtest1_pkey on sbtest1  (cost=0.43..385.39 rows=96 width=125)
	  Index Cond: ((id >= 6236830) AND (id <= 6236930))

table 2 : explain SELECT id, c FROM sbtest2 WHERE id BETWEEN 6236830 AND 6236930
	Index Scan using sbtest2_pkey on sbtest2  (cost=0.43..417.22 rows=104 width=125)
	  Index Cond: ((id >= 6236830) AND (id <= 6236930))

table 3 : explain SELECT id, c FROM sbtest3 WHERE id BETWEEN 6236830 AND 6236930
	Index Scan using sbtest3_pkey on sbtest3  (cost=0.43..401.12 rows=100 width=125)
	  Index Cond: ((id >= 6236830) AND (id <= 6236930))

table 4 : explain SELECT id, c FROM sbtest4 WHERE id BETWEEN 6236830 AND 6236930
	Index Scan using sbtest4_pkey on sbtest4  (cost=0.43..384.38 rows=96 width=125)
	  Index Cond: ((id >= 6236830) AND (id <= 6236930))

table 5 : explain SELECT id, c FROM sbtest5 WHERE id BETWEEN 6236830 AND 6236930
	Index Scan using sbtest5_pkey on sbtest5  (cost=0.43..403.99 rows=101 width=125)
	  Index Cond: ((id >= 6236830) AND (id <= 6236930))

table 6 : explain SELECT id, c FROM sbtest6 WHERE id BETWEEN 6236830 AND 6236930
	Index Scan using sbtest6_pkey on sbtest6  (cost=0.43..380.00 rows=95 width=125)
	  Index Cond: ((id >= 6236830) AND (id <= 6236930))

table 7 : explain SELECT id, c FROM sbtest7 WHERE id BETWEEN 6236830 AND 6236930
	Index Scan using sbtest7_pkey on sbtest7  (cost=0.43..411.34 rows=103 width=125)
	  Index Cond: ((id >= 6236830) AND (id <= 6236930))

table 8 : explain SELECT id, c FROM sbtest8 WHERE id BETWEEN 6236830 AND 6236930
	Index Scan using sbtest8_pkey on sbtest8  (cost=0.43..407.71 rows=102 width=125)
	  Index Cond: ((id >= 6236830) AND (id <= 6236930))

explain: for range-notcovered :: explain SELECT id, c FROM sbtest%d WHERE id BETWEEN 6236830 AND 6236930
explain: for range-notcovered :: explain SELECT id, c FROM sbtest%d WHERE id BETWEEN 4496128 AND 4496228
for range-notcovered
table 1 : explain SELECT id, c FROM sbtest1 WHERE id BETWEEN 8631445 AND 8631545
	Index Scan using sbtest1_pkey on sbtest1  (cost=0.43..389.36 rows=97 width=125)
	  Index Cond: ((id >= 8631445) AND (id <= 8631545))

table 2 : explain SELECT id, c FROM sbtest2 WHERE id BETWEEN 8631445 AND 8631545
	Index Scan using sbtest2_pkey on sbtest2  (cost=0.43..361.66 rows=90 width=125)
	  Index Cond: ((id >= 8631445) AND (id <= 8631545))

table 3 : explain SELECT id, c FROM sbtest3 WHERE id BETWEEN 8631445 AND 8631545
	Index Scan using sbtest3_pkey on sbtest3  (cost=0.43..397.15 rows=99 width=125)
	  Index Cond: ((id >= 8631445) AND (id <= 8631545))

table 4 : explain SELECT id, c FROM sbtest4 WHERE id BETWEEN 8631445 AND 8631545
	Index Scan using sbtest4_pkey on sbtest4  (cost=0.43..400.23 rows=100 width=125)
	  Index Cond: ((id >= 8631445) AND (id <= 8631545))

table 5 : explain SELECT id, c FROM sbtest5 WHERE id BETWEEN 8631445 AND 8631545
	Index Scan using sbtest5_pkey on sbtest5  (cost=0.43..400.04 rows=100 width=125)
	  Index Cond: ((id >= 8631445) AND (id <= 8631545))

table 6 : explain SELECT id, c FROM sbtest6 WHERE id BETWEEN 8631445 AND 8631545
	Index Scan using sbtest6_pkey on sbtest6  (cost=0.43..427.45 rows=107 width=125)
	  Index Cond: ((id >= 8631445) AND (id <= 8631545))

table 7 : explain SELECT id, c FROM sbtest7 WHERE id BETWEEN 8631445 AND 8631545
	Index Scan using sbtest7_pkey on sbtest7  (cost=0.43..395.55 rows=99 width=125)
	  Index Cond: ((id >= 8631445) AND (id <= 8631545))

table 8 : explain SELECT id, c FROM sbtest8 WHERE id BETWEEN 8631445 AND 8631545
	Index Scan using sbtest8_pkey on sbtest8  (cost=0.43..380.02 rows=95 width=125)
	  Index Cond: ((id >= 8631445) AND (id <= 8631545))

for range-notcovered
table 1 : explain SELECT id, c FROM sbtest1 WHERE id BETWEEN 3703728 AND 3703828
	Index Scan using sbtest1_pkey on sbtest1  (cost=0.43..436.98 rows=109 width=125)
	  Index Cond: ((id >= 3703728) AND (id <= 3703828))

table 2 : explain SELECT id, c FROM sbtest2 WHERE id BETWEEN 3703728 AND 3703828
	Index Scan using sbtest2_pkey on sbtest2  (cost=0.43..381.50 rows=95 width=125)
	  Index Cond: ((id >= 3703728) AND (id <= 3703828))

table 3 : explain SELECT id, c FROM sbtest3 WHERE id BETWEEN 3703728 AND 3703828
	Index Scan using sbtest3_pkey on sbtest3  (cost=0.43..397.15 rows=99 width=125)
	  Index Cond: ((id >= 3703728) AND (id <= 3703828))

table 4 : explain SELECT id, c FROM sbtest4 WHERE id BETWEEN 3703728 AND 3703828
	Index Scan using sbtest4_pkey on sbtest4  (cost=0.43..380.43 rows=95 width=125)
	  Index Cond: ((id >= 3703728) AND (id <= 3703828))

table 5 : explain SELECT id, c FROM sbtest5 WHERE id BETWEEN 3703728 AND 3703828
	Index Scan using sbtest5_pkey on sbtest5  (cost=0.43..419.81 rows=105 width=125)
	  Index Cond: ((id >= 3703728) AND (id <= 3703828))

table 6 : explain SELECT id, c FROM sbtest6 WHERE id BETWEEN 3703728 AND 3703828
	Index Scan using sbtest6_pkey on sbtest6  (cost=0.43..380.00 rows=95 width=125)
	  Index Cond: ((id >= 3703728) AND (id <= 3703828))

table 7 : explain SELECT id, c FROM sbtest7 WHERE id BETWEEN 3703728 AND 3703828
	Index Scan using sbtest7_pkey on sbtest7  (cost=0.43..395.55 rows=99 width=125)
	  Index Cond: ((id >= 3703728) AND (id <= 3703828))

table 8 : explain SELECT id, c FROM sbtest8 WHERE id BETWEEN 3703728 AND 3703828
	Index Scan using sbtest8_pkey on sbtest8  (cost=0.43..399.80 rows=100 width=125)
	  Index Cond: ((id >= 3703728) AND (id <= 3703828))

explain: for range-notcovered :: explain SELECT id, c FROM sbtest%d WHERE id BETWEEN 8631445 AND 8631545
explain: for range-notcovered :: explain SELECT id, c FROM sbtest%d WHERE id BETWEEN 3703728 AND 3703828
for range-notcovered
table 1 : explain SELECT id, c FROM sbtest1 WHERE id BETWEEN 8631445 AND 8631545
	Index Scan using sbtest1_pkey on sbtest1  (cost=0.43..389.36 rows=97 width=125)
	  Index Cond: ((id >= 8631445) AND (id <= 8631545))

table 2 : explain SELECT id, c FROM sbtest2 WHERE id BETWEEN 8631445 AND 8631545
	Index Scan using sbtest2_pkey on sbtest2  (cost=0.43..361.66 rows=90 width=125)
	  Index Cond: ((id >= 8631445) AND (id <= 8631545))

table 3 : explain SELECT id, c FROM sbtest3 WHERE id BETWEEN 8631445 AND 8631545
	Index Scan using sbtest3_pkey on sbtest3  (cost=0.43..397.15 rows=99 width=125)
	  Index Cond: ((id >= 8631445) AND (id <= 8631545))

table 4 : explain SELECT id, c FROM sbtest4 WHERE id BETWEEN 8631445 AND 8631545
	Index Scan using sbtest4_pkey on sbtest4  (cost=0.43..400.23 rows=100 width=125)
	  Index Cond: ((id >= 8631445) AND (id <= 8631545))

table 5 : explain SELECT id, c FROM sbtest5 WHERE id BETWEEN 8631445 AND 8631545
	Index Scan using sbtest5_pkey on sbtest5  (cost=0.43..400.04 rows=100 width=125)
	  Index Cond: ((id >= 8631445) AND (id <= 8631545))

table 6 : explain SELECT id, c FROM sbtest6 WHERE id BETWEEN 8631445 AND 8631545
	Index Scan using sbtest6_pkey on sbtest6  (cost=0.43..427.45 rows=107 width=125)
	  Index Cond: ((id >= 8631445) AND (id <= 8631545))

table 7 : explain SELECT id, c FROM sbtest7 WHERE id BETWEEN 8631445 AND 8631545
	Index Scan using sbtest7_pkey on sbtest7  (cost=0.43..395.55 rows=99 width=125)
	  Index Cond: ((id >= 8631445) AND (id <= 8631545))

table 8 : explain SELECT id, c FROM sbtest8 WHERE id BETWEEN 8631445 AND 8631545
	Index Scan using sbtest8_pkey on sbtest8  (cost=0.43..380.02 rows=95 width=125)
	  Index Cond: ((id >= 8631445) AND (id <= 8631545))

explain: for range-notcovered :: explain SELECT id, c FROM sbtest%d WHERE id BETWEEN 8631445 AND 8631545
explain: for range-notcovered :: explain SELECT id, c FROM sbtest%d WHERE id BETWEEN 4390989 AND 4391089
explain: for range-notcovered :: explain SELECT id, c FROM sbtest%d WHERE id BETWEEN 5787453 AND 5787553
for range-notcovered
table 1 : explain SELECT id, c FROM sbtest1 WHERE id BETWEEN 8631445 AND 8631545
	Index Scan using sbtest1_pkey on sbtest1  (cost=0.43..389.36 rows=97 width=125)
	  Index Cond: ((id >= 8631445) AND (id <= 8631545))

table 2 : explain SELECT id, c FROM sbtest2 WHERE id BETWEEN 8631445 AND 8631545
	Index Scan using sbtest2_pkey on sbtest2  (cost=0.43..361.66 rows=90 width=125)
	  Index Cond: ((id >= 8631445) AND (id <= 8631545))

table 3 : explain SELECT id, c FROM sbtest3 WHERE id BETWEEN 8631445 AND 8631545
	Index Scan using sbtest3_pkey on sbtest3  (cost=0.43..397.15 rows=99 width=125)
	  Index Cond: ((id >= 8631445) AND (id <= 8631545))

table 4 : explain SELECT id, c FROM sbtest4 WHERE id BETWEEN 8631445 AND 8631545
	Index Scan using sbtest4_pkey on sbtest4  (cost=0.43..400.23 rows=100 width=125)
	  Index Cond: ((id >= 8631445) AND (id <= 8631545))

table 5 : explain SELECT id, c FROM sbtest5 WHERE id BETWEEN 8631445 AND 8631545
	Index Scan using sbtest5_pkey on sbtest5  (cost=0.43..400.04 rows=100 width=125)
	  Index Cond: ((id >= 8631445) AND (id <= 8631545))

table 6 : explain SELECT id, c FROM sbtest6 WHERE id BETWEEN 8631445 AND 8631545
	Index Scan using sbtest6_pkey on sbtest6  (cost=0.43..427.45 rows=107 width=125)
	  Index Cond: ((id >= 8631445) AND (id <= 8631545))

table 7 : explain SELECT id, c FROM sbtest7 WHERE id BETWEEN 8631445 AND 8631545
	Index Scan using sbtest7_pkey on sbtest7  (cost=0.43..395.55 rows=99 width=125)
	  Index Cond: ((id >= 8631445) AND (id <= 8631545))

table 8 : explain SELECT id, c FROM sbtest8 WHERE id BETWEEN 8631445 AND 8631545
	Index Scan using sbtest8_pkey on sbtest8  (cost=0.43..380.02 rows=95 width=125)
	  Index Cond: ((id >= 8631445) AND (id <= 8631545))

for range-notcovered
table 1 : explain SELECT id, c FROM sbtest1 WHERE id BETWEEN 4903024 AND 4903124
	Index Scan using sbtest1_pkey on sbtest1  (cost=0.43..429.05 rows=107 width=125)
	  Index Cond: ((id >= 4903024) AND (id <= 4903124))

table 2 : explain SELECT id, c FROM sbtest2 WHERE id BETWEEN 4903024 AND 4903124
	Index Scan using sbtest2_pkey on sbtest2  (cost=0.43..448.97 rows=112 width=125)
	  Index Cond: ((id >= 4903024) AND (id <= 4903124))

table 3 : explain SELECT id, c FROM sbtest3 WHERE id BETWEEN 4903024 AND 4903124
	Index Scan using sbtest3_pkey on sbtest3  (cost=0.43..424.93 rows=106 width=125)
	  Index Cond: ((id >= 4903024) AND (id <= 4903124))

table 4 : explain SELECT id, c FROM sbtest4 WHERE id BETWEEN 4903024 AND 4903124
	Index Scan using sbtest4_pkey on sbtest4  (cost=0.43..400.23 rows=100 width=125)
	  Index Cond: ((id >= 4903024) AND (id <= 4903124))

table 5 : explain SELECT id, c FROM sbtest5 WHERE id BETWEEN 4903024 AND 4903124
	Index Scan using sbtest5_pkey on sbtest5  (cost=0.43..400.04 rows=100 width=125)
	  Index Cond: ((id >= 4903024) AND (id <= 4903124))

table 6 : explain SELECT id, c FROM sbtest6 WHERE id BETWEEN 4903024 AND 4903124
	Index Scan using sbtest6_pkey on sbtest6  (cost=0.43..368.14 rows=92 width=125)
	  Index Cond: ((id >= 4903024) AND (id <= 4903124))

table 7 : explain SELECT id, c FROM sbtest7 WHERE id BETWEEN 4903024 AND 4903124
	Index Scan using sbtest7_pkey on sbtest7  (cost=0.43..419.24 rows=105 width=125)
	  Index Cond: ((id >= 4903024) AND (id <= 4903124))

table 8 : explain SELECT id, c FROM sbtest8 WHERE id BETWEEN 4903024 AND 4903124
	Index Scan using sbtest8_pkey on sbtest8  (cost=0.43..431.42 rows=108 width=125)
	  Index Cond: ((id >= 4903024) AND (id <= 4903124))

explain: for range-notcovered :: explain SELECT id, c FROM sbtest%d WHERE id BETWEEN 4903024 AND 4903124
for range-notcovered
table 1 : explain SELECT id, c FROM sbtest1 WHERE id BETWEEN 5252725 AND 5252825
	Index Scan using sbtest1_pkey on sbtest1  (cost=0.43..369.52 rows=92 width=125)
	  Index Cond: ((id >= 5252725) AND (id <= 5252825))

table 2 : explain SELECT id, c FROM sbtest2 WHERE id BETWEEN 5252725 AND 5252825
	Index Scan using sbtest2_pkey on sbtest2  (cost=0.43..405.32 rows=101 width=125)
	  Index Cond: ((id >= 5252725) AND (id <= 5252825))

table 3 : explain SELECT id, c FROM sbtest3 WHERE id BETWEEN 5252725 AND 5252825
	Index Scan using sbtest3_pkey on sbtest3  (cost=0.43..432.86 rows=108 width=125)
	  Index Cond: ((id >= 5252725) AND (id <= 5252825))

table 4 : explain SELECT id, c FROM sbtest4 WHERE id BETWEEN 5252725 AND 5252825
	Index Scan using sbtest4_pkey on sbtest4  (cost=0.43..388.34 rows=97 width=125)
	  Index Cond: ((id >= 5252725) AND (id <= 5252825))

table 5 : explain SELECT id, c FROM sbtest5 WHERE id BETWEEN 5252725 AND 5252825
	Index Scan using sbtest5_pkey on sbtest5  (cost=0.43..376.29 rows=94 width=125)
	  Index Cond: ((id >= 5252725) AND (id <= 5252825))

table 6 : explain SELECT id, c FROM sbtest6 WHERE id BETWEEN 5252725 AND 5252825
	Index Scan using sbtest6_pkey on sbtest6  (cost=0.43..383.95 rows=96 width=125)
	  Index Cond: ((id >= 5252725) AND (id <= 5252825))

table 7 : explain SELECT id, c FROM sbtest7 WHERE id BETWEEN 5252725 AND 5252825
	Index Scan using sbtest7_pkey on sbtest7  (cost=0.43..427.14 rows=107 width=125)
	  Index Cond: ((id >= 5252725) AND (id <= 5252825))

table 8 : explain SELECT id, c FROM sbtest8 WHERE id BETWEEN 5252725 AND 5252825
	Index Scan using sbtest8_pkey on sbtest8  (cost=0.43..403.75 rows=101 width=125)
	  Index Cond: ((id >= 5252725) AND (id <= 5252825))

explain: for range-notcovered :: explain SELECT id, c FROM sbtest%d WHERE id BETWEEN 5252725 AND 5252825for range-notcovered
table 1 : explain SELECT id, c FROM sbtest1 WHERE id BETWEEN 3468578 AND 3468678
	Index Scan using sbtest1_pkey on sbtest1  (cost=0.43..377.46 rows=94 width=125)
	  Index Cond: ((id >= 3468578) AND (id <= 3468678))

table 2 : explain SELECT id, c FROM sbtest2 WHERE id BETWEEN 3468578 AND 3468678
	Index Scan using sbtest2_pkey on sbtest2  (cost=0.43..385.46 rows=96 width=125)
	  Index Cond: ((id >= 3468578) AND (id <= 3468678))

table 3 : explain SELECT id, c FROM sbtest3 WHERE id BETWEEN 3468578 AND 3468678
	Index Scan using sbtest3_pkey on sbtest3  (cost=0.43..381.29 rows=95 width=125)
	  Index Cond: ((id >= 3468578) AND (id <= 3468678))

table 4 : explain SELECT id, c FROM sbtest4 WHERE id BETWEEN 3468578 AND 3468678
	Index Scan using sbtest4_pkey on sbtest4  (cost=0.43..416.05 rows=104 width=125)
	  Index Cond: ((id >= 3468578) AND (id <= 3468678))

table 5 : explain SELECT id, c FROM sbtest5 WHERE id BETWEEN 3468578 AND 3468678
	Index Scan using sbtest5_pkey on sbtest5  (cost=0.43..403.99 rows=101 width=125)
	  Index Cond: ((id >= 3468578) AND (id <= 3468678))

table 6 : explain SELECT id, c FROM sbtest6 WHERE id BETWEEN 3468578 AND 3468678
	Index Scan using sbtest6_pkey on sbtest6  (cost=0.43..419.54 rows=105 width=125)
	  Index Cond: ((id >= 3468578) AND (id <= 3468678))

table 7 : explain SELECT id, c FROM sbtest7 WHERE id BETWEEN 3468578 AND 3468678
	Index Scan using sbtest7_pkey on sbtest7  (cost=0.43..387.63 rows=97 width=125)
	  Index Cond: ((id >= 3468578) AND (id <= 3468678))

table 8 : explain SELECT id, c FROM sbtest8 WHERE id BETWEEN 3468578 AND 3468678
	Index Scan using sbtest8_pkey on sbtest8  (cost=0.43..431.42 rows=108 width=125)
	  Index Cond: ((id >= 3468578) AND (id <= 3468678))


explain: for range-notcovered :: explain SELECT id, c FROM sbtest%d WHERE id BETWEEN 3468578 AND 3468678
for range-notcovered
table 1 : explain SELECT id, c FROM sbtest1 WHERE id BETWEEN 4903024 AND 4903124
	Index Scan using sbtest1_pkey on sbtest1  (cost=0.43..429.05 rows=107 width=125)
	  Index Cond: ((id >= 4903024) AND (id <= 4903124))

table 2 : explain SELECT id, c FROM sbtest2 WHERE id BETWEEN 4903024 AND 4903124
	Index Scan using sbtest2_pkey on sbtest2  (cost=0.43..448.97 rows=112 width=125)
	  Index Cond: ((id >= 4903024) AND (id <= 4903124))

table 3 : explain SELECT id, c FROM sbtest3 WHERE id BETWEEN 4903024 AND 4903124
	Index Scan using sbtest3_pkey on sbtest3  (cost=0.43..424.93 rows=106 width=125)
	  Index Cond: ((id >= 4903024) AND (id <= 4903124))

table 4 : explain SELECT id, c FROM sbtest4 WHERE id BETWEEN 4903024 AND 4903124
	Index Scan using sbtest4_pkey on sbtest4  (cost=0.43..400.23 rows=100 width=125)
	  Index Cond: ((id >= 4903024) AND (id <= 4903124))

table 5 : explain SELECT id, c FROM sbtest5 WHERE id BETWEEN 4903024 AND 4903124
	Index Scan using sbtest5_pkey on sbtest5  (cost=0.43..400.04 rows=100 width=125)
	  Index Cond: ((id >= 4903024) AND (id <= 4903124))

table 6 : explain SELECT id, c FROM sbtest6 WHERE id BETWEEN 4903024 AND 4903124
	Index Scan using sbtest6_pkey on sbtest6  (cost=0.43..368.14 rows=92 width=125)
	  Index Cond: ((id >= 4903024) AND (id <= 4903124))

table 7 : explain SELECT id, c FROM sbtest7 WHERE id BETWEEN 4903024 AND 4903124
	Index Scan using sbtest7_pkey on sbtest7  (cost=0.43..419.24 rows=105 width=125)
	  Index Cond: ((id >= 4903024) AND (id <= 4903124))

table 8 : explain SELECT id, c FROM sbtest8 WHERE id BETWEEN 4903024 AND 4903124
	Index Scan using sbtest8_pkey on sbtest8  (cost=0.43..431.42 rows=108 width=125)
	  Index Cond: ((id >= 4903024) AND (id <= 4903124))

explain: for range-notcovered :: explain SELECT id, c FROM sbtest%d WHERE id BETWEEN 4903024 AND 4903124
for range-notcovered
table 1 : explain SELECT id, c FROM sbtest1 WHERE id BETWEEN 5252725 AND 5252825
	Index Scan using sbtest1_pkey on sbtest1  (cost=0.43..369.52 rows=92 width=125)
	  Index Cond: ((id >= 5252725) AND (id <= 5252825))

table 2 : explain SELECT id, c FROM sbtest2 WHERE id BETWEEN 5252725 AND 5252825
	Index Scan using sbtest2_pkey on sbtest2  (cost=0.43..405.32 rows=101 width=125)
	  Index Cond: ((id >= 5252725) AND (id <= 5252825))

table 3 : explain SELECT id, c FROM sbtest3 WHERE id BETWEEN 5252725 AND 5252825
	Index Scan using sbtest3_pkey on sbtest3  (cost=0.43..432.86 rows=108 width=125)
	  Index Cond: ((id >= 5252725) AND (id <= 5252825))

table 4 : explain SELECT id, c FROM sbtest4 WHERE id BETWEEN 5252725 AND 5252825
	Index Scan using sbtest4_pkey on sbtest4  (cost=0.43..388.34 rows=97 width=125)
	  Index Cond: ((id >= 5252725) AND (id <= 5252825))

table 5 : explain SELECT id, c FROM sbtest5 WHERE id BETWEEN 5252725 AND 5252825
	Index Scan using sbtest5_pkey on sbtest5  (cost=0.43..376.29 rows=94 width=125)
	  Index Cond: ((id >= 5252725) AND (id <= 5252825))

table 6 : explain SELECT id, c FROM sbtest6 WHERE id BETWEEN 5252725 AND 5252825
	Index Scan using sbtest6_pkey on sbtest6  (cost=0.43..383.95 rows=96 width=125)
	  Index Cond: ((id >= 5252725) AND (id <= 5252825))

table 7 : explain SELECT id, c FROM sbtest7 WHERE id BETWEEN 5252725 AND 5252825
	Index Scan using sbtest7_pkey on sbtest7  (cost=0.43..427.14 rows=107 width=125)
	  Index Cond: ((id >= 5252725) AND (id <= 5252825))

table 8 : explain SELECT id, c FROM sbtest8 WHERE id BETWEEN 5252725 AND 5252825
	Index Scan using sbtest8_pkey on sbtest8  (cost=0.43..403.75 rows=101 width=125)
	  Index Cond: ((id >= 5252725) AND (id <= 5252825))

explain: for range-notcovered :: explain SELECT id, c FROM sbtest%d WHERE id BETWEEN 5252725 AND 5252825
for range-notcovered
table 1 : explain SELECT id, c FROM sbtest1 WHERE id BETWEEN 3468578 AND 3468678
	Index Scan using sbtest1_pkey on sbtest1  (cost=0.43..377.46 rows=94 width=125)
	  Index Cond: ((id >= 3468578) AND (id <= 3468678))

table 2 : explain SELECT id, c FROM sbtest2 WHERE id BETWEEN 3468578 AND 3468678
	Index Scan using sbtest2_pkey on sbtest2  (cost=0.43..385.46 rows=96 width=125)
	  Index Cond: ((id >= 3468578) AND (id <= 3468678))

table 3 : explain SELECT id, c FROM sbtest3 WHERE id BETWEEN 3468578 AND 3468678
	Index Scan using sbtest3_pkey on sbtest3  (cost=0.43..381.29 rows=95 width=125)
	  Index Cond: ((id >= 3468578) AND (id <= 3468678))

table 4 : explain SELECT id, c FROM sbtest4 WHERE id BETWEEN 3468578 AND 3468678
	Index Scan using sbtest4_pkey on sbtest4  (cost=0.43..416.05 rows=104 width=125)
	  Index Cond: ((id >= 3468578) AND (id <= 3468678))

table 5 : explain SELECT id, c FROM sbtest5 WHERE id BETWEEN 3468578 AND 3468678
	Index Scan using sbtest5_pkey on sbtest5  (cost=0.43..403.99 rows=101 width=125)
	  Index Cond: ((id >= 3468578) AND (id <= 3468678))

table 6 : explain SELECT id, c FROM sbtest6 WHERE id BETWEEN 3468578 AND 3468678
	Index Scan using sbtest6_pkey on sbtest6  (cost=0.43..419.54 rows=105 width=125)
	  Index Cond: ((id >= 3468578) AND (id <= 3468678))

table 7 : explain SELECT id, c FROM sbtest7 WHERE id BETWEEN 3468578 AND 3468678
	Index Scan using sbtest7_pkey on sbtest7  (cost=0.43..387.63 rows=97 width=125)
	  Index Cond: ((id >= 3468578) AND (id <= 3468678))

table 8 : explain SELECT id, c FROM sbtest8 WHERE id BETWEEN 3468578 AND 3468678
	Index Scan using sbtest8_pkey on sbtest8  (cost=0.43..431.42 rows=108 width=125)
	  Index Cond: ((id >= 3468578) AND (id <= 3468678))

explain: for range-notcovered :: explain SELECT id, c FROM sbtest%d WHERE id BETWEEN 3468578 AND 3468678
for range-notcovered
table 1 : explain SELECT id, c FROM sbtest1 WHERE id BETWEEN 4648080 AND 4648180
	Index Scan using sbtest1_pkey on sbtest1  (cost=0.43..397.29 rows=99 width=125)
	  Index Cond: ((id >= 4648080) AND (id <= 4648180))

table 2 : explain SELECT id, c FROM sbtest2 WHERE id BETWEEN 4648080 AND 4648180
	Index Scan using sbtest2_pkey on sbtest2  (cost=0.43..389.43 rows=97 width=125)
	  Index Cond: ((id >= 4648080) AND (id <= 4648180))

table 3 : explain SELECT id, c FROM sbtest3 WHERE id BETWEEN 4648080 AND 4648180
	Index Scan using sbtest3_pkey on sbtest3  (cost=0.43..385.25 rows=96 width=125)
	  Index Cond: ((id >= 4648080) AND (id <= 4648180))

table 4 : explain SELECT id, c FROM sbtest4 WHERE id BETWEEN 4648080 AND 4648180
	Index Scan using sbtest4_pkey on sbtest4  (cost=0.43..400.23 rows=100 width=125)
	  Index Cond: ((id >= 4648080) AND (id <= 4648180))

table 5 : explain SELECT id, c FROM sbtest5 WHERE id BETWEEN 4648080 AND 4648180
	Index Scan using sbtest5_pkey on sbtest5  (cost=0.43..415.86 rows=104 width=125)
	  Index Cond: ((id >= 4648080) AND (id <= 4648180))

table 6 : explain SELECT id, c FROM sbtest6 WHERE id BETWEEN 4648080 AND 4648180
	Index Scan using sbtest6_pkey on sbtest6  (cost=0.43..395.83 rows=99 width=125)
	  Index Cond: ((id >= 4648080) AND (id <= 4648180))

table 7 : explain SELECT id, c FROM sbtest7 WHERE id BETWEEN 4648080 AND 4648180
	Index Scan using sbtest7_pkey on sbtest7  (cost=0.43..435.04 rows=109 width=125)
	  Index Cond: ((id >= 4648080) AND (id <= 4648180))

table 8 : explain SELECT id, c FROM sbtest8 WHERE id BETWEEN 4648080 AND 4648180
	Index Scan using sbtest8_pkey on sbtest8  (cost=0.43..407.71 rows=102 width=125)
	  Index Cond: ((id >= 4648080) AND (id <= 4648180))

for range-notcovered
table 1 : explain SELECT id, c FROM sbtest1 WHERE id BETWEEN 4903024 AND 4903124
	Index Scan using sbtest1_pkey on sbtest1  (cost=0.43..429.05 rows=107 width=125)
	  Index Cond: ((id >= 4903024) AND (id <= 4903124))

table 2 : explain SELECT id, c FROM sbtest2 WHERE id BETWEEN 4903024 AND 4903124
	Index Scan using sbtest2_pkey on sbtest2  (cost=0.43..448.97 rows=112 width=125)
	  Index Cond: ((id >= 4903024) AND (id <= 4903124))

table 3 : explain SELECT id, c FROM sbtest3 WHERE id BETWEEN 4903024 AND 4903124
	Index Scan using sbtest3_pkey on sbtest3  (cost=0.43..424.93 rows=106 width=125)
	  Index Cond: ((id >= 4903024) AND (id <= 4903124))

table 4 : explain SELECT id, c FROM sbtest4 WHERE id BETWEEN 4903024 AND 4903124
	Index Scan using sbtest4_pkey on sbtest4  (cost=0.43..400.23 rows=100 width=125)
	  Index Cond: ((id >= 4903024) AND (id <= 4903124))

table 5 : explain SELECT id, c FROM sbtest5 WHERE id BETWEEN 4903024 AND 4903124
	Index Scan using sbtest5_pkey on sbtest5  (cost=0.43..400.04 rows=100 width=125)
	  Index Cond: ((id >= 4903024) AND (id <= 4903124))

table 6 : explain SELECT id, c FROM sbtest6 WHERE id BETWEEN 4903024 AND 4903124
	Index Scan using sbtest6_pkey on sbtest6  (cost=0.43..368.14 rows=92 width=125)
	  Index Cond: ((id >= 4903024) AND (id <= 4903124))

table 7 : explain SELECT id, c FROM sbtest7 WHERE id BETWEEN 4903024 AND 4903124
	Index Scan using sbtest7_pkey on sbtest7  (cost=0.43..419.24 rows=105 width=125)
	  Index Cond: ((id >= 4903024) AND (id <= 4903124))

table 8 : explain SELECT id, c FROM sbtest8 WHERE id BETWEEN 4903024 AND 4903124
	Index Scan using sbtest8_pkey on sbtest8  (cost=0.43..431.42 rows=108 width=125)
	  Index Cond: ((id >= 4903024) AND (id <= 4903124))

explain: for range-notcovered :: explain SELECT id, c FROM sbtest%d WHERE id BETWEEN 4903024 AND 4903124
for range-notcovered
table 1 : explain SELECT id, c FROM sbtest1 WHERE id BETWEEN 5252725 AND 5252825
	Index Scan using sbtest1_pkey on sbtest1  (cost=0.43..369.52 rows=92 width=125)
	  Index Cond: ((id >= 5252725) AND (id <= 5252825))

table 2 : explain SELECT id, c FROM sbtest2 WHERE id BETWEEN 5252725 AND 5252825
	Index Scan using sbtest2_pkey on sbtest2  (cost=0.43..405.32 rows=101 width=125)
	  Index Cond: ((id >= 5252725) AND (id <= 5252825))

table 3 : explain SELECT id, c FROM sbtest3 WHERE id BETWEEN 5252725 AND 5252825
	Index Scan using sbtest3_pkey on sbtest3  (cost=0.43..432.86 rows=108 width=125)
	  Index Cond: ((id >= 5252725) AND (id <= 5252825))

table 4 : explain SELECT id, c FROM sbtest4 WHERE id BETWEEN 5252725 AND 5252825
	Index Scan using sbtest4_pkey on sbtest4  (cost=0.43..388.34 rows=97 width=125)
	  Index Cond: ((id >= 5252725) AND (id <= 5252825))

table 5 : explain SELECT id, c FROM sbtest5 WHERE id BETWEEN 5252725 AND 5252825
	Index Scan using sbtest5_pkey on sbtest5  (cost=0.43..376.29 rows=94 width=125)
	  Index Cond: ((id >= 5252725) AND (id <= 5252825))

table 6 : explain SELECT id, c FROM sbtest6 WHERE id BETWEEN 5252725 AND 5252825
	Index Scan using sbtest6_pkey on sbtest6  (cost=0.43..383.95 rows=96 width=125)
	  Index Cond: ((id >= 5252725) AND (id <= 5252825))

table 7 : explain SELECT id, c FROM sbtest7 WHERE id BETWEEN 5252725 AND 5252825
	Index Scan using sbtest7_pkey on sbtest7  (cost=0.43..427.14 rows=107 width=125)
	  Index Cond: ((id >= 5252725) AND (id <= 5252825))

table 8 : explain SELECT id, c FROM sbtest8 WHERE id BETWEEN 5252725 AND 5252825
	Index Scan using sbtest8_pkey on sbtest8  (cost=0.43..403.75 rows=101 width=125)
	  Index Cond: ((id >= 5252725) AND (id <= 5252825))

explain: for range-notcovered :: explain SELECT id, c FROM sbtest%d WHERE id BETWEEN 5252725 AND 5252825
for range-notcovered
table 1 : explain SELECT id, c FROM sbtest1 WHERE id BETWEEN 3703728 AND 3703828
	Index Scan using sbtest1_pkey on sbtest1  (cost=0.43..436.98 rows=109 width=125)
	  Index Cond: ((id >= 3703728) AND (id <= 3703828))

table 2 : explain SELECT id, c FROM sbtest2 WHERE id BETWEEN 3703728 AND 3703828
	Index Scan using sbtest2_pkey on sbtest2  (cost=0.43..381.50 rows=95 width=125)
	  Index Cond: ((id >= 3703728) AND (id <= 3703828))

table 3 : explain SELECT id, c FROM sbtest3 WHERE id BETWEEN 3703728 AND 3703828
	Index Scan using sbtest3_pkey on sbtest3  (cost=0.43..397.15 rows=99 width=125)
	  Index Cond: ((id >= 3703728) AND (id <= 3703828))

table 4 : explain SELECT id, c FROM sbtest4 WHERE id BETWEEN 3703728 AND 3703828
	Index Scan using sbtest4_pkey on sbtest4  (cost=0.43..380.43 rows=95 width=125)
	  Index Cond: ((id >= 3703728) AND (id <= 3703828))

table 5 : explain SELECT id, c FROM sbtest5 WHERE id BETWEEN 3703728 AND 3703828
	Index Scan using sbtest5_pkey on sbtest5  (cost=0.43..419.81 rows=105 width=125)
	  Index Cond: ((id >= 3703728) AND (id <= 3703828))

table 6 : explain SELECT id, c FROM sbtest6 WHERE id BETWEEN 3703728 AND 3703828
	Index Scan using sbtest6_pkey on sbtest6  (cost=0.43..380.00 rows=95 width=125)
	  Index Cond: ((id >= 3703728) AND (id <= 3703828))

table 7 : explain SELECT id, c FROM sbtest7 WHERE id BETWEEN 3703728 AND 3703828
	Index Scan using sbtest7_pkey on sbtest7  (cost=0.43..395.55 rows=99 width=125)
	  Index Cond: ((id >= 3703728) AND (id <= 3703828))

table 8 : explain SELECT id, c FROM sbtest8 WHERE id BETWEEN 3703728 AND 3703828
	Index Scan using sbtest8_pkey on sbtest8  (cost=0.43..399.80 rows=100 width=125)
	  Index Cond: ((id >= 3703728) AND (id <= 3703828))

for range-notcovered
table 1 : explain SELECT id, c FROM sbtest1 WHERE id BETWEEN 3468578 AND 3468678
	Index Scan using sbtest1_pkey on sbtest1  (cost=0.43..377.46 rows=94 width=125)
	  Index Cond: ((id >= 3468578) AND (id <= 3468678))

table 2 : explain SELECT id, c FROM sbtest2 WHERE id BETWEEN 3468578 AND 3468678
	Index Scan using sbtest2_pkey on sbtest2  (cost=0.43..385.46 rows=96 width=125)
	  Index Cond: ((id >= 3468578) AND (id <= 3468678))

table 3 : explain SELECT id, c FROM sbtest3 WHERE id BETWEEN 3468578 AND 3468678
	Index Scan using sbtest3_pkey on sbtest3  (cost=0.43..381.29 rows=95 width=125)
	  Index Cond: ((id >= 3468578) AND (id <= 3468678))

table 4 : explain SELECT id, c FROM sbtest4 WHERE id BETWEEN 3468578 AND 3468678
	Index Scan using sbtest4_pkey on sbtest4  (cost=0.43..416.05 rows=104 width=125)
	  Index Cond: ((id >= 3468578) AND (id <= 3468678))

table 5 : explain SELECT id, c FROM sbtest5 WHERE id BETWEEN 3468578 AND 3468678
	Index Scan using sbtest5_pkey on sbtest5  (cost=0.43..403.99 rows=101 width=125)
	  Index Cond: ((id >= 3468578) AND (id <= 3468678))

table 6 : explain SELECT id, c FROM sbtest6 WHERE id BETWEEN 3468578 AND 3468678
	Index Scan using sbtest6_pkey on sbtest6  (cost=0.43..419.54 rows=105 width=125)
	  Index Cond: ((id >= 3468578) AND (id <= 3468678))

table 7 : explain SELECT id, c FROM sbtest7 WHERE id BETWEEN 3468578 AND 3468678
	Index Scan using sbtest7_pkey on sbtest7  (cost=0.43..387.63 rows=97 width=125)
	  Index Cond: ((id >= 3468578) AND (id <= 3468678))

table 8 : explain SELECT id, c FROM sbtest8 WHERE id BETWEEN 3468578 AND 3468678
	Index Scan using sbtest8_pkey on sbtest8  (cost=0.43..431.42 rows=108 width=125)
	  Index Cond: ((id >= 3468578) AND (id <= 3468678))

explain: for range-notcovered :: explain SELECT id, c FROM sbtest%d WHERE id BETWEEN 3468578 AND 3468678
for range-notcovered
table 1 : explain SELECT id, c FROM sbtest1 WHERE id BETWEEN 6236830 AND 6236930
	Index Scan using sbtest1_pkey on sbtest1  (cost=0.43..385.39 rows=96 width=125)
	  Index Cond: ((id >= 6236830) AND (id <= 6236930))

table 2 : explain SELECT id, c FROM sbtest2 WHERE id BETWEEN 6236830 AND 6236930
	Index Scan using sbtest2_pkey on sbtest2  (cost=0.43..417.22 rows=104 width=125)
	  Index Cond: ((id >= 6236830) AND (id <= 6236930))

table 3 : explain SELECT id, c FROM sbtest3 WHERE id BETWEEN 6236830 AND 6236930
	Index Scan using sbtest3_pkey on sbtest3  (cost=0.43..401.12 rows=100 width=125)
	  Index Cond: ((id >= 6236830) AND (id <= 6236930))

table 4 : explain SELECT id, c FROM sbtest4 WHERE id BETWEEN 6236830 AND 6236930
	Index Scan using sbtest4_pkey on sbtest4  (cost=0.43..384.38 rows=96 width=125)
	  Index Cond: ((id >= 6236830) AND (id <= 6236930))

table 5 : explain SELECT id, c FROM sbtest5 WHERE id BETWEEN 6236830 AND 6236930
	Index Scan using sbtest5_pkey on sbtest5  (cost=0.43..403.99 rows=101 width=125)
	  Index Cond: ((id >= 6236830) AND (id <= 6236930))

table 6 : explain SELECT id, c FROM sbtest6 WHERE id BETWEEN 6236830 AND 6236930
	Index Scan using sbtest6_pkey on sbtest6  (cost=0.43..380.00 rows=95 width=125)
	  Index Cond: ((id >= 6236830) AND (id <= 6236930))

table 7 : explain SELECT id, c FROM sbtest7 WHERE id BETWEEN 6236830 AND 6236930
	Index Scan using sbtest7_pkey on sbtest7  (cost=0.43..411.34 rows=103 width=125)
	  Index Cond: ((id >= 6236830) AND (id <= 6236930))

table 8 : explain SELECT id, c FROM sbtest8 WHERE id BETWEEN 6236830 AND 6236930
	Index Scan using sbtest8_pkey on sbtest8  (cost=0.43..407.71 rows=102 width=125)
	  Index Cond: ((id >= 6236830) AND (id <= 6236930))

explain: for range-notcovered :: explain SELECT id, c FROM sbtest%d WHERE id BETWEEN 3703728 AND 3703828
for range-notcovered
table 1 : explain SELECT id, c FROM sbtest1 WHERE id BETWEEN 5252725 AND 5252825
	Index Scan using sbtest1_pkey on sbtest1  (cost=0.43..369.52 rows=92 width=125)
	  Index Cond: ((id >= 5252725) AND (id <= 5252825))

table 2 : explain SELECT id, c FROM sbtest2 WHERE id BETWEEN 5252725 AND 5252825
	Index Scan using sbtest2_pkey on sbtest2  (cost=0.43..405.32 rows=101 width=125)
	  Index Cond: ((id >= 5252725) AND (id <= 5252825))

table 3 : explain SELECT id, c FROM sbtest3 WHERE id BETWEEN 5252725 AND 5252825
	Index Scan using sbtest3_pkey on sbtest3  (cost=0.43..432.86 rows=108 width=125)
	  Index Cond: ((id >= 5252725) AND (id <= 5252825))

table 4 : explain SELECT id, c FROM sbtest4 WHERE id BETWEEN 5252725 AND 5252825
	Index Scan using sbtest4_pkey on sbtest4  (cost=0.43..388.34 rows=97 width=125)
	  Index Cond: ((id >= 5252725) AND (id <= 5252825))

table 5 : explain SELECT id, c FROM sbtest5 WHERE id BETWEEN 5252725 AND 5252825
	Index Scan using sbtest5_pkey on sbtest5  (cost=0.43..376.29 rows=94 width=125)
	  Index Cond: ((id >= 5252725) AND (id <= 5252825))

table 6 : explain SELECT id, c FROM sbtest6 WHERE id BETWEEN 5252725 AND 5252825
	Index Scan using sbtest6_pkey on sbtest6  (cost=0.43..383.95 rows=96 width=125)
	  Index Cond: ((id >= 5252725) AND (id <= 5252825))

table 7 : explain SELECT id, c FROM sbtest7 WHERE id BETWEEN 5252725 AND 5252825
	Index Scan using sbtest7_pkey on sbtest7  (cost=0.43..427.14 rows=107 width=125)
	  Index Cond: ((id >= 5252725) AND (id <= 5252825))

table 8 : explain SELECT id, c FROM sbtest8 WHERE id BETWEEN 5252725 AND 5252825
	Index Scan using sbtest8_pkey on sbtest8  (cost=0.43..403.75 rows=101 width=125)
	  Index Cond: ((id >= 5252725) AND (id <= 5252825))

explain: for range-notcovered :: explain SELECT id, c FROM sbtest%d WHERE id BETWEEN 5252725 AND 5252825
for range-notcovered
table 1 : explain SELECT id, c FROM sbtest1 WHERE id BETWEEN 8224737 AND 8224837
	Index Scan using sbtest1_pkey on sbtest1  (cost=0.43..436.98 rows=109 width=125)
	  Index Cond: ((id >= 8224737) AND (id <= 8224837))

table 2 : explain SELECT id, c FROM sbtest2 WHERE id BETWEEN 8224737 AND 8224837
	Index Scan using sbtest2_pkey on sbtest2  (cost=0.43..381.50 rows=95 width=125)
	  Index Cond: ((id >= 8224737) AND (id <= 8224837))

table 3 : explain SELECT id, c FROM sbtest3 WHERE id BETWEEN 8224737 AND 8224837
	Index Scan using sbtest3_pkey on sbtest3  (cost=0.43..401.12 rows=100 width=125)
	  Index Cond: ((id >= 8224737) AND (id <= 8224837))

table 4 : explain SELECT id, c FROM sbtest4 WHERE id BETWEEN 8224737 AND 8224837
	Index Scan using sbtest4_pkey on sbtest4  (cost=0.43..420.01 rows=105 width=125)
	  Index Cond: ((id >= 8224737) AND (id <= 8224837))

table 5 : explain SELECT id, c FROM sbtest5 WHERE id BETWEEN 8224737 AND 8224837
	Index Scan using sbtest5_pkey on sbtest5  (cost=0.43..411.90 rows=103 width=125)
	  Index Cond: ((id >= 8224737) AND (id <= 8224837))

table 6 : explain SELECT id, c FROM sbtest6 WHERE id BETWEEN 8224737 AND 8224837
	Index Scan using sbtest6_pkey on sbtest6  (cost=0.43..439.30 rows=110 width=125)
	  Index Cond: ((id >= 8224737) AND (id <= 8224837))

table 7 : explain SELECT id, c FROM sbtest7 WHERE id BETWEEN 8224737 AND 8224837
	Index Scan using sbtest7_pkey on sbtest7  (cost=0.43..359.98 rows=90 width=125)
	  Index Cond: ((id >= 8224737) AND (id <= 8224837))

table 8 : explain SELECT id, c FROM sbtest8 WHERE id BETWEEN 8224737 AND 8224837
	Index Scan using sbtest8_pkey on sbtest8  (cost=0.43..443.28 rows=111 width=125)
	  Index Cond: ((id >= 8224737) AND (id <= 8224837))

explain: for range-notcovered :: explain SELECT id, c FROM sbtest%d WHERE id BETWEEN 8224737 AND 8224837
for range-notcovered
table 1 : explain SELECT id, c FROM sbtest1 WHERE id BETWEEN 3468578 AND 3468678
	Index Scan using sbtest1_pkey on sbtest1  (cost=0.43..377.46 rows=94 width=125)
	  Index Cond: ((id >= 3468578) AND (id <= 3468678))

table 2 : explain SELECT id, c FROM sbtest2 WHERE id BETWEEN 3468578 AND 3468678
	Index Scan using sbtest2_pkey on sbtest2  (cost=0.43..385.46 rows=96 width=125)
	  Index Cond: ((id >= 3468578) AND (id <= 3468678))

table 3 : explain SELECT id, c FROM sbtest3 WHERE id BETWEEN 3468578 AND 3468678
	Index Scan using sbtest3_pkey on sbtest3  (cost=0.43..381.29 rows=95 width=125)
	  Index Cond: ((id >= 3468578) AND (id <= 3468678))

table 4 : explain SELECT id, c FROM sbtest4 WHERE id BETWEEN 3468578 AND 3468678
	Index Scan using sbtest4_pkey on sbtest4  (cost=0.43..416.05 rows=104 width=125)
	  Index Cond: ((id >= 3468578) AND (id <= 3468678))

table 5 : explain SELECT id, c FROM sbtest5 WHERE id BETWEEN 3468578 AND 3468678
	Index Scan using sbtest5_pkey on sbtest5  (cost=0.43..403.99 rows=101 width=125)
	  Index Cond: ((id >= 3468578) AND (id <= 3468678))

table 6 : explain SELECT id, c FROM sbtest6 WHERE id BETWEEN 3468578 AND 3468678
	Index Scan using sbtest6_pkey on sbtest6  (cost=0.43..419.54 rows=105 width=125)
	  Index Cond: ((id >= 3468578) AND (id <= 3468678))

table 7 : explain SELECT id, c FROM sbtest7 WHERE id BETWEEN 3468578 AND 3468678
	Index Scan using sbtest7_pkey on sbtest7  (cost=0.43..387.63 rows=97 width=125)
	  Index Cond: ((id >= 3468578) AND (id <= 3468678))

table 8 : explain SELECT id, c FROM sbtest8 WHERE id BETWEEN 3468578 AND 3468678
	Index Scan using sbtest8_pkey on sbtest8  (cost=0.43..431.42 rows=108 width=125)
	  Index Cond: ((id >= 3468578) AND (id <= 3468678))

explain: for range-notcovered :: explain SELECT id, c FROM sbtest%d WHERE id BETWEEN 3468578 AND 3468678
for range-notcovered
table 1 : explain SELECT id, c FROM sbtest1 WHERE id BETWEEN 5252725 AND 5252825
	Index Scan using sbtest1_pkey on sbtest1  (cost=0.43..369.52 rows=92 width=125)
	  Index Cond: ((id >= 5252725) AND (id <= 5252825))

table 2 : explain SELECT id, c FROM sbtest2 WHERE id BETWEEN 5252725 AND 5252825
	Index Scan using sbtest2_pkey on sbtest2  (cost=0.43..405.32 rows=101 width=125)
	  Index Cond: ((id >= 5252725) AND (id <= 5252825))

table 3 : explain SELECT id, c FROM sbtest3 WHERE id BETWEEN 5252725 AND 5252825
	Index Scan using sbtest3_pkey on sbtest3  (cost=0.43..432.86 rows=108 width=125)
	  Index Cond: ((id >= 5252725) AND (id <= 5252825))

table 4 : explain SELECT id, c FROM sbtest4 WHERE id BETWEEN 5252725 AND 5252825
	Index Scan using sbtest4_pkey on sbtest4  (cost=0.43..388.34 rows=97 width=125)
	  Index Cond: ((id >= 5252725) AND (id <= 5252825))

table 5 : explain SELECT id, c FROM sbtest5 WHERE id BETWEEN 5252725 AND 5252825
	Index Scan using sbtest5_pkey on sbtest5  (cost=0.43..376.29 rows=94 width=125)
	  Index Cond: ((id >= 5252725) AND (id <= 5252825))

table 6 : explain SELECT id, c FROM sbtest6 WHERE id BETWEEN 5252725 AND 5252825
	Index Scan using sbtest6_pkey on sbtest6  (cost=0.43..383.95 rows=96 width=125)
	  Index Cond: ((id >= 5252725) AND (id <= 5252825))

table 7 : explain SELECT id, c FROM sbtest7 WHERE id BETWEEN 5252725 AND 5252825
	Index Scan using sbtest7_pkey on sbtest7  (cost=0.43..427.14 rows=107 width=125)
	  Index Cond: ((id >= 5252725) AND (id <= 5252825))

table 8 : explain SELECT id, c FROM sbtest8 WHERE id BETWEEN 5252725 AND 5252825
	Index Scan using sbtest8_pkey on sbtest8  (cost=0.43..403.75 rows=101 width=125)
	  Index Cond: ((id >= 5252725) AND (id <= 5252825))

explain: for range-notcovered :: explain SELECT id, c FROM sbtest%d WHERE id BETWEEN 5252725 AND 5252825
for range-notcovered
table 1 : explain SELECT id, c FROM sbtest1 WHERE id BETWEEN 8224737 AND 8224837
	Index Scan using sbtest1_pkey on sbtest1  (cost=0.43..436.98 rows=109 width=125)
	  Index Cond: ((id >= 8224737) AND (id <= 8224837))

table 2 : explain SELECT id, c FROM sbtest2 WHERE id BETWEEN 8224737 AND 8224837
	Index Scan using sbtest2_pkey on sbtest2  (cost=0.43..381.50 rows=95 width=125)
	  Index Cond: ((id >= 8224737) AND (id <= 8224837))

table 3 : explain SELECT id, c FROM sbtest3 WHERE id BETWEEN 8224737 AND 8224837
	Index Scan using sbtest3_pkey on sbtest3  (cost=0.43..401.12 rows=100 width=125)
	  Index Cond: ((id >= 8224737) AND (id <= 8224837))

table 4 : explain SELECT id, c FROM sbtest4 WHERE id BETWEEN 8224737 AND 8224837
	Index Scan using sbtest4_pkey on sbtest4  (cost=0.43..420.01 rows=105 width=125)
	  Index Cond: ((id >= 8224737) AND (id <= 8224837))

table 5 : explain SELECT id, c FROM sbtest5 WHERE id BETWEEN 8224737 AND 8224837
	Index Scan using sbtest5_pkey on sbtest5  (cost=0.43..411.90 rows=103 width=125)
	  Index Cond: ((id >= 8224737) AND (id <= 8224837))

table 6 : explain SELECT id, c FROM sbtest6 WHERE id BETWEEN 8224737 AND 8224837
	Index Scan using sbtest6_pkey on sbtest6  (cost=0.43..439.30 rows=110 width=125)
	  Index Cond: ((id >= 8224737) AND (id <= 8224837))

table 7 : explain SELECT id, c FROM sbtest7 WHERE id BETWEEN 8224737 AND 8224837
	Index Scan using sbtest7_pkey on sbtest7  (cost=0.43..359.98 rows=90 width=125)
	  Index Cond: ((id >= 8224737) AND (id <= 8224837))

table 8 : explain SELECT id, c FROM sbtest8 WHERE id BETWEEN 8224737 AND 8224837
	Index Scan using sbtest8_pkey on sbtest8  (cost=0.43..443.28 rows=111 width=125)
	  Index Cond: ((id >= 8224737) AND (id <= 8224837))

explain: for range-notcovered :: explain SELECT id, c FROM sbtest%d WHERE id BETWEEN 8224737 AND 8224837
for range-notcovered
table 1 : explain SELECT id, c FROM sbtest1 WHERE id BETWEEN 5252725 AND 5252825
	Index Scan using sbtest1_pkey on sbtest1  (cost=0.43..369.52 rows=92 width=125)
	  Index Cond: ((id >= 5252725) AND (id <= 5252825))

table 2 : explain SELECT id, c FROM sbtest2 WHERE id BETWEEN 5252725 AND 5252825
	Index Scan using sbtest2_pkey on sbtest2  (cost=0.43..405.32 rows=101 width=125)
	  Index Cond: ((id >= 5252725) AND (id <= 5252825))

table 3 : explain SELECT id, c FROM sbtest3 WHERE id BETWEEN 5252725 AND 5252825
	Index Scan using sbtest3_pkey on sbtest3  (cost=0.43..432.86 rows=108 width=125)
	  Index Cond: ((id >= 5252725) AND (id <= 5252825))

table 4 : explain SELECT id, c FROM sbtest4 WHERE id BETWEEN 5252725 AND 5252825
	Index Scan using sbtest4_pkey on sbtest4  (cost=0.43..388.34 rows=97 width=125)
	  Index Cond: ((id >= 5252725) AND (id <= 5252825))

table 5 : explain SELECT id, c FROM sbtest5 WHERE id BETWEEN 5252725 AND 5252825
	Index Scan using sbtest5_pkey on sbtest5  (cost=0.43..376.29 rows=94 width=125)
	  Index Cond: ((id >= 5252725) AND (id <= 5252825))

table 6 : explain SELECT id, c FROM sbtest6 WHERE id BETWEEN 5252725 AND 5252825
	Index Scan using sbtest6_pkey on sbtest6  (cost=0.43..383.95 rows=96 width=125)
	  Index Cond: ((id >= 5252725) AND (id <= 5252825))

table 7 : explain SELECT id, c FROM sbtest7 WHERE id BETWEEN 5252725 AND 5252825
	Index Scan using sbtest7_pkey on sbtest7  (cost=0.43..427.14 rows=107 width=125)
	  Index Cond: ((id >= 5252725) AND (id <= 5252825))

table 8 : explain SELECT id, c FROM sbtest8 WHERE id BETWEEN 5252725 AND 5252825
	Index Scan using sbtest8_pkey on sbtest8  (cost=0.43..403.75 rows=101 width=125)
	  Index Cond: ((id >= 5252725) AND (id <= 5252825))

for range-notcovered
table 1 : explain SELECT id, c FROM sbtest1 WHERE id BETWEEN 3468578 AND 3468678
	Index Scan using sbtest1_pkey on sbtest1  (cost=0.43..377.46 rows=94 width=125)
	  Index Cond: ((id >= 3468578) AND (id <= 3468678))

table 2 : explain SELECT id, c FROM sbtest2 WHERE id BETWEEN 3468578 AND 3468678
	Index Scan using sbtest2_pkey on sbtest2  (cost=0.43..385.46 rows=96 width=125)
	  Index Cond: ((id >= 3468578) AND (id <= 3468678))

table 3 : explain SELECT id, c FROM sbtest3 WHERE id BETWEEN 3468578 AND 3468678
	Index Scan using sbtest3_pkey on sbtest3  (cost=0.43..381.29 rows=95 width=125)
	  Index Cond: ((id >= 3468578) AND (id <= 3468678))

table 4 : explain SELECT id, c FROM sbtest4 WHERE id BETWEEN 3468578 AND 3468678
	Index Scan using sbtest4_pkey on sbtest4  (cost=0.43..416.05 rows=104 width=125)
	  Index Cond: ((id >= 3468578) AND (id <= 3468678))

table 5 : explain SELECT id, c FROM sbtest5 WHERE id BETWEEN 3468578 AND 3468678
	Index Scan using sbtest5_pkey on sbtest5  (cost=0.43..403.99 rows=101 width=125)
	  Index Cond: ((id >= 3468578) AND (id <= 3468678))

table 6 : explain SELECT id, c FROM sbtest6 WHERE id BETWEEN 3468578 AND 3468678
	Index Scan using sbtest6_pkey on sbtest6  (cost=0.43..419.54 rows=105 width=125)
	  Index Cond: ((id >= 3468578) AND (id <= 3468678))

table 7 : explain SELECT id, c FROM sbtest7 WHERE id BETWEEN 3468578 AND 3468678
	Index Scan using sbtest7_pkey on sbtest7  (cost=0.43..387.63 rows=97 width=125)
	  Index Cond: ((id >= 3468578) AND (id <= 3468678))

table 8 : explain SELECT id, c FROM sbtest8 WHERE id BETWEEN 3468578 AND 3468678
	Index Scan using sbtest8_pkey on sbtest8  (cost=0.43..431.42 rows=108 width=125)
	  Index Cond: ((id >= 3468578) AND (id <= 3468678))

explain: for range-notcovered :: explain SELECT id, c FROM sbtest%d WHERE id BETWEEN 5252725 AND 5252825
explain: for range-notcovered :: explain SELECT id, c FROM sbtest%d WHERE id BETWEEN 3468578 AND 3468678
for range-notcovered
table 1 : explain SELECT id, c FROM sbtest1 WHERE id BETWEEN 8224737 AND 8224837
	Index Scan using sbtest1_pkey on sbtest1  (cost=0.43..436.98 rows=109 width=125)
	  Index Cond: ((id >= 8224737) AND (id <= 8224837))

table 2 : explain SELECT id, c FROM sbtest2 WHERE id BETWEEN 8224737 AND 8224837
	Index Scan using sbtest2_pkey on sbtest2  (cost=0.43..381.50 rows=95 width=125)
	  Index Cond: ((id >= 8224737) AND (id <= 8224837))

table 3 : explain SELECT id, c FROM sbtest3 WHERE id BETWEEN 8224737 AND 8224837
	Index Scan using sbtest3_pkey on sbtest3  (cost=0.43..401.12 rows=100 width=125)
	  Index Cond: ((id >= 8224737) AND (id <= 8224837))

table 4 : explain SELECT id, c FROM sbtest4 WHERE id BETWEEN 8224737 AND 8224837
	Index Scan using sbtest4_pkey on sbtest4  (cost=0.43..420.01 rows=105 width=125)
	  Index Cond: ((id >= 8224737) AND (id <= 8224837))

table 5 : explain SELECT id, c FROM sbtest5 WHERE id BETWEEN 8224737 AND 8224837
	Index Scan using sbtest5_pkey on sbtest5  (cost=0.43..411.90 rows=103 width=125)
	  Index Cond: ((id >= 8224737) AND (id <= 8224837))

table 6 : explain SELECT id, c FROM sbtest6 WHERE id BETWEEN 8224737 AND 8224837
	Index Scan using sbtest6_pkey on sbtest6  (cost=0.43..439.30 rows=110 width=125)
	  Index Cond: ((id >= 8224737) AND (id <= 8224837))

table 7 : explain SELECT id, c FROM sbtest7 WHERE id BETWEEN 8224737 AND 8224837
	Index Scan using sbtest7_pkey on sbtest7  (cost=0.43..359.98 rows=90 width=125)
	  Index Cond: ((id >= 8224737) AND (id <= 8224837))

table 8 : explain SELECT id, c FROM sbtest8 WHERE id BETWEEN 8224737 AND 8224837
	Index Scan using sbtest8_pkey on sbtest8  (cost=0.43..443.28 rows=111 width=125)
	  Index Cond: ((id >= 8224737) AND (id <= 8224837))

explain: for range-notcovered :: explain SELECT id, c FROM sbtest%d WHERE id BETWEEN 8224737 AND 8224837
for range-notcovered
table 1 : explain SELECT id, c FROM sbtest1 WHERE id BETWEEN 4903024 AND 4903124
	Index Scan using sbtest1_pkey on sbtest1  (cost=0.43..429.05 rows=107 width=125)
	  Index Cond: ((id >= 4903024) AND (id <= 4903124))

table 2 : explain SELECT id, c FROM sbtest2 WHERE id BETWEEN 4903024 AND 4903124
	Index Scan using sbtest2_pkey on sbtest2  (cost=0.43..448.97 rows=112 width=125)
	  Index Cond: ((id >= 4903024) AND (id <= 4903124))

table 3 : explain SELECT id, c FROM sbtest3 WHERE id BETWEEN 4903024 AND 4903124
	Index Scan using sbtest3_pkey on sbtest3  (cost=0.43..424.93 rows=106 width=125)
	  Index Cond: ((id >= 4903024) AND (id <= 4903124))

table 4 : explain SELECT id, c FROM sbtest4 WHERE id BETWEEN 4903024 AND 4903124
	Index Scan using sbtest4_pkey on sbtest4  (cost=0.43..400.23 rows=100 width=125)
	  Index Cond: ((id >= 4903024) AND (id <= 4903124))

table 5 : explain SELECT id, c FROM sbtest5 WHERE id BETWEEN 4903024 AND 4903124
	Index Scan using sbtest5_pkey on sbtest5  (cost=0.43..400.04 rows=100 width=125)
	  Index Cond: ((id >= 4903024) AND (id <= 4903124))

table 6 : explain SELECT id, c FROM sbtest6 WHERE id BETWEEN 4903024 AND 4903124
	Index Scan using sbtest6_pkey on sbtest6  (cost=0.43..368.14 rows=92 width=125)
	  Index Cond: ((id >= 4903024) AND (id <= 4903124))

table 7 : explain SELECT id, c FROM sbtest7 WHERE id BETWEEN 4903024 AND 4903124
	Index Scan using sbtest7_pkey on sbtest7  (cost=0.43..419.24 rows=105 width=125)
	  Index Cond: ((id >= 4903024) AND (id <= 4903124))

table 8 : explain SELECT id, c FROM sbtest8 WHERE id BETWEEN 4903024 AND 4903124
	Index Scan using sbtest8_pkey on sbtest8  (cost=0.43..431.42 rows=108 width=125)
	  Index Cond: ((id >= 4903024) AND (id <= 4903124))

for range-notcovered
table 1 : explain SELECT id, c FROM sbtest1 WHERE id BETWEEN 3703728 AND 3703828
	Index Scan using sbtest1_pkey on sbtest1  (cost=0.43..436.98 rows=109 width=125)
	  Index Cond: ((id >= 3703728) AND (id <= 3703828))

table 2 : explain SELECT id, c FROM sbtest2 WHERE id BETWEEN 3703728 AND 3703828
	Index Scan using sbtest2_pkey on sbtest2  (cost=0.43..381.50 rows=95 width=125)
	  Index Cond: ((id >= 3703728) AND (id <= 3703828))

table 3 : explain SELECT id, c FROM sbtest3 WHERE id BETWEEN 3703728 AND 3703828
	Index Scan using sbtest3_pkey on sbtest3  (cost=0.43..397.15 rows=99 width=125)
	  Index Cond: ((id >= 3703728) AND (id <= 3703828))

table 4 : explain SELECT id, c FROM sbtest4 WHERE id BETWEEN 3703728 AND 3703828
	Index Scan using sbtest4_pkey on sbtest4  (cost=0.43..380.43 rows=95 width=125)
	  Index Cond: ((id >= 3703728) AND (id <= 3703828))

table 5 : explain SELECT id, c FROM sbtest5 WHERE id BETWEEN 3703728 AND 3703828
	Index Scan using sbtest5_pkey on sbtest5  (cost=0.43..419.81 rows=105 width=125)
	  Index Cond: ((id >= 3703728) AND (id <= 3703828))

table 6 : explain SELECT id, c FROM sbtest6 WHERE id BETWEEN 3703728 AND 3703828
	Index Scan using sbtest6_pkey on sbtest6  (cost=0.43..380.00 rows=95 width=125)
	  Index Cond: ((id >= 3703728) AND (id <= 3703828))

table 7 : explain SELECT id, c FROM sbtest7 WHERE id BETWEEN 3703728 AND 3703828
	Index Scan using sbtest7_pkey on sbtest7  (cost=0.43..395.55 rows=99 width=125)
	  Index Cond: ((id >= 3703728) AND (id <= 3703828))

table 8 : explain SELECT id, c FROM sbtest8 WHERE id BETWEEN 3703728 AND 3703828
	Index Scan using sbtest8_pkey on sbtest8  (cost=0.43..399.80 rows=100 width=125)
	  Index Cond: ((id >= 3703728) AND (id <= 3703828))

explain: for range-notcovered :: explain SELECT id, c FROM sbtest%d WHERE id BETWEEN 3703728 AND 3703828
for range-notcovered
table 1 : explain SELECT id, c FROM sbtest1 WHERE id BETWEEN 5252725 AND 5252825
	Index Scan using sbtest1_pkey on sbtest1  (cost=0.43..369.52 rows=92 width=125)
	  Index Cond: ((id >= 5252725) AND (id <= 5252825))

table 2 : explain SELECT id, c FROM sbtest2 WHERE id BETWEEN 5252725 AND 5252825
	Index Scan using sbtest2_pkey on sbtest2  (cost=0.43..405.32 rows=101 width=125)
	  Index Cond: ((id >= 5252725) AND (id <= 5252825))

table 3 : explain SELECT id, c FROM sbtest3 WHERE id BETWEEN 5252725 AND 5252825
	Index Scan using sbtest3_pkey on sbtest3  (cost=0.43..432.86 rows=108 width=125)
	  Index Cond: ((id >= 5252725) AND (id <= 5252825))

table 4 : explain SELECT id, c FROM sbtest4 WHERE id BETWEEN 5252725 AND 5252825
	Index Scan using sbtest4_pkey on sbtest4  (cost=0.43..388.34 rows=97 width=125)
	  Index Cond: ((id >= 5252725) AND (id <= 5252825))

table 5 : explain SELECT id, c FROM sbtest5 WHERE id BETWEEN 5252725 AND 5252825
	Index Scan using sbtest5_pkey on sbtest5  (cost=0.43..376.29 rows=94 width=125)
	  Index Cond: ((id >= 5252725) AND (id <= 5252825))

table 6 : explain SELECT id, c FROM sbtest6 WHERE id BETWEEN 5252725 AND 5252825
	Index Scan using sbtest6_pkey on sbtest6  (cost=0.43..383.95 rows=96 width=125)
	  Index Cond: ((id >= 5252725) AND (id <= 5252825))

table 7 : explain SELECT id, c FROM sbtest7 WHERE id BETWEEN 5252725 AND 5252825
	Index Scan using sbtest7_pkey on sbtest7  (cost=0.43..427.14 rows=107 width=125)
	  Index Cond: ((id >= 5252725) AND (id <= 5252825))

table 8 : explain SELECT id, c FROM sbtest8 WHERE id BETWEEN 5252725 AND 5252825
	Index Scan using sbtest8_pkey on sbtest8  (cost=0.43..403.75 rows=101 width=125)
	  Index Cond: ((id >= 5252725) AND (id <= 5252825))

explain: for range-notcovered :: explain SELECT id, c FROM sbtest%d WHERE id BETWEEN 5252725 AND 5252825
for range-notcovered
table 1 : explain SELECT id, c FROM sbtest1 WHERE id BETWEEN 8224737 AND 8224837
	Index Scan using sbtest1_pkey on sbtest1  (cost=0.43..436.98 rows=109 width=125)
	  Index Cond: ((id >= 8224737) AND (id <= 8224837))

table 2 : explain SELECT id, c FROM sbtest2 WHERE id BETWEEN 8224737 AND 8224837
	Index Scan using sbtest2_pkey on sbtest2  (cost=0.43..381.50 rows=95 width=125)
	  Index Cond: ((id >= 8224737) AND (id <= 8224837))

table 3 : explain SELECT id, c FROM sbtest3 WHERE id BETWEEN 8224737 AND 8224837
	Index Scan using sbtest3_pkey on sbtest3  (cost=0.43..401.12 rows=100 width=125)
	  Index Cond: ((id >= 8224737) AND (id <= 8224837))

table 4 : explain SELECT id, c FROM sbtest4 WHERE id BETWEEN 8224737 AND 8224837
	Index Scan using sbtest4_pkey on sbtest4  (cost=0.43..420.01 rows=105 width=125)
	  Index Cond: ((id >= 8224737) AND (id <= 8224837))

table 5 : explain SELECT id, c FROM sbtest5 WHERE id BETWEEN 8224737 AND 8224837
	Index Scan using sbtest5_pkey on sbtest5  (cost=0.43..411.90 rows=103 width=125)
	  Index Cond: ((id >= 8224737) AND (id <= 8224837))

table 6 : explain SELECT id, c FROM sbtest6 WHERE id BETWEEN 8224737 AND 8224837
	Index Scan using sbtest6_pkey on sbtest6  (cost=0.43..439.30 rows=110 width=125)
	  Index Cond: ((id >= 8224737) AND (id <= 8224837))

table 7 : explain SELECT id, c FROM sbtest7 WHERE id BETWEEN 8224737 AND 8224837
	Index Scan using sbtest7_pkey on sbtest7  (cost=0.43..359.98 rows=90 width=125)
	  Index Cond: ((id >= 8224737) AND (id <= 8224837))

table 8 : explain SELECT id, c FROM sbtest8 WHERE id BETWEEN 8224737 AND 8224837
	Index Scan using sbtest8_pkey on sbtest8  (cost=0.43..443.28 rows=111 width=125)
	  Index Cond: ((id >= 8224737) AND (id <= 8224837))

explain: for range-notcovered :: explain SELECT id, c FROM sbtest%d WHERE id BETWEEN 8224737 AND 8224837
for range-notcovered
table 1 : explain SELECT id, c FROM sbtest1 WHERE id BETWEEN 3468578 AND 3468678
	Index Scan using sbtest1_pkey on sbtest1  (cost=0.43..377.46 rows=94 width=125)
	  Index Cond: ((id >= 3468578) AND (id <= 3468678))

table 2 : explain SELECT id, c FROM sbtest2 WHERE id BETWEEN 3468578 AND 3468678
	Index Scan using sbtest2_pkey on sbtest2  (cost=0.43..385.46 rows=96 width=125)
	  Index Cond: ((id >= 3468578) AND (id <= 3468678))

table 3 : explain SELECT id, c FROM sbtest3 WHERE id BETWEEN 3468578 AND 3468678
	Index Scan using sbtest3_pkey on sbtest3  (cost=0.43..381.29 rows=95 width=125)
	  Index Cond: ((id >= 3468578) AND (id <= 3468678))

table 4 : explain SELECT id, c FROM sbtest4 WHERE id BETWEEN 3468578 AND 3468678
	Index Scan using sbtest4_pkey on sbtest4  (cost=0.43..416.05 rows=104 width=125)
	  Index Cond: ((id >= 3468578) AND (id <= 3468678))

table 5 : explain SELECT id, c FROM sbtest5 WHERE id BETWEEN 3468578 AND 3468678
	Index Scan using sbtest5_pkey on sbtest5  (cost=0.43..403.99 rows=101 width=125)
	  Index Cond: ((id >= 3468578) AND (id <= 3468678))

table 6 : explain SELECT id, c FROM sbtest6 WHERE id BETWEEN 3468578 AND 3468678
	Index Scan using sbtest6_pkey on sbtest6  (cost=0.43..419.54 rows=105 width=125)
	  Index Cond: ((id >= 3468578) AND (id <= 3468678))

table 7 : explain SELECT id, c FROM sbtest7 WHERE id BETWEEN 3468578 AND 3468678
	Index Scan using sbtest7_pkey on sbtest7  (cost=0.43..387.63 rows=97 width=125)
	  Index Cond: ((id >= 3468578) AND (id <= 3468678))

table 8 : explain SELECT id, c FROM sbtest8 WHERE id BETWEEN 3468578 AND 3468678
	Index Scan using sbtest8_pkey on sbtest8  (cost=0.43..431.42 rows=108 width=125)
	  Index Cond: ((id >= 3468578) AND (id <= 3468678))

explain: for range-notcovered :: explain SELECT id, c FROM sbtest%d WHERE id BETWEEN 3468578 AND 3468678
for range-notcovered
table 1 : explain SELECT id, c FROM sbtest1 WHERE id BETWEEN 8224737 AND 8224837
	Index Scan using sbtest1_pkey on sbtest1  (cost=0.43..436.98 rows=109 width=125)
	  Index Cond: ((id >= 8224737) AND (id <= 8224837))

table 2 : explain SELECT id, c FROM sbtest2 WHERE id BETWEEN 8224737 AND 8224837
	Index Scan using sbtest2_pkey on sbtest2  (cost=0.43..381.50 rows=95 width=125)
	  Index Cond: ((id >= 8224737) AND (id <= 8224837))

table 3 : explain SELECT id, c FROM sbtest3 WHERE id BETWEEN 8224737 AND 8224837
	Index Scan using sbtest3_pkey on sbtest3  (cost=0.43..401.12 rows=100 width=125)
	  Index Cond: ((id >= 8224737) AND (id <= 8224837))

table 4 : explain SELECT id, c FROM sbtest4 WHERE id BETWEEN 8224737 AND 8224837
	Index Scan using sbtest4_pkey on sbtest4  (cost=0.43..420.01 rows=105 width=125)
	  Index Cond: ((id >= 8224737) AND (id <= 8224837))

table 5 : explain SELECT id, c FROM sbtest5 WHERE id BETWEEN 8224737 AND 8224837
	Index Scan using sbtest5_pkey on sbtest5  (cost=0.43..411.90 rows=103 width=125)
	  Index Cond: ((id >= 8224737) AND (id <= 8224837))

table 6 : explain SELECT id, c FROM sbtest6 WHERE id BETWEEN 8224737 AND 8224837
	Index Scan using sbtest6_pkey on sbtest6  (cost=0.43..439.30 rows=110 width=125)
	  Index Cond: ((id >= 8224737) AND (id <= 8224837))

table 7 : explain SELECT id, c FROM sbtest7 WHERE id BETWEEN 8224737 AND 8224837
	Index Scan using sbtest7_pkey on sbtest7  (cost=0.43..359.98 rows=90 width=125)
	  Index Cond: ((id >= 8224737) AND (id <= 8224837))

table 8 : explain SELECT id, c FROM sbtest8 WHERE id BETWEEN 8224737 AND 8224837
	Index Scan using sbtest8_pkey on sbtest8  (cost=0.43..443.28 rows=111 width=125)
	  Index Cond: ((id >= 8224737) AND (id <= 8224837))

explain: for range-notcovered :: explain SELECT id, c FROM sbtest%d WHERE id BETWEEN 8224737 AND 8224837
for range-notcovered
table 1 : explain SELECT id, c FROM sbtest1 WHERE id BETWEEN 3703728 AND 3703828
	Index Scan using sbtest1_pkey on sbtest1  (cost=0.43..436.98 rows=109 width=125)
	  Index Cond: ((id >= 3703728) AND (id <= 3703828))

table 2 : explain SELECT id, c FROM sbtest2 WHERE id BETWEEN 3703728 AND 3703828
	Index Scan using sbtest2_pkey on sbtest2  (cost=0.43..381.50 rows=95 width=125)
	  Index Cond: ((id >= 3703728) AND (id <= 3703828))

table 3 : explain SELECT id, c FROM sbtest3 WHERE id BETWEEN 3703728 AND 3703828
	Index Scan using sbtest3_pkey on sbtest3  (cost=0.43..397.15 rows=99 width=125)
	  Index Cond: ((id >= 3703728) AND (id <= 3703828))

table 4 : explain SELECT id, c FROM sbtest4 WHERE id BETWEEN 3703728 AND 3703828
	Index Scan using sbtest4_pkey on sbtest4  (cost=0.43..380.43 rows=95 width=125)
	  Index Cond: ((id >= 3703728) AND (id <= 3703828))

table 5 : explain SELECT id, c FROM sbtest5 WHERE id BETWEEN 3703728 AND 3703828
	Index Scan using sbtest5_pkey on sbtest5  (cost=0.43..419.81 rows=105 width=125)
	  Index Cond: ((id >= 3703728) AND (id <= 3703828))

table 6 : explain SELECT id, c FROM sbtest6 WHERE id BETWEEN 3703728 AND 3703828
	Index Scan using sbtest6_pkey on sbtest6  (cost=0.43..380.00 rows=95 width=125)
	  Index Cond: ((id >= 3703728) AND (id <= 3703828))

table 7 : explain SELECT id, c FROM sbtest7 WHERE id BETWEEN 3703728 AND 3703828
	Index Scan using sbtest7_pkey on sbtest7  (cost=0.43..395.55 rows=99 width=125)
	  Index Cond: ((id >= 3703728) AND (id <= 3703828))

table 8 : explain SELECT id, c FROM sbtest8 WHERE id BETWEEN 3703728 AND 3703828
	Index Scan using sbtest8_pkey on sbtest8  (cost=0.43..399.80 rows=100 width=125)
	  Index Cond: ((id >= 3703728) AND (id <= 3703828))

explain: for range-notcovered :: explain SELECT id, c FROM sbtest%d WHERE id BETWEEN 3703728 AND 3703828
for range-notcovered
table 1 : explain SELECT id, c FROM sbtest1 WHERE id BETWEEN 8224737 AND 8224837
	Index Scan using sbtest1_pkey on sbtest1  (cost=0.43..436.98 rows=109 width=125)
	  Index Cond: ((id >= 8224737) AND (id <= 8224837))

table 2 : explain SELECT id, c FROM sbtest2 WHERE id BETWEEN 8224737 AND 8224837
	Index Scan using sbtest2_pkey on sbtest2  (cost=0.43..381.50 rows=95 width=125)
	  Index Cond: ((id >= 8224737) AND (id <= 8224837))

table 3 : explain SELECT id, c FROM sbtest3 WHERE id BETWEEN 8224737 AND 8224837
	Index Scan using sbtest3_pkey on sbtest3  (cost=0.43..401.12 rows=100 width=125)
	  Index Cond: ((id >= 8224737) AND (id <= 8224837))

table 4 : explain SELECT id, c FROM sbtest4 WHERE id BETWEEN 8224737 AND 8224837
	Index Scan using sbtest4_pkey on sbtest4  (cost=0.43..420.01 rows=105 width=125)
	  Index Cond: ((id >= 8224737) AND (id <= 8224837))

table 5 : explain SELECT id, c FROM sbtest5 WHERE id BETWEEN 8224737 AND 8224837
	Index Scan using sbtest5_pkey on sbtest5  (cost=0.43..411.90 rows=103 width=125)
	  Index Cond: ((id >= 8224737) AND (id <= 8224837))

table 6 : explain SELECT id, c FROM sbtest6 WHERE id BETWEEN 8224737 AND 8224837
	Index Scan using sbtest6_pkey on sbtest6  (cost=0.43..439.30 rows=110 width=125)
	  Index Cond: ((id >= 8224737) AND (id <= 8224837))

table 7 : explain SELECT id, c FROM sbtest7 WHERE id BETWEEN 8224737 AND 8224837
	Index Scan using sbtest7_pkey on sbtest7  (cost=0.43..359.98 rows=90 width=125)
	  Index Cond: ((id >= 8224737) AND (id <= 8224837))

table 8 : explain SELECT id, c FROM sbtest8 WHERE id BETWEEN 8224737 AND 8224837
	Index Scan using sbtest8_pkey on sbtest8  (cost=0.43..443.28 rows=111 width=125)
	  Index Cond: ((id >= 8224737) AND (id <= 8224837))

explain: for range-notcovered :: explain SELECT id, c FROM sbtest%d WHERE id BETWEEN 6036450 AND 6036550
explain: for range-notcovered :: explain SELECT id, c FROM sbtest%d WHERE id BETWEEN 8224737 AND 8224837
for range-notcovered
table 1 : explain SELECT id, c FROM sbtest1 WHERE id BETWEEN 5252725 AND 5252825
	Index Scan using sbtest1_pkey on sbtest1  (cost=0.43..369.52 rows=92 width=125)
	  Index Cond: ((id >= 5252725) AND (id <= 5252825))

table 2 : explain SELECT id, c FROM sbtest2 WHERE id BETWEEN 5252725 AND 5252825
	Index Scan using sbtest2_pkey on sbtest2  (cost=0.43..405.32 rows=101 width=125)
	  Index Cond: ((id >= 5252725) AND (id <= 5252825))

table 3 : explain SELECT id, c FROM sbtest3 WHERE id BETWEEN 5252725 AND 5252825
	Index Scan using sbtest3_pkey on sbtest3  (cost=0.43..432.86 rows=108 width=125)
	  Index Cond: ((id >= 5252725) AND (id <= 5252825))

table 4 : explain SELECT id, c FROM sbtest4 WHERE id BETWEEN 5252725 AND 5252825
	Index Scan using sbtest4_pkey on sbtest4  (cost=0.43..388.34 rows=97 width=125)
	  Index Cond: ((id >= 5252725) AND (id <= 5252825))

table 5 : explain SELECT id, c FROM sbtest5 WHERE id BETWEEN 5252725 AND 5252825
	Index Scan using sbtest5_pkey on sbtest5  (cost=0.43..376.29 rows=94 width=125)
	  Index Cond: ((id >= 5252725) AND (id <= 5252825))

table 6 : explain SELECT id, c FROM sbtest6 WHERE id BETWEEN 5252725 AND 5252825
	Index Scan using sbtest6_pkey on sbtest6  (cost=0.43..383.95 rows=96 width=125)
	  Index Cond: ((id >= 5252725) AND (id <= 5252825))

table 7 : explain SELECT id, c FROM sbtest7 WHERE id BETWEEN 5252725 AND 5252825
	Index Scan using sbtest7_pkey on sbtest7  (cost=0.43..427.14 rows=107 width=125)
	  Index Cond: ((id >= 5252725) AND (id <= 5252825))

table 8 : explain SELECT id, c FROM sbtest8 WHERE id BETWEEN 5252725 AND 5252825
	Index Scan using sbtest8_pkey on sbtest8  (cost=0.43..403.75 rows=101 width=125)
	  Index Cond: ((id >= 5252725) AND (id <= 5252825))

explain: for range-notcovered :: explain SELECT id, c FROM sbtest%d WHERE id BETWEEN 6748219 AND 6748319
for range-notcovered
table 1 : explain SELECT id, c FROM sbtest1 WHERE id BETWEEN 8224737 AND 8224837
	Index Scan using sbtest1_pkey on sbtest1  (cost=0.43..436.98 rows=109 width=125)
	  Index Cond: ((id >= 8224737) AND (id <= 8224837))

table 2 : explain SELECT id, c FROM sbtest2 WHERE id BETWEEN 8224737 AND 8224837
	Index Scan using sbtest2_pkey on sbtest2  (cost=0.43..381.50 rows=95 width=125)
	  Index Cond: ((id >= 8224737) AND (id <= 8224837))

table 3 : explain SELECT id, c FROM sbtest3 WHERE id BETWEEN 8224737 AND 8224837
	Index Scan using sbtest3_pkey on sbtest3  (cost=0.43..401.12 rows=100 width=125)
	  Index Cond: ((id >= 8224737) AND (id <= 8224837))

table 4 : explain SELECT id, c FROM sbtest4 WHERE id BETWEEN 8224737 AND 8224837
	Index Scan using sbtest4_pkey on sbtest4  (cost=0.43..420.01 rows=105 width=125)
	  Index Cond: ((id >= 8224737) AND (id <= 8224837))

table 5 : explain SELECT id, c FROM sbtest5 WHERE id BETWEEN 8224737 AND 8224837
	Index Scan using sbtest5_pkey on sbtest5  (cost=0.43..411.90 rows=103 width=125)
	  Index Cond: ((id >= 8224737) AND (id <= 8224837))

table 6 : explain SELECT id, c FROM sbtest6 WHERE id BETWEEN 8224737 AND 8224837
	Index Scan using sbtest6_pkey on sbtest6  (cost=0.43..439.30 rows=110 width=125)
	  Index Cond: ((id >= 8224737) AND (id <= 8224837))

table 7 : explain SELECT id, c FROM sbtest7 WHERE id BETWEEN 8224737 AND 8224837
	Index Scan using sbtest7_pkey on sbtest7  (cost=0.43..359.98 rows=90 width=125)
	  Index Cond: ((id >= 8224737) AND (id <= 8224837))

table 8 : explain SELECT id, c FROM sbtest8 WHERE id BETWEEN 8224737 AND 8224837
	Index Scan using sbtest8_pkey on sbtest8  (cost=0.43..443.28 rows=111 width=125)
	  Index Cond: ((id >= 8224737) AND (id <= 8224837))

explain: for range-notcovered :: explain SELECT id, c FROM sbtest%d WHERE id BETWEEN 8224737 AND 8224837
for range-notcovered
table 1 : explain SELECT id, c FROM sbtest1 WHERE id BETWEEN 3468578 AND 3468678
	Index Scan using sbtest1_pkey on sbtest1  (cost=0.43..377.46 rows=94 width=125)
	  Index Cond: ((id >= 3468578) AND (id <= 3468678))

table 2 : explain SELECT id, c FROM sbtest2 WHERE id BETWEEN 3468578 AND 3468678
	Index Scan using sbtest2_pkey on sbtest2  (cost=0.43..385.46 rows=96 width=125)
	  Index Cond: ((id >= 3468578) AND (id <= 3468678))

table 3 : explain SELECT id, c FROM sbtest3 WHERE id BETWEEN 3468578 AND 3468678
	Index Scan using sbtest3_pkey on sbtest3  (cost=0.43..381.29 rows=95 width=125)
	  Index Cond: ((id >= 3468578) AND (id <= 3468678))

table 4 : explain SELECT id, c FROM sbtest4 WHERE id BETWEEN 3468578 AND 3468678
	Index Scan using sbtest4_pkey on sbtest4  (cost=0.43..416.05 rows=104 width=125)
	  Index Cond: ((id >= 3468578) AND (id <= 3468678))

table 5 : explain SELECT id, c FROM sbtest5 WHERE id BETWEEN 3468578 AND 3468678
	Index Scan using sbtest5_pkey on sbtest5  (cost=0.43..403.99 rows=101 width=125)
	  Index Cond: ((id >= 3468578) AND (id <= 3468678))

table 6 : explain SELECT id, c FROM sbtest6 WHERE id BETWEEN 3468578 AND 3468678
	Index Scan using sbtest6_pkey on sbtest6  (cost=0.43..419.54 rows=105 width=125)
	  Index Cond: ((id >= 3468578) AND (id <= 3468678))

table 7 : explain SELECT id, c FROM sbtest7 WHERE id BETWEEN 3468578 AND 3468678
	Index Scan using sbtest7_pkey on sbtest7  (cost=0.43..387.63 rows=97 width=125)
	  Index Cond: ((id >= 3468578) AND (id <= 3468678))

table 8 : explain SELECT id, c FROM sbtest8 WHERE id BETWEEN 3468578 AND 3468678
	Index Scan using sbtest8_pkey on sbtest8  (cost=0.43..431.42 rows=108 width=125)
	  Index Cond: ((id >= 3468578) AND (id <= 3468678))

explain: for range-notcovered :: explain SELECT id, c FROM sbtest%d WHERE id BETWEEN 3468578 AND 3468678
explain: for range-notcovered :: explain SELECT id, c FROM sbtest%d WHERE id BETWEEN 7857641 AND 7857741
for range-notcovered
table 1 : explain SELECT id, c FROM sbtest1 WHERE id BETWEEN 3703728 AND 3703828
	Index Scan using sbtest1_pkey on sbtest1  (cost=0.43..436.98 rows=109 width=125)
	  Index Cond: ((id >= 3703728) AND (id <= 3703828))

table 2 : explain SELECT id, c FROM sbtest2 WHERE id BETWEEN 3703728 AND 3703828
	Index Scan using sbtest2_pkey on sbtest2  (cost=0.43..381.50 rows=95 width=125)
	  Index Cond: ((id >= 3703728) AND (id <= 3703828))

table 3 : explain SELECT id, c FROM sbtest3 WHERE id BETWEEN 3703728 AND 3703828
	Index Scan using sbtest3_pkey on sbtest3  (cost=0.43..397.15 rows=99 width=125)
	  Index Cond: ((id >= 3703728) AND (id <= 3703828))

table 4 : explain SELECT id, c FROM sbtest4 WHERE id BETWEEN 3703728 AND 3703828
	Index Scan using sbtest4_pkey on sbtest4  (cost=0.43..380.43 rows=95 width=125)
	  Index Cond: ((id >= 3703728) AND (id <= 3703828))

table 5 : explain SELECT id, c FROM sbtest5 WHERE id BETWEEN 3703728 AND 3703828
	Index Scan using sbtest5_pkey on sbtest5  (cost=0.43..419.81 rows=105 width=125)
	  Index Cond: ((id >= 3703728) AND (id <= 3703828))

table 6 : explain SELECT id, c FROM sbtest6 WHERE id BETWEEN 3703728 AND 3703828
	Index Scan using sbtest6_pkey on sbtest6  (cost=0.43..380.00 rows=95 width=125)
	  Index Cond: ((id >= 3703728) AND (id <= 3703828))

table 7 : explain SELECT id, c FROM sbtest7 WHERE id BETWEEN 3703728 AND 3703828
	Index Scan using sbtest7_pkey on sbtest7  (cost=0.43..395.55 rows=99 width=125)
	  Index Cond: ((id >= 3703728) AND (id <= 3703828))

table 8 : explain SELECT id, c FROM sbtest8 WHERE id BETWEEN 3703728 AND 3703828
	Index Scan using sbtest8_pkey on sbtest8  (cost=0.43..399.80 rows=100 width=125)
	  Index Cond: ((id >= 3703728) AND (id <= 3703828))

for range-notcovered
table 1 : explain SELECT id, c FROM sbtest1 WHERE id BETWEEN 3468578 AND 3468678
	Index Scan using sbtest1_pkey on sbtest1  (cost=0.43..377.46 rows=94 width=125)
	  Index Cond: ((id >= 3468578) AND (id <= 3468678))

table 2 : explain SELECT id, c FROM sbtest2 WHERE id BETWEEN 3468578 AND 3468678
	Index Scan using sbtest2_pkey on sbtest2  (cost=0.43..385.46 rows=96 width=125)
	  Index Cond: ((id >= 3468578) AND (id <= 3468678))

table 3 : explain SELECT id, c FROM sbtest3 WHERE id BETWEEN 3468578 AND 3468678
	Index Scan using sbtest3_pkey on sbtest3  (cost=0.43..381.29 rows=95 width=125)
	  Index Cond: ((id >= 3468578) AND (id <= 3468678))

table 4 : explain SELECT id, c FROM sbtest4 WHERE id BETWEEN 3468578 AND 3468678
	Index Scan using sbtest4_pkey on sbtest4  (cost=0.43..416.05 rows=104 width=125)
	  Index Cond: ((id >= 3468578) AND (id <= 3468678))

table 5 : explain SELECT id, c FROM sbtest5 WHERE id BETWEEN 3468578 AND 3468678
	Index Scan using sbtest5_pkey on sbtest5  (cost=0.43..403.99 rows=101 width=125)
	  Index Cond: ((id >= 3468578) AND (id <= 3468678))

table 6 : explain SELECT id, c FROM sbtest6 WHERE id BETWEEN 3468578 AND 3468678
	Index Scan using sbtest6_pkey on sbtest6  (cost=0.43..419.54 rows=105 width=125)
	  Index Cond: ((id >= 3468578) AND (id <= 3468678))

table 7 : explain SELECT id, c FROM sbtest7 WHERE id BETWEEN 3468578 AND 3468678
	Index Scan using sbtest7_pkey on sbtest7  (cost=0.43..387.63 rows=97 width=125)
	  Index Cond: ((id >= 3468578) AND (id <= 3468678))

table 8 : explain SELECT id, c FROM sbtest8 WHERE id BETWEEN 3468578 AND 3468678
	Index Scan using sbtest8_pkey on sbtest8  (cost=0.43..431.42 rows=108 width=125)
	  Index Cond: ((id >= 3468578) AND (id <= 3468678))

for range-notcovered
table 1 : explain SELECT id, c FROM sbtest1 WHERE id BETWEEN 2936641 AND 2936741
	Index Scan using sbtest1_pkey on sbtest1  (cost=0.43..405.24 rows=101 width=125)
	  Index Cond: ((id >= 2936641) AND (id <= 2936741))

table 2 : explain SELECT id, c FROM sbtest2 WHERE id BETWEEN 2936641 AND 2936741
	Index Scan using sbtest2_pkey on sbtest2  (cost=0.43..421.19 rows=105 width=125)
	  Index Cond: ((id >= 2936641) AND (id <= 2936741))

table 3 : explain SELECT id, c FROM sbtest3 WHERE id BETWEEN 2936641 AND 2936741
	Index Scan using sbtest3_pkey on sbtest3  (cost=0.43..424.93 rows=106 width=125)
	  Index Cond: ((id >= 2936641) AND (id <= 2936741))

table 4 : explain SELECT id, c FROM sbtest4 WHERE id BETWEEN 2936641 AND 2936741
	Index Scan using sbtest4_pkey on sbtest4  (cost=0.43..423.97 rows=106 width=125)
	  Index Cond: ((id >= 2936641) AND (id <= 2936741))

table 5 : explain SELECT id, c FROM sbtest5 WHERE id BETWEEN 2936641 AND 2936741
	Index Scan using sbtest5_pkey on sbtest5  (cost=0.43..419.81 rows=105 width=125)
	  Index Cond: ((id >= 2936641) AND (id <= 2936741))

table 6 : explain SELECT id, c FROM sbtest6 WHERE id BETWEEN 2936641 AND 2936741
	Index Scan using sbtest6_pkey on sbtest6  (cost=0.43..447.21 rows=112 width=125)
	  Index Cond: ((id >= 2936641) AND (id <= 2936741))

table 7 : explain SELECT id, c FROM sbtest7 WHERE id BETWEEN 2936641 AND 2936741
	Index Scan using sbtest7_pkey on sbtest7  (cost=0.43..423.19 rows=106 width=125)
	  Index Cond: ((id >= 2936641) AND (id <= 2936741))

table 8 : explain SELECT id, c FROM sbtest8 WHERE id BETWEEN 2936641 AND 2936741
	Index Scan using sbtest8_pkey on sbtest8  (cost=0.43..407.71 rows=102 width=125)
	  Index Cond: ((id >= 2936641) AND (id <= 2936741))

for range-notcovered
table 1 : explain SELECT id, c FROM sbtest1 WHERE id BETWEEN 8224737 AND 8224837
	Index Scan using sbtest1_pkey on sbtest1  (cost=0.43..436.98 rows=109 width=125)
	  Index Cond: ((id >= 8224737) AND (id <= 8224837))

table 2 : explain SELECT id, c FROM sbtest2 WHERE id BETWEEN 8224737 AND 8224837
	Index Scan using sbtest2_pkey on sbtest2  (cost=0.43..381.50 rows=95 width=125)
	  Index Cond: ((id >= 8224737) AND (id <= 8224837))

table 3 : explain SELECT id, c FROM sbtest3 WHERE id BETWEEN 8224737 AND 8224837
	Index Scan using sbtest3_pkey on sbtest3  (cost=0.43..401.12 rows=100 width=125)
	  Index Cond: ((id >= 8224737) AND (id <= 8224837))

table 4 : explain SELECT id, c FROM sbtest4 WHERE id BETWEEN 8224737 AND 8224837
	Index Scan using sbtest4_pkey on sbtest4  (cost=0.43..420.01 rows=105 width=125)
	  Index Cond: ((id >= 8224737) AND (id <= 8224837))

table 5 : explain SELECT id, c FROM sbtest5 WHERE id BETWEEN 8224737 AND 8224837
	Index Scan using sbtest5_pkey on sbtest5  (cost=0.43..411.90 rows=103 width=125)
	  Index Cond: ((id >= 8224737) AND (id <= 8224837))

table 6 : explain SELECT id, c FROM sbtest6 WHERE id BETWEEN 8224737 AND 8224837
	Index Scan using sbtest6_pkey on sbtest6  (cost=0.43..439.30 rows=110 width=125)
	  Index Cond: ((id >= 8224737) AND (id <= 8224837))

table 7 : explain SELECT id, c FROM sbtest7 WHERE id BETWEEN 8224737 AND 8224837
	Index Scan using sbtest7_pkey on sbtest7  (cost=0.43..359.98 rows=90 width=125)
	  Index Cond: ((id >= 8224737) AND (id <= 8224837))

table 8 : explain SELECT id, c FROM sbtest8 WHERE id BETWEEN 8224737 AND 8224837
	Index Scan using sbtest8_pkey on sbtest8  (cost=0.43..443.28 rows=111 width=125)
	  Index Cond: ((id >= 8224737) AND (id <= 8224837))

explain: for range-notcovered :: explain SELECT id, c FROM sbtest%d WHERE id BETWEEN 2936641 AND 2936741
for range-notcovered
table 1 : explain SELECT id, c FROM sbtest1 WHERE id BETWEEN 5787453 AND 5787553
	Index Scan using sbtest1_pkey on sbtest1  (cost=0.43..357.62 rows=89 width=125)
	  Index Cond: ((id >= 5787453) AND (id <= 5787553))

table 2 : explain SELECT id, c FROM sbtest2 WHERE id BETWEEN 5787453 AND 5787553
	Index Scan using sbtest2_pkey on sbtest2  (cost=0.43..385.46 rows=96 width=125)
	  Index Cond: ((id >= 5787453) AND (id <= 5787553))

table 3 : explain SELECT id, c FROM sbtest3 WHERE id BETWEEN 5787453 AND 5787553
	Index Scan using sbtest3_pkey on sbtest3  (cost=0.43..389.22 rows=97 width=125)
	  Index Cond: ((id >= 5787453) AND (id <= 5787553))

table 4 : explain SELECT id, c FROM sbtest4 WHERE id BETWEEN 5787453 AND 5787553
	Index Scan using sbtest4_pkey on sbtest4  (cost=0.43..376.47 rows=94 width=125)
	  Index Cond: ((id >= 5787453) AND (id <= 5787553))

table 5 : explain SELECT id, c FROM sbtest5 WHERE id BETWEEN 5787453 AND 5787553
	Index Scan using sbtest5_pkey on sbtest5  (cost=0.43..423.77 rows=106 width=125)
	  Index Cond: ((id >= 5787453) AND (id <= 5787553))

table 6 : explain SELECT id, c FROM sbtest6 WHERE id BETWEEN 5787453 AND 5787553
	Index Scan using sbtest6_pkey on sbtest6  (cost=0.43..383.95 rows=96 width=125)
	  Index Cond: ((id >= 5787453) AND (id <= 5787553))

table 7 : explain SELECT id, c FROM sbtest7 WHERE id BETWEEN 5787453 AND 5787553
	Index Scan using sbtest7_pkey on sbtest7  (cost=0.43..419.24 rows=105 width=125)
	  Index Cond: ((id >= 5787453) AND (id <= 5787553))

table 8 : explain SELECT id, c FROM sbtest8 WHERE id BETWEEN 5787453 AND 5787553
	Index Scan using sbtest8_pkey on sbtest8  (cost=0.43..380.02 rows=95 width=125)
	  Index Cond: ((id >= 5787453) AND (id <= 5787553))

explain: for range-notcovered :: explain SELECT id, c FROM sbtest%d WHERE id BETWEEN 5787453 AND 5787553
for range-notcovered
table 1 : explain SELECT id, c FROM sbtest1 WHERE id BETWEEN 2936641 AND 2936741
	Index Scan using sbtest1_pkey on sbtest1  (cost=0.43..405.24 rows=101 width=125)
	  Index Cond: ((id >= 2936641) AND (id <= 2936741))

table 2 : explain SELECT id, c FROM sbtest2 WHERE id BETWEEN 2936641 AND 2936741
	Index Scan using sbtest2_pkey on sbtest2  (cost=0.43..421.19 rows=105 width=125)
	  Index Cond: ((id >= 2936641) AND (id <= 2936741))

table 3 : explain SELECT id, c FROM sbtest3 WHERE id BETWEEN 2936641 AND 2936741
	Index Scan using sbtest3_pkey on sbtest3  (cost=0.43..424.93 rows=106 width=125)
	  Index Cond: ((id >= 2936641) AND (id <= 2936741))

table 4 : explain SELECT id, c FROM sbtest4 WHERE id BETWEEN 2936641 AND 2936741
	Index Scan using sbtest4_pkey on sbtest4  (cost=0.43..423.97 rows=106 width=125)
	  Index Cond: ((id >= 2936641) AND (id <= 2936741))

table 5 : explain SELECT id, c FROM sbtest5 WHERE id BETWEEN 2936641 AND 2936741
	Index Scan using sbtest5_pkey on sbtest5  (cost=0.43..419.81 rows=105 width=125)
	  Index Cond: ((id >= 2936641) AND (id <= 2936741))

table 6 : explain SELECT id, c FROM sbtest6 WHERE id BETWEEN 2936641 AND 2936741
	Index Scan using sbtest6_pkey on sbtest6  (cost=0.43..447.21 rows=112 width=125)
	  Index Cond: ((id >= 2936641) AND (id <= 2936741))

table 7 : explain SELECT id, c FROM sbtest7 WHERE id BETWEEN 2936641 AND 2936741
	Index Scan using sbtest7_pkey on sbtest7  (cost=0.43..423.19 rows=106 width=125)
	  Index Cond: ((id >= 2936641) AND (id <= 2936741))

table 8 : explain SELECT id, c FROM sbtest8 WHERE id BETWEEN 2936641 AND 2936741
	Index Scan using sbtest8_pkey on sbtest8  (cost=0.43..407.71 rows=102 width=125)
	  Index Cond: ((id >= 2936641) AND (id <= 2936741))

explain: for range-notcovered :: explain SELECT id, c FROM sbtest%d WHERE id BETWEEN 2936641 AND 2936741
for range-notcovered
table 1 : explain SELECT id, c FROM sbtest1 WHERE id BETWEEN 6036450 AND 6036550
	Index Scan using sbtest1_pkey on sbtest1  (cost=0.43..401.26 rows=100 width=125)
	  Index Cond: ((id >= 6036450) AND (id <= 6036550))

table 2 : explain SELECT id, c FROM sbtest2 WHERE id BETWEEN 6036450 AND 6036550
	Index Scan using sbtest2_pkey on sbtest2  (cost=0.43..385.46 rows=96 width=125)
	  Index Cond: ((id >= 6036450) AND (id <= 6036550))

table 3 : explain SELECT id, c FROM sbtest3 WHERE id BETWEEN 6036450 AND 6036550
	Index Scan using sbtest3_pkey on sbtest3  (cost=0.43..417.00 rows=104 width=125)
	  Index Cond: ((id >= 6036450) AND (id <= 6036550))

table 4 : explain SELECT id, c FROM sbtest4 WHERE id BETWEEN 6036450 AND 6036550
	Index Scan using sbtest4_pkey on sbtest4  (cost=0.43..396.27 rows=99 width=125)
	  Index Cond: ((id >= 6036450) AND (id <= 6036550))

table 5 : explain SELECT id, c FROM sbtest5 WHERE id BETWEEN 6036450 AND 6036550
	Index Scan using sbtest5_pkey on sbtest5  (cost=0.43..407.95 rows=102 width=125)
	  Index Cond: ((id >= 6036450) AND (id <= 6036550))

table 6 : explain SELECT id, c FROM sbtest6 WHERE id BETWEEN 6036450 AND 6036550
	Index Scan using sbtest6_pkey on sbtest6  (cost=0.43..411.64 rows=103 width=125)
	  Index Cond: ((id >= 6036450) AND (id <= 6036550))

table 7 : explain SELECT id, c FROM sbtest7 WHERE id BETWEEN 6036450 AND 6036550
	Index Scan using sbtest7_pkey on sbtest7  (cost=0.43..399.50 rows=100 width=125)
	  Index Cond: ((id >= 6036450) AND (id <= 6036550))

table 8 : explain SELECT id, c FROM sbtest8 WHERE id BETWEEN 6036450 AND 6036550
	Index Scan using sbtest8_pkey on sbtest8  (cost=0.43..403.75 rows=101 width=125)
	  Index Cond: ((id >= 6036450) AND (id <= 6036550))

explain: for range-notcovered :: explain SELECT id, c FROM sbtest%d WHERE id BETWEEN 6036450 AND 6036550
for range-notcovered
table 1 : explain SELECT id, c FROM sbtest1 WHERE id BETWEEN 2936641 AND 2936741
	Index Scan using sbtest1_pkey on sbtest1  (cost=0.43..405.24 rows=101 width=125)
	  Index Cond: ((id >= 2936641) AND (id <= 2936741))

table 2 : explain SELECT id, c FROM sbtest2 WHERE id BETWEEN 2936641 AND 2936741
	Index Scan using sbtest2_pkey on sbtest2  (cost=0.43..421.19 rows=105 width=125)
	  Index Cond: ((id >= 2936641) AND (id <= 2936741))

table 3 : explain SELECT id, c FROM sbtest3 WHERE id BETWEEN 2936641 AND 2936741
	Index Scan using sbtest3_pkey on sbtest3  (cost=0.43..424.93 rows=106 width=125)
	  Index Cond: ((id >= 2936641) AND (id <= 2936741))

table 4 : explain SELECT id, c FROM sbtest4 WHERE id BETWEEN 2936641 AND 2936741
	Index Scan using sbtest4_pkey on sbtest4  (cost=0.43..423.97 rows=106 width=125)
	  Index Cond: ((id >= 2936641) AND (id <= 2936741))

table 5 : explain SELECT id, c FROM sbtest5 WHERE id BETWEEN 2936641 AND 2936741
	Index Scan using sbtest5_pkey on sbtest5  (cost=0.43..419.81 rows=105 width=125)
	  Index Cond: ((id >= 2936641) AND (id <= 2936741))

table 6 : explain SELECT id, c FROM sbtest6 WHERE id BETWEEN 2936641 AND 2936741
	Index Scan using sbtest6_pkey on sbtest6  (cost=0.43..447.21 rows=112 width=125)
	  Index Cond: ((id >= 2936641) AND (id <= 2936741))

table 7 : explain SELECT id, c FROM sbtest7 WHERE id BETWEEN 2936641 AND 2936741
	Index Scan using sbtest7_pkey on sbtest7  (cost=0.43..423.19 rows=106 width=125)
	  Index Cond: ((id >= 2936641) AND (id <= 2936741))

table 8 : explain SELECT id, c FROM sbtest8 WHERE id BETWEEN 2936641 AND 2936741
	Index Scan using sbtest8_pkey on sbtest8  (cost=0.43..407.71 rows=102 width=125)
	  Index Cond: ((id >= 2936641) AND (id <= 2936741))

explain: for range-notcovered :: explain SELECT id, c FROM sbtest%d WHERE id BETWEEN 2936641 AND 2936741
for range-notcovered
table 1 : explain SELECT id, c FROM sbtest1 WHERE id BETWEEN 6036450 AND 6036550
	Index Scan using sbtest1_pkey on sbtest1  (cost=0.43..401.26 rows=100 width=125)
	  Index Cond: ((id >= 6036450) AND (id <= 6036550))

table 2 : explain SELECT id, c FROM sbtest2 WHERE id BETWEEN 6036450 AND 6036550
	Index Scan using sbtest2_pkey on sbtest2  (cost=0.43..385.46 rows=96 width=125)
	  Index Cond: ((id >= 6036450) AND (id <= 6036550))

table 3 : explain SELECT id, c FROM sbtest3 WHERE id BETWEEN 6036450 AND 6036550
	Index Scan using sbtest3_pkey on sbtest3  (cost=0.43..417.00 rows=104 width=125)
	  Index Cond: ((id >= 6036450) AND (id <= 6036550))

table 4 : explain SELECT id, c FROM sbtest4 WHERE id BETWEEN 6036450 AND 6036550
	Index Scan using sbtest4_pkey on sbtest4  (cost=0.43..396.27 rows=99 width=125)
	  Index Cond: ((id >= 6036450) AND (id <= 6036550))

table 5 : explain SELECT id, c FROM sbtest5 WHERE id BETWEEN 6036450 AND 6036550
	Index Scan using sbtest5_pkey on sbtest5  (cost=0.43..407.95 rows=102 width=125)
	  Index Cond: ((id >= 6036450) AND (id <= 6036550))

table 6 : explain SELECT id, c FROM sbtest6 WHERE id BETWEEN 6036450 AND 6036550
	Index Scan using sbtest6_pkey on sbtest6  (cost=0.43..411.64 rows=103 width=125)
	  Index Cond: ((id >= 6036450) AND (id <= 6036550))

table 7 : explain SELECT id, c FROM sbtest7 WHERE id BETWEEN 6036450 AND 6036550
	Index Scan using sbtest7_pkey on sbtest7  (cost=0.43..399.50 rows=100 width=125)
	  Index Cond: ((id >= 6036450) AND (id <= 6036550))

table 8 : explain SELECT id, c FROM sbtest8 WHERE id BETWEEN 6036450 AND 6036550
	Index Scan using sbtest8_pkey on sbtest8  (cost=0.43..403.75 rows=101 width=125)
	  Index Cond: ((id >= 6036450) AND (id <= 6036550))

for range-notcovered
table 1 : explain SELECT id, c FROM sbtest1 WHERE id BETWEEN 4390989 AND 4391089
	Index Scan using sbtest1_pkey on sbtest1  (cost=0.43..397.29 rows=99 width=125)
	  Index Cond: ((id >= 4390989) AND (id <= 4391089))

table 2 : explain SELECT id, c FROM sbtest2 WHERE id BETWEEN 4390989 AND 4391089
	Index Scan using sbtest2_pkey on sbtest2  (cost=0.43..381.50 rows=95 width=125)
	  Index Cond: ((id >= 4390989) AND (id <= 4391089))

table 3 : explain SELECT id, c FROM sbtest3 WHERE id BETWEEN 4390989 AND 4391089
	Index Scan using sbtest3_pkey on sbtest3  (cost=0.43..401.13 rows=100 width=125)
	  Index Cond: ((id >= 4390989) AND (id <= 4391089))

table 4 : explain SELECT id, c FROM sbtest4 WHERE id BETWEEN 4390989 AND 4391089
	Index Scan using sbtest4_pkey on sbtest4  (cost=0.43..423.97 rows=106 width=125)
	  Index Cond: ((id >= 4390989) AND (id <= 4391089))

table 5 : explain SELECT id, c FROM sbtest5 WHERE id BETWEEN 4390989 AND 4391089
	Index Scan using sbtest5_pkey on sbtest5  (cost=0.43..388.16 rows=97 width=125)
	  Index Cond: ((id >= 4390989) AND (id <= 4391089))

table 6 : explain SELECT id, c FROM sbtest6 WHERE id BETWEEN 4390989 AND 4391089
	Index Scan using sbtest6_pkey on sbtest6  (cost=0.43..364.19 rows=91 width=125)
	  Index Cond: ((id >= 4390989) AND (id <= 4391089))

table 7 : explain SELECT id, c FROM sbtest7 WHERE id BETWEEN 4390989 AND 4391089
	Index Scan using sbtest7_pkey on sbtest7  (cost=0.43..415.29 rows=104 width=125)
	  Index Cond: ((id >= 4390989) AND (id <= 4391089))

table 8 : explain SELECT id, c FROM sbtest8 WHERE id BETWEEN 4390989 AND 4391089
	Index Scan using sbtest8_pkey on sbtest8  (cost=0.43..376.07 rows=94 width=125)
	  Index Cond: ((id >= 4390989) AND (id <= 4391089))

for range-notcovered
table 1 : explain SELECT id, c FROM sbtest1 WHERE id BETWEEN 5787453 AND 5787553
	Index Scan using sbtest1_pkey on sbtest1  (cost=0.43..357.62 rows=89 width=125)
	  Index Cond: ((id >= 5787453) AND (id <= 5787553))

table 2 : explain SELECT id, c FROM sbtest2 WHERE id BETWEEN 5787453 AND 5787553
	Index Scan using sbtest2_pkey on sbtest2  (cost=0.43..385.46 rows=96 width=125)
	  Index Cond: ((id >= 5787453) AND (id <= 5787553))

table 3 : explain SELECT id, c FROM sbtest3 WHERE id BETWEEN 5787453 AND 5787553
	Index Scan using sbtest3_pkey on sbtest3  (cost=0.43..389.22 rows=97 width=125)
	  Index Cond: ((id >= 5787453) AND (id <= 5787553))

table 4 : explain SELECT id, c FROM sbtest4 WHERE id BETWEEN 5787453 AND 5787553
	Index Scan using sbtest4_pkey on sbtest4  (cost=0.43..376.47 rows=94 width=125)
	  Index Cond: ((id >= 5787453) AND (id <= 5787553))

table 5 : explain SELECT id, c FROM sbtest5 WHERE id BETWEEN 5787453 AND 5787553
	Index Scan using sbtest5_pkey on sbtest5  (cost=0.43..423.77 rows=106 width=125)
	  Index Cond: ((id >= 5787453) AND (id <= 5787553))

table 6 : explain SELECT id, c FROM sbtest6 WHERE id BETWEEN 5787453 AND 5787553
	Index Scan using sbtest6_pkey on sbtest6  (cost=0.43..383.95 rows=96 width=125)
	  Index Cond: ((id >= 5787453) AND (id <= 5787553))

table 7 : explain SELECT id, c FROM sbtest7 WHERE id BETWEEN 5787453 AND 5787553
	Index Scan using sbtest7_pkey on sbtest7  (cost=0.43..419.24 rows=105 width=125)
	  Index Cond: ((id >= 5787453) AND (id <= 5787553))

table 8 : explain SELECT id, c FROM sbtest8 WHERE id BETWEEN 5787453 AND 5787553
	Index Scan using sbtest8_pkey on sbtest8  (cost=0.43..380.02 rows=95 width=125)
	  Index Cond: ((id >= 5787453) AND (id <= 5787553))

explain: for range-notcovered :: explain SELECT id, c FROM sbtest%d WHERE id BETWEEN 6036450 AND 6036550
explain: for range-notcovered :: explain SELECT id, c FROM sbtest%d WHERE id BETWEEN 4390989 AND 4391089
explain: for range-notcovered :: explain SELECT id, c FROM sbtest%d WHERE id BETWEEN 5787453 AND 5787553
for range-notcovered
table 1 : explain SELECT id, c FROM sbtest1 WHERE id BETWEEN 2936641 AND 2936741
	Index Scan using sbtest1_pkey on sbtest1  (cost=0.43..405.24 rows=101 width=125)
	  Index Cond: ((id >= 2936641) AND (id <= 2936741))

table 2 : explain SELECT id, c FROM sbtest2 WHERE id BETWEEN 2936641 AND 2936741
	Index Scan using sbtest2_pkey on sbtest2  (cost=0.43..421.19 rows=105 width=125)
	  Index Cond: ((id >= 2936641) AND (id <= 2936741))

table 3 : explain SELECT id, c FROM sbtest3 WHERE id BETWEEN 2936641 AND 2936741
	Index Scan using sbtest3_pkey on sbtest3  (cost=0.43..424.93 rows=106 width=125)
	  Index Cond: ((id >= 2936641) AND (id <= 2936741))

table 4 : explain SELECT id, c FROM sbtest4 WHERE id BETWEEN 2936641 AND 2936741
	Index Scan using sbtest4_pkey on sbtest4  (cost=0.43..423.97 rows=106 width=125)
	  Index Cond: ((id >= 2936641) AND (id <= 2936741))

table 5 : explain SELECT id, c FROM sbtest5 WHERE id BETWEEN 2936641 AND 2936741
	Index Scan using sbtest5_pkey on sbtest5  (cost=0.43..419.81 rows=105 width=125)
	  Index Cond: ((id >= 2936641) AND (id <= 2936741))

table 6 : explain SELECT id, c FROM sbtest6 WHERE id BETWEEN 2936641 AND 2936741
	Index Scan using sbtest6_pkey on sbtest6  (cost=0.43..447.21 rows=112 width=125)
	  Index Cond: ((id >= 2936641) AND (id <= 2936741))

table 7 : explain SELECT id, c FROM sbtest7 WHERE id BETWEEN 2936641 AND 2936741
	Index Scan using sbtest7_pkey on sbtest7  (cost=0.43..423.19 rows=106 width=125)
	  Index Cond: ((id >= 2936641) AND (id <= 2936741))

table 8 : explain SELECT id, c FROM sbtest8 WHERE id BETWEEN 2936641 AND 2936741
	Index Scan using sbtest8_pkey on sbtest8  (cost=0.43..407.71 rows=102 width=125)
	  Index Cond: ((id >= 2936641) AND (id <= 2936741))

for range-notcovered
table 1 : explain SELECT id, c FROM sbtest1 WHERE id BETWEEN 7857641 AND 7857741
	Index Scan using sbtest1_pkey on sbtest1  (cost=0.43..421.11 rows=105 width=125)
	  Index Cond: ((id >= 7857641) AND (id <= 7857741))

table 2 : explain SELECT id, c FROM sbtest2 WHERE id BETWEEN 7857641 AND 7857741
	Index Scan using sbtest2_pkey on sbtest2  (cost=0.43..389.43 rows=97 width=125)
	  Index Cond: ((id >= 7857641) AND (id <= 7857741))

table 3 : explain SELECT id, c FROM sbtest3 WHERE id BETWEEN 7857641 AND 7857741
	Index Scan using sbtest3_pkey on sbtest3  (cost=0.43..444.76 rows=111 width=125)
	  Index Cond: ((id >= 7857641) AND (id <= 7857741))

table 4 : explain SELECT id, c FROM sbtest4 WHERE id BETWEEN 7857641 AND 7857741
	Index Scan using sbtest4_pkey on sbtest4  (cost=0.43..408.14 rows=102 width=125)
	  Index Cond: ((id >= 7857641) AND (id <= 7857741))

table 5 : explain SELECT id, c FROM sbtest5 WHERE id BETWEEN 7857641 AND 7857741
	Index Scan using sbtest5_pkey on sbtest5  (cost=0.43..407.95 rows=102 width=125)
	  Index Cond: ((id >= 7857641) AND (id <= 7857741))

table 6 : explain SELECT id, c FROM sbtest6 WHERE id BETWEEN 7857641 AND 7857741
	Index Scan using sbtest6_pkey on sbtest6  (cost=0.43..395.83 rows=99 width=125)
	  Index Cond: ((id >= 7857641) AND (id <= 7857741))

table 7 : explain SELECT id, c FROM sbtest7 WHERE id BETWEEN 7857641 AND 7857741
	Index Scan using sbtest7_pkey on sbtest7  (cost=0.43..383.68 rows=96 width=125)
	  Index Cond: ((id >= 7857641) AND (id <= 7857741))

table 8 : explain SELECT id, c FROM sbtest8 WHERE id BETWEEN 7857641 AND 7857741
	Index Scan using sbtest8_pkey on sbtest8  (cost=0.43..387.94 rows=97 width=125)
	  Index Cond: ((id >= 7857641) AND (id <= 7857741))

explain: for range-notcovered :: explain SELECT id, c FROM sbtest%d WHERE id BETWEEN 2936641 AND 2936741
explain: for range-notcovered :: explain SELECT id, c FROM sbtest%d WHERE id BETWEEN 7857641 AND 7857741
for range-notcovered
table 1 : explain SELECT id, c FROM sbtest1 WHERE id BETWEEN 6036450 AND 6036550
	Index Scan using sbtest1_pkey on sbtest1  (cost=0.43..401.26 rows=100 width=125)
	  Index Cond: ((id >= 6036450) AND (id <= 6036550))

table 2 : explain SELECT id, c FROM sbtest2 WHERE id BETWEEN 6036450 AND 6036550
	Index Scan using sbtest2_pkey on sbtest2  (cost=0.43..385.46 rows=96 width=125)
	  Index Cond: ((id >= 6036450) AND (id <= 6036550))

table 3 : explain SELECT id, c FROM sbtest3 WHERE id BETWEEN 6036450 AND 6036550
	Index Scan using sbtest3_pkey on sbtest3  (cost=0.43..417.00 rows=104 width=125)
	  Index Cond: ((id >= 6036450) AND (id <= 6036550))

table 4 : explain SELECT id, c FROM sbtest4 WHERE id BETWEEN 6036450 AND 6036550
	Index Scan using sbtest4_pkey on sbtest4  (cost=0.43..396.27 rows=99 width=125)
	  Index Cond: ((id >= 6036450) AND (id <= 6036550))

table 5 : explain SELECT id, c FROM sbtest5 WHERE id BETWEEN 6036450 AND 6036550
	Index Scan using sbtest5_pkey on sbtest5  (cost=0.43..407.95 rows=102 width=125)
	  Index Cond: ((id >= 6036450) AND (id <= 6036550))

table 6 : explain SELECT id, c FROM sbtest6 WHERE id BETWEEN 6036450 AND 6036550
	Index Scan using sbtest6_pkey on sbtest6  (cost=0.43..411.64 rows=103 width=125)
	  Index Cond: ((id >= 6036450) AND (id <= 6036550))

table 7 : explain SELECT id, c FROM sbtest7 WHERE id BETWEEN 6036450 AND 6036550
	Index Scan using sbtest7_pkey on sbtest7  (cost=0.43..399.50 rows=100 width=125)
	  Index Cond: ((id >= 6036450) AND (id <= 6036550))

table 8 : explain SELECT id, c FROM sbtest8 WHERE id BETWEEN 6036450 AND 6036550
	Index Scan using sbtest8_pkey on sbtest8  (cost=0.43..403.75 rows=101 width=125)
	  Index Cond: ((id >= 6036450) AND (id <= 6036550))

for range-notcovered
table 1 : explain SELECT id, c FROM sbtest1 WHERE id BETWEEN 4496128 AND 4496228
	Index Scan using sbtest1_pkey on sbtest1  (cost=0.43..409.21 rows=102 width=125)
	  Index Cond: ((id >= 4496128) AND (id <= 4496228))

table 2 : explain SELECT id, c FROM sbtest2 WHERE id BETWEEN 4496128 AND 4496228
	Index Scan using sbtest2_pkey on sbtest2  (cost=0.43..373.56 rows=93 width=125)
	  Index Cond: ((id >= 4496128) AND (id <= 4496228))

table 3 : explain SELECT id, c FROM sbtest3 WHERE id BETWEEN 4496128 AND 4496228
	Index Scan using sbtest3_pkey on sbtest3  (cost=0.43..389.22 rows=97 width=125)
	  Index Cond: ((id >= 4496128) AND (id <= 4496228))

table 4 : explain SELECT id, c FROM sbtest4 WHERE id BETWEEN 4496128 AND 4496228
	Index Scan using sbtest4_pkey on sbtest4  (cost=0.43..376.47 rows=94 width=125)
	  Index Cond: ((id >= 4496128) AND (id <= 4496228))

table 5 : explain SELECT id, c FROM sbtest5 WHERE id BETWEEN 4496128 AND 4496228
	Index Scan using sbtest5_pkey on sbtest5  (cost=0.43..427.72 rows=107 width=125)
	  Index Cond: ((id >= 4496128) AND (id <= 4496228))

table 6 : explain SELECT id, c FROM sbtest6 WHERE id BETWEEN 4496128 AND 4496228
	Index Scan using sbtest6_pkey on sbtest6  (cost=0.43..427.45 rows=107 width=125)
	  Index Cond: ((id >= 4496128) AND (id <= 4496228))

table 7 : explain SELECT id, c FROM sbtest7 WHERE id BETWEEN 4496128 AND 4496228
	Index Scan using sbtest7_pkey on sbtest7  (cost=0.43..403.44 rows=101 width=125)
	  Index Cond: ((id >= 4496128) AND (id <= 4496228))

table 8 : explain SELECT id, c FROM sbtest8 WHERE id BETWEEN 4496128 AND 4496228
	Index Scan using sbtest8_pkey on sbtest8  (cost=0.43..415.61 rows=104 width=125)
	  Index Cond: ((id >= 4496128) AND (id <= 4496228))

explain: for range-notcovered :: explain SELECT id, c FROM sbtest%d WHERE id BETWEEN 4647503 AND 4647603
explain: for range-notcovered :: explain SELECT id, c FROM sbtest%d WHERE id BETWEEN 6036450 AND 6036550
for range-notcovered
table 1 : explain SELECT id, c FROM sbtest1 WHERE id BETWEEN 4390989 AND 4391089
	Index Scan using sbtest1_pkey on sbtest1  (cost=0.43..397.29 rows=99 width=125)
	  Index Cond: ((id >= 4390989) AND (id <= 4391089))

table 2 : explain SELECT id, c FROM sbtest2 WHERE id BETWEEN 4390989 AND 4391089
	Index Scan using sbtest2_pkey on sbtest2  (cost=0.43..381.50 rows=95 width=125)
	  Index Cond: ((id >= 4390989) AND (id <= 4391089))

table 3 : explain SELECT id, c FROM sbtest3 WHERE id BETWEEN 4390989 AND 4391089
	Index Scan using sbtest3_pkey on sbtest3  (cost=0.43..401.13 rows=100 width=125)
	  Index Cond: ((id >= 4390989) AND (id <= 4391089))

table 4 : explain SELECT id, c FROM sbtest4 WHERE id BETWEEN 4390989 AND 4391089
	Index Scan using sbtest4_pkey on sbtest4  (cost=0.43..423.97 rows=106 width=125)
	  Index Cond: ((id >= 4390989) AND (id <= 4391089))

table 5 : explain SELECT id, c FROM sbtest5 WHERE id BETWEEN 4390989 AND 4391089
	Index Scan using sbtest5_pkey on sbtest5  (cost=0.43..388.16 rows=97 width=125)
	  Index Cond: ((id >= 4390989) AND (id <= 4391089))

table 6 : explain SELECT id, c FROM sbtest6 WHERE id BETWEEN 4390989 AND 4391089
	Index Scan using sbtest6_pkey on sbtest6  (cost=0.43..364.19 rows=91 width=125)
	  Index Cond: ((id >= 4390989) AND (id <= 4391089))

table 7 : explain SELECT id, c FROM sbtest7 WHERE id BETWEEN 4390989 AND 4391089
	Index Scan using sbtest7_pkey on sbtest7  (cost=0.43..415.29 rows=104 width=125)
	  Index Cond: ((id >= 4390989) AND (id <= 4391089))

table 8 : explain SELECT id, c FROM sbtest8 WHERE id BETWEEN 4390989 AND 4391089
	Index Scan using sbtest8_pkey on sbtest8  (cost=0.43..376.07 rows=94 width=125)
	  Index Cond: ((id >= 4390989) AND (id <= 4391089))

explain: for range-notcovered :: explain SELECT id, c FROM sbtest%d WHERE id BETWEEN 4496128 AND 4496228
explain: for range-notcovered :: explain SELECT id, c FROM sbtest%d WHERE id BETWEEN 4390989 AND 4391089
for range-notcovered
table 1 : explain SELECT id, c FROM sbtest1 WHERE id BETWEEN 2936641 AND 2936741
	Index Scan using sbtest1_pkey on sbtest1  (cost=0.43..405.24 rows=101 width=125)
	  Index Cond: ((id >= 2936641) AND (id <= 2936741))

table 2 : explain SELECT id, c FROM sbtest2 WHERE id BETWEEN 2936641 AND 2936741
	Index Scan using sbtest2_pkey on sbtest2  (cost=0.43..421.19 rows=105 width=125)
	  Index Cond: ((id >= 2936641) AND (id <= 2936741))

table 3 : explain SELECT id, c FROM sbtest3 WHERE id BETWEEN 2936641 AND 2936741
	Index Scan using sbtest3_pkey on sbtest3  (cost=0.43..424.93 rows=106 width=125)
	  Index Cond: ((id >= 2936641) AND (id <= 2936741))

table 4 : explain SELECT id, c FROM sbtest4 WHERE id BETWEEN 2936641 AND 2936741
	Index Scan using sbtest4_pkey on sbtest4  (cost=0.43..423.97 rows=106 width=125)
	  Index Cond: ((id >= 2936641) AND (id <= 2936741))

table 5 : explain SELECT id, c FROM sbtest5 WHERE id BETWEEN 2936641 AND 2936741
	Index Scan using sbtest5_pkey on sbtest5  (cost=0.43..419.81 rows=105 width=125)
	  Index Cond: ((id >= 2936641) AND (id <= 2936741))

table 6 : explain SELECT id, c FROM sbtest6 WHERE id BETWEEN 2936641 AND 2936741
	Index Scan using sbtest6_pkey on sbtest6  (cost=0.43..447.21 rows=112 width=125)
	  Index Cond: ((id >= 2936641) AND (id <= 2936741))

table 7 : explain SELECT id, c FROM sbtest7 WHERE id BETWEEN 2936641 AND 2936741
	Index Scan using sbtest7_pkey on sbtest7  (cost=0.43..423.19 rows=106 width=125)
	  Index Cond: ((id >= 2936641) AND (id <= 2936741))

table 8 : explain SELECT id, c FROM sbtest8 WHERE id BETWEEN 2936641 AND 2936741
	Index Scan using sbtest8_pkey on sbtest8  (cost=0.43..407.71 rows=102 width=125)
	  Index Cond: ((id >= 2936641) AND (id <= 2936741))

explain: for range-notcovered :: explain SELECT id, c FROM sbtest%d WHERE id BETWEEN 2936641 AND 2936741
for range-notcovered
table 1 : explain SELECT id, c FROM sbtest1 WHERE id BETWEEN 7857641 AND 7857741
	Index Scan using sbtest1_pkey on sbtest1  (cost=0.43..421.11 rows=105 width=125)
	  Index Cond: ((id >= 7857641) AND (id <= 7857741))

table 2 : explain SELECT id, c FROM sbtest2 WHERE id BETWEEN 7857641 AND 7857741
	Index Scan using sbtest2_pkey on sbtest2  (cost=0.43..389.43 rows=97 width=125)
	  Index Cond: ((id >= 7857641) AND (id <= 7857741))

table 3 : explain SELECT id, c FROM sbtest3 WHERE id BETWEEN 7857641 AND 7857741
	Index Scan using sbtest3_pkey on sbtest3  (cost=0.43..444.76 rows=111 width=125)
	  Index Cond: ((id >= 7857641) AND (id <= 7857741))

table 4 : explain SELECT id, c FROM sbtest4 WHERE id BETWEEN 7857641 AND 7857741
	Index Scan using sbtest4_pkey on sbtest4  (cost=0.43..408.14 rows=102 width=125)
	  Index Cond: ((id >= 7857641) AND (id <= 7857741))

table 5 : explain SELECT id, c FROM sbtest5 WHERE id BETWEEN 7857641 AND 7857741
	Index Scan using sbtest5_pkey on sbtest5  (cost=0.43..407.95 rows=102 width=125)
	  Index Cond: ((id >= 7857641) AND (id <= 7857741))

table 6 : explain SELECT id, c FROM sbtest6 WHERE id BETWEEN 7857641 AND 7857741
	Index Scan using sbtest6_pkey on sbtest6  (cost=0.43..395.83 rows=99 width=125)
	  Index Cond: ((id >= 7857641) AND (id <= 7857741))

table 7 : explain SELECT id, c FROM sbtest7 WHERE id BETWEEN 7857641 AND 7857741
	Index Scan using sbtest7_pkey on sbtest7  (cost=0.43..383.68 rows=96 width=125)
	  Index Cond: ((id >= 7857641) AND (id <= 7857741))

table 8 : explain SELECT id, c FROM sbtest8 WHERE id BETWEEN 7857641 AND 7857741
	Index Scan using sbtest8_pkey on sbtest8  (cost=0.43..387.94 rows=97 width=125)
	  Index Cond: ((id >= 7857641) AND (id <= 7857741))

explain: for range-notcovered :: explain SELECT id, c FROM sbtest%d WHERE id BETWEEN 7857641 AND 7857741
for range-notcovered
table 1 : explain SELECT id, c FROM sbtest1 WHERE id BETWEEN 5787453 AND 5787553
	Index Scan using sbtest1_pkey on sbtest1  (cost=0.43..357.62 rows=89 width=125)
	  Index Cond: ((id >= 5787453) AND (id <= 5787553))

table 2 : explain SELECT id, c FROM sbtest2 WHERE id BETWEEN 5787453 AND 5787553
	Index Scan using sbtest2_pkey on sbtest2  (cost=0.43..385.46 rows=96 width=125)
	  Index Cond: ((id >= 5787453) AND (id <= 5787553))

table 3 : explain SELECT id, c FROM sbtest3 WHERE id BETWEEN 5787453 AND 5787553
	Index Scan using sbtest3_pkey on sbtest3  (cost=0.43..389.22 rows=97 width=125)
	  Index Cond: ((id >= 5787453) AND (id <= 5787553))

table 4 : explain SELECT id, c FROM sbtest4 WHERE id BETWEEN 5787453 AND 5787553
	Index Scan using sbtest4_pkey on sbtest4  (cost=0.43..376.47 rows=94 width=125)
	  Index Cond: ((id >= 5787453) AND (id <= 5787553))

table 5 : explain SELECT id, c FROM sbtest5 WHERE id BETWEEN 5787453 AND 5787553
	Index Scan using sbtest5_pkey on sbtest5  (cost=0.43..423.77 rows=106 width=125)
	  Index Cond: ((id >= 5787453) AND (id <= 5787553))

table 6 : explain SELECT id, c FROM sbtest6 WHERE id BETWEEN 5787453 AND 5787553
	Index Scan using sbtest6_pkey on sbtest6  (cost=0.43..383.95 rows=96 width=125)
	  Index Cond: ((id >= 5787453) AND (id <= 5787553))

table 7 : explain SELECT id, c FROM sbtest7 WHERE id BETWEEN 5787453 AND 5787553
	Index Scan using sbtest7_pkey on sbtest7  (cost=0.43..419.24 rows=105 width=125)
	  Index Cond: ((id >= 5787453) AND (id <= 5787553))

table 8 : explain SELECT id, c FROM sbtest8 WHERE id BETWEEN 5787453 AND 5787553
	Index Scan using sbtest8_pkey on sbtest8  (cost=0.43..380.02 rows=95 width=125)
	  Index Cond: ((id >= 5787453) AND (id <= 5787553))

for range-notcovered
table 1 : explain SELECT id, c FROM sbtest1 WHERE id BETWEEN 6036450 AND 6036550
	Index Scan using sbtest1_pkey on sbtest1  (cost=0.43..401.26 rows=100 width=125)
	  Index Cond: ((id >= 6036450) AND (id <= 6036550))

table 2 : explain SELECT id, c FROM sbtest2 WHERE id BETWEEN 6036450 AND 6036550
	Index Scan using sbtest2_pkey on sbtest2  (cost=0.43..385.46 rows=96 width=125)
	  Index Cond: ((id >= 6036450) AND (id <= 6036550))

table 3 : explain SELECT id, c FROM sbtest3 WHERE id BETWEEN 6036450 AND 6036550
	Index Scan using sbtest3_pkey on sbtest3  (cost=0.43..417.00 rows=104 width=125)
	  Index Cond: ((id >= 6036450) AND (id <= 6036550))

table 4 : explain SELECT id, c FROM sbtest4 WHERE id BETWEEN 6036450 AND 6036550
	Index Scan using sbtest4_pkey on sbtest4  (cost=0.43..396.27 rows=99 width=125)
	  Index Cond: ((id >= 6036450) AND (id <= 6036550))

table 5 : explain SELECT id, c FROM sbtest5 WHERE id BETWEEN 6036450 AND 6036550
	Index Scan using sbtest5_pkey on sbtest5  (cost=0.43..407.95 rows=102 width=125)
	  Index Cond: ((id >= 6036450) AND (id <= 6036550))

table 6 : explain SELECT id, c FROM sbtest6 WHERE id BETWEEN 6036450 AND 6036550
	Index Scan using sbtest6_pkey on sbtest6  (cost=0.43..411.64 rows=103 width=125)
	  Index Cond: ((id >= 6036450) AND (id <= 6036550))

table 7 : explain SELECT id, c FROM sbtest7 WHERE id BETWEEN 6036450 AND 6036550
	Index Scan using sbtest7_pkey on sbtest7  (cost=0.43..399.50 rows=100 width=125)
	  Index Cond: ((id >= 6036450) AND (id <= 6036550))

table 8 : explain SELECT id, c FROM sbtest8 WHERE id BETWEEN 6036450 AND 6036550
	Index Scan using sbtest8_pkey on sbtest8  (cost=0.43..403.75 rows=101 width=125)
	  Index Cond: ((id >= 6036450) AND (id <= 6036550))

explain: for range-notcovered :: explain SELECT id, c FROM sbtest%d WHERE id BETWEEN 5787453 AND 5787553
explain: for range-notcovered :: explain SELECT id, c FROM sbtest%d WHERE id BETWEEN 6036450 AND 6036550
for range-notcovered
table 1 : explain SELECT id, c FROM sbtest1 WHERE id BETWEEN 4390989 AND 4391089
	Index Scan using sbtest1_pkey on sbtest1  (cost=0.43..397.29 rows=99 width=125)
	  Index Cond: ((id >= 4390989) AND (id <= 4391089))

table 2 : explain SELECT id, c FROM sbtest2 WHERE id BETWEEN 4390989 AND 4391089
	Index Scan using sbtest2_pkey on sbtest2  (cost=0.43..381.50 rows=95 width=125)
	  Index Cond: ((id >= 4390989) AND (id <= 4391089))

table 3 : explain SELECT id, c FROM sbtest3 WHERE id BETWEEN 4390989 AND 4391089
	Index Scan using sbtest3_pkey on sbtest3  (cost=0.43..401.13 rows=100 width=125)
	  Index Cond: ((id >= 4390989) AND (id <= 4391089))

table 4 : explain SELECT id, c FROM sbtest4 WHERE id BETWEEN 4390989 AND 4391089
	Index Scan using sbtest4_pkey on sbtest4  (cost=0.43..423.97 rows=106 width=125)
	  Index Cond: ((id >= 4390989) AND (id <= 4391089))

table 5 : explain SELECT id, c FROM sbtest5 WHERE id BETWEEN 4390989 AND 4391089
	Index Scan using sbtest5_pkey on sbtest5  (cost=0.43..388.16 rows=97 width=125)
	  Index Cond: ((id >= 4390989) AND (id <= 4391089))

table 6 : explain SELECT id, c FROM sbtest6 WHERE id BETWEEN 4390989 AND 4391089
	Index Scan using sbtest6_pkey on sbtest6  (cost=0.43..364.19 rows=91 width=125)
	  Index Cond: ((id >= 4390989) AND (id <= 4391089))

table 7 : explain SELECT id, c FROM sbtest7 WHERE id BETWEEN 4390989 AND 4391089
	Index Scan using sbtest7_pkey on sbtest7  (cost=0.43..415.29 rows=104 width=125)
	  Index Cond: ((id >= 4390989) AND (id <= 4391089))

table 8 : explain SELECT id, c FROM sbtest8 WHERE id BETWEEN 4390989 AND 4391089
	Index Scan using sbtest8_pkey on sbtest8  (cost=0.43..376.07 rows=94 width=125)
	  Index Cond: ((id >= 4390989) AND (id <= 4391089))

explain: for range-notcovered :: explain SELECT id, c FROM sbtest%d WHERE id BETWEEN 4390989 AND 4391089
for range-notcovered
table 1 : explain SELECT id, c FROM sbtest1 WHERE id BETWEEN 4496128 AND 4496228
	Index Scan using sbtest1_pkey on sbtest1  (cost=0.43..409.21 rows=102 width=125)
	  Index Cond: ((id >= 4496128) AND (id <= 4496228))

table 2 : explain SELECT id, c FROM sbtest2 WHERE id BETWEEN 4496128 AND 4496228
	Index Scan using sbtest2_pkey on sbtest2  (cost=0.43..373.56 rows=93 width=125)
	  Index Cond: ((id >= 4496128) AND (id <= 4496228))

table 3 : explain SELECT id, c FROM sbtest3 WHERE id BETWEEN 4496128 AND 4496228
	Index Scan using sbtest3_pkey on sbtest3  (cost=0.43..389.22 rows=97 width=125)
	  Index Cond: ((id >= 4496128) AND (id <= 4496228))

table 4 : explain SELECT id, c FROM sbtest4 WHERE id BETWEEN 4496128 AND 4496228
	Index Scan using sbtest4_pkey on sbtest4  (cost=0.43..376.47 rows=94 width=125)
	  Index Cond: ((id >= 4496128) AND (id <= 4496228))

table 5 : explain SELECT id, c FROM sbtest5 WHERE id BETWEEN 4496128 AND 4496228
	Index Scan using sbtest5_pkey on sbtest5  (cost=0.43..427.72 rows=107 width=125)
	  Index Cond: ((id >= 4496128) AND (id <= 4496228))

table 6 : explain SELECT id, c FROM sbtest6 WHERE id BETWEEN 4496128 AND 4496228
	Index Scan using sbtest6_pkey on sbtest6  (cost=0.43..427.45 rows=107 width=125)
	  Index Cond: ((id >= 4496128) AND (id <= 4496228))

table 7 : explain SELECT id, c FROM sbtest7 WHERE id BETWEEN 4496128 AND 4496228
	Index Scan using sbtest7_pkey on sbtest7  (cost=0.43..403.44 rows=101 width=125)
	  Index Cond: ((id >= 4496128) AND (id <= 4496228))

table 8 : explain SELECT id, c FROM sbtest8 WHERE id BETWEEN 4496128 AND 4496228
	Index Scan using sbtest8_pkey on sbtest8  (cost=0.43..415.61 rows=104 width=125)
	  Index Cond: ((id >= 4496128) AND (id <= 4496228))

explain: for range-notcovered :: explain SELECT id, c FROM sbtest%d WHERE id BETWEEN 4496128 AND 4496228
for range-notcovered
table 1 : explain SELECT id, c FROM sbtest1 WHERE id BETWEEN 2936641 AND 2936741
	Index Scan using sbtest1_pkey on sbtest1  (cost=0.43..405.24 rows=101 width=125)
	  Index Cond: ((id >= 2936641) AND (id <= 2936741))

table 2 : explain SELECT id, c FROM sbtest2 WHERE id BETWEEN 2936641 AND 2936741
	Index Scan using sbtest2_pkey on sbtest2  (cost=0.43..421.19 rows=105 width=125)
	  Index Cond: ((id >= 2936641) AND (id <= 2936741))

table 3 : explain SELECT id, c FROM sbtest3 WHERE id BETWEEN 2936641 AND 2936741
	Index Scan using sbtest3_pkey on sbtest3  (cost=0.43..424.93 rows=106 width=125)
	  Index Cond: ((id >= 2936641) AND (id <= 2936741))

table 4 : explain SELECT id, c FROM sbtest4 WHERE id BETWEEN 2936641 AND 2936741
	Index Scan using sbtest4_pkey on sbtest4  (cost=0.43..423.97 rows=106 width=125)
	  Index Cond: ((id >= 2936641) AND (id <= 2936741))

table 5 : explain SELECT id, c FROM sbtest5 WHERE id BETWEEN 2936641 AND 2936741
	Index Scan using sbtest5_pkey on sbtest5  (cost=0.43..419.81 rows=105 width=125)
	  Index Cond: ((id >= 2936641) AND (id <= 2936741))

table 6 : explain SELECT id, c FROM sbtest6 WHERE id BETWEEN 2936641 AND 2936741
	Index Scan using sbtest6_pkey on sbtest6  (cost=0.43..447.21 rows=112 width=125)
	  Index Cond: ((id >= 2936641) AND (id <= 2936741))

table 7 : explain SELECT id, c FROM sbtest7 WHERE id BETWEEN 2936641 AND 2936741
	Index Scan using sbtest7_pkey on sbtest7  (cost=0.43..423.19 rows=106 width=125)
	  Index Cond: ((id >= 2936641) AND (id <= 2936741))

table 8 : explain SELECT id, c FROM sbtest8 WHERE id BETWEEN 2936641 AND 2936741
	Index Scan using sbtest8_pkey on sbtest8  (cost=0.43..407.71 rows=102 width=125)
	  Index Cond: ((id >= 2936641) AND (id <= 2936741))

for range-notcovered
table 1 : explain SELECT id, c FROM sbtest1 WHERE id BETWEEN 7857641 AND 7857741
	Index Scan using sbtest1_pkey on sbtest1  (cost=0.43..421.11 rows=105 width=125)
	  Index Cond: ((id >= 7857641) AND (id <= 7857741))

table 2 : explain SELECT id, c FROM sbtest2 WHERE id BETWEEN 7857641 AND 7857741
	Index Scan using sbtest2_pkey on sbtest2  (cost=0.43..389.43 rows=97 width=125)
	  Index Cond: ((id >= 7857641) AND (id <= 7857741))

table 3 : explain SELECT id, c FROM sbtest3 WHERE id BETWEEN 7857641 AND 7857741
	Index Scan using sbtest3_pkey on sbtest3  (cost=0.43..444.76 rows=111 width=125)
	  Index Cond: ((id >= 7857641) AND (id <= 7857741))

table 4 : explain SELECT id, c FROM sbtest4 WHERE id BETWEEN 7857641 AND 7857741
	Index Scan using sbtest4_pkey on sbtest4  (cost=0.43..408.14 rows=102 width=125)
	  Index Cond: ((id >= 7857641) AND (id <= 7857741))

table 5 : explain SELECT id, c FROM sbtest5 WHERE id BETWEEN 7857641 AND 7857741
	Index Scan using sbtest5_pkey on sbtest5  (cost=0.43..407.95 rows=102 width=125)
	  Index Cond: ((id >= 7857641) AND (id <= 7857741))

table 6 : explain SELECT id, c FROM sbtest6 WHERE id BETWEEN 7857641 AND 7857741
	Index Scan using sbtest6_pkey on sbtest6  (cost=0.43..395.83 rows=99 width=125)
	  Index Cond: ((id >= 7857641) AND (id <= 7857741))

table 7 : explain SELECT id, c FROM sbtest7 WHERE id BETWEEN 7857641 AND 7857741
	Index Scan using sbtest7_pkey on sbtest7  (cost=0.43..383.68 rows=96 width=125)
	  Index Cond: ((id >= 7857641) AND (id <= 7857741))

table 8 : explain SELECT id, c FROM sbtest8 WHERE id BETWEEN 7857641 AND 7857741
	Index Scan using sbtest8_pkey on sbtest8  (cost=0.43..387.94 rows=97 width=125)
	  Index Cond: ((id >= 7857641) AND (id <= 7857741))

explain: for range-notcovered :: explain SELECT id, c FROM sbtest%d WHERE id BETWEEN 2936641 AND 2936741
explain: for range-notcovered :: explain SELECT id, c FROM sbtest%d WHERE id BETWEEN 7857641 AND 7857741
for range-notcovered
table 1 : explain SELECT id, c FROM sbtest1 WHERE id BETWEEN 6036450 AND 6036550
	Index Scan using sbtest1_pkey on sbtest1  (cost=0.43..401.26 rows=100 width=125)
	  Index Cond: ((id >= 6036450) AND (id <= 6036550))

table 2 : explain SELECT id, c FROM sbtest2 WHERE id BETWEEN 6036450 AND 6036550
	Index Scan using sbtest2_pkey on sbtest2  (cost=0.43..385.46 rows=96 width=125)
	  Index Cond: ((id >= 6036450) AND (id <= 6036550))

table 3 : explain SELECT id, c FROM sbtest3 WHERE id BETWEEN 6036450 AND 6036550
	Index Scan using sbtest3_pkey on sbtest3  (cost=0.43..417.00 rows=104 width=125)
	  Index Cond: ((id >= 6036450) AND (id <= 6036550))

table 4 : explain SELECT id, c FROM sbtest4 WHERE id BETWEEN 6036450 AND 6036550
	Index Scan using sbtest4_pkey on sbtest4  (cost=0.43..396.27 rows=99 width=125)
	  Index Cond: ((id >= 6036450) AND (id <= 6036550))

table 5 : explain SELECT id, c FROM sbtest5 WHERE id BETWEEN 6036450 AND 6036550
	Index Scan using sbtest5_pkey on sbtest5  (cost=0.43..407.95 rows=102 width=125)
	  Index Cond: ((id >= 6036450) AND (id <= 6036550))

table 6 : explain SELECT id, c FROM sbtest6 WHERE id BETWEEN 6036450 AND 6036550
	Index Scan using sbtest6_pkey on sbtest6  (cost=0.43..411.64 rows=103 width=125)
	  Index Cond: ((id >= 6036450) AND (id <= 6036550))

table 7 : explain SELECT id, c FROM sbtest7 WHERE id BETWEEN 6036450 AND 6036550
	Index Scan using sbtest7_pkey on sbtest7  (cost=0.43..399.50 rows=100 width=125)
	  Index Cond: ((id >= 6036450) AND (id <= 6036550))

table 8 : explain SELECT id, c FROM sbtest8 WHERE id BETWEEN 6036450 AND 6036550
	Index Scan using sbtest8_pkey on sbtest8  (cost=0.43..403.75 rows=101 width=125)
	  Index Cond: ((id >= 6036450) AND (id <= 6036550))

explain: for range-notcovered :: explain SELECT id, c FROM sbtest%d WHERE id BETWEEN 6036450 AND 6036550
for range-notcovered
table 1 : explain SELECT id, c FROM sbtest1 WHERE id BETWEEN 4390989 AND 4391089
	Index Scan using sbtest1_pkey on sbtest1  (cost=0.43..397.29 rows=99 width=125)
	  Index Cond: ((id >= 4390989) AND (id <= 4391089))

table 2 : explain SELECT id, c FROM sbtest2 WHERE id BETWEEN 4390989 AND 4391089
	Index Scan using sbtest2_pkey on sbtest2  (cost=0.43..381.50 rows=95 width=125)
	  Index Cond: ((id >= 4390989) AND (id <= 4391089))

table 3 : explain SELECT id, c FROM sbtest3 WHERE id BETWEEN 4390989 AND 4391089
	Index Scan using sbtest3_pkey on sbtest3  (cost=0.43..401.13 rows=100 width=125)
	  Index Cond: ((id >= 4390989) AND (id <= 4391089))

table 4 : explain SELECT id, c FROM sbtest4 WHERE id BETWEEN 4390989 AND 4391089
	Index Scan using sbtest4_pkey on sbtest4  (cost=0.43..423.97 rows=106 width=125)
	  Index Cond: ((id >= 4390989) AND (id <= 4391089))

table 5 : explain SELECT id, c FROM sbtest5 WHERE id BETWEEN 4390989 AND 4391089
	Index Scan using sbtest5_pkey on sbtest5  (cost=0.43..388.16 rows=97 width=125)
	  Index Cond: ((id >= 4390989) AND (id <= 4391089))

table 6 : explain SELECT id, c FROM sbtest6 WHERE id BETWEEN 4390989 AND 4391089
	Index Scan using sbtest6_pkey on sbtest6  (cost=0.43..364.19 rows=91 width=125)
	  Index Cond: ((id >= 4390989) AND (id <= 4391089))

table 7 : explain SELECT id, c FROM sbtest7 WHERE id BETWEEN 4390989 AND 4391089
	Index Scan using sbtest7_pkey on sbtest7  (cost=0.43..415.29 rows=104 width=125)
	  Index Cond: ((id >= 4390989) AND (id <= 4391089))

table 8 : explain SELECT id, c FROM sbtest8 WHERE id BETWEEN 4390989 AND 4391089
	Index Scan using sbtest8_pkey on sbtest8  (cost=0.43..376.07 rows=94 width=125)
	  Index Cond: ((id >= 4390989) AND (id <= 4391089))

explain: for range-notcovered :: explain SELECT id, c FROM sbtest%d WHERE id BETWEEN 4390989 AND 4391089
for range-notcovered
table 1 : explain SELECT id, c FROM sbtest1 WHERE id BETWEEN 4496128 AND 4496228
	Index Scan using sbtest1_pkey on sbtest1  (cost=0.43..409.21 rows=102 width=125)
	  Index Cond: ((id >= 4496128) AND (id <= 4496228))

table 2 : explain SELECT id, c FROM sbtest2 WHERE id BETWEEN 4496128 AND 4496228
	Index Scan using sbtest2_pkey on sbtest2  (cost=0.43..373.56 rows=93 width=125)
	  Index Cond: ((id >= 4496128) AND (id <= 4496228))

table 3 : explain SELECT id, c FROM sbtest3 WHERE id BETWEEN 4496128 AND 4496228
	Index Scan using sbtest3_pkey on sbtest3  (cost=0.43..389.22 rows=97 width=125)
	  Index Cond: ((id >= 4496128) AND (id <= 4496228))

table 4 : explain SELECT id, c FROM sbtest4 WHERE id BETWEEN 4496128 AND 4496228
	Index Scan using sbtest4_pkey on sbtest4  (cost=0.43..376.47 rows=94 width=125)
	  Index Cond: ((id >= 4496128) AND (id <= 4496228))

table 5 : explain SELECT id, c FROM sbtest5 WHERE id BETWEEN 4496128 AND 4496228
	Index Scan using sbtest5_pkey on sbtest5  (cost=0.43..427.72 rows=107 width=125)
	  Index Cond: ((id >= 4496128) AND (id <= 4496228))

table 6 : explain SELECT id, c FROM sbtest6 WHERE id BETWEEN 4496128 AND 4496228
	Index Scan using sbtest6_pkey on sbtest6  (cost=0.43..427.45 rows=107 width=125)
	  Index Cond: ((id >= 4496128) AND (id <= 4496228))

table 7 : explain SELECT id, c FROM sbtest7 WHERE id BETWEEN 4496128 AND 4496228
	Index Scan using sbtest7_pkey on sbtest7  (cost=0.43..403.44 rows=101 width=125)
	  Index Cond: ((id >= 4496128) AND (id <= 4496228))

table 8 : explain SELECT id, c FROM sbtest8 WHERE id BETWEEN 4496128 AND 4496228
	Index Scan using sbtest8_pkey on sbtest8  (cost=0.43..415.61 rows=104 width=125)
	  Index Cond: ((id >= 4496128) AND (id <= 4496228))

explain: for range-notcovered :: explain SELECT id, c FROM sbtest%d WHERE id BETWEEN 4496128 AND 4496228
for range-notcovered
table 1 : explain SELECT id, c FROM sbtest1 WHERE id BETWEEN 2936641 AND 2936741
	Index Scan using sbtest1_pkey on sbtest1  (cost=0.43..405.24 rows=101 width=125)
	  Index Cond: ((id >= 2936641) AND (id <= 2936741))

table 2 : explain SELECT id, c FROM sbtest2 WHERE id BETWEEN 2936641 AND 2936741
	Index Scan using sbtest2_pkey on sbtest2  (cost=0.43..421.19 rows=105 width=125)
	  Index Cond: ((id >= 2936641) AND (id <= 2936741))

table 3 : explain SELECT id, c FROM sbtest3 WHERE id BETWEEN 2936641 AND 2936741
	Index Scan using sbtest3_pkey on sbtest3  (cost=0.43..424.93 rows=106 width=125)
	  Index Cond: ((id >= 2936641) AND (id <= 2936741))

table 4 : explain SELECT id, c FROM sbtest4 WHERE id BETWEEN 2936641 AND 2936741
	Index Scan using sbtest4_pkey on sbtest4  (cost=0.43..423.97 rows=106 width=125)
	  Index Cond: ((id >= 2936641) AND (id <= 2936741))

table 5 : explain SELECT id, c FROM sbtest5 WHERE id BETWEEN 2936641 AND 2936741
	Index Scan using sbtest5_pkey on sbtest5  (cost=0.43..419.81 rows=105 width=125)
	  Index Cond: ((id >= 2936641) AND (id <= 2936741))

table 6 : explain SELECT id, c FROM sbtest6 WHERE id BETWEEN 2936641 AND 2936741
	Index Scan using sbtest6_pkey on sbtest6  (cost=0.43..447.21 rows=112 width=125)
	  Index Cond: ((id >= 2936641) AND (id <= 2936741))

table 7 : explain SELECT id, c FROM sbtest7 WHERE id BETWEEN 2936641 AND 2936741
	Index Scan using sbtest7_pkey on sbtest7  (cost=0.43..423.19 rows=106 width=125)
	  Index Cond: ((id >= 2936641) AND (id <= 2936741))

table 8 : explain SELECT id, c FROM sbtest8 WHERE id BETWEEN 2936641 AND 2936741
	Index Scan using sbtest8_pkey on sbtest8  (cost=0.43..407.71 rows=102 width=125)
	  Index Cond: ((id >= 2936641) AND (id <= 2936741))

for range-notcovered
table 1 : explain SELECT id, c FROM sbtest1 WHERE id BETWEEN 7857641 AND 7857741
	Index Scan using sbtest1_pkey on sbtest1  (cost=0.43..421.11 rows=105 width=125)
	  Index Cond: ((id >= 7857641) AND (id <= 7857741))

table 2 : explain SELECT id, c FROM sbtest2 WHERE id BETWEEN 7857641 AND 7857741
	Index Scan using sbtest2_pkey on sbtest2  (cost=0.43..389.43 rows=97 width=125)
	  Index Cond: ((id >= 7857641) AND (id <= 7857741))

table 3 : explain SELECT id, c FROM sbtest3 WHERE id BETWEEN 7857641 AND 7857741
	Index Scan using sbtest3_pkey on sbtest3  (cost=0.43..444.76 rows=111 width=125)
	  Index Cond: ((id >= 7857641) AND (id <= 7857741))

table 4 : explain SELECT id, c FROM sbtest4 WHERE id BETWEEN 7857641 AND 7857741
	Index Scan using sbtest4_pkey on sbtest4  (cost=0.43..408.14 rows=102 width=125)
	  Index Cond: ((id >= 7857641) AND (id <= 7857741))

table 5 : explain SELECT id, c FROM sbtest5 WHERE id BETWEEN 7857641 AND 7857741
	Index Scan using sbtest5_pkey on sbtest5  (cost=0.43..407.95 rows=102 width=125)
	  Index Cond: ((id >= 7857641) AND (id <= 7857741))

table 6 : explain SELECT id, c FROM sbtest6 WHERE id BETWEEN 7857641 AND 7857741
	Index Scan using sbtest6_pkey on sbtest6  (cost=0.43..395.83 rows=99 width=125)
	  Index Cond: ((id >= 7857641) AND (id <= 7857741))

table 7 : explain SELECT id, c FROM sbtest7 WHERE id BETWEEN 7857641 AND 7857741
	Index Scan using sbtest7_pkey on sbtest7  (cost=0.43..383.68 rows=96 width=125)
	  Index Cond: ((id >= 7857641) AND (id <= 7857741))

table 8 : explain SELECT id, c FROM sbtest8 WHERE id BETWEEN 7857641 AND 7857741
	Index Scan using sbtest8_pkey on sbtest8  (cost=0.43..387.94 rows=97 width=125)
	  Index Cond: ((id >= 7857641) AND (id <= 7857741))

for range-notcovered
table 1 : explain SELECT id, c FROM sbtest1 WHERE id BETWEEN 5787453 AND 5787553
	Index Scan using sbtest1_pkey on sbtest1  (cost=0.43..357.62 rows=89 width=125)
	  Index Cond: ((id >= 5787453) AND (id <= 5787553))

table 2 : explain SELECT id, c FROM sbtest2 WHERE id BETWEEN 5787453 AND 5787553
	Index Scan using sbtest2_pkey on sbtest2  (cost=0.43..385.46 rows=96 width=125)
	  Index Cond: ((id >= 5787453) AND (id <= 5787553))

table 3 : explain SELECT id, c FROM sbtest3 WHERE id BETWEEN 5787453 AND 5787553
	Index Scan using sbtest3_pkey on sbtest3  (cost=0.43..389.22 rows=97 width=125)
	  Index Cond: ((id >= 5787453) AND (id <= 5787553))

table 4 : explain SELECT id, c FROM sbtest4 WHERE id BETWEEN 5787453 AND 5787553
	Index Scan using sbtest4_pkey on sbtest4  (cost=0.43..376.47 rows=94 width=125)
	  Index Cond: ((id >= 5787453) AND (id <= 5787553))

table 5 : explain SELECT id, c FROM sbtest5 WHERE id BETWEEN 5787453 AND 5787553
	Index Scan using sbtest5_pkey on sbtest5  (cost=0.43..423.77 rows=106 width=125)
	  Index Cond: ((id >= 5787453) AND (id <= 5787553))

table 6 : explain SELECT id, c FROM sbtest6 WHERE id BETWEEN 5787453 AND 5787553
	Index Scan using sbtest6_pkey on sbtest6  (cost=0.43..383.95 rows=96 width=125)
	  Index Cond: ((id >= 5787453) AND (id <= 5787553))

table 7 : explain SELECT id, c FROM sbtest7 WHERE id BETWEEN 5787453 AND 5787553
	Index Scan using sbtest7_pkey on sbtest7  (cost=0.43..419.24 rows=105 width=125)
	  Index Cond: ((id >= 5787453) AND (id <= 5787553))

table 8 : explain SELECT id, c FROM sbtest8 WHERE id BETWEEN 5787453 AND 5787553
	Index Scan using sbtest8_pkey on sbtest8  (cost=0.43..380.02 rows=95 width=125)
	  Index Cond: ((id >= 5787453) AND (id <= 5787553))

explain: for range-notcovered :: explain SELECT id, c FROM sbtest%d WHERE id BETWEEN 2936641 AND 2936741
explain: for range-notcovered :: explain SELECT id, c FROM sbtest%d WHERE id BETWEEN 7857641 AND 7857741
explain: for range-notcovered :: explain SELECT id, c FROM sbtest%d WHERE id BETWEEN 5787453 AND 5787553
for range-notcovered
table 1 : explain SELECT id, c FROM sbtest1 WHERE id BETWEEN 6036450 AND 6036550
	Index Scan using sbtest1_pkey on sbtest1  (cost=0.43..401.26 rows=100 width=125)
	  Index Cond: ((id >= 6036450) AND (id <= 6036550))

table 2 : explain SELECT id, c FROM sbtest2 WHERE id BETWEEN 6036450 AND 6036550
	Index Scan using sbtest2_pkey on sbtest2  (cost=0.43..385.46 rows=96 width=125)
	  Index Cond: ((id >= 6036450) AND (id <= 6036550))

table 3 : explain SELECT id, c FROM sbtest3 WHERE id BETWEEN 6036450 AND 6036550
	Index Scan using sbtest3_pkey on sbtest3  (cost=0.43..417.00 rows=104 width=125)
	  Index Cond: ((id >= 6036450) AND (id <= 6036550))

table 4 : explain SELECT id, c FROM sbtest4 WHERE id BETWEEN 6036450 AND 6036550
	Index Scan using sbtest4_pkey on sbtest4  (cost=0.43..396.27 rows=99 width=125)
	  Index Cond: ((id >= 6036450) AND (id <= 6036550))

table 5 : explain SELECT id, c FROM sbtest5 WHERE id BETWEEN 6036450 AND 6036550
	Index Scan using sbtest5_pkey on sbtest5  (cost=0.43..407.95 rows=102 width=125)
	  Index Cond: ((id >= 6036450) AND (id <= 6036550))

table 6 : explain SELECT id, c FROM sbtest6 WHERE id BETWEEN 6036450 AND 6036550
	Index Scan using sbtest6_pkey on sbtest6  (cost=0.43..411.64 rows=103 width=125)
	  Index Cond: ((id >= 6036450) AND (id <= 6036550))

table 7 : explain SELECT id, c FROM sbtest7 WHERE id BETWEEN 6036450 AND 6036550
	Index Scan using sbtest7_pkey on sbtest7  (cost=0.43..399.50 rows=100 width=125)
	  Index Cond: ((id >= 6036450) AND (id <= 6036550))

table 8 : explain SELECT id, c FROM sbtest8 WHERE id BETWEEN 6036450 AND 6036550
	Index Scan using sbtest8_pkey on sbtest8  (cost=0.43..403.75 rows=101 width=125)
	  Index Cond: ((id >= 6036450) AND (id <= 6036550))

explain: for range-notcovered :: explain SELECT id, c FROM sbtest%d WHERE id BETWEEN 6036450 AND 6036550
for range-notcovered
table 1 : explain SELECT id, c FROM sbtest1 WHERE id BETWEEN 4390989 AND 4391089
	Index Scan using sbtest1_pkey on sbtest1  (cost=0.43..397.29 rows=99 width=125)
	  Index Cond: ((id >= 4390989) AND (id <= 4391089))

table 2 : explain SELECT id, c FROM sbtest2 WHERE id BETWEEN 4390989 AND 4391089
	Index Scan using sbtest2_pkey on sbtest2  (cost=0.43..381.50 rows=95 width=125)
	  Index Cond: ((id >= 4390989) AND (id <= 4391089))

table 3 : explain SELECT id, c FROM sbtest3 WHERE id BETWEEN 4390989 AND 4391089
	Index Scan using sbtest3_pkey on sbtest3  (cost=0.43..401.13 rows=100 width=125)
	  Index Cond: ((id >= 4390989) AND (id <= 4391089))

table 4 : explain SELECT id, c FROM sbtest4 WHERE id BETWEEN 4390989 AND 4391089
	Index Scan using sbtest4_pkey on sbtest4  (cost=0.43..423.97 rows=106 width=125)
	  Index Cond: ((id >= 4390989) AND (id <= 4391089))

table 5 : explain SELECT id, c FROM sbtest5 WHERE id BETWEEN 4390989 AND 4391089
	Index Scan using sbtest5_pkey on sbtest5  (cost=0.43..388.16 rows=97 width=125)
	  Index Cond: ((id >= 4390989) AND (id <= 4391089))

table 6 : explain SELECT id, c FROM sbtest6 WHERE id BETWEEN 4390989 AND 4391089
	Index Scan using sbtest6_pkey on sbtest6  (cost=0.43..364.19 rows=91 width=125)
	  Index Cond: ((id >= 4390989) AND (id <= 4391089))

table 7 : explain SELECT id, c FROM sbtest7 WHERE id BETWEEN 4390989 AND 4391089
	Index Scan using sbtest7_pkey on sbtest7  (cost=0.43..415.29 rows=104 width=125)
	  Index Cond: ((id >= 4390989) AND (id <= 4391089))

table 8 : explain SELECT id, c FROM sbtest8 WHERE id BETWEEN 4390989 AND 4391089
	Index Scan using sbtest8_pkey on sbtest8  (cost=0.43..376.07 rows=94 width=125)
	  Index Cond: ((id >= 4390989) AND (id <= 4391089))

explain: for range-notcovered :: explain SELECT id, c FROM sbtest%d WHERE id BETWEEN 4390989 AND 4391089
for range-notcovered
table 1 : explain SELECT id, c FROM sbtest1 WHERE id BETWEEN 6748219 AND 6748319
	Index Scan using sbtest1_pkey on sbtest1  (cost=0.43..433.01 rows=108 width=125)
	  Index Cond: ((id >= 6748219) AND (id <= 6748319))

table 2 : explain SELECT id, c FROM sbtest2 WHERE id BETWEEN 6748219 AND 6748319
	Index Scan using sbtest2_pkey on sbtest2  (cost=0.43..397.37 rows=99 width=125)
	  Index Cond: ((id >= 6748219) AND (id <= 6748319))

table 3 : explain SELECT id, c FROM sbtest3 WHERE id BETWEEN 6748219 AND 6748319
	Index Scan using sbtest3_pkey on sbtest3  (cost=0.43..385.25 rows=96 width=125)
	  Index Cond: ((id >= 6748219) AND (id <= 6748319))

table 4 : explain SELECT id, c FROM sbtest4 WHERE id BETWEEN 6748219 AND 6748319
	Index Scan using sbtest4_pkey on sbtest4  (cost=0.43..404.18 rows=101 width=125)
	  Index Cond: ((id >= 6748219) AND (id <= 6748319))

table 5 : explain SELECT id, c FROM sbtest5 WHERE id BETWEEN 6748219 AND 6748319
	Index Scan using sbtest5_pkey on sbtest5  (cost=0.43..415.86 rows=104 width=125)
	  Index Cond: ((id >= 6748219) AND (id <= 6748319))

table 6 : explain SELECT id, c FROM sbtest6 WHERE id BETWEEN 6748219 AND 6748319
	Index Scan using sbtest6_pkey on sbtest6  (cost=0.43..399.78 rows=100 width=125)
	  Index Cond: ((id >= 6748219) AND (id <= 6748319))

table 7 : explain SELECT id, c FROM sbtest7 WHERE id BETWEEN 6748219 AND 6748319
	Index Scan using sbtest7_pkey on sbtest7  (cost=0.43..367.88 rows=92 width=125)
	  Index Cond: ((id >= 6748219) AND (id <= 6748319))

table 8 : explain SELECT id, c FROM sbtest8 WHERE id BETWEEN 6748219 AND 6748319
	Index Scan using sbtest8_pkey on sbtest8  (cost=0.43..455.14 rows=114 width=125)
	  Index Cond: ((id >= 6748219) AND (id <= 6748319))

for range-notcovered
table 1 : explain SELECT id, c FROM sbtest1 WHERE id BETWEEN 4496128 AND 4496228
	Index Scan using sbtest1_pkey on sbtest1  (cost=0.43..409.21 rows=102 width=125)
	  Index Cond: ((id >= 4496128) AND (id <= 4496228))

table 2 : explain SELECT id, c FROM sbtest2 WHERE id BETWEEN 4496128 AND 4496228
	Index Scan using sbtest2_pkey on sbtest2  (cost=0.43..373.56 rows=93 width=125)
	  Index Cond: ((id >= 4496128) AND (id <= 4496228))

table 3 : explain SELECT id, c FROM sbtest3 WHERE id BETWEEN 4496128 AND 4496228
	Index Scan using sbtest3_pkey on sbtest3  (cost=0.43..389.22 rows=97 width=125)
	  Index Cond: ((id >= 4496128) AND (id <= 4496228))

table 4 : explain SELECT id, c FROM sbtest4 WHERE id BETWEEN 4496128 AND 4496228
	Index Scan using sbtest4_pkey on sbtest4  (cost=0.43..376.47 rows=94 width=125)
	  Index Cond: ((id >= 4496128) AND (id <= 4496228))

table 5 : explain SELECT id, c FROM sbtest5 WHERE id BETWEEN 4496128 AND 4496228
	Index Scan using sbtest5_pkey on sbtest5  (cost=0.43..427.72 rows=107 width=125)
	  Index Cond: ((id >= 4496128) AND (id <= 4496228))

table 6 : explain SELECT id, c FROM sbtest6 WHERE id BETWEEN 4496128 AND 4496228
	Index Scan using sbtest6_pkey on sbtest6  (cost=0.43..427.45 rows=107 width=125)
	  Index Cond: ((id >= 4496128) AND (id <= 4496228))

table 7 : explain SELECT id, c FROM sbtest7 WHERE id BETWEEN 4496128 AND 4496228
	Index Scan using sbtest7_pkey on sbtest7  (cost=0.43..403.44 rows=101 width=125)
	  Index Cond: ((id >= 4496128) AND (id <= 4496228))

table 8 : explain SELECT id, c FROM sbtest8 WHERE id BETWEEN 4496128 AND 4496228
	Index Scan using sbtest8_pkey on sbtest8  (cost=0.43..415.61 rows=104 width=125)
	  Index Cond: ((id >= 4496128) AND (id <= 4496228))

explain: for range-notcovered :: explain SELECT id, c FROM sbtest%d WHERE id BETWEEN 4496128 AND 4496228
for range-notcovered
table 1 : explain SELECT id, c FROM sbtest1 WHERE id BETWEEN 2936641 AND 2936741
	Index Scan using sbtest1_pkey on sbtest1  (cost=0.43..405.24 rows=101 width=125)
	  Index Cond: ((id >= 2936641) AND (id <= 2936741))

table 2 : explain SELECT id, c FROM sbtest2 WHERE id BETWEEN 2936641 AND 2936741
	Index Scan using sbtest2_pkey on sbtest2  (cost=0.43..421.19 rows=105 width=125)
	  Index Cond: ((id >= 2936641) AND (id <= 2936741))

table 3 : explain SELECT id, c FROM sbtest3 WHERE id BETWEEN 2936641 AND 2936741
	Index Scan using sbtest3_pkey on sbtest3  (cost=0.43..424.93 rows=106 width=125)
	  Index Cond: ((id >= 2936641) AND (id <= 2936741))

table 4 : explain SELECT id, c FROM sbtest4 WHERE id BETWEEN 2936641 AND 2936741
	Index Scan using sbtest4_pkey on sbtest4  (cost=0.43..423.97 rows=106 width=125)
	  Index Cond: ((id >= 2936641) AND (id <= 2936741))

table 5 : explain SELECT id, c FROM sbtest5 WHERE id BETWEEN 2936641 AND 2936741
	Index Scan using sbtest5_pkey on sbtest5  (cost=0.43..419.81 rows=105 width=125)
	  Index Cond: ((id >= 2936641) AND (id <= 2936741))

table 6 : explain SELECT id, c FROM sbtest6 WHERE id BETWEEN 2936641 AND 2936741
	Index Scan using sbtest6_pkey on sbtest6  (cost=0.43..447.21 rows=112 width=125)
	  Index Cond: ((id >= 2936641) AND (id <= 2936741))

table 7 : explain SELECT id, c FROM sbtest7 WHERE id BETWEEN 2936641 AND 2936741
	Index Scan using sbtest7_pkey on sbtest7  (cost=0.43..423.19 rows=106 width=125)
	  Index Cond: ((id >= 2936641) AND (id <= 2936741))

table 8 : explain SELECT id, c FROM sbtest8 WHERE id BETWEEN 2936641 AND 2936741
	Index Scan using sbtest8_pkey on sbtest8  (cost=0.43..407.71 rows=102 width=125)
	  Index Cond: ((id >= 2936641) AND (id <= 2936741))

for range-notcovered
table 1 : explain SELECT id, c FROM sbtest1 WHERE id BETWEEN 7857641 AND 7857741
	Index Scan using sbtest1_pkey on sbtest1  (cost=0.43..421.11 rows=105 width=125)
	  Index Cond: ((id >= 7857641) AND (id <= 7857741))

table 2 : explain SELECT id, c FROM sbtest2 WHERE id BETWEEN 7857641 AND 7857741
	Index Scan using sbtest2_pkey on sbtest2  (cost=0.43..389.43 rows=97 width=125)
	  Index Cond: ((id >= 7857641) AND (id <= 7857741))

table 3 : explain SELECT id, c FROM sbtest3 WHERE id BETWEEN 7857641 AND 7857741
	Index Scan using sbtest3_pkey on sbtest3  (cost=0.43..444.76 rows=111 width=125)
	  Index Cond: ((id >= 7857641) AND (id <= 7857741))

table 4 : explain SELECT id, c FROM sbtest4 WHERE id BETWEEN 7857641 AND 7857741
	Index Scan using sbtest4_pkey on sbtest4  (cost=0.43..408.14 rows=102 width=125)
	  Index Cond: ((id >= 7857641) AND (id <= 7857741))

table 5 : explain SELECT id, c FROM sbtest5 WHERE id BETWEEN 7857641 AND 7857741
	Index Scan using sbtest5_pkey on sbtest5  (cost=0.43..407.95 rows=102 width=125)
	  Index Cond: ((id >= 7857641) AND (id <= 7857741))

table 6 : explain SELECT id, c FROM sbtest6 WHERE id BETWEEN 7857641 AND 7857741
	Index Scan using sbtest6_pkey on sbtest6  (cost=0.43..395.83 rows=99 width=125)
	  Index Cond: ((id >= 7857641) AND (id <= 7857741))

table 7 : explain SELECT id, c FROM sbtest7 WHERE id BETWEEN 7857641 AND 7857741
	Index Scan using sbtest7_pkey on sbtest7  (cost=0.43..383.68 rows=96 width=125)
	  Index Cond: ((id >= 7857641) AND (id <= 7857741))

table 8 : explain SELECT id, c FROM sbtest8 WHERE id BETWEEN 7857641 AND 7857741
	Index Scan using sbtest8_pkey on sbtest8  (cost=0.43..387.94 rows=97 width=125)
	  Index Cond: ((id >= 7857641) AND (id <= 7857741))

for range-notcovered
table 1 : explain SELECT id, c FROM sbtest1 WHERE id BETWEEN 6036450 AND 6036550
	Index Scan using sbtest1_pkey on sbtest1  (cost=0.43..401.26 rows=100 width=125)
	  Index Cond: ((id >= 6036450) AND (id <= 6036550))

table 2 : explain SELECT id, c FROM sbtest2 WHERE id BETWEEN 6036450 AND 6036550
	Index Scan using sbtest2_pkey on sbtest2  (cost=0.43..385.46 rows=96 width=125)
	  Index Cond: ((id >= 6036450) AND (id <= 6036550))

table 3 : explain SELECT id, c FROM sbtest3 WHERE id BETWEEN 6036450 AND 6036550
	Index Scan using sbtest3_pkey on sbtest3  (cost=0.43..417.00 rows=104 width=125)
	  Index Cond: ((id >= 6036450) AND (id <= 6036550))

table 4 : explain SELECT id, c FROM sbtest4 WHERE id BETWEEN 6036450 AND 6036550
	Index Scan using sbtest4_pkey on sbtest4  (cost=0.43..396.27 rows=99 width=125)
	  Index Cond: ((id >= 6036450) AND (id <= 6036550))

table 5 : explain SELECT id, c FROM sbtest5 WHERE id BETWEEN 6036450 AND 6036550
	Index Scan using sbtest5_pkey on sbtest5  (cost=0.43..407.95 rows=102 width=125)
	  Index Cond: ((id >= 6036450) AND (id <= 6036550))

table 6 : explain SELECT id, c FROM sbtest6 WHERE id BETWEEN 6036450 AND 6036550
	Index Scan using sbtest6_pkey on sbtest6  (cost=0.43..411.64 rows=103 width=125)
	  Index Cond: ((id >= 6036450) AND (id <= 6036550))

table 7 : explain SELECT id, c FROM sbtest7 WHERE id BETWEEN 6036450 AND 6036550
	Index Scan using sbtest7_pkey on sbtest7  (cost=0.43..399.50 rows=100 width=125)
	  Index Cond: ((id >= 6036450) AND (id <= 6036550))

table 8 : explain SELECT id, c FROM sbtest8 WHERE id BETWEEN 6036450 AND 6036550
	Index Scan using sbtest8_pkey on sbtest8  (cost=0.43..403.75 rows=101 width=125)
	  Index Cond: ((id >= 6036450) AND (id <= 6036550))

explain: for range-notcovered :: explain SELECT id, c FROM sbtest%d WHERE id BETWEEN 6748219 AND 6748319
explain: for range-notcovered :: explain SELECT id, c FROM sbtest%d WHERE id BETWEEN 6036450 AND 6036550
explain: for range-notcovered :: explain SELECT id, c FROM sbtest%d WHERE id BETWEEN 7857641 AND 7857741
for range-notcovered
table 1 : explain SELECT id, c FROM sbtest1 WHERE id BETWEEN 4390989 AND 4391089
	Index Scan using sbtest1_pkey on sbtest1  (cost=0.43..397.29 rows=99 width=125)
	  Index Cond: ((id >= 4390989) AND (id <= 4391089))

table 2 : explain SELECT id, c FROM sbtest2 WHERE id BETWEEN 4390989 AND 4391089
	Index Scan using sbtest2_pkey on sbtest2  (cost=0.43..381.50 rows=95 width=125)
	  Index Cond: ((id >= 4390989) AND (id <= 4391089))

table 3 : explain SELECT id, c FROM sbtest3 WHERE id BETWEEN 4390989 AND 4391089
	Index Scan using sbtest3_pkey on sbtest3  (cost=0.43..401.13 rows=100 width=125)
	  Index Cond: ((id >= 4390989) AND (id <= 4391089))

table 4 : explain SELECT id, c FROM sbtest4 WHERE id BETWEEN 4390989 AND 4391089
	Index Scan using sbtest4_pkey on sbtest4  (cost=0.43..423.97 rows=106 width=125)
	  Index Cond: ((id >= 4390989) AND (id <= 4391089))

table 5 : explain SELECT id, c FROM sbtest5 WHERE id BETWEEN 4390989 AND 4391089
	Index Scan using sbtest5_pkey on sbtest5  (cost=0.43..388.16 rows=97 width=125)
	  Index Cond: ((id >= 4390989) AND (id <= 4391089))

table 6 : explain SELECT id, c FROM sbtest6 WHERE id BETWEEN 4390989 AND 4391089
	Index Scan using sbtest6_pkey on sbtest6  (cost=0.43..364.19 rows=91 width=125)
	  Index Cond: ((id >= 4390989) AND (id <= 4391089))

table 7 : explain SELECT id, c FROM sbtest7 WHERE id BETWEEN 4390989 AND 4391089
	Index Scan using sbtest7_pkey on sbtest7  (cost=0.43..415.29 rows=104 width=125)
	  Index Cond: ((id >= 4390989) AND (id <= 4391089))

table 8 : explain SELECT id, c FROM sbtest8 WHERE id BETWEEN 4390989 AND 4391089
	Index Scan using sbtest8_pkey on sbtest8  (cost=0.43..376.07 rows=94 width=125)
	  Index Cond: ((id >= 4390989) AND (id <= 4391089))

explain: for range-notcovered :: explain SELECT id, c FROM sbtest%d WHERE id BETWEEN 4390989 AND 4391089
for range-notcovered
table 1 : explain SELECT id, c FROM sbtest1 WHERE id BETWEEN 4496128 AND 4496228
	Index Scan using sbtest1_pkey on sbtest1  (cost=0.43..409.21 rows=102 width=125)
	  Index Cond: ((id >= 4496128) AND (id <= 4496228))

table 2 : explain SELECT id, c FROM sbtest2 WHERE id BETWEEN 4496128 AND 4496228
	Index Scan using sbtest2_pkey on sbtest2  (cost=0.43..373.56 rows=93 width=125)
	  Index Cond: ((id >= 4496128) AND (id <= 4496228))

table 3 : explain SELECT id, c FROM sbtest3 WHERE id BETWEEN 4496128 AND 4496228
	Index Scan using sbtest3_pkey on sbtest3  (cost=0.43..389.22 rows=97 width=125)
	  Index Cond: ((id >= 4496128) AND (id <= 4496228))

table 4 : explain SELECT id, c FROM sbtest4 WHERE id BETWEEN 4496128 AND 4496228
	Index Scan using sbtest4_pkey on sbtest4  (cost=0.43..376.47 rows=94 width=125)
	  Index Cond: ((id >= 4496128) AND (id <= 4496228))

table 5 : explain SELECT id, c FROM sbtest5 WHERE id BETWEEN 4496128 AND 4496228
	Index Scan using sbtest5_pkey on sbtest5  (cost=0.43..427.72 rows=107 width=125)
	  Index Cond: ((id >= 4496128) AND (id <= 4496228))

table 6 : explain SELECT id, c FROM sbtest6 WHERE id BETWEEN 4496128 AND 4496228
	Index Scan using sbtest6_pkey on sbtest6  (cost=0.43..427.45 rows=107 width=125)
	  Index Cond: ((id >= 4496128) AND (id <= 4496228))

table 7 : explain SELECT id, c FROM sbtest7 WHERE id BETWEEN 4496128 AND 4496228
	Index Scan using sbtest7_pkey on sbtest7  (cost=0.43..403.44 rows=101 width=125)
	  Index Cond: ((id >= 4496128) AND (id <= 4496228))

table 8 : explain SELECT id, c FROM sbtest8 WHERE id BETWEEN 4496128 AND 4496228
	Index Scan using sbtest8_pkey on sbtest8  (cost=0.43..415.61 rows=104 width=125)
	  Index Cond: ((id >= 4496128) AND (id <= 4496228))

for range-notcovered
table 1 : explain SELECT id, c FROM sbtest1 WHERE id BETWEEN 5787453 AND 5787553
	Index Scan using sbtest1_pkey on sbtest1  (cost=0.43..357.62 rows=89 width=125)
	  Index Cond: ((id >= 5787453) AND (id <= 5787553))

table 2 : explain SELECT id, c FROM sbtest2 WHERE id BETWEEN 5787453 AND 5787553
	Index Scan using sbtest2_pkey on sbtest2  (cost=0.43..385.46 rows=96 width=125)
	  Index Cond: ((id >= 5787453) AND (id <= 5787553))

table 3 : explain SELECT id, c FROM sbtest3 WHERE id BETWEEN 5787453 AND 5787553
	Index Scan using sbtest3_pkey on sbtest3  (cost=0.43..389.22 rows=97 width=125)
	  Index Cond: ((id >= 5787453) AND (id <= 5787553))

table 4 : explain SELECT id, c FROM sbtest4 WHERE id BETWEEN 5787453 AND 5787553
	Index Scan using sbtest4_pkey on sbtest4  (cost=0.43..376.47 rows=94 width=125)
	  Index Cond: ((id >= 5787453) AND (id <= 5787553))

table 5 : explain SELECT id, c FROM sbtest5 WHERE id BETWEEN 5787453 AND 5787553
	Index Scan using sbtest5_pkey on sbtest5  (cost=0.43..423.77 rows=106 width=125)
	  Index Cond: ((id >= 5787453) AND (id <= 5787553))

table 6 : explain SELECT id, c FROM sbtest6 WHERE id BETWEEN 5787453 AND 5787553
	Index Scan using sbtest6_pkey on sbtest6  (cost=0.43..383.95 rows=96 width=125)
	  Index Cond: ((id >= 5787453) AND (id <= 5787553))

table 7 : explain SELECT id, c FROM sbtest7 WHERE id BETWEEN 5787453 AND 5787553
	Index Scan using sbtest7_pkey on sbtest7  (cost=0.43..419.24 rows=105 width=125)
	  Index Cond: ((id >= 5787453) AND (id <= 5787553))

table 8 : explain SELECT id, c FROM sbtest8 WHERE id BETWEEN 5787453 AND 5787553
	Index Scan using sbtest8_pkey on sbtest8  (cost=0.43..380.02 rows=95 width=125)
	  Index Cond: ((id >= 5787453) AND (id <= 5787553))

explain: for range-notcovered :: explain SELECT id, c FROM sbtest%d WHERE id BETWEEN 4496128 AND 4496228
explain: for range-notcovered :: explain SELECT id, c FROM sbtest%d WHERE id BETWEEN 5787453 AND 5787553
for range-notcovered
table 1 : explain SELECT id, c FROM sbtest1 WHERE id BETWEEN 6036450 AND 6036550
	Index Scan using sbtest1_pkey on sbtest1  (cost=0.43..401.26 rows=100 width=125)
	  Index Cond: ((id >= 6036450) AND (id <= 6036550))

table 2 : explain SELECT id, c FROM sbtest2 WHERE id BETWEEN 6036450 AND 6036550
	Index Scan using sbtest2_pkey on sbtest2  (cost=0.43..385.46 rows=96 width=125)
	  Index Cond: ((id >= 6036450) AND (id <= 6036550))

table 3 : explain SELECT id, c FROM sbtest3 WHERE id BETWEEN 6036450 AND 6036550
	Index Scan using sbtest3_pkey on sbtest3  (cost=0.43..417.00 rows=104 width=125)
	  Index Cond: ((id >= 6036450) AND (id <= 6036550))

table 4 : explain SELECT id, c FROM sbtest4 WHERE id BETWEEN 6036450 AND 6036550
	Index Scan using sbtest4_pkey on sbtest4  (cost=0.43..396.27 rows=99 width=125)
	  Index Cond: ((id >= 6036450) AND (id <= 6036550))

table 5 : explain SELECT id, c FROM sbtest5 WHERE id BETWEEN 6036450 AND 6036550
	Index Scan using sbtest5_pkey on sbtest5  (cost=0.43..407.95 rows=102 width=125)
	  Index Cond: ((id >= 6036450) AND (id <= 6036550))

table 6 : explain SELECT id, c FROM sbtest6 WHERE id BETWEEN 6036450 AND 6036550
	Index Scan using sbtest6_pkey on sbtest6  (cost=0.43..411.64 rows=103 width=125)
	  Index Cond: ((id >= 6036450) AND (id <= 6036550))

table 7 : explain SELECT id, c FROM sbtest7 WHERE id BETWEEN 6036450 AND 6036550
	Index Scan using sbtest7_pkey on sbtest7  (cost=0.43..399.50 rows=100 width=125)
	  Index Cond: ((id >= 6036450) AND (id <= 6036550))

table 8 : explain SELECT id, c FROM sbtest8 WHERE id BETWEEN 6036450 AND 6036550
	Index Scan using sbtest8_pkey on sbtest8  (cost=0.43..403.75 rows=101 width=125)
	  Index Cond: ((id >= 6036450) AND (id <= 6036550))

for range-notcovered
table 1 : explain SELECT id, c FROM sbtest1 WHERE id BETWEEN 7857641 AND 7857741
	Index Scan using sbtest1_pkey on sbtest1  (cost=0.43..421.11 rows=105 width=125)
	  Index Cond: ((id >= 7857641) AND (id <= 7857741))

table 2 : explain SELECT id, c FROM sbtest2 WHERE id BETWEEN 7857641 AND 7857741
	Index Scan using sbtest2_pkey on sbtest2  (cost=0.43..389.43 rows=97 width=125)
	  Index Cond: ((id >= 7857641) AND (id <= 7857741))

table 3 : explain SELECT id, c FROM sbtest3 WHERE id BETWEEN 7857641 AND 7857741
	Index Scan using sbtest3_pkey on sbtest3  (cost=0.43..444.76 rows=111 width=125)
	  Index Cond: ((id >= 7857641) AND (id <= 7857741))

table 4 : explain SELECT id, c FROM sbtest4 WHERE id BETWEEN 7857641 AND 7857741
	Index Scan using sbtest4_pkey on sbtest4  (cost=0.43..408.14 rows=102 width=125)
	  Index Cond: ((id >= 7857641) AND (id <= 7857741))

table 5 : explain SELECT id, c FROM sbtest5 WHERE id BETWEEN 7857641 AND 7857741
	Index Scan using sbtest5_pkey on sbtest5  (cost=0.43..407.95 rows=102 width=125)
	  Index Cond: ((id >= 7857641) AND (id <= 7857741))

table 6 : explain SELECT id, c FROM sbtest6 WHERE id BETWEEN 7857641 AND 7857741
	Index Scan using sbtest6_pkey on sbtest6  (cost=0.43..395.83 rows=99 width=125)
	  Index Cond: ((id >= 7857641) AND (id <= 7857741))

table 7 : explain SELECT id, c FROM sbtest7 WHERE id BETWEEN 7857641 AND 7857741
	Index Scan using sbtest7_pkey on sbtest7  (cost=0.43..383.68 rows=96 width=125)
	  Index Cond: ((id >= 7857641) AND (id <= 7857741))

table 8 : explain SELECT id, c FROM sbtest8 WHERE id BETWEEN 7857641 AND 7857741
	Index Scan using sbtest8_pkey on sbtest8  (cost=0.43..387.94 rows=97 width=125)
	  Index Cond: ((id >= 7857641) AND (id <= 7857741))

for range-notcovered
table 1 : explain SELECT id, c FROM sbtest1 WHERE id BETWEEN 4390989 AND 4391089
	Index Scan using sbtest1_pkey on sbtest1  (cost=0.43..397.29 rows=99 width=125)
	  Index Cond: ((id >= 4390989) AND (id <= 4391089))

table 2 : explain SELECT id, c FROM sbtest2 WHERE id BETWEEN 4390989 AND 4391089
	Index Scan using sbtest2_pkey on sbtest2  (cost=0.43..381.50 rows=95 width=125)
	  Index Cond: ((id >= 4390989) AND (id <= 4391089))

table 3 : explain SELECT id, c FROM sbtest3 WHERE id BETWEEN 4390989 AND 4391089
	Index Scan using sbtest3_pkey on sbtest3  (cost=0.43..401.13 rows=100 width=125)
	  Index Cond: ((id >= 4390989) AND (id <= 4391089))

table 4 : explain SELECT id, c FROM sbtest4 WHERE id BETWEEN 4390989 AND 4391089
	Index Scan using sbtest4_pkey on sbtest4  (cost=0.43..423.97 rows=106 width=125)
	  Index Cond: ((id >= 4390989) AND (id <= 4391089))

table 5 : explain SELECT id, c FROM sbtest5 WHERE id BETWEEN 4390989 AND 4391089
	Index Scan using sbtest5_pkey on sbtest5  (cost=0.43..388.16 rows=97 width=125)
	  Index Cond: ((id >= 4390989) AND (id <= 4391089))

table 6 : explain SELECT id, c FROM sbtest6 WHERE id BETWEEN 4390989 AND 4391089
	Index Scan using sbtest6_pkey on sbtest6  (cost=0.43..364.19 rows=91 width=125)
	  Index Cond: ((id >= 4390989) AND (id <= 4391089))

table 7 : explain SELECT id, c FROM sbtest7 WHERE id BETWEEN 4390989 AND 4391089
	Index Scan using sbtest7_pkey on sbtest7  (cost=0.43..415.29 rows=104 width=125)
	  Index Cond: ((id >= 4390989) AND (id <= 4391089))

table 8 : explain SELECT id, c FROM sbtest8 WHERE id BETWEEN 4390989 AND 4391089
	Index Scan using sbtest8_pkey on sbtest8  (cost=0.43..376.07 rows=94 width=125)
	  Index Cond: ((id >= 4390989) AND (id <= 4391089))

explain: for range-notcovered :: explain SELECT id, c FROM sbtest%d WHERE id BETWEEN 7857641 AND 7857741
explain: for range-notcovered :: explain SELECT id, c FROM sbtest%d WHERE id BETWEEN 4390989 AND 4391089
for range-notcovered
table 1 : explain SELECT id, c FROM sbtest1 WHERE id BETWEEN 4496128 AND 4496228
	Index Scan using sbtest1_pkey on sbtest1  (cost=0.43..409.21 rows=102 width=125)
	  Index Cond: ((id >= 4496128) AND (id <= 4496228))

table 2 : explain SELECT id, c FROM sbtest2 WHERE id BETWEEN 4496128 AND 4496228
	Index Scan using sbtest2_pkey on sbtest2  (cost=0.43..373.56 rows=93 width=125)
	  Index Cond: ((id >= 4496128) AND (id <= 4496228))

table 3 : explain SELECT id, c FROM sbtest3 WHERE id BETWEEN 4496128 AND 4496228
	Index Scan using sbtest3_pkey on sbtest3  (cost=0.43..389.22 rows=97 width=125)
	  Index Cond: ((id >= 4496128) AND (id <= 4496228))

table 4 : explain SELECT id, c FROM sbtest4 WHERE id BETWEEN 4496128 AND 4496228
	Index Scan using sbtest4_pkey on sbtest4  (cost=0.43..376.47 rows=94 width=125)
	  Index Cond: ((id >= 4496128) AND (id <= 4496228))

table 5 : explain SELECT id, c FROM sbtest5 WHERE id BETWEEN 4496128 AND 4496228
	Index Scan using sbtest5_pkey on sbtest5  (cost=0.43..427.72 rows=107 width=125)
	  Index Cond: ((id >= 4496128) AND (id <= 4496228))

table 6 : explain SELECT id, c FROM sbtest6 WHERE id BETWEEN 4496128 AND 4496228
	Index Scan using sbtest6_pkey on sbtest6  (cost=0.43..427.45 rows=107 width=125)
	  Index Cond: ((id >= 4496128) AND (id <= 4496228))

table 7 : explain SELECT id, c FROM sbtest7 WHERE id BETWEEN 4496128 AND 4496228
	Index Scan using sbtest7_pkey on sbtest7  (cost=0.43..403.44 rows=101 width=125)
	  Index Cond: ((id >= 4496128) AND (id <= 4496228))

table 8 : explain SELECT id, c FROM sbtest8 WHERE id BETWEEN 4496128 AND 4496228
	Index Scan using sbtest8_pkey on sbtest8  (cost=0.43..415.61 rows=104 width=125)
	  Index Cond: ((id >= 4496128) AND (id <= 4496228))

explain: for range-notcovered :: explain SELECT id, c FROM sbtest%d WHERE id BETWEEN 4496128 AND 4496228
for range-notcovered
table 1 : explain SELECT id, c FROM sbtest1 WHERE id BETWEEN 6748219 AND 6748319
	Index Scan using sbtest1_pkey on sbtest1  (cost=0.43..433.01 rows=108 width=125)
	  Index Cond: ((id >= 6748219) AND (id <= 6748319))

table 2 : explain SELECT id, c FROM sbtest2 WHERE id BETWEEN 6748219 AND 6748319
	Index Scan using sbtest2_pkey on sbtest2  (cost=0.43..397.37 rows=99 width=125)
	  Index Cond: ((id >= 6748219) AND (id <= 6748319))

table 3 : explain SELECT id, c FROM sbtest3 WHERE id BETWEEN 6748219 AND 6748319
	Index Scan using sbtest3_pkey on sbtest3  (cost=0.43..385.25 rows=96 width=125)
	  Index Cond: ((id >= 6748219) AND (id <= 6748319))

table 4 : explain SELECT id, c FROM sbtest4 WHERE id BETWEEN 6748219 AND 6748319
	Index Scan using sbtest4_pkey on sbtest4  (cost=0.43..404.18 rows=101 width=125)
	  Index Cond: ((id >= 6748219) AND (id <= 6748319))

table 5 : explain SELECT id, c FROM sbtest5 WHERE id BETWEEN 6748219 AND 6748319
	Index Scan using sbtest5_pkey on sbtest5  (cost=0.43..415.86 rows=104 width=125)
	  Index Cond: ((id >= 6748219) AND (id <= 6748319))

table 6 : explain SELECT id, c FROM sbtest6 WHERE id BETWEEN 6748219 AND 6748319
	Index Scan using sbtest6_pkey on sbtest6  (cost=0.43..399.78 rows=100 width=125)
	  Index Cond: ((id >= 6748219) AND (id <= 6748319))

table 7 : explain SELECT id, c FROM sbtest7 WHERE id BETWEEN 6748219 AND 6748319
	Index Scan using sbtest7_pkey on sbtest7  (cost=0.43..367.88 rows=92 width=125)
	  Index Cond: ((id >= 6748219) AND (id <= 6748319))

table 8 : explain SELECT id, c FROM sbtest8 WHERE id BETWEEN 6748219 AND 6748319
	Index Scan using sbtest8_pkey on sbtest8  (cost=0.43..455.14 rows=114 width=125)
	  Index Cond: ((id >= 6748219) AND (id <= 6748319))

explain: for range-notcovered :: explain SELECT id, c FROM sbtest%d WHERE id BETWEEN 6748219 AND 6748319
for range-notcovered
table 1 : explain SELECT id, c FROM sbtest1 WHERE id BETWEEN 7857641 AND 7857741
	Index Scan using sbtest1_pkey on sbtest1  (cost=0.43..421.11 rows=105 width=125)
	  Index Cond: ((id >= 7857641) AND (id <= 7857741))

table 2 : explain SELECT id, c FROM sbtest2 WHERE id BETWEEN 7857641 AND 7857741
	Index Scan using sbtest2_pkey on sbtest2  (cost=0.43..389.43 rows=97 width=125)
	  Index Cond: ((id >= 7857641) AND (id <= 7857741))

table 3 : explain SELECT id, c FROM sbtest3 WHERE id BETWEEN 7857641 AND 7857741
	Index Scan using sbtest3_pkey on sbtest3  (cost=0.43..444.76 rows=111 width=125)
	  Index Cond: ((id >= 7857641) AND (id <= 7857741))

table 4 : explain SELECT id, c FROM sbtest4 WHERE id BETWEEN 7857641 AND 7857741
	Index Scan using sbtest4_pkey on sbtest4  (cost=0.43..408.14 rows=102 width=125)
	  Index Cond: ((id >= 7857641) AND (id <= 7857741))

table 5 : explain SELECT id, c FROM sbtest5 WHERE id BETWEEN 7857641 AND 7857741
	Index Scan using sbtest5_pkey on sbtest5  (cost=0.43..407.95 rows=102 width=125)
	  Index Cond: ((id >= 7857641) AND (id <= 7857741))

table 6 : explain SELECT id, c FROM sbtest6 WHERE id BETWEEN 7857641 AND 7857741
	Index Scan using sbtest6_pkey on sbtest6  (cost=0.43..395.83 rows=99 width=125)
	  Index Cond: ((id >= 7857641) AND (id <= 7857741))

table 7 : explain SELECT id, c FROM sbtest7 WHERE id BETWEEN 7857641 AND 7857741
	Index Scan using sbtest7_pkey on sbtest7  (cost=0.43..383.68 rows=96 width=125)
	  Index Cond: ((id >= 7857641) AND (id <= 7857741))

table 8 : explain SELECT id, c FROM sbtest8 WHERE id BETWEEN 7857641 AND 7857741
	Index Scan using sbtest8_pkey on sbtest8  (cost=0.43..387.94 rows=97 width=125)
	  Index Cond: ((id >= 7857641) AND (id <= 7857741))

for range-notcovered
table 1 : explain SELECT id, c FROM sbtest1 WHERE id BETWEEN 4390989 AND 4391089
	Index Scan using sbtest1_pkey on sbtest1  (cost=0.43..397.29 rows=99 width=125)
	  Index Cond: ((id >= 4390989) AND (id <= 4391089))

table 2 : explain SELECT id, c FROM sbtest2 WHERE id BETWEEN 4390989 AND 4391089
	Index Scan using sbtest2_pkey on sbtest2  (cost=0.43..381.50 rows=95 width=125)
	  Index Cond: ((id >= 4390989) AND (id <= 4391089))

table 3 : explain SELECT id, c FROM sbtest3 WHERE id BETWEEN 4390989 AND 4391089
	Index Scan using sbtest3_pkey on sbtest3  (cost=0.43..401.13 rows=100 width=125)
	  Index Cond: ((id >= 4390989) AND (id <= 4391089))

table 4 : explain SELECT id, c FROM sbtest4 WHERE id BETWEEN 4390989 AND 4391089
	Index Scan using sbtest4_pkey on sbtest4  (cost=0.43..423.97 rows=106 width=125)
	  Index Cond: ((id >= 4390989) AND (id <= 4391089))

table 5 : explain SELECT id, c FROM sbtest5 WHERE id BETWEEN 4390989 AND 4391089
	Index Scan using sbtest5_pkey on sbtest5  (cost=0.43..388.16 rows=97 width=125)
	  Index Cond: ((id >= 4390989) AND (id <= 4391089))

table 6 : explain SELECT id, c FROM sbtest6 WHERE id BETWEEN 4390989 AND 4391089
	Index Scan using sbtest6_pkey on sbtest6  (cost=0.43..364.19 rows=91 width=125)
	  Index Cond: ((id >= 4390989) AND (id <= 4391089))

table 7 : explain SELECT id, c FROM sbtest7 WHERE id BETWEEN 4390989 AND 4391089
	Index Scan using sbtest7_pkey on sbtest7  (cost=0.43..415.29 rows=104 width=125)
	  Index Cond: ((id >= 4390989) AND (id <= 4391089))

table 8 : explain SELECT id, c FROM sbtest8 WHERE id BETWEEN 4390989 AND 4391089
	Index Scan using sbtest8_pkey on sbtest8  (cost=0.43..376.07 rows=94 width=125)
	  Index Cond: ((id >= 4390989) AND (id <= 4391089))

explain: for range-notcovered :: explain SELECT id, c FROM sbtest%d WHERE id BETWEEN 7857641 AND 7857741
for range-notcovered
table 1 : explain SELECT id, c FROM sbtest1 WHERE id BETWEEN 4496128 AND 4496228
	Index Scan using sbtest1_pkey on sbtest1  (cost=0.43..409.21 rows=102 width=125)
	  Index Cond: ((id >= 4496128) AND (id <= 4496228))

table 2 : explain SELECT id, c FROM sbtest2 WHERE id BETWEEN 4496128 AND 4496228
	Index Scan using sbtest2_pkey on sbtest2  (cost=0.43..373.56 rows=93 width=125)
	  Index Cond: ((id >= 4496128) AND (id <= 4496228))

table 3 : explain SELECT id, c FROM sbtest3 WHERE id BETWEEN 4496128 AND 4496228
	Index Scan using sbtest3_pkey on sbtest3  (cost=0.43..389.22 rows=97 width=125)
	  Index Cond: ((id >= 4496128) AND (id <= 4496228))

table 4 : explain SELECT id, c FROM sbtest4 WHERE id BETWEEN 4496128 AND 4496228
	Index Scan using sbtest4_pkey on sbtest4  (cost=0.43..376.47 rows=94 width=125)
	  Index Cond: ((id >= 4496128) AND (id <= 4496228))

table 5 : explain SELECT id, c FROM sbtest5 WHERE id BETWEEN 4496128 AND 4496228
	Index Scan using sbtest5_pkey on sbtest5  (cost=0.43..427.72 rows=107 width=125)
	  Index Cond: ((id >= 4496128) AND (id <= 4496228))

table 6 : explain SELECT id, c FROM sbtest6 WHERE id BETWEEN 4496128 AND 4496228
	Index Scan using sbtest6_pkey on sbtest6  (cost=0.43..427.45 rows=107 width=125)
	  Index Cond: ((id >= 4496128) AND (id <= 4496228))

table 7 : explain SELECT id, c FROM sbtest7 WHERE id BETWEEN 4496128 AND 4496228
	Index Scan using sbtest7_pkey on sbtest7  (cost=0.43..403.44 rows=101 width=125)
	  Index Cond: ((id >= 4496128) AND (id <= 4496228))

table 8 : explain SELECT id, c FROM sbtest8 WHERE id BETWEEN 4496128 AND 4496228
	Index Scan using sbtest8_pkey on sbtest8  (cost=0.43..415.61 rows=104 width=125)
	  Index Cond: ((id >= 4496128) AND (id <= 4496228))

for range-notcovered
table 1 : explain SELECT id, c FROM sbtest1 WHERE id BETWEEN 5787453 AND 5787553
	Index Scan using sbtest1_pkey on sbtest1  (cost=0.43..357.62 rows=89 width=125)
	  Index Cond: ((id >= 5787453) AND (id <= 5787553))

table 2 : explain SELECT id, c FROM sbtest2 WHERE id BETWEEN 5787453 AND 5787553
	Index Scan using sbtest2_pkey on sbtest2  (cost=0.43..385.46 rows=96 width=125)
	  Index Cond: ((id >= 5787453) AND (id <= 5787553))

table 3 : explain SELECT id, c FROM sbtest3 WHERE id BETWEEN 5787453 AND 5787553
	Index Scan using sbtest3_pkey on sbtest3  (cost=0.43..389.22 rows=97 width=125)
	  Index Cond: ((id >= 5787453) AND (id <= 5787553))

table 4 : explain SELECT id, c FROM sbtest4 WHERE id BETWEEN 5787453 AND 5787553
	Index Scan using sbtest4_pkey on sbtest4  (cost=0.43..376.47 rows=94 width=125)
	  Index Cond: ((id >= 5787453) AND (id <= 5787553))

table 5 : explain SELECT id, c FROM sbtest5 WHERE id BETWEEN 5787453 AND 5787553
	Index Scan using sbtest5_pkey on sbtest5  (cost=0.43..423.77 rows=106 width=125)
	  Index Cond: ((id >= 5787453) AND (id <= 5787553))

table 6 : explain SELECT id, c FROM sbtest6 WHERE id BETWEEN 5787453 AND 5787553
	Index Scan using sbtest6_pkey on sbtest6  (cost=0.43..383.95 rows=96 width=125)
	  Index Cond: ((id >= 5787453) AND (id <= 5787553))

table 7 : explain SELECT id, c FROM sbtest7 WHERE id BETWEEN 5787453 AND 5787553
	Index Scan using sbtest7_pkey on sbtest7  (cost=0.43..419.24 rows=105 width=125)
	  Index Cond: ((id >= 5787453) AND (id <= 5787553))

table 8 : explain SELECT id, c FROM sbtest8 WHERE id BETWEEN 5787453 AND 5787553
	Index Scan using sbtest8_pkey on sbtest8  (cost=0.43..380.02 rows=95 width=125)
	  Index Cond: ((id >= 5787453) AND (id <= 5787553))

explain: for range-notcovered :: explain SELECT id, c FROM sbtest%d WHERE id BETWEEN 4496128 AND 4496228
explain: for range-notcovered :: explain SELECT id, c FROM sbtest%d WHERE id BETWEEN 5787453 AND 5787553
for range-notcovered
table 1 : explain SELECT id, c FROM sbtest1 WHERE id BETWEEN 7857641 AND 7857741
	Index Scan using sbtest1_pkey on sbtest1  (cost=0.43..421.11 rows=105 width=125)
	  Index Cond: ((id >= 7857641) AND (id <= 7857741))

table 2 : explain SELECT id, c FROM sbtest2 WHERE id BETWEEN 7857641 AND 7857741
	Index Scan using sbtest2_pkey on sbtest2  (cost=0.43..389.43 rows=97 width=125)
	  Index Cond: ((id >= 7857641) AND (id <= 7857741))

table 3 : explain SELECT id, c FROM sbtest3 WHERE id BETWEEN 7857641 AND 7857741
	Index Scan using sbtest3_pkey on sbtest3  (cost=0.43..444.76 rows=111 width=125)
	  Index Cond: ((id >= 7857641) AND (id <= 7857741))

table 4 : explain SELECT id, c FROM sbtest4 WHERE id BETWEEN 7857641 AND 7857741
	Index Scan using sbtest4_pkey on sbtest4  (cost=0.43..408.14 rows=102 width=125)
	  Index Cond: ((id >= 7857641) AND (id <= 7857741))

table 5 : explain SELECT id, c FROM sbtest5 WHERE id BETWEEN 7857641 AND 7857741
	Index Scan using sbtest5_pkey on sbtest5  (cost=0.43..407.95 rows=102 width=125)
	  Index Cond: ((id >= 7857641) AND (id <= 7857741))

table 6 : explain SELECT id, c FROM sbtest6 WHERE id BETWEEN 7857641 AND 7857741
	Index Scan using sbtest6_pkey on sbtest6  (cost=0.43..395.83 rows=99 width=125)
	  Index Cond: ((id >= 7857641) AND (id <= 7857741))

table 7 : explain SELECT id, c FROM sbtest7 WHERE id BETWEEN 7857641 AND 7857741
	Index Scan using sbtest7_pkey on sbtest7  (cost=0.43..383.68 rows=96 width=125)
	  Index Cond: ((id >= 7857641) AND (id <= 7857741))

table 8 : explain SELECT id, c FROM sbtest8 WHERE id BETWEEN 7857641 AND 7857741
	Index Scan using sbtest8_pkey on sbtest8  (cost=0.43..387.94 rows=97 width=125)
	  Index Cond: ((id >= 7857641) AND (id <= 7857741))

for range-notcovered
table 1 : explain SELECT id, c FROM sbtest1 WHERE id BETWEEN 4496128 AND 4496228
	Index Scan using sbtest1_pkey on sbtest1  (cost=0.43..409.21 rows=102 width=125)
	  Index Cond: ((id >= 4496128) AND (id <= 4496228))

table 2 : explain SELECT id, c FROM sbtest2 WHERE id BETWEEN 4496128 AND 4496228
	Index Scan using sbtest2_pkey on sbtest2  (cost=0.43..373.56 rows=93 width=125)
	  Index Cond: ((id >= 4496128) AND (id <= 4496228))

table 3 : explain SELECT id, c FROM sbtest3 WHERE id BETWEEN 4496128 AND 4496228
	Index Scan using sbtest3_pkey on sbtest3  (cost=0.43..389.22 rows=97 width=125)
	  Index Cond: ((id >= 4496128) AND (id <= 4496228))

table 4 : explain SELECT id, c FROM sbtest4 WHERE id BETWEEN 4496128 AND 4496228
	Index Scan using sbtest4_pkey on sbtest4  (cost=0.43..376.47 rows=94 width=125)
	  Index Cond: ((id >= 4496128) AND (id <= 4496228))

table 5 : explain SELECT id, c FROM sbtest5 WHERE id BETWEEN 4496128 AND 4496228
	Index Scan using sbtest5_pkey on sbtest5  (cost=0.43..427.72 rows=107 width=125)
	  Index Cond: ((id >= 4496128) AND (id <= 4496228))

table 6 : explain SELECT id, c FROM sbtest6 WHERE id BETWEEN 4496128 AND 4496228
	Index Scan using sbtest6_pkey on sbtest6  (cost=0.43..427.45 rows=107 width=125)
	  Index Cond: ((id >= 4496128) AND (id <= 4496228))

table 7 : explain SELECT id, c FROM sbtest7 WHERE id BETWEEN 4496128 AND 4496228
	Index Scan using sbtest7_pkey on sbtest7  (cost=0.43..403.44 rows=101 width=125)
	  Index Cond: ((id >= 4496128) AND (id <= 4496228))

table 8 : explain SELECT id, c FROM sbtest8 WHERE id BETWEEN 4496128 AND 4496228
	Index Scan using sbtest8_pkey on sbtest8  (cost=0.43..415.61 rows=104 width=125)
	  Index Cond: ((id >= 4496128) AND (id <= 4496228))

explain: for range-notcovered :: explain SELECT id, c FROM sbtest%d WHERE id BETWEEN 6983367 AND 6983467
for range-notcovered
table 1 : explain SELECT id, c FROM sbtest1 WHERE id BETWEEN 6748219 AND 6748319
	Index Scan using sbtest1_pkey on sbtest1  (cost=0.43..433.01 rows=108 width=125)
	  Index Cond: ((id >= 6748219) AND (id <= 6748319))

table 2 : explain SELECT id, c FROM sbtest2 WHERE id BETWEEN 6748219 AND 6748319
	Index Scan using sbtest2_pkey on sbtest2  (cost=0.43..397.37 rows=99 width=125)
	  Index Cond: ((id >= 6748219) AND (id <= 6748319))

table 3 : explain SELECT id, c FROM sbtest3 WHERE id BETWEEN 6748219 AND 6748319
	Index Scan using sbtest3_pkey on sbtest3  (cost=0.43..385.25 rows=96 width=125)
	  Index Cond: ((id >= 6748219) AND (id <= 6748319))

table 4 : explain SELECT id, c FROM sbtest4 WHERE id BETWEEN 6748219 AND 6748319
	Index Scan using sbtest4_pkey on sbtest4  (cost=0.43..404.18 rows=101 width=125)
	  Index Cond: ((id >= 6748219) AND (id <= 6748319))

table 5 : explain SELECT id, c FROM sbtest5 WHERE id BETWEEN 6748219 AND 6748319
	Index Scan using sbtest5_pkey on sbtest5  (cost=0.43..415.86 rows=104 width=125)
	  Index Cond: ((id >= 6748219) AND (id <= 6748319))

table 6 : explain SELECT id, c FROM sbtest6 WHERE id BETWEEN 6748219 AND 6748319
	Index Scan using sbtest6_pkey on sbtest6  (cost=0.43..399.78 rows=100 width=125)
	  Index Cond: ((id >= 6748219) AND (id <= 6748319))

table 7 : explain SELECT id, c FROM sbtest7 WHERE id BETWEEN 6748219 AND 6748319
	Index Scan using sbtest7_pkey on sbtest7  (cost=0.43..367.88 rows=92 width=125)
	  Index Cond: ((id >= 6748219) AND (id <= 6748319))

table 8 : explain SELECT id, c FROM sbtest8 WHERE id BETWEEN 6748219 AND 6748319
	Index Scan using sbtest8_pkey on sbtest8  (cost=0.43..455.14 rows=114 width=125)
	  Index Cond: ((id >= 6748219) AND (id <= 6748319))

explain: for range-notcovered :: explain SELECT id, c FROM sbtest%d WHERE id BETWEEN 6748219 AND 6748319
explain: for range-notcovered :: explain SELECT id, c FROM sbtest%d WHERE id BETWEEN 6668346 AND 6668446
for range-notcovered
table 1 : explain SELECT id, c FROM sbtest1 WHERE id BETWEEN 5787453 AND 5787553
	Index Scan using sbtest1_pkey on sbtest1  (cost=0.43..357.62 rows=89 width=125)
	  Index Cond: ((id >= 5787453) AND (id <= 5787553))

table 2 : explain SELECT id, c FROM sbtest2 WHERE id BETWEEN 5787453 AND 5787553
	Index Scan using sbtest2_pkey on sbtest2  (cost=0.43..385.46 rows=96 width=125)
	  Index Cond: ((id >= 5787453) AND (id <= 5787553))

table 3 : explain SELECT id, c FROM sbtest3 WHERE id BETWEEN 5787453 AND 5787553
	Index Scan using sbtest3_pkey on sbtest3  (cost=0.43..389.22 rows=97 width=125)
	  Index Cond: ((id >= 5787453) AND (id <= 5787553))

table 4 : explain SELECT id, c FROM sbtest4 WHERE id BETWEEN 5787453 AND 5787553
	Index Scan using sbtest4_pkey on sbtest4  (cost=0.43..376.47 rows=94 width=125)
	  Index Cond: ((id >= 5787453) AND (id <= 5787553))

table 5 : explain SELECT id, c FROM sbtest5 WHERE id BETWEEN 5787453 AND 5787553
	Index Scan using sbtest5_pkey on sbtest5  (cost=0.43..423.77 rows=106 width=125)
	  Index Cond: ((id >= 5787453) AND (id <= 5787553))

table 6 : explain SELECT id, c FROM sbtest6 WHERE id BETWEEN 5787453 AND 5787553
	Index Scan using sbtest6_pkey on sbtest6  (cost=0.43..383.95 rows=96 width=125)
	  Index Cond: ((id >= 5787453) AND (id <= 5787553))

table 7 : explain SELECT id, c FROM sbtest7 WHERE id BETWEEN 5787453 AND 5787553
	Index Scan using sbtest7_pkey on sbtest7  (cost=0.43..419.24 rows=105 width=125)
	  Index Cond: ((id >= 5787453) AND (id <= 5787553))

table 8 : explain SELECT id, c FROM sbtest8 WHERE id BETWEEN 5787453 AND 5787553
	Index Scan using sbtest8_pkey on sbtest8  (cost=0.43..380.02 rows=95 width=125)
	  Index Cond: ((id >= 5787453) AND (id <= 5787553))

explain: for range-notcovered :: explain SELECT id, c FROM sbtest%d WHERE id BETWEEN 5787453 AND 5787553
for range-notcovered
table 1 : explain SELECT id, c FROM sbtest1 WHERE id BETWEEN 6748219 AND 6748319
	Index Scan using sbtest1_pkey on sbtest1  (cost=0.43..433.01 rows=108 width=125)
	  Index Cond: ((id >= 6748219) AND (id <= 6748319))

table 2 : explain SELECT id, c FROM sbtest2 WHERE id BETWEEN 6748219 AND 6748319
	Index Scan using sbtest2_pkey on sbtest2  (cost=0.43..397.37 rows=99 width=125)
	  Index Cond: ((id >= 6748219) AND (id <= 6748319))

table 3 : explain SELECT id, c FROM sbtest3 WHERE id BETWEEN 6748219 AND 6748319
	Index Scan using sbtest3_pkey on sbtest3  (cost=0.43..385.25 rows=96 width=125)
	  Index Cond: ((id >= 6748219) AND (id <= 6748319))

table 4 : explain SELECT id, c FROM sbtest4 WHERE id BETWEEN 6748219 AND 6748319
	Index Scan using sbtest4_pkey on sbtest4  (cost=0.43..404.18 rows=101 width=125)
	  Index Cond: ((id >= 6748219) AND (id <= 6748319))

table 5 : explain SELECT id, c FROM sbtest5 WHERE id BETWEEN 6748219 AND 6748319
	Index Scan using sbtest5_pkey on sbtest5  (cost=0.43..415.86 rows=104 width=125)
	  Index Cond: ((id >= 6748219) AND (id <= 6748319))

table 6 : explain SELECT id, c FROM sbtest6 WHERE id BETWEEN 6748219 AND 6748319
	Index Scan using sbtest6_pkey on sbtest6  (cost=0.43..399.78 rows=100 width=125)
	  Index Cond: ((id >= 6748219) AND (id <= 6748319))

table 7 : explain SELECT id, c FROM sbtest7 WHERE id BETWEEN 6748219 AND 6748319
	Index Scan using sbtest7_pkey on sbtest7  (cost=0.43..367.88 rows=92 width=125)
	  Index Cond: ((id >= 6748219) AND (id <= 6748319))

table 8 : explain SELECT id, c FROM sbtest8 WHERE id BETWEEN 6748219 AND 6748319
	Index Scan using sbtest8_pkey on sbtest8  (cost=0.43..455.14 rows=114 width=125)
	  Index Cond: ((id >= 6748219) AND (id <= 6748319))

explain: for range-notcovered :: explain SELECT id, c FROM sbtest%d WHERE id BETWEEN 6748219 AND 6748319
explain: for range-notcovered :: explain SELECT id, c FROM sbtest%d WHERE id BETWEEN 5787420 AND 5787520
for range-notcovered
table 1 : explain SELECT id, c FROM sbtest1 WHERE id BETWEEN 5787453 AND 5787553
	Index Scan using sbtest1_pkey on sbtest1  (cost=0.43..357.62 rows=89 width=125)
	  Index Cond: ((id >= 5787453) AND (id <= 5787553))

table 2 : explain SELECT id, c FROM sbtest2 WHERE id BETWEEN 5787453 AND 5787553
	Index Scan using sbtest2_pkey on sbtest2  (cost=0.43..385.46 rows=96 width=125)
	  Index Cond: ((id >= 5787453) AND (id <= 5787553))

table 3 : explain SELECT id, c FROM sbtest3 WHERE id BETWEEN 5787453 AND 5787553
	Index Scan using sbtest3_pkey on sbtest3  (cost=0.43..389.22 rows=97 width=125)
	  Index Cond: ((id >= 5787453) AND (id <= 5787553))

table 4 : explain SELECT id, c FROM sbtest4 WHERE id BETWEEN 5787453 AND 5787553
	Index Scan using sbtest4_pkey on sbtest4  (cost=0.43..376.47 rows=94 width=125)
	  Index Cond: ((id >= 5787453) AND (id <= 5787553))

table 5 : explain SELECT id, c FROM sbtest5 WHERE id BETWEEN 5787453 AND 5787553
	Index Scan using sbtest5_pkey on sbtest5  (cost=0.43..423.77 rows=106 width=125)
	  Index Cond: ((id >= 5787453) AND (id <= 5787553))

table 6 : explain SELECT id, c FROM sbtest6 WHERE id BETWEEN 5787453 AND 5787553
	Index Scan using sbtest6_pkey on sbtest6  (cost=0.43..383.95 rows=96 width=125)
	  Index Cond: ((id >= 5787453) AND (id <= 5787553))

table 7 : explain SELECT id, c FROM sbtest7 WHERE id BETWEEN 5787453 AND 5787553
	Index Scan using sbtest7_pkey on sbtest7  (cost=0.43..419.24 rows=105 width=125)
	  Index Cond: ((id >= 5787453) AND (id <= 5787553))

table 8 : explain SELECT id, c FROM sbtest8 WHERE id BETWEEN 5787453 AND 5787553
	Index Scan using sbtest8_pkey on sbtest8  (cost=0.43..380.02 rows=95 width=125)
	  Index Cond: ((id >= 5787453) AND (id <= 5787553))

explain: for range-notcovered :: explain SELECT id, c FROM sbtest%d WHERE id BETWEEN 2697313 AND 2697413
for range-notcovered
table 1 : explain SELECT id, c FROM sbtest1 WHERE id BETWEEN 4647503 AND 4647603
	Index Scan using sbtest1_pkey on sbtest1  (cost=0.43..397.29 rows=99 width=125)
	  Index Cond: ((id >= 4647503) AND (id <= 4647603))

table 2 : explain SELECT id, c FROM sbtest2 WHERE id BETWEEN 4647503 AND 4647603
	Index Scan using sbtest2_pkey on sbtest2  (cost=0.43..389.43 rows=97 width=125)
	  Index Cond: ((id >= 4647503) AND (id <= 4647603))

table 3 : explain SELECT id, c FROM sbtest3 WHERE id BETWEEN 4647503 AND 4647603
	Index Scan using sbtest3_pkey on sbtest3  (cost=0.43..385.25 rows=96 width=125)
	  Index Cond: ((id >= 4647503) AND (id <= 4647603))

table 4 : explain SELECT id, c FROM sbtest4 WHERE id BETWEEN 4647503 AND 4647603
	Index Scan using sbtest4_pkey on sbtest4  (cost=0.43..400.23 rows=100 width=125)
	  Index Cond: ((id >= 4647503) AND (id <= 4647603))

table 5 : explain SELECT id, c FROM sbtest5 WHERE id BETWEEN 4647503 AND 4647603
	Index Scan using sbtest5_pkey on sbtest5  (cost=0.43..415.86 rows=104 width=125)
	  Index Cond: ((id >= 4647503) AND (id <= 4647603))

table 6 : explain SELECT id, c FROM sbtest6 WHERE id BETWEEN 4647503 AND 4647603
	Index Scan using sbtest6_pkey on sbtest6  (cost=0.43..395.83 rows=99 width=125)
	  Index Cond: ((id >= 4647503) AND (id <= 4647603))

table 7 : explain SELECT id, c FROM sbtest7 WHERE id BETWEEN 4647503 AND 4647603
	Index Scan using sbtest7_pkey on sbtest7  (cost=0.43..435.04 rows=109 width=125)
	  Index Cond: ((id >= 4647503) AND (id <= 4647603))

table 8 : explain SELECT id, c FROM sbtest8 WHERE id BETWEEN 4647503 AND 4647603
	Index Scan using sbtest8_pkey on sbtest8  (cost=0.43..407.71 rows=102 width=125)
	  Index Cond: ((id >= 4647503) AND (id <= 4647603))

for range-notcovered
table 1 : explain SELECT id, c FROM sbtest1 WHERE id BETWEEN 6748219 AND 6748319
	Index Scan using sbtest1_pkey on sbtest1  (cost=0.43..433.01 rows=108 width=125)
	  Index Cond: ((id >= 6748219) AND (id <= 6748319))

table 2 : explain SELECT id, c FROM sbtest2 WHERE id BETWEEN 6748219 AND 6748319
	Index Scan using sbtest2_pkey on sbtest2  (cost=0.43..397.37 rows=99 width=125)
	  Index Cond: ((id >= 6748219) AND (id <= 6748319))

table 3 : explain SELECT id, c FROM sbtest3 WHERE id BETWEEN 6748219 AND 6748319
	Index Scan using sbtest3_pkey on sbtest3  (cost=0.43..385.25 rows=96 width=125)
	  Index Cond: ((id >= 6748219) AND (id <= 6748319))

table 4 : explain SELECT id, c FROM sbtest4 WHERE id BETWEEN 6748219 AND 6748319
	Index Scan using sbtest4_pkey on sbtest4  (cost=0.43..404.18 rows=101 width=125)
	  Index Cond: ((id >= 6748219) AND (id <= 6748319))

table 5 : explain SELECT id, c FROM sbtest5 WHERE id BETWEEN 6748219 AND 6748319
	Index Scan using sbtest5_pkey on sbtest5  (cost=0.43..415.86 rows=104 width=125)
	  Index Cond: ((id >= 6748219) AND (id <= 6748319))

table 6 : explain SELECT id, c FROM sbtest6 WHERE id BETWEEN 6748219 AND 6748319
	Index Scan using sbtest6_pkey on sbtest6  (cost=0.43..399.78 rows=100 width=125)
	  Index Cond: ((id >= 6748219) AND (id <= 6748319))

table 7 : explain SELECT id, c FROM sbtest7 WHERE id BETWEEN 6748219 AND 6748319
	Index Scan using sbtest7_pkey on sbtest7  (cost=0.43..367.88 rows=92 width=125)
	  Index Cond: ((id >= 6748219) AND (id <= 6748319))

table 8 : explain SELECT id, c FROM sbtest8 WHERE id BETWEEN 6748219 AND 6748319
	Index Scan using sbtest8_pkey on sbtest8  (cost=0.43..455.14 rows=114 width=125)
	  Index Cond: ((id >= 6748219) AND (id <= 6748319))

for range-notcovered
table 1 : explain SELECT id, c FROM sbtest1 WHERE id BETWEEN 6983367 AND 6983467
	Index Scan using sbtest1_pkey on sbtest1  (cost=0.43..373.49 rows=93 width=125)
	  Index Cond: ((id >= 6983367) AND (id <= 6983467))

table 2 : explain SELECT id, c FROM sbtest2 WHERE id BETWEEN 6983367 AND 6983467
	Index Scan using sbtest2_pkey on sbtest2  (cost=0.43..357.69 rows=89 width=125)
	  Index Cond: ((id >= 6983367) AND (id <= 6983467))

table 3 : explain SELECT id, c FROM sbtest3 WHERE id BETWEEN 6983367 AND 6983467
	Index Scan using sbtest3_pkey on sbtest3  (cost=0.43..393.19 rows=98 width=125)
	  Index Cond: ((id >= 6983367) AND (id <= 6983467))

table 4 : explain SELECT id, c FROM sbtest4 WHERE id BETWEEN 6983367 AND 6983467
	Index Scan using sbtest4_pkey on sbtest4  (cost=0.43..447.71 rows=112 width=125)
	  Index Cond: ((id >= 6983367) AND (id <= 6983467))

table 5 : explain SELECT id, c FROM sbtest5 WHERE id BETWEEN 6983367 AND 6983467
	Index Scan using sbtest5_pkey on sbtest5  (cost=0.43..400.04 rows=100 width=125)
	  Index Cond: ((id >= 6983367) AND (id <= 6983467))

table 6 : explain SELECT id, c FROM sbtest6 WHERE id BETWEEN 6983367 AND 6983467
	Index Scan using sbtest6_pkey on sbtest6  (cost=0.43..415.59 rows=104 width=125)
	  Index Cond: ((id >= 6983367) AND (id <= 6983467))

table 7 : explain SELECT id, c FROM sbtest7 WHERE id BETWEEN 6983367 AND 6983467
	Index Scan using sbtest7_pkey on sbtest7  (cost=0.43..419.24 rows=105 width=125)
	  Index Cond: ((id >= 6983367) AND (id <= 6983467))

table 8 : explain SELECT id, c FROM sbtest8 WHERE id BETWEEN 6983367 AND 6983467
	Index Scan using sbtest8_pkey on sbtest8  (cost=0.43..423.52 rows=106 width=125)
	  Index Cond: ((id >= 6983367) AND (id <= 6983467))

explain: for range-notcovered :: explain SELECT id, c FROM sbtest%d WHERE id BETWEEN 4647503 AND 4647603
explain: for range-notcovered :: explain SELECT id, c FROM sbtest%d WHERE id BETWEEN 6748219 AND 6748319
explain: for range-notcovered :: explain SELECT id, c FROM sbtest%d WHERE id BETWEEN 6983367 AND 6983467
for range-notcovered
table 1 : explain SELECT id, c FROM sbtest1 WHERE id BETWEEN 6668346 AND 6668446
	Index Scan using sbtest1_pkey on sbtest1  (cost=0.43..397.29 rows=99 width=125)
	  Index Cond: ((id >= 6668346) AND (id <= 6668446))

table 2 : explain SELECT id, c FROM sbtest2 WHERE id BETWEEN 6668346 AND 6668446
	Index Scan using sbtest2_pkey on sbtest2  (cost=0.43..417.22 rows=104 width=125)
	  Index Cond: ((id >= 6668346) AND (id <= 6668446))

table 3 : explain SELECT id, c FROM sbtest3 WHERE id BETWEEN 6668346 AND 6668446
	Index Scan using sbtest3_pkey on sbtest3  (cost=0.43..397.15 rows=99 width=125)
	  Index Cond: ((id >= 6668346) AND (id <= 6668446))

table 4 : explain SELECT id, c FROM sbtest4 WHERE id BETWEEN 6668346 AND 6668446
	Index Scan using sbtest4_pkey on sbtest4  (cost=0.43..356.68 rows=89 width=125)
	  Index Cond: ((id >= 6668346) AND (id <= 6668446))

table 5 : explain SELECT id, c FROM sbtest5 WHERE id BETWEEN 6668346 AND 6668446
	Index Scan using sbtest5_pkey on sbtest5  (cost=0.43..407.95 rows=102 width=125)
	  Index Cond: ((id >= 6668346) AND (id <= 6668446))

table 6 : explain SELECT id, c FROM sbtest6 WHERE id BETWEEN 6668346 AND 6668446
	Index Scan using sbtest6_pkey on sbtest6  (cost=0.43..376.05 rows=94 width=125)
	  Index Cond: ((id >= 6668346) AND (id <= 6668446))

table 7 : explain SELECT id, c FROM sbtest7 WHERE id BETWEEN 6668346 AND 6668446
	Index Scan using sbtest7_pkey on sbtest7  (cost=0.43..375.78 rows=94 width=125)
	  Index Cond: ((id >= 6668346) AND (id <= 6668446))

table 8 : explain SELECT id, c FROM sbtest8 WHERE id BETWEEN 6668346 AND 6668446
	Index Scan using sbtest8_pkey on sbtest8  (cost=0.43..443.28 rows=111 width=125)
	  Index Cond: ((id >= 6668346) AND (id <= 6668446))

explain: for range-notcovered :: explain SELECT id, c FROM sbtest%d WHERE id BETWEEN 6668346 AND 6668446
for range-notcovered
table 1 : explain SELECT id, c FROM sbtest1 WHERE id BETWEEN 6748219 AND 6748319
	Index Scan using sbtest1_pkey on sbtest1  (cost=0.43..433.01 rows=108 width=125)
	  Index Cond: ((id >= 6748219) AND (id <= 6748319))

table 2 : explain SELECT id, c FROM sbtest2 WHERE id BETWEEN 6748219 AND 6748319
	Index Scan using sbtest2_pkey on sbtest2  (cost=0.43..397.37 rows=99 width=125)
	  Index Cond: ((id >= 6748219) AND (id <= 6748319))

table 3 : explain SELECT id, c FROM sbtest3 WHERE id BETWEEN 6748219 AND 6748319
	Index Scan using sbtest3_pkey on sbtest3  (cost=0.43..385.25 rows=96 width=125)
	  Index Cond: ((id >= 6748219) AND (id <= 6748319))

table 4 : explain SELECT id, c FROM sbtest4 WHERE id BETWEEN 6748219 AND 6748319
	Index Scan using sbtest4_pkey on sbtest4  (cost=0.43..404.18 rows=101 width=125)
	  Index Cond: ((id >= 6748219) AND (id <= 6748319))

table 5 : explain SELECT id, c FROM sbtest5 WHERE id BETWEEN 6748219 AND 6748319
	Index Scan using sbtest5_pkey on sbtest5  (cost=0.43..415.86 rows=104 width=125)
	  Index Cond: ((id >= 6748219) AND (id <= 6748319))

table 6 : explain SELECT id, c FROM sbtest6 WHERE id BETWEEN 6748219 AND 6748319
	Index Scan using sbtest6_pkey on sbtest6  (cost=0.43..399.78 rows=100 width=125)
	  Index Cond: ((id >= 6748219) AND (id <= 6748319))

table 7 : explain SELECT id, c FROM sbtest7 WHERE id BETWEEN 6748219 AND 6748319
	Index Scan using sbtest7_pkey on sbtest7  (cost=0.43..367.88 rows=92 width=125)
	  Index Cond: ((id >= 6748219) AND (id <= 6748319))

table 8 : explain SELECT id, c FROM sbtest8 WHERE id BETWEEN 6748219 AND 6748319
	Index Scan using sbtest8_pkey on sbtest8  (cost=0.43..455.14 rows=114 width=125)
	  Index Cond: ((id >= 6748219) AND (id <= 6748319))

for range-notcovered
table 1 : explain SELECT id, c FROM sbtest1 WHERE id BETWEEN 4647503 AND 4647603
	Index Scan using sbtest1_pkey on sbtest1  (cost=0.43..397.29 rows=99 width=125)
	  Index Cond: ((id >= 4647503) AND (id <= 4647603))

table 2 : explain SELECT id, c FROM sbtest2 WHERE id BETWEEN 4647503 AND 4647603
	Index Scan using sbtest2_pkey on sbtest2  (cost=0.43..389.43 rows=97 width=125)
	  Index Cond: ((id >= 4647503) AND (id <= 4647603))

table 3 : explain SELECT id, c FROM sbtest3 WHERE id BETWEEN 4647503 AND 4647603
	Index Scan using sbtest3_pkey on sbtest3  (cost=0.43..385.25 rows=96 width=125)
	  Index Cond: ((id >= 4647503) AND (id <= 4647603))

table 4 : explain SELECT id, c FROM sbtest4 WHERE id BETWEEN 4647503 AND 4647603
	Index Scan using sbtest4_pkey on sbtest4  (cost=0.43..400.23 rows=100 width=125)
	  Index Cond: ((id >= 4647503) AND (id <= 4647603))

table 5 : explain SELECT id, c FROM sbtest5 WHERE id BETWEEN 4647503 AND 4647603
	Index Scan using sbtest5_pkey on sbtest5  (cost=0.43..415.86 rows=104 width=125)
	  Index Cond: ((id >= 4647503) AND (id <= 4647603))

table 6 : explain SELECT id, c FROM sbtest6 WHERE id BETWEEN 4647503 AND 4647603
	Index Scan using sbtest6_pkey on sbtest6  (cost=0.43..395.83 rows=99 width=125)
	  Index Cond: ((id >= 4647503) AND (id <= 4647603))

table 7 : explain SELECT id, c FROM sbtest7 WHERE id BETWEEN 4647503 AND 4647603
	Index Scan using sbtest7_pkey on sbtest7  (cost=0.43..435.04 rows=109 width=125)
	  Index Cond: ((id >= 4647503) AND (id <= 4647603))

table 8 : explain SELECT id, c FROM sbtest8 WHERE id BETWEEN 4647503 AND 4647603
	Index Scan using sbtest8_pkey on sbtest8  (cost=0.43..407.71 rows=102 width=125)
	  Index Cond: ((id >= 4647503) AND (id <= 4647603))

explain: for range-notcovered :: explain SELECT id, c FROM sbtest%d WHERE id BETWEEN 6748219 AND 6748319
for range-notcovered
table 1 : explain SELECT id, c FROM sbtest1 WHERE id BETWEEN 6983367 AND 6983467
	Index Scan using sbtest1_pkey on sbtest1  (cost=0.43..373.49 rows=93 width=125)
	  Index Cond: ((id >= 6983367) AND (id <= 6983467))

table 2 : explain SELECT id, c FROM sbtest2 WHERE id BETWEEN 6983367 AND 6983467
	Index Scan using sbtest2_pkey on sbtest2  (cost=0.43..357.69 rows=89 width=125)
	  Index Cond: ((id >= 6983367) AND (id <= 6983467))

table 3 : explain SELECT id, c FROM sbtest3 WHERE id BETWEEN 6983367 AND 6983467
	Index Scan using sbtest3_pkey on sbtest3  (cost=0.43..393.19 rows=98 width=125)
	  Index Cond: ((id >= 6983367) AND (id <= 6983467))

table 4 : explain SELECT id, c FROM sbtest4 WHERE id BETWEEN 6983367 AND 6983467
	Index Scan using sbtest4_pkey on sbtest4  (cost=0.43..447.71 rows=112 width=125)
	  Index Cond: ((id >= 6983367) AND (id <= 6983467))

table 5 : explain SELECT id, c FROM sbtest5 WHERE id BETWEEN 6983367 AND 6983467
	Index Scan using sbtest5_pkey on sbtest5  (cost=0.43..400.04 rows=100 width=125)
	  Index Cond: ((id >= 6983367) AND (id <= 6983467))

table 6 : explain SELECT id, c FROM sbtest6 WHERE id BETWEEN 6983367 AND 6983467
	Index Scan using sbtest6_pkey on sbtest6  (cost=0.43..415.59 rows=104 width=125)
	  Index Cond: ((id >= 6983367) AND (id <= 6983467))

table 7 : explain SELECT id, c FROM sbtest7 WHERE id BETWEEN 6983367 AND 6983467
	Index Scan using sbtest7_pkey on sbtest7  (cost=0.43..419.24 rows=105 width=125)
	  Index Cond: ((id >= 6983367) AND (id <= 6983467))

table 8 : explain SELECT id, c FROM sbtest8 WHERE id BETWEEN 6983367 AND 6983467
	Index Scan using sbtest8_pkey on sbtest8  (cost=0.43..423.52 rows=106 width=125)
	  Index Cond: ((id >= 6983367) AND (id <= 6983467))

explain: for range-notcovered :: explain SELECT id, c FROM sbtest%d WHERE id BETWEEN 4647503 AND 4647603
explain: for range-notcovered :: explain SELECT id, c FROM sbtest%d WHERE id BETWEEN 6983367 AND 6983467
explain: for range-notcovered :: explain SELECT id, c FROM sbtest%d WHERE id BETWEEN 1152499 AND 1152599
for range-notcovered
table 1 : explain SELECT id, c FROM sbtest1 WHERE id BETWEEN 6668346 AND 6668446
	Index Scan using sbtest1_pkey on sbtest1  (cost=0.43..397.29 rows=99 width=125)
	  Index Cond: ((id >= 6668346) AND (id <= 6668446))

table 2 : explain SELECT id, c FROM sbtest2 WHERE id BETWEEN 6668346 AND 6668446
	Index Scan using sbtest2_pkey on sbtest2  (cost=0.43..417.22 rows=104 width=125)
	  Index Cond: ((id >= 6668346) AND (id <= 6668446))

table 3 : explain SELECT id, c FROM sbtest3 WHERE id BETWEEN 6668346 AND 6668446
	Index Scan using sbtest3_pkey on sbtest3  (cost=0.43..397.15 rows=99 width=125)
	  Index Cond: ((id >= 6668346) AND (id <= 6668446))

table 4 : explain SELECT id, c FROM sbtest4 WHERE id BETWEEN 6668346 AND 6668446
	Index Scan using sbtest4_pkey on sbtest4  (cost=0.43..356.68 rows=89 width=125)
	  Index Cond: ((id >= 6668346) AND (id <= 6668446))

table 5 : explain SELECT id, c FROM sbtest5 WHERE id BETWEEN 6668346 AND 6668446
	Index Scan using sbtest5_pkey on sbtest5  (cost=0.43..407.95 rows=102 width=125)
	  Index Cond: ((id >= 6668346) AND (id <= 6668446))

table 6 : explain SELECT id, c FROM sbtest6 WHERE id BETWEEN 6668346 AND 6668446
	Index Scan using sbtest6_pkey on sbtest6  (cost=0.43..376.05 rows=94 width=125)
	  Index Cond: ((id >= 6668346) AND (id <= 6668446))

table 7 : explain SELECT id, c FROM sbtest7 WHERE id BETWEEN 6668346 AND 6668446
	Index Scan using sbtest7_pkey on sbtest7  (cost=0.43..375.78 rows=94 width=125)
	  Index Cond: ((id >= 6668346) AND (id <= 6668446))

table 8 : explain SELECT id, c FROM sbtest8 WHERE id BETWEEN 6668346 AND 6668446
	Index Scan using sbtest8_pkey on sbtest8  (cost=0.43..443.28 rows=111 width=125)
	  Index Cond: ((id >= 6668346) AND (id <= 6668446))

explain: for range-notcovered :: explain SELECT id, c FROM sbtest%d WHERE id BETWEEN 6668346 AND 6668446
for range-notcovered
table 1 : explain SELECT id, c FROM sbtest1 WHERE id BETWEEN 6748219 AND 6748319
	Index Scan using sbtest1_pkey on sbtest1  (cost=0.43..433.01 rows=108 width=125)
	  Index Cond: ((id >= 6748219) AND (id <= 6748319))

table 2 : explain SELECT id, c FROM sbtest2 WHERE id BETWEEN 6748219 AND 6748319
	Index Scan using sbtest2_pkey on sbtest2  (cost=0.43..397.37 rows=99 width=125)
	  Index Cond: ((id >= 6748219) AND (id <= 6748319))

table 3 : explain SELECT id, c FROM sbtest3 WHERE id BETWEEN 6748219 AND 6748319
	Index Scan using sbtest3_pkey on sbtest3  (cost=0.43..385.25 rows=96 width=125)
	  Index Cond: ((id >= 6748219) AND (id <= 6748319))

table 4 : explain SELECT id, c FROM sbtest4 WHERE id BETWEEN 6748219 AND 6748319
	Index Scan using sbtest4_pkey on sbtest4  (cost=0.43..404.18 rows=101 width=125)
	  Index Cond: ((id >= 6748219) AND (id <= 6748319))

table 5 : explain SELECT id, c FROM sbtest5 WHERE id BETWEEN 6748219 AND 6748319
	Index Scan using sbtest5_pkey on sbtest5  (cost=0.43..415.86 rows=104 width=125)
	  Index Cond: ((id >= 6748219) AND (id <= 6748319))

table 6 : explain SELECT id, c FROM sbtest6 WHERE id BETWEEN 6748219 AND 6748319
	Index Scan using sbtest6_pkey on sbtest6  (cost=0.43..399.78 rows=100 width=125)
	  Index Cond: ((id >= 6748219) AND (id <= 6748319))

table 7 : explain SELECT id, c FROM sbtest7 WHERE id BETWEEN 6748219 AND 6748319
	Index Scan using sbtest7_pkey on sbtest7  (cost=0.43..367.88 rows=92 width=125)
	  Index Cond: ((id >= 6748219) AND (id <= 6748319))

table 8 : explain SELECT id, c FROM sbtest8 WHERE id BETWEEN 6748219 AND 6748319
	Index Scan using sbtest8_pkey on sbtest8  (cost=0.43..455.14 rows=114 width=125)
	  Index Cond: ((id >= 6748219) AND (id <= 6748319))

for range-notcovered
table 1 : explain SELECT id, c FROM sbtest1 WHERE id BETWEEN 6983367 AND 6983467
	Index Scan using sbtest1_pkey on sbtest1  (cost=0.43..373.49 rows=93 width=125)
	  Index Cond: ((id >= 6983367) AND (id <= 6983467))

table 2 : explain SELECT id, c FROM sbtest2 WHERE id BETWEEN 6983367 AND 6983467
	Index Scan using sbtest2_pkey on sbtest2  (cost=0.43..357.69 rows=89 width=125)
	  Index Cond: ((id >= 6983367) AND (id <= 6983467))

table 3 : explain SELECT id, c FROM sbtest3 WHERE id BETWEEN 6983367 AND 6983467
	Index Scan using sbtest3_pkey on sbtest3  (cost=0.43..393.19 rows=98 width=125)
	  Index Cond: ((id >= 6983367) AND (id <= 6983467))

table 4 : explain SELECT id, c FROM sbtest4 WHERE id BETWEEN 6983367 AND 6983467
	Index Scan using sbtest4_pkey on sbtest4  (cost=0.43..447.71 rows=112 width=125)
	  Index Cond: ((id >= 6983367) AND (id <= 6983467))

table 5 : explain SELECT id, c FROM sbtest5 WHERE id BETWEEN 6983367 AND 6983467
	Index Scan using sbtest5_pkey on sbtest5  (cost=0.43..400.04 rows=100 width=125)
	  Index Cond: ((id >= 6983367) AND (id <= 6983467))

table 6 : explain SELECT id, c FROM sbtest6 WHERE id BETWEEN 6983367 AND 6983467
	Index Scan using sbtest6_pkey on sbtest6  (cost=0.43..415.59 rows=104 width=125)
	  Index Cond: ((id >= 6983367) AND (id <= 6983467))

table 7 : explain SELECT id, c FROM sbtest7 WHERE id BETWEEN 6983367 AND 6983467
	Index Scan using sbtest7_pkey on sbtest7  (cost=0.43..419.24 rows=105 width=125)
	  Index Cond: ((id >= 6983367) AND (id <= 6983467))

table 8 : explain SELECT id, c FROM sbtest8 WHERE id BETWEEN 6983367 AND 6983467
	Index Scan using sbtest8_pkey on sbtest8  (cost=0.43..423.52 rows=106 width=125)
	  Index Cond: ((id >= 6983367) AND (id <= 6983467))

explain: for range-notcovered :: explain SELECT id, c FROM sbtest%d WHERE id BETWEEN 6748219 AND 6748319
for range-notcovered
table 1 : explain SELECT id, c FROM sbtest1 WHERE id BETWEEN 4647503 AND 4647603
	Index Scan using sbtest1_pkey on sbtest1  (cost=0.43..397.29 rows=99 width=125)
	  Index Cond: ((id >= 4647503) AND (id <= 4647603))

table 2 : explain SELECT id, c FROM sbtest2 WHERE id BETWEEN 4647503 AND 4647603
	Index Scan using sbtest2_pkey on sbtest2  (cost=0.43..389.43 rows=97 width=125)
	  Index Cond: ((id >= 4647503) AND (id <= 4647603))

table 3 : explain SELECT id, c FROM sbtest3 WHERE id BETWEEN 4647503 AND 4647603
	Index Scan using sbtest3_pkey on sbtest3  (cost=0.43..385.25 rows=96 width=125)
	  Index Cond: ((id >= 4647503) AND (id <= 4647603))

table 4 : explain SELECT id, c FROM sbtest4 WHERE id BETWEEN 4647503 AND 4647603
	Index Scan using sbtest4_pkey on sbtest4  (cost=0.43..400.23 rows=100 width=125)
	  Index Cond: ((id >= 4647503) AND (id <= 4647603))

table 5 : explain SELECT id, c FROM sbtest5 WHERE id BETWEEN 4647503 AND 4647603
	Index Scan using sbtest5_pkey on sbtest5  (cost=0.43..415.86 rows=104 width=125)
	  Index Cond: ((id >= 4647503) AND (id <= 4647603))

table 6 : explain SELECT id, c FROM sbtest6 WHERE id BETWEEN 4647503 AND 4647603
	Index Scan using sbtest6_pkey on sbtest6  (cost=0.43..395.83 rows=99 width=125)
	  Index Cond: ((id >= 4647503) AND (id <= 4647603))

table 7 : explain SELECT id, c FROM sbtest7 WHERE id BETWEEN 4647503 AND 4647603
	Index Scan using sbtest7_pkey on sbtest7  (cost=0.43..435.04 rows=109 width=125)
	  Index Cond: ((id >= 4647503) AND (id <= 4647603))

table 8 : explain SELECT id, c FROM sbtest8 WHERE id BETWEEN 4647503 AND 4647603
	Index Scan using sbtest8_pkey on sbtest8  (cost=0.43..407.71 rows=102 width=125)
	  Index Cond: ((id >= 4647503) AND (id <= 4647603))

explain: for range-notcovered :: explain SELECT id, c FROM sbtest%d WHERE id BETWEEN 6983367 AND 6983467
explain: for range-notcovered :: explain SELECT id, c FROM sbtest%d WHERE id BETWEEN 4647503 AND 4647603
for range-notcovered
table 1 : explain SELECT id, c FROM sbtest1 WHERE id BETWEEN 5787420 AND 5787520
	Index Scan using sbtest1_pkey on sbtest1  (cost=0.43..357.62 rows=89 width=125)
	  Index Cond: ((id >= 5787420) AND (id <= 5787520))

table 2 : explain SELECT id, c FROM sbtest2 WHERE id BETWEEN 5787420 AND 5787520
	Index Scan using sbtest2_pkey on sbtest2  (cost=0.43..385.46 rows=96 width=125)
	  Index Cond: ((id >= 5787420) AND (id <= 5787520))

table 3 : explain SELECT id, c FROM sbtest3 WHERE id BETWEEN 5787420 AND 5787520
	Index Scan using sbtest3_pkey on sbtest3  (cost=0.43..389.22 rows=97 width=125)
	  Index Cond: ((id >= 5787420) AND (id <= 5787520))

table 4 : explain SELECT id, c FROM sbtest4 WHERE id BETWEEN 5787420 AND 5787520
	Index Scan using sbtest4_pkey on sbtest4  (cost=0.43..376.47 rows=94 width=125)
	  Index Cond: ((id >= 5787420) AND (id <= 5787520))

table 5 : explain SELECT id, c FROM sbtest5 WHERE id BETWEEN 5787420 AND 5787520
	Index Scan using sbtest5_pkey on sbtest5  (cost=0.43..423.77 rows=106 width=125)
	  Index Cond: ((id >= 5787420) AND (id <= 5787520))

table 6 : explain SELECT id, c FROM sbtest6 WHERE id BETWEEN 5787420 AND 5787520
	Index Scan using sbtest6_pkey on sbtest6  (cost=0.43..383.95 rows=96 width=125)
	  Index Cond: ((id >= 5787420) AND (id <= 5787520))

table 7 : explain SELECT id, c FROM sbtest7 WHERE id BETWEEN 5787420 AND 5787520
	Index Scan using sbtest7_pkey on sbtest7  (cost=0.43..419.24 rows=105 width=125)
	  Index Cond: ((id >= 5787420) AND (id <= 5787520))

table 8 : explain SELECT id, c FROM sbtest8 WHERE id BETWEEN 5787420 AND 5787520
	Index Scan using sbtest8_pkey on sbtest8  (cost=0.43..380.02 rows=95 width=125)
	  Index Cond: ((id >= 5787420) AND (id <= 5787520))

explain: for range-notcovered :: explain SELECT id, c FROM sbtest%d WHERE id BETWEEN 5787420 AND 5787520
for range-notcovered
table 1 : explain SELECT id, c FROM sbtest1 WHERE id BETWEEN 6668346 AND 6668446
	Index Scan using sbtest1_pkey on sbtest1  (cost=0.43..397.29 rows=99 width=125)
	  Index Cond: ((id >= 6668346) AND (id <= 6668446))

table 2 : explain SELECT id, c FROM sbtest2 WHERE id BETWEEN 6668346 AND 6668446
	Index Scan using sbtest2_pkey on sbtest2  (cost=0.43..417.22 rows=104 width=125)
	  Index Cond: ((id >= 6668346) AND (id <= 6668446))

table 3 : explain SELECT id, c FROM sbtest3 WHERE id BETWEEN 6668346 AND 6668446
	Index Scan using sbtest3_pkey on sbtest3  (cost=0.43..397.15 rows=99 width=125)
	  Index Cond: ((id >= 6668346) AND (id <= 6668446))

table 4 : explain SELECT id, c FROM sbtest4 WHERE id BETWEEN 6668346 AND 6668446
	Index Scan using sbtest4_pkey on sbtest4  (cost=0.43..356.68 rows=89 width=125)
	  Index Cond: ((id >= 6668346) AND (id <= 6668446))

table 5 : explain SELECT id, c FROM sbtest5 WHERE id BETWEEN 6668346 AND 6668446
	Index Scan using sbtest5_pkey on sbtest5  (cost=0.43..407.95 rows=102 width=125)
	  Index Cond: ((id >= 6668346) AND (id <= 6668446))

table 6 : explain SELECT id, c FROM sbtest6 WHERE id BETWEEN 6668346 AND 6668446
	Index Scan using sbtest6_pkey on sbtest6  (cost=0.43..376.05 rows=94 width=125)
	  Index Cond: ((id >= 6668346) AND (id <= 6668446))

table 7 : explain SELECT id, c FROM sbtest7 WHERE id BETWEEN 6668346 AND 6668446
	Index Scan using sbtest7_pkey on sbtest7  (cost=0.43..375.78 rows=94 width=125)
	  Index Cond: ((id >= 6668346) AND (id <= 6668446))

table 8 : explain SELECT id, c FROM sbtest8 WHERE id BETWEEN 6668346 AND 6668446
	Index Scan using sbtest8_pkey on sbtest8  (cost=0.43..443.28 rows=111 width=125)
	  Index Cond: ((id >= 6668346) AND (id <= 6668446))

explain: for range-notcovered :: explain SELECT id, c FROM sbtest%d WHERE id BETWEEN 6668346 AND 6668446
for range-notcovered
table 1 : explain SELECT id, c FROM sbtest1 WHERE id BETWEEN 6748219 AND 6748319
	Index Scan using sbtest1_pkey on sbtest1  (cost=0.43..433.01 rows=108 width=125)
	  Index Cond: ((id >= 6748219) AND (id <= 6748319))

table 2 : explain SELECT id, c FROM sbtest2 WHERE id BETWEEN 6748219 AND 6748319
	Index Scan using sbtest2_pkey on sbtest2  (cost=0.43..397.37 rows=99 width=125)
	  Index Cond: ((id >= 6748219) AND (id <= 6748319))

table 3 : explain SELECT id, c FROM sbtest3 WHERE id BETWEEN 6748219 AND 6748319
	Index Scan using sbtest3_pkey on sbtest3  (cost=0.43..385.25 rows=96 width=125)
	  Index Cond: ((id >= 6748219) AND (id <= 6748319))

table 4 : explain SELECT id, c FROM sbtest4 WHERE id BETWEEN 6748219 AND 6748319
	Index Scan using sbtest4_pkey on sbtest4  (cost=0.43..404.18 rows=101 width=125)
	  Index Cond: ((id >= 6748219) AND (id <= 6748319))

table 5 : explain SELECT id, c FROM sbtest5 WHERE id BETWEEN 6748219 AND 6748319
	Index Scan using sbtest5_pkey on sbtest5  (cost=0.43..415.86 rows=104 width=125)
	  Index Cond: ((id >= 6748219) AND (id <= 6748319))

table 6 : explain SELECT id, c FROM sbtest6 WHERE id BETWEEN 6748219 AND 6748319
	Index Scan using sbtest6_pkey on sbtest6  (cost=0.43..399.78 rows=100 width=125)
	  Index Cond: ((id >= 6748219) AND (id <= 6748319))

table 7 : explain SELECT id, c FROM sbtest7 WHERE id BETWEEN 6748219 AND 6748319
	Index Scan using sbtest7_pkey on sbtest7  (cost=0.43..367.88 rows=92 width=125)
	  Index Cond: ((id >= 6748219) AND (id <= 6748319))

table 8 : explain SELECT id, c FROM sbtest8 WHERE id BETWEEN 6748219 AND 6748319
	Index Scan using sbtest8_pkey on sbtest8  (cost=0.43..455.14 rows=114 width=125)
	  Index Cond: ((id >= 6748219) AND (id <= 6748319))

for range-notcovered
table 1 : explain SELECT id, c FROM sbtest1 WHERE id BETWEEN 2697313 AND 2697413
	Index Scan using sbtest1_pkey on sbtest1  (cost=0.43..397.29 rows=99 width=125)
	  Index Cond: ((id >= 2697313) AND (id <= 2697413))

table 2 : explain SELECT id, c FROM sbtest2 WHERE id BETWEEN 2697313 AND 2697413
	Index Scan using sbtest2_pkey on sbtest2  (cost=0.43..401.35 rows=100 width=125)
	  Index Cond: ((id >= 2697313) AND (id <= 2697413))

table 3 : explain SELECT id, c FROM sbtest3 WHERE id BETWEEN 2697313 AND 2697413
	Index Scan using sbtest3_pkey on sbtest3  (cost=0.43..397.15 rows=99 width=125)
	  Index Cond: ((id >= 2697313) AND (id <= 2697413))

table 4 : explain SELECT id, c FROM sbtest4 WHERE id BETWEEN 2697313 AND 2697413
	Index Scan using sbtest4_pkey on sbtest4  (cost=0.43..423.97 rows=106 width=125)
	  Index Cond: ((id >= 2697313) AND (id <= 2697413))

table 5 : explain SELECT id, c FROM sbtest5 WHERE id BETWEEN 2697313 AND 2697413
	Index Scan using sbtest5_pkey on sbtest5  (cost=0.43..407.95 rows=102 width=125)
	  Index Cond: ((id >= 2697313) AND (id <= 2697413))

table 6 : explain SELECT id, c FROM sbtest6 WHERE id BETWEEN 2697313 AND 2697413
	Index Scan using sbtest6_pkey on sbtest6  (cost=0.43..419.54 rows=105 width=125)
	  Index Cond: ((id >= 2697313) AND (id <= 2697413))

table 7 : explain SELECT id, c FROM sbtest7 WHERE id BETWEEN 2697313 AND 2697413
	Index Scan using sbtest7_pkey on sbtest7  (cost=0.43..411.34 rows=103 width=125)
	  Index Cond: ((id >= 2697313) AND (id <= 2697413))

table 8 : explain SELECT id, c FROM sbtest8 WHERE id BETWEEN 2697313 AND 2697413
	Index Scan using sbtest8_pkey on sbtest8  (cost=0.43..403.75 rows=101 width=125)
	  Index Cond: ((id >= 2697313) AND (id <= 2697413))

for range-notcovered
table 1 : explain SELECT id, c FROM sbtest1 WHERE id BETWEEN 6983367 AND 6983467
	Index Scan using sbtest1_pkey on sbtest1  (cost=0.43..373.49 rows=93 width=125)
	  Index Cond: ((id >= 6983367) AND (id <= 6983467))

table 2 : explain SELECT id, c FROM sbtest2 WHERE id BETWEEN 6983367 AND 6983467
	Index Scan using sbtest2_pkey on sbtest2  (cost=0.43..357.69 rows=89 width=125)
	  Index Cond: ((id >= 6983367) AND (id <= 6983467))

table 3 : explain SELECT id, c FROM sbtest3 WHERE id BETWEEN 6983367 AND 6983467
	Index Scan using sbtest3_pkey on sbtest3  (cost=0.43..393.19 rows=98 width=125)
	  Index Cond: ((id >= 6983367) AND (id <= 6983467))

table 4 : explain SELECT id, c FROM sbtest4 WHERE id BETWEEN 6983367 AND 6983467
	Index Scan using sbtest4_pkey on sbtest4  (cost=0.43..447.71 rows=112 width=125)
	  Index Cond: ((id >= 6983367) AND (id <= 6983467))

table 5 : explain SELECT id, c FROM sbtest5 WHERE id BETWEEN 6983367 AND 6983467
	Index Scan using sbtest5_pkey on sbtest5  (cost=0.43..400.04 rows=100 width=125)
	  Index Cond: ((id >= 6983367) AND (id <= 6983467))

table 6 : explain SELECT id, c FROM sbtest6 WHERE id BETWEEN 6983367 AND 6983467
	Index Scan using sbtest6_pkey on sbtest6  (cost=0.43..415.59 rows=104 width=125)
	  Index Cond: ((id >= 6983367) AND (id <= 6983467))

table 7 : explain SELECT id, c FROM sbtest7 WHERE id BETWEEN 6983367 AND 6983467
	Index Scan using sbtest7_pkey on sbtest7  (cost=0.43..419.24 rows=105 width=125)
	  Index Cond: ((id >= 6983367) AND (id <= 6983467))

table 8 : explain SELECT id, c FROM sbtest8 WHERE id BETWEEN 6983367 AND 6983467
	Index Scan using sbtest8_pkey on sbtest8  (cost=0.43..423.52 rows=106 width=125)
	  Index Cond: ((id >= 6983367) AND (id <= 6983467))

for range-notcovered
table 1 : explain SELECT id, c FROM sbtest1 WHERE id BETWEEN 4647503 AND 4647603
	Index Scan using sbtest1_pkey on sbtest1  (cost=0.43..397.29 rows=99 width=125)
	  Index Cond: ((id >= 4647503) AND (id <= 4647603))

table 2 : explain SELECT id, c FROM sbtest2 WHERE id BETWEEN 4647503 AND 4647603
	Index Scan using sbtest2_pkey on sbtest2  (cost=0.43..389.43 rows=97 width=125)
	  Index Cond: ((id >= 4647503) AND (id <= 4647603))

table 3 : explain SELECT id, c FROM sbtest3 WHERE id BETWEEN 4647503 AND 4647603
	Index Scan using sbtest3_pkey on sbtest3  (cost=0.43..385.25 rows=96 width=125)
	  Index Cond: ((id >= 4647503) AND (id <= 4647603))

table 4 : explain SELECT id, c FROM sbtest4 WHERE id BETWEEN 4647503 AND 4647603
	Index Scan using sbtest4_pkey on sbtest4  (cost=0.43..400.23 rows=100 width=125)
	  Index Cond: ((id >= 4647503) AND (id <= 4647603))

table 5 : explain SELECT id, c FROM sbtest5 WHERE id BETWEEN 4647503 AND 4647603
	Index Scan using sbtest5_pkey on sbtest5  (cost=0.43..415.86 rows=104 width=125)
	  Index Cond: ((id >= 4647503) AND (id <= 4647603))

table 6 : explain SELECT id, c FROM sbtest6 WHERE id BETWEEN 4647503 AND 4647603
	Index Scan using sbtest6_pkey on sbtest6  (cost=0.43..395.83 rows=99 width=125)
	  Index Cond: ((id >= 4647503) AND (id <= 4647603))

table 7 : explain SELECT id, c FROM sbtest7 WHERE id BETWEEN 4647503 AND 4647603
	Index Scan using sbtest7_pkey on sbtest7  (cost=0.43..435.04 rows=109 width=125)
	  Index Cond: ((id >= 4647503) AND (id <= 4647603))

table 8 : explain SELECT id, c FROM sbtest8 WHERE id BETWEEN 4647503 AND 4647603
	Index Scan using sbtest8_pkey on sbtest8  (cost=0.43..407.71 rows=102 width=125)
	  Index Cond: ((id >= 4647503) AND (id <= 4647603))

explain: for range-notcovered :: explain SELECT id, c FROM sbtest%d WHERE id BETWEEN 6983367 AND 6983467
explain: for range-notcovered :: explain SELECT id, c FROM sbtest%d WHERE id BETWEEN 2697313 AND 2697413
explain: for range-notcovered :: explain SELECT id, c FROM sbtest%d WHERE id BETWEEN 4647503 AND 4647603
for range-notcovered
table 1 : explain SELECT id, c FROM sbtest1 WHERE id BETWEEN 6668346 AND 6668446
	Index Scan using sbtest1_pkey on sbtest1  (cost=0.43..397.29 rows=99 width=125)
	  Index Cond: ((id >= 6668346) AND (id <= 6668446))

table 2 : explain SELECT id, c FROM sbtest2 WHERE id BETWEEN 6668346 AND 6668446
	Index Scan using sbtest2_pkey on sbtest2  (cost=0.43..417.22 rows=104 width=125)
	  Index Cond: ((id >= 6668346) AND (id <= 6668446))

table 3 : explain SELECT id, c FROM sbtest3 WHERE id BETWEEN 6668346 AND 6668446
	Index Scan using sbtest3_pkey on sbtest3  (cost=0.43..397.15 rows=99 width=125)
	  Index Cond: ((id >= 6668346) AND (id <= 6668446))

table 4 : explain SELECT id, c FROM sbtest4 WHERE id BETWEEN 6668346 AND 6668446
	Index Scan using sbtest4_pkey on sbtest4  (cost=0.43..356.68 rows=89 width=125)
	  Index Cond: ((id >= 6668346) AND (id <= 6668446))

table 5 : explain SELECT id, c FROM sbtest5 WHERE id BETWEEN 6668346 AND 6668446
	Index Scan using sbtest5_pkey on sbtest5  (cost=0.43..407.95 rows=102 width=125)
	  Index Cond: ((id >= 6668346) AND (id <= 6668446))

table 6 : explain SELECT id, c FROM sbtest6 WHERE id BETWEEN 6668346 AND 6668446
	Index Scan using sbtest6_pkey on sbtest6  (cost=0.43..376.05 rows=94 width=125)
	  Index Cond: ((id >= 6668346) AND (id <= 6668446))

table 7 : explain SELECT id, c FROM sbtest7 WHERE id BETWEEN 6668346 AND 6668446
	Index Scan using sbtest7_pkey on sbtest7  (cost=0.43..375.78 rows=94 width=125)
	  Index Cond: ((id >= 6668346) AND (id <= 6668446))

table 8 : explain SELECT id, c FROM sbtest8 WHERE id BETWEEN 6668346 AND 6668446
	Index Scan using sbtest8_pkey on sbtest8  (cost=0.43..443.28 rows=111 width=125)
	  Index Cond: ((id >= 6668346) AND (id <= 6668446))

for range-notcovered
table 1 : explain SELECT id, c FROM sbtest1 WHERE id BETWEEN 5787420 AND 5787520
	Index Scan using sbtest1_pkey on sbtest1  (cost=0.43..357.62 rows=89 width=125)
	  Index Cond: ((id >= 5787420) AND (id <= 5787520))

table 2 : explain SELECT id, c FROM sbtest2 WHERE id BETWEEN 5787420 AND 5787520
	Index Scan using sbtest2_pkey on sbtest2  (cost=0.43..385.46 rows=96 width=125)
	  Index Cond: ((id >= 5787420) AND (id <= 5787520))

table 3 : explain SELECT id, c FROM sbtest3 WHERE id BETWEEN 5787420 AND 5787520
	Index Scan using sbtest3_pkey on sbtest3  (cost=0.43..389.22 rows=97 width=125)
	  Index Cond: ((id >= 5787420) AND (id <= 5787520))

table 4 : explain SELECT id, c FROM sbtest4 WHERE id BETWEEN 5787420 AND 5787520
	Index Scan using sbtest4_pkey on sbtest4  (cost=0.43..376.47 rows=94 width=125)
	  Index Cond: ((id >= 5787420) AND (id <= 5787520))

table 5 : explain SELECT id, c FROM sbtest5 WHERE id BETWEEN 5787420 AND 5787520
	Index Scan using sbtest5_pkey on sbtest5  (cost=0.43..423.77 rows=106 width=125)
	  Index Cond: ((id >= 5787420) AND (id <= 5787520))

table 6 : explain SELECT id, c FROM sbtest6 WHERE id BETWEEN 5787420 AND 5787520
	Index Scan using sbtest6_pkey on sbtest6  (cost=0.43..383.95 rows=96 width=125)
	  Index Cond: ((id >= 5787420) AND (id <= 5787520))

table 7 : explain SELECT id, c FROM sbtest7 WHERE id BETWEEN 5787420 AND 5787520
	Index Scan using sbtest7_pkey on sbtest7  (cost=0.43..419.24 rows=105 width=125)
	  Index Cond: ((id >= 5787420) AND (id <= 5787520))

table 8 : explain SELECT id, c FROM sbtest8 WHERE id BETWEEN 5787420 AND 5787520
	Index Scan using sbtest8_pkey on sbtest8  (cost=0.43..380.02 rows=95 width=125)
	  Index Cond: ((id >= 5787420) AND (id <= 5787520))

explain: for range-notcovered :: explain SELECT id, c FROM sbtest%d WHERE id BETWEEN 6668346 AND 6668446
explain: for range-notcovered :: explain SELECT id, c FROM sbtest%d WHERE id BETWEEN 5787420 AND 5787520
for range-notcovered
table 1 : explain SELECT id, c FROM sbtest1 WHERE id BETWEEN 6983367 AND 6983467
	Index Scan using sbtest1_pkey on sbtest1  (cost=0.43..373.49 rows=93 width=125)
	  Index Cond: ((id >= 6983367) AND (id <= 6983467))

table 2 : explain SELECT id, c FROM sbtest2 WHERE id BETWEEN 6983367 AND 6983467
	Index Scan using sbtest2_pkey on sbtest2  (cost=0.43..357.69 rows=89 width=125)
	  Index Cond: ((id >= 6983367) AND (id <= 6983467))

table 3 : explain SELECT id, c FROM sbtest3 WHERE id BETWEEN 6983367 AND 6983467
	Index Scan using sbtest3_pkey on sbtest3  (cost=0.43..393.19 rows=98 width=125)
	  Index Cond: ((id >= 6983367) AND (id <= 6983467))

table 4 : explain SELECT id, c FROM sbtest4 WHERE id BETWEEN 6983367 AND 6983467
	Index Scan using sbtest4_pkey on sbtest4  (cost=0.43..447.71 rows=112 width=125)
	  Index Cond: ((id >= 6983367) AND (id <= 6983467))

table 5 : explain SELECT id, c FROM sbtest5 WHERE id BETWEEN 6983367 AND 6983467
	Index Scan using sbtest5_pkey on sbtest5  (cost=0.43..400.04 rows=100 width=125)
	  Index Cond: ((id >= 6983367) AND (id <= 6983467))

table 6 : explain SELECT id, c FROM sbtest6 WHERE id BETWEEN 6983367 AND 6983467
	Index Scan using sbtest6_pkey on sbtest6  (cost=0.43..415.59 rows=104 width=125)
	  Index Cond: ((id >= 6983367) AND (id <= 6983467))

table 7 : explain SELECT id, c FROM sbtest7 WHERE id BETWEEN 6983367 AND 6983467
	Index Scan using sbtest7_pkey on sbtest7  (cost=0.43..419.24 rows=105 width=125)
	  Index Cond: ((id >= 6983367) AND (id <= 6983467))

table 8 : explain SELECT id, c FROM sbtest8 WHERE id BETWEEN 6983367 AND 6983467
	Index Scan using sbtest8_pkey on sbtest8  (cost=0.43..423.52 rows=106 width=125)
	  Index Cond: ((id >= 6983367) AND (id <= 6983467))

explain: for range-notcovered :: explain SELECT id, c FROM sbtest%d WHERE id BETWEEN 6983367 AND 6983467
for range-notcovered
table 1 : explain SELECT id, c FROM sbtest1 WHERE id BETWEEN 2697313 AND 2697413
	Index Scan using sbtest1_pkey on sbtest1  (cost=0.43..397.29 rows=99 width=125)
	  Index Cond: ((id >= 2697313) AND (id <= 2697413))

table 2 : explain SELECT id, c FROM sbtest2 WHERE id BETWEEN 2697313 AND 2697413
	Index Scan using sbtest2_pkey on sbtest2  (cost=0.43..401.35 rows=100 width=125)
	  Index Cond: ((id >= 2697313) AND (id <= 2697413))

table 3 : explain SELECT id, c FROM sbtest3 WHERE id BETWEEN 2697313 AND 2697413
	Index Scan using sbtest3_pkey on sbtest3  (cost=0.43..397.15 rows=99 width=125)
	  Index Cond: ((id >= 2697313) AND (id <= 2697413))

table 4 : explain SELECT id, c FROM sbtest4 WHERE id BETWEEN 2697313 AND 2697413
	Index Scan using sbtest4_pkey on sbtest4  (cost=0.43..423.97 rows=106 width=125)
	  Index Cond: ((id >= 2697313) AND (id <= 2697413))

table 5 : explain SELECT id, c FROM sbtest5 WHERE id BETWEEN 2697313 AND 2697413
	Index Scan using sbtest5_pkey on sbtest5  (cost=0.43..407.95 rows=102 width=125)
	  Index Cond: ((id >= 2697313) AND (id <= 2697413))

table 6 : explain SELECT id, c FROM sbtest6 WHERE id BETWEEN 2697313 AND 2697413
	Index Scan using sbtest6_pkey on sbtest6  (cost=0.43..419.54 rows=105 width=125)
	  Index Cond: ((id >= 2697313) AND (id <= 2697413))

table 7 : explain SELECT id, c FROM sbtest7 WHERE id BETWEEN 2697313 AND 2697413
	Index Scan using sbtest7_pkey on sbtest7  (cost=0.43..411.34 rows=103 width=125)
	  Index Cond: ((id >= 2697313) AND (id <= 2697413))

table 8 : explain SELECT id, c FROM sbtest8 WHERE id BETWEEN 2697313 AND 2697413
	Index Scan using sbtest8_pkey on sbtest8  (cost=0.43..403.75 rows=101 width=125)
	  Index Cond: ((id >= 2697313) AND (id <= 2697413))

for range-notcovered
table 1 : explain SELECT id, c FROM sbtest1 WHERE id BETWEEN 4647503 AND 4647603
	Index Scan using sbtest1_pkey on sbtest1  (cost=0.43..397.29 rows=99 width=125)
	  Index Cond: ((id >= 4647503) AND (id <= 4647603))

table 2 : explain SELECT id, c FROM sbtest2 WHERE id BETWEEN 4647503 AND 4647603
	Index Scan using sbtest2_pkey on sbtest2  (cost=0.43..389.43 rows=97 width=125)
	  Index Cond: ((id >= 4647503) AND (id <= 4647603))

table 3 : explain SELECT id, c FROM sbtest3 WHERE id BETWEEN 4647503 AND 4647603
	Index Scan using sbtest3_pkey on sbtest3  (cost=0.43..385.25 rows=96 width=125)
	  Index Cond: ((id >= 4647503) AND (id <= 4647603))

table 4 : explain SELECT id, c FROM sbtest4 WHERE id BETWEEN 4647503 AND 4647603
	Index Scan using sbtest4_pkey on sbtest4  (cost=0.43..400.23 rows=100 width=125)
	  Index Cond: ((id >= 4647503) AND (id <= 4647603))

table 5 : explain SELECT id, c FROM sbtest5 WHERE id BETWEEN 4647503 AND 4647603
	Index Scan using sbtest5_pkey on sbtest5  (cost=0.43..415.86 rows=104 width=125)
	  Index Cond: ((id >= 4647503) AND (id <= 4647603))

table 6 : explain SELECT id, c FROM sbtest6 WHERE id BETWEEN 4647503 AND 4647603
	Index Scan using sbtest6_pkey on sbtest6  (cost=0.43..395.83 rows=99 width=125)
	  Index Cond: ((id >= 4647503) AND (id <= 4647603))

table 7 : explain SELECT id, c FROM sbtest7 WHERE id BETWEEN 4647503 AND 4647603
	Index Scan using sbtest7_pkey on sbtest7  (cost=0.43..435.04 rows=109 width=125)
	  Index Cond: ((id >= 4647503) AND (id <= 4647603))

table 8 : explain SELECT id, c FROM sbtest8 WHERE id BETWEEN 4647503 AND 4647603
	Index Scan using sbtest8_pkey on sbtest8  (cost=0.43..407.71 rows=102 width=125)
	  Index Cond: ((id >= 4647503) AND (id <= 4647603))

explain: for range-notcovered :: explain SELECT id, c FROM sbtest%d WHERE id BETWEEN 2697313 AND 2697413
explain: for range-notcovered :: explain SELECT id, c FROM sbtest%d WHERE id BETWEEN 4647503 AND 4647603
for range-notcovered
table 1 : explain SELECT id, c FROM sbtest1 WHERE id BETWEEN 6668346 AND 6668446
	Index Scan using sbtest1_pkey on sbtest1  (cost=0.43..397.29 rows=99 width=125)
	  Index Cond: ((id >= 6668346) AND (id <= 6668446))

table 2 : explain SELECT id, c FROM sbtest2 WHERE id BETWEEN 6668346 AND 6668446
	Index Scan using sbtest2_pkey on sbtest2  (cost=0.43..417.22 rows=104 width=125)
	  Index Cond: ((id >= 6668346) AND (id <= 6668446))

table 3 : explain SELECT id, c FROM sbtest3 WHERE id BETWEEN 6668346 AND 6668446
	Index Scan using sbtest3_pkey on sbtest3  (cost=0.43..397.15 rows=99 width=125)
	  Index Cond: ((id >= 6668346) AND (id <= 6668446))

table 4 : explain SELECT id, c FROM sbtest4 WHERE id BETWEEN 6668346 AND 6668446
	Index Scan using sbtest4_pkey on sbtest4  (cost=0.43..356.68 rows=89 width=125)
	  Index Cond: ((id >= 6668346) AND (id <= 6668446))

table 5 : explain SELECT id, c FROM sbtest5 WHERE id BETWEEN 6668346 AND 6668446
	Index Scan using sbtest5_pkey on sbtest5  (cost=0.43..407.95 rows=102 width=125)
	  Index Cond: ((id >= 6668346) AND (id <= 6668446))

table 6 : explain SELECT id, c FROM sbtest6 WHERE id BETWEEN 6668346 AND 6668446
	Index Scan using sbtest6_pkey on sbtest6  (cost=0.43..376.05 rows=94 width=125)
	  Index Cond: ((id >= 6668346) AND (id <= 6668446))

table 7 : explain SELECT id, c FROM sbtest7 WHERE id BETWEEN 6668346 AND 6668446
	Index Scan using sbtest7_pkey on sbtest7  (cost=0.43..375.78 rows=94 width=125)
	  Index Cond: ((id >= 6668346) AND (id <= 6668446))

table 8 : explain SELECT id, c FROM sbtest8 WHERE id BETWEEN 6668346 AND 6668446
	Index Scan using sbtest8_pkey on sbtest8  (cost=0.43..443.28 rows=111 width=125)
	  Index Cond: ((id >= 6668346) AND (id <= 6668446))

for range-notcovered
table 1 : explain SELECT id, c FROM sbtest1 WHERE id BETWEEN 5787420 AND 5787520
	Index Scan using sbtest1_pkey on sbtest1  (cost=0.43..357.62 rows=89 width=125)
	  Index Cond: ((id >= 5787420) AND (id <= 5787520))

table 2 : explain SELECT id, c FROM sbtest2 WHERE id BETWEEN 5787420 AND 5787520
	Index Scan using sbtest2_pkey on sbtest2  (cost=0.43..385.46 rows=96 width=125)
	  Index Cond: ((id >= 5787420) AND (id <= 5787520))

table 3 : explain SELECT id, c FROM sbtest3 WHERE id BETWEEN 5787420 AND 5787520
	Index Scan using sbtest3_pkey on sbtest3  (cost=0.43..389.22 rows=97 width=125)
	  Index Cond: ((id >= 5787420) AND (id <= 5787520))

table 4 : explain SELECT id, c FROM sbtest4 WHERE id BETWEEN 5787420 AND 5787520
	Index Scan using sbtest4_pkey on sbtest4  (cost=0.43..376.47 rows=94 width=125)
	  Index Cond: ((id >= 5787420) AND (id <= 5787520))

table 5 : explain SELECT id, c FROM sbtest5 WHERE id BETWEEN 5787420 AND 5787520
	Index Scan using sbtest5_pkey on sbtest5  (cost=0.43..423.77 rows=106 width=125)
	  Index Cond: ((id >= 5787420) AND (id <= 5787520))

table 6 : explain SELECT id, c FROM sbtest6 WHERE id BETWEEN 5787420 AND 5787520
	Index Scan using sbtest6_pkey on sbtest6  (cost=0.43..383.95 rows=96 width=125)
	  Index Cond: ((id >= 5787420) AND (id <= 5787520))

table 7 : explain SELECT id, c FROM sbtest7 WHERE id BETWEEN 5787420 AND 5787520
	Index Scan using sbtest7_pkey on sbtest7  (cost=0.43..419.24 rows=105 width=125)
	  Index Cond: ((id >= 5787420) AND (id <= 5787520))

table 8 : explain SELECT id, c FROM sbtest8 WHERE id BETWEEN 5787420 AND 5787520
	Index Scan using sbtest8_pkey on sbtest8  (cost=0.43..380.02 rows=95 width=125)
	  Index Cond: ((id >= 5787420) AND (id <= 5787520))

explain: for range-notcovered :: explain SELECT id, c FROM sbtest%d WHERE id BETWEEN 4285639 AND 4285739
explain: for range-notcovered :: explain SELECT id, c FROM sbtest%d WHERE id BETWEEN 6668346 AND 6668446
explain: for range-notcovered :: explain SELECT id, c FROM sbtest%d WHERE id BETWEEN 5787420 AND 5787520
for range-notcovered
table 1 : explain SELECT id, c FROM sbtest1 WHERE id BETWEEN 6983367 AND 6983467
	Index Scan using sbtest1_pkey on sbtest1  (cost=0.43..373.49 rows=93 width=125)
	  Index Cond: ((id >= 6983367) AND (id <= 6983467))

table 2 : explain SELECT id, c FROM sbtest2 WHERE id BETWEEN 6983367 AND 6983467
	Index Scan using sbtest2_pkey on sbtest2  (cost=0.43..357.69 rows=89 width=125)
	  Index Cond: ((id >= 6983367) AND (id <= 6983467))

table 3 : explain SELECT id, c FROM sbtest3 WHERE id BETWEEN 6983367 AND 6983467
	Index Scan using sbtest3_pkey on sbtest3  (cost=0.43..393.19 rows=98 width=125)
	  Index Cond: ((id >= 6983367) AND (id <= 6983467))

table 4 : explain SELECT id, c FROM sbtest4 WHERE id BETWEEN 6983367 AND 6983467
	Index Scan using sbtest4_pkey on sbtest4  (cost=0.43..447.71 rows=112 width=125)
	  Index Cond: ((id >= 6983367) AND (id <= 6983467))

table 5 : explain SELECT id, c FROM sbtest5 WHERE id BETWEEN 6983367 AND 6983467
	Index Scan using sbtest5_pkey on sbtest5  (cost=0.43..400.04 rows=100 width=125)
	  Index Cond: ((id >= 6983367) AND (id <= 6983467))

table 6 : explain SELECT id, c FROM sbtest6 WHERE id BETWEEN 6983367 AND 6983467
	Index Scan using sbtest6_pkey on sbtest6  (cost=0.43..415.59 rows=104 width=125)
	  Index Cond: ((id >= 6983367) AND (id <= 6983467))

table 7 : explain SELECT id, c FROM sbtest7 WHERE id BETWEEN 6983367 AND 6983467
	Index Scan using sbtest7_pkey on sbtest7  (cost=0.43..419.24 rows=105 width=125)
	  Index Cond: ((id >= 6983367) AND (id <= 6983467))

table 8 : explain SELECT id, c FROM sbtest8 WHERE id BETWEEN 6983367 AND 6983467
	Index Scan using sbtest8_pkey on sbtest8  (cost=0.43..423.52 rows=106 width=125)
	  Index Cond: ((id >= 6983367) AND (id <= 6983467))

for range-notcovered
table 1 : explain SELECT id, c FROM sbtest1 WHERE id BETWEEN 2697313 AND 2697413
	Index Scan using sbtest1_pkey on sbtest1  (cost=0.43..397.29 rows=99 width=125)
	  Index Cond: ((id >= 2697313) AND (id <= 2697413))

table 2 : explain SELECT id, c FROM sbtest2 WHERE id BETWEEN 2697313 AND 2697413
	Index Scan using sbtest2_pkey on sbtest2  (cost=0.43..401.35 rows=100 width=125)
	  Index Cond: ((id >= 2697313) AND (id <= 2697413))

table 3 : explain SELECT id, c FROM sbtest3 WHERE id BETWEEN 2697313 AND 2697413
	Index Scan using sbtest3_pkey on sbtest3  (cost=0.43..397.15 rows=99 width=125)
	  Index Cond: ((id >= 2697313) AND (id <= 2697413))

table 4 : explain SELECT id, c FROM sbtest4 WHERE id BETWEEN 2697313 AND 2697413
	Index Scan using sbtest4_pkey on sbtest4  (cost=0.43..423.97 rows=106 width=125)
	  Index Cond: ((id >= 2697313) AND (id <= 2697413))

table 5 : explain SELECT id, c FROM sbtest5 WHERE id BETWEEN 2697313 AND 2697413
	Index Scan using sbtest5_pkey on sbtest5  (cost=0.43..407.95 rows=102 width=125)
	  Index Cond: ((id >= 2697313) AND (id <= 2697413))

table 6 : explain SELECT id, c FROM sbtest6 WHERE id BETWEEN 2697313 AND 2697413
	Index Scan using sbtest6_pkey on sbtest6  (cost=0.43..419.54 rows=105 width=125)
	  Index Cond: ((id >= 2697313) AND (id <= 2697413))

table 7 : explain SELECT id, c FROM sbtest7 WHERE id BETWEEN 2697313 AND 2697413
	Index Scan using sbtest7_pkey on sbtest7  (cost=0.43..411.34 rows=103 width=125)
	  Index Cond: ((id >= 2697313) AND (id <= 2697413))

table 8 : explain SELECT id, c FROM sbtest8 WHERE id BETWEEN 2697313 AND 2697413
	Index Scan using sbtest8_pkey on sbtest8  (cost=0.43..403.75 rows=101 width=125)
	  Index Cond: ((id >= 2697313) AND (id <= 2697413))

explain: for range-notcovered :: explain SELECT id, c FROM sbtest%d WHERE id BETWEEN 6983367 AND 6983467
explain: for range-notcovered :: explain SELECT id, c FROM sbtest%d WHERE id BETWEEN 2697313 AND 2697413
for range-notcovered
table 1 : explain SELECT id, c FROM sbtest1 WHERE id BETWEEN 4647503 AND 4647603
	Index Scan using sbtest1_pkey on sbtest1  (cost=0.43..397.29 rows=99 width=125)
	  Index Cond: ((id >= 4647503) AND (id <= 4647603))

table 2 : explain SELECT id, c FROM sbtest2 WHERE id BETWEEN 4647503 AND 4647603
	Index Scan using sbtest2_pkey on sbtest2  (cost=0.43..389.43 rows=97 width=125)
	  Index Cond: ((id >= 4647503) AND (id <= 4647603))

table 3 : explain SELECT id, c FROM sbtest3 WHERE id BETWEEN 4647503 AND 4647603
	Index Scan using sbtest3_pkey on sbtest3  (cost=0.43..385.25 rows=96 width=125)
	  Index Cond: ((id >= 4647503) AND (id <= 4647603))

table 4 : explain SELECT id, c FROM sbtest4 WHERE id BETWEEN 4647503 AND 4647603
	Index Scan using sbtest4_pkey on sbtest4  (cost=0.43..400.23 rows=100 width=125)
	  Index Cond: ((id >= 4647503) AND (id <= 4647603))

table 5 : explain SELECT id, c FROM sbtest5 WHERE id BETWEEN 4647503 AND 4647603
	Index Scan using sbtest5_pkey on sbtest5  (cost=0.43..415.86 rows=104 width=125)
	  Index Cond: ((id >= 4647503) AND (id <= 4647603))

table 6 : explain SELECT id, c FROM sbtest6 WHERE id BETWEEN 4647503 AND 4647603
	Index Scan using sbtest6_pkey on sbtest6  (cost=0.43..395.83 rows=99 width=125)
	  Index Cond: ((id >= 4647503) AND (id <= 4647603))

table 7 : explain SELECT id, c FROM sbtest7 WHERE id BETWEEN 4647503 AND 4647603
	Index Scan using sbtest7_pkey on sbtest7  (cost=0.43..435.04 rows=109 width=125)
	  Index Cond: ((id >= 4647503) AND (id <= 4647603))

table 8 : explain SELECT id, c FROM sbtest8 WHERE id BETWEEN 4647503 AND 4647603
	Index Scan using sbtest8_pkey on sbtest8  (cost=0.43..407.71 rows=102 width=125)
	  Index Cond: ((id >= 4647503) AND (id <= 4647603))

explain: for range-notcovered :: explain SELECT id, c FROM sbtest%d WHERE id BETWEEN 4647503 AND 4647603
for range-notcovered
table 1 : explain SELECT id, c FROM sbtest1 WHERE id BETWEEN 1152499 AND 1152599
	Index Scan using sbtest1_pkey on sbtest1  (cost=0.43..429.05 rows=107 width=125)
	  Index Cond: ((id >= 1152499) AND (id <= 1152599))

table 2 : explain SELECT id, c FROM sbtest2 WHERE id BETWEEN 1152499 AND 1152599
	Index Scan using sbtest2_pkey on sbtest2  (cost=0.43..401.34 rows=100 width=125)
	  Index Cond: ((id >= 1152499) AND (id <= 1152599))

table 3 : explain SELECT id, c FROM sbtest3 WHERE id BETWEEN 1152499 AND 1152599
	Index Scan using sbtest3_pkey on sbtest3  (cost=0.43..401.12 rows=100 width=125)
	  Index Cond: ((id >= 1152499) AND (id <= 1152599))

table 4 : explain SELECT id, c FROM sbtest4 WHERE id BETWEEN 1152499 AND 1152599
	Index Scan using sbtest4_pkey on sbtest4  (cost=0.43..388.34 rows=97 width=125)
	  Index Cond: ((id >= 1152499) AND (id <= 1152599))

table 5 : explain SELECT id, c FROM sbtest5 WHERE id BETWEEN 1152499 AND 1152599
	Index Scan using sbtest5_pkey on sbtest5  (cost=0.43..403.99 rows=101 width=125)
	  Index Cond: ((id >= 1152499) AND (id <= 1152599))

table 6 : explain SELECT id, c FROM sbtest6 WHERE id BETWEEN 1152499 AND 1152599
	Index Scan using sbtest6_pkey on sbtest6  (cost=0.43..395.83 rows=99 width=125)
	  Index Cond: ((id >= 1152499) AND (id <= 1152599))

table 7 : explain SELECT id, c FROM sbtest7 WHERE id BETWEEN 1152499 AND 1152599
	Index Scan using sbtest7_pkey on sbtest7  (cost=0.43..431.09 rows=108 width=125)
	  Index Cond: ((id >= 1152499) AND (id <= 1152599))

table 8 : explain SELECT id, c FROM sbtest8 WHERE id BETWEEN 1152499 AND 1152599
	Index Scan using sbtest8_pkey on sbtest8  (cost=0.43..415.61 rows=104 width=125)
	  Index Cond: ((id >= 1152499) AND (id <= 1152599))

for range-notcovered
table 1 : explain SELECT id, c FROM sbtest1 WHERE id BETWEEN 6668346 AND 6668446
	Index Scan using sbtest1_pkey on sbtest1  (cost=0.43..397.29 rows=99 width=125)
	  Index Cond: ((id >= 6668346) AND (id <= 6668446))

table 2 : explain SELECT id, c FROM sbtest2 WHERE id BETWEEN 6668346 AND 6668446
	Index Scan using sbtest2_pkey on sbtest2  (cost=0.43..417.22 rows=104 width=125)
	  Index Cond: ((id >= 6668346) AND (id <= 6668446))

table 3 : explain SELECT id, c FROM sbtest3 WHERE id BETWEEN 6668346 AND 6668446
	Index Scan using sbtest3_pkey on sbtest3  (cost=0.43..397.15 rows=99 width=125)
	  Index Cond: ((id >= 6668346) AND (id <= 6668446))

table 4 : explain SELECT id, c FROM sbtest4 WHERE id BETWEEN 6668346 AND 6668446
	Index Scan using sbtest4_pkey on sbtest4  (cost=0.43..356.68 rows=89 width=125)
	  Index Cond: ((id >= 6668346) AND (id <= 6668446))

table 5 : explain SELECT id, c FROM sbtest5 WHERE id BETWEEN 6668346 AND 6668446
	Index Scan using sbtest5_pkey on sbtest5  (cost=0.43..407.95 rows=102 width=125)
	  Index Cond: ((id >= 6668346) AND (id <= 6668446))

table 6 : explain SELECT id, c FROM sbtest6 WHERE id BETWEEN 6668346 AND 6668446
	Index Scan using sbtest6_pkey on sbtest6  (cost=0.43..376.05 rows=94 width=125)
	  Index Cond: ((id >= 6668346) AND (id <= 6668446))

table 7 : explain SELECT id, c FROM sbtest7 WHERE id BETWEEN 6668346 AND 6668446
	Index Scan using sbtest7_pkey on sbtest7  (cost=0.43..375.78 rows=94 width=125)
	  Index Cond: ((id >= 6668346) AND (id <= 6668446))

table 8 : explain SELECT id, c FROM sbtest8 WHERE id BETWEEN 6668346 AND 6668446
	Index Scan using sbtest8_pkey on sbtest8  (cost=0.43..443.28 rows=111 width=125)
	  Index Cond: ((id >= 6668346) AND (id <= 6668446))

explain: for range-notcovered :: explain SELECT id, c FROM sbtest%d WHERE id BETWEEN 1152499 AND 1152599
for range-notcovered
table 1 : explain SELECT id, c FROM sbtest1 WHERE id BETWEEN 5787420 AND 5787520
	Index Scan using sbtest1_pkey on sbtest1  (cost=0.43..357.62 rows=89 width=125)
	  Index Cond: ((id >= 5787420) AND (id <= 5787520))

table 2 : explain SELECT id, c FROM sbtest2 WHERE id BETWEEN 5787420 AND 5787520
	Index Scan using sbtest2_pkey on sbtest2  (cost=0.43..385.46 rows=96 width=125)
	  Index Cond: ((id >= 5787420) AND (id <= 5787520))

table 3 : explain SELECT id, c FROM sbtest3 WHERE id BETWEEN 5787420 AND 5787520
	Index Scan using sbtest3_pkey on sbtest3  (cost=0.43..389.22 rows=97 width=125)
	  Index Cond: ((id >= 5787420) AND (id <= 5787520))

table 4 : explain SELECT id, c FROM sbtest4 WHERE id BETWEEN 5787420 AND 5787520
	Index Scan using sbtest4_pkey on sbtest4  (cost=0.43..376.47 rows=94 width=125)
	  Index Cond: ((id >= 5787420) AND (id <= 5787520))

table 5 : explain SELECT id, c FROM sbtest5 WHERE id BETWEEN 5787420 AND 5787520
	Index Scan using sbtest5_pkey on sbtest5  (cost=0.43..423.77 rows=106 width=125)
	  Index Cond: ((id >= 5787420) AND (id <= 5787520))

table 6 : explain SELECT id, c FROM sbtest6 WHERE id BETWEEN 5787420 AND 5787520
	Index Scan using sbtest6_pkey on sbtest6  (cost=0.43..383.95 rows=96 width=125)
	  Index Cond: ((id >= 5787420) AND (id <= 5787520))

table 7 : explain SELECT id, c FROM sbtest7 WHERE id BETWEEN 5787420 AND 5787520
	Index Scan using sbtest7_pkey on sbtest7  (cost=0.43..419.24 rows=105 width=125)
	  Index Cond: ((id >= 5787420) AND (id <= 5787520))

table 8 : explain SELECT id, c FROM sbtest8 WHERE id BETWEEN 5787420 AND 5787520
	Index Scan using sbtest8_pkey on sbtest8  (cost=0.43..380.02 rows=95 width=125)
	  Index Cond: ((id >= 5787420) AND (id <= 5787520))

explain: for range-notcovered :: explain SELECT id, c FROM sbtest%d WHERE id BETWEEN 6668346 AND 6668446
explain: for range-notcovered :: explain SELECT id, c FROM sbtest%d WHERE id BETWEEN 5787420 AND 5787520
for range-notcovered
table 1 : explain SELECT id, c FROM sbtest1 WHERE id BETWEEN 6983367 AND 6983467
	Index Scan using sbtest1_pkey on sbtest1  (cost=0.43..373.49 rows=93 width=125)
	  Index Cond: ((id >= 6983367) AND (id <= 6983467))

table 2 : explain SELECT id, c FROM sbtest2 WHERE id BETWEEN 6983367 AND 6983467
	Index Scan using sbtest2_pkey on sbtest2  (cost=0.43..357.69 rows=89 width=125)
	  Index Cond: ((id >= 6983367) AND (id <= 6983467))

table 3 : explain SELECT id, c FROM sbtest3 WHERE id BETWEEN 6983367 AND 6983467
	Index Scan using sbtest3_pkey on sbtest3  (cost=0.43..393.19 rows=98 width=125)
	  Index Cond: ((id >= 6983367) AND (id <= 6983467))

table 4 : explain SELECT id, c FROM sbtest4 WHERE id BETWEEN 6983367 AND 6983467
	Index Scan using sbtest4_pkey on sbtest4  (cost=0.43..447.71 rows=112 width=125)
	  Index Cond: ((id >= 6983367) AND (id <= 6983467))

table 5 : explain SELECT id, c FROM sbtest5 WHERE id BETWEEN 6983367 AND 6983467
	Index Scan using sbtest5_pkey on sbtest5  (cost=0.43..400.04 rows=100 width=125)
	  Index Cond: ((id >= 6983367) AND (id <= 6983467))

table 6 : explain SELECT id, c FROM sbtest6 WHERE id BETWEEN 6983367 AND 6983467
	Index Scan using sbtest6_pkey on sbtest6  (cost=0.43..415.59 rows=104 width=125)
	  Index Cond: ((id >= 6983367) AND (id <= 6983467))

table 7 : explain SELECT id, c FROM sbtest7 WHERE id BETWEEN 6983367 AND 6983467
	Index Scan using sbtest7_pkey on sbtest7  (cost=0.43..419.24 rows=105 width=125)
	  Index Cond: ((id >= 6983367) AND (id <= 6983467))

table 8 : explain SELECT id, c FROM sbtest8 WHERE id BETWEEN 6983367 AND 6983467
	Index Scan using sbtest8_pkey on sbtest8  (cost=0.43..423.52 rows=106 width=125)
	  Index Cond: ((id >= 6983367) AND (id <= 6983467))

for range-notcovered
table 1 : explain SELECT id, c FROM sbtest1 WHERE id BETWEEN 2697313 AND 2697413
	Index Scan using sbtest1_pkey on sbtest1  (cost=0.43..397.29 rows=99 width=125)
	  Index Cond: ((id >= 2697313) AND (id <= 2697413))

table 2 : explain SELECT id, c FROM sbtest2 WHERE id BETWEEN 2697313 AND 2697413
	Index Scan using sbtest2_pkey on sbtest2  (cost=0.43..401.35 rows=100 width=125)
	  Index Cond: ((id >= 2697313) AND (id <= 2697413))

table 3 : explain SELECT id, c FROM sbtest3 WHERE id BETWEEN 2697313 AND 2697413
	Index Scan using sbtest3_pkey on sbtest3  (cost=0.43..397.15 rows=99 width=125)
	  Index Cond: ((id >= 2697313) AND (id <= 2697413))

table 4 : explain SELECT id, c FROM sbtest4 WHERE id BETWEEN 2697313 AND 2697413
	Index Scan using sbtest4_pkey on sbtest4  (cost=0.43..423.97 rows=106 width=125)
	  Index Cond: ((id >= 2697313) AND (id <= 2697413))

table 5 : explain SELECT id, c FROM sbtest5 WHERE id BETWEEN 2697313 AND 2697413
	Index Scan using sbtest5_pkey on sbtest5  (cost=0.43..407.95 rows=102 width=125)
	  Index Cond: ((id >= 2697313) AND (id <= 2697413))

table 6 : explain SELECT id, c FROM sbtest6 WHERE id BETWEEN 2697313 AND 2697413
	Index Scan using sbtest6_pkey on sbtest6  (cost=0.43..419.54 rows=105 width=125)
	  Index Cond: ((id >= 2697313) AND (id <= 2697413))

table 7 : explain SELECT id, c FROM sbtest7 WHERE id BETWEEN 2697313 AND 2697413
	Index Scan using sbtest7_pkey on sbtest7  (cost=0.43..411.34 rows=103 width=125)
	  Index Cond: ((id >= 2697313) AND (id <= 2697413))

table 8 : explain SELECT id, c FROM sbtest8 WHERE id BETWEEN 2697313 AND 2697413
	Index Scan using sbtest8_pkey on sbtest8  (cost=0.43..403.75 rows=101 width=125)
	  Index Cond: ((id >= 2697313) AND (id <= 2697413))

explain: for range-notcovered :: explain SELECT id, c FROM sbtest%d WHERE id BETWEEN 6983367 AND 6983467
explain: for range-notcovered :: explain SELECT id, c FROM sbtest%d WHERE id BETWEEN 2697313 AND 2697413
for range-notcovered
table 1 : explain SELECT id, c FROM sbtest1 WHERE id BETWEEN 4647503 AND 4647603
	Index Scan using sbtest1_pkey on sbtest1  (cost=0.43..397.29 rows=99 width=125)
	  Index Cond: ((id >= 4647503) AND (id <= 4647603))

table 2 : explain SELECT id, c FROM sbtest2 WHERE id BETWEEN 4647503 AND 4647603
	Index Scan using sbtest2_pkey on sbtest2  (cost=0.43..389.43 rows=97 width=125)
	  Index Cond: ((id >= 4647503) AND (id <= 4647603))

table 3 : explain SELECT id, c FROM sbtest3 WHERE id BETWEEN 4647503 AND 4647603
	Index Scan using sbtest3_pkey on sbtest3  (cost=0.43..385.25 rows=96 width=125)
	  Index Cond: ((id >= 4647503) AND (id <= 4647603))

table 4 : explain SELECT id, c FROM sbtest4 WHERE id BETWEEN 4647503 AND 4647603
	Index Scan using sbtest4_pkey on sbtest4  (cost=0.43..400.23 rows=100 width=125)
	  Index Cond: ((id >= 4647503) AND (id <= 4647603))

table 5 : explain SELECT id, c FROM sbtest5 WHERE id BETWEEN 4647503 AND 4647603
	Index Scan using sbtest5_pkey on sbtest5  (cost=0.43..415.86 rows=104 width=125)
	  Index Cond: ((id >= 4647503) AND (id <= 4647603))

table 6 : explain SELECT id, c FROM sbtest6 WHERE id BETWEEN 4647503 AND 4647603
	Index Scan using sbtest6_pkey on sbtest6  (cost=0.43..395.83 rows=99 width=125)
	  Index Cond: ((id >= 4647503) AND (id <= 4647603))

table 7 : explain SELECT id, c FROM sbtest7 WHERE id BETWEEN 4647503 AND 4647603
	Index Scan using sbtest7_pkey on sbtest7  (cost=0.43..435.04 rows=109 width=125)
	  Index Cond: ((id >= 4647503) AND (id <= 4647603))

table 8 : explain SELECT id, c FROM sbtest8 WHERE id BETWEEN 4647503 AND 4647603
	Index Scan using sbtest8_pkey on sbtest8  (cost=0.43..407.71 rows=102 width=125)
	  Index Cond: ((id >= 4647503) AND (id <= 4647603))

explain: for range-notcovered :: explain SELECT id, c FROM sbtest%d WHERE id BETWEEN 4647503 AND 4647603
for range-notcovered
table 1 : explain SELECT id, c FROM sbtest1 WHERE id BETWEEN 6668346 AND 6668446
	Index Scan using sbtest1_pkey on sbtest1  (cost=0.43..397.29 rows=99 width=125)
	  Index Cond: ((id >= 6668346) AND (id <= 6668446))

table 2 : explain SELECT id, c FROM sbtest2 WHERE id BETWEEN 6668346 AND 6668446
	Index Scan using sbtest2_pkey on sbtest2  (cost=0.43..417.22 rows=104 width=125)
	  Index Cond: ((id >= 6668346) AND (id <= 6668446))

table 3 : explain SELECT id, c FROM sbtest3 WHERE id BETWEEN 6668346 AND 6668446
	Index Scan using sbtest3_pkey on sbtest3  (cost=0.43..397.15 rows=99 width=125)
	  Index Cond: ((id >= 6668346) AND (id <= 6668446))

table 4 : explain SELECT id, c FROM sbtest4 WHERE id BETWEEN 6668346 AND 6668446
	Index Scan using sbtest4_pkey on sbtest4  (cost=0.43..356.68 rows=89 width=125)
	  Index Cond: ((id >= 6668346) AND (id <= 6668446))

table 5 : explain SELECT id, c FROM sbtest5 WHERE id BETWEEN 6668346 AND 6668446
	Index Scan using sbtest5_pkey on sbtest5  (cost=0.43..407.95 rows=102 width=125)
	  Index Cond: ((id >= 6668346) AND (id <= 6668446))

table 6 : explain SELECT id, c FROM sbtest6 WHERE id BETWEEN 6668346 AND 6668446
	Index Scan using sbtest6_pkey on sbtest6  (cost=0.43..376.05 rows=94 width=125)
	  Index Cond: ((id >= 6668346) AND (id <= 6668446))

table 7 : explain SELECT id, c FROM sbtest7 WHERE id BETWEEN 6668346 AND 6668446
	Index Scan using sbtest7_pkey on sbtest7  (cost=0.43..375.78 rows=94 width=125)
	  Index Cond: ((id >= 6668346) AND (id <= 6668446))

table 8 : explain SELECT id, c FROM sbtest8 WHERE id BETWEEN 6668346 AND 6668446
	Index Scan using sbtest8_pkey on sbtest8  (cost=0.43..443.28 rows=111 width=125)
	  Index Cond: ((id >= 6668346) AND (id <= 6668446))

for range-notcovered
table 1 : explain SELECT id, c FROM sbtest1 WHERE id BETWEEN 1152499 AND 1152599
	Index Scan using sbtest1_pkey on sbtest1  (cost=0.43..429.05 rows=107 width=125)
	  Index Cond: ((id >= 1152499) AND (id <= 1152599))

table 2 : explain SELECT id, c FROM sbtest2 WHERE id BETWEEN 1152499 AND 1152599
	Index Scan using sbtest2_pkey on sbtest2  (cost=0.43..401.34 rows=100 width=125)
	  Index Cond: ((id >= 1152499) AND (id <= 1152599))

table 3 : explain SELECT id, c FROM sbtest3 WHERE id BETWEEN 1152499 AND 1152599
	Index Scan using sbtest3_pkey on sbtest3  (cost=0.43..401.12 rows=100 width=125)
	  Index Cond: ((id >= 1152499) AND (id <= 1152599))

table 4 : explain SELECT id, c FROM sbtest4 WHERE id BETWEEN 1152499 AND 1152599
	Index Scan using sbtest4_pkey on sbtest4  (cost=0.43..388.34 rows=97 width=125)
	  Index Cond: ((id >= 1152499) AND (id <= 1152599))

table 5 : explain SELECT id, c FROM sbtest5 WHERE id BETWEEN 1152499 AND 1152599
	Index Scan using sbtest5_pkey on sbtest5  (cost=0.43..403.99 rows=101 width=125)
	  Index Cond: ((id >= 1152499) AND (id <= 1152599))

table 6 : explain SELECT id, c FROM sbtest6 WHERE id BETWEEN 1152499 AND 1152599
	Index Scan using sbtest6_pkey on sbtest6  (cost=0.43..395.83 rows=99 width=125)
	  Index Cond: ((id >= 1152499) AND (id <= 1152599))

table 7 : explain SELECT id, c FROM sbtest7 WHERE id BETWEEN 1152499 AND 1152599
	Index Scan using sbtest7_pkey on sbtest7  (cost=0.43..431.09 rows=108 width=125)
	  Index Cond: ((id >= 1152499) AND (id <= 1152599))

table 8 : explain SELECT id, c FROM sbtest8 WHERE id BETWEEN 1152499 AND 1152599
	Index Scan using sbtest8_pkey on sbtest8  (cost=0.43..415.61 rows=104 width=125)
	  Index Cond: ((id >= 1152499) AND (id <= 1152599))

explain: for range-notcovered :: explain SELECT id, c FROM sbtest%d WHERE id BETWEEN 6668346 AND 6668446
for range-notcovered
table 1 : explain SELECT id, c FROM sbtest1 WHERE id BETWEEN 5787420 AND 5787520
	Index Scan using sbtest1_pkey on sbtest1  (cost=0.43..357.62 rows=89 width=125)
	  Index Cond: ((id >= 5787420) AND (id <= 5787520))

table 2 : explain SELECT id, c FROM sbtest2 WHERE id BETWEEN 5787420 AND 5787520
	Index Scan using sbtest2_pkey on sbtest2  (cost=0.43..385.46 rows=96 width=125)
	  Index Cond: ((id >= 5787420) AND (id <= 5787520))

table 3 : explain SELECT id, c FROM sbtest3 WHERE id BETWEEN 5787420 AND 5787520
	Index Scan using sbtest3_pkey on sbtest3  (cost=0.43..389.22 rows=97 width=125)
	  Index Cond: ((id >= 5787420) AND (id <= 5787520))

table 4 : explain SELECT id, c FROM sbtest4 WHERE id BETWEEN 5787420 AND 5787520
	Index Scan using sbtest4_pkey on sbtest4  (cost=0.43..376.47 rows=94 width=125)
	  Index Cond: ((id >= 5787420) AND (id <= 5787520))

table 5 : explain SELECT id, c FROM sbtest5 WHERE id BETWEEN 5787420 AND 5787520
	Index Scan using sbtest5_pkey on sbtest5  (cost=0.43..423.77 rows=106 width=125)
	  Index Cond: ((id >= 5787420) AND (id <= 5787520))

table 6 : explain SELECT id, c FROM sbtest6 WHERE id BETWEEN 5787420 AND 5787520
	Index Scan using sbtest6_pkey on sbtest6  (cost=0.43..383.95 rows=96 width=125)
	  Index Cond: ((id >= 5787420) AND (id <= 5787520))

table 7 : explain SELECT id, c FROM sbtest7 WHERE id BETWEEN 5787420 AND 5787520
	Index Scan using sbtest7_pkey on sbtest7  (cost=0.43..419.24 rows=105 width=125)
	  Index Cond: ((id >= 5787420) AND (id <= 5787520))

table 8 : explain SELECT id, c FROM sbtest8 WHERE id BETWEEN 5787420 AND 5787520
	Index Scan using sbtest8_pkey on sbtest8  (cost=0.43..380.02 rows=95 width=125)
	  Index Cond: ((id >= 5787420) AND (id <= 5787520))

explain: for range-notcovered :: explain SELECT id, c FROM sbtest%d WHERE id BETWEEN 1152499 AND 1152599
explain: for range-notcovered :: explain SELECT id, c FROM sbtest%d WHERE id BETWEEN 5787420 AND 5787520
for range-notcovered
table 1 : explain SELECT id, c FROM sbtest1 WHERE id BETWEEN 2697313 AND 2697413
	Index Scan using sbtest1_pkey on sbtest1  (cost=0.43..397.29 rows=99 width=125)
	  Index Cond: ((id >= 2697313) AND (id <= 2697413))

table 2 : explain SELECT id, c FROM sbtest2 WHERE id BETWEEN 2697313 AND 2697413
	Index Scan using sbtest2_pkey on sbtest2  (cost=0.43..401.35 rows=100 width=125)
	  Index Cond: ((id >= 2697313) AND (id <= 2697413))

table 3 : explain SELECT id, c FROM sbtest3 WHERE id BETWEEN 2697313 AND 2697413
	Index Scan using sbtest3_pkey on sbtest3  (cost=0.43..397.15 rows=99 width=125)
	  Index Cond: ((id >= 2697313) AND (id <= 2697413))

table 4 : explain SELECT id, c FROM sbtest4 WHERE id BETWEEN 2697313 AND 2697413
	Index Scan using sbtest4_pkey on sbtest4  (cost=0.43..423.97 rows=106 width=125)
	  Index Cond: ((id >= 2697313) AND (id <= 2697413))

table 5 : explain SELECT id, c FROM sbtest5 WHERE id BETWEEN 2697313 AND 2697413
	Index Scan using sbtest5_pkey on sbtest5  (cost=0.43..407.95 rows=102 width=125)
	  Index Cond: ((id >= 2697313) AND (id <= 2697413))

table 6 : explain SELECT id, c FROM sbtest6 WHERE id BETWEEN 2697313 AND 2697413
	Index Scan using sbtest6_pkey on sbtest6  (cost=0.43..419.54 rows=105 width=125)
	  Index Cond: ((id >= 2697313) AND (id <= 2697413))

table 7 : explain SELECT id, c FROM sbtest7 WHERE id BETWEEN 2697313 AND 2697413
	Index Scan using sbtest7_pkey on sbtest7  (cost=0.43..411.34 rows=103 width=125)
	  Index Cond: ((id >= 2697313) AND (id <= 2697413))

table 8 : explain SELECT id, c FROM sbtest8 WHERE id BETWEEN 2697313 AND 2697413
	Index Scan using sbtest8_pkey on sbtest8  (cost=0.43..403.75 rows=101 width=125)
	  Index Cond: ((id >= 2697313) AND (id <= 2697413))

for range-notcovered
table 1 : explain SELECT id, c FROM sbtest1 WHERE id BETWEEN 6983367 AND 6983467
	Index Scan using sbtest1_pkey on sbtest1  (cost=0.43..373.49 rows=93 width=125)
	  Index Cond: ((id >= 6983367) AND (id <= 6983467))

table 2 : explain SELECT id, c FROM sbtest2 WHERE id BETWEEN 6983367 AND 6983467
	Index Scan using sbtest2_pkey on sbtest2  (cost=0.43..357.69 rows=89 width=125)
	  Index Cond: ((id >= 6983367) AND (id <= 6983467))

table 3 : explain SELECT id, c FROM sbtest3 WHERE id BETWEEN 6983367 AND 6983467
	Index Scan using sbtest3_pkey on sbtest3  (cost=0.43..393.19 rows=98 width=125)
	  Index Cond: ((id >= 6983367) AND (id <= 6983467))

table 4 : explain SELECT id, c FROM sbtest4 WHERE id BETWEEN 6983367 AND 6983467
	Index Scan using sbtest4_pkey on sbtest4  (cost=0.43..447.71 rows=112 width=125)
	  Index Cond: ((id >= 6983367) AND (id <= 6983467))

table 5 : explain SELECT id, c FROM sbtest5 WHERE id BETWEEN 6983367 AND 6983467
	Index Scan using sbtest5_pkey on sbtest5  (cost=0.43..400.04 rows=100 width=125)
	  Index Cond: ((id >= 6983367) AND (id <= 6983467))

table 6 : explain SELECT id, c FROM sbtest6 WHERE id BETWEEN 6983367 AND 6983467
	Index Scan using sbtest6_pkey on sbtest6  (cost=0.43..415.59 rows=104 width=125)
	  Index Cond: ((id >= 6983367) AND (id <= 6983467))

table 7 : explain SELECT id, c FROM sbtest7 WHERE id BETWEEN 6983367 AND 6983467
	Index Scan using sbtest7_pkey on sbtest7  (cost=0.43..419.24 rows=105 width=125)
	  Index Cond: ((id >= 6983367) AND (id <= 6983467))

table 8 : explain SELECT id, c FROM sbtest8 WHERE id BETWEEN 6983367 AND 6983467
	Index Scan using sbtest8_pkey on sbtest8  (cost=0.43..423.52 rows=106 width=125)
	  Index Cond: ((id >= 6983367) AND (id <= 6983467))

explain: for range-notcovered :: explain SELECT id, c FROM sbtest%d WHERE id BETWEEN 2697313 AND 2697413
for range-notcovered
table 1 : explain SELECT id, c FROM sbtest1 WHERE id BETWEEN 4647503 AND 4647603
	Index Scan using sbtest1_pkey on sbtest1  (cost=0.43..397.29 rows=99 width=125)
	  Index Cond: ((id >= 4647503) AND (id <= 4647603))

table 2 : explain SELECT id, c FROM sbtest2 WHERE id BETWEEN 4647503 AND 4647603
	Index Scan using sbtest2_pkey on sbtest2  (cost=0.43..389.43 rows=97 width=125)
	  Index Cond: ((id >= 4647503) AND (id <= 4647603))

table 3 : explain SELECT id, c FROM sbtest3 WHERE id BETWEEN 4647503 AND 4647603
	Index Scan using sbtest3_pkey on sbtest3  (cost=0.43..385.25 rows=96 width=125)
	  Index Cond: ((id >= 4647503) AND (id <= 4647603))

table 4 : explain SELECT id, c FROM sbtest4 WHERE id BETWEEN 4647503 AND 4647603
	Index Scan using sbtest4_pkey on sbtest4  (cost=0.43..400.23 rows=100 width=125)
	  Index Cond: ((id >= 4647503) AND (id <= 4647603))

table 5 : explain SELECT id, c FROM sbtest5 WHERE id BETWEEN 4647503 AND 4647603
	Index Scan using sbtest5_pkey on sbtest5  (cost=0.43..415.86 rows=104 width=125)
	  Index Cond: ((id >= 4647503) AND (id <= 4647603))

table 6 : explain SELECT id, c FROM sbtest6 WHERE id BETWEEN 4647503 AND 4647603
	Index Scan using sbtest6_pkey on sbtest6  (cost=0.43..395.83 rows=99 width=125)
	  Index Cond: ((id >= 4647503) AND (id <= 4647603))

table 7 : explain SELECT id, c FROM sbtest7 WHERE id BETWEEN 4647503 AND 4647603
	Index Scan using sbtest7_pkey on sbtest7  (cost=0.43..435.04 rows=109 width=125)
	  Index Cond: ((id >= 4647503) AND (id <= 4647603))

table 8 : explain SELECT id, c FROM sbtest8 WHERE id BETWEEN 4647503 AND 4647603
	Index Scan using sbtest8_pkey on sbtest8  (cost=0.43..407.71 rows=102 width=125)
	  Index Cond: ((id >= 4647503) AND (id <= 4647603))

for range-notcovered
table 1 : explain SELECT id, c FROM sbtest1 WHERE id BETWEEN 6668346 AND 6668446
	Index Scan using sbtest1_pkey on sbtest1  (cost=0.43..397.29 rows=99 width=125)
	  Index Cond: ((id >= 6668346) AND (id <= 6668446))

table 2 : explain SELECT id, c FROM sbtest2 WHERE id BETWEEN 6668346 AND 6668446
	Index Scan using sbtest2_pkey on sbtest2  (cost=0.43..417.22 rows=104 width=125)
	  Index Cond: ((id >= 6668346) AND (id <= 6668446))

table 3 : explain SELECT id, c FROM sbtest3 WHERE id BETWEEN 6668346 AND 6668446
	Index Scan using sbtest3_pkey on sbtest3  (cost=0.43..397.15 rows=99 width=125)
	  Index Cond: ((id >= 6668346) AND (id <= 6668446))

table 4 : explain SELECT id, c FROM sbtest4 WHERE id BETWEEN 6668346 AND 6668446
	Index Scan using sbtest4_pkey on sbtest4  (cost=0.43..356.68 rows=89 width=125)
	  Index Cond: ((id >= 6668346) AND (id <= 6668446))

table 5 : explain SELECT id, c FROM sbtest5 WHERE id BETWEEN 6668346 AND 6668446
	Index Scan using sbtest5_pkey on sbtest5  (cost=0.43..407.95 rows=102 width=125)
	  Index Cond: ((id >= 6668346) AND (id <= 6668446))

table 6 : explain SELECT id, c FROM sbtest6 WHERE id BETWEEN 6668346 AND 6668446
	Index Scan using sbtest6_pkey on sbtest6  (cost=0.43..376.05 rows=94 width=125)
	  Index Cond: ((id >= 6668346) AND (id <= 6668446))

table 7 : explain SELECT id, c FROM sbtest7 WHERE id BETWEEN 6668346 AND 6668446
	Index Scan using sbtest7_pkey on sbtest7  (cost=0.43..375.78 rows=94 width=125)
	  Index Cond: ((id >= 6668346) AND (id <= 6668446))

table 8 : explain SELECT id, c FROM sbtest8 WHERE id BETWEEN 6668346 AND 6668446
	Index Scan using sbtest8_pkey on sbtest8  (cost=0.43..443.28 rows=111 width=125)
	  Index Cond: ((id >= 6668346) AND (id <= 6668446))

for range-notcovered
table 1 : explain SELECT id, c FROM sbtest1 WHERE id BETWEEN 1152499 AND 1152599
	Index Scan using sbtest1_pkey on sbtest1  (cost=0.43..429.05 rows=107 width=125)
	  Index Cond: ((id >= 1152499) AND (id <= 1152599))

table 2 : explain SELECT id, c FROM sbtest2 WHERE id BETWEEN 1152499 AND 1152599
	Index Scan using sbtest2_pkey on sbtest2  (cost=0.43..401.34 rows=100 width=125)
	  Index Cond: ((id >= 1152499) AND (id <= 1152599))

table 3 : explain SELECT id, c FROM sbtest3 WHERE id BETWEEN 1152499 AND 1152599
	Index Scan using sbtest3_pkey on sbtest3  (cost=0.43..401.12 rows=100 width=125)
	  Index Cond: ((id >= 1152499) AND (id <= 1152599))

table 4 : explain SELECT id, c FROM sbtest4 WHERE id BETWEEN 1152499 AND 1152599
	Index Scan using sbtest4_pkey on sbtest4  (cost=0.43..388.34 rows=97 width=125)
	  Index Cond: ((id >= 1152499) AND (id <= 1152599))

table 5 : explain SELECT id, c FROM sbtest5 WHERE id BETWEEN 1152499 AND 1152599
	Index Scan using sbtest5_pkey on sbtest5  (cost=0.43..403.99 rows=101 width=125)
	  Index Cond: ((id >= 1152499) AND (id <= 1152599))

table 6 : explain SELECT id, c FROM sbtest6 WHERE id BETWEEN 1152499 AND 1152599
	Index Scan using sbtest6_pkey on sbtest6  (cost=0.43..395.83 rows=99 width=125)
	  Index Cond: ((id >= 1152499) AND (id <= 1152599))

table 7 : explain SELECT id, c FROM sbtest7 WHERE id BETWEEN 1152499 AND 1152599
	Index Scan using sbtest7_pkey on sbtest7  (cost=0.43..431.09 rows=108 width=125)
	  Index Cond: ((id >= 1152499) AND (id <= 1152599))

table 8 : explain SELECT id, c FROM sbtest8 WHERE id BETWEEN 1152499 AND 1152599
	Index Scan using sbtest8_pkey on sbtest8  (cost=0.43..415.61 rows=104 width=125)
	  Index Cond: ((id >= 1152499) AND (id <= 1152599))

explain: for range-notcovered :: explain SELECT id, c FROM sbtest%d WHERE id BETWEEN 1152499 AND 1152599
for range-notcovered
table 1 : explain SELECT id, c FROM sbtest1 WHERE id BETWEEN 5787420 AND 5787520
	Index Scan using sbtest1_pkey on sbtest1  (cost=0.43..357.62 rows=89 width=125)
	  Index Cond: ((id >= 5787420) AND (id <= 5787520))

table 2 : explain SELECT id, c FROM sbtest2 WHERE id BETWEEN 5787420 AND 5787520
	Index Scan using sbtest2_pkey on sbtest2  (cost=0.43..385.46 rows=96 width=125)
	  Index Cond: ((id >= 5787420) AND (id <= 5787520))

table 3 : explain SELECT id, c FROM sbtest3 WHERE id BETWEEN 5787420 AND 5787520
	Index Scan using sbtest3_pkey on sbtest3  (cost=0.43..389.22 rows=97 width=125)
	  Index Cond: ((id >= 5787420) AND (id <= 5787520))

table 4 : explain SELECT id, c FROM sbtest4 WHERE id BETWEEN 5787420 AND 5787520
	Index Scan using sbtest4_pkey on sbtest4  (cost=0.43..376.47 rows=94 width=125)
	  Index Cond: ((id >= 5787420) AND (id <= 5787520))

table 5 : explain SELECT id, c FROM sbtest5 WHERE id BETWEEN 5787420 AND 5787520
	Index Scan using sbtest5_pkey on sbtest5  (cost=0.43..423.77 rows=106 width=125)
	  Index Cond: ((id >= 5787420) AND (id <= 5787520))

table 6 : explain SELECT id, c FROM sbtest6 WHERE id BETWEEN 5787420 AND 5787520
	Index Scan using sbtest6_pkey on sbtest6  (cost=0.43..383.95 rows=96 width=125)
	  Index Cond: ((id >= 5787420) AND (id <= 5787520))

table 7 : explain SELECT id, c FROM sbtest7 WHERE id BETWEEN 5787420 AND 5787520
	Index Scan using sbtest7_pkey on sbtest7  (cost=0.43..419.24 rows=105 width=125)
	  Index Cond: ((id >= 5787420) AND (id <= 5787520))

table 8 : explain SELECT id, c FROM sbtest8 WHERE id BETWEEN 5787420 AND 5787520
	Index Scan using sbtest8_pkey on sbtest8  (cost=0.43..380.02 rows=95 width=125)
	  Index Cond: ((id >= 5787420) AND (id <= 5787520))

explain: for range-notcovered :: explain SELECT id, c FROM sbtest%d WHERE id BETWEEN 5787420 AND 5787520
for range-notcovered
table 1 : explain SELECT id, c FROM sbtest1 WHERE id BETWEEN 2697313 AND 2697413
	Index Scan using sbtest1_pkey on sbtest1  (cost=0.43..397.29 rows=99 width=125)
	  Index Cond: ((id >= 2697313) AND (id <= 2697413))

table 2 : explain SELECT id, c FROM sbtest2 WHERE id BETWEEN 2697313 AND 2697413
	Index Scan using sbtest2_pkey on sbtest2  (cost=0.43..401.35 rows=100 width=125)
	  Index Cond: ((id >= 2697313) AND (id <= 2697413))

table 3 : explain SELECT id, c FROM sbtest3 WHERE id BETWEEN 2697313 AND 2697413
	Index Scan using sbtest3_pkey on sbtest3  (cost=0.43..397.15 rows=99 width=125)
	  Index Cond: ((id >= 2697313) AND (id <= 2697413))

table 4 : explain SELECT id, c FROM sbtest4 WHERE id BETWEEN 2697313 AND 2697413
	Index Scan using sbtest4_pkey on sbtest4  (cost=0.43..423.97 rows=106 width=125)
	  Index Cond: ((id >= 2697313) AND (id <= 2697413))

table 5 : explain SELECT id, c FROM sbtest5 WHERE id BETWEEN 2697313 AND 2697413
	Index Scan using sbtest5_pkey on sbtest5  (cost=0.43..407.95 rows=102 width=125)
	  Index Cond: ((id >= 2697313) AND (id <= 2697413))

table 6 : explain SELECT id, c FROM sbtest6 WHERE id BETWEEN 2697313 AND 2697413
	Index Scan using sbtest6_pkey on sbtest6  (cost=0.43..419.54 rows=105 width=125)
	  Index Cond: ((id >= 2697313) AND (id <= 2697413))

table 7 : explain SELECT id, c FROM sbtest7 WHERE id BETWEEN 2697313 AND 2697413
	Index Scan using sbtest7_pkey on sbtest7  (cost=0.43..411.34 rows=103 width=125)
	  Index Cond: ((id >= 2697313) AND (id <= 2697413))

table 8 : explain SELECT id, c FROM sbtest8 WHERE id BETWEEN 2697313 AND 2697413
	Index Scan using sbtest8_pkey on sbtest8  (cost=0.43..403.75 rows=101 width=125)
	  Index Cond: ((id >= 2697313) AND (id <= 2697413))

explain: for range-notcovered :: explain SELECT id, c FROM sbtest%d WHERE id BETWEEN 3421360 AND 3421460
explain: for range-notcovered :: explain SELECT id, c FROM sbtest%d WHERE id BETWEEN 2697313 AND 2697413
for range-notcovered
table 1 : explain SELECT id, c FROM sbtest1 WHERE id BETWEEN 1152499 AND 1152599
	Index Scan using sbtest1_pkey on sbtest1  (cost=0.43..429.05 rows=107 width=125)
	  Index Cond: ((id >= 1152499) AND (id <= 1152599))

table 2 : explain SELECT id, c FROM sbtest2 WHERE id BETWEEN 1152499 AND 1152599
	Index Scan using sbtest2_pkey on sbtest2  (cost=0.43..401.34 rows=100 width=125)
	  Index Cond: ((id >= 1152499) AND (id <= 1152599))

table 3 : explain SELECT id, c FROM sbtest3 WHERE id BETWEEN 1152499 AND 1152599
	Index Scan using sbtest3_pkey on sbtest3  (cost=0.43..401.12 rows=100 width=125)
	  Index Cond: ((id >= 1152499) AND (id <= 1152599))

table 4 : explain SELECT id, c FROM sbtest4 WHERE id BETWEEN 1152499 AND 1152599
	Index Scan using sbtest4_pkey on sbtest4  (cost=0.43..388.34 rows=97 width=125)
	  Index Cond: ((id >= 1152499) AND (id <= 1152599))

table 5 : explain SELECT id, c FROM sbtest5 WHERE id BETWEEN 1152499 AND 1152599
	Index Scan using sbtest5_pkey on sbtest5  (cost=0.43..403.99 rows=101 width=125)
	  Index Cond: ((id >= 1152499) AND (id <= 1152599))

table 6 : explain SELECT id, c FROM sbtest6 WHERE id BETWEEN 1152499 AND 1152599
	Index Scan using sbtest6_pkey on sbtest6  (cost=0.43..395.83 rows=99 width=125)
	  Index Cond: ((id >= 1152499) AND (id <= 1152599))

table 7 : explain SELECT id, c FROM sbtest7 WHERE id BETWEEN 1152499 AND 1152599
	Index Scan using sbtest7_pkey on sbtest7  (cost=0.43..431.09 rows=108 width=125)
	  Index Cond: ((id >= 1152499) AND (id <= 1152599))

table 8 : explain SELECT id, c FROM sbtest8 WHERE id BETWEEN 1152499 AND 1152599
	Index Scan using sbtest8_pkey on sbtest8  (cost=0.43..415.61 rows=104 width=125)
	  Index Cond: ((id >= 1152499) AND (id <= 1152599))

explain: for range-notcovered :: explain SELECT id, c FROM sbtest%d WHERE id BETWEEN 1152499 AND 1152599
for range-notcovered
table 1 : explain SELECT id, c FROM sbtest1 WHERE id BETWEEN 5787420 AND 5787520
	Index Scan using sbtest1_pkey on sbtest1  (cost=0.43..357.62 rows=89 width=125)
	  Index Cond: ((id >= 5787420) AND (id <= 5787520))

table 2 : explain SELECT id, c FROM sbtest2 WHERE id BETWEEN 5787420 AND 5787520
	Index Scan using sbtest2_pkey on sbtest2  (cost=0.43..385.46 rows=96 width=125)
	  Index Cond: ((id >= 5787420) AND (id <= 5787520))

table 3 : explain SELECT id, c FROM sbtest3 WHERE id BETWEEN 5787420 AND 5787520
	Index Scan using sbtest3_pkey on sbtest3  (cost=0.43..389.22 rows=97 width=125)
	  Index Cond: ((id >= 5787420) AND (id <= 5787520))

table 4 : explain SELECT id, c FROM sbtest4 WHERE id BETWEEN 5787420 AND 5787520
	Index Scan using sbtest4_pkey on sbtest4  (cost=0.43..376.47 rows=94 width=125)
	  Index Cond: ((id >= 5787420) AND (id <= 5787520))

table 5 : explain SELECT id, c FROM sbtest5 WHERE id BETWEEN 5787420 AND 5787520
	Index Scan using sbtest5_pkey on sbtest5  (cost=0.43..423.77 rows=106 width=125)
	  Index Cond: ((id >= 5787420) AND (id <= 5787520))

table 6 : explain SELECT id, c FROM sbtest6 WHERE id BETWEEN 5787420 AND 5787520
	Index Scan using sbtest6_pkey on sbtest6  (cost=0.43..383.95 rows=96 width=125)
	  Index Cond: ((id >= 5787420) AND (id <= 5787520))

table 7 : explain SELECT id, c FROM sbtest7 WHERE id BETWEEN 5787420 AND 5787520
	Index Scan using sbtest7_pkey on sbtest7  (cost=0.43..419.24 rows=105 width=125)
	  Index Cond: ((id >= 5787420) AND (id <= 5787520))

table 8 : explain SELECT id, c FROM sbtest8 WHERE id BETWEEN 5787420 AND 5787520
	Index Scan using sbtest8_pkey on sbtest8  (cost=0.43..380.02 rows=95 width=125)
	  Index Cond: ((id >= 5787420) AND (id <= 5787520))

for range-notcovered
table 1 : explain SELECT id, c FROM sbtest1 WHERE id BETWEEN 4285639 AND 4285739
	Index Scan using sbtest1_pkey on sbtest1  (cost=0.43..377.46 rows=94 width=125)
	  Index Cond: ((id >= 4285639) AND (id <= 4285739))

table 2 : explain SELECT id, c FROM sbtest2 WHERE id BETWEEN 4285639 AND 4285739
	Index Scan using sbtest2_pkey on sbtest2  (cost=0.43..401.34 rows=100 width=125)
	  Index Cond: ((id >= 4285639) AND (id <= 4285739))

table 3 : explain SELECT id, c FROM sbtest3 WHERE id BETWEEN 4285639 AND 4285739
	Index Scan using sbtest3_pkey on sbtest3  (cost=0.43..432.86 rows=108 width=125)
	  Index Cond: ((id >= 4285639) AND (id <= 4285739))

table 4 : explain SELECT id, c FROM sbtest4 WHERE id BETWEEN 4285639 AND 4285739
	Index Scan using sbtest4_pkey on sbtest4  (cost=0.43..423.97 rows=106 width=125)
	  Index Cond: ((id >= 4285639) AND (id <= 4285739))

table 5 : explain SELECT id, c FROM sbtest5 WHERE id BETWEEN 4285639 AND 4285739
	Index Scan using sbtest5_pkey on sbtest5  (cost=0.43..400.04 rows=100 width=125)
	  Index Cond: ((id >= 4285639) AND (id <= 4285739))

table 6 : explain SELECT id, c FROM sbtest6 WHERE id BETWEEN 4285639 AND 4285739
	Index Scan using sbtest6_pkey on sbtest6  (cost=0.43..419.54 rows=105 width=125)
	  Index Cond: ((id >= 4285639) AND (id <= 4285739))

table 7 : explain SELECT id, c FROM sbtest7 WHERE id BETWEEN 4285639 AND 4285739
	Index Scan using sbtest7_pkey on sbtest7  (cost=0.43..419.24 rows=105 width=125)
	  Index Cond: ((id >= 4285639) AND (id <= 4285739))

table 8 : explain SELECT id, c FROM sbtest8 WHERE id BETWEEN 4285639 AND 4285739
	Index Scan using sbtest8_pkey on sbtest8  (cost=0.43..387.94 rows=97 width=125)
	  Index Cond: ((id >= 4285639) AND (id <= 4285739))

explain: for range-notcovered :: explain SELECT id, c FROM sbtest%d WHERE id BETWEEN 5787420 AND 5787520
explain: for range-notcovered :: explain SELECT id, c FROM sbtest%d WHERE id BETWEEN 4285639 AND 4285739
explain: for range-notcovered :: explain SELECT id, c FROM sbtest%d WHERE id BETWEEN 8452532 AND 8452632
for range-notcovered
table 1 : explain SELECT id, c FROM sbtest1 WHERE id BETWEEN 1152499 AND 1152599
	Index Scan using sbtest1_pkey on sbtest1  (cost=0.43..429.05 rows=107 width=125)
	  Index Cond: ((id >= 1152499) AND (id <= 1152599))

table 2 : explain SELECT id, c FROM sbtest2 WHERE id BETWEEN 1152499 AND 1152599
	Index Scan using sbtest2_pkey on sbtest2  (cost=0.43..401.34 rows=100 width=125)
	  Index Cond: ((id >= 1152499) AND (id <= 1152599))

table 3 : explain SELECT id, c FROM sbtest3 WHERE id BETWEEN 1152499 AND 1152599
	Index Scan using sbtest3_pkey on sbtest3  (cost=0.43..401.12 rows=100 width=125)
	  Index Cond: ((id >= 1152499) AND (id <= 1152599))

table 4 : explain SELECT id, c FROM sbtest4 WHERE id BETWEEN 1152499 AND 1152599
	Index Scan using sbtest4_pkey on sbtest4  (cost=0.43..388.34 rows=97 width=125)
	  Index Cond: ((id >= 1152499) AND (id <= 1152599))

table 5 : explain SELECT id, c FROM sbtest5 WHERE id BETWEEN 1152499 AND 1152599
	Index Scan using sbtest5_pkey on sbtest5  (cost=0.43..403.99 rows=101 width=125)
	  Index Cond: ((id >= 1152499) AND (id <= 1152599))

table 6 : explain SELECT id, c FROM sbtest6 WHERE id BETWEEN 1152499 AND 1152599
	Index Scan using sbtest6_pkey on sbtest6  (cost=0.43..395.83 rows=99 width=125)
	  Index Cond: ((id >= 1152499) AND (id <= 1152599))

table 7 : explain SELECT id, c FROM sbtest7 WHERE id BETWEEN 1152499 AND 1152599
	Index Scan using sbtest7_pkey on sbtest7  (cost=0.43..431.09 rows=108 width=125)
	  Index Cond: ((id >= 1152499) AND (id <= 1152599))

table 8 : explain SELECT id, c FROM sbtest8 WHERE id BETWEEN 1152499 AND 1152599
	Index Scan using sbtest8_pkey on sbtest8  (cost=0.43..415.61 rows=104 width=125)
	  Index Cond: ((id >= 1152499) AND (id <= 1152599))

explain: for range-notcovered :: explain SELECT id, c FROM sbtest%d WHERE id BETWEEN 1152499 AND 1152599
for range-notcovered
table 1 : explain SELECT id, c FROM sbtest1 WHERE id BETWEEN 5787420 AND 5787520
	Index Scan using sbtest1_pkey on sbtest1  (cost=0.43..357.62 rows=89 width=125)
	  Index Cond: ((id >= 5787420) AND (id <= 5787520))

table 2 : explain SELECT id, c FROM sbtest2 WHERE id BETWEEN 5787420 AND 5787520
	Index Scan using sbtest2_pkey on sbtest2  (cost=0.43..385.46 rows=96 width=125)
	  Index Cond: ((id >= 5787420) AND (id <= 5787520))

table 3 : explain SELECT id, c FROM sbtest3 WHERE id BETWEEN 5787420 AND 5787520
	Index Scan using sbtest3_pkey on sbtest3  (cost=0.43..389.22 rows=97 width=125)
	  Index Cond: ((id >= 5787420) AND (id <= 5787520))

table 4 : explain SELECT id, c FROM sbtest4 WHERE id BETWEEN 5787420 AND 5787520
	Index Scan using sbtest4_pkey on sbtest4  (cost=0.43..376.47 rows=94 width=125)
	  Index Cond: ((id >= 5787420) AND (id <= 5787520))

table 5 : explain SELECT id, c FROM sbtest5 WHERE id BETWEEN 5787420 AND 5787520
	Index Scan using sbtest5_pkey on sbtest5  (cost=0.43..423.77 rows=106 width=125)
	  Index Cond: ((id >= 5787420) AND (id <= 5787520))

table 6 : explain SELECT id, c FROM sbtest6 WHERE id BETWEEN 5787420 AND 5787520
	Index Scan using sbtest6_pkey on sbtest6  (cost=0.43..383.95 rows=96 width=125)
	  Index Cond: ((id >= 5787420) AND (id <= 5787520))

table 7 : explain SELECT id, c FROM sbtest7 WHERE id BETWEEN 5787420 AND 5787520
	Index Scan using sbtest7_pkey on sbtest7  (cost=0.43..419.24 rows=105 width=125)
	  Index Cond: ((id >= 5787420) AND (id <= 5787520))

table 8 : explain SELECT id, c FROM sbtest8 WHERE id BETWEEN 5787420 AND 5787520
	Index Scan using sbtest8_pkey on sbtest8  (cost=0.43..380.02 rows=95 width=125)
	  Index Cond: ((id >= 5787420) AND (id <= 5787520))

for range-notcovered
table 1 : explain SELECT id, c FROM sbtest1 WHERE id BETWEEN 2697313 AND 2697413
	Index Scan using sbtest1_pkey on sbtest1  (cost=0.43..397.29 rows=99 width=125)
	  Index Cond: ((id >= 2697313) AND (id <= 2697413))

table 2 : explain SELECT id, c FROM sbtest2 WHERE id BETWEEN 2697313 AND 2697413
	Index Scan using sbtest2_pkey on sbtest2  (cost=0.43..401.35 rows=100 width=125)
	  Index Cond: ((id >= 2697313) AND (id <= 2697413))

table 3 : explain SELECT id, c FROM sbtest3 WHERE id BETWEEN 2697313 AND 2697413
	Index Scan using sbtest3_pkey on sbtest3  (cost=0.43..397.15 rows=99 width=125)
	  Index Cond: ((id >= 2697313) AND (id <= 2697413))

table 4 : explain SELECT id, c FROM sbtest4 WHERE id BETWEEN 2697313 AND 2697413
	Index Scan using sbtest4_pkey on sbtest4  (cost=0.43..423.97 rows=106 width=125)
	  Index Cond: ((id >= 2697313) AND (id <= 2697413))

table 5 : explain SELECT id, c FROM sbtest5 WHERE id BETWEEN 2697313 AND 2697413
	Index Scan using sbtest5_pkey on sbtest5  (cost=0.43..407.95 rows=102 width=125)
	  Index Cond: ((id >= 2697313) AND (id <= 2697413))

table 6 : explain SELECT id, c FROM sbtest6 WHERE id BETWEEN 2697313 AND 2697413
	Index Scan using sbtest6_pkey on sbtest6  (cost=0.43..419.54 rows=105 width=125)
	  Index Cond: ((id >= 2697313) AND (id <= 2697413))

table 7 : explain SELECT id, c FROM sbtest7 WHERE id BETWEEN 2697313 AND 2697413
	Index Scan using sbtest7_pkey on sbtest7  (cost=0.43..411.34 rows=103 width=125)
	  Index Cond: ((id >= 2697313) AND (id <= 2697413))

table 8 : explain SELECT id, c FROM sbtest8 WHERE id BETWEEN 2697313 AND 2697413
	Index Scan using sbtest8_pkey on sbtest8  (cost=0.43..403.75 rows=101 width=125)
	  Index Cond: ((id >= 2697313) AND (id <= 2697413))

explain: for range-notcovered :: explain SELECT id, c FROM sbtest%d WHERE id BETWEEN 2697313 AND 2697413
for range-notcovered
table 1 : explain SELECT id, c FROM sbtest1 WHERE id BETWEEN 1152499 AND 1152599
	Index Scan using sbtest1_pkey on sbtest1  (cost=0.43..429.05 rows=107 width=125)
	  Index Cond: ((id >= 1152499) AND (id <= 1152599))

table 2 : explain SELECT id, c FROM sbtest2 WHERE id BETWEEN 1152499 AND 1152599
	Index Scan using sbtest2_pkey on sbtest2  (cost=0.43..401.34 rows=100 width=125)
	  Index Cond: ((id >= 1152499) AND (id <= 1152599))

table 3 : explain SELECT id, c FROM sbtest3 WHERE id BETWEEN 1152499 AND 1152599
	Index Scan using sbtest3_pkey on sbtest3  (cost=0.43..401.12 rows=100 width=125)
	  Index Cond: ((id >= 1152499) AND (id <= 1152599))

table 4 : explain SELECT id, c FROM sbtest4 WHERE id BETWEEN 1152499 AND 1152599
	Index Scan using sbtest4_pkey on sbtest4  (cost=0.43..388.34 rows=97 width=125)
	  Index Cond: ((id >= 1152499) AND (id <= 1152599))

table 5 : explain SELECT id, c FROM sbtest5 WHERE id BETWEEN 1152499 AND 1152599
	Index Scan using sbtest5_pkey on sbtest5  (cost=0.43..403.99 rows=101 width=125)
	  Index Cond: ((id >= 1152499) AND (id <= 1152599))

table 6 : explain SELECT id, c FROM sbtest6 WHERE id BETWEEN 1152499 AND 1152599
	Index Scan using sbtest6_pkey on sbtest6  (cost=0.43..395.83 rows=99 width=125)
	  Index Cond: ((id >= 1152499) AND (id <= 1152599))

table 7 : explain SELECT id, c FROM sbtest7 WHERE id BETWEEN 1152499 AND 1152599
	Index Scan using sbtest7_pkey on sbtest7  (cost=0.43..431.09 rows=108 width=125)
	  Index Cond: ((id >= 1152499) AND (id <= 1152599))

table 8 : explain SELECT id, c FROM sbtest8 WHERE id BETWEEN 1152499 AND 1152599
	Index Scan using sbtest8_pkey on sbtest8  (cost=0.43..415.61 rows=104 width=125)
	  Index Cond: ((id >= 1152499) AND (id <= 1152599))

for range-notcovered
table 1 : explain SELECT id, c FROM sbtest1 WHERE id BETWEEN 4285639 AND 4285739
	Index Scan using sbtest1_pkey on sbtest1  (cost=0.43..377.46 rows=94 width=125)
	  Index Cond: ((id >= 4285639) AND (id <= 4285739))

table 2 : explain SELECT id, c FROM sbtest2 WHERE id BETWEEN 4285639 AND 4285739
	Index Scan using sbtest2_pkey on sbtest2  (cost=0.43..401.34 rows=100 width=125)
	  Index Cond: ((id >= 4285639) AND (id <= 4285739))

table 3 : explain SELECT id, c FROM sbtest3 WHERE id BETWEEN 4285639 AND 4285739
	Index Scan using sbtest3_pkey on sbtest3  (cost=0.43..432.86 rows=108 width=125)
	  Index Cond: ((id >= 4285639) AND (id <= 4285739))

table 4 : explain SELECT id, c FROM sbtest4 WHERE id BETWEEN 4285639 AND 4285739
	Index Scan using sbtest4_pkey on sbtest4  (cost=0.43..423.97 rows=106 width=125)
	  Index Cond: ((id >= 4285639) AND (id <= 4285739))

table 5 : explain SELECT id, c FROM sbtest5 WHERE id BETWEEN 4285639 AND 4285739
	Index Scan using sbtest5_pkey on sbtest5  (cost=0.43..400.04 rows=100 width=125)
	  Index Cond: ((id >= 4285639) AND (id <= 4285739))

table 6 : explain SELECT id, c FROM sbtest6 WHERE id BETWEEN 4285639 AND 4285739
	Index Scan using sbtest6_pkey on sbtest6  (cost=0.43..419.54 rows=105 width=125)
	  Index Cond: ((id >= 4285639) AND (id <= 4285739))

table 7 : explain SELECT id, c FROM sbtest7 WHERE id BETWEEN 4285639 AND 4285739
	Index Scan using sbtest7_pkey on sbtest7  (cost=0.43..419.24 rows=105 width=125)
	  Index Cond: ((id >= 4285639) AND (id <= 4285739))

table 8 : explain SELECT id, c FROM sbtest8 WHERE id BETWEEN 4285639 AND 4285739
	Index Scan using sbtest8_pkey on sbtest8  (cost=0.43..387.94 rows=97 width=125)
	  Index Cond: ((id >= 4285639) AND (id <= 4285739))

explain: for range-notcovered :: explain SELECT id, c FROM sbtest%d WHERE id BETWEEN 1152499 AND 1152599
explain: for range-notcovered :: explain SELECT id, c FROM sbtest%d WHERE id BETWEEN 4285639 AND 4285739
explain: for range-notcovered :: explain SELECT id, c FROM sbtest%d WHERE id BETWEEN 1433999 AND 1434099
explain: for range-notcovered :: explain SELECT id, c FROM sbtest%d WHERE id BETWEEN 7547422 AND 7547522
for range-notcovered
table 1 : explain SELECT id, c FROM sbtest1 WHERE id BETWEEN 2697313 AND 2697413
	Index Scan using sbtest1_pkey on sbtest1  (cost=0.43..397.29 rows=99 width=125)
	  Index Cond: ((id >= 2697313) AND (id <= 2697413))

table 2 : explain SELECT id, c FROM sbtest2 WHERE id BETWEEN 2697313 AND 2697413
	Index Scan using sbtest2_pkey on sbtest2  (cost=0.43..401.35 rows=100 width=125)
	  Index Cond: ((id >= 2697313) AND (id <= 2697413))

table 3 : explain SELECT id, c FROM sbtest3 WHERE id BETWEEN 2697313 AND 2697413
	Index Scan using sbtest3_pkey on sbtest3  (cost=0.43..397.15 rows=99 width=125)
	  Index Cond: ((id >= 2697313) AND (id <= 2697413))

table 4 : explain SELECT id, c FROM sbtest4 WHERE id BETWEEN 2697313 AND 2697413
	Index Scan using sbtest4_pkey on sbtest4  (cost=0.43..423.97 rows=106 width=125)
	  Index Cond: ((id >= 2697313) AND (id <= 2697413))

table 5 : explain SELECT id, c FROM sbtest5 WHERE id BETWEEN 2697313 AND 2697413
	Index Scan using sbtest5_pkey on sbtest5  (cost=0.43..407.95 rows=102 width=125)
	  Index Cond: ((id >= 2697313) AND (id <= 2697413))

table 6 : explain SELECT id, c FROM sbtest6 WHERE id BETWEEN 2697313 AND 2697413
	Index Scan using sbtest6_pkey on sbtest6  (cost=0.43..419.54 rows=105 width=125)
	  Index Cond: ((id >= 2697313) AND (id <= 2697413))

table 7 : explain SELECT id, c FROM sbtest7 WHERE id BETWEEN 2697313 AND 2697413
	Index Scan using sbtest7_pkey on sbtest7  (cost=0.43..411.34 rows=103 width=125)
	  Index Cond: ((id >= 2697313) AND (id <= 2697413))

table 8 : explain SELECT id, c FROM sbtest8 WHERE id BETWEEN 2697313 AND 2697413
	Index Scan using sbtest8_pkey on sbtest8  (cost=0.43..403.75 rows=101 width=125)
	  Index Cond: ((id >= 2697313) AND (id <= 2697413))

for range-notcovered
table 1 : explain SELECT id, c FROM sbtest1 WHERE id BETWEEN 1152499 AND 1152599
	Index Scan using sbtest1_pkey on sbtest1  (cost=0.43..429.05 rows=107 width=125)
	  Index Cond: ((id >= 1152499) AND (id <= 1152599))

table 2 : explain SELECT id, c FROM sbtest2 WHERE id BETWEEN 1152499 AND 1152599
	Index Scan using sbtest2_pkey on sbtest2  (cost=0.43..401.34 rows=100 width=125)
	  Index Cond: ((id >= 1152499) AND (id <= 1152599))

table 3 : explain SELECT id, c FROM sbtest3 WHERE id BETWEEN 1152499 AND 1152599
	Index Scan using sbtest3_pkey on sbtest3  (cost=0.43..401.12 rows=100 width=125)
	  Index Cond: ((id >= 1152499) AND (id <= 1152599))

table 4 : explain SELECT id, c FROM sbtest4 WHERE id BETWEEN 1152499 AND 1152599
	Index Scan using sbtest4_pkey on sbtest4  (cost=0.43..388.34 rows=97 width=125)
	  Index Cond: ((id >= 1152499) AND (id <= 1152599))

table 5 : explain SELECT id, c FROM sbtest5 WHERE id BETWEEN 1152499 AND 1152599
	Index Scan using sbtest5_pkey on sbtest5  (cost=0.43..403.99 rows=101 width=125)
	  Index Cond: ((id >= 1152499) AND (id <= 1152599))

table 6 : explain SELECT id, c FROM sbtest6 WHERE id BETWEEN 1152499 AND 1152599
	Index Scan using sbtest6_pkey on sbtest6  (cost=0.43..395.83 rows=99 width=125)
	  Index Cond: ((id >= 1152499) AND (id <= 1152599))

table 7 : explain SELECT id, c FROM sbtest7 WHERE id BETWEEN 1152499 AND 1152599
	Index Scan using sbtest7_pkey on sbtest7  (cost=0.43..431.09 rows=108 width=125)
	  Index Cond: ((id >= 1152499) AND (id <= 1152599))

table 8 : explain SELECT id, c FROM sbtest8 WHERE id BETWEEN 1152499 AND 1152599
	Index Scan using sbtest8_pkey on sbtest8  (cost=0.43..415.61 rows=104 width=125)
	  Index Cond: ((id >= 1152499) AND (id <= 1152599))

explain: for range-notcovered :: explain SELECT id, c FROM sbtest%d WHERE id BETWEEN 1152499 AND 1152599
for range-notcovered
table 1 : explain SELECT id, c FROM sbtest1 WHERE id BETWEEN 4285639 AND 4285739
	Index Scan using sbtest1_pkey on sbtest1  (cost=0.43..377.46 rows=94 width=125)
	  Index Cond: ((id >= 4285639) AND (id <= 4285739))

table 2 : explain SELECT id, c FROM sbtest2 WHERE id BETWEEN 4285639 AND 4285739
	Index Scan using sbtest2_pkey on sbtest2  (cost=0.43..401.34 rows=100 width=125)
	  Index Cond: ((id >= 4285639) AND (id <= 4285739))

table 3 : explain SELECT id, c FROM sbtest3 WHERE id BETWEEN 4285639 AND 4285739
	Index Scan using sbtest3_pkey on sbtest3  (cost=0.43..432.86 rows=108 width=125)
	  Index Cond: ((id >= 4285639) AND (id <= 4285739))

table 4 : explain SELECT id, c FROM sbtest4 WHERE id BETWEEN 4285639 AND 4285739
	Index Scan using sbtest4_pkey on sbtest4  (cost=0.43..423.97 rows=106 width=125)
	  Index Cond: ((id >= 4285639) AND (id <= 4285739))

table 5 : explain SELECT id, c FROM sbtest5 WHERE id BETWEEN 4285639 AND 4285739
	Index Scan using sbtest5_pkey on sbtest5  (cost=0.43..400.04 rows=100 width=125)
	  Index Cond: ((id >= 4285639) AND (id <= 4285739))

table 6 : explain SELECT id, c FROM sbtest6 WHERE id BETWEEN 4285639 AND 4285739
	Index Scan using sbtest6_pkey on sbtest6  (cost=0.43..419.54 rows=105 width=125)
	  Index Cond: ((id >= 4285639) AND (id <= 4285739))

table 7 : explain SELECT id, c FROM sbtest7 WHERE id BETWEEN 4285639 AND 4285739
	Index Scan using sbtest7_pkey on sbtest7  (cost=0.43..419.24 rows=105 width=125)
	  Index Cond: ((id >= 4285639) AND (id <= 4285739))

table 8 : explain SELECT id, c FROM sbtest8 WHERE id BETWEEN 4285639 AND 4285739
	Index Scan using sbtest8_pkey on sbtest8  (cost=0.43..387.94 rows=97 width=125)
	  Index Cond: ((id >= 4285639) AND (id <= 4285739))

explain: for range-notcovered :: explain SELECT id, c FROM sbtest%d WHERE id BETWEEN 7122570 AND 7122670
explain: for range-notcovered :: explain SELECT id, c FROM sbtest%d WHERE id BETWEEN 4285639 AND 4285739
for range-notcovered
table 1 : explain SELECT id, c FROM sbtest1 WHERE id BETWEEN 1152499 AND 1152599
	Index Scan using sbtest1_pkey on sbtest1  (cost=0.43..429.05 rows=107 width=125)
	  Index Cond: ((id >= 1152499) AND (id <= 1152599))

table 2 : explain SELECT id, c FROM sbtest2 WHERE id BETWEEN 1152499 AND 1152599
	Index Scan using sbtest2_pkey on sbtest2  (cost=0.43..401.34 rows=100 width=125)
	  Index Cond: ((id >= 1152499) AND (id <= 1152599))

table 3 : explain SELECT id, c FROM sbtest3 WHERE id BETWEEN 1152499 AND 1152599
	Index Scan using sbtest3_pkey on sbtest3  (cost=0.43..401.12 rows=100 width=125)
	  Index Cond: ((id >= 1152499) AND (id <= 1152599))

table 4 : explain SELECT id, c FROM sbtest4 WHERE id BETWEEN 1152499 AND 1152599
	Index Scan using sbtest4_pkey on sbtest4  (cost=0.43..388.34 rows=97 width=125)
	  Index Cond: ((id >= 1152499) AND (id <= 1152599))

table 5 : explain SELECT id, c FROM sbtest5 WHERE id BETWEEN 1152499 AND 1152599
	Index Scan using sbtest5_pkey on sbtest5  (cost=0.43..403.99 rows=101 width=125)
	  Index Cond: ((id >= 1152499) AND (id <= 1152599))

table 6 : explain SELECT id, c FROM sbtest6 WHERE id BETWEEN 1152499 AND 1152599
	Index Scan using sbtest6_pkey on sbtest6  (cost=0.43..395.83 rows=99 width=125)
	  Index Cond: ((id >= 1152499) AND (id <= 1152599))

table 7 : explain SELECT id, c FROM sbtest7 WHERE id BETWEEN 1152499 AND 1152599
	Index Scan using sbtest7_pkey on sbtest7  (cost=0.43..431.09 rows=108 width=125)
	  Index Cond: ((id >= 1152499) AND (id <= 1152599))

table 8 : explain SELECT id, c FROM sbtest8 WHERE id BETWEEN 1152499 AND 1152599
	Index Scan using sbtest8_pkey on sbtest8  (cost=0.43..415.61 rows=104 width=125)
	  Index Cond: ((id >= 1152499) AND (id <= 1152599))

for range-notcovered
table 1 : explain SELECT id, c FROM sbtest1 WHERE id BETWEEN 4285639 AND 4285739
	Index Scan using sbtest1_pkey on sbtest1  (cost=0.43..377.46 rows=94 width=125)
	  Index Cond: ((id >= 4285639) AND (id <= 4285739))

table 2 : explain SELECT id, c FROM sbtest2 WHERE id BETWEEN 4285639 AND 4285739
	Index Scan using sbtest2_pkey on sbtest2  (cost=0.43..401.34 rows=100 width=125)
	  Index Cond: ((id >= 4285639) AND (id <= 4285739))

table 3 : explain SELECT id, c FROM sbtest3 WHERE id BETWEEN 4285639 AND 4285739
	Index Scan using sbtest3_pkey on sbtest3  (cost=0.43..432.86 rows=108 width=125)
	  Index Cond: ((id >= 4285639) AND (id <= 4285739))

table 4 : explain SELECT id, c FROM sbtest4 WHERE id BETWEEN 4285639 AND 4285739
	Index Scan using sbtest4_pkey on sbtest4  (cost=0.43..423.97 rows=106 width=125)
	  Index Cond: ((id >= 4285639) AND (id <= 4285739))

table 5 : explain SELECT id, c FROM sbtest5 WHERE id BETWEEN 4285639 AND 4285739
	Index Scan using sbtest5_pkey on sbtest5  (cost=0.43..400.04 rows=100 width=125)
	  Index Cond: ((id >= 4285639) AND (id <= 4285739))

table 6 : explain SELECT id, c FROM sbtest6 WHERE id BETWEEN 4285639 AND 4285739
	Index Scan using sbtest6_pkey on sbtest6  (cost=0.43..419.54 rows=105 width=125)
	  Index Cond: ((id >= 4285639) AND (id <= 4285739))

table 7 : explain SELECT id, c FROM sbtest7 WHERE id BETWEEN 4285639 AND 4285739
	Index Scan using sbtest7_pkey on sbtest7  (cost=0.43..419.24 rows=105 width=125)
	  Index Cond: ((id >= 4285639) AND (id <= 4285739))

table 8 : explain SELECT id, c FROM sbtest8 WHERE id BETWEEN 4285639 AND 4285739
	Index Scan using sbtest8_pkey on sbtest8  (cost=0.43..387.94 rows=97 width=125)
	  Index Cond: ((id >= 4285639) AND (id <= 4285739))

explain: for range-notcovered :: explain SELECT id, c FROM sbtest%d WHERE id BETWEEN 4285639 AND 4285739
for range-notcovered
table 1 : explain SELECT id, c FROM sbtest1 WHERE id BETWEEN 8452532 AND 8452632
	Index Scan using sbtest1_pkey on sbtest1  (cost=0.43..440.95 rows=110 width=125)
	  Index Cond: ((id >= 8452532) AND (id <= 8452632))

table 2 : explain SELECT id, c FROM sbtest2 WHERE id BETWEEN 8452532 AND 8452632
	Index Scan using sbtest2_pkey on sbtest2  (cost=0.43..417.22 rows=104 width=125)
	  Index Cond: ((id >= 8452532) AND (id <= 8452632))

table 3 : explain SELECT id, c FROM sbtest3 WHERE id BETWEEN 8452532 AND 8452632
	Index Scan using sbtest3_pkey on sbtest3  (cost=0.43..381.29 rows=95 width=125)
	  Index Cond: ((id >= 8452532) AND (id <= 8452632))

table 4 : explain SELECT id, c FROM sbtest4 WHERE id BETWEEN 8452532 AND 8452632
	Index Scan using sbtest4_pkey on sbtest4  (cost=0.43..412.10 rows=103 width=125)
	  Index Cond: ((id >= 8452532) AND (id <= 8452632))

table 5 : explain SELECT id, c FROM sbtest5 WHERE id BETWEEN 8452532 AND 8452632
	Index Scan using sbtest5_pkey on sbtest5  (cost=0.43..364.43 rows=91 width=125)
	  Index Cond: ((id >= 8452532) AND (id <= 8452632))

table 6 : explain SELECT id, c FROM sbtest6 WHERE id BETWEEN 8452532 AND 8452632
	Index Scan using sbtest6_pkey on sbtest6  (cost=0.43..399.78 rows=100 width=125)
	  Index Cond: ((id >= 8452532) AND (id <= 8452632))

table 7 : explain SELECT id, c FROM sbtest7 WHERE id BETWEEN 8452532 AND 8452632
	Index Scan using sbtest7_pkey on sbtest7  (cost=0.43..403.44 rows=101 width=125)
	  Index Cond: ((id >= 8452532) AND (id <= 8452632))

table 8 : explain SELECT id, c FROM sbtest8 WHERE id BETWEEN 8452532 AND 8452632
	Index Scan using sbtest8_pkey on sbtest8  (cost=0.43..383.97 rows=96 width=125)
	  Index Cond: ((id >= 8452532) AND (id <= 8452632))

explain: for range-notcovered :: explain SELECT id, c FROM sbtest%d WHERE id BETWEEN 8452532 AND 8452632
for range-notcovered
table 1 : explain SELECT id, c FROM sbtest1 WHERE id BETWEEN 4285639 AND 4285739
	Index Scan using sbtest1_pkey on sbtest1  (cost=0.43..377.46 rows=94 width=125)
	  Index Cond: ((id >= 4285639) AND (id <= 4285739))

table 2 : explain SELECT id, c FROM sbtest2 WHERE id BETWEEN 4285639 AND 4285739
	Index Scan using sbtest2_pkey on sbtest2  (cost=0.43..401.34 rows=100 width=125)
	  Index Cond: ((id >= 4285639) AND (id <= 4285739))

table 3 : explain SELECT id, c FROM sbtest3 WHERE id BETWEEN 4285639 AND 4285739
	Index Scan using sbtest3_pkey on sbtest3  (cost=0.43..432.86 rows=108 width=125)
	  Index Cond: ((id >= 4285639) AND (id <= 4285739))

table 4 : explain SELECT id, c FROM sbtest4 WHERE id BETWEEN 4285639 AND 4285739
	Index Scan using sbtest4_pkey on sbtest4  (cost=0.43..423.97 rows=106 width=125)
	  Index Cond: ((id >= 4285639) AND (id <= 4285739))

table 5 : explain SELECT id, c FROM sbtest5 WHERE id BETWEEN 4285639 AND 4285739
	Index Scan using sbtest5_pkey on sbtest5  (cost=0.43..400.04 rows=100 width=125)
	  Index Cond: ((id >= 4285639) AND (id <= 4285739))

table 6 : explain SELECT id, c FROM sbtest6 WHERE id BETWEEN 4285639 AND 4285739
	Index Scan using sbtest6_pkey on sbtest6  (cost=0.43..419.54 rows=105 width=125)
	  Index Cond: ((id >= 4285639) AND (id <= 4285739))

table 7 : explain SELECT id, c FROM sbtest7 WHERE id BETWEEN 4285639 AND 4285739
	Index Scan using sbtest7_pkey on sbtest7  (cost=0.43..419.24 rows=105 width=125)
	  Index Cond: ((id >= 4285639) AND (id <= 4285739))

table 8 : explain SELECT id, c FROM sbtest8 WHERE id BETWEEN 4285639 AND 4285739
	Index Scan using sbtest8_pkey on sbtest8  (cost=0.43..387.94 rows=97 width=125)
	  Index Cond: ((id >= 4285639) AND (id <= 4285739))

explain: for range-notcovered :: explain SELECT id, c FROM sbtest%d WHERE id BETWEEN 4285639 AND 4285739
for range-notcovered
table 1 : explain SELECT id, c FROM sbtest1 WHERE id BETWEEN 3421360 AND 3421460
	Index Scan using sbtest1_pkey on sbtest1  (cost=0.43..385.39 rows=96 width=125)
	  Index Cond: ((id >= 3421360) AND (id <= 3421460))

table 2 : explain SELECT id, c FROM sbtest2 WHERE id BETWEEN 3421360 AND 3421460
	Index Scan using sbtest2_pkey on sbtest2  (cost=0.43..417.22 rows=104 width=125)
	  Index Cond: ((id >= 3421360) AND (id <= 3421460))

table 3 : explain SELECT id, c FROM sbtest3 WHERE id BETWEEN 3421360 AND 3421460
	Index Scan using sbtest3_pkey on sbtest3  (cost=0.43..381.29 rows=95 width=125)
	  Index Cond: ((id >= 3421360) AND (id <= 3421460))

table 4 : explain SELECT id, c FROM sbtest4 WHERE id BETWEEN 3421360 AND 3421460
	Index Scan using sbtest4_pkey on sbtest4  (cost=0.43..416.05 rows=104 width=125)
	  Index Cond: ((id >= 3421360) AND (id <= 3421460))

table 5 : explain SELECT id, c FROM sbtest5 WHERE id BETWEEN 3421360 AND 3421460
	Index Scan using sbtest5_pkey on sbtest5  (cost=0.43..403.99 rows=101 width=125)
	  Index Cond: ((id >= 3421360) AND (id <= 3421460))

table 6 : explain SELECT id, c FROM sbtest6 WHERE id BETWEEN 3421360 AND 3421460
	Index Scan using sbtest6_pkey on sbtest6  (cost=0.43..419.54 rows=105 width=125)
	  Index Cond: ((id >= 3421360) AND (id <= 3421460))

table 7 : explain SELECT id, c FROM sbtest7 WHERE id BETWEEN 3421360 AND 3421460
	Index Scan using sbtest7_pkey on sbtest7  (cost=0.43..387.63 rows=97 width=125)
	  Index Cond: ((id >= 3421360) AND (id <= 3421460))

table 8 : explain SELECT id, c FROM sbtest8 WHERE id BETWEEN 3421360 AND 3421460
	Index Scan using sbtest8_pkey on sbtest8  (cost=0.43..431.42 rows=108 width=125)
	  Index Cond: ((id >= 3421360) AND (id <= 3421460))

explain: for range-notcovered :: explain SELECT id, c FROM sbtest%d WHERE id BETWEEN 3421360 AND 3421460
for range-notcovered
table 1 : explain SELECT id, c FROM sbtest1 WHERE id BETWEEN 8452532 AND 8452632
	Index Scan using sbtest1_pkey on sbtest1  (cost=0.43..440.95 rows=110 width=125)
	  Index Cond: ((id >= 8452532) AND (id <= 8452632))

table 2 : explain SELECT id, c FROM sbtest2 WHERE id BETWEEN 8452532 AND 8452632
	Index Scan using sbtest2_pkey on sbtest2  (cost=0.43..417.22 rows=104 width=125)
	  Index Cond: ((id >= 8452532) AND (id <= 8452632))

table 3 : explain SELECT id, c FROM sbtest3 WHERE id BETWEEN 8452532 AND 8452632
	Index Scan using sbtest3_pkey on sbtest3  (cost=0.43..381.29 rows=95 width=125)
	  Index Cond: ((id >= 8452532) AND (id <= 8452632))

table 4 : explain SELECT id, c FROM sbtest4 WHERE id BETWEEN 8452532 AND 8452632
	Index Scan using sbtest4_pkey on sbtest4  (cost=0.43..412.10 rows=103 width=125)
	  Index Cond: ((id >= 8452532) AND (id <= 8452632))

table 5 : explain SELECT id, c FROM sbtest5 WHERE id BETWEEN 8452532 AND 8452632
	Index Scan using sbtest5_pkey on sbtest5  (cost=0.43..364.43 rows=91 width=125)
	  Index Cond: ((id >= 8452532) AND (id <= 8452632))

table 6 : explain SELECT id, c FROM sbtest6 WHERE id BETWEEN 8452532 AND 8452632
	Index Scan using sbtest6_pkey on sbtest6  (cost=0.43..399.78 rows=100 width=125)
	  Index Cond: ((id >= 8452532) AND (id <= 8452632))

table 7 : explain SELECT id, c FROM sbtest7 WHERE id BETWEEN 8452532 AND 8452632
	Index Scan using sbtest7_pkey on sbtest7  (cost=0.43..403.44 rows=101 width=125)
	  Index Cond: ((id >= 8452532) AND (id <= 8452632))

table 8 : explain SELECT id, c FROM sbtest8 WHERE id BETWEEN 8452532 AND 8452632
	Index Scan using sbtest8_pkey on sbtest8  (cost=0.43..383.97 rows=96 width=125)
	  Index Cond: ((id >= 8452532) AND (id <= 8452632))

explain: for range-notcovered :: explain SELECT id, c FROM sbtest%d WHERE id BETWEEN 8452532 AND 8452632
for range-notcovered
table 1 : explain SELECT id, c FROM sbtest1 WHERE id BETWEEN 1433999 AND 1434099
	Index Scan using sbtest1_pkey on sbtest1  (cost=0.43..397.29 rows=99 width=125)
	  Index Cond: ((id >= 1433999) AND (id <= 1434099))

table 2 : explain SELECT id, c FROM sbtest2 WHERE id BETWEEN 1433999 AND 1434099
	Index Scan using sbtest2_pkey on sbtest2  (cost=0.43..405.32 rows=101 width=125)
	  Index Cond: ((id >= 1433999) AND (id <= 1434099))

table 3 : explain SELECT id, c FROM sbtest3 WHERE id BETWEEN 1433999 AND 1434099
	Index Scan using sbtest3_pkey on sbtest3  (cost=0.43..464.59 rows=116 width=125)
	  Index Cond: ((id >= 1433999) AND (id <= 1434099))

table 4 : explain SELECT id, c FROM sbtest4 WHERE id BETWEEN 1433999 AND 1434099
	Index Scan using sbtest4_pkey on sbtest4  (cost=0.43..380.43 rows=95 width=125)
	  Index Cond: ((id >= 1433999) AND (id <= 1434099))

table 5 : explain SELECT id, c FROM sbtest5 WHERE id BETWEEN 1433999 AND 1434099
	Index Scan using sbtest5_pkey on sbtest5  (cost=0.43..400.04 rows=100 width=125)
	  Index Cond: ((id >= 1433999) AND (id <= 1434099))

table 6 : explain SELECT id, c FROM sbtest6 WHERE id BETWEEN 1433999 AND 1434099
	Index Scan using sbtest6_pkey on sbtest6  (cost=0.43..376.05 rows=94 width=125)
	  Index Cond: ((id >= 1433999) AND (id <= 1434099))

table 7 : explain SELECT id, c FROM sbtest7 WHERE id BETWEEN 1433999 AND 1434099
	Index Scan using sbtest7_pkey on sbtest7  (cost=0.43..367.88 rows=92 width=125)
	  Index Cond: ((id >= 1433999) AND (id <= 1434099))

table 8 : explain SELECT id, c FROM sbtest8 WHERE id BETWEEN 1433999 AND 1434099
	Index Scan using sbtest8_pkey on sbtest8  (cost=0.43..387.93 rows=97 width=125)
	  Index Cond: ((id >= 1433999) AND (id <= 1434099))

explain: for range-notcovered :: explain SELECT id, c FROM sbtest%d WHERE id BETWEEN 1433999 AND 1434099
for range-notcovered
table 1 : explain SELECT id, c FROM sbtest1 WHERE id BETWEEN 4285639 AND 4285739
	Index Scan using sbtest1_pkey on sbtest1  (cost=0.43..377.46 rows=94 width=125)
	  Index Cond: ((id >= 4285639) AND (id <= 4285739))

table 2 : explain SELECT id, c FROM sbtest2 WHERE id BETWEEN 4285639 AND 4285739
	Index Scan using sbtest2_pkey on sbtest2  (cost=0.43..401.34 rows=100 width=125)
	  Index Cond: ((id >= 4285639) AND (id <= 4285739))

table 3 : explain SELECT id, c FROM sbtest3 WHERE id BETWEEN 4285639 AND 4285739
	Index Scan using sbtest3_pkey on sbtest3  (cost=0.43..432.86 rows=108 width=125)
	  Index Cond: ((id >= 4285639) AND (id <= 4285739))

table 4 : explain SELECT id, c FROM sbtest4 WHERE id BETWEEN 4285639 AND 4285739
	Index Scan using sbtest4_pkey on sbtest4  (cost=0.43..423.97 rows=106 width=125)
	  Index Cond: ((id >= 4285639) AND (id <= 4285739))

table 5 : explain SELECT id, c FROM sbtest5 WHERE id BETWEEN 4285639 AND 4285739
	Index Scan using sbtest5_pkey on sbtest5  (cost=0.43..400.04 rows=100 width=125)
	  Index Cond: ((id >= 4285639) AND (id <= 4285739))

table 6 : explain SELECT id, c FROM sbtest6 WHERE id BETWEEN 4285639 AND 4285739
	Index Scan using sbtest6_pkey on sbtest6  (cost=0.43..419.54 rows=105 width=125)
	  Index Cond: ((id >= 4285639) AND (id <= 4285739))

table 7 : explain SELECT id, c FROM sbtest7 WHERE id BETWEEN 4285639 AND 4285739
	Index Scan using sbtest7_pkey on sbtest7  (cost=0.43..419.24 rows=105 width=125)
	  Index Cond: ((id >= 4285639) AND (id <= 4285739))

table 8 : explain SELECT id, c FROM sbtest8 WHERE id BETWEEN 4285639 AND 4285739
	Index Scan using sbtest8_pkey on sbtest8  (cost=0.43..387.94 rows=97 width=125)
	  Index Cond: ((id >= 4285639) AND (id <= 4285739))

for range-notcovered
table 1 : explain SELECT id, c FROM sbtest1 WHERE id BETWEEN 7547422 AND 7547522
	Index Scan using sbtest1_pkey on sbtest1  (cost=0.43..385.39 rows=96 width=125)
	  Index Cond: ((id >= 7547422) AND (id <= 7547522))

table 2 : explain SELECT id, c FROM sbtest2 WHERE id BETWEEN 7547422 AND 7547522
	Index Scan using sbtest2_pkey on sbtest2  (cost=0.43..421.19 rows=105 width=125)
	  Index Cond: ((id >= 7547422) AND (id <= 7547522))

table 3 : explain SELECT id, c FROM sbtest3 WHERE id BETWEEN 7547422 AND 7547522
	Index Scan using sbtest3_pkey on sbtest3  (cost=0.43..393.19 rows=98 width=125)
	  Index Cond: ((id >= 7547422) AND (id <= 7547522))

table 4 : explain SELECT id, c FROM sbtest4 WHERE id BETWEEN 7547422 AND 7547522
	Index Scan using sbtest4_pkey on sbtest4  (cost=0.43..380.43 rows=95 width=125)
	  Index Cond: ((id >= 7547422) AND (id <= 7547522))

table 5 : explain SELECT id, c FROM sbtest5 WHERE id BETWEEN 7547422 AND 7547522
	Index Scan using sbtest5_pkey on sbtest5  (cost=0.43..419.81 rows=105 width=125)
	  Index Cond: ((id >= 7547422) AND (id <= 7547522))

table 6 : explain SELECT id, c FROM sbtest6 WHERE id BETWEEN 7547422 AND 7547522
	Index Scan using sbtest6_pkey on sbtest6  (cost=0.43..395.83 rows=99 width=125)
	  Index Cond: ((id >= 7547422) AND (id <= 7547522))

table 7 : explain SELECT id, c FROM sbtest7 WHERE id BETWEEN 7547422 AND 7547522
	Index Scan using sbtest7_pkey on sbtest7  (cost=0.43..411.34 rows=103 width=125)
	  Index Cond: ((id >= 7547422) AND (id <= 7547522))

table 8 : explain SELECT id, c FROM sbtest8 WHERE id BETWEEN 7547422 AND 7547522
	Index Scan using sbtest8_pkey on sbtest8  (cost=0.43..403.75 rows=101 width=125)
	  Index Cond: ((id >= 7547422) AND (id <= 7547522))

explain: for range-notcovered :: explain SELECT id, c FROM sbtest%d WHERE id BETWEEN 4285639 AND 4285739
explain: for range-notcovered :: explain SELECT id, c FROM sbtest%d WHERE id BETWEEN 7547422 AND 7547522
for range-notcovered
table 1 : explain SELECT id, c FROM sbtest1 WHERE id BETWEEN 3421360 AND 3421460
	Index Scan using sbtest1_pkey on sbtest1  (cost=0.43..385.39 rows=96 width=125)
	  Index Cond: ((id >= 3421360) AND (id <= 3421460))

table 2 : explain SELECT id, c FROM sbtest2 WHERE id BETWEEN 3421360 AND 3421460
	Index Scan using sbtest2_pkey on sbtest2  (cost=0.43..417.22 rows=104 width=125)
	  Index Cond: ((id >= 3421360) AND (id <= 3421460))

table 3 : explain SELECT id, c FROM sbtest3 WHERE id BETWEEN 3421360 AND 3421460
	Index Scan using sbtest3_pkey on sbtest3  (cost=0.43..381.29 rows=95 width=125)
	  Index Cond: ((id >= 3421360) AND (id <= 3421460))

table 4 : explain SELECT id, c FROM sbtest4 WHERE id BETWEEN 3421360 AND 3421460
	Index Scan using sbtest4_pkey on sbtest4  (cost=0.43..416.05 rows=104 width=125)
	  Index Cond: ((id >= 3421360) AND (id <= 3421460))

table 5 : explain SELECT id, c FROM sbtest5 WHERE id BETWEEN 3421360 AND 3421460
	Index Scan using sbtest5_pkey on sbtest5  (cost=0.43..403.99 rows=101 width=125)
	  Index Cond: ((id >= 3421360) AND (id <= 3421460))

table 6 : explain SELECT id, c FROM sbtest6 WHERE id BETWEEN 3421360 AND 3421460
	Index Scan using sbtest6_pkey on sbtest6  (cost=0.43..419.54 rows=105 width=125)
	  Index Cond: ((id >= 3421360) AND (id <= 3421460))

table 7 : explain SELECT id, c FROM sbtest7 WHERE id BETWEEN 3421360 AND 3421460
	Index Scan using sbtest7_pkey on sbtest7  (cost=0.43..387.63 rows=97 width=125)
	  Index Cond: ((id >= 3421360) AND (id <= 3421460))

table 8 : explain SELECT id, c FROM sbtest8 WHERE id BETWEEN 3421360 AND 3421460
	Index Scan using sbtest8_pkey on sbtest8  (cost=0.43..431.42 rows=108 width=125)
	  Index Cond: ((id >= 3421360) AND (id <= 3421460))

explain: for range-notcovered :: explain SELECT id, c FROM sbtest%d WHERE id BETWEEN 3421360 AND 3421460
for range-notcovered
table 1 : explain SELECT id, c FROM sbtest1 WHERE id BETWEEN 8452532 AND 8452632
	Index Scan using sbtest1_pkey on sbtest1  (cost=0.43..440.95 rows=110 width=125)
	  Index Cond: ((id >= 8452532) AND (id <= 8452632))

table 2 : explain SELECT id, c FROM sbtest2 WHERE id BETWEEN 8452532 AND 8452632
	Index Scan using sbtest2_pkey on sbtest2  (cost=0.43..417.22 rows=104 width=125)
	  Index Cond: ((id >= 8452532) AND (id <= 8452632))

table 3 : explain SELECT id, c FROM sbtest3 WHERE id BETWEEN 8452532 AND 8452632
	Index Scan using sbtest3_pkey on sbtest3  (cost=0.43..381.29 rows=95 width=125)
	  Index Cond: ((id >= 8452532) AND (id <= 8452632))

table 4 : explain SELECT id, c FROM sbtest4 WHERE id BETWEEN 8452532 AND 8452632
	Index Scan using sbtest4_pkey on sbtest4  (cost=0.43..412.10 rows=103 width=125)
	  Index Cond: ((id >= 8452532) AND (id <= 8452632))

table 5 : explain SELECT id, c FROM sbtest5 WHERE id BETWEEN 8452532 AND 8452632
	Index Scan using sbtest5_pkey on sbtest5  (cost=0.43..364.43 rows=91 width=125)
	  Index Cond: ((id >= 8452532) AND (id <= 8452632))

table 6 : explain SELECT id, c FROM sbtest6 WHERE id BETWEEN 8452532 AND 8452632
	Index Scan using sbtest6_pkey on sbtest6  (cost=0.43..399.78 rows=100 width=125)
	  Index Cond: ((id >= 8452532) AND (id <= 8452632))

table 7 : explain SELECT id, c FROM sbtest7 WHERE id BETWEEN 8452532 AND 8452632
	Index Scan using sbtest7_pkey on sbtest7  (cost=0.43..403.44 rows=101 width=125)
	  Index Cond: ((id >= 8452532) AND (id <= 8452632))

table 8 : explain SELECT id, c FROM sbtest8 WHERE id BETWEEN 8452532 AND 8452632
	Index Scan using sbtest8_pkey on sbtest8  (cost=0.43..383.97 rows=96 width=125)
	  Index Cond: ((id >= 8452532) AND (id <= 8452632))

explain: for range-notcovered :: explain SELECT id, c FROM sbtest%d WHERE id BETWEEN 8452532 AND 8452632
for range-notcovered
table 1 : explain SELECT id, c FROM sbtest1 WHERE id BETWEEN 1433999 AND 1434099
	Index Scan using sbtest1_pkey on sbtest1  (cost=0.43..397.29 rows=99 width=125)
	  Index Cond: ((id >= 1433999) AND (id <= 1434099))

table 2 : explain SELECT id, c FROM sbtest2 WHERE id BETWEEN 1433999 AND 1434099
	Index Scan using sbtest2_pkey on sbtest2  (cost=0.43..405.32 rows=101 width=125)
	  Index Cond: ((id >= 1433999) AND (id <= 1434099))

table 3 : explain SELECT id, c FROM sbtest3 WHERE id BETWEEN 1433999 AND 1434099
	Index Scan using sbtest3_pkey on sbtest3  (cost=0.43..464.59 rows=116 width=125)
	  Index Cond: ((id >= 1433999) AND (id <= 1434099))

table 4 : explain SELECT id, c FROM sbtest4 WHERE id BETWEEN 1433999 AND 1434099
	Index Scan using sbtest4_pkey on sbtest4  (cost=0.43..380.43 rows=95 width=125)
	  Index Cond: ((id >= 1433999) AND (id <= 1434099))

table 5 : explain SELECT id, c FROM sbtest5 WHERE id BETWEEN 1433999 AND 1434099
	Index Scan using sbtest5_pkey on sbtest5  (cost=0.43..400.04 rows=100 width=125)
	  Index Cond: ((id >= 1433999) AND (id <= 1434099))

table 6 : explain SELECT id, c FROM sbtest6 WHERE id BETWEEN 1433999 AND 1434099
	Index Scan using sbtest6_pkey on sbtest6  (cost=0.43..376.05 rows=94 width=125)
	  Index Cond: ((id >= 1433999) AND (id <= 1434099))

table 7 : explain SELECT id, c FROM sbtest7 WHERE id BETWEEN 1433999 AND 1434099
	Index Scan using sbtest7_pkey on sbtest7  (cost=0.43..367.88 rows=92 width=125)
	  Index Cond: ((id >= 1433999) AND (id <= 1434099))

table 8 : explain SELECT id, c FROM sbtest8 WHERE id BETWEEN 1433999 AND 1434099
	Index Scan using sbtest8_pkey on sbtest8  (cost=0.43..387.93 rows=97 width=125)
	  Index Cond: ((id >= 1433999) AND (id <= 1434099))

explain: for range-notcovered :: explain SELECT id, c FROM sbtest%d WHERE id BETWEEN 1433999 AND 1434099
for range-notcovered
table 1 : explain SELECT id, c FROM sbtest1 WHERE id BETWEEN 4285639 AND 4285739
	Index Scan using sbtest1_pkey on sbtest1  (cost=0.43..377.46 rows=94 width=125)
	  Index Cond: ((id >= 4285639) AND (id <= 4285739))

table 2 : explain SELECT id, c FROM sbtest2 WHERE id BETWEEN 4285639 AND 4285739
	Index Scan using sbtest2_pkey on sbtest2  (cost=0.43..401.34 rows=100 width=125)
	  Index Cond: ((id >= 4285639) AND (id <= 4285739))

table 3 : explain SELECT id, c FROM sbtest3 WHERE id BETWEEN 4285639 AND 4285739
	Index Scan using sbtest3_pkey on sbtest3  (cost=0.43..432.86 rows=108 width=125)
	  Index Cond: ((id >= 4285639) AND (id <= 4285739))

table 4 : explain SELECT id, c FROM sbtest4 WHERE id BETWEEN 4285639 AND 4285739
	Index Scan using sbtest4_pkey on sbtest4  (cost=0.43..423.97 rows=106 width=125)
	  Index Cond: ((id >= 4285639) AND (id <= 4285739))

table 5 : explain SELECT id, c FROM sbtest5 WHERE id BETWEEN 4285639 AND 4285739
	Index Scan using sbtest5_pkey on sbtest5  (cost=0.43..400.04 rows=100 width=125)
	  Index Cond: ((id >= 4285639) AND (id <= 4285739))

table 6 : explain SELECT id, c FROM sbtest6 WHERE id BETWEEN 4285639 AND 4285739
	Index Scan using sbtest6_pkey on sbtest6  (cost=0.43..419.54 rows=105 width=125)
	  Index Cond: ((id >= 4285639) AND (id <= 4285739))

table 7 : explain SELECT id, c FROM sbtest7 WHERE id BETWEEN 4285639 AND 4285739
	Index Scan using sbtest7_pkey on sbtest7  (cost=0.43..419.24 rows=105 width=125)
	  Index Cond: ((id >= 4285639) AND (id <= 4285739))

table 8 : explain SELECT id, c FROM sbtest8 WHERE id BETWEEN 4285639 AND 4285739
	Index Scan using sbtest8_pkey on sbtest8  (cost=0.43..387.94 rows=97 width=125)
	  Index Cond: ((id >= 4285639) AND (id <= 4285739))

explain: for range-notcovered :: explain SELECT id, c FROM sbtest%d WHERE id BETWEEN 4285639 AND 4285739
for range-notcovered
table 1 : explain SELECT id, c FROM sbtest1 WHERE id BETWEEN 7122570 AND 7122670
	Index Scan using sbtest1_pkey on sbtest1  (cost=0.43..440.95 rows=110 width=125)
	  Index Cond: ((id >= 7122570) AND (id <= 7122670))

table 2 : explain SELECT id, c FROM sbtest2 WHERE id BETWEEN 7122570 AND 7122670
	Index Scan using sbtest2_pkey on sbtest2  (cost=0.43..405.32 rows=101 width=125)
	  Index Cond: ((id >= 7122570) AND (id <= 7122670))

table 3 : explain SELECT id, c FROM sbtest3 WHERE id BETWEEN 7122570 AND 7122670
	Index Scan using sbtest3_pkey on sbtest3  (cost=0.43..381.29 rows=95 width=125)
	  Index Cond: ((id >= 7122570) AND (id <= 7122670))

table 4 : explain SELECT id, c FROM sbtest4 WHERE id BETWEEN 7122570 AND 7122670
	Index Scan using sbtest4_pkey on sbtest4  (cost=0.43..408.14 rows=102 width=125)
	  Index Cond: ((id >= 7122570) AND (id <= 7122670))

table 5 : explain SELECT id, c FROM sbtest5 WHERE id BETWEEN 7122570 AND 7122670
	Index Scan using sbtest5_pkey on sbtest5  (cost=0.43..415.86 rows=104 width=125)
	  Index Cond: ((id >= 7122570) AND (id <= 7122670))

table 6 : explain SELECT id, c FROM sbtest6 WHERE id BETWEEN 7122570 AND 7122670
	Index Scan using sbtest6_pkey on sbtest6  (cost=0.43..356.29 rows=89 width=125)
	  Index Cond: ((id >= 7122570) AND (id <= 7122670))

table 7 : explain SELECT id, c FROM sbtest7 WHERE id BETWEEN 7122570 AND 7122670
	Index Scan using sbtest7_pkey on sbtest7  (cost=0.43..383.68 rows=96 width=125)
	  Index Cond: ((id >= 7122570) AND (id <= 7122670))

table 8 : explain SELECT id, c FROM sbtest8 WHERE id BETWEEN 7122570 AND 7122670
	Index Scan using sbtest8_pkey on sbtest8  (cost=0.43..403.75 rows=101 width=125)
	  Index Cond: ((id >= 7122570) AND (id <= 7122670))

for range-notcovered
table 1 : explain SELECT id, c FROM sbtest1 WHERE id BETWEEN 7547422 AND 7547522
	Index Scan using sbtest1_pkey on sbtest1  (cost=0.43..385.39 rows=96 width=125)
	  Index Cond: ((id >= 7547422) AND (id <= 7547522))

table 2 : explain SELECT id, c FROM sbtest2 WHERE id BETWEEN 7547422 AND 7547522
	Index Scan using sbtest2_pkey on sbtest2  (cost=0.43..421.19 rows=105 width=125)
	  Index Cond: ((id >= 7547422) AND (id <= 7547522))

table 3 : explain SELECT id, c FROM sbtest3 WHERE id BETWEEN 7547422 AND 7547522
	Index Scan using sbtest3_pkey on sbtest3  (cost=0.43..393.19 rows=98 width=125)
	  Index Cond: ((id >= 7547422) AND (id <= 7547522))

table 4 : explain SELECT id, c FROM sbtest4 WHERE id BETWEEN 7547422 AND 7547522
	Index Scan using sbtest4_pkey on sbtest4  (cost=0.43..380.43 rows=95 width=125)
	  Index Cond: ((id >= 7547422) AND (id <= 7547522))

table 5 : explain SELECT id, c FROM sbtest5 WHERE id BETWEEN 7547422 AND 7547522
	Index Scan using sbtest5_pkey on sbtest5  (cost=0.43..419.81 rows=105 width=125)
	  Index Cond: ((id >= 7547422) AND (id <= 7547522))

table 6 : explain SELECT id, c FROM sbtest6 WHERE id BETWEEN 7547422 AND 7547522
	Index Scan using sbtest6_pkey on sbtest6  (cost=0.43..395.83 rows=99 width=125)
	  Index Cond: ((id >= 7547422) AND (id <= 7547522))

table 7 : explain SELECT id, c FROM sbtest7 WHERE id BETWEEN 7547422 AND 7547522
	Index Scan using sbtest7_pkey on sbtest7  (cost=0.43..411.34 rows=103 width=125)
	  Index Cond: ((id >= 7547422) AND (id <= 7547522))

table 8 : explain SELECT id, c FROM sbtest8 WHERE id BETWEEN 7547422 AND 7547522
	Index Scan using sbtest8_pkey on sbtest8  (cost=0.43..403.75 rows=101 width=125)
	  Index Cond: ((id >= 7547422) AND (id <= 7547522))

explain: for range-notcovered :: explain SELECT id, c FROM sbtest%d WHERE id BETWEEN 7122570 AND 7122670
explain: for range-notcovered :: explain SELECT id, c FROM sbtest%d WHERE id BETWEEN 7547422 AND 7547522
for range-notcovered
table 1 : explain SELECT id, c FROM sbtest1 WHERE id BETWEEN 3421360 AND 3421460
	Index Scan using sbtest1_pkey on sbtest1  (cost=0.43..385.39 rows=96 width=125)
	  Index Cond: ((id >= 3421360) AND (id <= 3421460))

table 2 : explain SELECT id, c FROM sbtest2 WHERE id BETWEEN 3421360 AND 3421460
	Index Scan using sbtest2_pkey on sbtest2  (cost=0.43..417.22 rows=104 width=125)
	  Index Cond: ((id >= 3421360) AND (id <= 3421460))

table 3 : explain SELECT id, c FROM sbtest3 WHERE id BETWEEN 3421360 AND 3421460
	Index Scan using sbtest3_pkey on sbtest3  (cost=0.43..381.29 rows=95 width=125)
	  Index Cond: ((id >= 3421360) AND (id <= 3421460))

table 4 : explain SELECT id, c FROM sbtest4 WHERE id BETWEEN 3421360 AND 3421460
	Index Scan using sbtest4_pkey on sbtest4  (cost=0.43..416.05 rows=104 width=125)
	  Index Cond: ((id >= 3421360) AND (id <= 3421460))

table 5 : explain SELECT id, c FROM sbtest5 WHERE id BETWEEN 3421360 AND 3421460
	Index Scan using sbtest5_pkey on sbtest5  (cost=0.43..403.99 rows=101 width=125)
	  Index Cond: ((id >= 3421360) AND (id <= 3421460))

table 6 : explain SELECT id, c FROM sbtest6 WHERE id BETWEEN 3421360 AND 3421460
	Index Scan using sbtest6_pkey on sbtest6  (cost=0.43..419.54 rows=105 width=125)
	  Index Cond: ((id >= 3421360) AND (id <= 3421460))

table 7 : explain SELECT id, c FROM sbtest7 WHERE id BETWEEN 3421360 AND 3421460
	Index Scan using sbtest7_pkey on sbtest7  (cost=0.43..387.63 rows=97 width=125)
	  Index Cond: ((id >= 3421360) AND (id <= 3421460))

table 8 : explain SELECT id, c FROM sbtest8 WHERE id BETWEEN 3421360 AND 3421460
	Index Scan using sbtest8_pkey on sbtest8  (cost=0.43..431.42 rows=108 width=125)
	  Index Cond: ((id >= 3421360) AND (id <= 3421460))

explain: for range-notcovered :: explain SELECT id, c FROM sbtest%d WHERE id BETWEEN 3421360 AND 3421460
for range-notcovered
table 1 : explain SELECT id, c FROM sbtest1 WHERE id BETWEEN 8452532 AND 8452632
	Index Scan using sbtest1_pkey on sbtest1  (cost=0.43..440.95 rows=110 width=125)
	  Index Cond: ((id >= 8452532) AND (id <= 8452632))

table 2 : explain SELECT id, c FROM sbtest2 WHERE id BETWEEN 8452532 AND 8452632
	Index Scan using sbtest2_pkey on sbtest2  (cost=0.43..417.22 rows=104 width=125)
	  Index Cond: ((id >= 8452532) AND (id <= 8452632))

table 3 : explain SELECT id, c FROM sbtest3 WHERE id BETWEEN 8452532 AND 8452632
	Index Scan using sbtest3_pkey on sbtest3  (cost=0.43..381.29 rows=95 width=125)
	  Index Cond: ((id >= 8452532) AND (id <= 8452632))

table 4 : explain SELECT id, c FROM sbtest4 WHERE id BETWEEN 8452532 AND 8452632
	Index Scan using sbtest4_pkey on sbtest4  (cost=0.43..412.10 rows=103 width=125)
	  Index Cond: ((id >= 8452532) AND (id <= 8452632))

table 5 : explain SELECT id, c FROM sbtest5 WHERE id BETWEEN 8452532 AND 8452632
	Index Scan using sbtest5_pkey on sbtest5  (cost=0.43..364.43 rows=91 width=125)
	  Index Cond: ((id >= 8452532) AND (id <= 8452632))

table 6 : explain SELECT id, c FROM sbtest6 WHERE id BETWEEN 8452532 AND 8452632
	Index Scan using sbtest6_pkey on sbtest6  (cost=0.43..399.78 rows=100 width=125)
	  Index Cond: ((id >= 8452532) AND (id <= 8452632))

table 7 : explain SELECT id, c FROM sbtest7 WHERE id BETWEEN 8452532 AND 8452632
	Index Scan using sbtest7_pkey on sbtest7  (cost=0.43..403.44 rows=101 width=125)
	  Index Cond: ((id >= 8452532) AND (id <= 8452632))

table 8 : explain SELECT id, c FROM sbtest8 WHERE id BETWEEN 8452532 AND 8452632
	Index Scan using sbtest8_pkey on sbtest8  (cost=0.43..383.97 rows=96 width=125)
	  Index Cond: ((id >= 8452532) AND (id <= 8452632))

explain: for range-notcovered :: explain SELECT id, c FROM sbtest%d WHERE id BETWEEN 8452532 AND 8452632
for range-notcovered
table 1 : explain SELECT id, c FROM sbtest1 WHERE id BETWEEN 1433999 AND 1434099
	Index Scan using sbtest1_pkey on sbtest1  (cost=0.43..397.29 rows=99 width=125)
	  Index Cond: ((id >= 1433999) AND (id <= 1434099))

table 2 : explain SELECT id, c FROM sbtest2 WHERE id BETWEEN 1433999 AND 1434099
	Index Scan using sbtest2_pkey on sbtest2  (cost=0.43..405.32 rows=101 width=125)
	  Index Cond: ((id >= 1433999) AND (id <= 1434099))

table 3 : explain SELECT id, c FROM sbtest3 WHERE id BETWEEN 1433999 AND 1434099
	Index Scan using sbtest3_pkey on sbtest3  (cost=0.43..464.59 rows=116 width=125)
	  Index Cond: ((id >= 1433999) AND (id <= 1434099))

table 4 : explain SELECT id, c FROM sbtest4 WHERE id BETWEEN 1433999 AND 1434099
	Index Scan using sbtest4_pkey on sbtest4  (cost=0.43..380.43 rows=95 width=125)
	  Index Cond: ((id >= 1433999) AND (id <= 1434099))

table 5 : explain SELECT id, c FROM sbtest5 WHERE id BETWEEN 1433999 AND 1434099
	Index Scan using sbtest5_pkey on sbtest5  (cost=0.43..400.04 rows=100 width=125)
	  Index Cond: ((id >= 1433999) AND (id <= 1434099))

table 6 : explain SELECT id, c FROM sbtest6 WHERE id BETWEEN 1433999 AND 1434099
	Index Scan using sbtest6_pkey on sbtest6  (cost=0.43..376.05 rows=94 width=125)
	  Index Cond: ((id >= 1433999) AND (id <= 1434099))

table 7 : explain SELECT id, c FROM sbtest7 WHERE id BETWEEN 1433999 AND 1434099
	Index Scan using sbtest7_pkey on sbtest7  (cost=0.43..367.88 rows=92 width=125)
	  Index Cond: ((id >= 1433999) AND (id <= 1434099))

table 8 : explain SELECT id, c FROM sbtest8 WHERE id BETWEEN 1433999 AND 1434099
	Index Scan using sbtest8_pkey on sbtest8  (cost=0.43..387.93 rows=97 width=125)
	  Index Cond: ((id >= 1433999) AND (id <= 1434099))

explain: for range-notcovered :: explain SELECT id, c FROM sbtest%d WHERE id BETWEEN 1433999 AND 1434099
for range-notcovered
table 1 : explain SELECT id, c FROM sbtest1 WHERE id BETWEEN 4285639 AND 4285739
	Index Scan using sbtest1_pkey on sbtest1  (cost=0.43..377.46 rows=94 width=125)
	  Index Cond: ((id >= 4285639) AND (id <= 4285739))

table 2 : explain SELECT id, c FROM sbtest2 WHERE id BETWEEN 4285639 AND 4285739
	Index Scan using sbtest2_pkey on sbtest2  (cost=0.43..401.34 rows=100 width=125)
	  Index Cond: ((id >= 4285639) AND (id <= 4285739))

table 3 : explain SELECT id, c FROM sbtest3 WHERE id BETWEEN 4285639 AND 4285739
	Index Scan using sbtest3_pkey on sbtest3  (cost=0.43..432.86 rows=108 width=125)
	  Index Cond: ((id >= 4285639) AND (id <= 4285739))

table 4 : explain SELECT id, c FROM sbtest4 WHERE id BETWEEN 4285639 AND 4285739
	Index Scan using sbtest4_pkey on sbtest4  (cost=0.43..423.97 rows=106 width=125)
	  Index Cond: ((id >= 4285639) AND (id <= 4285739))

table 5 : explain SELECT id, c FROM sbtest5 WHERE id BETWEEN 4285639 AND 4285739
	Index Scan using sbtest5_pkey on sbtest5  (cost=0.43..400.04 rows=100 width=125)
	  Index Cond: ((id >= 4285639) AND (id <= 4285739))

table 6 : explain SELECT id, c FROM sbtest6 WHERE id BETWEEN 4285639 AND 4285739
	Index Scan using sbtest6_pkey on sbtest6  (cost=0.43..419.54 rows=105 width=125)
	  Index Cond: ((id >= 4285639) AND (id <= 4285739))

table 7 : explain SELECT id, c FROM sbtest7 WHERE id BETWEEN 4285639 AND 4285739
	Index Scan using sbtest7_pkey on sbtest7  (cost=0.43..419.24 rows=105 width=125)
	  Index Cond: ((id >= 4285639) AND (id <= 4285739))

table 8 : explain SELECT id, c FROM sbtest8 WHERE id BETWEEN 4285639 AND 4285739
	Index Scan using sbtest8_pkey on sbtest8  (cost=0.43..387.94 rows=97 width=125)
	  Index Cond: ((id >= 4285639) AND (id <= 4285739))

for range-notcovered
table 1 : explain SELECT id, c FROM sbtest1 WHERE id BETWEEN 7547422 AND 7547522
	Index Scan using sbtest1_pkey on sbtest1  (cost=0.43..385.39 rows=96 width=125)
	  Index Cond: ((id >= 7547422) AND (id <= 7547522))

table 2 : explain SELECT id, c FROM sbtest2 WHERE id BETWEEN 7547422 AND 7547522
	Index Scan using sbtest2_pkey on sbtest2  (cost=0.43..421.19 rows=105 width=125)
	  Index Cond: ((id >= 7547422) AND (id <= 7547522))

table 3 : explain SELECT id, c FROM sbtest3 WHERE id BETWEEN 7547422 AND 7547522
	Index Scan using sbtest3_pkey on sbtest3  (cost=0.43..393.19 rows=98 width=125)
	  Index Cond: ((id >= 7547422) AND (id <= 7547522))

table 4 : explain SELECT id, c FROM sbtest4 WHERE id BETWEEN 7547422 AND 7547522
	Index Scan using sbtest4_pkey on sbtest4  (cost=0.43..380.43 rows=95 width=125)
	  Index Cond: ((id >= 7547422) AND (id <= 7547522))

table 5 : explain SELECT id, c FROM sbtest5 WHERE id BETWEEN 7547422 AND 7547522
	Index Scan using sbtest5_pkey on sbtest5  (cost=0.43..419.81 rows=105 width=125)
	  Index Cond: ((id >= 7547422) AND (id <= 7547522))

table 6 : explain SELECT id, c FROM sbtest6 WHERE id BETWEEN 7547422 AND 7547522
	Index Scan using sbtest6_pkey on sbtest6  (cost=0.43..395.83 rows=99 width=125)
	  Index Cond: ((id >= 7547422) AND (id <= 7547522))

table 7 : explain SELECT id, c FROM sbtest7 WHERE id BETWEEN 7547422 AND 7547522
	Index Scan using sbtest7_pkey on sbtest7  (cost=0.43..411.34 rows=103 width=125)
	  Index Cond: ((id >= 7547422) AND (id <= 7547522))

table 8 : explain SELECT id, c FROM sbtest8 WHERE id BETWEEN 7547422 AND 7547522
	Index Scan using sbtest8_pkey on sbtest8  (cost=0.43..403.75 rows=101 width=125)
	  Index Cond: ((id >= 7547422) AND (id <= 7547522))

for range-notcovered
table 1 : explain SELECT id, c FROM sbtest1 WHERE id BETWEEN 7122570 AND 7122670
	Index Scan using sbtest1_pkey on sbtest1  (cost=0.43..440.95 rows=110 width=125)
	  Index Cond: ((id >= 7122570) AND (id <= 7122670))

table 2 : explain SELECT id, c FROM sbtest2 WHERE id BETWEEN 7122570 AND 7122670
	Index Scan using sbtest2_pkey on sbtest2  (cost=0.43..405.32 rows=101 width=125)
	  Index Cond: ((id >= 7122570) AND (id <= 7122670))

table 3 : explain SELECT id, c FROM sbtest3 WHERE id BETWEEN 7122570 AND 7122670
	Index Scan using sbtest3_pkey on sbtest3  (cost=0.43..381.29 rows=95 width=125)
	  Index Cond: ((id >= 7122570) AND (id <= 7122670))

table 4 : explain SELECT id, c FROM sbtest4 WHERE id BETWEEN 7122570 AND 7122670
	Index Scan using sbtest4_pkey on sbtest4  (cost=0.43..408.14 rows=102 width=125)
	  Index Cond: ((id >= 7122570) AND (id <= 7122670))

table 5 : explain SELECT id, c FROM sbtest5 WHERE id BETWEEN 7122570 AND 7122670
	Index Scan using sbtest5_pkey on sbtest5  (cost=0.43..415.86 rows=104 width=125)
	  Index Cond: ((id >= 7122570) AND (id <= 7122670))

table 6 : explain SELECT id, c FROM sbtest6 WHERE id BETWEEN 7122570 AND 7122670
	Index Scan using sbtest6_pkey on sbtest6  (cost=0.43..356.29 rows=89 width=125)
	  Index Cond: ((id >= 7122570) AND (id <= 7122670))

table 7 : explain SELECT id, c FROM sbtest7 WHERE id BETWEEN 7122570 AND 7122670
	Index Scan using sbtest7_pkey on sbtest7  (cost=0.43..383.68 rows=96 width=125)
	  Index Cond: ((id >= 7122570) AND (id <= 7122670))

table 8 : explain SELECT id, c FROM sbtest8 WHERE id BETWEEN 7122570 AND 7122670
	Index Scan using sbtest8_pkey on sbtest8  (cost=0.43..403.75 rows=101 width=125)
	  Index Cond: ((id >= 7122570) AND (id <= 7122670))

explain: for range-notcovered :: explain SELECT id, c FROM sbtest%d WHERE id BETWEEN 7547422 AND 7547522
for range-notcovered
table 1 : explain SELECT id, c FROM sbtest1 WHERE id BETWEEN 3421360 AND 3421460
	Index Scan using sbtest1_pkey on sbtest1  (cost=0.43..385.39 rows=96 width=125)
	  Index Cond: ((id >= 3421360) AND (id <= 3421460))

table 2 : explain SELECT id, c FROM sbtest2 WHERE id BETWEEN 3421360 AND 3421460
	Index Scan using sbtest2_pkey on sbtest2  (cost=0.43..417.22 rows=104 width=125)
	  Index Cond: ((id >= 3421360) AND (id <= 3421460))

table 3 : explain SELECT id, c FROM sbtest3 WHERE id BETWEEN 3421360 AND 3421460
	Index Scan using sbtest3_pkey on sbtest3  (cost=0.43..381.29 rows=95 width=125)
	  Index Cond: ((id >= 3421360) AND (id <= 3421460))

table 4 : explain SELECT id, c FROM sbtest4 WHERE id BETWEEN 3421360 AND 3421460
	Index Scan using sbtest4_pkey on sbtest4  (cost=0.43..416.05 rows=104 width=125)
	  Index Cond: ((id >= 3421360) AND (id <= 3421460))

table 5 : explain SELECT id, c FROM sbtest5 WHERE id BETWEEN 3421360 AND 3421460
	Index Scan using sbtest5_pkey on sbtest5  (cost=0.43..403.99 rows=101 width=125)
	  Index Cond: ((id >= 3421360) AND (id <= 3421460))

table 6 : explain SELECT id, c FROM sbtest6 WHERE id BETWEEN 3421360 AND 3421460
	Index Scan using sbtest6_pkey on sbtest6  (cost=0.43..419.54 rows=105 width=125)
	  Index Cond: ((id >= 3421360) AND (id <= 3421460))

table 7 : explain SELECT id, c FROM sbtest7 WHERE id BETWEEN 3421360 AND 3421460
	Index Scan using sbtest7_pkey on sbtest7  (cost=0.43..387.63 rows=97 width=125)
	  Index Cond: ((id >= 3421360) AND (id <= 3421460))

table 8 : explain SELECT id, c FROM sbtest8 WHERE id BETWEEN 3421360 AND 3421460
	Index Scan using sbtest8_pkey on sbtest8  (cost=0.43..431.42 rows=108 width=125)
	  Index Cond: ((id >= 3421360) AND (id <= 3421460))

explain: for range-notcovered :: explain SELECT id, c FROM sbtest%d WHERE id BETWEEN 7122570 AND 7122670
explain: for range-notcovered :: explain SELECT id, c FROM sbtest%d WHERE id BETWEEN 3421360 AND 3421460
explain: for range-notcovered :: explain SELECT id, c FROM sbtest%d WHERE id BETWEEN 1685573 AND 1685673
for range-notcovered
table 1 : explain SELECT id, c FROM sbtest1 WHERE id BETWEEN 8452532 AND 8452632
	Index Scan using sbtest1_pkey on sbtest1  (cost=0.43..440.95 rows=110 width=125)
	  Index Cond: ((id >= 8452532) AND (id <= 8452632))

table 2 : explain SELECT id, c FROM sbtest2 WHERE id BETWEEN 8452532 AND 8452632
	Index Scan using sbtest2_pkey on sbtest2  (cost=0.43..417.22 rows=104 width=125)
	  Index Cond: ((id >= 8452532) AND (id <= 8452632))

table 3 : explain SELECT id, c FROM sbtest3 WHERE id BETWEEN 8452532 AND 8452632
	Index Scan using sbtest3_pkey on sbtest3  (cost=0.43..381.29 rows=95 width=125)
	  Index Cond: ((id >= 8452532) AND (id <= 8452632))

table 4 : explain SELECT id, c FROM sbtest4 WHERE id BETWEEN 8452532 AND 8452632
	Index Scan using sbtest4_pkey on sbtest4  (cost=0.43..412.10 rows=103 width=125)
	  Index Cond: ((id >= 8452532) AND (id <= 8452632))

table 5 : explain SELECT id, c FROM sbtest5 WHERE id BETWEEN 8452532 AND 8452632
	Index Scan using sbtest5_pkey on sbtest5  (cost=0.43..364.43 rows=91 width=125)
	  Index Cond: ((id >= 8452532) AND (id <= 8452632))

table 6 : explain SELECT id, c FROM sbtest6 WHERE id BETWEEN 8452532 AND 8452632
	Index Scan using sbtest6_pkey on sbtest6  (cost=0.43..399.78 rows=100 width=125)
	  Index Cond: ((id >= 8452532) AND (id <= 8452632))

table 7 : explain SELECT id, c FROM sbtest7 WHERE id BETWEEN 8452532 AND 8452632
	Index Scan using sbtest7_pkey on sbtest7  (cost=0.43..403.44 rows=101 width=125)
	  Index Cond: ((id >= 8452532) AND (id <= 8452632))

table 8 : explain SELECT id, c FROM sbtest8 WHERE id BETWEEN 8452532 AND 8452632
	Index Scan using sbtest8_pkey on sbtest8  (cost=0.43..383.97 rows=96 width=125)
	  Index Cond: ((id >= 8452532) AND (id <= 8452632))

explain: for range-notcovered :: explain SELECT id, c FROM sbtest%d WHERE id BETWEEN 8452532 AND 8452632
for range-notcovered
table 1 : explain SELECT id, c FROM sbtest1 WHERE id BETWEEN 1433999 AND 1434099
	Index Scan using sbtest1_pkey on sbtest1  (cost=0.43..397.29 rows=99 width=125)
	  Index Cond: ((id >= 1433999) AND (id <= 1434099))

table 2 : explain SELECT id, c FROM sbtest2 WHERE id BETWEEN 1433999 AND 1434099
	Index Scan using sbtest2_pkey on sbtest2  (cost=0.43..405.32 rows=101 width=125)
	  Index Cond: ((id >= 1433999) AND (id <= 1434099))

table 3 : explain SELECT id, c FROM sbtest3 WHERE id BETWEEN 1433999 AND 1434099
	Index Scan using sbtest3_pkey on sbtest3  (cost=0.43..464.59 rows=116 width=125)
	  Index Cond: ((id >= 1433999) AND (id <= 1434099))

table 4 : explain SELECT id, c FROM sbtest4 WHERE id BETWEEN 1433999 AND 1434099
	Index Scan using sbtest4_pkey on sbtest4  (cost=0.43..380.43 rows=95 width=125)
	  Index Cond: ((id >= 1433999) AND (id <= 1434099))

table 5 : explain SELECT id, c FROM sbtest5 WHERE id BETWEEN 1433999 AND 1434099
	Index Scan using sbtest5_pkey on sbtest5  (cost=0.43..400.04 rows=100 width=125)
	  Index Cond: ((id >= 1433999) AND (id <= 1434099))

table 6 : explain SELECT id, c FROM sbtest6 WHERE id BETWEEN 1433999 AND 1434099
	Index Scan using sbtest6_pkey on sbtest6  (cost=0.43..376.05 rows=94 width=125)
	  Index Cond: ((id >= 1433999) AND (id <= 1434099))

table 7 : explain SELECT id, c FROM sbtest7 WHERE id BETWEEN 1433999 AND 1434099
	Index Scan using sbtest7_pkey on sbtest7  (cost=0.43..367.88 rows=92 width=125)
	  Index Cond: ((id >= 1433999) AND (id <= 1434099))

table 8 : explain SELECT id, c FROM sbtest8 WHERE id BETWEEN 1433999 AND 1434099
	Index Scan using sbtest8_pkey on sbtest8  (cost=0.43..387.93 rows=97 width=125)
	  Index Cond: ((id >= 1433999) AND (id <= 1434099))

explain: for range-notcovered :: explain SELECT id, c FROM sbtest%d WHERE id BETWEEN 1433999 AND 1434099
for range-notcovered
table 1 : explain SELECT id, c FROM sbtest1 WHERE id BETWEEN 7122570 AND 7122670
	Index Scan using sbtest1_pkey on sbtest1  (cost=0.43..440.95 rows=110 width=125)
	  Index Cond: ((id >= 7122570) AND (id <= 7122670))

table 2 : explain SELECT id, c FROM sbtest2 WHERE id BETWEEN 7122570 AND 7122670
	Index Scan using sbtest2_pkey on sbtest2  (cost=0.43..405.32 rows=101 width=125)
	  Index Cond: ((id >= 7122570) AND (id <= 7122670))

table 3 : explain SELECT id, c FROM sbtest3 WHERE id BETWEEN 7122570 AND 7122670
	Index Scan using sbtest3_pkey on sbtest3  (cost=0.43..381.29 rows=95 width=125)
	  Index Cond: ((id >= 7122570) AND (id <= 7122670))

table 4 : explain SELECT id, c FROM sbtest4 WHERE id BETWEEN 7122570 AND 7122670
	Index Scan using sbtest4_pkey on sbtest4  (cost=0.43..408.14 rows=102 width=125)
	  Index Cond: ((id >= 7122570) AND (id <= 7122670))

table 5 : explain SELECT id, c FROM sbtest5 WHERE id BETWEEN 7122570 AND 7122670
	Index Scan using sbtest5_pkey on sbtest5  (cost=0.43..415.86 rows=104 width=125)
	  Index Cond: ((id >= 7122570) AND (id <= 7122670))

table 6 : explain SELECT id, c FROM sbtest6 WHERE id BETWEEN 7122570 AND 7122670
	Index Scan using sbtest6_pkey on sbtest6  (cost=0.43..356.29 rows=89 width=125)
	  Index Cond: ((id >= 7122570) AND (id <= 7122670))

table 7 : explain SELECT id, c FROM sbtest7 WHERE id BETWEEN 7122570 AND 7122670
	Index Scan using sbtest7_pkey on sbtest7  (cost=0.43..383.68 rows=96 width=125)
	  Index Cond: ((id >= 7122570) AND (id <= 7122670))

table 8 : explain SELECT id, c FROM sbtest8 WHERE id BETWEEN 7122570 AND 7122670
	Index Scan using sbtest8_pkey on sbtest8  (cost=0.43..403.75 rows=101 width=125)
	  Index Cond: ((id >= 7122570) AND (id <= 7122670))

for range-notcovered
table 1 : explain SELECT id, c FROM sbtest1 WHERE id BETWEEN 3421360 AND 3421460
	Index Scan using sbtest1_pkey on sbtest1  (cost=0.43..385.39 rows=96 width=125)
	  Index Cond: ((id >= 3421360) AND (id <= 3421460))

table 2 : explain SELECT id, c FROM sbtest2 WHERE id BETWEEN 3421360 AND 3421460
	Index Scan using sbtest2_pkey on sbtest2  (cost=0.43..417.22 rows=104 width=125)
	  Index Cond: ((id >= 3421360) AND (id <= 3421460))

table 3 : explain SELECT id, c FROM sbtest3 WHERE id BETWEEN 3421360 AND 3421460
	Index Scan using sbtest3_pkey on sbtest3  (cost=0.43..381.29 rows=95 width=125)
	  Index Cond: ((id >= 3421360) AND (id <= 3421460))

table 4 : explain SELECT id, c FROM sbtest4 WHERE id BETWEEN 3421360 AND 3421460
	Index Scan using sbtest4_pkey on sbtest4  (cost=0.43..416.05 rows=104 width=125)
	  Index Cond: ((id >= 3421360) AND (id <= 3421460))

table 5 : explain SELECT id, c FROM sbtest5 WHERE id BETWEEN 3421360 AND 3421460
	Index Scan using sbtest5_pkey on sbtest5  (cost=0.43..403.99 rows=101 width=125)
	  Index Cond: ((id >= 3421360) AND (id <= 3421460))

table 6 : explain SELECT id, c FROM sbtest6 WHERE id BETWEEN 3421360 AND 3421460
	Index Scan using sbtest6_pkey on sbtest6  (cost=0.43..419.54 rows=105 width=125)
	  Index Cond: ((id >= 3421360) AND (id <= 3421460))

table 7 : explain SELECT id, c FROM sbtest7 WHERE id BETWEEN 3421360 AND 3421460
	Index Scan using sbtest7_pkey on sbtest7  (cost=0.43..387.63 rows=97 width=125)
	  Index Cond: ((id >= 3421360) AND (id <= 3421460))

table 8 : explain SELECT id, c FROM sbtest8 WHERE id BETWEEN 3421360 AND 3421460
	Index Scan using sbtest8_pkey on sbtest8  (cost=0.43..431.42 rows=108 width=125)
	  Index Cond: ((id >= 3421360) AND (id <= 3421460))

explain: for range-notcovered :: explain SELECT id, c FROM sbtest%d WHERE id BETWEEN 7122570 AND 7122670
explain: for range-notcovered :: explain SELECT id, c FROM sbtest%d WHERE id BETWEEN 3421360 AND 3421460
for range-notcovered
table 1 : explain SELECT id, c FROM sbtest1 WHERE id BETWEEN 8452532 AND 8452632
	Index Scan using sbtest1_pkey on sbtest1  (cost=0.43..440.95 rows=110 width=125)
	  Index Cond: ((id >= 8452532) AND (id <= 8452632))

table 2 : explain SELECT id, c FROM sbtest2 WHERE id BETWEEN 8452532 AND 8452632
	Index Scan using sbtest2_pkey on sbtest2  (cost=0.43..417.22 rows=104 width=125)
	  Index Cond: ((id >= 8452532) AND (id <= 8452632))

table 3 : explain SELECT id, c FROM sbtest3 WHERE id BETWEEN 8452532 AND 8452632
	Index Scan using sbtest3_pkey on sbtest3  (cost=0.43..381.29 rows=95 width=125)
	  Index Cond: ((id >= 8452532) AND (id <= 8452632))

table 4 : explain SELECT id, c FROM sbtest4 WHERE id BETWEEN 8452532 AND 8452632
	Index Scan using sbtest4_pkey on sbtest4  (cost=0.43..412.10 rows=103 width=125)
	  Index Cond: ((id >= 8452532) AND (id <= 8452632))

table 5 : explain SELECT id, c FROM sbtest5 WHERE id BETWEEN 8452532 AND 8452632
	Index Scan using sbtest5_pkey on sbtest5  (cost=0.43..364.43 rows=91 width=125)
	  Index Cond: ((id >= 8452532) AND (id <= 8452632))

table 6 : explain SELECT id, c FROM sbtest6 WHERE id BETWEEN 8452532 AND 8452632
	Index Scan using sbtest6_pkey on sbtest6  (cost=0.43..399.78 rows=100 width=125)
	  Index Cond: ((id >= 8452532) AND (id <= 8452632))

table 7 : explain SELECT id, c FROM sbtest7 WHERE id BETWEEN 8452532 AND 8452632
	Index Scan using sbtest7_pkey on sbtest7  (cost=0.43..403.44 rows=101 width=125)
	  Index Cond: ((id >= 8452532) AND (id <= 8452632))

table 8 : explain SELECT id, c FROM sbtest8 WHERE id BETWEEN 8452532 AND 8452632
	Index Scan using sbtest8_pkey on sbtest8  (cost=0.43..383.97 rows=96 width=125)
	  Index Cond: ((id >= 8452532) AND (id <= 8452632))

explain: for range-notcovered :: explain SELECT id, c FROM sbtest%d WHERE id BETWEEN 8452532 AND 8452632
for range-notcovered
table 1 : explain SELECT id, c FROM sbtest1 WHERE id BETWEEN 1433999 AND 1434099
	Index Scan using sbtest1_pkey on sbtest1  (cost=0.43..397.29 rows=99 width=125)
	  Index Cond: ((id >= 1433999) AND (id <= 1434099))

table 2 : explain SELECT id, c FROM sbtest2 WHERE id BETWEEN 1433999 AND 1434099
	Index Scan using sbtest2_pkey on sbtest2  (cost=0.43..405.32 rows=101 width=125)
	  Index Cond: ((id >= 1433999) AND (id <= 1434099))

table 3 : explain SELECT id, c FROM sbtest3 WHERE id BETWEEN 1433999 AND 1434099
	Index Scan using sbtest3_pkey on sbtest3  (cost=0.43..464.59 rows=116 width=125)
	  Index Cond: ((id >= 1433999) AND (id <= 1434099))

table 4 : explain SELECT id, c FROM sbtest4 WHERE id BETWEEN 1433999 AND 1434099
	Index Scan using sbtest4_pkey on sbtest4  (cost=0.43..380.43 rows=95 width=125)
	  Index Cond: ((id >= 1433999) AND (id <= 1434099))

table 5 : explain SELECT id, c FROM sbtest5 WHERE id BETWEEN 1433999 AND 1434099
	Index Scan using sbtest5_pkey on sbtest5  (cost=0.43..400.04 rows=100 width=125)
	  Index Cond: ((id >= 1433999) AND (id <= 1434099))

table 6 : explain SELECT id, c FROM sbtest6 WHERE id BETWEEN 1433999 AND 1434099
	Index Scan using sbtest6_pkey on sbtest6  (cost=0.43..376.05 rows=94 width=125)
	  Index Cond: ((id >= 1433999) AND (id <= 1434099))

table 7 : explain SELECT id, c FROM sbtest7 WHERE id BETWEEN 1433999 AND 1434099
	Index Scan using sbtest7_pkey on sbtest7  (cost=0.43..367.88 rows=92 width=125)
	  Index Cond: ((id >= 1433999) AND (id <= 1434099))

table 8 : explain SELECT id, c FROM sbtest8 WHERE id BETWEEN 1433999 AND 1434099
	Index Scan using sbtest8_pkey on sbtest8  (cost=0.43..387.93 rows=97 width=125)
	  Index Cond: ((id >= 1433999) AND (id <= 1434099))

explain: for range-notcovered :: explain SELECT id, c FROM sbtest%d WHERE id BETWEEN 1433999 AND 1434099
for range-notcovered
table 1 : explain SELECT id, c FROM sbtest1 WHERE id BETWEEN 7122570 AND 7122670
	Index Scan using sbtest1_pkey on sbtest1  (cost=0.43..440.95 rows=110 width=125)
	  Index Cond: ((id >= 7122570) AND (id <= 7122670))

table 2 : explain SELECT id, c FROM sbtest2 WHERE id BETWEEN 7122570 AND 7122670
	Index Scan using sbtest2_pkey on sbtest2  (cost=0.43..405.32 rows=101 width=125)
	  Index Cond: ((id >= 7122570) AND (id <= 7122670))

table 3 : explain SELECT id, c FROM sbtest3 WHERE id BETWEEN 7122570 AND 7122670
	Index Scan using sbtest3_pkey on sbtest3  (cost=0.43..381.29 rows=95 width=125)
	  Index Cond: ((id >= 7122570) AND (id <= 7122670))

table 4 : explain SELECT id, c FROM sbtest4 WHERE id BETWEEN 7122570 AND 7122670
	Index Scan using sbtest4_pkey on sbtest4  (cost=0.43..408.14 rows=102 width=125)
	  Index Cond: ((id >= 7122570) AND (id <= 7122670))

table 5 : explain SELECT id, c FROM sbtest5 WHERE id BETWEEN 7122570 AND 7122670
	Index Scan using sbtest5_pkey on sbtest5  (cost=0.43..415.86 rows=104 width=125)
	  Index Cond: ((id >= 7122570) AND (id <= 7122670))

table 6 : explain SELECT id, c FROM sbtest6 WHERE id BETWEEN 7122570 AND 7122670
	Index Scan using sbtest6_pkey on sbtest6  (cost=0.43..356.29 rows=89 width=125)
	  Index Cond: ((id >= 7122570) AND (id <= 7122670))

table 7 : explain SELECT id, c FROM sbtest7 WHERE id BETWEEN 7122570 AND 7122670
	Index Scan using sbtest7_pkey on sbtest7  (cost=0.43..383.68 rows=96 width=125)
	  Index Cond: ((id >= 7122570) AND (id <= 7122670))

table 8 : explain SELECT id, c FROM sbtest8 WHERE id BETWEEN 7122570 AND 7122670
	Index Scan using sbtest8_pkey on sbtest8  (cost=0.43..403.75 rows=101 width=125)
	  Index Cond: ((id >= 7122570) AND (id <= 7122670))

explain: for range-notcovered :: explain SELECT id, c FROM sbtest%d WHERE id BETWEEN 7122570 AND 7122670
for range-notcovered
table 1 : explain SELECT id, c FROM sbtest1 WHERE id BETWEEN 3421360 AND 3421460
	Index Scan using sbtest1_pkey on sbtest1  (cost=0.43..385.39 rows=96 width=125)
	  Index Cond: ((id >= 3421360) AND (id <= 3421460))

table 2 : explain SELECT id, c FROM sbtest2 WHERE id BETWEEN 3421360 AND 3421460
	Index Scan using sbtest2_pkey on sbtest2  (cost=0.43..417.22 rows=104 width=125)
	  Index Cond: ((id >= 3421360) AND (id <= 3421460))

table 3 : explain SELECT id, c FROM sbtest3 WHERE id BETWEEN 3421360 AND 3421460
	Index Scan using sbtest3_pkey on sbtest3  (cost=0.43..381.29 rows=95 width=125)
	  Index Cond: ((id >= 3421360) AND (id <= 3421460))

table 4 : explain SELECT id, c FROM sbtest4 WHERE id BETWEEN 3421360 AND 3421460
	Index Scan using sbtest4_pkey on sbtest4  (cost=0.43..416.05 rows=104 width=125)
	  Index Cond: ((id >= 3421360) AND (id <= 3421460))

table 5 : explain SELECT id, c FROM sbtest5 WHERE id BETWEEN 3421360 AND 3421460
	Index Scan using sbtest5_pkey on sbtest5  (cost=0.43..403.99 rows=101 width=125)
	  Index Cond: ((id >= 3421360) AND (id <= 3421460))

table 6 : explain SELECT id, c FROM sbtest6 WHERE id BETWEEN 3421360 AND 3421460
	Index Scan using sbtest6_pkey on sbtest6  (cost=0.43..419.54 rows=105 width=125)
	  Index Cond: ((id >= 3421360) AND (id <= 3421460))

table 7 : explain SELECT id, c FROM sbtest7 WHERE id BETWEEN 3421360 AND 3421460
	Index Scan using sbtest7_pkey on sbtest7  (cost=0.43..387.63 rows=97 width=125)
	  Index Cond: ((id >= 3421360) AND (id <= 3421460))

table 8 : explain SELECT id, c FROM sbtest8 WHERE id BETWEEN 3421360 AND 3421460
	Index Scan using sbtest8_pkey on sbtest8  (cost=0.43..431.42 rows=108 width=125)
	  Index Cond: ((id >= 3421360) AND (id <= 3421460))

explain: for range-notcovered :: explain SELECT id, c FROM sbtest%d WHERE id BETWEEN 3421360 AND 3421460
for range-notcovered
table 1 : explain SELECT id, c FROM sbtest1 WHERE id BETWEEN 8452532 AND 8452632
	Index Scan using sbtest1_pkey on sbtest1  (cost=0.43..440.95 rows=110 width=125)
	  Index Cond: ((id >= 8452532) AND (id <= 8452632))

table 2 : explain SELECT id, c FROM sbtest2 WHERE id BETWEEN 8452532 AND 8452632
	Index Scan using sbtest2_pkey on sbtest2  (cost=0.43..417.22 rows=104 width=125)
	  Index Cond: ((id >= 8452532) AND (id <= 8452632))

table 3 : explain SELECT id, c FROM sbtest3 WHERE id BETWEEN 8452532 AND 8452632
	Index Scan using sbtest3_pkey on sbtest3  (cost=0.43..381.29 rows=95 width=125)
	  Index Cond: ((id >= 8452532) AND (id <= 8452632))

table 4 : explain SELECT id, c FROM sbtest4 WHERE id BETWEEN 8452532 AND 8452632
	Index Scan using sbtest4_pkey on sbtest4  (cost=0.43..412.10 rows=103 width=125)
	  Index Cond: ((id >= 8452532) AND (id <= 8452632))

table 5 : explain SELECT id, c FROM sbtest5 WHERE id BETWEEN 8452532 AND 8452632
	Index Scan using sbtest5_pkey on sbtest5  (cost=0.43..364.43 rows=91 width=125)
	  Index Cond: ((id >= 8452532) AND (id <= 8452632))

table 6 : explain SELECT id, c FROM sbtest6 WHERE id BETWEEN 8452532 AND 8452632
	Index Scan using sbtest6_pkey on sbtest6  (cost=0.43..399.78 rows=100 width=125)
	  Index Cond: ((id >= 8452532) AND (id <= 8452632))

table 7 : explain SELECT id, c FROM sbtest7 WHERE id BETWEEN 8452532 AND 8452632
	Index Scan using sbtest7_pkey on sbtest7  (cost=0.43..403.44 rows=101 width=125)
	  Index Cond: ((id >= 8452532) AND (id <= 8452632))

table 8 : explain SELECT id, c FROM sbtest8 WHERE id BETWEEN 8452532 AND 8452632
	Index Scan using sbtest8_pkey on sbtest8  (cost=0.43..383.97 rows=96 width=125)
	  Index Cond: ((id >= 8452532) AND (id <= 8452632))

explain: for range-notcovered :: explain SELECT id, c FROM sbtest%d WHERE id BETWEEN 8452532 AND 8452632
for range-notcovered
table 1 : explain SELECT id, c FROM sbtest1 WHERE id BETWEEN 1433999 AND 1434099
	Index Scan using sbtest1_pkey on sbtest1  (cost=0.43..397.29 rows=99 width=125)
	  Index Cond: ((id >= 1433999) AND (id <= 1434099))

table 2 : explain SELECT id, c FROM sbtest2 WHERE id BETWEEN 1433999 AND 1434099
	Index Scan using sbtest2_pkey on sbtest2  (cost=0.43..405.32 rows=101 width=125)
	  Index Cond: ((id >= 1433999) AND (id <= 1434099))

table 3 : explain SELECT id, c FROM sbtest3 WHERE id BETWEEN 1433999 AND 1434099
	Index Scan using sbtest3_pkey on sbtest3  (cost=0.43..464.59 rows=116 width=125)
	  Index Cond: ((id >= 1433999) AND (id <= 1434099))

table 4 : explain SELECT id, c FROM sbtest4 WHERE id BETWEEN 1433999 AND 1434099
	Index Scan using sbtest4_pkey on sbtest4  (cost=0.43..380.43 rows=95 width=125)
	  Index Cond: ((id >= 1433999) AND (id <= 1434099))

table 5 : explain SELECT id, c FROM sbtest5 WHERE id BETWEEN 1433999 AND 1434099
	Index Scan using sbtest5_pkey on sbtest5  (cost=0.43..400.04 rows=100 width=125)
	  Index Cond: ((id >= 1433999) AND (id <= 1434099))

table 6 : explain SELECT id, c FROM sbtest6 WHERE id BETWEEN 1433999 AND 1434099
	Index Scan using sbtest6_pkey on sbtest6  (cost=0.43..376.05 rows=94 width=125)
	  Index Cond: ((id >= 1433999) AND (id <= 1434099))

table 7 : explain SELECT id, c FROM sbtest7 WHERE id BETWEEN 1433999 AND 1434099
	Index Scan using sbtest7_pkey on sbtest7  (cost=0.43..367.88 rows=92 width=125)
	  Index Cond: ((id >= 1433999) AND (id <= 1434099))

table 8 : explain SELECT id, c FROM sbtest8 WHERE id BETWEEN 1433999 AND 1434099
	Index Scan using sbtest8_pkey on sbtest8  (cost=0.43..387.93 rows=97 width=125)
	  Index Cond: ((id >= 1433999) AND (id <= 1434099))

explain: for range-notcovered :: explain SELECT id, c FROM sbtest%d WHERE id BETWEEN 1433999 AND 1434099
for range-notcovered
table 1 : explain SELECT id, c FROM sbtest1 WHERE id BETWEEN 7122570 AND 7122670
	Index Scan using sbtest1_pkey on sbtest1  (cost=0.43..440.95 rows=110 width=125)
	  Index Cond: ((id >= 7122570) AND (id <= 7122670))

table 2 : explain SELECT id, c FROM sbtest2 WHERE id BETWEEN 7122570 AND 7122670
	Index Scan using sbtest2_pkey on sbtest2  (cost=0.43..405.32 rows=101 width=125)
	  Index Cond: ((id >= 7122570) AND (id <= 7122670))

table 3 : explain SELECT id, c FROM sbtest3 WHERE id BETWEEN 7122570 AND 7122670
	Index Scan using sbtest3_pkey on sbtest3  (cost=0.43..381.29 rows=95 width=125)
	  Index Cond: ((id >= 7122570) AND (id <= 7122670))

table 4 : explain SELECT id, c FROM sbtest4 WHERE id BETWEEN 7122570 AND 7122670
	Index Scan using sbtest4_pkey on sbtest4  (cost=0.43..408.14 rows=102 width=125)
	  Index Cond: ((id >= 7122570) AND (id <= 7122670))

table 5 : explain SELECT id, c FROM sbtest5 WHERE id BETWEEN 7122570 AND 7122670
	Index Scan using sbtest5_pkey on sbtest5  (cost=0.43..415.86 rows=104 width=125)
	  Index Cond: ((id >= 7122570) AND (id <= 7122670))

table 6 : explain SELECT id, c FROM sbtest6 WHERE id BETWEEN 7122570 AND 7122670
	Index Scan using sbtest6_pkey on sbtest6  (cost=0.43..356.29 rows=89 width=125)
	  Index Cond: ((id >= 7122570) AND (id <= 7122670))

table 7 : explain SELECT id, c FROM sbtest7 WHERE id BETWEEN 7122570 AND 7122670
	Index Scan using sbtest7_pkey on sbtest7  (cost=0.43..383.68 rows=96 width=125)
	  Index Cond: ((id >= 7122570) AND (id <= 7122670))

table 8 : explain SELECT id, c FROM sbtest8 WHERE id BETWEEN 7122570 AND 7122670
	Index Scan using sbtest8_pkey on sbtest8  (cost=0.43..403.75 rows=101 width=125)
	  Index Cond: ((id >= 7122570) AND (id <= 7122670))

explain: for range-notcovered :: explain SELECT id, c FROM sbtest%d WHERE id BETWEEN 7122570 AND 7122670
for range-notcovered
table 1 : explain SELECT id, c FROM sbtest1 WHERE id BETWEEN 3421360 AND 3421460
	Index Scan using sbtest1_pkey on sbtest1  (cost=0.43..385.39 rows=96 width=125)
	  Index Cond: ((id >= 3421360) AND (id <= 3421460))

table 2 : explain SELECT id, c FROM sbtest2 WHERE id BETWEEN 3421360 AND 3421460
	Index Scan using sbtest2_pkey on sbtest2  (cost=0.43..417.22 rows=104 width=125)
	  Index Cond: ((id >= 3421360) AND (id <= 3421460))

table 3 : explain SELECT id, c FROM sbtest3 WHERE id BETWEEN 3421360 AND 3421460
	Index Scan using sbtest3_pkey on sbtest3  (cost=0.43..381.29 rows=95 width=125)
	  Index Cond: ((id >= 3421360) AND (id <= 3421460))

table 4 : explain SELECT id, c FROM sbtest4 WHERE id BETWEEN 3421360 AND 3421460
	Index Scan using sbtest4_pkey on sbtest4  (cost=0.43..416.05 rows=104 width=125)
	  Index Cond: ((id >= 3421360) AND (id <= 3421460))

table 5 : explain SELECT id, c FROM sbtest5 WHERE id BETWEEN 3421360 AND 3421460
	Index Scan using sbtest5_pkey on sbtest5  (cost=0.43..403.99 rows=101 width=125)
	  Index Cond: ((id >= 3421360) AND (id <= 3421460))

table 6 : explain SELECT id, c FROM sbtest6 WHERE id BETWEEN 3421360 AND 3421460
	Index Scan using sbtest6_pkey on sbtest6  (cost=0.43..419.54 rows=105 width=125)
	  Index Cond: ((id >= 3421360) AND (id <= 3421460))

table 7 : explain SELECT id, c FROM sbtest7 WHERE id BETWEEN 3421360 AND 3421460
	Index Scan using sbtest7_pkey on sbtest7  (cost=0.43..387.63 rows=97 width=125)
	  Index Cond: ((id >= 3421360) AND (id <= 3421460))

table 8 : explain SELECT id, c FROM sbtest8 WHERE id BETWEEN 3421360 AND 3421460
	Index Scan using sbtest8_pkey on sbtest8  (cost=0.43..431.42 rows=108 width=125)
	  Index Cond: ((id >= 3421360) AND (id <= 3421460))

explain: for range-notcovered :: explain SELECT id, c FROM sbtest%d WHERE id BETWEEN 3421360 AND 3421460
for range-notcovered
table 1 : explain SELECT id, c FROM sbtest1 WHERE id BETWEEN 8452532 AND 8452632
	Index Scan using sbtest1_pkey on sbtest1  (cost=0.43..440.95 rows=110 width=125)
	  Index Cond: ((id >= 8452532) AND (id <= 8452632))

table 2 : explain SELECT id, c FROM sbtest2 WHERE id BETWEEN 8452532 AND 8452632
	Index Scan using sbtest2_pkey on sbtest2  (cost=0.43..417.22 rows=104 width=125)
	  Index Cond: ((id >= 8452532) AND (id <= 8452632))

table 3 : explain SELECT id, c FROM sbtest3 WHERE id BETWEEN 8452532 AND 8452632
	Index Scan using sbtest3_pkey on sbtest3  (cost=0.43..381.29 rows=95 width=125)
	  Index Cond: ((id >= 8452532) AND (id <= 8452632))

table 4 : explain SELECT id, c FROM sbtest4 WHERE id BETWEEN 8452532 AND 8452632
	Index Scan using sbtest4_pkey on sbtest4  (cost=0.43..412.10 rows=103 width=125)
	  Index Cond: ((id >= 8452532) AND (id <= 8452632))

table 5 : explain SELECT id, c FROM sbtest5 WHERE id BETWEEN 8452532 AND 8452632
	Index Scan using sbtest5_pkey on sbtest5  (cost=0.43..364.43 rows=91 width=125)
	  Index Cond: ((id >= 8452532) AND (id <= 8452632))

table 6 : explain SELECT id, c FROM sbtest6 WHERE id BETWEEN 8452532 AND 8452632
	Index Scan using sbtest6_pkey on sbtest6  (cost=0.43..399.78 rows=100 width=125)
	  Index Cond: ((id >= 8452532) AND (id <= 8452632))

table 7 : explain SELECT id, c FROM sbtest7 WHERE id BETWEEN 8452532 AND 8452632
	Index Scan using sbtest7_pkey on sbtest7  (cost=0.43..403.44 rows=101 width=125)
	  Index Cond: ((id >= 8452532) AND (id <= 8452632))

table 8 : explain SELECT id, c FROM sbtest8 WHERE id BETWEEN 8452532 AND 8452632
	Index Scan using sbtest8_pkey on sbtest8  (cost=0.43..383.97 rows=96 width=125)
	  Index Cond: ((id >= 8452532) AND (id <= 8452632))

for range-notcovered
table 1 : explain SELECT id, c FROM sbtest1 WHERE id BETWEEN 1433999 AND 1434099
	Index Scan using sbtest1_pkey on sbtest1  (cost=0.43..397.29 rows=99 width=125)
	  Index Cond: ((id >= 1433999) AND (id <= 1434099))

table 2 : explain SELECT id, c FROM sbtest2 WHERE id BETWEEN 1433999 AND 1434099
	Index Scan using sbtest2_pkey on sbtest2  (cost=0.43..405.32 rows=101 width=125)
	  Index Cond: ((id >= 1433999) AND (id <= 1434099))

table 3 : explain SELECT id, c FROM sbtest3 WHERE id BETWEEN 1433999 AND 1434099
	Index Scan using sbtest3_pkey on sbtest3  (cost=0.43..464.59 rows=116 width=125)
	  Index Cond: ((id >= 1433999) AND (id <= 1434099))

table 4 : explain SELECT id, c FROM sbtest4 WHERE id BETWEEN 1433999 AND 1434099
	Index Scan using sbtest4_pkey on sbtest4  (cost=0.43..380.43 rows=95 width=125)
	  Index Cond: ((id >= 1433999) AND (id <= 1434099))

table 5 : explain SELECT id, c FROM sbtest5 WHERE id BETWEEN 1433999 AND 1434099
	Index Scan using sbtest5_pkey on sbtest5  (cost=0.43..400.04 rows=100 width=125)
	  Index Cond: ((id >= 1433999) AND (id <= 1434099))

table 6 : explain SELECT id, c FROM sbtest6 WHERE id BETWEEN 1433999 AND 1434099
	Index Scan using sbtest6_pkey on sbtest6  (cost=0.43..376.05 rows=94 width=125)
	  Index Cond: ((id >= 1433999) AND (id <= 1434099))

table 7 : explain SELECT id, c FROM sbtest7 WHERE id BETWEEN 1433999 AND 1434099
	Index Scan using sbtest7_pkey on sbtest7  (cost=0.43..367.88 rows=92 width=125)
	  Index Cond: ((id >= 1433999) AND (id <= 1434099))

table 8 : explain SELECT id, c FROM sbtest8 WHERE id BETWEEN 1433999 AND 1434099
	Index Scan using sbtest8_pkey on sbtest8  (cost=0.43..387.93 rows=97 width=125)
	  Index Cond: ((id >= 1433999) AND (id <= 1434099))

explain: for range-notcovered :: explain SELECT id, c FROM sbtest%d WHERE id BETWEEN 1433999 AND 1434099
for range-notcovered
table 1 : explain SELECT id, c FROM sbtest1 WHERE id BETWEEN 7547422 AND 7547522
	Index Scan using sbtest1_pkey on sbtest1  (cost=0.43..385.39 rows=96 width=125)
	  Index Cond: ((id >= 7547422) AND (id <= 7547522))

table 2 : explain SELECT id, c FROM sbtest2 WHERE id BETWEEN 7547422 AND 7547522
	Index Scan using sbtest2_pkey on sbtest2  (cost=0.43..421.19 rows=105 width=125)
	  Index Cond: ((id >= 7547422) AND (id <= 7547522))

table 3 : explain SELECT id, c FROM sbtest3 WHERE id BETWEEN 7547422 AND 7547522
	Index Scan using sbtest3_pkey on sbtest3  (cost=0.43..393.19 rows=98 width=125)
	  Index Cond: ((id >= 7547422) AND (id <= 7547522))

table 4 : explain SELECT id, c FROM sbtest4 WHERE id BETWEEN 7547422 AND 7547522
	Index Scan using sbtest4_pkey on sbtest4  (cost=0.43..380.43 rows=95 width=125)
	  Index Cond: ((id >= 7547422) AND (id <= 7547522))

table 5 : explain SELECT id, c FROM sbtest5 WHERE id BETWEEN 7547422 AND 7547522
	Index Scan using sbtest5_pkey on sbtest5  (cost=0.43..419.81 rows=105 width=125)
	  Index Cond: ((id >= 7547422) AND (id <= 7547522))

table 6 : explain SELECT id, c FROM sbtest6 WHERE id BETWEEN 7547422 AND 7547522
	Index Scan using sbtest6_pkey on sbtest6  (cost=0.43..395.83 rows=99 width=125)
	  Index Cond: ((id >= 7547422) AND (id <= 7547522))

table 7 : explain SELECT id, c FROM sbtest7 WHERE id BETWEEN 7547422 AND 7547522
	Index Scan using sbtest7_pkey on sbtest7  (cost=0.43..411.34 rows=103 width=125)
	  Index Cond: ((id >= 7547422) AND (id <= 7547522))

table 8 : explain SELECT id, c FROM sbtest8 WHERE id BETWEEN 7547422 AND 7547522
	Index Scan using sbtest8_pkey on sbtest8  (cost=0.43..403.75 rows=101 width=125)
	  Index Cond: ((id >= 7547422) AND (id <= 7547522))

explain: for range-notcovered :: explain SELECT id, c FROM sbtest%d WHERE id BETWEEN 7547422 AND 7547522
for range-notcovered
table 1 : explain SELECT id, c FROM sbtest1 WHERE id BETWEEN 7122570 AND 7122670
	Index Scan using sbtest1_pkey on sbtest1  (cost=0.43..440.95 rows=110 width=125)
	  Index Cond: ((id >= 7122570) AND (id <= 7122670))

table 2 : explain SELECT id, c FROM sbtest2 WHERE id BETWEEN 7122570 AND 7122670
	Index Scan using sbtest2_pkey on sbtest2  (cost=0.43..405.32 rows=101 width=125)
	  Index Cond: ((id >= 7122570) AND (id <= 7122670))

table 3 : explain SELECT id, c FROM sbtest3 WHERE id BETWEEN 7122570 AND 7122670
	Index Scan using sbtest3_pkey on sbtest3  (cost=0.43..381.29 rows=95 width=125)
	  Index Cond: ((id >= 7122570) AND (id <= 7122670))

table 4 : explain SELECT id, c FROM sbtest4 WHERE id BETWEEN 7122570 AND 7122670
	Index Scan using sbtest4_pkey on sbtest4  (cost=0.43..408.14 rows=102 width=125)
	  Index Cond: ((id >= 7122570) AND (id <= 7122670))

table 5 : explain SELECT id, c FROM sbtest5 WHERE id BETWEEN 7122570 AND 7122670
	Index Scan using sbtest5_pkey on sbtest5  (cost=0.43..415.86 rows=104 width=125)
	  Index Cond: ((id >= 7122570) AND (id <= 7122670))

table 6 : explain SELECT id, c FROM sbtest6 WHERE id BETWEEN 7122570 AND 7122670
	Index Scan using sbtest6_pkey on sbtest6  (cost=0.43..356.29 rows=89 width=125)
	  Index Cond: ((id >= 7122570) AND (id <= 7122670))

table 7 : explain SELECT id, c FROM sbtest7 WHERE id BETWEEN 7122570 AND 7122670
	Index Scan using sbtest7_pkey on sbtest7  (cost=0.43..383.68 rows=96 width=125)
	  Index Cond: ((id >= 7122570) AND (id <= 7122670))

table 8 : explain SELECT id, c FROM sbtest8 WHERE id BETWEEN 7122570 AND 7122670
	Index Scan using sbtest8_pkey on sbtest8  (cost=0.43..403.75 rows=101 width=125)
	  Index Cond: ((id >= 7122570) AND (id <= 7122670))

explain: for range-notcovered :: explain SELECT id, c FROM sbtest%d WHERE id BETWEEN 7122570 AND 7122670
for range-notcovered
table 1 : explain SELECT id, c FROM sbtest1 WHERE id BETWEEN 3421360 AND 3421460
	Index Scan using sbtest1_pkey on sbtest1  (cost=0.43..385.39 rows=96 width=125)
	  Index Cond: ((id >= 3421360) AND (id <= 3421460))

table 2 : explain SELECT id, c FROM sbtest2 WHERE id BETWEEN 3421360 AND 3421460
	Index Scan using sbtest2_pkey on sbtest2  (cost=0.43..417.22 rows=104 width=125)
	  Index Cond: ((id >= 3421360) AND (id <= 3421460))

table 3 : explain SELECT id, c FROM sbtest3 WHERE id BETWEEN 3421360 AND 3421460
	Index Scan using sbtest3_pkey on sbtest3  (cost=0.43..381.29 rows=95 width=125)
	  Index Cond: ((id >= 3421360) AND (id <= 3421460))

table 4 : explain SELECT id, c FROM sbtest4 WHERE id BETWEEN 3421360 AND 3421460
	Index Scan using sbtest4_pkey on sbtest4  (cost=0.43..416.05 rows=104 width=125)
	  Index Cond: ((id >= 3421360) AND (id <= 3421460))

table 5 : explain SELECT id, c FROM sbtest5 WHERE id BETWEEN 3421360 AND 3421460
	Index Scan using sbtest5_pkey on sbtest5  (cost=0.43..403.99 rows=101 width=125)
	  Index Cond: ((id >= 3421360) AND (id <= 3421460))

table 6 : explain SELECT id, c FROM sbtest6 WHERE id BETWEEN 3421360 AND 3421460
	Index Scan using sbtest6_pkey on sbtest6  (cost=0.43..419.54 rows=105 width=125)
	  Index Cond: ((id >= 3421360) AND (id <= 3421460))

table 7 : explain SELECT id, c FROM sbtest7 WHERE id BETWEEN 3421360 AND 3421460
	Index Scan using sbtest7_pkey on sbtest7  (cost=0.43..387.63 rows=97 width=125)
	  Index Cond: ((id >= 3421360) AND (id <= 3421460))

table 8 : explain SELECT id, c FROM sbtest8 WHERE id BETWEEN 3421360 AND 3421460
	Index Scan using sbtest8_pkey on sbtest8  (cost=0.43..431.42 rows=108 width=125)
	  Index Cond: ((id >= 3421360) AND (id <= 3421460))

for range-notcovered
table 1 : explain SELECT id, c FROM sbtest1 WHERE id BETWEEN 1685573 AND 1685673
	Index Scan using sbtest1_pkey on sbtest1  (cost=0.43..373.49 rows=93 width=125)
	  Index Cond: ((id >= 1685573) AND (id <= 1685673))

table 2 : explain SELECT id, c FROM sbtest2 WHERE id BETWEEN 1685573 AND 1685673
	Index Scan using sbtest2_pkey on sbtest2  (cost=0.43..413.26 rows=103 width=125)
	  Index Cond: ((id >= 1685573) AND (id <= 1685673))

table 3 : explain SELECT id, c FROM sbtest3 WHERE id BETWEEN 1685573 AND 1685673
	Index Scan using sbtest3_pkey on sbtest3  (cost=0.43..409.06 rows=102 width=125)
	  Index Cond: ((id >= 1685573) AND (id <= 1685673))

table 4 : explain SELECT id, c FROM sbtest4 WHERE id BETWEEN 1685573 AND 1685673
	Index Scan using sbtest4_pkey on sbtest4  (cost=0.43..392.30 rows=98 width=125)
	  Index Cond: ((id >= 1685573) AND (id <= 1685673))

table 5 : explain SELECT id, c FROM sbtest5 WHERE id BETWEEN 1685573 AND 1685673
	Index Scan using sbtest5_pkey on sbtest5  (cost=0.43..451.45 rows=113 width=125)
	  Index Cond: ((id >= 1685573) AND (id <= 1685673))

table 6 : explain SELECT id, c FROM sbtest6 WHERE id BETWEEN 1685573 AND 1685673
	Index Scan using sbtest6_pkey on sbtest6  (cost=0.43..407.68 rows=102 width=125)
	  Index Cond: ((id >= 1685573) AND (id <= 1685673))

table 7 : explain SELECT id, c FROM sbtest7 WHERE id BETWEEN 1685573 AND 1685673
	Index Scan using sbtest7_pkey on sbtest7  (cost=0.43..375.78 rows=94 width=125)
	  Index Cond: ((id >= 1685573) AND (id <= 1685673))

table 8 : explain SELECT id, c FROM sbtest8 WHERE id BETWEEN 1685573 AND 1685673
	Index Scan using sbtest8_pkey on sbtest8  (cost=0.43..403.75 rows=101 width=125)
	  Index Cond: ((id >= 1685573) AND (id <= 1685673))

explain: for range-notcovered :: explain SELECT id, c FROM sbtest%d WHERE id BETWEEN 1685573 AND 1685673
for range-notcovered
table 1 : explain SELECT id, c FROM sbtest1 WHERE id BETWEEN 1433999 AND 1434099
	Index Scan using sbtest1_pkey on sbtest1  (cost=0.43..397.29 rows=99 width=125)
	  Index Cond: ((id >= 1433999) AND (id <= 1434099))

table 2 : explain SELECT id, c FROM sbtest2 WHERE id BETWEEN 1433999 AND 1434099
	Index Scan using sbtest2_pkey on sbtest2  (cost=0.43..405.32 rows=101 width=125)
	  Index Cond: ((id >= 1433999) AND (id <= 1434099))

table 3 : explain SELECT id, c FROM sbtest3 WHERE id BETWEEN 1433999 AND 1434099
	Index Scan using sbtest3_pkey on sbtest3  (cost=0.43..464.59 rows=116 width=125)
	  Index Cond: ((id >= 1433999) AND (id <= 1434099))

table 4 : explain SELECT id, c FROM sbtest4 WHERE id BETWEEN 1433999 AND 1434099
	Index Scan using sbtest4_pkey on sbtest4  (cost=0.43..380.43 rows=95 width=125)
	  Index Cond: ((id >= 1433999) AND (id <= 1434099))

table 5 : explain SELECT id, c FROM sbtest5 WHERE id BETWEEN 1433999 AND 1434099
	Index Scan using sbtest5_pkey on sbtest5  (cost=0.43..400.04 rows=100 width=125)
	  Index Cond: ((id >= 1433999) AND (id <= 1434099))

table 6 : explain SELECT id, c FROM sbtest6 WHERE id BETWEEN 1433999 AND 1434099
	Index Scan using sbtest6_pkey on sbtest6  (cost=0.43..376.05 rows=94 width=125)
	  Index Cond: ((id >= 1433999) AND (id <= 1434099))

table 7 : explain SELECT id, c FROM sbtest7 WHERE id BETWEEN 1433999 AND 1434099
	Index Scan using sbtest7_pkey on sbtest7  (cost=0.43..367.88 rows=92 width=125)
	  Index Cond: ((id >= 1433999) AND (id <= 1434099))

table 8 : explain SELECT id, c FROM sbtest8 WHERE id BETWEEN 1433999 AND 1434099
	Index Scan using sbtest8_pkey on sbtest8  (cost=0.43..387.93 rows=97 width=125)
	  Index Cond: ((id >= 1433999) AND (id <= 1434099))

for range-notcovered
table 1 : explain SELECT id, c FROM sbtest1 WHERE id BETWEEN 7547422 AND 7547522
	Index Scan using sbtest1_pkey on sbtest1  (cost=0.43..385.39 rows=96 width=125)
	  Index Cond: ((id >= 7547422) AND (id <= 7547522))

table 2 : explain SELECT id, c FROM sbtest2 WHERE id BETWEEN 7547422 AND 7547522
	Index Scan using sbtest2_pkey on sbtest2  (cost=0.43..421.19 rows=105 width=125)
	  Index Cond: ((id >= 7547422) AND (id <= 7547522))

table 3 : explain SELECT id, c FROM sbtest3 WHERE id BETWEEN 7547422 AND 7547522
	Index Scan using sbtest3_pkey on sbtest3  (cost=0.43..393.19 rows=98 width=125)
	  Index Cond: ((id >= 7547422) AND (id <= 7547522))

table 4 : explain SELECT id, c FROM sbtest4 WHERE id BETWEEN 7547422 AND 7547522
	Index Scan using sbtest4_pkey on sbtest4  (cost=0.43..380.43 rows=95 width=125)
	  Index Cond: ((id >= 7547422) AND (id <= 7547522))

table 5 : explain SELECT id, c FROM sbtest5 WHERE id BETWEEN 7547422 AND 7547522
	Index Scan using sbtest5_pkey on sbtest5  (cost=0.43..419.81 rows=105 width=125)
	  Index Cond: ((id >= 7547422) AND (id <= 7547522))

table 6 : explain SELECT id, c FROM sbtest6 WHERE id BETWEEN 7547422 AND 7547522
	Index Scan using sbtest6_pkey on sbtest6  (cost=0.43..395.83 rows=99 width=125)
	  Index Cond: ((id >= 7547422) AND (id <= 7547522))

table 7 : explain SELECT id, c FROM sbtest7 WHERE id BETWEEN 7547422 AND 7547522
	Index Scan using sbtest7_pkey on sbtest7  (cost=0.43..411.34 rows=103 width=125)
	  Index Cond: ((id >= 7547422) AND (id <= 7547522))

table 8 : explain SELECT id, c FROM sbtest8 WHERE id BETWEEN 7547422 AND 7547522
	Index Scan using sbtest8_pkey on sbtest8  (cost=0.43..403.75 rows=101 width=125)
	  Index Cond: ((id >= 7547422) AND (id <= 7547522))

explain: for range-notcovered :: explain SELECT id, c FROM sbtest%d WHERE id BETWEEN 7547422 AND 7547522
for range-notcovered
table 1 : explain SELECT id, c FROM sbtest1 WHERE id BETWEEN 7122570 AND 7122670
	Index Scan using sbtest1_pkey on sbtest1  (cost=0.43..440.95 rows=110 width=125)
	  Index Cond: ((id >= 7122570) AND (id <= 7122670))

table 2 : explain SELECT id, c FROM sbtest2 WHERE id BETWEEN 7122570 AND 7122670
	Index Scan using sbtest2_pkey on sbtest2  (cost=0.43..405.32 rows=101 width=125)
	  Index Cond: ((id >= 7122570) AND (id <= 7122670))

table 3 : explain SELECT id, c FROM sbtest3 WHERE id BETWEEN 7122570 AND 7122670
	Index Scan using sbtest3_pkey on sbtest3  (cost=0.43..381.29 rows=95 width=125)
	  Index Cond: ((id >= 7122570) AND (id <= 7122670))

table 4 : explain SELECT id, c FROM sbtest4 WHERE id BETWEEN 7122570 AND 7122670
	Index Scan using sbtest4_pkey on sbtest4  (cost=0.43..408.14 rows=102 width=125)
	  Index Cond: ((id >= 7122570) AND (id <= 7122670))

table 5 : explain SELECT id, c FROM sbtest5 WHERE id BETWEEN 7122570 AND 7122670
	Index Scan using sbtest5_pkey on sbtest5  (cost=0.43..415.86 rows=104 width=125)
	  Index Cond: ((id >= 7122570) AND (id <= 7122670))

table 6 : explain SELECT id, c FROM sbtest6 WHERE id BETWEEN 7122570 AND 7122670
	Index Scan using sbtest6_pkey on sbtest6  (cost=0.43..356.29 rows=89 width=125)
	  Index Cond: ((id >= 7122570) AND (id <= 7122670))

table 7 : explain SELECT id, c FROM sbtest7 WHERE id BETWEEN 7122570 AND 7122670
	Index Scan using sbtest7_pkey on sbtest7  (cost=0.43..383.68 rows=96 width=125)
	  Index Cond: ((id >= 7122570) AND (id <= 7122670))

table 8 : explain SELECT id, c FROM sbtest8 WHERE id BETWEEN 7122570 AND 7122670
	Index Scan using sbtest8_pkey on sbtest8  (cost=0.43..403.75 rows=101 width=125)
	  Index Cond: ((id >= 7122570) AND (id <= 7122670))

explain: for range-notcovered :: explain SELECT id, c FROM sbtest%d WHERE id BETWEEN 7122570 AND 7122670
for range-notcovered
table 1 : explain SELECT id, c FROM sbtest1 WHERE id BETWEEN 1685573 AND 1685673
	Index Scan using sbtest1_pkey on sbtest1  (cost=0.43..373.49 rows=93 width=125)
	  Index Cond: ((id >= 1685573) AND (id <= 1685673))

table 2 : explain SELECT id, c FROM sbtest2 WHERE id BETWEEN 1685573 AND 1685673
	Index Scan using sbtest2_pkey on sbtest2  (cost=0.43..413.26 rows=103 width=125)
	  Index Cond: ((id >= 1685573) AND (id <= 1685673))

table 3 : explain SELECT id, c FROM sbtest3 WHERE id BETWEEN 1685573 AND 1685673
	Index Scan using sbtest3_pkey on sbtest3  (cost=0.43..409.06 rows=102 width=125)
	  Index Cond: ((id >= 1685573) AND (id <= 1685673))

table 4 : explain SELECT id, c FROM sbtest4 WHERE id BETWEEN 1685573 AND 1685673
	Index Scan using sbtest4_pkey on sbtest4  (cost=0.43..392.30 rows=98 width=125)
	  Index Cond: ((id >= 1685573) AND (id <= 1685673))

table 5 : explain SELECT id, c FROM sbtest5 WHERE id BETWEEN 1685573 AND 1685673
	Index Scan using sbtest5_pkey on sbtest5  (cost=0.43..451.45 rows=113 width=125)
	  Index Cond: ((id >= 1685573) AND (id <= 1685673))

table 6 : explain SELECT id, c FROM sbtest6 WHERE id BETWEEN 1685573 AND 1685673
	Index Scan using sbtest6_pkey on sbtest6  (cost=0.43..407.68 rows=102 width=125)
	  Index Cond: ((id >= 1685573) AND (id <= 1685673))

table 7 : explain SELECT id, c FROM sbtest7 WHERE id BETWEEN 1685573 AND 1685673
	Index Scan using sbtest7_pkey on sbtest7  (cost=0.43..375.78 rows=94 width=125)
	  Index Cond: ((id >= 1685573) AND (id <= 1685673))

table 8 : explain SELECT id, c FROM sbtest8 WHERE id BETWEEN 1685573 AND 1685673
	Index Scan using sbtest8_pkey on sbtest8  (cost=0.43..403.75 rows=101 width=125)
	  Index Cond: ((id >= 1685573) AND (id <= 1685673))

explain: for range-notcovered :: explain SELECT id, c FROM sbtest%d WHERE id BETWEEN 1685573 AND 1685673
for range-notcovered
table 1 : explain SELECT id, c FROM sbtest1 WHERE id BETWEEN 7547422 AND 7547522
	Index Scan using sbtest1_pkey on sbtest1  (cost=0.43..385.39 rows=96 width=125)
	  Index Cond: ((id >= 7547422) AND (id <= 7547522))

table 2 : explain SELECT id, c FROM sbtest2 WHERE id BETWEEN 7547422 AND 7547522
	Index Scan using sbtest2_pkey on sbtest2  (cost=0.43..421.19 rows=105 width=125)
	  Index Cond: ((id >= 7547422) AND (id <= 7547522))

table 3 : explain SELECT id, c FROM sbtest3 WHERE id BETWEEN 7547422 AND 7547522
	Index Scan using sbtest3_pkey on sbtest3  (cost=0.43..393.19 rows=98 width=125)
	  Index Cond: ((id >= 7547422) AND (id <= 7547522))

table 4 : explain SELECT id, c FROM sbtest4 WHERE id BETWEEN 7547422 AND 7547522
	Index Scan using sbtest4_pkey on sbtest4  (cost=0.43..380.43 rows=95 width=125)
	  Index Cond: ((id >= 7547422) AND (id <= 7547522))

table 5 : explain SELECT id, c FROM sbtest5 WHERE id BETWEEN 7547422 AND 7547522
	Index Scan using sbtest5_pkey on sbtest5  (cost=0.43..419.81 rows=105 width=125)
	  Index Cond: ((id >= 7547422) AND (id <= 7547522))

table 6 : explain SELECT id, c FROM sbtest6 WHERE id BETWEEN 7547422 AND 7547522
	Index Scan using sbtest6_pkey on sbtest6  (cost=0.43..395.83 rows=99 width=125)
	  Index Cond: ((id >= 7547422) AND (id <= 7547522))

table 7 : explain SELECT id, c FROM sbtest7 WHERE id BETWEEN 7547422 AND 7547522
	Index Scan using sbtest7_pkey on sbtest7  (cost=0.43..411.34 rows=103 width=125)
	  Index Cond: ((id >= 7547422) AND (id <= 7547522))

table 8 : explain SELECT id, c FROM sbtest8 WHERE id BETWEEN 7547422 AND 7547522
	Index Scan using sbtest8_pkey on sbtest8  (cost=0.43..403.75 rows=101 width=125)
	  Index Cond: ((id >= 7547422) AND (id <= 7547522))

explain: for range-notcovered :: explain SELECT id, c FROM sbtest%d WHERE id BETWEEN 7547422 AND 7547522
for range-notcovered
table 1 : explain SELECT id, c FROM sbtest1 WHERE id BETWEEN 7122570 AND 7122670
	Index Scan using sbtest1_pkey on sbtest1  (cost=0.43..440.95 rows=110 width=125)
	  Index Cond: ((id >= 7122570) AND (id <= 7122670))

table 2 : explain SELECT id, c FROM sbtest2 WHERE id BETWEEN 7122570 AND 7122670
	Index Scan using sbtest2_pkey on sbtest2  (cost=0.43..405.32 rows=101 width=125)
	  Index Cond: ((id >= 7122570) AND (id <= 7122670))

table 3 : explain SELECT id, c FROM sbtest3 WHERE id BETWEEN 7122570 AND 7122670
	Index Scan using sbtest3_pkey on sbtest3  (cost=0.43..381.29 rows=95 width=125)
	  Index Cond: ((id >= 7122570) AND (id <= 7122670))

table 4 : explain SELECT id, c FROM sbtest4 WHERE id BETWEEN 7122570 AND 7122670
	Index Scan using sbtest4_pkey on sbtest4  (cost=0.43..408.14 rows=102 width=125)
	  Index Cond: ((id >= 7122570) AND (id <= 7122670))

table 5 : explain SELECT id, c FROM sbtest5 WHERE id BETWEEN 7122570 AND 7122670
	Index Scan using sbtest5_pkey on sbtest5  (cost=0.43..415.86 rows=104 width=125)
	  Index Cond: ((id >= 7122570) AND (id <= 7122670))

table 6 : explain SELECT id, c FROM sbtest6 WHERE id BETWEEN 7122570 AND 7122670
	Index Scan using sbtest6_pkey on sbtest6  (cost=0.43..356.29 rows=89 width=125)
	  Index Cond: ((id >= 7122570) AND (id <= 7122670))

table 7 : explain SELECT id, c FROM sbtest7 WHERE id BETWEEN 7122570 AND 7122670
	Index Scan using sbtest7_pkey on sbtest7  (cost=0.43..383.68 rows=96 width=125)
	  Index Cond: ((id >= 7122570) AND (id <= 7122670))

table 8 : explain SELECT id, c FROM sbtest8 WHERE id BETWEEN 7122570 AND 7122670
	Index Scan using sbtest8_pkey on sbtest8  (cost=0.43..403.75 rows=101 width=125)
	  Index Cond: ((id >= 7122570) AND (id <= 7122670))

explain: for range-notcovered :: explain SELECT id, c FROM sbtest%d WHERE id BETWEEN 5591809 AND 5591909
for range-notcovered
table 1 : explain SELECT id, c FROM sbtest1 WHERE id BETWEEN 1685573 AND 1685673
	Index Scan using sbtest1_pkey on sbtest1  (cost=0.43..373.49 rows=93 width=125)
	  Index Cond: ((id >= 1685573) AND (id <= 1685673))

table 2 : explain SELECT id, c FROM sbtest2 WHERE id BETWEEN 1685573 AND 1685673
	Index Scan using sbtest2_pkey on sbtest2  (cost=0.43..413.26 rows=103 width=125)
	  Index Cond: ((id >= 1685573) AND (id <= 1685673))

table 3 : explain SELECT id, c FROM sbtest3 WHERE id BETWEEN 1685573 AND 1685673
	Index Scan using sbtest3_pkey on sbtest3  (cost=0.43..409.06 rows=102 width=125)
	  Index Cond: ((id >= 1685573) AND (id <= 1685673))

table 4 : explain SELECT id, c FROM sbtest4 WHERE id BETWEEN 1685573 AND 1685673
	Index Scan using sbtest4_pkey on sbtest4  (cost=0.43..392.30 rows=98 width=125)
	  Index Cond: ((id >= 1685573) AND (id <= 1685673))

table 5 : explain SELECT id, c FROM sbtest5 WHERE id BETWEEN 1685573 AND 1685673
	Index Scan using sbtest5_pkey on sbtest5  (cost=0.43..451.45 rows=113 width=125)
	  Index Cond: ((id >= 1685573) AND (id <= 1685673))

table 6 : explain SELECT id, c FROM sbtest6 WHERE id BETWEEN 1685573 AND 1685673
	Index Scan using sbtest6_pkey on sbtest6  (cost=0.43..407.68 rows=102 width=125)
	  Index Cond: ((id >= 1685573) AND (id <= 1685673))

table 7 : explain SELECT id, c FROM sbtest7 WHERE id BETWEEN 1685573 AND 1685673
	Index Scan using sbtest7_pkey on sbtest7  (cost=0.43..375.78 rows=94 width=125)
	  Index Cond: ((id >= 1685573) AND (id <= 1685673))

table 8 : explain SELECT id, c FROM sbtest8 WHERE id BETWEEN 1685573 AND 1685673
	Index Scan using sbtest8_pkey on sbtest8  (cost=0.43..403.75 rows=101 width=125)
	  Index Cond: ((id >= 1685573) AND (id <= 1685673))

explain: for range-notcovered :: explain SELECT id, c FROM sbtest%d WHERE id BETWEEN 1685573 AND 1685673
for range-notcovered
table 1 : explain SELECT id, c FROM sbtest1 WHERE id BETWEEN 7547422 AND 7547522
	Index Scan using sbtest1_pkey on sbtest1  (cost=0.43..385.39 rows=96 width=125)
	  Index Cond: ((id >= 7547422) AND (id <= 7547522))

table 2 : explain SELECT id, c FROM sbtest2 WHERE id BETWEEN 7547422 AND 7547522
	Index Scan using sbtest2_pkey on sbtest2  (cost=0.43..421.19 rows=105 width=125)
	  Index Cond: ((id >= 7547422) AND (id <= 7547522))

table 3 : explain SELECT id, c FROM sbtest3 WHERE id BETWEEN 7547422 AND 7547522
	Index Scan using sbtest3_pkey on sbtest3  (cost=0.43..393.19 rows=98 width=125)
	  Index Cond: ((id >= 7547422) AND (id <= 7547522))

table 4 : explain SELECT id, c FROM sbtest4 WHERE id BETWEEN 7547422 AND 7547522
	Index Scan using sbtest4_pkey on sbtest4  (cost=0.43..380.43 rows=95 width=125)
	  Index Cond: ((id >= 7547422) AND (id <= 7547522))

table 5 : explain SELECT id, c FROM sbtest5 WHERE id BETWEEN 7547422 AND 7547522
	Index Scan using sbtest5_pkey on sbtest5  (cost=0.43..419.81 rows=105 width=125)
	  Index Cond: ((id >= 7547422) AND (id <= 7547522))

table 6 : explain SELECT id, c FROM sbtest6 WHERE id BETWEEN 7547422 AND 7547522
	Index Scan using sbtest6_pkey on sbtest6  (cost=0.43..395.83 rows=99 width=125)
	  Index Cond: ((id >= 7547422) AND (id <= 7547522))

table 7 : explain SELECT id, c FROM sbtest7 WHERE id BETWEEN 7547422 AND 7547522
	Index Scan using sbtest7_pkey on sbtest7  (cost=0.43..411.34 rows=103 width=125)
	  Index Cond: ((id >= 7547422) AND (id <= 7547522))

table 8 : explain SELECT id, c FROM sbtest8 WHERE id BETWEEN 7547422 AND 7547522
	Index Scan using sbtest8_pkey on sbtest8  (cost=0.43..403.75 rows=101 width=125)
	  Index Cond: ((id >= 7547422) AND (id <= 7547522))

explain: for range-notcovered :: explain SELECT id, c FROM sbtest%d WHERE id BETWEEN 7547422 AND 7547522
for range-notcovered
table 1 : explain SELECT id, c FROM sbtest1 WHERE id BETWEEN 1685573 AND 1685673
	Index Scan using sbtest1_pkey on sbtest1  (cost=0.43..373.49 rows=93 width=125)
	  Index Cond: ((id >= 1685573) AND (id <= 1685673))

table 2 : explain SELECT id, c FROM sbtest2 WHERE id BETWEEN 1685573 AND 1685673
	Index Scan using sbtest2_pkey on sbtest2  (cost=0.43..413.26 rows=103 width=125)
	  Index Cond: ((id >= 1685573) AND (id <= 1685673))

table 3 : explain SELECT id, c FROM sbtest3 WHERE id BETWEEN 1685573 AND 1685673
	Index Scan using sbtest3_pkey on sbtest3  (cost=0.43..409.06 rows=102 width=125)
	  Index Cond: ((id >= 1685573) AND (id <= 1685673))

table 4 : explain SELECT id, c FROM sbtest4 WHERE id BETWEEN 1685573 AND 1685673
	Index Scan using sbtest4_pkey on sbtest4  (cost=0.43..392.30 rows=98 width=125)
	  Index Cond: ((id >= 1685573) AND (id <= 1685673))

table 5 : explain SELECT id, c FROM sbtest5 WHERE id BETWEEN 1685573 AND 1685673
	Index Scan using sbtest5_pkey on sbtest5  (cost=0.43..451.45 rows=113 width=125)
	  Index Cond: ((id >= 1685573) AND (id <= 1685673))

table 6 : explain SELECT id, c FROM sbtest6 WHERE id BETWEEN 1685573 AND 1685673
	Index Scan using sbtest6_pkey on sbtest6  (cost=0.43..407.68 rows=102 width=125)
	  Index Cond: ((id >= 1685573) AND (id <= 1685673))

table 7 : explain SELECT id, c FROM sbtest7 WHERE id BETWEEN 1685573 AND 1685673
	Index Scan using sbtest7_pkey on sbtest7  (cost=0.43..375.78 rows=94 width=125)
	  Index Cond: ((id >= 1685573) AND (id <= 1685673))

table 8 : explain SELECT id, c FROM sbtest8 WHERE id BETWEEN 1685573 AND 1685673
	Index Scan using sbtest8_pkey on sbtest8  (cost=0.43..403.75 rows=101 width=125)
	  Index Cond: ((id >= 1685573) AND (id <= 1685673))

explain: for range-notcovered :: explain SELECT id, c FROM sbtest%d WHERE id BETWEEN 1685573 AND 1685673
explain: for range-notcovered :: explain SELECT id, c FROM sbtest%d WHERE id BETWEEN 4365652 AND 4365752
for range-notcovered
table 1 : explain SELECT id, c FROM sbtest1 WHERE id BETWEEN 1685573 AND 1685673
	Index Scan using sbtest1_pkey on sbtest1  (cost=0.43..373.49 rows=93 width=125)
	  Index Cond: ((id >= 1685573) AND (id <= 1685673))

table 2 : explain SELECT id, c FROM sbtest2 WHERE id BETWEEN 1685573 AND 1685673
	Index Scan using sbtest2_pkey on sbtest2  (cost=0.43..413.26 rows=103 width=125)
	  Index Cond: ((id >= 1685573) AND (id <= 1685673))

table 3 : explain SELECT id, c FROM sbtest3 WHERE id BETWEEN 1685573 AND 1685673
	Index Scan using sbtest3_pkey on sbtest3  (cost=0.43..409.06 rows=102 width=125)
	  Index Cond: ((id >= 1685573) AND (id <= 1685673))

table 4 : explain SELECT id, c FROM sbtest4 WHERE id BETWEEN 1685573 AND 1685673
	Index Scan using sbtest4_pkey on sbtest4  (cost=0.43..392.30 rows=98 width=125)
	  Index Cond: ((id >= 1685573) AND (id <= 1685673))

table 5 : explain SELECT id, c FROM sbtest5 WHERE id BETWEEN 1685573 AND 1685673
	Index Scan using sbtest5_pkey on sbtest5  (cost=0.43..451.45 rows=113 width=125)
	  Index Cond: ((id >= 1685573) AND (id <= 1685673))

table 6 : explain SELECT id, c FROM sbtest6 WHERE id BETWEEN 1685573 AND 1685673
	Index Scan using sbtest6_pkey on sbtest6  (cost=0.43..407.68 rows=102 width=125)
	  Index Cond: ((id >= 1685573) AND (id <= 1685673))

table 7 : explain SELECT id, c FROM sbtest7 WHERE id BETWEEN 1685573 AND 1685673
	Index Scan using sbtest7_pkey on sbtest7  (cost=0.43..375.78 rows=94 width=125)
	  Index Cond: ((id >= 1685573) AND (id <= 1685673))

table 8 : explain SELECT id, c FROM sbtest8 WHERE id BETWEEN 1685573 AND 1685673
	Index Scan using sbtest8_pkey on sbtest8  (cost=0.43..403.75 rows=101 width=125)
	  Index Cond: ((id >= 1685573) AND (id <= 1685673))

explain: for range-notcovered :: explain SELECT id, c FROM sbtest%d WHERE id BETWEEN 1685573 AND 1685673
for range-notcovered
table 1 : explain SELECT id, c FROM sbtest1 WHERE id BETWEEN 7547422 AND 7547522
	Index Scan using sbtest1_pkey on sbtest1  (cost=0.43..385.39 rows=96 width=125)
	  Index Cond: ((id >= 7547422) AND (id <= 7547522))

table 2 : explain SELECT id, c FROM sbtest2 WHERE id BETWEEN 7547422 AND 7547522
	Index Scan using sbtest2_pkey on sbtest2  (cost=0.43..421.19 rows=105 width=125)
	  Index Cond: ((id >= 7547422) AND (id <= 7547522))

table 3 : explain SELECT id, c FROM sbtest3 WHERE id BETWEEN 7547422 AND 7547522
	Index Scan using sbtest3_pkey on sbtest3  (cost=0.43..393.19 rows=98 width=125)
	  Index Cond: ((id >= 7547422) AND (id <= 7547522))

table 4 : explain SELECT id, c FROM sbtest4 WHERE id BETWEEN 7547422 AND 7547522
	Index Scan using sbtest4_pkey on sbtest4  (cost=0.43..380.43 rows=95 width=125)
	  Index Cond: ((id >= 7547422) AND (id <= 7547522))

table 5 : explain SELECT id, c FROM sbtest5 WHERE id BETWEEN 7547422 AND 7547522
	Index Scan using sbtest5_pkey on sbtest5  (cost=0.43..419.81 rows=105 width=125)
	  Index Cond: ((id >= 7547422) AND (id <= 7547522))

table 6 : explain SELECT id, c FROM sbtest6 WHERE id BETWEEN 7547422 AND 7547522
	Index Scan using sbtest6_pkey on sbtest6  (cost=0.43..395.83 rows=99 width=125)
	  Index Cond: ((id >= 7547422) AND (id <= 7547522))

table 7 : explain SELECT id, c FROM sbtest7 WHERE id BETWEEN 7547422 AND 7547522
	Index Scan using sbtest7_pkey on sbtest7  (cost=0.43..411.34 rows=103 width=125)
	  Index Cond: ((id >= 7547422) AND (id <= 7547522))

table 8 : explain SELECT id, c FROM sbtest8 WHERE id BETWEEN 7547422 AND 7547522
	Index Scan using sbtest8_pkey on sbtest8  (cost=0.43..403.75 rows=101 width=125)
	  Index Cond: ((id >= 7547422) AND (id <= 7547522))

explain: for range-notcovered :: explain SELECT id, c FROM sbtest%d WHERE id BETWEEN 6703886 AND 6703986
for range-notcovered
table 1 : explain SELECT id, c FROM sbtest1 WHERE id BETWEEN 1685573 AND 1685673
	Index Scan using sbtest1_pkey on sbtest1  (cost=0.43..373.49 rows=93 width=125)
	  Index Cond: ((id >= 1685573) AND (id <= 1685673))

table 2 : explain SELECT id, c FROM sbtest2 WHERE id BETWEEN 1685573 AND 1685673
	Index Scan using sbtest2_pkey on sbtest2  (cost=0.43..413.26 rows=103 width=125)
	  Index Cond: ((id >= 1685573) AND (id <= 1685673))

table 3 : explain SELECT id, c FROM sbtest3 WHERE id BETWEEN 1685573 AND 1685673
	Index Scan using sbtest3_pkey on sbtest3  (cost=0.43..409.06 rows=102 width=125)
	  Index Cond: ((id >= 1685573) AND (id <= 1685673))

table 4 : explain SELECT id, c FROM sbtest4 WHERE id BETWEEN 1685573 AND 1685673
	Index Scan using sbtest4_pkey on sbtest4  (cost=0.43..392.30 rows=98 width=125)
	  Index Cond: ((id >= 1685573) AND (id <= 1685673))

table 5 : explain SELECT id, c FROM sbtest5 WHERE id BETWEEN 1685573 AND 1685673
	Index Scan using sbtest5_pkey on sbtest5  (cost=0.43..451.45 rows=113 width=125)
	  Index Cond: ((id >= 1685573) AND (id <= 1685673))

table 6 : explain SELECT id, c FROM sbtest6 WHERE id BETWEEN 1685573 AND 1685673
	Index Scan using sbtest6_pkey on sbtest6  (cost=0.43..407.68 rows=102 width=125)
	  Index Cond: ((id >= 1685573) AND (id <= 1685673))

table 7 : explain SELECT id, c FROM sbtest7 WHERE id BETWEEN 1685573 AND 1685673
	Index Scan using sbtest7_pkey on sbtest7  (cost=0.43..375.78 rows=94 width=125)
	  Index Cond: ((id >= 1685573) AND (id <= 1685673))

table 8 : explain SELECT id, c FROM sbtest8 WHERE id BETWEEN 1685573 AND 1685673
	Index Scan using sbtest8_pkey on sbtest8  (cost=0.43..403.75 rows=101 width=125)
	  Index Cond: ((id >= 1685573) AND (id <= 1685673))

explain: for range-notcovered :: explain SELECT id, c FROM sbtest%d WHERE id BETWEEN 6304896 AND 6304996
explain: for range-notcovered :: explain SELECT id, c FROM sbtest%d WHERE id BETWEEN 1685573 AND 1685673
explain: for range-notcovered :: explain SELECT id, c FROM sbtest%d WHERE id BETWEEN 6607362 AND 6607462
for range-notcovered
table 1 : explain SELECT id, c FROM sbtest1 WHERE id BETWEEN 5591809 AND 5591909
	Index Scan using sbtest1_pkey on sbtest1  (cost=0.43..484.59 rows=121 width=125)
	  Index Cond: ((id >= 5591809) AND (id <= 5591909))

table 2 : explain SELECT id, c FROM sbtest2 WHERE id BETWEEN 5591809 AND 5591909
	Index Scan using sbtest2_pkey on sbtest2  (cost=0.43..464.84 rows=116 width=125)
	  Index Cond: ((id >= 5591809) AND (id <= 5591909))

table 3 : explain SELECT id, c FROM sbtest3 WHERE id BETWEEN 5591809 AND 5591909
	Index Scan using sbtest3_pkey on sbtest3  (cost=0.43..401.13 rows=100 width=125)
	  Index Cond: ((id >= 5591809) AND (id <= 5591909))

table 4 : explain SELECT id, c FROM sbtest4 WHERE id BETWEEN 5591809 AND 5591909
	Index Scan using sbtest4_pkey on sbtest4  (cost=0.43..404.18 rows=101 width=125)
	  Index Cond: ((id >= 5591809) AND (id <= 5591909))

table 5 : explain SELECT id, c FROM sbtest5 WHERE id BETWEEN 5591809 AND 5591909
	Index Scan using sbtest5_pkey on sbtest5  (cost=0.43..376.29 rows=94 width=125)
	  Index Cond: ((id >= 5591809) AND (id <= 5591909))

table 6 : explain SELECT id, c FROM sbtest6 WHERE id BETWEEN 5591809 AND 5591909
	Index Scan using sbtest6_pkey on sbtest6  (cost=0.43..387.91 rows=97 width=125)
	  Index Cond: ((id >= 5591809) AND (id <= 5591909))

table 7 : explain SELECT id, c FROM sbtest7 WHERE id BETWEEN 5591809 AND 5591909
	Index Scan using sbtest7_pkey on sbtest7  (cost=0.43..340.24 rows=85 width=125)
	  Index Cond: ((id >= 5591809) AND (id <= 5591909))

table 8 : explain SELECT id, c FROM sbtest8 WHERE id BETWEEN 5591809 AND 5591909
	Index Scan using sbtest8_pkey on sbtest8  (cost=0.43..376.07 rows=94 width=125)
	  Index Cond: ((id >= 5591809) AND (id <= 5591909))

explain: for range-notcovered :: explain SELECT id, c FROM sbtest%d WHERE id BETWEEN 5591809 AND 5591909
explain: for range-notcovered :: explain SELECT id, c FROM sbtest%d WHERE id BETWEEN 2294558 AND 2294658
for range-notcovered
table 1 : explain SELECT id, c FROM sbtest1 WHERE id BETWEEN 1685573 AND 1685673
	Index Scan using sbtest1_pkey on sbtest1  (cost=0.43..373.49 rows=93 width=125)
	  Index Cond: ((id >= 1685573) AND (id <= 1685673))

table 2 : explain SELECT id, c FROM sbtest2 WHERE id BETWEEN 1685573 AND 1685673
	Index Scan using sbtest2_pkey on sbtest2  (cost=0.43..413.26 rows=103 width=125)
	  Index Cond: ((id >= 1685573) AND (id <= 1685673))

table 3 : explain SELECT id, c FROM sbtest3 WHERE id BETWEEN 1685573 AND 1685673
	Index Scan using sbtest3_pkey on sbtest3  (cost=0.43..409.06 rows=102 width=125)
	  Index Cond: ((id >= 1685573) AND (id <= 1685673))

table 4 : explain SELECT id, c FROM sbtest4 WHERE id BETWEEN 1685573 AND 1685673
	Index Scan using sbtest4_pkey on sbtest4  (cost=0.43..392.30 rows=98 width=125)
	  Index Cond: ((id >= 1685573) AND (id <= 1685673))

table 5 : explain SELECT id, c FROM sbtest5 WHERE id BETWEEN 1685573 AND 1685673
	Index Scan using sbtest5_pkey on sbtest5  (cost=0.43..451.45 rows=113 width=125)
	  Index Cond: ((id >= 1685573) AND (id <= 1685673))

table 6 : explain SELECT id, c FROM sbtest6 WHERE id BETWEEN 1685573 AND 1685673
	Index Scan using sbtest6_pkey on sbtest6  (cost=0.43..407.68 rows=102 width=125)
	  Index Cond: ((id >= 1685573) AND (id <= 1685673))

table 7 : explain SELECT id, c FROM sbtest7 WHERE id BETWEEN 1685573 AND 1685673
	Index Scan using sbtest7_pkey on sbtest7  (cost=0.43..375.78 rows=94 width=125)
	  Index Cond: ((id >= 1685573) AND (id <= 1685673))

table 8 : explain SELECT id, c FROM sbtest8 WHERE id BETWEEN 1685573 AND 1685673
	Index Scan using sbtest8_pkey on sbtest8  (cost=0.43..403.75 rows=101 width=125)
	  Index Cond: ((id >= 1685573) AND (id <= 1685673))

explain: for range-notcovered :: explain SELECT id, c FROM sbtest%d WHERE id BETWEEN 1685573 AND 1685673
for range-notcovered
table 1 : explain SELECT id, c FROM sbtest1 WHERE id BETWEEN 5591809 AND 5591909
	Index Scan using sbtest1_pkey on sbtest1  (cost=0.43..484.59 rows=121 width=125)
	  Index Cond: ((id >= 5591809) AND (id <= 5591909))

table 2 : explain SELECT id, c FROM sbtest2 WHERE id BETWEEN 5591809 AND 5591909
	Index Scan using sbtest2_pkey on sbtest2  (cost=0.43..464.84 rows=116 width=125)
	  Index Cond: ((id >= 5591809) AND (id <= 5591909))

table 3 : explain SELECT id, c FROM sbtest3 WHERE id BETWEEN 5591809 AND 5591909
	Index Scan using sbtest3_pkey on sbtest3  (cost=0.43..401.13 rows=100 width=125)
	  Index Cond: ((id >= 5591809) AND (id <= 5591909))

table 4 : explain SELECT id, c FROM sbtest4 WHERE id BETWEEN 5591809 AND 5591909
	Index Scan using sbtest4_pkey on sbtest4  (cost=0.43..404.18 rows=101 width=125)
	  Index Cond: ((id >= 5591809) AND (id <= 5591909))

table 5 : explain SELECT id, c FROM sbtest5 WHERE id BETWEEN 5591809 AND 5591909
	Index Scan using sbtest5_pkey on sbtest5  (cost=0.43..376.29 rows=94 width=125)
	  Index Cond: ((id >= 5591809) AND (id <= 5591909))

table 6 : explain SELECT id, c FROM sbtest6 WHERE id BETWEEN 5591809 AND 5591909
	Index Scan using sbtest6_pkey on sbtest6  (cost=0.43..387.91 rows=97 width=125)
	  Index Cond: ((id >= 5591809) AND (id <= 5591909))

table 7 : explain SELECT id, c FROM sbtest7 WHERE id BETWEEN 5591809 AND 5591909
	Index Scan using sbtest7_pkey on sbtest7  (cost=0.43..340.24 rows=85 width=125)
	  Index Cond: ((id >= 5591809) AND (id <= 5591909))

table 8 : explain SELECT id, c FROM sbtest8 WHERE id BETWEEN 5591809 AND 5591909
	Index Scan using sbtest8_pkey on sbtest8  (cost=0.43..376.07 rows=94 width=125)
	  Index Cond: ((id >= 5591809) AND (id <= 5591909))

explain: for range-notcovered :: explain SELECT id, c FROM sbtest%d WHERE id BETWEEN 5591809 AND 5591909
for range-notcovered
table 1 : explain SELECT id, c FROM sbtest1 WHERE id BETWEEN 1685573 AND 1685673
	Index Scan using sbtest1_pkey on sbtest1  (cost=0.43..373.49 rows=93 width=125)
	  Index Cond: ((id >= 1685573) AND (id <= 1685673))

table 2 : explain SELECT id, c FROM sbtest2 WHERE id BETWEEN 1685573 AND 1685673
	Index Scan using sbtest2_pkey on sbtest2  (cost=0.43..413.26 rows=103 width=125)
	  Index Cond: ((id >= 1685573) AND (id <= 1685673))

table 3 : explain SELECT id, c FROM sbtest3 WHERE id BETWEEN 1685573 AND 1685673
	Index Scan using sbtest3_pkey on sbtest3  (cost=0.43..409.06 rows=102 width=125)
	  Index Cond: ((id >= 1685573) AND (id <= 1685673))

table 4 : explain SELECT id, c FROM sbtest4 WHERE id BETWEEN 1685573 AND 1685673
	Index Scan using sbtest4_pkey on sbtest4  (cost=0.43..392.30 rows=98 width=125)
	  Index Cond: ((id >= 1685573) AND (id <= 1685673))

table 5 : explain SELECT id, c FROM sbtest5 WHERE id BETWEEN 1685573 AND 1685673
	Index Scan using sbtest5_pkey on sbtest5  (cost=0.43..451.45 rows=113 width=125)
	  Index Cond: ((id >= 1685573) AND (id <= 1685673))

table 6 : explain SELECT id, c FROM sbtest6 WHERE id BETWEEN 1685573 AND 1685673
	Index Scan using sbtest6_pkey on sbtest6  (cost=0.43..407.68 rows=102 width=125)
	  Index Cond: ((id >= 1685573) AND (id <= 1685673))

table 7 : explain SELECT id, c FROM sbtest7 WHERE id BETWEEN 1685573 AND 1685673
	Index Scan using sbtest7_pkey on sbtest7  (cost=0.43..375.78 rows=94 width=125)
	  Index Cond: ((id >= 1685573) AND (id <= 1685673))

table 8 : explain SELECT id, c FROM sbtest8 WHERE id BETWEEN 1685573 AND 1685673
	Index Scan using sbtest8_pkey on sbtest8  (cost=0.43..403.75 rows=101 width=125)
	  Index Cond: ((id >= 1685573) AND (id <= 1685673))

explain: for range-notcovered :: explain SELECT id, c FROM sbtest%d WHERE id BETWEEN 6476698 AND 6476798
explain: for range-notcovered :: explain SELECT id, c FROM sbtest%d WHERE id BETWEEN 7511830 AND 7511930
for range-notcovered
table 1 : explain SELECT id, c FROM sbtest1 WHERE id BETWEEN 5591809 AND 5591909
	Index Scan using sbtest1_pkey on sbtest1  (cost=0.43..484.59 rows=121 width=125)
	  Index Cond: ((id >= 5591809) AND (id <= 5591909))

table 2 : explain SELECT id, c FROM sbtest2 WHERE id BETWEEN 5591809 AND 5591909
	Index Scan using sbtest2_pkey on sbtest2  (cost=0.43..464.84 rows=116 width=125)
	  Index Cond: ((id >= 5591809) AND (id <= 5591909))

table 3 : explain SELECT id, c FROM sbtest3 WHERE id BETWEEN 5591809 AND 5591909
	Index Scan using sbtest3_pkey on sbtest3  (cost=0.43..401.13 rows=100 width=125)
	  Index Cond: ((id >= 5591809) AND (id <= 5591909))

table 4 : explain SELECT id, c FROM sbtest4 WHERE id BETWEEN 5591809 AND 5591909
	Index Scan using sbtest4_pkey on sbtest4  (cost=0.43..404.18 rows=101 width=125)
	  Index Cond: ((id >= 5591809) AND (id <= 5591909))

table 5 : explain SELECT id, c FROM sbtest5 WHERE id BETWEEN 5591809 AND 5591909
	Index Scan using sbtest5_pkey on sbtest5  (cost=0.43..376.29 rows=94 width=125)
	  Index Cond: ((id >= 5591809) AND (id <= 5591909))

table 6 : explain SELECT id, c FROM sbtest6 WHERE id BETWEEN 5591809 AND 5591909
	Index Scan using sbtest6_pkey on sbtest6  (cost=0.43..387.91 rows=97 width=125)
	  Index Cond: ((id >= 5591809) AND (id <= 5591909))

table 7 : explain SELECT id, c FROM sbtest7 WHERE id BETWEEN 5591809 AND 5591909
	Index Scan using sbtest7_pkey on sbtest7  (cost=0.43..340.24 rows=85 width=125)
	  Index Cond: ((id >= 5591809) AND (id <= 5591909))

table 8 : explain SELECT id, c FROM sbtest8 WHERE id BETWEEN 5591809 AND 5591909
	Index Scan using sbtest8_pkey on sbtest8  (cost=0.43..376.07 rows=94 width=125)
	  Index Cond: ((id >= 5591809) AND (id <= 5591909))

explain: for range-notcovered :: explain SELECT id, c FROM sbtest%d WHERE id BETWEEN 5591809 AND 5591909
for range-notcovered
table 1 : explain SELECT id, c FROM sbtest1 WHERE id BETWEEN 6703886 AND 6703986
	Index Scan using sbtest1_pkey on sbtest1  (cost=0.43..433.01 rows=108 width=125)
	  Index Cond: ((id >= 6703886) AND (id <= 6703986))

table 2 : explain SELECT id, c FROM sbtest2 WHERE id BETWEEN 6703886 AND 6703986
	Index Scan using sbtest2_pkey on sbtest2  (cost=0.43..417.22 rows=104 width=125)
	  Index Cond: ((id >= 6703886) AND (id <= 6703986))

table 3 : explain SELECT id, c FROM sbtest3 WHERE id BETWEEN 6703886 AND 6703986
	Index Scan using sbtest3_pkey on sbtest3  (cost=0.43..385.25 rows=96 width=125)
	  Index Cond: ((id >= 6703886) AND (id <= 6703986))

table 4 : explain SELECT id, c FROM sbtest4 WHERE id BETWEEN 6703886 AND 6703986
	Index Scan using sbtest4_pkey on sbtest4  (cost=0.43..356.68 rows=89 width=125)
	  Index Cond: ((id >= 6703886) AND (id <= 6703986))

table 5 : explain SELECT id, c FROM sbtest5 WHERE id BETWEEN 6703886 AND 6703986
	Index Scan using sbtest5_pkey on sbtest5  (cost=0.43..415.86 rows=104 width=125)
	  Index Cond: ((id >= 6703886) AND (id <= 6703986))

table 6 : explain SELECT id, c FROM sbtest6 WHERE id BETWEEN 6703886 AND 6703986
	Index Scan using sbtest6_pkey on sbtest6  (cost=0.43..376.05 rows=94 width=125)
	  Index Cond: ((id >= 6703886) AND (id <= 6703986))

table 7 : explain SELECT id, c FROM sbtest7 WHERE id BETWEEN 6703886 AND 6703986
	Index Scan using sbtest7_pkey on sbtest7  (cost=0.43..367.88 rows=92 width=125)
	  Index Cond: ((id >= 6703886) AND (id <= 6703986))

table 8 : explain SELECT id, c FROM sbtest8 WHERE id BETWEEN 6703886 AND 6703986
	Index Scan using sbtest8_pkey on sbtest8  (cost=0.43..455.14 rows=114 width=125)
	  Index Cond: ((id >= 6703886) AND (id <= 6703986))

for range-notcovered
table 1 : explain SELECT id, c FROM sbtest1 WHERE id BETWEEN 4365652 AND 4365752
	Index Scan using sbtest1_pkey on sbtest1  (cost=0.43..397.29 rows=99 width=125)
	  Index Cond: ((id >= 4365652) AND (id <= 4365752))

table 2 : explain SELECT id, c FROM sbtest2 WHERE id BETWEEN 4365652 AND 4365752
	Index Scan using sbtest2_pkey on sbtest2  (cost=0.43..381.50 rows=95 width=125)
	  Index Cond: ((id >= 4365652) AND (id <= 4365752))

table 3 : explain SELECT id, c FROM sbtest3 WHERE id BETWEEN 4365652 AND 4365752
	Index Scan using sbtest3_pkey on sbtest3  (cost=0.43..432.86 rows=108 width=125)
	  Index Cond: ((id >= 4365652) AND (id <= 4365752))

table 4 : explain SELECT id, c FROM sbtest4 WHERE id BETWEEN 4365652 AND 4365752
	Index Scan using sbtest4_pkey on sbtest4  (cost=0.43..423.97 rows=106 width=125)
	  Index Cond: ((id >= 4365652) AND (id <= 4365752))

table 5 : explain SELECT id, c FROM sbtest5 WHERE id BETWEEN 4365652 AND 4365752
	Index Scan using sbtest5_pkey on sbtest5  (cost=0.43..400.04 rows=100 width=125)
	  Index Cond: ((id >= 4365652) AND (id <= 4365752))

table 6 : explain SELECT id, c FROM sbtest6 WHERE id BETWEEN 4365652 AND 4365752
	Index Scan using sbtest6_pkey on sbtest6  (cost=0.43..419.54 rows=105 width=125)
	  Index Cond: ((id >= 4365652) AND (id <= 4365752))

table 7 : explain SELECT id, c FROM sbtest7 WHERE id BETWEEN 4365652 AND 4365752
	Index Scan using sbtest7_pkey on sbtest7  (cost=0.43..415.29 rows=104 width=125)
	  Index Cond: ((id >= 4365652) AND (id <= 4365752))

table 8 : explain SELECT id, c FROM sbtest8 WHERE id BETWEEN 4365652 AND 4365752
	Index Scan using sbtest8_pkey on sbtest8  (cost=0.43..387.94 rows=97 width=125)
	  Index Cond: ((id >= 4365652) AND (id <= 4365752))

explain: for range-notcovered :: explain SELECT id, c FROM sbtest%d WHERE id BETWEEN 6703886 AND 6703986
explain: for range-notcovered :: explain SELECT id, c FROM sbtest%d WHERE id BETWEEN 4365652 AND 4365752
for range-notcovered
table 1 : explain SELECT id, c FROM sbtest1 WHERE id BETWEEN 5591809 AND 5591909
	Index Scan using sbtest1_pkey on sbtest1  (cost=0.43..484.59 rows=121 width=125)
	  Index Cond: ((id >= 5591809) AND (id <= 5591909))

table 2 : explain SELECT id, c FROM sbtest2 WHERE id BETWEEN 5591809 AND 5591909
	Index Scan using sbtest2_pkey on sbtest2  (cost=0.43..464.84 rows=116 width=125)
	  Index Cond: ((id >= 5591809) AND (id <= 5591909))

table 3 : explain SELECT id, c FROM sbtest3 WHERE id BETWEEN 5591809 AND 5591909
	Index Scan using sbtest3_pkey on sbtest3  (cost=0.43..401.13 rows=100 width=125)
	  Index Cond: ((id >= 5591809) AND (id <= 5591909))

table 4 : explain SELECT id, c FROM sbtest4 WHERE id BETWEEN 5591809 AND 5591909
	Index Scan using sbtest4_pkey on sbtest4  (cost=0.43..404.18 rows=101 width=125)
	  Index Cond: ((id >= 5591809) AND (id <= 5591909))

table 5 : explain SELECT id, c FROM sbtest5 WHERE id BETWEEN 5591809 AND 5591909
	Index Scan using sbtest5_pkey on sbtest5  (cost=0.43..376.29 rows=94 width=125)
	  Index Cond: ((id >= 5591809) AND (id <= 5591909))

table 6 : explain SELECT id, c FROM sbtest6 WHERE id BETWEEN 5591809 AND 5591909
	Index Scan using sbtest6_pkey on sbtest6  (cost=0.43..387.91 rows=97 width=125)
	  Index Cond: ((id >= 5591809) AND (id <= 5591909))

table 7 : explain SELECT id, c FROM sbtest7 WHERE id BETWEEN 5591809 AND 5591909
	Index Scan using sbtest7_pkey on sbtest7  (cost=0.43..340.24 rows=85 width=125)
	  Index Cond: ((id >= 5591809) AND (id <= 5591909))

table 8 : explain SELECT id, c FROM sbtest8 WHERE id BETWEEN 5591809 AND 5591909
	Index Scan using sbtest8_pkey on sbtest8  (cost=0.43..376.07 rows=94 width=125)
	  Index Cond: ((id >= 5591809) AND (id <= 5591909))

explain: for range-notcovered :: explain SELECT id, c FROM sbtest%d WHERE id BETWEEN 5591809 AND 5591909
for range-notcovered
table 1 : explain SELECT id, c FROM sbtest1 WHERE id BETWEEN 6304896 AND 6304996
	Index Scan using sbtest1_pkey on sbtest1  (cost=0.43..385.39 rows=96 width=125)
	  Index Cond: ((id >= 6304896) AND (id <= 6304996))

table 2 : explain SELECT id, c FROM sbtest2 WHERE id BETWEEN 6304896 AND 6304996
	Index Scan using sbtest2_pkey on sbtest2  (cost=0.43..417.22 rows=104 width=125)
	  Index Cond: ((id >= 6304896) AND (id <= 6304996))

table 3 : explain SELECT id, c FROM sbtest3 WHERE id BETWEEN 6304896 AND 6304996
	Index Scan using sbtest3_pkey on sbtest3  (cost=0.43..401.12 rows=100 width=125)
	  Index Cond: ((id >= 6304896) AND (id <= 6304996))

table 4 : explain SELECT id, c FROM sbtest4 WHERE id BETWEEN 6304896 AND 6304996
	Index Scan using sbtest4_pkey on sbtest4  (cost=0.43..384.38 rows=96 width=125)
	  Index Cond: ((id >= 6304896) AND (id <= 6304996))

table 5 : explain SELECT id, c FROM sbtest5 WHERE id BETWEEN 6304896 AND 6304996
	Index Scan using sbtest5_pkey on sbtest5  (cost=0.43..376.29 rows=94 width=125)
	  Index Cond: ((id >= 6304896) AND (id <= 6304996))

table 6 : explain SELECT id, c FROM sbtest6 WHERE id BETWEEN 6304896 AND 6304996
	Index Scan using sbtest6_pkey on sbtest6  (cost=0.43..380.00 rows=95 width=125)
	  Index Cond: ((id >= 6304896) AND (id <= 6304996))

table 7 : explain SELECT id, c FROM sbtest7 WHERE id BETWEEN 6304896 AND 6304996
	Index Scan using sbtest7_pkey on sbtest7  (cost=0.43..391.60 rows=98 width=125)
	  Index Cond: ((id >= 6304896) AND (id <= 6304996))

table 8 : explain SELECT id, c FROM sbtest8 WHERE id BETWEEN 6304896 AND 6304996
	Index Scan using sbtest8_pkey on sbtest8  (cost=0.43..411.66 rows=103 width=125)
	  Index Cond: ((id >= 6304896) AND (id <= 6304996))

explain: for range-notcovered :: explain SELECT id, c FROM sbtest%d WHERE id BETWEEN 6304896 AND 6304996
for range-notcovered
table 1 : explain SELECT id, c FROM sbtest1 WHERE id BETWEEN 6607362 AND 6607462
	Index Scan using sbtest1_pkey on sbtest1  (cost=0.43..397.29 rows=99 width=125)
	  Index Cond: ((id >= 6607362) AND (id <= 6607462))

table 2 : explain SELECT id, c FROM sbtest2 WHERE id BETWEEN 6607362 AND 6607462
	Index Scan using sbtest2_pkey on sbtest2  (cost=0.43..401.35 rows=100 width=125)
	  Index Cond: ((id >= 6607362) AND (id <= 6607462))

table 3 : explain SELECT id, c FROM sbtest3 WHERE id BETWEEN 6607362 AND 6607462
	Index Scan using sbtest3_pkey on sbtest3  (cost=0.43..397.15 rows=99 width=125)
	  Index Cond: ((id >= 6607362) AND (id <= 6607462))

table 4 : explain SELECT id, c FROM sbtest4 WHERE id BETWEEN 6607362 AND 6607462
	Index Scan using sbtest4_pkey on sbtest4  (cost=0.43..356.68 rows=89 width=125)
	  Index Cond: ((id >= 6607362) AND (id <= 6607462))

table 5 : explain SELECT id, c FROM sbtest5 WHERE id BETWEEN 6607362 AND 6607462
	Index Scan using sbtest5_pkey on sbtest5  (cost=0.43..407.95 rows=102 width=125)
	  Index Cond: ((id >= 6607362) AND (id <= 6607462))

table 6 : explain SELECT id, c FROM sbtest6 WHERE id BETWEEN 6607362 AND 6607462
	Index Scan using sbtest6_pkey on sbtest6  (cost=0.43..419.54 rows=105 width=125)
	  Index Cond: ((id >= 6607362) AND (id <= 6607462))

table 7 : explain SELECT id, c FROM sbtest7 WHERE id BETWEEN 6607362 AND 6607462
	Index Scan using sbtest7_pkey on sbtest7  (cost=0.43..395.55 rows=99 width=125)
	  Index Cond: ((id >= 6607362) AND (id <= 6607462))

table 8 : explain SELECT id, c FROM sbtest8 WHERE id BETWEEN 6607362 AND 6607462
	Index Scan using sbtest8_pkey on sbtest8  (cost=0.43..443.28 rows=111 width=125)
	  Index Cond: ((id >= 6607362) AND (id <= 6607462))

explain: for range-notcovered :: explain SELECT id, c FROM sbtest%d WHERE id BETWEEN 6607362 AND 6607462
for range-notcovered
table 1 : explain SELECT id, c FROM sbtest1 WHERE id BETWEEN 6703886 AND 6703986
	Index Scan using sbtest1_pkey on sbtest1  (cost=0.43..433.01 rows=108 width=125)
	  Index Cond: ((id >= 6703886) AND (id <= 6703986))

table 2 : explain SELECT id, c FROM sbtest2 WHERE id BETWEEN 6703886 AND 6703986
	Index Scan using sbtest2_pkey on sbtest2  (cost=0.43..417.22 rows=104 width=125)
	  Index Cond: ((id >= 6703886) AND (id <= 6703986))

table 3 : explain SELECT id, c FROM sbtest3 WHERE id BETWEEN 6703886 AND 6703986
	Index Scan using sbtest3_pkey on sbtest3  (cost=0.43..385.25 rows=96 width=125)
	  Index Cond: ((id >= 6703886) AND (id <= 6703986))

table 4 : explain SELECT id, c FROM sbtest4 WHERE id BETWEEN 6703886 AND 6703986
	Index Scan using sbtest4_pkey on sbtest4  (cost=0.43..356.68 rows=89 width=125)
	  Index Cond: ((id >= 6703886) AND (id <= 6703986))

table 5 : explain SELECT id, c FROM sbtest5 WHERE id BETWEEN 6703886 AND 6703986
	Index Scan using sbtest5_pkey on sbtest5  (cost=0.43..415.86 rows=104 width=125)
	  Index Cond: ((id >= 6703886) AND (id <= 6703986))

table 6 : explain SELECT id, c FROM sbtest6 WHERE id BETWEEN 6703886 AND 6703986
	Index Scan using sbtest6_pkey on sbtest6  (cost=0.43..376.05 rows=94 width=125)
	  Index Cond: ((id >= 6703886) AND (id <= 6703986))

table 7 : explain SELECT id, c FROM sbtest7 WHERE id BETWEEN 6703886 AND 6703986
	Index Scan using sbtest7_pkey on sbtest7  (cost=0.43..367.88 rows=92 width=125)
	  Index Cond: ((id >= 6703886) AND (id <= 6703986))

table 8 : explain SELECT id, c FROM sbtest8 WHERE id BETWEEN 6703886 AND 6703986
	Index Scan using sbtest8_pkey on sbtest8  (cost=0.43..455.14 rows=114 width=125)
	  Index Cond: ((id >= 6703886) AND (id <= 6703986))

explain: for range-notcovered :: explain SELECT id, c FROM sbtest%d WHERE id BETWEEN 4547171 AND 4547271
for range-notcovered
table 1 : explain SELECT id, c FROM sbtest1 WHERE id BETWEEN 4365652 AND 4365752
	Index Scan using sbtest1_pkey on sbtest1  (cost=0.43..397.29 rows=99 width=125)
	  Index Cond: ((id >= 4365652) AND (id <= 4365752))

table 2 : explain SELECT id, c FROM sbtest2 WHERE id BETWEEN 4365652 AND 4365752
	Index Scan using sbtest2_pkey on sbtest2  (cost=0.43..381.50 rows=95 width=125)
	  Index Cond: ((id >= 4365652) AND (id <= 4365752))

table 3 : explain SELECT id, c FROM sbtest3 WHERE id BETWEEN 4365652 AND 4365752
	Index Scan using sbtest3_pkey on sbtest3  (cost=0.43..432.86 rows=108 width=125)
	  Index Cond: ((id >= 4365652) AND (id <= 4365752))

table 4 : explain SELECT id, c FROM sbtest4 WHERE id BETWEEN 4365652 AND 4365752
	Index Scan using sbtest4_pkey on sbtest4  (cost=0.43..423.97 rows=106 width=125)
	  Index Cond: ((id >= 4365652) AND (id <= 4365752))

table 5 : explain SELECT id, c FROM sbtest5 WHERE id BETWEEN 4365652 AND 4365752
	Index Scan using sbtest5_pkey on sbtest5  (cost=0.43..400.04 rows=100 width=125)
	  Index Cond: ((id >= 4365652) AND (id <= 4365752))

table 6 : explain SELECT id, c FROM sbtest6 WHERE id BETWEEN 4365652 AND 4365752
	Index Scan using sbtest6_pkey on sbtest6  (cost=0.43..419.54 rows=105 width=125)
	  Index Cond: ((id >= 4365652) AND (id <= 4365752))

table 7 : explain SELECT id, c FROM sbtest7 WHERE id BETWEEN 4365652 AND 4365752
	Index Scan using sbtest7_pkey on sbtest7  (cost=0.43..415.29 rows=104 width=125)
	  Index Cond: ((id >= 4365652) AND (id <= 4365752))

table 8 : explain SELECT id, c FROM sbtest8 WHERE id BETWEEN 4365652 AND 4365752
	Index Scan using sbtest8_pkey on sbtest8  (cost=0.43..387.94 rows=97 width=125)
	  Index Cond: ((id >= 4365652) AND (id <= 4365752))

explain: for range-notcovered :: explain SELECT id, c FROM sbtest%d WHERE id BETWEEN 6703886 AND 6703986
for range-notcovered
table 1 : explain SELECT id, c FROM sbtest1 WHERE id BETWEEN 5591809 AND 5591909
	Index Scan using sbtest1_pkey on sbtest1  (cost=0.43..484.59 rows=121 width=125)
	  Index Cond: ((id >= 5591809) AND (id <= 5591909))

table 2 : explain SELECT id, c FROM sbtest2 WHERE id BETWEEN 5591809 AND 5591909
	Index Scan using sbtest2_pkey on sbtest2  (cost=0.43..464.84 rows=116 width=125)
	  Index Cond: ((id >= 5591809) AND (id <= 5591909))

table 3 : explain SELECT id, c FROM sbtest3 WHERE id BETWEEN 5591809 AND 5591909
	Index Scan using sbtest3_pkey on sbtest3  (cost=0.43..401.13 rows=100 width=125)
	  Index Cond: ((id >= 5591809) AND (id <= 5591909))

table 4 : explain SELECT id, c FROM sbtest4 WHERE id BETWEEN 5591809 AND 5591909
	Index Scan using sbtest4_pkey on sbtest4  (cost=0.43..404.18 rows=101 width=125)
	  Index Cond: ((id >= 5591809) AND (id <= 5591909))

table 5 : explain SELECT id, c FROM sbtest5 WHERE id BETWEEN 5591809 AND 5591909
	Index Scan using sbtest5_pkey on sbtest5  (cost=0.43..376.29 rows=94 width=125)
	  Index Cond: ((id >= 5591809) AND (id <= 5591909))

table 6 : explain SELECT id, c FROM sbtest6 WHERE id BETWEEN 5591809 AND 5591909
	Index Scan using sbtest6_pkey on sbtest6  (cost=0.43..387.91 rows=97 width=125)
	  Index Cond: ((id >= 5591809) AND (id <= 5591909))

table 7 : explain SELECT id, c FROM sbtest7 WHERE id BETWEEN 5591809 AND 5591909
	Index Scan using sbtest7_pkey on sbtest7  (cost=0.43..340.24 rows=85 width=125)
	  Index Cond: ((id >= 5591809) AND (id <= 5591909))

table 8 : explain SELECT id, c FROM sbtest8 WHERE id BETWEEN 5591809 AND 5591909
	Index Scan using sbtest8_pkey on sbtest8  (cost=0.43..376.07 rows=94 width=125)
	  Index Cond: ((id >= 5591809) AND (id <= 5591909))

explain: for range-notcovered :: explain SELECT id, c FROM sbtest%d WHERE id BETWEEN 4365652 AND 4365752
explain: for range-notcovered :: explain SELECT id, c FROM sbtest%d WHERE id BETWEEN 5591809 AND 5591909
for range-notcovered
table 1 : explain SELECT id, c FROM sbtest1 WHERE id BETWEEN 2294558 AND 2294658
	Index Scan using sbtest1_pkey on sbtest1  (cost=0.43..393.33 rows=98 width=125)
	  Index Cond: ((id >= 2294558) AND (id <= 2294658))

table 2 : explain SELECT id, c FROM sbtest2 WHERE id BETWEEN 2294558 AND 2294658
	Index Scan using sbtest2_pkey on sbtest2  (cost=0.43..385.46 rows=96 width=125)
	  Index Cond: ((id >= 2294558) AND (id <= 2294658))

table 3 : explain SELECT id, c FROM sbtest3 WHERE id BETWEEN 2294558 AND 2294658
	Index Scan using sbtest3_pkey on sbtest3  (cost=0.43..377.32 rows=94 width=125)
	  Index Cond: ((id >= 2294558) AND (id <= 2294658))

table 4 : explain SELECT id, c FROM sbtest4 WHERE id BETWEEN 2294558 AND 2294658
	Index Scan using sbtest4_pkey on sbtest4  (cost=0.43..384.38 rows=96 width=125)
	  Index Cond: ((id >= 2294558) AND (id <= 2294658))

table 5 : explain SELECT id, c FROM sbtest5 WHERE id BETWEEN 2294558 AND 2294658
	Index Scan using sbtest5_pkey on sbtest5  (cost=0.43..388.16 rows=97 width=125)
	  Index Cond: ((id >= 2294558) AND (id <= 2294658))

table 6 : explain SELECT id, c FROM sbtest6 WHERE id BETWEEN 2294558 AND 2294658
	Index Scan using sbtest6_pkey on sbtest6  (cost=0.43..399.78 rows=100 width=125)
	  Index Cond: ((id >= 2294558) AND (id <= 2294658))

table 7 : explain SELECT id, c FROM sbtest7 WHERE id BETWEEN 2294558 AND 2294658
	Index Scan using sbtest7_pkey on sbtest7  (cost=0.43..379.73 rows=95 width=125)
	  Index Cond: ((id >= 2294558) AND (id <= 2294658))

table 8 : explain SELECT id, c FROM sbtest8 WHERE id BETWEEN 2294558 AND 2294658
	Index Scan using sbtest8_pkey on sbtest8  (cost=0.43..407.71 rows=102 width=125)
	  Index Cond: ((id >= 2294558) AND (id <= 2294658))

explain: for range-notcovered :: explain SELECT id, c FROM sbtest%d WHERE id BETWEEN 2294558 AND 2294658
for range-notcovered
table 1 : explain SELECT id, c FROM sbtest1 WHERE id BETWEEN 6304896 AND 6304996
	Index Scan using sbtest1_pkey on sbtest1  (cost=0.43..385.39 rows=96 width=125)
	  Index Cond: ((id >= 6304896) AND (id <= 6304996))

table 2 : explain SELECT id, c FROM sbtest2 WHERE id BETWEEN 6304896 AND 6304996
	Index Scan using sbtest2_pkey on sbtest2  (cost=0.43..417.22 rows=104 width=125)
	  Index Cond: ((id >= 6304896) AND (id <= 6304996))

table 3 : explain SELECT id, c FROM sbtest3 WHERE id BETWEEN 6304896 AND 6304996
	Index Scan using sbtest3_pkey on sbtest3  (cost=0.43..401.12 rows=100 width=125)
	  Index Cond: ((id >= 6304896) AND (id <= 6304996))

table 4 : explain SELECT id, c FROM sbtest4 WHERE id BETWEEN 6304896 AND 6304996
	Index Scan using sbtest4_pkey on sbtest4  (cost=0.43..384.38 rows=96 width=125)
	  Index Cond: ((id >= 6304896) AND (id <= 6304996))

table 5 : explain SELECT id, c FROM sbtest5 WHERE id BETWEEN 6304896 AND 6304996
	Index Scan using sbtest5_pkey on sbtest5  (cost=0.43..376.29 rows=94 width=125)
	  Index Cond: ((id >= 6304896) AND (id <= 6304996))

table 6 : explain SELECT id, c FROM sbtest6 WHERE id BETWEEN 6304896 AND 6304996
	Index Scan using sbtest6_pkey on sbtest6  (cost=0.43..380.00 rows=95 width=125)
	  Index Cond: ((id >= 6304896) AND (id <= 6304996))

table 7 : explain SELECT id, c FROM sbtest7 WHERE id BETWEEN 6304896 AND 6304996
	Index Scan using sbtest7_pkey on sbtest7  (cost=0.43..391.60 rows=98 width=125)
	  Index Cond: ((id >= 6304896) AND (id <= 6304996))

table 8 : explain SELECT id, c FROM sbtest8 WHERE id BETWEEN 6304896 AND 6304996
	Index Scan using sbtest8_pkey on sbtest8  (cost=0.43..411.66 rows=103 width=125)
	  Index Cond: ((id >= 6304896) AND (id <= 6304996))

explain: for range-notcovered :: explain SELECT id, c FROM sbtest%d WHERE id BETWEEN 6304896 AND 6304996
for range-notcovered
table 1 : explain SELECT id, c FROM sbtest1 WHERE id BETWEEN 6607362 AND 6607462
	Index Scan using sbtest1_pkey on sbtest1  (cost=0.43..397.29 rows=99 width=125)
	  Index Cond: ((id >= 6607362) AND (id <= 6607462))

table 2 : explain SELECT id, c FROM sbtest2 WHERE id BETWEEN 6607362 AND 6607462
	Index Scan using sbtest2_pkey on sbtest2  (cost=0.43..401.35 rows=100 width=125)
	  Index Cond: ((id >= 6607362) AND (id <= 6607462))

table 3 : explain SELECT id, c FROM sbtest3 WHERE id BETWEEN 6607362 AND 6607462
	Index Scan using sbtest3_pkey on sbtest3  (cost=0.43..397.15 rows=99 width=125)
	  Index Cond: ((id >= 6607362) AND (id <= 6607462))

table 4 : explain SELECT id, c FROM sbtest4 WHERE id BETWEEN 6607362 AND 6607462
	Index Scan using sbtest4_pkey on sbtest4  (cost=0.43..356.68 rows=89 width=125)
	  Index Cond: ((id >= 6607362) AND (id <= 6607462))

table 5 : explain SELECT id, c FROM sbtest5 WHERE id BETWEEN 6607362 AND 6607462
	Index Scan using sbtest5_pkey on sbtest5  (cost=0.43..407.95 rows=102 width=125)
	  Index Cond: ((id >= 6607362) AND (id <= 6607462))

table 6 : explain SELECT id, c FROM sbtest6 WHERE id BETWEEN 6607362 AND 6607462
	Index Scan using sbtest6_pkey on sbtest6  (cost=0.43..419.54 rows=105 width=125)
	  Index Cond: ((id >= 6607362) AND (id <= 6607462))

table 7 : explain SELECT id, c FROM sbtest7 WHERE id BETWEEN 6607362 AND 6607462
	Index Scan using sbtest7_pkey on sbtest7  (cost=0.43..395.55 rows=99 width=125)
	  Index Cond: ((id >= 6607362) AND (id <= 6607462))

table 8 : explain SELECT id, c FROM sbtest8 WHERE id BETWEEN 6607362 AND 6607462
	Index Scan using sbtest8_pkey on sbtest8  (cost=0.43..443.28 rows=111 width=125)
	  Index Cond: ((id >= 6607362) AND (id <= 6607462))

for range-notcovered
table 1 : explain SELECT id, c FROM sbtest1 WHERE id BETWEEN 6703886 AND 6703986
	Index Scan using sbtest1_pkey on sbtest1  (cost=0.43..433.01 rows=108 width=125)
	  Index Cond: ((id >= 6703886) AND (id <= 6703986))

table 2 : explain SELECT id, c FROM sbtest2 WHERE id BETWEEN 6703886 AND 6703986
	Index Scan using sbtest2_pkey on sbtest2  (cost=0.43..417.22 rows=104 width=125)
	  Index Cond: ((id >= 6703886) AND (id <= 6703986))

table 3 : explain SELECT id, c FROM sbtest3 WHERE id BETWEEN 6703886 AND 6703986
	Index Scan using sbtest3_pkey on sbtest3  (cost=0.43..385.25 rows=96 width=125)
	  Index Cond: ((id >= 6703886) AND (id <= 6703986))

table 4 : explain SELECT id, c FROM sbtest4 WHERE id BETWEEN 6703886 AND 6703986
	Index Scan using sbtest4_pkey on sbtest4  (cost=0.43..356.68 rows=89 width=125)
	  Index Cond: ((id >= 6703886) AND (id <= 6703986))

table 5 : explain SELECT id, c FROM sbtest5 WHERE id BETWEEN 6703886 AND 6703986
	Index Scan using sbtest5_pkey on sbtest5  (cost=0.43..415.86 rows=104 width=125)
	  Index Cond: ((id >= 6703886) AND (id <= 6703986))

table 6 : explain SELECT id, c FROM sbtest6 WHERE id BETWEEN 6703886 AND 6703986
	Index Scan using sbtest6_pkey on sbtest6  (cost=0.43..376.05 rows=94 width=125)
	  Index Cond: ((id >= 6703886) AND (id <= 6703986))

table 7 : explain SELECT id, c FROM sbtest7 WHERE id BETWEEN 6703886 AND 6703986
	Index Scan using sbtest7_pkey on sbtest7  (cost=0.43..367.88 rows=92 width=125)
	  Index Cond: ((id >= 6703886) AND (id <= 6703986))

table 8 : explain SELECT id, c FROM sbtest8 WHERE id BETWEEN 6703886 AND 6703986
	Index Scan using sbtest8_pkey on sbtest8  (cost=0.43..455.14 rows=114 width=125)
	  Index Cond: ((id >= 6703886) AND (id <= 6703986))

explain: for range-notcovered :: explain SELECT id, c FROM sbtest%d WHERE id BETWEEN 6607362 AND 6607462
explain: for range-notcovered :: explain SELECT id, c FROM sbtest%d WHERE id BETWEEN 6703886 AND 6703986
for range-notcovered
table 1 : explain SELECT id, c FROM sbtest1 WHERE id BETWEEN 4365652 AND 4365752
	Index Scan using sbtest1_pkey on sbtest1  (cost=0.43..397.29 rows=99 width=125)
	  Index Cond: ((id >= 4365652) AND (id <= 4365752))

table 2 : explain SELECT id, c FROM sbtest2 WHERE id BETWEEN 4365652 AND 4365752
	Index Scan using sbtest2_pkey on sbtest2  (cost=0.43..381.50 rows=95 width=125)
	  Index Cond: ((id >= 4365652) AND (id <= 4365752))

table 3 : explain SELECT id, c FROM sbtest3 WHERE id BETWEEN 4365652 AND 4365752
	Index Scan using sbtest3_pkey on sbtest3  (cost=0.43..432.86 rows=108 width=125)
	  Index Cond: ((id >= 4365652) AND (id <= 4365752))

table 4 : explain SELECT id, c FROM sbtest4 WHERE id BETWEEN 4365652 AND 4365752
	Index Scan using sbtest4_pkey on sbtest4  (cost=0.43..423.97 rows=106 width=125)
	  Index Cond: ((id >= 4365652) AND (id <= 4365752))

table 5 : explain SELECT id, c FROM sbtest5 WHERE id BETWEEN 4365652 AND 4365752
	Index Scan using sbtest5_pkey on sbtest5  (cost=0.43..400.04 rows=100 width=125)
	  Index Cond: ((id >= 4365652) AND (id <= 4365752))

table 6 : explain SELECT id, c FROM sbtest6 WHERE id BETWEEN 4365652 AND 4365752
	Index Scan using sbtest6_pkey on sbtest6  (cost=0.43..419.54 rows=105 width=125)
	  Index Cond: ((id >= 4365652) AND (id <= 4365752))

table 7 : explain SELECT id, c FROM sbtest7 WHERE id BETWEEN 4365652 AND 4365752
	Index Scan using sbtest7_pkey on sbtest7  (cost=0.43..415.29 rows=104 width=125)
	  Index Cond: ((id >= 4365652) AND (id <= 4365752))

table 8 : explain SELECT id, c FROM sbtest8 WHERE id BETWEEN 4365652 AND 4365752
	Index Scan using sbtest8_pkey on sbtest8  (cost=0.43..387.94 rows=97 width=125)
	  Index Cond: ((id >= 4365652) AND (id <= 4365752))

for range-notcovered
table 1 : explain SELECT id, c FROM sbtest1 WHERE id BETWEEN 5591809 AND 5591909
	Index Scan using sbtest1_pkey on sbtest1  (cost=0.43..484.59 rows=121 width=125)
	  Index Cond: ((id >= 5591809) AND (id <= 5591909))

table 2 : explain SELECT id, c FROM sbtest2 WHERE id BETWEEN 5591809 AND 5591909
	Index Scan using sbtest2_pkey on sbtest2  (cost=0.43..464.84 rows=116 width=125)
	  Index Cond: ((id >= 5591809) AND (id <= 5591909))

table 3 : explain SELECT id, c FROM sbtest3 WHERE id BETWEEN 5591809 AND 5591909
	Index Scan using sbtest3_pkey on sbtest3  (cost=0.43..401.13 rows=100 width=125)
	  Index Cond: ((id >= 5591809) AND (id <= 5591909))

table 4 : explain SELECT id, c FROM sbtest4 WHERE id BETWEEN 5591809 AND 5591909
	Index Scan using sbtest4_pkey on sbtest4  (cost=0.43..404.18 rows=101 width=125)
	  Index Cond: ((id >= 5591809) AND (id <= 5591909))

table 5 : explain SELECT id, c FROM sbtest5 WHERE id BETWEEN 5591809 AND 5591909
	Index Scan using sbtest5_pkey on sbtest5  (cost=0.43..376.29 rows=94 width=125)
	  Index Cond: ((id >= 5591809) AND (id <= 5591909))

table 6 : explain SELECT id, c FROM sbtest6 WHERE id BETWEEN 5591809 AND 5591909
	Index Scan using sbtest6_pkey on sbtest6  (cost=0.43..387.91 rows=97 width=125)
	  Index Cond: ((id >= 5591809) AND (id <= 5591909))

table 7 : explain SELECT id, c FROM sbtest7 WHERE id BETWEEN 5591809 AND 5591909
	Index Scan using sbtest7_pkey on sbtest7  (cost=0.43..340.24 rows=85 width=125)
	  Index Cond: ((id >= 5591809) AND (id <= 5591909))

table 8 : explain SELECT id, c FROM sbtest8 WHERE id BETWEEN 5591809 AND 5591909
	Index Scan using sbtest8_pkey on sbtest8  (cost=0.43..376.07 rows=94 width=125)
	  Index Cond: ((id >= 5591809) AND (id <= 5591909))

explain: for range-notcovered :: explain SELECT id, c FROM sbtest%d WHERE id BETWEEN 4365652 AND 4365752
explain: for range-notcovered :: explain SELECT id, c FROM sbtest%d WHERE id BETWEEN 5591809 AND 5591909
for range-notcovered
table 1 : explain SELECT id, c FROM sbtest1 WHERE id BETWEEN 2294558 AND 2294658
	Index Scan using sbtest1_pkey on sbtest1  (cost=0.43..393.33 rows=98 width=125)
	  Index Cond: ((id >= 2294558) AND (id <= 2294658))

table 2 : explain SELECT id, c FROM sbtest2 WHERE id BETWEEN 2294558 AND 2294658
	Index Scan using sbtest2_pkey on sbtest2  (cost=0.43..385.46 rows=96 width=125)
	  Index Cond: ((id >= 2294558) AND (id <= 2294658))

table 3 : explain SELECT id, c FROM sbtest3 WHERE id BETWEEN 2294558 AND 2294658
	Index Scan using sbtest3_pkey on sbtest3  (cost=0.43..377.32 rows=94 width=125)
	  Index Cond: ((id >= 2294558) AND (id <= 2294658))

table 4 : explain SELECT id, c FROM sbtest4 WHERE id BETWEEN 2294558 AND 2294658
	Index Scan using sbtest4_pkey on sbtest4  (cost=0.43..384.38 rows=96 width=125)
	  Index Cond: ((id >= 2294558) AND (id <= 2294658))

table 5 : explain SELECT id, c FROM sbtest5 WHERE id BETWEEN 2294558 AND 2294658
	Index Scan using sbtest5_pkey on sbtest5  (cost=0.43..388.16 rows=97 width=125)
	  Index Cond: ((id >= 2294558) AND (id <= 2294658))

table 6 : explain SELECT id, c FROM sbtest6 WHERE id BETWEEN 2294558 AND 2294658
	Index Scan using sbtest6_pkey on sbtest6  (cost=0.43..399.78 rows=100 width=125)
	  Index Cond: ((id >= 2294558) AND (id <= 2294658))

table 7 : explain SELECT id, c FROM sbtest7 WHERE id BETWEEN 2294558 AND 2294658
	Index Scan using sbtest7_pkey on sbtest7  (cost=0.43..379.73 rows=95 width=125)
	  Index Cond: ((id >= 2294558) AND (id <= 2294658))

table 8 : explain SELECT id, c FROM sbtest8 WHERE id BETWEEN 2294558 AND 2294658
	Index Scan using sbtest8_pkey on sbtest8  (cost=0.43..407.71 rows=102 width=125)
	  Index Cond: ((id >= 2294558) AND (id <= 2294658))

explain: for range-notcovered :: explain SELECT id, c FROM sbtest%d WHERE id BETWEEN 2294558 AND 2294658
for range-notcovered
table 1 : explain SELECT id, c FROM sbtest1 WHERE id BETWEEN 6304896 AND 6304996
	Index Scan using sbtest1_pkey on sbtest1  (cost=0.43..385.39 rows=96 width=125)
	  Index Cond: ((id >= 6304896) AND (id <= 6304996))

table 2 : explain SELECT id, c FROM sbtest2 WHERE id BETWEEN 6304896 AND 6304996
	Index Scan using sbtest2_pkey on sbtest2  (cost=0.43..417.22 rows=104 width=125)
	  Index Cond: ((id >= 6304896) AND (id <= 6304996))

table 3 : explain SELECT id, c FROM sbtest3 WHERE id BETWEEN 6304896 AND 6304996
	Index Scan using sbtest3_pkey on sbtest3  (cost=0.43..401.12 rows=100 width=125)
	  Index Cond: ((id >= 6304896) AND (id <= 6304996))

table 4 : explain SELECT id, c FROM sbtest4 WHERE id BETWEEN 6304896 AND 6304996
	Index Scan using sbtest4_pkey on sbtest4  (cost=0.43..384.38 rows=96 width=125)
	  Index Cond: ((id >= 6304896) AND (id <= 6304996))

table 5 : explain SELECT id, c FROM sbtest5 WHERE id BETWEEN 6304896 AND 6304996
	Index Scan using sbtest5_pkey on sbtest5  (cost=0.43..376.29 rows=94 width=125)
	  Index Cond: ((id >= 6304896) AND (id <= 6304996))

table 6 : explain SELECT id, c FROM sbtest6 WHERE id BETWEEN 6304896 AND 6304996
	Index Scan using sbtest6_pkey on sbtest6  (cost=0.43..380.00 rows=95 width=125)
	  Index Cond: ((id >= 6304896) AND (id <= 6304996))

table 7 : explain SELECT id, c FROM sbtest7 WHERE id BETWEEN 6304896 AND 6304996
	Index Scan using sbtest7_pkey on sbtest7  (cost=0.43..391.60 rows=98 width=125)
	  Index Cond: ((id >= 6304896) AND (id <= 6304996))

table 8 : explain SELECT id, c FROM sbtest8 WHERE id BETWEEN 6304896 AND 6304996
	Index Scan using sbtest8_pkey on sbtest8  (cost=0.43..411.66 rows=103 width=125)
	  Index Cond: ((id >= 6304896) AND (id <= 6304996))

for range-notcovered
table 1 : explain SELECT id, c FROM sbtest1 WHERE id BETWEEN 6476698 AND 6476798
	Index Scan using sbtest1_pkey on sbtest1  (cost=0.43..397.29 rows=99 width=125)
	  Index Cond: ((id >= 6476698) AND (id <= 6476798))

table 2 : explain SELECT id, c FROM sbtest2 WHERE id BETWEEN 6476698 AND 6476798
	Index Scan using sbtest2_pkey on sbtest2  (cost=0.43..452.94 rows=113 width=125)
	  Index Cond: ((id >= 6476698) AND (id <= 6476798))

table 3 : explain SELECT id, c FROM sbtest3 WHERE id BETWEEN 6476698 AND 6476798
	Index Scan using sbtest3_pkey on sbtest3  (cost=0.43..413.03 rows=103 width=125)
	  Index Cond: ((id >= 6476698) AND (id <= 6476798))

table 4 : explain SELECT id, c FROM sbtest4 WHERE id BETWEEN 6476698 AND 6476798
	Index Scan using sbtest4_pkey on sbtest4  (cost=0.43..408.14 rows=102 width=125)
	  Index Cond: ((id >= 6476698) AND (id <= 6476798))

table 5 : explain SELECT id, c FROM sbtest5 WHERE id BETWEEN 6476698 AND 6476798
	Index Scan using sbtest5_pkey on sbtest5  (cost=0.43..467.27 rows=117 width=125)
	  Index Cond: ((id >= 6476698) AND (id <= 6476798))

table 6 : explain SELECT id, c FROM sbtest6 WHERE id BETWEEN 6476698 AND 6476798
	Index Scan using sbtest6_pkey on sbtest6  (cost=0.43..411.64 rows=103 width=125)
	  Index Cond: ((id >= 6476698) AND (id <= 6476798))

table 7 : explain SELECT id, c FROM sbtest7 WHERE id BETWEEN 6476698 AND 6476798
	Index Scan using sbtest7_pkey on sbtest7  (cost=0.43..427.14 rows=107 width=125)
	  Index Cond: ((id >= 6476698) AND (id <= 6476798))

table 8 : explain SELECT id, c FROM sbtest8 WHERE id BETWEEN 6476698 AND 6476798
	Index Scan using sbtest8_pkey on sbtest8  (cost=0.43..395.85 rows=99 width=125)
	  Index Cond: ((id >= 6476698) AND (id <= 6476798))

explain: for range-notcovered :: explain SELECT id, c FROM sbtest%d WHERE id BETWEEN 6304896 AND 6304996
for range-notcovered
table 1 : explain SELECT id, c FROM sbtest1 WHERE id BETWEEN 6607362 AND 6607462
	Index Scan using sbtest1_pkey on sbtest1  (cost=0.43..397.29 rows=99 width=125)
	  Index Cond: ((id >= 6607362) AND (id <= 6607462))

table 2 : explain SELECT id, c FROM sbtest2 WHERE id BETWEEN 6607362 AND 6607462
	Index Scan using sbtest2_pkey on sbtest2  (cost=0.43..401.35 rows=100 width=125)
	  Index Cond: ((id >= 6607362) AND (id <= 6607462))

table 3 : explain SELECT id, c FROM sbtest3 WHERE id BETWEEN 6607362 AND 6607462
	Index Scan using sbtest3_pkey on sbtest3  (cost=0.43..397.15 rows=99 width=125)
	  Index Cond: ((id >= 6607362) AND (id <= 6607462))

table 4 : explain SELECT id, c FROM sbtest4 WHERE id BETWEEN 6607362 AND 6607462
	Index Scan using sbtest4_pkey on sbtest4  (cost=0.43..356.68 rows=89 width=125)
	  Index Cond: ((id >= 6607362) AND (id <= 6607462))

table 5 : explain SELECT id, c FROM sbtest5 WHERE id BETWEEN 6607362 AND 6607462
	Index Scan using sbtest5_pkey on sbtest5  (cost=0.43..407.95 rows=102 width=125)
	  Index Cond: ((id >= 6607362) AND (id <= 6607462))

table 6 : explain SELECT id, c FROM sbtest6 WHERE id BETWEEN 6607362 AND 6607462
	Index Scan using sbtest6_pkey on sbtest6  (cost=0.43..419.54 rows=105 width=125)
	  Index Cond: ((id >= 6607362) AND (id <= 6607462))

table 7 : explain SELECT id, c FROM sbtest7 WHERE id BETWEEN 6607362 AND 6607462
	Index Scan using sbtest7_pkey on sbtest7  (cost=0.43..395.55 rows=99 width=125)
	  Index Cond: ((id >= 6607362) AND (id <= 6607462))

table 8 : explain SELECT id, c FROM sbtest8 WHERE id BETWEEN 6607362 AND 6607462
	Index Scan using sbtest8_pkey on sbtest8  (cost=0.43..443.28 rows=111 width=125)
	  Index Cond: ((id >= 6607362) AND (id <= 6607462))

for range-notcovered
table 1 : explain SELECT id, c FROM sbtest1 WHERE id BETWEEN 6703886 AND 6703986
	Index Scan using sbtest1_pkey on sbtest1  (cost=0.43..433.01 rows=108 width=125)
	  Index Cond: ((id >= 6703886) AND (id <= 6703986))

table 2 : explain SELECT id, c FROM sbtest2 WHERE id BETWEEN 6703886 AND 6703986
	Index Scan using sbtest2_pkey on sbtest2  (cost=0.43..417.22 rows=104 width=125)
	  Index Cond: ((id >= 6703886) AND (id <= 6703986))

table 3 : explain SELECT id, c FROM sbtest3 WHERE id BETWEEN 6703886 AND 6703986
	Index Scan using sbtest3_pkey on sbtest3  (cost=0.43..385.25 rows=96 width=125)
	  Index Cond: ((id >= 6703886) AND (id <= 6703986))

table 4 : explain SELECT id, c FROM sbtest4 WHERE id BETWEEN 6703886 AND 6703986
	Index Scan using sbtest4_pkey on sbtest4  (cost=0.43..356.68 rows=89 width=125)
	  Index Cond: ((id >= 6703886) AND (id <= 6703986))

table 5 : explain SELECT id, c FROM sbtest5 WHERE id BETWEEN 6703886 AND 6703986
	Index Scan using sbtest5_pkey on sbtest5  (cost=0.43..415.86 rows=104 width=125)
	  Index Cond: ((id >= 6703886) AND (id <= 6703986))

table 6 : explain SELECT id, c FROM sbtest6 WHERE id BETWEEN 6703886 AND 6703986
	Index Scan using sbtest6_pkey on sbtest6  (cost=0.43..376.05 rows=94 width=125)
	  Index Cond: ((id >= 6703886) AND (id <= 6703986))

table 7 : explain SELECT id, c FROM sbtest7 WHERE id BETWEEN 6703886 AND 6703986
	Index Scan using sbtest7_pkey on sbtest7  (cost=0.43..367.88 rows=92 width=125)
	  Index Cond: ((id >= 6703886) AND (id <= 6703986))

table 8 : explain SELECT id, c FROM sbtest8 WHERE id BETWEEN 6703886 AND 6703986
	Index Scan using sbtest8_pkey on sbtest8  (cost=0.43..455.14 rows=114 width=125)
	  Index Cond: ((id >= 6703886) AND (id <= 6703986))

explain: for range-notcovered :: explain SELECT id, c FROM sbtest%d WHERE id BETWEEN 6476698 AND 6476798
explain: for range-notcovered :: explain SELECT id, c FROM sbtest%d WHERE id BETWEEN 6607362 AND 6607462
explain: for range-notcovered :: explain SELECT id, c FROM sbtest%d WHERE id BETWEEN 6703886 AND 6703986
for range-notcovered
table 1 : explain SELECT id, c FROM sbtest1 WHERE id BETWEEN 4365652 AND 4365752
	Index Scan using sbtest1_pkey on sbtest1  (cost=0.43..397.29 rows=99 width=125)
	  Index Cond: ((id >= 4365652) AND (id <= 4365752))

table 2 : explain SELECT id, c FROM sbtest2 WHERE id BETWEEN 4365652 AND 4365752
	Index Scan using sbtest2_pkey on sbtest2  (cost=0.43..381.50 rows=95 width=125)
	  Index Cond: ((id >= 4365652) AND (id <= 4365752))

table 3 : explain SELECT id, c FROM sbtest3 WHERE id BETWEEN 4365652 AND 4365752
	Index Scan using sbtest3_pkey on sbtest3  (cost=0.43..432.86 rows=108 width=125)
	  Index Cond: ((id >= 4365652) AND (id <= 4365752))

table 4 : explain SELECT id, c FROM sbtest4 WHERE id BETWEEN 4365652 AND 4365752
	Index Scan using sbtest4_pkey on sbtest4  (cost=0.43..423.97 rows=106 width=125)
	  Index Cond: ((id >= 4365652) AND (id <= 4365752))

table 5 : explain SELECT id, c FROM sbtest5 WHERE id BETWEEN 4365652 AND 4365752
	Index Scan using sbtest5_pkey on sbtest5  (cost=0.43..400.04 rows=100 width=125)
	  Index Cond: ((id >= 4365652) AND (id <= 4365752))

table 6 : explain SELECT id, c FROM sbtest6 WHERE id BETWEEN 4365652 AND 4365752
	Index Scan using sbtest6_pkey on sbtest6  (cost=0.43..419.54 rows=105 width=125)
	  Index Cond: ((id >= 4365652) AND (id <= 4365752))

table 7 : explain SELECT id, c FROM sbtest7 WHERE id BETWEEN 4365652 AND 4365752
	Index Scan using sbtest7_pkey on sbtest7  (cost=0.43..415.29 rows=104 width=125)
	  Index Cond: ((id >= 4365652) AND (id <= 4365752))

table 8 : explain SELECT id, c FROM sbtest8 WHERE id BETWEEN 4365652 AND 4365752
	Index Scan using sbtest8_pkey on sbtest8  (cost=0.43..387.94 rows=97 width=125)
	  Index Cond: ((id >= 4365652) AND (id <= 4365752))

for range-notcovered
table 1 : explain SELECT id, c FROM sbtest1 WHERE id BETWEEN 5591809 AND 5591909
	Index Scan using sbtest1_pkey on sbtest1  (cost=0.43..484.59 rows=121 width=125)
	  Index Cond: ((id >= 5591809) AND (id <= 5591909))

table 2 : explain SELECT id, c FROM sbtest2 WHERE id BETWEEN 5591809 AND 5591909
	Index Scan using sbtest2_pkey on sbtest2  (cost=0.43..464.84 rows=116 width=125)
	  Index Cond: ((id >= 5591809) AND (id <= 5591909))

table 3 : explain SELECT id, c FROM sbtest3 WHERE id BETWEEN 5591809 AND 5591909
	Index Scan using sbtest3_pkey on sbtest3  (cost=0.43..401.13 rows=100 width=125)
	  Index Cond: ((id >= 5591809) AND (id <= 5591909))

table 4 : explain SELECT id, c FROM sbtest4 WHERE id BETWEEN 5591809 AND 5591909
	Index Scan using sbtest4_pkey on sbtest4  (cost=0.43..404.18 rows=101 width=125)
	  Index Cond: ((id >= 5591809) AND (id <= 5591909))

table 5 : explain SELECT id, c FROM sbtest5 WHERE id BETWEEN 5591809 AND 5591909
	Index Scan using sbtest5_pkey on sbtest5  (cost=0.43..376.29 rows=94 width=125)
	  Index Cond: ((id >= 5591809) AND (id <= 5591909))

table 6 : explain SELECT id, c FROM sbtest6 WHERE id BETWEEN 5591809 AND 5591909
	Index Scan using sbtest6_pkey on sbtest6  (cost=0.43..387.91 rows=97 width=125)
	  Index Cond: ((id >= 5591809) AND (id <= 5591909))

table 7 : explain SELECT id, c FROM sbtest7 WHERE id BETWEEN 5591809 AND 5591909
	Index Scan using sbtest7_pkey on sbtest7  (cost=0.43..340.24 rows=85 width=125)
	  Index Cond: ((id >= 5591809) AND (id <= 5591909))

table 8 : explain SELECT id, c FROM sbtest8 WHERE id BETWEEN 5591809 AND 5591909
	Index Scan using sbtest8_pkey on sbtest8  (cost=0.43..376.07 rows=94 width=125)
	  Index Cond: ((id >= 5591809) AND (id <= 5591909))

explain: for range-notcovered :: explain SELECT id, c FROM sbtest%d WHERE id BETWEEN 4365652 AND 4365752
explain: for range-notcovered :: explain SELECT id, c FROM sbtest%d WHERE id BETWEEN 5591809 AND 5591909
for range-notcovered
table 1 : explain SELECT id, c FROM sbtest1 WHERE id BETWEEN 7511830 AND 7511930
	Index Scan using sbtest1_pkey on sbtest1  (cost=0.43..385.39 rows=96 width=125)
	  Index Cond: ((id >= 7511830) AND (id <= 7511930))

table 2 : explain SELECT id, c FROM sbtest2 WHERE id BETWEEN 7511830 AND 7511930
	Index Scan using sbtest2_pkey on sbtest2  (cost=0.43..421.19 rows=105 width=125)
	  Index Cond: ((id >= 7511830) AND (id <= 7511930))

table 3 : explain SELECT id, c FROM sbtest3 WHERE id BETWEEN 7511830 AND 7511930
	Index Scan using sbtest3_pkey on sbtest3  (cost=0.43..393.19 rows=98 width=125)
	  Index Cond: ((id >= 7511830) AND (id <= 7511930))

table 4 : explain SELECT id, c FROM sbtest4 WHERE id BETWEEN 7511830 AND 7511930
	Index Scan using sbtest4_pkey on sbtest4  (cost=0.43..388.34 rows=97 width=125)
	  Index Cond: ((id >= 7511830) AND (id <= 7511930))

table 5 : explain SELECT id, c FROM sbtest5 WHERE id BETWEEN 7511830 AND 7511930
	Index Scan using sbtest5_pkey on sbtest5  (cost=0.43..419.81 rows=105 width=125)
	  Index Cond: ((id >= 7511830) AND (id <= 7511930))

table 6 : explain SELECT id, c FROM sbtest6 WHERE id BETWEEN 7511830 AND 7511930
	Index Scan using sbtest6_pkey on sbtest6  (cost=0.43..383.95 rows=96 width=125)
	  Index Cond: ((id >= 7511830) AND (id <= 7511930))

table 7 : explain SELECT id, c FROM sbtest7 WHERE id BETWEEN 7511830 AND 7511930
	Index Scan using sbtest7_pkey on sbtest7  (cost=0.43..411.34 rows=103 width=125)
	  Index Cond: ((id >= 7511830) AND (id <= 7511930))

table 8 : explain SELECT id, c FROM sbtest8 WHERE id BETWEEN 7511830 AND 7511930
	Index Scan using sbtest8_pkey on sbtest8  (cost=0.43..403.75 rows=101 width=125)
	  Index Cond: ((id >= 7511830) AND (id <= 7511930))

explain: for range-notcovered :: explain SELECT id, c FROM sbtest%d WHERE id BETWEEN 7511830 AND 7511930
for range-notcovered
table 1 : explain SELECT id, c FROM sbtest1 WHERE id BETWEEN 2294558 AND 2294658
	Index Scan using sbtest1_pkey on sbtest1  (cost=0.43..393.33 rows=98 width=125)
	  Index Cond: ((id >= 2294558) AND (id <= 2294658))

table 2 : explain SELECT id, c FROM sbtest2 WHERE id BETWEEN 2294558 AND 2294658
	Index Scan using sbtest2_pkey on sbtest2  (cost=0.43..385.46 rows=96 width=125)
	  Index Cond: ((id >= 2294558) AND (id <= 2294658))

table 3 : explain SELECT id, c FROM sbtest3 WHERE id BETWEEN 2294558 AND 2294658
	Index Scan using sbtest3_pkey on sbtest3  (cost=0.43..377.32 rows=94 width=125)
	  Index Cond: ((id >= 2294558) AND (id <= 2294658))

table 4 : explain SELECT id, c FROM sbtest4 WHERE id BETWEEN 2294558 AND 2294658
	Index Scan using sbtest4_pkey on sbtest4  (cost=0.43..384.38 rows=96 width=125)
	  Index Cond: ((id >= 2294558) AND (id <= 2294658))

table 5 : explain SELECT id, c FROM sbtest5 WHERE id BETWEEN 2294558 AND 2294658
	Index Scan using sbtest5_pkey on sbtest5  (cost=0.43..388.16 rows=97 width=125)
	  Index Cond: ((id >= 2294558) AND (id <= 2294658))

table 6 : explain SELECT id, c FROM sbtest6 WHERE id BETWEEN 2294558 AND 2294658
	Index Scan using sbtest6_pkey on sbtest6  (cost=0.43..399.78 rows=100 width=125)
	  Index Cond: ((id >= 2294558) AND (id <= 2294658))

table 7 : explain SELECT id, c FROM sbtest7 WHERE id BETWEEN 2294558 AND 2294658
	Index Scan using sbtest7_pkey on sbtest7  (cost=0.43..379.73 rows=95 width=125)
	  Index Cond: ((id >= 2294558) AND (id <= 2294658))

table 8 : explain SELECT id, c FROM sbtest8 WHERE id BETWEEN 2294558 AND 2294658
	Index Scan using sbtest8_pkey on sbtest8  (cost=0.43..407.71 rows=102 width=125)
	  Index Cond: ((id >= 2294558) AND (id <= 2294658))

explain: for range-notcovered :: explain SELECT id, c FROM sbtest%d WHERE id BETWEEN 2294558 AND 2294658
for range-notcovered
table 1 : explain SELECT id, c FROM sbtest1 WHERE id BETWEEN 6304896 AND 6304996
	Index Scan using sbtest1_pkey on sbtest1  (cost=0.43..385.39 rows=96 width=125)
	  Index Cond: ((id >= 6304896) AND (id <= 6304996))

table 2 : explain SELECT id, c FROM sbtest2 WHERE id BETWEEN 6304896 AND 6304996
	Index Scan using sbtest2_pkey on sbtest2  (cost=0.43..417.22 rows=104 width=125)
	  Index Cond: ((id >= 6304896) AND (id <= 6304996))

table 3 : explain SELECT id, c FROM sbtest3 WHERE id BETWEEN 6304896 AND 6304996
	Index Scan using sbtest3_pkey on sbtest3  (cost=0.43..401.12 rows=100 width=125)
	  Index Cond: ((id >= 6304896) AND (id <= 6304996))

table 4 : explain SELECT id, c FROM sbtest4 WHERE id BETWEEN 6304896 AND 6304996
	Index Scan using sbtest4_pkey on sbtest4  (cost=0.43..384.38 rows=96 width=125)
	  Index Cond: ((id >= 6304896) AND (id <= 6304996))

table 5 : explain SELECT id, c FROM sbtest5 WHERE id BETWEEN 6304896 AND 6304996
	Index Scan using sbtest5_pkey on sbtest5  (cost=0.43..376.29 rows=94 width=125)
	  Index Cond: ((id >= 6304896) AND (id <= 6304996))

table 6 : explain SELECT id, c FROM sbtest6 WHERE id BETWEEN 6304896 AND 6304996
	Index Scan using sbtest6_pkey on sbtest6  (cost=0.43..380.00 rows=95 width=125)
	  Index Cond: ((id >= 6304896) AND (id <= 6304996))

table 7 : explain SELECT id, c FROM sbtest7 WHERE id BETWEEN 6304896 AND 6304996
	Index Scan using sbtest7_pkey on sbtest7  (cost=0.43..391.60 rows=98 width=125)
	  Index Cond: ((id >= 6304896) AND (id <= 6304996))

table 8 : explain SELECT id, c FROM sbtest8 WHERE id BETWEEN 6304896 AND 6304996
	Index Scan using sbtest8_pkey on sbtest8  (cost=0.43..411.66 rows=103 width=125)
	  Index Cond: ((id >= 6304896) AND (id <= 6304996))

explain: for range-notcovered :: explain SELECT id, c FROM sbtest%d WHERE id BETWEEN 6304896 AND 6304996
for range-notcovered
table 1 : explain SELECT id, c FROM sbtest1 WHERE id BETWEEN 6607362 AND 6607462
	Index Scan using sbtest1_pkey on sbtest1  (cost=0.43..397.29 rows=99 width=125)
	  Index Cond: ((id >= 6607362) AND (id <= 6607462))

table 2 : explain SELECT id, c FROM sbtest2 WHERE id BETWEEN 6607362 AND 6607462
	Index Scan using sbtest2_pkey on sbtest2  (cost=0.43..401.35 rows=100 width=125)
	  Index Cond: ((id >= 6607362) AND (id <= 6607462))

table 3 : explain SELECT id, c FROM sbtest3 WHERE id BETWEEN 6607362 AND 6607462
	Index Scan using sbtest3_pkey on sbtest3  (cost=0.43..397.15 rows=99 width=125)
	  Index Cond: ((id >= 6607362) AND (id <= 6607462))

table 4 : explain SELECT id, c FROM sbtest4 WHERE id BETWEEN 6607362 AND 6607462
	Index Scan using sbtest4_pkey on sbtest4  (cost=0.43..356.68 rows=89 width=125)
	  Index Cond: ((id >= 6607362) AND (id <= 6607462))

table 5 : explain SELECT id, c FROM sbtest5 WHERE id BETWEEN 6607362 AND 6607462
	Index Scan using sbtest5_pkey on sbtest5  (cost=0.43..407.95 rows=102 width=125)
	  Index Cond: ((id >= 6607362) AND (id <= 6607462))

table 6 : explain SELECT id, c FROM sbtest6 WHERE id BETWEEN 6607362 AND 6607462
	Index Scan using sbtest6_pkey on sbtest6  (cost=0.43..419.54 rows=105 width=125)
	  Index Cond: ((id >= 6607362) AND (id <= 6607462))

table 7 : explain SELECT id, c FROM sbtest7 WHERE id BETWEEN 6607362 AND 6607462
	Index Scan using sbtest7_pkey on sbtest7  (cost=0.43..395.55 rows=99 width=125)
	  Index Cond: ((id >= 6607362) AND (id <= 6607462))

table 8 : explain SELECT id, c FROM sbtest8 WHERE id BETWEEN 6607362 AND 6607462
	Index Scan using sbtest8_pkey on sbtest8  (cost=0.43..443.28 rows=111 width=125)
	  Index Cond: ((id >= 6607362) AND (id <= 6607462))

for range-notcovered
table 1 : explain SELECT id, c FROM sbtest1 WHERE id BETWEEN 6703886 AND 6703986
	Index Scan using sbtest1_pkey on sbtest1  (cost=0.43..433.01 rows=108 width=125)
	  Index Cond: ((id >= 6703886) AND (id <= 6703986))

table 2 : explain SELECT id, c FROM sbtest2 WHERE id BETWEEN 6703886 AND 6703986
	Index Scan using sbtest2_pkey on sbtest2  (cost=0.43..417.22 rows=104 width=125)
	  Index Cond: ((id >= 6703886) AND (id <= 6703986))

table 3 : explain SELECT id, c FROM sbtest3 WHERE id BETWEEN 6703886 AND 6703986
	Index Scan using sbtest3_pkey on sbtest3  (cost=0.43..385.25 rows=96 width=125)
	  Index Cond: ((id >= 6703886) AND (id <= 6703986))

table 4 : explain SELECT id, c FROM sbtest4 WHERE id BETWEEN 6703886 AND 6703986
	Index Scan using sbtest4_pkey on sbtest4  (cost=0.43..356.68 rows=89 width=125)
	  Index Cond: ((id >= 6703886) AND (id <= 6703986))

table 5 : explain SELECT id, c FROM sbtest5 WHERE id BETWEEN 6703886 AND 6703986
	Index Scan using sbtest5_pkey on sbtest5  (cost=0.43..415.86 rows=104 width=125)
	  Index Cond: ((id >= 6703886) AND (id <= 6703986))

table 6 : explain SELECT id, c FROM sbtest6 WHERE id BETWEEN 6703886 AND 6703986
	Index Scan using sbtest6_pkey on sbtest6  (cost=0.43..376.05 rows=94 width=125)
	  Index Cond: ((id >= 6703886) AND (id <= 6703986))

table 7 : explain SELECT id, c FROM sbtest7 WHERE id BETWEEN 6703886 AND 6703986
	Index Scan using sbtest7_pkey on sbtest7  (cost=0.43..367.88 rows=92 width=125)
	  Index Cond: ((id >= 6703886) AND (id <= 6703986))

table 8 : explain SELECT id, c FROM sbtest8 WHERE id BETWEEN 6703886 AND 6703986
	Index Scan using sbtest8_pkey on sbtest8  (cost=0.43..455.14 rows=114 width=125)
	  Index Cond: ((id >= 6703886) AND (id <= 6703986))

for range-notcovered
table 1 : explain SELECT id, c FROM sbtest1 WHERE id BETWEEN 6476698 AND 6476798
	Index Scan using sbtest1_pkey on sbtest1  (cost=0.43..397.29 rows=99 width=125)
	  Index Cond: ((id >= 6476698) AND (id <= 6476798))

table 2 : explain SELECT id, c FROM sbtest2 WHERE id BETWEEN 6476698 AND 6476798
	Index Scan using sbtest2_pkey on sbtest2  (cost=0.43..452.94 rows=113 width=125)
	  Index Cond: ((id >= 6476698) AND (id <= 6476798))

table 3 : explain SELECT id, c FROM sbtest3 WHERE id BETWEEN 6476698 AND 6476798
	Index Scan using sbtest3_pkey on sbtest3  (cost=0.43..413.03 rows=103 width=125)
	  Index Cond: ((id >= 6476698) AND (id <= 6476798))

table 4 : explain SELECT id, c FROM sbtest4 WHERE id BETWEEN 6476698 AND 6476798
	Index Scan using sbtest4_pkey on sbtest4  (cost=0.43..408.14 rows=102 width=125)
	  Index Cond: ((id >= 6476698) AND (id <= 6476798))

table 5 : explain SELECT id, c FROM sbtest5 WHERE id BETWEEN 6476698 AND 6476798
	Index Scan using sbtest5_pkey on sbtest5  (cost=0.43..467.27 rows=117 width=125)
	  Index Cond: ((id >= 6476698) AND (id <= 6476798))

table 6 : explain SELECT id, c FROM sbtest6 WHERE id BETWEEN 6476698 AND 6476798
	Index Scan using sbtest6_pkey on sbtest6  (cost=0.43..411.64 rows=103 width=125)
	  Index Cond: ((id >= 6476698) AND (id <= 6476798))

table 7 : explain SELECT id, c FROM sbtest7 WHERE id BETWEEN 6476698 AND 6476798
	Index Scan using sbtest7_pkey on sbtest7  (cost=0.43..427.14 rows=107 width=125)
	  Index Cond: ((id >= 6476698) AND (id <= 6476798))

table 8 : explain SELECT id, c FROM sbtest8 WHERE id BETWEEN 6476698 AND 6476798
	Index Scan using sbtest8_pkey on sbtest8  (cost=0.43..395.85 rows=99 width=125)
	  Index Cond: ((id >= 6476698) AND (id <= 6476798))

explain: for range-notcovered :: explain SELECT id, c FROM sbtest%d WHERE id BETWEEN 6607362 AND 6607462
for range-notcovered
table 1 : explain SELECT id, c FROM sbtest1 WHERE id BETWEEN 4365652 AND 4365752
	Index Scan using sbtest1_pkey on sbtest1  (cost=0.43..397.29 rows=99 width=125)
	  Index Cond: ((id >= 4365652) AND (id <= 4365752))

table 2 : explain SELECT id, c FROM sbtest2 WHERE id BETWEEN 4365652 AND 4365752
	Index Scan using sbtest2_pkey on sbtest2  (cost=0.43..381.50 rows=95 width=125)
	  Index Cond: ((id >= 4365652) AND (id <= 4365752))

table 3 : explain SELECT id, c FROM sbtest3 WHERE id BETWEEN 4365652 AND 4365752
	Index Scan using sbtest3_pkey on sbtest3  (cost=0.43..432.86 rows=108 width=125)
	  Index Cond: ((id >= 4365652) AND (id <= 4365752))

table 4 : explain SELECT id, c FROM sbtest4 WHERE id BETWEEN 4365652 AND 4365752
	Index Scan using sbtest4_pkey on sbtest4  (cost=0.43..423.97 rows=106 width=125)
	  Index Cond: ((id >= 4365652) AND (id <= 4365752))

table 5 : explain SELECT id, c FROM sbtest5 WHERE id BETWEEN 4365652 AND 4365752
	Index Scan using sbtest5_pkey on sbtest5  (cost=0.43..400.04 rows=100 width=125)
	  Index Cond: ((id >= 4365652) AND (id <= 4365752))

table 6 : explain SELECT id, c FROM sbtest6 WHERE id BETWEEN 4365652 AND 4365752
	Index Scan using sbtest6_pkey on sbtest6  (cost=0.43..419.54 rows=105 width=125)
	  Index Cond: ((id >= 4365652) AND (id <= 4365752))

table 7 : explain SELECT id, c FROM sbtest7 WHERE id BETWEEN 4365652 AND 4365752
	Index Scan using sbtest7_pkey on sbtest7  (cost=0.43..415.29 rows=104 width=125)
	  Index Cond: ((id >= 4365652) AND (id <= 4365752))

table 8 : explain SELECT id, c FROM sbtest8 WHERE id BETWEEN 4365652 AND 4365752
	Index Scan using sbtest8_pkey on sbtest8  (cost=0.43..387.94 rows=97 width=125)
	  Index Cond: ((id >= 4365652) AND (id <= 4365752))

explain: for range-notcovered :: explain SELECT id, c FROM sbtest%d WHERE id BETWEEN 6476698 AND 6476798
explain: for range-notcovered :: explain SELECT id, c FROM sbtest%d WHERE id BETWEEN 6703886 AND 6703986
explain: for range-notcovered :: explain SELECT id, c FROM sbtest%d WHERE id BETWEEN 4365652 AND 4365752
for range-notcovered
table 1 : explain SELECT id, c FROM sbtest1 WHERE id BETWEEN 5591809 AND 5591909
	Index Scan using sbtest1_pkey on sbtest1  (cost=0.43..484.59 rows=121 width=125)
	  Index Cond: ((id >= 5591809) AND (id <= 5591909))

table 2 : explain SELECT id, c FROM sbtest2 WHERE id BETWEEN 5591809 AND 5591909
	Index Scan using sbtest2_pkey on sbtest2  (cost=0.43..464.84 rows=116 width=125)
	  Index Cond: ((id >= 5591809) AND (id <= 5591909))

table 3 : explain SELECT id, c FROM sbtest3 WHERE id BETWEEN 5591809 AND 5591909
	Index Scan using sbtest3_pkey on sbtest3  (cost=0.43..401.13 rows=100 width=125)
	  Index Cond: ((id >= 5591809) AND (id <= 5591909))

table 4 : explain SELECT id, c FROM sbtest4 WHERE id BETWEEN 5591809 AND 5591909
	Index Scan using sbtest4_pkey on sbtest4  (cost=0.43..404.18 rows=101 width=125)
	  Index Cond: ((id >= 5591809) AND (id <= 5591909))

table 5 : explain SELECT id, c FROM sbtest5 WHERE id BETWEEN 5591809 AND 5591909
	Index Scan using sbtest5_pkey on sbtest5  (cost=0.43..376.29 rows=94 width=125)
	  Index Cond: ((id >= 5591809) AND (id <= 5591909))

table 6 : explain SELECT id, c FROM sbtest6 WHERE id BETWEEN 5591809 AND 5591909
	Index Scan using sbtest6_pkey on sbtest6  (cost=0.43..387.91 rows=97 width=125)
	  Index Cond: ((id >= 5591809) AND (id <= 5591909))

table 7 : explain SELECT id, c FROM sbtest7 WHERE id BETWEEN 5591809 AND 5591909
	Index Scan using sbtest7_pkey on sbtest7  (cost=0.43..340.24 rows=85 width=125)
	  Index Cond: ((id >= 5591809) AND (id <= 5591909))

table 8 : explain SELECT id, c FROM sbtest8 WHERE id BETWEEN 5591809 AND 5591909
	Index Scan using sbtest8_pkey on sbtest8  (cost=0.43..376.07 rows=94 width=125)
	  Index Cond: ((id >= 5591809) AND (id <= 5591909))

for range-notcovered
table 1 : explain SELECT id, c FROM sbtest1 WHERE id BETWEEN 7511830 AND 7511930
	Index Scan using sbtest1_pkey on sbtest1  (cost=0.43..385.39 rows=96 width=125)
	  Index Cond: ((id >= 7511830) AND (id <= 7511930))

table 2 : explain SELECT id, c FROM sbtest2 WHERE id BETWEEN 7511830 AND 7511930
	Index Scan using sbtest2_pkey on sbtest2  (cost=0.43..421.19 rows=105 width=125)
	  Index Cond: ((id >= 7511830) AND (id <= 7511930))

table 3 : explain SELECT id, c FROM sbtest3 WHERE id BETWEEN 7511830 AND 7511930
	Index Scan using sbtest3_pkey on sbtest3  (cost=0.43..393.19 rows=98 width=125)
	  Index Cond: ((id >= 7511830) AND (id <= 7511930))

table 4 : explain SELECT id, c FROM sbtest4 WHERE id BETWEEN 7511830 AND 7511930
	Index Scan using sbtest4_pkey on sbtest4  (cost=0.43..388.34 rows=97 width=125)
	  Index Cond: ((id >= 7511830) AND (id <= 7511930))

table 5 : explain SELECT id, c FROM sbtest5 WHERE id BETWEEN 7511830 AND 7511930
	Index Scan using sbtest5_pkey on sbtest5  (cost=0.43..419.81 rows=105 width=125)
	  Index Cond: ((id >= 7511830) AND (id <= 7511930))

table 6 : explain SELECT id, c FROM sbtest6 WHERE id BETWEEN 7511830 AND 7511930
	Index Scan using sbtest6_pkey on sbtest6  (cost=0.43..383.95 rows=96 width=125)
	  Index Cond: ((id >= 7511830) AND (id <= 7511930))

table 7 : explain SELECT id, c FROM sbtest7 WHERE id BETWEEN 7511830 AND 7511930
	Index Scan using sbtest7_pkey on sbtest7  (cost=0.43..411.34 rows=103 width=125)
	  Index Cond: ((id >= 7511830) AND (id <= 7511930))

table 8 : explain SELECT id, c FROM sbtest8 WHERE id BETWEEN 7511830 AND 7511930
	Index Scan using sbtest8_pkey on sbtest8  (cost=0.43..403.75 rows=101 width=125)
	  Index Cond: ((id >= 7511830) AND (id <= 7511930))

explain: for range-notcovered :: explain SELECT id, c FROM sbtest%d WHERE id BETWEEN 7511830 AND 7511930
for range-notcovered
table 1 : explain SELECT id, c FROM sbtest1 WHERE id BETWEEN 2294558 AND 2294658
	Index Scan using sbtest1_pkey on sbtest1  (cost=0.43..393.33 rows=98 width=125)
	  Index Cond: ((id >= 2294558) AND (id <= 2294658))

table 2 : explain SELECT id, c FROM sbtest2 WHERE id BETWEEN 2294558 AND 2294658
	Index Scan using sbtest2_pkey on sbtest2  (cost=0.43..385.46 rows=96 width=125)
	  Index Cond: ((id >= 2294558) AND (id <= 2294658))

table 3 : explain SELECT id, c FROM sbtest3 WHERE id BETWEEN 2294558 AND 2294658
	Index Scan using sbtest3_pkey on sbtest3  (cost=0.43..377.32 rows=94 width=125)
	  Index Cond: ((id >= 2294558) AND (id <= 2294658))

table 4 : explain SELECT id, c FROM sbtest4 WHERE id BETWEEN 2294558 AND 2294658
	Index Scan using sbtest4_pkey on sbtest4  (cost=0.43..384.38 rows=96 width=125)
	  Index Cond: ((id >= 2294558) AND (id <= 2294658))

table 5 : explain SELECT id, c FROM sbtest5 WHERE id BETWEEN 2294558 AND 2294658
	Index Scan using sbtest5_pkey on sbtest5  (cost=0.43..388.16 rows=97 width=125)
	  Index Cond: ((id >= 2294558) AND (id <= 2294658))

table 6 : explain SELECT id, c FROM sbtest6 WHERE id BETWEEN 2294558 AND 2294658
	Index Scan using sbtest6_pkey on sbtest6  (cost=0.43..399.78 rows=100 width=125)
	  Index Cond: ((id >= 2294558) AND (id <= 2294658))

table 7 : explain SELECT id, c FROM sbtest7 WHERE id BETWEEN 2294558 AND 2294658
	Index Scan using sbtest7_pkey on sbtest7  (cost=0.43..379.73 rows=95 width=125)
	  Index Cond: ((id >= 2294558) AND (id <= 2294658))

table 8 : explain SELECT id, c FROM sbtest8 WHERE id BETWEEN 2294558 AND 2294658
	Index Scan using sbtest8_pkey on sbtest8  (cost=0.43..407.71 rows=102 width=125)
	  Index Cond: ((id >= 2294558) AND (id <= 2294658))

explain: for range-notcovered :: explain SELECT id, c FROM sbtest%d WHERE id BETWEEN 2294558 AND 2294658
for range-notcovered
table 1 : explain SELECT id, c FROM sbtest1 WHERE id BETWEEN 6304896 AND 6304996
	Index Scan using sbtest1_pkey on sbtest1  (cost=0.43..385.39 rows=96 width=125)
	  Index Cond: ((id >= 6304896) AND (id <= 6304996))

table 2 : explain SELECT id, c FROM sbtest2 WHERE id BETWEEN 6304896 AND 6304996
	Index Scan using sbtest2_pkey on sbtest2  (cost=0.43..417.22 rows=104 width=125)
	  Index Cond: ((id >= 6304896) AND (id <= 6304996))

table 3 : explain SELECT id, c FROM sbtest3 WHERE id BETWEEN 6304896 AND 6304996
	Index Scan using sbtest3_pkey on sbtest3  (cost=0.43..401.12 rows=100 width=125)
	  Index Cond: ((id >= 6304896) AND (id <= 6304996))

table 4 : explain SELECT id, c FROM sbtest4 WHERE id BETWEEN 6304896 AND 6304996
	Index Scan using sbtest4_pkey on sbtest4  (cost=0.43..384.38 rows=96 width=125)
	  Index Cond: ((id >= 6304896) AND (id <= 6304996))

table 5 : explain SELECT id, c FROM sbtest5 WHERE id BETWEEN 6304896 AND 6304996
	Index Scan using sbtest5_pkey on sbtest5  (cost=0.43..376.29 rows=94 width=125)
	  Index Cond: ((id >= 6304896) AND (id <= 6304996))

table 6 : explain SELECT id, c FROM sbtest6 WHERE id BETWEEN 6304896 AND 6304996
	Index Scan using sbtest6_pkey on sbtest6  (cost=0.43..380.00 rows=95 width=125)
	  Index Cond: ((id >= 6304896) AND (id <= 6304996))

table 7 : explain SELECT id, c FROM sbtest7 WHERE id BETWEEN 6304896 AND 6304996
	Index Scan using sbtest7_pkey on sbtest7  (cost=0.43..391.60 rows=98 width=125)
	  Index Cond: ((id >= 6304896) AND (id <= 6304996))

table 8 : explain SELECT id, c FROM sbtest8 WHERE id BETWEEN 6304896 AND 6304996
	Index Scan using sbtest8_pkey on sbtest8  (cost=0.43..411.66 rows=103 width=125)
	  Index Cond: ((id >= 6304896) AND (id <= 6304996))

explain: for range-notcovered :: explain SELECT id, c FROM sbtest%d WHERE id BETWEEN 6304896 AND 6304996
for range-notcovered
table 1 : explain SELECT id, c FROM sbtest1 WHERE id BETWEEN 6607362 AND 6607462
	Index Scan using sbtest1_pkey on sbtest1  (cost=0.43..397.29 rows=99 width=125)
	  Index Cond: ((id >= 6607362) AND (id <= 6607462))

table 2 : explain SELECT id, c FROM sbtest2 WHERE id BETWEEN 6607362 AND 6607462
	Index Scan using sbtest2_pkey on sbtest2  (cost=0.43..401.35 rows=100 width=125)
	  Index Cond: ((id >= 6607362) AND (id <= 6607462))

table 3 : explain SELECT id, c FROM sbtest3 WHERE id BETWEEN 6607362 AND 6607462
	Index Scan using sbtest3_pkey on sbtest3  (cost=0.43..397.15 rows=99 width=125)
	  Index Cond: ((id >= 6607362) AND (id <= 6607462))

table 4 : explain SELECT id, c FROM sbtest4 WHERE id BETWEEN 6607362 AND 6607462
	Index Scan using sbtest4_pkey on sbtest4  (cost=0.43..356.68 rows=89 width=125)
	  Index Cond: ((id >= 6607362) AND (id <= 6607462))

table 5 : explain SELECT id, c FROM sbtest5 WHERE id BETWEEN 6607362 AND 6607462
	Index Scan using sbtest5_pkey on sbtest5  (cost=0.43..407.95 rows=102 width=125)
	  Index Cond: ((id >= 6607362) AND (id <= 6607462))

table 6 : explain SELECT id, c FROM sbtest6 WHERE id BETWEEN 6607362 AND 6607462
	Index Scan using sbtest6_pkey on sbtest6  (cost=0.43..419.54 rows=105 width=125)
	  Index Cond: ((id >= 6607362) AND (id <= 6607462))

table 7 : explain SELECT id, c FROM sbtest7 WHERE id BETWEEN 6607362 AND 6607462
	Index Scan using sbtest7_pkey on sbtest7  (cost=0.43..395.55 rows=99 width=125)
	  Index Cond: ((id >= 6607362) AND (id <= 6607462))

table 8 : explain SELECT id, c FROM sbtest8 WHERE id BETWEEN 6607362 AND 6607462
	Index Scan using sbtest8_pkey on sbtest8  (cost=0.43..443.28 rows=111 width=125)
	  Index Cond: ((id >= 6607362) AND (id <= 6607462))

for range-notcovered
table 1 : explain SELECT id, c FROM sbtest1 WHERE id BETWEEN 4547171 AND 4547271
	Index Scan using sbtest1_pkey on sbtest1  (cost=0.43..409.21 rows=102 width=125)
	  Index Cond: ((id >= 4547171) AND (id <= 4547271))

table 2 : explain SELECT id, c FROM sbtest2 WHERE id BETWEEN 4547171 AND 4547271
	Index Scan using sbtest2_pkey on sbtest2  (cost=0.43..373.56 rows=93 width=125)
	  Index Cond: ((id >= 4547171) AND (id <= 4547271))

table 3 : explain SELECT id, c FROM sbtest3 WHERE id BETWEEN 4547171 AND 4547271
	Index Scan using sbtest3_pkey on sbtest3  (cost=0.43..389.22 rows=97 width=125)
	  Index Cond: ((id >= 4547171) AND (id <= 4547271))

table 4 : explain SELECT id, c FROM sbtest4 WHERE id BETWEEN 4547171 AND 4547271
	Index Scan using sbtest4_pkey on sbtest4  (cost=0.43..404.18 rows=101 width=125)
	  Index Cond: ((id >= 4547171) AND (id <= 4547271))

table 5 : explain SELECT id, c FROM sbtest5 WHERE id BETWEEN 4547171 AND 4547271
	Index Scan using sbtest5_pkey on sbtest5  (cost=0.43..427.72 rows=107 width=125)
	  Index Cond: ((id >= 4547171) AND (id <= 4547271))

table 6 : explain SELECT id, c FROM sbtest6 WHERE id BETWEEN 4547171 AND 4547271
	Index Scan using sbtest6_pkey on sbtest6  (cost=0.43..427.45 rows=107 width=125)
	  Index Cond: ((id >= 4547171) AND (id <= 4547271))

table 7 : explain SELECT id, c FROM sbtest7 WHERE id BETWEEN 4547171 AND 4547271
	Index Scan using sbtest7_pkey on sbtest7  (cost=0.43..403.44 rows=101 width=125)
	  Index Cond: ((id >= 4547171) AND (id <= 4547271))

table 8 : explain SELECT id, c FROM sbtest8 WHERE id BETWEEN 4547171 AND 4547271
	Index Scan using sbtest8_pkey on sbtest8  (cost=0.43..415.61 rows=104 width=125)
	  Index Cond: ((id >= 4547171) AND (id <= 4547271))

for range-notcovered
table 1 : explain SELECT id, c FROM sbtest1 WHERE id BETWEEN 6476698 AND 6476798
	Index Scan using sbtest1_pkey on sbtest1  (cost=0.43..397.29 rows=99 width=125)
	  Index Cond: ((id >= 6476698) AND (id <= 6476798))

table 2 : explain SELECT id, c FROM sbtest2 WHERE id BETWEEN 6476698 AND 6476798
	Index Scan using sbtest2_pkey on sbtest2  (cost=0.43..452.94 rows=113 width=125)
	  Index Cond: ((id >= 6476698) AND (id <= 6476798))

table 3 : explain SELECT id, c FROM sbtest3 WHERE id BETWEEN 6476698 AND 6476798
	Index Scan using sbtest3_pkey on sbtest3  (cost=0.43..413.03 rows=103 width=125)
	  Index Cond: ((id >= 6476698) AND (id <= 6476798))

table 4 : explain SELECT id, c FROM sbtest4 WHERE id BETWEEN 6476698 AND 6476798
	Index Scan using sbtest4_pkey on sbtest4  (cost=0.43..408.14 rows=102 width=125)
	  Index Cond: ((id >= 6476698) AND (id <= 6476798))

table 5 : explain SELECT id, c FROM sbtest5 WHERE id BETWEEN 6476698 AND 6476798
	Index Scan using sbtest5_pkey on sbtest5  (cost=0.43..467.27 rows=117 width=125)
	  Index Cond: ((id >= 6476698) AND (id <= 6476798))

table 6 : explain SELECT id, c FROM sbtest6 WHERE id BETWEEN 6476698 AND 6476798
	Index Scan using sbtest6_pkey on sbtest6  (cost=0.43..411.64 rows=103 width=125)
	  Index Cond: ((id >= 6476698) AND (id <= 6476798))

table 7 : explain SELECT id, c FROM sbtest7 WHERE id BETWEEN 6476698 AND 6476798
	Index Scan using sbtest7_pkey on sbtest7  (cost=0.43..427.14 rows=107 width=125)
	  Index Cond: ((id >= 6476698) AND (id <= 6476798))

table 8 : explain SELECT id, c FROM sbtest8 WHERE id BETWEEN 6476698 AND 6476798
	Index Scan using sbtest8_pkey on sbtest8  (cost=0.43..395.85 rows=99 width=125)
	  Index Cond: ((id >= 6476698) AND (id <= 6476798))
explain: for range-notcovered :: explain SELECT id, c FROM sbtest%d WHERE id BETWEEN 6607362 AND 6607462

explain: for range-notcovered :: explain SELECT id, c FROM sbtest%d WHERE id BETWEEN 4547171 AND 4547271
for range-notcovered
table 1 : explain SELECT id, c FROM sbtest1 WHERE id BETWEEN 4365652 AND 4365752
	Index Scan using sbtest1_pkey on sbtest1  (cost=0.43..397.29 rows=99 width=125)
	  Index Cond: ((id >= 4365652) AND (id <= 4365752))

table 2 : explain SELECT id, c FROM sbtest2 WHERE id BETWEEN 4365652 AND 4365752
	Index Scan using sbtest2_pkey on sbtest2  (cost=0.43..381.50 rows=95 width=125)
	  Index Cond: ((id >= 4365652) AND (id <= 4365752))

table 3 : explain SELECT id, c FROM sbtest3 WHERE id BETWEEN 4365652 AND 4365752
	Index Scan using sbtest3_pkey on sbtest3  (cost=0.43..432.86 rows=108 width=125)
	  Index Cond: ((id >= 4365652) AND (id <= 4365752))

table 4 : explain SELECT id, c FROM sbtest4 WHERE id BETWEEN 4365652 AND 4365752
	Index Scan using sbtest4_pkey on sbtest4  (cost=0.43..423.97 rows=106 width=125)
	  Index Cond: ((id >= 4365652) AND (id <= 4365752))

table 5 : explain SELECT id, c FROM sbtest5 WHERE id BETWEEN 4365652 AND 4365752
	Index Scan using sbtest5_pkey on sbtest5  (cost=0.43..400.04 rows=100 width=125)
	  Index Cond: ((id >= 4365652) AND (id <= 4365752))

table 6 : explain SELECT id, c FROM sbtest6 WHERE id BETWEEN 4365652 AND 4365752
	Index Scan using sbtest6_pkey on sbtest6  (cost=0.43..419.54 rows=105 width=125)
	  Index Cond: ((id >= 4365652) AND (id <= 4365752))

table 7 : explain SELECT id, c FROM sbtest7 WHERE id BETWEEN 4365652 AND 4365752
	Index Scan using sbtest7_pkey on sbtest7  (cost=0.43..415.29 rows=104 width=125)
	  Index Cond: ((id >= 4365652) AND (id <= 4365752))

table 8 : explain SELECT id, c FROM sbtest8 WHERE id BETWEEN 4365652 AND 4365752
	Index Scan using sbtest8_pkey on sbtest8  (cost=0.43..387.94 rows=97 width=125)
	  Index Cond: ((id >= 4365652) AND (id <= 4365752))

for range-notcovered
table 1 : explain SELECT id, c FROM sbtest1 WHERE id BETWEEN 6703886 AND 6703986
	Index Scan using sbtest1_pkey on sbtest1  (cost=0.43..433.01 rows=108 width=125)
	  Index Cond: ((id >= 6703886) AND (id <= 6703986))

table 2 : explain SELECT id, c FROM sbtest2 WHERE id BETWEEN 6703886 AND 6703986
	Index Scan using sbtest2_pkey on sbtest2  (cost=0.43..417.22 rows=104 width=125)
	  Index Cond: ((id >= 6703886) AND (id <= 6703986))

table 3 : explain SELECT id, c FROM sbtest3 WHERE id BETWEEN 6703886 AND 6703986
	Index Scan using sbtest3_pkey on sbtest3  (cost=0.43..385.25 rows=96 width=125)
	  Index Cond: ((id >= 6703886) AND (id <= 6703986))

table 4 : explain SELECT id, c FROM sbtest4 WHERE id BETWEEN 6703886 AND 6703986
	Index Scan using sbtest4_pkey on sbtest4  (cost=0.43..356.68 rows=89 width=125)
	  Index Cond: ((id >= 6703886) AND (id <= 6703986))

table 5 : explain SELECT id, c FROM sbtest5 WHERE id BETWEEN 6703886 AND 6703986
	Index Scan using sbtest5_pkey on sbtest5  (cost=0.43..415.86 rows=104 width=125)
	  Index Cond: ((id >= 6703886) AND (id <= 6703986))

table 6 : explain SELECT id, c FROM sbtest6 WHERE id BETWEEN 6703886 AND 6703986
	Index Scan using sbtest6_pkey on sbtest6  (cost=0.43..376.05 rows=94 width=125)
	  Index Cond: ((id >= 6703886) AND (id <= 6703986))

table 7 : explain SELECT id, c FROM sbtest7 WHERE id BETWEEN 6703886 AND 6703986
	Index Scan using sbtest7_pkey on sbtest7  (cost=0.43..367.88 rows=92 width=125)
	  Index Cond: ((id >= 6703886) AND (id <= 6703986))

table 8 : explain SELECT id, c FROM sbtest8 WHERE id BETWEEN 6703886 AND 6703986
	Index Scan using sbtest8_pkey on sbtest8  (cost=0.43..455.14 rows=114 width=125)
	  Index Cond: ((id >= 6703886) AND (id <= 6703986))

explain: for range-notcovered :: explain SELECT id, c FROM sbtest%d WHERE id BETWEEN 6476698 AND 6476798
explain: for range-notcovered :: explain SELECT id, c FROM sbtest%d WHERE id BETWEEN 4365652 AND 4365752
explain: for range-notcovered :: explain SELECT id, c FROM sbtest%d WHERE id BETWEEN 6703886 AND 6703986
explain: for range-notcovered :: explain SELECT id, c FROM sbtest%d WHERE id BETWEEN 3112671 AND 3112771
for range-notcovered
table 1 : explain SELECT id, c FROM sbtest1 WHERE id BETWEEN 7511830 AND 7511930
	Index Scan using sbtest1_pkey on sbtest1  (cost=0.43..385.39 rows=96 width=125)
	  Index Cond: ((id >= 7511830) AND (id <= 7511930))

table 2 : explain SELECT id, c FROM sbtest2 WHERE id BETWEEN 7511830 AND 7511930
	Index Scan using sbtest2_pkey on sbtest2  (cost=0.43..421.19 rows=105 width=125)
	  Index Cond: ((id >= 7511830) AND (id <= 7511930))

table 3 : explain SELECT id, c FROM sbtest3 WHERE id BETWEEN 7511830 AND 7511930
	Index Scan using sbtest3_pkey on sbtest3  (cost=0.43..393.19 rows=98 width=125)
	  Index Cond: ((id >= 7511830) AND (id <= 7511930))

table 4 : explain SELECT id, c FROM sbtest4 WHERE id BETWEEN 7511830 AND 7511930
	Index Scan using sbtest4_pkey on sbtest4  (cost=0.43..388.34 rows=97 width=125)
	  Index Cond: ((id >= 7511830) AND (id <= 7511930))

table 5 : explain SELECT id, c FROM sbtest5 WHERE id BETWEEN 7511830 AND 7511930
	Index Scan using sbtest5_pkey on sbtest5  (cost=0.43..419.81 rows=105 width=125)
	  Index Cond: ((id >= 7511830) AND (id <= 7511930))

table 6 : explain SELECT id, c FROM sbtest6 WHERE id BETWEEN 7511830 AND 7511930
	Index Scan using sbtest6_pkey on sbtest6  (cost=0.43..383.95 rows=96 width=125)
	  Index Cond: ((id >= 7511830) AND (id <= 7511930))

table 7 : explain SELECT id, c FROM sbtest7 WHERE id BETWEEN 7511830 AND 7511930
	Index Scan using sbtest7_pkey on sbtest7  (cost=0.43..411.34 rows=103 width=125)
	  Index Cond: ((id >= 7511830) AND (id <= 7511930))

table 8 : explain SELECT id, c FROM sbtest8 WHERE id BETWEEN 7511830 AND 7511930
	Index Scan using sbtest8_pkey on sbtest8  (cost=0.43..403.75 rows=101 width=125)
	  Index Cond: ((id >= 7511830) AND (id <= 7511930))

explain: for range-notcovered :: explain SELECT id, c FROM sbtest%d WHERE id BETWEEN 7511830 AND 7511930
for range-notcovered
table 1 : explain SELECT id, c FROM sbtest1 WHERE id BETWEEN 2294558 AND 2294658
	Index Scan using sbtest1_pkey on sbtest1  (cost=0.43..393.33 rows=98 width=125)
	  Index Cond: ((id >= 2294558) AND (id <= 2294658))

table 2 : explain SELECT id, c FROM sbtest2 WHERE id BETWEEN 2294558 AND 2294658
	Index Scan using sbtest2_pkey on sbtest2  (cost=0.43..385.46 rows=96 width=125)
	  Index Cond: ((id >= 2294558) AND (id <= 2294658))

table 3 : explain SELECT id, c FROM sbtest3 WHERE id BETWEEN 2294558 AND 2294658
	Index Scan using sbtest3_pkey on sbtest3  (cost=0.43..377.32 rows=94 width=125)
	  Index Cond: ((id >= 2294558) AND (id <= 2294658))

table 4 : explain SELECT id, c FROM sbtest4 WHERE id BETWEEN 2294558 AND 2294658
	Index Scan using sbtest4_pkey on sbtest4  (cost=0.43..384.38 rows=96 width=125)
	  Index Cond: ((id >= 2294558) AND (id <= 2294658))

table 5 : explain SELECT id, c FROM sbtest5 WHERE id BETWEEN 2294558 AND 2294658
	Index Scan using sbtest5_pkey on sbtest5  (cost=0.43..388.16 rows=97 width=125)
	  Index Cond: ((id >= 2294558) AND (id <= 2294658))

table 6 : explain SELECT id, c FROM sbtest6 WHERE id BETWEEN 2294558 AND 2294658
	Index Scan using sbtest6_pkey on sbtest6  (cost=0.43..399.78 rows=100 width=125)
	  Index Cond: ((id >= 2294558) AND (id <= 2294658))

table 7 : explain SELECT id, c FROM sbtest7 WHERE id BETWEEN 2294558 AND 2294658
	Index Scan using sbtest7_pkey on sbtest7  (cost=0.43..379.73 rows=95 width=125)
	  Index Cond: ((id >= 2294558) AND (id <= 2294658))

table 8 : explain SELECT id, c FROM sbtest8 WHERE id BETWEEN 2294558 AND 2294658
	Index Scan using sbtest8_pkey on sbtest8  (cost=0.43..407.71 rows=102 width=125)
	  Index Cond: ((id >= 2294558) AND (id <= 2294658))

explain: for range-notcovered :: explain SELECT id, c FROM sbtest%d WHERE id BETWEEN 2294558 AND 2294658
for range-notcovered
table 1 : explain SELECT id, c FROM sbtest1 WHERE id BETWEEN 6304896 AND 6304996
	Index Scan using sbtest1_pkey on sbtest1  (cost=0.43..385.39 rows=96 width=125)
	  Index Cond: ((id >= 6304896) AND (id <= 6304996))

table 2 : explain SELECT id, c FROM sbtest2 WHERE id BETWEEN 6304896 AND 6304996
	Index Scan using sbtest2_pkey on sbtest2  (cost=0.43..417.22 rows=104 width=125)
	  Index Cond: ((id >= 6304896) AND (id <= 6304996))

table 3 : explain SELECT id, c FROM sbtest3 WHERE id BETWEEN 6304896 AND 6304996
	Index Scan using sbtest3_pkey on sbtest3  (cost=0.43..401.12 rows=100 width=125)
	  Index Cond: ((id >= 6304896) AND (id <= 6304996))

table 4 : explain SELECT id, c FROM sbtest4 WHERE id BETWEEN 6304896 AND 6304996
	Index Scan using sbtest4_pkey on sbtest4  (cost=0.43..384.38 rows=96 width=125)
	  Index Cond: ((id >= 6304896) AND (id <= 6304996))

table 5 : explain SELECT id, c FROM sbtest5 WHERE id BETWEEN 6304896 AND 6304996
	Index Scan using sbtest5_pkey on sbtest5  (cost=0.43..376.29 rows=94 width=125)
	  Index Cond: ((id >= 6304896) AND (id <= 6304996))

table 6 : explain SELECT id, c FROM sbtest6 WHERE id BETWEEN 6304896 AND 6304996
	Index Scan using sbtest6_pkey on sbtest6  (cost=0.43..380.00 rows=95 width=125)
	  Index Cond: ((id >= 6304896) AND (id <= 6304996))

table 7 : explain SELECT id, c FROM sbtest7 WHERE id BETWEEN 6304896 AND 6304996
	Index Scan using sbtest7_pkey on sbtest7  (cost=0.43..391.60 rows=98 width=125)
	  Index Cond: ((id >= 6304896) AND (id <= 6304996))

table 8 : explain SELECT id, c FROM sbtest8 WHERE id BETWEEN 6304896 AND 6304996
	Index Scan using sbtest8_pkey on sbtest8  (cost=0.43..411.66 rows=103 width=125)
	  Index Cond: ((id >= 6304896) AND (id <= 6304996))

explain: for range-notcovered :: explain SELECT id, c FROM sbtest%d WHERE id BETWEEN 6304896 AND 6304996
for range-notcovered
table 1 : explain SELECT id, c FROM sbtest1 WHERE id BETWEEN 6607362 AND 6607462
	Index Scan using sbtest1_pkey on sbtest1  (cost=0.43..397.29 rows=99 width=125)
	  Index Cond: ((id >= 6607362) AND (id <= 6607462))

table 2 : explain SELECT id, c FROM sbtest2 WHERE id BETWEEN 6607362 AND 6607462
	Index Scan using sbtest2_pkey on sbtest2  (cost=0.43..401.35 rows=100 width=125)
	  Index Cond: ((id >= 6607362) AND (id <= 6607462))

table 3 : explain SELECT id, c FROM sbtest3 WHERE id BETWEEN 6607362 AND 6607462
	Index Scan using sbtest3_pkey on sbtest3  (cost=0.43..397.15 rows=99 width=125)
	  Index Cond: ((id >= 6607362) AND (id <= 6607462))

table 4 : explain SELECT id, c FROM sbtest4 WHERE id BETWEEN 6607362 AND 6607462
	Index Scan using sbtest4_pkey on sbtest4  (cost=0.43..356.68 rows=89 width=125)
	  Index Cond: ((id >= 6607362) AND (id <= 6607462))

table 5 : explain SELECT id, c FROM sbtest5 WHERE id BETWEEN 6607362 AND 6607462
	Index Scan using sbtest5_pkey on sbtest5  (cost=0.43..407.95 rows=102 width=125)
	  Index Cond: ((id >= 6607362) AND (id <= 6607462))

table 6 : explain SELECT id, c FROM sbtest6 WHERE id BETWEEN 6607362 AND 6607462
	Index Scan using sbtest6_pkey on sbtest6  (cost=0.43..419.54 rows=105 width=125)
	  Index Cond: ((id >= 6607362) AND (id <= 6607462))

table 7 : explain SELECT id, c FROM sbtest7 WHERE id BETWEEN 6607362 AND 6607462
	Index Scan using sbtest7_pkey on sbtest7  (cost=0.43..395.55 rows=99 width=125)
	  Index Cond: ((id >= 6607362) AND (id <= 6607462))

table 8 : explain SELECT id, c FROM sbtest8 WHERE id BETWEEN 6607362 AND 6607462
	Index Scan using sbtest8_pkey on sbtest8  (cost=0.43..443.28 rows=111 width=125)
	  Index Cond: ((id >= 6607362) AND (id <= 6607462))

for range-notcovered
table 1 : explain SELECT id, c FROM sbtest1 WHERE id BETWEEN 6476698 AND 6476798
	Index Scan using sbtest1_pkey on sbtest1  (cost=0.43..397.29 rows=99 width=125)
	  Index Cond: ((id >= 6476698) AND (id <= 6476798))

table 2 : explain SELECT id, c FROM sbtest2 WHERE id BETWEEN 6476698 AND 6476798
	Index Scan using sbtest2_pkey on sbtest2  (cost=0.43..452.94 rows=113 width=125)
	  Index Cond: ((id >= 6476698) AND (id <= 6476798))

table 3 : explain SELECT id, c FROM sbtest3 WHERE id BETWEEN 6476698 AND 6476798
	Index Scan using sbtest3_pkey on sbtest3  (cost=0.43..413.03 rows=103 width=125)
	  Index Cond: ((id >= 6476698) AND (id <= 6476798))

table 4 : explain SELECT id, c FROM sbtest4 WHERE id BETWEEN 6476698 AND 6476798
	Index Scan using sbtest4_pkey on sbtest4  (cost=0.43..408.14 rows=102 width=125)
	  Index Cond: ((id >= 6476698) AND (id <= 6476798))

table 5 : explain SELECT id, c FROM sbtest5 WHERE id BETWEEN 6476698 AND 6476798
	Index Scan using sbtest5_pkey on sbtest5  (cost=0.43..467.27 rows=117 width=125)
	  Index Cond: ((id >= 6476698) AND (id <= 6476798))

table 6 : explain SELECT id, c FROM sbtest6 WHERE id BETWEEN 6476698 AND 6476798
	Index Scan using sbtest6_pkey on sbtest6  (cost=0.43..411.64 rows=103 width=125)
	  Index Cond: ((id >= 6476698) AND (id <= 6476798))

table 7 : explain SELECT id, c FROM sbtest7 WHERE id BETWEEN 6476698 AND 6476798
	Index Scan using sbtest7_pkey on sbtest7  (cost=0.43..427.14 rows=107 width=125)
	  Index Cond: ((id >= 6476698) AND (id <= 6476798))

table 8 : explain SELECT id, c FROM sbtest8 WHERE id BETWEEN 6476698 AND 6476798
	Index Scan using sbtest8_pkey on sbtest8  (cost=0.43..395.85 rows=99 width=125)
	  Index Cond: ((id >= 6476698) AND (id <= 6476798))

explain: for range-notcovered :: explain SELECT id, c FROM sbtest%d WHERE id BETWEEN 6607362 AND 6607462
for range-notcovered
table 1 : explain SELECT id, c FROM sbtest1 WHERE id BETWEEN 4365652 AND 4365752
	Index Scan using sbtest1_pkey on sbtest1  (cost=0.43..397.29 rows=99 width=125)
	  Index Cond: ((id >= 4365652) AND (id <= 4365752))

table 2 : explain SELECT id, c FROM sbtest2 WHERE id BETWEEN 4365652 AND 4365752
	Index Scan using sbtest2_pkey on sbtest2  (cost=0.43..381.50 rows=95 width=125)
	  Index Cond: ((id >= 4365652) AND (id <= 4365752))

table 3 : explain SELECT id, c FROM sbtest3 WHERE id BETWEEN 4365652 AND 4365752
	Index Scan using sbtest3_pkey on sbtest3  (cost=0.43..432.86 rows=108 width=125)
	  Index Cond: ((id >= 4365652) AND (id <= 4365752))

table 4 : explain SELECT id, c FROM sbtest4 WHERE id BETWEEN 4365652 AND 4365752
	Index Scan using sbtest4_pkey on sbtest4  (cost=0.43..423.97 rows=106 width=125)
	  Index Cond: ((id >= 4365652) AND (id <= 4365752))

table 5 : explain SELECT id, c FROM sbtest5 WHERE id BETWEEN 4365652 AND 4365752
	Index Scan using sbtest5_pkey on sbtest5  (cost=0.43..400.04 rows=100 width=125)
	  Index Cond: ((id >= 4365652) AND (id <= 4365752))

table 6 : explain SELECT id, c FROM sbtest6 WHERE id BETWEEN 4365652 AND 4365752
	Index Scan using sbtest6_pkey on sbtest6  (cost=0.43..419.54 rows=105 width=125)
	  Index Cond: ((id >= 4365652) AND (id <= 4365752))

table 7 : explain SELECT id, c FROM sbtest7 WHERE id BETWEEN 4365652 AND 4365752
	Index Scan using sbtest7_pkey on sbtest7  (cost=0.43..415.29 rows=104 width=125)
	  Index Cond: ((id >= 4365652) AND (id <= 4365752))

table 8 : explain SELECT id, c FROM sbtest8 WHERE id BETWEEN 4365652 AND 4365752
	Index Scan using sbtest8_pkey on sbtest8  (cost=0.43..387.94 rows=97 width=125)
	  Index Cond: ((id >= 4365652) AND (id <= 4365752))

for range-notcovered
table 1 : explain SELECT id, c FROM sbtest1 WHERE id BETWEEN 4547171 AND 4547271
	Index Scan using sbtest1_pkey on sbtest1  (cost=0.43..409.21 rows=102 width=125)
	  Index Cond: ((id >= 4547171) AND (id <= 4547271))

table 2 : explain SELECT id, c FROM sbtest2 WHERE id BETWEEN 4547171 AND 4547271
	Index Scan using sbtest2_pkey on sbtest2  (cost=0.43..373.56 rows=93 width=125)
	  Index Cond: ((id >= 4547171) AND (id <= 4547271))

table 3 : explain SELECT id, c FROM sbtest3 WHERE id BETWEEN 4547171 AND 4547271
	Index Scan using sbtest3_pkey on sbtest3  (cost=0.43..389.22 rows=97 width=125)
	  Index Cond: ((id >= 4547171) AND (id <= 4547271))

table 4 : explain SELECT id, c FROM sbtest4 WHERE id BETWEEN 4547171 AND 4547271
	Index Scan using sbtest4_pkey on sbtest4  (cost=0.43..404.18 rows=101 width=125)
	  Index Cond: ((id >= 4547171) AND (id <= 4547271))

table 5 : explain SELECT id, c FROM sbtest5 WHERE id BETWEEN 4547171 AND 4547271
	Index Scan using sbtest5_pkey on sbtest5  (cost=0.43..427.72 rows=107 width=125)
	  Index Cond: ((id >= 4547171) AND (id <= 4547271))

table 6 : explain SELECT id, c FROM sbtest6 WHERE id BETWEEN 4547171 AND 4547271
	Index Scan using sbtest6_pkey on sbtest6  (cost=0.43..427.45 rows=107 width=125)
	  Index Cond: ((id >= 4547171) AND (id <= 4547271))

table 7 : explain SELECT id, c FROM sbtest7 WHERE id BETWEEN 4547171 AND 4547271
	Index Scan using sbtest7_pkey on sbtest7  (cost=0.43..403.44 rows=101 width=125)
	  Index Cond: ((id >= 4547171) AND (id <= 4547271))

table 8 : explain SELECT id, c FROM sbtest8 WHERE id BETWEEN 4547171 AND 4547271
	Index Scan using sbtest8_pkey on sbtest8  (cost=0.43..415.61 rows=104 width=125)
	  Index Cond: ((id >= 4547171) AND (id <= 4547271))

for range-notcovered
table 1 : explain SELECT id, c FROM sbtest1 WHERE id BETWEEN 6703886 AND 6703986
	Index Scan using sbtest1_pkey on sbtest1  (cost=0.43..433.01 rows=108 width=125)
	  Index Cond: ((id >= 6703886) AND (id <= 6703986))

table 2 : explain SELECT id, c FROM sbtest2 WHERE id BETWEEN 6703886 AND 6703986
	Index Scan using sbtest2_pkey on sbtest2  (cost=0.43..417.22 rows=104 width=125)
	  Index Cond: ((id >= 6703886) AND (id <= 6703986))

table 3 : explain SELECT id, c FROM sbtest3 WHERE id BETWEEN 6703886 AND 6703986
	Index Scan using sbtest3_pkey on sbtest3  (cost=0.43..385.25 rows=96 width=125)
	  Index Cond: ((id >= 6703886) AND (id <= 6703986))

table 4 : explain SELECT id, c FROM sbtest4 WHERE id BETWEEN 6703886 AND 6703986
	Index Scan using sbtest4_pkey on sbtest4  (cost=0.43..356.68 rows=89 width=125)
	  Index Cond: ((id >= 6703886) AND (id <= 6703986))

table 5 : explain SELECT id, c FROM sbtest5 WHERE id BETWEEN 6703886 AND 6703986
	Index Scan using sbtest5_pkey on sbtest5  (cost=0.43..415.86 rows=104 width=125)
	  Index Cond: ((id >= 6703886) AND (id <= 6703986))

table 6 : explain SELECT id, c FROM sbtest6 WHERE id BETWEEN 6703886 AND 6703986
	Index Scan using sbtest6_pkey on sbtest6  (cost=0.43..376.05 rows=94 width=125)
	  Index Cond: ((id >= 6703886) AND (id <= 6703986))

table 7 : explain SELECT id, c FROM sbtest7 WHERE id BETWEEN 6703886 AND 6703986
	Index Scan using sbtest7_pkey on sbtest7  (cost=0.43..367.88 rows=92 width=125)
	  Index Cond: ((id >= 6703886) AND (id <= 6703986))

table 8 : explain SELECT id, c FROM sbtest8 WHERE id BETWEEN 6703886 AND 6703986
	Index Scan using sbtest8_pkey on sbtest8  (cost=0.43..455.14 rows=114 width=125)
	  Index Cond: ((id >= 6703886) AND (id <= 6703986))

explain: for range-notcovered :: explain SELECT id, c FROM sbtest%d WHERE id BETWEEN 6476698 AND 6476798
explain: for range-notcovered :: explain SELECT id, c FROM sbtest%d WHERE id BETWEEN 4547171 AND 4547271
explain: for range-notcovered :: explain SELECT id, c FROM sbtest%d WHERE id BETWEEN 4365652 AND 4365752
explain: for range-notcovered :: explain SELECT id, c FROM sbtest%d WHERE id BETWEEN 6703886 AND 6703986
for range-notcovered
table 1 : explain SELECT id, c FROM sbtest1 WHERE id BETWEEN 7511830 AND 7511930
	Index Scan using sbtest1_pkey on sbtest1  (cost=0.43..385.39 rows=96 width=125)
	  Index Cond: ((id >= 7511830) AND (id <= 7511930))

table 2 : explain SELECT id, c FROM sbtest2 WHERE id BETWEEN 7511830 AND 7511930
	Index Scan using sbtest2_pkey on sbtest2  (cost=0.43..421.19 rows=105 width=125)
	  Index Cond: ((id >= 7511830) AND (id <= 7511930))

table 3 : explain SELECT id, c FROM sbtest3 WHERE id BETWEEN 7511830 AND 7511930
	Index Scan using sbtest3_pkey on sbtest3  (cost=0.43..393.19 rows=98 width=125)
	  Index Cond: ((id >= 7511830) AND (id <= 7511930))

table 4 : explain SELECT id, c FROM sbtest4 WHERE id BETWEEN 7511830 AND 7511930
	Index Scan using sbtest4_pkey on sbtest4  (cost=0.43..388.34 rows=97 width=125)
	  Index Cond: ((id >= 7511830) AND (id <= 7511930))

table 5 : explain SELECT id, c FROM sbtest5 WHERE id BETWEEN 7511830 AND 7511930
	Index Scan using sbtest5_pkey on sbtest5  (cost=0.43..419.81 rows=105 width=125)
	  Index Cond: ((id >= 7511830) AND (id <= 7511930))

table 6 : explain SELECT id, c FROM sbtest6 WHERE id BETWEEN 7511830 AND 7511930
	Index Scan using sbtest6_pkey on sbtest6  (cost=0.43..383.95 rows=96 width=125)
	  Index Cond: ((id >= 7511830) AND (id <= 7511930))

table 7 : explain SELECT id, c FROM sbtest7 WHERE id BETWEEN 7511830 AND 7511930
	Index Scan using sbtest7_pkey on sbtest7  (cost=0.43..411.34 rows=103 width=125)
	  Index Cond: ((id >= 7511830) AND (id <= 7511930))

table 8 : explain SELECT id, c FROM sbtest8 WHERE id BETWEEN 7511830 AND 7511930
	Index Scan using sbtest8_pkey on sbtest8  (cost=0.43..403.75 rows=101 width=125)
	  Index Cond: ((id >= 7511830) AND (id <= 7511930))

explain: for range-notcovered :: explain SELECT id, c FROM sbtest%d WHERE id BETWEEN 7511830 AND 7511930
for range-notcovered
table 1 : explain SELECT id, c FROM sbtest1 WHERE id BETWEEN 2294558 AND 2294658
	Index Scan using sbtest1_pkey on sbtest1  (cost=0.43..393.33 rows=98 width=125)
	  Index Cond: ((id >= 2294558) AND (id <= 2294658))

table 2 : explain SELECT id, c FROM sbtest2 WHERE id BETWEEN 2294558 AND 2294658
	Index Scan using sbtest2_pkey on sbtest2  (cost=0.43..385.46 rows=96 width=125)
	  Index Cond: ((id >= 2294558) AND (id <= 2294658))

table 3 : explain SELECT id, c FROM sbtest3 WHERE id BETWEEN 2294558 AND 2294658
	Index Scan using sbtest3_pkey on sbtest3  (cost=0.43..377.32 rows=94 width=125)
	  Index Cond: ((id >= 2294558) AND (id <= 2294658))

table 4 : explain SELECT id, c FROM sbtest4 WHERE id BETWEEN 2294558 AND 2294658
	Index Scan using sbtest4_pkey on sbtest4  (cost=0.43..384.38 rows=96 width=125)
	  Index Cond: ((id >= 2294558) AND (id <= 2294658))

table 5 : explain SELECT id, c FROM sbtest5 WHERE id BETWEEN 2294558 AND 2294658
	Index Scan using sbtest5_pkey on sbtest5  (cost=0.43..388.16 rows=97 width=125)
	  Index Cond: ((id >= 2294558) AND (id <= 2294658))

table 6 : explain SELECT id, c FROM sbtest6 WHERE id BETWEEN 2294558 AND 2294658
	Index Scan using sbtest6_pkey on sbtest6  (cost=0.43..399.78 rows=100 width=125)
	  Index Cond: ((id >= 2294558) AND (id <= 2294658))

table 7 : explain SELECT id, c FROM sbtest7 WHERE id BETWEEN 2294558 AND 2294658
	Index Scan using sbtest7_pkey on sbtest7  (cost=0.43..379.73 rows=95 width=125)
	  Index Cond: ((id >= 2294558) AND (id <= 2294658))

table 8 : explain SELECT id, c FROM sbtest8 WHERE id BETWEEN 2294558 AND 2294658
	Index Scan using sbtest8_pkey on sbtest8  (cost=0.43..407.71 rows=102 width=125)
	  Index Cond: ((id >= 2294558) AND (id <= 2294658))

explain: for range-notcovered :: explain SELECT id, c FROM sbtest%d WHERE id BETWEEN 2294558 AND 2294658
for range-notcovered
table 1 : explain SELECT id, c FROM sbtest1 WHERE id BETWEEN 6304896 AND 6304996
	Index Scan using sbtest1_pkey on sbtest1  (cost=0.43..385.39 rows=96 width=125)
	  Index Cond: ((id >= 6304896) AND (id <= 6304996))

table 2 : explain SELECT id, c FROM sbtest2 WHERE id BETWEEN 6304896 AND 6304996
	Index Scan using sbtest2_pkey on sbtest2  (cost=0.43..417.22 rows=104 width=125)
	  Index Cond: ((id >= 6304896) AND (id <= 6304996))

table 3 : explain SELECT id, c FROM sbtest3 WHERE id BETWEEN 6304896 AND 6304996
	Index Scan using sbtest3_pkey on sbtest3  (cost=0.43..401.12 rows=100 width=125)
	  Index Cond: ((id >= 6304896) AND (id <= 6304996))

table 4 : explain SELECT id, c FROM sbtest4 WHERE id BETWEEN 6304896 AND 6304996
	Index Scan using sbtest4_pkey on sbtest4  (cost=0.43..384.38 rows=96 width=125)
	  Index Cond: ((id >= 6304896) AND (id <= 6304996))

table 5 : explain SELECT id, c FROM sbtest5 WHERE id BETWEEN 6304896 AND 6304996
	Index Scan using sbtest5_pkey on sbtest5  (cost=0.43..376.29 rows=94 width=125)
	  Index Cond: ((id >= 6304896) AND (id <= 6304996))

table 6 : explain SELECT id, c FROM sbtest6 WHERE id BETWEEN 6304896 AND 6304996
	Index Scan using sbtest6_pkey on sbtest6  (cost=0.43..380.00 rows=95 width=125)
	  Index Cond: ((id >= 6304896) AND (id <= 6304996))

table 7 : explain SELECT id, c FROM sbtest7 WHERE id BETWEEN 6304896 AND 6304996
	Index Scan using sbtest7_pkey on sbtest7  (cost=0.43..391.60 rows=98 width=125)
	  Index Cond: ((id >= 6304896) AND (id <= 6304996))

table 8 : explain SELECT id, c FROM sbtest8 WHERE id BETWEEN 6304896 AND 6304996
	Index Scan using sbtest8_pkey on sbtest8  (cost=0.43..411.66 rows=103 width=125)
	  Index Cond: ((id >= 6304896) AND (id <= 6304996))

explain: for range-notcovered :: explain SELECT id, c FROM sbtest%d WHERE id BETWEEN 6304896 AND 6304996
for range-notcovered
table 1 : explain SELECT id, c FROM sbtest1 WHERE id BETWEEN 6607362 AND 6607462
	Index Scan using sbtest1_pkey on sbtest1  (cost=0.43..397.29 rows=99 width=125)
	  Index Cond: ((id >= 6607362) AND (id <= 6607462))

table 2 : explain SELECT id, c FROM sbtest2 WHERE id BETWEEN 6607362 AND 6607462
	Index Scan using sbtest2_pkey on sbtest2  (cost=0.43..401.35 rows=100 width=125)
	  Index Cond: ((id >= 6607362) AND (id <= 6607462))

table 3 : explain SELECT id, c FROM sbtest3 WHERE id BETWEEN 6607362 AND 6607462
	Index Scan using sbtest3_pkey on sbtest3  (cost=0.43..397.15 rows=99 width=125)
	  Index Cond: ((id >= 6607362) AND (id <= 6607462))

table 4 : explain SELECT id, c FROM sbtest4 WHERE id BETWEEN 6607362 AND 6607462
	Index Scan using sbtest4_pkey on sbtest4  (cost=0.43..356.68 rows=89 width=125)
	  Index Cond: ((id >= 6607362) AND (id <= 6607462))

table 5 : explain SELECT id, c FROM sbtest5 WHERE id BETWEEN 6607362 AND 6607462
	Index Scan using sbtest5_pkey on sbtest5  (cost=0.43..407.95 rows=102 width=125)
	  Index Cond: ((id >= 6607362) AND (id <= 6607462))

table 6 : explain SELECT id, c FROM sbtest6 WHERE id BETWEEN 6607362 AND 6607462
	Index Scan using sbtest6_pkey on sbtest6  (cost=0.43..419.54 rows=105 width=125)
	  Index Cond: ((id >= 6607362) AND (id <= 6607462))

table 7 : explain SELECT id, c FROM sbtest7 WHERE id BETWEEN 6607362 AND 6607462
	Index Scan using sbtest7_pkey on sbtest7  (cost=0.43..395.55 rows=99 width=125)
	  Index Cond: ((id >= 6607362) AND (id <= 6607462))

table 8 : explain SELECT id, c FROM sbtest8 WHERE id BETWEEN 6607362 AND 6607462
	Index Scan using sbtest8_pkey on sbtest8  (cost=0.43..443.28 rows=111 width=125)
	  Index Cond: ((id >= 6607362) AND (id <= 6607462))

explain: for range-notcovered :: explain SELECT id, c FROM sbtest%d WHERE id BETWEEN 6607362 AND 6607462
for range-notcovered
table 1 : explain SELECT id, c FROM sbtest1 WHERE id BETWEEN 6476698 AND 6476798
	Index Scan using sbtest1_pkey on sbtest1  (cost=0.43..397.29 rows=99 width=125)
	  Index Cond: ((id >= 6476698) AND (id <= 6476798))

table 2 : explain SELECT id, c FROM sbtest2 WHERE id BETWEEN 6476698 AND 6476798
	Index Scan using sbtest2_pkey on sbtest2  (cost=0.43..452.94 rows=113 width=125)
	  Index Cond: ((id >= 6476698) AND (id <= 6476798))

table 3 : explain SELECT id, c FROM sbtest3 WHERE id BETWEEN 6476698 AND 6476798
	Index Scan using sbtest3_pkey on sbtest3  (cost=0.43..413.03 rows=103 width=125)
	  Index Cond: ((id >= 6476698) AND (id <= 6476798))

table 4 : explain SELECT id, c FROM sbtest4 WHERE id BETWEEN 6476698 AND 6476798
	Index Scan using sbtest4_pkey on sbtest4  (cost=0.43..408.14 rows=102 width=125)
	  Index Cond: ((id >= 6476698) AND (id <= 6476798))

table 5 : explain SELECT id, c FROM sbtest5 WHERE id BETWEEN 6476698 AND 6476798
	Index Scan using sbtest5_pkey on sbtest5  (cost=0.43..467.27 rows=117 width=125)
	  Index Cond: ((id >= 6476698) AND (id <= 6476798))

table 6 : explain SELECT id, c FROM sbtest6 WHERE id BETWEEN 6476698 AND 6476798
	Index Scan using sbtest6_pkey on sbtest6  (cost=0.43..411.64 rows=103 width=125)
	  Index Cond: ((id >= 6476698) AND (id <= 6476798))

table 7 : explain SELECT id, c FROM sbtest7 WHERE id BETWEEN 6476698 AND 6476798
	Index Scan using sbtest7_pkey on sbtest7  (cost=0.43..427.14 rows=107 width=125)
	  Index Cond: ((id >= 6476698) AND (id <= 6476798))

table 8 : explain SELECT id, c FROM sbtest8 WHERE id BETWEEN 6476698 AND 6476798
	Index Scan using sbtest8_pkey on sbtest8  (cost=0.43..395.85 rows=99 width=125)
	  Index Cond: ((id >= 6476698) AND (id <= 6476798))

for range-notcovered
table 1 : explain SELECT id, c FROM sbtest1 WHERE id BETWEEN 4547171 AND 4547271
	Index Scan using sbtest1_pkey on sbtest1  (cost=0.43..409.21 rows=102 width=125)
	  Index Cond: ((id >= 4547171) AND (id <= 4547271))

table 2 : explain SELECT id, c FROM sbtest2 WHERE id BETWEEN 4547171 AND 4547271
	Index Scan using sbtest2_pkey on sbtest2  (cost=0.43..373.56 rows=93 width=125)
	  Index Cond: ((id >= 4547171) AND (id <= 4547271))

table 3 : explain SELECT id, c FROM sbtest3 WHERE id BETWEEN 4547171 AND 4547271
	Index Scan using sbtest3_pkey on sbtest3  (cost=0.43..389.22 rows=97 width=125)
	  Index Cond: ((id >= 4547171) AND (id <= 4547271))

table 4 : explain SELECT id, c FROM sbtest4 WHERE id BETWEEN 4547171 AND 4547271
	Index Scan using sbtest4_pkey on sbtest4  (cost=0.43..404.18 rows=101 width=125)
	  Index Cond: ((id >= 4547171) AND (id <= 4547271))

table 5 : explain SELECT id, c FROM sbtest5 WHERE id BETWEEN 4547171 AND 4547271
	Index Scan using sbtest5_pkey on sbtest5  (cost=0.43..427.72 rows=107 width=125)
	  Index Cond: ((id >= 4547171) AND (id <= 4547271))

table 6 : explain SELECT id, c FROM sbtest6 WHERE id BETWEEN 4547171 AND 4547271
	Index Scan using sbtest6_pkey on sbtest6  (cost=0.43..427.45 rows=107 width=125)
	  Index Cond: ((id >= 4547171) AND (id <= 4547271))

table 7 : explain SELECT id, c FROM sbtest7 WHERE id BETWEEN 4547171 AND 4547271
	Index Scan using sbtest7_pkey on sbtest7  (cost=0.43..403.44 rows=101 width=125)
	  Index Cond: ((id >= 4547171) AND (id <= 4547271))

table 8 : explain SELECT id, c FROM sbtest8 WHERE id BETWEEN 4547171 AND 4547271
	Index Scan using sbtest8_pkey on sbtest8  (cost=0.43..415.61 rows=104 width=125)
	  Index Cond: ((id >= 4547171) AND (id <= 4547271))

explain: for range-notcovered :: explain SELECT id, c FROM sbtest%d WHERE id BETWEEN 6476698 AND 6476798
explain: for range-notcovered :: explain SELECT id, c FROM sbtest%d WHERE id BETWEEN 4547171 AND 4547271
for range-notcovered
table 1 : explain SELECT id, c FROM sbtest1 WHERE id BETWEEN 6703886 AND 6703986
	Index Scan using sbtest1_pkey on sbtest1  (cost=0.43..433.01 rows=108 width=125)
	  Index Cond: ((id >= 6703886) AND (id <= 6703986))

table 2 : explain SELECT id, c FROM sbtest2 WHERE id BETWEEN 6703886 AND 6703986
	Index Scan using sbtest2_pkey on sbtest2  (cost=0.43..417.22 rows=104 width=125)
	  Index Cond: ((id >= 6703886) AND (id <= 6703986))

table 3 : explain SELECT id, c FROM sbtest3 WHERE id BETWEEN 6703886 AND 6703986
	Index Scan using sbtest3_pkey on sbtest3  (cost=0.43..385.25 rows=96 width=125)
	  Index Cond: ((id >= 6703886) AND (id <= 6703986))

table 4 : explain SELECT id, c FROM sbtest4 WHERE id BETWEEN 6703886 AND 6703986
	Index Scan using sbtest4_pkey on sbtest4  (cost=0.43..356.68 rows=89 width=125)
	  Index Cond: ((id >= 6703886) AND (id <= 6703986))

table 5 : explain SELECT id, c FROM sbtest5 WHERE id BETWEEN 6703886 AND 6703986
	Index Scan using sbtest5_pkey on sbtest5  (cost=0.43..415.86 rows=104 width=125)
	  Index Cond: ((id >= 6703886) AND (id <= 6703986))

table 6 : explain SELECT id, c FROM sbtest6 WHERE id BETWEEN 6703886 AND 6703986
	Index Scan using sbtest6_pkey on sbtest6  (cost=0.43..376.05 rows=94 width=125)
	  Index Cond: ((id >= 6703886) AND (id <= 6703986))

table 7 : explain SELECT id, c FROM sbtest7 WHERE id BETWEEN 6703886 AND 6703986
	Index Scan using sbtest7_pkey on sbtest7  (cost=0.43..367.88 rows=92 width=125)
	  Index Cond: ((id >= 6703886) AND (id <= 6703986))

table 8 : explain SELECT id, c FROM sbtest8 WHERE id BETWEEN 6703886 AND 6703986
	Index Scan using sbtest8_pkey on sbtest8  (cost=0.43..455.14 rows=114 width=125)
	  Index Cond: ((id >= 6703886) AND (id <= 6703986))

for range-notcovered
table 1 : explain SELECT id, c FROM sbtest1 WHERE id BETWEEN 4365652 AND 4365752
	Index Scan using sbtest1_pkey on sbtest1  (cost=0.43..397.29 rows=99 width=125)
	  Index Cond: ((id >= 4365652) AND (id <= 4365752))

table 2 : explain SELECT id, c FROM sbtest2 WHERE id BETWEEN 4365652 AND 4365752
	Index Scan using sbtest2_pkey on sbtest2  (cost=0.43..381.50 rows=95 width=125)
	  Index Cond: ((id >= 4365652) AND (id <= 4365752))

table 3 : explain SELECT id, c FROM sbtest3 WHERE id BETWEEN 4365652 AND 4365752
	Index Scan using sbtest3_pkey on sbtest3  (cost=0.43..432.86 rows=108 width=125)
	  Index Cond: ((id >= 4365652) AND (id <= 4365752))

table 4 : explain SELECT id, c FROM sbtest4 WHERE id BETWEEN 4365652 AND 4365752
	Index Scan using sbtest4_pkey on sbtest4  (cost=0.43..423.97 rows=106 width=125)
	  Index Cond: ((id >= 4365652) AND (id <= 4365752))

table 5 : explain SELECT id, c FROM sbtest5 WHERE id BETWEEN 4365652 AND 4365752
	Index Scan using sbtest5_pkey on sbtest5  (cost=0.43..400.04 rows=100 width=125)
	  Index Cond: ((id >= 4365652) AND (id <= 4365752))

table 6 : explain SELECT id, c FROM sbtest6 WHERE id BETWEEN 4365652 AND 4365752
	Index Scan using sbtest6_pkey on sbtest6  (cost=0.43..419.54 rows=105 width=125)
	  Index Cond: ((id >= 4365652) AND (id <= 4365752))

table 7 : explain SELECT id, c FROM sbtest7 WHERE id BETWEEN 4365652 AND 4365752
	Index Scan using sbtest7_pkey on sbtest7  (cost=0.43..415.29 rows=104 width=125)
	  Index Cond: ((id >= 4365652) AND (id <= 4365752))

table 8 : explain SELECT id, c FROM sbtest8 WHERE id BETWEEN 4365652 AND 4365752
	Index Scan using sbtest8_pkey on sbtest8  (cost=0.43..387.94 rows=97 width=125)
	  Index Cond: ((id >= 4365652) AND (id <= 4365752))

for range-notcovered
table 1 : explain SELECT id, c FROM sbtest1 WHERE id BETWEEN 7511830 AND 7511930
	Index Scan using sbtest1_pkey on sbtest1  (cost=0.43..385.39 rows=96 width=125)
	  Index Cond: ((id >= 7511830) AND (id <= 7511930))

table 2 : explain SELECT id, c FROM sbtest2 WHERE id BETWEEN 7511830 AND 7511930
	Index Scan using sbtest2_pkey on sbtest2  (cost=0.43..421.19 rows=105 width=125)
	  Index Cond: ((id >= 7511830) AND (id <= 7511930))

table 3 : explain SELECT id, c FROM sbtest3 WHERE id BETWEEN 7511830 AND 7511930
	Index Scan using sbtest3_pkey on sbtest3  (cost=0.43..393.19 rows=98 width=125)
	  Index Cond: ((id >= 7511830) AND (id <= 7511930))

table 4 : explain SELECT id, c FROM sbtest4 WHERE id BETWEEN 7511830 AND 7511930
	Index Scan using sbtest4_pkey on sbtest4  (cost=0.43..388.34 rows=97 width=125)
	  Index Cond: ((id >= 7511830) AND (id <= 7511930))

table 5 : explain SELECT id, c FROM sbtest5 WHERE id BETWEEN 7511830 AND 7511930
	Index Scan using sbtest5_pkey on sbtest5  (cost=0.43..419.81 rows=105 width=125)
	  Index Cond: ((id >= 7511830) AND (id <= 7511930))

table 6 : explain SELECT id, c FROM sbtest6 WHERE id BETWEEN 7511830 AND 7511930
	Index Scan using sbtest6_pkey on sbtest6  (cost=0.43..383.95 rows=96 width=125)
	  Index Cond: ((id >= 7511830) AND (id <= 7511930))

table 7 : explain SELECT id, c FROM sbtest7 WHERE id BETWEEN 7511830 AND 7511930
	Index Scan using sbtest7_pkey on sbtest7  (cost=0.43..411.34 rows=103 width=125)
	  Index Cond: ((id >= 7511830) AND (id <= 7511930))

table 8 : explain SELECT id, c FROM sbtest8 WHERE id BETWEEN 7511830 AND 7511930
	Index Scan using sbtest8_pkey on sbtest8  (cost=0.43..403.75 rows=101 width=125)
	  Index Cond: ((id >= 7511830) AND (id <= 7511930))

explain: for range-notcovered :: explain SELECT id, c FROM sbtest%d WHERE id BETWEEN 7511830 AND 7511930
for range-notcovered
table 1 : explain SELECT id, c FROM sbtest1 WHERE id BETWEEN 2294558 AND 2294658
	Index Scan using sbtest1_pkey on sbtest1  (cost=0.43..393.33 rows=98 width=125)
	  Index Cond: ((id >= 2294558) AND (id <= 2294658))

table 2 : explain SELECT id, c FROM sbtest2 WHERE id BETWEEN 2294558 AND 2294658
	Index Scan using sbtest2_pkey on sbtest2  (cost=0.43..385.46 rows=96 width=125)
	  Index Cond: ((id >= 2294558) AND (id <= 2294658))

table 3 : explain SELECT id, c FROM sbtest3 WHERE id BETWEEN 2294558 AND 2294658
	Index Scan using sbtest3_pkey on sbtest3  (cost=0.43..377.32 rows=94 width=125)
	  Index Cond: ((id >= 2294558) AND (id <= 2294658))

table 4 : explain SELECT id, c FROM sbtest4 WHERE id BETWEEN 2294558 AND 2294658
	Index Scan using sbtest4_pkey on sbtest4  (cost=0.43..384.38 rows=96 width=125)
	  Index Cond: ((id >= 2294558) AND (id <= 2294658))

table 5 : explain SELECT id, c FROM sbtest5 WHERE id BETWEEN 2294558 AND 2294658
	Index Scan using sbtest5_pkey on sbtest5  (cost=0.43..388.16 rows=97 width=125)
	  Index Cond: ((id >= 2294558) AND (id <= 2294658))

table 6 : explain SELECT id, c FROM sbtest6 WHERE id BETWEEN 2294558 AND 2294658
	Index Scan using sbtest6_pkey on sbtest6  (cost=0.43..399.78 rows=100 width=125)
	  Index Cond: ((id >= 2294558) AND (id <= 2294658))

table 7 : explain SELECT id, c FROM sbtest7 WHERE id BETWEEN 2294558 AND 2294658
	Index Scan using sbtest7_pkey on sbtest7  (cost=0.43..379.73 rows=95 width=125)
	  Index Cond: ((id >= 2294558) AND (id <= 2294658))

table 8 : explain SELECT id, c FROM sbtest8 WHERE id BETWEEN 2294558 AND 2294658
	Index Scan using sbtest8_pkey on sbtest8  (cost=0.43..407.71 rows=102 width=125)
	  Index Cond: ((id >= 2294558) AND (id <= 2294658))

explain: for range-notcovered :: explain SELECT id, c FROM sbtest%d WHERE id BETWEEN 2294558 AND 2294658
for range-notcovered
table 1 : explain SELECT id, c FROM sbtest1 WHERE id BETWEEN 6304896 AND 6304996
	Index Scan using sbtest1_pkey on sbtest1  (cost=0.43..385.39 rows=96 width=125)
	  Index Cond: ((id >= 6304896) AND (id <= 6304996))

table 2 : explain SELECT id, c FROM sbtest2 WHERE id BETWEEN 6304896 AND 6304996
	Index Scan using sbtest2_pkey on sbtest2  (cost=0.43..417.22 rows=104 width=125)
	  Index Cond: ((id >= 6304896) AND (id <= 6304996))

table 3 : explain SELECT id, c FROM sbtest3 WHERE id BETWEEN 6304896 AND 6304996
	Index Scan using sbtest3_pkey on sbtest3  (cost=0.43..401.12 rows=100 width=125)
	  Index Cond: ((id >= 6304896) AND (id <= 6304996))

table 4 : explain SELECT id, c FROM sbtest4 WHERE id BETWEEN 6304896 AND 6304996
	Index Scan using sbtest4_pkey on sbtest4  (cost=0.43..384.38 rows=96 width=125)
	  Index Cond: ((id >= 6304896) AND (id <= 6304996))

table 5 : explain SELECT id, c FROM sbtest5 WHERE id BETWEEN 6304896 AND 6304996
	Index Scan using sbtest5_pkey on sbtest5  (cost=0.43..376.29 rows=94 width=125)
	  Index Cond: ((id >= 6304896) AND (id <= 6304996))

table 6 : explain SELECT id, c FROM sbtest6 WHERE id BETWEEN 6304896 AND 6304996
	Index Scan using sbtest6_pkey on sbtest6  (cost=0.43..380.00 rows=95 width=125)
	  Index Cond: ((id >= 6304896) AND (id <= 6304996))

table 7 : explain SELECT id, c FROM sbtest7 WHERE id BETWEEN 6304896 AND 6304996
	Index Scan using sbtest7_pkey on sbtest7  (cost=0.43..391.60 rows=98 width=125)
	  Index Cond: ((id >= 6304896) AND (id <= 6304996))

table 8 : explain SELECT id, c FROM sbtest8 WHERE id BETWEEN 6304896 AND 6304996
	Index Scan using sbtest8_pkey on sbtest8  (cost=0.43..411.66 rows=103 width=125)
	  Index Cond: ((id >= 6304896) AND (id <= 6304996))

for range-notcovered
table 1 : explain SELECT id, c FROM sbtest1 WHERE id BETWEEN 6607362 AND 6607462
	Index Scan using sbtest1_pkey on sbtest1  (cost=0.43..397.29 rows=99 width=125)
	  Index Cond: ((id >= 6607362) AND (id <= 6607462))

table 2 : explain SELECT id, c FROM sbtest2 WHERE id BETWEEN 6607362 AND 6607462
	Index Scan using sbtest2_pkey on sbtest2  (cost=0.43..401.35 rows=100 width=125)
	  Index Cond: ((id >= 6607362) AND (id <= 6607462))

table 3 : explain SELECT id, c FROM sbtest3 WHERE id BETWEEN 6607362 AND 6607462
	Index Scan using sbtest3_pkey on sbtest3  (cost=0.43..397.15 rows=99 width=125)
	  Index Cond: ((id >= 6607362) AND (id <= 6607462))

table 4 : explain SELECT id, c FROM sbtest4 WHERE id BETWEEN 6607362 AND 6607462
	Index Scan using sbtest4_pkey on sbtest4  (cost=0.43..356.68 rows=89 width=125)
	  Index Cond: ((id >= 6607362) AND (id <= 6607462))

table 5 : explain SELECT id, c FROM sbtest5 WHERE id BETWEEN 6607362 AND 6607462
	Index Scan using sbtest5_pkey on sbtest5  (cost=0.43..407.95 rows=102 width=125)
	  Index Cond: ((id >= 6607362) AND (id <= 6607462))

table 6 : explain SELECT id, c FROM sbtest6 WHERE id BETWEEN 6607362 AND 6607462
	Index Scan using sbtest6_pkey on sbtest6  (cost=0.43..419.54 rows=105 width=125)
	  Index Cond: ((id >= 6607362) AND (id <= 6607462))

table 7 : explain SELECT id, c FROM sbtest7 WHERE id BETWEEN 6607362 AND 6607462
	Index Scan using sbtest7_pkey on sbtest7  (cost=0.43..395.55 rows=99 width=125)
	  Index Cond: ((id >= 6607362) AND (id <= 6607462))

table 8 : explain SELECT id, c FROM sbtest8 WHERE id BETWEEN 6607362 AND 6607462
	Index Scan using sbtest8_pkey on sbtest8  (cost=0.43..443.28 rows=111 width=125)
	  Index Cond: ((id >= 6607362) AND (id <= 6607462))

for range-notcovered
table 1 : explain SELECT id, c FROM sbtest1 WHERE id BETWEEN 6476698 AND 6476798
	Index Scan using sbtest1_pkey on sbtest1  (cost=0.43..397.29 rows=99 width=125)
	  Index Cond: ((id >= 6476698) AND (id <= 6476798))

table 2 : explain SELECT id, c FROM sbtest2 WHERE id BETWEEN 6476698 AND 6476798
	Index Scan using sbtest2_pkey on sbtest2  (cost=0.43..452.94 rows=113 width=125)
	  Index Cond: ((id >= 6476698) AND (id <= 6476798))

table 3 : explain SELECT id, c FROM sbtest3 WHERE id BETWEEN 6476698 AND 6476798
	Index Scan using sbtest3_pkey on sbtest3  (cost=0.43..413.03 rows=103 width=125)
	  Index Cond: ((id >= 6476698) AND (id <= 6476798))

table 4 : explain SELECT id, c FROM sbtest4 WHERE id BETWEEN 6476698 AND 6476798
	Index Scan using sbtest4_pkey on sbtest4  (cost=0.43..408.14 rows=102 width=125)
	  Index Cond: ((id >= 6476698) AND (id <= 6476798))

table 5 : explain SELECT id, c FROM sbtest5 WHERE id BETWEEN 6476698 AND 6476798
	Index Scan using sbtest5_pkey on sbtest5  (cost=0.43..467.27 rows=117 width=125)
	  Index Cond: ((id >= 6476698) AND (id <= 6476798))

table 6 : explain SELECT id, c FROM sbtest6 WHERE id BETWEEN 6476698 AND 6476798
	Index Scan using sbtest6_pkey on sbtest6  (cost=0.43..411.64 rows=103 width=125)
	  Index Cond: ((id >= 6476698) AND (id <= 6476798))

table 7 : explain SELECT id, c FROM sbtest7 WHERE id BETWEEN 6476698 AND 6476798
	Index Scan using sbtest7_pkey on sbtest7  (cost=0.43..427.14 rows=107 width=125)
	  Index Cond: ((id >= 6476698) AND (id <= 6476798))

table 8 : explain SELECT id, c FROM sbtest8 WHERE id BETWEEN 6476698 AND 6476798
	Index Scan using sbtest8_pkey on sbtest8  (cost=0.43..395.85 rows=99 width=125)
	  Index Cond: ((id >= 6476698) AND (id <= 6476798))

for range-notcovered
table 1 : explain SELECT id, c FROM sbtest1 WHERE id BETWEEN 4547171 AND 4547271
	Index Scan using sbtest1_pkey on sbtest1  (cost=0.43..409.21 rows=102 width=125)
	  Index Cond: ((id >= 4547171) AND (id <= 4547271))

table 2 : explain SELECT id, c FROM sbtest2 WHERE id BETWEEN 4547171 AND 4547271
	Index Scan using sbtest2_pkey on sbtest2  (cost=0.43..373.56 rows=93 width=125)
	  Index Cond: ((id >= 4547171) AND (id <= 4547271))

table 3 : explain SELECT id, c FROM sbtest3 WHERE id BETWEEN 4547171 AND 4547271
	Index Scan using sbtest3_pkey on sbtest3  (cost=0.43..389.22 rows=97 width=125)
	  Index Cond: ((id >= 4547171) AND (id <= 4547271))

table 4 : explain SELECT id, c FROM sbtest4 WHERE id BETWEEN 4547171 AND 4547271
	Index Scan using sbtest4_pkey on sbtest4  (cost=0.43..404.18 rows=101 width=125)
	  Index Cond: ((id >= 4547171) AND (id <= 4547271))

table 5 : explain SELECT id, c FROM sbtest5 WHERE id BETWEEN 4547171 AND 4547271
	Index Scan using sbtest5_pkey on sbtest5  (cost=0.43..427.72 rows=107 width=125)
	  Index Cond: ((id >= 4547171) AND (id <= 4547271))

table 6 : explain SELECT id, c FROM sbtest6 WHERE id BETWEEN 4547171 AND 4547271
	Index Scan using sbtest6_pkey on sbtest6  (cost=0.43..427.45 rows=107 width=125)
	  Index Cond: ((id >= 4547171) AND (id <= 4547271))

table 7 : explain SELECT id, c FROM sbtest7 WHERE id BETWEEN 4547171 AND 4547271
	Index Scan using sbtest7_pkey on sbtest7  (cost=0.43..403.44 rows=101 width=125)
	  Index Cond: ((id >= 4547171) AND (id <= 4547271))

table 8 : explain SELECT id, c FROM sbtest8 WHERE id BETWEEN 4547171 AND 4547271
	Index Scan using sbtest8_pkey on sbtest8  (cost=0.43..415.61 rows=104 width=125)
	  Index Cond: ((id >= 4547171) AND (id <= 4547271))

explain: for range-notcovered :: explain SELECT id, c FROM sbtest%d WHERE id BETWEEN 6476698 AND 6476798
explain: for range-notcovered :: explain SELECT id, c FROM sbtest%d WHERE id BETWEEN 4547171 AND 4547271
for range-notcovered
table 1 : explain SELECT id, c FROM sbtest1 WHERE id BETWEEN 7511830 AND 7511930
	Index Scan using sbtest1_pkey on sbtest1  (cost=0.43..385.39 rows=96 width=125)
	  Index Cond: ((id >= 7511830) AND (id <= 7511930))

table 2 : explain SELECT id, c FROM sbtest2 WHERE id BETWEEN 7511830 AND 7511930
	Index Scan using sbtest2_pkey on sbtest2  (cost=0.43..421.19 rows=105 width=125)
	  Index Cond: ((id >= 7511830) AND (id <= 7511930))

table 3 : explain SELECT id, c FROM sbtest3 WHERE id BETWEEN 7511830 AND 7511930
	Index Scan using sbtest3_pkey on sbtest3  (cost=0.43..393.19 rows=98 width=125)
	  Index Cond: ((id >= 7511830) AND (id <= 7511930))

table 4 : explain SELECT id, c FROM sbtest4 WHERE id BETWEEN 7511830 AND 7511930
	Index Scan using sbtest4_pkey on sbtest4  (cost=0.43..388.34 rows=97 width=125)
	  Index Cond: ((id >= 7511830) AND (id <= 7511930))

table 5 : explain SELECT id, c FROM sbtest5 WHERE id BETWEEN 7511830 AND 7511930
	Index Scan using sbtest5_pkey on sbtest5  (cost=0.43..419.81 rows=105 width=125)
	  Index Cond: ((id >= 7511830) AND (id <= 7511930))

table 6 : explain SELECT id, c FROM sbtest6 WHERE id BETWEEN 7511830 AND 7511930
	Index Scan using sbtest6_pkey on sbtest6  (cost=0.43..383.95 rows=96 width=125)
	  Index Cond: ((id >= 7511830) AND (id <= 7511930))

table 7 : explain SELECT id, c FROM sbtest7 WHERE id BETWEEN 7511830 AND 7511930
	Index Scan using sbtest7_pkey on sbtest7  (cost=0.43..411.34 rows=103 width=125)
	  Index Cond: ((id >= 7511830) AND (id <= 7511930))

table 8 : explain SELECT id, c FROM sbtest8 WHERE id BETWEEN 7511830 AND 7511930
	Index Scan using sbtest8_pkey on sbtest8  (cost=0.43..403.75 rows=101 width=125)
	  Index Cond: ((id >= 7511830) AND (id <= 7511930))

explain: for range-notcovered :: explain SELECT id, c FROM sbtest%d WHERE id BETWEEN 7511830 AND 7511930
for range-notcovered
table 1 : explain SELECT id, c FROM sbtest1 WHERE id BETWEEN 2294558 AND 2294658
	Index Scan using sbtest1_pkey on sbtest1  (cost=0.43..393.33 rows=98 width=125)
	  Index Cond: ((id >= 2294558) AND (id <= 2294658))

table 2 : explain SELECT id, c FROM sbtest2 WHERE id BETWEEN 2294558 AND 2294658
	Index Scan using sbtest2_pkey on sbtest2  (cost=0.43..385.46 rows=96 width=125)
	  Index Cond: ((id >= 2294558) AND (id <= 2294658))

table 3 : explain SELECT id, c FROM sbtest3 WHERE id BETWEEN 2294558 AND 2294658
	Index Scan using sbtest3_pkey on sbtest3  (cost=0.43..377.32 rows=94 width=125)
	  Index Cond: ((id >= 2294558) AND (id <= 2294658))

table 4 : explain SELECT id, c FROM sbtest4 WHERE id BETWEEN 2294558 AND 2294658
	Index Scan using sbtest4_pkey on sbtest4  (cost=0.43..384.38 rows=96 width=125)
	  Index Cond: ((id >= 2294558) AND (id <= 2294658))

table 5 : explain SELECT id, c FROM sbtest5 WHERE id BETWEEN 2294558 AND 2294658
	Index Scan using sbtest5_pkey on sbtest5  (cost=0.43..388.16 rows=97 width=125)
	  Index Cond: ((id >= 2294558) AND (id <= 2294658))

table 6 : explain SELECT id, c FROM sbtest6 WHERE id BETWEEN 2294558 AND 2294658
	Index Scan using sbtest6_pkey on sbtest6  (cost=0.43..399.78 rows=100 width=125)
	  Index Cond: ((id >= 2294558) AND (id <= 2294658))

table 7 : explain SELECT id, c FROM sbtest7 WHERE id BETWEEN 2294558 AND 2294658
	Index Scan using sbtest7_pkey on sbtest7  (cost=0.43..379.73 rows=95 width=125)
	  Index Cond: ((id >= 2294558) AND (id <= 2294658))

table 8 : explain SELECT id, c FROM sbtest8 WHERE id BETWEEN 2294558 AND 2294658
	Index Scan using sbtest8_pkey on sbtest8  (cost=0.43..407.71 rows=102 width=125)
	  Index Cond: ((id >= 2294558) AND (id <= 2294658))

for range-notcovered
table 1 : explain SELECT id, c FROM sbtest1 WHERE id BETWEEN 3112671 AND 3112771
	Index Scan using sbtest1_pkey on sbtest1  (cost=0.43..409.21 rows=102 width=125)
	  Index Cond: ((id >= 3112671) AND (id <= 3112771))

table 2 : explain SELECT id, c FROM sbtest2 WHERE id BETWEEN 3112671 AND 3112771
	Index Scan using sbtest2_pkey on sbtest2  (cost=0.43..413.26 rows=103 width=125)
	  Index Cond: ((id >= 3112671) AND (id <= 3112771))

table 3 : explain SELECT id, c FROM sbtest3 WHERE id BETWEEN 3112671 AND 3112771
	Index Scan using sbtest3_pkey on sbtest3  (cost=0.43..377.32 rows=94 width=125)
	  Index Cond: ((id >= 3112671) AND (id <= 3112771))

table 4 : explain SELECT id, c FROM sbtest4 WHERE id BETWEEN 3112671 AND 3112771
	Index Scan using sbtest4_pkey on sbtest4  (cost=0.43..412.10 rows=103 width=125)
	  Index Cond: ((id >= 3112671) AND (id <= 3112771))

table 5 : explain SELECT id, c FROM sbtest5 WHERE id BETWEEN 3112671 AND 3112771
	Index Scan using sbtest5_pkey on sbtest5  (cost=0.43..443.54 rows=111 width=125)
	  Index Cond: ((id >= 3112671) AND (id <= 3112771))

table 6 : explain SELECT id, c FROM sbtest6 WHERE id BETWEEN 3112671 AND 3112771
	Index Scan using sbtest6_pkey on sbtest6  (cost=0.43..419.54 rows=105 width=125)
	  Index Cond: ((id >= 3112671) AND (id <= 3112771))

table 7 : explain SELECT id, c FROM sbtest7 WHERE id BETWEEN 3112671 AND 3112771
	Index Scan using sbtest7_pkey on sbtest7  (cost=0.43..391.60 rows=98 width=125)
	  Index Cond: ((id >= 3112671) AND (id <= 3112771))

table 8 : explain SELECT id, c FROM sbtest8 WHERE id BETWEEN 3112671 AND 3112771
	Index Scan using sbtest8_pkey on sbtest8  (cost=0.43..403.75 rows=101 width=125)
	  Index Cond: ((id >= 3112671) AND (id <= 3112771))

explain: for range-notcovered :: explain SELECT id, c FROM sbtest%d WHERE id BETWEEN 3112671 AND 3112771
for range-notcovered
table 1 : explain SELECT id, c FROM sbtest1 WHERE id BETWEEN 6476698 AND 6476798
	Index Scan using sbtest1_pkey on sbtest1  (cost=0.43..397.29 rows=99 width=125)
	  Index Cond: ((id >= 6476698) AND (id <= 6476798))

table 2 : explain SELECT id, c FROM sbtest2 WHERE id BETWEEN 6476698 AND 6476798
	Index Scan using sbtest2_pkey on sbtest2  (cost=0.43..452.94 rows=113 width=125)
	  Index Cond: ((id >= 6476698) AND (id <= 6476798))

table 3 : explain SELECT id, c FROM sbtest3 WHERE id BETWEEN 6476698 AND 6476798
	Index Scan using sbtest3_pkey on sbtest3  (cost=0.43..413.03 rows=103 width=125)
	  Index Cond: ((id >= 6476698) AND (id <= 6476798))

table 4 : explain SELECT id, c FROM sbtest4 WHERE id BETWEEN 6476698 AND 6476798
	Index Scan using sbtest4_pkey on sbtest4  (cost=0.43..408.14 rows=102 width=125)
	  Index Cond: ((id >= 6476698) AND (id <= 6476798))

table 5 : explain SELECT id, c FROM sbtest5 WHERE id BETWEEN 6476698 AND 6476798
	Index Scan using sbtest5_pkey on sbtest5  (cost=0.43..467.27 rows=117 width=125)
	  Index Cond: ((id >= 6476698) AND (id <= 6476798))

table 6 : explain SELECT id, c FROM sbtest6 WHERE id BETWEEN 6476698 AND 6476798
	Index Scan using sbtest6_pkey on sbtest6  (cost=0.43..411.64 rows=103 width=125)
	  Index Cond: ((id >= 6476698) AND (id <= 6476798))

table 7 : explain SELECT id, c FROM sbtest7 WHERE id BETWEEN 6476698 AND 6476798
	Index Scan using sbtest7_pkey on sbtest7  (cost=0.43..427.14 rows=107 width=125)
	  Index Cond: ((id >= 6476698) AND (id <= 6476798))

table 8 : explain SELECT id, c FROM sbtest8 WHERE id BETWEEN 6476698 AND 6476798
	Index Scan using sbtest8_pkey on sbtest8  (cost=0.43..395.85 rows=99 width=125)
	  Index Cond: ((id >= 6476698) AND (id <= 6476798))

explain: for range-notcovered :: explain SELECT id, c FROM sbtest%d WHERE id BETWEEN 6476698 AND 6476798
for range-notcovered
table 1 : explain SELECT id, c FROM sbtest1 WHERE id BETWEEN 4547171 AND 4547271
	Index Scan using sbtest1_pkey on sbtest1  (cost=0.43..409.21 rows=102 width=125)
	  Index Cond: ((id >= 4547171) AND (id <= 4547271))

table 2 : explain SELECT id, c FROM sbtest2 WHERE id BETWEEN 4547171 AND 4547271
	Index Scan using sbtest2_pkey on sbtest2  (cost=0.43..373.56 rows=93 width=125)
	  Index Cond: ((id >= 4547171) AND (id <= 4547271))

table 3 : explain SELECT id, c FROM sbtest3 WHERE id BETWEEN 4547171 AND 4547271
	Index Scan using sbtest3_pkey on sbtest3  (cost=0.43..389.22 rows=97 width=125)
	  Index Cond: ((id >= 4547171) AND (id <= 4547271))

table 4 : explain SELECT id, c FROM sbtest4 WHERE id BETWEEN 4547171 AND 4547271
	Index Scan using sbtest4_pkey on sbtest4  (cost=0.43..404.18 rows=101 width=125)
	  Index Cond: ((id >= 4547171) AND (id <= 4547271))

table 5 : explain SELECT id, c FROM sbtest5 WHERE id BETWEEN 4547171 AND 4547271
	Index Scan using sbtest5_pkey on sbtest5  (cost=0.43..427.72 rows=107 width=125)
	  Index Cond: ((id >= 4547171) AND (id <= 4547271))

table 6 : explain SELECT id, c FROM sbtest6 WHERE id BETWEEN 4547171 AND 4547271
	Index Scan using sbtest6_pkey on sbtest6  (cost=0.43..427.45 rows=107 width=125)
	  Index Cond: ((id >= 4547171) AND (id <= 4547271))

table 7 : explain SELECT id, c FROM sbtest7 WHERE id BETWEEN 4547171 AND 4547271
	Index Scan using sbtest7_pkey on sbtest7  (cost=0.43..403.44 rows=101 width=125)
	  Index Cond: ((id >= 4547171) AND (id <= 4547271))

table 8 : explain SELECT id, c FROM sbtest8 WHERE id BETWEEN 4547171 AND 4547271
	Index Scan using sbtest8_pkey on sbtest8  (cost=0.43..415.61 rows=104 width=125)
	  Index Cond: ((id >= 4547171) AND (id <= 4547271))

explain: for range-notcovered :: explain SELECT id, c FROM sbtest%d WHERE id BETWEEN 4547171 AND 4547271
for range-notcovered
table 1 : explain SELECT id, c FROM sbtest1 WHERE id BETWEEN 7511830 AND 7511930
	Index Scan using sbtest1_pkey on sbtest1  (cost=0.43..385.39 rows=96 width=125)
	  Index Cond: ((id >= 7511830) AND (id <= 7511930))

table 2 : explain SELECT id, c FROM sbtest2 WHERE id BETWEEN 7511830 AND 7511930
	Index Scan using sbtest2_pkey on sbtest2  (cost=0.43..421.19 rows=105 width=125)
	  Index Cond: ((id >= 7511830) AND (id <= 7511930))

table 3 : explain SELECT id, c FROM sbtest3 WHERE id BETWEEN 7511830 AND 7511930
	Index Scan using sbtest3_pkey on sbtest3  (cost=0.43..393.19 rows=98 width=125)
	  Index Cond: ((id >= 7511830) AND (id <= 7511930))

table 4 : explain SELECT id, c FROM sbtest4 WHERE id BETWEEN 7511830 AND 7511930
	Index Scan using sbtest4_pkey on sbtest4  (cost=0.43..388.34 rows=97 width=125)
	  Index Cond: ((id >= 7511830) AND (id <= 7511930))

table 5 : explain SELECT id, c FROM sbtest5 WHERE id BETWEEN 7511830 AND 7511930
	Index Scan using sbtest5_pkey on sbtest5  (cost=0.43..419.81 rows=105 width=125)
	  Index Cond: ((id >= 7511830) AND (id <= 7511930))

table 6 : explain SELECT id, c FROM sbtest6 WHERE id BETWEEN 7511830 AND 7511930
	Index Scan using sbtest6_pkey on sbtest6  (cost=0.43..383.95 rows=96 width=125)
	  Index Cond: ((id >= 7511830) AND (id <= 7511930))

table 7 : explain SELECT id, c FROM sbtest7 WHERE id BETWEEN 7511830 AND 7511930
	Index Scan using sbtest7_pkey on sbtest7  (cost=0.43..411.34 rows=103 width=125)
	  Index Cond: ((id >= 7511830) AND (id <= 7511930))

table 8 : explain SELECT id, c FROM sbtest8 WHERE id BETWEEN 7511830 AND 7511930
	Index Scan using sbtest8_pkey on sbtest8  (cost=0.43..403.75 rows=101 width=125)
	  Index Cond: ((id >= 7511830) AND (id <= 7511930))

explain: for range-notcovered :: explain SELECT id, c FROM sbtest%d WHERE id BETWEEN 7511830 AND 7511930
for range-notcovered
table 1 : explain SELECT id, c FROM sbtest1 WHERE id BETWEEN 3112671 AND 3112771
	Index Scan using sbtest1_pkey on sbtest1  (cost=0.43..409.21 rows=102 width=125)
	  Index Cond: ((id >= 3112671) AND (id <= 3112771))

table 2 : explain SELECT id, c FROM sbtest2 WHERE id BETWEEN 3112671 AND 3112771
	Index Scan using sbtest2_pkey on sbtest2  (cost=0.43..413.26 rows=103 width=125)
	  Index Cond: ((id >= 3112671) AND (id <= 3112771))

table 3 : explain SELECT id, c FROM sbtest3 WHERE id BETWEEN 3112671 AND 3112771
	Index Scan using sbtest3_pkey on sbtest3  (cost=0.43..377.32 rows=94 width=125)
	  Index Cond: ((id >= 3112671) AND (id <= 3112771))

table 4 : explain SELECT id, c FROM sbtest4 WHERE id BETWEEN 3112671 AND 3112771
	Index Scan using sbtest4_pkey on sbtest4  (cost=0.43..412.10 rows=103 width=125)
	  Index Cond: ((id >= 3112671) AND (id <= 3112771))

table 5 : explain SELECT id, c FROM sbtest5 WHERE id BETWEEN 3112671 AND 3112771
	Index Scan using sbtest5_pkey on sbtest5  (cost=0.43..443.54 rows=111 width=125)
	  Index Cond: ((id >= 3112671) AND (id <= 3112771))

table 6 : explain SELECT id, c FROM sbtest6 WHERE id BETWEEN 3112671 AND 3112771
	Index Scan using sbtest6_pkey on sbtest6  (cost=0.43..419.54 rows=105 width=125)
	  Index Cond: ((id >= 3112671) AND (id <= 3112771))

table 7 : explain SELECT id, c FROM sbtest7 WHERE id BETWEEN 3112671 AND 3112771
	Index Scan using sbtest7_pkey on sbtest7  (cost=0.43..391.60 rows=98 width=125)
	  Index Cond: ((id >= 3112671) AND (id <= 3112771))

table 8 : explain SELECT id, c FROM sbtest8 WHERE id BETWEEN 3112671 AND 3112771
	Index Scan using sbtest8_pkey on sbtest8  (cost=0.43..403.75 rows=101 width=125)
	  Index Cond: ((id >= 3112671) AND (id <= 3112771))

explain: for range-notcovered :: explain SELECT id, c FROM sbtest%d WHERE id BETWEEN 3112671 AND 3112771
for range-notcovered
table 1 : explain SELECT id, c FROM sbtest1 WHERE id BETWEEN 6476698 AND 6476798
	Index Scan using sbtest1_pkey on sbtest1  (cost=0.43..397.29 rows=99 width=125)
	  Index Cond: ((id >= 6476698) AND (id <= 6476798))

table 2 : explain SELECT id, c FROM sbtest2 WHERE id BETWEEN 6476698 AND 6476798
	Index Scan using sbtest2_pkey on sbtest2  (cost=0.43..452.94 rows=113 width=125)
	  Index Cond: ((id >= 6476698) AND (id <= 6476798))

table 3 : explain SELECT id, c FROM sbtest3 WHERE id BETWEEN 6476698 AND 6476798
	Index Scan using sbtest3_pkey on sbtest3  (cost=0.43..413.03 rows=103 width=125)
	  Index Cond: ((id >= 6476698) AND (id <= 6476798))

table 4 : explain SELECT id, c FROM sbtest4 WHERE id BETWEEN 6476698 AND 6476798
	Index Scan using sbtest4_pkey on sbtest4  (cost=0.43..408.14 rows=102 width=125)
	  Index Cond: ((id >= 6476698) AND (id <= 6476798))

table 5 : explain SELECT id, c FROM sbtest5 WHERE id BETWEEN 6476698 AND 6476798
	Index Scan using sbtest5_pkey on sbtest5  (cost=0.43..467.27 rows=117 width=125)
	  Index Cond: ((id >= 6476698) AND (id <= 6476798))

table 6 : explain SELECT id, c FROM sbtest6 WHERE id BETWEEN 6476698 AND 6476798
	Index Scan using sbtest6_pkey on sbtest6  (cost=0.43..411.64 rows=103 width=125)
	  Index Cond: ((id >= 6476698) AND (id <= 6476798))

table 7 : explain SELECT id, c FROM sbtest7 WHERE id BETWEEN 6476698 AND 6476798
	Index Scan using sbtest7_pkey on sbtest7  (cost=0.43..427.14 rows=107 width=125)
	  Index Cond: ((id >= 6476698) AND (id <= 6476798))

table 8 : explain SELECT id, c FROM sbtest8 WHERE id BETWEEN 6476698 AND 6476798
	Index Scan using sbtest8_pkey on sbtest8  (cost=0.43..395.85 rows=99 width=125)
	  Index Cond: ((id >= 6476698) AND (id <= 6476798))

for range-notcovered
table 1 : explain SELECT id, c FROM sbtest1 WHERE id BETWEEN 4547171 AND 4547271
	Index Scan using sbtest1_pkey on sbtest1  (cost=0.43..409.21 rows=102 width=125)
	  Index Cond: ((id >= 4547171) AND (id <= 4547271))

table 2 : explain SELECT id, c FROM sbtest2 WHERE id BETWEEN 4547171 AND 4547271
	Index Scan using sbtest2_pkey on sbtest2  (cost=0.43..373.56 rows=93 width=125)
	  Index Cond: ((id >= 4547171) AND (id <= 4547271))

table 3 : explain SELECT id, c FROM sbtest3 WHERE id BETWEEN 4547171 AND 4547271
	Index Scan using sbtest3_pkey on sbtest3  (cost=0.43..389.22 rows=97 width=125)
	  Index Cond: ((id >= 4547171) AND (id <= 4547271))

table 4 : explain SELECT id, c FROM sbtest4 WHERE id BETWEEN 4547171 AND 4547271
	Index Scan using sbtest4_pkey on sbtest4  (cost=0.43..404.18 rows=101 width=125)
	  Index Cond: ((id >= 4547171) AND (id <= 4547271))

table 5 : explain SELECT id, c FROM sbtest5 WHERE id BETWEEN 4547171 AND 4547271
	Index Scan using sbtest5_pkey on sbtest5  (cost=0.43..427.72 rows=107 width=125)
	  Index Cond: ((id >= 4547171) AND (id <= 4547271))

table 6 : explain SELECT id, c FROM sbtest6 WHERE id BETWEEN 4547171 AND 4547271
	Index Scan using sbtest6_pkey on sbtest6  (cost=0.43..427.45 rows=107 width=125)
	  Index Cond: ((id >= 4547171) AND (id <= 4547271))

table 7 : explain SELECT id, c FROM sbtest7 WHERE id BETWEEN 4547171 AND 4547271
	Index Scan using sbtest7_pkey on sbtest7  (cost=0.43..403.44 rows=101 width=125)
	  Index Cond: ((id >= 4547171) AND (id <= 4547271))

table 8 : explain SELECT id, c FROM sbtest8 WHERE id BETWEEN 4547171 AND 4547271
	Index Scan using sbtest8_pkey on sbtest8  (cost=0.43..415.61 rows=104 width=125)
	  Index Cond: ((id >= 4547171) AND (id <= 4547271))

explain: for range-notcovered :: explain SELECT id, c FROM sbtest%d WHERE id BETWEEN 4547171 AND 4547271
for range-notcovered
table 1 : explain SELECT id, c FROM sbtest1 WHERE id BETWEEN 7511830 AND 7511930
	Index Scan using sbtest1_pkey on sbtest1  (cost=0.43..385.39 rows=96 width=125)
	  Index Cond: ((id >= 7511830) AND (id <= 7511930))

table 2 : explain SELECT id, c FROM sbtest2 WHERE id BETWEEN 7511830 AND 7511930
	Index Scan using sbtest2_pkey on sbtest2  (cost=0.43..421.19 rows=105 width=125)
	  Index Cond: ((id >= 7511830) AND (id <= 7511930))

table 3 : explain SELECT id, c FROM sbtest3 WHERE id BETWEEN 7511830 AND 7511930
	Index Scan using sbtest3_pkey on sbtest3  (cost=0.43..393.19 rows=98 width=125)
	  Index Cond: ((id >= 7511830) AND (id <= 7511930))

table 4 : explain SELECT id, c FROM sbtest4 WHERE id BETWEEN 7511830 AND 7511930
	Index Scan using sbtest4_pkey on sbtest4  (cost=0.43..388.34 rows=97 width=125)
	  Index Cond: ((id >= 7511830) AND (id <= 7511930))

table 5 : explain SELECT id, c FROM sbtest5 WHERE id BETWEEN 7511830 AND 7511930
	Index Scan using sbtest5_pkey on sbtest5  (cost=0.43..419.81 rows=105 width=125)
	  Index Cond: ((id >= 7511830) AND (id <= 7511930))

table 6 : explain SELECT id, c FROM sbtest6 WHERE id BETWEEN 7511830 AND 7511930
	Index Scan using sbtest6_pkey on sbtest6  (cost=0.43..383.95 rows=96 width=125)
	  Index Cond: ((id >= 7511830) AND (id <= 7511930))

table 7 : explain SELECT id, c FROM sbtest7 WHERE id BETWEEN 7511830 AND 7511930
	Index Scan using sbtest7_pkey on sbtest7  (cost=0.43..411.34 rows=103 width=125)
	  Index Cond: ((id >= 7511830) AND (id <= 7511930))

table 8 : explain SELECT id, c FROM sbtest8 WHERE id BETWEEN 7511830 AND 7511930
	Index Scan using sbtest8_pkey on sbtest8  (cost=0.43..403.75 rows=101 width=125)
	  Index Cond: ((id >= 7511830) AND (id <= 7511930))

for range-notcovered
table 1 : explain SELECT id, c FROM sbtest1 WHERE id BETWEEN 3112671 AND 3112771
	Index Scan using sbtest1_pkey on sbtest1  (cost=0.43..409.21 rows=102 width=125)
	  Index Cond: ((id >= 3112671) AND (id <= 3112771))

table 2 : explain SELECT id, c FROM sbtest2 WHERE id BETWEEN 3112671 AND 3112771
	Index Scan using sbtest2_pkey on sbtest2  (cost=0.43..413.26 rows=103 width=125)
	  Index Cond: ((id >= 3112671) AND (id <= 3112771))

table 3 : explain SELECT id, c FROM sbtest3 WHERE id BETWEEN 3112671 AND 3112771
	Index Scan using sbtest3_pkey on sbtest3  (cost=0.43..377.32 rows=94 width=125)
	  Index Cond: ((id >= 3112671) AND (id <= 3112771))

table 4 : explain SELECT id, c FROM sbtest4 WHERE id BETWEEN 3112671 AND 3112771
	Index Scan using sbtest4_pkey on sbtest4  (cost=0.43..412.10 rows=103 width=125)
	  Index Cond: ((id >= 3112671) AND (id <= 3112771))

table 5 : explain SELECT id, c FROM sbtest5 WHERE id BETWEEN 3112671 AND 3112771
	Index Scan using sbtest5_pkey on sbtest5  (cost=0.43..443.54 rows=111 width=125)
	  Index Cond: ((id >= 3112671) AND (id <= 3112771))

table 6 : explain SELECT id, c FROM sbtest6 WHERE id BETWEEN 3112671 AND 3112771
	Index Scan using sbtest6_pkey on sbtest6  (cost=0.43..419.54 rows=105 width=125)
	  Index Cond: ((id >= 3112671) AND (id <= 3112771))

table 7 : explain SELECT id, c FROM sbtest7 WHERE id BETWEEN 3112671 AND 3112771
	Index Scan using sbtest7_pkey on sbtest7  (cost=0.43..391.60 rows=98 width=125)
	  Index Cond: ((id >= 3112671) AND (id <= 3112771))

table 8 : explain SELECT id, c FROM sbtest8 WHERE id BETWEEN 3112671 AND 3112771
	Index Scan using sbtest8_pkey on sbtest8  (cost=0.43..403.75 rows=101 width=125)
	  Index Cond: ((id >= 3112671) AND (id <= 3112771))

explain: for range-notcovered :: explain SELECT id, c FROM sbtest%d WHERE id BETWEEN 3112671 AND 3112771
for range-notcovered
table 1 : explain SELECT id, c FROM sbtest1 WHERE id BETWEEN 4547171 AND 4547271
	Index Scan using sbtest1_pkey on sbtest1  (cost=0.43..409.21 rows=102 width=125)
	  Index Cond: ((id >= 4547171) AND (id <= 4547271))

table 2 : explain SELECT id, c FROM sbtest2 WHERE id BETWEEN 4547171 AND 4547271
	Index Scan using sbtest2_pkey on sbtest2  (cost=0.43..373.56 rows=93 width=125)
	  Index Cond: ((id >= 4547171) AND (id <= 4547271))

table 3 : explain SELECT id, c FROM sbtest3 WHERE id BETWEEN 4547171 AND 4547271
	Index Scan using sbtest3_pkey on sbtest3  (cost=0.43..389.22 rows=97 width=125)
	  Index Cond: ((id >= 4547171) AND (id <= 4547271))

table 4 : explain SELECT id, c FROM sbtest4 WHERE id BETWEEN 4547171 AND 4547271
	Index Scan using sbtest4_pkey on sbtest4  (cost=0.43..404.18 rows=101 width=125)
	  Index Cond: ((id >= 4547171) AND (id <= 4547271))

table 5 : explain SELECT id, c FROM sbtest5 WHERE id BETWEEN 4547171 AND 4547271
	Index Scan using sbtest5_pkey on sbtest5  (cost=0.43..427.72 rows=107 width=125)
	  Index Cond: ((id >= 4547171) AND (id <= 4547271))

table 6 : explain SELECT id, c FROM sbtest6 WHERE id BETWEEN 4547171 AND 4547271
	Index Scan using sbtest6_pkey on sbtest6  (cost=0.43..427.45 rows=107 width=125)
	  Index Cond: ((id >= 4547171) AND (id <= 4547271))

table 7 : explain SELECT id, c FROM sbtest7 WHERE id BETWEEN 4547171 AND 4547271
	Index Scan using sbtest7_pkey on sbtest7  (cost=0.43..403.44 rows=101 width=125)
	  Index Cond: ((id >= 4547171) AND (id <= 4547271))

table 8 : explain SELECT id, c FROM sbtest8 WHERE id BETWEEN 4547171 AND 4547271
	Index Scan using sbtest8_pkey on sbtest8  (cost=0.43..415.61 rows=104 width=125)
	  Index Cond: ((id >= 4547171) AND (id <= 4547271))

explain: for range-notcovered :: explain SELECT id, c FROM sbtest%d WHERE id BETWEEN 4547171 AND 4547271
for range-notcovered
table 1 : explain SELECT id, c FROM sbtest1 WHERE id BETWEEN 3112671 AND 3112771
	Index Scan using sbtest1_pkey on sbtest1  (cost=0.43..409.21 rows=102 width=125)
	  Index Cond: ((id >= 3112671) AND (id <= 3112771))

table 2 : explain SELECT id, c FROM sbtest2 WHERE id BETWEEN 3112671 AND 3112771
	Index Scan using sbtest2_pkey on sbtest2  (cost=0.43..413.26 rows=103 width=125)
	  Index Cond: ((id >= 3112671) AND (id <= 3112771))

table 3 : explain SELECT id, c FROM sbtest3 WHERE id BETWEEN 3112671 AND 3112771
	Index Scan using sbtest3_pkey on sbtest3  (cost=0.43..377.32 rows=94 width=125)
	  Index Cond: ((id >= 3112671) AND (id <= 3112771))

table 4 : explain SELECT id, c FROM sbtest4 WHERE id BETWEEN 3112671 AND 3112771
	Index Scan using sbtest4_pkey on sbtest4  (cost=0.43..412.10 rows=103 width=125)
	  Index Cond: ((id >= 3112671) AND (id <= 3112771))

table 5 : explain SELECT id, c FROM sbtest5 WHERE id BETWEEN 3112671 AND 3112771
	Index Scan using sbtest5_pkey on sbtest5  (cost=0.43..443.54 rows=111 width=125)
	  Index Cond: ((id >= 3112671) AND (id <= 3112771))

table 6 : explain SELECT id, c FROM sbtest6 WHERE id BETWEEN 3112671 AND 3112771
	Index Scan using sbtest6_pkey on sbtest6  (cost=0.43..419.54 rows=105 width=125)
	  Index Cond: ((id >= 3112671) AND (id <= 3112771))

table 7 : explain SELECT id, c FROM sbtest7 WHERE id BETWEEN 3112671 AND 3112771
	Index Scan using sbtest7_pkey on sbtest7  (cost=0.43..391.60 rows=98 width=125)
	  Index Cond: ((id >= 3112671) AND (id <= 3112771))

table 8 : explain SELECT id, c FROM sbtest8 WHERE id BETWEEN 3112671 AND 3112771
	Index Scan using sbtest8_pkey on sbtest8  (cost=0.43..403.75 rows=101 width=125)
	  Index Cond: ((id >= 3112671) AND (id <= 3112771))

explain: for range-notcovered :: explain SELECT id, c FROM sbtest%d WHERE id BETWEEN 3112671 AND 3112771
for range-notcovered
table 1 : explain SELECT id, c FROM sbtest1 WHERE id BETWEEN 4547171 AND 4547271
	Index Scan using sbtest1_pkey on sbtest1  (cost=0.43..409.21 rows=102 width=125)
	  Index Cond: ((id >= 4547171) AND (id <= 4547271))

table 2 : explain SELECT id, c FROM sbtest2 WHERE id BETWEEN 4547171 AND 4547271
	Index Scan using sbtest2_pkey on sbtest2  (cost=0.43..373.56 rows=93 width=125)
	  Index Cond: ((id >= 4547171) AND (id <= 4547271))

table 3 : explain SELECT id, c FROM sbtest3 WHERE id BETWEEN 4547171 AND 4547271
	Index Scan using sbtest3_pkey on sbtest3  (cost=0.43..389.22 rows=97 width=125)
	  Index Cond: ((id >= 4547171) AND (id <= 4547271))

table 4 : explain SELECT id, c FROM sbtest4 WHERE id BETWEEN 4547171 AND 4547271
	Index Scan using sbtest4_pkey on sbtest4  (cost=0.43..404.18 rows=101 width=125)
	  Index Cond: ((id >= 4547171) AND (id <= 4547271))

table 5 : explain SELECT id, c FROM sbtest5 WHERE id BETWEEN 4547171 AND 4547271
	Index Scan using sbtest5_pkey on sbtest5  (cost=0.43..427.72 rows=107 width=125)
	  Index Cond: ((id >= 4547171) AND (id <= 4547271))

table 6 : explain SELECT id, c FROM sbtest6 WHERE id BETWEEN 4547171 AND 4547271
	Index Scan using sbtest6_pkey on sbtest6  (cost=0.43..427.45 rows=107 width=125)
	  Index Cond: ((id >= 4547171) AND (id <= 4547271))

table 7 : explain SELECT id, c FROM sbtest7 WHERE id BETWEEN 4547171 AND 4547271
	Index Scan using sbtest7_pkey on sbtest7  (cost=0.43..403.44 rows=101 width=125)
	  Index Cond: ((id >= 4547171) AND (id <= 4547271))

table 8 : explain SELECT id, c FROM sbtest8 WHERE id BETWEEN 4547171 AND 4547271
	Index Scan using sbtest8_pkey on sbtest8  (cost=0.43..415.61 rows=104 width=125)
	  Index Cond: ((id >= 4547171) AND (id <= 4547271))

for range-notcovered
table 1 : explain SELECT id, c FROM sbtest1 WHERE id BETWEEN 3112671 AND 3112771
	Index Scan using sbtest1_pkey on sbtest1  (cost=0.43..409.21 rows=102 width=125)
	  Index Cond: ((id >= 3112671) AND (id <= 3112771))

table 2 : explain SELECT id, c FROM sbtest2 WHERE id BETWEEN 3112671 AND 3112771
	Index Scan using sbtest2_pkey on sbtest2  (cost=0.43..413.26 rows=103 width=125)
	  Index Cond: ((id >= 3112671) AND (id <= 3112771))

table 3 : explain SELECT id, c FROM sbtest3 WHERE id BETWEEN 3112671 AND 3112771
	Index Scan using sbtest3_pkey on sbtest3  (cost=0.43..377.32 rows=94 width=125)
	  Index Cond: ((id >= 3112671) AND (id <= 3112771))

table 4 : explain SELECT id, c FROM sbtest4 WHERE id BETWEEN 3112671 AND 3112771
	Index Scan using sbtest4_pkey on sbtest4  (cost=0.43..412.10 rows=103 width=125)
	  Index Cond: ((id >= 3112671) AND (id <= 3112771))

table 5 : explain SELECT id, c FROM sbtest5 WHERE id BETWEEN 3112671 AND 3112771
	Index Scan using sbtest5_pkey on sbtest5  (cost=0.43..443.54 rows=111 width=125)
	  Index Cond: ((id >= 3112671) AND (id <= 3112771))

table 6 : explain SELECT id, c FROM sbtest6 WHERE id BETWEEN 3112671 AND 3112771
	Index Scan using sbtest6_pkey on sbtest6  (cost=0.43..419.54 rows=105 width=125)
	  Index Cond: ((id >= 3112671) AND (id <= 3112771))

table 7 : explain SELECT id, c FROM sbtest7 WHERE id BETWEEN 3112671 AND 3112771
	Index Scan using sbtest7_pkey on sbtest7  (cost=0.43..391.60 rows=98 width=125)
	  Index Cond: ((id >= 3112671) AND (id <= 3112771))

table 8 : explain SELECT id, c FROM sbtest8 WHERE id BETWEEN 3112671 AND 3112771
	Index Scan using sbtest8_pkey on sbtest8  (cost=0.43..403.75 rows=101 width=125)
	  Index Cond: ((id >= 3112671) AND (id <= 3112771))

explain: for range-notcovered :: explain SELECT id, c FROM sbtest%d WHERE id BETWEEN 3112671 AND 3112771
for range-notcovered
table 1 : explain SELECT id, c FROM sbtest1 WHERE id BETWEEN 3112671 AND 3112771
	Index Scan using sbtest1_pkey on sbtest1  (cost=0.43..409.21 rows=102 width=125)
	  Index Cond: ((id >= 3112671) AND (id <= 3112771))

table 2 : explain SELECT id, c FROM sbtest2 WHERE id BETWEEN 3112671 AND 3112771
	Index Scan using sbtest2_pkey on sbtest2  (cost=0.43..413.26 rows=103 width=125)
	  Index Cond: ((id >= 3112671) AND (id <= 3112771))

table 3 : explain SELECT id, c FROM sbtest3 WHERE id BETWEEN 3112671 AND 3112771
	Index Scan using sbtest3_pkey on sbtest3  (cost=0.43..377.32 rows=94 width=125)
	  Index Cond: ((id >= 3112671) AND (id <= 3112771))

table 4 : explain SELECT id, c FROM sbtest4 WHERE id BETWEEN 3112671 AND 3112771
	Index Scan using sbtest4_pkey on sbtest4  (cost=0.43..412.10 rows=103 width=125)
	  Index Cond: ((id >= 3112671) AND (id <= 3112771))

table 5 : explain SELECT id, c FROM sbtest5 WHERE id BETWEEN 3112671 AND 3112771
	Index Scan using sbtest5_pkey on sbtest5  (cost=0.43..443.54 rows=111 width=125)
	  Index Cond: ((id >= 3112671) AND (id <= 3112771))

table 6 : explain SELECT id, c FROM sbtest6 WHERE id BETWEEN 3112671 AND 3112771
	Index Scan using sbtest6_pkey on sbtest6  (cost=0.43..419.54 rows=105 width=125)
	  Index Cond: ((id >= 3112671) AND (id <= 3112771))

table 7 : explain SELECT id, c FROM sbtest7 WHERE id BETWEEN 3112671 AND 3112771
	Index Scan using sbtest7_pkey on sbtest7  (cost=0.43..391.60 rows=98 width=125)
	  Index Cond: ((id >= 3112671) AND (id <= 3112771))

table 8 : explain SELECT id, c FROM sbtest8 WHERE id BETWEEN 3112671 AND 3112771
	Index Scan using sbtest8_pkey on sbtest8  (cost=0.43..403.75 rows=101 width=125)
	  Index Cond: ((id >= 3112671) AND (id <= 3112771))

explain: for range-notcovered :: explain SELECT id, c FROM sbtest%d WHERE id BETWEEN 3112671 AND 3112771
for range-notcovered
table 1 : explain SELECT id, c FROM sbtest1 WHERE id BETWEEN 3112671 AND 3112771
	Index Scan using sbtest1_pkey on sbtest1  (cost=0.43..409.21 rows=102 width=125)
	  Index Cond: ((id >= 3112671) AND (id <= 3112771))

table 2 : explain SELECT id, c FROM sbtest2 WHERE id BETWEEN 3112671 AND 3112771
	Index Scan using sbtest2_pkey on sbtest2  (cost=0.43..413.26 rows=103 width=125)
	  Index Cond: ((id >= 3112671) AND (id <= 3112771))

table 3 : explain SELECT id, c FROM sbtest3 WHERE id BETWEEN 3112671 AND 3112771
	Index Scan using sbtest3_pkey on sbtest3  (cost=0.43..377.32 rows=94 width=125)
	  Index Cond: ((id >= 3112671) AND (id <= 3112771))

table 4 : explain SELECT id, c FROM sbtest4 WHERE id BETWEEN 3112671 AND 3112771
	Index Scan using sbtest4_pkey on sbtest4  (cost=0.43..412.10 rows=103 width=125)
	  Index Cond: ((id >= 3112671) AND (id <= 3112771))

table 5 : explain SELECT id, c FROM sbtest5 WHERE id BETWEEN 3112671 AND 3112771
	Index Scan using sbtest5_pkey on sbtest5  (cost=0.43..443.54 rows=111 width=125)
	  Index Cond: ((id >= 3112671) AND (id <= 3112771))

table 6 : explain SELECT id, c FROM sbtest6 WHERE id BETWEEN 3112671 AND 3112771
	Index Scan using sbtest6_pkey on sbtest6  (cost=0.43..419.54 rows=105 width=125)
	  Index Cond: ((id >= 3112671) AND (id <= 3112771))

table 7 : explain SELECT id, c FROM sbtest7 WHERE id BETWEEN 3112671 AND 3112771
	Index Scan using sbtest7_pkey on sbtest7  (cost=0.43..391.60 rows=98 width=125)
	  Index Cond: ((id >= 3112671) AND (id <= 3112771))

table 8 : explain SELECT id, c FROM sbtest8 WHERE id BETWEEN 3112671 AND 3112771
	Index Scan using sbtest8_pkey on sbtest8  (cost=0.43..403.75 rows=101 width=125)
	  Index Cond: ((id >= 3112671) AND (id <= 3112771))

explain: for range-notcovered :: explain SELECT id, c FROM sbtest%d WHERE id BETWEEN 3112671 AND 3112771
for range-notcovered
table 1 : explain SELECT id, c FROM sbtest1 WHERE id BETWEEN 3112671 AND 3112771
	Index Scan using sbtest1_pkey on sbtest1  (cost=0.43..409.21 rows=102 width=125)
	  Index Cond: ((id >= 3112671) AND (id <= 3112771))

table 2 : explain SELECT id, c FROM sbtest2 WHERE id BETWEEN 3112671 AND 3112771
	Index Scan using sbtest2_pkey on sbtest2  (cost=0.43..413.26 rows=103 width=125)
	  Index Cond: ((id >= 3112671) AND (id <= 3112771))

table 3 : explain SELECT id, c FROM sbtest3 WHERE id BETWEEN 3112671 AND 3112771
	Index Scan using sbtest3_pkey on sbtest3  (cost=0.43..377.32 rows=94 width=125)
	  Index Cond: ((id >= 3112671) AND (id <= 3112771))

table 4 : explain SELECT id, c FROM sbtest4 WHERE id BETWEEN 3112671 AND 3112771
	Index Scan using sbtest4_pkey on sbtest4  (cost=0.43..412.10 rows=103 width=125)
	  Index Cond: ((id >= 3112671) AND (id <= 3112771))

table 5 : explain SELECT id, c FROM sbtest5 WHERE id BETWEEN 3112671 AND 3112771
	Index Scan using sbtest5_pkey on sbtest5  (cost=0.43..443.54 rows=111 width=125)
	  Index Cond: ((id >= 3112671) AND (id <= 3112771))

table 6 : explain SELECT id, c FROM sbtest6 WHERE id BETWEEN 3112671 AND 3112771
	Index Scan using sbtest6_pkey on sbtest6  (cost=0.43..419.54 rows=105 width=125)
	  Index Cond: ((id >= 3112671) AND (id <= 3112771))

table 7 : explain SELECT id, c FROM sbtest7 WHERE id BETWEEN 3112671 AND 3112771
	Index Scan using sbtest7_pkey on sbtest7  (cost=0.43..391.60 rows=98 width=125)
	  Index Cond: ((id >= 3112671) AND (id <= 3112771))

table 8 : explain SELECT id, c FROM sbtest8 WHERE id BETWEEN 3112671 AND 3112771
	Index Scan using sbtest8_pkey on sbtest8  (cost=0.43..403.75 rows=101 width=125)
	  Index Cond: ((id >= 3112671) AND (id <= 3112771))

Threads started!

Warming up for 5 seconds...

SQL statistics:
    queries performed:
        read:                            118166073
        write:                           0
        other:                           0
        total:                           118166073
    transactions:                        118166073 (187563.32 per sec.)
    queries:                             118166073 (187563.32 per sec.)
    ignored errors:                      0      (0.00 per sec.)
    reconnects:                          0      (0.00 per sec.)

Throughput:
    events/s (eps):                      187563.3170
    time elapsed:                        630.0064s
    total number of events:              118166073

Latency (ms):
         min:                                    0.07
         avg:                                    0.21
         max:                                   16.28
         95th percentile:                        0.23
         sum:                             25149640.03

Threads fairness:
    events (avg/stddev):           2954147.3500/10857.36
    execution time (avg/stddev):   628.7410/0.04

