LUA_PATH=/home/mdcallag/git/mytools/bench/sysbench.lua/lua/?.lua /home/mdcallag/git/mytools/bench/sysbench.lua/lua/sysbench --db-driver=pgsql --range-size=100 --table-size=10000000 --tables=8 --threads=40 --events=0 --warmup-time=5 --time=930 --pgsql_conn_id=true /home/mdcallag/git/mytools/bench/sysbench.lua/lua/oltp_read_write.lua run --pgsql-user=root --pgsql-password=pw --pgsql-host=127.0.0.1 --pgsql-db=ib --rand-type=uniform
48 CPUs
sysbench 1.1.0-9072687 (using bundled LuaJIT 2.1.0-beta3)

Running the test with following options:
Number of threads: 40
Warmup time: 5s
Initializing random number generator from current time


Initializing worker threads...

explain: for point_selects :: explain SELECT c FROM sbtest%u WHERE id=%u
explain: for point_selects :: explain SELECT c FROM sbtest%u WHERE id=%u
explain: for point_selects :: explain SELECT c FROM sbtest%u WHERE id=%u
explain: for point_selects :: explain SELECT c FROM sbtest%u WHERE id=%u
explain: for point_selects :: explain SELECT c FROM sbtest%u WHERE id=%u
for point_selects
table 1 : explain SELECT c FROM sbtest1 WHERE id=3894164
	Index Scan using sbtest1_pkey on sbtest1  (cost=0.43..8.45 rows=1 width=121)
	  Index Cond: (id = 3894164)

table 2 : explain SELECT c FROM sbtest2 WHERE id=2083220
	Index Scan using sbtest2_pkey on sbtest2  (cost=0.43..8.45 rows=1 width=121)
	  Index Cond: (id = 2083220)

table 3 : explain SELECT c FROM sbtest3 WHERE id=8916342
	Index Scan using sbtest3_pkey on sbtest3  (cost=0.43..8.45 rows=1 width=121)
	  Index Cond: (id = 8916342)

table 4 : explain SELECT c FROM sbtest4 WHERE id=2306933
	Index Scan using sbtest4_pkey on sbtest4  (cost=0.43..8.45 rows=1 width=121)
	  Index Cond: (id = 2306933)

table 5 : explain SELECT c FROM sbtest5 WHERE id=6642771
	Index Scan using sbtest5_pkey on sbtest5  (cost=0.43..8.45 rows=1 width=121)
	  Index Cond: (id = 6642771)

table 6 : explain SELECT c FROM sbtest6 WHERE id=5942662
	Index Scan using sbtest6_pkey on sbtest6  (cost=0.43..8.45 rows=1 width=121)
	  Index Cond: (id = 5942662)

table 7 : explain SELECT c FROM sbtest7 WHERE id=3985739
	Index Scan using sbtest7_pkey on sbtest7  (cost=0.43..8.45 rows=1 width=121)
	  Index Cond: (id = 3985739)

table 8 : explain SELECT c FROM sbtest8 WHERE id=7455851
	Index Scan using sbtest8_pkey on sbtest8  (cost=0.43..8.45 rows=1 width=121)
	  Index Cond: (id = 7455851)

for point_selects
table 1 : explain SELECT c FROM sbtest1 WHERE id=1895546
	Index Scan using sbtest1_pkey on sbtest1  (cost=0.43..8.45 rows=1 width=121)
	  Index Cond: (id = 1895546)

table 2 : explain SELECT c FROM sbtest2 WHERE id=27722
	Index Scan using sbtest2_pkey on sbtest2  (cost=0.43..8.45 rows=1 width=121)
	  Index Cond: (id = 27722)

table 3 : explain SELECT c FROM sbtest3 WHERE id=731874
	Index Scan using sbtest3_pkey on sbtest3  (cost=0.43..8.45 rows=1 width=121)
	  Index Cond: (id = 731874)

table 4 : explain SELECT c FROM sbtest4 WHERE id=334225
	Index Scan using sbtest4_pkey on sbtest4  (cost=0.43..8.45 rows=1 width=121)
	  Index Cond: (id = 334225)

table 5 : explain SELECT c FROM sbtest5 WHERE id=8226855
	Index Scan using sbtest5_pkey on sbtest5  (cost=0.43..8.45 rows=1 width=121)
	  Index Cond: (id = 8226855)

table 6 : explain SELECT c FROM sbtest6 WHERE id=1104148
	Index Scan using sbtest6_pkey on sbtest6  (cost=0.43..8.45 rows=1 width=121)
	  Index Cond: (id = 1104148)

table 7 : explain SELECT c FROM sbtest7 WHERE id=9295031
	Index Scan using sbtest7_pkey on sbtest7  (cost=0.43..8.45 rows=1 width=121)
	  Index Cond: (id = 9295031)

table 8 : explain SELECT c FROM sbtest8 WHERE id=1711021
	Index Scan using sbtest8_pkey on sbtest8  (cost=0.43..8.45 rows=1 width=121)
	  Index Cond: (id = 1711021)

for point_selects
table 1 : explain SELECT c FROM sbtest1 WHERE id=52907
	Index Scan using sbtest1_pkey on sbtest1  (cost=0.43..8.45 rows=1 width=121)
	  Index Cond: (id = 52907)

table 2 : explain SELECT c FROM sbtest2 WHERE id=9398227
	Index Scan using sbtest2_pkey on sbtest2  (cost=0.43..8.45 rows=1 width=121)
	  Index Cond: (id = 9398227)

table 3 : explain SELECT c FROM sbtest3 WHERE id=8694654
	Index Scan using sbtest3_pkey on sbtest3  (cost=0.43..8.45 rows=1 width=121)
	  Index Cond: (id = 8694654)

table 4 : explain SELECT c FROM sbtest4 WHERE id=7084496
	Index Scan using sbtest4_pkey on sbtest4  (cost=0.43..8.45 rows=1 width=121)
	  Index Cond: (id = 7084496)

table 5 : explain SELECT c FROM sbtest5 WHERE id=9595636
	Index Scan using sbtest5_pkey on sbtest5  (cost=0.43..8.45 rows=1 width=121)
	  Index Cond: (id = 9595636)

table 6 : explain SELECT c FROM sbtest6 WHERE id=760259
	Index Scan using sbtest6_pkey on sbtest6  (cost=0.43..8.45 rows=1 width=121)
	  Index Cond: (id = 760259)

table 7 : explain SELECT c FROM sbtest7 WHERE id=8071408
	Index Scan using sbtest7_pkey on sbtest7  (cost=0.43..8.45 rows=1 width=121)
	  Index Cond: (id = 8071408)

table 8 : explain SELECT c FROM sbtest8 WHERE id=5830168
	Index Scan using sbtest8_pkey on sbtest8  (cost=0.43..8.45 rows=1 width=121)
	  Index Cond: (id = 5830168)

explain: for point_selects :: explain SELECT c FROM sbtest%u WHERE id=%u
explain: for point_selects :: explain SELECT c FROM sbtest%u WHERE id=%u
for point_selects
table 1 : explain SELECT c FROM sbtest1 WHERE id=5392999
	Index Scan using sbtest1_pkey on sbtest1  (cost=0.43..8.45 rows=1 width=121)
	  Index Cond: (id = 5392999)

table 2 : explain SELECT c FROM sbtest2 WHERE id=9285257
	Index Scan using sbtest2_pkey on sbtest2  (cost=0.43..8.45 rows=1 width=121)
	  Index Cond: (id = 9285257)

table 3 : explain SELECT c FROM sbtest3 WHERE id=5456344
	Index Scan using sbtest3_pkey on sbtest3  (cost=0.43..8.45 rows=1 width=121)
	  Index Cond: (id = 5456344)

table 4 : explain SELECT c FROM sbtest4 WHERE id=5828718
	Index Scan using sbtest4_pkey on sbtest4  (cost=0.43..8.45 rows=1 width=121)
	  Index Cond: (id = 5828718)

table 5 : explain SELECT c FROM sbtest5 WHERE id=2644895
	Index Scan using sbtest5_pkey on sbtest5  (cost=0.43..8.45 rows=1 width=121)
	  Index Cond: (id = 2644895)

table 6 : explain SELECT c FROM sbtest6 WHERE id=2962945
	Index Scan using sbtest6_pkey on sbtest6  (cost=0.43..8.45 rows=1 width=121)
	  Index Cond: (id = 2962945)

table 7 : explain SELECT c FROM sbtest7 WHERE id=3437724
	Index Scan using sbtest7_pkey on sbtest7  (cost=0.43..8.45 rows=1 width=121)
	  Index Cond: (id = 3437724)

table 8 : explain SELECT c FROM sbtest8 WHERE id=9161911
	Index Scan using sbtest8_pkey on sbtest8  (cost=0.43..8.45 rows=1 width=121)
	  Index Cond: (id = 9161911)

for point_selects
table 1 : explain SELECT c FROM sbtest1 WHERE id=7757324
	Index Scan using sbtest1_pkey on sbtest1  (cost=0.43..8.45 rows=1 width=121)
	  Index Cond: (id = 7757324)

table 2 : explain SELECT c FROM sbtest2 WHERE id=4137879
	Index Scan using sbtest2_pkey on sbtest2  (cost=0.43..8.45 rows=1 width=121)
	  Index Cond: (id = 4137879)

table 3 : explain SELECT c FROM sbtest3 WHERE id=9123202
	Index Scan using sbtest3_pkey on sbtest3  (cost=0.43..8.45 rows=1 width=121)
	  Index Cond: (id = 9123202)

table 4 : explain SELECT c FROM sbtest4 WHERE id=7986076
	Index Scan using sbtest4_pkey on sbtest4  (cost=0.43..8.45 rows=1 width=121)
	  Index Cond: (id = 7986076)

table 5 : explain SELECT c FROM sbtest5 WHERE id=9432991
	Index Scan using sbtest5_pkey on sbtest5  (cost=0.43..8.45 rows=1 width=121)
	  Index Cond: (id = 9432991)

table 6 : explain SELECT c FROM sbtest6 WHERE id=7389906
	Index Scan using sbtest6_pkey on sbtest6  (cost=0.43..8.45 rows=1 width=121)
	  Index Cond: (id = 7389906)

table 7 : explain SELECT c FROM sbtest7 WHERE id=6622370
	Index Scan using sbtest7_pkey on sbtest7  (cost=0.43..8.45 rows=1 width=121)
	  Index Cond: (id = 6622370)

table 8 : explain SELECT c FROM sbtest8 WHERE id=6124421
	Index Scan using sbtest8_pkey on sbtest8  (cost=0.43..8.45 rows=1 width=121)
	  Index Cond: (id = 6124421)

for: simple_ranges
table 1 : explain SELECT c FROM sbtest1 WHERE id BETWEEN 297452 AND 297551
	Index Scan using sbtest1_pkey on sbtest1  (cost=0.43..369.15 rows=94 width=121)
	  Index Cond: ((id >= 297452) AND (id <= 297551))

table 2 : explain SELECT c FROM sbtest2 WHERE id BETWEEN 7790124 AND 7790223
	Index Scan using sbtest2_pkey on sbtest2  (cost=0.43..416.64 rows=106 width=121)
	  Index Cond: ((id >= 7790124) AND (id <= 7790223))

table 3 : explain SELECT c FROM sbtest3 WHERE id BETWEEN 1277314 AND 1277413
	Index Scan using sbtest3_pkey on sbtest3  (cost=0.43..399.37 rows=102 width=121)
	  Index Cond: ((id >= 1277314) AND (id <= 1277413))

table 4 : explain SELECT c FROM sbtest4 WHERE id BETWEEN 7138212 AND 7138311
	Index Scan using sbtest4_pkey on sbtest4  (cost=0.43..412.40 rows=105 width=121)
	  Index Cond: ((id >= 7138212) AND (id <= 7138311))

table 5 : explain SELECT c FROM sbtest5 WHERE id BETWEEN 6557986 AND 6558085
	Index Scan using sbtest5_pkey on sbtest5  (cost=0.43..376.29 rows=96 width=121)
	  Index Cond: ((id >= 6557986) AND (id <= 6558085))

table 6 : explain SELECT c FROM sbtest6 WHERE id BETWEEN 5856500 AND 5856599
	Index Scan using sbtest6_pkey on sbtest6  (cost=0.43..407.67 rows=104 width=121)
	  Index Cond: ((id >= 5856500) AND (id <= 5856599))

table 7 : explain SELECT c FROM sbtest7 WHERE id BETWEEN 6295731 AND 6295830
	Index Scan using sbtest7_pkey on sbtest7  (cost=0.43..386.59 rows=99 width=121)
	  Index Cond: ((id >= 6295731) AND (id <= 6295830))

table 8 : explain SELECT c FROM sbtest8 WHERE id BETWEEN 3789043 AND 3789142
	Index Scan using sbtest8_pkey on sbtest8  (cost=0.43..402.47 rows=103 width=121)
	  Index Cond: ((id >= 3789043) AND (id <= 3789142))

for: simple_ranges
table 1 : explain SELECT c FROM sbtest1 WHERE id BETWEEN 5956801 AND 5956900
	Index Scan using sbtest1_pkey on sbtest1  (cost=0.43..404.09 rows=103 width=121)
	  Index Cond: ((id >= 5956801) AND (id <= 5956900))

table 2 : explain SELECT c FROM sbtest2 WHERE id BETWEEN 6374851 AND 6374950
	Index Scan using sbtest2_pkey on sbtest2  (cost=0.43..432.19 rows=110 width=121)
	  Index Cond: ((id >= 6374851) AND (id <= 6374950))

table 3 : explain SELECT c FROM sbtest3 WHERE id BETWEEN 5311820 AND 5311919
	Index Scan using sbtest3_pkey on sbtest3  (cost=0.43..399.37 rows=102 width=121)
	  Index Cond: ((id >= 5311820) AND (id <= 5311919))

table 4 : explain SELECT c FROM sbtest4 WHERE id BETWEEN 48394 AND 48493
	Index Scan using sbtest4_pkey on sbtest4  (cost=0.43..381.31 rows=97 width=121)
	  Index Cond: ((id >= 48394) AND (id <= 48493))

table 5 : explain SELECT c FROM sbtest5 WHERE id BETWEEN 5333372 AND 5333471
	Index Scan using sbtest5_pkey on sbtest5  (cost=0.43..380.16 rows=97 width=121)
	  Index Cond: ((id >= 5333372) AND (id <= 5333471))

table 6 : explain SELECT c FROM sbtest6 WHERE id BETWEEN 6342592 AND 6342691
	Index Scan using sbtest6_pkey on sbtest6  (cost=0.43..376.63 rows=96 width=121)
	  Index Cond: ((id >= 6342592) AND (id <= 6342691))

table 7 : explain SELECT c FROM sbtest7 WHERE id BETWEEN 1087888 AND 1087987
	Index Scan using sbtest7_pkey on sbtest7  (cost=0.43..351.84 rows=90 width=121)
	  Index Cond: ((id >= 1087888) AND (id <= 1087987))

table 8 : explain SELECT c FROM sbtest8 WHERE id BETWEEN 2330614 AND 2330713
	Index Scan using sbtest8_pkey on sbtest8  (cost=0.43..379.26 rows=97 width=121)
	  Index Cond: ((id >= 2330614) AND (id <= 2330713))

for: simple_ranges
table 1 : explain SELECT c FROM sbtest1 WHERE id BETWEEN 5456270 AND 5456369
	Index Scan using sbtest1_pkey on sbtest1  (cost=0.43..361.40 rows=92 width=121)
	  Index Cond: ((id >= 5456270) AND (id <= 5456369))

table 2 : explain SELECT c FROM sbtest2 WHERE id BETWEEN 4943245 AND 4943344
	Index Scan using sbtest2_pkey on sbtest2  (cost=0.43..416.64 rows=106 width=121)
	  Index Cond: ((id >= 4943245) AND (id <= 4943344))

table 3 : explain SELECT c FROM sbtest3 WHERE id BETWEEN 6820046 AND 6820145
	Index Scan using sbtest3_pkey on sbtest3  (cost=0.43..387.73 rows=99 width=121)
	  Index Cond: ((id >= 6820046) AND (id <= 6820145))

table 4 : explain SELECT c FROM sbtest4 WHERE id BETWEEN 3716800 AND 3716899
	Index Scan using sbtest4_pkey on sbtest4  (cost=0.43..400.76 rows=102 width=121)
	  Index Cond: ((id >= 3716800) AND (id <= 3716899))

table 5 : explain SELECT c FROM sbtest5 WHERE id BETWEEN 9022064 AND 9022163
	Index Scan using sbtest5_pkey on sbtest5  (cost=0.43..364.68 rows=93 width=121)
	  Index Cond: ((id >= 9022064) AND (id <= 9022163))

table 6 : explain SELECT c FROM sbtest6 WHERE id BETWEEN 8661885 AND 8661984
	Index Scan using sbtest6_pkey on sbtest6  (cost=0.43..430.91 rows=110 width=121)
	  Index Cond: ((id >= 8661885) AND (id <= 8661984))

table 7 : explain SELECT c FROM sbtest7 WHERE id BETWEEN 2351995 AND 2352094
	Index Scan using sbtest7_pkey on sbtest7  (cost=0.43..367.27 rows=94 width=121)
	  Index Cond: ((id >= 2351995) AND (id <= 2352094))

table 8 : explain SELECT c FROM sbtest8 WHERE id BETWEEN 7371143 AND 7371242
	Index Scan using sbtest8_pkey on sbtest8  (cost=0.43..390.89 rows=100 width=121)
	  Index Cond: ((id >= 7371143) AND (id <= 7371242))

for: simple_ranges
table 1 : explain SELECT c FROM sbtest1 WHERE id BETWEEN 4070868 AND 4070967
	Index Scan using sbtest1_pkey on sbtest1  (cost=0.43..427.35 rows=109 width=121)
	  Index Cond: ((id >= 4070868) AND (id <= 4070967))

table 2 : explain SELECT c FROM sbtest2 WHERE id BETWEEN 44857 AND 44956
	Index Scan using sbtest2_pkey on sbtest2  (cost=0.43..404.98 rows=103 width=121)
	  Index Cond: ((id >= 44857) AND (id <= 44956))

table 3 : explain SELECT c FROM sbtest3 WHERE id BETWEEN 8319861 AND 8319960
	Index Scan using sbtest3_pkey on sbtest3  (cost=0.43..341.29 rows=87 width=121)
	  Index Cond: ((id >= 8319861) AND (id <= 8319960))

table 4 : explain SELECT c FROM sbtest4 WHERE id BETWEEN 9314817 AND 9314916
	Index Scan using sbtest4_pkey on sbtest4  (cost=0.43..420.17 rows=107 width=121)
	  Index Cond: ((id >= 9314817) AND (id <= 9314916))

table 5 : explain SELECT c FROM sbtest5 WHERE id BETWEEN 2215674 AND 2215773
	Index Scan using sbtest5_pkey on sbtest5  (cost=0.43..399.56 rows=102 width=121)
	  Index Cond: ((id >= 2215674) AND (id <= 2215773))

table 6 : explain SELECT c FROM sbtest6 WHERE id BETWEEN 3162537 AND 3162636
	Index Scan using sbtest6_pkey on sbtest6  (cost=0.43..392.17 rows=100 width=121)
	  Index Cond: ((id >= 3162537) AND (id <= 3162636))

table 7 : explain SELECT c FROM sbtest7 WHERE id BETWEEN 8280212 AND 8280311
	Index Scan using sbtest7_pkey on sbtest7  (cost=0.43..386.59 rows=99 width=121)
	  Index Cond: ((id >= 8280212) AND (id <= 8280311))

table 8 : explain SELECT c FROM sbtest8 WHERE id BETWEEN 7053225 AND 7053324
	Index Scan using sbtest8_pkey on sbtest8  (cost=0.43..383.16 rows=98 width=121)
	  Index Cond: ((id >= 7053225) AND (id <= 7053324))

for: simple_ranges
table 1 : explain SELECT c FROM sbtest1 WHERE id BETWEEN 928305 AND 928404
	Index Scan using sbtest1_pkey on sbtest1  (cost=0.43..338.13 rows=86 width=121)
	  Index Cond: ((id >= 928305) AND (id <= 928404))

table 2 : explain SELECT c FROM sbtest2 WHERE id BETWEEN 5520118 AND 5520217
	Index Scan using sbtest2_pkey on sbtest2  (cost=0.43..451.62 rows=115 width=121)
	  Index Cond: ((id >= 5520118) AND (id <= 5520217))

table 3 : explain SELECT c FROM sbtest3 WHERE id BETWEEN 367972 AND 368071
	Index Scan using sbtest3_pkey on sbtest3  (cost=0.43..430.33 rows=110 width=121)
	  Index Cond: ((id >= 367972) AND (id <= 368071))

table 4 : explain SELECT c FROM sbtest4 WHERE id BETWEEN 9745433 AND 9745532
	Index Scan using sbtest4_pkey on sbtest4  (cost=0.43..404.64 rows=103 width=121)
	  Index Cond: ((id >= 9745433) AND (id <= 9745532))

table 5 : explain SELECT c FROM sbtest5 WHERE id BETWEEN 5946555 AND 5946654
	Index Scan using sbtest5_pkey on sbtest5  (cost=0.43..411.17 rows=105 width=121)
	  Index Cond: ((id >= 5946555) AND (id <= 5946654))

table 6 : explain SELECT c FROM sbtest6 WHERE id BETWEEN 8437097 AND 8437196
	Index Scan using sbtest6_pkey on sbtest6  (cost=0.43..380.51 rows=97 width=121)
	  Index Cond: ((id >= 8437097) AND (id <= 8437196))

table 7 : explain SELECT c FROM sbtest7 WHERE id BETWEEN 950892 AND 950991
	Index Scan using sbtest7_pkey on sbtest7  (cost=0.43..374.98 rows=96 width=121)
	  Index Cond: ((id >= 950892) AND (id <= 950991))

table 8 : explain SELECT c FROM sbtest8 WHERE id BETWEEN 2477436 AND 2477535
	Index Scan using sbtest8_pkey on sbtest8  (cost=0.43..340.64 rows=87 width=121)
	  Index Cond: ((id >= 2477436) AND (id <= 2477535))

for point_selects
table 1 : explain SELECT c FROM sbtest1 WHERE id=5498760
	Index Scan using sbtest1_pkey on sbtest1  (cost=0.43..8.45 rows=1 width=121)
	  Index Cond: (id = 5498760)

table 2 : explain SELECT c FROM sbtest2 WHERE id=7289780
	Index Scan using sbtest2_pkey on sbtest2  (cost=0.43..8.45 rows=1 width=121)
	  Index Cond: (id = 7289780)

table 3 : explain SELECT c FROM sbtest3 WHERE id=9709507
	Index Scan using sbtest3_pkey on sbtest3  (cost=0.43..8.45 rows=1 width=121)
	  Index Cond: (id = 9709507)

table 4 : explain SELECT c FROM sbtest4 WHERE id=6099342
	Index Scan using sbtest4_pkey on sbtest4  (cost=0.43..8.45 rows=1 width=121)
	  Index Cond: (id = 6099342)

table 5 : explain SELECT c FROM sbtest5 WHERE id=8440748
	Index Scan using sbtest5_pkey on sbtest5  (cost=0.43..8.45 rows=1 width=121)
	  Index Cond: (id = 8440748)

table 6 : explain SELECT c FROM sbtest6 WHERE id=4558957
	Index Scan using sbtest6_pkey on sbtest6  (cost=0.43..8.45 rows=1 width=121)
	  Index Cond: (id = 4558957)

table 7 : explain SELECT c FROM sbtest7 WHERE id=4514551
	Index Scan using sbtest7_pkey on sbtest7  (cost=0.43..8.45 rows=1 width=121)
	  Index Cond: (id = 4514551)

table 8 : explain SELECT c FROM sbtest8 WHERE id=9957438
	Index Scan using sbtest8_pkey on sbtest8  (cost=0.43..8.45 rows=1 width=121)
	  Index Cond: (id = 9957438)

for: sum_ranges
table 1 : explain SELECT SUM(k) FROM sbtest1 WHERE id BETWEEN 7205135 AND 7205234
	Aggregate  (cost=377.15..377.16 rows=1 width=8)
	  ->  Index Scan using sbtest1_pkey on sbtest1  (cost=0.43..376.91 rows=96 width=4)
	        Index Cond: ((id >= 7205135) AND (id <= 7205234))

table 2 : explain SELECT SUM(k) FROM sbtest2 WHERE id BETWEEN 539805 AND 539904
	Aggregate  (cost=436.35..436.36 rows=1 width=8)
	  ->  Index Scan using sbtest2_pkey on sbtest2  (cost=0.43..436.07 rows=111 width=4)
	        Index Cond: ((id >= 539805) AND (id <= 539904))

table 3 : explain SELECT SUM(k) FROM sbtest3 WHERE id BETWEEN 76688 AND 76787
	Aggregate  (cost=407.37..407.38 rows=1 width=8)
	  ->  Index Scan using sbtest3_pkey on sbtest3  (cost=0.43..407.11 rows=104 width=4)
	        Index Cond: ((id >= 76688) AND (id <= 76787))

table 4 : explain SELECT SUM(k) FROM sbtest4 WHERE id BETWEEN 5491092 AND 5491191
	Aggregate  (cost=369.89..369.90 rows=1 width=8)
	  ->  Index Scan using sbtest4_pkey on sbtest4  (cost=0.43..369.66 rows=94 width=4)
	        Index Cond: ((id >= 5491092) AND (id <= 5491191))

table 5 : explain SELECT SUM(k) FROM sbtest5 WHERE id BETWEEN 7991522 AND 7991621
	Aggregate  (cost=403.69..403.70 rows=1 width=8)
	  ->  Index Scan using sbtest5_pkey on sbtest5  (cost=0.43..403.43 rows=103 width=4)
	        Index Cond: ((id >= 7991522) AND (id <= 7991621))

table 6 : explain SELECT SUM(k) FROM sbtest6 WHERE id BETWEEN 382428 AND 382527
	Aggregate  (cost=415.68..415.69 rows=1 width=8)
	  ->  Index Scan using sbtest6_pkey on sbtest6  (cost=0.43..415.42 rows=106 width=4)
	        Index Cond: ((id >= 382428) AND (id <= 382527))

table 7 : explain SELECT SUM(k) FROM sbtest7 WHERE id BETWEEN 9338914 AND 9339013
	Aggregate  (cost=406.14..406.15 rows=1 width=8)
	  ->  Index Scan using sbtest7_pkey on sbtest7  (cost=0.43..405.88 rows=104 width=4)
	        Index Cond: ((id >= 9338914) AND (id <= 9339013))

table 8 : explain SELECT SUM(k) FROM sbtest8 WHERE id BETWEEN 638037 AND 638136
	Aggregate  (cost=375.64..375.65 rows=1 width=8)
	  ->  Index Scan using sbtest8_pkey on sbtest8  (cost=0.43..375.40 rows=96 width=4)
	        Index Cond: ((id >= 638037) AND (id <= 638136))

explain: for point_selects :: explain SELECT c FROM sbtest%u WHERE id=%u
explain: for point_selects :: explain SELECT c FROM sbtest%u WHERE id=%u
for point_selects
table 1 : explain SELECT c FROM sbtest1 WHERE id=8890071
	Index Scan using sbtest1_pkey on sbtest1  (cost=0.43..8.45 rows=1 width=121)
	  Index Cond: (id = 8890071)

table 2 : explain SELECT c FROM sbtest2 WHERE id=8260241
	Index Scan using sbtest2_pkey on sbtest2  (cost=0.43..8.45 rows=1 width=121)
	  Index Cond: (id = 8260241)

table 3 : explain SELECT c FROM sbtest3 WHERE id=1066637
	Index Scan using sbtest3_pkey on sbtest3  (cost=0.43..8.45 rows=1 width=121)
	  Index Cond: (id = 1066637)

table 4 : explain SELECT c FROM sbtest4 WHERE id=7123828
	Index Scan using sbtest4_pkey on sbtest4  (cost=0.43..8.45 rows=1 width=121)
	  Index Cond: (id = 7123828)

table 5 : explain SELECT c FROM sbtest5 WHERE id=8678923
	Index Scan using sbtest5_pkey on sbtest5  (cost=0.43..8.45 rows=1 width=121)
	  Index Cond: (id = 8678923)

table 6 : explain SELECT c FROM sbtest6 WHERE id=7595215
	Index Scan using sbtest6_pkey on sbtest6  (cost=0.43..8.45 rows=1 width=121)
	  Index Cond: (id = 7595215)

table 7 : explain SELECT c FROM sbtest7 WHERE id=6732738
	Index Scan using sbtest7_pkey on sbtest7  (cost=0.43..8.45 rows=1 width=121)
	  Index Cond: (id = 6732738)

table 8 : explain SELECT c FROM sbtest8 WHERE id=5416269
	Index Scan using sbtest8_pkey on sbtest8  (cost=0.43..8.45 rows=1 width=121)
	  Index Cond: (id = 5416269)

for: sum_ranges
table 1 : explain SELECT SUM(k) FROM sbtest1 WHERE id BETWEEN 4176109 AND 4176208
	Aggregate  (cost=392.67..392.68 rows=1 width=8)
	  ->  Index Scan using sbtest1_pkey on sbtest1  (cost=0.43..392.42 rows=100 width=4)
	        Index Cond: ((id >= 4176109) AND (id <= 4176208))

table 2 : explain SELECT SUM(k) FROM sbtest2 WHERE id BETWEEN 6290975 AND 6291074
	Aggregate  (cost=432.46..432.47 rows=1 width=8)
	  ->  Index Scan using sbtest2_pkey on sbtest2  (cost=0.43..432.19 rows=110 width=4)
	        Index Cond: ((id >= 6290975) AND (id <= 6291074))

table 3 : explain SELECT SUM(k) FROM sbtest3 WHERE id BETWEEN 7936402 AND 7936501
	Aggregate  (cost=391.88..391.89 rows=1 width=8)
	  ->  Index Scan using sbtest3_pkey on sbtest3  (cost=0.43..391.63 rows=100 width=4)
	        Index Cond: ((id >= 7936402) AND (id <= 7936501))

table 4 : explain SELECT SUM(k) FROM sbtest4 WHERE id BETWEEN 1257079 AND 1257178
	Aggregate  (cost=377.66..377.67 rows=1 width=8)
	  ->  Index Scan using sbtest4_pkey on sbtest4  (cost=0.43..377.42 rows=96 width=4)
	        Index Cond: ((id >= 1257079) AND (id <= 1257178))

table 5 : explain SELECT SUM(k) FROM sbtest5 WHERE id BETWEEN 8413155 AND 8413254
	Aggregate  (cost=415.31..415.32 rows=1 width=8)
	  ->  Index Scan using sbtest5_pkey on sbtest5  (cost=0.43..415.04 rows=106 width=4)
	        Index Cond: ((id >= 8413155) AND (id <= 8413254))

table 6 : explain SELECT SUM(k) FROM sbtest6 WHERE id BETWEEN 9065116 AND 9065215
	Aggregate  (cost=388.54..388.55 rows=1 width=8)
	  ->  Index Scan using sbtest6_pkey on sbtest6  (cost=0.43..388.29 rows=99 width=4)
	        Index Cond: ((id >= 9065116) AND (id <= 9065215))

table 7 : explain SELECT SUM(k) FROM sbtest7 WHERE id BETWEEN 3041607 AND 3041706
	Aggregate  (cost=410.00..410.01 rows=1 width=8)
	  ->  Index Scan using sbtest7_pkey on sbtest7  (cost=0.43..409.74 rows=105 width=4)
	        Index Cond: ((id >= 3041607) AND (id <= 3041706))

table 8 : explain SELECT SUM(k) FROM sbtest8 WHERE id BETWEEN 2466700 AND 2466799
	Aggregate  (cost=340.86..340.87 rows=1 width=8)
	  ->  Index Scan using sbtest8_pkey on sbtest8  (cost=0.43..340.64 rows=87 width=4)
	        Index Cond: ((id >= 2466700) AND (id <= 2466799))

for: sum_ranges
table 1 : explain SELECT SUM(k) FROM sbtest1 WHERE id BETWEEN 6262474 AND 6262573
	Aggregate  (cost=388.79..388.80 rows=1 width=8)
	  ->  Index Scan using sbtest1_pkey on sbtest1  (cost=0.43..388.54 rows=99 width=4)
	        Index Cond: ((id >= 6262474) AND (id <= 6262573))

table 2 : explain SELECT SUM(k) FROM sbtest2 WHERE id BETWEEN 1208291 AND 1208390
	Aggregate  (cost=448.02..448.03 rows=1 width=8)
	  ->  Index Scan using sbtest2_pkey on sbtest2  (cost=0.43..447.73 rows=114 width=4)
	        Index Cond: ((id >= 1208291) AND (id <= 1208390))

table 3 : explain SELECT SUM(k) FROM sbtest3 WHERE id BETWEEN 3805597 AND 3805696
	Aggregate  (cost=380.23..380.24 rows=1 width=8)
	  ->  Index Scan using sbtest3_pkey on sbtest3  (cost=0.43..379.99 rows=97 width=4)
	        Index Cond: ((id >= 3805597) AND (id <= 3805696))

table 4 : explain SELECT SUM(k) FROM sbtest4 WHERE id BETWEEN 2874425 AND 2874524
	Aggregate  (cost=401.01..401.02 rows=1 width=8)
	  ->  Index Scan using sbtest4_pkey on sbtest4  (cost=0.43..400.76 rows=102 width=4)
	        Index Cond: ((id >= 2874425) AND (id <= 2874524))

table 5 : explain SELECT SUM(k) FROM sbtest5 WHERE id BETWEEN 1001607 AND 1001706
	Aggregate  (cost=399.81..399.82 rows=1 width=8)
	  ->  Index Scan using sbtest5_pkey on sbtest5  (cost=0.43..399.56 rows=102 width=4)
	        Index Cond: ((id >= 1001607) AND (id <= 1001706))

table 6 : explain SELECT SUM(k) FROM sbtest6 WHERE id BETWEEN 8594709 AND 8594808
	Aggregate  (cost=415.68..415.69 rows=1 width=8)
	  ->  Index Scan using sbtest6_pkey on sbtest6  (cost=0.43..415.42 rows=106 width=4)
	        Index Cond: ((id >= 8594709) AND (id <= 8594808))

table 7 : explain SELECT SUM(k) FROM sbtest7 WHERE id BETWEEN 7692627 AND 7692726
	Aggregate  (cost=398.42..398.43 rows=1 width=8)
	  ->  Index Scan using sbtest7_pkey on sbtest7  (cost=0.43..398.16 rows=102 width=4)
	        Index Cond: ((id >= 7692627) AND (id <= 7692726))

table 8 : explain SELECT SUM(k) FROM sbtest8 WHERE id BETWEEN 6824586 AND 6824685
	Aggregate  (cost=398.86..398.87 rows=1 width=8)
	  ->  Index Scan using sbtest8_pkey on sbtest8  (cost=0.43..398.61 rows=102 width=4)
	        Index Cond: ((id >= 6824586) AND (id <= 6824685))

explain: for point_selects :: explain SELECT c FROM sbtest%u WHERE id=%u
for: sum_ranges
table 1 : explain SELECT SUM(k) FROM sbtest1 WHERE id BETWEEN 8518284 AND 8518383
	Aggregate  (cost=412.10..412.11 rows=1 width=8)
	  ->  Index Scan using sbtest1_pkey on sbtest1  (cost=0.43..411.84 rows=105 width=4)
	        Index Cond: ((id >= 8518284) AND (id <= 8518383))

table 2 : explain SELECT SUM(k) FROM sbtest2 WHERE id BETWEEN 3284522 AND 3284621
	Aggregate  (cost=405.24..405.25 rows=1 width=8)
	  ->  Index Scan using sbtest2_pkey on sbtest2  (cost=0.43..404.98 rows=103 width=4)
	        Index Cond: ((id >= 3284522) AND (id <= 3284621))

table 3 : explain SELECT SUM(k) FROM sbtest3 WHERE id BETWEEN 4896085 AND 4896184
	Aggregate  (cost=372.49..372.50 rows=1 width=8)
	  ->  Index Scan using sbtest3_pkey on sbtest3  (cost=0.43..372.25 rows=95 width=4)
	        Index Cond: ((id >= 4896085) AND (id <= 4896184))

table 4 : explain SELECT SUM(k) FROM sbtest4 WHERE id BETWEEN 8616970 AND 8617069
	Aggregate  (cost=369.89..369.90 rows=1 width=8)
	  ->  Index Scan using sbtest4_pkey on sbtest4  (cost=0.43..369.66 rows=94 width=4)
	        Index Cond: ((id >= 8616970) AND (id <= 8617069))

table 5 : explain SELECT SUM(k) FROM sbtest5 WHERE id BETWEEN 4031256 AND 4031355
	Aggregate  (cost=384.28..384.29 rows=1 width=8)
	  ->  Index Scan using sbtest5_pkey on sbtest5  (cost=0.43..384.04 rows=98 width=4)
	        Index Cond: ((id >= 4031256) AND (id <= 4031355))

table 6 : explain SELECT SUM(k) FROM sbtest6 WHERE id BETWEEN 98527 AND 98626
	Aggregate  (cost=369.12..369.13 rows=1 width=8)
	  ->  Index Scan using sbtest6_pkey on sbtest6  (cost=0.43..368.88 rows=94 width=4)
	        Index Cond: ((id >= 98527) AND (id <= 98626))

table 7 : explain SELECT SUM(k) FROM sbtest7 WHERE id BETWEEN 2791410 AND 2791509
	Aggregate  (cost=413.86..413.87 rows=1 width=8)
	  ->  Index Scan using sbtest7_pkey on sbtest7  (cost=0.43..413.59 rows=106 width=4)
	        Index Cond: ((id >= 2791410) AND (id <= 2791509))

table 8 : explain SELECT SUM(k) FROM sbtest8 WHERE id BETWEEN 649294 AND 649393
	Aggregate  (cost=375.64..375.65 rows=1 width=8)
	  ->  Index Scan using sbtest8_pkey on sbtest8  (cost=0.43..375.40 rows=96 width=4)
	        Index Cond: ((id >= 649294) AND (id <= 649393))

for: simple_ranges
table 1 : explain SELECT c FROM sbtest1 WHERE id BETWEEN 8204717 AND 8204816
	Index Scan using sbtest1_pkey on sbtest1  (cost=0.43..442.86 rows=113 width=121)
	  Index Cond: ((id >= 8204717) AND (id <= 8204816))

table 2 : explain SELECT c FROM sbtest2 WHERE id BETWEEN 7091971 AND 7092070
	Index Scan using sbtest2_pkey on sbtest2  (cost=0.43..385.51 rows=98 width=121)
	  Index Cond: ((id >= 7091971) AND (id <= 7092070))

table 3 : explain SELECT c FROM sbtest3 WHERE id BETWEEN 3445458 AND 3445557
	Index Scan using sbtest3_pkey on sbtest3  (cost=0.43..383.86 rows=98 width=121)
	  Index Cond: ((id >= 3445458) AND (id <= 3445557))

table 4 : explain SELECT c FROM sbtest4 WHERE id BETWEEN 8170228 AND 8170327
	Index Scan using sbtest4_pkey on sbtest4  (cost=0.43..396.87 rows=101 width=121)
	  Index Cond: ((id >= 8170228) AND (id <= 8170327))

table 5 : explain SELECT c FROM sbtest5 WHERE id BETWEEN 6240155 AND 6240254
	Index Scan using sbtest5_pkey on sbtest5  (cost=0.43..387.94 rows=99 width=121)
	  Index Cond: ((id >= 6240155) AND (id <= 6240254))

table 6 : explain SELECT c FROM sbtest6 WHERE id BETWEEN 5569656 AND 5569755
	Index Scan using sbtest6_pkey on sbtest6  (cost=0.43..403.79 rows=103 width=121)
	  Index Cond: ((id >= 5569656) AND (id <= 5569755))

table 7 : explain SELECT c FROM sbtest7 WHERE id BETWEEN 3124689 AND 3124788
	Index Scan using sbtest7_pkey on sbtest7  (cost=0.43..409.74 rows=105 width=121)
	  Index Cond: ((id >= 3124689) AND (id <= 3124788))

table 8 : explain SELECT c FROM sbtest8 WHERE id BETWEEN 1099467 AND 1099566
	Index Scan using sbtest8_pkey on sbtest8  (cost=0.43..414.06 rows=106 width=121)
	  Index Cond: ((id >= 1099467) AND (id <= 1099566))

for: simple_ranges
table 1 : explain SELECT c FROM sbtest1 WHERE id BETWEEN 5854659 AND 5854758
	Index Scan using sbtest1_pkey on sbtest1  (cost=0.43..407.96 rows=104 width=121)
	  Index Cond: ((id >= 5854659) AND (id <= 5854758))

table 2 : explain SELECT c FROM sbtest2 WHERE id BETWEEN 3911297 AND 3911396
	Index Scan using sbtest2_pkey on sbtest2  (cost=0.43..420.53 rows=107 width=121)
	  Index Cond: ((id >= 3911297) AND (id <= 3911396))

table 3 : explain SELECT c FROM sbtest3 WHERE id BETWEEN 5623384 AND 5623483
	Index Scan using sbtest3_pkey on sbtest3  (cost=0.43..422.59 rows=108 width=121)
	  Index Cond: ((id >= 5623384) AND (id <= 5623483))

table 4 : explain SELECT c FROM sbtest4 WHERE id BETWEEN 9918562 AND 9918661
	Index Scan using sbtest4_pkey on sbtest4  (cost=0.43..358.01 rows=91 width=121)
	  Index Cond: ((id >= 9918562) AND (id <= 9918661))

table 5 : explain SELECT c FROM sbtest5 WHERE id BETWEEN 2871858 AND 2871957
	Index Scan using sbtest5_pkey on sbtest5  (cost=0.43..434.40 rows=111 width=121)
	  Index Cond: ((id >= 2871858) AND (id <= 2871957))

table 6 : explain SELECT c FROM sbtest6 WHERE id BETWEEN 6853194 AND 6853293
	Index Scan using sbtest6_pkey on sbtest6  (cost=0.43..388.29 rows=99 width=121)
	  Index Cond: ((id >= 6853194) AND (id <= 6853293))

table 7 : explain SELECT c FROM sbtest7 WHERE id BETWEEN 4722101 AND 4722200
	Index Scan using sbtest7_pkey on sbtest7  (cost=0.43..409.74 rows=105 width=121)
	  Index Cond: ((id >= 4722101) AND (id <= 4722200))

table 8 : explain SELECT c FROM sbtest8 WHERE id BETWEEN 2514279 AND 2514378
	Index Scan using sbtest8_pkey on sbtest8  (cost=0.43..340.64 rows=87 width=121)
	  Index Cond: ((id >= 2514279) AND (id <= 2514378))

explain: for point_selects :: explain SELECT c FROM sbtest%u WHERE id=%u
for: sum_ranges
table 1 : explain SELECT SUM(k) FROM sbtest1 WHERE id BETWEEN 198848 AND 198947
	Aggregate  (cost=369.39..369.40 rows=1 width=8)
	  ->  Index Scan using sbtest1_pkey on sbtest1  (cost=0.43..369.15 rows=94 width=4)
	        Index Cond: ((id >= 198848) AND (id <= 198947))

table 2 : explain SELECT SUM(k) FROM sbtest2 WHERE id BETWEEN 414707 AND 414806
	Aggregate  (cost=366.31..366.32 rows=1 width=8)
	  ->  Index Scan using sbtest2_pkey on sbtest2  (cost=0.43..366.08 rows=93 width=4)
	        Index Cond: ((id >= 414707) AND (id <= 414806))

table 3 : explain SELECT SUM(k) FROM sbtest3 WHERE id BETWEEN 5644033 AND 5644132
	Aggregate  (cost=422.86..422.87 rows=1 width=8)
	  ->  Index Scan using sbtest3_pkey on sbtest3  (cost=0.43..422.59 rows=108 width=4)
	        Index Cond: ((id >= 5644033) AND (id <= 5644132))

table 4 : explain SELECT SUM(k) FROM sbtest4 WHERE id BETWEEN 5610413 AND 5610512
	Aggregate  (cost=412.67..412.68 rows=1 width=8)
	  ->  Index Scan using sbtest4_pkey on sbtest4  (cost=0.43..412.40 rows=105 width=4)
	        Index Cond: ((id >= 5610413) AND (id <= 5610512))

table 5 : explain SELECT SUM(k) FROM sbtest5 WHERE id BETWEEN 9304191 AND 9304290
	Aggregate  (cost=423.06..423.07 rows=1 width=8)
	  ->  Index Scan using sbtest5_pkey on sbtest5  (cost=0.43..422.79 rows=108 width=4)
	        Index Cond: ((id >= 9304191) AND (id <= 9304290))

table 6 : explain SELECT SUM(k) FROM sbtest6 WHERE id BETWEEN 2466385 AND 2466484
	Aggregate  (cost=419.56..419.57 rows=1 width=8)
	  ->  Index Scan using sbtest6_pkey on sbtest6  (cost=0.43..419.29 rows=107 width=4)
	        Index Cond: ((id >= 2466385) AND (id <= 2466484))

table 7 : explain SELECT SUM(k) FROM sbtest7 WHERE id BETWEEN 4024107 AND 4024206
	Aggregate  (cost=375.22..375.23 rows=1 width=8)
	  ->  Index Scan using sbtest7_pkey on sbtest7  (cost=0.43..374.98 rows=96 width=4)
	        Index Cond: ((id >= 4024107) AND (id <= 4024206))

table 8 : explain SELECT SUM(k) FROM sbtest8 WHERE id BETWEEN 9730367 AND 9730466
	Aggregate  (cost=379.50..379.51 rows=1 width=8)
	  ->  Index Scan using sbtest8_pkey on sbtest8  (cost=0.43..379.26 rows=97 width=4)
	        Index Cond: ((id >= 9730367) AND (id <= 9730466))

explain: for point_selects :: explain SELECT c FROM sbtest%u WHERE id=%u
for point_selects
table 1 : explain SELECT c FROM sbtest1 WHERE id=3128549
	Index Scan using sbtest1_pkey on sbtest1  (cost=0.43..8.45 rows=1 width=121)
	  Index Cond: (id = 3128549)

table 2 : explain SELECT c FROM sbtest2 WHERE id=8455223
	Index Scan using sbtest2_pkey on sbtest2  (cost=0.43..8.45 rows=1 width=121)
	  Index Cond: (id = 8455223)

table 3 : explain SELECT c FROM sbtest3 WHERE id=8563527
	Index Scan using sbtest3_pkey on sbtest3  (cost=0.43..8.45 rows=1 width=121)
	  Index Cond: (id = 8563527)

table 4 : explain SELECT c FROM sbtest4 WHERE id=2729591
	Index Scan using sbtest4_pkey on sbtest4  (cost=0.43..8.45 rows=1 width=121)
	  Index Cond: (id = 2729591)

table 5 : explain SELECT c FROM sbtest5 WHERE id=7082387
	Index Scan using sbtest5_pkey on sbtest5  (cost=0.43..8.45 rows=1 width=121)
	  Index Cond: (id = 7082387)

table 6 : explain SELECT c FROM sbtest6 WHERE id=7974643
	Index Scan using sbtest6_pkey on sbtest6  (cost=0.43..8.45 rows=1 width=121)
	  Index Cond: (id = 7974643)

table 7 : explain SELECT c FROM sbtest7 WHERE id=4759164
	Index Scan using sbtest7_pkey on sbtest7  (cost=0.43..8.45 rows=1 width=121)
	  Index Cond: (id = 4759164)

table 8 : explain SELECT c FROM sbtest8 WHERE id=6770060
	Index Scan using sbtest8_pkey on sbtest8  (cost=0.43..8.45 rows=1 width=121)
	  Index Cond: (id = 6770060)

explain: for point_selects :: explain SELECT c FROM sbtest%u WHERE id=%u
for: simple_ranges
table 1 : explain SELECT c FROM sbtest1 WHERE id BETWEEN 9419591 AND 9419690
	Index Scan using sbtest1_pkey on sbtest1  (cost=0.43..419.60 rows=107 width=121)
	  Index Cond: ((id >= 9419591) AND (id <= 9419690))

table 2 : explain SELECT c FROM sbtest2 WHERE id BETWEEN 3756809 AND 3756908
	Index Scan using sbtest2_pkey on sbtest2  (cost=0.43..377.74 rows=96 width=121)
	  Index Cond: ((id >= 3756809) AND (id <= 3756908))

table 3 : explain SELECT c FROM sbtest3 WHERE id BETWEEN 7726787 AND 7726886
	Index Scan using sbtest3_pkey on sbtest3  (cost=0.43..407.11 rows=104 width=121)
	  Index Cond: ((id >= 7726787) AND (id <= 7726886))

table 4 : explain SELECT c FROM sbtest4 WHERE id BETWEEN 4976580 AND 4976679
	Index Scan using sbtest4_pkey on sbtest4  (cost=0.43..396.87 rows=101 width=121)
	  Index Cond: ((id >= 4976580) AND (id <= 4976679))

table 5 : explain SELECT c FROM sbtest5 WHERE id BETWEEN 1099108 AND 1099207
	Index Scan using sbtest5_pkey on sbtest5  (cost=0.43..384.04 rows=98 width=121)
	  Index Cond: ((id >= 1099108) AND (id <= 1099207))

table 6 : explain SELECT c FROM sbtest6 WHERE id BETWEEN 5356315 AND 5356414
	Index Scan using sbtest6_pkey on sbtest6  (cost=0.43..384.38 rows=98 width=121)
	  Index Cond: ((id >= 5356315) AND (id <= 5356414))

table 7 : explain SELECT c FROM sbtest7 WHERE id BETWEEN 7308299 AND 7308398
	Index Scan using sbtest7_pkey on sbtest7  (cost=0.43..363.41 rows=93 width=121)
	  Index Cond: ((id >= 7308299) AND (id <= 7308398))

table 8 : explain SELECT c FROM sbtest8 WHERE id BETWEEN 5509484 AND 5509583
	Index Scan using sbtest8_pkey on sbtest8  (cost=0.43..390.89 rows=100 width=121)
	  Index Cond: ((id >= 5509484) AND (id <= 5509583))

for point_selects
table 1 : explain SELECT c FROM sbtest1 WHERE id=889397
	Index Scan using sbtest1_pkey on sbtest1  (cost=0.43..8.45 rows=1 width=121)
	  Index Cond: (id = 889397)

table 2 : explain SELECT c FROM sbtest2 WHERE id=3304083
	Index Scan using sbtest2_pkey on sbtest2  (cost=0.43..8.45 rows=1 width=121)
	  Index Cond: (id = 3304083)

table 3 : explain SELECT c FROM sbtest3 WHERE id=7126014
	Index Scan using sbtest3_pkey on sbtest3  (cost=0.43..8.45 rows=1 width=121)
	  Index Cond: (id = 7126014)

table 4 : explain SELECT c FROM sbtest4 WHERE id=7074007
	Index Scan using sbtest4_pkey on sbtest4  (cost=0.43..8.45 rows=1 width=121)
	  Index Cond: (id = 7074007)

table 5 : explain SELECT c FROM sbtest5 WHERE id=2843431
	Index Scan using sbtest5_pkey on sbtest5  (cost=0.43..8.45 rows=1 width=121)
	  Index Cond: (id = 2843431)

table 6 : explain SELECT c FROM sbtest6 WHERE id=9637033
	Index Scan using sbtest6_pkey on sbtest6  (cost=0.43..8.45 rows=1 width=121)
	  Index Cond: (id = 9637033)

table 7 : explain SELECT c FROM sbtest7 WHERE id=6966934
	Index Scan using sbtest7_pkey on sbtest7  (cost=0.43..8.45 rows=1 width=121)
	  Index Cond: (id = 6966934)

table 8 : explain SELECT c FROM sbtest8 WHERE id=7827493
	Index Scan using sbtest8_pkey on sbtest8  (cost=0.43..8.45 rows=1 width=121)
	  Index Cond: (id = 7827493)

for: order_ranges
table 1 : explain SELECT c FROM sbtest1 WHERE id BETWEEN 5350048 AND 5350147 ORDER BY c
	Sort  (cost=407.53..407.79 rows=103 width=121)
	  Sort Key: c
	  ->  Index Scan using sbtest1_pkey on sbtest1  (cost=0.43..404.09 rows=103 width=121)
	        Index Cond: ((id >= 5350048) AND (id <= 5350147))

table 2 : explain SELECT c FROM sbtest2 WHERE id BETWEEN 7781647 AND 7781746 ORDER BY c
	Sort  (cost=400.57..400.82 rows=101 width=121)
	  Sort Key: c
	  ->  Index Scan using sbtest2_pkey on sbtest2  (cost=0.43..397.21 rows=101 width=121)
	        Index Cond: ((id >= 7781647) AND (id <= 7781746))

table 3 : explain SELECT c FROM sbtest3 WHERE id BETWEEN 1931222 AND 1931321 ORDER BY c
	Sort  (cost=351.92..352.14 rows=89 width=121)
	  Sort Key: c
	  ->  Index Scan using sbtest3_pkey on sbtest3  (cost=0.43..349.03 rows=89 width=121)
	        Index Cond: ((id >= 1931222) AND (id <= 1931321))

table 4 : explain SELECT c FROM sbtest4 WHERE id BETWEEN 3480806 AND 3480905 ORDER BY c
	Sort  (cost=376.66..376.90 rows=95 width=121)
	  Sort Key: c
	  ->  Index Scan using sbtest4_pkey on sbtest4  (cost=0.43..373.54 rows=95 width=121)
	        Index Cond: ((id >= 3480806) AND (id <= 3480905))

table 5 : explain SELECT c FROM sbtest5 WHERE id BETWEEN 9703931 AND 9704030 ORDER BY c
	Sort  (cost=406.87..407.13 rows=103 width=121)
	  Sort Key: c
	  ->  Index Scan using sbtest5_pkey on sbtest5  (cost=0.43..403.43 rows=103 width=121)
	        Index Cond: ((id >= 9703931) AND (id <= 9704030))

table 6 : explain SELECT c FROM sbtest6 WHERE id BETWEEN 2672169 AND 2672268 ORDER BY c
	Sort  (cost=391.57..391.82 rows=99 width=121)
	  Sort Key: c
	  ->  Index Scan using sbtest6_pkey on sbtest6  (cost=0.43..388.29 rows=99 width=121)
	        Index Cond: ((id >= 2672169) AND (id <= 2672268))

table 7 : explain SELECT c FROM sbtest7 WHERE id BETWEEN 373106 AND 373205 ORDER BY c
	Sort  (cost=378.14..378.38 rows=96 width=121)
	  Sort Key: c
	  ->  Index Scan using sbtest7_pkey on sbtest7  (cost=0.43..374.98 rows=96 width=121)
	        Index Cond: ((id >= 373106) AND (id <= 373205))

table 8 : explain SELECT c FROM sbtest8 WHERE id BETWEEN 800949 AND 801048 ORDER BY c
	Sort  (cost=386.40..386.65 rows=98 width=121)
	  Sort Key: c
	  ->  Index Scan using sbtest8_pkey on sbtest8  (cost=0.43..383.16 rows=98 width=121)
	        Index Cond: ((id >= 800949) AND (id <= 801048))

for point_selects
table 1 : explain SELECT c FROM sbtest1 WHERE id=9815413
	Index Scan using sbtest1_pkey on sbtest1  (cost=0.43..8.45 rows=1 width=121)
	  Index Cond: (id = 9815413)

table 2 : explain SELECT c FROM sbtest2 WHERE id=2591420
	Index Scan using sbtest2_pkey on sbtest2  (cost=0.43..8.45 rows=1 width=121)
	  Index Cond: (id = 2591420)

table 3 : explain SELECT c FROM sbtest3 WHERE id=3574123
	Index Scan using sbtest3_pkey on sbtest3  (cost=0.43..8.45 rows=1 width=121)
	  Index Cond: (id = 3574123)

table 4 : explain SELECT c FROM sbtest4 WHERE id=4782218
	Index Scan using sbtest4_pkey on sbtest4  (cost=0.43..8.45 rows=1 width=121)
	  Index Cond: (id = 4782218)

table 5 : explain SELECT c FROM sbtest5 WHERE id=761587
	Index Scan using sbtest5_pkey on sbtest5  (cost=0.43..8.45 rows=1 width=121)
	  Index Cond: (id = 761587)

table 6 : explain SELECT c FROM sbtest6 WHERE id=2507344
	Index Scan using sbtest6_pkey on sbtest6  (cost=0.43..8.45 rows=1 width=121)
	  Index Cond: (id = 2507344)

table 7 : explain SELECT c FROM sbtest7 WHERE id=4887417
	Index Scan using sbtest7_pkey on sbtest7  (cost=0.43..8.45 rows=1 width=121)
	  Index Cond: (id = 4887417)

table 8 : explain SELECT c FROM sbtest8 WHERE id=8340502
	Index Scan using sbtest8_pkey on sbtest8  (cost=0.43..8.45 rows=1 width=121)
	  Index Cond: (id = 8340502)

for: sum_ranges
table 1 : explain SELECT SUM(k) FROM sbtest1 WHERE id BETWEEN 7709159 AND 7709258
	Aggregate  (cost=361.63..361.64 rows=1 width=8)
	  ->  Index Scan using sbtest1_pkey on sbtest1  (cost=0.43..361.40 rows=92 width=4)
	        Index Cond: ((id >= 7709159) AND (id <= 7709258))

table 2 : explain SELECT SUM(k) FROM sbtest2 WHERE id BETWEEN 8246337 AND 8246436
	Aggregate  (cost=381.87..381.88 rows=1 width=8)
	  ->  Index Scan using sbtest2_pkey on sbtest2  (cost=0.43..381.63 rows=97 width=4)
	        Index Cond: ((id >= 8246337) AND (id <= 8246436))

table 3 : explain SELECT SUM(k) FROM sbtest3 WHERE id BETWEEN 3335461 AND 3335560
	Aggregate  (cost=403.50..403.51 rows=1 width=8)
	  ->  Index Scan using sbtest3_pkey on sbtest3  (cost=0.43..403.24 rows=103 width=4)
	        Index Cond: ((id >= 3335461) AND (id <= 3335560))

table 4 : explain SELECT SUM(k) FROM sbtest4 WHERE id BETWEEN 3888973 AND 3889072
	Aggregate  (cost=393.24..393.25 rows=1 width=8)
	  ->  Index Scan using sbtest4_pkey on sbtest4  (cost=0.43..392.99 rows=100 width=4)
	        Index Cond: ((id >= 3888973) AND (id <= 3889072))

table 5 : explain SELECT SUM(k) FROM sbtest5 WHERE id BETWEEN 4079535 AND 4079634
	Aggregate  (cost=384.28..384.29 rows=1 width=8)
	  ->  Index Scan using sbtest5_pkey on sbtest5  (cost=0.43..384.04 rows=98 width=4)
	        Index Cond: ((id >= 4079535) AND (id <= 4079634))

table 6 : explain SELECT SUM(k) FROM sbtest6 WHERE id BETWEEN 2013542 AND 2013641
	Aggregate  (cost=415.68..415.69 rows=1 width=8)
	  ->  Index Scan using sbtest6_pkey on sbtest6  (cost=0.43..415.42 rows=106 width=4)
	        Index Cond: ((id >= 2013542) AND (id <= 2013641))

table 7 : explain SELECT SUM(k) FROM sbtest7 WHERE id BETWEEN 8548201 AND 8548300
	Aggregate  (cost=355.92..355.93 rows=1 width=8)
	  ->  Index Scan using sbtest7_pkey on sbtest7  (cost=0.43..355.69 rows=91 width=4)
	        Index Cond: ((id >= 8548201) AND (id <= 8548300))

table 8 : explain SELECT SUM(k) FROM sbtest8 WHERE id BETWEEN 1600781 AND 1600880
	Aggregate  (cost=425.91..425.92 rows=1 width=8)
	  ->  Index Scan using sbtest8_pkey on sbtest8  (cost=0.43..425.64 rows=109 width=4)
	        Index Cond: ((id >= 1600781) AND (id <= 1600880))

explain: for point_selects :: explain SELECT c FROM sbtest%u WHERE id=%u
for: sum_ranges
table 1 : explain SELECT SUM(k) FROM sbtest1 WHERE id BETWEEN 5034309 AND 5034408
	Aggregate  (cost=357.75..357.76 rows=1 width=8)
	  ->  Index Scan using sbtest1_pkey on sbtest1  (cost=0.43..357.52 rows=91 width=4)
	        Index Cond: ((id >= 5034309) AND (id <= 5034408))

table 2 : explain SELECT SUM(k) FROM sbtest2 WHERE id BETWEEN 1296182 AND 1296281
	Aggregate  (cost=389.65..389.66 rows=1 width=8)
	  ->  Index Scan using sbtest2_pkey on sbtest2  (cost=0.43..389.40 rows=99 width=4)
	        Index Cond: ((id >= 1296182) AND (id <= 1296281))

table 3 : explain SELECT SUM(k) FROM sbtest3 WHERE id BETWEEN 1516520 AND 1516619
	Aggregate  (cost=391.88..391.89 rows=1 width=8)
	  ->  Index Scan using sbtest3_pkey on sbtest3  (cost=0.43..391.63 rows=100 width=4)
	        Index Cond: ((id >= 1516520) AND (id <= 1516619))

table 4 : explain SELECT SUM(k) FROM sbtest4 WHERE id BETWEEN 3864614 AND 3864713
	Aggregate  (cost=404.90..404.91 rows=1 width=8)
	  ->  Index Scan using sbtest4_pkey on sbtest4  (cost=0.43..404.64 rows=103 width=4)
	        Index Cond: ((id >= 3864614) AND (id <= 3864713))

table 5 : explain SELECT SUM(k) FROM sbtest5 WHERE id BETWEEN 3226614 AND 3226713
	Aggregate  (cost=380.41..380.42 rows=1 width=8)
	  ->  Index Scan using sbtest5_pkey on sbtest5  (cost=0.43..380.16 rows=97 width=4)
	        Index Cond: ((id >= 3226614) AND (id <= 3226713))

table 6 : explain SELECT SUM(k) FROM sbtest6 WHERE id BETWEEN 7201497 AND 7201596
	Aggregate  (cost=365.24..365.25 rows=1 width=8)
	  ->  Index Scan using sbtest6_pkey on sbtest6  (cost=0.43..365.01 rows=93 width=4)
	        Index Cond: ((id >= 7201497) AND (id <= 7201596))

table 7 : explain SELECT SUM(k) FROM sbtest7 WHERE id BETWEEN 9216363 AND 9216462
	Aggregate  (cost=367.50..367.51 rows=1 width=8)
	  ->  Index Scan using sbtest7_pkey on sbtest7  (cost=0.43..367.27 rows=94 width=4)
	        Index Cond: ((id >= 9216363) AND (id <= 9216462))

table 8 : explain SELECT SUM(k) FROM sbtest8 WHERE id BETWEEN 2586895 AND 2586994
	Aggregate  (cost=367.91..367.92 rows=1 width=8)
	  ->  Index Scan using sbtest8_pkey on sbtest8  (cost=0.43..367.68 rows=94 width=4)
	        Index Cond: ((id >= 2586895) AND (id <= 2586994))

for point_selects
table 1 : explain SELECT c FROM sbtest1 WHERE id=3026246
	Index Scan using sbtest1_pkey on sbtest1  (cost=0.43..8.45 rows=1 width=121)
	  Index Cond: (id = 3026246)

table 2 : explain SELECT c FROM sbtest2 WHERE id=7831095
	Index Scan using sbtest2_pkey on sbtest2  (cost=0.43..8.45 rows=1 width=121)
	  Index Cond: (id = 7831095)

table 3 : explain SELECT c FROM sbtest3 WHERE id=8322460
	Index Scan using sbtest3_pkey on sbtest3  (cost=0.43..8.45 rows=1 width=121)
	  Index Cond: (id = 8322460)

table 4 : explain SELECT c FROM sbtest4 WHERE id=9599564
	Index Scan using sbtest4_pkey on sbtest4  (cost=0.43..8.45 rows=1 width=121)
	  Index Cond: (id = 9599564)

table 5 : explain SELECT c FROM sbtest5 WHERE id=1677593
	Index Scan using sbtest5_pkey on sbtest5  (cost=0.43..8.45 rows=1 width=121)
	  Index Cond: (id = 1677593)

table 6 : explain SELECT c FROM sbtest6 WHERE id=6088787
	Index Scan using sbtest6_pkey on sbtest6  (cost=0.43..8.45 rows=1 width=121)
	  Index Cond: (id = 6088787)

table 7 : explain SELECT c FROM sbtest7 WHERE id=1341279
	Index Scan using sbtest7_pkey on sbtest7  (cost=0.43..8.45 rows=1 width=121)
	  Index Cond: (id = 1341279)

table 8 : explain SELECT c FROM sbtest8 WHERE id=2204999
	Index Scan using sbtest8_pkey on sbtest8  (cost=0.43..8.45 rows=1 width=121)
	  Index Cond: (id = 2204999)

for: simple_ranges
table 1 : explain SELECT c FROM sbtest1 WHERE id BETWEEN 9500524 AND 9500623
	Index Scan using sbtest1_pkey on sbtest1  (cost=0.43..419.60 rows=107 width=121)
	  Index Cond: ((id >= 9500524) AND (id <= 9500623))

table 2 : explain SELECT c FROM sbtest2 WHERE id BETWEEN 9360161 AND 9360260
	Index Scan using sbtest2_pkey on sbtest2  (cost=0.43..393.32 rows=100 width=121)
	  Index Cond: ((id >= 9360161) AND (id <= 9360260))

table 3 : explain SELECT c FROM sbtest3 WHERE id BETWEEN 3856773 AND 3856872
	Index Scan using sbtest3_pkey on sbtest3  (cost=0.43..387.73 rows=99 width=121)
	  Index Cond: ((id >= 3856773) AND (id <= 3856872))

table 4 : explain SELECT c FROM sbtest4 WHERE id BETWEEN 4106883 AND 4106982
	Index Scan using sbtest4_pkey on sbtest4  (cost=0.43..396.87 rows=101 width=121)
	  Index Cond: ((id >= 4106883) AND (id <= 4106982))

table 5 : explain SELECT c FROM sbtest5 WHERE id BETWEEN 1904783 AND 1904882
	Index Scan using sbtest5_pkey on sbtest5  (cost=0.43..353.07 rows=90 width=121)
	  Index Cond: ((id >= 1904783) AND (id <= 1904882))

table 6 : explain SELECT c FROM sbtest6 WHERE id BETWEEN 4239162 AND 4239261
	Index Scan using sbtest6_pkey on sbtest6  (cost=0.43..415.42 rows=106 width=121)
	  Index Cond: ((id >= 4239162) AND (id <= 4239261))

table 7 : explain SELECT c FROM sbtest7 WHERE id BETWEEN 7334851 AND 7334950
	Index Scan using sbtest7_pkey on sbtest7  (cost=0.43..359.55 rows=92 width=121)
	  Index Cond: ((id >= 7334851) AND (id <= 7334950))

table 8 : explain SELECT c FROM sbtest8 WHERE id BETWEEN 9557359 AND 9557458
	Index Scan using sbtest8_pkey on sbtest8  (cost=0.43..371.54 rows=95 width=121)
	  Index Cond: ((id >= 9557359) AND (id <= 9557458))

for: order_ranges
table 1 : explain SELECT c FROM sbtest1 WHERE id BETWEEN 5846354 AND 5846453 ORDER BY c
	Sort  (cost=411.45..411.71 rows=104 width=121)
	  Sort Key: c
	  ->  Index Scan using sbtest1_pkey on sbtest1  (cost=0.43..407.96 rows=104 width=121)
	        Index Cond: ((id >= 5846354) AND (id <= 5846453))

table 2 : explain SELECT c FROM sbtest2 WHERE id BETWEEN 4016646 AND 4016745 ORDER BY c
	Sort  (cost=388.76..389.00 rows=98 width=121)
	  Sort Key: c
	  ->  Index Scan using sbtest2_pkey on sbtest2  (cost=0.43..385.51 rows=98 width=121)
	        Index Cond: ((id >= 4016646) AND (id <= 4016745))

table 3 : explain SELECT c FROM sbtest3 WHERE id BETWEEN 2746267 AND 2746366 ORDER BY c
	Sort  (cost=379.28..379.52 rows=96 width=121)
	  Sort Key: c
	  ->  Index Scan using sbtest3_pkey on sbtest3  (cost=0.43..376.12 rows=96 width=121)
	        Index Cond: ((id >= 2746267) AND (id <= 2746366))

table 4 : explain SELECT c FROM sbtest4 WHERE id BETWEEN 7934719 AND 7934818 ORDER BY c
	Sort  (cost=372.74..372.97 rows=94 width=121)
	  Sort Key: c
	  ->  Index Scan using sbtest4_pkey on sbtest4  (cost=0.43..369.66 rows=94 width=121)
	        Index Cond: ((id >= 7934719) AND (id <= 7934818))

table 5 : explain SELECT c FROM sbtest5 WHERE id BETWEEN 6147347 AND 6147446 ORDER BY c
	Sort  (cost=406.87..407.13 rows=103 width=121)
	  Sort Key: c
	  ->  Index Scan using sbtest5_pkey on sbtest5  (cost=0.43..403.43 rows=103 width=121)
	        Index Cond: ((id >= 6147347) AND (id <= 6147446))

table 6 : explain SELECT c FROM sbtest6 WHERE id BETWEEN 8741075 AND 8741174 ORDER BY c
	Sort  (cost=391.57..391.82 rows=99 width=121)
	  Sort Key: c
	  ->  Index Scan using sbtest6_pkey on sbtest6  (cost=0.43..388.29 rows=99 width=121)
	        Index Cond: ((id >= 8741075) AND (id <= 8741174))

table 7 : explain SELECT c FROM sbtest7 WHERE id BETWEEN 2424822 AND 2424921 ORDER BY c
	Sort  (cost=452.25..452.53 rows=115 width=121)
	  Sort Key: c
	  ->  Index Scan using sbtest7_pkey on sbtest7  (cost=0.43..448.31 rows=115 width=121)
	        Index Cond: ((id >= 2424822) AND (id <= 2424921))

table 8 : explain SELECT c FROM sbtest8 WHERE id BETWEEN 9336129 AND 9336228 ORDER BY c
	Sort  (cost=390.31..390.55 rows=99 width=121)
	  Sort Key: c
	  ->  Index Scan using sbtest8_pkey on sbtest8  (cost=0.43..387.02 rows=99 width=121)
	        Index Cond: ((id >= 9336129) AND (id <= 9336228))

for point_selects
table 1 : explain SELECT c FROM sbtest1 WHERE id=4369246
	Index Scan using sbtest1_pkey on sbtest1  (cost=0.43..8.45 rows=1 width=121)
	  Index Cond: (id = 4369246)

table 2 : explain SELECT c FROM sbtest2 WHERE id=9560093
	Index Scan using sbtest2_pkey on sbtest2  (cost=0.43..8.45 rows=1 width=121)
	  Index Cond: (id = 9560093)

table 3 : explain SELECT c FROM sbtest3 WHERE id=5204172
	Index Scan using sbtest3_pkey on sbtest3  (cost=0.43..8.45 rows=1 width=121)
	  Index Cond: (id = 5204172)

table 4 : explain SELECT c FROM sbtest4 WHERE id=4561772
	Index Scan using sbtest4_pkey on sbtest4  (cost=0.43..8.45 rows=1 width=121)
	  Index Cond: (id = 4561772)

table 5 : explain SELECT c FROM sbtest5 WHERE id=8885655
	Index Scan using sbtest5_pkey on sbtest5  (cost=0.43..8.45 rows=1 width=121)
	  Index Cond: (id = 8885655)

table 6 : explain SELECT c FROM sbtest6 WHERE id=3787685
	Index Scan using sbtest6_pkey on sbtest6  (cost=0.43..8.45 rows=1 width=121)
	  Index Cond: (id = 3787685)

table 7 : explain SELECT c FROM sbtest7 WHERE id=8940576
	Index Scan using sbtest7_pkey on sbtest7  (cost=0.43..8.45 rows=1 width=121)
	  Index Cond: (id = 8940576)

table 8 : explain SELECT c FROM sbtest8 WHERE id=4672232
	Index Scan using sbtest8_pkey on sbtest8  (cost=0.43..8.45 rows=1 width=121)
	  Index Cond: (id = 4672232)

for: simple_ranges
table 1 : explain SELECT c FROM sbtest1 WHERE id BETWEEN 4082854 AND 4082953
	Index Scan using sbtest1_pkey on sbtest1  (cost=0.43..427.35 rows=109 width=121)
	  Index Cond: ((id >= 4082854) AND (id <= 4082953))

table 2 : explain SELECT c FROM sbtest2 WHERE id BETWEEN 3039378 AND 3039477
	Index Scan using sbtest2_pkey on sbtest2  (cost=0.43..397.21 rows=101 width=121)
	  Index Cond: ((id >= 3039378) AND (id <= 3039477))

table 3 : explain SELECT c FROM sbtest3 WHERE id BETWEEN 9360988 AND 9361087
	Index Scan using sbtest3_pkey on sbtest3  (cost=0.43..410.98 rows=105 width=121)
	  Index Cond: ((id >= 9360988) AND (id <= 9361087))

table 4 : explain SELECT c FROM sbtest4 WHERE id BETWEEN 1378839 AND 1378938
	Index Scan using sbtest4_pkey on sbtest4  (cost=0.43..377.42 rows=96 width=121)
	  Index Cond: ((id >= 1378839) AND (id <= 1378938))

table 5 : explain SELECT c FROM sbtest5 WHERE id BETWEEN 309305 AND 309404
	Index Scan using sbtest5_pkey on sbtest5  (cost=0.43..387.94 rows=99 width=121)
	  Index Cond: ((id >= 309305) AND (id <= 309404))

table 6 : explain SELECT c FROM sbtest6 WHERE id BETWEEN 5470848 AND 5470947
	Index Scan using sbtest6_pkey on sbtest6  (cost=0.43..368.88 rows=94 width=121)
	  Index Cond: ((id >= 5470848) AND (id <= 5470947))

table 7 : explain SELECT c FROM sbtest7 WHERE id BETWEEN 9407203 AND 9407302
	Index Scan using sbtest7_pkey on sbtest7  (cost=0.43..405.88 rows=104 width=121)
	  Index Cond: ((id >= 9407203) AND (id <= 9407302))

table 8 : explain SELECT c FROM sbtest8 WHERE id BETWEEN 723109 AND 723208
	Index Scan using sbtest8_pkey on sbtest8  (cost=0.43..383.16 rows=98 width=121)
	  Index Cond: ((id >= 723109) AND (id <= 723208))

for point_selects
table 1 : explain SELECT c FROM sbtest1 WHERE id=7814607
	Index Scan using sbtest1_pkey on sbtest1  (cost=0.43..8.45 rows=1 width=121)
	  Index Cond: (id = 7814607)

table 2 : explain SELECT c FROM sbtest2 WHERE id=1531895
	Index Scan using sbtest2_pkey on sbtest2  (cost=0.43..8.45 rows=1 width=121)
	  Index Cond: (id = 1531895)

table 3 : explain SELECT c FROM sbtest3 WHERE id=3694182
	Index Scan using sbtest3_pkey on sbtest3  (cost=0.43..8.45 rows=1 width=121)
	  Index Cond: (id = 3694182)

table 4 : explain SELECT c FROM sbtest4 WHERE id=1890854
	Index Scan using sbtest4_pkey on sbtest4  (cost=0.43..8.45 rows=1 width=121)
	  Index Cond: (id = 1890854)

table 5 : explain SELECT c FROM sbtest5 WHERE id=9340491
	Index Scan using sbtest5_pkey on sbtest5  (cost=0.43..8.45 rows=1 width=121)
	  Index Cond: (id = 9340491)

table 6 : explain SELECT c FROM sbtest6 WHERE id=7465597
	Index Scan using sbtest6_pkey on sbtest6  (cost=0.43..8.45 rows=1 width=121)
	  Index Cond: (id = 7465597)

table 7 : explain SELECT c FROM sbtest7 WHERE id=3479350
	Index Scan using sbtest7_pkey on sbtest7  (cost=0.43..8.45 rows=1 width=121)
	  Index Cond: (id = 3479350)

table 8 : explain SELECT c FROM sbtest8 WHERE id=8758157
	Index Scan using sbtest8_pkey on sbtest8  (cost=0.43..8.45 rows=1 width=121)
	  Index Cond: (id = 8758157)

explain: for point_selects :: explain SELECT c FROM sbtest%u WHERE id=%u
for: simple_ranges
table 1 : explain SELECT c FROM sbtest1 WHERE id BETWEEN 1092293 AND 1092392
	Index Scan using sbtest1_pkey on sbtest1  (cost=0.43..400.21 rows=102 width=121)
	  Index Cond: ((id >= 1092293) AND (id <= 1092392))

table 2 : explain SELECT c FROM sbtest2 WHERE id BETWEEN 1327420 AND 1327519
	Index Scan using sbtest2_pkey on sbtest2  (cost=0.43..389.40 rows=99 width=121)
	  Index Cond: ((id >= 1327420) AND (id <= 1327519))

table 3 : explain SELECT c FROM sbtest3 WHERE id BETWEEN 5441899 AND 5441998
	Index Scan using sbtest3_pkey on sbtest3  (cost=0.43..407.11 rows=104 width=121)
	  Index Cond: ((id >= 5441899) AND (id <= 5441998))

table 4 : explain SELECT c FROM sbtest4 WHERE id BETWEEN 4531206 AND 4531305
	Index Scan using sbtest4_pkey on sbtest4  (cost=0.43..443.47 rows=113 width=121)
	  Index Cond: ((id >= 4531206) AND (id <= 4531305))

table 5 : explain SELECT c FROM sbtest5 WHERE id BETWEEN 2066536 AND 2066635
	Index Scan using sbtest5_pkey on sbtest5  (cost=0.43..411.17 rows=105 width=121)
	  Index Cond: ((id >= 2066536) AND (id <= 2066635))

table 6 : explain SELECT c FROM sbtest6 WHERE id BETWEEN 6454841 AND 6454940
	Index Scan using sbtest6_pkey on sbtest6  (cost=0.43..399.92 rows=102 width=121)
	  Index Cond: ((id >= 6454841) AND (id <= 6454940))

table 7 : explain SELECT c FROM sbtest7 WHERE id BETWEEN 9118701 AND 9118800
	Index Scan using sbtest7_pkey on sbtest7  (cost=0.43..394.31 rows=101 width=121)
	  Index Cond: ((id >= 9118701) AND (id <= 9118800))

table 8 : explain SELECT c FROM sbtest8 WHERE id BETWEEN 6390429 AND 6390528
	Index Scan using sbtest8_pkey on sbtest8  (cost=0.43..394.75 rows=101 width=121)
	  Index Cond: ((id >= 6390429) AND (id <= 6390528))

for: order_ranges
table 1 : explain SELECT c FROM sbtest1 WHERE id BETWEEN 9960882 AND 9960981 ORDER BY c
	Sort  (cost=419.28..419.55 rows=106 width=121)
	  Sort Key: c
	  ->  Index Scan using sbtest1_pkey on sbtest1  (cost=0.43..415.72 rows=106 width=121)
	        Index Cond: ((id >= 9960882) AND (id <= 9960981))

table 2 : explain SELECT c FROM sbtest2 WHERE id BETWEEN 2664477 AND 2664576 ORDER BY c
	Sort  (cost=400.57..400.82 rows=101 width=121)
	  Sort Key: c
	  ->  Index Scan using sbtest2_pkey on sbtest2  (cost=0.43..397.21 rows=101 width=121)
	        Index Cond: ((id >= 2664477) AND (id <= 2664576))

table 3 : explain SELECT c FROM sbtest3 WHERE id BETWEEN 316024 AND 316123 ORDER BY c
	Sort  (cost=434.06..434.33 rows=110 width=121)
	  Sort Key: c
	  ->  Index Scan using sbtest3_pkey on sbtest3  (cost=0.43..430.33 rows=110 width=121)
	        Index Cond: ((id >= 316024) AND (id <= 316123))

table 4 : explain SELECT c FROM sbtest4 WHERE id BETWEEN 9724050 AND 9724149 ORDER BY c
	Sort  (cost=408.08..408.34 rows=103 width=121)
	  Sort Key: c
	  ->  Index Scan using sbtest4_pkey on sbtest4  (cost=0.43..404.64 rows=103 width=121)
	        Index Cond: ((id >= 9724050) AND (id <= 9724149))

table 5 : explain SELECT c FROM sbtest5 WHERE id BETWEEN 8680100 AND 8680199 ORDER BY c
	Sort  (cost=418.61..418.87 rows=106 width=121)
	  Sort Key: c
	  ->  Index Scan using sbtest5_pkey on sbtest5  (cost=0.43..415.04 rows=106 width=121)
	        Index Cond: ((id >= 8680100) AND (id <= 8680199))

table 6 : explain SELECT c FROM sbtest6 WHERE id BETWEEN 2060829 AND 2060928 ORDER BY c
	Sort  (cost=395.49..395.74 rows=100 width=121)
	  Sort Key: c
	  ->  Index Scan using sbtest6_pkey on sbtest6  (cost=0.43..392.17 rows=100 width=121)
	        Index Cond: ((id >= 2060829) AND (id <= 2060928))

table 7 : explain SELECT c FROM sbtest7 WHERE id BETWEEN 4860017 AND 4860116 ORDER BY c
	Sort  (cost=409.36..409.62 rows=104 width=121)
	  Sort Key: c
	  ->  Index Scan using sbtest7_pkey on sbtest7  (cost=0.43..405.88 rows=104 width=121)
	        Index Cond: ((id >= 4860017) AND (id <= 4860116))

table 8 : explain SELECT c FROM sbtest8 WHERE id BETWEEN 6937192 AND 6937291 ORDER BY c
	Sort  (cost=402.01..402.27 rows=102 width=121)
	  Sort Key: c
	  ->  Index Scan using sbtest8_pkey on sbtest8  (cost=0.43..398.61 rows=102 width=121)
	        Index Cond: ((id >= 6937192) AND (id <= 6937291))

for: order_ranges
table 1 : explain SELECT c FROM sbtest1 WHERE id BETWEEN 1590195 AND 1590294 ORDER BY c
	Sort  (cost=395.74..395.99 rows=100 width=121)
	  Sort Key: c
	  ->  Index Scan using sbtest1_pkey on sbtest1  (cost=0.43..392.42 rows=100 width=121)
	        Index Cond: ((id >= 1590195) AND (id <= 1590294))

table 2 : explain SELECT c FROM sbtest2 WHERE id BETWEEN 8609064 AND 8609163 ORDER BY c
	Sort  (cost=408.42..408.68 rows=103 width=121)
	  Sort Key: c
	  ->  Index Scan using sbtest2_pkey on sbtest2  (cost=0.43..404.98 rows=103 width=121)
	        Index Cond: ((id >= 8609064) AND (id <= 8609163))

table 3 : explain SELECT c FROM sbtest3 WHERE id BETWEEN 5816826 AND 5816925 ORDER BY c
	Sort  (cost=418.42..418.68 rows=106 width=121)
	  Sort Key: c
	  ->  Index Scan using sbtest3_pkey on sbtest3  (cost=0.43..414.85 rows=106 width=121)
	        Index Cond: ((id >= 5816826) AND (id <= 5816925))

table 4 : explain SELECT c FROM sbtest4 WHERE id BETWEEN 5760778 AND 5760877 ORDER BY c
	Sort  (cost=404.16..404.41 rows=102 width=121)
	  Sort Key: c
	  ->  Index Scan using sbtest4_pkey on sbtest4  (cost=0.43..400.76 rows=102 width=121)
	        Index Cond: ((id >= 5760778) AND (id <= 5760877))

table 5 : explain SELECT c FROM sbtest5 WHERE id BETWEEN 3760444 AND 3760543 ORDER BY c
	Sort  (cost=406.87..407.13 rows=103 width=121)
	  Sort Key: c
	  ->  Index Scan using sbtest5_pkey on sbtest5  (cost=0.43..403.43 rows=103 width=121)
	        Index Cond: ((id >= 3760444) AND (id <= 3760543))

table 6 : explain SELECT c FROM sbtest6 WHERE id BETWEEN 9178580 AND 9178679 ORDER BY c
	Sort  (cost=391.57..391.82 rows=99 width=121)
	  Sort Key: c
	  ->  Index Scan using sbtest6_pkey on sbtest6  (cost=0.43..388.29 rows=99 width=121)
	        Index Cond: ((id >= 9178580) AND (id <= 9178679))

table 7 : explain SELECT c FROM sbtest7 WHERE id BETWEEN 9499185 AND 9499284 ORDER BY c
	Sort  (cost=397.67..397.92 rows=101 width=121)
	  Sort Key: c
	  ->  Index Scan using sbtest7_pkey on sbtest7  (cost=0.43..394.31 rows=101 width=121)
	        Index Cond: ((id >= 9499185) AND (id <= 9499284))

table 8 : explain SELECT c FROM sbtest8 WHERE id BETWEEN 9422013 AND 9422112 ORDER BY c
	Sort  (cost=390.31..390.55 rows=99 width=121)
	  Sort Key: c
	  ->  Index Scan using sbtest8_pkey on sbtest8  (cost=0.43..387.02 rows=99 width=121)
	        Index Cond: ((id >= 9422013) AND (id <= 9422112))

for: sum_ranges
table 1 : explain SELECT SUM(k) FROM sbtest1 WHERE id BETWEEN 9681764 AND 9681863
	Aggregate  (cost=349.99..350.00 rows=1 width=8)
	  ->  Index Scan using sbtest1_pkey on sbtest1  (cost=0.43..349.76 rows=89 width=4)
	        Index Cond: ((id >= 9681764) AND (id <= 9681863))

table 2 : explain SELECT SUM(k) FROM sbtest2 WHERE id BETWEEN 4016923 AND 4017022
	Aggregate  (cost=385.76..385.77 rows=1 width=8)
	  ->  Index Scan using sbtest2_pkey on sbtest2  (cost=0.43..385.51 rows=98 width=4)
	        Index Cond: ((id >= 4016923) AND (id <= 4017022))

table 3 : explain SELECT SUM(k) FROM sbtest3 WHERE id BETWEEN 4943921 AND 4944020
	Aggregate  (cost=403.50..403.51 rows=1 width=8)
	  ->  Index Scan using sbtest3_pkey on sbtest3  (cost=0.43..403.24 rows=103 width=4)
	        Index Cond: ((id >= 4943921) AND (id <= 4944020))

table 4 : explain SELECT SUM(k) FROM sbtest4 WHERE id BETWEEN 9469095 AND 9469194
	Aggregate  (cost=362.12..362.13 rows=1 width=8)
	  ->  Index Scan using sbtest4_pkey on sbtest4  (cost=0.43..361.89 rows=92 width=4)
	        Index Cond: ((id >= 9469095) AND (id <= 9469194))

table 5 : explain SELECT SUM(k) FROM sbtest5 WHERE id BETWEEN 3538723 AND 3538822
	Aggregate  (cost=388.19..388.20 rows=1 width=8)
	  ->  Index Scan using sbtest5_pkey on sbtest5  (cost=0.43..387.94 rows=99 width=4)
	        Index Cond: ((id >= 3538723) AND (id <= 3538822))

table 6 : explain SELECT SUM(k) FROM sbtest6 WHERE id BETWEEN 2098502 AND 2098601
	Aggregate  (cost=392.42..392.43 rows=1 width=8)
	  ->  Index Scan using sbtest6_pkey on sbtest6  (cost=0.43..392.17 rows=100 width=4)
	        Index Cond: ((id >= 2098502) AND (id <= 2098601))

table 7 : explain SELECT SUM(k) FROM sbtest7 WHERE id BETWEEN 8720455 AND 8720554
	Aggregate  (cost=363.64..363.65 rows=1 width=8)
	  ->  Index Scan using sbtest7_pkey on sbtest7  (cost=0.43..363.41 rows=93 width=4)
	        Index Cond: ((id >= 8720455) AND (id <= 8720554))

table 8 : explain SELECT SUM(k) FROM sbtest8 WHERE id BETWEEN 1356655 AND 1356754
	Aggregate  (cost=367.91..367.92 rows=1 width=8)
	  ->  Index Scan using sbtest8_pkey on sbtest8  (cost=0.43..367.68 rows=94 width=4)
	        Index Cond: ((id >= 1356655) AND (id <= 1356754))

for: order_ranges
table 1 : explain SELECT c FROM sbtest1 WHERE id BETWEEN 9886919 AND 9887018 ORDER BY c
	Sort  (cost=391.82..392.07 rows=99 width=121)
	  Sort Key: c
	  ->  Index Scan using sbtest1_pkey on sbtest1  (cost=0.43..388.54 rows=99 width=121)
	        Index Cond: ((id >= 9886919) AND (id <= 9887018))

table 2 : explain SELECT c FROM sbtest2 WHERE id BETWEEN 9740704 AND 9740803 ORDER BY c
	Sort  (cost=424.13..424.40 rows=107 width=121)
	  Sort Key: c
	  ->  Index Scan using sbtest2_pkey on sbtest2  (cost=0.43..420.53 rows=107 width=121)
	        Index Cond: ((id >= 9740704) AND (id <= 9740803))

table 3 : explain SELECT c FROM sbtest3 WHERE id BETWEEN 3808253 AND 3808352 ORDER BY c
	Sort  (cost=391.01..391.26 rows=99 width=121)
	  Sort Key: c
	  ->  Index Scan using sbtest3_pkey on sbtest3  (cost=0.43..387.73 rows=99 width=121)
	        Index Cond: ((id >= 3808253) AND (id <= 3808352))

table 4 : explain SELECT c FROM sbtest4 WHERE id BETWEEN 5450143 AND 5450242 ORDER BY c
	Sort  (cost=368.81..369.05 rows=93 width=121)
	  Sort Key: c
	  ->  Index Scan using sbtest4_pkey on sbtest4  (cost=0.43..365.77 rows=93 width=121)
	        Index Cond: ((id >= 5450143) AND (id <= 5450242))

table 5 : explain SELECT c FROM sbtest5 WHERE id BETWEEN 9102823 AND 9102922 ORDER BY c
	Sort  (cost=367.72..367.95 rows=93 width=121)
	  Sort Key: c
	  ->  Index Scan using sbtest5_pkey on sbtest5  (cost=0.43..364.68 rows=93 width=121)
	        Index Cond: ((id >= 9102823) AND (id <= 9102922))

table 6 : explain SELECT c FROM sbtest6 WHERE id BETWEEN 437311 AND 437410 ORDER BY c
	Sort  (cost=368.05..368.28 rows=93 width=121)
	  Sort Key: c
	  ->  Index Scan using sbtest6_pkey on sbtest6  (cost=0.43..365.01 rows=93 width=121)
	        Index Cond: ((id >= 437311) AND (id <= 437410))

table 7 : explain SELECT c FROM sbtest7 WHERE id BETWEEN 8021896 AND 8021995 ORDER BY c
	Sort  (cost=436.65..436.93 rows=111 width=121)
	  Sort Key: c
	  ->  Index Scan using sbtest7_pkey on sbtest7  (cost=0.43..432.88 rows=111 width=121)
	        Index Cond: ((id >= 8021896) AND (id <= 8021995))

table 8 : explain SELECT c FROM sbtest8 WHERE id BETWEEN 2125101 AND 2125200 ORDER BY c
	Sort  (cost=405.91..406.17 rows=103 width=121)
	  Sort Key: c
	  ->  Index Scan using sbtest8_pkey on sbtest8  (cost=0.43..402.47 rows=103 width=121)
	        Index Cond: ((id >= 2125101) AND (id <= 2125200))

for: order_ranges
table 1 : explain SELECT c FROM sbtest1 WHERE id BETWEEN 8059351 AND 8059450 ORDER BY c
	Sort  (cost=415.37..415.63 rows=105 width=121)
	  Sort Key: c
	  ->  Index Scan using sbtest1_pkey on sbtest1  (cost=0.43..411.84 rows=105 width=121)
	        Index Cond: ((id >= 8059351) AND (id <= 8059450))

table 2 : explain SELECT c FROM sbtest2 WHERE id BETWEEN 2957435 AND 2957534 ORDER BY c
	Sort  (cost=400.57..400.82 rows=101 width=121)
	  Sort Key: c
	  ->  Index Scan using sbtest2_pkey on sbtest2  (cost=0.43..397.21 rows=101 width=121)
	        Index Cond: ((id >= 2957435) AND (id <= 2957534))

table 3 : explain SELECT c FROM sbtest3 WHERE id BETWEEN 2445812 AND 2445911 ORDER BY c
	Sort  (cost=387.10..387.34 rows=98 width=121)
	  Sort Key: c
	  ->  Index Scan using sbtest3_pkey on sbtest3  (cost=0.43..383.86 rows=98 width=121)
	        Index Cond: ((id >= 2445812) AND (id <= 2445911))

table 4 : explain SELECT c FROM sbtest4 WHERE id BETWEEN 5820859 AND 5820958 ORDER BY c
	Sort  (cost=400.23..400.49 rows=101 width=121)
	  Sort Key: c
	  ->  Index Scan using sbtest4_pkey on sbtest4  (cost=0.43..396.87 rows=101 width=121)
	        Index Cond: ((id >= 5820859) AND (id <= 5820958))

table 5 : explain SELECT c FROM sbtest5 WHERE id BETWEEN 4304767 AND 4304866 ORDER BY c
	Sort  (cost=402.96..403.22 rows=102 width=121)
	  Sort Key: c
	  ->  Index Scan using sbtest5_pkey on sbtest5  (cost=0.43..399.56 rows=102 width=121)
	        Index Cond: ((id >= 4304767) AND (id <= 4304866))

table 6 : explain SELECT c FROM sbtest6 WHERE id BETWEEN 5971217 AND 5971316 ORDER BY c
	Sort  (cost=371.96..372.20 rows=94 width=121)
	  Sort Key: c
	  ->  Index Scan using sbtest6_pkey on sbtest6  (cost=0.43..368.88 rows=94 width=121)
	        Index Cond: ((id >= 5971217) AND (id <= 5971316))

table 7 : explain SELECT c FROM sbtest7 WHERE id BETWEEN 5462292 AND 5462391 ORDER BY c
	Sort  (cost=413.26..413.52 rows=105 width=121)
	  Sort Key: c
	  ->  Index Scan using sbtest7_pkey on sbtest7  (cost=0.43..409.74 rows=105 width=121)
	        Index Cond: ((id >= 5462292) AND (id <= 5462391))

table 8 : explain SELECT c FROM sbtest8 WHERE id BETWEEN 7487186 AND 7487285 ORDER BY c
	Sort  (cost=409.82..410.08 rows=104 width=121)
	  Sort Key: c
	  ->  Index Scan using sbtest8_pkey on sbtest8  (cost=0.43..406.33 rows=104 width=121)
	        Index Cond: ((id >= 7487186) AND (id <= 7487285))

for: simple_ranges
table 1 : explain SELECT c FROM sbtest1 WHERE id BETWEEN 1936452 AND 1936551
	Index Scan using sbtest1_pkey on sbtest1  (cost=0.43..361.40 rows=92 width=121)
	  Index Cond: ((id >= 1936452) AND (id <= 1936551))

table 2 : explain SELECT c FROM sbtest2 WHERE id BETWEEN 6109975 AND 6110074
	Index Scan using sbtest2_pkey on sbtest2  (cost=0.43..377.74 rows=96 width=121)
	  Index Cond: ((id >= 6109975) AND (id <= 6110074))

table 3 : explain SELECT c FROM sbtest3 WHERE id BETWEEN 8878726 AND 8878825
	Index Scan using sbtest3_pkey on sbtest3  (cost=0.43..349.03 rows=89 width=121)
	  Index Cond: ((id >= 8878726) AND (id <= 8878825))

table 4 : explain SELECT c FROM sbtest4 WHERE id BETWEEN 9192864 AND 9192963
	Index Scan using sbtest4_pkey on sbtest4  (cost=0.43..354.12 rows=90 width=121)
	  Index Cond: ((id >= 9192864) AND (id <= 9192963))

table 5 : explain SELECT c FROM sbtest5 WHERE id BETWEEN 7622361 AND 7622460
	Index Scan using sbtest5_pkey on sbtest5  (cost=0.43..438.27 rows=112 width=121)
	  Index Cond: ((id >= 7622361) AND (id <= 7622460))

table 6 : explain SELECT c FROM sbtest6 WHERE id BETWEEN 8832985 AND 8833084
	Index Scan using sbtest6_pkey on sbtest6  (cost=0.43..399.92 rows=102 width=121)
	  Index Cond: ((id >= 8832985) AND (id <= 8833084))

table 7 : explain SELECT c FROM sbtest7 WHERE id BETWEEN 8775193 AND 8775292
	Index Scan using sbtest7_pkey on sbtest7  (cost=0.43..363.41 rows=93 width=121)
	  Index Cond: ((id >= 8775193) AND (id <= 8775292))

table 8 : explain SELECT c FROM sbtest8 WHERE id BETWEEN 6107714 AND 6107813
	Index Scan using sbtest8_pkey on sbtest8  (cost=0.43..394.75 rows=101 width=121)
	  Index Cond: ((id >= 6107714) AND (id <= 6107813))

for point_selects
table 1 : explain SELECT c FROM sbtest1 WHERE id=9172243
	Index Scan using sbtest1_pkey on sbtest1  (cost=0.43..8.45 rows=1 width=121)
	  Index Cond: (id = 9172243)

table 2 : explain SELECT c FROM sbtest2 WHERE id=1019207
	Index Scan using sbtest2_pkey on sbtest2  (cost=0.43..8.45 rows=1 width=121)
	  Index Cond: (id = 1019207)

table 3 : explain SELECT c FROM sbtest3 WHERE id=8198357
	Index Scan using sbtest3_pkey on sbtest3  (cost=0.43..8.45 rows=1 width=121)
	  Index Cond: (id = 8198357)

table 4 : explain SELECT c FROM sbtest4 WHERE id=3914250
	Index Scan using sbtest4_pkey on sbtest4  (cost=0.43..8.45 rows=1 width=121)
	  Index Cond: (id = 3914250)

table 5 : explain SELECT c FROM sbtest5 WHERE id=9275920
	Index Scan using sbtest5_pkey on sbtest5  (cost=0.43..8.45 rows=1 width=121)
	  Index Cond: (id = 9275920)

table 6 : explain SELECT c FROM sbtest6 WHERE id=1029683
	Index Scan using sbtest6_pkey on sbtest6  (cost=0.43..8.45 rows=1 width=121)
	  Index Cond: (id = 1029683)

table 7 : explain SELECT c FROM sbtest7 WHERE id=7382837
	Index Scan using sbtest7_pkey on sbtest7  (cost=0.43..8.45 rows=1 width=121)
	  Index Cond: (id = 7382837)

table 8 : explain SELECT c FROM sbtest8 WHERE id=4216825
	Index Scan using sbtest8_pkey on sbtest8  (cost=0.43..8.45 rows=1 width=121)
	  Index Cond: (id = 4216825)

for: sum_ranges
table 1 : explain SELECT SUM(k) FROM sbtest1 WHERE id BETWEEN 4046417 AND 4046516
	Aggregate  (cost=415.98..415.99 rows=1 width=8)
	  ->  Index Scan using sbtest1_pkey on sbtest1  (cost=0.43..415.72 rows=106 width=4)
	        Index Cond: ((id >= 4046417) AND (id <= 4046516))

table 2 : explain SELECT SUM(k) FROM sbtest2 WHERE id BETWEEN 6569451 AND 6569550
	Aggregate  (cost=416.91..416.92 rows=1 width=8)
	  ->  Index Scan using sbtest2_pkey on sbtest2  (cost=0.43..416.64 rows=106 width=4)
	        Index Cond: ((id >= 6569451) AND (id <= 6569550))

table 3 : explain SELECT SUM(k) FROM sbtest3 WHERE id BETWEEN 1126741 AND 1126840
	Aggregate  (cost=387.97..387.98 rows=1 width=8)
	  ->  Index Scan using sbtest3_pkey on sbtest3  (cost=0.43..387.73 rows=99 width=4)
	        Index Cond: ((id >= 1126741) AND (id <= 1126840))

table 4 : explain SELECT SUM(k) FROM sbtest4 WHERE id BETWEEN 1354747 AND 1354846
	Aggregate  (cost=377.66..377.67 rows=1 width=8)
	  ->  Index Scan using sbtest4_pkey on sbtest4  (cost=0.43..377.42 rows=96 width=4)
	        Index Cond: ((id >= 1354747) AND (id <= 1354846))

table 5 : explain SELECT SUM(k) FROM sbtest5 WHERE id BETWEEN 976418 AND 976517
	Aggregate  (cost=399.81..399.82 rows=1 width=8)
	  ->  Index Scan using sbtest5_pkey on sbtest5  (cost=0.43..399.56 rows=102 width=4)
	        Index Cond: ((id >= 976418) AND (id <= 976517))

table 6 : explain SELECT SUM(k) FROM sbtest6 WHERE id BETWEEN 407011 AND 407110
	Aggregate  (cost=365.24..365.25 rows=1 width=8)
	  ->  Index Scan using sbtest6_pkey on sbtest6  (cost=0.43..365.01 rows=93 width=4)
	        Index Cond: ((id >= 407011) AND (id <= 407110))

table 7 : explain SELECT SUM(k) FROM sbtest7 WHERE id BETWEEN 3470355 AND 3470454
	Aggregate  (cost=421.58..421.59 rows=1 width=8)
	  ->  Index Scan using sbtest7_pkey on sbtest7  (cost=0.43..421.31 rows=108 width=4)
	        Index Cond: ((id >= 3470355) AND (id <= 3470454))

table 8 : explain SELECT SUM(k) FROM sbtest8 WHERE id BETWEEN 3832810 AND 3832909
	Aggregate  (cost=433.64..433.65 rows=1 width=8)
	  ->  Index Scan using sbtest8_pkey on sbtest8  (cost=0.43..433.37 rows=111 width=4)
	        Index Cond: ((id >= 3832810) AND (id <= 3832909))

for: simple_ranges
table 1 : explain SELECT c FROM sbtest1 WHERE id BETWEEN 4401128 AND 4401227
	Index Scan using sbtest1_pkey on sbtest1  (cost=0.43..388.54 rows=99 width=121)
	  Index Cond: ((id >= 4401128) AND (id <= 4401227))

table 2 : explain SELECT c FROM sbtest2 WHERE id BETWEEN 7749628 AND 7749727
	Index Scan using sbtest2_pkey on sbtest2  (cost=0.43..397.21 rows=101 width=121)
	  Index Cond: ((id >= 7749628) AND (id <= 7749727))

table 3 : explain SELECT c FROM sbtest3 WHERE id BETWEEN 3604690 AND 3604789
	Index Scan using sbtest3_pkey on sbtest3  (cost=0.43..391.63 rows=100 width=121)
	  Index Cond: ((id >= 3604690) AND (id <= 3604789))

table 4 : explain SELECT c FROM sbtest4 WHERE id BETWEEN 4589800 AND 4589899
	Index Scan using sbtest4_pkey on sbtest4  (cost=0.43..377.42 rows=96 width=121)
	  Index Cond: ((id >= 4589800) AND (id <= 4589899))

table 5 : explain SELECT c FROM sbtest5 WHERE id BETWEEN 2033155 AND 2033254
	Index Scan using sbtest5_pkey on sbtest5  (cost=0.43..411.17 rows=105 width=121)
	  Index Cond: ((id >= 2033155) AND (id <= 2033254))

table 6 : explain SELECT c FROM sbtest6 WHERE id BETWEEN 753435 AND 753534
	Index Scan using sbtest6_pkey on sbtest6  (cost=0.43..357.26 rows=91 width=121)
	  Index Cond: ((id >= 753435) AND (id <= 753534))

table 7 : explain SELECT c FROM sbtest7 WHERE id BETWEEN 2560689 AND 2560788
	Index Scan using sbtest7_pkey on sbtest7  (cost=0.43..390.45 rows=100 width=121)
	  Index Cond: ((id >= 2560689) AND (id <= 2560788))

table 8 : explain SELECT c FROM sbtest8 WHERE id BETWEEN 2468478 AND 2468577
	Index Scan using sbtest8_pkey on sbtest8  (cost=0.43..340.64 rows=87 width=121)
	  Index Cond: ((id >= 2468478) AND (id <= 2468577))

for: sum_ranges
table 1 : explain SELECT SUM(k) FROM sbtest1 WHERE id BETWEEN 7336729 AND 7336828
	Aggregate  (cost=381.03..381.04 rows=1 width=8)
	  ->  Index Scan using sbtest1_pkey on sbtest1  (cost=0.43..380.78 rows=97 width=4)
	        Index Cond: ((id >= 7336729) AND (id <= 7336828))

table 2 : explain SELECT SUM(k) FROM sbtest2 WHERE id BETWEEN 9044063 AND 9044162
	Aggregate  (cost=385.76..385.77 rows=1 width=8)
	  ->  Index Scan using sbtest2_pkey on sbtest2  (cost=0.43..385.51 rows=98 width=4)
	        Index Cond: ((id >= 9044063) AND (id <= 9044162))

table 3 : explain SELECT SUM(k) FROM sbtest3 WHERE id BETWEEN 1795026 AND 1795125
	Aggregate  (cost=387.97..387.98 rows=1 width=8)
	  ->  Index Scan using sbtest3_pkey on sbtest3  (cost=0.43..387.73 rows=99 width=4)
	        Index Cond: ((id >= 1795026) AND (id <= 1795125))

table 4 : explain SELECT SUM(k) FROM sbtest4 WHERE id BETWEEN 9542317 AND 9542416
	Aggregate  (cost=393.24..393.25 rows=1 width=8)
	  ->  Index Scan using sbtest4_pkey on sbtest4  (cost=0.43..392.99 rows=100 width=4)
	        Index Cond: ((id >= 9542317) AND (id <= 9542416))

table 5 : explain SELECT SUM(k) FROM sbtest5 WHERE id BETWEEN 7413876 AND 7413975
	Aggregate  (cost=411.43..411.44 rows=1 width=8)
	  ->  Index Scan using sbtest5_pkey on sbtest5  (cost=0.43..411.17 rows=105 width=4)
	        Index Cond: ((id >= 7413876) AND (id <= 7413975))

table 6 : explain SELECT SUM(k) FROM sbtest6 WHERE id BETWEEN 4141132 AND 4141231
	Aggregate  (cost=407.93..407.94 rows=1 width=8)
	  ->  Index Scan using sbtest6_pkey on sbtest6  (cost=0.43..407.67 rows=104 width=4)
	        Index Cond: ((id >= 4141132) AND (id <= 4141231))

table 7 : explain SELECT SUM(k) FROM sbtest7 WHERE id BETWEEN 2976158 AND 2976257
	Aggregate  (cost=375.22..375.23 rows=1 width=8)
	  ->  Index Scan using sbtest7_pkey on sbtest7  (cost=0.43..374.98 rows=96 width=4)
	        Index Cond: ((id >= 2976158) AND (id <= 2976257))

table 8 : explain SELECT SUM(k) FROM sbtest8 WHERE id BETWEEN 1493772 AND 1493871
	Aggregate  (cost=391.14..391.15 rows=1 width=8)
	  ->  Index Scan using sbtest8_pkey on sbtest8  (cost=0.43..390.89 rows=100 width=4)
	        Index Cond: ((id >= 1493772) AND (id <= 1493871))

explain: for point_selects :: explain SELECT c FROM sbtest%u WHERE id=%u
for: distinct_ranges
table 1 : explain SELECT DISTINCT c FROM sbtest1 WHERE id BETWEEN 997785 AND 997884 ORDER BY c
	Unique  (cost=340.89..341.32 rows=86 width=121)
	  ->  Sort  (cost=340.89..341.11 rows=86 width=121)
	        Sort Key: c
	        ->  Index Scan using sbtest1_pkey on sbtest1  (cost=0.43..338.13 rows=86 width=121)
	              Index Cond: ((id >= 997785) AND (id <= 997884))

table 2 : explain SELECT DISTINCT c FROM sbtest2 WHERE id BETWEEN 5934605 AND 5934704 ORDER BY c
	Unique  (cost=392.68..393.18 rows=99 width=121)
	  ->  Sort  (cost=392.68..392.93 rows=99 width=121)
	        Sort Key: c
	        ->  Index Scan using sbtest2_pkey on sbtest2  (cost=0.43..389.40 rows=99 width=121)
	              Index Cond: ((id >= 5934605) AND (id <= 5934704))

table 3 : explain SELECT DISTINCT c FROM sbtest3 WHERE id BETWEEN 5233933 AND 5234032 ORDER BY c
	Unique  (cost=410.60..411.12 rows=104 width=121)
	  ->  Sort  (cost=410.60..410.86 rows=104 width=121)
	        Sort Key: c
	        ->  Index Scan using sbtest3_pkey on sbtest3  (cost=0.43..407.11 rows=104 width=121)
	              Index Cond: ((id >= 5233933) AND (id <= 5234032))

table 4 : explain SELECT DISTINCT c FROM sbtest4 WHERE id BETWEEN 109977 AND 110076 ORDER BY c
	Unique  (cost=400.23..400.74 rows=101 width=121)
	  ->  Sort  (cost=400.23..400.49 rows=101 width=121)
	        Sort Key: c
	        ->  Index Scan using sbtest4_pkey on sbtest4  (cost=0.43..396.87 rows=101 width=121)
	              Index Cond: ((id >= 109977) AND (id <= 110076))

table 5 : explain SELECT DISTINCT c FROM sbtest5 WHERE id BETWEEN 8073614 AND 8073713 ORDER BY c
	Unique  (cost=375.54..376.02 rows=95 width=121)
	  ->  Sort  (cost=375.54..375.78 rows=95 width=121)
	        Sort Key: c
	        ->  Index Scan using sbtest5_pkey on sbtest5  (cost=0.43..372.42 rows=95 width=121)
	              Index Cond: ((id >= 8073614) AND (id <= 8073713))

table 6 : explain SELECT DISTINCT c FROM sbtest6 WHERE id BETWEEN 9938330 AND 9938429 ORDER BY c
	Unique  (cost=403.32..403.83 rows=102 width=121)
	  ->  Sort  (cost=403.32..403.57 rows=102 width=121)
	        Sort Key: c
	        ->  Index Scan using sbtest6_pkey on sbtest6  (cost=0.43..399.92 rows=102 width=121)
	              Index Cond: ((id >= 9938330) AND (id <= 9938429))

table 7 : explain SELECT DISTINCT c FROM sbtest7 WHERE id BETWEEN 9318401 AND 9318500 ORDER BY c
	Unique  (cost=409.36..409.88 rows=104 width=121)
	  ->  Sort  (cost=409.36..409.62 rows=104 width=121)
	        Sort Key: c
	        ->  Index Scan using sbtest7_pkey on sbtest7  (cost=0.43..405.88 rows=104 width=121)
	              Index Cond: ((id >= 9318401) AND (id <= 9318500))

table 8 : explain SELECT DISTINCT c FROM sbtest8 WHERE id BETWEEN 7060183 AND 7060282 ORDER BY c
	Unique  (cost=386.40..386.89 rows=98 width=121)
	  ->  Sort  (cost=386.40..386.65 rows=98 width=121)
	        Sort Key: c
	        ->  Index Scan using sbtest8_pkey on sbtest8  (cost=0.43..383.16 rows=98 width=121)
	              Index Cond: ((id >= 7060183) AND (id <= 7060282))

explain: for index_updates :: explain UPDATE sbtest%u SET k=k+1 WHERE id=%u
for: sum_ranges
table 1 : explain SELECT SUM(k) FROM sbtest1 WHERE id BETWEEN 9944053 AND 9944152
	Aggregate  (cost=415.98..415.99 rows=1 width=8)
	  ->  Index Scan using sbtest1_pkey on sbtest1  (cost=0.43..415.72 rows=106 width=4)
	        Index Cond: ((id >= 9944053) AND (id <= 9944152))

table 2 : explain SELECT SUM(k) FROM sbtest2 WHERE id BETWEEN 6581238 AND 6581337
	Aggregate  (cost=377.98..377.99 rows=1 width=8)
	  ->  Index Scan using sbtest2_pkey on sbtest2  (cost=0.43..377.74 rows=96 width=4)
	        Index Cond: ((id >= 6581238) AND (id <= 6581337))

table 3 : explain SELECT SUM(k) FROM sbtest3 WHERE id BETWEEN 8406184 AND 8406283
	Aggregate  (cost=387.97..387.98 rows=1 width=8)
	  ->  Index Scan using sbtest3_pkey on sbtest3  (cost=0.43..387.73 rows=99 width=4)
	        Index Cond: ((id >= 8406184) AND (id <= 8406283))

table 4 : explain SELECT SUM(k) FROM sbtest4 WHERE id BETWEEN 4327750 AND 4327849
	Aggregate  (cost=401.01..401.02 rows=1 width=8)
	  ->  Index Scan using sbtest4_pkey on sbtest4  (cost=0.43..400.76 rows=102 width=4)
	        Index Cond: ((id >= 4327750) AND (id <= 4327849))

table 5 : explain SELECT SUM(k) FROM sbtest5 WHERE id BETWEEN 685707 AND 685806
	Aggregate  (cost=364.91..364.92 rows=1 width=8)
	  ->  Index Scan using sbtest5_pkey on sbtest5  (cost=0.43..364.68 rows=93 width=4)
	        Index Cond: ((id >= 685707) AND (id <= 685806))

table 6 : explain SELECT SUM(k) FROM sbtest6 WHERE id BETWEEN 2503697 AND 2503796
	Aggregate  (cost=419.56..419.57 rows=1 width=8)
	  ->  Index Scan using sbtest6_pkey on sbtest6  (cost=0.43..419.29 rows=107 width=4)
	        Index Cond: ((id >= 2503697) AND (id <= 2503796))

table 7 : explain SELECT SUM(k) FROM sbtest7 WHERE id BETWEEN 4407782 AND 4407881
	Aggregate  (cost=382.98..382.99 rows=1 width=8)
	  ->  Index Scan using sbtest7_pkey on sbtest7  (cost=0.43..382.74 rows=98 width=4)
	        Index Cond: ((id >= 4407782) AND (id <= 4407881))

table 8 : explain SELECT SUM(k) FROM sbtest8 WHERE id BETWEEN 3575278 AND 3575377
	Aggregate  (cost=398.86..398.87 rows=1 width=8)
	  ->  Index Scan using sbtest8_pkey on sbtest8  (cost=0.43..398.61 rows=102 width=4)
	        Index Cond: ((id >= 3575278) AND (id <= 3575377))

for: sum_ranges
table 1 : explain SELECT SUM(k) FROM sbtest1 WHERE id BETWEEN 8324557 AND 8324656
	Aggregate  (cost=388.79..388.80 rows=1 width=8)
	  ->  Index Scan using sbtest1_pkey on sbtest1  (cost=0.43..388.54 rows=99 width=4)
	        Index Cond: ((id >= 8324557) AND (id <= 8324656))

table 2 : explain SELECT SUM(k) FROM sbtest2 WHERE id BETWEEN 4864442 AND 4864541
	Aggregate  (cost=370.20..370.21 rows=1 width=8)
	  ->  Index Scan using sbtest2_pkey on sbtest2  (cost=0.43..369.97 rows=94 width=4)
	        Index Cond: ((id >= 4864442) AND (id <= 4864541))

table 3 : explain SELECT SUM(k) FROM sbtest3 WHERE id BETWEEN 4106729 AND 4106828
	Aggregate  (cost=391.85..391.86 rows=1 width=8)
	  ->  Index Scan using sbtest3_pkey on sbtest3  (cost=0.43..391.60 rows=100 width=4)
	        Index Cond: ((id >= 4106729) AND (id <= 4106828))

table 4 : explain SELECT SUM(k) FROM sbtest4 WHERE id BETWEEN 7925893 AND 7925992
	Aggregate  (cost=369.89..369.90 rows=1 width=8)
	  ->  Index Scan using sbtest4_pkey on sbtest4  (cost=0.43..369.66 rows=94 width=4)
	        Index Cond: ((id >= 7925893) AND (id <= 7925992))

table 5 : explain SELECT SUM(k) FROM sbtest5 WHERE id BETWEEN 7503681 AND 7503780
	Aggregate  (cost=395.94..395.95 rows=1 width=8)
	  ->  Index Scan using sbtest5_pkey on sbtest5  (cost=0.43..395.69 rows=101 width=4)
	        Index Cond: ((id >= 7503681) AND (id <= 7503780))

table 6 : explain SELECT SUM(k) FROM sbtest6 WHERE id BETWEEN 5238975 AND 5239074
	Aggregate  (cost=411.80..411.81 rows=1 width=8)
	  ->  Index Scan using sbtest6_pkey on sbtest6  (cost=0.43..411.54 rows=105 width=4)
	        Index Cond: ((id >= 5238975) AND (id <= 5239074))

table 7 : explain SELECT SUM(k) FROM sbtest7 WHERE id BETWEEN 24459 AND 24558
	Aggregate  (cost=367.50..367.51 rows=1 width=8)
	  ->  Index Scan using sbtest7_pkey on sbtest7  (cost=0.43..367.27 rows=94 width=4)
	        Index Cond: ((id >= 24459) AND (id <= 24558))

table 8 : explain SELECT SUM(k) FROM sbtest8 WHERE id BETWEEN 163753 AND 163852
	Aggregate  (cost=402.73..402.74 rows=1 width=8)
	  ->  Index Scan using sbtest8_pkey on sbtest8  (cost=0.43..402.47 rows=103 width=4)
	        Index Cond: ((id >= 163753) AND (id <= 163852))

for: order_ranges
table 1 : explain SELECT c FROM sbtest1 WHERE id BETWEEN 2229527 AND 2229626 ORDER BY c
	Sort  (cost=399.66..399.91 rows=101 width=121)
	  Sort Key: c
	  ->  Index Scan using sbtest1_pkey on sbtest1  (cost=0.43..396.29 rows=101 width=121)
	        Index Cond: ((id >= 2229527) AND (id <= 2229626))

table 2 : explain SELECT c FROM sbtest2 WHERE id BETWEEN 5241739 AND 5241838 ORDER BY c
	Sort  (cost=396.64..396.89 rows=100 width=121)
	  Sort Key: c
	  ->  Index Scan using sbtest2_pkey on sbtest2  (cost=0.43..393.32 rows=100 width=121)
	        Index Cond: ((id >= 5241739) AND (id <= 5241838))

table 3 : explain SELECT c FROM sbtest3 WHERE id BETWEEN 1366549 AND 1366648 ORDER BY c
	Sort  (cost=379.28..379.52 rows=96 width=121)
	  Sort Key: c
	  ->  Index Scan using sbtest3_pkey on sbtest3  (cost=0.43..376.12 rows=96 width=121)
	        Index Cond: ((id >= 1366549) AND (id <= 1366648))

table 4 : explain SELECT c FROM sbtest4 WHERE id BETWEEN 5432604 AND 5432703 ORDER BY c
	Sort  (cost=368.81..369.05 rows=93 width=121)
	  Sort Key: c
	  ->  Index Scan using sbtest4_pkey on sbtest4  (cost=0.43..365.77 rows=93 width=121)
	        Index Cond: ((id >= 5432604) AND (id <= 5432703))

table 5 : explain SELECT c FROM sbtest5 WHERE id BETWEEN 7465138 AND 7465237 ORDER BY c
	Sort  (cost=399.05..399.30 rows=101 width=121)
	  Sort Key: c
	  ->  Index Scan using sbtest5_pkey on sbtest5  (cost=0.43..395.69 rows=101 width=121)
	        Index Cond: ((id >= 7465138) AND (id <= 7465237))

table 6 : explain SELECT c FROM sbtest6 WHERE id BETWEEN 525150 AND 525249 ORDER BY c
	Sort  (cost=360.22..360.45 rows=91 width=121)
	  Sort Key: c
	  ->  Index Scan using sbtest6_pkey on sbtest6  (cost=0.43..357.26 rows=91 width=121)
	        Index Cond: ((id >= 525150) AND (id <= 525249))

table 7 : explain SELECT c FROM sbtest7 WHERE id BETWEEN 9364438 AND 9364537 ORDER BY c
	Sort  (cost=409.36..409.62 rows=104 width=121)
	  Sort Key: c
	  ->  Index Scan using sbtest7_pkey on sbtest7  (cost=0.43..405.88 rows=104 width=121)
	        Index Cond: ((id >= 9364438) AND (id <= 9364537))

table 8 : explain SELECT c FROM sbtest8 WHERE id BETWEEN 2785365 AND 2785464 ORDER BY c
	Sort  (cost=378.56..378.80 rows=96 width=121)
	  Sort Key: c
	  ->  Index Scan using sbtest8_pkey on sbtest8  (cost=0.43..375.40 rows=96 width=121)
	        Index Cond: ((id >= 2785365) AND (id <= 2785464))

for: sum_ranges
table 1 : explain SELECT SUM(k) FROM sbtest1 WHERE id BETWEEN 5498361 AND 5498460
	Aggregate  (cost=361.63..361.64 rows=1 width=8)
	  ->  Index Scan using sbtest1_pkey on sbtest1  (cost=0.43..361.40 rows=92 width=4)
	        Index Cond: ((id >= 5498361) AND (id <= 5498460))

table 2 : explain SELECT SUM(k) FROM sbtest2 WHERE id BETWEEN 7641009 AND 7641108
	Aggregate  (cost=416.91..416.92 rows=1 width=8)
	  ->  Index Scan using sbtest2_pkey on sbtest2  (cost=0.43..416.64 rows=106 width=4)
	        Index Cond: ((id >= 7641009) AND (id <= 7641108))

table 3 : explain SELECT SUM(k) FROM sbtest3 WHERE id BETWEEN 1597502 AND 1597601
	Aggregate  (cost=391.88..391.89 rows=1 width=8)
	  ->  Index Scan using sbtest3_pkey on sbtest3  (cost=0.43..391.63 rows=100 width=4)
	        Index Cond: ((id >= 1597502) AND (id <= 1597601))

table 4 : explain SELECT SUM(k) FROM sbtest4 WHERE id BETWEEN 8384381 AND 8384480
	Aggregate  (cost=381.55..381.56 rows=1 width=8)
	  ->  Index Scan using sbtest4_pkey on sbtest4  (cost=0.43..381.31 rows=97 width=4)
	        Index Cond: ((id >= 8384381) AND (id <= 8384480))

table 5 : explain SELECT SUM(k) FROM sbtest5 WHERE id BETWEEN 8741901 AND 8742000
	Aggregate  (cost=364.91..364.92 rows=1 width=8)
	  ->  Index Scan using sbtest5_pkey on sbtest5  (cost=0.43..364.68 rows=93 width=4)
	        Index Cond: ((id >= 8741901) AND (id <= 8742000))

table 6 : explain SELECT SUM(k) FROM sbtest6 WHERE id BETWEEN 5645169 AND 5645268
	Aggregate  (cost=415.68..415.69 rows=1 width=8)
	  ->  Index Scan using sbtest6_pkey on sbtest6  (cost=0.43..415.42 rows=106 width=4)
	        Index Cond: ((id >= 5645169) AND (id <= 5645268))

table 7 : explain SELECT SUM(k) FROM sbtest7 WHERE id BETWEEN 8351547 AND 8351646
	Aggregate  (cost=402.28..402.29 rows=1 width=8)
	  ->  Index Scan using sbtest7_pkey on sbtest7  (cost=0.43..402.02 rows=103 width=4)
	        Index Cond: ((id >= 8351547) AND (id <= 8351646))

table 8 : explain SELECT SUM(k) FROM sbtest8 WHERE id BETWEEN 3152568 AND 3152667
	Aggregate  (cost=402.73..402.74 rows=1 width=8)
	  ->  Index Scan using sbtest8_pkey on sbtest8  (cost=0.43..402.47 rows=103 width=4)
	        Index Cond: ((id >= 3152568) AND (id <= 3152667))

for index_updates
table 1 : explain UPDATE sbtest1 SET k=k+1 WHERE id=5401847
	Update on sbtest1  (cost=0.43..8.46 rows=0 width=0)
	  ->  Index Scan using sbtest1_pkey on sbtest1  (cost=0.43..8.46 rows=1 width=10)
	        Index Cond: (id = 5401847)

table 2 : explain UPDATE sbtest2 SET k=k+1 WHERE id=3831904
	Update on sbtest2  (cost=0.43..8.46 rows=0 width=0)
	  ->  Index Scan using sbtest2_pkey on sbtest2  (cost=0.43..8.46 rows=1 width=10)
	        Index Cond: (id = 3831904)

table 3 : explain UPDATE sbtest3 SET k=k+1 WHERE id=714268
	Update on sbtest3  (cost=0.43..8.46 rows=0 width=0)
	  ->  Index Scan using sbtest3_pkey on sbtest3  (cost=0.43..8.46 rows=1 width=10)
	        Index Cond: (id = 714268)

table 4 : explain UPDATE sbtest4 SET k=k+1 WHERE id=6985805
	Update on sbtest4  (cost=0.43..8.46 rows=0 width=0)
	  ->  Index Scan using sbtest4_pkey on sbtest4  (cost=0.43..8.46 rows=1 width=10)
	        Index Cond: (id = 6985805)

table 5 : explain UPDATE sbtest5 SET k=k+1 WHERE id=7904272
	Update on sbtest5  (cost=0.43..8.46 rows=0 width=0)
	  ->  Index Scan using sbtest5_pkey on sbtest5  (cost=0.43..8.46 rows=1 width=10)
	        Index Cond: (id = 7904272)

table 6 : explain UPDATE sbtest6 SET k=k+1 WHERE id=5347251
	Update on sbtest6  (cost=0.43..8.46 rows=0 width=0)
	  ->  Index Scan using sbtest6_pkey on sbtest6  (cost=0.43..8.46 rows=1 width=10)
	        Index Cond: (id = 5347251)

table 7 : explain UPDATE sbtest7 SET k=k+1 WHERE id=699712
	Update on sbtest7  (cost=0.43..8.46 rows=0 width=0)
	  ->  Index Scan using sbtest7_pkey on sbtest7  (cost=0.43..8.46 rows=1 width=10)
	        Index Cond: (id = 699712)

table 8 : explain UPDATE sbtest8 SET k=k+1 WHERE id=369523
	Update on sbtest8  (cost=0.43..8.46 rows=0 width=0)
	  ->  Index Scan using sbtest8_pkey on sbtest8  (cost=0.43..8.46 rows=1 width=10)
	        Index Cond: (id = 369523)

for point_selects
table 1 : explain SELECT c FROM sbtest1 WHERE id=9705700
	Index Scan using sbtest1_pkey on sbtest1  (cost=0.43..8.45 rows=1 width=121)
	  Index Cond: (id = 9705700)

table 2 : explain SELECT c FROM sbtest2 WHERE id=9734105
	Index Scan using sbtest2_pkey on sbtest2  (cost=0.43..8.45 rows=1 width=121)
	  Index Cond: (id = 9734105)

table 3 : explain SELECT c FROM sbtest3 WHERE id=7933342
	Index Scan using sbtest3_pkey on sbtest3  (cost=0.43..8.45 rows=1 width=121)
	  Index Cond: (id = 7933342)

table 4 : explain SELECT c FROM sbtest4 WHERE id=3724931
	Index Scan using sbtest4_pkey on sbtest4  (cost=0.43..8.45 rows=1 width=121)
	  Index Cond: (id = 3724931)

table 5 : explain SELECT c FROM sbtest5 WHERE id=7991994
	Index Scan using sbtest5_pkey on sbtest5  (cost=0.43..8.45 rows=1 width=121)
	  Index Cond: (id = 7991994)

table 6 : explain SELECT c FROM sbtest6 WHERE id=9277613
	Index Scan using sbtest6_pkey on sbtest6  (cost=0.43..8.45 rows=1 width=121)
	  Index Cond: (id = 9277613)

table 7 : explain SELECT c FROM sbtest7 WHERE id=909757
	Index Scan using sbtest7_pkey on sbtest7  (cost=0.43..8.45 rows=1 width=121)
	  Index Cond: (id = 909757)

table 8 : explain SELECT c FROM sbtest8 WHERE id=8335980
	Index Scan using sbtest8_pkey on sbtest8  (cost=0.43..8.45 rows=1 width=121)
	  Index Cond: (id = 8335980)

for: simple_ranges
table 1 : explain SELECT c FROM sbtest1 WHERE id BETWEEN 2639895 AND 2639994
	Index Scan using sbtest1_pkey on sbtest1  (cost=0.43..388.54 rows=99 width=121)
	  Index Cond: ((id >= 2639895) AND (id <= 2639994))

table 2 : explain SELECT c FROM sbtest2 WHERE id BETWEEN 9038844 AND 9038943
	Index Scan using sbtest2_pkey on sbtest2  (cost=0.43..385.51 rows=98 width=121)
	  Index Cond: ((id >= 9038844) AND (id <= 9038943))

table 3 : explain SELECT c FROM sbtest3 WHERE id BETWEEN 2741275 AND 2741374
	Index Scan using sbtest3_pkey on sbtest3  (cost=0.43..376.12 rows=96 width=121)
	  Index Cond: ((id >= 2741275) AND (id <= 2741374))

table 4 : explain SELECT c FROM sbtest4 WHERE id BETWEEN 9830635 AND 9830734
	Index Scan using sbtest4_pkey on sbtest4  (cost=0.43..392.99 rows=100 width=121)
	  Index Cond: ((id >= 9830635) AND (id <= 9830734))

table 5 : explain SELECT c FROM sbtest5 WHERE id BETWEEN 6163223 AND 6163322
	Index Scan using sbtest5_pkey on sbtest5  (cost=0.43..403.43 rows=103 width=121)
	  Index Cond: ((id >= 6163223) AND (id <= 6163322))

table 6 : explain SELECT c FROM sbtest6 WHERE id BETWEEN 8090196 AND 8090295
	Index Scan using sbtest6_pkey on sbtest6  (cost=0.43..353.38 rows=90 width=121)
	  Index Cond: ((id >= 8090196) AND (id <= 8090295))

table 7 : explain SELECT c FROM sbtest7 WHERE id BETWEEN 5031868 AND 5031967
	Index Scan using sbtest7_pkey on sbtest7  (cost=0.43..417.45 rows=107 width=121)
	  Index Cond: ((id >= 5031868) AND (id <= 5031967))

table 8 : explain SELECT c FROM sbtest8 WHERE id BETWEEN 3491840 AND 3491939
	Index Scan using sbtest8_pkey on sbtest8  (cost=0.43..414.06 rows=106 width=121)
	  Index Cond: ((id >= 3491840) AND (id <= 3491939))

for: distinct_ranges
table 1 : explain SELECT DISTINCT c FROM sbtest1 WHERE id BETWEEN 8355941 AND 8356040 ORDER BY c
	Unique  (cost=391.82..392.32 rows=99 width=121)
	  ->  Sort  (cost=391.82..392.07 rows=99 width=121)
	        Sort Key: c
	        ->  Index Scan using sbtest1_pkey on sbtest1  (cost=0.43..388.54 rows=99 width=121)
	              Index Cond: ((id >= 8355941) AND (id <= 8356040))

table 2 : explain SELECT DISTINCT c FROM sbtest2 WHERE id BETWEEN 5432342 AND 5432441 ORDER BY c
	Unique  (cost=408.42..408.94 rows=103 width=121)
	  ->  Sort  (cost=408.42..408.68 rows=103 width=121)
	        Sort Key: c
	        ->  Index Scan using sbtest2_pkey on sbtest2  (cost=0.43..404.98 rows=103 width=121)
	              Index Cond: ((id >= 5432342) AND (id <= 5432441))

table 3 : explain SELECT DISTINCT c FROM sbtest3 WHERE id BETWEEN 7534254 AND 7534353 ORDER BY c
	Unique  (cost=410.60..411.12 rows=104 width=121)
	  ->  Sort  (cost=410.60..410.86 rows=104 width=121)
	        Sort Key: c
	        ->  Index Scan using sbtest3_pkey on sbtest3  (cost=0.43..407.11 rows=104 width=121)
	              Index Cond: ((id >= 7534254) AND (id <= 7534353))

table 4 : explain SELECT DISTINCT c FROM sbtest4 WHERE id BETWEEN 317726 AND 317825 ORDER BY c
	Unique  (cost=443.40..443.96 rows=112 width=121)
	  ->  Sort  (cost=443.40..443.68 rows=112 width=121)
	        Sort Key: c
	        ->  Index Scan using sbtest4_pkey on sbtest4  (cost=0.43..439.59 rows=112 width=121)
	              Index Cond: ((id >= 317726) AND (id <= 317825))

table 5 : explain SELECT DISTINCT c FROM sbtest5 WHERE id BETWEEN 5532249 AND 5532348 ORDER BY c
	Unique  (cost=406.87..407.39 rows=103 width=121)
	  ->  Sort  (cost=406.87..407.13 rows=103 width=121)
	        Sort Key: c
	        ->  Index Scan using sbtest5_pkey on sbtest5  (cost=0.43..403.43 rows=103 width=121)
	              Index Cond: ((id >= 5532249) AND (id <= 5532348))

table 6 : explain SELECT DISTINCT c FROM sbtest6 WHERE id BETWEEN 9517999 AND 9518098 ORDER BY c
	Unique  (cost=434.64..435.19 rows=110 width=121)
	  ->  Sort  (cost=434.64..434.92 rows=110 width=121)
	        Sort Key: c
	        ->  Index Scan using sbtest6_pkey on sbtest6  (cost=0.43..430.91 rows=110 width=121)
	              Index Cond: ((id >= 9517999) AND (id <= 9518098))

table 7 : explain SELECT DISTINCT c FROM sbtest7 WHERE id BETWEEN 5299704 AND 5299803 ORDER BY c
	Unique  (cost=374.24..374.72 rows=95 width=121)
	  ->  Sort  (cost=374.24..374.48 rows=95 width=121)
	        Sort Key: c
	        ->  Index Scan using sbtest7_pkey on sbtest7  (cost=0.43..371.12 rows=95 width=121)
	              Index Cond: ((id >= 5299704) AND (id <= 5299803))

table 8 : explain SELECT DISTINCT c FROM sbtest8 WHERE id BETWEEN 5277059 AND 5277158 ORDER BY c
	Unique  (cost=398.11..398.62 rows=101 width=121)
	  ->  Sort  (cost=398.11..398.36 rows=101 width=121)
	        Sort Key: c
	        ->  Index Scan using sbtest8_pkey on sbtest8  (cost=0.43..394.75 rows=101 width=121)
	              Index Cond: ((id >= 5277059) AND (id <= 5277158))

for: order_ranges
table 1 : explain SELECT c FROM sbtest1 WHERE id BETWEEN 4413394 AND 4413493 ORDER BY c
	Sort  (cost=391.82..392.07 rows=99 width=121)
	  Sort Key: c
	  ->  Index Scan using sbtest1_pkey on sbtest1  (cost=0.43..388.54 rows=99 width=121)
	        Index Cond: ((id >= 4413394) AND (id <= 4413493))

table 2 : explain SELECT c FROM sbtest2 WHERE id BETWEEN 5132114 AND 5132213 ORDER BY c
	Sort  (cost=424.13..424.40 rows=107 width=121)
	  Sort Key: c
	  ->  Index Scan using sbtest2_pkey on sbtest2  (cost=0.43..420.53 rows=107 width=121)
	        Index Cond: ((id >= 5132114) AND (id <= 5132213))

table 3 : explain SELECT c FROM sbtest3 WHERE id BETWEEN 4553137 AND 4553236 ORDER BY c
	Sort  (cost=387.10..387.34 rows=98 width=121)
	  Sort Key: c
	  ->  Index Scan using sbtest3_pkey on sbtest3  (cost=0.43..383.86 rows=98 width=121)
	        Index Cond: ((id >= 4553137) AND (id <= 4553236))

table 4 : explain SELECT c FROM sbtest4 WHERE id BETWEEN 5835860 AND 5835959 ORDER BY c
	Sort  (cost=400.23..400.49 rows=101 width=121)
	  Sort Key: c
	  ->  Index Scan using sbtest4_pkey on sbtest4  (cost=0.43..396.87 rows=101 width=121)
	        Index Cond: ((id >= 5835860) AND (id <= 5835959))

table 5 : explain SELECT c FROM sbtest5 WHERE id BETWEEN 4272758 AND 4272857 ORDER BY c
	Sort  (cost=359.90..360.13 rows=91 width=121)
	  Sort Key: c
	  ->  Index Scan using sbtest5_pkey on sbtest5  (cost=0.43..356.94 rows=91 width=121)
	        Index Cond: ((id >= 4272758) AND (id <= 4272857))

table 6 : explain SELECT c FROM sbtest6 WHERE id BETWEEN 6063964 AND 6064063 ORDER BY c
	Sort  (cost=418.98..419.25 rows=106 width=121)
	  Sort Key: c
	  ->  Index Scan using sbtest6_pkey on sbtest6  (cost=0.43..415.42 rows=106 width=121)
	        Index Cond: ((id >= 6063964) AND (id <= 6064063))

table 7 : explain SELECT c FROM sbtest7 WHERE id BETWEEN 7142510 AND 7142609 ORDER BY c
	Sort  (cost=393.77..394.02 rows=100 width=121)
	  Sort Key: c
	  ->  Index Scan using sbtest7_pkey on sbtest7  (cost=0.43..390.45 rows=100 width=121)
	        Index Cond: ((id >= 7142510) AND (id <= 7142609))

table 8 : explain SELECT c FROM sbtest8 WHERE id BETWEEN 5117082 AND 5117181 ORDER BY c
	Sort  (cost=421.53..421.79 rows=107 width=121)
	  Sort Key: c
	  ->  Index Scan using sbtest8_pkey on sbtest8  (cost=0.43..417.92 rows=107 width=121)
	        Index Cond: ((id >= 5117082) AND (id <= 5117181))

for: distinct_ranges
table 1 : explain SELECT DISTINCT c FROM sbtest1 WHERE id BETWEEN 9940716 AND 9940815 ORDER BY c
	Unique  (cost=419.28..419.81 rows=106 width=121)
	  ->  Sort  (cost=419.28..419.55 rows=106 width=121)
	        Sort Key: c
	        ->  Index Scan using sbtest1_pkey on sbtest1  (cost=0.43..415.72 rows=106 width=121)
	              Index Cond: ((id >= 9940716) AND (id <= 9940815))

table 2 : explain SELECT DISTINCT c FROM sbtest2 WHERE id BETWEEN 1600693 AND 1600792 ORDER BY c
	Unique  (cost=380.90..381.38 rows=96 width=121)
	  ->  Sort  (cost=380.90..381.14 rows=96 width=121)
	        Sort Key: c
	        ->  Index Scan using sbtest2_pkey on sbtest2  (cost=0.43..377.74 rows=96 width=121)
	              Index Cond: ((id >= 1600693) AND (id <= 1600792))

table 3 : explain SELECT DISTINCT c FROM sbtest3 WHERE id BETWEEN 3721035 AND 3721134 ORDER BY c
	Unique  (cost=383.19..383.67 rows=97 width=121)
	  ->  Sort  (cost=383.19..383.43 rows=97 width=121)
	        Sort Key: c
	        ->  Index Scan using sbtest3_pkey on sbtest3  (cost=0.43..379.99 rows=97 width=121)
	              Index Cond: ((id >= 3721035) AND (id <= 3721134))

table 4 : explain SELECT DISTINCT c FROM sbtest4 WHERE id BETWEEN 404273 AND 404372 ORDER BY c
	Unique  (cost=345.28..345.71 rows=87 width=121)
	  ->  Sort  (cost=345.28..345.49 rows=87 width=121)
	        Sort Key: c
	        ->  Index Scan using sbtest4_pkey on sbtest4  (cost=0.43..342.47 rows=87 width=121)
	              Index Cond: ((id >= 404273) AND (id <= 404372))

table 5 : explain SELECT DISTINCT c FROM sbtest5 WHERE id BETWEEN 5781783 AND 5781882 ORDER BY c
	Unique  (cost=399.05..399.55 rows=101 width=121)
	  ->  Sort  (cost=399.05..399.30 rows=101 width=121)
	        Sort Key: c
	        ->  Index Scan using sbtest5_pkey on sbtest5  (cost=0.43..395.69 rows=101 width=121)
	              Index Cond: ((id >= 5781783) AND (id <= 5781882))

table 6 : explain SELECT DISTINCT c FROM sbtest6 WHERE id BETWEEN 6221736 AND 6221835 ORDER BY c
	Unique  (cost=387.66..388.15 rows=98 width=121)
	  ->  Sort  (cost=387.66..387.90 rows=98 width=121)
	        Sort Key: c
	        ->  Index Scan using sbtest6_pkey on sbtest6  (cost=0.43..384.42 rows=98 width=121)
	              Index Cond: ((id >= 6221736) AND (id <= 6221835))

table 7 : explain SELECT DISTINCT c FROM sbtest7 WHERE id BETWEEN 2427141 AND 2427240 ORDER BY c
	Unique  (cost=452.25..452.82 rows=115 width=121)
	  ->  Sort  (cost=452.25..452.53 rows=115 width=121)
	        Sort Key: c
	        ->  Index Scan using sbtest7_pkey on sbtest7  (cost=0.43..448.31 rows=115 width=121)
	              Index Cond: ((id >= 2427141) AND (id <= 2427240))

table 8 : explain SELECT DISTINCT c FROM sbtest8 WHERE id BETWEEN 2126680 AND 2126779 ORDER BY c
	Unique  (cost=413.72..414.24 rows=105 width=121)
	  ->  Sort  (cost=413.72..413.98 rows=105 width=121)
	        Sort Key: c
	        ->  Index Scan using sbtest8_pkey on sbtest8  (cost=0.43..410.19 rows=105 width=121)
	              Index Cond: ((id >= 2126680) AND (id <= 2126779))

for: order_ranges
table 1 : explain SELECT c FROM sbtest1 WHERE id BETWEEN 1274652 AND 1274751 ORDER BY c
	Sort  (cost=387.90..388.15 rows=98 width=121)
	  Sort Key: c
	  ->  Index Scan using sbtest1_pkey on sbtest1  (cost=0.43..384.66 rows=98 width=121)
	        Index Cond: ((id >= 1274652) AND (id <= 1274751))

table 2 : explain SELECT c FROM sbtest2 WHERE id BETWEEN 3049688 AND 3049787 ORDER BY c
	Sort  (cost=400.57..400.82 rows=101 width=121)
	  Sort Key: c
	  ->  Index Scan using sbtest2_pkey on sbtest2  (cost=0.43..397.21 rows=101 width=121)
	        Index Cond: ((id >= 3049688) AND (id <= 3049787))

table 3 : explain SELECT c FROM sbtest3 WHERE id BETWEEN 1413565 AND 1413664 ORDER BY c
	Sort  (cost=367.55..367.78 rows=93 width=121)
	  Sort Key: c
	  ->  Index Scan using sbtest3_pkey on sbtest3  (cost=0.43..364.51 rows=93 width=121)
	        Index Cond: ((id >= 1413565) AND (id <= 1413664))

table 4 : explain SELECT c FROM sbtest4 WHERE id BETWEEN 6946903 AND 6947002 ORDER BY c
	Sort  (cost=388.43..388.67 rows=98 width=121)
	  Sort Key: c
	  ->  Index Scan using sbtest4_pkey on sbtest4  (cost=0.43..385.19 rows=98 width=121)
	        Index Cond: ((id >= 6946903) AND (id <= 6947002))

table 5 : explain SELECT c FROM sbtest5 WHERE id BETWEEN 5188508 AND 5188607 ORDER BY c
	Sort  (cost=399.05..399.30 rows=101 width=121)
	  Sort Key: c
	  ->  Index Scan using sbtest5_pkey on sbtest5  (cost=0.43..395.69 rows=101 width=121)
	        Index Cond: ((id >= 5188508) AND (id <= 5188607))

table 6 : explain SELECT c FROM sbtest6 WHERE id BETWEEN 3698015 AND 3698114 ORDER BY c
	Sort  (cost=371.96..372.20 rows=94 width=121)
	  Sort Key: c
	  ->  Index Scan using sbtest6_pkey on sbtest6  (cost=0.43..368.88 rows=94 width=121)
	        Index Cond: ((id >= 3698015) AND (id <= 3698114))

table 7 : explain SELECT c FROM sbtest7 WHERE id BETWEEN 1055246 AND 1055345 ORDER BY c
	Sort  (cost=354.76..354.98 rows=90 width=121)
	  Sort Key: c
	  ->  Index Scan using sbtest7_pkey on sbtest7  (cost=0.43..351.84 rows=90 width=121)
	        Index Cond: ((id >= 1055246) AND (id <= 1055345))

table 8 : explain SELECT c FROM sbtest8 WHERE id BETWEEN 8372525 AND 8372624 ORDER BY c
	Sort  (cost=390.31..390.55 rows=99 width=121)
	  Sort Key: c
	  ->  Index Scan using sbtest8_pkey on sbtest8  (cost=0.43..387.02 rows=99 width=121)
	        Index Cond: ((id >= 8372525) AND (id <= 8372624))

explain: for index_updates :: explain UPDATE sbtest%u SET k=k+1 WHERE id=%u
for: order_ranges
table 1 : explain SELECT c FROM sbtest1 WHERE id BETWEEN 6633163 AND 6633262 ORDER BY c
	Sort  (cost=383.99..384.23 rows=97 width=121)
	  Sort Key: c
	  ->  Index Scan using sbtest1_pkey on sbtest1  (cost=0.43..380.78 rows=97 width=121)
	        Index Cond: ((id >= 6633163) AND (id <= 6633262))

table 2 : explain SELECT c FROM sbtest2 WHERE id BETWEEN 3077221 AND 3077320 ORDER BY c
	Sort  (cost=416.28..416.54 rows=105 width=121)
	  Sort Key: c
	  ->  Index Scan using sbtest2_pkey on sbtest2  (cost=0.43..412.75 rows=105 width=121)
	        Index Cond: ((id >= 3077221) AND (id <= 3077320))

table 3 : explain SELECT c FROM sbtest3 WHERE id BETWEEN 9706031 AND 9706130 ORDER BY c
	Sort  (cost=371.46..371.70 rows=94 width=121)
	  Sort Key: c
	  ->  Index Scan using sbtest3_pkey on sbtest3  (cost=0.43..368.38 rows=94 width=121)
	        Index Cond: ((id >= 9706031) AND (id <= 9706130))

table 4 : explain SELECT c FROM sbtest4 WHERE id BETWEEN 3213257 AND 3213356 ORDER BY c
	Sort  (cost=408.08..408.34 rows=103 width=121)
	  Sort Key: c
	  ->  Index Scan using sbtest4_pkey on sbtest4  (cost=0.43..404.64 rows=103 width=121)
	        Index Cond: ((id >= 3213257) AND (id <= 3213356))

table 5 : explain SELECT c FROM sbtest5 WHERE id BETWEEN 4715111 AND 4715210 ORDER BY c
	Sort  (cost=391.23..391.47 rows=99 width=121)
	  Sort Key: c
	  ->  Index Scan using sbtest5_pkey on sbtest5  (cost=0.43..387.94 rows=99 width=121)
	        Index Cond: ((id >= 4715111) AND (id <= 4715210))

table 6 : explain SELECT c FROM sbtest6 WHERE id BETWEEN 1170105 AND 1170204 ORDER BY c
	Sort  (cost=426.81..427.08 rows=108 width=121)
	  Sort Key: c
	  ->  Index Scan using sbtest6_pkey on sbtest6  (cost=0.43..423.16 rows=108 width=121)
	        Index Cond: ((id >= 1170105) AND (id <= 1170204))

table 7 : explain SELECT c FROM sbtest7 WHERE id BETWEEN 9228030 AND 9228129 ORDER BY c
	Sort  (cost=370.35..370.58 rows=94 width=121)
	  Sort Key: c
	  ->  Index Scan using sbtest7_pkey on sbtest7  (cost=0.43..367.27 rows=94 width=121)
	        Index Cond: ((id >= 9228030) AND (id <= 9228129))

table 8 : explain SELECT c FROM sbtest8 WHERE id BETWEEN 9305217 AND 9305316 ORDER BY c
	Sort  (cost=390.31..390.55 rows=99 width=121)
	  Sort Key: c
	  ->  Index Scan using sbtest8_pkey on sbtest8  (cost=0.43..387.02 rows=99 width=121)
	        Index Cond: ((id >= 9305217) AND (id <= 9305316))

explain: for index_updates :: explain UPDATE sbtest%u SET k=k+1 WHERE id=%u
for: simple_ranges
table 1 : explain SELECT c FROM sbtest1 WHERE id BETWEEN 5018602 AND 5018701
	Index Scan using sbtest1_pkey on sbtest1  (cost=0.43..357.52 rows=91 width=121)
	  Index Cond: ((id >= 5018602) AND (id <= 5018701))

table 2 : explain SELECT c FROM sbtest2 WHERE id BETWEEN 9765188 AND 9765287
	Index Scan using sbtest2_pkey on sbtest2  (cost=0.43..420.53 rows=107 width=121)
	  Index Cond: ((id >= 9765188) AND (id <= 9765287))

table 3 : explain SELECT c FROM sbtest3 WHERE id BETWEEN 7935650 AND 7935749
	Index Scan using sbtest3_pkey on sbtest3  (cost=0.43..391.63 rows=100 width=121)
	  Index Cond: ((id >= 7935650) AND (id <= 7935749))

table 4 : explain SELECT c FROM sbtest4 WHERE id BETWEEN 8231837 AND 8231936
	Index Scan using sbtest4_pkey on sbtest4  (cost=0.43..431.82 rows=110 width=121)
	  Index Cond: ((id >= 8231837) AND (id <= 8231936))

table 5 : explain SELECT c FROM sbtest5 WHERE id BETWEEN 6762808 AND 6762907
	Index Scan using sbtest5_pkey on sbtest5  (cost=0.43..403.43 rows=103 width=121)
	  Index Cond: ((id >= 6762808) AND (id <= 6762907))

table 6 : explain SELECT c FROM sbtest6 WHERE id BETWEEN 1930918 AND 1931017
	Index Scan using sbtest6_pkey on sbtest6  (cost=0.43..415.42 rows=106 width=121)
	  Index Cond: ((id >= 1930918) AND (id <= 1931017))

table 7 : explain SELECT c FROM sbtest7 WHERE id BETWEEN 3994509 AND 3994608
	Index Scan using sbtest7_pkey on sbtest7  (cost=0.43..374.98 rows=96 width=121)
	  Index Cond: ((id >= 3994509) AND (id <= 3994608))

table 8 : explain SELECT c FROM sbtest8 WHERE id BETWEEN 484052 AND 484151
	Index Scan using sbtest8_pkey on sbtest8  (cost=0.43..383.16 rows=98 width=121)
	  Index Cond: ((id >= 484052) AND (id <= 484151))

explain: for non_index_updates :: explain UPDATE sbtest%u SET c='foobar' WHERE id=%u
for point_selects
table 1 : explain SELECT c FROM sbtest1 WHERE id=9988259
	Index Scan using sbtest1_pkey on sbtest1  (cost=0.43..8.45 rows=1 width=121)
	  Index Cond: (id = 9988259)

table 2 : explain SELECT c FROM sbtest2 WHERE id=8577507
	Index Scan using sbtest2_pkey on sbtest2  (cost=0.43..8.45 rows=1 width=121)
	  Index Cond: (id = 8577507)

table 3 : explain SELECT c FROM sbtest3 WHERE id=3858619
	Index Scan using sbtest3_pkey on sbtest3  (cost=0.43..8.45 rows=1 width=121)
	  Index Cond: (id = 3858619)

table 4 : explain SELECT c FROM sbtest4 WHERE id=8145798
	Index Scan using sbtest4_pkey on sbtest4  (cost=0.43..8.45 rows=1 width=121)
	  Index Cond: (id = 8145798)

table 5 : explain SELECT c FROM sbtest5 WHERE id=3442233
	Index Scan using sbtest5_pkey on sbtest5  (cost=0.43..8.45 rows=1 width=121)
	  Index Cond: (id = 3442233)

table 6 : explain SELECT c FROM sbtest6 WHERE id=8682674
	Index Scan using sbtest6_pkey on sbtest6  (cost=0.43..8.45 rows=1 width=121)
	  Index Cond: (id = 8682674)

table 7 : explain SELECT c FROM sbtest7 WHERE id=3288498
	Index Scan using sbtest7_pkey on sbtest7  (cost=0.43..8.45 rows=1 width=121)
	  Index Cond: (id = 3288498)

table 8 : explain SELECT c FROM sbtest8 WHERE id=4282745
	Index Scan using sbtest8_pkey on sbtest8  (cost=0.43..8.45 rows=1 width=121)
	  Index Cond: (id = 4282745)

for: distinct_ranges
table 1 : explain SELECT DISTINCT c FROM sbtest1 WHERE id BETWEEN 3729458 AND 3729557 ORDER BY c
	Unique  (cost=356.56..357.01 rows=90 width=121)
	  ->  Sort  (cost=356.56..356.79 rows=90 width=121)
	        Sort Key: c
	        ->  Index Scan using sbtest1_pkey on sbtest1  (cost=0.43..353.64 rows=90 width=121)
	              Index Cond: ((id >= 3729458) AND (id <= 3729557))

table 2 : explain SELECT DISTINCT c FROM sbtest2 WHERE id BETWEEN 1316443 AND 1316542 ORDER BY c
	Unique  (cost=392.68..393.18 rows=99 width=121)
	  ->  Sort  (cost=392.68..392.93 rows=99 width=121)
	        Sort Key: c
	        ->  Index Scan using sbtest2_pkey on sbtest2  (cost=0.43..389.40 rows=99 width=121)
	              Index Cond: ((id >= 1316443) AND (id <= 1316542))

table 3 : explain SELECT DISTINCT c FROM sbtest3 WHERE id BETWEEN 2379796 AND 2379895 ORDER BY c
	Unique  (cost=402.78..403.29 rows=102 width=121)
	  ->  Sort  (cost=402.78..403.03 rows=102 width=121)
	        Sort Key: c
	        ->  Index Scan using sbtest3_pkey on sbtest3  (cost=0.43..399.37 rows=102 width=121)
	              Index Cond: ((id >= 2379796) AND (id <= 2379895))

table 4 : explain SELECT DISTINCT c FROM sbtest4 WHERE id BETWEEN 6534036 AND 6534135 ORDER BY c
	Unique  (cost=419.85..420.38 rows=106 width=121)
	  ->  Sort  (cost=419.85..420.12 rows=106 width=121)
	        Sort Key: c
	        ->  Index Scan using sbtest4_pkey on sbtest4  (cost=0.43..416.29 rows=106 width=121)
	              Index Cond: ((id >= 6534036) AND (id <= 6534135))

table 5 : explain SELECT DISTINCT c FROM sbtest5 WHERE id BETWEEN 7815696 AND 7815795 ORDER BY c
	Unique  (cost=395.14..395.64 rows=100 width=121)
	  ->  Sort  (cost=395.14..395.39 rows=100 width=121)
	        Sort Key: c
	        ->  Index Scan using sbtest5_pkey on sbtest5  (cost=0.43..391.82 rows=100 width=121)
	              Index Cond: ((id >= 7815696) AND (id <= 7815795))

table 6 : explain SELECT DISTINCT c FROM sbtest6 WHERE id BETWEEN 4381022 AND 4381121 ORDER BY c
	Unique  (cost=379.79..380.27 rows=96 width=121)
	  ->  Sort  (cost=379.79..380.03 rows=96 width=121)
	        Sort Key: c
	        ->  Index Scan using sbtest6_pkey on sbtest6  (cost=0.43..376.63 rows=96 width=121)
	              Index Cond: ((id >= 4381022) AND (id <= 4381121))

table 7 : explain SELECT DISTINCT c FROM sbtest7 WHERE id BETWEEN 8613634 AND 8613733 ORDER BY c
	Unique  (cost=440.55..441.11 rows=112 width=121)
	  ->  Sort  (cost=440.55..440.83 rows=112 width=121)
	        Sort Key: c
	        ->  Index Scan using sbtest7_pkey on sbtest7  (cost=0.43..436.74 rows=112 width=121)
	              Index Cond: ((id >= 8613634) AND (id <= 8613733))

table 8 : explain SELECT DISTINCT c FROM sbtest8 WHERE id BETWEEN 9595480 AND 9595579 ORDER BY c
	Unique  (cost=402.01..402.52 rows=102 width=121)
	  ->  Sort  (cost=402.01..402.27 rows=102 width=121)
	        Sort Key: c
	        ->  Index Scan using sbtest8_pkey on sbtest8  (cost=0.43..398.61 rows=102 width=121)
	              Index Cond: ((id >= 9595480) AND (id <= 9595579))

for index_updates
table 1 : explain UPDATE sbtest1 SET k=k+1 WHERE id=5281761
	Update on sbtest1  (cost=0.43..8.46 rows=0 width=0)
	  ->  Index Scan using sbtest1_pkey on sbtest1  (cost=0.43..8.46 rows=1 width=10)
	        Index Cond: (id = 5281761)

table 2 : explain UPDATE sbtest2 SET k=k+1 WHERE id=6511327
	Update on sbtest2  (cost=0.43..8.46 rows=0 width=0)
	  ->  Index Scan using sbtest2_pkey on sbtest2  (cost=0.43..8.46 rows=1 width=10)
	        Index Cond: (id = 6511327)

table 3 : explain UPDATE sbtest3 SET k=k+1 WHERE id=6824565
	Update on sbtest3  (cost=0.43..8.46 rows=0 width=0)
	  ->  Index Scan using sbtest3_pkey on sbtest3  (cost=0.43..8.46 rows=1 width=10)
	        Index Cond: (id = 6824565)

table 4 : explain UPDATE sbtest4 SET k=k+1 WHERE id=3012986
	Update on sbtest4  (cost=0.43..8.46 rows=0 width=0)
	  ->  Index Scan using sbtest4_pkey on sbtest4  (cost=0.43..8.46 rows=1 width=10)
	        Index Cond: (id = 3012986)

table 5 : explain UPDATE sbtest5 SET k=k+1 WHERE id=6345991
	Update on sbtest5  (cost=0.43..8.46 rows=0 width=0)
	  ->  Index Scan using sbtest5_pkey on sbtest5  (cost=0.43..8.46 rows=1 width=10)
	        Index Cond: (id = 6345991)

table 6 : explain UPDATE sbtest6 SET k=k+1 WHERE id=4256561
	Update on sbtest6  (cost=0.43..8.46 rows=0 width=0)
	  ->  Index Scan using sbtest6_pkey on sbtest6  (cost=0.43..8.46 rows=1 width=10)
	        Index Cond: (id = 4256561)

table 7 : explain UPDATE sbtest7 SET k=k+1 WHERE id=3568331
	Update on sbtest7  (cost=0.43..8.46 rows=0 width=0)
	  ->  Index Scan using sbtest7_pkey on sbtest7  (cost=0.43..8.46 rows=1 width=10)
	        Index Cond: (id = 3568331)

table 8 : explain UPDATE sbtest8 SET k=k+1 WHERE id=5340087
	Update on sbtest8  (cost=0.43..8.46 rows=0 width=0)
	  ->  Index Scan using sbtest8_pkey on sbtest8  (cost=0.43..8.46 rows=1 width=10)
	        Index Cond: (id = 5340087)

for index_updates
table 1 : explain UPDATE sbtest1 SET k=k+1 WHERE id=9012661
	Update on sbtest1  (cost=0.43..8.46 rows=0 width=0)
	  ->  Index Scan using sbtest1_pkey on sbtest1  (cost=0.43..8.46 rows=1 width=10)
	        Index Cond: (id = 9012661)

table 2 : explain UPDATE sbtest2 SET k=k+1 WHERE id=7763191
	Update on sbtest2  (cost=0.43..8.46 rows=0 width=0)
	  ->  Index Scan using sbtest2_pkey on sbtest2  (cost=0.43..8.46 rows=1 width=10)
	        Index Cond: (id = 7763191)

table 3 : explain UPDATE sbtest3 SET k=k+1 WHERE id=3018067
	Update on sbtest3  (cost=0.43..8.46 rows=0 width=0)
	  ->  Index Scan using sbtest3_pkey on sbtest3  (cost=0.43..8.46 rows=1 width=10)
	        Index Cond: (id = 3018067)

table 4 : explain UPDATE sbtest4 SET k=k+1 WHERE id=7051475
	Update on sbtest4  (cost=0.43..8.46 rows=0 width=0)
	  ->  Index Scan using sbtest4_pkey on sbtest4  (cost=0.43..8.46 rows=1 width=10)
	        Index Cond: (id = 7051475)

table 5 : explain UPDATE sbtest5 SET k=k+1 WHERE id=6161087
	Update on sbtest5  (cost=0.43..8.46 rows=0 width=0)
	  ->  Index Scan using sbtest5_pkey on sbtest5  (cost=0.43..8.46 rows=1 width=10)
	        Index Cond: (id = 6161087)

table 6 : explain UPDATE sbtest6 SET k=k+1 WHERE id=2463768
	Update on sbtest6  (cost=0.43..8.46 rows=0 width=0)
	  ->  Index Scan using sbtest6_pkey on sbtest6  (cost=0.43..8.46 rows=1 width=10)
	        Index Cond: (id = 2463768)

table 7 : explain UPDATE sbtest7 SET k=k+1 WHERE id=2749388
	Update on sbtest7  (cost=0.43..8.46 rows=0 width=0)
	  ->  Index Scan using sbtest7_pkey on sbtest7  (cost=0.43..8.46 rows=1 width=10)
	        Index Cond: (id = 2749388)

table 8 : explain UPDATE sbtest8 SET k=k+1 WHERE id=7054827
	Update on sbtest8  (cost=0.43..8.46 rows=0 width=0)
	  ->  Index Scan using sbtest8_pkey on sbtest8  (cost=0.43..8.46 rows=1 width=10)
	        Index Cond: (id = 7054827)

for: sum_ranges
table 1 : explain SELECT SUM(k) FROM sbtest1 WHERE id BETWEEN 6277061 AND 6277160
	Aggregate  (cost=388.79..388.80 rows=1 width=8)
	  ->  Index Scan using sbtest1_pkey on sbtest1  (cost=0.43..388.54 rows=99 width=4)
	        Index Cond: ((id >= 6277061) AND (id <= 6277160))

table 2 : explain SELECT SUM(k) FROM sbtest2 WHERE id BETWEEN 3821242 AND 3821341
	Aggregate  (cost=374.09..374.10 rows=1 width=8)
	  ->  Index Scan using sbtest2_pkey on sbtest2  (cost=0.43..373.85 rows=95 width=4)
	        Index Cond: ((id >= 3821242) AND (id <= 3821341))

table 3 : explain SELECT SUM(k) FROM sbtest3 WHERE id BETWEEN 8970296 AND 8970395
	Aggregate  (cost=384.10..384.11 rows=1 width=8)
	  ->  Index Scan using sbtest3_pkey on sbtest3  (cost=0.43..383.86 rows=98 width=4)
	        Index Cond: ((id >= 8970296) AND (id <= 8970395))

table 4 : explain SELECT SUM(k) FROM sbtest4 WHERE id BETWEEN 6799357 AND 6799456
	Aggregate  (cost=369.89..369.90 rows=1 width=8)
	  ->  Index Scan using sbtest4_pkey on sbtest4  (cost=0.43..369.66 rows=94 width=4)
	        Index Cond: ((id >= 6799357) AND (id <= 6799456))

table 5 : explain SELECT SUM(k) FROM sbtest5 WHERE id BETWEEN 9397845 AND 9397944
	Aggregate  (cost=411.43..411.44 rows=1 width=8)
	  ->  Index Scan using sbtest5_pkey on sbtest5  (cost=0.43..411.17 rows=105 width=4)
	        Index Cond: ((id >= 9397845) AND (id <= 9397944))

table 6 : explain SELECT SUM(k) FROM sbtest6 WHERE id BETWEEN 6201340 AND 6201439
	Aggregate  (cost=404.05..404.06 rows=1 width=8)
	  ->  Index Scan using sbtest6_pkey on sbtest6  (cost=0.43..403.79 rows=103 width=4)
	        Index Cond: ((id >= 6201340) AND (id <= 6201439))

table 7 : explain SELECT SUM(k) FROM sbtest7 WHERE id BETWEEN 8051491 AND 8051590
	Aggregate  (cost=433.16..433.17 rows=1 width=8)
	  ->  Index Scan using sbtest7_pkey on sbtest7  (cost=0.43..432.88 rows=111 width=4)
	        Index Cond: ((id >= 8051491) AND (id <= 8051590))

table 8 : explain SELECT SUM(k) FROM sbtest8 WHERE id BETWEEN 2399276 AND 2399375
	Aggregate  (cost=379.50..379.51 rows=1 width=8)
	  ->  Index Scan using sbtest8_pkey on sbtest8  (cost=0.43..379.26 rows=97 width=4)
	        Index Cond: ((id >= 2399276) AND (id <= 2399375))

explain: for index_updates :: explain UPDATE sbtest%u SET k=k+1 WHERE id=%u
explain: for point_selects :: explain SELECT c FROM sbtest%u WHERE id=%u
for non_index_updates
table 1 : explain UPDATE sbtest1 SET c='foobar' WHERE id=5628764
	Update on sbtest1  (cost=0.43..8.45 rows=0 width=0)
	  ->  Index Scan using sbtest1_pkey on sbtest1  (cost=0.43..8.45 rows=1 width=490)
	        Index Cond: (id = 5628764)

table 2 : explain UPDATE sbtest2 SET c='foobar' WHERE id=2780352
	Update on sbtest2  (cost=0.43..8.45 rows=0 width=0)
	  ->  Index Scan using sbtest2_pkey on sbtest2  (cost=0.43..8.45 rows=1 width=490)
	        Index Cond: (id = 2780352)

table 3 : explain UPDATE sbtest3 SET c='foobar' WHERE id=2880386
	Update on sbtest3  (cost=0.43..8.45 rows=0 width=0)
	  ->  Index Scan using sbtest3_pkey on sbtest3  (cost=0.43..8.45 rows=1 width=490)
	        Index Cond: (id = 2880386)

table 4 : explain UPDATE sbtest4 SET c='foobar' WHERE id=2591756
	Update on sbtest4  (cost=0.43..8.45 rows=0 width=0)
	  ->  Index Scan using sbtest4_pkey on sbtest4  (cost=0.43..8.45 rows=1 width=490)
	        Index Cond: (id = 2591756)

table 5 : explain UPDATE sbtest5 SET c='foobar' WHERE id=5790879
	Update on sbtest5  (cost=0.43..8.45 rows=0 width=0)
	  ->  Index Scan using sbtest5_pkey on sbtest5  (cost=0.43..8.45 rows=1 width=490)
	        Index Cond: (id = 5790879)

table 6 : explain UPDATE sbtest6 SET c='foobar' WHERE id=6042096
	Update on sbtest6  (cost=0.43..8.45 rows=0 width=0)
	  ->  Index Scan using sbtest6_pkey on sbtest6  (cost=0.43..8.45 rows=1 width=490)
	        Index Cond: (id = 6042096)

table 7 : explain UPDATE sbtest7 SET c='foobar' WHERE id=7664922
	Update on sbtest7  (cost=0.43..8.45 rows=0 width=0)
	  ->  Index Scan using sbtest7_pkey on sbtest7  (cost=0.43..8.45 rows=1 width=490)
	        Index Cond: (id = 7664922)

table 8 : explain UPDATE sbtest8 SET c='foobar' WHERE id=2681683
	Update on sbtest8  (cost=0.43..8.45 rows=0 width=0)
	  ->  Index Scan using sbtest8_pkey on sbtest8  (cost=0.43..8.45 rows=1 width=490)
	        Index Cond: (id = 2681683)

explain: for point_selects :: explain SELECT c FROM sbtest%u WHERE id=%u
for: distinct_ranges
table 1 : explain SELECT DISTINCT c FROM sbtest1 WHERE id BETWEEN 7881459 AND 7881558 ORDER BY c
	Unique  (cost=427.12..427.66 rows=108 width=121)
	  ->  Sort  (cost=427.12..427.39 rows=108 width=121)
	        Sort Key: c
	        ->  Index Scan using sbtest1_pkey on sbtest1  (cost=0.43..423.47 rows=108 width=121)
	              Index Cond: ((id >= 7881459) AND (id <= 7881558))

table 2 : explain SELECT DISTINCT c FROM sbtest2 WHERE id BETWEEN 7767161 AND 7767260 ORDER BY c
	Unique  (cost=400.57..401.07 rows=101 width=121)
	  ->  Sort  (cost=400.57..400.82 rows=101 width=121)
	        Sort Key: c
	        ->  Index Scan using sbtest2_pkey on sbtest2  (cost=0.43..397.21 rows=101 width=121)
	              Index Cond: ((id >= 7767161) AND (id <= 7767260))

table 3 : explain SELECT DISTINCT c FROM sbtest3 WHERE id BETWEEN 5114107 AND 5114206 ORDER BY c
	Unique  (cost=437.97..438.52 rows=111 width=121)
	  ->  Sort  (cost=437.97..438.25 rows=111 width=121)
	        Sort Key: c
	        ->  Index Scan using sbtest3_pkey on sbtest3  (cost=0.43..434.20 rows=111 width=121)
	              Index Cond: ((id >= 5114107) AND (id <= 5114206))

table 4 : explain SELECT DISTINCT c FROM sbtest4 WHERE id BETWEEN 7894112 AND 7894211 ORDER BY c
	Unique  (cost=372.74..373.21 rows=94 width=121)
	  ->  Sort  (cost=372.74..372.97 rows=94 width=121)
	        Sort Key: c
	        ->  Index Scan using sbtest4_pkey on sbtest4  (cost=0.43..369.66 rows=94 width=121)
	              Index Cond: ((id >= 7894112) AND (id <= 7894211))

table 5 : explain SELECT DISTINCT c FROM sbtest5 WHERE id BETWEEN 3355325 AND 3355424 ORDER BY c
	Unique  (cost=379.45..379.93 rows=96 width=121)
	  ->  Sort  (cost=379.45..379.69 rows=96 width=121)
	        Sort Key: c
	        ->  Index Scan using sbtest5_pkey on sbtest5  (cost=0.43..376.29 rows=96 width=121)
	              Index Cond: ((id >= 3355325) AND (id <= 3355424))

table 6 : explain SELECT DISTINCT c FROM sbtest6 WHERE id BETWEEN 3223291 AND 3223390 ORDER BY c
	Unique  (cost=415.07..415.59 rows=105 width=121)
	  ->  Sort  (cost=415.07..415.33 rows=105 width=121)
	        Sort Key: c
	        ->  Index Scan using sbtest6_pkey on sbtest6  (cost=0.43..411.54 rows=105 width=121)
	              Index Cond: ((id >= 3223291) AND (id <= 3223390))

table 7 : explain SELECT DISTINCT c FROM sbtest7 WHERE id BETWEEN 3940906 AND 3941005 ORDER BY c
	Unique  (cost=378.14..378.62 rows=96 width=121)
	  ->  Sort  (cost=378.14..378.38 rows=96 width=121)
	        Sort Key: c
	        ->  Index Scan using sbtest7_pkey on sbtest7  (cost=0.43..374.98 rows=96 width=121)
	              Index Cond: ((id >= 3940906) AND (id <= 3941005))

table 8 : explain SELECT DISTINCT c FROM sbtest8 WHERE id BETWEEN 6412463 AND 6412562 ORDER BY c
	Unique  (cost=398.11..398.62 rows=101 width=121)
	  ->  Sort  (cost=398.11..398.36 rows=101 width=121)
	        Sort Key: c
	        ->  Index Scan using sbtest8_pkey on sbtest8  (cost=0.43..394.75 rows=101 width=121)
	              Index Cond: ((id >= 6412463) AND (id <= 6412562))

for index_updates
table 1 : explain UPDATE sbtest1 SET k=k+1 WHERE id=2439643
	Update on sbtest1  (cost=0.43..8.46 rows=0 width=0)
	  ->  Index Scan using sbtest1_pkey on sbtest1  (cost=0.43..8.46 rows=1 width=10)
	        Index Cond: (id = 2439643)

table 2 : explain UPDATE sbtest2 SET k=k+1 WHERE id=3095350
	Update on sbtest2  (cost=0.43..8.46 rows=0 width=0)
	  ->  Index Scan using sbtest2_pkey on sbtest2  (cost=0.43..8.46 rows=1 width=10)
	        Index Cond: (id = 3095350)

table 3 : explain UPDATE sbtest3 SET k=k+1 WHERE id=5218586
	Update on sbtest3  (cost=0.43..8.46 rows=0 width=0)
	  ->  Index Scan using sbtest3_pkey on sbtest3  (cost=0.43..8.46 rows=1 width=10)
	        Index Cond: (id = 5218586)

table 4 : explain UPDATE sbtest4 SET k=k+1 WHERE id=5155573
	Update on sbtest4  (cost=0.43..8.46 rows=0 width=0)
	  ->  Index Scan using sbtest4_pkey on sbtest4  (cost=0.43..8.46 rows=1 width=10)
	        Index Cond: (id = 5155573)

table 5 : explain UPDATE sbtest5 SET k=k+1 WHERE id=5674065
	Update on sbtest5  (cost=0.43..8.46 rows=0 width=0)
	  ->  Index Scan using sbtest5_pkey on sbtest5  (cost=0.43..8.46 rows=1 width=10)
	        Index Cond: (id = 5674065)

table 6 : explain UPDATE sbtest6 SET k=k+1 WHERE id=7472435
	Update on sbtest6  (cost=0.43..8.46 rows=0 width=0)
	  ->  Index Scan using sbtest6_pkey on sbtest6  (cost=0.43..8.46 rows=1 width=10)
	        Index Cond: (id = 7472435)

table 7 : explain UPDATE sbtest7 SET k=k+1 WHERE id=6487417
	Update on sbtest7  (cost=0.43..8.46 rows=0 width=0)
	  ->  Index Scan using sbtest7_pkey on sbtest7  (cost=0.43..8.46 rows=1 width=10)
	        Index Cond: (id = 6487417)

table 8 : explain UPDATE sbtest8 SET k=k+1 WHERE id=6461210
	Update on sbtest8  (cost=0.43..8.46 rows=0 width=0)
	  ->  Index Scan using sbtest8_pkey on sbtest8  (cost=0.43..8.46 rows=1 width=10)
	        Index Cond: (id = 6461210)

explain: for non_index_updates :: explain UPDATE sbtest%u SET c='foobar' WHERE id=%u
explain: for deletes :: explain DELETE FROM sbtest%u WHERE id=%u
explain: for non_index_updates :: explain UPDATE sbtest%u SET c='foobar' WHERE id=%u
for: distinct_ranges
table 1 : explain SELECT DISTINCT c FROM sbtest1 WHERE id BETWEEN 7361652 AND 7361751 ORDER BY c
	Unique  (cost=415.37..415.89 rows=105 width=121)
	  ->  Sort  (cost=415.37..415.63 rows=105 width=121)
	        Sort Key: c
	        ->  Index Scan using sbtest1_pkey on sbtest1  (cost=0.43..411.84 rows=105 width=121)
	              Index Cond: ((id >= 7361652) AND (id <= 7361751))

table 2 : explain SELECT DISTINCT c FROM sbtest2 WHERE id BETWEEN 1560079 AND 1560178 ORDER BY c
	Unique  (cost=388.76..389.25 rows=98 width=121)
	  ->  Sort  (cost=388.76..389.00 rows=98 width=121)
	        Sort Key: c
	        ->  Index Scan using sbtest2_pkey on sbtest2  (cost=0.43..385.51 rows=98 width=121)
	              Index Cond: ((id >= 1560079) AND (id <= 1560178))

table 3 : explain SELECT DISTINCT c FROM sbtest3 WHERE id BETWEEN 1815449 AND 1815548 ORDER BY c
	Unique  (cost=391.01..391.50 rows=99 width=121)
	  ->  Sort  (cost=391.01..391.26 rows=99 width=121)
	        Sort Key: c
	        ->  Index Scan using sbtest3_pkey on sbtest3  (cost=0.43..387.73 rows=99 width=121)
	              Index Cond: ((id >= 1815449) AND (id <= 1815548))

table 4 : explain SELECT DISTINCT c FROM sbtest4 WHERE id BETWEEN 8533881 AND 8533980 ORDER BY c
	Unique  (cost=360.97..361.42 rows=91 width=121)
	  ->  Sort  (cost=360.97..361.20 rows=91 width=121)
	        Sort Key: c
	        ->  Index Scan using sbtest4_pkey on sbtest4  (cost=0.43..358.01 rows=91 width=121)
	              Index Cond: ((id >= 8533881) AND (id <= 8533980))

table 5 : explain SELECT DISTINCT c FROM sbtest5 WHERE id BETWEEN 7758821 AND 7758920 ORDER BY c
	Unique  (cost=379.45..379.93 rows=96 width=121)
	  ->  Sort  (cost=379.45..379.69 rows=96 width=121)
	        Sort Key: c
	        ->  Index Scan using sbtest5_pkey on sbtest5  (cost=0.43..376.29 rows=96 width=121)
	              Index Cond: ((id >= 7758821) AND (id <= 7758920))

table 6 : explain SELECT DISTINCT c FROM sbtest6 WHERE id BETWEEN 3768060 AND 3768159 ORDER BY c
	Unique  (cost=368.05..368.51 rows=93 width=121)
	  ->  Sort  (cost=368.05..368.28 rows=93 width=121)
	        Sort Key: c
	        ->  Index Scan using sbtest6_pkey on sbtest6  (cost=0.43..365.01 rows=93 width=121)
	              Index Cond: ((id >= 3768060) AND (id <= 3768159))

table 7 : explain SELECT DISTINCT c FROM sbtest7 WHERE id BETWEEN 7215136 AND 7215235 ORDER BY c
	Unique  (cost=366.45..366.91 rows=93 width=121)
	  ->  Sort  (cost=366.45..366.68 rows=93 width=121)
	        Sort Key: c
	        ->  Index Scan using sbtest7_pkey on sbtest7  (cost=0.43..363.41 rows=93 width=121)
	              Index Cond: ((id >= 7215136) AND (id <= 7215235))

table 8 : explain SELECT DISTINCT c FROM sbtest8 WHERE id BETWEEN 3998940 AND 3999039 ORDER BY c
	Unique  (cost=362.95..363.41 rows=92 width=121)
	  ->  Sort  (cost=362.95..363.18 rows=92 width=121)
	        Sort Key: c
	        ->  Index Scan using sbtest8_pkey on sbtest8  (cost=0.43..359.95 rows=92 width=121)
	              Index Cond: ((id >= 3998940) AND (id <= 3999039))

explain: for non_index_updates :: explain UPDATE sbtest%u SET c='foobar' WHERE id=%u
for deletes
table 1 : explain DELETE FROM sbtest1 WHERE id=9554846
	Delete on sbtest1  (cost=0.43..8.45 rows=0 width=0)
	  ->  Index Scan using sbtest1_pkey on sbtest1  (cost=0.43..8.45 rows=1 width=6)
	        Index Cond: (id = 9554846)

table 2 : explain DELETE FROM sbtest2 WHERE id=9502304
	Delete on sbtest2  (cost=0.43..8.45 rows=0 width=0)
	  ->  Index Scan using sbtest2_pkey on sbtest2  (cost=0.43..8.45 rows=1 width=6)
	        Index Cond: (id = 9502304)

table 3 : explain DELETE FROM sbtest3 WHERE id=1705633
	Delete on sbtest3  (cost=0.43..8.45 rows=0 width=0)
	  ->  Index Scan using sbtest3_pkey on sbtest3  (cost=0.43..8.45 rows=1 width=6)
	        Index Cond: (id = 1705633)

table 4 : explain DELETE FROM sbtest4 WHERE id=1316179
	Delete on sbtest4  (cost=0.43..8.45 rows=0 width=0)
	  ->  Index Scan using sbtest4_pkey on sbtest4  (cost=0.43..8.45 rows=1 width=6)
	        Index Cond: (id = 1316179)

table 5 : explain DELETE FROM sbtest5 WHERE id=6457898
	Delete on sbtest5  (cost=0.43..8.45 rows=0 width=0)
	  ->  Index Scan using sbtest5_pkey on sbtest5  (cost=0.43..8.45 rows=1 width=6)
	        Index Cond: (id = 6457898)

table 6 : explain DELETE FROM sbtest6 WHERE id=6027626
	Delete on sbtest6  (cost=0.43..8.45 rows=0 width=0)
	  ->  Index Scan using sbtest6_pkey on sbtest6  (cost=0.43..8.45 rows=1 width=6)
	        Index Cond: (id = 6027626)

table 7 : explain DELETE FROM sbtest7 WHERE id=8526687
	Delete on sbtest7  (cost=0.43..8.45 rows=0 width=0)
	  ->  Index Scan using sbtest7_pkey on sbtest7  (cost=0.43..8.45 rows=1 width=6)
	        Index Cond: (id = 8526687)

table 8 : explain DELETE FROM sbtest8 WHERE id=9685182
	Delete on sbtest8  (cost=0.43..8.45 rows=0 width=0)
	  ->  Index Scan using sbtest8_pkey on sbtest8  (cost=0.43..8.45 rows=1 width=6)
	        Index Cond: (id = 9685182)

explain: for index_updates :: explain UPDATE sbtest%u SET k=k+1 WHERE id=%u
for: distinct_ranges
table 1 : explain SELECT DISTINCT c FROM sbtest1 WHERE id BETWEEN 5031777 AND 5031876 ORDER BY c
	Unique  (cost=360.48..360.93 rows=91 width=121)
	  ->  Sort  (cost=360.48..360.71 rows=91 width=121)
	        Sort Key: c
	        ->  Index Scan using sbtest1_pkey on sbtest1  (cost=0.43..357.52 rows=91 width=121)
	              Index Cond: ((id >= 5031777) AND (id <= 5031876))

table 2 : explain SELECT DISTINCT c FROM sbtest2 WHERE id BETWEEN 9907279 AND 9907378 ORDER BY c
	Unique  (cost=384.83..385.31 rows=97 width=121)
	  ->  Sort  (cost=384.83..385.07 rows=97 width=121)
	        Sort Key: c
	        ->  Index Scan using sbtest2_pkey on sbtest2  (cost=0.43..381.63 rows=97 width=121)
	              Index Cond: ((id >= 9907279) AND (id <= 9907378))

table 3 : explain SELECT DISTINCT c FROM sbtest3 WHERE id BETWEEN 6997224 AND 6997323 ORDER BY c
	Unique  (cost=383.19..383.67 rows=97 width=121)
	  ->  Sort  (cost=383.19..383.43 rows=97 width=121)
	        Sort Key: c
	        ->  Index Scan using sbtest3_pkey on sbtest3  (cost=0.43..379.99 rows=97 width=121)
	              Index Cond: ((id >= 6997224) AND (id <= 6997323))

table 4 : explain SELECT DISTINCT c FROM sbtest4 WHERE id BETWEEN 3312972 AND 3313071 ORDER BY c
	Unique  (cost=400.23..400.74 rows=101 width=121)
	  ->  Sort  (cost=400.23..400.49 rows=101 width=121)
	        Sort Key: c
	        ->  Index Scan using sbtest4_pkey on sbtest4  (cost=0.43..396.87 rows=101 width=121)
	              Index Cond: ((id >= 3312972) AND (id <= 3313071))

table 5 : explain SELECT DISTINCT c FROM sbtest5 WHERE id BETWEEN 6504976 AND 6505075 ORDER BY c
	Unique  (cost=379.45..379.93 rows=96 width=121)
	  ->  Sort  (cost=379.45..379.69 rows=96 width=121)
	        Sort Key: c
	        ->  Index Scan using sbtest5_pkey on sbtest5  (cost=0.43..376.29 rows=96 width=121)
	              Index Cond: ((id >= 6504976) AND (id <= 6505075))

table 6 : explain SELECT DISTINCT c FROM sbtest6 WHERE id BETWEEN 1121015 AND 1121114 ORDER BY c
	Unique  (cost=403.32..403.83 rows=102 width=121)
	  ->  Sort  (cost=403.32..403.57 rows=102 width=121)
	        Sort Key: c
	        ->  Index Scan using sbtest6_pkey on sbtest6  (cost=0.43..399.92 rows=102 width=121)
	              Index Cond: ((id >= 1121015) AND (id <= 1121114))

table 7 : explain SELECT DISTINCT c FROM sbtest7 WHERE id BETWEEN 7991915 AND 7992014 ORDER BY c
	Unique  (cost=350.86..351.31 rows=89 width=121)
	  ->  Sort  (cost=350.86..351.08 rows=89 width=121)
	        Sort Key: c
	        ->  Index Scan using sbtest7_pkey on sbtest7  (cost=0.43..347.98 rows=89 width=121)
	              Index Cond: ((id >= 7991915) AND (id <= 7992014))

table 8 : explain SELECT DISTINCT c FROM sbtest8 WHERE id BETWEEN 2178226 AND 2178325 ORDER BY c
	Unique  (cost=413.72..414.24 rows=105 width=121)
	  ->  Sort  (cost=413.72..413.98 rows=105 width=121)
	        Sort Key: c
	        ->  Index Scan using sbtest8_pkey on sbtest8  (cost=0.43..410.19 rows=105 width=121)
	              Index Cond: ((id >= 2178226) AND (id <= 2178325))

explain: for index_updates :: explain UPDATE sbtest%u SET k=k+1 WHERE id=%u
for non_index_updates
table 1 : explain UPDATE sbtest1 SET c='foobar' WHERE id=8397998
	Update on sbtest1  (cost=0.43..8.45 rows=0 width=0)
	  ->  Index Scan using sbtest1_pkey on sbtest1  (cost=0.43..8.45 rows=1 width=490)
	        Index Cond: (id = 8397998)

table 2 : explain UPDATE sbtest2 SET c='foobar' WHERE id=4057573
	Update on sbtest2  (cost=0.43..8.45 rows=0 width=0)
	  ->  Index Scan using sbtest2_pkey on sbtest2  (cost=0.43..8.45 rows=1 width=490)
	        Index Cond: (id = 4057573)

table 3 : explain UPDATE sbtest3 SET c='foobar' WHERE id=175984
	Update on sbtest3  (cost=0.43..8.45 rows=0 width=0)
	  ->  Index Scan using sbtest3_pkey on sbtest3  (cost=0.43..8.45 rows=1 width=490)
	        Index Cond: (id = 175984)

table 4 : explain UPDATE sbtest4 SET c='foobar' WHERE id=3232228
	Update on sbtest4  (cost=0.43..8.45 rows=0 width=0)
	  ->  Index Scan using sbtest4_pkey on sbtest4  (cost=0.43..8.45 rows=1 width=490)
	        Index Cond: (id = 3232228)

table 5 : explain UPDATE sbtest5 SET c='foobar' WHERE id=1263854
	Update on sbtest5  (cost=0.43..8.45 rows=0 width=0)
	  ->  Index Scan using sbtest5_pkey on sbtest5  (cost=0.43..8.45 rows=1 width=490)
	        Index Cond: (id = 1263854)

table 6 : explain UPDATE sbtest6 SET c='foobar' WHERE id=8907469
	Update on sbtest6  (cost=0.43..8.45 rows=0 width=0)
	  ->  Index Scan using sbtest6_pkey on sbtest6  (cost=0.43..8.45 rows=1 width=490)
	        Index Cond: (id = 8907469)

table 7 : explain UPDATE sbtest7 SET c='foobar' WHERE id=1773860
	Update on sbtest7  (cost=0.43..8.45 rows=0 width=0)
	  ->  Index Scan using sbtest7_pkey on sbtest7  (cost=0.43..8.45 rows=1 width=490)
	        Index Cond: (id = 1773860)

table 8 : explain UPDATE sbtest8 SET c='foobar' WHERE id=2909005
	Update on sbtest8  (cost=0.43..8.45 rows=0 width=0)
	  ->  Index Scan using sbtest8_pkey on sbtest8  (cost=0.43..8.45 rows=1 width=490)
	        Index Cond: (id = 2909005)

for: distinct_ranges
table 1 : explain SELECT DISTINCT c FROM sbtest1 WHERE id BETWEEN 2879905 AND 2880004 ORDER BY c
	Unique  (cost=391.82..392.32 rows=99 width=121)
	  ->  Sort  (cost=391.82..392.07 rows=99 width=121)
	        Sort Key: c
	        ->  Index Scan using sbtest1_pkey on sbtest1  (cost=0.43..388.54 rows=99 width=121)
	              Index Cond: ((id >= 2879905) AND (id <= 2880004))

table 2 : explain SELECT DISTINCT c FROM sbtest2 WHERE id BETWEEN 2721000 AND 2721099 ORDER BY c
	Unique  (cost=384.83..385.31 rows=97 width=121)
	  ->  Sort  (cost=384.83..385.07 rows=97 width=121)
	        Sort Key: c
	        ->  Index Scan using sbtest2_pkey on sbtest2  (cost=0.43..381.63 rows=97 width=121)
	              Index Cond: ((id >= 2721000) AND (id <= 2721099))

table 3 : explain SELECT DISTINCT c FROM sbtest3 WHERE id BETWEEN 7345440 AND 7345539 ORDER BY c
	Unique  (cost=383.19..383.67 rows=97 width=121)
	  ->  Sort  (cost=383.19..383.43 rows=97 width=121)
	        Sort Key: c
	        ->  Index Scan using sbtest3_pkey on sbtest3  (cost=0.43..379.99 rows=97 width=121)
	              Index Cond: ((id >= 7345440) AND (id <= 7345539))

table 4 : explain SELECT DISTINCT c FROM sbtest4 WHERE id BETWEEN 4301658 AND 4301757 ORDER BY c
	Unique  (cost=404.16..404.67 rows=102 width=121)
	  ->  Sort  (cost=404.16..404.41 rows=102 width=121)
	        Sort Key: c
	        ->  Index Scan using sbtest4_pkey on sbtest4  (cost=0.43..400.76 rows=102 width=121)
	              Index Cond: ((id >= 4301658) AND (id <= 4301757))

table 5 : explain SELECT DISTINCT c FROM sbtest5 WHERE id BETWEEN 5349375 AND 5349474 ORDER BY c
	Unique  (cost=383.37..383.85 rows=97 width=121)
	  ->  Sort  (cost=383.37..383.61 rows=97 width=121)
	        Sort Key: c
	        ->  Index Scan using sbtest5_pkey on sbtest5  (cost=0.43..380.16 rows=97 width=121)
	              Index Cond: ((id >= 5349375) AND (id <= 5349474))

table 6 : explain SELECT DISTINCT c FROM sbtest6 WHERE id BETWEEN 3770923 AND 3771022 ORDER BY c
	Unique  (cost=368.05..368.51 rows=93 width=121)
	  ->  Sort  (cost=368.05..368.28 rows=93 width=121)
	        Sort Key: c
	        ->  Index Scan using sbtest6_pkey on sbtest6  (cost=0.43..365.01 rows=93 width=121)
	              Index Cond: ((id >= 3770923) AND (id <= 3771022))

table 7 : explain SELECT DISTINCT c FROM sbtest7 WHERE id BETWEEN 4920000 AND 4920099 ORDER BY c
	Unique  (cost=409.36..409.88 rows=104 width=121)
	  ->  Sort  (cost=409.36..409.62 rows=104 width=121)
	        Sort Key: c
	        ->  Index Scan using sbtest7_pkey on sbtest7  (cost=0.43..405.88 rows=104 width=121)
	              Index Cond: ((id >= 4920000) AND (id <= 4920099))

table 8 : explain SELECT DISTINCT c FROM sbtest8 WHERE id BETWEEN 6138672 AND 6138771 ORDER BY c
	Unique  (cost=398.11..398.62 rows=101 width=121)
	  ->  Sort  (cost=398.11..398.36 rows=101 width=121)
	        Sort Key: c
	        ->  Index Scan using sbtest8_pkey on sbtest8  (cost=0.43..394.75 rows=101 width=121)
	              Index Cond: ((id >= 6138672) AND (id <= 6138771))

for: order_ranges
table 1 : explain SELECT c FROM sbtest1 WHERE id BETWEEN 9048401 AND 9048500 ORDER BY c
	Sort  (cost=419.28..419.55 rows=106 width=121)
	  Sort Key: c
	  ->  Index Scan using sbtest1_pkey on sbtest1  (cost=0.43..415.72 rows=106 width=121)
	        Index Cond: ((id >= 9048401) AND (id <= 9048500))

table 2 : explain SELECT c FROM sbtest2 WHERE id BETWEEN 8264785 AND 8264884 ORDER BY c
	Sort  (cost=384.83..385.07 rows=97 width=121)
	  Sort Key: c
	  ->  Index Scan using sbtest2_pkey on sbtest2  (cost=0.43..381.63 rows=97 width=121)
	        Index Cond: ((id >= 8264785) AND (id <= 8264884))

table 3 : explain SELECT c FROM sbtest3 WHERE id BETWEEN 9212930 AND 9213029 ORDER BY c
	Sort  (cost=348.01..348.23 rows=88 width=121)
	  Sort Key: c
	  ->  Index Scan using sbtest3_pkey on sbtest3  (cost=0.43..345.16 rows=88 width=121)
	        Index Cond: ((id >= 9212930) AND (id <= 9213029))

table 4 : explain SELECT c FROM sbtest4 WHERE id BETWEEN 3598694 AND 3598793 ORDER BY c
	Sort  (cost=408.08..408.34 rows=103 width=121)
	  Sort Key: c
	  ->  Index Scan using sbtest4_pkey on sbtest4  (cost=0.43..404.64 rows=103 width=121)
	        Index Cond: ((id >= 3598694) AND (id <= 3598793))

table 5 : explain SELECT c FROM sbtest5 WHERE id BETWEEN 1963073 AND 1963172 ORDER BY c
	Sort  (cost=438.17..438.45 rows=111 width=121)
	  Sort Key: c
	  ->  Index Scan using sbtest5_pkey on sbtest5  (cost=0.43..434.40 rows=111 width=121)
	        Index Cond: ((id >= 1963073) AND (id <= 1963172))

table 6 : explain SELECT c FROM sbtest6 WHERE id BETWEEN 8063815 AND 8063914 ORDER BY c
	Sort  (cost=356.30..356.53 rows=90 width=121)
	  Sort Key: c
	  ->  Index Scan using sbtest6_pkey on sbtest6  (cost=0.43..353.38 rows=90 width=121)
	        Index Cond: ((id >= 8063815) AND (id <= 8063914))

table 7 : explain SELECT c FROM sbtest7 WHERE id BETWEEN 5240371 AND 5240470 ORDER BY c
	Sort  (cost=374.24..374.48 rows=95 width=121)
	  Sort Key: c
	  ->  Index Scan using sbtest7_pkey on sbtest7  (cost=0.43..371.12 rows=95 width=121)
	        Index Cond: ((id >= 5240371) AND (id <= 5240470))

table 8 : explain SELECT c FROM sbtest8 WHERE id BETWEEN 3065095 AND 3065194 ORDER BY c
	Sort  (cost=394.21..394.46 rows=100 width=121)
	  Sort Key: c
	  ->  Index Scan using sbtest8_pkey on sbtest8  (cost=0.43..390.89 rows=100 width=121)
	        Index Cond: ((id >= 3065095) AND (id <= 3065194))

for: order_ranges
table 1 : explain SELECT c FROM sbtest1 WHERE id BETWEEN 474712 AND 474811 ORDER BY c
	Sort  (cost=399.69..399.95 rows=101 width=121)
	  Sort Key: c
	  ->  Index Scan using sbtest1_pkey on sbtest1  (cost=0.43..396.33 rows=101 width=121)
	        Index Cond: ((id >= 474712) AND (id <= 474811))

table 2 : explain SELECT c FROM sbtest2 WHERE id BETWEEN 2930699 AND 2930798 ORDER BY c
	Sort  (cost=400.57..400.82 rows=101 width=121)
	  Sort Key: c
	  ->  Index Scan using sbtest2_pkey on sbtest2  (cost=0.43..397.21 rows=101 width=121)
	        Index Cond: ((id >= 2930699) AND (id <= 2930798))

table 3 : explain SELECT c FROM sbtest3 WHERE id BETWEEN 8517474 AND 8517573 ORDER BY c
	Sort  (cost=430.15..430.42 rows=109 width=121)
	  Sort Key: c
	  ->  Index Scan using sbtest3_pkey on sbtest3  (cost=0.43..426.46 rows=109 width=121)
	        Index Cond: ((id >= 8517474) AND (id <= 8517573))

table 4 : explain SELECT c FROM sbtest4 WHERE id BETWEEN 5221552 AND 5221651 ORDER BY c
	Sort  (cost=415.93..416.19 rows=105 width=121)
	  Sort Key: c
	  ->  Index Scan using sbtest4_pkey on sbtest4  (cost=0.43..412.40 rows=105 width=121)
	        Index Cond: ((id >= 5221552) AND (id <= 5221651))

table 5 : explain SELECT c FROM sbtest5 WHERE id BETWEEN 6369835 AND 6369934 ORDER BY c
	Sort  (cost=367.72..367.95 rows=93 width=121)
	  Sort Key: c
	  ->  Index Scan using sbtest5_pkey on sbtest5  (cost=0.43..364.68 rows=93 width=121)
	        Index Cond: ((id >= 6369835) AND (id <= 6369934))

table 6 : explain SELECT c FROM sbtest6 WHERE id BETWEEN 7982818 AND 7982917 ORDER BY c
	Sort  (cost=368.05..368.28 rows=93 width=121)
	  Sort Key: c
	  ->  Index Scan using sbtest6_pkey on sbtest6  (cost=0.43..365.01 rows=93 width=121)
	        Index Cond: ((id >= 7982818) AND (id <= 7982917))

table 7 : explain SELECT c FROM sbtest7 WHERE id BETWEEN 9048419 AND 9048518 ORDER BY c
	Sort  (cost=385.98..386.22 rows=98 width=121)
	  Sort Key: c
	  ->  Index Scan using sbtest7_pkey on sbtest7  (cost=0.43..382.74 rows=98 width=121)
	        Index Cond: ((id >= 9048419) AND (id <= 9048518))

table 8 : explain SELECT c FROM sbtest8 WHERE id BETWEEN 2657154 AND 2657253 ORDER BY c
	Sort  (cost=448.85..449.13 rows=114 width=121)
	  Sort Key: c
	  ->  Index Scan using sbtest8_pkey on sbtest8  (cost=0.43..444.95 rows=114 width=121)
	        Index Cond: ((id >= 2657154) AND (id <= 2657253))

for: order_ranges
table 1 : explain SELECT c FROM sbtest1 WHERE id BETWEEN 9827586 AND 9827685 ORDER BY c
	Sort  (cost=391.82..392.07 rows=99 width=121)
	  Sort Key: c
	  ->  Index Scan using sbtest1_pkey on sbtest1  (cost=0.43..388.54 rows=99 width=121)
	        Index Cond: ((id >= 9827586) AND (id <= 9827685))

table 2 : explain SELECT c FROM sbtest2 WHERE id BETWEEN 4919692 AND 4919791 ORDER BY c
	Sort  (cost=420.21..420.47 rows=106 width=121)
	  Sort Key: c
	  ->  Index Scan using sbtest2_pkey on sbtest2  (cost=0.43..416.64 rows=106 width=121)
	        Index Cond: ((id >= 4919692) AND (id <= 4919791))

table 3 : explain SELECT c FROM sbtest3 WHERE id BETWEEN 8701435 AND 8701534 ORDER BY c
	Sort  (cost=363.64..363.87 rows=92 width=121)
	  Sort Key: c
	  ->  Index Scan using sbtest3_pkey on sbtest3  (cost=0.43..360.64 rows=92 width=121)
	        Index Cond: ((id >= 8701435) AND (id <= 8701534))

table 4 : explain SELECT c FROM sbtest4 WHERE id BETWEEN 3050471 AND 3050570 ORDER BY c
	Sort  (cost=360.97..361.20 rows=91 width=121)
	  Sort Key: c
	  ->  Index Scan using sbtest4_pkey on sbtest4  (cost=0.43..358.01 rows=91 width=121)
	        Index Cond: ((id >= 3050471) AND (id <= 3050570))

table 5 : explain SELECT c FROM sbtest5 WHERE id BETWEEN 7607264 AND 7607363 ORDER BY c
	Sort  (cost=426.43..426.70 rows=108 width=121)
	  Sort Key: c
	  ->  Index Scan using sbtest5_pkey on sbtest5  (cost=0.43..422.79 rows=108 width=121)
	        Index Cond: ((id >= 7607264) AND (id <= 7607363))

table 6 : explain SELECT c FROM sbtest6 WHERE id BETWEEN 4844548 AND 4844647 ORDER BY c
	Sort  (cost=391.57..391.82 rows=99 width=121)
	  Sort Key: c
	  ->  Index Scan using sbtest6_pkey on sbtest6  (cost=0.43..388.29 rows=99 width=121)
	        Index Cond: ((id >= 4844548) AND (id <= 4844647))

table 7 : explain SELECT c FROM sbtest7 WHERE id BETWEEN 5076589 AND 5076688 ORDER BY c
	Sort  (cost=421.06..421.33 rows=107 width=121)
	  Sort Key: c
	  ->  Index Scan using sbtest7_pkey on sbtest7  (cost=0.43..417.45 rows=107 width=121)
	        Index Cond: ((id >= 5076589) AND (id <= 5076688))

table 8 : explain SELECT c FROM sbtest8 WHERE id BETWEEN 9106515 AND 9106614 ORDER BY c
	Sort  (cost=378.56..378.80 rows=96 width=121)
	  Sort Key: c
	  ->  Index Scan using sbtest8_pkey on sbtest8  (cost=0.43..375.40 rows=96 width=121)
	        Index Cond: ((id >= 9106515) AND (id <= 9106614))

explain: for deletes :: explain DELETE FROM sbtest%u WHERE id=%u
for: distinct_ranges
table 1 : explain SELECT DISTINCT c FROM sbtest1 WHERE id BETWEEN 7094401 AND 7094500 ORDER BY c
	Unique  (cost=399.69..400.20 rows=101 width=121)
	  ->  Sort  (cost=399.69..399.95 rows=101 width=121)
	        Sort Key: c
	        ->  Index Scan using sbtest1_pkey on sbtest1  (cost=0.43..396.33 rows=101 width=121)
	              Index Cond: ((id >= 7094401) AND (id <= 7094500))

table 2 : explain SELECT DISTINCT c FROM sbtest2 WHERE id BETWEEN 549525 AND 549624 ORDER BY c
	Unique  (cost=439.84..440.40 rows=111 width=121)
	  ->  Sort  (cost=439.84..440.12 rows=111 width=121)
	        Sort Key: c
	        ->  Index Scan using sbtest2_pkey on sbtest2  (cost=0.43..436.07 rows=111 width=121)
	              Index Cond: ((id >= 549525) AND (id <= 549624))

table 3 : explain SELECT DISTINCT c FROM sbtest3 WHERE id BETWEEN 6079440 AND 6079539 ORDER BY c
	Unique  (cost=387.10..387.59 rows=98 width=121)
	  ->  Sort  (cost=387.10..387.34 rows=98 width=121)
	        Sort Key: c
	        ->  Index Scan using sbtest3_pkey on sbtest3  (cost=0.43..383.86 rows=98 width=121)
	              Index Cond: ((id >= 6079440) AND (id <= 6079539))

table 4 : explain SELECT DISTINCT c FROM sbtest4 WHERE id BETWEEN 9943678 AND 9943777 ORDER BY c
	Unique  (cost=360.97..361.42 rows=91 width=121)
	  ->  Sort  (cost=360.97..361.20 rows=91 width=121)
	        Sort Key: c
	        ->  Index Scan using sbtest4_pkey on sbtest4  (cost=0.43..358.01 rows=91 width=121)
	              Index Cond: ((id >= 9943678) AND (id <= 9943777))

table 5 : explain SELECT DISTINCT c FROM sbtest5 WHERE id BETWEEN 3469037 AND 3469136 ORDER BY c
	Unique  (cost=375.54..376.02 rows=95 width=121)
	  ->  Sort  (cost=375.54..375.78 rows=95 width=121)
	        Sort Key: c
	        ->  Index Scan using sbtest5_pkey on sbtest5  (cost=0.43..372.42 rows=95 width=121)
	              Index Cond: ((id >= 3469037) AND (id <= 3469136))

table 6 : explain SELECT DISTINCT c FROM sbtest6 WHERE id BETWEEN 3503144 AND 3503243 ORDER BY c
	Unique  (cost=391.57..392.07 rows=99 width=121)
	  ->  Sort  (cost=391.57..391.82 rows=99 width=121)
	        Sort Key: c
	        ->  Index Scan using sbtest6_pkey on sbtest6  (cost=0.43..388.29 rows=99 width=121)
	              Index Cond: ((id >= 3503144) AND (id <= 3503243))

table 7 : explain SELECT DISTINCT c FROM sbtest7 WHERE id BETWEEN 7324353 AND 7324452 ORDER BY c
	Unique  (cost=362.55..363.01 rows=92 width=121)
	  ->  Sort  (cost=362.55..362.78 rows=92 width=121)
	        Sort Key: c
	        ->  Index Scan using sbtest7_pkey on sbtest7  (cost=0.43..359.55 rows=92 width=121)
	              Index Cond: ((id >= 7324353) AND (id <= 7324452))

table 8 : explain SELECT DISTINCT c FROM sbtest8 WHERE id BETWEEN 3637353 AND 3637452 ORDER BY c
	Unique  (cost=441.04..441.60 rows=112 width=121)
	  ->  Sort  (cost=441.04..441.32 rows=112 width=121)
	        Sort Key: c
	        ->  Index Scan using sbtest8_pkey on sbtest8  (cost=0.43..437.23 rows=112 width=121)
	              Index Cond: ((id >= 3637353) AND (id <= 3637452))

for index_updates
table 1 : explain UPDATE sbtest1 SET k=k+1 WHERE id=9644990
	Update on sbtest1  (cost=0.43..8.46 rows=0 width=0)
	  ->  Index Scan using sbtest1_pkey on sbtest1  (cost=0.43..8.46 rows=1 width=10)
	        Index Cond: (id = 9644990)

table 2 : explain UPDATE sbtest2 SET k=k+1 WHERE id=6928232
	Update on sbtest2  (cost=0.43..8.46 rows=0 width=0)
	  ->  Index Scan using sbtest2_pkey on sbtest2  (cost=0.43..8.46 rows=1 width=10)
	        Index Cond: (id = 6928232)

table 3 : explain UPDATE sbtest3 SET k=k+1 WHERE id=3045009
	Update on sbtest3  (cost=0.43..8.46 rows=0 width=0)
	  ->  Index Scan using sbtest3_pkey on sbtest3  (cost=0.43..8.46 rows=1 width=10)
	        Index Cond: (id = 3045009)

table 4 : explain UPDATE sbtest4 SET k=k+1 WHERE id=4951735
	Update on sbtest4  (cost=0.43..8.46 rows=0 width=0)
	  ->  Index Scan using sbtest4_pkey on sbtest4  (cost=0.43..8.46 rows=1 width=10)
	        Index Cond: (id = 4951735)

table 5 : explain UPDATE sbtest5 SET k=k+1 WHERE id=32281
	Update on sbtest5  (cost=0.43..8.46 rows=0 width=0)
	  ->  Index Scan using sbtest5_pkey on sbtest5  (cost=0.43..8.46 rows=1 width=10)
	        Index Cond: (id = 32281)

table 6 : explain UPDATE sbtest6 SET k=k+1 WHERE id=2024480
	Update on sbtest6  (cost=0.43..8.46 rows=0 width=0)
	  ->  Index Scan using sbtest6_pkey on sbtest6  (cost=0.43..8.46 rows=1 width=10)
	        Index Cond: (id = 2024480)

table 7 : explain UPDATE sbtest7 SET k=k+1 WHERE id=6265846
	Update on sbtest7  (cost=0.43..8.46 rows=0 width=0)
	  ->  Index Scan using sbtest7_pkey on sbtest7  (cost=0.43..8.46 rows=1 width=10)
	        Index Cond: (id = 6265846)

table 8 : explain UPDATE sbtest8 SET k=k+1 WHERE id=4752917
	Update on sbtest8  (cost=0.43..8.46 rows=0 width=0)
	  ->  Index Scan using sbtest8_pkey on sbtest8  (cost=0.43..8.46 rows=1 width=10)
	        Index Cond: (id = 4752917)

for non_index_updates
table 1 : explain UPDATE sbtest1 SET c='foobar' WHERE id=1075545
	Update on sbtest1  (cost=0.43..8.45 rows=0 width=0)
	  ->  Index Scan using sbtest1_pkey on sbtest1  (cost=0.43..8.45 rows=1 width=490)
	        Index Cond: (id = 1075545)

table 2 : explain UPDATE sbtest2 SET c='foobar' WHERE id=4987585
	Update on sbtest2  (cost=0.43..8.45 rows=0 width=0)
	  ->  Index Scan using sbtest2_pkey on sbtest2  (cost=0.43..8.45 rows=1 width=490)
	        Index Cond: (id = 4987585)

table 3 : explain UPDATE sbtest3 SET c='foobar' WHERE id=9020831
	Update on sbtest3  (cost=0.43..8.45 rows=0 width=0)
	  ->  Index Scan using sbtest3_pkey on sbtest3  (cost=0.43..8.45 rows=1 width=490)
	        Index Cond: (id = 9020831)

table 4 : explain UPDATE sbtest4 SET c='foobar' WHERE id=1336555
	Update on sbtest4  (cost=0.43..8.45 rows=0 width=0)
	  ->  Index Scan using sbtest4_pkey on sbtest4  (cost=0.43..8.45 rows=1 width=490)
	        Index Cond: (id = 1336555)

table 5 : explain UPDATE sbtest5 SET c='foobar' WHERE id=6799189
	Update on sbtest5  (cost=0.43..8.45 rows=0 width=0)
	  ->  Index Scan using sbtest5_pkey on sbtest5  (cost=0.43..8.45 rows=1 width=490)
	        Index Cond: (id = 6799189)

table 6 : explain UPDATE sbtest6 SET c='foobar' WHERE id=6339460
	Update on sbtest6  (cost=0.43..8.45 rows=0 width=0)
	  ->  Index Scan using sbtest6_pkey on sbtest6  (cost=0.43..8.45 rows=1 width=490)
	        Index Cond: (id = 6339460)

table 7 : explain UPDATE sbtest7 SET c='foobar' WHERE id=4493112
	Update on sbtest7  (cost=0.43..8.45 rows=0 width=0)
	  ->  Index Scan using sbtest7_pkey on sbtest7  (cost=0.43..8.45 rows=1 width=490)
	        Index Cond: (id = 4493112)

table 8 : explain UPDATE sbtest8 SET c='foobar' WHERE id=3979729
	Update on sbtest8  (cost=0.43..8.45 rows=0 width=0)
	  ->  Index Scan using sbtest8_pkey on sbtest8  (cost=0.43..8.45 rows=1 width=490)
	        Index Cond: (id = 3979729)

for index_updates
table 1 : explain UPDATE sbtest1 SET k=k+1 WHERE id=8530541
	Update on sbtest1  (cost=0.43..8.46 rows=0 width=0)
	  ->  Index Scan using sbtest1_pkey on sbtest1  (cost=0.43..8.46 rows=1 width=10)
	        Index Cond: (id = 8530541)

table 2 : explain UPDATE sbtest2 SET k=k+1 WHERE id=1959597
	Update on sbtest2  (cost=0.43..8.46 rows=0 width=0)
	  ->  Index Scan using sbtest2_pkey on sbtest2  (cost=0.43..8.46 rows=1 width=10)
	        Index Cond: (id = 1959597)

table 3 : explain UPDATE sbtest3 SET k=k+1 WHERE id=8983733
	Update on sbtest3  (cost=0.43..8.46 rows=0 width=0)
	  ->  Index Scan using sbtest3_pkey on sbtest3  (cost=0.43..8.46 rows=1 width=10)
	        Index Cond: (id = 8983733)

table 4 : explain UPDATE sbtest4 SET k=k+1 WHERE id=5982241
	Update on sbtest4  (cost=0.43..8.46 rows=0 width=0)
	  ->  Index Scan using sbtest4_pkey on sbtest4  (cost=0.43..8.46 rows=1 width=10)
	        Index Cond: (id = 5982241)

table 5 : explain UPDATE sbtest5 SET k=k+1 WHERE id=4709014
	Update on sbtest5  (cost=0.43..8.46 rows=0 width=0)
	  ->  Index Scan using sbtest5_pkey on sbtest5  (cost=0.43..8.46 rows=1 width=10)
	        Index Cond: (id = 4709014)

table 6 : explain UPDATE sbtest6 SET k=k+1 WHERE id=9745048
	Update on sbtest6  (cost=0.43..8.46 rows=0 width=0)
	  ->  Index Scan using sbtest6_pkey on sbtest6  (cost=0.43..8.46 rows=1 width=10)
	        Index Cond: (id = 9745048)

table 7 : explain UPDATE sbtest7 SET k=k+1 WHERE id=489612
	Update on sbtest7  (cost=0.43..8.46 rows=0 width=0)
	  ->  Index Scan using sbtest7_pkey on sbtest7  (cost=0.43..8.46 rows=1 width=10)
	        Index Cond: (id = 489612)

table 8 : explain UPDATE sbtest8 SET k=k+1 WHERE id=7739852
	Update on sbtest8  (cost=0.43..8.46 rows=0 width=0)
	  ->  Index Scan using sbtest8_pkey on sbtest8  (cost=0.43..8.46 rows=1 width=10)
	        Index Cond: (id = 7739852)

explain: for index_updates :: explain UPDATE sbtest%u SET k=k+1 WHERE id=%u
explain: for inserts :: explain INSERT INTO sbtest%u (id, k, c, pad) VALUES (%u, 13, 'foobar', 'foobar')
for deletes
table 1 : explain DELETE FROM sbtest1 WHERE id=5693964
	Delete on sbtest1  (cost=0.43..8.45 rows=0 width=0)
	  ->  Index Scan using sbtest1_pkey on sbtest1  (cost=0.43..8.45 rows=1 width=6)
	        Index Cond: (id = 5693964)

table 2 : explain DELETE FROM sbtest2 WHERE id=3866684
	Delete on sbtest2  (cost=0.43..8.45 rows=0 width=0)
	  ->  Index Scan using sbtest2_pkey on sbtest2  (cost=0.43..8.45 rows=1 width=6)
	        Index Cond: (id = 3866684)

table 3 : explain DELETE FROM sbtest3 WHERE id=2266088
	Delete on sbtest3  (cost=0.43..8.45 rows=0 width=0)
	  ->  Index Scan using sbtest3_pkey on sbtest3  (cost=0.43..8.45 rows=1 width=6)
	        Index Cond: (id = 2266088)

table 4 : explain DELETE FROM sbtest4 WHERE id=3322786
	Delete on sbtest4  (cost=0.43..8.45 rows=0 width=0)
	  ->  Index Scan using sbtest4_pkey on sbtest4  (cost=0.43..8.45 rows=1 width=6)
	        Index Cond: (id = 3322786)

table 5 : explain DELETE FROM sbtest5 WHERE id=6630146
	Delete on sbtest5  (cost=0.43..8.45 rows=0 width=0)
	  ->  Index Scan using sbtest5_pkey on sbtest5  (cost=0.43..8.45 rows=1 width=6)
	        Index Cond: (id = 6630146)

table 6 : explain DELETE FROM sbtest6 WHERE id=1536868
	Delete on sbtest6  (cost=0.43..8.45 rows=0 width=0)
	  ->  Index Scan using sbtest6_pkey on sbtest6  (cost=0.43..8.45 rows=1 width=6)
	        Index Cond: (id = 1536868)

table 7 : explain DELETE FROM sbtest7 WHERE id=6377790
	Delete on sbtest7  (cost=0.43..8.45 rows=0 width=0)
	  ->  Index Scan using sbtest7_pkey on sbtest7  (cost=0.43..8.45 rows=1 width=6)
	        Index Cond: (id = 6377790)

table 8 : explain DELETE FROM sbtest8 WHERE id=8577131
	Delete on sbtest8  (cost=0.43..8.45 rows=0 width=0)
	  ->  Index Scan using sbtest8_pkey on sbtest8  (cost=0.43..8.45 rows=1 width=6)
	        Index Cond: (id = 8577131)

explain: for index_updates :: explain UPDATE sbtest%u SET k=k+1 WHERE id=%u
explain: for non_index_updates :: explain UPDATE sbtest%u SET c='foobar' WHERE id=%u
explain: for deletes :: explain DELETE FROM sbtest%u WHERE id=%u
explain: for non_index_updates :: explain UPDATE sbtest%u SET c='foobar' WHERE id=%u
for index_updates
table 1 : explain UPDATE sbtest1 SET k=k+1 WHERE id=5785206
	Update on sbtest1  (cost=0.43..8.46 rows=0 width=0)
	  ->  Index Scan using sbtest1_pkey on sbtest1  (cost=0.43..8.46 rows=1 width=10)
	        Index Cond: (id = 5785206)

table 2 : explain UPDATE sbtest2 SET k=k+1 WHERE id=3425176
	Update on sbtest2  (cost=0.43..8.46 rows=0 width=0)
	  ->  Index Scan using sbtest2_pkey on sbtest2  (cost=0.43..8.46 rows=1 width=10)
	        Index Cond: (id = 3425176)

table 3 : explain UPDATE sbtest3 SET k=k+1 WHERE id=4048399
	Update on sbtest3  (cost=0.43..8.46 rows=0 width=0)
	  ->  Index Scan using sbtest3_pkey on sbtest3  (cost=0.43..8.46 rows=1 width=10)
	        Index Cond: (id = 4048399)

table 4 : explain UPDATE sbtest4 SET k=k+1 WHERE id=9995936
	Update on sbtest4  (cost=0.43..8.46 rows=0 width=0)
	  ->  Index Scan using sbtest4_pkey on sbtest4  (cost=0.43..8.46 rows=1 width=10)
	        Index Cond: (id = 9995936)

table 5 : explain UPDATE sbtest5 SET k=k+1 WHERE id=5253331
	Update on sbtest5  (cost=0.43..8.46 rows=0 width=0)
	  ->  Index Scan using sbtest5_pkey on sbtest5  (cost=0.43..8.46 rows=1 width=10)
	        Index Cond: (id = 5253331)

table 6 : explain UPDATE sbtest6 SET k=k+1 WHERE id=5937990
	Update on sbtest6  (cost=0.43..8.46 rows=0 width=0)
	  ->  Index Scan using sbtest6_pkey on sbtest6  (cost=0.43..8.46 rows=1 width=10)
	        Index Cond: (id = 5937990)

table 7 : explain UPDATE sbtest7 SET k=k+1 WHERE id=2733401
	Update on sbtest7  (cost=0.43..8.46 rows=0 width=0)
	  ->  Index Scan using sbtest7_pkey on sbtest7  (cost=0.43..8.46 rows=1 width=10)
	        Index Cond: (id = 2733401)

table 8 : explain UPDATE sbtest8 SET k=k+1 WHERE id=1455684
	Update on sbtest8  (cost=0.43..8.46 rows=0 width=0)
	  ->  Index Scan using sbtest8_pkey on sbtest8  (cost=0.43..8.46 rows=1 width=10)
	        Index Cond: (id = 1455684)

for: distinct_ranges
table 1 : explain SELECT DISTINCT c FROM sbtest1 WHERE id BETWEEN 2619198 AND 2619297 ORDER BY c
	Unique  (cost=423.20..423.74 rows=107 width=121)
	  ->  Sort  (cost=423.20..423.47 rows=107 width=121)
	        Sort Key: c
	        ->  Index Scan using sbtest1_pkey on sbtest1  (cost=0.43..419.60 rows=107 width=121)
	              Index Cond: ((id >= 2619198) AND (id <= 2619297))

table 2 : explain SELECT DISTINCT c FROM sbtest2 WHERE id BETWEEN 9599807 AND 9599906 ORDER BY c
	Unique  (cost=420.21..420.74 rows=106 width=121)
	  ->  Sort  (cost=420.21..420.47 rows=106 width=121)
	        Sort Key: c
	        ->  Index Scan using sbtest2_pkey on sbtest2  (cost=0.43..416.64 rows=106 width=121)
	              Index Cond: ((id >= 9599807) AND (id <= 9599906))

table 3 : explain SELECT DISTINCT c FROM sbtest3 WHERE id BETWEEN 6252964 AND 6253063 ORDER BY c
	Unique  (cost=402.78..403.29 rows=102 width=121)
	  ->  Sort  (cost=402.78..403.03 rows=102 width=121)
	        Sort Key: c
	        ->  Index Scan using sbtest3_pkey on sbtest3  (cost=0.43..399.37 rows=102 width=121)
	              Index Cond: ((id >= 6252964) AND (id <= 6253063))

table 4 : explain SELECT DISTINCT c FROM sbtest4 WHERE id BETWEEN 2034844 AND 2034943 ORDER BY c
	Unique  (cost=404.16..404.67 rows=102 width=121)
	  ->  Sort  (cost=404.16..404.41 rows=102 width=121)
	        Sort Key: c
	        ->  Index Scan using sbtest4_pkey on sbtest4  (cost=0.43..400.76 rows=102 width=121)
	              Index Cond: ((id >= 2034844) AND (id <= 2034943))

table 5 : explain SELECT DISTINCT c FROM sbtest5 WHERE id BETWEEN 1924225 AND 1924324 ORDER BY c
	Unique  (cost=438.17..438.72 rows=111 width=121)
	  ->  Sort  (cost=438.17..438.45 rows=111 width=121)
	        Sort Key: c
	        ->  Index Scan using sbtest5_pkey on sbtest5  (cost=0.43..434.40 rows=111 width=121)
	              Index Cond: ((id >= 1924225) AND (id <= 1924324))

table 6 : explain SELECT DISTINCT c FROM sbtest6 WHERE id BETWEEN 2505562 AND 2505661 ORDER BY c
	Unique  (cost=422.90..423.43 rows=107 width=121)
	  ->  Sort  (cost=422.90..423.16 rows=107 width=121)
	        Sort Key: c
	        ->  Index Scan using sbtest6_pkey on sbtest6  (cost=0.43..419.29 rows=107 width=121)
	              Index Cond: ((id >= 2505562) AND (id <= 2505661))

table 7 : explain SELECT DISTINCT c FROM sbtest7 WHERE id BETWEEN 5587681 AND 5587780 ORDER BY c
	Unique  (cost=374.24..374.72 rows=95 width=121)
	  ->  Sort  (cost=374.24..374.48 rows=95 width=121)
	        Sort Key: c
	        ->  Index Scan using sbtest7_pkey on sbtest7  (cost=0.43..371.12 rows=95 width=121)
	              Index Cond: ((id >= 5587681) AND (id <= 5587780))

table 8 : explain SELECT DISTINCT c FROM sbtest8 WHERE id BETWEEN 9873292 AND 9873391 ORDER BY c
	Unique  (cost=402.01..402.52 rows=102 width=121)
	  ->  Sort  (cost=402.01..402.27 rows=102 width=121)
	        Sort Key: c
	        ->  Index Scan using sbtest8_pkey on sbtest8  (cost=0.43..398.61 rows=102 width=121)
	              Index Cond: ((id >= 9873292) AND (id <= 9873391))

for non_index_updates
table 1 : explain UPDATE sbtest1 SET c='foobar' WHERE id=1272514
	Update on sbtest1  (cost=0.43..8.45 rows=0 width=0)
	  ->  Index Scan using sbtest1_pkey on sbtest1  (cost=0.43..8.45 rows=1 width=490)
	        Index Cond: (id = 1272514)

table 2 : explain UPDATE sbtest2 SET c='foobar' WHERE id=2536900
	Update on sbtest2  (cost=0.43..8.45 rows=0 width=0)
	  ->  Index Scan using sbtest2_pkey on sbtest2  (cost=0.43..8.45 rows=1 width=490)
	        Index Cond: (id = 2536900)

table 3 : explain UPDATE sbtest3 SET c='foobar' WHERE id=8179859
	Update on sbtest3  (cost=0.43..8.45 rows=0 width=0)
	  ->  Index Scan using sbtest3_pkey on sbtest3  (cost=0.43..8.45 rows=1 width=490)
	        Index Cond: (id = 8179859)

table 4 : explain UPDATE sbtest4 SET c='foobar' WHERE id=3490267
	Update on sbtest4  (cost=0.43..8.45 rows=0 width=0)
	  ->  Index Scan using sbtest4_pkey on sbtest4  (cost=0.43..8.45 rows=1 width=490)
	        Index Cond: (id = 3490267)

table 5 : explain UPDATE sbtest5 SET c='foobar' WHERE id=689379
	Update on sbtest5  (cost=0.43..8.45 rows=0 width=0)
	  ->  Index Scan using sbtest5_pkey on sbtest5  (cost=0.43..8.45 rows=1 width=490)
	        Index Cond: (id = 689379)

table 6 : explain UPDATE sbtest6 SET c='foobar' WHERE id=5157921
	Update on sbtest6  (cost=0.43..8.45 rows=0 width=0)
	  ->  Index Scan using sbtest6_pkey on sbtest6  (cost=0.43..8.45 rows=1 width=490)
	        Index Cond: (id = 5157921)

table 7 : explain UPDATE sbtest7 SET c='foobar' WHERE id=8532606
	Update on sbtest7  (cost=0.43..8.45 rows=0 width=0)
	  ->  Index Scan using sbtest7_pkey on sbtest7  (cost=0.43..8.45 rows=1 width=490)
	        Index Cond: (id = 8532606)

table 8 : explain UPDATE sbtest8 SET c='foobar' WHERE id=2807326
	Update on sbtest8  (cost=0.43..8.45 rows=0 width=0)
	  ->  Index Scan using sbtest8_pkey on sbtest8  (cost=0.43..8.45 rows=1 width=490)
	        Index Cond: (id = 2807326)

for: distinct_ranges
table 1 : explain SELECT DISTINCT c FROM sbtest1 WHERE id BETWEEN 9365808 AND 9365907 ORDER BY c
	Unique  (cost=352.64..353.09 rows=89 width=121)
	  ->  Sort  (cost=352.64..352.87 rows=89 width=121)
	        Sort Key: c
	        ->  Index Scan using sbtest1_pkey on sbtest1  (cost=0.43..349.76 rows=89 width=121)
	              Index Cond: ((id >= 9365808) AND (id <= 9365907))

table 2 : explain SELECT DISTINCT c FROM sbtest2 WHERE id BETWEEN 4932347 AND 4932446 ORDER BY c
	Unique  (cost=420.21..420.74 rows=106 width=121)
	  ->  Sort  (cost=420.21..420.47 rows=106 width=121)
	        Sort Key: c
	        ->  Index Scan using sbtest2_pkey on sbtest2  (cost=0.43..416.64 rows=106 width=121)
	              Index Cond: ((id >= 4932347) AND (id <= 4932446))

table 3 : explain SELECT DISTINCT c FROM sbtest3 WHERE id BETWEEN 6563077 AND 6563176 ORDER BY c
	Unique  (cost=406.69..407.20 rows=103 width=121)
	  ->  Sort  (cost=406.69..406.94 rows=103 width=121)
	        Sort Key: c
	        ->  Index Scan using sbtest3_pkey on sbtest3  (cost=0.43..403.24 rows=103 width=121)
	              Index Cond: ((id >= 6563077) AND (id <= 6563176))

table 4 : explain SELECT DISTINCT c FROM sbtest4 WHERE id BETWEEN 7171427 AND 7171526 ORDER BY c
	Unique  (cost=388.43..388.92 rows=98 width=121)
	  ->  Sort  (cost=388.43..388.67 rows=98 width=121)
	        Sort Key: c
	        ->  Index Scan using sbtest4_pkey on sbtest4  (cost=0.43..385.19 rows=98 width=121)
	              Index Cond: ((id >= 7171427) AND (id <= 7171526))

table 5 : explain SELECT DISTINCT c FROM sbtest5 WHERE id BETWEEN 1283493 AND 1283592 ORDER BY c
	Unique  (cost=383.37..383.85 rows=97 width=121)
	  ->  Sort  (cost=383.37..383.61 rows=97 width=121)
	        Sort Key: c
	        ->  Index Scan using sbtest5_pkey on sbtest5  (cost=0.43..380.16 rows=97 width=121)
	              Index Cond: ((id >= 1283493) AND (id <= 1283592))

table 6 : explain SELECT DISTINCT c FROM sbtest6 WHERE id BETWEEN 7356802 AND 7356901 ORDER BY c
	Unique  (cost=391.57..392.07 rows=99 width=121)
	  ->  Sort  (cost=391.57..391.82 rows=99 width=121)
	        Sort Key: c
	        ->  Index Scan using sbtest6_pkey on sbtest6  (cost=0.43..388.29 rows=99 width=121)
	              Index Cond: ((id >= 7356802) AND (id <= 7356901))

table 7 : explain SELECT DISTINCT c FROM sbtest7 WHERE id BETWEEN 8297849 AND 8297948 ORDER BY c
	Unique  (cost=389.87..390.37 rows=99 width=121)
	  ->  Sort  (cost=389.87..390.12 rows=99 width=121)
	        Sort Key: c
	        ->  Index Scan using sbtest7_pkey on sbtest7  (cost=0.43..386.59 rows=99 width=121)
	              Index Cond: ((id >= 8297849) AND (id <= 8297948))

table 8 : explain SELECT DISTINCT c FROM sbtest8 WHERE id BETWEEN 9887264 AND 9887363 ORDER BY c
	Unique  (cost=402.01..402.52 rows=102 width=121)
	  ->  Sort  (cost=402.01..402.27 rows=102 width=121)
	        Sort Key: c
	        ->  Index Scan using sbtest8_pkey on sbtest8  (cost=0.43..398.61 rows=102 width=121)
	              Index Cond: ((id >= 9887264) AND (id <= 9887363))

for: distinct_ranges
table 1 : explain SELECT DISTINCT c FROM sbtest1 WHERE id BETWEEN 4677902 AND 4678001 ORDER BY c
	Unique  (cost=399.66..400.16 rows=101 width=121)
	  ->  Sort  (cost=399.66..399.91 rows=101 width=121)
	        Sort Key: c
	        ->  Index Scan using sbtest1_pkey on sbtest1  (cost=0.43..396.29 rows=101 width=121)
	              Index Cond: ((id >= 4677902) AND (id <= 4678001))

table 2 : explain SELECT DISTINCT c FROM sbtest2 WHERE id BETWEEN 6648781 AND 6648880 ORDER BY c
	Unique  (cost=380.90..381.38 rows=96 width=121)
	  ->  Sort  (cost=380.90..381.14 rows=96 width=121)
	        Sort Key: c
	        ->  Index Scan using sbtest2_pkey on sbtest2  (cost=0.43..377.74 rows=96 width=121)
	              Index Cond: ((id >= 6648781) AND (id <= 6648880))

table 3 : explain SELECT DISTINCT c FROM sbtest3 WHERE id BETWEEN 5585804 AND 5585903 ORDER BY c
	Unique  (cost=426.24..426.78 rows=108 width=121)
	  ->  Sort  (cost=426.24..426.51 rows=108 width=121)
	        Sort Key: c
	        ->  Index Scan using sbtest3_pkey on sbtest3  (cost=0.43..422.59 rows=108 width=121)
	              Index Cond: ((id >= 5585804) AND (id <= 5585903))

table 4 : explain SELECT DISTINCT c FROM sbtest4 WHERE id BETWEEN 4421988 AND 4422087 ORDER BY c
	Unique  (cost=419.85..420.38 rows=106 width=121)
	  ->  Sort  (cost=419.85..420.12 rows=106 width=121)
	        Sort Key: c
	        ->  Index Scan using sbtest4_pkey on sbtest4  (cost=0.43..416.29 rows=106 width=121)
	              Index Cond: ((id >= 4421988) AND (id <= 4422087))

table 5 : explain SELECT DISTINCT c FROM sbtest5 WHERE id BETWEEN 3071144 AND 3071243 ORDER BY c
	Unique  (cost=402.96..403.47 rows=102 width=121)
	  ->  Sort  (cost=402.96..403.22 rows=102 width=121)
	        Sort Key: c
	        ->  Index Scan using sbtest5_pkey on sbtest5  (cost=0.43..399.56 rows=102 width=121)
	              Index Cond: ((id >= 3071144) AND (id <= 3071243))

table 6 : explain SELECT DISTINCT c FROM sbtest6 WHERE id BETWEEN 8833201 AND 8833300 ORDER BY c
	Unique  (cost=403.32..403.83 rows=102 width=121)
	  ->  Sort  (cost=403.32..403.57 rows=102 width=121)
	        Sort Key: c
	        ->  Index Scan using sbtest6_pkey on sbtest6  (cost=0.43..399.92 rows=102 width=121)
	              Index Cond: ((id >= 8833201) AND (id <= 8833300))

table 7 : explain SELECT DISTINCT c FROM sbtest7 WHERE id BETWEEN 2083711 AND 2083810 ORDER BY c
	Unique  (cost=436.65..437.21 rows=111 width=121)
	  ->  Sort  (cost=436.65..436.93 rows=111 width=121)
	        Sort Key: c
	        ->  Index Scan using sbtest7_pkey on sbtest7  (cost=0.43..432.88 rows=111 width=121)
	              Index Cond: ((id >= 2083711) AND (id <= 2083810))

table 8 : explain SELECT DISTINCT c FROM sbtest8 WHERE id BETWEEN 6215247 AND 6215346 ORDER BY c
	Unique  (cost=417.62..418.15 rows=106 width=121)
	  ->  Sort  (cost=417.62..417.89 rows=106 width=121)
	        Sort Key: c
	        ->  Index Scan using sbtest8_pkey on sbtest8  (cost=0.43..414.06 rows=106 width=121)
	              Index Cond: ((id >= 6215247) AND (id <= 6215346))

for inserts
table 1 : explain INSERT INTO sbtest1 (id, k, c, pad) VALUES (9735359, 13, 'foobar', 'foobar')
	Insert on sbtest1  (cost=0.00..0.01 rows=0 width=0)
	  ->  Result  (cost=0.00..0.01 rows=1 width=736)

table 2 : explain INSERT INTO sbtest2 (id, k, c, pad) VALUES (3299271, 13, 'foobar', 'foobar')
	Insert on sbtest2  (cost=0.00..0.01 rows=0 width=0)
	  ->  Result  (cost=0.00..0.01 rows=1 width=736)

table 3 : explain INSERT INTO sbtest3 (id, k, c, pad) VALUES (406119, 13, 'foobar', 'foobar')
	Insert on sbtest3  (cost=0.00..0.01 rows=0 width=0)
	  ->  Result  (cost=0.00..0.01 rows=1 width=736)

table 4 : explain INSERT INTO sbtest4 (id, k, c, pad) VALUES (2997600, 13, 'foobar', 'foobar')
	Insert on sbtest4  (cost=0.00..0.01 rows=0 width=0)
	  ->  Result  (cost=0.00..0.01 rows=1 width=736)

table 5 : explain INSERT INTO sbtest5 (id, k, c, pad) VALUES (7581436, 13, 'foobar', 'foobar')
	Insert on sbtest5  (cost=0.00..0.01 rows=0 width=0)
	  ->  Result  (cost=0.00..0.01 rows=1 width=736)

table 6 : explain INSERT INTO sbtest6 (id, k, c, pad) VALUES (6212204, 13, 'foobar', 'foobar')
	Insert on sbtest6  (cost=0.00..0.01 rows=0 width=0)
	  ->  Result  (cost=0.00..0.01 rows=1 width=736)

table 7 : explain INSERT INTO sbtest7 (id, k, c, pad) VALUES (2273929, 13, 'foobar', 'foobar')
	Insert on sbtest7  (cost=0.00..0.01 rows=0 width=0)
	  ->  Result  (cost=0.00..0.01 rows=1 width=736)

table 8 : explain INSERT INTO sbtest8 (id, k, c, pad) VALUES (4106345, 13, 'foobar', 'foobar')
	Insert on sbtest8  (cost=0.00..0.01 rows=0 width=0)
	  ->  Result  (cost=0.00..0.01 rows=1 width=736)

explain: for non_index_updates :: explain UPDATE sbtest%u SET c='foobar' WHERE id=%u
explain: for inserts :: explain INSERT INTO sbtest%u (id, k, c, pad) VALUES (%u, 13, 'foobar', 'foobar')
for: simple_ranges
table 1 : explain SELECT c FROM sbtest1 WHERE id BETWEEN 3351256 AND 3351355
	Index Scan using sbtest1_pkey on sbtest1  (cost=0.43..365.27 rows=93 width=121)
	  Index Cond: ((id >= 3351256) AND (id <= 3351355))

table 2 : explain SELECT c FROM sbtest2 WHERE id BETWEEN 1716161 AND 1716260
	Index Scan using sbtest2_pkey on sbtest2  (cost=0.43..385.51 rows=98 width=121)
	  Index Cond: ((id >= 1716161) AND (id <= 1716260))

table 3 : explain SELECT c FROM sbtest3 WHERE id BETWEEN 7220829 AND 7220928
	Index Scan using sbtest3_pkey on sbtest3  (cost=0.43..379.99 rows=97 width=121)
	  Index Cond: ((id >= 7220829) AND (id <= 7220928))

table 4 : explain SELECT c FROM sbtest4 WHERE id BETWEEN 4399764 AND 4399863
	Index Scan using sbtest4_pkey on sbtest4  (cost=0.43..416.29 rows=106 width=121)
	  Index Cond: ((id >= 4399764) AND (id <= 4399863))

table 5 : explain SELECT c FROM sbtest5 WHERE id BETWEEN 530732 AND 530831
	Index Scan using sbtest5_pkey on sbtest5  (cost=0.43..411.17 rows=105 width=121)
	  Index Cond: ((id >= 530732) AND (id <= 530831))

table 6 : explain SELECT c FROM sbtest6 WHERE id BETWEEN 6857771 AND 6857870
	Index Scan using sbtest6_pkey on sbtest6  (cost=0.43..388.29 rows=99 width=121)
	  Index Cond: ((id >= 6857771) AND (id <= 6857870))

table 7 : explain SELECT c FROM sbtest7 WHERE id BETWEEN 1150234 AND 1150333
	Index Scan using sbtest7_pkey on sbtest7  (cost=0.43..405.88 rows=104 width=121)
	  Index Cond: ((id >= 1150234) AND (id <= 1150333))

table 8 : explain SELECT c FROM sbtest8 WHERE id BETWEEN 2411245 AND 2411344
	Index Scan using sbtest8_pkey on sbtest8  (cost=0.43..379.26 rows=97 width=121)
	  Index Cond: ((id >= 2411245) AND (id <= 2411344))

explain: for index_updates :: explain UPDATE sbtest%u SET k=k+1 WHERE id=%u
explain: for index_updates :: explain UPDATE sbtest%u SET k=k+1 WHERE id=%u
explain: for deletes :: explain DELETE FROM sbtest%u WHERE id=%u
for inserts
table 1 : explain INSERT INTO sbtest1 (id, k, c, pad) VALUES (6604642, 13, 'foobar', 'foobar')
	Insert on sbtest1  (cost=0.00..0.01 rows=0 width=0)
	  ->  Result  (cost=0.00..0.01 rows=1 width=736)

table 2 : explain INSERT INTO sbtest2 (id, k, c, pad) VALUES (1872549, 13, 'foobar', 'foobar')
	Insert on sbtest2  (cost=0.00..0.01 rows=0 width=0)
	  ->  Result  (cost=0.00..0.01 rows=1 width=736)

table 3 : explain INSERT INTO sbtest3 (id, k, c, pad) VALUES (3273638, 13, 'foobar', 'foobar')
	Insert on sbtest3  (cost=0.00..0.01 rows=0 width=0)
	  ->  Result  (cost=0.00..0.01 rows=1 width=736)

table 4 : explain INSERT INTO sbtest4 (id, k, c, pad) VALUES (5127144, 13, 'foobar', 'foobar')
	Insert on sbtest4  (cost=0.00..0.01 rows=0 width=0)
	  ->  Result  (cost=0.00..0.01 rows=1 width=736)

table 5 : explain INSERT INTO sbtest5 (id, k, c, pad) VALUES (2875230, 13, 'foobar', 'foobar')
	Insert on sbtest5  (cost=0.00..0.01 rows=0 width=0)
	  ->  Result  (cost=0.00..0.01 rows=1 width=736)

table 6 : explain INSERT INTO sbtest6 (id, k, c, pad) VALUES (9541687, 13, 'foobar', 'foobar')
	Insert on sbtest6  (cost=0.00..0.01 rows=0 width=0)
	  ->  Result  (cost=0.00..0.01 rows=1 width=736)

table 7 : explain INSERT INTO sbtest7 (id, k, c, pad) VALUES (8571150, 13, 'foobar', 'foobar')
	Insert on sbtest7  (cost=0.00..0.01 rows=0 width=0)
	  ->  Result  (cost=0.00..0.01 rows=1 width=736)

table 8 : explain INSERT INTO sbtest8 (id, k, c, pad) VALUES (6817472, 13, 'foobar', 'foobar')
	Insert on sbtest8  (cost=0.00..0.01 rows=0 width=0)
	  ->  Result  (cost=0.00..0.01 rows=1 width=736)

for deletes
table 1 : explain DELETE FROM sbtest1 WHERE id=880664
	Delete on sbtest1  (cost=0.43..8.45 rows=0 width=0)
	  ->  Index Scan using sbtest1_pkey on sbtest1  (cost=0.43..8.45 rows=1 width=6)
	        Index Cond: (id = 880664)

table 2 : explain DELETE FROM sbtest2 WHERE id=9075207
	Delete on sbtest2  (cost=0.43..8.45 rows=0 width=0)
	  ->  Index Scan using sbtest2_pkey on sbtest2  (cost=0.43..8.45 rows=1 width=6)
	        Index Cond: (id = 9075207)

table 3 : explain DELETE FROM sbtest3 WHERE id=9123206
	Delete on sbtest3  (cost=0.43..8.45 rows=0 width=0)
	  ->  Index Scan using sbtest3_pkey on sbtest3  (cost=0.43..8.45 rows=1 width=6)
	        Index Cond: (id = 9123206)

table 4 : explain DELETE FROM sbtest4 WHERE id=6745365
	Delete on sbtest4  (cost=0.43..8.45 rows=0 width=0)
	  ->  Index Scan using sbtest4_pkey on sbtest4  (cost=0.43..8.45 rows=1 width=6)
	        Index Cond: (id = 6745365)

table 5 : explain DELETE FROM sbtest5 WHERE id=2180594
	Delete on sbtest5  (cost=0.43..8.45 rows=0 width=0)
	  ->  Index Scan using sbtest5_pkey on sbtest5  (cost=0.43..8.45 rows=1 width=6)
	        Index Cond: (id = 2180594)

table 6 : explain DELETE FROM sbtest6 WHERE id=2497501
	Delete on sbtest6  (cost=0.43..8.45 rows=0 width=0)
	  ->  Index Scan using sbtest6_pkey on sbtest6  (cost=0.43..8.45 rows=1 width=6)
	        Index Cond: (id = 2497501)

table 7 : explain DELETE FROM sbtest7 WHERE id=2063913
	Delete on sbtest7  (cost=0.43..8.45 rows=0 width=0)
	  ->  Index Scan using sbtest7_pkey on sbtest7  (cost=0.43..8.45 rows=1 width=6)
	        Index Cond: (id = 2063913)

table 8 : explain DELETE FROM sbtest8 WHERE id=9612060
	Delete on sbtest8  (cost=0.43..8.45 rows=0 width=0)
	  ->  Index Scan using sbtest8_pkey on sbtest8  (cost=0.43..8.45 rows=1 width=6)
	        Index Cond: (id = 9612060)

for index_updates
table 1 : explain UPDATE sbtest1 SET k=k+1 WHERE id=8341562
	Update on sbtest1  (cost=0.43..8.46 rows=0 width=0)
	  ->  Index Scan using sbtest1_pkey on sbtest1  (cost=0.43..8.46 rows=1 width=10)
	        Index Cond: (id = 8341562)

table 2 : explain UPDATE sbtest2 SET k=k+1 WHERE id=6217398
	Update on sbtest2  (cost=0.43..8.46 rows=0 width=0)
	  ->  Index Scan using sbtest2_pkey on sbtest2  (cost=0.43..8.46 rows=1 width=10)
	        Index Cond: (id = 6217398)

table 3 : explain UPDATE sbtest3 SET k=k+1 WHERE id=830473
	Update on sbtest3  (cost=0.43..8.46 rows=0 width=0)
	  ->  Index Scan using sbtest3_pkey on sbtest3  (cost=0.43..8.46 rows=1 width=10)
	        Index Cond: (id = 830473)

table 4 : explain UPDATE sbtest4 SET k=k+1 WHERE id=1597666
	Update on sbtest4  (cost=0.43..8.46 rows=0 width=0)
	  ->  Index Scan using sbtest4_pkey on sbtest4  (cost=0.43..8.46 rows=1 width=10)
	        Index Cond: (id = 1597666)

table 5 : explain UPDATE sbtest5 SET k=k+1 WHERE id=708550
	Update on sbtest5  (cost=0.43..8.46 rows=0 width=0)
	  ->  Index Scan using sbtest5_pkey on sbtest5  (cost=0.43..8.46 rows=1 width=10)
	        Index Cond: (id = 708550)

table 6 : explain UPDATE sbtest6 SET k=k+1 WHERE id=3416783
	Update on sbtest6  (cost=0.43..8.46 rows=0 width=0)
	  ->  Index Scan using sbtest6_pkey on sbtest6  (cost=0.43..8.46 rows=1 width=10)
	        Index Cond: (id = 3416783)

table 7 : explain UPDATE sbtest7 SET k=k+1 WHERE id=3040571
	Update on sbtest7  (cost=0.43..8.46 rows=0 width=0)
	  ->  Index Scan using sbtest7_pkey on sbtest7  (cost=0.43..8.46 rows=1 width=10)
	        Index Cond: (id = 3040571)

table 8 : explain UPDATE sbtest8 SET k=k+1 WHERE id=5810171
	Update on sbtest8  (cost=0.43..8.46 rows=0 width=0)
	  ->  Index Scan using sbtest8_pkey on sbtest8  (cost=0.43..8.46 rows=1 width=10)
	        Index Cond: (id = 5810171)

for non_index_updates
table 1 : explain UPDATE sbtest1 SET c='foobar' WHERE id=5357591
	Update on sbtest1  (cost=0.43..8.45 rows=0 width=0)
	  ->  Index Scan using sbtest1_pkey on sbtest1  (cost=0.43..8.45 rows=1 width=490)
	        Index Cond: (id = 5357591)

table 2 : explain UPDATE sbtest2 SET c='foobar' WHERE id=6713063
	Update on sbtest2  (cost=0.43..8.45 rows=0 width=0)
	  ->  Index Scan using sbtest2_pkey on sbtest2  (cost=0.43..8.45 rows=1 width=490)
	        Index Cond: (id = 6713063)

table 3 : explain UPDATE sbtest3 SET c='foobar' WHERE id=739043
	Update on sbtest3  (cost=0.43..8.45 rows=0 width=0)
	  ->  Index Scan using sbtest3_pkey on sbtest3  (cost=0.43..8.45 rows=1 width=490)
	        Index Cond: (id = 739043)

table 4 : explain UPDATE sbtest4 SET c='foobar' WHERE id=5718137
	Update on sbtest4  (cost=0.43..8.45 rows=0 width=0)
	  ->  Index Scan using sbtest4_pkey on sbtest4  (cost=0.43..8.45 rows=1 width=490)
	        Index Cond: (id = 5718137)

table 5 : explain UPDATE sbtest5 SET c='foobar' WHERE id=9708337
	Update on sbtest5  (cost=0.43..8.45 rows=0 width=0)
	  ->  Index Scan using sbtest5_pkey on sbtest5  (cost=0.43..8.45 rows=1 width=490)
	        Index Cond: (id = 9708337)

table 6 : explain UPDATE sbtest6 SET c='foobar' WHERE id=3250195
	Update on sbtest6  (cost=0.43..8.45 rows=0 width=0)
	  ->  Index Scan using sbtest6_pkey on sbtest6  (cost=0.43..8.45 rows=1 width=490)
	        Index Cond: (id = 3250195)

table 7 : explain UPDATE sbtest7 SET c='foobar' WHERE id=1397420
	Update on sbtest7  (cost=0.43..8.45 rows=0 width=0)
	  ->  Index Scan using sbtest7_pkey on sbtest7  (cost=0.43..8.45 rows=1 width=490)
	        Index Cond: (id = 1397420)

table 8 : explain UPDATE sbtest8 SET c='foobar' WHERE id=4410160
	Update on sbtest8  (cost=0.43..8.45 rows=0 width=0)
	  ->  Index Scan using sbtest8_pkey on sbtest8  (cost=0.43..8.45 rows=1 width=490)
	        Index Cond: (id = 4410160)

for non_index_updates
table 1 : explain UPDATE sbtest1 SET c='foobar' WHERE id=5657331
	Update on sbtest1  (cost=0.43..8.45 rows=0 width=0)
	  ->  Index Scan using sbtest1_pkey on sbtest1  (cost=0.43..8.45 rows=1 width=490)
	        Index Cond: (id = 5657331)

table 2 : explain UPDATE sbtest2 SET c='foobar' WHERE id=849481
	Update on sbtest2  (cost=0.43..8.45 rows=0 width=0)
	  ->  Index Scan using sbtest2_pkey on sbtest2  (cost=0.43..8.45 rows=1 width=490)
	        Index Cond: (id = 849481)

table 3 : explain UPDATE sbtest3 SET c='foobar' WHERE id=9743805
	Update on sbtest3  (cost=0.43..8.45 rows=0 width=0)
	  ->  Index Scan using sbtest3_pkey on sbtest3  (cost=0.43..8.45 rows=1 width=490)
	        Index Cond: (id = 9743805)

table 4 : explain UPDATE sbtest4 SET c='foobar' WHERE id=4657222
	Update on sbtest4  (cost=0.43..8.45 rows=0 width=0)
	  ->  Index Scan using sbtest4_pkey on sbtest4  (cost=0.43..8.45 rows=1 width=490)
	        Index Cond: (id = 4657222)

table 5 : explain UPDATE sbtest5 SET c='foobar' WHERE id=5401497
	Update on sbtest5  (cost=0.43..8.45 rows=0 width=0)
	  ->  Index Scan using sbtest5_pkey on sbtest5  (cost=0.43..8.45 rows=1 width=490)
	        Index Cond: (id = 5401497)

table 6 : explain UPDATE sbtest6 SET c='foobar' WHERE id=6890619
	Update on sbtest6  (cost=0.43..8.45 rows=0 width=0)
	  ->  Index Scan using sbtest6_pkey on sbtest6  (cost=0.43..8.45 rows=1 width=490)
	        Index Cond: (id = 6890619)

table 7 : explain UPDATE sbtest7 SET c='foobar' WHERE id=2820174
	Update on sbtest7  (cost=0.43..8.45 rows=0 width=0)
	  ->  Index Scan using sbtest7_pkey on sbtest7  (cost=0.43..8.45 rows=1 width=490)
	        Index Cond: (id = 2820174)

table 8 : explain UPDATE sbtest8 SET c='foobar' WHERE id=3858115
	Update on sbtest8  (cost=0.43..8.45 rows=0 width=0)
	  ->  Index Scan using sbtest8_pkey on sbtest8  (cost=0.43..8.45 rows=1 width=490)
	        Index Cond: (id = 3858115)

for non_index_updates
table 1 : explain UPDATE sbtest1 SET c='foobar' WHERE id=5057555
	Update on sbtest1  (cost=0.43..8.45 rows=0 width=0)
	  ->  Index Scan using sbtest1_pkey on sbtest1  (cost=0.43..8.45 rows=1 width=490)
	        Index Cond: (id = 5057555)

table 2 : explain UPDATE sbtest2 SET c='foobar' WHERE id=4481541
	Update on sbtest2  (cost=0.43..8.45 rows=0 width=0)
	  ->  Index Scan using sbtest2_pkey on sbtest2  (cost=0.43..8.45 rows=1 width=490)
	        Index Cond: (id = 4481541)

table 3 : explain UPDATE sbtest3 SET c='foobar' WHERE id=4560636
	Update on sbtest3  (cost=0.43..8.45 rows=0 width=0)
	  ->  Index Scan using sbtest3_pkey on sbtest3  (cost=0.43..8.45 rows=1 width=490)
	        Index Cond: (id = 4560636)

table 4 : explain UPDATE sbtest4 SET c='foobar' WHERE id=3194688
	Update on sbtest4  (cost=0.43..8.45 rows=0 width=0)
	  ->  Index Scan using sbtest4_pkey on sbtest4  (cost=0.43..8.45 rows=1 width=490)
	        Index Cond: (id = 3194688)

table 5 : explain UPDATE sbtest5 SET c='foobar' WHERE id=5072554
	Update on sbtest5  (cost=0.43..8.45 rows=0 width=0)
	  ->  Index Scan using sbtest5_pkey on sbtest5  (cost=0.43..8.45 rows=1 width=490)
	        Index Cond: (id = 5072554)

table 6 : explain UPDATE sbtest6 SET c='foobar' WHERE id=1605813
	Update on sbtest6  (cost=0.43..8.45 rows=0 width=0)
	  ->  Index Scan using sbtest6_pkey on sbtest6  (cost=0.43..8.45 rows=1 width=490)
	        Index Cond: (id = 1605813)

table 7 : explain UPDATE sbtest7 SET c='foobar' WHERE id=644776
	Update on sbtest7  (cost=0.43..8.45 rows=0 width=0)
	  ->  Index Scan using sbtest7_pkey on sbtest7  (cost=0.43..8.45 rows=1 width=490)
	        Index Cond: (id = 644776)

table 8 : explain UPDATE sbtest8 SET c='foobar' WHERE id=8558105
	Update on sbtest8  (cost=0.43..8.45 rows=0 width=0)
	  ->  Index Scan using sbtest8_pkey on sbtest8  (cost=0.43..8.45 rows=1 width=490)
	        Index Cond: (id = 8558105)

explain: for index_updates :: explain UPDATE sbtest%u SET k=k+1 WHERE id=%u
explain: for deletes :: explain DELETE FROM sbtest%u WHERE id=%u
explain: for non_index_updates :: explain UPDATE sbtest%u SET c='foobar' WHERE id=%u
for: distinct_ranges
table 1 : explain SELECT DISTINCT c FROM sbtest1 WHERE id BETWEEN 8705745 AND 8705844 ORDER BY c
	Unique  (cost=395.74..396.24 rows=100 width=121)
	  ->  Sort  (cost=395.74..395.99 rows=100 width=121)
	        Sort Key: c
	        ->  Index Scan using sbtest1_pkey on sbtest1  (cost=0.43..392.42 rows=100 width=121)
	              Index Cond: ((id >= 8705745) AND (id <= 8705844))

table 2 : explain SELECT DISTINCT c FROM sbtest2 WHERE id BETWEEN 3366316 AND 3366415 ORDER BY c
	Unique  (cost=408.42..408.94 rows=103 width=121)
	  ->  Sort  (cost=408.42..408.68 rows=103 width=121)
	        Sort Key: c
	        ->  Index Scan using sbtest2_pkey on sbtest2  (cost=0.43..404.98 rows=103 width=121)
	              Index Cond: ((id >= 3366316) AND (id <= 3366415))

table 3 : explain SELECT DISTINCT c FROM sbtest3 WHERE id BETWEEN 3835998 AND 3836097 ORDER BY c
	Unique  (cost=391.01..391.50 rows=99 width=121)
	  ->  Sort  (cost=391.01..391.26 rows=99 width=121)
	        Sort Key: c
	        ->  Index Scan using sbtest3_pkey on sbtest3  (cost=0.43..387.73 rows=99 width=121)
	              Index Cond: ((id >= 3835998) AND (id <= 3836097))

table 4 : explain SELECT DISTINCT c FROM sbtest4 WHERE id BETWEEN 8199641 AND 8199740 ORDER BY c
	Unique  (cost=435.55..436.10 rows=110 width=121)
	  ->  Sort  (cost=435.55..435.83 rows=110 width=121)
	        Sort Key: c
	        ->  Index Scan using sbtest4_pkey on sbtest4  (cost=0.43..431.82 rows=110 width=121)
	              Index Cond: ((id >= 8199641) AND (id <= 8199740))

table 5 : explain SELECT DISTINCT c FROM sbtest5 WHERE id BETWEEN 4232092 AND 4232191 ORDER BY c
	Unique  (cost=359.90..360.35 rows=91 width=121)
	  ->  Sort  (cost=359.90..360.13 rows=91 width=121)
	        Sort Key: c
	        ->  Index Scan using sbtest5_pkey on sbtest5  (cost=0.43..356.94 rows=91 width=121)
	              Index Cond: ((id >= 4232092) AND (id <= 4232191))

table 6 : explain SELECT DISTINCT c FROM sbtest6 WHERE id BETWEEN 7191123 AND 7191222 ORDER BY c
	Unique  (cost=368.05..368.51 rows=93 width=121)
	  ->  Sort  (cost=368.05..368.28 rows=93 width=121)
	        Sort Key: c
	        ->  Index Scan using sbtest6_pkey on sbtest6  (cost=0.43..365.01 rows=93 width=121)
	              Index Cond: ((id >= 7191123) AND (id <= 7191222))

table 7 : explain SELECT DISTINCT c FROM sbtest7 WHERE id BETWEEN 6430250 AND 6430349 ORDER BY c
	Unique  (cost=397.67..398.17 rows=101 width=121)
	  ->  Sort  (cost=397.67..397.92 rows=101 width=121)
	        Sort Key: c
	        ->  Index Scan using sbtest7_pkey on sbtest7  (cost=0.43..394.31 rows=101 width=121)
	              Index Cond: ((id >= 6430250) AND (id <= 6430349))

table 8 : explain SELECT DISTINCT c FROM sbtest8 WHERE id BETWEEN 7600253 AND 7600352 ORDER BY c
	Unique  (cost=378.56..379.04 rows=96 width=121)
	  ->  Sort  (cost=378.56..378.80 rows=96 width=121)
	        Sort Key: c
	        ->  Index Scan using sbtest8_pkey on sbtest8  (cost=0.43..375.40 rows=96 width=121)
	              Index Cond: ((id >= 7600253) AND (id <= 7600352))

for index_updates
table 1 : explain UPDATE sbtest1 SET k=k+1 WHERE id=6351318
	Update on sbtest1  (cost=0.43..8.46 rows=0 width=0)
	  ->  Index Scan using sbtest1_pkey on sbtest1  (cost=0.43..8.46 rows=1 width=10)
	        Index Cond: (id = 6351318)

table 2 : explain UPDATE sbtest2 SET k=k+1 WHERE id=1721774
	Update on sbtest2  (cost=0.43..8.46 rows=0 width=0)
	  ->  Index Scan using sbtest2_pkey on sbtest2  (cost=0.43..8.46 rows=1 width=10)
	        Index Cond: (id = 1721774)

table 3 : explain UPDATE sbtest3 SET k=k+1 WHERE id=8289777
	Update on sbtest3  (cost=0.43..8.46 rows=0 width=0)
	  ->  Index Scan using sbtest3_pkey on sbtest3  (cost=0.43..8.46 rows=1 width=10)
	        Index Cond: (id = 8289777)

table 4 : explain UPDATE sbtest4 SET k=k+1 WHERE id=9291566
	Update on sbtest4  (cost=0.43..8.46 rows=0 width=0)
	  ->  Index Scan using sbtest4_pkey on sbtest4  (cost=0.43..8.46 rows=1 width=10)
	        Index Cond: (id = 9291566)

table 5 : explain UPDATE sbtest5 SET k=k+1 WHERE id=6931274
	Update on sbtest5  (cost=0.43..8.46 rows=0 width=0)
	  ->  Index Scan using sbtest5_pkey on sbtest5  (cost=0.43..8.46 rows=1 width=10)
	        Index Cond: (id = 6931274)

table 6 : explain UPDATE sbtest6 SET k=k+1 WHERE id=8792985
	Update on sbtest6  (cost=0.43..8.46 rows=0 width=0)
	  ->  Index Scan using sbtest6_pkey on sbtest6  (cost=0.43..8.46 rows=1 width=10)
	        Index Cond: (id = 8792985)

table 7 : explain UPDATE sbtest7 SET k=k+1 WHERE id=6439997
	Update on sbtest7  (cost=0.43..8.46 rows=0 width=0)
	  ->  Index Scan using sbtest7_pkey on sbtest7  (cost=0.43..8.46 rows=1 width=10)
	        Index Cond: (id = 6439997)

table 8 : explain UPDATE sbtest8 SET k=k+1 WHERE id=2325037
	Update on sbtest8  (cost=0.43..8.46 rows=0 width=0)
	  ->  Index Scan using sbtest8_pkey on sbtest8  (cost=0.43..8.46 rows=1 width=10)
	        Index Cond: (id = 2325037)

explain: for index_updates :: explain UPDATE sbtest%u SET k=k+1 WHERE id=%u
explain: for deletes :: explain DELETE FROM sbtest%u WHERE id=%u
explain: for deletes :: explain DELETE FROM sbtest%u WHERE id=%u
explain: for inserts :: explain INSERT INTO sbtest%u (id, k, c, pad) VALUES (%u, 13, 'foobar', 'foobar')
for deletes
table 1 : explain DELETE FROM sbtest1 WHERE id=8697685
	Delete on sbtest1  (cost=0.43..8.45 rows=0 width=0)
	  ->  Index Scan using sbtest1_pkey on sbtest1  (cost=0.43..8.45 rows=1 width=6)
	        Index Cond: (id = 8697685)

table 2 : explain DELETE FROM sbtest2 WHERE id=8184101
	Delete on sbtest2  (cost=0.43..8.45 rows=0 width=0)
	  ->  Index Scan using sbtest2_pkey on sbtest2  (cost=0.43..8.45 rows=1 width=6)
	        Index Cond: (id = 8184101)

table 3 : explain DELETE FROM sbtest3 WHERE id=7338604
	Delete on sbtest3  (cost=0.43..8.45 rows=0 width=0)
	  ->  Index Scan using sbtest3_pkey on sbtest3  (cost=0.43..8.45 rows=1 width=6)
	        Index Cond: (id = 7338604)

table 4 : explain DELETE FROM sbtest4 WHERE id=4460947
	Delete on sbtest4  (cost=0.43..8.45 rows=0 width=0)
	  ->  Index Scan using sbtest4_pkey on sbtest4  (cost=0.43..8.45 rows=1 width=6)
	        Index Cond: (id = 4460947)

table 5 : explain DELETE FROM sbtest5 WHERE id=2225199
	Delete on sbtest5  (cost=0.43..8.45 rows=0 width=0)
	  ->  Index Scan using sbtest5_pkey on sbtest5  (cost=0.43..8.45 rows=1 width=6)
	        Index Cond: (id = 2225199)

table 6 : explain DELETE FROM sbtest6 WHERE id=6679982
	Delete on sbtest6  (cost=0.43..8.45 rows=0 width=0)
	  ->  Index Scan using sbtest6_pkey on sbtest6  (cost=0.43..8.45 rows=1 width=6)
	        Index Cond: (id = 6679982)

table 7 : explain DELETE FROM sbtest7 WHERE id=3414640
	Delete on sbtest7  (cost=0.43..8.45 rows=0 width=0)
	  ->  Index Scan using sbtest7_pkey on sbtest7  (cost=0.43..8.45 rows=1 width=6)
	        Index Cond: (id = 3414640)

table 8 : explain DELETE FROM sbtest8 WHERE id=1606137
	Delete on sbtest8  (cost=0.43..8.45 rows=0 width=0)
	  ->  Index Scan using sbtest8_pkey on sbtest8  (cost=0.43..8.45 rows=1 width=6)
	        Index Cond: (id = 1606137)

explain: for non_index_updates :: explain UPDATE sbtest%u SET c='foobar' WHERE id=%u
for non_index_updates
table 1 : explain UPDATE sbtest1 SET c='foobar' WHERE id=4137871
	Update on sbtest1  (cost=0.43..8.45 rows=0 width=0)
	  ->  Index Scan using sbtest1_pkey on sbtest1  (cost=0.43..8.45 rows=1 width=490)
	        Index Cond: (id = 4137871)

table 2 : explain UPDATE sbtest2 SET c='foobar' WHERE id=1628858
	Update on sbtest2  (cost=0.43..8.45 rows=0 width=0)
	  ->  Index Scan using sbtest2_pkey on sbtest2  (cost=0.43..8.45 rows=1 width=490)
	        Index Cond: (id = 1628858)

table 3 : explain UPDATE sbtest3 SET c='foobar' WHERE id=289640
	Update on sbtest3  (cost=0.43..8.45 rows=0 width=0)
	  ->  Index Scan using sbtest3_pkey on sbtest3  (cost=0.43..8.45 rows=1 width=490)
	        Index Cond: (id = 289640)

table 4 : explain UPDATE sbtest4 SET c='foobar' WHERE id=2992845
	Update on sbtest4  (cost=0.43..8.45 rows=0 width=0)
	  ->  Index Scan using sbtest4_pkey on sbtest4  (cost=0.43..8.45 rows=1 width=490)
	        Index Cond: (id = 2992845)

table 5 : explain UPDATE sbtest5 SET c='foobar' WHERE id=2659260
	Update on sbtest5  (cost=0.43..8.45 rows=0 width=0)
	  ->  Index Scan using sbtest5_pkey on sbtest5  (cost=0.43..8.45 rows=1 width=490)
	        Index Cond: (id = 2659260)

table 6 : explain UPDATE sbtest6 SET c='foobar' WHERE id=471849
	Update on sbtest6  (cost=0.43..8.45 rows=0 width=0)
	  ->  Index Scan using sbtest6_pkey on sbtest6  (cost=0.43..8.45 rows=1 width=490)
	        Index Cond: (id = 471849)

table 7 : explain UPDATE sbtest7 SET c='foobar' WHERE id=7471207
	Update on sbtest7  (cost=0.43..8.45 rows=0 width=0)
	  ->  Index Scan using sbtest7_pkey on sbtest7  (cost=0.43..8.45 rows=1 width=490)
	        Index Cond: (id = 7471207)

table 8 : explain UPDATE sbtest8 SET c='foobar' WHERE id=8749099
	Update on sbtest8  (cost=0.43..8.45 rows=0 width=0)
	  ->  Index Scan using sbtest8_pkey on sbtest8  (cost=0.43..8.45 rows=1 width=490)
	        Index Cond: (id = 8749099)

for index_updates
table 1 : explain UPDATE sbtest1 SET k=k+1 WHERE id=5109974
	Update on sbtest1  (cost=0.43..8.46 rows=0 width=0)
	  ->  Index Scan using sbtest1_pkey on sbtest1  (cost=0.43..8.46 rows=1 width=10)
	        Index Cond: (id = 5109974)

table 2 : explain UPDATE sbtest2 SET k=k+1 WHERE id=1152857
	Update on sbtest2  (cost=0.43..8.46 rows=0 width=0)
	  ->  Index Scan using sbtest2_pkey on sbtest2  (cost=0.43..8.46 rows=1 width=10)
	        Index Cond: (id = 1152857)

table 3 : explain UPDATE sbtest3 SET k=k+1 WHERE id=5394333
	Update on sbtest3  (cost=0.43..8.46 rows=0 width=0)
	  ->  Index Scan using sbtest3_pkey on sbtest3  (cost=0.43..8.46 rows=1 width=10)
	        Index Cond: (id = 5394333)

table 4 : explain UPDATE sbtest4 SET k=k+1 WHERE id=6949384
	Update on sbtest4  (cost=0.43..8.46 rows=0 width=0)
	  ->  Index Scan using sbtest4_pkey on sbtest4  (cost=0.43..8.46 rows=1 width=10)
	        Index Cond: (id = 6949384)

table 5 : explain UPDATE sbtest5 SET k=k+1 WHERE id=2061856
	Update on sbtest5  (cost=0.43..8.46 rows=0 width=0)
	  ->  Index Scan using sbtest5_pkey on sbtest5  (cost=0.43..8.46 rows=1 width=10)
	        Index Cond: (id = 2061856)

table 6 : explain UPDATE sbtest6 SET k=k+1 WHERE id=8367792
	Update on sbtest6  (cost=0.43..8.46 rows=0 width=0)
	  ->  Index Scan using sbtest6_pkey on sbtest6  (cost=0.43..8.46 rows=1 width=10)
	        Index Cond: (id = 8367792)

table 7 : explain UPDATE sbtest7 SET k=k+1 WHERE id=6977703
	Update on sbtest7  (cost=0.43..8.46 rows=0 width=0)
	  ->  Index Scan using sbtest7_pkey on sbtest7  (cost=0.43..8.46 rows=1 width=10)
	        Index Cond: (id = 6977703)

table 8 : explain UPDATE sbtest8 SET k=k+1 WHERE id=6584084
	Update on sbtest8  (cost=0.43..8.46 rows=0 width=0)
	  ->  Index Scan using sbtest8_pkey on sbtest8  (cost=0.43..8.46 rows=1 width=10)
	        Index Cond: (id = 6584084)

for deletes
table 1 : explain DELETE FROM sbtest1 WHERE id=2127071
	Delete on sbtest1  (cost=0.43..8.45 rows=0 width=0)
	  ->  Index Scan using sbtest1_pkey on sbtest1  (cost=0.43..8.45 rows=1 width=6)
	        Index Cond: (id = 2127071)

table 2 : explain DELETE FROM sbtest2 WHERE id=4511251
	Delete on sbtest2  (cost=0.43..8.45 rows=0 width=0)
	  ->  Index Scan using sbtest2_pkey on sbtest2  (cost=0.43..8.45 rows=1 width=6)
	        Index Cond: (id = 4511251)

table 3 : explain DELETE FROM sbtest3 WHERE id=6555604
	Delete on sbtest3  (cost=0.43..8.45 rows=0 width=0)
	  ->  Index Scan using sbtest3_pkey on sbtest3  (cost=0.43..8.45 rows=1 width=6)
	        Index Cond: (id = 6555604)

table 4 : explain DELETE FROM sbtest4 WHERE id=5768669
	Delete on sbtest4  (cost=0.43..8.45 rows=0 width=0)
	  ->  Index Scan using sbtest4_pkey on sbtest4  (cost=0.43..8.45 rows=1 width=6)
	        Index Cond: (id = 5768669)

table 5 : explain DELETE FROM sbtest5 WHERE id=2508568
	Delete on sbtest5  (cost=0.43..8.45 rows=0 width=0)
	  ->  Index Scan using sbtest5_pkey on sbtest5  (cost=0.43..8.45 rows=1 width=6)
	        Index Cond: (id = 2508568)

table 6 : explain DELETE FROM sbtest6 WHERE id=5073039
	Delete on sbtest6  (cost=0.43..8.45 rows=0 width=0)
	  ->  Index Scan using sbtest6_pkey on sbtest6  (cost=0.43..8.45 rows=1 width=6)
	        Index Cond: (id = 5073039)

table 7 : explain DELETE FROM sbtest7 WHERE id=2031487
	Delete on sbtest7  (cost=0.43..8.45 rows=0 width=0)
	  ->  Index Scan using sbtest7_pkey on sbtest7  (cost=0.43..8.45 rows=1 width=6)
	        Index Cond: (id = 2031487)

table 8 : explain DELETE FROM sbtest8 WHERE id=481620
	Delete on sbtest8  (cost=0.43..8.45 rows=0 width=0)
	  ->  Index Scan using sbtest8_pkey on sbtest8  (cost=0.43..8.45 rows=1 width=6)
	        Index Cond: (id = 481620)

for index_updates
table 1 : explain UPDATE sbtest1 SET k=k+1 WHERE id=7805936
	Update on sbtest1  (cost=0.43..8.46 rows=0 width=0)
	  ->  Index Scan using sbtest1_pkey on sbtest1  (cost=0.43..8.46 rows=1 width=10)
	        Index Cond: (id = 7805936)

table 2 : explain UPDATE sbtest2 SET k=k+1 WHERE id=2734737
	Update on sbtest2  (cost=0.43..8.46 rows=0 width=0)
	  ->  Index Scan using sbtest2_pkey on sbtest2  (cost=0.43..8.46 rows=1 width=10)
	        Index Cond: (id = 2734737)

table 3 : explain UPDATE sbtest3 SET k=k+1 WHERE id=9426271
	Update on sbtest3  (cost=0.43..8.46 rows=0 width=0)
	  ->  Index Scan using sbtest3_pkey on sbtest3  (cost=0.43..8.46 rows=1 width=10)
	        Index Cond: (id = 9426271)

table 4 : explain UPDATE sbtest4 SET k=k+1 WHERE id=1668357
	Update on sbtest4  (cost=0.43..8.46 rows=0 width=0)
	  ->  Index Scan using sbtest4_pkey on sbtest4  (cost=0.43..8.46 rows=1 width=10)
	        Index Cond: (id = 1668357)

table 5 : explain UPDATE sbtest5 SET k=k+1 WHERE id=9152249
	Update on sbtest5  (cost=0.43..8.46 rows=0 width=0)
	  ->  Index Scan using sbtest5_pkey on sbtest5  (cost=0.43..8.46 rows=1 width=10)
	        Index Cond: (id = 9152249)

table 6 : explain UPDATE sbtest6 SET k=k+1 WHERE id=9439954
	Update on sbtest6  (cost=0.43..8.46 rows=0 width=0)
	  ->  Index Scan using sbtest6_pkey on sbtest6  (cost=0.43..8.46 rows=1 width=10)
	        Index Cond: (id = 9439954)

table 7 : explain UPDATE sbtest7 SET k=k+1 WHERE id=4380756
	Update on sbtest7  (cost=0.43..8.46 rows=0 width=0)
	  ->  Index Scan using sbtest7_pkey on sbtest7  (cost=0.43..8.46 rows=1 width=10)
	        Index Cond: (id = 4380756)

table 8 : explain UPDATE sbtest8 SET k=k+1 WHERE id=7867485
	Update on sbtest8  (cost=0.43..8.46 rows=0 width=0)
	  ->  Index Scan using sbtest8_pkey on sbtest8  (cost=0.43..8.46 rows=1 width=10)
	        Index Cond: (id = 7867485)

explain: for deletes :: explain DELETE FROM sbtest%u WHERE id=%u
explain: for non_index_updates :: explain UPDATE sbtest%u SET c='foobar' WHERE id=%u
for non_index_updates
table 1 : explain UPDATE sbtest1 SET c='foobar' WHERE id=9104614
	Update on sbtest1  (cost=0.43..8.45 rows=0 width=0)
	  ->  Index Scan using sbtest1_pkey on sbtest1  (cost=0.43..8.45 rows=1 width=490)
	        Index Cond: (id = 9104614)

table 2 : explain UPDATE sbtest2 SET c='foobar' WHERE id=8630281
	Update on sbtest2  (cost=0.43..8.45 rows=0 width=0)
	  ->  Index Scan using sbtest2_pkey on sbtest2  (cost=0.43..8.45 rows=1 width=490)
	        Index Cond: (id = 8630281)

table 3 : explain UPDATE sbtest3 SET c='foobar' WHERE id=3226772
	Update on sbtest3  (cost=0.43..8.45 rows=0 width=0)
	  ->  Index Scan using sbtest3_pkey on sbtest3  (cost=0.43..8.45 rows=1 width=490)
	        Index Cond: (id = 3226772)

table 4 : explain UPDATE sbtest4 SET c='foobar' WHERE id=9694354
	Update on sbtest4  (cost=0.43..8.45 rows=0 width=0)
	  ->  Index Scan using sbtest4_pkey on sbtest4  (cost=0.43..8.45 rows=1 width=490)
	        Index Cond: (id = 9694354)

table 5 : explain UPDATE sbtest5 SET c='foobar' WHERE id=758852
	Update on sbtest5  (cost=0.43..8.45 rows=0 width=0)
	  ->  Index Scan using sbtest5_pkey on sbtest5  (cost=0.43..8.45 rows=1 width=490)
	        Index Cond: (id = 758852)

table 6 : explain UPDATE sbtest6 SET c='foobar' WHERE id=5432092
	Update on sbtest6  (cost=0.43..8.45 rows=0 width=0)
	  ->  Index Scan using sbtest6_pkey on sbtest6  (cost=0.43..8.45 rows=1 width=490)
	        Index Cond: (id = 5432092)

table 7 : explain UPDATE sbtest7 SET c='foobar' WHERE id=1519141
	Update on sbtest7  (cost=0.43..8.45 rows=0 width=0)
	  ->  Index Scan using sbtest7_pkey on sbtest7  (cost=0.43..8.45 rows=1 width=490)
	        Index Cond: (id = 1519141)

table 8 : explain UPDATE sbtest8 SET c='foobar' WHERE id=2505447
	Update on sbtest8  (cost=0.43..8.45 rows=0 width=0)
	  ->  Index Scan using sbtest8_pkey on sbtest8  (cost=0.43..8.45 rows=1 width=490)
	        Index Cond: (id = 2505447)

explain: for inserts :: explain INSERT INTO sbtest%u (id, k, c, pad) VALUES (%u, 13, 'foobar', 'foobar')
explain: for non_index_updates :: explain UPDATE sbtest%u SET c='foobar' WHERE id=%u
for index_updates
table 1 : explain UPDATE sbtest1 SET k=k+1 WHERE id=1276009
	Update on sbtest1  (cost=0.43..8.46 rows=0 width=0)
	  ->  Index Scan using sbtest1_pkey on sbtest1  (cost=0.43..8.46 rows=1 width=10)
	        Index Cond: (id = 1276009)

table 2 : explain UPDATE sbtest2 SET k=k+1 WHERE id=5333366
	Update on sbtest2  (cost=0.43..8.46 rows=0 width=0)
	  ->  Index Scan using sbtest2_pkey on sbtest2  (cost=0.43..8.46 rows=1 width=10)
	        Index Cond: (id = 5333366)

table 3 : explain UPDATE sbtest3 SET k=k+1 WHERE id=2141428
	Update on sbtest3  (cost=0.43..8.46 rows=0 width=0)
	  ->  Index Scan using sbtest3_pkey on sbtest3  (cost=0.43..8.46 rows=1 width=10)
	        Index Cond: (id = 2141428)

table 4 : explain UPDATE sbtest4 SET k=k+1 WHERE id=4941770
	Update on sbtest4  (cost=0.43..8.46 rows=0 width=0)
	  ->  Index Scan using sbtest4_pkey on sbtest4  (cost=0.43..8.46 rows=1 width=10)
	        Index Cond: (id = 4941770)

table 5 : explain UPDATE sbtest5 SET k=k+1 WHERE id=2364946
	Update on sbtest5  (cost=0.43..8.46 rows=0 width=0)
	  ->  Index Scan using sbtest5_pkey on sbtest5  (cost=0.43..8.46 rows=1 width=10)
	        Index Cond: (id = 2364946)

table 6 : explain UPDATE sbtest6 SET k=k+1 WHERE id=5170532
	Update on sbtest6  (cost=0.43..8.46 rows=0 width=0)
	  ->  Index Scan using sbtest6_pkey on sbtest6  (cost=0.43..8.46 rows=1 width=10)
	        Index Cond: (id = 5170532)

table 7 : explain UPDATE sbtest7 SET k=k+1 WHERE id=6891522
	Update on sbtest7  (cost=0.43..8.46 rows=0 width=0)
	  ->  Index Scan using sbtest7_pkey on sbtest7  (cost=0.43..8.46 rows=1 width=10)
	        Index Cond: (id = 6891522)

table 8 : explain UPDATE sbtest8 SET k=k+1 WHERE id=6807118
	Update on sbtest8  (cost=0.43..8.46 rows=0 width=0)
	  ->  Index Scan using sbtest8_pkey on sbtest8  (cost=0.43..8.46 rows=1 width=10)
	        Index Cond: (id = 6807118)

for inserts
table 1 : explain INSERT INTO sbtest1 (id, k, c, pad) VALUES (891805, 13, 'foobar', 'foobar')
	Insert on sbtest1  (cost=0.00..0.01 rows=0 width=0)
	  ->  Result  (cost=0.00..0.01 rows=1 width=736)

table 2 : explain INSERT INTO sbtest2 (id, k, c, pad) VALUES (2793723, 13, 'foobar', 'foobar')
	Insert on sbtest2  (cost=0.00..0.01 rows=0 width=0)
	  ->  Result  (cost=0.00..0.01 rows=1 width=736)

table 3 : explain INSERT INTO sbtest3 (id, k, c, pad) VALUES (2114737, 13, 'foobar', 'foobar')
	Insert on sbtest3  (cost=0.00..0.01 rows=0 width=0)
	  ->  Result  (cost=0.00..0.01 rows=1 width=736)

table 4 : explain INSERT INTO sbtest4 (id, k, c, pad) VALUES (185762, 13, 'foobar', 'foobar')
	Insert on sbtest4  (cost=0.00..0.01 rows=0 width=0)
	  ->  Result  (cost=0.00..0.01 rows=1 width=736)

table 5 : explain INSERT INTO sbtest5 (id, k, c, pad) VALUES (6243377, 13, 'foobar', 'foobar')
	Insert on sbtest5  (cost=0.00..0.01 rows=0 width=0)
	  ->  Result  (cost=0.00..0.01 rows=1 width=736)

table 6 : explain INSERT INTO sbtest6 (id, k, c, pad) VALUES (7494186, 13, 'foobar', 'foobar')
	Insert on sbtest6  (cost=0.00..0.01 rows=0 width=0)
	  ->  Result  (cost=0.00..0.01 rows=1 width=736)

table 7 : explain INSERT INTO sbtest7 (id, k, c, pad) VALUES (4913603, 13, 'foobar', 'foobar')
	Insert on sbtest7  (cost=0.00..0.01 rows=0 width=0)
	  ->  Result  (cost=0.00..0.01 rows=1 width=736)

table 8 : explain INSERT INTO sbtest8 (id, k, c, pad) VALUES (2510041, 13, 'foobar', 'foobar')
	Insert on sbtest8  (cost=0.00..0.01 rows=0 width=0)
	  ->  Result  (cost=0.00..0.01 rows=1 width=736)

explain: for deletes :: explain DELETE FROM sbtest%u WHERE id=%u
for deletes
table 1 : explain DELETE FROM sbtest1 WHERE id=3580499
	Delete on sbtest1  (cost=0.43..8.45 rows=0 width=0)
	  ->  Index Scan using sbtest1_pkey on sbtest1  (cost=0.43..8.45 rows=1 width=6)
	        Index Cond: (id = 3580499)

table 2 : explain DELETE FROM sbtest2 WHERE id=2697544
	Delete on sbtest2  (cost=0.43..8.45 rows=0 width=0)
	  ->  Index Scan using sbtest2_pkey on sbtest2  (cost=0.43..8.45 rows=1 width=6)
	        Index Cond: (id = 2697544)

table 3 : explain DELETE FROM sbtest3 WHERE id=9610752
	Delete on sbtest3  (cost=0.43..8.45 rows=0 width=0)
	  ->  Index Scan using sbtest3_pkey on sbtest3  (cost=0.43..8.45 rows=1 width=6)
	        Index Cond: (id = 9610752)

table 4 : explain DELETE FROM sbtest4 WHERE id=1457594
	Delete on sbtest4  (cost=0.43..8.45 rows=0 width=0)
	  ->  Index Scan using sbtest4_pkey on sbtest4  (cost=0.43..8.45 rows=1 width=6)
	        Index Cond: (id = 1457594)

table 5 : explain DELETE FROM sbtest5 WHERE id=4572534
	Delete on sbtest5  (cost=0.43..8.45 rows=0 width=0)
	  ->  Index Scan using sbtest5_pkey on sbtest5  (cost=0.43..8.45 rows=1 width=6)
	        Index Cond: (id = 4572534)

table 6 : explain DELETE FROM sbtest6 WHERE id=949909
	Delete on sbtest6  (cost=0.43..8.45 rows=0 width=0)
	  ->  Index Scan using sbtest6_pkey on sbtest6  (cost=0.43..8.45 rows=1 width=6)
	        Index Cond: (id = 949909)

table 7 : explain DELETE FROM sbtest7 WHERE id=844139
	Delete on sbtest7  (cost=0.43..8.45 rows=0 width=0)
	  ->  Index Scan using sbtest7_pkey on sbtest7  (cost=0.43..8.45 rows=1 width=6)
	        Index Cond: (id = 844139)

table 8 : explain DELETE FROM sbtest8 WHERE id=231000
	Delete on sbtest8  (cost=0.43..8.45 rows=0 width=0)
	  ->  Index Scan using sbtest8_pkey on sbtest8  (cost=0.43..8.45 rows=1 width=6)
	        Index Cond: (id = 231000)

explain: for index_updates :: explain UPDATE sbtest%u SET k=k+1 WHERE id=%u
for inserts
table 1 : explain INSERT INTO sbtest1 (id, k, c, pad) VALUES (6565228, 13, 'foobar', 'foobar')
	Insert on sbtest1  (cost=0.00..0.01 rows=0 width=0)
	  ->  Result  (cost=0.00..0.01 rows=1 width=736)

table 2 : explain INSERT INTO sbtest2 (id, k, c, pad) VALUES (7744453, 13, 'foobar', 'foobar')
	Insert on sbtest2  (cost=0.00..0.01 rows=0 width=0)
	  ->  Result  (cost=0.00..0.01 rows=1 width=736)

table 3 : explain INSERT INTO sbtest3 (id, k, c, pad) VALUES (6196392, 13, 'foobar', 'foobar')
	Insert on sbtest3  (cost=0.00..0.01 rows=0 width=0)
	  ->  Result  (cost=0.00..0.01 rows=1 width=736)

table 4 : explain INSERT INTO sbtest4 (id, k, c, pad) VALUES (9123470, 13, 'foobar', 'foobar')
	Insert on sbtest4  (cost=0.00..0.01 rows=0 width=0)
	  ->  Result  (cost=0.00..0.01 rows=1 width=736)

table 5 : explain INSERT INTO sbtest5 (id, k, c, pad) VALUES (8678014, 13, 'foobar', 'foobar')
	Insert on sbtest5  (cost=0.00..0.01 rows=0 width=0)
	  ->  Result  (cost=0.00..0.01 rows=1 width=736)

table 6 : explain INSERT INTO sbtest6 (id, k, c, pad) VALUES (9912801, 13, 'foobar', 'foobar')
	Insert on sbtest6  (cost=0.00..0.01 rows=0 width=0)
	  ->  Result  (cost=0.00..0.01 rows=1 width=736)

table 7 : explain INSERT INTO sbtest7 (id, k, c, pad) VALUES (3137615, 13, 'foobar', 'foobar')
	Insert on sbtest7  (cost=0.00..0.01 rows=0 width=0)
	  ->  Result  (cost=0.00..0.01 rows=1 width=736)

table 8 : explain INSERT INTO sbtest8 (id, k, c, pad) VALUES (4278790, 13, 'foobar', 'foobar')
	Insert on sbtest8  (cost=0.00..0.01 rows=0 width=0)
	  ->  Result  (cost=0.00..0.01 rows=1 width=736)

for non_index_updates
table 1 : explain UPDATE sbtest1 SET c='foobar' WHERE id=9336572
	Update on sbtest1  (cost=0.43..8.45 rows=0 width=0)
	  ->  Index Scan using sbtest1_pkey on sbtest1  (cost=0.43..8.45 rows=1 width=490)
	        Index Cond: (id = 9336572)

table 2 : explain UPDATE sbtest2 SET c='foobar' WHERE id=2377278
	Update on sbtest2  (cost=0.43..8.45 rows=0 width=0)
	  ->  Index Scan using sbtest2_pkey on sbtest2  (cost=0.43..8.45 rows=1 width=490)
	        Index Cond: (id = 2377278)

table 3 : explain UPDATE sbtest3 SET c='foobar' WHERE id=330967
	Update on sbtest3  (cost=0.43..8.45 rows=0 width=0)
	  ->  Index Scan using sbtest3_pkey on sbtest3  (cost=0.43..8.45 rows=1 width=490)
	        Index Cond: (id = 330967)

table 4 : explain UPDATE sbtest4 SET c='foobar' WHERE id=657148
	Update on sbtest4  (cost=0.43..8.45 rows=0 width=0)
	  ->  Index Scan using sbtest4_pkey on sbtest4  (cost=0.43..8.45 rows=1 width=490)
	        Index Cond: (id = 657148)

table 5 : explain UPDATE sbtest5 SET c='foobar' WHERE id=4764394
	Update on sbtest5  (cost=0.43..8.45 rows=0 width=0)
	  ->  Index Scan using sbtest5_pkey on sbtest5  (cost=0.43..8.45 rows=1 width=490)
	        Index Cond: (id = 4764394)

table 6 : explain UPDATE sbtest6 SET c='foobar' WHERE id=7853956
	Update on sbtest6  (cost=0.43..8.45 rows=0 width=0)
	  ->  Index Scan using sbtest6_pkey on sbtest6  (cost=0.43..8.45 rows=1 width=490)
	        Index Cond: (id = 7853956)

table 7 : explain UPDATE sbtest7 SET c='foobar' WHERE id=6024355
	Update on sbtest7  (cost=0.43..8.45 rows=0 width=0)
	  ->  Index Scan using sbtest7_pkey on sbtest7  (cost=0.43..8.45 rows=1 width=490)
	        Index Cond: (id = 6024355)

table 8 : explain UPDATE sbtest8 SET c='foobar' WHERE id=7008594
	Update on sbtest8  (cost=0.43..8.45 rows=0 width=0)
	  ->  Index Scan using sbtest8_pkey on sbtest8  (cost=0.43..8.45 rows=1 width=490)
	        Index Cond: (id = 7008594)

for deletes
table 1 : explain DELETE FROM sbtest1 WHERE id=79100
	Delete on sbtest1  (cost=0.43..8.45 rows=0 width=0)
	  ->  Index Scan using sbtest1_pkey on sbtest1  (cost=0.43..8.45 rows=1 width=6)
	        Index Cond: (id = 79100)

table 2 : explain DELETE FROM sbtest2 WHERE id=8999276
	Delete on sbtest2  (cost=0.43..8.45 rows=0 width=0)
	  ->  Index Scan using sbtest2_pkey on sbtest2  (cost=0.43..8.45 rows=1 width=6)
	        Index Cond: (id = 8999276)

table 3 : explain DELETE FROM sbtest3 WHERE id=7312320
	Delete on sbtest3  (cost=0.43..8.45 rows=0 width=0)
	  ->  Index Scan using sbtest3_pkey on sbtest3  (cost=0.43..8.45 rows=1 width=6)
	        Index Cond: (id = 7312320)

table 4 : explain DELETE FROM sbtest4 WHERE id=4384500
	Delete on sbtest4  (cost=0.43..8.45 rows=0 width=0)
	  ->  Index Scan using sbtest4_pkey on sbtest4  (cost=0.43..8.45 rows=1 width=6)
	        Index Cond: (id = 4384500)

table 5 : explain DELETE FROM sbtest5 WHERE id=9694415
	Delete on sbtest5  (cost=0.43..8.45 rows=0 width=0)
	  ->  Index Scan using sbtest5_pkey on sbtest5  (cost=0.43..8.45 rows=1 width=6)
	        Index Cond: (id = 9694415)

table 6 : explain DELETE FROM sbtest6 WHERE id=3252648
	Delete on sbtest6  (cost=0.43..8.45 rows=0 width=0)
	  ->  Index Scan using sbtest6_pkey on sbtest6  (cost=0.43..8.45 rows=1 width=6)
	        Index Cond: (id = 3252648)

table 7 : explain DELETE FROM sbtest7 WHERE id=3257038
	Delete on sbtest7  (cost=0.43..8.45 rows=0 width=0)
	  ->  Index Scan using sbtest7_pkey on sbtest7  (cost=0.43..8.45 rows=1 width=6)
	        Index Cond: (id = 3257038)

table 8 : explain DELETE FROM sbtest8 WHERE id=5743237
	Delete on sbtest8  (cost=0.43..8.45 rows=0 width=0)
	  ->  Index Scan using sbtest8_pkey on sbtest8  (cost=0.43..8.45 rows=1 width=6)
	        Index Cond: (id = 5743237)

for deletes
table 1 : explain DELETE FROM sbtest1 WHERE id=6582529
	Delete on sbtest1  (cost=0.43..8.45 rows=0 width=0)
	  ->  Index Scan using sbtest1_pkey on sbtest1  (cost=0.43..8.45 rows=1 width=6)
	        Index Cond: (id = 6582529)

table 2 : explain DELETE FROM sbtest2 WHERE id=2445652
	Delete on sbtest2  (cost=0.43..8.45 rows=0 width=0)
	  ->  Index Scan using sbtest2_pkey on sbtest2  (cost=0.43..8.45 rows=1 width=6)
	        Index Cond: (id = 2445652)

table 3 : explain DELETE FROM sbtest3 WHERE id=9047933
	Delete on sbtest3  (cost=0.43..8.45 rows=0 width=0)
	  ->  Index Scan using sbtest3_pkey on sbtest3  (cost=0.43..8.45 rows=1 width=6)
	        Index Cond: (id = 9047933)

table 4 : explain DELETE FROM sbtest4 WHERE id=3990270
	Delete on sbtest4  (cost=0.43..8.45 rows=0 width=0)
	  ->  Index Scan using sbtest4_pkey on sbtest4  (cost=0.43..8.45 rows=1 width=6)
	        Index Cond: (id = 3990270)

table 5 : explain DELETE FROM sbtest5 WHERE id=3469717
	Delete on sbtest5  (cost=0.43..8.45 rows=0 width=0)
	  ->  Index Scan using sbtest5_pkey on sbtest5  (cost=0.43..8.45 rows=1 width=6)
	        Index Cond: (id = 3469717)

table 6 : explain DELETE FROM sbtest6 WHERE id=3118896
	Delete on sbtest6  (cost=0.43..8.45 rows=0 width=0)
	  ->  Index Scan using sbtest6_pkey on sbtest6  (cost=0.43..8.45 rows=1 width=6)
	        Index Cond: (id = 3118896)

table 7 : explain DELETE FROM sbtest7 WHERE id=6232744
	Delete on sbtest7  (cost=0.43..8.45 rows=0 width=0)
	  ->  Index Scan using sbtest7_pkey on sbtest7  (cost=0.43..8.45 rows=1 width=6)
	        Index Cond: (id = 6232744)

table 8 : explain DELETE FROM sbtest8 WHERE id=7313983
	Delete on sbtest8  (cost=0.43..8.45 rows=0 width=0)
	  ->  Index Scan using sbtest8_pkey on sbtest8  (cost=0.43..8.45 rows=1 width=6)
	        Index Cond: (id = 7313983)

explain: for inserts :: explain INSERT INTO sbtest%u (id, k, c, pad) VALUES (%u, 13, 'foobar', 'foobar')
explain: for non_index_updates :: explain UPDATE sbtest%u SET c='foobar' WHERE id=%u
explain: for deletes :: explain DELETE FROM sbtest%u WHERE id=%ufor non_index_updates
table 1 : explain UPDATE sbtest1 SET c='foobar' WHERE id=1445242
	Update on sbtest1  (cost=0.43..8.45 rows=0 width=0)
	  ->  Index Scan using sbtest1_pkey on sbtest1  (cost=0.43..8.45 rows=1 width=490)
	        Index Cond: (id = 1445242)

table 2 : explain UPDATE sbtest2 SET c='foobar' WHERE id=4365551
	Update on sbtest2  (cost=0.43..8.45 rows=0 width=0)
	  ->  Index Scan using sbtest2_pkey on sbtest2  (cost=0.43..8.45 rows=1 width=490)
	        Index Cond: (id = 4365551)

table 3 : explain UPDATE sbtest3 SET c='foobar' WHERE id=5474492
	Update on sbtest3  (cost=0.43..8.45 rows=0 width=0)
	  ->  Index Scan using sbtest3_pkey on sbtest3  (cost=0.43..8.45 rows=1 width=490)
	        Index Cond: (id = 5474492)

table 4 : explain UPDATE sbtest4 SET c='foobar' WHERE id=3671072
	Update on sbtest4  (cost=0.43..8.45 rows=0 width=0)
	  ->  Index Scan using sbtest4_pkey on sbtest4  (cost=0.43..8.45 rows=1 width=490)
	        Index Cond: (id = 3671072)

table 5 : explain UPDATE sbtest5 SET c='foobar' WHERE id=1889637
	Update on sbtest5  (cost=0.43..8.45 rows=0 width=0)
	  ->  Index Scan using sbtest5_pkey on sbtest5  (cost=0.43..8.45 rows=1 width=490)
	        Index Cond: (id = 1889637)

table 6 : explain UPDATE sbtest6 SET c='foobar' WHERE id=2118741
	Update on sbtest6  (cost=0.43..8.45 rows=0 width=0)
	  ->  Index Scan using sbtest6_pkey on sbtest6  (cost=0.43..8.45 rows=1 width=490)
	        Index Cond: (id = 2118741)

table 7 : explain UPDATE sbtest7 SET c='foobar' WHERE id=3592135
	Update on sbtest7  (cost=0.43..8.45 rows=0 width=0)
	  ->  Index Scan using sbtest7_pkey on sbtest7  (cost=0.43..8.45 rows=1 width=490)
	        Index Cond: (id = 3592135)

table 8 : explain UPDATE sbtest8 SET c='foobar' WHERE id=861786
	Update on sbtest8  (cost=0.43..8.45 rows=0 width=0)
	  ->  Index Scan using sbtest8_pkey on sbtest8  (cost=0.43..8.45 rows=1 width=490)
	        Index Cond: (id = 861786)


for deletes
table 1 : explain DELETE FROM sbtest1 WHERE id=7235370
	Delete on sbtest1  (cost=0.43..8.45 rows=0 width=0)
	  ->  Index Scan using sbtest1_pkey on sbtest1  (cost=0.43..8.45 rows=1 width=6)
	        Index Cond: (id = 7235370)

table 2 : explain DELETE FROM sbtest2 WHERE id=4742355
	Delete on sbtest2  (cost=0.43..8.45 rows=0 width=0)
	  ->  Index Scan using sbtest2_pkey on sbtest2  (cost=0.43..8.45 rows=1 width=6)
	        Index Cond: (id = 4742355)

table 3 : explain DELETE FROM sbtest3 WHERE id=4798683
	Delete on sbtest3  (cost=0.43..8.45 rows=0 width=0)
	  ->  Index Scan using sbtest3_pkey on sbtest3  (cost=0.43..8.45 rows=1 width=6)
	        Index Cond: (id = 4798683)

table 4 : explain DELETE FROM sbtest4 WHERE id=1853184
	Delete on sbtest4  (cost=0.43..8.45 rows=0 width=0)
	  ->  Index Scan using sbtest4_pkey on sbtest4  (cost=0.43..8.45 rows=1 width=6)
	        Index Cond: (id = 1853184)

table 5 : explain DELETE FROM sbtest5 WHERE id=109484
	Delete on sbtest5  (cost=0.43..8.45 rows=0 width=0)
	  ->  Index Scan using sbtest5_pkey on sbtest5  (cost=0.43..8.45 rows=1 width=6)
	        Index Cond: (id = 109484)

table 6 : explain DELETE FROM sbtest6 WHERE id=2287429
	Delete on sbtest6  (cost=0.43..8.45 rows=0 width=0)
	  ->  Index Scan using sbtest6_pkey on sbtest6  (cost=0.43..8.45 rows=1 width=6)
	        Index Cond: (id = 2287429)

table 7 : explain DELETE FROM sbtest7 WHERE id=7243702
	Delete on sbtest7  (cost=0.43..8.45 rows=0 width=0)
	  ->  Index Scan using sbtest7_pkey on sbtest7  (cost=0.43..8.45 rows=1 width=6)
	        Index Cond: (id = 7243702)

table 8 : explain DELETE FROM sbtest8 WHERE id=7161613
	Delete on sbtest8  (cost=0.43..8.45 rows=0 width=0)
	  ->  Index Scan using sbtest8_pkey on sbtest8  (cost=0.43..8.45 rows=1 width=6)
	        Index Cond: (id = 7161613)

explain: for inserts :: explain INSERT INTO sbtest%u (id, k, c, pad) VALUES (%u, 13, 'foobar', 'foobar')
explain: for deletes :: explain DELETE FROM sbtest%u WHERE id=%u
explain: for inserts :: explain INSERT INTO sbtest%u (id, k, c, pad) VALUES (%u, 13, 'foobar', 'foobar')
for deletes
table 1 : explain DELETE FROM sbtest1 WHERE id=7294383
	Delete on sbtest1  (cost=0.43..8.45 rows=0 width=0)
	  ->  Index Scan using sbtest1_pkey on sbtest1  (cost=0.43..8.45 rows=1 width=6)
	        Index Cond: (id = 7294383)

table 2 : explain DELETE FROM sbtest2 WHERE id=5304640
	Delete on sbtest2  (cost=0.43..8.45 rows=0 width=0)
	  ->  Index Scan using sbtest2_pkey on sbtest2  (cost=0.43..8.45 rows=1 width=6)
	        Index Cond: (id = 5304640)

table 3 : explain DELETE FROM sbtest3 WHERE id=2998377
	Delete on sbtest3  (cost=0.43..8.45 rows=0 width=0)
	  ->  Index Scan using sbtest3_pkey on sbtest3  (cost=0.43..8.45 rows=1 width=6)
	        Index Cond: (id = 2998377)

table 4 : explain DELETE FROM sbtest4 WHERE id=6362514
	Delete on sbtest4  (cost=0.43..8.45 rows=0 width=0)
	  ->  Index Scan using sbtest4_pkey on sbtest4  (cost=0.43..8.45 rows=1 width=6)
	        Index Cond: (id = 6362514)

table 5 : explain DELETE FROM sbtest5 WHERE id=5600759
	Delete on sbtest5  (cost=0.43..8.45 rows=0 width=0)
	  ->  Index Scan using sbtest5_pkey on sbtest5  (cost=0.43..8.45 rows=1 width=6)
	        Index Cond: (id = 5600759)

table 6 : explain DELETE FROM sbtest6 WHERE id=655607
	Delete on sbtest6  (cost=0.43..8.45 rows=0 width=0)
	  ->  Index Scan using sbtest6_pkey on sbtest6  (cost=0.43..8.45 rows=1 width=6)
	        Index Cond: (id = 655607)

table 7 : explain DELETE FROM sbtest7 WHERE id=997589
	Delete on sbtest7  (cost=0.43..8.45 rows=0 width=0)
	  ->  Index Scan using sbtest7_pkey on sbtest7  (cost=0.43..8.45 rows=1 width=6)
	        Index Cond: (id = 997589)

table 8 : explain DELETE FROM sbtest8 WHERE id=2824393
	Delete on sbtest8  (cost=0.43..8.45 rows=0 width=0)
	  ->  Index Scan using sbtest8_pkey on sbtest8  (cost=0.43..8.45 rows=1 width=6)
	        Index Cond: (id = 2824393)

explain: for inserts :: explain INSERT INTO sbtest%u (id, k, c, pad) VALUES (%u, 13, 'foobar', 'foobar')
for non_index_updates
table 1 : explain UPDATE sbtest1 SET c='foobar' WHERE id=1095575
	Update on sbtest1  (cost=0.43..8.45 rows=0 width=0)
	  ->  Index Scan using sbtest1_pkey on sbtest1  (cost=0.43..8.45 rows=1 width=490)
	        Index Cond: (id = 1095575)

table 2 : explain UPDATE sbtest2 SET c='foobar' WHERE id=7370649
	Update on sbtest2  (cost=0.43..8.45 rows=0 width=0)
	  ->  Index Scan using sbtest2_pkey on sbtest2  (cost=0.43..8.45 rows=1 width=490)
	        Index Cond: (id = 7370649)

table 3 : explain UPDATE sbtest3 SET c='foobar' WHERE id=7332333
	Update on sbtest3  (cost=0.43..8.45 rows=0 width=0)
	  ->  Index Scan using sbtest3_pkey on sbtest3  (cost=0.43..8.45 rows=1 width=490)
	        Index Cond: (id = 7332333)

table 4 : explain UPDATE sbtest4 SET c='foobar' WHERE id=4495200
	Update on sbtest4  (cost=0.43..8.45 rows=0 width=0)
	  ->  Index Scan using sbtest4_pkey on sbtest4  (cost=0.43..8.45 rows=1 width=490)
	        Index Cond: (id = 4495200)

table 5 : explain UPDATE sbtest5 SET c='foobar' WHERE id=9441103
	Update on sbtest5  (cost=0.43..8.45 rows=0 width=0)
	  ->  Index Scan using sbtest5_pkey on sbtest5  (cost=0.43..8.45 rows=1 width=490)
	        Index Cond: (id = 9441103)

table 6 : explain UPDATE sbtest6 SET c='foobar' WHERE id=5191454
	Update on sbtest6  (cost=0.43..8.45 rows=0 width=0)
	  ->  Index Scan using sbtest6_pkey on sbtest6  (cost=0.43..8.45 rows=1 width=490)
	        Index Cond: (id = 5191454)

table 7 : explain UPDATE sbtest7 SET c='foobar' WHERE id=4903663
	Update on sbtest7  (cost=0.43..8.45 rows=0 width=0)
	  ->  Index Scan using sbtest7_pkey on sbtest7  (cost=0.43..8.45 rows=1 width=490)
	        Index Cond: (id = 4903663)

table 8 : explain UPDATE sbtest8 SET c='foobar' WHERE id=3514256
	Update on sbtest8  (cost=0.43..8.45 rows=0 width=0)
	  ->  Index Scan using sbtest8_pkey on sbtest8  (cost=0.43..8.45 rows=1 width=490)
	        Index Cond: (id = 3514256)

for inserts
table 1 : explain INSERT INTO sbtest1 (id, k, c, pad) VALUES (2883301, 13, 'foobar', 'foobar')
	Insert on sbtest1  (cost=0.00..0.01 rows=0 width=0)
	  ->  Result  (cost=0.00..0.01 rows=1 width=736)

table 2 : explain INSERT INTO sbtest2 (id, k, c, pad) VALUES (9842539, 13, 'foobar', 'foobar')
	Insert on sbtest2  (cost=0.00..0.01 rows=0 width=0)
	  ->  Result  (cost=0.00..0.01 rows=1 width=736)

table 3 : explain INSERT INTO sbtest3 (id, k, c, pad) VALUES (7550866, 13, 'foobar', 'foobar')
	Insert on sbtest3  (cost=0.00..0.01 rows=0 width=0)
	  ->  Result  (cost=0.00..0.01 rows=1 width=736)

table 4 : explain INSERT INTO sbtest4 (id, k, c, pad) VALUES (91915, 13, 'foobar', 'foobar')
	Insert on sbtest4  (cost=0.00..0.01 rows=0 width=0)
	  ->  Result  (cost=0.00..0.01 rows=1 width=736)

table 5 : explain INSERT INTO sbtest5 (id, k, c, pad) VALUES (2387391, 13, 'foobar', 'foobar')
	Insert on sbtest5  (cost=0.00..0.01 rows=0 width=0)
	  ->  Result  (cost=0.00..0.01 rows=1 width=736)

table 6 : explain INSERT INTO sbtest6 (id, k, c, pad) VALUES (9108471, 13, 'foobar', 'foobar')
	Insert on sbtest6  (cost=0.00..0.01 rows=0 width=0)
	  ->  Result  (cost=0.00..0.01 rows=1 width=736)

table 7 : explain INSERT INTO sbtest7 (id, k, c, pad) VALUES (3139614, 13, 'foobar', 'foobar')
	Insert on sbtest7  (cost=0.00..0.01 rows=0 width=0)
	  ->  Result  (cost=0.00..0.01 rows=1 width=736)

table 8 : explain INSERT INTO sbtest8 (id, k, c, pad) VALUES (7546636, 13, 'foobar', 'foobar')
	Insert on sbtest8  (cost=0.00..0.01 rows=0 width=0)
	  ->  Result  (cost=0.00..0.01 rows=1 width=736)

explain: for inserts :: explain INSERT INTO sbtest%u (id, k, c, pad) VALUES (%u, 13, 'foobar', 'foobar')
for deletes
table 1 : explain DELETE FROM sbtest1 WHERE id=3048729
	Delete on sbtest1  (cost=0.43..8.45 rows=0 width=0)
	  ->  Index Scan using sbtest1_pkey on sbtest1  (cost=0.43..8.45 rows=1 width=6)
	        Index Cond: (id = 3048729)

table 2 : explain DELETE FROM sbtest2 WHERE id=6998784
	Delete on sbtest2  (cost=0.43..8.45 rows=0 width=0)
	  ->  Index Scan using sbtest2_pkey on sbtest2  (cost=0.43..8.45 rows=1 width=6)
	        Index Cond: (id = 6998784)

table 3 : explain DELETE FROM sbtest3 WHERE id=757426
	Delete on sbtest3  (cost=0.43..8.45 rows=0 width=0)
	  ->  Index Scan using sbtest3_pkey on sbtest3  (cost=0.43..8.45 rows=1 width=6)
	        Index Cond: (id = 757426)

table 4 : explain DELETE FROM sbtest4 WHERE id=3635443
	Delete on sbtest4  (cost=0.43..8.45 rows=0 width=0)
	  ->  Index Scan using sbtest4_pkey on sbtest4  (cost=0.43..8.45 rows=1 width=6)
	        Index Cond: (id = 3635443)

table 5 : explain DELETE FROM sbtest5 WHERE id=482730
	Delete on sbtest5  (cost=0.43..8.45 rows=0 width=0)
	  ->  Index Scan using sbtest5_pkey on sbtest5  (cost=0.43..8.45 rows=1 width=6)
	        Index Cond: (id = 482730)

table 6 : explain DELETE FROM sbtest6 WHERE id=5932289
	Delete on sbtest6  (cost=0.43..8.45 rows=0 width=0)
	  ->  Index Scan using sbtest6_pkey on sbtest6  (cost=0.43..8.45 rows=1 width=6)
	        Index Cond: (id = 5932289)

table 7 : explain DELETE FROM sbtest7 WHERE id=8150735
	Delete on sbtest7  (cost=0.43..8.45 rows=0 width=0)
	  ->  Index Scan using sbtest7_pkey on sbtest7  (cost=0.43..8.45 rows=1 width=6)
	        Index Cond: (id = 8150735)

table 8 : explain DELETE FROM sbtest8 WHERE id=3090947
	Delete on sbtest8  (cost=0.43..8.45 rows=0 width=0)
	  ->  Index Scan using sbtest8_pkey on sbtest8  (cost=0.43..8.45 rows=1 width=6)
	        Index Cond: (id = 3090947)

explain: for deletes :: explain DELETE FROM sbtest%u WHERE id=%u
for inserts
table 1 : explain INSERT INTO sbtest1 (id, k, c, pad) VALUES (7538225, 13, 'foobar', 'foobar')
	Insert on sbtest1  (cost=0.00..0.01 rows=0 width=0)
	  ->  Result  (cost=0.00..0.01 rows=1 width=736)

table 2 : explain INSERT INTO sbtest2 (id, k, c, pad) VALUES (8616421, 13, 'foobar', 'foobar')
	Insert on sbtest2  (cost=0.00..0.01 rows=0 width=0)
	  ->  Result  (cost=0.00..0.01 rows=1 width=736)

table 3 : explain INSERT INTO sbtest3 (id, k, c, pad) VALUES (4865509, 13, 'foobar', 'foobar')
	Insert on sbtest3  (cost=0.00..0.01 rows=0 width=0)
	  ->  Result  (cost=0.00..0.01 rows=1 width=736)

table 4 : explain INSERT INTO sbtest4 (id, k, c, pad) VALUES (389260, 13, 'foobar', 'foobar')
	Insert on sbtest4  (cost=0.00..0.01 rows=0 width=0)
	  ->  Result  (cost=0.00..0.01 rows=1 width=736)

table 5 : explain INSERT INTO sbtest5 (id, k, c, pad) VALUES (3239349, 13, 'foobar', 'foobar')
	Insert on sbtest5  (cost=0.00..0.01 rows=0 width=0)
	  ->  Result  (cost=0.00..0.01 rows=1 width=736)

table 6 : explain INSERT INTO sbtest6 (id, k, c, pad) VALUES (2327527, 13, 'foobar', 'foobar')
	Insert on sbtest6  (cost=0.00..0.01 rows=0 width=0)
	  ->  Result  (cost=0.00..0.01 rows=1 width=736)

table 7 : explain INSERT INTO sbtest7 (id, k, c, pad) VALUES (3653553, 13, 'foobar', 'foobar')
	Insert on sbtest7  (cost=0.00..0.01 rows=0 width=0)
	  ->  Result  (cost=0.00..0.01 rows=1 width=736)

table 8 : explain INSERT INTO sbtest8 (id, k, c, pad) VALUES (6561319, 13, 'foobar', 'foobar')
	Insert on sbtest8  (cost=0.00..0.01 rows=0 width=0)
	  ->  Result  (cost=0.00..0.01 rows=1 width=736)

for: order_ranges
table 1 : explain SELECT c FROM sbtest1 WHERE id BETWEEN 4765015 AND 4765114 ORDER BY c
	Sort  (cost=419.28..419.55 rows=106 width=121)
	  Sort Key: c
	  ->  Index Scan using sbtest1_pkey on sbtest1  (cost=0.43..415.72 rows=106 width=121)
	        Index Cond: ((id >= 4765015) AND (id <= 4765114))

table 2 : explain SELECT c FROM sbtest2 WHERE id BETWEEN 6386870 AND 6386969 ORDER BY c
	Sort  (cost=388.76..389.00 rows=98 width=121)
	  Sort Key: c
	  ->  Index Scan using sbtest2_pkey on sbtest2  (cost=0.43..385.51 rows=98 width=121)
	        Index Cond: ((id >= 6386870) AND (id <= 6386969))

table 3 : explain SELECT c FROM sbtest3 WHERE id BETWEEN 4634631 AND 4634730 ORDER BY c
	Sort  (cost=414.51..414.77 rows=105 width=121)
	  Sort Key: c
	  ->  Index Scan using sbtest3_pkey on sbtest3  (cost=0.43..410.98 rows=105 width=121)
	        Index Cond: ((id >= 4634631) AND (id <= 4634730))

table 4 : explain SELECT c FROM sbtest4 WHERE id BETWEEN 3391429 AND 3391528 ORDER BY c
	Sort  (cost=376.66..376.90 rows=95 width=121)
	  Sort Key: c
	  ->  Index Scan using sbtest4_pkey on sbtest4  (cost=0.43..373.54 rows=95 width=121)
	        Index Cond: ((id >= 3391429) AND (id <= 3391528))

table 5 : explain SELECT c FROM sbtest5 WHERE id BETWEEN 9571548 AND 9571647 ORDER BY c
	Sort  (cost=414.70..414.96 rows=105 width=121)
	  Sort Key: c
	  ->  Index Scan using sbtest5_pkey on sbtest5  (cost=0.43..411.17 rows=105 width=121)
	        Index Cond: ((id >= 9571548) AND (id <= 9571647))

table 6 : explain SELECT c FROM sbtest6 WHERE id BETWEEN 7311075 AND 7311174 ORDER BY c
	Sort  (cost=391.57..391.82 rows=99 width=121)
	  Sort Key: c
	  ->  Index Scan using sbtest6_pkey on sbtest6  (cost=0.43..388.29 rows=99 width=121)
	        Index Cond: ((id >= 7311075) AND (id <= 7311174))

table 7 : explain SELECT c FROM sbtest7 WHERE id BETWEEN 2608709 AND 2608808 ORDER BY c
	Sort  (cost=393.77..394.02 rows=100 width=121)
	  Sort Key: c
	  ->  Index Scan using sbtest7_pkey on sbtest7  (cost=0.43..390.45 rows=100 width=121)
	        Index Cond: ((id >= 2608709) AND (id <= 2608808))

table 8 : explain SELECT c FROM sbtest8 WHERE id BETWEEN 7433476 AND 7433575 ORDER BY c
	Sort  (cost=394.21..394.46 rows=100 width=121)
	  Sort Key: c
	  ->  Index Scan using sbtest8_pkey on sbtest8  (cost=0.43..390.89 rows=100 width=121)
	        Index Cond: ((id >= 7433476) AND (id <= 7433575))

for inserts
table 1 : explain INSERT INTO sbtest1 (id, k, c, pad) VALUES (8846281, 13, 'foobar', 'foobar')
	Insert on sbtest1  (cost=0.00..0.01 rows=0 width=0)
	  ->  Result  (cost=0.00..0.01 rows=1 width=736)

table 2 : explain INSERT INTO sbtest2 (id, k, c, pad) VALUES (1292162, 13, 'foobar', 'foobar')
	Insert on sbtest2  (cost=0.00..0.01 rows=0 width=0)
	  ->  Result  (cost=0.00..0.01 rows=1 width=736)

table 3 : explain INSERT INTO sbtest3 (id, k, c, pad) VALUES (1705565, 13, 'foobar', 'foobar')
	Insert on sbtest3  (cost=0.00..0.01 rows=0 width=0)
	  ->  Result  (cost=0.00..0.01 rows=1 width=736)

table 4 : explain INSERT INTO sbtest4 (id, k, c, pad) VALUES (4829460, 13, 'foobar', 'foobar')
	Insert on sbtest4  (cost=0.00..0.01 rows=0 width=0)
	  ->  Result  (cost=0.00..0.01 rows=1 width=736)

table 5 : explain INSERT INTO sbtest5 (id, k, c, pad) VALUES (658966, 13, 'foobar', 'foobar')
	Insert on sbtest5  (cost=0.00..0.01 rows=0 width=0)
	  ->  Result  (cost=0.00..0.01 rows=1 width=736)

table 6 : explain INSERT INTO sbtest6 (id, k, c, pad) VALUES (6036108, 13, 'foobar', 'foobar')
	Insert on sbtest6  (cost=0.00..0.01 rows=0 width=0)
	  ->  Result  (cost=0.00..0.01 rows=1 width=736)

table 7 : explain INSERT INTO sbtest7 (id, k, c, pad) VALUES (5551037, 13, 'foobar', 'foobar')
	Insert on sbtest7  (cost=0.00..0.01 rows=0 width=0)
	  ->  Result  (cost=0.00..0.01 rows=1 width=736)

table 8 : explain INSERT INTO sbtest8 (id, k, c, pad) VALUES (3112392, 13, 'foobar', 'foobar')
	Insert on sbtest8  (cost=0.00..0.01 rows=0 width=0)
	  ->  Result  (cost=0.00..0.01 rows=1 width=736)

for index_updates
table 1 : explain UPDATE sbtest1 SET k=k+1 WHERE id=9885162
	Update on sbtest1  (cost=0.43..8.46 rows=0 width=0)
	  ->  Index Scan using sbtest1_pkey on sbtest1  (cost=0.43..8.46 rows=1 width=10)
	        Index Cond: (id = 9885162)

table 2 : explain UPDATE sbtest2 SET k=k+1 WHERE id=6746280
	Update on sbtest2  (cost=0.43..8.46 rows=0 width=0)
	  ->  Index Scan using sbtest2_pkey on sbtest2  (cost=0.43..8.46 rows=1 width=10)
	        Index Cond: (id = 6746280)

table 3 : explain UPDATE sbtest3 SET k=k+1 WHERE id=6640672
	Update on sbtest3  (cost=0.43..8.46 rows=0 width=0)
	  ->  Index Scan using sbtest3_pkey on sbtest3  (cost=0.43..8.46 rows=1 width=10)
	        Index Cond: (id = 6640672)

table 4 : explain UPDATE sbtest4 SET k=k+1 WHERE id=3994903
	Update on sbtest4  (cost=0.43..8.46 rows=0 width=0)
	  ->  Index Scan using sbtest4_pkey on sbtest4  (cost=0.43..8.46 rows=1 width=10)
	        Index Cond: (id = 3994903)

table 5 : explain UPDATE sbtest5 SET k=k+1 WHERE id=6970146
	Update on sbtest5  (cost=0.43..8.46 rows=0 width=0)
	  ->  Index Scan using sbtest5_pkey on sbtest5  (cost=0.43..8.46 rows=1 width=10)
	        Index Cond: (id = 6970146)

table 6 : explain UPDATE sbtest6 SET k=k+1 WHERE id=9358555
	Update on sbtest6  (cost=0.43..8.46 rows=0 width=0)
	  ->  Index Scan using sbtest6_pkey on sbtest6  (cost=0.43..8.46 rows=1 width=10)
	        Index Cond: (id = 9358555)

table 7 : explain UPDATE sbtest7 SET k=k+1 WHERE id=3257723
	Update on sbtest7  (cost=0.43..8.46 rows=0 width=0)
	  ->  Index Scan using sbtest7_pkey on sbtest7  (cost=0.43..8.46 rows=1 width=10)
	        Index Cond: (id = 3257723)

table 8 : explain UPDATE sbtest8 SET k=k+1 WHERE id=4937300
	Update on sbtest8  (cost=0.43..8.46 rows=0 width=0)
	  ->  Index Scan using sbtest8_pkey on sbtest8  (cost=0.43..8.46 rows=1 width=10)
	        Index Cond: (id = 4937300)

for deletes
table 1 : explain DELETE FROM sbtest1 WHERE id=6357268
	Delete on sbtest1  (cost=0.43..8.45 rows=0 width=0)
	  ->  Index Scan using sbtest1_pkey on sbtest1  (cost=0.43..8.45 rows=1 width=6)
	        Index Cond: (id = 6357268)

table 2 : explain DELETE FROM sbtest2 WHERE id=4945597
	Delete on sbtest2  (cost=0.43..8.45 rows=0 width=0)
	  ->  Index Scan using sbtest2_pkey on sbtest2  (cost=0.43..8.45 rows=1 width=6)
	        Index Cond: (id = 4945597)

table 3 : explain DELETE FROM sbtest3 WHERE id=2059517
	Delete on sbtest3  (cost=0.43..8.45 rows=0 width=0)
	  ->  Index Scan using sbtest3_pkey on sbtest3  (cost=0.43..8.45 rows=1 width=6)
	        Index Cond: (id = 2059517)

table 4 : explain DELETE FROM sbtest4 WHERE id=8578961
	Delete on sbtest4  (cost=0.43..8.45 rows=0 width=0)
	  ->  Index Scan using sbtest4_pkey on sbtest4  (cost=0.43..8.45 rows=1 width=6)
	        Index Cond: (id = 8578961)

table 5 : explain DELETE FROM sbtest5 WHERE id=1345557
	Delete on sbtest5  (cost=0.43..8.45 rows=0 width=0)
	  ->  Index Scan using sbtest5_pkey on sbtest5  (cost=0.43..8.45 rows=1 width=6)
	        Index Cond: (id = 1345557)

table 6 : explain DELETE FROM sbtest6 WHERE id=3484762
	Delete on sbtest6  (cost=0.43..8.45 rows=0 width=0)
	  ->  Index Scan using sbtest6_pkey on sbtest6  (cost=0.43..8.45 rows=1 width=6)
	        Index Cond: (id = 3484762)

table 7 : explain DELETE FROM sbtest7 WHERE id=2221124
	Delete on sbtest7  (cost=0.43..8.45 rows=0 width=0)
	  ->  Index Scan using sbtest7_pkey on sbtest7  (cost=0.43..8.45 rows=1 width=6)
	        Index Cond: (id = 2221124)

table 8 : explain DELETE FROM sbtest8 WHERE id=187003
	Delete on sbtest8  (cost=0.43..8.45 rows=0 width=0)
	  ->  Index Scan using sbtest8_pkey on sbtest8  (cost=0.43..8.45 rows=1 width=6)
	        Index Cond: (id = 187003)

for inserts
table 1 : explain INSERT INTO sbtest1 (id, k, c, pad) VALUES (3785508, 13, 'foobar', 'foobar')
	Insert on sbtest1  (cost=0.00..0.01 rows=0 width=0)
	  ->  Result  (cost=0.00..0.01 rows=1 width=736)

table 2 : explain INSERT INTO sbtest2 (id, k, c, pad) VALUES (2633363, 13, 'foobar', 'foobar')
	Insert on sbtest2  (cost=0.00..0.01 rows=0 width=0)
	  ->  Result  (cost=0.00..0.01 rows=1 width=736)

table 3 : explain INSERT INTO sbtest3 (id, k, c, pad) VALUES (6537933, 13, 'foobar', 'foobar')
	Insert on sbtest3  (cost=0.00..0.01 rows=0 width=0)
	  ->  Result  (cost=0.00..0.01 rows=1 width=736)

table 4 : explain INSERT INTO sbtest4 (id, k, c, pad) VALUES (9695291, 13, 'foobar', 'foobar')
	Insert on sbtest4  (cost=0.00..0.01 rows=0 width=0)
	  ->  Result  (cost=0.00..0.01 rows=1 width=736)

table 5 : explain INSERT INTO sbtest5 (id, k, c, pad) VALUES (1802717, 13, 'foobar', 'foobar')
	Insert on sbtest5  (cost=0.00..0.01 rows=0 width=0)
	  ->  Result  (cost=0.00..0.01 rows=1 width=736)

table 6 : explain INSERT INTO sbtest6 (id, k, c, pad) VALUES (1807288, 13, 'foobar', 'foobar')
	Insert on sbtest6  (cost=0.00..0.01 rows=0 width=0)
	  ->  Result  (cost=0.00..0.01 rows=1 width=736)

table 7 : explain INSERT INTO sbtest7 (id, k, c, pad) VALUES (4191610, 13, 'foobar', 'foobar')
	Insert on sbtest7  (cost=0.00..0.01 rows=0 width=0)
	  ->  Result  (cost=0.00..0.01 rows=1 width=736)

table 8 : explain INSERT INTO sbtest8 (id, k, c, pad) VALUES (8349463, 13, 'foobar', 'foobar')
	Insert on sbtest8  (cost=0.00..0.01 rows=0 width=0)
	  ->  Result  (cost=0.00..0.01 rows=1 width=736)

explain: for inserts :: explain INSERT INTO sbtest%u (id, k, c, pad) VALUES (%u, 13, 'foobar', 'foobar')
explain: for inserts :: explain INSERT INTO sbtest%u (id, k, c, pad) VALUES (%u, 13, 'foobar', 'foobar')
for inserts
table 1 : explain INSERT INTO sbtest1 (id, k, c, pad) VALUES (4440326, 13, 'foobar', 'foobar')
	Insert on sbtest1  (cost=0.00..0.01 rows=0 width=0)
	  ->  Result  (cost=0.00..0.01 rows=1 width=736)

table 2 : explain INSERT INTO sbtest2 (id, k, c, pad) VALUES (3227078, 13, 'foobar', 'foobar')
	Insert on sbtest2  (cost=0.00..0.01 rows=0 width=0)
	  ->  Result  (cost=0.00..0.01 rows=1 width=736)

table 3 : explain INSERT INTO sbtest3 (id, k, c, pad) VALUES (1681871, 13, 'foobar', 'foobar')
	Insert on sbtest3  (cost=0.00..0.01 rows=0 width=0)
	  ->  Result  (cost=0.00..0.01 rows=1 width=736)

table 4 : explain INSERT INTO sbtest4 (id, k, c, pad) VALUES (8912832, 13, 'foobar', 'foobar')
	Insert on sbtest4  (cost=0.00..0.01 rows=0 width=0)
	  ->  Result  (cost=0.00..0.01 rows=1 width=736)

table 5 : explain INSERT INTO sbtest5 (id, k, c, pad) VALUES (6767697, 13, 'foobar', 'foobar')
	Insert on sbtest5  (cost=0.00..0.01 rows=0 width=0)
	  ->  Result  (cost=0.00..0.01 rows=1 width=736)

table 6 : explain INSERT INTO sbtest6 (id, k, c, pad) VALUES (9075725, 13, 'foobar', 'foobar')
	Insert on sbtest6  (cost=0.00..0.01 rows=0 width=0)
	  ->  Result  (cost=0.00..0.01 rows=1 width=736)

table 7 : explain INSERT INTO sbtest7 (id, k, c, pad) VALUES (7015031, 13, 'foobar', 'foobar')
	Insert on sbtest7  (cost=0.00..0.01 rows=0 width=0)
	  ->  Result  (cost=0.00..0.01 rows=1 width=736)

table 8 : explain INSERT INTO sbtest8 (id, k, c, pad) VALUES (9061837, 13, 'foobar', 'foobar')
	Insert on sbtest8  (cost=0.00..0.01 rows=0 width=0)
	  ->  Result  (cost=0.00..0.01 rows=1 width=736)

for inserts
table 1 : explain INSERT INTO sbtest1 (id, k, c, pad) VALUES (306228, 13, 'foobar', 'foobar')
	Insert on sbtest1  (cost=0.00..0.01 rows=0 width=0)
	  ->  Result  (cost=0.00..0.01 rows=1 width=736)

table 2 : explain INSERT INTO sbtest2 (id, k, c, pad) VALUES (4162600, 13, 'foobar', 'foobar')
	Insert on sbtest2  (cost=0.00..0.01 rows=0 width=0)
	  ->  Result  (cost=0.00..0.01 rows=1 width=736)

table 3 : explain INSERT INTO sbtest3 (id, k, c, pad) VALUES (7635699, 13, 'foobar', 'foobar')
	Insert on sbtest3  (cost=0.00..0.01 rows=0 width=0)
	  ->  Result  (cost=0.00..0.01 rows=1 width=736)

table 4 : explain INSERT INTO sbtest4 (id, k, c, pad) VALUES (4160163, 13, 'foobar', 'foobar')
	Insert on sbtest4  (cost=0.00..0.01 rows=0 width=0)
	  ->  Result  (cost=0.00..0.01 rows=1 width=736)

table 5 : explain INSERT INTO sbtest5 (id, k, c, pad) VALUES (7254166, 13, 'foobar', 'foobar')
	Insert on sbtest5  (cost=0.00..0.01 rows=0 width=0)
	  ->  Result  (cost=0.00..0.01 rows=1 width=736)

table 6 : explain INSERT INTO sbtest6 (id, k, c, pad) VALUES (2126750, 13, 'foobar', 'foobar')
	Insert on sbtest6  (cost=0.00..0.01 rows=0 width=0)
	  ->  Result  (cost=0.00..0.01 rows=1 width=736)

table 7 : explain INSERT INTO sbtest7 (id, k, c, pad) VALUES (6621090, 13, 'foobar', 'foobar')
	Insert on sbtest7  (cost=0.00..0.01 rows=0 width=0)
	  ->  Result  (cost=0.00..0.01 rows=1 width=736)

table 8 : explain INSERT INTO sbtest8 (id, k, c, pad) VALUES (9814994, 13, 'foobar', 'foobar')
	Insert on sbtest8  (cost=0.00..0.01 rows=0 width=0)
	  ->  Result  (cost=0.00..0.01 rows=1 width=736)

explain: for inserts :: explain INSERT INTO sbtest%u (id, k, c, pad) VALUES (%u, 13, 'foobar', 'foobar')
for: sum_ranges
table 1 : explain SELECT SUM(k) FROM sbtest1 WHERE id BETWEEN 1496906 AND 1497005
	Aggregate  (cost=419.86..419.87 rows=1 width=8)
	  ->  Index Scan using sbtest1_pkey on sbtest1  (cost=0.43..419.60 rows=107 width=4)
	        Index Cond: ((id >= 1496906) AND (id <= 1497005))

table 2 : explain SELECT SUM(k) FROM sbtest2 WHERE id BETWEEN 5724379 AND 5724478
	Aggregate  (cost=409.13..409.14 rows=1 width=8)
	  ->  Index Scan using sbtest2_pkey on sbtest2  (cost=0.43..408.87 rows=104 width=4)
	        Index Cond: ((id >= 5724379) AND (id <= 5724478))

table 3 : explain SELECT SUM(k) FROM sbtest3 WHERE id BETWEEN 3896559 AND 3896658
	Aggregate  (cost=387.97..387.98 rows=1 width=8)
	  ->  Index Scan using sbtest3_pkey on sbtest3  (cost=0.43..387.73 rows=99 width=4)
	        Index Cond: ((id >= 3896559) AND (id <= 3896658))

table 4 : explain SELECT SUM(k) FROM sbtest4 WHERE id BETWEEN 7651111 AND 7651210
	Aggregate  (cost=369.89..369.90 rows=1 width=8)
	  ->  Index Scan using sbtest4_pkey on sbtest4  (cost=0.43..369.66 rows=94 width=4)
	        Index Cond: ((id >= 7651111) AND (id <= 7651210))

table 5 : explain SELECT SUM(k) FROM sbtest5 WHERE id BETWEEN 3020081 AND 3020180
	Aggregate  (cost=399.81..399.82 rows=1 width=8)
	  ->  Index Scan using sbtest5_pkey on sbtest5  (cost=0.43..399.56 rows=102 width=4)
	        Index Cond: ((id >= 3020081) AND (id <= 3020180))

table 6 : explain SELECT SUM(k) FROM sbtest6 WHERE id BETWEEN 1669684 AND 1669783
	Aggregate  (cost=400.17..400.18 rows=1 width=8)
	  ->  Index Scan using sbtest6_pkey on sbtest6  (cost=0.43..399.92 rows=102 width=4)
	        Index Cond: ((id >= 1669684) AND (id <= 1669783))

table 7 : explain SELECT SUM(k) FROM sbtest7 WHERE id BETWEEN 609476 AND 609575
	Aggregate  (cost=363.64..363.65 rows=1 width=8)
	  ->  Index Scan using sbtest7_pkey on sbtest7  (cost=0.43..363.41 rows=93 width=4)
	        Index Cond: ((id >= 609476) AND (id <= 609575))

table 8 : explain SELECT SUM(k) FROM sbtest8 WHERE id BETWEEN 2765449 AND 2765548
	Aggregate  (cost=375.64..375.65 rows=1 width=8)
	  ->  Index Scan using sbtest8_pkey on sbtest8  (cost=0.43..375.40 rows=96 width=4)
	        Index Cond: ((id >= 2765449) AND (id <= 2765548))

for inserts
table 1 : explain INSERT INTO sbtest1 (id, k, c, pad) VALUES (9734914, 13, 'foobar', 'foobar')
	Insert on sbtest1  (cost=0.00..0.01 rows=0 width=0)
	  ->  Result  (cost=0.00..0.01 rows=1 width=736)

table 2 : explain INSERT INTO sbtest2 (id, k, c, pad) VALUES (7985407, 13, 'foobar', 'foobar')
	Insert on sbtest2  (cost=0.00..0.01 rows=0 width=0)
	  ->  Result  (cost=0.00..0.01 rows=1 width=736)

table 3 : explain INSERT INTO sbtest3 (id, k, c, pad) VALUES (2314807, 13, 'foobar', 'foobar')
	Insert on sbtest3  (cost=0.00..0.01 rows=0 width=0)
	  ->  Result  (cost=0.00..0.01 rows=1 width=736)

table 4 : explain INSERT INTO sbtest4 (id, k, c, pad) VALUES (5382574, 13, 'foobar', 'foobar')
	Insert on sbtest4  (cost=0.00..0.01 rows=0 width=0)
	  ->  Result  (cost=0.00..0.01 rows=1 width=736)

table 5 : explain INSERT INTO sbtest5 (id, k, c, pad) VALUES (7670325, 13, 'foobar', 'foobar')
	Insert on sbtest5  (cost=0.00..0.01 rows=0 width=0)
	  ->  Result  (cost=0.00..0.01 rows=1 width=736)

table 6 : explain INSERT INTO sbtest6 (id, k, c, pad) VALUES (6960328, 13, 'foobar', 'foobar')
	Insert on sbtest6  (cost=0.00..0.01 rows=0 width=0)
	  ->  Result  (cost=0.00..0.01 rows=1 width=736)

table 7 : explain INSERT INTO sbtest7 (id, k, c, pad) VALUES (8373419, 13, 'foobar', 'foobar')
	Insert on sbtest7  (cost=0.00..0.01 rows=0 width=0)
	  ->  Result  (cost=0.00..0.01 rows=1 width=736)

table 8 : explain INSERT INTO sbtest8 (id, k, c, pad) VALUES (3747616, 13, 'foobar', 'foobar')
	Insert on sbtest8  (cost=0.00..0.01 rows=0 width=0)
	  ->  Result  (cost=0.00..0.01 rows=1 width=736)

for: sum_ranges
table 1 : explain SELECT SUM(k) FROM sbtest1 WHERE id BETWEEN 181198 AND 181297
	Aggregate  (cost=400.46..400.47 rows=1 width=8)
	  ->  Index Scan using sbtest1_pkey on sbtest1  (cost=0.43..400.21 rows=102 width=4)
	        Index Cond: ((id >= 181198) AND (id <= 181297))

table 2 : explain SELECT SUM(k) FROM sbtest2 WHERE id BETWEEN 2095828 AND 2095927
	Aggregate  (cost=416.91..416.92 rows=1 width=8)
	  ->  Index Scan using sbtest2_pkey on sbtest2  (cost=0.43..416.64 rows=106 width=4)
	        Index Cond: ((id >= 2095828) AND (id <= 2095927))

table 3 : explain SELECT SUM(k) FROM sbtest3 WHERE id BETWEEN 9627612 AND 9627711
	Aggregate  (cost=422.86..422.87 rows=1 width=8)
	  ->  Index Scan using sbtest3_pkey on sbtest3  (cost=0.43..422.59 rows=108 width=4)
	        Index Cond: ((id >= 9627612) AND (id <= 9627711))

table 4 : explain SELECT SUM(k) FROM sbtest4 WHERE id BETWEEN 6811055 AND 6811154
	Aggregate  (cost=369.89..369.90 rows=1 width=8)
	  ->  Index Scan using sbtest4_pkey on sbtest4  (cost=0.43..369.66 rows=94 width=4)
	        Index Cond: ((id >= 6811055) AND (id <= 6811154))

table 5 : explain SELECT SUM(k) FROM sbtest5 WHERE id BETWEEN 8557234 AND 8557333
	Aggregate  (cost=333.92..333.93 rows=1 width=8)
	  ->  Index Scan using sbtest5_pkey on sbtest5  (cost=0.43..333.71 rows=85 width=4)
	        Index Cond: ((id >= 8557234) AND (id <= 8557333))

table 6 : explain SELECT SUM(k) FROM sbtest6 WHERE id BETWEEN 8740386 AND 8740485
	Aggregate  (cost=388.54..388.55 rows=1 width=8)
	  ->  Index Scan using sbtest6_pkey on sbtest6  (cost=0.43..388.29 rows=99 width=4)
	        Index Cond: ((id >= 8740386) AND (id <= 8740485))

table 7 : explain SELECT SUM(k) FROM sbtest7 WHERE id BETWEEN 9905834 AND 9905933
	Aggregate  (cost=382.98..382.99 rows=1 width=8)
	  ->  Index Scan using sbtest7_pkey on sbtest7  (cost=0.43..382.74 rows=98 width=4)
	        Index Cond: ((id >= 9905834) AND (id <= 9905933))

table 8 : explain SELECT SUM(k) FROM sbtest8 WHERE id BETWEEN 8433376 AND 8433475
	Aggregate  (cost=387.27..387.28 rows=1 width=8)
	  ->  Index Scan using sbtest8_pkey on sbtest8  (cost=0.43..387.02 rows=99 width=4)
	        Index Cond: ((id >= 8433376) AND (id <= 8433475))

for point_selects
table 1 : explain SELECT c FROM sbtest1 WHERE id=3178280
	Index Scan using sbtest1_pkey on sbtest1  (cost=0.43..8.45 rows=1 width=121)
	  Index Cond: (id = 3178280)

table 2 : explain SELECT c FROM sbtest2 WHERE id=6792926
	Index Scan using sbtest2_pkey on sbtest2  (cost=0.43..8.45 rows=1 width=121)
	  Index Cond: (id = 6792926)

table 3 : explain SELECT c FROM sbtest3 WHERE id=8413198
	Index Scan using sbtest3_pkey on sbtest3  (cost=0.43..8.45 rows=1 width=121)
	  Index Cond: (id = 8413198)

table 4 : explain SELECT c FROM sbtest4 WHERE id=3102515
	Index Scan using sbtest4_pkey on sbtest4  (cost=0.43..8.45 rows=1 width=121)
	  Index Cond: (id = 3102515)

table 5 : explain SELECT c FROM sbtest5 WHERE id=7185159
	Index Scan using sbtest5_pkey on sbtest5  (cost=0.43..8.45 rows=1 width=121)
	  Index Cond: (id = 7185159)

table 6 : explain SELECT c FROM sbtest6 WHERE id=5795219
	Index Scan using sbtest6_pkey on sbtest6  (cost=0.43..8.45 rows=1 width=121)
	  Index Cond: (id = 5795219)

table 7 : explain SELECT c FROM sbtest7 WHERE id=1446098
	Index Scan using sbtest7_pkey on sbtest7  (cost=0.43..8.45 rows=1 width=121)
	  Index Cond: (id = 1446098)

table 8 : explain SELECT c FROM sbtest8 WHERE id=1492360
	Index Scan using sbtest8_pkey on sbtest8  (cost=0.43..8.45 rows=1 width=121)
	  Index Cond: (id = 1492360)

for point_selects
table 1 : explain SELECT c FROM sbtest1 WHERE id=1740935
	Index Scan using sbtest1_pkey on sbtest1  (cost=0.43..8.45 rows=1 width=121)
	  Index Cond: (id = 1740935)

table 2 : explain SELECT c FROM sbtest2 WHERE id=7346226
	Index Scan using sbtest2_pkey on sbtest2  (cost=0.43..8.45 rows=1 width=121)
	  Index Cond: (id = 7346226)

table 3 : explain SELECT c FROM sbtest3 WHERE id=2682374
	Index Scan using sbtest3_pkey on sbtest3  (cost=0.43..8.45 rows=1 width=121)
	  Index Cond: (id = 2682374)

table 4 : explain SELECT c FROM sbtest4 WHERE id=4591479
	Index Scan using sbtest4_pkey on sbtest4  (cost=0.43..8.45 rows=1 width=121)
	  Index Cond: (id = 4591479)

table 5 : explain SELECT c FROM sbtest5 WHERE id=4868171
	Index Scan using sbtest5_pkey on sbtest5  (cost=0.43..8.45 rows=1 width=121)
	  Index Cond: (id = 4868171)

table 6 : explain SELECT c FROM sbtest6 WHERE id=1905455
	Index Scan using sbtest6_pkey on sbtest6  (cost=0.43..8.45 rows=1 width=121)
	  Index Cond: (id = 1905455)

table 7 : explain SELECT c FROM sbtest7 WHERE id=37362
	Index Scan using sbtest7_pkey on sbtest7  (cost=0.43..8.45 rows=1 width=121)
	  Index Cond: (id = 37362)

table 8 : explain SELECT c FROM sbtest8 WHERE id=5745626
	Index Scan using sbtest8_pkey on sbtest8  (cost=0.43..8.45 rows=1 width=121)
	  Index Cond: (id = 5745626)

explain: for non_index_updates :: explain UPDATE sbtest%u SET c='foobar' WHERE id=%u
for: simple_ranges
table 1 : explain SELECT c FROM sbtest1 WHERE id BETWEEN 9178896 AND 9178995
	Index Scan using sbtest1_pkey on sbtest1  (cost=0.43..400.21 rows=102 width=121)
	  Index Cond: ((id >= 9178896) AND (id <= 9178995))

table 2 : explain SELECT c FROM sbtest2 WHERE id BETWEEN 3260754 AND 3260853
	Index Scan using sbtest2_pkey on sbtest2  (cost=0.43..362.20 rows=92 width=121)
	  Index Cond: ((id >= 3260754) AND (id <= 3260853))

table 3 : explain SELECT c FROM sbtest3 WHERE id BETWEEN 9621243 AND 9621342
	Index Scan using sbtest3_pkey on sbtest3  (cost=0.43..422.59 rows=108 width=121)
	  Index Cond: ((id >= 9621243) AND (id <= 9621342))

table 4 : explain SELECT c FROM sbtest4 WHERE id BETWEEN 5965898 AND 5965997
	Index Scan using sbtest4_pkey on sbtest4  (cost=0.43..400.76 rows=102 width=121)
	  Index Cond: ((id >= 5965898) AND (id <= 5965997))

table 5 : explain SELECT c FROM sbtest5 WHERE id BETWEEN 9504576 AND 9504675
	Index Scan using sbtest5_pkey on sbtest5  (cost=0.43..384.04 rows=98 width=121)
	  Index Cond: ((id >= 9504576) AND (id <= 9504675))

table 6 : explain SELECT c FROM sbtest6 WHERE id BETWEEN 7868374 AND 7868473
	Index Scan using sbtest6_pkey on sbtest6  (cost=0.43..411.54 rows=105 width=121)
	  Index Cond: ((id >= 7868374) AND (id <= 7868473))

table 7 : explain SELECT c FROM sbtest7 WHERE id BETWEEN 5515803 AND 5515902
	Index Scan using sbtest7_pkey on sbtest7  (cost=0.43..371.12 rows=95 width=121)
	  Index Cond: ((id >= 5515803) AND (id <= 5515902))

table 8 : explain SELECT c FROM sbtest8 WHERE id BETWEEN 9206872 AND 9206971
	Index Scan using sbtest8_pkey on sbtest8  (cost=0.43..371.54 rows=95 width=121)
	  Index Cond: ((id >= 9206872) AND (id <= 9206971))

for: order_ranges
table 1 : explain SELECT c FROM sbtest1 WHERE id BETWEEN 996254 AND 996353 ORDER BY c
	Sort  (cost=340.89..341.11 rows=86 width=121)
	  Sort Key: c
	  ->  Index Scan using sbtest1_pkey on sbtest1  (cost=0.43..338.13 rows=86 width=121)
	        Index Cond: ((id >= 996254) AND (id <= 996353))

table 2 : explain SELECT c FROM sbtest2 WHERE id BETWEEN 8542641 AND 8542740 ORDER BY c
	Sort  (cost=463.41..463.70 rows=117 width=121)
	  Sort Key: c
	  ->  Index Scan using sbtest2_pkey on sbtest2  (cost=0.43..459.39 rows=117 width=121)
	        Index Cond: ((id >= 8542641) AND (id <= 8542740))

table 3 : explain SELECT c FROM sbtest3 WHERE id BETWEEN 4912816 AND 4912915 ORDER BY c
	Sort  (cost=406.69..406.94 rows=103 width=121)
	  Sort Key: c
	  ->  Index Scan using sbtest3_pkey on sbtest3  (cost=0.43..403.24 rows=103 width=121)
	        Index Cond: ((id >= 4912816) AND (id <= 4912915))

table 4 : explain SELECT c FROM sbtest4 WHERE id BETWEEN 2312057 AND 2312156 ORDER BY c
	Sort  (cost=447.32..447.61 rows=113 width=121)
	  Sort Key: c
	  ->  Index Scan using sbtest4_pkey on sbtest4  (cost=0.43..443.47 rows=113 width=121)
	        Index Cond: ((id >= 2312057) AND (id <= 2312156))

table 5 : explain SELECT c FROM sbtest5 WHERE id BETWEEN 9908212 AND 9908311 ORDER BY c
	Sort  (cost=399.05..399.30 rows=101 width=121)
	  Sort Key: c
	  ->  Index Scan using sbtest5_pkey on sbtest5  (cost=0.43..395.69 rows=101 width=121)
	        Index Cond: ((id >= 9908212) AND (id <= 9908311))

table 6 : explain SELECT c FROM sbtest6 WHERE id BETWEEN 9905978 AND 9906077 ORDER BY c
	Sort  (cost=403.32..403.57 rows=102 width=121)
	  Sort Key: c
	  ->  Index Scan using sbtest6_pkey on sbtest6  (cost=0.43..399.92 rows=102 width=121)
	        Index Cond: ((id >= 9905978) AND (id <= 9906077))

table 7 : explain SELECT c FROM sbtest7 WHERE id BETWEEN 6110261 AND 6110360 ORDER BY c
	Sort  (cost=378.14..378.38 rows=96 width=121)
	  Sort Key: c
	  ->  Index Scan using sbtest7_pkey on sbtest7  (cost=0.43..374.98 rows=96 width=121)
	        Index Cond: ((id >= 6110261) AND (id <= 6110360))

table 8 : explain SELECT c FROM sbtest8 WHERE id BETWEEN 2552934 AND 2553033 ORDER BY c
	Sort  (cost=370.76..370.99 rows=94 width=121)
	  Sort Key: c
	  ->  Index Scan using sbtest8_pkey on sbtest8  (cost=0.43..367.68 rows=94 width=121)
	        Index Cond: ((id >= 2552934) AND (id <= 2553033))

for: simple_ranges
table 1 : explain SELECT c FROM sbtest1 WHERE id BETWEEN 7225686 AND 7225785
	Index Scan using sbtest1_pkey on sbtest1  (cost=0.43..376.91 rows=96 width=121)
	  Index Cond: ((id >= 7225686) AND (id <= 7225785))

table 2 : explain SELECT c FROM sbtest2 WHERE id BETWEEN 7487971 AND 7488070
	Index Scan using sbtest2_pkey on sbtest2  (cost=0.43..377.74 rows=96 width=121)
	  Index Cond: ((id >= 7487971) AND (id <= 7488070))

table 3 : explain SELECT c FROM sbtest3 WHERE id BETWEEN 468090 AND 468189
	Index Scan using sbtest3_pkey on sbtest3  (cost=0.43..376.12 rows=96 width=121)
	  Index Cond: ((id >= 468090) AND (id <= 468189))

table 4 : explain SELECT c FROM sbtest4 WHERE id BETWEEN 753243 AND 753342
	Index Scan using sbtest4_pkey on sbtest4  (cost=0.43..404.64 rows=103 width=121)
	  Index Cond: ((id >= 753243) AND (id <= 753342))

table 5 : explain SELECT c FROM sbtest5 WHERE id BETWEEN 6647314 AND 6647413
	Index Scan using sbtest5_pkey on sbtest5  (cost=0.43..376.29 rows=96 width=121)
	  Index Cond: ((id >= 6647314) AND (id <= 6647413))

table 6 : explain SELECT c FROM sbtest6 WHERE id BETWEEN 7213706 AND 7213805
	Index Scan using sbtest6_pkey on sbtest6  (cost=0.43..458.04 rows=117 width=121)
	  Index Cond: ((id >= 7213706) AND (id <= 7213805))

table 7 : explain SELECT c FROM sbtest7 WHERE id BETWEEN 1667328 AND 1667427
	Index Scan using sbtest7_pkey on sbtest7  (cost=0.43..413.59 rows=106 width=121)
	  Index Cond: ((id >= 1667328) AND (id <= 1667427))

table 8 : explain SELECT c FROM sbtest8 WHERE id BETWEEN 1253900 AND 1253999
	Index Scan using sbtest8_pkey on sbtest8  (cost=0.43..414.06 rows=106 width=121)
	  Index Cond: ((id >= 1253900) AND (id <= 1253999))

explain: for point_selects :: explain SELECT c FROM sbtest%u WHERE id=%u
for: sum_ranges
table 1 : explain SELECT SUM(k) FROM sbtest1 WHERE id BETWEEN 8205626 AND 8205725
	Aggregate  (cost=443.15..443.16 rows=1 width=8)
	  ->  Index Scan using sbtest1_pkey on sbtest1  (cost=0.43..442.86 rows=113 width=4)
	        Index Cond: ((id >= 8205626) AND (id <= 8205725))

table 2 : explain SELECT SUM(k) FROM sbtest2 WHERE id BETWEEN 9393790 AND 9393889
	Aggregate  (cost=393.57..393.58 rows=1 width=8)
	  ->  Index Scan using sbtest2_pkey on sbtest2  (cost=0.43..393.32 rows=100 width=4)
	        Index Cond: ((id >= 9393790) AND (id <= 9393889))

table 3 : explain SELECT SUM(k) FROM sbtest3 WHERE id BETWEEN 3533475 AND 3533574
	Aggregate  (cost=418.99..419.00 rows=1 width=8)
	  ->  Index Scan using sbtest3_pkey on sbtest3  (cost=0.43..418.72 rows=107 width=4)
	        Index Cond: ((id >= 3533475) AND (id <= 3533574))

table 4 : explain SELECT SUM(k) FROM sbtest4 WHERE id BETWEEN 9509388 AND 9509487
	Aggregate  (cost=393.24..393.25 rows=1 width=8)
	  ->  Index Scan using sbtest4_pkey on sbtest4  (cost=0.43..392.99 rows=100 width=4)
	        Index Cond: ((id >= 9509388) AND (id <= 9509487))

table 5 : explain SELECT SUM(k) FROM sbtest5 WHERE id BETWEEN 4239899 AND 4239998
	Aggregate  (cost=357.16..357.17 rows=1 width=8)
	  ->  Index Scan using sbtest5_pkey on sbtest5  (cost=0.43..356.94 rows=91 width=4)
	        Index Cond: ((id >= 4239899) AND (id <= 4239998))

table 6 : explain SELECT SUM(k) FROM sbtest6 WHERE id BETWEEN 3688850 AND 3688949
	Aggregate  (cost=369.12..369.13 rows=1 width=8)
	  ->  Index Scan using sbtest6_pkey on sbtest6  (cost=0.43..368.88 rows=94 width=4)
	        Index Cond: ((id >= 3688850) AND (id <= 3688949))

table 7 : explain SELECT SUM(k) FROM sbtest7 WHERE id BETWEEN 8443084 AND 8443183
	Aggregate  (cost=410.00..410.01 rows=1 width=8)
	  ->  Index Scan using sbtest7_pkey on sbtest7  (cost=0.43..409.74 rows=105 width=4)
	        Index Cond: ((id >= 8443084) AND (id <= 8443183))

table 8 : explain SELECT SUM(k) FROM sbtest8 WHERE id BETWEEN 1803485 AND 1803584
	Aggregate  (cost=387.27..387.28 rows=1 width=8)
	  ->  Index Scan using sbtest8_pkey on sbtest8  (cost=0.43..387.02 rows=99 width=4)
	        Index Cond: ((id >= 1803485) AND (id <= 1803584))

for non_index_updates
table 1 : explain UPDATE sbtest1 SET c='foobar' WHERE id=9817705
	Update on sbtest1  (cost=0.43..8.45 rows=0 width=0)
	  ->  Index Scan using sbtest1_pkey on sbtest1  (cost=0.43..8.45 rows=1 width=490)
	        Index Cond: (id = 9817705)

table 2 : explain UPDATE sbtest2 SET c='foobar' WHERE id=4494568
	Update on sbtest2  (cost=0.43..8.45 rows=0 width=0)
	  ->  Index Scan using sbtest2_pkey on sbtest2  (cost=0.43..8.45 rows=1 width=490)
	        Index Cond: (id = 4494568)

table 3 : explain UPDATE sbtest3 SET c='foobar' WHERE id=8278430
	Update on sbtest3  (cost=0.43..8.45 rows=0 width=0)
	  ->  Index Scan using sbtest3_pkey on sbtest3  (cost=0.43..8.45 rows=1 width=490)
	        Index Cond: (id = 8278430)

table 4 : explain UPDATE sbtest4 SET c='foobar' WHERE id=6729216
	Update on sbtest4  (cost=0.43..8.45 rows=0 width=0)
	  ->  Index Scan using sbtest4_pkey on sbtest4  (cost=0.43..8.45 rows=1 width=490)
	        Index Cond: (id = 6729216)

table 5 : explain UPDATE sbtest5 SET c='foobar' WHERE id=425005
	Update on sbtest5  (cost=0.43..8.45 rows=0 width=0)
	  ->  Index Scan using sbtest5_pkey on sbtest5  (cost=0.43..8.45 rows=1 width=490)
	        Index Cond: (id = 425005)

table 6 : explain UPDATE sbtest6 SET c='foobar' WHERE id=131140
	Update on sbtest6  (cost=0.43..8.45 rows=0 width=0)
	  ->  Index Scan using sbtest6_pkey on sbtest6  (cost=0.43..8.45 rows=1 width=490)
	        Index Cond: (id = 131140)

table 7 : explain UPDATE sbtest7 SET c='foobar' WHERE id=9612271
	Update on sbtest7  (cost=0.43..8.45 rows=0 width=0)
	  ->  Index Scan using sbtest7_pkey on sbtest7  (cost=0.43..8.45 rows=1 width=490)
	        Index Cond: (id = 9612271)

table 8 : explain UPDATE sbtest8 SET c='foobar' WHERE id=3009833
	Update on sbtest8  (cost=0.43..8.45 rows=0 width=0)
	  ->  Index Scan using sbtest8_pkey on sbtest8  (cost=0.43..8.45 rows=1 width=490)
	        Index Cond: (id = 3009833)

explain: for point_selects :: explain SELECT c FROM sbtest%u WHERE id=%u
for: distinct_ranges
table 1 : explain SELECT DISTINCT c FROM sbtest1 WHERE id BETWEEN 4908046 AND 4908145 ORDER BY c
	Unique  (cost=399.66..400.16 rows=101 width=121)
	  ->  Sort  (cost=399.66..399.91 rows=101 width=121)
	        Sort Key: c
	        ->  Index Scan using sbtest1_pkey on sbtest1  (cost=0.43..396.29 rows=101 width=121)
	              Index Cond: ((id >= 4908046) AND (id <= 4908145))

table 2 : explain SELECT DISTINCT c FROM sbtest2 WHERE id BETWEEN 6187223 AND 6187322 ORDER BY c
	Unique  (cost=400.57..401.07 rows=101 width=121)
	  ->  Sort  (cost=400.57..400.82 rows=101 width=121)
	        Sort Key: c
	        ->  Index Scan using sbtest2_pkey on sbtest2  (cost=0.43..397.21 rows=101 width=121)
	              Index Cond: ((id >= 6187223) AND (id <= 6187322))

table 3 : explain SELECT DISTINCT c FROM sbtest3 WHERE id BETWEEN 7031734 AND 7031833 ORDER BY c
	Unique  (cost=383.19..383.67 rows=97 width=121)
	  ->  Sort  (cost=383.19..383.43 rows=97 width=121)
	        Sort Key: c
	        ->  Index Scan using sbtest3_pkey on sbtest3  (cost=0.43..379.99 rows=97 width=121)
	              Index Cond: ((id >= 7031734) AND (id <= 7031833))

table 4 : explain SELECT DISTINCT c FROM sbtest4 WHERE id BETWEEN 8961941 AND 8962040 ORDER BY c
	Unique  (cost=400.23..400.74 rows=101 width=121)
	  ->  Sort  (cost=400.23..400.49 rows=101 width=121)
	        Sort Key: c
	        ->  Index Scan using sbtest4_pkey on sbtest4  (cost=0.43..396.87 rows=101 width=121)
	              Index Cond: ((id >= 8961941) AND (id <= 8962040))

table 5 : explain SELECT DISTINCT c FROM sbtest5 WHERE id BETWEEN 8515548 AND 8515647 ORDER BY c
	Unique  (cost=399.05..399.55 rows=101 width=121)
	  ->  Sort  (cost=399.05..399.30 rows=101 width=121)
	        Sort Key: c
	        ->  Index Scan using sbtest5_pkey on sbtest5  (cost=0.43..395.69 rows=101 width=121)
	              Index Cond: ((id >= 8515548) AND (id <= 8515647))

table 6 : explain SELECT DISTINCT c FROM sbtest6 WHERE id BETWEEN 7675533 AND 7675632 ORDER BY c
	Unique  (cost=379.79..380.27 rows=96 width=121)
	  ->  Sort  (cost=379.79..380.03 rows=96 width=121)
	        Sort Key: c
	        ->  Index Scan using sbtest6_pkey on sbtest6  (cost=0.43..376.63 rows=96 width=121)
	              Index Cond: ((id >= 7675533) AND (id <= 7675632))

table 7 : explain SELECT DISTINCT c FROM sbtest7 WHERE id BETWEEN 7296720 AND 7296819 ORDER BY c
	Unique  (cost=366.45..366.91 rows=93 width=121)
	  ->  Sort  (cost=366.45..366.68 rows=93 width=121)
	        Sort Key: c
	        ->  Index Scan using sbtest7_pkey on sbtest7  (cost=0.43..363.41 rows=93 width=121)
	              Index Cond: ((id >= 7296720) AND (id <= 7296819))

table 8 : explain SELECT DISTINCT c FROM sbtest8 WHERE id BETWEEN 389912 AND 390011 ORDER BY c
	Unique  (cost=390.31..390.80 rows=99 width=121)
	  ->  Sort  (cost=390.31..390.55 rows=99 width=121)
	        Sort Key: c
	        ->  Index Scan using sbtest8_pkey on sbtest8  (cost=0.43..387.02 rows=99 width=121)
	              Index Cond: ((id >= 389912) AND (id <= 390011))

for: distinct_ranges
table 1 : explain SELECT DISTINCT c FROM sbtest1 WHERE id BETWEEN 9280415 AND 9280514 ORDER BY c
	Unique  (cost=419.28..419.81 rows=106 width=121)
	  ->  Sort  (cost=419.28..419.55 rows=106 width=121)
	        Sort Key: c
	        ->  Index Scan using sbtest1_pkey on sbtest1  (cost=0.43..415.72 rows=106 width=121)
	              Index Cond: ((id >= 9280415) AND (id <= 9280514))

table 2 : explain SELECT DISTINCT c FROM sbtest2 WHERE id BETWEEN 285665 AND 285764 ORDER BY c
	Unique  (cost=388.76..389.25 rows=98 width=121)
	  ->  Sort  (cost=388.76..389.00 rows=98 width=121)
	        Sort Key: c
	        ->  Index Scan using sbtest2_pkey on sbtest2  (cost=0.43..385.51 rows=98 width=121)
	              Index Cond: ((id >= 285665) AND (id <= 285764))

table 3 : explain SELECT DISTINCT c FROM sbtest3 WHERE id BETWEEN 8756668 AND 8756767 ORDER BY c
	Unique  (cost=363.64..364.10 rows=92 width=121)
	  ->  Sort  (cost=363.64..363.87 rows=92 width=121)
	        Sort Key: c
	        ->  Index Scan using sbtest3_pkey on sbtest3  (cost=0.43..360.64 rows=92 width=121)
	              Index Cond: ((id >= 8756668) AND (id <= 8756767))

table 4 : explain SELECT DISTINCT c FROM sbtest4 WHERE id BETWEEN 7331308 AND 7331407 ORDER BY c
	Unique  (cost=404.16..404.67 rows=102 width=121)
	  ->  Sort  (cost=404.16..404.41 rows=102 width=121)
	        Sort Key: c
	        ->  Index Scan using sbtest4_pkey on sbtest4  (cost=0.43..400.76 rows=102 width=121)
	              Index Cond: ((id >= 7331308) AND (id <= 7331407))

table 5 : explain SELECT DISTINCT c FROM sbtest5 WHERE id BETWEEN 3632911 AND 3633010 ORDER BY c
	Unique  (cost=402.96..403.47 rows=102 width=121)
	  ->  Sort  (cost=402.96..403.22 rows=102 width=121)
	        Sort Key: c
	        ->  Index Scan using sbtest5_pkey on sbtest5  (cost=0.43..399.56 rows=102 width=121)
	              Index Cond: ((id >= 3632911) AND (id <= 3633010))

table 6 : explain SELECT DISTINCT c FROM sbtest6 WHERE id BETWEEN 5072421 AND 5072520 ORDER BY c
	Unique  (cost=379.79..380.27 rows=96 width=121)
	  ->  Sort  (cost=379.79..380.03 rows=96 width=121)
	        Sort Key: c
	        ->  Index Scan using sbtest6_pkey on sbtest6  (cost=0.43..376.63 rows=96 width=121)
	              Index Cond: ((id >= 5072421) AND (id <= 5072520))

table 7 : explain SELECT DISTINCT c FROM sbtest7 WHERE id BETWEEN 8954124 AND 8954223 ORDER BY c
	Unique  (cost=421.06..421.59 rows=107 width=121)
	  ->  Sort  (cost=421.06..421.33 rows=107 width=121)
	        Sort Key: c
	        ->  Index Scan using sbtest7_pkey on sbtest7  (cost=0.43..417.45 rows=107 width=121)
	              Index Cond: ((id >= 8954124) AND (id <= 8954223))

table 8 : explain SELECT DISTINCT c FROM sbtest8 WHERE id BETWEEN 720116 AND 720215 ORDER BY c
	Unique  (cost=386.40..386.89 rows=98 width=121)
	  ->  Sort  (cost=386.40..386.65 rows=98 width=121)
	        Sort Key: c
	        ->  Index Scan using sbtest8_pkey on sbtest8  (cost=0.43..383.16 rows=98 width=121)
	              Index Cond: ((id >= 720116) AND (id <= 720215))

for: order_ranges
table 1 : explain SELECT c FROM sbtest1 WHERE id BETWEEN 552601 AND 552700 ORDER BY c
	Sort  (cost=368.31..368.55 rows=93 width=121)
	  Sort Key: c
	  ->  Index Scan using sbtest1_pkey on sbtest1  (cost=0.43..365.27 rows=93 width=121)
	        Index Cond: ((id >= 552601) AND (id <= 552700))

table 2 : explain SELECT c FROM sbtest2 WHERE id BETWEEN 2743523 AND 2743622 ORDER BY c
	Sort  (cost=384.83..385.07 rows=97 width=121)
	  Sort Key: c
	  ->  Index Scan using sbtest2_pkey on sbtest2  (cost=0.43..381.63 rows=97 width=121)
	        Index Cond: ((id >= 2743523) AND (id <= 2743622))

table 3 : explain SELECT c FROM sbtest3 WHERE id BETWEEN 3112013 AND 3112112 ORDER BY c
	Sort  (cost=398.87..399.12 rows=101 width=121)
	  Sort Key: c
	  ->  Index Scan using sbtest3_pkey on sbtest3  (cost=0.43..395.50 rows=101 width=121)
	        Index Cond: ((id >= 3112013) AND (id <= 3112112))

table 4 : explain SELECT c FROM sbtest4 WHERE id BETWEEN 9390448 AND 9390547 ORDER BY c
	Sort  (cost=364.89..365.12 rows=92 width=121)
	  Sort Key: c
	  ->  Index Scan using sbtest4_pkey on sbtest4  (cost=0.43..361.89 rows=92 width=121)
	        Index Cond: ((id >= 9390448) AND (id <= 9390547))

table 5 : explain SELECT c FROM sbtest5 WHERE id BETWEEN 1842297 AND 1842396 ORDER BY c
	Sort  (cost=355.99..356.21 rows=90 width=121)
	  Sort Key: c
	  ->  Index Scan using sbtest5_pkey on sbtest5  (cost=0.43..353.07 rows=90 width=121)
	        Index Cond: ((id >= 1842297) AND (id <= 1842396))

table 6 : explain SELECT c FROM sbtest6 WHERE id BETWEEN 5048986 AND 5049085 ORDER BY c
	Sort  (cost=379.79..380.03 rows=96 width=121)
	  Sort Key: c
	  ->  Index Scan using sbtest6_pkey on sbtest6  (cost=0.43..376.63 rows=96 width=121)
	        Index Cond: ((id >= 5048986) AND (id <= 5049085))

table 7 : explain SELECT c FROM sbtest7 WHERE id BETWEEN 5994025 AND 5994124 ORDER BY c
	Sort  (cost=397.67..397.92 rows=101 width=121)
	  Sort Key: c
	  ->  Index Scan using sbtest7_pkey on sbtest7  (cost=0.43..394.31 rows=101 width=121)
	        Index Cond: ((id >= 5994025) AND (id <= 5994124))

table 8 : explain SELECT c FROM sbtest8 WHERE id BETWEEN 2969412 AND 2969511 ORDER BY c
	Sort  (cost=421.53..421.79 rows=107 width=121)
	  Sort Key: c
	  ->  Index Scan using sbtest8_pkey on sbtest8  (cost=0.43..417.92 rows=107 width=121)
	        Index Cond: ((id >= 2969412) AND (id <= 2969511))

for: sum_ranges
table 1 : explain SELECT SUM(k) FROM sbtest1 WHERE id BETWEEN 1503931 AND 1504030
	Aggregate  (cost=419.86..419.87 rows=1 width=8)
	  ->  Index Scan using sbtest1_pkey on sbtest1  (cost=0.43..419.60 rows=107 width=4)
	        Index Cond: ((id >= 1503931) AND (id <= 1504030))

table 2 : explain SELECT SUM(k) FROM sbtest2 WHERE id BETWEEN 1820142 AND 1820241
	Aggregate  (cost=436.35..436.36 rows=1 width=8)
	  ->  Index Scan using sbtest2_pkey on sbtest2  (cost=0.43..436.07 rows=111 width=4)
	        Index Cond: ((id >= 1820142) AND (id <= 1820241))

table 3 : explain SELECT SUM(k) FROM sbtest3 WHERE id BETWEEN 340803 AND 340902
	Aggregate  (cost=430.60..430.61 rows=1 width=8)
	  ->  Index Scan using sbtest3_pkey on sbtest3  (cost=0.43..430.33 rows=110 width=4)
	        Index Cond: ((id >= 340803) AND (id <= 340902))

table 4 : explain SELECT SUM(k) FROM sbtest4 WHERE id BETWEEN 9118546 AND 9118645
	Aggregate  (cost=432.10..432.11 rows=1 width=8)
	  ->  Index Scan using sbtest4_pkey on sbtest4  (cost=0.43..431.82 rows=110 width=4)
	        Index Cond: ((id >= 9118546) AND (id <= 9118645))

table 5 : explain SELECT SUM(k) FROM sbtest5 WHERE id BETWEEN 5115278 AND 5115377
	Aggregate  (cost=395.94..395.95 rows=1 width=8)
	  ->  Index Scan using sbtest5_pkey on sbtest5  (cost=0.43..395.69 rows=101 width=4)
	        Index Cond: ((id >= 5115278) AND (id <= 5115377))

table 6 : explain SELECT SUM(k) FROM sbtest6 WHERE id BETWEEN 1488037 AND 1488136
	Aggregate  (cost=400.17..400.18 rows=1 width=8)
	  ->  Index Scan using sbtest6_pkey on sbtest6  (cost=0.43..399.92 rows=102 width=4)
	        Index Cond: ((id >= 1488037) AND (id <= 1488136))

table 7 : explain SELECT SUM(k) FROM sbtest7 WHERE id BETWEEN 236687 AND 236786
	Aggregate  (cost=390.70..390.71 rows=1 width=8)
	  ->  Index Scan using sbtest7_pkey on sbtest7  (cost=0.43..390.45 rows=100 width=4)
	        Index Cond: ((id >= 236687) AND (id <= 236786))

table 8 : explain SELECT SUM(k) FROM sbtest8 WHERE id BETWEEN 5925391 AND 5925490
	Aggregate  (cost=383.41..383.42 rows=1 width=8)
	  ->  Index Scan using sbtest8_pkey on sbtest8  (cost=0.43..383.16 rows=98 width=4)
	        Index Cond: ((id >= 5925391) AND (id <= 5925490))

explain: for index_updates :: explain UPDATE sbtest%u SET k=k+1 WHERE id=%u
explain: for point_selects :: explain SELECT c FROM sbtest%u WHERE id=%u
explain: for deletes :: explain DELETE FROM sbtest%u WHERE id=%u
for: order_ranges
table 1 : explain SELECT c FROM sbtest1 WHERE id BETWEEN 8520780 AND 8520879 ORDER BY c
	Sort  (cost=415.37..415.63 rows=105 width=121)
	  Sort Key: c
	  ->  Index Scan using sbtest1_pkey on sbtest1  (cost=0.43..411.84 rows=105 width=121)
	        Index Cond: ((id >= 8520780) AND (id <= 8520879))

table 2 : explain SELECT c FROM sbtest2 WHERE id BETWEEN 5312324 AND 5312423 ORDER BY c
	Sort  (cost=392.68..392.93 rows=99 width=121)
	  Sort Key: c
	  ->  Index Scan using sbtest2_pkey on sbtest2  (cost=0.43..389.40 rows=99 width=121)
	        Index Cond: ((id >= 5312324) AND (id <= 5312423))

table 3 : explain SELECT c FROM sbtest3 WHERE id BETWEEN 4010243 AND 4010342 ORDER BY c
	Sort  (cost=394.92..395.17 rows=100 width=121)
	  Sort Key: c
	  ->  Index Scan using sbtest3_pkey on sbtest3  (cost=0.43..391.60 rows=100 width=121)
	        Index Cond: ((id >= 4010243) AND (id <= 4010342))

table 4 : explain SELECT c FROM sbtest4 WHERE id BETWEEN 1129874 AND 1129973 ORDER BY c
	Sort  (cost=388.43..388.67 rows=98 width=121)
	  Sort Key: c
	  ->  Index Scan using sbtest4_pkey on sbtest4  (cost=0.43..385.19 rows=98 width=121)
	        Index Cond: ((id >= 1129874) AND (id <= 1129973))

table 5 : explain SELECT c FROM sbtest5 WHERE id BETWEEN 5814331 AND 5814430 ORDER BY c
	Sort  (cost=426.43..426.70 rows=108 width=121)
	  Sort Key: c
	  ->  Index Scan using sbtest5_pkey on sbtest5  (cost=0.43..422.79 rows=108 width=121)
	        Index Cond: ((id >= 5814331) AND (id <= 5814430))

table 6 : explain SELECT c FROM sbtest6 WHERE id BETWEEN 6275961 AND 6276060 ORDER BY c
	Sort  (cost=387.66..387.90 rows=98 width=121)
	  Sort Key: c
	  ->  Index Scan using sbtest6_pkey on sbtest6  (cost=0.43..384.42 rows=98 width=121)
	        Index Cond: ((id >= 6275961) AND (id <= 6276060))

table 7 : explain SELECT c FROM sbtest7 WHERE id BETWEEN 2288882 AND 2288981 ORDER BY c
	Sort  (cost=370.35..370.58 rows=94 width=121)
	  Sort Key: c
	  ->  Index Scan using sbtest7_pkey on sbtest7  (cost=0.43..367.27 rows=94 width=121)
	        Index Cond: ((id >= 2288882) AND (id <= 2288981))

table 8 : explain SELECT c FROM sbtest8 WHERE id BETWEEN 816705 AND 816804 ORDER BY c
	Sort  (cost=386.40..386.65 rows=98 width=121)
	  Sort Key: c
	  ->  Index Scan using sbtest8_pkey on sbtest8  (cost=0.43..383.16 rows=98 width=121)
	        Index Cond: ((id >= 816705) AND (id <= 816804))

for inserts
table 1 : explain INSERT INTO sbtest1 (id, k, c, pad) VALUES (1307550, 13, 'foobar', 'foobar')
	Insert on sbtest1  (cost=0.00..0.01 rows=0 width=0)
	  ->  Result  (cost=0.00..0.01 rows=1 width=736)

table 2 : explain INSERT INTO sbtest2 (id, k, c, pad) VALUES (3464403, 13, 'foobar', 'foobar')
	Insert on sbtest2  (cost=0.00..0.01 rows=0 width=0)
	  ->  Result  (cost=0.00..0.01 rows=1 width=736)

table 3 : explain INSERT INTO sbtest3 (id, k, c, pad) VALUES (7740328, 13, 'foobar', 'foobar')
	Insert on sbtest3  (cost=0.00..0.01 rows=0 width=0)
	  ->  Result  (cost=0.00..0.01 rows=1 width=736)

table 4 : explain INSERT INTO sbtest4 (id, k, c, pad) VALUES (6069023, 13, 'foobar', 'foobar')
	Insert on sbtest4  (cost=0.00..0.01 rows=0 width=0)
	  ->  Result  (cost=0.00..0.01 rows=1 width=736)

table 5 : explain INSERT INTO sbtest5 (id, k, c, pad) VALUES (8558107, 13, 'foobar', 'foobar')
	Insert on sbtest5  (cost=0.00..0.01 rows=0 width=0)
	  ->  Result  (cost=0.00..0.01 rows=1 width=736)

table 6 : explain INSERT INTO sbtest6 (id, k, c, pad) VALUES (19727, 13, 'foobar', 'foobar')
	Insert on sbtest6  (cost=0.00..0.01 rows=0 width=0)
	  ->  Result  (cost=0.00..0.01 rows=1 width=736)

table 7 : explain INSERT INTO sbtest7 (id, k, c, pad) VALUES (6394309, 13, 'foobar', 'foobar')
	Insert on sbtest7  (cost=0.00..0.01 rows=0 width=0)
	  ->  Result  (cost=0.00..0.01 rows=1 width=736)

table 8 : explain INSERT INTO sbtest8 (id, k, c, pad) VALUES (4379031, 13, 'foobar', 'foobar')
	Insert on sbtest8  (cost=0.00..0.01 rows=0 width=0)
	  ->  Result  (cost=0.00..0.01 rows=1 width=736)

for point_selects
table 1 : explain SELECT c FROM sbtest1 WHERE id=8424605
	Index Scan using sbtest1_pkey on sbtest1  (cost=0.43..8.45 rows=1 width=121)
	  Index Cond: (id = 8424605)

table 2 : explain SELECT c FROM sbtest2 WHERE id=6193589
	Index Scan using sbtest2_pkey on sbtest2  (cost=0.43..8.45 rows=1 width=121)
	  Index Cond: (id = 6193589)

table 3 : explain SELECT c FROM sbtest3 WHERE id=4087226
	Index Scan using sbtest3_pkey on sbtest3  (cost=0.43..8.45 rows=1 width=121)
	  Index Cond: (id = 4087226)

table 4 : explain SELECT c FROM sbtest4 WHERE id=694111
	Index Scan using sbtest4_pkey on sbtest4  (cost=0.43..8.45 rows=1 width=121)
	  Index Cond: (id = 694111)

table 5 : explain SELECT c FROM sbtest5 WHERE id=3819440
	Index Scan using sbtest5_pkey on sbtest5  (cost=0.43..8.45 rows=1 width=121)
	  Index Cond: (id = 3819440)

table 6 : explain SELECT c FROM sbtest6 WHERE id=1400382
	Index Scan using sbtest6_pkey on sbtest6  (cost=0.43..8.45 rows=1 width=121)
	  Index Cond: (id = 1400382)

table 7 : explain SELECT c FROM sbtest7 WHERE id=9065837
	Index Scan using sbtest7_pkey on sbtest7  (cost=0.43..8.45 rows=1 width=121)
	  Index Cond: (id = 9065837)

table 8 : explain SELECT c FROM sbtest8 WHERE id=3419812
	Index Scan using sbtest8_pkey on sbtest8  (cost=0.43..8.45 rows=1 width=121)
	  Index Cond: (id = 3419812)

for index_updates
table 1 : explain UPDATE sbtest1 SET k=k+1 WHERE id=6881756
	Update on sbtest1  (cost=0.43..8.46 rows=0 width=0)
	  ->  Index Scan using sbtest1_pkey on sbtest1  (cost=0.43..8.46 rows=1 width=10)
	        Index Cond: (id = 6881756)

table 2 : explain UPDATE sbtest2 SET k=k+1 WHERE id=5980159
	Update on sbtest2  (cost=0.43..8.46 rows=0 width=0)
	  ->  Index Scan using sbtest2_pkey on sbtest2  (cost=0.43..8.46 rows=1 width=10)
	        Index Cond: (id = 5980159)

table 3 : explain UPDATE sbtest3 SET k=k+1 WHERE id=7693569
	Update on sbtest3  (cost=0.43..8.46 rows=0 width=0)
	  ->  Index Scan using sbtest3_pkey on sbtest3  (cost=0.43..8.46 rows=1 width=10)
	        Index Cond: (id = 7693569)

table 4 : explain UPDATE sbtest4 SET k=k+1 WHERE id=4192003
	Update on sbtest4  (cost=0.43..8.46 rows=0 width=0)
	  ->  Index Scan using sbtest4_pkey on sbtest4  (cost=0.43..8.46 rows=1 width=10)
	        Index Cond: (id = 4192003)

table 5 : explain UPDATE sbtest5 SET k=k+1 WHERE id=8342633
	Update on sbtest5  (cost=0.43..8.46 rows=0 width=0)
	  ->  Index Scan using sbtest5_pkey on sbtest5  (cost=0.43..8.46 rows=1 width=10)
	        Index Cond: (id = 8342633)

table 6 : explain UPDATE sbtest6 SET k=k+1 WHERE id=9124453
	Update on sbtest6  (cost=0.43..8.46 rows=0 width=0)
	  ->  Index Scan using sbtest6_pkey on sbtest6  (cost=0.43..8.46 rows=1 width=10)
	        Index Cond: (id = 9124453)

table 7 : explain UPDATE sbtest7 SET k=k+1 WHERE id=7350405
	Update on sbtest7  (cost=0.43..8.46 rows=0 width=0)
	  ->  Index Scan using sbtest7_pkey on sbtest7  (cost=0.43..8.46 rows=1 width=10)
	        Index Cond: (id = 7350405)

table 8 : explain UPDATE sbtest8 SET k=k+1 WHERE id=3111524
	Update on sbtest8  (cost=0.43..8.46 rows=0 width=0)
	  ->  Index Scan using sbtest8_pkey on sbtest8  (cost=0.43..8.46 rows=1 width=10)
	        Index Cond: (id = 3111524)

explain: for index_updates :: explain UPDATE sbtest%u SET k=k+1 WHERE id=%u
for: order_ranges
table 1 : explain SELECT c FROM sbtest1 WHERE id BETWEEN 9876913 AND 9877012 ORDER BY c
	Sort  (cost=391.82..392.07 rows=99 width=121)
	  Sort Key: c
	  ->  Index Scan using sbtest1_pkey on sbtest1  (cost=0.43..388.54 rows=99 width=121)
	        Index Cond: ((id >= 9876913) AND (id <= 9877012))

table 2 : explain SELECT c FROM sbtest2 WHERE id BETWEEN 7682492 AND 7682591 ORDER BY c
	Sort  (cost=420.21..420.47 rows=106 width=121)
	  Sort Key: c
	  ->  Index Scan using sbtest2_pkey on sbtest2  (cost=0.43..416.64 rows=106 width=121)
	        Index Cond: ((id >= 7682492) AND (id <= 7682591))

table 3 : explain SELECT c FROM sbtest3 WHERE id BETWEEN 680906 AND 681005 ORDER BY c
	Sort  (cost=394.96..395.21 rows=100 width=121)
	  Sort Key: c
	  ->  Index Scan using sbtest3_pkey on sbtest3  (cost=0.43..391.63 rows=100 width=121)
	        Index Cond: ((id >= 680906) AND (id <= 681005))

table 4 : explain SELECT c FROM sbtest4 WHERE id BETWEEN 8707359 AND 8707458 ORDER BY c
	Sort  (cost=427.70..427.97 rows=108 width=121)
	  Sort Key: c
	  ->  Index Scan using sbtest4_pkey on sbtest4  (cost=0.43..424.05 rows=108 width=121)
	        Index Cond: ((id >= 8707359) AND (id <= 8707458))

table 5 : explain SELECT c FROM sbtest5 WHERE id BETWEEN 1011543 AND 1011642 ORDER BY c
	Sort  (cost=387.28..387.52 rows=98 width=121)
	  Sort Key: c
	  ->  Index Scan using sbtest5_pkey on sbtest5  (cost=0.43..384.04 rows=98 width=121)
	        Index Cond: ((id >= 1011543) AND (id <= 1011642))

table 6 : explain SELECT c FROM sbtest6 WHERE id BETWEEN 5550065 AND 5550164 ORDER BY c
	Sort  (cost=407.23..407.49 rows=103 width=121)
	  Sort Key: c
	  ->  Index Scan using sbtest6_pkey on sbtest6  (cost=0.43..403.79 rows=103 width=121)
	        Index Cond: ((id >= 5550065) AND (id <= 5550164))

table 7 : explain SELECT c FROM sbtest7 WHERE id BETWEEN 4780330 AND 4780429 ORDER BY c
	Sort  (cost=385.98..386.22 rows=98 width=121)
	  Sort Key: c
	  ->  Index Scan using sbtest7_pkey on sbtest7  (cost=0.43..382.74 rows=98 width=121)
	        Index Cond: ((id >= 4780330) AND (id <= 4780429))

table 8 : explain SELECT c FROM sbtest8 WHERE id BETWEEN 7228764 AND 7228863 ORDER BY c
	Sort  (cost=413.72..413.98 rows=105 width=121)
	  Sort Key: c
	  ->  Index Scan using sbtest8_pkey on sbtest8  (cost=0.43..410.19 rows=105 width=121)
	        Index Cond: ((id >= 7228764) AND (id <= 7228863))

for: distinct_ranges
table 1 : explain SELECT DISTINCT c FROM sbtest1 WHERE id BETWEEN 7602937 AND 7603036 ORDER BY c
	Unique  (cost=376.15..376.62 rows=95 width=121)
	  ->  Sort  (cost=376.15..376.39 rows=95 width=121)
	        Sort Key: c
	        ->  Index Scan using sbtest1_pkey on sbtest1  (cost=0.43..373.03 rows=95 width=121)
	              Index Cond: ((id >= 7602937) AND (id <= 7603036))

table 2 : explain SELECT DISTINCT c FROM sbtest2 WHERE id BETWEEN 5430644 AND 5430743 ORDER BY c
	Unique  (cost=408.42..408.94 rows=103 width=121)
	  ->  Sort  (cost=408.42..408.68 rows=103 width=121)
	        Sort Key: c
	        ->  Index Scan using sbtest2_pkey on sbtest2  (cost=0.43..404.98 rows=103 width=121)
	              Index Cond: ((id >= 5430644) AND (id <= 5430743))

table 3 : explain SELECT DISTINCT c FROM sbtest3 WHERE id BETWEEN 3879469 AND 3879568 ORDER BY c
	Unique  (cost=391.01..391.50 rows=99 width=121)
	  ->  Sort  (cost=391.01..391.26 rows=99 width=121)
	        Sort Key: c
	        ->  Index Scan using sbtest3_pkey on sbtest3  (cost=0.43..387.73 rows=99 width=121)
	              Index Cond: ((id >= 3879469) AND (id <= 3879568))

table 4 : explain SELECT DISTINCT c FROM sbtest4 WHERE id BETWEEN 6509147 AND 6509246 ORDER BY c
	Unique  (cost=419.85..420.38 rows=106 width=121)
	  ->  Sort  (cost=419.85..420.12 rows=106 width=121)
	        Sort Key: c
	        ->  Index Scan using sbtest4_pkey on sbtest4  (cost=0.43..416.29 rows=106 width=121)
	              Index Cond: ((id >= 6509147) AND (id <= 6509246))

table 5 : explain SELECT DISTINCT c FROM sbtest5 WHERE id BETWEEN 1708728 AND 1708827 ORDER BY c
	Unique  (cost=399.05..399.55 rows=101 width=121)
	  ->  Sort  (cost=399.05..399.30 rows=101 width=121)
	        Sort Key: c
	        ->  Index Scan using sbtest5_pkey on sbtest5  (cost=0.43..395.69 rows=101 width=121)
	              Index Cond: ((id >= 1708728) AND (id <= 1708827))

table 6 : explain SELECT DISTINCT c FROM sbtest6 WHERE id BETWEEN 8030022 AND 8030121 ORDER BY c
	Unique  (cost=356.30..356.75 rows=90 width=121)
	  ->  Sort  (cost=356.30..356.53 rows=90 width=121)
	        Sort Key: c
	        ->  Index Scan using sbtest6_pkey on sbtest6  (cost=0.43..353.38 rows=90 width=121)
	              Index Cond: ((id >= 8030022) AND (id <= 8030121))

table 7 : explain SELECT DISTINCT c FROM sbtest7 WHERE id BETWEEN 9395876 AND 9395975 ORDER BY c
	Unique  (cost=409.36..409.88 rows=104 width=121)
	  ->  Sort  (cost=409.36..409.62 rows=104 width=121)
	        Sort Key: c
	        ->  Index Scan using sbtest7_pkey on sbtest7  (cost=0.43..405.88 rows=104 width=121)
	              Index Cond: ((id >= 9395876) AND (id <= 9395975))

table 8 : explain SELECT DISTINCT c FROM sbtest8 WHERE id BETWEEN 4753724 AND 4753823 ORDER BY c
	Unique  (cost=394.21..394.71 rows=100 width=121)
	  ->  Sort  (cost=394.21..394.46 rows=100 width=121)
	        Sort Key: c
	        ->  Index Scan using sbtest8_pkey on sbtest8  (cost=0.43..390.89 rows=100 width=121)
	              Index Cond: ((id >= 4753724) AND (id <= 4753823))

for point_selects
table 1 : explain SELECT c FROM sbtest1 WHERE id=2669037
	Index Scan using sbtest1_pkey on sbtest1  (cost=0.43..8.45 rows=1 width=121)
	  Index Cond: (id = 2669037)

table 2 : explain SELECT c FROM sbtest2 WHERE id=7390742
	Index Scan using sbtest2_pkey on sbtest2  (cost=0.43..8.45 rows=1 width=121)
	  Index Cond: (id = 7390742)

table 3 : explain SELECT c FROM sbtest3 WHERE id=8737450
	Index Scan using sbtest3_pkey on sbtest3  (cost=0.43..8.45 rows=1 width=121)
	  Index Cond: (id = 8737450)

table 4 : explain SELECT c FROM sbtest4 WHERE id=4633325
	Index Scan using sbtest4_pkey on sbtest4  (cost=0.43..8.45 rows=1 width=121)
	  Index Cond: (id = 4633325)

table 5 : explain SELECT c FROM sbtest5 WHERE id=6299372
	Index Scan using sbtest5_pkey on sbtest5  (cost=0.43..8.45 rows=1 width=121)
	  Index Cond: (id = 6299372)

table 6 : explain SELECT c FROM sbtest6 WHERE id=612989
	Index Scan using sbtest6_pkey on sbtest6  (cost=0.43..8.45 rows=1 width=121)
	  Index Cond: (id = 612989)

table 7 : explain SELECT c FROM sbtest7 WHERE id=8083449
	Index Scan using sbtest7_pkey on sbtest7  (cost=0.43..8.45 rows=1 width=121)
	  Index Cond: (id = 8083449)

table 8 : explain SELECT c FROM sbtest8 WHERE id=6320570
	Index Scan using sbtest8_pkey on sbtest8  (cost=0.43..8.45 rows=1 width=121)
	  Index Cond: (id = 6320570)

for: simple_ranges
table 1 : explain SELECT c FROM sbtest1 WHERE id BETWEEN 3657535 AND 3657634
	Index Scan using sbtest1_pkey on sbtest1  (cost=0.43..353.64 rows=90 width=121)
	  Index Cond: ((id >= 3657535) AND (id <= 3657634))

table 2 : explain SELECT c FROM sbtest2 WHERE id BETWEEN 7633897 AND 7633996
	Index Scan using sbtest2_pkey on sbtest2  (cost=0.43..416.64 rows=106 width=121)
	  Index Cond: ((id >= 7633897) AND (id <= 7633996))

table 3 : explain SELECT c FROM sbtest3 WHERE id BETWEEN 6929254 AND 6929353
	Index Scan using sbtest3_pkey on sbtest3  (cost=0.43..399.37 rows=102 width=121)
	  Index Cond: ((id >= 6929254) AND (id <= 6929353))

table 4 : explain SELECT c FROM sbtest4 WHERE id BETWEEN 1287594 AND 1287693
	Index Scan using sbtest4_pkey on sbtest4  (cost=0.43..377.42 rows=96 width=121)
	  Index Cond: ((id >= 1287594) AND (id <= 1287693))

table 5 : explain SELECT c FROM sbtest5 WHERE id BETWEEN 3904085 AND 3904184
	Index Scan using sbtest5_pkey on sbtest5  (cost=0.43..422.79 rows=108 width=121)
	  Index Cond: ((id >= 3904085) AND (id <= 3904184))

table 6 : explain SELECT c FROM sbtest6 WHERE id BETWEEN 8157236 AND 8157335
	Index Scan using sbtest6_pkey on sbtest6  (cost=0.43..380.51 rows=97 width=121)
	  Index Cond: ((id >= 8157236) AND (id <= 8157335))

table 7 : explain SELECT c FROM sbtest7 WHERE id BETWEEN 3201291 AND 3201390
	Index Scan using sbtest7_pkey on sbtest7  (cost=0.43..402.02 rows=103 width=121)
	  Index Cond: ((id >= 3201291) AND (id <= 3201390))

table 8 : explain SELECT c FROM sbtest8 WHERE id BETWEEN 1360632 AND 1360731
	Index Scan using sbtest8_pkey on sbtest8  (cost=0.43..367.68 rows=94 width=121)
	  Index Cond: ((id >= 1360632) AND (id <= 1360731))

explain: for index_updates :: explain UPDATE sbtest%u SET k=k+1 WHERE id=%u
for point_selects
table 1 : explain SELECT c FROM sbtest1 WHERE id=3338996
	Index Scan using sbtest1_pkey on sbtest1  (cost=0.43..8.45 rows=1 width=121)
	  Index Cond: (id = 3338996)

table 2 : explain SELECT c FROM sbtest2 WHERE id=1116242
	Index Scan using sbtest2_pkey on sbtest2  (cost=0.43..8.45 rows=1 width=121)
	  Index Cond: (id = 1116242)

table 3 : explain SELECT c FROM sbtest3 WHERE id=8488545
	Index Scan using sbtest3_pkey on sbtest3  (cost=0.43..8.45 rows=1 width=121)
	  Index Cond: (id = 8488545)

table 4 : explain SELECT c FROM sbtest4 WHERE id=34548
	Index Scan using sbtest4_pkey on sbtest4  (cost=0.43..8.45 rows=1 width=121)
	  Index Cond: (id = 34548)

table 5 : explain SELECT c FROM sbtest5 WHERE id=5610896
	Index Scan using sbtest5_pkey on sbtest5  (cost=0.43..8.45 rows=1 width=121)
	  Index Cond: (id = 5610896)

table 6 : explain SELECT c FROM sbtest6 WHERE id=5541424
	Index Scan using sbtest6_pkey on sbtest6  (cost=0.43..8.45 rows=1 width=121)
	  Index Cond: (id = 5541424)

table 7 : explain SELECT c FROM sbtest7 WHERE id=4768757
	Index Scan using sbtest7_pkey on sbtest7  (cost=0.43..8.45 rows=1 width=121)
	  Index Cond: (id = 4768757)

table 8 : explain SELECT c FROM sbtest8 WHERE id=2828178
	Index Scan using sbtest8_pkey on sbtest8  (cost=0.43..8.45 rows=1 width=121)
	  Index Cond: (id = 2828178)

for deletes
table 1 : explain DELETE FROM sbtest1 WHERE id=3855744
	Delete on sbtest1  (cost=0.43..8.45 rows=0 width=0)
	  ->  Index Scan using sbtest1_pkey on sbtest1  (cost=0.43..8.45 rows=1 width=6)
	        Index Cond: (id = 3855744)

table 2 : explain DELETE FROM sbtest2 WHERE id=4594973
	Delete on sbtest2  (cost=0.43..8.45 rows=0 width=0)
	  ->  Index Scan using sbtest2_pkey on sbtest2  (cost=0.43..8.45 rows=1 width=6)
	        Index Cond: (id = 4594973)

table 3 : explain DELETE FROM sbtest3 WHERE id=6518269
	Delete on sbtest3  (cost=0.43..8.45 rows=0 width=0)
	  ->  Index Scan using sbtest3_pkey on sbtest3  (cost=0.43..8.45 rows=1 width=6)
	        Index Cond: (id = 6518269)

table 4 : explain DELETE FROM sbtest4 WHERE id=6105582
	Delete on sbtest4  (cost=0.43..8.45 rows=0 width=0)
	  ->  Index Scan using sbtest4_pkey on sbtest4  (cost=0.43..8.45 rows=1 width=6)
	        Index Cond: (id = 6105582)

table 5 : explain DELETE FROM sbtest5 WHERE id=644455
	Delete on sbtest5  (cost=0.43..8.45 rows=0 width=0)
	  ->  Index Scan using sbtest5_pkey on sbtest5  (cost=0.43..8.45 rows=1 width=6)
	        Index Cond: (id = 644455)

table 6 : explain DELETE FROM sbtest6 WHERE id=4300881
	Delete on sbtest6  (cost=0.43..8.45 rows=0 width=0)
	  ->  Index Scan using sbtest6_pkey on sbtest6  (cost=0.43..8.45 rows=1 width=6)
	        Index Cond: (id = 4300881)

table 7 : explain DELETE FROM sbtest7 WHERE id=2755638
	Delete on sbtest7  (cost=0.43..8.45 rows=0 width=0)
	  ->  Index Scan using sbtest7_pkey on sbtest7  (cost=0.43..8.45 rows=1 width=6)
	        Index Cond: (id = 2755638)

table 8 : explain DELETE FROM sbtest8 WHERE id=9134964
	Delete on sbtest8  (cost=0.43..8.45 rows=0 width=0)
	  ->  Index Scan using sbtest8_pkey on sbtest8  (cost=0.43..8.45 rows=1 width=6)
	        Index Cond: (id = 9134964)

for: distinct_ranges
table 1 : explain SELECT DISTINCT c FROM sbtest1 WHERE id BETWEEN 1671530 AND 1671629 ORDER BY c
	Unique  (cost=399.66..400.16 rows=101 width=121)
	  ->  Sort  (cost=399.66..399.91 rows=101 width=121)
	        Sort Key: c
	        ->  Index Scan using sbtest1_pkey on sbtest1  (cost=0.43..396.29 rows=101 width=121)
	              Index Cond: ((id >= 1671530) AND (id <= 1671629))

table 2 : explain SELECT DISTINCT c FROM sbtest2 WHERE id BETWEEN 8783636 AND 8783735 ORDER BY c
	Unique  (cost=424.13..424.67 rows=107 width=121)
	  ->  Sort  (cost=424.13..424.40 rows=107 width=121)
	        Sort Key: c
	        ->  Index Scan using sbtest2_pkey on sbtest2  (cost=0.43..420.53 rows=107 width=121)
	              Index Cond: ((id >= 8783636) AND (id <= 8783735))

table 3 : explain SELECT DISTINCT c FROM sbtest3 WHERE id BETWEEN 2153250 AND 2153349 ORDER BY c
	Unique  (cost=387.10..387.59 rows=98 width=121)
	  ->  Sort  (cost=387.10..387.34 rows=98 width=121)
	        Sort Key: c
	        ->  Index Scan using sbtest3_pkey on sbtest3  (cost=0.43..383.86 rows=98 width=121)
	              Index Cond: ((id >= 2153250) AND (id <= 2153349))

table 4 : explain SELECT DISTINCT c FROM sbtest4 WHERE id BETWEEN 4713207 AND 4713306 ORDER BY c
	Unique  (cost=376.66..377.13 rows=95 width=121)
	  ->  Sort  (cost=376.66..376.90 rows=95 width=121)
	        Sort Key: c
	        ->  Index Scan using sbtest4_pkey on sbtest4  (cost=0.43..373.54 rows=95 width=121)
	              Index Cond: ((id >= 4713207) AND (id <= 4713306))

table 5 : explain SELECT DISTINCT c FROM sbtest5 WHERE id BETWEEN 9519810 AND 9519909 ORDER BY c
	Unique  (cost=414.70..415.22 rows=105 width=121)
	  ->  Sort  (cost=414.70..414.96 rows=105 width=121)
	        Sort Key: c
	        ->  Index Scan using sbtest5_pkey on sbtest5  (cost=0.43..411.17 rows=105 width=121)
	              Index Cond: ((id >= 9519810) AND (id <= 9519909))

table 6 : explain SELECT DISTINCT c FROM sbtest6 WHERE id BETWEEN 3648095 AND 3648194 ORDER BY c
	Unique  (cost=371.96..372.43 rows=94 width=121)
	  ->  Sort  (cost=371.96..372.20 rows=94 width=121)
	        Sort Key: c
	        ->  Index Scan using sbtest6_pkey on sbtest6  (cost=0.43..368.88 rows=94 width=121)
	              Index Cond: ((id >= 3648095) AND (id <= 3648194))

table 7 : explain SELECT DISTINCT c FROM sbtest7 WHERE id BETWEEN 5567900 AND 5567999 ORDER BY c
	Unique  (cost=374.24..374.72 rows=95 width=121)
	  ->  Sort  (cost=374.24..374.48 rows=95 width=121)
	        Sort Key: c
	        ->  Index Scan using sbtest7_pkey on sbtest7  (cost=0.43..371.12 rows=95 width=121)
	              Index Cond: ((id >= 5567900) AND (id <= 5567999))

table 8 : explain SELECT DISTINCT c FROM sbtest8 WHERE id BETWEEN 534680 AND 534779 ORDER BY c
	Unique  (cost=382.46..382.95 rows=97 width=121)
	  ->  Sort  (cost=382.46..382.70 rows=97 width=121)
	        Sort Key: c
	        ->  Index Scan using sbtest8_pkey on sbtest8  (cost=0.43..379.26 rows=97 width=121)
	              Index Cond: ((id >= 534680) AND (id <= 534779))

explain: for non_index_updates :: explain UPDATE sbtest%u SET c='foobar' WHERE id=%u
for index_updates
table 1 : explain UPDATE sbtest1 SET k=k+1 WHERE id=730241
	Update on sbtest1  (cost=0.43..8.46 rows=0 width=0)
	  ->  Index Scan using sbtest1_pkey on sbtest1  (cost=0.43..8.46 rows=1 width=10)
	        Index Cond: (id = 730241)

table 2 : explain UPDATE sbtest2 SET k=k+1 WHERE id=4048768
	Update on sbtest2  (cost=0.43..8.46 rows=0 width=0)
	  ->  Index Scan using sbtest2_pkey on sbtest2  (cost=0.43..8.46 rows=1 width=10)
	        Index Cond: (id = 4048768)

table 3 : explain UPDATE sbtest3 SET k=k+1 WHERE id=250417
	Update on sbtest3  (cost=0.43..8.46 rows=0 width=0)
	  ->  Index Scan using sbtest3_pkey on sbtest3  (cost=0.43..8.46 rows=1 width=10)
	        Index Cond: (id = 250417)

table 4 : explain UPDATE sbtest4 SET k=k+1 WHERE id=2573428
	Update on sbtest4  (cost=0.43..8.46 rows=0 width=0)
	  ->  Index Scan using sbtest4_pkey on sbtest4  (cost=0.43..8.46 rows=1 width=10)
	        Index Cond: (id = 2573428)

table 5 : explain UPDATE sbtest5 SET k=k+1 WHERE id=8785771
	Update on sbtest5  (cost=0.43..8.46 rows=0 width=0)
	  ->  Index Scan using sbtest5_pkey on sbtest5  (cost=0.43..8.46 rows=1 width=10)
	        Index Cond: (id = 8785771)

table 6 : explain UPDATE sbtest6 SET k=k+1 WHERE id=5698300
	Update on sbtest6  (cost=0.43..8.46 rows=0 width=0)
	  ->  Index Scan using sbtest6_pkey on sbtest6  (cost=0.43..8.46 rows=1 width=10)
	        Index Cond: (id = 5698300)

table 7 : explain UPDATE sbtest7 SET k=k+1 WHERE id=6652572
	Update on sbtest7  (cost=0.43..8.46 rows=0 width=0)
	  ->  Index Scan using sbtest7_pkey on sbtest7  (cost=0.43..8.46 rows=1 width=10)
	        Index Cond: (id = 6652572)

table 8 : explain UPDATE sbtest8 SET k=k+1 WHERE id=1212158
	Update on sbtest8  (cost=0.43..8.46 rows=0 width=0)
	  ->  Index Scan using sbtest8_pkey on sbtest8  (cost=0.43..8.46 rows=1 width=10)
	        Index Cond: (id = 1212158)

explain: for index_updates :: explain UPDATE sbtest%u SET k=k+1 WHERE id=%u
for: simple_ranges
table 1 : explain SELECT c FROM sbtest1 WHERE id BETWEEN 8037851 AND 8037950
	Index Scan using sbtest1_pkey on sbtest1  (cost=0.43..404.09 rows=103 width=121)
	  Index Cond: ((id >= 8037851) AND (id <= 8037950))

table 2 : explain SELECT c FROM sbtest2 WHERE id BETWEEN 2922452 AND 2922551
	Index Scan using sbtest2_pkey on sbtest2  (cost=0.43..397.21 rows=101 width=121)
	  Index Cond: ((id >= 2922452) AND (id <= 2922551))

table 3 : explain SELECT c FROM sbtest3 WHERE id BETWEEN 9661039 AND 9661138
	Index Scan using sbtest3_pkey on sbtest3  (cost=0.43..422.59 rows=108 width=121)
	  Index Cond: ((id >= 9661039) AND (id <= 9661138))

table 4 : explain SELECT c FROM sbtest4 WHERE id BETWEEN 8249455 AND 8249554
	Index Scan using sbtest4_pkey on sbtest4  (cost=0.43..431.82 rows=110 width=121)
	  Index Cond: ((id >= 8249455) AND (id <= 8249554))

table 5 : explain SELECT c FROM sbtest5 WHERE id BETWEEN 900880 AND 900979
	Index Scan using sbtest5_pkey on sbtest5  (cost=0.43..376.29 rows=96 width=121)
	  Index Cond: ((id >= 900880) AND (id <= 900979))

table 6 : explain SELECT c FROM sbtest6 WHERE id BETWEEN 5112877 AND 5112976
	Index Scan using sbtest6_pkey on sbtest6  (cost=0.43..376.63 rows=96 width=121)
	  Index Cond: ((id >= 5112877) AND (id <= 5112976))

table 7 : explain SELECT c FROM sbtest7 WHERE id BETWEEN 4002274 AND 4002373
	Index Scan using sbtest7_pkey on sbtest7  (cost=0.43..374.98 rows=96 width=121)
	  Index Cond: ((id >= 4002274) AND (id <= 4002373))

table 8 : explain SELECT c FROM sbtest8 WHERE id BETWEEN 4819907 AND 4820006
	Index Scan using sbtest8_pkey on sbtest8  (cost=0.43..414.06 rows=106 width=121)
	  Index Cond: ((id >= 4819907) AND (id <= 4820006))

explain: for non_index_updates :: explain UPDATE sbtest%u SET c='foobar' WHERE id=%u
for non_index_updates
table 1 : explain UPDATE sbtest1 SET c='foobar' WHERE id=7953131
	Update on sbtest1  (cost=0.43..8.45 rows=0 width=0)
	  ->  Index Scan using sbtest1_pkey on sbtest1  (cost=0.43..8.45 rows=1 width=490)
	        Index Cond: (id = 7953131)

table 2 : explain UPDATE sbtest2 SET c='foobar' WHERE id=53172
	Update on sbtest2  (cost=0.43..8.45 rows=0 width=0)
	  ->  Index Scan using sbtest2_pkey on sbtest2  (cost=0.43..8.45 rows=1 width=490)
	        Index Cond: (id = 53172)

table 3 : explain UPDATE sbtest3 SET c='foobar' WHERE id=2674070
	Update on sbtest3  (cost=0.43..8.45 rows=0 width=0)
	  ->  Index Scan using sbtest3_pkey on sbtest3  (cost=0.43..8.45 rows=1 width=490)
	        Index Cond: (id = 2674070)

table 4 : explain UPDATE sbtest4 SET c='foobar' WHERE id=9998866
	Update on sbtest4  (cost=0.43..8.45 rows=0 width=0)
	  ->  Index Scan using sbtest4_pkey on sbtest4  (cost=0.43..8.45 rows=1 width=490)
	        Index Cond: (id = 9998866)

table 5 : explain UPDATE sbtest5 SET c='foobar' WHERE id=3716311
	Update on sbtest5  (cost=0.43..8.45 rows=0 width=0)
	  ->  Index Scan using sbtest5_pkey on sbtest5  (cost=0.43..8.45 rows=1 width=490)
	        Index Cond: (id = 3716311)

table 6 : explain UPDATE sbtest6 SET c='foobar' WHERE id=8188094
	Update on sbtest6  (cost=0.43..8.45 rows=0 width=0)
	  ->  Index Scan using sbtest6_pkey on sbtest6  (cost=0.43..8.45 rows=1 width=490)
	        Index Cond: (id = 8188094)

table 7 : explain UPDATE sbtest7 SET c='foobar' WHERE id=2271962
	Update on sbtest7  (cost=0.43..8.45 rows=0 width=0)
	  ->  Index Scan using sbtest7_pkey on sbtest7  (cost=0.43..8.45 rows=1 width=490)
	        Index Cond: (id = 2271962)

table 8 : explain UPDATE sbtest8 SET c='foobar' WHERE id=6407547
	Update on sbtest8  (cost=0.43..8.45 rows=0 width=0)
	  ->  Index Scan using sbtest8_pkey on sbtest8  (cost=0.43..8.45 rows=1 width=490)
	        Index Cond: (id = 6407547)

for: sum_ranges
table 1 : explain SELECT SUM(k) FROM sbtest1 WHERE id BETWEEN 1717647 AND 1717746
	Aggregate  (cost=369.39..369.40 rows=1 width=8)
	  ->  Index Scan using sbtest1_pkey on sbtest1  (cost=0.43..369.15 rows=94 width=4)
	        Index Cond: ((id >= 1717647) AND (id <= 1717746))

table 2 : explain SELECT SUM(k) FROM sbtest2 WHERE id BETWEEN 2381043 AND 2381142
	Aggregate  (cost=370.20..370.21 rows=1 width=8)
	  ->  Index Scan using sbtest2_pkey on sbtest2  (cost=0.43..369.97 rows=94 width=4)
	        Index Cond: ((id >= 2381043) AND (id <= 2381142))

table 3 : explain SELECT SUM(k) FROM sbtest3 WHERE id BETWEEN 4487113 AND 4487212
	Aggregate  (cost=403.50..403.51 rows=1 width=8)
	  ->  Index Scan using sbtest3_pkey on sbtest3  (cost=0.43..403.24 rows=103 width=4)
	        Index Cond: ((id >= 4487113) AND (id <= 4487212))

table 4 : explain SELECT SUM(k) FROM sbtest4 WHERE id BETWEEN 2837359 AND 2837458
	Aggregate  (cost=366.01..366.02 rows=1 width=8)
	  ->  Index Scan using sbtest4_pkey on sbtest4  (cost=0.43..365.77 rows=93 width=4)
	        Index Cond: ((id >= 2837359) AND (id <= 2837458))

table 5 : explain SELECT SUM(k) FROM sbtest5 WHERE id BETWEEN 5900550 AND 5900649
	Aggregate  (cost=411.43..411.44 rows=1 width=8)
	  ->  Index Scan using sbtest5_pkey on sbtest5  (cost=0.43..411.17 rows=105 width=4)
	        Index Cond: ((id >= 5900550) AND (id <= 5900649))

table 6 : explain SELECT SUM(k) FROM sbtest6 WHERE id BETWEEN 6093544 AND 6093643
	Aggregate  (cost=415.68..415.69 rows=1 width=8)
	  ->  Index Scan using sbtest6_pkey on sbtest6  (cost=0.43..415.42 rows=106 width=4)
	        Index Cond: ((id >= 6093544) AND (id <= 6093643))

table 7 : explain SELECT SUM(k) FROM sbtest7 WHERE id BETWEEN 3273198 AND 3273297
	Aggregate  (cost=390.70..390.71 rows=1 width=8)
	  ->  Index Scan using sbtest7_pkey on sbtest7  (cost=0.43..390.45 rows=100 width=4)
	        Index Cond: ((id >= 3273198) AND (id <= 3273297))

table 8 : explain SELECT SUM(k) FROM sbtest8 WHERE id BETWEEN 4347676 AND 4347775
	Aggregate  (cost=367.91..367.92 rows=1 width=8)
	  ->  Index Scan using sbtest8_pkey on sbtest8  (cost=0.43..367.68 rows=94 width=4)
	        Index Cond: ((id >= 4347676) AND (id <= 4347775))

for: simple_ranges
table 1 : explain SELECT c FROM sbtest1 WHERE id BETWEEN 2377731 AND 2377830
	Index Scan using sbtest1_pkey on sbtest1  (cost=0.43..384.66 rows=98 width=121)
	  Index Cond: ((id >= 2377731) AND (id <= 2377830))

table 2 : explain SELECT c FROM sbtest2 WHERE id BETWEEN 6016896 AND 6016995
	Index Scan using sbtest2_pkey on sbtest2  (cost=0.43..381.63 rows=97 width=121)
	  Index Cond: ((id >= 6016896) AND (id <= 6016995))

table 3 : explain SELECT c FROM sbtest3 WHERE id BETWEEN 4559763 AND 4559862
	Index Scan using sbtest3_pkey on sbtest3  (cost=0.43..383.86 rows=98 width=121)
	  Index Cond: ((id >= 4559763) AND (id <= 4559862))

table 4 : explain SELECT c FROM sbtest4 WHERE id BETWEEN 3756675 AND 3756774
	Index Scan using sbtest4_pkey on sbtest4  (cost=0.43..400.76 rows=102 width=121)
	  Index Cond: ((id >= 3756675) AND (id <= 3756774))

table 5 : explain SELECT c FROM sbtest5 WHERE id BETWEEN 4684292 AND 4684391
	Index Scan using sbtest5_pkey on sbtest5  (cost=0.43..356.94 rows=91 width=121)
	  Index Cond: ((id >= 4684292) AND (id <= 4684391))

table 6 : explain SELECT c FROM sbtest6 WHERE id BETWEEN 8562343 AND 8562442
	Index Scan using sbtest6_pkey on sbtest6  (cost=0.43..415.42 rows=106 width=121)
	  Index Cond: ((id >= 8562343) AND (id <= 8562442))

table 7 : explain SELECT c FROM sbtest7 WHERE id BETWEEN 8060222 AND 8060321
	Index Scan using sbtest7_pkey on sbtest7  (cost=0.43..432.88 rows=111 width=121)
	  Index Cond: ((id >= 8060222) AND (id <= 8060321))

table 8 : explain SELECT c FROM sbtest8 WHERE id BETWEEN 9006426 AND 9006525
	Index Scan using sbtest8_pkey on sbtest8  (cost=0.43..375.40 rows=96 width=121)
	  Index Cond: ((id >= 9006426) AND (id <= 9006525))

explain: for deletes :: explain DELETE FROM sbtest%u WHERE id=%u
for index_updates
table 1 : explain UPDATE sbtest1 SET k=k+1 WHERE id=2192152
	Update on sbtest1  (cost=0.43..8.46 rows=0 width=0)
	  ->  Index Scan using sbtest1_pkey on sbtest1  (cost=0.43..8.46 rows=1 width=10)
	        Index Cond: (id = 2192152)

table 2 : explain UPDATE sbtest2 SET k=k+1 WHERE id=4454645
	Update on sbtest2  (cost=0.43..8.46 rows=0 width=0)
	  ->  Index Scan using sbtest2_pkey on sbtest2  (cost=0.43..8.46 rows=1 width=10)
	        Index Cond: (id = 4454645)

table 3 : explain UPDATE sbtest3 SET k=k+1 WHERE id=704084
	Update on sbtest3  (cost=0.43..8.46 rows=0 width=0)
	  ->  Index Scan using sbtest3_pkey on sbtest3  (cost=0.43..8.46 rows=1 width=10)
	        Index Cond: (id = 704084)

table 4 : explain UPDATE sbtest4 SET k=k+1 WHERE id=3167073
	Update on sbtest4  (cost=0.43..8.46 rows=0 width=0)
	  ->  Index Scan using sbtest4_pkey on sbtest4  (cost=0.43..8.46 rows=1 width=10)
	        Index Cond: (id = 3167073)

table 5 : explain UPDATE sbtest5 SET k=k+1 WHERE id=1243917
	Update on sbtest5  (cost=0.43..8.46 rows=0 width=0)
	  ->  Index Scan using sbtest5_pkey on sbtest5  (cost=0.43..8.46 rows=1 width=10)
	        Index Cond: (id = 1243917)

table 6 : explain UPDATE sbtest6 SET k=k+1 WHERE id=7065652
	Update on sbtest6  (cost=0.43..8.46 rows=0 width=0)
	  ->  Index Scan using sbtest6_pkey on sbtest6  (cost=0.43..8.46 rows=1 width=10)
	        Index Cond: (id = 7065652)

table 7 : explain UPDATE sbtest7 SET k=k+1 WHERE id=497662
	Update on sbtest7  (cost=0.43..8.46 rows=0 width=0)
	  ->  Index Scan using sbtest7_pkey on sbtest7  (cost=0.43..8.46 rows=1 width=10)
	        Index Cond: (id = 497662)

table 8 : explain UPDATE sbtest8 SET k=k+1 WHERE id=4933518
	Update on sbtest8  (cost=0.43..8.46 rows=0 width=0)
	  ->  Index Scan using sbtest8_pkey on sbtest8  (cost=0.43..8.46 rows=1 width=10)
	        Index Cond: (id = 4933518)

for index_updates
table 1 : explain UPDATE sbtest1 SET k=k+1 WHERE id=5392363
	Update on sbtest1  (cost=0.43..8.46 rows=0 width=0)
	  ->  Index Scan using sbtest1_pkey on sbtest1  (cost=0.43..8.46 rows=1 width=10)
	        Index Cond: (id = 5392363)

table 2 : explain UPDATE sbtest2 SET k=k+1 WHERE id=4553819
	Update on sbtest2  (cost=0.43..8.46 rows=0 width=0)
	  ->  Index Scan using sbtest2_pkey on sbtest2  (cost=0.43..8.46 rows=1 width=10)
	        Index Cond: (id = 4553819)

table 3 : explain UPDATE sbtest3 SET k=k+1 WHERE id=4787247
	Update on sbtest3  (cost=0.43..8.46 rows=0 width=0)
	  ->  Index Scan using sbtest3_pkey on sbtest3  (cost=0.43..8.46 rows=1 width=10)
	        Index Cond: (id = 4787247)

table 4 : explain UPDATE sbtest4 SET k=k+1 WHERE id=7331437
	Update on sbtest4  (cost=0.43..8.46 rows=0 width=0)
	  ->  Index Scan using sbtest4_pkey on sbtest4  (cost=0.43..8.46 rows=1 width=10)
	        Index Cond: (id = 7331437)

table 5 : explain UPDATE sbtest5 SET k=k+1 WHERE id=1732127
	Update on sbtest5  (cost=0.43..8.46 rows=0 width=0)
	  ->  Index Scan using sbtest5_pkey on sbtest5  (cost=0.43..8.46 rows=1 width=10)
	        Index Cond: (id = 1732127)

table 6 : explain UPDATE sbtest6 SET k=k+1 WHERE id=1373397
	Update on sbtest6  (cost=0.43..8.46 rows=0 width=0)
	  ->  Index Scan using sbtest6_pkey on sbtest6  (cost=0.43..8.46 rows=1 width=10)
	        Index Cond: (id = 1373397)

table 7 : explain UPDATE sbtest7 SET k=k+1 WHERE id=1467352
	Update on sbtest7  (cost=0.43..8.46 rows=0 width=0)
	  ->  Index Scan using sbtest7_pkey on sbtest7  (cost=0.43..8.46 rows=1 width=10)
	        Index Cond: (id = 1467352)

table 8 : explain UPDATE sbtest8 SET k=k+1 WHERE id=3064245
	Update on sbtest8  (cost=0.43..8.46 rows=0 width=0)
	  ->  Index Scan using sbtest8_pkey on sbtest8  (cost=0.43..8.46 rows=1 width=10)
	        Index Cond: (id = 3064245)

for non_index_updates
table 1 : explain UPDATE sbtest1 SET c='foobar' WHERE id=1540113
	Update on sbtest1  (cost=0.43..8.45 rows=0 width=0)
	  ->  Index Scan using sbtest1_pkey on sbtest1  (cost=0.43..8.45 rows=1 width=490)
	        Index Cond: (id = 1540113)

table 2 : explain UPDATE sbtest2 SET c='foobar' WHERE id=1154555
	Update on sbtest2  (cost=0.43..8.45 rows=0 width=0)
	  ->  Index Scan using sbtest2_pkey on sbtest2  (cost=0.43..8.45 rows=1 width=490)
	        Index Cond: (id = 1154555)

table 3 : explain UPDATE sbtest3 SET c='foobar' WHERE id=21942
	Update on sbtest3  (cost=0.43..8.45 rows=0 width=0)
	  ->  Index Scan using sbtest3_pkey on sbtest3  (cost=0.43..8.45 rows=1 width=490)
	        Index Cond: (id = 21942)

table 4 : explain UPDATE sbtest4 SET c='foobar' WHERE id=2236426
	Update on sbtest4  (cost=0.43..8.45 rows=0 width=0)
	  ->  Index Scan using sbtest4_pkey on sbtest4  (cost=0.43..8.45 rows=1 width=490)
	        Index Cond: (id = 2236426)

table 5 : explain UPDATE sbtest5 SET c='foobar' WHERE id=3589940
	Update on sbtest5  (cost=0.43..8.45 rows=0 width=0)
	  ->  Index Scan using sbtest5_pkey on sbtest5  (cost=0.43..8.45 rows=1 width=490)
	        Index Cond: (id = 3589940)

table 6 : explain UPDATE sbtest6 SET c='foobar' WHERE id=1812179
	Update on sbtest6  (cost=0.43..8.45 rows=0 width=0)
	  ->  Index Scan using sbtest6_pkey on sbtest6  (cost=0.43..8.45 rows=1 width=490)
	        Index Cond: (id = 1812179)

table 7 : explain UPDATE sbtest7 SET c='foobar' WHERE id=8496500
	Update on sbtest7  (cost=0.43..8.45 rows=0 width=0)
	  ->  Index Scan using sbtest7_pkey on sbtest7  (cost=0.43..8.45 rows=1 width=490)
	        Index Cond: (id = 8496500)

table 8 : explain UPDATE sbtest8 SET c='foobar' WHERE id=5233130
	Update on sbtest8  (cost=0.43..8.45 rows=0 width=0)
	  ->  Index Scan using sbtest8_pkey on sbtest8  (cost=0.43..8.45 rows=1 width=490)
	        Index Cond: (id = 5233130)

for: distinct_ranges
table 1 : explain SELECT DISTINCT c FROM sbtest1 WHERE id BETWEEN 344943 AND 345042 ORDER BY c
	Unique  (cost=415.37..415.89 rows=105 width=121)
	  ->  Sort  (cost=415.37..415.63 rows=105 width=121)
	        Sort Key: c
	        ->  Index Scan using sbtest1_pkey on sbtest1  (cost=0.43..411.84 rows=105 width=121)
	              Index Cond: ((id >= 344943) AND (id <= 345042))

table 2 : explain SELECT DISTINCT c FROM sbtest2 WHERE id BETWEEN 2512752 AND 2512851 ORDER BY c
	Unique  (cost=428.06..428.60 rows=108 width=121)
	  ->  Sort  (cost=428.06..428.33 rows=108 width=121)
	        Sort Key: c
	        ->  Index Scan using sbtest2_pkey on sbtest2  (cost=0.43..424.41 rows=108 width=121)
	              Index Cond: ((id >= 2512752) AND (id <= 2512851))

table 3 : explain SELECT DISTINCT c FROM sbtest3 WHERE id BETWEEN 8372581 AND 8372680 ORDER BY c
	Unique  (cost=344.10..344.53 rows=87 width=121)
	  ->  Sort  (cost=344.10..344.32 rows=87 width=121)
	        Sort Key: c
	        ->  Index Scan using sbtest3_pkey on sbtest3  (cost=0.43..341.29 rows=87 width=121)
	              Index Cond: ((id >= 8372581) AND (id <= 8372680))

table 4 : explain SELECT DISTINCT c FROM sbtest4 WHERE id BETWEEN 6137364 AND 6137463 ORDER BY c
	Unique  (cost=423.78..424.31 rows=107 width=121)
	  ->  Sort  (cost=423.78..424.05 rows=107 width=121)
	        Sort Key: c
	        ->  Index Scan using sbtest4_pkey on sbtest4  (cost=0.43..420.17 rows=107 width=121)
	              Index Cond: ((id >= 6137364) AND (id <= 6137463))

table 5 : explain SELECT DISTINCT c FROM sbtest5 WHERE id BETWEEN 9669147 AND 9669246 ORDER BY c
	Unique  (cost=406.87..407.39 rows=103 width=121)
	  ->  Sort  (cost=406.87..407.13 rows=103 width=121)
	        Sort Key: c
	        ->  Index Scan using sbtest5_pkey on sbtest5  (cost=0.43..403.43 rows=103 width=121)
	              Index Cond: ((id >= 9669147) AND (id <= 9669246))

table 6 : explain SELECT DISTINCT c FROM sbtest6 WHERE id BETWEEN 1503464 AND 1503563 ORDER BY c
	Unique  (cost=403.32..403.83 rows=102 width=121)
	  ->  Sort  (cost=403.32..403.57 rows=102 width=121)
	        Sort Key: c
	        ->  Index Scan using sbtest6_pkey on sbtest6  (cost=0.43..399.92 rows=102 width=121)
	              Index Cond: ((id >= 1503464) AND (id <= 1503563))

table 7 : explain SELECT DISTINCT c FROM sbtest7 WHERE id BETWEEN 6709263 AND 6709362 ORDER BY c
	Unique  (cost=385.98..386.47 rows=98 width=121)
	  ->  Sort  (cost=385.98..386.22 rows=98 width=121)
	        Sort Key: c
	        ->  Index Scan using sbtest7_pkey on sbtest7  (cost=0.43..382.74 rows=98 width=121)
	              Index Cond: ((id >= 6709263) AND (id <= 6709362))

table 8 : explain SELECT DISTINCT c FROM sbtest8 WHERE id BETWEEN 7960300 AND 7960399 ORDER BY c
	Unique  (cost=417.62..418.15 rows=106 width=121)
	  ->  Sort  (cost=417.62..417.89 rows=106 width=121)
	        Sort Key: c
	        ->  Index Scan using sbtest8_pkey on sbtest8  (cost=0.43..414.06 rows=106 width=121)
	              Index Cond: ((id >= 7960300) AND (id <= 7960399))

explain: for inserts :: explain INSERT INTO sbtest%u (id, k, c, pad) VALUES (%u, 13, 'foobar', 'foobar')
explain: for non_index_updates :: explain UPDATE sbtest%u SET c='foobar' WHERE id=%u
for deletes
table 1 : explain DELETE FROM sbtest1 WHERE id=3128634
	Delete on sbtest1  (cost=0.43..8.45 rows=0 width=0)
	  ->  Index Scan using sbtest1_pkey on sbtest1  (cost=0.43..8.45 rows=1 width=6)
	        Index Cond: (id = 3128634)

table 2 : explain DELETE FROM sbtest2 WHERE id=2313619
	Delete on sbtest2  (cost=0.43..8.45 rows=0 width=0)
	  ->  Index Scan using sbtest2_pkey on sbtest2  (cost=0.43..8.45 rows=1 width=6)
	        Index Cond: (id = 2313619)

table 3 : explain DELETE FROM sbtest3 WHERE id=2290117
	Delete on sbtest3  (cost=0.43..8.45 rows=0 width=0)
	  ->  Index Scan using sbtest3_pkey on sbtest3  (cost=0.43..8.45 rows=1 width=6)
	        Index Cond: (id = 2290117)

table 4 : explain DELETE FROM sbtest4 WHERE id=3386457
	Delete on sbtest4  (cost=0.43..8.45 rows=0 width=0)
	  ->  Index Scan using sbtest4_pkey on sbtest4  (cost=0.43..8.45 rows=1 width=6)
	        Index Cond: (id = 3386457)

table 5 : explain DELETE FROM sbtest5 WHERE id=8720814
	Delete on sbtest5  (cost=0.43..8.45 rows=0 width=0)
	  ->  Index Scan using sbtest5_pkey on sbtest5  (cost=0.43..8.45 rows=1 width=6)
	        Index Cond: (id = 8720814)

table 6 : explain DELETE FROM sbtest6 WHERE id=6354119
	Delete on sbtest6  (cost=0.43..8.45 rows=0 width=0)
	  ->  Index Scan using sbtest6_pkey on sbtest6  (cost=0.43..8.45 rows=1 width=6)
	        Index Cond: (id = 6354119)

table 7 : explain DELETE FROM sbtest7 WHERE id=9466682
	Delete on sbtest7  (cost=0.43..8.45 rows=0 width=0)
	  ->  Index Scan using sbtest7_pkey on sbtest7  (cost=0.43..8.45 rows=1 width=6)
	        Index Cond: (id = 9466682)

table 8 : explain DELETE FROM sbtest8 WHERE id=4333946
	Delete on sbtest8  (cost=0.43..8.45 rows=0 width=0)
	  ->  Index Scan using sbtest8_pkey on sbtest8  (cost=0.43..8.45 rows=1 width=6)
	        Index Cond: (id = 4333946)

explain: for deletes :: explain DELETE FROM sbtest%u WHERE id=%u
for: sum_ranges
table 1 : explain SELECT SUM(k) FROM sbtest1 WHERE id BETWEEN 4931220 AND 4931319
	Aggregate  (cost=396.55..396.56 rows=1 width=8)
	  ->  Index Scan using sbtest1_pkey on sbtest1  (cost=0.43..396.29 rows=101 width=4)
	        Index Cond: ((id >= 4931220) AND (id <= 4931319))

table 2 : explain SELECT SUM(k) FROM sbtest2 WHERE id BETWEEN 9920535 AND 9920634
	Aggregate  (cost=381.87..381.88 rows=1 width=8)
	  ->  Index Scan using sbtest2_pkey on sbtest2  (cost=0.43..381.63 rows=97 width=4)
	        Index Cond: ((id >= 9920535) AND (id <= 9920634))

table 3 : explain SELECT SUM(k) FROM sbtest3 WHERE id BETWEEN 7600027 AND 7600126
	Aggregate  (cost=372.49..372.50 rows=1 width=8)
	  ->  Index Scan using sbtest3_pkey on sbtest3  (cost=0.43..372.25 rows=95 width=4)
	        Index Cond: ((id >= 7600027) AND (id <= 7600126))

table 4 : explain SELECT SUM(k) FROM sbtest4 WHERE id BETWEEN 6165555 AND 6165654
	Aggregate  (cost=412.67..412.68 rows=1 width=8)
	  ->  Index Scan using sbtest4_pkey on sbtest4  (cost=0.43..412.40 rows=105 width=4)
	        Index Cond: ((id >= 6165555) AND (id <= 6165654))

table 5 : explain SELECT SUM(k) FROM sbtest5 WHERE id BETWEEN 2727131 AND 2727230
	Aggregate  (cost=407.56..407.57 rows=1 width=8)
	  ->  Index Scan using sbtest5_pkey on sbtest5  (cost=0.43..407.30 rows=104 width=4)
	        Index Cond: ((id >= 2727131) AND (id <= 2727230))

table 6 : explain SELECT SUM(k) FROM sbtest6 WHERE id BETWEEN 4121296 AND 4121395
	Aggregate  (cost=384.63..384.64 rows=1 width=8)
	  ->  Index Scan using sbtest6_pkey on sbtest6  (cost=0.43..384.38 rows=98 width=4)
	        Index Cond: ((id >= 4121296) AND (id <= 4121395))

table 7 : explain SELECT SUM(k) FROM sbtest7 WHERE id BETWEEN 2246018 AND 2246117
	Aggregate  (cost=375.22..375.23 rows=1 width=8)
	  ->  Index Scan using sbtest7_pkey on sbtest7  (cost=0.43..374.98 rows=96 width=4)
	        Index Cond: ((id >= 2246018) AND (id <= 2246117))

table 8 : explain SELECT SUM(k) FROM sbtest8 WHERE id BETWEEN 22367 AND 22466
	Aggregate  (cost=352.45..352.46 rows=1 width=8)
	  ->  Index Scan using sbtest8_pkey on sbtest8  (cost=0.43..352.23 rows=90 width=4)
	        Index Cond: ((id >= 22367) AND (id <= 22466))

for: order_ranges
table 1 : explain SELECT c FROM sbtest1 WHERE id BETWEEN 5619677 AND 5619776 ORDER BY c
	Sort  (cost=442.80..443.08 rows=112 width=121)
	  Sort Key: c
	  ->  Index Scan using sbtest1_pkey on sbtest1  (cost=0.43..438.98 rows=112 width=121)
	        Index Cond: ((id >= 5619677) AND (id <= 5619776))

table 2 : explain SELECT c FROM sbtest2 WHERE id BETWEEN 2128640 AND 2128739 ORDER BY c
	Sort  (cost=420.21..420.47 rows=106 width=121)
	  Sort Key: c
	  ->  Index Scan using sbtest2_pkey on sbtest2  (cost=0.43..416.64 rows=106 width=121)
	        Index Cond: ((id >= 2128640) AND (id <= 2128739))

table 3 : explain SELECT c FROM sbtest3 WHERE id BETWEEN 1024025 AND 1024124 ORDER BY c
	Sort  (cost=375.37..375.61 rows=95 width=121)
	  Sort Key: c
	  ->  Index Scan using sbtest3_pkey on sbtest3  (cost=0.43..372.25 rows=95 width=121)
	        Index Cond: ((id >= 1024025) AND (id <= 1024124))

table 4 : explain SELECT c FROM sbtest4 WHERE id BETWEEN 1158278 AND 1158377 ORDER BY c
	Sort  (cost=388.43..388.67 rows=98 width=121)
	  Sort Key: c
	  ->  Index Scan using sbtest4_pkey on sbtest4  (cost=0.43..385.19 rows=98 width=121)
	        Index Cond: ((id >= 1158278) AND (id <= 1158377))

table 5 : explain SELECT c FROM sbtest5 WHERE id BETWEEN 201265 AND 201364 ORDER BY c
	Sort  (cost=379.45..379.69 rows=96 width=121)
	  Sort Key: c
	  ->  Index Scan using sbtest5_pkey on sbtest5  (cost=0.43..376.29 rows=96 width=121)
	        Index Cond: ((id >= 201265) AND (id <= 201364))

table 6 : explain SELECT c FROM sbtest6 WHERE id BETWEEN 5385190 AND 5385289 ORDER BY c
	Sort  (cost=387.62..387.87 rows=98 width=121)
	  Sort Key: c
	  ->  Index Scan using sbtest6_pkey on sbtest6  (cost=0.43..384.38 rows=98 width=121)
	        Index Cond: ((id >= 5385190) AND (id <= 5385289))

table 7 : explain SELECT c FROM sbtest7 WHERE id BETWEEN 4108589 AND 4108688 ORDER BY c
	Sort  (cost=393.77..394.02 rows=100 width=121)
	  Sort Key: c
	  ->  Index Scan using sbtest7_pkey on sbtest7  (cost=0.43..390.45 rows=100 width=121)
	        Index Cond: ((id >= 4108589) AND (id <= 4108688))

table 8 : explain SELECT c FROM sbtest8 WHERE id BETWEEN 362029 AND 362128 ORDER BY c
	Sort  (cost=390.31..390.55 rows=99 width=121)
	  Sort Key: c
	  ->  Index Scan using sbtest8_pkey on sbtest8  (cost=0.43..387.02 rows=99 width=121)
	        Index Cond: ((id >= 362029) AND (id <= 362128))

for non_index_updates
table 1 : explain UPDATE sbtest1 SET c='foobar' WHERE id=4889205
	Update on sbtest1  (cost=0.43..8.45 rows=0 width=0)
	  ->  Index Scan using sbtest1_pkey on sbtest1  (cost=0.43..8.45 rows=1 width=490)
	        Index Cond: (id = 4889205)

table 2 : explain UPDATE sbtest2 SET c='foobar' WHERE id=1655987
	Update on sbtest2  (cost=0.43..8.45 rows=0 width=0)
	  ->  Index Scan using sbtest2_pkey on sbtest2  (cost=0.43..8.45 rows=1 width=490)
	        Index Cond: (id = 1655987)

table 3 : explain UPDATE sbtest3 SET c='foobar' WHERE id=4395157
	Update on sbtest3  (cost=0.43..8.45 rows=0 width=0)
	  ->  Index Scan using sbtest3_pkey on sbtest3  (cost=0.43..8.45 rows=1 width=490)
	        Index Cond: (id = 4395157)

table 4 : explain UPDATE sbtest4 SET c='foobar' WHERE id=8723478
	Update on sbtest4  (cost=0.43..8.45 rows=0 width=0)
	  ->  Index Scan using sbtest4_pkey on sbtest4  (cost=0.43..8.45 rows=1 width=490)
	        Index Cond: (id = 8723478)

table 5 : explain UPDATE sbtest5 SET c='foobar' WHERE id=7653240
	Update on sbtest5  (cost=0.43..8.45 rows=0 width=0)
	  ->  Index Scan using sbtest5_pkey on sbtest5  (cost=0.43..8.45 rows=1 width=490)
	        Index Cond: (id = 7653240)

table 6 : explain UPDATE sbtest6 SET c='foobar' WHERE id=5569137
	Update on sbtest6  (cost=0.43..8.45 rows=0 width=0)
	  ->  Index Scan using sbtest6_pkey on sbtest6  (cost=0.43..8.45 rows=1 width=490)
	        Index Cond: (id = 5569137)

table 7 : explain UPDATE sbtest7 SET c='foobar' WHERE id=3075194
	Update on sbtest7  (cost=0.43..8.45 rows=0 width=0)
	  ->  Index Scan using sbtest7_pkey on sbtest7  (cost=0.43..8.45 rows=1 width=490)
	        Index Cond: (id = 3075194)

table 8 : explain UPDATE sbtest8 SET c='foobar' WHERE id=2811792
	Update on sbtest8  (cost=0.43..8.45 rows=0 width=0)
	  ->  Index Scan using sbtest8_pkey on sbtest8  (cost=0.43..8.45 rows=1 width=490)
	        Index Cond: (id = 2811792)

for deletes
table 1 : explain DELETE FROM sbtest1 WHERE id=8261233
	Delete on sbtest1  (cost=0.43..8.45 rows=0 width=0)
	  ->  Index Scan using sbtest1_pkey on sbtest1  (cost=0.43..8.45 rows=1 width=6)
	        Index Cond: (id = 8261233)

table 2 : explain DELETE FROM sbtest2 WHERE id=4834824
	Delete on sbtest2  (cost=0.43..8.45 rows=0 width=0)
	  ->  Index Scan using sbtest2_pkey on sbtest2  (cost=0.43..8.45 rows=1 width=6)
	        Index Cond: (id = 4834824)

table 3 : explain DELETE FROM sbtest3 WHERE id=9047622
	Delete on sbtest3  (cost=0.43..8.45 rows=0 width=0)
	  ->  Index Scan using sbtest3_pkey on sbtest3  (cost=0.43..8.45 rows=1 width=6)
	        Index Cond: (id = 9047622)

table 4 : explain DELETE FROM sbtest4 WHERE id=5384601
	Delete on sbtest4  (cost=0.43..8.45 rows=0 width=0)
	  ->  Index Scan using sbtest4_pkey on sbtest4  (cost=0.43..8.45 rows=1 width=6)
	        Index Cond: (id = 5384601)

table 5 : explain DELETE FROM sbtest5 WHERE id=3649820
	Delete on sbtest5  (cost=0.43..8.45 rows=0 width=0)
	  ->  Index Scan using sbtest5_pkey on sbtest5  (cost=0.43..8.45 rows=1 width=6)
	        Index Cond: (id = 3649820)

table 6 : explain DELETE FROM sbtest6 WHERE id=6053926
	Delete on sbtest6  (cost=0.43..8.45 rows=0 width=0)
	  ->  Index Scan using sbtest6_pkey on sbtest6  (cost=0.43..8.45 rows=1 width=6)
	        Index Cond: (id = 6053926)

table 7 : explain DELETE FROM sbtest7 WHERE id=686180
	Delete on sbtest7  (cost=0.43..8.45 rows=0 width=0)
	  ->  Index Scan using sbtest7_pkey on sbtest7  (cost=0.43..8.45 rows=1 width=6)
	        Index Cond: (id = 686180)

table 8 : explain DELETE FROM sbtest8 WHERE id=5261693
	Delete on sbtest8  (cost=0.43..8.45 rows=0 width=0)
	  ->  Index Scan using sbtest8_pkey on sbtest8  (cost=0.43..8.45 rows=1 width=6)
	        Index Cond: (id = 5261693)

explain: for point_selects :: explain SELECT c FROM sbtest%u WHERE id=%u
for: sum_ranges
table 1 : explain SELECT SUM(k) FROM sbtest1 WHERE id BETWEEN 3629302 AND 3629401
	Aggregate  (cost=450.91..450.92 rows=1 width=8)
	  ->  Index Scan using sbtest1_pkey on sbtest1  (cost=0.43..450.62 rows=115 width=4)
	        Index Cond: ((id >= 3629302) AND (id <= 3629401))

table 2 : explain SELECT SUM(k) FROM sbtest2 WHERE id BETWEEN 8424793 AND 8424892
	Aggregate  (cost=397.46..397.47 rows=1 width=8)
	  ->  Index Scan using sbtest2_pkey on sbtest2  (cost=0.43..397.21 rows=101 width=4)
	        Index Cond: ((id >= 8424793) AND (id <= 8424892))

table 3 : explain SELECT SUM(k) FROM sbtest3 WHERE id BETWEEN 257467 AND 257566
	Aggregate  (cost=380.23..380.24 rows=1 width=8)
	  ->  Index Scan using sbtest3_pkey on sbtest3  (cost=0.43..379.99 rows=97 width=4)
	        Index Cond: ((id >= 257467) AND (id <= 257566))

table 4 : explain SELECT SUM(k) FROM sbtest4 WHERE id BETWEEN 1577906 AND 1578005
	Aggregate  (cost=424.32..424.33 rows=1 width=8)
	  ->  Index Scan using sbtest4_pkey on sbtest4  (cost=0.43..424.05 rows=108 width=4)
	        Index Cond: ((id >= 1577906) AND (id <= 1578005))

table 5 : explain SELECT SUM(k) FROM sbtest5 WHERE id BETWEEN 650539 AND 650638
	Aggregate  (cost=364.91..364.92 rows=1 width=8)
	  ->  Index Scan using sbtest5_pkey on sbtest5  (cost=0.43..364.68 rows=93 width=4)
	        Index Cond: ((id >= 650539) AND (id <= 650638))

table 6 : explain SELECT SUM(k) FROM sbtest6 WHERE id BETWEEN 9434372 AND 9434471
	Aggregate  (cost=388.54..388.55 rows=1 width=8)
	  ->  Index Scan using sbtest6_pkey on sbtest6  (cost=0.43..388.29 rows=99 width=4)
	        Index Cond: ((id >= 9434372) AND (id <= 9434471))

table 7 : explain SELECT SUM(k) FROM sbtest7 WHERE id BETWEEN 5565464 AND 5565563
	Aggregate  (cost=371.36..371.37 rows=1 width=8)
	  ->  Index Scan using sbtest7_pkey on sbtest7  (cost=0.43..371.12 rows=95 width=4)
	        Index Cond: ((id >= 5565464) AND (id <= 5565563))

table 8 : explain SELECT SUM(k) FROM sbtest8 WHERE id BETWEEN 9126369 AND 9126468
	Aggregate  (cost=375.64..375.65 rows=1 width=8)
	  ->  Index Scan using sbtest8_pkey on sbtest8  (cost=0.43..375.40 rows=96 width=4)
	        Index Cond: ((id >= 9126369) AND (id <= 9126468))

explain: for deletes :: explain DELETE FROM sbtest%u WHERE id=%u
explain: for index_updates :: explain UPDATE sbtest%u SET k=k+1 WHERE id=%u
explain: for non_index_updates :: explain UPDATE sbtest%u SET c='foobar' WHERE id=%u
explain: for inserts :: explain INSERT INTO sbtest%u (id, k, c, pad) VALUES (%u, 13, 'foobar', 'foobar')
for deletes
table 1 : explain DELETE FROM sbtest1 WHERE id=4507284
	Delete on sbtest1  (cost=0.43..8.45 rows=0 width=0)
	  ->  Index Scan using sbtest1_pkey on sbtest1  (cost=0.43..8.45 rows=1 width=6)
	        Index Cond: (id = 4507284)

table 2 : explain DELETE FROM sbtest2 WHERE id=8135736
	Delete on sbtest2  (cost=0.43..8.45 rows=0 width=0)
	  ->  Index Scan using sbtest2_pkey on sbtest2  (cost=0.43..8.45 rows=1 width=6)
	        Index Cond: (id = 8135736)

table 3 : explain DELETE FROM sbtest3 WHERE id=359655
	Delete on sbtest3  (cost=0.43..8.45 rows=0 width=0)
	  ->  Index Scan using sbtest3_pkey on sbtest3  (cost=0.43..8.45 rows=1 width=6)
	        Index Cond: (id = 359655)

table 4 : explain DELETE FROM sbtest4 WHERE id=9890777
	Delete on sbtest4  (cost=0.43..8.45 rows=0 width=0)
	  ->  Index Scan using sbtest4_pkey on sbtest4  (cost=0.43..8.45 rows=1 width=6)
	        Index Cond: (id = 9890777)

table 5 : explain DELETE FROM sbtest5 WHERE id=4296725
	Delete on sbtest5  (cost=0.43..8.45 rows=0 width=0)
	  ->  Index Scan using sbtest5_pkey on sbtest5  (cost=0.43..8.45 rows=1 width=6)
	        Index Cond: (id = 4296725)

table 6 : explain DELETE FROM sbtest6 WHERE id=8998799
	Delete on sbtest6  (cost=0.43..8.45 rows=0 width=0)
	  ->  Index Scan using sbtest6_pkey on sbtest6  (cost=0.43..8.45 rows=1 width=6)
	        Index Cond: (id = 8998799)

table 7 : explain DELETE FROM sbtest7 WHERE id=620189
	Delete on sbtest7  (cost=0.43..8.45 rows=0 width=0)
	  ->  Index Scan using sbtest7_pkey on sbtest7  (cost=0.43..8.45 rows=1 width=6)
	        Index Cond: (id = 620189)

table 8 : explain DELETE FROM sbtest8 WHERE id=5094813
	Delete on sbtest8  (cost=0.43..8.45 rows=0 width=0)
	  ->  Index Scan using sbtest8_pkey on sbtest8  (cost=0.43..8.45 rows=1 width=6)
	        Index Cond: (id = 5094813)

for inserts
table 1 : explain INSERT INTO sbtest1 (id, k, c, pad) VALUES (7549233, 13, 'foobar', 'foobar')
	Insert on sbtest1  (cost=0.00..0.01 rows=0 width=0)
	  ->  Result  (cost=0.00..0.01 rows=1 width=736)

table 2 : explain INSERT INTO sbtest2 (id, k, c, pad) VALUES (8013125, 13, 'foobar', 'foobar')
	Insert on sbtest2  (cost=0.00..0.01 rows=0 width=0)
	  ->  Result  (cost=0.00..0.01 rows=1 width=736)

table 3 : explain INSERT INTO sbtest3 (id, k, c, pad) VALUES (963926, 13, 'foobar', 'foobar')
	Insert on sbtest3  (cost=0.00..0.01 rows=0 width=0)
	  ->  Result  (cost=0.00..0.01 rows=1 width=736)

table 4 : explain INSERT INTO sbtest4 (id, k, c, pad) VALUES (5858232, 13, 'foobar', 'foobar')
	Insert on sbtest4  (cost=0.00..0.01 rows=0 width=0)
	  ->  Result  (cost=0.00..0.01 rows=1 width=736)

table 5 : explain INSERT INTO sbtest5 (id, k, c, pad) VALUES (7135731, 13, 'foobar', 'foobar')
	Insert on sbtest5  (cost=0.00..0.01 rows=0 width=0)
	  ->  Result  (cost=0.00..0.01 rows=1 width=736)

table 6 : explain INSERT INTO sbtest6 (id, k, c, pad) VALUES (5563786, 13, 'foobar', 'foobar')
	Insert on sbtest6  (cost=0.00..0.01 rows=0 width=0)
	  ->  Result  (cost=0.00..0.01 rows=1 width=736)

table 7 : explain INSERT INTO sbtest7 (id, k, c, pad) VALUES (6157778, 13, 'foobar', 'foobar')
	Insert on sbtest7  (cost=0.00..0.01 rows=0 width=0)
	  ->  Result  (cost=0.00..0.01 rows=1 width=736)

table 8 : explain INSERT INTO sbtest8 (id, k, c, pad) VALUES (4391027, 13, 'foobar', 'foobar')
	Insert on sbtest8  (cost=0.00..0.01 rows=0 width=0)
	  ->  Result  (cost=0.00..0.01 rows=1 width=736)

for inserts
table 1 : explain INSERT INTO sbtest1 (id, k, c, pad) VALUES (271712, 13, 'foobar', 'foobar')
	Insert on sbtest1  (cost=0.00..0.01 rows=0 width=0)
	  ->  Result  (cost=0.00..0.01 rows=1 width=736)

table 2 : explain INSERT INTO sbtest2 (id, k, c, pad) VALUES (4986529, 13, 'foobar', 'foobar')
	Insert on sbtest2  (cost=0.00..0.01 rows=0 width=0)
	  ->  Result  (cost=0.00..0.01 rows=1 width=736)

table 3 : explain INSERT INTO sbtest3 (id, k, c, pad) VALUES (1823695, 13, 'foobar', 'foobar')
	Insert on sbtest3  (cost=0.00..0.01 rows=0 width=0)
	  ->  Result  (cost=0.00..0.01 rows=1 width=736)

table 4 : explain INSERT INTO sbtest4 (id, k, c, pad) VALUES (5602868, 13, 'foobar', 'foobar')
	Insert on sbtest4  (cost=0.00..0.01 rows=0 width=0)
	  ->  Result  (cost=0.00..0.01 rows=1 width=736)

table 5 : explain INSERT INTO sbtest5 (id, k, c, pad) VALUES (7001180, 13, 'foobar', 'foobar')
	Insert on sbtest5  (cost=0.00..0.01 rows=0 width=0)
	  ->  Result  (cost=0.00..0.01 rows=1 width=736)

table 6 : explain INSERT INTO sbtest6 (id, k, c, pad) VALUES (3200642, 13, 'foobar', 'foobar')
	Insert on sbtest6  (cost=0.00..0.01 rows=0 width=0)
	  ->  Result  (cost=0.00..0.01 rows=1 width=736)

table 7 : explain INSERT INTO sbtest7 (id, k, c, pad) VALUES (1893427, 13, 'foobar', 'foobar')
	Insert on sbtest7  (cost=0.00..0.01 rows=0 width=0)
	  ->  Result  (cost=0.00..0.01 rows=1 width=736)

table 8 : explain INSERT INTO sbtest8 (id, k, c, pad) VALUES (1139560, 13, 'foobar', 'foobar')
	Insert on sbtest8  (cost=0.00..0.01 rows=0 width=0)
	  ->  Result  (cost=0.00..0.01 rows=1 width=736)

for: order_ranges
table 1 : explain SELECT c FROM sbtest1 WHERE id BETWEEN 2415586 AND 2415685 ORDER BY c
	Sort  (cost=387.90..388.15 rows=98 width=121)
	  Sort Key: c
	  ->  Index Scan using sbtest1_pkey on sbtest1  (cost=0.43..384.66 rows=98 width=121)
	        Index Cond: ((id >= 2415586) AND (id <= 2415685))

table 2 : explain SELECT c FROM sbtest2 WHERE id BETWEEN 7990435 AND 7990534 ORDER BY c
	Sort  (cost=345.57..345.78 rows=87 width=121)
	  Sort Key: c
	  ->  Index Scan using sbtest2_pkey on sbtest2  (cost=0.43..342.76 rows=87 width=121)
	        Index Cond: ((id >= 7990435) AND (id <= 7990534))

table 3 : explain SELECT c FROM sbtest3 WHERE id BETWEEN 1119444 AND 1119543 ORDER BY c
	Sort  (cost=391.01..391.26 rows=99 width=121)
	  Sort Key: c
	  ->  Index Scan using sbtest3_pkey on sbtest3  (cost=0.43..387.73 rows=99 width=121)
	        Index Cond: ((id >= 1119444) AND (id <= 1119543))

table 4 : explain SELECT c FROM sbtest4 WHERE id BETWEEN 2793004 AND 2793103 ORDER BY c
	Sort  (cost=368.81..369.05 rows=93 width=121)
	  Sort Key: c
	  ->  Index Scan using sbtest4_pkey on sbtest4  (cost=0.43..365.77 rows=93 width=121)
	        Index Cond: ((id >= 2793004) AND (id <= 2793103))

table 5 : explain SELECT c FROM sbtest5 WHERE id BETWEEN 775234 AND 775333 ORDER BY c
	Sort  (cost=395.14..395.39 rows=100 width=121)
	  Sort Key: c
	  ->  Index Scan using sbtest5_pkey on sbtest5  (cost=0.43..391.82 rows=100 width=121)
	        Index Cond: ((id >= 775234) AND (id <= 775333))

table 6 : explain SELECT c FROM sbtest6 WHERE id BETWEEN 665743 AND 665842 ORDER BY c
	Sort  (cost=418.98..419.25 rows=106 width=121)
	  Sort Key: c
	  ->  Index Scan using sbtest6_pkey on sbtest6  (cost=0.43..415.42 rows=106 width=121)
	        Index Cond: ((id >= 665743) AND (id <= 665842))

table 7 : explain SELECT c FROM sbtest7 WHERE id BETWEEN 5029945 AND 5030044 ORDER BY c
	Sort  (cost=421.06..421.33 rows=107 width=121)
	  Sort Key: c
	  ->  Index Scan using sbtest7_pkey on sbtest7  (cost=0.43..417.45 rows=107 width=121)
	        Index Cond: ((id >= 5029945) AND (id <= 5030044))

table 8 : explain SELECT c FROM sbtest8 WHERE id BETWEEN 7274496 AND 7274595 ORDER BY c
	Sort  (cost=370.76..370.99 rows=94 width=121)
	  Sort Key: c
	  ->  Index Scan using sbtest8_pkey on sbtest8  (cost=0.43..367.68 rows=94 width=121)
	        Index Cond: ((id >= 7274496) AND (id <= 7274595))

for: distinct_ranges
table 1 : explain SELECT DISTINCT c FROM sbtest1 WHERE id BETWEEN 2592975 AND 2593074 ORDER BY c
	Unique  (cost=423.20..423.74 rows=107 width=121)
	  ->  Sort  (cost=423.20..423.47 rows=107 width=121)
	        Sort Key: c
	        ->  Index Scan using sbtest1_pkey on sbtest1  (cost=0.43..419.60 rows=107 width=121)
	              Index Cond: ((id >= 2592975) AND (id <= 2593074))

table 2 : explain SELECT DISTINCT c FROM sbtest2 WHERE id BETWEEN 9999920 AND 10000019 ORDER BY c
	Unique  (cost=314.16..314.56 rows=79 width=121)
	  ->  Sort  (cost=314.16..314.36 rows=79 width=121)
	        Sort Key: c
	        ->  Index Scan using sbtest2_pkey on sbtest2  (cost=0.43..311.67 rows=79 width=121)
	              Index Cond: ((id >= 9999920) AND (id <= 10000019))

table 3 : explain SELECT DISTINCT c FROM sbtest3 WHERE id BETWEEN 3083527 AND 3083626 ORDER BY c
	Unique  (cost=383.19..383.67 rows=97 width=121)
	  ->  Sort  (cost=383.19..383.43 rows=97 width=121)
	        Sort Key: c
	        ->  Index Scan using sbtest3_pkey on sbtest3  (cost=0.43..379.99 rows=97 width=121)
	              Index Cond: ((id >= 3083527) AND (id <= 3083626))

table 4 : explain SELECT DISTINCT c FROM sbtest4 WHERE id BETWEEN 7086725 AND 7086824 ORDER BY c
	Unique  (cost=415.93..416.45 rows=105 width=121)
	  ->  Sort  (cost=415.93..416.19 rows=105 width=121)
	        Sort Key: c
	        ->  Index Scan using sbtest4_pkey on sbtest4  (cost=0.43..412.40 rows=105 width=121)
	              Index Cond: ((id >= 7086725) AND (id <= 7086824))

table 5 : explain SELECT DISTINCT c FROM sbtest5 WHERE id BETWEEN 5298037 AND 5298136 ORDER BY c
	Unique  (cost=383.37..383.85 rows=97 width=121)
	  ->  Sort  (cost=383.37..383.61 rows=97 width=121)
	        Sort Key: c
	        ->  Index Scan using sbtest5_pkey on sbtest5  (cost=0.43..380.16 rows=97 width=121)
	              Index Cond: ((id >= 5298037) AND (id <= 5298136))

table 6 : explain SELECT DISTINCT c FROM sbtest6 WHERE id BETWEEN 5629032 AND 5629131 ORDER BY c
	Unique  (cost=418.98..419.51 rows=106 width=121)
	  ->  Sort  (cost=418.98..419.25 rows=106 width=121)
	        Sort Key: c
	        ->  Index Scan using sbtest6_pkey on sbtest6  (cost=0.43..415.42 rows=106 width=121)
	              Index Cond: ((id >= 5629032) AND (id <= 5629131))

table 7 : explain SELECT DISTINCT c FROM sbtest7 WHERE id BETWEEN 7262795 AND 7262894 ORDER BY c
	Unique  (cost=366.45..366.91 rows=93 width=121)
	  ->  Sort  (cost=366.45..366.68 rows=93 width=121)
	        Sort Key: c
	        ->  Index Scan using sbtest7_pkey on sbtest7  (cost=0.43..363.41 rows=93 width=121)
	              Index Cond: ((id >= 7262795) AND (id <= 7262894))

table 8 : explain SELECT DISTINCT c FROM sbtest8 WHERE id BETWEEN 2970035 AND 2970134 ORDER BY c
	Unique  (cost=421.53..422.06 rows=107 width=121)
	  ->  Sort  (cost=421.53..421.79 rows=107 width=121)
	        Sort Key: c
	        ->  Index Scan using sbtest8_pkey on sbtest8  (cost=0.43..417.92 rows=107 width=121)
	              Index Cond: ((id >= 2970035) AND (id <= 2970134))

explain: for inserts :: explain INSERT INTO sbtest%u (id, k, c, pad) VALUES (%u, 13, 'foobar', 'foobar')
for: order_ranges
table 1 : explain SELECT c FROM sbtest1 WHERE id BETWEEN 4779897 AND 4779996 ORDER BY c
	Sort  (cost=419.28..419.55 rows=106 width=121)
	  Sort Key: c
	  ->  Index Scan using sbtest1_pkey on sbtest1  (cost=0.43..415.72 rows=106 width=121)
	        Index Cond: ((id >= 4779897) AND (id <= 4779996))

table 2 : explain SELECT c FROM sbtest2 WHERE id BETWEEN 8138609 AND 8138708 ORDER BY c
	Sort  (cost=384.83..385.07 rows=97 width=121)
	  Sort Key: c
	  ->  Index Scan using sbtest2_pkey on sbtest2  (cost=0.43..381.63 rows=97 width=121)
	        Index Cond: ((id >= 8138609) AND (id <= 8138708))

table 3 : explain SELECT c FROM sbtest3 WHERE id BETWEEN 6903717 AND 6903816 ORDER BY c
	Sort  (cost=402.78..403.03 rows=102 width=121)
	  Sort Key: c
	  ->  Index Scan using sbtest3_pkey on sbtest3  (cost=0.43..399.37 rows=102 width=121)
	        Index Cond: ((id >= 6903717) AND (id <= 6903816))

table 4 : explain SELECT c FROM sbtest4 WHERE id BETWEEN 8968693 AND 8968792 ORDER BY c
	Sort  (cost=400.23..400.49 rows=101 width=121)
	  Sort Key: c
	  ->  Index Scan using sbtest4_pkey on sbtest4  (cost=0.43..396.87 rows=101 width=121)
	        Index Cond: ((id >= 8968693) AND (id <= 8968792))

table 5 : explain SELECT c FROM sbtest5 WHERE id BETWEEN 4239215 AND 4239314 ORDER BY c
	Sort  (cost=359.90..360.13 rows=91 width=121)
	  Sort Key: c
	  ->  Index Scan using sbtest5_pkey on sbtest5  (cost=0.43..356.94 rows=91 width=121)
	        Index Cond: ((id >= 4239215) AND (id <= 4239314))

table 6 : explain SELECT c FROM sbtest6 WHERE id BETWEEN 7759333 AND 7759432 ORDER BY c
	Sort  (cost=418.98..419.25 rows=106 width=121)
	  Sort Key: c
	  ->  Index Scan using sbtest6_pkey on sbtest6  (cost=0.43..415.42 rows=106 width=121)
	        Index Cond: ((id >= 7759333) AND (id <= 7759432))

table 7 : explain SELECT c FROM sbtest7 WHERE id BETWEEN 8260147 AND 8260246 ORDER BY c
	Sort  (cost=389.87..390.12 rows=99 width=121)
	  Sort Key: c
	  ->  Index Scan using sbtest7_pkey on sbtest7  (cost=0.43..386.59 rows=99 width=121)
	        Index Cond: ((id >= 8260147) AND (id <= 8260246))

table 8 : explain SELECT c FROM sbtest8 WHERE id BETWEEN 3884215 AND 3884314 ORDER BY c
	Sort  (cost=437.14..437.41 rows=111 width=121)
	  Sort Key: c
	  ->  Index Scan using sbtest8_pkey on sbtest8  (cost=0.43..433.37 rows=111 width=121)
	        Index Cond: ((id >= 3884215) AND (id <= 3884314))

for inserts
table 1 : explain INSERT INTO sbtest1 (id, k, c, pad) VALUES (5166965, 13, 'foobar', 'foobar')
	Insert on sbtest1  (cost=0.00..0.01 rows=0 width=0)
	  ->  Result  (cost=0.00..0.01 rows=1 width=736)

table 2 : explain INSERT INTO sbtest2 (id, k, c, pad) VALUES (6808085, 13, 'foobar', 'foobar')
	Insert on sbtest2  (cost=0.00..0.01 rows=0 width=0)
	  ->  Result  (cost=0.00..0.01 rows=1 width=736)

table 3 : explain INSERT INTO sbtest3 (id, k, c, pad) VALUES (2456712, 13, 'foobar', 'foobar')
	Insert on sbtest3  (cost=0.00..0.01 rows=0 width=0)
	  ->  Result  (cost=0.00..0.01 rows=1 width=736)

table 4 : explain INSERT INTO sbtest4 (id, k, c, pad) VALUES (9125516, 13, 'foobar', 'foobar')
	Insert on sbtest4  (cost=0.00..0.01 rows=0 width=0)
	  ->  Result  (cost=0.00..0.01 rows=1 width=736)

table 5 : explain INSERT INTO sbtest5 (id, k, c, pad) VALUES (3287835, 13, 'foobar', 'foobar')
	Insert on sbtest5  (cost=0.00..0.01 rows=0 width=0)
	  ->  Result  (cost=0.00..0.01 rows=1 width=736)

table 6 : explain INSERT INTO sbtest6 (id, k, c, pad) VALUES (2223668, 13, 'foobar', 'foobar')
	Insert on sbtest6  (cost=0.00..0.01 rows=0 width=0)
	  ->  Result  (cost=0.00..0.01 rows=1 width=736)

table 7 : explain INSERT INTO sbtest7 (id, k, c, pad) VALUES (9723780, 13, 'foobar', 'foobar')
	Insert on sbtest7  (cost=0.00..0.01 rows=0 width=0)
	  ->  Result  (cost=0.00..0.01 rows=1 width=736)

table 8 : explain INSERT INTO sbtest8 (id, k, c, pad) VALUES (7268430, 13, 'foobar', 'foobar')
	Insert on sbtest8  (cost=0.00..0.01 rows=0 width=0)
	  ->  Result  (cost=0.00..0.01 rows=1 width=736)

explain: for index_updates :: explain UPDATE sbtest%u SET k=k+1 WHERE id=%u
for point_selects
table 1 : explain SELECT c FROM sbtest1 WHERE id=4848585
	Index Scan using sbtest1_pkey on sbtest1  (cost=0.43..8.45 rows=1 width=121)
	  Index Cond: (id = 4848585)

table 2 : explain SELECT c FROM sbtest2 WHERE id=7069001
	Index Scan using sbtest2_pkey on sbtest2  (cost=0.43..8.45 rows=1 width=121)
	  Index Cond: (id = 7069001)

table 3 : explain SELECT c FROM sbtest3 WHERE id=3989575
	Index Scan using sbtest3_pkey on sbtest3  (cost=0.43..8.45 rows=1 width=121)
	  Index Cond: (id = 3989575)

table 4 : explain SELECT c FROM sbtest4 WHERE id=960115
	Index Scan using sbtest4_pkey on sbtest4  (cost=0.43..8.45 rows=1 width=121)
	  Index Cond: (id = 960115)

table 5 : explain SELECT c FROM sbtest5 WHERE id=3387469
	Index Scan using sbtest5_pkey on sbtest5  (cost=0.43..8.45 rows=1 width=121)
	  Index Cond: (id = 3387469)

table 6 : explain SELECT c FROM sbtest6 WHERE id=5059713
	Index Scan using sbtest6_pkey on sbtest6  (cost=0.43..8.45 rows=1 width=121)
	  Index Cond: (id = 5059713)

table 7 : explain SELECT c FROM sbtest7 WHERE id=562606
	Index Scan using sbtest7_pkey on sbtest7  (cost=0.43..8.45 rows=1 width=121)
	  Index Cond: (id = 562606)

table 8 : explain SELECT c FROM sbtest8 WHERE id=5398550
	Index Scan using sbtest8_pkey on sbtest8  (cost=0.43..8.45 rows=1 width=121)
	  Index Cond: (id = 5398550)

for non_index_updates
table 1 : explain UPDATE sbtest1 SET c='foobar' WHERE id=3322986
	Update on sbtest1  (cost=0.43..8.45 rows=0 width=0)
	  ->  Index Scan using sbtest1_pkey on sbtest1  (cost=0.43..8.45 rows=1 width=490)
	        Index Cond: (id = 3322986)

table 2 : explain UPDATE sbtest2 SET c='foobar' WHERE id=3964189
	Update on sbtest2  (cost=0.43..8.45 rows=0 width=0)
	  ->  Index Scan using sbtest2_pkey on sbtest2  (cost=0.43..8.45 rows=1 width=490)
	        Index Cond: (id = 3964189)

table 3 : explain UPDATE sbtest3 SET c='foobar' WHERE id=4279397
	Update on sbtest3  (cost=0.43..8.45 rows=0 width=0)
	  ->  Index Scan using sbtest3_pkey on sbtest3  (cost=0.43..8.45 rows=1 width=490)
	        Index Cond: (id = 4279397)

table 4 : explain UPDATE sbtest4 SET c='foobar' WHERE id=9440931
	Update on sbtest4  (cost=0.43..8.45 rows=0 width=0)
	  ->  Index Scan using sbtest4_pkey on sbtest4  (cost=0.43..8.45 rows=1 width=490)
	        Index Cond: (id = 9440931)

table 5 : explain UPDATE sbtest5 SET c='foobar' WHERE id=8539442
	Update on sbtest5  (cost=0.43..8.45 rows=0 width=0)
	  ->  Index Scan using sbtest5_pkey on sbtest5  (cost=0.43..8.45 rows=1 width=490)
	        Index Cond: (id = 8539442)

table 6 : explain UPDATE sbtest6 SET c='foobar' WHERE id=5855052
	Update on sbtest6  (cost=0.43..8.45 rows=0 width=0)
	  ->  Index Scan using sbtest6_pkey on sbtest6  (cost=0.43..8.45 rows=1 width=490)
	        Index Cond: (id = 5855052)

table 7 : explain UPDATE sbtest7 SET c='foobar' WHERE id=3489812
	Update on sbtest7  (cost=0.43..8.45 rows=0 width=0)
	  ->  Index Scan using sbtest7_pkey on sbtest7  (cost=0.43..8.45 rows=1 width=490)
	        Index Cond: (id = 3489812)

table 8 : explain UPDATE sbtest8 SET c='foobar' WHERE id=6588436
	Update on sbtest8  (cost=0.43..8.45 rows=0 width=0)
	  ->  Index Scan using sbtest8_pkey on sbtest8  (cost=0.43..8.45 rows=1 width=490)
	        Index Cond: (id = 6588436)

for index_updates
table 1 : explain UPDATE sbtest1 SET k=k+1 WHERE id=5286352
	Update on sbtest1  (cost=0.43..8.46 rows=0 width=0)
	  ->  Index Scan using sbtest1_pkey on sbtest1  (cost=0.43..8.46 rows=1 width=10)
	        Index Cond: (id = 5286352)

table 2 : explain UPDATE sbtest2 SET k=k+1 WHERE id=8657496
	Update on sbtest2  (cost=0.43..8.46 rows=0 width=0)
	  ->  Index Scan using sbtest2_pkey on sbtest2  (cost=0.43..8.46 rows=1 width=10)
	        Index Cond: (id = 8657496)

table 3 : explain UPDATE sbtest3 SET k=k+1 WHERE id=3739931
	Update on sbtest3  (cost=0.43..8.46 rows=0 width=0)
	  ->  Index Scan using sbtest3_pkey on sbtest3  (cost=0.43..8.46 rows=1 width=10)
	        Index Cond: (id = 3739931)

table 4 : explain UPDATE sbtest4 SET k=k+1 WHERE id=2415036
	Update on sbtest4  (cost=0.43..8.46 rows=0 width=0)
	  ->  Index Scan using sbtest4_pkey on sbtest4  (cost=0.43..8.46 rows=1 width=10)
	        Index Cond: (id = 2415036)

table 5 : explain UPDATE sbtest5 SET k=k+1 WHERE id=4815363
	Update on sbtest5  (cost=0.43..8.46 rows=0 width=0)
	  ->  Index Scan using sbtest5_pkey on sbtest5  (cost=0.43..8.46 rows=1 width=10)
	        Index Cond: (id = 4815363)

table 6 : explain UPDATE sbtest6 SET k=k+1 WHERE id=4876940
	Update on sbtest6  (cost=0.43..8.46 rows=0 width=0)
	  ->  Index Scan using sbtest6_pkey on sbtest6  (cost=0.43..8.46 rows=1 width=10)
	        Index Cond: (id = 4876940)

table 7 : explain UPDATE sbtest7 SET k=k+1 WHERE id=680590
	Update on sbtest7  (cost=0.43..8.46 rows=0 width=0)
	  ->  Index Scan using sbtest7_pkey on sbtest7  (cost=0.43..8.46 rows=1 width=10)
	        Index Cond: (id = 680590)

table 8 : explain UPDATE sbtest8 SET k=k+1 WHERE id=476106
	Update on sbtest8  (cost=0.43..8.46 rows=0 width=0)
	  ->  Index Scan using sbtest8_pkey on sbtest8  (cost=0.43..8.46 rows=1 width=10)
	        Index Cond: (id = 476106)

for: distinct_ranges
table 1 : explain SELECT DISTINCT c FROM sbtest1 WHERE id BETWEEN 3075237 AND 3075336 ORDER BY c
	Unique  (cost=411.45..411.97 rows=104 width=121)
	  ->  Sort  (cost=411.45..411.71 rows=104 width=121)
	        Sort Key: c
	        ->  Index Scan using sbtest1_pkey on sbtest1  (cost=0.43..407.96 rows=104 width=121)
	              Index Cond: ((id >= 3075237) AND (id <= 3075336))

table 2 : explain SELECT DISTINCT c FROM sbtest2 WHERE id BETWEEN 620934 AND 621033 ORDER BY c
	Unique  (cost=373.05..373.52 rows=94 width=121)
	  ->  Sort  (cost=373.05..373.28 rows=94 width=121)
	        Sort Key: c
	        ->  Index Scan using sbtest2_pkey on sbtest2  (cost=0.43..369.97 rows=94 width=121)
	              Index Cond: ((id >= 620934) AND (id <= 621033))

table 3 : explain SELECT DISTINCT c FROM sbtest3 WHERE id BETWEEN 2420603 AND 2420702 ORDER BY c
	Unique  (cost=387.10..387.59 rows=98 width=121)
	  ->  Sort  (cost=387.10..387.34 rows=98 width=121)
	        Sort Key: c
	        ->  Index Scan using sbtest3_pkey on sbtest3  (cost=0.43..383.86 rows=98 width=121)
	              Index Cond: ((id >= 2420603) AND (id <= 2420702))

table 4 : explain SELECT DISTINCT c FROM sbtest4 WHERE id BETWEEN 138465 AND 138564 ORDER BY c
	Unique  (cost=400.23..400.74 rows=101 width=121)
	  ->  Sort  (cost=400.23..400.49 rows=101 width=121)
	        Sort Key: c
	        ->  Index Scan using sbtest4_pkey on sbtest4  (cost=0.43..396.87 rows=101 width=121)
	              Index Cond: ((id >= 138465) AND (id <= 138564))

table 5 : explain SELECT DISTINCT c FROM sbtest5 WHERE id BETWEEN 1028556 AND 1028655 ORDER BY c
	Unique  (cost=387.28..387.77 rows=98 width=121)
	  ->  Sort  (cost=387.28..387.52 rows=98 width=121)
	        Sort Key: c
	        ->  Index Scan using sbtest5_pkey on sbtest5  (cost=0.43..384.04 rows=98 width=121)
	              Index Cond: ((id >= 1028556) AND (id <= 1028655))

table 6 : explain SELECT DISTINCT c FROM sbtest6 WHERE id BETWEEN 5429635 AND 5429734 ORDER BY c
	Unique  (cost=371.96..372.43 rows=94 width=121)
	  ->  Sort  (cost=371.96..372.20 rows=94 width=121)
	        Sort Key: c
	        ->  Index Scan using sbtest6_pkey on sbtest6  (cost=0.43..368.88 rows=94 width=121)
	              Index Cond: ((id >= 5429635) AND (id <= 5429734))

table 7 : explain SELECT DISTINCT c FROM sbtest7 WHERE id BETWEEN 2677835 AND 2677934 ORDER BY c
	Unique  (cost=409.36..409.88 rows=104 width=121)
	  ->  Sort  (cost=409.36..409.62 rows=104 width=121)
	        Sort Key: c
	        ->  Index Scan using sbtest7_pkey on sbtest7  (cost=0.43..405.88 rows=104 width=121)
	              Index Cond: ((id >= 2677835) AND (id <= 2677934))

table 8 : explain SELECT DISTINCT c FROM sbtest8 WHERE id BETWEEN 973120 AND 973219 ORDER BY c
	Unique  (cost=405.91..406.43 rows=103 width=121)
	  ->  Sort  (cost=405.91..406.17 rows=103 width=121)
	        Sort Key: c
	        ->  Index Scan using sbtest8_pkey on sbtest8  (cost=0.43..402.47 rows=103 width=121)
	              Index Cond: ((id >= 973120) AND (id <= 973219))

for index_updates
table 1 : explain UPDATE sbtest1 SET k=k+1 WHERE id=1788903
	Update on sbtest1  (cost=0.43..8.46 rows=0 width=0)
	  ->  Index Scan using sbtest1_pkey on sbtest1  (cost=0.43..8.46 rows=1 width=10)
	        Index Cond: (id = 1788903)

table 2 : explain UPDATE sbtest2 SET k=k+1 WHERE id=2773232
	Update on sbtest2  (cost=0.43..8.46 rows=0 width=0)
	  ->  Index Scan using sbtest2_pkey on sbtest2  (cost=0.43..8.46 rows=1 width=10)
	        Index Cond: (id = 2773232)

table 3 : explain UPDATE sbtest3 SET k=k+1 WHERE id=7983284
	Update on sbtest3  (cost=0.43..8.46 rows=0 width=0)
	  ->  Index Scan using sbtest3_pkey on sbtest3  (cost=0.43..8.46 rows=1 width=10)
	        Index Cond: (id = 7983284)

table 4 : explain UPDATE sbtest4 SET k=k+1 WHERE id=8130549
	Update on sbtest4  (cost=0.43..8.46 rows=0 width=0)
	  ->  Index Scan using sbtest4_pkey on sbtest4  (cost=0.43..8.46 rows=1 width=10)
	        Index Cond: (id = 8130549)

table 5 : explain UPDATE sbtest5 SET k=k+1 WHERE id=4512641
	Update on sbtest5  (cost=0.43..8.46 rows=0 width=0)
	  ->  Index Scan using sbtest5_pkey on sbtest5  (cost=0.43..8.46 rows=1 width=10)
	        Index Cond: (id = 4512641)

table 6 : explain UPDATE sbtest6 SET k=k+1 WHERE id=4883288
	Update on sbtest6  (cost=0.43..8.46 rows=0 width=0)
	  ->  Index Scan using sbtest6_pkey on sbtest6  (cost=0.43..8.46 rows=1 width=10)
	        Index Cond: (id = 4883288)

table 7 : explain UPDATE sbtest7 SET k=k+1 WHERE id=5787357
	Update on sbtest7  (cost=0.43..8.46 rows=0 width=0)
	  ->  Index Scan using sbtest7_pkey on sbtest7  (cost=0.43..8.46 rows=1 width=10)
	        Index Cond: (id = 5787357)

table 8 : explain UPDATE sbtest8 SET k=k+1 WHERE id=4232834
	Update on sbtest8  (cost=0.43..8.46 rows=0 width=0)
	  ->  Index Scan using sbtest8_pkey on sbtest8  (cost=0.43..8.46 rows=1 width=10)
	        Index Cond: (id = 4232834)

explain: for inserts :: explain INSERT INTO sbtest%u (id, k, c, pad) VALUES (%u, 13, 'foobar', 'foobar')
explain: for point_selects :: explain SELECT c FROM sbtest%u WHERE id=%u
explain: for deletes :: explain DELETE FROM sbtest%u WHERE id=%u
explain: for index_updates :: explain UPDATE sbtest%u SET k=k+1 WHERE id=%u
explain: for non_index_updates :: explain UPDATE sbtest%u SET c='foobar' WHERE id=%u
explain: for non_index_updates :: explain UPDATE sbtest%u SET c='foobar' WHERE id=%u
for: simple_ranges
table 1 : explain SELECT c FROM sbtest1 WHERE id BETWEEN 605963 AND 606062
	Index Scan using sbtest1_pkey on sbtest1  (cost=0.43..365.27 rows=93 width=121)
	  Index Cond: ((id >= 605963) AND (id <= 606062))

table 2 : explain SELECT c FROM sbtest2 WHERE id BETWEEN 9059174 AND 9059273
	Index Scan using sbtest2_pkey on sbtest2  (cost=0.43..385.51 rows=98 width=121)
	  Index Cond: ((id >= 9059174) AND (id <= 9059273))

table 3 : explain SELECT c FROM sbtest3 WHERE id BETWEEN 8506827 AND 8506926
	Index Scan using sbtest3_pkey on sbtest3  (cost=0.43..426.46 rows=109 width=121)
	  Index Cond: ((id >= 8506827) AND (id <= 8506926))

table 4 : explain SELECT c FROM sbtest4 WHERE id BETWEEN 3651047 AND 3651146
	Index Scan using sbtest4_pkey on sbtest4  (cost=0.43..404.64 rows=103 width=121)
	  Index Cond: ((id >= 3651047) AND (id <= 3651146))

table 5 : explain SELECT c FROM sbtest5 WHERE id BETWEEN 9981596 AND 9981695
	Index Scan using sbtest5_pkey on sbtest5  (cost=0.43..395.69 rows=101 width=121)
	  Index Cond: ((id >= 9981596) AND (id <= 9981695))

table 6 : explain SELECT c FROM sbtest6 WHERE id BETWEEN 9687083 AND 9687182
	Index Scan using sbtest6_pkey on sbtest6  (cost=0.43..399.92 rows=102 width=121)
	  Index Cond: ((id >= 9687083) AND (id <= 9687182))

table 7 : explain SELECT c FROM sbtest7 WHERE id BETWEEN 7111115 AND 7111214
	Index Scan using sbtest7_pkey on sbtest7  (cost=0.43..390.45 rows=100 width=121)
	  Index Cond: ((id >= 7111115) AND (id <= 7111214))

table 8 : explain SELECT c FROM sbtest8 WHERE id BETWEEN 8057186 AND 8057285
	Index Scan using sbtest8_pkey on sbtest8  (cost=0.43..383.16 rows=98 width=121)
	  Index Cond: ((id >= 8057186) AND (id <= 8057285))

for deletes
table 1 : explain DELETE FROM sbtest1 WHERE id=8982841
	Delete on sbtest1  (cost=0.43..8.45 rows=0 width=0)
	  ->  Index Scan using sbtest1_pkey on sbtest1  (cost=0.43..8.45 rows=1 width=6)
	        Index Cond: (id = 8982841)

table 2 : explain DELETE FROM sbtest2 WHERE id=4448158
	Delete on sbtest2  (cost=0.43..8.45 rows=0 width=0)
	  ->  Index Scan using sbtest2_pkey on sbtest2  (cost=0.43..8.45 rows=1 width=6)
	        Index Cond: (id = 4448158)

table 3 : explain DELETE FROM sbtest3 WHERE id=962629
	Delete on sbtest3  (cost=0.43..8.45 rows=0 width=0)
	  ->  Index Scan using sbtest3_pkey on sbtest3  (cost=0.43..8.45 rows=1 width=6)
	        Index Cond: (id = 962629)

table 4 : explain DELETE FROM sbtest4 WHERE id=1408275
	Delete on sbtest4  (cost=0.43..8.45 rows=0 width=0)
	  ->  Index Scan using sbtest4_pkey on sbtest4  (cost=0.43..8.45 rows=1 width=6)
	        Index Cond: (id = 1408275)

table 5 : explain DELETE FROM sbtest5 WHERE id=732396
	Delete on sbtest5  (cost=0.43..8.45 rows=0 width=0)
	  ->  Index Scan using sbtest5_pkey on sbtest5  (cost=0.43..8.45 rows=1 width=6)
	        Index Cond: (id = 732396)

table 6 : explain DELETE FROM sbtest6 WHERE id=4403984
	Delete on sbtest6  (cost=0.43..8.45 rows=0 width=0)
	  ->  Index Scan using sbtest6_pkey on sbtest6  (cost=0.43..8.45 rows=1 width=6)
	        Index Cond: (id = 4403984)

table 7 : explain DELETE FROM sbtest7 WHERE id=4509350
	Delete on sbtest7  (cost=0.43..8.45 rows=0 width=0)
	  ->  Index Scan using sbtest7_pkey on sbtest7  (cost=0.43..8.45 rows=1 width=6)
	        Index Cond: (id = 4509350)

table 8 : explain DELETE FROM sbtest8 WHERE id=6022311
	Delete on sbtest8  (cost=0.43..8.45 rows=0 width=0)
	  ->  Index Scan using sbtest8_pkey on sbtest8  (cost=0.43..8.45 rows=1 width=6)
	        Index Cond: (id = 6022311)

for index_updates
table 1 : explain UPDATE sbtest1 SET k=k+1 WHERE id=3645192
	Update on sbtest1  (cost=0.43..8.46 rows=0 width=0)
	  ->  Index Scan using sbtest1_pkey on sbtest1  (cost=0.43..8.46 rows=1 width=10)
	        Index Cond: (id = 3645192)

table 2 : explain UPDATE sbtest2 SET k=k+1 WHERE id=6095949
	Update on sbtest2  (cost=0.43..8.46 rows=0 width=0)
	  ->  Index Scan using sbtest2_pkey on sbtest2  (cost=0.43..8.46 rows=1 width=10)
	        Index Cond: (id = 6095949)

table 3 : explain UPDATE sbtest3 SET k=k+1 WHERE id=2735882
	Update on sbtest3  (cost=0.43..8.46 rows=0 width=0)
	  ->  Index Scan using sbtest3_pkey on sbtest3  (cost=0.43..8.46 rows=1 width=10)
	        Index Cond: (id = 2735882)

table 4 : explain UPDATE sbtest4 SET k=k+1 WHERE id=8132372
	Update on sbtest4  (cost=0.43..8.46 rows=0 width=0)
	  ->  Index Scan using sbtest4_pkey on sbtest4  (cost=0.43..8.46 rows=1 width=10)
	        Index Cond: (id = 8132372)

table 5 : explain UPDATE sbtest5 SET k=k+1 WHERE id=2860005
	Update on sbtest5  (cost=0.43..8.46 rows=0 width=0)
	  ->  Index Scan using sbtest5_pkey on sbtest5  (cost=0.43..8.46 rows=1 width=10)
	        Index Cond: (id = 2860005)

table 6 : explain UPDATE sbtest6 SET k=k+1 WHERE id=1694125
	Update on sbtest6  (cost=0.43..8.46 rows=0 width=0)
	  ->  Index Scan using sbtest6_pkey on sbtest6  (cost=0.43..8.46 rows=1 width=10)
	        Index Cond: (id = 1694125)

table 7 : explain UPDATE sbtest7 SET k=k+1 WHERE id=1033531
	Update on sbtest7  (cost=0.43..8.46 rows=0 width=0)
	  ->  Index Scan using sbtest7_pkey on sbtest7  (cost=0.43..8.46 rows=1 width=10)
	        Index Cond: (id = 1033531)

table 8 : explain UPDATE sbtest8 SET k=k+1 WHERE id=574029
	Update on sbtest8  (cost=0.43..8.46 rows=0 width=0)
	  ->  Index Scan using sbtest8_pkey on sbtest8  (cost=0.43..8.46 rows=1 width=10)
	        Index Cond: (id = 574029)

for non_index_updates
table 1 : explain UPDATE sbtest1 SET c='foobar' WHERE id=5367531
	Update on sbtest1  (cost=0.43..8.45 rows=0 width=0)
	  ->  Index Scan using sbtest1_pkey on sbtest1  (cost=0.43..8.45 rows=1 width=490)
	        Index Cond: (id = 5367531)

table 2 : explain UPDATE sbtest2 SET c='foobar' WHERE id=2559863
	Update on sbtest2  (cost=0.43..8.45 rows=0 width=0)
	  ->  Index Scan using sbtest2_pkey on sbtest2  (cost=0.43..8.45 rows=1 width=490)
	        Index Cond: (id = 2559863)

table 3 : explain UPDATE sbtest3 SET c='foobar' WHERE id=7599728
	Update on sbtest3  (cost=0.43..8.45 rows=0 width=0)
	  ->  Index Scan using sbtest3_pkey on sbtest3  (cost=0.43..8.45 rows=1 width=490)
	        Index Cond: (id = 7599728)

table 4 : explain UPDATE sbtest4 SET c='foobar' WHERE id=3071045
	Update on sbtest4  (cost=0.43..8.45 rows=0 width=0)
	  ->  Index Scan using sbtest4_pkey on sbtest4  (cost=0.43..8.45 rows=1 width=490)
	        Index Cond: (id = 3071045)

table 5 : explain UPDATE sbtest5 SET c='foobar' WHERE id=945830
	Update on sbtest5  (cost=0.43..8.45 rows=0 width=0)
	  ->  Index Scan using sbtest5_pkey on sbtest5  (cost=0.43..8.45 rows=1 width=490)
	        Index Cond: (id = 945830)

table 6 : explain UPDATE sbtest6 SET c='foobar' WHERE id=8227692
	Update on sbtest6  (cost=0.43..8.45 rows=0 width=0)
	  ->  Index Scan using sbtest6_pkey on sbtest6  (cost=0.43..8.45 rows=1 width=490)
	        Index Cond: (id = 8227692)

table 7 : explain UPDATE sbtest7 SET c='foobar' WHERE id=4566779
	Update on sbtest7  (cost=0.43..8.45 rows=0 width=0)
	  ->  Index Scan using sbtest7_pkey on sbtest7  (cost=0.43..8.45 rows=1 width=490)
	        Index Cond: (id = 4566779)

table 8 : explain UPDATE sbtest8 SET c='foobar' WHERE id=7341398
	Update on sbtest8  (cost=0.43..8.45 rows=0 width=0)
	  ->  Index Scan using sbtest8_pkey on sbtest8  (cost=0.43..8.45 rows=1 width=490)
	        Index Cond: (id = 7341398)

explain: for deletes :: explain DELETE FROM sbtest%u WHERE id=%u
explain: for inserts :: explain INSERT INTO sbtest%u (id, k, c, pad) VALUES (%u, 13, 'foobar', 'foobar')
for: distinct_ranges
table 1 : explain SELECT DISTINCT c FROM sbtest1 WHERE id BETWEEN 2131458 AND 2131557 ORDER BY c
	Unique  (cost=407.53..408.04 rows=103 width=121)
	  ->  Sort  (cost=407.53..407.79 rows=103 width=121)
	        Sort Key: c
	        ->  Index Scan using sbtest1_pkey on sbtest1  (cost=0.43..404.09 rows=103 width=121)
	              Index Cond: ((id >= 2131458) AND (id <= 2131557))

table 2 : explain SELECT DISTINCT c FROM sbtest2 WHERE id BETWEEN 9005073 AND 9005172 ORDER BY c
	Unique  (cost=388.76..389.25 rows=98 width=121)
	  ->  Sort  (cost=388.76..389.00 rows=98 width=121)
	        Sort Key: c
	        ->  Index Scan using sbtest2_pkey on sbtest2  (cost=0.43..385.51 rows=98 width=121)
	              Index Cond: ((id >= 9005073) AND (id <= 9005172))

table 3 : explain SELECT DISTINCT c FROM sbtest3 WHERE id BETWEEN 6508812 AND 6508911 ORDER BY c
	Unique  (cost=449.70..450.27 rows=114 width=121)
	  ->  Sort  (cost=449.70..449.98 rows=114 width=121)
	        Sort Key: c
	        ->  Index Scan using sbtest3_pkey on sbtest3  (cost=0.43..445.81 rows=114 width=121)
	              Index Cond: ((id >= 6508812) AND (id <= 6508911))

table 4 : explain SELECT DISTINCT c FROM sbtest4 WHERE id BETWEEN 1520496 AND 1520595 ORDER BY c
	Unique  (cost=427.70..428.24 rows=108 width=121)
	  ->  Sort  (cost=427.70..427.97 rows=108 width=121)
	        Sort Key: c
	        ->  Index Scan using sbtest4_pkey on sbtest4  (cost=0.43..424.05 rows=108 width=121)
	              Index Cond: ((id >= 1520496) AND (id <= 1520595))

table 5 : explain SELECT DISTINCT c FROM sbtest5 WHERE id BETWEEN 7489751 AND 7489850 ORDER BY c
	Unique  (cost=399.05..399.55 rows=101 width=121)
	  ->  Sort  (cost=399.05..399.30 rows=101 width=121)
	        Sort Key: c
	        ->  Index Scan using sbtest5_pkey on sbtest5  (cost=0.43..395.69 rows=101 width=121)
	              Index Cond: ((id >= 7489751) AND (id <= 7489850))

table 6 : explain SELECT DISTINCT c FROM sbtest6 WHERE id BETWEEN 6518286 AND 6518385 ORDER BY c
	Unique  (cost=391.57..392.07 rows=99 width=121)
	  ->  Sort  (cost=391.57..391.82 rows=99 width=121)
	        Sort Key: c
	        ->  Index Scan using sbtest6_pkey on sbtest6  (cost=0.43..388.29 rows=99 width=121)
	              Index Cond: ((id >= 6518286) AND (id <= 6518385))

table 7 : explain SELECT DISTINCT c FROM sbtest7 WHERE id BETWEEN 6806788 AND 6806887 ORDER BY c
	Unique  (cost=405.47..405.98 rows=103 width=121)
	  ->  Sort  (cost=405.47..405.72 rows=103 width=121)
	        Sort Key: c
	        ->  Index Scan using sbtest7_pkey on sbtest7  (cost=0.43..402.02 rows=103 width=121)
	              Index Cond: ((id >= 6806788) AND (id <= 6806887))

table 8 : explain SELECT DISTINCT c FROM sbtest8 WHERE id BETWEEN 7234228 AND 7234327 ORDER BY c
	Unique  (cost=413.72..414.24 rows=105 width=121)
	  ->  Sort  (cost=413.72..413.98 rows=105 width=121)
	        Sort Key: c
	        ->  Index Scan using sbtest8_pkey on sbtest8  (cost=0.43..410.19 rows=105 width=121)
	              Index Cond: ((id >= 7234228) AND (id <= 7234327))

explain: for non_index_updates :: explain UPDATE sbtest%u SET c='foobar' WHERE id=%u
explain: for point_selects :: explain SELECT c FROM sbtest%u WHERE id=%u
for inserts
table 1 : explain INSERT INTO sbtest1 (id, k, c, pad) VALUES (7095758, 13, 'foobar', 'foobar')
	Insert on sbtest1  (cost=0.00..0.01 rows=0 width=0)
	  ->  Result  (cost=0.00..0.01 rows=1 width=736)

table 2 : explain INSERT INTO sbtest2 (id, k, c, pad) VALUES (9368568, 13, 'foobar', 'foobar')
	Insert on sbtest2  (cost=0.00..0.01 rows=0 width=0)
	  ->  Result  (cost=0.00..0.01 rows=1 width=736)

table 3 : explain INSERT INTO sbtest3 (id, k, c, pad) VALUES (8273775, 13, 'foobar', 'foobar')
	Insert on sbtest3  (cost=0.00..0.01 rows=0 width=0)
	  ->  Result  (cost=0.00..0.01 rows=1 width=736)

table 4 : explain INSERT INTO sbtest4 (id, k, c, pad) VALUES (2563921, 13, 'foobar', 'foobar')
	Insert on sbtest4  (cost=0.00..0.01 rows=0 width=0)
	  ->  Result  (cost=0.00..0.01 rows=1 width=736)

table 5 : explain INSERT INTO sbtest5 (id, k, c, pad) VALUES (3677594, 13, 'foobar', 'foobar')
	Insert on sbtest5  (cost=0.00..0.01 rows=0 width=0)
	  ->  Result  (cost=0.00..0.01 rows=1 width=736)

table 6 : explain INSERT INTO sbtest6 (id, k, c, pad) VALUES (4320502, 13, 'foobar', 'foobar')
	Insert on sbtest6  (cost=0.00..0.01 rows=0 width=0)
	  ->  Result  (cost=0.00..0.01 rows=1 width=736)

table 7 : explain INSERT INTO sbtest7 (id, k, c, pad) VALUES (8332820, 13, 'foobar', 'foobar')
	Insert on sbtest7  (cost=0.00..0.01 rows=0 width=0)
	  ->  Result  (cost=0.00..0.01 rows=1 width=736)

table 8 : explain INSERT INTO sbtest8 (id, k, c, pad) VALUES (1206318, 13, 'foobar', 'foobar')
	Insert on sbtest8  (cost=0.00..0.01 rows=0 width=0)
	  ->  Result  (cost=0.00..0.01 rows=1 width=736)

for deletes
table 1 : explain DELETE FROM sbtest1 WHERE id=283009
	Delete on sbtest1  (cost=0.43..8.45 rows=0 width=0)
	  ->  Index Scan using sbtest1_pkey on sbtest1  (cost=0.43..8.45 rows=1 width=6)
	        Index Cond: (id = 283009)

table 2 : explain DELETE FROM sbtest2 WHERE id=5559664
	Delete on sbtest2  (cost=0.43..8.45 rows=0 width=0)
	  ->  Index Scan using sbtest2_pkey on sbtest2  (cost=0.43..8.45 rows=1 width=6)
	        Index Cond: (id = 5559664)

table 3 : explain DELETE FROM sbtest3 WHERE id=5224826
	Delete on sbtest3  (cost=0.43..8.45 rows=0 width=0)
	  ->  Index Scan using sbtest3_pkey on sbtest3  (cost=0.43..8.45 rows=1 width=6)
	        Index Cond: (id = 5224826)

table 4 : explain DELETE FROM sbtest4 WHERE id=626223
	Delete on sbtest4  (cost=0.43..8.45 rows=0 width=0)
	  ->  Index Scan using sbtest4_pkey on sbtest4  (cost=0.43..8.45 rows=1 width=6)
	        Index Cond: (id = 626223)

table 5 : explain DELETE FROM sbtest5 WHERE id=8859630
	Delete on sbtest5  (cost=0.43..8.45 rows=0 width=0)
	  ->  Index Scan using sbtest5_pkey on sbtest5  (cost=0.43..8.45 rows=1 width=6)
	        Index Cond: (id = 8859630)

table 6 : explain DELETE FROM sbtest6 WHERE id=6127411
	Delete on sbtest6  (cost=0.43..8.45 rows=0 width=0)
	  ->  Index Scan using sbtest6_pkey on sbtest6  (cost=0.43..8.45 rows=1 width=6)
	        Index Cond: (id = 6127411)

table 7 : explain DELETE FROM sbtest7 WHERE id=3513918
	Delete on sbtest7  (cost=0.43..8.45 rows=0 width=0)
	  ->  Index Scan using sbtest7_pkey on sbtest7  (cost=0.43..8.45 rows=1 width=6)
	        Index Cond: (id = 3513918)

table 8 : explain DELETE FROM sbtest8 WHERE id=2616051
	Delete on sbtest8  (cost=0.43..8.45 rows=0 width=0)
	  ->  Index Scan using sbtest8_pkey on sbtest8  (cost=0.43..8.45 rows=1 width=6)
	        Index Cond: (id = 2616051)

for non_index_updates
table 1 : explain UPDATE sbtest1 SET c='foobar' WHERE id=2917970
	Update on sbtest1  (cost=0.43..8.45 rows=0 width=0)
	  ->  Index Scan using sbtest1_pkey on sbtest1  (cost=0.43..8.45 rows=1 width=490)
	        Index Cond: (id = 2917970)

table 2 : explain UPDATE sbtest2 SET c='foobar' WHERE id=7727345
	Update on sbtest2  (cost=0.43..8.45 rows=0 width=0)
	  ->  Index Scan using sbtest2_pkey on sbtest2  (cost=0.43..8.45 rows=1 width=490)
	        Index Cond: (id = 7727345)

table 3 : explain UPDATE sbtest3 SET c='foobar' WHERE id=2703151
	Update on sbtest3  (cost=0.43..8.45 rows=0 width=0)
	  ->  Index Scan using sbtest3_pkey on sbtest3  (cost=0.43..8.45 rows=1 width=490)
	        Index Cond: (id = 2703151)

table 4 : explain UPDATE sbtest4 SET c='foobar' WHERE id=4822931
	Update on sbtest4  (cost=0.43..8.45 rows=0 width=0)
	  ->  Index Scan using sbtest4_pkey on sbtest4  (cost=0.43..8.45 rows=1 width=490)
	        Index Cond: (id = 4822931)

table 5 : explain UPDATE sbtest5 SET c='foobar' WHERE id=894329
	Update on sbtest5  (cost=0.43..8.45 rows=0 width=0)
	  ->  Index Scan using sbtest5_pkey on sbtest5  (cost=0.43..8.45 rows=1 width=490)
	        Index Cond: (id = 894329)

table 6 : explain UPDATE sbtest6 SET c='foobar' WHERE id=1178661
	Update on sbtest6  (cost=0.43..8.45 rows=0 width=0)
	  ->  Index Scan using sbtest6_pkey on sbtest6  (cost=0.43..8.45 rows=1 width=490)
	        Index Cond: (id = 1178661)

table 7 : explain UPDATE sbtest7 SET c='foobar' WHERE id=7054311
	Update on sbtest7  (cost=0.43..8.45 rows=0 width=0)
	  ->  Index Scan using sbtest7_pkey on sbtest7  (cost=0.43..8.45 rows=1 width=490)
	        Index Cond: (id = 7054311)

table 8 : explain UPDATE sbtest8 SET c='foobar' WHERE id=7183704
	Update on sbtest8  (cost=0.43..8.45 rows=0 width=0)
	  ->  Index Scan using sbtest8_pkey on sbtest8  (cost=0.43..8.45 rows=1 width=490)
	        Index Cond: (id = 7183704)

for inserts
table 1 : explain INSERT INTO sbtest1 (id, k, c, pad) VALUES (6346402, 13, 'foobar', 'foobar')
	Insert on sbtest1  (cost=0.00..0.01 rows=0 width=0)
	  ->  Result  (cost=0.00..0.01 rows=1 width=736)

table 2 : explain INSERT INTO sbtest2 (id, k, c, pad) VALUES (3643422, 13, 'foobar', 'foobar')
	Insert on sbtest2  (cost=0.00..0.01 rows=0 width=0)
	  ->  Result  (cost=0.00..0.01 rows=1 width=736)

table 3 : explain INSERT INTO sbtest3 (id, k, c, pad) VALUES (1779442, 13, 'foobar', 'foobar')
	Insert on sbtest3  (cost=0.00..0.01 rows=0 width=0)
	  ->  Result  (cost=0.00..0.01 rows=1 width=736)

table 4 : explain INSERT INTO sbtest4 (id, k, c, pad) VALUES (3298973, 13, 'foobar', 'foobar')
	Insert on sbtest4  (cost=0.00..0.01 rows=0 width=0)
	  ->  Result  (cost=0.00..0.01 rows=1 width=736)

table 5 : explain INSERT INTO sbtest5 (id, k, c, pad) VALUES (8560767, 13, 'foobar', 'foobar')
	Insert on sbtest5  (cost=0.00..0.01 rows=0 width=0)
	  ->  Result  (cost=0.00..0.01 rows=1 width=736)

table 6 : explain INSERT INTO sbtest6 (id, k, c, pad) VALUES (4891659, 13, 'foobar', 'foobar')
	Insert on sbtest6  (cost=0.00..0.01 rows=0 width=0)
	  ->  Result  (cost=0.00..0.01 rows=1 width=736)

table 7 : explain INSERT INTO sbtest7 (id, k, c, pad) VALUES (509038, 13, 'foobar', 'foobar')
	Insert on sbtest7  (cost=0.00..0.01 rows=0 width=0)
	  ->  Result  (cost=0.00..0.01 rows=1 width=736)

table 8 : explain INSERT INTO sbtest8 (id, k, c, pad) VALUES (6799409, 13, 'foobar', 'foobar')
	Insert on sbtest8  (cost=0.00..0.01 rows=0 width=0)
	  ->  Result  (cost=0.00..0.01 rows=1 width=736)

for: sum_ranges
table 1 : explain SELECT SUM(k) FROM sbtest1 WHERE id BETWEEN 7255192 AND 7255291
	Aggregate  (cost=381.03..381.04 rows=1 width=8)
	  ->  Index Scan using sbtest1_pkey on sbtest1  (cost=0.43..380.78 rows=97 width=4)
	        Index Cond: ((id >= 7255192) AND (id <= 7255291))

table 2 : explain SELECT SUM(k) FROM sbtest2 WHERE id BETWEEN 3381240 AND 3381339
	Aggregate  (cost=397.46..397.47 rows=1 width=8)
	  ->  Index Scan using sbtest2_pkey on sbtest2  (cost=0.43..397.21 rows=101 width=4)
	        Index Cond: ((id >= 3381240) AND (id <= 3381339))

table 3 : explain SELECT SUM(k) FROM sbtest3 WHERE id BETWEEN 7515519 AND 7515618
	Aggregate  (cost=407.37..407.38 rows=1 width=8)
	  ->  Index Scan using sbtest3_pkey on sbtest3  (cost=0.43..407.11 rows=104 width=4)
	        Index Cond: ((id >= 7515519) AND (id <= 7515618))

table 4 : explain SELECT SUM(k) FROM sbtest4 WHERE id BETWEEN 3737943 AND 3738042
	Aggregate  (cost=401.01..401.02 rows=1 width=8)
	  ->  Index Scan using sbtest4_pkey on sbtest4  (cost=0.43..400.76 rows=102 width=4)
	        Index Cond: ((id >= 3737943) AND (id <= 3738042))

table 5 : explain SELECT SUM(k) FROM sbtest5 WHERE id BETWEEN 623411 AND 623510
	Aggregate  (cost=364.91..364.92 rows=1 width=8)
	  ->  Index Scan using sbtest5_pkey on sbtest5  (cost=0.43..364.68 rows=93 width=4)
	        Index Cond: ((id >= 623411) AND (id <= 623510))

table 6 : explain SELECT SUM(k) FROM sbtest6 WHERE id BETWEEN 9604830 AND 9604929
	Aggregate  (cost=400.17..400.18 rows=1 width=8)
	  ->  Index Scan using sbtest6_pkey on sbtest6  (cost=0.43..399.92 rows=102 width=4)
	        Index Cond: ((id >= 9604830) AND (id <= 9604929))

table 7 : explain SELECT SUM(k) FROM sbtest7 WHERE id BETWEEN 3719694 AND 3719793
	Aggregate  (cost=332.76..332.77 rows=1 width=8)
	  ->  Index Scan using sbtest7_pkey on sbtest7  (cost=0.43..332.55 rows=85 width=4)
	        Index Cond: ((id >= 3719694) AND (id <= 3719793))

table 8 : explain SELECT SUM(k) FROM sbtest8 WHERE id BETWEEN 1670851 AND 1670950
	Aggregate  (cost=402.73..402.74 rows=1 width=8)
	  ->  Index Scan using sbtest8_pkey on sbtest8  (cost=0.43..402.47 rows=103 width=4)
	        Index Cond: ((id >= 1670851) AND (id <= 1670950))

explain: for deletes :: explain DELETE FROM sbtest%u WHERE id=%u
for point_selects
table 1 : explain SELECT c FROM sbtest1 WHERE id=5168595
	Index Scan using sbtest1_pkey on sbtest1  (cost=0.43..8.45 rows=1 width=121)
	  Index Cond: (id = 5168595)

table 2 : explain SELECT c FROM sbtest2 WHERE id=259769
	Index Scan using sbtest2_pkey on sbtest2  (cost=0.43..8.45 rows=1 width=121)
	  Index Cond: (id = 259769)

table 3 : explain SELECT c FROM sbtest3 WHERE id=8953412
	Index Scan using sbtest3_pkey on sbtest3  (cost=0.43..8.45 rows=1 width=121)
	  Index Cond: (id = 8953412)

table 4 : explain SELECT c FROM sbtest4 WHERE id=8459696
	Index Scan using sbtest4_pkey on sbtest4  (cost=0.43..8.45 rows=1 width=121)
	  Index Cond: (id = 8459696)

table 5 : explain SELECT c FROM sbtest5 WHERE id=8130338
	Index Scan using sbtest5_pkey on sbtest5  (cost=0.43..8.45 rows=1 width=121)
	  Index Cond: (id = 8130338)

table 6 : explain SELECT c FROM sbtest6 WHERE id=2483510
	Index Scan using sbtest6_pkey on sbtest6  (cost=0.43..8.45 rows=1 width=121)
	  Index Cond: (id = 2483510)

table 7 : explain SELECT c FROM sbtest7 WHERE id=7726355
	Index Scan using sbtest7_pkey on sbtest7  (cost=0.43..8.45 rows=1 width=121)
	  Index Cond: (id = 7726355)

table 8 : explain SELECT c FROM sbtest8 WHERE id=5774562
	Index Scan using sbtest8_pkey on sbtest8  (cost=0.43..8.45 rows=1 width=121)
	  Index Cond: (id = 5774562)

explain: for point_selects :: explain SELECT c FROM sbtest%u WHERE id=%u
for deletes
table 1 : explain DELETE FROM sbtest1 WHERE id=6415225
	Delete on sbtest1  (cost=0.43..8.45 rows=0 width=0)
	  ->  Index Scan using sbtest1_pkey on sbtest1  (cost=0.43..8.45 rows=1 width=6)
	        Index Cond: (id = 6415225)

table 2 : explain DELETE FROM sbtest2 WHERE id=6014109
	Delete on sbtest2  (cost=0.43..8.45 rows=0 width=0)
	  ->  Index Scan using sbtest2_pkey on sbtest2  (cost=0.43..8.45 rows=1 width=6)
	        Index Cond: (id = 6014109)

table 3 : explain DELETE FROM sbtest3 WHERE id=5670969
	Delete on sbtest3  (cost=0.43..8.45 rows=0 width=0)
	  ->  Index Scan using sbtest3_pkey on sbtest3  (cost=0.43..8.45 rows=1 width=6)
	        Index Cond: (id = 5670969)

table 4 : explain DELETE FROM sbtest4 WHERE id=9453082
	Delete on sbtest4  (cost=0.43..8.45 rows=0 width=0)
	  ->  Index Scan using sbtest4_pkey on sbtest4  (cost=0.43..8.45 rows=1 width=6)
	        Index Cond: (id = 9453082)

table 5 : explain DELETE FROM sbtest5 WHERE id=1780930
	Delete on sbtest5  (cost=0.43..8.45 rows=0 width=0)
	  ->  Index Scan using sbtest5_pkey on sbtest5  (cost=0.43..8.45 rows=1 width=6)
	        Index Cond: (id = 1780930)

table 6 : explain DELETE FROM sbtest6 WHERE id=1543250
	Delete on sbtest6  (cost=0.43..8.45 rows=0 width=0)
	  ->  Index Scan using sbtest6_pkey on sbtest6  (cost=0.43..8.45 rows=1 width=6)
	        Index Cond: (id = 1543250)

table 7 : explain DELETE FROM sbtest7 WHERE id=6084577
	Delete on sbtest7  (cost=0.43..8.45 rows=0 width=0)
	  ->  Index Scan using sbtest7_pkey on sbtest7  (cost=0.43..8.45 rows=1 width=6)
	        Index Cond: (id = 6084577)

table 8 : explain DELETE FROM sbtest8 WHERE id=5084438
	Delete on sbtest8  (cost=0.43..8.45 rows=0 width=0)
	  ->  Index Scan using sbtest8_pkey on sbtest8  (cost=0.43..8.45 rows=1 width=6)
	        Index Cond: (id = 5084438)

explain: for index_updates :: explain UPDATE sbtest%u SET k=k+1 WHERE id=%u
explain: for inserts :: explain INSERT INTO sbtest%u (id, k, c, pad) VALUES (%u, 13, 'foobar', 'foobar')
for non_index_updates
table 1 : explain UPDATE sbtest1 SET c='foobar' WHERE id=7652697
	Update on sbtest1  (cost=0.43..8.45 rows=0 width=0)
	  ->  Index Scan using sbtest1_pkey on sbtest1  (cost=0.43..8.45 rows=1 width=490)
	        Index Cond: (id = 7652697)

table 2 : explain UPDATE sbtest2 SET c='foobar' WHERE id=7162958
	Update on sbtest2  (cost=0.43..8.45 rows=0 width=0)
	  ->  Index Scan using sbtest2_pkey on sbtest2  (cost=0.43..8.45 rows=1 width=490)
	        Index Cond: (id = 7162958)

table 3 : explain UPDATE sbtest3 SET c='foobar' WHERE id=9876116
	Update on sbtest3  (cost=0.43..8.45 rows=0 width=0)
	  ->  Index Scan using sbtest3_pkey on sbtest3  (cost=0.43..8.45 rows=1 width=490)
	        Index Cond: (id = 9876116)

table 4 : explain UPDATE sbtest4 SET c='foobar' WHERE id=2446769
	Update on sbtest4  (cost=0.43..8.45 rows=0 width=0)
	  ->  Index Scan using sbtest4_pkey on sbtest4  (cost=0.43..8.45 rows=1 width=490)
	        Index Cond: (id = 2446769)

table 5 : explain UPDATE sbtest5 SET c='foobar' WHERE id=8488393
	Update on sbtest5  (cost=0.43..8.45 rows=0 width=0)
	  ->  Index Scan using sbtest5_pkey on sbtest5  (cost=0.43..8.45 rows=1 width=490)
	        Index Cond: (id = 8488393)

table 6 : explain UPDATE sbtest6 SET c='foobar' WHERE id=1344148
	Update on sbtest6  (cost=0.43..8.45 rows=0 width=0)
	  ->  Index Scan using sbtest6_pkey on sbtest6  (cost=0.43..8.45 rows=1 width=490)
	        Index Cond: (id = 1344148)

table 7 : explain UPDATE sbtest7 SET c='foobar' WHERE id=9959772
	Update on sbtest7  (cost=0.43..8.45 rows=0 width=0)
	  ->  Index Scan using sbtest7_pkey on sbtest7  (cost=0.43..8.45 rows=1 width=490)
	        Index Cond: (id = 9959772)

table 8 : explain UPDATE sbtest8 SET c='foobar' WHERE id=6626367
	Update on sbtest8  (cost=0.43..8.45 rows=0 width=0)
	  ->  Index Scan using sbtest8_pkey on sbtest8  (cost=0.43..8.45 rows=1 width=490)
	        Index Cond: (id = 6626367)

for: order_ranges
table 1 : explain SELECT c FROM sbtest1 WHERE id BETWEEN 4864356 AND 4864455 ORDER BY c
	Sort  (cost=399.66..399.91 rows=101 width=121)
	  Sort Key: c
	  ->  Index Scan using sbtest1_pkey on sbtest1  (cost=0.43..396.29 rows=101 width=121)
	        Index Cond: ((id >= 4864356) AND (id <= 4864455))

table 2 : explain SELECT c FROM sbtest2 WHERE id BETWEEN 6023015 AND 6023114 ORDER BY c
	Sort  (cost=384.83..385.07 rows=97 width=121)
	  Sort Key: c
	  ->  Index Scan using sbtest2_pkey on sbtest2  (cost=0.43..381.63 rows=97 width=121)
	        Index Cond: ((id >= 6023015) AND (id <= 6023114))

table 3 : explain SELECT c FROM sbtest3 WHERE id BETWEEN 3962674 AND 3962773 ORDER BY c
	Sort  (cost=387.10..387.34 rows=98 width=121)
	  Sort Key: c
	  ->  Index Scan using sbtest3_pkey on sbtest3  (cost=0.43..383.86 rows=98 width=121)
	        Index Cond: ((id >= 3962674) AND (id <= 3962773))

table 4 : explain SELECT c FROM sbtest4 WHERE id BETWEEN 6075134 AND 6075233 ORDER BY c
	Sort  (cost=423.78..424.05 rows=107 width=121)
	  Sort Key: c
	  ->  Index Scan using sbtest4_pkey on sbtest4  (cost=0.43..420.17 rows=107 width=121)
	        Index Cond: ((id >= 6075134) AND (id <= 6075233))

table 5 : explain SELECT c FROM sbtest5 WHERE id BETWEEN 6682896 AND 6682995 ORDER BY c
	Sort  (cost=379.45..379.69 rows=96 width=121)
	  Sort Key: c
	  ->  Index Scan using sbtest5_pkey on sbtest5  (cost=0.43..376.29 rows=96 width=121)
	        Index Cond: ((id >= 6682896) AND (id <= 6682995))

table 6 : explain SELECT c FROM sbtest6 WHERE id BETWEEN 9619210 AND 9619309 ORDER BY c
	Sort  (cost=403.32..403.57 rows=102 width=121)
	  Sort Key: c
	  ->  Index Scan using sbtest6_pkey on sbtest6  (cost=0.43..399.92 rows=102 width=121)
	        Index Cond: ((id >= 9619210) AND (id <= 9619309))

table 7 : explain SELECT c FROM sbtest7 WHERE id BETWEEN 3600273 AND 3600372 ORDER BY c
	Sort  (cost=440.55..440.83 rows=112 width=121)
	  Sort Key: c
	  ->  Index Scan using sbtest7_pkey on sbtest7  (cost=0.43..436.74 rows=112 width=121)
	        Index Cond: ((id >= 3600273) AND (id <= 3600372))

table 8 : explain SELECT c FROM sbtest8 WHERE id BETWEEN 440706 AND 440805 ORDER BY c
	Sort  (cost=386.40..386.65 rows=98 width=121)
	  Sort Key: c
	  ->  Index Scan using sbtest8_pkey on sbtest8  (cost=0.43..383.16 rows=98 width=121)
	        Index Cond: ((id >= 440706) AND (id <= 440805))

for: simple_ranges
table 1 : explain SELECT c FROM sbtest1 WHERE id BETWEEN 6642724 AND 6642823
	Index Scan using sbtest1_pkey on sbtest1  (cost=0.43..380.78 rows=97 width=121)
	  Index Cond: ((id >= 6642724) AND (id <= 6642823))

table 2 : explain SELECT c FROM sbtest2 WHERE id BETWEEN 9405441 AND 9405540
	Index Scan using sbtest2_pkey on sbtest2  (cost=0.43..393.32 rows=100 width=121)
	  Index Cond: ((id >= 9405441) AND (id <= 9405540))

table 3 : explain SELECT c FROM sbtest3 WHERE id BETWEEN 8750749 AND 8750848
	Index Scan using sbtest3_pkey on sbtest3  (cost=0.43..360.64 rows=92 width=121)
	  Index Cond: ((id >= 8750749) AND (id <= 8750848))

table 4 : explain SELECT c FROM sbtest4 WHERE id BETWEEN 4964810 AND 4964909
	Index Scan using sbtest4_pkey on sbtest4  (cost=0.43..396.87 rows=101 width=121)
	  Index Cond: ((id >= 4964810) AND (id <= 4964909))

table 5 : explain SELECT c FROM sbtest5 WHERE id BETWEEN 8322882 AND 8322981
	Index Scan using sbtest5_pkey on sbtest5  (cost=0.43..349.20 rows=89 width=121)
	  Index Cond: ((id >= 8322882) AND (id <= 8322981))

table 6 : explain SELECT c FROM sbtest6 WHERE id BETWEEN 3447897 AND 3447996
	Index Scan using sbtest6_pkey on sbtest6  (cost=0.43..392.17 rows=100 width=121)
	  Index Cond: ((id >= 3447897) AND (id <= 3447996))

table 7 : explain SELECT c FROM sbtest7 WHERE id BETWEEN 2834216 AND 2834315
	Index Scan using sbtest7_pkey on sbtest7  (cost=0.43..413.59 rows=106 width=121)
	  Index Cond: ((id >= 2834216) AND (id <= 2834315))

table 8 : explain SELECT c FROM sbtest8 WHERE id BETWEEN 9197250 AND 9197349
	Index Scan using sbtest8_pkey on sbtest8  (cost=0.43..371.54 rows=95 width=121)
	  Index Cond: ((id >= 9197250) AND (id <= 9197349))

explain: for point_selects :: explain SELECT c FROM sbtest%u WHERE id=%u
explain: for point_selects :: explain SELECT c FROM sbtest%u WHERE id=%u
for inserts
table 1 : explain INSERT INTO sbtest1 (id, k, c, pad) VALUES (7173043, 13, 'foobar', 'foobar')
	Insert on sbtest1  (cost=0.00..0.01 rows=0 width=0)
	  ->  Result  (cost=0.00..0.01 rows=1 width=736)

table 2 : explain INSERT INTO sbtest2 (id, k, c, pad) VALUES (219542, 13, 'foobar', 'foobar')
	Insert on sbtest2  (cost=0.00..0.01 rows=0 width=0)
	  ->  Result  (cost=0.00..0.01 rows=1 width=736)

table 3 : explain INSERT INTO sbtest3 (id, k, c, pad) VALUES (8499221, 13, 'foobar', 'foobar')
	Insert on sbtest3  (cost=0.00..0.01 rows=0 width=0)
	  ->  Result  (cost=0.00..0.01 rows=1 width=736)

table 4 : explain INSERT INTO sbtest4 (id, k, c, pad) VALUES (7605295, 13, 'foobar', 'foobar')
	Insert on sbtest4  (cost=0.00..0.01 rows=0 width=0)
	  ->  Result  (cost=0.00..0.01 rows=1 width=736)

table 5 : explain INSERT INTO sbtest5 (id, k, c, pad) VALUES (3746550, 13, 'foobar', 'foobar')
	Insert on sbtest5  (cost=0.00..0.01 rows=0 width=0)
	  ->  Result  (cost=0.00..0.01 rows=1 width=736)

table 6 : explain INSERT INTO sbtest6 (id, k, c, pad) VALUES (2764097, 13, 'foobar', 'foobar')
	Insert on sbtest6  (cost=0.00..0.01 rows=0 width=0)
	  ->  Result  (cost=0.00..0.01 rows=1 width=736)

table 7 : explain INSERT INTO sbtest7 (id, k, c, pad) VALUES (2698869, 13, 'foobar', 'foobar')
	Insert on sbtest7  (cost=0.00..0.01 rows=0 width=0)
	  ->  Result  (cost=0.00..0.01 rows=1 width=736)

table 8 : explain INSERT INTO sbtest8 (id, k, c, pad) VALUES (5193394, 13, 'foobar', 'foobar')
	Insert on sbtest8  (cost=0.00..0.01 rows=0 width=0)
	  ->  Result  (cost=0.00..0.01 rows=1 width=736)

explain: for point_selects :: explain SELECT c FROM sbtest%u WHERE id=%u
for point_selects
table 1 : explain SELECT c FROM sbtest1 WHERE id=9358562
	Index Scan using sbtest1_pkey on sbtest1  (cost=0.43..8.45 rows=1 width=121)
	  Index Cond: (id = 9358562)

table 2 : explain SELECT c FROM sbtest2 WHERE id=2010446
	Index Scan using sbtest2_pkey on sbtest2  (cost=0.43..8.45 rows=1 width=121)
	  Index Cond: (id = 2010446)

table 3 : explain SELECT c FROM sbtest3 WHERE id=8191616
	Index Scan using sbtest3_pkey on sbtest3  (cost=0.43..8.45 rows=1 width=121)
	  Index Cond: (id = 8191616)

table 4 : explain SELECT c FROM sbtest4 WHERE id=8425668
	Index Scan using sbtest4_pkey on sbtest4  (cost=0.43..8.45 rows=1 width=121)
	  Index Cond: (id = 8425668)

table 5 : explain SELECT c FROM sbtest5 WHERE id=9883905
	Index Scan using sbtest5_pkey on sbtest5  (cost=0.43..8.45 rows=1 width=121)
	  Index Cond: (id = 9883905)

table 6 : explain SELECT c FROM sbtest6 WHERE id=5688942
	Index Scan using sbtest6_pkey on sbtest6  (cost=0.43..8.45 rows=1 width=121)
	  Index Cond: (id = 5688942)

table 7 : explain SELECT c FROM sbtest7 WHERE id=3068032
	Index Scan using sbtest7_pkey on sbtest7  (cost=0.43..8.45 rows=1 width=121)
	  Index Cond: (id = 3068032)

table 8 : explain SELECT c FROM sbtest8 WHERE id=7136654
	Index Scan using sbtest8_pkey on sbtest8  (cost=0.43..8.45 rows=1 width=121)
	  Index Cond: (id = 7136654)

explain: for inserts :: explain INSERT INTO sbtest%u (id, k, c, pad) VALUES (%u, 13, 'foobar', 'foobar')
for inserts
table 1 : explain INSERT INTO sbtest1 (id, k, c, pad) VALUES (7928267, 13, 'foobar', 'foobar')
	Insert on sbtest1  (cost=0.00..0.01 rows=0 width=0)
	  ->  Result  (cost=0.00..0.01 rows=1 width=736)

table 2 : explain INSERT INTO sbtest2 (id, k, c, pad) VALUES (396042, 13, 'foobar', 'foobar')
	Insert on sbtest2  (cost=0.00..0.01 rows=0 width=0)
	  ->  Result  (cost=0.00..0.01 rows=1 width=736)

table 3 : explain INSERT INTO sbtest3 (id, k, c, pad) VALUES (7270548, 13, 'foobar', 'foobar')
	Insert on sbtest3  (cost=0.00..0.01 rows=0 width=0)
	  ->  Result  (cost=0.00..0.01 rows=1 width=736)

table 4 : explain INSERT INTO sbtest4 (id, k, c, pad) VALUES (3112750, 13, 'foobar', 'foobar')
	Insert on sbtest4  (cost=0.00..0.01 rows=0 width=0)
	  ->  Result  (cost=0.00..0.01 rows=1 width=736)

table 5 : explain INSERT INTO sbtest5 (id, k, c, pad) VALUES (5851381, 13, 'foobar', 'foobar')
	Insert on sbtest5  (cost=0.00..0.01 rows=0 width=0)
	  ->  Result  (cost=0.00..0.01 rows=1 width=736)

table 6 : explain INSERT INTO sbtest6 (id, k, c, pad) VALUES (1633772, 13, 'foobar', 'foobar')
	Insert on sbtest6  (cost=0.00..0.01 rows=0 width=0)
	  ->  Result  (cost=0.00..0.01 rows=1 width=736)

table 7 : explain INSERT INTO sbtest7 (id, k, c, pad) VALUES (4770885, 13, 'foobar', 'foobar')
	Insert on sbtest7  (cost=0.00..0.01 rows=0 width=0)
	  ->  Result  (cost=0.00..0.01 rows=1 width=736)

table 8 : explain INSERT INTO sbtest8 (id, k, c, pad) VALUES (8668306, 13, 'foobar', 'foobar')
	Insert on sbtest8  (cost=0.00..0.01 rows=0 width=0)
	  ->  Result  (cost=0.00..0.01 rows=1 width=736)

explain: for deletes :: explain DELETE FROM sbtest%u WHERE id=%u
for: sum_ranges
table 1 : explain SELECT SUM(k) FROM sbtest1 WHERE id BETWEEN 253463 AND 253562
	Aggregate  (cost=369.39..369.40 rows=1 width=8)
	  ->  Index Scan using sbtest1_pkey on sbtest1  (cost=0.43..369.15 rows=94 width=4)
	        Index Cond: ((id >= 253463) AND (id <= 253562))

table 2 : explain SELECT SUM(k) FROM sbtest2 WHERE id BETWEEN 7353719 AND 7353818
	Aggregate  (cost=389.65..389.66 rows=1 width=8)
	  ->  Index Scan using sbtest2_pkey on sbtest2  (cost=0.43..389.40 rows=99 width=4)
	        Index Cond: ((id >= 7353719) AND (id <= 7353818))

table 3 : explain SELECT SUM(k) FROM sbtest3 WHERE id BETWEEN 479595 AND 479694
	Aggregate  (cost=376.36..376.37 rows=1 width=8)
	  ->  Index Scan using sbtest3_pkey on sbtest3  (cost=0.43..376.12 rows=96 width=4)
	        Index Cond: ((id >= 479595) AND (id <= 479694))

table 4 : explain SELECT SUM(k) FROM sbtest4 WHERE id BETWEEN 6878377 AND 6878476
	Aggregate  (cost=385.43..385.44 rows=1 width=8)
	  ->  Index Scan using sbtest4_pkey on sbtest4  (cost=0.43..385.19 rows=98 width=4)
	        Index Cond: ((id >= 6878377) AND (id <= 6878476))

table 5 : explain SELECT SUM(k) FROM sbtest5 WHERE id BETWEEN 9291782 AND 9291881
	Aggregate  (cost=423.06..423.07 rows=1 width=8)
	  ->  Index Scan using sbtest5_pkey on sbtest5  (cost=0.43..422.79 rows=108 width=4)
	        Index Cond: ((id >= 9291782) AND (id <= 9291881))

table 6 : explain SELECT SUM(k) FROM sbtest6 WHERE id BETWEEN 7606668 AND 7606767
	Aggregate  (cost=376.87..376.88 rows=1 width=8)
	  ->  Index Scan using sbtest6_pkey on sbtest6  (cost=0.43..376.63 rows=96 width=4)
	        Index Cond: ((id >= 7606668) AND (id <= 7606767))

table 7 : explain SELECT SUM(k) FROM sbtest7 WHERE id BETWEEN 4879214 AND 4879313
	Aggregate  (cost=406.14..406.15 rows=1 width=8)
	  ->  Index Scan using sbtest7_pkey on sbtest7  (cost=0.43..405.88 rows=104 width=4)
	        Index Cond: ((id >= 4879214) AND (id <= 4879313))

table 8 : explain SELECT SUM(k) FROM sbtest8 WHERE id BETWEEN 4156602 AND 4156701
	Aggregate  (cost=422.05..422.06 rows=1 width=8)
	  ->  Index Scan using sbtest8_pkey on sbtest8  (cost=0.43..421.78 rows=108 width=4)
	        Index Cond: ((id >= 4156602) AND (id <= 4156701))

for: simple_ranges
table 1 : explain SELECT c FROM sbtest1 WHERE id BETWEEN 9877066 AND 9877165
	Index Scan using sbtest1_pkey on sbtest1  (cost=0.43..388.54 rows=99 width=121)
	  Index Cond: ((id >= 9877066) AND (id <= 9877165))

table 2 : explain SELECT c FROM sbtest2 WHERE id BETWEEN 5159331 AND 5159430
	Index Scan using sbtest2_pkey on sbtest2  (cost=0.43..420.53 rows=107 width=121)
	  Index Cond: ((id >= 5159331) AND (id <= 5159430))

table 3 : explain SELECT c FROM sbtest3 WHERE id BETWEEN 7801778 AND 7801877
	Index Scan using sbtest3_pkey on sbtest3  (cost=0.43..414.85 rows=106 width=121)
	  Index Cond: ((id >= 7801778) AND (id <= 7801877))

table 4 : explain SELECT c FROM sbtest4 WHERE id BETWEEN 1516258 AND 1516357
	Index Scan using sbtest4_pkey on sbtest4  (cost=0.43..424.05 rows=108 width=121)
	  Index Cond: ((id >= 1516258) AND (id <= 1516357))

table 5 : explain SELECT c FROM sbtest5 WHERE id BETWEEN 1831674 AND 1831773
	Index Scan using sbtest5_pkey on sbtest5  (cost=0.43..353.07 rows=90 width=121)
	  Index Cond: ((id >= 1831674) AND (id <= 1831773))

table 6 : explain SELECT c FROM sbtest6 WHERE id BETWEEN 5856125 AND 5856224
	Index Scan using sbtest6_pkey on sbtest6  (cost=0.43..407.67 rows=104 width=121)
	  Index Cond: ((id >= 5856125) AND (id <= 5856224))

table 7 : explain SELECT c FROM sbtest7 WHERE id BETWEEN 9507651 AND 9507750
	Index Scan using sbtest7_pkey on sbtest7  (cost=0.43..394.31 rows=101 width=121)
	  Index Cond: ((id >= 9507651) AND (id <= 9507750))

table 8 : explain SELECT c FROM sbtest8 WHERE id BETWEEN 9135406 AND 9135505
	Index Scan using sbtest8_pkey on sbtest8  (cost=0.43..375.40 rows=96 width=121)
	  Index Cond: ((id >= 9135406) AND (id <= 9135505))

for: distinct_ranges
table 1 : explain SELECT DISTINCT c FROM sbtest1 WHERE id BETWEEN 1017696 AND 1017795 ORDER BY c
	Unique  (cost=403.61..404.12 rows=102 width=121)
	  ->  Sort  (cost=403.61..403.87 rows=102 width=121)
	        Sort Key: c
	        ->  Index Scan using sbtest1_pkey on sbtest1  (cost=0.43..400.21 rows=102 width=121)
	              Index Cond: ((id >= 1017696) AND (id <= 1017795))

table 2 : explain SELECT DISTINCT c FROM sbtest2 WHERE id BETWEEN 2768840 AND 2768939 ORDER BY c
	Unique  (cost=384.83..385.31 rows=97 width=121)
	  ->  Sort  (cost=384.83..385.07 rows=97 width=121)
	        Sort Key: c
	        ->  Index Scan using sbtest2_pkey on sbtest2  (cost=0.43..381.63 rows=97 width=121)
	              Index Cond: ((id >= 2768840) AND (id <= 2768939))

table 3 : explain SELECT DISTINCT c FROM sbtest3 WHERE id BETWEEN 7861353 AND 7861452 ORDER BY c
	Unique  (cost=394.96..395.46 rows=100 width=121)
	  ->  Sort  (cost=394.96..395.21 rows=100 width=121)
	        Sort Key: c
	        ->  Index Scan using sbtest3_pkey on sbtest3  (cost=0.43..391.63 rows=100 width=121)
	              Index Cond: ((id >= 7861353) AND (id <= 7861452))

table 4 : explain SELECT DISTINCT c FROM sbtest4 WHERE id BETWEEN 5306248 AND 5306347 ORDER BY c
	Unique  (cost=364.89..365.35 rows=92 width=121)
	  ->  Sort  (cost=364.89..365.12 rows=92 width=121)
	        Sort Key: c
	        ->  Index Scan using sbtest4_pkey on sbtest4  (cost=0.43..361.89 rows=92 width=121)
	              Index Cond: ((id >= 5306248) AND (id <= 5306347))

table 5 : explain SELECT DISTINCT c FROM sbtest5 WHERE id BETWEEN 8964476 AND 8964575 ORDER BY c
	Unique  (cost=438.17..438.72 rows=111 width=121)
	  ->  Sort  (cost=438.17..438.45 rows=111 width=121)
	        Sort Key: c
	        ->  Index Scan using sbtest5_pkey on sbtest5  (cost=0.43..434.40 rows=111 width=121)
	              Index Cond: ((id >= 8964476) AND (id <= 8964575))

table 6 : explain SELECT DISTINCT c FROM sbtest6 WHERE id BETWEEN 3499402 AND 3499501 ORDER BY c
	Unique  (cost=395.49..395.99 rows=100 width=121)
	  ->  Sort  (cost=395.49..395.74 rows=100 width=121)
	        Sort Key: c
	        ->  Index Scan using sbtest6_pkey on sbtest6  (cost=0.43..392.17 rows=100 width=121)
	              Index Cond: ((id >= 3499402) AND (id <= 3499501))

table 7 : explain SELECT DISTINCT c FROM sbtest7 WHERE id BETWEEN 9865535 AND 9865634 ORDER BY c
	Unique  (cost=397.67..398.17 rows=101 width=121)
	  ->  Sort  (cost=397.67..397.92 rows=101 width=121)
	        Sort Key: c
	        ->  Index Scan using sbtest7_pkey on sbtest7  (cost=0.43..394.31 rows=101 width=121)
	              Index Cond: ((id >= 9865535) AND (id <= 9865634))

table 8 : explain SELECT DISTINCT c FROM sbtest8 WHERE id BETWEEN 977898 AND 977997 ORDER BY c
	Unique  (cost=405.91..406.43 rows=103 width=121)
	  ->  Sort  (cost=405.91..406.17 rows=103 width=121)
	        Sort Key: c
	        ->  Index Scan using sbtest8_pkey on sbtest8  (cost=0.43..402.47 rows=103 width=121)
	              Index Cond: ((id >= 977898) AND (id <= 977997))

for index_updates
table 1 : explain UPDATE sbtest1 SET k=k+1 WHERE id=3285597
	Update on sbtest1  (cost=0.43..8.46 rows=0 width=0)
	  ->  Index Scan using sbtest1_pkey on sbtest1  (cost=0.43..8.46 rows=1 width=10)
	        Index Cond: (id = 3285597)

table 2 : explain UPDATE sbtest2 SET k=k+1 WHERE id=1076890
	Update on sbtest2  (cost=0.43..8.46 rows=0 width=0)
	  ->  Index Scan using sbtest2_pkey on sbtest2  (cost=0.43..8.46 rows=1 width=10)
	        Index Cond: (id = 1076890)

table 3 : explain UPDATE sbtest3 SET k=k+1 WHERE id=1248401
	Update on sbtest3  (cost=0.43..8.46 rows=0 width=0)
	  ->  Index Scan using sbtest3_pkey on sbtest3  (cost=0.43..8.46 rows=1 width=10)
	        Index Cond: (id = 1248401)

table 4 : explain UPDATE sbtest4 SET k=k+1 WHERE id=211289
	Update on sbtest4  (cost=0.43..8.46 rows=0 width=0)
	  ->  Index Scan using sbtest4_pkey on sbtest4  (cost=0.43..8.46 rows=1 width=10)
	        Index Cond: (id = 211289)

table 5 : explain UPDATE sbtest5 SET k=k+1 WHERE id=3790896
	Update on sbtest5  (cost=0.43..8.46 rows=0 width=0)
	  ->  Index Scan using sbtest5_pkey on sbtest5  (cost=0.43..8.46 rows=1 width=10)
	        Index Cond: (id = 3790896)

table 6 : explain UPDATE sbtest6 SET k=k+1 WHERE id=6823998
	Update on sbtest6  (cost=0.43..8.46 rows=0 width=0)
	  ->  Index Scan using sbtest6_pkey on sbtest6  (cost=0.43..8.46 rows=1 width=10)
	        Index Cond: (id = 6823998)

table 7 : explain UPDATE sbtest7 SET k=k+1 WHERE id=9522071
	Update on sbtest7  (cost=0.43..8.46 rows=0 width=0)
	  ->  Index Scan using sbtest7_pkey on sbtest7  (cost=0.43..8.46 rows=1 width=10)
	        Index Cond: (id = 9522071)

table 8 : explain UPDATE sbtest8 SET k=k+1 WHERE id=2813863
	Update on sbtest8  (cost=0.43..8.46 rows=0 width=0)
	  ->  Index Scan using sbtest8_pkey on sbtest8  (cost=0.43..8.46 rows=1 width=10)
	        Index Cond: (id = 2813863)

explain: for index_updates :: explain UPDATE sbtest%u SET k=k+1 WHERE id=%u
for point_selects
table 1 : explain SELECT c FROM sbtest1 WHERE id=4312966
	Index Scan using sbtest1_pkey on sbtest1  (cost=0.43..8.45 rows=1 width=121)
	  Index Cond: (id = 4312966)

table 2 : explain SELECT c FROM sbtest2 WHERE id=9625501
	Index Scan using sbtest2_pkey on sbtest2  (cost=0.43..8.45 rows=1 width=121)
	  Index Cond: (id = 9625501)

table 3 : explain SELECT c FROM sbtest3 WHERE id=143766
	Index Scan using sbtest3_pkey on sbtest3  (cost=0.43..8.45 rows=1 width=121)
	  Index Cond: (id = 143766)

table 4 : explain SELECT c FROM sbtest4 WHERE id=2583762
	Index Scan using sbtest4_pkey on sbtest4  (cost=0.43..8.45 rows=1 width=121)
	  Index Cond: (id = 2583762)

table 5 : explain SELECT c FROM sbtest5 WHERE id=9711760
	Index Scan using sbtest5_pkey on sbtest5  (cost=0.43..8.45 rows=1 width=121)
	  Index Cond: (id = 9711760)

table 6 : explain SELECT c FROM sbtest6 WHERE id=9522937
	Index Scan using sbtest6_pkey on sbtest6  (cost=0.43..8.45 rows=1 width=121)
	  Index Cond: (id = 9522937)

table 7 : explain SELECT c FROM sbtest7 WHERE id=5183571
	Index Scan using sbtest7_pkey on sbtest7  (cost=0.43..8.45 rows=1 width=121)
	  Index Cond: (id = 5183571)

table 8 : explain SELECT c FROM sbtest8 WHERE id=5303725
	Index Scan using sbtest8_pkey on sbtest8  (cost=0.43..8.45 rows=1 width=121)
	  Index Cond: (id = 5303725)

explain: for point_selects :: explain SELECT c FROM sbtest%u WHERE id=%u
for deletes
table 1 : explain DELETE FROM sbtest1 WHERE id=8060966
	Delete on sbtest1  (cost=0.43..8.45 rows=0 width=0)
	  ->  Index Scan using sbtest1_pkey on sbtest1  (cost=0.43..8.45 rows=1 width=6)
	        Index Cond: (id = 8060966)

table 2 : explain DELETE FROM sbtest2 WHERE id=5457967
	Delete on sbtest2  (cost=0.43..8.45 rows=0 width=0)
	  ->  Index Scan using sbtest2_pkey on sbtest2  (cost=0.43..8.45 rows=1 width=6)
	        Index Cond: (id = 5457967)

table 3 : explain DELETE FROM sbtest3 WHERE id=5664635
	Delete on sbtest3  (cost=0.43..8.45 rows=0 width=0)
	  ->  Index Scan using sbtest3_pkey on sbtest3  (cost=0.43..8.45 rows=1 width=6)
	        Index Cond: (id = 5664635)

table 4 : explain DELETE FROM sbtest4 WHERE id=824003
	Delete on sbtest4  (cost=0.43..8.45 rows=0 width=0)
	  ->  Index Scan using sbtest4_pkey on sbtest4  (cost=0.43..8.45 rows=1 width=6)
	        Index Cond: (id = 824003)

table 5 : explain DELETE FROM sbtest5 WHERE id=1013975
	Delete on sbtest5  (cost=0.43..8.45 rows=0 width=0)
	  ->  Index Scan using sbtest5_pkey on sbtest5  (cost=0.43..8.45 rows=1 width=6)
	        Index Cond: (id = 1013975)

table 6 : explain DELETE FROM sbtest6 WHERE id=929641
	Delete on sbtest6  (cost=0.43..8.45 rows=0 width=0)
	  ->  Index Scan using sbtest6_pkey on sbtest6  (cost=0.43..8.45 rows=1 width=6)
	        Index Cond: (id = 929641)

table 7 : explain DELETE FROM sbtest7 WHERE id=8103709
	Delete on sbtest7  (cost=0.43..8.45 rows=0 width=0)
	  ->  Index Scan using sbtest7_pkey on sbtest7  (cost=0.43..8.45 rows=1 width=6)
	        Index Cond: (id = 8103709)

table 8 : explain DELETE FROM sbtest8 WHERE id=5509670
	Delete on sbtest8  (cost=0.43..8.45 rows=0 width=0)
	  ->  Index Scan using sbtest8_pkey on sbtest8  (cost=0.43..8.45 rows=1 width=6)
	        Index Cond: (id = 5509670)

explain: for non_index_updates :: explain UPDATE sbtest%u SET c='foobar' WHERE id=%u
for index_updates
table 1 : explain UPDATE sbtest1 SET k=k+1 WHERE id=2487639
	Update on sbtest1  (cost=0.43..8.46 rows=0 width=0)
	  ->  Index Scan using sbtest1_pkey on sbtest1  (cost=0.43..8.46 rows=1 width=10)
	        Index Cond: (id = 2487639)

table 2 : explain UPDATE sbtest2 SET k=k+1 WHERE id=7057009
	Update on sbtest2  (cost=0.43..8.46 rows=0 width=0)
	  ->  Index Scan using sbtest2_pkey on sbtest2  (cost=0.43..8.46 rows=1 width=10)
	        Index Cond: (id = 7057009)

table 3 : explain UPDATE sbtest3 SET k=k+1 WHERE id=278428
	Update on sbtest3  (cost=0.43..8.46 rows=0 width=0)
	  ->  Index Scan using sbtest3_pkey on sbtest3  (cost=0.43..8.46 rows=1 width=10)
	        Index Cond: (id = 278428)

table 4 : explain UPDATE sbtest4 SET k=k+1 WHERE id=1536910
	Update on sbtest4  (cost=0.43..8.46 rows=0 width=0)
	  ->  Index Scan using sbtest4_pkey on sbtest4  (cost=0.43..8.46 rows=1 width=10)
	        Index Cond: (id = 1536910)

table 5 : explain UPDATE sbtest5 SET k=k+1 WHERE id=2164690
	Update on sbtest5  (cost=0.43..8.46 rows=0 width=0)
	  ->  Index Scan using sbtest5_pkey on sbtest5  (cost=0.43..8.46 rows=1 width=10)
	        Index Cond: (id = 2164690)

table 6 : explain UPDATE sbtest6 SET k=k+1 WHERE id=8686990
	Update on sbtest6  (cost=0.43..8.46 rows=0 width=0)
	  ->  Index Scan using sbtest6_pkey on sbtest6  (cost=0.43..8.46 rows=1 width=10)
	        Index Cond: (id = 8686990)

table 7 : explain UPDATE sbtest7 SET k=k+1 WHERE id=772813
	Update on sbtest7  (cost=0.43..8.46 rows=0 width=0)
	  ->  Index Scan using sbtest7_pkey on sbtest7  (cost=0.43..8.46 rows=1 width=10)
	        Index Cond: (id = 772813)

table 8 : explain UPDATE sbtest8 SET k=k+1 WHERE id=7064097
	Update on sbtest8  (cost=0.43..8.46 rows=0 width=0)
	  ->  Index Scan using sbtest8_pkey on sbtest8  (cost=0.43..8.46 rows=1 width=10)
	        Index Cond: (id = 7064097)

for point_selects
table 1 : explain SELECT c FROM sbtest1 WHERE id=6693074
	Index Scan using sbtest1_pkey on sbtest1  (cost=0.43..8.45 rows=1 width=121)
	  Index Cond: (id = 6693074)

table 2 : explain SELECT c FROM sbtest2 WHERE id=6363864
	Index Scan using sbtest2_pkey on sbtest2  (cost=0.43..8.45 rows=1 width=121)
	  Index Cond: (id = 6363864)

table 3 : explain SELECT c FROM sbtest3 WHERE id=2427293
	Index Scan using sbtest3_pkey on sbtest3  (cost=0.43..8.45 rows=1 width=121)
	  Index Cond: (id = 2427293)

table 4 : explain SELECT c FROM sbtest4 WHERE id=814755
	Index Scan using sbtest4_pkey on sbtest4  (cost=0.43..8.45 rows=1 width=121)
	  Index Cond: (id = 814755)

table 5 : explain SELECT c FROM sbtest5 WHERE id=9968833
	Index Scan using sbtest5_pkey on sbtest5  (cost=0.43..8.45 rows=1 width=121)
	  Index Cond: (id = 9968833)

table 6 : explain SELECT c FROM sbtest6 WHERE id=7298308
	Index Scan using sbtest6_pkey on sbtest6  (cost=0.43..8.45 rows=1 width=121)
	  Index Cond: (id = 7298308)

table 7 : explain SELECT c FROM sbtest7 WHERE id=1511289
	Index Scan using sbtest7_pkey on sbtest7  (cost=0.43..8.45 rows=1 width=121)
	  Index Cond: (id = 1511289)

table 8 : explain SELECT c FROM sbtest8 WHERE id=7348405
	Index Scan using sbtest8_pkey on sbtest8  (cost=0.43..8.45 rows=1 width=121)
	  Index Cond: (id = 7348405)

for: sum_ranges
table 1 : explain SELECT SUM(k) FROM sbtest1 WHERE id BETWEEN 2686348 AND 2686447
	Aggregate  (cost=388.79..388.80 rows=1 width=8)
	  ->  Index Scan using sbtest1_pkey on sbtest1  (cost=0.43..388.54 rows=99 width=4)
	        Index Cond: ((id >= 2686348) AND (id <= 2686447))

table 2 : explain SELECT SUM(k) FROM sbtest2 WHERE id BETWEEN 7672531 AND 7672630
	Aggregate  (cost=416.91..416.92 rows=1 width=8)
	  ->  Index Scan using sbtest2_pkey on sbtest2  (cost=0.43..416.64 rows=106 width=4)
	        Index Cond: ((id >= 7672531) AND (id <= 7672630))

table 3 : explain SELECT SUM(k) FROM sbtest3 WHERE id BETWEEN 8191170 AND 8191269
	Aggregate  (cost=353.13..353.14 rows=1 width=8)
	  ->  Index Scan using sbtest3_pkey on sbtest3  (cost=0.43..352.90 rows=90 width=4)
	        Index Cond: ((id >= 8191170) AND (id <= 8191269))

table 4 : explain SELECT SUM(k) FROM sbtest4 WHERE id BETWEEN 5002167 AND 5002266
	Aggregate  (cost=397.12..397.13 rows=1 width=8)
	  ->  Index Scan using sbtest4_pkey on sbtest4  (cost=0.43..396.87 rows=101 width=4)
	        Index Cond: ((id >= 5002167) AND (id <= 5002266))

table 5 : explain SELECT SUM(k) FROM sbtest5 WHERE id BETWEEN 9572794 AND 9572893
	Aggregate  (cost=411.43..411.44 rows=1 width=8)
	  ->  Index Scan using sbtest5_pkey on sbtest5  (cost=0.43..411.17 rows=105 width=4)
	        Index Cond: ((id >= 9572794) AND (id <= 9572893))

table 6 : explain SELECT SUM(k) FROM sbtest6 WHERE id BETWEEN 8102498 AND 8102597
	Aggregate  (cost=353.61..353.62 rows=1 width=8)
	  ->  Index Scan using sbtest6_pkey on sbtest6  (cost=0.43..353.38 rows=90 width=4)
	        Index Cond: ((id >= 8102498) AND (id <= 8102597))

table 7 : explain SELECT SUM(k) FROM sbtest7 WHERE id BETWEEN 4066410 AND 4066509
	Aggregate  (cost=390.70..390.71 rows=1 width=8)
	  ->  Index Scan using sbtest7_pkey on sbtest7  (cost=0.43..390.45 rows=100 width=4)
	        Index Cond: ((id >= 4066410) AND (id <= 4066509))

table 8 : explain SELECT SUM(k) FROM sbtest8 WHERE id BETWEEN 7717110 AND 7717209
	Aggregate  (cost=340.86..340.87 rows=1 width=8)
	  ->  Index Scan using sbtest8_pkey on sbtest8  (cost=0.43..340.64 rows=87 width=4)
	        Index Cond: ((id >= 7717110) AND (id <= 7717209))

for: order_ranges
table 1 : explain SELECT c FROM sbtest1 WHERE id BETWEEN 6419950 AND 6420049 ORDER BY c
	Sort  (cost=407.53..407.79 rows=103 width=121)
	  Sort Key: c
	  ->  Index Scan using sbtest1_pkey on sbtest1  (cost=0.43..404.09 rows=103 width=121)
	        Index Cond: ((id >= 6419950) AND (id <= 6420049))

table 2 : explain SELECT c FROM sbtest2 WHERE id BETWEEN 6314081 AND 6314180 ORDER BY c
	Sort  (cost=435.92..436.19 rows=110 width=121)
	  Sort Key: c
	  ->  Index Scan using sbtest2_pkey on sbtest2  (cost=0.43..432.19 rows=110 width=121)
	        Index Cond: ((id >= 6314081) AND (id <= 6314180))

table 3 : explain SELECT c FROM sbtest3 WHERE id BETWEEN 5248528 AND 5248627 ORDER BY c
	Sort  (cost=410.60..410.86 rows=104 width=121)
	  Sort Key: c
	  ->  Index Scan using sbtest3_pkey on sbtest3  (cost=0.43..407.11 rows=104 width=121)
	        Index Cond: ((id >= 5248528) AND (id <= 5248627))

table 4 : explain SELECT c FROM sbtest4 WHERE id BETWEEN 6827290 AND 6827389 ORDER BY c
	Sort  (cost=372.74..372.97 rows=94 width=121)
	  Sort Key: c
	  ->  Index Scan using sbtest4_pkey on sbtest4  (cost=0.43..369.66 rows=94 width=121)
	        Index Cond: ((id >= 6827290) AND (id <= 6827389))

table 5 : explain SELECT c FROM sbtest5 WHERE id BETWEEN 2805593 AND 2805692 ORDER BY c
	Sort  (cost=438.17..438.45 rows=111 width=121)
	  Sort Key: c
	  ->  Index Scan using sbtest5_pkey on sbtest5  (cost=0.43..434.40 rows=111 width=121)
	        Index Cond: ((id >= 2805593) AND (id <= 2805692))

table 6 : explain SELECT c FROM sbtest6 WHERE id BETWEEN 8894650 AND 8894749 ORDER BY c
	Sort  (cost=403.32..403.57 rows=102 width=121)
	  Sort Key: c
	  ->  Index Scan using sbtest6_pkey on sbtest6  (cost=0.43..399.92 rows=102 width=121)
	        Index Cond: ((id >= 8894650) AND (id <= 8894749))

table 7 : explain SELECT c FROM sbtest7 WHERE id BETWEEN 264028 AND 264127 ORDER BY c
	Sort  (cost=393.77..394.02 rows=100 width=121)
	  Sort Key: c
	  ->  Index Scan using sbtest7_pkey on sbtest7  (cost=0.43..390.45 rows=100 width=121)
	        Index Cond: ((id >= 264028) AND (id <= 264127))

table 8 : explain SELECT c FROM sbtest8 WHERE id BETWEEN 2733175 AND 2733274 ORDER BY c
	Sort  (cost=448.85..449.13 rows=114 width=121)
	  Sort Key: c
	  ->  Index Scan using sbtest8_pkey on sbtest8  (cost=0.43..444.95 rows=114 width=121)
	        Index Cond: ((id >= 2733175) AND (id <= 2733274))

explain: for point_selects :: explain SELECT c FROM sbtest%u WHERE id=%u
explain: for non_index_updates :: explain UPDATE sbtest%u SET c='foobar' WHERE id=%u
explain: for inserts :: explain INSERT INTO sbtest%u (id, k, c, pad) VALUES (%u, 13, 'foobar', 'foobar')
for: simple_ranges
table 1 : explain SELECT c FROM sbtest1 WHERE id BETWEEN 1656581 AND 1656680
	Index Scan using sbtest1_pkey on sbtest1  (cost=0.43..396.29 rows=101 width=121)
	  Index Cond: ((id >= 1656581) AND (id <= 1656680))

table 2 : explain SELECT c FROM sbtest2 WHERE id BETWEEN 6537883 AND 6537982
	Index Scan using sbtest2_pkey on sbtest2  (cost=0.43..416.64 rows=106 width=121)
	  Index Cond: ((id >= 6537883) AND (id <= 6537982))

table 3 : explain SELECT c FROM sbtest3 WHERE id BETWEEN 8344099 AND 8344198
	Index Scan using sbtest3_pkey on sbtest3  (cost=0.43..341.29 rows=87 width=121)
	  Index Cond: ((id >= 8344099) AND (id <= 8344198))

table 4 : explain SELECT c FROM sbtest4 WHERE id BETWEEN 9777012 AND 9777111
	Index Scan using sbtest4_pkey on sbtest4  (cost=0.43..404.64 rows=103 width=121)
	  Index Cond: ((id >= 9777012) AND (id <= 9777111))

table 5 : explain SELECT c FROM sbtest5 WHERE id BETWEEN 3630715 AND 3630814
	Index Scan using sbtest5_pkey on sbtest5  (cost=0.43..399.56 rows=102 width=121)
	  Index Cond: ((id >= 3630715) AND (id <= 3630814))

table 6 : explain SELECT c FROM sbtest6 WHERE id BETWEEN 5122367 AND 5122466
	Index Scan using sbtest6_pkey on sbtest6  (cost=0.43..446.41 rows=114 width=121)
	  Index Cond: ((id >= 5122367) AND (id <= 5122466))

table 7 : explain SELECT c FROM sbtest7 WHERE id BETWEEN 3980556 AND 3980655
	Index Scan using sbtest7_pkey on sbtest7  (cost=0.43..374.98 rows=96 width=121)
	  Index Cond: ((id >= 3980556) AND (id <= 3980655))

table 8 : explain SELECT c FROM sbtest8 WHERE id BETWEEN 2734024 AND 2734123
	Index Scan using sbtest8_pkey on sbtest8  (cost=0.43..444.95 rows=114 width=121)
	  Index Cond: ((id >= 2734024) AND (id <= 2734123))

for non_index_updates
table 1 : explain UPDATE sbtest1 SET c='foobar' WHERE id=1981528
	Update on sbtest1  (cost=0.43..8.45 rows=0 width=0)
	  ->  Index Scan using sbtest1_pkey on sbtest1  (cost=0.43..8.45 rows=1 width=490)
	        Index Cond: (id = 1981528)

table 2 : explain UPDATE sbtest2 SET c='foobar' WHERE id=1703817
	Update on sbtest2  (cost=0.43..8.45 rows=0 width=0)
	  ->  Index Scan using sbtest2_pkey on sbtest2  (cost=0.43..8.45 rows=1 width=490)
	        Index Cond: (id = 1703817)

table 3 : explain UPDATE sbtest3 SET c='foobar' WHERE id=2853969
	Update on sbtest3  (cost=0.43..8.45 rows=0 width=0)
	  ->  Index Scan using sbtest3_pkey on sbtest3  (cost=0.43..8.45 rows=1 width=490)
	        Index Cond: (id = 2853969)

table 4 : explain UPDATE sbtest4 SET c='foobar' WHERE id=3923216
	Update on sbtest4  (cost=0.43..8.45 rows=0 width=0)
	  ->  Index Scan using sbtest4_pkey on sbtest4  (cost=0.43..8.45 rows=1 width=490)
	        Index Cond: (id = 3923216)

table 5 : explain UPDATE sbtest5 SET c='foobar' WHERE id=2425934
	Update on sbtest5  (cost=0.43..8.45 rows=0 width=0)
	  ->  Index Scan using sbtest5_pkey on sbtest5  (cost=0.43..8.45 rows=1 width=490)
	        Index Cond: (id = 2425934)

table 6 : explain UPDATE sbtest6 SET c='foobar' WHERE id=1049939
	Update on sbtest6  (cost=0.43..8.45 rows=0 width=0)
	  ->  Index Scan using sbtest6_pkey on sbtest6  (cost=0.43..8.45 rows=1 width=490)
	        Index Cond: (id = 1049939)

table 7 : explain UPDATE sbtest7 SET c='foobar' WHERE id=7972371
	Update on sbtest7  (cost=0.43..8.45 rows=0 width=0)
	  ->  Index Scan using sbtest7_pkey on sbtest7  (cost=0.43..8.45 rows=1 width=490)
	        Index Cond: (id = 7972371)

table 8 : explain UPDATE sbtest8 SET c='foobar' WHERE id=4649757
	Update on sbtest8  (cost=0.43..8.45 rows=0 width=0)
	  ->  Index Scan using sbtest8_pkey on sbtest8  (cost=0.43..8.45 rows=1 width=490)
	        Index Cond: (id = 4649757)

for point_selects
table 1 : explain SELECT c FROM sbtest1 WHERE id=6032190
	Index Scan using sbtest1_pkey on sbtest1  (cost=0.43..8.45 rows=1 width=121)
	  Index Cond: (id = 6032190)

table 2 : explain SELECT c FROM sbtest2 WHERE id=2383503
	Index Scan using sbtest2_pkey on sbtest2  (cost=0.43..8.45 rows=1 width=121)
	  Index Cond: (id = 2383503)

table 3 : explain SELECT c FROM sbtest3 WHERE id=9284896
	Index Scan using sbtest3_pkey on sbtest3  (cost=0.43..8.45 rows=1 width=121)
	  Index Cond: (id = 9284896)

table 4 : explain SELECT c FROM sbtest4 WHERE id=8980734
	Index Scan using sbtest4_pkey on sbtest4  (cost=0.43..8.45 rows=1 width=121)
	  Index Cond: (id = 8980734)

table 5 : explain SELECT c FROM sbtest5 WHERE id=9421500
	Index Scan using sbtest5_pkey on sbtest5  (cost=0.43..8.45 rows=1 width=121)
	  Index Cond: (id = 9421500)

table 6 : explain SELECT c FROM sbtest6 WHERE id=8870515
	Index Scan using sbtest6_pkey on sbtest6  (cost=0.43..8.45 rows=1 width=121)
	  Index Cond: (id = 8870515)

table 7 : explain SELECT c FROM sbtest7 WHERE id=1380147
	Index Scan using sbtest7_pkey on sbtest7  (cost=0.43..8.45 rows=1 width=121)
	  Index Cond: (id = 1380147)

table 8 : explain SELECT c FROM sbtest8 WHERE id=5410370
	Index Scan using sbtest8_pkey on sbtest8  (cost=0.43..8.45 rows=1 width=121)
	  Index Cond: (id = 5410370)

explain: for deletes :: explain DELETE FROM sbtest%u WHERE id=%u
for: distinct_ranges
table 1 : explain SELECT DISTINCT c FROM sbtest1 WHERE id BETWEEN 7968429 AND 7968528 ORDER BY c
	Unique  (cost=407.53..408.04 rows=103 width=121)
	  ->  Sort  (cost=407.53..407.79 rows=103 width=121)
	        Sort Key: c
	        ->  Index Scan using sbtest1_pkey on sbtest1  (cost=0.43..404.09 rows=103 width=121)
	              Index Cond: ((id >= 7968429) AND (id <= 7968528))

table 2 : explain SELECT DISTINCT c FROM sbtest2 WHERE id BETWEEN 4639599 AND 4639698 ORDER BY c
	Unique  (cost=400.57..401.07 rows=101 width=121)
	  ->  Sort  (cost=400.57..400.82 rows=101 width=121)
	        Sort Key: c
	        ->  Index Scan using sbtest2_pkey on sbtest2  (cost=0.43..397.21 rows=101 width=121)
	              Index Cond: ((id >= 4639599) AND (id <= 4639698))

table 3 : explain SELECT DISTINCT c FROM sbtest3 WHERE id BETWEEN 6335010 AND 6335109 ORDER BY c
	Unique  (cost=414.51..415.03 rows=105 width=121)
	  ->  Sort  (cost=414.51..414.77 rows=105 width=121)
	        Sort Key: c
	        ->  Index Scan using sbtest3_pkey on sbtest3  (cost=0.43..410.98 rows=105 width=121)
	              Index Cond: ((id >= 6335010) AND (id <= 6335109))

table 4 : explain SELECT DISTINCT c FROM sbtest4 WHERE id BETWEEN 1398964 AND 1399063 ORDER BY c
	Unique  (cost=388.43..388.92 rows=98 width=121)
	  ->  Sort  (cost=388.43..388.67 rows=98 width=121)
	        Sort Key: c
	        ->  Index Scan using sbtest4_pkey on sbtest4  (cost=0.43..385.19 rows=98 width=121)
	              Index Cond: ((id >= 1398964) AND (id <= 1399063))

table 5 : explain SELECT DISTINCT c FROM sbtest5 WHERE id BETWEEN 7618253 AND 7618352 ORDER BY c
	Unique  (cost=426.43..426.97 rows=108 width=121)
	  ->  Sort  (cost=426.43..426.70 rows=108 width=121)
	        Sort Key: c
	        ->  Index Scan using sbtest5_pkey on sbtest5  (cost=0.43..422.79 rows=108 width=121)
	              Index Cond: ((id >= 7618253) AND (id <= 7618352))

table 6 : explain SELECT DISTINCT c FROM sbtest6 WHERE id BETWEEN 6744402 AND 6744501 ORDER BY c
	Unique  (cost=383.71..384.19 rows=97 width=121)
	  ->  Sort  (cost=383.71..383.95 rows=97 width=121)
	        Sort Key: c
	        ->  Index Scan using sbtest6_pkey on sbtest6  (cost=0.43..380.51 rows=97 width=121)
	              Index Cond: ((id >= 6744402) AND (id <= 6744501))

table 7 : explain SELECT DISTINCT c FROM sbtest7 WHERE id BETWEEN 3125205 AND 3125304 ORDER BY c
	Unique  (cost=413.26..413.79 rows=105 width=121)
	  ->  Sort  (cost=413.26..413.52 rows=105 width=121)
	        Sort Key: c
	        ->  Index Scan using sbtest7_pkey on sbtest7  (cost=0.43..409.74 rows=105 width=121)
	              Index Cond: ((id >= 3125205) AND (id <= 3125304))

table 8 : explain SELECT DISTINCT c FROM sbtest8 WHERE id BETWEEN 8757840 AND 8757939 ORDER BY c
	Unique  (cost=359.05..359.51 rows=91 width=121)
	  ->  Sort  (cost=359.05..359.28 rows=91 width=121)
	        Sort Key: c
	        ->  Index Scan using sbtest8_pkey on sbtest8  (cost=0.43..356.09 rows=91 width=121)
	              Index Cond: ((id >= 8757840) AND (id <= 8757939))

explain: for point_selects :: explain SELECT c FROM sbtest%u WHERE id=%u
for point_selects
table 1 : explain SELECT c FROM sbtest1 WHERE id=5514215
	Index Scan using sbtest1_pkey on sbtest1  (cost=0.43..8.45 rows=1 width=121)
	  Index Cond: (id = 5514215)

table 2 : explain SELECT c FROM sbtest2 WHERE id=1537422
	Index Scan using sbtest2_pkey on sbtest2  (cost=0.43..8.45 rows=1 width=121)
	  Index Cond: (id = 1537422)

table 3 : explain SELECT c FROM sbtest3 WHERE id=4648400
	Index Scan using sbtest3_pkey on sbtest3  (cost=0.43..8.45 rows=1 width=121)
	  Index Cond: (id = 4648400)

table 4 : explain SELECT c FROM sbtest4 WHERE id=396024
	Index Scan using sbtest4_pkey on sbtest4  (cost=0.43..8.45 rows=1 width=121)
	  Index Cond: (id = 396024)

table 5 : explain SELECT c FROM sbtest5 WHERE id=9210491
	Index Scan using sbtest5_pkey on sbtest5  (cost=0.43..8.45 rows=1 width=121)
	  Index Cond: (id = 9210491)

table 6 : explain SELECT c FROM sbtest6 WHERE id=3126649
	Index Scan using sbtest6_pkey on sbtest6  (cost=0.43..8.45 rows=1 width=121)
	  Index Cond: (id = 3126649)

table 7 : explain SELECT c FROM sbtest7 WHERE id=9680223
	Index Scan using sbtest7_pkey on sbtest7  (cost=0.43..8.45 rows=1 width=121)
	  Index Cond: (id = 9680223)

table 8 : explain SELECT c FROM sbtest8 WHERE id=5825695
	Index Scan using sbtest8_pkey on sbtest8  (cost=0.43..8.45 rows=1 width=121)
	  Index Cond: (id = 5825695)

for non_index_updates
table 1 : explain UPDATE sbtest1 SET c='foobar' WHERE id=3682084
	Update on sbtest1  (cost=0.43..8.45 rows=0 width=0)
	  ->  Index Scan using sbtest1_pkey on sbtest1  (cost=0.43..8.45 rows=1 width=490)
	        Index Cond: (id = 3682084)

table 2 : explain UPDATE sbtest2 SET c='foobar' WHERE id=6379429
	Update on sbtest2  (cost=0.43..8.45 rows=0 width=0)
	  ->  Index Scan using sbtest2_pkey on sbtest2  (cost=0.43..8.45 rows=1 width=490)
	        Index Cond: (id = 6379429)

table 3 : explain UPDATE sbtest3 SET c='foobar' WHERE id=630938
	Update on sbtest3  (cost=0.43..8.45 rows=0 width=0)
	  ->  Index Scan using sbtest3_pkey on sbtest3  (cost=0.43..8.45 rows=1 width=490)
	        Index Cond: (id = 630938)

table 4 : explain UPDATE sbtest4 SET c='foobar' WHERE id=5839204
	Update on sbtest4  (cost=0.43..8.45 rows=0 width=0)
	  ->  Index Scan using sbtest4_pkey on sbtest4  (cost=0.43..8.45 rows=1 width=490)
	        Index Cond: (id = 5839204)

table 5 : explain UPDATE sbtest5 SET c='foobar' WHERE id=2614751
	Update on sbtest5  (cost=0.43..8.45 rows=0 width=0)
	  ->  Index Scan using sbtest5_pkey on sbtest5  (cost=0.43..8.45 rows=1 width=490)
	        Index Cond: (id = 2614751)

table 6 : explain UPDATE sbtest6 SET c='foobar' WHERE id=5337208
	Update on sbtest6  (cost=0.43..8.45 rows=0 width=0)
	  ->  Index Scan using sbtest6_pkey on sbtest6  (cost=0.43..8.45 rows=1 width=490)
	        Index Cond: (id = 5337208)

table 7 : explain UPDATE sbtest7 SET c='foobar' WHERE id=9044294
	Update on sbtest7  (cost=0.43..8.45 rows=0 width=0)
	  ->  Index Scan using sbtest7_pkey on sbtest7  (cost=0.43..8.45 rows=1 width=490)
	        Index Cond: (id = 9044294)

table 8 : explain UPDATE sbtest8 SET c='foobar' WHERE id=3565432
	Update on sbtest8  (cost=0.43..8.45 rows=0 width=0)
	  ->  Index Scan using sbtest8_pkey on sbtest8  (cost=0.43..8.45 rows=1 width=490)
	        Index Cond: (id = 3565432)

for inserts
table 1 : explain INSERT INTO sbtest1 (id, k, c, pad) VALUES (5522998, 13, 'foobar', 'foobar')
	Insert on sbtest1  (cost=0.00..0.01 rows=0 width=0)
	  ->  Result  (cost=0.00..0.01 rows=1 width=736)

table 2 : explain INSERT INTO sbtest2 (id, k, c, pad) VALUES (2507714, 13, 'foobar', 'foobar')
	Insert on sbtest2  (cost=0.00..0.01 rows=0 width=0)
	  ->  Result  (cost=0.00..0.01 rows=1 width=736)

table 3 : explain INSERT INTO sbtest3 (id, k, c, pad) VALUES (513551, 13, 'foobar', 'foobar')
	Insert on sbtest3  (cost=0.00..0.01 rows=0 width=0)
	  ->  Result  (cost=0.00..0.01 rows=1 width=736)

table 4 : explain INSERT INTO sbtest4 (id, k, c, pad) VALUES (2451241, 13, 'foobar', 'foobar')
	Insert on sbtest4  (cost=0.00..0.01 rows=0 width=0)
	  ->  Result  (cost=0.00..0.01 rows=1 width=736)

table 5 : explain INSERT INTO sbtest5 (id, k, c, pad) VALUES (3064494, 13, 'foobar', 'foobar')
	Insert on sbtest5  (cost=0.00..0.01 rows=0 width=0)
	  ->  Result  (cost=0.00..0.01 rows=1 width=736)

table 6 : explain INSERT INTO sbtest6 (id, k, c, pad) VALUES (7311398, 13, 'foobar', 'foobar')
	Insert on sbtest6  (cost=0.00..0.01 rows=0 width=0)
	  ->  Result  (cost=0.00..0.01 rows=1 width=736)

table 7 : explain INSERT INTO sbtest7 (id, k, c, pad) VALUES (3846374, 13, 'foobar', 'foobar')
	Insert on sbtest7  (cost=0.00..0.01 rows=0 width=0)
	  ->  Result  (cost=0.00..0.01 rows=1 width=736)

table 8 : explain INSERT INTO sbtest8 (id, k, c, pad) VALUES (429067, 13, 'foobar', 'foobar')
	Insert on sbtest8  (cost=0.00..0.01 rows=0 width=0)
	  ->  Result  (cost=0.00..0.01 rows=1 width=736)

explain: for index_updates :: explain UPDATE sbtest%u SET k=k+1 WHERE id=%u
for point_selects
table 1 : explain SELECT c FROM sbtest1 WHERE id=9497205
	Index Scan using sbtest1_pkey on sbtest1  (cost=0.43..8.45 rows=1 width=121)
	  Index Cond: (id = 9497205)

table 2 : explain SELECT c FROM sbtest2 WHERE id=6597351
	Index Scan using sbtest2_pkey on sbtest2  (cost=0.43..8.45 rows=1 width=121)
	  Index Cond: (id = 6597351)

table 3 : explain SELECT c FROM sbtest3 WHERE id=9525916
	Index Scan using sbtest3_pkey on sbtest3  (cost=0.43..8.45 rows=1 width=121)
	  Index Cond: (id = 9525916)

table 4 : explain SELECT c FROM sbtest4 WHERE id=3370285
	Index Scan using sbtest4_pkey on sbtest4  (cost=0.43..8.45 rows=1 width=121)
	  Index Cond: (id = 3370285)

table 5 : explain SELECT c FROM sbtest5 WHERE id=5956960
	Index Scan using sbtest5_pkey on sbtest5  (cost=0.43..8.45 rows=1 width=121)
	  Index Cond: (id = 5956960)

table 6 : explain SELECT c FROM sbtest6 WHERE id=3446084
	Index Scan using sbtest6_pkey on sbtest6  (cost=0.43..8.45 rows=1 width=121)
	  Index Cond: (id = 3446084)

table 7 : explain SELECT c FROM sbtest7 WHERE id=8868126
	Index Scan using sbtest7_pkey on sbtest7  (cost=0.43..8.45 rows=1 width=121)
	  Index Cond: (id = 8868126)

table 8 : explain SELECT c FROM sbtest8 WHERE id=105462
	Index Scan using sbtest8_pkey on sbtest8  (cost=0.43..8.45 rows=1 width=121)
	  Index Cond: (id = 105462)

for deletes
table 1 : explain DELETE FROM sbtest1 WHERE id=3914970
	Delete on sbtest1  (cost=0.43..8.45 rows=0 width=0)
	  ->  Index Scan using sbtest1_pkey on sbtest1  (cost=0.43..8.45 rows=1 width=6)
	        Index Cond: (id = 3914970)

table 2 : explain DELETE FROM sbtest2 WHERE id=8891091
	Delete on sbtest2  (cost=0.43..8.45 rows=0 width=0)
	  ->  Index Scan using sbtest2_pkey on sbtest2  (cost=0.43..8.45 rows=1 width=6)
	        Index Cond: (id = 8891091)

table 3 : explain DELETE FROM sbtest3 WHERE id=9672901
	Delete on sbtest3  (cost=0.43..8.45 rows=0 width=0)
	  ->  Index Scan using sbtest3_pkey on sbtest3  (cost=0.43..8.45 rows=1 width=6)
	        Index Cond: (id = 9672901)

table 4 : explain DELETE FROM sbtest4 WHERE id=1064004
	Delete on sbtest4  (cost=0.43..8.45 rows=0 width=0)
	  ->  Index Scan using sbtest4_pkey on sbtest4  (cost=0.43..8.45 rows=1 width=6)
	        Index Cond: (id = 1064004)

table 5 : explain DELETE FROM sbtest5 WHERE id=2320608
	Delete on sbtest5  (cost=0.43..8.45 rows=0 width=0)
	  ->  Index Scan using sbtest5_pkey on sbtest5  (cost=0.43..8.45 rows=1 width=6)
	        Index Cond: (id = 2320608)

table 6 : explain DELETE FROM sbtest6 WHERE id=3704448
	Delete on sbtest6  (cost=0.43..8.45 rows=0 width=0)
	  ->  Index Scan using sbtest6_pkey on sbtest6  (cost=0.43..8.45 rows=1 width=6)
	        Index Cond: (id = 3704448)

table 7 : explain DELETE FROM sbtest7 WHERE id=5821198
	Delete on sbtest7  (cost=0.43..8.45 rows=0 width=0)
	  ->  Index Scan using sbtest7_pkey on sbtest7  (cost=0.43..8.45 rows=1 width=6)
	        Index Cond: (id = 5821198)

table 8 : explain DELETE FROM sbtest8 WHERE id=5765302
	Delete on sbtest8  (cost=0.43..8.45 rows=0 width=0)
	  ->  Index Scan using sbtest8_pkey on sbtest8  (cost=0.43..8.45 rows=1 width=6)
	        Index Cond: (id = 5765302)

explain: for deletes :: explain DELETE FROM sbtest%u WHERE id=%u
for: sum_ranges
table 1 : explain SELECT SUM(k) FROM sbtest1 WHERE id BETWEEN 2270844 AND 2270943
	Aggregate  (cost=349.99..350.00 rows=1 width=8)
	  ->  Index Scan using sbtest1_pkey on sbtest1  (cost=0.43..349.76 rows=89 width=4)
	        Index Cond: ((id >= 2270844) AND (id <= 2270943))

table 2 : explain SELECT SUM(k) FROM sbtest2 WHERE id BETWEEN 8004859 AND 8004958
	Aggregate  (cost=342.98..342.99 rows=1 width=8)
	  ->  Index Scan using sbtest2_pkey on sbtest2  (cost=0.43..342.76 rows=87 width=4)
	        Index Cond: ((id >= 8004859) AND (id <= 8004958))

table 3 : explain SELECT SUM(k) FROM sbtest3 WHERE id BETWEEN 3445838 AND 3445937
	Aggregate  (cost=384.10..384.11 rows=1 width=8)
	  ->  Index Scan using sbtest3_pkey on sbtest3  (cost=0.43..383.86 rows=98 width=4)
	        Index Cond: ((id >= 3445838) AND (id <= 3445937))

table 4 : explain SELECT SUM(k) FROM sbtest4 WHERE id BETWEEN 8599810 AND 8599909
	Aggregate  (cost=369.89..369.90 rows=1 width=8)
	  ->  Index Scan using sbtest4_pkey on sbtest4  (cost=0.43..369.66 rows=94 width=4)
	        Index Cond: ((id >= 8599810) AND (id <= 8599909))

table 5 : explain SELECT SUM(k) FROM sbtest5 WHERE id BETWEEN 8525614 AND 8525713
	Aggregate  (cost=333.92..333.93 rows=1 width=8)
	  ->  Index Scan using sbtest5_pkey on sbtest5  (cost=0.43..333.71 rows=85 width=4)
	        Index Cond: ((id >= 8525614) AND (id <= 8525713))

table 6 : explain SELECT SUM(k) FROM sbtest6 WHERE id BETWEEN 1288541 AND 1288640
	Aggregate  (cost=353.61..353.62 rows=1 width=8)
	  ->  Index Scan using sbtest6_pkey on sbtest6  (cost=0.43..353.38 rows=90 width=4)
	        Index Cond: ((id >= 1288541) AND (id <= 1288640))

table 7 : explain SELECT SUM(k) FROM sbtest7 WHERE id BETWEEN 5506714 AND 5506813
	Aggregate  (cost=410.00..410.01 rows=1 width=8)
	  ->  Index Scan using sbtest7_pkey on sbtest7  (cost=0.43..409.74 rows=105 width=4)
	        Index Cond: ((id >= 5506714) AND (id <= 5506813))

table 8 : explain SELECT SUM(k) FROM sbtest8 WHERE id BETWEEN 8521558 AND 8521657
	Aggregate  (cost=360.18..360.19 rows=1 width=8)
	  ->  Index Scan using sbtest8_pkey on sbtest8  (cost=0.43..359.95 rows=92 width=4)
	        Index Cond: ((id >= 8521558) AND (id <= 8521657))

for: order_ranges
table 1 : explain SELECT c FROM sbtest1 WHERE id BETWEEN 3090172 AND 3090271 ORDER BY c
	Sort  (cost=411.45..411.71 rows=104 width=121)
	  Sort Key: c
	  ->  Index Scan using sbtest1_pkey on sbtest1  (cost=0.43..407.96 rows=104 width=121)
	        Index Cond: ((id >= 3090172) AND (id <= 3090271))

table 2 : explain SELECT c FROM sbtest2 WHERE id BETWEEN 1250849 AND 1250948 ORDER BY c
	Sort  (cost=451.63..451.91 rows=114 width=121)
	  Sort Key: c
	  ->  Index Scan using sbtest2_pkey on sbtest2  (cost=0.43..447.73 rows=114 width=121)
	        Index Cond: ((id >= 1250849) AND (id <= 1250948))

table 3 : explain SELECT c FROM sbtest3 WHERE id BETWEEN 2446513 AND 2446612 ORDER BY c
	Sort  (cost=387.10..387.34 rows=98 width=121)
	  Sort Key: c
	  ->  Index Scan using sbtest3_pkey on sbtest3  (cost=0.43..383.86 rows=98 width=121)
	        Index Cond: ((id >= 2446513) AND (id <= 2446612))

table 4 : explain SELECT c FROM sbtest4 WHERE id BETWEEN 7337419 AND 7337518 ORDER BY c
	Sort  (cost=404.16..404.41 rows=102 width=121)
	  Sort Key: c
	  ->  Index Scan using sbtest4_pkey on sbtest4  (cost=0.43..400.76 rows=102 width=121)
	        Index Cond: ((id >= 7337419) AND (id <= 7337518))

table 5 : explain SELECT c FROM sbtest5 WHERE id BETWEEN 612534 AND 612633 ORDER BY c
	Sort  (cost=367.72..367.95 rows=93 width=121)
	  Sort Key: c
	  ->  Index Scan using sbtest5_pkey on sbtest5  (cost=0.43..364.68 rows=93 width=121)
	        Index Cond: ((id >= 612534) AND (id <= 612633))

table 6 : explain SELECT c FROM sbtest6 WHERE id BETWEEN 7184787 AND 7184886 ORDER BY c
	Sort  (cost=368.05..368.28 rows=93 width=121)
	  Sort Key: c
	  ->  Index Scan using sbtest6_pkey on sbtest6  (cost=0.43..365.01 rows=93 width=121)
	        Index Cond: ((id >= 7184787) AND (id <= 7184886))

table 7 : explain SELECT c FROM sbtest7 WHERE id BETWEEN 8598784 AND 8598883 ORDER BY c
	Sort  (cost=358.65..358.88 rows=91 width=121)
	  Sort Key: c
	  ->  Index Scan using sbtest7_pkey on sbtest7  (cost=0.43..355.69 rows=91 width=121)
	        Index Cond: ((id >= 8598784) AND (id <= 8598883))

table 8 : explain SELECT c FROM sbtest8 WHERE id BETWEEN 9562160 AND 9562259 ORDER BY c
	Sort  (cost=374.66..374.90 rows=95 width=121)
	  Sort Key: c
	  ->  Index Scan using sbtest8_pkey on sbtest8  (cost=0.43..371.54 rows=95 width=121)
	        Index Cond: ((id >= 9562160) AND (id <= 9562259))

explain: for inserts :: explain INSERT INTO sbtest%u (id, k, c, pad) VALUES (%u, 13, 'foobar', 'foobar')
for deletes
table 1 : explain DELETE FROM sbtest1 WHERE id=5672405
	Delete on sbtest1  (cost=0.43..8.45 rows=0 width=0)
	  ->  Index Scan using sbtest1_pkey on sbtest1  (cost=0.43..8.45 rows=1 width=6)
	        Index Cond: (id = 5672405)

table 2 : explain DELETE FROM sbtest2 WHERE id=1221432
	Delete on sbtest2  (cost=0.43..8.45 rows=0 width=0)
	  ->  Index Scan using sbtest2_pkey on sbtest2  (cost=0.43..8.45 rows=1 width=6)
	        Index Cond: (id = 1221432)

table 3 : explain DELETE FROM sbtest3 WHERE id=2311188
	Delete on sbtest3  (cost=0.43..8.45 rows=0 width=0)
	  ->  Index Scan using sbtest3_pkey on sbtest3  (cost=0.43..8.45 rows=1 width=6)
	        Index Cond: (id = 2311188)

table 4 : explain DELETE FROM sbtest4 WHERE id=6563591
	Delete on sbtest4  (cost=0.43..8.45 rows=0 width=0)
	  ->  Index Scan using sbtest4_pkey on sbtest4  (cost=0.43..8.45 rows=1 width=6)
	        Index Cond: (id = 6563591)

table 5 : explain DELETE FROM sbtest5 WHERE id=8710476
	Delete on sbtest5  (cost=0.43..8.45 rows=0 width=0)
	  ->  Index Scan using sbtest5_pkey on sbtest5  (cost=0.43..8.45 rows=1 width=6)
	        Index Cond: (id = 8710476)

table 6 : explain DELETE FROM sbtest6 WHERE id=4807934
	Delete on sbtest6  (cost=0.43..8.45 rows=0 width=0)
	  ->  Index Scan using sbtest6_pkey on sbtest6  (cost=0.43..8.45 rows=1 width=6)
	        Index Cond: (id = 4807934)

table 7 : explain DELETE FROM sbtest7 WHERE id=1518104
	Delete on sbtest7  (cost=0.43..8.45 rows=0 width=0)
	  ->  Index Scan using sbtest7_pkey on sbtest7  (cost=0.43..8.45 rows=1 width=6)
	        Index Cond: (id = 1518104)

table 8 : explain DELETE FROM sbtest8 WHERE id=5785831
	Delete on sbtest8  (cost=0.43..8.45 rows=0 width=0)
	  ->  Index Scan using sbtest8_pkey on sbtest8  (cost=0.43..8.45 rows=1 width=6)
	        Index Cond: (id = 5785831)

for index_updates
table 1 : explain UPDATE sbtest1 SET k=k+1 WHERE id=9914381
	Update on sbtest1  (cost=0.43..8.46 rows=0 width=0)
	  ->  Index Scan using sbtest1_pkey on sbtest1  (cost=0.43..8.46 rows=1 width=10)
	        Index Cond: (id = 9914381)

table 2 : explain UPDATE sbtest2 SET k=k+1 WHERE id=9413172
	Update on sbtest2  (cost=0.43..8.46 rows=0 width=0)
	  ->  Index Scan using sbtest2_pkey on sbtest2  (cost=0.43..8.46 rows=1 width=10)
	        Index Cond: (id = 9413172)

table 3 : explain UPDATE sbtest3 SET k=k+1 WHERE id=9119667
	Update on sbtest3  (cost=0.43..8.46 rows=0 width=0)
	  ->  Index Scan using sbtest3_pkey on sbtest3  (cost=0.43..8.46 rows=1 width=10)
	        Index Cond: (id = 9119667)

table 4 : explain UPDATE sbtest4 SET k=k+1 WHERE id=6056009
	Update on sbtest4  (cost=0.43..8.46 rows=0 width=0)
	  ->  Index Scan using sbtest4_pkey on sbtest4  (cost=0.43..8.46 rows=1 width=10)
	        Index Cond: (id = 6056009)

table 5 : explain UPDATE sbtest5 SET k=k+1 WHERE id=7277391
	Update on sbtest5  (cost=0.43..8.46 rows=0 width=0)
	  ->  Index Scan using sbtest5_pkey on sbtest5  (cost=0.43..8.46 rows=1 width=10)
	        Index Cond: (id = 7277391)

table 6 : explain UPDATE sbtest6 SET k=k+1 WHERE id=8023135
	Update on sbtest6  (cost=0.43..8.46 rows=0 width=0)
	  ->  Index Scan using sbtest6_pkey on sbtest6  (cost=0.43..8.46 rows=1 width=10)
	        Index Cond: (id = 8023135)

table 7 : explain UPDATE sbtest7 SET k=k+1 WHERE id=9474421
	Update on sbtest7  (cost=0.43..8.46 rows=0 width=0)
	  ->  Index Scan using sbtest7_pkey on sbtest7  (cost=0.43..8.46 rows=1 width=10)
	        Index Cond: (id = 9474421)

table 8 : explain UPDATE sbtest8 SET k=k+1 WHERE id=8388372
	Update on sbtest8  (cost=0.43..8.46 rows=0 width=0)
	  ->  Index Scan using sbtest8_pkey on sbtest8  (cost=0.43..8.46 rows=1 width=10)
	        Index Cond: (id = 8388372)

for inserts
table 1 : explain INSERT INTO sbtest1 (id, k, c, pad) VALUES (6390005, 13, 'foobar', 'foobar')
	Insert on sbtest1  (cost=0.00..0.01 rows=0 width=0)
	  ->  Result  (cost=0.00..0.01 rows=1 width=736)

table 2 : explain INSERT INTO sbtest2 (id, k, c, pad) VALUES (3943199, 13, 'foobar', 'foobar')
	Insert on sbtest2  (cost=0.00..0.01 rows=0 width=0)
	  ->  Result  (cost=0.00..0.01 rows=1 width=736)

table 3 : explain INSERT INTO sbtest3 (id, k, c, pad) VALUES (7920133, 13, 'foobar', 'foobar')
	Insert on sbtest3  (cost=0.00..0.01 rows=0 width=0)
	  ->  Result  (cost=0.00..0.01 rows=1 width=736)

table 4 : explain INSERT INTO sbtest4 (id, k, c, pad) VALUES (6823140, 13, 'foobar', 'foobar')
	Insert on sbtest4  (cost=0.00..0.01 rows=0 width=0)
	  ->  Result  (cost=0.00..0.01 rows=1 width=736)

table 5 : explain INSERT INTO sbtest5 (id, k, c, pad) VALUES (4962651, 13, 'foobar', 'foobar')
	Insert on sbtest5  (cost=0.00..0.01 rows=0 width=0)
	  ->  Result  (cost=0.00..0.01 rows=1 width=736)

table 6 : explain INSERT INTO sbtest6 (id, k, c, pad) VALUES (611077, 13, 'foobar', 'foobar')
	Insert on sbtest6  (cost=0.00..0.01 rows=0 width=0)
	  ->  Result  (cost=0.00..0.01 rows=1 width=736)

table 7 : explain INSERT INTO sbtest7 (id, k, c, pad) VALUES (9268730, 13, 'foobar', 'foobar')
	Insert on sbtest7  (cost=0.00..0.01 rows=0 width=0)
	  ->  Result  (cost=0.00..0.01 rows=1 width=736)

table 8 : explain INSERT INTO sbtest8 (id, k, c, pad) VALUES (431523, 13, 'foobar', 'foobar')
	Insert on sbtest8  (cost=0.00..0.01 rows=0 width=0)
	  ->  Result  (cost=0.00..0.01 rows=1 width=736)

for: simple_ranges
table 1 : explain SELECT c FROM sbtest1 WHERE id BETWEEN 2991990 AND 2992089
	Index Scan using sbtest1_pkey on sbtest1  (cost=0.43..396.29 rows=101 width=121)
	  Index Cond: ((id >= 2991990) AND (id <= 2992089))

table 2 : explain SELECT c FROM sbtest2 WHERE id BETWEEN 8858586 AND 8858685
	Index Scan using sbtest2_pkey on sbtest2  (cost=0.43..366.08 rows=93 width=121)
	  Index Cond: ((id >= 8858586) AND (id <= 8858685))

table 3 : explain SELECT c FROM sbtest3 WHERE id BETWEEN 2954901 AND 2955000
	Index Scan using sbtest3_pkey on sbtest3  (cost=0.43..422.59 rows=108 width=121)
	  Index Cond: ((id >= 2954901) AND (id <= 2955000))

table 4 : explain SELECT c FROM sbtest4 WHERE id BETWEEN 1714181 AND 1714280
	Index Scan using sbtest4_pkey on sbtest4  (cost=0.43..350.24 rows=89 width=121)
	  Index Cond: ((id >= 1714181) AND (id <= 1714280))

table 5 : explain SELECT c FROM sbtest5 WHERE id BETWEEN 2863281 AND 2863380
	Index Scan using sbtest5_pkey on sbtest5  (cost=0.43..434.40 rows=111 width=121)
	  Index Cond: ((id >= 2863281) AND (id <= 2863380))

table 6 : explain SELECT c FROM sbtest6 WHERE id BETWEEN 9812062 AND 9812161
	Index Scan using sbtest6_pkey on sbtest6  (cost=0.43..384.38 rows=98 width=121)
	  Index Cond: ((id >= 9812062) AND (id <= 9812161))

table 7 : explain SELECT c FROM sbtest7 WHERE id BETWEEN 6679960 AND 6680059
	Index Scan using sbtest7_pkey on sbtest7  (cost=0.43..382.74 rows=98 width=121)
	  Index Cond: ((id >= 6679960) AND (id <= 6680059))

table 8 : explain SELECT c FROM sbtest8 WHERE id BETWEEN 364138 AND 364237
	Index Scan using sbtest8_pkey on sbtest8  (cost=0.43..387.02 rows=99 width=121)
	  Index Cond: ((id >= 364138) AND (id <= 364237))

explain: for point_selects :: explain SELECT c FROM sbtest%u WHERE id=%u
explain: for non_index_updates :: explain UPDATE sbtest%u SET c='foobar' WHERE id=%u
for: simple_ranges
table 1 : explain SELECT c FROM sbtest1 WHERE id BETWEEN 9182092 AND 9182191
	Index Scan using sbtest1_pkey on sbtest1  (cost=0.43..400.21 rows=102 width=121)
	  Index Cond: ((id >= 9182092) AND (id <= 9182191))

table 2 : explain SELECT c FROM sbtest2 WHERE id BETWEEN 9641904 AND 9642003
	Index Scan using sbtest2_pkey on sbtest2  (cost=0.43..397.21 rows=101 width=121)
	  Index Cond: ((id >= 9641904) AND (id <= 9642003))

table 3 : explain SELECT c FROM sbtest3 WHERE id BETWEEN 7848015 AND 7848114
	Index Scan using sbtest3_pkey on sbtest3  (cost=0.43..414.85 rows=106 width=121)
	  Index Cond: ((id >= 7848015) AND (id <= 7848114))

table 4 : explain SELECT c FROM sbtest4 WHERE id BETWEEN 9563324 AND 9563423
	Index Scan using sbtest4_pkey on sbtest4  (cost=0.43..392.99 rows=100 width=121)
	  Index Cond: ((id >= 9563324) AND (id <= 9563423))

table 5 : explain SELECT c FROM sbtest5 WHERE id BETWEEN 3885034 AND 3885133
	Index Scan using sbtest5_pkey on sbtest5  (cost=0.43..434.40 rows=111 width=121)
	  Index Cond: ((id >= 3885034) AND (id <= 3885133))

table 6 : explain SELECT c FROM sbtest6 WHERE id BETWEEN 3410909 AND 3411008
	Index Scan using sbtest6_pkey on sbtest6  (cost=0.43..392.17 rows=100 width=121)
	  Index Cond: ((id >= 3410909) AND (id <= 3411008))

table 7 : explain SELECT c FROM sbtest7 WHERE id BETWEEN 5382757 AND 5382856
	Index Scan using sbtest7_pkey on sbtest7  (cost=0.43..402.02 rows=103 width=121)
	  Index Cond: ((id >= 5382757) AND (id <= 5382856))

table 8 : explain SELECT c FROM sbtest8 WHERE id BETWEEN 3585421 AND 3585520
	Index Scan using sbtest8_pkey on sbtest8  (cost=0.43..398.61 rows=102 width=121)
	  Index Cond: ((id >= 3585421) AND (id <= 3585520))

explain: for inserts :: explain INSERT INTO sbtest%u (id, k, c, pad) VALUES (%u, 13, 'foobar', 'foobar')
for: order_ranges
table 1 : explain SELECT c FROM sbtest1 WHERE id BETWEEN 8150785 AND 8150884 ORDER BY c
	Sort  (cost=446.72..447.00 rows=113 width=121)
	  Sort Key: c
	  ->  Index Scan using sbtest1_pkey on sbtest1  (cost=0.43..442.86 rows=113 width=121)
	        Index Cond: ((id >= 8150785) AND (id <= 8150884))

table 2 : explain SELECT c FROM sbtest2 WHERE id BETWEEN 3679366 AND 3679465 ORDER BY c
	Sort  (cost=380.90..381.14 rows=96 width=121)
	  Sort Key: c
	  ->  Index Scan using sbtest2_pkey on sbtest2  (cost=0.43..377.74 rows=96 width=121)
	        Index Cond: ((id >= 3679366) AND (id <= 3679465))

table 3 : explain SELECT c FROM sbtest3 WHERE id BETWEEN 7135136 AND 7135235 ORDER BY c
	Sort  (cost=359.73..359.96 rows=91 width=121)
	  Sort Key: c
	  ->  Index Scan using sbtest3_pkey on sbtest3  (cost=0.43..356.77 rows=91 width=121)
	        Index Cond: ((id >= 7135136) AND (id <= 7135235))

table 4 : explain SELECT c FROM sbtest4 WHERE id BETWEEN 7865054 AND 7865153 ORDER BY c
	Sort  (cost=400.23..400.49 rows=101 width=121)
	  Sort Key: c
	  ->  Index Scan using sbtest4_pkey on sbtest4  (cost=0.43..396.87 rows=101 width=121)
	        Index Cond: ((id >= 7865054) AND (id <= 7865153))

table 5 : explain SELECT c FROM sbtest5 WHERE id BETWEEN 6677056 AND 6677155 ORDER BY c
	Sort  (cost=379.45..379.69 rows=96 width=121)
	  Sort Key: c
	  ->  Index Scan using sbtest5_pkey on sbtest5  (cost=0.43..376.29 rows=96 width=121)
	        Index Cond: ((id >= 6677056) AND (id <= 6677155))

table 6 : explain SELECT c FROM sbtest6 WHERE id BETWEEN 7926235 AND 7926334 ORDER BY c
	Sort  (cost=368.05..368.28 rows=93 width=121)
	  Sort Key: c
	  ->  Index Scan using sbtest6_pkey on sbtest6  (cost=0.43..365.01 rows=93 width=121)
	        Index Cond: ((id >= 7926235) AND (id <= 7926334))

table 7 : explain SELECT c FROM sbtest7 WHERE id BETWEEN 6087952 AND 6088051 ORDER BY c
	Sort  (cost=378.14..378.38 rows=96 width=121)
	  Sort Key: c
	  ->  Index Scan using sbtest7_pkey on sbtest7  (cost=0.43..374.98 rows=96 width=121)
	        Index Cond: ((id >= 6087952) AND (id <= 6088051))

table 8 : explain SELECT c FROM sbtest8 WHERE id BETWEEN 4717353 AND 4717452 ORDER BY c
	Sort  (cost=394.21..394.46 rows=100 width=121)
	  Sort Key: c
	  ->  Index Scan using sbtest8_pkey on sbtest8  (cost=0.43..390.89 rows=100 width=121)
	        Index Cond: ((id >= 4717353) AND (id <= 4717452))

for point_selects
table 1 : explain SELECT c FROM sbtest1 WHERE id=5766806
	Index Scan using sbtest1_pkey on sbtest1  (cost=0.43..8.45 rows=1 width=121)
	  Index Cond: (id = 5766806)

table 2 : explain SELECT c FROM sbtest2 WHERE id=2766641
	Index Scan using sbtest2_pkey on sbtest2  (cost=0.43..8.45 rows=1 width=121)
	  Index Cond: (id = 2766641)

table 3 : explain SELECT c FROM sbtest3 WHERE id=8712784
	Index Scan using sbtest3_pkey on sbtest3  (cost=0.43..8.45 rows=1 width=121)
	  Index Cond: (id = 8712784)

table 4 : explain SELECT c FROM sbtest4 WHERE id=4035741
	Index Scan using sbtest4_pkey on sbtest4  (cost=0.43..8.45 rows=1 width=121)
	  Index Cond: (id = 4035741)

table 5 : explain SELECT c FROM sbtest5 WHERE id=5072871
	Index Scan using sbtest5_pkey on sbtest5  (cost=0.43..8.45 rows=1 width=121)
	  Index Cond: (id = 5072871)

table 6 : explain SELECT c FROM sbtest6 WHERE id=8673871
	Index Scan using sbtest6_pkey on sbtest6  (cost=0.43..8.45 rows=1 width=121)
	  Index Cond: (id = 8673871)

table 7 : explain SELECT c FROM sbtest7 WHERE id=1741462
	Index Scan using sbtest7_pkey on sbtest7  (cost=0.43..8.45 rows=1 width=121)
	  Index Cond: (id = 1741462)

table 8 : explain SELECT c FROM sbtest8 WHERE id=9743081
	Index Scan using sbtest8_pkey on sbtest8  (cost=0.43..8.45 rows=1 width=121)
	  Index Cond: (id = 9743081)

for inserts
table 1 : explain INSERT INTO sbtest1 (id, k, c, pad) VALUES (2095865, 13, 'foobar', 'foobar')
	Insert on sbtest1  (cost=0.00..0.01 rows=0 width=0)
	  ->  Result  (cost=0.00..0.01 rows=1 width=736)

table 2 : explain INSERT INTO sbtest2 (id, k, c, pad) VALUES (8905263, 13, 'foobar', 'foobar')
	Insert on sbtest2  (cost=0.00..0.01 rows=0 width=0)
	  ->  Result  (cost=0.00..0.01 rows=1 width=736)

table 3 : explain INSERT INTO sbtest3 (id, k, c, pad) VALUES (7728026, 13, 'foobar', 'foobar')
	Insert on sbtest3  (cost=0.00..0.01 rows=0 width=0)
	  ->  Result  (cost=0.00..0.01 rows=1 width=736)

table 4 : explain INSERT INTO sbtest4 (id, k, c, pad) VALUES (2040181, 13, 'foobar', 'foobar')
	Insert on sbtest4  (cost=0.00..0.01 rows=0 width=0)
	  ->  Result  (cost=0.00..0.01 rows=1 width=736)

table 5 : explain INSERT INTO sbtest5 (id, k, c, pad) VALUES (3881264, 13, 'foobar', 'foobar')
	Insert on sbtest5  (cost=0.00..0.01 rows=0 width=0)
	  ->  Result  (cost=0.00..0.01 rows=1 width=736)

table 6 : explain INSERT INTO sbtest6 (id, k, c, pad) VALUES (9271698, 13, 'foobar', 'foobar')
	Insert on sbtest6  (cost=0.00..0.01 rows=0 width=0)
	  ->  Result  (cost=0.00..0.01 rows=1 width=736)

table 7 : explain INSERT INTO sbtest7 (id, k, c, pad) VALUES (7230231, 13, 'foobar', 'foobar')
	Insert on sbtest7  (cost=0.00..0.01 rows=0 width=0)
	  ->  Result  (cost=0.00..0.01 rows=1 width=736)

table 8 : explain INSERT INTO sbtest8 (id, k, c, pad) VALUES (4995302, 13, 'foobar', 'foobar')
	Insert on sbtest8  (cost=0.00..0.01 rows=0 width=0)
	  ->  Result  (cost=0.00..0.01 rows=1 width=736)

for non_index_updates
table 1 : explain UPDATE sbtest1 SET c='foobar' WHERE id=9512988
	Update on sbtest1  (cost=0.43..8.45 rows=0 width=0)
	  ->  Index Scan using sbtest1_pkey on sbtest1  (cost=0.43..8.45 rows=1 width=490)
	        Index Cond: (id = 9512988)

table 2 : explain UPDATE sbtest2 SET c='foobar' WHERE id=4120934
	Update on sbtest2  (cost=0.43..8.45 rows=0 width=0)
	  ->  Index Scan using sbtest2_pkey on sbtest2  (cost=0.43..8.45 rows=1 width=490)
	        Index Cond: (id = 4120934)

table 3 : explain UPDATE sbtest3 SET c='foobar' WHERE id=245709
	Update on sbtest3  (cost=0.43..8.45 rows=0 width=0)
	  ->  Index Scan using sbtest3_pkey on sbtest3  (cost=0.43..8.45 rows=1 width=490)
	        Index Cond: (id = 245709)

table 4 : explain UPDATE sbtest4 SET c='foobar' WHERE id=9042729
	Update on sbtest4  (cost=0.43..8.45 rows=0 width=0)
	  ->  Index Scan using sbtest4_pkey on sbtest4  (cost=0.43..8.45 rows=1 width=490)
	        Index Cond: (id = 9042729)

table 5 : explain UPDATE sbtest5 SET c='foobar' WHERE id=6903555
	Update on sbtest5  (cost=0.43..8.45 rows=0 width=0)
	  ->  Index Scan using sbtest5_pkey on sbtest5  (cost=0.43..8.45 rows=1 width=490)
	        Index Cond: (id = 6903555)

table 6 : explain UPDATE sbtest6 SET c='foobar' WHERE id=8821538
	Update on sbtest6  (cost=0.43..8.45 rows=0 width=0)
	  ->  Index Scan using sbtest6_pkey on sbtest6  (cost=0.43..8.45 rows=1 width=490)
	        Index Cond: (id = 8821538)

table 7 : explain UPDATE sbtest7 SET c='foobar' WHERE id=2322673
	Update on sbtest7  (cost=0.43..8.45 rows=0 width=0)
	  ->  Index Scan using sbtest7_pkey on sbtest7  (cost=0.43..8.45 rows=1 width=490)
	        Index Cond: (id = 2322673)

table 8 : explain UPDATE sbtest8 SET c='foobar' WHERE id=6655839
	Update on sbtest8  (cost=0.43..8.45 rows=0 width=0)
	  ->  Index Scan using sbtest8_pkey on sbtest8  (cost=0.43..8.45 rows=1 width=490)
	        Index Cond: (id = 6655839)

for point_selects
table 1 : explain SELECT c FROM sbtest1 WHERE id=3240783
	Index Scan using sbtest1_pkey on sbtest1  (cost=0.43..8.45 rows=1 width=121)
	  Index Cond: (id = 3240783)

table 2 : explain SELECT c FROM sbtest2 WHERE id=5852999
	Index Scan using sbtest2_pkey on sbtest2  (cost=0.43..8.45 rows=1 width=121)
	  Index Cond: (id = 5852999)

table 3 : explain SELECT c FROM sbtest3 WHERE id=7916967
	Index Scan using sbtest3_pkey on sbtest3  (cost=0.43..8.45 rows=1 width=121)
	  Index Cond: (id = 7916967)

table 4 : explain SELECT c FROM sbtest4 WHERE id=716413
	Index Scan using sbtest4_pkey on sbtest4  (cost=0.43..8.45 rows=1 width=121)
	  Index Cond: (id = 716413)

table 5 : explain SELECT c FROM sbtest5 WHERE id=7991467
	Index Scan using sbtest5_pkey on sbtest5  (cost=0.43..8.45 rows=1 width=121)
	  Index Cond: (id = 7991467)

table 6 : explain SELECT c FROM sbtest6 WHERE id=5367841
	Index Scan using sbtest6_pkey on sbtest6  (cost=0.43..8.45 rows=1 width=121)
	  Index Cond: (id = 5367841)

table 7 : explain SELECT c FROM sbtest7 WHERE id=7120036
	Index Scan using sbtest7_pkey on sbtest7  (cost=0.43..8.45 rows=1 width=121)
	  Index Cond: (id = 7120036)

table 8 : explain SELECT c FROM sbtest8 WHERE id=2959823
	Index Scan using sbtest8_pkey on sbtest8  (cost=0.43..8.45 rows=1 width=121)
	  Index Cond: (id = 2959823)

explain: for deletes :: explain DELETE FROM sbtest%u WHERE id=%u
for: simple_ranges
table 1 : explain SELECT c FROM sbtest1 WHERE id BETWEEN 2679952 AND 2680051
	Index Scan using sbtest1_pkey on sbtest1  (cost=0.43..388.54 rows=99 width=121)
	  Index Cond: ((id >= 2679952) AND (id <= 2680051))

table 2 : explain SELECT c FROM sbtest2 WHERE id BETWEEN 9423342 AND 9423441
	Index Scan using sbtest2_pkey on sbtest2  (cost=0.43..389.40 rows=99 width=121)
	  Index Cond: ((id >= 9423342) AND (id <= 9423441))

table 3 : explain SELECT c FROM sbtest3 WHERE id BETWEEN 4180461 AND 4180560
	Index Scan using sbtest3_pkey on sbtest3  (cost=0.43..383.86 rows=98 width=121)
	  Index Cond: ((id >= 4180461) AND (id <= 4180560))

table 4 : explain SELECT c FROM sbtest4 WHERE id BETWEEN 8119516 AND 8119615
	Index Scan using sbtest4_pkey on sbtest4  (cost=0.43..396.87 rows=101 width=121)
	  Index Cond: ((id >= 8119516) AND (id <= 8119615))

table 5 : explain SELECT c FROM sbtest5 WHERE id BETWEEN 1156152 AND 1156251
	Index Scan using sbtest5_pkey on sbtest5  (cost=0.43..415.04 rows=106 width=121)
	  Index Cond: ((id >= 1156152) AND (id <= 1156251))

table 6 : explain SELECT c FROM sbtest6 WHERE id BETWEEN 9223240 AND 9223339
	Index Scan using sbtest6_pkey on sbtest6  (cost=0.43..403.79 rows=103 width=121)
	  Index Cond: ((id >= 9223240) AND (id <= 9223339))

table 7 : explain SELECT c FROM sbtest7 WHERE id BETWEEN 3796882 AND 3796981
	Index Scan using sbtest7_pkey on sbtest7  (cost=0.43..398.16 rows=102 width=121)
	  Index Cond: ((id >= 3796882) AND (id <= 3796981))

table 8 : explain SELECT c FROM sbtest8 WHERE id BETWEEN 4086573 AND 4086672
	Index Scan using sbtest8_pkey on sbtest8  (cost=0.43..359.95 rows=92 width=121)
	  Index Cond: ((id >= 4086573) AND (id <= 4086672))

for: distinct_ranges
table 1 : explain SELECT DISTINCT c FROM sbtest1 WHERE id BETWEEN 9303179 AND 9303278 ORDER BY c
	Unique  (cost=352.64..353.09 rows=89 width=121)
	  ->  Sort  (cost=352.64..352.87 rows=89 width=121)
	        Sort Key: c
	        ->  Index Scan using sbtest1_pkey on sbtest1  (cost=0.43..349.76 rows=89 width=121)
	              Index Cond: ((id >= 9303179) AND (id <= 9303278))

table 2 : explain SELECT DISTINCT c FROM sbtest2 WHERE id BETWEEN 752460 AND 752559 ORDER BY c
	Unique  (cost=361.27..361.72 rows=91 width=121)
	  ->  Sort  (cost=361.27..361.50 rows=91 width=121)
	        Sort Key: c
	        ->  Index Scan using sbtest2_pkey on sbtest2  (cost=0.43..358.31 rows=91 width=121)
	              Index Cond: ((id >= 752460) AND (id <= 752559))

table 3 : explain SELECT DISTINCT c FROM sbtest3 WHERE id BETWEEN 9374545 AND 9374644 ORDER BY c
	Unique  (cost=414.51..415.03 rows=105 width=121)
	  ->  Sort  (cost=414.51..414.77 rows=105 width=121)
	        Sort Key: c
	        ->  Index Scan using sbtest3_pkey on sbtest3  (cost=0.43..410.98 rows=105 width=121)
	              Index Cond: ((id >= 9374545) AND (id <= 9374644))

table 4 : explain SELECT DISTINCT c FROM sbtest4 WHERE id BETWEEN 1058658 AND 1058757 ORDER BY c
	Unique  (cost=455.17..455.75 rows=115 width=121)
	  ->  Sort  (cost=455.17..455.46 rows=115 width=121)
	        Sort Key: c
	        ->  Index Scan using sbtest4_pkey on sbtest4  (cost=0.43..451.24 rows=115 width=121)
	              Index Cond: ((id >= 1058658) AND (id <= 1058757))

table 5 : explain SELECT DISTINCT c FROM sbtest5 WHERE id BETWEEN 4901497 AND 4901596 ORDER BY c
	Unique  (cost=414.70..415.22 rows=105 width=121)
	  ->  Sort  (cost=414.70..414.96 rows=105 width=121)
	        Sort Key: c
	        ->  Index Scan using sbtest5_pkey on sbtest5  (cost=0.43..411.17 rows=105 width=121)
	              Index Cond: ((id >= 4901497) AND (id <= 4901596))

table 6 : explain SELECT DISTINCT c FROM sbtest6 WHERE id BETWEEN 5521198 AND 5521297 ORDER BY c
	Unique  (cost=407.23..407.75 rows=103 width=121)
	  ->  Sort  (cost=407.23..407.49 rows=103 width=121)
	        Sort Key: c
	        ->  Index Scan using sbtest6_pkey on sbtest6  (cost=0.43..403.79 rows=103 width=121)
	              Index Cond: ((id >= 5521198) AND (id <= 5521297))

table 7 : explain SELECT DISTINCT c FROM sbtest7 WHERE id BETWEEN 7660134 AND 7660233 ORDER BY c
	Unique  (cost=401.57..402.08 rows=102 width=121)
	  ->  Sort  (cost=401.57..401.82 rows=102 width=121)
	        Sort Key: c
	        ->  Index Scan using sbtest7_pkey on sbtest7  (cost=0.43..398.16 rows=102 width=121)
	              Index Cond: ((id >= 7660134) AND (id <= 7660233))

table 8 : explain SELECT DISTINCT c FROM sbtest8 WHERE id BETWEEN 1832212 AND 1832311 ORDER BY c
	Unique  (cost=378.56..379.04 rows=96 width=121)
	  ->  Sort  (cost=378.56..378.80 rows=96 width=121)
	        Sort Key: c
	        ->  Index Scan using sbtest8_pkey on sbtest8  (cost=0.43..375.40 rows=96 width=121)
	              Index Cond: ((id >= 1832212) AND (id <= 1832311))

for: sum_ranges
table 1 : explain SELECT SUM(k) FROM sbtest1 WHERE id BETWEEN 2531649 AND 2531748
	Aggregate  (cost=427.62..427.63 rows=1 width=8)
	  ->  Index Scan using sbtest1_pkey on sbtest1  (cost=0.43..427.35 rows=109 width=4)
	        Index Cond: ((id >= 2531649) AND (id <= 2531748))

table 2 : explain SELECT SUM(k) FROM sbtest2 WHERE id BETWEEN 136412 AND 136511
	Aggregate  (cost=393.57..393.58 rows=1 width=8)
	  ->  Index Scan using sbtest2_pkey on sbtest2  (cost=0.43..393.32 rows=100 width=4)
	        Index Cond: ((id >= 136412) AND (id <= 136511))

table 3 : explain SELECT SUM(k) FROM sbtest3 WHERE id BETWEEN 226829 AND 226928
	Aggregate  (cost=380.23..380.24 rows=1 width=8)
	  ->  Index Scan using sbtest3_pkey on sbtest3  (cost=0.43..379.99 rows=97 width=4)
	        Index Cond: ((id >= 226829) AND (id <= 226928))

table 4 : explain SELECT SUM(k) FROM sbtest4 WHERE id BETWEEN 395354 AND 395453
	Aggregate  (cost=342.69..342.70 rows=1 width=8)
	  ->  Index Scan using sbtest4_pkey on sbtest4  (cost=0.43..342.47 rows=87 width=4)
	        Index Cond: ((id >= 395354) AND (id <= 395453))

table 5 : explain SELECT SUM(k) FROM sbtest5 WHERE id BETWEEN 1275121 AND 1275220
	Aggregate  (cost=380.41..380.42 rows=1 width=8)
	  ->  Index Scan using sbtest5_pkey on sbtest5  (cost=0.43..380.16 rows=97 width=4)
	        Index Cond: ((id >= 1275121) AND (id <= 1275220))

table 6 : explain SELECT SUM(k) FROM sbtest6 WHERE id BETWEEN 4724371 AND 4724470
	Aggregate  (cost=376.87..376.88 rows=1 width=8)
	  ->  Index Scan using sbtest6_pkey on sbtest6  (cost=0.43..376.63 rows=96 width=4)
	        Index Cond: ((id >= 4724371) AND (id <= 4724470))

table 7 : explain SELECT SUM(k) FROM sbtest7 WHERE id BETWEEN 3557221 AND 3557320
	Aggregate  (cost=437.02..437.03 rows=1 width=8)
	  ->  Index Scan using sbtest7_pkey on sbtest7  (cost=0.43..436.74 rows=112 width=4)
	        Index Cond: ((id >= 3557221) AND (id <= 3557320))

table 8 : explain SELECT SUM(k) FROM sbtest8 WHERE id BETWEEN 4894395 AND 4894494
	Aggregate  (cost=414.32..414.33 rows=1 width=8)
	  ->  Index Scan using sbtest8_pkey on sbtest8  (cost=0.43..414.06 rows=106 width=4)
	        Index Cond: ((id >= 4894395) AND (id <= 4894494))

for: distinct_ranges
table 1 : explain SELECT DISTINCT c FROM sbtest1 WHERE id BETWEEN 3020928 AND 3021027 ORDER BY c
	Unique  (cost=399.66..400.16 rows=101 width=121)
	  ->  Sort  (cost=399.66..399.91 rows=101 width=121)
	        Sort Key: c
	        ->  Index Scan using sbtest1_pkey on sbtest1  (cost=0.43..396.29 rows=101 width=121)
	              Index Cond: ((id >= 3020928) AND (id <= 3021027))

table 2 : explain SELECT DISTINCT c FROM sbtest2 WHERE id BETWEEN 6982084 AND 6982183 ORDER BY c
	Unique  (cost=400.57..401.07 rows=101 width=121)
	  ->  Sort  (cost=400.57..400.82 rows=101 width=121)
	        Sort Key: c
	        ->  Index Scan using sbtest2_pkey on sbtest2  (cost=0.43..397.21 rows=101 width=121)
	              Index Cond: ((id >= 6982084) AND (id <= 6982183))

table 3 : explain SELECT DISTINCT c FROM sbtest3 WHERE id BETWEEN 1607509 AND 1607608 ORDER BY c
	Unique  (cost=391.01..391.50 rows=99 width=121)
	  ->  Sort  (cost=391.01..391.26 rows=99 width=121)
	        Sort Key: c
	        ->  Index Scan using sbtest3_pkey on sbtest3  (cost=0.43..387.73 rows=99 width=121)
	              Index Cond: ((id >= 1607509) AND (id <= 1607608))

table 4 : explain SELECT DISTINCT c FROM sbtest4 WHERE id BETWEEN 7010773 AND 7010872 ORDER BY c
	Unique  (cost=427.70..428.24 rows=108 width=121)
	  ->  Sort  (cost=427.70..427.97 rows=108 width=121)
	        Sort Key: c
	        ->  Index Scan using sbtest4_pkey on sbtest4  (cost=0.43..424.05 rows=108 width=121)
	              Index Cond: ((id >= 7010773) AND (id <= 7010872))

table 5 : explain SELECT DISTINCT c FROM sbtest5 WHERE id BETWEEN 7061314 AND 7061413 ORDER BY c
	Unique  (cost=352.08..352.52 rows=89 width=121)
	  ->  Sort  (cost=352.08..352.30 rows=89 width=121)
	        Sort Key: c
	        ->  Index Scan using sbtest5_pkey on sbtest5  (cost=0.43..349.20 rows=89 width=121)
	              Index Cond: ((id >= 7061314) AND (id <= 7061413))

table 6 : explain SELECT DISTINCT c FROM sbtest6 WHERE id BETWEEN 8666308 AND 8666407 ORDER BY c
	Unique  (cost=434.64..435.19 rows=110 width=121)
	  ->  Sort  (cost=434.64..434.92 rows=110 width=121)
	        Sort Key: c
	        ->  Index Scan using sbtest6_pkey on sbtest6  (cost=0.43..430.91 rows=110 width=121)
	              Index Cond: ((id >= 8666308) AND (id <= 8666407))

table 7 : explain SELECT DISTINCT c FROM sbtest7 WHERE id BETWEEN 8471335 AND 8471434 ORDER BY c
	Unique  (cost=413.26..413.79 rows=105 width=121)
	  ->  Sort  (cost=413.26..413.52 rows=105 width=121)
	        Sort Key: c
	        ->  Index Scan using sbtest7_pkey on sbtest7  (cost=0.43..409.74 rows=105 width=121)
	              Index Cond: ((id >= 8471335) AND (id <= 8471434))

table 8 : explain SELECT DISTINCT c FROM sbtest8 WHERE id BETWEEN 2529736 AND 2529835 ORDER BY c
	Unique  (cost=343.45..343.88 rows=87 width=121)
	  ->  Sort  (cost=343.45..343.66 rows=87 width=121)
	        Sort Key: c
	        ->  Index Scan using sbtest8_pkey on sbtest8  (cost=0.43..340.64 rows=87 width=121)
	              Index Cond: ((id >= 2529736) AND (id <= 2529835))

for deletes
table 1 : explain DELETE FROM sbtest1 WHERE id=6300930
	Delete on sbtest1  (cost=0.43..8.45 rows=0 width=0)
	  ->  Index Scan using sbtest1_pkey on sbtest1  (cost=0.43..8.45 rows=1 width=6)
	        Index Cond: (id = 6300930)

table 2 : explain DELETE FROM sbtest2 WHERE id=3806184
	Delete on sbtest2  (cost=0.43..8.45 rows=0 width=0)
	  ->  Index Scan using sbtest2_pkey on sbtest2  (cost=0.43..8.45 rows=1 width=6)
	        Index Cond: (id = 3806184)

table 3 : explain DELETE FROM sbtest3 WHERE id=2654129
	Delete on sbtest3  (cost=0.43..8.45 rows=0 width=0)
	  ->  Index Scan using sbtest3_pkey on sbtest3  (cost=0.43..8.45 rows=1 width=6)
	        Index Cond: (id = 2654129)

table 4 : explain DELETE FROM sbtest4 WHERE id=633388
	Delete on sbtest4  (cost=0.43..8.45 rows=0 width=0)
	  ->  Index Scan using sbtest4_pkey on sbtest4  (cost=0.43..8.45 rows=1 width=6)
	        Index Cond: (id = 633388)

table 5 : explain DELETE FROM sbtest5 WHERE id=3726206
	Delete on sbtest5  (cost=0.43..8.45 rows=0 width=0)
	  ->  Index Scan using sbtest5_pkey on sbtest5  (cost=0.43..8.45 rows=1 width=6)
	        Index Cond: (id = 3726206)

table 6 : explain DELETE FROM sbtest6 WHERE id=7218715
	Delete on sbtest6  (cost=0.43..8.45 rows=0 width=0)
	  ->  Index Scan using sbtest6_pkey on sbtest6  (cost=0.43..8.45 rows=1 width=6)
	        Index Cond: (id = 7218715)

table 7 : explain DELETE FROM sbtest7 WHERE id=382560
	Delete on sbtest7  (cost=0.43..8.45 rows=0 width=0)
	  ->  Index Scan using sbtest7_pkey on sbtest7  (cost=0.43..8.45 rows=1 width=6)
	        Index Cond: (id = 382560)

table 8 : explain DELETE FROM sbtest8 WHERE id=7074592
	Delete on sbtest8  (cost=0.43..8.45 rows=0 width=0)
	  ->  Index Scan using sbtest8_pkey on sbtest8  (cost=0.43..8.45 rows=1 width=6)
	        Index Cond: (id = 7074592)

for: simple_ranges
table 1 : explain SELECT c FROM sbtest1 WHERE id BETWEEN 2464083 AND 2464182
	Index Scan using sbtest1_pkey on sbtest1  (cost=0.43..427.35 rows=109 width=121)
	  Index Cond: ((id >= 2464083) AND (id <= 2464182))

table 2 : explain SELECT c FROM sbtest2 WHERE id BETWEEN 4481531 AND 4481630
	Index Scan using sbtest2_pkey on sbtest2  (cost=0.43..381.63 rows=97 width=121)
	  Index Cond: ((id >= 4481531) AND (id <= 4481630))

table 3 : explain SELECT c FROM sbtest3 WHERE id BETWEEN 1475256 AND 1475355
	Index Scan using sbtest3_pkey on sbtest3  (cost=0.43..364.51 rows=93 width=121)
	  Index Cond: ((id >= 1475256) AND (id <= 1475355))

table 4 : explain SELECT c FROM sbtest4 WHERE id BETWEEN 8468947 AND 8469046
	Index Scan using sbtest4_pkey on sbtest4  (cost=0.43..358.01 rows=91 width=121)
	  Index Cond: ((id >= 8468947) AND (id <= 8469046))

table 5 : explain SELECT c FROM sbtest5 WHERE id BETWEEN 2422142 AND 2422241
	Index Scan using sbtest5_pkey on sbtest5  (cost=0.43..391.82 rows=100 width=121)
	  Index Cond: ((id >= 2422142) AND (id <= 2422241))

table 6 : explain SELECT c FROM sbtest6 WHERE id BETWEEN 3810063 AND 3810162
	Index Scan using sbtest6_pkey on sbtest6  (cost=0.43..365.01 rows=93 width=121)
	  Index Cond: ((id >= 3810063) AND (id <= 3810162))

table 7 : explain SELECT c FROM sbtest7 WHERE id BETWEEN 6739238 AND 6739337
	Index Scan using sbtest7_pkey on sbtest7  (cost=0.43..402.02 rows=103 width=121)
	  Index Cond: ((id >= 6739238) AND (id <= 6739337))

table 8 : explain SELECT c FROM sbtest8 WHERE id BETWEEN 2412313 AND 2412412
	Index Scan using sbtest8_pkey on sbtest8  (cost=0.43..379.26 rows=97 width=121)
	  Index Cond: ((id >= 2412313) AND (id <= 2412412))

explain: for index_updates :: explain UPDATE sbtest%u SET k=k+1 WHERE id=%u
explain: for index_updates :: explain UPDATE sbtest%u SET k=k+1 WHERE id=%u
explain: for inserts :: explain INSERT INTO sbtest%u (id, k, c, pad) VALUES (%u, 13, 'foobar', 'foobar')
for index_updates
table 1 : explain UPDATE sbtest1 SET k=k+1 WHERE id=5895317
	Update on sbtest1  (cost=0.43..8.46 rows=0 width=0)
	  ->  Index Scan using sbtest1_pkey on sbtest1  (cost=0.43..8.46 rows=1 width=10)
	        Index Cond: (id = 5895317)

table 2 : explain UPDATE sbtest2 SET k=k+1 WHERE id=145141
	Update on sbtest2  (cost=0.43..8.46 rows=0 width=0)
	  ->  Index Scan using sbtest2_pkey on sbtest2  (cost=0.43..8.46 rows=1 width=10)
	        Index Cond: (id = 145141)

table 3 : explain UPDATE sbtest3 SET k=k+1 WHERE id=6470222
	Update on sbtest3  (cost=0.43..8.46 rows=0 width=0)
	  ->  Index Scan using sbtest3_pkey on sbtest3  (cost=0.43..8.46 rows=1 width=10)
	        Index Cond: (id = 6470222)

table 4 : explain UPDATE sbtest4 SET k=k+1 WHERE id=7653147
	Update on sbtest4  (cost=0.43..8.46 rows=0 width=0)
	  ->  Index Scan using sbtest4_pkey on sbtest4  (cost=0.43..8.46 rows=1 width=10)
	        Index Cond: (id = 7653147)

table 5 : explain UPDATE sbtest5 SET k=k+1 WHERE id=1826251
	Update on sbtest5  (cost=0.43..8.46 rows=0 width=0)
	  ->  Index Scan using sbtest5_pkey on sbtest5  (cost=0.43..8.46 rows=1 width=10)
	        Index Cond: (id = 1826251)

table 6 : explain UPDATE sbtest6 SET k=k+1 WHERE id=7893789
	Update on sbtest6  (cost=0.43..8.46 rows=0 width=0)
	  ->  Index Scan using sbtest6_pkey on sbtest6  (cost=0.43..8.46 rows=1 width=10)
	        Index Cond: (id = 7893789)

table 7 : explain UPDATE sbtest7 SET k=k+1 WHERE id=4635689
	Update on sbtest7  (cost=0.43..8.46 rows=0 width=0)
	  ->  Index Scan using sbtest7_pkey on sbtest7  (cost=0.43..8.46 rows=1 width=10)
	        Index Cond: (id = 4635689)

table 8 : explain UPDATE sbtest8 SET k=k+1 WHERE id=6455275
	Update on sbtest8  (cost=0.43..8.46 rows=0 width=0)
	  ->  Index Scan using sbtest8_pkey on sbtest8  (cost=0.43..8.46 rows=1 width=10)
	        Index Cond: (id = 6455275)

for: order_ranges
table 1 : explain SELECT c FROM sbtest1 WHERE id BETWEEN 6197928 AND 6198027 ORDER BY c
	Sort  (cost=356.56..356.79 rows=90 width=121)
	  Sort Key: c
	  ->  Index Scan using sbtest1_pkey on sbtest1  (cost=0.43..353.64 rows=90 width=121)
	        Index Cond: ((id >= 6197928) AND (id <= 6198027))

table 2 : explain SELECT c FROM sbtest2 WHERE id BETWEEN 8141096 AND 8141195 ORDER BY c
	Sort  (cost=384.83..385.07 rows=97 width=121)
	  Sort Key: c
	  ->  Index Scan using sbtest2_pkey on sbtest2  (cost=0.43..381.63 rows=97 width=121)
	        Index Cond: ((id >= 8141096) AND (id <= 8141195))

table 3 : explain SELECT c FROM sbtest3 WHERE id BETWEEN 450029 AND 450128 ORDER BY c
	Sort  (cost=379.28..379.52 rows=96 width=121)
	  Sort Key: c
	  ->  Index Scan using sbtest3_pkey on sbtest3  (cost=0.43..376.12 rows=96 width=121)
	        Index Cond: ((id >= 450029) AND (id <= 450128))

table 4 : explain SELECT c FROM sbtest4 WHERE id BETWEEN 601337 AND 601436 ORDER BY c
	Sort  (cost=400.23..400.49 rows=101 width=121)
	  Sort Key: c
	  ->  Index Scan using sbtest4_pkey on sbtest4  (cost=0.43..396.87 rows=101 width=121)
	        Index Cond: ((id >= 601337) AND (id <= 601436))

table 5 : explain SELECT c FROM sbtest5 WHERE id BETWEEN 6485802 AND 6485901 ORDER BY c
	Sort  (cost=418.61..418.87 rows=106 width=121)
	  Sort Key: c
	  ->  Index Scan using sbtest5_pkey on sbtest5  (cost=0.43..415.04 rows=106 width=121)
	        Index Cond: ((id >= 6485802) AND (id <= 6485901))

table 6 : explain SELECT c FROM sbtest6 WHERE id BETWEEN 2850235 AND 2850334 ORDER BY c
	Sort  (cost=430.73..431.00 rows=109 width=121)
	  Sort Key: c
	  ->  Index Scan using sbtest6_pkey on sbtest6  (cost=0.43..427.04 rows=109 width=121)
	        Index Cond: ((id >= 2850235) AND (id <= 2850334))

table 7 : explain SELECT c FROM sbtest7 WHERE id BETWEEN 7908508 AND 7908607 ORDER BY c
	Sort  (cost=350.86..351.08 rows=89 width=121)
	  Sort Key: c
	  ->  Index Scan using sbtest7_pkey on sbtest7  (cost=0.43..347.98 rows=89 width=121)
	        Index Cond: ((id >= 7908508) AND (id <= 7908607))

table 8 : explain SELECT c FROM sbtest8 WHERE id BETWEEN 9024155 AND 9024254 ORDER BY c
	Sort  (cost=378.56..378.80 rows=96 width=121)
	  Sort Key: c
	  ->  Index Scan using sbtest8_pkey on sbtest8  (cost=0.43..375.40 rows=96 width=121)
	        Index Cond: ((id >= 9024155) AND (id <= 9024254))

for inserts
table 1 : explain INSERT INTO sbtest1 (id, k, c, pad) VALUES (6810536, 13, 'foobar', 'foobar')
	Insert on sbtest1  (cost=0.00..0.01 rows=0 width=0)
	  ->  Result  (cost=0.00..0.01 rows=1 width=736)

table 2 : explain INSERT INTO sbtest2 (id, k, c, pad) VALUES (1110105, 13, 'foobar', 'foobar')
	Insert on sbtest2  (cost=0.00..0.01 rows=0 width=0)
	  ->  Result  (cost=0.00..0.01 rows=1 width=736)

table 3 : explain INSERT INTO sbtest3 (id, k, c, pad) VALUES (9542785, 13, 'foobar', 'foobar')
	Insert on sbtest3  (cost=0.00..0.01 rows=0 width=0)
	  ->  Result  (cost=0.00..0.01 rows=1 width=736)

table 4 : explain INSERT INTO sbtest4 (id, k, c, pad) VALUES (874212, 13, 'foobar', 'foobar')
	Insert on sbtest4  (cost=0.00..0.01 rows=0 width=0)
	  ->  Result  (cost=0.00..0.01 rows=1 width=736)

table 5 : explain INSERT INTO sbtest5 (id, k, c, pad) VALUES (8637227, 13, 'foobar', 'foobar')
	Insert on sbtest5  (cost=0.00..0.01 rows=0 width=0)
	  ->  Result  (cost=0.00..0.01 rows=1 width=736)

table 6 : explain INSERT INTO sbtest6 (id, k, c, pad) VALUES (9644158, 13, 'foobar', 'foobar')
	Insert on sbtest6  (cost=0.00..0.01 rows=0 width=0)
	  ->  Result  (cost=0.00..0.01 rows=1 width=736)

table 7 : explain INSERT INTO sbtest7 (id, k, c, pad) VALUES (5476737, 13, 'foobar', 'foobar')
	Insert on sbtest7  (cost=0.00..0.01 rows=0 width=0)
	  ->  Result  (cost=0.00..0.01 rows=1 width=736)

table 8 : explain INSERT INTO sbtest8 (id, k, c, pad) VALUES (2546309, 13, 'foobar', 'foobar')
	Insert on sbtest8  (cost=0.00..0.01 rows=0 width=0)
	  ->  Result  (cost=0.00..0.01 rows=1 width=736)

explain: for point_selects :: explain SELECT c FROM sbtest%u WHERE id=%u
for: simple_ranges
table 1 : explain SELECT c FROM sbtest1 WHERE id BETWEEN 6311666 AND 6311765
	Index Scan using sbtest1_pkey on sbtest1  (cost=0.43..388.54 rows=99 width=121)
	  Index Cond: ((id >= 6311666) AND (id <= 6311765))

table 2 : explain SELECT c FROM sbtest2 WHERE id BETWEEN 360153 AND 360252
	Index Scan using sbtest2_pkey on sbtest2  (cost=0.43..408.87 rows=104 width=121)
	  Index Cond: ((id >= 360153) AND (id <= 360252))

table 3 : explain SELECT c FROM sbtest3 WHERE id BETWEEN 2195872 AND 2195971
	Index Scan using sbtest3_pkey on sbtest3  (cost=0.43..383.86 rows=98 width=121)
	  Index Cond: ((id >= 2195872) AND (id <= 2195971))

table 4 : explain SELECT c FROM sbtest4 WHERE id BETWEEN 7560335 AND 7560434
	Index Scan using sbtest4_pkey on sbtest4  (cost=0.43..389.11 rows=99 width=121)
	  Index Cond: ((id >= 7560335) AND (id <= 7560434))

table 5 : explain SELECT c FROM sbtest5 WHERE id BETWEEN 3407508 AND 3407607
	Index Scan using sbtest5_pkey on sbtest5  (cost=0.43..372.42 rows=95 width=121)
	  Index Cond: ((id >= 3407508) AND (id <= 3407607))

table 6 : explain SELECT c FROM sbtest6 WHERE id BETWEEN 5709656 AND 5709755
	Index Scan using sbtest6_pkey on sbtest6  (cost=0.43..384.38 rows=98 width=121)
	  Index Cond: ((id >= 5709656) AND (id <= 5709755))

table 7 : explain SELECT c FROM sbtest7 WHERE id BETWEEN 8722859 AND 8722958
	Index Scan using sbtest7_pkey on sbtest7  (cost=0.43..363.41 rows=93 width=121)
	  Index Cond: ((id >= 8722859) AND (id <= 8722958))

table 8 : explain SELECT c FROM sbtest8 WHERE id BETWEEN 5721435 AND 5721534
	Index Scan using sbtest8_pkey on sbtest8  (cost=0.43..402.47 rows=103 width=121)
	  Index Cond: ((id >= 5721435) AND (id <= 5721534))

explain: for non_index_updates :: explain UPDATE sbtest%u SET c='foobar' WHERE id=%u
for: sum_ranges
table 1 : explain SELECT SUM(k) FROM sbtest1 WHERE id BETWEEN 9379136 AND 9379235
	Aggregate  (cost=349.99..350.00 rows=1 width=8)
	  ->  Index Scan using sbtest1_pkey on sbtest1  (cost=0.43..349.76 rows=89 width=4)
	        Index Cond: ((id >= 9379136) AND (id <= 9379235))

table 2 : explain SELECT SUM(k) FROM sbtest2 WHERE id BETWEEN 1785199 AND 1785298
	Aggregate  (cost=385.76..385.77 rows=1 width=8)
	  ->  Index Scan using sbtest2_pkey on sbtest2  (cost=0.43..385.51 rows=98 width=4)
	        Index Cond: ((id >= 1785199) AND (id <= 1785298))

table 3 : explain SELECT SUM(k) FROM sbtest3 WHERE id BETWEEN 7485171 AND 7485270
	Aggregate  (cost=407.37..407.38 rows=1 width=8)
	  ->  Index Scan using sbtest3_pkey on sbtest3  (cost=0.43..407.11 rows=104 width=4)
	        Index Cond: ((id >= 7485171) AND (id <= 7485270))

table 4 : explain SELECT SUM(k) FROM sbtest4 WHERE id BETWEEN 1671526 AND 1671625
	Aggregate  (cost=373.78..373.79 rows=1 width=8)
	  ->  Index Scan using sbtest4_pkey on sbtest4  (cost=0.43..373.54 rows=95 width=4)
	        Index Cond: ((id >= 1671526) AND (id <= 1671625))

table 5 : explain SELECT SUM(k) FROM sbtest5 WHERE id BETWEEN 9088578 AND 9088677
	Aggregate  (cost=364.91..364.92 rows=1 width=8)
	  ->  Index Scan using sbtest5_pkey on sbtest5  (cost=0.43..364.68 rows=93 width=4)
	        Index Cond: ((id >= 9088578) AND (id <= 9088677))

table 6 : explain SELECT SUM(k) FROM sbtest6 WHERE id BETWEEN 9661414 AND 9661513
	Aggregate  (cost=400.17..400.18 rows=1 width=8)
	  ->  Index Scan using sbtest6_pkey on sbtest6  (cost=0.43..399.92 rows=102 width=4)
	        Index Cond: ((id >= 9661414) AND (id <= 9661513))

table 7 : explain SELECT SUM(k) FROM sbtest7 WHERE id BETWEEN 5258055 AND 5258154
	Aggregate  (cost=371.36..371.37 rows=1 width=8)
	  ->  Index Scan using sbtest7_pkey on sbtest7  (cost=0.43..371.12 rows=95 width=4)
	        Index Cond: ((id >= 5258055) AND (id <= 5258154))

table 8 : explain SELECT SUM(k) FROM sbtest8 WHERE id BETWEEN 1466759 AND 1466858
	Aggregate  (cost=391.14..391.15 rows=1 width=8)
	  ->  Index Scan using sbtest8_pkey on sbtest8  (cost=0.43..390.89 rows=100 width=4)
	        Index Cond: ((id >= 1466759) AND (id <= 1466858))

for index_updates
table 1 : explain UPDATE sbtest1 SET k=k+1 WHERE id=6004206
	Update on sbtest1  (cost=0.43..8.46 rows=0 width=0)
	  ->  Index Scan using sbtest1_pkey on sbtest1  (cost=0.43..8.46 rows=1 width=10)
	        Index Cond: (id = 6004206)

table 2 : explain UPDATE sbtest2 SET k=k+1 WHERE id=5140134
	Update on sbtest2  (cost=0.43..8.46 rows=0 width=0)
	  ->  Index Scan using sbtest2_pkey on sbtest2  (cost=0.43..8.46 rows=1 width=10)
	        Index Cond: (id = 5140134)

table 3 : explain UPDATE sbtest3 SET k=k+1 WHERE id=4724427
	Update on sbtest3  (cost=0.43..8.46 rows=0 width=0)
	  ->  Index Scan using sbtest3_pkey on sbtest3  (cost=0.43..8.46 rows=1 width=10)
	        Index Cond: (id = 4724427)

table 4 : explain UPDATE sbtest4 SET k=k+1 WHERE id=8639504
	Update on sbtest4  (cost=0.43..8.46 rows=0 width=0)
	  ->  Index Scan using sbtest4_pkey on sbtest4  (cost=0.43..8.46 rows=1 width=10)
	        Index Cond: (id = 8639504)

table 5 : explain UPDATE sbtest5 SET k=k+1 WHERE id=1081377
	Update on sbtest5  (cost=0.43..8.46 rows=0 width=0)
	  ->  Index Scan using sbtest5_pkey on sbtest5  (cost=0.43..8.46 rows=1 width=10)
	        Index Cond: (id = 1081377)

table 6 : explain UPDATE sbtest6 SET k=k+1 WHERE id=659812
	Update on sbtest6  (cost=0.43..8.46 rows=0 width=0)
	  ->  Index Scan using sbtest6_pkey on sbtest6  (cost=0.43..8.46 rows=1 width=10)
	        Index Cond: (id = 659812)

table 7 : explain UPDATE sbtest7 SET k=k+1 WHERE id=4708355
	Update on sbtest7  (cost=0.43..8.46 rows=0 width=0)
	  ->  Index Scan using sbtest7_pkey on sbtest7  (cost=0.43..8.46 rows=1 width=10)
	        Index Cond: (id = 4708355)

table 8 : explain UPDATE sbtest8 SET k=k+1 WHERE id=1516391
	Update on sbtest8  (cost=0.43..8.46 rows=0 width=0)
	  ->  Index Scan using sbtest8_pkey on sbtest8  (cost=0.43..8.46 rows=1 width=10)
	        Index Cond: (id = 1516391)

for: sum_ranges
table 1 : explain SELECT SUM(k) FROM sbtest1 WHERE id BETWEEN 1217535 AND 1217634
	Aggregate  (cost=381.03..381.04 rows=1 width=8)
	  ->  Index Scan using sbtest1_pkey on sbtest1  (cost=0.43..380.78 rows=97 width=4)
	        Index Cond: ((id >= 1217535) AND (id <= 1217634))

table 2 : explain SELECT SUM(k) FROM sbtest2 WHERE id BETWEEN 5191689 AND 5191788
	Aggregate  (cost=420.79..420.80 rows=1 width=8)
	  ->  Index Scan using sbtest2_pkey on sbtest2  (cost=0.43..420.53 rows=107 width=4)
	        Index Cond: ((id >= 5191689) AND (id <= 5191788))

table 3 : explain SELECT SUM(k) FROM sbtest3 WHERE id BETWEEN 6425 AND 6524
	Aggregate  (cost=407.37..407.38 rows=1 width=8)
	  ->  Index Scan using sbtest3_pkey on sbtest3  (cost=0.43..407.11 rows=104 width=4)
	        Index Cond: ((id >= 6425) AND (id <= 6524))

table 4 : explain SELECT SUM(k) FROM sbtest4 WHERE id BETWEEN 7832008 AND 7832107
	Aggregate  (cost=397.12..397.13 rows=1 width=8)
	  ->  Index Scan using sbtest4_pkey on sbtest4  (cost=0.43..396.87 rows=101 width=4)
	        Index Cond: ((id >= 7832008) AND (id <= 7832107))

table 5 : explain SELECT SUM(k) FROM sbtest5 WHERE id BETWEEN 1963729 AND 1963828
	Aggregate  (cost=434.68..434.69 rows=1 width=8)
	  ->  Index Scan using sbtest5_pkey on sbtest5  (cost=0.43..434.40 rows=111 width=4)
	        Index Cond: ((id >= 1963729) AND (id <= 1963828))

table 6 : explain SELECT SUM(k) FROM sbtest6 WHERE id BETWEEN 8916304 AND 8916403
	Aggregate  (cost=380.75..380.76 rows=1 width=8)
	  ->  Index Scan using sbtest6_pkey on sbtest6  (cost=0.43..380.51 rows=97 width=4)
	        Index Cond: ((id >= 8916304) AND (id <= 8916403))

table 7 : explain SELECT SUM(k) FROM sbtest7 WHERE id BETWEEN 3138697 AND 3138796
	Aggregate  (cost=402.28..402.29 rows=1 width=8)
	  ->  Index Scan using sbtest7_pkey on sbtest7  (cost=0.43..402.02 rows=103 width=4)
	        Index Cond: ((id >= 3138697) AND (id <= 3138796))

table 8 : explain SELECT SUM(k) FROM sbtest8 WHERE id BETWEEN 4785118 AND 4785217
	Aggregate  (cost=391.14..391.15 rows=1 width=8)
	  ->  Index Scan using sbtest8_pkey on sbtest8  (cost=0.43..390.89 rows=100 width=4)
	        Index Cond: ((id >= 4785118) AND (id <= 4785217))

for non_index_updates
table 1 : explain UPDATE sbtest1 SET c='foobar' WHERE id=9087960
	Update on sbtest1  (cost=0.43..8.45 rows=0 width=0)
	  ->  Index Scan using sbtest1_pkey on sbtest1  (cost=0.43..8.45 rows=1 width=490)
	        Index Cond: (id = 9087960)

table 2 : explain UPDATE sbtest2 SET c='foobar' WHERE id=2558104
	Update on sbtest2  (cost=0.43..8.45 rows=0 width=0)
	  ->  Index Scan using sbtest2_pkey on sbtest2  (cost=0.43..8.45 rows=1 width=490)
	        Index Cond: (id = 2558104)

table 3 : explain UPDATE sbtest3 SET c='foobar' WHERE id=1792873
	Update on sbtest3  (cost=0.43..8.45 rows=0 width=0)
	  ->  Index Scan using sbtest3_pkey on sbtest3  (cost=0.43..8.45 rows=1 width=490)
	        Index Cond: (id = 1792873)

table 4 : explain UPDATE sbtest4 SET c='foobar' WHERE id=8632889
	Update on sbtest4  (cost=0.43..8.45 rows=0 width=0)
	  ->  Index Scan using sbtest4_pkey on sbtest4  (cost=0.43..8.45 rows=1 width=490)
	        Index Cond: (id = 8632889)

table 5 : explain UPDATE sbtest5 SET c='foobar' WHERE id=3380437
	Update on sbtest5  (cost=0.43..8.45 rows=0 width=0)
	  ->  Index Scan using sbtest5_pkey on sbtest5  (cost=0.43..8.45 rows=1 width=490)
	        Index Cond: (id = 3380437)

table 6 : explain UPDATE sbtest6 SET c='foobar' WHERE id=6411178
	Update on sbtest6  (cost=0.43..8.45 rows=0 width=0)
	  ->  Index Scan using sbtest6_pkey on sbtest6  (cost=0.43..8.45 rows=1 width=490)
	        Index Cond: (id = 6411178)

table 7 : explain UPDATE sbtest7 SET c='foobar' WHERE id=6892944
	Update on sbtest7  (cost=0.43..8.45 rows=0 width=0)
	  ->  Index Scan using sbtest7_pkey on sbtest7  (cost=0.43..8.45 rows=1 width=490)
	        Index Cond: (id = 6892944)

table 8 : explain UPDATE sbtest8 SET c='foobar' WHERE id=2546317
	Update on sbtest8  (cost=0.43..8.45 rows=0 width=0)
	  ->  Index Scan using sbtest8_pkey on sbtest8  (cost=0.43..8.45 rows=1 width=490)
	        Index Cond: (id = 2546317)

explain: for non_index_updates :: explain UPDATE sbtest%u SET c='foobar' WHERE id=%u
for: distinct_ranges
table 1 : explain SELECT DISTINCT c FROM sbtest1 WHERE id BETWEEN 3434206 AND 3434305 ORDER BY c
	Unique  (cost=368.31..368.78 rows=93 width=121)
	  ->  Sort  (cost=368.31..368.55 rows=93 width=121)
	        Sort Key: c
	        ->  Index Scan using sbtest1_pkey on sbtest1  (cost=0.43..365.27 rows=93 width=121)
	              Index Cond: ((id >= 3434206) AND (id <= 3434305))

table 2 : explain SELECT DISTINCT c FROM sbtest2 WHERE id BETWEEN 2642728 AND 2642827 ORDER BY c
	Unique  (cost=400.57..401.07 rows=101 width=121)
	  ->  Sort  (cost=400.57..400.82 rows=101 width=121)
	        Sort Key: c
	        ->  Index Scan using sbtest2_pkey on sbtest2  (cost=0.43..397.21 rows=101 width=121)
	              Index Cond: ((id >= 2642728) AND (id <= 2642827))

table 3 : explain SELECT DISTINCT c FROM sbtest3 WHERE id BETWEEN 8710795 AND 8710894 ORDER BY c
	Unique  (cost=363.64..364.10 rows=92 width=121)
	  ->  Sort  (cost=363.64..363.87 rows=92 width=121)
	        Sort Key: c
	        ->  Index Scan using sbtest3_pkey on sbtest3  (cost=0.43..360.64 rows=92 width=121)
	              Index Cond: ((id >= 8710795) AND (id <= 8710894))

table 4 : explain SELECT DISTINCT c FROM sbtest4 WHERE id BETWEEN 2672004 AND 2672103 ORDER BY c
	Unique  (cost=412.01..412.53 rows=104 width=121)
	  ->  Sort  (cost=412.01..412.27 rows=104 width=121)
	        Sort Key: c
	        ->  Index Scan using sbtest4_pkey on sbtest4  (cost=0.43..408.52 rows=104 width=121)
	              Index Cond: ((id >= 2672004) AND (id <= 2672103))

table 5 : explain SELECT DISTINCT c FROM sbtest5 WHERE id BETWEEN 2646031 AND 2646130 ORDER BY c
	Unique  (cost=395.14..395.64 rows=100 width=121)
	  ->  Sort  (cost=395.14..395.39 rows=100 width=121)
	        Sort Key: c
	        ->  Index Scan using sbtest5_pkey on sbtest5  (cost=0.43..391.82 rows=100 width=121)
	              Index Cond: ((id >= 2646031) AND (id <= 2646130))

table 6 : explain SELECT DISTINCT c FROM sbtest6 WHERE id BETWEEN 4156922 AND 4157021 ORDER BY c
	Unique  (cost=411.15..411.67 rows=104 width=121)
	  ->  Sort  (cost=411.15..411.41 rows=104 width=121)
	        Sort Key: c
	        ->  Index Scan using sbtest6_pkey on sbtest6  (cost=0.43..407.67 rows=104 width=121)
	              Index Cond: ((id >= 4156922) AND (id <= 4157021))

table 7 : explain SELECT DISTINCT c FROM sbtest7 WHERE id BETWEEN 4342616 AND 4342715 ORDER BY c
	Unique  (cost=385.98..386.47 rows=98 width=121)
	  ->  Sort  (cost=385.98..386.22 rows=98 width=121)
	        Sort Key: c
	        ->  Index Scan using sbtest7_pkey on sbtest7  (cost=0.43..382.74 rows=98 width=121)
	              Index Cond: ((id >= 4342616) AND (id <= 4342715))

table 8 : explain SELECT DISTINCT c FROM sbtest8 WHERE id BETWEEN 8162267 AND 8162366 ORDER BY c
	Unique  (cost=402.01..402.52 rows=102 width=121)
	  ->  Sort  (cost=402.01..402.27 rows=102 width=121)
	        Sort Key: c
	        ->  Index Scan using sbtest8_pkey on sbtest8  (cost=0.43..398.61 rows=102 width=121)
	              Index Cond: ((id >= 8162267) AND (id <= 8162366))

explain: for deletes :: explain DELETE FROM sbtest%u WHERE id=%u
for: sum_ranges
table 1 : explain SELECT SUM(k) FROM sbtest1 WHERE id BETWEEN 7486428 AND 7486527
	Aggregate  (cost=404.34..404.35 rows=1 width=8)
	  ->  Index Scan using sbtest1_pkey on sbtest1  (cost=0.43..404.09 rows=103 width=4)
	        Index Cond: ((id >= 7486428) AND (id <= 7486527))

table 2 : explain SELECT SUM(k) FROM sbtest2 WHERE id BETWEEN 3867850 AND 3867949
	Aggregate  (cost=374.09..374.10 rows=1 width=8)
	  ->  Index Scan using sbtest2_pkey on sbtest2  (cost=0.43..373.85 rows=95 width=4)
	        Index Cond: ((id >= 3867850) AND (id <= 3867949))

table 3 : explain SELECT SUM(k) FROM sbtest3 WHERE id BETWEEN 7688641 AND 7688740
	Aggregate  (cost=407.37..407.38 rows=1 width=8)
	  ->  Index Scan using sbtest3_pkey on sbtest3  (cost=0.43..407.11 rows=104 width=4)
	        Index Cond: ((id >= 7688641) AND (id <= 7688740))

table 4 : explain SELECT SUM(k) FROM sbtest4 WHERE id BETWEEN 1520483 AND 1520582
	Aggregate  (cost=424.32..424.33 rows=1 width=8)
	  ->  Index Scan using sbtest4_pkey on sbtest4  (cost=0.43..424.05 rows=108 width=4)
	        Index Cond: ((id >= 1520483) AND (id <= 1520582))

table 5 : explain SELECT SUM(k) FROM sbtest5 WHERE id BETWEEN 1758983 AND 1759082
	Aggregate  (cost=419.18..419.19 rows=1 width=8)
	  ->  Index Scan using sbtest5_pkey on sbtest5  (cost=0.43..418.91 rows=107 width=4)
	        Index Cond: ((id >= 1758983) AND (id <= 1759082))

table 6 : explain SELECT SUM(k) FROM sbtest6 WHERE id BETWEEN 4510570 AND 4510669
	Aggregate  (cost=372.99..373.00 rows=1 width=8)
	  ->  Index Scan using sbtest6_pkey on sbtest6  (cost=0.43..372.76 rows=95 width=4)
	        Index Cond: ((id >= 4510570) AND (id <= 4510669))

table 7 : explain SELECT SUM(k) FROM sbtest7 WHERE id BETWEEN 778848 AND 778947
	Aggregate  (cost=375.22..375.23 rows=1 width=8)
	  ->  Index Scan using sbtest7_pkey on sbtest7  (cost=0.43..374.98 rows=96 width=4)
	        Index Cond: ((id >= 778848) AND (id <= 778947))

table 8 : explain SELECT SUM(k) FROM sbtest8 WHERE id BETWEEN 3147303 AND 3147402
	Aggregate  (cost=402.73..402.74 rows=1 width=8)
	  ->  Index Scan using sbtest8_pkey on sbtest8  (cost=0.43..402.47 rows=103 width=4)
	        Index Cond: ((id >= 3147303) AND (id <= 3147402))

explain: for point_selects :: explain SELECT c FROM sbtest%u WHERE id=%u
explain: for index_updates :: explain UPDATE sbtest%u SET k=k+1 WHERE id=%u
explain: for point_selects :: explain SELECT c FROM sbtest%u WHERE id=%u
for non_index_updates
table 1 : explain UPDATE sbtest1 SET c='foobar' WHERE id=1368113
	Update on sbtest1  (cost=0.43..8.45 rows=0 width=0)
	  ->  Index Scan using sbtest1_pkey on sbtest1  (cost=0.43..8.45 rows=1 width=490)
	        Index Cond: (id = 1368113)

table 2 : explain UPDATE sbtest2 SET c='foobar' WHERE id=5731280
	Update on sbtest2  (cost=0.43..8.45 rows=0 width=0)
	  ->  Index Scan using sbtest2_pkey on sbtest2  (cost=0.43..8.45 rows=1 width=490)
	        Index Cond: (id = 5731280)

table 3 : explain UPDATE sbtest3 SET c='foobar' WHERE id=9272234
	Update on sbtest3  (cost=0.43..8.45 rows=0 width=0)
	  ->  Index Scan using sbtest3_pkey on sbtest3  (cost=0.43..8.45 rows=1 width=490)
	        Index Cond: (id = 9272234)

table 4 : explain UPDATE sbtest4 SET c='foobar' WHERE id=9011301
	Update on sbtest4  (cost=0.43..8.45 rows=0 width=0)
	  ->  Index Scan using sbtest4_pkey on sbtest4  (cost=0.43..8.45 rows=1 width=490)
	        Index Cond: (id = 9011301)

table 5 : explain UPDATE sbtest5 SET c='foobar' WHERE id=5556099
	Update on sbtest5  (cost=0.43..8.45 rows=0 width=0)
	  ->  Index Scan using sbtest5_pkey on sbtest5  (cost=0.43..8.45 rows=1 width=490)
	        Index Cond: (id = 5556099)

table 6 : explain UPDATE sbtest6 SET c='foobar' WHERE id=4413946
	Update on sbtest6  (cost=0.43..8.45 rows=0 width=0)
	  ->  Index Scan using sbtest6_pkey on sbtest6  (cost=0.43..8.45 rows=1 width=490)
	        Index Cond: (id = 4413946)

table 7 : explain UPDATE sbtest7 SET c='foobar' WHERE id=2810634
	Update on sbtest7  (cost=0.43..8.45 rows=0 width=0)
	  ->  Index Scan using sbtest7_pkey on sbtest7  (cost=0.43..8.45 rows=1 width=490)
	        Index Cond: (id = 2810634)

table 8 : explain UPDATE sbtest8 SET c='foobar' WHERE id=9109500
	Update on sbtest8  (cost=0.43..8.45 rows=0 width=0)
	  ->  Index Scan using sbtest8_pkey on sbtest8  (cost=0.43..8.45 rows=1 width=490)
	        Index Cond: (id = 9109500)
for deletes
table 1 : explain DELETE FROM sbtest1 WHERE id=7510461
	Delete on sbtest1  (cost=0.43..8.45 rows=0 width=0)
	  ->  Index Scan using sbtest1_pkey on sbtest1  (cost=0.43..8.45 rows=1 width=6)
	        Index Cond: (id = 7510461)

table 2 : explain DELETE FROM sbtest2 WHERE id=1805595
	Delete on sbtest2  (cost=0.43..8.45 rows=0 width=0)
	  ->  Index Scan using sbtest2_pkey on sbtest2  (cost=0.43..8.45 rows=1 width=6)
	        Index Cond: (id = 1805595)

table 3 : explain DELETE FROM sbtest3 WHERE id=6018292
	Delete on sbtest3  (cost=0.43..8.45 rows=0 width=0)
	  ->  Index Scan using sbtest3_pkey on sbtest3  (cost=0.43..8.45 rows=1 width=6)
	        Index Cond: (id = 6018292)

table 4 : explain DELETE FROM sbtest4 WHERE id=3897545
	Delete on sbtest4  (cost=0.43..8.45 rows=0 width=0)
	  ->  Index Scan using sbtest4_pkey on sbtest4  (cost=0.43..8.45 rows=1 width=6)
	        Index Cond: (id = 3897545)

table 5 : explain DELETE FROM sbtest5 WHERE id=5002394
	Delete on sbtest5  (cost=0.43..8.45 rows=0 width=0)
	  ->  Index Scan using sbtest5_pkey on sbtest5  (cost=0.43..8.45 rows=1 width=6)
	        Index Cond: (id = 5002394)

table 6 : explain DELETE FROM sbtest6 WHERE id=4036100
	Delete on sbtest6  (cost=0.43..8.45 rows=0 width=0)
	  ->  Index Scan using sbtest6_pkey on sbtest6  (cost=0.43..8.45 rows=1 width=6)
	        Index Cond: (id = 4036100)

table 7 : explain DELETE FROM sbtest7 WHERE id=7016093
	Delete on sbtest7  (cost=0.43..8.45 rows=0 width=0)
	  ->  Index Scan using sbtest7_pkey on sbtest7  (cost=0.43..8.45 rows=1 width=6)
	        Index Cond: (id = 7016093)

table 8 : explain DELETE FROM sbtest8 WHERE id=2498456
	Delete on sbtest8  (cost=0.43..8.45 rows=0 width=0)
	  ->  Index Scan using sbtest8_pkey on sbtest8  (cost=0.43..8.45 rows=1 width=6)
	        Index Cond: (id = 2498456)


for: order_ranges
table 1 : explain SELECT c FROM sbtest1 WHERE id BETWEEN 1996332 AND 1996431 ORDER BY c
	Sort  (cost=364.40..364.63 rows=92 width=121)
	  Sort Key: c
	  ->  Index Scan using sbtest1_pkey on sbtest1  (cost=0.43..361.40 rows=92 width=121)
	        Index Cond: ((id >= 1996332) AND (id <= 1996431))

table 2 : explain SELECT c FROM sbtest2 WHERE id BETWEEN 7626294 AND 7626393 ORDER BY c
	Sort  (cost=420.21..420.47 rows=106 width=121)
	  Sort Key: c
	  ->  Index Scan using sbtest2_pkey on sbtest2  (cost=0.43..416.64 rows=106 width=121)
	        Index Cond: ((id >= 7626294) AND (id <= 7626393))

table 3 : explain SELECT c FROM sbtest3 WHERE id BETWEEN 2581594 AND 2581693 ORDER BY c
	Sort  (cost=422.33..422.59 rows=107 width=121)
	  Sort Key: c
	  ->  Index Scan using sbtest3_pkey on sbtest3  (cost=0.43..418.72 rows=107 width=121)
	        Index Cond: ((id >= 2581594) AND (id <= 2581693))

table 4 : explain SELECT c FROM sbtest4 WHERE id BETWEEN 1887892 AND 1887991 ORDER BY c
	Sort  (cost=404.16..404.41 rows=102 width=121)
	  Sort Key: c
	  ->  Index Scan using sbtest4_pkey on sbtest4  (cost=0.43..400.76 rows=102 width=121)
	        Index Cond: ((id >= 1887892) AND (id <= 1887991))

table 5 : explain SELECT c FROM sbtest5 WHERE id BETWEEN 2329420 AND 2329519 ORDER BY c
	Sort  (cost=379.45..379.69 rows=96 width=121)
	  Sort Key: c
	  ->  Index Scan using sbtest5_pkey on sbtest5  (cost=0.43..376.29 rows=96 width=121)
	        Index Cond: ((id >= 2329420) AND (id <= 2329519))

table 6 : explain SELECT c FROM sbtest6 WHERE id BETWEEN 9318170 AND 9318269 ORDER BY c
	Sort  (cost=383.71..383.95 rows=97 width=121)
	  Sort Key: c
	  ->  Index Scan using sbtest6_pkey on sbtest6  (cost=0.43..380.51 rows=97 width=121)
	        Index Cond: ((id >= 9318170) AND (id <= 9318269))

table 7 : explain SELECT c FROM sbtest7 WHERE id BETWEEN 5381411 AND 5381510 ORDER BY c
	Sort  (cost=405.47..405.72 rows=103 width=121)
	  Sort Key: c
	  ->  Index Scan using sbtest7_pkey on sbtest7  (cost=0.43..402.02 rows=103 width=121)
	        Index Cond: ((id >= 5381411) AND (id <= 5381510))

table 8 : explain SELECT c FROM sbtest8 WHERE id BETWEEN 5294592 AND 5294691 ORDER BY c
	Sort  (cost=398.11..398.36 rows=101 width=121)
	  Sort Key: c
	  ->  Index Scan using sbtest8_pkey on sbtest8  (cost=0.43..394.75 rows=101 width=121)
	        Index Cond: ((id >= 5294592) AND (id <= 5294691))

explain: for point_selects :: explain SELECT c FROM sbtest%u WHERE id=%u
for point_selects
table 1 : explain SELECT c FROM sbtest1 WHERE id=3288746
	Index Scan using sbtest1_pkey on sbtest1  (cost=0.43..8.45 rows=1 width=121)
	  Index Cond: (id = 3288746)

table 2 : explain SELECT c FROM sbtest2 WHERE id=1401924
	Index Scan using sbtest2_pkey on sbtest2  (cost=0.43..8.45 rows=1 width=121)
	  Index Cond: (id = 1401924)

table 3 : explain SELECT c FROM sbtest3 WHERE id=7091941
	Index Scan using sbtest3_pkey on sbtest3  (cost=0.43..8.45 rows=1 width=121)
	  Index Cond: (id = 7091941)

table 4 : explain SELECT c FROM sbtest4 WHERE id=6027947
	Index Scan using sbtest4_pkey on sbtest4  (cost=0.43..8.45 rows=1 width=121)
	  Index Cond: (id = 6027947)

table 5 : explain SELECT c FROM sbtest5 WHERE id=4242304
	Index Scan using sbtest5_pkey on sbtest5  (cost=0.43..8.45 rows=1 width=121)
	  Index Cond: (id = 4242304)

table 6 : explain SELECT c FROM sbtest6 WHERE id=725397
	Index Scan using sbtest6_pkey on sbtest6  (cost=0.43..8.45 rows=1 width=121)
	  Index Cond: (id = 725397)

table 7 : explain SELECT c FROM sbtest7 WHERE id=1881278
	Index Scan using sbtest7_pkey on sbtest7  (cost=0.43..8.45 rows=1 width=121)
	  Index Cond: (id = 1881278)

table 8 : explain SELECT c FROM sbtest8 WHERE id=6043780
	Index Scan using sbtest8_pkey on sbtest8  (cost=0.43..8.45 rows=1 width=121)
	  Index Cond: (id = 6043780)

for index_updates
table 1 : explain UPDATE sbtest1 SET k=k+1 WHERE id=4320602
	Update on sbtest1  (cost=0.43..8.46 rows=0 width=0)
	  ->  Index Scan using sbtest1_pkey on sbtest1  (cost=0.43..8.46 rows=1 width=10)
	        Index Cond: (id = 4320602)

table 2 : explain UPDATE sbtest2 SET k=k+1 WHERE id=5077181
	Update on sbtest2  (cost=0.43..8.46 rows=0 width=0)
	  ->  Index Scan using sbtest2_pkey on sbtest2  (cost=0.43..8.46 rows=1 width=10)
	        Index Cond: (id = 5077181)

table 3 : explain UPDATE sbtest3 SET k=k+1 WHERE id=7484051
	Update on sbtest3  (cost=0.43..8.46 rows=0 width=0)
	  ->  Index Scan using sbtest3_pkey on sbtest3  (cost=0.43..8.46 rows=1 width=10)
	        Index Cond: (id = 7484051)

table 4 : explain UPDATE sbtest4 SET k=k+1 WHERE id=5331306
	Update on sbtest4  (cost=0.43..8.46 rows=0 width=0)
	  ->  Index Scan using sbtest4_pkey on sbtest4  (cost=0.43..8.46 rows=1 width=10)
	        Index Cond: (id = 5331306)

table 5 : explain UPDATE sbtest5 SET k=k+1 WHERE id=6518278
	Update on sbtest5  (cost=0.43..8.46 rows=0 width=0)
	  ->  Index Scan using sbtest5_pkey on sbtest5  (cost=0.43..8.46 rows=1 width=10)
	        Index Cond: (id = 6518278)

table 6 : explain UPDATE sbtest6 SET k=k+1 WHERE id=9458956
	Update on sbtest6  (cost=0.43..8.46 rows=0 width=0)
	  ->  Index Scan using sbtest6_pkey on sbtest6  (cost=0.43..8.46 rows=1 width=10)
	        Index Cond: (id = 9458956)

table 7 : explain UPDATE sbtest7 SET k=k+1 WHERE id=9065083
	Update on sbtest7  (cost=0.43..8.46 rows=0 width=0)
	  ->  Index Scan using sbtest7_pkey on sbtest7  (cost=0.43..8.46 rows=1 width=10)
	        Index Cond: (id = 9065083)

table 8 : explain UPDATE sbtest8 SET k=k+1 WHERE id=1075700
	Update on sbtest8  (cost=0.43..8.46 rows=0 width=0)
	  ->  Index Scan using sbtest8_pkey on sbtest8  (cost=0.43..8.46 rows=1 width=10)
	        Index Cond: (id = 1075700)

explain: for inserts :: explain INSERT INTO sbtest%u (id, k, c, pad) VALUES (%u, 13, 'foobar', 'foobar')
explain: for non_index_updates :: explain UPDATE sbtest%u SET c='foobar' WHERE id=%u
for: sum_ranges
table 1 : explain SELECT SUM(k) FROM sbtest1 WHERE id BETWEEN 7977212 AND 7977311
	Aggregate  (cost=404.34..404.35 rows=1 width=8)
	  ->  Index Scan using sbtest1_pkey on sbtest1  (cost=0.43..404.09 rows=103 width=4)
	        Index Cond: ((id >= 7977212) AND (id <= 7977311))

table 2 : explain SELECT SUM(k) FROM sbtest2 WHERE id BETWEEN 9656936 AND 9657035
	Aggregate  (cost=397.46..397.47 rows=1 width=8)
	  ->  Index Scan using sbtest2_pkey on sbtest2  (cost=0.43..397.21 rows=101 width=4)
	        Index Cond: ((id >= 9656936) AND (id <= 9657035))

table 3 : explain SELECT SUM(k) FROM sbtest3 WHERE id BETWEEN 3739404 AND 3739503
	Aggregate  (cost=380.23..380.24 rows=1 width=8)
	  ->  Index Scan using sbtest3_pkey on sbtest3  (cost=0.43..379.99 rows=97 width=4)
	        Index Cond: ((id >= 3739404) AND (id <= 3739503))

table 4 : explain SELECT SUM(k) FROM sbtest4 WHERE id BETWEEN 1612601 AND 1612700
	Aggregate  (cost=373.78..373.79 rows=1 width=8)
	  ->  Index Scan using sbtest4_pkey on sbtest4  (cost=0.43..373.54 rows=95 width=4)
	        Index Cond: ((id >= 1612601) AND (id <= 1612700))

table 5 : explain SELECT SUM(k) FROM sbtest5 WHERE id BETWEEN 2358809 AND 2358908
	Aggregate  (cost=376.53..376.54 rows=1 width=8)
	  ->  Index Scan using sbtest5_pkey on sbtest5  (cost=0.43..376.29 rows=96 width=4)
	        Index Cond: ((id >= 2358809) AND (id <= 2358908))

table 6 : explain SELECT SUM(k) FROM sbtest6 WHERE id BETWEEN 9754458 AND 9754557
	Aggregate  (cost=396.29..396.30 rows=1 width=8)
	  ->  Index Scan using sbtest6_pkey on sbtest6  (cost=0.43..396.04 rows=101 width=4)
	        Index Cond: ((id >= 9754458) AND (id <= 9754557))

table 7 : explain SELECT SUM(k) FROM sbtest7 WHERE id BETWEEN 1119834 AND 1119933
	Aggregate  (cost=352.06..352.07 rows=1 width=8)
	  ->  Index Scan using sbtest7_pkey on sbtest7  (cost=0.43..351.84 rows=90 width=4)
	        Index Cond: ((id >= 1119834) AND (id <= 1119933))

table 8 : explain SELECT SUM(k) FROM sbtest8 WHERE id BETWEEN 1964041 AND 1964140
	Aggregate  (cost=371.78..371.79 rows=1 width=8)
	  ->  Index Scan using sbtest8_pkey on sbtest8  (cost=0.43..371.54 rows=95 width=4)
	        Index Cond: ((id >= 1964041) AND (id <= 1964140))

for inserts
table 1 : explain INSERT INTO sbtest1 (id, k, c, pad) VALUES (1391585, 13, 'foobar', 'foobar')
	Insert on sbtest1  (cost=0.00..0.01 rows=0 width=0)
	  ->  Result  (cost=0.00..0.01 rows=1 width=736)

table 2 : explain INSERT INTO sbtest2 (id, k, c, pad) VALUES (3674358, 13, 'foobar', 'foobar')
	Insert on sbtest2  (cost=0.00..0.01 rows=0 width=0)
	  ->  Result  (cost=0.00..0.01 rows=1 width=736)

table 3 : explain INSERT INTO sbtest3 (id, k, c, pad) VALUES (9234599, 13, 'foobar', 'foobar')
	Insert on sbtest3  (cost=0.00..0.01 rows=0 width=0)
	  ->  Result  (cost=0.00..0.01 rows=1 width=736)

table 4 : explain INSERT INTO sbtest4 (id, k, c, pad) VALUES (9398813, 13, 'foobar', 'foobar')
	Insert on sbtest4  (cost=0.00..0.01 rows=0 width=0)
	  ->  Result  (cost=0.00..0.01 rows=1 width=736)

table 5 : explain INSERT INTO sbtest5 (id, k, c, pad) VALUES (1551462, 13, 'foobar', 'foobar')
	Insert on sbtest5  (cost=0.00..0.01 rows=0 width=0)
	  ->  Result  (cost=0.00..0.01 rows=1 width=736)

table 6 : explain INSERT INTO sbtest6 (id, k, c, pad) VALUES (1196709, 13, 'foobar', 'foobar')
	Insert on sbtest6  (cost=0.00..0.01 rows=0 width=0)
	  ->  Result  (cost=0.00..0.01 rows=1 width=736)

table 7 : explain INSERT INTO sbtest7 (id, k, c, pad) VALUES (7980469, 13, 'foobar', 'foobar')
	Insert on sbtest7  (cost=0.00..0.01 rows=0 width=0)
	  ->  Result  (cost=0.00..0.01 rows=1 width=736)

table 8 : explain INSERT INTO sbtest8 (id, k, c, pad) VALUES (8148754, 13, 'foobar', 'foobar')
	Insert on sbtest8  (cost=0.00..0.01 rows=0 width=0)
	  ->  Result  (cost=0.00..0.01 rows=1 width=736)

for: order_ranges
table 1 : explain SELECT c FROM sbtest1 WHERE id BETWEEN 3390187 AND 3390286 ORDER BY c
	Sort  (cost=368.31..368.55 rows=93 width=121)
	  Sort Key: c
	  ->  Index Scan using sbtest1_pkey on sbtest1  (cost=0.43..365.27 rows=93 width=121)
	        Index Cond: ((id >= 3390187) AND (id <= 3390286))

table 2 : explain SELECT c FROM sbtest2 WHERE id BETWEEN 6225743 AND 6225842 ORDER BY c
	Sort  (cost=400.57..400.82 rows=101 width=121)
	  Sort Key: c
	  ->  Index Scan using sbtest2_pkey on sbtest2  (cost=0.43..397.21 rows=101 width=121)
	        Index Cond: ((id >= 6225743) AND (id <= 6225842))

table 3 : explain SELECT c FROM sbtest3 WHERE id BETWEEN 8374179 AND 8374278 ORDER BY c
	Sort  (cost=344.10..344.32 rows=87 width=121)
	  Sort Key: c
	  ->  Index Scan using sbtest3_pkey on sbtest3  (cost=0.43..341.29 rows=87 width=121)
	        Index Cond: ((id >= 8374179) AND (id <= 8374278))

table 4 : explain SELECT c FROM sbtest4 WHERE id BETWEEN 6632494 AND 6632593 ORDER BY c
	Sort  (cost=396.31..396.56 rows=100 width=121)
	  Sort Key: c
	  ->  Index Scan using sbtest4_pkey on sbtest4  (cost=0.43..392.99 rows=100 width=121)
	        Index Cond: ((id >= 6632494) AND (id <= 6632593))

table 5 : explain SELECT c FROM sbtest5 WHERE id BETWEEN 5614602 AND 5614701 ORDER BY c
	Sort  (cost=391.23..391.47 rows=99 width=121)
	  Sort Key: c
	  ->  Index Scan using sbtest5_pkey on sbtest5  (cost=0.43..387.94 rows=99 width=121)
	        Index Cond: ((id >= 5614602) AND (id <= 5614701))

table 6 : explain SELECT c FROM sbtest6 WHERE id BETWEEN 2147972 AND 2148071 ORDER BY c
	Sort  (cost=407.23..407.49 rows=103 width=121)
	  Sort Key: c
	  ->  Index Scan using sbtest6_pkey on sbtest6  (cost=0.43..403.79 rows=103 width=121)
	        Index Cond: ((id >= 2147972) AND (id <= 2148071))

table 7 : explain SELECT c FROM sbtest7 WHERE id BETWEEN 9767289 AND 9767388 ORDER BY c
	Sort  (cost=401.57..401.82 rows=102 width=121)
	  Sort Key: c
	  ->  Index Scan using sbtest7_pkey on sbtest7  (cost=0.43..398.16 rows=102 width=121)
	        Index Cond: ((id >= 9767289) AND (id <= 9767388))

table 8 : explain SELECT c FROM sbtest8 WHERE id BETWEEN 4692475 AND 4692574 ORDER BY c
	Sort  (cost=437.14..437.41 rows=111 width=121)
	  Sort Key: c
	  ->  Index Scan using sbtest8_pkey on sbtest8  (cost=0.43..433.37 rows=111 width=121)
	        Index Cond: ((id >= 4692475) AND (id <= 4692574))

explain: for deletes :: explain DELETE FROM sbtest%u WHERE id=%u
for non_index_updates
table 1 : explain UPDATE sbtest1 SET c='foobar' WHERE id=2906254
	Update on sbtest1  (cost=0.43..8.45 rows=0 width=0)
	  ->  Index Scan using sbtest1_pkey on sbtest1  (cost=0.43..8.45 rows=1 width=490)
	        Index Cond: (id = 2906254)

table 2 : explain UPDATE sbtest2 SET c='foobar' WHERE id=1777089
	Update on sbtest2  (cost=0.43..8.45 rows=0 width=0)
	  ->  Index Scan using sbtest2_pkey on sbtest2  (cost=0.43..8.45 rows=1 width=490)
	        Index Cond: (id = 1777089)

table 3 : explain UPDATE sbtest3 SET c='foobar' WHERE id=7374408
	Update on sbtest3  (cost=0.43..8.45 rows=0 width=0)
	  ->  Index Scan using sbtest3_pkey on sbtest3  (cost=0.43..8.45 rows=1 width=490)
	        Index Cond: (id = 7374408)

table 4 : explain UPDATE sbtest4 SET c='foobar' WHERE id=2776098
	Update on sbtest4  (cost=0.43..8.45 rows=0 width=0)
	  ->  Index Scan using sbtest4_pkey on sbtest4  (cost=0.43..8.45 rows=1 width=490)
	        Index Cond: (id = 2776098)

table 5 : explain UPDATE sbtest5 SET c='foobar' WHERE id=6288910
	Update on sbtest5  (cost=0.43..8.45 rows=0 width=0)
	  ->  Index Scan using sbtest5_pkey on sbtest5  (cost=0.43..8.45 rows=1 width=490)
	        Index Cond: (id = 6288910)

table 6 : explain UPDATE sbtest6 SET c='foobar' WHERE id=8065558
	Update on sbtest6  (cost=0.43..8.45 rows=0 width=0)
	  ->  Index Scan using sbtest6_pkey on sbtest6  (cost=0.43..8.45 rows=1 width=490)
	        Index Cond: (id = 8065558)

table 7 : explain UPDATE sbtest7 SET c='foobar' WHERE id=8596484
	Update on sbtest7  (cost=0.43..8.45 rows=0 width=0)
	  ->  Index Scan using sbtest7_pkey on sbtest7  (cost=0.43..8.45 rows=1 width=490)
	        Index Cond: (id = 8596484)

table 8 : explain UPDATE sbtest8 SET c='foobar' WHERE id=9206139
	Update on sbtest8  (cost=0.43..8.45 rows=0 width=0)
	  ->  Index Scan using sbtest8_pkey on sbtest8  (cost=0.43..8.45 rows=1 width=490)
	        Index Cond: (id = 9206139)

for: distinct_ranges
table 1 : explain SELECT DISTINCT c FROM sbtest1 WHERE id BETWEEN 8165686 AND 8165785 ORDER BY c
	Unique  (cost=446.72..447.28 rows=113 width=121)
	  ->  Sort  (cost=446.72..447.00 rows=113 width=121)
	        Sort Key: c
	        ->  Index Scan using sbtest1_pkey on sbtest1  (cost=0.43..442.86 rows=113 width=121)
	              Index Cond: ((id >= 8165686) AND (id <= 8165785))

table 2 : explain SELECT DISTINCT c FROM sbtest2 WHERE id BETWEEN 9055447 AND 9055546 ORDER BY c
	Unique  (cost=388.76..389.25 rows=98 width=121)
	  ->  Sort  (cost=388.76..389.00 rows=98 width=121)
	        Sort Key: c
	        ->  Index Scan using sbtest2_pkey on sbtest2  (cost=0.43..385.51 rows=98 width=121)
	              Index Cond: ((id >= 9055447) AND (id <= 9055546))

table 3 : explain SELECT DISTINCT c FROM sbtest3 WHERE id BETWEEN 7315947 AND 7316046 ORDER BY c
	Unique  (cost=383.19..383.67 rows=97 width=121)
	  ->  Sort  (cost=383.19..383.43 rows=97 width=121)
	        Sort Key: c
	        ->  Index Scan using sbtest3_pkey on sbtest3  (cost=0.43..379.99 rows=97 width=121)
	              Index Cond: ((id >= 7315947) AND (id <= 7316046))

table 4 : explain SELECT DISTINCT c FROM sbtest4 WHERE id BETWEEN 5915839 AND 5915938 ORDER BY c
	Unique  (cost=404.16..404.67 rows=102 width=121)
	  ->  Sort  (cost=404.16..404.41 rows=102 width=121)
	        Sort Key: c
	        ->  Index Scan using sbtest4_pkey on sbtest4  (cost=0.43..400.76 rows=102 width=121)
	              Index Cond: ((id >= 5915839) AND (id <= 5915938))

table 5 : explain SELECT DISTINCT c FROM sbtest5 WHERE id BETWEEN 3421617 AND 3421716 ORDER BY c
	Unique  (cost=375.54..376.02 rows=95 width=121)
	  ->  Sort  (cost=375.54..375.78 rows=95 width=121)
	        Sort Key: c
	        ->  Index Scan using sbtest5_pkey on sbtest5  (cost=0.43..372.42 rows=95 width=121)
	              Index Cond: ((id >= 3421617) AND (id <= 3421716))

table 6 : explain SELECT DISTINCT c FROM sbtest6 WHERE id BETWEEN 6937634 AND 6937733 ORDER BY c
	Unique  (cost=426.81..427.35 rows=108 width=121)
	  ->  Sort  (cost=426.81..427.08 rows=108 width=121)
	        Sort Key: c
	        ->  Index Scan using sbtest6_pkey on sbtest6  (cost=0.43..423.16 rows=108 width=121)
	              Index Cond: ((id >= 6937634) AND (id <= 6937733))

table 7 : explain SELECT DISTINCT c FROM sbtest7 WHERE id BETWEEN 6160011 AND 6160110 ORDER BY c
	Unique  (cost=401.57..402.08 rows=102 width=121)
	  ->  Sort  (cost=401.57..401.82 rows=102 width=121)
	        Sort Key: c
	        ->  Index Scan using sbtest7_pkey on sbtest7  (cost=0.43..398.16 rows=102 width=121)
	              Index Cond: ((id >= 6160011) AND (id <= 6160110))

table 8 : explain SELECT DISTINCT c FROM sbtest8 WHERE id BETWEEN 8932601 AND 8932700 ORDER BY c
	Unique  (cost=394.21..394.71 rows=100 width=121)
	  ->  Sort  (cost=394.21..394.46 rows=100 width=121)
	        Sort Key: c
	        ->  Index Scan using sbtest8_pkey on sbtest8  (cost=0.43..390.89 rows=100 width=121)
	              Index Cond: ((id >= 8932601) AND (id <= 8932700))

for point_selects
table 1 : explain SELECT c FROM sbtest1 WHERE id=7821205
	Index Scan using sbtest1_pkey on sbtest1  (cost=0.43..8.45 rows=1 width=121)
	  Index Cond: (id = 7821205)

table 2 : explain SELECT c FROM sbtest2 WHERE id=3039484
	Index Scan using sbtest2_pkey on sbtest2  (cost=0.43..8.45 rows=1 width=121)
	  Index Cond: (id = 3039484)

table 3 : explain SELECT c FROM sbtest3 WHERE id=6670917
	Index Scan using sbtest3_pkey on sbtest3  (cost=0.43..8.45 rows=1 width=121)
	  Index Cond: (id = 6670917)

table 4 : explain SELECT c FROM sbtest4 WHERE id=8493952
	Index Scan using sbtest4_pkey on sbtest4  (cost=0.43..8.45 rows=1 width=121)
	  Index Cond: (id = 8493952)

table 5 : explain SELECT c FROM sbtest5 WHERE id=1833369
	Index Scan using sbtest5_pkey on sbtest5  (cost=0.43..8.45 rows=1 width=121)
	  Index Cond: (id = 1833369)

table 6 : explain SELECT c FROM sbtest6 WHERE id=3160908
	Index Scan using sbtest6_pkey on sbtest6  (cost=0.43..8.45 rows=1 width=121)
	  Index Cond: (id = 3160908)

table 7 : explain SELECT c FROM sbtest7 WHERE id=4216563
	Index Scan using sbtest7_pkey on sbtest7  (cost=0.43..8.45 rows=1 width=121)
	  Index Cond: (id = 4216563)

table 8 : explain SELECT c FROM sbtest8 WHERE id=2676060
	Index Scan using sbtest8_pkey on sbtest8  (cost=0.43..8.45 rows=1 width=121)
	  Index Cond: (id = 2676060)

for deletes
table 1 : explain DELETE FROM sbtest1 WHERE id=6754600
	Delete on sbtest1  (cost=0.43..8.45 rows=0 width=0)
	  ->  Index Scan using sbtest1_pkey on sbtest1  (cost=0.43..8.45 rows=1 width=6)
	        Index Cond: (id = 6754600)

table 2 : explain DELETE FROM sbtest2 WHERE id=2271454
	Delete on sbtest2  (cost=0.43..8.45 rows=0 width=0)
	  ->  Index Scan using sbtest2_pkey on sbtest2  (cost=0.43..8.45 rows=1 width=6)
	        Index Cond: (id = 2271454)

table 3 : explain DELETE FROM sbtest3 WHERE id=1642488
	Delete on sbtest3  (cost=0.43..8.45 rows=0 width=0)
	  ->  Index Scan using sbtest3_pkey on sbtest3  (cost=0.43..8.45 rows=1 width=6)
	        Index Cond: (id = 1642488)

table 4 : explain DELETE FROM sbtest4 WHERE id=6133520
	Delete on sbtest4  (cost=0.43..8.45 rows=0 width=0)
	  ->  Index Scan using sbtest4_pkey on sbtest4  (cost=0.43..8.45 rows=1 width=6)
	        Index Cond: (id = 6133520)

table 5 : explain DELETE FROM sbtest5 WHERE id=5719089
	Delete on sbtest5  (cost=0.43..8.45 rows=0 width=0)
	  ->  Index Scan using sbtest5_pkey on sbtest5  (cost=0.43..8.45 rows=1 width=6)
	        Index Cond: (id = 5719089)

table 6 : explain DELETE FROM sbtest6 WHERE id=8245360
	Delete on sbtest6  (cost=0.43..8.45 rows=0 width=0)
	  ->  Index Scan using sbtest6_pkey on sbtest6  (cost=0.43..8.45 rows=1 width=6)
	        Index Cond: (id = 8245360)

table 7 : explain DELETE FROM sbtest7 WHERE id=4067370
	Delete on sbtest7  (cost=0.43..8.45 rows=0 width=0)
	  ->  Index Scan using sbtest7_pkey on sbtest7  (cost=0.43..8.45 rows=1 width=6)
	        Index Cond: (id = 4067370)

table 8 : explain DELETE FROM sbtest8 WHERE id=6390833
	Delete on sbtest8  (cost=0.43..8.45 rows=0 width=0)
	  ->  Index Scan using sbtest8_pkey on sbtest8  (cost=0.43..8.45 rows=1 width=6)
	        Index Cond: (id = 6390833)

explain: for deletes :: explain DELETE FROM sbtest%u WHERE id=%u
for: order_ranges
table 1 : explain SELECT c FROM sbtest1 WHERE id BETWEEN 559310 AND 559409 ORDER BY c
	Sort  (cost=368.31..368.55 rows=93 width=121)
	  Sort Key: c
	  ->  Index Scan using sbtest1_pkey on sbtest1  (cost=0.43..365.27 rows=93 width=121)
	        Index Cond: ((id >= 559310) AND (id <= 559409))

table 2 : explain SELECT c FROM sbtest2 WHERE id BETWEEN 9201639 AND 9201738 ORDER BY c
	Sort  (cost=384.83..385.07 rows=97 width=121)
	  Sort Key: c
	  ->  Index Scan using sbtest2_pkey on sbtest2  (cost=0.43..381.63 rows=97 width=121)
	        Index Cond: ((id >= 9201639) AND (id <= 9201738))

table 3 : explain SELECT c FROM sbtest3 WHERE id BETWEEN 6289609 AND 6289708 ORDER BY c
	Sort  (cost=414.51..414.77 rows=105 width=121)
	  Sort Key: c
	  ->  Index Scan using sbtest3_pkey on sbtest3  (cost=0.43..410.98 rows=105 width=121)
	        Index Cond: ((id >= 6289609) AND (id <= 6289708))

table 4 : explain SELECT c FROM sbtest4 WHERE id BETWEEN 7914648 AND 7914747 ORDER BY c
	Sort  (cost=372.74..372.97 rows=94 width=121)
	  Sort Key: c
	  ->  Index Scan using sbtest4_pkey on sbtest4  (cost=0.43..369.66 rows=94 width=121)
	        Index Cond: ((id >= 7914648) AND (id <= 7914747))

table 5 : explain SELECT c FROM sbtest5 WHERE id BETWEEN 292436 AND 292535 ORDER BY c
	Sort  (cost=379.45..379.69 rows=96 width=121)
	  Sort Key: c
	  ->  Index Scan using sbtest5_pkey on sbtest5  (cost=0.43..376.29 rows=96 width=121)
	        Index Cond: ((id >= 292436) AND (id <= 292535))

table 6 : explain SELECT c FROM sbtest6 WHERE id BETWEEN 9688164 AND 9688263 ORDER BY c
	Sort  (cost=403.32..403.57 rows=102 width=121)
	  Sort Key: c
	  ->  Index Scan using sbtest6_pkey on sbtest6  (cost=0.43..399.92 rows=102 width=121)
	        Index Cond: ((id >= 9688164) AND (id <= 9688263))

table 7 : explain SELECT c FROM sbtest7 WHERE id BETWEEN 3884724 AND 3884823 ORDER BY c
	Sort  (cost=393.77..394.02 rows=100 width=121)
	  Sort Key: c
	  ->  Index Scan using sbtest7_pkey on sbtest7  (cost=0.43..390.45 rows=100 width=121)
	        Index Cond: ((id >= 3884724) AND (id <= 3884823))

table 8 : explain SELECT c FROM sbtest8 WHERE id BETWEEN 1884469 AND 1884568 ORDER BY c
	Sort  (cost=378.56..378.80 rows=96 width=121)
	  Sort Key: c
	  ->  Index Scan using sbtest8_pkey on sbtest8  (cost=0.43..375.40 rows=96 width=121)
	        Index Cond: ((id >= 1884469) AND (id <= 1884568))

for point_selects
table 1 : explain SELECT c FROM sbtest1 WHERE id=1601403
	Index Scan using sbtest1_pkey on sbtest1  (cost=0.43..8.45 rows=1 width=121)
	  Index Cond: (id = 1601403)

table 2 : explain SELECT c FROM sbtest2 WHERE id=7983083
	Index Scan using sbtest2_pkey on sbtest2  (cost=0.43..8.45 rows=1 width=121)
	  Index Cond: (id = 7983083)

table 3 : explain SELECT c FROM sbtest3 WHERE id=1616440
	Index Scan using sbtest3_pkey on sbtest3  (cost=0.43..8.45 rows=1 width=121)
	  Index Cond: (id = 1616440)

table 4 : explain SELECT c FROM sbtest4 WHERE id=6007922
	Index Scan using sbtest4_pkey on sbtest4  (cost=0.43..8.45 rows=1 width=121)
	  Index Cond: (id = 6007922)

table 5 : explain SELECT c FROM sbtest5 WHERE id=7364723
	Index Scan using sbtest5_pkey on sbtest5  (cost=0.43..8.45 rows=1 width=121)
	  Index Cond: (id = 7364723)

table 6 : explain SELECT c FROM sbtest6 WHERE id=3885164
	Index Scan using sbtest6_pkey on sbtest6  (cost=0.43..8.45 rows=1 width=121)
	  Index Cond: (id = 3885164)

table 7 : explain SELECT c FROM sbtest7 WHERE id=2893967
	Index Scan using sbtest7_pkey on sbtest7  (cost=0.43..8.45 rows=1 width=121)
	  Index Cond: (id = 2893967)

table 8 : explain SELECT c FROM sbtest8 WHERE id=4829722
	Index Scan using sbtest8_pkey on sbtest8  (cost=0.43..8.45 rows=1 width=121)
	  Index Cond: (id = 4829722)

for point_selects
table 1 : explain SELECT c FROM sbtest1 WHERE id=1844264
	Index Scan using sbtest1_pkey on sbtest1  (cost=0.43..8.45 rows=1 width=121)
	  Index Cond: (id = 1844264)

table 2 : explain SELECT c FROM sbtest2 WHERE id=679573
	Index Scan using sbtest2_pkey on sbtest2  (cost=0.43..8.45 rows=1 width=121)
	  Index Cond: (id = 679573)

table 3 : explain SELECT c FROM sbtest3 WHERE id=8321995
	Index Scan using sbtest3_pkey on sbtest3  (cost=0.43..8.45 rows=1 width=121)
	  Index Cond: (id = 8321995)

table 4 : explain SELECT c FROM sbtest4 WHERE id=4551510
	Index Scan using sbtest4_pkey on sbtest4  (cost=0.43..8.45 rows=1 width=121)
	  Index Cond: (id = 4551510)

table 5 : explain SELECT c FROM sbtest5 WHERE id=8752936
	Index Scan using sbtest5_pkey on sbtest5  (cost=0.43..8.45 rows=1 width=121)
	  Index Cond: (id = 8752936)

table 6 : explain SELECT c FROM sbtest6 WHERE id=1019077
	Index Scan using sbtest6_pkey on sbtest6  (cost=0.43..8.45 rows=1 width=121)
	  Index Cond: (id = 1019077)

table 7 : explain SELECT c FROM sbtest7 WHERE id=3220140
	Index Scan using sbtest7_pkey on sbtest7  (cost=0.43..8.45 rows=1 width=121)
	  Index Cond: (id = 3220140)

table 8 : explain SELECT c FROM sbtest8 WHERE id=6200639
	Index Scan using sbtest8_pkey on sbtest8  (cost=0.43..8.45 rows=1 width=121)
	  Index Cond: (id = 6200639)

explain: for index_updates :: explain UPDATE sbtest%u SET k=k+1 WHERE id=%u
explain: for inserts :: explain INSERT INTO sbtest%u (id, k, c, pad) VALUES (%u, 13, 'foobar', 'foobar')
for: simple_ranges
table 1 : explain SELECT c FROM sbtest1 WHERE id BETWEEN 7558850 AND 7558949
	Index Scan using sbtest1_pkey on sbtest1  (cost=0.43..373.03 rows=95 width=121)
	  Index Cond: ((id >= 7558850) AND (id <= 7558949))

table 2 : explain SELECT c FROM sbtest2 WHERE id BETWEEN 8707606 AND 8707705
	Index Scan using sbtest2_pkey on sbtest2  (cost=0.43..420.53 rows=107 width=121)
	  Index Cond: ((id >= 8707606) AND (id <= 8707705))

table 3 : explain SELECT c FROM sbtest3 WHERE id BETWEEN 3109294 AND 3109393
	Index Scan using sbtest3_pkey on sbtest3  (cost=0.43..395.50 rows=101 width=121)
	  Index Cond: ((id >= 3109294) AND (id <= 3109393))

table 4 : explain SELECT c FROM sbtest4 WHERE id BETWEEN 5953312 AND 5953411
	Index Scan using sbtest4_pkey on sbtest4  (cost=0.43..400.76 rows=102 width=121)
	  Index Cond: ((id >= 5953312) AND (id <= 5953411))

table 5 : explain SELECT c FROM sbtest5 WHERE id BETWEEN 7799560 AND 7799659
	Index Scan using sbtest5_pkey on sbtest5  (cost=0.43..376.29 rows=96 width=121)
	  Index Cond: ((id >= 7799560) AND (id <= 7799659))

table 6 : explain SELECT c FROM sbtest6 WHERE id BETWEEN 3794087 AND 3794186
	Index Scan using sbtest6_pkey on sbtest6  (cost=0.43..365.01 rows=93 width=121)
	  Index Cond: ((id >= 3794087) AND (id <= 3794186))

table 7 : explain SELECT c FROM sbtest7 WHERE id BETWEEN 8533469 AND 8533568
	Index Scan using sbtest7_pkey on sbtest7  (cost=0.43..355.69 rows=91 width=121)
	  Index Cond: ((id >= 8533469) AND (id <= 8533568))

table 8 : explain SELECT c FROM sbtest8 WHERE id BETWEEN 5375404 AND 5375503
	Index Scan using sbtest8_pkey on sbtest8  (cost=0.43..444.95 rows=114 width=121)
	  Index Cond: ((id >= 5375404) AND (id <= 5375503))

explain: for point_selects :: explain SELECT c FROM sbtest%u WHERE id=%u
for: simple_ranges
table 1 : explain SELECT c FROM sbtest1 WHERE id BETWEEN 1833932 AND 1834031
	Index Scan using sbtest1_pkey on sbtest1  (cost=0.43..369.15 rows=94 width=121)
	  Index Cond: ((id >= 1833932) AND (id <= 1834031))

table 2 : explain SELECT c FROM sbtest2 WHERE id BETWEEN 226015 AND 226114
	Index Scan using sbtest2_pkey on sbtest2  (cost=0.43..385.51 rows=98 width=121)
	  Index Cond: ((id >= 226015) AND (id <= 226114))

table 3 : explain SELECT c FROM sbtest3 WHERE id BETWEEN 3206701 AND 3206800
	Index Scan using sbtest3_pkey on sbtest3  (cost=0.43..364.51 rows=93 width=121)
	  Index Cond: ((id >= 3206701) AND (id <= 3206800))

table 4 : explain SELECT c FROM sbtest4 WHERE id BETWEEN 9090817 AND 9090916
	Index Scan using sbtest4_pkey on sbtest4  (cost=0.43..431.82 rows=110 width=121)
	  Index Cond: ((id >= 9090817) AND (id <= 9090916))

table 5 : explain SELECT c FROM sbtest5 WHERE id BETWEEN 4880964 AND 4881063
	Index Scan using sbtest5_pkey on sbtest5  (cost=0.43..411.17 rows=105 width=121)
	  Index Cond: ((id >= 4880964) AND (id <= 4881063))

table 6 : explain SELECT c FROM sbtest6 WHERE id BETWEEN 8527548 AND 8527647
	Index Scan using sbtest6_pkey on sbtest6  (cost=0.43..415.42 rows=106 width=121)
	  Index Cond: ((id >= 8527548) AND (id <= 8527647))

table 7 : explain SELECT c FROM sbtest7 WHERE id BETWEEN 2311299 AND 2311398
	Index Scan using sbtest7_pkey on sbtest7  (cost=0.43..367.27 rows=94 width=121)
	  Index Cond: ((id >= 2311299) AND (id <= 2311398))

table 8 : explain SELECT c FROM sbtest8 WHERE id BETWEEN 2025629 AND 2025728
	Index Scan using sbtest8_pkey on sbtest8  (cost=0.43..371.54 rows=95 width=121)
	  Index Cond: ((id >= 2025629) AND (id <= 2025728))

for inserts
table 1 : explain INSERT INTO sbtest1 (id, k, c, pad) VALUES (6694892, 13, 'foobar', 'foobar')
	Insert on sbtest1  (cost=0.00..0.01 rows=0 width=0)
	  ->  Result  (cost=0.00..0.01 rows=1 width=736)

table 2 : explain INSERT INTO sbtest2 (id, k, c, pad) VALUES (7875527, 13, 'foobar', 'foobar')
	Insert on sbtest2  (cost=0.00..0.01 rows=0 width=0)
	  ->  Result  (cost=0.00..0.01 rows=1 width=736)

table 3 : explain INSERT INTO sbtest3 (id, k, c, pad) VALUES (1016873, 13, 'foobar', 'foobar')
	Insert on sbtest3  (cost=0.00..0.01 rows=0 width=0)
	  ->  Result  (cost=0.00..0.01 rows=1 width=736)

table 4 : explain INSERT INTO sbtest4 (id, k, c, pad) VALUES (6598811, 13, 'foobar', 'foobar')
	Insert on sbtest4  (cost=0.00..0.01 rows=0 width=0)
	  ->  Result  (cost=0.00..0.01 rows=1 width=736)

table 5 : explain INSERT INTO sbtest5 (id, k, c, pad) VALUES (5861910, 13, 'foobar', 'foobar')
	Insert on sbtest5  (cost=0.00..0.01 rows=0 width=0)
	  ->  Result  (cost=0.00..0.01 rows=1 width=736)

table 6 : explain INSERT INTO sbtest6 (id, k, c, pad) VALUES (3160470, 13, 'foobar', 'foobar')
	Insert on sbtest6  (cost=0.00..0.01 rows=0 width=0)
	  ->  Result  (cost=0.00..0.01 rows=1 width=736)

table 7 : explain INSERT INTO sbtest7 (id, k, c, pad) VALUES (1434510, 13, 'foobar', 'foobar')
	Insert on sbtest7  (cost=0.00..0.01 rows=0 width=0)
	  ->  Result  (cost=0.00..0.01 rows=1 width=736)

table 8 : explain INSERT INTO sbtest8 (id, k, c, pad) VALUES (5601633, 13, 'foobar', 'foobar')
	Insert on sbtest8  (cost=0.00..0.01 rows=0 width=0)
	  ->  Result  (cost=0.00..0.01 rows=1 width=736)

for: simple_ranges
table 1 : explain SELECT c FROM sbtest1 WHERE id BETWEEN 3869638 AND 3869737
	Index Scan using sbtest1_pkey on sbtest1  (cost=0.43..419.60 rows=107 width=121)
	  Index Cond: ((id >= 3869638) AND (id <= 3869737))

table 2 : explain SELECT c FROM sbtest2 WHERE id BETWEEN 811245 AND 811344
	Index Scan using sbtest2_pkey on sbtest2  (cost=0.43..408.87 rows=104 width=121)
	  Index Cond: ((id >= 811245) AND (id <= 811344))

table 3 : explain SELECT c FROM sbtest3 WHERE id BETWEEN 9494939 AND 9495038
	Index Scan using sbtest3_pkey on sbtest3  (cost=0.43..399.37 rows=102 width=121)
	  Index Cond: ((id >= 9494939) AND (id <= 9495038))

table 4 : explain SELECT c FROM sbtest4 WHERE id BETWEEN 8884909 AND 8885008
	Index Scan using sbtest4_pkey on sbtest4  (cost=0.43..396.87 rows=101 width=121)
	  Index Cond: ((id >= 8884909) AND (id <= 8885008))

table 5 : explain SELECT c FROM sbtest5 WHERE id BETWEEN 1430922 AND 1431021
	Index Scan using sbtest5_pkey on sbtest5  (cost=0.43..407.30 rows=104 width=121)
	  Index Cond: ((id >= 1430922) AND (id <= 1431021))

table 6 : explain SELECT c FROM sbtest6 WHERE id BETWEEN 6134406 AND 6134505
	Index Scan using sbtest6_pkey on sbtest6  (cost=0.43..403.79 rows=103 width=121)
	  Index Cond: ((id >= 6134406) AND (id <= 6134505))

table 7 : explain SELECT c FROM sbtest7 WHERE id BETWEEN 1385012 AND 1385111
	Index Scan using sbtest7_pkey on sbtest7  (cost=0.43..363.41 rows=93 width=121)
	  Index Cond: ((id >= 1385012) AND (id <= 1385111))

table 8 : explain SELECT c FROM sbtest8 WHERE id BETWEEN 7988756 AND 7988855
	Index Scan using sbtest8_pkey on sbtest8  (cost=0.43..383.16 rows=98 width=121)
	  Index Cond: ((id >= 7988756) AND (id <= 7988855))

explain: for point_selects :: explain SELECT c FROM sbtest%u WHERE id=%u
for deletes
table 1 : explain DELETE FROM sbtest1 WHERE id=8239157
	Delete on sbtest1  (cost=0.43..8.45 rows=0 width=0)
	  ->  Index Scan using sbtest1_pkey on sbtest1  (cost=0.43..8.45 rows=1 width=6)
	        Index Cond: (id = 8239157)

table 2 : explain DELETE FROM sbtest2 WHERE id=3401125
	Delete on sbtest2  (cost=0.43..8.45 rows=0 width=0)
	  ->  Index Scan using sbtest2_pkey on sbtest2  (cost=0.43..8.45 rows=1 width=6)
	        Index Cond: (id = 3401125)

table 3 : explain DELETE FROM sbtest3 WHERE id=4435648
	Delete on sbtest3  (cost=0.43..8.45 rows=0 width=0)
	  ->  Index Scan using sbtest3_pkey on sbtest3  (cost=0.43..8.45 rows=1 width=6)
	        Index Cond: (id = 4435648)

table 4 : explain DELETE FROM sbtest4 WHERE id=1222199
	Delete on sbtest4  (cost=0.43..8.45 rows=0 width=0)
	  ->  Index Scan using sbtest4_pkey on sbtest4  (cost=0.43..8.45 rows=1 width=6)
	        Index Cond: (id = 1222199)

table 5 : explain DELETE FROM sbtest5 WHERE id=3171519
	Delete on sbtest5  (cost=0.43..8.45 rows=0 width=0)
	  ->  Index Scan using sbtest5_pkey on sbtest5  (cost=0.43..8.45 rows=1 width=6)
	        Index Cond: (id = 3171519)

table 6 : explain DELETE FROM sbtest6 WHERE id=4351881
	Delete on sbtest6  (cost=0.43..8.45 rows=0 width=0)
	  ->  Index Scan using sbtest6_pkey on sbtest6  (cost=0.43..8.45 rows=1 width=6)
	        Index Cond: (id = 4351881)

table 7 : explain DELETE FROM sbtest7 WHERE id=1050914
	Delete on sbtest7  (cost=0.43..8.45 rows=0 width=0)
	  ->  Index Scan using sbtest7_pkey on sbtest7  (cost=0.43..8.45 rows=1 width=6)
	        Index Cond: (id = 1050914)

table 8 : explain DELETE FROM sbtest8 WHERE id=6307469
	Delete on sbtest8  (cost=0.43..8.45 rows=0 width=0)
	  ->  Index Scan using sbtest8_pkey on sbtest8  (cost=0.43..8.45 rows=1 width=6)
	        Index Cond: (id = 6307469)

for: simple_ranges
table 1 : explain SELECT c FROM sbtest1 WHERE id BETWEEN 8270661 AND 8270760
	Index Scan using sbtest1_pkey on sbtest1  (cost=0.43..396.29 rows=101 width=121)
	  Index Cond: ((id >= 8270661) AND (id <= 8270760))

table 2 : explain SELECT c FROM sbtest2 WHERE id BETWEEN 4978257 AND 4978356
	Index Scan using sbtest2_pkey on sbtest2  (cost=0.43..416.64 rows=106 width=121)
	  Index Cond: ((id >= 4978257) AND (id <= 4978356))

table 3 : explain SELECT c FROM sbtest3 WHERE id BETWEEN 1118448 AND 1118547
	Index Scan using sbtest3_pkey on sbtest3  (cost=0.43..387.73 rows=99 width=121)
	  Index Cond: ((id >= 1118448) AND (id <= 1118547))

table 4 : explain SELECT c FROM sbtest4 WHERE id BETWEEN 2022417 AND 2022516
	Index Scan using sbtest4_pkey on sbtest4  (cost=0.43..400.76 rows=102 width=121)
	  Index Cond: ((id >= 2022417) AND (id <= 2022516))

table 5 : explain SELECT c FROM sbtest5 WHERE id BETWEEN 2210659 AND 2210758
	Index Scan using sbtest5_pkey on sbtest5  (cost=0.43..399.56 rows=102 width=121)
	  Index Cond: ((id >= 2210659) AND (id <= 2210758))

table 6 : explain SELECT c FROM sbtest6 WHERE id BETWEEN 9971730 AND 9971829
	Index Scan using sbtest6_pkey on sbtest6  (cost=0.43..399.92 rows=102 width=121)
	  Index Cond: ((id >= 9971730) AND (id <= 9971829))

table 7 : explain SELECT c FROM sbtest7 WHERE id BETWEEN 7416047 AND 7416146
	Index Scan using sbtest7_pkey on sbtest7  (cost=0.43..359.55 rows=92 width=121)
	  Index Cond: ((id >= 7416047) AND (id <= 7416146))

table 8 : explain SELECT c FROM sbtest8 WHERE id BETWEEN 9250376 AND 9250475
	Index Scan using sbtest8_pkey on sbtest8  (cost=0.43..371.54 rows=95 width=121)
	  Index Cond: ((id >= 9250376) AND (id <= 9250475))

for: simple_ranges
table 1 : explain SELECT c FROM sbtest1 WHERE id BETWEEN 1945289 AND 1945388
	Index Scan using sbtest1_pkey on sbtest1  (cost=0.43..361.40 rows=92 width=121)
	  Index Cond: ((id >= 1945289) AND (id <= 1945388))

table 2 : explain SELECT c FROM sbtest2 WHERE id BETWEEN 2347201 AND 2347300
	Index Scan using sbtest2_pkey on sbtest2  (cost=0.43..404.98 rows=103 width=121)
	  Index Cond: ((id >= 2347201) AND (id <= 2347300))

table 3 : explain SELECT c FROM sbtest3 WHERE id BETWEEN 6314114 AND 6314213
	Index Scan using sbtest3_pkey on sbtest3  (cost=0.43..410.98 rows=105 width=121)
	  Index Cond: ((id >= 6314114) AND (id <= 6314213))

table 4 : explain SELECT c FROM sbtest4 WHERE id BETWEEN 4012043 AND 4012142
	Index Scan using sbtest4_pkey on sbtest4  (cost=0.43..385.19 rows=98 width=121)
	  Index Cond: ((id >= 4012043) AND (id <= 4012142))

table 5 : explain SELECT c FROM sbtest5 WHERE id BETWEEN 5919929 AND 5920028
	Index Scan using sbtest5_pkey on sbtest5  (cost=0.43..411.17 rows=105 width=121)
	  Index Cond: ((id >= 5919929) AND (id <= 5920028))

table 6 : explain SELECT c FROM sbtest6 WHERE id BETWEEN 4270052 AND 4270151
	Index Scan using sbtest6_pkey on sbtest6  (cost=0.43..415.42 rows=106 width=121)
	  Index Cond: ((id >= 4270052) AND (id <= 4270151))

table 7 : explain SELECT c FROM sbtest7 WHERE id BETWEEN 2183271 AND 2183370
	Index Scan using sbtest7_pkey on sbtest7  (cost=0.43..374.98 rows=96 width=121)
	  Index Cond: ((id >= 2183271) AND (id <= 2183370))

table 8 : explain SELECT c FROM sbtest8 WHERE id BETWEEN 2767202 AND 2767301
	Index Scan using sbtest8_pkey on sbtest8  (cost=0.43..375.40 rows=96 width=121)
	  Index Cond: ((id >= 2767202) AND (id <= 2767301))

for: order_ranges
table 1 : explain SELECT c FROM sbtest1 WHERE id BETWEEN 7144880 AND 7144979 ORDER BY c
	Sort  (cost=380.07..380.31 rows=96 width=121)
	  Sort Key: c
	  ->  Index Scan using sbtest1_pkey on sbtest1  (cost=0.43..376.91 rows=96 width=121)
	        Index Cond: ((id >= 7144880) AND (id <= 7144979))

table 2 : explain SELECT c FROM sbtest2 WHERE id BETWEEN 6019290 AND 6019389 ORDER BY c
	Sort  (cost=384.83..385.07 rows=97 width=121)
	  Sort Key: c
	  ->  Index Scan using sbtest2_pkey on sbtest2  (cost=0.43..381.63 rows=97 width=121)
	        Index Cond: ((id >= 6019290) AND (id <= 6019389))

table 3 : explain SELECT c FROM sbtest3 WHERE id BETWEEN 4688767 AND 4688866 ORDER BY c
	Sort  (cost=414.51..414.77 rows=105 width=121)
	  Sort Key: c
	  ->  Index Scan using sbtest3_pkey on sbtest3  (cost=0.43..410.98 rows=105 width=121)
	        Index Cond: ((id >= 4688767) AND (id <= 4688866))

table 4 : explain SELECT c FROM sbtest4 WHERE id BETWEEN 9274711 AND 9274810 ORDER BY c
	Sort  (cost=357.04..357.27 rows=90 width=121)
	  Sort Key: c
	  ->  Index Scan using sbtest4_pkey on sbtest4  (cost=0.43..354.12 rows=90 width=121)
	        Index Cond: ((id >= 9274711) AND (id <= 9274810))

table 5 : explain SELECT c FROM sbtest5 WHERE id BETWEEN 1448691 AND 1448790 ORDER BY c
	Sort  (cost=410.78..411.04 rows=104 width=121)
	  Sort Key: c
	  ->  Index Scan using sbtest5_pkey on sbtest5  (cost=0.43..407.30 rows=104 width=121)
	        Index Cond: ((id >= 1448691) AND (id <= 1448790))

table 6 : explain SELECT c FROM sbtest6 WHERE id BETWEEN 395760 AND 395859 ORDER BY c
	Sort  (cost=418.98..419.25 rows=106 width=121)
	  Sort Key: c
	  ->  Index Scan using sbtest6_pkey on sbtest6  (cost=0.43..415.42 rows=106 width=121)
	        Index Cond: ((id >= 395760) AND (id <= 395859))

table 7 : explain SELECT c FROM sbtest7 WHERE id BETWEEN 3702879 AND 3702978 ORDER BY c
	Sort  (cost=335.27..335.49 rows=85 width=121)
	  Sort Key: c
	  ->  Index Scan using sbtest7_pkey on sbtest7  (cost=0.43..332.55 rows=85 width=121)
	        Index Cond: ((id >= 3702879) AND (id <= 3702978))

table 8 : explain SELECT c FROM sbtest8 WHERE id BETWEEN 8207112 AND 8207211 ORDER BY c
	Sort  (cost=402.01..402.27 rows=102 width=121)
	  Sort Key: c
	  ->  Index Scan using sbtest8_pkey on sbtest8  (cost=0.43..398.61 rows=102 width=121)
	        Index Cond: ((id >= 8207112) AND (id <= 8207211))

for: distinct_ranges
table 1 : explain SELECT DISTINCT c FROM sbtest1 WHERE id BETWEEN 8176928 AND 8177027 ORDER BY c
	Unique  (cost=446.72..447.28 rows=113 width=121)
	  ->  Sort  (cost=446.72..447.00 rows=113 width=121)
	        Sort Key: c
	        ->  Index Scan using sbtest1_pkey on sbtest1  (cost=0.43..442.86 rows=113 width=121)
	              Index Cond: ((id >= 8176928) AND (id <= 8177027))

table 2 : explain SELECT DISTINCT c FROM sbtest2 WHERE id BETWEEN 3985631 AND 3985730 ORDER BY c
	Unique  (cost=388.76..389.25 rows=98 width=121)
	  ->  Sort  (cost=388.76..389.00 rows=98 width=121)
	        Sort Key: c
	        ->  Index Scan using sbtest2_pkey on sbtest2  (cost=0.43..385.51 rows=98 width=121)
	              Index Cond: ((id >= 3985631) AND (id <= 3985730))

table 3 : explain SELECT DISTINCT c FROM sbtest3 WHERE id BETWEEN 8759935 AND 8760034 ORDER BY c
	Unique  (cost=363.64..364.10 rows=92 width=121)
	  ->  Sort  (cost=363.64..363.87 rows=92 width=121)
	        Sort Key: c
	        ->  Index Scan using sbtest3_pkey on sbtest3  (cost=0.43..360.64 rows=92 width=121)
	              Index Cond: ((id >= 8759935) AND (id <= 8760034))

table 4 : explain SELECT DISTINCT c FROM sbtest4 WHERE id BETWEEN 6178672 AND 6178771 ORDER BY c
	Unique  (cost=415.93..416.45 rows=105 width=121)
	  ->  Sort  (cost=415.93..416.19 rows=105 width=121)
	        Sort Key: c
	        ->  Index Scan using sbtest4_pkey on sbtest4  (cost=0.43..412.40 rows=105 width=121)
	              Index Cond: ((id >= 6178672) AND (id <= 6178771))

table 5 : explain SELECT DISTINCT c FROM sbtest5 WHERE id BETWEEN 3146869 AND 3146968 ORDER BY c
	Unique  (cost=371.63..372.10 rows=94 width=121)
	  ->  Sort  (cost=371.63..371.87 rows=94 width=121)
	        Sort Key: c
	        ->  Index Scan using sbtest5_pkey on sbtest5  (cost=0.43..368.55 rows=94 width=121)
	              Index Cond: ((id >= 3146869) AND (id <= 3146968))

table 6 : explain SELECT DISTINCT c FROM sbtest6 WHERE id BETWEEN 8580291 AND 8580390 ORDER BY c
	Unique  (cost=418.98..419.51 rows=106 width=121)
	  ->  Sort  (cost=418.98..419.25 rows=106 width=121)
	        Sort Key: c
	        ->  Index Scan using sbtest6_pkey on sbtest6  (cost=0.43..415.42 rows=106 width=121)
	              Index Cond: ((id >= 8580291) AND (id <= 8580390))

table 7 : explain SELECT DISTINCT c FROM sbtest7 WHERE id BETWEEN 5408215 AND 5408314 ORDER BY c
	Unique  (cost=405.47..405.98 rows=103 width=121)
	  ->  Sort  (cost=405.47..405.72 rows=103 width=121)
	        Sort Key: c
	        ->  Index Scan using sbtest7_pkey on sbtest7  (cost=0.43..402.02 rows=103 width=121)
	              Index Cond: ((id >= 5408215) AND (id <= 5408314))

table 8 : explain SELECT DISTINCT c FROM sbtest8 WHERE id BETWEEN 9769713 AND 9769812 ORDER BY c
	Unique  (cost=382.46..382.95 rows=97 width=121)
	  ->  Sort  (cost=382.46..382.70 rows=97 width=121)
	        Sort Key: c
	        ->  Index Scan using sbtest8_pkey on sbtest8  (cost=0.43..379.26 rows=97 width=121)
	              Index Cond: ((id >= 9769713) AND (id <= 9769812))

for point_selects
table 1 : explain SELECT c FROM sbtest1 WHERE id=1221664
	Index Scan using sbtest1_pkey on sbtest1  (cost=0.43..8.45 rows=1 width=121)
	  Index Cond: (id = 1221664)

table 2 : explain SELECT c FROM sbtest2 WHERE id=1726902
	Index Scan using sbtest2_pkey on sbtest2  (cost=0.43..8.45 rows=1 width=121)
	  Index Cond: (id = 1726902)

table 3 : explain SELECT c FROM sbtest3 WHERE id=8015661
	Index Scan using sbtest3_pkey on sbtest3  (cost=0.43..8.45 rows=1 width=121)
	  Index Cond: (id = 8015661)

table 4 : explain SELECT c FROM sbtest4 WHERE id=4201141
	Index Scan using sbtest4_pkey on sbtest4  (cost=0.43..8.45 rows=1 width=121)
	  Index Cond: (id = 4201141)

table 5 : explain SELECT c FROM sbtest5 WHERE id=9985059
	Index Scan using sbtest5_pkey on sbtest5  (cost=0.43..8.45 rows=1 width=121)
	  Index Cond: (id = 9985059)

table 6 : explain SELECT c FROM sbtest6 WHERE id=7979906
	Index Scan using sbtest6_pkey on sbtest6  (cost=0.43..8.45 rows=1 width=121)
	  Index Cond: (id = 7979906)

table 7 : explain SELECT c FROM sbtest7 WHERE id=9285509
	Index Scan using sbtest7_pkey on sbtest7  (cost=0.43..8.45 rows=1 width=121)
	  Index Cond: (id = 9285509)

table 8 : explain SELECT c FROM sbtest8 WHERE id=1953805
	Index Scan using sbtest8_pkey on sbtest8  (cost=0.43..8.45 rows=1 width=121)
	  Index Cond: (id = 1953805)

explain: for inserts :: explain INSERT INTO sbtest%u (id, k, c, pad) VALUES (%u, 13, 'foobar', 'foobar')
for index_updates
table 1 : explain UPDATE sbtest1 SET k=k+1 WHERE id=9159358
	Update on sbtest1  (cost=0.43..8.46 rows=0 width=0)
	  ->  Index Scan using sbtest1_pkey on sbtest1  (cost=0.43..8.46 rows=1 width=10)
	        Index Cond: (id = 9159358)

table 2 : explain UPDATE sbtest2 SET k=k+1 WHERE id=9343814
	Update on sbtest2  (cost=0.43..8.46 rows=0 width=0)
	  ->  Index Scan using sbtest2_pkey on sbtest2  (cost=0.43..8.46 rows=1 width=10)
	        Index Cond: (id = 9343814)

table 3 : explain UPDATE sbtest3 SET k=k+1 WHERE id=6659984
	Update on sbtest3  (cost=0.43..8.46 rows=0 width=0)
	  ->  Index Scan using sbtest3_pkey on sbtest3  (cost=0.43..8.46 rows=1 width=10)
	        Index Cond: (id = 6659984)

table 4 : explain UPDATE sbtest4 SET k=k+1 WHERE id=3161305
	Update on sbtest4  (cost=0.43..8.46 rows=0 width=0)
	  ->  Index Scan using sbtest4_pkey on sbtest4  (cost=0.43..8.46 rows=1 width=10)
	        Index Cond: (id = 3161305)

table 5 : explain UPDATE sbtest5 SET k=k+1 WHERE id=4755780
	Update on sbtest5  (cost=0.43..8.46 rows=0 width=0)
	  ->  Index Scan using sbtest5_pkey on sbtest5  (cost=0.43..8.46 rows=1 width=10)
	        Index Cond: (id = 4755780)

table 6 : explain UPDATE sbtest6 SET k=k+1 WHERE id=9026279
	Update on sbtest6  (cost=0.43..8.46 rows=0 width=0)
	  ->  Index Scan using sbtest6_pkey on sbtest6  (cost=0.43..8.46 rows=1 width=10)
	        Index Cond: (id = 9026279)

table 7 : explain UPDATE sbtest7 SET k=k+1 WHERE id=1694237
	Update on sbtest7  (cost=0.43..8.46 rows=0 width=0)
	  ->  Index Scan using sbtest7_pkey on sbtest7  (cost=0.43..8.46 rows=1 width=10)
	        Index Cond: (id = 1694237)

table 8 : explain UPDATE sbtest8 SET k=k+1 WHERE id=4135250
	Update on sbtest8  (cost=0.43..8.46 rows=0 width=0)
	  ->  Index Scan using sbtest8_pkey on sbtest8  (cost=0.43..8.46 rows=1 width=10)
	        Index Cond: (id = 4135250)

for: sum_ranges
table 1 : explain SELECT SUM(k) FROM sbtest1 WHERE id BETWEEN 7140261 AND 7140360
	Aggregate  (cost=377.15..377.16 rows=1 width=8)
	  ->  Index Scan using sbtest1_pkey on sbtest1  (cost=0.43..376.91 rows=96 width=4)
	        Index Cond: ((id >= 7140261) AND (id <= 7140360))

table 2 : explain SELECT SUM(k) FROM sbtest2 WHERE id BETWEEN 3421452 AND 3421551
	Aggregate  (cost=397.46..397.47 rows=1 width=8)
	  ->  Index Scan using sbtest2_pkey on sbtest2  (cost=0.43..397.21 rows=101 width=4)
	        Index Cond: ((id >= 3421452) AND (id <= 3421551))

table 3 : explain SELECT SUM(k) FROM sbtest3 WHERE id BETWEEN 2897928 AND 2898027
	Aggregate  (cost=360.87..360.88 rows=1 width=8)
	  ->  Index Scan using sbtest3_pkey on sbtest3  (cost=0.43..360.64 rows=92 width=4)
	        Index Cond: ((id >= 2897928) AND (id <= 2898027))

table 4 : explain SELECT SUM(k) FROM sbtest4 WHERE id BETWEEN 3524083 AND 3524182
	Aggregate  (cost=451.52..451.53 rows=1 width=8)
	  ->  Index Scan using sbtest4_pkey on sbtest4  (cost=0.43..451.24 rows=115 width=4)
	        Index Cond: ((id >= 3524083) AND (id <= 3524182))

table 5 : explain SELECT SUM(k) FROM sbtest5 WHERE id BETWEEN 5080189 AND 5080288
	Aggregate  (cost=407.56..407.57 rows=1 width=8)
	  ->  Index Scan using sbtest5_pkey on sbtest5  (cost=0.43..407.30 rows=104 width=4)
	        Index Cond: ((id >= 5080189) AND (id <= 5080288))

table 6 : explain SELECT SUM(k) FROM sbtest6 WHERE id BETWEEN 5194882 AND 5194981
	Aggregate  (cost=446.70..446.71 rows=1 width=8)
	  ->  Index Scan using sbtest6_pkey on sbtest6  (cost=0.43..446.41 rows=114 width=4)
	        Index Cond: ((id >= 5194882) AND (id <= 5194981))

table 7 : explain SELECT SUM(k) FROM sbtest7 WHERE id BETWEEN 4407882 AND 4407981
	Aggregate  (cost=382.98..382.99 rows=1 width=8)
	  ->  Index Scan using sbtest7_pkey on sbtest7  (cost=0.43..382.74 rows=98 width=4)
	        Index Cond: ((id >= 4407882) AND (id <= 4407981))

table 8 : explain SELECT SUM(k) FROM sbtest8 WHERE id BETWEEN 4041301 AND 4041400
	Aggregate  (cost=360.18..360.19 rows=1 width=8)
	  ->  Index Scan using sbtest8_pkey on sbtest8  (cost=0.43..359.95 rows=92 width=4)
	        Index Cond: ((id >= 4041301) AND (id <= 4041400))

for: sum_ranges
table 1 : explain SELECT SUM(k) FROM sbtest1 WHERE id BETWEEN 2652212 AND 2652311
	Aggregate  (cost=388.79..388.80 rows=1 width=8)
	  ->  Index Scan using sbtest1_pkey on sbtest1  (cost=0.43..388.54 rows=99 width=4)
	        Index Cond: ((id >= 2652212) AND (id <= 2652311))

table 2 : explain SELECT SUM(k) FROM sbtest2 WHERE id BETWEEN 4716078 AND 4716177
	Aggregate  (cost=366.31..366.32 rows=1 width=8)
	  ->  Index Scan using sbtest2_pkey on sbtest2  (cost=0.43..366.08 rows=93 width=4)
	        Index Cond: ((id >= 4716078) AND (id <= 4716177))

table 3 : explain SELECT SUM(k) FROM sbtest3 WHERE id BETWEEN 1304291 AND 1304390
	Aggregate  (cost=376.36..376.37 rows=1 width=8)
	  ->  Index Scan using sbtest3_pkey on sbtest3  (cost=0.43..376.12 rows=96 width=4)
	        Index Cond: ((id >= 1304291) AND (id <= 1304390))

table 4 : explain SELECT SUM(k) FROM sbtest4 WHERE id BETWEEN 3279469 AND 3279568
	Aggregate  (cost=404.90..404.91 rows=1 width=8)
	  ->  Index Scan using sbtest4_pkey on sbtest4  (cost=0.43..404.64 rows=103 width=4)
	        Index Cond: ((id >= 3279469) AND (id <= 3279568))

table 5 : explain SELECT SUM(k) FROM sbtest5 WHERE id BETWEEN 9659508 AND 9659607
	Aggregate  (cost=403.69..403.70 rows=1 width=8)
	  ->  Index Scan using sbtest5_pkey on sbtest5  (cost=0.43..403.43 rows=103 width=4)
	        Index Cond: ((id >= 9659508) AND (id <= 9659607))

table 6 : explain SELECT SUM(k) FROM sbtest6 WHERE id BETWEEN 9226462 AND 9226561
	Aggregate  (cost=404.05..404.06 rows=1 width=8)
	  ->  Index Scan using sbtest6_pkey on sbtest6  (cost=0.43..403.79 rows=103 width=4)
	        Index Cond: ((id >= 9226462) AND (id <= 9226561))

table 7 : explain SELECT SUM(k) FROM sbtest7 WHERE id BETWEEN 1320618 AND 1320717
	Aggregate  (cost=379.08..379.09 rows=1 width=8)
	  ->  Index Scan using sbtest7_pkey on sbtest7  (cost=0.43..378.84 rows=97 width=4)
	        Index Cond: ((id >= 1320618) AND (id <= 1320717))

table 8 : explain SELECT SUM(k) FROM sbtest8 WHERE id BETWEEN 4258879 AND 4258978
	Aggregate  (cost=425.91..425.92 rows=1 width=8)
	  ->  Index Scan using sbtest8_pkey on sbtest8  (cost=0.43..425.64 rows=109 width=4)
	        Index Cond: ((id >= 4258879) AND (id <= 4258978))

for point_selects
table 1 : explain SELECT c FROM sbtest1 WHERE id=5294276
	Index Scan using sbtest1_pkey on sbtest1  (cost=0.43..8.45 rows=1 width=121)
	  Index Cond: (id = 5294276)

table 2 : explain SELECT c FROM sbtest2 WHERE id=8172346
	Index Scan using sbtest2_pkey on sbtest2  (cost=0.43..8.45 rows=1 width=121)
	  Index Cond: (id = 8172346)

table 3 : explain SELECT c FROM sbtest3 WHERE id=4549894
	Index Scan using sbtest3_pkey on sbtest3  (cost=0.43..8.45 rows=1 width=121)
	  Index Cond: (id = 4549894)

table 4 : explain SELECT c FROM sbtest4 WHERE id=1525224
	Index Scan using sbtest4_pkey on sbtest4  (cost=0.43..8.45 rows=1 width=121)
	  Index Cond: (id = 1525224)

table 5 : explain SELECT c FROM sbtest5 WHERE id=1024105
	Index Scan using sbtest5_pkey on sbtest5  (cost=0.43..8.45 rows=1 width=121)
	  Index Cond: (id = 1024105)

table 6 : explain SELECT c FROM sbtest6 WHERE id=4534153
	Index Scan using sbtest6_pkey on sbtest6  (cost=0.43..8.45 rows=1 width=121)
	  Index Cond: (id = 4534153)

table 7 : explain SELECT c FROM sbtest7 WHERE id=8505182
	Index Scan using sbtest7_pkey on sbtest7  (cost=0.43..8.45 rows=1 width=121)
	  Index Cond: (id = 8505182)

table 8 : explain SELECT c FROM sbtest8 WHERE id=3260993
	Index Scan using sbtest8_pkey on sbtest8  (cost=0.43..8.45 rows=1 width=121)
	  Index Cond: (id = 3260993)

for: distinct_ranges
table 1 : explain SELECT DISTINCT c FROM sbtest1 WHERE id BETWEEN 7957660 AND 7957759 ORDER BY c
	Unique  (cost=407.53..408.04 rows=103 width=121)
	  ->  Sort  (cost=407.53..407.79 rows=103 width=121)
	        Sort Key: c
	        ->  Index Scan using sbtest1_pkey on sbtest1  (cost=0.43..404.09 rows=103 width=121)
	              Index Cond: ((id >= 7957660) AND (id <= 7957759))

table 2 : explain SELECT DISTINCT c FROM sbtest2 WHERE id BETWEEN 2934943 AND 2935042 ORDER BY c
	Unique  (cost=400.57..401.07 rows=101 width=121)
	  ->  Sort  (cost=400.57..400.82 rows=101 width=121)
	        Sort Key: c
	        ->  Index Scan using sbtest2_pkey on sbtest2  (cost=0.43..397.21 rows=101 width=121)
	              Index Cond: ((id >= 2934943) AND (id <= 2935042))

table 3 : explain SELECT DISTINCT c FROM sbtest3 WHERE id BETWEEN 8730631 AND 8730730 ORDER BY c
	Unique  (cost=363.64..364.10 rows=92 width=121)
	  ->  Sort  (cost=363.64..363.87 rows=92 width=121)
	        Sort Key: c
	        ->  Index Scan using sbtest3_pkey on sbtest3  (cost=0.43..360.64 rows=92 width=121)
	              Index Cond: ((id >= 8730631) AND (id <= 8730730))

table 4 : explain SELECT DISTINCT c FROM sbtest4 WHERE id BETWEEN 5502938 AND 5503037 ORDER BY c
	Unique  (cost=372.74..373.21 rows=94 width=121)
	  ->  Sort  (cost=372.74..372.97 rows=94 width=121)
	        Sort Key: c
	        ->  Index Scan using sbtest4_pkey on sbtest4  (cost=0.43..369.66 rows=94 width=121)
	              Index Cond: ((id >= 5502938) AND (id <= 5503037))

table 5 : explain SELECT DISTINCT c FROM sbtest5 WHERE id BETWEEN 3685076 AND 3685175 ORDER BY c
	Unique  (cost=402.96..403.47 rows=102 width=121)
	  ->  Sort  (cost=402.96..403.22 rows=102 width=121)
	        Sort Key: c
	        ->  Index Scan using sbtest5_pkey on sbtest5  (cost=0.43..399.56 rows=102 width=121)
	              Index Cond: ((id >= 3685076) AND (id <= 3685175))

table 6 : explain SELECT DISTINCT c FROM sbtest6 WHERE id BETWEEN 4476184 AND 4476283 ORDER BY c
	Unique  (cost=375.88..376.35 rows=95 width=121)
	  ->  Sort  (cost=375.88..376.11 rows=95 width=121)
	        Sort Key: c
	        ->  Index Scan using sbtest6_pkey on sbtest6  (cost=0.43..372.76 rows=95 width=121)
	              Index Cond: ((id >= 4476184) AND (id <= 4476283))

table 7 : explain SELECT DISTINCT c FROM sbtest7 WHERE id BETWEEN 3156239 AND 3156338 ORDER BY c
	Unique  (cost=405.47..405.98 rows=103 width=121)
	  ->  Sort  (cost=405.47..405.72 rows=103 width=121)
	        Sort Key: c
	        ->  Index Scan using sbtest7_pkey on sbtest7  (cost=0.43..402.02 rows=103 width=121)
	              Index Cond: ((id >= 3156239) AND (id <= 3156338))

table 8 : explain SELECT DISTINCT c FROM sbtest8 WHERE id BETWEEN 438971 AND 439070 ORDER BY c
	Unique  (cost=386.40..386.89 rows=98 width=121)
	  ->  Sort  (cost=386.40..386.65 rows=98 width=121)
	        Sort Key: c
	        ->  Index Scan using sbtest8_pkey on sbtest8  (cost=0.43..383.16 rows=98 width=121)
	              Index Cond: ((id >= 438971) AND (id <= 439070))

for: sum_ranges
table 1 : explain SELECT SUM(k) FROM sbtest1 WHERE id BETWEEN 6983932 AND 6984031
	Aggregate  (cost=408.22..408.23 rows=1 width=8)
	  ->  Index Scan using sbtest1_pkey on sbtest1  (cost=0.43..407.96 rows=104 width=4)
	        Index Cond: ((id >= 6983932) AND (id <= 6984031))

table 2 : explain SELECT SUM(k) FROM sbtest2 WHERE id BETWEEN 9661438 AND 9661537
	Aggregate  (cost=397.46..397.47 rows=1 width=8)
	  ->  Index Scan using sbtest2_pkey on sbtest2  (cost=0.43..397.21 rows=101 width=4)
	        Index Cond: ((id >= 9661438) AND (id <= 9661537))

table 3 : explain SELECT SUM(k) FROM sbtest3 WHERE id BETWEEN 7811235 AND 7811334
	Aggregate  (cost=415.12..415.13 rows=1 width=8)
	  ->  Index Scan using sbtest3_pkey on sbtest3  (cost=0.43..414.85 rows=106 width=4)
	        Index Cond: ((id >= 7811235) AND (id <= 7811334))

table 4 : explain SELECT SUM(k) FROM sbtest4 WHERE id BETWEEN 9315347 AND 9315446
	Aggregate  (cost=420.44..420.45 rows=1 width=8)
	  ->  Index Scan using sbtest4_pkey on sbtest4  (cost=0.43..420.17 rows=107 width=4)
	        Index Cond: ((id >= 9315347) AND (id <= 9315446))

table 5 : explain SELECT SUM(k) FROM sbtest5 WHERE id BETWEEN 9646911 AND 9647010
	Aggregate  (cost=403.69..403.70 rows=1 width=8)
	  ->  Index Scan using sbtest5_pkey on sbtest5  (cost=0.43..403.43 rows=103 width=4)
	        Index Cond: ((id >= 9646911) AND (id <= 9647010))

table 6 : explain SELECT SUM(k) FROM sbtest6 WHERE id BETWEEN 9420260 AND 9420359
	Aggregate  (cost=388.54..388.55 rows=1 width=8)
	  ->  Index Scan using sbtest6_pkey on sbtest6  (cost=0.43..388.29 rows=99 width=4)
	        Index Cond: ((id >= 9420260) AND (id <= 9420359))

table 7 : explain SELECT SUM(k) FROM sbtest7 WHERE id BETWEEN 787708 AND 787807
	Aggregate  (cost=375.22..375.23 rows=1 width=8)
	  ->  Index Scan using sbtest7_pkey on sbtest7  (cost=0.43..374.98 rows=96 width=4)
	        Index Cond: ((id >= 787708) AND (id <= 787807))

table 8 : explain SELECT SUM(k) FROM sbtest8 WHERE id BETWEEN 3358974 AND 3359073
	Aggregate  (cost=383.41..383.42 rows=1 width=8)
	  ->  Index Scan using sbtest8_pkey on sbtest8  (cost=0.43..383.16 rows=98 width=4)
	        Index Cond: ((id >= 3358974) AND (id <= 3359073))

explain: for index_updates :: explain UPDATE sbtest%u SET k=k+1 WHERE id=%u
for: sum_ranges
table 1 : explain SELECT SUM(k) FROM sbtest1 WHERE id BETWEEN 9206196 AND 9206295
	Aggregate  (cost=415.98..415.99 rows=1 width=8)
	  ->  Index Scan using sbtest1_pkey on sbtest1  (cost=0.43..415.72 rows=106 width=4)
	        Index Cond: ((id >= 9206196) AND (id <= 9206295))

table 2 : explain SELECT SUM(k) FROM sbtest2 WHERE id BETWEEN 4028487 AND 4028586
	Aggregate  (cost=385.76..385.77 rows=1 width=8)
	  ->  Index Scan using sbtest2_pkey on sbtest2  (cost=0.43..385.51 rows=98 width=4)
	        Index Cond: ((id >= 4028487) AND (id <= 4028586))

table 3 : explain SELECT SUM(k) FROM sbtest3 WHERE id BETWEEN 5903043 AND 5903142
	Aggregate  (cost=376.36..376.37 rows=1 width=8)
	  ->  Index Scan using sbtest3_pkey on sbtest3  (cost=0.43..376.12 rows=96 width=4)
	        Index Cond: ((id >= 5903043) AND (id <= 5903142))

table 4 : explain SELECT SUM(k) FROM sbtest4 WHERE id BETWEEN 2922304 AND 2922403
	Aggregate  (cost=401.01..401.02 rows=1 width=8)
	  ->  Index Scan using sbtest4_pkey on sbtest4  (cost=0.43..400.76 rows=102 width=4)
	        Index Cond: ((id >= 2922304) AND (id <= 2922403))

table 5 : explain SELECT SUM(k) FROM sbtest5 WHERE id BETWEEN 266389 AND 266488
	Aggregate  (cost=376.53..376.54 rows=1 width=8)
	  ->  Index Scan using sbtest5_pkey on sbtest5  (cost=0.43..376.29 rows=96 width=4)
	        Index Cond: ((id >= 266389) AND (id <= 266488))

table 6 : explain SELECT SUM(k) FROM sbtest6 WHERE id BETWEEN 5410050 AND 5410149
	Aggregate  (cost=369.12..369.13 rows=1 width=8)
	  ->  Index Scan using sbtest6_pkey on sbtest6  (cost=0.43..368.88 rows=94 width=4)
	        Index Cond: ((id >= 5410050) AND (id <= 5410149))

table 7 : explain SELECT SUM(k) FROM sbtest7 WHERE id BETWEEN 5176905 AND 5177004
	Aggregate  (cost=410.00..410.01 rows=1 width=8)
	  ->  Index Scan using sbtest7_pkey on sbtest7  (cost=0.43..409.74 rows=105 width=4)
	        Index Cond: ((id >= 5176905) AND (id <= 5177004))

table 8 : explain SELECT SUM(k) FROM sbtest8 WHERE id BETWEEN 4396616 AND 4396715
	Aggregate  (cost=387.27..387.28 rows=1 width=8)
	  ->  Index Scan using sbtest8_pkey on sbtest8  (cost=0.43..387.02 rows=99 width=4)
	        Index Cond: ((id >= 4396616) AND (id <= 4396715))

explain: for non_index_updates :: explain UPDATE sbtest%u SET c='foobar' WHERE id=%u
explain: for point_selects :: explain SELECT c FROM sbtest%u WHERE id=%u
for inserts
table 1 : explain INSERT INTO sbtest1 (id, k, c, pad) VALUES (4287942, 13, 'foobar', 'foobar')
	Insert on sbtest1  (cost=0.00..0.01 rows=0 width=0)
	  ->  Result  (cost=0.00..0.01 rows=1 width=736)

table 2 : explain INSERT INTO sbtest2 (id, k, c, pad) VALUES (8700561, 13, 'foobar', 'foobar')
	Insert on sbtest2  (cost=0.00..0.01 rows=0 width=0)
	  ->  Result  (cost=0.00..0.01 rows=1 width=736)

table 3 : explain INSERT INTO sbtest3 (id, k, c, pad) VALUES (1010393, 13, 'foobar', 'foobar')
	Insert on sbtest3  (cost=0.00..0.01 rows=0 width=0)
	  ->  Result  (cost=0.00..0.01 rows=1 width=736)

table 4 : explain INSERT INTO sbtest4 (id, k, c, pad) VALUES (2831552, 13, 'foobar', 'foobar')
	Insert on sbtest4  (cost=0.00..0.01 rows=0 width=0)
	  ->  Result  (cost=0.00..0.01 rows=1 width=736)

table 5 : explain INSERT INTO sbtest5 (id, k, c, pad) VALUES (5776188, 13, 'foobar', 'foobar')
	Insert on sbtest5  (cost=0.00..0.01 rows=0 width=0)
	  ->  Result  (cost=0.00..0.01 rows=1 width=736)

table 6 : explain INSERT INTO sbtest6 (id, k, c, pad) VALUES (9628568, 13, 'foobar', 'foobar')
	Insert on sbtest6  (cost=0.00..0.01 rows=0 width=0)
	  ->  Result  (cost=0.00..0.01 rows=1 width=736)

table 7 : explain INSERT INTO sbtest7 (id, k, c, pad) VALUES (6258042, 13, 'foobar', 'foobar')
	Insert on sbtest7  (cost=0.00..0.01 rows=0 width=0)
	  ->  Result  (cost=0.00..0.01 rows=1 width=736)

table 8 : explain INSERT INTO sbtest8 (id, k, c, pad) VALUES (3376668, 13, 'foobar', 'foobar')
	Insert on sbtest8  (cost=0.00..0.01 rows=0 width=0)
	  ->  Result  (cost=0.00..0.01 rows=1 width=736)

for: order_ranges
table 1 : explain SELECT c FROM sbtest1 WHERE id BETWEEN 5208715 AND 5208814 ORDER BY c
	Sort  (cost=403.61..403.87 rows=102 width=121)
	  Sort Key: c
	  ->  Index Scan using sbtest1_pkey on sbtest1  (cost=0.43..400.21 rows=102 width=121)
	        Index Cond: ((id >= 5208715) AND (id <= 5208814))

table 2 : explain SELECT c FROM sbtest2 WHERE id BETWEEN 9268501 AND 9268600 ORDER BY c
	Sort  (cost=357.34..357.57 rows=90 width=121)
	  Sort Key: c
	  ->  Index Scan using sbtest2_pkey on sbtest2  (cost=0.43..354.42 rows=90 width=121)
	        Index Cond: ((id >= 9268501) AND (id <= 9268600))

table 3 : explain SELECT c FROM sbtest3 WHERE id BETWEEN 3763477 AND 3763576 ORDER BY c
	Sort  (cost=383.19..383.43 rows=97 width=121)
	  Sort Key: c
	  ->  Index Scan using sbtest3_pkey on sbtest3  (cost=0.43..379.99 rows=97 width=121)
	        Index Cond: ((id >= 3763477) AND (id <= 3763576))

table 4 : explain SELECT c FROM sbtest4 WHERE id BETWEEN 3914342 AND 3914441 ORDER BY c
	Sort  (cost=396.31..396.56 rows=100 width=121)
	  Sort Key: c
	  ->  Index Scan using sbtest4_pkey on sbtest4  (cost=0.43..392.99 rows=100 width=121)
	        Index Cond: ((id >= 3914342) AND (id <= 3914441))

table 5 : explain SELECT c FROM sbtest5 WHERE id BETWEEN 6643209 AND 6643308 ORDER BY c
	Sort  (cost=379.45..379.69 rows=96 width=121)
	  Sort Key: c
	  ->  Index Scan using sbtest5_pkey on sbtest5  (cost=0.43..376.29 rows=96 width=121)
	        Index Cond: ((id >= 6643209) AND (id <= 6643308))

table 6 : explain SELECT c FROM sbtest6 WHERE id BETWEEN 7959506 AND 7959605 ORDER BY c
	Sort  (cost=368.05..368.28 rows=93 width=121)
	  Sort Key: c
	  ->  Index Scan using sbtest6_pkey on sbtest6  (cost=0.43..365.01 rows=93 width=121)
	        Index Cond: ((id >= 7959506) AND (id <= 7959605))

table 7 : explain SELECT c FROM sbtest7 WHERE id BETWEEN 4712753 AND 4712852 ORDER BY c
	Sort  (cost=413.26..413.52 rows=105 width=121)
	  Sort Key: c
	  ->  Index Scan using sbtest7_pkey on sbtest7  (cost=0.43..409.74 rows=105 width=121)
	        Index Cond: ((id >= 4712753) AND (id <= 4712852))

table 8 : explain SELECT c FROM sbtest8 WHERE id BETWEEN 9770145 AND 9770244 ORDER BY c
	Sort  (cost=382.46..382.70 rows=97 width=121)
	  Sort Key: c
	  ->  Index Scan using sbtest8_pkey on sbtest8  (cost=0.43..379.26 rows=97 width=121)
	        Index Cond: ((id >= 9770145) AND (id <= 9770244))

for: sum_ranges
table 1 : explain SELECT SUM(k) FROM sbtest1 WHERE id BETWEEN 3316636 AND 3316735
	Aggregate  (cost=400.46..400.47 rows=1 width=8)
	  ->  Index Scan using sbtest1_pkey on sbtest1  (cost=0.43..400.21 rows=102 width=4)
	        Index Cond: ((id >= 3316636) AND (id <= 3316735))

table 2 : explain SELECT SUM(k) FROM sbtest2 WHERE id BETWEEN 1637690 AND 1637789
	Aggregate  (cost=377.98..377.99 rows=1 width=8)
	  ->  Index Scan using sbtest2_pkey on sbtest2  (cost=0.43..377.74 rows=96 width=4)
	        Index Cond: ((id >= 1637690) AND (id <= 1637789))

table 3 : explain SELECT SUM(k) FROM sbtest3 WHERE id BETWEEN 6357762 AND 6357861
	Aggregate  (cost=411.24..411.25 rows=1 width=8)
	  ->  Index Scan using sbtest3_pkey on sbtest3  (cost=0.43..410.98 rows=105 width=4)
	        Index Cond: ((id >= 6357762) AND (id <= 6357861))

table 4 : explain SELECT SUM(k) FROM sbtest4 WHERE id BETWEEN 3584590 AND 3584689
	Aggregate  (cost=404.90..404.91 rows=1 width=8)
	  ->  Index Scan using sbtest4_pkey on sbtest4  (cost=0.43..404.64 rows=103 width=4)
	        Index Cond: ((id >= 3584590) AND (id <= 3584689))

table 5 : explain SELECT SUM(k) FROM sbtest5 WHERE id BETWEEN 5928148 AND 5928247
	Aggregate  (cost=411.43..411.44 rows=1 width=8)
	  ->  Index Scan using sbtest5_pkey on sbtest5  (cost=0.43..411.17 rows=105 width=4)
	        Index Cond: ((id >= 5928148) AND (id <= 5928247))

table 6 : explain SELECT SUM(k) FROM sbtest6 WHERE id BETWEEN 2568633 AND 2568732
	Aggregate  (cost=407.93..407.94 rows=1 width=8)
	  ->  Index Scan using sbtest6_pkey on sbtest6  (cost=0.43..407.67 rows=104 width=4)
	        Index Cond: ((id >= 2568633) AND (id <= 2568732))

table 7 : explain SELECT SUM(k) FROM sbtest7 WHERE id BETWEEN 6757387 AND 6757486
	Aggregate  (cost=402.28..402.29 rows=1 width=8)
	  ->  Index Scan using sbtest7_pkey on sbtest7  (cost=0.43..402.02 rows=103 width=4)
	        Index Cond: ((id >= 6757387) AND (id <= 6757486))

table 8 : explain SELECT SUM(k) FROM sbtest8 WHERE id BETWEEN 6659857 AND 6659956
	Aggregate  (cost=387.27..387.28 rows=1 width=8)
	  ->  Index Scan using sbtest8_pkey on sbtest8  (cost=0.43..387.02 rows=99 width=4)
	        Index Cond: ((id >= 6659857) AND (id <= 6659956))

explain: for index_updates :: explain UPDATE sbtest%u SET k=k+1 WHERE id=%u
for: order_ranges
table 1 : explain SELECT c FROM sbtest1 WHERE id BETWEEN 8816654 AND 8816753 ORDER BY c
	Sort  (cost=352.64..352.87 rows=89 width=121)
	  Sort Key: c
	  ->  Index Scan using sbtest1_pkey on sbtest1  (cost=0.43..349.76 rows=89 width=121)
	        Index Cond: ((id >= 8816654) AND (id <= 8816753))

table 2 : explain SELECT c FROM sbtest2 WHERE id BETWEEN 3308524 AND 3308623 ORDER BY c
	Sort  (cost=408.42..408.68 rows=103 width=121)
	  Sort Key: c
	  ->  Index Scan using sbtest2_pkey on sbtest2  (cost=0.43..404.98 rows=103 width=121)
	        Index Cond: ((id >= 3308524) AND (id <= 3308623))

table 3 : explain SELECT c FROM sbtest3 WHERE id BETWEEN 745573 AND 745672 ORDER BY c
	Sort  (cost=375.37..375.61 rows=95 width=121)
	  Sort Key: c
	  ->  Index Scan using sbtest3_pkey on sbtest3  (cost=0.43..372.25 rows=95 width=121)
	        Index Cond: ((id >= 745573) AND (id <= 745672))

table 4 : explain SELECT c FROM sbtest4 WHERE id BETWEEN 6644573 AND 6644672 ORDER BY c
	Sort  (cost=396.31..396.56 rows=100 width=121)
	  Sort Key: c
	  ->  Index Scan using sbtest4_pkey on sbtest4  (cost=0.43..392.99 rows=100 width=121)
	        Index Cond: ((id >= 6644573) AND (id <= 6644672))

table 5 : explain SELECT c FROM sbtest5 WHERE id BETWEEN 3966767 AND 3966866 ORDER BY c
	Sort  (cost=426.43..426.70 rows=108 width=121)
	  Sort Key: c
	  ->  Index Scan using sbtest5_pkey on sbtest5  (cost=0.43..422.79 rows=108 width=121)
	        Index Cond: ((id >= 3966767) AND (id <= 3966866))

table 6 : explain SELECT c FROM sbtest6 WHERE id BETWEEN 3964184 AND 3964283 ORDER BY c
	Sort  (cost=399.40..399.66 rows=101 width=121)
	  Sort Key: c
	  ->  Index Scan using sbtest6_pkey on sbtest6  (cost=0.43..396.04 rows=101 width=121)
	        Index Cond: ((id >= 3964184) AND (id <= 3964283))

table 7 : explain SELECT c FROM sbtest7 WHERE id BETWEEN 7165753 AND 7165852 ORDER BY c
	Sort  (cost=393.77..394.02 rows=100 width=121)
	  Sort Key: c
	  ->  Index Scan using sbtest7_pkey on sbtest7  (cost=0.43..390.45 rows=100 width=121)
	        Index Cond: ((id >= 7165753) AND (id <= 7165852))

table 8 : explain SELECT c FROM sbtest8 WHERE id BETWEEN 7061379 AND 7061478 ORDER BY c
	Sort  (cost=386.40..386.65 rows=98 width=121)
	  Sort Key: c
	  ->  Index Scan using sbtest8_pkey on sbtest8  (cost=0.43..383.16 rows=98 width=121)
	        Index Cond: ((id >= 7061379) AND (id <= 7061478))

for: simple_ranges
table 1 : explain SELECT c FROM sbtest1 WHERE id BETWEEN 7642415 AND 7642514
	Index Scan using sbtest1_pkey on sbtest1  (cost=0.43..361.40 rows=92 width=121)
	  Index Cond: ((id >= 7642415) AND (id <= 7642514))

table 2 : explain SELECT c FROM sbtest2 WHERE id BETWEEN 1188912 AND 1189011
	Index Scan using sbtest2_pkey on sbtest2  (cost=0.43..404.98 rows=103 width=121)
	  Index Cond: ((id >= 1188912) AND (id <= 1189011))

table 3 : explain SELECT c FROM sbtest3 WHERE id BETWEEN 6902654 AND 6902753
	Index Scan using sbtest3_pkey on sbtest3  (cost=0.43..399.37 rows=102 width=121)
	  Index Cond: ((id >= 6902654) AND (id <= 6902753))

table 4 : explain SELECT c FROM sbtest4 WHERE id BETWEEN 7931692 AND 7931791
	Index Scan using sbtest4_pkey on sbtest4  (cost=0.43..369.66 rows=94 width=121)
	  Index Cond: ((id >= 7931692) AND (id <= 7931791))

table 5 : explain SELECT c FROM sbtest5 WHERE id BETWEEN 2181050 AND 2181149
	Index Scan using sbtest5_pkey on sbtest5  (cost=0.43..407.30 rows=104 width=121)
	  Index Cond: ((id >= 2181050) AND (id <= 2181149))

table 6 : explain SELECT c FROM sbtest6 WHERE id BETWEEN 8351626 AND 8351725
	Index Scan using sbtest6_pkey on sbtest6  (cost=0.43..361.13 rows=92 width=121)
	  Index Cond: ((id >= 8351626) AND (id <= 8351725))

table 7 : explain SELECT c FROM sbtest7 WHERE id BETWEEN 4714099 AND 4714198
	Index Scan using sbtest7_pkey on sbtest7  (cost=0.43..409.74 rows=105 width=121)
	  Index Cond: ((id >= 4714099) AND (id <= 4714198))

table 8 : explain SELECT c FROM sbtest8 WHERE id BETWEEN 3163420 AND 3163519
	Index Scan using sbtest8_pkey on sbtest8  (cost=0.43..402.47 rows=103 width=121)
	  Index Cond: ((id >= 3163420) AND (id <= 3163519))

for: distinct_ranges
table 1 : explain SELECT DISTINCT c FROM sbtest1 WHERE id BETWEEN 3458262 AND 3458361 ORDER BY c
	Unique  (cost=395.74..396.24 rows=100 width=121)
	  ->  Sort  (cost=395.74..395.99 rows=100 width=121)
	        Sort Key: c
	        ->  Index Scan using sbtest1_pkey on sbtest1  (cost=0.43..392.42 rows=100 width=121)
	              Index Cond: ((id >= 3458262) AND (id <= 3458361))

table 2 : explain SELECT DISTINCT c FROM sbtest2 WHERE id BETWEEN 210684 AND 210783 ORDER BY c
	Unique  (cost=388.76..389.25 rows=98 width=121)
	  ->  Sort  (cost=388.76..389.00 rows=98 width=121)
	        Sort Key: c
	        ->  Index Scan using sbtest2_pkey on sbtest2  (cost=0.43..385.51 rows=98 width=121)
	              Index Cond: ((id >= 210684) AND (id <= 210783))

table 3 : explain SELECT DISTINCT c FROM sbtest3 WHERE id BETWEEN 3349456 AND 3349555 ORDER BY c
	Unique  (cost=406.69..407.20 rows=103 width=121)
	  ->  Sort  (cost=406.69..406.94 rows=103 width=121)
	        Sort Key: c
	        ->  Index Scan using sbtest3_pkey on sbtest3  (cost=0.43..403.24 rows=103 width=121)
	              Index Cond: ((id >= 3349456) AND (id <= 3349555))

table 4 : explain SELECT DISTINCT c FROM sbtest4 WHERE id BETWEEN 2185945 AND 2186044 ORDER BY c
	Unique  (cost=372.74..373.21 rows=94 width=121)
	  ->  Sort  (cost=372.74..372.97 rows=94 width=121)
	        Sort Key: c
	        ->  Index Scan using sbtest4_pkey on sbtest4  (cost=0.43..369.66 rows=94 width=121)
	              Index Cond: ((id >= 2185945) AND (id <= 2186044))

table 5 : explain SELECT DISTINCT c FROM sbtest5 WHERE id BETWEEN 9520557 AND 9520656 ORDER BY c
	Unique  (cost=414.70..415.22 rows=105 width=121)
	  ->  Sort  (cost=414.70..414.96 rows=105 width=121)
	        Sort Key: c
	        ->  Index Scan using sbtest5_pkey on sbtest5  (cost=0.43..411.17 rows=105 width=121)
	              Index Cond: ((id >= 9520557) AND (id <= 9520656))

table 6 : explain SELECT DISTINCT c FROM sbtest6 WHERE id BETWEEN 3731812 AND 3731911 ORDER BY c
	Unique  (cost=368.05..368.51 rows=93 width=121)
	  ->  Sort  (cost=368.05..368.28 rows=93 width=121)
	        Sort Key: c
	        ->  Index Scan using sbtest6_pkey on sbtest6  (cost=0.43..365.01 rows=93 width=121)
	              Index Cond: ((id >= 3731812) AND (id <= 3731911))

table 7 : explain SELECT DISTINCT c FROM sbtest7 WHERE id BETWEEN 4717553 AND 4717652 ORDER BY c
	Unique  (cost=413.26..413.79 rows=105 width=121)
	  ->  Sort  (cost=413.26..413.52 rows=105 width=121)
	        Sort Key: c
	        ->  Index Scan using sbtest7_pkey on sbtest7  (cost=0.43..409.74 rows=105 width=121)
	              Index Cond: ((id >= 4717553) AND (id <= 4717652))

table 8 : explain SELECT DISTINCT c FROM sbtest8 WHERE id BETWEEN 1700671 AND 1700770 ORDER BY c
	Unique  (cost=405.91..406.43 rows=103 width=121)
	  ->  Sort  (cost=405.91..406.17 rows=103 width=121)
	        Sort Key: c
	        ->  Index Scan using sbtest8_pkey on sbtest8  (cost=0.43..402.47 rows=103 width=121)
	              Index Cond: ((id >= 1700671) AND (id <= 1700770))

for non_index_updates
table 1 : explain UPDATE sbtest1 SET c='foobar' WHERE id=1012380
	Update on sbtest1  (cost=0.43..8.45 rows=0 width=0)
	  ->  Index Scan using sbtest1_pkey on sbtest1  (cost=0.43..8.45 rows=1 width=490)
	        Index Cond: (id = 1012380)

table 2 : explain UPDATE sbtest2 SET c='foobar' WHERE id=8364522
	Update on sbtest2  (cost=0.43..8.45 rows=0 width=0)
	  ->  Index Scan using sbtest2_pkey on sbtest2  (cost=0.43..8.45 rows=1 width=490)
	        Index Cond: (id = 8364522)

table 3 : explain UPDATE sbtest3 SET c='foobar' WHERE id=5357727
	Update on sbtest3  (cost=0.43..8.45 rows=0 width=0)
	  ->  Index Scan using sbtest3_pkey on sbtest3  (cost=0.43..8.45 rows=1 width=490)
	        Index Cond: (id = 5357727)

table 4 : explain UPDATE sbtest4 SET c='foobar' WHERE id=9701465
	Update on sbtest4  (cost=0.43..8.45 rows=0 width=0)
	  ->  Index Scan using sbtest4_pkey on sbtest4  (cost=0.43..8.45 rows=1 width=490)
	        Index Cond: (id = 9701465)

table 5 : explain UPDATE sbtest5 SET c='foobar' WHERE id=8066393
	Update on sbtest5  (cost=0.43..8.45 rows=0 width=0)
	  ->  Index Scan using sbtest5_pkey on sbtest5  (cost=0.43..8.45 rows=1 width=490)
	        Index Cond: (id = 8066393)

table 6 : explain UPDATE sbtest6 SET c='foobar' WHERE id=8443960
	Update on sbtest6  (cost=0.43..8.45 rows=0 width=0)
	  ->  Index Scan using sbtest6_pkey on sbtest6  (cost=0.43..8.45 rows=1 width=490)
	        Index Cond: (id = 8443960)

table 7 : explain UPDATE sbtest7 SET c='foobar' WHERE id=8546051
	Update on sbtest7  (cost=0.43..8.45 rows=0 width=0)
	  ->  Index Scan using sbtest7_pkey on sbtest7  (cost=0.43..8.45 rows=1 width=490)
	        Index Cond: (id = 8546051)

table 8 : explain UPDATE sbtest8 SET c='foobar' WHERE id=9362716
	Update on sbtest8  (cost=0.43..8.45 rows=0 width=0)
	  ->  Index Scan using sbtest8_pkey on sbtest8  (cost=0.43..8.45 rows=1 width=490)
	        Index Cond: (id = 9362716)

for: simple_ranges
table 1 : explain SELECT c FROM sbtest1 WHERE id BETWEEN 2834983 AND 2835082
	Index Scan using sbtest1_pkey on sbtest1  (cost=0.43..357.52 rows=91 width=121)
	  Index Cond: ((id >= 2834983) AND (id <= 2835082))

table 2 : explain SELECT c FROM sbtest2 WHERE id BETWEEN 9071522 AND 9071621
	Index Scan using sbtest2_pkey on sbtest2  (cost=0.43..385.51 rows=98 width=121)
	  Index Cond: ((id >= 9071522) AND (id <= 9071621))

table 3 : explain SELECT c FROM sbtest3 WHERE id BETWEEN 3872367 AND 3872466
	Index Scan using sbtest3_pkey on sbtest3  (cost=0.43..387.73 rows=99 width=121)
	  Index Cond: ((id >= 3872367) AND (id <= 3872466))

table 4 : explain SELECT c FROM sbtest4 WHERE id BETWEEN 2600154 AND 2600253
	Index Scan using sbtest4_pkey on sbtest4  (cost=0.43..385.19 rows=98 width=121)
	  Index Cond: ((id >= 2600154) AND (id <= 2600253))

table 5 : explain SELECT c FROM sbtest5 WHERE id BETWEEN 6782920 AND 6783019
	Index Scan using sbtest5_pkey on sbtest5  (cost=0.43..403.43 rows=103 width=121)
	  Index Cond: ((id >= 6782920) AND (id <= 6783019))

table 6 : explain SELECT c FROM sbtest6 WHERE id BETWEEN 6569190 AND 6569289
	Index Scan using sbtest6_pkey on sbtest6  (cost=0.43..388.29 rows=99 width=121)
	  Index Cond: ((id >= 6569190) AND (id <= 6569289))

table 7 : explain SELECT c FROM sbtest7 WHERE id BETWEEN 2675404 AND 2675503
	Index Scan using sbtest7_pkey on sbtest7  (cost=0.43..405.88 rows=104 width=121)
	  Index Cond: ((id >= 2675404) AND (id <= 2675503))

table 8 : explain SELECT c FROM sbtest8 WHERE id BETWEEN 329675 AND 329774
	Index Scan using sbtest8_pkey on sbtest8  (cost=0.43..387.02 rows=99 width=121)
	  Index Cond: ((id >= 329675) AND (id <= 329774))

for: order_ranges
table 1 : explain SELECT c FROM sbtest1 WHERE id BETWEEN 2154945 AND 2155044 ORDER BY c
	Sort  (cost=399.66..399.91 rows=101 width=121)
	  Sort Key: c
	  ->  Index Scan using sbtest1_pkey on sbtest1  (cost=0.43..396.29 rows=101 width=121)
	        Index Cond: ((id >= 2154945) AND (id <= 2155044))

table 2 : explain SELECT c FROM sbtest2 WHERE id BETWEEN 3442901 AND 3443000 ORDER BY c
	Sort  (cost=400.57..400.82 rows=101 width=121)
	  Sort Key: c
	  ->  Index Scan using sbtest2_pkey on sbtest2  (cost=0.43..397.21 rows=101 width=121)
	        Index Cond: ((id >= 3442901) AND (id <= 3443000))

table 3 : explain SELECT c FROM sbtest3 WHERE id BETWEEN 2976021 AND 2976120 ORDER BY c
	Sort  (cost=426.24..426.51 rows=108 width=121)
	  Sort Key: c
	  ->  Index Scan using sbtest3_pkey on sbtest3  (cost=0.43..422.59 rows=108 width=121)
	        Index Cond: ((id >= 2976021) AND (id <= 2976120))

table 4 : explain SELECT c FROM sbtest4 WHERE id BETWEEN 306851 AND 306950 ORDER BY c
	Sort  (cost=443.40..443.68 rows=112 width=121)
	  Sort Key: c
	  ->  Index Scan using sbtest4_pkey on sbtest4  (cost=0.43..439.59 rows=112 width=121)
	        Index Cond: ((id >= 306851) AND (id <= 306950))

table 5 : explain SELECT c FROM sbtest5 WHERE id BETWEEN 228169 AND 228268 ORDER BY c
	Sort  (cost=379.45..379.69 rows=96 width=121)
	  Sort Key: c
	  ->  Index Scan using sbtest5_pkey on sbtest5  (cost=0.43..376.29 rows=96 width=121)
	        Index Cond: ((id >= 228169) AND (id <= 228268))

table 6 : explain SELECT c FROM sbtest6 WHERE id BETWEEN 2673427 AND 2673526 ORDER BY c
	Sort  (cost=391.57..391.82 rows=99 width=121)
	  Sort Key: c
	  ->  Index Scan using sbtest6_pkey on sbtest6  (cost=0.43..388.29 rows=99 width=121)
	        Index Cond: ((id >= 2673427) AND (id <= 2673526))

table 7 : explain SELECT c FROM sbtest7 WHERE id BETWEEN 8655763 AND 8655862 ORDER BY c
	Sort  (cost=440.55..440.83 rows=112 width=121)
	  Sort Key: c
	  ->  Index Scan using sbtest7_pkey on sbtest7  (cost=0.43..436.74 rows=112 width=121)
	        Index Cond: ((id >= 8655763) AND (id <= 8655862))

table 8 : explain SELECT c FROM sbtest8 WHERE id BETWEEN 82254 AND 82353 ORDER BY c
	Sort  (cost=355.15..355.38 rows=90 width=121)
	  Sort Key: c
	  ->  Index Scan using sbtest8_pkey on sbtest8  (cost=0.43..352.23 rows=90 width=121)
	        Index Cond: ((id >= 82254) AND (id <= 82353))

for: order_ranges
table 1 : explain SELECT c FROM sbtest1 WHERE id BETWEEN 4666473 AND 4666572 ORDER BY c
	Sort  (cost=399.66..399.91 rows=101 width=121)
	  Sort Key: c
	  ->  Index Scan using sbtest1_pkey on sbtest1  (cost=0.43..396.29 rows=101 width=121)
	        Index Cond: ((id >= 4666473) AND (id <= 4666572))

table 2 : explain SELECT c FROM sbtest2 WHERE id BETWEEN 1579235 AND 1579334 ORDER BY c
	Sort  (cost=388.76..389.00 rows=98 width=121)
	  Sort Key: c
	  ->  Index Scan using sbtest2_pkey on sbtest2  (cost=0.43..385.51 rows=98 width=121)
	        Index Cond: ((id >= 1579235) AND (id <= 1579334))

table 3 : explain SELECT c FROM sbtest3 WHERE id BETWEEN 1153826 AND 1153925 ORDER BY c
	Sort  (cost=391.01..391.26 rows=99 width=121)
	  Sort Key: c
	  ->  Index Scan using sbtest3_pkey on sbtest3  (cost=0.43..387.73 rows=99 width=121)
	        Index Cond: ((id >= 1153826) AND (id <= 1153925))

table 4 : explain SELECT c FROM sbtest4 WHERE id BETWEEN 2469375 AND 2469474 ORDER BY c
	Sort  (cost=372.74..372.97 rows=94 width=121)
	  Sort Key: c
	  ->  Index Scan using sbtest4_pkey on sbtest4  (cost=0.43..369.66 rows=94 width=121)
	        Index Cond: ((id >= 2469375) AND (id <= 2469474))

table 5 : explain SELECT c FROM sbtest5 WHERE id BETWEEN 3344367 AND 3344466 ORDER BY c
	Sort  (cost=379.45..379.69 rows=96 width=121)
	  Sort Key: c
	  ->  Index Scan using sbtest5_pkey on sbtest5  (cost=0.43..376.29 rows=96 width=121)
	        Index Cond: ((id >= 3344367) AND (id <= 3344466))

table 6 : explain SELECT c FROM sbtest6 WHERE id BETWEEN 8878730 AND 8878829 ORDER BY c
	Sort  (cost=403.32..403.57 rows=102 width=121)
	  Sort Key: c
	  ->  Index Scan using sbtest6_pkey on sbtest6  (cost=0.43..399.92 rows=102 width=121)
	        Index Cond: ((id >= 8878730) AND (id <= 8878829))

table 7 : explain SELECT c FROM sbtest7 WHERE id BETWEEN 5565454 AND 5565553 ORDER BY c
	Sort  (cost=374.24..374.48 rows=95 width=121)
	  Sort Key: c
	  ->  Index Scan using sbtest7_pkey on sbtest7  (cost=0.43..371.12 rows=95 width=121)
	        Index Cond: ((id >= 5565454) AND (id <= 5565553))

table 8 : explain SELECT c FROM sbtest8 WHERE id BETWEEN 4319389 AND 4319488 ORDER BY c
	Sort  (cost=370.76..370.99 rows=94 width=121)
	  Sort Key: c
	  ->  Index Scan using sbtest8_pkey on sbtest8  (cost=0.43..367.68 rows=94 width=121)
	        Index Cond: ((id >= 4319389) AND (id <= 4319488))

explain: for deletes :: explain DELETE FROM sbtest%u WHERE id=%u
for index_updates
table 1 : explain UPDATE sbtest1 SET k=k+1 WHERE id=9984794
	Update on sbtest1  (cost=0.43..8.46 rows=0 width=0)
	  ->  Index Scan using sbtest1_pkey on sbtest1  (cost=0.43..8.46 rows=1 width=10)
	        Index Cond: (id = 9984794)

table 2 : explain UPDATE sbtest2 SET k=k+1 WHERE id=7085811
	Update on sbtest2  (cost=0.43..8.46 rows=0 width=0)
	  ->  Index Scan using sbtest2_pkey on sbtest2  (cost=0.43..8.46 rows=1 width=10)
	        Index Cond: (id = 7085811)

table 3 : explain UPDATE sbtest3 SET k=k+1 WHERE id=9492613
	Update on sbtest3  (cost=0.43..8.46 rows=0 width=0)
	  ->  Index Scan using sbtest3_pkey on sbtest3  (cost=0.43..8.46 rows=1 width=10)
	        Index Cond: (id = 9492613)

table 4 : explain UPDATE sbtest4 SET k=k+1 WHERE id=767704
	Update on sbtest4  (cost=0.43..8.46 rows=0 width=0)
	  ->  Index Scan using sbtest4_pkey on sbtest4  (cost=0.43..8.46 rows=1 width=10)
	        Index Cond: (id = 767704)

table 5 : explain UPDATE sbtest5 SET k=k+1 WHERE id=5464434
	Update on sbtest5  (cost=0.43..8.46 rows=0 width=0)
	  ->  Index Scan using sbtest5_pkey on sbtest5  (cost=0.43..8.46 rows=1 width=10)
	        Index Cond: (id = 5464434)

table 6 : explain UPDATE sbtest6 SET k=k+1 WHERE id=5332197
	Update on sbtest6  (cost=0.43..8.46 rows=0 width=0)
	  ->  Index Scan using sbtest6_pkey on sbtest6  (cost=0.43..8.46 rows=1 width=10)
	        Index Cond: (id = 5332197)

table 7 : explain UPDATE sbtest7 SET k=k+1 WHERE id=2144103
	Update on sbtest7  (cost=0.43..8.46 rows=0 width=0)
	  ->  Index Scan using sbtest7_pkey on sbtest7  (cost=0.43..8.46 rows=1 width=10)
	        Index Cond: (id = 2144103)

table 8 : explain UPDATE sbtest8 SET k=k+1 WHERE id=4700755
	Update on sbtest8  (cost=0.43..8.46 rows=0 width=0)
	  ->  Index Scan using sbtest8_pkey on sbtest8  (cost=0.43..8.46 rows=1 width=10)
	        Index Cond: (id = 4700755)

for: distinct_ranges
table 1 : explain SELECT DISTINCT c FROM sbtest1 WHERE id BETWEEN 8457827 AND 8457926 ORDER BY c
	Unique  (cost=419.28..419.81 rows=106 width=121)
	  ->  Sort  (cost=419.28..419.55 rows=106 width=121)
	        Sort Key: c
	        ->  Index Scan using sbtest1_pkey on sbtest1  (cost=0.43..415.72 rows=106 width=121)
	              Index Cond: ((id >= 8457827) AND (id <= 8457926))

table 2 : explain SELECT DISTINCT c FROM sbtest2 WHERE id BETWEEN 4215386 AND 4215485 ORDER BY c
	Unique  (cost=380.90..381.38 rows=96 width=121)
	  ->  Sort  (cost=380.90..381.14 rows=96 width=121)
	        Sort Key: c
	        ->  Index Scan using sbtest2_pkey on sbtest2  (cost=0.43..377.74 rows=96 width=121)
	              Index Cond: ((id >= 4215386) AND (id <= 4215485))

table 3 : explain SELECT DISTINCT c FROM sbtest3 WHERE id BETWEEN 558171 AND 558270 ORDER BY c
	Unique  (cost=437.97..438.52 rows=111 width=121)
	  ->  Sort  (cost=437.97..438.25 rows=111 width=121)
	        Sort Key: c
	        ->  Index Scan using sbtest3_pkey on sbtest3  (cost=0.43..434.20 rows=111 width=121)
	              Index Cond: ((id >= 558171) AND (id <= 558270))

table 4 : explain SELECT DISTINCT c FROM sbtest4 WHERE id BETWEEN 5739496 AND 5739595 ORDER BY c
	Unique  (cost=404.16..404.67 rows=102 width=121)
	  ->  Sort  (cost=404.16..404.41 rows=102 width=121)
	        Sort Key: c
	        ->  Index Scan using sbtest4_pkey on sbtest4  (cost=0.43..400.76 rows=102 width=121)
	              Index Cond: ((id >= 5739496) AND (id <= 5739595))

table 5 : explain SELECT DISTINCT c FROM sbtest5 WHERE id BETWEEN 1210744 AND 1210843 ORDER BY c
	Unique  (cost=383.37..383.85 rows=97 width=121)
	  ->  Sort  (cost=383.37..383.61 rows=97 width=121)
	        Sort Key: c
	        ->  Index Scan using sbtest5_pkey on sbtest5  (cost=0.43..380.16 rows=97 width=121)
	              Index Cond: ((id >= 1210744) AND (id <= 1210843))

table 6 : explain SELECT DISTINCT c FROM sbtest6 WHERE id BETWEEN 4030571 AND 4030670 ORDER BY c
	Unique  (cost=387.62..388.11 rows=98 width=121)
	  ->  Sort  (cost=387.62..387.87 rows=98 width=121)
	        Sort Key: c
	        ->  Index Scan using sbtest6_pkey on sbtest6  (cost=0.43..384.38 rows=98 width=121)
	              Index Cond: ((id >= 4030571) AND (id <= 4030670))

table 7 : explain SELECT DISTINCT c FROM sbtest7 WHERE id BETWEEN 6962053 AND 6962152 ORDER BY c
	Unique  (cost=417.16..417.69 rows=106 width=121)
	  ->  Sort  (cost=417.16..417.42 rows=106 width=121)
	        Sort Key: c
	        ->  Index Scan using sbtest7_pkey on sbtest7  (cost=0.43..413.59 rows=106 width=121)
	              Index Cond: ((id >= 6962053) AND (id <= 6962152))

table 8 : explain SELECT DISTINCT c FROM sbtest8 WHERE id BETWEEN 8803709 AND 8803808 ORDER BY c
	Unique  (cost=386.40..386.89 rows=98 width=121)
	  ->  Sort  (cost=386.40..386.65 rows=98 width=121)
	        Sort Key: c
	        ->  Index Scan using sbtest8_pkey on sbtest8  (cost=0.43..383.16 rows=98 width=121)
	              Index Cond: ((id >= 8803709) AND (id <= 8803808))

for deletes
table 1 : explain DELETE FROM sbtest1 WHERE id=5955489
	Delete on sbtest1  (cost=0.43..8.45 rows=0 width=0)
	  ->  Index Scan using sbtest1_pkey on sbtest1  (cost=0.43..8.45 rows=1 width=6)
	        Index Cond: (id = 5955489)

table 2 : explain DELETE FROM sbtest2 WHERE id=575049
	Delete on sbtest2  (cost=0.43..8.45 rows=0 width=0)
	  ->  Index Scan using sbtest2_pkey on sbtest2  (cost=0.43..8.45 rows=1 width=6)
	        Index Cond: (id = 575049)

table 3 : explain DELETE FROM sbtest3 WHERE id=3946307
	Delete on sbtest3  (cost=0.43..8.45 rows=0 width=0)
	  ->  Index Scan using sbtest3_pkey on sbtest3  (cost=0.43..8.45 rows=1 width=6)
	        Index Cond: (id = 3946307)

table 4 : explain DELETE FROM sbtest4 WHERE id=4033681
	Delete on sbtest4  (cost=0.43..8.45 rows=0 width=0)
	  ->  Index Scan using sbtest4_pkey on sbtest4  (cost=0.43..8.45 rows=1 width=6)
	        Index Cond: (id = 4033681)

table 5 : explain DELETE FROM sbtest5 WHERE id=8703503
	Delete on sbtest5  (cost=0.43..8.45 rows=0 width=0)
	  ->  Index Scan using sbtest5_pkey on sbtest5  (cost=0.43..8.45 rows=1 width=6)
	        Index Cond: (id = 8703503)

table 6 : explain DELETE FROM sbtest6 WHERE id=1026742
	Delete on sbtest6  (cost=0.43..8.45 rows=0 width=0)
	  ->  Index Scan using sbtest6_pkey on sbtest6  (cost=0.43..8.45 rows=1 width=6)
	        Index Cond: (id = 1026742)

table 7 : explain DELETE FROM sbtest7 WHERE id=2772198
	Delete on sbtest7  (cost=0.43..8.45 rows=0 width=0)
	  ->  Index Scan using sbtest7_pkey on sbtest7  (cost=0.43..8.45 rows=1 width=6)
	        Index Cond: (id = 2772198)

table 8 : explain DELETE FROM sbtest8 WHERE id=605114
	Delete on sbtest8  (cost=0.43..8.45 rows=0 width=0)
	  ->  Index Scan using sbtest8_pkey on sbtest8  (cost=0.43..8.45 rows=1 width=6)
	        Index Cond: (id = 605114)

explain: for index_updates :: explain UPDATE sbtest%u SET k=k+1 WHERE id=%u
for index_updates
table 1 : explain UPDATE sbtest1 SET k=k+1 WHERE id=5963026
	Update on sbtest1  (cost=0.43..8.46 rows=0 width=0)
	  ->  Index Scan using sbtest1_pkey on sbtest1  (cost=0.43..8.46 rows=1 width=10)
	        Index Cond: (id = 5963026)

table 2 : explain UPDATE sbtest2 SET k=k+1 WHERE id=832469
	Update on sbtest2  (cost=0.43..8.46 rows=0 width=0)
	  ->  Index Scan using sbtest2_pkey on sbtest2  (cost=0.43..8.46 rows=1 width=10)
	        Index Cond: (id = 832469)

table 3 : explain UPDATE sbtest3 SET k=k+1 WHERE id=4970797
	Update on sbtest3  (cost=0.43..8.46 rows=0 width=0)
	  ->  Index Scan using sbtest3_pkey on sbtest3  (cost=0.43..8.46 rows=1 width=10)
	        Index Cond: (id = 4970797)

table 4 : explain UPDATE sbtest4 SET k=k+1 WHERE id=8561870
	Update on sbtest4  (cost=0.43..8.46 rows=0 width=0)
	  ->  Index Scan using sbtest4_pkey on sbtest4  (cost=0.43..8.46 rows=1 width=10)
	        Index Cond: (id = 8561870)

table 5 : explain UPDATE sbtest5 SET k=k+1 WHERE id=5928310
	Update on sbtest5  (cost=0.43..8.46 rows=0 width=0)
	  ->  Index Scan using sbtest5_pkey on sbtest5  (cost=0.43..8.46 rows=1 width=10)
	        Index Cond: (id = 5928310)

table 6 : explain UPDATE sbtest6 SET k=k+1 WHERE id=3128169
	Update on sbtest6  (cost=0.43..8.46 rows=0 width=0)
	  ->  Index Scan using sbtest6_pkey on sbtest6  (cost=0.43..8.46 rows=1 width=10)
	        Index Cond: (id = 3128169)

table 7 : explain UPDATE sbtest7 SET k=k+1 WHERE id=4937043
	Update on sbtest7  (cost=0.43..8.46 rows=0 width=0)
	  ->  Index Scan using sbtest7_pkey on sbtest7  (cost=0.43..8.46 rows=1 width=10)
	        Index Cond: (id = 4937043)

table 8 : explain UPDATE sbtest8 SET k=k+1 WHERE id=6540561
	Update on sbtest8  (cost=0.43..8.46 rows=0 width=0)
	  ->  Index Scan using sbtest8_pkey on sbtest8  (cost=0.43..8.46 rows=1 width=10)
	        Index Cond: (id = 6540561)

for: distinct_ranges
table 1 : explain SELECT DISTINCT c FROM sbtest1 WHERE id BETWEEN 9369970 AND 9370069 ORDER BY c
	Unique  (cost=352.64..353.09 rows=89 width=121)
	  ->  Sort  (cost=352.64..352.87 rows=89 width=121)
	        Sort Key: c
	        ->  Index Scan using sbtest1_pkey on sbtest1  (cost=0.43..349.76 rows=89 width=121)
	              Index Cond: ((id >= 9369970) AND (id <= 9370069))

table 2 : explain SELECT DISTINCT c FROM sbtest2 WHERE id BETWEEN 6138826 AND 6138925 ORDER BY c
	Unique  (cost=380.90..381.38 rows=96 width=121)
	  ->  Sort  (cost=380.90..381.14 rows=96 width=121)
	        Sort Key: c
	        ->  Index Scan using sbtest2_pkey on sbtest2  (cost=0.43..377.74 rows=96 width=121)
	              Index Cond: ((id >= 6138826) AND (id <= 6138925))

table 3 : explain SELECT DISTINCT c FROM sbtest3 WHERE id BETWEEN 7678026 AND 7678125 ORDER BY c
	Unique  (cost=410.60..411.12 rows=104 width=121)
	  ->  Sort  (cost=410.60..410.86 rows=104 width=121)
	        Sort Key: c
	        ->  Index Scan using sbtest3_pkey on sbtest3  (cost=0.43..407.11 rows=104 width=121)
	              Index Cond: ((id >= 7678026) AND (id <= 7678125))

table 4 : explain SELECT DISTINCT c FROM sbtest4 WHERE id BETWEEN 196140 AND 196239 ORDER BY c
	Unique  (cost=400.23..400.74 rows=101 width=121)
	  ->  Sort  (cost=400.23..400.49 rows=101 width=121)
	        Sort Key: c
	        ->  Index Scan using sbtest4_pkey on sbtest4  (cost=0.43..396.87 rows=101 width=121)
	              Index Cond: ((id >= 196140) AND (id <= 196239))

table 5 : explain SELECT DISTINCT c FROM sbtest5 WHERE id BETWEEN 4775722 AND 4775821 ORDER BY c
	Unique  (cost=391.23..391.72 rows=99 width=121)
	  ->  Sort  (cost=391.23..391.47 rows=99 width=121)
	        Sort Key: c
	        ->  Index Scan using sbtest5_pkey on sbtest5  (cost=0.43..387.94 rows=99 width=121)
	              Index Cond: ((id >= 4775722) AND (id <= 4775821))

table 6 : explain SELECT DISTINCT c FROM sbtest6 WHERE id BETWEEN 9094912 AND 9095011 ORDER BY c
	Unique  (cost=391.57..392.07 rows=99 width=121)
	  ->  Sort  (cost=391.57..391.82 rows=99 width=121)
	        Sort Key: c
	        ->  Index Scan using sbtest6_pkey on sbtest6  (cost=0.43..388.29 rows=99 width=121)
	              Index Cond: ((id >= 9094912) AND (id <= 9095011))

table 7 : explain SELECT DISTINCT c FROM sbtest7 WHERE id BETWEEN 1424935 AND 1425034 ORDER BY c
	Unique  (cost=366.45..366.91 rows=93 width=121)
	  ->  Sort  (cost=366.45..366.68 rows=93 width=121)
	        Sort Key: c
	        ->  Index Scan using sbtest7_pkey on sbtest7  (cost=0.43..363.41 rows=93 width=121)
	              Index Cond: ((id >= 1424935) AND (id <= 1425034))

table 8 : explain SELECT DISTINCT c FROM sbtest8 WHERE id BETWEEN 4126513 AND 4126612 ORDER BY c
	Unique  (cost=425.43..425.97 rows=108 width=121)
	  ->  Sort  (cost=425.43..425.70 rows=108 width=121)
	        Sort Key: c
	        ->  Index Scan using sbtest8_pkey on sbtest8  (cost=0.43..421.78 rows=108 width=121)
	              Index Cond: ((id >= 4126513) AND (id <= 4126612))

for: sum_ranges
table 1 : explain SELECT SUM(k) FROM sbtest1 WHERE id BETWEEN 2630698 AND 2630797
	Aggregate  (cost=419.86..419.87 rows=1 width=8)
	  ->  Index Scan using sbtest1_pkey on sbtest1  (cost=0.43..419.60 rows=107 width=4)
	        Index Cond: ((id >= 2630698) AND (id <= 2630797))

table 2 : explain SELECT SUM(k) FROM sbtest2 WHERE id BETWEEN 3505757 AND 3505856
	Aggregate  (cost=397.46..397.47 rows=1 width=8)
	  ->  Index Scan using sbtest2_pkey on sbtest2  (cost=0.43..397.21 rows=101 width=4)
	        Index Cond: ((id >= 3505757) AND (id <= 3505856))

table 3 : explain SELECT SUM(k) FROM sbtest3 WHERE id BETWEEN 6549726 AND 6549825
	Aggregate  (cost=446.09..446.10 rows=1 width=8)
	  ->  Index Scan using sbtest3_pkey on sbtest3  (cost=0.43..445.81 rows=114 width=4)
	        Index Cond: ((id >= 6549726) AND (id <= 6549825))

table 4 : explain SELECT SUM(k) FROM sbtest4 WHERE id BETWEEN 8367164 AND 8367263
	Aggregate  (cost=381.55..381.56 rows=1 width=8)
	  ->  Index Scan using sbtest4_pkey on sbtest4  (cost=0.43..381.31 rows=97 width=4)
	        Index Cond: ((id >= 8367164) AND (id <= 8367263))

table 5 : explain SELECT SUM(k) FROM sbtest5 WHERE id BETWEEN 6521733 AND 6521832
	Aggregate  (cost=376.53..376.54 rows=1 width=8)
	  ->  Index Scan using sbtest5_pkey on sbtest5  (cost=0.43..376.29 rows=96 width=4)
	        Index Cond: ((id >= 6521733) AND (id <= 6521832))

table 6 : explain SELECT SUM(k) FROM sbtest6 WHERE id BETWEEN 3392683 AND 3392782
	Aggregate  (cost=384.63..384.64 rows=1 width=8)
	  ->  Index Scan using sbtest6_pkey on sbtest6  (cost=0.43..384.38 rows=98 width=4)
	        Index Cond: ((id >= 3392683) AND (id <= 3392782))

table 7 : explain SELECT SUM(k) FROM sbtest7 WHERE id BETWEEN 1001047 AND 1001146
	Aggregate  (cost=375.22..375.23 rows=1 width=8)
	  ->  Index Scan using sbtest7_pkey on sbtest7  (cost=0.43..374.98 rows=96 width=4)
	        Index Cond: ((id >= 1001047) AND (id <= 1001146))

table 8 : explain SELECT SUM(k) FROM sbtest8 WHERE id BETWEEN 6468908 AND 6469007
	Aggregate  (cost=379.54..379.55 rows=1 width=8)
	  ->  Index Scan using sbtest8_pkey on sbtest8  (cost=0.43..379.30 rows=97 width=4)
	        Index Cond: ((id >= 6468908) AND (id <= 6469007))

explain: for non_index_updates :: explain UPDATE sbtest%u SET c='foobar' WHERE id=%u
explain: for index_updates :: explain UPDATE sbtest%u SET k=k+1 WHERE id=%u
for point_selects
table 1 : explain SELECT c FROM sbtest1 WHERE id=6832891
	Index Scan using sbtest1_pkey on sbtest1  (cost=0.43..8.45 rows=1 width=121)
	  Index Cond: (id = 6832891)

table 2 : explain SELECT c FROM sbtest2 WHERE id=7001370
	Index Scan using sbtest2_pkey on sbtest2  (cost=0.43..8.45 rows=1 width=121)
	  Index Cond: (id = 7001370)

table 3 : explain SELECT c FROM sbtest3 WHERE id=5967135
	Index Scan using sbtest3_pkey on sbtest3  (cost=0.43..8.45 rows=1 width=121)
	  Index Cond: (id = 5967135)

table 4 : explain SELECT c FROM sbtest4 WHERE id=7551517
	Index Scan using sbtest4_pkey on sbtest4  (cost=0.43..8.45 rows=1 width=121)
	  Index Cond: (id = 7551517)

table 5 : explain SELECT c FROM sbtest5 WHERE id=7380800
	Index Scan using sbtest5_pkey on sbtest5  (cost=0.43..8.45 rows=1 width=121)
	  Index Cond: (id = 7380800)

table 6 : explain SELECT c FROM sbtest6 WHERE id=8888315
	Index Scan using sbtest6_pkey on sbtest6  (cost=0.43..8.45 rows=1 width=121)
	  Index Cond: (id = 8888315)

table 7 : explain SELECT c FROM sbtest7 WHERE id=7114144
	Index Scan using sbtest7_pkey on sbtest7  (cost=0.43..8.45 rows=1 width=121)
	  Index Cond: (id = 7114144)

table 8 : explain SELECT c FROM sbtest8 WHERE id=7104419
	Index Scan using sbtest8_pkey on sbtest8  (cost=0.43..8.45 rows=1 width=121)
	  Index Cond: (id = 7104419)

for point_selects
table 1 : explain SELECT c FROM sbtest1 WHERE id=7421454
	Index Scan using sbtest1_pkey on sbtest1  (cost=0.43..8.45 rows=1 width=121)
	  Index Cond: (id = 7421454)

table 2 : explain SELECT c FROM sbtest2 WHERE id=565465
	Index Scan using sbtest2_pkey on sbtest2  (cost=0.43..8.45 rows=1 width=121)
	  Index Cond: (id = 565465)

table 3 : explain SELECT c FROM sbtest3 WHERE id=9842324
	Index Scan using sbtest3_pkey on sbtest3  (cost=0.43..8.45 rows=1 width=121)
	  Index Cond: (id = 9842324)

table 4 : explain SELECT c FROM sbtest4 WHERE id=9926486
	Index Scan using sbtest4_pkey on sbtest4  (cost=0.43..8.45 rows=1 width=121)
	  Index Cond: (id = 9926486)

table 5 : explain SELECT c FROM sbtest5 WHERE id=9851899
	Index Scan using sbtest5_pkey on sbtest5  (cost=0.43..8.45 rows=1 width=121)
	  Index Cond: (id = 9851899)

table 6 : explain SELECT c FROM sbtest6 WHERE id=694043
	Index Scan using sbtest6_pkey on sbtest6  (cost=0.43..8.45 rows=1 width=121)
	  Index Cond: (id = 694043)

table 7 : explain SELECT c FROM sbtest7 WHERE id=3143865
	Index Scan using sbtest7_pkey on sbtest7  (cost=0.43..8.45 rows=1 width=121)
	  Index Cond: (id = 3143865)

table 8 : explain SELECT c FROM sbtest8 WHERE id=5459058
	Index Scan using sbtest8_pkey on sbtest8  (cost=0.43..8.45 rows=1 width=121)
	  Index Cond: (id = 5459058)

explain: for index_updates :: explain UPDATE sbtest%u SET k=k+1 WHERE id=%u
for: distinct_ranges
table 1 : explain SELECT DISTINCT c FROM sbtest1 WHERE id BETWEEN 2446620 AND 2446719 ORDER BY c
	Unique  (cost=387.90..388.39 rows=98 width=121)
	  ->  Sort  (cost=387.90..388.15 rows=98 width=121)
	        Sort Key: c
	        ->  Index Scan using sbtest1_pkey on sbtest1  (cost=0.43..384.66 rows=98 width=121)
	              Index Cond: ((id >= 2446620) AND (id <= 2446719))

table 2 : explain SELECT DISTINCT c FROM sbtest2 WHERE id BETWEEN 8089602 AND 8089701 ORDER BY c
	Unique  (cost=345.57..346.00 rows=87 width=121)
	  ->  Sort  (cost=345.57..345.78 rows=87 width=121)
	        Sort Key: c
	        ->  Index Scan using sbtest2_pkey on sbtest2  (cost=0.43..342.76 rows=87 width=121)
	              Index Cond: ((id >= 8089602) AND (id <= 8089701))

table 3 : explain SELECT DISTINCT c FROM sbtest3 WHERE id BETWEEN 4277904 AND 4278003 ORDER BY c
	Unique  (cost=402.78..403.29 rows=102 width=121)
	  ->  Sort  (cost=402.78..403.03 rows=102 width=121)
	        Sort Key: c
	        ->  Index Scan using sbtest3_pkey on sbtest3  (cost=0.43..399.37 rows=102 width=121)
	              Index Cond: ((id >= 4277904) AND (id <= 4278003))

table 4 : explain SELECT DISTINCT c FROM sbtest4 WHERE id BETWEEN 6044620 AND 6044719 ORDER BY c
	Unique  (cost=400.23..400.74 rows=101 width=121)
	  ->  Sort  (cost=400.23..400.49 rows=101 width=121)
	        Sort Key: c
	        ->  Index Scan using sbtest4_pkey on sbtest4  (cost=0.43..396.87 rows=101 width=121)
	              Index Cond: ((id >= 6044620) AND (id <= 6044719))

table 5 : explain SELECT DISTINCT c FROM sbtest5 WHERE id BETWEEN 2764093 AND 2764192 ORDER BY c
	Unique  (cost=410.78..411.30 rows=104 width=121)
	  ->  Sort  (cost=410.78..411.04 rows=104 width=121)
	        Sort Key: c
	        ->  Index Scan using sbtest5_pkey on sbtest5  (cost=0.43..407.30 rows=104 width=121)
	              Index Cond: ((id >= 2764093) AND (id <= 2764192))

table 6 : explain SELECT DISTINCT c FROM sbtest6 WHERE id BETWEEN 6273848 AND 6273947 ORDER BY c
	Unique  (cost=387.66..388.15 rows=98 width=121)
	  ->  Sort  (cost=387.66..387.90 rows=98 width=121)
	        Sort Key: c
	        ->  Index Scan using sbtest6_pkey on sbtest6  (cost=0.43..384.42 rows=98 width=121)
	              Index Cond: ((id >= 6273848) AND (id <= 6273947))

table 7 : explain SELECT DISTINCT c FROM sbtest7 WHERE id BETWEEN 6537559 AND 6537658 ORDER BY c
	Unique  (cost=374.24..374.72 rows=95 width=121)
	  ->  Sort  (cost=374.24..374.48 rows=95 width=121)
	        Sort Key: c
	        ->  Index Scan using sbtest7_pkey on sbtest7  (cost=0.43..371.12 rows=95 width=121)
	              Index Cond: ((id >= 6537559) AND (id <= 6537658))

table 8 : explain SELECT DISTINCT c FROM sbtest8 WHERE id BETWEEN 5713191 AND 5713290 ORDER BY c
	Unique  (cost=405.91..406.43 rows=103 width=121)
	  ->  Sort  (cost=405.91..406.17 rows=103 width=121)
	        Sort Key: c
	        ->  Index Scan using sbtest8_pkey on sbtest8  (cost=0.43..402.47 rows=103 width=121)
	              Index Cond: ((id >= 5713191) AND (id <= 5713290))

explain: for inserts :: explain INSERT INTO sbtest%u (id, k, c, pad) VALUES (%u, 13, 'foobar', 'foobar')
for: distinct_ranges
table 1 : explain SELECT DISTINCT c FROM sbtest1 WHERE id BETWEEN 4573757 AND 4573856 ORDER BY c
	Unique  (cost=380.07..380.55 rows=96 width=121)
	  ->  Sort  (cost=380.07..380.31 rows=96 width=121)
	        Sort Key: c
	        ->  Index Scan using sbtest1_pkey on sbtest1  (cost=0.43..376.91 rows=96 width=121)
	              Index Cond: ((id >= 4573757) AND (id <= 4573856))

table 2 : explain SELECT DISTINCT c FROM sbtest2 WHERE id BETWEEN 5469791 AND 5469890 ORDER BY c
	Unique  (cost=408.42..408.94 rows=103 width=121)
	  ->  Sort  (cost=408.42..408.68 rows=103 width=121)
	        Sort Key: c
	        ->  Index Scan using sbtest2_pkey on sbtest2  (cost=0.43..404.98 rows=103 width=121)
	              Index Cond: ((id >= 5469791) AND (id <= 5469890))

table 3 : explain SELECT DISTINCT c FROM sbtest3 WHERE id BETWEEN 352 AND 451 ORDER BY c
	Unique  (cost=410.60..411.12 rows=104 width=121)
	  ->  Sort  (cost=410.60..410.86 rows=104 width=121)
	        Sort Key: c
	        ->  Index Scan using sbtest3_pkey on sbtest3  (cost=0.43..407.11 rows=104 width=121)
	              Index Cond: ((id >= 352) AND (id <= 451))

table 4 : explain SELECT DISTINCT c FROM sbtest4 WHERE id BETWEEN 3373855 AND 3373954 ORDER BY c
	Unique  (cost=400.23..400.74 rows=101 width=121)
	  ->  Sort  (cost=400.23..400.49 rows=101 width=121)
	        Sort Key: c
	        ->  Index Scan using sbtest4_pkey on sbtest4  (cost=0.43..396.87 rows=101 width=121)
	              Index Cond: ((id >= 3373855) AND (id <= 3373954))

table 5 : explain SELECT DISTINCT c FROM sbtest5 WHERE id BETWEEN 8573351 AND 8573450 ORDER BY c
	Unique  (cost=336.43..336.86 rows=85 width=121)
	  ->  Sort  (cost=336.43..336.65 rows=85 width=121)
	        Sort Key: c
	        ->  Index Scan using sbtest5_pkey on sbtest5  (cost=0.43..333.71 rows=85 width=121)
	              Index Cond: ((id >= 8573351) AND (id <= 8573450))

table 6 : explain SELECT DISTINCT c FROM sbtest6 WHERE id BETWEEN 768523 AND 768622 ORDER BY c
	Unique  (cost=360.22..360.67 rows=91 width=121)
	  ->  Sort  (cost=360.22..360.45 rows=91 width=121)
	        Sort Key: c
	        ->  Index Scan using sbtest6_pkey on sbtest6  (cost=0.43..357.26 rows=91 width=121)
	              Index Cond: ((id >= 768523) AND (id <= 768622))

table 7 : explain SELECT DISTINCT c FROM sbtest7 WHERE id BETWEEN 6076660 AND 6076759 ORDER BY c
	Unique  (cost=378.14..378.62 rows=96 width=121)
	  ->  Sort  (cost=378.14..378.38 rows=96 width=121)
	        Sort Key: c
	        ->  Index Scan using sbtest7_pkey on sbtest7  (cost=0.43..374.98 rows=96 width=121)
	              Index Cond: ((id >= 6076660) AND (id <= 6076759))

table 8 : explain SELECT DISTINCT c FROM sbtest8 WHERE id BETWEEN 8388952 AND 8389051 ORDER BY c
	Unique  (cost=390.31..390.80 rows=99 width=121)
	  ->  Sort  (cost=390.31..390.55 rows=99 width=121)
	        Sort Key: c
	        ->  Index Scan using sbtest8_pkey on sbtest8  (cost=0.43..387.02 rows=99 width=121)
	              Index Cond: ((id >= 8388952) AND (id <= 8389051))

explain: for index_updates :: explain UPDATE sbtest%u SET k=k+1 WHERE id=%u
for index_updates
table 1 : explain UPDATE sbtest1 SET k=k+1 WHERE id=162937
	Update on sbtest1  (cost=0.43..8.46 rows=0 width=0)
	  ->  Index Scan using sbtest1_pkey on sbtest1  (cost=0.43..8.46 rows=1 width=10)
	        Index Cond: (id = 162937)

table 2 : explain UPDATE sbtest2 SET k=k+1 WHERE id=3722255
	Update on sbtest2  (cost=0.43..8.46 rows=0 width=0)
	  ->  Index Scan using sbtest2_pkey on sbtest2  (cost=0.43..8.46 rows=1 width=10)
	        Index Cond: (id = 3722255)

table 3 : explain UPDATE sbtest3 SET k=k+1 WHERE id=8586457
	Update on sbtest3  (cost=0.43..8.46 rows=0 width=0)
	  ->  Index Scan using sbtest3_pkey on sbtest3  (cost=0.43..8.46 rows=1 width=10)
	        Index Cond: (id = 8586457)

table 4 : explain UPDATE sbtest4 SET k=k+1 WHERE id=8608480
	Update on sbtest4  (cost=0.43..8.46 rows=0 width=0)
	  ->  Index Scan using sbtest4_pkey on sbtest4  (cost=0.43..8.46 rows=1 width=10)
	        Index Cond: (id = 8608480)

table 5 : explain UPDATE sbtest5 SET k=k+1 WHERE id=6017866
	Update on sbtest5  (cost=0.43..8.46 rows=0 width=0)
	  ->  Index Scan using sbtest5_pkey on sbtest5  (cost=0.43..8.46 rows=1 width=10)
	        Index Cond: (id = 6017866)

table 6 : explain UPDATE sbtest6 SET k=k+1 WHERE id=8651358
	Update on sbtest6  (cost=0.43..8.46 rows=0 width=0)
	  ->  Index Scan using sbtest6_pkey on sbtest6  (cost=0.43..8.46 rows=1 width=10)
	        Index Cond: (id = 8651358)

table 7 : explain UPDATE sbtest7 SET k=k+1 WHERE id=5333161
	Update on sbtest7  (cost=0.43..8.46 rows=0 width=0)
	  ->  Index Scan using sbtest7_pkey on sbtest7  (cost=0.43..8.46 rows=1 width=10)
	        Index Cond: (id = 5333161)

table 8 : explain UPDATE sbtest8 SET k=k+1 WHERE id=9363503
	Update on sbtest8  (cost=0.43..8.46 rows=0 width=0)
	  ->  Index Scan using sbtest8_pkey on sbtest8  (cost=0.43..8.46 rows=1 width=10)
	        Index Cond: (id = 9363503)

explain: for non_index_updates :: explain UPDATE sbtest%u SET c='foobar' WHERE id=%u
for inserts
table 1 : explain INSERT INTO sbtest1 (id, k, c, pad) VALUES (4398278, 13, 'foobar', 'foobar')
	Insert on sbtest1  (cost=0.00..0.01 rows=0 width=0)
	  ->  Result  (cost=0.00..0.01 rows=1 width=736)

table 2 : explain INSERT INTO sbtest2 (id, k, c, pad) VALUES (2001609, 13, 'foobar', 'foobar')
	Insert on sbtest2  (cost=0.00..0.01 rows=0 width=0)
	  ->  Result  (cost=0.00..0.01 rows=1 width=736)

table 3 : explain INSERT INTO sbtest3 (id, k, c, pad) VALUES (5273861, 13, 'foobar', 'foobar')
	Insert on sbtest3  (cost=0.00..0.01 rows=0 width=0)
	  ->  Result  (cost=0.00..0.01 rows=1 width=736)

table 4 : explain INSERT INTO sbtest4 (id, k, c, pad) VALUES (8176217, 13, 'foobar', 'foobar')
	Insert on sbtest4  (cost=0.00..0.01 rows=0 width=0)
	  ->  Result  (cost=0.00..0.01 rows=1 width=736)

table 5 : explain INSERT INTO sbtest5 (id, k, c, pad) VALUES (5984330, 13, 'foobar', 'foobar')
	Insert on sbtest5  (cost=0.00..0.01 rows=0 width=0)
	  ->  Result  (cost=0.00..0.01 rows=1 width=736)

table 6 : explain INSERT INTO sbtest6 (id, k, c, pad) VALUES (7441776, 13, 'foobar', 'foobar')
	Insert on sbtest6  (cost=0.00..0.01 rows=0 width=0)
	  ->  Result  (cost=0.00..0.01 rows=1 width=736)

table 7 : explain INSERT INTO sbtest7 (id, k, c, pad) VALUES (9229190, 13, 'foobar', 'foobar')
	Insert on sbtest7  (cost=0.00..0.01 rows=0 width=0)
	  ->  Result  (cost=0.00..0.01 rows=1 width=736)

table 8 : explain INSERT INTO sbtest8 (id, k, c, pad) VALUES (2335464, 13, 'foobar', 'foobar')
	Insert on sbtest8  (cost=0.00..0.01 rows=0 width=0)
	  ->  Result  (cost=0.00..0.01 rows=1 width=736)

explain: for index_updates :: explain UPDATE sbtest%u SET k=k+1 WHERE id=%u
for index_updates
table 1 : explain UPDATE sbtest1 SET k=k+1 WHERE id=5000493
	Update on sbtest1  (cost=0.43..8.46 rows=0 width=0)
	  ->  Index Scan using sbtest1_pkey on sbtest1  (cost=0.43..8.46 rows=1 width=10)
	        Index Cond: (id = 5000493)

table 2 : explain UPDATE sbtest2 SET k=k+1 WHERE id=5717087
	Update on sbtest2  (cost=0.43..8.46 rows=0 width=0)
	  ->  Index Scan using sbtest2_pkey on sbtest2  (cost=0.43..8.46 rows=1 width=10)
	        Index Cond: (id = 5717087)

table 3 : explain UPDATE sbtest3 SET k=k+1 WHERE id=7650168
	Update on sbtest3  (cost=0.43..8.46 rows=0 width=0)
	  ->  Index Scan using sbtest3_pkey on sbtest3  (cost=0.43..8.46 rows=1 width=10)
	        Index Cond: (id = 7650168)

table 4 : explain UPDATE sbtest4 SET k=k+1 WHERE id=5276980
	Update on sbtest4  (cost=0.43..8.46 rows=0 width=0)
	  ->  Index Scan using sbtest4_pkey on sbtest4  (cost=0.43..8.46 rows=1 width=10)
	        Index Cond: (id = 5276980)

table 5 : explain UPDATE sbtest5 SET k=k+1 WHERE id=5126957
	Update on sbtest5  (cost=0.43..8.46 rows=0 width=0)
	  ->  Index Scan using sbtest5_pkey on sbtest5  (cost=0.43..8.46 rows=1 width=10)
	        Index Cond: (id = 5126957)

table 6 : explain UPDATE sbtest6 SET k=k+1 WHERE id=1981788
	Update on sbtest6  (cost=0.43..8.46 rows=0 width=0)
	  ->  Index Scan using sbtest6_pkey on sbtest6  (cost=0.43..8.46 rows=1 width=10)
	        Index Cond: (id = 1981788)

table 7 : explain UPDATE sbtest7 SET k=k+1 WHERE id=1219368
	Update on sbtest7  (cost=0.43..8.46 rows=0 width=0)
	  ->  Index Scan using sbtest7_pkey on sbtest7  (cost=0.43..8.46 rows=1 width=10)
	        Index Cond: (id = 1219368)

table 8 : explain UPDATE sbtest8 SET k=k+1 WHERE id=1945418
	Update on sbtest8  (cost=0.43..8.46 rows=0 width=0)
	  ->  Index Scan using sbtest8_pkey on sbtest8  (cost=0.43..8.46 rows=1 width=10)
	        Index Cond: (id = 1945418)

for: order_ranges
table 1 : explain SELECT c FROM sbtest1 WHERE id BETWEEN 5614493 AND 5614592 ORDER BY c
	Sort  (cost=442.80..443.08 rows=112 width=121)
	  Sort Key: c
	  ->  Index Scan using sbtest1_pkey on sbtest1  (cost=0.43..438.98 rows=112 width=121)
	        Index Cond: ((id >= 5614493) AND (id <= 5614592))

table 2 : explain SELECT c FROM sbtest2 WHERE id BETWEEN 1039356 AND 1039455 ORDER BY c
	Sort  (cost=420.21..420.47 rows=106 width=121)
	  Sort Key: c
	  ->  Index Scan using sbtest2_pkey on sbtest2  (cost=0.43..416.64 rows=106 width=121)
	        Index Cond: ((id >= 1039356) AND (id <= 1039455))

table 3 : explain SELECT c FROM sbtest3 WHERE id BETWEEN 5757321 AND 5757420 ORDER BY c
	Sort  (cost=418.42..418.68 rows=106 width=121)
	  Sort Key: c
	  ->  Index Scan using sbtest3_pkey on sbtest3  (cost=0.43..414.85 rows=106 width=121)
	        Index Cond: ((id >= 5757321) AND (id <= 5757420))

table 4 : explain SELECT c FROM sbtest4 WHERE id BETWEEN 9734819 AND 9734918 ORDER BY c
	Sort  (cost=408.08..408.34 rows=103 width=121)
	  Sort Key: c
	  ->  Index Scan using sbtest4_pkey on sbtest4  (cost=0.43..404.64 rows=103 width=121)
	        Index Cond: ((id >= 9734819) AND (id <= 9734918))

table 5 : explain SELECT c FROM sbtest5 WHERE id BETWEEN 6254594 AND 6254693 ORDER BY c
	Sort  (cost=391.23..391.47 rows=99 width=121)
	  Sort Key: c
	  ->  Index Scan using sbtest5_pkey on sbtest5  (cost=0.43..387.94 rows=99 width=121)
	        Index Cond: ((id >= 6254594) AND (id <= 6254693))

table 6 : explain SELECT c FROM sbtest6 WHERE id BETWEEN 6725183 AND 6725282 ORDER BY c
	Sort  (cost=383.71..383.95 rows=97 width=121)
	  Sort Key: c
	  ->  Index Scan using sbtest6_pkey on sbtest6  (cost=0.43..380.51 rows=97 width=121)
	        Index Cond: ((id >= 6725183) AND (id <= 6725282))

table 7 : explain SELECT c FROM sbtest7 WHERE id BETWEEN 7721715 AND 7721814 ORDER BY c
	Sort  (cost=444.45..444.73 rows=113 width=121)
	  Sort Key: c
	  ->  Index Scan using sbtest7_pkey on sbtest7  (cost=0.43..440.59 rows=113 width=121)
	        Index Cond: ((id >= 7721715) AND (id <= 7721814))

table 8 : explain SELECT c FROM sbtest8 WHERE id BETWEEN 6344251 AND 6344350 ORDER BY c
	Sort  (cost=343.45..343.66 rows=87 width=121)
	  Sort Key: c
	  ->  Index Scan using sbtest8_pkey on sbtest8  (cost=0.43..340.64 rows=87 width=121)
	        Index Cond: ((id >= 6344251) AND (id <= 6344350))

explain: for non_index_updates :: explain UPDATE sbtest%u SET c='foobar' WHERE id=%u
for: order_ranges
table 1 : explain SELECT c FROM sbtest1 WHERE id BETWEEN 7958095 AND 7958194 ORDER BY c
	Sort  (cost=407.53..407.79 rows=103 width=121)
	  Sort Key: c
	  ->  Index Scan using sbtest1_pkey on sbtest1  (cost=0.43..404.09 rows=103 width=121)
	        Index Cond: ((id >= 7958095) AND (id <= 7958194))

table 2 : explain SELECT c FROM sbtest2 WHERE id BETWEEN 6893785 AND 6893884 ORDER BY c
	Sort  (cost=365.20..365.43 rows=92 width=121)
	  Sort Key: c
	  ->  Index Scan using sbtest2_pkey on sbtest2  (cost=0.43..362.20 rows=92 width=121)
	        Index Cond: ((id >= 6893785) AND (id <= 6893884))

table 3 : explain SELECT c FROM sbtest3 WHERE id BETWEEN 2398614 AND 2398713 ORDER BY c
	Sort  (cost=402.78..403.03 rows=102 width=121)
	  Sort Key: c
	  ->  Index Scan using sbtest3_pkey on sbtest3  (cost=0.43..399.37 rows=102 width=121)
	        Index Cond: ((id >= 2398614) AND (id <= 2398713))

table 4 : explain SELECT c FROM sbtest4 WHERE id BETWEEN 8758426 AND 8758525 ORDER BY c
	Sort  (cost=427.70..427.97 rows=108 width=121)
	  Sort Key: c
	  ->  Index Scan using sbtest4_pkey on sbtest4  (cost=0.43..424.05 rows=108 width=121)
	        Index Cond: ((id >= 8758426) AND (id <= 8758525))

table 5 : explain SELECT c FROM sbtest5 WHERE id BETWEEN 7983573 AND 7983672 ORDER BY c
	Sort  (cost=406.87..407.13 rows=103 width=121)
	  Sort Key: c
	  ->  Index Scan using sbtest5_pkey on sbtest5  (cost=0.43..403.43 rows=103 width=121)
	        Index Cond: ((id >= 7983573) AND (id <= 7983672))

table 6 : explain SELECT c FROM sbtest6 WHERE id BETWEEN 4125310 AND 4125409 ORDER BY c
	Sort  (cost=411.15..411.41 rows=104 width=121)
	  Sort Key: c
	  ->  Index Scan using sbtest6_pkey on sbtest6  (cost=0.43..407.67 rows=104 width=121)
	        Index Cond: ((id >= 4125310) AND (id <= 4125409))

table 7 : explain SELECT c FROM sbtest7 WHERE id BETWEEN 8908283 AND 8908382 ORDER BY c
	Sort  (cost=362.55..362.78 rows=92 width=121)
	  Sort Key: c
	  ->  Index Scan using sbtest7_pkey on sbtest7  (cost=0.43..359.55 rows=92 width=121)
	        Index Cond: ((id >= 8908283) AND (id <= 8908382))

table 8 : explain SELECT c FROM sbtest8 WHERE id BETWEEN 2464730 AND 2464829 ORDER BY c
	Sort  (cost=343.45..343.66 rows=87 width=121)
	  Sort Key: c
	  ->  Index Scan using sbtest8_pkey on sbtest8  (cost=0.43..340.64 rows=87 width=121)
	        Index Cond: ((id >= 2464730) AND (id <= 2464829))

for index_updates
table 1 : explain UPDATE sbtest1 SET k=k+1 WHERE id=3018371
	Update on sbtest1  (cost=0.43..8.46 rows=0 width=0)
	  ->  Index Scan using sbtest1_pkey on sbtest1  (cost=0.43..8.46 rows=1 width=10)
	        Index Cond: (id = 3018371)

table 2 : explain UPDATE sbtest2 SET k=k+1 WHERE id=5190114
	Update on sbtest2  (cost=0.43..8.46 rows=0 width=0)
	  ->  Index Scan using sbtest2_pkey on sbtest2  (cost=0.43..8.46 rows=1 width=10)
	        Index Cond: (id = 5190114)

table 3 : explain UPDATE sbtest3 SET k=k+1 WHERE id=9588307
	Update on sbtest3  (cost=0.43..8.46 rows=0 width=0)
	  ->  Index Scan using sbtest3_pkey on sbtest3  (cost=0.43..8.46 rows=1 width=10)
	        Index Cond: (id = 9588307)

table 4 : explain UPDATE sbtest4 SET k=k+1 WHERE id=2597313
	Update on sbtest4  (cost=0.43..8.46 rows=0 width=0)
	  ->  Index Scan using sbtest4_pkey on sbtest4  (cost=0.43..8.46 rows=1 width=10)
	        Index Cond: (id = 2597313)

table 5 : explain UPDATE sbtest5 SET k=k+1 WHERE id=16106
	Update on sbtest5  (cost=0.43..8.46 rows=0 width=0)
	  ->  Index Scan using sbtest5_pkey on sbtest5  (cost=0.43..8.46 rows=1 width=10)
	        Index Cond: (id = 16106)

table 6 : explain UPDATE sbtest6 SET k=k+1 WHERE id=1047934
	Update on sbtest6  (cost=0.43..8.46 rows=0 width=0)
	  ->  Index Scan using sbtest6_pkey on sbtest6  (cost=0.43..8.46 rows=1 width=10)
	        Index Cond: (id = 1047934)

table 7 : explain UPDATE sbtest7 SET k=k+1 WHERE id=8450233
	Update on sbtest7  (cost=0.43..8.46 rows=0 width=0)
	  ->  Index Scan using sbtest7_pkey on sbtest7  (cost=0.43..8.46 rows=1 width=10)
	        Index Cond: (id = 8450233)

table 8 : explain UPDATE sbtest8 SET k=k+1 WHERE id=9523100
	Update on sbtest8  (cost=0.43..8.46 rows=0 width=0)
	  ->  Index Scan using sbtest8_pkey on sbtest8  (cost=0.43..8.46 rows=1 width=10)
	        Index Cond: (id = 9523100)

for: simple_ranges
table 1 : explain SELECT c FROM sbtest1 WHERE id BETWEEN 3212809 AND 3212908
	Index Scan using sbtest1_pkey on sbtest1  (cost=0.43..380.78 rows=97 width=121)
	  Index Cond: ((id >= 3212809) AND (id <= 3212908))

table 2 : explain SELECT c FROM sbtest2 WHERE id BETWEEN 4042180 AND 4042279
	Index Scan using sbtest2_pkey on sbtest2  (cost=0.43..385.51 rows=98 width=121)
	  Index Cond: ((id >= 4042180) AND (id <= 4042279))

table 3 : explain SELECT c FROM sbtest3 WHERE id BETWEEN 1402281 AND 1402380
	Index Scan using sbtest3_pkey on sbtest3  (cost=0.43..364.51 rows=93 width=121)
	  Index Cond: ((id >= 1402281) AND (id <= 1402380))

table 4 : explain SELECT c FROM sbtest4 WHERE id BETWEEN 6101218 AND 6101317
	Index Scan using sbtest4_pkey on sbtest4  (cost=0.43..420.17 rows=107 width=121)
	  Index Cond: ((id >= 6101218) AND (id <= 6101317))

table 5 : explain SELECT c FROM sbtest5 WHERE id BETWEEN 1757988 AND 1758087
	Index Scan using sbtest5_pkey on sbtest5  (cost=0.43..418.91 rows=107 width=121)
	  Index Cond: ((id >= 1757988) AND (id <= 1758087))

table 6 : explain SELECT c FROM sbtest6 WHERE id BETWEEN 1478255 AND 1478354
	Index Scan using sbtest6_pkey on sbtest6  (cost=0.43..399.92 rows=102 width=121)
	  Index Cond: ((id >= 1478255) AND (id <= 1478354))

table 7 : explain SELECT c FROM sbtest7 WHERE id BETWEEN 8720651 AND 8720750
	Index Scan using sbtest7_pkey on sbtest7  (cost=0.43..363.41 rows=93 width=121)
	  Index Cond: ((id >= 8720651) AND (id <= 8720750))

table 8 : explain SELECT c FROM sbtest8 WHERE id BETWEEN 5285148 AND 5285247
	Index Scan using sbtest8_pkey on sbtest8  (cost=0.43..394.75 rows=101 width=121)
	  Index Cond: ((id >= 5285148) AND (id <= 5285247))

explain: for non_index_updates :: explain UPDATE sbtest%u SET c='foobar' WHERE id=%u
for index_updates
table 1 : explain UPDATE sbtest1 SET k=k+1 WHERE id=2519642
	Update on sbtest1  (cost=0.43..8.46 rows=0 width=0)
	  ->  Index Scan using sbtest1_pkey on sbtest1  (cost=0.43..8.46 rows=1 width=10)
	        Index Cond: (id = 2519642)

table 2 : explain UPDATE sbtest2 SET k=k+1 WHERE id=5304116
	Update on sbtest2  (cost=0.43..8.46 rows=0 width=0)
	  ->  Index Scan using sbtest2_pkey on sbtest2  (cost=0.43..8.46 rows=1 width=10)
	        Index Cond: (id = 5304116)

table 3 : explain UPDATE sbtest3 SET k=k+1 WHERE id=2761866
	Update on sbtest3  (cost=0.43..8.46 rows=0 width=0)
	  ->  Index Scan using sbtest3_pkey on sbtest3  (cost=0.43..8.46 rows=1 width=10)
	        Index Cond: (id = 2761866)

table 4 : explain UPDATE sbtest4 SET k=k+1 WHERE id=905765
	Update on sbtest4  (cost=0.43..8.46 rows=0 width=0)
	  ->  Index Scan using sbtest4_pkey on sbtest4  (cost=0.43..8.46 rows=1 width=10)
	        Index Cond: (id = 905765)

table 5 : explain UPDATE sbtest5 SET k=k+1 WHERE id=2924517
	Update on sbtest5  (cost=0.43..8.46 rows=0 width=0)
	  ->  Index Scan using sbtest5_pkey on sbtest5  (cost=0.43..8.46 rows=1 width=10)
	        Index Cond: (id = 2924517)

table 6 : explain UPDATE sbtest6 SET k=k+1 WHERE id=8397086
	Update on sbtest6  (cost=0.43..8.46 rows=0 width=0)
	  ->  Index Scan using sbtest6_pkey on sbtest6  (cost=0.43..8.46 rows=1 width=10)
	        Index Cond: (id = 8397086)

table 7 : explain UPDATE sbtest7 SET k=k+1 WHERE id=2567807
	Update on sbtest7  (cost=0.43..8.46 rows=0 width=0)
	  ->  Index Scan using sbtest7_pkey on sbtest7  (cost=0.43..8.46 rows=1 width=10)
	        Index Cond: (id = 2567807)

table 8 : explain UPDATE sbtest8 SET k=k+1 WHERE id=216498
	Update on sbtest8  (cost=0.43..8.46 rows=0 width=0)
	  ->  Index Scan using sbtest8_pkey on sbtest8  (cost=0.43..8.46 rows=1 width=10)
	        Index Cond: (id = 216498)

for non_index_updates
table 1 : explain UPDATE sbtest1 SET c='foobar' WHERE id=1425864
	Update on sbtest1  (cost=0.43..8.45 rows=0 width=0)
	  ->  Index Scan using sbtest1_pkey on sbtest1  (cost=0.43..8.45 rows=1 width=490)
	        Index Cond: (id = 1425864)

table 2 : explain UPDATE sbtest2 SET c='foobar' WHERE id=9213396
	Update on sbtest2  (cost=0.43..8.45 rows=0 width=0)
	  ->  Index Scan using sbtest2_pkey on sbtest2  (cost=0.43..8.45 rows=1 width=490)
	        Index Cond: (id = 9213396)

table 3 : explain UPDATE sbtest3 SET c='foobar' WHERE id=2244417
	Update on sbtest3  (cost=0.43..8.45 rows=0 width=0)
	  ->  Index Scan using sbtest3_pkey on sbtest3  (cost=0.43..8.45 rows=1 width=490)
	        Index Cond: (id = 2244417)

table 4 : explain UPDATE sbtest4 SET c='foobar' WHERE id=4905959
	Update on sbtest4  (cost=0.43..8.45 rows=0 width=0)
	  ->  Index Scan using sbtest4_pkey on sbtest4  (cost=0.43..8.45 rows=1 width=490)
	        Index Cond: (id = 4905959)

table 5 : explain UPDATE sbtest5 SET c='foobar' WHERE id=6980128
	Update on sbtest5  (cost=0.43..8.45 rows=0 width=0)
	  ->  Index Scan using sbtest5_pkey on sbtest5  (cost=0.43..8.45 rows=1 width=490)
	        Index Cond: (id = 6980128)

table 6 : explain UPDATE sbtest6 SET c='foobar' WHERE id=7535984
	Update on sbtest6  (cost=0.43..8.45 rows=0 width=0)
	  ->  Index Scan using sbtest6_pkey on sbtest6  (cost=0.43..8.45 rows=1 width=490)
	        Index Cond: (id = 7535984)

table 7 : explain UPDATE sbtest7 SET c='foobar' WHERE id=5684051
	Update on sbtest7  (cost=0.43..8.45 rows=0 width=0)
	  ->  Index Scan using sbtest7_pkey on sbtest7  (cost=0.43..8.45 rows=1 width=490)
	        Index Cond: (id = 5684051)

table 8 : explain UPDATE sbtest8 SET c='foobar' WHERE id=6331016
	Update on sbtest8  (cost=0.43..8.45 rows=0 width=0)
	  ->  Index Scan using sbtest8_pkey on sbtest8  (cost=0.43..8.45 rows=1 width=490)
	        Index Cond: (id = 6331016)

for index_updates
table 1 : explain UPDATE sbtest1 SET k=k+1 WHERE id=896430
	Update on sbtest1  (cost=0.43..8.46 rows=0 width=0)
	  ->  Index Scan using sbtest1_pkey on sbtest1  (cost=0.43..8.46 rows=1 width=10)
	        Index Cond: (id = 896430)

table 2 : explain UPDATE sbtest2 SET k=k+1 WHERE id=1023086
	Update on sbtest2  (cost=0.43..8.46 rows=0 width=0)
	  ->  Index Scan using sbtest2_pkey on sbtest2  (cost=0.43..8.46 rows=1 width=10)
	        Index Cond: (id = 1023086)

table 3 : explain UPDATE sbtest3 SET k=k+1 WHERE id=3570532
	Update on sbtest3  (cost=0.43..8.46 rows=0 width=0)
	  ->  Index Scan using sbtest3_pkey on sbtest3  (cost=0.43..8.46 rows=1 width=10)
	        Index Cond: (id = 3570532)

table 4 : explain UPDATE sbtest4 SET k=k+1 WHERE id=6599236
	Update on sbtest4  (cost=0.43..8.46 rows=0 width=0)
	  ->  Index Scan using sbtest4_pkey on sbtest4  (cost=0.43..8.46 rows=1 width=10)
	        Index Cond: (id = 6599236)

table 5 : explain UPDATE sbtest5 SET k=k+1 WHERE id=2303712
	Update on sbtest5  (cost=0.43..8.46 rows=0 width=0)
	  ->  Index Scan using sbtest5_pkey on sbtest5  (cost=0.43..8.46 rows=1 width=10)
	        Index Cond: (id = 2303712)

table 6 : explain UPDATE sbtest6 SET k=k+1 WHERE id=2409650
	Update on sbtest6  (cost=0.43..8.46 rows=0 width=0)
	  ->  Index Scan using sbtest6_pkey on sbtest6  (cost=0.43..8.46 rows=1 width=10)
	        Index Cond: (id = 2409650)

table 7 : explain UPDATE sbtest7 SET k=k+1 WHERE id=5957984
	Update on sbtest7  (cost=0.43..8.46 rows=0 width=0)
	  ->  Index Scan using sbtest7_pkey on sbtest7  (cost=0.43..8.46 rows=1 width=10)
	        Index Cond: (id = 5957984)

table 8 : explain UPDATE sbtest8 SET k=k+1 WHERE id=8590080
	Update on sbtest8  (cost=0.43..8.46 rows=0 width=0)
	  ->  Index Scan using sbtest8_pkey on sbtest8  (cost=0.43..8.46 rows=1 width=10)
	        Index Cond: (id = 8590080)

for: sum_ranges
table 1 : explain SELECT SUM(k) FROM sbtest1 WHERE id BETWEEN 3075907 AND 3076006
	Aggregate  (cost=408.22..408.23 rows=1 width=8)
	  ->  Index Scan using sbtest1_pkey on sbtest1  (cost=0.43..407.96 rows=104 width=4)
	        Index Cond: ((id >= 3075907) AND (id <= 3076006))

table 2 : explain SELECT SUM(k) FROM sbtest2 WHERE id BETWEEN 9749274 AND 9749373
	Aggregate  (cost=420.79..420.80 rows=1 width=8)
	  ->  Index Scan using sbtest2_pkey on sbtest2  (cost=0.43..420.53 rows=107 width=4)
	        Index Cond: ((id >= 9749274) AND (id <= 9749373))

table 3 : explain SELECT SUM(k) FROM sbtest3 WHERE id BETWEEN 2293917 AND 2294016
	Aggregate  (cost=415.12..415.13 rows=1 width=8)
	  ->  Index Scan using sbtest3_pkey on sbtest3  (cost=0.43..414.85 rows=106 width=4)
	        Index Cond: ((id >= 2293917) AND (id <= 2294016))

table 4 : explain SELECT SUM(k) FROM sbtest4 WHERE id BETWEEN 1305277 AND 1305376
	Aggregate  (cost=377.66..377.67 rows=1 width=8)
	  ->  Index Scan using sbtest4_pkey on sbtest4  (cost=0.43..377.42 rows=96 width=4)
	        Index Cond: ((id >= 1305277) AND (id <= 1305376))

table 5 : explain SELECT SUM(k) FROM sbtest5 WHERE id BETWEEN 2929411 AND 2929510
	Aggregate  (cost=364.91..364.92 rows=1 width=8)
	  ->  Index Scan using sbtest5_pkey on sbtest5  (cost=0.43..364.68 rows=93 width=4)
	        Index Cond: ((id >= 2929411) AND (id <= 2929510))

table 6 : explain SELECT SUM(k) FROM sbtest6 WHERE id BETWEEN 9190245 AND 9190344
	Aggregate  (cost=388.54..388.55 rows=1 width=8)
	  ->  Index Scan using sbtest6_pkey on sbtest6  (cost=0.43..388.29 rows=99 width=4)
	        Index Cond: ((id >= 9190245) AND (id <= 9190344))

table 7 : explain SELECT SUM(k) FROM sbtest7 WHERE id BETWEEN 1917427 AND 1917526
	Aggregate  (cost=413.86..413.87 rows=1 width=8)
	  ->  Index Scan using sbtest7_pkey on sbtest7  (cost=0.43..413.59 rows=106 width=4)
	        Index Cond: ((id >= 1917427) AND (id <= 1917526))

table 8 : explain SELECT SUM(k) FROM sbtest8 WHERE id BETWEEN 4962800 AND 4962899
	Aggregate  (cost=414.32..414.33 rows=1 width=8)
	  ->  Index Scan using sbtest8_pkey on sbtest8  (cost=0.43..414.06 rows=106 width=4)
	        Index Cond: ((id >= 4962800) AND (id <= 4962899))

explain: for non_index_updates :: explain UPDATE sbtest%u SET c='foobar' WHERE id=%u
for non_index_updates
table 1 : explain UPDATE sbtest1 SET c='foobar' WHERE id=8935267
	Update on sbtest1  (cost=0.43..8.45 rows=0 width=0)
	  ->  Index Scan using sbtest1_pkey on sbtest1  (cost=0.43..8.45 rows=1 width=490)
	        Index Cond: (id = 8935267)

table 2 : explain UPDATE sbtest2 SET c='foobar' WHERE id=2045612
	Update on sbtest2  (cost=0.43..8.45 rows=0 width=0)
	  ->  Index Scan using sbtest2_pkey on sbtest2  (cost=0.43..8.45 rows=1 width=490)
	        Index Cond: (id = 2045612)

table 3 : explain UPDATE sbtest3 SET c='foobar' WHERE id=5619376
	Update on sbtest3  (cost=0.43..8.45 rows=0 width=0)
	  ->  Index Scan using sbtest3_pkey on sbtest3  (cost=0.43..8.45 rows=1 width=490)
	        Index Cond: (id = 5619376)

table 4 : explain UPDATE sbtest4 SET c='foobar' WHERE id=4946812
	Update on sbtest4  (cost=0.43..8.45 rows=0 width=0)
	  ->  Index Scan using sbtest4_pkey on sbtest4  (cost=0.43..8.45 rows=1 width=490)
	        Index Cond: (id = 4946812)

table 5 : explain UPDATE sbtest5 SET c='foobar' WHERE id=6219854
	Update on sbtest5  (cost=0.43..8.45 rows=0 width=0)
	  ->  Index Scan using sbtest5_pkey on sbtest5  (cost=0.43..8.45 rows=1 width=490)
	        Index Cond: (id = 6219854)

table 6 : explain UPDATE sbtest6 SET c='foobar' WHERE id=3021856
	Update on sbtest6  (cost=0.43..8.45 rows=0 width=0)
	  ->  Index Scan using sbtest6_pkey on sbtest6  (cost=0.43..8.45 rows=1 width=490)
	        Index Cond: (id = 3021856)

table 7 : explain UPDATE sbtest7 SET c='foobar' WHERE id=7985647
	Update on sbtest7  (cost=0.43..8.45 rows=0 width=0)
	  ->  Index Scan using sbtest7_pkey on sbtest7  (cost=0.43..8.45 rows=1 width=490)
	        Index Cond: (id = 7985647)

table 8 : explain UPDATE sbtest8 SET c='foobar' WHERE id=2812587
	Update on sbtest8  (cost=0.43..8.45 rows=0 width=0)
	  ->  Index Scan using sbtest8_pkey on sbtest8  (cost=0.43..8.45 rows=1 width=490)
	        Index Cond: (id = 2812587)

explain: for non_index_updates :: explain UPDATE sbtest%u SET c='foobar' WHERE id=%u
explain: for deletes :: explain DELETE FROM sbtest%u WHERE id=%u
for non_index_updates
table 1 : explain UPDATE sbtest1 SET c='foobar' WHERE id=7331353
	Update on sbtest1  (cost=0.43..8.45 rows=0 width=0)
	  ->  Index Scan using sbtest1_pkey on sbtest1  (cost=0.43..8.45 rows=1 width=490)
	        Index Cond: (id = 7331353)

table 2 : explain UPDATE sbtest2 SET c='foobar' WHERE id=5845457
	Update on sbtest2  (cost=0.43..8.45 rows=0 width=0)
	  ->  Index Scan using sbtest2_pkey on sbtest2  (cost=0.43..8.45 rows=1 width=490)
	        Index Cond: (id = 5845457)

table 3 : explain UPDATE sbtest3 SET c='foobar' WHERE id=601760
	Update on sbtest3  (cost=0.43..8.45 rows=0 width=0)
	  ->  Index Scan using sbtest3_pkey on sbtest3  (cost=0.43..8.45 rows=1 width=490)
	        Index Cond: (id = 601760)

table 4 : explain UPDATE sbtest4 SET c='foobar' WHERE id=6119924
	Update on sbtest4  (cost=0.43..8.45 rows=0 width=0)
	  ->  Index Scan using sbtest4_pkey on sbtest4  (cost=0.43..8.45 rows=1 width=490)
	        Index Cond: (id = 6119924)

table 5 : explain UPDATE sbtest5 SET c='foobar' WHERE id=7872266
	Update on sbtest5  (cost=0.43..8.45 rows=0 width=0)
	  ->  Index Scan using sbtest5_pkey on sbtest5  (cost=0.43..8.45 rows=1 width=490)
	        Index Cond: (id = 7872266)

table 6 : explain UPDATE sbtest6 SET c='foobar' WHERE id=3608377
	Update on sbtest6  (cost=0.43..8.45 rows=0 width=0)
	  ->  Index Scan using sbtest6_pkey on sbtest6  (cost=0.43..8.45 rows=1 width=490)
	        Index Cond: (id = 3608377)

table 7 : explain UPDATE sbtest7 SET c='foobar' WHERE id=6688091
	Update on sbtest7  (cost=0.43..8.45 rows=0 width=0)
	  ->  Index Scan using sbtest7_pkey on sbtest7  (cost=0.43..8.45 rows=1 width=490)
	        Index Cond: (id = 6688091)

table 8 : explain UPDATE sbtest8 SET c='foobar' WHERE id=2345885
	Update on sbtest8  (cost=0.43..8.45 rows=0 width=0)
	  ->  Index Scan using sbtest8_pkey on sbtest8  (cost=0.43..8.45 rows=1 width=490)
	        Index Cond: (id = 2345885)

explain: for deletes :: explain DELETE FROM sbtest%u WHERE id=%u
for non_index_updates
table 1 : explain UPDATE sbtest1 SET c='foobar' WHERE id=2880872
	Update on sbtest1  (cost=0.43..8.45 rows=0 width=0)
	  ->  Index Scan using sbtest1_pkey on sbtest1  (cost=0.43..8.45 rows=1 width=490)
	        Index Cond: (id = 2880872)

table 2 : explain UPDATE sbtest2 SET c='foobar' WHERE id=2126892
	Update on sbtest2  (cost=0.43..8.45 rows=0 width=0)
	  ->  Index Scan using sbtest2_pkey on sbtest2  (cost=0.43..8.45 rows=1 width=490)
	        Index Cond: (id = 2126892)

table 3 : explain UPDATE sbtest3 SET c='foobar' WHERE id=4780900
	Update on sbtest3  (cost=0.43..8.45 rows=0 width=0)
	  ->  Index Scan using sbtest3_pkey on sbtest3  (cost=0.43..8.45 rows=1 width=490)
	        Index Cond: (id = 4780900)

table 4 : explain UPDATE sbtest4 SET c='foobar' WHERE id=841035
	Update on sbtest4  (cost=0.43..8.45 rows=0 width=0)
	  ->  Index Scan using sbtest4_pkey on sbtest4  (cost=0.43..8.45 rows=1 width=490)
	        Index Cond: (id = 841035)

table 5 : explain UPDATE sbtest5 SET c='foobar' WHERE id=6316085
	Update on sbtest5  (cost=0.43..8.45 rows=0 width=0)
	  ->  Index Scan using sbtest5_pkey on sbtest5  (cost=0.43..8.45 rows=1 width=490)
	        Index Cond: (id = 6316085)

table 6 : explain UPDATE sbtest6 SET c='foobar' WHERE id=2946123
	Update on sbtest6  (cost=0.43..8.45 rows=0 width=0)
	  ->  Index Scan using sbtest6_pkey on sbtest6  (cost=0.43..8.45 rows=1 width=490)
	        Index Cond: (id = 2946123)

table 7 : explain UPDATE sbtest7 SET c='foobar' WHERE id=1996950
	Update on sbtest7  (cost=0.43..8.45 rows=0 width=0)
	  ->  Index Scan using sbtest7_pkey on sbtest7  (cost=0.43..8.45 rows=1 width=490)
	        Index Cond: (id = 1996950)

table 8 : explain UPDATE sbtest8 SET c='foobar' WHERE id=7984776
	Update on sbtest8  (cost=0.43..8.45 rows=0 width=0)
	  ->  Index Scan using sbtest8_pkey on sbtest8  (cost=0.43..8.45 rows=1 width=490)
	        Index Cond: (id = 7984776)

explain: for non_index_updates :: explain UPDATE sbtest%u SET c='foobar' WHERE id=%u
explain: for deletes :: explain DELETE FROM sbtest%u WHERE id=%u
for non_index_updates
table 1 : explain UPDATE sbtest1 SET c='foobar' WHERE id=6723816
	Update on sbtest1  (cost=0.43..8.45 rows=0 width=0)
	  ->  Index Scan using sbtest1_pkey on sbtest1  (cost=0.43..8.45 rows=1 width=490)
	        Index Cond: (id = 6723816)

table 2 : explain UPDATE sbtest2 SET c='foobar' WHERE id=6906635
	Update on sbtest2  (cost=0.43..8.45 rows=0 width=0)
	  ->  Index Scan using sbtest2_pkey on sbtest2  (cost=0.43..8.45 rows=1 width=490)
	        Index Cond: (id = 6906635)

table 3 : explain UPDATE sbtest3 SET c='foobar' WHERE id=5265609
	Update on sbtest3  (cost=0.43..8.45 rows=0 width=0)
	  ->  Index Scan using sbtest3_pkey on sbtest3  (cost=0.43..8.45 rows=1 width=490)
	        Index Cond: (id = 5265609)

table 4 : explain UPDATE sbtest4 SET c='foobar' WHERE id=2532604
	Update on sbtest4  (cost=0.43..8.45 rows=0 width=0)
	  ->  Index Scan using sbtest4_pkey on sbtest4  (cost=0.43..8.45 rows=1 width=490)
	        Index Cond: (id = 2532604)

table 5 : explain UPDATE sbtest5 SET c='foobar' WHERE id=5332628
	Update on sbtest5  (cost=0.43..8.45 rows=0 width=0)
	  ->  Index Scan using sbtest5_pkey on sbtest5  (cost=0.43..8.45 rows=1 width=490)
	        Index Cond: (id = 5332628)

table 6 : explain UPDATE sbtest6 SET c='foobar' WHERE id=6844534
	Update on sbtest6  (cost=0.43..8.45 rows=0 width=0)
	  ->  Index Scan using sbtest6_pkey on sbtest6  (cost=0.43..8.45 rows=1 width=490)
	        Index Cond: (id = 6844534)

table 7 : explain UPDATE sbtest7 SET c='foobar' WHERE id=4888364
	Update on sbtest7  (cost=0.43..8.45 rows=0 width=0)
	  ->  Index Scan using sbtest7_pkey on sbtest7  (cost=0.43..8.45 rows=1 width=490)
	        Index Cond: (id = 4888364)

table 8 : explain UPDATE sbtest8 SET c='foobar' WHERE id=741040
	Update on sbtest8  (cost=0.43..8.45 rows=0 width=0)
	  ->  Index Scan using sbtest8_pkey on sbtest8  (cost=0.43..8.45 rows=1 width=490)
	        Index Cond: (id = 741040)

for deletes
table 1 : explain DELETE FROM sbtest1 WHERE id=9152799
	Delete on sbtest1  (cost=0.43..8.45 rows=0 width=0)
	  ->  Index Scan using sbtest1_pkey on sbtest1  (cost=0.43..8.45 rows=1 width=6)
	        Index Cond: (id = 9152799)

table 2 : explain DELETE FROM sbtest2 WHERE id=1576192
	Delete on sbtest2  (cost=0.43..8.45 rows=0 width=0)
	  ->  Index Scan using sbtest2_pkey on sbtest2  (cost=0.43..8.45 rows=1 width=6)
	        Index Cond: (id = 1576192)

table 3 : explain DELETE FROM sbtest3 WHERE id=2941176
	Delete on sbtest3  (cost=0.43..8.45 rows=0 width=0)
	  ->  Index Scan using sbtest3_pkey on sbtest3  (cost=0.43..8.45 rows=1 width=6)
	        Index Cond: (id = 2941176)

table 4 : explain DELETE FROM sbtest4 WHERE id=6379424
	Delete on sbtest4  (cost=0.43..8.45 rows=0 width=0)
	  ->  Index Scan using sbtest4_pkey on sbtest4  (cost=0.43..8.45 rows=1 width=6)
	        Index Cond: (id = 6379424)

table 5 : explain DELETE FROM sbtest5 WHERE id=6723914
	Delete on sbtest5  (cost=0.43..8.45 rows=0 width=0)
	  ->  Index Scan using sbtest5_pkey on sbtest5  (cost=0.43..8.45 rows=1 width=6)
	        Index Cond: (id = 6723914)

table 6 : explain DELETE FROM sbtest6 WHERE id=7154161
	Delete on sbtest6  (cost=0.43..8.45 rows=0 width=0)
	  ->  Index Scan using sbtest6_pkey on sbtest6  (cost=0.43..8.45 rows=1 width=6)
	        Index Cond: (id = 7154161)

table 7 : explain DELETE FROM sbtest7 WHERE id=6468461
	Delete on sbtest7  (cost=0.43..8.45 rows=0 width=0)
	  ->  Index Scan using sbtest7_pkey on sbtest7  (cost=0.43..8.45 rows=1 width=6)
	        Index Cond: (id = 6468461)

table 8 : explain DELETE FROM sbtest8 WHERE id=2658238
	Delete on sbtest8  (cost=0.43..8.45 rows=0 width=0)
	  ->  Index Scan using sbtest8_pkey on sbtest8  (cost=0.43..8.45 rows=1 width=6)
	        Index Cond: (id = 2658238)

explain: for deletes :: explain DELETE FROM sbtest%u WHERE id=%u
for non_index_updates
table 1 : explain UPDATE sbtest1 SET c='foobar' WHERE id=9230160
	Update on sbtest1  (cost=0.43..8.45 rows=0 width=0)
	  ->  Index Scan using sbtest1_pkey on sbtest1  (cost=0.43..8.45 rows=1 width=490)
	        Index Cond: (id = 9230160)

table 2 : explain UPDATE sbtest2 SET c='foobar' WHERE id=8561482
	Update on sbtest2  (cost=0.43..8.45 rows=0 width=0)
	  ->  Index Scan using sbtest2_pkey on sbtest2  (cost=0.43..8.45 rows=1 width=490)
	        Index Cond: (id = 8561482)

table 3 : explain UPDATE sbtest3 SET c='foobar' WHERE id=2669272
	Update on sbtest3  (cost=0.43..8.45 rows=0 width=0)
	  ->  Index Scan using sbtest3_pkey on sbtest3  (cost=0.43..8.45 rows=1 width=490)
	        Index Cond: (id = 2669272)

table 4 : explain UPDATE sbtest4 SET c='foobar' WHERE id=2047898
	Update on sbtest4  (cost=0.43..8.45 rows=0 width=0)
	  ->  Index Scan using sbtest4_pkey on sbtest4  (cost=0.43..8.45 rows=1 width=490)
	        Index Cond: (id = 2047898)

table 5 : explain UPDATE sbtest5 SET c='foobar' WHERE id=8654131
	Update on sbtest5  (cost=0.43..8.45 rows=0 width=0)
	  ->  Index Scan using sbtest5_pkey on sbtest5  (cost=0.43..8.45 rows=1 width=490)
	        Index Cond: (id = 8654131)

table 6 : explain UPDATE sbtest6 SET c='foobar' WHERE id=2564765
	Update on sbtest6  (cost=0.43..8.45 rows=0 width=0)
	  ->  Index Scan using sbtest6_pkey on sbtest6  (cost=0.43..8.45 rows=1 width=490)
	        Index Cond: (id = 2564765)

table 7 : explain UPDATE sbtest7 SET c='foobar' WHERE id=9654598
	Update on sbtest7  (cost=0.43..8.45 rows=0 width=0)
	  ->  Index Scan using sbtest7_pkey on sbtest7  (cost=0.43..8.45 rows=1 width=490)
	        Index Cond: (id = 9654598)

table 8 : explain UPDATE sbtest8 SET c='foobar' WHERE id=2449070
	Update on sbtest8  (cost=0.43..8.45 rows=0 width=0)
	  ->  Index Scan using sbtest8_pkey on sbtest8  (cost=0.43..8.45 rows=1 width=490)
	        Index Cond: (id = 2449070)

for: distinct_ranges
table 1 : explain SELECT DISTINCT c FROM sbtest1 WHERE id BETWEEN 5479970 AND 5480069 ORDER BY c
	Unique  (cost=364.40..364.86 rows=92 width=121)
	  ->  Sort  (cost=364.40..364.63 rows=92 width=121)
	        Sort Key: c
	        ->  Index Scan using sbtest1_pkey on sbtest1  (cost=0.43..361.40 rows=92 width=121)
	              Index Cond: ((id >= 5479970) AND (id <= 5480069))

table 2 : explain SELECT DISTINCT c FROM sbtest2 WHERE id BETWEEN 9684502 AND 9684601 ORDER BY c
	Unique  (cost=400.57..401.07 rows=101 width=121)
	  ->  Sort  (cost=400.57..400.82 rows=101 width=121)
	        Sort Key: c
	        ->  Index Scan using sbtest2_pkey on sbtest2  (cost=0.43..397.21 rows=101 width=121)
	              Index Cond: ((id >= 9684502) AND (id <= 9684601))

table 3 : explain SELECT DISTINCT c FROM sbtest3 WHERE id BETWEEN 3119234 AND 3119333 ORDER BY c
	Unique  (cost=398.87..399.37 rows=101 width=121)
	  ->  Sort  (cost=398.87..399.12 rows=101 width=121)
	        Sort Key: c
	        ->  Index Scan using sbtest3_pkey on sbtest3  (cost=0.43..395.50 rows=101 width=121)
	              Index Cond: ((id >= 3119234) AND (id <= 3119333))

table 4 : explain SELECT DISTINCT c FROM sbtest4 WHERE id BETWEEN 6614174 AND 6614273 ORDER BY c
	Unique  (cost=396.31..396.81 rows=100 width=121)
	  ->  Sort  (cost=396.31..396.56 rows=100 width=121)
	        Sort Key: c
	        ->  Index Scan using sbtest4_pkey on sbtest4  (cost=0.43..392.99 rows=100 width=121)
	              Index Cond: ((id >= 6614174) AND (id <= 6614273))

table 5 : explain SELECT DISTINCT c FROM sbtest5 WHERE id BETWEEN 9601634 AND 9601733 ORDER BY c
	Unique  (cost=414.70..415.22 rows=105 width=121)
	  ->  Sort  (cost=414.70..414.96 rows=105 width=121)
	        Sort Key: c
	        ->  Index Scan using sbtest5_pkey on sbtest5  (cost=0.43..411.17 rows=105 width=121)
	              Index Cond: ((id >= 9601634) AND (id <= 9601733))

table 6 : explain SELECT DISTINCT c FROM sbtest6 WHERE id BETWEEN 4572989 AND 4573088 ORDER BY c
	Unique  (cost=395.49..395.99 rows=100 width=121)
	  ->  Sort  (cost=395.49..395.74 rows=100 width=121)
	        Sort Key: c
	        ->  Index Scan using sbtest6_pkey on sbtest6  (cost=0.43..392.17 rows=100 width=121)
	              Index Cond: ((id >= 4572989) AND (id <= 4573088))

table 7 : explain SELECT DISTINCT c FROM sbtest7 WHERE id BETWEEN 2969710 AND 2969809 ORDER BY c
	Unique  (cost=378.14..378.62 rows=96 width=121)
	  ->  Sort  (cost=378.14..378.38 rows=96 width=121)
	        Sort Key: c
	        ->  Index Scan using sbtest7_pkey on sbtest7  (cost=0.43..374.98 rows=96 width=121)
	              Index Cond: ((id >= 2969710) AND (id <= 2969809))

table 8 : explain SELECT DISTINCT c FROM sbtest8 WHERE id BETWEEN 1154622 AND 1154721 ORDER BY c
	Unique  (cost=378.56..379.04 rows=96 width=121)
	  ->  Sort  (cost=378.56..378.80 rows=96 width=121)
	        Sort Key: c
	        ->  Index Scan using sbtest8_pkey on sbtest8  (cost=0.43..375.40 rows=96 width=121)
	              Index Cond: ((id >= 1154622) AND (id <= 1154721))

explain: for deletes :: explain DELETE FROM sbtest%u WHERE id=%u
for: sum_ranges
table 1 : explain SELECT SUM(k) FROM sbtest1 WHERE id BETWEEN 4106820 AND 4106919
	Aggregate  (cost=427.62..427.63 rows=1 width=8)
	  ->  Index Scan using sbtest1_pkey on sbtest1  (cost=0.43..427.35 rows=109 width=4)
	        Index Cond: ((id >= 4106820) AND (id <= 4106919))

table 2 : explain SELECT SUM(k) FROM sbtest2 WHERE id BETWEEN 5152780 AND 5152879
	Aggregate  (cost=420.79..420.80 rows=1 width=8)
	  ->  Index Scan using sbtest2_pkey on sbtest2  (cost=0.43..420.53 rows=107 width=4)
	        Index Cond: ((id >= 5152780) AND (id <= 5152879))

table 3 : explain SELECT SUM(k) FROM sbtest3 WHERE id BETWEEN 4536146 AND 4536245
	Aggregate  (cost=384.10..384.11 rows=1 width=8)
	  ->  Index Scan using sbtest3_pkey on sbtest3  (cost=0.43..383.86 rows=98 width=4)
	        Index Cond: ((id >= 4536146) AND (id <= 4536245))

table 4 : explain SELECT SUM(k) FROM sbtest4 WHERE id BETWEEN 7136087 AND 7136186
	Aggregate  (cost=412.67..412.68 rows=1 width=8)
	  ->  Index Scan using sbtest4_pkey on sbtest4  (cost=0.43..412.40 rows=105 width=4)
	        Index Cond: ((id >= 7136087) AND (id <= 7136186))

table 5 : explain SELECT SUM(k) FROM sbtest5 WHERE id BETWEEN 7902868 AND 7902967
	Aggregate  (cost=392.07..392.08 rows=1 width=8)
	  ->  Index Scan using sbtest5_pkey on sbtest5  (cost=0.43..391.82 rows=100 width=4)
	        Index Cond: ((id >= 7902868) AND (id <= 7902967))

table 6 : explain SELECT SUM(k) FROM sbtest6 WHERE id BETWEEN 9310312 AND 9310411
	Aggregate  (cost=380.75..380.76 rows=1 width=8)
	  ->  Index Scan using sbtest6_pkey on sbtest6  (cost=0.43..380.51 rows=97 width=4)
	        Index Cond: ((id >= 9310312) AND (id <= 9310411))

table 7 : explain SELECT SUM(k) FROM sbtest7 WHERE id BETWEEN 5955242 AND 5955341
	Aggregate  (cost=394.56..394.57 rows=1 width=8)
	  ->  Index Scan using sbtest7_pkey on sbtest7  (cost=0.43..394.31 rows=101 width=4)
	        Index Cond: ((id >= 5955242) AND (id <= 5955341))

table 8 : explain SELECT SUM(k) FROM sbtest8 WHERE id BETWEEN 5564624 AND 5564723
	Aggregate  (cost=379.50..379.51 rows=1 width=8)
	  ->  Index Scan using sbtest8_pkey on sbtest8  (cost=0.43..379.26 rows=97 width=4)
	        Index Cond: ((id >= 5564624) AND (id <= 5564723))

for deletes
table 1 : explain DELETE FROM sbtest1 WHERE id=9263618
	Delete on sbtest1  (cost=0.43..8.45 rows=0 width=0)
	  ->  Index Scan using sbtest1_pkey on sbtest1  (cost=0.43..8.45 rows=1 width=6)
	        Index Cond: (id = 9263618)

table 2 : explain DELETE FROM sbtest2 WHERE id=8989276
	Delete on sbtest2  (cost=0.43..8.45 rows=0 width=0)
	  ->  Index Scan using sbtest2_pkey on sbtest2  (cost=0.43..8.45 rows=1 width=6)
	        Index Cond: (id = 8989276)

table 3 : explain DELETE FROM sbtest3 WHERE id=821018
	Delete on sbtest3  (cost=0.43..8.45 rows=0 width=0)
	  ->  Index Scan using sbtest3_pkey on sbtest3  (cost=0.43..8.45 rows=1 width=6)
	        Index Cond: (id = 821018)

table 4 : explain DELETE FROM sbtest4 WHERE id=2562745
	Delete on sbtest4  (cost=0.43..8.45 rows=0 width=0)
	  ->  Index Scan using sbtest4_pkey on sbtest4  (cost=0.43..8.45 rows=1 width=6)
	        Index Cond: (id = 2562745)

table 5 : explain DELETE FROM sbtest5 WHERE id=3529586
	Delete on sbtest5  (cost=0.43..8.45 rows=0 width=0)
	  ->  Index Scan using sbtest5_pkey on sbtest5  (cost=0.43..8.45 rows=1 width=6)
	        Index Cond: (id = 3529586)

table 6 : explain DELETE FROM sbtest6 WHERE id=974008
	Delete on sbtest6  (cost=0.43..8.45 rows=0 width=0)
	  ->  Index Scan using sbtest6_pkey on sbtest6  (cost=0.43..8.45 rows=1 width=6)
	        Index Cond: (id = 974008)

table 7 : explain DELETE FROM sbtest7 WHERE id=7237500
	Delete on sbtest7  (cost=0.43..8.45 rows=0 width=0)
	  ->  Index Scan using sbtest7_pkey on sbtest7  (cost=0.43..8.45 rows=1 width=6)
	        Index Cond: (id = 7237500)

table 8 : explain DELETE FROM sbtest8 WHERE id=3407510
	Delete on sbtest8  (cost=0.43..8.45 rows=0 width=0)
	  ->  Index Scan using sbtest8_pkey on sbtest8  (cost=0.43..8.45 rows=1 width=6)
	        Index Cond: (id = 3407510)

explain: for deletes :: explain DELETE FROM sbtest%u WHERE id=%u
for: simple_ranges
table 1 : explain SELECT c FROM sbtest1 WHERE id BETWEEN 5613743 AND 5613842
	Index Scan using sbtest1_pkey on sbtest1  (cost=0.43..438.98 rows=112 width=121)
	  Index Cond: ((id >= 5613743) AND (id <= 5613842))

table 2 : explain SELECT c FROM sbtest2 WHERE id BETWEEN 3464697 AND 3464796
	Index Scan using sbtest2_pkey on sbtest2  (cost=0.43..397.21 rows=101 width=121)
	  Index Cond: ((id >= 3464697) AND (id <= 3464796))

table 3 : explain SELECT c FROM sbtest3 WHERE id BETWEEN 7278032 AND 7278131
	Index Scan using sbtest3_pkey on sbtest3  (cost=0.43..379.99 rows=97 width=121)
	  Index Cond: ((id >= 7278032) AND (id <= 7278131))

table 4 : explain SELECT c FROM sbtest4 WHERE id BETWEEN 6535091 AND 6535190
	Index Scan using sbtest4_pkey on sbtest4  (cost=0.43..416.29 rows=106 width=121)
	  Index Cond: ((id >= 6535091) AND (id <= 6535190))

table 5 : explain SELECT c FROM sbtest5 WHERE id BETWEEN 7191826 AND 7191925
	Index Scan using sbtest5_pkey on sbtest5  (cost=0.43..384.04 rows=98 width=121)
	  Index Cond: ((id >= 7191826) AND (id <= 7191925))

table 6 : explain SELECT c FROM sbtest6 WHERE id BETWEEN 7217661 AND 7217760
	Index Scan using sbtest6_pkey on sbtest6  (cost=0.43..458.04 rows=117 width=121)
	  Index Cond: ((id >= 7217661) AND (id <= 7217760))

table 7 : explain SELECT c FROM sbtest7 WHERE id BETWEEN 8036813 AND 8036912
	Index Scan using sbtest7_pkey on sbtest7  (cost=0.43..432.88 rows=111 width=121)
	  Index Cond: ((id >= 8036813) AND (id <= 8036912))

table 8 : explain SELECT c FROM sbtest8 WHERE id BETWEEN 7466214 AND 7466313
	Index Scan using sbtest8_pkey on sbtest8  (cost=0.43..406.33 rows=104 width=121)
	  Index Cond: ((id >= 7466214) AND (id <= 7466313))

explain: for index_updates :: explain UPDATE sbtest%u SET k=k+1 WHERE id=%u
for deletes
table 1 : explain DELETE FROM sbtest1 WHERE id=3429774
	Delete on sbtest1  (cost=0.43..8.45 rows=0 width=0)
	  ->  Index Scan using sbtest1_pkey on sbtest1  (cost=0.43..8.45 rows=1 width=6)
	        Index Cond: (id = 3429774)

table 2 : explain DELETE FROM sbtest2 WHERE id=448600
	Delete on sbtest2  (cost=0.43..8.45 rows=0 width=0)
	  ->  Index Scan using sbtest2_pkey on sbtest2  (cost=0.43..8.45 rows=1 width=6)
	        Index Cond: (id = 448600)

table 3 : explain DELETE FROM sbtest3 WHERE id=2105555
	Delete on sbtest3  (cost=0.43..8.45 rows=0 width=0)
	  ->  Index Scan using sbtest3_pkey on sbtest3  (cost=0.43..8.45 rows=1 width=6)
	        Index Cond: (id = 2105555)

table 4 : explain DELETE FROM sbtest4 WHERE id=3358114
	Delete on sbtest4  (cost=0.43..8.45 rows=0 width=0)
	  ->  Index Scan using sbtest4_pkey on sbtest4  (cost=0.43..8.45 rows=1 width=6)
	        Index Cond: (id = 3358114)

table 5 : explain DELETE FROM sbtest5 WHERE id=3609131
	Delete on sbtest5  (cost=0.43..8.45 rows=0 width=0)
	  ->  Index Scan using sbtest5_pkey on sbtest5  (cost=0.43..8.45 rows=1 width=6)
	        Index Cond: (id = 3609131)

table 6 : explain DELETE FROM sbtest6 WHERE id=83519
	Delete on sbtest6  (cost=0.43..8.45 rows=0 width=0)
	  ->  Index Scan using sbtest6_pkey on sbtest6  (cost=0.43..8.45 rows=1 width=6)
	        Index Cond: (id = 83519)

table 7 : explain DELETE FROM sbtest7 WHERE id=4819416
	Delete on sbtest7  (cost=0.43..8.45 rows=0 width=0)
	  ->  Index Scan using sbtest7_pkey on sbtest7  (cost=0.43..8.45 rows=1 width=6)
	        Index Cond: (id = 4819416)

table 8 : explain DELETE FROM sbtest8 WHERE id=6413493
	Delete on sbtest8  (cost=0.43..8.45 rows=0 width=0)
	  ->  Index Scan using sbtest8_pkey on sbtest8  (cost=0.43..8.45 rows=1 width=6)
	        Index Cond: (id = 6413493)

for deletes
table 1 : explain DELETE FROM sbtest1 WHERE id=2601464
	Delete on sbtest1  (cost=0.43..8.45 rows=0 width=0)
	  ->  Index Scan using sbtest1_pkey on sbtest1  (cost=0.43..8.45 rows=1 width=6)
	        Index Cond: (id = 2601464)

table 2 : explain DELETE FROM sbtest2 WHERE id=4034974
	Delete on sbtest2  (cost=0.43..8.45 rows=0 width=0)
	  ->  Index Scan using sbtest2_pkey on sbtest2  (cost=0.43..8.45 rows=1 width=6)
	        Index Cond: (id = 4034974)

table 3 : explain DELETE FROM sbtest3 WHERE id=2413737
	Delete on sbtest3  (cost=0.43..8.45 rows=0 width=0)
	  ->  Index Scan using sbtest3_pkey on sbtest3  (cost=0.43..8.45 rows=1 width=6)
	        Index Cond: (id = 2413737)

table 4 : explain DELETE FROM sbtest4 WHERE id=137235
	Delete on sbtest4  (cost=0.43..8.45 rows=0 width=0)
	  ->  Index Scan using sbtest4_pkey on sbtest4  (cost=0.43..8.45 rows=1 width=6)
	        Index Cond: (id = 137235)

table 5 : explain DELETE FROM sbtest5 WHERE id=7377772
	Delete on sbtest5  (cost=0.43..8.45 rows=0 width=0)
	  ->  Index Scan using sbtest5_pkey on sbtest5  (cost=0.43..8.45 rows=1 width=6)
	        Index Cond: (id = 7377772)

table 6 : explain DELETE FROM sbtest6 WHERE id=9668601
	Delete on sbtest6  (cost=0.43..8.45 rows=0 width=0)
	  ->  Index Scan using sbtest6_pkey on sbtest6  (cost=0.43..8.45 rows=1 width=6)
	        Index Cond: (id = 9668601)

table 7 : explain DELETE FROM sbtest7 WHERE id=1647188
	Delete on sbtest7  (cost=0.43..8.45 rows=0 width=0)
	  ->  Index Scan using sbtest7_pkey on sbtest7  (cost=0.43..8.45 rows=1 width=6)
	        Index Cond: (id = 1647188)

table 8 : explain DELETE FROM sbtest8 WHERE id=7673960
	Delete on sbtest8  (cost=0.43..8.45 rows=0 width=0)
	  ->  Index Scan using sbtest8_pkey on sbtest8  (cost=0.43..8.45 rows=1 width=6)
	        Index Cond: (id = 7673960)

explain: for inserts :: explain INSERT INTO sbtest%u (id, k, c, pad) VALUES (%u, 13, 'foobar', 'foobar')
for non_index_updates
table 1 : explain UPDATE sbtest1 SET c='foobar' WHERE id=7926097
	Update on sbtest1  (cost=0.43..8.45 rows=0 width=0)
	  ->  Index Scan using sbtest1_pkey on sbtest1  (cost=0.43..8.45 rows=1 width=490)
	        Index Cond: (id = 7926097)

table 2 : explain UPDATE sbtest2 SET c='foobar' WHERE id=5015052
	Update on sbtest2  (cost=0.43..8.45 rows=0 width=0)
	  ->  Index Scan using sbtest2_pkey on sbtest2  (cost=0.43..8.45 rows=1 width=490)
	        Index Cond: (id = 5015052)

table 3 : explain UPDATE sbtest3 SET c='foobar' WHERE id=8535253
	Update on sbtest3  (cost=0.43..8.45 rows=0 width=0)
	  ->  Index Scan using sbtest3_pkey on sbtest3  (cost=0.43..8.45 rows=1 width=490)
	        Index Cond: (id = 8535253)

table 4 : explain UPDATE sbtest4 SET c='foobar' WHERE id=1060655
	Update on sbtest4  (cost=0.43..8.45 rows=0 width=0)
	  ->  Index Scan using sbtest4_pkey on sbtest4  (cost=0.43..8.45 rows=1 width=490)
	        Index Cond: (id = 1060655)

table 5 : explain UPDATE sbtest5 SET c='foobar' WHERE id=273758
	Update on sbtest5  (cost=0.43..8.45 rows=0 width=0)
	  ->  Index Scan using sbtest5_pkey on sbtest5  (cost=0.43..8.45 rows=1 width=490)
	        Index Cond: (id = 273758)

table 6 : explain UPDATE sbtest6 SET c='foobar' WHERE id=5844143
	Update on sbtest6  (cost=0.43..8.45 rows=0 width=0)
	  ->  Index Scan using sbtest6_pkey on sbtest6  (cost=0.43..8.45 rows=1 width=490)
	        Index Cond: (id = 5844143)

table 7 : explain UPDATE sbtest7 SET c='foobar' WHERE id=4911898
	Update on sbtest7  (cost=0.43..8.45 rows=0 width=0)
	  ->  Index Scan using sbtest7_pkey on sbtest7  (cost=0.43..8.45 rows=1 width=490)
	        Index Cond: (id = 4911898)

table 8 : explain UPDATE sbtest8 SET c='foobar' WHERE id=9057752
	Update on sbtest8  (cost=0.43..8.45 rows=0 width=0)
	  ->  Index Scan using sbtest8_pkey on sbtest8  (cost=0.43..8.45 rows=1 width=490)
	        Index Cond: (id = 9057752)

for deletes
table 1 : explain DELETE FROM sbtest1 WHERE id=3604085
	Delete on sbtest1  (cost=0.43..8.45 rows=0 width=0)
	  ->  Index Scan using sbtest1_pkey on sbtest1  (cost=0.43..8.45 rows=1 width=6)
	        Index Cond: (id = 3604085)

table 2 : explain DELETE FROM sbtest2 WHERE id=3372040
	Delete on sbtest2  (cost=0.43..8.45 rows=0 width=0)
	  ->  Index Scan using sbtest2_pkey on sbtest2  (cost=0.43..8.45 rows=1 width=6)
	        Index Cond: (id = 3372040)

table 3 : explain DELETE FROM sbtest3 WHERE id=3090758
	Delete on sbtest3  (cost=0.43..8.45 rows=0 width=0)
	  ->  Index Scan using sbtest3_pkey on sbtest3  (cost=0.43..8.45 rows=1 width=6)
	        Index Cond: (id = 3090758)

table 4 : explain DELETE FROM sbtest4 WHERE id=7857172
	Delete on sbtest4  (cost=0.43..8.45 rows=0 width=0)
	  ->  Index Scan using sbtest4_pkey on sbtest4  (cost=0.43..8.45 rows=1 width=6)
	        Index Cond: (id = 7857172)

table 5 : explain DELETE FROM sbtest5 WHERE id=4490231
	Delete on sbtest5  (cost=0.43..8.45 rows=0 width=0)
	  ->  Index Scan using sbtest5_pkey on sbtest5  (cost=0.43..8.45 rows=1 width=6)
	        Index Cond: (id = 4490231)

table 6 : explain DELETE FROM sbtest6 WHERE id=2571195
	Delete on sbtest6  (cost=0.43..8.45 rows=0 width=0)
	  ->  Index Scan using sbtest6_pkey on sbtest6  (cost=0.43..8.45 rows=1 width=6)
	        Index Cond: (id = 2571195)

table 7 : explain DELETE FROM sbtest7 WHERE id=3758096
	Delete on sbtest7  (cost=0.43..8.45 rows=0 width=0)
	  ->  Index Scan using sbtest7_pkey on sbtest7  (cost=0.43..8.45 rows=1 width=6)
	        Index Cond: (id = 3758096)

table 8 : explain DELETE FROM sbtest8 WHERE id=3431159
	Delete on sbtest8  (cost=0.43..8.45 rows=0 width=0)
	  ->  Index Scan using sbtest8_pkey on sbtest8  (cost=0.43..8.45 rows=1 width=6)
	        Index Cond: (id = 3431159)

for deletes
table 1 : explain DELETE FROM sbtest1 WHERE id=9815072
	Delete on sbtest1  (cost=0.43..8.45 rows=0 width=0)
	  ->  Index Scan using sbtest1_pkey on sbtest1  (cost=0.43..8.45 rows=1 width=6)
	        Index Cond: (id = 9815072)

table 2 : explain DELETE FROM sbtest2 WHERE id=804800
	Delete on sbtest2  (cost=0.43..8.45 rows=0 width=0)
	  ->  Index Scan using sbtest2_pkey on sbtest2  (cost=0.43..8.45 rows=1 width=6)
	        Index Cond: (id = 804800)

table 3 : explain DELETE FROM sbtest3 WHERE id=1098154
	Delete on sbtest3  (cost=0.43..8.45 rows=0 width=0)
	  ->  Index Scan using sbtest3_pkey on sbtest3  (cost=0.43..8.45 rows=1 width=6)
	        Index Cond: (id = 1098154)

table 4 : explain DELETE FROM sbtest4 WHERE id=964820
	Delete on sbtest4  (cost=0.43..8.45 rows=0 width=0)
	  ->  Index Scan using sbtest4_pkey on sbtest4  (cost=0.43..8.45 rows=1 width=6)
	        Index Cond: (id = 964820)

table 5 : explain DELETE FROM sbtest5 WHERE id=1994661
	Delete on sbtest5  (cost=0.43..8.45 rows=0 width=0)
	  ->  Index Scan using sbtest5_pkey on sbtest5  (cost=0.43..8.45 rows=1 width=6)
	        Index Cond: (id = 1994661)

table 6 : explain DELETE FROM sbtest6 WHERE id=4451649
	Delete on sbtest6  (cost=0.43..8.45 rows=0 width=0)
	  ->  Index Scan using sbtest6_pkey on sbtest6  (cost=0.43..8.45 rows=1 width=6)
	        Index Cond: (id = 4451649)

table 7 : explain DELETE FROM sbtest7 WHERE id=9232898
	Delete on sbtest7  (cost=0.43..8.45 rows=0 width=0)
	  ->  Index Scan using sbtest7_pkey on sbtest7  (cost=0.43..8.45 rows=1 width=6)
	        Index Cond: (id = 9232898)

table 8 : explain DELETE FROM sbtest8 WHERE id=8097580
	Delete on sbtest8  (cost=0.43..8.45 rows=0 width=0)
	  ->  Index Scan using sbtest8_pkey on sbtest8  (cost=0.43..8.45 rows=1 width=6)
	        Index Cond: (id = 8097580)

for index_updates
table 1 : explain UPDATE sbtest1 SET k=k+1 WHERE id=4647396
	Update on sbtest1  (cost=0.43..8.46 rows=0 width=0)
	  ->  Index Scan using sbtest1_pkey on sbtest1  (cost=0.43..8.46 rows=1 width=10)
	        Index Cond: (id = 4647396)

table 2 : explain UPDATE sbtest2 SET k=k+1 WHERE id=6447923
	Update on sbtest2  (cost=0.43..8.46 rows=0 width=0)
	  ->  Index Scan using sbtest2_pkey on sbtest2  (cost=0.43..8.46 rows=1 width=10)
	        Index Cond: (id = 6447923)

table 3 : explain UPDATE sbtest3 SET k=k+1 WHERE id=5571821
	Update on sbtest3  (cost=0.43..8.46 rows=0 width=0)
	  ->  Index Scan using sbtest3_pkey on sbtest3  (cost=0.43..8.46 rows=1 width=10)
	        Index Cond: (id = 5571821)

table 4 : explain UPDATE sbtest4 SET k=k+1 WHERE id=3109089
	Update on sbtest4  (cost=0.43..8.46 rows=0 width=0)
	  ->  Index Scan using sbtest4_pkey on sbtest4  (cost=0.43..8.46 rows=1 width=10)
	        Index Cond: (id = 3109089)

table 5 : explain UPDATE sbtest5 SET k=k+1 WHERE id=7363076
	Update on sbtest5  (cost=0.43..8.46 rows=0 width=0)
	  ->  Index Scan using sbtest5_pkey on sbtest5  (cost=0.43..8.46 rows=1 width=10)
	        Index Cond: (id = 7363076)

table 6 : explain UPDATE sbtest6 SET k=k+1 WHERE id=8995444
	Update on sbtest6  (cost=0.43..8.46 rows=0 width=0)
	  ->  Index Scan using sbtest6_pkey on sbtest6  (cost=0.43..8.46 rows=1 width=10)
	        Index Cond: (id = 8995444)

table 7 : explain UPDATE sbtest7 SET k=k+1 WHERE id=1028040
	Update on sbtest7  (cost=0.43..8.46 rows=0 width=0)
	  ->  Index Scan using sbtest7_pkey on sbtest7  (cost=0.43..8.46 rows=1 width=10)
	        Index Cond: (id = 1028040)

table 8 : explain UPDATE sbtest8 SET k=k+1 WHERE id=7656276
	Update on sbtest8  (cost=0.43..8.46 rows=0 width=0)
	  ->  Index Scan using sbtest8_pkey on sbtest8  (cost=0.43..8.46 rows=1 width=10)
	        Index Cond: (id = 7656276)

for inserts
table 1 : explain INSERT INTO sbtest1 (id, k, c, pad) VALUES (6281431, 13, 'foobar', 'foobar')
	Insert on sbtest1  (cost=0.00..0.01 rows=0 width=0)
	  ->  Result  (cost=0.00..0.01 rows=1 width=736)

table 2 : explain INSERT INTO sbtest2 (id, k, c, pad) VALUES (5185646, 13, 'foobar', 'foobar')
	Insert on sbtest2  (cost=0.00..0.01 rows=0 width=0)
	  ->  Result  (cost=0.00..0.01 rows=1 width=736)

table 3 : explain INSERT INTO sbtest3 (id, k, c, pad) VALUES (4377041, 13, 'foobar', 'foobar')
	Insert on sbtest3  (cost=0.00..0.01 rows=0 width=0)
	  ->  Result  (cost=0.00..0.01 rows=1 width=736)

table 4 : explain INSERT INTO sbtest4 (id, k, c, pad) VALUES (3498390, 13, 'foobar', 'foobar')
	Insert on sbtest4  (cost=0.00..0.01 rows=0 width=0)
	  ->  Result  (cost=0.00..0.01 rows=1 width=736)

table 5 : explain INSERT INTO sbtest5 (id, k, c, pad) VALUES (7248410, 13, 'foobar', 'foobar')
	Insert on sbtest5  (cost=0.00..0.01 rows=0 width=0)
	  ->  Result  (cost=0.00..0.01 rows=1 width=736)

table 6 : explain INSERT INTO sbtest6 (id, k, c, pad) VALUES (4597694, 13, 'foobar', 'foobar')
	Insert on sbtest6  (cost=0.00..0.01 rows=0 width=0)
	  ->  Result  (cost=0.00..0.01 rows=1 width=736)

table 7 : explain INSERT INTO sbtest7 (id, k, c, pad) VALUES (3395392, 13, 'foobar', 'foobar')
	Insert on sbtest7  (cost=0.00..0.01 rows=0 width=0)
	  ->  Result  (cost=0.00..0.01 rows=1 width=736)

table 8 : explain INSERT INTO sbtest8 (id, k, c, pad) VALUES (4257752, 13, 'foobar', 'foobar')
	Insert on sbtest8  (cost=0.00..0.01 rows=0 width=0)
	  ->  Result  (cost=0.00..0.01 rows=1 width=736)

explain: for deletes :: explain DELETE FROM sbtest%u WHERE id=%u
explain: for inserts :: explain INSERT INTO sbtest%u (id, k, c, pad) VALUES (%u, 13, 'foobar', 'foobar')
explain: for inserts :: explain INSERT INTO sbtest%u (id, k, c, pad) VALUES (%u, 13, 'foobar', 'foobar')
explain: for point_selects :: explain SELECT c FROM sbtest%u WHERE id=%u
explain: for non_index_updates :: explain UPDATE sbtest%u SET c='foobar' WHERE id=%u
for deletes
table 1 : explain DELETE FROM sbtest1 WHERE id=5760891
	Delete on sbtest1  (cost=0.43..8.45 rows=0 width=0)
	  ->  Index Scan using sbtest1_pkey on sbtest1  (cost=0.43..8.45 rows=1 width=6)
	        Index Cond: (id = 5760891)

table 2 : explain DELETE FROM sbtest2 WHERE id=8682709
	Delete on sbtest2  (cost=0.43..8.45 rows=0 width=0)
	  ->  Index Scan using sbtest2_pkey on sbtest2  (cost=0.43..8.45 rows=1 width=6)
	        Index Cond: (id = 8682709)

table 3 : explain DELETE FROM sbtest3 WHERE id=5693077
	Delete on sbtest3  (cost=0.43..8.45 rows=0 width=0)
	  ->  Index Scan using sbtest3_pkey on sbtest3  (cost=0.43..8.45 rows=1 width=6)
	        Index Cond: (id = 5693077)

table 4 : explain DELETE FROM sbtest4 WHERE id=4014214
	Delete on sbtest4  (cost=0.43..8.45 rows=0 width=0)
	  ->  Index Scan using sbtest4_pkey on sbtest4  (cost=0.43..8.45 rows=1 width=6)
	        Index Cond: (id = 4014214)

table 5 : explain DELETE FROM sbtest5 WHERE id=3334531
	Delete on sbtest5  (cost=0.43..8.45 rows=0 width=0)
	  ->  Index Scan using sbtest5_pkey on sbtest5  (cost=0.43..8.45 rows=1 width=6)
	        Index Cond: (id = 3334531)

table 6 : explain DELETE FROM sbtest6 WHERE id=3462254
	Delete on sbtest6  (cost=0.43..8.45 rows=0 width=0)
	  ->  Index Scan using sbtest6_pkey on sbtest6  (cost=0.43..8.45 rows=1 width=6)
	        Index Cond: (id = 3462254)

table 7 : explain DELETE FROM sbtest7 WHERE id=4176731
	Delete on sbtest7  (cost=0.43..8.45 rows=0 width=0)
	  ->  Index Scan using sbtest7_pkey on sbtest7  (cost=0.43..8.45 rows=1 width=6)
	        Index Cond: (id = 4176731)

table 8 : explain DELETE FROM sbtest8 WHERE id=6964777
	Delete on sbtest8  (cost=0.43..8.45 rows=0 width=0)
	  ->  Index Scan using sbtest8_pkey on sbtest8  (cost=0.43..8.45 rows=1 width=6)
	        Index Cond: (id = 6964777)

for: distinct_ranges
table 1 : explain SELECT DISTINCT c FROM sbtest1 WHERE id BETWEEN 7280870 AND 7280969 ORDER BY c
	Unique  (cost=383.99..384.47 rows=97 width=121)
	  ->  Sort  (cost=383.99..384.23 rows=97 width=121)
	        Sort Key: c
	        ->  Index Scan using sbtest1_pkey on sbtest1  (cost=0.43..380.78 rows=97 width=121)
	              Index Cond: ((id >= 7280870) AND (id <= 7280969))

table 2 : explain SELECT DISTINCT c FROM sbtest2 WHERE id BETWEEN 5464237 AND 5464336 ORDER BY c
	Unique  (cost=408.42..408.94 rows=103 width=121)
	  ->  Sort  (cost=408.42..408.68 rows=103 width=121)
	        Sort Key: c
	        ->  Index Scan using sbtest2_pkey on sbtest2  (cost=0.43..404.98 rows=103 width=121)
	              Index Cond: ((id >= 5464237) AND (id <= 5464336))

table 3 : explain SELECT DISTINCT c FROM sbtest3 WHERE id BETWEEN 9749767 AND 9749866 ORDER BY c
	Unique  (cost=371.46..371.93 rows=94 width=121)
	  ->  Sort  (cost=371.46..371.70 rows=94 width=121)
	        Sort Key: c
	        ->  Index Scan using sbtest3_pkey on sbtest3  (cost=0.43..368.38 rows=94 width=121)
	              Index Cond: ((id >= 9749767) AND (id <= 9749866))

table 4 : explain SELECT DISTINCT c FROM sbtest4 WHERE id BETWEEN 28761 AND 28860 ORDER BY c
	Unique  (cost=384.51..384.99 rows=97 width=121)
	  ->  Sort  (cost=384.51..384.75 rows=97 width=121)
	        Sort Key: c
	        ->  Index Scan using sbtest4_pkey on sbtest4  (cost=0.43..381.31 rows=97 width=121)
	              Index Cond: ((id >= 28761) AND (id <= 28860))

table 5 : explain SELECT DISTINCT c FROM sbtest5 WHERE id BETWEEN 9064003 AND 9064102 ORDER BY c
	Unique  (cost=367.72..368.19 rows=93 width=121)
	  ->  Sort  (cost=367.72..367.95 rows=93 width=121)
	        Sort Key: c
	        ->  Index Scan using sbtest5_pkey on sbtest5  (cost=0.43..364.68 rows=93 width=121)
	              Index Cond: ((id >= 9064003) AND (id <= 9064102))

table 6 : explain SELECT DISTINCT c FROM sbtest6 WHERE id BETWEEN 5119509 AND 5119608 ORDER BY c
	Unique  (cost=379.79..380.27 rows=96 width=121)
	  ->  Sort  (cost=379.79..380.03 rows=96 width=121)
	        Sort Key: c
	        ->  Index Scan using sbtest6_pkey on sbtest6  (cost=0.43..376.63 rows=96 width=121)
	              Index Cond: ((id >= 5119509) AND (id <= 5119608))

table 7 : explain SELECT DISTINCT c FROM sbtest7 WHERE id BETWEEN 6072418 AND 6072517 ORDER BY c
	Unique  (cost=378.14..378.62 rows=96 width=121)
	  ->  Sort  (cost=378.14..378.38 rows=96 width=121)
	        Sort Key: c
	        ->  Index Scan using sbtest7_pkey on sbtest7  (cost=0.43..374.98 rows=96 width=121)
	              Index Cond: ((id >= 6072418) AND (id <= 6072517))

table 8 : explain SELECT DISTINCT c FROM sbtest8 WHERE id BETWEEN 402755 AND 402854 ORDER BY c
	Unique  (cost=390.31..390.80 rows=99 width=121)
	  ->  Sort  (cost=390.31..390.55 rows=99 width=121)
	        Sort Key: c
	        ->  Index Scan using sbtest8_pkey on sbtest8  (cost=0.43..387.02 rows=99 width=121)
	              Index Cond: ((id >= 402755) AND (id <= 402854))

explain: for inserts :: explain INSERT INTO sbtest%u (id, k, c, pad) VALUES (%u, 13, 'foobar', 'foobar')
for: order_ranges
table 1 : explain SELECT c FROM sbtest1 WHERE id BETWEEN 2426732 AND 2426831 ORDER BY c
	Sort  (cost=387.90..388.15 rows=98 width=121)
	  Sort Key: c
	  ->  Index Scan using sbtest1_pkey on sbtest1  (cost=0.43..384.66 rows=98 width=121)
	        Index Cond: ((id >= 2426732) AND (id <= 2426831))

table 2 : explain SELECT c FROM sbtest2 WHERE id BETWEEN 7878507 AND 7878606 ORDER BY c
	Sort  (cost=396.61..396.86 rows=100 width=121)
	  Sort Key: c
	  ->  Index Scan using sbtest2_pkey on sbtest2  (cost=0.43..393.29 rows=100 width=121)
	        Index Cond: ((id >= 7878507) AND (id <= 7878606))

table 3 : explain SELECT c FROM sbtest3 WHERE id BETWEEN 5256228 AND 5256327 ORDER BY c
	Sort  (cost=410.60..410.86 rows=104 width=121)
	  Sort Key: c
	  ->  Index Scan using sbtest3_pkey on sbtest3  (cost=0.43..407.11 rows=104 width=121)
	        Index Cond: ((id >= 5256228) AND (id <= 5256327))

table 4 : explain SELECT c FROM sbtest4 WHERE id BETWEEN 4309069 AND 4309168 ORDER BY c
	Sort  (cost=404.16..404.41 rows=102 width=121)
	  Sort Key: c
	  ->  Index Scan using sbtest4_pkey on sbtest4  (cost=0.43..400.76 rows=102 width=121)
	        Index Cond: ((id >= 4309069) AND (id <= 4309168))

table 5 : explain SELECT c FROM sbtest5 WHERE id BETWEEN 6986706 AND 6986805 ORDER BY c
	Sort  (cost=395.14..395.39 rows=100 width=121)
	  Sort Key: c
	  ->  Index Scan using sbtest5_pkey on sbtest5  (cost=0.43..391.82 rows=100 width=121)
	        Index Cond: ((id >= 6986706) AND (id <= 6986805))

table 6 : explain SELECT c FROM sbtest6 WHERE id BETWEEN 708407 AND 708506 ORDER BY c
	Sort  (cost=418.98..419.25 rows=106 width=121)
	  Sort Key: c
	  ->  Index Scan using sbtest6_pkey on sbtest6  (cost=0.43..415.42 rows=106 width=121)
	        Index Cond: ((id >= 708407) AND (id <= 708506))

table 7 : explain SELECT c FROM sbtest7 WHERE id BETWEEN 6014728 AND 6014827 ORDER BY c
	Sort  (cost=378.14..378.38 rows=96 width=121)
	  Sort Key: c
	  ->  Index Scan using sbtest7_pkey on sbtest7  (cost=0.43..374.98 rows=96 width=121)
	        Index Cond: ((id >= 6014728) AND (id <= 6014827))

table 8 : explain SELECT c FROM sbtest8 WHERE id BETWEEN 9625604 AND 9625703 ORDER BY c
	Sort  (cost=402.01..402.27 rows=102 width=121)
	  Sort Key: c
	  ->  Index Scan using sbtest8_pkey on sbtest8  (cost=0.43..398.61 rows=102 width=121)
	        Index Cond: ((id >= 9625604) AND (id <= 9625703))

explain: for inserts :: explain INSERT INTO sbtest%u (id, k, c, pad) VALUES (%u, 13, 'foobar', 'foobar')
for inserts
table 1 : explain INSERT INTO sbtest1 (id, k, c, pad) VALUES (2046368, 13, 'foobar', 'foobar')
	Insert on sbtest1  (cost=0.00..0.01 rows=0 width=0)
	  ->  Result  (cost=0.00..0.01 rows=1 width=736)

table 2 : explain INSERT INTO sbtest2 (id, k, c, pad) VALUES (1225166, 13, 'foobar', 'foobar')
	Insert on sbtest2  (cost=0.00..0.01 rows=0 width=0)
	  ->  Result  (cost=0.00..0.01 rows=1 width=736)

table 3 : explain INSERT INTO sbtest3 (id, k, c, pad) VALUES (9045171, 13, 'foobar', 'foobar')
	Insert on sbtest3  (cost=0.00..0.01 rows=0 width=0)
	  ->  Result  (cost=0.00..0.01 rows=1 width=736)

table 4 : explain INSERT INTO sbtest4 (id, k, c, pad) VALUES (2100348, 13, 'foobar', 'foobar')
	Insert on sbtest4  (cost=0.00..0.01 rows=0 width=0)
	  ->  Result  (cost=0.00..0.01 rows=1 width=736)

table 5 : explain INSERT INTO sbtest5 (id, k, c, pad) VALUES (7486189, 13, 'foobar', 'foobar')
	Insert on sbtest5  (cost=0.00..0.01 rows=0 width=0)
	  ->  Result  (cost=0.00..0.01 rows=1 width=736)

table 6 : explain INSERT INTO sbtest6 (id, k, c, pad) VALUES (9192034, 13, 'foobar', 'foobar')
	Insert on sbtest6  (cost=0.00..0.01 rows=0 width=0)
	  ->  Result  (cost=0.00..0.01 rows=1 width=736)

table 7 : explain INSERT INTO sbtest7 (id, k, c, pad) VALUES (7663826, 13, 'foobar', 'foobar')
	Insert on sbtest7  (cost=0.00..0.01 rows=0 width=0)
	  ->  Result  (cost=0.00..0.01 rows=1 width=736)

table 8 : explain INSERT INTO sbtest8 (id, k, c, pad) VALUES (4615768, 13, 'foobar', 'foobar')
	Insert on sbtest8  (cost=0.00..0.01 rows=0 width=0)
	  ->  Result  (cost=0.00..0.01 rows=1 width=736)

for: order_ranges
table 1 : explain SELECT c FROM sbtest1 WHERE id BETWEEN 4757413 AND 4757512 ORDER BY c
	Sort  (cost=419.28..419.55 rows=106 width=121)
	  Sort Key: c
	  ->  Index Scan using sbtest1_pkey on sbtest1  (cost=0.43..415.72 rows=106 width=121)
	        Index Cond: ((id >= 4757413) AND (id <= 4757512))

table 2 : explain SELECT c FROM sbtest2 WHERE id BETWEEN 4920685 AND 4920784 ORDER BY c
	Sort  (cost=420.21..420.47 rows=106 width=121)
	  Sort Key: c
	  ->  Index Scan using sbtest2_pkey on sbtest2  (cost=0.43..416.64 rows=106 width=121)
	        Index Cond: ((id >= 4920685) AND (id <= 4920784))

table 3 : explain SELECT c FROM sbtest3 WHERE id BETWEEN 7720042 AND 7720141 ORDER BY c
	Sort  (cost=410.60..410.86 rows=104 width=121)
	  Sort Key: c
	  ->  Index Scan using sbtest3_pkey on sbtest3  (cost=0.43..407.11 rows=104 width=121)
	        Index Cond: ((id >= 7720042) AND (id <= 7720141))

table 4 : explain SELECT c FROM sbtest4 WHERE id BETWEEN 6187404 AND 6187503 ORDER BY c
	Sort  (cost=415.93..416.19 rows=105 width=121)
	  Sort Key: c
	  ->  Index Scan using sbtest4_pkey on sbtest4  (cost=0.43..412.40 rows=105 width=121)
	        Index Cond: ((id >= 6187404) AND (id <= 6187503))

table 5 : explain SELECT c FROM sbtest5 WHERE id BETWEEN 9218280 AND 9218379 ORDER BY c
	Sort  (cost=399.05..399.30 rows=101 width=121)
	  Sort Key: c
	  ->  Index Scan using sbtest5_pkey on sbtest5  (cost=0.43..395.69 rows=101 width=121)
	        Index Cond: ((id >= 9218280) AND (id <= 9218379))

table 6 : explain SELECT c FROM sbtest6 WHERE id BETWEEN 8533925 AND 8534024 ORDER BY c
	Sort  (cost=418.98..419.25 rows=106 width=121)
	  Sort Key: c
	  ->  Index Scan using sbtest6_pkey on sbtest6  (cost=0.43..415.42 rows=106 width=121)
	        Index Cond: ((id >= 8533925) AND (id <= 8534024))

table 7 : explain SELECT c FROM sbtest7 WHERE id BETWEEN 9446053 AND 9446152 ORDER BY c
	Sort  (cost=397.67..397.92 rows=101 width=121)
	  Sort Key: c
	  ->  Index Scan using sbtest7_pkey on sbtest7  (cost=0.43..394.31 rows=101 width=121)
	        Index Cond: ((id >= 9446053) AND (id <= 9446152))

table 8 : explain SELECT c FROM sbtest8 WHERE id BETWEEN 5722033 AND 5722132 ORDER BY c
	Sort  (cost=405.91..406.17 rows=103 width=121)
	  Sort Key: c
	  ->  Index Scan using sbtest8_pkey on sbtest8  (cost=0.43..402.47 rows=103 width=121)
	        Index Cond: ((id >= 5722033) AND (id <= 5722132))

for inserts
table 1 : explain INSERT INTO sbtest1 (id, k, c, pad) VALUES (8942511, 13, 'foobar', 'foobar')
	Insert on sbtest1  (cost=0.00..0.01 rows=0 width=0)
	  ->  Result  (cost=0.00..0.01 rows=1 width=736)

table 2 : explain INSERT INTO sbtest2 (id, k, c, pad) VALUES (545197, 13, 'foobar', 'foobar')
	Insert on sbtest2  (cost=0.00..0.01 rows=0 width=0)
	  ->  Result  (cost=0.00..0.01 rows=1 width=736)

table 3 : explain INSERT INTO sbtest3 (id, k, c, pad) VALUES (8670554, 13, 'foobar', 'foobar')
	Insert on sbtest3  (cost=0.00..0.01 rows=0 width=0)
	  ->  Result  (cost=0.00..0.01 rows=1 width=736)

table 4 : explain INSERT INTO sbtest4 (id, k, c, pad) VALUES (4869643, 13, 'foobar', 'foobar')
	Insert on sbtest4  (cost=0.00..0.01 rows=0 width=0)
	  ->  Result  (cost=0.00..0.01 rows=1 width=736)

table 5 : explain INSERT INTO sbtest5 (id, k, c, pad) VALUES (5375485, 13, 'foobar', 'foobar')
	Insert on sbtest5  (cost=0.00..0.01 rows=0 width=0)
	  ->  Result  (cost=0.00..0.01 rows=1 width=736)

table 6 : explain INSERT INTO sbtest6 (id, k, c, pad) VALUES (8511933, 13, 'foobar', 'foobar')
	Insert on sbtest6  (cost=0.00..0.01 rows=0 width=0)
	  ->  Result  (cost=0.00..0.01 rows=1 width=736)

table 7 : explain INSERT INTO sbtest7 (id, k, c, pad) VALUES (5490174, 13, 'foobar', 'foobar')
	Insert on sbtest7  (cost=0.00..0.01 rows=0 width=0)
	  ->  Result  (cost=0.00..0.01 rows=1 width=736)

table 8 : explain INSERT INTO sbtest8 (id, k, c, pad) VALUES (2087453, 13, 'foobar', 'foobar')
	Insert on sbtest8  (cost=0.00..0.01 rows=0 width=0)
	  ->  Result  (cost=0.00..0.01 rows=1 width=736)

for inserts
table 1 : explain INSERT INTO sbtest1 (id, k, c, pad) VALUES (665541, 13, 'foobar', 'foobar')
	Insert on sbtest1  (cost=0.00..0.01 rows=0 width=0)
	  ->  Result  (cost=0.00..0.01 rows=1 width=736)

table 2 : explain INSERT INTO sbtest2 (id, k, c, pad) VALUES (7495505, 13, 'foobar', 'foobar')
	Insert on sbtest2  (cost=0.00..0.01 rows=0 width=0)
	  ->  Result  (cost=0.00..0.01 rows=1 width=736)

table 3 : explain INSERT INTO sbtest3 (id, k, c, pad) VALUES (5063479, 13, 'foobar', 'foobar')
	Insert on sbtest3  (cost=0.00..0.01 rows=0 width=0)
	  ->  Result  (cost=0.00..0.01 rows=1 width=736)

table 4 : explain INSERT INTO sbtest4 (id, k, c, pad) VALUES (2023832, 13, 'foobar', 'foobar')
	Insert on sbtest4  (cost=0.00..0.01 rows=0 width=0)
	  ->  Result  (cost=0.00..0.01 rows=1 width=736)

table 5 : explain INSERT INTO sbtest5 (id, k, c, pad) VALUES (4220423, 13, 'foobar', 'foobar')
	Insert on sbtest5  (cost=0.00..0.01 rows=0 width=0)
	  ->  Result  (cost=0.00..0.01 rows=1 width=736)

table 6 : explain INSERT INTO sbtest6 (id, k, c, pad) VALUES (354987, 13, 'foobar', 'foobar')
	Insert on sbtest6  (cost=0.00..0.01 rows=0 width=0)
	  ->  Result  (cost=0.00..0.01 rows=1 width=736)

table 7 : explain INSERT INTO sbtest7 (id, k, c, pad) VALUES (6016624, 13, 'foobar', 'foobar')
	Insert on sbtest7  (cost=0.00..0.01 rows=0 width=0)
	  ->  Result  (cost=0.00..0.01 rows=1 width=736)

table 8 : explain INSERT INTO sbtest8 (id, k, c, pad) VALUES (9217947, 13, 'foobar', 'foobar')
	Insert on sbtest8  (cost=0.00..0.01 rows=0 width=0)
	  ->  Result  (cost=0.00..0.01 rows=1 width=736)

for non_index_updates
table 1 : explain UPDATE sbtest1 SET c='foobar' WHERE id=8623948
	Update on sbtest1  (cost=0.43..8.45 rows=0 width=0)
	  ->  Index Scan using sbtest1_pkey on sbtest1  (cost=0.43..8.45 rows=1 width=490)
	        Index Cond: (id = 8623948)

table 2 : explain UPDATE sbtest2 SET c='foobar' WHERE id=1784837
	Update on sbtest2  (cost=0.43..8.45 rows=0 width=0)
	  ->  Index Scan using sbtest2_pkey on sbtest2  (cost=0.43..8.45 rows=1 width=490)
	        Index Cond: (id = 1784837)

table 3 : explain UPDATE sbtest3 SET c='foobar' WHERE id=9730496
	Update on sbtest3  (cost=0.43..8.45 rows=0 width=0)
	  ->  Index Scan using sbtest3_pkey on sbtest3  (cost=0.43..8.45 rows=1 width=490)
	        Index Cond: (id = 9730496)

table 4 : explain UPDATE sbtest4 SET c='foobar' WHERE id=511113
	Update on sbtest4  (cost=0.43..8.45 rows=0 width=0)
	  ->  Index Scan using sbtest4_pkey on sbtest4  (cost=0.43..8.45 rows=1 width=490)
	        Index Cond: (id = 511113)

table 5 : explain UPDATE sbtest5 SET c='foobar' WHERE id=3982913
	Update on sbtest5  (cost=0.43..8.45 rows=0 width=0)
	  ->  Index Scan using sbtest5_pkey on sbtest5  (cost=0.43..8.45 rows=1 width=490)
	        Index Cond: (id = 3982913)

table 6 : explain UPDATE sbtest6 SET c='foobar' WHERE id=4958357
	Update on sbtest6  (cost=0.43..8.45 rows=0 width=0)
	  ->  Index Scan using sbtest6_pkey on sbtest6  (cost=0.43..8.45 rows=1 width=490)
	        Index Cond: (id = 4958357)

table 7 : explain UPDATE sbtest7 SET c='foobar' WHERE id=8376378
	Update on sbtest7  (cost=0.43..8.45 rows=0 width=0)
	  ->  Index Scan using sbtest7_pkey on sbtest7  (cost=0.43..8.45 rows=1 width=490)
	        Index Cond: (id = 8376378)

table 8 : explain UPDATE sbtest8 SET c='foobar' WHERE id=4452943
	Update on sbtest8  (cost=0.43..8.45 rows=0 width=0)
	  ->  Index Scan using sbtest8_pkey on sbtest8  (cost=0.43..8.45 rows=1 width=490)
	        Index Cond: (id = 4452943)

explain: for index_updates :: explain UPDATE sbtest%u SET k=k+1 WHERE id=%u
explain: for deletes :: explain DELETE FROM sbtest%u WHERE id=%u
explain: for inserts :: explain INSERT INTO sbtest%u (id, k, c, pad) VALUES (%u, 13, 'foobar', 'foobar')
explain: for inserts :: explain INSERT INTO sbtest%u (id, k, c, pad) VALUES (%u, 13, 'foobar', 'foobar')
for deletes
table 1 : explain DELETE FROM sbtest1 WHERE id=6105799
	Delete on sbtest1  (cost=0.43..8.45 rows=0 width=0)
	  ->  Index Scan using sbtest1_pkey on sbtest1  (cost=0.43..8.45 rows=1 width=6)
	        Index Cond: (id = 6105799)

table 2 : explain DELETE FROM sbtest2 WHERE id=7000376
	Delete on sbtest2  (cost=0.43..8.45 rows=0 width=0)
	  ->  Index Scan using sbtest2_pkey on sbtest2  (cost=0.43..8.45 rows=1 width=6)
	        Index Cond: (id = 7000376)

table 3 : explain DELETE FROM sbtest3 WHERE id=1301643
	Delete on sbtest3  (cost=0.43..8.45 rows=0 width=0)
	  ->  Index Scan using sbtest3_pkey on sbtest3  (cost=0.43..8.45 rows=1 width=6)
	        Index Cond: (id = 1301643)

table 4 : explain DELETE FROM sbtest4 WHERE id=888949
	Delete on sbtest4  (cost=0.43..8.45 rows=0 width=0)
	  ->  Index Scan using sbtest4_pkey on sbtest4  (cost=0.43..8.45 rows=1 width=6)
	        Index Cond: (id = 888949)

table 5 : explain DELETE FROM sbtest5 WHERE id=4469417
	Delete on sbtest5  (cost=0.43..8.45 rows=0 width=0)
	  ->  Index Scan using sbtest5_pkey on sbtest5  (cost=0.43..8.45 rows=1 width=6)
	        Index Cond: (id = 4469417)

table 6 : explain DELETE FROM sbtest6 WHERE id=5536950
	Delete on sbtest6  (cost=0.43..8.45 rows=0 width=0)
	  ->  Index Scan using sbtest6_pkey on sbtest6  (cost=0.43..8.45 rows=1 width=6)
	        Index Cond: (id = 5536950)

table 7 : explain DELETE FROM sbtest7 WHERE id=6669957
	Delete on sbtest7  (cost=0.43..8.45 rows=0 width=0)
	  ->  Index Scan using sbtest7_pkey on sbtest7  (cost=0.43..8.45 rows=1 width=6)
	        Index Cond: (id = 6669957)

table 8 : explain DELETE FROM sbtest8 WHERE id=5793134
	Delete on sbtest8  (cost=0.43..8.45 rows=0 width=0)
	  ->  Index Scan using sbtest8_pkey on sbtest8  (cost=0.43..8.45 rows=1 width=6)
	        Index Cond: (id = 5793134)

for index_updates
table 1 : explain UPDATE sbtest1 SET k=k+1 WHERE id=458311
	Update on sbtest1  (cost=0.43..8.46 rows=0 width=0)
	  ->  Index Scan using sbtest1_pkey on sbtest1  (cost=0.43..8.46 rows=1 width=10)
	        Index Cond: (id = 458311)

table 2 : explain UPDATE sbtest2 SET k=k+1 WHERE id=8390545
	Update on sbtest2  (cost=0.43..8.46 rows=0 width=0)
	  ->  Index Scan using sbtest2_pkey on sbtest2  (cost=0.43..8.46 rows=1 width=10)
	        Index Cond: (id = 8390545)

table 3 : explain UPDATE sbtest3 SET k=k+1 WHERE id=9549741
	Update on sbtest3  (cost=0.43..8.46 rows=0 width=0)
	  ->  Index Scan using sbtest3_pkey on sbtest3  (cost=0.43..8.46 rows=1 width=10)
	        Index Cond: (id = 9549741)

table 4 : explain UPDATE sbtest4 SET k=k+1 WHERE id=4018001
	Update on sbtest4  (cost=0.43..8.46 rows=0 width=0)
	  ->  Index Scan using sbtest4_pkey on sbtest4  (cost=0.43..8.46 rows=1 width=10)
	        Index Cond: (id = 4018001)

table 5 : explain UPDATE sbtest5 SET k=k+1 WHERE id=7275102
	Update on sbtest5  (cost=0.43..8.46 rows=0 width=0)
	  ->  Index Scan using sbtest5_pkey on sbtest5  (cost=0.43..8.46 rows=1 width=10)
	        Index Cond: (id = 7275102)

table 6 : explain UPDATE sbtest6 SET k=k+1 WHERE id=4288530
	Update on sbtest6  (cost=0.43..8.46 rows=0 width=0)
	  ->  Index Scan using sbtest6_pkey on sbtest6  (cost=0.43..8.46 rows=1 width=10)
	        Index Cond: (id = 4288530)

table 7 : explain UPDATE sbtest7 SET k=k+1 WHERE id=9425624
	Update on sbtest7  (cost=0.43..8.46 rows=0 width=0)
	  ->  Index Scan using sbtest7_pkey on sbtest7  (cost=0.43..8.46 rows=1 width=10)
	        Index Cond: (id = 9425624)

table 8 : explain UPDATE sbtest8 SET k=k+1 WHERE id=3064845
	Update on sbtest8  (cost=0.43..8.46 rows=0 width=0)
	  ->  Index Scan using sbtest8_pkey on sbtest8  (cost=0.43..8.46 rows=1 width=10)
	        Index Cond: (id = 3064845)

for inserts
table 1 : explain INSERT INTO sbtest1 (id, k, c, pad) VALUES (7550399, 13, 'foobar', 'foobar')
	Insert on sbtest1  (cost=0.00..0.01 rows=0 width=0)
	  ->  Result  (cost=0.00..0.01 rows=1 width=736)

table 2 : explain INSERT INTO sbtest2 (id, k, c, pad) VALUES (5463924, 13, 'foobar', 'foobar')
	Insert on sbtest2  (cost=0.00..0.01 rows=0 width=0)
	  ->  Result  (cost=0.00..0.01 rows=1 width=736)

table 3 : explain INSERT INTO sbtest3 (id, k, c, pad) VALUES (4515291, 13, 'foobar', 'foobar')
	Insert on sbtest3  (cost=0.00..0.01 rows=0 width=0)
	  ->  Result  (cost=0.00..0.01 rows=1 width=736)

table 4 : explain INSERT INTO sbtest4 (id, k, c, pad) VALUES (8258169, 13, 'foobar', 'foobar')
	Insert on sbtest4  (cost=0.00..0.01 rows=0 width=0)
	  ->  Result  (cost=0.00..0.01 rows=1 width=736)

table 5 : explain INSERT INTO sbtest5 (id, k, c, pad) VALUES (1758882, 13, 'foobar', 'foobar')
	Insert on sbtest5  (cost=0.00..0.01 rows=0 width=0)
	  ->  Result  (cost=0.00..0.01 rows=1 width=736)

table 6 : explain INSERT INTO sbtest6 (id, k, c, pad) VALUES (8790367, 13, 'foobar', 'foobar')
	Insert on sbtest6  (cost=0.00..0.01 rows=0 width=0)
	  ->  Result  (cost=0.00..0.01 rows=1 width=736)

table 7 : explain INSERT INTO sbtest7 (id, k, c, pad) VALUES (5785364, 13, 'foobar', 'foobar')
	Insert on sbtest7  (cost=0.00..0.01 rows=0 width=0)
	  ->  Result  (cost=0.00..0.01 rows=1 width=736)

table 8 : explain INSERT INTO sbtest8 (id, k, c, pad) VALUES (9642939, 13, 'foobar', 'foobar')
	Insert on sbtest8  (cost=0.00..0.01 rows=0 width=0)
	  ->  Result  (cost=0.00..0.01 rows=1 width=736)

for inserts
table 1 : explain INSERT INTO sbtest1 (id, k, c, pad) VALUES (2382861, 13, 'foobar', 'foobar')
	Insert on sbtest1  (cost=0.00..0.01 rows=0 width=0)
	  ->  Result  (cost=0.00..0.01 rows=1 width=736)

table 2 : explain INSERT INTO sbtest2 (id, k, c, pad) VALUES (36148, 13, 'foobar', 'foobar')
	Insert on sbtest2  (cost=0.00..0.01 rows=0 width=0)
	  ->  Result  (cost=0.00..0.01 rows=1 width=736)

table 3 : explain INSERT INTO sbtest3 (id, k, c, pad) VALUES (3273266, 13, 'foobar', 'foobar')
	Insert on sbtest3  (cost=0.00..0.01 rows=0 width=0)
	  ->  Result  (cost=0.00..0.01 rows=1 width=736)

table 4 : explain INSERT INTO sbtest4 (id, k, c, pad) VALUES (5318950, 13, 'foobar', 'foobar')
	Insert on sbtest4  (cost=0.00..0.01 rows=0 width=0)
	  ->  Result  (cost=0.00..0.01 rows=1 width=736)

table 5 : explain INSERT INTO sbtest5 (id, k, c, pad) VALUES (6415063, 13, 'foobar', 'foobar')
	Insert on sbtest5  (cost=0.00..0.01 rows=0 width=0)
	  ->  Result  (cost=0.00..0.01 rows=1 width=736)

table 6 : explain INSERT INTO sbtest6 (id, k, c, pad) VALUES (8653135, 13, 'foobar', 'foobar')
	Insert on sbtest6  (cost=0.00..0.01 rows=0 width=0)
	  ->  Result  (cost=0.00..0.01 rows=1 width=736)

table 7 : explain INSERT INTO sbtest7 (id, k, c, pad) VALUES (3332544, 13, 'foobar', 'foobar')
	Insert on sbtest7  (cost=0.00..0.01 rows=0 width=0)
	  ->  Result  (cost=0.00..0.01 rows=1 width=736)

table 8 : explain INSERT INTO sbtest8 (id, k, c, pad) VALUES (9675184, 13, 'foobar', 'foobar')
	Insert on sbtest8  (cost=0.00..0.01 rows=0 width=0)
	  ->  Result  (cost=0.00..0.01 rows=1 width=736)

for: distinct_ranges
table 1 : explain SELECT DISTINCT c FROM sbtest1 WHERE id BETWEEN 8291245 AND 8291344 ORDER BY c
	Unique  (cost=399.66..400.16 rows=101 width=121)
	  ->  Sort  (cost=399.66..399.91 rows=101 width=121)
	        Sort Key: c
	        ->  Index Scan using sbtest1_pkey on sbtest1  (cost=0.43..396.29 rows=101 width=121)
	              Index Cond: ((id >= 8291245) AND (id <= 8291344))

table 2 : explain SELECT DISTINCT c FROM sbtest2 WHERE id BETWEEN 4403307 AND 4403406 ORDER BY c
	Unique  (cost=384.83..385.31 rows=97 width=121)
	  ->  Sort  (cost=384.83..385.07 rows=97 width=121)
	        Sort Key: c
	        ->  Index Scan using sbtest2_pkey on sbtest2  (cost=0.43..381.63 rows=97 width=121)
	              Index Cond: ((id >= 4403307) AND (id <= 4403406))

table 3 : explain SELECT DISTINCT c FROM sbtest3 WHERE id BETWEEN 3695045 AND 3695144 ORDER BY c
	Unique  (cost=394.96..395.46 rows=100 width=121)
	  ->  Sort  (cost=394.96..395.21 rows=100 width=121)
	        Sort Key: c
	        ->  Index Scan using sbtest3_pkey on sbtest3  (cost=0.43..391.63 rows=100 width=121)
	              Index Cond: ((id >= 3695045) AND (id <= 3695144))

table 4 : explain SELECT DISTINCT c FROM sbtest4 WHERE id BETWEEN 5865925 AND 5866024 ORDER BY c
	Unique  (cost=400.23..400.74 rows=101 width=121)
	  ->  Sort  (cost=400.23..400.49 rows=101 width=121)
	        Sort Key: c
	        ->  Index Scan using sbtest4_pkey on sbtest4  (cost=0.43..396.87 rows=101 width=121)
	              Index Cond: ((id >= 5865925) AND (id <= 5866024))

table 5 : explain SELECT DISTINCT c FROM sbtest5 WHERE id BETWEEN 1827838 AND 1827937 ORDER BY c
	Unique  (cost=355.99..356.44 rows=90 width=121)
	  ->  Sort  (cost=355.99..356.21 rows=90 width=121)
	        Sort Key: c
	        ->  Index Scan using sbtest5_pkey on sbtest5  (cost=0.43..353.07 rows=90 width=121)
	              Index Cond: ((id >= 1827838) AND (id <= 1827937))

table 6 : explain SELECT DISTINCT c FROM sbtest6 WHERE id BETWEEN 3132571 AND 3132670 ORDER BY c
	Unique  (cost=395.49..395.99 rows=100 width=121)
	  ->  Sort  (cost=395.49..395.74 rows=100 width=121)
	        Sort Key: c
	        ->  Index Scan using sbtest6_pkey on sbtest6  (cost=0.43..392.17 rows=100 width=121)
	              Index Cond: ((id >= 3132571) AND (id <= 3132670))

table 7 : explain SELECT DISTINCT c FROM sbtest7 WHERE id BETWEEN 8195041 AND 8195140 ORDER BY c
	Unique  (cost=389.87..390.37 rows=99 width=121)
	  ->  Sort  (cost=389.87..390.12 rows=99 width=121)
	        Sort Key: c
	        ->  Index Scan using sbtest7_pkey on sbtest7  (cost=0.43..386.59 rows=99 width=121)
	              Index Cond: ((id >= 8195041) AND (id <= 8195140))

table 8 : explain SELECT DISTINCT c FROM sbtest8 WHERE id BETWEEN 4280468 AND 4280567 ORDER BY c
	Unique  (cost=429.33..429.88 rows=109 width=121)
	  ->  Sort  (cost=429.33..429.60 rows=109 width=121)
	        Sort Key: c
	        ->  Index Scan using sbtest8_pkey on sbtest8  (cost=0.43..425.64 rows=109 width=121)
	              Index Cond: ((id >= 4280468) AND (id <= 4280567))

explain: for non_index_updates :: explain UPDATE sbtest%u SET c='foobar' WHERE id=%u
for: sum_ranges
table 1 : explain SELECT SUM(k) FROM sbtest1 WHERE id BETWEEN 59486 AND 59585
	Aggregate  (cost=392.67..392.68 rows=1 width=8)
	  ->  Index Scan using sbtest1_pkey on sbtest1  (cost=0.43..392.42 rows=100 width=4)
	        Index Cond: ((id >= 59486) AND (id <= 59585))

table 2 : explain SELECT SUM(k) FROM sbtest2 WHERE id BETWEEN 1187679 AND 1187778
	Aggregate  (cost=405.24..405.25 rows=1 width=8)
	  ->  Index Scan using sbtest2_pkey on sbtest2  (cost=0.43..404.98 rows=103 width=4)
	        Index Cond: ((id >= 1187679) AND (id <= 1187778))

table 3 : explain SELECT SUM(k) FROM sbtest3 WHERE id BETWEEN 4902958 AND 4903057
	Aggregate  (cost=372.49..372.50 rows=1 width=8)
	  ->  Index Scan using sbtest3_pkey on sbtest3  (cost=0.43..372.25 rows=95 width=4)
	        Index Cond: ((id >= 4902958) AND (id <= 4903057))

table 4 : explain SELECT SUM(k) FROM sbtest4 WHERE id BETWEEN 4949847 AND 4949946
	Aggregate  (cost=369.89..369.90 rows=1 width=8)
	  ->  Index Scan using sbtest4_pkey on sbtest4  (cost=0.43..369.66 rows=94 width=4)
	        Index Cond: ((id >= 4949847) AND (id <= 4949946))

table 5 : explain SELECT SUM(k) FROM sbtest5 WHERE id BETWEEN 6676208 AND 6676307
	Aggregate  (cost=376.53..376.54 rows=1 width=8)
	  ->  Index Scan using sbtest5_pkey on sbtest5  (cost=0.43..376.29 rows=96 width=4)
	        Index Cond: ((id >= 6676208) AND (id <= 6676307))

table 6 : explain SELECT SUM(k) FROM sbtest6 WHERE id BETWEEN 292114 AND 292213
	Aggregate  (cost=396.29..396.30 rows=1 width=8)
	  ->  Index Scan using sbtest6_pkey on sbtest6  (cost=0.43..396.04 rows=101 width=4)
	        Index Cond: ((id >= 292114) AND (id <= 292213))

table 7 : explain SELECT SUM(k) FROM sbtest7 WHERE id BETWEEN 131717 AND 131816
	Aggregate  (cost=394.56..394.57 rows=1 width=8)
	  ->  Index Scan using sbtest7_pkey on sbtest7  (cost=0.43..394.31 rows=101 width=4)
	        Index Cond: ((id >= 131717) AND (id <= 131816))

table 8 : explain SELECT SUM(k) FROM sbtest8 WHERE id BETWEEN 8998269 AND 8998368
	Aggregate  (cost=375.64..375.65 rows=1 width=8)
	  ->  Index Scan using sbtest8_pkey on sbtest8  (cost=0.43..375.40 rows=96 width=4)
	        Index Cond: ((id >= 8998269) AND (id <= 8998368))

for point_selects
table 1 : explain SELECT c FROM sbtest1 WHERE id=3626807
	Index Scan using sbtest1_pkey on sbtest1  (cost=0.43..8.45 rows=1 width=121)
	  Index Cond: (id = 3626807)

table 2 : explain SELECT c FROM sbtest2 WHERE id=7787940
	Index Scan using sbtest2_pkey on sbtest2  (cost=0.43..8.45 rows=1 width=121)
	  Index Cond: (id = 7787940)

table 3 : explain SELECT c FROM sbtest3 WHERE id=3634661
	Index Scan using sbtest3_pkey on sbtest3  (cost=0.43..8.45 rows=1 width=121)
	  Index Cond: (id = 3634661)

table 4 : explain SELECT c FROM sbtest4 WHERE id=4731668
	Index Scan using sbtest4_pkey on sbtest4  (cost=0.43..8.45 rows=1 width=121)
	  Index Cond: (id = 4731668)

table 5 : explain SELECT c FROM sbtest5 WHERE id=6686259
	Index Scan using sbtest5_pkey on sbtest5  (cost=0.43..8.45 rows=1 width=121)
	  Index Cond: (id = 6686259)

table 6 : explain SELECT c FROM sbtest6 WHERE id=287811
	Index Scan using sbtest6_pkey on sbtest6  (cost=0.43..8.45 rows=1 width=121)
	  Index Cond: (id = 287811)

table 7 : explain SELECT c FROM sbtest7 WHERE id=1434278
	Index Scan using sbtest7_pkey on sbtest7  (cost=0.43..8.45 rows=1 width=121)
	  Index Cond: (id = 1434278)

table 8 : explain SELECT c FROM sbtest8 WHERE id=1795489
	Index Scan using sbtest8_pkey on sbtest8  (cost=0.43..8.45 rows=1 width=121)
	  Index Cond: (id = 1795489)

for inserts
table 1 : explain INSERT INTO sbtest1 (id, k, c, pad) VALUES (2882726, 13, 'foobar', 'foobar')
	Insert on sbtest1  (cost=0.00..0.01 rows=0 width=0)
	  ->  Result  (cost=0.00..0.01 rows=1 width=736)

table 2 : explain INSERT INTO sbtest2 (id, k, c, pad) VALUES (3844495, 13, 'foobar', 'foobar')
	Insert on sbtest2  (cost=0.00..0.01 rows=0 width=0)
	  ->  Result  (cost=0.00..0.01 rows=1 width=736)

table 3 : explain INSERT INTO sbtest3 (id, k, c, pad) VALUES (9113234, 13, 'foobar', 'foobar')
	Insert on sbtest3  (cost=0.00..0.01 rows=0 width=0)
	  ->  Result  (cost=0.00..0.01 rows=1 width=736)

table 4 : explain INSERT INTO sbtest4 (id, k, c, pad) VALUES (7205862, 13, 'foobar', 'foobar')
	Insert on sbtest4  (cost=0.00..0.01 rows=0 width=0)
	  ->  Result  (cost=0.00..0.01 rows=1 width=736)

table 5 : explain INSERT INTO sbtest5 (id, k, c, pad) VALUES (8514232, 13, 'foobar', 'foobar')
	Insert on sbtest5  (cost=0.00..0.01 rows=0 width=0)
	  ->  Result  (cost=0.00..0.01 rows=1 width=736)

table 6 : explain INSERT INTO sbtest6 (id, k, c, pad) VALUES (705621, 13, 'foobar', 'foobar')
	Insert on sbtest6  (cost=0.00..0.01 rows=0 width=0)
	  ->  Result  (cost=0.00..0.01 rows=1 width=736)

table 7 : explain INSERT INTO sbtest7 (id, k, c, pad) VALUES (3866748, 13, 'foobar', 'foobar')
	Insert on sbtest7  (cost=0.00..0.01 rows=0 width=0)
	  ->  Result  (cost=0.00..0.01 rows=1 width=736)

table 8 : explain INSERT INTO sbtest8 (id, k, c, pad) VALUES (1343957, 13, 'foobar', 'foobar')
	Insert on sbtest8  (cost=0.00..0.01 rows=0 width=0)
	  ->  Result  (cost=0.00..0.01 rows=1 width=736)

explain: for inserts :: explain INSERT INTO sbtest%u (id, k, c, pad) VALUES (%u, 13, 'foobar', 'foobar')
explain: for index_updates :: explain UPDATE sbtest%u SET k=k+1 WHERE id=%u
for inserts
table 1 : explain INSERT INTO sbtest1 (id, k, c, pad) VALUES (6204238, 13, 'foobar', 'foobar')
	Insert on sbtest1  (cost=0.00..0.01 rows=0 width=0)
	  ->  Result  (cost=0.00..0.01 rows=1 width=736)

table 2 : explain INSERT INTO sbtest2 (id, k, c, pad) VALUES (9528530, 13, 'foobar', 'foobar')
	Insert on sbtest2  (cost=0.00..0.01 rows=0 width=0)
	  ->  Result  (cost=0.00..0.01 rows=1 width=736)

table 3 : explain INSERT INTO sbtest3 (id, k, c, pad) VALUES (2878684, 13, 'foobar', 'foobar')
	Insert on sbtest3  (cost=0.00..0.01 rows=0 width=0)
	  ->  Result  (cost=0.00..0.01 rows=1 width=736)

table 4 : explain INSERT INTO sbtest4 (id, k, c, pad) VALUES (2111326, 13, 'foobar', 'foobar')
	Insert on sbtest4  (cost=0.00..0.01 rows=0 width=0)
	  ->  Result  (cost=0.00..0.01 rows=1 width=736)

table 5 : explain INSERT INTO sbtest5 (id, k, c, pad) VALUES (4490685, 13, 'foobar', 'foobar')
	Insert on sbtest5  (cost=0.00..0.01 rows=0 width=0)
	  ->  Result  (cost=0.00..0.01 rows=1 width=736)

table 6 : explain INSERT INTO sbtest6 (id, k, c, pad) VALUES (4490369, 13, 'foobar', 'foobar')
	Insert on sbtest6  (cost=0.00..0.01 rows=0 width=0)
	  ->  Result  (cost=0.00..0.01 rows=1 width=736)

table 7 : explain INSERT INTO sbtest7 (id, k, c, pad) VALUES (3590397, 13, 'foobar', 'foobar')
	Insert on sbtest7  (cost=0.00..0.01 rows=0 width=0)
	  ->  Result  (cost=0.00..0.01 rows=1 width=736)

table 8 : explain INSERT INTO sbtest8 (id, k, c, pad) VALUES (5751706, 13, 'foobar', 'foobar')
	Insert on sbtest8  (cost=0.00..0.01 rows=0 width=0)
	  ->  Result  (cost=0.00..0.01 rows=1 width=736)

for non_index_updates
table 1 : explain UPDATE sbtest1 SET c='foobar' WHERE id=5651668
	Update on sbtest1  (cost=0.43..8.45 rows=0 width=0)
	  ->  Index Scan using sbtest1_pkey on sbtest1  (cost=0.43..8.45 rows=1 width=490)
	        Index Cond: (id = 5651668)

table 2 : explain UPDATE sbtest2 SET c='foobar' WHERE id=2365528
	Update on sbtest2  (cost=0.43..8.45 rows=0 width=0)
	  ->  Index Scan using sbtest2_pkey on sbtest2  (cost=0.43..8.45 rows=1 width=490)
	        Index Cond: (id = 2365528)

table 3 : explain UPDATE sbtest3 SET c='foobar' WHERE id=7705147
	Update on sbtest3  (cost=0.43..8.45 rows=0 width=0)
	  ->  Index Scan using sbtest3_pkey on sbtest3  (cost=0.43..8.45 rows=1 width=490)
	        Index Cond: (id = 7705147)

table 4 : explain UPDATE sbtest4 SET c='foobar' WHERE id=8090285
	Update on sbtest4  (cost=0.43..8.45 rows=0 width=0)
	  ->  Index Scan using sbtest4_pkey on sbtest4  (cost=0.43..8.45 rows=1 width=490)
	        Index Cond: (id = 8090285)

table 5 : explain UPDATE sbtest5 SET c='foobar' WHERE id=6125143
	Update on sbtest5  (cost=0.43..8.45 rows=0 width=0)
	  ->  Index Scan using sbtest5_pkey on sbtest5  (cost=0.43..8.45 rows=1 width=490)
	        Index Cond: (id = 6125143)

table 6 : explain UPDATE sbtest6 SET c='foobar' WHERE id=6172625
	Update on sbtest6  (cost=0.43..8.45 rows=0 width=0)
	  ->  Index Scan using sbtest6_pkey on sbtest6  (cost=0.43..8.45 rows=1 width=490)
	        Index Cond: (id = 6172625)

table 7 : explain UPDATE sbtest7 SET c='foobar' WHERE id=9421276
	Update on sbtest7  (cost=0.43..8.45 rows=0 width=0)
	  ->  Index Scan using sbtest7_pkey on sbtest7  (cost=0.43..8.45 rows=1 width=490)
	        Index Cond: (id = 9421276)

table 8 : explain UPDATE sbtest8 SET c='foobar' WHERE id=6170554
	Update on sbtest8  (cost=0.43..8.45 rows=0 width=0)
	  ->  Index Scan using sbtest8_pkey on sbtest8  (cost=0.43..8.45 rows=1 width=490)
	        Index Cond: (id = 6170554)

for: distinct_ranges
table 1 : explain SELECT DISTINCT c FROM sbtest1 WHERE id BETWEEN 6006124 AND 6006223 ORDER BY c
	Unique  (cost=407.53..408.04 rows=103 width=121)
	  ->  Sort  (cost=407.53..407.79 rows=103 width=121)
	        Sort Key: c
	        ->  Index Scan using sbtest1_pkey on sbtest1  (cost=0.43..404.09 rows=103 width=121)
	              Index Cond: ((id >= 6006124) AND (id <= 6006223))

table 2 : explain SELECT DISTINCT c FROM sbtest2 WHERE id BETWEEN 2658393 AND 2658492 ORDER BY c
	Unique  (cost=400.57..401.07 rows=101 width=121)
	  ->  Sort  (cost=400.57..400.82 rows=101 width=121)
	        Sort Key: c
	        ->  Index Scan using sbtest2_pkey on sbtest2  (cost=0.43..397.21 rows=101 width=121)
	              Index Cond: ((id >= 2658393) AND (id <= 2658492))

table 3 : explain SELECT DISTINCT c FROM sbtest3 WHERE id BETWEEN 9555674 AND 9555773 ORDER BY c
	Unique  (cost=406.69..407.20 rows=103 width=121)
	  ->  Sort  (cost=406.69..406.94 rows=103 width=121)
	        Sort Key: c
	        ->  Index Scan using sbtest3_pkey on sbtest3  (cost=0.43..403.24 rows=103 width=121)
	              Index Cond: ((id >= 9555674) AND (id <= 9555773))

table 4 : explain SELECT DISTINCT c FROM sbtest4 WHERE id BETWEEN 334106 AND 334205 ORDER BY c
	Unique  (cost=443.40..443.96 rows=112 width=121)
	  ->  Sort  (cost=443.40..443.68 rows=112 width=121)
	        Sort Key: c
	        ->  Index Scan using sbtest4_pkey on sbtest4  (cost=0.43..439.59 rows=112 width=121)
	              Index Cond: ((id >= 334106) AND (id <= 334205))

table 5 : explain SELECT DISTINCT c FROM sbtest5 WHERE id BETWEEN 4032975 AND 4033074 ORDER BY c
	Unique  (cost=387.28..387.77 rows=98 width=121)
	  ->  Sort  (cost=387.28..387.52 rows=98 width=121)
	        Sort Key: c
	        ->  Index Scan using sbtest5_pkey on sbtest5  (cost=0.43..384.04 rows=98 width=121)
	              Index Cond: ((id >= 4032975) AND (id <= 4033074))

table 6 : explain SELECT DISTINCT c FROM sbtest6 WHERE id BETWEEN 8415531 AND 8415630 ORDER BY c
	Unique  (cost=364.13..364.59 rows=92 width=121)
	  ->  Sort  (cost=364.13..364.36 rows=92 width=121)
	        Sort Key: c
	        ->  Index Scan using sbtest6_pkey on sbtest6  (cost=0.43..361.13 rows=92 width=121)
	              Index Cond: ((id >= 8415531) AND (id <= 8415630))

table 7 : explain SELECT DISTINCT c FROM sbtest7 WHERE id BETWEEN 6069697 AND 6069796 ORDER BY c
	Unique  (cost=378.14..378.62 rows=96 width=121)
	  ->  Sort  (cost=378.14..378.38 rows=96 width=121)
	        Sort Key: c
	        ->  Index Scan using sbtest7_pkey on sbtest7  (cost=0.43..374.98 rows=96 width=121)
	              Index Cond: ((id >= 6069697) AND (id <= 6069796))

table 8 : explain SELECT DISTINCT c FROM sbtest8 WHERE id BETWEEN 7632611 AND 7632710 ORDER BY c
	Unique  (cost=378.56..379.04 rows=96 width=121)
	  ->  Sort  (cost=378.56..378.80 rows=96 width=121)
	        Sort Key: c
	        ->  Index Scan using sbtest8_pkey on sbtest8  (cost=0.43..375.40 rows=96 width=121)
	              Index Cond: ((id >= 7632611) AND (id <= 7632710))

explain: for deletes :: explain DELETE FROM sbtest%u WHERE id=%u
for index_updates
table 1 : explain UPDATE sbtest1 SET k=k+1 WHERE id=5321389
	Update on sbtest1  (cost=0.43..8.46 rows=0 width=0)
	  ->  Index Scan using sbtest1_pkey on sbtest1  (cost=0.43..8.46 rows=1 width=10)
	        Index Cond: (id = 5321389)

table 2 : explain UPDATE sbtest2 SET k=k+1 WHERE id=8838622
	Update on sbtest2  (cost=0.43..8.46 rows=0 width=0)
	  ->  Index Scan using sbtest2_pkey on sbtest2  (cost=0.43..8.46 rows=1 width=10)
	        Index Cond: (id = 8838622)

table 3 : explain UPDATE sbtest3 SET k=k+1 WHERE id=5541274
	Update on sbtest3  (cost=0.43..8.46 rows=0 width=0)
	  ->  Index Scan using sbtest3_pkey on sbtest3  (cost=0.43..8.46 rows=1 width=10)
	        Index Cond: (id = 5541274)

table 4 : explain UPDATE sbtest4 SET k=k+1 WHERE id=3535870
	Update on sbtest4  (cost=0.43..8.46 rows=0 width=0)
	  ->  Index Scan using sbtest4_pkey on sbtest4  (cost=0.43..8.46 rows=1 width=10)
	        Index Cond: (id = 3535870)

table 5 : explain UPDATE sbtest5 SET k=k+1 WHERE id=9753557
	Update on sbtest5  (cost=0.43..8.46 rows=0 width=0)
	  ->  Index Scan using sbtest5_pkey on sbtest5  (cost=0.43..8.46 rows=1 width=10)
	        Index Cond: (id = 9753557)

table 6 : explain UPDATE sbtest6 SET k=k+1 WHERE id=9827596
	Update on sbtest6  (cost=0.43..8.46 rows=0 width=0)
	  ->  Index Scan using sbtest6_pkey on sbtest6  (cost=0.43..8.46 rows=1 width=10)
	        Index Cond: (id = 9827596)

table 7 : explain UPDATE sbtest7 SET k=k+1 WHERE id=9978734
	Update on sbtest7  (cost=0.43..8.46 rows=0 width=0)
	  ->  Index Scan using sbtest7_pkey on sbtest7  (cost=0.43..8.46 rows=1 width=10)
	        Index Cond: (id = 9978734)

table 8 : explain UPDATE sbtest8 SET k=k+1 WHERE id=2774123
	Update on sbtest8  (cost=0.43..8.46 rows=0 width=0)
	  ->  Index Scan using sbtest8_pkey on sbtest8  (cost=0.43..8.46 rows=1 width=10)
	        Index Cond: (id = 2774123)

for: simple_ranges
table 1 : explain SELECT c FROM sbtest1 WHERE id BETWEEN 3662203 AND 3662302
	Index Scan using sbtest1_pkey on sbtest1  (cost=0.43..353.64 rows=90 width=121)
	  Index Cond: ((id >= 3662203) AND (id <= 3662302))

table 2 : explain SELECT c FROM sbtest2 WHERE id BETWEEN 2932085 AND 2932184
	Index Scan using sbtest2_pkey on sbtest2  (cost=0.43..397.21 rows=101 width=121)
	  Index Cond: ((id >= 2932085) AND (id <= 2932184))

table 3 : explain SELECT c FROM sbtest3 WHERE id BETWEEN 1409632 AND 1409731
	Index Scan using sbtest3_pkey on sbtest3  (cost=0.43..364.51 rows=93 width=121)
	  Index Cond: ((id >= 1409632) AND (id <= 1409731))

table 4 : explain SELECT c FROM sbtest4 WHERE id BETWEEN 578530 AND 578629
	Index Scan using sbtest4_pkey on sbtest4  (cost=0.43..396.87 rows=101 width=121)
	  Index Cond: ((id >= 578530) AND (id <= 578629))

table 5 : explain SELECT c FROM sbtest5 WHERE id BETWEEN 8866440 AND 8866539
	Index Scan using sbtest5_pkey on sbtest5  (cost=0.43..418.91 rows=107 width=121)
	  Index Cond: ((id >= 8866440) AND (id <= 8866539))

table 6 : explain SELECT c FROM sbtest6 WHERE id BETWEEN 2168215 AND 2168314
	Index Scan using sbtest6_pkey on sbtest6  (cost=0.43..403.79 rows=103 width=121)
	  Index Cond: ((id >= 2168215) AND (id <= 2168314))

table 7 : explain SELECT c FROM sbtest7 WHERE id BETWEEN 5691878 AND 5691977
	Index Scan using sbtest7_pkey on sbtest7  (cost=0.43..421.31 rows=108 width=121)
	  Index Cond: ((id >= 5691878) AND (id <= 5691977))

table 8 : explain SELECT c FROM sbtest8 WHERE id BETWEEN 3454613 AND 3454712
	Index Scan using sbtest8_pkey on sbtest8  (cost=0.43..414.06 rows=106 width=121)
	  Index Cond: ((id >= 3454613) AND (id <= 3454712))

explain: for non_index_updates :: explain UPDATE sbtest%u SET c='foobar' WHERE id=%u
for deletes
table 1 : explain DELETE FROM sbtest1 WHERE id=4413854
	Delete on sbtest1  (cost=0.43..8.45 rows=0 width=0)
	  ->  Index Scan using sbtest1_pkey on sbtest1  (cost=0.43..8.45 rows=1 width=6)
	        Index Cond: (id = 4413854)

table 2 : explain DELETE FROM sbtest2 WHERE id=9824600
	Delete on sbtest2  (cost=0.43..8.45 rows=0 width=0)
	  ->  Index Scan using sbtest2_pkey on sbtest2  (cost=0.43..8.45 rows=1 width=6)
	        Index Cond: (id = 9824600)

table 3 : explain DELETE FROM sbtest3 WHERE id=9303297
	Delete on sbtest3  (cost=0.43..8.45 rows=0 width=0)
	  ->  Index Scan using sbtest3_pkey on sbtest3  (cost=0.43..8.45 rows=1 width=6)
	        Index Cond: (id = 9303297)

table 4 : explain DELETE FROM sbtest4 WHERE id=4735190
	Delete on sbtest4  (cost=0.43..8.45 rows=0 width=0)
	  ->  Index Scan using sbtest4_pkey on sbtest4  (cost=0.43..8.45 rows=1 width=6)
	        Index Cond: (id = 4735190)

table 5 : explain DELETE FROM sbtest5 WHERE id=2146675
	Delete on sbtest5  (cost=0.43..8.45 rows=0 width=0)
	  ->  Index Scan using sbtest5_pkey on sbtest5  (cost=0.43..8.45 rows=1 width=6)
	        Index Cond: (id = 2146675)

table 6 : explain DELETE FROM sbtest6 WHERE id=580827
	Delete on sbtest6  (cost=0.43..8.45 rows=0 width=0)
	  ->  Index Scan using sbtest6_pkey on sbtest6  (cost=0.43..8.45 rows=1 width=6)
	        Index Cond: (id = 580827)

table 7 : explain DELETE FROM sbtest7 WHERE id=2314274
	Delete on sbtest7  (cost=0.43..8.45 rows=0 width=0)
	  ->  Index Scan using sbtest7_pkey on sbtest7  (cost=0.43..8.45 rows=1 width=6)
	        Index Cond: (id = 2314274)

table 8 : explain DELETE FROM sbtest8 WHERE id=4421573
	Delete on sbtest8  (cost=0.43..8.45 rows=0 width=0)
	  ->  Index Scan using sbtest8_pkey on sbtest8  (cost=0.43..8.45 rows=1 width=6)
	        Index Cond: (id = 4421573)

explain: for index_updates :: explain UPDATE sbtest%u SET k=k+1 WHERE id=%u
explain: for inserts :: explain INSERT INTO sbtest%u (id, k, c, pad) VALUES (%u, 13, 'foobar', 'foobar')
for non_index_updates
table 1 : explain UPDATE sbtest1 SET c='foobar' WHERE id=1841403
	Update on sbtest1  (cost=0.43..8.45 rows=0 width=0)
	  ->  Index Scan using sbtest1_pkey on sbtest1  (cost=0.43..8.45 rows=1 width=490)
	        Index Cond: (id = 1841403)

table 2 : explain UPDATE sbtest2 SET c='foobar' WHERE id=4924549
	Update on sbtest2  (cost=0.43..8.45 rows=0 width=0)
	  ->  Index Scan using sbtest2_pkey on sbtest2  (cost=0.43..8.45 rows=1 width=490)
	        Index Cond: (id = 4924549)

table 3 : explain UPDATE sbtest3 SET c='foobar' WHERE id=289532
	Update on sbtest3  (cost=0.43..8.45 rows=0 width=0)
	  ->  Index Scan using sbtest3_pkey on sbtest3  (cost=0.43..8.45 rows=1 width=490)
	        Index Cond: (id = 289532)

table 4 : explain UPDATE sbtest4 SET c='foobar' WHERE id=9293623
	Update on sbtest4  (cost=0.43..8.45 rows=0 width=0)
	  ->  Index Scan using sbtest4_pkey on sbtest4  (cost=0.43..8.45 rows=1 width=490)
	        Index Cond: (id = 9293623)

table 5 : explain UPDATE sbtest5 SET c='foobar' WHERE id=6344178
	Update on sbtest5  (cost=0.43..8.45 rows=0 width=0)
	  ->  Index Scan using sbtest5_pkey on sbtest5  (cost=0.43..8.45 rows=1 width=490)
	        Index Cond: (id = 6344178)

table 6 : explain UPDATE sbtest6 SET c='foobar' WHERE id=4125699
	Update on sbtest6  (cost=0.43..8.45 rows=0 width=0)
	  ->  Index Scan using sbtest6_pkey on sbtest6  (cost=0.43..8.45 rows=1 width=490)
	        Index Cond: (id = 4125699)

table 7 : explain UPDATE sbtest7 SET c='foobar' WHERE id=9130886
	Update on sbtest7  (cost=0.43..8.45 rows=0 width=0)
	  ->  Index Scan using sbtest7_pkey on sbtest7  (cost=0.43..8.45 rows=1 width=490)
	        Index Cond: (id = 9130886)

table 8 : explain UPDATE sbtest8 SET c='foobar' WHERE id=8858167
	Update on sbtest8  (cost=0.43..8.45 rows=0 width=0)
	  ->  Index Scan using sbtest8_pkey on sbtest8  (cost=0.43..8.45 rows=1 width=490)
	        Index Cond: (id = 8858167)

explain: for deletes :: explain DELETE FROM sbtest%u WHERE id=%u
for: sum_ranges
table 1 : explain SELECT SUM(k) FROM sbtest1 WHERE id BETWEEN 5010219 AND 5010318
	Aggregate  (cost=357.75..357.76 rows=1 width=8)
	  ->  Index Scan using sbtest1_pkey on sbtest1  (cost=0.43..357.52 rows=91 width=4)
	        Index Cond: ((id >= 5010219) AND (id <= 5010318))

table 2 : explain SELECT SUM(k) FROM sbtest2 WHERE id BETWEEN 5199915 AND 5200014
	Aggregate  (cost=393.57..393.58 rows=1 width=8)
	  ->  Index Scan using sbtest2_pkey on sbtest2  (cost=0.43..393.32 rows=100 width=4)
	        Index Cond: ((id >= 5199915) AND (id <= 5200014))

table 3 : explain SELECT SUM(k) FROM sbtest3 WHERE id BETWEEN 4351715 AND 4351814
	Aggregate  (cost=422.86..422.87 rows=1 width=8)
	  ->  Index Scan using sbtest3_pkey on sbtest3  (cost=0.43..422.59 rows=108 width=4)
	        Index Cond: ((id >= 4351715) AND (id <= 4351814))

table 4 : explain SELECT SUM(k) FROM sbtest4 WHERE id BETWEEN 3852381 AND 3852480
	Aggregate  (cost=432.10..432.11 rows=1 width=8)
	  ->  Index Scan using sbtest4_pkey on sbtest4  (cost=0.43..431.82 rows=110 width=4)
	        Index Cond: ((id >= 3852381) AND (id <= 3852480))

table 5 : explain SELECT SUM(k) FROM sbtest5 WHERE id BETWEEN 4102155 AND 4102254
	Aggregate  (cost=368.79..368.80 rows=1 width=8)
	  ->  Index Scan using sbtest5_pkey on sbtest5  (cost=0.43..368.55 rows=94 width=4)
	        Index Cond: ((id >= 4102155) AND (id <= 4102254))

table 6 : explain SELECT SUM(k) FROM sbtest6 WHERE id BETWEEN 1046584 AND 1046683
	Aggregate  (cost=400.17..400.18 rows=1 width=8)
	  ->  Index Scan using sbtest6_pkey on sbtest6  (cost=0.43..399.92 rows=102 width=4)
	        Index Cond: ((id >= 1046584) AND (id <= 1046683))

table 7 : explain SELECT SUM(k) FROM sbtest7 WHERE id BETWEEN 7981222 AND 7981321
	Aggregate  (cost=348.20..348.21 rows=1 width=8)
	  ->  Index Scan using sbtest7_pkey on sbtest7  (cost=0.43..347.98 rows=89 width=4)
	        Index Cond: ((id >= 7981222) AND (id <= 7981321))

table 8 : explain SELECT SUM(k) FROM sbtest8 WHERE id BETWEEN 7686915 AND 7687014
	Aggregate  (cost=340.86..340.87 rows=1 width=8)
	  ->  Index Scan using sbtest8_pkey on sbtest8  (cost=0.43..340.64 rows=87 width=4)
	        Index Cond: ((id >= 7686915) AND (id <= 7687014))

for inserts
table 1 : explain INSERT INTO sbtest1 (id, k, c, pad) VALUES (1308698, 13, 'foobar', 'foobar')
	Insert on sbtest1  (cost=0.00..0.01 rows=0 width=0)
	  ->  Result  (cost=0.00..0.01 rows=1 width=736)

table 2 : explain INSERT INTO sbtest2 (id, k, c, pad) VALUES (8929680, 13, 'foobar', 'foobar')
	Insert on sbtest2  (cost=0.00..0.01 rows=0 width=0)
	  ->  Result  (cost=0.00..0.01 rows=1 width=736)

table 3 : explain INSERT INTO sbtest3 (id, k, c, pad) VALUES (3326268, 13, 'foobar', 'foobar')
	Insert on sbtest3  (cost=0.00..0.01 rows=0 width=0)
	  ->  Result  (cost=0.00..0.01 rows=1 width=736)

table 4 : explain INSERT INTO sbtest4 (id, k, c, pad) VALUES (372246, 13, 'foobar', 'foobar')
	Insert on sbtest4  (cost=0.00..0.01 rows=0 width=0)
	  ->  Result  (cost=0.00..0.01 rows=1 width=736)

table 5 : explain INSERT INTO sbtest5 (id, k, c, pad) VALUES (6525099, 13, 'foobar', 'foobar')
	Insert on sbtest5  (cost=0.00..0.01 rows=0 width=0)
	  ->  Result  (cost=0.00..0.01 rows=1 width=736)

table 6 : explain INSERT INTO sbtest6 (id, k, c, pad) VALUES (4040637, 13, 'foobar', 'foobar')
	Insert on sbtest6  (cost=0.00..0.01 rows=0 width=0)
	  ->  Result  (cost=0.00..0.01 rows=1 width=736)

table 7 : explain INSERT INTO sbtest7 (id, k, c, pad) VALUES (6180111, 13, 'foobar', 'foobar')
	Insert on sbtest7  (cost=0.00..0.01 rows=0 width=0)
	  ->  Result  (cost=0.00..0.01 rows=1 width=736)

table 8 : explain INSERT INTO sbtest8 (id, k, c, pad) VALUES (3450189, 13, 'foobar', 'foobar')
	Insert on sbtest8  (cost=0.00..0.01 rows=0 width=0)
	  ->  Result  (cost=0.00..0.01 rows=1 width=736)

for: order_ranges
table 1 : explain SELECT c FROM sbtest1 WHERE id BETWEEN 7892878 AND 7892977 ORDER BY c
	Sort  (cost=427.12..427.39 rows=108 width=121)
	  Sort Key: c
	  ->  Index Scan using sbtest1_pkey on sbtest1  (cost=0.43..423.47 rows=108 width=121)
	        Index Cond: ((id >= 7892878) AND (id <= 7892977))

table 2 : explain SELECT c FROM sbtest2 WHERE id BETWEEN 1724911 AND 1725010 ORDER BY c
	Sort  (cost=388.76..389.00 rows=98 width=121)
	  Sort Key: c
	  ->  Index Scan using sbtest2_pkey on sbtest2  (cost=0.43..385.51 rows=98 width=121)
	        Index Cond: ((id >= 1724911) AND (id <= 1725010))

table 3 : explain SELECT c FROM sbtest3 WHERE id BETWEEN 4717122 AND 4717221 ORDER BY c
	Sort  (cost=383.19..383.43 rows=97 width=121)
	  Sort Key: c
	  ->  Index Scan using sbtest3_pkey on sbtest3  (cost=0.43..379.99 rows=97 width=121)
	        Index Cond: ((id >= 4717122) AND (id <= 4717221))

table 4 : explain SELECT c FROM sbtest4 WHERE id BETWEEN 2446888 AND 2446987 ORDER BY c
	Sort  (cost=372.74..372.97 rows=94 width=121)
	  Sort Key: c
	  ->  Index Scan using sbtest4_pkey on sbtest4  (cost=0.43..369.66 rows=94 width=121)
	        Index Cond: ((id >= 2446888) AND (id <= 2446987))

table 5 : explain SELECT c FROM sbtest5 WHERE id BETWEEN 3756183 AND 3756282 ORDER BY c
	Sort  (cost=406.87..407.13 rows=103 width=121)
	  Sort Key: c
	  ->  Index Scan using sbtest5_pkey on sbtest5  (cost=0.43..403.43 rows=103 width=121)
	        Index Cond: ((id >= 3756183) AND (id <= 3756282))

table 6 : explain SELECT c FROM sbtest6 WHERE id BETWEEN 3120643 AND 3120742 ORDER BY c
	Sort  (cost=395.49..395.74 rows=100 width=121)
	  Sort Key: c
	  ->  Index Scan using sbtest6_pkey on sbtest6  (cost=0.43..392.17 rows=100 width=121)
	        Index Cond: ((id >= 3120643) AND (id <= 3120742))

table 7 : explain SELECT c FROM sbtest7 WHERE id BETWEEN 9234225 AND 9234324 ORDER BY c
	Sort  (cost=370.35..370.58 rows=94 width=121)
	  Sort Key: c
	  ->  Index Scan using sbtest7_pkey on sbtest7  (cost=0.43..367.27 rows=94 width=121)
	        Index Cond: ((id >= 9234225) AND (id <= 9234324))

table 8 : explain SELECT c FROM sbtest8 WHERE id BETWEEN 234693 AND 234792 ORDER BY c
	Sort  (cost=398.11..398.36 rows=101 width=121)
	  Sort Key: c
	  ->  Index Scan using sbtest8_pkey on sbtest8  (cost=0.43..394.75 rows=101 width=121)
	        Index Cond: ((id >= 234693) AND (id <= 234792))

for deletes
table 1 : explain DELETE FROM sbtest1 WHERE id=6574457
	Delete on sbtest1  (cost=0.43..8.45 rows=0 width=0)
	  ->  Index Scan using sbtest1_pkey on sbtest1  (cost=0.43..8.45 rows=1 width=6)
	        Index Cond: (id = 6574457)

table 2 : explain DELETE FROM sbtest2 WHERE id=7209047
	Delete on sbtest2  (cost=0.43..8.45 rows=0 width=0)
	  ->  Index Scan using sbtest2_pkey on sbtest2  (cost=0.43..8.45 rows=1 width=6)
	        Index Cond: (id = 7209047)

table 3 : explain DELETE FROM sbtest3 WHERE id=3044890
	Delete on sbtest3  (cost=0.43..8.45 rows=0 width=0)
	  ->  Index Scan using sbtest3_pkey on sbtest3  (cost=0.43..8.45 rows=1 width=6)
	        Index Cond: (id = 3044890)

table 4 : explain DELETE FROM sbtest4 WHERE id=2840159
	Delete on sbtest4  (cost=0.43..8.45 rows=0 width=0)
	  ->  Index Scan using sbtest4_pkey on sbtest4  (cost=0.43..8.45 rows=1 width=6)
	        Index Cond: (id = 2840159)

table 5 : explain DELETE FROM sbtest5 WHERE id=5544650
	Delete on sbtest5  (cost=0.43..8.45 rows=0 width=0)
	  ->  Index Scan using sbtest5_pkey on sbtest5  (cost=0.43..8.45 rows=1 width=6)
	        Index Cond: (id = 5544650)

table 6 : explain DELETE FROM sbtest6 WHERE id=3398000
	Delete on sbtest6  (cost=0.43..8.45 rows=0 width=0)
	  ->  Index Scan using sbtest6_pkey on sbtest6  (cost=0.43..8.45 rows=1 width=6)
	        Index Cond: (id = 3398000)

table 7 : explain DELETE FROM sbtest7 WHERE id=9501647
	Delete on sbtest7  (cost=0.43..8.45 rows=0 width=0)
	  ->  Index Scan using sbtest7_pkey on sbtest7  (cost=0.43..8.45 rows=1 width=6)
	        Index Cond: (id = 9501647)

table 8 : explain DELETE FROM sbtest8 WHERE id=2305329
	Delete on sbtest8  (cost=0.43..8.45 rows=0 width=0)
	  ->  Index Scan using sbtest8_pkey on sbtest8  (cost=0.43..8.45 rows=1 width=6)
	        Index Cond: (id = 2305329)

for index_updates
table 1 : explain UPDATE sbtest1 SET k=k+1 WHERE id=4751103
	Update on sbtest1  (cost=0.43..8.46 rows=0 width=0)
	  ->  Index Scan using sbtest1_pkey on sbtest1  (cost=0.43..8.46 rows=1 width=10)
	        Index Cond: (id = 4751103)

table 2 : explain UPDATE sbtest2 SET k=k+1 WHERE id=5893391
	Update on sbtest2  (cost=0.43..8.46 rows=0 width=0)
	  ->  Index Scan using sbtest2_pkey on sbtest2  (cost=0.43..8.46 rows=1 width=10)
	        Index Cond: (id = 5893391)

table 3 : explain UPDATE sbtest3 SET k=k+1 WHERE id=1101462
	Update on sbtest3  (cost=0.43..8.46 rows=0 width=0)
	  ->  Index Scan using sbtest3_pkey on sbtest3  (cost=0.43..8.46 rows=1 width=10)
	        Index Cond: (id = 1101462)

table 4 : explain UPDATE sbtest4 SET k=k+1 WHERE id=1377534
	Update on sbtest4  (cost=0.43..8.46 rows=0 width=0)
	  ->  Index Scan using sbtest4_pkey on sbtest4  (cost=0.43..8.46 rows=1 width=10)
	        Index Cond: (id = 1377534)

table 5 : explain UPDATE sbtest5 SET k=k+1 WHERE id=3673260
	Update on sbtest5  (cost=0.43..8.46 rows=0 width=0)
	  ->  Index Scan using sbtest5_pkey on sbtest5  (cost=0.43..8.46 rows=1 width=10)
	        Index Cond: (id = 3673260)

table 6 : explain UPDATE sbtest6 SET k=k+1 WHERE id=9822806
	Update on sbtest6  (cost=0.43..8.46 rows=0 width=0)
	  ->  Index Scan using sbtest6_pkey on sbtest6  (cost=0.43..8.46 rows=1 width=10)
	        Index Cond: (id = 9822806)

table 7 : explain UPDATE sbtest7 SET k=k+1 WHERE id=8892493
	Update on sbtest7  (cost=0.43..8.46 rows=0 width=0)
	  ->  Index Scan using sbtest7_pkey on sbtest7  (cost=0.43..8.46 rows=1 width=10)
	        Index Cond: (id = 8892493)

table 8 : explain UPDATE sbtest8 SET k=k+1 WHERE id=5047148
	Update on sbtest8  (cost=0.43..8.46 rows=0 width=0)
	  ->  Index Scan using sbtest8_pkey on sbtest8  (cost=0.43..8.46 rows=1 width=10)
	        Index Cond: (id = 5047148)

explain: for inserts :: explain INSERT INTO sbtest%u (id, k, c, pad) VALUES (%u, 13, 'foobar', 'foobar')
for: order_ranges
table 1 : explain SELECT c FROM sbtest1 WHERE id BETWEEN 2115615 AND 2115714 ORDER BY c
	Sort  (cost=407.53..407.79 rows=103 width=121)
	  Sort Key: c
	  ->  Index Scan using sbtest1_pkey on sbtest1  (cost=0.43..404.09 rows=103 width=121)
	        Index Cond: ((id >= 2115615) AND (id <= 2115714))

table 2 : explain SELECT c FROM sbtest2 WHERE id BETWEEN 2052466 AND 2052565 ORDER BY c
	Sort  (cost=416.28..416.54 rows=105 width=121)
	  Sort Key: c
	  ->  Index Scan using sbtest2_pkey on sbtest2  (cost=0.43..412.75 rows=105 width=121)
	        Index Cond: ((id >= 2052466) AND (id <= 2052565))

table 3 : explain SELECT c FROM sbtest3 WHERE id BETWEEN 3740585 AND 3740684 ORDER BY c
	Sort  (cost=383.19..383.43 rows=97 width=121)
	  Sort Key: c
	  ->  Index Scan using sbtest3_pkey on sbtest3  (cost=0.43..379.99 rows=97 width=121)
	        Index Cond: ((id >= 3740585) AND (id <= 3740684))

table 4 : explain SELECT c FROM sbtest4 WHERE id BETWEEN 9065077 AND 9065176 ORDER BY c
	Sort  (cost=400.23..400.49 rows=101 width=121)
	  Sort Key: c
	  ->  Index Scan using sbtest4_pkey on sbtest4  (cost=0.43..396.87 rows=101 width=121)
	        Index Cond: ((id >= 9065077) AND (id <= 9065176))

table 5 : explain SELECT c FROM sbtest5 WHERE id BETWEEN 5144306 AND 5144405 ORDER BY c
	Sort  (cost=399.05..399.30 rows=101 width=121)
	  Sort Key: c
	  ->  Index Scan using sbtest5_pkey on sbtest5  (cost=0.43..395.69 rows=101 width=121)
	        Index Cond: ((id >= 5144306) AND (id <= 5144405))

table 6 : explain SELECT c FROM sbtest6 WHERE id BETWEEN 4938366 AND 4938465 ORDER BY c
	Sort  (cost=411.15..411.41 rows=104 width=121)
	  Sort Key: c
	  ->  Index Scan using sbtest6_pkey on sbtest6  (cost=0.43..407.67 rows=104 width=121)
	        Index Cond: ((id >= 4938366) AND (id <= 4938465))

table 7 : explain SELECT c FROM sbtest7 WHERE id BETWEEN 6579458 AND 6579557 ORDER BY c
	Sort  (cost=374.24..374.48 rows=95 width=121)
	  Sort Key: c
	  ->  Index Scan using sbtest7_pkey on sbtest7  (cost=0.43..371.12 rows=95 width=121)
	        Index Cond: ((id >= 6579458) AND (id <= 6579557))

table 8 : explain SELECT c FROM sbtest8 WHERE id BETWEEN 8538539 AND 8538638 ORDER BY c
	Sort  (cost=362.95..363.18 rows=92 width=121)
	  Sort Key: c
	  ->  Index Scan using sbtest8_pkey on sbtest8  (cost=0.43..359.95 rows=92 width=121)
	        Index Cond: ((id >= 8538539) AND (id <= 8538638))

explain: for non_index_updates :: explain UPDATE sbtest%u SET c='foobar' WHERE id=%u
for inserts
table 1 : explain INSERT INTO sbtest1 (id, k, c, pad) VALUES (952481, 13, 'foobar', 'foobar')
	Insert on sbtest1  (cost=0.00..0.01 rows=0 width=0)
	  ->  Result  (cost=0.00..0.01 rows=1 width=736)

table 2 : explain INSERT INTO sbtest2 (id, k, c, pad) VALUES (4211466, 13, 'foobar', 'foobar')
	Insert on sbtest2  (cost=0.00..0.01 rows=0 width=0)
	  ->  Result  (cost=0.00..0.01 rows=1 width=736)

table 3 : explain INSERT INTO sbtest3 (id, k, c, pad) VALUES (8128066, 13, 'foobar', 'foobar')
	Insert on sbtest3  (cost=0.00..0.01 rows=0 width=0)
	  ->  Result  (cost=0.00..0.01 rows=1 width=736)

table 4 : explain INSERT INTO sbtest4 (id, k, c, pad) VALUES (7806555, 13, 'foobar', 'foobar')
	Insert on sbtest4  (cost=0.00..0.01 rows=0 width=0)
	  ->  Result  (cost=0.00..0.01 rows=1 width=736)

table 5 : explain INSERT INTO sbtest5 (id, k, c, pad) VALUES (4074673, 13, 'foobar', 'foobar')
	Insert on sbtest5  (cost=0.00..0.01 rows=0 width=0)
	  ->  Result  (cost=0.00..0.01 rows=1 width=736)

table 6 : explain INSERT INTO sbtest6 (id, k, c, pad) VALUES (9997780, 13, 'foobar', 'foobar')
	Insert on sbtest6  (cost=0.00..0.01 rows=0 width=0)
	  ->  Result  (cost=0.00..0.01 rows=1 width=736)

table 7 : explain INSERT INTO sbtest7 (id, k, c, pad) VALUES (7513689, 13, 'foobar', 'foobar')
	Insert on sbtest7  (cost=0.00..0.01 rows=0 width=0)
	  ->  Result  (cost=0.00..0.01 rows=1 width=736)

table 8 : explain INSERT INTO sbtest8 (id, k, c, pad) VALUES (8709150, 13, 'foobar', 'foobar')
	Insert on sbtest8  (cost=0.00..0.01 rows=0 width=0)
	  ->  Result  (cost=0.00..0.01 rows=1 width=736)

for: distinct_ranges
table 1 : explain SELECT DISTINCT c FROM sbtest1 WHERE id BETWEEN 1458583 AND 1458682 ORDER BY c
	Unique  (cost=423.20..423.74 rows=107 width=121)
	  ->  Sort  (cost=423.20..423.47 rows=107 width=121)
	        Sort Key: c
	        ->  Index Scan using sbtest1_pkey on sbtest1  (cost=0.43..419.60 rows=107 width=121)
	              Index Cond: ((id >= 1458583) AND (id <= 1458682))

table 2 : explain SELECT DISTINCT c FROM sbtest2 WHERE id BETWEEN 1016005 AND 1016104 ORDER BY c
	Unique  (cost=420.21..420.74 rows=106 width=121)
	  ->  Sort  (cost=420.21..420.47 rows=106 width=121)
	        Sort Key: c
	        ->  Index Scan using sbtest2_pkey on sbtest2  (cost=0.43..416.64 rows=106 width=121)
	              Index Cond: ((id >= 1016005) AND (id <= 1016104))

table 3 : explain SELECT DISTINCT c FROM sbtest3 WHERE id BETWEEN 313771 AND 313870 ORDER BY c
	Unique  (cost=434.06..434.61 rows=110 width=121)
	  ->  Sort  (cost=434.06..434.33 rows=110 width=121)
	        Sort Key: c
	        ->  Index Scan using sbtest3_pkey on sbtest3  (cost=0.43..430.33 rows=110 width=121)
	              Index Cond: ((id >= 313771) AND (id <= 313870))

table 4 : explain SELECT DISTINCT c FROM sbtest4 WHERE id BETWEEN 3109608 AND 3109707 ORDER BY c
	Unique  (cost=357.04..357.49 rows=90 width=121)
	  ->  Sort  (cost=357.04..357.27 rows=90 width=121)
	        Sort Key: c
	        ->  Index Scan using sbtest4_pkey on sbtest4  (cost=0.43..354.12 rows=90 width=121)
	              Index Cond: ((id >= 3109608) AND (id <= 3109707))

table 5 : explain SELECT DISTINCT c FROM sbtest5 WHERE id BETWEEN 7677053 AND 7677152 ORDER BY c
	Unique  (cost=442.08..442.64 rows=112 width=121)
	  ->  Sort  (cost=442.08..442.36 rows=112 width=121)
	        Sort Key: c
	        ->  Index Scan using sbtest5_pkey on sbtest5  (cost=0.43..438.27 rows=112 width=121)
	              Index Cond: ((id >= 7677053) AND (id <= 7677152))

table 6 : explain SELECT DISTINCT c FROM sbtest6 WHERE id BETWEEN 5280030 AND 5280129 ORDER BY c
	Unique  (cost=415.07..415.59 rows=105 width=121)
	  ->  Sort  (cost=415.07..415.33 rows=105 width=121)
	        Sort Key: c
	        ->  Index Scan using sbtest6_pkey on sbtest6  (cost=0.43..411.54 rows=105 width=121)
	              Index Cond: ((id >= 5280030) AND (id <= 5280129))

table 7 : explain SELECT DISTINCT c FROM sbtest7 WHERE id BETWEEN 3563055 AND 3563154 ORDER BY c
	Unique  (cost=440.55..441.11 rows=112 width=121)
	  ->  Sort  (cost=440.55..440.83 rows=112 width=121)
	        Sort Key: c
	        ->  Index Scan using sbtest7_pkey on sbtest7  (cost=0.43..436.74 rows=112 width=121)
	              Index Cond: ((id >= 3563055) AND (id <= 3563154))

table 8 : explain SELECT DISTINCT c FROM sbtest8 WHERE id BETWEEN 5153415 AND 5153514 ORDER BY c
	Unique  (cost=421.53..422.06 rows=107 width=121)
	  ->  Sort  (cost=421.53..421.79 rows=107 width=121)
	        Sort Key: c
	        ->  Index Scan using sbtest8_pkey on sbtest8  (cost=0.43..417.92 rows=107 width=121)
	              Index Cond: ((id >= 5153415) AND (id <= 5153514))

explain: for index_updates :: explain UPDATE sbtest%u SET k=k+1 WHERE id=%u
for: distinct_ranges
table 1 : explain SELECT DISTINCT c FROM sbtest1 WHERE id BETWEEN 4529100 AND 4529199 ORDER BY c
	Unique  (cost=403.61..404.12 rows=102 width=121)
	  ->  Sort  (cost=403.61..403.87 rows=102 width=121)
	        Sort Key: c
	        ->  Index Scan using sbtest1_pkey on sbtest1  (cost=0.43..400.21 rows=102 width=121)
	              Index Cond: ((id >= 4529100) AND (id <= 4529199))

table 2 : explain SELECT DISTINCT c FROM sbtest2 WHERE id BETWEEN 7876974 AND 7877073 ORDER BY c
	Unique  (cost=420.21..420.74 rows=106 width=121)
	  ->  Sort  (cost=420.21..420.47 rows=106 width=121)
	        Sort Key: c
	        ->  Index Scan using sbtest2_pkey on sbtest2  (cost=0.43..416.64 rows=106 width=121)
	              Index Cond: ((id >= 7876974) AND (id <= 7877073))

table 3 : explain SELECT DISTINCT c FROM sbtest3 WHERE id BETWEEN 5150758 AND 5150857 ORDER BY c
	Unique  (cost=437.97..438.52 rows=111 width=121)
	  ->  Sort  (cost=437.97..438.25 rows=111 width=121)
	        Sort Key: c
	        ->  Index Scan using sbtest3_pkey on sbtest3  (cost=0.43..434.20 rows=111 width=121)
	              Index Cond: ((id >= 5150758) AND (id <= 5150857))

table 4 : explain SELECT DISTINCT c FROM sbtest4 WHERE id BETWEEN 9146094 AND 9146193 ORDER BY c
	Unique  (cost=435.55..436.10 rows=110 width=121)
	  ->  Sort  (cost=435.55..435.83 rows=110 width=121)
	        Sort Key: c
	        ->  Index Scan using sbtest4_pkey on sbtest4  (cost=0.43..431.82 rows=110 width=121)
	              Index Cond: ((id >= 9146094) AND (id <= 9146193))

table 5 : explain SELECT DISTINCT c FROM sbtest5 WHERE id BETWEEN 9624312 AND 9624411 ORDER BY c
	Unique  (cost=406.87..407.39 rows=103 width=121)
	  ->  Sort  (cost=406.87..407.13 rows=103 width=121)
	        Sort Key: c
	        ->  Index Scan using sbtest5_pkey on sbtest5  (cost=0.43..403.43 rows=103 width=121)
	              Index Cond: ((id >= 9624312) AND (id <= 9624411))

table 6 : explain SELECT DISTINCT c FROM sbtest6 WHERE id BETWEEN 2785646 AND 2785745 ORDER BY c
	Unique  (cost=395.49..395.99 rows=100 width=121)
	  ->  Sort  (cost=395.49..395.74 rows=100 width=121)
	        Sort Key: c
	        ->  Index Scan using sbtest6_pkey on sbtest6  (cost=0.43..392.17 rows=100 width=121)
	              Index Cond: ((id >= 2785646) AND (id <= 2785745))

table 7 : explain SELECT DISTINCT c FROM sbtest7 WHERE id BETWEEN 9723448 AND 9723547 ORDER BY c
	Unique  (cost=401.57..402.08 rows=102 width=121)
	  ->  Sort  (cost=401.57..401.82 rows=102 width=121)
	        Sort Key: c
	        ->  Index Scan using sbtest7_pkey on sbtest7  (cost=0.43..398.16 rows=102 width=121)
	              Index Cond: ((id >= 9723448) AND (id <= 9723547))

table 8 : explain SELECT DISTINCT c FROM sbtest8 WHERE id BETWEEN 3852716 AND 3852815 ORDER BY c
	Unique  (cost=437.14..437.69 rows=111 width=121)
	  ->  Sort  (cost=437.14..437.41 rows=111 width=121)
	        Sort Key: c
	        ->  Index Scan using sbtest8_pkey on sbtest8  (cost=0.43..433.37 rows=111 width=121)
	              Index Cond: ((id >= 3852716) AND (id <= 3852815))

for non_index_updates
table 1 : explain UPDATE sbtest1 SET c='foobar' WHERE id=6310803
	Update on sbtest1  (cost=0.43..8.45 rows=0 width=0)
	  ->  Index Scan using sbtest1_pkey on sbtest1  (cost=0.43..8.45 rows=1 width=490)
	        Index Cond: (id = 6310803)

table 2 : explain UPDATE sbtest2 SET c='foobar' WHERE id=3256771
	Update on sbtest2  (cost=0.43..8.45 rows=0 width=0)
	  ->  Index Scan using sbtest2_pkey on sbtest2  (cost=0.43..8.45 rows=1 width=490)
	        Index Cond: (id = 3256771)

table 3 : explain UPDATE sbtest3 SET c='foobar' WHERE id=702401
	Update on sbtest3  (cost=0.43..8.45 rows=0 width=0)
	  ->  Index Scan using sbtest3_pkey on sbtest3  (cost=0.43..8.45 rows=1 width=490)
	        Index Cond: (id = 702401)

table 4 : explain UPDATE sbtest4 SET c='foobar' WHERE id=5478300
	Update on sbtest4  (cost=0.43..8.45 rows=0 width=0)
	  ->  Index Scan using sbtest4_pkey on sbtest4  (cost=0.43..8.45 rows=1 width=490)
	        Index Cond: (id = 5478300)

table 5 : explain UPDATE sbtest5 SET c='foobar' WHERE id=4016969
	Update on sbtest5  (cost=0.43..8.45 rows=0 width=0)
	  ->  Index Scan using sbtest5_pkey on sbtest5  (cost=0.43..8.45 rows=1 width=490)
	        Index Cond: (id = 4016969)

table 6 : explain UPDATE sbtest6 SET c='foobar' WHERE id=8061297
	Update on sbtest6  (cost=0.43..8.45 rows=0 width=0)
	  ->  Index Scan using sbtest6_pkey on sbtest6  (cost=0.43..8.45 rows=1 width=490)
	        Index Cond: (id = 8061297)

table 7 : explain UPDATE sbtest7 SET c='foobar' WHERE id=5584575
	Update on sbtest7  (cost=0.43..8.45 rows=0 width=0)
	  ->  Index Scan using sbtest7_pkey on sbtest7  (cost=0.43..8.45 rows=1 width=490)
	        Index Cond: (id = 5584575)

table 8 : explain UPDATE sbtest8 SET c='foobar' WHERE id=4039573
	Update on sbtest8  (cost=0.43..8.45 rows=0 width=0)
	  ->  Index Scan using sbtest8_pkey on sbtest8  (cost=0.43..8.45 rows=1 width=490)
	        Index Cond: (id = 4039573)

explain: for deletes :: explain DELETE FROM sbtest%u WHERE id=%u
for index_updates
table 1 : explain UPDATE sbtest1 SET k=k+1 WHERE id=7584219
	Update on sbtest1  (cost=0.43..8.46 rows=0 width=0)
	  ->  Index Scan using sbtest1_pkey on sbtest1  (cost=0.43..8.46 rows=1 width=10)
	        Index Cond: (id = 7584219)

table 2 : explain UPDATE sbtest2 SET k=k+1 WHERE id=5746140
	Update on sbtest2  (cost=0.43..8.46 rows=0 width=0)
	  ->  Index Scan using sbtest2_pkey on sbtest2  (cost=0.43..8.46 rows=1 width=10)
	        Index Cond: (id = 5746140)

table 3 : explain UPDATE sbtest3 SET k=k+1 WHERE id=6657034
	Update on sbtest3  (cost=0.43..8.46 rows=0 width=0)
	  ->  Index Scan using sbtest3_pkey on sbtest3  (cost=0.43..8.46 rows=1 width=10)
	        Index Cond: (id = 6657034)

table 4 : explain UPDATE sbtest4 SET k=k+1 WHERE id=7918494
	Update on sbtest4  (cost=0.43..8.46 rows=0 width=0)
	  ->  Index Scan using sbtest4_pkey on sbtest4  (cost=0.43..8.46 rows=1 width=10)
	        Index Cond: (id = 7918494)

table 5 : explain UPDATE sbtest5 SET k=k+1 WHERE id=7864733
	Update on sbtest5  (cost=0.43..8.46 rows=0 width=0)
	  ->  Index Scan using sbtest5_pkey on sbtest5  (cost=0.43..8.46 rows=1 width=10)
	        Index Cond: (id = 7864733)

table 6 : explain UPDATE sbtest6 SET k=k+1 WHERE id=5358293
	Update on sbtest6  (cost=0.43..8.46 rows=0 width=0)
	  ->  Index Scan using sbtest6_pkey on sbtest6  (cost=0.43..8.46 rows=1 width=10)
	        Index Cond: (id = 5358293)

table 7 : explain UPDATE sbtest7 SET k=k+1 WHERE id=7218528
	Update on sbtest7  (cost=0.43..8.46 rows=0 width=0)
	  ->  Index Scan using sbtest7_pkey on sbtest7  (cost=0.43..8.46 rows=1 width=10)
	        Index Cond: (id = 7218528)

table 8 : explain UPDATE sbtest8 SET k=k+1 WHERE id=7809648
	Update on sbtest8  (cost=0.43..8.46 rows=0 width=0)
	  ->  Index Scan using sbtest8_pkey on sbtest8  (cost=0.43..8.46 rows=1 width=10)
	        Index Cond: (id = 7809648)

explain: for index_updates :: explain UPDATE sbtest%u SET k=k+1 WHERE id=%u
explain: for non_index_updates :: explain UPDATE sbtest%u SET c='foobar' WHERE id=%u
for non_index_updates
table 1 : explain UPDATE sbtest1 SET c='foobar' WHERE id=8039627
	Update on sbtest1  (cost=0.43..8.45 rows=0 width=0)
	  ->  Index Scan using sbtest1_pkey on sbtest1  (cost=0.43..8.45 rows=1 width=490)
	        Index Cond: (id = 8039627)

table 2 : explain UPDATE sbtest2 SET c='foobar' WHERE id=2500037
	Update on sbtest2  (cost=0.43..8.45 rows=0 width=0)
	  ->  Index Scan using sbtest2_pkey on sbtest2  (cost=0.43..8.45 rows=1 width=490)
	        Index Cond: (id = 2500037)

table 3 : explain UPDATE sbtest3 SET c='foobar' WHERE id=8427467
	Update on sbtest3  (cost=0.43..8.45 rows=0 width=0)
	  ->  Index Scan using sbtest3_pkey on sbtest3  (cost=0.43..8.45 rows=1 width=490)
	        Index Cond: (id = 8427467)

table 4 : explain UPDATE sbtest4 SET c='foobar' WHERE id=5710712
	Update on sbtest4  (cost=0.43..8.45 rows=0 width=0)
	  ->  Index Scan using sbtest4_pkey on sbtest4  (cost=0.43..8.45 rows=1 width=490)
	        Index Cond: (id = 5710712)

table 5 : explain UPDATE sbtest5 SET c='foobar' WHERE id=15181
	Update on sbtest5  (cost=0.43..8.45 rows=0 width=0)
	  ->  Index Scan using sbtest5_pkey on sbtest5  (cost=0.43..8.45 rows=1 width=490)
	        Index Cond: (id = 15181)

table 6 : explain UPDATE sbtest6 SET c='foobar' WHERE id=7555439
	Update on sbtest6  (cost=0.43..8.45 rows=0 width=0)
	  ->  Index Scan using sbtest6_pkey on sbtest6  (cost=0.43..8.45 rows=1 width=490)
	        Index Cond: (id = 7555439)

table 7 : explain UPDATE sbtest7 SET c='foobar' WHERE id=2735018
	Update on sbtest7  (cost=0.43..8.45 rows=0 width=0)
	  ->  Index Scan using sbtest7_pkey on sbtest7  (cost=0.43..8.45 rows=1 width=490)
	        Index Cond: (id = 2735018)

table 8 : explain UPDATE sbtest8 SET c='foobar' WHERE id=1163614
	Update on sbtest8  (cost=0.43..8.45 rows=0 width=0)
	  ->  Index Scan using sbtest8_pkey on sbtest8  (cost=0.43..8.45 rows=1 width=490)
	        Index Cond: (id = 1163614)

for deletes
table 1 : explain DELETE FROM sbtest1 WHERE id=9273367
	Delete on sbtest1  (cost=0.43..8.45 rows=0 width=0)
	  ->  Index Scan using sbtest1_pkey on sbtest1  (cost=0.43..8.45 rows=1 width=6)
	        Index Cond: (id = 9273367)

table 2 : explain DELETE FROM sbtest2 WHERE id=1977730
	Delete on sbtest2  (cost=0.43..8.45 rows=0 width=0)
	  ->  Index Scan using sbtest2_pkey on sbtest2  (cost=0.43..8.45 rows=1 width=6)
	        Index Cond: (id = 1977730)

table 3 : explain DELETE FROM sbtest3 WHERE id=9131673
	Delete on sbtest3  (cost=0.43..8.45 rows=0 width=0)
	  ->  Index Scan using sbtest3_pkey on sbtest3  (cost=0.43..8.45 rows=1 width=6)
	        Index Cond: (id = 9131673)

table 4 : explain DELETE FROM sbtest4 WHERE id=3335999
	Delete on sbtest4  (cost=0.43..8.45 rows=0 width=0)
	  ->  Index Scan using sbtest4_pkey on sbtest4  (cost=0.43..8.45 rows=1 width=6)
	        Index Cond: (id = 3335999)

table 5 : explain DELETE FROM sbtest5 WHERE id=8909514
	Delete on sbtest5  (cost=0.43..8.45 rows=0 width=0)
	  ->  Index Scan using sbtest5_pkey on sbtest5  (cost=0.43..8.45 rows=1 width=6)
	        Index Cond: (id = 8909514)

table 6 : explain DELETE FROM sbtest6 WHERE id=6600883
	Delete on sbtest6  (cost=0.43..8.45 rows=0 width=0)
	  ->  Index Scan using sbtest6_pkey on sbtest6  (cost=0.43..8.45 rows=1 width=6)
	        Index Cond: (id = 6600883)

table 7 : explain DELETE FROM sbtest7 WHERE id=7242558
	Delete on sbtest7  (cost=0.43..8.45 rows=0 width=0)
	  ->  Index Scan using sbtest7_pkey on sbtest7  (cost=0.43..8.45 rows=1 width=6)
	        Index Cond: (id = 7242558)

table 8 : explain DELETE FROM sbtest8 WHERE id=3914324
	Delete on sbtest8  (cost=0.43..8.45 rows=0 width=0)
	  ->  Index Scan using sbtest8_pkey on sbtest8  (cost=0.43..8.45 rows=1 width=6)
	        Index Cond: (id = 3914324)

explain: for deletes :: explain DELETE FROM sbtest%u WHERE id=%u
for index_updates
table 1 : explain UPDATE sbtest1 SET k=k+1 WHERE id=6064795
	Update on sbtest1  (cost=0.43..8.46 rows=0 width=0)
	  ->  Index Scan using sbtest1_pkey on sbtest1  (cost=0.43..8.46 rows=1 width=10)
	        Index Cond: (id = 6064795)

table 2 : explain UPDATE sbtest2 SET k=k+1 WHERE id=8505171
	Update on sbtest2  (cost=0.43..8.46 rows=0 width=0)
	  ->  Index Scan using sbtest2_pkey on sbtest2  (cost=0.43..8.46 rows=1 width=10)
	        Index Cond: (id = 8505171)

table 3 : explain UPDATE sbtest3 SET k=k+1 WHERE id=9144299
	Update on sbtest3  (cost=0.43..8.46 rows=0 width=0)
	  ->  Index Scan using sbtest3_pkey on sbtest3  (cost=0.43..8.46 rows=1 width=10)
	        Index Cond: (id = 9144299)

table 4 : explain UPDATE sbtest4 SET k=k+1 WHERE id=6627320
	Update on sbtest4  (cost=0.43..8.46 rows=0 width=0)
	  ->  Index Scan using sbtest4_pkey on sbtest4  (cost=0.43..8.46 rows=1 width=10)
	        Index Cond: (id = 6627320)

table 5 : explain UPDATE sbtest5 SET k=k+1 WHERE id=7997022
	Update on sbtest5  (cost=0.43..8.46 rows=0 width=0)
	  ->  Index Scan using sbtest5_pkey on sbtest5  (cost=0.43..8.46 rows=1 width=10)
	        Index Cond: (id = 7997022)

table 6 : explain UPDATE sbtest6 SET k=k+1 WHERE id=625876
	Update on sbtest6  (cost=0.43..8.46 rows=0 width=0)
	  ->  Index Scan using sbtest6_pkey on sbtest6  (cost=0.43..8.46 rows=1 width=10)
	        Index Cond: (id = 625876)

table 7 : explain UPDATE sbtest7 SET k=k+1 WHERE id=6614277
	Update on sbtest7  (cost=0.43..8.46 rows=0 width=0)
	  ->  Index Scan using sbtest7_pkey on sbtest7  (cost=0.43..8.46 rows=1 width=10)
	        Index Cond: (id = 6614277)

table 8 : explain UPDATE sbtest8 SET k=k+1 WHERE id=8640699
	Update on sbtest8  (cost=0.43..8.46 rows=0 width=0)
	  ->  Index Scan using sbtest8_pkey on sbtest8  (cost=0.43..8.46 rows=1 width=10)
	        Index Cond: (id = 8640699)

for deletes
table 1 : explain DELETE FROM sbtest1 WHERE id=2643683
	Delete on sbtest1  (cost=0.43..8.45 rows=0 width=0)
	  ->  Index Scan using sbtest1_pkey on sbtest1  (cost=0.43..8.45 rows=1 width=6)
	        Index Cond: (id = 2643683)

table 2 : explain DELETE FROM sbtest2 WHERE id=260412
	Delete on sbtest2  (cost=0.43..8.45 rows=0 width=0)
	  ->  Index Scan using sbtest2_pkey on sbtest2  (cost=0.43..8.45 rows=1 width=6)
	        Index Cond: (id = 260412)

table 3 : explain DELETE FROM sbtest3 WHERE id=6283442
	Delete on sbtest3  (cost=0.43..8.45 rows=0 width=0)
	  ->  Index Scan using sbtest3_pkey on sbtest3  (cost=0.43..8.45 rows=1 width=6)
	        Index Cond: (id = 6283442)

table 4 : explain DELETE FROM sbtest4 WHERE id=1324461
	Delete on sbtest4  (cost=0.43..8.45 rows=0 width=0)
	  ->  Index Scan using sbtest4_pkey on sbtest4  (cost=0.43..8.45 rows=1 width=6)
	        Index Cond: (id = 1324461)

table 5 : explain DELETE FROM sbtest5 WHERE id=6019132
	Delete on sbtest5  (cost=0.43..8.45 rows=0 width=0)
	  ->  Index Scan using sbtest5_pkey on sbtest5  (cost=0.43..8.45 rows=1 width=6)
	        Index Cond: (id = 6019132)

table 6 : explain DELETE FROM sbtest6 WHERE id=9414741
	Delete on sbtest6  (cost=0.43..8.45 rows=0 width=0)
	  ->  Index Scan using sbtest6_pkey on sbtest6  (cost=0.43..8.45 rows=1 width=6)
	        Index Cond: (id = 9414741)

table 7 : explain DELETE FROM sbtest7 WHERE id=7044052
	Delete on sbtest7  (cost=0.43..8.45 rows=0 width=0)
	  ->  Index Scan using sbtest7_pkey on sbtest7  (cost=0.43..8.45 rows=1 width=6)
	        Index Cond: (id = 7044052)

table 8 : explain DELETE FROM sbtest8 WHERE id=1098246
	Delete on sbtest8  (cost=0.43..8.45 rows=0 width=0)
	  ->  Index Scan using sbtest8_pkey on sbtest8  (cost=0.43..8.45 rows=1 width=6)
	        Index Cond: (id = 1098246)

explain: for inserts :: explain INSERT INTO sbtest%u (id, k, c, pad) VALUES (%u, 13, 'foobar', 'foobar')
explain: for inserts :: explain INSERT INTO sbtest%u (id, k, c, pad) VALUES (%u, 13, 'foobar', 'foobar')
explain: for non_index_updates :: explain UPDATE sbtest%u SET c='foobar' WHERE id=%u
for inserts
table 1 : explain INSERT INTO sbtest1 (id, k, c, pad) VALUES (9862972, 13, 'foobar', 'foobar')
	Insert on sbtest1  (cost=0.00..0.01 rows=0 width=0)
	  ->  Result  (cost=0.00..0.01 rows=1 width=736)

table 2 : explain INSERT INTO sbtest2 (id, k, c, pad) VALUES (468860, 13, 'foobar', 'foobar')
	Insert on sbtest2  (cost=0.00..0.01 rows=0 width=0)
	  ->  Result  (cost=0.00..0.01 rows=1 width=736)

table 3 : explain INSERT INTO sbtest3 (id, k, c, pad) VALUES (8510126, 13, 'foobar', 'foobar')
	Insert on sbtest3  (cost=0.00..0.01 rows=0 width=0)
	  ->  Result  (cost=0.00..0.01 rows=1 width=736)

table 4 : explain INSERT INTO sbtest4 (id, k, c, pad) VALUES (5460893, 13, 'foobar', 'foobar')
	Insert on sbtest4  (cost=0.00..0.01 rows=0 width=0)
	  ->  Result  (cost=0.00..0.01 rows=1 width=736)

table 5 : explain INSERT INTO sbtest5 (id, k, c, pad) VALUES (2897185, 13, 'foobar', 'foobar')
	Insert on sbtest5  (cost=0.00..0.01 rows=0 width=0)
	  ->  Result  (cost=0.00..0.01 rows=1 width=736)

table 6 : explain INSERT INTO sbtest6 (id, k, c, pad) VALUES (5367262, 13, 'foobar', 'foobar')
	Insert on sbtest6  (cost=0.00..0.01 rows=0 width=0)
	  ->  Result  (cost=0.00..0.01 rows=1 width=736)

table 7 : explain INSERT INTO sbtest7 (id, k, c, pad) VALUES (5254897, 13, 'foobar', 'foobar')
	Insert on sbtest7  (cost=0.00..0.01 rows=0 width=0)
	  ->  Result  (cost=0.00..0.01 rows=1 width=736)

table 8 : explain INSERT INTO sbtest8 (id, k, c, pad) VALUES (6608061, 13, 'foobar', 'foobar')
	Insert on sbtest8  (cost=0.00..0.01 rows=0 width=0)
	  ->  Result  (cost=0.00..0.01 rows=1 width=736)

for inserts
table 1 : explain INSERT INTO sbtest1 (id, k, c, pad) VALUES (2631573, 13, 'foobar', 'foobar')
	Insert on sbtest1  (cost=0.00..0.01 rows=0 width=0)
	  ->  Result  (cost=0.00..0.01 rows=1 width=736)

table 2 : explain INSERT INTO sbtest2 (id, k, c, pad) VALUES (8835637, 13, 'foobar', 'foobar')
	Insert on sbtest2  (cost=0.00..0.01 rows=0 width=0)
	  ->  Result  (cost=0.00..0.01 rows=1 width=736)

table 3 : explain INSERT INTO sbtest3 (id, k, c, pad) VALUES (5634045, 13, 'foobar', 'foobar')
	Insert on sbtest3  (cost=0.00..0.01 rows=0 width=0)
	  ->  Result  (cost=0.00..0.01 rows=1 width=736)

table 4 : explain INSERT INTO sbtest4 (id, k, c, pad) VALUES (4035125, 13, 'foobar', 'foobar')
	Insert on sbtest4  (cost=0.00..0.01 rows=0 width=0)
	  ->  Result  (cost=0.00..0.01 rows=1 width=736)

table 5 : explain INSERT INTO sbtest5 (id, k, c, pad) VALUES (433352, 13, 'foobar', 'foobar')
	Insert on sbtest5  (cost=0.00..0.01 rows=0 width=0)
	  ->  Result  (cost=0.00..0.01 rows=1 width=736)

table 6 : explain INSERT INTO sbtest6 (id, k, c, pad) VALUES (3728028, 13, 'foobar', 'foobar')
	Insert on sbtest6  (cost=0.00..0.01 rows=0 width=0)
	  ->  Result  (cost=0.00..0.01 rows=1 width=736)

table 7 : explain INSERT INTO sbtest7 (id, k, c, pad) VALUES (3741196, 13, 'foobar', 'foobar')
	Insert on sbtest7  (cost=0.00..0.01 rows=0 width=0)
	  ->  Result  (cost=0.00..0.01 rows=1 width=736)

table 8 : explain INSERT INTO sbtest8 (id, k, c, pad) VALUES (1642679, 13, 'foobar', 'foobar')
	Insert on sbtest8  (cost=0.00..0.01 rows=0 width=0)
	  ->  Result  (cost=0.00..0.01 rows=1 width=736)

for non_index_updates
table 1 : explain UPDATE sbtest1 SET c='foobar' WHERE id=389180
	Update on sbtest1  (cost=0.43..8.45 rows=0 width=0)
	  ->  Index Scan using sbtest1_pkey on sbtest1  (cost=0.43..8.45 rows=1 width=490)
	        Index Cond: (id = 389180)

table 2 : explain UPDATE sbtest2 SET c='foobar' WHERE id=1664401
	Update on sbtest2  (cost=0.43..8.45 rows=0 width=0)
	  ->  Index Scan using sbtest2_pkey on sbtest2  (cost=0.43..8.45 rows=1 width=490)
	        Index Cond: (id = 1664401)

table 3 : explain UPDATE sbtest3 SET c='foobar' WHERE id=7756855
	Update on sbtest3  (cost=0.43..8.45 rows=0 width=0)
	  ->  Index Scan using sbtest3_pkey on sbtest3  (cost=0.43..8.45 rows=1 width=490)
	        Index Cond: (id = 7756855)

table 4 : explain UPDATE sbtest4 SET c='foobar' WHERE id=1526206
	Update on sbtest4  (cost=0.43..8.45 rows=0 width=0)
	  ->  Index Scan using sbtest4_pkey on sbtest4  (cost=0.43..8.45 rows=1 width=490)
	        Index Cond: (id = 1526206)

table 5 : explain UPDATE sbtest5 SET c='foobar' WHERE id=8863782
	Update on sbtest5  (cost=0.43..8.45 rows=0 width=0)
	  ->  Index Scan using sbtest5_pkey on sbtest5  (cost=0.43..8.45 rows=1 width=490)
	        Index Cond: (id = 8863782)

table 6 : explain UPDATE sbtest6 SET c='foobar' WHERE id=8292959
	Update on sbtest6  (cost=0.43..8.45 rows=0 width=0)
	  ->  Index Scan using sbtest6_pkey on sbtest6  (cost=0.43..8.45 rows=1 width=490)
	        Index Cond: (id = 8292959)

table 7 : explain UPDATE sbtest7 SET c='foobar' WHERE id=857373
	Update on sbtest7  (cost=0.43..8.45 rows=0 width=0)
	  ->  Index Scan using sbtest7_pkey on sbtest7  (cost=0.43..8.45 rows=1 width=490)
	        Index Cond: (id = 857373)

table 8 : explain UPDATE sbtest8 SET c='foobar' WHERE id=4755458
	Update on sbtest8  (cost=0.43..8.45 rows=0 width=0)
	  ->  Index Scan using sbtest8_pkey on sbtest8  (cost=0.43..8.45 rows=1 width=490)
	        Index Cond: (id = 4755458)

explain: for deletes :: explain DELETE FROM sbtest%u WHERE id=%u
for deletes
table 1 : explain DELETE FROM sbtest1 WHERE id=5535467
	Delete on sbtest1  (cost=0.43..8.45 rows=0 width=0)
	  ->  Index Scan using sbtest1_pkey on sbtest1  (cost=0.43..8.45 rows=1 width=6)
	        Index Cond: (id = 5535467)

table 2 : explain DELETE FROM sbtest2 WHERE id=9895431
	Delete on sbtest2  (cost=0.43..8.45 rows=0 width=0)
	  ->  Index Scan using sbtest2_pkey on sbtest2  (cost=0.43..8.45 rows=1 width=6)
	        Index Cond: (id = 9895431)

table 3 : explain DELETE FROM sbtest3 WHERE id=3088646
	Delete on sbtest3  (cost=0.43..8.45 rows=0 width=0)
	  ->  Index Scan using sbtest3_pkey on sbtest3  (cost=0.43..8.45 rows=1 width=6)
	        Index Cond: (id = 3088646)

table 4 : explain DELETE FROM sbtest4 WHERE id=963318
	Delete on sbtest4  (cost=0.43..8.45 rows=0 width=0)
	  ->  Index Scan using sbtest4_pkey on sbtest4  (cost=0.43..8.45 rows=1 width=6)
	        Index Cond: (id = 963318)

table 5 : explain DELETE FROM sbtest5 WHERE id=5912346
	Delete on sbtest5  (cost=0.43..8.45 rows=0 width=0)
	  ->  Index Scan using sbtest5_pkey on sbtest5  (cost=0.43..8.45 rows=1 width=6)
	        Index Cond: (id = 5912346)

table 6 : explain DELETE FROM sbtest6 WHERE id=5859831
	Delete on sbtest6  (cost=0.43..8.45 rows=0 width=0)
	  ->  Index Scan using sbtest6_pkey on sbtest6  (cost=0.43..8.45 rows=1 width=6)
	        Index Cond: (id = 5859831)

table 7 : explain DELETE FROM sbtest7 WHERE id=2297193
	Delete on sbtest7  (cost=0.43..8.45 rows=0 width=0)
	  ->  Index Scan using sbtest7_pkey on sbtest7  (cost=0.43..8.45 rows=1 width=6)
	        Index Cond: (id = 2297193)

table 8 : explain DELETE FROM sbtest8 WHERE id=8935632
	Delete on sbtest8  (cost=0.43..8.45 rows=0 width=0)
	  ->  Index Scan using sbtest8_pkey on sbtest8  (cost=0.43..8.45 rows=1 width=6)
	        Index Cond: (id = 8935632)

explain: for inserts :: explain INSERT INTO sbtest%u (id, k, c, pad) VALUES (%u, 13, 'foobar', 'foobar')
for inserts
table 1 : explain INSERT INTO sbtest1 (id, k, c, pad) VALUES (1129842, 13, 'foobar', 'foobar')
	Insert on sbtest1  (cost=0.00..0.01 rows=0 width=0)
	  ->  Result  (cost=0.00..0.01 rows=1 width=736)

table 2 : explain INSERT INTO sbtest2 (id, k, c, pad) VALUES (2747840, 13, 'foobar', 'foobar')
	Insert on sbtest2  (cost=0.00..0.01 rows=0 width=0)
	  ->  Result  (cost=0.00..0.01 rows=1 width=736)

table 3 : explain INSERT INTO sbtest3 (id, k, c, pad) VALUES (8487836, 13, 'foobar', 'foobar')
	Insert on sbtest3  (cost=0.00..0.01 rows=0 width=0)
	  ->  Result  (cost=0.00..0.01 rows=1 width=736)

table 4 : explain INSERT INTO sbtest4 (id, k, c, pad) VALUES (7520018, 13, 'foobar', 'foobar')
	Insert on sbtest4  (cost=0.00..0.01 rows=0 width=0)
	  ->  Result  (cost=0.00..0.01 rows=1 width=736)

table 5 : explain INSERT INTO sbtest5 (id, k, c, pad) VALUES (6849410, 13, 'foobar', 'foobar')
	Insert on sbtest5  (cost=0.00..0.01 rows=0 width=0)
	  ->  Result  (cost=0.00..0.01 rows=1 width=736)

table 6 : explain INSERT INTO sbtest6 (id, k, c, pad) VALUES (5620312, 13, 'foobar', 'foobar')
	Insert on sbtest6  (cost=0.00..0.01 rows=0 width=0)
	  ->  Result  (cost=0.00..0.01 rows=1 width=736)

table 7 : explain INSERT INTO sbtest7 (id, k, c, pad) VALUES (6409594, 13, 'foobar', 'foobar')
	Insert on sbtest7  (cost=0.00..0.01 rows=0 width=0)
	  ->  Result  (cost=0.00..0.01 rows=1 width=736)

table 8 : explain INSERT INTO sbtest8 (id, k, c, pad) VALUES (1288664, 13, 'foobar', 'foobar')
	Insert on sbtest8  (cost=0.00..0.01 rows=0 width=0)
	  ->  Result  (cost=0.00..0.01 rows=1 width=736)

Threads started!

Warming up for 5 seconds...

SQL statistics:
    queries performed:
        read:                            318611805
        write:                           91032057
        other:                           45515999
        total:                           455159861
    transactions:                        22758019 (24470.76 per sec.)
    queries:                             455159861 (489414.73 per sec.)
    ignored errors:                      0      (0.00 per sec.)
    reconnects:                          0      (0.00 per sec.)

Throughput:
    events/s (eps):                      24470.7642
    time elapsed:                        930.0086s
    total number of events:              22758019

Latency (ms):
         min:                                    1.33
         avg:                                    1.63
         max:                                   59.03
         95th percentile:                        1.70
         sum:                             37176081.37

Threads fairness:
    events (avg/stddev):           568950.1000/2683.70
    execution time (avg/stddev):   929.4020/0.01

