LUA_PATH=/home/mdcallag/git/mytools/bench/sysbench.lua/lua/?.lua /home/mdcallag/git/mytools/bench/sysbench.lua/lua/sysbench --db-driver=pgsql --range-size=10 --table-size=10000000 --tables=8 --threads=40 --events=0 --warmup-time=5 --time=630 --pgsql_conn_id=true /home/mdcallag/git/mytools/bench/sysbench.lua/lua/oltp_read_only.lua run --pgsql-user=root --pgsql-password=pw --pgsql-host=127.0.0.1 --pgsql-db=ib --rand-type=uniform
48 CPUs
sysbench 1.1.0-9072687 (using bundled LuaJIT 2.1.0-beta3)

Running the test with following options:
Number of threads: 40
Warmup time: 5s
Initializing random number generator from current time


Initializing worker threads...

explain: for point_selects :: explain SELECT c FROM sbtest%u WHERE id=%u
explain: for point_selects :: explain SELECT c FROM sbtest%u WHERE id=%u
explain: for point_selects :: explain SELECT c FROM sbtest%u WHERE id=%u
explain: for point_selects :: explain SELECT c FROM sbtest%u WHERE id=%u
for point_selects
table 1 : explain SELECT c FROM sbtest1 WHERE id=5096619
	Index Scan using sbtest1_pkey on sbtest1  (cost=0.43..8.45 rows=1 width=121)
	  Index Cond: (id = 5096619)

table 2 : explain SELECT c FROM sbtest2 WHERE id=1583549
	Index Scan using sbtest2_pkey on sbtest2  (cost=0.43..8.45 rows=1 width=121)
	  Index Cond: (id = 1583549)

table 3 : explain SELECT c FROM sbtest3 WHERE id=3638566
	Index Scan using sbtest3_pkey on sbtest3  (cost=0.43..8.45 rows=1 width=121)
	  Index Cond: (id = 3638566)

table 4 : explain SELECT c FROM sbtest4 WHERE id=9264060
	Index Scan using sbtest4_pkey on sbtest4  (cost=0.43..8.45 rows=1 width=121)
	  Index Cond: (id = 9264060)

table 5 : explain SELECT c FROM sbtest5 WHERE id=6117798
	Index Scan using sbtest5_pkey on sbtest5  (cost=0.43..8.45 rows=1 width=121)
	  Index Cond: (id = 6117798)

table 6 : explain SELECT c FROM sbtest6 WHERE id=1970452
	Index Scan using sbtest6_pkey on sbtest6  (cost=0.43..8.45 rows=1 width=121)
	  Index Cond: (id = 1970452)

table 7 : explain SELECT c FROM sbtest7 WHERE id=932966
	Index Scan using sbtest7_pkey on sbtest7  (cost=0.43..8.45 rows=1 width=121)
	  Index Cond: (id = 932966)

table 8 : explain SELECT c FROM sbtest8 WHERE id=2286614
	Index Scan using sbtest8_pkey on sbtest8  (cost=0.43..8.45 rows=1 width=121)
	  Index Cond: (id = 2286614)

explain: for point_selects :: explain SELECT c FROM sbtest%u WHERE id=%u
explain: for point_selects :: explain SELECT c FROM sbtest%u WHERE id=%u
for: simple_ranges
table 1 : explain SELECT c FROM sbtest1 WHERE id BETWEEN 1730941 AND 1730950
	Index Scan using sbtest1_pkey on sbtest1  (cost=0.43..40.19 rows=9 width=121)
	  Index Cond: ((id >= 1730941) AND (id <= 1730950))

table 2 : explain SELECT c FROM sbtest2 WHERE id BETWEEN 2418359 AND 2418368
	Index Scan using sbtest2_pkey on sbtest2  (cost=0.43..44.17 rows=10 width=121)
	  Index Cond: ((id >= 2418359) AND (id <= 2418368))

table 3 : explain SELECT c FROM sbtest3 WHERE id BETWEEN 644198 AND 644207
	Index Scan using sbtest3_pkey on sbtest3  (cost=0.43..44.15 rows=10 width=121)
	  Index Cond: ((id >= 644198) AND (id <= 644207))

table 4 : explain SELECT c FROM sbtest4 WHERE id BETWEEN 7597475 AND 7597484
	Index Scan using sbtest4_pkey on sbtest4  (cost=0.43..40.11 rows=9 width=121)
	  Index Cond: ((id >= 7597475) AND (id <= 7597484))

table 5 : explain SELECT c FROM sbtest5 WHERE id BETWEEN 9588602 AND 9588611
	Index Scan using sbtest5_pkey on sbtest5  (cost=0.43..44.05 rows=10 width=121)
	  Index Cond: ((id >= 9588602) AND (id <= 9588611))

table 6 : explain SELECT c FROM sbtest6 WHERE id BETWEEN 7882955 AND 7882964
	Index Scan using sbtest6_pkey on sbtest6  (cost=0.43..44.03 rows=10 width=121)
	  Index Cond: ((id >= 7882955) AND (id <= 7882964))

table 7 : explain SELECT c FROM sbtest7 WHERE id BETWEEN 9291004 AND 9291013
	Index Scan using sbtest7_pkey on sbtest7  (cost=0.43..44.00 rows=10 width=121)
	  Index Cond: ((id >= 9291004) AND (id <= 9291013))

table 8 : explain SELECT c FROM sbtest8 WHERE id BETWEEN 7384349 AND 7384358
	Index Scan using sbtest8_pkey on sbtest8  (cost=0.43..44.03 rows=10 width=121)
	  Index Cond: ((id >= 7384349) AND (id <= 7384358))

explain: for point_selects :: explain SELECT c FROM sbtest%u WHERE id=%u
for point_selects
table 1 : explain SELECT c FROM sbtest1 WHERE id=4721211
	Index Scan using sbtest1_pkey on sbtest1  (cost=0.43..8.45 rows=1 width=121)
	  Index Cond: (id = 4721211)

table 2 : explain SELECT c FROM sbtest2 WHERE id=9891090
	Index Scan using sbtest2_pkey on sbtest2  (cost=0.43..8.45 rows=1 width=121)
	  Index Cond: (id = 9891090)

table 3 : explain SELECT c FROM sbtest3 WHERE id=23412
	Index Scan using sbtest3_pkey on sbtest3  (cost=0.43..8.45 rows=1 width=121)
	  Index Cond: (id = 23412)

table 4 : explain SELECT c FROM sbtest4 WHERE id=4462203
	Index Scan using sbtest4_pkey on sbtest4  (cost=0.43..8.45 rows=1 width=121)
	  Index Cond: (id = 4462203)

table 5 : explain SELECT c FROM sbtest5 WHERE id=4146513
	Index Scan using sbtest5_pkey on sbtest5  (cost=0.43..8.45 rows=1 width=121)
	  Index Cond: (id = 4146513)

table 6 : explain SELECT c FROM sbtest6 WHERE id=3018511
	Index Scan using sbtest6_pkey on sbtest6  (cost=0.43..8.45 rows=1 width=121)
	  Index Cond: (id = 3018511)

table 7 : explain SELECT c FROM sbtest7 WHERE id=3329943
	Index Scan using sbtest7_pkey on sbtest7  (cost=0.43..8.45 rows=1 width=121)
	  Index Cond: (id = 3329943)

table 8 : explain SELECT c FROM sbtest8 WHERE id=786797
	Index Scan using sbtest8_pkey on sbtest8  (cost=0.43..8.45 rows=1 width=121)
	  Index Cond: (id = 786797)

for point_selects
table 1 : explain SELECT c FROM sbtest1 WHERE id=8715417
	Index Scan using sbtest1_pkey on sbtest1  (cost=0.43..8.45 rows=1 width=121)
	  Index Cond: (id = 8715417)

table 2 : explain SELECT c FROM sbtest2 WHERE id=9286363
	Index Scan using sbtest2_pkey on sbtest2  (cost=0.43..8.45 rows=1 width=121)
	  Index Cond: (id = 9286363)

table 3 : explain SELECT c FROM sbtest3 WHERE id=9037935
	Index Scan using sbtest3_pkey on sbtest3  (cost=0.43..8.45 rows=1 width=121)
	  Index Cond: (id = 9037935)

table 4 : explain SELECT c FROM sbtest4 WHERE id=7825306
	Index Scan using sbtest4_pkey on sbtest4  (cost=0.43..8.45 rows=1 width=121)
	  Index Cond: (id = 7825306)

table 5 : explain SELECT c FROM sbtest5 WHERE id=2197253
	Index Scan using sbtest5_pkey on sbtest5  (cost=0.43..8.45 rows=1 width=121)
	  Index Cond: (id = 2197253)

table 6 : explain SELECT c FROM sbtest6 WHERE id=3453850
	Index Scan using sbtest6_pkey on sbtest6  (cost=0.43..8.45 rows=1 width=121)
	  Index Cond: (id = 3453850)

table 7 : explain SELECT c FROM sbtest7 WHERE id=8291466
	Index Scan using sbtest7_pkey on sbtest7  (cost=0.43..8.45 rows=1 width=121)
	  Index Cond: (id = 8291466)

table 8 : explain SELECT c FROM sbtest8 WHERE id=1056940
	Index Scan using sbtest8_pkey on sbtest8  (cost=0.43..8.45 rows=1 width=121)
	  Index Cond: (id = 1056940)

for point_selects
table 1 : explain SELECT c FROM sbtest1 WHERE id=3793982
	Index Scan using sbtest1_pkey on sbtest1  (cost=0.43..8.45 rows=1 width=121)
	  Index Cond: (id = 3793982)

table 2 : explain SELECT c FROM sbtest2 WHERE id=5018771
	Index Scan using sbtest2_pkey on sbtest2  (cost=0.43..8.45 rows=1 width=121)
	  Index Cond: (id = 5018771)

table 3 : explain SELECT c FROM sbtest3 WHERE id=6840713
	Index Scan using sbtest3_pkey on sbtest3  (cost=0.43..8.45 rows=1 width=121)
	  Index Cond: (id = 6840713)

table 4 : explain SELECT c FROM sbtest4 WHERE id=1582174
	Index Scan using sbtest4_pkey on sbtest4  (cost=0.43..8.45 rows=1 width=121)
	  Index Cond: (id = 1582174)

table 5 : explain SELECT c FROM sbtest5 WHERE id=7322161
	Index Scan using sbtest5_pkey on sbtest5  (cost=0.43..8.45 rows=1 width=121)
	  Index Cond: (id = 7322161)

table 6 : explain SELECT c FROM sbtest6 WHERE id=1245734
	Index Scan using sbtest6_pkey on sbtest6  (cost=0.43..8.45 rows=1 width=121)
	  Index Cond: (id = 1245734)

table 7 : explain SELECT c FROM sbtest7 WHERE id=4981953
	Index Scan using sbtest7_pkey on sbtest7  (cost=0.43..8.45 rows=1 width=121)
	  Index Cond: (id = 4981953)

table 8 : explain SELECT c FROM sbtest8 WHERE id=1066121
	Index Scan using sbtest8_pkey on sbtest8  (cost=0.43..8.45 rows=1 width=121)
	  Index Cond: (id = 1066121)

explain: for point_selects :: explain SELECT c FROM sbtest%u WHERE id=%u
for: sum_ranges
table 1 : explain SELECT SUM(k) FROM sbtest1 WHERE id BETWEEN 5796176 AND 5796185
	Aggregate  (cost=40.22..40.23 rows=1 width=8)
	  ->  Index Scan using sbtest1_pkey on sbtest1  (cost=0.43..40.19 rows=9 width=4)
	        Index Cond: ((id >= 5796176) AND (id <= 5796185))

table 2 : explain SELECT SUM(k) FROM sbtest2 WHERE id BETWEEN 6735238 AND 6735247
	Aggregate  (cost=44.19..44.20 rows=1 width=8)
	  ->  Index Scan using sbtest2_pkey on sbtest2  (cost=0.43..44.17 rows=10 width=4)
	        Index Cond: ((id >= 6735238) AND (id <= 6735247))

table 3 : explain SELECT SUM(k) FROM sbtest3 WHERE id BETWEEN 1297659 AND 1297668
	Aggregate  (cost=44.17..44.18 rows=1 width=8)
	  ->  Index Scan using sbtest3_pkey on sbtest3  (cost=0.43..44.15 rows=10 width=4)
	        Index Cond: ((id >= 1297659) AND (id <= 1297668))

table 4 : explain SELECT SUM(k) FROM sbtest4 WHERE id BETWEEN 1980818 AND 1980827
	Aggregate  (cost=44.09..44.10 rows=1 width=8)
	  ->  Index Scan using sbtest4_pkey on sbtest4  (cost=0.43..44.07 rows=10 width=4)
	        Index Cond: ((id >= 1980818) AND (id <= 1980827))

table 5 : explain SELECT SUM(k) FROM sbtest5 WHERE id BETWEEN 4709783 AND 4709792
	Aggregate  (cost=48.03..48.04 rows=1 width=8)
	  ->  Index Scan using sbtest5_pkey on sbtest5  (cost=0.43..48.00 rows=11 width=4)
	        Index Cond: ((id >= 4709783) AND (id <= 4709792))

table 6 : explain SELECT SUM(k) FROM sbtest6 WHERE id BETWEEN 4572030 AND 4572039
	Aggregate  (cost=48.01..48.02 rows=1 width=8)
	  ->  Index Scan using sbtest6_pkey on sbtest6  (cost=0.43..47.98 rows=11 width=4)
	        Index Cond: ((id >= 4572030) AND (id <= 4572039))

table 7 : explain SELECT SUM(k) FROM sbtest7 WHERE id BETWEEN 9773 AND 9782
	Aggregate  (cost=44.02..44.03 rows=1 width=8)
	  ->  Index Scan using sbtest7_pkey on sbtest7  (cost=0.43..44.00 rows=10 width=4)
	        Index Cond: ((id >= 9773) AND (id <= 9782))

table 8 : explain SELECT SUM(k) FROM sbtest8 WHERE id BETWEEN 2969470 AND 2969479
	Aggregate  (cost=44.05..44.06 rows=1 width=8)
	  ->  Index Scan using sbtest8_pkey on sbtest8  (cost=0.43..44.03 rows=10 width=4)
	        Index Cond: ((id >= 2969470) AND (id <= 2969479))

for point_selects
table 1 : explain SELECT c FROM sbtest1 WHERE id=7172117
	Index Scan using sbtest1_pkey on sbtest1  (cost=0.43..8.45 rows=1 width=121)
	  Index Cond: (id = 7172117)

table 2 : explain SELECT c FROM sbtest2 WHERE id=5150490
	Index Scan using sbtest2_pkey on sbtest2  (cost=0.43..8.45 rows=1 width=121)
	  Index Cond: (id = 5150490)

table 3 : explain SELECT c FROM sbtest3 WHERE id=9481416
	Index Scan using sbtest3_pkey on sbtest3  (cost=0.43..8.45 rows=1 width=121)
	  Index Cond: (id = 9481416)

table 4 : explain SELECT c FROM sbtest4 WHERE id=32578
	Index Scan using sbtest4_pkey on sbtest4  (cost=0.43..8.45 rows=1 width=121)
	  Index Cond: (id = 32578)

table 5 : explain SELECT c FROM sbtest5 WHERE id=7116551
	Index Scan using sbtest5_pkey on sbtest5  (cost=0.43..8.45 rows=1 width=121)
	  Index Cond: (id = 7116551)

table 6 : explain SELECT c FROM sbtest6 WHERE id=812076
	Index Scan using sbtest6_pkey on sbtest6  (cost=0.43..8.45 rows=1 width=121)
	  Index Cond: (id = 812076)

table 7 : explain SELECT c FROM sbtest7 WHERE id=7312372
	Index Scan using sbtest7_pkey on sbtest7  (cost=0.43..8.45 rows=1 width=121)
	  Index Cond: (id = 7312372)

table 8 : explain SELECT c FROM sbtest8 WHERE id=7935855
	Index Scan using sbtest8_pkey on sbtest8  (cost=0.43..8.45 rows=1 width=121)
	  Index Cond: (id = 7935855)

explain: for point_selects :: explain SELECT c FROM sbtest%u WHERE id=%u
for: simple_ranges
table 1 : explain SELECT c FROM sbtest1 WHERE id BETWEEN 9561991 AND 9562000
	Index Scan using sbtest1_pkey on sbtest1  (cost=0.43..44.16 rows=10 width=121)
	  Index Cond: ((id >= 9561991) AND (id <= 9562000))

table 2 : explain SELECT c FROM sbtest2 WHERE id BETWEEN 6360603 AND 6360612
	Index Scan using sbtest2_pkey on sbtest2  (cost=0.43..44.17 rows=10 width=121)
	  Index Cond: ((id >= 6360603) AND (id <= 6360612))

table 3 : explain SELECT c FROM sbtest3 WHERE id BETWEEN 2527591 AND 2527600
	Index Scan using sbtest3_pkey on sbtest3  (cost=0.43..48.12 rows=11 width=121)
	  Index Cond: ((id >= 2527591) AND (id <= 2527600))

table 4 : explain SELECT c FROM sbtest4 WHERE id BETWEEN 5304320 AND 5304329
	Index Scan using sbtest4_pkey on sbtest4  (cost=0.43..44.07 rows=10 width=121)
	  Index Cond: ((id >= 5304320) AND (id <= 5304329))

table 5 : explain SELECT c FROM sbtest5 WHERE id BETWEEN 9504896 AND 9504905
	Index Scan using sbtest5_pkey on sbtest5  (cost=0.43..40.09 rows=9 width=121)
	  Index Cond: ((id >= 9504896) AND (id <= 9504905))

table 6 : explain SELECT c FROM sbtest6 WHERE id BETWEEN 9474079 AND 9474088
	Index Scan using sbtest6_pkey on sbtest6  (cost=0.43..44.03 rows=10 width=121)
	  Index Cond: ((id >= 9474079) AND (id <= 9474088))

table 7 : explain SELECT c FROM sbtest7 WHERE id BETWEEN 4516793 AND 4516802
	Index Scan using sbtest7_pkey on sbtest7  (cost=0.43..44.00 rows=10 width=121)
	  Index Cond: ((id >= 4516793) AND (id <= 4516802))

table 8 : explain SELECT c FROM sbtest8 WHERE id BETWEEN 856840 AND 856849
	Index Scan using sbtest8_pkey on sbtest8  (cost=0.43..44.03 rows=10 width=121)
	  Index Cond: ((id >= 856840) AND (id <= 856849))

for: simple_ranges
table 1 : explain SELECT c FROM sbtest1 WHERE id BETWEEN 3087586 AND 3087595
	Index Scan using sbtest1_pkey on sbtest1  (cost=0.43..44.16 rows=10 width=121)
	  Index Cond: ((id >= 3087586) AND (id <= 3087595))

table 2 : explain SELECT c FROM sbtest2 WHERE id BETWEEN 5164100 AND 5164109
	Index Scan using sbtest2_pkey on sbtest2  (cost=0.43..44.17 rows=10 width=121)
	  Index Cond: ((id >= 5164100) AND (id <= 5164109))

table 3 : explain SELECT c FROM sbtest3 WHERE id BETWEEN 8641327 AND 8641336
	Index Scan using sbtest3_pkey on sbtest3  (cost=0.43..44.15 rows=10 width=121)
	  Index Cond: ((id >= 8641327) AND (id <= 8641336))

table 4 : explain SELECT c FROM sbtest4 WHERE id BETWEEN 8264691 AND 8264700
	Index Scan using sbtest4_pkey on sbtest4  (cost=0.43..44.07 rows=10 width=121)
	  Index Cond: ((id >= 8264691) AND (id <= 8264700))

table 5 : explain SELECT c FROM sbtest5 WHERE id BETWEEN 4223051 AND 4223060
	Index Scan using sbtest5_pkey on sbtest5  (cost=0.43..44.05 rows=10 width=121)
	  Index Cond: ((id >= 4223051) AND (id <= 4223060))

table 6 : explain SELECT c FROM sbtest6 WHERE id BETWEEN 5001119 AND 5001128
	Index Scan using sbtest6_pkey on sbtest6  (cost=0.43..40.07 rows=9 width=121)
	  Index Cond: ((id >= 5001119) AND (id <= 5001128))

table 7 : explain SELECT c FROM sbtest7 WHERE id BETWEEN 873686 AND 873695
	Index Scan using sbtest7_pkey on sbtest7  (cost=0.43..44.00 rows=10 width=121)
	  Index Cond: ((id >= 873686) AND (id <= 873695))

table 8 : explain SELECT c FROM sbtest8 WHERE id BETWEEN 8659059 AND 8659068
	Index Scan using sbtest8_pkey on sbtest8  (cost=0.43..40.07 rows=9 width=121)
	  Index Cond: ((id >= 8659059) AND (id <= 8659068))

for: simple_ranges
table 1 : explain SELECT c FROM sbtest1 WHERE id BETWEEN 3191111 AND 3191120
	Index Scan using sbtest1_pkey on sbtest1  (cost=0.43..44.16 rows=10 width=121)
	  Index Cond: ((id >= 3191111) AND (id <= 3191120))

table 2 : explain SELECT c FROM sbtest2 WHERE id BETWEEN 7342429 AND 7342438
	Index Scan using sbtest2_pkey on sbtest2  (cost=0.43..48.14 rows=11 width=121)
	  Index Cond: ((id >= 7342429) AND (id <= 7342438))

table 3 : explain SELECT c FROM sbtest3 WHERE id BETWEEN 7808311 AND 7808320
	Index Scan using sbtest3_pkey on sbtest3  (cost=0.43..48.12 rows=11 width=121)
	  Index Cond: ((id >= 7808311) AND (id <= 7808320))

table 4 : explain SELECT c FROM sbtest4 WHERE id BETWEEN 6866488 AND 6866497
	Index Scan using sbtest4_pkey on sbtest4  (cost=0.43..48.02 rows=11 width=121)
	  Index Cond: ((id >= 6866488) AND (id <= 6866497))

table 5 : explain SELECT c FROM sbtest5 WHERE id BETWEEN 8722960 AND 8722969
	Index Scan using sbtest5_pkey on sbtest5  (cost=0.43..44.05 rows=10 width=121)
	  Index Cond: ((id >= 8722960) AND (id <= 8722969))

table 6 : explain SELECT c FROM sbtest6 WHERE id BETWEEN 1558356 AND 1558365
	Index Scan using sbtest6_pkey on sbtest6  (cost=0.43..44.03 rows=10 width=121)
	  Index Cond: ((id >= 1558356) AND (id <= 1558365))

table 7 : explain SELECT c FROM sbtest7 WHERE id BETWEEN 9739169 AND 9739178
	Index Scan using sbtest7_pkey on sbtest7  (cost=0.43..44.00 rows=10 width=121)
	  Index Cond: ((id >= 9739169) AND (id <= 9739178))

table 8 : explain SELECT c FROM sbtest8 WHERE id BETWEEN 4081272 AND 4081281
	Index Scan using sbtest8_pkey on sbtest8  (cost=0.43..44.03 rows=10 width=121)
	  Index Cond: ((id >= 4081272) AND (id <= 4081281))

explain: for point_selects :: explain SELECT c FROM sbtest%u WHERE id=%u
for point_selects
table 1 : explain SELECT c FROM sbtest1 WHERE id=5411850
	Index Scan using sbtest1_pkey on sbtest1  (cost=0.43..8.45 rows=1 width=121)
	  Index Cond: (id = 5411850)

table 2 : explain SELECT c FROM sbtest2 WHERE id=8369250
	Index Scan using sbtest2_pkey on sbtest2  (cost=0.43..8.45 rows=1 width=121)
	  Index Cond: (id = 8369250)

table 3 : explain SELECT c FROM sbtest3 WHERE id=9365157
	Index Scan using sbtest3_pkey on sbtest3  (cost=0.43..8.45 rows=1 width=121)
	  Index Cond: (id = 9365157)

table 4 : explain SELECT c FROM sbtest4 WHERE id=7685649
	Index Scan using sbtest4_pkey on sbtest4  (cost=0.43..8.45 rows=1 width=121)
	  Index Cond: (id = 7685649)

table 5 : explain SELECT c FROM sbtest5 WHERE id=886428
	Index Scan using sbtest5_pkey on sbtest5  (cost=0.43..8.45 rows=1 width=121)
	  Index Cond: (id = 886428)

table 6 : explain SELECT c FROM sbtest6 WHERE id=5333907
	Index Scan using sbtest6_pkey on sbtest6  (cost=0.43..8.45 rows=1 width=121)
	  Index Cond: (id = 5333907)

table 7 : explain SELECT c FROM sbtest7 WHERE id=996537
	Index Scan using sbtest7_pkey on sbtest7  (cost=0.43..8.45 rows=1 width=121)
	  Index Cond: (id = 996537)

table 8 : explain SELECT c FROM sbtest8 WHERE id=8869244
	Index Scan using sbtest8_pkey on sbtest8  (cost=0.43..8.45 rows=1 width=121)
	  Index Cond: (id = 8869244)

for: order_ranges
table 1 : explain SELECT c FROM sbtest1 WHERE id BETWEEN 3211761 AND 3211770 ORDER BY c
	Sort  (cost=44.33..44.35 rows=10 width=121)
	  Sort Key: c
	  ->  Index Scan using sbtest1_pkey on sbtest1  (cost=0.43..44.16 rows=10 width=121)
	        Index Cond: ((id >= 3211761) AND (id <= 3211770))

table 2 : explain SELECT c FROM sbtest2 WHERE id BETWEEN 7524293 AND 7524302 ORDER BY c
	Sort  (cost=44.34..44.36 rows=10 width=121)
	  Sort Key: c
	  ->  Index Scan using sbtest2_pkey on sbtest2  (cost=0.43..44.17 rows=10 width=121)
	        Index Cond: ((id >= 7524293) AND (id <= 7524302))

table 3 : explain SELECT c FROM sbtest3 WHERE id BETWEEN 754662 AND 754671 ORDER BY c
	Sort  (cost=44.32..44.34 rows=10 width=121)
	  Sort Key: c
	  ->  Index Scan using sbtest3_pkey on sbtest3  (cost=0.43..44.15 rows=10 width=121)
	        Index Cond: ((id >= 754662) AND (id <= 754671))

table 4 : explain SELECT c FROM sbtest4 WHERE id BETWEEN 411665 AND 411674 ORDER BY c
	Sort  (cost=48.21..48.24 rows=11 width=121)
	  Sort Key: c
	  ->  Index Scan using sbtest4_pkey on sbtest4  (cost=0.43..48.02 rows=11 width=121)
	        Index Cond: ((id >= 411665) AND (id <= 411674))

table 5 : explain SELECT c FROM sbtest5 WHERE id BETWEEN 814164 AND 814173 ORDER BY c
	Sort  (cost=44.22..44.24 rows=10 width=121)
	  Sort Key: c
	  ->  Index Scan using sbtest5_pkey on sbtest5  (cost=0.43..44.05 rows=10 width=121)
	        Index Cond: ((id >= 814164) AND (id <= 814173))

table 6 : explain SELECT c FROM sbtest6 WHERE id BETWEEN 4180380 AND 4180389 ORDER BY c
	Sort  (cost=44.19..44.22 rows=10 width=121)
	  Sort Key: c
	  ->  Index Scan using sbtest6_pkey on sbtest6  (cost=0.43..44.03 rows=10 width=121)
	        Index Cond: ((id >= 4180380) AND (id <= 4180389))

table 7 : explain SELECT c FROM sbtest7 WHERE id BETWEEN 506778 AND 506787 ORDER BY c
	Sort  (cost=44.17..44.19 rows=10 width=121)
	  Sort Key: c
	  ->  Index Scan using sbtest7_pkey on sbtest7  (cost=0.43..44.00 rows=10 width=121)
	        Index Cond: ((id >= 506778) AND (id <= 506787))

table 8 : explain SELECT c FROM sbtest8 WHERE id BETWEEN 8253997 AND 8254006 ORDER BY c
	Sort  (cost=40.22..40.24 rows=9 width=121)
	  Sort Key: c
	  ->  Index Scan using sbtest8_pkey on sbtest8  (cost=0.43..40.07 rows=9 width=121)
	        Index Cond: ((id >= 8253997) AND (id <= 8254006))

for: simple_ranges
table 1 : explain SELECT c FROM sbtest1 WHERE id BETWEEN 2777402 AND 2777411
	Index Scan using sbtest1_pkey on sbtest1  (cost=0.43..44.16 rows=10 width=121)
	  Index Cond: ((id >= 2777402) AND (id <= 2777411))

table 2 : explain SELECT c FROM sbtest2 WHERE id BETWEEN 2524186 AND 2524195
	Index Scan using sbtest2_pkey on sbtest2  (cost=0.43..44.17 rows=10 width=121)
	  Index Cond: ((id >= 2524186) AND (id <= 2524195))

table 3 : explain SELECT c FROM sbtest3 WHERE id BETWEEN 1091464 AND 1091473
	Index Scan using sbtest3_pkey on sbtest3  (cost=0.43..44.15 rows=10 width=121)
	  Index Cond: ((id >= 1091464) AND (id <= 1091473))

table 4 : explain SELECT c FROM sbtest4 WHERE id BETWEEN 5324292 AND 5324301
	Index Scan using sbtest4_pkey on sbtest4  (cost=0.43..44.07 rows=10 width=121)
	  Index Cond: ((id >= 5324292) AND (id <= 5324301))

table 5 : explain SELECT c FROM sbtest5 WHERE id BETWEEN 7403577 AND 7403586
	Index Scan using sbtest5_pkey on sbtest5  (cost=0.43..40.09 rows=9 width=121)
	  Index Cond: ((id >= 7403577) AND (id <= 7403586))

table 6 : explain SELECT c FROM sbtest6 WHERE id BETWEEN 3324115 AND 3324124
	Index Scan using sbtest6_pkey on sbtest6  (cost=0.43..47.98 rows=11 width=121)
	  Index Cond: ((id >= 3324115) AND (id <= 3324124))

table 7 : explain SELECT c FROM sbtest7 WHERE id BETWEEN 6166698 AND 6166707
	Index Scan using sbtest7_pkey on sbtest7  (cost=0.43..44.00 rows=10 width=121)
	  Index Cond: ((id >= 6166698) AND (id <= 6166707))

table 8 : explain SELECT c FROM sbtest8 WHERE id BETWEEN 5969351 AND 5969360
	Index Scan using sbtest8_pkey on sbtest8  (cost=0.43..44.03 rows=10 width=121)
	  Index Cond: ((id >= 5969351) AND (id <= 5969360))

explain: for point_selects :: explain SELECT c FROM sbtest%u WHERE id=%u
for point_selects
table 1 : explain SELECT c FROM sbtest1 WHERE id=6788955
	Index Scan using sbtest1_pkey on sbtest1  (cost=0.43..8.45 rows=1 width=121)
	  Index Cond: (id = 6788955)

table 2 : explain SELECT c FROM sbtest2 WHERE id=4428314
	Index Scan using sbtest2_pkey on sbtest2  (cost=0.43..8.45 rows=1 width=121)
	  Index Cond: (id = 4428314)

table 3 : explain SELECT c FROM sbtest3 WHERE id=945833
	Index Scan using sbtest3_pkey on sbtest3  (cost=0.43..8.45 rows=1 width=121)
	  Index Cond: (id = 945833)

table 4 : explain SELECT c FROM sbtest4 WHERE id=5643510
	Index Scan using sbtest4_pkey on sbtest4  (cost=0.43..8.45 rows=1 width=121)
	  Index Cond: (id = 5643510)

table 5 : explain SELECT c FROM sbtest5 WHERE id=7949643
	Index Scan using sbtest5_pkey on sbtest5  (cost=0.43..8.45 rows=1 width=121)
	  Index Cond: (id = 7949643)

table 6 : explain SELECT c FROM sbtest6 WHERE id=8327404
	Index Scan using sbtest6_pkey on sbtest6  (cost=0.43..8.45 rows=1 width=121)
	  Index Cond: (id = 8327404)

table 7 : explain SELECT c FROM sbtest7 WHERE id=6728307
	Index Scan using sbtest7_pkey on sbtest7  (cost=0.43..8.45 rows=1 width=121)
	  Index Cond: (id = 6728307)

table 8 : explain SELECT c FROM sbtest8 WHERE id=5122917
	Index Scan using sbtest8_pkey on sbtest8  (cost=0.43..8.45 rows=1 width=121)
	  Index Cond: (id = 5122917)

for: sum_ranges
table 1 : explain SELECT SUM(k) FROM sbtest1 WHERE id BETWEEN 5105856 AND 5105865
	Aggregate  (cost=44.19..44.20 rows=1 width=8)
	  ->  Index Scan using sbtest1_pkey on sbtest1  (cost=0.43..44.16 rows=10 width=4)
	        Index Cond: ((id >= 5105856) AND (id <= 5105865))

table 2 : explain SELECT SUM(k) FROM sbtest2 WHERE id BETWEEN 1565473 AND 1565482
	Aggregate  (cost=44.19..44.20 rows=1 width=8)
	  ->  Index Scan using sbtest2_pkey on sbtest2  (cost=0.43..44.17 rows=10 width=4)
	        Index Cond: ((id >= 1565473) AND (id <= 1565482))

table 3 : explain SELECT SUM(k) FROM sbtest3 WHERE id BETWEEN 4933827 AND 4933836
	Aggregate  (cost=44.17..44.18 rows=1 width=8)
	  ->  Index Scan using sbtest3_pkey on sbtest3  (cost=0.43..44.15 rows=10 width=4)
	        Index Cond: ((id >= 4933827) AND (id <= 4933836))

table 4 : explain SELECT SUM(k) FROM sbtest4 WHERE id BETWEEN 5904302 AND 5904311
	Aggregate  (cost=44.09..44.10 rows=1 width=8)
	  ->  Index Scan using sbtest4_pkey on sbtest4  (cost=0.43..44.07 rows=10 width=4)
	        Index Cond: ((id >= 5904302) AND (id <= 5904311))

table 5 : explain SELECT SUM(k) FROM sbtest5 WHERE id BETWEEN 5143626 AND 5143635
	Aggregate  (cost=44.07..44.08 rows=1 width=8)
	  ->  Index Scan using sbtest5_pkey on sbtest5  (cost=0.43..44.05 rows=10 width=4)
	        Index Cond: ((id >= 5143626) AND (id <= 5143635))

table 6 : explain SELECT SUM(k) FROM sbtest6 WHERE id BETWEEN 7901535 AND 7901544
	Aggregate  (cost=44.05..44.06 rows=1 width=8)
	  ->  Index Scan using sbtest6_pkey on sbtest6  (cost=0.43..44.03 rows=10 width=4)
	        Index Cond: ((id >= 7901535) AND (id <= 7901544))

table 7 : explain SELECT SUM(k) FROM sbtest7 WHERE id BETWEEN 6803678 AND 6803687
	Aggregate  (cost=47.98..47.99 rows=1 width=8)
	  ->  Index Scan using sbtest7_pkey on sbtest7  (cost=0.43..47.95 rows=11 width=4)
	        Index Cond: ((id >= 6803678) AND (id <= 6803687))

table 8 : explain SELECT SUM(k) FROM sbtest8 WHERE id BETWEEN 3004964 AND 3004973
	Aggregate  (cost=48.01..48.02 rows=1 width=8)
	  ->  Index Scan using sbtest8_pkey on sbtest8  (cost=0.43..47.98 rows=11 width=4)
	        Index Cond: ((id >= 3004964) AND (id <= 3004973))

for: sum_ranges
table 1 : explain SELECT SUM(k) FROM sbtest1 WHERE id BETWEEN 4294977 AND 4294986
	Aggregate  (cost=40.22..40.23 rows=1 width=8)
	  ->  Index Scan using sbtest1_pkey on sbtest1  (cost=0.43..40.19 rows=9 width=4)
	        Index Cond: ((id >= 4294977) AND (id <= 4294986))

table 2 : explain SELECT SUM(k) FROM sbtest2 WHERE id BETWEEN 2858658 AND 2858667
	Aggregate  (cost=48.17..48.18 rows=1 width=8)
	  ->  Index Scan using sbtest2_pkey on sbtest2  (cost=0.43..48.14 rows=11 width=4)
	        Index Cond: ((id >= 2858658) AND (id <= 2858667))

table 3 : explain SELECT SUM(k) FROM sbtest3 WHERE id BETWEEN 6400099 AND 6400108
	Aggregate  (cost=44.17..44.18 rows=1 width=8)
	  ->  Index Scan using sbtest3_pkey on sbtest3  (cost=0.43..44.15 rows=10 width=4)
	        Index Cond: ((id >= 6400099) AND (id <= 6400108))

table 4 : explain SELECT SUM(k) FROM sbtest4 WHERE id BETWEEN 6187941 AND 6187950
	Aggregate  (cost=44.09..44.10 rows=1 width=8)
	  ->  Index Scan using sbtest4_pkey on sbtest4  (cost=0.43..44.07 rows=10 width=4)
	        Index Cond: ((id >= 6187941) AND (id <= 6187950))

table 5 : explain SELECT SUM(k) FROM sbtest5 WHERE id BETWEEN 3272193 AND 3272202
	Aggregate  (cost=44.07..44.08 rows=1 width=8)
	  ->  Index Scan using sbtest5_pkey on sbtest5  (cost=0.43..44.05 rows=10 width=4)
	        Index Cond: ((id >= 3272193) AND (id <= 3272202))

table 6 : explain SELECT SUM(k) FROM sbtest6 WHERE id BETWEEN 6958433 AND 6958442
	Aggregate  (cost=44.05..44.06 rows=1 width=8)
	  ->  Index Scan using sbtest6_pkey on sbtest6  (cost=0.43..44.03 rows=10 width=4)
	        Index Cond: ((id >= 6958433) AND (id <= 6958442))

table 7 : explain SELECT SUM(k) FROM sbtest7 WHERE id BETWEEN 2780465 AND 2780474
	Aggregate  (cost=40.07..40.08 rows=1 width=8)
	  ->  Index Scan using sbtest7_pkey on sbtest7  (cost=0.43..40.05 rows=9 width=4)
	        Index Cond: ((id >= 2780465) AND (id <= 2780474))

table 8 : explain SELECT SUM(k) FROM sbtest8 WHERE id BETWEEN 4438685 AND 4438694
	Aggregate  (cost=40.10..40.11 rows=1 width=8)
	  ->  Index Scan using sbtest8_pkey on sbtest8  (cost=0.43..40.07 rows=9 width=4)
	        Index Cond: ((id >= 4438685) AND (id <= 4438694))

for point_selects
table 1 : explain SELECT c FROM sbtest1 WHERE id=2575697
	Index Scan using sbtest1_pkey on sbtest1  (cost=0.43..8.45 rows=1 width=121)
	  Index Cond: (id = 2575697)

table 2 : explain SELECT c FROM sbtest2 WHERE id=1216072
	Index Scan using sbtest2_pkey on sbtest2  (cost=0.43..8.45 rows=1 width=121)
	  Index Cond: (id = 1216072)

table 3 : explain SELECT c FROM sbtest3 WHERE id=7551028
	Index Scan using sbtest3_pkey on sbtest3  (cost=0.43..8.45 rows=1 width=121)
	  Index Cond: (id = 7551028)

table 4 : explain SELECT c FROM sbtest4 WHERE id=3337605
	Index Scan using sbtest4_pkey on sbtest4  (cost=0.43..8.45 rows=1 width=121)
	  Index Cond: (id = 3337605)

table 5 : explain SELECT c FROM sbtest5 WHERE id=9630089
	Index Scan using sbtest5_pkey on sbtest5  (cost=0.43..8.45 rows=1 width=121)
	  Index Cond: (id = 9630089)

table 6 : explain SELECT c FROM sbtest6 WHERE id=9943659
	Index Scan using sbtest6_pkey on sbtest6  (cost=0.43..8.45 rows=1 width=121)
	  Index Cond: (id = 9943659)

table 7 : explain SELECT c FROM sbtest7 WHERE id=1208532
	Index Scan using sbtest7_pkey on sbtest7  (cost=0.43..8.45 rows=1 width=121)
	  Index Cond: (id = 1208532)

table 8 : explain SELECT c FROM sbtest8 WHERE id=8094671
	Index Scan using sbtest8_pkey on sbtest8  (cost=0.43..8.45 rows=1 width=121)
	  Index Cond: (id = 8094671)

for: simple_ranges
table 1 : explain SELECT c FROM sbtest1 WHERE id BETWEEN 99727 AND 99736
	Index Scan using sbtest1_pkey on sbtest1  (cost=0.43..44.16 rows=10 width=121)
	  Index Cond: ((id >= 99727) AND (id <= 99736))

table 2 : explain SELECT c FROM sbtest2 WHERE id BETWEEN 6240944 AND 6240953
	Index Scan using sbtest2_pkey on sbtest2  (cost=0.43..44.17 rows=10 width=121)
	  Index Cond: ((id >= 6240944) AND (id <= 6240953))

table 3 : explain SELECT c FROM sbtest3 WHERE id BETWEEN 6188824 AND 6188833
	Index Scan using sbtest3_pkey on sbtest3  (cost=0.43..48.12 rows=11 width=121)
	  Index Cond: ((id >= 6188824) AND (id <= 6188833))

table 4 : explain SELECT c FROM sbtest4 WHERE id BETWEEN 7329627 AND 7329636
	Index Scan using sbtest4_pkey on sbtest4  (cost=0.43..44.07 rows=10 width=121)
	  Index Cond: ((id >= 7329627) AND (id <= 7329636))

table 5 : explain SELECT c FROM sbtest5 WHERE id BETWEEN 4070158 AND 4070167
	Index Scan using sbtest5_pkey on sbtest5  (cost=0.43..44.05 rows=10 width=121)
	  Index Cond: ((id >= 4070158) AND (id <= 4070167))

table 6 : explain SELECT c FROM sbtest6 WHERE id BETWEEN 4413061 AND 4413070
	Index Scan using sbtest6_pkey on sbtest6  (cost=0.43..40.07 rows=9 width=121)
	  Index Cond: ((id >= 4413061) AND (id <= 4413070))

table 7 : explain SELECT c FROM sbtest7 WHERE id BETWEEN 8616906 AND 8616915
	Index Scan using sbtest7_pkey on sbtest7  (cost=0.43..44.00 rows=10 width=121)
	  Index Cond: ((id >= 8616906) AND (id <= 8616915))

table 8 : explain SELECT c FROM sbtest8 WHERE id BETWEEN 6084872 AND 6084881
	Index Scan using sbtest8_pkey on sbtest8  (cost=0.43..44.03 rows=10 width=121)
	  Index Cond: ((id >= 6084872) AND (id <= 6084881))

for: sum_ranges
table 1 : explain SELECT SUM(k) FROM sbtest1 WHERE id BETWEEN 946485 AND 946494
	Aggregate  (cost=48.16..48.17 rows=1 width=8)
	  ->  Index Scan using sbtest1_pkey on sbtest1  (cost=0.43..48.13 rows=11 width=4)
	        Index Cond: ((id >= 946485) AND (id <= 946494))

table 2 : explain SELECT SUM(k) FROM sbtest2 WHERE id BETWEEN 1168457 AND 1168466
	Aggregate  (cost=44.19..44.20 rows=1 width=8)
	  ->  Index Scan using sbtest2_pkey on sbtest2  (cost=0.43..44.17 rows=10 width=4)
	        Index Cond: ((id >= 1168457) AND (id <= 1168466))

table 3 : explain SELECT SUM(k) FROM sbtest3 WHERE id BETWEEN 6783065 AND 6783074
	Aggregate  (cost=44.17..44.18 rows=1 width=8)
	  ->  Index Scan using sbtest3_pkey on sbtest3  (cost=0.43..44.15 rows=10 width=4)
	        Index Cond: ((id >= 6783065) AND (id <= 6783074))

table 4 : explain SELECT SUM(k) FROM sbtest4 WHERE id BETWEEN 1096193 AND 1096202
	Aggregate  (cost=44.09..44.10 rows=1 width=8)
	  ->  Index Scan using sbtest4_pkey on sbtest4  (cost=0.43..44.07 rows=10 width=4)
	        Index Cond: ((id >= 1096193) AND (id <= 1096202))

table 5 : explain SELECT SUM(k) FROM sbtest5 WHERE id BETWEEN 8640272 AND 8640281
	Aggregate  (cost=44.07..44.08 rows=1 width=8)
	  ->  Index Scan using sbtest5_pkey on sbtest5  (cost=0.43..44.05 rows=10 width=4)
	        Index Cond: ((id >= 8640272) AND (id <= 8640281))

table 6 : explain SELECT SUM(k) FROM sbtest6 WHERE id BETWEEN 1607053 AND 1607062
	Aggregate  (cost=44.05..44.06 rows=1 width=8)
	  ->  Index Scan using sbtest6_pkey on sbtest6  (cost=0.43..44.03 rows=10 width=4)
	        Index Cond: ((id >= 1607053) AND (id <= 1607062))

table 7 : explain SELECT SUM(k) FROM sbtest7 WHERE id BETWEEN 9037204 AND 9037213
	Aggregate  (cost=44.02..44.03 rows=1 width=8)
	  ->  Index Scan using sbtest7_pkey on sbtest7  (cost=0.43..44.00 rows=10 width=4)
	        Index Cond: ((id >= 9037204) AND (id <= 9037213))

table 8 : explain SELECT SUM(k) FROM sbtest8 WHERE id BETWEEN 4924166 AND 4924175
	Aggregate  (cost=48.01..48.02 rows=1 width=8)
	  ->  Index Scan using sbtest8_pkey on sbtest8  (cost=0.43..47.98 rows=11 width=4)
	        Index Cond: ((id >= 4924166) AND (id <= 4924175))

explain: for point_selects :: explain SELECT c FROM sbtest%u WHERE id=%u
for: distinct_ranges
table 1 : explain SELECT DISTINCT c FROM sbtest1 WHERE id BETWEEN 141483 AND 141492 ORDER BY c
	Unique  (cost=44.33..44.38 rows=10 width=121)
	  ->  Sort  (cost=44.33..44.35 rows=10 width=121)
	        Sort Key: c
	        ->  Index Scan using sbtest1_pkey on sbtest1  (cost=0.43..44.16 rows=10 width=121)
	              Index Cond: ((id >= 141483) AND (id <= 141492))

table 2 : explain SELECT DISTINCT c FROM sbtest2 WHERE id BETWEEN 5860524 AND 5860533 ORDER BY c
	Unique  (cost=44.34..44.39 rows=10 width=121)
	  ->  Sort  (cost=44.34..44.36 rows=10 width=121)
	        Sort Key: c
	        ->  Index Scan using sbtest2_pkey on sbtest2  (cost=0.43..44.17 rows=10 width=121)
	              Index Cond: ((id >= 5860524) AND (id <= 5860533))

table 3 : explain SELECT DISTINCT c FROM sbtest3 WHERE id BETWEEN 1662230 AND 1662239 ORDER BY c
	Unique  (cost=40.33..40.37 rows=9 width=121)
	  ->  Sort  (cost=40.33..40.35 rows=9 width=121)
	        Sort Key: c
	        ->  Index Scan using sbtest3_pkey on sbtest3  (cost=0.43..40.18 rows=9 width=121)
	              Index Cond: ((id >= 1662230) AND (id <= 1662239))

table 4 : explain SELECT DISTINCT c FROM sbtest4 WHERE id BETWEEN 3398890 AND 3398899 ORDER BY c
	Unique  (cost=44.23..44.28 rows=10 width=121)
	  ->  Sort  (cost=44.23..44.26 rows=10 width=121)
	        Sort Key: c
	        ->  Index Scan using sbtest4_pkey on sbtest4  (cost=0.43..44.07 rows=10 width=121)
	              Index Cond: ((id >= 3398890) AND (id <= 3398899))

table 5 : explain SELECT DISTINCT c FROM sbtest5 WHERE id BETWEEN 7202986 AND 7202995 ORDER BY c
	Unique  (cost=44.22..44.27 rows=10 width=121)
	  ->  Sort  (cost=44.22..44.24 rows=10 width=121)
	        Sort Key: c
	        ->  Index Scan using sbtest5_pkey on sbtest5  (cost=0.43..44.05 rows=10 width=121)
	              Index Cond: ((id >= 7202986) AND (id <= 7202995))

table 6 : explain SELECT DISTINCT c FROM sbtest6 WHERE id BETWEEN 6161451 AND 6161460 ORDER BY c
	Unique  (cost=44.19..44.24 rows=10 width=121)
	  ->  Sort  (cost=44.19..44.22 rows=10 width=121)
	        Sort Key: c
	        ->  Index Scan using sbtest6_pkey on sbtest6  (cost=0.43..44.03 rows=10 width=121)
	              Index Cond: ((id >= 6161451) AND (id <= 6161460))

table 7 : explain SELECT DISTINCT c FROM sbtest7 WHERE id BETWEEN 7164661 AND 7164670 ORDER BY c
	Unique  (cost=44.17..44.22 rows=10 width=121)
	  ->  Sort  (cost=44.17..44.19 rows=10 width=121)
	        Sort Key: c
	        ->  Index Scan using sbtest7_pkey on sbtest7  (cost=0.43..44.00 rows=10 width=121)
	              Index Cond: ((id >= 7164661) AND (id <= 7164670))

table 8 : explain SELECT DISTINCT c FROM sbtest8 WHERE id BETWEEN 3861452 AND 3861461 ORDER BY c
	Unique  (cost=40.22..40.26 rows=9 width=121)
	  ->  Sort  (cost=40.22..40.24 rows=9 width=121)
	        Sort Key: c
	        ->  Index Scan using sbtest8_pkey on sbtest8  (cost=0.43..40.07 rows=9 width=121)
	              Index Cond: ((id >= 3861452) AND (id <= 3861461))

for: simple_ranges
table 1 : explain SELECT c FROM sbtest1 WHERE id BETWEEN 1668821 AND 1668830
	Index Scan using sbtest1_pkey on sbtest1  (cost=0.43..40.19 rows=9 width=121)
	  Index Cond: ((id >= 1668821) AND (id <= 1668830))

table 2 : explain SELECT c FROM sbtest2 WHERE id BETWEEN 1862783 AND 1862792
	Index Scan using sbtest2_pkey on sbtest2  (cost=0.43..44.17 rows=10 width=121)
	  Index Cond: ((id >= 1862783) AND (id <= 1862792))

table 3 : explain SELECT c FROM sbtest3 WHERE id BETWEEN 4025863 AND 4025872
	Index Scan using sbtest3_pkey on sbtest3  (cost=0.43..44.15 rows=10 width=121)
	  Index Cond: ((id >= 4025863) AND (id <= 4025872))

table 4 : explain SELECT c FROM sbtest4 WHERE id BETWEEN 9244169 AND 9244178
	Index Scan using sbtest4_pkey on sbtest4  (cost=0.43..48.02 rows=11 width=121)
	  Index Cond: ((id >= 9244169) AND (id <= 9244178))

table 5 : explain SELECT c FROM sbtest5 WHERE id BETWEEN 8508349 AND 8508358
	Index Scan using sbtest5_pkey on sbtest5  (cost=0.43..44.05 rows=10 width=121)
	  Index Cond: ((id >= 8508349) AND (id <= 8508358))

table 6 : explain SELECT c FROM sbtest6 WHERE id BETWEEN 9391010 AND 9391019
	Index Scan using sbtest6_pkey on sbtest6  (cost=0.43..47.98 rows=11 width=121)
	  Index Cond: ((id >= 9391010) AND (id <= 9391019))

table 7 : explain SELECT c FROM sbtest7 WHERE id BETWEEN 2460610 AND 2460619
	Index Scan using sbtest7_pkey on sbtest7  (cost=0.43..44.00 rows=10 width=121)
	  Index Cond: ((id >= 2460610) AND (id <= 2460619))

table 8 : explain SELECT c FROM sbtest8 WHERE id BETWEEN 8540484 AND 8540493
	Index Scan using sbtest8_pkey on sbtest8  (cost=0.43..40.07 rows=9 width=121)
	  Index Cond: ((id >= 8540484) AND (id <= 8540493))

for point_selects
table 1 : explain SELECT c FROM sbtest1 WHERE id=4691717
	Index Scan using sbtest1_pkey on sbtest1  (cost=0.43..8.45 rows=1 width=121)
	  Index Cond: (id = 4691717)

table 2 : explain SELECT c FROM sbtest2 WHERE id=6823364
	Index Scan using sbtest2_pkey on sbtest2  (cost=0.43..8.45 rows=1 width=121)
	  Index Cond: (id = 6823364)

table 3 : explain SELECT c FROM sbtest3 WHERE id=803138
	Index Scan using sbtest3_pkey on sbtest3  (cost=0.43..8.45 rows=1 width=121)
	  Index Cond: (id = 803138)

table 4 : explain SELECT c FROM sbtest4 WHERE id=9975853
	Index Scan using sbtest4_pkey on sbtest4  (cost=0.43..8.45 rows=1 width=121)
	  Index Cond: (id = 9975853)

table 5 : explain SELECT c FROM sbtest5 WHERE id=9126067
	Index Scan using sbtest5_pkey on sbtest5  (cost=0.43..8.45 rows=1 width=121)
	  Index Cond: (id = 9126067)

table 6 : explain SELECT c FROM sbtest6 WHERE id=1438748
	Index Scan using sbtest6_pkey on sbtest6  (cost=0.43..8.45 rows=1 width=121)
	  Index Cond: (id = 1438748)

table 7 : explain SELECT c FROM sbtest7 WHERE id=6916712
	Index Scan using sbtest7_pkey on sbtest7  (cost=0.43..8.45 rows=1 width=121)
	  Index Cond: (id = 6916712)

table 8 : explain SELECT c FROM sbtest8 WHERE id=6450217
	Index Scan using sbtest8_pkey on sbtest8  (cost=0.43..8.45 rows=1 width=121)
	  Index Cond: (id = 6450217)

explain: for point_selects :: explain SELECT c FROM sbtest%u WHERE id=%u
for: sum_ranges
table 1 : explain SELECT SUM(k) FROM sbtest1 WHERE id BETWEEN 4517511 AND 4517520
	Aggregate  (cost=44.19..44.20 rows=1 width=8)
	  ->  Index Scan using sbtest1_pkey on sbtest1  (cost=0.43..44.16 rows=10 width=4)
	        Index Cond: ((id >= 4517511) AND (id <= 4517520))

table 2 : explain SELECT SUM(k) FROM sbtest2 WHERE id BETWEEN 3923041 AND 3923050
	Aggregate  (cost=44.19..44.20 rows=1 width=8)
	  ->  Index Scan using sbtest2_pkey on sbtest2  (cost=0.43..44.17 rows=10 width=4)
	        Index Cond: ((id >= 3923041) AND (id <= 3923050))

table 3 : explain SELECT SUM(k) FROM sbtest3 WHERE id BETWEEN 3825815 AND 3825824
	Aggregate  (cost=44.17..44.18 rows=1 width=8)
	  ->  Index Scan using sbtest3_pkey on sbtest3  (cost=0.43..44.15 rows=10 width=4)
	        Index Cond: ((id >= 3825815) AND (id <= 3825824))

table 4 : explain SELECT SUM(k) FROM sbtest4 WHERE id BETWEEN 7005121 AND 7005130
	Aggregate  (cost=44.09..44.10 rows=1 width=8)
	  ->  Index Scan using sbtest4_pkey on sbtest4  (cost=0.43..44.07 rows=10 width=4)
	        Index Cond: ((id >= 7005121) AND (id <= 7005130))

table 5 : explain SELECT SUM(k) FROM sbtest5 WHERE id BETWEEN 763215 AND 763224
	Aggregate  (cost=44.07..44.08 rows=1 width=8)
	  ->  Index Scan using sbtest5_pkey on sbtest5  (cost=0.43..44.05 rows=10 width=4)
	        Index Cond: ((id >= 763215) AND (id <= 763224))

table 6 : explain SELECT SUM(k) FROM sbtest6 WHERE id BETWEEN 517283 AND 517292
	Aggregate  (cost=44.05..44.06 rows=1 width=8)
	  ->  Index Scan using sbtest6_pkey on sbtest6  (cost=0.43..44.03 rows=10 width=4)
	        Index Cond: ((id >= 517283) AND (id <= 517292))

table 7 : explain SELECT SUM(k) FROM sbtest7 WHERE id BETWEEN 2393521 AND 2393530
	Aggregate  (cost=40.07..40.08 rows=1 width=8)
	  ->  Index Scan using sbtest7_pkey on sbtest7  (cost=0.43..40.05 rows=9 width=4)
	        Index Cond: ((id >= 2393521) AND (id <= 2393530))

table 8 : explain SELECT SUM(k) FROM sbtest8 WHERE id BETWEEN 1099427 AND 1099436
	Aggregate  (cost=44.05..44.06 rows=1 width=8)
	  ->  Index Scan using sbtest8_pkey on sbtest8  (cost=0.43..44.03 rows=10 width=4)
	        Index Cond: ((id >= 1099427) AND (id <= 1099436))

for: order_ranges
table 1 : explain SELECT c FROM sbtest1 WHERE id BETWEEN 3529556 AND 3529565 ORDER BY c
	Sort  (cost=40.34..40.36 rows=9 width=121)
	  Sort Key: c
	  ->  Index Scan using sbtest1_pkey on sbtest1  (cost=0.43..40.19 rows=9 width=121)
	        Index Cond: ((id >= 3529556) AND (id <= 3529565))

table 2 : explain SELECT c FROM sbtest2 WHERE id BETWEEN 7176336 AND 7176345 ORDER BY c
	Sort  (cost=48.33..48.36 rows=11 width=121)
	  Sort Key: c
	  ->  Index Scan using sbtest2_pkey on sbtest2  (cost=0.43..48.14 rows=11 width=121)
	        Index Cond: ((id >= 7176336) AND (id <= 7176345))

table 3 : explain SELECT c FROM sbtest3 WHERE id BETWEEN 1992071 AND 1992080 ORDER BY c
	Sort  (cost=44.32..44.34 rows=10 width=121)
	  Sort Key: c
	  ->  Index Scan using sbtest3_pkey on sbtest3  (cost=0.43..44.15 rows=10 width=121)
	        Index Cond: ((id >= 1992071) AND (id <= 1992080))

table 4 : explain SELECT c FROM sbtest4 WHERE id BETWEEN 8758900 AND 8758909 ORDER BY c
	Sort  (cost=44.23..44.26 rows=10 width=121)
	  Sort Key: c
	  ->  Index Scan using sbtest4_pkey on sbtest4  (cost=0.43..44.07 rows=10 width=121)
	        Index Cond: ((id >= 8758900) AND (id <= 8758909))

table 5 : explain SELECT c FROM sbtest5 WHERE id BETWEEN 3077511 AND 3077520 ORDER BY c
	Sort  (cost=44.22..44.24 rows=10 width=121)
	  Sort Key: c
	  ->  Index Scan using sbtest5_pkey on sbtest5  (cost=0.43..44.05 rows=10 width=121)
	        Index Cond: ((id >= 3077511) AND (id <= 3077520))

table 6 : explain SELECT c FROM sbtest6 WHERE id BETWEEN 8272723 AND 8272732 ORDER BY c
	Sort  (cost=44.19..44.22 rows=10 width=121)
	  Sort Key: c
	  ->  Index Scan using sbtest6_pkey on sbtest6  (cost=0.43..44.03 rows=10 width=121)
	        Index Cond: ((id >= 8272723) AND (id <= 8272732))

table 7 : explain SELECT c FROM sbtest7 WHERE id BETWEEN 6899479 AND 6899488 ORDER BY c
	Sort  (cost=40.19..40.22 rows=9 width=121)
	  Sort Key: c
	  ->  Index Scan using sbtest7_pkey on sbtest7  (cost=0.43..40.05 rows=9 width=121)
	        Index Cond: ((id >= 6899479) AND (id <= 6899488))

table 8 : explain SELECT c FROM sbtest8 WHERE id BETWEEN 2156427 AND 2156436 ORDER BY c
	Sort  (cost=44.19..44.22 rows=10 width=121)
	  Sort Key: c
	  ->  Index Scan using sbtest8_pkey on sbtest8  (cost=0.43..44.03 rows=10 width=121)
	        Index Cond: ((id >= 2156427) AND (id <= 2156436))

for: simple_ranges
table 1 : explain SELECT c FROM sbtest1 WHERE id BETWEEN 9013047 AND 9013056
	Index Scan using sbtest1_pkey on sbtest1  (cost=0.43..48.13 rows=11 width=121)
	  Index Cond: ((id >= 9013047) AND (id <= 9013056))

table 2 : explain SELECT c FROM sbtest2 WHERE id BETWEEN 2864571 AND 2864580
	Index Scan using sbtest2_pkey on sbtest2  (cost=0.43..48.14 rows=11 width=121)
	  Index Cond: ((id >= 2864571) AND (id <= 2864580))

table 3 : explain SELECT c FROM sbtest3 WHERE id BETWEEN 7947132 AND 7947141
	Index Scan using sbtest3_pkey on sbtest3  (cost=0.43..44.15 rows=10 width=121)
	  Index Cond: ((id >= 7947132) AND (id <= 7947141))

table 4 : explain SELECT c FROM sbtest4 WHERE id BETWEEN 3564707 AND 3564716
	Index Scan using sbtest4_pkey on sbtest4  (cost=0.43..40.11 rows=9 width=121)
	  Index Cond: ((id >= 3564707) AND (id <= 3564716))

table 5 : explain SELECT c FROM sbtest5 WHERE id BETWEEN 9585307 AND 9585316
	Index Scan using sbtest5_pkey on sbtest5  (cost=0.43..44.05 rows=10 width=121)
	  Index Cond: ((id >= 9585307) AND (id <= 9585316))

table 6 : explain SELECT c FROM sbtest6 WHERE id BETWEEN 547967 AND 547976
	Index Scan using sbtest6_pkey on sbtest6  (cost=0.43..44.03 rows=10 width=121)
	  Index Cond: ((id >= 547967) AND (id <= 547976))

table 7 : explain SELECT c FROM sbtest7 WHERE id BETWEEN 6834726 AND 6834735
	Index Scan using sbtest7_pkey on sbtest7  (cost=0.43..47.95 rows=11 width=121)
	  Index Cond: ((id >= 6834726) AND (id <= 6834735))

table 8 : explain SELECT c FROM sbtest8 WHERE id BETWEEN 7925665 AND 7925674
	Index Scan using sbtest8_pkey on sbtest8  (cost=0.43..47.98 rows=11 width=121)
	  Index Cond: ((id >= 7925665) AND (id <= 7925674))

for point_selects
table 1 : explain SELECT c FROM sbtest1 WHERE id=2232012
	Index Scan using sbtest1_pkey on sbtest1  (cost=0.43..8.45 rows=1 width=121)
	  Index Cond: (id = 2232012)

table 2 : explain SELECT c FROM sbtest2 WHERE id=5927678
	Index Scan using sbtest2_pkey on sbtest2  (cost=0.43..8.45 rows=1 width=121)
	  Index Cond: (id = 5927678)

table 3 : explain SELECT c FROM sbtest3 WHERE id=1623760
	Index Scan using sbtest3_pkey on sbtest3  (cost=0.43..8.45 rows=1 width=121)
	  Index Cond: (id = 1623760)

table 4 : explain SELECT c FROM sbtest4 WHERE id=8654257
	Index Scan using sbtest4_pkey on sbtest4  (cost=0.43..8.45 rows=1 width=121)
	  Index Cond: (id = 8654257)

table 5 : explain SELECT c FROM sbtest5 WHERE id=9375871
	Index Scan using sbtest5_pkey on sbtest5  (cost=0.43..8.45 rows=1 width=121)
	  Index Cond: (id = 9375871)

table 6 : explain SELECT c FROM sbtest6 WHERE id=862109
	Index Scan using sbtest6_pkey on sbtest6  (cost=0.43..8.45 rows=1 width=121)
	  Index Cond: (id = 862109)

table 7 : explain SELECT c FROM sbtest7 WHERE id=9671267
	Index Scan using sbtest7_pkey on sbtest7  (cost=0.43..8.45 rows=1 width=121)
	  Index Cond: (id = 9671267)

table 8 : explain SELECT c FROM sbtest8 WHERE id=4965840
	Index Scan using sbtest8_pkey on sbtest8  (cost=0.43..8.45 rows=1 width=121)
	  Index Cond: (id = 4965840)

for: order_ranges
table 1 : explain SELECT c FROM sbtest1 WHERE id BETWEEN 7488812 AND 7488821 ORDER BY c
	Sort  (cost=44.33..44.35 rows=10 width=121)
	  Sort Key: c
	  ->  Index Scan using sbtest1_pkey on sbtest1  (cost=0.43..44.16 rows=10 width=121)
	        Index Cond: ((id >= 7488812) AND (id <= 7488821))

table 2 : explain SELECT c FROM sbtest2 WHERE id BETWEEN 4940409 AND 4940418 ORDER BY c
	Sort  (cost=48.33..48.36 rows=11 width=121)
	  Sort Key: c
	  ->  Index Scan using sbtest2_pkey on sbtest2  (cost=0.43..48.14 rows=11 width=121)
	        Index Cond: ((id >= 4940409) AND (id <= 4940418))

table 3 : explain SELECT c FROM sbtest3 WHERE id BETWEEN 4127481 AND 4127490 ORDER BY c
	Sort  (cost=44.32..44.34 rows=10 width=121)
	  Sort Key: c
	  ->  Index Scan using sbtest3_pkey on sbtest3  (cost=0.43..44.15 rows=10 width=121)
	        Index Cond: ((id >= 4127481) AND (id <= 4127490))

table 4 : explain SELECT c FROM sbtest4 WHERE id BETWEEN 5520991 AND 5521000 ORDER BY c
	Sort  (cost=44.23..44.26 rows=10 width=121)
	  Sort Key: c
	  ->  Index Scan using sbtest4_pkey on sbtest4  (cost=0.43..44.07 rows=10 width=121)
	        Index Cond: ((id >= 5520991) AND (id <= 5521000))

table 5 : explain SELECT c FROM sbtest5 WHERE id BETWEEN 9928265 AND 9928274 ORDER BY c
	Sort  (cost=44.22..44.24 rows=10 width=121)
	  Sort Key: c
	  ->  Index Scan using sbtest5_pkey on sbtest5  (cost=0.43..44.05 rows=10 width=121)
	        Index Cond: ((id >= 9928265) AND (id <= 9928274))

table 6 : explain SELECT c FROM sbtest6 WHERE id BETWEEN 2674616 AND 2674625 ORDER BY c
	Sort  (cost=44.19..44.22 rows=10 width=121)
	  Sort Key: c
	  ->  Index Scan using sbtest6_pkey on sbtest6  (cost=0.43..44.03 rows=10 width=121)
	        Index Cond: ((id >= 2674616) AND (id <= 2674625))

table 7 : explain SELECT c FROM sbtest7 WHERE id BETWEEN 6951984 AND 6951993 ORDER BY c
	Sort  (cost=40.19..40.22 rows=9 width=121)
	  Sort Key: c
	  ->  Index Scan using sbtest7_pkey on sbtest7  (cost=0.43..40.05 rows=9 width=121)
	        Index Cond: ((id >= 6951984) AND (id <= 6951993))

table 8 : explain SELECT c FROM sbtest8 WHERE id BETWEEN 8248878 AND 8248887 ORDER BY c
	Sort  (cost=40.22..40.24 rows=9 width=121)
	  Sort Key: c
	  ->  Index Scan using sbtest8_pkey on sbtest8  (cost=0.43..40.07 rows=9 width=121)
	        Index Cond: ((id >= 8248878) AND (id <= 8248887))

for: order_ranges
table 1 : explain SELECT c FROM sbtest1 WHERE id BETWEEN 4290167 AND 4290176 ORDER BY c
	Sort  (cost=40.34..40.36 rows=9 width=121)
	  Sort Key: c
	  ->  Index Scan using sbtest1_pkey on sbtest1  (cost=0.43..40.19 rows=9 width=121)
	        Index Cond: ((id >= 4290167) AND (id <= 4290176))

table 2 : explain SELECT c FROM sbtest2 WHERE id BETWEEN 6017774 AND 6017783 ORDER BY c
	Sort  (cost=44.34..44.36 rows=10 width=121)
	  Sort Key: c
	  ->  Index Scan using sbtest2_pkey on sbtest2  (cost=0.43..44.17 rows=10 width=121)
	        Index Cond: ((id >= 6017774) AND (id <= 6017783))

table 3 : explain SELECT c FROM sbtest3 WHERE id BETWEEN 6765677 AND 6765686 ORDER BY c
	Sort  (cost=44.32..44.34 rows=10 width=121)
	  Sort Key: c
	  ->  Index Scan using sbtest3_pkey on sbtest3  (cost=0.43..44.15 rows=10 width=121)
	        Index Cond: ((id >= 6765677) AND (id <= 6765686))

table 4 : explain SELECT c FROM sbtest4 WHERE id BETWEEN 5394218 AND 5394227 ORDER BY c
	Sort  (cost=44.23..44.26 rows=10 width=121)
	  Sort Key: c
	  ->  Index Scan using sbtest4_pkey on sbtest4  (cost=0.43..44.07 rows=10 width=121)
	        Index Cond: ((id >= 5394218) AND (id <= 5394227))

table 5 : explain SELECT c FROM sbtest5 WHERE id BETWEEN 3520888 AND 3520897 ORDER BY c
	Sort  (cost=40.24..40.26 rows=9 width=121)
	  Sort Key: c
	  ->  Index Scan using sbtest5_pkey on sbtest5  (cost=0.43..40.09 rows=9 width=121)
	        Index Cond: ((id >= 3520888) AND (id <= 3520897))

table 6 : explain SELECT c FROM sbtest6 WHERE id BETWEEN 2761427 AND 2761436 ORDER BY c
	Sort  (cost=44.19..44.22 rows=10 width=121)
	  Sort Key: c
	  ->  Index Scan using sbtest6_pkey on sbtest6  (cost=0.43..44.03 rows=10 width=121)
	        Index Cond: ((id >= 2761427) AND (id <= 2761436))

table 7 : explain SELECT c FROM sbtest7 WHERE id BETWEEN 1104734 AND 1104743 ORDER BY c
	Sort  (cost=48.14..48.17 rows=11 width=121)
	  Sort Key: c
	  ->  Index Scan using sbtest7_pkey on sbtest7  (cost=0.43..47.95 rows=11 width=121)
	        Index Cond: ((id >= 1104734) AND (id <= 1104743))

table 8 : explain SELECT c FROM sbtest8 WHERE id BETWEEN 3618847 AND 3618856 ORDER BY c
	Sort  (cost=44.19..44.22 rows=10 width=121)
	  Sort Key: c
	  ->  Index Scan using sbtest8_pkey on sbtest8  (cost=0.43..44.03 rows=10 width=121)
	        Index Cond: ((id >= 3618847) AND (id <= 3618856))

for: sum_ranges
table 1 : explain SELECT SUM(k) FROM sbtest1 WHERE id BETWEEN 8760112 AND 8760121
	Aggregate  (cost=48.16..48.17 rows=1 width=8)
	  ->  Index Scan using sbtest1_pkey on sbtest1  (cost=0.43..48.13 rows=11 width=4)
	        Index Cond: ((id >= 8760112) AND (id <= 8760121))

table 2 : explain SELECT SUM(k) FROM sbtest2 WHERE id BETWEEN 1504591 AND 1504600
	Aggregate  (cost=48.17..48.18 rows=1 width=8)
	  ->  Index Scan using sbtest2_pkey on sbtest2  (cost=0.43..48.14 rows=11 width=4)
	        Index Cond: ((id >= 1504591) AND (id <= 1504600))

table 3 : explain SELECT SUM(k) FROM sbtest3 WHERE id BETWEEN 2859928 AND 2859937
	Aggregate  (cost=48.14..48.15 rows=1 width=8)
	  ->  Index Scan using sbtest3_pkey on sbtest3  (cost=0.43..48.12 rows=11 width=4)
	        Index Cond: ((id >= 2859928) AND (id <= 2859937))

table 4 : explain SELECT SUM(k) FROM sbtest4 WHERE id BETWEEN 5533078 AND 5533087
	Aggregate  (cost=44.09..44.10 rows=1 width=8)
	  ->  Index Scan using sbtest4_pkey on sbtest4  (cost=0.43..44.07 rows=10 width=4)
	        Index Cond: ((id >= 5533078) AND (id <= 5533087))

table 5 : explain SELECT SUM(k) FROM sbtest5 WHERE id BETWEEN 6405131 AND 6405140
	Aggregate  (cost=48.03..48.04 rows=1 width=8)
	  ->  Index Scan using sbtest5_pkey on sbtest5  (cost=0.43..48.00 rows=11 width=4)
	        Index Cond: ((id >= 6405131) AND (id <= 6405140))

table 6 : explain SELECT SUM(k) FROM sbtest6 WHERE id BETWEEN 7163459 AND 7163468
	Aggregate  (cost=44.05..44.06 rows=1 width=8)
	  ->  Index Scan using sbtest6_pkey on sbtest6  (cost=0.43..44.03 rows=10 width=4)
	        Index Cond: ((id >= 7163459) AND (id <= 7163468))

table 7 : explain SELECT SUM(k) FROM sbtest7 WHERE id BETWEEN 610622 AND 610631
	Aggregate  (cost=47.98..47.99 rows=1 width=8)
	  ->  Index Scan using sbtest7_pkey on sbtest7  (cost=0.43..47.95 rows=11 width=4)
	        Index Cond: ((id >= 610622) AND (id <= 610631))

table 8 : explain SELECT SUM(k) FROM sbtest8 WHERE id BETWEEN 770847 AND 770856
	Aggregate  (cost=44.05..44.06 rows=1 width=8)
	  ->  Index Scan using sbtest8_pkey on sbtest8  (cost=0.43..44.03 rows=10 width=4)
	        Index Cond: ((id >= 770847) AND (id <= 770856))

explain: for point_selects :: explain SELECT c FROM sbtest%u WHERE id=%u
for point_selects
table 1 : explain SELECT c FROM sbtest1 WHERE id=6795598
	Index Scan using sbtest1_pkey on sbtest1  (cost=0.43..8.45 rows=1 width=121)
	  Index Cond: (id = 6795598)

table 2 : explain SELECT c FROM sbtest2 WHERE id=1243224
	Index Scan using sbtest2_pkey on sbtest2  (cost=0.43..8.45 rows=1 width=121)
	  Index Cond: (id = 1243224)

table 3 : explain SELECT c FROM sbtest3 WHERE id=4348333
	Index Scan using sbtest3_pkey on sbtest3  (cost=0.43..8.45 rows=1 width=121)
	  Index Cond: (id = 4348333)

table 4 : explain SELECT c FROM sbtest4 WHERE id=3198887
	Index Scan using sbtest4_pkey on sbtest4  (cost=0.43..8.45 rows=1 width=121)
	  Index Cond: (id = 3198887)

table 5 : explain SELECT c FROM sbtest5 WHERE id=9430996
	Index Scan using sbtest5_pkey on sbtest5  (cost=0.43..8.45 rows=1 width=121)
	  Index Cond: (id = 9430996)

table 6 : explain SELECT c FROM sbtest6 WHERE id=2629692
	Index Scan using sbtest6_pkey on sbtest6  (cost=0.43..8.45 rows=1 width=121)
	  Index Cond: (id = 2629692)

table 7 : explain SELECT c FROM sbtest7 WHERE id=2002079
	Index Scan using sbtest7_pkey on sbtest7  (cost=0.43..8.45 rows=1 width=121)
	  Index Cond: (id = 2002079)

table 8 : explain SELECT c FROM sbtest8 WHERE id=909681
	Index Scan using sbtest8_pkey on sbtest8  (cost=0.43..8.45 rows=1 width=121)
	  Index Cond: (id = 909681)

for: simple_ranges
table 1 : explain SELECT c FROM sbtest1 WHERE id BETWEEN 3599291 AND 3599300
	Index Scan using sbtest1_pkey on sbtest1  (cost=0.43..44.16 rows=10 width=121)
	  Index Cond: ((id >= 3599291) AND (id <= 3599300))

table 2 : explain SELECT c FROM sbtest2 WHERE id BETWEEN 2973899 AND 2973908
	Index Scan using sbtest2_pkey on sbtest2  (cost=0.43..48.14 rows=11 width=121)
	  Index Cond: ((id >= 2973899) AND (id <= 2973908))

table 3 : explain SELECT c FROM sbtest3 WHERE id BETWEEN 7909041 AND 7909050
	Index Scan using sbtest3_pkey on sbtest3  (cost=0.43..44.15 rows=10 width=121)
	  Index Cond: ((id >= 7909041) AND (id <= 7909050))

table 4 : explain SELECT c FROM sbtest4 WHERE id BETWEEN 3810995 AND 3811004
	Index Scan using sbtest4_pkey on sbtest4  (cost=0.43..40.11 rows=9 width=121)
	  Index Cond: ((id >= 3810995) AND (id <= 3811004))

table 5 : explain SELECT c FROM sbtest5 WHERE id BETWEEN 5680197 AND 5680206
	Index Scan using sbtest5_pkey on sbtest5  (cost=0.43..40.09 rows=9 width=121)
	  Index Cond: ((id >= 5680197) AND (id <= 5680206))

table 6 : explain SELECT c FROM sbtest6 WHERE id BETWEEN 5664813 AND 5664822
	Index Scan using sbtest6_pkey on sbtest6  (cost=0.43..44.03 rows=10 width=121)
	  Index Cond: ((id >= 5664813) AND (id <= 5664822))

table 7 : explain SELECT c FROM sbtest7 WHERE id BETWEEN 3340551 AND 3340560
	Index Scan using sbtest7_pkey on sbtest7  (cost=0.43..44.00 rows=10 width=121)
	  Index Cond: ((id >= 3340551) AND (id <= 3340560))

table 8 : explain SELECT c FROM sbtest8 WHERE id BETWEEN 8636042 AND 8636051
	Index Scan using sbtest8_pkey on sbtest8  (cost=0.43..40.07 rows=9 width=121)
	  Index Cond: ((id >= 8636042) AND (id <= 8636051))

for: simple_ranges
table 1 : explain SELECT c FROM sbtest1 WHERE id BETWEEN 285649 AND 285658
	Index Scan using sbtest1_pkey on sbtest1  (cost=0.43..44.16 rows=10 width=121)
	  Index Cond: ((id >= 285649) AND (id <= 285658))

table 2 : explain SELECT c FROM sbtest2 WHERE id BETWEEN 6808242 AND 6808251
	Index Scan using sbtest2_pkey on sbtest2  (cost=0.43..44.17 rows=10 width=121)
	  Index Cond: ((id >= 6808242) AND (id <= 6808251))

table 3 : explain SELECT c FROM sbtest3 WHERE id BETWEEN 6756058 AND 6756067
	Index Scan using sbtest3_pkey on sbtest3  (cost=0.43..44.15 rows=10 width=121)
	  Index Cond: ((id >= 6756058) AND (id <= 6756067))

table 4 : explain SELECT c FROM sbtest4 WHERE id BETWEEN 4244109 AND 4244118
	Index Scan using sbtest4_pkey on sbtest4  (cost=0.43..44.07 rows=10 width=121)
	  Index Cond: ((id >= 4244109) AND (id <= 4244118))

table 5 : explain SELECT c FROM sbtest5 WHERE id BETWEEN 6980823 AND 6980832
	Index Scan using sbtest5_pkey on sbtest5  (cost=0.43..44.05 rows=10 width=121)
	  Index Cond: ((id >= 6980823) AND (id <= 6980832))

table 6 : explain SELECT c FROM sbtest6 WHERE id BETWEEN 592137 AND 592146
	Index Scan using sbtest6_pkey on sbtest6  (cost=0.43..44.03 rows=10 width=121)
	  Index Cond: ((id >= 592137) AND (id <= 592146))

table 7 : explain SELECT c FROM sbtest7 WHERE id BETWEEN 1352847 AND 1352856
	Index Scan using sbtest7_pkey on sbtest7  (cost=0.43..47.95 rows=11 width=121)
	  Index Cond: ((id >= 1352847) AND (id <= 1352856))

table 8 : explain SELECT c FROM sbtest8 WHERE id BETWEEN 1966792 AND 1966801
	Index Scan using sbtest8_pkey on sbtest8  (cost=0.43..47.98 rows=11 width=121)
	  Index Cond: ((id >= 1966792) AND (id <= 1966801))

explain: for point_selects :: explain SELECT c FROM sbtest%u WHERE id=%u
for: sum_ranges
table 1 : explain SELECT SUM(k) FROM sbtest1 WHERE id BETWEEN 6105041 AND 6105050
	Aggregate  (cost=44.19..44.20 rows=1 width=8)
	  ->  Index Scan using sbtest1_pkey on sbtest1  (cost=0.43..44.16 rows=10 width=4)
	        Index Cond: ((id >= 6105041) AND (id <= 6105050))

table 2 : explain SELECT SUM(k) FROM sbtest2 WHERE id BETWEEN 536359 AND 536368
	Aggregate  (cost=44.19..44.20 rows=1 width=8)
	  ->  Index Scan using sbtest2_pkey on sbtest2  (cost=0.43..44.17 rows=10 width=4)
	        Index Cond: ((id >= 536359) AND (id <= 536368))

table 3 : explain SELECT SUM(k) FROM sbtest3 WHERE id BETWEEN 6804863 AND 6804872
	Aggregate  (cost=44.17..44.18 rows=1 width=8)
	  ->  Index Scan using sbtest3_pkey on sbtest3  (cost=0.43..44.15 rows=10 width=4)
	        Index Cond: ((id >= 6804863) AND (id <= 6804872))

table 4 : explain SELECT SUM(k) FROM sbtest4 WHERE id BETWEEN 4769199 AND 4769208
	Aggregate  (cost=44.09..44.10 rows=1 width=8)
	  ->  Index Scan using sbtest4_pkey on sbtest4  (cost=0.43..44.07 rows=10 width=4)
	        Index Cond: ((id >= 4769199) AND (id <= 4769208))

table 5 : explain SELECT SUM(k) FROM sbtest5 WHERE id BETWEEN 6737879 AND 6737888
	Aggregate  (cost=44.07..44.08 rows=1 width=8)
	  ->  Index Scan using sbtest5_pkey on sbtest5  (cost=0.43..44.05 rows=10 width=4)
	        Index Cond: ((id >= 6737879) AND (id <= 6737888))

table 6 : explain SELECT SUM(k) FROM sbtest6 WHERE id BETWEEN 6239477 AND 6239486
	Aggregate  (cost=40.10..40.11 rows=1 width=8)
	  ->  Index Scan using sbtest6_pkey on sbtest6  (cost=0.43..40.07 rows=9 width=4)
	        Index Cond: ((id >= 6239477) AND (id <= 6239486))

table 7 : explain SELECT SUM(k) FROM sbtest7 WHERE id BETWEEN 3314214 AND 3314223
	Aggregate  (cost=44.02..44.03 rows=1 width=8)
	  ->  Index Scan using sbtest7_pkey on sbtest7  (cost=0.43..44.00 rows=10 width=4)
	        Index Cond: ((id >= 3314214) AND (id <= 3314223))

table 8 : explain SELECT SUM(k) FROM sbtest8 WHERE id BETWEEN 1942712 AND 1942721
	Aggregate  (cost=48.01..48.02 rows=1 width=8)
	  ->  Index Scan using sbtest8_pkey on sbtest8  (cost=0.43..47.98 rows=11 width=4)
	        Index Cond: ((id >= 1942712) AND (id <= 1942721))

for: distinct_ranges
table 1 : explain SELECT DISTINCT c FROM sbtest1 WHERE id BETWEEN 9751824 AND 9751833 ORDER BY c
	Unique  (cost=48.32..48.38 rows=11 width=121)
	  ->  Sort  (cost=48.32..48.35 rows=11 width=121)
	        Sort Key: c
	        ->  Index Scan using sbtest1_pkey on sbtest1  (cost=0.43..48.13 rows=11 width=121)
	              Index Cond: ((id >= 9751824) AND (id <= 9751833))

table 2 : explain SELECT DISTINCT c FROM sbtest2 WHERE id BETWEEN 1001948 AND 1001957 ORDER BY c
	Unique  (cost=44.34..44.39 rows=10 width=121)
	  ->  Sort  (cost=44.34..44.36 rows=10 width=121)
	        Sort Key: c
	        ->  Index Scan using sbtest2_pkey on sbtest2  (cost=0.43..44.17 rows=10 width=121)
	              Index Cond: ((id >= 1001948) AND (id <= 1001957))

table 3 : explain SELECT DISTINCT c FROM sbtest3 WHERE id BETWEEN 103172 AND 103181 ORDER BY c
	Unique  (cost=48.31..48.36 rows=11 width=121)
	  ->  Sort  (cost=48.31..48.33 rows=11 width=121)
	        Sort Key: c
	        ->  Index Scan using sbtest3_pkey on sbtest3  (cost=0.43..48.12 rows=11 width=121)
	              Index Cond: ((id >= 103172) AND (id <= 103181))

table 4 : explain SELECT DISTINCT c FROM sbtest4 WHERE id BETWEEN 1441024 AND 1441033 ORDER BY c
	Unique  (cost=40.25..40.30 rows=9 width=121)
	  ->  Sort  (cost=40.25..40.27 rows=9 width=121)
	        Sort Key: c
	        ->  Index Scan using sbtest4_pkey on sbtest4  (cost=0.43..40.11 rows=9 width=121)
	              Index Cond: ((id >= 1441024) AND (id <= 1441033))

table 5 : explain SELECT DISTINCT c FROM sbtest5 WHERE id BETWEEN 3311419 AND 3311428 ORDER BY c
	Unique  (cost=44.22..44.27 rows=10 width=121)
	  ->  Sort  (cost=44.22..44.24 rows=10 width=121)
	        Sort Key: c
	        ->  Index Scan using sbtest5_pkey on sbtest5  (cost=0.43..44.05 rows=10 width=121)
	              Index Cond: ((id >= 3311419) AND (id <= 3311428))

table 6 : explain SELECT DISTINCT c FROM sbtest6 WHERE id BETWEEN 8779239 AND 8779248 ORDER BY c
	Unique  (cost=44.19..44.24 rows=10 width=121)
	  ->  Sort  (cost=44.19..44.22 rows=10 width=121)
	        Sort Key: c
	        ->  Index Scan using sbtest6_pkey on sbtest6  (cost=0.43..44.03 rows=10 width=121)
	              Index Cond: ((id >= 8779239) AND (id <= 8779248))

table 7 : explain SELECT DISTINCT c FROM sbtest7 WHERE id BETWEEN 4942537 AND 4942546 ORDER BY c
	Unique  (cost=44.17..44.22 rows=10 width=121)
	  ->  Sort  (cost=44.17..44.19 rows=10 width=121)
	        Sort Key: c
	        ->  Index Scan using sbtest7_pkey on sbtest7  (cost=0.43..44.00 rows=10 width=121)
	              Index Cond: ((id >= 4942537) AND (id <= 4942546))

table 8 : explain SELECT DISTINCT c FROM sbtest8 WHERE id BETWEEN 9209726 AND 9209735 ORDER BY c
	Unique  (cost=48.17..48.23 rows=11 width=121)
	  ->  Sort  (cost=48.17..48.20 rows=11 width=121)
	        Sort Key: c
	        ->  Index Scan using sbtest8_pkey on sbtest8  (cost=0.43..47.98 rows=11 width=121)
	              Index Cond: ((id >= 9209726) AND (id <= 9209735))

for: order_ranges
table 1 : explain SELECT c FROM sbtest1 WHERE id BETWEEN 3797730 AND 3797739 ORDER BY c
	Sort  (cost=40.34..40.36 rows=9 width=121)
	  Sort Key: c
	  ->  Index Scan using sbtest1_pkey on sbtest1  (cost=0.43..40.19 rows=9 width=121)
	        Index Cond: ((id >= 3797730) AND (id <= 3797739))

table 2 : explain SELECT c FROM sbtest2 WHERE id BETWEEN 836798 AND 836807 ORDER BY c
	Sort  (cost=44.34..44.36 rows=10 width=121)
	  Sort Key: c
	  ->  Index Scan using sbtest2_pkey on sbtest2  (cost=0.43..44.17 rows=10 width=121)
	        Index Cond: ((id >= 836798) AND (id <= 836807))

table 3 : explain SELECT c FROM sbtest3 WHERE id BETWEEN 73142 AND 73151 ORDER BY c
	Sort  (cost=44.32..44.34 rows=10 width=121)
	  Sort Key: c
	  ->  Index Scan using sbtest3_pkey on sbtest3  (cost=0.43..44.15 rows=10 width=121)
	        Index Cond: ((id >= 73142) AND (id <= 73151))

table 4 : explain SELECT c FROM sbtest4 WHERE id BETWEEN 6114137 AND 6114146 ORDER BY c
	Sort  (cost=44.23..44.26 rows=10 width=121)
	  Sort Key: c
	  ->  Index Scan using sbtest4_pkey on sbtest4  (cost=0.43..44.07 rows=10 width=121)
	        Index Cond: ((id >= 6114137) AND (id <= 6114146))

table 5 : explain SELECT c FROM sbtest5 WHERE id BETWEEN 1381472 AND 1381481 ORDER BY c
	Sort  (cost=44.22..44.24 rows=10 width=121)
	  Sort Key: c
	  ->  Index Scan using sbtest5_pkey on sbtest5  (cost=0.43..44.05 rows=10 width=121)
	        Index Cond: ((id >= 1381472) AND (id <= 1381481))

table 6 : explain SELECT c FROM sbtest6 WHERE id BETWEEN 6183424 AND 6183433 ORDER BY c
	Sort  (cost=44.19..44.22 rows=10 width=121)
	  Sort Key: c
	  ->  Index Scan using sbtest6_pkey on sbtest6  (cost=0.43..44.03 rows=10 width=121)
	        Index Cond: ((id >= 6183424) AND (id <= 6183433))

table 7 : explain SELECT c FROM sbtest7 WHERE id BETWEEN 4838937 AND 4838946 ORDER BY c
	Sort  (cost=44.17..44.19 rows=10 width=121)
	  Sort Key: c
	  ->  Index Scan using sbtest7_pkey on sbtest7  (cost=0.43..44.00 rows=10 width=121)
	        Index Cond: ((id >= 4838937) AND (id <= 4838946))

table 8 : explain SELECT c FROM sbtest8 WHERE id BETWEEN 2256724 AND 2256733 ORDER BY c
	Sort  (cost=44.19..44.22 rows=10 width=121)
	  Sort Key: c
	  ->  Index Scan using sbtest8_pkey on sbtest8  (cost=0.43..44.03 rows=10 width=121)
	        Index Cond: ((id >= 2256724) AND (id <= 2256733))

for point_selects
table 1 : explain SELECT c FROM sbtest1 WHERE id=6197400
	Index Scan using sbtest1_pkey on sbtest1  (cost=0.43..8.45 rows=1 width=121)
	  Index Cond: (id = 6197400)

table 2 : explain SELECT c FROM sbtest2 WHERE id=2364481
	Index Scan using sbtest2_pkey on sbtest2  (cost=0.43..8.45 rows=1 width=121)
	  Index Cond: (id = 2364481)

table 3 : explain SELECT c FROM sbtest3 WHERE id=6676932
	Index Scan using sbtest3_pkey on sbtest3  (cost=0.43..8.45 rows=1 width=121)
	  Index Cond: (id = 6676932)

table 4 : explain SELECT c FROM sbtest4 WHERE id=6003125
	Index Scan using sbtest4_pkey on sbtest4  (cost=0.43..8.45 rows=1 width=121)
	  Index Cond: (id = 6003125)

table 5 : explain SELECT c FROM sbtest5 WHERE id=1151092
	Index Scan using sbtest5_pkey on sbtest5  (cost=0.43..8.45 rows=1 width=121)
	  Index Cond: (id = 1151092)

table 6 : explain SELECT c FROM sbtest6 WHERE id=9833979
	Index Scan using sbtest6_pkey on sbtest6  (cost=0.43..8.45 rows=1 width=121)
	  Index Cond: (id = 9833979)

table 7 : explain SELECT c FROM sbtest7 WHERE id=9026427
	Index Scan using sbtest7_pkey on sbtest7  (cost=0.43..8.45 rows=1 width=121)
	  Index Cond: (id = 9026427)

table 8 : explain SELECT c FROM sbtest8 WHERE id=6096117
	Index Scan using sbtest8_pkey on sbtest8  (cost=0.43..8.45 rows=1 width=121)
	  Index Cond: (id = 6096117)

for: distinct_ranges
table 1 : explain SELECT DISTINCT c FROM sbtest1 WHERE id BETWEEN 4288576 AND 4288585 ORDER BY c
	Unique  (cost=40.34..40.38 rows=9 width=121)
	  ->  Sort  (cost=40.34..40.36 rows=9 width=121)
	        Sort Key: c
	        ->  Index Scan using sbtest1_pkey on sbtest1  (cost=0.43..40.19 rows=9 width=121)
	              Index Cond: ((id >= 4288576) AND (id <= 4288585))

table 2 : explain SELECT DISTINCT c FROM sbtest2 WHERE id BETWEEN 4573745 AND 4573754 ORDER BY c
	Unique  (cost=44.34..44.39 rows=10 width=121)
	  ->  Sort  (cost=44.34..44.36 rows=10 width=121)
	        Sort Key: c
	        ->  Index Scan using sbtest2_pkey on sbtest2  (cost=0.43..44.17 rows=10 width=121)
	              Index Cond: ((id >= 4573745) AND (id <= 4573754))

table 3 : explain SELECT DISTINCT c FROM sbtest3 WHERE id BETWEEN 9407986 AND 9407995 ORDER BY c
	Unique  (cost=44.32..44.37 rows=10 width=121)
	  ->  Sort  (cost=44.32..44.34 rows=10 width=121)
	        Sort Key: c
	        ->  Index Scan using sbtest3_pkey on sbtest3  (cost=0.43..44.15 rows=10 width=121)
	              Index Cond: ((id >= 9407986) AND (id <= 9407995))

table 4 : explain SELECT DISTINCT c FROM sbtest4 WHERE id BETWEEN 209103 AND 209112 ORDER BY c
	Unique  (cost=44.23..44.28 rows=10 width=121)
	  ->  Sort  (cost=44.23..44.26 rows=10 width=121)
	        Sort Key: c
	        ->  Index Scan using sbtest4_pkey on sbtest4  (cost=0.43..44.07 rows=10 width=121)
	              Index Cond: ((id >= 209103) AND (id <= 209112))

table 5 : explain SELECT DISTINCT c FROM sbtest5 WHERE id BETWEEN 1617875 AND 1617884 ORDER BY c
	Unique  (cost=48.19..48.25 rows=11 width=121)
	  ->  Sort  (cost=48.19..48.22 rows=11 width=121)
	        Sort Key: c
	        ->  Index Scan using sbtest5_pkey on sbtest5  (cost=0.43..48.00 rows=11 width=121)
	              Index Cond: ((id >= 1617875) AND (id <= 1617884))

table 6 : explain SELECT DISTINCT c FROM sbtest6 WHERE id BETWEEN 8866502 AND 8866511 ORDER BY c
	Unique  (cost=48.17..48.22 rows=11 width=121)
	  ->  Sort  (cost=48.17..48.20 rows=11 width=121)
	        Sort Key: c
	        ->  Index Scan using sbtest6_pkey on sbtest6  (cost=0.43..47.98 rows=11 width=121)
	              Index Cond: ((id >= 8866502) AND (id <= 8866511))

table 7 : explain SELECT DISTINCT c FROM sbtest7 WHERE id BETWEEN 6513026 AND 6513035 ORDER BY c
	Unique  (cost=48.14..48.19 rows=11 width=121)
	  ->  Sort  (cost=48.14..48.17 rows=11 width=121)
	        Sort Key: c
	        ->  Index Scan using sbtest7_pkey on sbtest7  (cost=0.43..47.95 rows=11 width=121)
	              Index Cond: ((id >= 6513026) AND (id <= 6513035))

table 8 : explain SELECT DISTINCT c FROM sbtest8 WHERE id BETWEEN 7214279 AND 7214288 ORDER BY c
	Unique  (cost=48.17..48.23 rows=11 width=121)
	  ->  Sort  (cost=48.17..48.20 rows=11 width=121)
	        Sort Key: c
	        ->  Index Scan using sbtest8_pkey on sbtest8  (cost=0.43..47.98 rows=11 width=121)
	              Index Cond: ((id >= 7214279) AND (id <= 7214288))

for: distinct_ranges
table 1 : explain SELECT DISTINCT c FROM sbtest1 WHERE id BETWEEN 6728421 AND 6728430 ORDER BY c
	Unique  (cost=48.32..48.38 rows=11 width=121)
	  ->  Sort  (cost=48.32..48.35 rows=11 width=121)
	        Sort Key: c
	        ->  Index Scan using sbtest1_pkey on sbtest1  (cost=0.43..48.13 rows=11 width=121)
	              Index Cond: ((id >= 6728421) AND (id <= 6728430))

table 2 : explain SELECT DISTINCT c FROM sbtest2 WHERE id BETWEEN 3670121 AND 3670130 ORDER BY c
	Unique  (cost=40.34..40.39 rows=9 width=121)
	  ->  Sort  (cost=40.34..40.37 rows=9 width=121)
	        Sort Key: c
	        ->  Index Scan using sbtest2_pkey on sbtest2  (cost=0.43..40.20 rows=9 width=121)
	              Index Cond: ((id >= 3670121) AND (id <= 3670130))

table 3 : explain SELECT DISTINCT c FROM sbtest3 WHERE id BETWEEN 84087 AND 84096 ORDER BY c
	Unique  (cost=44.32..44.37 rows=10 width=121)
	  ->  Sort  (cost=44.32..44.34 rows=10 width=121)
	        Sort Key: c
	        ->  Index Scan using sbtest3_pkey on sbtest3  (cost=0.43..44.15 rows=10 width=121)
	              Index Cond: ((id >= 84087) AND (id <= 84096))

table 4 : explain SELECT DISTINCT c FROM sbtest4 WHERE id BETWEEN 2751380 AND 2751389 ORDER BY c
	Unique  (cost=48.21..48.27 rows=11 width=121)
	  ->  Sort  (cost=48.21..48.24 rows=11 width=121)
	        Sort Key: c
	        ->  Index Scan using sbtest4_pkey on sbtest4  (cost=0.43..48.02 rows=11 width=121)
	              Index Cond: ((id >= 2751380) AND (id <= 2751389))

table 5 : explain SELECT DISTINCT c FROM sbtest5 WHERE id BETWEEN 4985887 AND 4985896 ORDER BY c
	Unique  (cost=44.22..44.27 rows=10 width=121)
	  ->  Sort  (cost=44.22..44.24 rows=10 width=121)
	        Sort Key: c
	        ->  Index Scan using sbtest5_pkey on sbtest5  (cost=0.43..44.05 rows=10 width=121)
	              Index Cond: ((id >= 4985887) AND (id <= 4985896))

table 6 : explain SELECT DISTINCT c FROM sbtest6 WHERE id BETWEEN 7602608 AND 7602617 ORDER BY c
	Unique  (cost=44.19..44.24 rows=10 width=121)
	  ->  Sort  (cost=44.19..44.22 rows=10 width=121)
	        Sort Key: c
	        ->  Index Scan using sbtest6_pkey on sbtest6  (cost=0.43..44.03 rows=10 width=121)
	              Index Cond: ((id >= 7602608) AND (id <= 7602617))

table 7 : explain SELECT DISTINCT c FROM sbtest7 WHERE id BETWEEN 3753233 AND 3753242 ORDER BY c
	Unique  (cost=44.17..44.22 rows=10 width=121)
	  ->  Sort  (cost=44.17..44.19 rows=10 width=121)
	        Sort Key: c
	        ->  Index Scan using sbtest7_pkey on sbtest7  (cost=0.43..44.00 rows=10 width=121)
	              Index Cond: ((id >= 3753233) AND (id <= 3753242))

table 8 : explain SELECT DISTINCT c FROM sbtest8 WHERE id BETWEEN 6305637 AND 6305646 ORDER BY c
	Unique  (cost=44.19..44.24 rows=10 width=121)
	  ->  Sort  (cost=44.19..44.22 rows=10 width=121)
	        Sort Key: c
	        ->  Index Scan using sbtest8_pkey on sbtest8  (cost=0.43..44.03 rows=10 width=121)
	              Index Cond: ((id >= 6305637) AND (id <= 6305646))

for: sum_ranges
table 1 : explain SELECT SUM(k) FROM sbtest1 WHERE id BETWEEN 7877523 AND 7877532
	Aggregate  (cost=48.16..48.17 rows=1 width=8)
	  ->  Index Scan using sbtest1_pkey on sbtest1  (cost=0.43..48.13 rows=11 width=4)
	        Index Cond: ((id >= 7877523) AND (id <= 7877532))

table 2 : explain SELECT SUM(k) FROM sbtest2 WHERE id BETWEEN 9151000 AND 9151009
	Aggregate  (cost=44.19..44.20 rows=1 width=8)
	  ->  Index Scan using sbtest2_pkey on sbtest2  (cost=0.43..44.17 rows=10 width=4)
	        Index Cond: ((id >= 9151000) AND (id <= 9151009))

table 3 : explain SELECT SUM(k) FROM sbtest3 WHERE id BETWEEN 5444054 AND 5444063
	Aggregate  (cost=44.17..44.18 rows=1 width=8)
	  ->  Index Scan using sbtest3_pkey on sbtest3  (cost=0.43..44.15 rows=10 width=4)
	        Index Cond: ((id >= 5444054) AND (id <= 5444063))

table 4 : explain SELECT SUM(k) FROM sbtest4 WHERE id BETWEEN 200235 AND 200244
	Aggregate  (cost=44.09..44.10 rows=1 width=8)
	  ->  Index Scan using sbtest4_pkey on sbtest4  (cost=0.43..44.07 rows=10 width=4)
	        Index Cond: ((id >= 200235) AND (id <= 200244))

table 5 : explain SELECT SUM(k) FROM sbtest5 WHERE id BETWEEN 9894453 AND 9894462
	Aggregate  (cost=44.07..44.08 rows=1 width=8)
	  ->  Index Scan using sbtest5_pkey on sbtest5  (cost=0.43..44.05 rows=10 width=4)
	        Index Cond: ((id >= 9894453) AND (id <= 9894462))

table 6 : explain SELECT SUM(k) FROM sbtest6 WHERE id BETWEEN 1628479 AND 1628488
	Aggregate  (cost=44.05..44.06 rows=1 width=8)
	  ->  Index Scan using sbtest6_pkey on sbtest6  (cost=0.43..44.03 rows=10 width=4)
	        Index Cond: ((id >= 1628479) AND (id <= 1628488))

table 7 : explain SELECT SUM(k) FROM sbtest7 WHERE id BETWEEN 3466353 AND 3466362
	Aggregate  (cost=44.02..44.03 rows=1 width=8)
	  ->  Index Scan using sbtest7_pkey on sbtest7  (cost=0.43..44.00 rows=10 width=4)
	        Index Cond: ((id >= 3466353) AND (id <= 3466362))

table 8 : explain SELECT SUM(k) FROM sbtest8 WHERE id BETWEEN 5211104 AND 5211113
	Aggregate  (cost=44.05..44.06 rows=1 width=8)
	  ->  Index Scan using sbtest8_pkey on sbtest8  (cost=0.43..44.03 rows=10 width=4)
	        Index Cond: ((id >= 5211104) AND (id <= 5211113))

for: order_ranges
table 1 : explain SELECT c FROM sbtest1 WHERE id BETWEEN 2637382 AND 2637391 ORDER BY c
	Sort  (cost=48.32..48.35 rows=11 width=121)
	  Sort Key: c
	  ->  Index Scan using sbtest1_pkey on sbtest1  (cost=0.43..48.13 rows=11 width=121)
	        Index Cond: ((id >= 2637382) AND (id <= 2637391))

table 2 : explain SELECT c FROM sbtest2 WHERE id BETWEEN 8353958 AND 8353967 ORDER BY c
	Sort  (cost=44.34..44.36 rows=10 width=121)
	  Sort Key: c
	  ->  Index Scan using sbtest2_pkey on sbtest2  (cost=0.43..44.17 rows=10 width=121)
	        Index Cond: ((id >= 8353958) AND (id <= 8353967))

table 3 : explain SELECT c FROM sbtest3 WHERE id BETWEEN 9901711 AND 9901720 ORDER BY c
	Sort  (cost=40.33..40.35 rows=9 width=121)
	  Sort Key: c
	  ->  Index Scan using sbtest3_pkey on sbtest3  (cost=0.43..40.18 rows=9 width=121)
	        Index Cond: ((id >= 9901711) AND (id <= 9901720))

table 4 : explain SELECT c FROM sbtest4 WHERE id BETWEEN 1058820 AND 1058829 ORDER BY c
	Sort  (cost=44.23..44.26 rows=10 width=121)
	  Sort Key: c
	  ->  Index Scan using sbtest4_pkey on sbtest4  (cost=0.43..44.07 rows=10 width=121)
	        Index Cond: ((id >= 1058820) AND (id <= 1058829))

table 5 : explain SELECT c FROM sbtest5 WHERE id BETWEEN 5876433 AND 5876442 ORDER BY c
	Sort  (cost=44.22..44.24 rows=10 width=121)
	  Sort Key: c
	  ->  Index Scan using sbtest5_pkey on sbtest5  (cost=0.43..44.05 rows=10 width=121)
	        Index Cond: ((id >= 5876433) AND (id <= 5876442))

table 6 : explain SELECT c FROM sbtest6 WHERE id BETWEEN 5941695 AND 5941704 ORDER BY c
	Sort  (cost=48.17..48.20 rows=11 width=121)
	  Sort Key: c
	  ->  Index Scan using sbtest6_pkey on sbtest6  (cost=0.43..47.98 rows=11 width=121)
	        Index Cond: ((id >= 5941695) AND (id <= 5941704))

table 7 : explain SELECT c FROM sbtest7 WHERE id BETWEEN 8723511 AND 8723520 ORDER BY c
	Sort  (cost=40.19..40.22 rows=9 width=121)
	  Sort Key: c
	  ->  Index Scan using sbtest7_pkey on sbtest7  (cost=0.43..40.05 rows=9 width=121)
	        Index Cond: ((id >= 8723511) AND (id <= 8723520))

table 8 : explain SELECT c FROM sbtest8 WHERE id BETWEEN 9201337 AND 9201346 ORDER BY c
	Sort  (cost=48.17..48.20 rows=11 width=121)
	  Sort Key: c
	  ->  Index Scan using sbtest8_pkey on sbtest8  (cost=0.43..47.98 rows=11 width=121)
	        Index Cond: ((id >= 9201337) AND (id <= 9201346))

explain: for point_selects :: explain SELECT c FROM sbtest%u WHERE id=%u
for: simple_ranges
table 1 : explain SELECT c FROM sbtest1 WHERE id BETWEEN 1037340 AND 1037349
	Index Scan using sbtest1_pkey on sbtest1  (cost=0.43..40.19 rows=9 width=121)
	  Index Cond: ((id >= 1037340) AND (id <= 1037349))

table 2 : explain SELECT c FROM sbtest2 WHERE id BETWEEN 788966 AND 788975
	Index Scan using sbtest2_pkey on sbtest2  (cost=0.43..44.17 rows=10 width=121)
	  Index Cond: ((id >= 788966) AND (id <= 788975))

table 3 : explain SELECT c FROM sbtest3 WHERE id BETWEEN 3533006 AND 3533015
	Index Scan using sbtest3_pkey on sbtest3  (cost=0.43..44.15 rows=10 width=121)
	  Index Cond: ((id >= 3533006) AND (id <= 3533015))

table 4 : explain SELECT c FROM sbtest4 WHERE id BETWEEN 7264330 AND 7264339
	Index Scan using sbtest4_pkey on sbtest4  (cost=0.43..44.07 rows=10 width=121)
	  Index Cond: ((id >= 7264330) AND (id <= 7264339))

table 5 : explain SELECT c FROM sbtest5 WHERE id BETWEEN 7357920 AND 7357929
	Index Scan using sbtest5_pkey on sbtest5  (cost=0.43..48.00 rows=11 width=121)
	  Index Cond: ((id >= 7357920) AND (id <= 7357929))

table 6 : explain SELECT c FROM sbtest6 WHERE id BETWEEN 2965154 AND 2965163
	Index Scan using sbtest6_pkey on sbtest6  (cost=0.43..47.98 rows=11 width=121)
	  Index Cond: ((id >= 2965154) AND (id <= 2965163))

table 7 : explain SELECT c FROM sbtest7 WHERE id BETWEEN 4443598 AND 4443607
	Index Scan using sbtest7_pkey on sbtest7  (cost=0.43..51.90 rows=12 width=121)
	  Index Cond: ((id >= 4443598) AND (id <= 4443607))

table 8 : explain SELECT c FROM sbtest8 WHERE id BETWEEN 361684 AND 361693
	Index Scan using sbtest8_pkey on sbtest8  (cost=0.43..44.03 rows=10 width=121)
	  Index Cond: ((id >= 361684) AND (id <= 361693))

for point_selects
table 1 : explain SELECT c FROM sbtest1 WHERE id=6163570
	Index Scan using sbtest1_pkey on sbtest1  (cost=0.43..8.45 rows=1 width=121)
	  Index Cond: (id = 6163570)

table 2 : explain SELECT c FROM sbtest2 WHERE id=161637
	Index Scan using sbtest2_pkey on sbtest2  (cost=0.43..8.45 rows=1 width=121)
	  Index Cond: (id = 161637)

table 3 : explain SELECT c FROM sbtest3 WHERE id=2571045
	Index Scan using sbtest3_pkey on sbtest3  (cost=0.43..8.45 rows=1 width=121)
	  Index Cond: (id = 2571045)

table 4 : explain SELECT c FROM sbtest4 WHERE id=7459951
	Index Scan using sbtest4_pkey on sbtest4  (cost=0.43..8.45 rows=1 width=121)
	  Index Cond: (id = 7459951)

table 5 : explain SELECT c FROM sbtest5 WHERE id=9695778
	Index Scan using sbtest5_pkey on sbtest5  (cost=0.43..8.45 rows=1 width=121)
	  Index Cond: (id = 9695778)

table 6 : explain SELECT c FROM sbtest6 WHERE id=7387125
	Index Scan using sbtest6_pkey on sbtest6  (cost=0.43..8.45 rows=1 width=121)
	  Index Cond: (id = 7387125)

table 7 : explain SELECT c FROM sbtest7 WHERE id=9284114
	Index Scan using sbtest7_pkey on sbtest7  (cost=0.43..8.45 rows=1 width=121)
	  Index Cond: (id = 9284114)

table 8 : explain SELECT c FROM sbtest8 WHERE id=5012132
	Index Scan using sbtest8_pkey on sbtest8  (cost=0.43..8.45 rows=1 width=121)
	  Index Cond: (id = 5012132)

explain: for point_selects :: explain SELECT c FROM sbtest%u WHERE id=%u
for: sum_ranges
table 1 : explain SELECT SUM(k) FROM sbtest1 WHERE id BETWEEN 4498975 AND 4498984
	Aggregate  (cost=44.19..44.20 rows=1 width=8)
	  ->  Index Scan using sbtest1_pkey on sbtest1  (cost=0.43..44.16 rows=10 width=4)
	        Index Cond: ((id >= 4498975) AND (id <= 4498984))

table 2 : explain SELECT SUM(k) FROM sbtest2 WHERE id BETWEEN 9733664 AND 9733673
	Aggregate  (cost=40.22..40.23 rows=1 width=8)
	  ->  Index Scan using sbtest2_pkey on sbtest2  (cost=0.43..40.20 rows=9 width=4)
	        Index Cond: ((id >= 9733664) AND (id <= 9733673))

table 3 : explain SELECT SUM(k) FROM sbtest3 WHERE id BETWEEN 2616778 AND 2616787
	Aggregate  (cost=44.17..44.18 rows=1 width=8)
	  ->  Index Scan using sbtest3_pkey on sbtest3  (cost=0.43..44.15 rows=10 width=4)
	        Index Cond: ((id >= 2616778) AND (id <= 2616787))

table 4 : explain SELECT SUM(k) FROM sbtest4 WHERE id BETWEEN 9961164 AND 9961173
	Aggregate  (cost=48.05..48.06 rows=1 width=8)
	  ->  Index Scan using sbtest4_pkey on sbtest4  (cost=0.43..48.02 rows=11 width=4)
	        Index Cond: ((id >= 9961164) AND (id <= 9961173))

table 5 : explain SELECT SUM(k) FROM sbtest5 WHERE id BETWEEN 8090735 AND 8090744
	Aggregate  (cost=44.07..44.08 rows=1 width=8)
	  ->  Index Scan using sbtest5_pkey on sbtest5  (cost=0.43..44.05 rows=10 width=4)
	        Index Cond: ((id >= 8090735) AND (id <= 8090744))

table 6 : explain SELECT SUM(k) FROM sbtest6 WHERE id BETWEEN 1676478 AND 1676487
	Aggregate  (cost=44.05..44.06 rows=1 width=8)
	  ->  Index Scan using sbtest6_pkey on sbtest6  (cost=0.43..44.03 rows=10 width=4)
	        Index Cond: ((id >= 1676478) AND (id <= 1676487))

table 7 : explain SELECT SUM(k) FROM sbtest7 WHERE id BETWEEN 3612908 AND 3612917
	Aggregate  (cost=44.02..44.03 rows=1 width=8)
	  ->  Index Scan using sbtest7_pkey on sbtest7  (cost=0.43..44.00 rows=10 width=4)
	        Index Cond: ((id >= 3612908) AND (id <= 3612917))

table 8 : explain SELECT SUM(k) FROM sbtest8 WHERE id BETWEEN 6553596 AND 6553605
	Aggregate  (cost=44.05..44.06 rows=1 width=8)
	  ->  Index Scan using sbtest8_pkey on sbtest8  (cost=0.43..44.03 rows=10 width=4)
	        Index Cond: ((id >= 6553596) AND (id <= 6553605))

for: order_ranges
table 1 : explain SELECT c FROM sbtest1 WHERE id BETWEEN 5166013 AND 5166022 ORDER BY c
	Sort  (cost=40.34..40.36 rows=9 width=121)
	  Sort Key: c
	  ->  Index Scan using sbtest1_pkey on sbtest1  (cost=0.43..40.19 rows=9 width=121)
	        Index Cond: ((id >= 5166013) AND (id <= 5166022))

table 2 : explain SELECT c FROM sbtest2 WHERE id BETWEEN 1166972 AND 1166981 ORDER BY c
	Sort  (cost=44.34..44.36 rows=10 width=121)
	  Sort Key: c
	  ->  Index Scan using sbtest2_pkey on sbtest2  (cost=0.43..44.17 rows=10 width=121)
	        Index Cond: ((id >= 1166972) AND (id <= 1166981))

table 3 : explain SELECT c FROM sbtest3 WHERE id BETWEEN 6417689 AND 6417698 ORDER BY c
	Sort  (cost=44.32..44.34 rows=10 width=121)
	  Sort Key: c
	  ->  Index Scan using sbtest3_pkey on sbtest3  (cost=0.43..44.15 rows=10 width=121)
	        Index Cond: ((id >= 6417689) AND (id <= 6417698))

table 4 : explain SELECT c FROM sbtest4 WHERE id BETWEEN 1928092 AND 1928101 ORDER BY c
	Sort  (cost=44.23..44.26 rows=10 width=121)
	  Sort Key: c
	  ->  Index Scan using sbtest4_pkey on sbtest4  (cost=0.43..44.07 rows=10 width=121)
	        Index Cond: ((id >= 1928092) AND (id <= 1928101))

table 5 : explain SELECT c FROM sbtest5 WHERE id BETWEEN 6002095 AND 6002104 ORDER BY c
	Sort  (cost=44.22..44.24 rows=10 width=121)
	  Sort Key: c
	  ->  Index Scan using sbtest5_pkey on sbtest5  (cost=0.43..44.05 rows=10 width=121)
	        Index Cond: ((id >= 6002095) AND (id <= 6002104))

table 6 : explain SELECT c FROM sbtest6 WHERE id BETWEEN 3773811 AND 3773820 ORDER BY c
	Sort  (cost=40.22..40.24 rows=9 width=121)
	  Sort Key: c
	  ->  Index Scan using sbtest6_pkey on sbtest6  (cost=0.43..40.07 rows=9 width=121)
	        Index Cond: ((id >= 3773811) AND (id <= 3773820))

table 7 : explain SELECT c FROM sbtest7 WHERE id BETWEEN 9351806 AND 9351815 ORDER BY c
	Sort  (cost=40.19..40.22 rows=9 width=121)
	  Sort Key: c
	  ->  Index Scan using sbtest7_pkey on sbtest7  (cost=0.43..40.05 rows=9 width=121)
	        Index Cond: ((id >= 9351806) AND (id <= 9351815))

table 8 : explain SELECT c FROM sbtest8 WHERE id BETWEEN 2934647 AND 2934656 ORDER BY c
	Sort  (cost=44.19..44.22 rows=10 width=121)
	  Sort Key: c
	  ->  Index Scan using sbtest8_pkey on sbtest8  (cost=0.43..44.03 rows=10 width=121)
	        Index Cond: ((id >= 2934647) AND (id <= 2934656))

for point_selects
table 1 : explain SELECT c FROM sbtest1 WHERE id=7715491
	Index Scan using sbtest1_pkey on sbtest1  (cost=0.43..8.45 rows=1 width=121)
	  Index Cond: (id = 7715491)

table 2 : explain SELECT c FROM sbtest2 WHERE id=8922892
	Index Scan using sbtest2_pkey on sbtest2  (cost=0.43..8.45 rows=1 width=121)
	  Index Cond: (id = 8922892)

table 3 : explain SELECT c FROM sbtest3 WHERE id=151267
	Index Scan using sbtest3_pkey on sbtest3  (cost=0.43..8.45 rows=1 width=121)
	  Index Cond: (id = 151267)

table 4 : explain SELECT c FROM sbtest4 WHERE id=2049718
	Index Scan using sbtest4_pkey on sbtest4  (cost=0.43..8.45 rows=1 width=121)
	  Index Cond: (id = 2049718)

table 5 : explain SELECT c FROM sbtest5 WHERE id=1087976
	Index Scan using sbtest5_pkey on sbtest5  (cost=0.43..8.45 rows=1 width=121)
	  Index Cond: (id = 1087976)

table 6 : explain SELECT c FROM sbtest6 WHERE id=9209295
	Index Scan using sbtest6_pkey on sbtest6  (cost=0.43..8.45 rows=1 width=121)
	  Index Cond: (id = 9209295)

table 7 : explain SELECT c FROM sbtest7 WHERE id=8694888
	Index Scan using sbtest7_pkey on sbtest7  (cost=0.43..8.45 rows=1 width=121)
	  Index Cond: (id = 8694888)

table 8 : explain SELECT c FROM sbtest8 WHERE id=2505623
	Index Scan using sbtest8_pkey on sbtest8  (cost=0.43..8.45 rows=1 width=121)
	  Index Cond: (id = 2505623)

for: simple_ranges
table 1 : explain SELECT c FROM sbtest1 WHERE id BETWEEN 4657388 AND 4657397
	Index Scan using sbtest1_pkey on sbtest1  (cost=0.43..44.16 rows=10 width=121)
	  Index Cond: ((id >= 4657388) AND (id <= 4657397))

table 2 : explain SELECT c FROM sbtest2 WHERE id BETWEEN 8542248 AND 8542257
	Index Scan using sbtest2_pkey on sbtest2  (cost=0.43..44.17 rows=10 width=121)
	  Index Cond: ((id >= 8542248) AND (id <= 8542257))

table 3 : explain SELECT c FROM sbtest3 WHERE id BETWEEN 5225414 AND 5225423
	Index Scan using sbtest3_pkey on sbtest3  (cost=0.43..48.12 rows=11 width=121)
	  Index Cond: ((id >= 5225414) AND (id <= 5225423))

table 4 : explain SELECT c FROM sbtest4 WHERE id BETWEEN 8509545 AND 8509554
	Index Scan using sbtest4_pkey on sbtest4  (cost=0.43..48.02 rows=11 width=121)
	  Index Cond: ((id >= 8509545) AND (id <= 8509554))

table 5 : explain SELECT c FROM sbtest5 WHERE id BETWEEN 6189029 AND 6189038
	Index Scan using sbtest5_pkey on sbtest5  (cost=0.43..44.05 rows=10 width=121)
	  Index Cond: ((id >= 6189029) AND (id <= 6189038))

table 6 : explain SELECT c FROM sbtest6 WHERE id BETWEEN 1396058 AND 1396067
	Index Scan using sbtest6_pkey on sbtest6  (cost=0.43..44.03 rows=10 width=121)
	  Index Cond: ((id >= 1396058) AND (id <= 1396067))

table 7 : explain SELECT c FROM sbtest7 WHERE id BETWEEN 1337544 AND 1337553
	Index Scan using sbtest7_pkey on sbtest7  (cost=0.43..47.95 rows=11 width=121)
	  Index Cond: ((id >= 1337544) AND (id <= 1337553))

table 8 : explain SELECT c FROM sbtest8 WHERE id BETWEEN 5842439 AND 5842448
	Index Scan using sbtest8_pkey on sbtest8  (cost=0.43..40.07 rows=9 width=121)
	  Index Cond: ((id >= 5842439) AND (id <= 5842448))

for: sum_ranges
table 1 : explain SELECT SUM(k) FROM sbtest1 WHERE id BETWEEN 1895977 AND 1895986
	Aggregate  (cost=48.16..48.17 rows=1 width=8)
	  ->  Index Scan using sbtest1_pkey on sbtest1  (cost=0.43..48.13 rows=11 width=4)
	        Index Cond: ((id >= 1895977) AND (id <= 1895986))

table 2 : explain SELECT SUM(k) FROM sbtest2 WHERE id BETWEEN 9478568 AND 9478577
	Aggregate  (cost=44.19..44.20 rows=1 width=8)
	  ->  Index Scan using sbtest2_pkey on sbtest2  (cost=0.43..44.17 rows=10 width=4)
	        Index Cond: ((id >= 9478568) AND (id <= 9478577))

table 3 : explain SELECT SUM(k) FROM sbtest3 WHERE id BETWEEN 772153 AND 772162
	Aggregate  (cost=44.17..44.18 rows=1 width=8)
	  ->  Index Scan using sbtest3_pkey on sbtest3  (cost=0.43..44.15 rows=10 width=4)
	        Index Cond: ((id >= 772153) AND (id <= 772162))

table 4 : explain SELECT SUM(k) FROM sbtest4 WHERE id BETWEEN 1533144 AND 1533153
	Aggregate  (cost=44.09..44.10 rows=1 width=8)
	  ->  Index Scan using sbtest4_pkey on sbtest4  (cost=0.43..44.07 rows=10 width=4)
	        Index Cond: ((id >= 1533144) AND (id <= 1533153))

table 5 : explain SELECT SUM(k) FROM sbtest5 WHERE id BETWEEN 8780645 AND 8780654
	Aggregate  (cost=44.07..44.08 rows=1 width=8)
	  ->  Index Scan using sbtest5_pkey on sbtest5  (cost=0.43..44.05 rows=10 width=4)
	        Index Cond: ((id >= 8780645) AND (id <= 8780654))

table 6 : explain SELECT SUM(k) FROM sbtest6 WHERE id BETWEEN 8926550 AND 8926559
	Aggregate  (cost=48.01..48.02 rows=1 width=8)
	  ->  Index Scan using sbtest6_pkey on sbtest6  (cost=0.43..47.98 rows=11 width=4)
	        Index Cond: ((id >= 8926550) AND (id <= 8926559))

table 7 : explain SELECT SUM(k) FROM sbtest7 WHERE id BETWEEN 1653195 AND 1653204
	Aggregate  (cost=40.07..40.08 rows=1 width=8)
	  ->  Index Scan using sbtest7_pkey on sbtest7  (cost=0.43..40.05 rows=9 width=4)
	        Index Cond: ((id >= 1653195) AND (id <= 1653204))

table 8 : explain SELECT SUM(k) FROM sbtest8 WHERE id BETWEEN 7744420 AND 7744429
	Aggregate  (cost=40.10..40.11 rows=1 width=8)
	  ->  Index Scan using sbtest8_pkey on sbtest8  (cost=0.43..40.07 rows=9 width=4)
	        Index Cond: ((id >= 7744420) AND (id <= 7744429))

for: distinct_ranges
table 1 : explain SELECT DISTINCT c FROM sbtest1 WHERE id BETWEEN 8254248 AND 8254257 ORDER BY c
	Unique  (cost=48.32..48.38 rows=11 width=121)
	  ->  Sort  (cost=48.32..48.35 rows=11 width=121)
	        Sort Key: c
	        ->  Index Scan using sbtest1_pkey on sbtest1  (cost=0.43..48.13 rows=11 width=121)
	              Index Cond: ((id >= 8254248) AND (id <= 8254257))

table 2 : explain SELECT DISTINCT c FROM sbtest2 WHERE id BETWEEN 9912182 AND 9912191 ORDER BY c
	Unique  (cost=44.34..44.39 rows=10 width=121)
	  ->  Sort  (cost=44.34..44.36 rows=10 width=121)
	        Sort Key: c
	        ->  Index Scan using sbtest2_pkey on sbtest2  (cost=0.43..44.17 rows=10 width=121)
	              Index Cond: ((id >= 9912182) AND (id <= 9912191))

table 3 : explain SELECT DISTINCT c FROM sbtest3 WHERE id BETWEEN 8564511 AND 8564520 ORDER BY c
	Unique  (cost=44.32..44.37 rows=10 width=121)
	  ->  Sort  (cost=44.32..44.34 rows=10 width=121)
	        Sort Key: c
	        ->  Index Scan using sbtest3_pkey on sbtest3  (cost=0.43..44.15 rows=10 width=121)
	              Index Cond: ((id >= 8564511) AND (id <= 8564520))

table 4 : explain SELECT DISTINCT c FROM sbtest4 WHERE id BETWEEN 2631014 AND 2631023 ORDER BY c
	Unique  (cost=44.23..44.28 rows=10 width=121)
	  ->  Sort  (cost=44.23..44.26 rows=10 width=121)
	        Sort Key: c
	        ->  Index Scan using sbtest4_pkey on sbtest4  (cost=0.43..44.07 rows=10 width=121)
	              Index Cond: ((id >= 2631014) AND (id <= 2631023))

table 5 : explain SELECT DISTINCT c FROM sbtest5 WHERE id BETWEEN 9673708 AND 9673717 ORDER BY c
	Unique  (cost=44.22..44.27 rows=10 width=121)
	  ->  Sort  (cost=44.22..44.24 rows=10 width=121)
	        Sort Key: c
	        ->  Index Scan using sbtest5_pkey on sbtest5  (cost=0.43..44.05 rows=10 width=121)
	              Index Cond: ((id >= 9673708) AND (id <= 9673717))

table 6 : explain SELECT DISTINCT c FROM sbtest6 WHERE id BETWEEN 4301223 AND 4301232 ORDER BY c
	Unique  (cost=44.19..44.24 rows=10 width=121)
	  ->  Sort  (cost=44.19..44.22 rows=10 width=121)
	        Sort Key: c
	        ->  Index Scan using sbtest6_pkey on sbtest6  (cost=0.43..44.03 rows=10 width=121)
	              Index Cond: ((id >= 4301223) AND (id <= 4301232))

table 7 : explain SELECT DISTINCT c FROM sbtest7 WHERE id BETWEEN 9453964 AND 9453973 ORDER BY c
	Unique  (cost=44.17..44.22 rows=10 width=121)
	  ->  Sort  (cost=44.17..44.19 rows=10 width=121)
	        Sort Key: c
	        ->  Index Scan using sbtest7_pkey on sbtest7  (cost=0.43..44.00 rows=10 width=121)
	              Index Cond: ((id >= 9453964) AND (id <= 9453973))

table 8 : explain SELECT DISTINCT c FROM sbtest8 WHERE id BETWEEN 7611515 AND 7611524 ORDER BY c
	Unique  (cost=44.19..44.24 rows=10 width=121)
	  ->  Sort  (cost=44.19..44.22 rows=10 width=121)
	        Sort Key: c
	        ->  Index Scan using sbtest8_pkey on sbtest8  (cost=0.43..44.03 rows=10 width=121)
	              Index Cond: ((id >= 7611515) AND (id <= 7611524))

for: order_ranges
table 1 : explain SELECT c FROM sbtest1 WHERE id BETWEEN 7870211 AND 7870220 ORDER BY c
	Sort  (cost=48.32..48.35 rows=11 width=121)
	  Sort Key: c
	  ->  Index Scan using sbtest1_pkey on sbtest1  (cost=0.43..48.13 rows=11 width=121)
	        Index Cond: ((id >= 7870211) AND (id <= 7870220))

table 2 : explain SELECT c FROM sbtest2 WHERE id BETWEEN 8747726 AND 8747735 ORDER BY c
	Sort  (cost=40.34..40.37 rows=9 width=121)
	  Sort Key: c
	  ->  Index Scan using sbtest2_pkey on sbtest2  (cost=0.43..40.20 rows=9 width=121)
	        Index Cond: ((id >= 8747726) AND (id <= 8747735))

table 3 : explain SELECT c FROM sbtest3 WHERE id BETWEEN 6997900 AND 6997909 ORDER BY c
	Sort  (cost=44.32..44.34 rows=10 width=121)
	  Sort Key: c
	  ->  Index Scan using sbtest3_pkey on sbtest3  (cost=0.43..44.15 rows=10 width=121)
	        Index Cond: ((id >= 6997900) AND (id <= 6997909))

table 4 : explain SELECT c FROM sbtest4 WHERE id BETWEEN 4726568 AND 4726577 ORDER BY c
	Sort  (cost=44.23..44.26 rows=10 width=121)
	  Sort Key: c
	  ->  Index Scan using sbtest4_pkey on sbtest4  (cost=0.43..44.07 rows=10 width=121)
	        Index Cond: ((id >= 4726568) AND (id <= 4726577))

table 5 : explain SELECT c FROM sbtest5 WHERE id BETWEEN 3106685 AND 3106694 ORDER BY c
	Sort  (cost=48.19..48.22 rows=11 width=121)
	  Sort Key: c
	  ->  Index Scan using sbtest5_pkey on sbtest5  (cost=0.43..48.00 rows=11 width=121)
	        Index Cond: ((id >= 3106685) AND (id <= 3106694))

table 6 : explain SELECT c FROM sbtest6 WHERE id BETWEEN 263894 AND 263903 ORDER BY c
	Sort  (cost=44.19..44.22 rows=10 width=121)
	  Sort Key: c
	  ->  Index Scan using sbtest6_pkey on sbtest6  (cost=0.43..44.03 rows=10 width=121)
	        Index Cond: ((id >= 263894) AND (id <= 263903))

table 7 : explain SELECT c FROM sbtest7 WHERE id BETWEEN 2014627 AND 2014636 ORDER BY c
	Sort  (cost=40.19..40.22 rows=9 width=121)
	  Sort Key: c
	  ->  Index Scan using sbtest7_pkey on sbtest7  (cost=0.43..40.05 rows=9 width=121)
	        Index Cond: ((id >= 2014627) AND (id <= 2014636))

table 8 : explain SELECT c FROM sbtest8 WHERE id BETWEEN 1510199 AND 1510208 ORDER BY c
	Sort  (cost=44.19..44.22 rows=10 width=121)
	  Sort Key: c
	  ->  Index Scan using sbtest8_pkey on sbtest8  (cost=0.43..44.03 rows=10 width=121)
	        Index Cond: ((id >= 1510199) AND (id <= 1510208))

for: distinct_ranges
table 1 : explain SELECT DISTINCT c FROM sbtest1 WHERE id BETWEEN 8183350 AND 8183359 ORDER BY c
	Unique  (cost=48.32..48.38 rows=11 width=121)
	  ->  Sort  (cost=48.32..48.35 rows=11 width=121)
	        Sort Key: c
	        ->  Index Scan using sbtest1_pkey on sbtest1  (cost=0.43..48.13 rows=11 width=121)
	              Index Cond: ((id >= 8183350) AND (id <= 8183359))

table 2 : explain SELECT DISTINCT c FROM sbtest2 WHERE id BETWEEN 9575913 AND 9575922 ORDER BY c
	Unique  (cost=40.34..40.39 rows=9 width=121)
	  ->  Sort  (cost=40.34..40.37 rows=9 width=121)
	        Sort Key: c
	        ->  Index Scan using sbtest2_pkey on sbtest2  (cost=0.43..40.20 rows=9 width=121)
	              Index Cond: ((id >= 9575913) AND (id <= 9575922))

table 3 : explain SELECT DISTINCT c FROM sbtest3 WHERE id BETWEEN 896911 AND 896920 ORDER BY c
	Unique  (cost=48.31..48.36 rows=11 width=121)
	  ->  Sort  (cost=48.31..48.33 rows=11 width=121)
	        Sort Key: c
	        ->  Index Scan using sbtest3_pkey on sbtest3  (cost=0.43..48.12 rows=11 width=121)
	              Index Cond: ((id >= 896911) AND (id <= 896920))

table 4 : explain SELECT DISTINCT c FROM sbtest4 WHERE id BETWEEN 6992517 AND 6992526 ORDER BY c
	Unique  (cost=48.21..48.27 rows=11 width=121)
	  ->  Sort  (cost=48.21..48.24 rows=11 width=121)
	        Sort Key: c
	        ->  Index Scan using sbtest4_pkey on sbtest4  (cost=0.43..48.02 rows=11 width=121)
	              Index Cond: ((id >= 6992517) AND (id <= 6992526))

table 5 : explain SELECT DISTINCT c FROM sbtest5 WHERE id BETWEEN 610716 AND 610725 ORDER BY c
	Unique  (cost=44.22..44.27 rows=10 width=121)
	  ->  Sort  (cost=44.22..44.24 rows=10 width=121)
	        Sort Key: c
	        ->  Index Scan using sbtest5_pkey on sbtest5  (cost=0.43..44.05 rows=10 width=121)
	              Index Cond: ((id >= 610716) AND (id <= 610725))

table 6 : explain SELECT DISTINCT c FROM sbtest6 WHERE id BETWEEN 4356202 AND 4356211 ORDER BY c
	Unique  (cost=44.19..44.24 rows=10 width=121)
	  ->  Sort  (cost=44.19..44.22 rows=10 width=121)
	        Sort Key: c
	        ->  Index Scan using sbtest6_pkey on sbtest6  (cost=0.43..44.03 rows=10 width=121)
	              Index Cond: ((id >= 4356202) AND (id <= 4356211))

table 7 : explain SELECT DISTINCT c FROM sbtest7 WHERE id BETWEEN 7252080 AND 7252089 ORDER BY c
	Unique  (cost=48.14..48.19 rows=11 width=121)
	  ->  Sort  (cost=48.14..48.17 rows=11 width=121)
	        Sort Key: c
	        ->  Index Scan using sbtest7_pkey on sbtest7  (cost=0.43..47.95 rows=11 width=121)
	              Index Cond: ((id >= 7252080) AND (id <= 7252089))

table 8 : explain SELECT DISTINCT c FROM sbtest8 WHERE id BETWEEN 6807441 AND 6807450 ORDER BY c
	Unique  (cost=44.19..44.24 rows=10 width=121)
	  ->  Sort  (cost=44.19..44.22 rows=10 width=121)
	        Sort Key: c
	        ->  Index Scan using sbtest8_pkey on sbtest8  (cost=0.43..44.03 rows=10 width=121)
	              Index Cond: ((id >= 6807441) AND (id <= 6807450))

explain: for point_selects :: explain SELECT c FROM sbtest%u WHERE id=%u
for: sum_ranges
table 1 : explain SELECT SUM(k) FROM sbtest1 WHERE id BETWEEN 5382772 AND 5382781
	Aggregate  (cost=40.22..40.23 rows=1 width=8)
	  ->  Index Scan using sbtest1_pkey on sbtest1  (cost=0.43..40.19 rows=9 width=4)
	        Index Cond: ((id >= 5382772) AND (id <= 5382781))

table 2 : explain SELECT SUM(k) FROM sbtest2 WHERE id BETWEEN 8955925 AND 8955934
	Aggregate  (cost=44.19..44.20 rows=1 width=8)
	  ->  Index Scan using sbtest2_pkey on sbtest2  (cost=0.43..44.17 rows=10 width=4)
	        Index Cond: ((id >= 8955925) AND (id <= 8955934))

table 3 : explain SELECT SUM(k) FROM sbtest3 WHERE id BETWEEN 8002067 AND 8002076
	Aggregate  (cost=44.17..44.18 rows=1 width=8)
	  ->  Index Scan using sbtest3_pkey on sbtest3  (cost=0.43..44.15 rows=10 width=4)
	        Index Cond: ((id >= 8002067) AND (id <= 8002076))

table 4 : explain SELECT SUM(k) FROM sbtest4 WHERE id BETWEEN 3825236 AND 3825245
	Aggregate  (cost=40.13..40.14 rows=1 width=8)
	  ->  Index Scan using sbtest4_pkey on sbtest4  (cost=0.43..40.11 rows=9 width=4)
	        Index Cond: ((id >= 3825236) AND (id <= 3825245))

table 5 : explain SELECT SUM(k) FROM sbtest5 WHERE id BETWEEN 4949197 AND 4949206
	Aggregate  (cost=44.07..44.08 rows=1 width=8)
	  ->  Index Scan using sbtest5_pkey on sbtest5  (cost=0.43..44.05 rows=10 width=4)
	        Index Cond: ((id >= 4949197) AND (id <= 4949206))

table 6 : explain SELECT SUM(k) FROM sbtest6 WHERE id BETWEEN 5838399 AND 5838408
	Aggregate  (cost=44.05..44.06 rows=1 width=8)
	  ->  Index Scan using sbtest6_pkey on sbtest6  (cost=0.43..44.03 rows=10 width=4)
	        Index Cond: ((id >= 5838399) AND (id <= 5838408))

table 7 : explain SELECT SUM(k) FROM sbtest7 WHERE id BETWEEN 6813882 AND 6813891
	Aggregate  (cost=47.98..47.99 rows=1 width=8)
	  ->  Index Scan using sbtest7_pkey on sbtest7  (cost=0.43..47.95 rows=11 width=4)
	        Index Cond: ((id >= 6813882) AND (id <= 6813891))

table 8 : explain SELECT SUM(k) FROM sbtest8 WHERE id BETWEEN 8088503 AND 8088512
	Aggregate  (cost=44.05..44.06 rows=1 width=8)
	  ->  Index Scan using sbtest8_pkey on sbtest8  (cost=0.43..44.03 rows=10 width=4)
	        Index Cond: ((id >= 8088503) AND (id <= 8088512))

for: simple_ranges
table 1 : explain SELECT c FROM sbtest1 WHERE id BETWEEN 2149625 AND 2149634
	Index Scan using sbtest1_pkey on sbtest1  (cost=0.43..44.16 rows=10 width=121)
	  Index Cond: ((id >= 2149625) AND (id <= 2149634))

table 2 : explain SELECT c FROM sbtest2 WHERE id BETWEEN 9886735 AND 9886744
	Index Scan using sbtest2_pkey on sbtest2  (cost=0.43..44.17 rows=10 width=121)
	  Index Cond: ((id >= 9886735) AND (id <= 9886744))

table 3 : explain SELECT c FROM sbtest3 WHERE id BETWEEN 526333 AND 526342
	Index Scan using sbtest3_pkey on sbtest3  (cost=0.43..44.15 rows=10 width=121)
	  Index Cond: ((id >= 526333) AND (id <= 526342))

table 4 : explain SELECT c FROM sbtest4 WHERE id BETWEEN 5914926 AND 5914935
	Index Scan using sbtest4_pkey on sbtest4  (cost=0.43..48.02 rows=11 width=121)
	  Index Cond: ((id >= 5914926) AND (id <= 5914935))

table 5 : explain SELECT c FROM sbtest5 WHERE id BETWEEN 6436127 AND 6436136
	Index Scan using sbtest5_pkey on sbtest5  (cost=0.43..48.00 rows=11 width=121)
	  Index Cond: ((id >= 6436127) AND (id <= 6436136))

table 6 : explain SELECT c FROM sbtest6 WHERE id BETWEEN 9347763 AND 9347772
	Index Scan using sbtest6_pkey on sbtest6  (cost=0.43..47.98 rows=11 width=121)
	  Index Cond: ((id >= 9347763) AND (id <= 9347772))

table 7 : explain SELECT c FROM sbtest7 WHERE id BETWEEN 8399594 AND 8399603
	Index Scan using sbtest7_pkey on sbtest7  (cost=0.43..44.00 rows=10 width=121)
	  Index Cond: ((id >= 8399594) AND (id <= 8399603))

table 8 : explain SELECT c FROM sbtest8 WHERE id BETWEEN 7087747 AND 7087756
	Index Scan using sbtest8_pkey on sbtest8  (cost=0.43..44.03 rows=10 width=121)
	  Index Cond: ((id >= 7087747) AND (id <= 7087756))

for point_selects
table 1 : explain SELECT c FROM sbtest1 WHERE id=1429550
	Index Scan using sbtest1_pkey on sbtest1  (cost=0.43..8.45 rows=1 width=121)
	  Index Cond: (id = 1429550)

table 2 : explain SELECT c FROM sbtest2 WHERE id=4064923
	Index Scan using sbtest2_pkey on sbtest2  (cost=0.43..8.45 rows=1 width=121)
	  Index Cond: (id = 4064923)

table 3 : explain SELECT c FROM sbtest3 WHERE id=7215322
	Index Scan using sbtest3_pkey on sbtest3  (cost=0.43..8.45 rows=1 width=121)
	  Index Cond: (id = 7215322)

table 4 : explain SELECT c FROM sbtest4 WHERE id=5573047
	Index Scan using sbtest4_pkey on sbtest4  (cost=0.43..8.45 rows=1 width=121)
	  Index Cond: (id = 5573047)

table 5 : explain SELECT c FROM sbtest5 WHERE id=1630292
	Index Scan using sbtest5_pkey on sbtest5  (cost=0.43..8.45 rows=1 width=121)
	  Index Cond: (id = 1630292)

table 6 : explain SELECT c FROM sbtest6 WHERE id=7302398
	Index Scan using sbtest6_pkey on sbtest6  (cost=0.43..8.45 rows=1 width=121)
	  Index Cond: (id = 7302398)

table 7 : explain SELECT c FROM sbtest7 WHERE id=2512864
	Index Scan using sbtest7_pkey on sbtest7  (cost=0.43..8.45 rows=1 width=121)
	  Index Cond: (id = 2512864)

table 8 : explain SELECT c FROM sbtest8 WHERE id=2664250
	Index Scan using sbtest8_pkey on sbtest8  (cost=0.43..8.45 rows=1 width=121)
	  Index Cond: (id = 2664250)

for: order_ranges
table 1 : explain SELECT c FROM sbtest1 WHERE id BETWEEN 3635398 AND 3635407 ORDER BY c
	Sort  (cost=44.33..44.35 rows=10 width=121)
	  Sort Key: c
	  ->  Index Scan using sbtest1_pkey on sbtest1  (cost=0.43..44.16 rows=10 width=121)
	        Index Cond: ((id >= 3635398) AND (id <= 3635407))

table 2 : explain SELECT c FROM sbtest2 WHERE id BETWEEN 1987591 AND 1987600 ORDER BY c
	Sort  (cost=44.34..44.36 rows=10 width=121)
	  Sort Key: c
	  ->  Index Scan using sbtest2_pkey on sbtest2  (cost=0.43..44.17 rows=10 width=121)
	        Index Cond: ((id >= 1987591) AND (id <= 1987600))

table 3 : explain SELECT c FROM sbtest3 WHERE id BETWEEN 8276398 AND 8276407 ORDER BY c
	Sort  (cost=44.32..44.34 rows=10 width=121)
	  Sort Key: c
	  ->  Index Scan using sbtest3_pkey on sbtest3  (cost=0.43..44.15 rows=10 width=121)
	        Index Cond: ((id >= 8276398) AND (id <= 8276407))

table 4 : explain SELECT c FROM sbtest4 WHERE id BETWEEN 8833446 AND 8833455 ORDER BY c
	Sort  (cost=40.25..40.27 rows=9 width=121)
	  Sort Key: c
	  ->  Index Scan using sbtest4_pkey on sbtest4  (cost=0.43..40.11 rows=9 width=121)
	        Index Cond: ((id >= 8833446) AND (id <= 8833455))

table 5 : explain SELECT c FROM sbtest5 WHERE id BETWEEN 486007 AND 486016 ORDER BY c
	Sort  (cost=40.24..40.26 rows=9 width=121)
	  Sort Key: c
	  ->  Index Scan using sbtest5_pkey on sbtest5  (cost=0.43..40.09 rows=9 width=121)
	        Index Cond: ((id >= 486007) AND (id <= 486016))

table 6 : explain SELECT c FROM sbtest6 WHERE id BETWEEN 3309001 AND 3309010 ORDER BY c
	Sort  (cost=48.17..48.20 rows=11 width=121)
	  Sort Key: c
	  ->  Index Scan using sbtest6_pkey on sbtest6  (cost=0.43..47.98 rows=11 width=121)
	        Index Cond: ((id >= 3309001) AND (id <= 3309010))

table 7 : explain SELECT c FROM sbtest7 WHERE id BETWEEN 3894733 AND 3894742 ORDER BY c
	Sort  (cost=44.17..44.19 rows=10 width=121)
	  Sort Key: c
	  ->  Index Scan using sbtest7_pkey on sbtest7  (cost=0.43..44.00 rows=10 width=121)
	        Index Cond: ((id >= 3894733) AND (id <= 3894742))

table 8 : explain SELECT c FROM sbtest8 WHERE id BETWEEN 4120967 AND 4120976 ORDER BY c
	Sort  (cost=44.19..44.22 rows=10 width=121)
	  Sort Key: c
	  ->  Index Scan using sbtest8_pkey on sbtest8  (cost=0.43..44.03 rows=10 width=121)
	        Index Cond: ((id >= 4120967) AND (id <= 4120976))

for: simple_ranges
table 1 : explain SELECT c FROM sbtest1 WHERE id BETWEEN 1574219 AND 1574228
	Index Scan using sbtest1_pkey on sbtest1  (cost=0.43..44.16 rows=10 width=121)
	  Index Cond: ((id >= 1574219) AND (id <= 1574228))

table 2 : explain SELECT c FROM sbtest2 WHERE id BETWEEN 1240135 AND 1240144
	Index Scan using sbtest2_pkey on sbtest2  (cost=0.43..44.17 rows=10 width=121)
	  Index Cond: ((id >= 1240135) AND (id <= 1240144))

table 3 : explain SELECT c FROM sbtest3 WHERE id BETWEEN 5722690 AND 5722699
	Index Scan using sbtest3_pkey on sbtest3  (cost=0.43..44.15 rows=10 width=121)
	  Index Cond: ((id >= 5722690) AND (id <= 5722699))

table 4 : explain SELECT c FROM sbtest4 WHERE id BETWEEN 4497438 AND 4497447
	Index Scan using sbtest4_pkey on sbtest4  (cost=0.43..40.11 rows=9 width=121)
	  Index Cond: ((id >= 4497438) AND (id <= 4497447))

table 5 : explain SELECT c FROM sbtest5 WHERE id BETWEEN 6221164 AND 6221173
	Index Scan using sbtest5_pkey on sbtest5  (cost=0.43..44.05 rows=10 width=121)
	  Index Cond: ((id >= 6221164) AND (id <= 6221173))

table 6 : explain SELECT c FROM sbtest6 WHERE id BETWEEN 2932474 AND 2932483
	Index Scan using sbtest6_pkey on sbtest6  (cost=0.43..47.98 rows=11 width=121)
	  Index Cond: ((id >= 2932474) AND (id <= 2932483))

table 7 : explain SELECT c FROM sbtest7 WHERE id BETWEEN 3584113 AND 3584122
	Index Scan using sbtest7_pkey on sbtest7  (cost=0.43..44.00 rows=10 width=121)
	  Index Cond: ((id >= 3584113) AND (id <= 3584122))

table 8 : explain SELECT c FROM sbtest8 WHERE id BETWEEN 2047979 AND 2047988
	Index Scan using sbtest8_pkey on sbtest8  (cost=0.43..44.03 rows=10 width=121)
	  Index Cond: ((id >= 2047979) AND (id <= 2047988))

explain: for point_selects :: explain SELECT c FROM sbtest%u WHERE id=%u
for: distinct_ranges
table 1 : explain SELECT DISTINCT c FROM sbtest1 WHERE id BETWEEN 1528114 AND 1528123 ORDER BY c
	Unique  (cost=44.33..44.38 rows=10 width=121)
	  ->  Sort  (cost=44.33..44.35 rows=10 width=121)
	        Sort Key: c
	        ->  Index Scan using sbtest1_pkey on sbtest1  (cost=0.43..44.16 rows=10 width=121)
	              Index Cond: ((id >= 1528114) AND (id <= 1528123))

table 2 : explain SELECT DISTINCT c FROM sbtest2 WHERE id BETWEEN 8681901 AND 8681910 ORDER BY c
	Unique  (cost=40.34..40.39 rows=9 width=121)
	  ->  Sort  (cost=40.34..40.37 rows=9 width=121)
	        Sort Key: c
	        ->  Index Scan using sbtest2_pkey on sbtest2  (cost=0.43..40.20 rows=9 width=121)
	              Index Cond: ((id >= 8681901) AND (id <= 8681910))

table 3 : explain SELECT DISTINCT c FROM sbtest3 WHERE id BETWEEN 2878404 AND 2878413 ORDER BY c
	Unique  (cost=44.32..44.37 rows=10 width=121)
	  ->  Sort  (cost=44.32..44.34 rows=10 width=121)
	        Sort Key: c
	        ->  Index Scan using sbtest3_pkey on sbtest3  (cost=0.43..44.15 rows=10 width=121)
	              Index Cond: ((id >= 2878404) AND (id <= 2878413))

table 4 : explain SELECT DISTINCT c FROM sbtest4 WHERE id BETWEEN 377597 AND 377606 ORDER BY c
	Unique  (cost=44.23..44.28 rows=10 width=121)
	  ->  Sort  (cost=44.23..44.26 rows=10 width=121)
	        Sort Key: c
	        ->  Index Scan using sbtest4_pkey on sbtest4  (cost=0.43..44.07 rows=10 width=121)
	              Index Cond: ((id >= 377597) AND (id <= 377606))

table 5 : explain SELECT DISTINCT c FROM sbtest5 WHERE id BETWEEN 9199191 AND 9199200 ORDER BY c
	Unique  (cost=48.19..48.25 rows=11 width=121)
	  ->  Sort  (cost=48.19..48.22 rows=11 width=121)
	        Sort Key: c
	        ->  Index Scan using sbtest5_pkey on sbtest5  (cost=0.43..48.00 rows=11 width=121)
	              Index Cond: ((id >= 9199191) AND (id <= 9199200))

table 6 : explain SELECT DISTINCT c FROM sbtest6 WHERE id BETWEEN 4832325 AND 4832334 ORDER BY c
	Unique  (cost=40.22..40.26 rows=9 width=121)
	  ->  Sort  (cost=40.22..40.24 rows=9 width=121)
	        Sort Key: c
	        ->  Index Scan using sbtest6_pkey on sbtest6  (cost=0.43..40.07 rows=9 width=121)
	              Index Cond: ((id >= 4832325) AND (id <= 4832334))

table 7 : explain SELECT DISTINCT c FROM sbtest7 WHERE id BETWEEN 8954925 AND 8954934 ORDER BY c
	Unique  (cost=44.17..44.22 rows=10 width=121)
	  ->  Sort  (cost=44.17..44.19 rows=10 width=121)
	        Sort Key: c
	        ->  Index Scan using sbtest7_pkey on sbtest7  (cost=0.43..44.00 rows=10 width=121)
	              Index Cond: ((id >= 8954925) AND (id <= 8954934))

table 8 : explain SELECT DISTINCT c FROM sbtest8 WHERE id BETWEEN 6673891 AND 6673900 ORDER BY c
	Unique  (cost=48.17..48.23 rows=11 width=121)
	  ->  Sort  (cost=48.17..48.20 rows=11 width=121)
	        Sort Key: c
	        ->  Index Scan using sbtest8_pkey on sbtest8  (cost=0.43..47.98 rows=11 width=121)
	              Index Cond: ((id >= 6673891) AND (id <= 6673900))

for: order_ranges
table 1 : explain SELECT c FROM sbtest1 WHERE id BETWEEN 7485312 AND 7485321 ORDER BY c
	Sort  (cost=44.33..44.35 rows=10 width=121)
	  Sort Key: c
	  ->  Index Scan using sbtest1_pkey on sbtest1  (cost=0.43..44.16 rows=10 width=121)
	        Index Cond: ((id >= 7485312) AND (id <= 7485321))

table 2 : explain SELECT c FROM sbtest2 WHERE id BETWEEN 7199013 AND 7199022 ORDER BY c
	Sort  (cost=48.33..48.36 rows=11 width=121)
	  Sort Key: c
	  ->  Index Scan using sbtest2_pkey on sbtest2  (cost=0.43..48.14 rows=11 width=121)
	        Index Cond: ((id >= 7199013) AND (id <= 7199022))

table 3 : explain SELECT c FROM sbtest3 WHERE id BETWEEN 7578745 AND 7578754 ORDER BY c
	Sort  (cost=44.32..44.34 rows=10 width=121)
	  Sort Key: c
	  ->  Index Scan using sbtest3_pkey on sbtest3  (cost=0.43..44.15 rows=10 width=121)
	        Index Cond: ((id >= 7578745) AND (id <= 7578754))

table 4 : explain SELECT c FROM sbtest4 WHERE id BETWEEN 1499967 AND 1499976 ORDER BY c
	Sort  (cost=40.25..40.27 rows=9 width=121)
	  Sort Key: c
	  ->  Index Scan using sbtest4_pkey on sbtest4  (cost=0.43..40.11 rows=9 width=121)
	        Index Cond: ((id >= 1499967) AND (id <= 1499976))

table 5 : explain SELECT c FROM sbtest5 WHERE id BETWEEN 9278956 AND 9278965 ORDER BY c
	Sort  (cost=48.19..48.22 rows=11 width=121)
	  Sort Key: c
	  ->  Index Scan using sbtest5_pkey on sbtest5  (cost=0.43..48.00 rows=11 width=121)
	        Index Cond: ((id >= 9278956) AND (id <= 9278965))

table 6 : explain SELECT c FROM sbtest6 WHERE id BETWEEN 8385360 AND 8385369 ORDER BY c
	Sort  (cost=44.19..44.22 rows=10 width=121)
	  Sort Key: c
	  ->  Index Scan using sbtest6_pkey on sbtest6  (cost=0.43..44.03 rows=10 width=121)
	        Index Cond: ((id >= 8385360) AND (id <= 8385369))

table 7 : explain SELECT c FROM sbtest7 WHERE id BETWEEN 5293829 AND 5293838 ORDER BY c
	Sort  (cost=44.17..44.19 rows=10 width=121)
	  Sort Key: c
	  ->  Index Scan using sbtest7_pkey on sbtest7  (cost=0.43..44.00 rows=10 width=121)
	        Index Cond: ((id >= 5293829) AND (id <= 5293838))

table 8 : explain SELECT c FROM sbtest8 WHERE id BETWEEN 2273476 AND 2273485 ORDER BY c
	Sort  (cost=44.19..44.22 rows=10 width=121)
	  Sort Key: c
	  ->  Index Scan using sbtest8_pkey on sbtest8  (cost=0.43..44.03 rows=10 width=121)
	        Index Cond: ((id >= 2273476) AND (id <= 2273485))

for point_selects
table 1 : explain SELECT c FROM sbtest1 WHERE id=191455
	Index Scan using sbtest1_pkey on sbtest1  (cost=0.43..8.45 rows=1 width=121)
	  Index Cond: (id = 191455)

table 2 : explain SELECT c FROM sbtest2 WHERE id=2554300
	Index Scan using sbtest2_pkey on sbtest2  (cost=0.43..8.45 rows=1 width=121)
	  Index Cond: (id = 2554300)

table 3 : explain SELECT c FROM sbtest3 WHERE id=4226535
	Index Scan using sbtest3_pkey on sbtest3  (cost=0.43..8.45 rows=1 width=121)
	  Index Cond: (id = 4226535)

table 4 : explain SELECT c FROM sbtest4 WHERE id=1205338
	Index Scan using sbtest4_pkey on sbtest4  (cost=0.43..8.45 rows=1 width=121)
	  Index Cond: (id = 1205338)

table 5 : explain SELECT c FROM sbtest5 WHERE id=1887203
	Index Scan using sbtest5_pkey on sbtest5  (cost=0.43..8.45 rows=1 width=121)
	  Index Cond: (id = 1887203)

table 6 : explain SELECT c FROM sbtest6 WHERE id=3894900
	Index Scan using sbtest6_pkey on sbtest6  (cost=0.43..8.45 rows=1 width=121)
	  Index Cond: (id = 3894900)

table 7 : explain SELECT c FROM sbtest7 WHERE id=7715421
	Index Scan using sbtest7_pkey on sbtest7  (cost=0.43..8.45 rows=1 width=121)
	  Index Cond: (id = 7715421)

table 8 : explain SELECT c FROM sbtest8 WHERE id=883322
	Index Scan using sbtest8_pkey on sbtest8  (cost=0.43..8.45 rows=1 width=121)
	  Index Cond: (id = 883322)

for: sum_ranges
table 1 : explain SELECT SUM(k) FROM sbtest1 WHERE id BETWEEN 1348460 AND 1348469
	Aggregate  (cost=44.19..44.20 rows=1 width=8)
	  ->  Index Scan using sbtest1_pkey on sbtest1  (cost=0.43..44.16 rows=10 width=4)
	        Index Cond: ((id >= 1348460) AND (id <= 1348469))

table 2 : explain SELECT SUM(k) FROM sbtest2 WHERE id BETWEEN 9754554 AND 9754563
	Aggregate  (cost=40.22..40.23 rows=1 width=8)
	  ->  Index Scan using sbtest2_pkey on sbtest2  (cost=0.43..40.20 rows=9 width=4)
	        Index Cond: ((id >= 9754554) AND (id <= 9754563))

table 3 : explain SELECT SUM(k) FROM sbtest3 WHERE id BETWEEN 2620281 AND 2620290
	Aggregate  (cost=44.17..44.18 rows=1 width=8)
	  ->  Index Scan using sbtest3_pkey on sbtest3  (cost=0.43..44.15 rows=10 width=4)
	        Index Cond: ((id >= 2620281) AND (id <= 2620290))

table 4 : explain SELECT SUM(k) FROM sbtest4 WHERE id BETWEEN 4152065 AND 4152074
	Aggregate  (cost=44.09..44.10 rows=1 width=8)
	  ->  Index Scan using sbtest4_pkey on sbtest4  (cost=0.43..44.07 rows=10 width=4)
	        Index Cond: ((id >= 4152065) AND (id <= 4152074))

table 5 : explain SELECT SUM(k) FROM sbtest5 WHERE id BETWEEN 7679268 AND 7679277
	Aggregate  (cost=44.07..44.08 rows=1 width=8)
	  ->  Index Scan using sbtest5_pkey on sbtest5  (cost=0.43..44.05 rows=10 width=4)
	        Index Cond: ((id >= 7679268) AND (id <= 7679277))

table 6 : explain SELECT SUM(k) FROM sbtest6 WHERE id BETWEEN 8961991 AND 8962000
	Aggregate  (cost=48.01..48.02 rows=1 width=8)
	  ->  Index Scan using sbtest6_pkey on sbtest6  (cost=0.43..47.98 rows=11 width=4)
	        Index Cond: ((id >= 8961991) AND (id <= 8962000))

table 7 : explain SELECT SUM(k) FROM sbtest7 WHERE id BETWEEN 26164 AND 26173
	Aggregate  (cost=44.02..44.03 rows=1 width=8)
	  ->  Index Scan using sbtest7_pkey on sbtest7  (cost=0.43..44.00 rows=10 width=4)
	        Index Cond: ((id >= 26164) AND (id <= 26173))

table 8 : explain SELECT SUM(k) FROM sbtest8 WHERE id BETWEEN 9171088 AND 9171097
	Aggregate  (cost=44.05..44.06 rows=1 width=8)
	  ->  Index Scan using sbtest8_pkey on sbtest8  (cost=0.43..44.03 rows=10 width=4)
	        Index Cond: ((id >= 9171088) AND (id <= 9171097))

for: distinct_ranges
table 1 : explain SELECT DISTINCT c FROM sbtest1 WHERE id BETWEEN 600112 AND 600121 ORDER BY c
	Unique  (cost=40.34..40.38 rows=9 width=121)
	  ->  Sort  (cost=40.34..40.36 rows=9 width=121)
	        Sort Key: c
	        ->  Index Scan using sbtest1_pkey on sbtest1  (cost=0.43..40.19 rows=9 width=121)
	              Index Cond: ((id >= 600112) AND (id <= 600121))

table 2 : explain SELECT DISTINCT c FROM sbtest2 WHERE id BETWEEN 3415655 AND 3415664 ORDER BY c
	Unique  (cost=44.34..44.39 rows=10 width=121)
	  ->  Sort  (cost=44.34..44.36 rows=10 width=121)
	        Sort Key: c
	        ->  Index Scan using sbtest2_pkey on sbtest2  (cost=0.43..44.17 rows=10 width=121)
	              Index Cond: ((id >= 3415655) AND (id <= 3415664))

table 3 : explain SELECT DISTINCT c FROM sbtest3 WHERE id BETWEEN 6410790 AND 6410799 ORDER BY c
	Unique  (cost=44.32..44.37 rows=10 width=121)
	  ->  Sort  (cost=44.32..44.34 rows=10 width=121)
	        Sort Key: c
	        ->  Index Scan using sbtest3_pkey on sbtest3  (cost=0.43..44.15 rows=10 width=121)
	              Index Cond: ((id >= 6410790) AND (id <= 6410799))

table 4 : explain SELECT DISTINCT c FROM sbtest4 WHERE id BETWEEN 9270807 AND 9270816 ORDER BY c
	Unique  (cost=48.21..48.27 rows=11 width=121)
	  ->  Sort  (cost=48.21..48.24 rows=11 width=121)
	        Sort Key: c
	        ->  Index Scan using sbtest4_pkey on sbtest4  (cost=0.43..48.02 rows=11 width=121)
	              Index Cond: ((id >= 9270807) AND (id <= 9270816))

table 5 : explain SELECT DISTINCT c FROM sbtest5 WHERE id BETWEEN 3069730 AND 3069739 ORDER BY c
	Unique  (cost=44.22..44.27 rows=10 width=121)
	  ->  Sort  (cost=44.22..44.24 rows=10 width=121)
	        Sort Key: c
	        ->  Index Scan using sbtest5_pkey on sbtest5  (cost=0.43..44.05 rows=10 width=121)
	              Index Cond: ((id >= 3069730) AND (id <= 3069739))

table 6 : explain SELECT DISTINCT c FROM sbtest6 WHERE id BETWEEN 3496558 AND 3496567 ORDER BY c
	Unique  (cost=48.17..48.22 rows=11 width=121)
	  ->  Sort  (cost=48.17..48.20 rows=11 width=121)
	        Sort Key: c
	        ->  Index Scan using sbtest6_pkey on sbtest6  (cost=0.43..47.98 rows=11 width=121)
	              Index Cond: ((id >= 3496558) AND (id <= 3496567))

table 7 : explain SELECT DISTINCT c FROM sbtest7 WHERE id BETWEEN 5403921 AND 5403930 ORDER BY c
	Unique  (cost=44.17..44.22 rows=10 width=121)
	  ->  Sort  (cost=44.17..44.19 rows=10 width=121)
	        Sort Key: c
	        ->  Index Scan using sbtest7_pkey on sbtest7  (cost=0.43..44.00 rows=10 width=121)
	              Index Cond: ((id >= 5403921) AND (id <= 5403930))

table 8 : explain SELECT DISTINCT c FROM sbtest8 WHERE id BETWEEN 5950634 AND 5950643 ORDER BY c
	Unique  (cost=44.19..44.24 rows=10 width=121)
	  ->  Sort  (cost=44.19..44.22 rows=10 width=121)
	        Sort Key: c
	        ->  Index Scan using sbtest8_pkey on sbtest8  (cost=0.43..44.03 rows=10 width=121)
	              Index Cond: ((id >= 5950634) AND (id <= 5950643))

explain: for point_selects :: explain SELECT c FROM sbtest%u WHERE id=%u
for: order_ranges
table 1 : explain SELECT c FROM sbtest1 WHERE id BETWEEN 931748 AND 931757 ORDER BY c
	Sort  (cost=48.32..48.35 rows=11 width=121)
	  Sort Key: c
	  ->  Index Scan using sbtest1_pkey on sbtest1  (cost=0.43..48.13 rows=11 width=121)
	        Index Cond: ((id >= 931748) AND (id <= 931757))

table 2 : explain SELECT c FROM sbtest2 WHERE id BETWEEN 5650341 AND 5650350 ORDER BY c
	Sort  (cost=44.34..44.36 rows=10 width=121)
	  Sort Key: c
	  ->  Index Scan using sbtest2_pkey on sbtest2  (cost=0.43..44.17 rows=10 width=121)
	        Index Cond: ((id >= 5650341) AND (id <= 5650350))

table 3 : explain SELECT c FROM sbtest3 WHERE id BETWEEN 7048720 AND 7048729 ORDER BY c
	Sort  (cost=44.32..44.34 rows=10 width=121)
	  Sort Key: c
	  ->  Index Scan using sbtest3_pkey on sbtest3  (cost=0.43..44.15 rows=10 width=121)
	        Index Cond: ((id >= 7048720) AND (id <= 7048729))

table 4 : explain SELECT c FROM sbtest4 WHERE id BETWEEN 3476094 AND 3476103 ORDER BY c
	Sort  (cost=44.23..44.26 rows=10 width=121)
	  Sort Key: c
	  ->  Index Scan using sbtest4_pkey on sbtest4  (cost=0.43..44.07 rows=10 width=121)
	        Index Cond: ((id >= 3476094) AND (id <= 3476103))

table 5 : explain SELECT c FROM sbtest5 WHERE id BETWEEN 3170564 AND 3170573 ORDER BY c
	Sort  (cost=48.19..48.22 rows=11 width=121)
	  Sort Key: c
	  ->  Index Scan using sbtest5_pkey on sbtest5  (cost=0.43..48.00 rows=11 width=121)
	        Index Cond: ((id >= 3170564) AND (id <= 3170573))

table 6 : explain SELECT c FROM sbtest6 WHERE id BETWEEN 2549964 AND 2549973 ORDER BY c
	Sort  (cost=44.19..44.22 rows=10 width=121)
	  Sort Key: c
	  ->  Index Scan using sbtest6_pkey on sbtest6  (cost=0.43..44.03 rows=10 width=121)
	        Index Cond: ((id >= 2549964) AND (id <= 2549973))

table 7 : explain SELECT c FROM sbtest7 WHERE id BETWEEN 5907316 AND 5907325 ORDER BY c
	Sort  (cost=44.17..44.19 rows=10 width=121)
	  Sort Key: c
	  ->  Index Scan using sbtest7_pkey on sbtest7  (cost=0.43..44.00 rows=10 width=121)
	        Index Cond: ((id >= 5907316) AND (id <= 5907325))

table 8 : explain SELECT c FROM sbtest8 WHERE id BETWEEN 9786884 AND 9786893 ORDER BY c
	Sort  (cost=44.19..44.22 rows=10 width=121)
	  Sort Key: c
	  ->  Index Scan using sbtest8_pkey on sbtest8  (cost=0.43..44.03 rows=10 width=121)
	        Index Cond: ((id >= 9786884) AND (id <= 9786893))

for: simple_ranges
table 1 : explain SELECT c FROM sbtest1 WHERE id BETWEEN 8488848 AND 8488857
	Index Scan using sbtest1_pkey on sbtest1  (cost=0.43..48.13 rows=11 width=121)
	  Index Cond: ((id >= 8488848) AND (id <= 8488857))

table 2 : explain SELECT c FROM sbtest2 WHERE id BETWEEN 952051 AND 952060
	Index Scan using sbtest2_pkey on sbtest2  (cost=0.43..44.17 rows=10 width=121)
	  Index Cond: ((id >= 952051) AND (id <= 952060))

table 3 : explain SELECT c FROM sbtest3 WHERE id BETWEEN 3242197 AND 3242206
	Index Scan using sbtest3_pkey on sbtest3  (cost=0.43..44.15 rows=10 width=121)
	  Index Cond: ((id >= 3242197) AND (id <= 3242206))

table 4 : explain SELECT c FROM sbtest4 WHERE id BETWEEN 4248412 AND 4248421
	Index Scan using sbtest4_pkey on sbtest4  (cost=0.43..44.07 rows=10 width=121)
	  Index Cond: ((id >= 4248412) AND (id <= 4248421))

table 5 : explain SELECT c FROM sbtest5 WHERE id BETWEEN 4054171 AND 4054180
	Index Scan using sbtest5_pkey on sbtest5  (cost=0.43..44.05 rows=10 width=121)
	  Index Cond: ((id >= 4054171) AND (id <= 4054180))

table 6 : explain SELECT c FROM sbtest6 WHERE id BETWEEN 7325498 AND 7325507
	Index Scan using sbtest6_pkey on sbtest6  (cost=0.43..44.03 rows=10 width=121)
	  Index Cond: ((id >= 7325498) AND (id <= 7325507))

table 7 : explain SELECT c FROM sbtest7 WHERE id BETWEEN 1168118 AND 1168127
	Index Scan using sbtest7_pkey on sbtest7  (cost=0.43..47.95 rows=11 width=121)
	  Index Cond: ((id >= 1168118) AND (id <= 1168127))

table 8 : explain SELECT c FROM sbtest8 WHERE id BETWEEN 4117389 AND 4117398
	Index Scan using sbtest8_pkey on sbtest8  (cost=0.43..44.03 rows=10 width=121)
	  Index Cond: ((id >= 4117389) AND (id <= 4117398))

for point_selects
table 1 : explain SELECT c FROM sbtest1 WHERE id=8685061
	Index Scan using sbtest1_pkey on sbtest1  (cost=0.43..8.45 rows=1 width=121)
	  Index Cond: (id = 8685061)

table 2 : explain SELECT c FROM sbtest2 WHERE id=7483575
	Index Scan using sbtest2_pkey on sbtest2  (cost=0.43..8.45 rows=1 width=121)
	  Index Cond: (id = 7483575)

table 3 : explain SELECT c FROM sbtest3 WHERE id=4156191
	Index Scan using sbtest3_pkey on sbtest3  (cost=0.43..8.45 rows=1 width=121)
	  Index Cond: (id = 4156191)

table 4 : explain SELECT c FROM sbtest4 WHERE id=7534139
	Index Scan using sbtest4_pkey on sbtest4  (cost=0.43..8.45 rows=1 width=121)
	  Index Cond: (id = 7534139)

table 5 : explain SELECT c FROM sbtest5 WHERE id=6499786
	Index Scan using sbtest5_pkey on sbtest5  (cost=0.43..8.45 rows=1 width=121)
	  Index Cond: (id = 6499786)

table 6 : explain SELECT c FROM sbtest6 WHERE id=3947281
	Index Scan using sbtest6_pkey on sbtest6  (cost=0.43..8.45 rows=1 width=121)
	  Index Cond: (id = 3947281)

table 7 : explain SELECT c FROM sbtest7 WHERE id=3223292
	Index Scan using sbtest7_pkey on sbtest7  (cost=0.43..8.45 rows=1 width=121)
	  Index Cond: (id = 3223292)

table 8 : explain SELECT c FROM sbtest8 WHERE id=5184171
	Index Scan using sbtest8_pkey on sbtest8  (cost=0.43..8.45 rows=1 width=121)
	  Index Cond: (id = 5184171)

for: sum_ranges
table 1 : explain SELECT SUM(k) FROM sbtest1 WHERE id BETWEEN 494334 AND 494343
	Aggregate  (cost=40.22..40.23 rows=1 width=8)
	  ->  Index Scan using sbtest1_pkey on sbtest1  (cost=0.43..40.19 rows=9 width=4)
	        Index Cond: ((id >= 494334) AND (id <= 494343))

table 2 : explain SELECT SUM(k) FROM sbtest2 WHERE id BETWEEN 363593 AND 363602
	Aggregate  (cost=44.19..44.20 rows=1 width=8)
	  ->  Index Scan using sbtest2_pkey on sbtest2  (cost=0.43..44.17 rows=10 width=4)
	        Index Cond: ((id >= 363593) AND (id <= 363602))

table 3 : explain SELECT SUM(k) FROM sbtest3 WHERE id BETWEEN 1744252 AND 1744261
	Aggregate  (cost=44.17..44.18 rows=1 width=8)
	  ->  Index Scan using sbtest3_pkey on sbtest3  (cost=0.43..44.15 rows=10 width=4)
	        Index Cond: ((id >= 1744252) AND (id <= 1744261))

table 4 : explain SELECT SUM(k) FROM sbtest4 WHERE id BETWEEN 6983137 AND 6983146
	Aggregate  (cost=48.05..48.06 rows=1 width=8)
	  ->  Index Scan using sbtest4_pkey on sbtest4  (cost=0.43..48.02 rows=11 width=4)
	        Index Cond: ((id >= 6983137) AND (id <= 6983146))

table 5 : explain SELECT SUM(k) FROM sbtest5 WHERE id BETWEEN 6915745 AND 6915754
	Aggregate  (cost=44.07..44.08 rows=1 width=8)
	  ->  Index Scan using sbtest5_pkey on sbtest5  (cost=0.43..44.05 rows=10 width=4)
	        Index Cond: ((id >= 6915745) AND (id <= 6915754))

table 6 : explain SELECT SUM(k) FROM sbtest6 WHERE id BETWEEN 1914890 AND 1914899
	Aggregate  (cost=48.01..48.02 rows=1 width=8)
	  ->  Index Scan using sbtest6_pkey on sbtest6  (cost=0.43..47.98 rows=11 width=4)
	        Index Cond: ((id >= 1914890) AND (id <= 1914899))

table 7 : explain SELECT SUM(k) FROM sbtest7 WHERE id BETWEEN 6297576 AND 6297585
	Aggregate  (cost=44.02..44.03 rows=1 width=8)
	  ->  Index Scan using sbtest7_pkey on sbtest7  (cost=0.43..44.00 rows=10 width=4)
	        Index Cond: ((id >= 6297576) AND (id <= 6297585))

table 8 : explain SELECT SUM(k) FROM sbtest8 WHERE id BETWEEN 9233179 AND 9233188
	Aggregate  (cost=48.01..48.02 rows=1 width=8)
	  ->  Index Scan using sbtest8_pkey on sbtest8  (cost=0.43..47.98 rows=11 width=4)
	        Index Cond: ((id >= 9233179) AND (id <= 9233188))

for: distinct_ranges
table 1 : explain SELECT DISTINCT c FROM sbtest1 WHERE id BETWEEN 618910 AND 618919 ORDER BY c
	Unique  (cost=48.32..48.38 rows=11 width=121)
	  ->  Sort  (cost=48.32..48.35 rows=11 width=121)
	        Sort Key: c
	        ->  Index Scan using sbtest1_pkey on sbtest1  (cost=0.43..48.13 rows=11 width=121)
	              Index Cond: ((id >= 618910) AND (id <= 618919))

table 2 : explain SELECT DISTINCT c FROM sbtest2 WHERE id BETWEEN 929441 AND 929450 ORDER BY c
	Unique  (cost=44.34..44.39 rows=10 width=121)
	  ->  Sort  (cost=44.34..44.36 rows=10 width=121)
	        Sort Key: c
	        ->  Index Scan using sbtest2_pkey on sbtest2  (cost=0.43..44.17 rows=10 width=121)
	              Index Cond: ((id >= 929441) AND (id <= 929450))

table 3 : explain SELECT DISTINCT c FROM sbtest3 WHERE id BETWEEN 4019043 AND 4019052 ORDER BY c
	Unique  (cost=44.32..44.37 rows=10 width=121)
	  ->  Sort  (cost=44.32..44.34 rows=10 width=121)
	        Sort Key: c
	        ->  Index Scan using sbtest3_pkey on sbtest3  (cost=0.43..44.15 rows=10 width=121)
	              Index Cond: ((id >= 4019043) AND (id <= 4019052))

table 4 : explain SELECT DISTINCT c FROM sbtest4 WHERE id BETWEEN 4642878 AND 4642887 ORDER BY c
	Unique  (cost=44.23..44.28 rows=10 width=121)
	  ->  Sort  (cost=44.23..44.26 rows=10 width=121)
	        Sort Key: c
	        ->  Index Scan using sbtest4_pkey on sbtest4  (cost=0.43..44.07 rows=10 width=121)
	              Index Cond: ((id >= 4642878) AND (id <= 4642887))

table 5 : explain SELECT DISTINCT c FROM sbtest5 WHERE id BETWEEN 8394369 AND 8394378 ORDER BY c
	Unique  (cost=40.24..40.28 rows=9 width=121)
	  ->  Sort  (cost=40.24..40.26 rows=9 width=121)
	        Sort Key: c
	        ->  Index Scan using sbtest5_pkey on sbtest5  (cost=0.43..40.09 rows=9 width=121)
	              Index Cond: ((id >= 8394369) AND (id <= 8394378))

table 6 : explain SELECT DISTINCT c FROM sbtest6 WHERE id BETWEEN 5990755 AND 5990764 ORDER BY c
	Unique  (cost=48.17..48.22 rows=11 width=121)
	  ->  Sort  (cost=48.17..48.20 rows=11 width=121)
	        Sort Key: c
	        ->  Index Scan using sbtest6_pkey on sbtest6  (cost=0.43..47.98 rows=11 width=121)
	              Index Cond: ((id >= 5990755) AND (id <= 5990764))

table 7 : explain SELECT DISTINCT c FROM sbtest7 WHERE id BETWEEN 4261888 AND 4261897 ORDER BY c
	Unique  (cost=44.17..44.22 rows=10 width=121)
	  ->  Sort  (cost=44.17..44.19 rows=10 width=121)
	        Sort Key: c
	        ->  Index Scan using sbtest7_pkey on sbtest7  (cost=0.43..44.00 rows=10 width=121)
	              Index Cond: ((id >= 4261888) AND (id <= 4261897))

table 8 : explain SELECT DISTINCT c FROM sbtest8 WHERE id BETWEEN 1334027 AND 1334036 ORDER BY c
	Unique  (cost=40.22..40.26 rows=9 width=121)
	  ->  Sort  (cost=40.22..40.24 rows=9 width=121)
	        Sort Key: c
	        ->  Index Scan using sbtest8_pkey on sbtest8  (cost=0.43..40.07 rows=9 width=121)
	              Index Cond: ((id >= 1334027) AND (id <= 1334036))

for: sum_ranges
table 1 : explain SELECT SUM(k) FROM sbtest1 WHERE id BETWEEN 2796653 AND 2796662
	Aggregate  (cost=44.19..44.20 rows=1 width=8)
	  ->  Index Scan using sbtest1_pkey on sbtest1  (cost=0.43..44.16 rows=10 width=4)
	        Index Cond: ((id >= 2796653) AND (id <= 2796662))

table 2 : explain SELECT SUM(k) FROM sbtest2 WHERE id BETWEEN 4261201 AND 4261210
	Aggregate  (cost=44.19..44.20 rows=1 width=8)
	  ->  Index Scan using sbtest2_pkey on sbtest2  (cost=0.43..44.17 rows=10 width=4)
	        Index Cond: ((id >= 4261201) AND (id <= 4261210))

table 3 : explain SELECT SUM(k) FROM sbtest3 WHERE id BETWEEN 7734921 AND 7734930
	Aggregate  (cost=44.17..44.18 rows=1 width=8)
	  ->  Index Scan using sbtest3_pkey on sbtest3  (cost=0.43..44.15 rows=10 width=4)
	        Index Cond: ((id >= 7734921) AND (id <= 7734930))

table 4 : explain SELECT SUM(k) FROM sbtest4 WHERE id BETWEEN 4388785 AND 4388794
	Aggregate  (cost=44.09..44.10 rows=1 width=8)
	  ->  Index Scan using sbtest4_pkey on sbtest4  (cost=0.43..44.07 rows=10 width=4)
	        Index Cond: ((id >= 4388785) AND (id <= 4388794))

table 5 : explain SELECT SUM(k) FROM sbtest5 WHERE id BETWEEN 3211207 AND 3211216
	Aggregate  (cost=44.07..44.08 rows=1 width=8)
	  ->  Index Scan using sbtest5_pkey on sbtest5  (cost=0.43..44.05 rows=10 width=4)
	        Index Cond: ((id >= 3211207) AND (id <= 3211216))

table 6 : explain SELECT SUM(k) FROM sbtest6 WHERE id BETWEEN 5011633 AND 5011642
	Aggregate  (cost=40.10..40.11 rows=1 width=8)
	  ->  Index Scan using sbtest6_pkey on sbtest6  (cost=0.43..40.07 rows=9 width=4)
	        Index Cond: ((id >= 5011633) AND (id <= 5011642))

table 7 : explain SELECT SUM(k) FROM sbtest7 WHERE id BETWEEN 7134515 AND 7134524
	Aggregate  (cost=44.02..44.03 rows=1 width=8)
	  ->  Index Scan using sbtest7_pkey on sbtest7  (cost=0.43..44.00 rows=10 width=4)
	        Index Cond: ((id >= 7134515) AND (id <= 7134524))

table 8 : explain SELECT SUM(k) FROM sbtest8 WHERE id BETWEEN 8264561 AND 8264570
	Aggregate  (cost=40.10..40.11 rows=1 width=8)
	  ->  Index Scan using sbtest8_pkey on sbtest8  (cost=0.43..40.07 rows=9 width=4)
	        Index Cond: ((id >= 8264561) AND (id <= 8264570))

for: simple_ranges
table 1 : explain SELECT c FROM sbtest1 WHERE id BETWEEN 6188736 AND 6188745
	Index Scan using sbtest1_pkey on sbtest1  (cost=0.43..44.16 rows=10 width=121)
	  Index Cond: ((id >= 6188736) AND (id <= 6188745))

table 2 : explain SELECT c FROM sbtest2 WHERE id BETWEEN 5596649 AND 5596658
	Index Scan using sbtest2_pkey on sbtest2  (cost=0.43..48.14 rows=11 width=121)
	  Index Cond: ((id >= 5596649) AND (id <= 5596658))

table 3 : explain SELECT c FROM sbtest3 WHERE id BETWEEN 8122225 AND 8122234
	Index Scan using sbtest3_pkey on sbtest3  (cost=0.43..44.15 rows=10 width=121)
	  Index Cond: ((id >= 8122225) AND (id <= 8122234))

table 4 : explain SELECT c FROM sbtest4 WHERE id BETWEEN 3359962 AND 3359971
	Index Scan using sbtest4_pkey on sbtest4  (cost=0.43..48.02 rows=11 width=121)
	  Index Cond: ((id >= 3359962) AND (id <= 3359971))

table 5 : explain SELECT c FROM sbtest5 WHERE id BETWEEN 8862521 AND 8862530
	Index Scan using sbtest5_pkey on sbtest5  (cost=0.43..44.05 rows=10 width=121)
	  Index Cond: ((id >= 8862521) AND (id <= 8862530))

table 6 : explain SELECT c FROM sbtest6 WHERE id BETWEEN 2695879 AND 2695888
	Index Scan using sbtest6_pkey on sbtest6  (cost=0.43..44.03 rows=10 width=121)
	  Index Cond: ((id >= 2695879) AND (id <= 2695888))

table 7 : explain SELECT c FROM sbtest7 WHERE id BETWEEN 8150298 AND 8150307
	Index Scan using sbtest7_pkey on sbtest7  (cost=0.43..47.95 rows=11 width=121)
	  Index Cond: ((id >= 8150298) AND (id <= 8150307))

table 8 : explain SELECT c FROM sbtest8 WHERE id BETWEEN 2904040 AND 2904049
	Index Scan using sbtest8_pkey on sbtest8  (cost=0.43..44.03 rows=10 width=121)
	  Index Cond: ((id >= 2904040) AND (id <= 2904049))

for: distinct_ranges
table 1 : explain SELECT DISTINCT c FROM sbtest1 WHERE id BETWEEN 5210101 AND 5210110 ORDER BY c
	Unique  (cost=40.34..40.38 rows=9 width=121)
	  ->  Sort  (cost=40.34..40.36 rows=9 width=121)
	        Sort Key: c
	        ->  Index Scan using sbtest1_pkey on sbtest1  (cost=0.43..40.19 rows=9 width=121)
	              Index Cond: ((id >= 5210101) AND (id <= 5210110))

table 2 : explain SELECT DISTINCT c FROM sbtest2 WHERE id BETWEEN 8368739 AND 8368748 ORDER BY c
	Unique  (cost=44.34..44.39 rows=10 width=121)
	  ->  Sort  (cost=44.34..44.36 rows=10 width=121)
	        Sort Key: c
	        ->  Index Scan using sbtest2_pkey on sbtest2  (cost=0.43..44.17 rows=10 width=121)
	              Index Cond: ((id >= 8368739) AND (id <= 8368748))

table 3 : explain SELECT DISTINCT c FROM sbtest3 WHERE id BETWEEN 1010490 AND 1010499 ORDER BY c
	Unique  (cost=44.32..44.37 rows=10 width=121)
	  ->  Sort  (cost=44.32..44.34 rows=10 width=121)
	        Sort Key: c
	        ->  Index Scan using sbtest3_pkey on sbtest3  (cost=0.43..44.15 rows=10 width=121)
	              Index Cond: ((id >= 1010490) AND (id <= 1010499))

table 4 : explain SELECT DISTINCT c FROM sbtest4 WHERE id BETWEEN 8653928 AND 8653937 ORDER BY c
	Unique  (cost=44.23..44.28 rows=10 width=121)
	  ->  Sort  (cost=44.23..44.26 rows=10 width=121)
	        Sort Key: c
	        ->  Index Scan using sbtest4_pkey on sbtest4  (cost=0.43..44.07 rows=10 width=121)
	              Index Cond: ((id >= 8653928) AND (id <= 8653937))

table 5 : explain SELECT DISTINCT c FROM sbtest5 WHERE id BETWEEN 6920331 AND 6920340 ORDER BY c
	Unique  (cost=44.22..44.27 rows=10 width=121)
	  ->  Sort  (cost=44.22..44.24 rows=10 width=121)
	        Sort Key: c
	        ->  Index Scan using sbtest5_pkey on sbtest5  (cost=0.43..44.05 rows=10 width=121)
	              Index Cond: ((id >= 6920331) AND (id <= 6920340))

table 6 : explain SELECT DISTINCT c FROM sbtest6 WHERE id BETWEEN 7795323 AND 7795332 ORDER BY c
	Unique  (cost=44.19..44.24 rows=10 width=121)
	  ->  Sort  (cost=44.19..44.22 rows=10 width=121)
	        Sort Key: c
	        ->  Index Scan using sbtest6_pkey on sbtest6  (cost=0.43..44.03 rows=10 width=121)
	              Index Cond: ((id >= 7795323) AND (id <= 7795332))

table 7 : explain SELECT DISTINCT c FROM sbtest7 WHERE id BETWEEN 1626602 AND 1626611 ORDER BY c
	Unique  (cost=40.19..40.24 rows=9 width=121)
	  ->  Sort  (cost=40.19..40.22 rows=9 width=121)
	        Sort Key: c
	        ->  Index Scan using sbtest7_pkey on sbtest7  (cost=0.43..40.05 rows=9 width=121)
	              Index Cond: ((id >= 1626602) AND (id <= 1626611))

table 8 : explain SELECT DISTINCT c FROM sbtest8 WHERE id BETWEEN 5661903 AND 5661912 ORDER BY c
	Unique  (cost=40.22..40.26 rows=9 width=121)
	  ->  Sort  (cost=40.22..40.24 rows=9 width=121)
	        Sort Key: c
	        ->  Index Scan using sbtest8_pkey on sbtest8  (cost=0.43..40.07 rows=9 width=121)
	              Index Cond: ((id >= 5661903) AND (id <= 5661912))

explain: for point_selects :: explain SELECT c FROM sbtest%u WHERE id=%u
for: order_ranges
table 1 : explain SELECT c FROM sbtest1 WHERE id BETWEEN 7565411 AND 7565420 ORDER BY c
	Sort  (cost=44.33..44.35 rows=10 width=121)
	  Sort Key: c
	  ->  Index Scan using sbtest1_pkey on sbtest1  (cost=0.43..44.16 rows=10 width=121)
	        Index Cond: ((id >= 7565411) AND (id <= 7565420))

table 2 : explain SELECT c FROM sbtest2 WHERE id BETWEEN 2246240 AND 2246249 ORDER BY c
	Sort  (cost=40.34..40.37 rows=9 width=121)
	  Sort Key: c
	  ->  Index Scan using sbtest2_pkey on sbtest2  (cost=0.43..40.20 rows=9 width=121)
	        Index Cond: ((id >= 2246240) AND (id <= 2246249))

table 3 : explain SELECT c FROM sbtest3 WHERE id BETWEEN 6925277 AND 6925286 ORDER BY c
	Sort  (cost=44.32..44.34 rows=10 width=121)
	  Sort Key: c
	  ->  Index Scan using sbtest3_pkey on sbtest3  (cost=0.43..44.15 rows=10 width=121)
	        Index Cond: ((id >= 6925277) AND (id <= 6925286))

table 4 : explain SELECT c FROM sbtest4 WHERE id BETWEEN 4002527 AND 4002536 ORDER BY c
	Sort  (cost=44.23..44.26 rows=10 width=121)
	  Sort Key: c
	  ->  Index Scan using sbtest4_pkey on sbtest4  (cost=0.43..44.07 rows=10 width=121)
	        Index Cond: ((id >= 4002527) AND (id <= 4002536))

table 5 : explain SELECT c FROM sbtest5 WHERE id BETWEEN 1384352 AND 1384361 ORDER BY c
	Sort  (cost=44.22..44.24 rows=10 width=121)
	  Sort Key: c
	  ->  Index Scan using sbtest5_pkey on sbtest5  (cost=0.43..44.05 rows=10 width=121)
	        Index Cond: ((id >= 1384352) AND (id <= 1384361))

table 6 : explain SELECT c FROM sbtest6 WHERE id BETWEEN 2606991 AND 2607000 ORDER BY c
	Sort  (cost=44.19..44.22 rows=10 width=121)
	  Sort Key: c
	  ->  Index Scan using sbtest6_pkey on sbtest6  (cost=0.43..44.03 rows=10 width=121)
	        Index Cond: ((id >= 2606991) AND (id <= 2607000))

table 7 : explain SELECT c FROM sbtest7 WHERE id BETWEEN 8228442 AND 8228451 ORDER BY c
	Sort  (cost=40.19..40.22 rows=9 width=121)
	  Sort Key: c
	  ->  Index Scan using sbtest7_pkey on sbtest7  (cost=0.43..40.05 rows=9 width=121)
	        Index Cond: ((id >= 8228442) AND (id <= 8228451))

table 8 : explain SELECT c FROM sbtest8 WHERE id BETWEEN 7749458 AND 7749467 ORDER BY c
	Sort  (cost=40.22..40.24 rows=9 width=121)
	  Sort Key: c
	  ->  Index Scan using sbtest8_pkey on sbtest8  (cost=0.43..40.07 rows=9 width=121)
	        Index Cond: ((id >= 7749458) AND (id <= 7749467))

for point_selects
table 1 : explain SELECT c FROM sbtest1 WHERE id=191148
	Index Scan using sbtest1_pkey on sbtest1  (cost=0.43..8.45 rows=1 width=121)
	  Index Cond: (id = 191148)

table 2 : explain SELECT c FROM sbtest2 WHERE id=140067
	Index Scan using sbtest2_pkey on sbtest2  (cost=0.43..8.45 rows=1 width=121)
	  Index Cond: (id = 140067)

table 3 : explain SELECT c FROM sbtest3 WHERE id=930851
	Index Scan using sbtest3_pkey on sbtest3  (cost=0.43..8.45 rows=1 width=121)
	  Index Cond: (id = 930851)

table 4 : explain SELECT c FROM sbtest4 WHERE id=7655899
	Index Scan using sbtest4_pkey on sbtest4  (cost=0.43..8.45 rows=1 width=121)
	  Index Cond: (id = 7655899)

table 5 : explain SELECT c FROM sbtest5 WHERE id=7918131
	Index Scan using sbtest5_pkey on sbtest5  (cost=0.43..8.45 rows=1 width=121)
	  Index Cond: (id = 7918131)

table 6 : explain SELECT c FROM sbtest6 WHERE id=4347856
	Index Scan using sbtest6_pkey on sbtest6  (cost=0.43..8.45 rows=1 width=121)
	  Index Cond: (id = 4347856)

table 7 : explain SELECT c FROM sbtest7 WHERE id=2136245
	Index Scan using sbtest7_pkey on sbtest7  (cost=0.43..8.45 rows=1 width=121)
	  Index Cond: (id = 2136245)

table 8 : explain SELECT c FROM sbtest8 WHERE id=4943967
	Index Scan using sbtest8_pkey on sbtest8  (cost=0.43..8.45 rows=1 width=121)
	  Index Cond: (id = 4943967)

for: distinct_ranges
table 1 : explain SELECT DISTINCT c FROM sbtest1 WHERE id BETWEEN 4541373 AND 4541382 ORDER BY c
	Unique  (cost=44.33..44.38 rows=10 width=121)
	  ->  Sort  (cost=44.33..44.35 rows=10 width=121)
	        Sort Key: c
	        ->  Index Scan using sbtest1_pkey on sbtest1  (cost=0.43..44.16 rows=10 width=121)
	              Index Cond: ((id >= 4541373) AND (id <= 4541382))

table 2 : explain SELECT DISTINCT c FROM sbtest2 WHERE id BETWEEN 1863041 AND 1863050 ORDER BY c
	Unique  (cost=44.34..44.39 rows=10 width=121)
	  ->  Sort  (cost=44.34..44.36 rows=10 width=121)
	        Sort Key: c
	        ->  Index Scan using sbtest2_pkey on sbtest2  (cost=0.43..44.17 rows=10 width=121)
	              Index Cond: ((id >= 1863041) AND (id <= 1863050))

table 3 : explain SELECT DISTINCT c FROM sbtest3 WHERE id BETWEEN 2141060 AND 2141069 ORDER BY c
	Unique  (cost=48.31..48.36 rows=11 width=121)
	  ->  Sort  (cost=48.31..48.33 rows=11 width=121)
	        Sort Key: c
	        ->  Index Scan using sbtest3_pkey on sbtest3  (cost=0.43..48.12 rows=11 width=121)
	              Index Cond: ((id >= 2141060) AND (id <= 2141069))

table 4 : explain SELECT DISTINCT c FROM sbtest4 WHERE id BETWEEN 7720677 AND 7720686 ORDER BY c
	Unique  (cost=44.23..44.28 rows=10 width=121)
	  ->  Sort  (cost=44.23..44.26 rows=10 width=121)
	        Sort Key: c
	        ->  Index Scan using sbtest4_pkey on sbtest4  (cost=0.43..44.07 rows=10 width=121)
	              Index Cond: ((id >= 7720677) AND (id <= 7720686))

table 5 : explain SELECT DISTINCT c FROM sbtest5 WHERE id BETWEEN 1711801 AND 1711810 ORDER BY c
	Unique  (cost=44.22..44.27 rows=10 width=121)
	  ->  Sort  (cost=44.22..44.24 rows=10 width=121)
	        Sort Key: c
	        ->  Index Scan using sbtest5_pkey on sbtest5  (cost=0.43..44.05 rows=10 width=121)
	              Index Cond: ((id >= 1711801) AND (id <= 1711810))

table 6 : explain SELECT DISTINCT c FROM sbtest6 WHERE id BETWEEN 8655301 AND 8655310 ORDER BY c
	Unique  (cost=44.19..44.24 rows=10 width=121)
	  ->  Sort  (cost=44.19..44.22 rows=10 width=121)
	        Sort Key: c
	        ->  Index Scan using sbtest6_pkey on sbtest6  (cost=0.43..44.03 rows=10 width=121)
	              Index Cond: ((id >= 8655301) AND (id <= 8655310))

table 7 : explain SELECT DISTINCT c FROM sbtest7 WHERE id BETWEEN 3113326 AND 3113335 ORDER BY c
	Unique  (cost=44.17..44.22 rows=10 width=121)
	  ->  Sort  (cost=44.17..44.19 rows=10 width=121)
	        Sort Key: c
	        ->  Index Scan using sbtest7_pkey on sbtest7  (cost=0.43..44.00 rows=10 width=121)
	              Index Cond: ((id >= 3113326) AND (id <= 3113335))

table 8 : explain SELECT DISTINCT c FROM sbtest8 WHERE id BETWEEN 6857470 AND 6857479 ORDER BY c
	Unique  (cost=44.19..44.24 rows=10 width=121)
	  ->  Sort  (cost=44.19..44.22 rows=10 width=121)
	        Sort Key: c
	        ->  Index Scan using sbtest8_pkey on sbtest8  (cost=0.43..44.03 rows=10 width=121)
	              Index Cond: ((id >= 6857470) AND (id <= 6857479))

explain: for point_selects :: explain SELECT c FROM sbtest%u WHERE id=%u
for: simple_ranges
table 1 : explain SELECT c FROM sbtest1 WHERE id BETWEEN 8750801 AND 8750810
	Index Scan using sbtest1_pkey on sbtest1  (cost=0.43..48.13 rows=11 width=121)
	  Index Cond: ((id >= 8750801) AND (id <= 8750810))

table 2 : explain SELECT c FROM sbtest2 WHERE id BETWEEN 8559542 AND 8559551
	Index Scan using sbtest2_pkey on sbtest2  (cost=0.43..44.17 rows=10 width=121)
	  Index Cond: ((id >= 8559542) AND (id <= 8559551))

table 3 : explain SELECT c FROM sbtest3 WHERE id BETWEEN 4940619 AND 4940628
	Index Scan using sbtest3_pkey on sbtest3  (cost=0.43..44.15 rows=10 width=121)
	  Index Cond: ((id >= 4940619) AND (id <= 4940628))

table 4 : explain SELECT c FROM sbtest4 WHERE id BETWEEN 4100708 AND 4100717
	Index Scan using sbtest4_pkey on sbtest4  (cost=0.43..44.07 rows=10 width=121)
	  Index Cond: ((id >= 4100708) AND (id <= 4100717))

table 5 : explain SELECT c FROM sbtest5 WHERE id BETWEEN 9875554 AND 9875563
	Index Scan using sbtest5_pkey on sbtest5  (cost=0.43..44.05 rows=10 width=121)
	  Index Cond: ((id >= 9875554) AND (id <= 9875563))

table 6 : explain SELECT c FROM sbtest6 WHERE id BETWEEN 3675987 AND 3675996
	Index Scan using sbtest6_pkey on sbtest6  (cost=0.43..40.07 rows=9 width=121)
	  Index Cond: ((id >= 3675987) AND (id <= 3675996))

table 7 : explain SELECT c FROM sbtest7 WHERE id BETWEEN 7451891 AND 7451900
	Index Scan using sbtest7_pkey on sbtest7  (cost=0.43..44.00 rows=10 width=121)
	  Index Cond: ((id >= 7451891) AND (id <= 7451900))

table 8 : explain SELECT c FROM sbtest8 WHERE id BETWEEN 7777705 AND 7777714
	Index Scan using sbtest8_pkey on sbtest8  (cost=0.43..44.03 rows=10 width=121)
	  Index Cond: ((id >= 7777705) AND (id <= 7777714))

for: sum_ranges
table 1 : explain SELECT SUM(k) FROM sbtest1 WHERE id BETWEEN 7288014 AND 7288023
	Aggregate  (cost=44.19..44.20 rows=1 width=8)
	  ->  Index Scan using sbtest1_pkey on sbtest1  (cost=0.43..44.16 rows=10 width=4)
	        Index Cond: ((id >= 7288014) AND (id <= 7288023))

table 2 : explain SELECT SUM(k) FROM sbtest2 WHERE id BETWEEN 2840788 AND 2840797
	Aggregate  (cost=48.17..48.18 rows=1 width=8)
	  ->  Index Scan using sbtest2_pkey on sbtest2  (cost=0.43..48.14 rows=11 width=4)
	        Index Cond: ((id >= 2840788) AND (id <= 2840797))

table 3 : explain SELECT SUM(k) FROM sbtest3 WHERE id BETWEEN 7845383 AND 7845392
	Aggregate  (cost=48.14..48.15 rows=1 width=8)
	  ->  Index Scan using sbtest3_pkey on sbtest3  (cost=0.43..48.12 rows=11 width=4)
	        Index Cond: ((id >= 7845383) AND (id <= 7845392))

table 4 : explain SELECT SUM(k) FROM sbtest4 WHERE id BETWEEN 6285829 AND 6285838
	Aggregate  (cost=44.09..44.10 rows=1 width=8)
	  ->  Index Scan using sbtest4_pkey on sbtest4  (cost=0.43..44.07 rows=10 width=4)
	        Index Cond: ((id >= 6285829) AND (id <= 6285838))

table 5 : explain SELECT SUM(k) FROM sbtest5 WHERE id BETWEEN 308290 AND 308299
	Aggregate  (cost=44.07..44.08 rows=1 width=8)
	  ->  Index Scan using sbtest5_pkey on sbtest5  (cost=0.43..44.05 rows=10 width=4)
	        Index Cond: ((id >= 308290) AND (id <= 308299))

table 6 : explain SELECT SUM(k) FROM sbtest6 WHERE id BETWEEN 2943396 AND 2943405
	Aggregate  (cost=48.01..48.02 rows=1 width=8)
	  ->  Index Scan using sbtest6_pkey on sbtest6  (cost=0.43..47.98 rows=11 width=4)
	        Index Cond: ((id >= 2943396) AND (id <= 2943405))

table 7 : explain SELECT SUM(k) FROM sbtest7 WHERE id BETWEEN 9069580 AND 9069589
	Aggregate  (cost=44.02..44.03 rows=1 width=8)
	  ->  Index Scan using sbtest7_pkey on sbtest7  (cost=0.43..44.00 rows=10 width=4)
	        Index Cond: ((id >= 9069580) AND (id <= 9069589))

table 8 : explain SELECT SUM(k) FROM sbtest8 WHERE id BETWEEN 4414733 AND 4414742
	Aggregate  (cost=40.10..40.11 rows=1 width=8)
	  ->  Index Scan using sbtest8_pkey on sbtest8  (cost=0.43..40.07 rows=9 width=4)
	        Index Cond: ((id >= 4414733) AND (id <= 4414742))

for: order_ranges
table 1 : explain SELECT c FROM sbtest1 WHERE id BETWEEN 3129273 AND 3129282 ORDER BY c
	Sort  (cost=44.33..44.35 rows=10 width=121)
	  Sort Key: c
	  ->  Index Scan using sbtest1_pkey on sbtest1  (cost=0.43..44.16 rows=10 width=121)
	        Index Cond: ((id >= 3129273) AND (id <= 3129282))

table 2 : explain SELECT c FROM sbtest2 WHERE id BETWEEN 419380 AND 419389 ORDER BY c
	Sort  (cost=44.34..44.36 rows=10 width=121)
	  Sort Key: c
	  ->  Index Scan using sbtest2_pkey on sbtest2  (cost=0.43..44.17 rows=10 width=121)
	        Index Cond: ((id >= 419380) AND (id <= 419389))

table 3 : explain SELECT c FROM sbtest3 WHERE id BETWEEN 1858758 AND 1858767 ORDER BY c
	Sort  (cost=44.32..44.34 rows=10 width=121)
	  Sort Key: c
	  ->  Index Scan using sbtest3_pkey on sbtest3  (cost=0.43..44.15 rows=10 width=121)
	        Index Cond: ((id >= 1858758) AND (id <= 1858767))

table 4 : explain SELECT c FROM sbtest4 WHERE id BETWEEN 6862103 AND 6862112 ORDER BY c
	Sort  (cost=48.21..48.24 rows=11 width=121)
	  Sort Key: c
	  ->  Index Scan using sbtest4_pkey on sbtest4  (cost=0.43..48.02 rows=11 width=121)
	        Index Cond: ((id >= 6862103) AND (id <= 6862112))

table 5 : explain SELECT c FROM sbtest5 WHERE id BETWEEN 3444193 AND 3444202 ORDER BY c
	Sort  (cost=44.22..44.24 rows=10 width=121)
	  Sort Key: c
	  ->  Index Scan using sbtest5_pkey on sbtest5  (cost=0.43..44.05 rows=10 width=121)
	        Index Cond: ((id >= 3444193) AND (id <= 3444202))

table 6 : explain SELECT c FROM sbtest6 WHERE id BETWEEN 1511184 AND 1511193 ORDER BY c
	Sort  (cost=40.22..40.24 rows=9 width=121)
	  Sort Key: c
	  ->  Index Scan using sbtest6_pkey on sbtest6  (cost=0.43..40.07 rows=9 width=121)
	        Index Cond: ((id >= 1511184) AND (id <= 1511193))

table 7 : explain SELECT c FROM sbtest7 WHERE id BETWEEN 4590792 AND 4590801 ORDER BY c
	Sort  (cost=44.17..44.19 rows=10 width=121)
	  Sort Key: c
	  ->  Index Scan using sbtest7_pkey on sbtest7  (cost=0.43..44.00 rows=10 width=121)
	        Index Cond: ((id >= 4590792) AND (id <= 4590801))

table 8 : explain SELECT c FROM sbtest8 WHERE id BETWEEN 3736131 AND 3736140 ORDER BY c
	Sort  (cost=44.19..44.22 rows=10 width=121)
	  Sort Key: c
	  ->  Index Scan using sbtest8_pkey on sbtest8  (cost=0.43..44.03 rows=10 width=121)
	        Index Cond: ((id >= 3736131) AND (id <= 3736140))

for point_selects
table 1 : explain SELECT c FROM sbtest1 WHERE id=6428717
	Index Scan using sbtest1_pkey on sbtest1  (cost=0.43..8.45 rows=1 width=121)
	  Index Cond: (id = 6428717)

table 2 : explain SELECT c FROM sbtest2 WHERE id=10363
	Index Scan using sbtest2_pkey on sbtest2  (cost=0.43..8.45 rows=1 width=121)
	  Index Cond: (id = 10363)

table 3 : explain SELECT c FROM sbtest3 WHERE id=8872849
	Index Scan using sbtest3_pkey on sbtest3  (cost=0.43..8.45 rows=1 width=121)
	  Index Cond: (id = 8872849)

table 4 : explain SELECT c FROM sbtest4 WHERE id=7334768
	Index Scan using sbtest4_pkey on sbtest4  (cost=0.43..8.45 rows=1 width=121)
	  Index Cond: (id = 7334768)

table 5 : explain SELECT c FROM sbtest5 WHERE id=5206790
	Index Scan using sbtest5_pkey on sbtest5  (cost=0.43..8.45 rows=1 width=121)
	  Index Cond: (id = 5206790)

table 6 : explain SELECT c FROM sbtest6 WHERE id=439722
	Index Scan using sbtest6_pkey on sbtest6  (cost=0.43..8.45 rows=1 width=121)
	  Index Cond: (id = 439722)

table 7 : explain SELECT c FROM sbtest7 WHERE id=7644811
	Index Scan using sbtest7_pkey on sbtest7  (cost=0.43..8.45 rows=1 width=121)
	  Index Cond: (id = 7644811)

table 8 : explain SELECT c FROM sbtest8 WHERE id=8257678
	Index Scan using sbtest8_pkey on sbtest8  (cost=0.43..8.45 rows=1 width=121)
	  Index Cond: (id = 8257678)

for: order_ranges
table 1 : explain SELECT c FROM sbtest1 WHERE id BETWEEN 6022716 AND 6022725 ORDER BY c
	Sort  (cost=44.33..44.35 rows=10 width=121)
	  Sort Key: c
	  ->  Index Scan using sbtest1_pkey on sbtest1  (cost=0.43..44.16 rows=10 width=121)
	        Index Cond: ((id >= 6022716) AND (id <= 6022725))

table 2 : explain SELECT c FROM sbtest2 WHERE id BETWEEN 2776111 AND 2776120 ORDER BY c
	Sort  (cost=44.34..44.36 rows=10 width=121)
	  Sort Key: c
	  ->  Index Scan using sbtest2_pkey on sbtest2  (cost=0.43..44.17 rows=10 width=121)
	        Index Cond: ((id >= 2776111) AND (id <= 2776120))

table 3 : explain SELECT c FROM sbtest3 WHERE id BETWEEN 3557439 AND 3557448 ORDER BY c
	Sort  (cost=44.32..44.34 rows=10 width=121)
	  Sort Key: c
	  ->  Index Scan using sbtest3_pkey on sbtest3  (cost=0.43..44.15 rows=10 width=121)
	        Index Cond: ((id >= 3557439) AND (id <= 3557448))

table 4 : explain SELECT c FROM sbtest4 WHERE id BETWEEN 418961 AND 418970 ORDER BY c
	Sort  (cost=48.21..48.24 rows=11 width=121)
	  Sort Key: c
	  ->  Index Scan using sbtest4_pkey on sbtest4  (cost=0.43..48.02 rows=11 width=121)
	        Index Cond: ((id >= 418961) AND (id <= 418970))

table 5 : explain SELECT c FROM sbtest5 WHERE id BETWEEN 6440149 AND 6440158 ORDER BY c
	Sort  (cost=48.19..48.22 rows=11 width=121)
	  Sort Key: c
	  ->  Index Scan using sbtest5_pkey on sbtest5  (cost=0.43..48.00 rows=11 width=121)
	        Index Cond: ((id >= 6440149) AND (id <= 6440158))

table 6 : explain SELECT c FROM sbtest6 WHERE id BETWEEN 7625291 AND 7625300 ORDER BY c
	Sort  (cost=44.19..44.22 rows=10 width=121)
	  Sort Key: c
	  ->  Index Scan using sbtest6_pkey on sbtest6  (cost=0.43..44.03 rows=10 width=121)
	        Index Cond: ((id >= 7625291) AND (id <= 7625300))

table 7 : explain SELECT c FROM sbtest7 WHERE id BETWEEN 8386680 AND 8386689 ORDER BY c
	Sort  (cost=44.17..44.19 rows=10 width=121)
	  Sort Key: c
	  ->  Index Scan using sbtest7_pkey on sbtest7  (cost=0.43..44.00 rows=10 width=121)
	        Index Cond: ((id >= 8386680) AND (id <= 8386689))

table 8 : explain SELECT c FROM sbtest8 WHERE id BETWEEN 5102409 AND 5102418 ORDER BY c
	Sort  (cost=44.19..44.22 rows=10 width=121)
	  Sort Key: c
	  ->  Index Scan using sbtest8_pkey on sbtest8  (cost=0.43..44.03 rows=10 width=121)
	        Index Cond: ((id >= 5102409) AND (id <= 5102418))

for: simple_ranges
table 1 : explain SELECT c FROM sbtest1 WHERE id BETWEEN 2851817 AND 2851826
	Index Scan using sbtest1_pkey on sbtest1  (cost=0.43..44.16 rows=10 width=121)
	  Index Cond: ((id >= 2851817) AND (id <= 2851826))

table 2 : explain SELECT c FROM sbtest2 WHERE id BETWEEN 1754329 AND 1754338
	Index Scan using sbtest2_pkey on sbtest2  (cost=0.43..44.17 rows=10 width=121)
	  Index Cond: ((id >= 1754329) AND (id <= 1754338))

table 3 : explain SELECT c FROM sbtest3 WHERE id BETWEEN 9328090 AND 9328099
	Index Scan using sbtest3_pkey on sbtest3  (cost=0.43..44.15 rows=10 width=121)
	  Index Cond: ((id >= 9328090) AND (id <= 9328099))

table 4 : explain SELECT c FROM sbtest4 WHERE id BETWEEN 8989207 AND 8989216
	Index Scan using sbtest4_pkey on sbtest4  (cost=0.43..44.07 rows=10 width=121)
	  Index Cond: ((id >= 8989207) AND (id <= 8989216))

table 5 : explain SELECT c FROM sbtest5 WHERE id BETWEEN 8202521 AND 8202530
	Index Scan using sbtest5_pkey on sbtest5  (cost=0.43..44.05 rows=10 width=121)
	  Index Cond: ((id >= 8202521) AND (id <= 8202530))

table 6 : explain SELECT c FROM sbtest6 WHERE id BETWEEN 4243397 AND 4243406
	Index Scan using sbtest6_pkey on sbtest6  (cost=0.43..44.03 rows=10 width=121)
	  Index Cond: ((id >= 4243397) AND (id <= 4243406))

table 7 : explain SELECT c FROM sbtest7 WHERE id BETWEEN 6490104 AND 6490113
	Index Scan using sbtest7_pkey on sbtest7  (cost=0.43..47.95 rows=11 width=121)
	  Index Cond: ((id >= 6490104) AND (id <= 6490113))

table 8 : explain SELECT c FROM sbtest8 WHERE id BETWEEN 9511398 AND 9511407
	Index Scan using sbtest8_pkey on sbtest8  (cost=0.43..44.03 rows=10 width=121)
	  Index Cond: ((id >= 9511398) AND (id <= 9511407))

explain: for point_selects :: explain SELECT c FROM sbtest%u WHERE id=%u
for: distinct_ranges
table 1 : explain SELECT DISTINCT c FROM sbtest1 WHERE id BETWEEN 4496981 AND 4496990 ORDER BY c
	Unique  (cost=44.33..44.38 rows=10 width=121)
	  ->  Sort  (cost=44.33..44.35 rows=10 width=121)
	        Sort Key: c
	        ->  Index Scan using sbtest1_pkey on sbtest1  (cost=0.43..44.16 rows=10 width=121)
	              Index Cond: ((id >= 4496981) AND (id <= 4496990))

table 2 : explain SELECT DISTINCT c FROM sbtest2 WHERE id BETWEEN 2208563 AND 2208572 ORDER BY c
	Unique  (cost=40.34..40.39 rows=9 width=121)
	  ->  Sort  (cost=40.34..40.37 rows=9 width=121)
	        Sort Key: c
	        ->  Index Scan using sbtest2_pkey on sbtest2  (cost=0.43..40.20 rows=9 width=121)
	              Index Cond: ((id >= 2208563) AND (id <= 2208572))

table 3 : explain SELECT DISTINCT c FROM sbtest3 WHERE id BETWEEN 512786 AND 512795 ORDER BY c
	Unique  (cost=40.33..40.37 rows=9 width=121)
	  ->  Sort  (cost=40.33..40.35 rows=9 width=121)
	        Sort Key: c
	        ->  Index Scan using sbtest3_pkey on sbtest3  (cost=0.43..40.18 rows=9 width=121)
	              Index Cond: ((id >= 512786) AND (id <= 512795))

table 4 : explain SELECT DISTINCT c FROM sbtest4 WHERE id BETWEEN 4542754 AND 4542763 ORDER BY c
	Unique  (cost=44.23..44.28 rows=10 width=121)
	  ->  Sort  (cost=44.23..44.26 rows=10 width=121)
	        Sort Key: c
	        ->  Index Scan using sbtest4_pkey on sbtest4  (cost=0.43..44.07 rows=10 width=121)
	              Index Cond: ((id >= 4542754) AND (id <= 4542763))

table 5 : explain SELECT DISTINCT c FROM sbtest5 WHERE id BETWEEN 2547635 AND 2547644 ORDER BY c
	Unique  (cost=40.24..40.28 rows=9 width=121)
	  ->  Sort  (cost=40.24..40.26 rows=9 width=121)
	        Sort Key: c
	        ->  Index Scan using sbtest5_pkey on sbtest5  (cost=0.43..40.09 rows=9 width=121)
	              Index Cond: ((id >= 2547635) AND (id <= 2547644))

table 6 : explain SELECT DISTINCT c FROM sbtest6 WHERE id BETWEEN 698051 AND 698060 ORDER BY c
	Unique  (cost=44.19..44.24 rows=10 width=121)
	  ->  Sort  (cost=44.19..44.22 rows=10 width=121)
	        Sort Key: c
	        ->  Index Scan using sbtest6_pkey on sbtest6  (cost=0.43..44.03 rows=10 width=121)
	              Index Cond: ((id >= 698051) AND (id <= 698060))

table 7 : explain SELECT DISTINCT c FROM sbtest7 WHERE id BETWEEN 1026789 AND 1026798 ORDER BY c
	Unique  (cost=48.14..48.19 rows=11 width=121)
	  ->  Sort  (cost=48.14..48.17 rows=11 width=121)
	        Sort Key: c
	        ->  Index Scan using sbtest7_pkey on sbtest7  (cost=0.43..47.95 rows=11 width=121)
	              Index Cond: ((id >= 1026789) AND (id <= 1026798))

table 8 : explain SELECT DISTINCT c FROM sbtest8 WHERE id BETWEEN 615982 AND 615991 ORDER BY c
	Unique  (cost=44.19..44.24 rows=10 width=121)
	  ->  Sort  (cost=44.19..44.22 rows=10 width=121)
	        Sort Key: c
	        ->  Index Scan using sbtest8_pkey on sbtest8  (cost=0.43..44.03 rows=10 width=121)
	              Index Cond: ((id >= 615982) AND (id <= 615991))

for: sum_ranges
table 1 : explain SELECT SUM(k) FROM sbtest1 WHERE id BETWEEN 86246 AND 86255
	Aggregate  (cost=44.19..44.20 rows=1 width=8)
	  ->  Index Scan using sbtest1_pkey on sbtest1  (cost=0.43..44.16 rows=10 width=4)
	        Index Cond: ((id >= 86246) AND (id <= 86255))

table 2 : explain SELECT SUM(k) FROM sbtest2 WHERE id BETWEEN 9098422 AND 9098431
	Aggregate  (cost=44.19..44.20 rows=1 width=8)
	  ->  Index Scan using sbtest2_pkey on sbtest2  (cost=0.43..44.17 rows=10 width=4)
	        Index Cond: ((id >= 9098422) AND (id <= 9098431))

table 3 : explain SELECT SUM(k) FROM sbtest3 WHERE id BETWEEN 3824235 AND 3824244
	Aggregate  (cost=44.17..44.18 rows=1 width=8)
	  ->  Index Scan using sbtest3_pkey on sbtest3  (cost=0.43..44.15 rows=10 width=4)
	        Index Cond: ((id >= 3824235) AND (id <= 3824244))

table 4 : explain SELECT SUM(k) FROM sbtest4 WHERE id BETWEEN 6511885 AND 6511894
	Aggregate  (cost=44.09..44.10 rows=1 width=8)
	  ->  Index Scan using sbtest4_pkey on sbtest4  (cost=0.43..44.07 rows=10 width=4)
	        Index Cond: ((id >= 6511885) AND (id <= 6511894))

table 5 : explain SELECT SUM(k) FROM sbtest5 WHERE id BETWEEN 7947301 AND 7947310
	Aggregate  (cost=40.12..40.13 rows=1 width=8)
	  ->  Index Scan using sbtest5_pkey on sbtest5  (cost=0.43..40.09 rows=9 width=4)
	        Index Cond: ((id >= 7947301) AND (id <= 7947310))

table 6 : explain SELECT SUM(k) FROM sbtest6 WHERE id BETWEEN 1926967 AND 1926976
	Aggregate  (cost=44.05..44.06 rows=1 width=8)
	  ->  Index Scan using sbtest6_pkey on sbtest6  (cost=0.43..44.03 rows=10 width=4)
	        Index Cond: ((id >= 1926967) AND (id <= 1926976))

table 7 : explain SELECT SUM(k) FROM sbtest7 WHERE id BETWEEN 3519198 AND 3519207
	Aggregate  (cost=44.02..44.03 rows=1 width=8)
	  ->  Index Scan using sbtest7_pkey on sbtest7  (cost=0.43..44.00 rows=10 width=4)
	        Index Cond: ((id >= 3519198) AND (id <= 3519207))

table 8 : explain SELECT SUM(k) FROM sbtest8 WHERE id BETWEEN 8151165 AND 8151174
	Aggregate  (cost=44.05..44.06 rows=1 width=8)
	  ->  Index Scan using sbtest8_pkey on sbtest8  (cost=0.43..44.03 rows=10 width=4)
	        Index Cond: ((id >= 8151165) AND (id <= 8151174))

for point_selects
table 1 : explain SELECT c FROM sbtest1 WHERE id=8131841
	Index Scan using sbtest1_pkey on sbtest1  (cost=0.43..8.45 rows=1 width=121)
	  Index Cond: (id = 8131841)

table 2 : explain SELECT c FROM sbtest2 WHERE id=4899030
	Index Scan using sbtest2_pkey on sbtest2  (cost=0.43..8.45 rows=1 width=121)
	  Index Cond: (id = 4899030)

table 3 : explain SELECT c FROM sbtest3 WHERE id=7192877
	Index Scan using sbtest3_pkey on sbtest3  (cost=0.43..8.45 rows=1 width=121)
	  Index Cond: (id = 7192877)

table 4 : explain SELECT c FROM sbtest4 WHERE id=1181130
	Index Scan using sbtest4_pkey on sbtest4  (cost=0.43..8.45 rows=1 width=121)
	  Index Cond: (id = 1181130)

table 5 : explain SELECT c FROM sbtest5 WHERE id=6158835
	Index Scan using sbtest5_pkey on sbtest5  (cost=0.43..8.45 rows=1 width=121)
	  Index Cond: (id = 6158835)

table 6 : explain SELECT c FROM sbtest6 WHERE id=6885558
	Index Scan using sbtest6_pkey on sbtest6  (cost=0.43..8.45 rows=1 width=121)
	  Index Cond: (id = 6885558)

table 7 : explain SELECT c FROM sbtest7 WHERE id=9759932
	Index Scan using sbtest7_pkey on sbtest7  (cost=0.43..8.45 rows=1 width=121)
	  Index Cond: (id = 9759932)

table 8 : explain SELECT c FROM sbtest8 WHERE id=3989867
	Index Scan using sbtest8_pkey on sbtest8  (cost=0.43..8.45 rows=1 width=121)
	  Index Cond: (id = 3989867)

for: order_ranges
table 1 : explain SELECT c FROM sbtest1 WHERE id BETWEEN 3400418 AND 3400427 ORDER BY c
	Sort  (cost=44.33..44.35 rows=10 width=121)
	  Sort Key: c
	  ->  Index Scan using sbtest1_pkey on sbtest1  (cost=0.43..44.16 rows=10 width=121)
	        Index Cond: ((id >= 3400418) AND (id <= 3400427))

table 2 : explain SELECT c FROM sbtest2 WHERE id BETWEEN 9449618 AND 9449627 ORDER BY c
	Sort  (cost=44.34..44.36 rows=10 width=121)
	  Sort Key: c
	  ->  Index Scan using sbtest2_pkey on sbtest2  (cost=0.43..44.17 rows=10 width=121)
	        Index Cond: ((id >= 9449618) AND (id <= 9449627))

table 3 : explain SELECT c FROM sbtest3 WHERE id BETWEEN 721741 AND 721750 ORDER BY c
	Sort  (cost=44.32..44.34 rows=10 width=121)
	  Sort Key: c
	  ->  Index Scan using sbtest3_pkey on sbtest3  (cost=0.43..44.15 rows=10 width=121)
	        Index Cond: ((id >= 721741) AND (id <= 721750))

table 4 : explain SELECT c FROM sbtest4 WHERE id BETWEEN 7974804 AND 7974813 ORDER BY c
	Sort  (cost=44.23..44.26 rows=10 width=121)
	  Sort Key: c
	  ->  Index Scan using sbtest4_pkey on sbtest4  (cost=0.43..44.07 rows=10 width=121)
	        Index Cond: ((id >= 7974804) AND (id <= 7974813))

table 5 : explain SELECT c FROM sbtest5 WHERE id BETWEEN 8883586 AND 8883595 ORDER BY c
	Sort  (cost=44.22..44.24 rows=10 width=121)
	  Sort Key: c
	  ->  Index Scan using sbtest5_pkey on sbtest5  (cost=0.43..44.05 rows=10 width=121)
	        Index Cond: ((id >= 8883586) AND (id <= 8883595))

table 6 : explain SELECT c FROM sbtest6 WHERE id BETWEEN 4761289 AND 4761298 ORDER BY c
	Sort  (cost=40.22..40.24 rows=9 width=121)
	  Sort Key: c
	  ->  Index Scan using sbtest6_pkey on sbtest6  (cost=0.43..40.07 rows=9 width=121)
	        Index Cond: ((id >= 4761289) AND (id <= 4761298))

table 7 : explain SELECT c FROM sbtest7 WHERE id BETWEEN 4411131 AND 4411140 ORDER BY c
	Sort  (cost=52.11..52.14 rows=12 width=121)
	  Sort Key: c
	  ->  Index Scan using sbtest7_pkey on sbtest7  (cost=0.43..51.90 rows=12 width=121)
	        Index Cond: ((id >= 4411131) AND (id <= 4411140))

table 8 : explain SELECT c FROM sbtest8 WHERE id BETWEEN 9266605 AND 9266614 ORDER BY c
	Sort  (cost=48.17..48.20 rows=11 width=121)
	  Sort Key: c
	  ->  Index Scan using sbtest8_pkey on sbtest8  (cost=0.43..47.98 rows=11 width=121)
	        Index Cond: ((id >= 9266605) AND (id <= 9266614))

explain: for point_selects :: explain SELECT c FROM sbtest%u WHERE id=%u
for: simple_ranges
table 1 : explain SELECT c FROM sbtest1 WHERE id BETWEEN 8695664 AND 8695673
	Index Scan using sbtest1_pkey on sbtest1  (cost=0.43..48.13 rows=11 width=121)
	  Index Cond: ((id >= 8695664) AND (id <= 8695673))

table 2 : explain SELECT c FROM sbtest2 WHERE id BETWEEN 9230494 AND 9230503
	Index Scan using sbtest2_pkey on sbtest2  (cost=0.43..44.17 rows=10 width=121)
	  Index Cond: ((id >= 9230494) AND (id <= 9230503))

table 3 : explain SELECT c FROM sbtest3 WHERE id BETWEEN 1917952 AND 1917961
	Index Scan using sbtest3_pkey on sbtest3  (cost=0.43..40.18 rows=9 width=121)
	  Index Cond: ((id >= 1917952) AND (id <= 1917961))

table 4 : explain SELECT c FROM sbtest4 WHERE id BETWEEN 5339174 AND 5339183
	Index Scan using sbtest4_pkey on sbtest4  (cost=0.43..44.07 rows=10 width=121)
	  Index Cond: ((id >= 5339174) AND (id <= 5339183))

table 5 : explain SELECT c FROM sbtest5 WHERE id BETWEEN 7400794 AND 7400803
	Index Scan using sbtest5_pkey on sbtest5  (cost=0.43..40.09 rows=9 width=121)
	  Index Cond: ((id >= 7400794) AND (id <= 7400803))

table 6 : explain SELECT c FROM sbtest6 WHERE id BETWEEN 2921065 AND 2921074
	Index Scan using sbtest6_pkey on sbtest6  (cost=0.43..47.98 rows=11 width=121)
	  Index Cond: ((id >= 2921065) AND (id <= 2921074))

table 7 : explain SELECT c FROM sbtest7 WHERE id BETWEEN 1173683 AND 1173692
	Index Scan using sbtest7_pkey on sbtest7  (cost=0.43..47.95 rows=11 width=121)
	  Index Cond: ((id >= 1173683) AND (id <= 1173692))

table 8 : explain SELECT c FROM sbtest8 WHERE id BETWEEN 7035795 AND 7035804
	Index Scan using sbtest8_pkey on sbtest8  (cost=0.43..44.03 rows=10 width=121)
	  Index Cond: ((id >= 7035795) AND (id <= 7035804))

for: distinct_ranges
table 1 : explain SELECT DISTINCT c FROM sbtest1 WHERE id BETWEEN 7416214 AND 7416223 ORDER BY c
	Unique  (cost=44.33..44.38 rows=10 width=121)
	  ->  Sort  (cost=44.33..44.35 rows=10 width=121)
	        Sort Key: c
	        ->  Index Scan using sbtest1_pkey on sbtest1  (cost=0.43..44.16 rows=10 width=121)
	              Index Cond: ((id >= 7416214) AND (id <= 7416223))

table 2 : explain SELECT DISTINCT c FROM sbtest2 WHERE id BETWEEN 6549544 AND 6549553 ORDER BY c
	Unique  (cost=44.34..44.39 rows=10 width=121)
	  ->  Sort  (cost=44.34..44.36 rows=10 width=121)
	        Sort Key: c
	        ->  Index Scan using sbtest2_pkey on sbtest2  (cost=0.43..44.17 rows=10 width=121)
	              Index Cond: ((id >= 6549544) AND (id <= 6549553))

table 3 : explain SELECT DISTINCT c FROM sbtest3 WHERE id BETWEEN 3732313 AND 3732322 ORDER BY c
	Unique  (cost=44.32..44.37 rows=10 width=121)
	  ->  Sort  (cost=44.32..44.34 rows=10 width=121)
	        Sort Key: c
	        ->  Index Scan using sbtest3_pkey on sbtest3  (cost=0.43..44.15 rows=10 width=121)
	              Index Cond: ((id >= 3732313) AND (id <= 3732322))

table 4 : explain SELECT DISTINCT c FROM sbtest4 WHERE id BETWEEN 3931883 AND 3931892 ORDER BY c
	Unique  (cost=44.23..44.28 rows=10 width=121)
	  ->  Sort  (cost=44.23..44.26 rows=10 width=121)
	        Sort Key: c
	        ->  Index Scan using sbtest4_pkey on sbtest4  (cost=0.43..44.07 rows=10 width=121)
	              Index Cond: ((id >= 3931883) AND (id <= 3931892))

table 5 : explain SELECT DISTINCT c FROM sbtest5 WHERE id BETWEEN 5188599 AND 5188608 ORDER BY c
	Unique  (cost=40.24..40.28 rows=9 width=121)
	  ->  Sort  (cost=40.24..40.26 rows=9 width=121)
	        Sort Key: c
	        ->  Index Scan using sbtest5_pkey on sbtest5  (cost=0.43..40.09 rows=9 width=121)
	              Index Cond: ((id >= 5188599) AND (id <= 5188608))

table 6 : explain SELECT DISTINCT c FROM sbtest6 WHERE id BETWEEN 5701518 AND 5701527 ORDER BY c
	Unique  (cost=44.19..44.24 rows=10 width=121)
	  ->  Sort  (cost=44.19..44.22 rows=10 width=121)
	        Sort Key: c
	        ->  Index Scan using sbtest6_pkey on sbtest6  (cost=0.43..44.03 rows=10 width=121)
	              Index Cond: ((id >= 5701518) AND (id <= 5701527))

table 7 : explain SELECT DISTINCT c FROM sbtest7 WHERE id BETWEEN 6208915 AND 6208924 ORDER BY c
	Unique  (cost=44.17..44.22 rows=10 width=121)
	  ->  Sort  (cost=44.17..44.19 rows=10 width=121)
	        Sort Key: c
	        ->  Index Scan using sbtest7_pkey on sbtest7  (cost=0.43..44.00 rows=10 width=121)
	              Index Cond: ((id >= 6208915) AND (id <= 6208924))

table 8 : explain SELECT DISTINCT c FROM sbtest8 WHERE id BETWEEN 6099321 AND 6099330 ORDER BY c
	Unique  (cost=44.19..44.24 rows=10 width=121)
	  ->  Sort  (cost=44.19..44.22 rows=10 width=121)
	        Sort Key: c
	        ->  Index Scan using sbtest8_pkey on sbtest8  (cost=0.43..44.03 rows=10 width=121)
	              Index Cond: ((id >= 6099321) AND (id <= 6099330))

for: sum_ranges
table 1 : explain SELECT SUM(k) FROM sbtest1 WHERE id BETWEEN 5337208 AND 5337217
	Aggregate  (cost=40.22..40.23 rows=1 width=8)
	  ->  Index Scan using sbtest1_pkey on sbtest1  (cost=0.43..40.19 rows=9 width=4)
	        Index Cond: ((id >= 5337208) AND (id <= 5337217))

table 2 : explain SELECT SUM(k) FROM sbtest2 WHERE id BETWEEN 8049517 AND 8049526
	Aggregate  (cost=44.19..44.20 rows=1 width=8)
	  ->  Index Scan using sbtest2_pkey on sbtest2  (cost=0.43..44.17 rows=10 width=4)
	        Index Cond: ((id >= 8049517) AND (id <= 8049526))

table 3 : explain SELECT SUM(k) FROM sbtest3 WHERE id BETWEEN 6517562 AND 6517571
	Aggregate  (cost=44.17..44.18 rows=1 width=8)
	  ->  Index Scan using sbtest3_pkey on sbtest3  (cost=0.43..44.15 rows=10 width=4)
	        Index Cond: ((id >= 6517562) AND (id <= 6517571))

table 4 : explain SELECT SUM(k) FROM sbtest4 WHERE id BETWEEN 7261851 AND 7261860
	Aggregate  (cost=44.09..44.10 rows=1 width=8)
	  ->  Index Scan using sbtest4_pkey on sbtest4  (cost=0.43..44.07 rows=10 width=4)
	        Index Cond: ((id >= 7261851) AND (id <= 7261860))

table 5 : explain SELECT SUM(k) FROM sbtest5 WHERE id BETWEEN 9854480 AND 9854489
	Aggregate  (cost=44.07..44.08 rows=1 width=8)
	  ->  Index Scan using sbtest5_pkey on sbtest5  (cost=0.43..44.05 rows=10 width=4)
	        Index Cond: ((id >= 9854480) AND (id <= 9854489))

table 6 : explain SELECT SUM(k) FROM sbtest6 WHERE id BETWEEN 3900328 AND 3900337
	Aggregate  (cost=44.05..44.06 rows=1 width=8)
	  ->  Index Scan using sbtest6_pkey on sbtest6  (cost=0.43..44.03 rows=10 width=4)
	        Index Cond: ((id >= 3900328) AND (id <= 3900337))

table 7 : explain SELECT SUM(k) FROM sbtest7 WHERE id BETWEEN 4841890 AND 4841899
	Aggregate  (cost=44.02..44.03 rows=1 width=8)
	  ->  Index Scan using sbtest7_pkey on sbtest7  (cost=0.43..44.00 rows=10 width=4)
	        Index Cond: ((id >= 4841890) AND (id <= 4841899))

table 8 : explain SELECT SUM(k) FROM sbtest8 WHERE id BETWEEN 1643877 AND 1643886
	Aggregate  (cost=44.05..44.06 rows=1 width=8)
	  ->  Index Scan using sbtest8_pkey on sbtest8  (cost=0.43..44.03 rows=10 width=4)
	        Index Cond: ((id >= 1643877) AND (id <= 1643886))

for point_selects
table 1 : explain SELECT c FROM sbtest1 WHERE id=7589573
	Index Scan using sbtest1_pkey on sbtest1  (cost=0.43..8.45 rows=1 width=121)
	  Index Cond: (id = 7589573)

table 2 : explain SELECT c FROM sbtest2 WHERE id=8408594
	Index Scan using sbtest2_pkey on sbtest2  (cost=0.43..8.45 rows=1 width=121)
	  Index Cond: (id = 8408594)

table 3 : explain SELECT c FROM sbtest3 WHERE id=8310471
	Index Scan using sbtest3_pkey on sbtest3  (cost=0.43..8.45 rows=1 width=121)
	  Index Cond: (id = 8310471)

table 4 : explain SELECT c FROM sbtest4 WHERE id=6321352
	Index Scan using sbtest4_pkey on sbtest4  (cost=0.43..8.45 rows=1 width=121)
	  Index Cond: (id = 6321352)

table 5 : explain SELECT c FROM sbtest5 WHERE id=669614
	Index Scan using sbtest5_pkey on sbtest5  (cost=0.43..8.45 rows=1 width=121)
	  Index Cond: (id = 669614)

table 6 : explain SELECT c FROM sbtest6 WHERE id=5585435
	Index Scan using sbtest6_pkey on sbtest6  (cost=0.43..8.45 rows=1 width=121)
	  Index Cond: (id = 5585435)

table 7 : explain SELECT c FROM sbtest7 WHERE id=4755794
	Index Scan using sbtest7_pkey on sbtest7  (cost=0.43..8.45 rows=1 width=121)
	  Index Cond: (id = 4755794)

table 8 : explain SELECT c FROM sbtest8 WHERE id=4829371
	Index Scan using sbtest8_pkey on sbtest8  (cost=0.43..8.45 rows=1 width=121)
	  Index Cond: (id = 4829371)

for: distinct_ranges
table 1 : explain SELECT DISTINCT c FROM sbtest1 WHERE id BETWEEN 2329244 AND 2329253 ORDER BY c
	Unique  (cost=40.34..40.38 rows=9 width=121)
	  ->  Sort  (cost=40.34..40.36 rows=9 width=121)
	        Sort Key: c
	        ->  Index Scan using sbtest1_pkey on sbtest1  (cost=0.43..40.19 rows=9 width=121)
	              Index Cond: ((id >= 2329244) AND (id <= 2329253))

table 2 : explain SELECT DISTINCT c FROM sbtest2 WHERE id BETWEEN 4749156 AND 4749165 ORDER BY c
	Unique  (cost=48.33..48.38 rows=11 width=121)
	  ->  Sort  (cost=48.33..48.36 rows=11 width=121)
	        Sort Key: c
	        ->  Index Scan using sbtest2_pkey on sbtest2  (cost=0.43..48.14 rows=11 width=121)
	              Index Cond: ((id >= 4749156) AND (id <= 4749165))

table 3 : explain SELECT DISTINCT c FROM sbtest3 WHERE id BETWEEN 7633342 AND 7633351 ORDER BY c
	Unique  (cost=48.31..48.36 rows=11 width=121)
	  ->  Sort  (cost=48.31..48.33 rows=11 width=121)
	        Sort Key: c
	        ->  Index Scan using sbtest3_pkey on sbtest3  (cost=0.43..48.12 rows=11 width=121)
	              Index Cond: ((id >= 7633342) AND (id <= 7633351))

table 4 : explain SELECT DISTINCT c FROM sbtest4 WHERE id BETWEEN 4163565 AND 4163574 ORDER BY c
	Unique  (cost=44.23..44.28 rows=10 width=121)
	  ->  Sort  (cost=44.23..44.26 rows=10 width=121)
	        Sort Key: c
	        ->  Index Scan using sbtest4_pkey on sbtest4  (cost=0.43..44.07 rows=10 width=121)
	              Index Cond: ((id >= 4163565) AND (id <= 4163574))

table 5 : explain SELECT DISTINCT c FROM sbtest5 WHERE id BETWEEN 9568480 AND 9568489 ORDER BY c
	Unique  (cost=40.24..40.28 rows=9 width=121)
	  ->  Sort  (cost=40.24..40.26 rows=9 width=121)
	        Sort Key: c
	        ->  Index Scan using sbtest5_pkey on sbtest5  (cost=0.43..40.09 rows=9 width=121)
	              Index Cond: ((id >= 9568480) AND (id <= 9568489))

table 6 : explain SELECT DISTINCT c FROM sbtest6 WHERE id BETWEEN 5404690 AND 5404699 ORDER BY c
	Unique  (cost=44.19..44.24 rows=10 width=121)
	  ->  Sort  (cost=44.19..44.22 rows=10 width=121)
	        Sort Key: c
	        ->  Index Scan using sbtest6_pkey on sbtest6  (cost=0.43..44.03 rows=10 width=121)
	              Index Cond: ((id >= 5404690) AND (id <= 5404699))

table 7 : explain SELECT DISTINCT c FROM sbtest7 WHERE id BETWEEN 6497235 AND 6497244 ORDER BY c
	Unique  (cost=48.14..48.19 rows=11 width=121)
	  ->  Sort  (cost=48.14..48.17 rows=11 width=121)
	        Sort Key: c
	        ->  Index Scan using sbtest7_pkey on sbtest7  (cost=0.43..47.95 rows=11 width=121)
	              Index Cond: ((id >= 6497235) AND (id <= 6497244))

table 8 : explain SELECT DISTINCT c FROM sbtest8 WHERE id BETWEEN 1618407 AND 1618416 ORDER BY c
	Unique  (cost=44.19..44.24 rows=10 width=121)
	  ->  Sort  (cost=44.19..44.22 rows=10 width=121)
	        Sort Key: c
	        ->  Index Scan using sbtest8_pkey on sbtest8  (cost=0.43..44.03 rows=10 width=121)
	              Index Cond: ((id >= 1618407) AND (id <= 1618416))

for: simple_ranges
table 1 : explain SELECT c FROM sbtest1 WHERE id BETWEEN 8307968 AND 8307977
	Index Scan using sbtest1_pkey on sbtest1  (cost=0.43..48.13 rows=11 width=121)
	  Index Cond: ((id >= 8307968) AND (id <= 8307977))

table 2 : explain SELECT c FROM sbtest2 WHERE id BETWEEN 5072536 AND 5072545
	Index Scan using sbtest2_pkey on sbtest2  (cost=0.43..44.17 rows=10 width=121)
	  Index Cond: ((id >= 5072536) AND (id <= 5072545))

table 3 : explain SELECT c FROM sbtest3 WHERE id BETWEEN 8109379 AND 8109388
	Index Scan using sbtest3_pkey on sbtest3  (cost=0.43..44.15 rows=10 width=121)
	  Index Cond: ((id >= 8109379) AND (id <= 8109388))

table 4 : explain SELECT c FROM sbtest4 WHERE id BETWEEN 275941 AND 275950
	Index Scan using sbtest4_pkey on sbtest4  (cost=0.43..44.07 rows=10 width=121)
	  Index Cond: ((id >= 275941) AND (id <= 275950))

table 5 : explain SELECT c FROM sbtest5 WHERE id BETWEEN 6861461 AND 6861470
	Index Scan using sbtest5_pkey on sbtest5  (cost=0.43..44.05 rows=10 width=121)
	  Index Cond: ((id >= 6861461) AND (id <= 6861470))

table 6 : explain SELECT c FROM sbtest6 WHERE id BETWEEN 5886831 AND 5886840
	Index Scan using sbtest6_pkey on sbtest6  (cost=0.43..44.03 rows=10 width=121)
	  Index Cond: ((id >= 5886831) AND (id <= 5886840))

table 7 : explain SELECT c FROM sbtest7 WHERE id BETWEEN 5595935 AND 5595944
	Index Scan using sbtest7_pkey on sbtest7  (cost=0.43..40.05 rows=9 width=121)
	  Index Cond: ((id >= 5595935) AND (id <= 5595944))

table 8 : explain SELECT c FROM sbtest8 WHERE id BETWEEN 1463389 AND 1463398
	Index Scan using sbtest8_pkey on sbtest8  (cost=0.43..44.03 rows=10 width=121)
	  Index Cond: ((id >= 1463389) AND (id <= 1463398))

for: sum_ranges
table 1 : explain SELECT SUM(k) FROM sbtest1 WHERE id BETWEEN 8343086 AND 8343095
	Aggregate  (cost=48.16..48.17 rows=1 width=8)
	  ->  Index Scan using sbtest1_pkey on sbtest1  (cost=0.43..48.13 rows=11 width=4)
	        Index Cond: ((id >= 8343086) AND (id <= 8343095))

table 2 : explain SELECT SUM(k) FROM sbtest2 WHERE id BETWEEN 4443413 AND 4443422
	Aggregate  (cost=40.22..40.23 rows=1 width=8)
	  ->  Index Scan using sbtest2_pkey on sbtest2  (cost=0.43..40.20 rows=9 width=4)
	        Index Cond: ((id >= 4443413) AND (id <= 4443422))

table 3 : explain SELECT SUM(k) FROM sbtest3 WHERE id BETWEEN 7772148 AND 7772157
	Aggregate  (cost=44.17..44.18 rows=1 width=8)
	  ->  Index Scan using sbtest3_pkey on sbtest3  (cost=0.43..44.15 rows=10 width=4)
	        Index Cond: ((id >= 7772148) AND (id <= 7772157))

table 4 : explain SELECT SUM(k) FROM sbtest4 WHERE id BETWEEN 3036030 AND 3036039
	Aggregate  (cost=44.09..44.10 rows=1 width=8)
	  ->  Index Scan using sbtest4_pkey on sbtest4  (cost=0.43..44.07 rows=10 width=4)
	        Index Cond: ((id >= 3036030) AND (id <= 3036039))

table 5 : explain SELECT SUM(k) FROM sbtest5 WHERE id BETWEEN 51439 AND 51448
	Aggregate  (cost=40.12..40.13 rows=1 width=8)
	  ->  Index Scan using sbtest5_pkey on sbtest5  (cost=0.43..40.09 rows=9 width=4)
	        Index Cond: ((id >= 51439) AND (id <= 51448))

table 6 : explain SELECT SUM(k) FROM sbtest6 WHERE id BETWEEN 1776365 AND 1776374
	Aggregate  (cost=44.05..44.06 rows=1 width=8)
	  ->  Index Scan using sbtest6_pkey on sbtest6  (cost=0.43..44.03 rows=10 width=4)
	        Index Cond: ((id >= 1776365) AND (id <= 1776374))

table 7 : explain SELECT SUM(k) FROM sbtest7 WHERE id BETWEEN 1511171 AND 1511180
	Aggregate  (cost=44.02..44.03 rows=1 width=8)
	  ->  Index Scan using sbtest7_pkey on sbtest7  (cost=0.43..44.00 rows=10 width=4)
	        Index Cond: ((id >= 1511171) AND (id <= 1511180))

table 8 : explain SELECT SUM(k) FROM sbtest8 WHERE id BETWEEN 2779236 AND 2779245
	Aggregate  (cost=48.01..48.02 rows=1 width=8)
	  ->  Index Scan using sbtest8_pkey on sbtest8  (cost=0.43..47.98 rows=11 width=4)
	        Index Cond: ((id >= 2779236) AND (id <= 2779245))

for: order_ranges
table 1 : explain SELECT c FROM sbtest1 WHERE id BETWEEN 4137075 AND 4137084 ORDER BY c
	Sort  (cost=40.34..40.36 rows=9 width=121)
	  Sort Key: c
	  ->  Index Scan using sbtest1_pkey on sbtest1  (cost=0.43..40.19 rows=9 width=121)
	        Index Cond: ((id >= 4137075) AND (id <= 4137084))

table 2 : explain SELECT c FROM sbtest2 WHERE id BETWEEN 8630897 AND 8630906 ORDER BY c
	Sort  (cost=40.34..40.37 rows=9 width=121)
	  Sort Key: c
	  ->  Index Scan using sbtest2_pkey on sbtest2  (cost=0.43..40.20 rows=9 width=121)
	        Index Cond: ((id >= 8630897) AND (id <= 8630906))

table 3 : explain SELECT c FROM sbtest3 WHERE id BETWEEN 9615093 AND 9615102 ORDER BY c
	Sort  (cost=44.32..44.34 rows=10 width=121)
	  Sort Key: c
	  ->  Index Scan using sbtest3_pkey on sbtest3  (cost=0.43..44.15 rows=10 width=121)
	        Index Cond: ((id >= 9615093) AND (id <= 9615102))

table 4 : explain SELECT c FROM sbtest4 WHERE id BETWEEN 2795972 AND 2795981 ORDER BY c
	Sort  (cost=48.21..48.24 rows=11 width=121)
	  Sort Key: c
	  ->  Index Scan using sbtest4_pkey on sbtest4  (cost=0.43..48.02 rows=11 width=121)
	        Index Cond: ((id >= 2795972) AND (id <= 2795981))

table 5 : explain SELECT c FROM sbtest5 WHERE id BETWEEN 8532584 AND 8532593 ORDER BY c
	Sort  (cost=44.22..44.24 rows=10 width=121)
	  Sort Key: c
	  ->  Index Scan using sbtest5_pkey on sbtest5  (cost=0.43..44.05 rows=10 width=121)
	        Index Cond: ((id >= 8532584) AND (id <= 8532593))

table 6 : explain SELECT c FROM sbtest6 WHERE id BETWEEN 379408 AND 379417 ORDER BY c
	Sort  (cost=40.22..40.24 rows=9 width=121)
	  Sort Key: c
	  ->  Index Scan using sbtest6_pkey on sbtest6  (cost=0.43..40.07 rows=9 width=121)
	        Index Cond: ((id >= 379408) AND (id <= 379417))

table 7 : explain SELECT c FROM sbtest7 WHERE id BETWEEN 7620548 AND 7620557 ORDER BY c
	Sort  (cost=44.17..44.19 rows=10 width=121)
	  Sort Key: c
	  ->  Index Scan using sbtest7_pkey on sbtest7  (cost=0.43..44.00 rows=10 width=121)
	        Index Cond: ((id >= 7620548) AND (id <= 7620557))

table 8 : explain SELECT c FROM sbtest8 WHERE id BETWEEN 9015981 AND 9015990 ORDER BY c
	Sort  (cost=40.22..40.24 rows=9 width=121)
	  Sort Key: c
	  ->  Index Scan using sbtest8_pkey on sbtest8  (cost=0.43..40.07 rows=9 width=121)
	        Index Cond: ((id >= 9015981) AND (id <= 9015990))

explain: for point_selects :: explain SELECT c FROM sbtest%u WHERE id=%u
for point_selects
table 1 : explain SELECT c FROM sbtest1 WHERE id=4898805
	Index Scan using sbtest1_pkey on sbtest1  (cost=0.43..8.45 rows=1 width=121)
	  Index Cond: (id = 4898805)

table 2 : explain SELECT c FROM sbtest2 WHERE id=8775000
	Index Scan using sbtest2_pkey on sbtest2  (cost=0.43..8.45 rows=1 width=121)
	  Index Cond: (id = 8775000)

table 3 : explain SELECT c FROM sbtest3 WHERE id=2781661
	Index Scan using sbtest3_pkey on sbtest3  (cost=0.43..8.45 rows=1 width=121)
	  Index Cond: (id = 2781661)

table 4 : explain SELECT c FROM sbtest4 WHERE id=1791803
	Index Scan using sbtest4_pkey on sbtest4  (cost=0.43..8.45 rows=1 width=121)
	  Index Cond: (id = 1791803)

table 5 : explain SELECT c FROM sbtest5 WHERE id=7419505
	Index Scan using sbtest5_pkey on sbtest5  (cost=0.43..8.45 rows=1 width=121)
	  Index Cond: (id = 7419505)

table 6 : explain SELECT c FROM sbtest6 WHERE id=1293799
	Index Scan using sbtest6_pkey on sbtest6  (cost=0.43..8.45 rows=1 width=121)
	  Index Cond: (id = 1293799)

table 7 : explain SELECT c FROM sbtest7 WHERE id=3802729
	Index Scan using sbtest7_pkey on sbtest7  (cost=0.43..8.45 rows=1 width=121)
	  Index Cond: (id = 3802729)

table 8 : explain SELECT c FROM sbtest8 WHERE id=1118778
	Index Scan using sbtest8_pkey on sbtest8  (cost=0.43..8.45 rows=1 width=121)
	  Index Cond: (id = 1118778)

for: distinct_ranges
table 1 : explain SELECT DISTINCT c FROM sbtest1 WHERE id BETWEEN 4541562 AND 4541571 ORDER BY c
	Unique  (cost=44.33..44.38 rows=10 width=121)
	  ->  Sort  (cost=44.33..44.35 rows=10 width=121)
	        Sort Key: c
	        ->  Index Scan using sbtest1_pkey on sbtest1  (cost=0.43..44.16 rows=10 width=121)
	              Index Cond: ((id >= 4541562) AND (id <= 4541571))

table 2 : explain SELECT DISTINCT c FROM sbtest2 WHERE id BETWEEN 523959 AND 523968 ORDER BY c
	Unique  (cost=44.34..44.39 rows=10 width=121)
	  ->  Sort  (cost=44.34..44.36 rows=10 width=121)
	        Sort Key: c
	        ->  Index Scan using sbtest2_pkey on sbtest2  (cost=0.43..44.17 rows=10 width=121)
	              Index Cond: ((id >= 523959) AND (id <= 523968))

table 3 : explain SELECT DISTINCT c FROM sbtest3 WHERE id BETWEEN 4673407 AND 4673416 ORDER BY c
	Unique  (cost=44.32..44.37 rows=10 width=121)
	  ->  Sort  (cost=44.32..44.34 rows=10 width=121)
	        Sort Key: c
	        ->  Index Scan using sbtest3_pkey on sbtest3  (cost=0.43..44.15 rows=10 width=121)
	              Index Cond: ((id >= 4673407) AND (id <= 4673416))

table 4 : explain SELECT DISTINCT c FROM sbtest4 WHERE id BETWEEN 2176540 AND 2176549 ORDER BY c
	Unique  (cost=44.23..44.28 rows=10 width=121)
	  ->  Sort  (cost=44.23..44.26 rows=10 width=121)
	        Sort Key: c
	        ->  Index Scan using sbtest4_pkey on sbtest4  (cost=0.43..44.07 rows=10 width=121)
	              Index Cond: ((id >= 2176540) AND (id <= 2176549))

table 5 : explain SELECT DISTINCT c FROM sbtest5 WHERE id BETWEEN 6968198 AND 6968207 ORDER BY c
	Unique  (cost=44.22..44.27 rows=10 width=121)
	  ->  Sort  (cost=44.22..44.24 rows=10 width=121)
	        Sort Key: c
	        ->  Index Scan using sbtest5_pkey on sbtest5  (cost=0.43..44.05 rows=10 width=121)
	              Index Cond: ((id >= 6968198) AND (id <= 6968207))

table 6 : explain SELECT DISTINCT c FROM sbtest6 WHERE id BETWEEN 9749124 AND 9749133 ORDER BY c
	Unique  (cost=48.17..48.22 rows=11 width=121)
	  ->  Sort  (cost=48.17..48.20 rows=11 width=121)
	        Sort Key: c
	        ->  Index Scan using sbtest6_pkey on sbtest6  (cost=0.43..47.98 rows=11 width=121)
	              Index Cond: ((id >= 9749124) AND (id <= 9749133))

table 7 : explain SELECT DISTINCT c FROM sbtest7 WHERE id BETWEEN 5687244 AND 5687253 ORDER BY c
	Unique  (cost=44.17..44.22 rows=10 width=121)
	  ->  Sort  (cost=44.17..44.19 rows=10 width=121)
	        Sort Key: c
	        ->  Index Scan using sbtest7_pkey on sbtest7  (cost=0.43..44.00 rows=10 width=121)
	              Index Cond: ((id >= 5687244) AND (id <= 5687253))

table 8 : explain SELECT DISTINCT c FROM sbtest8 WHERE id BETWEEN 1158417 AND 1158426 ORDER BY c
	Unique  (cost=44.19..44.24 rows=10 width=121)
	  ->  Sort  (cost=44.19..44.22 rows=10 width=121)
	        Sort Key: c
	        ->  Index Scan using sbtest8_pkey on sbtest8  (cost=0.43..44.03 rows=10 width=121)
	              Index Cond: ((id >= 1158417) AND (id <= 1158426))

explain: for point_selects :: explain SELECT c FROM sbtest%u WHERE id=%u
for: order_ranges
table 1 : explain SELECT c FROM sbtest1 WHERE id BETWEEN 4881932 AND 4881941 ORDER BY c
	Sort  (cost=48.32..48.35 rows=11 width=121)
	  Sort Key: c
	  ->  Index Scan using sbtest1_pkey on sbtest1  (cost=0.43..48.13 rows=11 width=121)
	        Index Cond: ((id >= 4881932) AND (id <= 4881941))

table 2 : explain SELECT c FROM sbtest2 WHERE id BETWEEN 8502228 AND 8502237 ORDER BY c
	Sort  (cost=44.34..44.36 rows=10 width=121)
	  Sort Key: c
	  ->  Index Scan using sbtest2_pkey on sbtest2  (cost=0.43..44.17 rows=10 width=121)
	        Index Cond: ((id >= 8502228) AND (id <= 8502237))

table 3 : explain SELECT c FROM sbtest3 WHERE id BETWEEN 7050217 AND 7050226 ORDER BY c
	Sort  (cost=44.32..44.34 rows=10 width=121)
	  Sort Key: c
	  ->  Index Scan using sbtest3_pkey on sbtest3  (cost=0.43..44.15 rows=10 width=121)
	        Index Cond: ((id >= 7050217) AND (id <= 7050226))

table 4 : explain SELECT c FROM sbtest4 WHERE id BETWEEN 5516538 AND 5516547 ORDER BY c
	Sort  (cost=44.23..44.26 rows=10 width=121)
	  Sort Key: c
	  ->  Index Scan using sbtest4_pkey on sbtest4  (cost=0.43..44.07 rows=10 width=121)
	        Index Cond: ((id >= 5516538) AND (id <= 5516547))

table 5 : explain SELECT c FROM sbtest5 WHERE id BETWEEN 4038499 AND 4038508 ORDER BY c
	Sort  (cost=44.22..44.24 rows=10 width=121)
	  Sort Key: c
	  ->  Index Scan using sbtest5_pkey on sbtest5  (cost=0.43..44.05 rows=10 width=121)
	        Index Cond: ((id >= 4038499) AND (id <= 4038508))

table 6 : explain SELECT c FROM sbtest6 WHERE id BETWEEN 2052136 AND 2052145 ORDER BY c
	Sort  (cost=48.17..48.20 rows=11 width=121)
	  Sort Key: c
	  ->  Index Scan using sbtest6_pkey on sbtest6  (cost=0.43..47.98 rows=11 width=121)
	        Index Cond: ((id >= 2052136) AND (id <= 2052145))

table 7 : explain SELECT c FROM sbtest7 WHERE id BETWEEN 581305 AND 581314 ORDER BY c
	Sort  (cost=44.17..44.19 rows=10 width=121)
	  Sort Key: c
	  ->  Index Scan using sbtest7_pkey on sbtest7  (cost=0.43..44.00 rows=10 width=121)
	        Index Cond: ((id >= 581305) AND (id <= 581314))

table 8 : explain SELECT c FROM sbtest8 WHERE id BETWEEN 6509035 AND 6509044 ORDER BY c
	Sort  (cost=44.19..44.22 rows=10 width=121)
	  Sort Key: c
	  ->  Index Scan using sbtest8_pkey on sbtest8  (cost=0.43..44.03 rows=10 width=121)
	        Index Cond: ((id >= 6509035) AND (id <= 6509044))

for: simple_ranges
table 1 : explain SELECT c FROM sbtest1 WHERE id BETWEEN 8455556 AND 8455565
	Index Scan using sbtest1_pkey on sbtest1  (cost=0.43..48.13 rows=11 width=121)
	  Index Cond: ((id >= 8455556) AND (id <= 8455565))

table 2 : explain SELECT c FROM sbtest2 WHERE id BETWEEN 9454060 AND 9454069
	Index Scan using sbtest2_pkey on sbtest2  (cost=0.43..44.17 rows=10 width=121)
	  Index Cond: ((id >= 9454060) AND (id <= 9454069))

table 3 : explain SELECT c FROM sbtest3 WHERE id BETWEEN 7642015 AND 7642024
	Index Scan using sbtest3_pkey on sbtest3  (cost=0.43..48.12 rows=11 width=121)
	  Index Cond: ((id >= 7642015) AND (id <= 7642024))

table 4 : explain SELECT c FROM sbtest4 WHERE id BETWEEN 3885107 AND 3885116
	Index Scan using sbtest4_pkey on sbtest4  (cost=0.43..40.11 rows=9 width=121)
	  Index Cond: ((id >= 3885107) AND (id <= 3885116))

table 5 : explain SELECT c FROM sbtest5 WHERE id BETWEEN 5389293 AND 5389302
	Index Scan using sbtest5_pkey on sbtest5  (cost=0.43..44.05 rows=10 width=121)
	  Index Cond: ((id >= 5389293) AND (id <= 5389302))

table 6 : explain SELECT c FROM sbtest6 WHERE id BETWEEN 9403277 AND 9403286
	Index Scan using sbtest6_pkey on sbtest6  (cost=0.43..47.98 rows=11 width=121)
	  Index Cond: ((id >= 9403277) AND (id <= 9403286))

table 7 : explain SELECT c FROM sbtest7 WHERE id BETWEEN 2629827 AND 2629836
	Index Scan using sbtest7_pkey on sbtest7  (cost=0.43..44.00 rows=10 width=121)
	  Index Cond: ((id >= 2629827) AND (id <= 2629836))

table 8 : explain SELECT c FROM sbtest8 WHERE id BETWEEN 3444161 AND 3444170
	Index Scan using sbtest8_pkey on sbtest8  (cost=0.43..47.98 rows=11 width=121)
	  Index Cond: ((id >= 3444161) AND (id <= 3444170))

for: sum_ranges
table 1 : explain SELECT SUM(k) FROM sbtest1 WHERE id BETWEEN 4780424 AND 4780433
	Aggregate  (cost=44.19..44.20 rows=1 width=8)
	  ->  Index Scan using sbtest1_pkey on sbtest1  (cost=0.43..44.16 rows=10 width=4)
	        Index Cond: ((id >= 4780424) AND (id <= 4780433))

table 2 : explain SELECT SUM(k) FROM sbtest2 WHERE id BETWEEN 9384543 AND 9384552
	Aggregate  (cost=44.19..44.20 rows=1 width=8)
	  ->  Index Scan using sbtest2_pkey on sbtest2  (cost=0.43..44.17 rows=10 width=4)
	        Index Cond: ((id >= 9384543) AND (id <= 9384552))

table 3 : explain SELECT SUM(k) FROM sbtest3 WHERE id BETWEEN 7254536 AND 7254545
	Aggregate  (cost=48.14..48.15 rows=1 width=8)
	  ->  Index Scan using sbtest3_pkey on sbtest3  (cost=0.43..48.12 rows=11 width=4)
	        Index Cond: ((id >= 7254536) AND (id <= 7254545))

table 4 : explain SELECT SUM(k) FROM sbtest4 WHERE id BETWEEN 5201760 AND 5201769
	Aggregate  (cost=44.09..44.10 rows=1 width=8)
	  ->  Index Scan using sbtest4_pkey on sbtest4  (cost=0.43..44.07 rows=10 width=4)
	        Index Cond: ((id >= 5201760) AND (id <= 5201769))

table 5 : explain SELECT SUM(k) FROM sbtest5 WHERE id BETWEEN 3232268 AND 3232277
	Aggregate  (cost=44.07..44.08 rows=1 width=8)
	  ->  Index Scan using sbtest5_pkey on sbtest5  (cost=0.43..44.05 rows=10 width=4)
	        Index Cond: ((id >= 3232268) AND (id <= 3232277))

table 6 : explain SELECT SUM(k) FROM sbtest6 WHERE id BETWEEN 2955970 AND 2955979
	Aggregate  (cost=48.01..48.02 rows=1 width=8)
	  ->  Index Scan using sbtest6_pkey on sbtest6  (cost=0.43..47.98 rows=11 width=4)
	        Index Cond: ((id >= 2955970) AND (id <= 2955979))

table 7 : explain SELECT SUM(k) FROM sbtest7 WHERE id BETWEEN 3724906 AND 3724915
	Aggregate  (cost=44.02..44.03 rows=1 width=8)
	  ->  Index Scan using sbtest7_pkey on sbtest7  (cost=0.43..44.00 rows=10 width=4)
	        Index Cond: ((id >= 3724906) AND (id <= 3724915))

table 8 : explain SELECT SUM(k) FROM sbtest8 WHERE id BETWEEN 6116756 AND 6116765
	Aggregate  (cost=44.05..44.06 rows=1 width=8)
	  ->  Index Scan using sbtest8_pkey on sbtest8  (cost=0.43..44.03 rows=10 width=4)
	        Index Cond: ((id >= 6116756) AND (id <= 6116765))

for point_selects
table 1 : explain SELECT c FROM sbtest1 WHERE id=1649738
	Index Scan using sbtest1_pkey on sbtest1  (cost=0.43..8.45 rows=1 width=121)
	  Index Cond: (id = 1649738)

table 2 : explain SELECT c FROM sbtest2 WHERE id=9767373
	Index Scan using sbtest2_pkey on sbtest2  (cost=0.43..8.45 rows=1 width=121)
	  Index Cond: (id = 9767373)

table 3 : explain SELECT c FROM sbtest3 WHERE id=5521747
	Index Scan using sbtest3_pkey on sbtest3  (cost=0.43..8.45 rows=1 width=121)
	  Index Cond: (id = 5521747)

table 4 : explain SELECT c FROM sbtest4 WHERE id=2117084
	Index Scan using sbtest4_pkey on sbtest4  (cost=0.43..8.45 rows=1 width=121)
	  Index Cond: (id = 2117084)

table 5 : explain SELECT c FROM sbtest5 WHERE id=2070384
	Index Scan using sbtest5_pkey on sbtest5  (cost=0.43..8.45 rows=1 width=121)
	  Index Cond: (id = 2070384)

table 6 : explain SELECT c FROM sbtest6 WHERE id=8786289
	Index Scan using sbtest6_pkey on sbtest6  (cost=0.43..8.45 rows=1 width=121)
	  Index Cond: (id = 8786289)

table 7 : explain SELECT c FROM sbtest7 WHERE id=2365870
	Index Scan using sbtest7_pkey on sbtest7  (cost=0.43..8.45 rows=1 width=121)
	  Index Cond: (id = 2365870)

table 8 : explain SELECT c FROM sbtest8 WHERE id=6672019
	Index Scan using sbtest8_pkey on sbtest8  (cost=0.43..8.45 rows=1 width=121)
	  Index Cond: (id = 6672019)

for: order_ranges
table 1 : explain SELECT c FROM sbtest1 WHERE id BETWEEN 4396258 AND 4396267 ORDER BY c
	Sort  (cost=44.33..44.35 rows=10 width=121)
	  Sort Key: c
	  ->  Index Scan using sbtest1_pkey on sbtest1  (cost=0.43..44.16 rows=10 width=121)
	        Index Cond: ((id >= 4396258) AND (id <= 4396267))

table 2 : explain SELECT c FROM sbtest2 WHERE id BETWEEN 9703734 AND 9703743 ORDER BY c
	Sort  (cost=40.34..40.37 rows=9 width=121)
	  Sort Key: c
	  ->  Index Scan using sbtest2_pkey on sbtest2  (cost=0.43..40.20 rows=9 width=121)
	        Index Cond: ((id >= 9703734) AND (id <= 9703743))

table 3 : explain SELECT c FROM sbtest3 WHERE id BETWEEN 3872823 AND 3872832 ORDER BY c
	Sort  (cost=44.32..44.34 rows=10 width=121)
	  Sort Key: c
	  ->  Index Scan using sbtest3_pkey on sbtest3  (cost=0.43..44.15 rows=10 width=121)
	        Index Cond: ((id >= 3872823) AND (id <= 3872832))

table 4 : explain SELECT c FROM sbtest4 WHERE id BETWEEN 578762 AND 578771 ORDER BY c
	Sort  (cost=44.23..44.26 rows=10 width=121)
	  Sort Key: c
	  ->  Index Scan using sbtest4_pkey on sbtest4  (cost=0.43..44.07 rows=10 width=121)
	        Index Cond: ((id >= 578762) AND (id <= 578771))

table 5 : explain SELECT c FROM sbtest5 WHERE id BETWEEN 8615808 AND 8615817 ORDER BY c
	Sort  (cost=44.22..44.24 rows=10 width=121)
	  Sort Key: c
	  ->  Index Scan using sbtest5_pkey on sbtest5  (cost=0.43..44.05 rows=10 width=121)
	        Index Cond: ((id >= 8615808) AND (id <= 8615817))

table 6 : explain SELECT c FROM sbtest6 WHERE id BETWEEN 9761285 AND 9761294 ORDER BY c
	Sort  (cost=48.17..48.20 rows=11 width=121)
	  Sort Key: c
	  ->  Index Scan using sbtest6_pkey on sbtest6  (cost=0.43..47.98 rows=11 width=121)
	        Index Cond: ((id >= 9761285) AND (id <= 9761294))

table 7 : explain SELECT c FROM sbtest7 WHERE id BETWEEN 4834919 AND 4834928 ORDER BY c
	Sort  (cost=44.17..44.19 rows=10 width=121)
	  Sort Key: c
	  ->  Index Scan using sbtest7_pkey on sbtest7  (cost=0.43..44.00 rows=10 width=121)
	        Index Cond: ((id >= 4834919) AND (id <= 4834928))

table 8 : explain SELECT c FROM sbtest8 WHERE id BETWEEN 834514 AND 834523 ORDER BY c
	Sort  (cost=44.19..44.22 rows=10 width=121)
	  Sort Key: c
	  ->  Index Scan using sbtest8_pkey on sbtest8  (cost=0.43..44.03 rows=10 width=121)
	        Index Cond: ((id >= 834514) AND (id <= 834523))

for: distinct_ranges
table 1 : explain SELECT DISTINCT c FROM sbtest1 WHERE id BETWEEN 2050381 AND 2050390 ORDER BY c
	Unique  (cost=40.34..40.38 rows=9 width=121)
	  ->  Sort  (cost=40.34..40.36 rows=9 width=121)
	        Sort Key: c
	        ->  Index Scan using sbtest1_pkey on sbtest1  (cost=0.43..40.19 rows=9 width=121)
	              Index Cond: ((id >= 2050381) AND (id <= 2050390))

table 2 : explain SELECT DISTINCT c FROM sbtest2 WHERE id BETWEEN 5989239 AND 5989248 ORDER BY c
	Unique  (cost=44.34..44.39 rows=10 width=121)
	  ->  Sort  (cost=44.34..44.36 rows=10 width=121)
	        Sort Key: c
	        ->  Index Scan using sbtest2_pkey on sbtest2  (cost=0.43..44.17 rows=10 width=121)
	              Index Cond: ((id >= 5989239) AND (id <= 5989248))

table 3 : explain SELECT DISTINCT c FROM sbtest3 WHERE id BETWEEN 1184449 AND 1184458 ORDER BY c
	Unique  (cost=44.32..44.37 rows=10 width=121)
	  ->  Sort  (cost=44.32..44.34 rows=10 width=121)
	        Sort Key: c
	        ->  Index Scan using sbtest3_pkey on sbtest3  (cost=0.43..44.15 rows=10 width=121)
	              Index Cond: ((id >= 1184449) AND (id <= 1184458))

table 4 : explain SELECT DISTINCT c FROM sbtest4 WHERE id BETWEEN 7168014 AND 7168023 ORDER BY c
	Unique  (cost=44.23..44.28 rows=10 width=121)
	  ->  Sort  (cost=44.23..44.26 rows=10 width=121)
	        Sort Key: c
	        ->  Index Scan using sbtest4_pkey on sbtest4  (cost=0.43..44.07 rows=10 width=121)
	              Index Cond: ((id >= 7168014) AND (id <= 7168023))

table 5 : explain SELECT DISTINCT c FROM sbtest5 WHERE id BETWEEN 9254905 AND 9254914 ORDER BY c
	Unique  (cost=48.19..48.25 rows=11 width=121)
	  ->  Sort  (cost=48.19..48.22 rows=11 width=121)
	        Sort Key: c
	        ->  Index Scan using sbtest5_pkey on sbtest5  (cost=0.43..48.00 rows=11 width=121)
	              Index Cond: ((id >= 9254905) AND (id <= 9254914))

table 6 : explain SELECT DISTINCT c FROM sbtest6 WHERE id BETWEEN 8833074 AND 8833083 ORDER BY c
	Unique  (cost=44.19..44.24 rows=10 width=121)
	  ->  Sort  (cost=44.19..44.22 rows=10 width=121)
	        Sort Key: c
	        ->  Index Scan using sbtest6_pkey on sbtest6  (cost=0.43..44.03 rows=10 width=121)
	              Index Cond: ((id >= 8833074) AND (id <= 8833083))

table 7 : explain SELECT DISTINCT c FROM sbtest7 WHERE id BETWEEN 9266673 AND 9266682 ORDER BY c
	Unique  (cost=44.17..44.22 rows=10 width=121)
	  ->  Sort  (cost=44.17..44.19 rows=10 width=121)
	        Sort Key: c
	        ->  Index Scan using sbtest7_pkey on sbtest7  (cost=0.43..44.00 rows=10 width=121)
	              Index Cond: ((id >= 9266673) AND (id <= 9266682))

table 8 : explain SELECT DISTINCT c FROM sbtest8 WHERE id BETWEEN 3937874 AND 3937883 ORDER BY c
	Unique  (cost=44.19..44.24 rows=10 width=121)
	  ->  Sort  (cost=44.19..44.22 rows=10 width=121)
	        Sort Key: c
	        ->  Index Scan using sbtest8_pkey on sbtest8  (cost=0.43..44.03 rows=10 width=121)
	              Index Cond: ((id >= 3937874) AND (id <= 3937883))

for: sum_ranges
table 1 : explain SELECT SUM(k) FROM sbtest1 WHERE id BETWEEN 1737492 AND 1737501
	Aggregate  (cost=40.22..40.23 rows=1 width=8)
	  ->  Index Scan using sbtest1_pkey on sbtest1  (cost=0.43..40.19 rows=9 width=4)
	        Index Cond: ((id >= 1737492) AND (id <= 1737501))

table 2 : explain SELECT SUM(k) FROM sbtest2 WHERE id BETWEEN 1660338 AND 1660347
	Aggregate  (cost=44.19..44.20 rows=1 width=8)
	  ->  Index Scan using sbtest2_pkey on sbtest2  (cost=0.43..44.17 rows=10 width=4)
	        Index Cond: ((id >= 1660338) AND (id <= 1660347))

table 3 : explain SELECT SUM(k) FROM sbtest3 WHERE id BETWEEN 427667 AND 427676
	Aggregate  (cost=40.21..40.22 rows=1 width=8)
	  ->  Index Scan using sbtest3_pkey on sbtest3  (cost=0.43..40.18 rows=9 width=4)
	        Index Cond: ((id >= 427667) AND (id <= 427676))

table 4 : explain SELECT SUM(k) FROM sbtest4 WHERE id BETWEEN 1233713 AND 1233722
	Aggregate  (cost=44.09..44.10 rows=1 width=8)
	  ->  Index Scan using sbtest4_pkey on sbtest4  (cost=0.43..44.07 rows=10 width=4)
	        Index Cond: ((id >= 1233713) AND (id <= 1233722))

table 5 : explain SELECT SUM(k) FROM sbtest5 WHERE id BETWEEN 5310232 AND 5310241
	Aggregate  (cost=40.12..40.13 rows=1 width=8)
	  ->  Index Scan using sbtest5_pkey on sbtest5  (cost=0.43..40.09 rows=9 width=4)
	        Index Cond: ((id >= 5310232) AND (id <= 5310241))

table 6 : explain SELECT SUM(k) FROM sbtest6 WHERE id BETWEEN 7246117 AND 7246126
	Aggregate  (cost=44.05..44.06 rows=1 width=8)
	  ->  Index Scan using sbtest6_pkey on sbtest6  (cost=0.43..44.03 rows=10 width=4)
	        Index Cond: ((id >= 7246117) AND (id <= 7246126))

table 7 : explain SELECT SUM(k) FROM sbtest7 WHERE id BETWEEN 5425979 AND 5425988
	Aggregate  (cost=44.02..44.03 rows=1 width=8)
	  ->  Index Scan using sbtest7_pkey on sbtest7  (cost=0.43..44.00 rows=10 width=4)
	        Index Cond: ((id >= 5425979) AND (id <= 5425988))

table 8 : explain SELECT SUM(k) FROM sbtest8 WHERE id BETWEEN 6782106 AND 6782115
	Aggregate  (cost=44.05..44.06 rows=1 width=8)
	  ->  Index Scan using sbtest8_pkey on sbtest8  (cost=0.43..44.03 rows=10 width=4)
	        Index Cond: ((id >= 6782106) AND (id <= 6782115))

explain: for point_selects :: explain SELECT c FROM sbtest%u WHERE id=%u
for: simple_ranges
table 1 : explain SELECT c FROM sbtest1 WHERE id BETWEEN 3731193 AND 3731202
	Index Scan using sbtest1_pkey on sbtest1  (cost=0.43..48.13 rows=11 width=121)
	  Index Cond: ((id >= 3731193) AND (id <= 3731202))

table 2 : explain SELECT c FROM sbtest2 WHERE id BETWEEN 5624123 AND 5624132
	Index Scan using sbtest2_pkey on sbtest2  (cost=0.43..48.14 rows=11 width=121)
	  Index Cond: ((id >= 5624123) AND (id <= 5624132))

table 3 : explain SELECT c FROM sbtest3 WHERE id BETWEEN 3147835 AND 3147844
	Index Scan using sbtest3_pkey on sbtest3  (cost=0.43..40.18 rows=9 width=121)
	  Index Cond: ((id >= 3147835) AND (id <= 3147844))

table 4 : explain SELECT c FROM sbtest4 WHERE id BETWEEN 3558408 AND 3558417
	Index Scan using sbtest4_pkey on sbtest4  (cost=0.43..40.11 rows=9 width=121)
	  Index Cond: ((id >= 3558408) AND (id <= 3558417))

table 5 : explain SELECT c FROM sbtest5 WHERE id BETWEEN 7892788 AND 7892797
	Index Scan using sbtest5_pkey on sbtest5  (cost=0.43..40.09 rows=9 width=121)
	  Index Cond: ((id >= 7892788) AND (id <= 7892797))

table 6 : explain SELECT c FROM sbtest6 WHERE id BETWEEN 9504872 AND 9504881
	Index Scan using sbtest6_pkey on sbtest6  (cost=0.43..44.03 rows=10 width=121)
	  Index Cond: ((id >= 9504872) AND (id <= 9504881))

table 7 : explain SELECT c FROM sbtest7 WHERE id BETWEEN 1055085 AND 1055094
	Index Scan using sbtest7_pkey on sbtest7  (cost=0.43..47.95 rows=11 width=121)
	  Index Cond: ((id >= 1055085) AND (id <= 1055094))

table 8 : explain SELECT c FROM sbtest8 WHERE id BETWEEN 3686825 AND 3686834
	Index Scan using sbtest8_pkey on sbtest8  (cost=0.43..44.03 rows=10 width=121)
	  Index Cond: ((id >= 3686825) AND (id <= 3686834))

for point_selects
table 1 : explain SELECT c FROM sbtest1 WHERE id=8878864
	Index Scan using sbtest1_pkey on sbtest1  (cost=0.43..8.45 rows=1 width=121)
	  Index Cond: (id = 8878864)

table 2 : explain SELECT c FROM sbtest2 WHERE id=3978131
	Index Scan using sbtest2_pkey on sbtest2  (cost=0.43..8.45 rows=1 width=121)
	  Index Cond: (id = 3978131)

table 3 : explain SELECT c FROM sbtest3 WHERE id=3885172
	Index Scan using sbtest3_pkey on sbtest3  (cost=0.43..8.45 rows=1 width=121)
	  Index Cond: (id = 3885172)

table 4 : explain SELECT c FROM sbtest4 WHERE id=3454120
	Index Scan using sbtest4_pkey on sbtest4  (cost=0.43..8.45 rows=1 width=121)
	  Index Cond: (id = 3454120)

table 5 : explain SELECT c FROM sbtest5 WHERE id=2577912
	Index Scan using sbtest5_pkey on sbtest5  (cost=0.43..8.45 rows=1 width=121)
	  Index Cond: (id = 2577912)

table 6 : explain SELECT c FROM sbtest6 WHERE id=9441556
	Index Scan using sbtest6_pkey on sbtest6  (cost=0.43..8.45 rows=1 width=121)
	  Index Cond: (id = 9441556)

table 7 : explain SELECT c FROM sbtest7 WHERE id=8187605
	Index Scan using sbtest7_pkey on sbtest7  (cost=0.43..8.45 rows=1 width=121)
	  Index Cond: (id = 8187605)

table 8 : explain SELECT c FROM sbtest8 WHERE id=1704621
	Index Scan using sbtest8_pkey on sbtest8  (cost=0.43..8.45 rows=1 width=121)
	  Index Cond: (id = 1704621)

for: distinct_ranges
table 1 : explain SELECT DISTINCT c FROM sbtest1 WHERE id BETWEEN 3319356 AND 3319365 ORDER BY c
	Unique  (cost=44.33..44.38 rows=10 width=121)
	  ->  Sort  (cost=44.33..44.35 rows=10 width=121)
	        Sort Key: c
	        ->  Index Scan using sbtest1_pkey on sbtest1  (cost=0.43..44.16 rows=10 width=121)
	              Index Cond: ((id >= 3319356) AND (id <= 3319365))

table 2 : explain SELECT DISTINCT c FROM sbtest2 WHERE id BETWEEN 5701100 AND 5701109 ORDER BY c
	Unique  (cost=44.34..44.39 rows=10 width=121)
	  ->  Sort  (cost=44.34..44.36 rows=10 width=121)
	        Sort Key: c
	        ->  Index Scan using sbtest2_pkey on sbtest2  (cost=0.43..44.17 rows=10 width=121)
	              Index Cond: ((id >= 5701100) AND (id <= 5701109))

table 3 : explain SELECT DISTINCT c FROM sbtest3 WHERE id BETWEEN 5202127 AND 5202136 ORDER BY c
	Unique  (cost=48.31..48.36 rows=11 width=121)
	  ->  Sort  (cost=48.31..48.33 rows=11 width=121)
	        Sort Key: c
	        ->  Index Scan using sbtest3_pkey on sbtest3  (cost=0.43..48.12 rows=11 width=121)
	              Index Cond: ((id >= 5202127) AND (id <= 5202136))

table 4 : explain SELECT DISTINCT c FROM sbtest4 WHERE id BETWEEN 8047198 AND 8047207 ORDER BY c
	Unique  (cost=44.23..44.28 rows=10 width=121)
	  ->  Sort  (cost=44.23..44.26 rows=10 width=121)
	        Sort Key: c
	        ->  Index Scan using sbtest4_pkey on sbtest4  (cost=0.43..44.07 rows=10 width=121)
	              Index Cond: ((id >= 8047198) AND (id <= 8047207))

table 5 : explain SELECT DISTINCT c FROM sbtest5 WHERE id BETWEEN 2095537 AND 2095546 ORDER BY c
	Unique  (cost=44.22..44.27 rows=10 width=121)
	  ->  Sort  (cost=44.22..44.24 rows=10 width=121)
	        Sort Key: c
	        ->  Index Scan using sbtest5_pkey on sbtest5  (cost=0.43..44.05 rows=10 width=121)
	              Index Cond: ((id >= 2095537) AND (id <= 2095546))

table 6 : explain SELECT DISTINCT c FROM sbtest6 WHERE id BETWEEN 3159196 AND 3159205 ORDER BY c
	Unique  (cost=44.19..44.24 rows=10 width=121)
	  ->  Sort  (cost=44.19..44.22 rows=10 width=121)
	        Sort Key: c
	        ->  Index Scan using sbtest6_pkey on sbtest6  (cost=0.43..44.03 rows=10 width=121)
	              Index Cond: ((id >= 3159196) AND (id <= 3159205))

table 7 : explain SELECT DISTINCT c FROM sbtest7 WHERE id BETWEEN 8390129 AND 8390138 ORDER BY c
	Unique  (cost=44.17..44.22 rows=10 width=121)
	  ->  Sort  (cost=44.17..44.19 rows=10 width=121)
	        Sort Key: c
	        ->  Index Scan using sbtest7_pkey on sbtest7  (cost=0.43..44.00 rows=10 width=121)
	              Index Cond: ((id >= 8390129) AND (id <= 8390138))

table 8 : explain SELECT DISTINCT c FROM sbtest8 WHERE id BETWEEN 9323133 AND 9323142 ORDER BY c
	Unique  (cost=48.17..48.23 rows=11 width=121)
	  ->  Sort  (cost=48.17..48.20 rows=11 width=121)
	        Sort Key: c
	        ->  Index Scan using sbtest8_pkey on sbtest8  (cost=0.43..47.98 rows=11 width=121)
	              Index Cond: ((id >= 9323133) AND (id <= 9323142))

for: simple_ranges
table 1 : explain SELECT c FROM sbtest1 WHERE id BETWEEN 8342876 AND 8342885
	Index Scan using sbtest1_pkey on sbtest1  (cost=0.43..48.13 rows=11 width=121)
	  Index Cond: ((id >= 8342876) AND (id <= 8342885))

table 2 : explain SELECT c FROM sbtest2 WHERE id BETWEEN 8754925 AND 8754934
	Index Scan using sbtest2_pkey on sbtest2  (cost=0.43..40.20 rows=9 width=121)
	  Index Cond: ((id >= 8754925) AND (id <= 8754934))

table 3 : explain SELECT c FROM sbtest3 WHERE id BETWEEN 523409 AND 523418
	Index Scan using sbtest3_pkey on sbtest3  (cost=0.43..44.15 rows=10 width=121)
	  Index Cond: ((id >= 523409) AND (id <= 523418))

table 4 : explain SELECT c FROM sbtest4 WHERE id BETWEEN 1888809 AND 1888818
	Index Scan using sbtest4_pkey on sbtest4  (cost=0.43..48.02 rows=11 width=121)
	  Index Cond: ((id >= 1888809) AND (id <= 1888818))

table 5 : explain SELECT c FROM sbtest5 WHERE id BETWEEN 2352482 AND 2352491
	Index Scan using sbtest5_pkey on sbtest5  (cost=0.43..44.05 rows=10 width=121)
	  Index Cond: ((id >= 2352482) AND (id <= 2352491))

table 6 : explain SELECT c FROM sbtest6 WHERE id BETWEEN 3142848 AND 3142857
	Index Scan using sbtest6_pkey on sbtest6  (cost=0.43..44.03 rows=10 width=121)
	  Index Cond: ((id >= 3142848) AND (id <= 3142857))

table 7 : explain SELECT c FROM sbtest7 WHERE id BETWEEN 6575109 AND 6575118
	Index Scan using sbtest7_pkey on sbtest7  (cost=0.43..44.00 rows=10 width=121)
	  Index Cond: ((id >= 6575109) AND (id <= 6575118))

table 8 : explain SELECT c FROM sbtest8 WHERE id BETWEEN 7422343 AND 7422352
	Index Scan using sbtest8_pkey on sbtest8  (cost=0.43..44.03 rows=10 width=121)
	  Index Cond: ((id >= 7422343) AND (id <= 7422352))

explain: for point_selects :: explain SELECT c FROM sbtest%u WHERE id=%u
for: order_ranges
table 1 : explain SELECT c FROM sbtest1 WHERE id BETWEEN 3335242 AND 3335251 ORDER BY c
	Sort  (cost=44.33..44.35 rows=10 width=121)
	  Sort Key: c
	  ->  Index Scan using sbtest1_pkey on sbtest1  (cost=0.43..44.16 rows=10 width=121)
	        Index Cond: ((id >= 3335242) AND (id <= 3335251))

table 2 : explain SELECT c FROM sbtest2 WHERE id BETWEEN 7356255 AND 7356264 ORDER BY c
	Sort  (cost=40.34..40.37 rows=9 width=121)
	  Sort Key: c
	  ->  Index Scan using sbtest2_pkey on sbtest2  (cost=0.43..40.20 rows=9 width=121)
	        Index Cond: ((id >= 7356255) AND (id <= 7356264))

table 3 : explain SELECT c FROM sbtest3 WHERE id BETWEEN 4209181 AND 4209190 ORDER BY c
	Sort  (cost=44.32..44.34 rows=10 width=121)
	  Sort Key: c
	  ->  Index Scan using sbtest3_pkey on sbtest3  (cost=0.43..44.15 rows=10 width=121)
	        Index Cond: ((id >= 4209181) AND (id <= 4209190))

table 4 : explain SELECT c FROM sbtest4 WHERE id BETWEEN 9283983 AND 9283992 ORDER BY c
	Sort  (cost=48.21..48.24 rows=11 width=121)
	  Sort Key: c
	  ->  Index Scan using sbtest4_pkey on sbtest4  (cost=0.43..48.02 rows=11 width=121)
	        Index Cond: ((id >= 9283983) AND (id <= 9283992))

table 5 : explain SELECT c FROM sbtest5 WHERE id BETWEEN 8113822 AND 8113831 ORDER BY c
	Sort  (cost=44.22..44.24 rows=10 width=121)
	  Sort Key: c
	  ->  Index Scan using sbtest5_pkey on sbtest5  (cost=0.43..44.05 rows=10 width=121)
	        Index Cond: ((id >= 8113822) AND (id <= 8113831))

table 6 : explain SELECT c FROM sbtest6 WHERE id BETWEEN 458066 AND 458075 ORDER BY c
	Sort  (cost=40.22..40.24 rows=9 width=121)
	  Sort Key: c
	  ->  Index Scan using sbtest6_pkey on sbtest6  (cost=0.43..40.07 rows=9 width=121)
	        Index Cond: ((id >= 458066) AND (id <= 458075))

table 7 : explain SELECT c FROM sbtest7 WHERE id BETWEEN 8971161 AND 8971170 ORDER BY c
	Sort  (cost=44.17..44.19 rows=10 width=121)
	  Sort Key: c
	  ->  Index Scan using sbtest7_pkey on sbtest7  (cost=0.43..44.00 rows=10 width=121)
	        Index Cond: ((id >= 8971161) AND (id <= 8971170))

table 8 : explain SELECT c FROM sbtest8 WHERE id BETWEEN 2877747 AND 2877756 ORDER BY c
	Sort  (cost=44.19..44.22 rows=10 width=121)
	  Sort Key: c
	  ->  Index Scan using sbtest8_pkey on sbtest8  (cost=0.43..44.03 rows=10 width=121)
	        Index Cond: ((id >= 2877747) AND (id <= 2877756))

for: sum_ranges
table 1 : explain SELECT SUM(k) FROM sbtest1 WHERE id BETWEEN 4562810 AND 4562819
	Aggregate  (cost=48.16..48.17 rows=1 width=8)
	  ->  Index Scan using sbtest1_pkey on sbtest1  (cost=0.43..48.13 rows=11 width=4)
	        Index Cond: ((id >= 4562810) AND (id <= 4562819))

table 2 : explain SELECT SUM(k) FROM sbtest2 WHERE id BETWEEN 8299645 AND 8299654
	Aggregate  (cost=44.19..44.20 rows=1 width=8)
	  ->  Index Scan using sbtest2_pkey on sbtest2  (cost=0.43..44.17 rows=10 width=4)
	        Index Cond: ((id >= 8299645) AND (id <= 8299654))

table 3 : explain SELECT SUM(k) FROM sbtest3 WHERE id BETWEEN 2810314 AND 2810323
	Aggregate  (cost=48.14..48.15 rows=1 width=8)
	  ->  Index Scan using sbtest3_pkey on sbtest3  (cost=0.43..48.12 rows=11 width=4)
	        Index Cond: ((id >= 2810314) AND (id <= 2810323))

table 4 : explain SELECT SUM(k) FROM sbtest4 WHERE id BETWEEN 9562446 AND 9562455
	Aggregate  (cost=44.09..44.10 rows=1 width=8)
	  ->  Index Scan using sbtest4_pkey on sbtest4  (cost=0.43..44.07 rows=10 width=4)
	        Index Cond: ((id >= 9562446) AND (id <= 9562455))

table 5 : explain SELECT SUM(k) FROM sbtest5 WHERE id BETWEEN 1274697 AND 1274706
	Aggregate  (cost=48.03..48.04 rows=1 width=8)
	  ->  Index Scan using sbtest5_pkey on sbtest5  (cost=0.43..48.00 rows=11 width=4)
	        Index Cond: ((id >= 1274697) AND (id <= 1274706))

table 6 : explain SELECT SUM(k) FROM sbtest6 WHERE id BETWEEN 606372 AND 606381
	Aggregate  (cost=44.05..44.06 rows=1 width=8)
	  ->  Index Scan using sbtest6_pkey on sbtest6  (cost=0.43..44.03 rows=10 width=4)
	        Index Cond: ((id >= 606372) AND (id <= 606381))

table 7 : explain SELECT SUM(k) FROM sbtest7 WHERE id BETWEEN 5800300 AND 5800309
	Aggregate  (cost=44.02..44.03 rows=1 width=8)
	  ->  Index Scan using sbtest7_pkey on sbtest7  (cost=0.43..44.00 rows=10 width=4)
	        Index Cond: ((id >= 5800300) AND (id <= 5800309))

table 8 : explain SELECT SUM(k) FROM sbtest8 WHERE id BETWEEN 2158976 AND 2158985
	Aggregate  (cost=44.05..44.06 rows=1 width=8)
	  ->  Index Scan using sbtest8_pkey on sbtest8  (cost=0.43..44.03 rows=10 width=4)
	        Index Cond: ((id >= 2158976) AND (id <= 2158985))

for point_selects
table 1 : explain SELECT c FROM sbtest1 WHERE id=4700196
	Index Scan using sbtest1_pkey on sbtest1  (cost=0.43..8.45 rows=1 width=121)
	  Index Cond: (id = 4700196)

table 2 : explain SELECT c FROM sbtest2 WHERE id=8392956
	Index Scan using sbtest2_pkey on sbtest2  (cost=0.43..8.45 rows=1 width=121)
	  Index Cond: (id = 8392956)

table 3 : explain SELECT c FROM sbtest3 WHERE id=996500
	Index Scan using sbtest3_pkey on sbtest3  (cost=0.43..8.45 rows=1 width=121)
	  Index Cond: (id = 996500)

table 4 : explain SELECT c FROM sbtest4 WHERE id=5571182
	Index Scan using sbtest4_pkey on sbtest4  (cost=0.43..8.45 rows=1 width=121)
	  Index Cond: (id = 5571182)

table 5 : explain SELECT c FROM sbtest5 WHERE id=4342
	Index Scan using sbtest5_pkey on sbtest5  (cost=0.43..8.45 rows=1 width=121)
	  Index Cond: (id = 4342)

table 6 : explain SELECT c FROM sbtest6 WHERE id=3269872
	Index Scan using sbtest6_pkey on sbtest6  (cost=0.43..8.45 rows=1 width=121)
	  Index Cond: (id = 3269872)

table 7 : explain SELECT c FROM sbtest7 WHERE id=5587502
	Index Scan using sbtest7_pkey on sbtest7  (cost=0.43..8.45 rows=1 width=121)
	  Index Cond: (id = 5587502)

table 8 : explain SELECT c FROM sbtest8 WHERE id=2535582
	Index Scan using sbtest8_pkey on sbtest8  (cost=0.43..8.45 rows=1 width=121)
	  Index Cond: (id = 2535582)

for: distinct_ranges
table 1 : explain SELECT DISTINCT c FROM sbtest1 WHERE id BETWEEN 2745988 AND 2745997 ORDER BY c
	Unique  (cost=44.33..44.38 rows=10 width=121)
	  ->  Sort  (cost=44.33..44.35 rows=10 width=121)
	        Sort Key: c
	        ->  Index Scan using sbtest1_pkey on sbtest1  (cost=0.43..44.16 rows=10 width=121)
	              Index Cond: ((id >= 2745988) AND (id <= 2745997))

table 2 : explain SELECT DISTINCT c FROM sbtest2 WHERE id BETWEEN 7756248 AND 7756257 ORDER BY c
	Unique  (cost=44.34..44.39 rows=10 width=121)
	  ->  Sort  (cost=44.34..44.36 rows=10 width=121)
	        Sort Key: c
	        ->  Index Scan using sbtest2_pkey on sbtest2  (cost=0.43..44.17 rows=10 width=121)
	              Index Cond: ((id >= 7756248) AND (id <= 7756257))

table 3 : explain SELECT DISTINCT c FROM sbtest3 WHERE id BETWEEN 2066374 AND 2066383 ORDER BY c
	Unique  (cost=44.32..44.37 rows=10 width=121)
	  ->  Sort  (cost=44.32..44.34 rows=10 width=121)
	        Sort Key: c
	        ->  Index Scan using sbtest3_pkey on sbtest3  (cost=0.43..44.15 rows=10 width=121)
	              Index Cond: ((id >= 2066374) AND (id <= 2066383))

table 4 : explain SELECT DISTINCT c FROM sbtest4 WHERE id BETWEEN 5741774 AND 5741783 ORDER BY c
	Unique  (cost=40.25..40.30 rows=9 width=121)
	  ->  Sort  (cost=40.25..40.27 rows=9 width=121)
	        Sort Key: c
	        ->  Index Scan using sbtest4_pkey on sbtest4  (cost=0.43..40.11 rows=9 width=121)
	              Index Cond: ((id >= 5741774) AND (id <= 5741783))

table 5 : explain SELECT DISTINCT c FROM sbtest5 WHERE id BETWEEN 7293941 AND 7293950 ORDER BY c
	Unique  (cost=48.19..48.25 rows=11 width=121)
	  ->  Sort  (cost=48.19..48.22 rows=11 width=121)
	        Sort Key: c
	        ->  Index Scan using sbtest5_pkey on sbtest5  (cost=0.43..48.00 rows=11 width=121)
	              Index Cond: ((id >= 7293941) AND (id <= 7293950))

table 6 : explain SELECT DISTINCT c FROM sbtest6 WHERE id BETWEEN 8618055 AND 8618064 ORDER BY c
	Unique  (cost=48.17..48.22 rows=11 width=121)
	  ->  Sort  (cost=48.17..48.20 rows=11 width=121)
	        Sort Key: c
	        ->  Index Scan using sbtest6_pkey on sbtest6  (cost=0.43..47.98 rows=11 width=121)
	              Index Cond: ((id >= 8618055) AND (id <= 8618064))

table 7 : explain SELECT DISTINCT c FROM sbtest7 WHERE id BETWEEN 3535552 AND 3535561 ORDER BY c
	Unique  (cost=44.17..44.22 rows=10 width=121)
	  ->  Sort  (cost=44.17..44.19 rows=10 width=121)
	        Sort Key: c
	        ->  Index Scan using sbtest7_pkey on sbtest7  (cost=0.43..44.00 rows=10 width=121)
	              Index Cond: ((id >= 3535552) AND (id <= 3535561))

table 8 : explain SELECT DISTINCT c FROM sbtest8 WHERE id BETWEEN 1782868 AND 1782877 ORDER BY c
	Unique  (cost=40.22..40.26 rows=9 width=121)
	  ->  Sort  (cost=40.22..40.24 rows=9 width=121)
	        Sort Key: c
	        ->  Index Scan using sbtest8_pkey on sbtest8  (cost=0.43..40.07 rows=9 width=121)
	              Index Cond: ((id >= 1782868) AND (id <= 1782877))

for: order_ranges
table 1 : explain SELECT c FROM sbtest1 WHERE id BETWEEN 2521677 AND 2521686 ORDER BY c
	Sort  (cost=40.34..40.36 rows=9 width=121)
	  Sort Key: c
	  ->  Index Scan using sbtest1_pkey on sbtest1  (cost=0.43..40.19 rows=9 width=121)
	        Index Cond: ((id >= 2521677) AND (id <= 2521686))

table 2 : explain SELECT c FROM sbtest2 WHERE id BETWEEN 4507307 AND 4507316 ORDER BY c
	Sort  (cost=40.34..40.37 rows=9 width=121)
	  Sort Key: c
	  ->  Index Scan using sbtest2_pkey on sbtest2  (cost=0.43..40.20 rows=9 width=121)
	        Index Cond: ((id >= 4507307) AND (id <= 4507316))

table 3 : explain SELECT c FROM sbtest3 WHERE id BETWEEN 4459614 AND 4459623 ORDER BY c
	Sort  (cost=44.32..44.34 rows=10 width=121)
	  Sort Key: c
	  ->  Index Scan using sbtest3_pkey on sbtest3  (cost=0.43..44.15 rows=10 width=121)
	        Index Cond: ((id >= 4459614) AND (id <= 4459623))

table 4 : explain SELECT c FROM sbtest4 WHERE id BETWEEN 2549239 AND 2549248 ORDER BY c
	Sort  (cost=44.23..44.26 rows=10 width=121)
	  Sort Key: c
	  ->  Index Scan using sbtest4_pkey on sbtest4  (cost=0.43..44.07 rows=10 width=121)
	        Index Cond: ((id >= 2549239) AND (id <= 2549248))

table 5 : explain SELECT c FROM sbtest5 WHERE id BETWEEN 3819270 AND 3819279 ORDER BY c
	Sort  (cost=44.22..44.24 rows=10 width=121)
	  Sort Key: c
	  ->  Index Scan using sbtest5_pkey on sbtest5  (cost=0.43..44.05 rows=10 width=121)
	        Index Cond: ((id >= 3819270) AND (id <= 3819279))

table 6 : explain SELECT c FROM sbtest6 WHERE id BETWEEN 8261643 AND 8261652 ORDER BY c
	Sort  (cost=44.19..44.22 rows=10 width=121)
	  Sort Key: c
	  ->  Index Scan using sbtest6_pkey on sbtest6  (cost=0.43..44.03 rows=10 width=121)
	        Index Cond: ((id >= 8261643) AND (id <= 8261652))

table 7 : explain SELECT c FROM sbtest7 WHERE id BETWEEN 2612934 AND 2612943 ORDER BY c
	Sort  (cost=44.17..44.19 rows=10 width=121)
	  Sort Key: c
	  ->  Index Scan using sbtest7_pkey on sbtest7  (cost=0.43..44.00 rows=10 width=121)
	        Index Cond: ((id >= 2612934) AND (id <= 2612943))

table 8 : explain SELECT c FROM sbtest8 WHERE id BETWEEN 9213336 AND 9213345 ORDER BY c
	Sort  (cost=48.17..48.20 rows=11 width=121)
	  Sort Key: c
	  ->  Index Scan using sbtest8_pkey on sbtest8  (cost=0.43..47.98 rows=11 width=121)
	        Index Cond: ((id >= 9213336) AND (id <= 9213345))

explain: for point_selects :: explain SELECT c FROM sbtest%u WHERE id=%u
for: simple_ranges
table 1 : explain SELECT c FROM sbtest1 WHERE id BETWEEN 862874 AND 862883
	Index Scan using sbtest1_pkey on sbtest1  (cost=0.43..44.16 rows=10 width=121)
	  Index Cond: ((id >= 862874) AND (id <= 862883))

table 2 : explain SELECT c FROM sbtest2 WHERE id BETWEEN 2782234 AND 2782243
	Index Scan using sbtest2_pkey on sbtest2  (cost=0.43..44.17 rows=10 width=121)
	  Index Cond: ((id >= 2782234) AND (id <= 2782243))

table 3 : explain SELECT c FROM sbtest3 WHERE id BETWEEN 2757265 AND 2757274
	Index Scan using sbtest3_pkey on sbtest3  (cost=0.43..44.15 rows=10 width=121)
	  Index Cond: ((id >= 2757265) AND (id <= 2757274))

table 4 : explain SELECT c FROM sbtest4 WHERE id BETWEEN 3534636 AND 3534645
	Index Scan using sbtest4_pkey on sbtest4  (cost=0.43..40.11 rows=9 width=121)
	  Index Cond: ((id >= 3534636) AND (id <= 3534645))

table 5 : explain SELECT c FROM sbtest5 WHERE id BETWEEN 392722 AND 392731
	Index Scan using sbtest5_pkey on sbtest5  (cost=0.43..44.05 rows=10 width=121)
	  Index Cond: ((id >= 392722) AND (id <= 392731))

table 6 : explain SELECT c FROM sbtest6 WHERE id BETWEEN 5059413 AND 5059422
	Index Scan using sbtest6_pkey on sbtest6  (cost=0.43..44.03 rows=10 width=121)
	  Index Cond: ((id >= 5059413) AND (id <= 5059422))

table 7 : explain SELECT c FROM sbtest7 WHERE id BETWEEN 6166286 AND 6166295
	Index Scan using sbtest7_pkey on sbtest7  (cost=0.43..44.00 rows=10 width=121)
	  Index Cond: ((id >= 6166286) AND (id <= 6166295))

table 8 : explain SELECT c FROM sbtest8 WHERE id BETWEEN 3938708 AND 3938717
	Index Scan using sbtest8_pkey on sbtest8  (cost=0.43..44.03 rows=10 width=121)
	  Index Cond: ((id >= 3938708) AND (id <= 3938717))

for: sum_ranges
table 1 : explain SELECT SUM(k) FROM sbtest1 WHERE id BETWEEN 514217 AND 514226
	Aggregate  (cost=40.22..40.23 rows=1 width=8)
	  ->  Index Scan using sbtest1_pkey on sbtest1  (cost=0.43..40.19 rows=9 width=4)
	        Index Cond: ((id >= 514217) AND (id <= 514226))

table 2 : explain SELECT SUM(k) FROM sbtest2 WHERE id BETWEEN 3222794 AND 3222803
	Aggregate  (cost=44.19..44.20 rows=1 width=8)
	  ->  Index Scan using sbtest2_pkey on sbtest2  (cost=0.43..44.17 rows=10 width=4)
	        Index Cond: ((id >= 3222794) AND (id <= 3222803))

table 3 : explain SELECT SUM(k) FROM sbtest3 WHERE id BETWEEN 2257987 AND 2257996
	Aggregate  (cost=44.17..44.18 rows=1 width=8)
	  ->  Index Scan using sbtest3_pkey on sbtest3  (cost=0.43..44.15 rows=10 width=4)
	        Index Cond: ((id >= 2257987) AND (id <= 2257996))

table 4 : explain SELECT SUM(k) FROM sbtest4 WHERE id BETWEEN 9669798 AND 9669807
	Aggregate  (cost=44.09..44.10 rows=1 width=8)
	  ->  Index Scan using sbtest4_pkey on sbtest4  (cost=0.43..44.07 rows=10 width=4)
	        Index Cond: ((id >= 9669798) AND (id <= 9669807))

table 5 : explain SELECT SUM(k) FROM sbtest5 WHERE id BETWEEN 6444424 AND 6444433
	Aggregate  (cost=48.03..48.04 rows=1 width=8)
	  ->  Index Scan using sbtest5_pkey on sbtest5  (cost=0.43..48.00 rows=11 width=4)
	        Index Cond: ((id >= 6444424) AND (id <= 6444433))

table 6 : explain SELECT SUM(k) FROM sbtest6 WHERE id BETWEEN 6363001 AND 6363010
	Aggregate  (cost=44.05..44.06 rows=1 width=8)
	  ->  Index Scan using sbtest6_pkey on sbtest6  (cost=0.43..44.03 rows=10 width=4)
	        Index Cond: ((id >= 6363001) AND (id <= 6363010))

table 7 : explain SELECT SUM(k) FROM sbtest7 WHERE id BETWEEN 100742 AND 100751
	Aggregate  (cost=44.02..44.03 rows=1 width=8)
	  ->  Index Scan using sbtest7_pkey on sbtest7  (cost=0.43..44.00 rows=10 width=4)
	        Index Cond: ((id >= 100742) AND (id <= 100751))

table 8 : explain SELECT SUM(k) FROM sbtest8 WHERE id BETWEEN 2096393 AND 2096402
	Aggregate  (cost=44.05..44.06 rows=1 width=8)
	  ->  Index Scan using sbtest8_pkey on sbtest8  (cost=0.43..44.03 rows=10 width=4)
	        Index Cond: ((id >= 2096393) AND (id <= 2096402))

for point_selects
table 1 : explain SELECT c FROM sbtest1 WHERE id=6483609
	Index Scan using sbtest1_pkey on sbtest1  (cost=0.43..8.45 rows=1 width=121)
	  Index Cond: (id = 6483609)

table 2 : explain SELECT c FROM sbtest2 WHERE id=8858545
	Index Scan using sbtest2_pkey on sbtest2  (cost=0.43..8.45 rows=1 width=121)
	  Index Cond: (id = 8858545)

table 3 : explain SELECT c FROM sbtest3 WHERE id=4446775
	Index Scan using sbtest3_pkey on sbtest3  (cost=0.43..8.45 rows=1 width=121)
	  Index Cond: (id = 4446775)

table 4 : explain SELECT c FROM sbtest4 WHERE id=6456173
	Index Scan using sbtest4_pkey on sbtest4  (cost=0.43..8.45 rows=1 width=121)
	  Index Cond: (id = 6456173)

table 5 : explain SELECT c FROM sbtest5 WHERE id=9903681
	Index Scan using sbtest5_pkey on sbtest5  (cost=0.43..8.45 rows=1 width=121)
	  Index Cond: (id = 9903681)

table 6 : explain SELECT c FROM sbtest6 WHERE id=3073025
	Index Scan using sbtest6_pkey on sbtest6  (cost=0.43..8.45 rows=1 width=121)
	  Index Cond: (id = 3073025)

table 7 : explain SELECT c FROM sbtest7 WHERE id=9979988
	Index Scan using sbtest7_pkey on sbtest7  (cost=0.43..8.45 rows=1 width=121)
	  Index Cond: (id = 9979988)

table 8 : explain SELECT c FROM sbtest8 WHERE id=4890670
	Index Scan using sbtest8_pkey on sbtest8  (cost=0.43..8.45 rows=1 width=121)
	  Index Cond: (id = 4890670)

for: distinct_ranges
table 1 : explain SELECT DISTINCT c FROM sbtest1 WHERE id BETWEEN 1854469 AND 1854478 ORDER BY c
	Unique  (cost=48.32..48.38 rows=11 width=121)
	  ->  Sort  (cost=48.32..48.35 rows=11 width=121)
	        Sort Key: c
	        ->  Index Scan using sbtest1_pkey on sbtest1  (cost=0.43..48.13 rows=11 width=121)
	              Index Cond: ((id >= 1854469) AND (id <= 1854478))

table 2 : explain SELECT DISTINCT c FROM sbtest2 WHERE id BETWEEN 5216581 AND 5216590 ORDER BY c
	Unique  (cost=44.34..44.39 rows=10 width=121)
	  ->  Sort  (cost=44.34..44.36 rows=10 width=121)
	        Sort Key: c
	        ->  Index Scan using sbtest2_pkey on sbtest2  (cost=0.43..44.17 rows=10 width=121)
	              Index Cond: ((id >= 5216581) AND (id <= 5216590))

table 3 : explain SELECT DISTINCT c FROM sbtest3 WHERE id BETWEEN 882980 AND 882989 ORDER BY c
	Unique  (cost=48.31..48.36 rows=11 width=121)
	  ->  Sort  (cost=48.31..48.33 rows=11 width=121)
	        Sort Key: c
	        ->  Index Scan using sbtest3_pkey on sbtest3  (cost=0.43..48.12 rows=11 width=121)
	              Index Cond: ((id >= 882980) AND (id <= 882989))

table 4 : explain SELECT DISTINCT c FROM sbtest4 WHERE id BETWEEN 1152195 AND 1152204 ORDER BY c
	Unique  (cost=44.23..44.28 rows=10 width=121)
	  ->  Sort  (cost=44.23..44.26 rows=10 width=121)
	        Sort Key: c
	        ->  Index Scan using sbtest4_pkey on sbtest4  (cost=0.43..44.07 rows=10 width=121)
	              Index Cond: ((id >= 1152195) AND (id <= 1152204))

table 5 : explain SELECT DISTINCT c FROM sbtest5 WHERE id BETWEEN 2873030 AND 2873039 ORDER BY c
	Unique  (cost=48.19..48.25 rows=11 width=121)
	  ->  Sort  (cost=48.19..48.22 rows=11 width=121)
	        Sort Key: c
	        ->  Index Scan using sbtest5_pkey on sbtest5  (cost=0.43..48.00 rows=11 width=121)
	              Index Cond: ((id >= 2873030) AND (id <= 2873039))

table 6 : explain SELECT DISTINCT c FROM sbtest6 WHERE id BETWEEN 6773552 AND 6773561 ORDER BY c
	Unique  (cost=44.19..44.24 rows=10 width=121)
	  ->  Sort  (cost=44.19..44.22 rows=10 width=121)
	        Sort Key: c
	        ->  Index Scan using sbtest6_pkey on sbtest6  (cost=0.43..44.03 rows=10 width=121)
	              Index Cond: ((id >= 6773552) AND (id <= 6773561))

table 7 : explain SELECT DISTINCT c FROM sbtest7 WHERE id BETWEEN 6939614 AND 6939623 ORDER BY c
	Unique  (cost=40.19..40.24 rows=9 width=121)
	  ->  Sort  (cost=40.19..40.22 rows=9 width=121)
	        Sort Key: c
	        ->  Index Scan using sbtest7_pkey on sbtest7  (cost=0.43..40.05 rows=9 width=121)
	              Index Cond: ((id >= 6939614) AND (id <= 6939623))

table 8 : explain SELECT DISTINCT c FROM sbtest8 WHERE id BETWEEN 1559081 AND 1559090 ORDER BY c
	Unique  (cost=48.17..48.23 rows=11 width=121)
	  ->  Sort  (cost=48.17..48.20 rows=11 width=121)
	        Sort Key: c
	        ->  Index Scan using sbtest8_pkey on sbtest8  (cost=0.43..47.98 rows=11 width=121)
	              Index Cond: ((id >= 1559081) AND (id <= 1559090))

explain: for point_selects :: explain SELECT c FROM sbtest%u WHERE id=%u
for: sum_ranges
table 1 : explain SELECT SUM(k) FROM sbtest1 WHERE id BETWEEN 255033 AND 255042
	Aggregate  (cost=44.19..44.20 rows=1 width=8)
	  ->  Index Scan using sbtest1_pkey on sbtest1  (cost=0.43..44.16 rows=10 width=4)
	        Index Cond: ((id >= 255033) AND (id <= 255042))

table 2 : explain SELECT SUM(k) FROM sbtest2 WHERE id BETWEEN 5080797 AND 5080806
	Aggregate  (cost=44.19..44.20 rows=1 width=8)
	  ->  Index Scan using sbtest2_pkey on sbtest2  (cost=0.43..44.17 rows=10 width=4)
	        Index Cond: ((id >= 5080797) AND (id <= 5080806))

table 3 : explain SELECT SUM(k) FROM sbtest3 WHERE id BETWEEN 1943279 AND 1943288
	Aggregate  (cost=40.21..40.22 rows=1 width=8)
	  ->  Index Scan using sbtest3_pkey on sbtest3  (cost=0.43..40.18 rows=9 width=4)
	        Index Cond: ((id >= 1943279) AND (id <= 1943288))

table 4 : explain SELECT SUM(k) FROM sbtest4 WHERE id BETWEEN 7908872 AND 7908881
	Aggregate  (cost=44.09..44.10 rows=1 width=8)
	  ->  Index Scan using sbtest4_pkey on sbtest4  (cost=0.43..44.07 rows=10 width=4)
	        Index Cond: ((id >= 7908872) AND (id <= 7908881))

table 5 : explain SELECT SUM(k) FROM sbtest5 WHERE id BETWEEN 6503130 AND 6503139
	Aggregate  (cost=40.12..40.13 rows=1 width=8)
	  ->  Index Scan using sbtest5_pkey on sbtest5  (cost=0.43..40.09 rows=9 width=4)
	        Index Cond: ((id >= 6503130) AND (id <= 6503139))

table 6 : explain SELECT SUM(k) FROM sbtest6 WHERE id BETWEEN 9709905 AND 9709914
	Aggregate  (cost=44.05..44.06 rows=1 width=8)
	  ->  Index Scan using sbtest6_pkey on sbtest6  (cost=0.43..44.03 rows=10 width=4)
	        Index Cond: ((id >= 9709905) AND (id <= 9709914))

table 7 : explain SELECT SUM(k) FROM sbtest7 WHERE id BETWEEN 904578 AND 904587
	Aggregate  (cost=44.02..44.03 rows=1 width=8)
	  ->  Index Scan using sbtest7_pkey on sbtest7  (cost=0.43..44.00 rows=10 width=4)
	        Index Cond: ((id >= 904578) AND (id <= 904587))

table 8 : explain SELECT SUM(k) FROM sbtest8 WHERE id BETWEEN 2803219 AND 2803228
	Aggregate  (cost=44.05..44.06 rows=1 width=8)
	  ->  Index Scan using sbtest8_pkey on sbtest8  (cost=0.43..44.03 rows=10 width=4)
	        Index Cond: ((id >= 2803219) AND (id <= 2803228))

for: simple_ranges
table 1 : explain SELECT c FROM sbtest1 WHERE id BETWEEN 8682941 AND 8682950
	Index Scan using sbtest1_pkey on sbtest1  (cost=0.43..48.13 rows=11 width=121)
	  Index Cond: ((id >= 8682941) AND (id <= 8682950))

table 2 : explain SELECT c FROM sbtest2 WHERE id BETWEEN 9334693 AND 9334702
	Index Scan using sbtest2_pkey on sbtest2  (cost=0.43..44.17 rows=10 width=121)
	  Index Cond: ((id >= 9334693) AND (id <= 9334702))

table 3 : explain SELECT c FROM sbtest3 WHERE id BETWEEN 5757310 AND 5757319
	Index Scan using sbtest3_pkey on sbtest3  (cost=0.43..44.15 rows=10 width=121)
	  Index Cond: ((id >= 5757310) AND (id <= 5757319))

table 4 : explain SELECT c FROM sbtest4 WHERE id BETWEEN 9558238 AND 9558247
	Index Scan using sbtest4_pkey on sbtest4  (cost=0.43..44.07 rows=10 width=121)
	  Index Cond: ((id >= 9558238) AND (id <= 9558247))

table 5 : explain SELECT c FROM sbtest5 WHERE id BETWEEN 70598 AND 70607
	Index Scan using sbtest5_pkey on sbtest5  (cost=0.43..40.09 rows=9 width=121)
	  Index Cond: ((id >= 70598) AND (id <= 70607))

table 6 : explain SELECT c FROM sbtest6 WHERE id BETWEEN 7823176 AND 7823185
	Index Scan using sbtest6_pkey on sbtest6  (cost=0.43..44.03 rows=10 width=121)
	  Index Cond: ((id >= 7823176) AND (id <= 7823185))

table 7 : explain SELECT c FROM sbtest7 WHERE id BETWEEN 4813778 AND 4813787
	Index Scan using sbtest7_pkey on sbtest7  (cost=0.43..44.00 rows=10 width=121)
	  Index Cond: ((id >= 4813778) AND (id <= 4813787))

table 8 : explain SELECT c FROM sbtest8 WHERE id BETWEEN 3649015 AND 3649024
	Index Scan using sbtest8_pkey on sbtest8  (cost=0.43..44.03 rows=10 width=121)
	  Index Cond: ((id >= 3649015) AND (id <= 3649024))

for: order_ranges
table 1 : explain SELECT c FROM sbtest1 WHERE id BETWEEN 4104100 AND 4104109 ORDER BY c
	Sort  (cost=40.34..40.36 rows=9 width=121)
	  Sort Key: c
	  ->  Index Scan using sbtest1_pkey on sbtest1  (cost=0.43..40.19 rows=9 width=121)
	        Index Cond: ((id >= 4104100) AND (id <= 4104109))

table 2 : explain SELECT c FROM sbtest2 WHERE id BETWEEN 3850761 AND 3850770 ORDER BY c
	Sort  (cost=44.34..44.36 rows=10 width=121)
	  Sort Key: c
	  ->  Index Scan using sbtest2_pkey on sbtest2  (cost=0.43..44.17 rows=10 width=121)
	        Index Cond: ((id >= 3850761) AND (id <= 3850770))

table 3 : explain SELECT c FROM sbtest3 WHERE id BETWEEN 57123 AND 57132 ORDER BY c
	Sort  (cost=44.32..44.34 rows=10 width=121)
	  Sort Key: c
	  ->  Index Scan using sbtest3_pkey on sbtest3  (cost=0.43..44.15 rows=10 width=121)
	        Index Cond: ((id >= 57123) AND (id <= 57132))

table 4 : explain SELECT c FROM sbtest4 WHERE id BETWEEN 3753834 AND 3753843 ORDER BY c
	Sort  (cost=40.25..40.27 rows=9 width=121)
	  Sort Key: c
	  ->  Index Scan using sbtest4_pkey on sbtest4  (cost=0.43..40.11 rows=9 width=121)
	        Index Cond: ((id >= 3753834) AND (id <= 3753843))

table 5 : explain SELECT c FROM sbtest5 WHERE id BETWEEN 9871401 AND 9871410 ORDER BY c
	Sort  (cost=44.22..44.24 rows=10 width=121)
	  Sort Key: c
	  ->  Index Scan using sbtest5_pkey on sbtest5  (cost=0.43..44.05 rows=10 width=121)
	        Index Cond: ((id >= 9871401) AND (id <= 9871410))

table 6 : explain SELECT c FROM sbtest6 WHERE id BETWEEN 6870073 AND 6870082 ORDER BY c
	Sort  (cost=44.19..44.22 rows=10 width=121)
	  Sort Key: c
	  ->  Index Scan using sbtest6_pkey on sbtest6  (cost=0.43..44.03 rows=10 width=121)
	        Index Cond: ((id >= 6870073) AND (id <= 6870082))

table 7 : explain SELECT c FROM sbtest7 WHERE id BETWEEN 1326725 AND 1326734 ORDER BY c
	Sort  (cost=48.14..48.17 rows=11 width=121)
	  Sort Key: c
	  ->  Index Scan using sbtest7_pkey on sbtest7  (cost=0.43..47.95 rows=11 width=121)
	        Index Cond: ((id >= 1326725) AND (id <= 1326734))

table 8 : explain SELECT c FROM sbtest8 WHERE id BETWEEN 5448868 AND 5448877 ORDER BY c
	Sort  (cost=44.19..44.22 rows=10 width=121)
	  Sort Key: c
	  ->  Index Scan using sbtest8_pkey on sbtest8  (cost=0.43..44.03 rows=10 width=121)
	        Index Cond: ((id >= 5448868) AND (id <= 5448877))

for point_selects
table 1 : explain SELECT c FROM sbtest1 WHERE id=9437786
	Index Scan using sbtest1_pkey on sbtest1  (cost=0.43..8.45 rows=1 width=121)
	  Index Cond: (id = 9437786)

table 2 : explain SELECT c FROM sbtest2 WHERE id=4530079
	Index Scan using sbtest2_pkey on sbtest2  (cost=0.43..8.45 rows=1 width=121)
	  Index Cond: (id = 4530079)

table 3 : explain SELECT c FROM sbtest3 WHERE id=7878580
	Index Scan using sbtest3_pkey on sbtest3  (cost=0.43..8.45 rows=1 width=121)
	  Index Cond: (id = 7878580)

table 4 : explain SELECT c FROM sbtest4 WHERE id=8375545
	Index Scan using sbtest4_pkey on sbtest4  (cost=0.43..8.45 rows=1 width=121)
	  Index Cond: (id = 8375545)

table 5 : explain SELECT c FROM sbtest5 WHERE id=3611194
	Index Scan using sbtest5_pkey on sbtest5  (cost=0.43..8.45 rows=1 width=121)
	  Index Cond: (id = 3611194)

table 6 : explain SELECT c FROM sbtest6 WHERE id=5991600
	Index Scan using sbtest6_pkey on sbtest6  (cost=0.43..8.45 rows=1 width=121)
	  Index Cond: (id = 5991600)

table 7 : explain SELECT c FROM sbtest7 WHERE id=7281281
	Index Scan using sbtest7_pkey on sbtest7  (cost=0.43..8.45 rows=1 width=121)
	  Index Cond: (id = 7281281)

table 8 : explain SELECT c FROM sbtest8 WHERE id=3870608
	Index Scan using sbtest8_pkey on sbtest8  (cost=0.43..8.45 rows=1 width=121)
	  Index Cond: (id = 3870608)

for: distinct_ranges
table 1 : explain SELECT DISTINCT c FROM sbtest1 WHERE id BETWEEN 444442 AND 444451 ORDER BY c
	Unique  (cost=40.34..40.38 rows=9 width=121)
	  ->  Sort  (cost=40.34..40.36 rows=9 width=121)
	        Sort Key: c
	        ->  Index Scan using sbtest1_pkey on sbtest1  (cost=0.43..40.19 rows=9 width=121)
	              Index Cond: ((id >= 444442) AND (id <= 444451))

table 2 : explain SELECT DISTINCT c FROM sbtest2 WHERE id BETWEEN 4211173 AND 4211182 ORDER BY c
	Unique  (cost=44.34..44.39 rows=10 width=121)
	  ->  Sort  (cost=44.34..44.36 rows=10 width=121)
	        Sort Key: c
	        ->  Index Scan using sbtest2_pkey on sbtest2  (cost=0.43..44.17 rows=10 width=121)
	              Index Cond: ((id >= 4211173) AND (id <= 4211182))

table 3 : explain SELECT DISTINCT c FROM sbtest3 WHERE id BETWEEN 5938384 AND 5938393 ORDER BY c
	Unique  (cost=44.32..44.37 rows=10 width=121)
	  ->  Sort  (cost=44.32..44.34 rows=10 width=121)
	        Sort Key: c
	        ->  Index Scan using sbtest3_pkey on sbtest3  (cost=0.43..44.15 rows=10 width=121)
	              Index Cond: ((id >= 5938384) AND (id <= 5938393))

table 4 : explain SELECT DISTINCT c FROM sbtest4 WHERE id BETWEEN 2880535 AND 2880544 ORDER BY c
	Unique  (cost=48.21..48.27 rows=11 width=121)
	  ->  Sort  (cost=48.21..48.24 rows=11 width=121)
	        Sort Key: c
	        ->  Index Scan using sbtest4_pkey on sbtest4  (cost=0.43..48.02 rows=11 width=121)
	              Index Cond: ((id >= 2880535) AND (id <= 2880544))

table 5 : explain SELECT DISTINCT c FROM sbtest5 WHERE id BETWEEN 7452358 AND 7452367 ORDER BY c
	Unique  (cost=40.24..40.28 rows=9 width=121)
	  ->  Sort  (cost=40.24..40.26 rows=9 width=121)
	        Sort Key: c
	        ->  Index Scan using sbtest5_pkey on sbtest5  (cost=0.43..40.09 rows=9 width=121)
	              Index Cond: ((id >= 7452358) AND (id <= 7452367))

table 6 : explain SELECT DISTINCT c FROM sbtest6 WHERE id BETWEEN 7013767 AND 7013776 ORDER BY c
	Unique  (cost=44.19..44.24 rows=10 width=121)
	  ->  Sort  (cost=44.19..44.22 rows=10 width=121)
	        Sort Key: c
	        ->  Index Scan using sbtest6_pkey on sbtest6  (cost=0.43..44.03 rows=10 width=121)
	              Index Cond: ((id >= 7013767) AND (id <= 7013776))

table 7 : explain SELECT DISTINCT c FROM sbtest7 WHERE id BETWEEN 2210848 AND 2210857 ORDER BY c
	Unique  (cost=40.19..40.24 rows=9 width=121)
	  ->  Sort  (cost=40.19..40.22 rows=9 width=121)
	        Sort Key: c
	        ->  Index Scan using sbtest7_pkey on sbtest7  (cost=0.43..40.05 rows=9 width=121)
	              Index Cond: ((id >= 2210848) AND (id <= 2210857))

table 8 : explain SELECT DISTINCT c FROM sbtest8 WHERE id BETWEEN 6466719 AND 6466728 ORDER BY c
	Unique  (cost=44.19..44.24 rows=10 width=121)
	  ->  Sort  (cost=44.19..44.22 rows=10 width=121)
	        Sort Key: c
	        ->  Index Scan using sbtest8_pkey on sbtest8  (cost=0.43..44.03 rows=10 width=121)
	              Index Cond: ((id >= 6466719) AND (id <= 6466728))

for: simple_ranges
table 1 : explain SELECT c FROM sbtest1 WHERE id BETWEEN 530355 AND 530364
	Index Scan using sbtest1_pkey on sbtest1  (cost=0.43..40.19 rows=9 width=121)
	  Index Cond: ((id >= 530355) AND (id <= 530364))

table 2 : explain SELECT c FROM sbtest2 WHERE id BETWEEN 968934 AND 968943
	Index Scan using sbtest2_pkey on sbtest2  (cost=0.43..44.17 rows=10 width=121)
	  Index Cond: ((id >= 968934) AND (id <= 968943))

table 3 : explain SELECT c FROM sbtest3 WHERE id BETWEEN 5837439 AND 5837448
	Index Scan using sbtest3_pkey on sbtest3  (cost=0.43..40.18 rows=9 width=121)
	  Index Cond: ((id >= 5837439) AND (id <= 5837448))

table 4 : explain SELECT c FROM sbtest4 WHERE id BETWEEN 2131654 AND 2131663
	Index Scan using sbtest4_pkey on sbtest4  (cost=0.43..44.07 rows=10 width=121)
	  Index Cond: ((id >= 2131654) AND (id <= 2131663))

table 5 : explain SELECT c FROM sbtest5 WHERE id BETWEEN 5731876 AND 5731885
	Index Scan using sbtest5_pkey on sbtest5  (cost=0.43..44.05 rows=10 width=121)
	  Index Cond: ((id >= 5731876) AND (id <= 5731885))

table 6 : explain SELECT c FROM sbtest6 WHERE id BETWEEN 5857170 AND 5857179
	Index Scan using sbtest6_pkey on sbtest6  (cost=0.43..44.03 rows=10 width=121)
	  Index Cond: ((id >= 5857170) AND (id <= 5857179))

table 7 : explain SELECT c FROM sbtest7 WHERE id BETWEEN 1242420 AND 1242429
	Index Scan using sbtest7_pkey on sbtest7  (cost=0.43..44.00 rows=10 width=121)
	  Index Cond: ((id >= 1242420) AND (id <= 1242429))

table 8 : explain SELECT c FROM sbtest8 WHERE id BETWEEN 8120896 AND 8120905
	Index Scan using sbtest8_pkey on sbtest8  (cost=0.43..44.03 rows=10 width=121)
	  Index Cond: ((id >= 8120896) AND (id <= 8120905))

for: order_ranges
table 1 : explain SELECT c FROM sbtest1 WHERE id BETWEEN 5016992 AND 5017001 ORDER BY c
	Sort  (cost=40.34..40.36 rows=9 width=121)
	  Sort Key: c
	  ->  Index Scan using sbtest1_pkey on sbtest1  (cost=0.43..40.19 rows=9 width=121)
	        Index Cond: ((id >= 5016992) AND (id <= 5017001))

table 2 : explain SELECT c FROM sbtest2 WHERE id BETWEEN 3824242 AND 3824251 ORDER BY c
	Sort  (cost=44.34..44.36 rows=10 width=121)
	  Sort Key: c
	  ->  Index Scan using sbtest2_pkey on sbtest2  (cost=0.43..44.17 rows=10 width=121)
	        Index Cond: ((id >= 3824242) AND (id <= 3824251))

table 3 : explain SELECT c FROM sbtest3 WHERE id BETWEEN 7857445 AND 7857454 ORDER BY c
	Sort  (cost=48.31..48.33 rows=11 width=121)
	  Sort Key: c
	  ->  Index Scan using sbtest3_pkey on sbtest3  (cost=0.43..48.12 rows=11 width=121)
	        Index Cond: ((id >= 7857445) AND (id <= 7857454))

table 4 : explain SELECT c FROM sbtest4 WHERE id BETWEEN 7371276 AND 7371285 ORDER BY c
	Sort  (cost=44.23..44.26 rows=10 width=121)
	  Sort Key: c
	  ->  Index Scan using sbtest4_pkey on sbtest4  (cost=0.43..44.07 rows=10 width=121)
	        Index Cond: ((id >= 7371276) AND (id <= 7371285))

table 5 : explain SELECT c FROM sbtest5 WHERE id BETWEEN 1885153 AND 1885162 ORDER BY c
	Sort  (cost=44.22..44.24 rows=10 width=121)
	  Sort Key: c
	  ->  Index Scan using sbtest5_pkey on sbtest5  (cost=0.43..44.05 rows=10 width=121)
	        Index Cond: ((id >= 1885153) AND (id <= 1885162))

table 6 : explain SELECT c FROM sbtest6 WHERE id BETWEEN 4209962 AND 4209971 ORDER BY c
	Sort  (cost=44.19..44.22 rows=10 width=121)
	  Sort Key: c
	  ->  Index Scan using sbtest6_pkey on sbtest6  (cost=0.43..44.03 rows=10 width=121)
	        Index Cond: ((id >= 4209962) AND (id <= 4209971))

table 7 : explain SELECT c FROM sbtest7 WHERE id BETWEEN 9766931 AND 9766940 ORDER BY c
	Sort  (cost=44.17..44.19 rows=10 width=121)
	  Sort Key: c
	  ->  Index Scan using sbtest7_pkey on sbtest7  (cost=0.43..44.00 rows=10 width=121)
	        Index Cond: ((id >= 9766931) AND (id <= 9766940))

table 8 : explain SELECT c FROM sbtest8 WHERE id BETWEEN 1341914 AND 1341923 ORDER BY c
	Sort  (cost=40.22..40.24 rows=9 width=121)
	  Sort Key: c
	  ->  Index Scan using sbtest8_pkey on sbtest8  (cost=0.43..40.07 rows=9 width=121)
	        Index Cond: ((id >= 1341914) AND (id <= 1341923))

explain: for point_selects :: explain SELECT c FROM sbtest%u WHERE id=%u
for: sum_ranges
table 1 : explain SELECT SUM(k) FROM sbtest1 WHERE id BETWEEN 4927324 AND 4927333
	Aggregate  (cost=48.16..48.17 rows=1 width=8)
	  ->  Index Scan using sbtest1_pkey on sbtest1  (cost=0.43..48.13 rows=11 width=4)
	        Index Cond: ((id >= 4927324) AND (id <= 4927333))

table 2 : explain SELECT SUM(k) FROM sbtest2 WHERE id BETWEEN 1949774 AND 1949783
	Aggregate  (cost=44.19..44.20 rows=1 width=8)
	  ->  Index Scan using sbtest2_pkey on sbtest2  (cost=0.43..44.17 rows=10 width=4)
	        Index Cond: ((id >= 1949774) AND (id <= 1949783))

table 3 : explain SELECT SUM(k) FROM sbtest3 WHERE id BETWEEN 8745956 AND 8745965
	Aggregate  (cost=44.17..44.18 rows=1 width=8)
	  ->  Index Scan using sbtest3_pkey on sbtest3  (cost=0.43..44.15 rows=10 width=4)
	        Index Cond: ((id >= 8745956) AND (id <= 8745965))

table 4 : explain SELECT SUM(k) FROM sbtest4 WHERE id BETWEEN 6457073 AND 6457082
	Aggregate  (cost=44.09..44.10 rows=1 width=8)
	  ->  Index Scan using sbtest4_pkey on sbtest4  (cost=0.43..44.07 rows=10 width=4)
	        Index Cond: ((id >= 6457073) AND (id <= 6457082))

table 5 : explain SELECT SUM(k) FROM sbtest5 WHERE id BETWEEN 5776406 AND 5776415
	Aggregate  (cost=44.07..44.08 rows=1 width=8)
	  ->  Index Scan using sbtest5_pkey on sbtest5  (cost=0.43..44.05 rows=10 width=4)
	        Index Cond: ((id >= 5776406) AND (id <= 5776415))

table 6 : explain SELECT SUM(k) FROM sbtest6 WHERE id BETWEEN 3240601 AND 3240610
	Aggregate  (cost=44.05..44.06 rows=1 width=8)
	  ->  Index Scan using sbtest6_pkey on sbtest6  (cost=0.43..44.03 rows=10 width=4)
	        Index Cond: ((id >= 3240601) AND (id <= 3240610))

table 7 : explain SELECT SUM(k) FROM sbtest7 WHERE id BETWEEN 7437184 AND 7437193
	Aggregate  (cost=44.02..44.03 rows=1 width=8)
	  ->  Index Scan using sbtest7_pkey on sbtest7  (cost=0.43..44.00 rows=10 width=4)
	        Index Cond: ((id >= 7437184) AND (id <= 7437193))

table 8 : explain SELECT SUM(k) FROM sbtest8 WHERE id BETWEEN 8210758 AND 8210767
	Aggregate  (cost=48.01..48.02 rows=1 width=8)
	  ->  Index Scan using sbtest8_pkey on sbtest8  (cost=0.43..47.98 rows=11 width=4)
	        Index Cond: ((id >= 8210758) AND (id <= 8210767))

for point_selects
table 1 : explain SELECT c FROM sbtest1 WHERE id=763624
	Index Scan using sbtest1_pkey on sbtest1  (cost=0.43..8.45 rows=1 width=121)
	  Index Cond: (id = 763624)

table 2 : explain SELECT c FROM sbtest2 WHERE id=40445
	Index Scan using sbtest2_pkey on sbtest2  (cost=0.43..8.45 rows=1 width=121)
	  Index Cond: (id = 40445)

table 3 : explain SELECT c FROM sbtest3 WHERE id=7322657
	Index Scan using sbtest3_pkey on sbtest3  (cost=0.43..8.45 rows=1 width=121)
	  Index Cond: (id = 7322657)

table 4 : explain SELECT c FROM sbtest4 WHERE id=9646601
	Index Scan using sbtest4_pkey on sbtest4  (cost=0.43..8.45 rows=1 width=121)
	  Index Cond: (id = 9646601)

table 5 : explain SELECT c FROM sbtest5 WHERE id=8520198
	Index Scan using sbtest5_pkey on sbtest5  (cost=0.43..8.45 rows=1 width=121)
	  Index Cond: (id = 8520198)

table 6 : explain SELECT c FROM sbtest6 WHERE id=1317083
	Index Scan using sbtest6_pkey on sbtest6  (cost=0.43..8.45 rows=1 width=121)
	  Index Cond: (id = 1317083)

table 7 : explain SELECT c FROM sbtest7 WHERE id=1009744
	Index Scan using sbtest7_pkey on sbtest7  (cost=0.43..8.45 rows=1 width=121)
	  Index Cond: (id = 1009744)

table 8 : explain SELECT c FROM sbtest8 WHERE id=6817844
	Index Scan using sbtest8_pkey on sbtest8  (cost=0.43..8.45 rows=1 width=121)
	  Index Cond: (id = 6817844)

for: order_ranges
table 1 : explain SELECT c FROM sbtest1 WHERE id BETWEEN 5652528 AND 5652537 ORDER BY c
	Sort  (cost=52.31..52.34 rows=12 width=121)
	  Sort Key: c
	  ->  Index Scan using sbtest1_pkey on sbtest1  (cost=0.43..52.10 rows=12 width=121)
	        Index Cond: ((id >= 5652528) AND (id <= 5652537))

table 2 : explain SELECT c FROM sbtest2 WHERE id BETWEEN 98282 AND 98291 ORDER BY c
	Sort  (cost=40.34..40.37 rows=9 width=121)
	  Sort Key: c
	  ->  Index Scan using sbtest2_pkey on sbtest2  (cost=0.43..40.20 rows=9 width=121)
	        Index Cond: ((id >= 98282) AND (id <= 98291))

table 3 : explain SELECT c FROM sbtest3 WHERE id BETWEEN 5080632 AND 5080641 ORDER BY c
	Sort  (cost=44.32..44.34 rows=10 width=121)
	  Sort Key: c
	  ->  Index Scan using sbtest3_pkey on sbtest3  (cost=0.43..44.15 rows=10 width=121)
	        Index Cond: ((id >= 5080632) AND (id <= 5080641))

table 4 : explain SELECT c FROM sbtest4 WHERE id BETWEEN 5398487 AND 5398496 ORDER BY c
	Sort  (cost=44.23..44.26 rows=10 width=121)
	  Sort Key: c
	  ->  Index Scan using sbtest4_pkey on sbtest4  (cost=0.43..44.07 rows=10 width=121)
	        Index Cond: ((id >= 5398487) AND (id <= 5398496))

table 5 : explain SELECT c FROM sbtest5 WHERE id BETWEEN 5185017 AND 5185026 ORDER BY c
	Sort  (cost=40.24..40.26 rows=9 width=121)
	  Sort Key: c
	  ->  Index Scan using sbtest5_pkey on sbtest5  (cost=0.43..40.09 rows=9 width=121)
	        Index Cond: ((id >= 5185017) AND (id <= 5185026))

table 6 : explain SELECT c FROM sbtest6 WHERE id BETWEEN 7850255 AND 7850264 ORDER BY c
	Sort  (cost=44.19..44.22 rows=10 width=121)
	  Sort Key: c
	  ->  Index Scan using sbtest6_pkey on sbtest6  (cost=0.43..44.03 rows=10 width=121)
	        Index Cond: ((id >= 7850255) AND (id <= 7850264))

table 7 : explain SELECT c FROM sbtest7 WHERE id BETWEEN 1543998 AND 1544007 ORDER BY c
	Sort  (cost=44.17..44.19 rows=10 width=121)
	  Sort Key: c
	  ->  Index Scan using sbtest7_pkey on sbtest7  (cost=0.43..44.00 rows=10 width=121)
	        Index Cond: ((id >= 1543998) AND (id <= 1544007))

table 8 : explain SELECT c FROM sbtest8 WHERE id BETWEEN 5730382 AND 5730391 ORDER BY c
	Sort  (cost=48.17..48.20 rows=11 width=121)
	  Sort Key: c
	  ->  Index Scan using sbtest8_pkey on sbtest8  (cost=0.43..47.98 rows=11 width=121)
	        Index Cond: ((id >= 5730382) AND (id <= 5730391))

for: simple_ranges
table 1 : explain SELECT c FROM sbtest1 WHERE id BETWEEN 3900672 AND 3900681
	Index Scan using sbtest1_pkey on sbtest1  (cost=0.43..48.13 rows=11 width=121)
	  Index Cond: ((id >= 3900672) AND (id <= 3900681))

table 2 : explain SELECT c FROM sbtest2 WHERE id BETWEEN 4197000 AND 4197009
	Index Scan using sbtest2_pkey on sbtest2  (cost=0.43..44.17 rows=10 width=121)
	  Index Cond: ((id >= 4197000) AND (id <= 4197009))

table 3 : explain SELECT c FROM sbtest3 WHERE id BETWEEN 8055492 AND 8055501
	Index Scan using sbtest3_pkey on sbtest3  (cost=0.43..44.15 rows=10 width=121)
	  Index Cond: ((id >= 8055492) AND (id <= 8055501))

table 4 : explain SELECT c FROM sbtest4 WHERE id BETWEEN 7843998 AND 7844007
	Index Scan using sbtest4_pkey on sbtest4  (cost=0.43..44.07 rows=10 width=121)
	  Index Cond: ((id >= 7843998) AND (id <= 7844007))

table 5 : explain SELECT c FROM sbtest5 WHERE id BETWEEN 2631811 AND 2631820
	Index Scan using sbtest5_pkey on sbtest5  (cost=0.43..44.05 rows=10 width=121)
	  Index Cond: ((id >= 2631811) AND (id <= 2631820))

table 6 : explain SELECT c FROM sbtest6 WHERE id BETWEEN 322062 AND 322071
	Index Scan using sbtest6_pkey on sbtest6  (cost=0.43..40.07 rows=9 width=121)
	  Index Cond: ((id >= 322062) AND (id <= 322071))

table 7 : explain SELECT c FROM sbtest7 WHERE id BETWEEN 4297809 AND 4297818
	Index Scan using sbtest7_pkey on sbtest7  (cost=0.43..44.00 rows=10 width=121)
	  Index Cond: ((id >= 4297809) AND (id <= 4297818))

table 8 : explain SELECT c FROM sbtest8 WHERE id BETWEEN 8439346 AND 8439355
	Index Scan using sbtest8_pkey on sbtest8  (cost=0.43..44.03 rows=10 width=121)
	  Index Cond: ((id >= 8439346) AND (id <= 8439355))

explain: for point_selects :: explain SELECT c FROM sbtest%u WHERE id=%u
for: distinct_ranges
table 1 : explain SELECT DISTINCT c FROM sbtest1 WHERE id BETWEEN 8314161 AND 8314170 ORDER BY c
	Unique  (cost=48.32..48.38 rows=11 width=121)
	  ->  Sort  (cost=48.32..48.35 rows=11 width=121)
	        Sort Key: c
	        ->  Index Scan using sbtest1_pkey on sbtest1  (cost=0.43..48.13 rows=11 width=121)
	              Index Cond: ((id >= 8314161) AND (id <= 8314170))

table 2 : explain SELECT DISTINCT c FROM sbtest2 WHERE id BETWEEN 1373098 AND 1373107 ORDER BY c
	Unique  (cost=44.34..44.39 rows=10 width=121)
	  ->  Sort  (cost=44.34..44.36 rows=10 width=121)
	        Sort Key: c
	        ->  Index Scan using sbtest2_pkey on sbtest2  (cost=0.43..44.17 rows=10 width=121)
	              Index Cond: ((id >= 1373098) AND (id <= 1373107))

table 3 : explain SELECT DISTINCT c FROM sbtest3 WHERE id BETWEEN 7495857 AND 7495866 ORDER BY c
	Unique  (cost=44.32..44.37 rows=10 width=121)
	  ->  Sort  (cost=44.32..44.34 rows=10 width=121)
	        Sort Key: c
	        ->  Index Scan using sbtest3_pkey on sbtest3  (cost=0.43..44.15 rows=10 width=121)
	              Index Cond: ((id >= 7495857) AND (id <= 7495866))

table 4 : explain SELECT DISTINCT c FROM sbtest4 WHERE id BETWEEN 2309915 AND 2309924 ORDER BY c
	Unique  (cost=44.23..44.28 rows=10 width=121)
	  ->  Sort  (cost=44.23..44.26 rows=10 width=121)
	        Sort Key: c
	        ->  Index Scan using sbtest4_pkey on sbtest4  (cost=0.43..44.07 rows=10 width=121)
	              Index Cond: ((id >= 2309915) AND (id <= 2309924))

table 5 : explain SELECT DISTINCT c FROM sbtest5 WHERE id BETWEEN 8373316 AND 8373325 ORDER BY c
	Unique  (cost=44.22..44.27 rows=10 width=121)
	  ->  Sort  (cost=44.22..44.24 rows=10 width=121)
	        Sort Key: c
	        ->  Index Scan using sbtest5_pkey on sbtest5  (cost=0.43..44.05 rows=10 width=121)
	              Index Cond: ((id >= 8373316) AND (id <= 8373325))

table 6 : explain SELECT DISTINCT c FROM sbtest6 WHERE id BETWEEN 83796 AND 83805 ORDER BY c
	Unique  (cost=44.19..44.24 rows=10 width=121)
	  ->  Sort  (cost=44.19..44.22 rows=10 width=121)
	        Sort Key: c
	        ->  Index Scan using sbtest6_pkey on sbtest6  (cost=0.43..44.03 rows=10 width=121)
	              Index Cond: ((id >= 83796) AND (id <= 83805))

table 7 : explain SELECT DISTINCT c FROM sbtest7 WHERE id BETWEEN 2427925 AND 2427934 ORDER BY c
	Unique  (cost=44.17..44.22 rows=10 width=121)
	  ->  Sort  (cost=44.17..44.19 rows=10 width=121)
	        Sort Key: c
	        ->  Index Scan using sbtest7_pkey on sbtest7  (cost=0.43..44.00 rows=10 width=121)
	              Index Cond: ((id >= 2427925) AND (id <= 2427934))

table 8 : explain SELECT DISTINCT c FROM sbtest8 WHERE id BETWEEN 4352065 AND 4352074 ORDER BY c
	Unique  (cost=44.19..44.24 rows=10 width=121)
	  ->  Sort  (cost=44.19..44.22 rows=10 width=121)
	        Sort Key: c
	        ->  Index Scan using sbtest8_pkey on sbtest8  (cost=0.43..44.03 rows=10 width=121)
	              Index Cond: ((id >= 4352065) AND (id <= 4352074))

for: sum_ranges
table 1 : explain SELECT SUM(k) FROM sbtest1 WHERE id BETWEEN 8830067 AND 8830076
	Aggregate  (cost=44.19..44.20 rows=1 width=8)
	  ->  Index Scan using sbtest1_pkey on sbtest1  (cost=0.43..44.16 rows=10 width=4)
	        Index Cond: ((id >= 8830067) AND (id <= 8830076))

table 2 : explain SELECT SUM(k) FROM sbtest2 WHERE id BETWEEN 2454679 AND 2454688
	Aggregate  (cost=44.19..44.20 rows=1 width=8)
	  ->  Index Scan using sbtest2_pkey on sbtest2  (cost=0.43..44.17 rows=10 width=4)
	        Index Cond: ((id >= 2454679) AND (id <= 2454688))

table 3 : explain SELECT SUM(k) FROM sbtest3 WHERE id BETWEEN 9495838 AND 9495847
	Aggregate  (cost=44.17..44.18 rows=1 width=8)
	  ->  Index Scan using sbtest3_pkey on sbtest3  (cost=0.43..44.15 rows=10 width=4)
	        Index Cond: ((id >= 9495838) AND (id <= 9495847))

table 4 : explain SELECT SUM(k) FROM sbtest4 WHERE id BETWEEN 3483859 AND 3483868
	Aggregate  (cost=44.09..44.10 rows=1 width=8)
	  ->  Index Scan using sbtest4_pkey on sbtest4  (cost=0.43..44.07 rows=10 width=4)
	        Index Cond: ((id >= 3483859) AND (id <= 3483868))

table 5 : explain SELECT SUM(k) FROM sbtest5 WHERE id BETWEEN 1503138 AND 1503147
	Aggregate  (cost=44.07..44.08 rows=1 width=8)
	  ->  Index Scan using sbtest5_pkey on sbtest5  (cost=0.43..44.05 rows=10 width=4)
	        Index Cond: ((id >= 1503138) AND (id <= 1503147))

table 6 : explain SELECT SUM(k) FROM sbtest6 WHERE id BETWEEN 4063896 AND 4063905
	Aggregate  (cost=44.05..44.06 rows=1 width=8)
	  ->  Index Scan using sbtest6_pkey on sbtest6  (cost=0.43..44.03 rows=10 width=4)
	        Index Cond: ((id >= 4063896) AND (id <= 4063905))

table 7 : explain SELECT SUM(k) FROM sbtest7 WHERE id BETWEEN 7895963 AND 7895972
	Aggregate  (cost=44.02..44.03 rows=1 width=8)
	  ->  Index Scan using sbtest7_pkey on sbtest7  (cost=0.43..44.00 rows=10 width=4)
	        Index Cond: ((id >= 7895963) AND (id <= 7895972))

table 8 : explain SELECT SUM(k) FROM sbtest8 WHERE id BETWEEN 2324273 AND 2324282
	Aggregate  (cost=44.05..44.06 rows=1 width=8)
	  ->  Index Scan using sbtest8_pkey on sbtest8  (cost=0.43..44.03 rows=10 width=4)
	        Index Cond: ((id >= 2324273) AND (id <= 2324282))

for point_selects
table 1 : explain SELECT c FROM sbtest1 WHERE id=4130052
	Index Scan using sbtest1_pkey on sbtest1  (cost=0.43..8.45 rows=1 width=121)
	  Index Cond: (id = 4130052)

table 2 : explain SELECT c FROM sbtest2 WHERE id=9018127
	Index Scan using sbtest2_pkey on sbtest2  (cost=0.43..8.45 rows=1 width=121)
	  Index Cond: (id = 9018127)

table 3 : explain SELECT c FROM sbtest3 WHERE id=8010283
	Index Scan using sbtest3_pkey on sbtest3  (cost=0.43..8.45 rows=1 width=121)
	  Index Cond: (id = 8010283)

table 4 : explain SELECT c FROM sbtest4 WHERE id=2548327
	Index Scan using sbtest4_pkey on sbtest4  (cost=0.43..8.45 rows=1 width=121)
	  Index Cond: (id = 2548327)

table 5 : explain SELECT c FROM sbtest5 WHERE id=3135530
	Index Scan using sbtest5_pkey on sbtest5  (cost=0.43..8.45 rows=1 width=121)
	  Index Cond: (id = 3135530)

table 6 : explain SELECT c FROM sbtest6 WHERE id=1801375
	Index Scan using sbtest6_pkey on sbtest6  (cost=0.43..8.45 rows=1 width=121)
	  Index Cond: (id = 1801375)

table 7 : explain SELECT c FROM sbtest7 WHERE id=2327781
	Index Scan using sbtest7_pkey on sbtest7  (cost=0.43..8.45 rows=1 width=121)
	  Index Cond: (id = 2327781)

table 8 : explain SELECT c FROM sbtest8 WHERE id=5385118
	Index Scan using sbtest8_pkey on sbtest8  (cost=0.43..8.45 rows=1 width=121)
	  Index Cond: (id = 5385118)

for: distinct_ranges
table 1 : explain SELECT DISTINCT c FROM sbtest1 WHERE id BETWEEN 4361911 AND 4361920 ORDER BY c
	Unique  (cost=44.33..44.38 rows=10 width=121)
	  ->  Sort  (cost=44.33..44.35 rows=10 width=121)
	        Sort Key: c
	        ->  Index Scan using sbtest1_pkey on sbtest1  (cost=0.43..44.16 rows=10 width=121)
	              Index Cond: ((id >= 4361911) AND (id <= 4361920))

table 2 : explain SELECT DISTINCT c FROM sbtest2 WHERE id BETWEEN 2188779 AND 2188788 ORDER BY c
	Unique  (cost=40.34..40.39 rows=9 width=121)
	  ->  Sort  (cost=40.34..40.37 rows=9 width=121)
	        Sort Key: c
	        ->  Index Scan using sbtest2_pkey on sbtest2  (cost=0.43..40.20 rows=9 width=121)
	              Index Cond: ((id >= 2188779) AND (id <= 2188788))

table 3 : explain SELECT DISTINCT c FROM sbtest3 WHERE id BETWEEN 7742241 AND 7742250 ORDER BY c
	Unique  (cost=44.32..44.37 rows=10 width=121)
	  ->  Sort  (cost=44.32..44.34 rows=10 width=121)
	        Sort Key: c
	        ->  Index Scan using sbtest3_pkey on sbtest3  (cost=0.43..44.15 rows=10 width=121)
	              Index Cond: ((id >= 7742241) AND (id <= 7742250))

table 4 : explain SELECT DISTINCT c FROM sbtest4 WHERE id BETWEEN 5095092 AND 5095101 ORDER BY c
	Unique  (cost=44.23..44.28 rows=10 width=121)
	  ->  Sort  (cost=44.23..44.26 rows=10 width=121)
	        Sort Key: c
	        ->  Index Scan using sbtest4_pkey on sbtest4  (cost=0.43..44.07 rows=10 width=121)
	              Index Cond: ((id >= 5095092) AND (id <= 5095101))

table 5 : explain SELECT DISTINCT c FROM sbtest5 WHERE id BETWEEN 8421239 AND 8421248 ORDER BY c
	Unique  (cost=40.24..40.28 rows=9 width=121)
	  ->  Sort  (cost=40.24..40.26 rows=9 width=121)
	        Sort Key: c
	        ->  Index Scan using sbtest5_pkey on sbtest5  (cost=0.43..40.09 rows=9 width=121)
	              Index Cond: ((id >= 8421239) AND (id <= 8421248))

table 6 : explain SELECT DISTINCT c FROM sbtest6 WHERE id BETWEEN 5521409 AND 5521418 ORDER BY c
	Unique  (cost=44.19..44.24 rows=10 width=121)
	  ->  Sort  (cost=44.19..44.22 rows=10 width=121)
	        Sort Key: c
	        ->  Index Scan using sbtest6_pkey on sbtest6  (cost=0.43..44.03 rows=10 width=121)
	              Index Cond: ((id >= 5521409) AND (id <= 5521418))

table 7 : explain SELECT DISTINCT c FROM sbtest7 WHERE id BETWEEN 1189709 AND 1189718 ORDER BY c
	Unique  (cost=44.17..44.22 rows=10 width=121)
	  ->  Sort  (cost=44.17..44.19 rows=10 width=121)
	        Sort Key: c
	        ->  Index Scan using sbtest7_pkey on sbtest7  (cost=0.43..44.00 rows=10 width=121)
	              Index Cond: ((id >= 1189709) AND (id <= 1189718))

table 8 : explain SELECT DISTINCT c FROM sbtest8 WHERE id BETWEEN 1566535 AND 1566544 ORDER BY c
	Unique  (cost=48.17..48.23 rows=11 width=121)
	  ->  Sort  (cost=48.17..48.20 rows=11 width=121)
	        Sort Key: c
	        ->  Index Scan using sbtest8_pkey on sbtest8  (cost=0.43..47.98 rows=11 width=121)
	              Index Cond: ((id >= 1566535) AND (id <= 1566544))

for: order_ranges
table 1 : explain SELECT c FROM sbtest1 WHERE id BETWEEN 5886296 AND 5886305 ORDER BY c
	Sort  (cost=44.33..44.35 rows=10 width=121)
	  Sort Key: c
	  ->  Index Scan using sbtest1_pkey on sbtest1  (cost=0.43..44.16 rows=10 width=121)
	        Index Cond: ((id >= 5886296) AND (id <= 5886305))

table 2 : explain SELECT c FROM sbtest2 WHERE id BETWEEN 4379163 AND 4379172 ORDER BY c
	Sort  (cost=40.34..40.37 rows=9 width=121)
	  Sort Key: c
	  ->  Index Scan using sbtest2_pkey on sbtest2  (cost=0.43..40.20 rows=9 width=121)
	        Index Cond: ((id >= 4379163) AND (id <= 4379172))

table 3 : explain SELECT c FROM sbtest3 WHERE id BETWEEN 8549722 AND 8549731 ORDER BY c
	Sort  (cost=44.32..44.34 rows=10 width=121)
	  Sort Key: c
	  ->  Index Scan using sbtest3_pkey on sbtest3  (cost=0.43..44.15 rows=10 width=121)
	        Index Cond: ((id >= 8549722) AND (id <= 8549731))

table 4 : explain SELECT c FROM sbtest4 WHERE id BETWEEN 6785978 AND 6785987 ORDER BY c
	Sort  (cost=44.23..44.26 rows=10 width=121)
	  Sort Key: c
	  ->  Index Scan using sbtest4_pkey on sbtest4  (cost=0.43..44.07 rows=10 width=121)
	        Index Cond: ((id >= 6785978) AND (id <= 6785987))

table 5 : explain SELECT c FROM sbtest5 WHERE id BETWEEN 5645674 AND 5645683 ORDER BY c
	Sort  (cost=40.24..40.26 rows=9 width=121)
	  Sort Key: c
	  ->  Index Scan using sbtest5_pkey on sbtest5  (cost=0.43..40.09 rows=9 width=121)
	        Index Cond: ((id >= 5645674) AND (id <= 5645683))

table 6 : explain SELECT c FROM sbtest6 WHERE id BETWEEN 5916786 AND 5916795 ORDER BY c
	Sort  (cost=44.19..44.22 rows=10 width=121)
	  Sort Key: c
	  ->  Index Scan using sbtest6_pkey on sbtest6  (cost=0.43..44.03 rows=10 width=121)
	        Index Cond: ((id >= 5916786) AND (id <= 5916795))

table 7 : explain SELECT c FROM sbtest7 WHERE id BETWEEN 6922704 AND 6922713 ORDER BY c
	Sort  (cost=40.19..40.22 rows=9 width=121)
	  Sort Key: c
	  ->  Index Scan using sbtest7_pkey on sbtest7  (cost=0.43..40.05 rows=9 width=121)
	        Index Cond: ((id >= 6922704) AND (id <= 6922713))

table 8 : explain SELECT c FROM sbtest8 WHERE id BETWEEN 7890388 AND 7890397 ORDER BY c
	Sort  (cost=48.17..48.20 rows=11 width=121)
	  Sort Key: c
	  ->  Index Scan using sbtest8_pkey on sbtest8  (cost=0.43..47.98 rows=11 width=121)
	        Index Cond: ((id >= 7890388) AND (id <= 7890397))

for: sum_ranges
table 1 : explain SELECT SUM(k) FROM sbtest1 WHERE id BETWEEN 1243238 AND 1243247
	Aggregate  (cost=44.19..44.20 rows=1 width=8)
	  ->  Index Scan using sbtest1_pkey on sbtest1  (cost=0.43..44.16 rows=10 width=4)
	        Index Cond: ((id >= 1243238) AND (id <= 1243247))

table 2 : explain SELECT SUM(k) FROM sbtest2 WHERE id BETWEEN 1254663 AND 1254672
	Aggregate  (cost=44.19..44.20 rows=1 width=8)
	  ->  Index Scan using sbtest2_pkey on sbtest2  (cost=0.43..44.17 rows=10 width=4)
	        Index Cond: ((id >= 1254663) AND (id <= 1254672))

table 3 : explain SELECT SUM(k) FROM sbtest3 WHERE id BETWEEN 1079829 AND 1079838
	Aggregate  (cost=44.17..44.18 rows=1 width=8)
	  ->  Index Scan using sbtest3_pkey on sbtest3  (cost=0.43..44.15 rows=10 width=4)
	        Index Cond: ((id >= 1079829) AND (id <= 1079838))

table 4 : explain SELECT SUM(k) FROM sbtest4 WHERE id BETWEEN 3004623 AND 3004632
	Aggregate  (cost=44.09..44.10 rows=1 width=8)
	  ->  Index Scan using sbtest4_pkey on sbtest4  (cost=0.43..44.07 rows=10 width=4)
	        Index Cond: ((id >= 3004623) AND (id <= 3004632))

table 5 : explain SELECT SUM(k) FROM sbtest5 WHERE id BETWEEN 1820155 AND 1820164
	Aggregate  (cost=44.07..44.08 rows=1 width=8)
	  ->  Index Scan using sbtest5_pkey on sbtest5  (cost=0.43..44.05 rows=10 width=4)
	        Index Cond: ((id >= 1820155) AND (id <= 1820164))

table 6 : explain SELECT SUM(k) FROM sbtest6 WHERE id BETWEEN 2697927 AND 2697936
	Aggregate  (cost=44.05..44.06 rows=1 width=8)
	  ->  Index Scan using sbtest6_pkey on sbtest6  (cost=0.43..44.03 rows=10 width=4)
	        Index Cond: ((id >= 2697927) AND (id <= 2697936))

table 7 : explain SELECT SUM(k) FROM sbtest7 WHERE id BETWEEN 7094049 AND 7094058
	Aggregate  (cost=44.02..44.03 rows=1 width=8)
	  ->  Index Scan using sbtest7_pkey on sbtest7  (cost=0.43..44.00 rows=10 width=4)
	        Index Cond: ((id >= 7094049) AND (id <= 7094058))

table 8 : explain SELECT SUM(k) FROM sbtest8 WHERE id BETWEEN 1160766 AND 1160775
	Aggregate  (cost=44.05..44.06 rows=1 width=8)
	  ->  Index Scan using sbtest8_pkey on sbtest8  (cost=0.43..44.03 rows=10 width=4)
	        Index Cond: ((id >= 1160766) AND (id <= 1160775))

explain: for point_selects :: explain SELECT c FROM sbtest%u WHERE id=%u
for point_selects
table 1 : explain SELECT c FROM sbtest1 WHERE id=4860262
	Index Scan using sbtest1_pkey on sbtest1  (cost=0.43..8.45 rows=1 width=121)
	  Index Cond: (id = 4860262)

table 2 : explain SELECT c FROM sbtest2 WHERE id=5809040
	Index Scan using sbtest2_pkey on sbtest2  (cost=0.43..8.45 rows=1 width=121)
	  Index Cond: (id = 5809040)

table 3 : explain SELECT c FROM sbtest3 WHERE id=493006
	Index Scan using sbtest3_pkey on sbtest3  (cost=0.43..8.45 rows=1 width=121)
	  Index Cond: (id = 493006)

table 4 : explain SELECT c FROM sbtest4 WHERE id=4936327
	Index Scan using sbtest4_pkey on sbtest4  (cost=0.43..8.45 rows=1 width=121)
	  Index Cond: (id = 4936327)

table 5 : explain SELECT c FROM sbtest5 WHERE id=5818771
	Index Scan using sbtest5_pkey on sbtest5  (cost=0.43..8.45 rows=1 width=121)
	  Index Cond: (id = 5818771)

table 6 : explain SELECT c FROM sbtest6 WHERE id=7703093
	Index Scan using sbtest6_pkey on sbtest6  (cost=0.43..8.45 rows=1 width=121)
	  Index Cond: (id = 7703093)

table 7 : explain SELECT c FROM sbtest7 WHERE id=8979397
	Index Scan using sbtest7_pkey on sbtest7  (cost=0.43..8.45 rows=1 width=121)
	  Index Cond: (id = 8979397)

table 8 : explain SELECT c FROM sbtest8 WHERE id=3654628
	Index Scan using sbtest8_pkey on sbtest8  (cost=0.43..8.45 rows=1 width=121)
	  Index Cond: (id = 3654628)

for: simple_ranges
table 1 : explain SELECT c FROM sbtest1 WHERE id BETWEEN 1125754 AND 1125763
	Index Scan using sbtest1_pkey on sbtest1  (cost=0.43..48.13 rows=11 width=121)
	  Index Cond: ((id >= 1125754) AND (id <= 1125763))

table 2 : explain SELECT c FROM sbtest2 WHERE id BETWEEN 6315273 AND 6315282
	Index Scan using sbtest2_pkey on sbtest2  (cost=0.43..44.17 rows=10 width=121)
	  Index Cond: ((id >= 6315273) AND (id <= 6315282))

table 3 : explain SELECT c FROM sbtest3 WHERE id BETWEEN 3225510 AND 3225519
	Index Scan using sbtest3_pkey on sbtest3  (cost=0.43..44.15 rows=10 width=121)
	  Index Cond: ((id >= 3225510) AND (id <= 3225519))

table 4 : explain SELECT c FROM sbtest4 WHERE id BETWEEN 5810830 AND 5810839
	Index Scan using sbtest4_pkey on sbtest4  (cost=0.43..44.07 rows=10 width=121)
	  Index Cond: ((id >= 5810830) AND (id <= 5810839))

table 5 : explain SELECT c FROM sbtest5 WHERE id BETWEEN 4875140 AND 4875149
	Index Scan using sbtest5_pkey on sbtest5  (cost=0.43..44.05 rows=10 width=121)
	  Index Cond: ((id >= 4875140) AND (id <= 4875149))

table 6 : explain SELECT c FROM sbtest6 WHERE id BETWEEN 694390 AND 694399
	Index Scan using sbtest6_pkey on sbtest6  (cost=0.43..44.03 rows=10 width=121)
	  Index Cond: ((id >= 694390) AND (id <= 694399))

table 7 : explain SELECT c FROM sbtest7 WHERE id BETWEEN 1216149 AND 1216158
	Index Scan using sbtest7_pkey on sbtest7  (cost=0.43..44.00 rows=10 width=121)
	  Index Cond: ((id >= 1216149) AND (id <= 1216158))

table 8 : explain SELECT c FROM sbtest8 WHERE id BETWEEN 3441365 AND 3441374
	Index Scan using sbtest8_pkey on sbtest8  (cost=0.43..47.98 rows=11 width=121)
	  Index Cond: ((id >= 3441365) AND (id <= 3441374))

for: distinct_ranges
table 1 : explain SELECT DISTINCT c FROM sbtest1 WHERE id BETWEEN 2342008 AND 2342017 ORDER BY c
	Unique  (cost=40.34..40.38 rows=9 width=121)
	  ->  Sort  (cost=40.34..40.36 rows=9 width=121)
	        Sort Key: c
	        ->  Index Scan using sbtest1_pkey on sbtest1  (cost=0.43..40.19 rows=9 width=121)
	              Index Cond: ((id >= 2342008) AND (id <= 2342017))

table 2 : explain SELECT DISTINCT c FROM sbtest2 WHERE id BETWEEN 1031485 AND 1031494 ORDER BY c
	Unique  (cost=44.34..44.39 rows=10 width=121)
	  ->  Sort  (cost=44.34..44.36 rows=10 width=121)
	        Sort Key: c
	        ->  Index Scan using sbtest2_pkey on sbtest2  (cost=0.43..44.17 rows=10 width=121)
	              Index Cond: ((id >= 1031485) AND (id <= 1031494))

table 3 : explain SELECT DISTINCT c FROM sbtest3 WHERE id BETWEEN 3931847 AND 3931856 ORDER BY c
	Unique  (cost=48.31..48.36 rows=11 width=121)
	  ->  Sort  (cost=48.31..48.33 rows=11 width=121)
	        Sort Key: c
	        ->  Index Scan using sbtest3_pkey on sbtest3  (cost=0.43..48.12 rows=11 width=121)
	              Index Cond: ((id >= 3931847) AND (id <= 3931856))

table 4 : explain SELECT DISTINCT c FROM sbtest4 WHERE id BETWEEN 9940858 AND 9940867 ORDER BY c
	Unique  (cost=48.21..48.27 rows=11 width=121)
	  ->  Sort  (cost=48.21..48.24 rows=11 width=121)
	        Sort Key: c
	        ->  Index Scan using sbtest4_pkey on sbtest4  (cost=0.43..48.02 rows=11 width=121)
	              Index Cond: ((id >= 9940858) AND (id <= 9940867))

table 5 : explain SELECT DISTINCT c FROM sbtest5 WHERE id BETWEEN 1209355 AND 1209364 ORDER BY c
	Unique  (cost=44.22..44.27 rows=10 width=121)
	  ->  Sort  (cost=44.22..44.24 rows=10 width=121)
	        Sort Key: c
	        ->  Index Scan using sbtest5_pkey on sbtest5  (cost=0.43..44.05 rows=10 width=121)
	              Index Cond: ((id >= 1209355) AND (id <= 1209364))

table 6 : explain SELECT DISTINCT c FROM sbtest6 WHERE id BETWEEN 6465682 AND 6465691 ORDER BY c
	Unique  (cost=44.19..44.24 rows=10 width=121)
	  ->  Sort  (cost=44.19..44.22 rows=10 width=121)
	        Sort Key: c
	        ->  Index Scan using sbtest6_pkey on sbtest6  (cost=0.43..44.03 rows=10 width=121)
	              Index Cond: ((id >= 6465682) AND (id <= 6465691))

table 7 : explain SELECT DISTINCT c FROM sbtest7 WHERE id BETWEEN 5077686 AND 5077695 ORDER BY c
	Unique  (cost=44.17..44.22 rows=10 width=121)
	  ->  Sort  (cost=44.17..44.19 rows=10 width=121)
	        Sort Key: c
	        ->  Index Scan using sbtest7_pkey on sbtest7  (cost=0.43..44.00 rows=10 width=121)
	              Index Cond: ((id >= 5077686) AND (id <= 5077695))

table 8 : explain SELECT DISTINCT c FROM sbtest8 WHERE id BETWEEN 7553337 AND 7553346 ORDER BY c
	Unique  (cost=44.19..44.24 rows=10 width=121)
	  ->  Sort  (cost=44.19..44.22 rows=10 width=121)
	        Sort Key: c
	        ->  Index Scan using sbtest8_pkey on sbtest8  (cost=0.43..44.03 rows=10 width=121)
	              Index Cond: ((id >= 7553337) AND (id <= 7553346))

for: sum_ranges
table 1 : explain SELECT SUM(k) FROM sbtest1 WHERE id BETWEEN 2281138 AND 2281147
	Aggregate  (cost=44.19..44.20 rows=1 width=8)
	  ->  Index Scan using sbtest1_pkey on sbtest1  (cost=0.43..44.16 rows=10 width=4)
	        Index Cond: ((id >= 2281138) AND (id <= 2281147))

table 2 : explain SELECT SUM(k) FROM sbtest2 WHERE id BETWEEN 5373406 AND 5373415
	Aggregate  (cost=48.17..48.18 rows=1 width=8)
	  ->  Index Scan using sbtest2_pkey on sbtest2  (cost=0.43..48.14 rows=11 width=4)
	        Index Cond: ((id >= 5373406) AND (id <= 5373415))

table 3 : explain SELECT SUM(k) FROM sbtest3 WHERE id BETWEEN 6865830 AND 6865839
	Aggregate  (cost=44.17..44.18 rows=1 width=8)
	  ->  Index Scan using sbtest3_pkey on sbtest3  (cost=0.43..44.15 rows=10 width=4)
	        Index Cond: ((id >= 6865830) AND (id <= 6865839))

table 4 : explain SELECT SUM(k) FROM sbtest4 WHERE id BETWEEN 1343700 AND 1343709
	Aggregate  (cost=40.13..40.14 rows=1 width=8)
	  ->  Index Scan using sbtest4_pkey on sbtest4  (cost=0.43..40.11 rows=9 width=4)
	        Index Cond: ((id >= 1343700) AND (id <= 1343709))

table 5 : explain SELECT SUM(k) FROM sbtest5 WHERE id BETWEEN 3539036 AND 3539045
	Aggregate  (cost=40.12..40.13 rows=1 width=8)
	  ->  Index Scan using sbtest5_pkey on sbtest5  (cost=0.43..40.09 rows=9 width=4)
	        Index Cond: ((id >= 3539036) AND (id <= 3539045))

table 6 : explain SELECT SUM(k) FROM sbtest6 WHERE id BETWEEN 5746326 AND 5746335
	Aggregate  (cost=44.05..44.06 rows=1 width=8)
	  ->  Index Scan using sbtest6_pkey on sbtest6  (cost=0.43..44.03 rows=10 width=4)
	        Index Cond: ((id >= 5746326) AND (id <= 5746335))

table 7 : explain SELECT SUM(k) FROM sbtest7 WHERE id BETWEEN 3184265 AND 3184274
	Aggregate  (cost=44.02..44.03 rows=1 width=8)
	  ->  Index Scan using sbtest7_pkey on sbtest7  (cost=0.43..44.00 rows=10 width=4)
	        Index Cond: ((id >= 3184265) AND (id <= 3184274))

table 8 : explain SELECT SUM(k) FROM sbtest8 WHERE id BETWEEN 4567207 AND 4567216
	Aggregate  (cost=44.05..44.06 rows=1 width=8)
	  ->  Index Scan using sbtest8_pkey on sbtest8  (cost=0.43..44.03 rows=10 width=4)
	        Index Cond: ((id >= 4567207) AND (id <= 4567216))

for: order_ranges
table 1 : explain SELECT c FROM sbtest1 WHERE id BETWEEN 4176359 AND 4176368 ORDER BY c
	Sort  (cost=44.33..44.35 rows=10 width=121)
	  Sort Key: c
	  ->  Index Scan using sbtest1_pkey on sbtest1  (cost=0.43..44.16 rows=10 width=121)
	        Index Cond: ((id >= 4176359) AND (id <= 4176368))

table 2 : explain SELECT c FROM sbtest2 WHERE id BETWEEN 4808084 AND 4808093 ORDER BY c
	Sort  (cost=44.34..44.36 rows=10 width=121)
	  Sort Key: c
	  ->  Index Scan using sbtest2_pkey on sbtest2  (cost=0.43..44.17 rows=10 width=121)
	        Index Cond: ((id >= 4808084) AND (id <= 4808093))

table 3 : explain SELECT c FROM sbtest3 WHERE id BETWEEN 8263618 AND 8263627 ORDER BY c
	Sort  (cost=44.32..44.34 rows=10 width=121)
	  Sort Key: c
	  ->  Index Scan using sbtest3_pkey on sbtest3  (cost=0.43..44.15 rows=10 width=121)
	        Index Cond: ((id >= 8263618) AND (id <= 8263627))

table 4 : explain SELECT c FROM sbtest4 WHERE id BETWEEN 1069006 AND 1069015 ORDER BY c
	Sort  (cost=44.23..44.26 rows=10 width=121)
	  Sort Key: c
	  ->  Index Scan using sbtest4_pkey on sbtest4  (cost=0.43..44.07 rows=10 width=121)
	        Index Cond: ((id >= 1069006) AND (id <= 1069015))

table 5 : explain SELECT c FROM sbtest5 WHERE id BETWEEN 8804089 AND 8804098 ORDER BY c
	Sort  (cost=44.22..44.24 rows=10 width=121)
	  Sort Key: c
	  ->  Index Scan using sbtest5_pkey on sbtest5  (cost=0.43..44.05 rows=10 width=121)
	        Index Cond: ((id >= 8804089) AND (id <= 8804098))

table 6 : explain SELECT c FROM sbtest6 WHERE id BETWEEN 9787621 AND 9787630 ORDER BY c
	Sort  (cost=48.17..48.20 rows=11 width=121)
	  Sort Key: c
	  ->  Index Scan using sbtest6_pkey on sbtest6  (cost=0.43..47.98 rows=11 width=121)
	        Index Cond: ((id >= 9787621) AND (id <= 9787630))

table 7 : explain SELECT c FROM sbtest7 WHERE id BETWEEN 8102226 AND 8102235 ORDER BY c
	Sort  (cost=48.14..48.17 rows=11 width=121)
	  Sort Key: c
	  ->  Index Scan using sbtest7_pkey on sbtest7  (cost=0.43..47.95 rows=11 width=121)
	        Index Cond: ((id >= 8102226) AND (id <= 8102235))

table 8 : explain SELECT c FROM sbtest8 WHERE id BETWEEN 8807960 AND 8807969 ORDER BY c
	Sort  (cost=44.19..44.22 rows=10 width=121)
	  Sort Key: c
	  ->  Index Scan using sbtest8_pkey on sbtest8  (cost=0.43..44.03 rows=10 width=121)
	        Index Cond: ((id >= 8807960) AND (id <= 8807969))

for: simple_ranges
table 1 : explain SELECT c FROM sbtest1 WHERE id BETWEEN 5163252 AND 5163261
	Index Scan using sbtest1_pkey on sbtest1  (cost=0.43..40.19 rows=9 width=121)
	  Index Cond: ((id >= 5163252) AND (id <= 5163261))

table 2 : explain SELECT c FROM sbtest2 WHERE id BETWEEN 7198255 AND 7198264
	Index Scan using sbtest2_pkey on sbtest2  (cost=0.43..48.14 rows=11 width=121)
	  Index Cond: ((id >= 7198255) AND (id <= 7198264))

table 3 : explain SELECT c FROM sbtest3 WHERE id BETWEEN 8604968 AND 8604977
	Index Scan using sbtest3_pkey on sbtest3  (cost=0.43..44.15 rows=10 width=121)
	  Index Cond: ((id >= 8604968) AND (id <= 8604977))

table 4 : explain SELECT c FROM sbtest4 WHERE id BETWEEN 9773879 AND 9773888
	Index Scan using sbtest4_pkey on sbtest4  (cost=0.43..44.07 rows=10 width=121)
	  Index Cond: ((id >= 9773879) AND (id <= 9773888))

table 5 : explain SELECT c FROM sbtest5 WHERE id BETWEEN 8264217 AND 8264226
	Index Scan using sbtest5_pkey on sbtest5  (cost=0.43..44.05 rows=10 width=121)
	  Index Cond: ((id >= 8264217) AND (id <= 8264226))

table 6 : explain SELECT c FROM sbtest6 WHERE id BETWEEN 3592214 AND 3592223
	Index Scan using sbtest6_pkey on sbtest6  (cost=0.43..40.07 rows=9 width=121)
	  Index Cond: ((id >= 3592214) AND (id <= 3592223))

table 7 : explain SELECT c FROM sbtest7 WHERE id BETWEEN 3728831 AND 3728840
	Index Scan using sbtest7_pkey on sbtest7  (cost=0.43..44.00 rows=10 width=121)
	  Index Cond: ((id >= 3728831) AND (id <= 3728840))

table 8 : explain SELECT c FROM sbtest8 WHERE id BETWEEN 9590269 AND 9590278
	Index Scan using sbtest8_pkey on sbtest8  (cost=0.43..44.03 rows=10 width=121)
	  Index Cond: ((id >= 9590269) AND (id <= 9590278))

explain: for point_selects :: explain SELECT c FROM sbtest%u WHERE id=%u
for point_selects
table 1 : explain SELECT c FROM sbtest1 WHERE id=8534219
	Index Scan using sbtest1_pkey on sbtest1  (cost=0.43..8.45 rows=1 width=121)
	  Index Cond: (id = 8534219)

table 2 : explain SELECT c FROM sbtest2 WHERE id=2297891
	Index Scan using sbtest2_pkey on sbtest2  (cost=0.43..8.45 rows=1 width=121)
	  Index Cond: (id = 2297891)

table 3 : explain SELECT c FROM sbtest3 WHERE id=8513520
	Index Scan using sbtest3_pkey on sbtest3  (cost=0.43..8.45 rows=1 width=121)
	  Index Cond: (id = 8513520)

table 4 : explain SELECT c FROM sbtest4 WHERE id=2628237
	Index Scan using sbtest4_pkey on sbtest4  (cost=0.43..8.45 rows=1 width=121)
	  Index Cond: (id = 2628237)

table 5 : explain SELECT c FROM sbtest5 WHERE id=5726913
	Index Scan using sbtest5_pkey on sbtest5  (cost=0.43..8.45 rows=1 width=121)
	  Index Cond: (id = 5726913)

table 6 : explain SELECT c FROM sbtest6 WHERE id=9275541
	Index Scan using sbtest6_pkey on sbtest6  (cost=0.43..8.45 rows=1 width=121)
	  Index Cond: (id = 9275541)

table 7 : explain SELECT c FROM sbtest7 WHERE id=3152122
	Index Scan using sbtest7_pkey on sbtest7  (cost=0.43..8.45 rows=1 width=121)
	  Index Cond: (id = 3152122)

table 8 : explain SELECT c FROM sbtest8 WHERE id=1014295
	Index Scan using sbtest8_pkey on sbtest8  (cost=0.43..8.45 rows=1 width=121)
	  Index Cond: (id = 1014295)

for: simple_ranges
table 1 : explain SELECT c FROM sbtest1 WHERE id BETWEEN 2632024 AND 2632033
	Index Scan using sbtest1_pkey on sbtest1  (cost=0.43..48.13 rows=11 width=121)
	  Index Cond: ((id >= 2632024) AND (id <= 2632033))

table 2 : explain SELECT c FROM sbtest2 WHERE id BETWEEN 3863531 AND 3863540
	Index Scan using sbtest2_pkey on sbtest2  (cost=0.43..44.17 rows=10 width=121)
	  Index Cond: ((id >= 3863531) AND (id <= 3863540))

table 3 : explain SELECT c FROM sbtest3 WHERE id BETWEEN 512212 AND 512221
	Index Scan using sbtest3_pkey on sbtest3  (cost=0.43..40.18 rows=9 width=121)
	  Index Cond: ((id >= 512212) AND (id <= 512221))

table 4 : explain SELECT c FROM sbtest4 WHERE id BETWEEN 6212238 AND 6212247
	Index Scan using sbtest4_pkey on sbtest4  (cost=0.43..44.07 rows=10 width=121)
	  Index Cond: ((id >= 6212238) AND (id <= 6212247))

table 5 : explain SELECT c FROM sbtest5 WHERE id BETWEEN 4239236 AND 4239245
	Index Scan using sbtest5_pkey on sbtest5  (cost=0.43..44.05 rows=10 width=121)
	  Index Cond: ((id >= 4239236) AND (id <= 4239245))

table 6 : explain SELECT c FROM sbtest6 WHERE id BETWEEN 5172717 AND 5172726
	Index Scan using sbtest6_pkey on sbtest6  (cost=0.43..44.03 rows=10 width=121)
	  Index Cond: ((id >= 5172717) AND (id <= 5172726))

table 7 : explain SELECT c FROM sbtest7 WHERE id BETWEEN 9031878 AND 9031887
	Index Scan using sbtest7_pkey on sbtest7  (cost=0.43..44.00 rows=10 width=121)
	  Index Cond: ((id >= 9031878) AND (id <= 9031887))

table 8 : explain SELECT c FROM sbtest8 WHERE id BETWEEN 1456496 AND 1456505
	Index Scan using sbtest8_pkey on sbtest8  (cost=0.43..44.03 rows=10 width=121)
	  Index Cond: ((id >= 1456496) AND (id <= 1456505))

for: distinct_ranges
table 1 : explain SELECT DISTINCT c FROM sbtest1 WHERE id BETWEEN 7306502 AND 7306511 ORDER BY c
	Unique  (cost=44.33..44.38 rows=10 width=121)
	  ->  Sort  (cost=44.33..44.35 rows=10 width=121)
	        Sort Key: c
	        ->  Index Scan using sbtest1_pkey on sbtest1  (cost=0.43..44.16 rows=10 width=121)
	              Index Cond: ((id >= 7306502) AND (id <= 7306511))

table 2 : explain SELECT DISTINCT c FROM sbtest2 WHERE id BETWEEN 875874 AND 875883 ORDER BY c
	Unique  (cost=44.34..44.39 rows=10 width=121)
	  ->  Sort  (cost=44.34..44.36 rows=10 width=121)
	        Sort Key: c
	        ->  Index Scan using sbtest2_pkey on sbtest2  (cost=0.43..44.17 rows=10 width=121)
	              Index Cond: ((id >= 875874) AND (id <= 875883))

table 3 : explain SELECT DISTINCT c FROM sbtest3 WHERE id BETWEEN 6986893 AND 6986902 ORDER BY c
	Unique  (cost=44.32..44.37 rows=10 width=121)
	  ->  Sort  (cost=44.32..44.34 rows=10 width=121)
	        Sort Key: c
	        ->  Index Scan using sbtest3_pkey on sbtest3  (cost=0.43..44.15 rows=10 width=121)
	              Index Cond: ((id >= 6986893) AND (id <= 6986902))

table 4 : explain SELECT DISTINCT c FROM sbtest4 WHERE id BETWEEN 70324 AND 70333 ORDER BY c
	Unique  (cost=44.23..44.28 rows=10 width=121)
	  ->  Sort  (cost=44.23..44.26 rows=10 width=121)
	        Sort Key: c
	        ->  Index Scan using sbtest4_pkey on sbtest4  (cost=0.43..44.07 rows=10 width=121)
	              Index Cond: ((id >= 70324) AND (id <= 70333))

table 5 : explain SELECT DISTINCT c FROM sbtest5 WHERE id BETWEEN 186286 AND 186295 ORDER BY c
	Unique  (cost=40.24..40.28 rows=9 width=121)
	  ->  Sort  (cost=40.24..40.26 rows=9 width=121)
	        Sort Key: c
	        ->  Index Scan using sbtest5_pkey on sbtest5  (cost=0.43..40.09 rows=9 width=121)
	              Index Cond: ((id >= 186286) AND (id <= 186295))

table 6 : explain SELECT DISTINCT c FROM sbtest6 WHERE id BETWEEN 3944684 AND 3944693 ORDER BY c
	Unique  (cost=44.19..44.24 rows=10 width=121)
	  ->  Sort  (cost=44.19..44.22 rows=10 width=121)
	        Sort Key: c
	        ->  Index Scan using sbtest6_pkey on sbtest6  (cost=0.43..44.03 rows=10 width=121)
	              Index Cond: ((id >= 3944684) AND (id <= 3944693))

table 7 : explain SELECT DISTINCT c FROM sbtest7 WHERE id BETWEEN 5409356 AND 5409365 ORDER BY c
	Unique  (cost=44.17..44.22 rows=10 width=121)
	  ->  Sort  (cost=44.17..44.19 rows=10 width=121)
	        Sort Key: c
	        ->  Index Scan using sbtest7_pkey on sbtest7  (cost=0.43..44.00 rows=10 width=121)
	              Index Cond: ((id >= 5409356) AND (id <= 5409365))

table 8 : explain SELECT DISTINCT c FROM sbtest8 WHERE id BETWEEN 9689898 AND 9689907 ORDER BY c
	Unique  (cost=44.19..44.24 rows=10 width=121)
	  ->  Sort  (cost=44.19..44.22 rows=10 width=121)
	        Sort Key: c
	        ->  Index Scan using sbtest8_pkey on sbtest8  (cost=0.43..44.03 rows=10 width=121)
	              Index Cond: ((id >= 9689898) AND (id <= 9689907))

explain: for point_selects :: explain SELECT c FROM sbtest%u WHERE id=%u
for: order_ranges
table 1 : explain SELECT c FROM sbtest1 WHERE id BETWEEN 4211509 AND 4211518 ORDER BY c
	Sort  (cost=44.33..44.35 rows=10 width=121)
	  Sort Key: c
	  ->  Index Scan using sbtest1_pkey on sbtest1  (cost=0.43..44.16 rows=10 width=121)
	        Index Cond: ((id >= 4211509) AND (id <= 4211518))

table 2 : explain SELECT c FROM sbtest2 WHERE id BETWEEN 3753243 AND 3753252 ORDER BY c
	Sort  (cost=40.34..40.37 rows=9 width=121)
	  Sort Key: c
	  ->  Index Scan using sbtest2_pkey on sbtest2  (cost=0.43..40.20 rows=9 width=121)
	        Index Cond: ((id >= 3753243) AND (id <= 3753252))

table 3 : explain SELECT c FROM sbtest3 WHERE id BETWEEN 4887580 AND 4887589 ORDER BY c
	Sort  (cost=44.32..44.34 rows=10 width=121)
	  Sort Key: c
	  ->  Index Scan using sbtest3_pkey on sbtest3  (cost=0.43..44.15 rows=10 width=121)
	        Index Cond: ((id >= 4887580) AND (id <= 4887589))

table 4 : explain SELECT c FROM sbtest4 WHERE id BETWEEN 9833652 AND 9833661 ORDER BY c
	Sort  (cost=44.23..44.26 rows=10 width=121)
	  Sort Key: c
	  ->  Index Scan using sbtest4_pkey on sbtest4  (cost=0.43..44.07 rows=10 width=121)
	        Index Cond: ((id >= 9833652) AND (id <= 9833661))

table 5 : explain SELECT c FROM sbtest5 WHERE id BETWEEN 9984262 AND 9984271 ORDER BY c
	Sort  (cost=44.22..44.24 rows=10 width=121)
	  Sort Key: c
	  ->  Index Scan using sbtest5_pkey on sbtest5  (cost=0.43..44.05 rows=10 width=121)
	        Index Cond: ((id >= 9984262) AND (id <= 9984271))

table 6 : explain SELECT c FROM sbtest6 WHERE id BETWEEN 781942 AND 781951 ORDER BY c
	Sort  (cost=44.19..44.22 rows=10 width=121)
	  Sort Key: c
	  ->  Index Scan using sbtest6_pkey on sbtest6  (cost=0.43..44.03 rows=10 width=121)
	        Index Cond: ((id >= 781942) AND (id <= 781951))

table 7 : explain SELECT c FROM sbtest7 WHERE id BETWEEN 9585399 AND 9585408 ORDER BY c
	Sort  (cost=40.19..40.22 rows=9 width=121)
	  Sort Key: c
	  ->  Index Scan using sbtest7_pkey on sbtest7  (cost=0.43..40.05 rows=9 width=121)
	        Index Cond: ((id >= 9585399) AND (id <= 9585408))

table 8 : explain SELECT c FROM sbtest8 WHERE id BETWEEN 1187483 AND 1187492 ORDER BY c
	Sort  (cost=44.19..44.22 rows=10 width=121)
	  Sort Key: c
	  ->  Index Scan using sbtest8_pkey on sbtest8  (cost=0.43..44.03 rows=10 width=121)
	        Index Cond: ((id >= 1187483) AND (id <= 1187492))

for: sum_ranges
table 1 : explain SELECT SUM(k) FROM sbtest1 WHERE id BETWEEN 5439430 AND 5439439
	Aggregate  (cost=40.22..40.23 rows=1 width=8)
	  ->  Index Scan using sbtest1_pkey on sbtest1  (cost=0.43..40.19 rows=9 width=4)
	        Index Cond: ((id >= 5439430) AND (id <= 5439439))

table 2 : explain SELECT SUM(k) FROM sbtest2 WHERE id BETWEEN 6949455 AND 6949464
	Aggregate  (cost=40.22..40.23 rows=1 width=8)
	  ->  Index Scan using sbtest2_pkey on sbtest2  (cost=0.43..40.20 rows=9 width=4)
	        Index Cond: ((id >= 6949455) AND (id <= 6949464))

table 3 : explain SELECT SUM(k) FROM sbtest3 WHERE id BETWEEN 3400912 AND 3400921
	Aggregate  (cost=40.21..40.22 rows=1 width=8)
	  ->  Index Scan using sbtest3_pkey on sbtest3  (cost=0.43..40.18 rows=9 width=4)
	        Index Cond: ((id >= 3400912) AND (id <= 3400921))

table 4 : explain SELECT SUM(k) FROM sbtest4 WHERE id BETWEEN 4405864 AND 4405873
	Aggregate  (cost=40.13..40.14 rows=1 width=8)
	  ->  Index Scan using sbtest4_pkey on sbtest4  (cost=0.43..40.11 rows=9 width=4)
	        Index Cond: ((id >= 4405864) AND (id <= 4405873))

table 5 : explain SELECT SUM(k) FROM sbtest5 WHERE id BETWEEN 6067121 AND 6067130
	Aggregate  (cost=44.07..44.08 rows=1 width=8)
	  ->  Index Scan using sbtest5_pkey on sbtest5  (cost=0.43..44.05 rows=10 width=4)
	        Index Cond: ((id >= 6067121) AND (id <= 6067130))

table 6 : explain SELECT SUM(k) FROM sbtest6 WHERE id BETWEEN 8261583 AND 8261592
	Aggregate  (cost=44.05..44.06 rows=1 width=8)
	  ->  Index Scan using sbtest6_pkey on sbtest6  (cost=0.43..44.03 rows=10 width=4)
	        Index Cond: ((id >= 8261583) AND (id <= 8261592))

table 7 : explain SELECT SUM(k) FROM sbtest7 WHERE id BETWEEN 1067522 AND 1067531
	Aggregate  (cost=47.98..47.99 rows=1 width=8)
	  ->  Index Scan using sbtest7_pkey on sbtest7  (cost=0.43..47.95 rows=11 width=4)
	        Index Cond: ((id >= 1067522) AND (id <= 1067531))

table 8 : explain SELECT SUM(k) FROM sbtest8 WHERE id BETWEEN 1922108 AND 1922117
	Aggregate  (cost=48.01..48.02 rows=1 width=8)
	  ->  Index Scan using sbtest8_pkey on sbtest8  (cost=0.43..47.98 rows=11 width=4)
	        Index Cond: ((id >= 1922108) AND (id <= 1922117))

for point_selects
table 1 : explain SELECT c FROM sbtest1 WHERE id=5458336
	Index Scan using sbtest1_pkey on sbtest1  (cost=0.43..8.45 rows=1 width=121)
	  Index Cond: (id = 5458336)

table 2 : explain SELECT c FROM sbtest2 WHERE id=346807
	Index Scan using sbtest2_pkey on sbtest2  (cost=0.43..8.45 rows=1 width=121)
	  Index Cond: (id = 346807)

table 3 : explain SELECT c FROM sbtest3 WHERE id=3274100
	Index Scan using sbtest3_pkey on sbtest3  (cost=0.43..8.45 rows=1 width=121)
	  Index Cond: (id = 3274100)

table 4 : explain SELECT c FROM sbtest4 WHERE id=7859497
	Index Scan using sbtest4_pkey on sbtest4  (cost=0.43..8.45 rows=1 width=121)
	  Index Cond: (id = 7859497)

table 5 : explain SELECT c FROM sbtest5 WHERE id=4667130
	Index Scan using sbtest5_pkey on sbtest5  (cost=0.43..8.45 rows=1 width=121)
	  Index Cond: (id = 4667130)

table 6 : explain SELECT c FROM sbtest6 WHERE id=3642002
	Index Scan using sbtest6_pkey on sbtest6  (cost=0.43..8.45 rows=1 width=121)
	  Index Cond: (id = 3642002)

table 7 : explain SELECT c FROM sbtest7 WHERE id=5553927
	Index Scan using sbtest7_pkey on sbtest7  (cost=0.43..8.45 rows=1 width=121)
	  Index Cond: (id = 5553927)

table 8 : explain SELECT c FROM sbtest8 WHERE id=7506340
	Index Scan using sbtest8_pkey on sbtest8  (cost=0.43..8.45 rows=1 width=121)
	  Index Cond: (id = 7506340)

for: distinct_ranges
table 1 : explain SELECT DISTINCT c FROM sbtest1 WHERE id BETWEEN 4917623 AND 4917632 ORDER BY c
	Unique  (cost=48.32..48.38 rows=11 width=121)
	  ->  Sort  (cost=48.32..48.35 rows=11 width=121)
	        Sort Key: c
	        ->  Index Scan using sbtest1_pkey on sbtest1  (cost=0.43..48.13 rows=11 width=121)
	              Index Cond: ((id >= 4917623) AND (id <= 4917632))

table 2 : explain SELECT DISTINCT c FROM sbtest2 WHERE id BETWEEN 2939237 AND 2939246 ORDER BY c
	Unique  (cost=44.34..44.39 rows=10 width=121)
	  ->  Sort  (cost=44.34..44.36 rows=10 width=121)
	        Sort Key: c
	        ->  Index Scan using sbtest2_pkey on sbtest2  (cost=0.43..44.17 rows=10 width=121)
	              Index Cond: ((id >= 2939237) AND (id <= 2939246))

table 3 : explain SELECT DISTINCT c FROM sbtest3 WHERE id BETWEEN 3859692 AND 3859701 ORDER BY c
	Unique  (cost=44.32..44.37 rows=10 width=121)
	  ->  Sort  (cost=44.32..44.34 rows=10 width=121)
	        Sort Key: c
	        ->  Index Scan using sbtest3_pkey on sbtest3  (cost=0.43..44.15 rows=10 width=121)
	              Index Cond: ((id >= 3859692) AND (id <= 3859701))

table 4 : explain SELECT DISTINCT c FROM sbtest4 WHERE id BETWEEN 4544165 AND 4544174 ORDER BY c
	Unique  (cost=44.23..44.28 rows=10 width=121)
	  ->  Sort  (cost=44.23..44.26 rows=10 width=121)
	        Sort Key: c
	        ->  Index Scan using sbtest4_pkey on sbtest4  (cost=0.43..44.07 rows=10 width=121)
	              Index Cond: ((id >= 4544165) AND (id <= 4544174))

table 5 : explain SELECT DISTINCT c FROM sbtest5 WHERE id BETWEEN 2394908 AND 2394917 ORDER BY c
	Unique  (cost=44.22..44.27 rows=10 width=121)
	  ->  Sort  (cost=44.22..44.24 rows=10 width=121)
	        Sort Key: c
	        ->  Index Scan using sbtest5_pkey on sbtest5  (cost=0.43..44.05 rows=10 width=121)
	              Index Cond: ((id >= 2394908) AND (id <= 2394917))

table 6 : explain SELECT DISTINCT c FROM sbtest6 WHERE id BETWEEN 2868144 AND 2868153 ORDER BY c
	Unique  (cost=44.19..44.24 rows=10 width=121)
	  ->  Sort  (cost=44.19..44.22 rows=10 width=121)
	        Sort Key: c
	        ->  Index Scan using sbtest6_pkey on sbtest6  (cost=0.43..44.03 rows=10 width=121)
	              Index Cond: ((id >= 2868144) AND (id <= 2868153))

table 7 : explain SELECT DISTINCT c FROM sbtest7 WHERE id BETWEEN 221922 AND 221931 ORDER BY c
	Unique  (cost=44.17..44.22 rows=10 width=121)
	  ->  Sort  (cost=44.17..44.19 rows=10 width=121)
	        Sort Key: c
	        ->  Index Scan using sbtest7_pkey on sbtest7  (cost=0.43..44.00 rows=10 width=121)
	              Index Cond: ((id >= 221922) AND (id <= 221931))

table 8 : explain SELECT DISTINCT c FROM sbtest8 WHERE id BETWEEN 9411290 AND 9411299 ORDER BY c
	Unique  (cost=40.22..40.26 rows=9 width=121)
	  ->  Sort  (cost=40.22..40.24 rows=9 width=121)
	        Sort Key: c
	        ->  Index Scan using sbtest8_pkey on sbtest8  (cost=0.43..40.07 rows=9 width=121)
	              Index Cond: ((id >= 9411290) AND (id <= 9411299))

for: order_ranges
table 1 : explain SELECT c FROM sbtest1 WHERE id BETWEEN 3591334 AND 3591343 ORDER BY c
	Sort  (cost=44.33..44.35 rows=10 width=121)
	  Sort Key: c
	  ->  Index Scan using sbtest1_pkey on sbtest1  (cost=0.43..44.16 rows=10 width=121)
	        Index Cond: ((id >= 3591334) AND (id <= 3591343))

table 2 : explain SELECT c FROM sbtest2 WHERE id BETWEEN 1468676 AND 1468685 ORDER BY c
	Sort  (cost=44.34..44.36 rows=10 width=121)
	  Sort Key: c
	  ->  Index Scan using sbtest2_pkey on sbtest2  (cost=0.43..44.17 rows=10 width=121)
	        Index Cond: ((id >= 1468676) AND (id <= 1468685))

table 3 : explain SELECT c FROM sbtest3 WHERE id BETWEEN 6300416 AND 6300425 ORDER BY c
	Sort  (cost=44.32..44.34 rows=10 width=121)
	  Sort Key: c
	  ->  Index Scan using sbtest3_pkey on sbtest3  (cost=0.43..44.15 rows=10 width=121)
	        Index Cond: ((id >= 6300416) AND (id <= 6300425))

table 4 : explain SELECT c FROM sbtest4 WHERE id BETWEEN 535423 AND 535432 ORDER BY c
	Sort  (cost=44.23..44.26 rows=10 width=121)
	  Sort Key: c
	  ->  Index Scan using sbtest4_pkey on sbtest4  (cost=0.43..44.07 rows=10 width=121)
	        Index Cond: ((id >= 535423) AND (id <= 535432))

table 5 : explain SELECT c FROM sbtest5 WHERE id BETWEEN 9929765 AND 9929774 ORDER BY c
	Sort  (cost=44.22..44.24 rows=10 width=121)
	  Sort Key: c
	  ->  Index Scan using sbtest5_pkey on sbtest5  (cost=0.43..44.05 rows=10 width=121)
	        Index Cond: ((id >= 9929765) AND (id <= 9929774))

table 6 : explain SELECT c FROM sbtest6 WHERE id BETWEEN 5668731 AND 5668740 ORDER BY c
	Sort  (cost=44.19..44.22 rows=10 width=121)
	  Sort Key: c
	  ->  Index Scan using sbtest6_pkey on sbtest6  (cost=0.43..44.03 rows=10 width=121)
	        Index Cond: ((id >= 5668731) AND (id <= 5668740))

table 7 : explain SELECT c FROM sbtest7 WHERE id BETWEEN 7302785 AND 7302794 ORDER BY c
	Sort  (cost=48.14..48.17 rows=11 width=121)
	  Sort Key: c
	  ->  Index Scan using sbtest7_pkey on sbtest7  (cost=0.43..47.95 rows=11 width=121)
	        Index Cond: ((id >= 7302785) AND (id <= 7302794))

table 8 : explain SELECT c FROM sbtest8 WHERE id BETWEEN 1333900 AND 1333909 ORDER BY c
	Sort  (cost=40.22..40.24 rows=9 width=121)
	  Sort Key: c
	  ->  Index Scan using sbtest8_pkey on sbtest8  (cost=0.43..40.07 rows=9 width=121)
	        Index Cond: ((id >= 1333900) AND (id <= 1333909))

for: sum_ranges
table 1 : explain SELECT SUM(k) FROM sbtest1 WHERE id BETWEEN 9168458 AND 9168467
	Aggregate  (cost=48.16..48.17 rows=1 width=8)
	  ->  Index Scan using sbtest1_pkey on sbtest1  (cost=0.43..48.13 rows=11 width=4)
	        Index Cond: ((id >= 9168458) AND (id <= 9168467))

table 2 : explain SELECT SUM(k) FROM sbtest2 WHERE id BETWEEN 683900 AND 683909
	Aggregate  (cost=44.19..44.20 rows=1 width=8)
	  ->  Index Scan using sbtest2_pkey on sbtest2  (cost=0.43..44.17 rows=10 width=4)
	        Index Cond: ((id >= 683900) AND (id <= 683909))

table 3 : explain SELECT SUM(k) FROM sbtest3 WHERE id BETWEEN 7893628 AND 7893637
	Aggregate  (cost=44.17..44.18 rows=1 width=8)
	  ->  Index Scan using sbtest3_pkey on sbtest3  (cost=0.43..44.15 rows=10 width=4)
	        Index Cond: ((id >= 7893628) AND (id <= 7893637))

table 4 : explain SELECT SUM(k) FROM sbtest4 WHERE id BETWEEN 1863486 AND 1863495
	Aggregate  (cost=48.05..48.06 rows=1 width=8)
	  ->  Index Scan using sbtest4_pkey on sbtest4  (cost=0.43..48.02 rows=11 width=4)
	        Index Cond: ((id >= 1863486) AND (id <= 1863495))

table 5 : explain SELECT SUM(k) FROM sbtest5 WHERE id BETWEEN 1699336 AND 1699345
	Aggregate  (cost=44.07..44.08 rows=1 width=8)
	  ->  Index Scan using sbtest5_pkey on sbtest5  (cost=0.43..44.05 rows=10 width=4)
	        Index Cond: ((id >= 1699336) AND (id <= 1699345))

table 6 : explain SELECT SUM(k) FROM sbtest6 WHERE id BETWEEN 7512366 AND 7512375
	Aggregate  (cost=44.05..44.06 rows=1 width=8)
	  ->  Index Scan using sbtest6_pkey on sbtest6  (cost=0.43..44.03 rows=10 width=4)
	        Index Cond: ((id >= 7512366) AND (id <= 7512375))

table 7 : explain SELECT SUM(k) FROM sbtest7 WHERE id BETWEEN 4229679 AND 4229688
	Aggregate  (cost=44.02..44.03 rows=1 width=8)
	  ->  Index Scan using sbtest7_pkey on sbtest7  (cost=0.43..44.00 rows=10 width=4)
	        Index Cond: ((id >= 4229679) AND (id <= 4229688))

table 8 : explain SELECT SUM(k) FROM sbtest8 WHERE id BETWEEN 976095 AND 976104
	Aggregate  (cost=44.05..44.06 rows=1 width=8)
	  ->  Index Scan using sbtest8_pkey on sbtest8  (cost=0.43..44.03 rows=10 width=4)
	        Index Cond: ((id >= 976095) AND (id <= 976104))

explain: for point_selects :: explain SELECT c FROM sbtest%u WHERE id=%u
for: simple_ranges
table 1 : explain SELECT c FROM sbtest1 WHERE id BETWEEN 8463822 AND 8463831
	Index Scan using sbtest1_pkey on sbtest1  (cost=0.43..48.13 rows=11 width=121)
	  Index Cond: ((id >= 8463822) AND (id <= 8463831))

table 2 : explain SELECT c FROM sbtest2 WHERE id BETWEEN 3073218 AND 3073227
	Index Scan using sbtest2_pkey on sbtest2  (cost=0.43..44.17 rows=10 width=121)
	  Index Cond: ((id >= 3073218) AND (id <= 3073227))

table 3 : explain SELECT c FROM sbtest3 WHERE id BETWEEN 2521854 AND 2521863
	Index Scan using sbtest3_pkey on sbtest3  (cost=0.43..48.12 rows=11 width=121)
	  Index Cond: ((id >= 2521854) AND (id <= 2521863))

table 4 : explain SELECT c FROM sbtest4 WHERE id BETWEEN 2225101 AND 2225110
	Index Scan using sbtest4_pkey on sbtest4  (cost=0.43..44.07 rows=10 width=121)
	  Index Cond: ((id >= 2225101) AND (id <= 2225110))

table 5 : explain SELECT c FROM sbtest5 WHERE id BETWEEN 3107897 AND 3107906
	Index Scan using sbtest5_pkey on sbtest5  (cost=0.43..48.00 rows=11 width=121)
	  Index Cond: ((id >= 3107897) AND (id <= 3107906))

table 6 : explain SELECT c FROM sbtest6 WHERE id BETWEEN 6809744 AND 6809753
	Index Scan using sbtest6_pkey on sbtest6  (cost=0.43..44.03 rows=10 width=121)
	  Index Cond: ((id >= 6809744) AND (id <= 6809753))

table 7 : explain SELECT c FROM sbtest7 WHERE id BETWEEN 6729925 AND 6729934
	Index Scan using sbtest7_pkey on sbtest7  (cost=0.43..40.05 rows=9 width=121)
	  Index Cond: ((id >= 6729925) AND (id <= 6729934))

table 8 : explain SELECT c FROM sbtest8 WHERE id BETWEEN 82321 AND 82330
	Index Scan using sbtest8_pkey on sbtest8  (cost=0.43..47.98 rows=11 width=121)
	  Index Cond: ((id >= 82321) AND (id <= 82330))

for point_selects
table 1 : explain SELECT c FROM sbtest1 WHERE id=5053495
	Index Scan using sbtest1_pkey on sbtest1  (cost=0.43..8.45 rows=1 width=121)
	  Index Cond: (id = 5053495)

table 2 : explain SELECT c FROM sbtest2 WHERE id=3375801
	Index Scan using sbtest2_pkey on sbtest2  (cost=0.43..8.45 rows=1 width=121)
	  Index Cond: (id = 3375801)

table 3 : explain SELECT c FROM sbtest3 WHERE id=2199169
	Index Scan using sbtest3_pkey on sbtest3  (cost=0.43..8.45 rows=1 width=121)
	  Index Cond: (id = 2199169)

table 4 : explain SELECT c FROM sbtest4 WHERE id=7226511
	Index Scan using sbtest4_pkey on sbtest4  (cost=0.43..8.45 rows=1 width=121)
	  Index Cond: (id = 7226511)

table 5 : explain SELECT c FROM sbtest5 WHERE id=8346031
	Index Scan using sbtest5_pkey on sbtest5  (cost=0.43..8.45 rows=1 width=121)
	  Index Cond: (id = 8346031)

table 6 : explain SELECT c FROM sbtest6 WHERE id=4246959
	Index Scan using sbtest6_pkey on sbtest6  (cost=0.43..8.45 rows=1 width=121)
	  Index Cond: (id = 4246959)

table 7 : explain SELECT c FROM sbtest7 WHERE id=7297686
	Index Scan using sbtest7_pkey on sbtest7  (cost=0.43..8.45 rows=1 width=121)
	  Index Cond: (id = 7297686)

table 8 : explain SELECT c FROM sbtest8 WHERE id=5487987
	Index Scan using sbtest8_pkey on sbtest8  (cost=0.43..8.45 rows=1 width=121)
	  Index Cond: (id = 5487987)

for: sum_ranges
table 1 : explain SELECT SUM(k) FROM sbtest1 WHERE id BETWEEN 4580222 AND 4580231
	Aggregate  (cost=48.16..48.17 rows=1 width=8)
	  ->  Index Scan using sbtest1_pkey on sbtest1  (cost=0.43..48.13 rows=11 width=4)
	        Index Cond: ((id >= 4580222) AND (id <= 4580231))

table 2 : explain SELECT SUM(k) FROM sbtest2 WHERE id BETWEEN 3877364 AND 3877373
	Aggregate  (cost=44.19..44.20 rows=1 width=8)
	  ->  Index Scan using sbtest2_pkey on sbtest2  (cost=0.43..44.17 rows=10 width=4)
	        Index Cond: ((id >= 3877364) AND (id <= 3877373))

table 3 : explain SELECT SUM(k) FROM sbtest3 WHERE id BETWEEN 2011032 AND 2011041
	Aggregate  (cost=44.17..44.18 rows=1 width=8)
	  ->  Index Scan using sbtest3_pkey on sbtest3  (cost=0.43..44.15 rows=10 width=4)
	        Index Cond: ((id >= 2011032) AND (id <= 2011041))

table 4 : explain SELECT SUM(k) FROM sbtest4 WHERE id BETWEEN 7298845 AND 7298854
	Aggregate  (cost=44.09..44.10 rows=1 width=8)
	  ->  Index Scan using sbtest4_pkey on sbtest4  (cost=0.43..44.07 rows=10 width=4)
	        Index Cond: ((id >= 7298845) AND (id <= 7298854))

table 5 : explain SELECT SUM(k) FROM sbtest5 WHERE id BETWEEN 1227915 AND 1227924
	Aggregate  (cost=48.03..48.04 rows=1 width=8)
	  ->  Index Scan using sbtest5_pkey on sbtest5  (cost=0.43..48.00 rows=11 width=4)
	        Index Cond: ((id >= 1227915) AND (id <= 1227924))

table 6 : explain SELECT SUM(k) FROM sbtest6 WHERE id BETWEEN 6740291 AND 6740300
	Aggregate  (cost=44.05..44.06 rows=1 width=8)
	  ->  Index Scan using sbtest6_pkey on sbtest6  (cost=0.43..44.03 rows=10 width=4)
	        Index Cond: ((id >= 6740291) AND (id <= 6740300))

table 7 : explain SELECT SUM(k) FROM sbtest7 WHERE id BETWEEN 2933489 AND 2933498
	Aggregate  (cost=44.02..44.03 rows=1 width=8)
	  ->  Index Scan using sbtest7_pkey on sbtest7  (cost=0.43..44.00 rows=10 width=4)
	        Index Cond: ((id >= 2933489) AND (id <= 2933498))

table 8 : explain SELECT SUM(k) FROM sbtest8 WHERE id BETWEEN 3111814 AND 3111823
	Aggregate  (cost=44.05..44.06 rows=1 width=8)
	  ->  Index Scan using sbtest8_pkey on sbtest8  (cost=0.43..44.03 rows=10 width=4)
	        Index Cond: ((id >= 3111814) AND (id <= 3111823))

for: simple_ranges
table 1 : explain SELECT c FROM sbtest1 WHERE id BETWEEN 1461067 AND 1461076
	Index Scan using sbtest1_pkey on sbtest1  (cost=0.43..44.16 rows=10 width=121)
	  Index Cond: ((id >= 1461067) AND (id <= 1461076))

table 2 : explain SELECT c FROM sbtest2 WHERE id BETWEEN 5338761 AND 5338770
	Index Scan using sbtest2_pkey on sbtest2  (cost=0.43..44.17 rows=10 width=121)
	  Index Cond: ((id >= 5338761) AND (id <= 5338770))

table 3 : explain SELECT c FROM sbtest3 WHERE id BETWEEN 1961046 AND 1961055
	Index Scan using sbtest3_pkey on sbtest3  (cost=0.43..40.18 rows=9 width=121)
	  Index Cond: ((id >= 1961046) AND (id <= 1961055))

table 4 : explain SELECT c FROM sbtest4 WHERE id BETWEEN 5365732 AND 5365741
	Index Scan using sbtest4_pkey on sbtest4  (cost=0.43..44.07 rows=10 width=121)
	  Index Cond: ((id >= 5365732) AND (id <= 5365741))

table 5 : explain SELECT c FROM sbtest5 WHERE id BETWEEN 5320274 AND 5320283
	Index Scan using sbtest5_pkey on sbtest5  (cost=0.43..40.09 rows=9 width=121)
	  Index Cond: ((id >= 5320274) AND (id <= 5320283))

table 6 : explain SELECT c FROM sbtest6 WHERE id BETWEEN 3042125 AND 3042134
	Index Scan using sbtest6_pkey on sbtest6  (cost=0.43..40.07 rows=9 width=121)
	  Index Cond: ((id >= 3042125) AND (id <= 3042134))

table 7 : explain SELECT c FROM sbtest7 WHERE id BETWEEN 1267984 AND 1267993
	Index Scan using sbtest7_pkey on sbtest7  (cost=0.43..44.00 rows=10 width=121)
	  Index Cond: ((id >= 1267984) AND (id <= 1267993))

table 8 : explain SELECT c FROM sbtest8 WHERE id BETWEEN 30813 AND 30822
	Index Scan using sbtest8_pkey on sbtest8  (cost=0.43..47.98 rows=11 width=121)
	  Index Cond: ((id >= 30813) AND (id <= 30822))

for: distinct_ranges
table 1 : explain SELECT DISTINCT c FROM sbtest1 WHERE id BETWEEN 6860055 AND 6860064 ORDER BY c
	Unique  (cost=44.33..44.38 rows=10 width=121)
	  ->  Sort  (cost=44.33..44.35 rows=10 width=121)
	        Sort Key: c
	        ->  Index Scan using sbtest1_pkey on sbtest1  (cost=0.43..44.16 rows=10 width=121)
	              Index Cond: ((id >= 6860055) AND (id <= 6860064))

table 2 : explain SELECT DISTINCT c FROM sbtest2 WHERE id BETWEEN 2618248 AND 2618257 ORDER BY c
	Unique  (cost=44.34..44.39 rows=10 width=121)
	  ->  Sort  (cost=44.34..44.36 rows=10 width=121)
	        Sort Key: c
	        ->  Index Scan using sbtest2_pkey on sbtest2  (cost=0.43..44.17 rows=10 width=121)
	              Index Cond: ((id >= 2618248) AND (id <= 2618257))

table 3 : explain SELECT DISTINCT c FROM sbtest3 WHERE id BETWEEN 5644710 AND 5644719 ORDER BY c
	Unique  (cost=44.32..44.37 rows=10 width=121)
	  ->  Sort  (cost=44.32..44.34 rows=10 width=121)
	        Sort Key: c
	        ->  Index Scan using sbtest3_pkey on sbtest3  (cost=0.43..44.15 rows=10 width=121)
	              Index Cond: ((id >= 5644710) AND (id <= 5644719))

table 4 : explain SELECT DISTINCT c FROM sbtest4 WHERE id BETWEEN 5560305 AND 5560314 ORDER BY c
	Unique  (cost=44.23..44.28 rows=10 width=121)
	  ->  Sort  (cost=44.23..44.26 rows=10 width=121)
	        Sort Key: c
	        ->  Index Scan using sbtest4_pkey on sbtest4  (cost=0.43..44.07 rows=10 width=121)
	              Index Cond: ((id >= 5560305) AND (id <= 5560314))

table 5 : explain SELECT DISTINCT c FROM sbtest5 WHERE id BETWEEN 4339363 AND 4339372 ORDER BY c
	Unique  (cost=44.22..44.27 rows=10 width=121)
	  ->  Sort  (cost=44.22..44.24 rows=10 width=121)
	        Sort Key: c
	        ->  Index Scan using sbtest5_pkey on sbtest5  (cost=0.43..44.05 rows=10 width=121)
	              Index Cond: ((id >= 4339363) AND (id <= 4339372))

table 6 : explain SELECT DISTINCT c FROM sbtest6 WHERE id BETWEEN 3025076 AND 3025085 ORDER BY c
	Unique  (cost=40.22..40.26 rows=9 width=121)
	  ->  Sort  (cost=40.22..40.24 rows=9 width=121)
	        Sort Key: c
	        ->  Index Scan using sbtest6_pkey on sbtest6  (cost=0.43..40.07 rows=9 width=121)
	              Index Cond: ((id >= 3025076) AND (id <= 3025085))

table 7 : explain SELECT DISTINCT c FROM sbtest7 WHERE id BETWEEN 3380855 AND 3380864 ORDER BY c
	Unique  (cost=44.17..44.22 rows=10 width=121)
	  ->  Sort  (cost=44.17..44.19 rows=10 width=121)
	        Sort Key: c
	        ->  Index Scan using sbtest7_pkey on sbtest7  (cost=0.43..44.00 rows=10 width=121)
	              Index Cond: ((id >= 3380855) AND (id <= 3380864))

table 8 : explain SELECT DISTINCT c FROM sbtest8 WHERE id BETWEEN 8923747 AND 8923756 ORDER BY c
	Unique  (cost=40.22..40.26 rows=9 width=121)
	  ->  Sort  (cost=40.22..40.24 rows=9 width=121)
	        Sort Key: c
	        ->  Index Scan using sbtest8_pkey on sbtest8  (cost=0.43..40.07 rows=9 width=121)
	              Index Cond: ((id >= 8923747) AND (id <= 8923756))

explain: for point_selects :: explain SELECT c FROM sbtest%u WHERE id=%u
for: order_ranges
table 1 : explain SELECT c FROM sbtest1 WHERE id BETWEEN 9963214 AND 9963223 ORDER BY c
	Sort  (cost=44.33..44.35 rows=10 width=121)
	  Sort Key: c
	  ->  Index Scan using sbtest1_pkey on sbtest1  (cost=0.43..44.16 rows=10 width=121)
	        Index Cond: ((id >= 9963214) AND (id <= 9963223))

table 2 : explain SELECT c FROM sbtest2 WHERE id BETWEEN 6277190 AND 6277199 ORDER BY c
	Sort  (cost=44.34..44.36 rows=10 width=121)
	  Sort Key: c
	  ->  Index Scan using sbtest2_pkey on sbtest2  (cost=0.43..44.17 rows=10 width=121)
	        Index Cond: ((id >= 6277190) AND (id <= 6277199))

table 3 : explain SELECT c FROM sbtest3 WHERE id BETWEEN 4117661 AND 4117670 ORDER BY c
	Sort  (cost=44.32..44.34 rows=10 width=121)
	  Sort Key: c
	  ->  Index Scan using sbtest3_pkey on sbtest3  (cost=0.43..44.15 rows=10 width=121)
	        Index Cond: ((id >= 4117661) AND (id <= 4117670))

table 4 : explain SELECT c FROM sbtest4 WHERE id BETWEEN 3571636 AND 3571645 ORDER BY c
	Sort  (cost=40.25..40.27 rows=9 width=121)
	  Sort Key: c
	  ->  Index Scan using sbtest4_pkey on sbtest4  (cost=0.43..40.11 rows=9 width=121)
	        Index Cond: ((id >= 3571636) AND (id <= 3571645))

table 5 : explain SELECT c FROM sbtest5 WHERE id BETWEEN 2579769 AND 2579778 ORDER BY c
	Sort  (cost=40.24..40.26 rows=9 width=121)
	  Sort Key: c
	  ->  Index Scan using sbtest5_pkey on sbtest5  (cost=0.43..40.09 rows=9 width=121)
	        Index Cond: ((id >= 2579769) AND (id <= 2579778))

table 6 : explain SELECT c FROM sbtest6 WHERE id BETWEEN 101469 AND 101478 ORDER BY c
	Sort  (cost=48.17..48.20 rows=11 width=121)
	  Sort Key: c
	  ->  Index Scan using sbtest6_pkey on sbtest6  (cost=0.43..47.98 rows=11 width=121)
	        Index Cond: ((id >= 101469) AND (id <= 101478))

table 7 : explain SELECT c FROM sbtest7 WHERE id BETWEEN 5006151 AND 5006160 ORDER BY c
	Sort  (cost=44.17..44.19 rows=10 width=121)
	  Sort Key: c
	  ->  Index Scan using sbtest7_pkey on sbtest7  (cost=0.43..44.00 rows=10 width=121)
	        Index Cond: ((id >= 5006151) AND (id <= 5006160))

table 8 : explain SELECT c FROM sbtest8 WHERE id BETWEEN 9713309 AND 9713318 ORDER BY c
	Sort  (cost=44.19..44.22 rows=10 width=121)
	  Sort Key: c
	  ->  Index Scan using sbtest8_pkey on sbtest8  (cost=0.43..44.03 rows=10 width=121)
	        Index Cond: ((id >= 9713309) AND (id <= 9713318))

for point_selects
table 1 : explain SELECT c FROM sbtest1 WHERE id=8561344
	Index Scan using sbtest1_pkey on sbtest1  (cost=0.43..8.45 rows=1 width=121)
	  Index Cond: (id = 8561344)

table 2 : explain SELECT c FROM sbtest2 WHERE id=7403151
	Index Scan using sbtest2_pkey on sbtest2  (cost=0.43..8.45 rows=1 width=121)
	  Index Cond: (id = 7403151)

table 3 : explain SELECT c FROM sbtest3 WHERE id=5374346
	Index Scan using sbtest3_pkey on sbtest3  (cost=0.43..8.45 rows=1 width=121)
	  Index Cond: (id = 5374346)

table 4 : explain SELECT c FROM sbtest4 WHERE id=4785298
	Index Scan using sbtest4_pkey on sbtest4  (cost=0.43..8.45 rows=1 width=121)
	  Index Cond: (id = 4785298)

table 5 : explain SELECT c FROM sbtest5 WHERE id=8536867
	Index Scan using sbtest5_pkey on sbtest5  (cost=0.43..8.45 rows=1 width=121)
	  Index Cond: (id = 8536867)

table 6 : explain SELECT c FROM sbtest6 WHERE id=969629
	Index Scan using sbtest6_pkey on sbtest6  (cost=0.43..8.45 rows=1 width=121)
	  Index Cond: (id = 969629)

table 7 : explain SELECT c FROM sbtest7 WHERE id=5678519
	Index Scan using sbtest7_pkey on sbtest7  (cost=0.43..8.45 rows=1 width=121)
	  Index Cond: (id = 5678519)

table 8 : explain SELECT c FROM sbtest8 WHERE id=4521527
	Index Scan using sbtest8_pkey on sbtest8  (cost=0.43..8.45 rows=1 width=121)
	  Index Cond: (id = 4521527)

for: distinct_ranges
table 1 : explain SELECT DISTINCT c FROM sbtest1 WHERE id BETWEEN 5257709 AND 5257718 ORDER BY c
	Unique  (cost=40.34..40.38 rows=9 width=121)
	  ->  Sort  (cost=40.34..40.36 rows=9 width=121)
	        Sort Key: c
	        ->  Index Scan using sbtest1_pkey on sbtest1  (cost=0.43..40.19 rows=9 width=121)
	              Index Cond: ((id >= 5257709) AND (id <= 5257718))

table 2 : explain SELECT DISTINCT c FROM sbtest2 WHERE id BETWEEN 4755274 AND 4755283 ORDER BY c
	Unique  (cost=48.33..48.38 rows=11 width=121)
	  ->  Sort  (cost=48.33..48.36 rows=11 width=121)
	        Sort Key: c
	        ->  Index Scan using sbtest2_pkey on sbtest2  (cost=0.43..48.14 rows=11 width=121)
	              Index Cond: ((id >= 4755274) AND (id <= 4755283))

table 3 : explain SELECT DISTINCT c FROM sbtest3 WHERE id BETWEEN 8786202 AND 8786211 ORDER BY c
	Unique  (cost=44.32..44.37 rows=10 width=121)
	  ->  Sort  (cost=44.32..44.34 rows=10 width=121)
	        Sort Key: c
	        ->  Index Scan using sbtest3_pkey on sbtest3  (cost=0.43..44.15 rows=10 width=121)
	              Index Cond: ((id >= 8786202) AND (id <= 8786211))

table 4 : explain SELECT DISTINCT c FROM sbtest4 WHERE id BETWEEN 115899 AND 115908 ORDER BY c
	Unique  (cost=44.23..44.28 rows=10 width=121)
	  ->  Sort  (cost=44.23..44.26 rows=10 width=121)
	        Sort Key: c
	        ->  Index Scan using sbtest4_pkey on sbtest4  (cost=0.43..44.07 rows=10 width=121)
	              Index Cond: ((id >= 115899) AND (id <= 115908))

table 5 : explain SELECT DISTINCT c FROM sbtest5 WHERE id BETWEEN 8401733 AND 8401742 ORDER BY c
	Unique  (cost=40.24..40.28 rows=9 width=121)
	  ->  Sort  (cost=40.24..40.26 rows=9 width=121)
	        Sort Key: c
	        ->  Index Scan using sbtest5_pkey on sbtest5  (cost=0.43..40.09 rows=9 width=121)
	              Index Cond: ((id >= 8401733) AND (id <= 8401742))

table 6 : explain SELECT DISTINCT c FROM sbtest6 WHERE id BETWEEN 1465152 AND 1465161 ORDER BY c
	Unique  (cost=40.22..40.26 rows=9 width=121)
	  ->  Sort  (cost=40.22..40.24 rows=9 width=121)
	        Sort Key: c
	        ->  Index Scan using sbtest6_pkey on sbtest6  (cost=0.43..40.07 rows=9 width=121)
	              Index Cond: ((id >= 1465152) AND (id <= 1465161))

table 7 : explain SELECT DISTINCT c FROM sbtest7 WHERE id BETWEEN 3535456 AND 3535465 ORDER BY c
	Unique  (cost=44.17..44.22 rows=10 width=121)
	  ->  Sort  (cost=44.17..44.19 rows=10 width=121)
	        Sort Key: c
	        ->  Index Scan using sbtest7_pkey on sbtest7  (cost=0.43..44.00 rows=10 width=121)
	              Index Cond: ((id >= 3535456) AND (id <= 3535465))

table 8 : explain SELECT DISTINCT c FROM sbtest8 WHERE id BETWEEN 4233635 AND 4233644 ORDER BY c
	Unique  (cost=44.19..44.24 rows=10 width=121)
	  ->  Sort  (cost=44.19..44.22 rows=10 width=121)
	        Sort Key: c
	        ->  Index Scan using sbtest8_pkey on sbtest8  (cost=0.43..44.03 rows=10 width=121)
	              Index Cond: ((id >= 4233635) AND (id <= 4233644))

for: simple_ranges
table 1 : explain SELECT c FROM sbtest1 WHERE id BETWEEN 4582834 AND 4582843
	Index Scan using sbtest1_pkey on sbtest1  (cost=0.43..48.13 rows=11 width=121)
	  Index Cond: ((id >= 4582834) AND (id <= 4582843))

table 2 : explain SELECT c FROM sbtest2 WHERE id BETWEEN 206757 AND 206766
	Index Scan using sbtest2_pkey on sbtest2  (cost=0.43..48.14 rows=11 width=121)
	  Index Cond: ((id >= 206757) AND (id <= 206766))

table 3 : explain SELECT c FROM sbtest3 WHERE id BETWEEN 5951511 AND 5951520
	Index Scan using sbtest3_pkey on sbtest3  (cost=0.43..44.15 rows=10 width=121)
	  Index Cond: ((id >= 5951511) AND (id <= 5951520))

table 4 : explain SELECT c FROM sbtest4 WHERE id BETWEEN 3970467 AND 3970476
	Index Scan using sbtest4_pkey on sbtest4  (cost=0.43..44.07 rows=10 width=121)
	  Index Cond: ((id >= 3970467) AND (id <= 3970476))

table 5 : explain SELECT c FROM sbtest5 WHERE id BETWEEN 7295643 AND 7295652
	Index Scan using sbtest5_pkey on sbtest5  (cost=0.43..48.00 rows=11 width=121)
	  Index Cond: ((id >= 7295643) AND (id <= 7295652))

table 6 : explain SELECT c FROM sbtest6 WHERE id BETWEEN 9121813 AND 9121822
	Index Scan using sbtest6_pkey on sbtest6  (cost=0.43..44.03 rows=10 width=121)
	  Index Cond: ((id >= 9121813) AND (id <= 9121822))

table 7 : explain SELECT c FROM sbtest7 WHERE id BETWEEN 6429986 AND 6429995
	Index Scan using sbtest7_pkey on sbtest7  (cost=0.43..47.95 rows=11 width=121)
	  Index Cond: ((id >= 6429986) AND (id <= 6429995))

table 8 : explain SELECT c FROM sbtest8 WHERE id BETWEEN 323906 AND 323915
	Index Scan using sbtest8_pkey on sbtest8  (cost=0.43..44.03 rows=10 width=121)
	  Index Cond: ((id >= 323906) AND (id <= 323915))

for: order_ranges
table 1 : explain SELECT c FROM sbtest1 WHERE id BETWEEN 7936624 AND 7936633 ORDER BY c
	Sort  (cost=48.32..48.35 rows=11 width=121)
	  Sort Key: c
	  ->  Index Scan using sbtest1_pkey on sbtest1  (cost=0.43..48.13 rows=11 width=121)
	        Index Cond: ((id >= 7936624) AND (id <= 7936633))

table 2 : explain SELECT c FROM sbtest2 WHERE id BETWEEN 2554576 AND 2554585 ORDER BY c
	Sort  (cost=44.34..44.36 rows=10 width=121)
	  Sort Key: c
	  ->  Index Scan using sbtest2_pkey on sbtest2  (cost=0.43..44.17 rows=10 width=121)
	        Index Cond: ((id >= 2554576) AND (id <= 2554585))

table 3 : explain SELECT c FROM sbtest3 WHERE id BETWEEN 9918656 AND 9918665 ORDER BY c
	Sort  (cost=48.31..48.33 rows=11 width=121)
	  Sort Key: c
	  ->  Index Scan using sbtest3_pkey on sbtest3  (cost=0.43..48.12 rows=11 width=121)
	        Index Cond: ((id >= 9918656) AND (id <= 9918665))

table 4 : explain SELECT c FROM sbtest4 WHERE id BETWEEN 2055350 AND 2055359 ORDER BY c
	Sort  (cost=44.23..44.26 rows=10 width=121)
	  Sort Key: c
	  ->  Index Scan using sbtest4_pkey on sbtest4  (cost=0.43..44.07 rows=10 width=121)
	        Index Cond: ((id >= 2055350) AND (id <= 2055359))

table 5 : explain SELECT c FROM sbtest5 WHERE id BETWEEN 870693 AND 870702 ORDER BY c
	Sort  (cost=44.22..44.24 rows=10 width=121)
	  Sort Key: c
	  ->  Index Scan using sbtest5_pkey on sbtest5  (cost=0.43..44.05 rows=10 width=121)
	        Index Cond: ((id >= 870693) AND (id <= 870702))

table 6 : explain SELECT c FROM sbtest6 WHERE id BETWEEN 8284091 AND 8284100 ORDER BY c
	Sort  (cost=44.19..44.22 rows=10 width=121)
	  Sort Key: c
	  ->  Index Scan using sbtest6_pkey on sbtest6  (cost=0.43..44.03 rows=10 width=121)
	        Index Cond: ((id >= 8284091) AND (id <= 8284100))

table 7 : explain SELECT c FROM sbtest7 WHERE id BETWEEN 3791616 AND 3791625 ORDER BY c
	Sort  (cost=44.17..44.19 rows=10 width=121)
	  Sort Key: c
	  ->  Index Scan using sbtest7_pkey on sbtest7  (cost=0.43..44.00 rows=10 width=121)
	        Index Cond: ((id >= 3791616) AND (id <= 3791625))

table 8 : explain SELECT c FROM sbtest8 WHERE id BETWEEN 6270384 AND 6270393 ORDER BY c
	Sort  (cost=44.19..44.22 rows=10 width=121)
	  Sort Key: c
	  ->  Index Scan using sbtest8_pkey on sbtest8  (cost=0.43..44.03 rows=10 width=121)
	        Index Cond: ((id >= 6270384) AND (id <= 6270393))

explain: for point_selects :: explain SELECT c FROM sbtest%u WHERE id=%u
for: sum_ranges
table 1 : explain SELECT SUM(k) FROM sbtest1 WHERE id BETWEEN 7103241 AND 7103250
	Aggregate  (cost=48.16..48.17 rows=1 width=8)
	  ->  Index Scan using sbtest1_pkey on sbtest1  (cost=0.43..48.13 rows=11 width=4)
	        Index Cond: ((id >= 7103241) AND (id <= 7103250))

table 2 : explain SELECT SUM(k) FROM sbtest2 WHERE id BETWEEN 3937662 AND 3937671
	Aggregate  (cost=44.19..44.20 rows=1 width=8)
	  ->  Index Scan using sbtest2_pkey on sbtest2  (cost=0.43..44.17 rows=10 width=4)
	        Index Cond: ((id >= 3937662) AND (id <= 3937671))

table 3 : explain SELECT SUM(k) FROM sbtest3 WHERE id BETWEEN 3714448 AND 3714457
	Aggregate  (cost=44.17..44.18 rows=1 width=8)
	  ->  Index Scan using sbtest3_pkey on sbtest3  (cost=0.43..44.15 rows=10 width=4)
	        Index Cond: ((id >= 3714448) AND (id <= 3714457))

table 4 : explain SELECT SUM(k) FROM sbtest4 WHERE id BETWEEN 1916241 AND 1916250
	Aggregate  (cost=44.09..44.10 rows=1 width=8)
	  ->  Index Scan using sbtest4_pkey on sbtest4  (cost=0.43..44.07 rows=10 width=4)
	        Index Cond: ((id >= 1916241) AND (id <= 1916250))

table 5 : explain SELECT SUM(k) FROM sbtest5 WHERE id BETWEEN 3772770 AND 3772779
	Aggregate  (cost=44.07..44.08 rows=1 width=8)
	  ->  Index Scan using sbtest5_pkey on sbtest5  (cost=0.43..44.05 rows=10 width=4)
	        Index Cond: ((id >= 3772770) AND (id <= 3772779))

table 6 : explain SELECT SUM(k) FROM sbtest6 WHERE id BETWEEN 6744367 AND 6744376
	Aggregate  (cost=44.05..44.06 rows=1 width=8)
	  ->  Index Scan using sbtest6_pkey on sbtest6  (cost=0.43..44.03 rows=10 width=4)
	        Index Cond: ((id >= 6744367) AND (id <= 6744376))

table 7 : explain SELECT SUM(k) FROM sbtest7 WHERE id BETWEEN 5450684 AND 5450693
	Aggregate  (cost=44.02..44.03 rows=1 width=8)
	  ->  Index Scan using sbtest7_pkey on sbtest7  (cost=0.43..44.00 rows=10 width=4)
	        Index Cond: ((id >= 5450684) AND (id <= 5450693))

table 8 : explain SELECT SUM(k) FROM sbtest8 WHERE id BETWEEN 5247277 AND 5247286
	Aggregate  (cost=44.05..44.06 rows=1 width=8)
	  ->  Index Scan using sbtest8_pkey on sbtest8  (cost=0.43..44.03 rows=10 width=4)
	        Index Cond: ((id >= 5247277) AND (id <= 5247286))

for point_selects
table 1 : explain SELECT c FROM sbtest1 WHERE id=6644812
	Index Scan using sbtest1_pkey on sbtest1  (cost=0.43..8.45 rows=1 width=121)
	  Index Cond: (id = 6644812)

table 2 : explain SELECT c FROM sbtest2 WHERE id=1960735
	Index Scan using sbtest2_pkey on sbtest2  (cost=0.43..8.45 rows=1 width=121)
	  Index Cond: (id = 1960735)

table 3 : explain SELECT c FROM sbtest3 WHERE id=1267017
	Index Scan using sbtest3_pkey on sbtest3  (cost=0.43..8.45 rows=1 width=121)
	  Index Cond: (id = 1267017)

table 4 : explain SELECT c FROM sbtest4 WHERE id=3754789
	Index Scan using sbtest4_pkey on sbtest4  (cost=0.43..8.45 rows=1 width=121)
	  Index Cond: (id = 3754789)

table 5 : explain SELECT c FROM sbtest5 WHERE id=9304898
	Index Scan using sbtest5_pkey on sbtest5  (cost=0.43..8.45 rows=1 width=121)
	  Index Cond: (id = 9304898)

table 6 : explain SELECT c FROM sbtest6 WHERE id=3466232
	Index Scan using sbtest6_pkey on sbtest6  (cost=0.43..8.45 rows=1 width=121)
	  Index Cond: (id = 3466232)

table 7 : explain SELECT c FROM sbtest7 WHERE id=7429820
	Index Scan using sbtest7_pkey on sbtest7  (cost=0.43..8.45 rows=1 width=121)
	  Index Cond: (id = 7429820)

table 8 : explain SELECT c FROM sbtest8 WHERE id=7784492
	Index Scan using sbtest8_pkey on sbtest8  (cost=0.43..8.45 rows=1 width=121)
	  Index Cond: (id = 7784492)

for: order_ranges
table 1 : explain SELECT c FROM sbtest1 WHERE id BETWEEN 2507502 AND 2507511 ORDER BY c
	Sort  (cost=40.34..40.36 rows=9 width=121)
	  Sort Key: c
	  ->  Index Scan using sbtest1_pkey on sbtest1  (cost=0.43..40.19 rows=9 width=121)
	        Index Cond: ((id >= 2507502) AND (id <= 2507511))

table 2 : explain SELECT c FROM sbtest2 WHERE id BETWEEN 4517049 AND 4517058 ORDER BY c
	Sort  (cost=40.34..40.37 rows=9 width=121)
	  Sort Key: c
	  ->  Index Scan using sbtest2_pkey on sbtest2  (cost=0.43..40.20 rows=9 width=121)
	        Index Cond: ((id >= 4517049) AND (id <= 4517058))

table 3 : explain SELECT c FROM sbtest3 WHERE id BETWEEN 8109107 AND 8109116 ORDER BY c
	Sort  (cost=44.32..44.34 rows=10 width=121)
	  Sort Key: c
	  ->  Index Scan using sbtest3_pkey on sbtest3  (cost=0.43..44.15 rows=10 width=121)
	        Index Cond: ((id >= 8109107) AND (id <= 8109116))

table 4 : explain SELECT c FROM sbtest4 WHERE id BETWEEN 6198675 AND 6198684 ORDER BY c
	Sort  (cost=44.23..44.26 rows=10 width=121)
	  Sort Key: c
	  ->  Index Scan using sbtest4_pkey on sbtest4  (cost=0.43..44.07 rows=10 width=121)
	        Index Cond: ((id >= 6198675) AND (id <= 6198684))

table 5 : explain SELECT c FROM sbtest5 WHERE id BETWEEN 9821027 AND 9821036 ORDER BY c
	Sort  (cost=44.22..44.24 rows=10 width=121)
	  Sort Key: c
	  ->  Index Scan using sbtest5_pkey on sbtest5  (cost=0.43..44.05 rows=10 width=121)
	        Index Cond: ((id >= 9821027) AND (id <= 9821036))

table 6 : explain SELECT c FROM sbtest6 WHERE id BETWEEN 1632348 AND 1632357 ORDER BY c
	Sort  (cost=44.19..44.22 rows=10 width=121)
	  Sort Key: c
	  ->  Index Scan using sbtest6_pkey on sbtest6  (cost=0.43..44.03 rows=10 width=121)
	        Index Cond: ((id >= 1632348) AND (id <= 1632357))

table 7 : explain SELECT c FROM sbtest7 WHERE id BETWEEN 2147808 AND 2147817 ORDER BY c
	Sort  (cost=44.17..44.19 rows=10 width=121)
	  Sort Key: c
	  ->  Index Scan using sbtest7_pkey on sbtest7  (cost=0.43..44.00 rows=10 width=121)
	        Index Cond: ((id >= 2147808) AND (id <= 2147817))

table 8 : explain SELECT c FROM sbtest8 WHERE id BETWEEN 877205 AND 877214 ORDER BY c
	Sort  (cost=44.19..44.22 rows=10 width=121)
	  Sort Key: c
	  ->  Index Scan using sbtest8_pkey on sbtest8  (cost=0.43..44.03 rows=10 width=121)
	        Index Cond: ((id >= 877205) AND (id <= 877214))

for: simple_ranges
table 1 : explain SELECT c FROM sbtest1 WHERE id BETWEEN 8568272 AND 8568281
	Index Scan using sbtest1_pkey on sbtest1  (cost=0.43..44.16 rows=10 width=121)
	  Index Cond: ((id >= 8568272) AND (id <= 8568281))

table 2 : explain SELECT c FROM sbtest2 WHERE id BETWEEN 1406327 AND 1406336
	Index Scan using sbtest2_pkey on sbtest2  (cost=0.43..44.17 rows=10 width=121)
	  Index Cond: ((id >= 1406327) AND (id <= 1406336))

table 3 : explain SELECT c FROM sbtest3 WHERE id BETWEEN 6058051 AND 6058060
	Index Scan using sbtest3_pkey on sbtest3  (cost=0.43..44.15 rows=10 width=121)
	  Index Cond: ((id >= 6058051) AND (id <= 6058060))

table 4 : explain SELECT c FROM sbtest4 WHERE id BETWEEN 4749179 AND 4749188
	Index Scan using sbtest4_pkey on sbtest4  (cost=0.43..44.07 rows=10 width=121)
	  Index Cond: ((id >= 4749179) AND (id <= 4749188))

table 5 : explain SELECT c FROM sbtest5 WHERE id BETWEEN 1125220 AND 1125229
	Index Scan using sbtest5_pkey on sbtest5  (cost=0.43..44.05 rows=10 width=121)
	  Index Cond: ((id >= 1125220) AND (id <= 1125229))

table 6 : explain SELECT c FROM sbtest6 WHERE id BETWEEN 3729979 AND 3729988
	Index Scan using sbtest6_pkey on sbtest6  (cost=0.43..40.07 rows=9 width=121)
	  Index Cond: ((id >= 3729979) AND (id <= 3729988))

table 7 : explain SELECT c FROM sbtest7 WHERE id BETWEEN 2532601 AND 2532610
	Index Scan using sbtest7_pkey on sbtest7  (cost=0.43..44.00 rows=10 width=121)
	  Index Cond: ((id >= 2532601) AND (id <= 2532610))

table 8 : explain SELECT c FROM sbtest8 WHERE id BETWEEN 4402675 AND 4402684
	Index Scan using sbtest8_pkey on sbtest8  (cost=0.43..40.07 rows=9 width=121)
	  Index Cond: ((id >= 4402675) AND (id <= 4402684))

for: sum_ranges
table 1 : explain SELECT SUM(k) FROM sbtest1 WHERE id BETWEEN 6235934 AND 6235943
	Aggregate  (cost=44.19..44.20 rows=1 width=8)
	  ->  Index Scan using sbtest1_pkey on sbtest1  (cost=0.43..44.16 rows=10 width=4)
	        Index Cond: ((id >= 6235934) AND (id <= 6235943))

table 2 : explain SELECT SUM(k) FROM sbtest2 WHERE id BETWEEN 2266673 AND 2266682
	Aggregate  (cost=44.19..44.20 rows=1 width=8)
	  ->  Index Scan using sbtest2_pkey on sbtest2  (cost=0.43..44.17 rows=10 width=4)
	        Index Cond: ((id >= 2266673) AND (id <= 2266682))

table 3 : explain SELECT SUM(k) FROM sbtest3 WHERE id BETWEEN 3443810 AND 3443819
	Aggregate  (cost=40.21..40.22 rows=1 width=8)
	  ->  Index Scan using sbtest3_pkey on sbtest3  (cost=0.43..40.18 rows=9 width=4)
	        Index Cond: ((id >= 3443810) AND (id <= 3443819))

table 4 : explain SELECT SUM(k) FROM sbtest4 WHERE id BETWEEN 609957 AND 609966
	Aggregate  (cost=44.09..44.10 rows=1 width=8)
	  ->  Index Scan using sbtest4_pkey on sbtest4  (cost=0.43..44.07 rows=10 width=4)
	        Index Cond: ((id >= 609957) AND (id <= 609966))

table 5 : explain SELECT SUM(k) FROM sbtest5 WHERE id BETWEEN 4484166 AND 4484175
	Aggregate  (cost=48.03..48.04 rows=1 width=8)
	  ->  Index Scan using sbtest5_pkey on sbtest5  (cost=0.43..48.00 rows=11 width=4)
	        Index Cond: ((id >= 4484166) AND (id <= 4484175))

table 6 : explain SELECT SUM(k) FROM sbtest6 WHERE id BETWEEN 2146219 AND 2146228
	Aggregate  (cost=44.05..44.06 rows=1 width=8)
	  ->  Index Scan using sbtest6_pkey on sbtest6  (cost=0.43..44.03 rows=10 width=4)
	        Index Cond: ((id >= 2146219) AND (id <= 2146228))

table 7 : explain SELECT SUM(k) FROM sbtest7 WHERE id BETWEEN 5773326 AND 5773335
	Aggregate  (cost=44.02..44.03 rows=1 width=8)
	  ->  Index Scan using sbtest7_pkey on sbtest7  (cost=0.43..44.00 rows=10 width=4)
	        Index Cond: ((id >= 5773326) AND (id <= 5773335))

table 8 : explain SELECT SUM(k) FROM sbtest8 WHERE id BETWEEN 6177914 AND 6177923
	Aggregate  (cost=44.05..44.06 rows=1 width=8)
	  ->  Index Scan using sbtest8_pkey on sbtest8  (cost=0.43..44.03 rows=10 width=4)
	        Index Cond: ((id >= 6177914) AND (id <= 6177923))

explain: for point_selects :: explain SELECT c FROM sbtest%u WHERE id=%u
for point_selects
table 1 : explain SELECT c FROM sbtest1 WHERE id=630983
	Index Scan using sbtest1_pkey on sbtest1  (cost=0.43..8.45 rows=1 width=121)
	  Index Cond: (id = 630983)

table 2 : explain SELECT c FROM sbtest2 WHERE id=3596834
	Index Scan using sbtest2_pkey on sbtest2  (cost=0.43..8.45 rows=1 width=121)
	  Index Cond: (id = 3596834)

table 3 : explain SELECT c FROM sbtest3 WHERE id=9803850
	Index Scan using sbtest3_pkey on sbtest3  (cost=0.43..8.45 rows=1 width=121)
	  Index Cond: (id = 9803850)

table 4 : explain SELECT c FROM sbtest4 WHERE id=3557824
	Index Scan using sbtest4_pkey on sbtest4  (cost=0.43..8.45 rows=1 width=121)
	  Index Cond: (id = 3557824)

table 5 : explain SELECT c FROM sbtest5 WHERE id=9948762
	Index Scan using sbtest5_pkey on sbtest5  (cost=0.43..8.45 rows=1 width=121)
	  Index Cond: (id = 9948762)

table 6 : explain SELECT c FROM sbtest6 WHERE id=1584352
	Index Scan using sbtest6_pkey on sbtest6  (cost=0.43..8.45 rows=1 width=121)
	  Index Cond: (id = 1584352)

table 7 : explain SELECT c FROM sbtest7 WHERE id=2298897
	Index Scan using sbtest7_pkey on sbtest7  (cost=0.43..8.45 rows=1 width=121)
	  Index Cond: (id = 2298897)

table 8 : explain SELECT c FROM sbtest8 WHERE id=6759904
	Index Scan using sbtest8_pkey on sbtest8  (cost=0.43..8.45 rows=1 width=121)
	  Index Cond: (id = 6759904)

for: distinct_ranges
table 1 : explain SELECT DISTINCT c FROM sbtest1 WHERE id BETWEEN 7700351 AND 7700360 ORDER BY c
	Unique  (cost=44.33..44.38 rows=10 width=121)
	  ->  Sort  (cost=44.33..44.35 rows=10 width=121)
	        Sort Key: c
	        ->  Index Scan using sbtest1_pkey on sbtest1  (cost=0.43..44.16 rows=10 width=121)
	              Index Cond: ((id >= 7700351) AND (id <= 7700360))

table 2 : explain SELECT DISTINCT c FROM sbtest2 WHERE id BETWEEN 8131659 AND 8131668 ORDER BY c
	Unique  (cost=48.33..48.38 rows=11 width=121)
	  ->  Sort  (cost=48.33..48.36 rows=11 width=121)
	        Sort Key: c
	        ->  Index Scan using sbtest2_pkey on sbtest2  (cost=0.43..48.14 rows=11 width=121)
	              Index Cond: ((id >= 8131659) AND (id <= 8131668))

table 3 : explain SELECT DISTINCT c FROM sbtest3 WHERE id BETWEEN 7819308 AND 7819317 ORDER BY c
	Unique  (cost=48.31..48.36 rows=11 width=121)
	  ->  Sort  (cost=48.31..48.33 rows=11 width=121)
	        Sort Key: c
	        ->  Index Scan using sbtest3_pkey on sbtest3  (cost=0.43..48.12 rows=11 width=121)
	              Index Cond: ((id >= 7819308) AND (id <= 7819317))

table 4 : explain SELECT DISTINCT c FROM sbtest4 WHERE id BETWEEN 9944390 AND 9944399 ORDER BY c
	Unique  (cost=48.21..48.27 rows=11 width=121)
	  ->  Sort  (cost=48.21..48.24 rows=11 width=121)
	        Sort Key: c
	        ->  Index Scan using sbtest4_pkey on sbtest4  (cost=0.43..48.02 rows=11 width=121)
	              Index Cond: ((id >= 9944390) AND (id <= 9944399))

table 5 : explain SELECT DISTINCT c FROM sbtest5 WHERE id BETWEEN 3349278 AND 3349287 ORDER BY c
	Unique  (cost=44.22..44.27 rows=10 width=121)
	  ->  Sort  (cost=44.22..44.24 rows=10 width=121)
	        Sort Key: c
	        ->  Index Scan using sbtest5_pkey on sbtest5  (cost=0.43..44.05 rows=10 width=121)
	              Index Cond: ((id >= 3349278) AND (id <= 3349287))

table 6 : explain SELECT DISTINCT c FROM sbtest6 WHERE id BETWEEN 1965785 AND 1965794 ORDER BY c
	Unique  (cost=44.19..44.24 rows=10 width=121)
	  ->  Sort  (cost=44.19..44.22 rows=10 width=121)
	        Sort Key: c
	        ->  Index Scan using sbtest6_pkey on sbtest6  (cost=0.43..44.03 rows=10 width=121)
	              Index Cond: ((id >= 1965785) AND (id <= 1965794))

table 7 : explain SELECT DISTINCT c FROM sbtest7 WHERE id BETWEEN 1200918 AND 1200927 ORDER BY c
	Unique  (cost=44.17..44.22 rows=10 width=121)
	  ->  Sort  (cost=44.17..44.19 rows=10 width=121)
	        Sort Key: c
	        ->  Index Scan using sbtest7_pkey on sbtest7  (cost=0.43..44.00 rows=10 width=121)
	              Index Cond: ((id >= 1200918) AND (id <= 1200927))

table 8 : explain SELECT DISTINCT c FROM sbtest8 WHERE id BETWEEN 5708441 AND 5708450 ORDER BY c
	Unique  (cost=48.17..48.23 rows=11 width=121)
	  ->  Sort  (cost=48.17..48.20 rows=11 width=121)
	        Sort Key: c
	        ->  Index Scan using sbtest8_pkey on sbtest8  (cost=0.43..47.98 rows=11 width=121)
	              Index Cond: ((id >= 5708441) AND (id <= 5708450))

for: distinct_ranges
table 1 : explain SELECT DISTINCT c FROM sbtest1 WHERE id BETWEEN 4486755 AND 4486764 ORDER BY c
	Unique  (cost=44.33..44.38 rows=10 width=121)
	  ->  Sort  (cost=44.33..44.35 rows=10 width=121)
	        Sort Key: c
	        ->  Index Scan using sbtest1_pkey on sbtest1  (cost=0.43..44.16 rows=10 width=121)
	              Index Cond: ((id >= 4486755) AND (id <= 4486764))

table 2 : explain SELECT DISTINCT c FROM sbtest2 WHERE id BETWEEN 5878739 AND 5878748 ORDER BY c
	Unique  (cost=44.34..44.39 rows=10 width=121)
	  ->  Sort  (cost=44.34..44.36 rows=10 width=121)
	        Sort Key: c
	        ->  Index Scan using sbtest2_pkey on sbtest2  (cost=0.43..44.17 rows=10 width=121)
	              Index Cond: ((id >= 5878739) AND (id <= 5878748))

table 3 : explain SELECT DISTINCT c FROM sbtest3 WHERE id BETWEEN 417891 AND 417900 ORDER BY c
	Unique  (cost=40.33..40.37 rows=9 width=121)
	  ->  Sort  (cost=40.33..40.35 rows=9 width=121)
	        Sort Key: c
	        ->  Index Scan using sbtest3_pkey on sbtest3  (cost=0.43..40.18 rows=9 width=121)
	              Index Cond: ((id >= 417891) AND (id <= 417900))

table 4 : explain SELECT DISTINCT c FROM sbtest4 WHERE id BETWEEN 3805577 AND 3805586 ORDER BY c
	Unique  (cost=40.25..40.30 rows=9 width=121)
	  ->  Sort  (cost=40.25..40.27 rows=9 width=121)
	        Sort Key: c
	        ->  Index Scan using sbtest4_pkey on sbtest4  (cost=0.43..40.11 rows=9 width=121)
	              Index Cond: ((id >= 3805577) AND (id <= 3805586))

table 5 : explain SELECT DISTINCT c FROM sbtest5 WHERE id BETWEEN 6081451 AND 6081460 ORDER BY c
	Unique  (cost=44.22..44.27 rows=10 width=121)
	  ->  Sort  (cost=44.22..44.24 rows=10 width=121)
	        Sort Key: c
	        ->  Index Scan using sbtest5_pkey on sbtest5  (cost=0.43..44.05 rows=10 width=121)
	              Index Cond: ((id >= 6081451) AND (id <= 6081460))

table 6 : explain SELECT DISTINCT c FROM sbtest6 WHERE id BETWEEN 7307474 AND 7307483 ORDER BY c
	Unique  (cost=44.19..44.24 rows=10 width=121)
	  ->  Sort  (cost=44.19..44.22 rows=10 width=121)
	        Sort Key: c
	        ->  Index Scan using sbtest6_pkey on sbtest6  (cost=0.43..44.03 rows=10 width=121)
	              Index Cond: ((id >= 7307474) AND (id <= 7307483))

table 7 : explain SELECT DISTINCT c FROM sbtest7 WHERE id BETWEEN 2774157 AND 2774166 ORDER BY c
	Unique  (cost=40.19..40.24 rows=9 width=121)
	  ->  Sort  (cost=40.19..40.22 rows=9 width=121)
	        Sort Key: c
	        ->  Index Scan using sbtest7_pkey on sbtest7  (cost=0.43..40.05 rows=9 width=121)
	              Index Cond: ((id >= 2774157) AND (id <= 2774166))

table 8 : explain SELECT DISTINCT c FROM sbtest8 WHERE id BETWEEN 9442345 AND 9442354 ORDER BY c
	Unique  (cost=40.22..40.26 rows=9 width=121)
	  ->  Sort  (cost=40.22..40.24 rows=9 width=121)
	        Sort Key: c
	        ->  Index Scan using sbtest8_pkey on sbtest8  (cost=0.43..40.07 rows=9 width=121)
	              Index Cond: ((id >= 9442345) AND (id <= 9442354))

for: sum_ranges
table 1 : explain SELECT SUM(k) FROM sbtest1 WHERE id BETWEEN 2086853 AND 2086862
	Aggregate  (cost=40.22..40.23 rows=1 width=8)
	  ->  Index Scan using sbtest1_pkey on sbtest1  (cost=0.43..40.19 rows=9 width=4)
	        Index Cond: ((id >= 2086853) AND (id <= 2086862))

table 2 : explain SELECT SUM(k) FROM sbtest2 WHERE id BETWEEN 4427348 AND 4427357
	Aggregate  (cost=40.22..40.23 rows=1 width=8)
	  ->  Index Scan using sbtest2_pkey on sbtest2  (cost=0.43..40.20 rows=9 width=4)
	        Index Cond: ((id >= 4427348) AND (id <= 4427357))

table 3 : explain SELECT SUM(k) FROM sbtest3 WHERE id BETWEEN 5826188 AND 5826197
	Aggregate  (cost=40.21..40.22 rows=1 width=8)
	  ->  Index Scan using sbtest3_pkey on sbtest3  (cost=0.43..40.18 rows=9 width=4)
	        Index Cond: ((id >= 5826188) AND (id <= 5826197))

table 4 : explain SELECT SUM(k) FROM sbtest4 WHERE id BETWEEN 4780175 AND 4780184
	Aggregate  (cost=44.09..44.10 rows=1 width=8)
	  ->  Index Scan using sbtest4_pkey on sbtest4  (cost=0.43..44.07 rows=10 width=4)
	        Index Cond: ((id >= 4780175) AND (id <= 4780184))

table 5 : explain SELECT SUM(k) FROM sbtest5 WHERE id BETWEEN 9425323 AND 9425332
	Aggregate  (cost=44.07..44.08 rows=1 width=8)
	  ->  Index Scan using sbtest5_pkey on sbtest5  (cost=0.43..44.05 rows=10 width=4)
	        Index Cond: ((id >= 9425323) AND (id <= 9425332))

table 6 : explain SELECT SUM(k) FROM sbtest6 WHERE id BETWEEN 7051105 AND 7051114
	Aggregate  (cost=40.10..40.11 rows=1 width=8)
	  ->  Index Scan using sbtest6_pkey on sbtest6  (cost=0.43..40.07 rows=9 width=4)
	        Index Cond: ((id >= 7051105) AND (id <= 7051114))

table 7 : explain SELECT SUM(k) FROM sbtest7 WHERE id BETWEEN 2129239 AND 2129248
	Aggregate  (cost=44.02..44.03 rows=1 width=8)
	  ->  Index Scan using sbtest7_pkey on sbtest7  (cost=0.43..44.00 rows=10 width=4)
	        Index Cond: ((id >= 2129239) AND (id <= 2129248))

table 8 : explain SELECT SUM(k) FROM sbtest8 WHERE id BETWEEN 9966982 AND 9966991
	Aggregate  (cost=44.05..44.06 rows=1 width=8)
	  ->  Index Scan using sbtest8_pkey on sbtest8  (cost=0.43..44.03 rows=10 width=4)
	        Index Cond: ((id >= 9966982) AND (id <= 9966991))

for: simple_ranges
table 1 : explain SELECT c FROM sbtest1 WHERE id BETWEEN 8825517 AND 8825526
	Index Scan using sbtest1_pkey on sbtest1  (cost=0.43..48.13 rows=11 width=121)
	  Index Cond: ((id >= 8825517) AND (id <= 8825526))

table 2 : explain SELECT c FROM sbtest2 WHERE id BETWEEN 9581582 AND 9581591
	Index Scan using sbtest2_pkey on sbtest2  (cost=0.43..40.20 rows=9 width=121)
	  Index Cond: ((id >= 9581582) AND (id <= 9581591))

table 3 : explain SELECT c FROM sbtest3 WHERE id BETWEEN 6802499 AND 6802508
	Index Scan using sbtest3_pkey on sbtest3  (cost=0.43..44.15 rows=10 width=121)
	  Index Cond: ((id >= 6802499) AND (id <= 6802508))

table 4 : explain SELECT c FROM sbtest4 WHERE id BETWEEN 3284533 AND 3284542
	Index Scan using sbtest4_pkey on sbtest4  (cost=0.43..44.07 rows=10 width=121)
	  Index Cond: ((id >= 3284533) AND (id <= 3284542))

table 5 : explain SELECT c FROM sbtest5 WHERE id BETWEEN 5606192 AND 5606201
	Index Scan using sbtest5_pkey on sbtest5  (cost=0.43..40.09 rows=9 width=121)
	  Index Cond: ((id >= 5606192) AND (id <= 5606201))

table 6 : explain SELECT c FROM sbtest6 WHERE id BETWEEN 9666693 AND 9666702
	Index Scan using sbtest6_pkey on sbtest6  (cost=0.43..44.03 rows=10 width=121)
	  Index Cond: ((id >= 9666693) AND (id <= 9666702))

table 7 : explain SELECT c FROM sbtest7 WHERE id BETWEEN 4754945 AND 4754954
	Index Scan using sbtest7_pkey on sbtest7  (cost=0.43..47.95 rows=11 width=121)
	  Index Cond: ((id >= 4754945) AND (id <= 4754954))

table 8 : explain SELECT c FROM sbtest8 WHERE id BETWEEN 2793875 AND 2793884
	Index Scan using sbtest8_pkey on sbtest8  (cost=0.43..47.98 rows=11 width=121)
	  Index Cond: ((id >= 2793875) AND (id <= 2793884))

explain: for point_selects :: explain SELECT c FROM sbtest%u WHERE id=%u
for: order_ranges
table 1 : explain SELECT c FROM sbtest1 WHERE id BETWEEN 9515195 AND 9515204 ORDER BY c
	Sort  (cost=44.33..44.35 rows=10 width=121)
	  Sort Key: c
	  ->  Index Scan using sbtest1_pkey on sbtest1  (cost=0.43..44.16 rows=10 width=121)
	        Index Cond: ((id >= 9515195) AND (id <= 9515204))

table 2 : explain SELECT c FROM sbtest2 WHERE id BETWEEN 3514132 AND 3514141 ORDER BY c
	Sort  (cost=44.34..44.36 rows=10 width=121)
	  Sort Key: c
	  ->  Index Scan using sbtest2_pkey on sbtest2  (cost=0.43..44.17 rows=10 width=121)
	        Index Cond: ((id >= 3514132) AND (id <= 3514141))

table 3 : explain SELECT c FROM sbtest3 WHERE id BETWEEN 9281795 AND 9281804 ORDER BY c
	Sort  (cost=40.33..40.35 rows=9 width=121)
	  Sort Key: c
	  ->  Index Scan using sbtest3_pkey on sbtest3  (cost=0.43..40.18 rows=9 width=121)
	        Index Cond: ((id >= 9281795) AND (id <= 9281804))

table 4 : explain SELECT c FROM sbtest4 WHERE id BETWEEN 1862955 AND 1862964 ORDER BY c
	Sort  (cost=48.21..48.24 rows=11 width=121)
	  Sort Key: c
	  ->  Index Scan using sbtest4_pkey on sbtest4  (cost=0.43..48.02 rows=11 width=121)
	        Index Cond: ((id >= 1862955) AND (id <= 1862964))

table 5 : explain SELECT c FROM sbtest5 WHERE id BETWEEN 6878118 AND 6878127 ORDER BY c
	Sort  (cost=44.22..44.24 rows=10 width=121)
	  Sort Key: c
	  ->  Index Scan using sbtest5_pkey on sbtest5  (cost=0.43..44.05 rows=10 width=121)
	        Index Cond: ((id >= 6878118) AND (id <= 6878127))

table 6 : explain SELECT c FROM sbtest6 WHERE id BETWEEN 9828853 AND 9828862 ORDER BY c
	Sort  (cost=48.17..48.20 rows=11 width=121)
	  Sort Key: c
	  ->  Index Scan using sbtest6_pkey on sbtest6  (cost=0.43..47.98 rows=11 width=121)
	        Index Cond: ((id >= 9828853) AND (id <= 9828862))

table 7 : explain SELECT c FROM sbtest7 WHERE id BETWEEN 179749 AND 179758 ORDER BY c
	Sort  (cost=44.17..44.19 rows=10 width=121)
	  Sort Key: c
	  ->  Index Scan using sbtest7_pkey on sbtest7  (cost=0.43..44.00 rows=10 width=121)
	        Index Cond: ((id >= 179749) AND (id <= 179758))

table 8 : explain SELECT c FROM sbtest8 WHERE id BETWEEN 4455562 AND 4455571 ORDER BY c
	Sort  (cost=40.22..40.24 rows=9 width=121)
	  Sort Key: c
	  ->  Index Scan using sbtest8_pkey on sbtest8  (cost=0.43..40.07 rows=9 width=121)
	        Index Cond: ((id >= 4455562) AND (id <= 4455571))

for point_selects
table 1 : explain SELECT c FROM sbtest1 WHERE id=3133036
	Index Scan using sbtest1_pkey on sbtest1  (cost=0.43..8.45 rows=1 width=121)
	  Index Cond: (id = 3133036)

table 2 : explain SELECT c FROM sbtest2 WHERE id=2317097
	Index Scan using sbtest2_pkey on sbtest2  (cost=0.43..8.45 rows=1 width=121)
	  Index Cond: (id = 2317097)

table 3 : explain SELECT c FROM sbtest3 WHERE id=4301020
	Index Scan using sbtest3_pkey on sbtest3  (cost=0.43..8.45 rows=1 width=121)
	  Index Cond: (id = 4301020)

table 4 : explain SELECT c FROM sbtest4 WHERE id=7653492
	Index Scan using sbtest4_pkey on sbtest4  (cost=0.43..8.45 rows=1 width=121)
	  Index Cond: (id = 7653492)

table 5 : explain SELECT c FROM sbtest5 WHERE id=847802
	Index Scan using sbtest5_pkey on sbtest5  (cost=0.43..8.45 rows=1 width=121)
	  Index Cond: (id = 847802)

table 6 : explain SELECT c FROM sbtest6 WHERE id=684273
	Index Scan using sbtest6_pkey on sbtest6  (cost=0.43..8.45 rows=1 width=121)
	  Index Cond: (id = 684273)

table 7 : explain SELECT c FROM sbtest7 WHERE id=3614865
	Index Scan using sbtest7_pkey on sbtest7  (cost=0.43..8.45 rows=1 width=121)
	  Index Cond: (id = 3614865)

table 8 : explain SELECT c FROM sbtest8 WHERE id=724057
	Index Scan using sbtest8_pkey on sbtest8  (cost=0.43..8.45 rows=1 width=121)
	  Index Cond: (id = 724057)

for: distinct_ranges
table 1 : explain SELECT DISTINCT c FROM sbtest1 WHERE id BETWEEN 4894745 AND 4894754 ORDER BY c
	Unique  (cost=48.32..48.38 rows=11 width=121)
	  ->  Sort  (cost=48.32..48.35 rows=11 width=121)
	        Sort Key: c
	        ->  Index Scan using sbtest1_pkey on sbtest1  (cost=0.43..48.13 rows=11 width=121)
	              Index Cond: ((id >= 4894745) AND (id <= 4894754))

table 2 : explain SELECT DISTINCT c FROM sbtest2 WHERE id BETWEEN 6931251 AND 6931260 ORDER BY c
	Unique  (cost=40.34..40.39 rows=9 width=121)
	  ->  Sort  (cost=40.34..40.37 rows=9 width=121)
	        Sort Key: c
	        ->  Index Scan using sbtest2_pkey on sbtest2  (cost=0.43..40.20 rows=9 width=121)
	              Index Cond: ((id >= 6931251) AND (id <= 6931260))

table 3 : explain SELECT DISTINCT c FROM sbtest3 WHERE id BETWEEN 6654777 AND 6654786 ORDER BY c
	Unique  (cost=44.32..44.37 rows=10 width=121)
	  ->  Sort  (cost=44.32..44.34 rows=10 width=121)
	        Sort Key: c
	        ->  Index Scan using sbtest3_pkey on sbtest3  (cost=0.43..44.15 rows=10 width=121)
	              Index Cond: ((id >= 6654777) AND (id <= 6654786))

table 4 : explain SELECT DISTINCT c FROM sbtest4 WHERE id BETWEEN 9547865 AND 9547874 ORDER BY c
	Unique  (cost=44.23..44.28 rows=10 width=121)
	  ->  Sort  (cost=44.23..44.26 rows=10 width=121)
	        Sort Key: c
	        ->  Index Scan using sbtest4_pkey on sbtest4  (cost=0.43..44.07 rows=10 width=121)
	              Index Cond: ((id >= 9547865) AND (id <= 9547874))

table 5 : explain SELECT DISTINCT c FROM sbtest5 WHERE id BETWEEN 4108617 AND 4108626 ORDER BY c
	Unique  (cost=44.22..44.27 rows=10 width=121)
	  ->  Sort  (cost=44.22..44.24 rows=10 width=121)
	        Sort Key: c
	        ->  Index Scan using sbtest5_pkey on sbtest5  (cost=0.43..44.05 rows=10 width=121)
	              Index Cond: ((id >= 4108617) AND (id <= 4108626))

table 6 : explain SELECT DISTINCT c FROM sbtest6 WHERE id BETWEEN 316306 AND 316315 ORDER BY c
	Unique  (cost=40.22..40.26 rows=9 width=121)
	  ->  Sort  (cost=40.22..40.24 rows=9 width=121)
	        Sort Key: c
	        ->  Index Scan using sbtest6_pkey on sbtest6  (cost=0.43..40.07 rows=9 width=121)
	              Index Cond: ((id >= 316306) AND (id <= 316315))

table 7 : explain SELECT DISTINCT c FROM sbtest7 WHERE id BETWEEN 9124083 AND 9124092 ORDER BY c
	Unique  (cost=44.17..44.22 rows=10 width=121)
	  ->  Sort  (cost=44.17..44.19 rows=10 width=121)
	        Sort Key: c
	        ->  Index Scan using sbtest7_pkey on sbtest7  (cost=0.43..44.00 rows=10 width=121)
	              Index Cond: ((id >= 9124083) AND (id <= 9124092))

table 8 : explain SELECT DISTINCT c FROM sbtest8 WHERE id BETWEEN 6041334 AND 6041343 ORDER BY c
	Unique  (cost=44.19..44.24 rows=10 width=121)
	  ->  Sort  (cost=44.19..44.22 rows=10 width=121)
	        Sort Key: c
	        ->  Index Scan using sbtest8_pkey on sbtest8  (cost=0.43..44.03 rows=10 width=121)
	              Index Cond: ((id >= 6041334) AND (id <= 6041343))

for: order_ranges
table 1 : explain SELECT c FROM sbtest1 WHERE id BETWEEN 2969466 AND 2969475 ORDER BY c
	Sort  (cost=44.33..44.35 rows=10 width=121)
	  Sort Key: c
	  ->  Index Scan using sbtest1_pkey on sbtest1  (cost=0.43..44.16 rows=10 width=121)
	        Index Cond: ((id >= 2969466) AND (id <= 2969475))

table 2 : explain SELECT c FROM sbtest2 WHERE id BETWEEN 4345372 AND 4345381 ORDER BY c
	Sort  (cost=44.34..44.36 rows=10 width=121)
	  Sort Key: c
	  ->  Index Scan using sbtest2_pkey on sbtest2  (cost=0.43..44.17 rows=10 width=121)
	        Index Cond: ((id >= 4345372) AND (id <= 4345381))

table 3 : explain SELECT c FROM sbtest3 WHERE id BETWEEN 2039677 AND 2039686 ORDER BY c
	Sort  (cost=44.32..44.34 rows=10 width=121)
	  Sort Key: c
	  ->  Index Scan using sbtest3_pkey on sbtest3  (cost=0.43..44.15 rows=10 width=121)
	        Index Cond: ((id >= 2039677) AND (id <= 2039686))

table 4 : explain SELECT c FROM sbtest4 WHERE id BETWEEN 122192 AND 122201 ORDER BY c
	Sort  (cost=44.23..44.26 rows=10 width=121)
	  Sort Key: c
	  ->  Index Scan using sbtest4_pkey on sbtest4  (cost=0.43..44.07 rows=10 width=121)
	        Index Cond: ((id >= 122192) AND (id <= 122201))

table 5 : explain SELECT c FROM sbtest5 WHERE id BETWEEN 2225054 AND 2225063 ORDER BY c
	Sort  (cost=44.22..44.24 rows=10 width=121)
	  Sort Key: c
	  ->  Index Scan using sbtest5_pkey on sbtest5  (cost=0.43..44.05 rows=10 width=121)
	        Index Cond: ((id >= 2225054) AND (id <= 2225063))

table 6 : explain SELECT c FROM sbtest6 WHERE id BETWEEN 9179365 AND 9179374 ORDER BY c
	Sort  (cost=44.19..44.22 rows=10 width=121)
	  Sort Key: c
	  ->  Index Scan using sbtest6_pkey on sbtest6  (cost=0.43..44.03 rows=10 width=121)
	        Index Cond: ((id >= 9179365) AND (id <= 9179374))

table 7 : explain SELECT c FROM sbtest7 WHERE id BETWEEN 7821574 AND 7821583 ORDER BY c
	Sort  (cost=44.17..44.19 rows=10 width=121)
	  Sort Key: c
	  ->  Index Scan using sbtest7_pkey on sbtest7  (cost=0.43..44.00 rows=10 width=121)
	        Index Cond: ((id >= 7821574) AND (id <= 7821583))

table 8 : explain SELECT c FROM sbtest8 WHERE id BETWEEN 9071196 AND 9071205 ORDER BY c
	Sort  (cost=40.22..40.24 rows=9 width=121)
	  Sort Key: c
	  ->  Index Scan using sbtest8_pkey on sbtest8  (cost=0.43..40.07 rows=9 width=121)
	        Index Cond: ((id >= 9071196) AND (id <= 9071205))

for: simple_ranges
table 1 : explain SELECT c FROM sbtest1 WHERE id BETWEEN 118614 AND 118623
	Index Scan using sbtest1_pkey on sbtest1  (cost=0.43..44.16 rows=10 width=121)
	  Index Cond: ((id >= 118614) AND (id <= 118623))

table 2 : explain SELECT c FROM sbtest2 WHERE id BETWEEN 853420 AND 853429
	Index Scan using sbtest2_pkey on sbtest2  (cost=0.43..44.17 rows=10 width=121)
	  Index Cond: ((id >= 853420) AND (id <= 853429))

table 3 : explain SELECT c FROM sbtest3 WHERE id BETWEEN 931424 AND 931433
	Index Scan using sbtest3_pkey on sbtest3  (cost=0.43..44.15 rows=10 width=121)
	  Index Cond: ((id >= 931424) AND (id <= 931433))

table 4 : explain SELECT c FROM sbtest4 WHERE id BETWEEN 7264898 AND 7264907
	Index Scan using sbtest4_pkey on sbtest4  (cost=0.43..44.07 rows=10 width=121)
	  Index Cond: ((id >= 7264898) AND (id <= 7264907))

table 5 : explain SELECT c FROM sbtest5 WHERE id BETWEEN 7894278 AND 7894287
	Index Scan using sbtest5_pkey on sbtest5  (cost=0.43..40.09 rows=9 width=121)
	  Index Cond: ((id >= 7894278) AND (id <= 7894287))

table 6 : explain SELECT c FROM sbtest6 WHERE id BETWEEN 3519413 AND 3519422
	Index Scan using sbtest6_pkey on sbtest6  (cost=0.43..47.98 rows=11 width=121)
	  Index Cond: ((id >= 3519413) AND (id <= 3519422))

table 7 : explain SELECT c FROM sbtest7 WHERE id BETWEEN 7335027 AND 7335036
	Index Scan using sbtest7_pkey on sbtest7  (cost=0.43..47.95 rows=11 width=121)
	  Index Cond: ((id >= 7335027) AND (id <= 7335036))

table 8 : explain SELECT c FROM sbtest8 WHERE id BETWEEN 4207410 AND 4207419
	Index Scan using sbtest8_pkey on sbtest8  (cost=0.43..44.03 rows=10 width=121)
	  Index Cond: ((id >= 4207410) AND (id <= 4207419))

for: sum_ranges
table 1 : explain SELECT SUM(k) FROM sbtest1 WHERE id BETWEEN 7386603 AND 7386612
	Aggregate  (cost=44.19..44.20 rows=1 width=8)
	  ->  Index Scan using sbtest1_pkey on sbtest1  (cost=0.43..44.16 rows=10 width=4)
	        Index Cond: ((id >= 7386603) AND (id <= 7386612))

table 2 : explain SELECT SUM(k) FROM sbtest2 WHERE id BETWEEN 3730201 AND 3730210
	Aggregate  (cost=40.22..40.23 rows=1 width=8)
	  ->  Index Scan using sbtest2_pkey on sbtest2  (cost=0.43..40.20 rows=9 width=4)
	        Index Cond: ((id >= 3730201) AND (id <= 3730210))

table 3 : explain SELECT SUM(k) FROM sbtest3 WHERE id BETWEEN 6220581 AND 6220590
	Aggregate  (cost=44.17..44.18 rows=1 width=8)
	  ->  Index Scan using sbtest3_pkey on sbtest3  (cost=0.43..44.15 rows=10 width=4)
	        Index Cond: ((id >= 6220581) AND (id <= 6220590))

table 4 : explain SELECT SUM(k) FROM sbtest4 WHERE id BETWEEN 3624230 AND 3624239
	Aggregate  (cost=44.09..44.10 rows=1 width=8)
	  ->  Index Scan using sbtest4_pkey on sbtest4  (cost=0.43..44.07 rows=10 width=4)
	        Index Cond: ((id >= 3624230) AND (id <= 3624239))

table 5 : explain SELECT SUM(k) FROM sbtest5 WHERE id BETWEEN 9121977 AND 9121986
	Aggregate  (cost=44.07..44.08 rows=1 width=8)
	  ->  Index Scan using sbtest5_pkey on sbtest5  (cost=0.43..44.05 rows=10 width=4)
	        Index Cond: ((id >= 9121977) AND (id <= 9121986))

table 6 : explain SELECT SUM(k) FROM sbtest6 WHERE id BETWEEN 5003306 AND 5003315
	Aggregate  (cost=40.10..40.11 rows=1 width=8)
	  ->  Index Scan using sbtest6_pkey on sbtest6  (cost=0.43..40.07 rows=9 width=4)
	        Index Cond: ((id >= 5003306) AND (id <= 5003315))

table 7 : explain SELECT SUM(k) FROM sbtest7 WHERE id BETWEEN 2750184 AND 2750193
	Aggregate  (cost=40.07..40.08 rows=1 width=8)
	  ->  Index Scan using sbtest7_pkey on sbtest7  (cost=0.43..40.05 rows=9 width=4)
	        Index Cond: ((id >= 2750184) AND (id <= 2750193))

table 8 : explain SELECT SUM(k) FROM sbtest8 WHERE id BETWEEN 1403597 AND 1403606
	Aggregate  (cost=40.10..40.11 rows=1 width=8)
	  ->  Index Scan using sbtest8_pkey on sbtest8  (cost=0.43..40.07 rows=9 width=4)
	        Index Cond: ((id >= 1403597) AND (id <= 1403606))

for point_selects
table 1 : explain SELECT c FROM sbtest1 WHERE id=508465
	Index Scan using sbtest1_pkey on sbtest1  (cost=0.43..8.45 rows=1 width=121)
	  Index Cond: (id = 508465)

table 2 : explain SELECT c FROM sbtest2 WHERE id=2030435
	Index Scan using sbtest2_pkey on sbtest2  (cost=0.43..8.45 rows=1 width=121)
	  Index Cond: (id = 2030435)

table 3 : explain SELECT c FROM sbtest3 WHERE id=9706122
	Index Scan using sbtest3_pkey on sbtest3  (cost=0.43..8.45 rows=1 width=121)
	  Index Cond: (id = 9706122)

table 4 : explain SELECT c FROM sbtest4 WHERE id=6421029
	Index Scan using sbtest4_pkey on sbtest4  (cost=0.43..8.45 rows=1 width=121)
	  Index Cond: (id = 6421029)

table 5 : explain SELECT c FROM sbtest5 WHERE id=3733148
	Index Scan using sbtest5_pkey on sbtest5  (cost=0.43..8.45 rows=1 width=121)
	  Index Cond: (id = 3733148)

table 6 : explain SELECT c FROM sbtest6 WHERE id=6728795
	Index Scan using sbtest6_pkey on sbtest6  (cost=0.43..8.45 rows=1 width=121)
	  Index Cond: (id = 6728795)

table 7 : explain SELECT c FROM sbtest7 WHERE id=7454079
	Index Scan using sbtest7_pkey on sbtest7  (cost=0.43..8.45 rows=1 width=121)
	  Index Cond: (id = 7454079)

table 8 : explain SELECT c FROM sbtest8 WHERE id=1480453
	Index Scan using sbtest8_pkey on sbtest8  (cost=0.43..8.45 rows=1 width=121)
	  Index Cond: (id = 1480453)

for: order_ranges
table 1 : explain SELECT c FROM sbtest1 WHERE id BETWEEN 3408425 AND 3408434 ORDER BY c
	Sort  (cost=44.33..44.35 rows=10 width=121)
	  Sort Key: c
	  ->  Index Scan using sbtest1_pkey on sbtest1  (cost=0.43..44.16 rows=10 width=121)
	        Index Cond: ((id >= 3408425) AND (id <= 3408434))

table 2 : explain SELECT c FROM sbtest2 WHERE id BETWEEN 2671243 AND 2671252 ORDER BY c
	Sort  (cost=44.34..44.36 rows=10 width=121)
	  Sort Key: c
	  ->  Index Scan using sbtest2_pkey on sbtest2  (cost=0.43..44.17 rows=10 width=121)
	        Index Cond: ((id >= 2671243) AND (id <= 2671252))

table 3 : explain SELECT c FROM sbtest3 WHERE id BETWEEN 1022741 AND 1022750 ORDER BY c
	Sort  (cost=44.32..44.34 rows=10 width=121)
	  Sort Key: c
	  ->  Index Scan using sbtest3_pkey on sbtest3  (cost=0.43..44.15 rows=10 width=121)
	        Index Cond: ((id >= 1022741) AND (id <= 1022750))

table 4 : explain SELECT c FROM sbtest4 WHERE id BETWEEN 8208210 AND 8208219 ORDER BY c
	Sort  (cost=48.21..48.24 rows=11 width=121)
	  Sort Key: c
	  ->  Index Scan using sbtest4_pkey on sbtest4  (cost=0.43..48.02 rows=11 width=121)
	        Index Cond: ((id >= 8208210) AND (id <= 8208219))

table 5 : explain SELECT c FROM sbtest5 WHERE id BETWEEN 3705130 AND 3705139 ORDER BY c
	Sort  (cost=44.22..44.24 rows=10 width=121)
	  Sort Key: c
	  ->  Index Scan using sbtest5_pkey on sbtest5  (cost=0.43..44.05 rows=10 width=121)
	        Index Cond: ((id >= 3705130) AND (id <= 3705139))

table 6 : explain SELECT c FROM sbtest6 WHERE id BETWEEN 6581288 AND 6581297 ORDER BY c
	Sort  (cost=44.19..44.22 rows=10 width=121)
	  Sort Key: c
	  ->  Index Scan using sbtest6_pkey on sbtest6  (cost=0.43..44.03 rows=10 width=121)
	        Index Cond: ((id >= 6581288) AND (id <= 6581297))

table 7 : explain SELECT c FROM sbtest7 WHERE id BETWEEN 5680828 AND 5680837 ORDER BY c
	Sort  (cost=44.17..44.19 rows=10 width=121)
	  Sort Key: c
	  ->  Index Scan using sbtest7_pkey on sbtest7  (cost=0.43..44.00 rows=10 width=121)
	        Index Cond: ((id >= 5680828) AND (id <= 5680837))

table 8 : explain SELECT c FROM sbtest8 WHERE id BETWEEN 162289 AND 162298 ORDER BY c
	Sort  (cost=40.22..40.24 rows=9 width=121)
	  Sort Key: c
	  ->  Index Scan using sbtest8_pkey on sbtest8  (cost=0.43..40.07 rows=9 width=121)
	        Index Cond: ((id >= 162289) AND (id <= 162298))

for: distinct_ranges
table 1 : explain SELECT DISTINCT c FROM sbtest1 WHERE id BETWEEN 5209282 AND 5209291 ORDER BY c
	Unique  (cost=40.34..40.38 rows=9 width=121)
	  ->  Sort  (cost=40.34..40.36 rows=9 width=121)
	        Sort Key: c
	        ->  Index Scan using sbtest1_pkey on sbtest1  (cost=0.43..40.19 rows=9 width=121)
	              Index Cond: ((id >= 5209282) AND (id <= 5209291))

table 2 : explain SELECT DISTINCT c FROM sbtest2 WHERE id BETWEEN 5494267 AND 5494276 ORDER BY c
	Unique  (cost=48.33..48.38 rows=11 width=121)
	  ->  Sort  (cost=48.33..48.36 rows=11 width=121)
	        Sort Key: c
	        ->  Index Scan using sbtest2_pkey on sbtest2  (cost=0.43..48.14 rows=11 width=121)
	              Index Cond: ((id >= 5494267) AND (id <= 5494276))

table 3 : explain SELECT DISTINCT c FROM sbtest3 WHERE id BETWEEN 2469392 AND 2469401 ORDER BY c
	Unique  (cost=44.32..44.37 rows=10 width=121)
	  ->  Sort  (cost=44.32..44.34 rows=10 width=121)
	        Sort Key: c
	        ->  Index Scan using sbtest3_pkey on sbtest3  (cost=0.43..44.15 rows=10 width=121)
	              Index Cond: ((id >= 2469392) AND (id <= 2469401))

table 4 : explain SELECT DISTINCT c FROM sbtest4 WHERE id BETWEEN 7400571 AND 7400580 ORDER BY c
	Unique  (cost=44.23..44.28 rows=10 width=121)
	  ->  Sort  (cost=44.23..44.26 rows=10 width=121)
	        Sort Key: c
	        ->  Index Scan using sbtest4_pkey on sbtest4  (cost=0.43..44.07 rows=10 width=121)
	              Index Cond: ((id >= 7400571) AND (id <= 7400580))

table 5 : explain SELECT DISTINCT c FROM sbtest5 WHERE id BETWEEN 4831313 AND 4831322 ORDER BY c
	Unique  (cost=48.19..48.25 rows=11 width=121)
	  ->  Sort  (cost=48.19..48.22 rows=11 width=121)
	        Sort Key: c
	        ->  Index Scan using sbtest5_pkey on sbtest5  (cost=0.43..48.00 rows=11 width=121)
	              Index Cond: ((id >= 4831313) AND (id <= 4831322))

table 6 : explain SELECT DISTINCT c FROM sbtest6 WHERE id BETWEEN 6846695 AND 6846704 ORDER BY c
	Unique  (cost=44.19..44.24 rows=10 width=121)
	  ->  Sort  (cost=44.19..44.22 rows=10 width=121)
	        Sort Key: c
	        ->  Index Scan using sbtest6_pkey on sbtest6  (cost=0.43..44.03 rows=10 width=121)
	              Index Cond: ((id >= 6846695) AND (id <= 6846704))

table 7 : explain SELECT DISTINCT c FROM sbtest7 WHERE id BETWEEN 5116200 AND 5116209 ORDER BY c
	Unique  (cost=44.17..44.22 rows=10 width=121)
	  ->  Sort  (cost=44.17..44.19 rows=10 width=121)
	        Sort Key: c
	        ->  Index Scan using sbtest7_pkey on sbtest7  (cost=0.43..44.00 rows=10 width=121)
	              Index Cond: ((id >= 5116200) AND (id <= 5116209))

table 8 : explain SELECT DISTINCT c FROM sbtest8 WHERE id BETWEEN 6921493 AND 6921502 ORDER BY c
	Unique  (cost=40.22..40.26 rows=9 width=121)
	  ->  Sort  (cost=40.22..40.24 rows=9 width=121)
	        Sort Key: c
	        ->  Index Scan using sbtest8_pkey on sbtest8  (cost=0.43..40.07 rows=9 width=121)
	              Index Cond: ((id >= 6921493) AND (id <= 6921502))

for: sum_ranges
table 1 : explain SELECT SUM(k) FROM sbtest1 WHERE id BETWEEN 6241071 AND 6241080
	Aggregate  (cost=44.19..44.20 rows=1 width=8)
	  ->  Index Scan using sbtest1_pkey on sbtest1  (cost=0.43..44.16 rows=10 width=4)
	        Index Cond: ((id >= 6241071) AND (id <= 6241080))

table 2 : explain SELECT SUM(k) FROM sbtest2 WHERE id BETWEEN 6274586 AND 6274595
	Aggregate  (cost=44.19..44.20 rows=1 width=8)
	  ->  Index Scan using sbtest2_pkey on sbtest2  (cost=0.43..44.17 rows=10 width=4)
	        Index Cond: ((id >= 6274586) AND (id <= 6274595))

table 3 : explain SELECT SUM(k) FROM sbtest3 WHERE id BETWEEN 803884 AND 803893
	Aggregate  (cost=44.17..44.18 rows=1 width=8)
	  ->  Index Scan using sbtest3_pkey on sbtest3  (cost=0.43..44.15 rows=10 width=4)
	        Index Cond: ((id >= 803884) AND (id <= 803893))

table 4 : explain SELECT SUM(k) FROM sbtest4 WHERE id BETWEEN 5418767 AND 5418776
	Aggregate  (cost=44.09..44.10 rows=1 width=8)
	  ->  Index Scan using sbtest4_pkey on sbtest4  (cost=0.43..44.07 rows=10 width=4)
	        Index Cond: ((id >= 5418767) AND (id <= 5418776))

table 5 : explain SELECT SUM(k) FROM sbtest5 WHERE id BETWEEN 1204376 AND 1204385
	Aggregate  (cost=44.07..44.08 rows=1 width=8)
	  ->  Index Scan using sbtest5_pkey on sbtest5  (cost=0.43..44.05 rows=10 width=4)
	        Index Cond: ((id >= 1204376) AND (id <= 1204385))

table 6 : explain SELECT SUM(k) FROM sbtest6 WHERE id BETWEEN 110359 AND 110368
	Aggregate  (cost=48.01..48.02 rows=1 width=8)
	  ->  Index Scan using sbtest6_pkey on sbtest6  (cost=0.43..47.98 rows=11 width=4)
	        Index Cond: ((id >= 110359) AND (id <= 110368))

table 7 : explain SELECT SUM(k) FROM sbtest7 WHERE id BETWEEN 143008 AND 143017
	Aggregate  (cost=44.02..44.03 rows=1 width=8)
	  ->  Index Scan using sbtest7_pkey on sbtest7  (cost=0.43..44.00 rows=10 width=4)
	        Index Cond: ((id >= 143008) AND (id <= 143017))

table 8 : explain SELECT SUM(k) FROM sbtest8 WHERE id BETWEEN 4623564 AND 4623573
	Aggregate  (cost=44.05..44.06 rows=1 width=8)
	  ->  Index Scan using sbtest8_pkey on sbtest8  (cost=0.43..44.03 rows=10 width=4)
	        Index Cond: ((id >= 4623564) AND (id <= 4623573))

for: simple_ranges
table 1 : explain SELECT c FROM sbtest1 WHERE id BETWEEN 3832514 AND 3832523
	Index Scan using sbtest1_pkey on sbtest1  (cost=0.43..40.19 rows=9 width=121)
	  Index Cond: ((id >= 3832514) AND (id <= 3832523))

table 2 : explain SELECT c FROM sbtest2 WHERE id BETWEEN 8114799 AND 8114808
	Index Scan using sbtest2_pkey on sbtest2  (cost=0.43..48.14 rows=11 width=121)
	  Index Cond: ((id >= 8114799) AND (id <= 8114808))

table 3 : explain SELECT c FROM sbtest3 WHERE id BETWEEN 2087682 AND 2087691
	Index Scan using sbtest3_pkey on sbtest3  (cost=0.43..48.12 rows=11 width=121)
	  Index Cond: ((id >= 2087682) AND (id <= 2087691))

table 4 : explain SELECT c FROM sbtest4 WHERE id BETWEEN 125663 AND 125672
	Index Scan using sbtest4_pkey on sbtest4  (cost=0.43..44.07 rows=10 width=121)
	  Index Cond: ((id >= 125663) AND (id <= 125672))

table 5 : explain SELECT c FROM sbtest5 WHERE id BETWEEN 8837126 AND 8837135
	Index Scan using sbtest5_pkey on sbtest5  (cost=0.43..44.05 rows=10 width=121)
	  Index Cond: ((id >= 8837126) AND (id <= 8837135))

table 6 : explain SELECT c FROM sbtest6 WHERE id BETWEEN 8593503 AND 8593512
	Index Scan using sbtest6_pkey on sbtest6  (cost=0.43..47.98 rows=11 width=121)
	  Index Cond: ((id >= 8593503) AND (id <= 8593512))

table 7 : explain SELECT c FROM sbtest7 WHERE id BETWEEN 2314301 AND 2314310
	Index Scan using sbtest7_pkey on sbtest7  (cost=0.43..40.05 rows=9 width=121)
	  Index Cond: ((id >= 2314301) AND (id <= 2314310))

table 8 : explain SELECT c FROM sbtest8 WHERE id BETWEEN 7617555 AND 7617564
	Index Scan using sbtest8_pkey on sbtest8  (cost=0.43..44.03 rows=10 width=121)
	  Index Cond: ((id >= 7617555) AND (id <= 7617564))

for point_selects
table 1 : explain SELECT c FROM sbtest1 WHERE id=3725715
	Index Scan using sbtest1_pkey on sbtest1  (cost=0.43..8.45 rows=1 width=121)
	  Index Cond: (id = 3725715)

table 2 : explain SELECT c FROM sbtest2 WHERE id=1290399
	Index Scan using sbtest2_pkey on sbtest2  (cost=0.43..8.45 rows=1 width=121)
	  Index Cond: (id = 1290399)

table 3 : explain SELECT c FROM sbtest3 WHERE id=5925144
	Index Scan using sbtest3_pkey on sbtest3  (cost=0.43..8.45 rows=1 width=121)
	  Index Cond: (id = 5925144)

table 4 : explain SELECT c FROM sbtest4 WHERE id=2385561
	Index Scan using sbtest4_pkey on sbtest4  (cost=0.43..8.45 rows=1 width=121)
	  Index Cond: (id = 2385561)

table 5 : explain SELECT c FROM sbtest5 WHERE id=2269017
	Index Scan using sbtest5_pkey on sbtest5  (cost=0.43..8.45 rows=1 width=121)
	  Index Cond: (id = 2269017)

table 6 : explain SELECT c FROM sbtest6 WHERE id=8282383
	Index Scan using sbtest6_pkey on sbtest6  (cost=0.43..8.45 rows=1 width=121)
	  Index Cond: (id = 8282383)

table 7 : explain SELECT c FROM sbtest7 WHERE id=7410446
	Index Scan using sbtest7_pkey on sbtest7  (cost=0.43..8.45 rows=1 width=121)
	  Index Cond: (id = 7410446)

table 8 : explain SELECT c FROM sbtest8 WHERE id=9921444
	Index Scan using sbtest8_pkey on sbtest8  (cost=0.43..8.45 rows=1 width=121)
	  Index Cond: (id = 9921444)

for: distinct_ranges
table 1 : explain SELECT DISTINCT c FROM sbtest1 WHERE id BETWEEN 1452176 AND 1452185 ORDER BY c
	Unique  (cost=44.33..44.38 rows=10 width=121)
	  ->  Sort  (cost=44.33..44.35 rows=10 width=121)
	        Sort Key: c
	        ->  Index Scan using sbtest1_pkey on sbtest1  (cost=0.43..44.16 rows=10 width=121)
	              Index Cond: ((id >= 1452176) AND (id <= 1452185))

table 2 : explain SELECT DISTINCT c FROM sbtest2 WHERE id BETWEEN 4309016 AND 4309025 ORDER BY c
	Unique  (cost=44.34..44.39 rows=10 width=121)
	  ->  Sort  (cost=44.34..44.36 rows=10 width=121)
	        Sort Key: c
	        ->  Index Scan using sbtest2_pkey on sbtest2  (cost=0.43..44.17 rows=10 width=121)
	              Index Cond: ((id >= 4309016) AND (id <= 4309025))

table 3 : explain SELECT DISTINCT c FROM sbtest3 WHERE id BETWEEN 4305718 AND 4305727 ORDER BY c
	Unique  (cost=48.31..48.36 rows=11 width=121)
	  ->  Sort  (cost=48.31..48.33 rows=11 width=121)
	        Sort Key: c
	        ->  Index Scan using sbtest3_pkey on sbtest3  (cost=0.43..48.12 rows=11 width=121)
	              Index Cond: ((id >= 4305718) AND (id <= 4305727))

table 4 : explain SELECT DISTINCT c FROM sbtest4 WHERE id BETWEEN 4746379 AND 4746388 ORDER BY c
	Unique  (cost=44.23..44.28 rows=10 width=121)
	  ->  Sort  (cost=44.23..44.26 rows=10 width=121)
	        Sort Key: c
	        ->  Index Scan using sbtest4_pkey on sbtest4  (cost=0.43..44.07 rows=10 width=121)
	              Index Cond: ((id >= 4746379) AND (id <= 4746388))

table 5 : explain SELECT DISTINCT c FROM sbtest5 WHERE id BETWEEN 8056962 AND 8056971 ORDER BY c
	Unique  (cost=44.22..44.27 rows=10 width=121)
	  ->  Sort  (cost=44.22..44.24 rows=10 width=121)
	        Sort Key: c
	        ->  Index Scan using sbtest5_pkey on sbtest5  (cost=0.43..44.05 rows=10 width=121)
	              Index Cond: ((id >= 8056962) AND (id <= 8056971))

table 6 : explain SELECT DISTINCT c FROM sbtest6 WHERE id BETWEEN 3015143 AND 3015152 ORDER BY c
	Unique  (cost=40.22..40.26 rows=9 width=121)
	  ->  Sort  (cost=40.22..40.24 rows=9 width=121)
	        Sort Key: c
	        ->  Index Scan using sbtest6_pkey on sbtest6  (cost=0.43..40.07 rows=9 width=121)
	              Index Cond: ((id >= 3015143) AND (id <= 3015152))

table 7 : explain SELECT DISTINCT c FROM sbtest7 WHERE id BETWEEN 4770977 AND 4770986 ORDER BY c
	Unique  (cost=48.14..48.19 rows=11 width=121)
	  ->  Sort  (cost=48.14..48.17 rows=11 width=121)
	        Sort Key: c
	        ->  Index Scan using sbtest7_pkey on sbtest7  (cost=0.43..47.95 rows=11 width=121)
	              Index Cond: ((id >= 4770977) AND (id <= 4770986))

table 8 : explain SELECT DISTINCT c FROM sbtest8 WHERE id BETWEEN 712353 AND 712362 ORDER BY c
	Unique  (cost=44.19..44.24 rows=10 width=121)
	  ->  Sort  (cost=44.19..44.22 rows=10 width=121)
	        Sort Key: c
	        ->  Index Scan using sbtest8_pkey on sbtest8  (cost=0.43..44.03 rows=10 width=121)
	              Index Cond: ((id >= 712353) AND (id <= 712362))

for: order_ranges
table 1 : explain SELECT c FROM sbtest1 WHERE id BETWEEN 8866526 AND 8866535 ORDER BY c
	Sort  (cost=44.33..44.35 rows=10 width=121)
	  Sort Key: c
	  ->  Index Scan using sbtest1_pkey on sbtest1  (cost=0.43..44.16 rows=10 width=121)
	        Index Cond: ((id >= 8866526) AND (id <= 8866535))

table 2 : explain SELECT c FROM sbtest2 WHERE id BETWEEN 6674403 AND 6674412 ORDER BY c
	Sort  (cost=44.34..44.36 rows=10 width=121)
	  Sort Key: c
	  ->  Index Scan using sbtest2_pkey on sbtest2  (cost=0.43..44.17 rows=10 width=121)
	        Index Cond: ((id >= 6674403) AND (id <= 6674412))

table 3 : explain SELECT c FROM sbtest3 WHERE id BETWEEN 8706631 AND 8706640 ORDER BY c
	Sort  (cost=44.32..44.34 rows=10 width=121)
	  Sort Key: c
	  ->  Index Scan using sbtest3_pkey on sbtest3  (cost=0.43..44.15 rows=10 width=121)
	        Index Cond: ((id >= 8706631) AND (id <= 8706640))

table 4 : explain SELECT c FROM sbtest4 WHERE id BETWEEN 3833144 AND 3833153 ORDER BY c
	Sort  (cost=40.25..40.27 rows=9 width=121)
	  Sort Key: c
	  ->  Index Scan using sbtest4_pkey on sbtest4  (cost=0.43..40.11 rows=9 width=121)
	        Index Cond: ((id >= 3833144) AND (id <= 3833153))

table 5 : explain SELECT c FROM sbtest5 WHERE id BETWEEN 8017440 AND 8017449 ORDER BY c
	Sort  (cost=44.22..44.24 rows=10 width=121)
	  Sort Key: c
	  ->  Index Scan using sbtest5_pkey on sbtest5  (cost=0.43..44.05 rows=10 width=121)
	        Index Cond: ((id >= 8017440) AND (id <= 8017449))

table 6 : explain SELECT c FROM sbtest6 WHERE id BETWEEN 4649673 AND 4649682 ORDER BY c
	Sort  (cost=44.19..44.22 rows=10 width=121)
	  Sort Key: c
	  ->  Index Scan using sbtest6_pkey on sbtest6  (cost=0.43..44.03 rows=10 width=121)
	        Index Cond: ((id >= 4649673) AND (id <= 4649682))

table 7 : explain SELECT c FROM sbtest7 WHERE id BETWEEN 5487691 AND 5487700 ORDER BY c
	Sort  (cost=48.14..48.17 rows=11 width=121)
	  Sort Key: c
	  ->  Index Scan using sbtest7_pkey on sbtest7  (cost=0.43..47.95 rows=11 width=121)
	        Index Cond: ((id >= 5487691) AND (id <= 5487700))

table 8 : explain SELECT c FROM sbtest8 WHERE id BETWEEN 6622949 AND 6622958 ORDER BY c
	Sort  (cost=48.17..48.20 rows=11 width=121)
	  Sort Key: c
	  ->  Index Scan using sbtest8_pkey on sbtest8  (cost=0.43..47.98 rows=11 width=121)
	        Index Cond: ((id >= 6622949) AND (id <= 6622958))

for: sum_ranges
table 1 : explain SELECT SUM(k) FROM sbtest1 WHERE id BETWEEN 4145875 AND 4145884
	Aggregate  (cost=40.22..40.23 rows=1 width=8)
	  ->  Index Scan using sbtest1_pkey on sbtest1  (cost=0.43..40.19 rows=9 width=4)
	        Index Cond: ((id >= 4145875) AND (id <= 4145884))

table 2 : explain SELECT SUM(k) FROM sbtest2 WHERE id BETWEEN 2476197 AND 2476206
	Aggregate  (cost=44.19..44.20 rows=1 width=8)
	  ->  Index Scan using sbtest2_pkey on sbtest2  (cost=0.43..44.17 rows=10 width=4)
	        Index Cond: ((id >= 2476197) AND (id <= 2476206))

table 3 : explain SELECT SUM(k) FROM sbtest3 WHERE id BETWEEN 2560397 AND 2560406
	Aggregate  (cost=48.14..48.15 rows=1 width=8)
	  ->  Index Scan using sbtest3_pkey on sbtest3  (cost=0.43..48.12 rows=11 width=4)
	        Index Cond: ((id >= 2560397) AND (id <= 2560406))

table 4 : explain SELECT SUM(k) FROM sbtest4 WHERE id BETWEEN 2156588 AND 2156597
	Aggregate  (cost=44.09..44.10 rows=1 width=8)
	  ->  Index Scan using sbtest4_pkey on sbtest4  (cost=0.43..44.07 rows=10 width=4)
	        Index Cond: ((id >= 2156588) AND (id <= 2156597))

table 5 : explain SELECT SUM(k) FROM sbtest5 WHERE id BETWEEN 2529862 AND 2529871
	Aggregate  (cost=40.12..40.13 rows=1 width=8)
	  ->  Index Scan using sbtest5_pkey on sbtest5  (cost=0.43..40.09 rows=9 width=4)
	        Index Cond: ((id >= 2529862) AND (id <= 2529871))

table 6 : explain SELECT SUM(k) FROM sbtest6 WHERE id BETWEEN 3776031 AND 3776040
	Aggregate  (cost=40.10..40.11 rows=1 width=8)
	  ->  Index Scan using sbtest6_pkey on sbtest6  (cost=0.43..40.07 rows=9 width=4)
	        Index Cond: ((id >= 3776031) AND (id <= 3776040))

table 7 : explain SELECT SUM(k) FROM sbtest7 WHERE id BETWEEN 6349162 AND 6349171
	Aggregate  (cost=44.02..44.03 rows=1 width=8)
	  ->  Index Scan using sbtest7_pkey on sbtest7  (cost=0.43..44.00 rows=10 width=4)
	        Index Cond: ((id >= 6349162) AND (id <= 6349171))

table 8 : explain SELECT SUM(k) FROM sbtest8 WHERE id BETWEEN 2738696 AND 2738705
	Aggregate  (cost=48.01..48.02 rows=1 width=8)
	  ->  Index Scan using sbtest8_pkey on sbtest8  (cost=0.43..47.98 rows=11 width=4)
	        Index Cond: ((id >= 2738696) AND (id <= 2738705))

for: simple_ranges
table 1 : explain SELECT c FROM sbtest1 WHERE id BETWEEN 4593705 AND 4593714
	Index Scan using sbtest1_pkey on sbtest1  (cost=0.43..48.13 rows=11 width=121)
	  Index Cond: ((id >= 4593705) AND (id <= 4593714))

table 2 : explain SELECT c FROM sbtest2 WHERE id BETWEEN 1828942 AND 1828951
	Index Scan using sbtest2_pkey on sbtest2  (cost=0.43..44.17 rows=10 width=121)
	  Index Cond: ((id >= 1828942) AND (id <= 1828951))

table 3 : explain SELECT c FROM sbtest3 WHERE id BETWEEN 6275880 AND 6275889
	Index Scan using sbtest3_pkey on sbtest3  (cost=0.43..44.15 rows=10 width=121)
	  Index Cond: ((id >= 6275880) AND (id <= 6275889))

table 4 : explain SELECT c FROM sbtest4 WHERE id BETWEEN 5537918 AND 5537927
	Index Scan using sbtest4_pkey on sbtest4  (cost=0.43..44.07 rows=10 width=121)
	  Index Cond: ((id >= 5537918) AND (id <= 5537927))

table 5 : explain SELECT c FROM sbtest5 WHERE id BETWEEN 9298184 AND 9298193
	Index Scan using sbtest5_pkey on sbtest5  (cost=0.43..48.00 rows=11 width=121)
	  Index Cond: ((id >= 9298184) AND (id <= 9298193))

table 6 : explain SELECT c FROM sbtest6 WHERE id BETWEEN 2737402 AND 2737411
	Index Scan using sbtest6_pkey on sbtest6  (cost=0.43..44.03 rows=10 width=121)
	  Index Cond: ((id >= 2737402) AND (id <= 2737411))

table 7 : explain SELECT c FROM sbtest7 WHERE id BETWEEN 4241580 AND 4241589
	Index Scan using sbtest7_pkey on sbtest7  (cost=0.43..44.00 rows=10 width=121)
	  Index Cond: ((id >= 4241580) AND (id <= 4241589))

table 8 : explain SELECT c FROM sbtest8 WHERE id BETWEEN 1806117 AND 1806126
	Index Scan using sbtest8_pkey on sbtest8  (cost=0.43..40.07 rows=9 width=121)
	  Index Cond: ((id >= 1806117) AND (id <= 1806126))

for: distinct_ranges
table 1 : explain SELECT DISTINCT c FROM sbtest1 WHERE id BETWEEN 1291143 AND 1291152 ORDER BY c
	Unique  (cost=44.33..44.38 rows=10 width=121)
	  ->  Sort  (cost=44.33..44.35 rows=10 width=121)
	        Sort Key: c
	        ->  Index Scan using sbtest1_pkey on sbtest1  (cost=0.43..44.16 rows=10 width=121)
	              Index Cond: ((id >= 1291143) AND (id <= 1291152))

table 2 : explain SELECT DISTINCT c FROM sbtest2 WHERE id BETWEEN 4908855 AND 4908864 ORDER BY c
	Unique  (cost=48.33..48.38 rows=11 width=121)
	  ->  Sort  (cost=48.33..48.36 rows=11 width=121)
	        Sort Key: c
	        ->  Index Scan using sbtest2_pkey on sbtest2  (cost=0.43..48.14 rows=11 width=121)
	              Index Cond: ((id >= 4908855) AND (id <= 4908864))

table 3 : explain SELECT DISTINCT c FROM sbtest3 WHERE id BETWEEN 6771066 AND 6771075 ORDER BY c
	Unique  (cost=44.32..44.37 rows=10 width=121)
	  ->  Sort  (cost=44.32..44.34 rows=10 width=121)
	        Sort Key: c
	        ->  Index Scan using sbtest3_pkey on sbtest3  (cost=0.43..44.15 rows=10 width=121)
	              Index Cond: ((id >= 6771066) AND (id <= 6771075))

table 4 : explain SELECT DISTINCT c FROM sbtest4 WHERE id BETWEEN 2381658 AND 2381667 ORDER BY c
	Unique  (cost=40.25..40.30 rows=9 width=121)
	  ->  Sort  (cost=40.25..40.27 rows=9 width=121)
	        Sort Key: c
	        ->  Index Scan using sbtest4_pkey on sbtest4  (cost=0.43..40.11 rows=9 width=121)
	              Index Cond: ((id >= 2381658) AND (id <= 2381667))

table 5 : explain SELECT DISTINCT c FROM sbtest5 WHERE id BETWEEN 9490231 AND 9490240 ORDER BY c
	Unique  (cost=40.24..40.28 rows=9 width=121)
	  ->  Sort  (cost=40.24..40.26 rows=9 width=121)
	        Sort Key: c
	        ->  Index Scan using sbtest5_pkey on sbtest5  (cost=0.43..40.09 rows=9 width=121)
	              Index Cond: ((id >= 9490231) AND (id <= 9490240))

table 6 : explain SELECT DISTINCT c FROM sbtest6 WHERE id BETWEEN 8975627 AND 8975636 ORDER BY c
	Unique  (cost=48.17..48.22 rows=11 width=121)
	  ->  Sort  (cost=48.17..48.20 rows=11 width=121)
	        Sort Key: c
	        ->  Index Scan using sbtest6_pkey on sbtest6  (cost=0.43..47.98 rows=11 width=121)
	              Index Cond: ((id >= 8975627) AND (id <= 8975636))

table 7 : explain SELECT DISTINCT c FROM sbtest7 WHERE id BETWEEN 2944428 AND 2944437 ORDER BY c
	Unique  (cost=44.17..44.22 rows=10 width=121)
	  ->  Sort  (cost=44.17..44.19 rows=10 width=121)
	        Sort Key: c
	        ->  Index Scan using sbtest7_pkey on sbtest7  (cost=0.43..44.00 rows=10 width=121)
	              Index Cond: ((id >= 2944428) AND (id <= 2944437))

table 8 : explain SELECT DISTINCT c FROM sbtest8 WHERE id BETWEEN 7941676 AND 7941685 ORDER BY c
	Unique  (cost=48.17..48.23 rows=11 width=121)
	  ->  Sort  (cost=48.17..48.20 rows=11 width=121)
	        Sort Key: c
	        ->  Index Scan using sbtest8_pkey on sbtest8  (cost=0.43..47.98 rows=11 width=121)
	              Index Cond: ((id >= 7941676) AND (id <= 7941685))

for point_selects
table 1 : explain SELECT c FROM sbtest1 WHERE id=119801
	Index Scan using sbtest1_pkey on sbtest1  (cost=0.43..8.45 rows=1 width=121)
	  Index Cond: (id = 119801)

table 2 : explain SELECT c FROM sbtest2 WHERE id=5931608
	Index Scan using sbtest2_pkey on sbtest2  (cost=0.43..8.45 rows=1 width=121)
	  Index Cond: (id = 5931608)

table 3 : explain SELECT c FROM sbtest3 WHERE id=5678169
	Index Scan using sbtest3_pkey on sbtest3  (cost=0.43..8.45 rows=1 width=121)
	  Index Cond: (id = 5678169)

table 4 : explain SELECT c FROM sbtest4 WHERE id=188394
	Index Scan using sbtest4_pkey on sbtest4  (cost=0.43..8.45 rows=1 width=121)
	  Index Cond: (id = 188394)

table 5 : explain SELECT c FROM sbtest5 WHERE id=8242100
	Index Scan using sbtest5_pkey on sbtest5  (cost=0.43..8.45 rows=1 width=121)
	  Index Cond: (id = 8242100)

table 6 : explain SELECT c FROM sbtest6 WHERE id=8892333
	Index Scan using sbtest6_pkey on sbtest6  (cost=0.43..8.45 rows=1 width=121)
	  Index Cond: (id = 8892333)

table 7 : explain SELECT c FROM sbtest7 WHERE id=7873003
	Index Scan using sbtest7_pkey on sbtest7  (cost=0.43..8.45 rows=1 width=121)
	  Index Cond: (id = 7873003)

table 8 : explain SELECT c FROM sbtest8 WHERE id=4933694
	Index Scan using sbtest8_pkey on sbtest8  (cost=0.43..8.45 rows=1 width=121)
	  Index Cond: (id = 4933694)

for: order_ranges
table 1 : explain SELECT c FROM sbtest1 WHERE id BETWEEN 5301591 AND 5301600 ORDER BY c
	Sort  (cost=40.34..40.36 rows=9 width=121)
	  Sort Key: c
	  ->  Index Scan using sbtest1_pkey on sbtest1  (cost=0.43..40.19 rows=9 width=121)
	        Index Cond: ((id >= 5301591) AND (id <= 5301600))

table 2 : explain SELECT c FROM sbtest2 WHERE id BETWEEN 3486322 AND 3486331 ORDER BY c
	Sort  (cost=44.34..44.36 rows=10 width=121)
	  Sort Key: c
	  ->  Index Scan using sbtest2_pkey on sbtest2  (cost=0.43..44.17 rows=10 width=121)
	        Index Cond: ((id >= 3486322) AND (id <= 3486331))

table 3 : explain SELECT c FROM sbtest3 WHERE id BETWEEN 8141776 AND 8141785 ORDER BY c
	Sort  (cost=44.32..44.34 rows=10 width=121)
	  Sort Key: c
	  ->  Index Scan using sbtest3_pkey on sbtest3  (cost=0.43..44.15 rows=10 width=121)
	        Index Cond: ((id >= 8141776) AND (id <= 8141785))

table 4 : explain SELECT c FROM sbtest4 WHERE id BETWEEN 7296203 AND 7296212 ORDER BY c
	Sort  (cost=44.23..44.26 rows=10 width=121)
	  Sort Key: c
	  ->  Index Scan using sbtest4_pkey on sbtest4  (cost=0.43..44.07 rows=10 width=121)
	        Index Cond: ((id >= 7296203) AND (id <= 7296212))

table 5 : explain SELECT c FROM sbtest5 WHERE id BETWEEN 4006335 AND 4006344 ORDER BY c
	Sort  (cost=44.22..44.24 rows=10 width=121)
	  Sort Key: c
	  ->  Index Scan using sbtest5_pkey on sbtest5  (cost=0.43..44.05 rows=10 width=121)
	        Index Cond: ((id >= 4006335) AND (id <= 4006344))

table 6 : explain SELECT c FROM sbtest6 WHERE id BETWEEN 1556261 AND 1556270 ORDER BY c
	Sort  (cost=44.19..44.22 rows=10 width=121)
	  Sort Key: c
	  ->  Index Scan using sbtest6_pkey on sbtest6  (cost=0.43..44.03 rows=10 width=121)
	        Index Cond: ((id >= 1556261) AND (id <= 1556270))

table 7 : explain SELECT c FROM sbtest7 WHERE id BETWEEN 176344 AND 176353 ORDER BY c
	Sort  (cost=44.17..44.19 rows=10 width=121)
	  Sort Key: c
	  ->  Index Scan using sbtest7_pkey on sbtest7  (cost=0.43..44.00 rows=10 width=121)
	        Index Cond: ((id >= 176344) AND (id <= 176353))

table 8 : explain SELECT c FROM sbtest8 WHERE id BETWEEN 174604 AND 174613 ORDER BY c
	Sort  (cost=40.22..40.24 rows=9 width=121)
	  Sort Key: c
	  ->  Index Scan using sbtest8_pkey on sbtest8  (cost=0.43..40.07 rows=9 width=121)
	        Index Cond: ((id >= 174604) AND (id <= 174613))

for: simple_ranges
table 1 : explain SELECT c FROM sbtest1 WHERE id BETWEEN 1874967 AND 1874976
	Index Scan using sbtest1_pkey on sbtest1  (cost=0.43..48.13 rows=11 width=121)
	  Index Cond: ((id >= 1874967) AND (id <= 1874976))

table 2 : explain SELECT c FROM sbtest2 WHERE id BETWEEN 5163477 AND 5163486
	Index Scan using sbtest2_pkey on sbtest2  (cost=0.43..44.17 rows=10 width=121)
	  Index Cond: ((id >= 5163477) AND (id <= 5163486))

table 3 : explain SELECT c FROM sbtest3 WHERE id BETWEEN 7356427 AND 7356436
	Index Scan using sbtest3_pkey on sbtest3  (cost=0.43..44.15 rows=10 width=121)
	  Index Cond: ((id >= 7356427) AND (id <= 7356436))

table 4 : explain SELECT c FROM sbtest4 WHERE id BETWEEN 9861634 AND 9861643
	Index Scan using sbtest4_pkey on sbtest4  (cost=0.43..44.07 rows=10 width=121)
	  Index Cond: ((id >= 9861634) AND (id <= 9861643))

table 5 : explain SELECT c FROM sbtest5 WHERE id BETWEEN 3457422 AND 3457431
	Index Scan using sbtest5_pkey on sbtest5  (cost=0.43..44.05 rows=10 width=121)
	  Index Cond: ((id >= 3457422) AND (id <= 3457431))

table 6 : explain SELECT c FROM sbtest6 WHERE id BETWEEN 6593185 AND 6593194
	Index Scan using sbtest6_pkey on sbtest6  (cost=0.43..44.03 rows=10 width=121)
	  Index Cond: ((id >= 6593185) AND (id <= 6593194))

table 7 : explain SELECT c FROM sbtest7 WHERE id BETWEEN 2057989 AND 2057998
	Index Scan using sbtest7_pkey on sbtest7  (cost=0.43..40.05 rows=9 width=121)
	  Index Cond: ((id >= 2057989) AND (id <= 2057998))

table 8 : explain SELECT c FROM sbtest8 WHERE id BETWEEN 5552846 AND 5552855
	Index Scan using sbtest8_pkey on sbtest8  (cost=0.43..44.03 rows=10 width=121)
	  Index Cond: ((id >= 5552846) AND (id <= 5552855))

for: sum_ranges
table 1 : explain SELECT SUM(k) FROM sbtest1 WHERE id BETWEEN 1317041 AND 1317050
	Aggregate  (cost=44.19..44.20 rows=1 width=8)
	  ->  Index Scan using sbtest1_pkey on sbtest1  (cost=0.43..44.16 rows=10 width=4)
	        Index Cond: ((id >= 1317041) AND (id <= 1317050))

table 2 : explain SELECT SUM(k) FROM sbtest2 WHERE id BETWEEN 6826945 AND 6826954
	Aggregate  (cost=44.19..44.20 rows=1 width=8)
	  ->  Index Scan using sbtest2_pkey on sbtest2  (cost=0.43..44.17 rows=10 width=4)
	        Index Cond: ((id >= 6826945) AND (id <= 6826954))

table 3 : explain SELECT SUM(k) FROM sbtest3 WHERE id BETWEEN 3156510 AND 3156519
	Aggregate  (cost=40.21..40.22 rows=1 width=8)
	  ->  Index Scan using sbtest3_pkey on sbtest3  (cost=0.43..40.18 rows=9 width=4)
	        Index Cond: ((id >= 3156510) AND (id <= 3156519))

table 4 : explain SELECT SUM(k) FROM sbtest4 WHERE id BETWEEN 1522791 AND 1522800
	Aggregate  (cost=44.09..44.10 rows=1 width=8)
	  ->  Index Scan using sbtest4_pkey on sbtest4  (cost=0.43..44.07 rows=10 width=4)
	        Index Cond: ((id >= 1522791) AND (id <= 1522800))

table 5 : explain SELECT SUM(k) FROM sbtest5 WHERE id BETWEEN 8392622 AND 8392631
	Aggregate  (cost=40.12..40.13 rows=1 width=8)
	  ->  Index Scan using sbtest5_pkey on sbtest5  (cost=0.43..40.09 rows=9 width=4)
	        Index Cond: ((id >= 8392622) AND (id <= 8392631))

table 6 : explain SELECT SUM(k) FROM sbtest6 WHERE id BETWEEN 3627208 AND 3627217
	Aggregate  (cost=40.10..40.11 rows=1 width=8)
	  ->  Index Scan using sbtest6_pkey on sbtest6  (cost=0.43..40.07 rows=9 width=4)
	        Index Cond: ((id >= 3627208) AND (id <= 3627217))

table 7 : explain SELECT SUM(k) FROM sbtest7 WHERE id BETWEEN 1409559 AND 1409568
	Aggregate  (cost=40.07..40.08 rows=1 width=8)
	  ->  Index Scan using sbtest7_pkey on sbtest7  (cost=0.43..40.05 rows=9 width=4)
	        Index Cond: ((id >= 1409559) AND (id <= 1409568))

table 8 : explain SELECT SUM(k) FROM sbtest8 WHERE id BETWEEN 1179409 AND 1179418
	Aggregate  (cost=44.05..44.06 rows=1 width=8)
	  ->  Index Scan using sbtest8_pkey on sbtest8  (cost=0.43..44.03 rows=10 width=4)
	        Index Cond: ((id >= 1179409) AND (id <= 1179418))

for: distinct_ranges
table 1 : explain SELECT DISTINCT c FROM sbtest1 WHERE id BETWEEN 7201870 AND 7201879 ORDER BY c
	Unique  (cost=40.34..40.38 rows=9 width=121)
	  ->  Sort  (cost=40.34..40.36 rows=9 width=121)
	        Sort Key: c
	        ->  Index Scan using sbtest1_pkey on sbtest1  (cost=0.43..40.19 rows=9 width=121)
	              Index Cond: ((id >= 7201870) AND (id <= 7201879))

table 2 : explain SELECT DISTINCT c FROM sbtest2 WHERE id BETWEEN 8832976 AND 8832985 ORDER BY c
	Unique  (cost=48.33..48.38 rows=11 width=121)
	  ->  Sort  (cost=48.33..48.36 rows=11 width=121)
	        Sort Key: c
	        ->  Index Scan using sbtest2_pkey on sbtest2  (cost=0.43..48.14 rows=11 width=121)
	              Index Cond: ((id >= 8832976) AND (id <= 8832985))

table 3 : explain SELECT DISTINCT c FROM sbtest3 WHERE id BETWEEN 8883290 AND 8883299 ORDER BY c
	Unique  (cost=44.32..44.37 rows=10 width=121)
	  ->  Sort  (cost=44.32..44.34 rows=10 width=121)
	        Sort Key: c
	        ->  Index Scan using sbtest3_pkey on sbtest3  (cost=0.43..44.15 rows=10 width=121)
	              Index Cond: ((id >= 8883290) AND (id <= 8883299))

table 4 : explain SELECT DISTINCT c FROM sbtest4 WHERE id BETWEEN 9228286 AND 9228295 ORDER BY c
	Unique  (cost=48.21..48.27 rows=11 width=121)
	  ->  Sort  (cost=48.21..48.24 rows=11 width=121)
	        Sort Key: c
	        ->  Index Scan using sbtest4_pkey on sbtest4  (cost=0.43..48.02 rows=11 width=121)
	              Index Cond: ((id >= 9228286) AND (id <= 9228295))

table 5 : explain SELECT DISTINCT c FROM sbtest5 WHERE id BETWEEN 3832790 AND 3832799 ORDER BY c
	Unique  (cost=44.22..44.27 rows=10 width=121)
	  ->  Sort  (cost=44.22..44.24 rows=10 width=121)
	        Sort Key: c
	        ->  Index Scan using sbtest5_pkey on sbtest5  (cost=0.43..44.05 rows=10 width=121)
	              Index Cond: ((id >= 3832790) AND (id <= 3832799))

table 6 : explain SELECT DISTINCT c FROM sbtest6 WHERE id BETWEEN 9541452 AND 9541461 ORDER BY c
	Unique  (cost=44.19..44.24 rows=10 width=121)
	  ->  Sort  (cost=44.19..44.22 rows=10 width=121)
	        Sort Key: c
	        ->  Index Scan using sbtest6_pkey on sbtest6  (cost=0.43..44.03 rows=10 width=121)
	              Index Cond: ((id >= 9541452) AND (id <= 9541461))

table 7 : explain SELECT DISTINCT c FROM sbtest7 WHERE id BETWEEN 2737856 AND 2737865 ORDER BY c
	Unique  (cost=40.19..40.24 rows=9 width=121)
	  ->  Sort  (cost=40.19..40.22 rows=9 width=121)
	        Sort Key: c
	        ->  Index Scan using sbtest7_pkey on sbtest7  (cost=0.43..40.05 rows=9 width=121)
	              Index Cond: ((id >= 2737856) AND (id <= 2737865))

table 8 : explain SELECT DISTINCT c FROM sbtest8 WHERE id BETWEEN 6546915 AND 6546924 ORDER BY c
	Unique  (cost=44.19..44.24 rows=10 width=121)
	  ->  Sort  (cost=44.19..44.22 rows=10 width=121)
	        Sort Key: c
	        ->  Index Scan using sbtest8_pkey on sbtest8  (cost=0.43..44.03 rows=10 width=121)
	              Index Cond: ((id >= 6546915) AND (id <= 6546924))

for: order_ranges
table 1 : explain SELECT c FROM sbtest1 WHERE id BETWEEN 9322520 AND 9322529 ORDER BY c
	Sort  (cost=44.33..44.35 rows=10 width=121)
	  Sort Key: c
	  ->  Index Scan using sbtest1_pkey on sbtest1  (cost=0.43..44.16 rows=10 width=121)
	        Index Cond: ((id >= 9322520) AND (id <= 9322529))

table 2 : explain SELECT c FROM sbtest2 WHERE id BETWEEN 414030 AND 414039 ORDER BY c
	Sort  (cost=44.34..44.36 rows=10 width=121)
	  Sort Key: c
	  ->  Index Scan using sbtest2_pkey on sbtest2  (cost=0.43..44.17 rows=10 width=121)
	        Index Cond: ((id >= 414030) AND (id <= 414039))

table 3 : explain SELECT c FROM sbtest3 WHERE id BETWEEN 7925510 AND 7925519 ORDER BY c
	Sort  (cost=44.32..44.34 rows=10 width=121)
	  Sort Key: c
	  ->  Index Scan using sbtest3_pkey on sbtest3  (cost=0.43..44.15 rows=10 width=121)
	        Index Cond: ((id >= 7925510) AND (id <= 7925519))

table 4 : explain SELECT c FROM sbtest4 WHERE id BETWEEN 4214995 AND 4215004 ORDER BY c
	Sort  (cost=44.23..44.26 rows=10 width=121)
	  Sort Key: c
	  ->  Index Scan using sbtest4_pkey on sbtest4  (cost=0.43..44.07 rows=10 width=121)
	        Index Cond: ((id >= 4214995) AND (id <= 4215004))

table 5 : explain SELECT c FROM sbtest5 WHERE id BETWEEN 1868752 AND 1868761 ORDER BY c
	Sort  (cost=44.22..44.24 rows=10 width=121)
	  Sort Key: c
	  ->  Index Scan using sbtest5_pkey on sbtest5  (cost=0.43..44.05 rows=10 width=121)
	        Index Cond: ((id >= 1868752) AND (id <= 1868761))

table 6 : explain SELECT c FROM sbtest6 WHERE id BETWEEN 3272784 AND 3272793 ORDER BY c
	Sort  (cost=44.19..44.22 rows=10 width=121)
	  Sort Key: c
	  ->  Index Scan using sbtest6_pkey on sbtest6  (cost=0.43..44.03 rows=10 width=121)
	        Index Cond: ((id >= 3272784) AND (id <= 3272793))

table 7 : explain SELECT c FROM sbtest7 WHERE id BETWEEN 8535813 AND 8535822 ORDER BY c
	Sort  (cost=48.14..48.17 rows=11 width=121)
	  Sort Key: c
	  ->  Index Scan using sbtest7_pkey on sbtest7  (cost=0.43..47.95 rows=11 width=121)
	        Index Cond: ((id >= 8535813) AND (id <= 8535822))

table 8 : explain SELECT c FROM sbtest8 WHERE id BETWEEN 1443239 AND 1443248 ORDER BY c
	Sort  (cost=44.19..44.22 rows=10 width=121)
	  Sort Key: c
	  ->  Index Scan using sbtest8_pkey on sbtest8  (cost=0.43..44.03 rows=10 width=121)
	        Index Cond: ((id >= 1443239) AND (id <= 1443248))

for: sum_ranges
table 1 : explain SELECT SUM(k) FROM sbtest1 WHERE id BETWEEN 9708613 AND 9708622
	Aggregate  (cost=44.19..44.20 rows=1 width=8)
	  ->  Index Scan using sbtest1_pkey on sbtest1  (cost=0.43..44.16 rows=10 width=4)
	        Index Cond: ((id >= 9708613) AND (id <= 9708622))

table 2 : explain SELECT SUM(k) FROM sbtest2 WHERE id BETWEEN 1507500 AND 1507509
	Aggregate  (cost=48.17..48.18 rows=1 width=8)
	  ->  Index Scan using sbtest2_pkey on sbtest2  (cost=0.43..48.14 rows=11 width=4)
	        Index Cond: ((id >= 1507500) AND (id <= 1507509))

table 3 : explain SELECT SUM(k) FROM sbtest3 WHERE id BETWEEN 1610779 AND 1610788
	Aggregate  (cost=40.21..40.22 rows=1 width=8)
	  ->  Index Scan using sbtest3_pkey on sbtest3  (cost=0.43..40.18 rows=9 width=4)
	        Index Cond: ((id >= 1610779) AND (id <= 1610788))

table 4 : explain SELECT SUM(k) FROM sbtest4 WHERE id BETWEEN 8684003 AND 8684012
	Aggregate  (cost=44.09..44.10 rows=1 width=8)
	  ->  Index Scan using sbtest4_pkey on sbtest4  (cost=0.43..44.07 rows=10 width=4)
	        Index Cond: ((id >= 8684003) AND (id <= 8684012))

table 5 : explain SELECT SUM(k) FROM sbtest5 WHERE id BETWEEN 9531161 AND 9531170
	Aggregate  (cost=40.12..40.13 rows=1 width=8)
	  ->  Index Scan using sbtest5_pkey on sbtest5  (cost=0.43..40.09 rows=9 width=4)
	        Index Cond: ((id >= 9531161) AND (id <= 9531170))

table 6 : explain SELECT SUM(k) FROM sbtest6 WHERE id BETWEEN 279481 AND 279490
	Aggregate  (cost=44.05..44.06 rows=1 width=8)
	  ->  Index Scan using sbtest6_pkey on sbtest6  (cost=0.43..44.03 rows=10 width=4)
	        Index Cond: ((id >= 279481) AND (id <= 279490))

table 7 : explain SELECT SUM(k) FROM sbtest7 WHERE id BETWEEN 1887207 AND 1887216
	Aggregate  (cost=44.02..44.03 rows=1 width=8)
	  ->  Index Scan using sbtest7_pkey on sbtest7  (cost=0.43..44.00 rows=10 width=4)
	        Index Cond: ((id >= 1887207) AND (id <= 1887216))

table 8 : explain SELECT SUM(k) FROM sbtest8 WHERE id BETWEEN 8270858 AND 8270867
	Aggregate  (cost=40.10..40.11 rows=1 width=8)
	  ->  Index Scan using sbtest8_pkey on sbtest8  (cost=0.43..40.07 rows=9 width=4)
	        Index Cond: ((id >= 8270858) AND (id <= 8270867))

for: simple_ranges
table 1 : explain SELECT c FROM sbtest1 WHERE id BETWEEN 1183369 AND 1183378
	Index Scan using sbtest1_pkey on sbtest1  (cost=0.43..48.13 rows=11 width=121)
	  Index Cond: ((id >= 1183369) AND (id <= 1183378))

table 2 : explain SELECT c FROM sbtest2 WHERE id BETWEEN 7362699 AND 7362708
	Index Scan using sbtest2_pkey on sbtest2  (cost=0.43..40.20 rows=9 width=121)
	  Index Cond: ((id >= 7362699) AND (id <= 7362708))

table 3 : explain SELECT c FROM sbtest3 WHERE id BETWEEN 7863241 AND 7863250
	Index Scan using sbtest3_pkey on sbtest3  (cost=0.43..48.12 rows=11 width=121)
	  Index Cond: ((id >= 7863241) AND (id <= 7863250))

table 4 : explain SELECT c FROM sbtest4 WHERE id BETWEEN 4170750 AND 4170759
	Index Scan using sbtest4_pkey on sbtest4  (cost=0.43..44.07 rows=10 width=121)
	  Index Cond: ((id >= 4170750) AND (id <= 4170759))

table 5 : explain SELECT c FROM sbtest5 WHERE id BETWEEN 6517982 AND 6517991
	Index Scan using sbtest5_pkey on sbtest5  (cost=0.43..40.09 rows=9 width=121)
	  Index Cond: ((id >= 6517982) AND (id <= 6517991))

table 6 : explain SELECT c FROM sbtest6 WHERE id BETWEEN 8286710 AND 8286719
	Index Scan using sbtest6_pkey on sbtest6  (cost=0.43..44.03 rows=10 width=121)
	  Index Cond: ((id >= 8286710) AND (id <= 8286719))

table 7 : explain SELECT c FROM sbtest7 WHERE id BETWEEN 5389944 AND 5389953
	Index Scan using sbtest7_pkey on sbtest7  (cost=0.43..44.00 rows=10 width=121)
	  Index Cond: ((id >= 5389944) AND (id <= 5389953))

table 8 : explain SELECT c FROM sbtest8 WHERE id BETWEEN 8284152 AND 8284161
	Index Scan using sbtest8_pkey on sbtest8  (cost=0.43..40.07 rows=9 width=121)
	  Index Cond: ((id >= 8284152) AND (id <= 8284161))

for: distinct_ranges
table 1 : explain SELECT DISTINCT c FROM sbtest1 WHERE id BETWEEN 8226828 AND 8226837 ORDER BY c
	Unique  (cost=48.32..48.38 rows=11 width=121)
	  ->  Sort  (cost=48.32..48.35 rows=11 width=121)
	        Sort Key: c
	        ->  Index Scan using sbtest1_pkey on sbtest1  (cost=0.43..48.13 rows=11 width=121)
	              Index Cond: ((id >= 8226828) AND (id <= 8226837))

table 2 : explain SELECT DISTINCT c FROM sbtest2 WHERE id BETWEEN 9225647 AND 9225656 ORDER BY c
	Unique  (cost=44.34..44.39 rows=10 width=121)
	  ->  Sort  (cost=44.34..44.36 rows=10 width=121)
	        Sort Key: c
	        ->  Index Scan using sbtest2_pkey on sbtest2  (cost=0.43..44.17 rows=10 width=121)
	              Index Cond: ((id >= 9225647) AND (id <= 9225656))

table 3 : explain SELECT DISTINCT c FROM sbtest3 WHERE id BETWEEN 1291060 AND 1291069 ORDER BY c
	Unique  (cost=48.31..48.36 rows=11 width=121)
	  ->  Sort  (cost=48.31..48.33 rows=11 width=121)
	        Sort Key: c
	        ->  Index Scan using sbtest3_pkey on sbtest3  (cost=0.43..48.12 rows=11 width=121)
	              Index Cond: ((id >= 1291060) AND (id <= 1291069))

table 4 : explain SELECT DISTINCT c FROM sbtest4 WHERE id BETWEEN 4504927 AND 4504936 ORDER BY c
	Unique  (cost=44.23..44.28 rows=10 width=121)
	  ->  Sort  (cost=44.23..44.26 rows=10 width=121)
	        Sort Key: c
	        ->  Index Scan using sbtest4_pkey on sbtest4  (cost=0.43..44.07 rows=10 width=121)
	              Index Cond: ((id >= 4504927) AND (id <= 4504936))

table 5 : explain SELECT DISTINCT c FROM sbtest5 WHERE id BETWEEN 5367430 AND 5367439 ORDER BY c
	Unique  (cost=44.22..44.27 rows=10 width=121)
	  ->  Sort  (cost=44.22..44.24 rows=10 width=121)
	        Sort Key: c
	        ->  Index Scan using sbtest5_pkey on sbtest5  (cost=0.43..44.05 rows=10 width=121)
	              Index Cond: ((id >= 5367430) AND (id <= 5367439))

table 6 : explain SELECT DISTINCT c FROM sbtest6 WHERE id BETWEEN 1831781 AND 1831790 ORDER BY c
	Unique  (cost=48.17..48.22 rows=11 width=121)
	  ->  Sort  (cost=48.17..48.20 rows=11 width=121)
	        Sort Key: c
	        ->  Index Scan using sbtest6_pkey on sbtest6  (cost=0.43..47.98 rows=11 width=121)
	              Index Cond: ((id >= 1831781) AND (id <= 1831790))

table 7 : explain SELECT DISTINCT c FROM sbtest7 WHERE id BETWEEN 7222499 AND 7222508 ORDER BY c
	Unique  (cost=48.14..48.19 rows=11 width=121)
	  ->  Sort  (cost=48.14..48.17 rows=11 width=121)
	        Sort Key: c
	        ->  Index Scan using sbtest7_pkey on sbtest7  (cost=0.43..47.95 rows=11 width=121)
	              Index Cond: ((id >= 7222499) AND (id <= 7222508))

table 8 : explain SELECT DISTINCT c FROM sbtest8 WHERE id BETWEEN 1025499 AND 1025508 ORDER BY c
	Unique  (cost=44.19..44.24 rows=10 width=121)
	  ->  Sort  (cost=44.19..44.22 rows=10 width=121)
	        Sort Key: c
	        ->  Index Scan using sbtest8_pkey on sbtest8  (cost=0.43..44.03 rows=10 width=121)
	              Index Cond: ((id >= 1025499) AND (id <= 1025508))

for: sum_ranges
table 1 : explain SELECT SUM(k) FROM sbtest1 WHERE id BETWEEN 7069316 AND 7069325
	Aggregate  (cost=40.22..40.23 rows=1 width=8)
	  ->  Index Scan using sbtest1_pkey on sbtest1  (cost=0.43..40.19 rows=9 width=4)
	        Index Cond: ((id >= 7069316) AND (id <= 7069325))

table 2 : explain SELECT SUM(k) FROM sbtest2 WHERE id BETWEEN 8236784 AND 8236793
	Aggregate  (cost=40.22..40.23 rows=1 width=8)
	  ->  Index Scan using sbtest2_pkey on sbtest2  (cost=0.43..40.20 rows=9 width=4)
	        Index Cond: ((id >= 8236784) AND (id <= 8236793))

table 3 : explain SELECT SUM(k) FROM sbtest3 WHERE id BETWEEN 5138702 AND 5138711
	Aggregate  (cost=44.17..44.18 rows=1 width=8)
	  ->  Index Scan using sbtest3_pkey on sbtest3  (cost=0.43..44.15 rows=10 width=4)
	        Index Cond: ((id >= 5138702) AND (id <= 5138711))

table 4 : explain SELECT SUM(k) FROM sbtest4 WHERE id BETWEEN 6694579 AND 6694588
	Aggregate  (cost=40.13..40.14 rows=1 width=8)
	  ->  Index Scan using sbtest4_pkey on sbtest4  (cost=0.43..40.11 rows=9 width=4)
	        Index Cond: ((id >= 6694579) AND (id <= 6694588))

table 5 : explain SELECT SUM(k) FROM sbtest5 WHERE id BETWEEN 3164804 AND 3164813
	Aggregate  (cost=48.03..48.04 rows=1 width=8)
	  ->  Index Scan using sbtest5_pkey on sbtest5  (cost=0.43..48.00 rows=11 width=4)
	        Index Cond: ((id >= 3164804) AND (id <= 3164813))

table 6 : explain SELECT SUM(k) FROM sbtest6 WHERE id BETWEEN 6725625 AND 6725634
	Aggregate  (cost=40.10..40.11 rows=1 width=8)
	  ->  Index Scan using sbtest6_pkey on sbtest6  (cost=0.43..40.07 rows=9 width=4)
	        Index Cond: ((id >= 6725625) AND (id <= 6725634))

table 7 : explain SELECT SUM(k) FROM sbtest7 WHERE id BETWEEN 9120666 AND 9120675
	Aggregate  (cost=44.02..44.03 rows=1 width=8)
	  ->  Index Scan using sbtest7_pkey on sbtest7  (cost=0.43..44.00 rows=10 width=4)
	        Index Cond: ((id >= 9120666) AND (id <= 9120675))

table 8 : explain SELECT SUM(k) FROM sbtest8 WHERE id BETWEEN 9304955 AND 9304964
	Aggregate  (cost=48.01..48.02 rows=1 width=8)
	  ->  Index Scan using sbtest8_pkey on sbtest8  (cost=0.43..47.98 rows=11 width=4)
	        Index Cond: ((id >= 9304955) AND (id <= 9304964))

for: order_ranges
table 1 : explain SELECT c FROM sbtest1 WHERE id BETWEEN 7119188 AND 7119197 ORDER BY c
	Sort  (cost=48.32..48.35 rows=11 width=121)
	  Sort Key: c
	  ->  Index Scan using sbtest1_pkey on sbtest1  (cost=0.43..48.13 rows=11 width=121)
	        Index Cond: ((id >= 7119188) AND (id <= 7119197))

table 2 : explain SELECT c FROM sbtest2 WHERE id BETWEEN 7375041 AND 7375050 ORDER BY c
	Sort  (cost=40.34..40.37 rows=9 width=121)
	  Sort Key: c
	  ->  Index Scan using sbtest2_pkey on sbtest2  (cost=0.43..40.20 rows=9 width=121)
	        Index Cond: ((id >= 7375041) AND (id <= 7375050))

table 3 : explain SELECT c FROM sbtest3 WHERE id BETWEEN 5094089 AND 5094098 ORDER BY c
	Sort  (cost=44.32..44.34 rows=10 width=121)
	  Sort Key: c
	  ->  Index Scan using sbtest3_pkey on sbtest3  (cost=0.43..44.15 rows=10 width=121)
	        Index Cond: ((id >= 5094089) AND (id <= 5094098))

table 4 : explain SELECT c FROM sbtest4 WHERE id BETWEEN 7482777 AND 7482786 ORDER BY c
	Sort  (cost=44.23..44.26 rows=10 width=121)
	  Sort Key: c
	  ->  Index Scan using sbtest4_pkey on sbtest4  (cost=0.43..44.07 rows=10 width=121)
	        Index Cond: ((id >= 7482777) AND (id <= 7482786))

table 5 : explain SELECT c FROM sbtest5 WHERE id BETWEEN 9846049 AND 9846058 ORDER BY c
	Sort  (cost=44.22..44.24 rows=10 width=121)
	  Sort Key: c
	  ->  Index Scan using sbtest5_pkey on sbtest5  (cost=0.43..44.05 rows=10 width=121)
	        Index Cond: ((id >= 9846049) AND (id <= 9846058))

table 6 : explain SELECT c FROM sbtest6 WHERE id BETWEEN 6102825 AND 6102834 ORDER BY c
	Sort  (cost=44.19..44.22 rows=10 width=121)
	  Sort Key: c
	  ->  Index Scan using sbtest6_pkey on sbtest6  (cost=0.43..44.03 rows=10 width=121)
	        Index Cond: ((id >= 6102825) AND (id <= 6102834))

table 7 : explain SELECT c FROM sbtest7 WHERE id BETWEEN 8202875 AND 8202884 ORDER BY c
	Sort  (cost=40.19..40.22 rows=9 width=121)
	  Sort Key: c
	  ->  Index Scan using sbtest7_pkey on sbtest7  (cost=0.43..40.05 rows=9 width=121)
	        Index Cond: ((id >= 8202875) AND (id <= 8202884))

table 8 : explain SELECT c FROM sbtest8 WHERE id BETWEEN 3958080 AND 3958089 ORDER BY c
	Sort  (cost=44.19..44.22 rows=10 width=121)
	  Sort Key: c
	  ->  Index Scan using sbtest8_pkey on sbtest8  (cost=0.43..44.03 rows=10 width=121)
	        Index Cond: ((id >= 3958080) AND (id <= 3958089))

for: distinct_ranges
table 1 : explain SELECT DISTINCT c FROM sbtest1 WHERE id BETWEEN 6197455 AND 6197464 ORDER BY c
	Unique  (cost=44.33..44.38 rows=10 width=121)
	  ->  Sort  (cost=44.33..44.35 rows=10 width=121)
	        Sort Key: c
	        ->  Index Scan using sbtest1_pkey on sbtest1  (cost=0.43..44.16 rows=10 width=121)
	              Index Cond: ((id >= 6197455) AND (id <= 6197464))

table 2 : explain SELECT DISTINCT c FROM sbtest2 WHERE id BETWEEN 7517010 AND 7517019 ORDER BY c
	Unique  (cost=44.34..44.39 rows=10 width=121)
	  ->  Sort  (cost=44.34..44.36 rows=10 width=121)
	        Sort Key: c
	        ->  Index Scan using sbtest2_pkey on sbtest2  (cost=0.43..44.17 rows=10 width=121)
	              Index Cond: ((id >= 7517010) AND (id <= 7517019))

table 3 : explain SELECT DISTINCT c FROM sbtest3 WHERE id BETWEEN 5239826 AND 5239835 ORDER BY c
	Unique  (cost=48.31..48.36 rows=11 width=121)
	  ->  Sort  (cost=48.31..48.33 rows=11 width=121)
	        Sort Key: c
	        ->  Index Scan using sbtest3_pkey on sbtest3  (cost=0.43..48.12 rows=11 width=121)
	              Index Cond: ((id >= 5239826) AND (id <= 5239835))

table 4 : explain SELECT DISTINCT c FROM sbtest4 WHERE id BETWEEN 5547648 AND 5547657 ORDER BY c
	Unique  (cost=44.23..44.28 rows=10 width=121)
	  ->  Sort  (cost=44.23..44.26 rows=10 width=121)
	        Sort Key: c
	        ->  Index Scan using sbtest4_pkey on sbtest4  (cost=0.43..44.07 rows=10 width=121)
	              Index Cond: ((id >= 5547648) AND (id <= 5547657))

table 5 : explain SELECT DISTINCT c FROM sbtest5 WHERE id BETWEEN 5649196 AND 5649205 ORDER BY c
	Unique  (cost=40.24..40.28 rows=9 width=121)
	  ->  Sort  (cost=40.24..40.26 rows=9 width=121)
	        Sort Key: c
	        ->  Index Scan using sbtest5_pkey on sbtest5  (cost=0.43..40.09 rows=9 width=121)
	              Index Cond: ((id >= 5649196) AND (id <= 5649205))

table 6 : explain SELECT DISTINCT c FROM sbtest6 WHERE id BETWEEN 5795858 AND 5795867 ORDER BY c
	Unique  (cost=44.19..44.24 rows=10 width=121)
	  ->  Sort  (cost=44.19..44.22 rows=10 width=121)
	        Sort Key: c
	        ->  Index Scan using sbtest6_pkey on sbtest6  (cost=0.43..44.03 rows=10 width=121)
	              Index Cond: ((id >= 5795858) AND (id <= 5795867))

table 7 : explain SELECT DISTINCT c FROM sbtest7 WHERE id BETWEEN 5288478 AND 5288487 ORDER BY c
	Unique  (cost=44.17..44.22 rows=10 width=121)
	  ->  Sort  (cost=44.17..44.19 rows=10 width=121)
	        Sort Key: c
	        ->  Index Scan using sbtest7_pkey on sbtest7  (cost=0.43..44.00 rows=10 width=121)
	              Index Cond: ((id >= 5288478) AND (id <= 5288487))

table 8 : explain SELECT DISTINCT c FROM sbtest8 WHERE id BETWEEN 6969649 AND 6969658 ORDER BY c
	Unique  (cost=40.22..40.26 rows=9 width=121)
	  ->  Sort  (cost=40.22..40.24 rows=9 width=121)
	        Sort Key: c
	        ->  Index Scan using sbtest8_pkey on sbtest8  (cost=0.43..40.07 rows=9 width=121)
	              Index Cond: ((id >= 6969649) AND (id <= 6969658))

for: order_ranges
table 1 : explain SELECT c FROM sbtest1 WHERE id BETWEEN 3838081 AND 3838090 ORDER BY c
	Sort  (cost=40.34..40.36 rows=9 width=121)
	  Sort Key: c
	  ->  Index Scan using sbtest1_pkey on sbtest1  (cost=0.43..40.19 rows=9 width=121)
	        Index Cond: ((id >= 3838081) AND (id <= 3838090))

table 2 : explain SELECT c FROM sbtest2 WHERE id BETWEEN 1947482 AND 1947491 ORDER BY c
	Sort  (cost=44.34..44.36 rows=10 width=121)
	  Sort Key: c
	  ->  Index Scan using sbtest2_pkey on sbtest2  (cost=0.43..44.17 rows=10 width=121)
	        Index Cond: ((id >= 1947482) AND (id <= 1947491))

table 3 : explain SELECT c FROM sbtest3 WHERE id BETWEEN 1397225 AND 1397234 ORDER BY c
	Sort  (cost=48.31..48.33 rows=11 width=121)
	  Sort Key: c
	  ->  Index Scan using sbtest3_pkey on sbtest3  (cost=0.43..48.12 rows=11 width=121)
	        Index Cond: ((id >= 1397225) AND (id <= 1397234))

table 4 : explain SELECT c FROM sbtest4 WHERE id BETWEEN 7596075 AND 7596084 ORDER BY c
	Sort  (cost=40.25..40.27 rows=9 width=121)
	  Sort Key: c
	  ->  Index Scan using sbtest4_pkey on sbtest4  (cost=0.43..40.11 rows=9 width=121)
	        Index Cond: ((id >= 7596075) AND (id <= 7596084))

table 5 : explain SELECT c FROM sbtest5 WHERE id BETWEEN 7364922 AND 7364931 ORDER BY c
	Sort  (cost=48.19..48.22 rows=11 width=121)
	  Sort Key: c
	  ->  Index Scan using sbtest5_pkey on sbtest5  (cost=0.43..48.00 rows=11 width=121)
	        Index Cond: ((id >= 7364922) AND (id <= 7364931))

table 6 : explain SELECT c FROM sbtest6 WHERE id BETWEEN 6112730 AND 6112739 ORDER BY c
	Sort  (cost=44.19..44.22 rows=10 width=121)
	  Sort Key: c
	  ->  Index Scan using sbtest6_pkey on sbtest6  (cost=0.43..44.03 rows=10 width=121)
	        Index Cond: ((id >= 6112730) AND (id <= 6112739))

table 7 : explain SELECT c FROM sbtest7 WHERE id BETWEEN 2634922 AND 2634931 ORDER BY c
	Sort  (cost=44.17..44.19 rows=10 width=121)
	  Sort Key: c
	  ->  Index Scan using sbtest7_pkey on sbtest7  (cost=0.43..44.00 rows=10 width=121)
	        Index Cond: ((id >= 2634922) AND (id <= 2634931))

table 8 : explain SELECT c FROM sbtest8 WHERE id BETWEEN 8530764 AND 8530773 ORDER BY c
	Sort  (cost=40.22..40.24 rows=9 width=121)
	  Sort Key: c
	  ->  Index Scan using sbtest8_pkey on sbtest8  (cost=0.43..40.07 rows=9 width=121)
	        Index Cond: ((id >= 8530764) AND (id <= 8530773))

for: sum_ranges
table 1 : explain SELECT SUM(k) FROM sbtest1 WHERE id BETWEEN 5527596 AND 5527605
	Aggregate  (cost=48.16..48.17 rows=1 width=8)
	  ->  Index Scan using sbtest1_pkey on sbtest1  (cost=0.43..48.13 rows=11 width=4)
	        Index Cond: ((id >= 5527596) AND (id <= 5527605))

table 2 : explain SELECT SUM(k) FROM sbtest2 WHERE id BETWEEN 7398997 AND 7399006
	Aggregate  (cost=40.22..40.23 rows=1 width=8)
	  ->  Index Scan using sbtest2_pkey on sbtest2  (cost=0.43..40.20 rows=9 width=4)
	        Index Cond: ((id >= 7398997) AND (id <= 7399006))

table 3 : explain SELECT SUM(k) FROM sbtest3 WHERE id BETWEEN 7986834 AND 7986843
	Aggregate  (cost=44.17..44.18 rows=1 width=8)
	  ->  Index Scan using sbtest3_pkey on sbtest3  (cost=0.43..44.15 rows=10 width=4)
	        Index Cond: ((id >= 7986834) AND (id <= 7986843))

table 4 : explain SELECT SUM(k) FROM sbtest4 WHERE id BETWEEN 2449620 AND 2449629
	Aggregate  (cost=44.09..44.10 rows=1 width=8)
	  ->  Index Scan using sbtest4_pkey on sbtest4  (cost=0.43..44.07 rows=10 width=4)
	        Index Cond: ((id >= 2449620) AND (id <= 2449629))

table 5 : explain SELECT SUM(k) FROM sbtest5 WHERE id BETWEEN 1723692 AND 1723701
	Aggregate  (cost=44.07..44.08 rows=1 width=8)
	  ->  Index Scan using sbtest5_pkey on sbtest5  (cost=0.43..44.05 rows=10 width=4)
	        Index Cond: ((id >= 1723692) AND (id <= 1723701))

table 6 : explain SELECT SUM(k) FROM sbtest6 WHERE id BETWEEN 834634 AND 834643
	Aggregate  (cost=44.05..44.06 rows=1 width=8)
	  ->  Index Scan using sbtest6_pkey on sbtest6  (cost=0.43..44.03 rows=10 width=4)
	        Index Cond: ((id >= 834634) AND (id <= 834643))

table 7 : explain SELECT SUM(k) FROM sbtest7 WHERE id BETWEEN 8823003 AND 8823012
	Aggregate  (cost=44.02..44.03 rows=1 width=8)
	  ->  Index Scan using sbtest7_pkey on sbtest7  (cost=0.43..44.00 rows=10 width=4)
	        Index Cond: ((id >= 8823003) AND (id <= 8823012))

table 8 : explain SELECT SUM(k) FROM sbtest8 WHERE id BETWEEN 5079750 AND 5079759
	Aggregate  (cost=44.05..44.06 rows=1 width=8)
	  ->  Index Scan using sbtest8_pkey on sbtest8  (cost=0.43..44.03 rows=10 width=4)
	        Index Cond: ((id >= 5079750) AND (id <= 5079759))

for: order_ranges
table 1 : explain SELECT c FROM sbtest1 WHERE id BETWEEN 1229358 AND 1229367 ORDER BY c
	Sort  (cost=44.33..44.35 rows=10 width=121)
	  Sort Key: c
	  ->  Index Scan using sbtest1_pkey on sbtest1  (cost=0.43..44.16 rows=10 width=121)
	        Index Cond: ((id >= 1229358) AND (id <= 1229367))

table 2 : explain SELECT c FROM sbtest2 WHERE id BETWEEN 8626434 AND 8626443 ORDER BY c
	Sort  (cost=40.34..40.37 rows=9 width=121)
	  Sort Key: c
	  ->  Index Scan using sbtest2_pkey on sbtest2  (cost=0.43..40.20 rows=9 width=121)
	        Index Cond: ((id >= 8626434) AND (id <= 8626443))

table 3 : explain SELECT c FROM sbtest3 WHERE id BETWEEN 8280466 AND 8280475 ORDER BY c
	Sort  (cost=44.32..44.34 rows=10 width=121)
	  Sort Key: c
	  ->  Index Scan using sbtest3_pkey on sbtest3  (cost=0.43..44.15 rows=10 width=121)
	        Index Cond: ((id >= 8280466) AND (id <= 8280475))

table 4 : explain SELECT c FROM sbtest4 WHERE id BETWEEN 2713778 AND 2713787 ORDER BY c
	Sort  (cost=44.23..44.26 rows=10 width=121)
	  Sort Key: c
	  ->  Index Scan using sbtest4_pkey on sbtest4  (cost=0.43..44.07 rows=10 width=121)
	        Index Cond: ((id >= 2713778) AND (id <= 2713787))

table 5 : explain SELECT c FROM sbtest5 WHERE id BETWEEN 3397167 AND 3397176 ORDER BY c
	Sort  (cost=44.22..44.24 rows=10 width=121)
	  Sort Key: c
	  ->  Index Scan using sbtest5_pkey on sbtest5  (cost=0.43..44.05 rows=10 width=121)
	        Index Cond: ((id >= 3397167) AND (id <= 3397176))

table 6 : explain SELECT c FROM sbtest6 WHERE id BETWEEN 1109121 AND 1109130 ORDER BY c
	Sort  (cost=44.19..44.22 rows=10 width=121)
	  Sort Key: c
	  ->  Index Scan using sbtest6_pkey on sbtest6  (cost=0.43..44.03 rows=10 width=121)
	        Index Cond: ((id >= 1109121) AND (id <= 1109130))

table 7 : explain SELECT c FROM sbtest7 WHERE id BETWEEN 6601732 AND 6601741 ORDER BY c
	Sort  (cost=44.17..44.19 rows=10 width=121)
	  Sort Key: c
	  ->  Index Scan using sbtest7_pkey on sbtest7  (cost=0.43..44.00 rows=10 width=121)
	        Index Cond: ((id >= 6601732) AND (id <= 6601741))

table 8 : explain SELECT c FROM sbtest8 WHERE id BETWEEN 3734564 AND 3734573 ORDER BY c
	Sort  (cost=44.19..44.22 rows=10 width=121)
	  Sort Key: c
	  ->  Index Scan using sbtest8_pkey on sbtest8  (cost=0.43..44.03 rows=10 width=121)
	        Index Cond: ((id >= 3734564) AND (id <= 3734573))

for: distinct_ranges
table 1 : explain SELECT DISTINCT c FROM sbtest1 WHERE id BETWEEN 4265428 AND 4265437 ORDER BY c
	Unique  (cost=40.34..40.38 rows=9 width=121)
	  ->  Sort  (cost=40.34..40.36 rows=9 width=121)
	        Sort Key: c
	        ->  Index Scan using sbtest1_pkey on sbtest1  (cost=0.43..40.19 rows=9 width=121)
	              Index Cond: ((id >= 4265428) AND (id <= 4265437))

table 2 : explain SELECT DISTINCT c FROM sbtest2 WHERE id BETWEEN 2884677 AND 2884686 ORDER BY c
	Unique  (cost=44.34..44.39 rows=10 width=121)
	  ->  Sort  (cost=44.34..44.36 rows=10 width=121)
	        Sort Key: c
	        ->  Index Scan using sbtest2_pkey on sbtest2  (cost=0.43..44.17 rows=10 width=121)
	              Index Cond: ((id >= 2884677) AND (id <= 2884686))

table 3 : explain SELECT DISTINCT c FROM sbtest3 WHERE id BETWEEN 5153662 AND 5153671 ORDER BY c
	Unique  (cost=44.32..44.37 rows=10 width=121)
	  ->  Sort  (cost=44.32..44.34 rows=10 width=121)
	        Sort Key: c
	        ->  Index Scan using sbtest3_pkey on sbtest3  (cost=0.43..44.15 rows=10 width=121)
	              Index Cond: ((id >= 5153662) AND (id <= 5153671))

table 4 : explain SELECT DISTINCT c FROM sbtest4 WHERE id BETWEEN 5175645 AND 5175654 ORDER BY c
	Unique  (cost=44.23..44.28 rows=10 width=121)
	  ->  Sort  (cost=44.23..44.26 rows=10 width=121)
	        Sort Key: c
	        ->  Index Scan using sbtest4_pkey on sbtest4  (cost=0.43..44.07 rows=10 width=121)
	              Index Cond: ((id >= 5175645) AND (id <= 5175654))

table 5 : explain SELECT DISTINCT c FROM sbtest5 WHERE id BETWEEN 5931599 AND 5931608 ORDER BY c
	Unique  (cost=40.24..40.28 rows=9 width=121)
	  ->  Sort  (cost=40.24..40.26 rows=9 width=121)
	        Sort Key: c
	        ->  Index Scan using sbtest5_pkey on sbtest5  (cost=0.43..40.09 rows=9 width=121)
	              Index Cond: ((id >= 5931599) AND (id <= 5931608))

table 6 : explain SELECT DISTINCT c FROM sbtest6 WHERE id BETWEEN 5686533 AND 5686542 ORDER BY c
	Unique  (cost=44.19..44.24 rows=10 width=121)
	  ->  Sort  (cost=44.19..44.22 rows=10 width=121)
	        Sort Key: c
	        ->  Index Scan using sbtest6_pkey on sbtest6  (cost=0.43..44.03 rows=10 width=121)
	              Index Cond: ((id >= 5686533) AND (id <= 5686542))

table 7 : explain SELECT DISTINCT c FROM sbtest7 WHERE id BETWEEN 9657895 AND 9657904 ORDER BY c
	Unique  (cost=44.17..44.22 rows=10 width=121)
	  ->  Sort  (cost=44.17..44.19 rows=10 width=121)
	        Sort Key: c
	        ->  Index Scan using sbtest7_pkey on sbtest7  (cost=0.43..44.00 rows=10 width=121)
	              Index Cond: ((id >= 9657895) AND (id <= 9657904))

table 8 : explain SELECT DISTINCT c FROM sbtest8 WHERE id BETWEEN 8020271 AND 8020280 ORDER BY c
	Unique  (cost=44.19..44.24 rows=10 width=121)
	  ->  Sort  (cost=44.19..44.22 rows=10 width=121)
	        Sort Key: c
	        ->  Index Scan using sbtest8_pkey on sbtest8  (cost=0.43..44.03 rows=10 width=121)
	              Index Cond: ((id >= 8020271) AND (id <= 8020280))

for: distinct_ranges
table 1 : explain SELECT DISTINCT c FROM sbtest1 WHERE id BETWEEN 3404836 AND 3404845 ORDER BY c
	Unique  (cost=44.33..44.38 rows=10 width=121)
	  ->  Sort  (cost=44.33..44.35 rows=10 width=121)
	        Sort Key: c
	        ->  Index Scan using sbtest1_pkey on sbtest1  (cost=0.43..44.16 rows=10 width=121)
	              Index Cond: ((id >= 3404836) AND (id <= 3404845))

table 2 : explain SELECT DISTINCT c FROM sbtest2 WHERE id BETWEEN 7633740 AND 7633749 ORDER BY c
	Unique  (cost=44.34..44.39 rows=10 width=121)
	  ->  Sort  (cost=44.34..44.36 rows=10 width=121)
	        Sort Key: c
	        ->  Index Scan using sbtest2_pkey on sbtest2  (cost=0.43..44.17 rows=10 width=121)
	              Index Cond: ((id >= 7633740) AND (id <= 7633749))

table 3 : explain SELECT DISTINCT c FROM sbtest3 WHERE id BETWEEN 9374443 AND 9374452 ORDER BY c
	Unique  (cost=44.32..44.37 rows=10 width=121)
	  ->  Sort  (cost=44.32..44.34 rows=10 width=121)
	        Sort Key: c
	        ->  Index Scan using sbtest3_pkey on sbtest3  (cost=0.43..44.15 rows=10 width=121)
	              Index Cond: ((id >= 9374443) AND (id <= 9374452))

table 4 : explain SELECT DISTINCT c FROM sbtest4 WHERE id BETWEEN 8052972 AND 8052981 ORDER BY c
	Unique  (cost=44.23..44.28 rows=10 width=121)
	  ->  Sort  (cost=44.23..44.26 rows=10 width=121)
	        Sort Key: c
	        ->  Index Scan using sbtest4_pkey on sbtest4  (cost=0.43..44.07 rows=10 width=121)
	              Index Cond: ((id >= 8052972) AND (id <= 8052981))

table 5 : explain SELECT DISTINCT c FROM sbtest5 WHERE id BETWEEN 631209 AND 631218 ORDER BY c
	Unique  (cost=44.22..44.27 rows=10 width=121)
	  ->  Sort  (cost=44.22..44.24 rows=10 width=121)
	        Sort Key: c
	        ->  Index Scan using sbtest5_pkey on sbtest5  (cost=0.43..44.05 rows=10 width=121)
	              Index Cond: ((id >= 631209) AND (id <= 631218))

table 6 : explain SELECT DISTINCT c FROM sbtest6 WHERE id BETWEEN 8443826 AND 8443835 ORDER BY c
	Unique  (cost=44.19..44.24 rows=10 width=121)
	  ->  Sort  (cost=44.19..44.22 rows=10 width=121)
	        Sort Key: c
	        ->  Index Scan using sbtest6_pkey on sbtest6  (cost=0.43..44.03 rows=10 width=121)
	              Index Cond: ((id >= 8443826) AND (id <= 8443835))

table 7 : explain SELECT DISTINCT c FROM sbtest7 WHERE id BETWEEN 9886446 AND 9886455 ORDER BY c
	Unique  (cost=44.17..44.22 rows=10 width=121)
	  ->  Sort  (cost=44.17..44.19 rows=10 width=121)
	        Sort Key: c
	        ->  Index Scan using sbtest7_pkey on sbtest7  (cost=0.43..44.00 rows=10 width=121)
	              Index Cond: ((id >= 9886446) AND (id <= 9886455))

table 8 : explain SELECT DISTINCT c FROM sbtest8 WHERE id BETWEEN 6358153 AND 6358162 ORDER BY c
	Unique  (cost=44.19..44.24 rows=10 width=121)
	  ->  Sort  (cost=44.19..44.22 rows=10 width=121)
	        Sort Key: c
	        ->  Index Scan using sbtest8_pkey on sbtest8  (cost=0.43..44.03 rows=10 width=121)
	              Index Cond: ((id >= 6358153) AND (id <= 6358162))

for: order_ranges
table 1 : explain SELECT c FROM sbtest1 WHERE id BETWEEN 4115047 AND 4115056 ORDER BY c
	Sort  (cost=40.34..40.36 rows=9 width=121)
	  Sort Key: c
	  ->  Index Scan using sbtest1_pkey on sbtest1  (cost=0.43..40.19 rows=9 width=121)
	        Index Cond: ((id >= 4115047) AND (id <= 4115056))

table 2 : explain SELECT c FROM sbtest2 WHERE id BETWEEN 7310269 AND 7310278 ORDER BY c
	Sort  (cost=48.33..48.36 rows=11 width=121)
	  Sort Key: c
	  ->  Index Scan using sbtest2_pkey on sbtest2  (cost=0.43..48.14 rows=11 width=121)
	        Index Cond: ((id >= 7310269) AND (id <= 7310278))

table 3 : explain SELECT c FROM sbtest3 WHERE id BETWEEN 9714066 AND 9714075 ORDER BY c
	Sort  (cost=44.32..44.34 rows=10 width=121)
	  Sort Key: c
	  ->  Index Scan using sbtest3_pkey on sbtest3  (cost=0.43..44.15 rows=10 width=121)
	        Index Cond: ((id >= 9714066) AND (id <= 9714075))

table 4 : explain SELECT c FROM sbtest4 WHERE id BETWEEN 2906234 AND 2906243 ORDER BY c
	Sort  (cost=44.23..44.26 rows=10 width=121)
	  Sort Key: c
	  ->  Index Scan using sbtest4_pkey on sbtest4  (cost=0.43..44.07 rows=10 width=121)
	        Index Cond: ((id >= 2906234) AND (id <= 2906243))

table 5 : explain SELECT c FROM sbtest5 WHERE id BETWEEN 2819059 AND 2819068 ORDER BY c
	Sort  (cost=48.19..48.22 rows=11 width=121)
	  Sort Key: c
	  ->  Index Scan using sbtest5_pkey on sbtest5  (cost=0.43..48.00 rows=11 width=121)
	        Index Cond: ((id >= 2819059) AND (id <= 2819068))

table 6 : explain SELECT c FROM sbtest6 WHERE id BETWEEN 2518194 AND 2518203 ORDER BY c
	Sort  (cost=44.19..44.22 rows=10 width=121)
	  Sort Key: c
	  ->  Index Scan using sbtest6_pkey on sbtest6  (cost=0.43..44.03 rows=10 width=121)
	        Index Cond: ((id >= 2518194) AND (id <= 2518203))

table 7 : explain SELECT c FROM sbtest7 WHERE id BETWEEN 1107548 AND 1107557 ORDER BY c
	Sort  (cost=48.14..48.17 rows=11 width=121)
	  Sort Key: c
	  ->  Index Scan using sbtest7_pkey on sbtest7  (cost=0.43..47.95 rows=11 width=121)
	        Index Cond: ((id >= 1107548) AND (id <= 1107557))

table 8 : explain SELECT c FROM sbtest8 WHERE id BETWEEN 4531855 AND 4531864 ORDER BY c
	Sort  (cost=44.19..44.22 rows=10 width=121)
	  Sort Key: c
	  ->  Index Scan using sbtest8_pkey on sbtest8  (cost=0.43..44.03 rows=10 width=121)
	        Index Cond: ((id >= 4531855) AND (id <= 4531864))

for: distinct_ranges
table 1 : explain SELECT DISTINCT c FROM sbtest1 WHERE id BETWEEN 5561250 AND 5561259 ORDER BY c
	Unique  (cost=48.32..48.38 rows=11 width=121)
	  ->  Sort  (cost=48.32..48.35 rows=11 width=121)
	        Sort Key: c
	        ->  Index Scan using sbtest1_pkey on sbtest1  (cost=0.43..48.13 rows=11 width=121)
	              Index Cond: ((id >= 5561250) AND (id <= 5561259))

table 2 : explain SELECT DISTINCT c FROM sbtest2 WHERE id BETWEEN 703839 AND 703848 ORDER BY c
	Unique  (cost=44.34..44.39 rows=10 width=121)
	  ->  Sort  (cost=44.34..44.36 rows=10 width=121)
	        Sort Key: c
	        ->  Index Scan using sbtest2_pkey on sbtest2  (cost=0.43..44.17 rows=10 width=121)
	              Index Cond: ((id >= 703839) AND (id <= 703848))

table 3 : explain SELECT DISTINCT c FROM sbtest3 WHERE id BETWEEN 9536029 AND 9536038 ORDER BY c
	Unique  (cost=48.31..48.36 rows=11 width=121)
	  ->  Sort  (cost=48.31..48.33 rows=11 width=121)
	        Sort Key: c
	        ->  Index Scan using sbtest3_pkey on sbtest3  (cost=0.43..48.12 rows=11 width=121)
	              Index Cond: ((id >= 9536029) AND (id <= 9536038))

table 4 : explain SELECT DISTINCT c FROM sbtest4 WHERE id BETWEEN 4420115 AND 4420124 ORDER BY c
	Unique  (cost=40.25..40.30 rows=9 width=121)
	  ->  Sort  (cost=40.25..40.27 rows=9 width=121)
	        Sort Key: c
	        ->  Index Scan using sbtest4_pkey on sbtest4  (cost=0.43..40.11 rows=9 width=121)
	              Index Cond: ((id >= 4420115) AND (id <= 4420124))

table 5 : explain SELECT DISTINCT c FROM sbtest5 WHERE id BETWEEN 2322350 AND 2322359 ORDER BY c
	Unique  (cost=44.22..44.27 rows=10 width=121)
	  ->  Sort  (cost=44.22..44.24 rows=10 width=121)
	        Sort Key: c
	        ->  Index Scan using sbtest5_pkey on sbtest5  (cost=0.43..44.05 rows=10 width=121)
	              Index Cond: ((id >= 2322350) AND (id <= 2322359))

table 6 : explain SELECT DISTINCT c FROM sbtest6 WHERE id BETWEEN 5837157 AND 5837166 ORDER BY c
	Unique  (cost=44.19..44.24 rows=10 width=121)
	  ->  Sort  (cost=44.19..44.22 rows=10 width=121)
	        Sort Key: c
	        ->  Index Scan using sbtest6_pkey on sbtest6  (cost=0.43..44.03 rows=10 width=121)
	              Index Cond: ((id >= 5837157) AND (id <= 5837166))

table 7 : explain SELECT DISTINCT c FROM sbtest7 WHERE id BETWEEN 2376568 AND 2376577 ORDER BY c
	Unique  (cost=40.19..40.24 rows=9 width=121)
	  ->  Sort  (cost=40.19..40.22 rows=9 width=121)
	        Sort Key: c
	        ->  Index Scan using sbtest7_pkey on sbtest7  (cost=0.43..40.05 rows=9 width=121)
	              Index Cond: ((id >= 2376568) AND (id <= 2376577))

table 8 : explain SELECT DISTINCT c FROM sbtest8 WHERE id BETWEEN 3540861 AND 3540870 ORDER BY c
	Unique  (cost=48.17..48.23 rows=11 width=121)
	  ->  Sort  (cost=48.17..48.20 rows=11 width=121)
	        Sort Key: c
	        ->  Index Scan using sbtest8_pkey on sbtest8  (cost=0.43..47.98 rows=11 width=121)
	              Index Cond: ((id >= 3540861) AND (id <= 3540870))

for: distinct_ranges
table 1 : explain SELECT DISTINCT c FROM sbtest1 WHERE id BETWEEN 9606489 AND 9606498 ORDER BY c
	Unique  (cost=44.33..44.38 rows=10 width=121)
	  ->  Sort  (cost=44.33..44.35 rows=10 width=121)
	        Sort Key: c
	        ->  Index Scan using sbtest1_pkey on sbtest1  (cost=0.43..44.16 rows=10 width=121)
	              Index Cond: ((id >= 9606489) AND (id <= 9606498))

table 2 : explain SELECT DISTINCT c FROM sbtest2 WHERE id BETWEEN 6438017 AND 6438026 ORDER BY c
	Unique  (cost=44.34..44.39 rows=10 width=121)
	  ->  Sort  (cost=44.34..44.36 rows=10 width=121)
	        Sort Key: c
	        ->  Index Scan using sbtest2_pkey on sbtest2  (cost=0.43..44.17 rows=10 width=121)
	              Index Cond: ((id >= 6438017) AND (id <= 6438026))

table 3 : explain SELECT DISTINCT c FROM sbtest3 WHERE id BETWEEN 5828147 AND 5828156 ORDER BY c
	Unique  (cost=40.33..40.37 rows=9 width=121)
	  ->  Sort  (cost=40.33..40.35 rows=9 width=121)
	        Sort Key: c
	        ->  Index Scan using sbtest3_pkey on sbtest3  (cost=0.43..40.18 rows=9 width=121)
	              Index Cond: ((id >= 5828147) AND (id <= 5828156))

table 4 : explain SELECT DISTINCT c FROM sbtest4 WHERE id BETWEEN 3527925 AND 3527934 ORDER BY c
	Unique  (cost=40.25..40.30 rows=9 width=121)
	  ->  Sort  (cost=40.25..40.27 rows=9 width=121)
	        Sort Key: c
	        ->  Index Scan using sbtest4_pkey on sbtest4  (cost=0.43..40.11 rows=9 width=121)
	              Index Cond: ((id >= 3527925) AND (id <= 3527934))

table 5 : explain SELECT DISTINCT c FROM sbtest5 WHERE id BETWEEN 7913620 AND 7913629 ORDER BY c
	Unique  (cost=40.24..40.28 rows=9 width=121)
	  ->  Sort  (cost=40.24..40.26 rows=9 width=121)
	        Sort Key: c
	        ->  Index Scan using sbtest5_pkey on sbtest5  (cost=0.43..40.09 rows=9 width=121)
	              Index Cond: ((id >= 7913620) AND (id <= 7913629))

table 6 : explain SELECT DISTINCT c FROM sbtest6 WHERE id BETWEEN 2544433 AND 2544442 ORDER BY c
	Unique  (cost=44.19..44.24 rows=10 width=121)
	  ->  Sort  (cost=44.19..44.22 rows=10 width=121)
	        Sort Key: c
	        ->  Index Scan using sbtest6_pkey on sbtest6  (cost=0.43..44.03 rows=10 width=121)
	              Index Cond: ((id >= 2544433) AND (id <= 2544442))

table 7 : explain SELECT DISTINCT c FROM sbtest7 WHERE id BETWEEN 6784392 AND 6784401 ORDER BY c
	Unique  (cost=48.14..48.19 rows=11 width=121)
	  ->  Sort  (cost=48.14..48.17 rows=11 width=121)
	        Sort Key: c
	        ->  Index Scan using sbtest7_pkey on sbtest7  (cost=0.43..47.95 rows=11 width=121)
	              Index Cond: ((id >= 6784392) AND (id <= 6784401))

table 8 : explain SELECT DISTINCT c FROM sbtest8 WHERE id BETWEEN 3209090 AND 3209099 ORDER BY c
	Unique  (cost=44.19..44.24 rows=10 width=121)
	  ->  Sort  (cost=44.19..44.22 rows=10 width=121)
	        Sort Key: c
	        ->  Index Scan using sbtest8_pkey on sbtest8  (cost=0.43..44.03 rows=10 width=121)
	              Index Cond: ((id >= 3209090) AND (id <= 3209099))

Threads started!

Warming up for 5 seconds...

SQL statistics:
    queries performed:
        read:                            467638931
        write:                           0
        other:                           66805570
        total:                           534444501
    transactions:                        33402805 (53018.80 per sec.)
    queries:                             534444501 (848300.20 per sec.)
    ignored errors:                      0      (0.00 per sec.)
    reconnects:                          0      (0.00 per sec.)

Throughput:
    events/s (eps):                      53018.8000
    time elapsed:                        630.0182s
    total number of events:              33402805

Latency (ms):
         min:                                    0.67
         avg:                                    0.75
         max:                                   16.84
         95th percentile:                        0.83
         sum:                             25169353.39

Threads fairness:
    events (avg/stddev):           835069.1250/4322.13
    execution time (avg/stddev):   629.2338/0.01

