LUA_PATH=/home/mdcallag/git/mytools/bench/sysbench.lua/lua/?.lua /home/mdcallag/git/mytools/bench/sysbench.lua/lua/sysbench --db-driver=pgsql --range-size=100 --table-size=10000000 --tables=8 --threads=40 --events=0 --warmup-time=5 --time=630 --pgsql_conn_id=true /home/mdcallag/git/mytools/bench/sysbench.lua/lua/oltp_range_covered.lua run --pgsql-user=root --pgsql-password=pw --pgsql-host=127.0.0.1 --pgsql-db=ib --rand-type=uniform --random-points=100 --skip-trx --on-id=false
48 CPUs
sysbench 1.1.0-9072687 (using bundled LuaJIT 2.1.0-beta3)

Running the test with following options:
Number of threads: 40
Warmup time: 5s
Initializing random number generator from current time


Initializing worker threads...

explain: for range-covered :: explain SELECT k FROM sbtest%d WHERE k BETWEEN 5760020 AND 5760120
explain: for range-covered :: explain SELECT k FROM sbtest%d WHERE k BETWEEN 8386094 AND 8386194
explain: for range-covered :: explain SELECT k FROM sbtest%d WHERE k BETWEEN 6826341 AND 6826441
explain: for range-covered :: explain SELECT k FROM sbtest%d WHERE k BETWEEN 5578213 AND 5578313
explain: for range-covered :: explain SELECT k FROM sbtest%d WHERE k BETWEEN 3508946 AND 3509046
explain: for range-covered :: explain SELECT k FROM sbtest%d WHERE k BETWEEN 6705704 AND 6705804
explain: for range-covered :: explain SELECT k FROM sbtest%d WHERE k BETWEEN 7301331 AND 7301431
for range-covered
table 1 : explain SELECT k FROM sbtest1 WHERE k BETWEEN 8386094 AND 8386194
	Index Only Scan using k_1 on sbtest1  (cost=0.43..6.50 rows=103 width=4)
	  Index Cond: ((k >= 8386094) AND (k <= 8386194))

table 2 : explain SELECT k FROM sbtest2 WHERE k BETWEEN 8386094 AND 8386194
	Index Only Scan using k_2 on sbtest2  (cost=0.43..6.42 rows=99 width=4)
	  Index Cond: ((k >= 8386094) AND (k <= 8386194))

table 3 : explain SELECT k FROM sbtest3 WHERE k BETWEEN 8386094 AND 8386194
	Index Only Scan using k_3 on sbtest3  (cost=0.43..6.42 rows=99 width=4)
	  Index Cond: ((k >= 8386094) AND (k <= 8386194))

table 4 : explain SELECT k FROM sbtest4 WHERE k BETWEEN 8386094 AND 8386194
	Index Only Scan using k_4 on sbtest4  (cost=0.43..6.51 rows=104 width=4)
	  Index Cond: ((k >= 8386094) AND (k <= 8386194))

table 5 : explain SELECT k FROM sbtest5 WHERE k BETWEEN 8386094 AND 8386194
	Index Only Scan using k_5 on sbtest5  (cost=0.43..6.37 rows=97 width=4)
	  Index Cond: ((k >= 8386094) AND (k <= 8386194))

table 6 : explain SELECT k FROM sbtest6 WHERE k BETWEEN 8386094 AND 8386194
	Index Only Scan using k_6 on sbtest6  (cost=0.43..6.45 rows=101 width=4)
	  Index Cond: ((k >= 8386094) AND (k <= 8386194))

table 7 : explain SELECT k FROM sbtest7 WHERE k BETWEEN 8386094 AND 8386194
	Index Only Scan using k_7 on sbtest7  (cost=0.43..6.47 rows=102 width=4)
	  Index Cond: ((k >= 8386094) AND (k <= 8386194))

table 8 : explain SELECT k FROM sbtest8 WHERE k BETWEEN 8386094 AND 8386194
	Index Only Scan using k_8 on sbtest8  (cost=0.43..6.50 rows=103 width=4)
	  Index Cond: ((k >= 8386094) AND (k <= 8386194))

explain: for range-covered :: explain SELECT k FROM sbtest%d WHERE k BETWEEN 8386094 AND 8386194
for range-covered
table 1 : explain SELECT k FROM sbtest1 WHERE k BETWEEN 7301331 AND 7301431
	Index Only Scan using k_1 on sbtest1  (cost=0.43..6.47 rows=102 width=4)
	  Index Cond: ((k >= 7301331) AND (k <= 7301431))

table 2 : explain SELECT k FROM sbtest2 WHERE k BETWEEN 7301331 AND 7301431
	Index Only Scan using k_2 on sbtest2  (cost=0.43..6.51 rows=104 width=4)
	  Index Cond: ((k >= 7301331) AND (k <= 7301431))

table 3 : explain SELECT k FROM sbtest3 WHERE k BETWEEN 7301331 AND 7301431
	Index Only Scan using k_3 on sbtest3  (cost=0.43..6.43 rows=100 width=4)
	  Index Cond: ((k >= 7301331) AND (k <= 7301431))

table 4 : explain SELECT k FROM sbtest4 WHERE k BETWEEN 7301331 AND 7301431
	Index Only Scan using k_4 on sbtest4  (cost=0.43..6.37 rows=97 width=4)
	  Index Cond: ((k >= 7301331) AND (k <= 7301431))

table 5 : explain SELECT k FROM sbtest5 WHERE k BETWEEN 7301331 AND 7301431
	Index Only Scan using k_5 on sbtest5  (cost=0.43..6.27 rows=92 width=4)
	  Index Cond: ((k >= 7301331) AND (k <= 7301431))

table 6 : explain SELECT k FROM sbtest6 WHERE k BETWEEN 7301331 AND 7301431
	Index Only Scan using k_6 on sbtest6  (cost=0.43..6.61 rows=109 width=4)
	  Index Cond: ((k >= 7301331) AND (k <= 7301431))

table 7 : explain SELECT k FROM sbtest7 WHERE k BETWEEN 7301331 AND 7301431
	Index Only Scan using k_7 on sbtest7  (cost=0.43..6.53 rows=105 width=4)
	  Index Cond: ((k >= 7301331) AND (k <= 7301431))

table 8 : explain SELECT k FROM sbtest8 WHERE k BETWEEN 7301331 AND 7301431
	Index Only Scan using k_8 on sbtest8  (cost=0.43..6.66 rows=111 width=4)
	  Index Cond: ((k >= 7301331) AND (k <= 7301431))

for range-covered
table 1 : explain SELECT k FROM sbtest1 WHERE k BETWEEN 6705704 AND 6705804
	Index Only Scan using k_1 on sbtest1  (cost=0.43..6.29 rows=93 width=4)
	  Index Cond: ((k >= 6705704) AND (k <= 6705804))

table 2 : explain SELECT k FROM sbtest2 WHERE k BETWEEN 6705704 AND 6705804
	Index Only Scan using k_2 on sbtest2  (cost=0.43..6.63 rows=110 width=4)
	  Index Cond: ((k >= 6705704) AND (k <= 6705804))

table 3 : explain SELECT k FROM sbtest3 WHERE k BETWEEN 6705704 AND 6705804
	Index Only Scan using k_3 on sbtest3  (cost=0.43..6.47 rows=102 width=4)
	  Index Cond: ((k >= 6705704) AND (k <= 6705804))

table 4 : explain SELECT k FROM sbtest4 WHERE k BETWEEN 6705704 AND 6705804
	Index Only Scan using k_4 on sbtest4  (cost=0.43..6.42 rows=99 width=4)
	  Index Cond: ((k >= 6705704) AND (k <= 6705804))

table 5 : explain SELECT k FROM sbtest5 WHERE k BETWEEN 6705704 AND 6705804
	Index Only Scan using k_5 on sbtest5  (cost=0.43..6.40 rows=98 width=4)
	  Index Cond: ((k >= 6705704) AND (k <= 6705804))

table 6 : explain SELECT k FROM sbtest6 WHERE k BETWEEN 6705704 AND 6705804
	Index Only Scan using k_6 on sbtest6  (cost=0.43..6.58 rows=107 width=4)
	  Index Cond: ((k >= 6705704) AND (k <= 6705804))

table 7 : explain SELECT k FROM sbtest7 WHERE k BETWEEN 6705704 AND 6705804
	Index Only Scan using k_7 on sbtest7  (cost=0.43..6.51 rows=104 width=4)
	  Index Cond: ((k >= 6705704) AND (k <= 6705804))

table 8 : explain SELECT k FROM sbtest8 WHERE k BETWEEN 6705704 AND 6705804
	Index Only Scan using k_8 on sbtest8  (cost=0.43..6.32 rows=94 width=4)
	  Index Cond: ((k >= 6705704) AND (k <= 6705804))

for range-covered
table 1 : explain SELECT k FROM sbtest1 WHERE k BETWEEN 5760020 AND 5760120
	Index Only Scan using k_1 on sbtest1  (cost=0.43..6.50 rows=103 width=4)
	  Index Cond: ((k >= 5760020) AND (k <= 5760120))

table 2 : explain SELECT k FROM sbtest2 WHERE k BETWEEN 5760020 AND 5760120
	Index Only Scan using k_2 on sbtest2  (cost=0.43..6.51 rows=104 width=4)
	  Index Cond: ((k >= 5760020) AND (k <= 5760120))

table 3 : explain SELECT k FROM sbtest3 WHERE k BETWEEN 5760020 AND 5760120
	Index Only Scan using k_3 on sbtest3  (cost=0.43..6.40 rows=98 width=4)
	  Index Cond: ((k >= 5760020) AND (k <= 5760120))

table 4 : explain SELECT k FROM sbtest4 WHERE k BETWEEN 5760020 AND 5760120
	Index Only Scan using k_4 on sbtest4  (cost=0.43..6.50 rows=103 width=4)
	  Index Cond: ((k >= 5760020) AND (k <= 5760120))

table 5 : explain SELECT k FROM sbtest5 WHERE k BETWEEN 5760020 AND 5760120
	Index Only Scan using k_5 on sbtest5  (cost=0.43..6.37 rows=97 width=4)
	  Index Cond: ((k >= 5760020) AND (k <= 5760120))

table 6 : explain SELECT k FROM sbtest6 WHERE k BETWEEN 5760020 AND 5760120
	Index Only Scan using k_6 on sbtest6  (cost=0.43..6.81 rows=119 width=4)
	  Index Cond: ((k >= 5760020) AND (k <= 5760120))

table 7 : explain SELECT k FROM sbtest7 WHERE k BETWEEN 5760020 AND 5760120
	Index Only Scan using k_7 on sbtest7  (cost=0.43..6.29 rows=93 width=4)
	  Index Cond: ((k >= 5760020) AND (k <= 5760120))

table 8 : explain SELECT k FROM sbtest8 WHERE k BETWEEN 5760020 AND 5760120
	Index Only Scan using k_8 on sbtest8  (cost=0.43..6.51 rows=104 width=4)
	  Index Cond: ((k >= 5760020) AND (k <= 5760120))

for range-covered
table 1 : explain SELECT k FROM sbtest1 WHERE k BETWEEN 6826341 AND 6826441
	Index Only Scan using k_1 on sbtest1  (cost=0.43..6.56 rows=106 width=4)
	  Index Cond: ((k >= 6826341) AND (k <= 6826441))

table 2 : explain SELECT k FROM sbtest2 WHERE k BETWEEN 6826341 AND 6826441
	Index Only Scan using k_2 on sbtest2  (cost=0.43..6.33 rows=95 width=4)
	  Index Cond: ((k >= 6826341) AND (k <= 6826441))

table 3 : explain SELECT k FROM sbtest3 WHERE k BETWEEN 6826341 AND 6826441
	Index Only Scan using k_3 on sbtest3  (cost=0.43..6.51 rows=104 width=4)
	  Index Cond: ((k >= 6826341) AND (k <= 6826441))

table 4 : explain SELECT k FROM sbtest4 WHERE k BETWEEN 6826341 AND 6826441
	Index Only Scan using k_4 on sbtest4  (cost=0.43..6.45 rows=101 width=4)
	  Index Cond: ((k >= 6826341) AND (k <= 6826441))

table 5 : explain SELECT k FROM sbtest5 WHERE k BETWEEN 6826341 AND 6826441
	Index Only Scan using k_5 on sbtest5  (cost=0.43..6.53 rows=105 width=4)
	  Index Cond: ((k >= 6826341) AND (k <= 6826441))

table 6 : explain SELECT k FROM sbtest6 WHERE k BETWEEN 6826341 AND 6826441
	Index Only Scan using k_6 on sbtest6  (cost=0.43..6.63 rows=110 width=4)
	  Index Cond: ((k >= 6826341) AND (k <= 6826441))

table 7 : explain SELECT k FROM sbtest7 WHERE k BETWEEN 6826341 AND 6826441
	Index Only Scan using k_7 on sbtest7  (cost=0.43..6.40 rows=98 width=4)
	  Index Cond: ((k >= 6826341) AND (k <= 6826441))

table 8 : explain SELECT k FROM sbtest8 WHERE k BETWEEN 6826341 AND 6826441
	Index Only Scan using k_8 on sbtest8  (cost=0.43..6.37 rows=97 width=4)
	  Index Cond: ((k >= 6826341) AND (k <= 6826441))

explain: for range-covered :: explain SELECT k FROM sbtest%d WHERE k BETWEEN 5760020 AND 5760120
explain: for range-covered :: explain SELECT k FROM sbtest%d WHERE k BETWEEN 6826341 AND 6826441
explain: for range-covered :: explain SELECT k FROM sbtest%d WHERE k BETWEEN 4524531 AND 4524631
for range-covered
table 1 : explain SELECT k FROM sbtest1 WHERE k BETWEEN 6826341 AND 6826441
	Index Only Scan using k_1 on sbtest1  (cost=0.43..6.56 rows=106 width=4)
	  Index Cond: ((k >= 6826341) AND (k <= 6826441))

table 2 : explain SELECT k FROM sbtest2 WHERE k BETWEEN 6826341 AND 6826441
	Index Only Scan using k_2 on sbtest2  (cost=0.43..6.33 rows=95 width=4)
	  Index Cond: ((k >= 6826341) AND (k <= 6826441))

table 3 : explain SELECT k FROM sbtest3 WHERE k BETWEEN 6826341 AND 6826441
	Index Only Scan using k_3 on sbtest3  (cost=0.43..6.51 rows=104 width=4)
	  Index Cond: ((k >= 6826341) AND (k <= 6826441))

table 4 : explain SELECT k FROM sbtest4 WHERE k BETWEEN 6826341 AND 6826441
	Index Only Scan using k_4 on sbtest4  (cost=0.43..6.45 rows=101 width=4)
	  Index Cond: ((k >= 6826341) AND (k <= 6826441))

table 5 : explain SELECT k FROM sbtest5 WHERE k BETWEEN 6826341 AND 6826441
	Index Only Scan using k_5 on sbtest5  (cost=0.43..6.53 rows=105 width=4)
	  Index Cond: ((k >= 6826341) AND (k <= 6826441))

table 6 : explain SELECT k FROM sbtest6 WHERE k BETWEEN 6826341 AND 6826441
	Index Only Scan using k_6 on sbtest6  (cost=0.43..6.63 rows=110 width=4)
	  Index Cond: ((k >= 6826341) AND (k <= 6826441))

table 7 : explain SELECT k FROM sbtest7 WHERE k BETWEEN 6826341 AND 6826441
	Index Only Scan using k_7 on sbtest7  (cost=0.43..6.40 rows=98 width=4)
	  Index Cond: ((k >= 6826341) AND (k <= 6826441))

table 8 : explain SELECT k FROM sbtest8 WHERE k BETWEEN 6826341 AND 6826441
	Index Only Scan using k_8 on sbtest8  (cost=0.43..6.37 rows=97 width=4)
	  Index Cond: ((k >= 6826341) AND (k <= 6826441))

explain: for range-covered :: explain SELECT k FROM sbtest%d WHERE k BETWEEN 6826341 AND 6826441
for range-covered
table 1 : explain SELECT k FROM sbtest1 WHERE k BETWEEN 5578213 AND 5578313
	Index Only Scan using k_1 on sbtest1  (cost=0.43..6.51 rows=104 width=4)
	  Index Cond: ((k >= 5578213) AND (k <= 5578313))

table 2 : explain SELECT k FROM sbtest2 WHERE k BETWEEN 5578213 AND 5578313
	Index Only Scan using k_2 on sbtest2  (cost=0.43..6.43 rows=100 width=4)
	  Index Cond: ((k >= 5578213) AND (k <= 5578313))

table 3 : explain SELECT k FROM sbtest3 WHERE k BETWEEN 5578213 AND 5578313
	Index Only Scan using k_3 on sbtest3  (cost=0.43..6.63 rows=110 width=4)
	  Index Cond: ((k >= 5578213) AND (k <= 5578313))

table 4 : explain SELECT k FROM sbtest4 WHERE k BETWEEN 5578213 AND 5578313
	Index Only Scan using k_4 on sbtest4  (cost=0.43..6.47 rows=102 width=4)
	  Index Cond: ((k >= 5578213) AND (k <= 5578313))

table 5 : explain SELECT k FROM sbtest5 WHERE k BETWEEN 5578213 AND 5578313
	Index Only Scan using k_5 on sbtest5  (cost=0.43..6.75 rows=116 width=4)
	  Index Cond: ((k >= 5578213) AND (k <= 5578313))

table 6 : explain SELECT k FROM sbtest6 WHERE k BETWEEN 5578213 AND 5578313
	Index Only Scan using k_6 on sbtest6  (cost=0.43..6.51 rows=104 width=4)
	  Index Cond: ((k >= 5578213) AND (k <= 5578313))

table 7 : explain SELECT k FROM sbtest7 WHERE k BETWEEN 5578213 AND 5578313
	Index Only Scan using k_7 on sbtest7  (cost=0.43..6.51 rows=104 width=4)
	  Index Cond: ((k >= 5578213) AND (k <= 5578313))

table 8 : explain SELECT k FROM sbtest8 WHERE k BETWEEN 5578213 AND 5578313
	Index Only Scan using k_8 on sbtest8  (cost=0.43..6.40 rows=98 width=4)
	  Index Cond: ((k >= 5578213) AND (k <= 5578313))

explain: for range-covered :: explain SELECT k FROM sbtest%d WHERE k BETWEEN 7301331 AND 7301431
explain: for range-covered :: explain SELECT k FROM sbtest%d WHERE k BETWEEN 5578213 AND 5578313
for range-covered
table 1 : explain SELECT k FROM sbtest1 WHERE k BETWEEN 5760020 AND 5760120
	Index Only Scan using k_1 on sbtest1  (cost=0.43..6.50 rows=103 width=4)
	  Index Cond: ((k >= 5760020) AND (k <= 5760120))

table 2 : explain SELECT k FROM sbtest2 WHERE k BETWEEN 5760020 AND 5760120
	Index Only Scan using k_2 on sbtest2  (cost=0.43..6.51 rows=104 width=4)
	  Index Cond: ((k >= 5760020) AND (k <= 5760120))

table 3 : explain SELECT k FROM sbtest3 WHERE k BETWEEN 5760020 AND 5760120
	Index Only Scan using k_3 on sbtest3  (cost=0.43..6.40 rows=98 width=4)
	  Index Cond: ((k >= 5760020) AND (k <= 5760120))

table 4 : explain SELECT k FROM sbtest4 WHERE k BETWEEN 5760020 AND 5760120
	Index Only Scan using k_4 on sbtest4  (cost=0.43..6.50 rows=103 width=4)
	  Index Cond: ((k >= 5760020) AND (k <= 5760120))

table 5 : explain SELECT k FROM sbtest5 WHERE k BETWEEN 5760020 AND 5760120
	Index Only Scan using k_5 on sbtest5  (cost=0.43..6.37 rows=97 width=4)
	  Index Cond: ((k >= 5760020) AND (k <= 5760120))

table 6 : explain SELECT k FROM sbtest6 WHERE k BETWEEN 5760020 AND 5760120
	Index Only Scan using k_6 on sbtest6  (cost=0.43..6.81 rows=119 width=4)
	  Index Cond: ((k >= 5760020) AND (k <= 5760120))

table 7 : explain SELECT k FROM sbtest7 WHERE k BETWEEN 5760020 AND 5760120
	Index Only Scan using k_7 on sbtest7  (cost=0.43..6.29 rows=93 width=4)
	  Index Cond: ((k >= 5760020) AND (k <= 5760120))

table 8 : explain SELECT k FROM sbtest8 WHERE k BETWEEN 5760020 AND 5760120
	Index Only Scan using k_8 on sbtest8  (cost=0.43..6.51 rows=104 width=4)
	  Index Cond: ((k >= 5760020) AND (k <= 5760120))

explain: for range-covered :: explain SELECT k FROM sbtest%d WHERE k BETWEEN 5621505 AND 5621605
for range-covered
table 1 : explain SELECT k FROM sbtest1 WHERE k BETWEEN 6826341 AND 6826441
	Index Only Scan using k_1 on sbtest1  (cost=0.43..6.56 rows=106 width=4)
	  Index Cond: ((k >= 6826341) AND (k <= 6826441))

table 2 : explain SELECT k FROM sbtest2 WHERE k BETWEEN 6826341 AND 6826441
	Index Only Scan using k_2 on sbtest2  (cost=0.43..6.33 rows=95 width=4)
	  Index Cond: ((k >= 6826341) AND (k <= 6826441))

table 3 : explain SELECT k FROM sbtest3 WHERE k BETWEEN 6826341 AND 6826441
	Index Only Scan using k_3 on sbtest3  (cost=0.43..6.51 rows=104 width=4)
	  Index Cond: ((k >= 6826341) AND (k <= 6826441))

table 4 : explain SELECT k FROM sbtest4 WHERE k BETWEEN 6826341 AND 6826441
	Index Only Scan using k_4 on sbtest4  (cost=0.43..6.45 rows=101 width=4)
	  Index Cond: ((k >= 6826341) AND (k <= 6826441))

table 5 : explain SELECT k FROM sbtest5 WHERE k BETWEEN 6826341 AND 6826441
	Index Only Scan using k_5 on sbtest5  (cost=0.43..6.53 rows=105 width=4)
	  Index Cond: ((k >= 6826341) AND (k <= 6826441))

table 6 : explain SELECT k FROM sbtest6 WHERE k BETWEEN 6826341 AND 6826441
	Index Only Scan using k_6 on sbtest6  (cost=0.43..6.63 rows=110 width=4)
	  Index Cond: ((k >= 6826341) AND (k <= 6826441))

table 7 : explain SELECT k FROM sbtest7 WHERE k BETWEEN 6826341 AND 6826441
	Index Only Scan using k_7 on sbtest7  (cost=0.43..6.40 rows=98 width=4)
	  Index Cond: ((k >= 6826341) AND (k <= 6826441))

table 8 : explain SELECT k FROM sbtest8 WHERE k BETWEEN 6826341 AND 6826441
	Index Only Scan using k_8 on sbtest8  (cost=0.43..6.37 rows=97 width=4)
	  Index Cond: ((k >= 6826341) AND (k <= 6826441))

explain: for range-covered :: explain SELECT k FROM sbtest%d WHERE k BETWEEN 5760020 AND 5760120
explain: for range-covered :: explain SELECT k FROM sbtest%d WHERE k BETWEEN 6826341 AND 6826441
for range-covered
table 1 : explain SELECT k FROM sbtest1 WHERE k BETWEEN 7301331 AND 7301431
	Index Only Scan using k_1 on sbtest1  (cost=0.43..6.47 rows=102 width=4)
	  Index Cond: ((k >= 7301331) AND (k <= 7301431))

table 2 : explain SELECT k FROM sbtest2 WHERE k BETWEEN 7301331 AND 7301431
	Index Only Scan using k_2 on sbtest2  (cost=0.43..6.51 rows=104 width=4)
	  Index Cond: ((k >= 7301331) AND (k <= 7301431))

table 3 : explain SELECT k FROM sbtest3 WHERE k BETWEEN 7301331 AND 7301431
	Index Only Scan using k_3 on sbtest3  (cost=0.43..6.43 rows=100 width=4)
	  Index Cond: ((k >= 7301331) AND (k <= 7301431))

table 4 : explain SELECT k FROM sbtest4 WHERE k BETWEEN 7301331 AND 7301431
	Index Only Scan using k_4 on sbtest4  (cost=0.43..6.37 rows=97 width=4)
	  Index Cond: ((k >= 7301331) AND (k <= 7301431))

table 5 : explain SELECT k FROM sbtest5 WHERE k BETWEEN 7301331 AND 7301431
	Index Only Scan using k_5 on sbtest5  (cost=0.43..6.27 rows=92 width=4)
	  Index Cond: ((k >= 7301331) AND (k <= 7301431))

table 6 : explain SELECT k FROM sbtest6 WHERE k BETWEEN 7301331 AND 7301431
	Index Only Scan using k_6 on sbtest6  (cost=0.43..6.61 rows=109 width=4)
	  Index Cond: ((k >= 7301331) AND (k <= 7301431))

table 7 : explain SELECT k FROM sbtest7 WHERE k BETWEEN 7301331 AND 7301431
	Index Only Scan using k_7 on sbtest7  (cost=0.43..6.53 rows=105 width=4)
	  Index Cond: ((k >= 7301331) AND (k <= 7301431))

table 8 : explain SELECT k FROM sbtest8 WHERE k BETWEEN 7301331 AND 7301431
	Index Only Scan using k_8 on sbtest8  (cost=0.43..6.66 rows=111 width=4)
	  Index Cond: ((k >= 7301331) AND (k <= 7301431))

explain: for range-covered :: explain SELECT k FROM sbtest%d WHERE k BETWEEN 7301331 AND 7301431
for range-covered
table 1 : explain SELECT k FROM sbtest1 WHERE k BETWEEN 5578213 AND 5578313
	Index Only Scan using k_1 on sbtest1  (cost=0.43..6.51 rows=104 width=4)
	  Index Cond: ((k >= 5578213) AND (k <= 5578313))

table 2 : explain SELECT k FROM sbtest2 WHERE k BETWEEN 5578213 AND 5578313
	Index Only Scan using k_2 on sbtest2  (cost=0.43..6.43 rows=100 width=4)
	  Index Cond: ((k >= 5578213) AND (k <= 5578313))

table 3 : explain SELECT k FROM sbtest3 WHERE k BETWEEN 5578213 AND 5578313
	Index Only Scan using k_3 on sbtest3  (cost=0.43..6.63 rows=110 width=4)
	  Index Cond: ((k >= 5578213) AND (k <= 5578313))

table 4 : explain SELECT k FROM sbtest4 WHERE k BETWEEN 5578213 AND 5578313
	Index Only Scan using k_4 on sbtest4  (cost=0.43..6.47 rows=102 width=4)
	  Index Cond: ((k >= 5578213) AND (k <= 5578313))

table 5 : explain SELECT k FROM sbtest5 WHERE k BETWEEN 5578213 AND 5578313
	Index Only Scan using k_5 on sbtest5  (cost=0.43..6.75 rows=116 width=4)
	  Index Cond: ((k >= 5578213) AND (k <= 5578313))

table 6 : explain SELECT k FROM sbtest6 WHERE k BETWEEN 5578213 AND 5578313
	Index Only Scan using k_6 on sbtest6  (cost=0.43..6.51 rows=104 width=4)
	  Index Cond: ((k >= 5578213) AND (k <= 5578313))

table 7 : explain SELECT k FROM sbtest7 WHERE k BETWEEN 5578213 AND 5578313
	Index Only Scan using k_7 on sbtest7  (cost=0.43..6.51 rows=104 width=4)
	  Index Cond: ((k >= 5578213) AND (k <= 5578313))

table 8 : explain SELECT k FROM sbtest8 WHERE k BETWEEN 5578213 AND 5578313
	Index Only Scan using k_8 on sbtest8  (cost=0.43..6.40 rows=98 width=4)
	  Index Cond: ((k >= 5578213) AND (k <= 5578313))

explain: for range-covered :: explain SELECT k FROM sbtest%d WHERE k BETWEEN 5578213 AND 5578313
for range-covered
table 1 : explain SELECT k FROM sbtest1 WHERE k BETWEEN 8386094 AND 8386194
	Index Only Scan using k_1 on sbtest1  (cost=0.43..6.50 rows=103 width=4)
	  Index Cond: ((k >= 8386094) AND (k <= 8386194))

table 2 : explain SELECT k FROM sbtest2 WHERE k BETWEEN 8386094 AND 8386194
	Index Only Scan using k_2 on sbtest2  (cost=0.43..6.42 rows=99 width=4)
	  Index Cond: ((k >= 8386094) AND (k <= 8386194))

table 3 : explain SELECT k FROM sbtest3 WHERE k BETWEEN 8386094 AND 8386194
	Index Only Scan using k_3 on sbtest3  (cost=0.43..6.42 rows=99 width=4)
	  Index Cond: ((k >= 8386094) AND (k <= 8386194))

table 4 : explain SELECT k FROM sbtest4 WHERE k BETWEEN 8386094 AND 8386194
	Index Only Scan using k_4 on sbtest4  (cost=0.43..6.51 rows=104 width=4)
	  Index Cond: ((k >= 8386094) AND (k <= 8386194))

table 5 : explain SELECT k FROM sbtest5 WHERE k BETWEEN 8386094 AND 8386194
	Index Only Scan using k_5 on sbtest5  (cost=0.43..6.37 rows=97 width=4)
	  Index Cond: ((k >= 8386094) AND (k <= 8386194))

table 6 : explain SELECT k FROM sbtest6 WHERE k BETWEEN 8386094 AND 8386194
	Index Only Scan using k_6 on sbtest6  (cost=0.43..6.45 rows=101 width=4)
	  Index Cond: ((k >= 8386094) AND (k <= 8386194))

table 7 : explain SELECT k FROM sbtest7 WHERE k BETWEEN 8386094 AND 8386194
	Index Only Scan using k_7 on sbtest7  (cost=0.43..6.47 rows=102 width=4)
	  Index Cond: ((k >= 8386094) AND (k <= 8386194))

table 8 : explain SELECT k FROM sbtest8 WHERE k BETWEEN 8386094 AND 8386194
	Index Only Scan using k_8 on sbtest8  (cost=0.43..6.50 rows=103 width=4)
	  Index Cond: ((k >= 8386094) AND (k <= 8386194))

for range-covered
table 1 : explain SELECT k FROM sbtest1 WHERE k BETWEEN 6826341 AND 6826441
	Index Only Scan using k_1 on sbtest1  (cost=0.43..6.56 rows=106 width=4)
	  Index Cond: ((k >= 6826341) AND (k <= 6826441))

table 2 : explain SELECT k FROM sbtest2 WHERE k BETWEEN 6826341 AND 6826441
	Index Only Scan using k_2 on sbtest2  (cost=0.43..6.33 rows=95 width=4)
	  Index Cond: ((k >= 6826341) AND (k <= 6826441))

table 3 : explain SELECT k FROM sbtest3 WHERE k BETWEEN 6826341 AND 6826441
	Index Only Scan using k_3 on sbtest3  (cost=0.43..6.51 rows=104 width=4)
	  Index Cond: ((k >= 6826341) AND (k <= 6826441))

table 4 : explain SELECT k FROM sbtest4 WHERE k BETWEEN 6826341 AND 6826441
	Index Only Scan using k_4 on sbtest4  (cost=0.43..6.45 rows=101 width=4)
	  Index Cond: ((k >= 6826341) AND (k <= 6826441))

table 5 : explain SELECT k FROM sbtest5 WHERE k BETWEEN 6826341 AND 6826441
	Index Only Scan using k_5 on sbtest5  (cost=0.43..6.53 rows=105 width=4)
	  Index Cond: ((k >= 6826341) AND (k <= 6826441))

table 6 : explain SELECT k FROM sbtest6 WHERE k BETWEEN 6826341 AND 6826441
	Index Only Scan using k_6 on sbtest6  (cost=0.43..6.63 rows=110 width=4)
	  Index Cond: ((k >= 6826341) AND (k <= 6826441))

table 7 : explain SELECT k FROM sbtest7 WHERE k BETWEEN 6826341 AND 6826441
	Index Only Scan using k_7 on sbtest7  (cost=0.43..6.40 rows=98 width=4)
	  Index Cond: ((k >= 6826341) AND (k <= 6826441))

table 8 : explain SELECT k FROM sbtest8 WHERE k BETWEEN 6826341 AND 6826441
	Index Only Scan using k_8 on sbtest8  (cost=0.43..6.37 rows=97 width=4)
	  Index Cond: ((k >= 6826341) AND (k <= 6826441))

for range-covered
table 1 : explain SELECT k FROM sbtest1 WHERE k BETWEEN 7301331 AND 7301431
	Index Only Scan using k_1 on sbtest1  (cost=0.43..6.47 rows=102 width=4)
	  Index Cond: ((k >= 7301331) AND (k <= 7301431))

table 2 : explain SELECT k FROM sbtest2 WHERE k BETWEEN 7301331 AND 7301431
	Index Only Scan using k_2 on sbtest2  (cost=0.43..6.51 rows=104 width=4)
	  Index Cond: ((k >= 7301331) AND (k <= 7301431))

table 3 : explain SELECT k FROM sbtest3 WHERE k BETWEEN 7301331 AND 7301431
	Index Only Scan using k_3 on sbtest3  (cost=0.43..6.43 rows=100 width=4)
	  Index Cond: ((k >= 7301331) AND (k <= 7301431))

table 4 : explain SELECT k FROM sbtest4 WHERE k BETWEEN 7301331 AND 7301431
	Index Only Scan using k_4 on sbtest4  (cost=0.43..6.37 rows=97 width=4)
	  Index Cond: ((k >= 7301331) AND (k <= 7301431))

table 5 : explain SELECT k FROM sbtest5 WHERE k BETWEEN 7301331 AND 7301431
	Index Only Scan using k_5 on sbtest5  (cost=0.43..6.27 rows=92 width=4)
	  Index Cond: ((k >= 7301331) AND (k <= 7301431))

table 6 : explain SELECT k FROM sbtest6 WHERE k BETWEEN 7301331 AND 7301431
	Index Only Scan using k_6 on sbtest6  (cost=0.43..6.61 rows=109 width=4)
	  Index Cond: ((k >= 7301331) AND (k <= 7301431))

table 7 : explain SELECT k FROM sbtest7 WHERE k BETWEEN 7301331 AND 7301431
	Index Only Scan using k_7 on sbtest7  (cost=0.43..6.53 rows=105 width=4)
	  Index Cond: ((k >= 7301331) AND (k <= 7301431))

table 8 : explain SELECT k FROM sbtest8 WHERE k BETWEEN 7301331 AND 7301431
	Index Only Scan using k_8 on sbtest8  (cost=0.43..6.66 rows=111 width=4)
	  Index Cond: ((k >= 7301331) AND (k <= 7301431))

explain: for range-covered :: explain SELECT k FROM sbtest%d WHERE k BETWEEN 7301331 AND 7301431
explain: for range-covered :: explain SELECT k FROM sbtest%d WHERE k BETWEEN 6826341 AND 6826441
explain: for range-covered :: explain SELECT k FROM sbtest%d WHERE k BETWEEN 8386094 AND 8386194
for range-covered
table 1 : explain SELECT k FROM sbtest1 WHERE k BETWEEN 5760020 AND 5760120
	Index Only Scan using k_1 on sbtest1  (cost=0.43..6.50 rows=103 width=4)
	  Index Cond: ((k >= 5760020) AND (k <= 5760120))

table 2 : explain SELECT k FROM sbtest2 WHERE k BETWEEN 5760020 AND 5760120
	Index Only Scan using k_2 on sbtest2  (cost=0.43..6.51 rows=104 width=4)
	  Index Cond: ((k >= 5760020) AND (k <= 5760120))

table 3 : explain SELECT k FROM sbtest3 WHERE k BETWEEN 5760020 AND 5760120
	Index Only Scan using k_3 on sbtest3  (cost=0.43..6.40 rows=98 width=4)
	  Index Cond: ((k >= 5760020) AND (k <= 5760120))

table 4 : explain SELECT k FROM sbtest4 WHERE k BETWEEN 5760020 AND 5760120
	Index Only Scan using k_4 on sbtest4  (cost=0.43..6.50 rows=103 width=4)
	  Index Cond: ((k >= 5760020) AND (k <= 5760120))

table 5 : explain SELECT k FROM sbtest5 WHERE k BETWEEN 5760020 AND 5760120
	Index Only Scan using k_5 on sbtest5  (cost=0.43..6.37 rows=97 width=4)
	  Index Cond: ((k >= 5760020) AND (k <= 5760120))

table 6 : explain SELECT k FROM sbtest6 WHERE k BETWEEN 5760020 AND 5760120
	Index Only Scan using k_6 on sbtest6  (cost=0.43..6.81 rows=119 width=4)
	  Index Cond: ((k >= 5760020) AND (k <= 5760120))

table 7 : explain SELECT k FROM sbtest7 WHERE k BETWEEN 5760020 AND 5760120
	Index Only Scan using k_7 on sbtest7  (cost=0.43..6.29 rows=93 width=4)
	  Index Cond: ((k >= 5760020) AND (k <= 5760120))

table 8 : explain SELECT k FROM sbtest8 WHERE k BETWEEN 5760020 AND 5760120
	Index Only Scan using k_8 on sbtest8  (cost=0.43..6.51 rows=104 width=4)
	  Index Cond: ((k >= 5760020) AND (k <= 5760120))

explain: for range-covered :: explain SELECT k FROM sbtest%d WHERE k BETWEEN 5760020 AND 5760120
for range-covered
table 1 : explain SELECT k FROM sbtest1 WHERE k BETWEEN 7301331 AND 7301431
	Index Only Scan using k_1 on sbtest1  (cost=0.43..6.47 rows=102 width=4)
	  Index Cond: ((k >= 7301331) AND (k <= 7301431))

table 2 : explain SELECT k FROM sbtest2 WHERE k BETWEEN 7301331 AND 7301431
	Index Only Scan using k_2 on sbtest2  (cost=0.43..6.51 rows=104 width=4)
	  Index Cond: ((k >= 7301331) AND (k <= 7301431))

table 3 : explain SELECT k FROM sbtest3 WHERE k BETWEEN 7301331 AND 7301431
	Index Only Scan using k_3 on sbtest3  (cost=0.43..6.43 rows=100 width=4)
	  Index Cond: ((k >= 7301331) AND (k <= 7301431))

table 4 : explain SELECT k FROM sbtest4 WHERE k BETWEEN 7301331 AND 7301431
	Index Only Scan using k_4 on sbtest4  (cost=0.43..6.37 rows=97 width=4)
	  Index Cond: ((k >= 7301331) AND (k <= 7301431))

table 5 : explain SELECT k FROM sbtest5 WHERE k BETWEEN 7301331 AND 7301431
	Index Only Scan using k_5 on sbtest5  (cost=0.43..6.27 rows=92 width=4)
	  Index Cond: ((k >= 7301331) AND (k <= 7301431))

table 6 : explain SELECT k FROM sbtest6 WHERE k BETWEEN 7301331 AND 7301431
	Index Only Scan using k_6 on sbtest6  (cost=0.43..6.61 rows=109 width=4)
	  Index Cond: ((k >= 7301331) AND (k <= 7301431))

table 7 : explain SELECT k FROM sbtest7 WHERE k BETWEEN 7301331 AND 7301431
	Index Only Scan using k_7 on sbtest7  (cost=0.43..6.53 rows=105 width=4)
	  Index Cond: ((k >= 7301331) AND (k <= 7301431))

table 8 : explain SELECT k FROM sbtest8 WHERE k BETWEEN 7301331 AND 7301431
	Index Only Scan using k_8 on sbtest8  (cost=0.43..6.66 rows=111 width=4)
	  Index Cond: ((k >= 7301331) AND (k <= 7301431))

explain: for range-covered :: explain SELECT k FROM sbtest%d WHERE k BETWEEN 7301331 AND 7301431
for range-covered
table 1 : explain SELECT k FROM sbtest1 WHERE k BETWEEN 3508946 AND 3509046
	Index Only Scan using k_1 on sbtest1  (cost=0.43..6.51 rows=104 width=4)
	  Index Cond: ((k >= 3508946) AND (k <= 3509046))

table 2 : explain SELECT k FROM sbtest2 WHERE k BETWEEN 3508946 AND 3509046
	Index Only Scan using k_2 on sbtest2  (cost=0.43..6.35 rows=96 width=4)
	  Index Cond: ((k >= 3508946) AND (k <= 3509046))

table 3 : explain SELECT k FROM sbtest3 WHERE k BETWEEN 3508946 AND 3509046
	Index Only Scan using k_3 on sbtest3  (cost=0.43..6.51 rows=104 width=4)
	  Index Cond: ((k >= 3508946) AND (k <= 3509046))

table 4 : explain SELECT k FROM sbtest4 WHERE k BETWEEN 3508946 AND 3509046
	Index Only Scan using k_4 on sbtest4  (cost=0.43..6.47 rows=102 width=4)
	  Index Cond: ((k >= 3508946) AND (k <= 3509046))

table 5 : explain SELECT k FROM sbtest5 WHERE k BETWEEN 3508946 AND 3509046
	Index Only Scan using k_5 on sbtest5  (cost=0.43..6.43 rows=100 width=4)
	  Index Cond: ((k >= 3508946) AND (k <= 3509046))

table 6 : explain SELECT k FROM sbtest6 WHERE k BETWEEN 3508946 AND 3509046
	Index Only Scan using k_6 on sbtest6  (cost=0.43..6.51 rows=104 width=4)
	  Index Cond: ((k >= 3508946) AND (k <= 3509046))

table 7 : explain SELECT k FROM sbtest7 WHERE k BETWEEN 3508946 AND 3509046
	Index Only Scan using k_7 on sbtest7  (cost=0.43..6.47 rows=102 width=4)
	  Index Cond: ((k >= 3508946) AND (k <= 3509046))

table 8 : explain SELECT k FROM sbtest8 WHERE k BETWEEN 3508946 AND 3509046
	Index Only Scan using k_8 on sbtest8  (cost=0.43..6.59 rows=108 width=4)
	  Index Cond: ((k >= 3508946) AND (k <= 3509046))

for range-covered
table 1 : explain SELECT k FROM sbtest1 WHERE k BETWEEN 5760020 AND 5760120
	Index Only Scan using k_1 on sbtest1  (cost=0.43..6.50 rows=103 width=4)
	  Index Cond: ((k >= 5760020) AND (k <= 5760120))

table 2 : explain SELECT k FROM sbtest2 WHERE k BETWEEN 5760020 AND 5760120
	Index Only Scan using k_2 on sbtest2  (cost=0.43..6.51 rows=104 width=4)
	  Index Cond: ((k >= 5760020) AND (k <= 5760120))

table 3 : explain SELECT k FROM sbtest3 WHERE k BETWEEN 5760020 AND 5760120
	Index Only Scan using k_3 on sbtest3  (cost=0.43..6.40 rows=98 width=4)
	  Index Cond: ((k >= 5760020) AND (k <= 5760120))

table 4 : explain SELECT k FROM sbtest4 WHERE k BETWEEN 5760020 AND 5760120
	Index Only Scan using k_4 on sbtest4  (cost=0.43..6.50 rows=103 width=4)
	  Index Cond: ((k >= 5760020) AND (k <= 5760120))

table 5 : explain SELECT k FROM sbtest5 WHERE k BETWEEN 5760020 AND 5760120
	Index Only Scan using k_5 on sbtest5  (cost=0.43..6.37 rows=97 width=4)
	  Index Cond: ((k >= 5760020) AND (k <= 5760120))

table 6 : explain SELECT k FROM sbtest6 WHERE k BETWEEN 5760020 AND 5760120
	Index Only Scan using k_6 on sbtest6  (cost=0.43..6.81 rows=119 width=4)
	  Index Cond: ((k >= 5760020) AND (k <= 5760120))

table 7 : explain SELECT k FROM sbtest7 WHERE k BETWEEN 5760020 AND 5760120
	Index Only Scan using k_7 on sbtest7  (cost=0.43..6.29 rows=93 width=4)
	  Index Cond: ((k >= 5760020) AND (k <= 5760120))

table 8 : explain SELECT k FROM sbtest8 WHERE k BETWEEN 5760020 AND 5760120
	Index Only Scan using k_8 on sbtest8  (cost=0.43..6.51 rows=104 width=4)
	  Index Cond: ((k >= 5760020) AND (k <= 5760120))

explain: for range-covered :: explain SELECT k FROM sbtest%d WHERE k BETWEEN 3508946 AND 3509046
explain: for range-covered :: explain SELECT k FROM sbtest%d WHERE k BETWEEN 5760020 AND 5760120
explain: for range-covered :: explain SELECT k FROM sbtest%d WHERE k BETWEEN 6705704 AND 6705804
for range-covered
table 1 : explain SELECT k FROM sbtest1 WHERE k BETWEEN 7301331 AND 7301431
	Index Only Scan using k_1 on sbtest1  (cost=0.43..6.47 rows=102 width=4)
	  Index Cond: ((k >= 7301331) AND (k <= 7301431))

table 2 : explain SELECT k FROM sbtest2 WHERE k BETWEEN 7301331 AND 7301431
	Index Only Scan using k_2 on sbtest2  (cost=0.43..6.51 rows=104 width=4)
	  Index Cond: ((k >= 7301331) AND (k <= 7301431))

table 3 : explain SELECT k FROM sbtest3 WHERE k BETWEEN 7301331 AND 7301431
	Index Only Scan using k_3 on sbtest3  (cost=0.43..6.43 rows=100 width=4)
	  Index Cond: ((k >= 7301331) AND (k <= 7301431))

table 4 : explain SELECT k FROM sbtest4 WHERE k BETWEEN 7301331 AND 7301431
	Index Only Scan using k_4 on sbtest4  (cost=0.43..6.37 rows=97 width=4)
	  Index Cond: ((k >= 7301331) AND (k <= 7301431))

table 5 : explain SELECT k FROM sbtest5 WHERE k BETWEEN 7301331 AND 7301431
	Index Only Scan using k_5 on sbtest5  (cost=0.43..6.27 rows=92 width=4)
	  Index Cond: ((k >= 7301331) AND (k <= 7301431))

table 6 : explain SELECT k FROM sbtest6 WHERE k BETWEEN 7301331 AND 7301431
	Index Only Scan using k_6 on sbtest6  (cost=0.43..6.61 rows=109 width=4)
	  Index Cond: ((k >= 7301331) AND (k <= 7301431))

table 7 : explain SELECT k FROM sbtest7 WHERE k BETWEEN 7301331 AND 7301431
	Index Only Scan using k_7 on sbtest7  (cost=0.43..6.53 rows=105 width=4)
	  Index Cond: ((k >= 7301331) AND (k <= 7301431))

table 8 : explain SELECT k FROM sbtest8 WHERE k BETWEEN 7301331 AND 7301431
	Index Only Scan using k_8 on sbtest8  (cost=0.43..6.66 rows=111 width=4)
	  Index Cond: ((k >= 7301331) AND (k <= 7301431))

explain: for range-covered :: explain SELECT k FROM sbtest%d WHERE k BETWEEN 7301331 AND 7301431
for range-covered
table 1 : explain SELECT k FROM sbtest1 WHERE k BETWEEN 5760020 AND 5760120
	Index Only Scan using k_1 on sbtest1  (cost=0.43..6.50 rows=103 width=4)
	  Index Cond: ((k >= 5760020) AND (k <= 5760120))

table 2 : explain SELECT k FROM sbtest2 WHERE k BETWEEN 5760020 AND 5760120
	Index Only Scan using k_2 on sbtest2  (cost=0.43..6.51 rows=104 width=4)
	  Index Cond: ((k >= 5760020) AND (k <= 5760120))

table 3 : explain SELECT k FROM sbtest3 WHERE k BETWEEN 5760020 AND 5760120
	Index Only Scan using k_3 on sbtest3  (cost=0.43..6.40 rows=98 width=4)
	  Index Cond: ((k >= 5760020) AND (k <= 5760120))

table 4 : explain SELECT k FROM sbtest4 WHERE k BETWEEN 5760020 AND 5760120
	Index Only Scan using k_4 on sbtest4  (cost=0.43..6.50 rows=103 width=4)
	  Index Cond: ((k >= 5760020) AND (k <= 5760120))

table 5 : explain SELECT k FROM sbtest5 WHERE k BETWEEN 5760020 AND 5760120
	Index Only Scan using k_5 on sbtest5  (cost=0.43..6.37 rows=97 width=4)
	  Index Cond: ((k >= 5760020) AND (k <= 5760120))

table 6 : explain SELECT k FROM sbtest6 WHERE k BETWEEN 5760020 AND 5760120
	Index Only Scan using k_6 on sbtest6  (cost=0.43..6.81 rows=119 width=4)
	  Index Cond: ((k >= 5760020) AND (k <= 5760120))

table 7 : explain SELECT k FROM sbtest7 WHERE k BETWEEN 5760020 AND 5760120
	Index Only Scan using k_7 on sbtest7  (cost=0.43..6.29 rows=93 width=4)
	  Index Cond: ((k >= 5760020) AND (k <= 5760120))

table 8 : explain SELECT k FROM sbtest8 WHERE k BETWEEN 5760020 AND 5760120
	Index Only Scan using k_8 on sbtest8  (cost=0.43..6.51 rows=104 width=4)
	  Index Cond: ((k >= 5760020) AND (k <= 5760120))

explain: for range-covered :: explain SELECT k FROM sbtest%d WHERE k BETWEEN 5760020 AND 5760120
for range-covered
table 1 : explain SELECT k FROM sbtest1 WHERE k BETWEEN 8386094 AND 8386194
	Index Only Scan using k_1 on sbtest1  (cost=0.43..6.50 rows=103 width=4)
	  Index Cond: ((k >= 8386094) AND (k <= 8386194))

table 2 : explain SELECT k FROM sbtest2 WHERE k BETWEEN 8386094 AND 8386194
	Index Only Scan using k_2 on sbtest2  (cost=0.43..6.42 rows=99 width=4)
	  Index Cond: ((k >= 8386094) AND (k <= 8386194))

table 3 : explain SELECT k FROM sbtest3 WHERE k BETWEEN 8386094 AND 8386194
	Index Only Scan using k_3 on sbtest3  (cost=0.43..6.42 rows=99 width=4)
	  Index Cond: ((k >= 8386094) AND (k <= 8386194))

table 4 : explain SELECT k FROM sbtest4 WHERE k BETWEEN 8386094 AND 8386194
	Index Only Scan using k_4 on sbtest4  (cost=0.43..6.51 rows=104 width=4)
	  Index Cond: ((k >= 8386094) AND (k <= 8386194))

table 5 : explain SELECT k FROM sbtest5 WHERE k BETWEEN 8386094 AND 8386194
	Index Only Scan using k_5 on sbtest5  (cost=0.43..6.37 rows=97 width=4)
	  Index Cond: ((k >= 8386094) AND (k <= 8386194))

table 6 : explain SELECT k FROM sbtest6 WHERE k BETWEEN 8386094 AND 8386194
	Index Only Scan using k_6 on sbtest6  (cost=0.43..6.45 rows=101 width=4)
	  Index Cond: ((k >= 8386094) AND (k <= 8386194))

table 7 : explain SELECT k FROM sbtest7 WHERE k BETWEEN 8386094 AND 8386194
	Index Only Scan using k_7 on sbtest7  (cost=0.43..6.47 rows=102 width=4)
	  Index Cond: ((k >= 8386094) AND (k <= 8386194))

table 8 : explain SELECT k FROM sbtest8 WHERE k BETWEEN 8386094 AND 8386194
	Index Only Scan using k_8 on sbtest8  (cost=0.43..6.50 rows=103 width=4)
	  Index Cond: ((k >= 8386094) AND (k <= 8386194))

explain: for range-covered :: explain SELECT k FROM sbtest%d WHERE k BETWEEN 8386094 AND 8386194
for range-covered
table 1 : explain SELECT k FROM sbtest1 WHERE k BETWEEN 7301331 AND 7301431
	Index Only Scan using k_1 on sbtest1  (cost=0.43..6.47 rows=102 width=4)
	  Index Cond: ((k >= 7301331) AND (k <= 7301431))

table 2 : explain SELECT k FROM sbtest2 WHERE k BETWEEN 7301331 AND 7301431
	Index Only Scan using k_2 on sbtest2  (cost=0.43..6.51 rows=104 width=4)
	  Index Cond: ((k >= 7301331) AND (k <= 7301431))

table 3 : explain SELECT k FROM sbtest3 WHERE k BETWEEN 7301331 AND 7301431
	Index Only Scan using k_3 on sbtest3  (cost=0.43..6.43 rows=100 width=4)
	  Index Cond: ((k >= 7301331) AND (k <= 7301431))

table 4 : explain SELECT k FROM sbtest4 WHERE k BETWEEN 7301331 AND 7301431
	Index Only Scan using k_4 on sbtest4  (cost=0.43..6.37 rows=97 width=4)
	  Index Cond: ((k >= 7301331) AND (k <= 7301431))

table 5 : explain SELECT k FROM sbtest5 WHERE k BETWEEN 7301331 AND 7301431
	Index Only Scan using k_5 on sbtest5  (cost=0.43..6.27 rows=92 width=4)
	  Index Cond: ((k >= 7301331) AND (k <= 7301431))

table 6 : explain SELECT k FROM sbtest6 WHERE k BETWEEN 7301331 AND 7301431
	Index Only Scan using k_6 on sbtest6  (cost=0.43..6.61 rows=109 width=4)
	  Index Cond: ((k >= 7301331) AND (k <= 7301431))

table 7 : explain SELECT k FROM sbtest7 WHERE k BETWEEN 7301331 AND 7301431
	Index Only Scan using k_7 on sbtest7  (cost=0.43..6.53 rows=105 width=4)
	  Index Cond: ((k >= 7301331) AND (k <= 7301431))

table 8 : explain SELECT k FROM sbtest8 WHERE k BETWEEN 7301331 AND 7301431
	Index Only Scan using k_8 on sbtest8  (cost=0.43..6.66 rows=111 width=4)
	  Index Cond: ((k >= 7301331) AND (k <= 7301431))

explain: for range-covered :: explain SELECT k FROM sbtest%d WHERE k BETWEEN 7301331 AND 7301431
for range-covered
table 1 : explain SELECT k FROM sbtest1 WHERE k BETWEEN 5578213 AND 5578313
	Index Only Scan using k_1 on sbtest1  (cost=0.43..6.51 rows=104 width=4)
	  Index Cond: ((k >= 5578213) AND (k <= 5578313))

table 2 : explain SELECT k FROM sbtest2 WHERE k BETWEEN 5578213 AND 5578313
	Index Only Scan using k_2 on sbtest2  (cost=0.43..6.43 rows=100 width=4)
	  Index Cond: ((k >= 5578213) AND (k <= 5578313))

table 3 : explain SELECT k FROM sbtest3 WHERE k BETWEEN 5578213 AND 5578313
	Index Only Scan using k_3 on sbtest3  (cost=0.43..6.63 rows=110 width=4)
	  Index Cond: ((k >= 5578213) AND (k <= 5578313))

table 4 : explain SELECT k FROM sbtest4 WHERE k BETWEEN 5578213 AND 5578313
	Index Only Scan using k_4 on sbtest4  (cost=0.43..6.47 rows=102 width=4)
	  Index Cond: ((k >= 5578213) AND (k <= 5578313))

table 5 : explain SELECT k FROM sbtest5 WHERE k BETWEEN 5578213 AND 5578313
	Index Only Scan using k_5 on sbtest5  (cost=0.43..6.75 rows=116 width=4)
	  Index Cond: ((k >= 5578213) AND (k <= 5578313))

table 6 : explain SELECT k FROM sbtest6 WHERE k BETWEEN 5578213 AND 5578313
	Index Only Scan using k_6 on sbtest6  (cost=0.43..6.51 rows=104 width=4)
	  Index Cond: ((k >= 5578213) AND (k <= 5578313))

table 7 : explain SELECT k FROM sbtest7 WHERE k BETWEEN 5578213 AND 5578313
	Index Only Scan using k_7 on sbtest7  (cost=0.43..6.51 rows=104 width=4)
	  Index Cond: ((k >= 5578213) AND (k <= 5578313))

table 8 : explain SELECT k FROM sbtest8 WHERE k BETWEEN 5578213 AND 5578313
	Index Only Scan using k_8 on sbtest8  (cost=0.43..6.40 rows=98 width=4)
	  Index Cond: ((k >= 5578213) AND (k <= 5578313))

explain: for range-covered :: explain SELECT k FROM sbtest%d WHERE k BETWEEN 5578213 AND 5578313
for range-covered
table 1 : explain SELECT k FROM sbtest1 WHERE k BETWEEN 6705704 AND 6705804
	Index Only Scan using k_1 on sbtest1  (cost=0.43..6.29 rows=93 width=4)
	  Index Cond: ((k >= 6705704) AND (k <= 6705804))

table 2 : explain SELECT k FROM sbtest2 WHERE k BETWEEN 6705704 AND 6705804
	Index Only Scan using k_2 on sbtest2  (cost=0.43..6.63 rows=110 width=4)
	  Index Cond: ((k >= 6705704) AND (k <= 6705804))

table 3 : explain SELECT k FROM sbtest3 WHERE k BETWEEN 6705704 AND 6705804
	Index Only Scan using k_3 on sbtest3  (cost=0.43..6.47 rows=102 width=4)
	  Index Cond: ((k >= 6705704) AND (k <= 6705804))

table 4 : explain SELECT k FROM sbtest4 WHERE k BETWEEN 6705704 AND 6705804
	Index Only Scan using k_4 on sbtest4  (cost=0.43..6.42 rows=99 width=4)
	  Index Cond: ((k >= 6705704) AND (k <= 6705804))

table 5 : explain SELECT k FROM sbtest5 WHERE k BETWEEN 6705704 AND 6705804
	Index Only Scan using k_5 on sbtest5  (cost=0.43..6.40 rows=98 width=4)
	  Index Cond: ((k >= 6705704) AND (k <= 6705804))

table 6 : explain SELECT k FROM sbtest6 WHERE k BETWEEN 6705704 AND 6705804
	Index Only Scan using k_6 on sbtest6  (cost=0.43..6.58 rows=107 width=4)
	  Index Cond: ((k >= 6705704) AND (k <= 6705804))

table 7 : explain SELECT k FROM sbtest7 WHERE k BETWEEN 6705704 AND 6705804
	Index Only Scan using k_7 on sbtest7  (cost=0.43..6.51 rows=104 width=4)
	  Index Cond: ((k >= 6705704) AND (k <= 6705804))

table 8 : explain SELECT k FROM sbtest8 WHERE k BETWEEN 6705704 AND 6705804
	Index Only Scan using k_8 on sbtest8  (cost=0.43..6.32 rows=94 width=4)
	  Index Cond: ((k >= 6705704) AND (k <= 6705804))

for range-covered
table 1 : explain SELECT k FROM sbtest1 WHERE k BETWEEN 5760020 AND 5760120
	Index Only Scan using k_1 on sbtest1  (cost=0.43..6.50 rows=103 width=4)
	  Index Cond: ((k >= 5760020) AND (k <= 5760120))

table 2 : explain SELECT k FROM sbtest2 WHERE k BETWEEN 5760020 AND 5760120
	Index Only Scan using k_2 on sbtest2  (cost=0.43..6.51 rows=104 width=4)
	  Index Cond: ((k >= 5760020) AND (k <= 5760120))

table 3 : explain SELECT k FROM sbtest3 WHERE k BETWEEN 5760020 AND 5760120
	Index Only Scan using k_3 on sbtest3  (cost=0.43..6.40 rows=98 width=4)
	  Index Cond: ((k >= 5760020) AND (k <= 5760120))

table 4 : explain SELECT k FROM sbtest4 WHERE k BETWEEN 5760020 AND 5760120
	Index Only Scan using k_4 on sbtest4  (cost=0.43..6.50 rows=103 width=4)
	  Index Cond: ((k >= 5760020) AND (k <= 5760120))

table 5 : explain SELECT k FROM sbtest5 WHERE k BETWEEN 5760020 AND 5760120
	Index Only Scan using k_5 on sbtest5  (cost=0.43..6.37 rows=97 width=4)
	  Index Cond: ((k >= 5760020) AND (k <= 5760120))

table 6 : explain SELECT k FROM sbtest6 WHERE k BETWEEN 5760020 AND 5760120
	Index Only Scan using k_6 on sbtest6  (cost=0.43..6.81 rows=119 width=4)
	  Index Cond: ((k >= 5760020) AND (k <= 5760120))

table 7 : explain SELECT k FROM sbtest7 WHERE k BETWEEN 5760020 AND 5760120
	Index Only Scan using k_7 on sbtest7  (cost=0.43..6.29 rows=93 width=4)
	  Index Cond: ((k >= 5760020) AND (k <= 5760120))

table 8 : explain SELECT k FROM sbtest8 WHERE k BETWEEN 5760020 AND 5760120
	Index Only Scan using k_8 on sbtest8  (cost=0.43..6.51 rows=104 width=4)
	  Index Cond: ((k >= 5760020) AND (k <= 5760120))

explain: for range-covered :: explain SELECT k FROM sbtest%d WHERE k BETWEEN 5760020 AND 5760120
for range-covered
table 1 : explain SELECT k FROM sbtest1 WHERE k BETWEEN 7301331 AND 7301431
	Index Only Scan using k_1 on sbtest1  (cost=0.43..6.47 rows=102 width=4)
	  Index Cond: ((k >= 7301331) AND (k <= 7301431))

table 2 : explain SELECT k FROM sbtest2 WHERE k BETWEEN 7301331 AND 7301431
	Index Only Scan using k_2 on sbtest2  (cost=0.43..6.51 rows=104 width=4)
	  Index Cond: ((k >= 7301331) AND (k <= 7301431))

table 3 : explain SELECT k FROM sbtest3 WHERE k BETWEEN 7301331 AND 7301431
	Index Only Scan using k_3 on sbtest3  (cost=0.43..6.43 rows=100 width=4)
	  Index Cond: ((k >= 7301331) AND (k <= 7301431))

table 4 : explain SELECT k FROM sbtest4 WHERE k BETWEEN 7301331 AND 7301431
	Index Only Scan using k_4 on sbtest4  (cost=0.43..6.37 rows=97 width=4)
	  Index Cond: ((k >= 7301331) AND (k <= 7301431))

table 5 : explain SELECT k FROM sbtest5 WHERE k BETWEEN 7301331 AND 7301431
	Index Only Scan using k_5 on sbtest5  (cost=0.43..6.27 rows=92 width=4)
	  Index Cond: ((k >= 7301331) AND (k <= 7301431))

table 6 : explain SELECT k FROM sbtest6 WHERE k BETWEEN 7301331 AND 7301431
	Index Only Scan using k_6 on sbtest6  (cost=0.43..6.61 rows=109 width=4)
	  Index Cond: ((k >= 7301331) AND (k <= 7301431))

table 7 : explain SELECT k FROM sbtest7 WHERE k BETWEEN 7301331 AND 7301431
	Index Only Scan using k_7 on sbtest7  (cost=0.43..6.53 rows=105 width=4)
	  Index Cond: ((k >= 7301331) AND (k <= 7301431))

table 8 : explain SELECT k FROM sbtest8 WHERE k BETWEEN 7301331 AND 7301431
	Index Only Scan using k_8 on sbtest8  (cost=0.43..6.66 rows=111 width=4)
	  Index Cond: ((k >= 7301331) AND (k <= 7301431))

explain: for range-covered :: explain SELECT k FROM sbtest%d WHERE k BETWEEN 7301331 AND 7301431
explain: for range-covered :: explain SELECT k FROM sbtest%d WHERE k BETWEEN 7051098 AND 7051198
for range-covered
table 1 : explain SELECT k FROM sbtest1 WHERE k BETWEEN 6826341 AND 6826441
	Index Only Scan using k_1 on sbtest1  (cost=0.43..6.56 rows=106 width=4)
	  Index Cond: ((k >= 6826341) AND (k <= 6826441))

table 2 : explain SELECT k FROM sbtest2 WHERE k BETWEEN 6826341 AND 6826441
	Index Only Scan using k_2 on sbtest2  (cost=0.43..6.33 rows=95 width=4)
	  Index Cond: ((k >= 6826341) AND (k <= 6826441))

table 3 : explain SELECT k FROM sbtest3 WHERE k BETWEEN 6826341 AND 6826441
	Index Only Scan using k_3 on sbtest3  (cost=0.43..6.51 rows=104 width=4)
	  Index Cond: ((k >= 6826341) AND (k <= 6826441))

table 4 : explain SELECT k FROM sbtest4 WHERE k BETWEEN 6826341 AND 6826441
	Index Only Scan using k_4 on sbtest4  (cost=0.43..6.45 rows=101 width=4)
	  Index Cond: ((k >= 6826341) AND (k <= 6826441))

table 5 : explain SELECT k FROM sbtest5 WHERE k BETWEEN 6826341 AND 6826441
	Index Only Scan using k_5 on sbtest5  (cost=0.43..6.53 rows=105 width=4)
	  Index Cond: ((k >= 6826341) AND (k <= 6826441))

table 6 : explain SELECT k FROM sbtest6 WHERE k BETWEEN 6826341 AND 6826441
	Index Only Scan using k_6 on sbtest6  (cost=0.43..6.63 rows=110 width=4)
	  Index Cond: ((k >= 6826341) AND (k <= 6826441))

table 7 : explain SELECT k FROM sbtest7 WHERE k BETWEEN 6826341 AND 6826441
	Index Only Scan using k_7 on sbtest7  (cost=0.43..6.40 rows=98 width=4)
	  Index Cond: ((k >= 6826341) AND (k <= 6826441))

table 8 : explain SELECT k FROM sbtest8 WHERE k BETWEEN 6826341 AND 6826441
	Index Only Scan using k_8 on sbtest8  (cost=0.43..6.37 rows=97 width=4)
	  Index Cond: ((k >= 6826341) AND (k <= 6826441))

explain: for range-covered :: explain SELECT k FROM sbtest%d WHERE k BETWEEN 6826341 AND 6826441
for range-covered
table 1 : explain SELECT k FROM sbtest1 WHERE k BETWEEN 8386094 AND 8386194
	Index Only Scan using k_1 on sbtest1  (cost=0.43..6.50 rows=103 width=4)
	  Index Cond: ((k >= 8386094) AND (k <= 8386194))

table 2 : explain SELECT k FROM sbtest2 WHERE k BETWEEN 8386094 AND 8386194
	Index Only Scan using k_2 on sbtest2  (cost=0.43..6.42 rows=99 width=4)
	  Index Cond: ((k >= 8386094) AND (k <= 8386194))

table 3 : explain SELECT k FROM sbtest3 WHERE k BETWEEN 8386094 AND 8386194
	Index Only Scan using k_3 on sbtest3  (cost=0.43..6.42 rows=99 width=4)
	  Index Cond: ((k >= 8386094) AND (k <= 8386194))

table 4 : explain SELECT k FROM sbtest4 WHERE k BETWEEN 8386094 AND 8386194
	Index Only Scan using k_4 on sbtest4  (cost=0.43..6.51 rows=104 width=4)
	  Index Cond: ((k >= 8386094) AND (k <= 8386194))

table 5 : explain SELECT k FROM sbtest5 WHERE k BETWEEN 8386094 AND 8386194
	Index Only Scan using k_5 on sbtest5  (cost=0.43..6.37 rows=97 width=4)
	  Index Cond: ((k >= 8386094) AND (k <= 8386194))

table 6 : explain SELECT k FROM sbtest6 WHERE k BETWEEN 8386094 AND 8386194
	Index Only Scan using k_6 on sbtest6  (cost=0.43..6.45 rows=101 width=4)
	  Index Cond: ((k >= 8386094) AND (k <= 8386194))

table 7 : explain SELECT k FROM sbtest7 WHERE k BETWEEN 8386094 AND 8386194
	Index Only Scan using k_7 on sbtest7  (cost=0.43..6.47 rows=102 width=4)
	  Index Cond: ((k >= 8386094) AND (k <= 8386194))

table 8 : explain SELECT k FROM sbtest8 WHERE k BETWEEN 8386094 AND 8386194
	Index Only Scan using k_8 on sbtest8  (cost=0.43..6.50 rows=103 width=4)
	  Index Cond: ((k >= 8386094) AND (k <= 8386194))

explain: for range-covered :: explain SELECT k FROM sbtest%d WHERE k BETWEEN 8386094 AND 8386194
for range-covered
table 1 : explain SELECT k FROM sbtest1 WHERE k BETWEEN 5621505 AND 5621605
	Index Only Scan using k_1 on sbtest1  (cost=0.43..6.43 rows=100 width=4)
	  Index Cond: ((k >= 5621505) AND (k <= 5621605))

table 2 : explain SELECT k FROM sbtest2 WHERE k BETWEEN 5621505 AND 5621605
	Index Only Scan using k_2 on sbtest2  (cost=0.43..6.43 rows=100 width=4)
	  Index Cond: ((k >= 5621505) AND (k <= 5621605))

table 3 : explain SELECT k FROM sbtest3 WHERE k BETWEEN 5621505 AND 5621605
	Index Only Scan using k_3 on sbtest3  (cost=0.43..6.37 rows=97 width=4)
	  Index Cond: ((k >= 5621505) AND (k <= 5621605))

table 4 : explain SELECT k FROM sbtest4 WHERE k BETWEEN 5621505 AND 5621605
	Index Only Scan using k_4 on sbtest4  (cost=0.43..6.47 rows=102 width=4)
	  Index Cond: ((k >= 5621505) AND (k <= 5621605))

table 5 : explain SELECT k FROM sbtest5 WHERE k BETWEEN 5621505 AND 5621605
	Index Only Scan using k_5 on sbtest5  (cost=0.43..6.53 rows=105 width=4)
	  Index Cond: ((k >= 5621505) AND (k <= 5621605))

table 6 : explain SELECT k FROM sbtest6 WHERE k BETWEEN 5621505 AND 5621605
	Index Only Scan using k_6 on sbtest6  (cost=0.43..6.51 rows=104 width=4)
	  Index Cond: ((k >= 5621505) AND (k <= 5621605))

table 7 : explain SELECT k FROM sbtest7 WHERE k BETWEEN 5621505 AND 5621605
	Index Only Scan using k_7 on sbtest7  (cost=0.43..6.51 rows=104 width=4)
	  Index Cond: ((k >= 5621505) AND (k <= 5621605))

table 8 : explain SELECT k FROM sbtest8 WHERE k BETWEEN 5621505 AND 5621605
	Index Only Scan using k_8 on sbtest8  (cost=0.43..6.40 rows=98 width=4)
	  Index Cond: ((k >= 5621505) AND (k <= 5621605))

explain: for range-covered :: explain SELECT k FROM sbtest%d WHERE k BETWEEN 5621505 AND 5621605
for range-covered
table 1 : explain SELECT k FROM sbtest1 WHERE k BETWEEN 6826341 AND 6826441
	Index Only Scan using k_1 on sbtest1  (cost=0.43..6.56 rows=106 width=4)
	  Index Cond: ((k >= 6826341) AND (k <= 6826441))

table 2 : explain SELECT k FROM sbtest2 WHERE k BETWEEN 6826341 AND 6826441
	Index Only Scan using k_2 on sbtest2  (cost=0.43..6.33 rows=95 width=4)
	  Index Cond: ((k >= 6826341) AND (k <= 6826441))

table 3 : explain SELECT k FROM sbtest3 WHERE k BETWEEN 6826341 AND 6826441
	Index Only Scan using k_3 on sbtest3  (cost=0.43..6.51 rows=104 width=4)
	  Index Cond: ((k >= 6826341) AND (k <= 6826441))

table 4 : explain SELECT k FROM sbtest4 WHERE k BETWEEN 6826341 AND 6826441
	Index Only Scan using k_4 on sbtest4  (cost=0.43..6.45 rows=101 width=4)
	  Index Cond: ((k >= 6826341) AND (k <= 6826441))

table 5 : explain SELECT k FROM sbtest5 WHERE k BETWEEN 6826341 AND 6826441
	Index Only Scan using k_5 on sbtest5  (cost=0.43..6.53 rows=105 width=4)
	  Index Cond: ((k >= 6826341) AND (k <= 6826441))

table 6 : explain SELECT k FROM sbtest6 WHERE k BETWEEN 6826341 AND 6826441
	Index Only Scan using k_6 on sbtest6  (cost=0.43..6.63 rows=110 width=4)
	  Index Cond: ((k >= 6826341) AND (k <= 6826441))

table 7 : explain SELECT k FROM sbtest7 WHERE k BETWEEN 6826341 AND 6826441
	Index Only Scan using k_7 on sbtest7  (cost=0.43..6.40 rows=98 width=4)
	  Index Cond: ((k >= 6826341) AND (k <= 6826441))

table 8 : explain SELECT k FROM sbtest8 WHERE k BETWEEN 6826341 AND 6826441
	Index Only Scan using k_8 on sbtest8  (cost=0.43..6.37 rows=97 width=4)
	  Index Cond: ((k >= 6826341) AND (k <= 6826441))

explain: for range-covered :: explain SELECT k FROM sbtest%d WHERE k BETWEEN 6826341 AND 6826441
for range-covered
table 1 : explain SELECT k FROM sbtest1 WHERE k BETWEEN 5760020 AND 5760120
	Index Only Scan using k_1 on sbtest1  (cost=0.43..6.50 rows=103 width=4)
	  Index Cond: ((k >= 5760020) AND (k <= 5760120))

table 2 : explain SELECT k FROM sbtest2 WHERE k BETWEEN 5760020 AND 5760120
	Index Only Scan using k_2 on sbtest2  (cost=0.43..6.51 rows=104 width=4)
	  Index Cond: ((k >= 5760020) AND (k <= 5760120))

table 3 : explain SELECT k FROM sbtest3 WHERE k BETWEEN 5760020 AND 5760120
	Index Only Scan using k_3 on sbtest3  (cost=0.43..6.40 rows=98 width=4)
	  Index Cond: ((k >= 5760020) AND (k <= 5760120))

table 4 : explain SELECT k FROM sbtest4 WHERE k BETWEEN 5760020 AND 5760120
	Index Only Scan using k_4 on sbtest4  (cost=0.43..6.50 rows=103 width=4)
	  Index Cond: ((k >= 5760020) AND (k <= 5760120))

table 5 : explain SELECT k FROM sbtest5 WHERE k BETWEEN 5760020 AND 5760120
	Index Only Scan using k_5 on sbtest5  (cost=0.43..6.37 rows=97 width=4)
	  Index Cond: ((k >= 5760020) AND (k <= 5760120))

table 6 : explain SELECT k FROM sbtest6 WHERE k BETWEEN 5760020 AND 5760120
	Index Only Scan using k_6 on sbtest6  (cost=0.43..6.81 rows=119 width=4)
	  Index Cond: ((k >= 5760020) AND (k <= 5760120))

table 7 : explain SELECT k FROM sbtest7 WHERE k BETWEEN 5760020 AND 5760120
	Index Only Scan using k_7 on sbtest7  (cost=0.43..6.29 rows=93 width=4)
	  Index Cond: ((k >= 5760020) AND (k <= 5760120))

table 8 : explain SELECT k FROM sbtest8 WHERE k BETWEEN 5760020 AND 5760120
	Index Only Scan using k_8 on sbtest8  (cost=0.43..6.51 rows=104 width=4)
	  Index Cond: ((k >= 5760020) AND (k <= 5760120))

for range-covered
table 1 : explain SELECT k FROM sbtest1 WHERE k BETWEEN 7301331 AND 7301431
	Index Only Scan using k_1 on sbtest1  (cost=0.43..6.47 rows=102 width=4)
	  Index Cond: ((k >= 7301331) AND (k <= 7301431))

table 2 : explain SELECT k FROM sbtest2 WHERE k BETWEEN 7301331 AND 7301431
	Index Only Scan using k_2 on sbtest2  (cost=0.43..6.51 rows=104 width=4)
	  Index Cond: ((k >= 7301331) AND (k <= 7301431))

table 3 : explain SELECT k FROM sbtest3 WHERE k BETWEEN 7301331 AND 7301431
	Index Only Scan using k_3 on sbtest3  (cost=0.43..6.43 rows=100 width=4)
	  Index Cond: ((k >= 7301331) AND (k <= 7301431))

table 4 : explain SELECT k FROM sbtest4 WHERE k BETWEEN 7301331 AND 7301431
	Index Only Scan using k_4 on sbtest4  (cost=0.43..6.37 rows=97 width=4)
	  Index Cond: ((k >= 7301331) AND (k <= 7301431))

table 5 : explain SELECT k FROM sbtest5 WHERE k BETWEEN 7301331 AND 7301431
	Index Only Scan using k_5 on sbtest5  (cost=0.43..6.27 rows=92 width=4)
	  Index Cond: ((k >= 7301331) AND (k <= 7301431))

table 6 : explain SELECT k FROM sbtest6 WHERE k BETWEEN 7301331 AND 7301431
	Index Only Scan using k_6 on sbtest6  (cost=0.43..6.61 rows=109 width=4)
	  Index Cond: ((k >= 7301331) AND (k <= 7301431))

table 7 : explain SELECT k FROM sbtest7 WHERE k BETWEEN 7301331 AND 7301431
	Index Only Scan using k_7 on sbtest7  (cost=0.43..6.53 rows=105 width=4)
	  Index Cond: ((k >= 7301331) AND (k <= 7301431))

table 8 : explain SELECT k FROM sbtest8 WHERE k BETWEEN 7301331 AND 7301431
	Index Only Scan using k_8 on sbtest8  (cost=0.43..6.66 rows=111 width=4)
	  Index Cond: ((k >= 7301331) AND (k <= 7301431))

explain: for range-covered :: explain SELECT k FROM sbtest%d WHERE k BETWEEN 5760020 AND 5760120
for range-covered
table 1 : explain SELECT k FROM sbtest1 WHERE k BETWEEN 5621505 AND 5621605
	Index Only Scan using k_1 on sbtest1  (cost=0.43..6.43 rows=100 width=4)
	  Index Cond: ((k >= 5621505) AND (k <= 5621605))

table 2 : explain SELECT k FROM sbtest2 WHERE k BETWEEN 5621505 AND 5621605
	Index Only Scan using k_2 on sbtest2  (cost=0.43..6.43 rows=100 width=4)
	  Index Cond: ((k >= 5621505) AND (k <= 5621605))

table 3 : explain SELECT k FROM sbtest3 WHERE k BETWEEN 5621505 AND 5621605
	Index Only Scan using k_3 on sbtest3  (cost=0.43..6.37 rows=97 width=4)
	  Index Cond: ((k >= 5621505) AND (k <= 5621605))

table 4 : explain SELECT k FROM sbtest4 WHERE k BETWEEN 5621505 AND 5621605
	Index Only Scan using k_4 on sbtest4  (cost=0.43..6.47 rows=102 width=4)
	  Index Cond: ((k >= 5621505) AND (k <= 5621605))

table 5 : explain SELECT k FROM sbtest5 WHERE k BETWEEN 5621505 AND 5621605
	Index Only Scan using k_5 on sbtest5  (cost=0.43..6.53 rows=105 width=4)
	  Index Cond: ((k >= 5621505) AND (k <= 5621605))

table 6 : explain SELECT k FROM sbtest6 WHERE k BETWEEN 5621505 AND 5621605
	Index Only Scan using k_6 on sbtest6  (cost=0.43..6.51 rows=104 width=4)
	  Index Cond: ((k >= 5621505) AND (k <= 5621605))

table 7 : explain SELECT k FROM sbtest7 WHERE k BETWEEN 5621505 AND 5621605
	Index Only Scan using k_7 on sbtest7  (cost=0.43..6.51 rows=104 width=4)
	  Index Cond: ((k >= 5621505) AND (k <= 5621605))

table 8 : explain SELECT k FROM sbtest8 WHERE k BETWEEN 5621505 AND 5621605
	Index Only Scan using k_8 on sbtest8  (cost=0.43..6.40 rows=98 width=4)
	  Index Cond: ((k >= 5621505) AND (k <= 5621605))

explain: for range-covered :: explain SELECT k FROM sbtest%d WHERE k BETWEEN 5621505 AND 5621605
explain: for range-covered :: explain SELECT k FROM sbtest%d WHERE k BETWEEN 4837680 AND 4837780
for range-covered
table 1 : explain SELECT k FROM sbtest1 WHERE k BETWEEN 6826341 AND 6826441
	Index Only Scan using k_1 on sbtest1  (cost=0.43..6.56 rows=106 width=4)
	  Index Cond: ((k >= 6826341) AND (k <= 6826441))

table 2 : explain SELECT k FROM sbtest2 WHERE k BETWEEN 6826341 AND 6826441
	Index Only Scan using k_2 on sbtest2  (cost=0.43..6.33 rows=95 width=4)
	  Index Cond: ((k >= 6826341) AND (k <= 6826441))

table 3 : explain SELECT k FROM sbtest3 WHERE k BETWEEN 6826341 AND 6826441
	Index Only Scan using k_3 on sbtest3  (cost=0.43..6.51 rows=104 width=4)
	  Index Cond: ((k >= 6826341) AND (k <= 6826441))

table 4 : explain SELECT k FROM sbtest4 WHERE k BETWEEN 6826341 AND 6826441
	Index Only Scan using k_4 on sbtest4  (cost=0.43..6.45 rows=101 width=4)
	  Index Cond: ((k >= 6826341) AND (k <= 6826441))

table 5 : explain SELECT k FROM sbtest5 WHERE k BETWEEN 6826341 AND 6826441
	Index Only Scan using k_5 on sbtest5  (cost=0.43..6.53 rows=105 width=4)
	  Index Cond: ((k >= 6826341) AND (k <= 6826441))

table 6 : explain SELECT k FROM sbtest6 WHERE k BETWEEN 6826341 AND 6826441
	Index Only Scan using k_6 on sbtest6  (cost=0.43..6.63 rows=110 width=4)
	  Index Cond: ((k >= 6826341) AND (k <= 6826441))

table 7 : explain SELECT k FROM sbtest7 WHERE k BETWEEN 6826341 AND 6826441
	Index Only Scan using k_7 on sbtest7  (cost=0.43..6.40 rows=98 width=4)
	  Index Cond: ((k >= 6826341) AND (k <= 6826441))

table 8 : explain SELECT k FROM sbtest8 WHERE k BETWEEN 6826341 AND 6826441
	Index Only Scan using k_8 on sbtest8  (cost=0.43..6.37 rows=97 width=4)
	  Index Cond: ((k >= 6826341) AND (k <= 6826441))

explain: for range-covered :: explain SELECT k FROM sbtest%d WHERE k BETWEEN 6826341 AND 6826441
for range-covered
table 1 : explain SELECT k FROM sbtest1 WHERE k BETWEEN 8386094 AND 8386194
	Index Only Scan using k_1 on sbtest1  (cost=0.43..6.50 rows=103 width=4)
	  Index Cond: ((k >= 8386094) AND (k <= 8386194))

table 2 : explain SELECT k FROM sbtest2 WHERE k BETWEEN 8386094 AND 8386194
	Index Only Scan using k_2 on sbtest2  (cost=0.43..6.42 rows=99 width=4)
	  Index Cond: ((k >= 8386094) AND (k <= 8386194))

table 3 : explain SELECT k FROM sbtest3 WHERE k BETWEEN 8386094 AND 8386194
	Index Only Scan using k_3 on sbtest3  (cost=0.43..6.42 rows=99 width=4)
	  Index Cond: ((k >= 8386094) AND (k <= 8386194))

table 4 : explain SELECT k FROM sbtest4 WHERE k BETWEEN 8386094 AND 8386194
	Index Only Scan using k_4 on sbtest4  (cost=0.43..6.51 rows=104 width=4)
	  Index Cond: ((k >= 8386094) AND (k <= 8386194))

table 5 : explain SELECT k FROM sbtest5 WHERE k BETWEEN 8386094 AND 8386194
	Index Only Scan using k_5 on sbtest5  (cost=0.43..6.37 rows=97 width=4)
	  Index Cond: ((k >= 8386094) AND (k <= 8386194))

table 6 : explain SELECT k FROM sbtest6 WHERE k BETWEEN 8386094 AND 8386194
	Index Only Scan using k_6 on sbtest6  (cost=0.43..6.45 rows=101 width=4)
	  Index Cond: ((k >= 8386094) AND (k <= 8386194))

table 7 : explain SELECT k FROM sbtest7 WHERE k BETWEEN 8386094 AND 8386194
	Index Only Scan using k_7 on sbtest7  (cost=0.43..6.47 rows=102 width=4)
	  Index Cond: ((k >= 8386094) AND (k <= 8386194))

table 8 : explain SELECT k FROM sbtest8 WHERE k BETWEEN 8386094 AND 8386194
	Index Only Scan using k_8 on sbtest8  (cost=0.43..6.50 rows=103 width=4)
	  Index Cond: ((k >= 8386094) AND (k <= 8386194))

for range-covered
table 1 : explain SELECT k FROM sbtest1 WHERE k BETWEEN 5760020 AND 5760120
	Index Only Scan using k_1 on sbtest1  (cost=0.43..6.50 rows=103 width=4)
	  Index Cond: ((k >= 5760020) AND (k <= 5760120))

table 2 : explain SELECT k FROM sbtest2 WHERE k BETWEEN 5760020 AND 5760120
	Index Only Scan using k_2 on sbtest2  (cost=0.43..6.51 rows=104 width=4)
	  Index Cond: ((k >= 5760020) AND (k <= 5760120))

table 3 : explain SELECT k FROM sbtest3 WHERE k BETWEEN 5760020 AND 5760120
	Index Only Scan using k_3 on sbtest3  (cost=0.43..6.40 rows=98 width=4)
	  Index Cond: ((k >= 5760020) AND (k <= 5760120))

table 4 : explain SELECT k FROM sbtest4 WHERE k BETWEEN 5760020 AND 5760120
	Index Only Scan using k_4 on sbtest4  (cost=0.43..6.50 rows=103 width=4)
	  Index Cond: ((k >= 5760020) AND (k <= 5760120))

table 5 : explain SELECT k FROM sbtest5 WHERE k BETWEEN 5760020 AND 5760120
	Index Only Scan using k_5 on sbtest5  (cost=0.43..6.37 rows=97 width=4)
	  Index Cond: ((k >= 5760020) AND (k <= 5760120))

table 6 : explain SELECT k FROM sbtest6 WHERE k BETWEEN 5760020 AND 5760120
	Index Only Scan using k_6 on sbtest6  (cost=0.43..6.81 rows=119 width=4)
	  Index Cond: ((k >= 5760020) AND (k <= 5760120))

table 7 : explain SELECT k FROM sbtest7 WHERE k BETWEEN 5760020 AND 5760120
	Index Only Scan using k_7 on sbtest7  (cost=0.43..6.29 rows=93 width=4)
	  Index Cond: ((k >= 5760020) AND (k <= 5760120))

table 8 : explain SELECT k FROM sbtest8 WHERE k BETWEEN 5760020 AND 5760120
	Index Only Scan using k_8 on sbtest8  (cost=0.43..6.51 rows=104 width=4)
	  Index Cond: ((k >= 5760020) AND (k <= 5760120))

explain: for range-covered :: explain SELECT k FROM sbtest%d WHERE k BETWEEN 8386094 AND 8386194
for range-covered
table 1 : explain SELECT k FROM sbtest1 WHERE k BETWEEN 5621505 AND 5621605
	Index Only Scan using k_1 on sbtest1  (cost=0.43..6.43 rows=100 width=4)
	  Index Cond: ((k >= 5621505) AND (k <= 5621605))

table 2 : explain SELECT k FROM sbtest2 WHERE k BETWEEN 5621505 AND 5621605
	Index Only Scan using k_2 on sbtest2  (cost=0.43..6.43 rows=100 width=4)
	  Index Cond: ((k >= 5621505) AND (k <= 5621605))

table 3 : explain SELECT k FROM sbtest3 WHERE k BETWEEN 5621505 AND 5621605
	Index Only Scan using k_3 on sbtest3  (cost=0.43..6.37 rows=97 width=4)
	  Index Cond: ((k >= 5621505) AND (k <= 5621605))

table 4 : explain SELECT k FROM sbtest4 WHERE k BETWEEN 5621505 AND 5621605
	Index Only Scan using k_4 on sbtest4  (cost=0.43..6.47 rows=102 width=4)
	  Index Cond: ((k >= 5621505) AND (k <= 5621605))

table 5 : explain SELECT k FROM sbtest5 WHERE k BETWEEN 5621505 AND 5621605
	Index Only Scan using k_5 on sbtest5  (cost=0.43..6.53 rows=105 width=4)
	  Index Cond: ((k >= 5621505) AND (k <= 5621605))

table 6 : explain SELECT k FROM sbtest6 WHERE k BETWEEN 5621505 AND 5621605
	Index Only Scan using k_6 on sbtest6  (cost=0.43..6.51 rows=104 width=4)
	  Index Cond: ((k >= 5621505) AND (k <= 5621605))

table 7 : explain SELECT k FROM sbtest7 WHERE k BETWEEN 5621505 AND 5621605
	Index Only Scan using k_7 on sbtest7  (cost=0.43..6.51 rows=104 width=4)
	  Index Cond: ((k >= 5621505) AND (k <= 5621605))

table 8 : explain SELECT k FROM sbtest8 WHERE k BETWEEN 5621505 AND 5621605
	Index Only Scan using k_8 on sbtest8  (cost=0.43..6.40 rows=98 width=4)
	  Index Cond: ((k >= 5621505) AND (k <= 5621605))

explain: for range-covered :: explain SELECT k FROM sbtest%d WHERE k BETWEEN 5621505 AND 5621605
for range-covered
table 1 : explain SELECT k FROM sbtest1 WHERE k BETWEEN 6826341 AND 6826441
	Index Only Scan using k_1 on sbtest1  (cost=0.43..6.56 rows=106 width=4)
	  Index Cond: ((k >= 6826341) AND (k <= 6826441))

table 2 : explain SELECT k FROM sbtest2 WHERE k BETWEEN 6826341 AND 6826441
	Index Only Scan using k_2 on sbtest2  (cost=0.43..6.33 rows=95 width=4)
	  Index Cond: ((k >= 6826341) AND (k <= 6826441))

table 3 : explain SELECT k FROM sbtest3 WHERE k BETWEEN 6826341 AND 6826441
	Index Only Scan using k_3 on sbtest3  (cost=0.43..6.51 rows=104 width=4)
	  Index Cond: ((k >= 6826341) AND (k <= 6826441))

table 4 : explain SELECT k FROM sbtest4 WHERE k BETWEEN 6826341 AND 6826441
	Index Only Scan using k_4 on sbtest4  (cost=0.43..6.45 rows=101 width=4)
	  Index Cond: ((k >= 6826341) AND (k <= 6826441))

table 5 : explain SELECT k FROM sbtest5 WHERE k BETWEEN 6826341 AND 6826441
	Index Only Scan using k_5 on sbtest5  (cost=0.43..6.53 rows=105 width=4)
	  Index Cond: ((k >= 6826341) AND (k <= 6826441))

table 6 : explain SELECT k FROM sbtest6 WHERE k BETWEEN 6826341 AND 6826441
	Index Only Scan using k_6 on sbtest6  (cost=0.43..6.63 rows=110 width=4)
	  Index Cond: ((k >= 6826341) AND (k <= 6826441))

table 7 : explain SELECT k FROM sbtest7 WHERE k BETWEEN 6826341 AND 6826441
	Index Only Scan using k_7 on sbtest7  (cost=0.43..6.40 rows=98 width=4)
	  Index Cond: ((k >= 6826341) AND (k <= 6826441))

table 8 : explain SELECT k FROM sbtest8 WHERE k BETWEEN 6826341 AND 6826441
	Index Only Scan using k_8 on sbtest8  (cost=0.43..6.37 rows=97 width=4)
	  Index Cond: ((k >= 6826341) AND (k <= 6826441))

for range-covered
table 1 : explain SELECT k FROM sbtest1 WHERE k BETWEEN 8386094 AND 8386194
	Index Only Scan using k_1 on sbtest1  (cost=0.43..6.50 rows=103 width=4)
	  Index Cond: ((k >= 8386094) AND (k <= 8386194))

table 2 : explain SELECT k FROM sbtest2 WHERE k BETWEEN 8386094 AND 8386194
	Index Only Scan using k_2 on sbtest2  (cost=0.43..6.42 rows=99 width=4)
	  Index Cond: ((k >= 8386094) AND (k <= 8386194))

table 3 : explain SELECT k FROM sbtest3 WHERE k BETWEEN 8386094 AND 8386194
	Index Only Scan using k_3 on sbtest3  (cost=0.43..6.42 rows=99 width=4)
	  Index Cond: ((k >= 8386094) AND (k <= 8386194))

table 4 : explain SELECT k FROM sbtest4 WHERE k BETWEEN 8386094 AND 8386194
	Index Only Scan using k_4 on sbtest4  (cost=0.43..6.51 rows=104 width=4)
	  Index Cond: ((k >= 8386094) AND (k <= 8386194))

table 5 : explain SELECT k FROM sbtest5 WHERE k BETWEEN 8386094 AND 8386194
	Index Only Scan using k_5 on sbtest5  (cost=0.43..6.37 rows=97 width=4)
	  Index Cond: ((k >= 8386094) AND (k <= 8386194))

table 6 : explain SELECT k FROM sbtest6 WHERE k BETWEEN 8386094 AND 8386194
	Index Only Scan using k_6 on sbtest6  (cost=0.43..6.45 rows=101 width=4)
	  Index Cond: ((k >= 8386094) AND (k <= 8386194))

table 7 : explain SELECT k FROM sbtest7 WHERE k BETWEEN 8386094 AND 8386194
	Index Only Scan using k_7 on sbtest7  (cost=0.43..6.47 rows=102 width=4)
	  Index Cond: ((k >= 8386094) AND (k <= 8386194))

table 8 : explain SELECT k FROM sbtest8 WHERE k BETWEEN 8386094 AND 8386194
	Index Only Scan using k_8 on sbtest8  (cost=0.43..6.50 rows=103 width=4)
	  Index Cond: ((k >= 8386094) AND (k <= 8386194))

explain: for range-covered :: explain SELECT k FROM sbtest%d WHERE k BETWEEN 8386094 AND 8386194
for range-covered
table 1 : explain SELECT k FROM sbtest1 WHERE k BETWEEN 5621505 AND 5621605
	Index Only Scan using k_1 on sbtest1  (cost=0.43..6.43 rows=100 width=4)
	  Index Cond: ((k >= 5621505) AND (k <= 5621605))

table 2 : explain SELECT k FROM sbtest2 WHERE k BETWEEN 5621505 AND 5621605
	Index Only Scan using k_2 on sbtest2  (cost=0.43..6.43 rows=100 width=4)
	  Index Cond: ((k >= 5621505) AND (k <= 5621605))

table 3 : explain SELECT k FROM sbtest3 WHERE k BETWEEN 5621505 AND 5621605
	Index Only Scan using k_3 on sbtest3  (cost=0.43..6.37 rows=97 width=4)
	  Index Cond: ((k >= 5621505) AND (k <= 5621605))

table 4 : explain SELECT k FROM sbtest4 WHERE k BETWEEN 5621505 AND 5621605
	Index Only Scan using k_4 on sbtest4  (cost=0.43..6.47 rows=102 width=4)
	  Index Cond: ((k >= 5621505) AND (k <= 5621605))

table 5 : explain SELECT k FROM sbtest5 WHERE k BETWEEN 5621505 AND 5621605
	Index Only Scan using k_5 on sbtest5  (cost=0.43..6.53 rows=105 width=4)
	  Index Cond: ((k >= 5621505) AND (k <= 5621605))

table 6 : explain SELECT k FROM sbtest6 WHERE k BETWEEN 5621505 AND 5621605
	Index Only Scan using k_6 on sbtest6  (cost=0.43..6.51 rows=104 width=4)
	  Index Cond: ((k >= 5621505) AND (k <= 5621605))

table 7 : explain SELECT k FROM sbtest7 WHERE k BETWEEN 5621505 AND 5621605
	Index Only Scan using k_7 on sbtest7  (cost=0.43..6.51 rows=104 width=4)
	  Index Cond: ((k >= 5621505) AND (k <= 5621605))

table 8 : explain SELECT k FROM sbtest8 WHERE k BETWEEN 5621505 AND 5621605
	Index Only Scan using k_8 on sbtest8  (cost=0.43..6.40 rows=98 width=4)
	  Index Cond: ((k >= 5621505) AND (k <= 5621605))

explain: for range-covered :: explain SELECT k FROM sbtest%d WHERE k BETWEEN 6705704 AND 6705804
explain: for range-covered :: explain SELECT k FROM sbtest%d WHERE k BETWEEN 5621505 AND 5621605
for range-covered
table 1 : explain SELECT k FROM sbtest1 WHERE k BETWEEN 3508946 AND 3509046
	Index Only Scan using k_1 on sbtest1  (cost=0.43..6.51 rows=104 width=4)
	  Index Cond: ((k >= 3508946) AND (k <= 3509046))

table 2 : explain SELECT k FROM sbtest2 WHERE k BETWEEN 3508946 AND 3509046
	Index Only Scan using k_2 on sbtest2  (cost=0.43..6.35 rows=96 width=4)
	  Index Cond: ((k >= 3508946) AND (k <= 3509046))

table 3 : explain SELECT k FROM sbtest3 WHERE k BETWEEN 3508946 AND 3509046
	Index Only Scan using k_3 on sbtest3  (cost=0.43..6.51 rows=104 width=4)
	  Index Cond: ((k >= 3508946) AND (k <= 3509046))

table 4 : explain SELECT k FROM sbtest4 WHERE k BETWEEN 3508946 AND 3509046
	Index Only Scan using k_4 on sbtest4  (cost=0.43..6.47 rows=102 width=4)
	  Index Cond: ((k >= 3508946) AND (k <= 3509046))

table 5 : explain SELECT k FROM sbtest5 WHERE k BETWEEN 3508946 AND 3509046
	Index Only Scan using k_5 on sbtest5  (cost=0.43..6.43 rows=100 width=4)
	  Index Cond: ((k >= 3508946) AND (k <= 3509046))

table 6 : explain SELECT k FROM sbtest6 WHERE k BETWEEN 3508946 AND 3509046
	Index Only Scan using k_6 on sbtest6  (cost=0.43..6.51 rows=104 width=4)
	  Index Cond: ((k >= 3508946) AND (k <= 3509046))

table 7 : explain SELECT k FROM sbtest7 WHERE k BETWEEN 3508946 AND 3509046
	Index Only Scan using k_7 on sbtest7  (cost=0.43..6.47 rows=102 width=4)
	  Index Cond: ((k >= 3508946) AND (k <= 3509046))

table 8 : explain SELECT k FROM sbtest8 WHERE k BETWEEN 3508946 AND 3509046
	Index Only Scan using k_8 on sbtest8  (cost=0.43..6.59 rows=108 width=4)
	  Index Cond: ((k >= 3508946) AND (k <= 3509046))

explain: for range-covered :: explain SELECT k FROM sbtest%d WHERE k BETWEEN 3941839 AND 3941939
for range-covered
table 1 : explain SELECT k FROM sbtest1 WHERE k BETWEEN 7051098 AND 7051198
	Index Only Scan using k_1 on sbtest1  (cost=0.43..6.51 rows=104 width=4)
	  Index Cond: ((k >= 7051098) AND (k <= 7051198))

table 2 : explain SELECT k FROM sbtest2 WHERE k BETWEEN 7051098 AND 7051198
	Index Only Scan using k_2 on sbtest2  (cost=0.43..6.51 rows=104 width=4)
	  Index Cond: ((k >= 7051098) AND (k <= 7051198))

table 3 : explain SELECT k FROM sbtest3 WHERE k BETWEEN 7051098 AND 7051198
	Index Only Scan using k_3 on sbtest3  (cost=0.43..6.35 rows=96 width=4)
	  Index Cond: ((k >= 7051098) AND (k <= 7051198))

table 4 : explain SELECT k FROM sbtest4 WHERE k BETWEEN 7051098 AND 7051198
	Index Only Scan using k_4 on sbtest4  (cost=0.43..6.53 rows=105 width=4)
	  Index Cond: ((k >= 7051098) AND (k <= 7051198))

table 5 : explain SELECT k FROM sbtest5 WHERE k BETWEEN 7051098 AND 7051198
	Index Only Scan using k_5 on sbtest5  (cost=0.43..6.43 rows=100 width=4)
	  Index Cond: ((k >= 7051098) AND (k <= 7051198))

table 6 : explain SELECT k FROM sbtest6 WHERE k BETWEEN 7051098 AND 7051198
	Index Only Scan using k_6 on sbtest6  (cost=0.43..6.42 rows=99 width=4)
	  Index Cond: ((k >= 7051098) AND (k <= 7051198))

table 7 : explain SELECT k FROM sbtest7 WHERE k BETWEEN 7051098 AND 7051198
	Index Only Scan using k_7 on sbtest7  (cost=0.43..6.43 rows=100 width=4)
	  Index Cond: ((k >= 7051098) AND (k <= 7051198))

table 8 : explain SELECT k FROM sbtest8 WHERE k BETWEEN 7051098 AND 7051198
	Index Only Scan using k_8 on sbtest8  (cost=0.43..6.56 rows=106 width=4)
	  Index Cond: ((k >= 7051098) AND (k <= 7051198))

explain: for range-covered :: explain SELECT k FROM sbtest%d WHERE k BETWEEN 3508946 AND 3509046
for range-covered
table 1 : explain SELECT k FROM sbtest1 WHERE k BETWEEN 5578213 AND 5578313
	Index Only Scan using k_1 on sbtest1  (cost=0.43..6.51 rows=104 width=4)
	  Index Cond: ((k >= 5578213) AND (k <= 5578313))

table 2 : explain SELECT k FROM sbtest2 WHERE k BETWEEN 5578213 AND 5578313
	Index Only Scan using k_2 on sbtest2  (cost=0.43..6.43 rows=100 width=4)
	  Index Cond: ((k >= 5578213) AND (k <= 5578313))

table 3 : explain SELECT k FROM sbtest3 WHERE k BETWEEN 5578213 AND 5578313
	Index Only Scan using k_3 on sbtest3  (cost=0.43..6.63 rows=110 width=4)
	  Index Cond: ((k >= 5578213) AND (k <= 5578313))

table 4 : explain SELECT k FROM sbtest4 WHERE k BETWEEN 5578213 AND 5578313
	Index Only Scan using k_4 on sbtest4  (cost=0.43..6.47 rows=102 width=4)
	  Index Cond: ((k >= 5578213) AND (k <= 5578313))

table 5 : explain SELECT k FROM sbtest5 WHERE k BETWEEN 5578213 AND 5578313
	Index Only Scan using k_5 on sbtest5  (cost=0.43..6.75 rows=116 width=4)
	  Index Cond: ((k >= 5578213) AND (k <= 5578313))

table 6 : explain SELECT k FROM sbtest6 WHERE k BETWEEN 5578213 AND 5578313
	Index Only Scan using k_6 on sbtest6  (cost=0.43..6.51 rows=104 width=4)
	  Index Cond: ((k >= 5578213) AND (k <= 5578313))

table 7 : explain SELECT k FROM sbtest7 WHERE k BETWEEN 5578213 AND 5578313
	Index Only Scan using k_7 on sbtest7  (cost=0.43..6.51 rows=104 width=4)
	  Index Cond: ((k >= 5578213) AND (k <= 5578313))

table 8 : explain SELECT k FROM sbtest8 WHERE k BETWEEN 5578213 AND 5578313
	Index Only Scan using k_8 on sbtest8  (cost=0.43..6.40 rows=98 width=4)
	  Index Cond: ((k >= 5578213) AND (k <= 5578313))

explain: for range-covered :: explain SELECT k FROM sbtest%d WHERE k BETWEEN 7051098 AND 7051198
explain: for range-covered :: explain SELECT k FROM sbtest%d WHERE k BETWEEN 5578213 AND 5578313
for range-covered
table 1 : explain SELECT k FROM sbtest1 WHERE k BETWEEN 8386094 AND 8386194
	Index Only Scan using k_1 on sbtest1  (cost=0.43..6.50 rows=103 width=4)
	  Index Cond: ((k >= 8386094) AND (k <= 8386194))

table 2 : explain SELECT k FROM sbtest2 WHERE k BETWEEN 8386094 AND 8386194
	Index Only Scan using k_2 on sbtest2  (cost=0.43..6.42 rows=99 width=4)
	  Index Cond: ((k >= 8386094) AND (k <= 8386194))

table 3 : explain SELECT k FROM sbtest3 WHERE k BETWEEN 8386094 AND 8386194
	Index Only Scan using k_3 on sbtest3  (cost=0.43..6.42 rows=99 width=4)
	  Index Cond: ((k >= 8386094) AND (k <= 8386194))

table 4 : explain SELECT k FROM sbtest4 WHERE k BETWEEN 8386094 AND 8386194
	Index Only Scan using k_4 on sbtest4  (cost=0.43..6.51 rows=104 width=4)
	  Index Cond: ((k >= 8386094) AND (k <= 8386194))

table 5 : explain SELECT k FROM sbtest5 WHERE k BETWEEN 8386094 AND 8386194
	Index Only Scan using k_5 on sbtest5  (cost=0.43..6.37 rows=97 width=4)
	  Index Cond: ((k >= 8386094) AND (k <= 8386194))

table 6 : explain SELECT k FROM sbtest6 WHERE k BETWEEN 8386094 AND 8386194
	Index Only Scan using k_6 on sbtest6  (cost=0.43..6.45 rows=101 width=4)
	  Index Cond: ((k >= 8386094) AND (k <= 8386194))

table 7 : explain SELECT k FROM sbtest7 WHERE k BETWEEN 8386094 AND 8386194
	Index Only Scan using k_7 on sbtest7  (cost=0.43..6.47 rows=102 width=4)
	  Index Cond: ((k >= 8386094) AND (k <= 8386194))

table 8 : explain SELECT k FROM sbtest8 WHERE k BETWEEN 8386094 AND 8386194
	Index Only Scan using k_8 on sbtest8  (cost=0.43..6.50 rows=103 width=4)
	  Index Cond: ((k >= 8386094) AND (k <= 8386194))

explain: for range-covered :: explain SELECT k FROM sbtest%d WHERE k BETWEEN 8386094 AND 8386194
for range-covered
table 1 : explain SELECT k FROM sbtest1 WHERE k BETWEEN 5621505 AND 5621605
	Index Only Scan using k_1 on sbtest1  (cost=0.43..6.43 rows=100 width=4)
	  Index Cond: ((k >= 5621505) AND (k <= 5621605))

table 2 : explain SELECT k FROM sbtest2 WHERE k BETWEEN 5621505 AND 5621605
	Index Only Scan using k_2 on sbtest2  (cost=0.43..6.43 rows=100 width=4)
	  Index Cond: ((k >= 5621505) AND (k <= 5621605))

table 3 : explain SELECT k FROM sbtest3 WHERE k BETWEEN 5621505 AND 5621605
	Index Only Scan using k_3 on sbtest3  (cost=0.43..6.37 rows=97 width=4)
	  Index Cond: ((k >= 5621505) AND (k <= 5621605))

table 4 : explain SELECT k FROM sbtest4 WHERE k BETWEEN 5621505 AND 5621605
	Index Only Scan using k_4 on sbtest4  (cost=0.43..6.47 rows=102 width=4)
	  Index Cond: ((k >= 5621505) AND (k <= 5621605))

table 5 : explain SELECT k FROM sbtest5 WHERE k BETWEEN 5621505 AND 5621605
	Index Only Scan using k_5 on sbtest5  (cost=0.43..6.53 rows=105 width=4)
	  Index Cond: ((k >= 5621505) AND (k <= 5621605))

table 6 : explain SELECT k FROM sbtest6 WHERE k BETWEEN 5621505 AND 5621605
	Index Only Scan using k_6 on sbtest6  (cost=0.43..6.51 rows=104 width=4)
	  Index Cond: ((k >= 5621505) AND (k <= 5621605))

table 7 : explain SELECT k FROM sbtest7 WHERE k BETWEEN 5621505 AND 5621605
	Index Only Scan using k_7 on sbtest7  (cost=0.43..6.51 rows=104 width=4)
	  Index Cond: ((k >= 5621505) AND (k <= 5621605))

table 8 : explain SELECT k FROM sbtest8 WHERE k BETWEEN 5621505 AND 5621605
	Index Only Scan using k_8 on sbtest8  (cost=0.43..6.40 rows=98 width=4)
	  Index Cond: ((k >= 5621505) AND (k <= 5621605))

explain: for range-covered :: explain SELECT k FROM sbtest%d WHERE k BETWEEN 5621505 AND 5621605
explain: for range-covered :: explain SELECT k FROM sbtest%d WHERE k BETWEEN 1523784 AND 1523884
for range-covered
table 1 : explain SELECT k FROM sbtest1 WHERE k BETWEEN 7051098 AND 7051198
	Index Only Scan using k_1 on sbtest1  (cost=0.43..6.51 rows=104 width=4)
	  Index Cond: ((k >= 7051098) AND (k <= 7051198))

table 2 : explain SELECT k FROM sbtest2 WHERE k BETWEEN 7051098 AND 7051198
	Index Only Scan using k_2 on sbtest2  (cost=0.43..6.51 rows=104 width=4)
	  Index Cond: ((k >= 7051098) AND (k <= 7051198))

table 3 : explain SELECT k FROM sbtest3 WHERE k BETWEEN 7051098 AND 7051198
	Index Only Scan using k_3 on sbtest3  (cost=0.43..6.35 rows=96 width=4)
	  Index Cond: ((k >= 7051098) AND (k <= 7051198))

table 4 : explain SELECT k FROM sbtest4 WHERE k BETWEEN 7051098 AND 7051198
	Index Only Scan using k_4 on sbtest4  (cost=0.43..6.53 rows=105 width=4)
	  Index Cond: ((k >= 7051098) AND (k <= 7051198))

table 5 : explain SELECT k FROM sbtest5 WHERE k BETWEEN 7051098 AND 7051198
	Index Only Scan using k_5 on sbtest5  (cost=0.43..6.43 rows=100 width=4)
	  Index Cond: ((k >= 7051098) AND (k <= 7051198))

table 6 : explain SELECT k FROM sbtest6 WHERE k BETWEEN 7051098 AND 7051198
	Index Only Scan using k_6 on sbtest6  (cost=0.43..6.42 rows=99 width=4)
	  Index Cond: ((k >= 7051098) AND (k <= 7051198))

table 7 : explain SELECT k FROM sbtest7 WHERE k BETWEEN 7051098 AND 7051198
	Index Only Scan using k_7 on sbtest7  (cost=0.43..6.43 rows=100 width=4)
	  Index Cond: ((k >= 7051098) AND (k <= 7051198))

table 8 : explain SELECT k FROM sbtest8 WHERE k BETWEEN 7051098 AND 7051198
	Index Only Scan using k_8 on sbtest8  (cost=0.43..6.56 rows=106 width=4)
	  Index Cond: ((k >= 7051098) AND (k <= 7051198))

explain: for range-covered :: explain SELECT k FROM sbtest%d WHERE k BETWEEN 7051098 AND 7051198
for range-covered
table 1 : explain SELECT k FROM sbtest1 WHERE k BETWEEN 4837680 AND 4837780
	Index Only Scan using k_1 on sbtest1  (cost=0.43..6.53 rows=105 width=4)
	  Index Cond: ((k >= 4837680) AND (k <= 4837780))

table 2 : explain SELECT k FROM sbtest2 WHERE k BETWEEN 4837680 AND 4837780
	Index Only Scan using k_2 on sbtest2  (cost=0.43..6.33 rows=95 width=4)
	  Index Cond: ((k >= 4837680) AND (k <= 4837780))

table 3 : explain SELECT k FROM sbtest3 WHERE k BETWEEN 4837680 AND 4837780
	Index Only Scan using k_3 on sbtest3  (cost=0.43..6.35 rows=96 width=4)
	  Index Cond: ((k >= 4837680) AND (k <= 4837780))

table 4 : explain SELECT k FROM sbtest4 WHERE k BETWEEN 4837680 AND 4837780
	Index Only Scan using k_4 on sbtest4  (cost=0.43..6.47 rows=102 width=4)
	  Index Cond: ((k >= 4837680) AND (k <= 4837780))

table 5 : explain SELECT k FROM sbtest5 WHERE k BETWEEN 4837680 AND 4837780
	Index Only Scan using k_5 on sbtest5  (cost=0.43..6.47 rows=102 width=4)
	  Index Cond: ((k >= 4837680) AND (k <= 4837780))

table 6 : explain SELECT k FROM sbtest6 WHERE k BETWEEN 4837680 AND 4837780
	Index Only Scan using k_6 on sbtest6  (cost=0.43..6.45 rows=101 width=4)
	  Index Cond: ((k >= 4837680) AND (k <= 4837780))

table 7 : explain SELECT k FROM sbtest7 WHERE k BETWEEN 4837680 AND 4837780
	Index Only Scan using k_7 on sbtest7  (cost=0.43..6.50 rows=103 width=4)
	  Index Cond: ((k >= 4837680) AND (k <= 4837780))

table 8 : explain SELECT k FROM sbtest8 WHERE k BETWEEN 4837680 AND 4837780
	Index Only Scan using k_8 on sbtest8  (cost=0.43..6.29 rows=93 width=4)
	  Index Cond: ((k >= 4837680) AND (k <= 4837780))

for range-covered
table 1 : explain SELECT k FROM sbtest1 WHERE k BETWEEN 8386094 AND 8386194
	Index Only Scan using k_1 on sbtest1  (cost=0.43..6.50 rows=103 width=4)
	  Index Cond: ((k >= 8386094) AND (k <= 8386194))

table 2 : explain SELECT k FROM sbtest2 WHERE k BETWEEN 8386094 AND 8386194
	Index Only Scan using k_2 on sbtest2  (cost=0.43..6.42 rows=99 width=4)
	  Index Cond: ((k >= 8386094) AND (k <= 8386194))

table 3 : explain SELECT k FROM sbtest3 WHERE k BETWEEN 8386094 AND 8386194
	Index Only Scan using k_3 on sbtest3  (cost=0.43..6.42 rows=99 width=4)
	  Index Cond: ((k >= 8386094) AND (k <= 8386194))

table 4 : explain SELECT k FROM sbtest4 WHERE k BETWEEN 8386094 AND 8386194
	Index Only Scan using k_4 on sbtest4  (cost=0.43..6.51 rows=104 width=4)
	  Index Cond: ((k >= 8386094) AND (k <= 8386194))

table 5 : explain SELECT k FROM sbtest5 WHERE k BETWEEN 8386094 AND 8386194
	Index Only Scan using k_5 on sbtest5  (cost=0.43..6.37 rows=97 width=4)
	  Index Cond: ((k >= 8386094) AND (k <= 8386194))

table 6 : explain SELECT k FROM sbtest6 WHERE k BETWEEN 8386094 AND 8386194
	Index Only Scan using k_6 on sbtest6  (cost=0.43..6.45 rows=101 width=4)
	  Index Cond: ((k >= 8386094) AND (k <= 8386194))

table 7 : explain SELECT k FROM sbtest7 WHERE k BETWEEN 8386094 AND 8386194
	Index Only Scan using k_7 on sbtest7  (cost=0.43..6.47 rows=102 width=4)
	  Index Cond: ((k >= 8386094) AND (k <= 8386194))

table 8 : explain SELECT k FROM sbtest8 WHERE k BETWEEN 8386094 AND 8386194
	Index Only Scan using k_8 on sbtest8  (cost=0.43..6.50 rows=103 width=4)
	  Index Cond: ((k >= 8386094) AND (k <= 8386194))

for range-covered
table 1 : explain SELECT k FROM sbtest1 WHERE k BETWEEN 6705704 AND 6705804
	Index Only Scan using k_1 on sbtest1  (cost=0.43..6.29 rows=93 width=4)
	  Index Cond: ((k >= 6705704) AND (k <= 6705804))

table 2 : explain SELECT k FROM sbtest2 WHERE k BETWEEN 6705704 AND 6705804
	Index Only Scan using k_2 on sbtest2  (cost=0.43..6.63 rows=110 width=4)
	  Index Cond: ((k >= 6705704) AND (k <= 6705804))

table 3 : explain SELECT k FROM sbtest3 WHERE k BETWEEN 6705704 AND 6705804
	Index Only Scan using k_3 on sbtest3  (cost=0.43..6.47 rows=102 width=4)
	  Index Cond: ((k >= 6705704) AND (k <= 6705804))

table 4 : explain SELECT k FROM sbtest4 WHERE k BETWEEN 6705704 AND 6705804
	Index Only Scan using k_4 on sbtest4  (cost=0.43..6.42 rows=99 width=4)
	  Index Cond: ((k >= 6705704) AND (k <= 6705804))

table 5 : explain SELECT k FROM sbtest5 WHERE k BETWEEN 6705704 AND 6705804
	Index Only Scan using k_5 on sbtest5  (cost=0.43..6.40 rows=98 width=4)
	  Index Cond: ((k >= 6705704) AND (k <= 6705804))

table 6 : explain SELECT k FROM sbtest6 WHERE k BETWEEN 6705704 AND 6705804
	Index Only Scan using k_6 on sbtest6  (cost=0.43..6.58 rows=107 width=4)
	  Index Cond: ((k >= 6705704) AND (k <= 6705804))

table 7 : explain SELECT k FROM sbtest7 WHERE k BETWEEN 6705704 AND 6705804
	Index Only Scan using k_7 on sbtest7  (cost=0.43..6.51 rows=104 width=4)
	  Index Cond: ((k >= 6705704) AND (k <= 6705804))

table 8 : explain SELECT k FROM sbtest8 WHERE k BETWEEN 6705704 AND 6705804
	Index Only Scan using k_8 on sbtest8  (cost=0.43..6.32 rows=94 width=4)
	  Index Cond: ((k >= 6705704) AND (k <= 6705804))

explain: for range-covered :: explain SELECT k FROM sbtest%d WHERE k BETWEEN 6705704 AND 6705804
for range-covered
table 1 : explain SELECT k FROM sbtest1 WHERE k BETWEEN 5621505 AND 5621605
	Index Only Scan using k_1 on sbtest1  (cost=0.43..6.43 rows=100 width=4)
	  Index Cond: ((k >= 5621505) AND (k <= 5621605))

table 2 : explain SELECT k FROM sbtest2 WHERE k BETWEEN 5621505 AND 5621605
	Index Only Scan using k_2 on sbtest2  (cost=0.43..6.43 rows=100 width=4)
	  Index Cond: ((k >= 5621505) AND (k <= 5621605))

table 3 : explain SELECT k FROM sbtest3 WHERE k BETWEEN 5621505 AND 5621605
	Index Only Scan using k_3 on sbtest3  (cost=0.43..6.37 rows=97 width=4)
	  Index Cond: ((k >= 5621505) AND (k <= 5621605))

table 4 : explain SELECT k FROM sbtest4 WHERE k BETWEEN 5621505 AND 5621605
	Index Only Scan using k_4 on sbtest4  (cost=0.43..6.47 rows=102 width=4)
	  Index Cond: ((k >= 5621505) AND (k <= 5621605))

table 5 : explain SELECT k FROM sbtest5 WHERE k BETWEEN 5621505 AND 5621605
	Index Only Scan using k_5 on sbtest5  (cost=0.43..6.53 rows=105 width=4)
	  Index Cond: ((k >= 5621505) AND (k <= 5621605))

table 6 : explain SELECT k FROM sbtest6 WHERE k BETWEEN 5621505 AND 5621605
	Index Only Scan using k_6 on sbtest6  (cost=0.43..6.51 rows=104 width=4)
	  Index Cond: ((k >= 5621505) AND (k <= 5621605))

table 7 : explain SELECT k FROM sbtest7 WHERE k BETWEEN 5621505 AND 5621605
	Index Only Scan using k_7 on sbtest7  (cost=0.43..6.51 rows=104 width=4)
	  Index Cond: ((k >= 5621505) AND (k <= 5621605))

table 8 : explain SELECT k FROM sbtest8 WHERE k BETWEEN 5621505 AND 5621605
	Index Only Scan using k_8 on sbtest8  (cost=0.43..6.40 rows=98 width=4)
	  Index Cond: ((k >= 5621505) AND (k <= 5621605))

explain: for range-covered :: explain SELECT k FROM sbtest%d WHERE k BETWEEN 5621505 AND 5621605
for range-covered
table 1 : explain SELECT k FROM sbtest1 WHERE k BETWEEN 3508946 AND 3509046
	Index Only Scan using k_1 on sbtest1  (cost=0.43..6.51 rows=104 width=4)
	  Index Cond: ((k >= 3508946) AND (k <= 3509046))

table 2 : explain SELECT k FROM sbtest2 WHERE k BETWEEN 3508946 AND 3509046
	Index Only Scan using k_2 on sbtest2  (cost=0.43..6.35 rows=96 width=4)
	  Index Cond: ((k >= 3508946) AND (k <= 3509046))

table 3 : explain SELECT k FROM sbtest3 WHERE k BETWEEN 3508946 AND 3509046
	Index Only Scan using k_3 on sbtest3  (cost=0.43..6.51 rows=104 width=4)
	  Index Cond: ((k >= 3508946) AND (k <= 3509046))

table 4 : explain SELECT k FROM sbtest4 WHERE k BETWEEN 3508946 AND 3509046
	Index Only Scan using k_4 on sbtest4  (cost=0.43..6.47 rows=102 width=4)
	  Index Cond: ((k >= 3508946) AND (k <= 3509046))

table 5 : explain SELECT k FROM sbtest5 WHERE k BETWEEN 3508946 AND 3509046
	Index Only Scan using k_5 on sbtest5  (cost=0.43..6.43 rows=100 width=4)
	  Index Cond: ((k >= 3508946) AND (k <= 3509046))

table 6 : explain SELECT k FROM sbtest6 WHERE k BETWEEN 3508946 AND 3509046
	Index Only Scan using k_6 on sbtest6  (cost=0.43..6.51 rows=104 width=4)
	  Index Cond: ((k >= 3508946) AND (k <= 3509046))

table 7 : explain SELECT k FROM sbtest7 WHERE k BETWEEN 3508946 AND 3509046
	Index Only Scan using k_7 on sbtest7  (cost=0.43..6.47 rows=102 width=4)
	  Index Cond: ((k >= 3508946) AND (k <= 3509046))

table 8 : explain SELECT k FROM sbtest8 WHERE k BETWEEN 3508946 AND 3509046
	Index Only Scan using k_8 on sbtest8  (cost=0.43..6.59 rows=108 width=4)
	  Index Cond: ((k >= 3508946) AND (k <= 3509046))

explain: for range-covered :: explain SELECT k FROM sbtest%d WHERE k BETWEEN 1281500 AND 1281600
explain: for range-covered :: explain SELECT k FROM sbtest%d WHERE k BETWEEN 3508946 AND 3509046
for range-covered
table 1 : explain SELECT k FROM sbtest1 WHERE k BETWEEN 7051098 AND 7051198
	Index Only Scan using k_1 on sbtest1  (cost=0.43..6.51 rows=104 width=4)
	  Index Cond: ((k >= 7051098) AND (k <= 7051198))

table 2 : explain SELECT k FROM sbtest2 WHERE k BETWEEN 7051098 AND 7051198
	Index Only Scan using k_2 on sbtest2  (cost=0.43..6.51 rows=104 width=4)
	  Index Cond: ((k >= 7051098) AND (k <= 7051198))

table 3 : explain SELECT k FROM sbtest3 WHERE k BETWEEN 7051098 AND 7051198
	Index Only Scan using k_3 on sbtest3  (cost=0.43..6.35 rows=96 width=4)
	  Index Cond: ((k >= 7051098) AND (k <= 7051198))

table 4 : explain SELECT k FROM sbtest4 WHERE k BETWEEN 7051098 AND 7051198
	Index Only Scan using k_4 on sbtest4  (cost=0.43..6.53 rows=105 width=4)
	  Index Cond: ((k >= 7051098) AND (k <= 7051198))

table 5 : explain SELECT k FROM sbtest5 WHERE k BETWEEN 7051098 AND 7051198
	Index Only Scan using k_5 on sbtest5  (cost=0.43..6.43 rows=100 width=4)
	  Index Cond: ((k >= 7051098) AND (k <= 7051198))

table 6 : explain SELECT k FROM sbtest6 WHERE k BETWEEN 7051098 AND 7051198
	Index Only Scan using k_6 on sbtest6  (cost=0.43..6.42 rows=99 width=4)
	  Index Cond: ((k >= 7051098) AND (k <= 7051198))

table 7 : explain SELECT k FROM sbtest7 WHERE k BETWEEN 7051098 AND 7051198
	Index Only Scan using k_7 on sbtest7  (cost=0.43..6.43 rows=100 width=4)
	  Index Cond: ((k >= 7051098) AND (k <= 7051198))

table 8 : explain SELECT k FROM sbtest8 WHERE k BETWEEN 7051098 AND 7051198
	Index Only Scan using k_8 on sbtest8  (cost=0.43..6.56 rows=106 width=4)
	  Index Cond: ((k >= 7051098) AND (k <= 7051198))

explain: for range-covered :: explain SELECT k FROM sbtest%d WHERE k BETWEEN 7051098 AND 7051198
explain: for range-covered :: explain SELECT k FROM sbtest%d WHERE k BETWEEN 4837680 AND 4837780
for range-covered
table 1 : explain SELECT k FROM sbtest1 WHERE k BETWEEN 5578213 AND 5578313
	Index Only Scan using k_1 on sbtest1  (cost=0.43..6.51 rows=104 width=4)
	  Index Cond: ((k >= 5578213) AND (k <= 5578313))

table 2 : explain SELECT k FROM sbtest2 WHERE k BETWEEN 5578213 AND 5578313
	Index Only Scan using k_2 on sbtest2  (cost=0.43..6.43 rows=100 width=4)
	  Index Cond: ((k >= 5578213) AND (k <= 5578313))

table 3 : explain SELECT k FROM sbtest3 WHERE k BETWEEN 5578213 AND 5578313
	Index Only Scan using k_3 on sbtest3  (cost=0.43..6.63 rows=110 width=4)
	  Index Cond: ((k >= 5578213) AND (k <= 5578313))

table 4 : explain SELECT k FROM sbtest4 WHERE k BETWEEN 5578213 AND 5578313
	Index Only Scan using k_4 on sbtest4  (cost=0.43..6.47 rows=102 width=4)
	  Index Cond: ((k >= 5578213) AND (k <= 5578313))

table 5 : explain SELECT k FROM sbtest5 WHERE k BETWEEN 5578213 AND 5578313
	Index Only Scan using k_5 on sbtest5  (cost=0.43..6.75 rows=116 width=4)
	  Index Cond: ((k >= 5578213) AND (k <= 5578313))

table 6 : explain SELECT k FROM sbtest6 WHERE k BETWEEN 5578213 AND 5578313
	Index Only Scan using k_6 on sbtest6  (cost=0.43..6.51 rows=104 width=4)
	  Index Cond: ((k >= 5578213) AND (k <= 5578313))

table 7 : explain SELECT k FROM sbtest7 WHERE k BETWEEN 5578213 AND 5578313
	Index Only Scan using k_7 on sbtest7  (cost=0.43..6.51 rows=104 width=4)
	  Index Cond: ((k >= 5578213) AND (k <= 5578313))

table 8 : explain SELECT k FROM sbtest8 WHERE k BETWEEN 5578213 AND 5578313
	Index Only Scan using k_8 on sbtest8  (cost=0.43..6.40 rows=98 width=4)
	  Index Cond: ((k >= 5578213) AND (k <= 5578313))

explain: for range-covered :: explain SELECT k FROM sbtest%d WHERE k BETWEEN 5578213 AND 5578313
for range-covered
table 1 : explain SELECT k FROM sbtest1 WHERE k BETWEEN 5621505 AND 5621605
	Index Only Scan using k_1 on sbtest1  (cost=0.43..6.43 rows=100 width=4)
	  Index Cond: ((k >= 5621505) AND (k <= 5621605))

table 2 : explain SELECT k FROM sbtest2 WHERE k BETWEEN 5621505 AND 5621605
	Index Only Scan using k_2 on sbtest2  (cost=0.43..6.43 rows=100 width=4)
	  Index Cond: ((k >= 5621505) AND (k <= 5621605))

table 3 : explain SELECT k FROM sbtest3 WHERE k BETWEEN 5621505 AND 5621605
	Index Only Scan using k_3 on sbtest3  (cost=0.43..6.37 rows=97 width=4)
	  Index Cond: ((k >= 5621505) AND (k <= 5621605))

table 4 : explain SELECT k FROM sbtest4 WHERE k BETWEEN 5621505 AND 5621605
	Index Only Scan using k_4 on sbtest4  (cost=0.43..6.47 rows=102 width=4)
	  Index Cond: ((k >= 5621505) AND (k <= 5621605))

table 5 : explain SELECT k FROM sbtest5 WHERE k BETWEEN 5621505 AND 5621605
	Index Only Scan using k_5 on sbtest5  (cost=0.43..6.53 rows=105 width=4)
	  Index Cond: ((k >= 5621505) AND (k <= 5621605))

table 6 : explain SELECT k FROM sbtest6 WHERE k BETWEEN 5621505 AND 5621605
	Index Only Scan using k_6 on sbtest6  (cost=0.43..6.51 rows=104 width=4)
	  Index Cond: ((k >= 5621505) AND (k <= 5621605))

table 7 : explain SELECT k FROM sbtest7 WHERE k BETWEEN 5621505 AND 5621605
	Index Only Scan using k_7 on sbtest7  (cost=0.43..6.51 rows=104 width=4)
	  Index Cond: ((k >= 5621505) AND (k <= 5621605))

table 8 : explain SELECT k FROM sbtest8 WHERE k BETWEEN 5621505 AND 5621605
	Index Only Scan using k_8 on sbtest8  (cost=0.43..6.40 rows=98 width=4)
	  Index Cond: ((k >= 5621505) AND (k <= 5621605))

explain: for range-covered :: explain SELECT k FROM sbtest%d WHERE k BETWEEN 5621505 AND 5621605
for range-covered
table 1 : explain SELECT k FROM sbtest1 WHERE k BETWEEN 7051098 AND 7051198
	Index Only Scan using k_1 on sbtest1  (cost=0.43..6.51 rows=104 width=4)
	  Index Cond: ((k >= 7051098) AND (k <= 7051198))

table 2 : explain SELECT k FROM sbtest2 WHERE k BETWEEN 7051098 AND 7051198
	Index Only Scan using k_2 on sbtest2  (cost=0.43..6.51 rows=104 width=4)
	  Index Cond: ((k >= 7051098) AND (k <= 7051198))

table 3 : explain SELECT k FROM sbtest3 WHERE k BETWEEN 7051098 AND 7051198
	Index Only Scan using k_3 on sbtest3  (cost=0.43..6.35 rows=96 width=4)
	  Index Cond: ((k >= 7051098) AND (k <= 7051198))

table 4 : explain SELECT k FROM sbtest4 WHERE k BETWEEN 7051098 AND 7051198
	Index Only Scan using k_4 on sbtest4  (cost=0.43..6.53 rows=105 width=4)
	  Index Cond: ((k >= 7051098) AND (k <= 7051198))

table 5 : explain SELECT k FROM sbtest5 WHERE k BETWEEN 7051098 AND 7051198
	Index Only Scan using k_5 on sbtest5  (cost=0.43..6.43 rows=100 width=4)
	  Index Cond: ((k >= 7051098) AND (k <= 7051198))

table 6 : explain SELECT k FROM sbtest6 WHERE k BETWEEN 7051098 AND 7051198
	Index Only Scan using k_6 on sbtest6  (cost=0.43..6.42 rows=99 width=4)
	  Index Cond: ((k >= 7051098) AND (k <= 7051198))

table 7 : explain SELECT k FROM sbtest7 WHERE k BETWEEN 7051098 AND 7051198
	Index Only Scan using k_7 on sbtest7  (cost=0.43..6.43 rows=100 width=4)
	  Index Cond: ((k >= 7051098) AND (k <= 7051198))

table 8 : explain SELECT k FROM sbtest8 WHERE k BETWEEN 7051098 AND 7051198
	Index Only Scan using k_8 on sbtest8  (cost=0.43..6.56 rows=106 width=4)
	  Index Cond: ((k >= 7051098) AND (k <= 7051198))

explain: for range-covered :: explain SELECT k FROM sbtest%d WHERE k BETWEEN 7051098 AND 7051198
for range-covered
table 1 : explain SELECT k FROM sbtest1 WHERE k BETWEEN 3941839 AND 3941939
	Index Only Scan using k_1 on sbtest1  (cost=0.43..6.43 rows=100 width=4)
	  Index Cond: ((k >= 3941839) AND (k <= 3941939))

table 2 : explain SELECT k FROM sbtest2 WHERE k BETWEEN 3941839 AND 3941939
	Index Only Scan using k_2 on sbtest2  (cost=0.43..6.33 rows=95 width=4)
	  Index Cond: ((k >= 3941839) AND (k <= 3941939))

table 3 : explain SELECT k FROM sbtest3 WHERE k BETWEEN 3941839 AND 3941939
	Index Only Scan using k_3 on sbtest3  (cost=0.43..6.47 rows=102 width=4)
	  Index Cond: ((k >= 3941839) AND (k <= 3941939))

table 4 : explain SELECT k FROM sbtest4 WHERE k BETWEEN 3941839 AND 3941939
	Index Only Scan using k_4 on sbtest4  (cost=0.43..6.66 rows=111 width=4)
	  Index Cond: ((k >= 3941839) AND (k <= 3941939))

table 5 : explain SELECT k FROM sbtest5 WHERE k BETWEEN 3941839 AND 3941939
	Index Only Scan using k_5 on sbtest5  (cost=0.43..6.63 rows=110 width=4)
	  Index Cond: ((k >= 3941839) AND (k <= 3941939))

table 6 : explain SELECT k FROM sbtest6 WHERE k BETWEEN 3941839 AND 3941939
	Index Only Scan using k_6 on sbtest6  (cost=0.43..6.29 rows=93 width=4)
	  Index Cond: ((k >= 3941839) AND (k <= 3941939))

table 7 : explain SELECT k FROM sbtest7 WHERE k BETWEEN 3941839 AND 3941939
	Index Only Scan using k_7 on sbtest7  (cost=0.43..6.43 rows=100 width=4)
	  Index Cond: ((k >= 3941839) AND (k <= 3941939))

table 8 : explain SELECT k FROM sbtest8 WHERE k BETWEEN 3941839 AND 3941939
	Index Only Scan using k_8 on sbtest8  (cost=0.43..6.33 rows=95 width=4)
	  Index Cond: ((k >= 3941839) AND (k <= 3941939))

for range-covered
table 1 : explain SELECT k FROM sbtest1 WHERE k BETWEEN 4837680 AND 4837780
	Index Only Scan using k_1 on sbtest1  (cost=0.43..6.53 rows=105 width=4)
	  Index Cond: ((k >= 4837680) AND (k <= 4837780))

table 2 : explain SELECT k FROM sbtest2 WHERE k BETWEEN 4837680 AND 4837780
	Index Only Scan using k_2 on sbtest2  (cost=0.43..6.33 rows=95 width=4)
	  Index Cond: ((k >= 4837680) AND (k <= 4837780))

table 3 : explain SELECT k FROM sbtest3 WHERE k BETWEEN 4837680 AND 4837780
	Index Only Scan using k_3 on sbtest3  (cost=0.43..6.35 rows=96 width=4)
	  Index Cond: ((k >= 4837680) AND (k <= 4837780))

table 4 : explain SELECT k FROM sbtest4 WHERE k BETWEEN 4837680 AND 4837780
	Index Only Scan using k_4 on sbtest4  (cost=0.43..6.47 rows=102 width=4)
	  Index Cond: ((k >= 4837680) AND (k <= 4837780))

table 5 : explain SELECT k FROM sbtest5 WHERE k BETWEEN 4837680 AND 4837780
	Index Only Scan using k_5 on sbtest5  (cost=0.43..6.47 rows=102 width=4)
	  Index Cond: ((k >= 4837680) AND (k <= 4837780))

table 6 : explain SELECT k FROM sbtest6 WHERE k BETWEEN 4837680 AND 4837780
	Index Only Scan using k_6 on sbtest6  (cost=0.43..6.45 rows=101 width=4)
	  Index Cond: ((k >= 4837680) AND (k <= 4837780))

table 7 : explain SELECT k FROM sbtest7 WHERE k BETWEEN 4837680 AND 4837780
	Index Only Scan using k_7 on sbtest7  (cost=0.43..6.50 rows=103 width=4)
	  Index Cond: ((k >= 4837680) AND (k <= 4837780))

table 8 : explain SELECT k FROM sbtest8 WHERE k BETWEEN 4837680 AND 4837780
	Index Only Scan using k_8 on sbtest8  (cost=0.43..6.29 rows=93 width=4)
	  Index Cond: ((k >= 4837680) AND (k <= 4837780))

explain: for range-covered :: explain SELECT k FROM sbtest%d WHERE k BETWEEN 3941839 AND 3941939
for range-covered
table 1 : explain SELECT k FROM sbtest1 WHERE k BETWEEN 6705704 AND 6705804
	Index Only Scan using k_1 on sbtest1  (cost=0.43..6.29 rows=93 width=4)
	  Index Cond: ((k >= 6705704) AND (k <= 6705804))

table 2 : explain SELECT k FROM sbtest2 WHERE k BETWEEN 6705704 AND 6705804
	Index Only Scan using k_2 on sbtest2  (cost=0.43..6.63 rows=110 width=4)
	  Index Cond: ((k >= 6705704) AND (k <= 6705804))

table 3 : explain SELECT k FROM sbtest3 WHERE k BETWEEN 6705704 AND 6705804
	Index Only Scan using k_3 on sbtest3  (cost=0.43..6.47 rows=102 width=4)
	  Index Cond: ((k >= 6705704) AND (k <= 6705804))

table 4 : explain SELECT k FROM sbtest4 WHERE k BETWEEN 6705704 AND 6705804
	Index Only Scan using k_4 on sbtest4  (cost=0.43..6.42 rows=99 width=4)
	  Index Cond: ((k >= 6705704) AND (k <= 6705804))

table 5 : explain SELECT k FROM sbtest5 WHERE k BETWEEN 6705704 AND 6705804
	Index Only Scan using k_5 on sbtest5  (cost=0.43..6.40 rows=98 width=4)
	  Index Cond: ((k >= 6705704) AND (k <= 6705804))

table 6 : explain SELECT k FROM sbtest6 WHERE k BETWEEN 6705704 AND 6705804
	Index Only Scan using k_6 on sbtest6  (cost=0.43..6.58 rows=107 width=4)
	  Index Cond: ((k >= 6705704) AND (k <= 6705804))

table 7 : explain SELECT k FROM sbtest7 WHERE k BETWEEN 6705704 AND 6705804
	Index Only Scan using k_7 on sbtest7  (cost=0.43..6.51 rows=104 width=4)
	  Index Cond: ((k >= 6705704) AND (k <= 6705804))

table 8 : explain SELECT k FROM sbtest8 WHERE k BETWEEN 6705704 AND 6705804
	Index Only Scan using k_8 on sbtest8  (cost=0.43..6.32 rows=94 width=4)
	  Index Cond: ((k >= 6705704) AND (k <= 6705804))

for range-covered
table 1 : explain SELECT k FROM sbtest1 WHERE k BETWEEN 5578213 AND 5578313
	Index Only Scan using k_1 on sbtest1  (cost=0.43..6.51 rows=104 width=4)
	  Index Cond: ((k >= 5578213) AND (k <= 5578313))

table 2 : explain SELECT k FROM sbtest2 WHERE k BETWEEN 5578213 AND 5578313
	Index Only Scan using k_2 on sbtest2  (cost=0.43..6.43 rows=100 width=4)
	  Index Cond: ((k >= 5578213) AND (k <= 5578313))

table 3 : explain SELECT k FROM sbtest3 WHERE k BETWEEN 5578213 AND 5578313
	Index Only Scan using k_3 on sbtest3  (cost=0.43..6.63 rows=110 width=4)
	  Index Cond: ((k >= 5578213) AND (k <= 5578313))

table 4 : explain SELECT k FROM sbtest4 WHERE k BETWEEN 5578213 AND 5578313
	Index Only Scan using k_4 on sbtest4  (cost=0.43..6.47 rows=102 width=4)
	  Index Cond: ((k >= 5578213) AND (k <= 5578313))

table 5 : explain SELECT k FROM sbtest5 WHERE k BETWEEN 5578213 AND 5578313
	Index Only Scan using k_5 on sbtest5  (cost=0.43..6.75 rows=116 width=4)
	  Index Cond: ((k >= 5578213) AND (k <= 5578313))

table 6 : explain SELECT k FROM sbtest6 WHERE k BETWEEN 5578213 AND 5578313
	Index Only Scan using k_6 on sbtest6  (cost=0.43..6.51 rows=104 width=4)
	  Index Cond: ((k >= 5578213) AND (k <= 5578313))

table 7 : explain SELECT k FROM sbtest7 WHERE k BETWEEN 5578213 AND 5578313
	Index Only Scan using k_7 on sbtest7  (cost=0.43..6.51 rows=104 width=4)
	  Index Cond: ((k >= 5578213) AND (k <= 5578313))

table 8 : explain SELECT k FROM sbtest8 WHERE k BETWEEN 5578213 AND 5578313
	Index Only Scan using k_8 on sbtest8  (cost=0.43..6.40 rows=98 width=4)
	  Index Cond: ((k >= 5578213) AND (k <= 5578313))

explain: for range-covered :: explain SELECT k FROM sbtest%d WHERE k BETWEEN 6705704 AND 6705804
for range-covered
table 1 : explain SELECT k FROM sbtest1 WHERE k BETWEEN 5621505 AND 5621605
	Index Only Scan using k_1 on sbtest1  (cost=0.43..6.43 rows=100 width=4)
	  Index Cond: ((k >= 5621505) AND (k <= 5621605))

table 2 : explain SELECT k FROM sbtest2 WHERE k BETWEEN 5621505 AND 5621605
	Index Only Scan using k_2 on sbtest2  (cost=0.43..6.43 rows=100 width=4)
	  Index Cond: ((k >= 5621505) AND (k <= 5621605))

table 3 : explain SELECT k FROM sbtest3 WHERE k BETWEEN 5621505 AND 5621605
	Index Only Scan using k_3 on sbtest3  (cost=0.43..6.37 rows=97 width=4)
	  Index Cond: ((k >= 5621505) AND (k <= 5621605))

table 4 : explain SELECT k FROM sbtest4 WHERE k BETWEEN 5621505 AND 5621605
	Index Only Scan using k_4 on sbtest4  (cost=0.43..6.47 rows=102 width=4)
	  Index Cond: ((k >= 5621505) AND (k <= 5621605))

table 5 : explain SELECT k FROM sbtest5 WHERE k BETWEEN 5621505 AND 5621605
	Index Only Scan using k_5 on sbtest5  (cost=0.43..6.53 rows=105 width=4)
	  Index Cond: ((k >= 5621505) AND (k <= 5621605))

table 6 : explain SELECT k FROM sbtest6 WHERE k BETWEEN 5621505 AND 5621605
	Index Only Scan using k_6 on sbtest6  (cost=0.43..6.51 rows=104 width=4)
	  Index Cond: ((k >= 5621505) AND (k <= 5621605))

table 7 : explain SELECT k FROM sbtest7 WHERE k BETWEEN 5621505 AND 5621605
	Index Only Scan using k_7 on sbtest7  (cost=0.43..6.51 rows=104 width=4)
	  Index Cond: ((k >= 5621505) AND (k <= 5621605))

table 8 : explain SELECT k FROM sbtest8 WHERE k BETWEEN 5621505 AND 5621605
	Index Only Scan using k_8 on sbtest8  (cost=0.43..6.40 rows=98 width=4)
	  Index Cond: ((k >= 5621505) AND (k <= 5621605))

explain: for range-covered :: explain SELECT k FROM sbtest%d WHERE k BETWEEN 5578213 AND 5578313
explain: for range-covered :: explain SELECT k FROM sbtest%d WHERE k BETWEEN 4837680 AND 4837780
for range-covered
table 1 : explain SELECT k FROM sbtest1 WHERE k BETWEEN 3508946 AND 3509046
	Index Only Scan using k_1 on sbtest1  (cost=0.43..6.51 rows=104 width=4)
	  Index Cond: ((k >= 3508946) AND (k <= 3509046))

table 2 : explain SELECT k FROM sbtest2 WHERE k BETWEEN 3508946 AND 3509046
	Index Only Scan using k_2 on sbtest2  (cost=0.43..6.35 rows=96 width=4)
	  Index Cond: ((k >= 3508946) AND (k <= 3509046))

table 3 : explain SELECT k FROM sbtest3 WHERE k BETWEEN 3508946 AND 3509046
	Index Only Scan using k_3 on sbtest3  (cost=0.43..6.51 rows=104 width=4)
	  Index Cond: ((k >= 3508946) AND (k <= 3509046))

table 4 : explain SELECT k FROM sbtest4 WHERE k BETWEEN 3508946 AND 3509046
	Index Only Scan using k_4 on sbtest4  (cost=0.43..6.47 rows=102 width=4)
	  Index Cond: ((k >= 3508946) AND (k <= 3509046))

table 5 : explain SELECT k FROM sbtest5 WHERE k BETWEEN 3508946 AND 3509046
	Index Only Scan using k_5 on sbtest5  (cost=0.43..6.43 rows=100 width=4)
	  Index Cond: ((k >= 3508946) AND (k <= 3509046))

table 6 : explain SELECT k FROM sbtest6 WHERE k BETWEEN 3508946 AND 3509046
	Index Only Scan using k_6 on sbtest6  (cost=0.43..6.51 rows=104 width=4)
	  Index Cond: ((k >= 3508946) AND (k <= 3509046))

table 7 : explain SELECT k FROM sbtest7 WHERE k BETWEEN 3508946 AND 3509046
	Index Only Scan using k_7 on sbtest7  (cost=0.43..6.47 rows=102 width=4)
	  Index Cond: ((k >= 3508946) AND (k <= 3509046))

table 8 : explain SELECT k FROM sbtest8 WHERE k BETWEEN 3508946 AND 3509046
	Index Only Scan using k_8 on sbtest8  (cost=0.43..6.59 rows=108 width=4)
	  Index Cond: ((k >= 3508946) AND (k <= 3509046))

explain: for range-covered :: explain SELECT k FROM sbtest%d WHERE k BETWEEN 3508946 AND 3509046
for range-covered
table 1 : explain SELECT k FROM sbtest1 WHERE k BETWEEN 7051098 AND 7051198
	Index Only Scan using k_1 on sbtest1  (cost=0.43..6.51 rows=104 width=4)
	  Index Cond: ((k >= 7051098) AND (k <= 7051198))

table 2 : explain SELECT k FROM sbtest2 WHERE k BETWEEN 7051098 AND 7051198
	Index Only Scan using k_2 on sbtest2  (cost=0.43..6.51 rows=104 width=4)
	  Index Cond: ((k >= 7051098) AND (k <= 7051198))

table 3 : explain SELECT k FROM sbtest3 WHERE k BETWEEN 7051098 AND 7051198
	Index Only Scan using k_3 on sbtest3  (cost=0.43..6.35 rows=96 width=4)
	  Index Cond: ((k >= 7051098) AND (k <= 7051198))

table 4 : explain SELECT k FROM sbtest4 WHERE k BETWEEN 7051098 AND 7051198
	Index Only Scan using k_4 on sbtest4  (cost=0.43..6.53 rows=105 width=4)
	  Index Cond: ((k >= 7051098) AND (k <= 7051198))

table 5 : explain SELECT k FROM sbtest5 WHERE k BETWEEN 7051098 AND 7051198
	Index Only Scan using k_5 on sbtest5  (cost=0.43..6.43 rows=100 width=4)
	  Index Cond: ((k >= 7051098) AND (k <= 7051198))

table 6 : explain SELECT k FROM sbtest6 WHERE k BETWEEN 7051098 AND 7051198
	Index Only Scan using k_6 on sbtest6  (cost=0.43..6.42 rows=99 width=4)
	  Index Cond: ((k >= 7051098) AND (k <= 7051198))

table 7 : explain SELECT k FROM sbtest7 WHERE k BETWEEN 7051098 AND 7051198
	Index Only Scan using k_7 on sbtest7  (cost=0.43..6.43 rows=100 width=4)
	  Index Cond: ((k >= 7051098) AND (k <= 7051198))

table 8 : explain SELECT k FROM sbtest8 WHERE k BETWEEN 7051098 AND 7051198
	Index Only Scan using k_8 on sbtest8  (cost=0.43..6.56 rows=106 width=4)
	  Index Cond: ((k >= 7051098) AND (k <= 7051198))

explain: for range-covered :: explain SELECT k FROM sbtest%d WHERE k BETWEEN 7051098 AND 7051198
for range-covered
table 1 : explain SELECT k FROM sbtest1 WHERE k BETWEEN 3941839 AND 3941939
	Index Only Scan using k_1 on sbtest1  (cost=0.43..6.43 rows=100 width=4)
	  Index Cond: ((k >= 3941839) AND (k <= 3941939))

table 2 : explain SELECT k FROM sbtest2 WHERE k BETWEEN 3941839 AND 3941939
	Index Only Scan using k_2 on sbtest2  (cost=0.43..6.33 rows=95 width=4)
	  Index Cond: ((k >= 3941839) AND (k <= 3941939))

table 3 : explain SELECT k FROM sbtest3 WHERE k BETWEEN 3941839 AND 3941939
	Index Only Scan using k_3 on sbtest3  (cost=0.43..6.47 rows=102 width=4)
	  Index Cond: ((k >= 3941839) AND (k <= 3941939))

table 4 : explain SELECT k FROM sbtest4 WHERE k BETWEEN 3941839 AND 3941939
	Index Only Scan using k_4 on sbtest4  (cost=0.43..6.66 rows=111 width=4)
	  Index Cond: ((k >= 3941839) AND (k <= 3941939))

table 5 : explain SELECT k FROM sbtest5 WHERE k BETWEEN 3941839 AND 3941939
	Index Only Scan using k_5 on sbtest5  (cost=0.43..6.63 rows=110 width=4)
	  Index Cond: ((k >= 3941839) AND (k <= 3941939))

table 6 : explain SELECT k FROM sbtest6 WHERE k BETWEEN 3941839 AND 3941939
	Index Only Scan using k_6 on sbtest6  (cost=0.43..6.29 rows=93 width=4)
	  Index Cond: ((k >= 3941839) AND (k <= 3941939))

table 7 : explain SELECT k FROM sbtest7 WHERE k BETWEEN 3941839 AND 3941939
	Index Only Scan using k_7 on sbtest7  (cost=0.43..6.43 rows=100 width=4)
	  Index Cond: ((k >= 3941839) AND (k <= 3941939))

table 8 : explain SELECT k FROM sbtest8 WHERE k BETWEEN 3941839 AND 3941939
	Index Only Scan using k_8 on sbtest8  (cost=0.43..6.33 rows=95 width=4)
	  Index Cond: ((k >= 3941839) AND (k <= 3941939))

explain: for range-covered :: explain SELECT k FROM sbtest%d WHERE k BETWEEN 3941839 AND 3941939
for range-covered
table 1 : explain SELECT k FROM sbtest1 WHERE k BETWEEN 4837680 AND 4837780
	Index Only Scan using k_1 on sbtest1  (cost=0.43..6.53 rows=105 width=4)
	  Index Cond: ((k >= 4837680) AND (k <= 4837780))

table 2 : explain SELECT k FROM sbtest2 WHERE k BETWEEN 4837680 AND 4837780
	Index Only Scan using k_2 on sbtest2  (cost=0.43..6.33 rows=95 width=4)
	  Index Cond: ((k >= 4837680) AND (k <= 4837780))

table 3 : explain SELECT k FROM sbtest3 WHERE k BETWEEN 4837680 AND 4837780
	Index Only Scan using k_3 on sbtest3  (cost=0.43..6.35 rows=96 width=4)
	  Index Cond: ((k >= 4837680) AND (k <= 4837780))

table 4 : explain SELECT k FROM sbtest4 WHERE k BETWEEN 4837680 AND 4837780
	Index Only Scan using k_4 on sbtest4  (cost=0.43..6.47 rows=102 width=4)
	  Index Cond: ((k >= 4837680) AND (k <= 4837780))

table 5 : explain SELECT k FROM sbtest5 WHERE k BETWEEN 4837680 AND 4837780
	Index Only Scan using k_5 on sbtest5  (cost=0.43..6.47 rows=102 width=4)
	  Index Cond: ((k >= 4837680) AND (k <= 4837780))

table 6 : explain SELECT k FROM sbtest6 WHERE k BETWEEN 4837680 AND 4837780
	Index Only Scan using k_6 on sbtest6  (cost=0.43..6.45 rows=101 width=4)
	  Index Cond: ((k >= 4837680) AND (k <= 4837780))

table 7 : explain SELECT k FROM sbtest7 WHERE k BETWEEN 4837680 AND 4837780
	Index Only Scan using k_7 on sbtest7  (cost=0.43..6.50 rows=103 width=4)
	  Index Cond: ((k >= 4837680) AND (k <= 4837780))

table 8 : explain SELECT k FROM sbtest8 WHERE k BETWEEN 4837680 AND 4837780
	Index Only Scan using k_8 on sbtest8  (cost=0.43..6.29 rows=93 width=4)
	  Index Cond: ((k >= 4837680) AND (k <= 4837780))

for range-covered
table 1 : explain SELECT k FROM sbtest1 WHERE k BETWEEN 7051098 AND 7051198
	Index Only Scan using k_1 on sbtest1  (cost=0.43..6.51 rows=104 width=4)
	  Index Cond: ((k >= 7051098) AND (k <= 7051198))

table 2 : explain SELECT k FROM sbtest2 WHERE k BETWEEN 7051098 AND 7051198
	Index Only Scan using k_2 on sbtest2  (cost=0.43..6.51 rows=104 width=4)
	  Index Cond: ((k >= 7051098) AND (k <= 7051198))

table 3 : explain SELECT k FROM sbtest3 WHERE k BETWEEN 7051098 AND 7051198
	Index Only Scan using k_3 on sbtest3  (cost=0.43..6.35 rows=96 width=4)
	  Index Cond: ((k >= 7051098) AND (k <= 7051198))

table 4 : explain SELECT k FROM sbtest4 WHERE k BETWEEN 7051098 AND 7051198
	Index Only Scan using k_4 on sbtest4  (cost=0.43..6.53 rows=105 width=4)
	  Index Cond: ((k >= 7051098) AND (k <= 7051198))

table 5 : explain SELECT k FROM sbtest5 WHERE k BETWEEN 7051098 AND 7051198
	Index Only Scan using k_5 on sbtest5  (cost=0.43..6.43 rows=100 width=4)
	  Index Cond: ((k >= 7051098) AND (k <= 7051198))

table 6 : explain SELECT k FROM sbtest6 WHERE k BETWEEN 7051098 AND 7051198
	Index Only Scan using k_6 on sbtest6  (cost=0.43..6.42 rows=99 width=4)
	  Index Cond: ((k >= 7051098) AND (k <= 7051198))

table 7 : explain SELECT k FROM sbtest7 WHERE k BETWEEN 7051098 AND 7051198
	Index Only Scan using k_7 on sbtest7  (cost=0.43..6.43 rows=100 width=4)
	  Index Cond: ((k >= 7051098) AND (k <= 7051198))

table 8 : explain SELECT k FROM sbtest8 WHERE k BETWEEN 7051098 AND 7051198
	Index Only Scan using k_8 on sbtest8  (cost=0.43..6.56 rows=106 width=4)
	  Index Cond: ((k >= 7051098) AND (k <= 7051198))

explain: for range-covered :: explain SELECT k FROM sbtest%d WHERE k BETWEEN 7051098 AND 7051198
for range-covered
table 1 : explain SELECT k FROM sbtest1 WHERE k BETWEEN 3941839 AND 3941939
	Index Only Scan using k_1 on sbtest1  (cost=0.43..6.43 rows=100 width=4)
	  Index Cond: ((k >= 3941839) AND (k <= 3941939))

table 2 : explain SELECT k FROM sbtest2 WHERE k BETWEEN 3941839 AND 3941939
	Index Only Scan using k_2 on sbtest2  (cost=0.43..6.33 rows=95 width=4)
	  Index Cond: ((k >= 3941839) AND (k <= 3941939))

table 3 : explain SELECT k FROM sbtest3 WHERE k BETWEEN 3941839 AND 3941939
	Index Only Scan using k_3 on sbtest3  (cost=0.43..6.47 rows=102 width=4)
	  Index Cond: ((k >= 3941839) AND (k <= 3941939))

table 4 : explain SELECT k FROM sbtest4 WHERE k BETWEEN 3941839 AND 3941939
	Index Only Scan using k_4 on sbtest4  (cost=0.43..6.66 rows=111 width=4)
	  Index Cond: ((k >= 3941839) AND (k <= 3941939))

table 5 : explain SELECT k FROM sbtest5 WHERE k BETWEEN 3941839 AND 3941939
	Index Only Scan using k_5 on sbtest5  (cost=0.43..6.63 rows=110 width=4)
	  Index Cond: ((k >= 3941839) AND (k <= 3941939))

table 6 : explain SELECT k FROM sbtest6 WHERE k BETWEEN 3941839 AND 3941939
	Index Only Scan using k_6 on sbtest6  (cost=0.43..6.29 rows=93 width=4)
	  Index Cond: ((k >= 3941839) AND (k <= 3941939))

table 7 : explain SELECT k FROM sbtest7 WHERE k BETWEEN 3941839 AND 3941939
	Index Only Scan using k_7 on sbtest7  (cost=0.43..6.43 rows=100 width=4)
	  Index Cond: ((k >= 3941839) AND (k <= 3941939))

table 8 : explain SELECT k FROM sbtest8 WHERE k BETWEEN 3941839 AND 3941939
	Index Only Scan using k_8 on sbtest8  (cost=0.43..6.33 rows=95 width=4)
	  Index Cond: ((k >= 3941839) AND (k <= 3941939))

explain: for range-covered :: explain SELECT k FROM sbtest%d WHERE k BETWEEN 3941839 AND 3941939
for range-covered
table 1 : explain SELECT k FROM sbtest1 WHERE k BETWEEN 1281500 AND 1281600
	Index Only Scan using k_1 on sbtest1  (cost=0.43..6.33 rows=95 width=4)
	  Index Cond: ((k >= 1281500) AND (k <= 1281600))

table 2 : explain SELECT k FROM sbtest2 WHERE k BETWEEN 1281500 AND 1281600
	Index Only Scan using k_2 on sbtest2  (cost=0.43..6.37 rows=97 width=4)
	  Index Cond: ((k >= 1281500) AND (k <= 1281600))

table 3 : explain SELECT k FROM sbtest3 WHERE k BETWEEN 1281500 AND 1281600
	Index Only Scan using k_3 on sbtest3  (cost=0.43..6.50 rows=103 width=4)
	  Index Cond: ((k >= 1281500) AND (k <= 1281600))

table 4 : explain SELECT k FROM sbtest4 WHERE k BETWEEN 1281500 AND 1281600
	Index Only Scan using k_4 on sbtest4  (cost=0.43..6.40 rows=98 width=4)
	  Index Cond: ((k >= 1281500) AND (k <= 1281600))

table 5 : explain SELECT k FROM sbtest5 WHERE k BETWEEN 1281500 AND 1281600
	Index Only Scan using k_5 on sbtest5  (cost=0.43..6.42 rows=99 width=4)
	  Index Cond: ((k >= 1281500) AND (k <= 1281600))

table 6 : explain SELECT k FROM sbtest6 WHERE k BETWEEN 1281500 AND 1281600
	Index Only Scan using k_6 on sbtest6  (cost=0.43..6.47 rows=102 width=4)
	  Index Cond: ((k >= 1281500) AND (k <= 1281600))

table 7 : explain SELECT k FROM sbtest7 WHERE k BETWEEN 1281500 AND 1281600
	Index Only Scan using k_7 on sbtest7  (cost=0.43..6.43 rows=100 width=4)
	  Index Cond: ((k >= 1281500) AND (k <= 1281600))

table 8 : explain SELECT k FROM sbtest8 WHERE k BETWEEN 1281500 AND 1281600
	Index Only Scan using k_8 on sbtest8  (cost=0.43..6.35 rows=96 width=4)
	  Index Cond: ((k >= 1281500) AND (k <= 1281600))

for range-covered
table 1 : explain SELECT k FROM sbtest1 WHERE k BETWEEN 6705704 AND 6705804
	Index Only Scan using k_1 on sbtest1  (cost=0.43..6.29 rows=93 width=4)
	  Index Cond: ((k >= 6705704) AND (k <= 6705804))

table 2 : explain SELECT k FROM sbtest2 WHERE k BETWEEN 6705704 AND 6705804
	Index Only Scan using k_2 on sbtest2  (cost=0.43..6.63 rows=110 width=4)
	  Index Cond: ((k >= 6705704) AND (k <= 6705804))

table 3 : explain SELECT k FROM sbtest3 WHERE k BETWEEN 6705704 AND 6705804
	Index Only Scan using k_3 on sbtest3  (cost=0.43..6.47 rows=102 width=4)
	  Index Cond: ((k >= 6705704) AND (k <= 6705804))

table 4 : explain SELECT k FROM sbtest4 WHERE k BETWEEN 6705704 AND 6705804
	Index Only Scan using k_4 on sbtest4  (cost=0.43..6.42 rows=99 width=4)
	  Index Cond: ((k >= 6705704) AND (k <= 6705804))

table 5 : explain SELECT k FROM sbtest5 WHERE k BETWEEN 6705704 AND 6705804
	Index Only Scan using k_5 on sbtest5  (cost=0.43..6.40 rows=98 width=4)
	  Index Cond: ((k >= 6705704) AND (k <= 6705804))

table 6 : explain SELECT k FROM sbtest6 WHERE k BETWEEN 6705704 AND 6705804
	Index Only Scan using k_6 on sbtest6  (cost=0.43..6.58 rows=107 width=4)
	  Index Cond: ((k >= 6705704) AND (k <= 6705804))

table 7 : explain SELECT k FROM sbtest7 WHERE k BETWEEN 6705704 AND 6705804
	Index Only Scan using k_7 on sbtest7  (cost=0.43..6.51 rows=104 width=4)
	  Index Cond: ((k >= 6705704) AND (k <= 6705804))

table 8 : explain SELECT k FROM sbtest8 WHERE k BETWEEN 6705704 AND 6705804
	Index Only Scan using k_8 on sbtest8  (cost=0.43..6.32 rows=94 width=4)
	  Index Cond: ((k >= 6705704) AND (k <= 6705804))

explain: for range-covered :: explain SELECT k FROM sbtest%d WHERE k BETWEEN 1281500 AND 1281600
for range-covered
table 1 : explain SELECT k FROM sbtest1 WHERE k BETWEEN 5578213 AND 5578313
	Index Only Scan using k_1 on sbtest1  (cost=0.43..6.51 rows=104 width=4)
	  Index Cond: ((k >= 5578213) AND (k <= 5578313))

table 2 : explain SELECT k FROM sbtest2 WHERE k BETWEEN 5578213 AND 5578313
	Index Only Scan using k_2 on sbtest2  (cost=0.43..6.43 rows=100 width=4)
	  Index Cond: ((k >= 5578213) AND (k <= 5578313))

table 3 : explain SELECT k FROM sbtest3 WHERE k BETWEEN 5578213 AND 5578313
	Index Only Scan using k_3 on sbtest3  (cost=0.43..6.63 rows=110 width=4)
	  Index Cond: ((k >= 5578213) AND (k <= 5578313))

table 4 : explain SELECT k FROM sbtest4 WHERE k BETWEEN 5578213 AND 5578313
	Index Only Scan using k_4 on sbtest4  (cost=0.43..6.47 rows=102 width=4)
	  Index Cond: ((k >= 5578213) AND (k <= 5578313))

table 5 : explain SELECT k FROM sbtest5 WHERE k BETWEEN 5578213 AND 5578313
	Index Only Scan using k_5 on sbtest5  (cost=0.43..6.75 rows=116 width=4)
	  Index Cond: ((k >= 5578213) AND (k <= 5578313))

table 6 : explain SELECT k FROM sbtest6 WHERE k BETWEEN 5578213 AND 5578313
	Index Only Scan using k_6 on sbtest6  (cost=0.43..6.51 rows=104 width=4)
	  Index Cond: ((k >= 5578213) AND (k <= 5578313))

table 7 : explain SELECT k FROM sbtest7 WHERE k BETWEEN 5578213 AND 5578313
	Index Only Scan using k_7 on sbtest7  (cost=0.43..6.51 rows=104 width=4)
	  Index Cond: ((k >= 5578213) AND (k <= 5578313))

table 8 : explain SELECT k FROM sbtest8 WHERE k BETWEEN 5578213 AND 5578313
	Index Only Scan using k_8 on sbtest8  (cost=0.43..6.40 rows=98 width=4)
	  Index Cond: ((k >= 5578213) AND (k <= 5578313))

explain: for range-covered :: explain SELECT k FROM sbtest%d WHERE k BETWEEN 4837680 AND 4837780
explain: for range-covered :: explain SELECT k FROM sbtest%d WHERE k BETWEEN 5578213 AND 5578313
explain: for range-covered :: explain SELECT k FROM sbtest%d WHERE k BETWEEN 6705704 AND 6705804
for range-covered
table 1 : explain SELECT k FROM sbtest1 WHERE k BETWEEN 3508946 AND 3509046
	Index Only Scan using k_1 on sbtest1  (cost=0.43..6.51 rows=104 width=4)
	  Index Cond: ((k >= 3508946) AND (k <= 3509046))

table 2 : explain SELECT k FROM sbtest2 WHERE k BETWEEN 3508946 AND 3509046
	Index Only Scan using k_2 on sbtest2  (cost=0.43..6.35 rows=96 width=4)
	  Index Cond: ((k >= 3508946) AND (k <= 3509046))

table 3 : explain SELECT k FROM sbtest3 WHERE k BETWEEN 3508946 AND 3509046
	Index Only Scan using k_3 on sbtest3  (cost=0.43..6.51 rows=104 width=4)
	  Index Cond: ((k >= 3508946) AND (k <= 3509046))

table 4 : explain SELECT k FROM sbtest4 WHERE k BETWEEN 3508946 AND 3509046
	Index Only Scan using k_4 on sbtest4  (cost=0.43..6.47 rows=102 width=4)
	  Index Cond: ((k >= 3508946) AND (k <= 3509046))

table 5 : explain SELECT k FROM sbtest5 WHERE k BETWEEN 3508946 AND 3509046
	Index Only Scan using k_5 on sbtest5  (cost=0.43..6.43 rows=100 width=4)
	  Index Cond: ((k >= 3508946) AND (k <= 3509046))

table 6 : explain SELECT k FROM sbtest6 WHERE k BETWEEN 3508946 AND 3509046
	Index Only Scan using k_6 on sbtest6  (cost=0.43..6.51 rows=104 width=4)
	  Index Cond: ((k >= 3508946) AND (k <= 3509046))

table 7 : explain SELECT k FROM sbtest7 WHERE k BETWEEN 3508946 AND 3509046
	Index Only Scan using k_7 on sbtest7  (cost=0.43..6.47 rows=102 width=4)
	  Index Cond: ((k >= 3508946) AND (k <= 3509046))

table 8 : explain SELECT k FROM sbtest8 WHERE k BETWEEN 3508946 AND 3509046
	Index Only Scan using k_8 on sbtest8  (cost=0.43..6.59 rows=108 width=4)
	  Index Cond: ((k >= 3508946) AND (k <= 3509046))

explain: for range-covered :: explain SELECT k FROM sbtest%d WHERE k BETWEEN 3508946 AND 3509046
for range-covered
table 1 : explain SELECT k FROM sbtest1 WHERE k BETWEEN 7051098 AND 7051198
	Index Only Scan using k_1 on sbtest1  (cost=0.43..6.51 rows=104 width=4)
	  Index Cond: ((k >= 7051098) AND (k <= 7051198))

table 2 : explain SELECT k FROM sbtest2 WHERE k BETWEEN 7051098 AND 7051198
	Index Only Scan using k_2 on sbtest2  (cost=0.43..6.51 rows=104 width=4)
	  Index Cond: ((k >= 7051098) AND (k <= 7051198))

table 3 : explain SELECT k FROM sbtest3 WHERE k BETWEEN 7051098 AND 7051198
	Index Only Scan using k_3 on sbtest3  (cost=0.43..6.35 rows=96 width=4)
	  Index Cond: ((k >= 7051098) AND (k <= 7051198))

table 4 : explain SELECT k FROM sbtest4 WHERE k BETWEEN 7051098 AND 7051198
	Index Only Scan using k_4 on sbtest4  (cost=0.43..6.53 rows=105 width=4)
	  Index Cond: ((k >= 7051098) AND (k <= 7051198))

table 5 : explain SELECT k FROM sbtest5 WHERE k BETWEEN 7051098 AND 7051198
	Index Only Scan using k_5 on sbtest5  (cost=0.43..6.43 rows=100 width=4)
	  Index Cond: ((k >= 7051098) AND (k <= 7051198))

table 6 : explain SELECT k FROM sbtest6 WHERE k BETWEEN 7051098 AND 7051198
	Index Only Scan using k_6 on sbtest6  (cost=0.43..6.42 rows=99 width=4)
	  Index Cond: ((k >= 7051098) AND (k <= 7051198))

table 7 : explain SELECT k FROM sbtest7 WHERE k BETWEEN 7051098 AND 7051198
	Index Only Scan using k_7 on sbtest7  (cost=0.43..6.43 rows=100 width=4)
	  Index Cond: ((k >= 7051098) AND (k <= 7051198))

table 8 : explain SELECT k FROM sbtest8 WHERE k BETWEEN 7051098 AND 7051198
	Index Only Scan using k_8 on sbtest8  (cost=0.43..6.56 rows=106 width=4)
	  Index Cond: ((k >= 7051098) AND (k <= 7051198))

explain: for range-covered :: explain SELECT k FROM sbtest%d WHERE k BETWEEN 7051098 AND 7051198
for range-covered
table 1 : explain SELECT k FROM sbtest1 WHERE k BETWEEN 3941839 AND 3941939
	Index Only Scan using k_1 on sbtest1  (cost=0.43..6.43 rows=100 width=4)
	  Index Cond: ((k >= 3941839) AND (k <= 3941939))

table 2 : explain SELECT k FROM sbtest2 WHERE k BETWEEN 3941839 AND 3941939
	Index Only Scan using k_2 on sbtest2  (cost=0.43..6.33 rows=95 width=4)
	  Index Cond: ((k >= 3941839) AND (k <= 3941939))

table 3 : explain SELECT k FROM sbtest3 WHERE k BETWEEN 3941839 AND 3941939
	Index Only Scan using k_3 on sbtest3  (cost=0.43..6.47 rows=102 width=4)
	  Index Cond: ((k >= 3941839) AND (k <= 3941939))

table 4 : explain SELECT k FROM sbtest4 WHERE k BETWEEN 3941839 AND 3941939
	Index Only Scan using k_4 on sbtest4  (cost=0.43..6.66 rows=111 width=4)
	  Index Cond: ((k >= 3941839) AND (k <= 3941939))

table 5 : explain SELECT k FROM sbtest5 WHERE k BETWEEN 3941839 AND 3941939
	Index Only Scan using k_5 on sbtest5  (cost=0.43..6.63 rows=110 width=4)
	  Index Cond: ((k >= 3941839) AND (k <= 3941939))

table 6 : explain SELECT k FROM sbtest6 WHERE k BETWEEN 3941839 AND 3941939
	Index Only Scan using k_6 on sbtest6  (cost=0.43..6.29 rows=93 width=4)
	  Index Cond: ((k >= 3941839) AND (k <= 3941939))

table 7 : explain SELECT k FROM sbtest7 WHERE k BETWEEN 3941839 AND 3941939
	Index Only Scan using k_7 on sbtest7  (cost=0.43..6.43 rows=100 width=4)
	  Index Cond: ((k >= 3941839) AND (k <= 3941939))

table 8 : explain SELECT k FROM sbtest8 WHERE k BETWEEN 3941839 AND 3941939
	Index Only Scan using k_8 on sbtest8  (cost=0.43..6.33 rows=95 width=4)
	  Index Cond: ((k >= 3941839) AND (k <= 3941939))

explain: for range-covered :: explain SELECT k FROM sbtest%d WHERE k BETWEEN 3941839 AND 3941939
for range-covered
table 1 : explain SELECT k FROM sbtest1 WHERE k BETWEEN 1281500 AND 1281600
	Index Only Scan using k_1 on sbtest1  (cost=0.43..6.33 rows=95 width=4)
	  Index Cond: ((k >= 1281500) AND (k <= 1281600))

table 2 : explain SELECT k FROM sbtest2 WHERE k BETWEEN 1281500 AND 1281600
	Index Only Scan using k_2 on sbtest2  (cost=0.43..6.37 rows=97 width=4)
	  Index Cond: ((k >= 1281500) AND (k <= 1281600))

table 3 : explain SELECT k FROM sbtest3 WHERE k BETWEEN 1281500 AND 1281600
	Index Only Scan using k_3 on sbtest3  (cost=0.43..6.50 rows=103 width=4)
	  Index Cond: ((k >= 1281500) AND (k <= 1281600))

table 4 : explain SELECT k FROM sbtest4 WHERE k BETWEEN 1281500 AND 1281600
	Index Only Scan using k_4 on sbtest4  (cost=0.43..6.40 rows=98 width=4)
	  Index Cond: ((k >= 1281500) AND (k <= 1281600))

table 5 : explain SELECT k FROM sbtest5 WHERE k BETWEEN 1281500 AND 1281600
	Index Only Scan using k_5 on sbtest5  (cost=0.43..6.42 rows=99 width=4)
	  Index Cond: ((k >= 1281500) AND (k <= 1281600))

table 6 : explain SELECT k FROM sbtest6 WHERE k BETWEEN 1281500 AND 1281600
	Index Only Scan using k_6 on sbtest6  (cost=0.43..6.47 rows=102 width=4)
	  Index Cond: ((k >= 1281500) AND (k <= 1281600))

table 7 : explain SELECT k FROM sbtest7 WHERE k BETWEEN 1281500 AND 1281600
	Index Only Scan using k_7 on sbtest7  (cost=0.43..6.43 rows=100 width=4)
	  Index Cond: ((k >= 1281500) AND (k <= 1281600))

table 8 : explain SELECT k FROM sbtest8 WHERE k BETWEEN 1281500 AND 1281600
	Index Only Scan using k_8 on sbtest8  (cost=0.43..6.35 rows=96 width=4)
	  Index Cond: ((k >= 1281500) AND (k <= 1281600))

explain: for range-covered :: explain SELECT k FROM sbtest%d WHERE k BETWEEN 1281500 AND 1281600
for range-covered
table 1 : explain SELECT k FROM sbtest1 WHERE k BETWEEN 7051098 AND 7051198
	Index Only Scan using k_1 on sbtest1  (cost=0.43..6.51 rows=104 width=4)
	  Index Cond: ((k >= 7051098) AND (k <= 7051198))

table 2 : explain SELECT k FROM sbtest2 WHERE k BETWEEN 7051098 AND 7051198
	Index Only Scan using k_2 on sbtest2  (cost=0.43..6.51 rows=104 width=4)
	  Index Cond: ((k >= 7051098) AND (k <= 7051198))

table 3 : explain SELECT k FROM sbtest3 WHERE k BETWEEN 7051098 AND 7051198
	Index Only Scan using k_3 on sbtest3  (cost=0.43..6.35 rows=96 width=4)
	  Index Cond: ((k >= 7051098) AND (k <= 7051198))

table 4 : explain SELECT k FROM sbtest4 WHERE k BETWEEN 7051098 AND 7051198
	Index Only Scan using k_4 on sbtest4  (cost=0.43..6.53 rows=105 width=4)
	  Index Cond: ((k >= 7051098) AND (k <= 7051198))

table 5 : explain SELECT k FROM sbtest5 WHERE k BETWEEN 7051098 AND 7051198
	Index Only Scan using k_5 on sbtest5  (cost=0.43..6.43 rows=100 width=4)
	  Index Cond: ((k >= 7051098) AND (k <= 7051198))

table 6 : explain SELECT k FROM sbtest6 WHERE k BETWEEN 7051098 AND 7051198
	Index Only Scan using k_6 on sbtest6  (cost=0.43..6.42 rows=99 width=4)
	  Index Cond: ((k >= 7051098) AND (k <= 7051198))

table 7 : explain SELECT k FROM sbtest7 WHERE k BETWEEN 7051098 AND 7051198
	Index Only Scan using k_7 on sbtest7  (cost=0.43..6.43 rows=100 width=4)
	  Index Cond: ((k >= 7051098) AND (k <= 7051198))

table 8 : explain SELECT k FROM sbtest8 WHERE k BETWEEN 7051098 AND 7051198
	Index Only Scan using k_8 on sbtest8  (cost=0.43..6.56 rows=106 width=4)
	  Index Cond: ((k >= 7051098) AND (k <= 7051198))

for range-covered
table 1 : explain SELECT k FROM sbtest1 WHERE k BETWEEN 4837680 AND 4837780
	Index Only Scan using k_1 on sbtest1  (cost=0.43..6.53 rows=105 width=4)
	  Index Cond: ((k >= 4837680) AND (k <= 4837780))

table 2 : explain SELECT k FROM sbtest2 WHERE k BETWEEN 4837680 AND 4837780
	Index Only Scan using k_2 on sbtest2  (cost=0.43..6.33 rows=95 width=4)
	  Index Cond: ((k >= 4837680) AND (k <= 4837780))

table 3 : explain SELECT k FROM sbtest3 WHERE k BETWEEN 4837680 AND 4837780
	Index Only Scan using k_3 on sbtest3  (cost=0.43..6.35 rows=96 width=4)
	  Index Cond: ((k >= 4837680) AND (k <= 4837780))

table 4 : explain SELECT k FROM sbtest4 WHERE k BETWEEN 4837680 AND 4837780
	Index Only Scan using k_4 on sbtest4  (cost=0.43..6.47 rows=102 width=4)
	  Index Cond: ((k >= 4837680) AND (k <= 4837780))

table 5 : explain SELECT k FROM sbtest5 WHERE k BETWEEN 4837680 AND 4837780
	Index Only Scan using k_5 on sbtest5  (cost=0.43..6.47 rows=102 width=4)
	  Index Cond: ((k >= 4837680) AND (k <= 4837780))

table 6 : explain SELECT k FROM sbtest6 WHERE k BETWEEN 4837680 AND 4837780
	Index Only Scan using k_6 on sbtest6  (cost=0.43..6.45 rows=101 width=4)
	  Index Cond: ((k >= 4837680) AND (k <= 4837780))

table 7 : explain SELECT k FROM sbtest7 WHERE k BETWEEN 4837680 AND 4837780
	Index Only Scan using k_7 on sbtest7  (cost=0.43..6.50 rows=103 width=4)
	  Index Cond: ((k >= 4837680) AND (k <= 4837780))

table 8 : explain SELECT k FROM sbtest8 WHERE k BETWEEN 4837680 AND 4837780
	Index Only Scan using k_8 on sbtest8  (cost=0.43..6.29 rows=93 width=4)
	  Index Cond: ((k >= 4837680) AND (k <= 4837780))

for range-covered
table 1 : explain SELECT k FROM sbtest1 WHERE k BETWEEN 3941839 AND 3941939
	Index Only Scan using k_1 on sbtest1  (cost=0.43..6.43 rows=100 width=4)
	  Index Cond: ((k >= 3941839) AND (k <= 3941939))

table 2 : explain SELECT k FROM sbtest2 WHERE k BETWEEN 3941839 AND 3941939
	Index Only Scan using k_2 on sbtest2  (cost=0.43..6.33 rows=95 width=4)
	  Index Cond: ((k >= 3941839) AND (k <= 3941939))

table 3 : explain SELECT k FROM sbtest3 WHERE k BETWEEN 3941839 AND 3941939
	Index Only Scan using k_3 on sbtest3  (cost=0.43..6.47 rows=102 width=4)
	  Index Cond: ((k >= 3941839) AND (k <= 3941939))

table 4 : explain SELECT k FROM sbtest4 WHERE k BETWEEN 3941839 AND 3941939
	Index Only Scan using k_4 on sbtest4  (cost=0.43..6.66 rows=111 width=4)
	  Index Cond: ((k >= 3941839) AND (k <= 3941939))

table 5 : explain SELECT k FROM sbtest5 WHERE k BETWEEN 3941839 AND 3941939
	Index Only Scan using k_5 on sbtest5  (cost=0.43..6.63 rows=110 width=4)
	  Index Cond: ((k >= 3941839) AND (k <= 3941939))

table 6 : explain SELECT k FROM sbtest6 WHERE k BETWEEN 3941839 AND 3941939
	Index Only Scan using k_6 on sbtest6  (cost=0.43..6.29 rows=93 width=4)
	  Index Cond: ((k >= 3941839) AND (k <= 3941939))

table 7 : explain SELECT k FROM sbtest7 WHERE k BETWEEN 3941839 AND 3941939
	Index Only Scan using k_7 on sbtest7  (cost=0.43..6.43 rows=100 width=4)
	  Index Cond: ((k >= 3941839) AND (k <= 3941939))

table 8 : explain SELECT k FROM sbtest8 WHERE k BETWEEN 3941839 AND 3941939
	Index Only Scan using k_8 on sbtest8  (cost=0.43..6.33 rows=95 width=4)
	  Index Cond: ((k >= 3941839) AND (k <= 3941939))

explain: for range-covered :: explain SELECT k FROM sbtest%d WHERE k BETWEEN 4837680 AND 4837780
explain: for range-covered :: explain SELECT k FROM sbtest%d WHERE k BETWEEN 3941839 AND 3941939
for range-covered
table 1 : explain SELECT k FROM sbtest1 WHERE k BETWEEN 5578213 AND 5578313
	Index Only Scan using k_1 on sbtest1  (cost=0.43..6.51 rows=104 width=4)
	  Index Cond: ((k >= 5578213) AND (k <= 5578313))

table 2 : explain SELECT k FROM sbtest2 WHERE k BETWEEN 5578213 AND 5578313
	Index Only Scan using k_2 on sbtest2  (cost=0.43..6.43 rows=100 width=4)
	  Index Cond: ((k >= 5578213) AND (k <= 5578313))

table 3 : explain SELECT k FROM sbtest3 WHERE k BETWEEN 5578213 AND 5578313
	Index Only Scan using k_3 on sbtest3  (cost=0.43..6.63 rows=110 width=4)
	  Index Cond: ((k >= 5578213) AND (k <= 5578313))

table 4 : explain SELECT k FROM sbtest4 WHERE k BETWEEN 5578213 AND 5578313
	Index Only Scan using k_4 on sbtest4  (cost=0.43..6.47 rows=102 width=4)
	  Index Cond: ((k >= 5578213) AND (k <= 5578313))

table 5 : explain SELECT k FROM sbtest5 WHERE k BETWEEN 5578213 AND 5578313
	Index Only Scan using k_5 on sbtest5  (cost=0.43..6.75 rows=116 width=4)
	  Index Cond: ((k >= 5578213) AND (k <= 5578313))

table 6 : explain SELECT k FROM sbtest6 WHERE k BETWEEN 5578213 AND 5578313
	Index Only Scan using k_6 on sbtest6  (cost=0.43..6.51 rows=104 width=4)
	  Index Cond: ((k >= 5578213) AND (k <= 5578313))

table 7 : explain SELECT k FROM sbtest7 WHERE k BETWEEN 5578213 AND 5578313
	Index Only Scan using k_7 on sbtest7  (cost=0.43..6.51 rows=104 width=4)
	  Index Cond: ((k >= 5578213) AND (k <= 5578313))

table 8 : explain SELECT k FROM sbtest8 WHERE k BETWEEN 5578213 AND 5578313
	Index Only Scan using k_8 on sbtest8  (cost=0.43..6.40 rows=98 width=4)
	  Index Cond: ((k >= 5578213) AND (k <= 5578313))

for range-covered
table 1 : explain SELECT k FROM sbtest1 WHERE k BETWEEN 1281500 AND 1281600
	Index Only Scan using k_1 on sbtest1  (cost=0.43..6.33 rows=95 width=4)
	  Index Cond: ((k >= 1281500) AND (k <= 1281600))

table 2 : explain SELECT k FROM sbtest2 WHERE k BETWEEN 1281500 AND 1281600
	Index Only Scan using k_2 on sbtest2  (cost=0.43..6.37 rows=97 width=4)
	  Index Cond: ((k >= 1281500) AND (k <= 1281600))

table 3 : explain SELECT k FROM sbtest3 WHERE k BETWEEN 1281500 AND 1281600
	Index Only Scan using k_3 on sbtest3  (cost=0.43..6.50 rows=103 width=4)
	  Index Cond: ((k >= 1281500) AND (k <= 1281600))

table 4 : explain SELECT k FROM sbtest4 WHERE k BETWEEN 1281500 AND 1281600
	Index Only Scan using k_4 on sbtest4  (cost=0.43..6.40 rows=98 width=4)
	  Index Cond: ((k >= 1281500) AND (k <= 1281600))

table 5 : explain SELECT k FROM sbtest5 WHERE k BETWEEN 1281500 AND 1281600
	Index Only Scan using k_5 on sbtest5  (cost=0.43..6.42 rows=99 width=4)
	  Index Cond: ((k >= 1281500) AND (k <= 1281600))

table 6 : explain SELECT k FROM sbtest6 WHERE k BETWEEN 1281500 AND 1281600
	Index Only Scan using k_6 on sbtest6  (cost=0.43..6.47 rows=102 width=4)
	  Index Cond: ((k >= 1281500) AND (k <= 1281600))

table 7 : explain SELECT k FROM sbtest7 WHERE k BETWEEN 1281500 AND 1281600
	Index Only Scan using k_7 on sbtest7  (cost=0.43..6.43 rows=100 width=4)
	  Index Cond: ((k >= 1281500) AND (k <= 1281600))

table 8 : explain SELECT k FROM sbtest8 WHERE k BETWEEN 1281500 AND 1281600
	Index Only Scan using k_8 on sbtest8  (cost=0.43..6.35 rows=96 width=4)
	  Index Cond: ((k >= 1281500) AND (k <= 1281600))

for range-covered
table 1 : explain SELECT k FROM sbtest1 WHERE k BETWEEN 6705704 AND 6705804
	Index Only Scan using k_1 on sbtest1  (cost=0.43..6.29 rows=93 width=4)
	  Index Cond: ((k >= 6705704) AND (k <= 6705804))

table 2 : explain SELECT k FROM sbtest2 WHERE k BETWEEN 6705704 AND 6705804
	Index Only Scan using k_2 on sbtest2  (cost=0.43..6.63 rows=110 width=4)
	  Index Cond: ((k >= 6705704) AND (k <= 6705804))

table 3 : explain SELECT k FROM sbtest3 WHERE k BETWEEN 6705704 AND 6705804
	Index Only Scan using k_3 on sbtest3  (cost=0.43..6.47 rows=102 width=4)
	  Index Cond: ((k >= 6705704) AND (k <= 6705804))

table 4 : explain SELECT k FROM sbtest4 WHERE k BETWEEN 6705704 AND 6705804
	Index Only Scan using k_4 on sbtest4  (cost=0.43..6.42 rows=99 width=4)
	  Index Cond: ((k >= 6705704) AND (k <= 6705804))

table 5 : explain SELECT k FROM sbtest5 WHERE k BETWEEN 6705704 AND 6705804
	Index Only Scan using k_5 on sbtest5  (cost=0.43..6.40 rows=98 width=4)
	  Index Cond: ((k >= 6705704) AND (k <= 6705804))

table 6 : explain SELECT k FROM sbtest6 WHERE k BETWEEN 6705704 AND 6705804
	Index Only Scan using k_6 on sbtest6  (cost=0.43..6.58 rows=107 width=4)
	  Index Cond: ((k >= 6705704) AND (k <= 6705804))

table 7 : explain SELECT k FROM sbtest7 WHERE k BETWEEN 6705704 AND 6705804
	Index Only Scan using k_7 on sbtest7  (cost=0.43..6.51 rows=104 width=4)
	  Index Cond: ((k >= 6705704) AND (k <= 6705804))

table 8 : explain SELECT k FROM sbtest8 WHERE k BETWEEN 6705704 AND 6705804
	Index Only Scan using k_8 on sbtest8  (cost=0.43..6.32 rows=94 width=4)
	  Index Cond: ((k >= 6705704) AND (k <= 6705804))

explain: for range-covered :: explain SELECT k FROM sbtest%d WHERE k BETWEEN 1281500 AND 1281600
explain: for range-covered :: explain SELECT k FROM sbtest%d WHERE k BETWEEN 6705704 AND 6705804
for range-covered
table 1 : explain SELECT k FROM sbtest1 WHERE k BETWEEN 3508946 AND 3509046
	Index Only Scan using k_1 on sbtest1  (cost=0.43..6.51 rows=104 width=4)
	  Index Cond: ((k >= 3508946) AND (k <= 3509046))

table 2 : explain SELECT k FROM sbtest2 WHERE k BETWEEN 3508946 AND 3509046
	Index Only Scan using k_2 on sbtest2  (cost=0.43..6.35 rows=96 width=4)
	  Index Cond: ((k >= 3508946) AND (k <= 3509046))

table 3 : explain SELECT k FROM sbtest3 WHERE k BETWEEN 3508946 AND 3509046
	Index Only Scan using k_3 on sbtest3  (cost=0.43..6.51 rows=104 width=4)
	  Index Cond: ((k >= 3508946) AND (k <= 3509046))

table 4 : explain SELECT k FROM sbtest4 WHERE k BETWEEN 3508946 AND 3509046
	Index Only Scan using k_4 on sbtest4  (cost=0.43..6.47 rows=102 width=4)
	  Index Cond: ((k >= 3508946) AND (k <= 3509046))

table 5 : explain SELECT k FROM sbtest5 WHERE k BETWEEN 3508946 AND 3509046
	Index Only Scan using k_5 on sbtest5  (cost=0.43..6.43 rows=100 width=4)
	  Index Cond: ((k >= 3508946) AND (k <= 3509046))

table 6 : explain SELECT k FROM sbtest6 WHERE k BETWEEN 3508946 AND 3509046
	Index Only Scan using k_6 on sbtest6  (cost=0.43..6.51 rows=104 width=4)
	  Index Cond: ((k >= 3508946) AND (k <= 3509046))

table 7 : explain SELECT k FROM sbtest7 WHERE k BETWEEN 3508946 AND 3509046
	Index Only Scan using k_7 on sbtest7  (cost=0.43..6.47 rows=102 width=4)
	  Index Cond: ((k >= 3508946) AND (k <= 3509046))

table 8 : explain SELECT k FROM sbtest8 WHERE k BETWEEN 3508946 AND 3509046
	Index Only Scan using k_8 on sbtest8  (cost=0.43..6.59 rows=108 width=4)
	  Index Cond: ((k >= 3508946) AND (k <= 3509046))

explain: for range-covered :: explain SELECT k FROM sbtest%d WHERE k BETWEEN 3508946 AND 3509046
for range-covered
table 1 : explain SELECT k FROM sbtest1 WHERE k BETWEEN 3941839 AND 3941939
	Index Only Scan using k_1 on sbtest1  (cost=0.43..6.43 rows=100 width=4)
	  Index Cond: ((k >= 3941839) AND (k <= 3941939))

table 2 : explain SELECT k FROM sbtest2 WHERE k BETWEEN 3941839 AND 3941939
	Index Only Scan using k_2 on sbtest2  (cost=0.43..6.33 rows=95 width=4)
	  Index Cond: ((k >= 3941839) AND (k <= 3941939))

table 3 : explain SELECT k FROM sbtest3 WHERE k BETWEEN 3941839 AND 3941939
	Index Only Scan using k_3 on sbtest3  (cost=0.43..6.47 rows=102 width=4)
	  Index Cond: ((k >= 3941839) AND (k <= 3941939))

table 4 : explain SELECT k FROM sbtest4 WHERE k BETWEEN 3941839 AND 3941939
	Index Only Scan using k_4 on sbtest4  (cost=0.43..6.66 rows=111 width=4)
	  Index Cond: ((k >= 3941839) AND (k <= 3941939))

table 5 : explain SELECT k FROM sbtest5 WHERE k BETWEEN 3941839 AND 3941939
	Index Only Scan using k_5 on sbtest5  (cost=0.43..6.63 rows=110 width=4)
	  Index Cond: ((k >= 3941839) AND (k <= 3941939))

table 6 : explain SELECT k FROM sbtest6 WHERE k BETWEEN 3941839 AND 3941939
	Index Only Scan using k_6 on sbtest6  (cost=0.43..6.29 rows=93 width=4)
	  Index Cond: ((k >= 3941839) AND (k <= 3941939))

table 7 : explain SELECT k FROM sbtest7 WHERE k BETWEEN 3941839 AND 3941939
	Index Only Scan using k_7 on sbtest7  (cost=0.43..6.43 rows=100 width=4)
	  Index Cond: ((k >= 3941839) AND (k <= 3941939))

table 8 : explain SELECT k FROM sbtest8 WHERE k BETWEEN 3941839 AND 3941939
	Index Only Scan using k_8 on sbtest8  (cost=0.43..6.33 rows=95 width=4)
	  Index Cond: ((k >= 3941839) AND (k <= 3941939))

explain: for range-covered :: explain SELECT k FROM sbtest%d WHERE k BETWEEN 3941839 AND 3941939
explain: for range-covered :: explain SELECT k FROM sbtest%d WHERE k BETWEEN 5722346 AND 5722446
for range-covered
table 1 : explain SELECT k FROM sbtest1 WHERE k BETWEEN 1281500 AND 1281600
	Index Only Scan using k_1 on sbtest1  (cost=0.43..6.33 rows=95 width=4)
	  Index Cond: ((k >= 1281500) AND (k <= 1281600))

table 2 : explain SELECT k FROM sbtest2 WHERE k BETWEEN 1281500 AND 1281600
	Index Only Scan using k_2 on sbtest2  (cost=0.43..6.37 rows=97 width=4)
	  Index Cond: ((k >= 1281500) AND (k <= 1281600))

table 3 : explain SELECT k FROM sbtest3 WHERE k BETWEEN 1281500 AND 1281600
	Index Only Scan using k_3 on sbtest3  (cost=0.43..6.50 rows=103 width=4)
	  Index Cond: ((k >= 1281500) AND (k <= 1281600))

table 4 : explain SELECT k FROM sbtest4 WHERE k BETWEEN 1281500 AND 1281600
	Index Only Scan using k_4 on sbtest4  (cost=0.43..6.40 rows=98 width=4)
	  Index Cond: ((k >= 1281500) AND (k <= 1281600))

table 5 : explain SELECT k FROM sbtest5 WHERE k BETWEEN 1281500 AND 1281600
	Index Only Scan using k_5 on sbtest5  (cost=0.43..6.42 rows=99 width=4)
	  Index Cond: ((k >= 1281500) AND (k <= 1281600))

table 6 : explain SELECT k FROM sbtest6 WHERE k BETWEEN 1281500 AND 1281600
	Index Only Scan using k_6 on sbtest6  (cost=0.43..6.47 rows=102 width=4)
	  Index Cond: ((k >= 1281500) AND (k <= 1281600))

table 7 : explain SELECT k FROM sbtest7 WHERE k BETWEEN 1281500 AND 1281600
	Index Only Scan using k_7 on sbtest7  (cost=0.43..6.43 rows=100 width=4)
	  Index Cond: ((k >= 1281500) AND (k <= 1281600))

table 8 : explain SELECT k FROM sbtest8 WHERE k BETWEEN 1281500 AND 1281600
	Index Only Scan using k_8 on sbtest8  (cost=0.43..6.35 rows=96 width=4)
	  Index Cond: ((k >= 1281500) AND (k <= 1281600))

explain: for range-covered :: explain SELECT k FROM sbtest%d WHERE k BETWEEN 1281500 AND 1281600
for range-covered
table 1 : explain SELECT k FROM sbtest1 WHERE k BETWEEN 4524531 AND 4524631
	Index Only Scan using k_1 on sbtest1  (cost=0.43..6.42 rows=99 width=4)
	  Index Cond: ((k >= 4524531) AND (k <= 4524631))

table 2 : explain SELECT k FROM sbtest2 WHERE k BETWEEN 4524531 AND 4524631
	Index Only Scan using k_2 on sbtest2  (cost=0.43..6.40 rows=98 width=4)
	  Index Cond: ((k >= 4524531) AND (k <= 4524631))

table 3 : explain SELECT k FROM sbtest3 WHERE k BETWEEN 4524531 AND 4524631
	Index Only Scan using k_3 on sbtest3  (cost=0.43..6.61 rows=109 width=4)
	  Index Cond: ((k >= 4524531) AND (k <= 4524631))

table 4 : explain SELECT k FROM sbtest4 WHERE k BETWEEN 4524531 AND 4524631
	Index Only Scan using k_4 on sbtest4  (cost=0.43..6.56 rows=106 width=4)
	  Index Cond: ((k >= 4524531) AND (k <= 4524631))

table 5 : explain SELECT k FROM sbtest5 WHERE k BETWEEN 4524531 AND 4524631
	Index Only Scan using k_5 on sbtest5  (cost=0.43..6.53 rows=105 width=4)
	  Index Cond: ((k >= 4524531) AND (k <= 4524631))

table 6 : explain SELECT k FROM sbtest6 WHERE k BETWEEN 4524531 AND 4524631
	Index Only Scan using k_6 on sbtest6  (cost=0.43..6.53 rows=105 width=4)
	  Index Cond: ((k >= 4524531) AND (k <= 4524631))

table 7 : explain SELECT k FROM sbtest7 WHERE k BETWEEN 4524531 AND 4524631
	Index Only Scan using k_7 on sbtest7  (cost=0.43..6.69 rows=113 width=4)
	  Index Cond: ((k >= 4524531) AND (k <= 4524631))

table 8 : explain SELECT k FROM sbtest8 WHERE k BETWEEN 4524531 AND 4524631
	Index Only Scan using k_8 on sbtest8  (cost=0.43..6.33 rows=95 width=4)
	  Index Cond: ((k >= 4524531) AND (k <= 4524631))

for range-covered
table 1 : explain SELECT k FROM sbtest1 WHERE k BETWEEN 4837680 AND 4837780
	Index Only Scan using k_1 on sbtest1  (cost=0.43..6.53 rows=105 width=4)
	  Index Cond: ((k >= 4837680) AND (k <= 4837780))

table 2 : explain SELECT k FROM sbtest2 WHERE k BETWEEN 4837680 AND 4837780
	Index Only Scan using k_2 on sbtest2  (cost=0.43..6.33 rows=95 width=4)
	  Index Cond: ((k >= 4837680) AND (k <= 4837780))

table 3 : explain SELECT k FROM sbtest3 WHERE k BETWEEN 4837680 AND 4837780
	Index Only Scan using k_3 on sbtest3  (cost=0.43..6.35 rows=96 width=4)
	  Index Cond: ((k >= 4837680) AND (k <= 4837780))

table 4 : explain SELECT k FROM sbtest4 WHERE k BETWEEN 4837680 AND 4837780
	Index Only Scan using k_4 on sbtest4  (cost=0.43..6.47 rows=102 width=4)
	  Index Cond: ((k >= 4837680) AND (k <= 4837780))

table 5 : explain SELECT k FROM sbtest5 WHERE k BETWEEN 4837680 AND 4837780
	Index Only Scan using k_5 on sbtest5  (cost=0.43..6.47 rows=102 width=4)
	  Index Cond: ((k >= 4837680) AND (k <= 4837780))

table 6 : explain SELECT k FROM sbtest6 WHERE k BETWEEN 4837680 AND 4837780
	Index Only Scan using k_6 on sbtest6  (cost=0.43..6.45 rows=101 width=4)
	  Index Cond: ((k >= 4837680) AND (k <= 4837780))

table 7 : explain SELECT k FROM sbtest7 WHERE k BETWEEN 4837680 AND 4837780
	Index Only Scan using k_7 on sbtest7  (cost=0.43..6.50 rows=103 width=4)
	  Index Cond: ((k >= 4837680) AND (k <= 4837780))

table 8 : explain SELECT k FROM sbtest8 WHERE k BETWEEN 4837680 AND 4837780
	Index Only Scan using k_8 on sbtest8  (cost=0.43..6.29 rows=93 width=4)
	  Index Cond: ((k >= 4837680) AND (k <= 4837780))

for range-covered
table 1 : explain SELECT k FROM sbtest1 WHERE k BETWEEN 1523784 AND 1523884
	Index Only Scan using k_1 on sbtest1  (cost=0.43..6.42 rows=99 width=4)
	  Index Cond: ((k >= 1523784) AND (k <= 1523884))

table 2 : explain SELECT k FROM sbtest2 WHERE k BETWEEN 1523784 AND 1523884
	Index Only Scan using k_2 on sbtest2  (cost=0.43..6.43 rows=100 width=4)
	  Index Cond: ((k >= 1523784) AND (k <= 1523884))

table 3 : explain SELECT k FROM sbtest3 WHERE k BETWEEN 1523784 AND 1523884
	Index Only Scan using k_3 on sbtest3  (cost=0.43..6.72 rows=114 width=4)
	  Index Cond: ((k >= 1523784) AND (k <= 1523884))

table 4 : explain SELECT k FROM sbtest4 WHERE k BETWEEN 1523784 AND 1523884
	Index Only Scan using k_4 on sbtest4  (cost=0.43..6.45 rows=101 width=4)
	  Index Cond: ((k >= 1523784) AND (k <= 1523884))

table 5 : explain SELECT k FROM sbtest5 WHERE k BETWEEN 1523784 AND 1523884
	Index Only Scan using k_5 on sbtest5  (cost=0.43..6.45 rows=101 width=4)
	  Index Cond: ((k >= 1523784) AND (k <= 1523884))

table 6 : explain SELECT k FROM sbtest6 WHERE k BETWEEN 1523784 AND 1523884
	Index Only Scan using k_6 on sbtest6  (cost=0.43..6.45 rows=101 width=4)
	  Index Cond: ((k >= 1523784) AND (k <= 1523884))

table 7 : explain SELECT k FROM sbtest7 WHERE k BETWEEN 1523784 AND 1523884
	Index Only Scan using k_7 on sbtest7  (cost=0.43..6.37 rows=97 width=4)
	  Index Cond: ((k >= 1523784) AND (k <= 1523884))

table 8 : explain SELECT k FROM sbtest8 WHERE k BETWEEN 1523784 AND 1523884
	Index Only Scan using k_8 on sbtest8  (cost=0.43..6.37 rows=97 width=4)
	  Index Cond: ((k >= 1523784) AND (k <= 1523884))

explain: for range-covered :: explain SELECT k FROM sbtest%d WHERE k BETWEEN 4837680 AND 4837780
explain: for range-covered :: explain SELECT k FROM sbtest%d WHERE k BETWEEN 4083324 AND 4083424explain: for range-covered :: explain SELECT k FROM sbtest%d WHERE k BETWEEN 4524531 AND 4524631explain: for range-covered :: explain SELECT k FROM sbtest%d WHERE k BETWEEN 1523784 AND 1523884


for range-covered
table 1 : explain SELECT k FROM sbtest1 WHERE k BETWEEN 3941839 AND 3941939
	Index Only Scan using k_1 on sbtest1  (cost=0.43..6.43 rows=100 width=4)
	  Index Cond: ((k >= 3941839) AND (k <= 3941939))

table 2 : explain SELECT k FROM sbtest2 WHERE k BETWEEN 3941839 AND 3941939
	Index Only Scan using k_2 on sbtest2  (cost=0.43..6.33 rows=95 width=4)
	  Index Cond: ((k >= 3941839) AND (k <= 3941939))

table 3 : explain SELECT k FROM sbtest3 WHERE k BETWEEN 3941839 AND 3941939
	Index Only Scan using k_3 on sbtest3  (cost=0.43..6.47 rows=102 width=4)
	  Index Cond: ((k >= 3941839) AND (k <= 3941939))

table 4 : explain SELECT k FROM sbtest4 WHERE k BETWEEN 3941839 AND 3941939
	Index Only Scan using k_4 on sbtest4  (cost=0.43..6.66 rows=111 width=4)
	  Index Cond: ((k >= 3941839) AND (k <= 3941939))

table 5 : explain SELECT k FROM sbtest5 WHERE k BETWEEN 3941839 AND 3941939
	Index Only Scan using k_5 on sbtest5  (cost=0.43..6.63 rows=110 width=4)
	  Index Cond: ((k >= 3941839) AND (k <= 3941939))

table 6 : explain SELECT k FROM sbtest6 WHERE k BETWEEN 3941839 AND 3941939
	Index Only Scan using k_6 on sbtest6  (cost=0.43..6.29 rows=93 width=4)
	  Index Cond: ((k >= 3941839) AND (k <= 3941939))

table 7 : explain SELECT k FROM sbtest7 WHERE k BETWEEN 3941839 AND 3941939
	Index Only Scan using k_7 on sbtest7  (cost=0.43..6.43 rows=100 width=4)
	  Index Cond: ((k >= 3941839) AND (k <= 3941939))

table 8 : explain SELECT k FROM sbtest8 WHERE k BETWEEN 3941839 AND 3941939
	Index Only Scan using k_8 on sbtest8  (cost=0.43..6.33 rows=95 width=4)
	  Index Cond: ((k >= 3941839) AND (k <= 3941939))

explain: for range-covered :: explain SELECT k FROM sbtest%d WHERE k BETWEEN 3941839 AND 3941939
for range-covered
table 1 : explain SELECT k FROM sbtest1 WHERE k BETWEEN 1281500 AND 1281600
	Index Only Scan using k_1 on sbtest1  (cost=0.43..6.33 rows=95 width=4)
	  Index Cond: ((k >= 1281500) AND (k <= 1281600))

table 2 : explain SELECT k FROM sbtest2 WHERE k BETWEEN 1281500 AND 1281600
	Index Only Scan using k_2 on sbtest2  (cost=0.43..6.37 rows=97 width=4)
	  Index Cond: ((k >= 1281500) AND (k <= 1281600))

table 3 : explain SELECT k FROM sbtest3 WHERE k BETWEEN 1281500 AND 1281600
	Index Only Scan using k_3 on sbtest3  (cost=0.43..6.50 rows=103 width=4)
	  Index Cond: ((k >= 1281500) AND (k <= 1281600))

table 4 : explain SELECT k FROM sbtest4 WHERE k BETWEEN 1281500 AND 1281600
	Index Only Scan using k_4 on sbtest4  (cost=0.43..6.40 rows=98 width=4)
	  Index Cond: ((k >= 1281500) AND (k <= 1281600))

table 5 : explain SELECT k FROM sbtest5 WHERE k BETWEEN 1281500 AND 1281600
	Index Only Scan using k_5 on sbtest5  (cost=0.43..6.42 rows=99 width=4)
	  Index Cond: ((k >= 1281500) AND (k <= 1281600))

table 6 : explain SELECT k FROM sbtest6 WHERE k BETWEEN 1281500 AND 1281600
	Index Only Scan using k_6 on sbtest6  (cost=0.43..6.47 rows=102 width=4)
	  Index Cond: ((k >= 1281500) AND (k <= 1281600))

table 7 : explain SELECT k FROM sbtest7 WHERE k BETWEEN 1281500 AND 1281600
	Index Only Scan using k_7 on sbtest7  (cost=0.43..6.43 rows=100 width=4)
	  Index Cond: ((k >= 1281500) AND (k <= 1281600))

table 8 : explain SELECT k FROM sbtest8 WHERE k BETWEEN 1281500 AND 1281600
	Index Only Scan using k_8 on sbtest8  (cost=0.43..6.35 rows=96 width=4)
	  Index Cond: ((k >= 1281500) AND (k <= 1281600))

for range-covered
table 1 : explain SELECT k FROM sbtest1 WHERE k BETWEEN 6705704 AND 6705804
	Index Only Scan using k_1 on sbtest1  (cost=0.43..6.29 rows=93 width=4)
	  Index Cond: ((k >= 6705704) AND (k <= 6705804))

table 2 : explain SELECT k FROM sbtest2 WHERE k BETWEEN 6705704 AND 6705804
	Index Only Scan using k_2 on sbtest2  (cost=0.43..6.63 rows=110 width=4)
	  Index Cond: ((k >= 6705704) AND (k <= 6705804))

table 3 : explain SELECT k FROM sbtest3 WHERE k BETWEEN 6705704 AND 6705804
	Index Only Scan using k_3 on sbtest3  (cost=0.43..6.47 rows=102 width=4)
	  Index Cond: ((k >= 6705704) AND (k <= 6705804))

table 4 : explain SELECT k FROM sbtest4 WHERE k BETWEEN 6705704 AND 6705804
	Index Only Scan using k_4 on sbtest4  (cost=0.43..6.42 rows=99 width=4)
	  Index Cond: ((k >= 6705704) AND (k <= 6705804))

table 5 : explain SELECT k FROM sbtest5 WHERE k BETWEEN 6705704 AND 6705804
	Index Only Scan using k_5 on sbtest5  (cost=0.43..6.40 rows=98 width=4)
	  Index Cond: ((k >= 6705704) AND (k <= 6705804))

table 6 : explain SELECT k FROM sbtest6 WHERE k BETWEEN 6705704 AND 6705804
	Index Only Scan using k_6 on sbtest6  (cost=0.43..6.58 rows=107 width=4)
	  Index Cond: ((k >= 6705704) AND (k <= 6705804))

table 7 : explain SELECT k FROM sbtest7 WHERE k BETWEEN 6705704 AND 6705804
	Index Only Scan using k_7 on sbtest7  (cost=0.43..6.51 rows=104 width=4)
	  Index Cond: ((k >= 6705704) AND (k <= 6705804))

table 8 : explain SELECT k FROM sbtest8 WHERE k BETWEEN 6705704 AND 6705804
	Index Only Scan using k_8 on sbtest8  (cost=0.43..6.32 rows=94 width=4)
	  Index Cond: ((k >= 6705704) AND (k <= 6705804))

explain: for range-covered :: explain SELECT k FROM sbtest%d WHERE k BETWEEN 1281500 AND 1281600
explain: for range-covered :: explain SELECT k FROM sbtest%d WHERE k BETWEEN 6705704 AND 6705804
for range-covered
table 1 : explain SELECT k FROM sbtest1 WHERE k BETWEEN 3508946 AND 3509046
	Index Only Scan using k_1 on sbtest1  (cost=0.43..6.51 rows=104 width=4)
	  Index Cond: ((k >= 3508946) AND (k <= 3509046))

table 2 : explain SELECT k FROM sbtest2 WHERE k BETWEEN 3508946 AND 3509046
	Index Only Scan using k_2 on sbtest2  (cost=0.43..6.35 rows=96 width=4)
	  Index Cond: ((k >= 3508946) AND (k <= 3509046))

table 3 : explain SELECT k FROM sbtest3 WHERE k BETWEEN 3508946 AND 3509046
	Index Only Scan using k_3 on sbtest3  (cost=0.43..6.51 rows=104 width=4)
	  Index Cond: ((k >= 3508946) AND (k <= 3509046))

table 4 : explain SELECT k FROM sbtest4 WHERE k BETWEEN 3508946 AND 3509046
	Index Only Scan using k_4 on sbtest4  (cost=0.43..6.47 rows=102 width=4)
	  Index Cond: ((k >= 3508946) AND (k <= 3509046))

table 5 : explain SELECT k FROM sbtest5 WHERE k BETWEEN 3508946 AND 3509046
	Index Only Scan using k_5 on sbtest5  (cost=0.43..6.43 rows=100 width=4)
	  Index Cond: ((k >= 3508946) AND (k <= 3509046))

table 6 : explain SELECT k FROM sbtest6 WHERE k BETWEEN 3508946 AND 3509046
	Index Only Scan using k_6 on sbtest6  (cost=0.43..6.51 rows=104 width=4)
	  Index Cond: ((k >= 3508946) AND (k <= 3509046))

table 7 : explain SELECT k FROM sbtest7 WHERE k BETWEEN 3508946 AND 3509046
	Index Only Scan using k_7 on sbtest7  (cost=0.43..6.47 rows=102 width=4)
	  Index Cond: ((k >= 3508946) AND (k <= 3509046))

table 8 : explain SELECT k FROM sbtest8 WHERE k BETWEEN 3508946 AND 3509046
	Index Only Scan using k_8 on sbtest8  (cost=0.43..6.59 rows=108 width=4)
	  Index Cond: ((k >= 3508946) AND (k <= 3509046))

explain: for range-covered :: explain SELECT k FROM sbtest%d WHERE k BETWEEN 3508946 AND 3509046
for range-covered
table 1 : explain SELECT k FROM sbtest1 WHERE k BETWEEN 1523784 AND 1523884
	Index Only Scan using k_1 on sbtest1  (cost=0.43..6.42 rows=99 width=4)
	  Index Cond: ((k >= 1523784) AND (k <= 1523884))

table 2 : explain SELECT k FROM sbtest2 WHERE k BETWEEN 1523784 AND 1523884
	Index Only Scan using k_2 on sbtest2  (cost=0.43..6.43 rows=100 width=4)
	  Index Cond: ((k >= 1523784) AND (k <= 1523884))

table 3 : explain SELECT k FROM sbtest3 WHERE k BETWEEN 1523784 AND 1523884
	Index Only Scan using k_3 on sbtest3  (cost=0.43..6.72 rows=114 width=4)
	  Index Cond: ((k >= 1523784) AND (k <= 1523884))

table 4 : explain SELECT k FROM sbtest4 WHERE k BETWEEN 1523784 AND 1523884
	Index Only Scan using k_4 on sbtest4  (cost=0.43..6.45 rows=101 width=4)
	  Index Cond: ((k >= 1523784) AND (k <= 1523884))

table 5 : explain SELECT k FROM sbtest5 WHERE k BETWEEN 1523784 AND 1523884
	Index Only Scan using k_5 on sbtest5  (cost=0.43..6.45 rows=101 width=4)
	  Index Cond: ((k >= 1523784) AND (k <= 1523884))

table 6 : explain SELECT k FROM sbtest6 WHERE k BETWEEN 1523784 AND 1523884
	Index Only Scan using k_6 on sbtest6  (cost=0.43..6.45 rows=101 width=4)
	  Index Cond: ((k >= 1523784) AND (k <= 1523884))

table 7 : explain SELECT k FROM sbtest7 WHERE k BETWEEN 1523784 AND 1523884
	Index Only Scan using k_7 on sbtest7  (cost=0.43..6.37 rows=97 width=4)
	  Index Cond: ((k >= 1523784) AND (k <= 1523884))

table 8 : explain SELECT k FROM sbtest8 WHERE k BETWEEN 1523784 AND 1523884
	Index Only Scan using k_8 on sbtest8  (cost=0.43..6.37 rows=97 width=4)
	  Index Cond: ((k >= 1523784) AND (k <= 1523884))

for range-covered
table 1 : explain SELECT k FROM sbtest1 WHERE k BETWEEN 3941839 AND 3941939
	Index Only Scan using k_1 on sbtest1  (cost=0.43..6.43 rows=100 width=4)
	  Index Cond: ((k >= 3941839) AND (k <= 3941939))

table 2 : explain SELECT k FROM sbtest2 WHERE k BETWEEN 3941839 AND 3941939
	Index Only Scan using k_2 on sbtest2  (cost=0.43..6.33 rows=95 width=4)
	  Index Cond: ((k >= 3941839) AND (k <= 3941939))

table 3 : explain SELECT k FROM sbtest3 WHERE k BETWEEN 3941839 AND 3941939
	Index Only Scan using k_3 on sbtest3  (cost=0.43..6.47 rows=102 width=4)
	  Index Cond: ((k >= 3941839) AND (k <= 3941939))

table 4 : explain SELECT k FROM sbtest4 WHERE k BETWEEN 3941839 AND 3941939
	Index Only Scan using k_4 on sbtest4  (cost=0.43..6.66 rows=111 width=4)
	  Index Cond: ((k >= 3941839) AND (k <= 3941939))

table 5 : explain SELECT k FROM sbtest5 WHERE k BETWEEN 3941839 AND 3941939
	Index Only Scan using k_5 on sbtest5  (cost=0.43..6.63 rows=110 width=4)
	  Index Cond: ((k >= 3941839) AND (k <= 3941939))

table 6 : explain SELECT k FROM sbtest6 WHERE k BETWEEN 3941839 AND 3941939
	Index Only Scan using k_6 on sbtest6  (cost=0.43..6.29 rows=93 width=4)
	  Index Cond: ((k >= 3941839) AND (k <= 3941939))

table 7 : explain SELECT k FROM sbtest7 WHERE k BETWEEN 3941839 AND 3941939
	Index Only Scan using k_7 on sbtest7  (cost=0.43..6.43 rows=100 width=4)
	  Index Cond: ((k >= 3941839) AND (k <= 3941939))

table 8 : explain SELECT k FROM sbtest8 WHERE k BETWEEN 3941839 AND 3941939
	Index Only Scan using k_8 on sbtest8  (cost=0.43..6.33 rows=95 width=4)
	  Index Cond: ((k >= 3941839) AND (k <= 3941939))

explain: for range-covered :: explain SELECT k FROM sbtest%d WHERE k BETWEEN 1523784 AND 1523884
for range-covered
table 1 : explain SELECT k FROM sbtest1 WHERE k BETWEEN 1281500 AND 1281600
	Index Only Scan using k_1 on sbtest1  (cost=0.43..6.33 rows=95 width=4)
	  Index Cond: ((k >= 1281500) AND (k <= 1281600))

table 2 : explain SELECT k FROM sbtest2 WHERE k BETWEEN 1281500 AND 1281600
	Index Only Scan using k_2 on sbtest2  (cost=0.43..6.37 rows=97 width=4)
	  Index Cond: ((k >= 1281500) AND (k <= 1281600))

table 3 : explain SELECT k FROM sbtest3 WHERE k BETWEEN 1281500 AND 1281600
	Index Only Scan using k_3 on sbtest3  (cost=0.43..6.50 rows=103 width=4)
	  Index Cond: ((k >= 1281500) AND (k <= 1281600))

table 4 : explain SELECT k FROM sbtest4 WHERE k BETWEEN 1281500 AND 1281600
	Index Only Scan using k_4 on sbtest4  (cost=0.43..6.40 rows=98 width=4)
	  Index Cond: ((k >= 1281500) AND (k <= 1281600))

table 5 : explain SELECT k FROM sbtest5 WHERE k BETWEEN 1281500 AND 1281600
	Index Only Scan using k_5 on sbtest5  (cost=0.43..6.42 rows=99 width=4)
	  Index Cond: ((k >= 1281500) AND (k <= 1281600))

table 6 : explain SELECT k FROM sbtest6 WHERE k BETWEEN 1281500 AND 1281600
	Index Only Scan using k_6 on sbtest6  (cost=0.43..6.47 rows=102 width=4)
	  Index Cond: ((k >= 1281500) AND (k <= 1281600))

table 7 : explain SELECT k FROM sbtest7 WHERE k BETWEEN 1281500 AND 1281600
	Index Only Scan using k_7 on sbtest7  (cost=0.43..6.43 rows=100 width=4)
	  Index Cond: ((k >= 1281500) AND (k <= 1281600))

table 8 : explain SELECT k FROM sbtest8 WHERE k BETWEEN 1281500 AND 1281600
	Index Only Scan using k_8 on sbtest8  (cost=0.43..6.35 rows=96 width=4)
	  Index Cond: ((k >= 1281500) AND (k <= 1281600))

explain: for range-covered :: explain SELECT k FROM sbtest%d WHERE k BETWEEN 1281500 AND 1281600
for range-covered
table 1 : explain SELECT k FROM sbtest1 WHERE k BETWEEN 4837680 AND 4837780
	Index Only Scan using k_1 on sbtest1  (cost=0.43..6.53 rows=105 width=4)
	  Index Cond: ((k >= 4837680) AND (k <= 4837780))

table 2 : explain SELECT k FROM sbtest2 WHERE k BETWEEN 4837680 AND 4837780
	Index Only Scan using k_2 on sbtest2  (cost=0.43..6.33 rows=95 width=4)
	  Index Cond: ((k >= 4837680) AND (k <= 4837780))

table 3 : explain SELECT k FROM sbtest3 WHERE k BETWEEN 4837680 AND 4837780
	Index Only Scan using k_3 on sbtest3  (cost=0.43..6.35 rows=96 width=4)
	  Index Cond: ((k >= 4837680) AND (k <= 4837780))

table 4 : explain SELECT k FROM sbtest4 WHERE k BETWEEN 4837680 AND 4837780
	Index Only Scan using k_4 on sbtest4  (cost=0.43..6.47 rows=102 width=4)
	  Index Cond: ((k >= 4837680) AND (k <= 4837780))

table 5 : explain SELECT k FROM sbtest5 WHERE k BETWEEN 4837680 AND 4837780
	Index Only Scan using k_5 on sbtest5  (cost=0.43..6.47 rows=102 width=4)
	  Index Cond: ((k >= 4837680) AND (k <= 4837780))

table 6 : explain SELECT k FROM sbtest6 WHERE k BETWEEN 4837680 AND 4837780
	Index Only Scan using k_6 on sbtest6  (cost=0.43..6.45 rows=101 width=4)
	  Index Cond: ((k >= 4837680) AND (k <= 4837780))

table 7 : explain SELECT k FROM sbtest7 WHERE k BETWEEN 4837680 AND 4837780
	Index Only Scan using k_7 on sbtest7  (cost=0.43..6.50 rows=103 width=4)
	  Index Cond: ((k >= 4837680) AND (k <= 4837780))

table 8 : explain SELECT k FROM sbtest8 WHERE k BETWEEN 4837680 AND 4837780
	Index Only Scan using k_8 on sbtest8  (cost=0.43..6.29 rows=93 width=4)
	  Index Cond: ((k >= 4837680) AND (k <= 4837780))

for range-covered
table 1 : explain SELECT k FROM sbtest1 WHERE k BETWEEN 4524531 AND 4524631
	Index Only Scan using k_1 on sbtest1  (cost=0.43..6.42 rows=99 width=4)
	  Index Cond: ((k >= 4524531) AND (k <= 4524631))

table 2 : explain SELECT k FROM sbtest2 WHERE k BETWEEN 4524531 AND 4524631
	Index Only Scan using k_2 on sbtest2  (cost=0.43..6.40 rows=98 width=4)
	  Index Cond: ((k >= 4524531) AND (k <= 4524631))

table 3 : explain SELECT k FROM sbtest3 WHERE k BETWEEN 4524531 AND 4524631
	Index Only Scan using k_3 on sbtest3  (cost=0.43..6.61 rows=109 width=4)
	  Index Cond: ((k >= 4524531) AND (k <= 4524631))

table 4 : explain SELECT k FROM sbtest4 WHERE k BETWEEN 4524531 AND 4524631
	Index Only Scan using k_4 on sbtest4  (cost=0.43..6.56 rows=106 width=4)
	  Index Cond: ((k >= 4524531) AND (k <= 4524631))

table 5 : explain SELECT k FROM sbtest5 WHERE k BETWEEN 4524531 AND 4524631
	Index Only Scan using k_5 on sbtest5  (cost=0.43..6.53 rows=105 width=4)
	  Index Cond: ((k >= 4524531) AND (k <= 4524631))

table 6 : explain SELECT k FROM sbtest6 WHERE k BETWEEN 4524531 AND 4524631
	Index Only Scan using k_6 on sbtest6  (cost=0.43..6.53 rows=105 width=4)
	  Index Cond: ((k >= 4524531) AND (k <= 4524631))

table 7 : explain SELECT k FROM sbtest7 WHERE k BETWEEN 4524531 AND 4524631
	Index Only Scan using k_7 on sbtest7  (cost=0.43..6.69 rows=113 width=4)
	  Index Cond: ((k >= 4524531) AND (k <= 4524631))

table 8 : explain SELECT k FROM sbtest8 WHERE k BETWEEN 4524531 AND 4524631
	Index Only Scan using k_8 on sbtest8  (cost=0.43..6.33 rows=95 width=4)
	  Index Cond: ((k >= 4524531) AND (k <= 4524631))

explain: for range-covered :: explain SELECT k FROM sbtest%d WHERE k BETWEEN 4837680 AND 4837780
for range-covered
table 1 : explain SELECT k FROM sbtest1 WHERE k BETWEEN 1523784 AND 1523884
	Index Only Scan using k_1 on sbtest1  (cost=0.43..6.42 rows=99 width=4)
	  Index Cond: ((k >= 1523784) AND (k <= 1523884))

table 2 : explain SELECT k FROM sbtest2 WHERE k BETWEEN 1523784 AND 1523884
	Index Only Scan using k_2 on sbtest2  (cost=0.43..6.43 rows=100 width=4)
	  Index Cond: ((k >= 1523784) AND (k <= 1523884))

table 3 : explain SELECT k FROM sbtest3 WHERE k BETWEEN 1523784 AND 1523884
	Index Only Scan using k_3 on sbtest3  (cost=0.43..6.72 rows=114 width=4)
	  Index Cond: ((k >= 1523784) AND (k <= 1523884))

table 4 : explain SELECT k FROM sbtest4 WHERE k BETWEEN 1523784 AND 1523884
	Index Only Scan using k_4 on sbtest4  (cost=0.43..6.45 rows=101 width=4)
	  Index Cond: ((k >= 1523784) AND (k <= 1523884))

table 5 : explain SELECT k FROM sbtest5 WHERE k BETWEEN 1523784 AND 1523884
	Index Only Scan using k_5 on sbtest5  (cost=0.43..6.45 rows=101 width=4)
	  Index Cond: ((k >= 1523784) AND (k <= 1523884))

table 6 : explain SELECT k FROM sbtest6 WHERE k BETWEEN 1523784 AND 1523884
	Index Only Scan using k_6 on sbtest6  (cost=0.43..6.45 rows=101 width=4)
	  Index Cond: ((k >= 1523784) AND (k <= 1523884))

table 7 : explain SELECT k FROM sbtest7 WHERE k BETWEEN 1523784 AND 1523884
	Index Only Scan using k_7 on sbtest7  (cost=0.43..6.37 rows=97 width=4)
	  Index Cond: ((k >= 1523784) AND (k <= 1523884))

table 8 : explain SELECT k FROM sbtest8 WHERE k BETWEEN 1523784 AND 1523884
	Index Only Scan using k_8 on sbtest8  (cost=0.43..6.37 rows=97 width=4)
	  Index Cond: ((k >= 1523784) AND (k <= 1523884))

explain: for range-covered :: explain SELECT k FROM sbtest%d WHERE k BETWEEN 4524531 AND 4524631
explain: for range-covered :: explain SELECT k FROM sbtest%d WHERE k BETWEEN 1523784 AND 1523884
for range-covered
table 1 : explain SELECT k FROM sbtest1 WHERE k BETWEEN 1281500 AND 1281600
	Index Only Scan using k_1 on sbtest1  (cost=0.43..6.33 rows=95 width=4)
	  Index Cond: ((k >= 1281500) AND (k <= 1281600))

table 2 : explain SELECT k FROM sbtest2 WHERE k BETWEEN 1281500 AND 1281600
	Index Only Scan using k_2 on sbtest2  (cost=0.43..6.37 rows=97 width=4)
	  Index Cond: ((k >= 1281500) AND (k <= 1281600))

table 3 : explain SELECT k FROM sbtest3 WHERE k BETWEEN 1281500 AND 1281600
	Index Only Scan using k_3 on sbtest3  (cost=0.43..6.50 rows=103 width=4)
	  Index Cond: ((k >= 1281500) AND (k <= 1281600))

table 4 : explain SELECT k FROM sbtest4 WHERE k BETWEEN 1281500 AND 1281600
	Index Only Scan using k_4 on sbtest4  (cost=0.43..6.40 rows=98 width=4)
	  Index Cond: ((k >= 1281500) AND (k <= 1281600))

table 5 : explain SELECT k FROM sbtest5 WHERE k BETWEEN 1281500 AND 1281600
	Index Only Scan using k_5 on sbtest5  (cost=0.43..6.42 rows=99 width=4)
	  Index Cond: ((k >= 1281500) AND (k <= 1281600))

table 6 : explain SELECT k FROM sbtest6 WHERE k BETWEEN 1281500 AND 1281600
	Index Only Scan using k_6 on sbtest6  (cost=0.43..6.47 rows=102 width=4)
	  Index Cond: ((k >= 1281500) AND (k <= 1281600))

table 7 : explain SELECT k FROM sbtest7 WHERE k BETWEEN 1281500 AND 1281600
	Index Only Scan using k_7 on sbtest7  (cost=0.43..6.43 rows=100 width=4)
	  Index Cond: ((k >= 1281500) AND (k <= 1281600))

table 8 : explain SELECT k FROM sbtest8 WHERE k BETWEEN 1281500 AND 1281600
	Index Only Scan using k_8 on sbtest8  (cost=0.43..6.35 rows=96 width=4)
	  Index Cond: ((k >= 1281500) AND (k <= 1281600))

explain: for range-covered :: explain SELECT k FROM sbtest%d WHERE k BETWEEN 1281500 AND 1281600
for range-covered
table 1 : explain SELECT k FROM sbtest1 WHERE k BETWEEN 6705704 AND 6705804
	Index Only Scan using k_1 on sbtest1  (cost=0.43..6.29 rows=93 width=4)
	  Index Cond: ((k >= 6705704) AND (k <= 6705804))

table 2 : explain SELECT k FROM sbtest2 WHERE k BETWEEN 6705704 AND 6705804
	Index Only Scan using k_2 on sbtest2  (cost=0.43..6.63 rows=110 width=4)
	  Index Cond: ((k >= 6705704) AND (k <= 6705804))

table 3 : explain SELECT k FROM sbtest3 WHERE k BETWEEN 6705704 AND 6705804
	Index Only Scan using k_3 on sbtest3  (cost=0.43..6.47 rows=102 width=4)
	  Index Cond: ((k >= 6705704) AND (k <= 6705804))

table 4 : explain SELECT k FROM sbtest4 WHERE k BETWEEN 6705704 AND 6705804
	Index Only Scan using k_4 on sbtest4  (cost=0.43..6.42 rows=99 width=4)
	  Index Cond: ((k >= 6705704) AND (k <= 6705804))

table 5 : explain SELECT k FROM sbtest5 WHERE k BETWEEN 6705704 AND 6705804
	Index Only Scan using k_5 on sbtest5  (cost=0.43..6.40 rows=98 width=4)
	  Index Cond: ((k >= 6705704) AND (k <= 6705804))

table 6 : explain SELECT k FROM sbtest6 WHERE k BETWEEN 6705704 AND 6705804
	Index Only Scan using k_6 on sbtest6  (cost=0.43..6.58 rows=107 width=4)
	  Index Cond: ((k >= 6705704) AND (k <= 6705804))

table 7 : explain SELECT k FROM sbtest7 WHERE k BETWEEN 6705704 AND 6705804
	Index Only Scan using k_7 on sbtest7  (cost=0.43..6.51 rows=104 width=4)
	  Index Cond: ((k >= 6705704) AND (k <= 6705804))

table 8 : explain SELECT k FROM sbtest8 WHERE k BETWEEN 6705704 AND 6705804
	Index Only Scan using k_8 on sbtest8  (cost=0.43..6.32 rows=94 width=4)
	  Index Cond: ((k >= 6705704) AND (k <= 6705804))

for range-covered
table 1 : explain SELECT k FROM sbtest1 WHERE k BETWEEN 3508946 AND 3509046
	Index Only Scan using k_1 on sbtest1  (cost=0.43..6.51 rows=104 width=4)
	  Index Cond: ((k >= 3508946) AND (k <= 3509046))

table 2 : explain SELECT k FROM sbtest2 WHERE k BETWEEN 3508946 AND 3509046
	Index Only Scan using k_2 on sbtest2  (cost=0.43..6.35 rows=96 width=4)
	  Index Cond: ((k >= 3508946) AND (k <= 3509046))

table 3 : explain SELECT k FROM sbtest3 WHERE k BETWEEN 3508946 AND 3509046
	Index Only Scan using k_3 on sbtest3  (cost=0.43..6.51 rows=104 width=4)
	  Index Cond: ((k >= 3508946) AND (k <= 3509046))

table 4 : explain SELECT k FROM sbtest4 WHERE k BETWEEN 3508946 AND 3509046
	Index Only Scan using k_4 on sbtest4  (cost=0.43..6.47 rows=102 width=4)
	  Index Cond: ((k >= 3508946) AND (k <= 3509046))

table 5 : explain SELECT k FROM sbtest5 WHERE k BETWEEN 3508946 AND 3509046
	Index Only Scan using k_5 on sbtest5  (cost=0.43..6.43 rows=100 width=4)
	  Index Cond: ((k >= 3508946) AND (k <= 3509046))

table 6 : explain SELECT k FROM sbtest6 WHERE k BETWEEN 3508946 AND 3509046
	Index Only Scan using k_6 on sbtest6  (cost=0.43..6.51 rows=104 width=4)
	  Index Cond: ((k >= 3508946) AND (k <= 3509046))

table 7 : explain SELECT k FROM sbtest7 WHERE k BETWEEN 3508946 AND 3509046
	Index Only Scan using k_7 on sbtest7  (cost=0.43..6.47 rows=102 width=4)
	  Index Cond: ((k >= 3508946) AND (k <= 3509046))

table 8 : explain SELECT k FROM sbtest8 WHERE k BETWEEN 3508946 AND 3509046
	Index Only Scan using k_8 on sbtest8  (cost=0.43..6.59 rows=108 width=4)
	  Index Cond: ((k >= 3508946) AND (k <= 3509046))

for range-covered
table 1 : explain SELECT k FROM sbtest1 WHERE k BETWEEN 1523784 AND 1523884
	Index Only Scan using k_1 on sbtest1  (cost=0.43..6.42 rows=99 width=4)
	  Index Cond: ((k >= 1523784) AND (k <= 1523884))

table 2 : explain SELECT k FROM sbtest2 WHERE k BETWEEN 1523784 AND 1523884
	Index Only Scan using k_2 on sbtest2  (cost=0.43..6.43 rows=100 width=4)
	  Index Cond: ((k >= 1523784) AND (k <= 1523884))

table 3 : explain SELECT k FROM sbtest3 WHERE k BETWEEN 1523784 AND 1523884
	Index Only Scan using k_3 on sbtest3  (cost=0.43..6.72 rows=114 width=4)
	  Index Cond: ((k >= 1523784) AND (k <= 1523884))

table 4 : explain SELECT k FROM sbtest4 WHERE k BETWEEN 1523784 AND 1523884
	Index Only Scan using k_4 on sbtest4  (cost=0.43..6.45 rows=101 width=4)
	  Index Cond: ((k >= 1523784) AND (k <= 1523884))

table 5 : explain SELECT k FROM sbtest5 WHERE k BETWEEN 1523784 AND 1523884
	Index Only Scan using k_5 on sbtest5  (cost=0.43..6.45 rows=101 width=4)
	  Index Cond: ((k >= 1523784) AND (k <= 1523884))

table 6 : explain SELECT k FROM sbtest6 WHERE k BETWEEN 1523784 AND 1523884
	Index Only Scan using k_6 on sbtest6  (cost=0.43..6.45 rows=101 width=4)
	  Index Cond: ((k >= 1523784) AND (k <= 1523884))

table 7 : explain SELECT k FROM sbtest7 WHERE k BETWEEN 1523784 AND 1523884
	Index Only Scan using k_7 on sbtest7  (cost=0.43..6.37 rows=97 width=4)
	  Index Cond: ((k >= 1523784) AND (k <= 1523884))

table 8 : explain SELECT k FROM sbtest8 WHERE k BETWEEN 1523784 AND 1523884
	Index Only Scan using k_8 on sbtest8  (cost=0.43..6.37 rows=97 width=4)
	  Index Cond: ((k >= 1523784) AND (k <= 1523884))

explain: for range-covered :: explain SELECT k FROM sbtest%d WHERE k BETWEEN 1523784 AND 1523884
for range-covered
table 1 : explain SELECT k FROM sbtest1 WHERE k BETWEEN 1281500 AND 1281600
	Index Only Scan using k_1 on sbtest1  (cost=0.43..6.33 rows=95 width=4)
	  Index Cond: ((k >= 1281500) AND (k <= 1281600))

table 2 : explain SELECT k FROM sbtest2 WHERE k BETWEEN 1281500 AND 1281600
	Index Only Scan using k_2 on sbtest2  (cost=0.43..6.37 rows=97 width=4)
	  Index Cond: ((k >= 1281500) AND (k <= 1281600))

table 3 : explain SELECT k FROM sbtest3 WHERE k BETWEEN 1281500 AND 1281600
	Index Only Scan using k_3 on sbtest3  (cost=0.43..6.50 rows=103 width=4)
	  Index Cond: ((k >= 1281500) AND (k <= 1281600))

table 4 : explain SELECT k FROM sbtest4 WHERE k BETWEEN 1281500 AND 1281600
	Index Only Scan using k_4 on sbtest4  (cost=0.43..6.40 rows=98 width=4)
	  Index Cond: ((k >= 1281500) AND (k <= 1281600))

table 5 : explain SELECT k FROM sbtest5 WHERE k BETWEEN 1281500 AND 1281600
	Index Only Scan using k_5 on sbtest5  (cost=0.43..6.42 rows=99 width=4)
	  Index Cond: ((k >= 1281500) AND (k <= 1281600))

table 6 : explain SELECT k FROM sbtest6 WHERE k BETWEEN 1281500 AND 1281600
	Index Only Scan using k_6 on sbtest6  (cost=0.43..6.47 rows=102 width=4)
	  Index Cond: ((k >= 1281500) AND (k <= 1281600))

table 7 : explain SELECT k FROM sbtest7 WHERE k BETWEEN 1281500 AND 1281600
	Index Only Scan using k_7 on sbtest7  (cost=0.43..6.43 rows=100 width=4)
	  Index Cond: ((k >= 1281500) AND (k <= 1281600))

table 8 : explain SELECT k FROM sbtest8 WHERE k BETWEEN 1281500 AND 1281600
	Index Only Scan using k_8 on sbtest8  (cost=0.43..6.35 rows=96 width=4)
	  Index Cond: ((k >= 1281500) AND (k <= 1281600))

explain: for range-covered :: explain SELECT k FROM sbtest%d WHERE k BETWEEN 8309598 AND 8309698
for range-covered
table 1 : explain SELECT k FROM sbtest1 WHERE k BETWEEN 4524531 AND 4524631
	Index Only Scan using k_1 on sbtest1  (cost=0.43..6.42 rows=99 width=4)
	  Index Cond: ((k >= 4524531) AND (k <= 4524631))

table 2 : explain SELECT k FROM sbtest2 WHERE k BETWEEN 4524531 AND 4524631
	Index Only Scan using k_2 on sbtest2  (cost=0.43..6.40 rows=98 width=4)
	  Index Cond: ((k >= 4524531) AND (k <= 4524631))

table 3 : explain SELECT k FROM sbtest3 WHERE k BETWEEN 4524531 AND 4524631
	Index Only Scan using k_3 on sbtest3  (cost=0.43..6.61 rows=109 width=4)
	  Index Cond: ((k >= 4524531) AND (k <= 4524631))

table 4 : explain SELECT k FROM sbtest4 WHERE k BETWEEN 4524531 AND 4524631
	Index Only Scan using k_4 on sbtest4  (cost=0.43..6.56 rows=106 width=4)
	  Index Cond: ((k >= 4524531) AND (k <= 4524631))

table 5 : explain SELECT k FROM sbtest5 WHERE k BETWEEN 4524531 AND 4524631
	Index Only Scan using k_5 on sbtest5  (cost=0.43..6.53 rows=105 width=4)
	  Index Cond: ((k >= 4524531) AND (k <= 4524631))

table 6 : explain SELECT k FROM sbtest6 WHERE k BETWEEN 4524531 AND 4524631
	Index Only Scan using k_6 on sbtest6  (cost=0.43..6.53 rows=105 width=4)
	  Index Cond: ((k >= 4524531) AND (k <= 4524631))

table 7 : explain SELECT k FROM sbtest7 WHERE k BETWEEN 4524531 AND 4524631
	Index Only Scan using k_7 on sbtest7  (cost=0.43..6.69 rows=113 width=4)
	  Index Cond: ((k >= 4524531) AND (k <= 4524631))

table 8 : explain SELECT k FROM sbtest8 WHERE k BETWEEN 4524531 AND 4524631
	Index Only Scan using k_8 on sbtest8  (cost=0.43..6.33 rows=95 width=4)
	  Index Cond: ((k >= 4524531) AND (k <= 4524631))

for range-covered
table 1 : explain SELECT k FROM sbtest1 WHERE k BETWEEN 4837680 AND 4837780
	Index Only Scan using k_1 on sbtest1  (cost=0.43..6.53 rows=105 width=4)
	  Index Cond: ((k >= 4837680) AND (k <= 4837780))

table 2 : explain SELECT k FROM sbtest2 WHERE k BETWEEN 4837680 AND 4837780
	Index Only Scan using k_2 on sbtest2  (cost=0.43..6.33 rows=95 width=4)
	  Index Cond: ((k >= 4837680) AND (k <= 4837780))

table 3 : explain SELECT k FROM sbtest3 WHERE k BETWEEN 4837680 AND 4837780
	Index Only Scan using k_3 on sbtest3  (cost=0.43..6.35 rows=96 width=4)
	  Index Cond: ((k >= 4837680) AND (k <= 4837780))

table 4 : explain SELECT k FROM sbtest4 WHERE k BETWEEN 4837680 AND 4837780
	Index Only Scan using k_4 on sbtest4  (cost=0.43..6.47 rows=102 width=4)
	  Index Cond: ((k >= 4837680) AND (k <= 4837780))

table 5 : explain SELECT k FROM sbtest5 WHERE k BETWEEN 4837680 AND 4837780
	Index Only Scan using k_5 on sbtest5  (cost=0.43..6.47 rows=102 width=4)
	  Index Cond: ((k >= 4837680) AND (k <= 4837780))

table 6 : explain SELECT k FROM sbtest6 WHERE k BETWEEN 4837680 AND 4837780
	Index Only Scan using k_6 on sbtest6  (cost=0.43..6.45 rows=101 width=4)
	  Index Cond: ((k >= 4837680) AND (k <= 4837780))

table 7 : explain SELECT k FROM sbtest7 WHERE k BETWEEN 4837680 AND 4837780
	Index Only Scan using k_7 on sbtest7  (cost=0.43..6.50 rows=103 width=4)
	  Index Cond: ((k >= 4837680) AND (k <= 4837780))

table 8 : explain SELECT k FROM sbtest8 WHERE k BETWEEN 4837680 AND 4837780
	Index Only Scan using k_8 on sbtest8  (cost=0.43..6.29 rows=93 width=4)
	  Index Cond: ((k >= 4837680) AND (k <= 4837780))

explain: for range-covered :: explain SELECT k FROM sbtest%d WHERE k BETWEEN 4524531 AND 4524631
for range-covered
table 1 : explain SELECT k FROM sbtest1 WHERE k BETWEEN 1523784 AND 1523884
	Index Only Scan using k_1 on sbtest1  (cost=0.43..6.42 rows=99 width=4)
	  Index Cond: ((k >= 1523784) AND (k <= 1523884))

table 2 : explain SELECT k FROM sbtest2 WHERE k BETWEEN 1523784 AND 1523884
	Index Only Scan using k_2 on sbtest2  (cost=0.43..6.43 rows=100 width=4)
	  Index Cond: ((k >= 1523784) AND (k <= 1523884))

table 3 : explain SELECT k FROM sbtest3 WHERE k BETWEEN 1523784 AND 1523884
	Index Only Scan using k_3 on sbtest3  (cost=0.43..6.72 rows=114 width=4)
	  Index Cond: ((k >= 1523784) AND (k <= 1523884))

table 4 : explain SELECT k FROM sbtest4 WHERE k BETWEEN 1523784 AND 1523884
	Index Only Scan using k_4 on sbtest4  (cost=0.43..6.45 rows=101 width=4)
	  Index Cond: ((k >= 1523784) AND (k <= 1523884))

table 5 : explain SELECT k FROM sbtest5 WHERE k BETWEEN 1523784 AND 1523884
	Index Only Scan using k_5 on sbtest5  (cost=0.43..6.45 rows=101 width=4)
	  Index Cond: ((k >= 1523784) AND (k <= 1523884))

table 6 : explain SELECT k FROM sbtest6 WHERE k BETWEEN 1523784 AND 1523884
	Index Only Scan using k_6 on sbtest6  (cost=0.43..6.45 rows=101 width=4)
	  Index Cond: ((k >= 1523784) AND (k <= 1523884))

table 7 : explain SELECT k FROM sbtest7 WHERE k BETWEEN 1523784 AND 1523884
	Index Only Scan using k_7 on sbtest7  (cost=0.43..6.37 rows=97 width=4)
	  Index Cond: ((k >= 1523784) AND (k <= 1523884))

table 8 : explain SELECT k FROM sbtest8 WHERE k BETWEEN 1523784 AND 1523884
	Index Only Scan using k_8 on sbtest8  (cost=0.43..6.37 rows=97 width=4)
	  Index Cond: ((k >= 1523784) AND (k <= 1523884))

explain: for range-covered :: explain SELECT k FROM sbtest%d WHERE k BETWEEN 4837680 AND 4837780
explain: for range-covered :: explain SELECT k FROM sbtest%d WHERE k BETWEEN 1523784 AND 1523884
for range-covered
table 1 : explain SELECT k FROM sbtest1 WHERE k BETWEEN 4524531 AND 4524631
	Index Only Scan using k_1 on sbtest1  (cost=0.43..6.42 rows=99 width=4)
	  Index Cond: ((k >= 4524531) AND (k <= 4524631))

table 2 : explain SELECT k FROM sbtest2 WHERE k BETWEEN 4524531 AND 4524631
	Index Only Scan using k_2 on sbtest2  (cost=0.43..6.40 rows=98 width=4)
	  Index Cond: ((k >= 4524531) AND (k <= 4524631))

table 3 : explain SELECT k FROM sbtest3 WHERE k BETWEEN 4524531 AND 4524631
	Index Only Scan using k_3 on sbtest3  (cost=0.43..6.61 rows=109 width=4)
	  Index Cond: ((k >= 4524531) AND (k <= 4524631))

table 4 : explain SELECT k FROM sbtest4 WHERE k BETWEEN 4524531 AND 4524631
	Index Only Scan using k_4 on sbtest4  (cost=0.43..6.56 rows=106 width=4)
	  Index Cond: ((k >= 4524531) AND (k <= 4524631))

table 5 : explain SELECT k FROM sbtest5 WHERE k BETWEEN 4524531 AND 4524631
	Index Only Scan using k_5 on sbtest5  (cost=0.43..6.53 rows=105 width=4)
	  Index Cond: ((k >= 4524531) AND (k <= 4524631))

table 6 : explain SELECT k FROM sbtest6 WHERE k BETWEEN 4524531 AND 4524631
	Index Only Scan using k_6 on sbtest6  (cost=0.43..6.53 rows=105 width=4)
	  Index Cond: ((k >= 4524531) AND (k <= 4524631))

table 7 : explain SELECT k FROM sbtest7 WHERE k BETWEEN 4524531 AND 4524631
	Index Only Scan using k_7 on sbtest7  (cost=0.43..6.69 rows=113 width=4)
	  Index Cond: ((k >= 4524531) AND (k <= 4524631))

table 8 : explain SELECT k FROM sbtest8 WHERE k BETWEEN 4524531 AND 4524631
	Index Only Scan using k_8 on sbtest8  (cost=0.43..6.33 rows=95 width=4)
	  Index Cond: ((k >= 4524531) AND (k <= 4524631))

explain: for range-covered :: explain SELECT k FROM sbtest%d WHERE k BETWEEN 8050401 AND 8050501
for range-covered
table 1 : explain SELECT k FROM sbtest1 WHERE k BETWEEN 5722346 AND 5722446
	Index Only Scan using k_1 on sbtest1  (cost=0.43..6.50 rows=103 width=4)
	  Index Cond: ((k >= 5722346) AND (k <= 5722446))

table 2 : explain SELECT k FROM sbtest2 WHERE k BETWEEN 5722346 AND 5722446
	Index Only Scan using k_2 on sbtest2  (cost=0.43..6.51 rows=104 width=4)
	  Index Cond: ((k >= 5722346) AND (k <= 5722446))

table 3 : explain SELECT k FROM sbtest3 WHERE k BETWEEN 5722346 AND 5722446
	Index Only Scan using k_3 on sbtest3  (cost=0.43..6.40 rows=98 width=4)
	  Index Cond: ((k >= 5722346) AND (k <= 5722446))

table 4 : explain SELECT k FROM sbtest4 WHERE k BETWEEN 5722346 AND 5722446
	Index Only Scan using k_4 on sbtest4  (cost=0.43..6.72 rows=114 width=4)
	  Index Cond: ((k >= 5722346) AND (k <= 5722446))

table 5 : explain SELECT k FROM sbtest5 WHERE k BETWEEN 5722346 AND 5722446
	Index Only Scan using k_5 on sbtest5  (cost=0.43..6.37 rows=97 width=4)
	  Index Cond: ((k >= 5722346) AND (k <= 5722446))

table 6 : explain SELECT k FROM sbtest6 WHERE k BETWEEN 5722346 AND 5722446
	Index Only Scan using k_6 on sbtest6  (cost=0.43..6.50 rows=103 width=4)
	  Index Cond: ((k >= 5722346) AND (k <= 5722446))

table 7 : explain SELECT k FROM sbtest7 WHERE k BETWEEN 5722346 AND 5722446
	Index Only Scan using k_7 on sbtest7  (cost=0.43..6.29 rows=93 width=4)
	  Index Cond: ((k >= 5722346) AND (k <= 5722446))

table 8 : explain SELECT k FROM sbtest8 WHERE k BETWEEN 5722346 AND 5722446
	Index Only Scan using k_8 on sbtest8  (cost=0.43..6.51 rows=104 width=4)
	  Index Cond: ((k >= 5722346) AND (k <= 5722446))

explain: for range-covered :: explain SELECT k FROM sbtest%d WHERE k BETWEEN 4524531 AND 4524631
explain: for range-covered :: explain SELECT k FROM sbtest%d WHERE k BETWEEN 5722346 AND 5722446
for range-covered
table 1 : explain SELECT k FROM sbtest1 WHERE k BETWEEN 5722346 AND 5722446
	Index Only Scan using k_1 on sbtest1  (cost=0.43..6.50 rows=103 width=4)
	  Index Cond: ((k >= 5722346) AND (k <= 5722446))

table 2 : explain SELECT k FROM sbtest2 WHERE k BETWEEN 5722346 AND 5722446
	Index Only Scan using k_2 on sbtest2  (cost=0.43..6.51 rows=104 width=4)
	  Index Cond: ((k >= 5722346) AND (k <= 5722446))

table 3 : explain SELECT k FROM sbtest3 WHERE k BETWEEN 5722346 AND 5722446
	Index Only Scan using k_3 on sbtest3  (cost=0.43..6.40 rows=98 width=4)
	  Index Cond: ((k >= 5722346) AND (k <= 5722446))

table 4 : explain SELECT k FROM sbtest4 WHERE k BETWEEN 5722346 AND 5722446
	Index Only Scan using k_4 on sbtest4  (cost=0.43..6.72 rows=114 width=4)
	  Index Cond: ((k >= 5722346) AND (k <= 5722446))

table 5 : explain SELECT k FROM sbtest5 WHERE k BETWEEN 5722346 AND 5722446
	Index Only Scan using k_5 on sbtest5  (cost=0.43..6.37 rows=97 width=4)
	  Index Cond: ((k >= 5722346) AND (k <= 5722446))

table 6 : explain SELECT k FROM sbtest6 WHERE k BETWEEN 5722346 AND 5722446
	Index Only Scan using k_6 on sbtest6  (cost=0.43..6.50 rows=103 width=4)
	  Index Cond: ((k >= 5722346) AND (k <= 5722446))

table 7 : explain SELECT k FROM sbtest7 WHERE k BETWEEN 5722346 AND 5722446
	Index Only Scan using k_7 on sbtest7  (cost=0.43..6.29 rows=93 width=4)
	  Index Cond: ((k >= 5722346) AND (k <= 5722446))

table 8 : explain SELECT k FROM sbtest8 WHERE k BETWEEN 5722346 AND 5722446
	Index Only Scan using k_8 on sbtest8  (cost=0.43..6.51 rows=104 width=4)
	  Index Cond: ((k >= 5722346) AND (k <= 5722446))

for range-covered
table 1 : explain SELECT k FROM sbtest1 WHERE k BETWEEN 4524531 AND 4524631
	Index Only Scan using k_1 on sbtest1  (cost=0.43..6.42 rows=99 width=4)
	  Index Cond: ((k >= 4524531) AND (k <= 4524631))

table 2 : explain SELECT k FROM sbtest2 WHERE k BETWEEN 4524531 AND 4524631
	Index Only Scan using k_2 on sbtest2  (cost=0.43..6.40 rows=98 width=4)
	  Index Cond: ((k >= 4524531) AND (k <= 4524631))

table 3 : explain SELECT k FROM sbtest3 WHERE k BETWEEN 4524531 AND 4524631
	Index Only Scan using k_3 on sbtest3  (cost=0.43..6.61 rows=109 width=4)
	  Index Cond: ((k >= 4524531) AND (k <= 4524631))

table 4 : explain SELECT k FROM sbtest4 WHERE k BETWEEN 4524531 AND 4524631
	Index Only Scan using k_4 on sbtest4  (cost=0.43..6.56 rows=106 width=4)
	  Index Cond: ((k >= 4524531) AND (k <= 4524631))

table 5 : explain SELECT k FROM sbtest5 WHERE k BETWEEN 4524531 AND 4524631
	Index Only Scan using k_5 on sbtest5  (cost=0.43..6.53 rows=105 width=4)
	  Index Cond: ((k >= 4524531) AND (k <= 4524631))

table 6 : explain SELECT k FROM sbtest6 WHERE k BETWEEN 4524531 AND 4524631
	Index Only Scan using k_6 on sbtest6  (cost=0.43..6.53 rows=105 width=4)
	  Index Cond: ((k >= 4524531) AND (k <= 4524631))

table 7 : explain SELECT k FROM sbtest7 WHERE k BETWEEN 4524531 AND 4524631
	Index Only Scan using k_7 on sbtest7  (cost=0.43..6.69 rows=113 width=4)
	  Index Cond: ((k >= 4524531) AND (k <= 4524631))

table 8 : explain SELECT k FROM sbtest8 WHERE k BETWEEN 4524531 AND 4524631
	Index Only Scan using k_8 on sbtest8  (cost=0.43..6.33 rows=95 width=4)
	  Index Cond: ((k >= 4524531) AND (k <= 4524631))

explain: for range-covered :: explain SELECT k FROM sbtest%d WHERE k BETWEEN 5722346 AND 5722446
explain: for range-covered :: explain SELECT k FROM sbtest%d WHERE k BETWEEN 4524531 AND 4524631
explain: for range-covered :: explain SELECT k FROM sbtest%d WHERE k BETWEEN 5227203 AND 5227303
for range-covered
table 1 : explain SELECT k FROM sbtest1 WHERE k BETWEEN 1523784 AND 1523884
	Index Only Scan using k_1 on sbtest1  (cost=0.43..6.42 rows=99 width=4)
	  Index Cond: ((k >= 1523784) AND (k <= 1523884))

table 2 : explain SELECT k FROM sbtest2 WHERE k BETWEEN 1523784 AND 1523884
	Index Only Scan using k_2 on sbtest2  (cost=0.43..6.43 rows=100 width=4)
	  Index Cond: ((k >= 1523784) AND (k <= 1523884))

table 3 : explain SELECT k FROM sbtest3 WHERE k BETWEEN 1523784 AND 1523884
	Index Only Scan using k_3 on sbtest3  (cost=0.43..6.72 rows=114 width=4)
	  Index Cond: ((k >= 1523784) AND (k <= 1523884))

table 4 : explain SELECT k FROM sbtest4 WHERE k BETWEEN 1523784 AND 1523884
	Index Only Scan using k_4 on sbtest4  (cost=0.43..6.45 rows=101 width=4)
	  Index Cond: ((k >= 1523784) AND (k <= 1523884))

table 5 : explain SELECT k FROM sbtest5 WHERE k BETWEEN 1523784 AND 1523884
	Index Only Scan using k_5 on sbtest5  (cost=0.43..6.45 rows=101 width=4)
	  Index Cond: ((k >= 1523784) AND (k <= 1523884))

table 6 : explain SELECT k FROM sbtest6 WHERE k BETWEEN 1523784 AND 1523884
	Index Only Scan using k_6 on sbtest6  (cost=0.43..6.45 rows=101 width=4)
	  Index Cond: ((k >= 1523784) AND (k <= 1523884))

table 7 : explain SELECT k FROM sbtest7 WHERE k BETWEEN 1523784 AND 1523884
	Index Only Scan using k_7 on sbtest7  (cost=0.43..6.37 rows=97 width=4)
	  Index Cond: ((k >= 1523784) AND (k <= 1523884))

table 8 : explain SELECT k FROM sbtest8 WHERE k BETWEEN 1523784 AND 1523884
	Index Only Scan using k_8 on sbtest8  (cost=0.43..6.37 rows=97 width=4)
	  Index Cond: ((k >= 1523784) AND (k <= 1523884))

explain: for range-covered :: explain SELECT k FROM sbtest%d WHERE k BETWEEN 1523784 AND 1523884
for range-covered
table 1 : explain SELECT k FROM sbtest1 WHERE k BETWEEN 4083324 AND 4083424
	Index Only Scan using k_1 on sbtest1  (cost=0.43..6.47 rows=102 width=4)
	  Index Cond: ((k >= 4083324) AND (k <= 4083424))

table 2 : explain SELECT k FROM sbtest2 WHERE k BETWEEN 4083324 AND 4083424
	Index Only Scan using k_2 on sbtest2  (cost=0.43..6.47 rows=102 width=4)
	  Index Cond: ((k >= 4083324) AND (k <= 4083424))

table 3 : explain SELECT k FROM sbtest3 WHERE k BETWEEN 4083324 AND 4083424
	Index Only Scan using k_3 on sbtest3  (cost=0.43..6.45 rows=101 width=4)
	  Index Cond: ((k >= 4083324) AND (k <= 4083424))

table 4 : explain SELECT k FROM sbtest4 WHERE k BETWEEN 4083324 AND 4083424
	Index Only Scan using k_4 on sbtest4  (cost=0.43..6.37 rows=97 width=4)
	  Index Cond: ((k >= 4083324) AND (k <= 4083424))

table 5 : explain SELECT k FROM sbtest5 WHERE k BETWEEN 4083324 AND 4083424
	Index Only Scan using k_5 on sbtest5  (cost=0.43..6.47 rows=102 width=4)
	  Index Cond: ((k >= 4083324) AND (k <= 4083424))

table 6 : explain SELECT k FROM sbtest6 WHERE k BETWEEN 4083324 AND 4083424
	Index Only Scan using k_6 on sbtest6  (cost=0.43..6.43 rows=100 width=4)
	  Index Cond: ((k >= 4083324) AND (k <= 4083424))

table 7 : explain SELECT k FROM sbtest7 WHERE k BETWEEN 4083324 AND 4083424
	Index Only Scan using k_7 on sbtest7  (cost=0.43..6.50 rows=103 width=4)
	  Index Cond: ((k >= 4083324) AND (k <= 4083424))

table 8 : explain SELECT k FROM sbtest8 WHERE k BETWEEN 4083324 AND 4083424
	Index Only Scan using k_8 on sbtest8  (cost=0.43..6.42 rows=99 width=4)
	  Index Cond: ((k >= 4083324) AND (k <= 4083424))

explain: for range-covered :: explain SELECT k FROM sbtest%d WHERE k BETWEEN 8654318 AND 8654418
for range-covered
table 1 : explain SELECT k FROM sbtest1 WHERE k BETWEEN 8050401 AND 8050501
	Index Only Scan using k_1 on sbtest1  (cost=0.43..6.32 rows=94 width=4)
	  Index Cond: ((k >= 8050401) AND (k <= 8050501))

table 2 : explain SELECT k FROM sbtest2 WHERE k BETWEEN 8050401 AND 8050501
	Index Only Scan using k_2 on sbtest2  (cost=0.43..6.59 rows=108 width=4)
	  Index Cond: ((k >= 8050401) AND (k <= 8050501))

table 3 : explain SELECT k FROM sbtest3 WHERE k BETWEEN 8050401 AND 8050501
	Index Only Scan using k_3 on sbtest3  (cost=0.43..6.51 rows=104 width=4)
	  Index Cond: ((k >= 8050401) AND (k <= 8050501))

table 4 : explain SELECT k FROM sbtest4 WHERE k BETWEEN 8050401 AND 8050501
	Index Only Scan using k_4 on sbtest4  (cost=0.43..6.40 rows=98 width=4)
	  Index Cond: ((k >= 8050401) AND (k <= 8050501))

table 5 : explain SELECT k FROM sbtest5 WHERE k BETWEEN 8050401 AND 8050501
	Index Only Scan using k_5 on sbtest5  (cost=0.43..6.43 rows=100 width=4)
	  Index Cond: ((k >= 8050401) AND (k <= 8050501))

table 6 : explain SELECT k FROM sbtest6 WHERE k BETWEEN 8050401 AND 8050501
	Index Only Scan using k_6 on sbtest6  (cost=0.43..6.33 rows=95 width=4)
	  Index Cond: ((k >= 8050401) AND (k <= 8050501))

table 7 : explain SELECT k FROM sbtest7 WHERE k BETWEEN 8050401 AND 8050501
	Index Only Scan using k_7 on sbtest7  (cost=0.43..6.58 rows=107 width=4)
	  Index Cond: ((k >= 8050401) AND (k <= 8050501))

table 8 : explain SELECT k FROM sbtest8 WHERE k BETWEEN 8050401 AND 8050501
	Index Only Scan using k_8 on sbtest8  (cost=0.43..6.40 rows=98 width=4)
	  Index Cond: ((k >= 8050401) AND (k <= 8050501))

explain: for range-covered :: explain SELECT k FROM sbtest%d WHERE k BETWEEN 8050401 AND 8050501
for range-covered
table 1 : explain SELECT k FROM sbtest1 WHERE k BETWEEN 8309598 AND 8309698
	Index Only Scan using k_1 on sbtest1  (cost=0.43..6.63 rows=110 width=4)
	  Index Cond: ((k >= 8309598) AND (k <= 8309698))

table 2 : explain SELECT k FROM sbtest2 WHERE k BETWEEN 8309598 AND 8309698
	Index Only Scan using k_2 on sbtest2  (cost=0.43..6.42 rows=99 width=4)
	  Index Cond: ((k >= 8309598) AND (k <= 8309698))

table 3 : explain SELECT k FROM sbtest3 WHERE k BETWEEN 8309598 AND 8309698
	Index Only Scan using k_3 on sbtest3  (cost=0.43..6.42 rows=99 width=4)
	  Index Cond: ((k >= 8309598) AND (k <= 8309698))

table 4 : explain SELECT k FROM sbtest4 WHERE k BETWEEN 8309598 AND 8309698
	Index Only Scan using k_4 on sbtest4  (cost=0.43..6.45 rows=101 width=4)
	  Index Cond: ((k >= 8309598) AND (k <= 8309698))

table 5 : explain SELECT k FROM sbtest5 WHERE k BETWEEN 8309598 AND 8309698
	Index Only Scan using k_5 on sbtest5  (cost=0.43..6.37 rows=97 width=4)
	  Index Cond: ((k >= 8309598) AND (k <= 8309698))

table 6 : explain SELECT k FROM sbtest6 WHERE k BETWEEN 8309598 AND 8309698
	Index Only Scan using k_6 on sbtest6  (cost=0.43..6.35 rows=96 width=4)
	  Index Cond: ((k >= 8309598) AND (k <= 8309698))

table 7 : explain SELECT k FROM sbtest7 WHERE k BETWEEN 8309598 AND 8309698
	Index Only Scan using k_7 on sbtest7  (cost=0.43..6.53 rows=105 width=4)
	  Index Cond: ((k >= 8309598) AND (k <= 8309698))

table 8 : explain SELECT k FROM sbtest8 WHERE k BETWEEN 8309598 AND 8309698
	Index Only Scan using k_8 on sbtest8  (cost=0.43..6.61 rows=109 width=4)
	  Index Cond: ((k >= 8309598) AND (k <= 8309698))

explain: for range-covered :: explain SELECT k FROM sbtest%d WHERE k BETWEEN 8309598 AND 8309698
explain: for range-covered :: explain SELECT k FROM sbtest%d WHERE k BETWEEN 2870451 AND 2870551
for range-covered
table 1 : explain SELECT k FROM sbtest1 WHERE k BETWEEN 4837680 AND 4837780
	Index Only Scan using k_1 on sbtest1  (cost=0.43..6.53 rows=105 width=4)
	  Index Cond: ((k >= 4837680) AND (k <= 4837780))

table 2 : explain SELECT k FROM sbtest2 WHERE k BETWEEN 4837680 AND 4837780
	Index Only Scan using k_2 on sbtest2  (cost=0.43..6.33 rows=95 width=4)
	  Index Cond: ((k >= 4837680) AND (k <= 4837780))

table 3 : explain SELECT k FROM sbtest3 WHERE k BETWEEN 4837680 AND 4837780
	Index Only Scan using k_3 on sbtest3  (cost=0.43..6.35 rows=96 width=4)
	  Index Cond: ((k >= 4837680) AND (k <= 4837780))

table 4 : explain SELECT k FROM sbtest4 WHERE k BETWEEN 4837680 AND 4837780
	Index Only Scan using k_4 on sbtest4  (cost=0.43..6.47 rows=102 width=4)
	  Index Cond: ((k >= 4837680) AND (k <= 4837780))

table 5 : explain SELECT k FROM sbtest5 WHERE k BETWEEN 4837680 AND 4837780
	Index Only Scan using k_5 on sbtest5  (cost=0.43..6.47 rows=102 width=4)
	  Index Cond: ((k >= 4837680) AND (k <= 4837780))

table 6 : explain SELECT k FROM sbtest6 WHERE k BETWEEN 4837680 AND 4837780
	Index Only Scan using k_6 on sbtest6  (cost=0.43..6.45 rows=101 width=4)
	  Index Cond: ((k >= 4837680) AND (k <= 4837780))

table 7 : explain SELECT k FROM sbtest7 WHERE k BETWEEN 4837680 AND 4837780
	Index Only Scan using k_7 on sbtest7  (cost=0.43..6.50 rows=103 width=4)
	  Index Cond: ((k >= 4837680) AND (k <= 4837780))

table 8 : explain SELECT k FROM sbtest8 WHERE k BETWEEN 4837680 AND 4837780
	Index Only Scan using k_8 on sbtest8  (cost=0.43..6.29 rows=93 width=4)
	  Index Cond: ((k >= 4837680) AND (k <= 4837780))

explain: for range-covered :: explain SELECT k FROM sbtest%d WHERE k BETWEEN 4083324 AND 4083424
for range-covered
table 1 : explain SELECT k FROM sbtest1 WHERE k BETWEEN 8050401 AND 8050501
	Index Only Scan using k_1 on sbtest1  (cost=0.43..6.32 rows=94 width=4)
	  Index Cond: ((k >= 8050401) AND (k <= 8050501))

table 2 : explain SELECT k FROM sbtest2 WHERE k BETWEEN 8050401 AND 8050501
	Index Only Scan using k_2 on sbtest2  (cost=0.43..6.59 rows=108 width=4)
	  Index Cond: ((k >= 8050401) AND (k <= 8050501))

table 3 : explain SELECT k FROM sbtest3 WHERE k BETWEEN 8050401 AND 8050501
	Index Only Scan using k_3 on sbtest3  (cost=0.43..6.51 rows=104 width=4)
	  Index Cond: ((k >= 8050401) AND (k <= 8050501))

table 4 : explain SELECT k FROM sbtest4 WHERE k BETWEEN 8050401 AND 8050501
	Index Only Scan using k_4 on sbtest4  (cost=0.43..6.40 rows=98 width=4)
	  Index Cond: ((k >= 8050401) AND (k <= 8050501))

table 5 : explain SELECT k FROM sbtest5 WHERE k BETWEEN 8050401 AND 8050501
	Index Only Scan using k_5 on sbtest5  (cost=0.43..6.43 rows=100 width=4)
	  Index Cond: ((k >= 8050401) AND (k <= 8050501))

table 6 : explain SELECT k FROM sbtest6 WHERE k BETWEEN 8050401 AND 8050501
	Index Only Scan using k_6 on sbtest6  (cost=0.43..6.33 rows=95 width=4)
	  Index Cond: ((k >= 8050401) AND (k <= 8050501))

table 7 : explain SELECT k FROM sbtest7 WHERE k BETWEEN 8050401 AND 8050501
	Index Only Scan using k_7 on sbtest7  (cost=0.43..6.58 rows=107 width=4)
	  Index Cond: ((k >= 8050401) AND (k <= 8050501))

table 8 : explain SELECT k FROM sbtest8 WHERE k BETWEEN 8050401 AND 8050501
	Index Only Scan using k_8 on sbtest8  (cost=0.43..6.40 rows=98 width=4)
	  Index Cond: ((k >= 8050401) AND (k <= 8050501))

for range-covered
table 1 : explain SELECT k FROM sbtest1 WHERE k BETWEEN 5722346 AND 5722446
	Index Only Scan using k_1 on sbtest1  (cost=0.43..6.50 rows=103 width=4)
	  Index Cond: ((k >= 5722346) AND (k <= 5722446))

table 2 : explain SELECT k FROM sbtest2 WHERE k BETWEEN 5722346 AND 5722446
	Index Only Scan using k_2 on sbtest2  (cost=0.43..6.51 rows=104 width=4)
	  Index Cond: ((k >= 5722346) AND (k <= 5722446))

table 3 : explain SELECT k FROM sbtest3 WHERE k BETWEEN 5722346 AND 5722446
	Index Only Scan using k_3 on sbtest3  (cost=0.43..6.40 rows=98 width=4)
	  Index Cond: ((k >= 5722346) AND (k <= 5722446))

table 4 : explain SELECT k FROM sbtest4 WHERE k BETWEEN 5722346 AND 5722446
	Index Only Scan using k_4 on sbtest4  (cost=0.43..6.72 rows=114 width=4)
	  Index Cond: ((k >= 5722346) AND (k <= 5722446))

table 5 : explain SELECT k FROM sbtest5 WHERE k BETWEEN 5722346 AND 5722446
	Index Only Scan using k_5 on sbtest5  (cost=0.43..6.37 rows=97 width=4)
	  Index Cond: ((k >= 5722346) AND (k <= 5722446))

table 6 : explain SELECT k FROM sbtest6 WHERE k BETWEEN 5722346 AND 5722446
	Index Only Scan using k_6 on sbtest6  (cost=0.43..6.50 rows=103 width=4)
	  Index Cond: ((k >= 5722346) AND (k <= 5722446))

table 7 : explain SELECT k FROM sbtest7 WHERE k BETWEEN 5722346 AND 5722446
	Index Only Scan using k_7 on sbtest7  (cost=0.43..6.29 rows=93 width=4)
	  Index Cond: ((k >= 5722346) AND (k <= 5722446))

table 8 : explain SELECT k FROM sbtest8 WHERE k BETWEEN 5722346 AND 5722446
	Index Only Scan using k_8 on sbtest8  (cost=0.43..6.51 rows=104 width=4)
	  Index Cond: ((k >= 5722346) AND (k <= 5722446))

explain: for range-covered :: explain SELECT k FROM sbtest%d WHERE k BETWEEN 8050401 AND 8050501
explain: for range-covered :: explain SELECT k FROM sbtest%d WHERE k BETWEEN 3666307 AND 3666407
for range-covered
table 1 : explain SELECT k FROM sbtest1 WHERE k BETWEEN 4524531 AND 4524631
	Index Only Scan using k_1 on sbtest1  (cost=0.43..6.42 rows=99 width=4)
	  Index Cond: ((k >= 4524531) AND (k <= 4524631))

table 2 : explain SELECT k FROM sbtest2 WHERE k BETWEEN 4524531 AND 4524631
	Index Only Scan using k_2 on sbtest2  (cost=0.43..6.40 rows=98 width=4)
	  Index Cond: ((k >= 4524531) AND (k <= 4524631))

table 3 : explain SELECT k FROM sbtest3 WHERE k BETWEEN 4524531 AND 4524631
	Index Only Scan using k_3 on sbtest3  (cost=0.43..6.61 rows=109 width=4)
	  Index Cond: ((k >= 4524531) AND (k <= 4524631))

table 4 : explain SELECT k FROM sbtest4 WHERE k BETWEEN 4524531 AND 4524631
	Index Only Scan using k_4 on sbtest4  (cost=0.43..6.56 rows=106 width=4)
	  Index Cond: ((k >= 4524531) AND (k <= 4524631))

table 5 : explain SELECT k FROM sbtest5 WHERE k BETWEEN 4524531 AND 4524631
	Index Only Scan using k_5 on sbtest5  (cost=0.43..6.53 rows=105 width=4)
	  Index Cond: ((k >= 4524531) AND (k <= 4524631))

table 6 : explain SELECT k FROM sbtest6 WHERE k BETWEEN 4524531 AND 4524631
	Index Only Scan using k_6 on sbtest6  (cost=0.43..6.53 rows=105 width=4)
	  Index Cond: ((k >= 4524531) AND (k <= 4524631))

table 7 : explain SELECT k FROM sbtest7 WHERE k BETWEEN 4524531 AND 4524631
	Index Only Scan using k_7 on sbtest7  (cost=0.43..6.69 rows=113 width=4)
	  Index Cond: ((k >= 4524531) AND (k <= 4524631))

table 8 : explain SELECT k FROM sbtest8 WHERE k BETWEEN 4524531 AND 4524631
	Index Only Scan using k_8 on sbtest8  (cost=0.43..6.33 rows=95 width=4)
	  Index Cond: ((k >= 4524531) AND (k <= 4524631))

for range-covered
table 1 : explain SELECT k FROM sbtest1 WHERE k BETWEEN 8309598 AND 8309698
	Index Only Scan using k_1 on sbtest1  (cost=0.43..6.63 rows=110 width=4)
	  Index Cond: ((k >= 8309598) AND (k <= 8309698))

table 2 : explain SELECT k FROM sbtest2 WHERE k BETWEEN 8309598 AND 8309698
	Index Only Scan using k_2 on sbtest2  (cost=0.43..6.42 rows=99 width=4)
	  Index Cond: ((k >= 8309598) AND (k <= 8309698))

table 3 : explain SELECT k FROM sbtest3 WHERE k BETWEEN 8309598 AND 8309698
	Index Only Scan using k_3 on sbtest3  (cost=0.43..6.42 rows=99 width=4)
	  Index Cond: ((k >= 8309598) AND (k <= 8309698))

table 4 : explain SELECT k FROM sbtest4 WHERE k BETWEEN 8309598 AND 8309698
	Index Only Scan using k_4 on sbtest4  (cost=0.43..6.45 rows=101 width=4)
	  Index Cond: ((k >= 8309598) AND (k <= 8309698))

table 5 : explain SELECT k FROM sbtest5 WHERE k BETWEEN 8309598 AND 8309698
	Index Only Scan using k_5 on sbtest5  (cost=0.43..6.37 rows=97 width=4)
	  Index Cond: ((k >= 8309598) AND (k <= 8309698))

table 6 : explain SELECT k FROM sbtest6 WHERE k BETWEEN 8309598 AND 8309698
	Index Only Scan using k_6 on sbtest6  (cost=0.43..6.35 rows=96 width=4)
	  Index Cond: ((k >= 8309598) AND (k <= 8309698))

table 7 : explain SELECT k FROM sbtest7 WHERE k BETWEEN 8309598 AND 8309698
	Index Only Scan using k_7 on sbtest7  (cost=0.43..6.53 rows=105 width=4)
	  Index Cond: ((k >= 8309598) AND (k <= 8309698))

table 8 : explain SELECT k FROM sbtest8 WHERE k BETWEEN 8309598 AND 8309698
	Index Only Scan using k_8 on sbtest8  (cost=0.43..6.61 rows=109 width=4)
	  Index Cond: ((k >= 8309598) AND (k <= 8309698))

explain: for range-covered :: explain SELECT k FROM sbtest%d WHERE k BETWEEN 5722346 AND 5722446
explain: for range-covered :: explain SELECT k FROM sbtest%d WHERE k BETWEEN 4524531 AND 4524631
explain: for range-covered :: explain SELECT k FROM sbtest%d WHERE k BETWEEN 8309598 AND 8309698
for range-covered
table 1 : explain SELECT k FROM sbtest1 WHERE k BETWEEN 8050401 AND 8050501
	Index Only Scan using k_1 on sbtest1  (cost=0.43..6.32 rows=94 width=4)
	  Index Cond: ((k >= 8050401) AND (k <= 8050501))

table 2 : explain SELECT k FROM sbtest2 WHERE k BETWEEN 8050401 AND 8050501
	Index Only Scan using k_2 on sbtest2  (cost=0.43..6.59 rows=108 width=4)
	  Index Cond: ((k >= 8050401) AND (k <= 8050501))

table 3 : explain SELECT k FROM sbtest3 WHERE k BETWEEN 8050401 AND 8050501
	Index Only Scan using k_3 on sbtest3  (cost=0.43..6.51 rows=104 width=4)
	  Index Cond: ((k >= 8050401) AND (k <= 8050501))

table 4 : explain SELECT k FROM sbtest4 WHERE k BETWEEN 8050401 AND 8050501
	Index Only Scan using k_4 on sbtest4  (cost=0.43..6.40 rows=98 width=4)
	  Index Cond: ((k >= 8050401) AND (k <= 8050501))

table 5 : explain SELECT k FROM sbtest5 WHERE k BETWEEN 8050401 AND 8050501
	Index Only Scan using k_5 on sbtest5  (cost=0.43..6.43 rows=100 width=4)
	  Index Cond: ((k >= 8050401) AND (k <= 8050501))

table 6 : explain SELECT k FROM sbtest6 WHERE k BETWEEN 8050401 AND 8050501
	Index Only Scan using k_6 on sbtest6  (cost=0.43..6.33 rows=95 width=4)
	  Index Cond: ((k >= 8050401) AND (k <= 8050501))

table 7 : explain SELECT k FROM sbtest7 WHERE k BETWEEN 8050401 AND 8050501
	Index Only Scan using k_7 on sbtest7  (cost=0.43..6.58 rows=107 width=4)
	  Index Cond: ((k >= 8050401) AND (k <= 8050501))

table 8 : explain SELECT k FROM sbtest8 WHERE k BETWEEN 8050401 AND 8050501
	Index Only Scan using k_8 on sbtest8  (cost=0.43..6.40 rows=98 width=4)
	  Index Cond: ((k >= 8050401) AND (k <= 8050501))

explain: for range-covered :: explain SELECT k FROM sbtest%d WHERE k BETWEEN 512240 AND 512340
explain: for range-covered :: explain SELECT k FROM sbtest%d WHERE k BETWEEN 8050401 AND 8050501
for range-covered
table 1 : explain SELECT k FROM sbtest1 WHERE k BETWEEN 8309598 AND 8309698
	Index Only Scan using k_1 on sbtest1  (cost=0.43..6.63 rows=110 width=4)
	  Index Cond: ((k >= 8309598) AND (k <= 8309698))

table 2 : explain SELECT k FROM sbtest2 WHERE k BETWEEN 8309598 AND 8309698
	Index Only Scan using k_2 on sbtest2  (cost=0.43..6.42 rows=99 width=4)
	  Index Cond: ((k >= 8309598) AND (k <= 8309698))

table 3 : explain SELECT k FROM sbtest3 WHERE k BETWEEN 8309598 AND 8309698
	Index Only Scan using k_3 on sbtest3  (cost=0.43..6.42 rows=99 width=4)
	  Index Cond: ((k >= 8309598) AND (k <= 8309698))

table 4 : explain SELECT k FROM sbtest4 WHERE k BETWEEN 8309598 AND 8309698
	Index Only Scan using k_4 on sbtest4  (cost=0.43..6.45 rows=101 width=4)
	  Index Cond: ((k >= 8309598) AND (k <= 8309698))

table 5 : explain SELECT k FROM sbtest5 WHERE k BETWEEN 8309598 AND 8309698
	Index Only Scan using k_5 on sbtest5  (cost=0.43..6.37 rows=97 width=4)
	  Index Cond: ((k >= 8309598) AND (k <= 8309698))

table 6 : explain SELECT k FROM sbtest6 WHERE k BETWEEN 8309598 AND 8309698
	Index Only Scan using k_6 on sbtest6  (cost=0.43..6.35 rows=96 width=4)
	  Index Cond: ((k >= 8309598) AND (k <= 8309698))

table 7 : explain SELECT k FROM sbtest7 WHERE k BETWEEN 8309598 AND 8309698
	Index Only Scan using k_7 on sbtest7  (cost=0.43..6.53 rows=105 width=4)
	  Index Cond: ((k >= 8309598) AND (k <= 8309698))

table 8 : explain SELECT k FROM sbtest8 WHERE k BETWEEN 8309598 AND 8309698
	Index Only Scan using k_8 on sbtest8  (cost=0.43..6.61 rows=109 width=4)
	  Index Cond: ((k >= 8309598) AND (k <= 8309698))

for range-covered
table 1 : explain SELECT k FROM sbtest1 WHERE k BETWEEN 1523784 AND 1523884
	Index Only Scan using k_1 on sbtest1  (cost=0.43..6.42 rows=99 width=4)
	  Index Cond: ((k >= 1523784) AND (k <= 1523884))

table 2 : explain SELECT k FROM sbtest2 WHERE k BETWEEN 1523784 AND 1523884
	Index Only Scan using k_2 on sbtest2  (cost=0.43..6.43 rows=100 width=4)
	  Index Cond: ((k >= 1523784) AND (k <= 1523884))

table 3 : explain SELECT k FROM sbtest3 WHERE k BETWEEN 1523784 AND 1523884
	Index Only Scan using k_3 on sbtest3  (cost=0.43..6.72 rows=114 width=4)
	  Index Cond: ((k >= 1523784) AND (k <= 1523884))

table 4 : explain SELECT k FROM sbtest4 WHERE k BETWEEN 1523784 AND 1523884
	Index Only Scan using k_4 on sbtest4  (cost=0.43..6.45 rows=101 width=4)
	  Index Cond: ((k >= 1523784) AND (k <= 1523884))

table 5 : explain SELECT k FROM sbtest5 WHERE k BETWEEN 1523784 AND 1523884
	Index Only Scan using k_5 on sbtest5  (cost=0.43..6.45 rows=101 width=4)
	  Index Cond: ((k >= 1523784) AND (k <= 1523884))

table 6 : explain SELECT k FROM sbtest6 WHERE k BETWEEN 1523784 AND 1523884
	Index Only Scan using k_6 on sbtest6  (cost=0.43..6.45 rows=101 width=4)
	  Index Cond: ((k >= 1523784) AND (k <= 1523884))

table 7 : explain SELECT k FROM sbtest7 WHERE k BETWEEN 1523784 AND 1523884
	Index Only Scan using k_7 on sbtest7  (cost=0.43..6.37 rows=97 width=4)
	  Index Cond: ((k >= 1523784) AND (k <= 1523884))

table 8 : explain SELECT k FROM sbtest8 WHERE k BETWEEN 1523784 AND 1523884
	Index Only Scan using k_8 on sbtest8  (cost=0.43..6.37 rows=97 width=4)
	  Index Cond: ((k >= 1523784) AND (k <= 1523884))

explain: for range-covered :: explain SELECT k FROM sbtest%d WHERE k BETWEEN 8309598 AND 8309698
explain: for range-covered :: explain SELECT k FROM sbtest%d WHERE k BETWEEN 1523784 AND 1523884
for range-covered
table 1 : explain SELECT k FROM sbtest1 WHERE k BETWEEN 5227203 AND 5227303
	Index Only Scan using k_1 on sbtest1  (cost=0.43..6.63 rows=110 width=4)
	  Index Cond: ((k >= 5227203) AND (k <= 5227303))

table 2 : explain SELECT k FROM sbtest2 WHERE k BETWEEN 5227203 AND 5227303
	Index Only Scan using k_2 on sbtest2  (cost=0.43..6.33 rows=95 width=4)
	  Index Cond: ((k >= 5227203) AND (k <= 5227303))

table 3 : explain SELECT k FROM sbtest3 WHERE k BETWEEN 5227203 AND 5227303
	Index Only Scan using k_3 on sbtest3  (cost=0.43..6.37 rows=97 width=4)
	  Index Cond: ((k >= 5227203) AND (k <= 5227303))

table 4 : explain SELECT k FROM sbtest4 WHERE k BETWEEN 5227203 AND 5227303
	Index Only Scan using k_4 on sbtest4  (cost=0.43..6.45 rows=101 width=4)
	  Index Cond: ((k >= 5227203) AND (k <= 5227303))

table 5 : explain SELECT k FROM sbtest5 WHERE k BETWEEN 5227203 AND 5227303
	Index Only Scan using k_5 on sbtest5  (cost=0.43..6.63 rows=110 width=4)
	  Index Cond: ((k >= 5227203) AND (k <= 5227303))

table 6 : explain SELECT k FROM sbtest6 WHERE k BETWEEN 5227203 AND 5227303
	Index Only Scan using k_6 on sbtest6  (cost=0.43..6.42 rows=99 width=4)
	  Index Cond: ((k >= 5227203) AND (k <= 5227303))

table 7 : explain SELECT k FROM sbtest7 WHERE k BETWEEN 5227203 AND 5227303
	Index Only Scan using k_7 on sbtest7  (cost=0.43..6.56 rows=106 width=4)
	  Index Cond: ((k >= 5227203) AND (k <= 5227303))

table 8 : explain SELECT k FROM sbtest8 WHERE k BETWEEN 5227203 AND 5227303
	Index Only Scan using k_8 on sbtest8  (cost=0.43..6.40 rows=98 width=4)
	  Index Cond: ((k >= 5227203) AND (k <= 5227303))

explain: for range-covered :: explain SELECT k FROM sbtest%d WHERE k BETWEEN 5227203 AND 5227303
for range-covered
table 1 : explain SELECT k FROM sbtest1 WHERE k BETWEEN 8050401 AND 8050501
	Index Only Scan using k_1 on sbtest1  (cost=0.43..6.32 rows=94 width=4)
	  Index Cond: ((k >= 8050401) AND (k <= 8050501))

table 2 : explain SELECT k FROM sbtest2 WHERE k BETWEEN 8050401 AND 8050501
	Index Only Scan using k_2 on sbtest2  (cost=0.43..6.59 rows=108 width=4)
	  Index Cond: ((k >= 8050401) AND (k <= 8050501))

table 3 : explain SELECT k FROM sbtest3 WHERE k BETWEEN 8050401 AND 8050501
	Index Only Scan using k_3 on sbtest3  (cost=0.43..6.51 rows=104 width=4)
	  Index Cond: ((k >= 8050401) AND (k <= 8050501))

table 4 : explain SELECT k FROM sbtest4 WHERE k BETWEEN 8050401 AND 8050501
	Index Only Scan using k_4 on sbtest4  (cost=0.43..6.40 rows=98 width=4)
	  Index Cond: ((k >= 8050401) AND (k <= 8050501))

table 5 : explain SELECT k FROM sbtest5 WHERE k BETWEEN 8050401 AND 8050501
	Index Only Scan using k_5 on sbtest5  (cost=0.43..6.43 rows=100 width=4)
	  Index Cond: ((k >= 8050401) AND (k <= 8050501))

table 6 : explain SELECT k FROM sbtest6 WHERE k BETWEEN 8050401 AND 8050501
	Index Only Scan using k_6 on sbtest6  (cost=0.43..6.33 rows=95 width=4)
	  Index Cond: ((k >= 8050401) AND (k <= 8050501))

table 7 : explain SELECT k FROM sbtest7 WHERE k BETWEEN 8050401 AND 8050501
	Index Only Scan using k_7 on sbtest7  (cost=0.43..6.58 rows=107 width=4)
	  Index Cond: ((k >= 8050401) AND (k <= 8050501))

table 8 : explain SELECT k FROM sbtest8 WHERE k BETWEEN 8050401 AND 8050501
	Index Only Scan using k_8 on sbtest8  (cost=0.43..6.40 rows=98 width=4)
	  Index Cond: ((k >= 8050401) AND (k <= 8050501))

explain: for range-covered :: explain SELECT k FROM sbtest%d WHERE k BETWEEN 8050401 AND 8050501
for range-covered
table 1 : explain SELECT k FROM sbtest1 WHERE k BETWEEN 8654318 AND 8654418
	Index Only Scan using k_1 on sbtest1  (cost=0.43..6.42 rows=99 width=4)
	  Index Cond: ((k >= 8654318) AND (k <= 8654418))

table 2 : explain SELECT k FROM sbtest2 WHERE k BETWEEN 8654318 AND 8654418
	Index Only Scan using k_2 on sbtest2  (cost=0.43..6.59 rows=108 width=4)
	  Index Cond: ((k >= 8654318) AND (k <= 8654418))

table 3 : explain SELECT k FROM sbtest3 WHERE k BETWEEN 8654318 AND 8654418
	Index Only Scan using k_3 on sbtest3  (cost=0.43..6.58 rows=107 width=4)
	  Index Cond: ((k >= 8654318) AND (k <= 8654418))

table 4 : explain SELECT k FROM sbtest4 WHERE k BETWEEN 8654318 AND 8654418
	Index Only Scan using k_4 on sbtest4  (cost=0.43..6.42 rows=99 width=4)
	  Index Cond: ((k >= 8654318) AND (k <= 8654418))

table 5 : explain SELECT k FROM sbtest5 WHERE k BETWEEN 8654318 AND 8654418
	Index Only Scan using k_5 on sbtest5  (cost=0.43..6.50 rows=103 width=4)
	  Index Cond: ((k >= 8654318) AND (k <= 8654418))

table 6 : explain SELECT k FROM sbtest6 WHERE k BETWEEN 8654318 AND 8654418
	Index Only Scan using k_6 on sbtest6  (cost=0.43..6.50 rows=103 width=4)
	  Index Cond: ((k >= 8654318) AND (k <= 8654418))

table 7 : explain SELECT k FROM sbtest7 WHERE k BETWEEN 8654318 AND 8654418
	Index Only Scan using k_7 on sbtest7  (cost=0.43..6.37 rows=97 width=4)
	  Index Cond: ((k >= 8654318) AND (k <= 8654418))

table 8 : explain SELECT k FROM sbtest8 WHERE k BETWEEN 8654318 AND 8654418
	Index Only Scan using k_8 on sbtest8  (cost=0.43..6.43 rows=100 width=4)
	  Index Cond: ((k >= 8654318) AND (k <= 8654418))

explain: for range-covered :: explain SELECT k FROM sbtest%d WHERE k BETWEEN 8654318 AND 8654418
for range-covered
table 1 : explain SELECT k FROM sbtest1 WHERE k BETWEEN 5722346 AND 5722446
	Index Only Scan using k_1 on sbtest1  (cost=0.43..6.50 rows=103 width=4)
	  Index Cond: ((k >= 5722346) AND (k <= 5722446))

table 2 : explain SELECT k FROM sbtest2 WHERE k BETWEEN 5722346 AND 5722446
	Index Only Scan using k_2 on sbtest2  (cost=0.43..6.51 rows=104 width=4)
	  Index Cond: ((k >= 5722346) AND (k <= 5722446))

table 3 : explain SELECT k FROM sbtest3 WHERE k BETWEEN 5722346 AND 5722446
	Index Only Scan using k_3 on sbtest3  (cost=0.43..6.40 rows=98 width=4)
	  Index Cond: ((k >= 5722346) AND (k <= 5722446))

table 4 : explain SELECT k FROM sbtest4 WHERE k BETWEEN 5722346 AND 5722446
	Index Only Scan using k_4 on sbtest4  (cost=0.43..6.72 rows=114 width=4)
	  Index Cond: ((k >= 5722346) AND (k <= 5722446))

table 5 : explain SELECT k FROM sbtest5 WHERE k BETWEEN 5722346 AND 5722446
	Index Only Scan using k_5 on sbtest5  (cost=0.43..6.37 rows=97 width=4)
	  Index Cond: ((k >= 5722346) AND (k <= 5722446))

table 6 : explain SELECT k FROM sbtest6 WHERE k BETWEEN 5722346 AND 5722446
	Index Only Scan using k_6 on sbtest6  (cost=0.43..6.50 rows=103 width=4)
	  Index Cond: ((k >= 5722346) AND (k <= 5722446))

table 7 : explain SELECT k FROM sbtest7 WHERE k BETWEEN 5722346 AND 5722446
	Index Only Scan using k_7 on sbtest7  (cost=0.43..6.29 rows=93 width=4)
	  Index Cond: ((k >= 5722346) AND (k <= 5722446))

table 8 : explain SELECT k FROM sbtest8 WHERE k BETWEEN 5722346 AND 5722446
	Index Only Scan using k_8 on sbtest8  (cost=0.43..6.51 rows=104 width=4)
	  Index Cond: ((k >= 5722346) AND (k <= 5722446))

for range-covered
table 1 : explain SELECT k FROM sbtest1 WHERE k BETWEEN 8309598 AND 8309698
	Index Only Scan using k_1 on sbtest1  (cost=0.43..6.63 rows=110 width=4)
	  Index Cond: ((k >= 8309598) AND (k <= 8309698))

table 2 : explain SELECT k FROM sbtest2 WHERE k BETWEEN 8309598 AND 8309698
	Index Only Scan using k_2 on sbtest2  (cost=0.43..6.42 rows=99 width=4)
	  Index Cond: ((k >= 8309598) AND (k <= 8309698))

table 3 : explain SELECT k FROM sbtest3 WHERE k BETWEEN 8309598 AND 8309698
	Index Only Scan using k_3 on sbtest3  (cost=0.43..6.42 rows=99 width=4)
	  Index Cond: ((k >= 8309598) AND (k <= 8309698))

table 4 : explain SELECT k FROM sbtest4 WHERE k BETWEEN 8309598 AND 8309698
	Index Only Scan using k_4 on sbtest4  (cost=0.43..6.45 rows=101 width=4)
	  Index Cond: ((k >= 8309598) AND (k <= 8309698))

table 5 : explain SELECT k FROM sbtest5 WHERE k BETWEEN 8309598 AND 8309698
	Index Only Scan using k_5 on sbtest5  (cost=0.43..6.37 rows=97 width=4)
	  Index Cond: ((k >= 8309598) AND (k <= 8309698))

table 6 : explain SELECT k FROM sbtest6 WHERE k BETWEEN 8309598 AND 8309698
	Index Only Scan using k_6 on sbtest6  (cost=0.43..6.35 rows=96 width=4)
	  Index Cond: ((k >= 8309598) AND (k <= 8309698))

table 7 : explain SELECT k FROM sbtest7 WHERE k BETWEEN 8309598 AND 8309698
	Index Only Scan using k_7 on sbtest7  (cost=0.43..6.53 rows=105 width=4)
	  Index Cond: ((k >= 8309598) AND (k <= 8309698))

table 8 : explain SELECT k FROM sbtest8 WHERE k BETWEEN 8309598 AND 8309698
	Index Only Scan using k_8 on sbtest8  (cost=0.43..6.61 rows=109 width=4)
	  Index Cond: ((k >= 8309598) AND (k <= 8309698))

explain: for range-covered :: explain SELECT k FROM sbtest%d WHERE k BETWEEN 8309598 AND 8309698
for range-covered
table 1 : explain SELECT k FROM sbtest1 WHERE k BETWEEN 1523784 AND 1523884
	Index Only Scan using k_1 on sbtest1  (cost=0.43..6.42 rows=99 width=4)
	  Index Cond: ((k >= 1523784) AND (k <= 1523884))

table 2 : explain SELECT k FROM sbtest2 WHERE k BETWEEN 1523784 AND 1523884
	Index Only Scan using k_2 on sbtest2  (cost=0.43..6.43 rows=100 width=4)
	  Index Cond: ((k >= 1523784) AND (k <= 1523884))

table 3 : explain SELECT k FROM sbtest3 WHERE k BETWEEN 1523784 AND 1523884
	Index Only Scan using k_3 on sbtest3  (cost=0.43..6.72 rows=114 width=4)
	  Index Cond: ((k >= 1523784) AND (k <= 1523884))

table 4 : explain SELECT k FROM sbtest4 WHERE k BETWEEN 1523784 AND 1523884
	Index Only Scan using k_4 on sbtest4  (cost=0.43..6.45 rows=101 width=4)
	  Index Cond: ((k >= 1523784) AND (k <= 1523884))

table 5 : explain SELECT k FROM sbtest5 WHERE k BETWEEN 1523784 AND 1523884
	Index Only Scan using k_5 on sbtest5  (cost=0.43..6.45 rows=101 width=4)
	  Index Cond: ((k >= 1523784) AND (k <= 1523884))

table 6 : explain SELECT k FROM sbtest6 WHERE k BETWEEN 1523784 AND 1523884
	Index Only Scan using k_6 on sbtest6  (cost=0.43..6.45 rows=101 width=4)
	  Index Cond: ((k >= 1523784) AND (k <= 1523884))

table 7 : explain SELECT k FROM sbtest7 WHERE k BETWEEN 1523784 AND 1523884
	Index Only Scan using k_7 on sbtest7  (cost=0.43..6.37 rows=97 width=4)
	  Index Cond: ((k >= 1523784) AND (k <= 1523884))

table 8 : explain SELECT k FROM sbtest8 WHERE k BETWEEN 1523784 AND 1523884
	Index Only Scan using k_8 on sbtest8  (cost=0.43..6.37 rows=97 width=4)
	  Index Cond: ((k >= 1523784) AND (k <= 1523884))

for range-covered
table 1 : explain SELECT k FROM sbtest1 WHERE k BETWEEN 4524531 AND 4524631
	Index Only Scan using k_1 on sbtest1  (cost=0.43..6.42 rows=99 width=4)
	  Index Cond: ((k >= 4524531) AND (k <= 4524631))

table 2 : explain SELECT k FROM sbtest2 WHERE k BETWEEN 4524531 AND 4524631
	Index Only Scan using k_2 on sbtest2  (cost=0.43..6.40 rows=98 width=4)
	  Index Cond: ((k >= 4524531) AND (k <= 4524631))

table 3 : explain SELECT k FROM sbtest3 WHERE k BETWEEN 4524531 AND 4524631
	Index Only Scan using k_3 on sbtest3  (cost=0.43..6.61 rows=109 width=4)
	  Index Cond: ((k >= 4524531) AND (k <= 4524631))

table 4 : explain SELECT k FROM sbtest4 WHERE k BETWEEN 4524531 AND 4524631
	Index Only Scan using k_4 on sbtest4  (cost=0.43..6.56 rows=106 width=4)
	  Index Cond: ((k >= 4524531) AND (k <= 4524631))

table 5 : explain SELECT k FROM sbtest5 WHERE k BETWEEN 4524531 AND 4524631
	Index Only Scan using k_5 on sbtest5  (cost=0.43..6.53 rows=105 width=4)
	  Index Cond: ((k >= 4524531) AND (k <= 4524631))

table 6 : explain SELECT k FROM sbtest6 WHERE k BETWEEN 4524531 AND 4524631
	Index Only Scan using k_6 on sbtest6  (cost=0.43..6.53 rows=105 width=4)
	  Index Cond: ((k >= 4524531) AND (k <= 4524631))

table 7 : explain SELECT k FROM sbtest7 WHERE k BETWEEN 4524531 AND 4524631
	Index Only Scan using k_7 on sbtest7  (cost=0.43..6.69 rows=113 width=4)
	  Index Cond: ((k >= 4524531) AND (k <= 4524631))

table 8 : explain SELECT k FROM sbtest8 WHERE k BETWEEN 4524531 AND 4524631
	Index Only Scan using k_8 on sbtest8  (cost=0.43..6.33 rows=95 width=4)
	  Index Cond: ((k >= 4524531) AND (k <= 4524631))

explain: for range-covered :: explain SELECT k FROM sbtest%d WHERE k BETWEEN 5722346 AND 5722446
explain: for range-covered :: explain SELECT k FROM sbtest%d WHERE k BETWEEN 4524531 AND 4524631
for range-covered
table 1 : explain SELECT k FROM sbtest1 WHERE k BETWEEN 5227203 AND 5227303
	Index Only Scan using k_1 on sbtest1  (cost=0.43..6.63 rows=110 width=4)
	  Index Cond: ((k >= 5227203) AND (k <= 5227303))

table 2 : explain SELECT k FROM sbtest2 WHERE k BETWEEN 5227203 AND 5227303
	Index Only Scan using k_2 on sbtest2  (cost=0.43..6.33 rows=95 width=4)
	  Index Cond: ((k >= 5227203) AND (k <= 5227303))

table 3 : explain SELECT k FROM sbtest3 WHERE k BETWEEN 5227203 AND 5227303
	Index Only Scan using k_3 on sbtest3  (cost=0.43..6.37 rows=97 width=4)
	  Index Cond: ((k >= 5227203) AND (k <= 5227303))

table 4 : explain SELECT k FROM sbtest4 WHERE k BETWEEN 5227203 AND 5227303
	Index Only Scan using k_4 on sbtest4  (cost=0.43..6.45 rows=101 width=4)
	  Index Cond: ((k >= 5227203) AND (k <= 5227303))

table 5 : explain SELECT k FROM sbtest5 WHERE k BETWEEN 5227203 AND 5227303
	Index Only Scan using k_5 on sbtest5  (cost=0.43..6.63 rows=110 width=4)
	  Index Cond: ((k >= 5227203) AND (k <= 5227303))

table 6 : explain SELECT k FROM sbtest6 WHERE k BETWEEN 5227203 AND 5227303
	Index Only Scan using k_6 on sbtest6  (cost=0.43..6.42 rows=99 width=4)
	  Index Cond: ((k >= 5227203) AND (k <= 5227303))

table 7 : explain SELECT k FROM sbtest7 WHERE k BETWEEN 5227203 AND 5227303
	Index Only Scan using k_7 on sbtest7  (cost=0.43..6.56 rows=106 width=4)
	  Index Cond: ((k >= 5227203) AND (k <= 5227303))

table 8 : explain SELECT k FROM sbtest8 WHERE k BETWEEN 5227203 AND 5227303
	Index Only Scan using k_8 on sbtest8  (cost=0.43..6.40 rows=98 width=4)
	  Index Cond: ((k >= 5227203) AND (k <= 5227303))

explain: for range-covered :: explain SELECT k FROM sbtest%d WHERE k BETWEEN 5227203 AND 5227303
for range-covered
table 1 : explain SELECT k FROM sbtest1 WHERE k BETWEEN 8050401 AND 8050501
	Index Only Scan using k_1 on sbtest1  (cost=0.43..6.32 rows=94 width=4)
	  Index Cond: ((k >= 8050401) AND (k <= 8050501))

table 2 : explain SELECT k FROM sbtest2 WHERE k BETWEEN 8050401 AND 8050501
	Index Only Scan using k_2 on sbtest2  (cost=0.43..6.59 rows=108 width=4)
	  Index Cond: ((k >= 8050401) AND (k <= 8050501))

table 3 : explain SELECT k FROM sbtest3 WHERE k BETWEEN 8050401 AND 8050501
	Index Only Scan using k_3 on sbtest3  (cost=0.43..6.51 rows=104 width=4)
	  Index Cond: ((k >= 8050401) AND (k <= 8050501))

table 4 : explain SELECT k FROM sbtest4 WHERE k BETWEEN 8050401 AND 8050501
	Index Only Scan using k_4 on sbtest4  (cost=0.43..6.40 rows=98 width=4)
	  Index Cond: ((k >= 8050401) AND (k <= 8050501))

table 5 : explain SELECT k FROM sbtest5 WHERE k BETWEEN 8050401 AND 8050501
	Index Only Scan using k_5 on sbtest5  (cost=0.43..6.43 rows=100 width=4)
	  Index Cond: ((k >= 8050401) AND (k <= 8050501))

table 6 : explain SELECT k FROM sbtest6 WHERE k BETWEEN 8050401 AND 8050501
	Index Only Scan using k_6 on sbtest6  (cost=0.43..6.33 rows=95 width=4)
	  Index Cond: ((k >= 8050401) AND (k <= 8050501))

table 7 : explain SELECT k FROM sbtest7 WHERE k BETWEEN 8050401 AND 8050501
	Index Only Scan using k_7 on sbtest7  (cost=0.43..6.58 rows=107 width=4)
	  Index Cond: ((k >= 8050401) AND (k <= 8050501))

table 8 : explain SELECT k FROM sbtest8 WHERE k BETWEEN 8050401 AND 8050501
	Index Only Scan using k_8 on sbtest8  (cost=0.43..6.40 rows=98 width=4)
	  Index Cond: ((k >= 8050401) AND (k <= 8050501))

explain: for range-covered :: explain SELECT k FROM sbtest%d WHERE k BETWEEN 8050401 AND 8050501
for range-covered
table 1 : explain SELECT k FROM sbtest1 WHERE k BETWEEN 8654318 AND 8654418
	Index Only Scan using k_1 on sbtest1  (cost=0.43..6.42 rows=99 width=4)
	  Index Cond: ((k >= 8654318) AND (k <= 8654418))

table 2 : explain SELECT k FROM sbtest2 WHERE k BETWEEN 8654318 AND 8654418
	Index Only Scan using k_2 on sbtest2  (cost=0.43..6.59 rows=108 width=4)
	  Index Cond: ((k >= 8654318) AND (k <= 8654418))

table 3 : explain SELECT k FROM sbtest3 WHERE k BETWEEN 8654318 AND 8654418
	Index Only Scan using k_3 on sbtest3  (cost=0.43..6.58 rows=107 width=4)
	  Index Cond: ((k >= 8654318) AND (k <= 8654418))

table 4 : explain SELECT k FROM sbtest4 WHERE k BETWEEN 8654318 AND 8654418
	Index Only Scan using k_4 on sbtest4  (cost=0.43..6.42 rows=99 width=4)
	  Index Cond: ((k >= 8654318) AND (k <= 8654418))

table 5 : explain SELECT k FROM sbtest5 WHERE k BETWEEN 8654318 AND 8654418
	Index Only Scan using k_5 on sbtest5  (cost=0.43..6.50 rows=103 width=4)
	  Index Cond: ((k >= 8654318) AND (k <= 8654418))

table 6 : explain SELECT k FROM sbtest6 WHERE k BETWEEN 8654318 AND 8654418
	Index Only Scan using k_6 on sbtest6  (cost=0.43..6.50 rows=103 width=4)
	  Index Cond: ((k >= 8654318) AND (k <= 8654418))

table 7 : explain SELECT k FROM sbtest7 WHERE k BETWEEN 8654318 AND 8654418
	Index Only Scan using k_7 on sbtest7  (cost=0.43..6.37 rows=97 width=4)
	  Index Cond: ((k >= 8654318) AND (k <= 8654418))

table 8 : explain SELECT k FROM sbtest8 WHERE k BETWEEN 8654318 AND 8654418
	Index Only Scan using k_8 on sbtest8  (cost=0.43..6.43 rows=100 width=4)
	  Index Cond: ((k >= 8654318) AND (k <= 8654418))

explain: for range-covered :: explain SELECT k FROM sbtest%d WHERE k BETWEEN 8654318 AND 8654418
for range-covered
table 1 : explain SELECT k FROM sbtest1 WHERE k BETWEEN 8309598 AND 8309698
	Index Only Scan using k_1 on sbtest1  (cost=0.43..6.63 rows=110 width=4)
	  Index Cond: ((k >= 8309598) AND (k <= 8309698))

table 2 : explain SELECT k FROM sbtest2 WHERE k BETWEEN 8309598 AND 8309698
	Index Only Scan using k_2 on sbtest2  (cost=0.43..6.42 rows=99 width=4)
	  Index Cond: ((k >= 8309598) AND (k <= 8309698))

table 3 : explain SELECT k FROM sbtest3 WHERE k BETWEEN 8309598 AND 8309698
	Index Only Scan using k_3 on sbtest3  (cost=0.43..6.42 rows=99 width=4)
	  Index Cond: ((k >= 8309598) AND (k <= 8309698))

table 4 : explain SELECT k FROM sbtest4 WHERE k BETWEEN 8309598 AND 8309698
	Index Only Scan using k_4 on sbtest4  (cost=0.43..6.45 rows=101 width=4)
	  Index Cond: ((k >= 8309598) AND (k <= 8309698))

table 5 : explain SELECT k FROM sbtest5 WHERE k BETWEEN 8309598 AND 8309698
	Index Only Scan using k_5 on sbtest5  (cost=0.43..6.37 rows=97 width=4)
	  Index Cond: ((k >= 8309598) AND (k <= 8309698))

table 6 : explain SELECT k FROM sbtest6 WHERE k BETWEEN 8309598 AND 8309698
	Index Only Scan using k_6 on sbtest6  (cost=0.43..6.35 rows=96 width=4)
	  Index Cond: ((k >= 8309598) AND (k <= 8309698))

table 7 : explain SELECT k FROM sbtest7 WHERE k BETWEEN 8309598 AND 8309698
	Index Only Scan using k_7 on sbtest7  (cost=0.43..6.53 rows=105 width=4)
	  Index Cond: ((k >= 8309598) AND (k <= 8309698))

table 8 : explain SELECT k FROM sbtest8 WHERE k BETWEEN 8309598 AND 8309698
	Index Only Scan using k_8 on sbtest8  (cost=0.43..6.61 rows=109 width=4)
	  Index Cond: ((k >= 8309598) AND (k <= 8309698))

for range-covered
table 1 : explain SELECT k FROM sbtest1 WHERE k BETWEEN 3666307 AND 3666407
	Index Only Scan using k_1 on sbtest1  (cost=0.43..6.35 rows=96 width=4)
	  Index Cond: ((k >= 3666307) AND (k <= 3666407))

table 2 : explain SELECT k FROM sbtest2 WHERE k BETWEEN 3666307 AND 3666407
	Index Only Scan using k_2 on sbtest2  (cost=0.43..6.63 rows=110 width=4)
	  Index Cond: ((k >= 3666307) AND (k <= 3666407))

table 3 : explain SELECT k FROM sbtest3 WHERE k BETWEEN 3666307 AND 3666407
	Index Only Scan using k_3 on sbtest3  (cost=0.43..6.35 rows=96 width=4)
	  Index Cond: ((k >= 3666307) AND (k <= 3666407))

table 4 : explain SELECT k FROM sbtest4 WHERE k BETWEEN 3666307 AND 3666407
	Index Only Scan using k_4 on sbtest4  (cost=0.43..6.42 rows=99 width=4)
	  Index Cond: ((k >= 3666307) AND (k <= 3666407))

table 5 : explain SELECT k FROM sbtest5 WHERE k BETWEEN 3666307 AND 3666407
	Index Only Scan using k_5 on sbtest5  (cost=0.43..6.56 rows=106 width=4)
	  Index Cond: ((k >= 3666307) AND (k <= 3666407))

table 6 : explain SELECT k FROM sbtest6 WHERE k BETWEEN 3666307 AND 3666407
	Index Only Scan using k_6 on sbtest6  (cost=0.43..6.35 rows=96 width=4)
	  Index Cond: ((k >= 3666307) AND (k <= 3666407))

table 7 : explain SELECT k FROM sbtest7 WHERE k BETWEEN 3666307 AND 3666407
	Index Only Scan using k_7 on sbtest7  (cost=0.43..6.61 rows=109 width=4)
	  Index Cond: ((k >= 3666307) AND (k <= 3666407))

table 8 : explain SELECT k FROM sbtest8 WHERE k BETWEEN 3666307 AND 3666407
	Index Only Scan using k_8 on sbtest8  (cost=0.43..6.42 rows=99 width=4)
	  Index Cond: ((k >= 3666307) AND (k <= 3666407))

explain: for range-covered :: explain SELECT k FROM sbtest%d WHERE k BETWEEN 8309598 AND 8309698
explain: for range-covered :: explain SELECT k FROM sbtest%d WHERE k BETWEEN 3666307 AND 3666407
for range-covered
table 1 : explain SELECT k FROM sbtest1 WHERE k BETWEEN 5227203 AND 5227303
	Index Only Scan using k_1 on sbtest1  (cost=0.43..6.63 rows=110 width=4)
	  Index Cond: ((k >= 5227203) AND (k <= 5227303))

table 2 : explain SELECT k FROM sbtest2 WHERE k BETWEEN 5227203 AND 5227303
	Index Only Scan using k_2 on sbtest2  (cost=0.43..6.33 rows=95 width=4)
	  Index Cond: ((k >= 5227203) AND (k <= 5227303))

table 3 : explain SELECT k FROM sbtest3 WHERE k BETWEEN 5227203 AND 5227303
	Index Only Scan using k_3 on sbtest3  (cost=0.43..6.37 rows=97 width=4)
	  Index Cond: ((k >= 5227203) AND (k <= 5227303))

table 4 : explain SELECT k FROM sbtest4 WHERE k BETWEEN 5227203 AND 5227303
	Index Only Scan using k_4 on sbtest4  (cost=0.43..6.45 rows=101 width=4)
	  Index Cond: ((k >= 5227203) AND (k <= 5227303))

table 5 : explain SELECT k FROM sbtest5 WHERE k BETWEEN 5227203 AND 5227303
	Index Only Scan using k_5 on sbtest5  (cost=0.43..6.63 rows=110 width=4)
	  Index Cond: ((k >= 5227203) AND (k <= 5227303))

table 6 : explain SELECT k FROM sbtest6 WHERE k BETWEEN 5227203 AND 5227303
	Index Only Scan using k_6 on sbtest6  (cost=0.43..6.42 rows=99 width=4)
	  Index Cond: ((k >= 5227203) AND (k <= 5227303))

table 7 : explain SELECT k FROM sbtest7 WHERE k BETWEEN 5227203 AND 5227303
	Index Only Scan using k_7 on sbtest7  (cost=0.43..6.56 rows=106 width=4)
	  Index Cond: ((k >= 5227203) AND (k <= 5227303))

table 8 : explain SELECT k FROM sbtest8 WHERE k BETWEEN 5227203 AND 5227303
	Index Only Scan using k_8 on sbtest8  (cost=0.43..6.40 rows=98 width=4)
	  Index Cond: ((k >= 5227203) AND (k <= 5227303))

explain: for range-covered :: explain SELECT k FROM sbtest%d WHERE k BETWEEN 5227203 AND 5227303
for range-covered
table 1 : explain SELECT k FROM sbtest1 WHERE k BETWEEN 4083324 AND 4083424
	Index Only Scan using k_1 on sbtest1  (cost=0.43..6.47 rows=102 width=4)
	  Index Cond: ((k >= 4083324) AND (k <= 4083424))

table 2 : explain SELECT k FROM sbtest2 WHERE k BETWEEN 4083324 AND 4083424
	Index Only Scan using k_2 on sbtest2  (cost=0.43..6.47 rows=102 width=4)
	  Index Cond: ((k >= 4083324) AND (k <= 4083424))

table 3 : explain SELECT k FROM sbtest3 WHERE k BETWEEN 4083324 AND 4083424
	Index Only Scan using k_3 on sbtest3  (cost=0.43..6.45 rows=101 width=4)
	  Index Cond: ((k >= 4083324) AND (k <= 4083424))

table 4 : explain SELECT k FROM sbtest4 WHERE k BETWEEN 4083324 AND 4083424
	Index Only Scan using k_4 on sbtest4  (cost=0.43..6.37 rows=97 width=4)
	  Index Cond: ((k >= 4083324) AND (k <= 4083424))

table 5 : explain SELECT k FROM sbtest5 WHERE k BETWEEN 4083324 AND 4083424
	Index Only Scan using k_5 on sbtest5  (cost=0.43..6.47 rows=102 width=4)
	  Index Cond: ((k >= 4083324) AND (k <= 4083424))

table 6 : explain SELECT k FROM sbtest6 WHERE k BETWEEN 4083324 AND 4083424
	Index Only Scan using k_6 on sbtest6  (cost=0.43..6.43 rows=100 width=4)
	  Index Cond: ((k >= 4083324) AND (k <= 4083424))

table 7 : explain SELECT k FROM sbtest7 WHERE k BETWEEN 4083324 AND 4083424
	Index Only Scan using k_7 on sbtest7  (cost=0.43..6.50 rows=103 width=4)
	  Index Cond: ((k >= 4083324) AND (k <= 4083424))

table 8 : explain SELECT k FROM sbtest8 WHERE k BETWEEN 4083324 AND 4083424
	Index Only Scan using k_8 on sbtest8  (cost=0.43..6.42 rows=99 width=4)
	  Index Cond: ((k >= 4083324) AND (k <= 4083424))

for range-covered
table 1 : explain SELECT k FROM sbtest1 WHERE k BETWEEN 8050401 AND 8050501
	Index Only Scan using k_1 on sbtest1  (cost=0.43..6.32 rows=94 width=4)
	  Index Cond: ((k >= 8050401) AND (k <= 8050501))

table 2 : explain SELECT k FROM sbtest2 WHERE k BETWEEN 8050401 AND 8050501
	Index Only Scan using k_2 on sbtest2  (cost=0.43..6.59 rows=108 width=4)
	  Index Cond: ((k >= 8050401) AND (k <= 8050501))

table 3 : explain SELECT k FROM sbtest3 WHERE k BETWEEN 8050401 AND 8050501
	Index Only Scan using k_3 on sbtest3  (cost=0.43..6.51 rows=104 width=4)
	  Index Cond: ((k >= 8050401) AND (k <= 8050501))

table 4 : explain SELECT k FROM sbtest4 WHERE k BETWEEN 8050401 AND 8050501
	Index Only Scan using k_4 on sbtest4  (cost=0.43..6.40 rows=98 width=4)
	  Index Cond: ((k >= 8050401) AND (k <= 8050501))

table 5 : explain SELECT k FROM sbtest5 WHERE k BETWEEN 8050401 AND 8050501
	Index Only Scan using k_5 on sbtest5  (cost=0.43..6.43 rows=100 width=4)
	  Index Cond: ((k >= 8050401) AND (k <= 8050501))

table 6 : explain SELECT k FROM sbtest6 WHERE k BETWEEN 8050401 AND 8050501
	Index Only Scan using k_6 on sbtest6  (cost=0.43..6.33 rows=95 width=4)
	  Index Cond: ((k >= 8050401) AND (k <= 8050501))

table 7 : explain SELECT k FROM sbtest7 WHERE k BETWEEN 8050401 AND 8050501
	Index Only Scan using k_7 on sbtest7  (cost=0.43..6.58 rows=107 width=4)
	  Index Cond: ((k >= 8050401) AND (k <= 8050501))

table 8 : explain SELECT k FROM sbtest8 WHERE k BETWEEN 8050401 AND 8050501
	Index Only Scan using k_8 on sbtest8  (cost=0.43..6.40 rows=98 width=4)
	  Index Cond: ((k >= 8050401) AND (k <= 8050501))

explain: for range-covered :: explain SELECT k FROM sbtest%d WHERE k BETWEEN 8050401 AND 8050501
for range-covered
table 1 : explain SELECT k FROM sbtest1 WHERE k BETWEEN 2870451 AND 2870551
	Index Only Scan using k_1 on sbtest1  (cost=0.43..6.51 rows=104 width=4)
	  Index Cond: ((k >= 2870451) AND (k <= 2870551))

table 2 : explain SELECT k FROM sbtest2 WHERE k BETWEEN 2870451 AND 2870551
	Index Only Scan using k_2 on sbtest2  (cost=0.43..6.45 rows=101 width=4)
	  Index Cond: ((k >= 2870451) AND (k <= 2870551))

table 3 : explain SELECT k FROM sbtest3 WHERE k BETWEEN 2870451 AND 2870551
	Index Only Scan using k_3 on sbtest3  (cost=0.43..6.43 rows=100 width=4)
	  Index Cond: ((k >= 2870451) AND (k <= 2870551))

table 4 : explain SELECT k FROM sbtest4 WHERE k BETWEEN 2870451 AND 2870551
	Index Only Scan using k_4 on sbtest4  (cost=0.43..6.47 rows=102 width=4)
	  Index Cond: ((k >= 2870451) AND (k <= 2870551))

table 5 : explain SELECT k FROM sbtest5 WHERE k BETWEEN 2870451 AND 2870551
	Index Only Scan using k_5 on sbtest5  (cost=0.43..6.40 rows=98 width=4)
	  Index Cond: ((k >= 2870451) AND (k <= 2870551))

table 6 : explain SELECT k FROM sbtest6 WHERE k BETWEEN 2870451 AND 2870551
	Index Only Scan using k_6 on sbtest6  (cost=0.43..6.53 rows=105 width=4)
	  Index Cond: ((k >= 2870451) AND (k <= 2870551))

table 7 : explain SELECT k FROM sbtest7 WHERE k BETWEEN 2870451 AND 2870551
	Index Only Scan using k_7 on sbtest7  (cost=0.43..6.45 rows=101 width=4)
	  Index Cond: ((k >= 2870451) AND (k <= 2870551))

table 8 : explain SELECT k FROM sbtest8 WHERE k BETWEEN 2870451 AND 2870551
	Index Only Scan using k_8 on sbtest8  (cost=0.43..6.43 rows=100 width=4)
	  Index Cond: ((k >= 2870451) AND (k <= 2870551))

for range-covered
table 1 : explain SELECT k FROM sbtest1 WHERE k BETWEEN 8654318 AND 8654418
	Index Only Scan using k_1 on sbtest1  (cost=0.43..6.42 rows=99 width=4)
	  Index Cond: ((k >= 8654318) AND (k <= 8654418))

table 2 : explain SELECT k FROM sbtest2 WHERE k BETWEEN 8654318 AND 8654418
	Index Only Scan using k_2 on sbtest2  (cost=0.43..6.59 rows=108 width=4)
	  Index Cond: ((k >= 8654318) AND (k <= 8654418))

table 3 : explain SELECT k FROM sbtest3 WHERE k BETWEEN 8654318 AND 8654418
	Index Only Scan using k_3 on sbtest3  (cost=0.43..6.58 rows=107 width=4)
	  Index Cond: ((k >= 8654318) AND (k <= 8654418))

table 4 : explain SELECT k FROM sbtest4 WHERE k BETWEEN 8654318 AND 8654418
	Index Only Scan using k_4 on sbtest4  (cost=0.43..6.42 rows=99 width=4)
	  Index Cond: ((k >= 8654318) AND (k <= 8654418))

table 5 : explain SELECT k FROM sbtest5 WHERE k BETWEEN 8654318 AND 8654418
	Index Only Scan using k_5 on sbtest5  (cost=0.43..6.50 rows=103 width=4)
	  Index Cond: ((k >= 8654318) AND (k <= 8654418))

table 6 : explain SELECT k FROM sbtest6 WHERE k BETWEEN 8654318 AND 8654418
	Index Only Scan using k_6 on sbtest6  (cost=0.43..6.50 rows=103 width=4)
	  Index Cond: ((k >= 8654318) AND (k <= 8654418))

table 7 : explain SELECT k FROM sbtest7 WHERE k BETWEEN 8654318 AND 8654418
	Index Only Scan using k_7 on sbtest7  (cost=0.43..6.37 rows=97 width=4)
	  Index Cond: ((k >= 8654318) AND (k <= 8654418))

table 8 : explain SELECT k FROM sbtest8 WHERE k BETWEEN 8654318 AND 8654418
	Index Only Scan using k_8 on sbtest8  (cost=0.43..6.43 rows=100 width=4)
	  Index Cond: ((k >= 8654318) AND (k <= 8654418))

explain: for range-covered :: explain SELECT k FROM sbtest%d WHERE k BETWEEN 4083324 AND 4083424
explain: for range-covered :: explain SELECT k FROM sbtest%d WHERE k BETWEEN 2870451 AND 2870551
explain: for range-covered :: explain SELECT k FROM sbtest%d WHERE k BETWEEN 8654318 AND 8654418
for range-covered
table 1 : explain SELECT k FROM sbtest1 WHERE k BETWEEN 8309598 AND 8309698
	Index Only Scan using k_1 on sbtest1  (cost=0.43..6.63 rows=110 width=4)
	  Index Cond: ((k >= 8309598) AND (k <= 8309698))

table 2 : explain SELECT k FROM sbtest2 WHERE k BETWEEN 8309598 AND 8309698
	Index Only Scan using k_2 on sbtest2  (cost=0.43..6.42 rows=99 width=4)
	  Index Cond: ((k >= 8309598) AND (k <= 8309698))

table 3 : explain SELECT k FROM sbtest3 WHERE k BETWEEN 8309598 AND 8309698
	Index Only Scan using k_3 on sbtest3  (cost=0.43..6.42 rows=99 width=4)
	  Index Cond: ((k >= 8309598) AND (k <= 8309698))

table 4 : explain SELECT k FROM sbtest4 WHERE k BETWEEN 8309598 AND 8309698
	Index Only Scan using k_4 on sbtest4  (cost=0.43..6.45 rows=101 width=4)
	  Index Cond: ((k >= 8309598) AND (k <= 8309698))

table 5 : explain SELECT k FROM sbtest5 WHERE k BETWEEN 8309598 AND 8309698
	Index Only Scan using k_5 on sbtest5  (cost=0.43..6.37 rows=97 width=4)
	  Index Cond: ((k >= 8309598) AND (k <= 8309698))

table 6 : explain SELECT k FROM sbtest6 WHERE k BETWEEN 8309598 AND 8309698
	Index Only Scan using k_6 on sbtest6  (cost=0.43..6.35 rows=96 width=4)
	  Index Cond: ((k >= 8309598) AND (k <= 8309698))

table 7 : explain SELECT k FROM sbtest7 WHERE k BETWEEN 8309598 AND 8309698
	Index Only Scan using k_7 on sbtest7  (cost=0.43..6.53 rows=105 width=4)
	  Index Cond: ((k >= 8309598) AND (k <= 8309698))

table 8 : explain SELECT k FROM sbtest8 WHERE k BETWEEN 8309598 AND 8309698
	Index Only Scan using k_8 on sbtest8  (cost=0.43..6.61 rows=109 width=4)
	  Index Cond: ((k >= 8309598) AND (k <= 8309698))

explain: for range-covered :: explain SELECT k FROM sbtest%d WHERE k BETWEEN 8309598 AND 8309698
for range-covered
table 1 : explain SELECT k FROM sbtest1 WHERE k BETWEEN 3666307 AND 3666407
	Index Only Scan using k_1 on sbtest1  (cost=0.43..6.35 rows=96 width=4)
	  Index Cond: ((k >= 3666307) AND (k <= 3666407))

table 2 : explain SELECT k FROM sbtest2 WHERE k BETWEEN 3666307 AND 3666407
	Index Only Scan using k_2 on sbtest2  (cost=0.43..6.63 rows=110 width=4)
	  Index Cond: ((k >= 3666307) AND (k <= 3666407))

table 3 : explain SELECT k FROM sbtest3 WHERE k BETWEEN 3666307 AND 3666407
	Index Only Scan using k_3 on sbtest3  (cost=0.43..6.35 rows=96 width=4)
	  Index Cond: ((k >= 3666307) AND (k <= 3666407))

table 4 : explain SELECT k FROM sbtest4 WHERE k BETWEEN 3666307 AND 3666407
	Index Only Scan using k_4 on sbtest4  (cost=0.43..6.42 rows=99 width=4)
	  Index Cond: ((k >= 3666307) AND (k <= 3666407))

table 5 : explain SELECT k FROM sbtest5 WHERE k BETWEEN 3666307 AND 3666407
	Index Only Scan using k_5 on sbtest5  (cost=0.43..6.56 rows=106 width=4)
	  Index Cond: ((k >= 3666307) AND (k <= 3666407))

table 6 : explain SELECT k FROM sbtest6 WHERE k BETWEEN 3666307 AND 3666407
	Index Only Scan using k_6 on sbtest6  (cost=0.43..6.35 rows=96 width=4)
	  Index Cond: ((k >= 3666307) AND (k <= 3666407))

table 7 : explain SELECT k FROM sbtest7 WHERE k BETWEEN 3666307 AND 3666407
	Index Only Scan using k_7 on sbtest7  (cost=0.43..6.61 rows=109 width=4)
	  Index Cond: ((k >= 3666307) AND (k <= 3666407))

table 8 : explain SELECT k FROM sbtest8 WHERE k BETWEEN 3666307 AND 3666407
	Index Only Scan using k_8 on sbtest8  (cost=0.43..6.42 rows=99 width=4)
	  Index Cond: ((k >= 3666307) AND (k <= 3666407))

explain: for range-covered :: explain SELECT k FROM sbtest%d WHERE k BETWEEN 3666307 AND 3666407
for range-covered
table 1 : explain SELECT k FROM sbtest1 WHERE k BETWEEN 5227203 AND 5227303
	Index Only Scan using k_1 on sbtest1  (cost=0.43..6.63 rows=110 width=4)
	  Index Cond: ((k >= 5227203) AND (k <= 5227303))

table 2 : explain SELECT k FROM sbtest2 WHERE k BETWEEN 5227203 AND 5227303
	Index Only Scan using k_2 on sbtest2  (cost=0.43..6.33 rows=95 width=4)
	  Index Cond: ((k >= 5227203) AND (k <= 5227303))

table 3 : explain SELECT k FROM sbtest3 WHERE k BETWEEN 5227203 AND 5227303
	Index Only Scan using k_3 on sbtest3  (cost=0.43..6.37 rows=97 width=4)
	  Index Cond: ((k >= 5227203) AND (k <= 5227303))

table 4 : explain SELECT k FROM sbtest4 WHERE k BETWEEN 5227203 AND 5227303
	Index Only Scan using k_4 on sbtest4  (cost=0.43..6.45 rows=101 width=4)
	  Index Cond: ((k >= 5227203) AND (k <= 5227303))

table 5 : explain SELECT k FROM sbtest5 WHERE k BETWEEN 5227203 AND 5227303
	Index Only Scan using k_5 on sbtest5  (cost=0.43..6.63 rows=110 width=4)
	  Index Cond: ((k >= 5227203) AND (k <= 5227303))

table 6 : explain SELECT k FROM sbtest6 WHERE k BETWEEN 5227203 AND 5227303
	Index Only Scan using k_6 on sbtest6  (cost=0.43..6.42 rows=99 width=4)
	  Index Cond: ((k >= 5227203) AND (k <= 5227303))

table 7 : explain SELECT k FROM sbtest7 WHERE k BETWEEN 5227203 AND 5227303
	Index Only Scan using k_7 on sbtest7  (cost=0.43..6.56 rows=106 width=4)
	  Index Cond: ((k >= 5227203) AND (k <= 5227303))

table 8 : explain SELECT k FROM sbtest8 WHERE k BETWEEN 5227203 AND 5227303
	Index Only Scan using k_8 on sbtest8  (cost=0.43..6.40 rows=98 width=4)
	  Index Cond: ((k >= 5227203) AND (k <= 5227303))

explain: for range-covered :: explain SELECT k FROM sbtest%d WHERE k BETWEEN 5227203 AND 5227303
for range-covered
table 1 : explain SELECT k FROM sbtest1 WHERE k BETWEEN 4524531 AND 4524631
	Index Only Scan using k_1 on sbtest1  (cost=0.43..6.42 rows=99 width=4)
	  Index Cond: ((k >= 4524531) AND (k <= 4524631))

table 2 : explain SELECT k FROM sbtest2 WHERE k BETWEEN 4524531 AND 4524631
	Index Only Scan using k_2 on sbtest2  (cost=0.43..6.40 rows=98 width=4)
	  Index Cond: ((k >= 4524531) AND (k <= 4524631))

table 3 : explain SELECT k FROM sbtest3 WHERE k BETWEEN 4524531 AND 4524631
	Index Only Scan using k_3 on sbtest3  (cost=0.43..6.61 rows=109 width=4)
	  Index Cond: ((k >= 4524531) AND (k <= 4524631))

table 4 : explain SELECT k FROM sbtest4 WHERE k BETWEEN 4524531 AND 4524631
	Index Only Scan using k_4 on sbtest4  (cost=0.43..6.56 rows=106 width=4)
	  Index Cond: ((k >= 4524531) AND (k <= 4524631))

table 5 : explain SELECT k FROM sbtest5 WHERE k BETWEEN 4524531 AND 4524631
	Index Only Scan using k_5 on sbtest5  (cost=0.43..6.53 rows=105 width=4)
	  Index Cond: ((k >= 4524531) AND (k <= 4524631))

table 6 : explain SELECT k FROM sbtest6 WHERE k BETWEEN 4524531 AND 4524631
	Index Only Scan using k_6 on sbtest6  (cost=0.43..6.53 rows=105 width=4)
	  Index Cond: ((k >= 4524531) AND (k <= 4524631))

table 7 : explain SELECT k FROM sbtest7 WHERE k BETWEEN 4524531 AND 4524631
	Index Only Scan using k_7 on sbtest7  (cost=0.43..6.69 rows=113 width=4)
	  Index Cond: ((k >= 4524531) AND (k <= 4524631))

table 8 : explain SELECT k FROM sbtest8 WHERE k BETWEEN 4524531 AND 4524631
	Index Only Scan using k_8 on sbtest8  (cost=0.43..6.33 rows=95 width=4)
	  Index Cond: ((k >= 4524531) AND (k <= 4524631))

for range-covered
table 1 : explain SELECT k FROM sbtest1 WHERE k BETWEEN 5722346 AND 5722446
	Index Only Scan using k_1 on sbtest1  (cost=0.43..6.50 rows=103 width=4)
	  Index Cond: ((k >= 5722346) AND (k <= 5722446))

table 2 : explain SELECT k FROM sbtest2 WHERE k BETWEEN 5722346 AND 5722446
	Index Only Scan using k_2 on sbtest2  (cost=0.43..6.51 rows=104 width=4)
	  Index Cond: ((k >= 5722346) AND (k <= 5722446))

table 3 : explain SELECT k FROM sbtest3 WHERE k BETWEEN 5722346 AND 5722446
	Index Only Scan using k_3 on sbtest3  (cost=0.43..6.40 rows=98 width=4)
	  Index Cond: ((k >= 5722346) AND (k <= 5722446))

table 4 : explain SELECT k FROM sbtest4 WHERE k BETWEEN 5722346 AND 5722446
	Index Only Scan using k_4 on sbtest4  (cost=0.43..6.72 rows=114 width=4)
	  Index Cond: ((k >= 5722346) AND (k <= 5722446))

table 5 : explain SELECT k FROM sbtest5 WHERE k BETWEEN 5722346 AND 5722446
	Index Only Scan using k_5 on sbtest5  (cost=0.43..6.37 rows=97 width=4)
	  Index Cond: ((k >= 5722346) AND (k <= 5722446))

table 6 : explain SELECT k FROM sbtest6 WHERE k BETWEEN 5722346 AND 5722446
	Index Only Scan using k_6 on sbtest6  (cost=0.43..6.50 rows=103 width=4)
	  Index Cond: ((k >= 5722346) AND (k <= 5722446))

table 7 : explain SELECT k FROM sbtest7 WHERE k BETWEEN 5722346 AND 5722446
	Index Only Scan using k_7 on sbtest7  (cost=0.43..6.29 rows=93 width=4)
	  Index Cond: ((k >= 5722346) AND (k <= 5722446))

table 8 : explain SELECT k FROM sbtest8 WHERE k BETWEEN 5722346 AND 5722446
	Index Only Scan using k_8 on sbtest8  (cost=0.43..6.51 rows=104 width=4)
	  Index Cond: ((k >= 5722346) AND (k <= 5722446))

for range-covered
table 1 : explain SELECT k FROM sbtest1 WHERE k BETWEEN 8050401 AND 8050501
	Index Only Scan using k_1 on sbtest1  (cost=0.43..6.32 rows=94 width=4)
	  Index Cond: ((k >= 8050401) AND (k <= 8050501))

table 2 : explain SELECT k FROM sbtest2 WHERE k BETWEEN 8050401 AND 8050501
	Index Only Scan using k_2 on sbtest2  (cost=0.43..6.59 rows=108 width=4)
	  Index Cond: ((k >= 8050401) AND (k <= 8050501))

table 3 : explain SELECT k FROM sbtest3 WHERE k BETWEEN 8050401 AND 8050501
	Index Only Scan using k_3 on sbtest3  (cost=0.43..6.51 rows=104 width=4)
	  Index Cond: ((k >= 8050401) AND (k <= 8050501))

table 4 : explain SELECT k FROM sbtest4 WHERE k BETWEEN 8050401 AND 8050501
	Index Only Scan using k_4 on sbtest4  (cost=0.43..6.40 rows=98 width=4)
	  Index Cond: ((k >= 8050401) AND (k <= 8050501))

table 5 : explain SELECT k FROM sbtest5 WHERE k BETWEEN 8050401 AND 8050501
	Index Only Scan using k_5 on sbtest5  (cost=0.43..6.43 rows=100 width=4)
	  Index Cond: ((k >= 8050401) AND (k <= 8050501))

table 6 : explain SELECT k FROM sbtest6 WHERE k BETWEEN 8050401 AND 8050501
	Index Only Scan using k_6 on sbtest6  (cost=0.43..6.33 rows=95 width=4)
	  Index Cond: ((k >= 8050401) AND (k <= 8050501))

table 7 : explain SELECT k FROM sbtest7 WHERE k BETWEEN 8050401 AND 8050501
	Index Only Scan using k_7 on sbtest7  (cost=0.43..6.58 rows=107 width=4)
	  Index Cond: ((k >= 8050401) AND (k <= 8050501))

table 8 : explain SELECT k FROM sbtest8 WHERE k BETWEEN 8050401 AND 8050501
	Index Only Scan using k_8 on sbtest8  (cost=0.43..6.40 rows=98 width=4)
	  Index Cond: ((k >= 8050401) AND (k <= 8050501))

explain: for range-covered :: explain SELECT k FROM sbtest%d WHERE k BETWEEN 5722346 AND 5722446
explain: for range-covered :: explain SELECT k FROM sbtest%d WHERE k BETWEEN 8050401 AND 8050501
for range-covered
table 1 : explain SELECT k FROM sbtest1 WHERE k BETWEEN 8654318 AND 8654418
	Index Only Scan using k_1 on sbtest1  (cost=0.43..6.42 rows=99 width=4)
	  Index Cond: ((k >= 8654318) AND (k <= 8654418))

table 2 : explain SELECT k FROM sbtest2 WHERE k BETWEEN 8654318 AND 8654418
	Index Only Scan using k_2 on sbtest2  (cost=0.43..6.59 rows=108 width=4)
	  Index Cond: ((k >= 8654318) AND (k <= 8654418))

table 3 : explain SELECT k FROM sbtest3 WHERE k BETWEEN 8654318 AND 8654418
	Index Only Scan using k_3 on sbtest3  (cost=0.43..6.58 rows=107 width=4)
	  Index Cond: ((k >= 8654318) AND (k <= 8654418))

table 4 : explain SELECT k FROM sbtest4 WHERE k BETWEEN 8654318 AND 8654418
	Index Only Scan using k_4 on sbtest4  (cost=0.43..6.42 rows=99 width=4)
	  Index Cond: ((k >= 8654318) AND (k <= 8654418))

table 5 : explain SELECT k FROM sbtest5 WHERE k BETWEEN 8654318 AND 8654418
	Index Only Scan using k_5 on sbtest5  (cost=0.43..6.50 rows=103 width=4)
	  Index Cond: ((k >= 8654318) AND (k <= 8654418))

table 6 : explain SELECT k FROM sbtest6 WHERE k BETWEEN 8654318 AND 8654418
	Index Only Scan using k_6 on sbtest6  (cost=0.43..6.50 rows=103 width=4)
	  Index Cond: ((k >= 8654318) AND (k <= 8654418))

table 7 : explain SELECT k FROM sbtest7 WHERE k BETWEEN 8654318 AND 8654418
	Index Only Scan using k_7 on sbtest7  (cost=0.43..6.37 rows=97 width=4)
	  Index Cond: ((k >= 8654318) AND (k <= 8654418))

table 8 : explain SELECT k FROM sbtest8 WHERE k BETWEEN 8654318 AND 8654418
	Index Only Scan using k_8 on sbtest8  (cost=0.43..6.43 rows=100 width=4)
	  Index Cond: ((k >= 8654318) AND (k <= 8654418))

explain: for range-covered :: explain SELECT k FROM sbtest%d WHERE k BETWEEN 8654318 AND 8654418
for range-covered
table 1 : explain SELECT k FROM sbtest1 WHERE k BETWEEN 8309598 AND 8309698
	Index Only Scan using k_1 on sbtest1  (cost=0.43..6.63 rows=110 width=4)
	  Index Cond: ((k >= 8309598) AND (k <= 8309698))

table 2 : explain SELECT k FROM sbtest2 WHERE k BETWEEN 8309598 AND 8309698
	Index Only Scan using k_2 on sbtest2  (cost=0.43..6.42 rows=99 width=4)
	  Index Cond: ((k >= 8309598) AND (k <= 8309698))

table 3 : explain SELECT k FROM sbtest3 WHERE k BETWEEN 8309598 AND 8309698
	Index Only Scan using k_3 on sbtest3  (cost=0.43..6.42 rows=99 width=4)
	  Index Cond: ((k >= 8309598) AND (k <= 8309698))

table 4 : explain SELECT k FROM sbtest4 WHERE k BETWEEN 8309598 AND 8309698
	Index Only Scan using k_4 on sbtest4  (cost=0.43..6.45 rows=101 width=4)
	  Index Cond: ((k >= 8309598) AND (k <= 8309698))

table 5 : explain SELECT k FROM sbtest5 WHERE k BETWEEN 8309598 AND 8309698
	Index Only Scan using k_5 on sbtest5  (cost=0.43..6.37 rows=97 width=4)
	  Index Cond: ((k >= 8309598) AND (k <= 8309698))

table 6 : explain SELECT k FROM sbtest6 WHERE k BETWEEN 8309598 AND 8309698
	Index Only Scan using k_6 on sbtest6  (cost=0.43..6.35 rows=96 width=4)
	  Index Cond: ((k >= 8309598) AND (k <= 8309698))

table 7 : explain SELECT k FROM sbtest7 WHERE k BETWEEN 8309598 AND 8309698
	Index Only Scan using k_7 on sbtest7  (cost=0.43..6.53 rows=105 width=4)
	  Index Cond: ((k >= 8309598) AND (k <= 8309698))

table 8 : explain SELECT k FROM sbtest8 WHERE k BETWEEN 8309598 AND 8309698
	Index Only Scan using k_8 on sbtest8  (cost=0.43..6.61 rows=109 width=4)
	  Index Cond: ((k >= 8309598) AND (k <= 8309698))

explain: for range-covered :: explain SELECT k FROM sbtest%d WHERE k BETWEEN 8309598 AND 8309698
for range-covered
table 1 : explain SELECT k FROM sbtest1 WHERE k BETWEEN 3666307 AND 3666407
	Index Only Scan using k_1 on sbtest1  (cost=0.43..6.35 rows=96 width=4)
	  Index Cond: ((k >= 3666307) AND (k <= 3666407))

table 2 : explain SELECT k FROM sbtest2 WHERE k BETWEEN 3666307 AND 3666407
	Index Only Scan using k_2 on sbtest2  (cost=0.43..6.63 rows=110 width=4)
	  Index Cond: ((k >= 3666307) AND (k <= 3666407))

table 3 : explain SELECT k FROM sbtest3 WHERE k BETWEEN 3666307 AND 3666407
	Index Only Scan using k_3 on sbtest3  (cost=0.43..6.35 rows=96 width=4)
	  Index Cond: ((k >= 3666307) AND (k <= 3666407))

table 4 : explain SELECT k FROM sbtest4 WHERE k BETWEEN 3666307 AND 3666407
	Index Only Scan using k_4 on sbtest4  (cost=0.43..6.42 rows=99 width=4)
	  Index Cond: ((k >= 3666307) AND (k <= 3666407))

table 5 : explain SELECT k FROM sbtest5 WHERE k BETWEEN 3666307 AND 3666407
	Index Only Scan using k_5 on sbtest5  (cost=0.43..6.56 rows=106 width=4)
	  Index Cond: ((k >= 3666307) AND (k <= 3666407))

table 6 : explain SELECT k FROM sbtest6 WHERE k BETWEEN 3666307 AND 3666407
	Index Only Scan using k_6 on sbtest6  (cost=0.43..6.35 rows=96 width=4)
	  Index Cond: ((k >= 3666307) AND (k <= 3666407))

table 7 : explain SELECT k FROM sbtest7 WHERE k BETWEEN 3666307 AND 3666407
	Index Only Scan using k_7 on sbtest7  (cost=0.43..6.61 rows=109 width=4)
	  Index Cond: ((k >= 3666307) AND (k <= 3666407))

table 8 : explain SELECT k FROM sbtest8 WHERE k BETWEEN 3666307 AND 3666407
	Index Only Scan using k_8 on sbtest8  (cost=0.43..6.42 rows=99 width=4)
	  Index Cond: ((k >= 3666307) AND (k <= 3666407))

explain: for range-covered :: explain SELECT k FROM sbtest%d WHERE k BETWEEN 3666307 AND 3666407
for range-covered
table 1 : explain SELECT k FROM sbtest1 WHERE k BETWEEN 5227203 AND 5227303
	Index Only Scan using k_1 on sbtest1  (cost=0.43..6.63 rows=110 width=4)
	  Index Cond: ((k >= 5227203) AND (k <= 5227303))

table 2 : explain SELECT k FROM sbtest2 WHERE k BETWEEN 5227203 AND 5227303
	Index Only Scan using k_2 on sbtest2  (cost=0.43..6.33 rows=95 width=4)
	  Index Cond: ((k >= 5227203) AND (k <= 5227303))

table 3 : explain SELECT k FROM sbtest3 WHERE k BETWEEN 5227203 AND 5227303
	Index Only Scan using k_3 on sbtest3  (cost=0.43..6.37 rows=97 width=4)
	  Index Cond: ((k >= 5227203) AND (k <= 5227303))

table 4 : explain SELECT k FROM sbtest4 WHERE k BETWEEN 5227203 AND 5227303
	Index Only Scan using k_4 on sbtest4  (cost=0.43..6.45 rows=101 width=4)
	  Index Cond: ((k >= 5227203) AND (k <= 5227303))

table 5 : explain SELECT k FROM sbtest5 WHERE k BETWEEN 5227203 AND 5227303
	Index Only Scan using k_5 on sbtest5  (cost=0.43..6.63 rows=110 width=4)
	  Index Cond: ((k >= 5227203) AND (k <= 5227303))

table 6 : explain SELECT k FROM sbtest6 WHERE k BETWEEN 5227203 AND 5227303
	Index Only Scan using k_6 on sbtest6  (cost=0.43..6.42 rows=99 width=4)
	  Index Cond: ((k >= 5227203) AND (k <= 5227303))

table 7 : explain SELECT k FROM sbtest7 WHERE k BETWEEN 5227203 AND 5227303
	Index Only Scan using k_7 on sbtest7  (cost=0.43..6.56 rows=106 width=4)
	  Index Cond: ((k >= 5227203) AND (k <= 5227303))

table 8 : explain SELECT k FROM sbtest8 WHERE k BETWEEN 5227203 AND 5227303
	Index Only Scan using k_8 on sbtest8  (cost=0.43..6.40 rows=98 width=4)
	  Index Cond: ((k >= 5227203) AND (k <= 5227303))

explain: for range-covered :: explain SELECT k FROM sbtest%d WHERE k BETWEEN 5227203 AND 5227303
for range-covered
table 1 : explain SELECT k FROM sbtest1 WHERE k BETWEEN 2870451 AND 2870551
	Index Only Scan using k_1 on sbtest1  (cost=0.43..6.51 rows=104 width=4)
	  Index Cond: ((k >= 2870451) AND (k <= 2870551))

table 2 : explain SELECT k FROM sbtest2 WHERE k BETWEEN 2870451 AND 2870551
	Index Only Scan using k_2 on sbtest2  (cost=0.43..6.45 rows=101 width=4)
	  Index Cond: ((k >= 2870451) AND (k <= 2870551))

table 3 : explain SELECT k FROM sbtest3 WHERE k BETWEEN 2870451 AND 2870551
	Index Only Scan using k_3 on sbtest3  (cost=0.43..6.43 rows=100 width=4)
	  Index Cond: ((k >= 2870451) AND (k <= 2870551))

table 4 : explain SELECT k FROM sbtest4 WHERE k BETWEEN 2870451 AND 2870551
	Index Only Scan using k_4 on sbtest4  (cost=0.43..6.47 rows=102 width=4)
	  Index Cond: ((k >= 2870451) AND (k <= 2870551))

table 5 : explain SELECT k FROM sbtest5 WHERE k BETWEEN 2870451 AND 2870551
	Index Only Scan using k_5 on sbtest5  (cost=0.43..6.40 rows=98 width=4)
	  Index Cond: ((k >= 2870451) AND (k <= 2870551))

table 6 : explain SELECT k FROM sbtest6 WHERE k BETWEEN 2870451 AND 2870551
	Index Only Scan using k_6 on sbtest6  (cost=0.43..6.53 rows=105 width=4)
	  Index Cond: ((k >= 2870451) AND (k <= 2870551))

table 7 : explain SELECT k FROM sbtest7 WHERE k BETWEEN 2870451 AND 2870551
	Index Only Scan using k_7 on sbtest7  (cost=0.43..6.45 rows=101 width=4)
	  Index Cond: ((k >= 2870451) AND (k <= 2870551))

table 8 : explain SELECT k FROM sbtest8 WHERE k BETWEEN 2870451 AND 2870551
	Index Only Scan using k_8 on sbtest8  (cost=0.43..6.43 rows=100 width=4)
	  Index Cond: ((k >= 2870451) AND (k <= 2870551))

for range-covered
table 1 : explain SELECT k FROM sbtest1 WHERE k BETWEEN 8050401 AND 8050501
	Index Only Scan using k_1 on sbtest1  (cost=0.43..6.32 rows=94 width=4)
	  Index Cond: ((k >= 8050401) AND (k <= 8050501))

table 2 : explain SELECT k FROM sbtest2 WHERE k BETWEEN 8050401 AND 8050501
	Index Only Scan using k_2 on sbtest2  (cost=0.43..6.59 rows=108 width=4)
	  Index Cond: ((k >= 8050401) AND (k <= 8050501))

table 3 : explain SELECT k FROM sbtest3 WHERE k BETWEEN 8050401 AND 8050501
	Index Only Scan using k_3 on sbtest3  (cost=0.43..6.51 rows=104 width=4)
	  Index Cond: ((k >= 8050401) AND (k <= 8050501))

table 4 : explain SELECT k FROM sbtest4 WHERE k BETWEEN 8050401 AND 8050501
	Index Only Scan using k_4 on sbtest4  (cost=0.43..6.40 rows=98 width=4)
	  Index Cond: ((k >= 8050401) AND (k <= 8050501))

table 5 : explain SELECT k FROM sbtest5 WHERE k BETWEEN 8050401 AND 8050501
	Index Only Scan using k_5 on sbtest5  (cost=0.43..6.43 rows=100 width=4)
	  Index Cond: ((k >= 8050401) AND (k <= 8050501))

table 6 : explain SELECT k FROM sbtest6 WHERE k BETWEEN 8050401 AND 8050501
	Index Only Scan using k_6 on sbtest6  (cost=0.43..6.33 rows=95 width=4)
	  Index Cond: ((k >= 8050401) AND (k <= 8050501))

table 7 : explain SELECT k FROM sbtest7 WHERE k BETWEEN 8050401 AND 8050501
	Index Only Scan using k_7 on sbtest7  (cost=0.43..6.58 rows=107 width=4)
	  Index Cond: ((k >= 8050401) AND (k <= 8050501))

table 8 : explain SELECT k FROM sbtest8 WHERE k BETWEEN 8050401 AND 8050501
	Index Only Scan using k_8 on sbtest8  (cost=0.43..6.40 rows=98 width=4)
	  Index Cond: ((k >= 8050401) AND (k <= 8050501))

for range-covered
table 1 : explain SELECT k FROM sbtest1 WHERE k BETWEEN 4083324 AND 4083424
	Index Only Scan using k_1 on sbtest1  (cost=0.43..6.47 rows=102 width=4)
	  Index Cond: ((k >= 4083324) AND (k <= 4083424))

table 2 : explain SELECT k FROM sbtest2 WHERE k BETWEEN 4083324 AND 4083424
	Index Only Scan using k_2 on sbtest2  (cost=0.43..6.47 rows=102 width=4)
	  Index Cond: ((k >= 4083324) AND (k <= 4083424))

table 3 : explain SELECT k FROM sbtest3 WHERE k BETWEEN 4083324 AND 4083424
	Index Only Scan using k_3 on sbtest3  (cost=0.43..6.45 rows=101 width=4)
	  Index Cond: ((k >= 4083324) AND (k <= 4083424))

table 4 : explain SELECT k FROM sbtest4 WHERE k BETWEEN 4083324 AND 4083424
	Index Only Scan using k_4 on sbtest4  (cost=0.43..6.37 rows=97 width=4)
	  Index Cond: ((k >= 4083324) AND (k <= 4083424))

table 5 : explain SELECT k FROM sbtest5 WHERE k BETWEEN 4083324 AND 4083424
	Index Only Scan using k_5 on sbtest5  (cost=0.43..6.47 rows=102 width=4)
	  Index Cond: ((k >= 4083324) AND (k <= 4083424))

table 6 : explain SELECT k FROM sbtest6 WHERE k BETWEEN 4083324 AND 4083424
	Index Only Scan using k_6 on sbtest6  (cost=0.43..6.43 rows=100 width=4)
	  Index Cond: ((k >= 4083324) AND (k <= 4083424))

table 7 : explain SELECT k FROM sbtest7 WHERE k BETWEEN 4083324 AND 4083424
	Index Only Scan using k_7 on sbtest7  (cost=0.43..6.50 rows=103 width=4)
	  Index Cond: ((k >= 4083324) AND (k <= 4083424))

table 8 : explain SELECT k FROM sbtest8 WHERE k BETWEEN 4083324 AND 4083424
	Index Only Scan using k_8 on sbtest8  (cost=0.43..6.42 rows=99 width=4)
	  Index Cond: ((k >= 4083324) AND (k <= 4083424))

explain: for range-covered :: explain SELECT k FROM sbtest%d WHERE k BETWEEN 2870451 AND 2870551
for range-covered
table 1 : explain SELECT k FROM sbtest1 WHERE k BETWEEN 8654318 AND 8654418
	Index Only Scan using k_1 on sbtest1  (cost=0.43..6.42 rows=99 width=4)
	  Index Cond: ((k >= 8654318) AND (k <= 8654418))

table 2 : explain SELECT k FROM sbtest2 WHERE k BETWEEN 8654318 AND 8654418
	Index Only Scan using k_2 on sbtest2  (cost=0.43..6.59 rows=108 width=4)
	  Index Cond: ((k >= 8654318) AND (k <= 8654418))

table 3 : explain SELECT k FROM sbtest3 WHERE k BETWEEN 8654318 AND 8654418
	Index Only Scan using k_3 on sbtest3  (cost=0.43..6.58 rows=107 width=4)
	  Index Cond: ((k >= 8654318) AND (k <= 8654418))

table 4 : explain SELECT k FROM sbtest4 WHERE k BETWEEN 8654318 AND 8654418
	Index Only Scan using k_4 on sbtest4  (cost=0.43..6.42 rows=99 width=4)
	  Index Cond: ((k >= 8654318) AND (k <= 8654418))

table 5 : explain SELECT k FROM sbtest5 WHERE k BETWEEN 8654318 AND 8654418
	Index Only Scan using k_5 on sbtest5  (cost=0.43..6.50 rows=103 width=4)
	  Index Cond: ((k >= 8654318) AND (k <= 8654418))

table 6 : explain SELECT k FROM sbtest6 WHERE k BETWEEN 8654318 AND 8654418
	Index Only Scan using k_6 on sbtest6  (cost=0.43..6.50 rows=103 width=4)
	  Index Cond: ((k >= 8654318) AND (k <= 8654418))

table 7 : explain SELECT k FROM sbtest7 WHERE k BETWEEN 8654318 AND 8654418
	Index Only Scan using k_7 on sbtest7  (cost=0.43..6.37 rows=97 width=4)
	  Index Cond: ((k >= 8654318) AND (k <= 8654418))

table 8 : explain SELECT k FROM sbtest8 WHERE k BETWEEN 8654318 AND 8654418
	Index Only Scan using k_8 on sbtest8  (cost=0.43..6.43 rows=100 width=4)
	  Index Cond: ((k >= 8654318) AND (k <= 8654418))

explain: for range-covered :: explain SELECT k FROM sbtest%d WHERE k BETWEEN 8654318 AND 8654418
for range-covered
table 1 : explain SELECT k FROM sbtest1 WHERE k BETWEEN 8309598 AND 8309698
	Index Only Scan using k_1 on sbtest1  (cost=0.43..6.63 rows=110 width=4)
	  Index Cond: ((k >= 8309598) AND (k <= 8309698))

table 2 : explain SELECT k FROM sbtest2 WHERE k BETWEEN 8309598 AND 8309698
	Index Only Scan using k_2 on sbtest2  (cost=0.43..6.42 rows=99 width=4)
	  Index Cond: ((k >= 8309598) AND (k <= 8309698))

table 3 : explain SELECT k FROM sbtest3 WHERE k BETWEEN 8309598 AND 8309698
	Index Only Scan using k_3 on sbtest3  (cost=0.43..6.42 rows=99 width=4)
	  Index Cond: ((k >= 8309598) AND (k <= 8309698))

table 4 : explain SELECT k FROM sbtest4 WHERE k BETWEEN 8309598 AND 8309698
	Index Only Scan using k_4 on sbtest4  (cost=0.43..6.45 rows=101 width=4)
	  Index Cond: ((k >= 8309598) AND (k <= 8309698))

table 5 : explain SELECT k FROM sbtest5 WHERE k BETWEEN 8309598 AND 8309698
	Index Only Scan using k_5 on sbtest5  (cost=0.43..6.37 rows=97 width=4)
	  Index Cond: ((k >= 8309598) AND (k <= 8309698))

table 6 : explain SELECT k FROM sbtest6 WHERE k BETWEEN 8309598 AND 8309698
	Index Only Scan using k_6 on sbtest6  (cost=0.43..6.35 rows=96 width=4)
	  Index Cond: ((k >= 8309598) AND (k <= 8309698))

table 7 : explain SELECT k FROM sbtest7 WHERE k BETWEEN 8309598 AND 8309698
	Index Only Scan using k_7 on sbtest7  (cost=0.43..6.53 rows=105 width=4)
	  Index Cond: ((k >= 8309598) AND (k <= 8309698))

table 8 : explain SELECT k FROM sbtest8 WHERE k BETWEEN 8309598 AND 8309698
	Index Only Scan using k_8 on sbtest8  (cost=0.43..6.61 rows=109 width=4)
	  Index Cond: ((k >= 8309598) AND (k <= 8309698))

explain: for range-covered :: explain SELECT k FROM sbtest%d WHERE k BETWEEN 4083324 AND 4083424
for range-covered
table 1 : explain SELECT k FROM sbtest1 WHERE k BETWEEN 3666307 AND 3666407
	Index Only Scan using k_1 on sbtest1  (cost=0.43..6.35 rows=96 width=4)
	  Index Cond: ((k >= 3666307) AND (k <= 3666407))

table 2 : explain SELECT k FROM sbtest2 WHERE k BETWEEN 3666307 AND 3666407
	Index Only Scan using k_2 on sbtest2  (cost=0.43..6.63 rows=110 width=4)
	  Index Cond: ((k >= 3666307) AND (k <= 3666407))

table 3 : explain SELECT k FROM sbtest3 WHERE k BETWEEN 3666307 AND 3666407
	Index Only Scan using k_3 on sbtest3  (cost=0.43..6.35 rows=96 width=4)
	  Index Cond: ((k >= 3666307) AND (k <= 3666407))

table 4 : explain SELECT k FROM sbtest4 WHERE k BETWEEN 3666307 AND 3666407
	Index Only Scan using k_4 on sbtest4  (cost=0.43..6.42 rows=99 width=4)
	  Index Cond: ((k >= 3666307) AND (k <= 3666407))

table 5 : explain SELECT k FROM sbtest5 WHERE k BETWEEN 3666307 AND 3666407
	Index Only Scan using k_5 on sbtest5  (cost=0.43..6.56 rows=106 width=4)
	  Index Cond: ((k >= 3666307) AND (k <= 3666407))

table 6 : explain SELECT k FROM sbtest6 WHERE k BETWEEN 3666307 AND 3666407
	Index Only Scan using k_6 on sbtest6  (cost=0.43..6.35 rows=96 width=4)
	  Index Cond: ((k >= 3666307) AND (k <= 3666407))

table 7 : explain SELECT k FROM sbtest7 WHERE k BETWEEN 3666307 AND 3666407
	Index Only Scan using k_7 on sbtest7  (cost=0.43..6.61 rows=109 width=4)
	  Index Cond: ((k >= 3666307) AND (k <= 3666407))

table 8 : explain SELECT k FROM sbtest8 WHERE k BETWEEN 3666307 AND 3666407
	Index Only Scan using k_8 on sbtest8  (cost=0.43..6.42 rows=99 width=4)
	  Index Cond: ((k >= 3666307) AND (k <= 3666407))

explain: for range-covered :: explain SELECT k FROM sbtest%d WHERE k BETWEEN 3666307 AND 3666407
for range-covered
table 1 : explain SELECT k FROM sbtest1 WHERE k BETWEEN 5227203 AND 5227303
	Index Only Scan using k_1 on sbtest1  (cost=0.43..6.63 rows=110 width=4)
	  Index Cond: ((k >= 5227203) AND (k <= 5227303))

table 2 : explain SELECT k FROM sbtest2 WHERE k BETWEEN 5227203 AND 5227303
	Index Only Scan using k_2 on sbtest2  (cost=0.43..6.33 rows=95 width=4)
	  Index Cond: ((k >= 5227203) AND (k <= 5227303))

table 3 : explain SELECT k FROM sbtest3 WHERE k BETWEEN 5227203 AND 5227303
	Index Only Scan using k_3 on sbtest3  (cost=0.43..6.37 rows=97 width=4)
	  Index Cond: ((k >= 5227203) AND (k <= 5227303))

table 4 : explain SELECT k FROM sbtest4 WHERE k BETWEEN 5227203 AND 5227303
	Index Only Scan using k_4 on sbtest4  (cost=0.43..6.45 rows=101 width=4)
	  Index Cond: ((k >= 5227203) AND (k <= 5227303))

table 5 : explain SELECT k FROM sbtest5 WHERE k BETWEEN 5227203 AND 5227303
	Index Only Scan using k_5 on sbtest5  (cost=0.43..6.63 rows=110 width=4)
	  Index Cond: ((k >= 5227203) AND (k <= 5227303))

table 6 : explain SELECT k FROM sbtest6 WHERE k BETWEEN 5227203 AND 5227303
	Index Only Scan using k_6 on sbtest6  (cost=0.43..6.42 rows=99 width=4)
	  Index Cond: ((k >= 5227203) AND (k <= 5227303))

table 7 : explain SELECT k FROM sbtest7 WHERE k BETWEEN 5227203 AND 5227303
	Index Only Scan using k_7 on sbtest7  (cost=0.43..6.56 rows=106 width=4)
	  Index Cond: ((k >= 5227203) AND (k <= 5227303))

table 8 : explain SELECT k FROM sbtest8 WHERE k BETWEEN 5227203 AND 5227303
	Index Only Scan using k_8 on sbtest8  (cost=0.43..6.40 rows=98 width=4)
	  Index Cond: ((k >= 5227203) AND (k <= 5227303))

explain: for range-covered :: explain SELECT k FROM sbtest%d WHERE k BETWEEN 5227203 AND 5227303
for range-covered
table 1 : explain SELECT k FROM sbtest1 WHERE k BETWEEN 8654318 AND 8654418
	Index Only Scan using k_1 on sbtest1  (cost=0.43..6.42 rows=99 width=4)
	  Index Cond: ((k >= 8654318) AND (k <= 8654418))

table 2 : explain SELECT k FROM sbtest2 WHERE k BETWEEN 8654318 AND 8654418
	Index Only Scan using k_2 on sbtest2  (cost=0.43..6.59 rows=108 width=4)
	  Index Cond: ((k >= 8654318) AND (k <= 8654418))

table 3 : explain SELECT k FROM sbtest3 WHERE k BETWEEN 8654318 AND 8654418
	Index Only Scan using k_3 on sbtest3  (cost=0.43..6.58 rows=107 width=4)
	  Index Cond: ((k >= 8654318) AND (k <= 8654418))

table 4 : explain SELECT k FROM sbtest4 WHERE k BETWEEN 8654318 AND 8654418
	Index Only Scan using k_4 on sbtest4  (cost=0.43..6.42 rows=99 width=4)
	  Index Cond: ((k >= 8654318) AND (k <= 8654418))

table 5 : explain SELECT k FROM sbtest5 WHERE k BETWEEN 8654318 AND 8654418
	Index Only Scan using k_5 on sbtest5  (cost=0.43..6.50 rows=103 width=4)
	  Index Cond: ((k >= 8654318) AND (k <= 8654418))

table 6 : explain SELECT k FROM sbtest6 WHERE k BETWEEN 8654318 AND 8654418
	Index Only Scan using k_6 on sbtest6  (cost=0.43..6.50 rows=103 width=4)
	  Index Cond: ((k >= 8654318) AND (k <= 8654418))

table 7 : explain SELECT k FROM sbtest7 WHERE k BETWEEN 8654318 AND 8654418
	Index Only Scan using k_7 on sbtest7  (cost=0.43..6.37 rows=97 width=4)
	  Index Cond: ((k >= 8654318) AND (k <= 8654418))

table 8 : explain SELECT k FROM sbtest8 WHERE k BETWEEN 8654318 AND 8654418
	Index Only Scan using k_8 on sbtest8  (cost=0.43..6.43 rows=100 width=4)
	  Index Cond: ((k >= 8654318) AND (k <= 8654418))

explain: for range-covered :: explain SELECT k FROM sbtest%d WHERE k BETWEEN 8654318 AND 8654418
for range-covered
table 1 : explain SELECT k FROM sbtest1 WHERE k BETWEEN 3666307 AND 3666407
	Index Only Scan using k_1 on sbtest1  (cost=0.43..6.35 rows=96 width=4)
	  Index Cond: ((k >= 3666307) AND (k <= 3666407))

table 2 : explain SELECT k FROM sbtest2 WHERE k BETWEEN 3666307 AND 3666407
	Index Only Scan using k_2 on sbtest2  (cost=0.43..6.63 rows=110 width=4)
	  Index Cond: ((k >= 3666307) AND (k <= 3666407))

table 3 : explain SELECT k FROM sbtest3 WHERE k BETWEEN 3666307 AND 3666407
	Index Only Scan using k_3 on sbtest3  (cost=0.43..6.35 rows=96 width=4)
	  Index Cond: ((k >= 3666307) AND (k <= 3666407))

table 4 : explain SELECT k FROM sbtest4 WHERE k BETWEEN 3666307 AND 3666407
	Index Only Scan using k_4 on sbtest4  (cost=0.43..6.42 rows=99 width=4)
	  Index Cond: ((k >= 3666307) AND (k <= 3666407))

table 5 : explain SELECT k FROM sbtest5 WHERE k BETWEEN 3666307 AND 3666407
	Index Only Scan using k_5 on sbtest5  (cost=0.43..6.56 rows=106 width=4)
	  Index Cond: ((k >= 3666307) AND (k <= 3666407))

table 6 : explain SELECT k FROM sbtest6 WHERE k BETWEEN 3666307 AND 3666407
	Index Only Scan using k_6 on sbtest6  (cost=0.43..6.35 rows=96 width=4)
	  Index Cond: ((k >= 3666307) AND (k <= 3666407))

table 7 : explain SELECT k FROM sbtest7 WHERE k BETWEEN 3666307 AND 3666407
	Index Only Scan using k_7 on sbtest7  (cost=0.43..6.61 rows=109 width=4)
	  Index Cond: ((k >= 3666307) AND (k <= 3666407))

table 8 : explain SELECT k FROM sbtest8 WHERE k BETWEEN 3666307 AND 3666407
	Index Only Scan using k_8 on sbtest8  (cost=0.43..6.42 rows=99 width=4)
	  Index Cond: ((k >= 3666307) AND (k <= 3666407))

explain: for range-covered :: explain SELECT k FROM sbtest%d WHERE k BETWEEN 3666307 AND 3666407
for range-covered
table 1 : explain SELECT k FROM sbtest1 WHERE k BETWEEN 5227203 AND 5227303
	Index Only Scan using k_1 on sbtest1  (cost=0.43..6.63 rows=110 width=4)
	  Index Cond: ((k >= 5227203) AND (k <= 5227303))

table 2 : explain SELECT k FROM sbtest2 WHERE k BETWEEN 5227203 AND 5227303
	Index Only Scan using k_2 on sbtest2  (cost=0.43..6.33 rows=95 width=4)
	  Index Cond: ((k >= 5227203) AND (k <= 5227303))

table 3 : explain SELECT k FROM sbtest3 WHERE k BETWEEN 5227203 AND 5227303
	Index Only Scan using k_3 on sbtest3  (cost=0.43..6.37 rows=97 width=4)
	  Index Cond: ((k >= 5227203) AND (k <= 5227303))

table 4 : explain SELECT k FROM sbtest4 WHERE k BETWEEN 5227203 AND 5227303
	Index Only Scan using k_4 on sbtest4  (cost=0.43..6.45 rows=101 width=4)
	  Index Cond: ((k >= 5227203) AND (k <= 5227303))

table 5 : explain SELECT k FROM sbtest5 WHERE k BETWEEN 5227203 AND 5227303
	Index Only Scan using k_5 on sbtest5  (cost=0.43..6.63 rows=110 width=4)
	  Index Cond: ((k >= 5227203) AND (k <= 5227303))

table 6 : explain SELECT k FROM sbtest6 WHERE k BETWEEN 5227203 AND 5227303
	Index Only Scan using k_6 on sbtest6  (cost=0.43..6.42 rows=99 width=4)
	  Index Cond: ((k >= 5227203) AND (k <= 5227303))

table 7 : explain SELECT k FROM sbtest7 WHERE k BETWEEN 5227203 AND 5227303
	Index Only Scan using k_7 on sbtest7  (cost=0.43..6.56 rows=106 width=4)
	  Index Cond: ((k >= 5227203) AND (k <= 5227303))

table 8 : explain SELECT k FROM sbtest8 WHERE k BETWEEN 5227203 AND 5227303
	Index Only Scan using k_8 on sbtest8  (cost=0.43..6.40 rows=98 width=4)
	  Index Cond: ((k >= 5227203) AND (k <= 5227303))

explain: for range-covered :: explain SELECT k FROM sbtest%d WHERE k BETWEEN 5227203 AND 5227303
for range-covered
table 1 : explain SELECT k FROM sbtest1 WHERE k BETWEEN 2870451 AND 2870551
	Index Only Scan using k_1 on sbtest1  (cost=0.43..6.51 rows=104 width=4)
	  Index Cond: ((k >= 2870451) AND (k <= 2870551))

table 2 : explain SELECT k FROM sbtest2 WHERE k BETWEEN 2870451 AND 2870551
	Index Only Scan using k_2 on sbtest2  (cost=0.43..6.45 rows=101 width=4)
	  Index Cond: ((k >= 2870451) AND (k <= 2870551))

table 3 : explain SELECT k FROM sbtest3 WHERE k BETWEEN 2870451 AND 2870551
	Index Only Scan using k_3 on sbtest3  (cost=0.43..6.43 rows=100 width=4)
	  Index Cond: ((k >= 2870451) AND (k <= 2870551))

table 4 : explain SELECT k FROM sbtest4 WHERE k BETWEEN 2870451 AND 2870551
	Index Only Scan using k_4 on sbtest4  (cost=0.43..6.47 rows=102 width=4)
	  Index Cond: ((k >= 2870451) AND (k <= 2870551))

table 5 : explain SELECT k FROM sbtest5 WHERE k BETWEEN 2870451 AND 2870551
	Index Only Scan using k_5 on sbtest5  (cost=0.43..6.40 rows=98 width=4)
	  Index Cond: ((k >= 2870451) AND (k <= 2870551))

table 6 : explain SELECT k FROM sbtest6 WHERE k BETWEEN 2870451 AND 2870551
	Index Only Scan using k_6 on sbtest6  (cost=0.43..6.53 rows=105 width=4)
	  Index Cond: ((k >= 2870451) AND (k <= 2870551))

table 7 : explain SELECT k FROM sbtest7 WHERE k BETWEEN 2870451 AND 2870551
	Index Only Scan using k_7 on sbtest7  (cost=0.43..6.45 rows=101 width=4)
	  Index Cond: ((k >= 2870451) AND (k <= 2870551))

table 8 : explain SELECT k FROM sbtest8 WHERE k BETWEEN 2870451 AND 2870551
	Index Only Scan using k_8 on sbtest8  (cost=0.43..6.43 rows=100 width=4)
	  Index Cond: ((k >= 2870451) AND (k <= 2870551))

for range-covered
table 1 : explain SELECT k FROM sbtest1 WHERE k BETWEEN 8654318 AND 8654418
	Index Only Scan using k_1 on sbtest1  (cost=0.43..6.42 rows=99 width=4)
	  Index Cond: ((k >= 8654318) AND (k <= 8654418))

table 2 : explain SELECT k FROM sbtest2 WHERE k BETWEEN 8654318 AND 8654418
	Index Only Scan using k_2 on sbtest2  (cost=0.43..6.59 rows=108 width=4)
	  Index Cond: ((k >= 8654318) AND (k <= 8654418))

table 3 : explain SELECT k FROM sbtest3 WHERE k BETWEEN 8654318 AND 8654418
	Index Only Scan using k_3 on sbtest3  (cost=0.43..6.58 rows=107 width=4)
	  Index Cond: ((k >= 8654318) AND (k <= 8654418))

table 4 : explain SELECT k FROM sbtest4 WHERE k BETWEEN 8654318 AND 8654418
	Index Only Scan using k_4 on sbtest4  (cost=0.43..6.42 rows=99 width=4)
	  Index Cond: ((k >= 8654318) AND (k <= 8654418))

table 5 : explain SELECT k FROM sbtest5 WHERE k BETWEEN 8654318 AND 8654418
	Index Only Scan using k_5 on sbtest5  (cost=0.43..6.50 rows=103 width=4)
	  Index Cond: ((k >= 8654318) AND (k <= 8654418))

table 6 : explain SELECT k FROM sbtest6 WHERE k BETWEEN 8654318 AND 8654418
	Index Only Scan using k_6 on sbtest6  (cost=0.43..6.50 rows=103 width=4)
	  Index Cond: ((k >= 8654318) AND (k <= 8654418))

table 7 : explain SELECT k FROM sbtest7 WHERE k BETWEEN 8654318 AND 8654418
	Index Only Scan using k_7 on sbtest7  (cost=0.43..6.37 rows=97 width=4)
	  Index Cond: ((k >= 8654318) AND (k <= 8654418))

table 8 : explain SELECT k FROM sbtest8 WHERE k BETWEEN 8654318 AND 8654418
	Index Only Scan using k_8 on sbtest8  (cost=0.43..6.43 rows=100 width=4)
	  Index Cond: ((k >= 8654318) AND (k <= 8654418))

explain: for range-covered :: explain SELECT k FROM sbtest%d WHERE k BETWEEN 8654318 AND 8654418
for range-covered
table 1 : explain SELECT k FROM sbtest1 WHERE k BETWEEN 3666307 AND 3666407
	Index Only Scan using k_1 on sbtest1  (cost=0.43..6.35 rows=96 width=4)
	  Index Cond: ((k >= 3666307) AND (k <= 3666407))

table 2 : explain SELECT k FROM sbtest2 WHERE k BETWEEN 3666307 AND 3666407
	Index Only Scan using k_2 on sbtest2  (cost=0.43..6.63 rows=110 width=4)
	  Index Cond: ((k >= 3666307) AND (k <= 3666407))

table 3 : explain SELECT k FROM sbtest3 WHERE k BETWEEN 3666307 AND 3666407
	Index Only Scan using k_3 on sbtest3  (cost=0.43..6.35 rows=96 width=4)
	  Index Cond: ((k >= 3666307) AND (k <= 3666407))

table 4 : explain SELECT k FROM sbtest4 WHERE k BETWEEN 3666307 AND 3666407
	Index Only Scan using k_4 on sbtest4  (cost=0.43..6.42 rows=99 width=4)
	  Index Cond: ((k >= 3666307) AND (k <= 3666407))

table 5 : explain SELECT k FROM sbtest5 WHERE k BETWEEN 3666307 AND 3666407
	Index Only Scan using k_5 on sbtest5  (cost=0.43..6.56 rows=106 width=4)
	  Index Cond: ((k >= 3666307) AND (k <= 3666407))

table 6 : explain SELECT k FROM sbtest6 WHERE k BETWEEN 3666307 AND 3666407
	Index Only Scan using k_6 on sbtest6  (cost=0.43..6.35 rows=96 width=4)
	  Index Cond: ((k >= 3666307) AND (k <= 3666407))

table 7 : explain SELECT k FROM sbtest7 WHERE k BETWEEN 3666307 AND 3666407
	Index Only Scan using k_7 on sbtest7  (cost=0.43..6.61 rows=109 width=4)
	  Index Cond: ((k >= 3666307) AND (k <= 3666407))

table 8 : explain SELECT k FROM sbtest8 WHERE k BETWEEN 3666307 AND 3666407
	Index Only Scan using k_8 on sbtest8  (cost=0.43..6.42 rows=99 width=4)
	  Index Cond: ((k >= 3666307) AND (k <= 3666407))

explain: for range-covered :: explain SELECT k FROM sbtest%d WHERE k BETWEEN 3666307 AND 3666407
for range-covered
table 1 : explain SELECT k FROM sbtest1 WHERE k BETWEEN 5227203 AND 5227303
	Index Only Scan using k_1 on sbtest1  (cost=0.43..6.63 rows=110 width=4)
	  Index Cond: ((k >= 5227203) AND (k <= 5227303))

table 2 : explain SELECT k FROM sbtest2 WHERE k BETWEEN 5227203 AND 5227303
	Index Only Scan using k_2 on sbtest2  (cost=0.43..6.33 rows=95 width=4)
	  Index Cond: ((k >= 5227203) AND (k <= 5227303))

table 3 : explain SELECT k FROM sbtest3 WHERE k BETWEEN 5227203 AND 5227303
	Index Only Scan using k_3 on sbtest3  (cost=0.43..6.37 rows=97 width=4)
	  Index Cond: ((k >= 5227203) AND (k <= 5227303))

table 4 : explain SELECT k FROM sbtest4 WHERE k BETWEEN 5227203 AND 5227303
	Index Only Scan using k_4 on sbtest4  (cost=0.43..6.45 rows=101 width=4)
	  Index Cond: ((k >= 5227203) AND (k <= 5227303))

table 5 : explain SELECT k FROM sbtest5 WHERE k BETWEEN 5227203 AND 5227303
	Index Only Scan using k_5 on sbtest5  (cost=0.43..6.63 rows=110 width=4)
	  Index Cond: ((k >= 5227203) AND (k <= 5227303))

table 6 : explain SELECT k FROM sbtest6 WHERE k BETWEEN 5227203 AND 5227303
	Index Only Scan using k_6 on sbtest6  (cost=0.43..6.42 rows=99 width=4)
	  Index Cond: ((k >= 5227203) AND (k <= 5227303))

table 7 : explain SELECT k FROM sbtest7 WHERE k BETWEEN 5227203 AND 5227303
	Index Only Scan using k_7 on sbtest7  (cost=0.43..6.56 rows=106 width=4)
	  Index Cond: ((k >= 5227203) AND (k <= 5227303))

table 8 : explain SELECT k FROM sbtest8 WHERE k BETWEEN 5227203 AND 5227303
	Index Only Scan using k_8 on sbtest8  (cost=0.43..6.40 rows=98 width=4)
	  Index Cond: ((k >= 5227203) AND (k <= 5227303))

for range-covered
table 1 : explain SELECT k FROM sbtest1 WHERE k BETWEEN 5722346 AND 5722446
	Index Only Scan using k_1 on sbtest1  (cost=0.43..6.50 rows=103 width=4)
	  Index Cond: ((k >= 5722346) AND (k <= 5722446))

table 2 : explain SELECT k FROM sbtest2 WHERE k BETWEEN 5722346 AND 5722446
	Index Only Scan using k_2 on sbtest2  (cost=0.43..6.51 rows=104 width=4)
	  Index Cond: ((k >= 5722346) AND (k <= 5722446))

table 3 : explain SELECT k FROM sbtest3 WHERE k BETWEEN 5722346 AND 5722446
	Index Only Scan using k_3 on sbtest3  (cost=0.43..6.40 rows=98 width=4)
	  Index Cond: ((k >= 5722346) AND (k <= 5722446))

table 4 : explain SELECT k FROM sbtest4 WHERE k BETWEEN 5722346 AND 5722446
	Index Only Scan using k_4 on sbtest4  (cost=0.43..6.72 rows=114 width=4)
	  Index Cond: ((k >= 5722346) AND (k <= 5722446))

table 5 : explain SELECT k FROM sbtest5 WHERE k BETWEEN 5722346 AND 5722446
	Index Only Scan using k_5 on sbtest5  (cost=0.43..6.37 rows=97 width=4)
	  Index Cond: ((k >= 5722346) AND (k <= 5722446))

table 6 : explain SELECT k FROM sbtest6 WHERE k BETWEEN 5722346 AND 5722446
	Index Only Scan using k_6 on sbtest6  (cost=0.43..6.50 rows=103 width=4)
	  Index Cond: ((k >= 5722346) AND (k <= 5722446))

table 7 : explain SELECT k FROM sbtest7 WHERE k BETWEEN 5722346 AND 5722446
	Index Only Scan using k_7 on sbtest7  (cost=0.43..6.29 rows=93 width=4)
	  Index Cond: ((k >= 5722346) AND (k <= 5722446))

table 8 : explain SELECT k FROM sbtest8 WHERE k BETWEEN 5722346 AND 5722446
	Index Only Scan using k_8 on sbtest8  (cost=0.43..6.51 rows=104 width=4)
	  Index Cond: ((k >= 5722346) AND (k <= 5722446))

explain: for range-covered :: explain SELECT k FROM sbtest%d WHERE k BETWEEN 5722346 AND 5722446
explain: for range-covered :: explain SELECT k FROM sbtest%d WHERE k BETWEEN 1207028 AND 1207128
for range-covered
table 1 : explain SELECT k FROM sbtest1 WHERE k BETWEEN 8654318 AND 8654418
	Index Only Scan using k_1 on sbtest1  (cost=0.43..6.42 rows=99 width=4)
	  Index Cond: ((k >= 8654318) AND (k <= 8654418))

table 2 : explain SELECT k FROM sbtest2 WHERE k BETWEEN 8654318 AND 8654418
	Index Only Scan using k_2 on sbtest2  (cost=0.43..6.59 rows=108 width=4)
	  Index Cond: ((k >= 8654318) AND (k <= 8654418))

table 3 : explain SELECT k FROM sbtest3 WHERE k BETWEEN 8654318 AND 8654418
	Index Only Scan using k_3 on sbtest3  (cost=0.43..6.58 rows=107 width=4)
	  Index Cond: ((k >= 8654318) AND (k <= 8654418))

table 4 : explain SELECT k FROM sbtest4 WHERE k BETWEEN 8654318 AND 8654418
	Index Only Scan using k_4 on sbtest4  (cost=0.43..6.42 rows=99 width=4)
	  Index Cond: ((k >= 8654318) AND (k <= 8654418))

table 5 : explain SELECT k FROM sbtest5 WHERE k BETWEEN 8654318 AND 8654418
	Index Only Scan using k_5 on sbtest5  (cost=0.43..6.50 rows=103 width=4)
	  Index Cond: ((k >= 8654318) AND (k <= 8654418))

table 6 : explain SELECT k FROM sbtest6 WHERE k BETWEEN 8654318 AND 8654418
	Index Only Scan using k_6 on sbtest6  (cost=0.43..6.50 rows=103 width=4)
	  Index Cond: ((k >= 8654318) AND (k <= 8654418))

table 7 : explain SELECT k FROM sbtest7 WHERE k BETWEEN 8654318 AND 8654418
	Index Only Scan using k_7 on sbtest7  (cost=0.43..6.37 rows=97 width=4)
	  Index Cond: ((k >= 8654318) AND (k <= 8654418))

table 8 : explain SELECT k FROM sbtest8 WHERE k BETWEEN 8654318 AND 8654418
	Index Only Scan using k_8 on sbtest8  (cost=0.43..6.43 rows=100 width=4)
	  Index Cond: ((k >= 8654318) AND (k <= 8654418))

for range-covered
table 1 : explain SELECT k FROM sbtest1 WHERE k BETWEEN 512240 AND 512340
	Index Only Scan using k_1 on sbtest1  (cost=0.43..6.61 rows=109 width=4)
	  Index Cond: ((k >= 512240) AND (k <= 512340))

table 2 : explain SELECT k FROM sbtest2 WHERE k BETWEEN 512240 AND 512340
	Index Only Scan using k_2 on sbtest2  (cost=0.43..6.50 rows=103 width=4)
	  Index Cond: ((k >= 512240) AND (k <= 512340))

table 3 : explain SELECT k FROM sbtest3 WHERE k BETWEEN 512240 AND 512340
	Index Only Scan using k_3 on sbtest3  (cost=0.43..6.59 rows=108 width=4)
	  Index Cond: ((k >= 512240) AND (k <= 512340))

table 4 : explain SELECT k FROM sbtest4 WHERE k BETWEEN 512240 AND 512340
	Index Only Scan using k_4 on sbtest4  (cost=0.43..6.56 rows=106 width=4)
	  Index Cond: ((k >= 512240) AND (k <= 512340))

table 5 : explain SELECT k FROM sbtest5 WHERE k BETWEEN 512240 AND 512340
	Index Only Scan using k_5 on sbtest5  (cost=0.43..6.37 rows=97 width=4)
	  Index Cond: ((k >= 512240) AND (k <= 512340))

table 6 : explain SELECT k FROM sbtest6 WHERE k BETWEEN 512240 AND 512340
	Index Only Scan using k_6 on sbtest6  (cost=0.43..6.59 rows=108 width=4)
	  Index Cond: ((k >= 512240) AND (k <= 512340))

table 7 : explain SELECT k FROM sbtest7 WHERE k BETWEEN 512240 AND 512340
	Index Only Scan using k_7 on sbtest7  (cost=0.43..6.59 rows=108 width=4)
	  Index Cond: ((k >= 512240) AND (k <= 512340))

table 8 : explain SELECT k FROM sbtest8 WHERE k BETWEEN 512240 AND 512340
	Index Only Scan using k_8 on sbtest8  (cost=0.43..6.40 rows=98 width=4)
	  Index Cond: ((k >= 512240) AND (k <= 512340))

for range-covered
table 1 : explain SELECT k FROM sbtest1 WHERE k BETWEEN 3666307 AND 3666407
	Index Only Scan using k_1 on sbtest1  (cost=0.43..6.35 rows=96 width=4)
	  Index Cond: ((k >= 3666307) AND (k <= 3666407))

table 2 : explain SELECT k FROM sbtest2 WHERE k BETWEEN 3666307 AND 3666407
	Index Only Scan using k_2 on sbtest2  (cost=0.43..6.63 rows=110 width=4)
	  Index Cond: ((k >= 3666307) AND (k <= 3666407))

table 3 : explain SELECT k FROM sbtest3 WHERE k BETWEEN 3666307 AND 3666407
	Index Only Scan using k_3 on sbtest3  (cost=0.43..6.35 rows=96 width=4)
	  Index Cond: ((k >= 3666307) AND (k <= 3666407))

table 4 : explain SELECT k FROM sbtest4 WHERE k BETWEEN 3666307 AND 3666407
	Index Only Scan using k_4 on sbtest4  (cost=0.43..6.42 rows=99 width=4)
	  Index Cond: ((k >= 3666307) AND (k <= 3666407))

table 5 : explain SELECT k FROM sbtest5 WHERE k BETWEEN 3666307 AND 3666407
	Index Only Scan using k_5 on sbtest5  (cost=0.43..6.56 rows=106 width=4)
	  Index Cond: ((k >= 3666307) AND (k <= 3666407))

table 6 : explain SELECT k FROM sbtest6 WHERE k BETWEEN 3666307 AND 3666407
	Index Only Scan using k_6 on sbtest6  (cost=0.43..6.35 rows=96 width=4)
	  Index Cond: ((k >= 3666307) AND (k <= 3666407))

table 7 : explain SELECT k FROM sbtest7 WHERE k BETWEEN 3666307 AND 3666407
	Index Only Scan using k_7 on sbtest7  (cost=0.43..6.61 rows=109 width=4)
	  Index Cond: ((k >= 3666307) AND (k <= 3666407))

table 8 : explain SELECT k FROM sbtest8 WHERE k BETWEEN 3666307 AND 3666407
	Index Only Scan using k_8 on sbtest8  (cost=0.43..6.42 rows=99 width=4)
	  Index Cond: ((k >= 3666307) AND (k <= 3666407))

explain: for range-covered :: explain SELECT k FROM sbtest%d WHERE k BETWEEN 512240 AND 512340
explain: for range-covered :: explain SELECT k FROM sbtest%d WHERE k BETWEEN 3666307 AND 3666407
explain: for range-covered :: explain SELECT k FROM sbtest%d WHERE k BETWEEN 2870451 AND 2870551
for range-covered
table 1 : explain SELECT k FROM sbtest1 WHERE k BETWEEN 5722346 AND 5722446
	Index Only Scan using k_1 on sbtest1  (cost=0.43..6.50 rows=103 width=4)
	  Index Cond: ((k >= 5722346) AND (k <= 5722446))

table 2 : explain SELECT k FROM sbtest2 WHERE k BETWEEN 5722346 AND 5722446
	Index Only Scan using k_2 on sbtest2  (cost=0.43..6.51 rows=104 width=4)
	  Index Cond: ((k >= 5722346) AND (k <= 5722446))

table 3 : explain SELECT k FROM sbtest3 WHERE k BETWEEN 5722346 AND 5722446
	Index Only Scan using k_3 on sbtest3  (cost=0.43..6.40 rows=98 width=4)
	  Index Cond: ((k >= 5722346) AND (k <= 5722446))

table 4 : explain SELECT k FROM sbtest4 WHERE k BETWEEN 5722346 AND 5722446
	Index Only Scan using k_4 on sbtest4  (cost=0.43..6.72 rows=114 width=4)
	  Index Cond: ((k >= 5722346) AND (k <= 5722446))

table 5 : explain SELECT k FROM sbtest5 WHERE k BETWEEN 5722346 AND 5722446
	Index Only Scan using k_5 on sbtest5  (cost=0.43..6.37 rows=97 width=4)
	  Index Cond: ((k >= 5722346) AND (k <= 5722446))

table 6 : explain SELECT k FROM sbtest6 WHERE k BETWEEN 5722346 AND 5722446
	Index Only Scan using k_6 on sbtest6  (cost=0.43..6.50 rows=103 width=4)
	  Index Cond: ((k >= 5722346) AND (k <= 5722446))

table 7 : explain SELECT k FROM sbtest7 WHERE k BETWEEN 5722346 AND 5722446
	Index Only Scan using k_7 on sbtest7  (cost=0.43..6.29 rows=93 width=4)
	  Index Cond: ((k >= 5722346) AND (k <= 5722446))

table 8 : explain SELECT k FROM sbtest8 WHERE k BETWEEN 5722346 AND 5722446
	Index Only Scan using k_8 on sbtest8  (cost=0.43..6.51 rows=104 width=4)
	  Index Cond: ((k >= 5722346) AND (k <= 5722446))

explain: for range-covered :: explain SELECT k FROM sbtest%d WHERE k BETWEEN 5722346 AND 5722446
for range-covered
table 1 : explain SELECT k FROM sbtest1 WHERE k BETWEEN 3666307 AND 3666407
	Index Only Scan using k_1 on sbtest1  (cost=0.43..6.35 rows=96 width=4)
	  Index Cond: ((k >= 3666307) AND (k <= 3666407))

table 2 : explain SELECT k FROM sbtest2 WHERE k BETWEEN 3666307 AND 3666407
	Index Only Scan using k_2 on sbtest2  (cost=0.43..6.63 rows=110 width=4)
	  Index Cond: ((k >= 3666307) AND (k <= 3666407))

table 3 : explain SELECT k FROM sbtest3 WHERE k BETWEEN 3666307 AND 3666407
	Index Only Scan using k_3 on sbtest3  (cost=0.43..6.35 rows=96 width=4)
	  Index Cond: ((k >= 3666307) AND (k <= 3666407))

table 4 : explain SELECT k FROM sbtest4 WHERE k BETWEEN 3666307 AND 3666407
	Index Only Scan using k_4 on sbtest4  (cost=0.43..6.42 rows=99 width=4)
	  Index Cond: ((k >= 3666307) AND (k <= 3666407))

table 5 : explain SELECT k FROM sbtest5 WHERE k BETWEEN 3666307 AND 3666407
	Index Only Scan using k_5 on sbtest5  (cost=0.43..6.56 rows=106 width=4)
	  Index Cond: ((k >= 3666307) AND (k <= 3666407))

table 6 : explain SELECT k FROM sbtest6 WHERE k BETWEEN 3666307 AND 3666407
	Index Only Scan using k_6 on sbtest6  (cost=0.43..6.35 rows=96 width=4)
	  Index Cond: ((k >= 3666307) AND (k <= 3666407))

table 7 : explain SELECT k FROM sbtest7 WHERE k BETWEEN 3666307 AND 3666407
	Index Only Scan using k_7 on sbtest7  (cost=0.43..6.61 rows=109 width=4)
	  Index Cond: ((k >= 3666307) AND (k <= 3666407))

table 8 : explain SELECT k FROM sbtest8 WHERE k BETWEEN 3666307 AND 3666407
	Index Only Scan using k_8 on sbtest8  (cost=0.43..6.42 rows=99 width=4)
	  Index Cond: ((k >= 3666307) AND (k <= 3666407))

for range-covered
table 1 : explain SELECT k FROM sbtest1 WHERE k BETWEEN 512240 AND 512340
	Index Only Scan using k_1 on sbtest1  (cost=0.43..6.61 rows=109 width=4)
	  Index Cond: ((k >= 512240) AND (k <= 512340))

table 2 : explain SELECT k FROM sbtest2 WHERE k BETWEEN 512240 AND 512340
	Index Only Scan using k_2 on sbtest2  (cost=0.43..6.50 rows=103 width=4)
	  Index Cond: ((k >= 512240) AND (k <= 512340))

table 3 : explain SELECT k FROM sbtest3 WHERE k BETWEEN 512240 AND 512340
	Index Only Scan using k_3 on sbtest3  (cost=0.43..6.59 rows=108 width=4)
	  Index Cond: ((k >= 512240) AND (k <= 512340))

table 4 : explain SELECT k FROM sbtest4 WHERE k BETWEEN 512240 AND 512340
	Index Only Scan using k_4 on sbtest4  (cost=0.43..6.56 rows=106 width=4)
	  Index Cond: ((k >= 512240) AND (k <= 512340))

table 5 : explain SELECT k FROM sbtest5 WHERE k BETWEEN 512240 AND 512340
	Index Only Scan using k_5 on sbtest5  (cost=0.43..6.37 rows=97 width=4)
	  Index Cond: ((k >= 512240) AND (k <= 512340))

table 6 : explain SELECT k FROM sbtest6 WHERE k BETWEEN 512240 AND 512340
	Index Only Scan using k_6 on sbtest6  (cost=0.43..6.59 rows=108 width=4)
	  Index Cond: ((k >= 512240) AND (k <= 512340))

table 7 : explain SELECT k FROM sbtest7 WHERE k BETWEEN 512240 AND 512340
	Index Only Scan using k_7 on sbtest7  (cost=0.43..6.59 rows=108 width=4)
	  Index Cond: ((k >= 512240) AND (k <= 512340))

table 8 : explain SELECT k FROM sbtest8 WHERE k BETWEEN 512240 AND 512340
	Index Only Scan using k_8 on sbtest8  (cost=0.43..6.40 rows=98 width=4)
	  Index Cond: ((k >= 512240) AND (k <= 512340))

explain: for range-covered :: explain SELECT k FROM sbtest%d WHERE k BETWEEN 512240 AND 512340
for range-covered
table 1 : explain SELECT k FROM sbtest1 WHERE k BETWEEN 2870451 AND 2870551
	Index Only Scan using k_1 on sbtest1  (cost=0.43..6.51 rows=104 width=4)
	  Index Cond: ((k >= 2870451) AND (k <= 2870551))

table 2 : explain SELECT k FROM sbtest2 WHERE k BETWEEN 2870451 AND 2870551
	Index Only Scan using k_2 on sbtest2  (cost=0.43..6.45 rows=101 width=4)
	  Index Cond: ((k >= 2870451) AND (k <= 2870551))

table 3 : explain SELECT k FROM sbtest3 WHERE k BETWEEN 2870451 AND 2870551
	Index Only Scan using k_3 on sbtest3  (cost=0.43..6.43 rows=100 width=4)
	  Index Cond: ((k >= 2870451) AND (k <= 2870551))

table 4 : explain SELECT k FROM sbtest4 WHERE k BETWEEN 2870451 AND 2870551
	Index Only Scan using k_4 on sbtest4  (cost=0.43..6.47 rows=102 width=4)
	  Index Cond: ((k >= 2870451) AND (k <= 2870551))

table 5 : explain SELECT k FROM sbtest5 WHERE k BETWEEN 2870451 AND 2870551
	Index Only Scan using k_5 on sbtest5  (cost=0.43..6.40 rows=98 width=4)
	  Index Cond: ((k >= 2870451) AND (k <= 2870551))

table 6 : explain SELECT k FROM sbtest6 WHERE k BETWEEN 2870451 AND 2870551
	Index Only Scan using k_6 on sbtest6  (cost=0.43..6.53 rows=105 width=4)
	  Index Cond: ((k >= 2870451) AND (k <= 2870551))

table 7 : explain SELECT k FROM sbtest7 WHERE k BETWEEN 2870451 AND 2870551
	Index Only Scan using k_7 on sbtest7  (cost=0.43..6.45 rows=101 width=4)
	  Index Cond: ((k >= 2870451) AND (k <= 2870551))

table 8 : explain SELECT k FROM sbtest8 WHERE k BETWEEN 2870451 AND 2870551
	Index Only Scan using k_8 on sbtest8  (cost=0.43..6.43 rows=100 width=4)
	  Index Cond: ((k >= 2870451) AND (k <= 2870551))

explain: for range-covered :: explain SELECT k FROM sbtest%d WHERE k BETWEEN 2870451 AND 2870551
explain: for range-covered :: explain SELECT k FROM sbtest%d WHERE k BETWEEN 7728797 AND 7728897
for range-covered
table 1 : explain SELECT k FROM sbtest1 WHERE k BETWEEN 5722346 AND 5722446
	Index Only Scan using k_1 on sbtest1  (cost=0.43..6.50 rows=103 width=4)
	  Index Cond: ((k >= 5722346) AND (k <= 5722446))

table 2 : explain SELECT k FROM sbtest2 WHERE k BETWEEN 5722346 AND 5722446
	Index Only Scan using k_2 on sbtest2  (cost=0.43..6.51 rows=104 width=4)
	  Index Cond: ((k >= 5722346) AND (k <= 5722446))

table 3 : explain SELECT k FROM sbtest3 WHERE k BETWEEN 5722346 AND 5722446
	Index Only Scan using k_3 on sbtest3  (cost=0.43..6.40 rows=98 width=4)
	  Index Cond: ((k >= 5722346) AND (k <= 5722446))

table 4 : explain SELECT k FROM sbtest4 WHERE k BETWEEN 5722346 AND 5722446
	Index Only Scan using k_4 on sbtest4  (cost=0.43..6.72 rows=114 width=4)
	  Index Cond: ((k >= 5722346) AND (k <= 5722446))

table 5 : explain SELECT k FROM sbtest5 WHERE k BETWEEN 5722346 AND 5722446
	Index Only Scan using k_5 on sbtest5  (cost=0.43..6.37 rows=97 width=4)
	  Index Cond: ((k >= 5722346) AND (k <= 5722446))

table 6 : explain SELECT k FROM sbtest6 WHERE k BETWEEN 5722346 AND 5722446
	Index Only Scan using k_6 on sbtest6  (cost=0.43..6.50 rows=103 width=4)
	  Index Cond: ((k >= 5722346) AND (k <= 5722446))

table 7 : explain SELECT k FROM sbtest7 WHERE k BETWEEN 5722346 AND 5722446
	Index Only Scan using k_7 on sbtest7  (cost=0.43..6.29 rows=93 width=4)
	  Index Cond: ((k >= 5722346) AND (k <= 5722446))

table 8 : explain SELECT k FROM sbtest8 WHERE k BETWEEN 5722346 AND 5722446
	Index Only Scan using k_8 on sbtest8  (cost=0.43..6.51 rows=104 width=4)
	  Index Cond: ((k >= 5722346) AND (k <= 5722446))

explain: for range-covered :: explain SELECT k FROM sbtest%d WHERE k BETWEEN 5938417 AND 5938517
for range-covered
table 1 : explain SELECT k FROM sbtest1 WHERE k BETWEEN 512240 AND 512340
	Index Only Scan using k_1 on sbtest1  (cost=0.43..6.61 rows=109 width=4)
	  Index Cond: ((k >= 512240) AND (k <= 512340))

table 2 : explain SELECT k FROM sbtest2 WHERE k BETWEEN 512240 AND 512340
	Index Only Scan using k_2 on sbtest2  (cost=0.43..6.50 rows=103 width=4)
	  Index Cond: ((k >= 512240) AND (k <= 512340))

table 3 : explain SELECT k FROM sbtest3 WHERE k BETWEEN 512240 AND 512340
	Index Only Scan using k_3 on sbtest3  (cost=0.43..6.59 rows=108 width=4)
	  Index Cond: ((k >= 512240) AND (k <= 512340))

table 4 : explain SELECT k FROM sbtest4 WHERE k BETWEEN 512240 AND 512340
	Index Only Scan using k_4 on sbtest4  (cost=0.43..6.56 rows=106 width=4)
	  Index Cond: ((k >= 512240) AND (k <= 512340))

table 5 : explain SELECT k FROM sbtest5 WHERE k BETWEEN 512240 AND 512340
	Index Only Scan using k_5 on sbtest5  (cost=0.43..6.37 rows=97 width=4)
	  Index Cond: ((k >= 512240) AND (k <= 512340))

table 6 : explain SELECT k FROM sbtest6 WHERE k BETWEEN 512240 AND 512340
	Index Only Scan using k_6 on sbtest6  (cost=0.43..6.59 rows=108 width=4)
	  Index Cond: ((k >= 512240) AND (k <= 512340))

table 7 : explain SELECT k FROM sbtest7 WHERE k BETWEEN 512240 AND 512340
	Index Only Scan using k_7 on sbtest7  (cost=0.43..6.59 rows=108 width=4)
	  Index Cond: ((k >= 512240) AND (k <= 512340))

table 8 : explain SELECT k FROM sbtest8 WHERE k BETWEEN 512240 AND 512340
	Index Only Scan using k_8 on sbtest8  (cost=0.43..6.40 rows=98 width=4)
	  Index Cond: ((k >= 512240) AND (k <= 512340))

for range-covered
table 1 : explain SELECT k FROM sbtest1 WHERE k BETWEEN 2870451 AND 2870551
	Index Only Scan using k_1 on sbtest1  (cost=0.43..6.51 rows=104 width=4)
	  Index Cond: ((k >= 2870451) AND (k <= 2870551))

table 2 : explain SELECT k FROM sbtest2 WHERE k BETWEEN 2870451 AND 2870551
	Index Only Scan using k_2 on sbtest2  (cost=0.43..6.45 rows=101 width=4)
	  Index Cond: ((k >= 2870451) AND (k <= 2870551))

table 3 : explain SELECT k FROM sbtest3 WHERE k BETWEEN 2870451 AND 2870551
	Index Only Scan using k_3 on sbtest3  (cost=0.43..6.43 rows=100 width=4)
	  Index Cond: ((k >= 2870451) AND (k <= 2870551))

table 4 : explain SELECT k FROM sbtest4 WHERE k BETWEEN 2870451 AND 2870551
	Index Only Scan using k_4 on sbtest4  (cost=0.43..6.47 rows=102 width=4)
	  Index Cond: ((k >= 2870451) AND (k <= 2870551))

table 5 : explain SELECT k FROM sbtest5 WHERE k BETWEEN 2870451 AND 2870551
	Index Only Scan using k_5 on sbtest5  (cost=0.43..6.40 rows=98 width=4)
	  Index Cond: ((k >= 2870451) AND (k <= 2870551))

table 6 : explain SELECT k FROM sbtest6 WHERE k BETWEEN 2870451 AND 2870551
	Index Only Scan using k_6 on sbtest6  (cost=0.43..6.53 rows=105 width=4)
	  Index Cond: ((k >= 2870451) AND (k <= 2870551))

table 7 : explain SELECT k FROM sbtest7 WHERE k BETWEEN 2870451 AND 2870551
	Index Only Scan using k_7 on sbtest7  (cost=0.43..6.45 rows=101 width=4)
	  Index Cond: ((k >= 2870451) AND (k <= 2870551))

table 8 : explain SELECT k FROM sbtest8 WHERE k BETWEEN 2870451 AND 2870551
	Index Only Scan using k_8 on sbtest8  (cost=0.43..6.43 rows=100 width=4)
	  Index Cond: ((k >= 2870451) AND (k <= 2870551))

explain: for range-covered :: explain SELECT k FROM sbtest%d WHERE k BETWEEN 2870451 AND 2870551
explain: for range-covered :: explain SELECT k FROM sbtest%d WHERE k BETWEEN 1734452 AND 1734552
explain: for range-covered :: explain SELECT k FROM sbtest%d WHERE k BETWEEN 512240 AND 512340
for range-covered
table 1 : explain SELECT k FROM sbtest1 WHERE k BETWEEN 2870451 AND 2870551
	Index Only Scan using k_1 on sbtest1  (cost=0.43..6.51 rows=104 width=4)
	  Index Cond: ((k >= 2870451) AND (k <= 2870551))

table 2 : explain SELECT k FROM sbtest2 WHERE k BETWEEN 2870451 AND 2870551
	Index Only Scan using k_2 on sbtest2  (cost=0.43..6.45 rows=101 width=4)
	  Index Cond: ((k >= 2870451) AND (k <= 2870551))

table 3 : explain SELECT k FROM sbtest3 WHERE k BETWEEN 2870451 AND 2870551
	Index Only Scan using k_3 on sbtest3  (cost=0.43..6.43 rows=100 width=4)
	  Index Cond: ((k >= 2870451) AND (k <= 2870551))

table 4 : explain SELECT k FROM sbtest4 WHERE k BETWEEN 2870451 AND 2870551
	Index Only Scan using k_4 on sbtest4  (cost=0.43..6.47 rows=102 width=4)
	  Index Cond: ((k >= 2870451) AND (k <= 2870551))

table 5 : explain SELECT k FROM sbtest5 WHERE k BETWEEN 2870451 AND 2870551
	Index Only Scan using k_5 on sbtest5  (cost=0.43..6.40 rows=98 width=4)
	  Index Cond: ((k >= 2870451) AND (k <= 2870551))

table 6 : explain SELECT k FROM sbtest6 WHERE k BETWEEN 2870451 AND 2870551
	Index Only Scan using k_6 on sbtest6  (cost=0.43..6.53 rows=105 width=4)
	  Index Cond: ((k >= 2870451) AND (k <= 2870551))

table 7 : explain SELECT k FROM sbtest7 WHERE k BETWEEN 2870451 AND 2870551
	Index Only Scan using k_7 on sbtest7  (cost=0.43..6.45 rows=101 width=4)
	  Index Cond: ((k >= 2870451) AND (k <= 2870551))

table 8 : explain SELECT k FROM sbtest8 WHERE k BETWEEN 2870451 AND 2870551
	Index Only Scan using k_8 on sbtest8  (cost=0.43..6.43 rows=100 width=4)
	  Index Cond: ((k >= 2870451) AND (k <= 2870551))

explain: for range-covered :: explain SELECT k FROM sbtest%d WHERE k BETWEEN 2870451 AND 2870551
for range-covered
table 1 : explain SELECT k FROM sbtest1 WHERE k BETWEEN 1207028 AND 1207128
	Index Only Scan using k_1 on sbtest1  (cost=0.43..6.33 rows=95 width=4)
	  Index Cond: ((k >= 1207028) AND (k <= 1207128))

table 2 : explain SELECT k FROM sbtest2 WHERE k BETWEEN 1207028 AND 1207128
	Index Only Scan using k_2 on sbtest2  (cost=0.43..6.32 rows=94 width=4)
	  Index Cond: ((k >= 1207028) AND (k <= 1207128))

table 3 : explain SELECT k FROM sbtest3 WHERE k BETWEEN 1207028 AND 1207128
	Index Only Scan using k_3 on sbtest3  (cost=0.43..6.45 rows=101 width=4)
	  Index Cond: ((k >= 1207028) AND (k <= 1207128))

table 4 : explain SELECT k FROM sbtest4 WHERE k BETWEEN 1207028 AND 1207128
	Index Only Scan using k_4 on sbtest4  (cost=0.43..6.45 rows=101 width=4)
	  Index Cond: ((k >= 1207028) AND (k <= 1207128))

table 5 : explain SELECT k FROM sbtest5 WHERE k BETWEEN 1207028 AND 1207128
	Index Only Scan using k_5 on sbtest5  (cost=0.43..6.37 rows=97 width=4)
	  Index Cond: ((k >= 1207028) AND (k <= 1207128))

table 6 : explain SELECT k FROM sbtest6 WHERE k BETWEEN 1207028 AND 1207128
	Index Only Scan using k_6 on sbtest6  (cost=0.43..6.50 rows=103 width=4)
	  Index Cond: ((k >= 1207028) AND (k <= 1207128))

table 7 : explain SELECT k FROM sbtest7 WHERE k BETWEEN 1207028 AND 1207128
	Index Only Scan using k_7 on sbtest7  (cost=0.43..6.50 rows=103 width=4)
	  Index Cond: ((k >= 1207028) AND (k <= 1207128))

table 8 : explain SELECT k FROM sbtest8 WHERE k BETWEEN 1207028 AND 1207128
	Index Only Scan using k_8 on sbtest8  (cost=0.43..6.42 rows=99 width=4)
	  Index Cond: ((k >= 1207028) AND (k <= 1207128))

explain: for range-covered :: explain SELECT k FROM sbtest%d WHERE k BETWEEN 1207028 AND 1207128
explain: for range-covered :: explain SELECT k FROM sbtest%d WHERE k BETWEEN 3865408 AND 3865508
for range-covered
table 1 : explain SELECT k FROM sbtest1 WHERE k BETWEEN 2870451 AND 2870551
	Index Only Scan using k_1 on sbtest1  (cost=0.43..6.51 rows=104 width=4)
	  Index Cond: ((k >= 2870451) AND (k <= 2870551))

table 2 : explain SELECT k FROM sbtest2 WHERE k BETWEEN 2870451 AND 2870551
	Index Only Scan using k_2 on sbtest2  (cost=0.43..6.45 rows=101 width=4)
	  Index Cond: ((k >= 2870451) AND (k <= 2870551))

table 3 : explain SELECT k FROM sbtest3 WHERE k BETWEEN 2870451 AND 2870551
	Index Only Scan using k_3 on sbtest3  (cost=0.43..6.43 rows=100 width=4)
	  Index Cond: ((k >= 2870451) AND (k <= 2870551))

table 4 : explain SELECT k FROM sbtest4 WHERE k BETWEEN 2870451 AND 2870551
	Index Only Scan using k_4 on sbtest4  (cost=0.43..6.47 rows=102 width=4)
	  Index Cond: ((k >= 2870451) AND (k <= 2870551))

table 5 : explain SELECT k FROM sbtest5 WHERE k BETWEEN 2870451 AND 2870551
	Index Only Scan using k_5 on sbtest5  (cost=0.43..6.40 rows=98 width=4)
	  Index Cond: ((k >= 2870451) AND (k <= 2870551))

table 6 : explain SELECT k FROM sbtest6 WHERE k BETWEEN 2870451 AND 2870551
	Index Only Scan using k_6 on sbtest6  (cost=0.43..6.53 rows=105 width=4)
	  Index Cond: ((k >= 2870451) AND (k <= 2870551))

table 7 : explain SELECT k FROM sbtest7 WHERE k BETWEEN 2870451 AND 2870551
	Index Only Scan using k_7 on sbtest7  (cost=0.43..6.45 rows=101 width=4)
	  Index Cond: ((k >= 2870451) AND (k <= 2870551))

table 8 : explain SELECT k FROM sbtest8 WHERE k BETWEEN 2870451 AND 2870551
	Index Only Scan using k_8 on sbtest8  (cost=0.43..6.43 rows=100 width=4)
	  Index Cond: ((k >= 2870451) AND (k <= 2870551))

explain: for range-covered :: explain SELECT k FROM sbtest%d WHERE k BETWEEN 2870451 AND 2870551
explain: for range-covered :: explain SELECT k FROM sbtest%d WHERE k BETWEEN 5270709 AND 5270809
for range-covered
table 1 : explain SELECT k FROM sbtest1 WHERE k BETWEEN 1207028 AND 1207128
	Index Only Scan using k_1 on sbtest1  (cost=0.43..6.33 rows=95 width=4)
	  Index Cond: ((k >= 1207028) AND (k <= 1207128))

table 2 : explain SELECT k FROM sbtest2 WHERE k BETWEEN 1207028 AND 1207128
	Index Only Scan using k_2 on sbtest2  (cost=0.43..6.32 rows=94 width=4)
	  Index Cond: ((k >= 1207028) AND (k <= 1207128))

table 3 : explain SELECT k FROM sbtest3 WHERE k BETWEEN 1207028 AND 1207128
	Index Only Scan using k_3 on sbtest3  (cost=0.43..6.45 rows=101 width=4)
	  Index Cond: ((k >= 1207028) AND (k <= 1207128))

table 4 : explain SELECT k FROM sbtest4 WHERE k BETWEEN 1207028 AND 1207128
	Index Only Scan using k_4 on sbtest4  (cost=0.43..6.45 rows=101 width=4)
	  Index Cond: ((k >= 1207028) AND (k <= 1207128))

table 5 : explain SELECT k FROM sbtest5 WHERE k BETWEEN 1207028 AND 1207128
	Index Only Scan using k_5 on sbtest5  (cost=0.43..6.37 rows=97 width=4)
	  Index Cond: ((k >= 1207028) AND (k <= 1207128))

table 6 : explain SELECT k FROM sbtest6 WHERE k BETWEEN 1207028 AND 1207128
	Index Only Scan using k_6 on sbtest6  (cost=0.43..6.50 rows=103 width=4)
	  Index Cond: ((k >= 1207028) AND (k <= 1207128))

table 7 : explain SELECT k FROM sbtest7 WHERE k BETWEEN 1207028 AND 1207128
	Index Only Scan using k_7 on sbtest7  (cost=0.43..6.50 rows=103 width=4)
	  Index Cond: ((k >= 1207028) AND (k <= 1207128))

table 8 : explain SELECT k FROM sbtest8 WHERE k BETWEEN 1207028 AND 1207128
	Index Only Scan using k_8 on sbtest8  (cost=0.43..6.42 rows=99 width=4)
	  Index Cond: ((k >= 1207028) AND (k <= 1207128))

explain: for range-covered :: explain SELECT k FROM sbtest%d WHERE k BETWEEN 1207028 AND 1207128
for range-covered
table 1 : explain SELECT k FROM sbtest1 WHERE k BETWEEN 512240 AND 512340
	Index Only Scan using k_1 on sbtest1  (cost=0.43..6.61 rows=109 width=4)
	  Index Cond: ((k >= 512240) AND (k <= 512340))

table 2 : explain SELECT k FROM sbtest2 WHERE k BETWEEN 512240 AND 512340
	Index Only Scan using k_2 on sbtest2  (cost=0.43..6.50 rows=103 width=4)
	  Index Cond: ((k >= 512240) AND (k <= 512340))

table 3 : explain SELECT k FROM sbtest3 WHERE k BETWEEN 512240 AND 512340
	Index Only Scan using k_3 on sbtest3  (cost=0.43..6.59 rows=108 width=4)
	  Index Cond: ((k >= 512240) AND (k <= 512340))

table 4 : explain SELECT k FROM sbtest4 WHERE k BETWEEN 512240 AND 512340
	Index Only Scan using k_4 on sbtest4  (cost=0.43..6.56 rows=106 width=4)
	  Index Cond: ((k >= 512240) AND (k <= 512340))

table 5 : explain SELECT k FROM sbtest5 WHERE k BETWEEN 512240 AND 512340
	Index Only Scan using k_5 on sbtest5  (cost=0.43..6.37 rows=97 width=4)
	  Index Cond: ((k >= 512240) AND (k <= 512340))

table 6 : explain SELECT k FROM sbtest6 WHERE k BETWEEN 512240 AND 512340
	Index Only Scan using k_6 on sbtest6  (cost=0.43..6.59 rows=108 width=4)
	  Index Cond: ((k >= 512240) AND (k <= 512340))

table 7 : explain SELECT k FROM sbtest7 WHERE k BETWEEN 512240 AND 512340
	Index Only Scan using k_7 on sbtest7  (cost=0.43..6.59 rows=108 width=4)
	  Index Cond: ((k >= 512240) AND (k <= 512340))

table 8 : explain SELECT k FROM sbtest8 WHERE k BETWEEN 512240 AND 512340
	Index Only Scan using k_8 on sbtest8  (cost=0.43..6.40 rows=98 width=4)
	  Index Cond: ((k >= 512240) AND (k <= 512340))

for range-covered
table 1 : explain SELECT k FROM sbtest1 WHERE k BETWEEN 2870451 AND 2870551
	Index Only Scan using k_1 on sbtest1  (cost=0.43..6.51 rows=104 width=4)
	  Index Cond: ((k >= 2870451) AND (k <= 2870551))

table 2 : explain SELECT k FROM sbtest2 WHERE k BETWEEN 2870451 AND 2870551
	Index Only Scan using k_2 on sbtest2  (cost=0.43..6.45 rows=101 width=4)
	  Index Cond: ((k >= 2870451) AND (k <= 2870551))

table 3 : explain SELECT k FROM sbtest3 WHERE k BETWEEN 2870451 AND 2870551
	Index Only Scan using k_3 on sbtest3  (cost=0.43..6.43 rows=100 width=4)
	  Index Cond: ((k >= 2870451) AND (k <= 2870551))

table 4 : explain SELECT k FROM sbtest4 WHERE k BETWEEN 2870451 AND 2870551
	Index Only Scan using k_4 on sbtest4  (cost=0.43..6.47 rows=102 width=4)
	  Index Cond: ((k >= 2870451) AND (k <= 2870551))

table 5 : explain SELECT k FROM sbtest5 WHERE k BETWEEN 2870451 AND 2870551
	Index Only Scan using k_5 on sbtest5  (cost=0.43..6.40 rows=98 width=4)
	  Index Cond: ((k >= 2870451) AND (k <= 2870551))

table 6 : explain SELECT k FROM sbtest6 WHERE k BETWEEN 2870451 AND 2870551
	Index Only Scan using k_6 on sbtest6  (cost=0.43..6.53 rows=105 width=4)
	  Index Cond: ((k >= 2870451) AND (k <= 2870551))

table 7 : explain SELECT k FROM sbtest7 WHERE k BETWEEN 2870451 AND 2870551
	Index Only Scan using k_7 on sbtest7  (cost=0.43..6.45 rows=101 width=4)
	  Index Cond: ((k >= 2870451) AND (k <= 2870551))

table 8 : explain SELECT k FROM sbtest8 WHERE k BETWEEN 2870451 AND 2870551
	Index Only Scan using k_8 on sbtest8  (cost=0.43..6.43 rows=100 width=4)
	  Index Cond: ((k >= 2870451) AND (k <= 2870551))

explain: for range-covered :: explain SELECT k FROM sbtest%d WHERE k BETWEEN 512240 AND 512340
explain: for range-covered :: explain SELECT k FROM sbtest%d WHERE k BETWEEN 7403388 AND 7403488
explain: for range-covered :: explain SELECT k FROM sbtest%d WHERE k BETWEEN 3488410 AND 3488510
for range-covered
table 1 : explain SELECT k FROM sbtest1 WHERE k BETWEEN 1207028 AND 1207128
	Index Only Scan using k_1 on sbtest1  (cost=0.43..6.33 rows=95 width=4)
	  Index Cond: ((k >= 1207028) AND (k <= 1207128))

table 2 : explain SELECT k FROM sbtest2 WHERE k BETWEEN 1207028 AND 1207128
	Index Only Scan using k_2 on sbtest2  (cost=0.43..6.32 rows=94 width=4)
	  Index Cond: ((k >= 1207028) AND (k <= 1207128))

table 3 : explain SELECT k FROM sbtest3 WHERE k BETWEEN 1207028 AND 1207128
	Index Only Scan using k_3 on sbtest3  (cost=0.43..6.45 rows=101 width=4)
	  Index Cond: ((k >= 1207028) AND (k <= 1207128))

table 4 : explain SELECT k FROM sbtest4 WHERE k BETWEEN 1207028 AND 1207128
	Index Only Scan using k_4 on sbtest4  (cost=0.43..6.45 rows=101 width=4)
	  Index Cond: ((k >= 1207028) AND (k <= 1207128))

table 5 : explain SELECT k FROM sbtest5 WHERE k BETWEEN 1207028 AND 1207128
	Index Only Scan using k_5 on sbtest5  (cost=0.43..6.37 rows=97 width=4)
	  Index Cond: ((k >= 1207028) AND (k <= 1207128))

table 6 : explain SELECT k FROM sbtest6 WHERE k BETWEEN 1207028 AND 1207128
	Index Only Scan using k_6 on sbtest6  (cost=0.43..6.50 rows=103 width=4)
	  Index Cond: ((k >= 1207028) AND (k <= 1207128))

table 7 : explain SELECT k FROM sbtest7 WHERE k BETWEEN 1207028 AND 1207128
	Index Only Scan using k_7 on sbtest7  (cost=0.43..6.50 rows=103 width=4)
	  Index Cond: ((k >= 1207028) AND (k <= 1207128))

table 8 : explain SELECT k FROM sbtest8 WHERE k BETWEEN 1207028 AND 1207128
	Index Only Scan using k_8 on sbtest8  (cost=0.43..6.42 rows=99 width=4)
	  Index Cond: ((k >= 1207028) AND (k <= 1207128))

for range-covered
table 1 : explain SELECT k FROM sbtest1 WHERE k BETWEEN 5938417 AND 5938517
	Index Only Scan using k_1 on sbtest1  (cost=0.43..6.59 rows=108 width=4)
	  Index Cond: ((k >= 5938417) AND (k <= 5938517))

table 2 : explain SELECT k FROM sbtest2 WHERE k BETWEEN 5938417 AND 5938517
	Index Only Scan using k_2 on sbtest2  (cost=0.43..6.33 rows=95 width=4)
	  Index Cond: ((k >= 5938417) AND (k <= 5938517))

table 3 : explain SELECT k FROM sbtest3 WHERE k BETWEEN 5938417 AND 5938517
	Index Only Scan using k_3 on sbtest3  (cost=0.43..6.58 rows=107 width=4)
	  Index Cond: ((k >= 5938417) AND (k <= 5938517))

table 4 : explain SELECT k FROM sbtest4 WHERE k BETWEEN 5938417 AND 5938517
	Index Only Scan using k_4 on sbtest4  (cost=0.43..6.43 rows=100 width=4)
	  Index Cond: ((k >= 5938417) AND (k <= 5938517))

table 5 : explain SELECT k FROM sbtest5 WHERE k BETWEEN 5938417 AND 5938517
	Index Only Scan using k_5 on sbtest5  (cost=0.43..6.35 rows=96 width=4)
	  Index Cond: ((k >= 5938417) AND (k <= 5938517))

table 6 : explain SELECT k FROM sbtest6 WHERE k BETWEEN 5938417 AND 5938517
	Index Only Scan using k_6 on sbtest6  (cost=0.43..6.51 rows=104 width=4)
	  Index Cond: ((k >= 5938417) AND (k <= 5938517))

table 7 : explain SELECT k FROM sbtest7 WHERE k BETWEEN 5938417 AND 5938517
	Index Only Scan using k_7 on sbtest7  (cost=0.43..6.40 rows=98 width=4)
	  Index Cond: ((k >= 5938417) AND (k <= 5938517))

table 8 : explain SELECT k FROM sbtest8 WHERE k BETWEEN 5938417 AND 5938517
	Index Only Scan using k_8 on sbtest8  (cost=0.43..6.45 rows=101 width=4)
	  Index Cond: ((k >= 5938417) AND (k <= 5938517))

explain: for range-covered :: explain SELECT k FROM sbtest%d WHERE k BETWEEN 1207028 AND 1207128
explain: for range-covered :: explain SELECT k FROM sbtest%d WHERE k BETWEEN 5938417 AND 5938517
for range-covered
table 1 : explain SELECT k FROM sbtest1 WHERE k BETWEEN 512240 AND 512340
	Index Only Scan using k_1 on sbtest1  (cost=0.43..6.61 rows=109 width=4)
	  Index Cond: ((k >= 512240) AND (k <= 512340))

table 2 : explain SELECT k FROM sbtest2 WHERE k BETWEEN 512240 AND 512340
	Index Only Scan using k_2 on sbtest2  (cost=0.43..6.50 rows=103 width=4)
	  Index Cond: ((k >= 512240) AND (k <= 512340))

table 3 : explain SELECT k FROM sbtest3 WHERE k BETWEEN 512240 AND 512340
	Index Only Scan using k_3 on sbtest3  (cost=0.43..6.59 rows=108 width=4)
	  Index Cond: ((k >= 512240) AND (k <= 512340))

table 4 : explain SELECT k FROM sbtest4 WHERE k BETWEEN 512240 AND 512340
	Index Only Scan using k_4 on sbtest4  (cost=0.43..6.56 rows=106 width=4)
	  Index Cond: ((k >= 512240) AND (k <= 512340))

table 5 : explain SELECT k FROM sbtest5 WHERE k BETWEEN 512240 AND 512340
	Index Only Scan using k_5 on sbtest5  (cost=0.43..6.37 rows=97 width=4)
	  Index Cond: ((k >= 512240) AND (k <= 512340))

table 6 : explain SELECT k FROM sbtest6 WHERE k BETWEEN 512240 AND 512340
	Index Only Scan using k_6 on sbtest6  (cost=0.43..6.59 rows=108 width=4)
	  Index Cond: ((k >= 512240) AND (k <= 512340))

table 7 : explain SELECT k FROM sbtest7 WHERE k BETWEEN 512240 AND 512340
	Index Only Scan using k_7 on sbtest7  (cost=0.43..6.59 rows=108 width=4)
	  Index Cond: ((k >= 512240) AND (k <= 512340))

table 8 : explain SELECT k FROM sbtest8 WHERE k BETWEEN 512240 AND 512340
	Index Only Scan using k_8 on sbtest8  (cost=0.43..6.40 rows=98 width=4)
	  Index Cond: ((k >= 512240) AND (k <= 512340))

explain: for range-covered :: explain SELECT k FROM sbtest%d WHERE k BETWEEN 512240 AND 512340
for range-covered
table 1 : explain SELECT k FROM sbtest1 WHERE k BETWEEN 1207028 AND 1207128
	Index Only Scan using k_1 on sbtest1  (cost=0.43..6.33 rows=95 width=4)
	  Index Cond: ((k >= 1207028) AND (k <= 1207128))

table 2 : explain SELECT k FROM sbtest2 WHERE k BETWEEN 1207028 AND 1207128
	Index Only Scan using k_2 on sbtest2  (cost=0.43..6.32 rows=94 width=4)
	  Index Cond: ((k >= 1207028) AND (k <= 1207128))

table 3 : explain SELECT k FROM sbtest3 WHERE k BETWEEN 1207028 AND 1207128
	Index Only Scan using k_3 on sbtest3  (cost=0.43..6.45 rows=101 width=4)
	  Index Cond: ((k >= 1207028) AND (k <= 1207128))

table 4 : explain SELECT k FROM sbtest4 WHERE k BETWEEN 1207028 AND 1207128
	Index Only Scan using k_4 on sbtest4  (cost=0.43..6.45 rows=101 width=4)
	  Index Cond: ((k >= 1207028) AND (k <= 1207128))

table 5 : explain SELECT k FROM sbtest5 WHERE k BETWEEN 1207028 AND 1207128
	Index Only Scan using k_5 on sbtest5  (cost=0.43..6.37 rows=97 width=4)
	  Index Cond: ((k >= 1207028) AND (k <= 1207128))

table 6 : explain SELECT k FROM sbtest6 WHERE k BETWEEN 1207028 AND 1207128
	Index Only Scan using k_6 on sbtest6  (cost=0.43..6.50 rows=103 width=4)
	  Index Cond: ((k >= 1207028) AND (k <= 1207128))

table 7 : explain SELECT k FROM sbtest7 WHERE k BETWEEN 1207028 AND 1207128
	Index Only Scan using k_7 on sbtest7  (cost=0.43..6.50 rows=103 width=4)
	  Index Cond: ((k >= 1207028) AND (k <= 1207128))

table 8 : explain SELECT k FROM sbtest8 WHERE k BETWEEN 1207028 AND 1207128
	Index Only Scan using k_8 on sbtest8  (cost=0.43..6.42 rows=99 width=4)
	  Index Cond: ((k >= 1207028) AND (k <= 1207128))

explain: for range-covered :: explain SELECT k FROM sbtest%d WHERE k BETWEEN 1207028 AND 1207128
for range-covered
table 1 : explain SELECT k FROM sbtest1 WHERE k BETWEEN 5938417 AND 5938517
	Index Only Scan using k_1 on sbtest1  (cost=0.43..6.59 rows=108 width=4)
	  Index Cond: ((k >= 5938417) AND (k <= 5938517))

table 2 : explain SELECT k FROM sbtest2 WHERE k BETWEEN 5938417 AND 5938517
	Index Only Scan using k_2 on sbtest2  (cost=0.43..6.33 rows=95 width=4)
	  Index Cond: ((k >= 5938417) AND (k <= 5938517))

table 3 : explain SELECT k FROM sbtest3 WHERE k BETWEEN 5938417 AND 5938517
	Index Only Scan using k_3 on sbtest3  (cost=0.43..6.58 rows=107 width=4)
	  Index Cond: ((k >= 5938417) AND (k <= 5938517))

table 4 : explain SELECT k FROM sbtest4 WHERE k BETWEEN 5938417 AND 5938517
	Index Only Scan using k_4 on sbtest4  (cost=0.43..6.43 rows=100 width=4)
	  Index Cond: ((k >= 5938417) AND (k <= 5938517))

table 5 : explain SELECT k FROM sbtest5 WHERE k BETWEEN 5938417 AND 5938517
	Index Only Scan using k_5 on sbtest5  (cost=0.43..6.35 rows=96 width=4)
	  Index Cond: ((k >= 5938417) AND (k <= 5938517))

table 6 : explain SELECT k FROM sbtest6 WHERE k BETWEEN 5938417 AND 5938517
	Index Only Scan using k_6 on sbtest6  (cost=0.43..6.51 rows=104 width=4)
	  Index Cond: ((k >= 5938417) AND (k <= 5938517))

table 7 : explain SELECT k FROM sbtest7 WHERE k BETWEEN 5938417 AND 5938517
	Index Only Scan using k_7 on sbtest7  (cost=0.43..6.40 rows=98 width=4)
	  Index Cond: ((k >= 5938417) AND (k <= 5938517))

table 8 : explain SELECT k FROM sbtest8 WHERE k BETWEEN 5938417 AND 5938517
	Index Only Scan using k_8 on sbtest8  (cost=0.43..6.45 rows=101 width=4)
	  Index Cond: ((k >= 5938417) AND (k <= 5938517))

explain: for range-covered :: explain SELECT k FROM sbtest%d WHERE k BETWEEN 5938417 AND 5938517
for range-covered
table 1 : explain SELECT k FROM sbtest1 WHERE k BETWEEN 1734452 AND 1734552
	Index Only Scan using k_1 on sbtest1  (cost=0.43..6.37 rows=97 width=4)
	  Index Cond: ((k >= 1734452) AND (k <= 1734552))

table 2 : explain SELECT k FROM sbtest2 WHERE k BETWEEN 1734452 AND 1734552
	Index Only Scan using k_2 on sbtest2  (cost=0.43..6.47 rows=102 width=4)
	  Index Cond: ((k >= 1734452) AND (k <= 1734552))

table 3 : explain SELECT k FROM sbtest3 WHERE k BETWEEN 1734452 AND 1734552
	Index Only Scan using k_3 on sbtest3  (cost=0.43..6.56 rows=106 width=4)
	  Index Cond: ((k >= 1734452) AND (k <= 1734552))

table 4 : explain SELECT k FROM sbtest4 WHERE k BETWEEN 1734452 AND 1734552
	Index Only Scan using k_4 on sbtest4  (cost=0.43..6.50 rows=103 width=4)
	  Index Cond: ((k >= 1734452) AND (k <= 1734552))

table 5 : explain SELECT k FROM sbtest5 WHERE k BETWEEN 1734452 AND 1734552
	Index Only Scan using k_5 on sbtest5  (cost=0.43..6.35 rows=96 width=4)
	  Index Cond: ((k >= 1734452) AND (k <= 1734552))

table 6 : explain SELECT k FROM sbtest6 WHERE k BETWEEN 1734452 AND 1734552
	Index Only Scan using k_6 on sbtest6  (cost=0.43..6.43 rows=100 width=4)
	  Index Cond: ((k >= 1734452) AND (k <= 1734552))

table 7 : explain SELECT k FROM sbtest7 WHERE k BETWEEN 1734452 AND 1734552
	Index Only Scan using k_7 on sbtest7  (cost=0.43..6.42 rows=99 width=4)
	  Index Cond: ((k >= 1734452) AND (k <= 1734552))

table 8 : explain SELECT k FROM sbtest8 WHERE k BETWEEN 1734452 AND 1734552
	Index Only Scan using k_8 on sbtest8  (cost=0.43..6.58 rows=107 width=4)
	  Index Cond: ((k >= 1734452) AND (k <= 1734552))

explain: for range-covered :: explain SELECT k FROM sbtest%d WHERE k BETWEEN 1734452 AND 1734552
explain: for range-covered :: explain SELECT k FROM sbtest%d WHERE k BETWEEN 3419172 AND 3419272
for range-covered
table 1 : explain SELECT k FROM sbtest1 WHERE k BETWEEN 512240 AND 512340
	Index Only Scan using k_1 on sbtest1  (cost=0.43..6.61 rows=109 width=4)
	  Index Cond: ((k >= 512240) AND (k <= 512340))

table 2 : explain SELECT k FROM sbtest2 WHERE k BETWEEN 512240 AND 512340
	Index Only Scan using k_2 on sbtest2  (cost=0.43..6.50 rows=103 width=4)
	  Index Cond: ((k >= 512240) AND (k <= 512340))

table 3 : explain SELECT k FROM sbtest3 WHERE k BETWEEN 512240 AND 512340
	Index Only Scan using k_3 on sbtest3  (cost=0.43..6.59 rows=108 width=4)
	  Index Cond: ((k >= 512240) AND (k <= 512340))

table 4 : explain SELECT k FROM sbtest4 WHERE k BETWEEN 512240 AND 512340
	Index Only Scan using k_4 on sbtest4  (cost=0.43..6.56 rows=106 width=4)
	  Index Cond: ((k >= 512240) AND (k <= 512340))

table 5 : explain SELECT k FROM sbtest5 WHERE k BETWEEN 512240 AND 512340
	Index Only Scan using k_5 on sbtest5  (cost=0.43..6.37 rows=97 width=4)
	  Index Cond: ((k >= 512240) AND (k <= 512340))

table 6 : explain SELECT k FROM sbtest6 WHERE k BETWEEN 512240 AND 512340
	Index Only Scan using k_6 on sbtest6  (cost=0.43..6.59 rows=108 width=4)
	  Index Cond: ((k >= 512240) AND (k <= 512340))

table 7 : explain SELECT k FROM sbtest7 WHERE k BETWEEN 512240 AND 512340
	Index Only Scan using k_7 on sbtest7  (cost=0.43..6.59 rows=108 width=4)
	  Index Cond: ((k >= 512240) AND (k <= 512340))

table 8 : explain SELECT k FROM sbtest8 WHERE k BETWEEN 512240 AND 512340
	Index Only Scan using k_8 on sbtest8  (cost=0.43..6.40 rows=98 width=4)
	  Index Cond: ((k >= 512240) AND (k <= 512340))

explain: for range-covered :: explain SELECT k FROM sbtest%d WHERE k BETWEEN 512240 AND 512340
for range-covered
table 1 : explain SELECT k FROM sbtest1 WHERE k BETWEEN 3865408 AND 3865508
	Index Only Scan using k_1 on sbtest1  (cost=0.43..6.47 rows=102 width=4)
	  Index Cond: ((k >= 3865408) AND (k <= 3865508))

table 2 : explain SELECT k FROM sbtest2 WHERE k BETWEEN 3865408 AND 3865508
	Index Only Scan using k_2 on sbtest2  (cost=0.43..6.59 rows=108 width=4)
	  Index Cond: ((k >= 3865408) AND (k <= 3865508))

table 3 : explain SELECT k FROM sbtest3 WHERE k BETWEEN 3865408 AND 3865508
	Index Only Scan using k_3 on sbtest3  (cost=0.43..6.37 rows=97 width=4)
	  Index Cond: ((k >= 3865408) AND (k <= 3865508))

table 4 : explain SELECT k FROM sbtest4 WHERE k BETWEEN 3865408 AND 3865508
	Index Only Scan using k_4 on sbtest4  (cost=0.43..6.37 rows=97 width=4)
	  Index Cond: ((k >= 3865408) AND (k <= 3865508))

table 5 : explain SELECT k FROM sbtest5 WHERE k BETWEEN 3865408 AND 3865508
	Index Only Scan using k_5 on sbtest5  (cost=0.43..6.29 rows=93 width=4)
	  Index Cond: ((k >= 3865408) AND (k <= 3865508))

table 6 : explain SELECT k FROM sbtest6 WHERE k BETWEEN 3865408 AND 3865508
	Index Only Scan using k_6 on sbtest6  (cost=0.43..6.40 rows=98 width=4)
	  Index Cond: ((k >= 3865408) AND (k <= 3865508))

table 7 : explain SELECT k FROM sbtest7 WHERE k BETWEEN 3865408 AND 3865508
	Index Only Scan using k_7 on sbtest7  (cost=0.43..6.45 rows=101 width=4)
	  Index Cond: ((k >= 3865408) AND (k <= 3865508))

table 8 : explain SELECT k FROM sbtest8 WHERE k BETWEEN 3865408 AND 3865508
	Index Only Scan using k_8 on sbtest8  (cost=0.43..6.51 rows=104 width=4)
	  Index Cond: ((k >= 3865408) AND (k <= 3865508))

explain: for range-covered :: explain SELECT k FROM sbtest%d WHERE k BETWEEN 3865408 AND 3865508
for range-covered
table 1 : explain SELECT k FROM sbtest1 WHERE k BETWEEN 5270709 AND 5270809
	Index Only Scan using k_1 on sbtest1  (cost=0.43..6.63 rows=110 width=4)
	  Index Cond: ((k >= 5270709) AND (k <= 5270809))

table 2 : explain SELECT k FROM sbtest2 WHERE k BETWEEN 5270709 AND 5270809
	Index Only Scan using k_2 on sbtest2  (cost=0.43..6.40 rows=98 width=4)
	  Index Cond: ((k >= 5270709) AND (k <= 5270809))

table 3 : explain SELECT k FROM sbtest3 WHERE k BETWEEN 5270709 AND 5270809
	Index Only Scan using k_3 on sbtest3  (cost=0.43..6.37 rows=97 width=4)
	  Index Cond: ((k >= 5270709) AND (k <= 5270809))

table 4 : explain SELECT k FROM sbtest4 WHERE k BETWEEN 5270709 AND 5270809
	Index Only Scan using k_4 on sbtest4  (cost=0.43..6.42 rows=99 width=4)
	  Index Cond: ((k >= 5270709) AND (k <= 5270809))

table 5 : explain SELECT k FROM sbtest5 WHERE k BETWEEN 5270709 AND 5270809
	Index Only Scan using k_5 on sbtest5  (cost=0.43..6.63 rows=110 width=4)
	  Index Cond: ((k >= 5270709) AND (k <= 5270809))

table 6 : explain SELECT k FROM sbtest6 WHERE k BETWEEN 5270709 AND 5270809
	Index Only Scan using k_6 on sbtest6  (cost=0.43..6.45 rows=101 width=4)
	  Index Cond: ((k >= 5270709) AND (k <= 5270809))

table 7 : explain SELECT k FROM sbtest7 WHERE k BETWEEN 5270709 AND 5270809
	Index Only Scan using k_7 on sbtest7  (cost=0.43..6.56 rows=106 width=4)
	  Index Cond: ((k >= 5270709) AND (k <= 5270809))

table 8 : explain SELECT k FROM sbtest8 WHERE k BETWEEN 5270709 AND 5270809
	Index Only Scan using k_8 on sbtest8  (cost=0.43..6.40 rows=98 width=4)
	  Index Cond: ((k >= 5270709) AND (k <= 5270809))

explain: for range-covered :: explain SELECT k FROM sbtest%d WHERE k BETWEEN 967989 AND 968089
explain: for range-covered :: explain SELECT k FROM sbtest%d WHERE k BETWEEN 5270709 AND 5270809
for range-covered
table 1 : explain SELECT k FROM sbtest1 WHERE k BETWEEN 1207028 AND 1207128
	Index Only Scan using k_1 on sbtest1  (cost=0.43..6.33 rows=95 width=4)
	  Index Cond: ((k >= 1207028) AND (k <= 1207128))

table 2 : explain SELECT k FROM sbtest2 WHERE k BETWEEN 1207028 AND 1207128
	Index Only Scan using k_2 on sbtest2  (cost=0.43..6.32 rows=94 width=4)
	  Index Cond: ((k >= 1207028) AND (k <= 1207128))

table 3 : explain SELECT k FROM sbtest3 WHERE k BETWEEN 1207028 AND 1207128
	Index Only Scan using k_3 on sbtest3  (cost=0.43..6.45 rows=101 width=4)
	  Index Cond: ((k >= 1207028) AND (k <= 1207128))

table 4 : explain SELECT k FROM sbtest4 WHERE k BETWEEN 1207028 AND 1207128
	Index Only Scan using k_4 on sbtest4  (cost=0.43..6.45 rows=101 width=4)
	  Index Cond: ((k >= 1207028) AND (k <= 1207128))

table 5 : explain SELECT k FROM sbtest5 WHERE k BETWEEN 1207028 AND 1207128
	Index Only Scan using k_5 on sbtest5  (cost=0.43..6.37 rows=97 width=4)
	  Index Cond: ((k >= 1207028) AND (k <= 1207128))

table 6 : explain SELECT k FROM sbtest6 WHERE k BETWEEN 1207028 AND 1207128
	Index Only Scan using k_6 on sbtest6  (cost=0.43..6.50 rows=103 width=4)
	  Index Cond: ((k >= 1207028) AND (k <= 1207128))

table 7 : explain SELECT k FROM sbtest7 WHERE k BETWEEN 1207028 AND 1207128
	Index Only Scan using k_7 on sbtest7  (cost=0.43..6.50 rows=103 width=4)
	  Index Cond: ((k >= 1207028) AND (k <= 1207128))

table 8 : explain SELECT k FROM sbtest8 WHERE k BETWEEN 1207028 AND 1207128
	Index Only Scan using k_8 on sbtest8  (cost=0.43..6.42 rows=99 width=4)
	  Index Cond: ((k >= 1207028) AND (k <= 1207128))

for range-covered
table 1 : explain SELECT k FROM sbtest1 WHERE k BETWEEN 5938417 AND 5938517
	Index Only Scan using k_1 on sbtest1  (cost=0.43..6.59 rows=108 width=4)
	  Index Cond: ((k >= 5938417) AND (k <= 5938517))

table 2 : explain SELECT k FROM sbtest2 WHERE k BETWEEN 5938417 AND 5938517
	Index Only Scan using k_2 on sbtest2  (cost=0.43..6.33 rows=95 width=4)
	  Index Cond: ((k >= 5938417) AND (k <= 5938517))

table 3 : explain SELECT k FROM sbtest3 WHERE k BETWEEN 5938417 AND 5938517
	Index Only Scan using k_3 on sbtest3  (cost=0.43..6.58 rows=107 width=4)
	  Index Cond: ((k >= 5938417) AND (k <= 5938517))

table 4 : explain SELECT k FROM sbtest4 WHERE k BETWEEN 5938417 AND 5938517
	Index Only Scan using k_4 on sbtest4  (cost=0.43..6.43 rows=100 width=4)
	  Index Cond: ((k >= 5938417) AND (k <= 5938517))

table 5 : explain SELECT k FROM sbtest5 WHERE k BETWEEN 5938417 AND 5938517
	Index Only Scan using k_5 on sbtest5  (cost=0.43..6.35 rows=96 width=4)
	  Index Cond: ((k >= 5938417) AND (k <= 5938517))

table 6 : explain SELECT k FROM sbtest6 WHERE k BETWEEN 5938417 AND 5938517
	Index Only Scan using k_6 on sbtest6  (cost=0.43..6.51 rows=104 width=4)
	  Index Cond: ((k >= 5938417) AND (k <= 5938517))

table 7 : explain SELECT k FROM sbtest7 WHERE k BETWEEN 5938417 AND 5938517
	Index Only Scan using k_7 on sbtest7  (cost=0.43..6.40 rows=98 width=4)
	  Index Cond: ((k >= 5938417) AND (k <= 5938517))

table 8 : explain SELECT k FROM sbtest8 WHERE k BETWEEN 5938417 AND 5938517
	Index Only Scan using k_8 on sbtest8  (cost=0.43..6.45 rows=101 width=4)
	  Index Cond: ((k >= 5938417) AND (k <= 5938517))

explain: for range-covered :: explain SELECT k FROM sbtest%d WHERE k BETWEEN 4476165 AND 4476265
explain: for range-covered :: explain SELECT k FROM sbtest%d WHERE k BETWEEN 1207028 AND 1207128
explain: for range-covered :: explain SELECT k FROM sbtest%d WHERE k BETWEEN 5938417 AND 5938517
for range-covered
table 1 : explain SELECT k FROM sbtest1 WHERE k BETWEEN 1734452 AND 1734552
	Index Only Scan using k_1 on sbtest1  (cost=0.43..6.37 rows=97 width=4)
	  Index Cond: ((k >= 1734452) AND (k <= 1734552))

table 2 : explain SELECT k FROM sbtest2 WHERE k BETWEEN 1734452 AND 1734552
	Index Only Scan using k_2 on sbtest2  (cost=0.43..6.47 rows=102 width=4)
	  Index Cond: ((k >= 1734452) AND (k <= 1734552))

table 3 : explain SELECT k FROM sbtest3 WHERE k BETWEEN 1734452 AND 1734552
	Index Only Scan using k_3 on sbtest3  (cost=0.43..6.56 rows=106 width=4)
	  Index Cond: ((k >= 1734452) AND (k <= 1734552))

table 4 : explain SELECT k FROM sbtest4 WHERE k BETWEEN 1734452 AND 1734552
	Index Only Scan using k_4 on sbtest4  (cost=0.43..6.50 rows=103 width=4)
	  Index Cond: ((k >= 1734452) AND (k <= 1734552))

table 5 : explain SELECT k FROM sbtest5 WHERE k BETWEEN 1734452 AND 1734552
	Index Only Scan using k_5 on sbtest5  (cost=0.43..6.35 rows=96 width=4)
	  Index Cond: ((k >= 1734452) AND (k <= 1734552))

table 6 : explain SELECT k FROM sbtest6 WHERE k BETWEEN 1734452 AND 1734552
	Index Only Scan using k_6 on sbtest6  (cost=0.43..6.43 rows=100 width=4)
	  Index Cond: ((k >= 1734452) AND (k <= 1734552))

table 7 : explain SELECT k FROM sbtest7 WHERE k BETWEEN 1734452 AND 1734552
	Index Only Scan using k_7 on sbtest7  (cost=0.43..6.42 rows=99 width=4)
	  Index Cond: ((k >= 1734452) AND (k <= 1734552))

table 8 : explain SELECT k FROM sbtest8 WHERE k BETWEEN 1734452 AND 1734552
	Index Only Scan using k_8 on sbtest8  (cost=0.43..6.58 rows=107 width=4)
	  Index Cond: ((k >= 1734452) AND (k <= 1734552))

explain: for range-covered :: explain SELECT k FROM sbtest%d WHERE k BETWEEN 1734452 AND 1734552
for range-covered
table 1 : explain SELECT k FROM sbtest1 WHERE k BETWEEN 512240 AND 512340
	Index Only Scan using k_1 on sbtest1  (cost=0.43..6.61 rows=109 width=4)
	  Index Cond: ((k >= 512240) AND (k <= 512340))

table 2 : explain SELECT k FROM sbtest2 WHERE k BETWEEN 512240 AND 512340
	Index Only Scan using k_2 on sbtest2  (cost=0.43..6.50 rows=103 width=4)
	  Index Cond: ((k >= 512240) AND (k <= 512340))

table 3 : explain SELECT k FROM sbtest3 WHERE k BETWEEN 512240 AND 512340
	Index Only Scan using k_3 on sbtest3  (cost=0.43..6.59 rows=108 width=4)
	  Index Cond: ((k >= 512240) AND (k <= 512340))

table 4 : explain SELECT k FROM sbtest4 WHERE k BETWEEN 512240 AND 512340
	Index Only Scan using k_4 on sbtest4  (cost=0.43..6.56 rows=106 width=4)
	  Index Cond: ((k >= 512240) AND (k <= 512340))

table 5 : explain SELECT k FROM sbtest5 WHERE k BETWEEN 512240 AND 512340
	Index Only Scan using k_5 on sbtest5  (cost=0.43..6.37 rows=97 width=4)
	  Index Cond: ((k >= 512240) AND (k <= 512340))

table 6 : explain SELECT k FROM sbtest6 WHERE k BETWEEN 512240 AND 512340
	Index Only Scan using k_6 on sbtest6  (cost=0.43..6.59 rows=108 width=4)
	  Index Cond: ((k >= 512240) AND (k <= 512340))

table 7 : explain SELECT k FROM sbtest7 WHERE k BETWEEN 512240 AND 512340
	Index Only Scan using k_7 on sbtest7  (cost=0.43..6.59 rows=108 width=4)
	  Index Cond: ((k >= 512240) AND (k <= 512340))

table 8 : explain SELECT k FROM sbtest8 WHERE k BETWEEN 512240 AND 512340
	Index Only Scan using k_8 on sbtest8  (cost=0.43..6.40 rows=98 width=4)
	  Index Cond: ((k >= 512240) AND (k <= 512340))

explain: for range-covered :: explain SELECT k FROM sbtest%d WHERE k BETWEEN 512240 AND 512340
for range-covered
table 1 : explain SELECT k FROM sbtest1 WHERE k BETWEEN 3865408 AND 3865508
	Index Only Scan using k_1 on sbtest1  (cost=0.43..6.47 rows=102 width=4)
	  Index Cond: ((k >= 3865408) AND (k <= 3865508))

table 2 : explain SELECT k FROM sbtest2 WHERE k BETWEEN 3865408 AND 3865508
	Index Only Scan using k_2 on sbtest2  (cost=0.43..6.59 rows=108 width=4)
	  Index Cond: ((k >= 3865408) AND (k <= 3865508))

table 3 : explain SELECT k FROM sbtest3 WHERE k BETWEEN 3865408 AND 3865508
	Index Only Scan using k_3 on sbtest3  (cost=0.43..6.37 rows=97 width=4)
	  Index Cond: ((k >= 3865408) AND (k <= 3865508))

table 4 : explain SELECT k FROM sbtest4 WHERE k BETWEEN 3865408 AND 3865508
	Index Only Scan using k_4 on sbtest4  (cost=0.43..6.37 rows=97 width=4)
	  Index Cond: ((k >= 3865408) AND (k <= 3865508))

table 5 : explain SELECT k FROM sbtest5 WHERE k BETWEEN 3865408 AND 3865508
	Index Only Scan using k_5 on sbtest5  (cost=0.43..6.29 rows=93 width=4)
	  Index Cond: ((k >= 3865408) AND (k <= 3865508))

table 6 : explain SELECT k FROM sbtest6 WHERE k BETWEEN 3865408 AND 3865508
	Index Only Scan using k_6 on sbtest6  (cost=0.43..6.40 rows=98 width=4)
	  Index Cond: ((k >= 3865408) AND (k <= 3865508))

table 7 : explain SELECT k FROM sbtest7 WHERE k BETWEEN 3865408 AND 3865508
	Index Only Scan using k_7 on sbtest7  (cost=0.43..6.45 rows=101 width=4)
	  Index Cond: ((k >= 3865408) AND (k <= 3865508))

table 8 : explain SELECT k FROM sbtest8 WHERE k BETWEEN 3865408 AND 3865508
	Index Only Scan using k_8 on sbtest8  (cost=0.43..6.51 rows=104 width=4)
	  Index Cond: ((k >= 3865408) AND (k <= 3865508))

explain: for range-covered :: explain SELECT k FROM sbtest%d WHERE k BETWEEN 3865408 AND 3865508
for range-covered
table 1 : explain SELECT k FROM sbtest1 WHERE k BETWEEN 5270709 AND 5270809
	Index Only Scan using k_1 on sbtest1  (cost=0.43..6.63 rows=110 width=4)
	  Index Cond: ((k >= 5270709) AND (k <= 5270809))

table 2 : explain SELECT k FROM sbtest2 WHERE k BETWEEN 5270709 AND 5270809
	Index Only Scan using k_2 on sbtest2  (cost=0.43..6.40 rows=98 width=4)
	  Index Cond: ((k >= 5270709) AND (k <= 5270809))

table 3 : explain SELECT k FROM sbtest3 WHERE k BETWEEN 5270709 AND 5270809
	Index Only Scan using k_3 on sbtest3  (cost=0.43..6.37 rows=97 width=4)
	  Index Cond: ((k >= 5270709) AND (k <= 5270809))

table 4 : explain SELECT k FROM sbtest4 WHERE k BETWEEN 5270709 AND 5270809
	Index Only Scan using k_4 on sbtest4  (cost=0.43..6.42 rows=99 width=4)
	  Index Cond: ((k >= 5270709) AND (k <= 5270809))

table 5 : explain SELECT k FROM sbtest5 WHERE k BETWEEN 5270709 AND 5270809
	Index Only Scan using k_5 on sbtest5  (cost=0.43..6.63 rows=110 width=4)
	  Index Cond: ((k >= 5270709) AND (k <= 5270809))

table 6 : explain SELECT k FROM sbtest6 WHERE k BETWEEN 5270709 AND 5270809
	Index Only Scan using k_6 on sbtest6  (cost=0.43..6.45 rows=101 width=4)
	  Index Cond: ((k >= 5270709) AND (k <= 5270809))

table 7 : explain SELECT k FROM sbtest7 WHERE k BETWEEN 5270709 AND 5270809
	Index Only Scan using k_7 on sbtest7  (cost=0.43..6.56 rows=106 width=4)
	  Index Cond: ((k >= 5270709) AND (k <= 5270809))

table 8 : explain SELECT k FROM sbtest8 WHERE k BETWEEN 5270709 AND 5270809
	Index Only Scan using k_8 on sbtest8  (cost=0.43..6.40 rows=98 width=4)
	  Index Cond: ((k >= 5270709) AND (k <= 5270809))

for range-covered
table 1 : explain SELECT k FROM sbtest1 WHERE k BETWEEN 7403388 AND 7403488
	Index Only Scan using k_1 on sbtest1  (cost=0.43..6.53 rows=105 width=4)
	  Index Cond: ((k >= 7403388) AND (k <= 7403488))

table 2 : explain SELECT k FROM sbtest2 WHERE k BETWEEN 7403388 AND 7403488
	Index Only Scan using k_2 on sbtest2  (cost=0.43..6.53 rows=105 width=4)
	  Index Cond: ((k >= 7403388) AND (k <= 7403488))

table 3 : explain SELECT k FROM sbtest3 WHERE k BETWEEN 7403388 AND 7403488
	Index Only Scan using k_3 on sbtest3  (cost=0.43..6.50 rows=103 width=4)
	  Index Cond: ((k >= 7403388) AND (k <= 7403488))

table 4 : explain SELECT k FROM sbtest4 WHERE k BETWEEN 7403388 AND 7403488
	Index Only Scan using k_4 on sbtest4  (cost=0.43..6.59 rows=108 width=4)
	  Index Cond: ((k >= 7403388) AND (k <= 7403488))

table 5 : explain SELECT k FROM sbtest5 WHERE k BETWEEN 7403388 AND 7403488
	Index Only Scan using k_5 on sbtest5  (cost=0.43..6.27 rows=92 width=4)
	  Index Cond: ((k >= 7403388) AND (k <= 7403488))

table 6 : explain SELECT k FROM sbtest6 WHERE k BETWEEN 7403388 AND 7403488
	Index Only Scan using k_6 on sbtest6  (cost=0.43..6.51 rows=104 width=4)
	  Index Cond: ((k >= 7403388) AND (k <= 7403488))

table 7 : explain SELECT k FROM sbtest7 WHERE k BETWEEN 7403388 AND 7403488
	Index Only Scan using k_7 on sbtest7  (cost=0.43..6.50 rows=103 width=4)
	  Index Cond: ((k >= 7403388) AND (k <= 7403488))

table 8 : explain SELECT k FROM sbtest8 WHERE k BETWEEN 7403388 AND 7403488
	Index Only Scan using k_8 on sbtest8  (cost=0.43..6.37 rows=97 width=4)
	  Index Cond: ((k >= 7403388) AND (k <= 7403488))

explain: for range-covered :: explain SELECT k FROM sbtest%d WHERE k BETWEEN 5270709 AND 5270809
for range-covered
table 1 : explain SELECT k FROM sbtest1 WHERE k BETWEEN 3488410 AND 3488510
	Index Only Scan using k_1 on sbtest1  (cost=0.43..6.51 rows=104 width=4)
	  Index Cond: ((k >= 3488410) AND (k <= 3488510))

table 2 : explain SELECT k FROM sbtest2 WHERE k BETWEEN 3488410 AND 3488510
	Index Only Scan using k_2 on sbtest2  (cost=0.43..6.66 rows=111 width=4)
	  Index Cond: ((k >= 3488410) AND (k <= 3488510))

table 3 : explain SELECT k FROM sbtest3 WHERE k BETWEEN 3488410 AND 3488510
	Index Only Scan using k_3 on sbtest3  (cost=0.43..6.51 rows=104 width=4)
	  Index Cond: ((k >= 3488410) AND (k <= 3488510))

table 4 : explain SELECT k FROM sbtest4 WHERE k BETWEEN 3488410 AND 3488510
	Index Only Scan using k_4 on sbtest4  (cost=0.43..6.47 rows=102 width=4)
	  Index Cond: ((k >= 3488410) AND (k <= 3488510))

table 5 : explain SELECT k FROM sbtest5 WHERE k BETWEEN 3488410 AND 3488510
	Index Only Scan using k_5 on sbtest5  (cost=0.43..6.43 rows=100 width=4)
	  Index Cond: ((k >= 3488410) AND (k <= 3488510))

table 6 : explain SELECT k FROM sbtest6 WHERE k BETWEEN 3488410 AND 3488510
	Index Only Scan using k_6 on sbtest6  (cost=0.43..6.51 rows=104 width=4)
	  Index Cond: ((k >= 3488410) AND (k <= 3488510))

table 7 : explain SELECT k FROM sbtest7 WHERE k BETWEEN 3488410 AND 3488510
	Index Only Scan using k_7 on sbtest7  (cost=0.43..6.47 rows=102 width=4)
	  Index Cond: ((k >= 3488410) AND (k <= 3488510))

table 8 : explain SELECT k FROM sbtest8 WHERE k BETWEEN 3488410 AND 3488510
	Index Only Scan using k_8 on sbtest8  (cost=0.43..6.59 rows=108 width=4)
	  Index Cond: ((k >= 3488410) AND (k <= 3488510))

for range-covered
table 1 : explain SELECT k FROM sbtest1 WHERE k BETWEEN 5938417 AND 5938517
	Index Only Scan using k_1 on sbtest1  (cost=0.43..6.59 rows=108 width=4)
	  Index Cond: ((k >= 5938417) AND (k <= 5938517))

table 2 : explain SELECT k FROM sbtest2 WHERE k BETWEEN 5938417 AND 5938517
	Index Only Scan using k_2 on sbtest2  (cost=0.43..6.33 rows=95 width=4)
	  Index Cond: ((k >= 5938417) AND (k <= 5938517))

table 3 : explain SELECT k FROM sbtest3 WHERE k BETWEEN 5938417 AND 5938517
	Index Only Scan using k_3 on sbtest3  (cost=0.43..6.58 rows=107 width=4)
	  Index Cond: ((k >= 5938417) AND (k <= 5938517))

table 4 : explain SELECT k FROM sbtest4 WHERE k BETWEEN 5938417 AND 5938517
	Index Only Scan using k_4 on sbtest4  (cost=0.43..6.43 rows=100 width=4)
	  Index Cond: ((k >= 5938417) AND (k <= 5938517))

table 5 : explain SELECT k FROM sbtest5 WHERE k BETWEEN 5938417 AND 5938517
	Index Only Scan using k_5 on sbtest5  (cost=0.43..6.35 rows=96 width=4)
	  Index Cond: ((k >= 5938417) AND (k <= 5938517))

table 6 : explain SELECT k FROM sbtest6 WHERE k BETWEEN 5938417 AND 5938517
	Index Only Scan using k_6 on sbtest6  (cost=0.43..6.51 rows=104 width=4)
	  Index Cond: ((k >= 5938417) AND (k <= 5938517))

table 7 : explain SELECT k FROM sbtest7 WHERE k BETWEEN 5938417 AND 5938517
	Index Only Scan using k_7 on sbtest7  (cost=0.43..6.40 rows=98 width=4)
	  Index Cond: ((k >= 5938417) AND (k <= 5938517))

table 8 : explain SELECT k FROM sbtest8 WHERE k BETWEEN 5938417 AND 5938517
	Index Only Scan using k_8 on sbtest8  (cost=0.43..6.45 rows=101 width=4)
	  Index Cond: ((k >= 5938417) AND (k <= 5938517))

explain: for range-covered :: explain SELECT k FROM sbtest%d WHERE k BETWEEN 7403388 AND 7403488
for range-covered
table 1 : explain SELECT k FROM sbtest1 WHERE k BETWEEN 1207028 AND 1207128
	Index Only Scan using k_1 on sbtest1  (cost=0.43..6.33 rows=95 width=4)
	  Index Cond: ((k >= 1207028) AND (k <= 1207128))

table 2 : explain SELECT k FROM sbtest2 WHERE k BETWEEN 1207028 AND 1207128
	Index Only Scan using k_2 on sbtest2  (cost=0.43..6.32 rows=94 width=4)
	  Index Cond: ((k >= 1207028) AND (k <= 1207128))

table 3 : explain SELECT k FROM sbtest3 WHERE k BETWEEN 1207028 AND 1207128
	Index Only Scan using k_3 on sbtest3  (cost=0.43..6.45 rows=101 width=4)
	  Index Cond: ((k >= 1207028) AND (k <= 1207128))

table 4 : explain SELECT k FROM sbtest4 WHERE k BETWEEN 1207028 AND 1207128
	Index Only Scan using k_4 on sbtest4  (cost=0.43..6.45 rows=101 width=4)
	  Index Cond: ((k >= 1207028) AND (k <= 1207128))

table 5 : explain SELECT k FROM sbtest5 WHERE k BETWEEN 1207028 AND 1207128
	Index Only Scan using k_5 on sbtest5  (cost=0.43..6.37 rows=97 width=4)
	  Index Cond: ((k >= 1207028) AND (k <= 1207128))

table 6 : explain SELECT k FROM sbtest6 WHERE k BETWEEN 1207028 AND 1207128
	Index Only Scan using k_6 on sbtest6  (cost=0.43..6.50 rows=103 width=4)
	  Index Cond: ((k >= 1207028) AND (k <= 1207128))

table 7 : explain SELECT k FROM sbtest7 WHERE k BETWEEN 1207028 AND 1207128
	Index Only Scan using k_7 on sbtest7  (cost=0.43..6.50 rows=103 width=4)
	  Index Cond: ((k >= 1207028) AND (k <= 1207128))

table 8 : explain SELECT k FROM sbtest8 WHERE k BETWEEN 1207028 AND 1207128
	Index Only Scan using k_8 on sbtest8  (cost=0.43..6.42 rows=99 width=4)
	  Index Cond: ((k >= 1207028) AND (k <= 1207128))

explain: for range-covered :: explain SELECT k FROM sbtest%d WHERE k BETWEEN 7827228 AND 7827328
explain: for range-covered :: explain SELECT k FROM sbtest%d WHERE k BETWEEN 5938417 AND 5938517
explain: for range-covered :: explain SELECT k FROM sbtest%d WHERE k BETWEEN 3488410 AND 3488510
explain: for range-covered :: explain SELECT k FROM sbtest%d WHERE k BETWEEN 1207028 AND 1207128
for range-covered
table 1 : explain SELECT k FROM sbtest1 WHERE k BETWEEN 1734452 AND 1734552
	Index Only Scan using k_1 on sbtest1  (cost=0.43..6.37 rows=97 width=4)
	  Index Cond: ((k >= 1734452) AND (k <= 1734552))

table 2 : explain SELECT k FROM sbtest2 WHERE k BETWEEN 1734452 AND 1734552
	Index Only Scan using k_2 on sbtest2  (cost=0.43..6.47 rows=102 width=4)
	  Index Cond: ((k >= 1734452) AND (k <= 1734552))

table 3 : explain SELECT k FROM sbtest3 WHERE k BETWEEN 1734452 AND 1734552
	Index Only Scan using k_3 on sbtest3  (cost=0.43..6.56 rows=106 width=4)
	  Index Cond: ((k >= 1734452) AND (k <= 1734552))

table 4 : explain SELECT k FROM sbtest4 WHERE k BETWEEN 1734452 AND 1734552
	Index Only Scan using k_4 on sbtest4  (cost=0.43..6.50 rows=103 width=4)
	  Index Cond: ((k >= 1734452) AND (k <= 1734552))

table 5 : explain SELECT k FROM sbtest5 WHERE k BETWEEN 1734452 AND 1734552
	Index Only Scan using k_5 on sbtest5  (cost=0.43..6.35 rows=96 width=4)
	  Index Cond: ((k >= 1734452) AND (k <= 1734552))

table 6 : explain SELECT k FROM sbtest6 WHERE k BETWEEN 1734452 AND 1734552
	Index Only Scan using k_6 on sbtest6  (cost=0.43..6.43 rows=100 width=4)
	  Index Cond: ((k >= 1734452) AND (k <= 1734552))

table 7 : explain SELECT k FROM sbtest7 WHERE k BETWEEN 1734452 AND 1734552
	Index Only Scan using k_7 on sbtest7  (cost=0.43..6.42 rows=99 width=4)
	  Index Cond: ((k >= 1734452) AND (k <= 1734552))

table 8 : explain SELECT k FROM sbtest8 WHERE k BETWEEN 1734452 AND 1734552
	Index Only Scan using k_8 on sbtest8  (cost=0.43..6.58 rows=107 width=4)
	  Index Cond: ((k >= 1734452) AND (k <= 1734552))

explain: for range-covered :: explain SELECT k FROM sbtest%d WHERE k BETWEEN 5926643 AND 5926743
explain: for range-covered :: explain SELECT k FROM sbtest%d WHERE k BETWEEN 1734452 AND 1734552
for range-covered
table 1 : explain SELECT k FROM sbtest1 WHERE k BETWEEN 512240 AND 512340
	Index Only Scan using k_1 on sbtest1  (cost=0.43..6.61 rows=109 width=4)
	  Index Cond: ((k >= 512240) AND (k <= 512340))

table 2 : explain SELECT k FROM sbtest2 WHERE k BETWEEN 512240 AND 512340
	Index Only Scan using k_2 on sbtest2  (cost=0.43..6.50 rows=103 width=4)
	  Index Cond: ((k >= 512240) AND (k <= 512340))

table 3 : explain SELECT k FROM sbtest3 WHERE k BETWEEN 512240 AND 512340
	Index Only Scan using k_3 on sbtest3  (cost=0.43..6.59 rows=108 width=4)
	  Index Cond: ((k >= 512240) AND (k <= 512340))

table 4 : explain SELECT k FROM sbtest4 WHERE k BETWEEN 512240 AND 512340
	Index Only Scan using k_4 on sbtest4  (cost=0.43..6.56 rows=106 width=4)
	  Index Cond: ((k >= 512240) AND (k <= 512340))

table 5 : explain SELECT k FROM sbtest5 WHERE k BETWEEN 512240 AND 512340
	Index Only Scan using k_5 on sbtest5  (cost=0.43..6.37 rows=97 width=4)
	  Index Cond: ((k >= 512240) AND (k <= 512340))

table 6 : explain SELECT k FROM sbtest6 WHERE k BETWEEN 512240 AND 512340
	Index Only Scan using k_6 on sbtest6  (cost=0.43..6.59 rows=108 width=4)
	  Index Cond: ((k >= 512240) AND (k <= 512340))

table 7 : explain SELECT k FROM sbtest7 WHERE k BETWEEN 512240 AND 512340
	Index Only Scan using k_7 on sbtest7  (cost=0.43..6.59 rows=108 width=4)
	  Index Cond: ((k >= 512240) AND (k <= 512340))

table 8 : explain SELECT k FROM sbtest8 WHERE k BETWEEN 512240 AND 512340
	Index Only Scan using k_8 on sbtest8  (cost=0.43..6.40 rows=98 width=4)
	  Index Cond: ((k >= 512240) AND (k <= 512340))

for range-covered
table 1 : explain SELECT k FROM sbtest1 WHERE k BETWEEN 3865408 AND 3865508
	Index Only Scan using k_1 on sbtest1  (cost=0.43..6.47 rows=102 width=4)
	  Index Cond: ((k >= 3865408) AND (k <= 3865508))

table 2 : explain SELECT k FROM sbtest2 WHERE k BETWEEN 3865408 AND 3865508
	Index Only Scan using k_2 on sbtest2  (cost=0.43..6.59 rows=108 width=4)
	  Index Cond: ((k >= 3865408) AND (k <= 3865508))

table 3 : explain SELECT k FROM sbtest3 WHERE k BETWEEN 3865408 AND 3865508
	Index Only Scan using k_3 on sbtest3  (cost=0.43..6.37 rows=97 width=4)
	  Index Cond: ((k >= 3865408) AND (k <= 3865508))

table 4 : explain SELECT k FROM sbtest4 WHERE k BETWEEN 3865408 AND 3865508
	Index Only Scan using k_4 on sbtest4  (cost=0.43..6.37 rows=97 width=4)
	  Index Cond: ((k >= 3865408) AND (k <= 3865508))

table 5 : explain SELECT k FROM sbtest5 WHERE k BETWEEN 3865408 AND 3865508
	Index Only Scan using k_5 on sbtest5  (cost=0.43..6.29 rows=93 width=4)
	  Index Cond: ((k >= 3865408) AND (k <= 3865508))

table 6 : explain SELECT k FROM sbtest6 WHERE k BETWEEN 3865408 AND 3865508
	Index Only Scan using k_6 on sbtest6  (cost=0.43..6.40 rows=98 width=4)
	  Index Cond: ((k >= 3865408) AND (k <= 3865508))

table 7 : explain SELECT k FROM sbtest7 WHERE k BETWEEN 3865408 AND 3865508
	Index Only Scan using k_7 on sbtest7  (cost=0.43..6.45 rows=101 width=4)
	  Index Cond: ((k >= 3865408) AND (k <= 3865508))

table 8 : explain SELECT k FROM sbtest8 WHERE k BETWEEN 3865408 AND 3865508
	Index Only Scan using k_8 on sbtest8  (cost=0.43..6.51 rows=104 width=4)
	  Index Cond: ((k >= 3865408) AND (k <= 3865508))

explain: for range-covered :: explain SELECT k FROM sbtest%d WHERE k BETWEEN 3865408 AND 3865508
for range-covered
table 1 : explain SELECT k FROM sbtest1 WHERE k BETWEEN 5270709 AND 5270809
	Index Only Scan using k_1 on sbtest1  (cost=0.43..6.63 rows=110 width=4)
	  Index Cond: ((k >= 5270709) AND (k <= 5270809))

table 2 : explain SELECT k FROM sbtest2 WHERE k BETWEEN 5270709 AND 5270809
	Index Only Scan using k_2 on sbtest2  (cost=0.43..6.40 rows=98 width=4)
	  Index Cond: ((k >= 5270709) AND (k <= 5270809))

table 3 : explain SELECT k FROM sbtest3 WHERE k BETWEEN 5270709 AND 5270809
	Index Only Scan using k_3 on sbtest3  (cost=0.43..6.37 rows=97 width=4)
	  Index Cond: ((k >= 5270709) AND (k <= 5270809))

table 4 : explain SELECT k FROM sbtest4 WHERE k BETWEEN 5270709 AND 5270809
	Index Only Scan using k_4 on sbtest4  (cost=0.43..6.42 rows=99 width=4)
	  Index Cond: ((k >= 5270709) AND (k <= 5270809))

table 5 : explain SELECT k FROM sbtest5 WHERE k BETWEEN 5270709 AND 5270809
	Index Only Scan using k_5 on sbtest5  (cost=0.43..6.63 rows=110 width=4)
	  Index Cond: ((k >= 5270709) AND (k <= 5270809))

table 6 : explain SELECT k FROM sbtest6 WHERE k BETWEEN 5270709 AND 5270809
	Index Only Scan using k_6 on sbtest6  (cost=0.43..6.45 rows=101 width=4)
	  Index Cond: ((k >= 5270709) AND (k <= 5270809))

table 7 : explain SELECT k FROM sbtest7 WHERE k BETWEEN 5270709 AND 5270809
	Index Only Scan using k_7 on sbtest7  (cost=0.43..6.56 rows=106 width=4)
	  Index Cond: ((k >= 5270709) AND (k <= 5270809))

table 8 : explain SELECT k FROM sbtest8 WHERE k BETWEEN 5270709 AND 5270809
	Index Only Scan using k_8 on sbtest8  (cost=0.43..6.40 rows=98 width=4)
	  Index Cond: ((k >= 5270709) AND (k <= 5270809))

explain: for range-covered :: explain SELECT k FROM sbtest%d WHERE k BETWEEN 5270709 AND 5270809
explain: for range-covered :: explain SELECT k FROM sbtest%d WHERE k BETWEEN 5575402 AND 5575502
for range-covered
table 1 : explain SELECT k FROM sbtest1 WHERE k BETWEEN 7403388 AND 7403488
	Index Only Scan using k_1 on sbtest1  (cost=0.43..6.53 rows=105 width=4)
	  Index Cond: ((k >= 7403388) AND (k <= 7403488))

table 2 : explain SELECT k FROM sbtest2 WHERE k BETWEEN 7403388 AND 7403488
	Index Only Scan using k_2 on sbtest2  (cost=0.43..6.53 rows=105 width=4)
	  Index Cond: ((k >= 7403388) AND (k <= 7403488))

table 3 : explain SELECT k FROM sbtest3 WHERE k BETWEEN 7403388 AND 7403488
	Index Only Scan using k_3 on sbtest3  (cost=0.43..6.50 rows=103 width=4)
	  Index Cond: ((k >= 7403388) AND (k <= 7403488))

table 4 : explain SELECT k FROM sbtest4 WHERE k BETWEEN 7403388 AND 7403488
	Index Only Scan using k_4 on sbtest4  (cost=0.43..6.59 rows=108 width=4)
	  Index Cond: ((k >= 7403388) AND (k <= 7403488))

table 5 : explain SELECT k FROM sbtest5 WHERE k BETWEEN 7403388 AND 7403488
	Index Only Scan using k_5 on sbtest5  (cost=0.43..6.27 rows=92 width=4)
	  Index Cond: ((k >= 7403388) AND (k <= 7403488))

table 6 : explain SELECT k FROM sbtest6 WHERE k BETWEEN 7403388 AND 7403488
	Index Only Scan using k_6 on sbtest6  (cost=0.43..6.51 rows=104 width=4)
	  Index Cond: ((k >= 7403388) AND (k <= 7403488))

table 7 : explain SELECT k FROM sbtest7 WHERE k BETWEEN 7403388 AND 7403488
	Index Only Scan using k_7 on sbtest7  (cost=0.43..6.50 rows=103 width=4)
	  Index Cond: ((k >= 7403388) AND (k <= 7403488))

table 8 : explain SELECT k FROM sbtest8 WHERE k BETWEEN 7403388 AND 7403488
	Index Only Scan using k_8 on sbtest8  (cost=0.43..6.37 rows=97 width=4)
	  Index Cond: ((k >= 7403388) AND (k <= 7403488))

for range-covered
table 1 : explain SELECT k FROM sbtest1 WHERE k BETWEEN 5938417 AND 5938517
	Index Only Scan using k_1 on sbtest1  (cost=0.43..6.59 rows=108 width=4)
	  Index Cond: ((k >= 5938417) AND (k <= 5938517))

table 2 : explain SELECT k FROM sbtest2 WHERE k BETWEEN 5938417 AND 5938517
	Index Only Scan using k_2 on sbtest2  (cost=0.43..6.33 rows=95 width=4)
	  Index Cond: ((k >= 5938417) AND (k <= 5938517))

table 3 : explain SELECT k FROM sbtest3 WHERE k BETWEEN 5938417 AND 5938517
	Index Only Scan using k_3 on sbtest3  (cost=0.43..6.58 rows=107 width=4)
	  Index Cond: ((k >= 5938417) AND (k <= 5938517))

table 4 : explain SELECT k FROM sbtest4 WHERE k BETWEEN 5938417 AND 5938517
	Index Only Scan using k_4 on sbtest4  (cost=0.43..6.43 rows=100 width=4)
	  Index Cond: ((k >= 5938417) AND (k <= 5938517))

table 5 : explain SELECT k FROM sbtest5 WHERE k BETWEEN 5938417 AND 5938517
	Index Only Scan using k_5 on sbtest5  (cost=0.43..6.35 rows=96 width=4)
	  Index Cond: ((k >= 5938417) AND (k <= 5938517))

table 6 : explain SELECT k FROM sbtest6 WHERE k BETWEEN 5938417 AND 5938517
	Index Only Scan using k_6 on sbtest6  (cost=0.43..6.51 rows=104 width=4)
	  Index Cond: ((k >= 5938417) AND (k <= 5938517))

table 7 : explain SELECT k FROM sbtest7 WHERE k BETWEEN 5938417 AND 5938517
	Index Only Scan using k_7 on sbtest7  (cost=0.43..6.40 rows=98 width=4)
	  Index Cond: ((k >= 5938417) AND (k <= 5938517))

table 8 : explain SELECT k FROM sbtest8 WHERE k BETWEEN 5938417 AND 5938517
	Index Only Scan using k_8 on sbtest8  (cost=0.43..6.45 rows=101 width=4)
	  Index Cond: ((k >= 5938417) AND (k <= 5938517))

for range-covered
table 1 : explain SELECT k FROM sbtest1 WHERE k BETWEEN 1207028 AND 1207128
	Index Only Scan using k_1 on sbtest1  (cost=0.43..6.33 rows=95 width=4)
	  Index Cond: ((k >= 1207028) AND (k <= 1207128))

table 2 : explain SELECT k FROM sbtest2 WHERE k BETWEEN 1207028 AND 1207128
	Index Only Scan using k_2 on sbtest2  (cost=0.43..6.32 rows=94 width=4)
	  Index Cond: ((k >= 1207028) AND (k <= 1207128))

table 3 : explain SELECT k FROM sbtest3 WHERE k BETWEEN 1207028 AND 1207128
	Index Only Scan using k_3 on sbtest3  (cost=0.43..6.45 rows=101 width=4)
	  Index Cond: ((k >= 1207028) AND (k <= 1207128))

table 4 : explain SELECT k FROM sbtest4 WHERE k BETWEEN 1207028 AND 1207128
	Index Only Scan using k_4 on sbtest4  (cost=0.43..6.45 rows=101 width=4)
	  Index Cond: ((k >= 1207028) AND (k <= 1207128))

table 5 : explain SELECT k FROM sbtest5 WHERE k BETWEEN 1207028 AND 1207128
	Index Only Scan using k_5 on sbtest5  (cost=0.43..6.37 rows=97 width=4)
	  Index Cond: ((k >= 1207028) AND (k <= 1207128))

table 6 : explain SELECT k FROM sbtest6 WHERE k BETWEEN 1207028 AND 1207128
	Index Only Scan using k_6 on sbtest6  (cost=0.43..6.50 rows=103 width=4)
	  Index Cond: ((k >= 1207028) AND (k <= 1207128))

table 7 : explain SELECT k FROM sbtest7 WHERE k BETWEEN 1207028 AND 1207128
	Index Only Scan using k_7 on sbtest7  (cost=0.43..6.50 rows=103 width=4)
	  Index Cond: ((k >= 1207028) AND (k <= 1207128))

table 8 : explain SELECT k FROM sbtest8 WHERE k BETWEEN 1207028 AND 1207128
	Index Only Scan using k_8 on sbtest8  (cost=0.43..6.42 rows=99 width=4)
	  Index Cond: ((k >= 1207028) AND (k <= 1207128))

for range-covered
table 1 : explain SELECT k FROM sbtest1 WHERE k BETWEEN 3488410 AND 3488510
	Index Only Scan using k_1 on sbtest1  (cost=0.43..6.51 rows=104 width=4)
	  Index Cond: ((k >= 3488410) AND (k <= 3488510))

table 2 : explain SELECT k FROM sbtest2 WHERE k BETWEEN 3488410 AND 3488510
	Index Only Scan using k_2 on sbtest2  (cost=0.43..6.66 rows=111 width=4)
	  Index Cond: ((k >= 3488410) AND (k <= 3488510))

table 3 : explain SELECT k FROM sbtest3 WHERE k BETWEEN 3488410 AND 3488510
	Index Only Scan using k_3 on sbtest3  (cost=0.43..6.51 rows=104 width=4)
	  Index Cond: ((k >= 3488410) AND (k <= 3488510))

table 4 : explain SELECT k FROM sbtest4 WHERE k BETWEEN 3488410 AND 3488510
	Index Only Scan using k_4 on sbtest4  (cost=0.43..6.47 rows=102 width=4)
	  Index Cond: ((k >= 3488410) AND (k <= 3488510))

table 5 : explain SELECT k FROM sbtest5 WHERE k BETWEEN 3488410 AND 3488510
	Index Only Scan using k_5 on sbtest5  (cost=0.43..6.43 rows=100 width=4)
	  Index Cond: ((k >= 3488410) AND (k <= 3488510))

table 6 : explain SELECT k FROM sbtest6 WHERE k BETWEEN 3488410 AND 3488510
	Index Only Scan using k_6 on sbtest6  (cost=0.43..6.51 rows=104 width=4)
	  Index Cond: ((k >= 3488410) AND (k <= 3488510))

table 7 : explain SELECT k FROM sbtest7 WHERE k BETWEEN 3488410 AND 3488510
	Index Only Scan using k_7 on sbtest7  (cost=0.43..6.47 rows=102 width=4)
	  Index Cond: ((k >= 3488410) AND (k <= 3488510))

table 8 : explain SELECT k FROM sbtest8 WHERE k BETWEEN 3488410 AND 3488510
	Index Only Scan using k_8 on sbtest8  (cost=0.43..6.59 rows=108 width=4)
	  Index Cond: ((k >= 3488410) AND (k <= 3488510))

explain: for range-covered :: explain SELECT k FROM sbtest%d WHERE k BETWEEN 7403388 AND 7403488
explain: for range-covered :: explain SELECT k FROM sbtest%d WHERE k BETWEEN 5938417 AND 5938517
explain: for range-covered :: explain SELECT k FROM sbtest%d WHERE k BETWEEN 1207028 AND 1207128
explain: for range-covered :: explain SELECT k FROM sbtest%d WHERE k BETWEEN 3488410 AND 3488510
for range-covered
table 1 : explain SELECT k FROM sbtest1 WHERE k BETWEEN 1734452 AND 1734552
	Index Only Scan using k_1 on sbtest1  (cost=0.43..6.37 rows=97 width=4)
	  Index Cond: ((k >= 1734452) AND (k <= 1734552))

table 2 : explain SELECT k FROM sbtest2 WHERE k BETWEEN 1734452 AND 1734552
	Index Only Scan using k_2 on sbtest2  (cost=0.43..6.47 rows=102 width=4)
	  Index Cond: ((k >= 1734452) AND (k <= 1734552))

table 3 : explain SELECT k FROM sbtest3 WHERE k BETWEEN 1734452 AND 1734552
	Index Only Scan using k_3 on sbtest3  (cost=0.43..6.56 rows=106 width=4)
	  Index Cond: ((k >= 1734452) AND (k <= 1734552))

table 4 : explain SELECT k FROM sbtest4 WHERE k BETWEEN 1734452 AND 1734552
	Index Only Scan using k_4 on sbtest4  (cost=0.43..6.50 rows=103 width=4)
	  Index Cond: ((k >= 1734452) AND (k <= 1734552))

table 5 : explain SELECT k FROM sbtest5 WHERE k BETWEEN 1734452 AND 1734552
	Index Only Scan using k_5 on sbtest5  (cost=0.43..6.35 rows=96 width=4)
	  Index Cond: ((k >= 1734452) AND (k <= 1734552))

table 6 : explain SELECT k FROM sbtest6 WHERE k BETWEEN 1734452 AND 1734552
	Index Only Scan using k_6 on sbtest6  (cost=0.43..6.43 rows=100 width=4)
	  Index Cond: ((k >= 1734452) AND (k <= 1734552))

table 7 : explain SELECT k FROM sbtest7 WHERE k BETWEEN 1734452 AND 1734552
	Index Only Scan using k_7 on sbtest7  (cost=0.43..6.42 rows=99 width=4)
	  Index Cond: ((k >= 1734452) AND (k <= 1734552))

table 8 : explain SELECT k FROM sbtest8 WHERE k BETWEEN 1734452 AND 1734552
	Index Only Scan using k_8 on sbtest8  (cost=0.43..6.58 rows=107 width=4)
	  Index Cond: ((k >= 1734452) AND (k <= 1734552))

explain: for range-covered :: explain SELECT k FROM sbtest%d WHERE k BETWEEN 7001064 AND 7001164
explain: for range-covered :: explain SELECT k FROM sbtest%d WHERE k BETWEEN 1734452 AND 1734552
for range-covered
table 1 : explain SELECT k FROM sbtest1 WHERE k BETWEEN 3419172 AND 3419272
	Index Only Scan using k_1 on sbtest1  (cost=0.43..6.37 rows=97 width=4)
	  Index Cond: ((k >= 3419172) AND (k <= 3419272))

table 2 : explain SELECT k FROM sbtest2 WHERE k BETWEEN 3419172 AND 3419272
	Index Only Scan using k_2 on sbtest2  (cost=0.43..6.66 rows=111 width=4)
	  Index Cond: ((k >= 3419172) AND (k <= 3419272))

table 3 : explain SELECT k FROM sbtest3 WHERE k BETWEEN 3419172 AND 3419272
	Index Only Scan using k_3 on sbtest3  (cost=0.43..6.53 rows=105 width=4)
	  Index Cond: ((k >= 3419172) AND (k <= 3419272))

table 4 : explain SELECT k FROM sbtest4 WHERE k BETWEEN 3419172 AND 3419272
	Index Only Scan using k_4 on sbtest4  (cost=0.43..6.45 rows=101 width=4)
	  Index Cond: ((k >= 3419172) AND (k <= 3419272))

table 5 : explain SELECT k FROM sbtest5 WHERE k BETWEEN 3419172 AND 3419272
	Index Only Scan using k_5 on sbtest5  (cost=0.43..6.43 rows=100 width=4)
	  Index Cond: ((k >= 3419172) AND (k <= 3419272))

table 6 : explain SELECT k FROM sbtest6 WHERE k BETWEEN 3419172 AND 3419272
	Index Only Scan using k_6 on sbtest6  (cost=0.43..6.56 rows=106 width=4)
	  Index Cond: ((k >= 3419172) AND (k <= 3419272))

table 7 : explain SELECT k FROM sbtest7 WHERE k BETWEEN 3419172 AND 3419272
	Index Only Scan using k_7 on sbtest7  (cost=0.43..6.51 rows=104 width=4)
	  Index Cond: ((k >= 3419172) AND (k <= 3419272))

table 8 : explain SELECT k FROM sbtest8 WHERE k BETWEEN 3419172 AND 3419272
	Index Only Scan using k_8 on sbtest8  (cost=0.43..6.47 rows=102 width=4)
	  Index Cond: ((k >= 3419172) AND (k <= 3419272))

for range-covered
table 1 : explain SELECT k FROM sbtest1 WHERE k BETWEEN 3865408 AND 3865508
	Index Only Scan using k_1 on sbtest1  (cost=0.43..6.47 rows=102 width=4)
	  Index Cond: ((k >= 3865408) AND (k <= 3865508))

table 2 : explain SELECT k FROM sbtest2 WHERE k BETWEEN 3865408 AND 3865508
	Index Only Scan using k_2 on sbtest2  (cost=0.43..6.59 rows=108 width=4)
	  Index Cond: ((k >= 3865408) AND (k <= 3865508))

table 3 : explain SELECT k FROM sbtest3 WHERE k BETWEEN 3865408 AND 3865508
	Index Only Scan using k_3 on sbtest3  (cost=0.43..6.37 rows=97 width=4)
	  Index Cond: ((k >= 3865408) AND (k <= 3865508))

table 4 : explain SELECT k FROM sbtest4 WHERE k BETWEEN 3865408 AND 3865508
	Index Only Scan using k_4 on sbtest4  (cost=0.43..6.37 rows=97 width=4)
	  Index Cond: ((k >= 3865408) AND (k <= 3865508))

table 5 : explain SELECT k FROM sbtest5 WHERE k BETWEEN 3865408 AND 3865508
	Index Only Scan using k_5 on sbtest5  (cost=0.43..6.29 rows=93 width=4)
	  Index Cond: ((k >= 3865408) AND (k <= 3865508))

table 6 : explain SELECT k FROM sbtest6 WHERE k BETWEEN 3865408 AND 3865508
	Index Only Scan using k_6 on sbtest6  (cost=0.43..6.40 rows=98 width=4)
	  Index Cond: ((k >= 3865408) AND (k <= 3865508))

table 7 : explain SELECT k FROM sbtest7 WHERE k BETWEEN 3865408 AND 3865508
	Index Only Scan using k_7 on sbtest7  (cost=0.43..6.45 rows=101 width=4)
	  Index Cond: ((k >= 3865408) AND (k <= 3865508))

table 8 : explain SELECT k FROM sbtest8 WHERE k BETWEEN 3865408 AND 3865508
	Index Only Scan using k_8 on sbtest8  (cost=0.43..6.51 rows=104 width=4)
	  Index Cond: ((k >= 3865408) AND (k <= 3865508))

explain: for range-covered :: explain SELECT k FROM sbtest%d WHERE k BETWEEN 3419172 AND 3419272
explain: for range-covered :: explain SELECT k FROM sbtest%d WHERE k BETWEEN 3865408 AND 3865508
for range-covered
table 1 : explain SELECT k FROM sbtest1 WHERE k BETWEEN 5270709 AND 5270809
	Index Only Scan using k_1 on sbtest1  (cost=0.43..6.63 rows=110 width=4)
	  Index Cond: ((k >= 5270709) AND (k <= 5270809))

table 2 : explain SELECT k FROM sbtest2 WHERE k BETWEEN 5270709 AND 5270809
	Index Only Scan using k_2 on sbtest2  (cost=0.43..6.40 rows=98 width=4)
	  Index Cond: ((k >= 5270709) AND (k <= 5270809))

table 3 : explain SELECT k FROM sbtest3 WHERE k BETWEEN 5270709 AND 5270809
	Index Only Scan using k_3 on sbtest3  (cost=0.43..6.37 rows=97 width=4)
	  Index Cond: ((k >= 5270709) AND (k <= 5270809))

table 4 : explain SELECT k FROM sbtest4 WHERE k BETWEEN 5270709 AND 5270809
	Index Only Scan using k_4 on sbtest4  (cost=0.43..6.42 rows=99 width=4)
	  Index Cond: ((k >= 5270709) AND (k <= 5270809))

table 5 : explain SELECT k FROM sbtest5 WHERE k BETWEEN 5270709 AND 5270809
	Index Only Scan using k_5 on sbtest5  (cost=0.43..6.63 rows=110 width=4)
	  Index Cond: ((k >= 5270709) AND (k <= 5270809))

table 6 : explain SELECT k FROM sbtest6 WHERE k BETWEEN 5270709 AND 5270809
	Index Only Scan using k_6 on sbtest6  (cost=0.43..6.45 rows=101 width=4)
	  Index Cond: ((k >= 5270709) AND (k <= 5270809))

table 7 : explain SELECT k FROM sbtest7 WHERE k BETWEEN 5270709 AND 5270809
	Index Only Scan using k_7 on sbtest7  (cost=0.43..6.56 rows=106 width=4)
	  Index Cond: ((k >= 5270709) AND (k <= 5270809))

table 8 : explain SELECT k FROM sbtest8 WHERE k BETWEEN 5270709 AND 5270809
	Index Only Scan using k_8 on sbtest8  (cost=0.43..6.40 rows=98 width=4)
	  Index Cond: ((k >= 5270709) AND (k <= 5270809))

explain: for range-covered :: explain SELECT k FROM sbtest%d WHERE k BETWEEN 5270709 AND 5270809
for range-covered
table 1 : explain SELECT k FROM sbtest1 WHERE k BETWEEN 7403388 AND 7403488
	Index Only Scan using k_1 on sbtest1  (cost=0.43..6.53 rows=105 width=4)
	  Index Cond: ((k >= 7403388) AND (k <= 7403488))

table 2 : explain SELECT k FROM sbtest2 WHERE k BETWEEN 7403388 AND 7403488
	Index Only Scan using k_2 on sbtest2  (cost=0.43..6.53 rows=105 width=4)
	  Index Cond: ((k >= 7403388) AND (k <= 7403488))

table 3 : explain SELECT k FROM sbtest3 WHERE k BETWEEN 7403388 AND 7403488
	Index Only Scan using k_3 on sbtest3  (cost=0.43..6.50 rows=103 width=4)
	  Index Cond: ((k >= 7403388) AND (k <= 7403488))

table 4 : explain SELECT k FROM sbtest4 WHERE k BETWEEN 7403388 AND 7403488
	Index Only Scan using k_4 on sbtest4  (cost=0.43..6.59 rows=108 width=4)
	  Index Cond: ((k >= 7403388) AND (k <= 7403488))

table 5 : explain SELECT k FROM sbtest5 WHERE k BETWEEN 7403388 AND 7403488
	Index Only Scan using k_5 on sbtest5  (cost=0.43..6.27 rows=92 width=4)
	  Index Cond: ((k >= 7403388) AND (k <= 7403488))

table 6 : explain SELECT k FROM sbtest6 WHERE k BETWEEN 7403388 AND 7403488
	Index Only Scan using k_6 on sbtest6  (cost=0.43..6.51 rows=104 width=4)
	  Index Cond: ((k >= 7403388) AND (k <= 7403488))

table 7 : explain SELECT k FROM sbtest7 WHERE k BETWEEN 7403388 AND 7403488
	Index Only Scan using k_7 on sbtest7  (cost=0.43..6.50 rows=103 width=4)
	  Index Cond: ((k >= 7403388) AND (k <= 7403488))

table 8 : explain SELECT k FROM sbtest8 WHERE k BETWEEN 7403388 AND 7403488
	Index Only Scan using k_8 on sbtest8  (cost=0.43..6.37 rows=97 width=4)
	  Index Cond: ((k >= 7403388) AND (k <= 7403488))

for range-covered
table 1 : explain SELECT k FROM sbtest1 WHERE k BETWEEN 3488410 AND 3488510
	Index Only Scan using k_1 on sbtest1  (cost=0.43..6.51 rows=104 width=4)
	  Index Cond: ((k >= 3488410) AND (k <= 3488510))

table 2 : explain SELECT k FROM sbtest2 WHERE k BETWEEN 3488410 AND 3488510
	Index Only Scan using k_2 on sbtest2  (cost=0.43..6.66 rows=111 width=4)
	  Index Cond: ((k >= 3488410) AND (k <= 3488510))

table 3 : explain SELECT k FROM sbtest3 WHERE k BETWEEN 3488410 AND 3488510
	Index Only Scan using k_3 on sbtest3  (cost=0.43..6.51 rows=104 width=4)
	  Index Cond: ((k >= 3488410) AND (k <= 3488510))

table 4 : explain SELECT k FROM sbtest4 WHERE k BETWEEN 3488410 AND 3488510
	Index Only Scan using k_4 on sbtest4  (cost=0.43..6.47 rows=102 width=4)
	  Index Cond: ((k >= 3488410) AND (k <= 3488510))

table 5 : explain SELECT k FROM sbtest5 WHERE k BETWEEN 3488410 AND 3488510
	Index Only Scan using k_5 on sbtest5  (cost=0.43..6.43 rows=100 width=4)
	  Index Cond: ((k >= 3488410) AND (k <= 3488510))

table 6 : explain SELECT k FROM sbtest6 WHERE k BETWEEN 3488410 AND 3488510
	Index Only Scan using k_6 on sbtest6  (cost=0.43..6.51 rows=104 width=4)
	  Index Cond: ((k >= 3488410) AND (k <= 3488510))

table 7 : explain SELECT k FROM sbtest7 WHERE k BETWEEN 3488410 AND 3488510
	Index Only Scan using k_7 on sbtest7  (cost=0.43..6.47 rows=102 width=4)
	  Index Cond: ((k >= 3488410) AND (k <= 3488510))

table 8 : explain SELECT k FROM sbtest8 WHERE k BETWEEN 3488410 AND 3488510
	Index Only Scan using k_8 on sbtest8  (cost=0.43..6.59 rows=108 width=4)
	  Index Cond: ((k >= 3488410) AND (k <= 3488510))

explain: for range-covered :: explain SELECT k FROM sbtest%d WHERE k BETWEEN 7403388 AND 7403488
for range-covered
table 1 : explain SELECT k FROM sbtest1 WHERE k BETWEEN 5938417 AND 5938517
	Index Only Scan using k_1 on sbtest1  (cost=0.43..6.59 rows=108 width=4)
	  Index Cond: ((k >= 5938417) AND (k <= 5938517))

table 2 : explain SELECT k FROM sbtest2 WHERE k BETWEEN 5938417 AND 5938517
	Index Only Scan using k_2 on sbtest2  (cost=0.43..6.33 rows=95 width=4)
	  Index Cond: ((k >= 5938417) AND (k <= 5938517))

table 3 : explain SELECT k FROM sbtest3 WHERE k BETWEEN 5938417 AND 5938517
	Index Only Scan using k_3 on sbtest3  (cost=0.43..6.58 rows=107 width=4)
	  Index Cond: ((k >= 5938417) AND (k <= 5938517))

table 4 : explain SELECT k FROM sbtest4 WHERE k BETWEEN 5938417 AND 5938517
	Index Only Scan using k_4 on sbtest4  (cost=0.43..6.43 rows=100 width=4)
	  Index Cond: ((k >= 5938417) AND (k <= 5938517))

table 5 : explain SELECT k FROM sbtest5 WHERE k BETWEEN 5938417 AND 5938517
	Index Only Scan using k_5 on sbtest5  (cost=0.43..6.35 rows=96 width=4)
	  Index Cond: ((k >= 5938417) AND (k <= 5938517))

table 6 : explain SELECT k FROM sbtest6 WHERE k BETWEEN 5938417 AND 5938517
	Index Only Scan using k_6 on sbtest6  (cost=0.43..6.51 rows=104 width=4)
	  Index Cond: ((k >= 5938417) AND (k <= 5938517))

table 7 : explain SELECT k FROM sbtest7 WHERE k BETWEEN 5938417 AND 5938517
	Index Only Scan using k_7 on sbtest7  (cost=0.43..6.40 rows=98 width=4)
	  Index Cond: ((k >= 5938417) AND (k <= 5938517))

table 8 : explain SELECT k FROM sbtest8 WHERE k BETWEEN 5938417 AND 5938517
	Index Only Scan using k_8 on sbtest8  (cost=0.43..6.45 rows=101 width=4)
	  Index Cond: ((k >= 5938417) AND (k <= 5938517))

explain: for range-covered :: explain SELECT k FROM sbtest%d WHERE k BETWEEN 3488410 AND 3488510
explain: for range-covered :: explain SELECT k FROM sbtest%d WHERE k BETWEEN 5938417 AND 5938517
for range-covered
table 1 : explain SELECT k FROM sbtest1 WHERE k BETWEEN 967989 AND 968089
	Index Only Scan using k_1 on sbtest1  (cost=0.43..6.58 rows=107 width=4)
	  Index Cond: ((k >= 967989) AND (k <= 968089))

table 2 : explain SELECT k FROM sbtest2 WHERE k BETWEEN 967989 AND 968089
	Index Only Scan using k_2 on sbtest2  (cost=0.43..6.35 rows=96 width=4)
	  Index Cond: ((k >= 967989) AND (k <= 968089))

table 3 : explain SELECT k FROM sbtest3 WHERE k BETWEEN 967989 AND 968089
	Index Only Scan using k_3 on sbtest3  (cost=0.43..6.53 rows=105 width=4)
	  Index Cond: ((k >= 967989) AND (k <= 968089))

table 4 : explain SELECT k FROM sbtest4 WHERE k BETWEEN 967989 AND 968089
	Index Only Scan using k_4 on sbtest4  (cost=0.43..6.37 rows=97 width=4)
	  Index Cond: ((k >= 967989) AND (k <= 968089))

table 5 : explain SELECT k FROM sbtest5 WHERE k BETWEEN 967989 AND 968089
	Index Only Scan using k_5 on sbtest5  (cost=0.43..6.50 rows=103 width=4)
	  Index Cond: ((k >= 967989) AND (k <= 968089))

table 6 : explain SELECT k FROM sbtest6 WHERE k BETWEEN 967989 AND 968089
	Index Only Scan using k_6 on sbtest6  (cost=0.43..6.29 rows=93 width=4)
	  Index Cond: ((k >= 967989) AND (k <= 968089))

table 7 : explain SELECT k FROM sbtest7 WHERE k BETWEEN 967989 AND 968089
	Index Only Scan using k_7 on sbtest7  (cost=0.43..6.51 rows=104 width=4)
	  Index Cond: ((k >= 967989) AND (k <= 968089))

table 8 : explain SELECT k FROM sbtest8 WHERE k BETWEEN 967989 AND 968089
	Index Only Scan using k_8 on sbtest8  (cost=0.43..6.43 rows=100 width=4)
	  Index Cond: ((k >= 967989) AND (k <= 968089))

for range-covered
table 1 : explain SELECT k FROM sbtest1 WHERE k BETWEEN 7728797 AND 7728897
	Index Only Scan using k_1 on sbtest1  (cost=0.43..6.47 rows=102 width=4)
	  Index Cond: ((k >= 7728797) AND (k <= 7728897))

table 2 : explain SELECT k FROM sbtest2 WHERE k BETWEEN 7728797 AND 7728897
	Index Only Scan using k_2 on sbtest2  (cost=0.43..6.51 rows=104 width=4)
	  Index Cond: ((k >= 7728797) AND (k <= 7728897))

table 3 : explain SELECT k FROM sbtest3 WHERE k BETWEEN 7728797 AND 7728897
	Index Only Scan using k_3 on sbtest3  (cost=0.43..6.40 rows=98 width=4)
	  Index Cond: ((k >= 7728797) AND (k <= 7728897))

table 4 : explain SELECT k FROM sbtest4 WHERE k BETWEEN 7728797 AND 7728897
	Index Only Scan using k_4 on sbtest4  (cost=0.43..6.47 rows=102 width=4)
	  Index Cond: ((k >= 7728797) AND (k <= 7728897))

table 5 : explain SELECT k FROM sbtest5 WHERE k BETWEEN 7728797 AND 7728897
	Index Only Scan using k_5 on sbtest5  (cost=0.43..6.56 rows=106 width=4)
	  Index Cond: ((k >= 7728797) AND (k <= 7728897))

table 6 : explain SELECT k FROM sbtest6 WHERE k BETWEEN 7728797 AND 7728897
	Index Only Scan using k_6 on sbtest6  (cost=0.43..6.43 rows=100 width=4)
	  Index Cond: ((k >= 7728797) AND (k <= 7728897))

table 7 : explain SELECT k FROM sbtest7 WHERE k BETWEEN 7728797 AND 7728897
	Index Only Scan using k_7 on sbtest7  (cost=0.43..6.51 rows=104 width=4)
	  Index Cond: ((k >= 7728797) AND (k <= 7728897))

table 8 : explain SELECT k FROM sbtest8 WHERE k BETWEEN 7728797 AND 7728897
	Index Only Scan using k_8 on sbtest8  (cost=0.43..6.40 rows=98 width=4)
	  Index Cond: ((k >= 7728797) AND (k <= 7728897))

for range-covered
table 1 : explain SELECT k FROM sbtest1 WHERE k BETWEEN 1734452 AND 1734552
	Index Only Scan using k_1 on sbtest1  (cost=0.43..6.37 rows=97 width=4)
	  Index Cond: ((k >= 1734452) AND (k <= 1734552))

table 2 : explain SELECT k FROM sbtest2 WHERE k BETWEEN 1734452 AND 1734552
	Index Only Scan using k_2 on sbtest2  (cost=0.43..6.47 rows=102 width=4)
	  Index Cond: ((k >= 1734452) AND (k <= 1734552))

table 3 : explain SELECT k FROM sbtest3 WHERE k BETWEEN 1734452 AND 1734552
	Index Only Scan using k_3 on sbtest3  (cost=0.43..6.56 rows=106 width=4)
	  Index Cond: ((k >= 1734452) AND (k <= 1734552))

table 4 : explain SELECT k FROM sbtest4 WHERE k BETWEEN 1734452 AND 1734552
	Index Only Scan using k_4 on sbtest4  (cost=0.43..6.50 rows=103 width=4)
	  Index Cond: ((k >= 1734452) AND (k <= 1734552))

table 5 : explain SELECT k FROM sbtest5 WHERE k BETWEEN 1734452 AND 1734552
	Index Only Scan using k_5 on sbtest5  (cost=0.43..6.35 rows=96 width=4)
	  Index Cond: ((k >= 1734452) AND (k <= 1734552))

table 6 : explain SELECT k FROM sbtest6 WHERE k BETWEEN 1734452 AND 1734552
	Index Only Scan using k_6 on sbtest6  (cost=0.43..6.43 rows=100 width=4)
	  Index Cond: ((k >= 1734452) AND (k <= 1734552))

table 7 : explain SELECT k FROM sbtest7 WHERE k BETWEEN 1734452 AND 1734552
	Index Only Scan using k_7 on sbtest7  (cost=0.43..6.42 rows=99 width=4)
	  Index Cond: ((k >= 1734452) AND (k <= 1734552))

table 8 : explain SELECT k FROM sbtest8 WHERE k BETWEEN 1734452 AND 1734552
	Index Only Scan using k_8 on sbtest8  (cost=0.43..6.58 rows=107 width=4)
	  Index Cond: ((k >= 1734452) AND (k <= 1734552))

explain: for range-covered :: explain SELECT k FROM sbtest%d WHERE k BETWEEN 967989 AND 968089
explain: for range-covered :: explain SELECT k FROM sbtest%d WHERE k BETWEEN 1734452 AND 1734552
for range-covered
table 1 : explain SELECT k FROM sbtest1 WHERE k BETWEEN 4476165 AND 4476265
	Index Only Scan using k_1 on sbtest1  (cost=0.43..6.61 rows=109 width=4)
	  Index Cond: ((k >= 4476165) AND (k <= 4476265))

table 2 : explain SELECT k FROM sbtest2 WHERE k BETWEEN 4476165 AND 4476265
	Index Only Scan using k_2 on sbtest2  (cost=0.43..6.43 rows=100 width=4)
	  Index Cond: ((k >= 4476165) AND (k <= 4476265))

table 3 : explain SELECT k FROM sbtest3 WHERE k BETWEEN 4476165 AND 4476265
	Index Only Scan using k_3 on sbtest3  (cost=0.43..6.51 rows=104 width=4)
	  Index Cond: ((k >= 4476165) AND (k <= 4476265))

table 4 : explain SELECT k FROM sbtest4 WHERE k BETWEEN 4476165 AND 4476265
	Index Only Scan using k_4 on sbtest4  (cost=0.43..6.56 rows=106 width=4)
	  Index Cond: ((k >= 4476165) AND (k <= 4476265))

table 5 : explain SELECT k FROM sbtest5 WHERE k BETWEEN 4476165 AND 4476265
	Index Only Scan using k_5 on sbtest5  (cost=0.43..6.61 rows=109 width=4)
	  Index Cond: ((k >= 4476165) AND (k <= 4476265))

table 6 : explain SELECT k FROM sbtest6 WHERE k BETWEEN 4476165 AND 4476265
	Index Only Scan using k_6 on sbtest6  (cost=0.43..6.53 rows=105 width=4)
	  Index Cond: ((k >= 4476165) AND (k <= 4476265))

table 7 : explain SELECT k FROM sbtest7 WHERE k BETWEEN 4476165 AND 4476265
	Index Only Scan using k_7 on sbtest7  (cost=0.43..6.69 rows=113 width=4)
	  Index Cond: ((k >= 4476165) AND (k <= 4476265))

table 8 : explain SELECT k FROM sbtest8 WHERE k BETWEEN 4476165 AND 4476265
	Index Only Scan using k_8 on sbtest8  (cost=0.43..6.33 rows=95 width=4)
	  Index Cond: ((k >= 4476165) AND (k <= 4476265))

explain: for range-covered :: explain SELECT k FROM sbtest%d WHERE k BETWEEN 4476165 AND 4476265
for range-covered
table 1 : explain SELECT k FROM sbtest1 WHERE k BETWEEN 3865408 AND 3865508
	Index Only Scan using k_1 on sbtest1  (cost=0.43..6.47 rows=102 width=4)
	  Index Cond: ((k >= 3865408) AND (k <= 3865508))

table 2 : explain SELECT k FROM sbtest2 WHERE k BETWEEN 3865408 AND 3865508
	Index Only Scan using k_2 on sbtest2  (cost=0.43..6.59 rows=108 width=4)
	  Index Cond: ((k >= 3865408) AND (k <= 3865508))

table 3 : explain SELECT k FROM sbtest3 WHERE k BETWEEN 3865408 AND 3865508
	Index Only Scan using k_3 on sbtest3  (cost=0.43..6.37 rows=97 width=4)
	  Index Cond: ((k >= 3865408) AND (k <= 3865508))

table 4 : explain SELECT k FROM sbtest4 WHERE k BETWEEN 3865408 AND 3865508
	Index Only Scan using k_4 on sbtest4  (cost=0.43..6.37 rows=97 width=4)
	  Index Cond: ((k >= 3865408) AND (k <= 3865508))

table 5 : explain SELECT k FROM sbtest5 WHERE k BETWEEN 3865408 AND 3865508
	Index Only Scan using k_5 on sbtest5  (cost=0.43..6.29 rows=93 width=4)
	  Index Cond: ((k >= 3865408) AND (k <= 3865508))

table 6 : explain SELECT k FROM sbtest6 WHERE k BETWEEN 3865408 AND 3865508
	Index Only Scan using k_6 on sbtest6  (cost=0.43..6.40 rows=98 width=4)
	  Index Cond: ((k >= 3865408) AND (k <= 3865508))

table 7 : explain SELECT k FROM sbtest7 WHERE k BETWEEN 3865408 AND 3865508
	Index Only Scan using k_7 on sbtest7  (cost=0.43..6.45 rows=101 width=4)
	  Index Cond: ((k >= 3865408) AND (k <= 3865508))

table 8 : explain SELECT k FROM sbtest8 WHERE k BETWEEN 3865408 AND 3865508
	Index Only Scan using k_8 on sbtest8  (cost=0.43..6.51 rows=104 width=4)
	  Index Cond: ((k >= 3865408) AND (k <= 3865508))

for range-covered
table 1 : explain SELECT k FROM sbtest1 WHERE k BETWEEN 3419172 AND 3419272
	Index Only Scan using k_1 on sbtest1  (cost=0.43..6.37 rows=97 width=4)
	  Index Cond: ((k >= 3419172) AND (k <= 3419272))

table 2 : explain SELECT k FROM sbtest2 WHERE k BETWEEN 3419172 AND 3419272
	Index Only Scan using k_2 on sbtest2  (cost=0.43..6.66 rows=111 width=4)
	  Index Cond: ((k >= 3419172) AND (k <= 3419272))

table 3 : explain SELECT k FROM sbtest3 WHERE k BETWEEN 3419172 AND 3419272
	Index Only Scan using k_3 on sbtest3  (cost=0.43..6.53 rows=105 width=4)
	  Index Cond: ((k >= 3419172) AND (k <= 3419272))

table 4 : explain SELECT k FROM sbtest4 WHERE k BETWEEN 3419172 AND 3419272
	Index Only Scan using k_4 on sbtest4  (cost=0.43..6.45 rows=101 width=4)
	  Index Cond: ((k >= 3419172) AND (k <= 3419272))

table 5 : explain SELECT k FROM sbtest5 WHERE k BETWEEN 3419172 AND 3419272
	Index Only Scan using k_5 on sbtest5  (cost=0.43..6.43 rows=100 width=4)
	  Index Cond: ((k >= 3419172) AND (k <= 3419272))

table 6 : explain SELECT k FROM sbtest6 WHERE k BETWEEN 3419172 AND 3419272
	Index Only Scan using k_6 on sbtest6  (cost=0.43..6.56 rows=106 width=4)
	  Index Cond: ((k >= 3419172) AND (k <= 3419272))

table 7 : explain SELECT k FROM sbtest7 WHERE k BETWEEN 3419172 AND 3419272
	Index Only Scan using k_7 on sbtest7  (cost=0.43..6.51 rows=104 width=4)
	  Index Cond: ((k >= 3419172) AND (k <= 3419272))

table 8 : explain SELECT k FROM sbtest8 WHERE k BETWEEN 3419172 AND 3419272
	Index Only Scan using k_8 on sbtest8  (cost=0.43..6.47 rows=102 width=4)
	  Index Cond: ((k >= 3419172) AND (k <= 3419272))

for range-covered
table 1 : explain SELECT k FROM sbtest1 WHERE k BETWEEN 5270709 AND 5270809
	Index Only Scan using k_1 on sbtest1  (cost=0.43..6.63 rows=110 width=4)
	  Index Cond: ((k >= 5270709) AND (k <= 5270809))

table 2 : explain SELECT k FROM sbtest2 WHERE k BETWEEN 5270709 AND 5270809
	Index Only Scan using k_2 on sbtest2  (cost=0.43..6.40 rows=98 width=4)
	  Index Cond: ((k >= 5270709) AND (k <= 5270809))

table 3 : explain SELECT k FROM sbtest3 WHERE k BETWEEN 5270709 AND 5270809
	Index Only Scan using k_3 on sbtest3  (cost=0.43..6.37 rows=97 width=4)
	  Index Cond: ((k >= 5270709) AND (k <= 5270809))

table 4 : explain SELECT k FROM sbtest4 WHERE k BETWEEN 5270709 AND 5270809
	Index Only Scan using k_4 on sbtest4  (cost=0.43..6.42 rows=99 width=4)
	  Index Cond: ((k >= 5270709) AND (k <= 5270809))

table 5 : explain SELECT k FROM sbtest5 WHERE k BETWEEN 5270709 AND 5270809
	Index Only Scan using k_5 on sbtest5  (cost=0.43..6.63 rows=110 width=4)
	  Index Cond: ((k >= 5270709) AND (k <= 5270809))

table 6 : explain SELECT k FROM sbtest6 WHERE k BETWEEN 5270709 AND 5270809
	Index Only Scan using k_6 on sbtest6  (cost=0.43..6.45 rows=101 width=4)
	  Index Cond: ((k >= 5270709) AND (k <= 5270809))

table 7 : explain SELECT k FROM sbtest7 WHERE k BETWEEN 5270709 AND 5270809
	Index Only Scan using k_7 on sbtest7  (cost=0.43..6.56 rows=106 width=4)
	  Index Cond: ((k >= 5270709) AND (k <= 5270809))

table 8 : explain SELECT k FROM sbtest8 WHERE k BETWEEN 5270709 AND 5270809
	Index Only Scan using k_8 on sbtest8  (cost=0.43..6.40 rows=98 width=4)
	  Index Cond: ((k >= 5270709) AND (k <= 5270809))

explain: for range-covered :: explain SELECT k FROM sbtest%d WHERE k BETWEEN 3865408 AND 3865508
explain: for range-covered :: explain SELECT k FROM sbtest%d WHERE k BETWEEN 3419172 AND 3419272
explain: for range-covered :: explain SELECT k FROM sbtest%d WHERE k BETWEEN 5270709 AND 5270809
for range-covered
table 1 : explain SELECT k FROM sbtest1 WHERE k BETWEEN 7403388 AND 7403488
	Index Only Scan using k_1 on sbtest1  (cost=0.43..6.53 rows=105 width=4)
	  Index Cond: ((k >= 7403388) AND (k <= 7403488))

table 2 : explain SELECT k FROM sbtest2 WHERE k BETWEEN 7403388 AND 7403488
	Index Only Scan using k_2 on sbtest2  (cost=0.43..6.53 rows=105 width=4)
	  Index Cond: ((k >= 7403388) AND (k <= 7403488))

table 3 : explain SELECT k FROM sbtest3 WHERE k BETWEEN 7403388 AND 7403488
	Index Only Scan using k_3 on sbtest3  (cost=0.43..6.50 rows=103 width=4)
	  Index Cond: ((k >= 7403388) AND (k <= 7403488))

table 4 : explain SELECT k FROM sbtest4 WHERE k BETWEEN 7403388 AND 7403488
	Index Only Scan using k_4 on sbtest4  (cost=0.43..6.59 rows=108 width=4)
	  Index Cond: ((k >= 7403388) AND (k <= 7403488))

table 5 : explain SELECT k FROM sbtest5 WHERE k BETWEEN 7403388 AND 7403488
	Index Only Scan using k_5 on sbtest5  (cost=0.43..6.27 rows=92 width=4)
	  Index Cond: ((k >= 7403388) AND (k <= 7403488))

table 6 : explain SELECT k FROM sbtest6 WHERE k BETWEEN 7403388 AND 7403488
	Index Only Scan using k_6 on sbtest6  (cost=0.43..6.51 rows=104 width=4)
	  Index Cond: ((k >= 7403388) AND (k <= 7403488))

table 7 : explain SELECT k FROM sbtest7 WHERE k BETWEEN 7403388 AND 7403488
	Index Only Scan using k_7 on sbtest7  (cost=0.43..6.50 rows=103 width=4)
	  Index Cond: ((k >= 7403388) AND (k <= 7403488))

table 8 : explain SELECT k FROM sbtest8 WHERE k BETWEEN 7403388 AND 7403488
	Index Only Scan using k_8 on sbtest8  (cost=0.43..6.37 rows=97 width=4)
	  Index Cond: ((k >= 7403388) AND (k <= 7403488))

explain: for range-covered :: explain SELECT k FROM sbtest%d WHERE k BETWEEN 7403388 AND 7403488
for range-covered
table 1 : explain SELECT k FROM sbtest1 WHERE k BETWEEN 3488410 AND 3488510
	Index Only Scan using k_1 on sbtest1  (cost=0.43..6.51 rows=104 width=4)
	  Index Cond: ((k >= 3488410) AND (k <= 3488510))

table 2 : explain SELECT k FROM sbtest2 WHERE k BETWEEN 3488410 AND 3488510
	Index Only Scan using k_2 on sbtest2  (cost=0.43..6.66 rows=111 width=4)
	  Index Cond: ((k >= 3488410) AND (k <= 3488510))

table 3 : explain SELECT k FROM sbtest3 WHERE k BETWEEN 3488410 AND 3488510
	Index Only Scan using k_3 on sbtest3  (cost=0.43..6.51 rows=104 width=4)
	  Index Cond: ((k >= 3488410) AND (k <= 3488510))

table 4 : explain SELECT k FROM sbtest4 WHERE k BETWEEN 3488410 AND 3488510
	Index Only Scan using k_4 on sbtest4  (cost=0.43..6.47 rows=102 width=4)
	  Index Cond: ((k >= 3488410) AND (k <= 3488510))

table 5 : explain SELECT k FROM sbtest5 WHERE k BETWEEN 3488410 AND 3488510
	Index Only Scan using k_5 on sbtest5  (cost=0.43..6.43 rows=100 width=4)
	  Index Cond: ((k >= 3488410) AND (k <= 3488510))

table 6 : explain SELECT k FROM sbtest6 WHERE k BETWEEN 3488410 AND 3488510
	Index Only Scan using k_6 on sbtest6  (cost=0.43..6.51 rows=104 width=4)
	  Index Cond: ((k >= 3488410) AND (k <= 3488510))

table 7 : explain SELECT k FROM sbtest7 WHERE k BETWEEN 3488410 AND 3488510
	Index Only Scan using k_7 on sbtest7  (cost=0.43..6.47 rows=102 width=4)
	  Index Cond: ((k >= 3488410) AND (k <= 3488510))

table 8 : explain SELECT k FROM sbtest8 WHERE k BETWEEN 3488410 AND 3488510
	Index Only Scan using k_8 on sbtest8  (cost=0.43..6.59 rows=108 width=4)
	  Index Cond: ((k >= 3488410) AND (k <= 3488510))

for range-covered
table 1 : explain SELECT k FROM sbtest1 WHERE k BETWEEN 5938417 AND 5938517
	Index Only Scan using k_1 on sbtest1  (cost=0.43..6.59 rows=108 width=4)
	  Index Cond: ((k >= 5938417) AND (k <= 5938517))

table 2 : explain SELECT k FROM sbtest2 WHERE k BETWEEN 5938417 AND 5938517
	Index Only Scan using k_2 on sbtest2  (cost=0.43..6.33 rows=95 width=4)
	  Index Cond: ((k >= 5938417) AND (k <= 5938517))

table 3 : explain SELECT k FROM sbtest3 WHERE k BETWEEN 5938417 AND 5938517
	Index Only Scan using k_3 on sbtest3  (cost=0.43..6.58 rows=107 width=4)
	  Index Cond: ((k >= 5938417) AND (k <= 5938517))

table 4 : explain SELECT k FROM sbtest4 WHERE k BETWEEN 5938417 AND 5938517
	Index Only Scan using k_4 on sbtest4  (cost=0.43..6.43 rows=100 width=4)
	  Index Cond: ((k >= 5938417) AND (k <= 5938517))

table 5 : explain SELECT k FROM sbtest5 WHERE k BETWEEN 5938417 AND 5938517
	Index Only Scan using k_5 on sbtest5  (cost=0.43..6.35 rows=96 width=4)
	  Index Cond: ((k >= 5938417) AND (k <= 5938517))

table 6 : explain SELECT k FROM sbtest6 WHERE k BETWEEN 5938417 AND 5938517
	Index Only Scan using k_6 on sbtest6  (cost=0.43..6.51 rows=104 width=4)
	  Index Cond: ((k >= 5938417) AND (k <= 5938517))

table 7 : explain SELECT k FROM sbtest7 WHERE k BETWEEN 5938417 AND 5938517
	Index Only Scan using k_7 on sbtest7  (cost=0.43..6.40 rows=98 width=4)
	  Index Cond: ((k >= 5938417) AND (k <= 5938517))

table 8 : explain SELECT k FROM sbtest8 WHERE k BETWEEN 5938417 AND 5938517
	Index Only Scan using k_8 on sbtest8  (cost=0.43..6.45 rows=101 width=4)
	  Index Cond: ((k >= 5938417) AND (k <= 5938517))

explain: for range-covered :: explain SELECT k FROM sbtest%d WHERE k BETWEEN 3488410 AND 3488510
explain: for range-covered :: explain SELECT k FROM sbtest%d WHERE k BETWEEN 5938417 AND 5938517
for range-covered
table 1 : explain SELECT k FROM sbtest1 WHERE k BETWEEN 1734452 AND 1734552
	Index Only Scan using k_1 on sbtest1  (cost=0.43..6.37 rows=97 width=4)
	  Index Cond: ((k >= 1734452) AND (k <= 1734552))

table 2 : explain SELECT k FROM sbtest2 WHERE k BETWEEN 1734452 AND 1734552
	Index Only Scan using k_2 on sbtest2  (cost=0.43..6.47 rows=102 width=4)
	  Index Cond: ((k >= 1734452) AND (k <= 1734552))

table 3 : explain SELECT k FROM sbtest3 WHERE k BETWEEN 1734452 AND 1734552
	Index Only Scan using k_3 on sbtest3  (cost=0.43..6.56 rows=106 width=4)
	  Index Cond: ((k >= 1734452) AND (k <= 1734552))

table 4 : explain SELECT k FROM sbtest4 WHERE k BETWEEN 1734452 AND 1734552
	Index Only Scan using k_4 on sbtest4  (cost=0.43..6.50 rows=103 width=4)
	  Index Cond: ((k >= 1734452) AND (k <= 1734552))

table 5 : explain SELECT k FROM sbtest5 WHERE k BETWEEN 1734452 AND 1734552
	Index Only Scan using k_5 on sbtest5  (cost=0.43..6.35 rows=96 width=4)
	  Index Cond: ((k >= 1734452) AND (k <= 1734552))

table 6 : explain SELECT k FROM sbtest6 WHERE k BETWEEN 1734452 AND 1734552
	Index Only Scan using k_6 on sbtest6  (cost=0.43..6.43 rows=100 width=4)
	  Index Cond: ((k >= 1734452) AND (k <= 1734552))

table 7 : explain SELECT k FROM sbtest7 WHERE k BETWEEN 1734452 AND 1734552
	Index Only Scan using k_7 on sbtest7  (cost=0.43..6.42 rows=99 width=4)
	  Index Cond: ((k >= 1734452) AND (k <= 1734552))

table 8 : explain SELECT k FROM sbtest8 WHERE k BETWEEN 1734452 AND 1734552
	Index Only Scan using k_8 on sbtest8  (cost=0.43..6.58 rows=107 width=4)
	  Index Cond: ((k >= 1734452) AND (k <= 1734552))

for range-covered
table 1 : explain SELECT k FROM sbtest1 WHERE k BETWEEN 967989 AND 968089
	Index Only Scan using k_1 on sbtest1  (cost=0.43..6.58 rows=107 width=4)
	  Index Cond: ((k >= 967989) AND (k <= 968089))

table 2 : explain SELECT k FROM sbtest2 WHERE k BETWEEN 967989 AND 968089
	Index Only Scan using k_2 on sbtest2  (cost=0.43..6.35 rows=96 width=4)
	  Index Cond: ((k >= 967989) AND (k <= 968089))

table 3 : explain SELECT k FROM sbtest3 WHERE k BETWEEN 967989 AND 968089
	Index Only Scan using k_3 on sbtest3  (cost=0.43..6.53 rows=105 width=4)
	  Index Cond: ((k >= 967989) AND (k <= 968089))

table 4 : explain SELECT k FROM sbtest4 WHERE k BETWEEN 967989 AND 968089
	Index Only Scan using k_4 on sbtest4  (cost=0.43..6.37 rows=97 width=4)
	  Index Cond: ((k >= 967989) AND (k <= 968089))

table 5 : explain SELECT k FROM sbtest5 WHERE k BETWEEN 967989 AND 968089
	Index Only Scan using k_5 on sbtest5  (cost=0.43..6.50 rows=103 width=4)
	  Index Cond: ((k >= 967989) AND (k <= 968089))

table 6 : explain SELECT k FROM sbtest6 WHERE k BETWEEN 967989 AND 968089
	Index Only Scan using k_6 on sbtest6  (cost=0.43..6.29 rows=93 width=4)
	  Index Cond: ((k >= 967989) AND (k <= 968089))

table 7 : explain SELECT k FROM sbtest7 WHERE k BETWEEN 967989 AND 968089
	Index Only Scan using k_7 on sbtest7  (cost=0.43..6.51 rows=104 width=4)
	  Index Cond: ((k >= 967989) AND (k <= 968089))

table 8 : explain SELECT k FROM sbtest8 WHERE k BETWEEN 967989 AND 968089
	Index Only Scan using k_8 on sbtest8  (cost=0.43..6.43 rows=100 width=4)
	  Index Cond: ((k >= 967989) AND (k <= 968089))

explain: for range-covered :: explain SELECT k FROM sbtest%d WHERE k BETWEEN 1734452 AND 1734552
for range-covered
table 1 : explain SELECT k FROM sbtest1 WHERE k BETWEEN 7827228 AND 7827328
	Index Only Scan using k_1 on sbtest1  (cost=0.43..6.58 rows=107 width=4)
	  Index Cond: ((k >= 7827228) AND (k <= 7827328))

table 2 : explain SELECT k FROM sbtest2 WHERE k BETWEEN 7827228 AND 7827328
	Index Only Scan using k_2 on sbtest2  (cost=0.43..6.25 rows=91 width=4)
	  Index Cond: ((k >= 7827228) AND (k <= 7827328))

table 3 : explain SELECT k FROM sbtest3 WHERE k BETWEEN 7827228 AND 7827328
	Index Only Scan using k_3 on sbtest3  (cost=0.43..6.50 rows=103 width=4)
	  Index Cond: ((k >= 7827228) AND (k <= 7827328))

table 4 : explain SELECT k FROM sbtest4 WHERE k BETWEEN 7827228 AND 7827328
	Index Only Scan using k_4 on sbtest4  (cost=0.43..6.42 rows=99 width=4)
	  Index Cond: ((k >= 7827228) AND (k <= 7827328))

table 5 : explain SELECT k FROM sbtest5 WHERE k BETWEEN 7827228 AND 7827328
	Index Only Scan using k_5 on sbtest5  (cost=0.43..6.66 rows=111 width=4)
	  Index Cond: ((k >= 7827228) AND (k <= 7827328))

table 6 : explain SELECT k FROM sbtest6 WHERE k BETWEEN 7827228 AND 7827328
	Index Only Scan using k_6 on sbtest6  (cost=0.43..6.42 rows=99 width=4)
	  Index Cond: ((k >= 7827228) AND (k <= 7827328))

table 7 : explain SELECT k FROM sbtest7 WHERE k BETWEEN 7827228 AND 7827328
	Index Only Scan using k_7 on sbtest7  (cost=0.43..6.66 rows=111 width=4)
	  Index Cond: ((k >= 7827228) AND (k <= 7827328))

table 8 : explain SELECT k FROM sbtest8 WHERE k BETWEEN 7827228 AND 7827328
	Index Only Scan using k_8 on sbtest8  (cost=0.43..6.77 rows=117 width=4)
	  Index Cond: ((k >= 7827228) AND (k <= 7827328))

explain: for range-covered :: explain SELECT k FROM sbtest%d WHERE k BETWEEN 967989 AND 968089
for range-covered
table 1 : explain SELECT k FROM sbtest1 WHERE k BETWEEN 4476165 AND 4476265
	Index Only Scan using k_1 on sbtest1  (cost=0.43..6.61 rows=109 width=4)
	  Index Cond: ((k >= 4476165) AND (k <= 4476265))

table 2 : explain SELECT k FROM sbtest2 WHERE k BETWEEN 4476165 AND 4476265
	Index Only Scan using k_2 on sbtest2  (cost=0.43..6.43 rows=100 width=4)
	  Index Cond: ((k >= 4476165) AND (k <= 4476265))

table 3 : explain SELECT k FROM sbtest3 WHERE k BETWEEN 4476165 AND 4476265
	Index Only Scan using k_3 on sbtest3  (cost=0.43..6.51 rows=104 width=4)
	  Index Cond: ((k >= 4476165) AND (k <= 4476265))

table 4 : explain SELECT k FROM sbtest4 WHERE k BETWEEN 4476165 AND 4476265
	Index Only Scan using k_4 on sbtest4  (cost=0.43..6.56 rows=106 width=4)
	  Index Cond: ((k >= 4476165) AND (k <= 4476265))

table 5 : explain SELECT k FROM sbtest5 WHERE k BETWEEN 4476165 AND 4476265
	Index Only Scan using k_5 on sbtest5  (cost=0.43..6.61 rows=109 width=4)
	  Index Cond: ((k >= 4476165) AND (k <= 4476265))

table 6 : explain SELECT k FROM sbtest6 WHERE k BETWEEN 4476165 AND 4476265
	Index Only Scan using k_6 on sbtest6  (cost=0.43..6.53 rows=105 width=4)
	  Index Cond: ((k >= 4476165) AND (k <= 4476265))

table 7 : explain SELECT k FROM sbtest7 WHERE k BETWEEN 4476165 AND 4476265
	Index Only Scan using k_7 on sbtest7  (cost=0.43..6.69 rows=113 width=4)
	  Index Cond: ((k >= 4476165) AND (k <= 4476265))

table 8 : explain SELECT k FROM sbtest8 WHERE k BETWEEN 4476165 AND 4476265
	Index Only Scan using k_8 on sbtest8  (cost=0.43..6.33 rows=95 width=4)
	  Index Cond: ((k >= 4476165) AND (k <= 4476265))

for range-covered
table 1 : explain SELECT k FROM sbtest1 WHERE k BETWEEN 5926643 AND 5926743
	Index Only Scan using k_1 on sbtest1  (cost=0.43..6.59 rows=108 width=4)
	  Index Cond: ((k >= 5926643) AND (k <= 5926743))

table 2 : explain SELECT k FROM sbtest2 WHERE k BETWEEN 5926643 AND 5926743
	Index Only Scan using k_2 on sbtest2  (cost=0.43..6.33 rows=95 width=4)
	  Index Cond: ((k >= 5926643) AND (k <= 5926743))

table 3 : explain SELECT k FROM sbtest3 WHERE k BETWEEN 5926643 AND 5926743
	Index Only Scan using k_3 on sbtest3  (cost=0.43..6.58 rows=107 width=4)
	  Index Cond: ((k >= 5926643) AND (k <= 5926743))

table 4 : explain SELECT k FROM sbtest4 WHERE k BETWEEN 5926643 AND 5926743
	Index Only Scan using k_4 on sbtest4  (cost=0.43..6.43 rows=100 width=4)
	  Index Cond: ((k >= 5926643) AND (k <= 5926743))

table 5 : explain SELECT k FROM sbtest5 WHERE k BETWEEN 5926643 AND 5926743
	Index Only Scan using k_5 on sbtest5  (cost=0.43..6.35 rows=96 width=4)
	  Index Cond: ((k >= 5926643) AND (k <= 5926743))

table 6 : explain SELECT k FROM sbtest6 WHERE k BETWEEN 5926643 AND 5926743
	Index Only Scan using k_6 on sbtest6  (cost=0.43..6.58 rows=107 width=4)
	  Index Cond: ((k >= 5926643) AND (k <= 5926743))

table 7 : explain SELECT k FROM sbtest7 WHERE k BETWEEN 5926643 AND 5926743
	Index Only Scan using k_7 on sbtest7  (cost=0.43..6.40 rows=98 width=4)
	  Index Cond: ((k >= 5926643) AND (k <= 5926743))

table 8 : explain SELECT k FROM sbtest8 WHERE k BETWEEN 5926643 AND 5926743
	Index Only Scan using k_8 on sbtest8  (cost=0.43..6.45 rows=101 width=4)
	  Index Cond: ((k >= 5926643) AND (k <= 5926743))

explain: for range-covered :: explain SELECT k FROM sbtest%d WHERE k BETWEEN 7827228 AND 7827328
explain: for range-covered :: explain SELECT k FROM sbtest%d WHERE k BETWEEN 4476165 AND 4476265
for range-covered
table 1 : explain SELECT k FROM sbtest1 WHERE k BETWEEN 3865408 AND 3865508
	Index Only Scan using k_1 on sbtest1  (cost=0.43..6.47 rows=102 width=4)
	  Index Cond: ((k >= 3865408) AND (k <= 3865508))

table 2 : explain SELECT k FROM sbtest2 WHERE k BETWEEN 3865408 AND 3865508
	Index Only Scan using k_2 on sbtest2  (cost=0.43..6.59 rows=108 width=4)
	  Index Cond: ((k >= 3865408) AND (k <= 3865508))

table 3 : explain SELECT k FROM sbtest3 WHERE k BETWEEN 3865408 AND 3865508
	Index Only Scan using k_3 on sbtest3  (cost=0.43..6.37 rows=97 width=4)
	  Index Cond: ((k >= 3865408) AND (k <= 3865508))

table 4 : explain SELECT k FROM sbtest4 WHERE k BETWEEN 3865408 AND 3865508
	Index Only Scan using k_4 on sbtest4  (cost=0.43..6.37 rows=97 width=4)
	  Index Cond: ((k >= 3865408) AND (k <= 3865508))

table 5 : explain SELECT k FROM sbtest5 WHERE k BETWEEN 3865408 AND 3865508
	Index Only Scan using k_5 on sbtest5  (cost=0.43..6.29 rows=93 width=4)
	  Index Cond: ((k >= 3865408) AND (k <= 3865508))

table 6 : explain SELECT k FROM sbtest6 WHERE k BETWEEN 3865408 AND 3865508
	Index Only Scan using k_6 on sbtest6  (cost=0.43..6.40 rows=98 width=4)
	  Index Cond: ((k >= 3865408) AND (k <= 3865508))

table 7 : explain SELECT k FROM sbtest7 WHERE k BETWEEN 3865408 AND 3865508
	Index Only Scan using k_7 on sbtest7  (cost=0.43..6.45 rows=101 width=4)
	  Index Cond: ((k >= 3865408) AND (k <= 3865508))

table 8 : explain SELECT k FROM sbtest8 WHERE k BETWEEN 3865408 AND 3865508
	Index Only Scan using k_8 on sbtest8  (cost=0.43..6.51 rows=104 width=4)
	  Index Cond: ((k >= 3865408) AND (k <= 3865508))

explain: for range-covered :: explain SELECT k FROM sbtest%d WHERE k BETWEEN 5926643 AND 5926743
for range-covered
table 1 : explain SELECT k FROM sbtest1 WHERE k BETWEEN 3419172 AND 3419272
	Index Only Scan using k_1 on sbtest1  (cost=0.43..6.37 rows=97 width=4)
	  Index Cond: ((k >= 3419172) AND (k <= 3419272))

table 2 : explain SELECT k FROM sbtest2 WHERE k BETWEEN 3419172 AND 3419272
	Index Only Scan using k_2 on sbtest2  (cost=0.43..6.66 rows=111 width=4)
	  Index Cond: ((k >= 3419172) AND (k <= 3419272))

table 3 : explain SELECT k FROM sbtest3 WHERE k BETWEEN 3419172 AND 3419272
	Index Only Scan using k_3 on sbtest3  (cost=0.43..6.53 rows=105 width=4)
	  Index Cond: ((k >= 3419172) AND (k <= 3419272))

table 4 : explain SELECT k FROM sbtest4 WHERE k BETWEEN 3419172 AND 3419272
	Index Only Scan using k_4 on sbtest4  (cost=0.43..6.45 rows=101 width=4)
	  Index Cond: ((k >= 3419172) AND (k <= 3419272))

table 5 : explain SELECT k FROM sbtest5 WHERE k BETWEEN 3419172 AND 3419272
	Index Only Scan using k_5 on sbtest5  (cost=0.43..6.43 rows=100 width=4)
	  Index Cond: ((k >= 3419172) AND (k <= 3419272))

table 6 : explain SELECT k FROM sbtest6 WHERE k BETWEEN 3419172 AND 3419272
	Index Only Scan using k_6 on sbtest6  (cost=0.43..6.56 rows=106 width=4)
	  Index Cond: ((k >= 3419172) AND (k <= 3419272))

table 7 : explain SELECT k FROM sbtest7 WHERE k BETWEEN 3419172 AND 3419272
	Index Only Scan using k_7 on sbtest7  (cost=0.43..6.51 rows=104 width=4)
	  Index Cond: ((k >= 3419172) AND (k <= 3419272))

table 8 : explain SELECT k FROM sbtest8 WHERE k BETWEEN 3419172 AND 3419272
	Index Only Scan using k_8 on sbtest8  (cost=0.43..6.47 rows=102 width=4)
	  Index Cond: ((k >= 3419172) AND (k <= 3419272))

for range-covered
table 1 : explain SELECT k FROM sbtest1 WHERE k BETWEEN 5270709 AND 5270809
	Index Only Scan using k_1 on sbtest1  (cost=0.43..6.63 rows=110 width=4)
	  Index Cond: ((k >= 5270709) AND (k <= 5270809))

table 2 : explain SELECT k FROM sbtest2 WHERE k BETWEEN 5270709 AND 5270809
	Index Only Scan using k_2 on sbtest2  (cost=0.43..6.40 rows=98 width=4)
	  Index Cond: ((k >= 5270709) AND (k <= 5270809))

table 3 : explain SELECT k FROM sbtest3 WHERE k BETWEEN 5270709 AND 5270809
	Index Only Scan using k_3 on sbtest3  (cost=0.43..6.37 rows=97 width=4)
	  Index Cond: ((k >= 5270709) AND (k <= 5270809))

table 4 : explain SELECT k FROM sbtest4 WHERE k BETWEEN 5270709 AND 5270809
	Index Only Scan using k_4 on sbtest4  (cost=0.43..6.42 rows=99 width=4)
	  Index Cond: ((k >= 5270709) AND (k <= 5270809))

table 5 : explain SELECT k FROM sbtest5 WHERE k BETWEEN 5270709 AND 5270809
	Index Only Scan using k_5 on sbtest5  (cost=0.43..6.63 rows=110 width=4)
	  Index Cond: ((k >= 5270709) AND (k <= 5270809))

table 6 : explain SELECT k FROM sbtest6 WHERE k BETWEEN 5270709 AND 5270809
	Index Only Scan using k_6 on sbtest6  (cost=0.43..6.45 rows=101 width=4)
	  Index Cond: ((k >= 5270709) AND (k <= 5270809))

table 7 : explain SELECT k FROM sbtest7 WHERE k BETWEEN 5270709 AND 5270809
	Index Only Scan using k_7 on sbtest7  (cost=0.43..6.56 rows=106 width=4)
	  Index Cond: ((k >= 5270709) AND (k <= 5270809))

table 8 : explain SELECT k FROM sbtest8 WHERE k BETWEEN 5270709 AND 5270809
	Index Only Scan using k_8 on sbtest8  (cost=0.43..6.40 rows=98 width=4)
	  Index Cond: ((k >= 5270709) AND (k <= 5270809))

explain: for range-covered :: explain SELECT k FROM sbtest%d WHERE k BETWEEN 3865408 AND 3865508
explain: for range-covered :: explain SELECT k FROM sbtest%d WHERE k BETWEEN 3419172 AND 3419272explain: for range-covered :: explain SELECT k FROM sbtest%d WHERE k BETWEEN 5270709 AND 5270809

for range-covered
table 1 : explain SELECT k FROM sbtest1 WHERE k BETWEEN 7403388 AND 7403488
	Index Only Scan using k_1 on sbtest1  (cost=0.43..6.53 rows=105 width=4)
	  Index Cond: ((k >= 7403388) AND (k <= 7403488))

table 2 : explain SELECT k FROM sbtest2 WHERE k BETWEEN 7403388 AND 7403488
	Index Only Scan using k_2 on sbtest2  (cost=0.43..6.53 rows=105 width=4)
	  Index Cond: ((k >= 7403388) AND (k <= 7403488))

table 3 : explain SELECT k FROM sbtest3 WHERE k BETWEEN 7403388 AND 7403488
	Index Only Scan using k_3 on sbtest3  (cost=0.43..6.50 rows=103 width=4)
	  Index Cond: ((k >= 7403388) AND (k <= 7403488))

table 4 : explain SELECT k FROM sbtest4 WHERE k BETWEEN 7403388 AND 7403488
	Index Only Scan using k_4 on sbtest4  (cost=0.43..6.59 rows=108 width=4)
	  Index Cond: ((k >= 7403388) AND (k <= 7403488))

table 5 : explain SELECT k FROM sbtest5 WHERE k BETWEEN 7403388 AND 7403488
	Index Only Scan using k_5 on sbtest5  (cost=0.43..6.27 rows=92 width=4)
	  Index Cond: ((k >= 7403388) AND (k <= 7403488))

table 6 : explain SELECT k FROM sbtest6 WHERE k BETWEEN 7403388 AND 7403488
	Index Only Scan using k_6 on sbtest6  (cost=0.43..6.51 rows=104 width=4)
	  Index Cond: ((k >= 7403388) AND (k <= 7403488))

table 7 : explain SELECT k FROM sbtest7 WHERE k BETWEEN 7403388 AND 7403488
	Index Only Scan using k_7 on sbtest7  (cost=0.43..6.50 rows=103 width=4)
	  Index Cond: ((k >= 7403388) AND (k <= 7403488))

table 8 : explain SELECT k FROM sbtest8 WHERE k BETWEEN 7403388 AND 7403488
	Index Only Scan using k_8 on sbtest8  (cost=0.43..6.37 rows=97 width=4)
	  Index Cond: ((k >= 7403388) AND (k <= 7403488))

explain: for range-covered :: explain SELECT k FROM sbtest%d WHERE k BETWEEN 7403388 AND 7403488
for range-covered
table 1 : explain SELECT k FROM sbtest1 WHERE k BETWEEN 3488410 AND 3488510
	Index Only Scan using k_1 on sbtest1  (cost=0.43..6.51 rows=104 width=4)
	  Index Cond: ((k >= 3488410) AND (k <= 3488510))

table 2 : explain SELECT k FROM sbtest2 WHERE k BETWEEN 3488410 AND 3488510
	Index Only Scan using k_2 on sbtest2  (cost=0.43..6.66 rows=111 width=4)
	  Index Cond: ((k >= 3488410) AND (k <= 3488510))

table 3 : explain SELECT k FROM sbtest3 WHERE k BETWEEN 3488410 AND 3488510
	Index Only Scan using k_3 on sbtest3  (cost=0.43..6.51 rows=104 width=4)
	  Index Cond: ((k >= 3488410) AND (k <= 3488510))

table 4 : explain SELECT k FROM sbtest4 WHERE k BETWEEN 3488410 AND 3488510
	Index Only Scan using k_4 on sbtest4  (cost=0.43..6.47 rows=102 width=4)
	  Index Cond: ((k >= 3488410) AND (k <= 3488510))

table 5 : explain SELECT k FROM sbtest5 WHERE k BETWEEN 3488410 AND 3488510
	Index Only Scan using k_5 on sbtest5  (cost=0.43..6.43 rows=100 width=4)
	  Index Cond: ((k >= 3488410) AND (k <= 3488510))

table 6 : explain SELECT k FROM sbtest6 WHERE k BETWEEN 3488410 AND 3488510
	Index Only Scan using k_6 on sbtest6  (cost=0.43..6.51 rows=104 width=4)
	  Index Cond: ((k >= 3488410) AND (k <= 3488510))

table 7 : explain SELECT k FROM sbtest7 WHERE k BETWEEN 3488410 AND 3488510
	Index Only Scan using k_7 on sbtest7  (cost=0.43..6.47 rows=102 width=4)
	  Index Cond: ((k >= 3488410) AND (k <= 3488510))

table 8 : explain SELECT k FROM sbtest8 WHERE k BETWEEN 3488410 AND 3488510
	Index Only Scan using k_8 on sbtest8  (cost=0.43..6.59 rows=108 width=4)
	  Index Cond: ((k >= 3488410) AND (k <= 3488510))

for range-covered
table 1 : explain SELECT k FROM sbtest1 WHERE k BETWEEN 5938417 AND 5938517
	Index Only Scan using k_1 on sbtest1  (cost=0.43..6.59 rows=108 width=4)
	  Index Cond: ((k >= 5938417) AND (k <= 5938517))

table 2 : explain SELECT k FROM sbtest2 WHERE k BETWEEN 5938417 AND 5938517
	Index Only Scan using k_2 on sbtest2  (cost=0.43..6.33 rows=95 width=4)
	  Index Cond: ((k >= 5938417) AND (k <= 5938517))

table 3 : explain SELECT k FROM sbtest3 WHERE k BETWEEN 5938417 AND 5938517
	Index Only Scan using k_3 on sbtest3  (cost=0.43..6.58 rows=107 width=4)
	  Index Cond: ((k >= 5938417) AND (k <= 5938517))

table 4 : explain SELECT k FROM sbtest4 WHERE k BETWEEN 5938417 AND 5938517
	Index Only Scan using k_4 on sbtest4  (cost=0.43..6.43 rows=100 width=4)
	  Index Cond: ((k >= 5938417) AND (k <= 5938517))

table 5 : explain SELECT k FROM sbtest5 WHERE k BETWEEN 5938417 AND 5938517
	Index Only Scan using k_5 on sbtest5  (cost=0.43..6.35 rows=96 width=4)
	  Index Cond: ((k >= 5938417) AND (k <= 5938517))

table 6 : explain SELECT k FROM sbtest6 WHERE k BETWEEN 5938417 AND 5938517
	Index Only Scan using k_6 on sbtest6  (cost=0.43..6.51 rows=104 width=4)
	  Index Cond: ((k >= 5938417) AND (k <= 5938517))

table 7 : explain SELECT k FROM sbtest7 WHERE k BETWEEN 5938417 AND 5938517
	Index Only Scan using k_7 on sbtest7  (cost=0.43..6.40 rows=98 width=4)
	  Index Cond: ((k >= 5938417) AND (k <= 5938517))

table 8 : explain SELECT k FROM sbtest8 WHERE k BETWEEN 5938417 AND 5938517
	Index Only Scan using k_8 on sbtest8  (cost=0.43..6.45 rows=101 width=4)
	  Index Cond: ((k >= 5938417) AND (k <= 5938517))

explain: for range-covered :: explain SELECT k FROM sbtest%d WHERE k BETWEEN 3488410 AND 3488510
for range-covered
table 1 : explain SELECT k FROM sbtest1 WHERE k BETWEEN 5575402 AND 5575502
	Index Only Scan using k_1 on sbtest1  (cost=0.43..6.51 rows=104 width=4)
	  Index Cond: ((k >= 5575402) AND (k <= 5575502))

table 2 : explain SELECT k FROM sbtest2 WHERE k BETWEEN 5575402 AND 5575502
	Index Only Scan using k_2 on sbtest2  (cost=0.43..6.43 rows=100 width=4)
	  Index Cond: ((k >= 5575402) AND (k <= 5575502))

table 3 : explain SELECT k FROM sbtest3 WHERE k BETWEEN 5575402 AND 5575502
	Index Only Scan using k_3 on sbtest3  (cost=0.43..6.63 rows=110 width=4)
	  Index Cond: ((k >= 5575402) AND (k <= 5575502))

table 4 : explain SELECT k FROM sbtest4 WHERE k BETWEEN 5575402 AND 5575502
	Index Only Scan using k_4 on sbtest4  (cost=0.43..6.47 rows=102 width=4)
	  Index Cond: ((k >= 5575402) AND (k <= 5575502))

table 5 : explain SELECT k FROM sbtest5 WHERE k BETWEEN 5575402 AND 5575502
	Index Only Scan using k_5 on sbtest5  (cost=0.43..6.75 rows=116 width=4)
	  Index Cond: ((k >= 5575402) AND (k <= 5575502))

table 6 : explain SELECT k FROM sbtest6 WHERE k BETWEEN 5575402 AND 5575502
	Index Only Scan using k_6 on sbtest6  (cost=0.43..6.51 rows=104 width=4)
	  Index Cond: ((k >= 5575402) AND (k <= 5575502))

table 7 : explain SELECT k FROM sbtest7 WHERE k BETWEEN 5575402 AND 5575502
	Index Only Scan using k_7 on sbtest7  (cost=0.43..6.58 rows=107 width=4)
	  Index Cond: ((k >= 5575402) AND (k <= 5575502))

table 8 : explain SELECT k FROM sbtest8 WHERE k BETWEEN 5575402 AND 5575502
	Index Only Scan using k_8 on sbtest8  (cost=0.43..6.40 rows=98 width=4)
	  Index Cond: ((k >= 5575402) AND (k <= 5575502))

for range-covered
table 1 : explain SELECT k FROM sbtest1 WHERE k BETWEEN 1734452 AND 1734552
	Index Only Scan using k_1 on sbtest1  (cost=0.43..6.37 rows=97 width=4)
	  Index Cond: ((k >= 1734452) AND (k <= 1734552))

table 2 : explain SELECT k FROM sbtest2 WHERE k BETWEEN 1734452 AND 1734552
	Index Only Scan using k_2 on sbtest2  (cost=0.43..6.47 rows=102 width=4)
	  Index Cond: ((k >= 1734452) AND (k <= 1734552))

table 3 : explain SELECT k FROM sbtest3 WHERE k BETWEEN 1734452 AND 1734552
	Index Only Scan using k_3 on sbtest3  (cost=0.43..6.56 rows=106 width=4)
	  Index Cond: ((k >= 1734452) AND (k <= 1734552))

table 4 : explain SELECT k FROM sbtest4 WHERE k BETWEEN 1734452 AND 1734552
	Index Only Scan using k_4 on sbtest4  (cost=0.43..6.50 rows=103 width=4)
	  Index Cond: ((k >= 1734452) AND (k <= 1734552))

table 5 : explain SELECT k FROM sbtest5 WHERE k BETWEEN 1734452 AND 1734552
	Index Only Scan using k_5 on sbtest5  (cost=0.43..6.35 rows=96 width=4)
	  Index Cond: ((k >= 1734452) AND (k <= 1734552))

table 6 : explain SELECT k FROM sbtest6 WHERE k BETWEEN 1734452 AND 1734552
	Index Only Scan using k_6 on sbtest6  (cost=0.43..6.43 rows=100 width=4)
	  Index Cond: ((k >= 1734452) AND (k <= 1734552))

table 7 : explain SELECT k FROM sbtest7 WHERE k BETWEEN 1734452 AND 1734552
	Index Only Scan using k_7 on sbtest7  (cost=0.43..6.42 rows=99 width=4)
	  Index Cond: ((k >= 1734452) AND (k <= 1734552))

table 8 : explain SELECT k FROM sbtest8 WHERE k BETWEEN 1734452 AND 1734552
	Index Only Scan using k_8 on sbtest8  (cost=0.43..6.58 rows=107 width=4)
	  Index Cond: ((k >= 1734452) AND (k <= 1734552))

explain: for range-covered :: explain SELECT k FROM sbtest%d WHERE k BETWEEN 5575402 AND 5575502
explain: for range-covered :: explain SELECT k FROM sbtest%d WHERE k BETWEEN 1734452 AND 1734552
for range-covered
table 1 : explain SELECT k FROM sbtest1 WHERE k BETWEEN 7001064 AND 7001164
	Index Only Scan using k_1 on sbtest1  (cost=0.43..6.51 rows=104 width=4)
	  Index Cond: ((k >= 7001064) AND (k <= 7001164))

table 2 : explain SELECT k FROM sbtest2 WHERE k BETWEEN 7001064 AND 7001164
	Index Only Scan using k_2 on sbtest2  (cost=0.43..6.35 rows=96 width=4)
	  Index Cond: ((k >= 7001064) AND (k <= 7001164))

table 3 : explain SELECT k FROM sbtest3 WHERE k BETWEEN 7001064 AND 7001164
	Index Only Scan using k_3 on sbtest3  (cost=0.43..6.35 rows=96 width=4)
	  Index Cond: ((k >= 7001064) AND (k <= 7001164))

table 4 : explain SELECT k FROM sbtest4 WHERE k BETWEEN 7001064 AND 7001164
	Index Only Scan using k_4 on sbtest4  (cost=0.43..6.47 rows=102 width=4)
	  Index Cond: ((k >= 7001064) AND (k <= 7001164))

table 5 : explain SELECT k FROM sbtest5 WHERE k BETWEEN 7001064 AND 7001164
	Index Only Scan using k_5 on sbtest5  (cost=0.43..6.47 rows=102 width=4)
	  Index Cond: ((k >= 7001064) AND (k <= 7001164))

table 6 : explain SELECT k FROM sbtest6 WHERE k BETWEEN 7001064 AND 7001164
	Index Only Scan using k_6 on sbtest6  (cost=0.43..6.37 rows=97 width=4)
	  Index Cond: ((k >= 7001064) AND (k <= 7001164))

table 7 : explain SELECT k FROM sbtest7 WHERE k BETWEEN 7001064 AND 7001164
	Index Only Scan using k_7 on sbtest7  (cost=0.43..6.43 rows=100 width=4)
	  Index Cond: ((k >= 7001064) AND (k <= 7001164))

table 8 : explain SELECT k FROM sbtest8 WHERE k BETWEEN 7001064 AND 7001164
	Index Only Scan using k_8 on sbtest8  (cost=0.43..6.56 rows=106 width=4)
	  Index Cond: ((k >= 7001064) AND (k <= 7001164))

for range-covered
table 1 : explain SELECT k FROM sbtest1 WHERE k BETWEEN 4476165 AND 4476265
	Index Only Scan using k_1 on sbtest1  (cost=0.43..6.61 rows=109 width=4)
	  Index Cond: ((k >= 4476165) AND (k <= 4476265))

table 2 : explain SELECT k FROM sbtest2 WHERE k BETWEEN 4476165 AND 4476265
	Index Only Scan using k_2 on sbtest2  (cost=0.43..6.43 rows=100 width=4)
	  Index Cond: ((k >= 4476165) AND (k <= 4476265))

table 3 : explain SELECT k FROM sbtest3 WHERE k BETWEEN 4476165 AND 4476265
	Index Only Scan using k_3 on sbtest3  (cost=0.43..6.51 rows=104 width=4)
	  Index Cond: ((k >= 4476165) AND (k <= 4476265))

table 4 : explain SELECT k FROM sbtest4 WHERE k BETWEEN 4476165 AND 4476265
	Index Only Scan using k_4 on sbtest4  (cost=0.43..6.56 rows=106 width=4)
	  Index Cond: ((k >= 4476165) AND (k <= 4476265))

table 5 : explain SELECT k FROM sbtest5 WHERE k BETWEEN 4476165 AND 4476265
	Index Only Scan using k_5 on sbtest5  (cost=0.43..6.61 rows=109 width=4)
	  Index Cond: ((k >= 4476165) AND (k <= 4476265))

table 6 : explain SELECT k FROM sbtest6 WHERE k BETWEEN 4476165 AND 4476265
	Index Only Scan using k_6 on sbtest6  (cost=0.43..6.53 rows=105 width=4)
	  Index Cond: ((k >= 4476165) AND (k <= 4476265))

table 7 : explain SELECT k FROM sbtest7 WHERE k BETWEEN 4476165 AND 4476265
	Index Only Scan using k_7 on sbtest7  (cost=0.43..6.69 rows=113 width=4)
	  Index Cond: ((k >= 4476165) AND (k <= 4476265))

table 8 : explain SELECT k FROM sbtest8 WHERE k BETWEEN 4476165 AND 4476265
	Index Only Scan using k_8 on sbtest8  (cost=0.43..6.33 rows=95 width=4)
	  Index Cond: ((k >= 4476165) AND (k <= 4476265))

explain: for range-covered :: explain SELECT k FROM sbtest%d WHERE k BETWEEN 7001064 AND 7001164
for range-covered
table 1 : explain SELECT k FROM sbtest1 WHERE k BETWEEN 7827228 AND 7827328
	Index Only Scan using k_1 on sbtest1  (cost=0.43..6.58 rows=107 width=4)
	  Index Cond: ((k >= 7827228) AND (k <= 7827328))

table 2 : explain SELECT k FROM sbtest2 WHERE k BETWEEN 7827228 AND 7827328
	Index Only Scan using k_2 on sbtest2  (cost=0.43..6.25 rows=91 width=4)
	  Index Cond: ((k >= 7827228) AND (k <= 7827328))

table 3 : explain SELECT k FROM sbtest3 WHERE k BETWEEN 7827228 AND 7827328
	Index Only Scan using k_3 on sbtest3  (cost=0.43..6.50 rows=103 width=4)
	  Index Cond: ((k >= 7827228) AND (k <= 7827328))

table 4 : explain SELECT k FROM sbtest4 WHERE k BETWEEN 7827228 AND 7827328
	Index Only Scan using k_4 on sbtest4  (cost=0.43..6.42 rows=99 width=4)
	  Index Cond: ((k >= 7827228) AND (k <= 7827328))

table 5 : explain SELECT k FROM sbtest5 WHERE k BETWEEN 7827228 AND 7827328
	Index Only Scan using k_5 on sbtest5  (cost=0.43..6.66 rows=111 width=4)
	  Index Cond: ((k >= 7827228) AND (k <= 7827328))

table 6 : explain SELECT k FROM sbtest6 WHERE k BETWEEN 7827228 AND 7827328
	Index Only Scan using k_6 on sbtest6  (cost=0.43..6.42 rows=99 width=4)
	  Index Cond: ((k >= 7827228) AND (k <= 7827328))

table 7 : explain SELECT k FROM sbtest7 WHERE k BETWEEN 7827228 AND 7827328
	Index Only Scan using k_7 on sbtest7  (cost=0.43..6.66 rows=111 width=4)
	  Index Cond: ((k >= 7827228) AND (k <= 7827328))

table 8 : explain SELECT k FROM sbtest8 WHERE k BETWEEN 7827228 AND 7827328
	Index Only Scan using k_8 on sbtest8  (cost=0.43..6.77 rows=117 width=4)
	  Index Cond: ((k >= 7827228) AND (k <= 7827328))

for range-covered
table 1 : explain SELECT k FROM sbtest1 WHERE k BETWEEN 3865408 AND 3865508
	Index Only Scan using k_1 on sbtest1  (cost=0.43..6.47 rows=102 width=4)
	  Index Cond: ((k >= 3865408) AND (k <= 3865508))

table 2 : explain SELECT k FROM sbtest2 WHERE k BETWEEN 3865408 AND 3865508
	Index Only Scan using k_2 on sbtest2  (cost=0.43..6.59 rows=108 width=4)
	  Index Cond: ((k >= 3865408) AND (k <= 3865508))

table 3 : explain SELECT k FROM sbtest3 WHERE k BETWEEN 3865408 AND 3865508
	Index Only Scan using k_3 on sbtest3  (cost=0.43..6.37 rows=97 width=4)
	  Index Cond: ((k >= 3865408) AND (k <= 3865508))

table 4 : explain SELECT k FROM sbtest4 WHERE k BETWEEN 3865408 AND 3865508
	Index Only Scan using k_4 on sbtest4  (cost=0.43..6.37 rows=97 width=4)
	  Index Cond: ((k >= 3865408) AND (k <= 3865508))

table 5 : explain SELECT k FROM sbtest5 WHERE k BETWEEN 3865408 AND 3865508
	Index Only Scan using k_5 on sbtest5  (cost=0.43..6.29 rows=93 width=4)
	  Index Cond: ((k >= 3865408) AND (k <= 3865508))

table 6 : explain SELECT k FROM sbtest6 WHERE k BETWEEN 3865408 AND 3865508
	Index Only Scan using k_6 on sbtest6  (cost=0.43..6.40 rows=98 width=4)
	  Index Cond: ((k >= 3865408) AND (k <= 3865508))

table 7 : explain SELECT k FROM sbtest7 WHERE k BETWEEN 3865408 AND 3865508
	Index Only Scan using k_7 on sbtest7  (cost=0.43..6.45 rows=101 width=4)
	  Index Cond: ((k >= 3865408) AND (k <= 3865508))

table 8 : explain SELECT k FROM sbtest8 WHERE k BETWEEN 3865408 AND 3865508
	Index Only Scan using k_8 on sbtest8  (cost=0.43..6.51 rows=104 width=4)
	  Index Cond: ((k >= 3865408) AND (k <= 3865508))

explain: for range-covered :: explain SELECT k FROM sbtest%d WHERE k BETWEEN 4476165 AND 4476265
for range-covered
table 1 : explain SELECT k FROM sbtest1 WHERE k BETWEEN 5270709 AND 5270809
	Index Only Scan using k_1 on sbtest1  (cost=0.43..6.63 rows=110 width=4)
	  Index Cond: ((k >= 5270709) AND (k <= 5270809))

table 2 : explain SELECT k FROM sbtest2 WHERE k BETWEEN 5270709 AND 5270809
	Index Only Scan using k_2 on sbtest2  (cost=0.43..6.40 rows=98 width=4)
	  Index Cond: ((k >= 5270709) AND (k <= 5270809))

table 3 : explain SELECT k FROM sbtest3 WHERE k BETWEEN 5270709 AND 5270809
	Index Only Scan using k_3 on sbtest3  (cost=0.43..6.37 rows=97 width=4)
	  Index Cond: ((k >= 5270709) AND (k <= 5270809))

table 4 : explain SELECT k FROM sbtest4 WHERE k BETWEEN 5270709 AND 5270809
	Index Only Scan using k_4 on sbtest4  (cost=0.43..6.42 rows=99 width=4)
	  Index Cond: ((k >= 5270709) AND (k <= 5270809))

table 5 : explain SELECT k FROM sbtest5 WHERE k BETWEEN 5270709 AND 5270809
	Index Only Scan using k_5 on sbtest5  (cost=0.43..6.63 rows=110 width=4)
	  Index Cond: ((k >= 5270709) AND (k <= 5270809))

table 6 : explain SELECT k FROM sbtest6 WHERE k BETWEEN 5270709 AND 5270809
	Index Only Scan using k_6 on sbtest6  (cost=0.43..6.45 rows=101 width=4)
	  Index Cond: ((k >= 5270709) AND (k <= 5270809))

table 7 : explain SELECT k FROM sbtest7 WHERE k BETWEEN 5270709 AND 5270809
	Index Only Scan using k_7 on sbtest7  (cost=0.43..6.56 rows=106 width=4)
	  Index Cond: ((k >= 5270709) AND (k <= 5270809))

table 8 : explain SELECT k FROM sbtest8 WHERE k BETWEEN 5270709 AND 5270809
	Index Only Scan using k_8 on sbtest8  (cost=0.43..6.40 rows=98 width=4)
	  Index Cond: ((k >= 5270709) AND (k <= 5270809))

for range-covered
table 1 : explain SELECT k FROM sbtest1 WHERE k BETWEEN 3419172 AND 3419272
	Index Only Scan using k_1 on sbtest1  (cost=0.43..6.37 rows=97 width=4)
	  Index Cond: ((k >= 3419172) AND (k <= 3419272))

table 2 : explain SELECT k FROM sbtest2 WHERE k BETWEEN 3419172 AND 3419272
	Index Only Scan using k_2 on sbtest2  (cost=0.43..6.66 rows=111 width=4)
	  Index Cond: ((k >= 3419172) AND (k <= 3419272))

table 3 : explain SELECT k FROM sbtest3 WHERE k BETWEEN 3419172 AND 3419272
	Index Only Scan using k_3 on sbtest3  (cost=0.43..6.53 rows=105 width=4)
	  Index Cond: ((k >= 3419172) AND (k <= 3419272))

table 4 : explain SELECT k FROM sbtest4 WHERE k BETWEEN 3419172 AND 3419272
	Index Only Scan using k_4 on sbtest4  (cost=0.43..6.45 rows=101 width=4)
	  Index Cond: ((k >= 3419172) AND (k <= 3419272))

table 5 : explain SELECT k FROM sbtest5 WHERE k BETWEEN 3419172 AND 3419272
	Index Only Scan using k_5 on sbtest5  (cost=0.43..6.43 rows=100 width=4)
	  Index Cond: ((k >= 3419172) AND (k <= 3419272))

table 6 : explain SELECT k FROM sbtest6 WHERE k BETWEEN 3419172 AND 3419272
	Index Only Scan using k_6 on sbtest6  (cost=0.43..6.56 rows=106 width=4)
	  Index Cond: ((k >= 3419172) AND (k <= 3419272))

table 7 : explain SELECT k FROM sbtest7 WHERE k BETWEEN 3419172 AND 3419272
	Index Only Scan using k_7 on sbtest7  (cost=0.43..6.51 rows=104 width=4)
	  Index Cond: ((k >= 3419172) AND (k <= 3419272))

table 8 : explain SELECT k FROM sbtest8 WHERE k BETWEEN 3419172 AND 3419272
	Index Only Scan using k_8 on sbtest8  (cost=0.43..6.47 rows=102 width=4)
	  Index Cond: ((k >= 3419172) AND (k <= 3419272))

explain: for range-covered :: explain SELECT k FROM sbtest%d WHERE k BETWEEN 7827228 AND 7827328
explain: for range-covered :: explain SELECT k FROM sbtest%d WHERE k BETWEEN 3865408 AND 3865508explain: for range-covered :: explain SELECT k FROM sbtest%d WHERE k BETWEEN 6155198 AND 6155298for range-covered
table 1 : explain SELECT k FROM sbtest1 WHERE k BETWEEN 5926643 AND 5926743
	Index Only Scan using k_1 on sbtest1  (cost=0.43..6.59 rows=108 width=4)
	  Index Cond: ((k >= 5926643) AND (k <= 5926743))

table 2 : explain SELECT k FROM sbtest2 WHERE k BETWEEN 5926643 AND 5926743
	Index Only Scan using k_2 on sbtest2  (cost=0.43..6.33 rows=95 width=4)
	  Index Cond: ((k >= 5926643) AND (k <= 5926743))

table 3 : explain SELECT k FROM sbtest3 WHERE k BETWEEN 5926643 AND 5926743
	Index Only Scan using k_3 on sbtest3  (cost=0.43..6.58 rows=107 width=4)
	  Index Cond: ((k >= 5926643) AND (k <= 5926743))

table 4 : explain SELECT k FROM sbtest4 WHERE k BETWEEN 5926643 AND 5926743
	Index Only Scan using k_4 on sbtest4  (cost=0.43..6.43 rows=100 width=4)
	  Index Cond: ((k >= 5926643) AND (k <= 5926743))

table 5 : explain SELECT k FROM sbtest5 WHERE k BETWEEN 5926643 AND 5926743
	Index Only Scan using k_5 on sbtest5  (cost=0.43..6.35 rows=96 width=4)
	  Index Cond: ((k >= 5926643) AND (k <= 5926743))

table 6 : explain SELECT k FROM sbtest6 WHERE k BETWEEN 5926643 AND 5926743
	Index Only Scan using k_6 on sbtest6  (cost=0.43..6.58 rows=107 width=4)
	  Index Cond: ((k >= 5926643) AND (k <= 5926743))

table 7 : explain SELECT k FROM sbtest7 WHERE k BETWEEN 5926643 AND 5926743
	Index Only Scan using k_7 on sbtest7  (cost=0.43..6.40 rows=98 width=4)
	  Index Cond: ((k >= 5926643) AND (k <= 5926743))

table 8 : explain SELECT k FROM sbtest8 WHERE k BETWEEN 5926643 AND 5926743
	Index Only Scan using k_8 on sbtest8  (cost=0.43..6.45 rows=101 width=4)
	  Index Cond: ((k >= 5926643) AND (k <= 5926743))
explain: for range-covered :: explain SELECT k FROM sbtest%d WHERE k BETWEEN 5270709 AND 5270809



explain: for range-covered :: explain SELECT k FROM sbtest%d WHERE k BETWEEN 3419172 AND 3419272
for range-covered
table 1 : explain SELECT k FROM sbtest1 WHERE k BETWEEN 7403388 AND 7403488
	Index Only Scan using k_1 on sbtest1  (cost=0.43..6.53 rows=105 width=4)
	  Index Cond: ((k >= 7403388) AND (k <= 7403488))

table 2 : explain SELECT k FROM sbtest2 WHERE k BETWEEN 7403388 AND 7403488
	Index Only Scan using k_2 on sbtest2  (cost=0.43..6.53 rows=105 width=4)
	  Index Cond: ((k >= 7403388) AND (k <= 7403488))

table 3 : explain SELECT k FROM sbtest3 WHERE k BETWEEN 7403388 AND 7403488
	Index Only Scan using k_3 on sbtest3  (cost=0.43..6.50 rows=103 width=4)
	  Index Cond: ((k >= 7403388) AND (k <= 7403488))

table 4 : explain SELECT k FROM sbtest4 WHERE k BETWEEN 7403388 AND 7403488
	Index Only Scan using k_4 on sbtest4  (cost=0.43..6.59 rows=108 width=4)
	  Index Cond: ((k >= 7403388) AND (k <= 7403488))

table 5 : explain SELECT k FROM sbtest5 WHERE k BETWEEN 7403388 AND 7403488
	Index Only Scan using k_5 on sbtest5  (cost=0.43..6.27 rows=92 width=4)
	  Index Cond: ((k >= 7403388) AND (k <= 7403488))

table 6 : explain SELECT k FROM sbtest6 WHERE k BETWEEN 7403388 AND 7403488
	Index Only Scan using k_6 on sbtest6  (cost=0.43..6.51 rows=104 width=4)
	  Index Cond: ((k >= 7403388) AND (k <= 7403488))

table 7 : explain SELECT k FROM sbtest7 WHERE k BETWEEN 7403388 AND 7403488
	Index Only Scan using k_7 on sbtest7  (cost=0.43..6.50 rows=103 width=4)
	  Index Cond: ((k >= 7403388) AND (k <= 7403488))

table 8 : explain SELECT k FROM sbtest8 WHERE k BETWEEN 7403388 AND 7403488
	Index Only Scan using k_8 on sbtest8  (cost=0.43..6.37 rows=97 width=4)
	  Index Cond: ((k >= 7403388) AND (k <= 7403488))

explain: for range-covered :: explain SELECT k FROM sbtest%d WHERE k BETWEEN 5926643 AND 5926743
explain: for range-covered :: explain SELECT k FROM sbtest%d WHERE k BETWEEN 7403388 AND 7403488
for range-covered
table 1 : explain SELECT k FROM sbtest1 WHERE k BETWEEN 967989 AND 968089
	Index Only Scan using k_1 on sbtest1  (cost=0.43..6.58 rows=107 width=4)
	  Index Cond: ((k >= 967989) AND (k <= 968089))

table 2 : explain SELECT k FROM sbtest2 WHERE k BETWEEN 967989 AND 968089
	Index Only Scan using k_2 on sbtest2  (cost=0.43..6.35 rows=96 width=4)
	  Index Cond: ((k >= 967989) AND (k <= 968089))

table 3 : explain SELECT k FROM sbtest3 WHERE k BETWEEN 967989 AND 968089
	Index Only Scan using k_3 on sbtest3  (cost=0.43..6.53 rows=105 width=4)
	  Index Cond: ((k >= 967989) AND (k <= 968089))

table 4 : explain SELECT k FROM sbtest4 WHERE k BETWEEN 967989 AND 968089
	Index Only Scan using k_4 on sbtest4  (cost=0.43..6.37 rows=97 width=4)
	  Index Cond: ((k >= 967989) AND (k <= 968089))

table 5 : explain SELECT k FROM sbtest5 WHERE k BETWEEN 967989 AND 968089
	Index Only Scan using k_5 on sbtest5  (cost=0.43..6.50 rows=103 width=4)
	  Index Cond: ((k >= 967989) AND (k <= 968089))

table 6 : explain SELECT k FROM sbtest6 WHERE k BETWEEN 967989 AND 968089
	Index Only Scan using k_6 on sbtest6  (cost=0.43..6.29 rows=93 width=4)
	  Index Cond: ((k >= 967989) AND (k <= 968089))

table 7 : explain SELECT k FROM sbtest7 WHERE k BETWEEN 967989 AND 968089
	Index Only Scan using k_7 on sbtest7  (cost=0.43..6.51 rows=104 width=4)
	  Index Cond: ((k >= 967989) AND (k <= 968089))

table 8 : explain SELECT k FROM sbtest8 WHERE k BETWEEN 967989 AND 968089
	Index Only Scan using k_8 on sbtest8  (cost=0.43..6.43 rows=100 width=4)
	  Index Cond: ((k >= 967989) AND (k <= 968089))

for range-covered
table 1 : explain SELECT k FROM sbtest1 WHERE k BETWEEN 3488410 AND 3488510
	Index Only Scan using k_1 on sbtest1  (cost=0.43..6.51 rows=104 width=4)
	  Index Cond: ((k >= 3488410) AND (k <= 3488510))

table 2 : explain SELECT k FROM sbtest2 WHERE k BETWEEN 3488410 AND 3488510
	Index Only Scan using k_2 on sbtest2  (cost=0.43..6.66 rows=111 width=4)
	  Index Cond: ((k >= 3488410) AND (k <= 3488510))

table 3 : explain SELECT k FROM sbtest3 WHERE k BETWEEN 3488410 AND 3488510
	Index Only Scan using k_3 on sbtest3  (cost=0.43..6.51 rows=104 width=4)
	  Index Cond: ((k >= 3488410) AND (k <= 3488510))

table 4 : explain SELECT k FROM sbtest4 WHERE k BETWEEN 3488410 AND 3488510
	Index Only Scan using k_4 on sbtest4  (cost=0.43..6.47 rows=102 width=4)
	  Index Cond: ((k >= 3488410) AND (k <= 3488510))

table 5 : explain SELECT k FROM sbtest5 WHERE k BETWEEN 3488410 AND 3488510
	Index Only Scan using k_5 on sbtest5  (cost=0.43..6.43 rows=100 width=4)
	  Index Cond: ((k >= 3488410) AND (k <= 3488510))

table 6 : explain SELECT k FROM sbtest6 WHERE k BETWEEN 3488410 AND 3488510
	Index Only Scan using k_6 on sbtest6  (cost=0.43..6.51 rows=104 width=4)
	  Index Cond: ((k >= 3488410) AND (k <= 3488510))

table 7 : explain SELECT k FROM sbtest7 WHERE k BETWEEN 3488410 AND 3488510
	Index Only Scan using k_7 on sbtest7  (cost=0.43..6.47 rows=102 width=4)
	  Index Cond: ((k >= 3488410) AND (k <= 3488510))

table 8 : explain SELECT k FROM sbtest8 WHERE k BETWEEN 3488410 AND 3488510
	Index Only Scan using k_8 on sbtest8  (cost=0.43..6.59 rows=108 width=4)
	  Index Cond: ((k >= 3488410) AND (k <= 3488510))

explain: for range-covered :: explain SELECT k FROM sbtest%d WHERE k BETWEEN 3488410 AND 3488510
for range-covered
table 1 : explain SELECT k FROM sbtest1 WHERE k BETWEEN 1207028 AND 1207128
	Index Only Scan using k_1 on sbtest1  (cost=0.43..6.33 rows=95 width=4)
	  Index Cond: ((k >= 1207028) AND (k <= 1207128))

table 2 : explain SELECT k FROM sbtest2 WHERE k BETWEEN 1207028 AND 1207128
	Index Only Scan using k_2 on sbtest2  (cost=0.43..6.32 rows=94 width=4)
	  Index Cond: ((k >= 1207028) AND (k <= 1207128))

table 3 : explain SELECT k FROM sbtest3 WHERE k BETWEEN 1207028 AND 1207128
	Index Only Scan using k_3 on sbtest3  (cost=0.43..6.45 rows=101 width=4)
	  Index Cond: ((k >= 1207028) AND (k <= 1207128))

table 4 : explain SELECT k FROM sbtest4 WHERE k BETWEEN 1207028 AND 1207128
	Index Only Scan using k_4 on sbtest4  (cost=0.43..6.45 rows=101 width=4)
	  Index Cond: ((k >= 1207028) AND (k <= 1207128))

table 5 : explain SELECT k FROM sbtest5 WHERE k BETWEEN 1207028 AND 1207128
	Index Only Scan using k_5 on sbtest5  (cost=0.43..6.37 rows=97 width=4)
	  Index Cond: ((k >= 1207028) AND (k <= 1207128))

table 6 : explain SELECT k FROM sbtest6 WHERE k BETWEEN 1207028 AND 1207128
	Index Only Scan using k_6 on sbtest6  (cost=0.43..6.50 rows=103 width=4)
	  Index Cond: ((k >= 1207028) AND (k <= 1207128))

table 7 : explain SELECT k FROM sbtest7 WHERE k BETWEEN 1207028 AND 1207128
	Index Only Scan using k_7 on sbtest7  (cost=0.43..6.50 rows=103 width=4)
	  Index Cond: ((k >= 1207028) AND (k <= 1207128))

table 8 : explain SELECT k FROM sbtest8 WHERE k BETWEEN 1207028 AND 1207128
	Index Only Scan using k_8 on sbtest8  (cost=0.43..6.42 rows=99 width=4)
	  Index Cond: ((k >= 1207028) AND (k <= 1207128))

explain: for range-covered :: explain SELECT k FROM sbtest%d WHERE k BETWEEN 967989 AND 968089
for range-covered
table 1 : explain SELECT k FROM sbtest1 WHERE k BETWEEN 1734452 AND 1734552
	Index Only Scan using k_1 on sbtest1  (cost=0.43..6.37 rows=97 width=4)
	  Index Cond: ((k >= 1734452) AND (k <= 1734552))

table 2 : explain SELECT k FROM sbtest2 WHERE k BETWEEN 1734452 AND 1734552
	Index Only Scan using k_2 on sbtest2  (cost=0.43..6.47 rows=102 width=4)
	  Index Cond: ((k >= 1734452) AND (k <= 1734552))

table 3 : explain SELECT k FROM sbtest3 WHERE k BETWEEN 1734452 AND 1734552
	Index Only Scan using k_3 on sbtest3  (cost=0.43..6.56 rows=106 width=4)
	  Index Cond: ((k >= 1734452) AND (k <= 1734552))

table 4 : explain SELECT k FROM sbtest4 WHERE k BETWEEN 1734452 AND 1734552
	Index Only Scan using k_4 on sbtest4  (cost=0.43..6.50 rows=103 width=4)
	  Index Cond: ((k >= 1734452) AND (k <= 1734552))

table 5 : explain SELECT k FROM sbtest5 WHERE k BETWEEN 1734452 AND 1734552
	Index Only Scan using k_5 on sbtest5  (cost=0.43..6.35 rows=96 width=4)
	  Index Cond: ((k >= 1734452) AND (k <= 1734552))

table 6 : explain SELECT k FROM sbtest6 WHERE k BETWEEN 1734452 AND 1734552
	Index Only Scan using k_6 on sbtest6  (cost=0.43..6.43 rows=100 width=4)
	  Index Cond: ((k >= 1734452) AND (k <= 1734552))

table 7 : explain SELECT k FROM sbtest7 WHERE k BETWEEN 1734452 AND 1734552
	Index Only Scan using k_7 on sbtest7  (cost=0.43..6.42 rows=99 width=4)
	  Index Cond: ((k >= 1734452) AND (k <= 1734552))

table 8 : explain SELECT k FROM sbtest8 WHERE k BETWEEN 1734452 AND 1734552
	Index Only Scan using k_8 on sbtest8  (cost=0.43..6.58 rows=107 width=4)
	  Index Cond: ((k >= 1734452) AND (k <= 1734552))

for range-covered
table 1 : explain SELECT k FROM sbtest1 WHERE k BETWEEN 5575402 AND 5575502
	Index Only Scan using k_1 on sbtest1  (cost=0.43..6.51 rows=104 width=4)
	  Index Cond: ((k >= 5575402) AND (k <= 5575502))

table 2 : explain SELECT k FROM sbtest2 WHERE k BETWEEN 5575402 AND 5575502
	Index Only Scan using k_2 on sbtest2  (cost=0.43..6.43 rows=100 width=4)
	  Index Cond: ((k >= 5575402) AND (k <= 5575502))

table 3 : explain SELECT k FROM sbtest3 WHERE k BETWEEN 5575402 AND 5575502
	Index Only Scan using k_3 on sbtest3  (cost=0.43..6.63 rows=110 width=4)
	  Index Cond: ((k >= 5575402) AND (k <= 5575502))

table 4 : explain SELECT k FROM sbtest4 WHERE k BETWEEN 5575402 AND 5575502
	Index Only Scan using k_4 on sbtest4  (cost=0.43..6.47 rows=102 width=4)
	  Index Cond: ((k >= 5575402) AND (k <= 5575502))

table 5 : explain SELECT k FROM sbtest5 WHERE k BETWEEN 5575402 AND 5575502
	Index Only Scan using k_5 on sbtest5  (cost=0.43..6.75 rows=116 width=4)
	  Index Cond: ((k >= 5575402) AND (k <= 5575502))

table 6 : explain SELECT k FROM sbtest6 WHERE k BETWEEN 5575402 AND 5575502
	Index Only Scan using k_6 on sbtest6  (cost=0.43..6.51 rows=104 width=4)
	  Index Cond: ((k >= 5575402) AND (k <= 5575502))

table 7 : explain SELECT k FROM sbtest7 WHERE k BETWEEN 5575402 AND 5575502
	Index Only Scan using k_7 on sbtest7  (cost=0.43..6.58 rows=107 width=4)
	  Index Cond: ((k >= 5575402) AND (k <= 5575502))

table 8 : explain SELECT k FROM sbtest8 WHERE k BETWEEN 5575402 AND 5575502
	Index Only Scan using k_8 on sbtest8  (cost=0.43..6.40 rows=98 width=4)
	  Index Cond: ((k >= 5575402) AND (k <= 5575502))

explain: for range-covered :: explain SELECT k FROM sbtest%d WHERE k BETWEEN 5575402 AND 5575502
for range-covered
table 1 : explain SELECT k FROM sbtest1 WHERE k BETWEEN 7001064 AND 7001164
	Index Only Scan using k_1 on sbtest1  (cost=0.43..6.51 rows=104 width=4)
	  Index Cond: ((k >= 7001064) AND (k <= 7001164))

table 2 : explain SELECT k FROM sbtest2 WHERE k BETWEEN 7001064 AND 7001164
	Index Only Scan using k_2 on sbtest2  (cost=0.43..6.35 rows=96 width=4)
	  Index Cond: ((k >= 7001064) AND (k <= 7001164))

table 3 : explain SELECT k FROM sbtest3 WHERE k BETWEEN 7001064 AND 7001164
	Index Only Scan using k_3 on sbtest3  (cost=0.43..6.35 rows=96 width=4)
	  Index Cond: ((k >= 7001064) AND (k <= 7001164))

table 4 : explain SELECT k FROM sbtest4 WHERE k BETWEEN 7001064 AND 7001164
	Index Only Scan using k_4 on sbtest4  (cost=0.43..6.47 rows=102 width=4)
	  Index Cond: ((k >= 7001064) AND (k <= 7001164))

table 5 : explain SELECT k FROM sbtest5 WHERE k BETWEEN 7001064 AND 7001164
	Index Only Scan using k_5 on sbtest5  (cost=0.43..6.47 rows=102 width=4)
	  Index Cond: ((k >= 7001064) AND (k <= 7001164))

table 6 : explain SELECT k FROM sbtest6 WHERE k BETWEEN 7001064 AND 7001164
	Index Only Scan using k_6 on sbtest6  (cost=0.43..6.37 rows=97 width=4)
	  Index Cond: ((k >= 7001064) AND (k <= 7001164))

table 7 : explain SELECT k FROM sbtest7 WHERE k BETWEEN 7001064 AND 7001164
	Index Only Scan using k_7 on sbtest7  (cost=0.43..6.43 rows=100 width=4)
	  Index Cond: ((k >= 7001064) AND (k <= 7001164))

table 8 : explain SELECT k FROM sbtest8 WHERE k BETWEEN 7001064 AND 7001164
	Index Only Scan using k_8 on sbtest8  (cost=0.43..6.56 rows=106 width=4)
	  Index Cond: ((k >= 7001064) AND (k <= 7001164))

for range-covered
table 1 : explain SELECT k FROM sbtest1 WHERE k BETWEEN 4476165 AND 4476265
	Index Only Scan using k_1 on sbtest1  (cost=0.43..6.61 rows=109 width=4)
	  Index Cond: ((k >= 4476165) AND (k <= 4476265))

table 2 : explain SELECT k FROM sbtest2 WHERE k BETWEEN 4476165 AND 4476265
	Index Only Scan using k_2 on sbtest2  (cost=0.43..6.43 rows=100 width=4)
	  Index Cond: ((k >= 4476165) AND (k <= 4476265))

table 3 : explain SELECT k FROM sbtest3 WHERE k BETWEEN 4476165 AND 4476265
	Index Only Scan using k_3 on sbtest3  (cost=0.43..6.51 rows=104 width=4)
	  Index Cond: ((k >= 4476165) AND (k <= 4476265))

table 4 : explain SELECT k FROM sbtest4 WHERE k BETWEEN 4476165 AND 4476265
	Index Only Scan using k_4 on sbtest4  (cost=0.43..6.56 rows=106 width=4)
	  Index Cond: ((k >= 4476165) AND (k <= 4476265))

table 5 : explain SELECT k FROM sbtest5 WHERE k BETWEEN 4476165 AND 4476265
	Index Only Scan using k_5 on sbtest5  (cost=0.43..6.61 rows=109 width=4)
	  Index Cond: ((k >= 4476165) AND (k <= 4476265))

table 6 : explain SELECT k FROM sbtest6 WHERE k BETWEEN 4476165 AND 4476265
	Index Only Scan using k_6 on sbtest6  (cost=0.43..6.53 rows=105 width=4)
	  Index Cond: ((k >= 4476165) AND (k <= 4476265))

table 7 : explain SELECT k FROM sbtest7 WHERE k BETWEEN 4476165 AND 4476265
	Index Only Scan using k_7 on sbtest7  (cost=0.43..6.69 rows=113 width=4)
	  Index Cond: ((k >= 4476165) AND (k <= 4476265))

table 8 : explain SELECT k FROM sbtest8 WHERE k BETWEEN 4476165 AND 4476265
	Index Only Scan using k_8 on sbtest8  (cost=0.43..6.33 rows=95 width=4)
	  Index Cond: ((k >= 4476165) AND (k <= 4476265))

explain: for range-covered :: explain SELECT k FROM sbtest%d WHERE k BETWEEN 7001064 AND 7001164
explain: for range-covered :: explain SELECT k FROM sbtest%d WHERE k BETWEEN 4476165 AND 4476265
for range-covered
table 1 : explain SELECT k FROM sbtest1 WHERE k BETWEEN 3419172 AND 3419272
	Index Only Scan using k_1 on sbtest1  (cost=0.43..6.37 rows=97 width=4)
	  Index Cond: ((k >= 3419172) AND (k <= 3419272))

table 2 : explain SELECT k FROM sbtest2 WHERE k BETWEEN 3419172 AND 3419272
	Index Only Scan using k_2 on sbtest2  (cost=0.43..6.66 rows=111 width=4)
	  Index Cond: ((k >= 3419172) AND (k <= 3419272))

table 3 : explain SELECT k FROM sbtest3 WHERE k BETWEEN 3419172 AND 3419272
	Index Only Scan using k_3 on sbtest3  (cost=0.43..6.53 rows=105 width=4)
	  Index Cond: ((k >= 3419172) AND (k <= 3419272))

table 4 : explain SELECT k FROM sbtest4 WHERE k BETWEEN 3419172 AND 3419272
	Index Only Scan using k_4 on sbtest4  (cost=0.43..6.45 rows=101 width=4)
	  Index Cond: ((k >= 3419172) AND (k <= 3419272))

table 5 : explain SELECT k FROM sbtest5 WHERE k BETWEEN 3419172 AND 3419272
	Index Only Scan using k_5 on sbtest5  (cost=0.43..6.43 rows=100 width=4)
	  Index Cond: ((k >= 3419172) AND (k <= 3419272))

table 6 : explain SELECT k FROM sbtest6 WHERE k BETWEEN 3419172 AND 3419272
	Index Only Scan using k_6 on sbtest6  (cost=0.43..6.56 rows=106 width=4)
	  Index Cond: ((k >= 3419172) AND (k <= 3419272))

table 7 : explain SELECT k FROM sbtest7 WHERE k BETWEEN 3419172 AND 3419272
	Index Only Scan using k_7 on sbtest7  (cost=0.43..6.51 rows=104 width=4)
	  Index Cond: ((k >= 3419172) AND (k <= 3419272))

table 8 : explain SELECT k FROM sbtest8 WHERE k BETWEEN 3419172 AND 3419272
	Index Only Scan using k_8 on sbtest8  (cost=0.43..6.47 rows=102 width=4)
	  Index Cond: ((k >= 3419172) AND (k <= 3419272))

for range-covered
table 1 : explain SELECT k FROM sbtest1 WHERE k BETWEEN 7827228 AND 7827328
	Index Only Scan using k_1 on sbtest1  (cost=0.43..6.58 rows=107 width=4)
	  Index Cond: ((k >= 7827228) AND (k <= 7827328))

table 2 : explain SELECT k FROM sbtest2 WHERE k BETWEEN 7827228 AND 7827328
	Index Only Scan using k_2 on sbtest2  (cost=0.43..6.25 rows=91 width=4)
	  Index Cond: ((k >= 7827228) AND (k <= 7827328))

table 3 : explain SELECT k FROM sbtest3 WHERE k BETWEEN 7827228 AND 7827328
	Index Only Scan using k_3 on sbtest3  (cost=0.43..6.50 rows=103 width=4)
	  Index Cond: ((k >= 7827228) AND (k <= 7827328))

table 4 : explain SELECT k FROM sbtest4 WHERE k BETWEEN 7827228 AND 7827328
	Index Only Scan using k_4 on sbtest4  (cost=0.43..6.42 rows=99 width=4)
	  Index Cond: ((k >= 7827228) AND (k <= 7827328))

table 5 : explain SELECT k FROM sbtest5 WHERE k BETWEEN 7827228 AND 7827328
	Index Only Scan using k_5 on sbtest5  (cost=0.43..6.66 rows=111 width=4)
	  Index Cond: ((k >= 7827228) AND (k <= 7827328))

table 6 : explain SELECT k FROM sbtest6 WHERE k BETWEEN 7827228 AND 7827328
	Index Only Scan using k_6 on sbtest6  (cost=0.43..6.42 rows=99 width=4)
	  Index Cond: ((k >= 7827228) AND (k <= 7827328))

table 7 : explain SELECT k FROM sbtest7 WHERE k BETWEEN 7827228 AND 7827328
	Index Only Scan using k_7 on sbtest7  (cost=0.43..6.66 rows=111 width=4)
	  Index Cond: ((k >= 7827228) AND (k <= 7827328))

table 8 : explain SELECT k FROM sbtest8 WHERE k BETWEEN 7827228 AND 7827328
	Index Only Scan using k_8 on sbtest8  (cost=0.43..6.77 rows=117 width=4)
	  Index Cond: ((k >= 7827228) AND (k <= 7827328))

explain: for range-covered :: explain SELECT k FROM sbtest%d WHERE k BETWEEN 3419172 AND 3419272
for range-covered
table 1 : explain SELECT k FROM sbtest1 WHERE k BETWEEN 7403388 AND 7403488
	Index Only Scan using k_1 on sbtest1  (cost=0.43..6.53 rows=105 width=4)
	  Index Cond: ((k >= 7403388) AND (k <= 7403488))

table 2 : explain SELECT k FROM sbtest2 WHERE k BETWEEN 7403388 AND 7403488
	Index Only Scan using k_2 on sbtest2  (cost=0.43..6.53 rows=105 width=4)
	  Index Cond: ((k >= 7403388) AND (k <= 7403488))

table 3 : explain SELECT k FROM sbtest3 WHERE k BETWEEN 7403388 AND 7403488
	Index Only Scan using k_3 on sbtest3  (cost=0.43..6.50 rows=103 width=4)
	  Index Cond: ((k >= 7403388) AND (k <= 7403488))

table 4 : explain SELECT k FROM sbtest4 WHERE k BETWEEN 7403388 AND 7403488
	Index Only Scan using k_4 on sbtest4  (cost=0.43..6.59 rows=108 width=4)
	  Index Cond: ((k >= 7403388) AND (k <= 7403488))

table 5 : explain SELECT k FROM sbtest5 WHERE k BETWEEN 7403388 AND 7403488
	Index Only Scan using k_5 on sbtest5  (cost=0.43..6.27 rows=92 width=4)
	  Index Cond: ((k >= 7403388) AND (k <= 7403488))

table 6 : explain SELECT k FROM sbtest6 WHERE k BETWEEN 7403388 AND 7403488
	Index Only Scan using k_6 on sbtest6  (cost=0.43..6.51 rows=104 width=4)
	  Index Cond: ((k >= 7403388) AND (k <= 7403488))

table 7 : explain SELECT k FROM sbtest7 WHERE k BETWEEN 7403388 AND 7403488
	Index Only Scan using k_7 on sbtest7  (cost=0.43..6.50 rows=103 width=4)
	  Index Cond: ((k >= 7403388) AND (k <= 7403488))

table 8 : explain SELECT k FROM sbtest8 WHERE k BETWEEN 7403388 AND 7403488
	Index Only Scan using k_8 on sbtest8  (cost=0.43..6.37 rows=97 width=4)
	  Index Cond: ((k >= 7403388) AND (k <= 7403488))

for range-covered
table 1 : explain SELECT k FROM sbtest1 WHERE k BETWEEN 5270709 AND 5270809
	Index Only Scan using k_1 on sbtest1  (cost=0.43..6.63 rows=110 width=4)
	  Index Cond: ((k >= 5270709) AND (k <= 5270809))

table 2 : explain SELECT k FROM sbtest2 WHERE k BETWEEN 5270709 AND 5270809
	Index Only Scan using k_2 on sbtest2  (cost=0.43..6.40 rows=98 width=4)
	  Index Cond: ((k >= 5270709) AND (k <= 5270809))

table 3 : explain SELECT k FROM sbtest3 WHERE k BETWEEN 5270709 AND 5270809
	Index Only Scan using k_3 on sbtest3  (cost=0.43..6.37 rows=97 width=4)
	  Index Cond: ((k >= 5270709) AND (k <= 5270809))

table 4 : explain SELECT k FROM sbtest4 WHERE k BETWEEN 5270709 AND 5270809
	Index Only Scan using k_4 on sbtest4  (cost=0.43..6.42 rows=99 width=4)
	  Index Cond: ((k >= 5270709) AND (k <= 5270809))

table 5 : explain SELECT k FROM sbtest5 WHERE k BETWEEN 5270709 AND 5270809
	Index Only Scan using k_5 on sbtest5  (cost=0.43..6.63 rows=110 width=4)
	  Index Cond: ((k >= 5270709) AND (k <= 5270809))

table 6 : explain SELECT k FROM sbtest6 WHERE k BETWEEN 5270709 AND 5270809
	Index Only Scan using k_6 on sbtest6  (cost=0.43..6.45 rows=101 width=4)
	  Index Cond: ((k >= 5270709) AND (k <= 5270809))

table 7 : explain SELECT k FROM sbtest7 WHERE k BETWEEN 5270709 AND 5270809
	Index Only Scan using k_7 on sbtest7  (cost=0.43..6.56 rows=106 width=4)
	  Index Cond: ((k >= 5270709) AND (k <= 5270809))

table 8 : explain SELECT k FROM sbtest8 WHERE k BETWEEN 5270709 AND 5270809
	Index Only Scan using k_8 on sbtest8  (cost=0.43..6.40 rows=98 width=4)
	  Index Cond: ((k >= 5270709) AND (k <= 5270809))
for range-covered
table 1 : explain SELECT k FROM sbtest1 WHERE k BETWEEN 5926643 AND 5926743
	Index Only Scan using k_1 on sbtest1  (cost=0.43..6.59 rows=108 width=4)
	  Index Cond: ((k >= 5926643) AND (k <= 5926743))

table 2 : explain SELECT k FROM sbtest2 WHERE k BETWEEN 5926643 AND 5926743
	Index Only Scan using k_2 on sbtest2  (cost=0.43..6.33 rows=95 width=4)
	  Index Cond: ((k >= 5926643) AND (k <= 5926743))

table 3 : explain SELECT k FROM sbtest3 WHERE k BETWEEN 5926643 AND 5926743
	Index Only Scan using k_3 on sbtest3  (cost=0.43..6.58 rows=107 width=4)
	  Index Cond: ((k >= 5926643) AND (k <= 5926743))

table 4 : explain SELECT k FROM sbtest4 WHERE k BETWEEN 5926643 AND 5926743
	Index Only Scan using k_4 on sbtest4  (cost=0.43..6.43 rows=100 width=4)
	  Index Cond: ((k >= 5926643) AND (k <= 5926743))

table 5 : explain SELECT k FROM sbtest5 WHERE k BETWEEN 5926643 AND 5926743
	Index Only Scan using k_5 on sbtest5  (cost=0.43..6.35 rows=96 width=4)
	  Index Cond: ((k >= 5926643) AND (k <= 5926743))

table 6 : explain SELECT k FROM sbtest6 WHERE k BETWEEN 5926643 AND 5926743
	Index Only Scan using k_6 on sbtest6  (cost=0.43..6.58 rows=107 width=4)
	  Index Cond: ((k >= 5926643) AND (k <= 5926743))

table 7 : explain SELECT k FROM sbtest7 WHERE k BETWEEN 5926643 AND 5926743
	Index Only Scan using k_7 on sbtest7  (cost=0.43..6.40 rows=98 width=4)
	  Index Cond: ((k >= 5926643) AND (k <= 5926743))

table 8 : explain SELECT k FROM sbtest8 WHERE k BETWEEN 5926643 AND 5926743
	Index Only Scan using k_8 on sbtest8  (cost=0.43..6.45 rows=101 width=4)
	  Index Cond: ((k >= 5926643) AND (k <= 5926743))


explain: for range-covered :: explain SELECT k FROM sbtest%d WHERE k BETWEEN 7403388 AND 7403488
explain: for range-covered :: explain SELECT k FROM sbtest%d WHERE k BETWEEN 7827228 AND 7827328
explain: for range-covered :: explain SELECT k FROM sbtest%d WHERE k BETWEEN 5926643 AND 5926743
for range-covered
table 1 : explain SELECT k FROM sbtest1 WHERE k BETWEEN 3488410 AND 3488510
	Index Only Scan using k_1 on sbtest1  (cost=0.43..6.51 rows=104 width=4)
	  Index Cond: ((k >= 3488410) AND (k <= 3488510))

table 2 : explain SELECT k FROM sbtest2 WHERE k BETWEEN 3488410 AND 3488510
	Index Only Scan using k_2 on sbtest2  (cost=0.43..6.66 rows=111 width=4)
	  Index Cond: ((k >= 3488410) AND (k <= 3488510))

table 3 : explain SELECT k FROM sbtest3 WHERE k BETWEEN 3488410 AND 3488510
	Index Only Scan using k_3 on sbtest3  (cost=0.43..6.51 rows=104 width=4)
	  Index Cond: ((k >= 3488410) AND (k <= 3488510))

table 4 : explain SELECT k FROM sbtest4 WHERE k BETWEEN 3488410 AND 3488510
	Index Only Scan using k_4 on sbtest4  (cost=0.43..6.47 rows=102 width=4)
	  Index Cond: ((k >= 3488410) AND (k <= 3488510))

table 5 : explain SELECT k FROM sbtest5 WHERE k BETWEEN 3488410 AND 3488510
	Index Only Scan using k_5 on sbtest5  (cost=0.43..6.43 rows=100 width=4)
	  Index Cond: ((k >= 3488410) AND (k <= 3488510))

table 6 : explain SELECT k FROM sbtest6 WHERE k BETWEEN 3488410 AND 3488510
	Index Only Scan using k_6 on sbtest6  (cost=0.43..6.51 rows=104 width=4)
	  Index Cond: ((k >= 3488410) AND (k <= 3488510))

table 7 : explain SELECT k FROM sbtest7 WHERE k BETWEEN 3488410 AND 3488510
	Index Only Scan using k_7 on sbtest7  (cost=0.43..6.47 rows=102 width=4)
	  Index Cond: ((k >= 3488410) AND (k <= 3488510))

table 8 : explain SELECT k FROM sbtest8 WHERE k BETWEEN 3488410 AND 3488510
	Index Only Scan using k_8 on sbtest8  (cost=0.43..6.59 rows=108 width=4)
	  Index Cond: ((k >= 3488410) AND (k <= 3488510))

explain: for range-covered :: explain SELECT k FROM sbtest%d WHERE k BETWEEN 3488410 AND 3488510
for range-covered
table 1 : explain SELECT k FROM sbtest1 WHERE k BETWEEN 3865408 AND 3865508
	Index Only Scan using k_1 on sbtest1  (cost=0.43..6.47 rows=102 width=4)
	  Index Cond: ((k >= 3865408) AND (k <= 3865508))

table 2 : explain SELECT k FROM sbtest2 WHERE k BETWEEN 3865408 AND 3865508
	Index Only Scan using k_2 on sbtest2  (cost=0.43..6.59 rows=108 width=4)
	  Index Cond: ((k >= 3865408) AND (k <= 3865508))

table 3 : explain SELECT k FROM sbtest3 WHERE k BETWEEN 3865408 AND 3865508
	Index Only Scan using k_3 on sbtest3  (cost=0.43..6.37 rows=97 width=4)
	  Index Cond: ((k >= 3865408) AND (k <= 3865508))

table 4 : explain SELECT k FROM sbtest4 WHERE k BETWEEN 3865408 AND 3865508
	Index Only Scan using k_4 on sbtest4  (cost=0.43..6.37 rows=97 width=4)
	  Index Cond: ((k >= 3865408) AND (k <= 3865508))

table 5 : explain SELECT k FROM sbtest5 WHERE k BETWEEN 3865408 AND 3865508
	Index Only Scan using k_5 on sbtest5  (cost=0.43..6.29 rows=93 width=4)
	  Index Cond: ((k >= 3865408) AND (k <= 3865508))

table 6 : explain SELECT k FROM sbtest6 WHERE k BETWEEN 3865408 AND 3865508
	Index Only Scan using k_6 on sbtest6  (cost=0.43..6.40 rows=98 width=4)
	  Index Cond: ((k >= 3865408) AND (k <= 3865508))

table 7 : explain SELECT k FROM sbtest7 WHERE k BETWEEN 3865408 AND 3865508
	Index Only Scan using k_7 on sbtest7  (cost=0.43..6.45 rows=101 width=4)
	  Index Cond: ((k >= 3865408) AND (k <= 3865508))

table 8 : explain SELECT k FROM sbtest8 WHERE k BETWEEN 3865408 AND 3865508
	Index Only Scan using k_8 on sbtest8  (cost=0.43..6.51 rows=104 width=4)
	  Index Cond: ((k >= 3865408) AND (k <= 3865508))

for range-covered
table 1 : explain SELECT k FROM sbtest1 WHERE k BETWEEN 5575402 AND 5575502
	Index Only Scan using k_1 on sbtest1  (cost=0.43..6.51 rows=104 width=4)
	  Index Cond: ((k >= 5575402) AND (k <= 5575502))

table 2 : explain SELECT k FROM sbtest2 WHERE k BETWEEN 5575402 AND 5575502
	Index Only Scan using k_2 on sbtest2  (cost=0.43..6.43 rows=100 width=4)
	  Index Cond: ((k >= 5575402) AND (k <= 5575502))

table 3 : explain SELECT k FROM sbtest3 WHERE k BETWEEN 5575402 AND 5575502
	Index Only Scan using k_3 on sbtest3  (cost=0.43..6.63 rows=110 width=4)
	  Index Cond: ((k >= 5575402) AND (k <= 5575502))

table 4 : explain SELECT k FROM sbtest4 WHERE k BETWEEN 5575402 AND 5575502
	Index Only Scan using k_4 on sbtest4  (cost=0.43..6.47 rows=102 width=4)
	  Index Cond: ((k >= 5575402) AND (k <= 5575502))

table 5 : explain SELECT k FROM sbtest5 WHERE k BETWEEN 5575402 AND 5575502
	Index Only Scan using k_5 on sbtest5  (cost=0.43..6.75 rows=116 width=4)
	  Index Cond: ((k >= 5575402) AND (k <= 5575502))

table 6 : explain SELECT k FROM sbtest6 WHERE k BETWEEN 5575402 AND 5575502
	Index Only Scan using k_6 on sbtest6  (cost=0.43..6.51 rows=104 width=4)
	  Index Cond: ((k >= 5575402) AND (k <= 5575502))

table 7 : explain SELECT k FROM sbtest7 WHERE k BETWEEN 5575402 AND 5575502
	Index Only Scan using k_7 on sbtest7  (cost=0.43..6.58 rows=107 width=4)
	  Index Cond: ((k >= 5575402) AND (k <= 5575502))

table 8 : explain SELECT k FROM sbtest8 WHERE k BETWEEN 5575402 AND 5575502
	Index Only Scan using k_8 on sbtest8  (cost=0.43..6.40 rows=98 width=4)
	  Index Cond: ((k >= 5575402) AND (k <= 5575502))

explain: for range-covered :: explain SELECT k FROM sbtest%d WHERE k BETWEEN 5575402 AND 5575502
for range-covered
table 1 : explain SELECT k FROM sbtest1 WHERE k BETWEEN 7001064 AND 7001164
	Index Only Scan using k_1 on sbtest1  (cost=0.43..6.51 rows=104 width=4)
	  Index Cond: ((k >= 7001064) AND (k <= 7001164))

table 2 : explain SELECT k FROM sbtest2 WHERE k BETWEEN 7001064 AND 7001164
	Index Only Scan using k_2 on sbtest2  (cost=0.43..6.35 rows=96 width=4)
	  Index Cond: ((k >= 7001064) AND (k <= 7001164))

table 3 : explain SELECT k FROM sbtest3 WHERE k BETWEEN 7001064 AND 7001164
	Index Only Scan using k_3 on sbtest3  (cost=0.43..6.35 rows=96 width=4)
	  Index Cond: ((k >= 7001064) AND (k <= 7001164))

table 4 : explain SELECT k FROM sbtest4 WHERE k BETWEEN 7001064 AND 7001164
	Index Only Scan using k_4 on sbtest4  (cost=0.43..6.47 rows=102 width=4)
	  Index Cond: ((k >= 7001064) AND (k <= 7001164))

table 5 : explain SELECT k FROM sbtest5 WHERE k BETWEEN 7001064 AND 7001164
	Index Only Scan using k_5 on sbtest5  (cost=0.43..6.47 rows=102 width=4)
	  Index Cond: ((k >= 7001064) AND (k <= 7001164))

table 6 : explain SELECT k FROM sbtest6 WHERE k BETWEEN 7001064 AND 7001164
	Index Only Scan using k_6 on sbtest6  (cost=0.43..6.37 rows=97 width=4)
	  Index Cond: ((k >= 7001064) AND (k <= 7001164))

table 7 : explain SELECT k FROM sbtest7 WHERE k BETWEEN 7001064 AND 7001164
	Index Only Scan using k_7 on sbtest7  (cost=0.43..6.43 rows=100 width=4)
	  Index Cond: ((k >= 7001064) AND (k <= 7001164))

table 8 : explain SELECT k FROM sbtest8 WHERE k BETWEEN 7001064 AND 7001164
	Index Only Scan using k_8 on sbtest8  (cost=0.43..6.56 rows=106 width=4)
	  Index Cond: ((k >= 7001064) AND (k <= 7001164))

for range-covered
table 1 : explain SELECT k FROM sbtest1 WHERE k BETWEEN 4083324 AND 4083424
	Index Only Scan using k_1 on sbtest1  (cost=0.43..6.47 rows=102 width=4)
	  Index Cond: ((k >= 4083324) AND (k <= 4083424))

table 2 : explain SELECT k FROM sbtest2 WHERE k BETWEEN 4083324 AND 4083424
	Index Only Scan using k_2 on sbtest2  (cost=0.43..6.47 rows=102 width=4)
	  Index Cond: ((k >= 4083324) AND (k <= 4083424))

table 3 : explain SELECT k FROM sbtest3 WHERE k BETWEEN 4083324 AND 4083424
	Index Only Scan using k_3 on sbtest3  (cost=0.43..6.45 rows=101 width=4)
	  Index Cond: ((k >= 4083324) AND (k <= 4083424))

table 4 : explain SELECT k FROM sbtest4 WHERE k BETWEEN 4083324 AND 4083424
	Index Only Scan using k_4 on sbtest4  (cost=0.43..6.37 rows=97 width=4)
	  Index Cond: ((k >= 4083324) AND (k <= 4083424))

table 5 : explain SELECT k FROM sbtest5 WHERE k BETWEEN 4083324 AND 4083424
	Index Only Scan using k_5 on sbtest5  (cost=0.43..6.47 rows=102 width=4)
	  Index Cond: ((k >= 4083324) AND (k <= 4083424))

table 6 : explain SELECT k FROM sbtest6 WHERE k BETWEEN 4083324 AND 4083424
	Index Only Scan using k_6 on sbtest6  (cost=0.43..6.43 rows=100 width=4)
	  Index Cond: ((k >= 4083324) AND (k <= 4083424))

table 7 : explain SELECT k FROM sbtest7 WHERE k BETWEEN 4083324 AND 4083424
	Index Only Scan using k_7 on sbtest7  (cost=0.43..6.50 rows=103 width=4)
	  Index Cond: ((k >= 4083324) AND (k <= 4083424))

table 8 : explain SELECT k FROM sbtest8 WHERE k BETWEEN 4083324 AND 4083424
	Index Only Scan using k_8 on sbtest8  (cost=0.43..6.42 rows=99 width=4)
	  Index Cond: ((k >= 4083324) AND (k <= 4083424))

for range-covered
table 1 : explain SELECT k FROM sbtest1 WHERE k BETWEEN 967989 AND 968089
	Index Only Scan using k_1 on sbtest1  (cost=0.43..6.58 rows=107 width=4)
	  Index Cond: ((k >= 967989) AND (k <= 968089))

table 2 : explain SELECT k FROM sbtest2 WHERE k BETWEEN 967989 AND 968089
	Index Only Scan using k_2 on sbtest2  (cost=0.43..6.35 rows=96 width=4)
	  Index Cond: ((k >= 967989) AND (k <= 968089))

table 3 : explain SELECT k FROM sbtest3 WHERE k BETWEEN 967989 AND 968089
	Index Only Scan using k_3 on sbtest3  (cost=0.43..6.53 rows=105 width=4)
	  Index Cond: ((k >= 967989) AND (k <= 968089))

table 4 : explain SELECT k FROM sbtest4 WHERE k BETWEEN 967989 AND 968089
	Index Only Scan using k_4 on sbtest4  (cost=0.43..6.37 rows=97 width=4)
	  Index Cond: ((k >= 967989) AND (k <= 968089))

table 5 : explain SELECT k FROM sbtest5 WHERE k BETWEEN 967989 AND 968089
	Index Only Scan using k_5 on sbtest5  (cost=0.43..6.50 rows=103 width=4)
	  Index Cond: ((k >= 967989) AND (k <= 968089))

table 6 : explain SELECT k FROM sbtest6 WHERE k BETWEEN 967989 AND 968089
	Index Only Scan using k_6 on sbtest6  (cost=0.43..6.29 rows=93 width=4)
	  Index Cond: ((k >= 967989) AND (k <= 968089))

table 7 : explain SELECT k FROM sbtest7 WHERE k BETWEEN 967989 AND 968089
	Index Only Scan using k_7 on sbtest7  (cost=0.43..6.51 rows=104 width=4)
	  Index Cond: ((k >= 967989) AND (k <= 968089))

table 8 : explain SELECT k FROM sbtest8 WHERE k BETWEEN 967989 AND 968089
	Index Only Scan using k_8 on sbtest8  (cost=0.43..6.43 rows=100 width=4)
	  Index Cond: ((k >= 967989) AND (k <= 968089))

explain: for range-covered :: explain SELECT k FROM sbtest%d WHERE k BETWEEN 7001064 AND 7001164
explain: for range-covered :: explain SELECT k FROM sbtest%d WHERE k BETWEEN 4083324 AND 4083424
explain: for range-covered :: explain SELECT k FROM sbtest%d WHERE k BETWEEN 967989 AND 968089
for range-covered
table 1 : explain SELECT k FROM sbtest1 WHERE k BETWEEN 3419172 AND 3419272
	Index Only Scan using k_1 on sbtest1  (cost=0.43..6.37 rows=97 width=4)
	  Index Cond: ((k >= 3419172) AND (k <= 3419272))

table 2 : explain SELECT k FROM sbtest2 WHERE k BETWEEN 3419172 AND 3419272
	Index Only Scan using k_2 on sbtest2  (cost=0.43..6.66 rows=111 width=4)
	  Index Cond: ((k >= 3419172) AND (k <= 3419272))

table 3 : explain SELECT k FROM sbtest3 WHERE k BETWEEN 3419172 AND 3419272
	Index Only Scan using k_3 on sbtest3  (cost=0.43..6.53 rows=105 width=4)
	  Index Cond: ((k >= 3419172) AND (k <= 3419272))

table 4 : explain SELECT k FROM sbtest4 WHERE k BETWEEN 3419172 AND 3419272
	Index Only Scan using k_4 on sbtest4  (cost=0.43..6.45 rows=101 width=4)
	  Index Cond: ((k >= 3419172) AND (k <= 3419272))

table 5 : explain SELECT k FROM sbtest5 WHERE k BETWEEN 3419172 AND 3419272
	Index Only Scan using k_5 on sbtest5  (cost=0.43..6.43 rows=100 width=4)
	  Index Cond: ((k >= 3419172) AND (k <= 3419272))

table 6 : explain SELECT k FROM sbtest6 WHERE k BETWEEN 3419172 AND 3419272
	Index Only Scan using k_6 on sbtest6  (cost=0.43..6.56 rows=106 width=4)
	  Index Cond: ((k >= 3419172) AND (k <= 3419272))

table 7 : explain SELECT k FROM sbtest7 WHERE k BETWEEN 3419172 AND 3419272
	Index Only Scan using k_7 on sbtest7  (cost=0.43..6.51 rows=104 width=4)
	  Index Cond: ((k >= 3419172) AND (k <= 3419272))

table 8 : explain SELECT k FROM sbtest8 WHERE k BETWEEN 3419172 AND 3419272
	Index Only Scan using k_8 on sbtest8  (cost=0.43..6.47 rows=102 width=4)
	  Index Cond: ((k >= 3419172) AND (k <= 3419272))

explain: for range-covered :: explain SELECT k FROM sbtest%d WHERE k BETWEEN 3419172 AND 3419272
for range-covered
table 1 : explain SELECT k FROM sbtest1 WHERE k BETWEEN 7403388 AND 7403488
	Index Only Scan using k_1 on sbtest1  (cost=0.43..6.53 rows=105 width=4)
	  Index Cond: ((k >= 7403388) AND (k <= 7403488))

table 2 : explain SELECT k FROM sbtest2 WHERE k BETWEEN 7403388 AND 7403488
	Index Only Scan using k_2 on sbtest2  (cost=0.43..6.53 rows=105 width=4)
	  Index Cond: ((k >= 7403388) AND (k <= 7403488))

table 3 : explain SELECT k FROM sbtest3 WHERE k BETWEEN 7403388 AND 7403488
	Index Only Scan using k_3 on sbtest3  (cost=0.43..6.50 rows=103 width=4)
	  Index Cond: ((k >= 7403388) AND (k <= 7403488))

table 4 : explain SELECT k FROM sbtest4 WHERE k BETWEEN 7403388 AND 7403488
	Index Only Scan using k_4 on sbtest4  (cost=0.43..6.59 rows=108 width=4)
	  Index Cond: ((k >= 7403388) AND (k <= 7403488))

table 5 : explain SELECT k FROM sbtest5 WHERE k BETWEEN 7403388 AND 7403488
	Index Only Scan using k_5 on sbtest5  (cost=0.43..6.27 rows=92 width=4)
	  Index Cond: ((k >= 7403388) AND (k <= 7403488))

table 6 : explain SELECT k FROM sbtest6 WHERE k BETWEEN 7403388 AND 7403488
	Index Only Scan using k_6 on sbtest6  (cost=0.43..6.51 rows=104 width=4)
	  Index Cond: ((k >= 7403388) AND (k <= 7403488))

table 7 : explain SELECT k FROM sbtest7 WHERE k BETWEEN 7403388 AND 7403488
	Index Only Scan using k_7 on sbtest7  (cost=0.43..6.50 rows=103 width=4)
	  Index Cond: ((k >= 7403388) AND (k <= 7403488))

table 8 : explain SELECT k FROM sbtest8 WHERE k BETWEEN 7403388 AND 7403488
	Index Only Scan using k_8 on sbtest8  (cost=0.43..6.37 rows=97 width=4)
	  Index Cond: ((k >= 7403388) AND (k <= 7403488))

for range-covered
table 1 : explain SELECT k FROM sbtest1 WHERE k BETWEEN 7827228 AND 7827328
	Index Only Scan using k_1 on sbtest1  (cost=0.43..6.58 rows=107 width=4)
	  Index Cond: ((k >= 7827228) AND (k <= 7827328))

table 2 : explain SELECT k FROM sbtest2 WHERE k BETWEEN 7827228 AND 7827328
	Index Only Scan using k_2 on sbtest2  (cost=0.43..6.25 rows=91 width=4)
	  Index Cond: ((k >= 7827228) AND (k <= 7827328))

table 3 : explain SELECT k FROM sbtest3 WHERE k BETWEEN 7827228 AND 7827328
	Index Only Scan using k_3 on sbtest3  (cost=0.43..6.50 rows=103 width=4)
	  Index Cond: ((k >= 7827228) AND (k <= 7827328))

table 4 : explain SELECT k FROM sbtest4 WHERE k BETWEEN 7827228 AND 7827328
	Index Only Scan using k_4 on sbtest4  (cost=0.43..6.42 rows=99 width=4)
	  Index Cond: ((k >= 7827228) AND (k <= 7827328))

table 5 : explain SELECT k FROM sbtest5 WHERE k BETWEEN 7827228 AND 7827328
	Index Only Scan using k_5 on sbtest5  (cost=0.43..6.66 rows=111 width=4)
	  Index Cond: ((k >= 7827228) AND (k <= 7827328))

table 6 : explain SELECT k FROM sbtest6 WHERE k BETWEEN 7827228 AND 7827328
	Index Only Scan using k_6 on sbtest6  (cost=0.43..6.42 rows=99 width=4)
	  Index Cond: ((k >= 7827228) AND (k <= 7827328))

table 7 : explain SELECT k FROM sbtest7 WHERE k BETWEEN 7827228 AND 7827328
	Index Only Scan using k_7 on sbtest7  (cost=0.43..6.66 rows=111 width=4)
	  Index Cond: ((k >= 7827228) AND (k <= 7827328))

table 8 : explain SELECT k FROM sbtest8 WHERE k BETWEEN 7827228 AND 7827328
	Index Only Scan using k_8 on sbtest8  (cost=0.43..6.77 rows=117 width=4)
	  Index Cond: ((k >= 7827228) AND (k <= 7827328))

for range-covered
table 1 : explain SELECT k FROM sbtest1 WHERE k BETWEEN 5926643 AND 5926743
	Index Only Scan using k_1 on sbtest1  (cost=0.43..6.59 rows=108 width=4)
	  Index Cond: ((k >= 5926643) AND (k <= 5926743))

table 2 : explain SELECT k FROM sbtest2 WHERE k BETWEEN 5926643 AND 5926743
	Index Only Scan using k_2 on sbtest2  (cost=0.43..6.33 rows=95 width=4)
	  Index Cond: ((k >= 5926643) AND (k <= 5926743))

table 3 : explain SELECT k FROM sbtest3 WHERE k BETWEEN 5926643 AND 5926743
	Index Only Scan using k_3 on sbtest3  (cost=0.43..6.58 rows=107 width=4)
	  Index Cond: ((k >= 5926643) AND (k <= 5926743))

table 4 : explain SELECT k FROM sbtest4 WHERE k BETWEEN 5926643 AND 5926743
	Index Only Scan using k_4 on sbtest4  (cost=0.43..6.43 rows=100 width=4)
	  Index Cond: ((k >= 5926643) AND (k <= 5926743))

table 5 : explain SELECT k FROM sbtest5 WHERE k BETWEEN 5926643 AND 5926743
	Index Only Scan using k_5 on sbtest5  (cost=0.43..6.35 rows=96 width=4)
	  Index Cond: ((k >= 5926643) AND (k <= 5926743))

table 6 : explain SELECT k FROM sbtest6 WHERE k BETWEEN 5926643 AND 5926743
	Index Only Scan using k_6 on sbtest6  (cost=0.43..6.58 rows=107 width=4)
	  Index Cond: ((k >= 5926643) AND (k <= 5926743))

table 7 : explain SELECT k FROM sbtest7 WHERE k BETWEEN 5926643 AND 5926743
	Index Only Scan using k_7 on sbtest7  (cost=0.43..6.40 rows=98 width=4)
	  Index Cond: ((k >= 5926643) AND (k <= 5926743))

table 8 : explain SELECT k FROM sbtest8 WHERE k BETWEEN 5926643 AND 5926743
	Index Only Scan using k_8 on sbtest8  (cost=0.43..6.45 rows=101 width=4)
	  Index Cond: ((k >= 5926643) AND (k <= 5926743))

explain: for range-covered :: explain SELECT k FROM sbtest%d WHERE k BETWEEN 7827228 AND 7827328
explain: for range-covered :: explain SELECT k FROM sbtest%d WHERE k BETWEEN 5926643 AND 5926743for range-covered
table 1 : explain SELECT k FROM sbtest1 WHERE k BETWEEN 4476165 AND 4476265
	Index Only Scan using k_1 on sbtest1  (cost=0.43..6.61 rows=109 width=4)
	  Index Cond: ((k >= 4476165) AND (k <= 4476265))

table 2 : explain SELECT k FROM sbtest2 WHERE k BETWEEN 4476165 AND 4476265
	Index Only Scan using k_2 on sbtest2  (cost=0.43..6.43 rows=100 width=4)
	  Index Cond: ((k >= 4476165) AND (k <= 4476265))

table 3 : explain SELECT k FROM sbtest3 WHERE k BETWEEN 4476165 AND 4476265
	Index Only Scan using k_3 on sbtest3  (cost=0.43..6.51 rows=104 width=4)
	  Index Cond: ((k >= 4476165) AND (k <= 4476265))

table 4 : explain SELECT k FROM sbtest4 WHERE k BETWEEN 4476165 AND 4476265
	Index Only Scan using k_4 on sbtest4  (cost=0.43..6.56 rows=106 width=4)
	  Index Cond: ((k >= 4476165) AND (k <= 4476265))

table 5 : explain SELECT k FROM sbtest5 WHERE k BETWEEN 4476165 AND 4476265
	Index Only Scan using k_5 on sbtest5  (cost=0.43..6.61 rows=109 width=4)
	  Index Cond: ((k >= 4476165) AND (k <= 4476265))

table 6 : explain SELECT k FROM sbtest6 WHERE k BETWEEN 4476165 AND 4476265
	Index Only Scan using k_6 on sbtest6  (cost=0.43..6.53 rows=105 width=4)
	  Index Cond: ((k >= 4476165) AND (k <= 4476265))

table 7 : explain SELECT k FROM sbtest7 WHERE k BETWEEN 4476165 AND 4476265
	Index Only Scan using k_7 on sbtest7  (cost=0.43..6.69 rows=113 width=4)
	  Index Cond: ((k >= 4476165) AND (k <= 4476265))

table 8 : explain SELECT k FROM sbtest8 WHERE k BETWEEN 4476165 AND 4476265
	Index Only Scan using k_8 on sbtest8  (cost=0.43..6.33 rows=95 width=4)
	  Index Cond: ((k >= 4476165) AND (k <= 4476265))


for range-covered
table 1 : explain SELECT k FROM sbtest1 WHERE k BETWEEN 3488410 AND 3488510
	Index Only Scan using k_1 on sbtest1  (cost=0.43..6.51 rows=104 width=4)
	  Index Cond: ((k >= 3488410) AND (k <= 3488510))

table 2 : explain SELECT k FROM sbtest2 WHERE k BETWEEN 3488410 AND 3488510
	Index Only Scan using k_2 on sbtest2  (cost=0.43..6.66 rows=111 width=4)
	  Index Cond: ((k >= 3488410) AND (k <= 3488510))

table 3 : explain SELECT k FROM sbtest3 WHERE k BETWEEN 3488410 AND 3488510
	Index Only Scan using k_3 on sbtest3  (cost=0.43..6.51 rows=104 width=4)
	  Index Cond: ((k >= 3488410) AND (k <= 3488510))

table 4 : explain SELECT k FROM sbtest4 WHERE k BETWEEN 3488410 AND 3488510
	Index Only Scan using k_4 on sbtest4  (cost=0.43..6.47 rows=102 width=4)
	  Index Cond: ((k >= 3488410) AND (k <= 3488510))

table 5 : explain SELECT k FROM sbtest5 WHERE k BETWEEN 3488410 AND 3488510
	Index Only Scan using k_5 on sbtest5  (cost=0.43..6.43 rows=100 width=4)
	  Index Cond: ((k >= 3488410) AND (k <= 3488510))

table 6 : explain SELECT k FROM sbtest6 WHERE k BETWEEN 3488410 AND 3488510
	Index Only Scan using k_6 on sbtest6  (cost=0.43..6.51 rows=104 width=4)
	  Index Cond: ((k >= 3488410) AND (k <= 3488510))

table 7 : explain SELECT k FROM sbtest7 WHERE k BETWEEN 3488410 AND 3488510
	Index Only Scan using k_7 on sbtest7  (cost=0.43..6.47 rows=102 width=4)
	  Index Cond: ((k >= 3488410) AND (k <= 3488510))

table 8 : explain SELECT k FROM sbtest8 WHERE k BETWEEN 3488410 AND 3488510
	Index Only Scan using k_8 on sbtest8  (cost=0.43..6.59 rows=108 width=4)
	  Index Cond: ((k >= 3488410) AND (k <= 3488510))

explain: for range-covered :: explain SELECT k FROM sbtest%d WHERE k BETWEEN 4476165 AND 4476265
for range-covered
table 1 : explain SELECT k FROM sbtest1 WHERE k BETWEEN 5575402 AND 5575502
	Index Only Scan using k_1 on sbtest1  (cost=0.43..6.51 rows=104 width=4)
	  Index Cond: ((k >= 5575402) AND (k <= 5575502))

table 2 : explain SELECT k FROM sbtest2 WHERE k BETWEEN 5575402 AND 5575502
	Index Only Scan using k_2 on sbtest2  (cost=0.43..6.43 rows=100 width=4)
	  Index Cond: ((k >= 5575402) AND (k <= 5575502))

table 3 : explain SELECT k FROM sbtest3 WHERE k BETWEEN 5575402 AND 5575502
	Index Only Scan using k_3 on sbtest3  (cost=0.43..6.63 rows=110 width=4)
	  Index Cond: ((k >= 5575402) AND (k <= 5575502))

table 4 : explain SELECT k FROM sbtest4 WHERE k BETWEEN 5575402 AND 5575502
	Index Only Scan using k_4 on sbtest4  (cost=0.43..6.47 rows=102 width=4)
	  Index Cond: ((k >= 5575402) AND (k <= 5575502))

table 5 : explain SELECT k FROM sbtest5 WHERE k BETWEEN 5575402 AND 5575502
	Index Only Scan using k_5 on sbtest5  (cost=0.43..6.75 rows=116 width=4)
	  Index Cond: ((k >= 5575402) AND (k <= 5575502))

table 6 : explain SELECT k FROM sbtest6 WHERE k BETWEEN 5575402 AND 5575502
	Index Only Scan using k_6 on sbtest6  (cost=0.43..6.51 rows=104 width=4)
	  Index Cond: ((k >= 5575402) AND (k <= 5575502))

table 7 : explain SELECT k FROM sbtest7 WHERE k BETWEEN 5575402 AND 5575502
	Index Only Scan using k_7 on sbtest7  (cost=0.43..6.58 rows=107 width=4)
	  Index Cond: ((k >= 5575402) AND (k <= 5575502))

table 8 : explain SELECT k FROM sbtest8 WHERE k BETWEEN 5575402 AND 5575502
	Index Only Scan using k_8 on sbtest8  (cost=0.43..6.40 rows=98 width=4)
	  Index Cond: ((k >= 5575402) AND (k <= 5575502))

for range-covered
table 1 : explain SELECT k FROM sbtest1 WHERE k BETWEEN 7001064 AND 7001164
	Index Only Scan using k_1 on sbtest1  (cost=0.43..6.51 rows=104 width=4)
	  Index Cond: ((k >= 7001064) AND (k <= 7001164))

table 2 : explain SELECT k FROM sbtest2 WHERE k BETWEEN 7001064 AND 7001164
	Index Only Scan using k_2 on sbtest2  (cost=0.43..6.35 rows=96 width=4)
	  Index Cond: ((k >= 7001064) AND (k <= 7001164))

table 3 : explain SELECT k FROM sbtest3 WHERE k BETWEEN 7001064 AND 7001164
	Index Only Scan using k_3 on sbtest3  (cost=0.43..6.35 rows=96 width=4)
	  Index Cond: ((k >= 7001064) AND (k <= 7001164))

table 4 : explain SELECT k FROM sbtest4 WHERE k BETWEEN 7001064 AND 7001164
	Index Only Scan using k_4 on sbtest4  (cost=0.43..6.47 rows=102 width=4)
	  Index Cond: ((k >= 7001064) AND (k <= 7001164))

table 5 : explain SELECT k FROM sbtest5 WHERE k BETWEEN 7001064 AND 7001164
	Index Only Scan using k_5 on sbtest5  (cost=0.43..6.47 rows=102 width=4)
	  Index Cond: ((k >= 7001064) AND (k <= 7001164))

table 6 : explain SELECT k FROM sbtest6 WHERE k BETWEEN 7001064 AND 7001164
	Index Only Scan using k_6 on sbtest6  (cost=0.43..6.37 rows=97 width=4)
	  Index Cond: ((k >= 7001064) AND (k <= 7001164))

table 7 : explain SELECT k FROM sbtest7 WHERE k BETWEEN 7001064 AND 7001164
	Index Only Scan using k_7 on sbtest7  (cost=0.43..6.43 rows=100 width=4)
	  Index Cond: ((k >= 7001064) AND (k <= 7001164))

table 8 : explain SELECT k FROM sbtest8 WHERE k BETWEEN 7001064 AND 7001164
	Index Only Scan using k_8 on sbtest8  (cost=0.43..6.56 rows=106 width=4)
	  Index Cond: ((k >= 7001064) AND (k <= 7001164))

explain: for range-covered :: explain SELECT k FROM sbtest%d WHERE k BETWEEN 5575402 AND 5575502
for range-covered
table 1 : explain SELECT k FROM sbtest1 WHERE k BETWEEN 967989 AND 968089
	Index Only Scan using k_1 on sbtest1  (cost=0.43..6.58 rows=107 width=4)
	  Index Cond: ((k >= 967989) AND (k <= 968089))

table 2 : explain SELECT k FROM sbtest2 WHERE k BETWEEN 967989 AND 968089
	Index Only Scan using k_2 on sbtest2  (cost=0.43..6.35 rows=96 width=4)
	  Index Cond: ((k >= 967989) AND (k <= 968089))

table 3 : explain SELECT k FROM sbtest3 WHERE k BETWEEN 967989 AND 968089
	Index Only Scan using k_3 on sbtest3  (cost=0.43..6.53 rows=105 width=4)
	  Index Cond: ((k >= 967989) AND (k <= 968089))

table 4 : explain SELECT k FROM sbtest4 WHERE k BETWEEN 967989 AND 968089
	Index Only Scan using k_4 on sbtest4  (cost=0.43..6.37 rows=97 width=4)
	  Index Cond: ((k >= 967989) AND (k <= 968089))

table 5 : explain SELECT k FROM sbtest5 WHERE k BETWEEN 967989 AND 968089
	Index Only Scan using k_5 on sbtest5  (cost=0.43..6.50 rows=103 width=4)
	  Index Cond: ((k >= 967989) AND (k <= 968089))

table 6 : explain SELECT k FROM sbtest6 WHERE k BETWEEN 967989 AND 968089
	Index Only Scan using k_6 on sbtest6  (cost=0.43..6.29 rows=93 width=4)
	  Index Cond: ((k >= 967989) AND (k <= 968089))

table 7 : explain SELECT k FROM sbtest7 WHERE k BETWEEN 967989 AND 968089
	Index Only Scan using k_7 on sbtest7  (cost=0.43..6.51 rows=104 width=4)
	  Index Cond: ((k >= 967989) AND (k <= 968089))

table 8 : explain SELECT k FROM sbtest8 WHERE k BETWEEN 967989 AND 968089
	Index Only Scan using k_8 on sbtest8  (cost=0.43..6.43 rows=100 width=4)
	  Index Cond: ((k >= 967989) AND (k <= 968089))

explain: for range-covered :: explain SELECT k FROM sbtest%d WHERE k BETWEEN 7001064 AND 7001164
for range-covered
table 1 : explain SELECT k FROM sbtest1 WHERE k BETWEEN 4083324 AND 4083424
	Index Only Scan using k_1 on sbtest1  (cost=0.43..6.47 rows=102 width=4)
	  Index Cond: ((k >= 4083324) AND (k <= 4083424))

table 2 : explain SELECT k FROM sbtest2 WHERE k BETWEEN 4083324 AND 4083424
	Index Only Scan using k_2 on sbtest2  (cost=0.43..6.47 rows=102 width=4)
	  Index Cond: ((k >= 4083324) AND (k <= 4083424))

table 3 : explain SELECT k FROM sbtest3 WHERE k BETWEEN 4083324 AND 4083424
	Index Only Scan using k_3 on sbtest3  (cost=0.43..6.45 rows=101 width=4)
	  Index Cond: ((k >= 4083324) AND (k <= 4083424))

table 4 : explain SELECT k FROM sbtest4 WHERE k BETWEEN 4083324 AND 4083424
	Index Only Scan using k_4 on sbtest4  (cost=0.43..6.37 rows=97 width=4)
	  Index Cond: ((k >= 4083324) AND (k <= 4083424))

table 5 : explain SELECT k FROM sbtest5 WHERE k BETWEEN 4083324 AND 4083424
	Index Only Scan using k_5 on sbtest5  (cost=0.43..6.47 rows=102 width=4)
	  Index Cond: ((k >= 4083324) AND (k <= 4083424))

table 6 : explain SELECT k FROM sbtest6 WHERE k BETWEEN 4083324 AND 4083424
	Index Only Scan using k_6 on sbtest6  (cost=0.43..6.43 rows=100 width=4)
	  Index Cond: ((k >= 4083324) AND (k <= 4083424))

table 7 : explain SELECT k FROM sbtest7 WHERE k BETWEEN 4083324 AND 4083424
	Index Only Scan using k_7 on sbtest7  (cost=0.43..6.50 rows=103 width=4)
	  Index Cond: ((k >= 4083324) AND (k <= 4083424))

table 8 : explain SELECT k FROM sbtest8 WHERE k BETWEEN 4083324 AND 4083424
	Index Only Scan using k_8 on sbtest8  (cost=0.43..6.42 rows=99 width=4)
	  Index Cond: ((k >= 4083324) AND (k <= 4083424))

explain: for range-covered :: explain SELECT k FROM sbtest%d WHERE k BETWEEN 967989 AND 968089for range-covered
table 1 : explain SELECT k FROM sbtest1 WHERE k BETWEEN 3419172 AND 3419272
	Index Only Scan using k_1 on sbtest1  (cost=0.43..6.37 rows=97 width=4)
	  Index Cond: ((k >= 3419172) AND (k <= 3419272))

table 2 : explain SELECT k FROM sbtest2 WHERE k BETWEEN 3419172 AND 3419272
	Index Only Scan using k_2 on sbtest2  (cost=0.43..6.66 rows=111 width=4)
	  Index Cond: ((k >= 3419172) AND (k <= 3419272))

table 3 : explain SELECT k FROM sbtest3 WHERE k BETWEEN 3419172 AND 3419272
	Index Only Scan using k_3 on sbtest3  (cost=0.43..6.53 rows=105 width=4)
	  Index Cond: ((k >= 3419172) AND (k <= 3419272))

table 4 : explain SELECT k FROM sbtest4 WHERE k BETWEEN 3419172 AND 3419272
	Index Only Scan using k_4 on sbtest4  (cost=0.43..6.45 rows=101 width=4)
	  Index Cond: ((k >= 3419172) AND (k <= 3419272))

table 5 : explain SELECT k FROM sbtest5 WHERE k BETWEEN 3419172 AND 3419272
	Index Only Scan using k_5 on sbtest5  (cost=0.43..6.43 rows=100 width=4)
	  Index Cond: ((k >= 3419172) AND (k <= 3419272))

table 6 : explain SELECT k FROM sbtest6 WHERE k BETWEEN 3419172 AND 3419272
	Index Only Scan using k_6 on sbtest6  (cost=0.43..6.56 rows=106 width=4)
	  Index Cond: ((k >= 3419172) AND (k <= 3419272))

table 7 : explain SELECT k FROM sbtest7 WHERE k BETWEEN 3419172 AND 3419272
	Index Only Scan using k_7 on sbtest7  (cost=0.43..6.51 rows=104 width=4)
	  Index Cond: ((k >= 3419172) AND (k <= 3419272))

table 8 : explain SELECT k FROM sbtest8 WHERE k BETWEEN 3419172 AND 3419272
	Index Only Scan using k_8 on sbtest8  (cost=0.43..6.47 rows=102 width=4)
	  Index Cond: ((k >= 3419172) AND (k <= 3419272))


explain: for range-covered :: explain SELECT k FROM sbtest%d WHERE k BETWEEN 4083324 AND 4083424
explain: for range-covered :: explain SELECT k FROM sbtest%d WHERE k BETWEEN 3419172 AND 3419272
for range-covered
table 1 : explain SELECT k FROM sbtest1 WHERE k BETWEEN 7827228 AND 7827328
	Index Only Scan using k_1 on sbtest1  (cost=0.43..6.58 rows=107 width=4)
	  Index Cond: ((k >= 7827228) AND (k <= 7827328))

table 2 : explain SELECT k FROM sbtest2 WHERE k BETWEEN 7827228 AND 7827328
	Index Only Scan using k_2 on sbtest2  (cost=0.43..6.25 rows=91 width=4)
	  Index Cond: ((k >= 7827228) AND (k <= 7827328))

table 3 : explain SELECT k FROM sbtest3 WHERE k BETWEEN 7827228 AND 7827328
	Index Only Scan using k_3 on sbtest3  (cost=0.43..6.50 rows=103 width=4)
	  Index Cond: ((k >= 7827228) AND (k <= 7827328))

table 4 : explain SELECT k FROM sbtest4 WHERE k BETWEEN 7827228 AND 7827328
	Index Only Scan using k_4 on sbtest4  (cost=0.43..6.42 rows=99 width=4)
	  Index Cond: ((k >= 7827228) AND (k <= 7827328))

table 5 : explain SELECT k FROM sbtest5 WHERE k BETWEEN 7827228 AND 7827328
	Index Only Scan using k_5 on sbtest5  (cost=0.43..6.66 rows=111 width=4)
	  Index Cond: ((k >= 7827228) AND (k <= 7827328))

table 6 : explain SELECT k FROM sbtest6 WHERE k BETWEEN 7827228 AND 7827328
	Index Only Scan using k_6 on sbtest6  (cost=0.43..6.42 rows=99 width=4)
	  Index Cond: ((k >= 7827228) AND (k <= 7827328))

table 7 : explain SELECT k FROM sbtest7 WHERE k BETWEEN 7827228 AND 7827328
	Index Only Scan using k_7 on sbtest7  (cost=0.43..6.66 rows=111 width=4)
	  Index Cond: ((k >= 7827228) AND (k <= 7827328))

table 8 : explain SELECT k FROM sbtest8 WHERE k BETWEEN 7827228 AND 7827328
	Index Only Scan using k_8 on sbtest8  (cost=0.43..6.77 rows=117 width=4)
	  Index Cond: ((k >= 7827228) AND (k <= 7827328))

for range-covered
table 1 : explain SELECT k FROM sbtest1 WHERE k BETWEEN 6155198 AND 6155298
	Index Only Scan using k_1 on sbtest1  (cost=0.43..6.25 rows=91 width=4)
	  Index Cond: ((k >= 6155198) AND (k <= 6155298))

table 2 : explain SELECT k FROM sbtest2 WHERE k BETWEEN 6155198 AND 6155298
	Index Only Scan using k_2 on sbtest2  (cost=0.43..6.58 rows=107 width=4)
	  Index Cond: ((k >= 6155198) AND (k <= 6155298))

table 3 : explain SELECT k FROM sbtest3 WHERE k BETWEEN 6155198 AND 6155298
	Index Only Scan using k_3 on sbtest3  (cost=0.43..6.21 rows=89 width=4)
	  Index Cond: ((k >= 6155198) AND (k <= 6155298))

table 4 : explain SELECT k FROM sbtest4 WHERE k BETWEEN 6155198 AND 6155298
	Index Only Scan using k_4 on sbtest4  (cost=0.43..6.51 rows=104 width=4)
	  Index Cond: ((k >= 6155198) AND (k <= 6155298))

table 5 : explain SELECT k FROM sbtest5 WHERE k BETWEEN 6155198 AND 6155298
	Index Only Scan using k_5 on sbtest5  (cost=0.43..6.51 rows=104 width=4)
	  Index Cond: ((k >= 6155198) AND (k <= 6155298))

table 6 : explain SELECT k FROM sbtest6 WHERE k BETWEEN 6155198 AND 6155298
	Index Only Scan using k_6 on sbtest6  (cost=0.43..6.47 rows=102 width=4)
	  Index Cond: ((k >= 6155198) AND (k <= 6155298))

table 7 : explain SELECT k FROM sbtest7 WHERE k BETWEEN 6155198 AND 6155298
	Index Only Scan using k_7 on sbtest7  (cost=0.43..6.59 rows=108 width=4)
	  Index Cond: ((k >= 6155198) AND (k <= 6155298))

table 8 : explain SELECT k FROM sbtest8 WHERE k BETWEEN 6155198 AND 6155298
	Index Only Scan using k_8 on sbtest8  (cost=0.43..6.53 rows=105 width=4)
	  Index Cond: ((k >= 6155198) AND (k <= 6155298))

for range-covered
table 1 : explain SELECT k FROM sbtest1 WHERE k BETWEEN 5926643 AND 5926743
	Index Only Scan using k_1 on sbtest1  (cost=0.43..6.59 rows=108 width=4)
	  Index Cond: ((k >= 5926643) AND (k <= 5926743))

table 2 : explain SELECT k FROM sbtest2 WHERE k BETWEEN 5926643 AND 5926743
	Index Only Scan using k_2 on sbtest2  (cost=0.43..6.33 rows=95 width=4)
	  Index Cond: ((k >= 5926643) AND (k <= 5926743))

table 3 : explain SELECT k FROM sbtest3 WHERE k BETWEEN 5926643 AND 5926743
	Index Only Scan using k_3 on sbtest3  (cost=0.43..6.58 rows=107 width=4)
	  Index Cond: ((k >= 5926643) AND (k <= 5926743))

table 4 : explain SELECT k FROM sbtest4 WHERE k BETWEEN 5926643 AND 5926743
	Index Only Scan using k_4 on sbtest4  (cost=0.43..6.43 rows=100 width=4)
	  Index Cond: ((k >= 5926643) AND (k <= 5926743))

table 5 : explain SELECT k FROM sbtest5 WHERE k BETWEEN 5926643 AND 5926743
	Index Only Scan using k_5 on sbtest5  (cost=0.43..6.35 rows=96 width=4)
	  Index Cond: ((k >= 5926643) AND (k <= 5926743))

table 6 : explain SELECT k FROM sbtest6 WHERE k BETWEEN 5926643 AND 5926743
	Index Only Scan using k_6 on sbtest6  (cost=0.43..6.58 rows=107 width=4)
	  Index Cond: ((k >= 5926643) AND (k <= 5926743))

table 7 : explain SELECT k FROM sbtest7 WHERE k BETWEEN 5926643 AND 5926743
	Index Only Scan using k_7 on sbtest7  (cost=0.43..6.40 rows=98 width=4)
	  Index Cond: ((k >= 5926643) AND (k <= 5926743))

table 8 : explain SELECT k FROM sbtest8 WHERE k BETWEEN 5926643 AND 5926743
	Index Only Scan using k_8 on sbtest8  (cost=0.43..6.45 rows=101 width=4)
	  Index Cond: ((k >= 5926643) AND (k <= 5926743))
explain: for range-covered :: explain SELECT k FROM sbtest%d WHERE k BETWEEN 7827228 AND 7827328

explain: for range-covered :: explain SELECT k FROM sbtest%d WHERE k BETWEEN 6155198 AND 6155298
explain: for range-covered :: explain SELECT k FROM sbtest%d WHERE k BETWEEN 5926643 AND 5926743
for range-covered
table 1 : explain SELECT k FROM sbtest1 WHERE k BETWEEN 5575402 AND 5575502
	Index Only Scan using k_1 on sbtest1  (cost=0.43..6.51 rows=104 width=4)
	  Index Cond: ((k >= 5575402) AND (k <= 5575502))

table 2 : explain SELECT k FROM sbtest2 WHERE k BETWEEN 5575402 AND 5575502
	Index Only Scan using k_2 on sbtest2  (cost=0.43..6.43 rows=100 width=4)
	  Index Cond: ((k >= 5575402) AND (k <= 5575502))

table 3 : explain SELECT k FROM sbtest3 WHERE k BETWEEN 5575402 AND 5575502
	Index Only Scan using k_3 on sbtest3  (cost=0.43..6.63 rows=110 width=4)
	  Index Cond: ((k >= 5575402) AND (k <= 5575502))

table 4 : explain SELECT k FROM sbtest4 WHERE k BETWEEN 5575402 AND 5575502
	Index Only Scan using k_4 on sbtest4  (cost=0.43..6.47 rows=102 width=4)
	  Index Cond: ((k >= 5575402) AND (k <= 5575502))

table 5 : explain SELECT k FROM sbtest5 WHERE k BETWEEN 5575402 AND 5575502
	Index Only Scan using k_5 on sbtest5  (cost=0.43..6.75 rows=116 width=4)
	  Index Cond: ((k >= 5575402) AND (k <= 5575502))

table 6 : explain SELECT k FROM sbtest6 WHERE k BETWEEN 5575402 AND 5575502
	Index Only Scan using k_6 on sbtest6  (cost=0.43..6.51 rows=104 width=4)
	  Index Cond: ((k >= 5575402) AND (k <= 5575502))

table 7 : explain SELECT k FROM sbtest7 WHERE k BETWEEN 5575402 AND 5575502
	Index Only Scan using k_7 on sbtest7  (cost=0.43..6.58 rows=107 width=4)
	  Index Cond: ((k >= 5575402) AND (k <= 5575502))

table 8 : explain SELECT k FROM sbtest8 WHERE k BETWEEN 5575402 AND 5575502
	Index Only Scan using k_8 on sbtest8  (cost=0.43..6.40 rows=98 width=4)
	  Index Cond: ((k >= 5575402) AND (k <= 5575502))

for range-covered
table 1 : explain SELECT k FROM sbtest1 WHERE k BETWEEN 7001064 AND 7001164
	Index Only Scan using k_1 on sbtest1  (cost=0.43..6.51 rows=104 width=4)
	  Index Cond: ((k >= 7001064) AND (k <= 7001164))

table 2 : explain SELECT k FROM sbtest2 WHERE k BETWEEN 7001064 AND 7001164
	Index Only Scan using k_2 on sbtest2  (cost=0.43..6.35 rows=96 width=4)
	  Index Cond: ((k >= 7001064) AND (k <= 7001164))

table 3 : explain SELECT k FROM sbtest3 WHERE k BETWEEN 7001064 AND 7001164
	Index Only Scan using k_3 on sbtest3  (cost=0.43..6.35 rows=96 width=4)
	  Index Cond: ((k >= 7001064) AND (k <= 7001164))

table 4 : explain SELECT k FROM sbtest4 WHERE k BETWEEN 7001064 AND 7001164
	Index Only Scan using k_4 on sbtest4  (cost=0.43..6.47 rows=102 width=4)
	  Index Cond: ((k >= 7001064) AND (k <= 7001164))

table 5 : explain SELECT k FROM sbtest5 WHERE k BETWEEN 7001064 AND 7001164
	Index Only Scan using k_5 on sbtest5  (cost=0.43..6.47 rows=102 width=4)
	  Index Cond: ((k >= 7001064) AND (k <= 7001164))

table 6 : explain SELECT k FROM sbtest6 WHERE k BETWEEN 7001064 AND 7001164
	Index Only Scan using k_6 on sbtest6  (cost=0.43..6.37 rows=97 width=4)
	  Index Cond: ((k >= 7001064) AND (k <= 7001164))

table 7 : explain SELECT k FROM sbtest7 WHERE k BETWEEN 7001064 AND 7001164
	Index Only Scan using k_7 on sbtest7  (cost=0.43..6.43 rows=100 width=4)
	  Index Cond: ((k >= 7001064) AND (k <= 7001164))

table 8 : explain SELECT k FROM sbtest8 WHERE k BETWEEN 7001064 AND 7001164
	Index Only Scan using k_8 on sbtest8  (cost=0.43..6.56 rows=106 width=4)
	  Index Cond: ((k >= 7001064) AND (k <= 7001164))

explain: for range-covered :: explain SELECT k FROM sbtest%d WHERE k BETWEEN 5575402 AND 5575502
explain: for range-covered :: explain SELECT k FROM sbtest%d WHERE k BETWEEN 7001064 AND 7001164
for range-covered
table 1 : explain SELECT k FROM sbtest1 WHERE k BETWEEN 4476165 AND 4476265
	Index Only Scan using k_1 on sbtest1  (cost=0.43..6.61 rows=109 width=4)
	  Index Cond: ((k >= 4476165) AND (k <= 4476265))

table 2 : explain SELECT k FROM sbtest2 WHERE k BETWEEN 4476165 AND 4476265
	Index Only Scan using k_2 on sbtest2  (cost=0.43..6.43 rows=100 width=4)
	  Index Cond: ((k >= 4476165) AND (k <= 4476265))

table 3 : explain SELECT k FROM sbtest3 WHERE k BETWEEN 4476165 AND 4476265
	Index Only Scan using k_3 on sbtest3  (cost=0.43..6.51 rows=104 width=4)
	  Index Cond: ((k >= 4476165) AND (k <= 4476265))

table 4 : explain SELECT k FROM sbtest4 WHERE k BETWEEN 4476165 AND 4476265
	Index Only Scan using k_4 on sbtest4  (cost=0.43..6.56 rows=106 width=4)
	  Index Cond: ((k >= 4476165) AND (k <= 4476265))

table 5 : explain SELECT k FROM sbtest5 WHERE k BETWEEN 4476165 AND 4476265
	Index Only Scan using k_5 on sbtest5  (cost=0.43..6.61 rows=109 width=4)
	  Index Cond: ((k >= 4476165) AND (k <= 4476265))

table 6 : explain SELECT k FROM sbtest6 WHERE k BETWEEN 4476165 AND 4476265
	Index Only Scan using k_6 on sbtest6  (cost=0.43..6.53 rows=105 width=4)
	  Index Cond: ((k >= 4476165) AND (k <= 4476265))

table 7 : explain SELECT k FROM sbtest7 WHERE k BETWEEN 4476165 AND 4476265
	Index Only Scan using k_7 on sbtest7  (cost=0.43..6.69 rows=113 width=4)
	  Index Cond: ((k >= 4476165) AND (k <= 4476265))

table 8 : explain SELECT k FROM sbtest8 WHERE k BETWEEN 4476165 AND 4476265
	Index Only Scan using k_8 on sbtest8  (cost=0.43..6.33 rows=95 width=4)
	  Index Cond: ((k >= 4476165) AND (k <= 4476265))

for range-covered
table 1 : explain SELECT k FROM sbtest1 WHERE k BETWEEN 967989 AND 968089
	Index Only Scan using k_1 on sbtest1  (cost=0.43..6.58 rows=107 width=4)
	  Index Cond: ((k >= 967989) AND (k <= 968089))

table 2 : explain SELECT k FROM sbtest2 WHERE k BETWEEN 967989 AND 968089
	Index Only Scan using k_2 on sbtest2  (cost=0.43..6.35 rows=96 width=4)
	  Index Cond: ((k >= 967989) AND (k <= 968089))

table 3 : explain SELECT k FROM sbtest3 WHERE k BETWEEN 967989 AND 968089
	Index Only Scan using k_3 on sbtest3  (cost=0.43..6.53 rows=105 width=4)
	  Index Cond: ((k >= 967989) AND (k <= 968089))

table 4 : explain SELECT k FROM sbtest4 WHERE k BETWEEN 967989 AND 968089
	Index Only Scan using k_4 on sbtest4  (cost=0.43..6.37 rows=97 width=4)
	  Index Cond: ((k >= 967989) AND (k <= 968089))

table 5 : explain SELECT k FROM sbtest5 WHERE k BETWEEN 967989 AND 968089
	Index Only Scan using k_5 on sbtest5  (cost=0.43..6.50 rows=103 width=4)
	  Index Cond: ((k >= 967989) AND (k <= 968089))

table 6 : explain SELECT k FROM sbtest6 WHERE k BETWEEN 967989 AND 968089
	Index Only Scan using k_6 on sbtest6  (cost=0.43..6.29 rows=93 width=4)
	  Index Cond: ((k >= 967989) AND (k <= 968089))

table 7 : explain SELECT k FROM sbtest7 WHERE k BETWEEN 967989 AND 968089
	Index Only Scan using k_7 on sbtest7  (cost=0.43..6.51 rows=104 width=4)
	  Index Cond: ((k >= 967989) AND (k <= 968089))

table 8 : explain SELECT k FROM sbtest8 WHERE k BETWEEN 967989 AND 968089
	Index Only Scan using k_8 on sbtest8  (cost=0.43..6.43 rows=100 width=4)
	  Index Cond: ((k >= 967989) AND (k <= 968089))

for range-covered
table 1 : explain SELECT k FROM sbtest1 WHERE k BETWEEN 3419172 AND 3419272
	Index Only Scan using k_1 on sbtest1  (cost=0.43..6.37 rows=97 width=4)
	  Index Cond: ((k >= 3419172) AND (k <= 3419272))

table 2 : explain SELECT k FROM sbtest2 WHERE k BETWEEN 3419172 AND 3419272
	Index Only Scan using k_2 on sbtest2  (cost=0.43..6.66 rows=111 width=4)
	  Index Cond: ((k >= 3419172) AND (k <= 3419272))

table 3 : explain SELECT k FROM sbtest3 WHERE k BETWEEN 3419172 AND 3419272
	Index Only Scan using k_3 on sbtest3  (cost=0.43..6.53 rows=105 width=4)
	  Index Cond: ((k >= 3419172) AND (k <= 3419272))

table 4 : explain SELECT k FROM sbtest4 WHERE k BETWEEN 3419172 AND 3419272
	Index Only Scan using k_4 on sbtest4  (cost=0.43..6.45 rows=101 width=4)
	  Index Cond: ((k >= 3419172) AND (k <= 3419272))

table 5 : explain SELECT k FROM sbtest5 WHERE k BETWEEN 3419172 AND 3419272
	Index Only Scan using k_5 on sbtest5  (cost=0.43..6.43 rows=100 width=4)
	  Index Cond: ((k >= 3419172) AND (k <= 3419272))

table 6 : explain SELECT k FROM sbtest6 WHERE k BETWEEN 3419172 AND 3419272
	Index Only Scan using k_6 on sbtest6  (cost=0.43..6.56 rows=106 width=4)
	  Index Cond: ((k >= 3419172) AND (k <= 3419272))

table 7 : explain SELECT k FROM sbtest7 WHERE k BETWEEN 3419172 AND 3419272
	Index Only Scan using k_7 on sbtest7  (cost=0.43..6.51 rows=104 width=4)
	  Index Cond: ((k >= 3419172) AND (k <= 3419272))

table 8 : explain SELECT k FROM sbtest8 WHERE k BETWEEN 3419172 AND 3419272
	Index Only Scan using k_8 on sbtest8  (cost=0.43..6.47 rows=102 width=4)
	  Index Cond: ((k >= 3419172) AND (k <= 3419272))

explain: for range-covered :: explain SELECT k FROM sbtest%d WHERE k BETWEEN 967989 AND 968089
explain: for range-covered :: explain SELECT k FROM sbtest%d WHERE k BETWEEN 4476165 AND 4476265
for range-covered
table 1 : explain SELECT k FROM sbtest1 WHERE k BETWEEN 4083324 AND 4083424
	Index Only Scan using k_1 on sbtest1  (cost=0.43..6.47 rows=102 width=4)
	  Index Cond: ((k >= 4083324) AND (k <= 4083424))

table 2 : explain SELECT k FROM sbtest2 WHERE k BETWEEN 4083324 AND 4083424
	Index Only Scan using k_2 on sbtest2  (cost=0.43..6.47 rows=102 width=4)
	  Index Cond: ((k >= 4083324) AND (k <= 4083424))

table 3 : explain SELECT k FROM sbtest3 WHERE k BETWEEN 4083324 AND 4083424
	Index Only Scan using k_3 on sbtest3  (cost=0.43..6.45 rows=101 width=4)
	  Index Cond: ((k >= 4083324) AND (k <= 4083424))

table 4 : explain SELECT k FROM sbtest4 WHERE k BETWEEN 4083324 AND 4083424
	Index Only Scan using k_4 on sbtest4  (cost=0.43..6.37 rows=97 width=4)
	  Index Cond: ((k >= 4083324) AND (k <= 4083424))

table 5 : explain SELECT k FROM sbtest5 WHERE k BETWEEN 4083324 AND 4083424
	Index Only Scan using k_5 on sbtest5  (cost=0.43..6.47 rows=102 width=4)
	  Index Cond: ((k >= 4083324) AND (k <= 4083424))

table 6 : explain SELECT k FROM sbtest6 WHERE k BETWEEN 4083324 AND 4083424
	Index Only Scan using k_6 on sbtest6  (cost=0.43..6.43 rows=100 width=4)
	  Index Cond: ((k >= 4083324) AND (k <= 4083424))

table 7 : explain SELECT k FROM sbtest7 WHERE k BETWEEN 4083324 AND 4083424
	Index Only Scan using k_7 on sbtest7  (cost=0.43..6.50 rows=103 width=4)
	  Index Cond: ((k >= 4083324) AND (k <= 4083424))

table 8 : explain SELECT k FROM sbtest8 WHERE k BETWEEN 4083324 AND 4083424
	Index Only Scan using k_8 on sbtest8  (cost=0.43..6.42 rows=99 width=4)
	  Index Cond: ((k >= 4083324) AND (k <= 4083424))

for range-covered
table 1 : explain SELECT k FROM sbtest1 WHERE k BETWEEN 7827228 AND 7827328
	Index Only Scan using k_1 on sbtest1  (cost=0.43..6.58 rows=107 width=4)
	  Index Cond: ((k >= 7827228) AND (k <= 7827328))

table 2 : explain SELECT k FROM sbtest2 WHERE k BETWEEN 7827228 AND 7827328
	Index Only Scan using k_2 on sbtest2  (cost=0.43..6.25 rows=91 width=4)
	  Index Cond: ((k >= 7827228) AND (k <= 7827328))

table 3 : explain SELECT k FROM sbtest3 WHERE k BETWEEN 7827228 AND 7827328
	Index Only Scan using k_3 on sbtest3  (cost=0.43..6.50 rows=103 width=4)
	  Index Cond: ((k >= 7827228) AND (k <= 7827328))

table 4 : explain SELECT k FROM sbtest4 WHERE k BETWEEN 7827228 AND 7827328
	Index Only Scan using k_4 on sbtest4  (cost=0.43..6.42 rows=99 width=4)
	  Index Cond: ((k >= 7827228) AND (k <= 7827328))

table 5 : explain SELECT k FROM sbtest5 WHERE k BETWEEN 7827228 AND 7827328
	Index Only Scan using k_5 on sbtest5  (cost=0.43..6.66 rows=111 width=4)
	  Index Cond: ((k >= 7827228) AND (k <= 7827328))

table 6 : explain SELECT k FROM sbtest6 WHERE k BETWEEN 7827228 AND 7827328
	Index Only Scan using k_6 on sbtest6  (cost=0.43..6.42 rows=99 width=4)
	  Index Cond: ((k >= 7827228) AND (k <= 7827328))

table 7 : explain SELECT k FROM sbtest7 WHERE k BETWEEN 7827228 AND 7827328
	Index Only Scan using k_7 on sbtest7  (cost=0.43..6.66 rows=111 width=4)
	  Index Cond: ((k >= 7827228) AND (k <= 7827328))

table 8 : explain SELECT k FROM sbtest8 WHERE k BETWEEN 7827228 AND 7827328
	Index Only Scan using k_8 on sbtest8  (cost=0.43..6.77 rows=117 width=4)
	  Index Cond: ((k >= 7827228) AND (k <= 7827328))

explain: for range-covered :: explain SELECT k FROM sbtest%d WHERE k BETWEEN 4083324 AND 4083424
explain: for range-covered :: explain SELECT k FROM sbtest%d WHERE k BETWEEN 7827228 AND 7827328
for range-covered
table 1 : explain SELECT k FROM sbtest1 WHERE k BETWEEN 5926643 AND 5926743
	Index Only Scan using k_1 on sbtest1  (cost=0.43..6.59 rows=108 width=4)
	  Index Cond: ((k >= 5926643) AND (k <= 5926743))

table 2 : explain SELECT k FROM sbtest2 WHERE k BETWEEN 5926643 AND 5926743
	Index Only Scan using k_2 on sbtest2  (cost=0.43..6.33 rows=95 width=4)
	  Index Cond: ((k >= 5926643) AND (k <= 5926743))

table 3 : explain SELECT k FROM sbtest3 WHERE k BETWEEN 5926643 AND 5926743
	Index Only Scan using k_3 on sbtest3  (cost=0.43..6.58 rows=107 width=4)
	  Index Cond: ((k >= 5926643) AND (k <= 5926743))

table 4 : explain SELECT k FROM sbtest4 WHERE k BETWEEN 5926643 AND 5926743
	Index Only Scan using k_4 on sbtest4  (cost=0.43..6.43 rows=100 width=4)
	  Index Cond: ((k >= 5926643) AND (k <= 5926743))

table 5 : explain SELECT k FROM sbtest5 WHERE k BETWEEN 5926643 AND 5926743
	Index Only Scan using k_5 on sbtest5  (cost=0.43..6.35 rows=96 width=4)
	  Index Cond: ((k >= 5926643) AND (k <= 5926743))

table 6 : explain SELECT k FROM sbtest6 WHERE k BETWEEN 5926643 AND 5926743
	Index Only Scan using k_6 on sbtest6  (cost=0.43..6.58 rows=107 width=4)
	  Index Cond: ((k >= 5926643) AND (k <= 5926743))

table 7 : explain SELECT k FROM sbtest7 WHERE k BETWEEN 5926643 AND 5926743
	Index Only Scan using k_7 on sbtest7  (cost=0.43..6.40 rows=98 width=4)
	  Index Cond: ((k >= 5926643) AND (k <= 5926743))

table 8 : explain SELECT k FROM sbtest8 WHERE k BETWEEN 5926643 AND 5926743
	Index Only Scan using k_8 on sbtest8  (cost=0.43..6.45 rows=101 width=4)
	  Index Cond: ((k >= 5926643) AND (k <= 5926743))

for range-covered
table 1 : explain SELECT k FROM sbtest1 WHERE k BETWEEN 6155198 AND 6155298
	Index Only Scan using k_1 on sbtest1  (cost=0.43..6.25 rows=91 width=4)
	  Index Cond: ((k >= 6155198) AND (k <= 6155298))

table 2 : explain SELECT k FROM sbtest2 WHERE k BETWEEN 6155198 AND 6155298
	Index Only Scan using k_2 on sbtest2  (cost=0.43..6.58 rows=107 width=4)
	  Index Cond: ((k >= 6155198) AND (k <= 6155298))

table 3 : explain SELECT k FROM sbtest3 WHERE k BETWEEN 6155198 AND 6155298
	Index Only Scan using k_3 on sbtest3  (cost=0.43..6.21 rows=89 width=4)
	  Index Cond: ((k >= 6155198) AND (k <= 6155298))

table 4 : explain SELECT k FROM sbtest4 WHERE k BETWEEN 6155198 AND 6155298
	Index Only Scan using k_4 on sbtest4  (cost=0.43..6.51 rows=104 width=4)
	  Index Cond: ((k >= 6155198) AND (k <= 6155298))

table 5 : explain SELECT k FROM sbtest5 WHERE k BETWEEN 6155198 AND 6155298
	Index Only Scan using k_5 on sbtest5  (cost=0.43..6.51 rows=104 width=4)
	  Index Cond: ((k >= 6155198) AND (k <= 6155298))

table 6 : explain SELECT k FROM sbtest6 WHERE k BETWEEN 6155198 AND 6155298
	Index Only Scan using k_6 on sbtest6  (cost=0.43..6.47 rows=102 width=4)
	  Index Cond: ((k >= 6155198) AND (k <= 6155298))

table 7 : explain SELECT k FROM sbtest7 WHERE k BETWEEN 6155198 AND 6155298
	Index Only Scan using k_7 on sbtest7  (cost=0.43..6.59 rows=108 width=4)
	  Index Cond: ((k >= 6155198) AND (k <= 6155298))

table 8 : explain SELECT k FROM sbtest8 WHERE k BETWEEN 6155198 AND 6155298
	Index Only Scan using k_8 on sbtest8  (cost=0.43..6.53 rows=105 width=4)
	  Index Cond: ((k >= 6155198) AND (k <= 6155298))

explain: for range-covered :: explain SELECT k FROM sbtest%d WHERE k BETWEEN 5926643 AND 5926743
explain: for range-covered :: explain SELECT k FROM sbtest%d WHERE k BETWEEN 6155198 AND 6155298
for range-covered
table 1 : explain SELECT k FROM sbtest1 WHERE k BETWEEN 5575402 AND 5575502
	Index Only Scan using k_1 on sbtest1  (cost=0.43..6.51 rows=104 width=4)
	  Index Cond: ((k >= 5575402) AND (k <= 5575502))

table 2 : explain SELECT k FROM sbtest2 WHERE k BETWEEN 5575402 AND 5575502
	Index Only Scan using k_2 on sbtest2  (cost=0.43..6.43 rows=100 width=4)
	  Index Cond: ((k >= 5575402) AND (k <= 5575502))

table 3 : explain SELECT k FROM sbtest3 WHERE k BETWEEN 5575402 AND 5575502
	Index Only Scan using k_3 on sbtest3  (cost=0.43..6.63 rows=110 width=4)
	  Index Cond: ((k >= 5575402) AND (k <= 5575502))

table 4 : explain SELECT k FROM sbtest4 WHERE k BETWEEN 5575402 AND 5575502
	Index Only Scan using k_4 on sbtest4  (cost=0.43..6.47 rows=102 width=4)
	  Index Cond: ((k >= 5575402) AND (k <= 5575502))

table 5 : explain SELECT k FROM sbtest5 WHERE k BETWEEN 5575402 AND 5575502
	Index Only Scan using k_5 on sbtest5  (cost=0.43..6.75 rows=116 width=4)
	  Index Cond: ((k >= 5575402) AND (k <= 5575502))

table 6 : explain SELECT k FROM sbtest6 WHERE k BETWEEN 5575402 AND 5575502
	Index Only Scan using k_6 on sbtest6  (cost=0.43..6.51 rows=104 width=4)
	  Index Cond: ((k >= 5575402) AND (k <= 5575502))

table 7 : explain SELECT k FROM sbtest7 WHERE k BETWEEN 5575402 AND 5575502
	Index Only Scan using k_7 on sbtest7  (cost=0.43..6.58 rows=107 width=4)
	  Index Cond: ((k >= 5575402) AND (k <= 5575502))

table 8 : explain SELECT k FROM sbtest8 WHERE k BETWEEN 5575402 AND 5575502
	Index Only Scan using k_8 on sbtest8  (cost=0.43..6.40 rows=98 width=4)
	  Index Cond: ((k >= 5575402) AND (k <= 5575502))

for range-covered
table 1 : explain SELECT k FROM sbtest1 WHERE k BETWEEN 7001064 AND 7001164
	Index Only Scan using k_1 on sbtest1  (cost=0.43..6.51 rows=104 width=4)
	  Index Cond: ((k >= 7001064) AND (k <= 7001164))

table 2 : explain SELECT k FROM sbtest2 WHERE k BETWEEN 7001064 AND 7001164
	Index Only Scan using k_2 on sbtest2  (cost=0.43..6.35 rows=96 width=4)
	  Index Cond: ((k >= 7001064) AND (k <= 7001164))

table 3 : explain SELECT k FROM sbtest3 WHERE k BETWEEN 7001064 AND 7001164
	Index Only Scan using k_3 on sbtest3  (cost=0.43..6.35 rows=96 width=4)
	  Index Cond: ((k >= 7001064) AND (k <= 7001164))

table 4 : explain SELECT k FROM sbtest4 WHERE k BETWEEN 7001064 AND 7001164
	Index Only Scan using k_4 on sbtest4  (cost=0.43..6.47 rows=102 width=4)
	  Index Cond: ((k >= 7001064) AND (k <= 7001164))

table 5 : explain SELECT k FROM sbtest5 WHERE k BETWEEN 7001064 AND 7001164
	Index Only Scan using k_5 on sbtest5  (cost=0.43..6.47 rows=102 width=4)
	  Index Cond: ((k >= 7001064) AND (k <= 7001164))

table 6 : explain SELECT k FROM sbtest6 WHERE k BETWEEN 7001064 AND 7001164
	Index Only Scan using k_6 on sbtest6  (cost=0.43..6.37 rows=97 width=4)
	  Index Cond: ((k >= 7001064) AND (k <= 7001164))

table 7 : explain SELECT k FROM sbtest7 WHERE k BETWEEN 7001064 AND 7001164
	Index Only Scan using k_7 on sbtest7  (cost=0.43..6.43 rows=100 width=4)
	  Index Cond: ((k >= 7001064) AND (k <= 7001164))

table 8 : explain SELECT k FROM sbtest8 WHERE k BETWEEN 7001064 AND 7001164
	Index Only Scan using k_8 on sbtest8  (cost=0.43..6.56 rows=106 width=4)
	  Index Cond: ((k >= 7001064) AND (k <= 7001164))

explain: for range-covered :: explain SELECT k FROM sbtest%d WHERE k BETWEEN 5575402 AND 5575502
explain: for range-covered :: explain SELECT k FROM sbtest%d WHERE k BETWEEN 7001064 AND 7001164
explain: for range-covered :: explain SELECT k FROM sbtest%d WHERE k BETWEEN 4674678 AND 4674778
for range-covered
table 1 : explain SELECT k FROM sbtest1 WHERE k BETWEEN 967989 AND 968089
	Index Only Scan using k_1 on sbtest1  (cost=0.43..6.58 rows=107 width=4)
	  Index Cond: ((k >= 967989) AND (k <= 968089))

table 2 : explain SELECT k FROM sbtest2 WHERE k BETWEEN 967989 AND 968089
	Index Only Scan using k_2 on sbtest2  (cost=0.43..6.35 rows=96 width=4)
	  Index Cond: ((k >= 967989) AND (k <= 968089))

table 3 : explain SELECT k FROM sbtest3 WHERE k BETWEEN 967989 AND 968089
	Index Only Scan using k_3 on sbtest3  (cost=0.43..6.53 rows=105 width=4)
	  Index Cond: ((k >= 967989) AND (k <= 968089))

table 4 : explain SELECT k FROM sbtest4 WHERE k BETWEEN 967989 AND 968089
	Index Only Scan using k_4 on sbtest4  (cost=0.43..6.37 rows=97 width=4)
	  Index Cond: ((k >= 967989) AND (k <= 968089))

table 5 : explain SELECT k FROM sbtest5 WHERE k BETWEEN 967989 AND 968089
	Index Only Scan using k_5 on sbtest5  (cost=0.43..6.50 rows=103 width=4)
	  Index Cond: ((k >= 967989) AND (k <= 968089))

table 6 : explain SELECT k FROM sbtest6 WHERE k BETWEEN 967989 AND 968089
	Index Only Scan using k_6 on sbtest6  (cost=0.43..6.29 rows=93 width=4)
	  Index Cond: ((k >= 967989) AND (k <= 968089))

table 7 : explain SELECT k FROM sbtest7 WHERE k BETWEEN 967989 AND 968089
	Index Only Scan using k_7 on sbtest7  (cost=0.43..6.51 rows=104 width=4)
	  Index Cond: ((k >= 967989) AND (k <= 968089))

table 8 : explain SELECT k FROM sbtest8 WHERE k BETWEEN 967989 AND 968089
	Index Only Scan using k_8 on sbtest8  (cost=0.43..6.43 rows=100 width=4)
	  Index Cond: ((k >= 967989) AND (k <= 968089))

explain: for range-covered :: explain SELECT k FROM sbtest%d WHERE k BETWEEN 967989 AND 968089
for range-covered
table 1 : explain SELECT k FROM sbtest1 WHERE k BETWEEN 7827228 AND 7827328
	Index Only Scan using k_1 on sbtest1  (cost=0.43..6.58 rows=107 width=4)
	  Index Cond: ((k >= 7827228) AND (k <= 7827328))

table 2 : explain SELECT k FROM sbtest2 WHERE k BETWEEN 7827228 AND 7827328
	Index Only Scan using k_2 on sbtest2  (cost=0.43..6.25 rows=91 width=4)
	  Index Cond: ((k >= 7827228) AND (k <= 7827328))

table 3 : explain SELECT k FROM sbtest3 WHERE k BETWEEN 7827228 AND 7827328
	Index Only Scan using k_3 on sbtest3  (cost=0.43..6.50 rows=103 width=4)
	  Index Cond: ((k >= 7827228) AND (k <= 7827328))

table 4 : explain SELECT k FROM sbtest4 WHERE k BETWEEN 7827228 AND 7827328
	Index Only Scan using k_4 on sbtest4  (cost=0.43..6.42 rows=99 width=4)
	  Index Cond: ((k >= 7827228) AND (k <= 7827328))

table 5 : explain SELECT k FROM sbtest5 WHERE k BETWEEN 7827228 AND 7827328
	Index Only Scan using k_5 on sbtest5  (cost=0.43..6.66 rows=111 width=4)
	  Index Cond: ((k >= 7827228) AND (k <= 7827328))

table 6 : explain SELECT k FROM sbtest6 WHERE k BETWEEN 7827228 AND 7827328
	Index Only Scan using k_6 on sbtest6  (cost=0.43..6.42 rows=99 width=4)
	  Index Cond: ((k >= 7827228) AND (k <= 7827328))

table 7 : explain SELECT k FROM sbtest7 WHERE k BETWEEN 7827228 AND 7827328
	Index Only Scan using k_7 on sbtest7  (cost=0.43..6.66 rows=111 width=4)
	  Index Cond: ((k >= 7827228) AND (k <= 7827328))

table 8 : explain SELECT k FROM sbtest8 WHERE k BETWEEN 7827228 AND 7827328
	Index Only Scan using k_8 on sbtest8  (cost=0.43..6.77 rows=117 width=4)
	  Index Cond: ((k >= 7827228) AND (k <= 7827328))

for range-covered
table 1 : explain SELECT k FROM sbtest1 WHERE k BETWEEN 4083324 AND 4083424
	Index Only Scan using k_1 on sbtest1  (cost=0.43..6.47 rows=102 width=4)
	  Index Cond: ((k >= 4083324) AND (k <= 4083424))

table 2 : explain SELECT k FROM sbtest2 WHERE k BETWEEN 4083324 AND 4083424
	Index Only Scan using k_2 on sbtest2  (cost=0.43..6.47 rows=102 width=4)
	  Index Cond: ((k >= 4083324) AND (k <= 4083424))

table 3 : explain SELECT k FROM sbtest3 WHERE k BETWEEN 4083324 AND 4083424
	Index Only Scan using k_3 on sbtest3  (cost=0.43..6.45 rows=101 width=4)
	  Index Cond: ((k >= 4083324) AND (k <= 4083424))

table 4 : explain SELECT k FROM sbtest4 WHERE k BETWEEN 4083324 AND 4083424
	Index Only Scan using k_4 on sbtest4  (cost=0.43..6.37 rows=97 width=4)
	  Index Cond: ((k >= 4083324) AND (k <= 4083424))

table 5 : explain SELECT k FROM sbtest5 WHERE k BETWEEN 4083324 AND 4083424
	Index Only Scan using k_5 on sbtest5  (cost=0.43..6.47 rows=102 width=4)
	  Index Cond: ((k >= 4083324) AND (k <= 4083424))

table 6 : explain SELECT k FROM sbtest6 WHERE k BETWEEN 4083324 AND 4083424
	Index Only Scan using k_6 on sbtest6  (cost=0.43..6.43 rows=100 width=4)
	  Index Cond: ((k >= 4083324) AND (k <= 4083424))

table 7 : explain SELECT k FROM sbtest7 WHERE k BETWEEN 4083324 AND 4083424
	Index Only Scan using k_7 on sbtest7  (cost=0.43..6.50 rows=103 width=4)
	  Index Cond: ((k >= 4083324) AND (k <= 4083424))

table 8 : explain SELECT k FROM sbtest8 WHERE k BETWEEN 4083324 AND 4083424
	Index Only Scan using k_8 on sbtest8  (cost=0.43..6.42 rows=99 width=4)
	  Index Cond: ((k >= 4083324) AND (k <= 4083424))

explain: for range-covered :: explain SELECT k FROM sbtest%d WHERE k BETWEEN 4083324 AND 4083424
explain: for range-covered :: explain SELECT k FROM sbtest%d WHERE k BETWEEN 7827228 AND 7827328
for range-covered
table 1 : explain SELECT k FROM sbtest1 WHERE k BETWEEN 5926643 AND 5926743
	Index Only Scan using k_1 on sbtest1  (cost=0.43..6.59 rows=108 width=4)
	  Index Cond: ((k >= 5926643) AND (k <= 5926743))

table 2 : explain SELECT k FROM sbtest2 WHERE k BETWEEN 5926643 AND 5926743
	Index Only Scan using k_2 on sbtest2  (cost=0.43..6.33 rows=95 width=4)
	  Index Cond: ((k >= 5926643) AND (k <= 5926743))

table 3 : explain SELECT k FROM sbtest3 WHERE k BETWEEN 5926643 AND 5926743
	Index Only Scan using k_3 on sbtest3  (cost=0.43..6.58 rows=107 width=4)
	  Index Cond: ((k >= 5926643) AND (k <= 5926743))

table 4 : explain SELECT k FROM sbtest4 WHERE k BETWEEN 5926643 AND 5926743
	Index Only Scan using k_4 on sbtest4  (cost=0.43..6.43 rows=100 width=4)
	  Index Cond: ((k >= 5926643) AND (k <= 5926743))

table 5 : explain SELECT k FROM sbtest5 WHERE k BETWEEN 5926643 AND 5926743
	Index Only Scan using k_5 on sbtest5  (cost=0.43..6.35 rows=96 width=4)
	  Index Cond: ((k >= 5926643) AND (k <= 5926743))

table 6 : explain SELECT k FROM sbtest6 WHERE k BETWEEN 5926643 AND 5926743
	Index Only Scan using k_6 on sbtest6  (cost=0.43..6.58 rows=107 width=4)
	  Index Cond: ((k >= 5926643) AND (k <= 5926743))

table 7 : explain SELECT k FROM sbtest7 WHERE k BETWEEN 5926643 AND 5926743
	Index Only Scan using k_7 on sbtest7  (cost=0.43..6.40 rows=98 width=4)
	  Index Cond: ((k >= 5926643) AND (k <= 5926743))

table 8 : explain SELECT k FROM sbtest8 WHERE k BETWEEN 5926643 AND 5926743
	Index Only Scan using k_8 on sbtest8  (cost=0.43..6.45 rows=101 width=4)
	  Index Cond: ((k >= 5926643) AND (k <= 5926743))

for range-covered
table 1 : explain SELECT k FROM sbtest1 WHERE k BETWEEN 6155198 AND 6155298
	Index Only Scan using k_1 on sbtest1  (cost=0.43..6.25 rows=91 width=4)
	  Index Cond: ((k >= 6155198) AND (k <= 6155298))

table 2 : explain SELECT k FROM sbtest2 WHERE k BETWEEN 6155198 AND 6155298
	Index Only Scan using k_2 on sbtest2  (cost=0.43..6.58 rows=107 width=4)
	  Index Cond: ((k >= 6155198) AND (k <= 6155298))

table 3 : explain SELECT k FROM sbtest3 WHERE k BETWEEN 6155198 AND 6155298
	Index Only Scan using k_3 on sbtest3  (cost=0.43..6.21 rows=89 width=4)
	  Index Cond: ((k >= 6155198) AND (k <= 6155298))

table 4 : explain SELECT k FROM sbtest4 WHERE k BETWEEN 6155198 AND 6155298
	Index Only Scan using k_4 on sbtest4  (cost=0.43..6.51 rows=104 width=4)
	  Index Cond: ((k >= 6155198) AND (k <= 6155298))

table 5 : explain SELECT k FROM sbtest5 WHERE k BETWEEN 6155198 AND 6155298
	Index Only Scan using k_5 on sbtest5  (cost=0.43..6.51 rows=104 width=4)
	  Index Cond: ((k >= 6155198) AND (k <= 6155298))

table 6 : explain SELECT k FROM sbtest6 WHERE k BETWEEN 6155198 AND 6155298
	Index Only Scan using k_6 on sbtest6  (cost=0.43..6.47 rows=102 width=4)
	  Index Cond: ((k >= 6155198) AND (k <= 6155298))

table 7 : explain SELECT k FROM sbtest7 WHERE k BETWEEN 6155198 AND 6155298
	Index Only Scan using k_7 on sbtest7  (cost=0.43..6.59 rows=108 width=4)
	  Index Cond: ((k >= 6155198) AND (k <= 6155298))

table 8 : explain SELECT k FROM sbtest8 WHERE k BETWEEN 6155198 AND 6155298
	Index Only Scan using k_8 on sbtest8  (cost=0.43..6.53 rows=105 width=4)
	  Index Cond: ((k >= 6155198) AND (k <= 6155298))

for range-covered
table 1 : explain SELECT k FROM sbtest1 WHERE k BETWEEN 4476165 AND 4476265
	Index Only Scan using k_1 on sbtest1  (cost=0.43..6.61 rows=109 width=4)
	  Index Cond: ((k >= 4476165) AND (k <= 4476265))

table 2 : explain SELECT k FROM sbtest2 WHERE k BETWEEN 4476165 AND 4476265
	Index Only Scan using k_2 on sbtest2  (cost=0.43..6.43 rows=100 width=4)
	  Index Cond: ((k >= 4476165) AND (k <= 4476265))

table 3 : explain SELECT k FROM sbtest3 WHERE k BETWEEN 4476165 AND 4476265
	Index Only Scan using k_3 on sbtest3  (cost=0.43..6.51 rows=104 width=4)
	  Index Cond: ((k >= 4476165) AND (k <= 4476265))

table 4 : explain SELECT k FROM sbtest4 WHERE k BETWEEN 4476165 AND 4476265
	Index Only Scan using k_4 on sbtest4  (cost=0.43..6.56 rows=106 width=4)
	  Index Cond: ((k >= 4476165) AND (k <= 4476265))

table 5 : explain SELECT k FROM sbtest5 WHERE k BETWEEN 4476165 AND 4476265
	Index Only Scan using k_5 on sbtest5  (cost=0.43..6.61 rows=109 width=4)
	  Index Cond: ((k >= 4476165) AND (k <= 4476265))

table 6 : explain SELECT k FROM sbtest6 WHERE k BETWEEN 4476165 AND 4476265
	Index Only Scan using k_6 on sbtest6  (cost=0.43..6.53 rows=105 width=4)
	  Index Cond: ((k >= 4476165) AND (k <= 4476265))

table 7 : explain SELECT k FROM sbtest7 WHERE k BETWEEN 4476165 AND 4476265
	Index Only Scan using k_7 on sbtest7  (cost=0.43..6.69 rows=113 width=4)
	  Index Cond: ((k >= 4476165) AND (k <= 4476265))

table 8 : explain SELECT k FROM sbtest8 WHERE k BETWEEN 4476165 AND 4476265
	Index Only Scan using k_8 on sbtest8  (cost=0.43..6.33 rows=95 width=4)
	  Index Cond: ((k >= 4476165) AND (k <= 4476265))

explain: for range-covered :: explain SELECT k FROM sbtest%d WHERE k BETWEEN 5926643 AND 5926743
explain: for range-covered :: explain SELECT k FROM sbtest%d WHERE k BETWEEN 6155198 AND 6155298
explain: for range-covered :: explain SELECT k FROM sbtest%d WHERE k BETWEEN 4476165 AND 4476265
for range-covered
table 1 : explain SELECT k FROM sbtest1 WHERE k BETWEEN 5575402 AND 5575502
	Index Only Scan using k_1 on sbtest1  (cost=0.43..6.51 rows=104 width=4)
	  Index Cond: ((k >= 5575402) AND (k <= 5575502))

table 2 : explain SELECT k FROM sbtest2 WHERE k BETWEEN 5575402 AND 5575502
	Index Only Scan using k_2 on sbtest2  (cost=0.43..6.43 rows=100 width=4)
	  Index Cond: ((k >= 5575402) AND (k <= 5575502))

table 3 : explain SELECT k FROM sbtest3 WHERE k BETWEEN 5575402 AND 5575502
	Index Only Scan using k_3 on sbtest3  (cost=0.43..6.63 rows=110 width=4)
	  Index Cond: ((k >= 5575402) AND (k <= 5575502))

table 4 : explain SELECT k FROM sbtest4 WHERE k BETWEEN 5575402 AND 5575502
	Index Only Scan using k_4 on sbtest4  (cost=0.43..6.47 rows=102 width=4)
	  Index Cond: ((k >= 5575402) AND (k <= 5575502))

table 5 : explain SELECT k FROM sbtest5 WHERE k BETWEEN 5575402 AND 5575502
	Index Only Scan using k_5 on sbtest5  (cost=0.43..6.75 rows=116 width=4)
	  Index Cond: ((k >= 5575402) AND (k <= 5575502))

table 6 : explain SELECT k FROM sbtest6 WHERE k BETWEEN 5575402 AND 5575502
	Index Only Scan using k_6 on sbtest6  (cost=0.43..6.51 rows=104 width=4)
	  Index Cond: ((k >= 5575402) AND (k <= 5575502))

table 7 : explain SELECT k FROM sbtest7 WHERE k BETWEEN 5575402 AND 5575502
	Index Only Scan using k_7 on sbtest7  (cost=0.43..6.58 rows=107 width=4)
	  Index Cond: ((k >= 5575402) AND (k <= 5575502))

table 8 : explain SELECT k FROM sbtest8 WHERE k BETWEEN 5575402 AND 5575502
	Index Only Scan using k_8 on sbtest8  (cost=0.43..6.40 rows=98 width=4)
	  Index Cond: ((k >= 5575402) AND (k <= 5575502))

for range-covered
table 1 : explain SELECT k FROM sbtest1 WHERE k BETWEEN 7001064 AND 7001164
	Index Only Scan using k_1 on sbtest1  (cost=0.43..6.51 rows=104 width=4)
	  Index Cond: ((k >= 7001064) AND (k <= 7001164))

table 2 : explain SELECT k FROM sbtest2 WHERE k BETWEEN 7001064 AND 7001164
	Index Only Scan using k_2 on sbtest2  (cost=0.43..6.35 rows=96 width=4)
	  Index Cond: ((k >= 7001064) AND (k <= 7001164))

table 3 : explain SELECT k FROM sbtest3 WHERE k BETWEEN 7001064 AND 7001164
	Index Only Scan using k_3 on sbtest3  (cost=0.43..6.35 rows=96 width=4)
	  Index Cond: ((k >= 7001064) AND (k <= 7001164))

table 4 : explain SELECT k FROM sbtest4 WHERE k BETWEEN 7001064 AND 7001164
	Index Only Scan using k_4 on sbtest4  (cost=0.43..6.47 rows=102 width=4)
	  Index Cond: ((k >= 7001064) AND (k <= 7001164))

table 5 : explain SELECT k FROM sbtest5 WHERE k BETWEEN 7001064 AND 7001164
	Index Only Scan using k_5 on sbtest5  (cost=0.43..6.47 rows=102 width=4)
	  Index Cond: ((k >= 7001064) AND (k <= 7001164))

table 6 : explain SELECT k FROM sbtest6 WHERE k BETWEEN 7001064 AND 7001164
	Index Only Scan using k_6 on sbtest6  (cost=0.43..6.37 rows=97 width=4)
	  Index Cond: ((k >= 7001064) AND (k <= 7001164))

table 7 : explain SELECT k FROM sbtest7 WHERE k BETWEEN 7001064 AND 7001164
	Index Only Scan using k_7 on sbtest7  (cost=0.43..6.43 rows=100 width=4)
	  Index Cond: ((k >= 7001064) AND (k <= 7001164))

table 8 : explain SELECT k FROM sbtest8 WHERE k BETWEEN 7001064 AND 7001164
	Index Only Scan using k_8 on sbtest8  (cost=0.43..6.56 rows=106 width=4)
	  Index Cond: ((k >= 7001064) AND (k <= 7001164))

explain: for range-covered :: explain SELECT k FROM sbtest%d WHERE k BETWEEN 5575402 AND 5575502
explain: for range-covered :: explain SELECT k FROM sbtest%d WHERE k BETWEEN 7001064 AND 7001164
for range-covered
table 1 : explain SELECT k FROM sbtest1 WHERE k BETWEEN 967989 AND 968089
	Index Only Scan using k_1 on sbtest1  (cost=0.43..6.58 rows=107 width=4)
	  Index Cond: ((k >= 967989) AND (k <= 968089))

table 2 : explain SELECT k FROM sbtest2 WHERE k BETWEEN 967989 AND 968089
	Index Only Scan using k_2 on sbtest2  (cost=0.43..6.35 rows=96 width=4)
	  Index Cond: ((k >= 967989) AND (k <= 968089))

table 3 : explain SELECT k FROM sbtest3 WHERE k BETWEEN 967989 AND 968089
	Index Only Scan using k_3 on sbtest3  (cost=0.43..6.53 rows=105 width=4)
	  Index Cond: ((k >= 967989) AND (k <= 968089))

table 4 : explain SELECT k FROM sbtest4 WHERE k BETWEEN 967989 AND 968089
	Index Only Scan using k_4 on sbtest4  (cost=0.43..6.37 rows=97 width=4)
	  Index Cond: ((k >= 967989) AND (k <= 968089))

table 5 : explain SELECT k FROM sbtest5 WHERE k BETWEEN 967989 AND 968089
	Index Only Scan using k_5 on sbtest5  (cost=0.43..6.50 rows=103 width=4)
	  Index Cond: ((k >= 967989) AND (k <= 968089))

table 6 : explain SELECT k FROM sbtest6 WHERE k BETWEEN 967989 AND 968089
	Index Only Scan using k_6 on sbtest6  (cost=0.43..6.29 rows=93 width=4)
	  Index Cond: ((k >= 967989) AND (k <= 968089))

table 7 : explain SELECT k FROM sbtest7 WHERE k BETWEEN 967989 AND 968089
	Index Only Scan using k_7 on sbtest7  (cost=0.43..6.51 rows=104 width=4)
	  Index Cond: ((k >= 967989) AND (k <= 968089))

table 8 : explain SELECT k FROM sbtest8 WHERE k BETWEEN 967989 AND 968089
	Index Only Scan using k_8 on sbtest8  (cost=0.43..6.43 rows=100 width=4)
	  Index Cond: ((k >= 967989) AND (k <= 968089))

explain: for range-covered :: explain SELECT k FROM sbtest%d WHERE k BETWEEN 7728797 AND 7728897
for range-covered
table 1 : explain SELECT k FROM sbtest1 WHERE k BETWEEN 4083324 AND 4083424
	Index Only Scan using k_1 on sbtest1  (cost=0.43..6.47 rows=102 width=4)
	  Index Cond: ((k >= 4083324) AND (k <= 4083424))

table 2 : explain SELECT k FROM sbtest2 WHERE k BETWEEN 4083324 AND 4083424
	Index Only Scan using k_2 on sbtest2  (cost=0.43..6.47 rows=102 width=4)
	  Index Cond: ((k >= 4083324) AND (k <= 4083424))

table 3 : explain SELECT k FROM sbtest3 WHERE k BETWEEN 4083324 AND 4083424
	Index Only Scan using k_3 on sbtest3  (cost=0.43..6.45 rows=101 width=4)
	  Index Cond: ((k >= 4083324) AND (k <= 4083424))

table 4 : explain SELECT k FROM sbtest4 WHERE k BETWEEN 4083324 AND 4083424
	Index Only Scan using k_4 on sbtest4  (cost=0.43..6.37 rows=97 width=4)
	  Index Cond: ((k >= 4083324) AND (k <= 4083424))

table 5 : explain SELECT k FROM sbtest5 WHERE k BETWEEN 4083324 AND 4083424
	Index Only Scan using k_5 on sbtest5  (cost=0.43..6.47 rows=102 width=4)
	  Index Cond: ((k >= 4083324) AND (k <= 4083424))

table 6 : explain SELECT k FROM sbtest6 WHERE k BETWEEN 4083324 AND 4083424
	Index Only Scan using k_6 on sbtest6  (cost=0.43..6.43 rows=100 width=4)
	  Index Cond: ((k >= 4083324) AND (k <= 4083424))

table 7 : explain SELECT k FROM sbtest7 WHERE k BETWEEN 4083324 AND 4083424
	Index Only Scan using k_7 on sbtest7  (cost=0.43..6.50 rows=103 width=4)
	  Index Cond: ((k >= 4083324) AND (k <= 4083424))

table 8 : explain SELECT k FROM sbtest8 WHERE k BETWEEN 4083324 AND 4083424
	Index Only Scan using k_8 on sbtest8  (cost=0.43..6.42 rows=99 width=4)
	  Index Cond: ((k >= 4083324) AND (k <= 4083424))

for range-covered
table 1 : explain SELECT k FROM sbtest1 WHERE k BETWEEN 6155198 AND 6155298
	Index Only Scan using k_1 on sbtest1  (cost=0.43..6.25 rows=91 width=4)
	  Index Cond: ((k >= 6155198) AND (k <= 6155298))

table 2 : explain SELECT k FROM sbtest2 WHERE k BETWEEN 6155198 AND 6155298
	Index Only Scan using k_2 on sbtest2  (cost=0.43..6.58 rows=107 width=4)
	  Index Cond: ((k >= 6155198) AND (k <= 6155298))

table 3 : explain SELECT k FROM sbtest3 WHERE k BETWEEN 6155198 AND 6155298
	Index Only Scan using k_3 on sbtest3  (cost=0.43..6.21 rows=89 width=4)
	  Index Cond: ((k >= 6155198) AND (k <= 6155298))

table 4 : explain SELECT k FROM sbtest4 WHERE k BETWEEN 6155198 AND 6155298
	Index Only Scan using k_4 on sbtest4  (cost=0.43..6.51 rows=104 width=4)
	  Index Cond: ((k >= 6155198) AND (k <= 6155298))

table 5 : explain SELECT k FROM sbtest5 WHERE k BETWEEN 6155198 AND 6155298
	Index Only Scan using k_5 on sbtest5  (cost=0.43..6.51 rows=104 width=4)
	  Index Cond: ((k >= 6155198) AND (k <= 6155298))

table 6 : explain SELECT k FROM sbtest6 WHERE k BETWEEN 6155198 AND 6155298
	Index Only Scan using k_6 on sbtest6  (cost=0.43..6.47 rows=102 width=4)
	  Index Cond: ((k >= 6155198) AND (k <= 6155298))

table 7 : explain SELECT k FROM sbtest7 WHERE k BETWEEN 6155198 AND 6155298
	Index Only Scan using k_7 on sbtest7  (cost=0.43..6.59 rows=108 width=4)
	  Index Cond: ((k >= 6155198) AND (k <= 6155298))

table 8 : explain SELECT k FROM sbtest8 WHERE k BETWEEN 6155198 AND 6155298
	Index Only Scan using k_8 on sbtest8  (cost=0.43..6.53 rows=105 width=4)
	  Index Cond: ((k >= 6155198) AND (k <= 6155298))

for range-covered
table 1 : explain SELECT k FROM sbtest1 WHERE k BETWEEN 5926643 AND 5926743
	Index Only Scan using k_1 on sbtest1  (cost=0.43..6.59 rows=108 width=4)
	  Index Cond: ((k >= 5926643) AND (k <= 5926743))

table 2 : explain SELECT k FROM sbtest2 WHERE k BETWEEN 5926643 AND 5926743
	Index Only Scan using k_2 on sbtest2  (cost=0.43..6.33 rows=95 width=4)
	  Index Cond: ((k >= 5926643) AND (k <= 5926743))

table 3 : explain SELECT k FROM sbtest3 WHERE k BETWEEN 5926643 AND 5926743
	Index Only Scan using k_3 on sbtest3  (cost=0.43..6.58 rows=107 width=4)
	  Index Cond: ((k >= 5926643) AND (k <= 5926743))

table 4 : explain SELECT k FROM sbtest4 WHERE k BETWEEN 5926643 AND 5926743
	Index Only Scan using k_4 on sbtest4  (cost=0.43..6.43 rows=100 width=4)
	  Index Cond: ((k >= 5926643) AND (k <= 5926743))

table 5 : explain SELECT k FROM sbtest5 WHERE k BETWEEN 5926643 AND 5926743
	Index Only Scan using k_5 on sbtest5  (cost=0.43..6.35 rows=96 width=4)
	  Index Cond: ((k >= 5926643) AND (k <= 5926743))

table 6 : explain SELECT k FROM sbtest6 WHERE k BETWEEN 5926643 AND 5926743
	Index Only Scan using k_6 on sbtest6  (cost=0.43..6.58 rows=107 width=4)
	  Index Cond: ((k >= 5926643) AND (k <= 5926743))

table 7 : explain SELECT k FROM sbtest7 WHERE k BETWEEN 5926643 AND 5926743
	Index Only Scan using k_7 on sbtest7  (cost=0.43..6.40 rows=98 width=4)
	  Index Cond: ((k >= 5926643) AND (k <= 5926743))

table 8 : explain SELECT k FROM sbtest8 WHERE k BETWEEN 5926643 AND 5926743
	Index Only Scan using k_8 on sbtest8  (cost=0.43..6.45 rows=101 width=4)
	  Index Cond: ((k >= 5926643) AND (k <= 5926743))

for range-covered
table 1 : explain SELECT k FROM sbtest1 WHERE k BETWEEN 4476165 AND 4476265
	Index Only Scan using k_1 on sbtest1  (cost=0.43..6.61 rows=109 width=4)
	  Index Cond: ((k >= 4476165) AND (k <= 4476265))

table 2 : explain SELECT k FROM sbtest2 WHERE k BETWEEN 4476165 AND 4476265
	Index Only Scan using k_2 on sbtest2  (cost=0.43..6.43 rows=100 width=4)
	  Index Cond: ((k >= 4476165) AND (k <= 4476265))

table 3 : explain SELECT k FROM sbtest3 WHERE k BETWEEN 4476165 AND 4476265
	Index Only Scan using k_3 on sbtest3  (cost=0.43..6.51 rows=104 width=4)
	  Index Cond: ((k >= 4476165) AND (k <= 4476265))

table 4 : explain SELECT k FROM sbtest4 WHERE k BETWEEN 4476165 AND 4476265
	Index Only Scan using k_4 on sbtest4  (cost=0.43..6.56 rows=106 width=4)
	  Index Cond: ((k >= 4476165) AND (k <= 4476265))

table 5 : explain SELECT k FROM sbtest5 WHERE k BETWEEN 4476165 AND 4476265
	Index Only Scan using k_5 on sbtest5  (cost=0.43..6.61 rows=109 width=4)
	  Index Cond: ((k >= 4476165) AND (k <= 4476265))

table 6 : explain SELECT k FROM sbtest6 WHERE k BETWEEN 4476165 AND 4476265
	Index Only Scan using k_6 on sbtest6  (cost=0.43..6.53 rows=105 width=4)
	  Index Cond: ((k >= 4476165) AND (k <= 4476265))

table 7 : explain SELECT k FROM sbtest7 WHERE k BETWEEN 4476165 AND 4476265
	Index Only Scan using k_7 on sbtest7  (cost=0.43..6.69 rows=113 width=4)
	  Index Cond: ((k >= 4476165) AND (k <= 4476265))

table 8 : explain SELECT k FROM sbtest8 WHERE k BETWEEN 4476165 AND 4476265
	Index Only Scan using k_8 on sbtest8  (cost=0.43..6.33 rows=95 width=4)
	  Index Cond: ((k >= 4476165) AND (k <= 4476265))

explain: for range-covered :: explain SELECT k FROM sbtest%d WHERE k BETWEEN 6155198 AND 6155298
for range-covered
table 1 : explain SELECT k FROM sbtest1 WHERE k BETWEEN 5575402 AND 5575502
	Index Only Scan using k_1 on sbtest1  (cost=0.43..6.51 rows=104 width=4)
	  Index Cond: ((k >= 5575402) AND (k <= 5575502))

table 2 : explain SELECT k FROM sbtest2 WHERE k BETWEEN 5575402 AND 5575502
	Index Only Scan using k_2 on sbtest2  (cost=0.43..6.43 rows=100 width=4)
	  Index Cond: ((k >= 5575402) AND (k <= 5575502))

table 3 : explain SELECT k FROM sbtest3 WHERE k BETWEEN 5575402 AND 5575502
	Index Only Scan using k_3 on sbtest3  (cost=0.43..6.63 rows=110 width=4)
	  Index Cond: ((k >= 5575402) AND (k <= 5575502))

table 4 : explain SELECT k FROM sbtest4 WHERE k BETWEEN 5575402 AND 5575502
	Index Only Scan using k_4 on sbtest4  (cost=0.43..6.47 rows=102 width=4)
	  Index Cond: ((k >= 5575402) AND (k <= 5575502))

table 5 : explain SELECT k FROM sbtest5 WHERE k BETWEEN 5575402 AND 5575502
	Index Only Scan using k_5 on sbtest5  (cost=0.43..6.75 rows=116 width=4)
	  Index Cond: ((k >= 5575402) AND (k <= 5575502))

table 6 : explain SELECT k FROM sbtest6 WHERE k BETWEEN 5575402 AND 5575502
	Index Only Scan using k_6 on sbtest6  (cost=0.43..6.51 rows=104 width=4)
	  Index Cond: ((k >= 5575402) AND (k <= 5575502))

table 7 : explain SELECT k FROM sbtest7 WHERE k BETWEEN 5575402 AND 5575502
	Index Only Scan using k_7 on sbtest7  (cost=0.43..6.58 rows=107 width=4)
	  Index Cond: ((k >= 5575402) AND (k <= 5575502))

table 8 : explain SELECT k FROM sbtest8 WHERE k BETWEEN 5575402 AND 5575502
	Index Only Scan using k_8 on sbtest8  (cost=0.43..6.40 rows=98 width=4)
	  Index Cond: ((k >= 5575402) AND (k <= 5575502))

for range-covered
table 1 : explain SELECT k FROM sbtest1 WHERE k BETWEEN 7827228 AND 7827328
	Index Only Scan using k_1 on sbtest1  (cost=0.43..6.58 rows=107 width=4)
	  Index Cond: ((k >= 7827228) AND (k <= 7827328))

table 2 : explain SELECT k FROM sbtest2 WHERE k BETWEEN 7827228 AND 7827328
	Index Only Scan using k_2 on sbtest2  (cost=0.43..6.25 rows=91 width=4)
	  Index Cond: ((k >= 7827228) AND (k <= 7827328))

table 3 : explain SELECT k FROM sbtest3 WHERE k BETWEEN 7827228 AND 7827328
	Index Only Scan using k_3 on sbtest3  (cost=0.43..6.50 rows=103 width=4)
	  Index Cond: ((k >= 7827228) AND (k <= 7827328))

table 4 : explain SELECT k FROM sbtest4 WHERE k BETWEEN 7827228 AND 7827328
	Index Only Scan using k_4 on sbtest4  (cost=0.43..6.42 rows=99 width=4)
	  Index Cond: ((k >= 7827228) AND (k <= 7827328))

table 5 : explain SELECT k FROM sbtest5 WHERE k BETWEEN 7827228 AND 7827328
	Index Only Scan using k_5 on sbtest5  (cost=0.43..6.66 rows=111 width=4)
	  Index Cond: ((k >= 7827228) AND (k <= 7827328))

table 6 : explain SELECT k FROM sbtest6 WHERE k BETWEEN 7827228 AND 7827328
	Index Only Scan using k_6 on sbtest6  (cost=0.43..6.42 rows=99 width=4)
	  Index Cond: ((k >= 7827228) AND (k <= 7827328))

table 7 : explain SELECT k FROM sbtest7 WHERE k BETWEEN 7827228 AND 7827328
	Index Only Scan using k_7 on sbtest7  (cost=0.43..6.66 rows=111 width=4)
	  Index Cond: ((k >= 7827228) AND (k <= 7827328))

table 8 : explain SELECT k FROM sbtest8 WHERE k BETWEEN 7827228 AND 7827328
	Index Only Scan using k_8 on sbtest8  (cost=0.43..6.77 rows=117 width=4)
	  Index Cond: ((k >= 7827228) AND (k <= 7827328))

for range-covered
table 1 : explain SELECT k FROM sbtest1 WHERE k BETWEEN 7001064 AND 7001164
	Index Only Scan using k_1 on sbtest1  (cost=0.43..6.51 rows=104 width=4)
	  Index Cond: ((k >= 7001064) AND (k <= 7001164))

table 2 : explain SELECT k FROM sbtest2 WHERE k BETWEEN 7001064 AND 7001164
	Index Only Scan using k_2 on sbtest2  (cost=0.43..6.35 rows=96 width=4)
	  Index Cond: ((k >= 7001064) AND (k <= 7001164))

table 3 : explain SELECT k FROM sbtest3 WHERE k BETWEEN 7001064 AND 7001164
	Index Only Scan using k_3 on sbtest3  (cost=0.43..6.35 rows=96 width=4)
	  Index Cond: ((k >= 7001064) AND (k <= 7001164))

table 4 : explain SELECT k FROM sbtest4 WHERE k BETWEEN 7001064 AND 7001164
	Index Only Scan using k_4 on sbtest4  (cost=0.43..6.47 rows=102 width=4)
	  Index Cond: ((k >= 7001064) AND (k <= 7001164))

table 5 : explain SELECT k FROM sbtest5 WHERE k BETWEEN 7001064 AND 7001164
	Index Only Scan using k_5 on sbtest5  (cost=0.43..6.47 rows=102 width=4)
	  Index Cond: ((k >= 7001064) AND (k <= 7001164))

table 6 : explain SELECT k FROM sbtest6 WHERE k BETWEEN 7001064 AND 7001164
	Index Only Scan using k_6 on sbtest6  (cost=0.43..6.37 rows=97 width=4)
	  Index Cond: ((k >= 7001064) AND (k <= 7001164))

table 7 : explain SELECT k FROM sbtest7 WHERE k BETWEEN 7001064 AND 7001164
	Index Only Scan using k_7 on sbtest7  (cost=0.43..6.43 rows=100 width=4)
	  Index Cond: ((k >= 7001064) AND (k <= 7001164))

table 8 : explain SELECT k FROM sbtest8 WHERE k BETWEEN 7001064 AND 7001164
	Index Only Scan using k_8 on sbtest8  (cost=0.43..6.56 rows=106 width=4)
	  Index Cond: ((k >= 7001064) AND (k <= 7001164))

for range-covered
table 1 : explain SELECT k FROM sbtest1 WHERE k BETWEEN 7728797 AND 7728897
	Index Only Scan using k_1 on sbtest1  (cost=0.43..6.47 rows=102 width=4)
	  Index Cond: ((k >= 7728797) AND (k <= 7728897))

table 2 : explain SELECT k FROM sbtest2 WHERE k BETWEEN 7728797 AND 7728897
	Index Only Scan using k_2 on sbtest2  (cost=0.43..6.51 rows=104 width=4)
	  Index Cond: ((k >= 7728797) AND (k <= 7728897))

table 3 : explain SELECT k FROM sbtest3 WHERE k BETWEEN 7728797 AND 7728897
	Index Only Scan using k_3 on sbtest3  (cost=0.43..6.40 rows=98 width=4)
	  Index Cond: ((k >= 7728797) AND (k <= 7728897))

table 4 : explain SELECT k FROM sbtest4 WHERE k BETWEEN 7728797 AND 7728897
	Index Only Scan using k_4 on sbtest4  (cost=0.43..6.47 rows=102 width=4)
	  Index Cond: ((k >= 7728797) AND (k <= 7728897))

table 5 : explain SELECT k FROM sbtest5 WHERE k BETWEEN 7728797 AND 7728897
	Index Only Scan using k_5 on sbtest5  (cost=0.43..6.56 rows=106 width=4)
	  Index Cond: ((k >= 7728797) AND (k <= 7728897))

table 6 : explain SELECT k FROM sbtest6 WHERE k BETWEEN 7728797 AND 7728897
	Index Only Scan using k_6 on sbtest6  (cost=0.43..6.43 rows=100 width=4)
	  Index Cond: ((k >= 7728797) AND (k <= 7728897))

table 7 : explain SELECT k FROM sbtest7 WHERE k BETWEEN 7728797 AND 7728897
	Index Only Scan using k_7 on sbtest7  (cost=0.43..6.51 rows=104 width=4)
	  Index Cond: ((k >= 7728797) AND (k <= 7728897))

table 8 : explain SELECT k FROM sbtest8 WHERE k BETWEEN 7728797 AND 7728897
	Index Only Scan using k_8 on sbtest8  (cost=0.43..6.40 rows=98 width=4)
	  Index Cond: ((k >= 7728797) AND (k <= 7728897))

explain: for range-covered :: explain SELECT k FROM sbtest%d WHERE k BETWEEN 7728797 AND 7728897
for range-covered
table 1 : explain SELECT k FROM sbtest1 WHERE k BETWEEN 6155198 AND 6155298
	Index Only Scan using k_1 on sbtest1  (cost=0.43..6.25 rows=91 width=4)
	  Index Cond: ((k >= 6155198) AND (k <= 6155298))

table 2 : explain SELECT k FROM sbtest2 WHERE k BETWEEN 6155198 AND 6155298
	Index Only Scan using k_2 on sbtest2  (cost=0.43..6.58 rows=107 width=4)
	  Index Cond: ((k >= 6155198) AND (k <= 6155298))

table 3 : explain SELECT k FROM sbtest3 WHERE k BETWEEN 6155198 AND 6155298
	Index Only Scan using k_3 on sbtest3  (cost=0.43..6.21 rows=89 width=4)
	  Index Cond: ((k >= 6155198) AND (k <= 6155298))

table 4 : explain SELECT k FROM sbtest4 WHERE k BETWEEN 6155198 AND 6155298
	Index Only Scan using k_4 on sbtest4  (cost=0.43..6.51 rows=104 width=4)
	  Index Cond: ((k >= 6155198) AND (k <= 6155298))

table 5 : explain SELECT k FROM sbtest5 WHERE k BETWEEN 6155198 AND 6155298
	Index Only Scan using k_5 on sbtest5  (cost=0.43..6.51 rows=104 width=4)
	  Index Cond: ((k >= 6155198) AND (k <= 6155298))

table 6 : explain SELECT k FROM sbtest6 WHERE k BETWEEN 6155198 AND 6155298
	Index Only Scan using k_6 on sbtest6  (cost=0.43..6.47 rows=102 width=4)
	  Index Cond: ((k >= 6155198) AND (k <= 6155298))

table 7 : explain SELECT k FROM sbtest7 WHERE k BETWEEN 6155198 AND 6155298
	Index Only Scan using k_7 on sbtest7  (cost=0.43..6.59 rows=108 width=4)
	  Index Cond: ((k >= 6155198) AND (k <= 6155298))

table 8 : explain SELECT k FROM sbtest8 WHERE k BETWEEN 6155198 AND 6155298
	Index Only Scan using k_8 on sbtest8  (cost=0.43..6.53 rows=105 width=4)
	  Index Cond: ((k >= 6155198) AND (k <= 6155298))

explain: for range-covered :: explain SELECT k FROM sbtest%d WHERE k BETWEEN 6155198 AND 6155298
for range-covered
table 1 : explain SELECT k FROM sbtest1 WHERE k BETWEEN 7728797 AND 7728897
	Index Only Scan using k_1 on sbtest1  (cost=0.43..6.47 rows=102 width=4)
	  Index Cond: ((k >= 7728797) AND (k <= 7728897))

table 2 : explain SELECT k FROM sbtest2 WHERE k BETWEEN 7728797 AND 7728897
	Index Only Scan using k_2 on sbtest2  (cost=0.43..6.51 rows=104 width=4)
	  Index Cond: ((k >= 7728797) AND (k <= 7728897))

table 3 : explain SELECT k FROM sbtest3 WHERE k BETWEEN 7728797 AND 7728897
	Index Only Scan using k_3 on sbtest3  (cost=0.43..6.40 rows=98 width=4)
	  Index Cond: ((k >= 7728797) AND (k <= 7728897))

table 4 : explain SELECT k FROM sbtest4 WHERE k BETWEEN 7728797 AND 7728897
	Index Only Scan using k_4 on sbtest4  (cost=0.43..6.47 rows=102 width=4)
	  Index Cond: ((k >= 7728797) AND (k <= 7728897))

table 5 : explain SELECT k FROM sbtest5 WHERE k BETWEEN 7728797 AND 7728897
	Index Only Scan using k_5 on sbtest5  (cost=0.43..6.56 rows=106 width=4)
	  Index Cond: ((k >= 7728797) AND (k <= 7728897))

table 6 : explain SELECT k FROM sbtest6 WHERE k BETWEEN 7728797 AND 7728897
	Index Only Scan using k_6 on sbtest6  (cost=0.43..6.43 rows=100 width=4)
	  Index Cond: ((k >= 7728797) AND (k <= 7728897))

table 7 : explain SELECT k FROM sbtest7 WHERE k BETWEEN 7728797 AND 7728897
	Index Only Scan using k_7 on sbtest7  (cost=0.43..6.51 rows=104 width=4)
	  Index Cond: ((k >= 7728797) AND (k <= 7728897))

table 8 : explain SELECT k FROM sbtest8 WHERE k BETWEEN 7728797 AND 7728897
	Index Only Scan using k_8 on sbtest8  (cost=0.43..6.40 rows=98 width=4)
	  Index Cond: ((k >= 7728797) AND (k <= 7728897))

for range-covered
table 1 : explain SELECT k FROM sbtest1 WHERE k BETWEEN 4674678 AND 4674778
	Index Only Scan using k_1 on sbtest1  (cost=0.43..6.35 rows=96 width=4)
	  Index Cond: ((k >= 4674678) AND (k <= 4674778))

table 2 : explain SELECT k FROM sbtest2 WHERE k BETWEEN 4674678 AND 4674778
	Index Only Scan using k_2 on sbtest2  (cost=0.43..6.51 rows=104 width=4)
	  Index Cond: ((k >= 4674678) AND (k <= 4674778))

table 3 : explain SELECT k FROM sbtest3 WHERE k BETWEEN 4674678 AND 4674778
	Index Only Scan using k_3 on sbtest3  (cost=0.43..6.43 rows=100 width=4)
	  Index Cond: ((k >= 4674678) AND (k <= 4674778))

table 4 : explain SELECT k FROM sbtest4 WHERE k BETWEEN 4674678 AND 4674778
	Index Only Scan using k_4 on sbtest4  (cost=0.43..6.45 rows=101 width=4)
	  Index Cond: ((k >= 4674678) AND (k <= 4674778))

table 5 : explain SELECT k FROM sbtest5 WHERE k BETWEEN 4674678 AND 4674778
	Index Only Scan using k_5 on sbtest5  (cost=0.43..6.50 rows=103 width=4)
	  Index Cond: ((k >= 4674678) AND (k <= 4674778))

table 6 : explain SELECT k FROM sbtest6 WHERE k BETWEEN 4674678 AND 4674778
	Index Only Scan using k_6 on sbtest6  (cost=0.43..6.56 rows=106 width=4)
	  Index Cond: ((k >= 4674678) AND (k <= 4674778))

table 7 : explain SELECT k FROM sbtest7 WHERE k BETWEEN 4674678 AND 4674778
	Index Only Scan using k_7 on sbtest7  (cost=0.43..6.51 rows=104 width=4)
	  Index Cond: ((k >= 4674678) AND (k <= 4674778))

table 8 : explain SELECT k FROM sbtest8 WHERE k BETWEEN 4674678 AND 4674778
	Index Only Scan using k_8 on sbtest8  (cost=0.43..6.42 rows=99 width=4)
	  Index Cond: ((k >= 4674678) AND (k <= 4674778))

explain: for range-covered :: explain SELECT k FROM sbtest%d WHERE k BETWEEN 7728797 AND 7728897
explain: for range-covered :: explain SELECT k FROM sbtest%d WHERE k BETWEEN 4674678 AND 4674778
for range-covered
table 1 : explain SELECT k FROM sbtest1 WHERE k BETWEEN 6155198 AND 6155298
	Index Only Scan using k_1 on sbtest1  (cost=0.43..6.25 rows=91 width=4)
	  Index Cond: ((k >= 6155198) AND (k <= 6155298))

table 2 : explain SELECT k FROM sbtest2 WHERE k BETWEEN 6155198 AND 6155298
	Index Only Scan using k_2 on sbtest2  (cost=0.43..6.58 rows=107 width=4)
	  Index Cond: ((k >= 6155198) AND (k <= 6155298))

table 3 : explain SELECT k FROM sbtest3 WHERE k BETWEEN 6155198 AND 6155298
	Index Only Scan using k_3 on sbtest3  (cost=0.43..6.21 rows=89 width=4)
	  Index Cond: ((k >= 6155198) AND (k <= 6155298))

table 4 : explain SELECT k FROM sbtest4 WHERE k BETWEEN 6155198 AND 6155298
	Index Only Scan using k_4 on sbtest4  (cost=0.43..6.51 rows=104 width=4)
	  Index Cond: ((k >= 6155198) AND (k <= 6155298))

table 5 : explain SELECT k FROM sbtest5 WHERE k BETWEEN 6155198 AND 6155298
	Index Only Scan using k_5 on sbtest5  (cost=0.43..6.51 rows=104 width=4)
	  Index Cond: ((k >= 6155198) AND (k <= 6155298))

table 6 : explain SELECT k FROM sbtest6 WHERE k BETWEEN 6155198 AND 6155298
	Index Only Scan using k_6 on sbtest6  (cost=0.43..6.47 rows=102 width=4)
	  Index Cond: ((k >= 6155198) AND (k <= 6155298))

table 7 : explain SELECT k FROM sbtest7 WHERE k BETWEEN 6155198 AND 6155298
	Index Only Scan using k_7 on sbtest7  (cost=0.43..6.59 rows=108 width=4)
	  Index Cond: ((k >= 6155198) AND (k <= 6155298))

table 8 : explain SELECT k FROM sbtest8 WHERE k BETWEEN 6155198 AND 6155298
	Index Only Scan using k_8 on sbtest8  (cost=0.43..6.53 rows=105 width=4)
	  Index Cond: ((k >= 6155198) AND (k <= 6155298))

explain: for range-covered :: explain SELECT k FROM sbtest%d WHERE k BETWEEN 6155198 AND 6155298
for range-covered
table 1 : explain SELECT k FROM sbtest1 WHERE k BETWEEN 7728797 AND 7728897
	Index Only Scan using k_1 on sbtest1  (cost=0.43..6.47 rows=102 width=4)
	  Index Cond: ((k >= 7728797) AND (k <= 7728897))

table 2 : explain SELECT k FROM sbtest2 WHERE k BETWEEN 7728797 AND 7728897
	Index Only Scan using k_2 on sbtest2  (cost=0.43..6.51 rows=104 width=4)
	  Index Cond: ((k >= 7728797) AND (k <= 7728897))

table 3 : explain SELECT k FROM sbtest3 WHERE k BETWEEN 7728797 AND 7728897
	Index Only Scan using k_3 on sbtest3  (cost=0.43..6.40 rows=98 width=4)
	  Index Cond: ((k >= 7728797) AND (k <= 7728897))

table 4 : explain SELECT k FROM sbtest4 WHERE k BETWEEN 7728797 AND 7728897
	Index Only Scan using k_4 on sbtest4  (cost=0.43..6.47 rows=102 width=4)
	  Index Cond: ((k >= 7728797) AND (k <= 7728897))

table 5 : explain SELECT k FROM sbtest5 WHERE k BETWEEN 7728797 AND 7728897
	Index Only Scan using k_5 on sbtest5  (cost=0.43..6.56 rows=106 width=4)
	  Index Cond: ((k >= 7728797) AND (k <= 7728897))

table 6 : explain SELECT k FROM sbtest6 WHERE k BETWEEN 7728797 AND 7728897
	Index Only Scan using k_6 on sbtest6  (cost=0.43..6.43 rows=100 width=4)
	  Index Cond: ((k >= 7728797) AND (k <= 7728897))

table 7 : explain SELECT k FROM sbtest7 WHERE k BETWEEN 7728797 AND 7728897
	Index Only Scan using k_7 on sbtest7  (cost=0.43..6.51 rows=104 width=4)
	  Index Cond: ((k >= 7728797) AND (k <= 7728897))

table 8 : explain SELECT k FROM sbtest8 WHERE k BETWEEN 7728797 AND 7728897
	Index Only Scan using k_8 on sbtest8  (cost=0.43..6.40 rows=98 width=4)
	  Index Cond: ((k >= 7728797) AND (k <= 7728897))

explain: for range-covered :: explain SELECT k FROM sbtest%d WHERE k BETWEEN 7728797 AND 7728897
for range-covered
table 1 : explain SELECT k FROM sbtest1 WHERE k BETWEEN 4674678 AND 4674778
	Index Only Scan using k_1 on sbtest1  (cost=0.43..6.35 rows=96 width=4)
	  Index Cond: ((k >= 4674678) AND (k <= 4674778))

table 2 : explain SELECT k FROM sbtest2 WHERE k BETWEEN 4674678 AND 4674778
	Index Only Scan using k_2 on sbtest2  (cost=0.43..6.51 rows=104 width=4)
	  Index Cond: ((k >= 4674678) AND (k <= 4674778))

table 3 : explain SELECT k FROM sbtest3 WHERE k BETWEEN 4674678 AND 4674778
	Index Only Scan using k_3 on sbtest3  (cost=0.43..6.43 rows=100 width=4)
	  Index Cond: ((k >= 4674678) AND (k <= 4674778))

table 4 : explain SELECT k FROM sbtest4 WHERE k BETWEEN 4674678 AND 4674778
	Index Only Scan using k_4 on sbtest4  (cost=0.43..6.45 rows=101 width=4)
	  Index Cond: ((k >= 4674678) AND (k <= 4674778))

table 5 : explain SELECT k FROM sbtest5 WHERE k BETWEEN 4674678 AND 4674778
	Index Only Scan using k_5 on sbtest5  (cost=0.43..6.50 rows=103 width=4)
	  Index Cond: ((k >= 4674678) AND (k <= 4674778))

table 6 : explain SELECT k FROM sbtest6 WHERE k BETWEEN 4674678 AND 4674778
	Index Only Scan using k_6 on sbtest6  (cost=0.43..6.56 rows=106 width=4)
	  Index Cond: ((k >= 4674678) AND (k <= 4674778))

table 7 : explain SELECT k FROM sbtest7 WHERE k BETWEEN 4674678 AND 4674778
	Index Only Scan using k_7 on sbtest7  (cost=0.43..6.51 rows=104 width=4)
	  Index Cond: ((k >= 4674678) AND (k <= 4674778))

table 8 : explain SELECT k FROM sbtest8 WHERE k BETWEEN 4674678 AND 4674778
	Index Only Scan using k_8 on sbtest8  (cost=0.43..6.42 rows=99 width=4)
	  Index Cond: ((k >= 4674678) AND (k <= 4674778))

explain: for range-covered :: explain SELECT k FROM sbtest%d WHERE k BETWEEN 4674678 AND 4674778
for range-covered
table 1 : explain SELECT k FROM sbtest1 WHERE k BETWEEN 6155198 AND 6155298
	Index Only Scan using k_1 on sbtest1  (cost=0.43..6.25 rows=91 width=4)
	  Index Cond: ((k >= 6155198) AND (k <= 6155298))

table 2 : explain SELECT k FROM sbtest2 WHERE k BETWEEN 6155198 AND 6155298
	Index Only Scan using k_2 on sbtest2  (cost=0.43..6.58 rows=107 width=4)
	  Index Cond: ((k >= 6155198) AND (k <= 6155298))

table 3 : explain SELECT k FROM sbtest3 WHERE k BETWEEN 6155198 AND 6155298
	Index Only Scan using k_3 on sbtest3  (cost=0.43..6.21 rows=89 width=4)
	  Index Cond: ((k >= 6155198) AND (k <= 6155298))

table 4 : explain SELECT k FROM sbtest4 WHERE k BETWEEN 6155198 AND 6155298
	Index Only Scan using k_4 on sbtest4  (cost=0.43..6.51 rows=104 width=4)
	  Index Cond: ((k >= 6155198) AND (k <= 6155298))

table 5 : explain SELECT k FROM sbtest5 WHERE k BETWEEN 6155198 AND 6155298
	Index Only Scan using k_5 on sbtest5  (cost=0.43..6.51 rows=104 width=4)
	  Index Cond: ((k >= 6155198) AND (k <= 6155298))

table 6 : explain SELECT k FROM sbtest6 WHERE k BETWEEN 6155198 AND 6155298
	Index Only Scan using k_6 on sbtest6  (cost=0.43..6.47 rows=102 width=4)
	  Index Cond: ((k >= 6155198) AND (k <= 6155298))

table 7 : explain SELECT k FROM sbtest7 WHERE k BETWEEN 6155198 AND 6155298
	Index Only Scan using k_7 on sbtest7  (cost=0.43..6.59 rows=108 width=4)
	  Index Cond: ((k >= 6155198) AND (k <= 6155298))

table 8 : explain SELECT k FROM sbtest8 WHERE k BETWEEN 6155198 AND 6155298
	Index Only Scan using k_8 on sbtest8  (cost=0.43..6.53 rows=105 width=4)
	  Index Cond: ((k >= 6155198) AND (k <= 6155298))

explain: for range-covered :: explain SELECT k FROM sbtest%d WHERE k BETWEEN 6155198 AND 6155298
for range-covered
table 1 : explain SELECT k FROM sbtest1 WHERE k BETWEEN 7728797 AND 7728897
	Index Only Scan using k_1 on sbtest1  (cost=0.43..6.47 rows=102 width=4)
	  Index Cond: ((k >= 7728797) AND (k <= 7728897))

table 2 : explain SELECT k FROM sbtest2 WHERE k BETWEEN 7728797 AND 7728897
	Index Only Scan using k_2 on sbtest2  (cost=0.43..6.51 rows=104 width=4)
	  Index Cond: ((k >= 7728797) AND (k <= 7728897))

table 3 : explain SELECT k FROM sbtest3 WHERE k BETWEEN 7728797 AND 7728897
	Index Only Scan using k_3 on sbtest3  (cost=0.43..6.40 rows=98 width=4)
	  Index Cond: ((k >= 7728797) AND (k <= 7728897))

table 4 : explain SELECT k FROM sbtest4 WHERE k BETWEEN 7728797 AND 7728897
	Index Only Scan using k_4 on sbtest4  (cost=0.43..6.47 rows=102 width=4)
	  Index Cond: ((k >= 7728797) AND (k <= 7728897))

table 5 : explain SELECT k FROM sbtest5 WHERE k BETWEEN 7728797 AND 7728897
	Index Only Scan using k_5 on sbtest5  (cost=0.43..6.56 rows=106 width=4)
	  Index Cond: ((k >= 7728797) AND (k <= 7728897))

table 6 : explain SELECT k FROM sbtest6 WHERE k BETWEEN 7728797 AND 7728897
	Index Only Scan using k_6 on sbtest6  (cost=0.43..6.43 rows=100 width=4)
	  Index Cond: ((k >= 7728797) AND (k <= 7728897))

table 7 : explain SELECT k FROM sbtest7 WHERE k BETWEEN 7728797 AND 7728897
	Index Only Scan using k_7 on sbtest7  (cost=0.43..6.51 rows=104 width=4)
	  Index Cond: ((k >= 7728797) AND (k <= 7728897))

table 8 : explain SELECT k FROM sbtest8 WHERE k BETWEEN 7728797 AND 7728897
	Index Only Scan using k_8 on sbtest8  (cost=0.43..6.40 rows=98 width=4)
	  Index Cond: ((k >= 7728797) AND (k <= 7728897))

explain: for range-covered :: explain SELECT k FROM sbtest%d WHERE k BETWEEN 7728797 AND 7728897
for range-covered
table 1 : explain SELECT k FROM sbtest1 WHERE k BETWEEN 4674678 AND 4674778
	Index Only Scan using k_1 on sbtest1  (cost=0.43..6.35 rows=96 width=4)
	  Index Cond: ((k >= 4674678) AND (k <= 4674778))

table 2 : explain SELECT k FROM sbtest2 WHERE k BETWEEN 4674678 AND 4674778
	Index Only Scan using k_2 on sbtest2  (cost=0.43..6.51 rows=104 width=4)
	  Index Cond: ((k >= 4674678) AND (k <= 4674778))

table 3 : explain SELECT k FROM sbtest3 WHERE k BETWEEN 4674678 AND 4674778
	Index Only Scan using k_3 on sbtest3  (cost=0.43..6.43 rows=100 width=4)
	  Index Cond: ((k >= 4674678) AND (k <= 4674778))

table 4 : explain SELECT k FROM sbtest4 WHERE k BETWEEN 4674678 AND 4674778
	Index Only Scan using k_4 on sbtest4  (cost=0.43..6.45 rows=101 width=4)
	  Index Cond: ((k >= 4674678) AND (k <= 4674778))

table 5 : explain SELECT k FROM sbtest5 WHERE k BETWEEN 4674678 AND 4674778
	Index Only Scan using k_5 on sbtest5  (cost=0.43..6.50 rows=103 width=4)
	  Index Cond: ((k >= 4674678) AND (k <= 4674778))

table 6 : explain SELECT k FROM sbtest6 WHERE k BETWEEN 4674678 AND 4674778
	Index Only Scan using k_6 on sbtest6  (cost=0.43..6.56 rows=106 width=4)
	  Index Cond: ((k >= 4674678) AND (k <= 4674778))

table 7 : explain SELECT k FROM sbtest7 WHERE k BETWEEN 4674678 AND 4674778
	Index Only Scan using k_7 on sbtest7  (cost=0.43..6.51 rows=104 width=4)
	  Index Cond: ((k >= 4674678) AND (k <= 4674778))

table 8 : explain SELECT k FROM sbtest8 WHERE k BETWEEN 4674678 AND 4674778
	Index Only Scan using k_8 on sbtest8  (cost=0.43..6.42 rows=99 width=4)
	  Index Cond: ((k >= 4674678) AND (k <= 4674778))

explain: for range-covered :: explain SELECT k FROM sbtest%d WHERE k BETWEEN 4674678 AND 4674778
for range-covered
table 1 : explain SELECT k FROM sbtest1 WHERE k BETWEEN 6155198 AND 6155298
	Index Only Scan using k_1 on sbtest1  (cost=0.43..6.25 rows=91 width=4)
	  Index Cond: ((k >= 6155198) AND (k <= 6155298))

table 2 : explain SELECT k FROM sbtest2 WHERE k BETWEEN 6155198 AND 6155298
	Index Only Scan using k_2 on sbtest2  (cost=0.43..6.58 rows=107 width=4)
	  Index Cond: ((k >= 6155198) AND (k <= 6155298))

table 3 : explain SELECT k FROM sbtest3 WHERE k BETWEEN 6155198 AND 6155298
	Index Only Scan using k_3 on sbtest3  (cost=0.43..6.21 rows=89 width=4)
	  Index Cond: ((k >= 6155198) AND (k <= 6155298))

table 4 : explain SELECT k FROM sbtest4 WHERE k BETWEEN 6155198 AND 6155298
	Index Only Scan using k_4 on sbtest4  (cost=0.43..6.51 rows=104 width=4)
	  Index Cond: ((k >= 6155198) AND (k <= 6155298))

table 5 : explain SELECT k FROM sbtest5 WHERE k BETWEEN 6155198 AND 6155298
	Index Only Scan using k_5 on sbtest5  (cost=0.43..6.51 rows=104 width=4)
	  Index Cond: ((k >= 6155198) AND (k <= 6155298))

table 6 : explain SELECT k FROM sbtest6 WHERE k BETWEEN 6155198 AND 6155298
	Index Only Scan using k_6 on sbtest6  (cost=0.43..6.47 rows=102 width=4)
	  Index Cond: ((k >= 6155198) AND (k <= 6155298))

table 7 : explain SELECT k FROM sbtest7 WHERE k BETWEEN 6155198 AND 6155298
	Index Only Scan using k_7 on sbtest7  (cost=0.43..6.59 rows=108 width=4)
	  Index Cond: ((k >= 6155198) AND (k <= 6155298))

table 8 : explain SELECT k FROM sbtest8 WHERE k BETWEEN 6155198 AND 6155298
	Index Only Scan using k_8 on sbtest8  (cost=0.43..6.53 rows=105 width=4)
	  Index Cond: ((k >= 6155198) AND (k <= 6155298))

for range-covered
table 1 : explain SELECT k FROM sbtest1 WHERE k BETWEEN 7728797 AND 7728897
	Index Only Scan using k_1 on sbtest1  (cost=0.43..6.47 rows=102 width=4)
	  Index Cond: ((k >= 7728797) AND (k <= 7728897))

table 2 : explain SELECT k FROM sbtest2 WHERE k BETWEEN 7728797 AND 7728897
	Index Only Scan using k_2 on sbtest2  (cost=0.43..6.51 rows=104 width=4)
	  Index Cond: ((k >= 7728797) AND (k <= 7728897))

table 3 : explain SELECT k FROM sbtest3 WHERE k BETWEEN 7728797 AND 7728897
	Index Only Scan using k_3 on sbtest3  (cost=0.43..6.40 rows=98 width=4)
	  Index Cond: ((k >= 7728797) AND (k <= 7728897))

table 4 : explain SELECT k FROM sbtest4 WHERE k BETWEEN 7728797 AND 7728897
	Index Only Scan using k_4 on sbtest4  (cost=0.43..6.47 rows=102 width=4)
	  Index Cond: ((k >= 7728797) AND (k <= 7728897))

table 5 : explain SELECT k FROM sbtest5 WHERE k BETWEEN 7728797 AND 7728897
	Index Only Scan using k_5 on sbtest5  (cost=0.43..6.56 rows=106 width=4)
	  Index Cond: ((k >= 7728797) AND (k <= 7728897))

table 6 : explain SELECT k FROM sbtest6 WHERE k BETWEEN 7728797 AND 7728897
	Index Only Scan using k_6 on sbtest6  (cost=0.43..6.43 rows=100 width=4)
	  Index Cond: ((k >= 7728797) AND (k <= 7728897))

table 7 : explain SELECT k FROM sbtest7 WHERE k BETWEEN 7728797 AND 7728897
	Index Only Scan using k_7 on sbtest7  (cost=0.43..6.51 rows=104 width=4)
	  Index Cond: ((k >= 7728797) AND (k <= 7728897))

table 8 : explain SELECT k FROM sbtest8 WHERE k BETWEEN 7728797 AND 7728897
	Index Only Scan using k_8 on sbtest8  (cost=0.43..6.40 rows=98 width=4)
	  Index Cond: ((k >= 7728797) AND (k <= 7728897))

explain: for range-covered :: explain SELECT k FROM sbtest%d WHERE k BETWEEN 7728797 AND 7728897
for range-covered
table 1 : explain SELECT k FROM sbtest1 WHERE k BETWEEN 4674678 AND 4674778
	Index Only Scan using k_1 on sbtest1  (cost=0.43..6.35 rows=96 width=4)
	  Index Cond: ((k >= 4674678) AND (k <= 4674778))

table 2 : explain SELECT k FROM sbtest2 WHERE k BETWEEN 4674678 AND 4674778
	Index Only Scan using k_2 on sbtest2  (cost=0.43..6.51 rows=104 width=4)
	  Index Cond: ((k >= 4674678) AND (k <= 4674778))

table 3 : explain SELECT k FROM sbtest3 WHERE k BETWEEN 4674678 AND 4674778
	Index Only Scan using k_3 on sbtest3  (cost=0.43..6.43 rows=100 width=4)
	  Index Cond: ((k >= 4674678) AND (k <= 4674778))

table 4 : explain SELECT k FROM sbtest4 WHERE k BETWEEN 4674678 AND 4674778
	Index Only Scan using k_4 on sbtest4  (cost=0.43..6.45 rows=101 width=4)
	  Index Cond: ((k >= 4674678) AND (k <= 4674778))

table 5 : explain SELECT k FROM sbtest5 WHERE k BETWEEN 4674678 AND 4674778
	Index Only Scan using k_5 on sbtest5  (cost=0.43..6.50 rows=103 width=4)
	  Index Cond: ((k >= 4674678) AND (k <= 4674778))

table 6 : explain SELECT k FROM sbtest6 WHERE k BETWEEN 4674678 AND 4674778
	Index Only Scan using k_6 on sbtest6  (cost=0.43..6.56 rows=106 width=4)
	  Index Cond: ((k >= 4674678) AND (k <= 4674778))

table 7 : explain SELECT k FROM sbtest7 WHERE k BETWEEN 4674678 AND 4674778
	Index Only Scan using k_7 on sbtest7  (cost=0.43..6.51 rows=104 width=4)
	  Index Cond: ((k >= 4674678) AND (k <= 4674778))

table 8 : explain SELECT k FROM sbtest8 WHERE k BETWEEN 4674678 AND 4674778
	Index Only Scan using k_8 on sbtest8  (cost=0.43..6.42 rows=99 width=4)
	  Index Cond: ((k >= 4674678) AND (k <= 4674778))

explain: for range-covered :: explain SELECT k FROM sbtest%d WHERE k BETWEEN 4674678 AND 4674778
for range-covered
table 1 : explain SELECT k FROM sbtest1 WHERE k BETWEEN 7728797 AND 7728897
	Index Only Scan using k_1 on sbtest1  (cost=0.43..6.47 rows=102 width=4)
	  Index Cond: ((k >= 7728797) AND (k <= 7728897))

table 2 : explain SELECT k FROM sbtest2 WHERE k BETWEEN 7728797 AND 7728897
	Index Only Scan using k_2 on sbtest2  (cost=0.43..6.51 rows=104 width=4)
	  Index Cond: ((k >= 7728797) AND (k <= 7728897))

table 3 : explain SELECT k FROM sbtest3 WHERE k BETWEEN 7728797 AND 7728897
	Index Only Scan using k_3 on sbtest3  (cost=0.43..6.40 rows=98 width=4)
	  Index Cond: ((k >= 7728797) AND (k <= 7728897))

table 4 : explain SELECT k FROM sbtest4 WHERE k BETWEEN 7728797 AND 7728897
	Index Only Scan using k_4 on sbtest4  (cost=0.43..6.47 rows=102 width=4)
	  Index Cond: ((k >= 7728797) AND (k <= 7728897))

table 5 : explain SELECT k FROM sbtest5 WHERE k BETWEEN 7728797 AND 7728897
	Index Only Scan using k_5 on sbtest5  (cost=0.43..6.56 rows=106 width=4)
	  Index Cond: ((k >= 7728797) AND (k <= 7728897))

table 6 : explain SELECT k FROM sbtest6 WHERE k BETWEEN 7728797 AND 7728897
	Index Only Scan using k_6 on sbtest6  (cost=0.43..6.43 rows=100 width=4)
	  Index Cond: ((k >= 7728797) AND (k <= 7728897))

table 7 : explain SELECT k FROM sbtest7 WHERE k BETWEEN 7728797 AND 7728897
	Index Only Scan using k_7 on sbtest7  (cost=0.43..6.51 rows=104 width=4)
	  Index Cond: ((k >= 7728797) AND (k <= 7728897))

table 8 : explain SELECT k FROM sbtest8 WHERE k BETWEEN 7728797 AND 7728897
	Index Only Scan using k_8 on sbtest8  (cost=0.43..6.40 rows=98 width=4)
	  Index Cond: ((k >= 7728797) AND (k <= 7728897))

explain: for range-covered :: explain SELECT k FROM sbtest%d WHERE k BETWEEN 7728797 AND 7728897
for range-covered
table 1 : explain SELECT k FROM sbtest1 WHERE k BETWEEN 4674678 AND 4674778
	Index Only Scan using k_1 on sbtest1  (cost=0.43..6.35 rows=96 width=4)
	  Index Cond: ((k >= 4674678) AND (k <= 4674778))

table 2 : explain SELECT k FROM sbtest2 WHERE k BETWEEN 4674678 AND 4674778
	Index Only Scan using k_2 on sbtest2  (cost=0.43..6.51 rows=104 width=4)
	  Index Cond: ((k >= 4674678) AND (k <= 4674778))

table 3 : explain SELECT k FROM sbtest3 WHERE k BETWEEN 4674678 AND 4674778
	Index Only Scan using k_3 on sbtest3  (cost=0.43..6.43 rows=100 width=4)
	  Index Cond: ((k >= 4674678) AND (k <= 4674778))

table 4 : explain SELECT k FROM sbtest4 WHERE k BETWEEN 4674678 AND 4674778
	Index Only Scan using k_4 on sbtest4  (cost=0.43..6.45 rows=101 width=4)
	  Index Cond: ((k >= 4674678) AND (k <= 4674778))

table 5 : explain SELECT k FROM sbtest5 WHERE k BETWEEN 4674678 AND 4674778
	Index Only Scan using k_5 on sbtest5  (cost=0.43..6.50 rows=103 width=4)
	  Index Cond: ((k >= 4674678) AND (k <= 4674778))

table 6 : explain SELECT k FROM sbtest6 WHERE k BETWEEN 4674678 AND 4674778
	Index Only Scan using k_6 on sbtest6  (cost=0.43..6.56 rows=106 width=4)
	  Index Cond: ((k >= 4674678) AND (k <= 4674778))

table 7 : explain SELECT k FROM sbtest7 WHERE k BETWEEN 4674678 AND 4674778
	Index Only Scan using k_7 on sbtest7  (cost=0.43..6.51 rows=104 width=4)
	  Index Cond: ((k >= 4674678) AND (k <= 4674778))

table 8 : explain SELECT k FROM sbtest8 WHERE k BETWEEN 4674678 AND 4674778
	Index Only Scan using k_8 on sbtest8  (cost=0.43..6.42 rows=99 width=4)
	  Index Cond: ((k >= 4674678) AND (k <= 4674778))

explain: for range-covered :: explain SELECT k FROM sbtest%d WHERE k BETWEEN 4674678 AND 4674778
for range-covered
table 1 : explain SELECT k FROM sbtest1 WHERE k BETWEEN 7728797 AND 7728897
	Index Only Scan using k_1 on sbtest1  (cost=0.43..6.47 rows=102 width=4)
	  Index Cond: ((k >= 7728797) AND (k <= 7728897))

table 2 : explain SELECT k FROM sbtest2 WHERE k BETWEEN 7728797 AND 7728897
	Index Only Scan using k_2 on sbtest2  (cost=0.43..6.51 rows=104 width=4)
	  Index Cond: ((k >= 7728797) AND (k <= 7728897))

table 3 : explain SELECT k FROM sbtest3 WHERE k BETWEEN 7728797 AND 7728897
	Index Only Scan using k_3 on sbtest3  (cost=0.43..6.40 rows=98 width=4)
	  Index Cond: ((k >= 7728797) AND (k <= 7728897))

table 4 : explain SELECT k FROM sbtest4 WHERE k BETWEEN 7728797 AND 7728897
	Index Only Scan using k_4 on sbtest4  (cost=0.43..6.47 rows=102 width=4)
	  Index Cond: ((k >= 7728797) AND (k <= 7728897))

table 5 : explain SELECT k FROM sbtest5 WHERE k BETWEEN 7728797 AND 7728897
	Index Only Scan using k_5 on sbtest5  (cost=0.43..6.56 rows=106 width=4)
	  Index Cond: ((k >= 7728797) AND (k <= 7728897))

table 6 : explain SELECT k FROM sbtest6 WHERE k BETWEEN 7728797 AND 7728897
	Index Only Scan using k_6 on sbtest6  (cost=0.43..6.43 rows=100 width=4)
	  Index Cond: ((k >= 7728797) AND (k <= 7728897))

table 7 : explain SELECT k FROM sbtest7 WHERE k BETWEEN 7728797 AND 7728897
	Index Only Scan using k_7 on sbtest7  (cost=0.43..6.51 rows=104 width=4)
	  Index Cond: ((k >= 7728797) AND (k <= 7728897))

table 8 : explain SELECT k FROM sbtest8 WHERE k BETWEEN 7728797 AND 7728897
	Index Only Scan using k_8 on sbtest8  (cost=0.43..6.40 rows=98 width=4)
	  Index Cond: ((k >= 7728797) AND (k <= 7728897))

for range-covered
table 1 : explain SELECT k FROM sbtest1 WHERE k BETWEEN 4674678 AND 4674778
	Index Only Scan using k_1 on sbtest1  (cost=0.43..6.35 rows=96 width=4)
	  Index Cond: ((k >= 4674678) AND (k <= 4674778))

table 2 : explain SELECT k FROM sbtest2 WHERE k BETWEEN 4674678 AND 4674778
	Index Only Scan using k_2 on sbtest2  (cost=0.43..6.51 rows=104 width=4)
	  Index Cond: ((k >= 4674678) AND (k <= 4674778))

table 3 : explain SELECT k FROM sbtest3 WHERE k BETWEEN 4674678 AND 4674778
	Index Only Scan using k_3 on sbtest3  (cost=0.43..6.43 rows=100 width=4)
	  Index Cond: ((k >= 4674678) AND (k <= 4674778))

table 4 : explain SELECT k FROM sbtest4 WHERE k BETWEEN 4674678 AND 4674778
	Index Only Scan using k_4 on sbtest4  (cost=0.43..6.45 rows=101 width=4)
	  Index Cond: ((k >= 4674678) AND (k <= 4674778))

table 5 : explain SELECT k FROM sbtest5 WHERE k BETWEEN 4674678 AND 4674778
	Index Only Scan using k_5 on sbtest5  (cost=0.43..6.50 rows=103 width=4)
	  Index Cond: ((k >= 4674678) AND (k <= 4674778))

table 6 : explain SELECT k FROM sbtest6 WHERE k BETWEEN 4674678 AND 4674778
	Index Only Scan using k_6 on sbtest6  (cost=0.43..6.56 rows=106 width=4)
	  Index Cond: ((k >= 4674678) AND (k <= 4674778))

table 7 : explain SELECT k FROM sbtest7 WHERE k BETWEEN 4674678 AND 4674778
	Index Only Scan using k_7 on sbtest7  (cost=0.43..6.51 rows=104 width=4)
	  Index Cond: ((k >= 4674678) AND (k <= 4674778))

table 8 : explain SELECT k FROM sbtest8 WHERE k BETWEEN 4674678 AND 4674778
	Index Only Scan using k_8 on sbtest8  (cost=0.43..6.42 rows=99 width=4)
	  Index Cond: ((k >= 4674678) AND (k <= 4674778))

explain: for range-covered :: explain SELECT k FROM sbtest%d WHERE k BETWEEN 4674678 AND 4674778
for range-covered
table 1 : explain SELECT k FROM sbtest1 WHERE k BETWEEN 4674678 AND 4674778
	Index Only Scan using k_1 on sbtest1  (cost=0.43..6.35 rows=96 width=4)
	  Index Cond: ((k >= 4674678) AND (k <= 4674778))

table 2 : explain SELECT k FROM sbtest2 WHERE k BETWEEN 4674678 AND 4674778
	Index Only Scan using k_2 on sbtest2  (cost=0.43..6.51 rows=104 width=4)
	  Index Cond: ((k >= 4674678) AND (k <= 4674778))

table 3 : explain SELECT k FROM sbtest3 WHERE k BETWEEN 4674678 AND 4674778
	Index Only Scan using k_3 on sbtest3  (cost=0.43..6.43 rows=100 width=4)
	  Index Cond: ((k >= 4674678) AND (k <= 4674778))

table 4 : explain SELECT k FROM sbtest4 WHERE k BETWEEN 4674678 AND 4674778
	Index Only Scan using k_4 on sbtest4  (cost=0.43..6.45 rows=101 width=4)
	  Index Cond: ((k >= 4674678) AND (k <= 4674778))

table 5 : explain SELECT k FROM sbtest5 WHERE k BETWEEN 4674678 AND 4674778
	Index Only Scan using k_5 on sbtest5  (cost=0.43..6.50 rows=103 width=4)
	  Index Cond: ((k >= 4674678) AND (k <= 4674778))

table 6 : explain SELECT k FROM sbtest6 WHERE k BETWEEN 4674678 AND 4674778
	Index Only Scan using k_6 on sbtest6  (cost=0.43..6.56 rows=106 width=4)
	  Index Cond: ((k >= 4674678) AND (k <= 4674778))

table 7 : explain SELECT k FROM sbtest7 WHERE k BETWEEN 4674678 AND 4674778
	Index Only Scan using k_7 on sbtest7  (cost=0.43..6.51 rows=104 width=4)
	  Index Cond: ((k >= 4674678) AND (k <= 4674778))

table 8 : explain SELECT k FROM sbtest8 WHERE k BETWEEN 4674678 AND 4674778
	Index Only Scan using k_8 on sbtest8  (cost=0.43..6.42 rows=99 width=4)
	  Index Cond: ((k >= 4674678) AND (k <= 4674778))

explain: for range-covered :: explain SELECT k FROM sbtest%d WHERE k BETWEEN 4674678 AND 4674778
for range-covered
table 1 : explain SELECT k FROM sbtest1 WHERE k BETWEEN 4674678 AND 4674778
	Index Only Scan using k_1 on sbtest1  (cost=0.43..6.35 rows=96 width=4)
	  Index Cond: ((k >= 4674678) AND (k <= 4674778))

table 2 : explain SELECT k FROM sbtest2 WHERE k BETWEEN 4674678 AND 4674778
	Index Only Scan using k_2 on sbtest2  (cost=0.43..6.51 rows=104 width=4)
	  Index Cond: ((k >= 4674678) AND (k <= 4674778))

table 3 : explain SELECT k FROM sbtest3 WHERE k BETWEEN 4674678 AND 4674778
	Index Only Scan using k_3 on sbtest3  (cost=0.43..6.43 rows=100 width=4)
	  Index Cond: ((k >= 4674678) AND (k <= 4674778))

table 4 : explain SELECT k FROM sbtest4 WHERE k BETWEEN 4674678 AND 4674778
	Index Only Scan using k_4 on sbtest4  (cost=0.43..6.45 rows=101 width=4)
	  Index Cond: ((k >= 4674678) AND (k <= 4674778))

table 5 : explain SELECT k FROM sbtest5 WHERE k BETWEEN 4674678 AND 4674778
	Index Only Scan using k_5 on sbtest5  (cost=0.43..6.50 rows=103 width=4)
	  Index Cond: ((k >= 4674678) AND (k <= 4674778))

table 6 : explain SELECT k FROM sbtest6 WHERE k BETWEEN 4674678 AND 4674778
	Index Only Scan using k_6 on sbtest6  (cost=0.43..6.56 rows=106 width=4)
	  Index Cond: ((k >= 4674678) AND (k <= 4674778))

table 7 : explain SELECT k FROM sbtest7 WHERE k BETWEEN 4674678 AND 4674778
	Index Only Scan using k_7 on sbtest7  (cost=0.43..6.51 rows=104 width=4)
	  Index Cond: ((k >= 4674678) AND (k <= 4674778))

table 8 : explain SELECT k FROM sbtest8 WHERE k BETWEEN 4674678 AND 4674778
	Index Only Scan using k_8 on sbtest8  (cost=0.43..6.42 rows=99 width=4)
	  Index Cond: ((k >= 4674678) AND (k <= 4674778))

Threads started!

Warming up for 5 seconds...

SQL statistics:
    queries performed:
        read:                            252082798
        write:                           0
        other:                           0
        total:                           252082798
    transactions:                        252082798 (400127.75 per sec.)
    queries:                             252082798 (400127.75 per sec.)
    ignored errors:                      0      (0.00 per sec.)
    reconnects:                          0      (0.00 per sec.)

Throughput:
    events/s (eps):                      400127.7479
    time elapsed:                        630.0059s
    total number of events:              252082798

Latency (ms):
         min:                                    0.06
         avg:                                    0.10
         max:                                   16.10
         95th percentile:                        0.12
         sum:                             25112495.59

Threads fairness:
    events (avg/stddev):           6302064.3750/26128.49
    execution time (avg/stddev):   627.8124/0.05

