LUA_PATH=/home/mdcallag/git/mytools/bench/sysbench.lua/lua/?.lua /home/mdcallag/git/mytools/bench/sysbench.lua/lua/sysbench --db-driver=pgsql --range-size=10000 --table-size=10000000 --tables=8 --threads=40 --events=0 --warmup-time=5 --time=630 --pgsql_conn_id=true /home/mdcallag/git/mytools/bench/sysbench.lua/lua/oltp_read_only.lua run --pgsql-user=root --pgsql-password=pw --pgsql-host=127.0.0.1 --pgsql-db=ib --rand-type=uniform
48 CPUs
sysbench 1.1.0-9072687 (using bundled LuaJIT 2.1.0-beta3)

Running the test with following options:
Number of threads: 40
Warmup time: 5s
Initializing random number generator from current time


Initializing worker threads...

explain: for point_selects :: explain SELECT c FROM sbtest%u WHERE id=%u
explain: for point_selects :: explain SELECT c FROM sbtest%u WHERE id=%u
explain: for point_selects :: explain SELECT c FROM sbtest%u WHERE id=%u
explain: for point_selects :: explain SELECT c FROM sbtest%u WHERE id=%u
explain: for point_selects :: explain SELECT c FROM sbtest%u WHERE id=%u
explain: for point_selects :: explain SELECT c FROM sbtest%u WHERE id=%u
explain: for point_selects :: explain SELECT c FROM sbtest%u WHERE id=%u
explain: for point_selects :: explain SELECT c FROM sbtest%u WHERE id=%u
for point_selects
table 1 : explain SELECT c FROM sbtest1 WHERE id=5571566
	Index Scan using sbtest1_pkey on sbtest1  (cost=0.43..8.45 rows=1 width=121)
	  Index Cond: (id = 5571566)

table 2 : explain SELECT c FROM sbtest2 WHERE id=6312963
	Index Scan using sbtest2_pkey on sbtest2  (cost=0.43..8.45 rows=1 width=121)
	  Index Cond: (id = 6312963)

table 3 : explain SELECT c FROM sbtest3 WHERE id=5675712
	Index Scan using sbtest3_pkey on sbtest3  (cost=0.43..8.45 rows=1 width=121)
	  Index Cond: (id = 5675712)

table 4 : explain SELECT c FROM sbtest4 WHERE id=6591656
	Index Scan using sbtest4_pkey on sbtest4  (cost=0.43..8.45 rows=1 width=121)
	  Index Cond: (id = 6591656)

table 5 : explain SELECT c FROM sbtest5 WHERE id=3777056
	Index Scan using sbtest5_pkey on sbtest5  (cost=0.43..8.45 rows=1 width=121)
	  Index Cond: (id = 3777056)

table 6 : explain SELECT c FROM sbtest6 WHERE id=7305993
	Index Scan using sbtest6_pkey on sbtest6  (cost=0.43..8.45 rows=1 width=121)
	  Index Cond: (id = 7305993)

table 7 : explain SELECT c FROM sbtest7 WHERE id=6340207
	Index Scan using sbtest7_pkey on sbtest7  (cost=0.43..8.45 rows=1 width=121)
	  Index Cond: (id = 6340207)

table 8 : explain SELECT c FROM sbtest8 WHERE id=3704970
	Index Scan using sbtest8_pkey on sbtest8  (cost=0.43..8.45 rows=1 width=121)
	  Index Cond: (id = 3704970)

explain: for point_selects :: explain SELECT c FROM sbtest%u WHERE id=%u
for point_selects
table 1 : explain SELECT c FROM sbtest1 WHERE id=5247627
	Index Scan using sbtest1_pkey on sbtest1  (cost=0.43..8.45 rows=1 width=121)
	  Index Cond: (id = 5247627)

table 2 : explain SELECT c FROM sbtest2 WHERE id=7698851
	Index Scan using sbtest2_pkey on sbtest2  (cost=0.43..8.45 rows=1 width=121)
	  Index Cond: (id = 7698851)

table 3 : explain SELECT c FROM sbtest3 WHERE id=9298429
	Index Scan using sbtest3_pkey on sbtest3  (cost=0.43..8.45 rows=1 width=121)
	  Index Cond: (id = 9298429)

table 4 : explain SELECT c FROM sbtest4 WHERE id=1998446
	Index Scan using sbtest4_pkey on sbtest4  (cost=0.43..8.45 rows=1 width=121)
	  Index Cond: (id = 1998446)

table 5 : explain SELECT c FROM sbtest5 WHERE id=4345658
	Index Scan using sbtest5_pkey on sbtest5  (cost=0.43..8.45 rows=1 width=121)
	  Index Cond: (id = 4345658)

table 6 : explain SELECT c FROM sbtest6 WHERE id=514816
	Index Scan using sbtest6_pkey on sbtest6  (cost=0.43..8.45 rows=1 width=121)
	  Index Cond: (id = 514816)

table 7 : explain SELECT c FROM sbtest7 WHERE id=3691200
	Index Scan using sbtest7_pkey on sbtest7  (cost=0.43..8.45 rows=1 width=121)
	  Index Cond: (id = 3691200)

table 8 : explain SELECT c FROM sbtest8 WHERE id=3842267
	Index Scan using sbtest8_pkey on sbtest8  (cost=0.43..8.45 rows=1 width=121)
	  Index Cond: (id = 3842267)

for point_selects
table 1 : explain SELECT c FROM sbtest1 WHERE id=2516378
	Index Scan using sbtest1_pkey on sbtest1  (cost=0.43..8.45 rows=1 width=121)
	  Index Cond: (id = 2516378)

table 2 : explain SELECT c FROM sbtest2 WHERE id=4897677
	Index Scan using sbtest2_pkey on sbtest2  (cost=0.43..8.45 rows=1 width=121)
	  Index Cond: (id = 4897677)

table 3 : explain SELECT c FROM sbtest3 WHERE id=8574240
	Index Scan using sbtest3_pkey on sbtest3  (cost=0.43..8.45 rows=1 width=121)
	  Index Cond: (id = 8574240)

table 4 : explain SELECT c FROM sbtest4 WHERE id=6395281
	Index Scan using sbtest4_pkey on sbtest4  (cost=0.43..8.45 rows=1 width=121)
	  Index Cond: (id = 6395281)

table 5 : explain SELECT c FROM sbtest5 WHERE id=2418954
	Index Scan using sbtest5_pkey on sbtest5  (cost=0.43..8.45 rows=1 width=121)
	  Index Cond: (id = 2418954)

table 6 : explain SELECT c FROM sbtest6 WHERE id=8738892
	Index Scan using sbtest6_pkey on sbtest6  (cost=0.43..8.45 rows=1 width=121)
	  Index Cond: (id = 8738892)

table 7 : explain SELECT c FROM sbtest7 WHERE id=2478379
	Index Scan using sbtest7_pkey on sbtest7  (cost=0.43..8.45 rows=1 width=121)
	  Index Cond: (id = 2478379)

table 8 : explain SELECT c FROM sbtest8 WHERE id=7700149
	Index Scan using sbtest8_pkey on sbtest8  (cost=0.43..8.45 rows=1 width=121)
	  Index Cond: (id = 7700149)

for point_selects
table 1 : explain SELECT c FROM sbtest1 WHERE id=7002975
	Index Scan using sbtest1_pkey on sbtest1  (cost=0.43..8.45 rows=1 width=121)
	  Index Cond: (id = 7002975)

table 2 : explain SELECT c FROM sbtest2 WHERE id=4362233
	Index Scan using sbtest2_pkey on sbtest2  (cost=0.43..8.45 rows=1 width=121)
	  Index Cond: (id = 4362233)

table 3 : explain SELECT c FROM sbtest3 WHERE id=5317828
	Index Scan using sbtest3_pkey on sbtest3  (cost=0.43..8.45 rows=1 width=121)
	  Index Cond: (id = 5317828)

table 4 : explain SELECT c FROM sbtest4 WHERE id=3415626
	Index Scan using sbtest4_pkey on sbtest4  (cost=0.43..8.45 rows=1 width=121)
	  Index Cond: (id = 3415626)

table 5 : explain SELECT c FROM sbtest5 WHERE id=4304598
	Index Scan using sbtest5_pkey on sbtest5  (cost=0.43..8.45 rows=1 width=121)
	  Index Cond: (id = 4304598)

table 6 : explain SELECT c FROM sbtest6 WHERE id=4053343
	Index Scan using sbtest6_pkey on sbtest6  (cost=0.43..8.45 rows=1 width=121)
	  Index Cond: (id = 4053343)

table 7 : explain SELECT c FROM sbtest7 WHERE id=7069129
	Index Scan using sbtest7_pkey on sbtest7  (cost=0.43..8.45 rows=1 width=121)
	  Index Cond: (id = 7069129)

table 8 : explain SELECT c FROM sbtest8 WHERE id=6819070
	Index Scan using sbtest8_pkey on sbtest8  (cost=0.43..8.45 rows=1 width=121)
	  Index Cond: (id = 6819070)

for: simple_ranges
table 1 : explain SELECT c FROM sbtest1 WHERE id BETWEEN 915887 AND 925886
	Bitmap Heap Scan on sbtest1  (cost=237.75..37584.26 rows=11055 width=121)
	  Recheck Cond: ((id >= 915887) AND (id <= 925886))
	  ->  Bitmap Index Scan on sbtest1_pkey  (cost=0.00..234.99 rows=11055 width=0)
	        Index Cond: ((id >= 915887) AND (id <= 925886))

table 2 : explain SELECT c FROM sbtest2 WHERE id BETWEEN 612538 AND 622537
	Bitmap Heap Scan on sbtest2  (cost=216.89..34966.13 rows=10191 width=121)
	  Recheck Cond: ((id >= 612538) AND (id <= 622537))
	  ->  Bitmap Index Scan on sbtest2_pkey  (cost=0.00..214.34 rows=10191 width=0)
	        Index Cond: ((id >= 612538) AND (id <= 622537))

table 3 : explain SELECT c FROM sbtest3 WHERE id BETWEEN 375036 AND 385035
	Bitmap Heap Scan on sbtest3  (cost=207.71..33389.19 rows=9685 width=121)
	  Recheck Cond: ((id >= 375036) AND (id <= 385035))
	  ->  Bitmap Index Scan on sbtest3_pkey  (cost=0.00..205.29 rows=9685 width=0)
	        Index Cond: ((id >= 375036) AND (id <= 385035))

table 4 : explain SELECT c FROM sbtest4 WHERE id BETWEEN 3487700 AND 3497699
	Bitmap Heap Scan on sbtest4  (cost=200.09..32317.86 rows=9332 width=121)
	  Recheck Cond: ((id >= 3487700) AND (id <= 3497699))
	  ->  Bitmap Index Scan on sbtest4_pkey  (cost=0.00..197.75 rows=9332 width=0)
	        Index Cond: ((id >= 3487700) AND (id <= 3497699))

table 5 : explain SELECT c FROM sbtest5 WHERE id BETWEEN 2577885 AND 2587884
	Bitmap Heap Scan on sbtest5  (cost=199.05..32000.39 rows=9231 width=121)
	  Recheck Cond: ((id >= 2577885) AND (id <= 2587884))
	  ->  Bitmap Index Scan on sbtest5_pkey  (cost=0.00..196.75 rows=9231 width=0)
	        Index Cond: ((id >= 2577885) AND (id <= 2587884))

table 6 : explain SELECT c FROM sbtest6 WHERE id BETWEEN 7186574 AND 7196573
	Bitmap Heap Scan on sbtest6  (cost=206.54..33076.18 rows=9571 width=121)
	  Recheck Cond: ((id >= 7186574) AND (id <= 7196573))
	  ->  Bitmap Index Scan on sbtest6_pkey  (cost=0.00..204.15 rows=9571 width=0)
	        Index Cond: ((id >= 7186574) AND (id <= 7196573))

table 7 : explain SELECT c FROM sbtest7 WHERE id BETWEEN 9273395 AND 9283394
	Bitmap Heap Scan on sbtest7  (cost=227.29..35785.70 rows=10425 width=121)
	  Recheck Cond: ((id >= 9273395) AND (id <= 9283394))
	  ->  Bitmap Index Scan on sbtest7_pkey  (cost=0.00..224.69 rows=10425 width=0)
	        Index Cond: ((id >= 9273395) AND (id <= 9283394))

table 8 : explain SELECT c FROM sbtest8 WHERE id BETWEEN 445813 AND 455812
	Bitmap Heap Scan on sbtest8  (cost=233.11..36336.11 rows=10602 width=121)
	  Recheck Cond: ((id >= 445813) AND (id <= 455812))
	  ->  Bitmap Index Scan on sbtest8_pkey  (cost=0.00..230.45 rows=10602 width=0)
	        Index Cond: ((id >= 445813) AND (id <= 455812))

for point_selects
table 1 : explain SELECT c FROM sbtest1 WHERE id=4990118
	Index Scan using sbtest1_pkey on sbtest1  (cost=0.43..8.45 rows=1 width=121)
	  Index Cond: (id = 4990118)

table 2 : explain SELECT c FROM sbtest2 WHERE id=5905706
	Index Scan using sbtest2_pkey on sbtest2  (cost=0.43..8.45 rows=1 width=121)
	  Index Cond: (id = 5905706)

table 3 : explain SELECT c FROM sbtest3 WHERE id=9815295
	Index Scan using sbtest3_pkey on sbtest3  (cost=0.43..8.45 rows=1 width=121)
	  Index Cond: (id = 9815295)

table 4 : explain SELECT c FROM sbtest4 WHERE id=531424
	Index Scan using sbtest4_pkey on sbtest4  (cost=0.43..8.45 rows=1 width=121)
	  Index Cond: (id = 531424)

table 5 : explain SELECT c FROM sbtest5 WHERE id=8862359
	Index Scan using sbtest5_pkey on sbtest5  (cost=0.43..8.45 rows=1 width=121)
	  Index Cond: (id = 8862359)

table 6 : explain SELECT c FROM sbtest6 WHERE id=7953139
	Index Scan using sbtest6_pkey on sbtest6  (cost=0.43..8.45 rows=1 width=121)
	  Index Cond: (id = 7953139)

table 7 : explain SELECT c FROM sbtest7 WHERE id=2215320
	Index Scan using sbtest7_pkey on sbtest7  (cost=0.43..8.45 rows=1 width=121)
	  Index Cond: (id = 2215320)

table 8 : explain SELECT c FROM sbtest8 WHERE id=7644969
	Index Scan using sbtest8_pkey on sbtest8  (cost=0.43..8.45 rows=1 width=121)
	  Index Cond: (id = 7644969)

explain: for point_selects :: explain SELECT c FROM sbtest%u WHERE id=%u
for point_selects
table 1 : explain SELECT c FROM sbtest1 WHERE id=1087950
	Index Scan using sbtest1_pkey on sbtest1  (cost=0.43..8.45 rows=1 width=121)
	  Index Cond: (id = 1087950)

table 2 : explain SELECT c FROM sbtest2 WHERE id=3317210
	Index Scan using sbtest2_pkey on sbtest2  (cost=0.43..8.45 rows=1 width=121)
	  Index Cond: (id = 3317210)

table 3 : explain SELECT c FROM sbtest3 WHERE id=5355995
	Index Scan using sbtest3_pkey on sbtest3  (cost=0.43..8.45 rows=1 width=121)
	  Index Cond: (id = 5355995)

table 4 : explain SELECT c FROM sbtest4 WHERE id=5539576
	Index Scan using sbtest4_pkey on sbtest4  (cost=0.43..8.45 rows=1 width=121)
	  Index Cond: (id = 5539576)

table 5 : explain SELECT c FROM sbtest5 WHERE id=4958117
	Index Scan using sbtest5_pkey on sbtest5  (cost=0.43..8.45 rows=1 width=121)
	  Index Cond: (id = 4958117)

table 6 : explain SELECT c FROM sbtest6 WHERE id=4400996
	Index Scan using sbtest6_pkey on sbtest6  (cost=0.43..8.45 rows=1 width=121)
	  Index Cond: (id = 4400996)

table 7 : explain SELECT c FROM sbtest7 WHERE id=1157597
	Index Scan using sbtest7_pkey on sbtest7  (cost=0.43..8.45 rows=1 width=121)
	  Index Cond: (id = 1157597)

table 8 : explain SELECT c FROM sbtest8 WHERE id=4337845
	Index Scan using sbtest8_pkey on sbtest8  (cost=0.43..8.45 rows=1 width=121)
	  Index Cond: (id = 4337845)

for point_selects
table 1 : explain SELECT c FROM sbtest1 WHERE id=3686570
	Index Scan using sbtest1_pkey on sbtest1  (cost=0.43..8.45 rows=1 width=121)
	  Index Cond: (id = 3686570)

table 2 : explain SELECT c FROM sbtest2 WHERE id=3284482
	Index Scan using sbtest2_pkey on sbtest2  (cost=0.43..8.45 rows=1 width=121)
	  Index Cond: (id = 3284482)

table 3 : explain SELECT c FROM sbtest3 WHERE id=6741642
	Index Scan using sbtest3_pkey on sbtest3  (cost=0.43..8.45 rows=1 width=121)
	  Index Cond: (id = 6741642)

table 4 : explain SELECT c FROM sbtest4 WHERE id=8431645
	Index Scan using sbtest4_pkey on sbtest4  (cost=0.43..8.45 rows=1 width=121)
	  Index Cond: (id = 8431645)

table 5 : explain SELECT c FROM sbtest5 WHERE id=6833007
	Index Scan using sbtest5_pkey on sbtest5  (cost=0.43..8.45 rows=1 width=121)
	  Index Cond: (id = 6833007)

table 6 : explain SELECT c FROM sbtest6 WHERE id=858710
	Index Scan using sbtest6_pkey on sbtest6  (cost=0.43..8.45 rows=1 width=121)
	  Index Cond: (id = 858710)

table 7 : explain SELECT c FROM sbtest7 WHERE id=3027173
	Index Scan using sbtest7_pkey on sbtest7  (cost=0.43..8.45 rows=1 width=121)
	  Index Cond: (id = 3027173)

table 8 : explain SELECT c FROM sbtest8 WHERE id=8632045
	Index Scan using sbtest8_pkey on sbtest8  (cost=0.43..8.45 rows=1 width=121)
	  Index Cond: (id = 8632045)

for: simple_ranges
table 1 : explain SELECT c FROM sbtest1 WHERE id BETWEEN 2329474 AND 2339473
	Bitmap Heap Scan on sbtest1  (cost=185.47..30194.18 rows=8686 width=121)
	  Recheck Cond: ((id >= 2329474) AND (id <= 2339473))
	  ->  Bitmap Index Scan on sbtest1_pkey  (cost=0.00..183.30 rows=8686 width=0)
	        Index Cond: ((id >= 2329474) AND (id <= 2339473))

table 2 : explain SELECT c FROM sbtest2 WHERE id BETWEEN 7937001 AND 7947000
	Bitmap Heap Scan on sbtest2  (cost=206.61..33051.58 rows=9578 width=121)
	  Recheck Cond: ((id >= 7937001) AND (id <= 7947000))
	  ->  Bitmap Index Scan on sbtest2_pkey  (cost=0.00..204.22 rows=9578 width=0)
	        Index Cond: ((id >= 7937001) AND (id <= 7947000))

table 3 : explain SELECT c FROM sbtest3 WHERE id BETWEEN 7469175 AND 7479174
	Bitmap Heap Scan on sbtest3  (cost=215.19..34451.90 rows=10025 width=121)
	  Recheck Cond: ((id >= 7469175) AND (id <= 7479174))
	  ->  Bitmap Index Scan on sbtest3_pkey  (cost=0.00..212.69 rows=10025 width=0)
	        Index Cond: ((id >= 7469175) AND (id <= 7479174))

table 4 : explain SELECT c FROM sbtest4 WHERE id BETWEEN 9141209 AND 9151208
	Bitmap Heap Scan on sbtest4  (cost=221.12..35082.09 rows=10213 width=121)
	  Recheck Cond: ((id >= 9141209) AND (id <= 9151208))
	  ->  Bitmap Index Scan on sbtest4_pkey  (cost=0.00..218.56 rows=10213 width=0)
	        Index Cond: ((id >= 9141209) AND (id <= 9151208))

table 5 : explain SELECT c FROM sbtest5 WHERE id BETWEEN 2006559 AND 2016558
	Bitmap Heap Scan on sbtest5  (cost=231.00..36861.71 rows=10787 width=121)
	  Recheck Cond: ((id >= 2006559) AND (id <= 2016558))
	  ->  Bitmap Index Scan on sbtest5_pkey  (cost=0.00..228.31 rows=10787 width=0)
	        Index Cond: ((id >= 2006559) AND (id <= 2016558))

table 6 : explain SELECT c FROM sbtest6 WHERE id BETWEEN 6490874 AND 6500873
	Bitmap Heap Scan on sbtest6  (cost=220.61..34931.03 rows=10163 width=121)
	  Recheck Cond: ((id >= 6490874) AND (id <= 6500873))
	  ->  Bitmap Index Scan on sbtest6_pkey  (cost=0.00..218.06 rows=10163 width=0)
	        Index Cond: ((id >= 6490874) AND (id <= 6500873))

table 7 : explain SELECT c FROM sbtest7 WHERE id BETWEEN 1894632 AND 1904631
	Bitmap Heap Scan on sbtest7  (cost=211.96..33549.56 rows=9710 width=121)
	  Recheck Cond: ((id >= 1894632) AND (id <= 1904631))
	  ->  Bitmap Index Scan on sbtest7_pkey  (cost=0.00..209.54 rows=9710 width=0)
	        Index Cond: ((id >= 1894632) AND (id <= 1904631))

table 8 : explain SELECT c FROM sbtest8 WHERE id BETWEEN 625457 AND 635456
	Bitmap Heap Scan on sbtest8  (cost=225.41..35213.26 rows=10241 width=121)
	  Recheck Cond: ((id >= 625457) AND (id <= 635456))
	  ->  Bitmap Index Scan on sbtest8_pkey  (cost=0.00..222.84 rows=10241 width=0)
	        Index Cond: ((id >= 625457) AND (id <= 635456))

for: simple_ranges
table 1 : explain SELECT c FROM sbtest1 WHERE id BETWEEN 9234077 AND 9244076
	Bitmap Heap Scan on sbtest1  (cost=214.83..34297.41 rows=9990 width=121)
	  Recheck Cond: ((id >= 9234077) AND (id <= 9244076))
	  ->  Bitmap Index Scan on sbtest1_pkey  (cost=0.00..212.34 rows=9990 width=0)
	        Index Cond: ((id >= 9234077) AND (id <= 9244076))

table 2 : explain SELECT c FROM sbtest2 WHERE id BETWEEN 7656524 AND 7666523
	Bitmap Heap Scan on sbtest2  (cost=208.62..33664.30 rows=9774 width=121)
	  Recheck Cond: ((id >= 7656524) AND (id <= 7666523))
	  ->  Bitmap Index Scan on sbtest2_pkey  (cost=0.00..206.18 rows=9774 width=0)
	        Index Cond: ((id >= 7656524) AND (id <= 7666523))

table 3 : explain SELECT c FROM sbtest3 WHERE id BETWEEN 9482625 AND 9492624
	Bitmap Heap Scan on sbtest3  (cost=207.53..33337.58 rows=9668 width=121)
	  Recheck Cond: ((id >= 9482625) AND (id <= 9492624))
	  ->  Bitmap Index Scan on sbtest3_pkey  (cost=0.00..205.12 rows=9668 width=0)
	        Index Cond: ((id >= 9482625) AND (id <= 9492624))

table 4 : explain SELECT c FROM sbtest4 WHERE id BETWEEN 1958311 AND 1968310
	Bitmap Heap Scan on sbtest4  (cost=213.65..34026.58 rows=9875 width=121)
	  Recheck Cond: ((id >= 1958311) AND (id <= 1968310))
	  ->  Bitmap Index Scan on sbtest4_pkey  (cost=0.00..211.19 rows=9875 width=0)
	        Index Cond: ((id >= 1958311) AND (id <= 1968310))

table 5 : explain SELECT c FROM sbtest5 WHERE id BETWEEN 7560278 AND 7570277
	Bitmap Heap Scan on sbtest5  (cost=222.63..35538.16 rows=10360 width=121)
	  Recheck Cond: ((id >= 7560278) AND (id <= 7570277))
	  ->  Bitmap Index Scan on sbtest5_pkey  (cost=0.00..220.04 rows=10360 width=0)
	        Index Cond: ((id >= 7560278) AND (id <= 7570277))

table 6 : explain SELECT c FROM sbtest6 WHERE id BETWEEN 2250285 AND 2260284
	Bitmap Heap Scan on sbtest6  (cost=214.34..34238.87 rows=9942 width=121)
	  Recheck Cond: ((id >= 2250285) AND (id <= 2260284))
	  ->  Bitmap Index Scan on sbtest6_pkey  (cost=0.00..211.86 rows=9942 width=0)
	        Index Cond: ((id >= 2250285) AND (id <= 2260284))

table 7 : explain SELECT c FROM sbtest7 WHERE id BETWEEN 1383119 AND 1393118
	Bitmap Heap Scan on sbtest7  (cost=198.02..31714.21 rows=9130 width=121)
	  Recheck Cond: ((id >= 1383119) AND (id <= 1393118))
	  ->  Bitmap Index Scan on sbtest7_pkey  (cost=0.00..195.74 rows=9130 width=0)
	        Index Cond: ((id >= 1383119) AND (id <= 1393118))

table 8 : explain SELECT c FROM sbtest8 WHERE id BETWEEN 5302075 AND 5312074
	Bitmap Heap Scan on sbtest8  (cost=218.48..34320.98 rows=9956 width=121)
	  Recheck Cond: ((id >= 5302075) AND (id <= 5312074))
	  ->  Bitmap Index Scan on sbtest8_pkey  (cost=0.00..216.00 rows=9956 width=0)
	        Index Cond: ((id >= 5302075) AND (id <= 5312074))

for: simple_ranges
table 1 : explain SELECT c FROM sbtest1 WHERE id BETWEEN 2899717 AND 2909716
	Bitmap Heap Scan on sbtest1  (cost=215.38..34460.90 rows=10043 width=121)
	  Recheck Cond: ((id >= 2899717) AND (id <= 2909716))
	  ->  Bitmap Index Scan on sbtest1_pkey  (cost=0.00..212.87 rows=10043 width=0)
	        Index Cond: ((id >= 2899717) AND (id <= 2909716))

table 2 : explain SELECT c FROM sbtest2 WHERE id BETWEEN 2137101 AND 2147100
	Bitmap Heap Scan on sbtest2  (cost=214.45..34224.89 rows=9953 width=121)
	  Recheck Cond: ((id >= 2137101) AND (id <= 2147100))
	  ->  Bitmap Index Scan on sbtest2_pkey  (cost=0.00..211.97 rows=9953 width=0)
	        Index Cond: ((id >= 2137101) AND (id <= 2147100))

table 3 : explain SELECT c FROM sbtest3 WHERE id BETWEEN 7922225 AND 7932224
	Bitmap Heap Scan on sbtest3  (cost=207.83..33427.88 rows=9697 width=121)
	  Recheck Cond: ((id >= 7922225) AND (id <= 7932224))
	  ->  Bitmap Index Scan on sbtest3_pkey  (cost=0.00..205.41 rows=9697 width=0)
	        Index Cond: ((id >= 7922225) AND (id <= 7932224))

table 4 : explain SELECT c FROM sbtest4 WHERE id BETWEEN 1739458 AND 1749457
	Bitmap Heap Scan on sbtest4  (cost=208.29..33606.56 rows=9742 width=121)
	  Recheck Cond: ((id >= 1739458) AND (id <= 1749457))
	  ->  Bitmap Index Scan on sbtest4_pkey  (cost=0.00..205.86 rows=9742 width=0)
	        Index Cond: ((id >= 1739458) AND (id <= 1749457))

table 5 : explain SELECT c FROM sbtest5 WHERE id BETWEEN 6056445 AND 6066444
	Bitmap Heap Scan on sbtest5  (cost=215.91..34712.77 rows=10095 width=121)
	  Recheck Cond: ((id >= 6056445) AND (id <= 6066444))
	  ->  Bitmap Index Scan on sbtest5_pkey  (cost=0.00..213.38 rows=10095 width=0)
	        Index Cond: ((id >= 6056445) AND (id <= 6066444))

table 6 : explain SELECT c FROM sbtest6 WHERE id BETWEEN 6193625 AND 6203624
	Bitmap Heap Scan on sbtest6  (cost=215.44..34573.53 rows=10049 width=121)
	  Recheck Cond: ((id >= 6193625) AND (id <= 6203624))
	  ->  Bitmap Index Scan on sbtest6_pkey  (cost=0.00..212.93 rows=10049 width=0)
	        Index Cond: ((id >= 6193625) AND (id <= 6203624))

table 7 : explain SELECT c FROM sbtest7 WHERE id BETWEEN 5342498 AND 5352497
	Bitmap Heap Scan on sbtest7  (cost=214.15..34214.89 rows=9923 width=121)
	  Recheck Cond: ((id >= 5342498) AND (id <= 5352497))
	  ->  Bitmap Index Scan on sbtest7_pkey  (cost=0.00..211.67 rows=9923 width=0)
	        Index Cond: ((id >= 5342498) AND (id <= 5352497))

table 8 : explain SELECT c FROM sbtest8 WHERE id BETWEEN 3160485 AND 3170484
	Bitmap Heap Scan on sbtest8  (cost=218.64..34369.32 rows=9971 width=121)
	  Recheck Cond: ((id >= 3160485) AND (id <= 3170484))
	  ->  Bitmap Index Scan on sbtest8_pkey  (cost=0.00..216.15 rows=9971 width=0)
	        Index Cond: ((id >= 3160485) AND (id <= 3170484))

for: simple_ranges
table 1 : explain SELECT c FROM sbtest1 WHERE id BETWEEN 3718454 AND 3728453
	Bitmap Heap Scan on sbtest1  (cost=231.59..36936.95 rows=10844 width=121)
	  Recheck Cond: ((id >= 3718454) AND (id <= 3728453))
	  ->  Bitmap Index Scan on sbtest1_pkey  (cost=0.00..228.88 rows=10844 width=0)
	        Index Cond: ((id >= 3718454) AND (id <= 3728453))

table 2 : explain SELECT c FROM sbtest2 WHERE id BETWEEN 4147551 AND 4157550
	Bitmap Heap Scan on sbtest2  (cost=222.47..35443.93 rows=10345 width=121)
	  Recheck Cond: ((id >= 4147551) AND (id <= 4157550))
	  ->  Bitmap Index Scan on sbtest2_pkey  (cost=0.00..219.88 rows=10345 width=0)
	        Index Cond: ((id >= 4147551) AND (id <= 4157550))

table 3 : explain SELECT c FROM sbtest3 WHERE id BETWEEN 9484099 AND 9494098
	Bitmap Heap Scan on sbtest3  (cost=207.53..33337.58 rows=9668 width=121)
	  Recheck Cond: ((id >= 9484099) AND (id <= 9494098))
	  ->  Bitmap Index Scan on sbtest3_pkey  (cost=0.00..205.12 rows=9668 width=0)
	        Index Cond: ((id >= 9484099) AND (id <= 9494098))

table 4 : explain SELECT c FROM sbtest4 WHERE id BETWEEN 5597092 AND 5607091
	Bitmap Heap Scan on sbtest4  (cost=222.89..35617.42 rows=10386 width=121)
	  Recheck Cond: ((id >= 5597092) AND (id <= 5607091))
	  ->  Bitmap Index Scan on sbtest4_pkey  (cost=0.00..220.30 rows=10386 width=0)
	        Index Cond: ((id >= 5597092) AND (id <= 5607091))

table 5 : explain SELECT c FROM sbtest5 WHERE id BETWEEN 2018913 AND 2028912
	Bitmap Heap Scan on sbtest5  (cost=231.00..36861.71 rows=10787 width=121)
	  Recheck Cond: ((id >= 2018913) AND (id <= 2028912))
	  ->  Bitmap Index Scan on sbtest5_pkey  (cost=0.00..228.31 rows=10787 width=0)
	        Index Cond: ((id >= 2018913) AND (id <= 2028912))

table 6 : explain SELECT c FROM sbtest6 WHERE id BETWEEN 8648340 AND 8658339
	Bitmap Heap Scan on sbtest6  (cost=215.20..34499.57 rows=10026 width=121)
	  Recheck Cond: ((id >= 8648340) AND (id <= 8658339))
	  ->  Bitmap Index Scan on sbtest6_pkey  (cost=0.00..212.69 rows=10026 width=0)
	        Index Cond: ((id >= 8648340) AND (id <= 8658339))

table 7 : explain SELECT c FROM sbtest7 WHERE id BETWEEN 3621477 AND 3631476
	Bitmap Heap Scan on sbtest7  (cost=212.58..33737.06 rows=9770 width=121)
	  Recheck Cond: ((id >= 3621477) AND (id <= 3631476))
	  ->  Bitmap Index Scan on sbtest7_pkey  (cost=0.00..210.13 rows=9770 width=0)
	        Index Cond: ((id >= 3621477) AND (id <= 3631476))

table 8 : explain SELECT c FROM sbtest8 WHERE id BETWEEN 3634156 AND 3644155
	Bitmap Heap Scan on sbtest8  (cost=210.70..33163.36 rows=9587 width=121)
	  Recheck Cond: ((id >= 3634156) AND (id <= 3644155))
	  ->  Bitmap Index Scan on sbtest8_pkey  (cost=0.00..208.31 rows=9587 width=0)
	        Index Cond: ((id >= 3634156) AND (id <= 3644155))

for: simple_ranges
table 1 : explain SELECT c FROM sbtest1 WHERE id BETWEEN 7765600 AND 7775599
	Bitmap Heap Scan on sbtest1  (cost=221.96..35245.58 rows=10295 width=121)
	  Recheck Cond: ((id >= 7765600) AND (id <= 7775599))
	  ->  Bitmap Index Scan on sbtest1_pkey  (cost=0.00..219.38 rows=10295 width=0)
	        Index Cond: ((id >= 7765600) AND (id <= 7775599))

table 2 : explain SELECT c FROM sbtest2 WHERE id BETWEEN 3790423 AND 3800422
	Bitmap Heap Scan on sbtest2  (cost=214.70..34301.99 rows=9977 width=121)
	  Recheck Cond: ((id >= 3790423) AND (id <= 3800422))
	  ->  Bitmap Index Scan on sbtest2_pkey  (cost=0.00..212.20 rows=9977 width=0)
	        Index Cond: ((id >= 3790423) AND (id <= 3800422))

table 3 : explain SELECT c FROM sbtest3 WHERE id BETWEEN 8803825 AND 8813824
	Bitmap Heap Scan on sbtest3  (cost=224.62..36094.64 rows=10555 width=121)
	  Recheck Cond: ((id >= 8803825) AND (id <= 8813824))
	  ->  Bitmap Index Scan on sbtest3_pkey  (cost=0.00..221.99 rows=10555 width=0)
	        Index Cond: ((id >= 8803825) AND (id <= 8813824))

table 4 : explain SELECT c FROM sbtest4 WHERE id BETWEEN 8944012 AND 8954011
	Bitmap Heap Scan on sbtest4  (cost=216.95..35029.93 rows=10197 width=121)
	  Recheck Cond: ((id >= 8944012) AND (id <= 8954011))
	  ->  Bitmap Index Scan on sbtest4_pkey  (cost=0.00..214.41 rows=10197 width=0)
	        Index Cond: ((id >= 8944012) AND (id <= 8954011))

table 5 : explain SELECT c FROM sbtest5 WHERE id BETWEEN 4339596 AND 4349595
	Bitmap Heap Scan on sbtest5  (cost=213.78..34065.98 rows=9887 width=121)
	  Recheck Cond: ((id >= 4339596) AND (id <= 4349595))
	  ->  Bitmap Index Scan on sbtest5_pkey  (cost=0.00..211.31 rows=9887 width=0)
	        Index Cond: ((id >= 4339596) AND (id <= 4349595))

table 6 : explain SELECT c FROM sbtest6 WHERE id BETWEEN 8083964 AND 8093963
	Bitmap Heap Scan on sbtest6  (cost=207.83..33470.54 rows=9697 width=121)
	  Recheck Cond: ((id >= 8083964) AND (id <= 8093963))
	  ->  Bitmap Index Scan on sbtest6_pkey  (cost=0.00..205.41 rows=9697 width=0)
	        Index Cond: ((id >= 8083964) AND (id <= 8093963))

table 7 : explain SELECT c FROM sbtest7 WHERE id BETWEEN 8639013 AND 8649012
	Bitmap Heap Scan on sbtest7  (cost=212.68..33769.37 rows=9780 width=121)
	  Recheck Cond: ((id >= 8639013) AND (id <= 8649012))
	  ->  Bitmap Index Scan on sbtest7_pkey  (cost=0.00..210.24 rows=9780 width=0)
	        Index Cond: ((id >= 8639013) AND (id <= 8649012))

table 8 : explain SELECT c FROM sbtest8 WHERE id BETWEEN 2696460 AND 2706459
	Bitmap Heap Scan on sbtest8  (cost=225.73..35312.84 rows=10273 width=121)
	  Recheck Cond: ((id >= 2696460) AND (id <= 2706459))
	  ->  Bitmap Index Scan on sbtest8_pkey  (cost=0.00..223.17 rows=10273 width=0)
	        Index Cond: ((id >= 2696460) AND (id <= 2706459))

explain: for point_selects :: explain SELECT c FROM sbtest%u WHERE id=%u
explain: for point_selects :: explain SELECT c FROM sbtest%u WHERE id=%u
for: sum_ranges
table 1 : explain SELECT SUM(k) FROM sbtest1 WHERE id BETWEEN 4979931 AND 4989930
	Aggregate  (cost=30170.21..30170.22 rows=1 width=8)
	  ->  Bitmap Heap Scan on sbtest1  (cost=185.32..30148.53 rows=8672 width=4)
	        Recheck Cond: ((id >= 4979931) AND (id <= 4989930))
	        ->  Bitmap Index Scan on sbtest1_pkey  (cost=0.00..183.16 rows=8672 width=0)
	              Index Cond: ((id >= 4979931) AND (id <= 4989930))

table 2 : explain SELECT SUM(k) FROM sbtest2 WHERE id BETWEEN 8042765 AND 8052764
	Aggregate  (cost=33081.98..33081.99 rows=1 width=8)
	  ->  Bitmap Heap Scan on sbtest2  (cost=206.63..33058.03 rows=9580 width=4)
	        Recheck Cond: ((id >= 8042765) AND (id <= 8052764))
	        ->  Bitmap Index Scan on sbtest2_pkey  (cost=0.00..204.24 rows=9580 width=0)
	              Index Cond: ((id >= 8042765) AND (id <= 8052764))

table 3 : explain SELECT SUM(k) FROM sbtest3 WHERE id BETWEEN 2748487 AND 2758486
	Aggregate  (cost=33777.84..33777.85 rows=1 width=8)
	  ->  Bitmap Heap Scan on sbtest3  (cost=208.91..33753.34 rows=9802 width=4)
	        Recheck Cond: ((id >= 2748487) AND (id <= 2758486))
	        ->  Bitmap Index Scan on sbtest3_pkey  (cost=0.00..206.45 rows=9802 width=0)
	              Index Cond: ((id >= 2748487) AND (id <= 2758486))

table 4 : explain SELECT SUM(k) FROM sbtest4 WHERE id BETWEEN 7577271 AND 7587270
	Aggregate  (cost=32672.15..32672.16 rows=1 width=8)
	  ->  Bitmap Heap Scan on sbtest4  (cost=201.16..32648.56 rows=9437 width=4)
	        Recheck Cond: ((id >= 7577271) AND (id <= 7587270))
	        ->  Bitmap Index Scan on sbtest4_pkey  (cost=0.00..198.81 rows=9437 width=0)
	              Index Cond: ((id >= 7577271) AND (id <= 7587270))

table 5 : explain SELECT SUM(k) FROM sbtest5 WHERE id BETWEEN 4358632 AND 4368631
	Aggregate  (cost=34090.70..34090.71 rows=1 width=8)
	  ->  Bitmap Heap Scan on sbtest5  (cost=213.78..34065.98 rows=9887 width=4)
	        Recheck Cond: ((id >= 4358632) AND (id <= 4368631))
	        ->  Bitmap Index Scan on sbtest5_pkey  (cost=0.00..211.31 rows=9887 width=0)
	              Index Cond: ((id >= 4358632) AND (id <= 4368631))

table 6 : explain SELECT SUM(k) FROM sbtest6 WHERE id BETWEEN 5331588 AND 5341587
	Aggregate  (cost=33352.52..33352.53 rows=1 width=8)
	  ->  Bitmap Heap Scan on sbtest6  (cost=207.37..33328.39 rows=9652 width=4)
	        Recheck Cond: ((id >= 5331588) AND (id <= 5341587))
	        ->  Bitmap Index Scan on sbtest6_pkey  (cost=0.00..204.95 rows=9652 width=0)
	              Index Cond: ((id >= 5331588) AND (id <= 5341587))

table 7 : explain SELECT SUM(k) FROM sbtest7 WHERE id BETWEEN 5184771 AND 5194770
	Aggregate  (cost=36487.86..36487.87 rows=1 width=8)
	  ->  Bitmap Heap Scan on sbtest7  (cost=229.53..36461.25 rows=10643 width=4)
	        Recheck Cond: ((id >= 5184771) AND (id <= 5194770))
	        ->  Bitmap Index Scan on sbtest7_pkey  (cost=0.00..226.87 rows=10643 width=0)
	              Index Cond: ((id >= 5184771) AND (id <= 5194770))

table 8 : explain SELECT SUM(k) FROM sbtest8 WHERE id BETWEEN 9863800 AND 9873799
	Aggregate  (cost=31805.23..31805.24 rows=1 width=8)
	  ->  Bitmap Heap Scan on sbtest8  (cost=202.22..31782.36 rows=9150 width=4)
	        Recheck Cond: ((id >= 9863800) AND (id <= 9873799))
	        ->  Bitmap Index Scan on sbtest8_pkey  (cost=0.00..199.94 rows=9150 width=0)
	              Index Cond: ((id >= 9863800) AND (id <= 9873799))

for point_selects
table 1 : explain SELECT c FROM sbtest1 WHERE id=382481
	Index Scan using sbtest1_pkey on sbtest1  (cost=0.43..8.45 rows=1 width=121)
	  Index Cond: (id = 382481)

table 2 : explain SELECT c FROM sbtest2 WHERE id=96659
	Index Scan using sbtest2_pkey on sbtest2  (cost=0.43..8.45 rows=1 width=121)
	  Index Cond: (id = 96659)

table 3 : explain SELECT c FROM sbtest3 WHERE id=2325274
	Index Scan using sbtest3_pkey on sbtest3  (cost=0.43..8.45 rows=1 width=121)
	  Index Cond: (id = 2325274)

table 4 : explain SELECT c FROM sbtest4 WHERE id=4392159
	Index Scan using sbtest4_pkey on sbtest4  (cost=0.43..8.45 rows=1 width=121)
	  Index Cond: (id = 4392159)

table 5 : explain SELECT c FROM sbtest5 WHERE id=7041405
	Index Scan using sbtest5_pkey on sbtest5  (cost=0.43..8.45 rows=1 width=121)
	  Index Cond: (id = 7041405)

table 6 : explain SELECT c FROM sbtest6 WHERE id=301527
	Index Scan using sbtest6_pkey on sbtest6  (cost=0.43..8.45 rows=1 width=121)
	  Index Cond: (id = 301527)

table 7 : explain SELECT c FROM sbtest7 WHERE id=2630083
	Index Scan using sbtest7_pkey on sbtest7  (cost=0.43..8.45 rows=1 width=121)
	  Index Cond: (id = 2630083)

table 8 : explain SELECT c FROM sbtest8 WHERE id=4419095
	Index Scan using sbtest8_pkey on sbtest8  (cost=0.43..8.45 rows=1 width=121)
	  Index Cond: (id = 4419095)

for: simple_ranges
table 1 : explain SELECT c FROM sbtest1 WHERE id BETWEEN 8365695 AND 8375694
	Bitmap Heap Scan on sbtest1  (cost=215.32..34444.89 rows=10038 width=121)
	  Recheck Cond: ((id >= 8365695) AND (id <= 8375694))
	  ->  Bitmap Index Scan on sbtest1_pkey  (cost=0.00..212.81 rows=10038 width=0)
	        Index Cond: ((id >= 8365695) AND (id <= 8375694))

table 2 : explain SELECT c FROM sbtest2 WHERE id BETWEEN 6840784 AND 6850783
	Bitmap Heap Scan on sbtest2  (cost=200.11..32284.38 rows=9334 width=121)
	  Recheck Cond: ((id >= 6840784) AND (id <= 6850783))
	  ->  Bitmap Index Scan on sbtest2_pkey  (cost=0.00..197.78 rows=9334 width=0)
	        Index Cond: ((id >= 6840784) AND (id <= 6850783))

table 3 : explain SELECT c FROM sbtest3 WHERE id BETWEEN 9082009 AND 9092008
	Bitmap Heap Scan on sbtest3  (cost=221.10..35033.23 rows=10211 width=121)
	  Recheck Cond: ((id >= 9082009) AND (id <= 9092008))
	  ->  Bitmap Index Scan on sbtest3_pkey  (cost=0.00..218.55 rows=10211 width=0)
	        Index Cond: ((id >= 9082009) AND (id <= 9092008))

table 4 : explain SELECT c FROM sbtest4 WHERE id BETWEEN 2722639 AND 2732638
	Bitmap Heap Scan on sbtest4  (cost=236.89..37428.30 rows=10971 width=121)
	  Recheck Cond: ((id >= 2722639) AND (id <= 2732638))
	  ->  Bitmap Index Scan on sbtest4_pkey  (cost=0.00..234.15 rows=10971 width=0)
	        Index Cond: ((id >= 2722639) AND (id <= 2732638))

table 5 : explain SELECT c FROM sbtest5 WHERE id BETWEEN 2866242 AND 2876241
	Bitmap Heap Scan on sbtest5  (cost=231.66..37059.21 rows=10851 width=121)
	  Recheck Cond: ((id >= 2866242) AND (id <= 2876241))
	  ->  Bitmap Index Scan on sbtest5_pkey  (cost=0.00..228.94 rows=10851 width=0)
	        Index Cond: ((id >= 2866242) AND (id <= 2876241))

table 6 : explain SELECT c FROM sbtest6 WHERE id BETWEEN 4163474 AND 4173473
	Bitmap Heap Scan on sbtest6  (cost=220.73..34969.55 rows=10175 width=121)
	  Recheck Cond: ((id >= 4163474) AND (id <= 4173473))
	  ->  Bitmap Index Scan on sbtest6_pkey  (cost=0.00..218.19 rows=10175 width=0)
	        Index Cond: ((id >= 4163474) AND (id <= 4173473))

table 7 : explain SELECT c FROM sbtest7 WHERE id BETWEEN 7389337 AND 7399336
	Bitmap Heap Scan on sbtest7  (cost=227.33..35798.52 rows=10429 width=121)
	  Recheck Cond: ((id >= 7389337) AND (id <= 7399336))
	  ->  Bitmap Index Scan on sbtest7_pkey  (cost=0.00..224.73 rows=10429 width=0)
	        Index Cond: ((id >= 7389337) AND (id <= 7399336))

table 8 : explain SELECT c FROM sbtest8 WHERE id BETWEEN 7830198 AND 7840197
	Bitmap Heap Scan on sbtest8  (cost=211.14..33296.13 rows=9630 width=121)
	  Recheck Cond: ((id >= 7830198) AND (id <= 7840197))
	  ->  Bitmap Index Scan on sbtest8_pkey  (cost=0.00..208.74 rows=9630 width=0)
	        Index Cond: ((id >= 7830198) AND (id <= 7840197))

explain: for point_selects :: explain SELECT c FROM sbtest%u WHERE id=%u
for point_selects
table 1 : explain SELECT c FROM sbtest1 WHERE id=9374736
	Index Scan using sbtest1_pkey on sbtest1  (cost=0.43..8.45 rows=1 width=121)
	  Index Cond: (id = 9374736)

table 2 : explain SELECT c FROM sbtest2 WHERE id=5632551
	Index Scan using sbtest2_pkey on sbtest2  (cost=0.43..8.45 rows=1 width=121)
	  Index Cond: (id = 5632551)

table 3 : explain SELECT c FROM sbtest3 WHERE id=5239016
	Index Scan using sbtest3_pkey on sbtest3  (cost=0.43..8.45 rows=1 width=121)
	  Index Cond: (id = 5239016)

table 4 : explain SELECT c FROM sbtest4 WHERE id=8526938
	Index Scan using sbtest4_pkey on sbtest4  (cost=0.43..8.45 rows=1 width=121)
	  Index Cond: (id = 8526938)

table 5 : explain SELECT c FROM sbtest5 WHERE id=2325232
	Index Scan using sbtest5_pkey on sbtest5  (cost=0.43..8.45 rows=1 width=121)
	  Index Cond: (id = 2325232)

table 6 : explain SELECT c FROM sbtest6 WHERE id=1115713
	Index Scan using sbtest6_pkey on sbtest6  (cost=0.43..8.45 rows=1 width=121)
	  Index Cond: (id = 1115713)

table 7 : explain SELECT c FROM sbtest7 WHERE id=2395882
	Index Scan using sbtest7_pkey on sbtest7  (cost=0.43..8.45 rows=1 width=121)
	  Index Cond: (id = 2395882)

table 8 : explain SELECT c FROM sbtest8 WHERE id=979848
	Index Scan using sbtest8_pkey on sbtest8  (cost=0.43..8.45 rows=1 width=121)
	  Index Cond: (id = 979848)

for: simple_ranges
table 1 : explain SELECT c FROM sbtest1 WHERE id BETWEEN 6013360 AND 6023359
	Bitmap Heap Scan on sbtest1  (cost=213.98..34040.74 rows=9907 width=121)
	  Recheck Cond: ((id >= 6013360) AND (id <= 6023359))
	  ->  Bitmap Index Scan on sbtest1_pkey  (cost=0.00..211.50 rows=9907 width=0)
	        Index Cond: ((id >= 6013360) AND (id <= 6023359))

table 2 : explain SELECT c FROM sbtest2 WHERE id BETWEEN 2167960 AND 2177959
	Bitmap Heap Scan on sbtest2  (cost=199.80..32190.43 rows=9304 width=121)
	  Recheck Cond: ((id >= 2167960) AND (id <= 2177959))
	  ->  Bitmap Index Scan on sbtest2_pkey  (cost=0.00..197.48 rows=9304 width=0)
	        Index Cond: ((id >= 2167960) AND (id <= 2177959))

table 3 : explain SELECT c FROM sbtest3 WHERE id BETWEEN 6020444 AND 6030443
	Bitmap Heap Scan on sbtest3  (cost=221.82..35250.98 rows=10281 width=121)
	  Recheck Cond: ((id >= 6020444) AND (id <= 6030443))
	  ->  Bitmap Index Scan on sbtest3_pkey  (cost=0.00..219.25 rows=10281 width=0)
	        Index Cond: ((id >= 6020444) AND (id <= 6030443))

table 4 : explain SELECT c FROM sbtest4 WHERE id BETWEEN 8738587 AND 8748586
	Bitmap Heap Scan on sbtest4  (cost=207.38..33328.82 rows=9653 width=121)
	  Recheck Cond: ((id >= 8738587) AND (id <= 8748586))
	  ->  Bitmap Index Scan on sbtest4_pkey  (cost=0.00..204.97 rows=9653 width=0)
	        Index Cond: ((id >= 8738587) AND (id <= 8748586))

table 5 : explain SELECT c FROM sbtest5 WHERE id BETWEEN 1550573 AND 1560572
	Bitmap Heap Scan on sbtest5  (cost=224.39..36072.53 rows=10532 width=121)
	  Recheck Cond: ((id >= 1550573) AND (id <= 1560572))
	  ->  Bitmap Index Scan on sbtest5_pkey  (cost=0.00..221.75 rows=10532 width=0)
	        Index Cond: ((id >= 1550573) AND (id <= 1560572))

table 6 : explain SELECT c FROM sbtest6 WHERE id BETWEEN 3230777 AND 3240776
	Bitmap Heap Scan on sbtest6  (cost=206.51..33066.47 rows=9568 width=121)
	  Recheck Cond: ((id >= 3230777) AND (id <= 3240776))
	  ->  Bitmap Index Scan on sbtest6_pkey  (cost=0.00..204.12 rows=9568 width=0)
	        Index Cond: ((id >= 3230777) AND (id <= 3240776))

table 7 : explain SELECT c FROM sbtest7 WHERE id BETWEEN 7660028 AND 7670027
	Bitmap Heap Scan on sbtest7  (cost=213.58..34043.88 rows=9868 width=121)
	  Recheck Cond: ((id >= 7660028) AND (id <= 7670027))
	  ->  Bitmap Index Scan on sbtest7_pkey  (cost=0.00..211.12 rows=9868 width=0)
	        Index Cond: ((id >= 7660028) AND (id <= 7670027))

table 8 : explain SELECT c FROM sbtest8 WHERE id BETWEEN 8819158 AND 8829157
	Bitmap Heap Scan on sbtest8  (cost=216.62..33752.90 rows=9774 width=121)
	  Recheck Cond: ((id >= 8819158) AND (id <= 8829157))
	  ->  Bitmap Index Scan on sbtest8_pkey  (cost=0.00..214.18 rows=9774 width=0)
	        Index Cond: ((id >= 8819158) AND (id <= 8829157))

explain: for point_selects :: explain SELECT c FROM sbtest%u WHERE id=%u
explain: for point_selects :: explain SELECT c FROM sbtest%u WHERE id=%u
for: sum_ranges
table 1 : explain SELECT SUM(k) FROM sbtest1 WHERE id BETWEEN 592803 AND 602802
	Aggregate  (cost=32245.37..32245.38 rows=1 width=8)
	  ->  Bitmap Heap Scan on sbtest1  (cost=200.04..32222.06 rows=9327 width=4)
	        Recheck Cond: ((id >= 592803) AND (id <= 602802))
	        ->  Bitmap Index Scan on sbtest1_pkey  (cost=0.00..197.70 rows=9327 width=0)
	              Index Cond: ((id >= 592803) AND (id <= 602802))

table 2 : explain SELECT SUM(k) FROM sbtest2 WHERE id BETWEEN 1582370 AND 1592369
	Aggregate  (cost=34487.65..34487.66 rows=1 width=8)
	  ->  Bitmap Heap Scan on sbtest2  (cost=215.23..34462.58 rows=10029 width=4)
	        Recheck Cond: ((id >= 1582370) AND (id <= 1592369))
	        ->  Bitmap Index Scan on sbtest2_pkey  (cost=0.00..212.73 rows=10029 width=0)
	              Index Cond: ((id >= 1582370) AND (id <= 1592369))

table 3 : explain SELECT SUM(k) FROM sbtest3 WHERE id BETWEEN 501014 AND 511013
	Aggregate  (cost=32617.43..32617.44 rows=1 width=8)
	  ->  Bitmap Heap Scan on sbtest3  (cost=201.11..32593.85 rows=9432 width=4)
	        Recheck Cond: ((id >= 501014) AND (id <= 511013))
	        ->  Bitmap Index Scan on sbtest3_pkey  (cost=0.00..198.75 rows=9432 width=0)
	              Index Cond: ((id >= 501014) AND (id <= 511013))

table 4 : explain SELECT SUM(k) FROM sbtest4 WHERE id BETWEEN 5529503 AND 5539502
	Aggregate  (cost=34379.98..34379.99 rows=1 width=8)
	  ->  Bitmap Heap Scan on sbtest4  (cost=214.73..34355.03 rows=9980 width=4)
	        Recheck Cond: ((id >= 5529503) AND (id <= 5539502))
	        ->  Bitmap Index Scan on sbtest4_pkey  (cost=0.00..212.24 rows=9980 width=0)
	              Index Cond: ((id >= 5529503) AND (id <= 5539502))

table 5 : explain SELECT SUM(k) FROM sbtest5 WHERE id BETWEEN 7924956 AND 7934955
	Aggregate  (cost=32221.72..32221.73 rows=1 width=8)
	  ->  Bitmap Heap Scan on sbtest5  (cost=199.70..32198.48 rows=9294 width=4)
	        Recheck Cond: ((id >= 7924956) AND (id <= 7934955))
	        ->  Bitmap Index Scan on sbtest5_pkey  (cost=0.00..197.38 rows=9294 width=0)
	              Index Cond: ((id >= 7924956) AND (id <= 7934955))

table 6 : explain SELECT SUM(k) FROM sbtest6 WHERE id BETWEEN 6804589 AND 6814588
	Aggregate  (cost=34096.08..34096.09 rows=1 width=8)
	  ->  Bitmap Heap Scan on sbtest6  (cost=213.79..34071.36 rows=9888 width=4)
	        Recheck Cond: ((id >= 6804589) AND (id <= 6814588))
	        ->  Bitmap Index Scan on sbtest6_pkey  (cost=0.00..211.31 rows=9888 width=0)
	              Index Cond: ((id >= 6804589) AND (id <= 6814588))

table 7 : explain SELECT SUM(k) FROM sbtest7 WHERE id BETWEEN 6358215 AND 6368214
	Aggregate  (cost=33473.48..33473.49 rows=1 width=8)
	  ->  Bitmap Heap Scan on sbtest7  (cost=211.63..33449.28 rows=9678 width=4)
	        Recheck Cond: ((id >= 6358215) AND (id <= 6368214))
	        ->  Bitmap Index Scan on sbtest7_pkey  (cost=0.00..209.22 rows=9678 width=0)
	              Index Cond: ((id >= 6358215) AND (id <= 6368214))

table 8 : explain SELECT SUM(k) FROM sbtest8 WHERE id BETWEEN 8229826 AND 8239825
	Aggregate  (cost=37644.06..37644.07 rows=1 width=8)
	  ->  Bitmap Heap Scan on sbtest8  (cost=241.35..37616.52 rows=11016 width=4)
	        Recheck Cond: ((id >= 8229826) AND (id <= 8239825))
	        ->  Bitmap Index Scan on sbtest8_pkey  (cost=0.00..238.59 rows=11016 width=0)
	              Index Cond: ((id >= 8229826) AND (id <= 8239825))

for point_selects
table 1 : explain SELECT c FROM sbtest1 WHERE id=8965537
	Index Scan using sbtest1_pkey on sbtest1  (cost=0.43..8.45 rows=1 width=121)
	  Index Cond: (id = 8965537)

table 2 : explain SELECT c FROM sbtest2 WHERE id=8100639
	Index Scan using sbtest2_pkey on sbtest2  (cost=0.43..8.45 rows=1 width=121)
	  Index Cond: (id = 8100639)

table 3 : explain SELECT c FROM sbtest3 WHERE id=6727200
	Index Scan using sbtest3_pkey on sbtest3  (cost=0.43..8.45 rows=1 width=121)
	  Index Cond: (id = 6727200)

table 4 : explain SELECT c FROM sbtest4 WHERE id=4378764
	Index Scan using sbtest4_pkey on sbtest4  (cost=0.43..8.45 rows=1 width=121)
	  Index Cond: (id = 4378764)

table 5 : explain SELECT c FROM sbtest5 WHERE id=9031608
	Index Scan using sbtest5_pkey on sbtest5  (cost=0.43..8.45 rows=1 width=121)
	  Index Cond: (id = 9031608)

table 6 : explain SELECT c FROM sbtest6 WHERE id=5329390
	Index Scan using sbtest6_pkey on sbtest6  (cost=0.43..8.45 rows=1 width=121)
	  Index Cond: (id = 5329390)

table 7 : explain SELECT c FROM sbtest7 WHERE id=6383649
	Index Scan using sbtest7_pkey on sbtest7  (cost=0.43..8.45 rows=1 width=121)
	  Index Cond: (id = 6383649)

table 8 : explain SELECT c FROM sbtest8 WHERE id=4525962
	Index Scan using sbtest8_pkey on sbtest8  (cost=0.43..8.45 rows=1 width=121)
	  Index Cond: (id = 4525962)

for point_selects
table 1 : explain SELECT c FROM sbtest1 WHERE id=5794627
	Index Scan using sbtest1_pkey on sbtest1  (cost=0.43..8.45 rows=1 width=121)
	  Index Cond: (id = 5794627)

table 2 : explain SELECT c FROM sbtest2 WHERE id=1520911
	Index Scan using sbtest2_pkey on sbtest2  (cost=0.43..8.45 rows=1 width=121)
	  Index Cond: (id = 1520911)

table 3 : explain SELECT c FROM sbtest3 WHERE id=266588
	Index Scan using sbtest3_pkey on sbtest3  (cost=0.43..8.45 rows=1 width=121)
	  Index Cond: (id = 266588)

table 4 : explain SELECT c FROM sbtest4 WHERE id=5747463
	Index Scan using sbtest4_pkey on sbtest4  (cost=0.43..8.45 rows=1 width=121)
	  Index Cond: (id = 5747463)

table 5 : explain SELECT c FROM sbtest5 WHERE id=9490825
	Index Scan using sbtest5_pkey on sbtest5  (cost=0.43..8.45 rows=1 width=121)
	  Index Cond: (id = 9490825)

table 6 : explain SELECT c FROM sbtest6 WHERE id=402213
	Index Scan using sbtest6_pkey on sbtest6  (cost=0.43..8.45 rows=1 width=121)
	  Index Cond: (id = 402213)

table 7 : explain SELECT c FROM sbtest7 WHERE id=1318908
	Index Scan using sbtest7_pkey on sbtest7  (cost=0.43..8.45 rows=1 width=121)
	  Index Cond: (id = 1318908)

table 8 : explain SELECT c FROM sbtest8 WHERE id=3917258
	Index Scan using sbtest8_pkey on sbtest8  (cost=0.43..8.45 rows=1 width=121)
	  Index Cond: (id = 3917258)

for: sum_ranges
table 1 : explain SELECT SUM(k) FROM sbtest1 WHERE id BETWEEN 2483230 AND 2493229
	Aggregate  (cost=30962.86..30962.87 rows=1 width=8)
	  ->  Bitmap Heap Scan on sbtest1  (cost=191.88..30940.56 rows=8921 width=4)
	        Recheck Cond: ((id >= 2483230) AND (id <= 2493229))
	        ->  Bitmap Index Scan on sbtest1_pkey  (cost=0.00..189.65 rows=8921 width=0)
	              Index Cond: ((id >= 2483230) AND (id <= 2493229))

table 2 : explain SELECT SUM(k) FROM sbtest2 WHERE id BETWEEN 7592758 AND 7602757
	Aggregate  (cost=34487.65..34487.66 rows=1 width=8)
	  ->  Bitmap Heap Scan on sbtest2  (cost=215.23..34462.58 rows=10029 width=4)
	        Recheck Cond: ((id >= 7592758) AND (id <= 7602757))
	        ->  Bitmap Index Scan on sbtest2_pkey  (cost=0.00..212.73 rows=10029 width=0)
	              Index Cond: ((id >= 7592758) AND (id <= 7602757))

table 3 : explain SELECT SUM(k) FROM sbtest3 WHERE id BETWEEN 4156895 AND 4166894
	Aggregate  (cost=33587.63..33587.64 rows=1 width=8)
	  ->  Bitmap Heap Scan on sbtest3  (cost=208.28..33563.28 rows=9741 width=4)
	        Recheck Cond: ((id >= 4156895) AND (id <= 4166894))
	        ->  Bitmap Index Scan on sbtest3_pkey  (cost=0.00..205.84 rows=9741 width=0)
	              Index Cond: ((id >= 4156895) AND (id <= 4166894))

table 4 : explain SELECT SUM(k) FROM sbtest4 WHERE id BETWEEN 1675760 AND 1685759
	Aggregate  (cost=33605.07..33605.08 rows=1 width=8)
	  ->  Bitmap Heap Scan on sbtest4  (cost=208.21..33580.74 rows=9734 width=4)
	        Recheck Cond: ((id >= 1675760) AND (id <= 1685759))
	        ->  Bitmap Index Scan on sbtest4_pkey  (cost=0.00..205.78 rows=9734 width=0)
	              Index Cond: ((id >= 1675760) AND (id <= 1685759))

table 5 : explain SELECT SUM(k) FROM sbtest5 WHERE id BETWEEN 4478138 AND 4488137
	Aggregate  (cost=36221.23..36221.24 rows=1 width=8)
	  ->  Bitmap Heap Scan on sbtest5  (cost=228.79..36194.80 rows=10571 width=4)
	        Recheck Cond: ((id >= 4478138) AND (id <= 4488137))
	        ->  Bitmap Index Scan on sbtest5_pkey  (cost=0.00..226.15 rows=10571 width=0)
	              Index Cond: ((id >= 4478138) AND (id <= 4488137))

table 6 : explain SELECT SUM(k) FROM sbtest6 WHERE id BETWEEN 7822524 AND 7832523
	Aggregate  (cost=34756.31..34756.32 rows=1 width=8)
	  ->  Bitmap Heap Scan on sbtest6  (cost=215.96..34731.06 rows=10100 width=4)
	        Recheck Cond: ((id >= 7822524) AND (id <= 7832523))
	        ->  Bitmap Index Scan on sbtest6_pkey  (cost=0.00..213.44 rows=10100 width=0)
	              Index Cond: ((id >= 7822524) AND (id <= 7832523))

table 7 : explain SELECT SUM(k) FROM sbtest7 WHERE id BETWEEN 87537 AND 97536
	Aggregate  (cost=33564.12..33564.13 rows=1 width=8)
	  ->  Bitmap Heap Scan on sbtest7  (cost=211.93..33539.86 rows=9707 width=4)
	        Recheck Cond: ((id >= 87537) AND (id <= 97536))
	        ->  Bitmap Index Scan on sbtest7_pkey  (cost=0.00..209.50 rows=9707 width=0)
	              Index Cond: ((id >= 87537) AND (id <= 97536))

table 8 : explain SELECT SUM(k) FROM sbtest8 WHERE id BETWEEN 1169492 AND 1179491
	Aggregate  (cost=35322.46..35322.47 rows=1 width=8)
	  ->  Bitmap Heap Scan on sbtest8  (cost=225.68..35296.79 rows=10268 width=4)
	        Recheck Cond: ((id >= 1169492) AND (id <= 1179491))
	        ->  Bitmap Index Scan on sbtest8_pkey  (cost=0.00..223.12 rows=10268 width=0)
	              Index Cond: ((id >= 1169492) AND (id <= 1179491))

for: simple_ranges
table 1 : explain SELECT c FROM sbtest1 WHERE id BETWEEN 3526519 AND 3536518
	Bitmap Heap Scan on sbtest1  (cost=199.98..32202.66 rows=9321 width=121)
	  Recheck Cond: ((id >= 3526519) AND (id <= 3536518))
	  ->  Bitmap Index Scan on sbtest1_pkey  (cost=0.00..197.65 rows=9321 width=0)
	        Index Cond: ((id >= 3526519) AND (id <= 3536518))

table 2 : explain SELECT c FROM sbtest2 WHERE id BETWEEN 7020550 AND 7030549
	Bitmap Heap Scan on sbtest2  (cost=190.39..30518.58 rows=8776 width=121)
	  Recheck Cond: ((id >= 7020550) AND (id <= 7030549))
	  ->  Bitmap Index Scan on sbtest2_pkey  (cost=0.00..188.19 rows=8776 width=0)
	        Index Cond: ((id >= 7020550) AND (id <= 7030549))

table 3 : explain SELECT c FROM sbtest3 WHERE id BETWEEN 9872355 AND 9882354
	Bitmap Heap Scan on sbtest3  (cost=200.91..32529.15 rows=9412 width=121)
	  Recheck Cond: ((id >= 9872355) AND (id <= 9882354))
	  ->  Bitmap Index Scan on sbtest3_pkey  (cost=0.00..198.56 rows=9412 width=0)
	        Index Cond: ((id >= 9872355) AND (id <= 9882354))

table 4 : explain SELECT c FROM sbtest4 WHERE id BETWEEN 2176827 AND 2186826
	Bitmap Heap Scan on sbtest4  (cost=222.32..35444.44 rows=10330 width=121)
	  Recheck Cond: ((id >= 2176827) AND (id <= 2186826))
	  ->  Bitmap Index Scan on sbtest4_pkey  (cost=0.00..219.74 rows=10330 width=0)
	        Index Cond: ((id >= 2176827) AND (id <= 2186826))

table 5 : explain SELECT c FROM sbtest5 WHERE id BETWEEN 536416 AND 546415
	Bitmap Heap Scan on sbtest5  (cost=223.52..35807.10 rows=10447 width=121)
	  Recheck Cond: ((id >= 536416) AND (id <= 546415))
	  ->  Bitmap Index Scan on sbtest5_pkey  (cost=0.00..220.91 rows=10447 width=0)
	        Index Cond: ((id >= 536416) AND (id <= 546415))

table 6 : explain SELECT c FROM sbtest6 WHERE id BETWEEN 2921897 AND 2931896
	Bitmap Heap Scan on sbtest6  (cost=237.76..37695.49 rows=11056 width=121)
	  Recheck Cond: ((id >= 2921897) AND (id <= 2931896))
	  ->  Bitmap Index Scan on sbtest6_pkey  (cost=0.00..235.00 rows=11056 width=0)
	        Index Cond: ((id >= 2921897) AND (id <= 2931896))

table 7 : explain SELECT c FROM sbtest7 WHERE id BETWEEN 7666709 AND 7676708
	Bitmap Heap Scan on sbtest7  (cost=213.58..34043.88 rows=9868 width=121)
	  Recheck Cond: ((id >= 7666709) AND (id <= 7676708))
	  ->  Bitmap Index Scan on sbtest7_pkey  (cost=0.00..211.12 rows=9868 width=0)
	        Index Cond: ((id >= 7666709) AND (id <= 7676708))

table 8 : explain SELECT c FROM sbtest8 WHERE id BETWEEN 9121386 AND 9131385
	Bitmap Heap Scan on sbtest8  (cost=224.23..34856.38 rows=10126 width=121)
	  Recheck Cond: ((id >= 9121386) AND (id <= 9131385))
	  ->  Bitmap Index Scan on sbtest8_pkey  (cost=0.00..221.69 rows=10126 width=0)
	        Index Cond: ((id >= 9121386) AND (id <= 9131385))

for: simple_ranges
table 1 : explain SELECT c FROM sbtest1 WHERE id BETWEEN 9756904 AND 9766903
	Bitmap Heap Scan on sbtest1  (cost=239.15..38001.69 rows=11192 width=121)
	  Recheck Cond: ((id >= 9756904) AND (id <= 9766903))
	  ->  Bitmap Index Scan on sbtest1_pkey  (cost=0.00..236.36 rows=11192 width=0)
	        Index Cond: ((id >= 9756904) AND (id <= 9766903))

table 2 : explain SELECT c FROM sbtest2 WHERE id BETWEEN 1662960 AND 1672959
	Bitmap Heap Scan on sbtest2  (cost=216.72..34911.67 rows=10174 width=121)
	  Recheck Cond: ((id >= 1662960) AND (id <= 1672959))
	  ->  Bitmap Index Scan on sbtest2_pkey  (cost=0.00..214.18 rows=10174 width=0)
	        Index Cond: ((id >= 1662960) AND (id <= 1672959))

table 3 : explain SELECT c FROM sbtest3 WHERE id BETWEEN 5460693 AND 5470692
	Bitmap Heap Scan on sbtest3  (cost=208.13..33518.14 rows=9726 width=121)
	  Recheck Cond: ((id >= 5460693) AND (id <= 5470692))
	  ->  Bitmap Index Scan on sbtest3_pkey  (cost=0.00..205.69 rows=9726 width=0)
	        Index Cond: ((id >= 5460693) AND (id <= 5470692))

table 4 : explain SELECT c FROM sbtest4 WHERE id BETWEEN 2733586 AND 2743585
	Bitmap Heap Scan on sbtest4  (cost=236.89..37428.30 rows=10971 width=121)
	  Recheck Cond: ((id >= 2733586) AND (id <= 2743585))
	  ->  Bitmap Index Scan on sbtest4_pkey  (cost=0.00..234.15 rows=10971 width=0)
	        Index Cond: ((id >= 2733586) AND (id <= 2743585))

table 5 : explain SELECT c FROM sbtest5 WHERE id BETWEEN 9522658 AND 9532657
	Bitmap Heap Scan on sbtest5  (cost=199.20..32042.64 rows=9245 width=121)
	  Recheck Cond: ((id >= 9522658) AND (id <= 9532657))
	  ->  Bitmap Index Scan on sbtest5_pkey  (cost=0.00..196.88 rows=9245 width=0)
	        Index Cond: ((id >= 9522658) AND (id <= 9532657))

table 6 : explain SELECT c FROM sbtest6 WHERE id BETWEEN 4860986 AND 4870985
	Bitmap Heap Scan on sbtest6  (cost=199.35..32093.30 rows=9260 width=121)
	  Recheck Cond: ((id >= 4860986) AND (id <= 4870985))
	  ->  Bitmap Index Scan on sbtest6_pkey  (cost=0.00..197.04 rows=9260 width=0)
	        Index Cond: ((id >= 4860986) AND (id <= 4870985))

table 7 : explain SELECT c FROM sbtest7 WHERE id BETWEEN 1435394 AND 1445393
	Bitmap Heap Scan on sbtest7  (cost=198.02..31714.21 rows=9130 width=121)
	  Recheck Cond: ((id >= 1435394) AND (id <= 1445393))
	  ->  Bitmap Index Scan on sbtest7_pkey  (cost=0.00..195.74 rows=9130 width=0)
	        Index Cond: ((id >= 1435394) AND (id <= 1445393))

table 8 : explain SELECT c FROM sbtest8 WHERE id BETWEEN 3502715 AND 3512714
	Bitmap Heap Scan on sbtest8  (cost=247.19..38173.81 rows=11196 width=121)
	  Recheck Cond: ((id >= 3502715) AND (id <= 3512714))
	  ->  Bitmap Index Scan on sbtest8_pkey  (cost=0.00..244.40 rows=11196 width=0)
	        Index Cond: ((id >= 3502715) AND (id <= 3512714))

explain: for point_selects :: explain SELECT c FROM sbtest%u WHERE id=%u
for: order_ranges
table 1 : explain SELECT c FROM sbtest1 WHERE id BETWEEN 2773491 AND 2783490 ORDER BY c
	Sort  (cost=35210.48..35235.65 rows=10069 width=121)
	  Sort Key: c
	  ->  Bitmap Heap Scan on sbtest1  (cost=215.64..34541.01 rows=10069 width=121)
	        Recheck Cond: ((id >= 2773491) AND (id <= 2783490))
	        ->  Bitmap Index Scan on sbtest1_pkey  (cost=0.00..213.12 rows=10069 width=0)
	              Index Cond: ((id >= 2773491) AND (id <= 2783490))

table 2 : explain SELECT c FROM sbtest2 WHERE id BETWEEN 4112542 AND 4122541 ORDER BY c
	Sort  (cost=36133.77..36159.63 rows=10345 width=121)
	  Sort Key: c
	  ->  Bitmap Heap Scan on sbtest2  (cost=222.47..35443.93 rows=10345 width=121)
	        Recheck Cond: ((id >= 4112542) AND (id <= 4122541))
	        ->  Bitmap Index Scan on sbtest2_pkey  (cost=0.00..219.88 rows=10345 width=0)
	              Index Cond: ((id >= 4112542) AND (id <= 4122541))

table 3 : explain SELECT c FROM sbtest3 WHERE id BETWEEN 6119434 AND 6129433 ORDER BY c
	Sort  (cost=39049.71..39077.88 rows=11269 width=121)
	  Sort Key: c
	  ->  Bitmap Heap Scan on sbtest3  (cost=239.94..38291.30 rows=11269 width=121)
	        Recheck Cond: ((id >= 6119434) AND (id <= 6129433))
	        ->  Bitmap Index Scan on sbtest3_pkey  (cost=0.00..237.12 rows=11269 width=0)
	              Index Cond: ((id >= 6119434) AND (id <= 6129433))

table 4 : explain SELECT c FROM sbtest4 WHERE id BETWEEN 246716 AND 256715 ORDER BY c
	Sort  (cost=36011.68..36037.41 rows=10291 width=121)
	  Sort Key: c
	  ->  Bitmap Heap Scan on sbtest4  (cost=221.92..35325.83 rows=10291 width=121)
	        Recheck Cond: ((id >= 246716) AND (id <= 256715))
	        ->  Bitmap Index Scan on sbtest4_pkey  (cost=0.00..219.34 rows=10291 width=0)
	              Index Cond: ((id >= 246716) AND (id <= 256715))

table 5 : explain SELECT c FROM sbtest5 WHERE id BETWEEN 1397198 AND 1407197 ORDER BY c
	Sort  (cost=36022.32..36048.05 rows=10294 width=121)
	  Sort Key: c
	  ->  Bitmap Heap Scan on sbtest5  (cost=221.95..35336.25 rows=10294 width=121)
	        Recheck Cond: ((id >= 1397198) AND (id <= 1407197))
	        ->  Bitmap Index Scan on sbtest5_pkey  (cost=0.00..219.38 rows=10294 width=0)
	              Index Cond: ((id >= 1397198) AND (id <= 1407197))

table 6 : explain SELECT c FROM sbtest6 WHERE id BETWEEN 6702594 AND 6712593 ORDER BY c
	Sort  (cost=32673.50..32696.63 rows=9251 width=121)
	  Sort Key: c
	  ->  Bitmap Heap Scan on sbtest6  (cost=199.26..32064.07 rows=9251 width=121)
	        Recheck Cond: ((id >= 6702594) AND (id <= 6712593))
	        ->  Bitmap Index Scan on sbtest6_pkey  (cost=0.00..196.94 rows=9251 width=0)
	              Index Cond: ((id >= 6702594) AND (id <= 6712593))

table 7 : explain SELECT c FROM sbtest7 WHERE id BETWEEN 6771438 AND 6781437 ORDER BY c
	Sort  (cost=34975.94..35000.83 rows=9955 width=121)
	  Sort Key: c
	  ->  Bitmap Heap Scan on sbtest7  (cost=214.47..34314.87 rows=9955 width=121)
	        Recheck Cond: ((id >= 6771438) AND (id <= 6781437))
	        ->  Bitmap Index Scan on sbtest7_pkey  (cost=0.00..211.99 rows=9955 width=0)
	              Index Cond: ((id >= 6771438) AND (id <= 6781437))

table 8 : explain SELECT c FROM sbtest8 WHERE id BETWEEN 9565642 AND 9575641 ORDER BY c
	Sort  (cost=34300.73..34325.09 rows=9744 width=121)
	  Sort Key: c
	  ->  Bitmap Heap Scan on sbtest8  (cost=212.31..33655.18 rows=9744 width=121)
	        Recheck Cond: ((id >= 9565642) AND (id <= 9575641))
	        ->  Bitmap Index Scan on sbtest8_pkey  (cost=0.00..209.88 rows=9744 width=0)
	              Index Cond: ((id >= 9565642) AND (id <= 9575641))

for: sum_ranges
table 1 : explain SELECT SUM(k) FROM sbtest1 WHERE id BETWEEN 3796683 AND 3806682
	Aggregate  (cost=32429.78..32429.79 rows=1 width=8)
	  ->  Bitmap Heap Scan on sbtest1  (cost=200.64..32406.32 rows=9386 width=4)
	        Recheck Cond: ((id >= 3796683) AND (id <= 3806682))
	        ->  Bitmap Index Scan on sbtest1_pkey  (cost=0.00..198.30 rows=9386 width=0)
	              Index Cond: ((id >= 3796683) AND (id <= 3806682))

table 2 : explain SELECT SUM(k) FROM sbtest2 WHERE id BETWEEN 6818350 AND 6828349
	Aggregate  (cost=33882.07..33882.08 rows=1 width=8)
	  ->  Bitmap Heap Scan on sbtest2  (cost=209.25..33857.48 rows=9836 width=4)
	        Recheck Cond: ((id >= 6818350) AND (id <= 6828349))
	        ->  Bitmap Index Scan on sbtest2_pkey  (cost=0.00..206.80 rows=9836 width=0)
	              Index Cond: ((id >= 6818350) AND (id <= 6828349))

table 3 : explain SELECT SUM(k) FROM sbtest3 WHERE id BETWEEN 1896945 AND 1906944
	Aggregate  (cost=32332.34..32332.35 rows=1 width=8)
	  ->  Bitmap Heap Scan on sbtest3  (cost=200.18..32308.99 rows=9341 width=4)
	        Recheck Cond: ((id >= 1896945) AND (id <= 1906944))
	        ->  Bitmap Index Scan on sbtest3_pkey  (cost=0.00..197.84 rows=9341 width=0)
	              Index Cond: ((id >= 1896945) AND (id <= 1906944))

table 4 : explain SELECT SUM(k) FROM sbtest4 WHERE id BETWEEN 1495104 AND 1505103
	Aggregate  (cost=32594.34..32594.35 rows=1 width=8)
	  ->  Bitmap Heap Scan on sbtest4  (cost=200.92..32570.81 rows=9413 width=4)
	        Recheck Cond: ((id >= 1495104) AND (id <= 1505103))
	        ->  Bitmap Index Scan on sbtest4_pkey  (cost=0.00..198.56 rows=9413 width=0)
	              Index Cond: ((id >= 1495104) AND (id <= 1505103))

table 5 : explain SELECT SUM(k) FROM sbtest5 WHERE id BETWEEN 4930010 AND 4940009
	Aggregate  (cost=34161.64..34161.65 rows=1 width=8)
	  ->  Bitmap Heap Scan on sbtest5  (cost=214.01..34136.86 rows=9910 width=4)
	        Recheck Cond: ((id >= 4930010) AND (id <= 4940009))
	        ->  Bitmap Index Scan on sbtest5_pkey  (cost=0.00..211.54 rows=9910 width=0)
	              Index Cond: ((id >= 4930010) AND (id <= 4940009))

table 6 : explain SELECT SUM(k) FROM sbtest6 WHERE id BETWEEN 555221 AND 565220
	Aggregate  (cost=33232.83..33232.84 rows=1 width=8)
	  ->  Bitmap Heap Scan on sbtest6  (cost=206.98..33208.79 rows=9614 width=4)
	        Recheck Cond: ((id >= 555221) AND (id <= 565220))
	        ->  Bitmap Index Scan on sbtest6_pkey  (cost=0.00..204.57 rows=9614 width=0)
	              Index Cond: ((id >= 555221) AND (id <= 565220))

table 7 : explain SELECT SUM(k) FROM sbtest7 WHERE id BETWEEN 2759206 AND 2769205
	Aggregate  (cost=32447.48..32447.49 rows=1 width=8)
	  ->  Bitmap Heap Scan on sbtest7  (cost=204.30..32424.10 rows=9353 width=4)
	        Recheck Cond: ((id >= 2759206) AND (id <= 2769205))
	        ->  Bitmap Index Scan on sbtest7_pkey  (cost=0.00..201.97 rows=9353 width=0)
	              Index Cond: ((id >= 2759206) AND (id <= 2769205))

table 8 : explain SELECT SUM(k) FROM sbtest8 WHERE id BETWEEN 465507 AND 475506
	Aggregate  (cost=36362.62..36362.63 rows=1 width=8)
	  ->  Bitmap Heap Scan on sbtest8  (cost=233.11..36336.11 rows=10602 width=4)
	        Recheck Cond: ((id >= 465507) AND (id <= 475506))
	        ->  Bitmap Index Scan on sbtest8_pkey  (cost=0.00..230.45 rows=10602 width=0)
	              Index Cond: ((id >= 465507) AND (id <= 475506))

for: sum_ranges
table 1 : explain SELECT SUM(k) FROM sbtest1 WHERE id BETWEEN 7625564 AND 7635563
	Aggregate  (cost=34812.91..34812.92 rows=1 width=8)
	  ->  Bitmap Heap Scan on sbtest1  (cost=216.45..34787.54 rows=10148 width=4)
	        Recheck Cond: ((id >= 7625564) AND (id <= 7635563))
	        ->  Bitmap Index Scan on sbtest1_pkey  (cost=0.00..213.92 rows=10148 width=0)
	              Index Cond: ((id >= 7625564) AND (id <= 7635563))

table 2 : explain SELECT SUM(k) FROM sbtest2 WHERE id BETWEEN 4823278 AND 4833277
	Aggregate  (cost=34262.64..34262.65 rows=1 width=8)
	  ->  Bitmap Heap Scan on sbtest2  (cost=214.49..34237.74 rows=9957 width=4)
	        Recheck Cond: ((id >= 4823278) AND (id <= 4833277))
	        ->  Bitmap Index Scan on sbtest2_pkey  (cost=0.00..212.00 rows=9957 width=0)
	              Index Cond: ((id >= 4823278) AND (id <= 4833277))

table 3 : explain SELECT SUM(k) FROM sbtest3 WHERE id BETWEEN 8266497 AND 8276496
	Aggregate  (cost=34013.75..34013.76 rows=1 width=8)
	  ->  Bitmap Heap Scan on sbtest3  (cost=213.66..33989.06 rows=9876 width=4)
	        Recheck Cond: ((id >= 8266497) AND (id <= 8276496))
	        ->  Bitmap Index Scan on sbtest3_pkey  (cost=0.00..211.19 rows=9876 width=0)
	              Index Cond: ((id >= 8266497) AND (id <= 8276496))

table 4 : explain SELECT SUM(k) FROM sbtest4 WHERE id BETWEEN 659671 AND 669670
	Aggregate  (cost=33327.08..33327.09 rows=1 width=8)
	  ->  Bitmap Heap Scan on sbtest4  (cost=207.30..33302.97 rows=9645 width=4)
	        Recheck Cond: ((id >= 659671) AND (id <= 669670))
	        ->  Bitmap Index Scan on sbtest4_pkey  (cost=0.00..204.88 rows=9645 width=0)
	              Index Cond: ((id >= 659671) AND (id <= 669670))

table 5 : explain SELECT SUM(k) FROM sbtest5 WHERE id BETWEEN 3082228 AND 3092227
	Aggregate  (cost=35730.69..35730.70 rows=1 width=8)
	  ->  Bitmap Heap Scan on sbtest5  (cost=223.17..35704.66 rows=10413 width=4)
	        Recheck Cond: ((id >= 3082228) AND (id <= 3092227))
	        ->  Bitmap Index Scan on sbtest5_pkey  (cost=0.00..220.56 rows=10413 width=0)
	              Index Cond: ((id >= 3082228) AND (id <= 3092227))

table 6 : explain SELECT SUM(k) FROM sbtest6 WHERE id BETWEEN 6774325 AND 6784324
	Aggregate  (cost=34096.08..34096.09 rows=1 width=8)
	  ->  Bitmap Heap Scan on sbtest6  (cost=213.79..34071.36 rows=9888 width=4)
	        Recheck Cond: ((id >= 6774325) AND (id <= 6784324))
	        ->  Bitmap Index Scan on sbtest6_pkey  (cost=0.00..211.31 rows=9888 width=0)
	              Index Cond: ((id >= 6774325) AND (id <= 6784324))

table 7 : explain SELECT SUM(k) FROM sbtest7 WHERE id BETWEEN 6619340 AND 6629339
	Aggregate  (cost=33806.75..33806.76 rows=1 width=8)
	  ->  Bitmap Heap Scan on sbtest7  (cost=212.72..33782.29 rows=9784 width=4)
	        Recheck Cond: ((id >= 6619340) AND (id <= 6629339))
	        ->  Bitmap Index Scan on sbtest7_pkey  (cost=0.00..210.28 rows=9784 width=0)
	              Index Cond: ((id >= 6619340) AND (id <= 6629339))

table 8 : explain SELECT SUM(k) FROM sbtest8 WHERE id BETWEEN 8679403 AND 8689402
	Aggregate  (cost=33391.45..33391.46 rows=1 width=8)
	  ->  Bitmap Heap Scan on sbtest8  (cost=211.37..33367.32 rows=9652 width=4)
	        Recheck Cond: ((id >= 8679403) AND (id <= 8689402))
	        ->  Bitmap Index Scan on sbtest8_pkey  (cost=0.00..208.95 rows=9652 width=0)
	              Index Cond: ((id >= 8679403) AND (id <= 8689402))

for point_selects
table 1 : explain SELECT c FROM sbtest1 WHERE id=6155175
	Index Scan using sbtest1_pkey on sbtest1  (cost=0.43..8.45 rows=1 width=121)
	  Index Cond: (id = 6155175)

table 2 : explain SELECT c FROM sbtest2 WHERE id=1450035
	Index Scan using sbtest2_pkey on sbtest2  (cost=0.43..8.45 rows=1 width=121)
	  Index Cond: (id = 1450035)

table 3 : explain SELECT c FROM sbtest3 WHERE id=3668576
	Index Scan using sbtest3_pkey on sbtest3  (cost=0.43..8.45 rows=1 width=121)
	  Index Cond: (id = 3668576)

table 4 : explain SELECT c FROM sbtest4 WHERE id=1692167
	Index Scan using sbtest4_pkey on sbtest4  (cost=0.43..8.45 rows=1 width=121)
	  Index Cond: (id = 1692167)

table 5 : explain SELECT c FROM sbtest5 WHERE id=1935644
	Index Scan using sbtest5_pkey on sbtest5  (cost=0.43..8.45 rows=1 width=121)
	  Index Cond: (id = 1935644)

table 6 : explain SELECT c FROM sbtest6 WHERE id=930166
	Index Scan using sbtest6_pkey on sbtest6  (cost=0.43..8.45 rows=1 width=121)
	  Index Cond: (id = 930166)

table 7 : explain SELECT c FROM sbtest7 WHERE id=9964314
	Index Scan using sbtest7_pkey on sbtest7  (cost=0.43..8.45 rows=1 width=121)
	  Index Cond: (id = 9964314)

table 8 : explain SELECT c FROM sbtest8 WHERE id=9857525
	Index Scan using sbtest8_pkey on sbtest8  (cost=0.43..8.45 rows=1 width=121)
	  Index Cond: (id = 9857525)

for: simple_ranges
table 1 : explain SELECT c FROM sbtest1 WHERE id BETWEEN 4498866 AND 4508865
	Bitmap Heap Scan on sbtest1  (cost=216.41..34774.74 rows=10144 width=121)
	  Recheck Cond: ((id >= 4498866) AND (id <= 4508865))
	  ->  Bitmap Index Scan on sbtest1_pkey  (cost=0.00..213.88 rows=10144 width=0)
	        Index Cond: ((id >= 4498866) AND (id <= 4508865))

table 2 : explain SELECT c FROM sbtest2 WHERE id BETWEEN 644371 AND 654370
	Bitmap Heap Scan on sbtest2  (cost=216.89..34966.13 rows=10191 width=121)
	  Recheck Cond: ((id >= 644371) AND (id <= 654370))
	  ->  Bitmap Index Scan on sbtest2_pkey  (cost=0.00..214.34 rows=10191 width=0)
	        Index Cond: ((id >= 644371) AND (id <= 654370))

table 3 : explain SELECT c FROM sbtest3 WHERE id BETWEEN 6007622 AND 6017621
	Bitmap Heap Scan on sbtest3  (cost=221.82..35250.98 rows=10281 width=121)
	  Recheck Cond: ((id >= 6007622) AND (id <= 6017621))
	  ->  Bitmap Index Scan on sbtest3_pkey  (cost=0.00..219.25 rows=10281 width=0)
	        Index Cond: ((id >= 6007622) AND (id <= 6017621))

table 4 : explain SELECT c FROM sbtest4 WHERE id BETWEEN 2507925 AND 2517924
	Bitmap Heap Scan on sbtest4  (cost=214.24..34203.75 rows=9932 width=121)
	  Recheck Cond: ((id >= 2507925) AND (id <= 2517924))
	  ->  Bitmap Index Scan on sbtest4_pkey  (cost=0.00..211.75 rows=9932 width=0)
	        Index Cond: ((id >= 2507925) AND (id <= 2517924))

table 5 : explain SELECT c FROM sbtest5 WHERE id BETWEEN 8770004 AND 8780003
	Bitmap Heap Scan on sbtest5  (cost=208.56..33687.98 rows=9768 width=121)
	  Recheck Cond: ((id >= 8770004) AND (id <= 8780003))
	  ->  Bitmap Index Scan on sbtest5_pkey  (cost=0.00..206.12 rows=9768 width=0)
	        Index Cond: ((id >= 8770004) AND (id <= 8780003))

table 6 : explain SELECT c FROM sbtest6 WHERE id BETWEEN 5992989 AND 6002988
	Bitmap Heap Scan on sbtest6  (cost=239.34..38165.27 rows=11210 width=121)
	  Recheck Cond: ((id >= 5992989) AND (id <= 6002988))
	  ->  Bitmap Index Scan on sbtest6_pkey  (cost=0.00..236.54 rows=11210 width=0)
	        Index Cond: ((id >= 5992989) AND (id <= 6002988))

table 7 : explain SELECT c FROM sbtest7 WHERE id BETWEEN 8568564 AND 8578563
	Bitmap Heap Scan on sbtest7  (cost=212.68..33769.37 rows=9780 width=121)
	  Recheck Cond: ((id >= 8568564) AND (id <= 8578563))
	  ->  Bitmap Index Scan on sbtest7_pkey  (cost=0.00..210.24 rows=9780 width=0)
	        Index Cond: ((id >= 8568564) AND (id <= 8578563))

table 8 : explain SELECT c FROM sbtest8 WHERE id BETWEEN 7379467 AND 7389466
	Bitmap Heap Scan on sbtest8  (cost=220.09..34810.56 rows=10113 width=121)
	  Recheck Cond: ((id >= 7379467) AND (id <= 7389466))
	  ->  Bitmap Index Scan on sbtest8_pkey  (cost=0.00..217.56 rows=10113 width=0)
	        Index Cond: ((id >= 7379467) AND (id <= 7389466))

for: sum_ranges
table 1 : explain SELECT SUM(k) FROM sbtest1 WHERE id BETWEEN 836271 AND 846270
	Aggregate  (cost=35779.14..35779.15 rows=1 width=8)
	  ->  Bitmap Heap Scan on sbtest1  (cost=223.65..35752.99 rows=10460 width=4)
	        Recheck Cond: ((id >= 836271) AND (id <= 846270))
	        ->  Bitmap Index Scan on sbtest1_pkey  (cost=0.00..221.04 rows=10460 width=0)
	              Index Cond: ((id >= 836271) AND (id <= 846270))

table 2 : explain SELECT SUM(k) FROM sbtest2 WHERE id BETWEEN 8071584 AND 8081583
	Aggregate  (cost=36425.80..36425.81 rows=1 width=8)
	  ->  Bitmap Heap Scan on sbtest2  (cost=229.63..36399.17 rows=10653 width=4)
	        Recheck Cond: ((id >= 8071584) AND (id <= 8081583))
	        ->  Bitmap Index Scan on sbtest2_pkey  (cost=0.00..226.97 rows=10653 width=0)
	              Index Cond: ((id >= 8071584) AND (id <= 8081583))

table 3 : explain SELECT SUM(k) FROM sbtest3 WHERE id BETWEEN 4987011 AND 4997010
	Aggregate  (cost=35449.62..35449.63 rows=1 width=8)
	  ->  Bitmap Heap Scan on sbtest3  (cost=222.39..35423.78 rows=10337 width=4)
	        Recheck Cond: ((id >= 4987011) AND (id <= 4997010))
	        ->  Bitmap Index Scan on sbtest3_pkey  (cost=0.00..219.81 rows=10337 width=0)
	              Index Cond: ((id >= 4987011) AND (id <= 4997010))

table 4 : explain SELECT SUM(k) FROM sbtest4 WHERE id BETWEEN 2121326 AND 2131325
	Aggregate  (cost=35470.27..35470.28 rows=1 width=8)
	  ->  Bitmap Heap Scan on sbtest4  (cost=222.32..35444.44 rows=10330 width=4)
	        Recheck Cond: ((id >= 2121326) AND (id <= 2131325))
	        ->  Bitmap Index Scan on sbtest4_pkey  (cost=0.00..219.74 rows=10330 width=0)
	              Index Cond: ((id >= 2121326) AND (id <= 2131325))

table 5 : explain SELECT SUM(k) FROM sbtest5 WHERE id BETWEEN 7106961 AND 7116960
	Aggregate  (cost=35349.15..35349.16 rows=1 width=8)
	  ->  Bitmap Heap Scan on sbtest5  (cost=221.91..35323.43 rows=10290 width=4)
	        Recheck Cond: ((id >= 7106961) AND (id <= 7116960))
	        ->  Bitmap Index Scan on sbtest5_pkey  (cost=0.00..219.34 rows=10290 width=0)
	              Index Cond: ((id >= 7106961) AND (id <= 7116960))

table 6 : explain SELECT SUM(k) FROM sbtest6 WHERE id BETWEEN 2877650 AND 2887649
	Aggregate  (cost=34765.96..34765.97 rows=1 width=8)
	  ->  Bitmap Heap Scan on sbtest6  (cost=215.99..34740.70 rows=10103 width=4)
	        Recheck Cond: ((id >= 2877650) AND (id <= 2887649))
	        ->  Bitmap Index Scan on sbtest6_pkey  (cost=0.00..213.47 rows=10103 width=0)
	              Index Cond: ((id >= 2877650) AND (id <= 2887649))

table 7 : explain SELECT SUM(k) FROM sbtest7 WHERE id BETWEEN 4543822 AND 4553821
	Aggregate  (cost=34326.82..34326.83 rows=1 width=8)
	  ->  Bitmap Heap Scan on sbtest7  (cost=214.42..34301.95 rows=9950 width=4)
	        Recheck Cond: ((id >= 4543822) AND (id <= 4553821))
	        ->  Bitmap Index Scan on sbtest7_pkey  (cost=0.00..211.94 rows=9950 width=0)
	              Index Cond: ((id >= 4543822) AND (id <= 4553821))

table 8 : explain SELECT SUM(k) FROM sbtest8 WHERE id BETWEEN 5602767 AND 5612766
	Aggregate  (cost=32218.81..32218.82 rows=1 width=8)
	  ->  Bitmap Heap Scan on sbtest8  (cost=203.57..32195.61 rows=9281 width=4)
	        Recheck Cond: ((id >= 5602767) AND (id <= 5612766))
	        ->  Bitmap Index Scan on sbtest8_pkey  (cost=0.00..201.25 rows=9281 width=0)
	              Index Cond: ((id >= 5602767) AND (id <= 5612766))

explain: for point_selects :: explain SELECT c FROM sbtest%u WHERE id=%u
for: sum_ranges
table 1 : explain SELECT SUM(k) FROM sbtest1 WHERE id BETWEEN 4877934 AND 4887933
	Aggregate  (cost=36181.64..36181.65 rows=1 width=8)
	  ->  Bitmap Heap Scan on sbtest1  (cost=228.97..36155.16 rows=10589 width=4)
	        Recheck Cond: ((id >= 4877934) AND (id <= 4887933))
	        ->  Bitmap Index Scan on sbtest1_pkey  (cost=0.00..226.32 rows=10589 width=0)
	              Index Cond: ((id >= 4877934) AND (id <= 4887933))

table 2 : explain SELECT SUM(k) FROM sbtest2 WHERE id BETWEEN 7790234 AND 7800233
	Aggregate  (cost=35597.78..35597.79 rows=1 width=8)
	  ->  Bitmap Heap Scan on sbtest2  (cost=222.89..35571.81 rows=10386 width=4)
	        Recheck Cond: ((id >= 7790234) AND (id <= 7800233))
	        ->  Bitmap Index Scan on sbtest2_pkey  (cost=0.00..220.30 rows=10386 width=0)
	              Index Cond: ((id >= 7790234) AND (id <= 7800233))

table 3 : explain SELECT SUM(k) FROM sbtest3 WHERE id BETWEEN 2683920 AND 2693919
	Aggregate  (cost=33777.84..33777.85 rows=1 width=8)
	  ->  Bitmap Heap Scan on sbtest3  (cost=208.91..33753.34 rows=9802 width=4)
	        Recheck Cond: ((id >= 2683920) AND (id <= 2693919))
	        ->  Bitmap Index Scan on sbtest3_pkey  (cost=0.00..206.45 rows=9802 width=0)
	              Index Cond: ((id >= 2683920) AND (id <= 2693919))

table 4 : explain SELECT SUM(k) FROM sbtest4 WHERE id BETWEEN 1949289 AND 1959288
	Aggregate  (cost=34051.26..34051.27 rows=1 width=8)
	  ->  Bitmap Heap Scan on sbtest4  (cost=213.65..34026.58 rows=9875 width=4)
	        Recheck Cond: ((id >= 1949289) AND (id <= 1959288))
	        ->  Bitmap Index Scan on sbtest4_pkey  (cost=0.00..211.19 rows=9875 width=0)
	              Index Cond: ((id >= 1949289) AND (id <= 1959288))

table 5 : explain SELECT SUM(k) FROM sbtest5 WHERE id BETWEEN 3228601 AND 3238600
	Aggregate  (cost=35769.15..35769.16 rows=1 width=8)
	  ->  Bitmap Heap Scan on sbtest5  (cost=223.30..35743.08 rows=10426 width=4)
	        Recheck Cond: ((id >= 3228601) AND (id <= 3238600))
	        ->  Bitmap Index Scan on sbtest5_pkey  (cost=0.00..220.69 rows=10426 width=0)
	              Index Cond: ((id >= 3228601) AND (id <= 3238600))

table 6 : explain SELECT SUM(k) FROM sbtest6 WHERE id BETWEEN 724198 AND 734197
	Aggregate  (cost=34453.79..34453.80 rows=1 width=8)
	  ->  Bitmap Heap Scan on sbtest6  (cost=214.97..34428.78 rows=10003 width=4)
	        Recheck Cond: ((id >= 724198) AND (id <= 734197))
	        ->  Bitmap Index Scan on sbtest6_pkey  (cost=0.00..212.47 rows=10003 width=0)
	              Index Cond: ((id >= 724198) AND (id <= 734197))

table 7 : explain SELECT SUM(k) FROM sbtest7 WHERE id BETWEEN 1066463 AND 1076462
	Aggregate  (cost=38955.54..38955.55 rows=1 width=8)
	  ->  Bitmap Heap Scan on sbtest7  (cost=249.72..38926.93 rows=11442 width=4)
	        Recheck Cond: ((id >= 1066463) AND (id <= 1076462))
	        ->  Bitmap Index Scan on sbtest7_pkey  (cost=0.00..246.86 rows=11442 width=0)
	              Index Cond: ((id >= 1066463) AND (id <= 1076462))

table 8 : explain SELECT SUM(k) FROM sbtest8 WHERE id BETWEEN 8159987 AND 8169986
	Aggregate  (cost=37644.06..37644.07 rows=1 width=8)
	  ->  Bitmap Heap Scan on sbtest8  (cost=241.35..37616.52 rows=11016 width=4)
	        Recheck Cond: ((id >= 8159987) AND (id <= 8169986))
	        ->  Bitmap Index Scan on sbtest8_pkey  (cost=0.00..238.59 rows=11016 width=0)
	              Index Cond: ((id >= 8159987) AND (id <= 8169986))

explain: for point_selects :: explain SELECT c FROM sbtest%u WHERE id=%u
for: order_ranges
table 1 : explain SELECT c FROM sbtest1 WHERE id BETWEEN 8981019 AND 8991018 ORDER BY c
	Sort  (cost=37628.03..37655.11 rows=10833 width=121)
	  Sort Key: c
	  ->  Bitmap Heap Scan on sbtest1  (cost=231.47..36902.05 rows=10833 width=121)
	        Recheck Cond: ((id >= 8981019) AND (id <= 8991018))
	        ->  Bitmap Index Scan on sbtest1_pkey  (cost=0.00..228.76 rows=10833 width=0)
	              Index Cond: ((id >= 8981019) AND (id <= 8991018))

table 2 : explain SELECT c FROM sbtest2 WHERE id BETWEEN 7087292 AND 7097291 ORDER BY c
	Sort  (cost=35185.01..35210.13 rows=10047 width=121)
	  Sort Key: c
	  ->  Bitmap Heap Scan on sbtest2  (cost=215.42..34517.17 rows=10047 width=121)
	        Recheck Cond: ((id >= 7087292) AND (id <= 7097291))
	        ->  Bitmap Index Scan on sbtest2_pkey  (cost=0.00..212.91 rows=10047 width=0)
	              Index Cond: ((id >= 7087292) AND (id <= 7097291))

table 3 : explain SELECT c FROM sbtest3 WHERE id BETWEEN 1167310 AND 1177309 ORDER BY c
	Sort  (cost=34568.55..34593.18 rows=9852 width=121)
	  Sort Key: c
	  ->  Bitmap Heap Scan on sbtest3  (cost=213.42..33915.05 rows=9852 width=121)
	        Recheck Cond: ((id >= 1167310) AND (id <= 1177309))
	        ->  Bitmap Index Scan on sbtest3_pkey  (cost=0.00..210.95 rows=9852 width=0)
	              Index Cond: ((id >= 1167310) AND (id <= 1177309))

table 4 : explain SELECT c FROM sbtest4 WHERE id BETWEEN 5035007 AND 5045006 ORDER BY c
	Sort  (cost=38112.37..38139.76 rows=10954 width=121)
	  Sort Key: c
	  ->  Bitmap Heap Scan on sbtest4  (cost=236.71..37377.41 rows=10954 width=121)
	        Recheck Cond: ((id >= 5035007) AND (id <= 5045006))
	        ->  Bitmap Index Scan on sbtest4_pkey  (cost=0.00..233.98 rows=10954 width=0)
	              Index Cond: ((id >= 5035007) AND (id <= 5045006))

table 5 : explain SELECT c FROM sbtest5 WHERE id BETWEEN 6987076 AND 6997075 ORDER BY c
	Sort  (cost=34203.09..34227.41 rows=9726 width=121)
	  Sort Key: c
	  ->  Bitmap Heap Scan on sbtest5  (cost=208.13..33558.86 rows=9726 width=121)
	        Recheck Cond: ((id >= 6987076) AND (id <= 6997075))
	        ->  Bitmap Index Scan on sbtest5_pkey  (cost=0.00..205.69 rows=9726 width=0)
	              Index Cond: ((id >= 6987076) AND (id <= 6997075))

table 6 : explain SELECT c FROM sbtest6 WHERE id BETWEEN 5548110 AND 5558109 ORDER BY c
	Sort  (cost=33722.26..33746.20 rows=9575 width=121)
	  Sort Key: c
	  ->  Bitmap Heap Scan on sbtest6  (cost=206.58..33089.11 rows=9575 width=121)
	        Recheck Cond: ((id >= 5548110) AND (id <= 5558109))
	        ->  Bitmap Index Scan on sbtest6_pkey  (cost=0.00..204.19 rows=9575 width=0)
	              Index Cond: ((id >= 5548110) AND (id <= 5558109))

table 7 : explain SELECT c FROM sbtest7 WHERE id BETWEEN 5115761 AND 5125760 ORDER BY c
	Sort  (cost=36168.66..36194.48 rows=10327 width=121)
	  Sort Key: c
	  ->  Bitmap Heap Scan on sbtest7  (cost=222.29..35480.15 rows=10327 width=121)
	        Recheck Cond: ((id >= 5115761) AND (id <= 5125760))
	        ->  Bitmap Index Scan on sbtest7_pkey  (cost=0.00..219.70 rows=10327 width=0)
	              Index Cond: ((id >= 5115761) AND (id <= 5125760))

table 8 : explain SELECT c FROM sbtest8 WHERE id BETWEEN 6014270 AND 6024269 ORDER BY c
	Sort  (cost=35186.65..35211.70 rows=10020 width=121)
	  Sort Key: c
	  ->  Bitmap Heap Scan on sbtest8  (cost=219.14..34520.79 rows=10020 width=121)
	        Recheck Cond: ((id >= 6014270) AND (id <= 6024269))
	        ->  Bitmap Index Scan on sbtest8_pkey  (cost=0.00..216.63 rows=10020 width=0)
	              Index Cond: ((id >= 6014270) AND (id <= 6024269))

for: simple_ranges
table 1 : explain SELECT c FROM sbtest1 WHERE id BETWEEN 6057819 AND 6067818
	Bitmap Heap Scan on sbtest1  (cost=213.98..34040.74 rows=9907 width=121)
	  Recheck Cond: ((id >= 6057819) AND (id <= 6067818))
	  ->  Bitmap Index Scan on sbtest1_pkey  (cost=0.00..211.50 rows=9907 width=0)
	        Index Cond: ((id >= 6057819) AND (id <= 6067818))

table 2 : explain SELECT c FROM sbtest2 WHERE id BETWEEN 8311143 AND 8321142
	Bitmap Heap Scan on sbtest2  (cost=207.55..33338.78 rows=9670 width=121)
	  Recheck Cond: ((id >= 8311143) AND (id <= 8321142))
	  ->  Bitmap Index Scan on sbtest2_pkey  (cost=0.00..205.13 rows=9670 width=0)
	        Index Cond: ((id >= 8311143) AND (id <= 8321142))

table 3 : explain SELECT c FROM sbtest3 WHERE id BETWEEN 8688560 AND 8698559
	Bitmap Heap Scan on sbtest3  (cost=213.58..33963.33 rows=9868 width=121)
	  Recheck Cond: ((id >= 8688560) AND (id <= 8698559))
	  ->  Bitmap Index Scan on sbtest3_pkey  (cost=0.00..211.12 rows=9868 width=0)
	        Index Cond: ((id >= 8688560) AND (id <= 8698559))

table 4 : explain SELECT c FROM sbtest4 WHERE id BETWEEN 2475044 AND 2485043
	Bitmap Heap Scan on sbtest4  (cost=214.24..34203.75 rows=9932 width=121)
	  Recheck Cond: ((id >= 2475044) AND (id <= 2485043))
	  ->  Bitmap Index Scan on sbtest4_pkey  (cost=0.00..211.75 rows=9932 width=0)
	        Index Cond: ((id >= 2475044) AND (id <= 2485043))

table 5 : explain SELECT c FROM sbtest5 WHERE id BETWEEN 9304411 AND 9314410
	Bitmap Heap Scan on sbtest5  (cost=228.71..36172.41 rows=10563 width=121)
	  Recheck Cond: ((id >= 9304411) AND (id <= 9314410))
	  ->  Bitmap Index Scan on sbtest5_pkey  (cost=0.00..226.06 rows=10563 width=0)
	        Index Cond: ((id >= 9304411) AND (id <= 9314410))

table 6 : explain SELECT c FROM sbtest6 WHERE id BETWEEN 8781828 AND 8791827
	Bitmap Heap Scan on sbtest6  (cost=222.97..35646.16 rows=10394 width=121)
	  Recheck Cond: ((id >= 8781828) AND (id <= 8791827))
	  ->  Bitmap Index Scan on sbtest6_pkey  (cost=0.00..220.38 rows=10394 width=0)
	        Index Cond: ((id >= 8781828) AND (id <= 8791827))

table 7 : explain SELECT c FROM sbtest7 WHERE id BETWEEN 8824395 AND 8834394
	Bitmap Heap Scan on sbtest7  (cost=219.15..34525.13 rows=10021 width=121)
	  Recheck Cond: ((id >= 8824395) AND (id <= 8834394))
	  ->  Bitmap Index Scan on sbtest7_pkey  (cost=0.00..216.65 rows=10021 width=0)
	        Index Cond: ((id >= 8824395) AND (id <= 8834394))

table 8 : explain SELECT c FROM sbtest8 WHERE id BETWEEN 9839345 AND 9849344
	Bitmap Heap Scan on sbtest8  (cost=202.22..31782.36 rows=9150 width=121)
	  Recheck Cond: ((id >= 9839345) AND (id <= 9849344))
	  ->  Bitmap Index Scan on sbtest8_pkey  (cost=0.00..199.94 rows=9150 width=0)
	        Index Cond: ((id >= 9839345) AND (id <= 9849344))

for: order_ranges
table 1 : explain SELECT c FROM sbtest1 WHERE id BETWEEN 1875293 AND 1885292 ORDER BY c
	Sort  (cost=38038.07..38065.48 rows=10963 width=121)
	  Sort Key: c
	  ->  Bitmap Heap Scan on sbtest1  (cost=236.81..37302.43 rows=10963 width=121)
	        Recheck Cond: ((id >= 1875293) AND (id <= 1885292))
	        ->  Bitmap Index Scan on sbtest1_pkey  (cost=0.00..234.06 rows=10963 width=0)
	              Index Cond: ((id >= 1875293) AND (id <= 1885292))

table 2 : explain SELECT c FROM sbtest2 WHERE id BETWEEN 7262382 AND 7272381 ORDER BY c
	Sort  (cost=36929.02..36955.50 rows=10595 width=121)
	  Sort Key: c
	  ->  Bitmap Heap Scan on sbtest2  (cost=229.03..36220.68 rows=10595 width=121)
	        Recheck Cond: ((id >= 7262382) AND (id <= 7272381))
	        ->  Bitmap Index Scan on sbtest2_pkey  (cost=0.00..226.38 rows=10595 width=0)
	              Index Cond: ((id >= 7262382) AND (id <= 7272381))

table 3 : explain SELECT c FROM sbtest3 WHERE id BETWEEN 3045410 AND 3055409 ORDER BY c
	Sort  (cost=33511.72..33535.53 rows=9523 width=121)
	  Sort Key: c
	  ->  Bitmap Heap Scan on sbtest3  (cost=206.05..32882.38 rows=9523 width=121)
	        Recheck Cond: ((id >= 3045410) AND (id <= 3055409))
	        ->  Bitmap Index Scan on sbtest3_pkey  (cost=0.00..203.67 rows=9523 width=0)
	              Index Cond: ((id >= 3045410) AND (id <= 3055409))

table 4 : explain SELECT c FROM sbtest4 WHERE id BETWEEN 94026 AND 104025 ORDER BY c
	Sort  (cost=34619.05..34643.69 rows=9855 width=121)
	  Sort Key: c
	  ->  Bitmap Heap Scan on sbtest4  (cost=213.45..33965.33 rows=9855 width=121)
	        Recheck Cond: ((id >= 94026) AND (id <= 104025))
	        ->  Bitmap Index Scan on sbtest4_pkey  (cost=0.00..210.99 rows=9855 width=0)
	              Index Cond: ((id >= 94026) AND (id <= 104025))

table 5 : explain SELECT c FROM sbtest5 WHERE id BETWEEN 6035870 AND 6045869 ORDER BY c
	Sort  (cost=35384.16..35409.40 rows=10095 width=121)
	  Sort Key: c
	  ->  Bitmap Heap Scan on sbtest5  (cost=215.91..34712.77 rows=10095 width=121)
	        Recheck Cond: ((id >= 6035870) AND (id <= 6045869))
	        ->  Bitmap Index Scan on sbtest5_pkey  (cost=0.00..213.38 rows=10095 width=0)
	              Index Cond: ((id >= 6035870) AND (id <= 6045869))

table 6 : explain SELECT c FROM sbtest6 WHERE id BETWEEN 7734492 AND 7744491 ORDER BY c
	Sort  (cost=33331.41..33355.05 rows=9454 width=121)
	  Sort Key: c
	  ->  Bitmap Heap Scan on sbtest6  (cost=205.34..32707.13 rows=9454 width=121)
	        Recheck Cond: ((id >= 7734492) AND (id <= 7744491))
	        ->  Bitmap Index Scan on sbtest6_pkey  (cost=0.00..202.98 rows=9454 width=0)
	              Index Cond: ((id >= 7734492) AND (id <= 7744491))

table 7 : explain SELECT c FROM sbtest7 WHERE id BETWEEN 3922085 AND 3932084 ORDER BY c
	Sort  (cost=35731.32..35756.79 rows=10190 width=121)
	  Sort Key: c
	  ->  Bitmap Heap Scan on sbtest7  (cost=220.88..35052.93 rows=10190 width=121)
	        Recheck Cond: ((id >= 3922085) AND (id <= 3932084))
	        ->  Bitmap Index Scan on sbtest7_pkey  (cost=0.00..218.34 rows=10190 width=0)
	              Index Cond: ((id >= 3922085) AND (id <= 3932084))

table 8 : explain SELECT c FROM sbtest8 WHERE id BETWEEN 2617180 AND 2627179 ORDER BY c
	Sort  (cost=35249.23..35274.33 rows=10039 width=121)
	  Sort Key: c
	  ->  Bitmap Heap Scan on sbtest8  (cost=219.33..34581.97 rows=10039 width=121)
	        Recheck Cond: ((id >= 2617180) AND (id <= 2627179))
	        ->  Bitmap Index Scan on sbtest8_pkey  (cost=0.00..216.82 rows=10039 width=0)
	              Index Cond: ((id >= 2617180) AND (id <= 2627179))

for point_selects
table 1 : explain SELECT c FROM sbtest1 WHERE id=1656699
	Index Scan using sbtest1_pkey on sbtest1  (cost=0.43..8.45 rows=1 width=121)
	  Index Cond: (id = 1656699)

table 2 : explain SELECT c FROM sbtest2 WHERE id=550272
	Index Scan using sbtest2_pkey on sbtest2  (cost=0.43..8.45 rows=1 width=121)
	  Index Cond: (id = 550272)

table 3 : explain SELECT c FROM sbtest3 WHERE id=523536
	Index Scan using sbtest3_pkey on sbtest3  (cost=0.43..8.45 rows=1 width=121)
	  Index Cond: (id = 523536)

table 4 : explain SELECT c FROM sbtest4 WHERE id=563381
	Index Scan using sbtest4_pkey on sbtest4  (cost=0.43..8.45 rows=1 width=121)
	  Index Cond: (id = 563381)

table 5 : explain SELECT c FROM sbtest5 WHERE id=3808409
	Index Scan using sbtest5_pkey on sbtest5  (cost=0.43..8.45 rows=1 width=121)
	  Index Cond: (id = 3808409)

table 6 : explain SELECT c FROM sbtest6 WHERE id=4128818
	Index Scan using sbtest6_pkey on sbtest6  (cost=0.43..8.45 rows=1 width=121)
	  Index Cond: (id = 4128818)

table 7 : explain SELECT c FROM sbtest7 WHERE id=3584395
	Index Scan using sbtest7_pkey on sbtest7  (cost=0.43..8.45 rows=1 width=121)
	  Index Cond: (id = 3584395)

table 8 : explain SELECT c FROM sbtest8 WHERE id=3189
	Index Scan using sbtest8_pkey on sbtest8  (cost=0.43..8.45 rows=1 width=121)
	  Index Cond: (id = 3189)

for: distinct_ranges
table 1 : explain SELECT DISTINCT c FROM sbtest1 WHERE id BETWEEN 5278789 AND 5288788 ORDER BY c
	Unique  (cost=30672.34..30715.63 rows=8658 width=121)
	  ->  Sort  (cost=30672.34..30693.98 rows=8658 width=121)
	        Sort Key: c
	        ->  Bitmap Heap Scan on sbtest1  (cost=185.18..30106.11 rows=8658 width=121)
	              Recheck Cond: ((id >= 5278789) AND (id <= 5288788))
	              ->  Bitmap Index Scan on sbtest1_pkey  (cost=0.00..183.01 rows=8658 width=0)
	                    Index Cond: ((id >= 5278789) AND (id <= 5288788))

table 2 : explain SELECT DISTINCT c FROM sbtest2 WHERE id BETWEEN 9281220 AND 9291219 ORDER BY c
	Unique  (cost=33446.85..33494.36 rows=9503 width=121)
	  ->  Sort  (cost=33446.85..33470.60 rows=9503 width=121)
	        Sort Key: c
	        ->  Bitmap Heap Scan on sbtest2  (cost=205.84..32818.97 rows=9503 width=121)
	              Recheck Cond: ((id >= 9281220) AND (id <= 9291219))
	              ->  Bitmap Index Scan on sbtest2_pkey  (cost=0.00..203.47 rows=9503 width=0)
	                    Index Cond: ((id >= 9281220) AND (id <= 9291219))

table 3 : explain SELECT DISTINCT c FROM sbtest3 WHERE id BETWEEN 8703613 AND 8713612 ORDER BY c
	Unique  (cost=34917.53..34967.34 rows=9962 width=121)
	  ->  Sort  (cost=34917.53..34942.44 rows=9962 width=121)
	        Sort Key: c
	        ->  Bitmap Heap Scan on sbtest3  (cost=214.55..34255.95 rows=9962 width=121)
	              Recheck Cond: ((id >= 8703613) AND (id <= 8713612))
	              ->  Bitmap Index Scan on sbtest3_pkey  (cost=0.00..212.06 rows=9962 width=0)
	                    Index Cond: ((id >= 8703613) AND (id <= 8713612))

table 4 : explain SELECT DISTINCT c FROM sbtest4 WHERE id BETWEEN 3628823 AND 3638822 ORDER BY c
	Unique  (cost=35959.22..36010.59 rows=10275 width=121)
	  ->  Sort  (cost=35959.22..35984.90 rows=10275 width=121)
	        Sort Key: c
	        ->  Bitmap Heap Scan on sbtest4  (cost=221.75..35274.55 rows=10275 width=121)
	              Recheck Cond: ((id >= 3628823) AND (id <= 3638822))
	              ->  Bitmap Index Scan on sbtest4_pkey  (cost=0.00..219.19 rows=10275 width=0)
	                    Index Cond: ((id >= 3628823) AND (id <= 3638822))

table 5 : explain SELECT DISTINCT c FROM sbtest5 WHERE id BETWEEN 8928661 AND 8938660 ORDER BY c
	Unique  (cost=38747.73..38803.51 rows=11156 width=121)
	  ->  Sort  (cost=38747.73..38775.62 rows=11156 width=121)
	        Sort Key: c
	        ->  Bitmap Heap Scan on sbtest5  (cost=238.78..37997.74 rows=11156 width=121)
	              Recheck Cond: ((id >= 8928661) AND (id <= 8938660))
	              ->  Bitmap Index Scan on sbtest5_pkey  (cost=0.00..236.00 rows=11156 width=0)
	                    Index Cond: ((id >= 8928661) AND (id <= 8938660))

table 6 : explain SELECT DISTINCT c FROM sbtest6 WHERE id BETWEEN 9543641 AND 9553640 ORDER BY c
	Unique  (cost=34499.85..34548.94 rows=9817 width=121)
	  ->  Sort  (cost=34499.85..34524.40 rows=9817 width=121)
	        Sort Key: c
	        ->  Bitmap Heap Scan on sbtest6  (cost=213.06..33848.93 rows=9817 width=121)
	              Recheck Cond: ((id >= 9543641) AND (id <= 9553640))
	              ->  Bitmap Index Scan on sbtest6_pkey  (cost=0.00..210.61 rows=9817 width=0)
	                    Index Cond: ((id >= 9543641) AND (id <= 9553640))

table 7 : explain SELECT DISTINCT c FROM sbtest7 WHERE id BETWEEN 2824143 AND 2834142 ORDER BY c
	Unique  (cost=36533.91..36586.12 rows=10441 width=121)
	  ->  Sort  (cost=36533.91..36560.02 rows=10441 width=121)
	        Sort Key: c
	        ->  Bitmap Heap Scan on sbtest7  (cost=227.46..35836.98 rows=10441 width=121)
	              Recheck Cond: ((id >= 2824143) AND (id <= 2834142))
	              ->  Bitmap Index Scan on sbtest7_pkey  (cost=0.00..224.84 rows=10441 width=0)
	                    Index Cond: ((id >= 2824143) AND (id <= 2834142))

table 8 : explain SELECT DISTINCT c FROM sbtest8 WHERE id BETWEEN 4353562 AND 4363561 ORDER BY c
	Unique  (cost=33939.94..33988.10 rows=9632 width=121)
	  ->  Sort  (cost=33939.94..33964.02 rows=9632 width=121)
	        Sort Key: c
	        ->  Bitmap Heap Scan on sbtest8  (cost=211.16..33302.60 rows=9632 width=121)
	              Recheck Cond: ((id >= 4353562) AND (id <= 4363561))
	              ->  Bitmap Index Scan on sbtest8_pkey  (cost=0.00..208.75 rows=9632 width=0)
	                    Index Cond: ((id >= 4353562) AND (id <= 4363561))

for: order_ranges
table 1 : explain SELECT c FROM sbtest1 WHERE id BETWEEN 2869310 AND 2879309 ORDER BY c
	Sort  (cost=35128.46..35153.57 rows=10043 width=121)
	  Sort Key: c
	  ->  Bitmap Heap Scan on sbtest1  (cost=215.38..34460.90 rows=10043 width=121)
	        Recheck Cond: ((id >= 2869310) AND (id <= 2879309))
	        ->  Bitmap Index Scan on sbtest1_pkey  (cost=0.00..212.87 rows=10043 width=0)
	              Index Cond: ((id >= 2869310) AND (id <= 2879309))

table 2 : explain SELECT c FROM sbtest2 WHERE id BETWEEN 9394821 AND 9404820 ORDER BY c
	Sort  (cost=36460.98..36487.10 rows=10448 width=121)
	  Sort Key: c
	  ->  Bitmap Heap Scan on sbtest2  (cost=223.53..35763.53 rows=10448 width=121)
	        Recheck Cond: ((id >= 9394821) AND (id <= 9404820))
	        ->  Bitmap Index Scan on sbtest2_pkey  (cost=0.00..220.92 rows=10448 width=0)
	              Index Cond: ((id >= 9394821) AND (id <= 9404820))

table 3 : explain SELECT c FROM sbtest3 WHERE id BETWEEN 7149549 AND 7159548 ORDER BY c
	Sort  (cost=33226.44..33250.03 rows=9435 width=121)
	  Sort Key: c
	  ->  Bitmap Heap Scan on sbtest3  (cost=201.14..32603.55 rows=9435 width=121)
	        Recheck Cond: ((id >= 7149549) AND (id <= 7159548))
	        ->  Bitmap Index Scan on sbtest3_pkey  (cost=0.00..198.79 rows=9435 width=0)
	              Index Cond: ((id >= 7149549) AND (id <= 7159548))

table 4 : explain SELECT c FROM sbtest4 WHERE id BETWEEN 215252 AND 225251 ORDER BY c
	Sort  (cost=36011.68..36037.41 rows=10291 width=121)
	  Sort Key: c
	  ->  Bitmap Heap Scan on sbtest4  (cost=221.92..35325.83 rows=10291 width=121)
	        Recheck Cond: ((id >= 215252) AND (id <= 225251))
	        ->  Bitmap Index Scan on sbtest4_pkey  (cost=0.00..219.34 rows=10291 width=0)
	              Index Cond: ((id >= 215252) AND (id <= 225251))

table 5 : explain SELECT c FROM sbtest5 WHERE id BETWEEN 9732412 AND 9742411 ORDER BY c
	Sort  (cost=31665.40..31687.75 rows=8941 width=121)
	  Sort Key: c
	  ->  Bitmap Heap Scan on sbtest5  (cost=192.08..31078.59 rows=8941 width=121)
	        Recheck Cond: ((id >= 9732412) AND (id <= 9742411))
	        ->  Bitmap Index Scan on sbtest5_pkey  (cost=0.00..189.84 rows=8941 width=0)
	              Index Cond: ((id >= 9732412) AND (id <= 9742411))

table 6 : explain SELECT c FROM sbtest6 WHERE id BETWEEN 288482 AND 298481 ORDER BY c
	Sort  (cost=31953.95..31976.52 rows=9029 width=121)
	  Sort Key: c
	  ->  Bitmap Heap Scan on sbtest6  (cost=192.98..31360.72 rows=9029 width=121)
	        Recheck Cond: ((id >= 288482) AND (id <= 298481))
	        ->  Bitmap Index Scan on sbtest6_pkey  (cost=0.00..190.73 rows=9029 width=0)
	              Index Cond: ((id >= 288482) AND (id <= 298481))

table 7 : explain SELECT c FROM sbtest7 WHERE id BETWEEN 3066663 AND 3076662 ORDER BY c
	Sort  (cost=34255.53..34279.86 rows=9730 width=121)
	  Sort Key: c
	  ->  Bitmap Heap Scan on sbtest7  (cost=212.17..33611.00 rows=9730 width=121)
	        Recheck Cond: ((id >= 3066663) AND (id <= 3076662))
	        ->  Bitmap Index Scan on sbtest7_pkey  (cost=0.00..209.74 rows=9730 width=0)
	              Index Cond: ((id >= 3066663) AND (id <= 3076662))

table 8 : explain SELECT c FROM sbtest8 WHERE id BETWEEN 6386641 AND 6396640 ORDER BY c
	Sort  (cost=34327.17..34351.55 rows=9752 width=121)
	  Sort Key: c
	  ->  Bitmap Heap Scan on sbtest8  (cost=212.39..33681.03 rows=9752 width=121)
	        Recheck Cond: ((id >= 6386641) AND (id <= 6396640))
	        ->  Bitmap Index Scan on sbtest8_pkey  (cost=0.00..209.95 rows=9752 width=0)
	              Index Cond: ((id >= 6386641) AND (id <= 6396640))

for: order_ranges
table 1 : explain SELECT c FROM sbtest1 WHERE id BETWEEN 1292880 AND 1302879 ORDER BY c
	Sort  (cost=34204.19..34228.58 rows=9753 width=121)
	  Sort Key: c
	  ->  Bitmap Heap Scan on sbtest1  (cost=208.40..33557.98 rows=9753 width=121)
	        Recheck Cond: ((id >= 1292880) AND (id <= 1302879))
	        ->  Bitmap Index Scan on sbtest1_pkey  (cost=0.00..205.97 rows=9753 width=0)
	              Index Cond: ((id >= 1292880) AND (id <= 1302879))

table 2 : explain SELECT c FROM sbtest2 WHERE id BETWEEN 6731892 AND 6741891 ORDER BY c
	Sort  (cost=35283.58..35308.77 rows=10078 width=121)
	  Sort Key: c
	  ->  Bitmap Heap Scan on sbtest2  (cost=215.73..34613.45 rows=10078 width=121)
	        Recheck Cond: ((id >= 6731892) AND (id <= 6741891))
	        ->  Bitmap Index Scan on sbtest2_pkey  (cost=0.00..213.22 rows=10078 width=0)
	              Index Cond: ((id >= 6731892) AND (id <= 6741891))

table 3 : explain SELECT c FROM sbtest3 WHERE id BETWEEN 7655506 AND 7665505 ORDER BY c
	Sort  (cost=37349.05..37375.87 rows=10728 width=121)
	  Sort Key: c
	  ->  Bitmap Heap Scan on sbtest3  (cost=230.40..36630.86 rows=10728 width=121)
	        Recheck Cond: ((id >= 7655506) AND (id <= 7665505))
	        ->  Bitmap Index Scan on sbtest3_pkey  (cost=0.00..227.72 rows=10728 width=0)
	              Index Cond: ((id >= 7655506) AND (id <= 7665505))

table 4 : explain SELECT c FROM sbtest4 WHERE id BETWEEN 4301323 AND 4311322 ORDER BY c
	Sort  (cost=36628.10..36654.32 rows=10486 width=121)
	  Sort Key: c
	  ->  Bitmap Heap Scan on sbtest4  (cost=223.92..35927.84 rows=10486 width=121)
	        Recheck Cond: ((id >= 4301323) AND (id <= 4311322))
	        ->  Bitmap Index Scan on sbtest4_pkey  (cost=0.00..221.30 rows=10486 width=0)
	              Index Cond: ((id >= 4301323) AND (id <= 4311322))

table 5 : explain SELECT c FROM sbtest5 WHERE id BETWEEN 1373145 AND 1383144 ORDER BY c
	Sort  (cost=36042.09..36067.84 rows=10301 width=121)
	  Sort Key: c
	  ->  Bitmap Heap Scan on sbtest5  (cost=222.02..35355.50 rows=10301 width=121)
	        Recheck Cond: ((id >= 1373145) AND (id <= 1383144))
	        ->  Bitmap Index Scan on sbtest5_pkey  (cost=0.00..219.44 rows=10301 width=0)
	              Index Cond: ((id >= 1373145) AND (id <= 1383144))

table 6 : explain SELECT c FROM sbtest6 WHERE id BETWEEN 4376079 AND 4386078 ORDER BY c
	Sort  (cost=31877.36..31899.87 rows=9006 width=121)
	  Sort Key: c
	  ->  Bitmap Heap Scan on sbtest6  (cost=192.75..31285.81 rows=9006 width=121)
	        Recheck Cond: ((id >= 4376079) AND (id <= 4386078))
	        ->  Bitmap Index Scan on sbtest6_pkey  (cost=0.00..190.50 rows=9006 width=0)
	              Index Cond: ((id >= 4376079) AND (id <= 4386078))

table 7 : explain SELECT c FROM sbtest7 WHERE id BETWEEN 5273281 AND 5283280 ORDER BY c
	Sort  (cost=34873.61..34898.42 rows=9923 width=121)
	  Sort Key: c
	  ->  Bitmap Heap Scan on sbtest7  (cost=214.15..34214.89 rows=9923 width=121)
	        Recheck Cond: ((id >= 5273281) AND (id <= 5283280))
	        ->  Bitmap Index Scan on sbtest7_pkey  (cost=0.00..211.67 rows=9923 width=0)
	              Index Cond: ((id >= 5273281) AND (id <= 5283280))

table 8 : explain SELECT c FROM sbtest8 WHERE id BETWEEN 8714644 AND 8724643 ORDER BY c
	Sort  (cost=34006.12..34030.25 rows=9652 width=121)
	  Sort Key: c
	  ->  Bitmap Heap Scan on sbtest8  (cost=211.37..33367.32 rows=9652 width=121)
	        Recheck Cond: ((id >= 8714644) AND (id <= 8724643))
	        ->  Bitmap Index Scan on sbtest8_pkey  (cost=0.00..208.95 rows=9652 width=0)
	              Index Cond: ((id >= 8714644) AND (id <= 8724643))

for point_selects
table 1 : explain SELECT c FROM sbtest1 WHERE id=307748
	Index Scan using sbtest1_pkey on sbtest1  (cost=0.43..8.45 rows=1 width=121)
	  Index Cond: (id = 307748)

table 2 : explain SELECT c FROM sbtest2 WHERE id=2584192
	Index Scan using sbtest2_pkey on sbtest2  (cost=0.43..8.45 rows=1 width=121)
	  Index Cond: (id = 2584192)

table 3 : explain SELECT c FROM sbtest3 WHERE id=6185286
	Index Scan using sbtest3_pkey on sbtest3  (cost=0.43..8.45 rows=1 width=121)
	  Index Cond: (id = 6185286)

table 4 : explain SELECT c FROM sbtest4 WHERE id=6315230
	Index Scan using sbtest4_pkey on sbtest4  (cost=0.43..8.45 rows=1 width=121)
	  Index Cond: (id = 6315230)

table 5 : explain SELECT c FROM sbtest5 WHERE id=6429117
	Index Scan using sbtest5_pkey on sbtest5  (cost=0.43..8.45 rows=1 width=121)
	  Index Cond: (id = 6429117)

table 6 : explain SELECT c FROM sbtest6 WHERE id=1060628
	Index Scan using sbtest6_pkey on sbtest6  (cost=0.43..8.45 rows=1 width=121)
	  Index Cond: (id = 1060628)

table 7 : explain SELECT c FROM sbtest7 WHERE id=9182273
	Index Scan using sbtest7_pkey on sbtest7  (cost=0.43..8.45 rows=1 width=121)
	  Index Cond: (id = 9182273)

table 8 : explain SELECT c FROM sbtest8 WHERE id=5345913
	Index Scan using sbtest8_pkey on sbtest8  (cost=0.43..8.45 rows=1 width=121)
	  Index Cond: (id = 5345913)

explain: for point_selects :: explain SELECT c FROM sbtest%u WHERE id=%u
for: distinct_ranges
table 1 : explain SELECT DISTINCT c FROM sbtest1 WHERE id BETWEEN 3445353 AND 3455352 ORDER BY c
	Unique  (cost=32817.20..32863.81 rows=9321 width=121)
	  ->  Sort  (cost=32817.20..32840.50 rows=9321 width=121)
	        Sort Key: c
	        ->  Bitmap Heap Scan on sbtest1  (cost=199.98..32202.66 rows=9321 width=121)
	              Recheck Cond: ((id >= 3445353) AND (id <= 3455352))
	              ->  Bitmap Index Scan on sbtest1_pkey  (cost=0.00..197.65 rows=9321 width=0)
	                    Index Cond: ((id >= 3445353) AND (id <= 3455352))

table 2 : explain SELECT DISTINCT c FROM sbtest2 WHERE id BETWEEN 6883499 AND 6893498 ORDER BY c
	Unique  (cost=32899.87..32946.54 rows=9334 width=121)
	  ->  Sort  (cost=32899.87..32923.21 rows=9334 width=121)
	        Sort Key: c
	        ->  Bitmap Heap Scan on sbtest2  (cost=200.11..32284.38 rows=9334 width=121)
	              Recheck Cond: ((id >= 6883499) AND (id <= 6893498))
	              ->  Bitmap Index Scan on sbtest2_pkey  (cost=0.00..197.78 rows=9334 width=0)
	                    Index Cond: ((id >= 6883499) AND (id <= 6893498))

table 3 : explain SELECT DISTINCT c FROM sbtest3 WHERE id BETWEEN 2230133 AND 2240132 ORDER BY c
	Unique  (cost=35716.45..35767.51 rows=10212 width=121)
	  ->  Sort  (cost=35716.45..35741.98 rows=10212 width=121)
	        Sort Key: c
	        ->  Bitmap Heap Scan on sbtest3  (cost=221.11..35036.44 rows=10212 width=121)
	              Recheck Cond: ((id >= 2230133) AND (id <= 2240132))
	              ->  Bitmap Index Scan on sbtest3_pkey  (cost=0.00..218.56 rows=10212 width=0)
	                    Index Cond: ((id >= 2230133) AND (id <= 2240132))

table 4 : explain SELECT DISTINCT c FROM sbtest4 WHERE id BETWEEN 163698 AND 173697 ORDER BY c
	Unique  (cost=33805.55..33853.56 rows=9602 width=121)
	  ->  Sort  (cost=33805.55..33829.56 rows=9602 width=121)
	        Sort Key: c
	        ->  Bitmap Heap Scan on sbtest4  (cost=206.86..33170.42 rows=9602 width=121)
	              Recheck Cond: ((id >= 163698) AND (id <= 173697))
	              ->  Bitmap Index Scan on sbtest4_pkey  (cost=0.00..204.45 rows=9602 width=0)
	                    Index Cond: ((id >= 163698) AND (id <= 173697))

table 5 : explain SELECT DISTINCT c FROM sbtest5 WHERE id BETWEEN 2271485 AND 2281484 ORDER BY c
	Unique  (cost=35209.72..35259.92 rows=10040 width=121)
	  ->  Sort  (cost=35209.72..35234.82 rows=10040 width=121)
	        Sort Key: c
	        ->  Bitmap Heap Scan on sbtest5  (cost=215.34..34542.38 rows=10040 width=121)
	              Recheck Cond: ((id >= 2271485) AND (id <= 2281484))
	              ->  Bitmap Index Scan on sbtest5_pkey  (cost=0.00..212.84 rows=10040 width=0)
	                    Index Cond: ((id >= 2271485) AND (id <= 2281484))

table 6 : explain SELECT DISTINCT c FROM sbtest6 WHERE id BETWEEN 6119436 AND 6129435 ORDER BY c
	Unique  (cost=35290.95..35341.27 rows=10065 width=121)
	  ->  Sort  (cost=35290.95..35316.11 rows=10065 width=121)
	        Sort Key: c
	        ->  Bitmap Heap Scan on sbtest6  (cost=215.60..34621.77 rows=10065 width=121)
	              Recheck Cond: ((id >= 6119436) AND (id <= 6129435))
	              ->  Bitmap Index Scan on sbtest6_pkey  (cost=0.00..213.09 rows=10065 width=0)
	                    Index Cond: ((id >= 6119436) AND (id <= 6129435))

table 7 : explain SELECT DISTINCT c FROM sbtest7 WHERE id BETWEEN 26923 AND 36922 ORDER BY c
	Unique  (cost=34182.69..34231.23 rows=9707 width=121)
	  ->  Sort  (cost=34182.69..34206.96 rows=9707 width=121)
	        Sort Key: c
	        ->  Bitmap Heap Scan on sbtest7  (cost=211.93..33539.86 rows=9707 width=121)
	              Recheck Cond: ((id >= 26923) AND (id <= 36922))
	              ->  Bitmap Index Scan on sbtest7_pkey  (cost=0.00..209.50 rows=9707 width=0)
	                    Index Cond: ((id >= 26923) AND (id <= 36922))

table 8 : explain SELECT DISTINCT c FROM sbtest8 WHERE id BETWEEN 2044184 AND 2054183 ORDER BY c
	Unique  (cost=35147.01..35197.05 rows=10007 width=121)
	  ->  Sort  (cost=35147.01..35172.03 rows=10007 width=121)
	        Sort Key: c
	        ->  Bitmap Heap Scan on sbtest8  (cost=219.01..34482.11 rows=10007 width=121)
	              Recheck Cond: ((id >= 2044184) AND (id <= 2054183))
	              ->  Bitmap Index Scan on sbtest8_pkey  (cost=0.00..216.50 rows=10007 width=0)
	                    Index Cond: ((id >= 2044184) AND (id <= 2054183))

for: sum_ranges
table 1 : explain SELECT SUM(k) FROM sbtest1 WHERE id BETWEEN 3893031 AND 3903030
	Aggregate  (cost=36471.37..36471.38 rows=1 width=8)
	  ->  Bitmap Heap Scan on sbtest1  (cost=229.95..36444.66 rows=10684 width=4)
	        Recheck Cond: ((id >= 3893031) AND (id <= 3903030))
	        ->  Bitmap Index Scan on sbtest1_pkey  (cost=0.00..227.28 rows=10684 width=0)
	              Index Cond: ((id >= 3893031) AND (id <= 3903030))

table 2 : explain SELECT SUM(k) FROM sbtest2 WHERE id BETWEEN 2777985 AND 2787984
	Aggregate  (cost=34956.35..34956.36 rows=1 width=8)
	  ->  Bitmap Heap Scan on sbtest2  (cost=216.78..34930.90 rows=10180 width=4)
	        Recheck Cond: ((id >= 2777985) AND (id <= 2787984))
	        ->  Bitmap Index Scan on sbtest2_pkey  (cost=0.00..214.24 rows=10180 width=0)
	              Index Cond: ((id >= 2777985) AND (id <= 2787984))

table 3 : explain SELECT SUM(k) FROM sbtest3 WHERE id BETWEEN 3789916 AND 3799915
	Aggregate  (cost=36060.35..36060.36 rows=1 width=8)
	  ->  Bitmap Heap Scan on sbtest3  (cost=224.42..36034.01 rows=10535 width=4)
	        Recheck Cond: ((id >= 3789916) AND (id <= 3799915))
	        ->  Bitmap Index Scan on sbtest3_pkey  (cost=0.00..221.79 rows=10535 width=0)
	              Index Cond: ((id >= 3789916) AND (id <= 3799915))

table 4 : explain SELECT SUM(k) FROM sbtest4 WHERE id BETWEEN 205878 AND 215877
	Aggregate  (cost=35351.56..35351.57 rows=1 width=8)
	  ->  Bitmap Heap Scan on sbtest4  (cost=221.92..35325.83 rows=10291 width=4)
	        Recheck Cond: ((id >= 205878) AND (id <= 215877))
	        ->  Bitmap Index Scan on sbtest4_pkey  (cost=0.00..219.34 rows=10291 width=0)
	              Index Cond: ((id >= 205878) AND (id <= 215877))

table 5 : explain SELECT SUM(k) FROM sbtest5 WHERE id BETWEEN 1260912 AND 1270911
	Aggregate  (cost=37917.64..37917.65 rows=1 width=8)
	  ->  Bitmap Heap Scan on sbtest5  (cost=238.43..37889.84 rows=11121 width=4)
	        Recheck Cond: ((id >= 1260912) AND (id <= 1270911))
	        ->  Bitmap Index Scan on sbtest5_pkey  (cost=0.00..235.65 rows=11121 width=0)
	              Index Cond: ((id >= 1260912) AND (id <= 1270911))

table 6 : explain SELECT SUM(k) FROM sbtest6 WHERE id BETWEEN 3666071 AND 3676070
	Aggregate  (cost=31441.98..31441.99 rows=1 width=8)
	  ->  Bitmap Heap Scan on sbtest6  (cost=193.18..31419.36 rows=9048 width=4)
	        Recheck Cond: ((id >= 3666071) AND (id <= 3676070))
	        ->  Bitmap Index Scan on sbtest6_pkey  (cost=0.00..190.92 rows=9048 width=0)
	              Index Cond: ((id >= 3666071) AND (id <= 3676070))

table 7 : explain SELECT SUM(k) FROM sbtest7 WHERE id BETWEEN 8363020 AND 8373019
	Aggregate  (cost=36744.55..36744.56 rows=1 width=8)
	  ->  Bitmap Heap Scan on sbtest7  (cost=234.37..36717.74 rows=10725 width=4)
	        Recheck Cond: ((id >= 8363020) AND (id <= 8373019))
	        ->  Bitmap Index Scan on sbtest7_pkey  (cost=0.00..231.69 rows=10725 width=0)
	              Index Cond: ((id >= 8363020) AND (id <= 8373019))

table 8 : explain SELECT SUM(k) FROM sbtest8 WHERE id BETWEEN 9257635 AND 9267634
	Aggregate  (cost=37002.13..37002.14 rows=1 width=8)
	  ->  Bitmap Heap Scan on sbtest8  (cost=235.23..36975.10 rows=10809 width=4)
	        Recheck Cond: ((id >= 9257635) AND (id <= 9267634))
	        ->  Bitmap Index Scan on sbtest8_pkey  (cost=0.00..232.53 rows=10809 width=0)
	              Index Cond: ((id >= 9257635) AND (id <= 9267634))

for: sum_ranges
table 1 : explain SELECT SUM(k) FROM sbtest1 WHERE id BETWEEN 1894735 AND 1904734
	Aggregate  (cost=37329.84..37329.85 rows=1 width=8)
	  ->  Bitmap Heap Scan on sbtest1  (cost=236.81..37302.43 rows=10963 width=4)
	        Recheck Cond: ((id >= 1894735) AND (id <= 1904734))
	        ->  Bitmap Index Scan on sbtest1_pkey  (cost=0.00..234.06 rows=10963 width=0)
	              Index Cond: ((id >= 1894735) AND (id <= 1904734))

table 2 : explain SELECT SUM(k) FROM sbtest2 WHERE id BETWEEN 1280421 AND 1290420
	Aggregate  (cost=35444.16..35444.17 rows=1 width=8)
	  ->  Bitmap Heap Scan on sbtest2  (cost=222.38..35418.32 rows=10336 width=4)
	        Recheck Cond: ((id >= 1280421) AND (id <= 1290420))
	        ->  Bitmap Index Scan on sbtest2_pkey  (cost=0.00..219.80 rows=10336 width=0)
	              Index Cond: ((id >= 1280421) AND (id <= 1290420))

table 3 : explain SELECT SUM(k) FROM sbtest3 WHERE id BETWEEN 6963504 AND 6973503
	Aggregate  (cost=33339.16..33339.17 rows=1 width=8)
	  ->  Bitmap Heap Scan on sbtest3  (cost=207.46..33315.01 rows=9661 width=4)
	        Recheck Cond: ((id >= 6963504) AND (id <= 6973503))
	        ->  Bitmap Index Scan on sbtest3_pkey  (cost=0.00..205.05 rows=9661 width=0)
	              Index Cond: ((id >= 6963504) AND (id <= 6973503))

table 4 : explain SELECT SUM(k) FROM sbtest4 WHERE id BETWEEN 2296559 AND 2306558
	Aggregate  (cost=32925.72..32925.73 rows=1 width=8)
	  ->  Bitmap Heap Scan on sbtest4  (cost=205.98..32901.93 rows=9517 width=4)
	        Recheck Cond: ((id >= 2296559) AND (id <= 2306558))
	        ->  Bitmap Index Scan on sbtest4_pkey  (cost=0.00..203.61 rows=9517 width=0)
	              Index Cond: ((id >= 2296559) AND (id <= 2306558))

table 5 : explain SELECT SUM(k) FROM sbtest5 WHERE id BETWEEN 7020116 AND 7030115
	Aggregate  (cost=33576.71..33576.72 rows=1 width=8)
	  ->  Bitmap Heap Scan on sbtest5  (cost=208.11..33552.40 rows=9724 width=4)
	        Recheck Cond: ((id >= 7020116) AND (id <= 7030115))
	        ->  Bitmap Index Scan on sbtest5_pkey  (cost=0.00..205.68 rows=9724 width=0)
	              Index Cond: ((id >= 7020116) AND (id <= 7030115))

table 6 : explain SELECT SUM(k) FROM sbtest6 WHERE id BETWEEN 4221607 AND 4231606
	Aggregate  (cost=35412.41..35412.42 rows=1 width=8)
	  ->  Bitmap Heap Scan on sbtest6  (cost=222.11..35386.64 rows=10310 width=4)
	        Recheck Cond: ((id >= 4221607) AND (id <= 4231606))
	        ->  Bitmap Index Scan on sbtest6_pkey  (cost=0.00..219.54 rows=10310 width=0)
	              Index Cond: ((id >= 4221607) AND (id <= 4231606))

table 7 : explain SELECT SUM(k) FROM sbtest7 WHERE id BETWEEN 3467936 AND 3477935
	Aggregate  (cost=33129.28..33129.29 rows=1 width=8)
	  ->  Bitmap Heap Scan on sbtest7  (cost=206.53..33105.36 rows=9570 width=4)
	        Recheck Cond: ((id >= 3467936) AND (id <= 3477935))
	        ->  Bitmap Index Scan on sbtest7_pkey  (cost=0.00..204.13 rows=9570 width=0)
	              Index Cond: ((id >= 3467936) AND (id <= 3477935))

table 8 : explain SELECT SUM(k) FROM sbtest8 WHERE id BETWEEN 8307413 AND 8317412
	Aggregate  (cost=32582.96..32582.97 rows=1 width=8)
	  ->  Bitmap Heap Scan on sbtest8  (cost=204.74..32559.47 rows=9396 width=4)
	        Recheck Cond: ((id >= 8307413) AND (id <= 8317412))
	        ->  Bitmap Index Scan on sbtest8_pkey  (cost=0.00..202.40 rows=9396 width=0)
	              Index Cond: ((id >= 8307413) AND (id <= 8317412))

for: order_ranges
table 1 : explain SELECT c FROM sbtest1 WHERE id BETWEEN 435733 AND 445732 ORDER BY c
	Sort  (cost=32124.54..32147.30 rows=9105 width=121)
	  Sort Key: c
	  ->  Bitmap Heap Scan on sbtest1  (cost=197.76..31525.77 rows=9105 width=121)
	        Recheck Cond: ((id >= 435733) AND (id <= 445732))
	        ->  Bitmap Index Scan on sbtest1_pkey  (cost=0.00..195.49 rows=9105 width=0)
	              Index Cond: ((id >= 435733) AND (id <= 445732))

table 2 : explain SELECT c FROM sbtest2 WHERE id BETWEEN 3592812 AND 3602811 ORDER BY c
	Sort  (cost=34833.13..34857.97 rows=9936 width=121)
	  Sort Key: c
	  ->  Bitmap Heap Scan on sbtest2  (cost=214.28..34173.46 rows=9936 width=121)
	        Recheck Cond: ((id >= 3592812) AND (id <= 3602811))
	        ->  Bitmap Index Scan on sbtest2_pkey  (cost=0.00..211.80 rows=9936 width=0)
	              Index Cond: ((id >= 3592812) AND (id <= 3602811))

table 3 : explain SELECT c FROM sbtest3 WHERE id BETWEEN 3307879 AND 3317878 ORDER BY c
	Sort  (cost=34933.96..34958.88 rows=9967 width=121)
	  Sort Key: c
	  ->  Bitmap Heap Scan on sbtest3  (cost=214.60..34272.01 rows=9967 width=121)
	        Recheck Cond: ((id >= 3307879) AND (id <= 3317878))
	        ->  Bitmap Index Scan on sbtest3_pkey  (cost=0.00..212.11 rows=9967 width=0)
	              Index Cond: ((id >= 3307879) AND (id <= 3317878))

table 4 : explain SELECT c FROM sbtest4 WHERE id BETWEEN 1091974 AND 1101973 ORDER BY c
	Sort  (cost=33643.42..33667.30 rows=9552 width=121)
	  Sort Key: c
	  ->  Bitmap Heap Scan on sbtest4  (cost=206.34..33011.96 rows=9552 width=121)
	        Recheck Cond: ((id >= 1091974) AND (id <= 1101973))
	        ->  Bitmap Index Scan on sbtest4_pkey  (cost=0.00..203.95 rows=9552 width=0)
	              Index Cond: ((id >= 1091974) AND (id <= 1101973))

table 5 : explain SELECT c FROM sbtest5 WHERE id BETWEEN 6692221 AND 6702220 ORDER BY c
	Sort  (cost=36005.92..36031.65 rows=10289 width=121)
	  Sort Key: c
	  ->  Bitmap Heap Scan on sbtest5  (cost=221.90..35320.22 rows=10289 width=121)
	        Recheck Cond: ((id >= 6692221) AND (id <= 6702220))
	        ->  Bitmap Index Scan on sbtest5_pkey  (cost=0.00..219.32 rows=10289 width=0)
	              Index Cond: ((id >= 6692221) AND (id <= 6702220))

table 6 : explain SELECT c FROM sbtest6 WHERE id BETWEEN 3765354 AND 3775353 ORDER BY c
	Sort  (cost=33075.27..33098.70 rows=9375 width=121)
	  Sort Key: c
	  ->  Bitmap Heap Scan on sbtest6  (cost=200.53..32456.77 rows=9375 width=121)
	        Recheck Cond: ((id >= 3765354) AND (id <= 3775353))
	        ->  Bitmap Index Scan on sbtest6_pkey  (cost=0.00..198.19 rows=9375 width=0)
	              Index Cond: ((id >= 3765354) AND (id <= 3775353))

table 7 : explain SELECT c FROM sbtest7 WHERE id BETWEEN 8628501 AND 8638500 ORDER BY c
	Sort  (cost=34417.57..34442.02 rows=9780 width=121)
	  Sort Key: c
	  ->  Bitmap Heap Scan on sbtest7  (cost=212.68..33769.37 rows=9780 width=121)
	        Recheck Cond: ((id >= 8628501) AND (id <= 8638500))
	        ->  Bitmap Index Scan on sbtest7_pkey  (cost=0.00..210.24 rows=9780 width=0)
	              Index Cond: ((id >= 8628501) AND (id <= 8638500))

table 8 : explain SELECT c FROM sbtest8 WHERE id BETWEEN 8974753 AND 8984752 ORDER BY c
	Sort  (cost=32670.83..32693.93 rows=9239 width=121)
	  Sort Key: c
	  ->  Bitmap Heap Scan on sbtest8  (cost=203.13..32062.28 rows=9239 width=121)
	        Recheck Cond: ((id >= 8974753) AND (id <= 8984752))
	        ->  Bitmap Index Scan on sbtest8_pkey  (cost=0.00..200.82 rows=9239 width=0)
	              Index Cond: ((id >= 8974753) AND (id <= 8984752))

for: distinct_ranges
table 1 : explain SELECT DISTINCT c FROM sbtest1 WHERE id BETWEEN 9069450 AND 9079449 ORDER BY c
	Unique  (cost=33343.59..33391.01 rows=9484 width=121)
	  ->  Sort  (cost=33343.59..33367.30 rows=9484 width=121)
	        Sort Key: c
	        ->  Bitmap Heap Scan on sbtest1  (cost=205.65..32717.11 rows=9484 width=121)
	              Recheck Cond: ((id >= 9069450) AND (id <= 9079449))
	              ->  Bitmap Index Scan on sbtest1_pkey  (cost=0.00..203.28 rows=9484 width=0)
	                    Index Cond: ((id >= 9069450) AND (id <= 9079449))

table 2 : explain SELECT DISTINCT c FROM sbtest2 WHERE id BETWEEN 4897475 AND 4907474 ORDER BY c
	Unique  (cost=38576.99..38632.58 rows=11119 width=121)
	  ->  Sort  (cost=38576.99..38604.78 rows=11119 width=121)
	        Sort Key: c
	        ->  Bitmap Heap Scan on sbtest2  (cost=238.40..37829.75 rows=11119 width=121)
	              Recheck Cond: ((id >= 4897475) AND (id <= 4907474))
	              ->  Bitmap Index Scan on sbtest2_pkey  (cost=0.00..235.62 rows=11119 width=0)
	                    Index Cond: ((id >= 4897475) AND (id <= 4907474))

table 3 : explain SELECT DISTINCT c FROM sbtest3 WHERE id BETWEEN 5141382 AND 5151381 ORDER BY c
	Unique  (cost=36607.20..36659.67 rows=10494 width=121)
	  ->  Sort  (cost=36607.20..36633.44 rows=10494 width=121)
	        Sort Key: c
	        ->  Bitmap Heap Scan on sbtest3  (cost=224.00..35906.35 rows=10494 width=121)
	              Recheck Cond: ((id >= 5141382) AND (id <= 5151381))
	              ->  Bitmap Index Scan on sbtest3_pkey  (cost=0.00..221.38 rows=10494 width=0)
	                    Index Cond: ((id >= 5141382) AND (id <= 5151381))

table 4 : explain SELECT DISTINCT c FROM sbtest4 WHERE id BETWEEN 1899546 AND 1909545 ORDER BY c
	Unique  (cost=38363.10..38418.27 rows=11034 width=121)
	  ->  Sort  (cost=38363.10..38390.69 rows=11034 width=121)
	        Sort Key: c
	        ->  Bitmap Heap Scan on sbtest4  (cost=237.53..37622.19 rows=11034 width=121)
	              Recheck Cond: ((id >= 1899546) AND (id <= 1909545))
	              ->  Bitmap Index Scan on sbtest4_pkey  (cost=0.00..234.78 rows=11034 width=0)
	                    Index Cond: ((id >= 1899546) AND (id <= 1909545))

table 5 : explain SELECT DISTINCT c FROM sbtest5 WHERE id BETWEEN 4979196 AND 4989195 ORDER BY c
	Unique  (cost=35449.98..35500.56 rows=10116 width=121)
	  ->  Sort  (cost=35449.98..35475.27 rows=10116 width=121)
	        Sort Key: c
	        ->  Bitmap Heap Scan on sbtest5  (cost=216.12..34777.05 rows=10116 width=121)
	              Recheck Cond: ((id >= 4979196) AND (id <= 4989195))
	              ->  Bitmap Index Scan on sbtest5_pkey  (cost=0.00..213.59 rows=10116 width=0)
	                    Index Cond: ((id >= 4979196) AND (id <= 4989195))

table 6 : explain SELECT DISTINCT c FROM sbtest6 WHERE id BETWEEN 8105949 AND 8115948 ORDER BY c
	Unique  (cost=34112.64..34161.13 rows=9697 width=121)
	  ->  Sort  (cost=34112.64..34136.88 rows=9697 width=121)
	        Sort Key: c
	        ->  Bitmap Heap Scan on sbtest6  (cost=207.83..33470.54 rows=9697 width=121)
	              Recheck Cond: ((id >= 8105949) AND (id <= 8115948))
	              ->  Bitmap Index Scan on sbtest6_pkey  (cost=0.00..205.41 rows=9697 width=0)
	                    Index Cond: ((id >= 8105949) AND (id <= 8115948))

table 7 : explain SELECT DISTINCT c FROM sbtest7 WHERE id BETWEEN 3016115 AND 3026114 ORDER BY c
	Unique  (cost=34255.53..34304.18 rows=9730 width=121)
	  ->  Sort  (cost=34255.53..34279.86 rows=9730 width=121)
	        Sort Key: c
	        ->  Bitmap Heap Scan on sbtest7  (cost=212.17..33611.00 rows=9730 width=121)
	              Recheck Cond: ((id >= 3016115) AND (id <= 3026114))
	              ->  Bitmap Index Scan on sbtest7_pkey  (cost=0.00..209.74 rows=9730 width=0)
	                    Index Cond: ((id >= 3016115) AND (id <= 3026114))

table 8 : explain SELECT DISTINCT c FROM sbtest8 WHERE id BETWEEN 1684690 AND 1694689 ORDER BY c
	Unique  (cost=35236.06..35286.23 rows=10035 width=121)
	  ->  Sort  (cost=35236.06..35261.15 rows=10035 width=121)
	        Sort Key: c
	        ->  Bitmap Heap Scan on sbtest8  (cost=219.29..34569.09 rows=10035 width=121)
	              Recheck Cond: ((id >= 1684690) AND (id <= 1694689))
	              ->  Bitmap Index Scan on sbtest8_pkey  (cost=0.00..216.79 rows=10035 width=0)
	                    Index Cond: ((id >= 1684690) AND (id <= 1694689))

for: sum_ranges
table 1 : explain SELECT SUM(k) FROM sbtest1 WHERE id BETWEEN 2609129 AND 2619128
	Aggregate  (cost=36379.08..36379.09 rows=1 width=8)
	  ->  Bitmap Heap Scan on sbtest1  (cost=229.64..36352.45 rows=10654 width=4)
	        Recheck Cond: ((id >= 2609129) AND (id <= 2619128))
	        ->  Bitmap Index Scan on sbtest1_pkey  (cost=0.00..226.98 rows=10654 width=0)
	              Index Cond: ((id >= 2609129) AND (id <= 2619128))

table 2 : explain SELECT SUM(k) FROM sbtest2 WHERE id BETWEEN 1722295 AND 1732294
	Aggregate  (cost=34937.11..34937.12 rows=1 width=8)
	  ->  Bitmap Heap Scan on sbtest2  (cost=216.72..34911.67 rows=10174 width=4)
	        Recheck Cond: ((id >= 1722295) AND (id <= 1732294))
	        ->  Bitmap Index Scan on sbtest2_pkey  (cost=0.00..214.18 rows=10174 width=0)
	              Index Cond: ((id >= 1722295) AND (id <= 1732294))

table 3 : explain SELECT SUM(k) FROM sbtest3 WHERE id BETWEEN 4979593 AND 4989592
	Aggregate  (cost=35449.62..35449.63 rows=1 width=8)
	  ->  Bitmap Heap Scan on sbtest3  (cost=222.39..35423.78 rows=10337 width=4)
	        Recheck Cond: ((id >= 4979593) AND (id <= 4989592))
	        ->  Bitmap Index Scan on sbtest3_pkey  (cost=0.00..219.81 rows=10337 width=0)
	              Index Cond: ((id >= 4979593) AND (id <= 4989592))

table 4 : explain SELECT SUM(k) FROM sbtest4 WHERE id BETWEEN 3948363 AND 3958362
	Aggregate  (cost=33126.48..33126.49 rows=1 width=8)
	  ->  Bitmap Heap Scan on sbtest4  (cost=206.64..33102.53 rows=9581 width=4)
	        Recheck Cond: ((id >= 3948363) AND (id <= 3958362))
	        ->  Bitmap Index Scan on sbtest4_pkey  (cost=0.00..204.25 rows=9581 width=0)
	              Index Cond: ((id >= 3948363) AND (id <= 3958362))

table 5 : explain SELECT SUM(k) FROM sbtest5 WHERE id BETWEEN 3672592 AND 3682591
	Aggregate  (cost=31675.36..31675.37 rows=1 width=8)
	  ->  Bitmap Heap Scan on sbtest5  (cost=197.93..31652.55 rows=9121 width=4)
	        Recheck Cond: ((id >= 3672592) AND (id <= 3682591))
	        ->  Bitmap Index Scan on sbtest5_pkey  (cost=0.00..195.65 rows=9121 width=0)
	              Index Cond: ((id >= 3672592) AND (id <= 3682591))

table 6 : explain SELECT SUM(k) FROM sbtest6 WHERE id BETWEEN 495812 AND 505811
	Aggregate  (cost=31008.13..31008.14 rows=1 width=8)
	  ->  Bitmap Heap Scan on sbtest6  (cost=191.77..30985.85 rows=8911 width=4)
	        Recheck Cond: ((id >= 495812) AND (id <= 505811))
	        ->  Bitmap Index Scan on sbtest6_pkey  (cost=0.00..189.55 rows=8911 width=0)
	              Index Cond: ((id >= 495812) AND (id <= 505811))

table 7 : explain SELECT SUM(k) FROM sbtest7 WHERE id BETWEEN 9675081 AND 9685080
	Aggregate  (cost=36026.64..36026.65 rows=1 width=8)
	  ->  Bitmap Heap Scan on sbtest7  (cost=228.00..36000.40 rows=10494 width=4)
	        Recheck Cond: ((id >= 9675081) AND (id <= 9685080))
	        ->  Bitmap Index Scan on sbtest7_pkey  (cost=0.00..225.38 rows=10494 width=0)
	              Index Cond: ((id >= 9675081) AND (id <= 9685080))

table 8 : explain SELECT SUM(k) FROM sbtest8 WHERE id BETWEEN 6331222 AND 6341221
	Aggregate  (cost=35203.47..35203.48 rows=1 width=8)
	  ->  Bitmap Heap Scan on sbtest8  (cost=225.28..35177.90 rows=10229 width=4)
	        Recheck Cond: ((id >= 6331222) AND (id <= 6341221))
	        ->  Bitmap Index Scan on sbtest8_pkey  (cost=0.00..222.73 rows=10229 width=0)
	              Index Cond: ((id >= 6331222) AND (id <= 6341221))

for: distinct_ranges
table 1 : explain SELECT DISTINCT c FROM sbtest1 WHERE id BETWEEN 6944319 AND 6954318 ORDER BY c
	Unique  (cost=39682.60..39740.04 rows=11489 width=121)
	  ->  Sort  (cost=39682.60..39711.32 rows=11489 width=121)
	        Sort Key: c
	        ->  Bitmap Heap Scan on sbtest1  (cost=246.20..38907.78 rows=11489 width=121)
	              Recheck Cond: ((id >= 6944319) AND (id <= 6954318))
	              ->  Bitmap Index Scan on sbtest1_pkey  (cost=0.00..243.32 rows=11489 width=0)
	                    Index Cond: ((id >= 6944319) AND (id <= 6954318))

table 2 : explain SELECT DISTINCT c FROM sbtest2 WHERE id BETWEEN 3428077 AND 3438076 ORDER BY c
	Unique  (cost=35960.14..36011.59 rows=10290 width=121)
	  ->  Sort  (cost=35960.14..35985.87 rows=10290 width=121)
	        Sort Key: c
	        ->  Bitmap Heap Scan on sbtest2  (cost=221.91..35274.37 rows=10290 width=121)
	              Recheck Cond: ((id >= 3428077) AND (id <= 3438076))
	              ->  Bitmap Index Scan on sbtest2_pkey  (cost=0.00..219.34 rows=10290 width=0)
	                    Index Cond: ((id >= 3428077) AND (id <= 3438076))

table 3 : explain SELECT DISTINCT c FROM sbtest3 WHERE id BETWEEN 8628581 AND 8638580 ORDER BY c
	Unique  (cost=34419.62..34468.65 rows=9807 width=121)
	  ->  Sort  (cost=34419.62..34444.13 rows=9807 width=121)
	        Sort Key: c
	        ->  Bitmap Heap Scan on sbtest3  (cost=208.96..33769.43 rows=9807 width=121)
	              Recheck Cond: ((id >= 8628581) AND (id <= 8638580))
	              ->  Bitmap Index Scan on sbtest3_pkey  (cost=0.00..206.50 rows=9807 width=0)
	                    Index Cond: ((id >= 8628581) AND (id <= 8638580))

table 4 : explain SELECT DISTINCT c FROM sbtest4 WHERE id BETWEEN 3269546 AND 3279545 ORDER BY c
	Unique  (cost=34271.76..34320.50 rows=9748 width=121)
	  ->  Sort  (cost=34271.76..34296.13 rows=9748 width=121)
	        Sort Key: c
	        ->  Bitmap Heap Scan on sbtest4  (cost=208.35..33625.92 rows=9748 width=121)
	              Recheck Cond: ((id >= 3269546) AND (id <= 3279545))
	              ->  Bitmap Index Scan on sbtest4_pkey  (cost=0.00..205.92 rows=9748 width=0)
	                    Index Cond: ((id >= 3269546) AND (id <= 3279545))

table 5 : explain SELECT DISTINCT c FROM sbtest5 WHERE id BETWEEN 2543473 AND 2553472 ORDER BY c
	Unique  (cost=32608.36..32654.51 rows=9231 width=121)
	  ->  Sort  (cost=32608.36..32631.44 rows=9231 width=121)
	        Sort Key: c
	        ->  Bitmap Heap Scan on sbtest5  (cost=199.05..32000.39 rows=9231 width=121)
	              Recheck Cond: ((id >= 2543473) AND (id <= 2553472))
	              ->  Bitmap Index Scan on sbtest5_pkey  (cost=0.00..196.75 rows=9231 width=0)
	                    Index Cond: ((id >= 2543473) AND (id <= 2553472))

table 6 : explain SELECT DISTINCT c FROM sbtest6 WHERE id BETWEEN 489862 AND 499861 ORDER BY c
	Unique  (cost=31570.48..31615.03 rows=8911 width=121)
	  ->  Sort  (cost=31570.48..31592.76 rows=8911 width=121)
	        Sort Key: c
	        ->  Bitmap Heap Scan on sbtest6  (cost=191.77..30985.85 rows=8911 width=121)
	              Recheck Cond: ((id >= 489862) AND (id <= 499861))
	              ->  Bitmap Index Scan on sbtest6_pkey  (cost=0.00..189.55 rows=8911 width=0)
	                    Index Cond: ((id >= 489862) AND (id <= 499861))

table 7 : explain SELECT DISTINCT c FROM sbtest7 WHERE id BETWEEN 5796441 AND 5806440 ORDER BY c
	Unique  (cost=36310.70..36362.55 rows=10371 width=121)
	  ->  Sort  (cost=36310.70..36336.62 rows=10371 width=121)
	        Sort Key: c
	        ->  Bitmap Heap Scan on sbtest7  (cost=226.74..35618.94 rows=10371 width=121)
	              Recheck Cond: ((id >= 5796441) AND (id <= 5806440))
	              ->  Bitmap Index Scan on sbtest7_pkey  (cost=0.00..224.15 rows=10371 width=0)
	                    Index Cond: ((id >= 5796441) AND (id <= 5806440))

table 8 : explain SELECT DISTINCT c FROM sbtest8 WHERE id BETWEEN 2099237 AND 2109236 ORDER BY c
	Unique  (cost=35110.77..35160.75 rows=9996 width=121)
	  ->  Sort  (cost=35110.77..35135.76 rows=9996 width=121)
	        Sort Key: c
	        ->  Bitmap Heap Scan on sbtest8  (cost=218.89..34446.68 rows=9996 width=121)
	              Recheck Cond: ((id >= 2099237) AND (id <= 2109236))
	              ->  Bitmap Index Scan on sbtest8_pkey  (cost=0.00..216.40 rows=9996 width=0)
	                    Index Cond: ((id >= 2099237) AND (id <= 2109236))

for: simple_ranges
table 1 : explain SELECT c FROM sbtest1 WHERE id BETWEEN 1815323 AND 1825322
	Bitmap Heap Scan on sbtest1  (cost=223.27..35638.20 rows=10423 width=121)
	  Recheck Cond: ((id >= 1815323) AND (id <= 1825322))
	  ->  Bitmap Index Scan on sbtest1_pkey  (cost=0.00..220.67 rows=10423 width=0)
	        Index Cond: ((id >= 1815323) AND (id <= 1825322))

table 2 : explain SELECT c FROM sbtest2 WHERE id BETWEEN 8903343 AND 8913342
	Bitmap Heap Scan on sbtest2  (cost=215.41..34513.96 rows=10046 width=121)
	  Recheck Cond: ((id >= 8903343) AND (id <= 8913342))
	  ->  Bitmap Index Scan on sbtest2_pkey  (cost=0.00..212.90 rows=10046 width=0)
	        Index Cond: ((id >= 8903343) AND (id <= 8913342))

table 3 : explain SELECT c FROM sbtest3 WHERE id BETWEEN 9466859 AND 9476858
	Bitmap Heap Scan on sbtest3  (cost=207.53..33337.58 rows=9668 width=121)
	  Recheck Cond: ((id >= 9466859) AND (id <= 9476858))
	  ->  Bitmap Index Scan on sbtest3_pkey  (cost=0.00..205.12 rows=9668 width=0)
	        Index Cond: ((id >= 9466859) AND (id <= 9476858))

table 4 : explain SELECT c FROM sbtest4 WHERE id BETWEEN 5512484 AND 5522483
	Bitmap Heap Scan on sbtest4  (cost=214.73..34355.03 rows=9980 width=121)
	  Recheck Cond: ((id >= 5512484) AND (id <= 5522483))
	  ->  Bitmap Index Scan on sbtest4_pkey  (cost=0.00..212.24 rows=9980 width=0)
	        Index Cond: ((id >= 5512484) AND (id <= 5522483))

table 5 : explain SELECT c FROM sbtest5 WHERE id BETWEEN 3229448 AND 3239447
	Bitmap Heap Scan on sbtest5  (cost=223.30..35743.08 rows=10426 width=121)
	  Recheck Cond: ((id >= 3229448) AND (id <= 3239447))
	  ->  Bitmap Index Scan on sbtest5_pkey  (cost=0.00..220.69 rows=10426 width=0)
	        Index Cond: ((id >= 3229448) AND (id <= 3239447))

table 6 : explain SELECT c FROM sbtest6 WHERE id BETWEEN 7165637 AND 7175636
	Bitmap Heap Scan on sbtest6  (cost=206.54..33076.18 rows=9571 width=121)
	  Recheck Cond: ((id >= 7165637) AND (id <= 7175636))
	  ->  Bitmap Index Scan on sbtest6_pkey  (cost=0.00..204.15 rows=9571 width=0)
	        Index Cond: ((id >= 7165637) AND (id <= 7175636))

table 7 : explain SELECT c FROM sbtest7 WHERE id BETWEEN 9713210 AND 9723209
	Bitmap Heap Scan on sbtest7  (cost=226.68..35599.69 rows=10365 width=121)
	  Recheck Cond: ((id >= 9713210) AND (id <= 9723209))
	  ->  Bitmap Index Scan on sbtest7_pkey  (cost=0.00..224.09 rows=10365 width=0)
	        Index Cond: ((id >= 9713210) AND (id <= 9723209))

table 8 : explain SELECT c FROM sbtest8 WHERE id BETWEEN 9707005 AND 9717004
	Bitmap Heap Scan on sbtest8  (cost=218.49..34324.20 rows=9957 width=121)
	  Recheck Cond: ((id >= 9707005) AND (id <= 9717004))
	  ->  Bitmap Index Scan on sbtest8_pkey  (cost=0.00..216.00 rows=9957 width=0)
	        Index Cond: ((id >= 9707005) AND (id <= 9717004))

for point_selects
table 1 : explain SELECT c FROM sbtest1 WHERE id=2175692
	Index Scan using sbtest1_pkey on sbtest1  (cost=0.43..8.45 rows=1 width=121)
	  Index Cond: (id = 2175692)

table 2 : explain SELECT c FROM sbtest2 WHERE id=1933765
	Index Scan using sbtest2_pkey on sbtest2  (cost=0.43..8.45 rows=1 width=121)
	  Index Cond: (id = 1933765)

table 3 : explain SELECT c FROM sbtest3 WHERE id=9402562
	Index Scan using sbtest3_pkey on sbtest3  (cost=0.43..8.45 rows=1 width=121)
	  Index Cond: (id = 9402562)

table 4 : explain SELECT c FROM sbtest4 WHERE id=6756407
	Index Scan using sbtest4_pkey on sbtest4  (cost=0.43..8.45 rows=1 width=121)
	  Index Cond: (id = 6756407)

table 5 : explain SELECT c FROM sbtest5 WHERE id=6668239
	Index Scan using sbtest5_pkey on sbtest5  (cost=0.43..8.45 rows=1 width=121)
	  Index Cond: (id = 6668239)

table 6 : explain SELECT c FROM sbtest6 WHERE id=4227720
	Index Scan using sbtest6_pkey on sbtest6  (cost=0.43..8.45 rows=1 width=121)
	  Index Cond: (id = 4227720)

table 7 : explain SELECT c FROM sbtest7 WHERE id=2553886
	Index Scan using sbtest7_pkey on sbtest7  (cost=0.43..8.45 rows=1 width=121)
	  Index Cond: (id = 2553886)

table 8 : explain SELECT c FROM sbtest8 WHERE id=6078215
	Index Scan using sbtest8_pkey on sbtest8  (cost=0.43..8.45 rows=1 width=121)
	  Index Cond: (id = 6078215)

for: order_ranges
table 1 : explain SELECT c FROM sbtest1 WHERE id BETWEEN 6348061 AND 6358060 ORDER BY c
	Sort  (cost=33422.87..33446.64 rows=9509 width=121)
	  Sort Key: c
	  ->  Bitmap Heap Scan on sbtest1  (cost=205.90..32794.56 rows=9509 width=121)
	        Recheck Cond: ((id >= 6348061) AND (id <= 6358060))
	        ->  Bitmap Index Scan on sbtest1_pkey  (cost=0.00..203.53 rows=9509 width=0)
	              Index Cond: ((id >= 6348061) AND (id <= 6358060))

table 2 : explain SELECT c FROM sbtest2 WHERE id BETWEEN 5900985 AND 5910984 ORDER BY c
	Sort  (cost=34529.54..34554.14 rows=9842 width=121)
	  Sort Key: c
	  ->  Bitmap Heap Scan on sbtest2  (cost=209.32..33876.78 rows=9842 width=121)
	        Recheck Cond: ((id >= 5900985) AND (id <= 5910984))
	        ->  Bitmap Index Scan on sbtest2_pkey  (cost=0.00..206.86 rows=9842 width=0)
	              Index Cond: ((id >= 5900985) AND (id <= 5910984))

table 3 : explain SELECT c FROM sbtest3 WHERE id BETWEEN 513328 AND 523327 ORDER BY c
	Sort  (cost=33858.70..33882.77 rows=9631 width=121)
	  Sort Key: c
	  ->  Bitmap Heap Scan on sbtest3  (cost=207.15..33221.44 rows=9631 width=121)
	        Recheck Cond: ((id >= 513328) AND (id <= 523327))
	        ->  Bitmap Index Scan on sbtest3_pkey  (cost=0.00..204.75 rows=9631 width=0)
	              Index Cond: ((id >= 513328) AND (id <= 523327))

table 4 : explain SELECT c FROM sbtest4 WHERE id BETWEEN 8089386 AND 8099385 ORDER BY c
	Sort  (cost=33610.34..33634.19 rows=9542 width=121)
	  Sort Key: c
	  ->  Bitmap Heap Scan on sbtest4  (cost=206.24..32979.61 rows=9542 width=121)
	        Recheck Cond: ((id >= 8089386) AND (id <= 8099385))
	        ->  Bitmap Index Scan on sbtest4_pkey  (cost=0.00..203.86 rows=9542 width=0)
	              Index Cond: ((id >= 8089386) AND (id <= 8099385))

table 5 : explain SELECT c FROM sbtest5 WHERE id BETWEEN 565511 AND 575510 ORDER BY c
	Sort  (cost=36504.48..36530.60 rows=10447 width=121)
	  Sort Key: c
	  ->  Bitmap Heap Scan on sbtest5  (cost=223.52..35807.10 rows=10447 width=121)
	        Recheck Cond: ((id >= 565511) AND (id <= 575510))
	        ->  Bitmap Index Scan on sbtest5_pkey  (cost=0.00..220.91 rows=10447 width=0)
	              Index Cond: ((id >= 565511) AND (id <= 575510))

table 6 : explain SELECT c FROM sbtest6 WHERE id BETWEEN 9007901 AND 9017900 ORDER BY c
	Sort  (cost=39105.13..39133.30 rows=11268 width=121)
	  Sort Key: c
	  ->  Bitmap Heap Scan on sbtest6  (cost=243.93..38346.80 rows=11268 width=121)
	        Recheck Cond: ((id >= 9007901) AND (id <= 9017900))
	        ->  Bitmap Index Scan on sbtest6_pkey  (cost=0.00..241.12 rows=11268 width=0)
	              Index Cond: ((id >= 9007901) AND (id <= 9017900))

table 7 : explain SELECT c FROM sbtest7 WHERE id BETWEEN 3843485 AND 3853484 ORDER BY c
	Sort  (cost=34086.68..34110.87 rows=9677 width=121)
	  Sort Key: c
	  ->  Bitmap Heap Scan on sbtest7  (cost=211.62..33446.05 rows=9677 width=121)
	        Recheck Cond: ((id >= 3843485) AND (id <= 3853484))
	        ->  Bitmap Index Scan on sbtest7_pkey  (cost=0.00..209.20 rows=9677 width=0)
	              Index Cond: ((id >= 3843485) AND (id <= 3853484))

table 8 : explain SELECT c FROM sbtest8 WHERE id BETWEEN 4634567 AND 4644566 ORDER BY c
	Sort  (cost=35400.89..35426.11 rows=10087 width=121)
	  Sort Key: c
	  ->  Bitmap Heap Scan on sbtest8  (cost=219.83..34730.10 rows=10087 width=121)
	        Recheck Cond: ((id >= 4634567) AND (id <= 4644566))
	        ->  Bitmap Index Scan on sbtest8_pkey  (cost=0.00..217.31 rows=10087 width=0)
	              Index Cond: ((id >= 4634567) AND (id <= 4644566))

for: order_ranges
table 1 : explain SELECT c FROM sbtest1 WHERE id BETWEEN 8623775 AND 8633774 ORDER BY c
	Sort  (cost=33838.58..33862.67 rows=9639 width=121)
	  Sort Key: c
	  ->  Bitmap Heap Scan on sbtest1  (cost=207.23..33200.73 rows=9639 width=121)
	        Recheck Cond: ((id >= 8623775) AND (id <= 8633774))
	        ->  Bitmap Index Scan on sbtest1_pkey  (cost=0.00..204.82 rows=9639 width=0)
	              Index Cond: ((id >= 8623775) AND (id <= 8633774))

table 2 : explain SELECT c FROM sbtest2 WHERE id BETWEEN 7826085 AND 7836084 ORDER BY c
	Sort  (cost=36264.68..36290.65 rows=10386 width=121)
	  Sort Key: c
	  ->  Bitmap Heap Scan on sbtest2  (cost=222.89..35571.81 rows=10386 width=121)
	        Recheck Cond: ((id >= 7826085) AND (id <= 7836084))
	        ->  Bitmap Index Scan on sbtest2_pkey  (cost=0.00..220.30 rows=10386 width=0)
	              Index Cond: ((id >= 7826085) AND (id <= 7836084))

table 3 : explain SELECT c FROM sbtest3 WHERE id BETWEEN 5942809 AND 5952808 ORDER BY c
	Sort  (cost=35551.65..35577.05 rows=10161 width=121)
	  Sort Key: c
	  ->  Bitmap Heap Scan on sbtest3  (cost=216.59..34875.40 rows=10161 width=121)
	        Recheck Cond: ((id >= 5942809) AND (id <= 5952808))
	        ->  Bitmap Index Scan on sbtest3_pkey  (cost=0.00..214.05 rows=10161 width=0)
	              Index Cond: ((id >= 5942809) AND (id <= 5952808))

table 4 : explain SELECT c FROM sbtest4 WHERE id BETWEEN 6709174 AND 6719173 ORDER BY c
	Sort  (cost=31714.73..31737.12 rows=8956 width=121)
	  Sort Key: c
	  ->  Bitmap Heap Scan on sbtest4  (cost=192.23..31126.83 rows=8956 width=121)
	        Recheck Cond: ((id >= 6709174) AND (id <= 6719173))
	        ->  Bitmap Index Scan on sbtest4_pkey  (cost=0.00..190.00 rows=8956 width=0)
	              Index Cond: ((id >= 6709174) AND (id <= 6719173))

table 5 : explain SELECT c FROM sbtest5 WHERE id BETWEEN 5168701 AND 5178700 ORDER BY c
	Sort  (cost=32920.64..32943.96 rows=9328 width=121)
	  Sort Key: c
	  ->  Bitmap Heap Scan on sbtest5  (cost=200.05..32305.58 rows=9328 width=121)
	        Recheck Cond: ((id >= 5168701) AND (id <= 5178700))
	        ->  Bitmap Index Scan on sbtest5_pkey  (cost=0.00..197.72 rows=9328 width=0)
	              Index Cond: ((id >= 5168701) AND (id <= 5178700))

table 6 : explain SELECT c FROM sbtest6 WHERE id BETWEEN 9053265 AND 9063264 ORDER BY c
	Sort  (cost=38519.39..38547.09 rows=11082 width=121)
	  Sort Key: c
	  ->  Bitmap Heap Scan on sbtest6  (cost=238.03..37774.90 rows=11082 width=121)
	        Recheck Cond: ((id >= 9053265) AND (id <= 9063264))
	        ->  Bitmap Index Scan on sbtest6_pkey  (cost=0.00..235.25 rows=11082 width=0)
	              Index Cond: ((id >= 9053265) AND (id <= 9063264))

table 7 : explain SELECT c FROM sbtest7 WHERE id BETWEEN 9059630 AND 9069629 ORDER BY c
	Sort  (cost=33694.98..33718.87 rows=9556 width=121)
	  Sort Key: c
	  ->  Bitmap Heap Scan on sbtest7  (cost=206.38..33063.22 rows=9556 width=121)
	        Recheck Cond: ((id >= 9059630) AND (id <= 9069629))
	        ->  Bitmap Index Scan on sbtest7_pkey  (cost=0.00..204.00 rows=9556 width=0)
	              Index Cond: ((id >= 9059630) AND (id <= 9069629))

table 8 : explain SELECT c FROM sbtest8 WHERE id BETWEEN 3489920 AND 3499919 ORDER BY c
	Sort  (cost=38926.78..38954.77 rows=11196 width=121)
	  Sort Key: c
	  ->  Bitmap Heap Scan on sbtest8  (cost=247.19..38173.81 rows=11196 width=121)
	        Recheck Cond: ((id >= 3489920) AND (id <= 3499919))
	        ->  Bitmap Index Scan on sbtest8_pkey  (cost=0.00..244.40 rows=11196 width=0)
	              Index Cond: ((id >= 3489920) AND (id <= 3499919))

for: sum_ranges
table 1 : explain SELECT SUM(k) FROM sbtest1 WHERE id BETWEEN 8625767 AND 8635766
	Aggregate  (cost=33224.83..33224.84 rows=1 width=8)
	  ->  Bitmap Heap Scan on sbtest1  (cost=207.23..33200.73 rows=9639 width=4)
	        Recheck Cond: ((id >= 8625767) AND (id <= 8635766))
	        ->  Bitmap Index Scan on sbtest1_pkey  (cost=0.00..204.82 rows=9639 width=0)
	              Index Cond: ((id >= 8625767) AND (id <= 8635766))

table 2 : explain SELECT SUM(k) FROM sbtest2 WHERE id BETWEEN 8958583 AND 8968582
	Aggregate  (cost=34539.07..34539.08 rows=1 width=8)
	  ->  Bitmap Heap Scan on sbtest2  (cost=215.41..34513.96 rows=10046 width=4)
	        Recheck Cond: ((id >= 8958583) AND (id <= 8968582))
	        ->  Bitmap Index Scan on sbtest2_pkey  (cost=0.00..212.90 rows=10046 width=0)
	              Index Cond: ((id >= 8958583) AND (id <= 8968582))

table 3 : explain SELECT SUM(k) FROM sbtest3 WHERE id BETWEEN 232232 AND 242231
	Aggregate  (cost=31575.17..31575.18 rows=1 width=8)
	  ->  Bitmap Heap Scan on sbtest3  (cost=193.73..31552.41 rows=9102 width=4)
	        Recheck Cond: ((id >= 232232) AND (id <= 242231))
	        ->  Bitmap Index Scan on sbtest3_pkey  (cost=0.00..191.45 rows=9102 width=0)
	              Index Cond: ((id >= 232232) AND (id <= 242231))

table 4 : explain SELECT SUM(k) FROM sbtest4 WHERE id BETWEEN 1786939 AND 1796938
	Aggregate  (cost=33630.91..33630.92 rows=1 width=8)
	  ->  Bitmap Heap Scan on sbtest4  (cost=208.29..33606.56 rows=9742 width=4)
	        Recheck Cond: ((id >= 1786939) AND (id <= 1796938))
	        ->  Bitmap Index Scan on sbtest4_pkey  (cost=0.00..205.86 rows=9742 width=0)
	              Index Cond: ((id >= 1786939) AND (id <= 1796938))

table 5 : explain SELECT SUM(k) FROM sbtest5 WHERE id BETWEEN 5038626 AND 5048625
	Aggregate  (cost=34802.34..34802.35 rows=1 width=8)
	  ->  Bitmap Heap Scan on sbtest5  (cost=216.12..34777.05 rows=10116 width=4)
	        Recheck Cond: ((id >= 5038626) AND (id <= 5048625))
	        ->  Bitmap Index Scan on sbtest5_pkey  (cost=0.00..213.59 rows=10116 width=0)
	              Index Cond: ((id >= 5038626) AND (id <= 5048625))

table 6 : explain SELECT SUM(k) FROM sbtest6 WHERE id BETWEEN 8187769 AND 8197768
	Aggregate  (cost=37373.14..37373.15 rows=1 width=8)
	  ->  Bitmap Heap Scan on sbtest6  (cost=236.59..37345.78 rows=10942 width=4)
	        Recheck Cond: ((id >= 8187769) AND (id <= 8197768))
	        ->  Bitmap Index Scan on sbtest6_pkey  (cost=0.00..233.86 rows=10942 width=0)
	              Index Cond: ((id >= 8187769) AND (id <= 8197768))

table 7 : explain SELECT SUM(k) FROM sbtest7 WHERE id BETWEEN 7369197 AND 7379196
	Aggregate  (cost=35824.60..35824.61 rows=1 width=8)
	  ->  Bitmap Heap Scan on sbtest7  (cost=227.33..35798.52 rows=10429 width=4)
	        Recheck Cond: ((id >= 7369197) AND (id <= 7379196))
	        ->  Bitmap Index Scan on sbtest7_pkey  (cost=0.00..224.73 rows=10429 width=0)
	              Index Cond: ((id >= 7369197) AND (id <= 7379196))

table 8 : explain SELECT SUM(k) FROM sbtest8 WHERE id BETWEEN 4599606 AND 4609605
	Aggregate  (cost=34755.32..34755.33 rows=1 width=8)
	  ->  Bitmap Heap Scan on sbtest8  (cost=219.83..34730.10 rows=10087 width=4)
	        Recheck Cond: ((id >= 4599606) AND (id <= 4609605))
	        ->  Bitmap Index Scan on sbtest8_pkey  (cost=0.00..217.31 rows=10087 width=0)
	              Index Cond: ((id >= 4599606) AND (id <= 4609605))

for: sum_ranges
table 1 : explain SELECT SUM(k) FROM sbtest1 WHERE id BETWEEN 1508960 AND 1518959
	Aggregate  (cost=33956.26..33956.27 rows=1 width=8)
	  ->  Bitmap Heap Scan on sbtest1  (cost=213.62..33931.58 rows=9872 width=4)
	        Recheck Cond: ((id >= 1508960) AND (id <= 1518959))
	        ->  Bitmap Index Scan on sbtest1_pkey  (cost=0.00..211.16 rows=9872 width=0)
	              Index Cond: ((id >= 1508960) AND (id <= 1518959))

table 2 : explain SELECT SUM(k) FROM sbtest2 WHERE id BETWEEN 2219721 AND 2229720
	Aggregate  (cost=32213.69..32213.70 rows=1 width=8)
	  ->  Bitmap Heap Scan on sbtest2  (cost=199.80..32190.43 rows=9304 width=4)
	        Recheck Cond: ((id >= 2219721) AND (id <= 2229720))
	        ->  Bitmap Index Scan on sbtest2_pkey  (cost=0.00..197.48 rows=9304 width=0)
	              Index Cond: ((id >= 2219721) AND (id <= 2229720))

table 3 : explain SELECT SUM(k) FROM sbtest3 WHERE id BETWEEN 8310544 AND 8320543
	Aggregate  (cost=36284.60..36284.61 rows=1 width=8)
	  ->  Bitmap Heap Scan on sbtest3  (cost=229.15..36258.09 rows=10606 width=4)
	        Recheck Cond: ((id >= 8310544) AND (id <= 8320543))
	        ->  Bitmap Index Scan on sbtest3_pkey  (cost=0.00..226.50 rows=10606 width=0)
	              Index Cond: ((id >= 8310544) AND (id <= 8320543))

table 4 : explain SELECT SUM(k) FROM sbtest4 WHERE id BETWEEN 565762 AND 575761
	Aggregate  (cost=35745.92..35745.93 rows=1 width=8)
	  ->  Bitmap Heap Scan on sbtest4  (cost=223.23..35719.87 rows=10419 width=4)
	        Recheck Cond: ((id >= 565762) AND (id <= 575761))
	        ->  Bitmap Index Scan on sbtest4_pkey  (cost=0.00..220.62 rows=10419 width=0)
	              Index Cond: ((id >= 565762) AND (id <= 575761))

table 5 : explain SELECT SUM(k) FROM sbtest5 WHERE id BETWEEN 7149621 AND 7159620
	Aggregate  (cost=35349.15..35349.16 rows=1 width=8)
	  ->  Bitmap Heap Scan on sbtest5  (cost=221.91..35323.43 rows=10290 width=4)
	        Recheck Cond: ((id >= 7149621) AND (id <= 7159620))
	        ->  Bitmap Index Scan on sbtest5_pkey  (cost=0.00..219.34 rows=10290 width=0)
	              Index Cond: ((id >= 7149621) AND (id <= 7159620))

table 6 : explain SELECT SUM(k) FROM sbtest6 WHERE id BETWEEN 113361 AND 123360
	Aggregate  (cost=37424.09..37424.10 rows=1 width=8)
	  ->  Bitmap Heap Scan on sbtest6  (cost=236.76..37396.69 rows=10959 width=4)
	        Recheck Cond: ((id >= 113361) AND (id <= 123360))
	        ->  Bitmap Index Scan on sbtest6_pkey  (cost=0.00..234.03 rows=10959 width=0)
	              Index Cond: ((id >= 113361) AND (id <= 123360))

table 7 : explain SELECT SUM(k) FROM sbtest7 WHERE id BETWEEN 3677299 AND 3687298
	Aggregate  (cost=33761.49..33761.50 rows=1 width=8)
	  ->  Bitmap Heap Scan on sbtest7  (cost=212.58..33737.06 rows=9770 width=4)
	        Recheck Cond: ((id >= 3677299) AND (id <= 3687298))
	        ->  Bitmap Index Scan on sbtest7_pkey  (cost=0.00..210.13 rows=9770 width=0)
	              Index Cond: ((id >= 3677299) AND (id <= 3687298))

table 8 : explain SELECT SUM(k) FROM sbtest8 WHERE id BETWEEN 5144036 AND 5154035
	Aggregate  (cost=33177.61..33177.62 rows=1 width=8)
	  ->  Bitmap Heap Scan on sbtest8  (cost=210.67..33153.65 rows=9584 width=4)
	        Recheck Cond: ((id >= 5144036) AND (id <= 5154035))
	        ->  Bitmap Index Scan on sbtest8_pkey  (cost=0.00..208.28 rows=9584 width=0)
	              Index Cond: ((id >= 5144036) AND (id <= 5154035))

for: distinct_ranges
table 1 : explain SELECT DISTINCT c FROM sbtest1 WHERE id BETWEEN 9127375 AND 9137374 ORDER BY c
	Unique  (cost=35794.35..35845.61 rows=10252 width=121)
	  ->  Sort  (cost=35794.35..35819.98 rows=10252 width=121)
	        Sort Key: c
	        ->  Bitmap Heap Scan on sbtest1  (cost=221.52..35111.38 rows=10252 width=121)
	              Recheck Cond: ((id >= 9127375) AND (id <= 9137374))
	              ->  Bitmap Index Scan on sbtest1_pkey  (cost=0.00..218.95 rows=10252 width=0)
	                    Index Cond: ((id >= 9127375) AND (id <= 9137374))

table 2 : explain SELECT DISTINCT c FROM sbtest2 WHERE id BETWEEN 2485720 AND 2495719 ORDER BY c
	Unique  (cost=34005.28..34053.67 rows=9678 width=121)
	  ->  Sort  (cost=34005.28..34029.48 rows=9678 width=121)
	        Sort Key: c
	        ->  Bitmap Heap Scan on sbtest2  (cost=207.63..33364.58 rows=9678 width=121)
	              Recheck Cond: ((id >= 2485720) AND (id <= 2495719))
	              ->  Bitmap Index Scan on sbtest2_pkey  (cost=0.00..205.22 rows=9678 width=0)
	                    Index Cond: ((id >= 2485720) AND (id <= 2495719))

table 3 : explain SELECT DISTINCT c FROM sbtest3 WHERE id BETWEEN 2057379 AND 2067378 ORDER BY c
	Unique  (cost=34822.11..34871.77 rows=9932 width=121)
	  ->  Sort  (cost=34822.11..34846.94 rows=9932 width=121)
	        Sort Key: c
	        ->  Bitmap Heap Scan on sbtest3  (cost=214.24..34162.73 rows=9932 width=121)
	              Recheck Cond: ((id >= 2057379) AND (id <= 2067378))
	              ->  Bitmap Index Scan on sbtest3_pkey  (cost=0.00..211.75 rows=9932 width=0)
	                    Index Cond: ((id >= 2057379) AND (id <= 2067378))

table 4 : explain SELECT DISTINCT c FROM sbtest4 WHERE id BETWEEN 805495 AND 815494 ORDER BY c
	Unique  (cost=37047.65..37100.74 rows=10617 width=121)
	  ->  Sort  (cost=37047.65..37074.20 rows=10617 width=121)
	        Sort Key: c
	        ->  Bitmap Heap Scan on sbtest4  (cost=229.26..36337.69 rows=10617 width=121)
	              Recheck Cond: ((id >= 805495) AND (id <= 815494))
	              ->  Bitmap Index Scan on sbtest4_pkey  (cost=0.00..226.61 rows=10617 width=0)
	                    Index Cond: ((id >= 805495) AND (id <= 815494))

table 5 : explain SELECT DISTINCT c FROM sbtest5 WHERE id BETWEEN 8841863 AND 8851862 ORDER BY c
	Unique  (cost=33832.82..33880.88 rows=9611 width=121)
	  ->  Sort  (cost=33832.82..33856.85 rows=9611 width=121)
	        Sort Key: c
	        ->  Bitmap Heap Scan on sbtest5  (cost=206.95..33197.03 rows=9611 width=121)
	              Recheck Cond: ((id >= 8841863) AND (id <= 8851862))
	              ->  Bitmap Index Scan on sbtest5_pkey  (cost=0.00..204.55 rows=9611 width=0)
	                    Index Cond: ((id >= 8841863) AND (id <= 8851862))

table 6 : explain SELECT DISTINCT c FROM sbtest6 WHERE id BETWEEN 6622527 AND 6632526 ORDER BY c
	Unique  (cost=32673.50..32719.76 rows=9251 width=121)
	  ->  Sort  (cost=32673.50..32696.63 rows=9251 width=121)
	        Sort Key: c
	        ->  Bitmap Heap Scan on sbtest6  (cost=199.26..32064.07 rows=9251 width=121)
	              Recheck Cond: ((id >= 6622527) AND (id <= 6632526))
	              ->  Bitmap Index Scan on sbtest6_pkey  (cost=0.00..196.94 rows=9251 width=0)
	                    Index Cond: ((id >= 6622527) AND (id <= 6632526))

table 7 : explain SELECT DISTINCT c FROM sbtest7 WHERE id BETWEEN 4293136 AND 4303135 ORDER BY c
	Unique  (cost=36350.07..36401.98 rows=10383 width=121)
	  ->  Sort  (cost=36350.07..36376.02 rows=10383 width=121)
	        Sort Key: c
	        ->  Bitmap Heap Scan on sbtest7  (cost=226.86..35657.42 rows=10383 width=121)
	              Recheck Cond: ((id >= 4293136) AND (id <= 4303135))
	              ->  Bitmap Index Scan on sbtest7_pkey  (cost=0.00..224.26 rows=10383 width=0)
	                    Index Cond: ((id >= 4293136) AND (id <= 4303135))

table 8 : explain SELECT DISTINCT c FROM sbtest8 WHERE id BETWEEN 7656873 AND 7666872 ORDER BY c
	Unique  (cost=33043.29..33090.06 rows=9354 width=121)
	  ->  Sort  (cost=33043.29..33066.68 rows=9354 width=121)
	        Sort Key: c
	        ->  Bitmap Heap Scan on sbtest8  (cost=204.31..32426.33 rows=9354 width=121)
	              Recheck Cond: ((id >= 7656873) AND (id <= 7666872))
	              ->  Bitmap Index Scan on sbtest8_pkey  (cost=0.00..201.98 rows=9354 width=0)
	                    Index Cond: ((id >= 7656873) AND (id <= 7666872))

for: simple_ranges
table 1 : explain SELECT c FROM sbtest1 WHERE id BETWEEN 6318832 AND 6328831
	Bitmap Heap Scan on sbtest1  (cost=205.90..32794.56 rows=9509 width=121)
	  Recheck Cond: ((id >= 6318832) AND (id <= 6328831))
	  ->  Bitmap Index Scan on sbtest1_pkey  (cost=0.00..203.53 rows=9509 width=0)
	        Index Cond: ((id >= 6318832) AND (id <= 6328831))

table 2 : explain SELECT c FROM sbtest2 WHERE id BETWEEN 5447435 AND 5457434
	Bitmap Heap Scan on sbtest2  (cost=229.56..36376.87 rows=10646 width=121)
	  Recheck Cond: ((id >= 5447435) AND (id <= 5457434))
	  ->  Bitmap Index Scan on sbtest2_pkey  (cost=0.00..226.90 rows=10646 width=0)
	        Index Cond: ((id >= 5447435) AND (id <= 5457434))

table 3 : explain SELECT c FROM sbtest3 WHERE id BETWEEN 3972140 AND 3982139
	Bitmap Heap Scan on sbtest3  (cost=208.52..33634.17 rows=9764 width=121)
	  Recheck Cond: ((id >= 3972140) AND (id <= 3982139))
	  ->  Bitmap Index Scan on sbtest3_pkey  (cost=0.00..206.07 rows=9764 width=0)
	        Index Cond: ((id >= 3972140) AND (id <= 3982139))

table 4 : explain SELECT c FROM sbtest4 WHERE id BETWEEN 9158170 AND 9168169
	Bitmap Heap Scan on sbtest4  (cost=221.12..35082.09 rows=10213 width=121)
	  Recheck Cond: ((id >= 9158170) AND (id <= 9168169))
	  ->  Bitmap Index Scan on sbtest4_pkey  (cost=0.00..218.56 rows=10213 width=0)
	        Index Cond: ((id >= 9158170) AND (id <= 9168169))

table 5 : explain SELECT c FROM sbtest5 WHERE id BETWEEN 4136603 AND 4146602
	Bitmap Heap Scan on sbtest5  (cost=214.13..34172.28 rows=9921 width=121)
	  Recheck Cond: ((id >= 4136603) AND (id <= 4146602))
	  ->  Bitmap Index Scan on sbtest5_pkey  (cost=0.00..211.65 rows=9921 width=0)
	        Index Cond: ((id >= 4136603) AND (id <= 4146602))

table 6 : explain SELECT c FROM sbtest6 WHERE id BETWEEN 7635274 AND 7645273
	Bitmap Heap Scan on sbtest6  (cost=207.85..33477.00 rows=9699 width=121)
	  Recheck Cond: ((id >= 7635274) AND (id <= 7645273))
	  ->  Bitmap Index Scan on sbtest6_pkey  (cost=0.00..205.43 rows=9699 width=0)
	        Index Cond: ((id >= 7635274) AND (id <= 7645273))

table 7 : explain SELECT c FROM sbtest7 WHERE id BETWEEN 5396477 AND 5406476
	Bitmap Heap Scan on sbtest7  (cost=219.07..34502.56 rows=10013 width=121)
	  Recheck Cond: ((id >= 5396477) AND (id <= 5406476))
	  ->  Bitmap Index Scan on sbtest7_pkey  (cost=0.00..216.56 rows=10013 width=0)
	        Index Cond: ((id >= 5396477) AND (id <= 5406476))

table 8 : explain SELECT c FROM sbtest8 WHERE id BETWEEN 7909523 AND 7919522
	Bitmap Heap Scan on sbtest8  (cost=247.36..38221.46 rows=11212 width=121)
	  Recheck Cond: ((id >= 7909523) AND (id <= 7919522))
	  ->  Bitmap Index Scan on sbtest8_pkey  (cost=0.00..244.56 rows=11212 width=0)
	        Index Cond: ((id >= 7909523) AND (id <= 7919522))

for: order_ranges
table 1 : explain SELECT c FROM sbtest1 WHERE id BETWEEN 7051554 AND 7061553 ORDER BY c
	Sort  (cost=32423.04..32446.04 rows=9198 width=121)
	  Sort Key: c
	  ->  Bitmap Heap Scan on sbtest1  (cost=198.71..31817.49 rows=9198 width=121)
	        Recheck Cond: ((id >= 7051554) AND (id <= 7061553))
	        ->  Bitmap Index Scan on sbtest1_pkey  (cost=0.00..196.42 rows=9198 width=0)
	              Index Cond: ((id >= 7051554) AND (id <= 7061553))

table 2 : explain SELECT c FROM sbtest2 WHERE id BETWEEN 932814 AND 942813 ORDER BY c
	Sort  (cost=36581.94..36608.15 rows=10486 width=121)
	  Sort Key: c
	  ->  Bitmap Heap Scan on sbtest2  (cost=223.92..35881.67 rows=10486 width=121)
	        Recheck Cond: ((id >= 932814) AND (id <= 942813))
	        ->  Bitmap Index Scan on sbtest2_pkey  (cost=0.00..221.30 rows=10486 width=0)
	              Index Cond: ((id >= 932814) AND (id <= 942813))

table 3 : explain SELECT c FROM sbtest3 WHERE id BETWEEN 4379493 AND 4389492 ORDER BY c
	Sort  (cost=34782.56..34807.36 rows=9919 width=121)
	  Sort Key: c
	  ->  Bitmap Heap Scan on sbtest3  (cost=214.10..34124.14 rows=9919 width=121)
	        Recheck Cond: ((id >= 4379493) AND (id <= 4389492))
	        ->  Bitmap Index Scan on sbtest3_pkey  (cost=0.00..211.62 rows=9919 width=0)
	              Index Cond: ((id >= 4379493) AND (id <= 4389492))

table 4 : explain SELECT c FROM sbtest4 WHERE id BETWEEN 94959 AND 104958 ORDER BY c
	Sort  (cost=34440.21..34464.72 rows=9801 width=121)
	  Sort Key: c
	  ->  Bitmap Heap Scan on sbtest4  (cost=208.90..33790.47 rows=9801 width=121)
	        Recheck Cond: ((id >= 94959) AND (id <= 104958))
	        ->  Bitmap Index Scan on sbtest4_pkey  (cost=0.00..206.44 rows=9801 width=0)
	              Index Cond: ((id >= 94959) AND (id <= 104958))

table 5 : explain SELECT c FROM sbtest5 WHERE id BETWEEN 2817298 AND 2827297 ORDER BY c
	Sort  (cost=37786.53..37813.65 rows=10851 width=121)
	  Sort Key: c
	  ->  Bitmap Heap Scan on sbtest5  (cost=231.66..37059.21 rows=10851 width=121)
	        Recheck Cond: ((id >= 2817298) AND (id <= 2827297))
	        ->  Bitmap Index Scan on sbtest5_pkey  (cost=0.00..228.94 rows=10851 width=0)
	              Index Cond: ((id >= 2817298) AND (id <= 2827297))

table 6 : explain SELECT c FROM sbtest6 WHERE id BETWEEN 2888375 AND 2898374 ORDER BY c
	Sort  (cost=38438.04..38465.68 rows=11056 width=121)
	  Sort Key: c
	  ->  Bitmap Heap Scan on sbtest6  (cost=237.76..37695.49 rows=11056 width=121)
	        Recheck Cond: ((id >= 2888375) AND (id <= 2898374))
	        ->  Bitmap Index Scan on sbtest6_pkey  (cost=0.00..235.00 rows=11056 width=0)
	              Index Cond: ((id >= 2888375) AND (id <= 2898374))

table 7 : explain SELECT c FROM sbtest7 WHERE id BETWEEN 7086325 AND 7096324 ORDER BY c
	Sort  (cost=33645.28..33669.14 rows=9541 width=121)
	  Sort Key: c
	  ->  Bitmap Heap Scan on sbtest7  (cost=206.23..33014.63 rows=9541 width=121)
	        Recheck Cond: ((id >= 7086325) AND (id <= 7096324))
	        ->  Bitmap Index Scan on sbtest7_pkey  (cost=0.00..203.84 rows=9541 width=0)
	              Index Cond: ((id >= 7086325) AND (id <= 7096324))

table 8 : explain SELECT c FROM sbtest8 WHERE id BETWEEN 5850295 AND 5860294 ORDER BY c
	Sort  (cost=33209.47..33232.98 rows=9406 width=121)
	  Sort Key: c
	  ->  Bitmap Heap Scan on sbtest8  (cost=204.85..32588.70 rows=9406 width=121)
	        Recheck Cond: ((id >= 5850295) AND (id <= 5860294))
	        ->  Bitmap Index Scan on sbtest8_pkey  (cost=0.00..202.50 rows=9406 width=0)
	              Index Cond: ((id >= 5850295) AND (id <= 5860294))

for: order_ranges
table 1 : explain SELECT c FROM sbtest1 WHERE id BETWEEN 3201051 AND 3211050 ORDER BY c
	Sort  (cost=35934.99..35960.73 rows=10296 width=121)
	  Sort Key: c
	  ->  Bitmap Heap Scan on sbtest1  (cost=221.97..35248.77 rows=10296 width=121)
	        Recheck Cond: ((id >= 3201051) AND (id <= 3211050))
	        ->  Bitmap Index Scan on sbtest1_pkey  (cost=0.00..219.40 rows=10296 width=0)
	              Index Cond: ((id >= 3201051) AND (id <= 3211050))

table 2 : explain SELECT c FROM sbtest2 WHERE id BETWEEN 1539897 AND 1549896 ORDER BY c
	Sort  (cost=39209.87..39238.17 rows=11320 width=121)
	  Sort Key: c
	  ->  Bitmap Heap Scan on sbtest2  (cost=244.47..38447.66 rows=11320 width=121)
	        Recheck Cond: ((id >= 1539897) AND (id <= 1549896))
	        ->  Bitmap Index Scan on sbtest2_pkey  (cost=0.00..241.63 rows=11320 width=0)
	              Index Cond: ((id >= 1539897) AND (id <= 1549896))

table 3 : explain SELECT c FROM sbtest3 WHERE id BETWEEN 2652114 AND 2662113 ORDER BY c
	Sort  (cost=36270.22..36296.19 rows=10387 width=121)
	  Sort Key: c
	  ->  Bitmap Heap Scan on sbtest3  (cost=222.90..35577.28 rows=10387 width=121)
	        Recheck Cond: ((id >= 2652114) AND (id <= 2662113))
	        ->  Bitmap Index Scan on sbtest3_pkey  (cost=0.00..220.31 rows=10387 width=0)
	              Index Cond: ((id >= 2652114) AND (id <= 2662113))

table 4 : explain SELECT c FROM sbtest4 WHERE id BETWEEN 5440736 AND 5450735 ORDER BY c
	Sort  (cost=34099.91..34124.14 rows=9694 width=121)
	  Sort Key: c
	  ->  Bitmap Heap Scan on sbtest4  (cost=207.80..33458.03 rows=9694 width=121)
	        Recheck Cond: ((id >= 5440736) AND (id <= 5450735))
	        ->  Bitmap Index Scan on sbtest4_pkey  (cost=0.00..205.38 rows=9694 width=0)
	              Index Cond: ((id >= 5440736) AND (id <= 5450735))

table 5 : explain SELECT c FROM sbtest5 WHERE id BETWEEN 6843442 AND 6853441 ORDER BY c
	Sort  (cost=35170.25..35195.32 rows=10028 width=121)
	  Sort Key: c
	  ->  Bitmap Heap Scan on sbtest5  (cost=215.22..34503.80 rows=10028 width=121)
	        Recheck Cond: ((id >= 6843442) AND (id <= 6853441))
	        ->  Bitmap Index Scan on sbtest5_pkey  (cost=0.00..212.72 rows=10028 width=0)
	              Index Cond: ((id >= 6843442) AND (id <= 6853441))

table 6 : explain SELECT c FROM sbtest6 WHERE id BETWEEN 8492200 AND 8502199 ORDER BY c
	Sort  (cost=34783.61..34808.37 rows=9906 width=121)
	  Sort Key: c
	  ->  Bitmap Heap Scan on sbtest6  (cost=213.97..34126.14 rows=9906 width=121)
	        Recheck Cond: ((id >= 8492200) AND (id <= 8502199))
	        ->  Bitmap Index Scan on sbtest6_pkey  (cost=0.00..211.50 rows=9906 width=0)
	              Index Cond: ((id >= 8492200) AND (id <= 8502199))

table 7 : explain SELECT c FROM sbtest7 WHERE id BETWEEN 4944140 AND 4954139 ORDER BY c
	Sort  (cost=36297.57..36323.49 rows=10367 width=121)
	  Sort Key: c
	  ->  Bitmap Heap Scan on sbtest7  (cost=226.70..35606.11 rows=10367 width=121)
	        Recheck Cond: ((id >= 4944140) AND (id <= 4954139))
	        ->  Bitmap Index Scan on sbtest7_pkey  (cost=0.00..224.11 rows=10367 width=0)
	              Index Cond: ((id >= 4944140) AND (id <= 4954139))

table 8 : explain SELECT c FROM sbtest8 WHERE id BETWEEN 1492474 AND 1502473 ORDER BY c
	Sort  (cost=33784.14..33808.10 rows=9583 width=121)
	  Sort Key: c
	  ->  Bitmap Heap Scan on sbtest8  (cost=210.66..33150.41 rows=9583 width=121)
	        Recheck Cond: ((id >= 1492474) AND (id <= 1502473))
	        ->  Bitmap Index Scan on sbtest8_pkey  (cost=0.00..208.26 rows=9583 width=0)
	              Index Cond: ((id >= 1492474) AND (id <= 1502473))

for: distinct_ranges
table 1 : explain SELECT DISTINCT c FROM sbtest1 WHERE id BETWEEN 199016 AND 209015 ORDER BY c
	Unique  (cost=33366.68..33414.14 rows=9491 width=121)
	  ->  Sort  (cost=33366.68..33390.41 rows=9491 width=121)
	        Sort Key: c
	        ->  Bitmap Heap Scan on sbtest1  (cost=205.72..32739.69 rows=9491 width=121)
	              Recheck Cond: ((id >= 199016) AND (id <= 209015))
	              ->  Bitmap Index Scan on sbtest1_pkey  (cost=0.00..203.34 rows=9491 width=0)
	                    Index Cond: ((id >= 199016) AND (id <= 209015))

table 2 : explain SELECT DISTINCT c FROM sbtest2 WHERE id BETWEEN 5095355 AND 5105354 ORDER BY c
	Unique  (cost=35638.05..35688.99 rows=10189 width=121)
	  ->  Sort  (cost=35638.05..35663.52 rows=10189 width=121)
	        Sort Key: c
	        ->  Bitmap Heap Scan on sbtest2  (cost=216.87..34959.73 rows=10189 width=121)
	              Recheck Cond: ((id >= 5095355) AND (id <= 5105354))
	              ->  Bitmap Index Scan on sbtest2_pkey  (cost=0.00..214.32 rows=10189 width=0)
	                    Index Cond: ((id >= 5095355) AND (id <= 5105354))

table 3 : explain SELECT DISTINCT c FROM sbtest3 WHERE id BETWEEN 2323399 AND 2333398 ORDER BY c
	Unique  (cost=32818.91..32865.45 rows=9308 width=121)
	  ->  Sort  (cost=32818.91..32842.18 rows=9308 width=121)
	        Sort Key: c
	        ->  Bitmap Heap Scan on sbtest3  (cost=199.84..32205.32 rows=9308 width=121)
	              Recheck Cond: ((id >= 2323399) AND (id <= 2333398))
	              ->  Bitmap Index Scan on sbtest3_pkey  (cost=0.00..197.51 rows=9308 width=0)
	                    Index Cond: ((id >= 2323399) AND (id <= 2333398))

table 4 : explain SELECT DISTINCT c FROM sbtest4 WHERE id BETWEEN 2799812 AND 2809811 ORDER BY c
	Unique  (cost=38164.53..38219.38 rows=10971 width=121)
	  ->  Sort  (cost=38164.53..38191.96 rows=10971 width=121)
	        Sort Key: c
	        ->  Bitmap Heap Scan on sbtest4  (cost=236.89..37428.30 rows=10971 width=121)
	              Recheck Cond: ((id >= 2799812) AND (id <= 2809811))
	              ->  Bitmap Index Scan on sbtest4_pkey  (cost=0.00..234.15 rows=10971 width=0)
	                    Index Cond: ((id >= 2799812) AND (id <= 2809811))

table 5 : explain SELECT DISTINCT c FROM sbtest5 WHERE id BETWEEN 2128196 AND 2138195 ORDER BY c
	Unique  (cost=34411.17..34460.13 rows=9791 width=121)
	  ->  Sort  (cost=34411.17..34435.65 rows=9791 width=121)
	        Sort Key: c
	        ->  Bitmap Heap Scan on sbtest5  (cost=208.79..33762.16 rows=9791 width=121)
	              Recheck Cond: ((id >= 2128196) AND (id <= 2138195))
	              ->  Bitmap Index Scan on sbtest5_pkey  (cost=0.00..206.34 rows=9791 width=0)
	                    Index Cond: ((id >= 2128196) AND (id <= 2138195))

table 6 : explain SELECT DISTINCT c FROM sbtest6 WHERE id BETWEEN 2833719 AND 2843718 ORDER BY c
	Unique  (cost=34238.30..34286.99 rows=9737 width=121)
	  ->  Sort  (cost=34238.30..34262.65 rows=9737 width=121)
	        Sort Key: c
	        ->  Bitmap Heap Scan on sbtest6  (cost=208.24..33593.26 rows=9737 width=121)
	              Recheck Cond: ((id >= 2833719) AND (id <= 2843718))
	              ->  Bitmap Index Scan on sbtest6_pkey  (cost=0.00..205.81 rows=9737 width=0)
	                    Index Cond: ((id >= 2833719) AND (id <= 2843718))

table 7 : explain SELECT DISTINCT c FROM sbtest7 WHERE id BETWEEN 2989121 AND 2999120 ORDER BY c
	Unique  (cost=36655.28..36707.68 rows=10479 width=121)
	  ->  Sort  (cost=36655.28..36681.48 rows=10479 width=121)
	        Sort Key: c
	        ->  Bitmap Heap Scan on sbtest7  (cost=227.84..35955.54 rows=10479 width=121)
	              Recheck Cond: ((id >= 2989121) AND (id <= 2999120))
	              ->  Bitmap Index Scan on sbtest7_pkey  (cost=0.00..225.23 rows=10479 width=0)
	                    Index Cond: ((id >= 2989121) AND (id <= 2999120))

table 8 : explain SELECT DISTINCT c FROM sbtest8 WHERE id BETWEEN 1475429 AND 1485428 ORDER BY c
	Unique  (cost=33784.14..33832.06 rows=9583 width=121)
	  ->  Sort  (cost=33784.14..33808.10 rows=9583 width=121)
	        Sort Key: c
	        ->  Bitmap Heap Scan on sbtest8  (cost=210.66..33150.41 rows=9583 width=121)
	              Recheck Cond: ((id >= 1475429) AND (id <= 1485428))
	              ->  Bitmap Index Scan on sbtest8_pkey  (cost=0.00..208.26 rows=9583 width=0)
	                    Index Cond: ((id >= 1475429) AND (id <= 1485428))

for point_selects
table 1 : explain SELECT c FROM sbtest1 WHERE id=7225329
	Index Scan using sbtest1_pkey on sbtest1  (cost=0.43..8.45 rows=1 width=121)
	  Index Cond: (id = 7225329)

table 2 : explain SELECT c FROM sbtest2 WHERE id=666225
	Index Scan using sbtest2_pkey on sbtest2  (cost=0.43..8.45 rows=1 width=121)
	  Index Cond: (id = 666225)

table 3 : explain SELECT c FROM sbtest3 WHERE id=5660290
	Index Scan using sbtest3_pkey on sbtest3  (cost=0.43..8.45 rows=1 width=121)
	  Index Cond: (id = 5660290)

table 4 : explain SELECT c FROM sbtest4 WHERE id=6916326
	Index Scan using sbtest4_pkey on sbtest4  (cost=0.43..8.45 rows=1 width=121)
	  Index Cond: (id = 6916326)

table 5 : explain SELECT c FROM sbtest5 WHERE id=1497271
	Index Scan using sbtest5_pkey on sbtest5  (cost=0.43..8.45 rows=1 width=121)
	  Index Cond: (id = 1497271)

table 6 : explain SELECT c FROM sbtest6 WHERE id=2936139
	Index Scan using sbtest6_pkey on sbtest6  (cost=0.43..8.45 rows=1 width=121)
	  Index Cond: (id = 2936139)

table 7 : explain SELECT c FROM sbtest7 WHERE id=808192
	Index Scan using sbtest7_pkey on sbtest7  (cost=0.43..8.45 rows=1 width=121)
	  Index Cond: (id = 808192)

table 8 : explain SELECT c FROM sbtest8 WHERE id=7052751
	Index Scan using sbtest8_pkey on sbtest8  (cost=0.43..8.45 rows=1 width=121)
	  Index Cond: (id = 7052751)

for: order_ranges
table 1 : explain SELECT c FROM sbtest1 WHERE id BETWEEN 5255050 AND 5265049 ORDER BY c
	Sort  (cost=32107.28..32130.03 rows=9101 width=121)
	  Sort Key: c
	  ->  Bitmap Heap Scan on sbtest1  (cost=193.72..31508.80 rows=9101 width=121)
	        Recheck Cond: ((id >= 5255050) AND (id <= 5265049))
	        ->  Bitmap Index Scan on sbtest1_pkey  (cost=0.00..191.44 rows=9101 width=0)
	              Index Cond: ((id >= 5255050) AND (id <= 5265049))

table 2 : explain SELECT c FROM sbtest2 WHERE id BETWEEN 4481303 AND 4491302 ORDER BY c
	Sort  (cost=32435.49..32458.47 rows=9190 width=121)
	  Sort Key: c
	  ->  Bitmap Heap Scan on sbtest2  (cost=198.63..31830.52 rows=9190 width=121)
	        Recheck Cond: ((id >= 4481303) AND (id <= 4491302))
	        ->  Bitmap Index Scan on sbtest2_pkey  (cost=0.00..196.34 rows=9190 width=0)
	              Index Cond: ((id >= 4481303) AND (id <= 4491302))

table 3 : explain SELECT c FROM sbtest3 WHERE id BETWEEN 1473859 AND 1483858 ORDER BY c
	Sort  (cost=36414.16..36440.24 rows=10432 width=121)
	  Sort Key: c
	  ->  Bitmap Heap Scan on sbtest3  (cost=223.36..35717.89 rows=10432 width=121)
	        Recheck Cond: ((id >= 1473859) AND (id <= 1483858))
	        ->  Bitmap Index Scan on sbtest3_pkey  (cost=0.00..220.75 rows=10432 width=0)
	              Index Cond: ((id >= 1473859) AND (id <= 1483858))

table 4 : explain SELECT c FROM sbtest4 WHERE id BETWEEN 911490 AND 921489 ORDER BY c
	Sort  (cost=34410.43..34434.91 rows=9791 width=121)
	  Sort Key: c
	  ->  Bitmap Heap Scan on sbtest4  (cost=208.79..33761.42 rows=9791 width=121)
	        Recheck Cond: ((id >= 911490) AND (id <= 921489))
	        ->  Bitmap Index Scan on sbtest4_pkey  (cost=0.00..206.34 rows=9791 width=0)
	              Index Cond: ((id >= 911490) AND (id <= 921489))

table 5 : explain SELECT c FROM sbtest5 WHERE id BETWEEN 7457128 AND 7467127 ORDER BY c
	Sort  (cost=33249.11..33272.68 rows=9430 width=121)
	  Sort Key: c
	  ->  Bitmap Heap Scan on sbtest5  (cost=201.09..32626.59 rows=9430 width=121)
	        Recheck Cond: ((id >= 7457128) AND (id <= 7467127))
	        ->  Bitmap Index Scan on sbtest5_pkey  (cost=0.00..198.74 rows=9430 width=0)
	              Index Cond: ((id >= 7457128) AND (id <= 7467127))

table 6 : explain SELECT c FROM sbtest6 WHERE id BETWEEN 7646212 AND 7656211 ORDER BY c
	Sort  (cost=33331.41..33355.05 rows=9454 width=121)
	  Sort Key: c
	  ->  Bitmap Heap Scan on sbtest6  (cost=205.34..32707.13 rows=9454 width=121)
	        Recheck Cond: ((id >= 7646212) AND (id <= 7656211))
	        ->  Bitmap Index Scan on sbtest6_pkey  (cost=0.00..202.98 rows=9454 width=0)
	              Index Cond: ((id >= 7646212) AND (id <= 7656211))

table 7 : explain SELECT c FROM sbtest7 WHERE id BETWEEN 5316735 AND 5326734 ORDER BY c
	Sort  (cost=34873.61..34898.42 rows=9923 width=121)
	  Sort Key: c
	  ->  Bitmap Heap Scan on sbtest7  (cost=214.15..34214.89 rows=9923 width=121)
	        Recheck Cond: ((id >= 5316735) AND (id <= 5326734))
	        ->  Bitmap Index Scan on sbtest7_pkey  (cost=0.00..211.67 rows=9923 width=0)
	              Index Cond: ((id >= 5316735) AND (id <= 5326734))

table 8 : explain SELECT c FROM sbtest8 WHERE id BETWEEN 4481092 AND 4491091 ORDER BY c
	Sort  (cost=36053.19..36078.92 rows=10290 width=121)
	  Sort Key: c
	  ->  Bitmap Heap Scan on sbtest8  (cost=225.91..35367.42 rows=10290 width=121)
	        Recheck Cond: ((id >= 4481092) AND (id <= 4491091))
	        ->  Bitmap Index Scan on sbtest8_pkey  (cost=0.00..223.34 rows=10290 width=0)
	              Index Cond: ((id >= 4481092) AND (id <= 4491091))

for: order_ranges
table 1 : explain SELECT c FROM sbtest1 WHERE id BETWEEN 5274534 AND 5284533 ORDER BY c
	Sort  (cost=30672.34..30693.98 rows=8658 width=121)
	  Sort Key: c
	  ->  Bitmap Heap Scan on sbtest1  (cost=185.18..30106.11 rows=8658 width=121)
	        Recheck Cond: ((id >= 5274534) AND (id <= 5284533))
	        ->  Bitmap Index Scan on sbtest1_pkey  (cost=0.00..183.01 rows=8658 width=0)
	              Index Cond: ((id >= 5274534) AND (id <= 5284533))

table 2 : explain SELECT c FROM sbtest2 WHERE id BETWEEN 3297137 AND 3307136 ORDER BY c
	Sort  (cost=34615.90..34640.57 rows=9868 width=121)
	  Sort Key: c
	  ->  Bitmap Heap Scan on sbtest2  (cost=213.58..33961.23 rows=9868 width=121)
	        Recheck Cond: ((id >= 3297137) AND (id <= 3307136))
	        ->  Bitmap Index Scan on sbtest2_pkey  (cost=0.00..211.12 rows=9868 width=0)
	              Index Cond: ((id >= 3297137) AND (id <= 3307136))

table 3 : explain SELECT c FROM sbtest3 WHERE id BETWEEN 964796 AND 974795 ORDER BY c
	Sort  (cost=34234.97..34259.34 rows=9749 width=121)
	  Sort Key: c
	  ->  Bitmap Heap Scan on sbtest3  (cost=208.36..33589.05 rows=9749 width=121)
	        Recheck Cond: ((id >= 964796) AND (id <= 974795))
	        ->  Bitmap Index Scan on sbtest3_pkey  (cost=0.00..205.93 rows=9749 width=0)
	              Index Cond: ((id >= 964796) AND (id <= 974795))

table 4 : explain SELECT c FROM sbtest4 WHERE id BETWEEN 5168510 AND 5178509 ORDER BY c
	Sort  (cost=33970.99..33995.13 rows=9654 width=121)
	  Sort Key: c
	  ->  Bitmap Heap Scan on sbtest4  (cost=207.39..33332.05 rows=9654 width=121)
	        Recheck Cond: ((id >= 5168510) AND (id <= 5178509))
	        ->  Bitmap Index Scan on sbtest4_pkey  (cost=0.00..204.98 rows=9654 width=0)
	              Index Cond: ((id >= 5168510) AND (id <= 5178509))

table 5 : explain SELECT c FROM sbtest5 WHERE id BETWEEN 3190928 AND 3200927 ORDER BY c
	Sort  (cost=36438.91..36464.98 rows=10426 width=121)
	  Sort Key: c
	  ->  Bitmap Heap Scan on sbtest5  (cost=223.30..35743.08 rows=10426 width=121)
	        Recheck Cond: ((id >= 3190928) AND (id <= 3200927))
	        ->  Bitmap Index Scan on sbtest5_pkey  (cost=0.00..220.69 rows=10426 width=0)
	              Index Cond: ((id >= 3190928) AND (id <= 3200927))

table 6 : explain SELECT c FROM sbtest6 WHERE id BETWEEN 8109483 AND 8119482 ORDER BY c
	Sort  (cost=34112.64..34136.88 rows=9697 width=121)
	  Sort Key: c
	  ->  Bitmap Heap Scan on sbtest6  (cost=207.83..33470.54 rows=9697 width=121)
	        Recheck Cond: ((id >= 8109483) AND (id <= 8119482))
	        ->  Bitmap Index Scan on sbtest6_pkey  (cost=0.00..205.41 rows=9697 width=0)
	              Index Cond: ((id >= 8109483) AND (id <= 8119482))

table 7 : explain SELECT c FROM sbtest7 WHERE id BETWEEN 8565817 AND 8575816 ORDER BY c
	Sort  (cost=34761.25..34785.97 rows=9887 width=121)
	  Sort Key: c
	  ->  Bitmap Heap Scan on sbtest7  (cost=213.78..34105.18 rows=9887 width=121)
	        Recheck Cond: ((id >= 8565817) AND (id <= 8575816))
	        ->  Bitmap Index Scan on sbtest7_pkey  (cost=0.00..211.31 rows=9887 width=0)
	              Index Cond: ((id >= 8565817) AND (id <= 8575816))

table 8 : explain SELECT c FROM sbtest8 WHERE id BETWEEN 5382978 AND 5392977 ORDER BY c
	Sort  (cost=34790.64..34815.38 rows=9896 width=121)
	  Sort Key: c
	  ->  Bitmap Heap Scan on sbtest8  (cost=217.87..34133.91 rows=9896 width=121)
	        Recheck Cond: ((id >= 5382978) AND (id <= 5392977))
	        ->  Bitmap Index Scan on sbtest8_pkey  (cost=0.00..215.40 rows=9896 width=0)
	              Index Cond: ((id >= 5382978) AND (id <= 5392977))

explain: for point_selects :: explain SELECT c FROM sbtest%u WHERE id=%u
for: distinct_ranges
table 1 : explain SELECT DISTINCT c FROM sbtest1 WHERE id BETWEEN 443679 AND 453678 ORDER BY c
	Unique  (cost=32124.54..32170.06 rows=9105 width=121)
	  ->  Sort  (cost=32124.54..32147.30 rows=9105 width=121)
	        Sort Key: c
	        ->  Bitmap Heap Scan on sbtest1  (cost=197.76..31525.77 rows=9105 width=121)
	              Recheck Cond: ((id >= 443679) AND (id <= 453678))
	              ->  Bitmap Index Scan on sbtest1_pkey  (cost=0.00..195.49 rows=9105 width=0)
	                    Index Cond: ((id >= 443679) AND (id <= 453678))

table 2 : explain SELECT DISTINCT c FROM sbtest2 WHERE id BETWEEN 2717686 AND 2727685 ORDER BY c
	Unique  (cost=34859.43..34909.15 rows=9944 width=121)
	  ->  Sort  (cost=34859.43..34884.29 rows=9944 width=121)
	        Sort Key: c
	        ->  Bitmap Heap Scan on sbtest2  (cost=214.36..34199.16 rows=9944 width=121)
	              Recheck Cond: ((id >= 2717686) AND (id <= 2727685))
	              ->  Bitmap Index Scan on sbtest2_pkey  (cost=0.00..211.88 rows=9944 width=0)
	                    Index Cond: ((id >= 2717686) AND (id <= 2727685))

table 3 : explain SELECT DISTINCT c FROM sbtest3 WHERE id BETWEEN 6450254 AND 6460253 ORDER BY c
	Unique  (cost=35584.53..35635.39 rows=10172 width=121)
	  ->  Sort  (cost=35584.53..35609.96 rows=10172 width=121)
	        Sort Key: c
	        ->  Bitmap Heap Scan on sbtest3  (cost=216.70..34907.47 rows=10172 width=121)
	              Recheck Cond: ((id >= 6450254) AND (id <= 6460253))
	              ->  Bitmap Index Scan on sbtest3_pkey  (cost=0.00..214.16 rows=10172 width=0)
	                    Index Cond: ((id >= 6450254) AND (id <= 6460253))

table 4 : explain SELECT DISTINCT c FROM sbtest4 WHERE id BETWEEN 1262754 AND 1272753 ORDER BY c
	Unique  (cost=34988.32..35038.18 rows=9971 width=121)
	  ->  Sort  (cost=34988.32..35013.25 rows=9971 width=121)
	        Sort Key: c
	        ->  Bitmap Heap Scan on sbtest4  (cost=214.64..34326.07 rows=9971 width=121)
	              Recheck Cond: ((id >= 1262754) AND (id <= 1272753))
	              ->  Bitmap Index Scan on sbtest4_pkey  (cost=0.00..212.15 rows=9971 width=0)
	                    Index Cond: ((id >= 1262754) AND (id <= 1272753))

table 5 : explain SELECT DISTINCT c FROM sbtest5 WHERE id BETWEEN 1576006 AND 1586005 ORDER BY c
	Unique  (cost=36776.20..36828.86 rows=10532 width=121)
	  ->  Sort  (cost=36776.20..36802.53 rows=10532 width=121)
	        Sort Key: c
	        ->  Bitmap Heap Scan on sbtest5  (cost=224.39..36072.53 rows=10532 width=121)
	              Recheck Cond: ((id >= 1576006) AND (id <= 1586005))
	              ->  Bitmap Index Scan on sbtest5_pkey  (cost=0.00..221.75 rows=10532 width=0)
	                    Index Cond: ((id >= 1576006) AND (id <= 1586005))

table 6 : explain SELECT DISTINCT c FROM sbtest6 WHERE id BETWEEN 4892128 AND 4902127 ORDER BY c
	Unique  (cost=32703.38..32749.68 rows=9260 width=121)
	  ->  Sort  (cost=32703.38..32726.53 rows=9260 width=121)
	        Sort Key: c
	        ->  Bitmap Heap Scan on sbtest6  (cost=199.35..32093.30 rows=9260 width=121)
	              Recheck Cond: ((id >= 4892128) AND (id <= 4902127))
	              ->  Bitmap Index Scan on sbtest6_pkey  (cost=0.00..197.04 rows=9260 width=0)
	                    Index Cond: ((id >= 4892128) AND (id <= 4902127))

table 7 : explain SELECT DISTINCT c FROM sbtest7 WHERE id BETWEEN 6251924 AND 6261923 ORDER BY c
	Unique  (cost=35849.76..35900.89 rows=10227 width=121)
	  ->  Sort  (cost=35849.76..35875.32 rows=10227 width=121)
	        Sort Key: c
	        ->  Bitmap Heap Scan on sbtest7  (cost=221.26..35168.63 rows=10227 width=121)
	              Recheck Cond: ((id >= 6251924) AND (id <= 6261923))
	              ->  Bitmap Index Scan on sbtest7_pkey  (cost=0.00..218.70 rows=10227 width=0)
	                    Index Cond: ((id >= 6251924) AND (id <= 6261923))

table 8 : explain SELECT DISTINCT c FROM sbtest8 WHERE id BETWEEN 6301692 AND 6311691 ORDER BY c
	Unique  (cost=35859.17..35910.32 rows=10229 width=121)
	  ->  Sort  (cost=35859.17..35884.75 rows=10229 width=121)
	        Sort Key: c
	        ->  Bitmap Heap Scan on sbtest8  (cost=225.28..35177.90 rows=10229 width=121)
	              Recheck Cond: ((id >= 6301692) AND (id <= 6311691))
	              ->  Bitmap Index Scan on sbtest8_pkey  (cost=0.00..222.73 rows=10229 width=0)
	                    Index Cond: ((id >= 6301692) AND (id <= 6311691))

for: distinct_ranges
table 1 : explain SELECT DISTINCT c FROM sbtest1 WHERE id BETWEEN 3774900 AND 3784899 ORDER BY c
	Unique  (cost=33025.62..33072.55 rows=9386 width=121)
	  ->  Sort  (cost=33025.62..33049.09 rows=9386 width=121)
	        Sort Key: c
	        ->  Bitmap Heap Scan on sbtest1  (cost=200.64..32406.32 rows=9386 width=121)
	              Recheck Cond: ((id >= 3774900) AND (id <= 3784899))
	              ->  Bitmap Index Scan on sbtest1_pkey  (cost=0.00..198.30 rows=9386 width=0)
	                    Index Cond: ((id >= 3774900) AND (id <= 3784899))

table 2 : explain SELECT DISTINCT c FROM sbtest2 WHERE id BETWEEN 5691860 AND 5701859 ORDER BY c
	Unique  (cost=35152.09..35202.27 rows=10036 width=121)
	  ->  Sort  (cost=35152.09..35177.18 rows=10036 width=121)
	        Sort Key: c
	        ->  Bitmap Heap Scan on sbtest2  (cost=215.30..34485.05 rows=10036 width=121)
	              Recheck Cond: ((id >= 5691860) AND (id <= 5701859))
	              ->  Bitmap Index Scan on sbtest2_pkey  (cost=0.00..212.80 rows=10036 width=0)
	                    Index Cond: ((id >= 5691860) AND (id <= 5701859))

table 3 : explain SELECT DISTINCT c FROM sbtest3 WHERE id BETWEEN 8451375 AND 8461374 ORDER BY c
	Unique  (cost=33153.67..33200.73 rows=9413 width=121)
	  ->  Sort  (cost=33153.67..33177.20 rows=9413 width=121)
	        Sort Key: c
	        ->  Bitmap Heap Scan on sbtest3  (cost=200.92..32532.39 rows=9413 width=121)
	              Recheck Cond: ((id >= 8451375) AND (id <= 8461374))
	              ->  Bitmap Index Scan on sbtest3_pkey  (cost=0.00..198.56 rows=9413 width=0)
	                    Index Cond: ((id >= 8451375) AND (id <= 8461374))

table 4 : explain SELECT DISTINCT c FROM sbtest4 WHERE id BETWEEN 5561228 AND 5571227 ORDER BY c
	Unique  (cost=35017.94..35067.84 rows=9980 width=121)
	  ->  Sort  (cost=35017.94..35042.89 rows=9980 width=121)
	        Sort Key: c
	        ->  Bitmap Heap Scan on sbtest4  (cost=214.73..34355.03 rows=9980 width=121)
	              Recheck Cond: ((id >= 5561228) AND (id <= 5571227))
	              ->  Bitmap Index Scan on sbtest4_pkey  (cost=0.00..212.24 rows=9980 width=0)
	                    Index Cond: ((id >= 5561228) AND (id <= 5571227))

table 5 : explain SELECT DISTINCT c FROM sbtest5 WHERE id BETWEEN 5661378 AND 5671377 ORDER BY c
	Unique  (cost=32987.07..33033.81 rows=9349 width=121)
	  ->  Sort  (cost=32987.07..33010.44 rows=9349 width=121)
	        Sort Key: c
	        ->  Bitmap Heap Scan on sbtest5  (cost=200.26..32370.47 rows=9349 width=121)
	              Recheck Cond: ((id >= 5661378) AND (id <= 5671377))
	              ->  Bitmap Index Scan on sbtest5_pkey  (cost=0.00..197.93 rows=9349 width=0)
	                    Index Cond: ((id >= 5661378) AND (id <= 5671377))

table 6 : explain SELECT DISTINCT c FROM sbtest6 WHERE id BETWEEN 9501789 AND 9511788 ORDER BY c
	Unique  (cost=34800.08..34849.64 rows=9911 width=121)
	  ->  Sort  (cost=34800.08..34824.86 rows=9911 width=121)
	        Sort Key: c
	        ->  Bitmap Heap Scan on sbtest6  (cost=214.02..34142.25 rows=9911 width=121)
	              Recheck Cond: ((id >= 9501789) AND (id <= 9511788))
	              ->  Bitmap Index Scan on sbtest6_pkey  (cost=0.00..211.55 rows=9911 width=0)
	                    Index Cond: ((id >= 9501789) AND (id <= 9511788))

table 7 : explain SELECT DISTINCT c FROM sbtest7 WHERE id BETWEEN 1447840 AND 1457839 ORDER BY c
	Unique  (cost=32314.80..32360.45 rows=9130 width=121)
	  ->  Sort  (cost=32314.80..32337.62 rows=9130 width=121)
	        Sort Key: c
	        ->  Bitmap Heap Scan on sbtest7  (cost=198.02..31714.21 rows=9130 width=121)
	              Recheck Cond: ((id >= 1447840) AND (id <= 1457839))
	              ->  Bitmap Index Scan on sbtest7_pkey  (cost=0.00..195.74 rows=9130 width=0)
	                    Index Cond: ((id >= 1447840) AND (id <= 1457839))

table 8 : explain SELECT DISTINCT c FROM sbtest8 WHERE id BETWEEN 3447655 AND 3457654 ORDER BY c
	Unique  (cost=37447.54..37501.18 rows=10729 width=121)
	  ->  Sort  (cost=37447.54..37474.36 rows=10729 width=121)
	        Sort Key: c
	        ->  Bitmap Heap Scan on sbtest8  (cost=234.41..36729.27 rows=10729 width=121)
	              Recheck Cond: ((id >= 3447655) AND (id <= 3457654))
	              ->  Bitmap Index Scan on sbtest8_pkey  (cost=0.00..231.73 rows=10729 width=0)
	                    Index Cond: ((id >= 3447655) AND (id <= 3457654))

for: sum_ranges
table 1 : explain SELECT SUM(k) FROM sbtest1 WHERE id BETWEEN 3148653 AND 3158652
	Aggregate  (cost=35274.51..35274.52 rows=1 width=8)
	  ->  Bitmap Heap Scan on sbtest1  (cost=221.97..35248.77 rows=10296 width=4)
	        Recheck Cond: ((id >= 3148653) AND (id <= 3158652))
	        ->  Bitmap Index Scan on sbtest1_pkey  (cost=0.00..219.40 rows=10296 width=0)
	              Index Cond: ((id >= 3148653) AND (id <= 3158652))

table 2 : explain SELECT SUM(k) FROM sbtest2 WHERE id BETWEEN 7719510 AND 7729509
	Aggregate  (cost=33688.73..33688.74 rows=1 width=8)
	  ->  Bitmap Heap Scan on sbtest2  (cost=208.62..33664.30 rows=9774 width=4)
	        Recheck Cond: ((id >= 7719510) AND (id <= 7729509))
	        ->  Bitmap Index Scan on sbtest2_pkey  (cost=0.00..206.18 rows=9774 width=0)
	              Index Cond: ((id >= 7719510) AND (id <= 7729509))

table 3 : explain SELECT SUM(k) FROM sbtest3 WHERE id BETWEEN 4368309 AND 4378308
	Aggregate  (cost=35273.48..35273.49 rows=1 width=8)
	  ->  Bitmap Heap Scan on sbtest3  (cost=221.81..35247.78 rows=10280 width=4)
	        Recheck Cond: ((id >= 4368309) AND (id <= 4378308))
	        ->  Bitmap Index Scan on sbtest3_pkey  (cost=0.00..219.24 rows=10280 width=0)
	              Index Cond: ((id >= 4368309) AND (id <= 4378308))

table 4 : explain SELECT SUM(k) FROM sbtest4 WHERE id BETWEEN 8567640 AND 8577639
	Aggregate  (cost=38062.84..38062.85 rows=1 width=8)
	  ->  Bitmap Heap Scan on sbtest4  (cost=238.92..38034.92 rows=11169 width=4)
	        Recheck Cond: ((id >= 8567640) AND (id <= 8577639))
	        ->  Bitmap Index Scan on sbtest4_pkey  (cost=0.00..236.12 rows=11169 width=0)
	              Index Cond: ((id >= 8567640) AND (id <= 8577639))

table 5 : explain SELECT SUM(k) FROM sbtest5 WHERE id BETWEEN 5891569 AND 5901568
	Aggregate  (cost=29916.03..29916.04 rows=1 width=8)
	  ->  Bitmap Heap Scan on sbtest5  (cost=184.27..29894.60 rows=8569 width=4)
	        Recheck Cond: ((id >= 5891569) AND (id <= 5901568))
	        ->  Bitmap Index Scan on sbtest5_pkey  (cost=0.00..182.12 rows=8569 width=0)
	              Index Cond: ((id >= 5891569) AND (id <= 5901568))

table 6 : explain SELECT SUM(k) FROM sbtest6 WHERE id BETWEEN 7072010 AND 7082009
	Aggregate  (cost=30602.94..30602.95 rows=1 width=8)
	  ->  Bitmap Heap Scan on sbtest6  (cost=190.46..30580.98 rows=8783 width=4)
	        Recheck Cond: ((id >= 7072010) AND (id <= 7082009))
	        ->  Bitmap Index Scan on sbtest6_pkey  (cost=0.00..188.26 rows=8783 width=0)
	              Index Cond: ((id >= 7072010) AND (id <= 7082009))

table 7 : explain SELECT SUM(k) FROM sbtest7 WHERE id BETWEEN 5745367 AND 5755366
	Aggregate  (cost=34307.46..34307.47 rows=1 width=8)
	  ->  Bitmap Heap Scan on sbtest7  (cost=214.36..34282.60 rows=9944 width=4)
	        Recheck Cond: ((id >= 5745367) AND (id <= 5755366))
	        ->  Bitmap Index Scan on sbtest7_pkey  (cost=0.00..211.88 rows=9944 width=0)
	              Index Cond: ((id >= 5745367) AND (id <= 5755366))

table 8 : explain SELECT SUM(k) FROM sbtest8 WHERE id BETWEEN 285104 AND 295103
	Aggregate  (cost=36887.11..36887.12 rows=1 width=8)
	  ->  Bitmap Heap Scan on sbtest8  (cost=234.84..36860.18 rows=10771 width=4)
	        Recheck Cond: ((id >= 285104) AND (id <= 295103))
	        ->  Bitmap Index Scan on sbtest8_pkey  (cost=0.00..232.15 rows=10771 width=0)
	              Index Cond: ((id >= 285104) AND (id <= 295103))

for: simple_ranges
table 1 : explain SELECT c FROM sbtest1 WHERE id BETWEEN 3786583 AND 3796582
	Bitmap Heap Scan on sbtest1  (cost=200.64..32406.32 rows=9386 width=121)
	  Recheck Cond: ((id >= 3786583) AND (id <= 3796582))
	  ->  Bitmap Index Scan on sbtest1_pkey  (cost=0.00..198.30 rows=9386 width=0)
	        Index Cond: ((id >= 3786583) AND (id <= 3796582))

table 2 : explain SELECT c FROM sbtest2 WHERE id BETWEEN 8820722 AND 8830721
	Bitmap Heap Scan on sbtest2  (cost=236.59..37290.54 rows=10942 width=121)
	  Recheck Cond: ((id >= 8820722) AND (id <= 8830721))
	  ->  Bitmap Index Scan on sbtest2_pkey  (cost=0.00..233.86 rows=10942 width=0)
	        Index Cond: ((id >= 8820722) AND (id <= 8830721))

table 3 : explain SELECT c FROM sbtest3 WHERE id BETWEEN 4097866 AND 4107865
	Bitmap Heap Scan on sbtest3  (cost=208.28..33563.28 rows=9741 width=121)
	  Recheck Cond: ((id >= 4097866) AND (id <= 4107865))
	  ->  Bitmap Index Scan on sbtest3_pkey  (cost=0.00..205.84 rows=9741 width=0)
	        Index Cond: ((id >= 4097866) AND (id <= 4107865))

table 4 : explain SELECT c FROM sbtest4 WHERE id BETWEEN 1862464 AND 1872463
	Bitmap Heap Scan on sbtest4  (cost=237.53..37622.19 rows=11034 width=121)
	  Recheck Cond: ((id >= 1862464) AND (id <= 1872463))
	  ->  Bitmap Index Scan on sbtest4_pkey  (cost=0.00..234.78 rows=11034 width=0)
	        Index Cond: ((id >= 1862464) AND (id <= 1872463))

table 5 : explain SELECT c FROM sbtest5 WHERE id BETWEEN 669560 AND 679559
	Bitmap Heap Scan on sbtest5  (cost=213.46..33969.31 rows=9856 width=121)
	  Recheck Cond: ((id >= 669560) AND (id <= 679559))
	  ->  Bitmap Index Scan on sbtest5_pkey  (cost=0.00..211.00 rows=9856 width=0)
	        Index Cond: ((id >= 669560) AND (id <= 679559))

table 6 : explain SELECT c FROM sbtest6 WHERE id BETWEEN 7125459 AND 7135458
	Bitmap Heap Scan on sbtest6  (cost=190.46..30580.98 rows=8783 width=121)
	  Recheck Cond: ((id >= 7125459) AND (id <= 7135458))
	  ->  Bitmap Index Scan on sbtest6_pkey  (cost=0.00..188.26 rows=8783 width=0)
	        Index Cond: ((id >= 7125459) AND (id <= 7135458))

table 7 : explain SELECT c FROM sbtest7 WHERE id BETWEEN 5987956 AND 5997955
	Bitmap Heap Scan on sbtest7  (cost=214.02..34179.39 rows=9911 width=121)
	  Recheck Cond: ((id >= 5987956) AND (id <= 5997955))
	  ->  Bitmap Index Scan on sbtest7_pkey  (cost=0.00..211.55 rows=9911 width=0)
	        Index Cond: ((id >= 5987956) AND (id <= 5997955))

table 8 : explain SELECT c FROM sbtest8 WHERE id BETWEEN 5004370 AND 5014369
	Bitmap Heap Scan on sbtest8  (cost=227.36..35806.95 rows=10432 width=121)
	  Recheck Cond: ((id >= 5004370) AND (id <= 5014369))
	  ->  Bitmap Index Scan on sbtest8_pkey  (cost=0.00..224.75 rows=10432 width=0)
	        Index Cond: ((id >= 5004370) AND (id <= 5014369))

for point_selects
table 1 : explain SELECT c FROM sbtest1 WHERE id=5061637
	Index Scan using sbtest1_pkey on sbtest1  (cost=0.43..8.45 rows=1 width=121)
	  Index Cond: (id = 5061637)

table 2 : explain SELECT c FROM sbtest2 WHERE id=2924738
	Index Scan using sbtest2_pkey on sbtest2  (cost=0.43..8.45 rows=1 width=121)
	  Index Cond: (id = 2924738)

table 3 : explain SELECT c FROM sbtest3 WHERE id=915727
	Index Scan using sbtest3_pkey on sbtest3  (cost=0.43..8.45 rows=1 width=121)
	  Index Cond: (id = 915727)

table 4 : explain SELECT c FROM sbtest4 WHERE id=2318998
	Index Scan using sbtest4_pkey on sbtest4  (cost=0.43..8.45 rows=1 width=121)
	  Index Cond: (id = 2318998)

table 5 : explain SELECT c FROM sbtest5 WHERE id=2534372
	Index Scan using sbtest5_pkey on sbtest5  (cost=0.43..8.45 rows=1 width=121)
	  Index Cond: (id = 2534372)

table 6 : explain SELECT c FROM sbtest6 WHERE id=1570315
	Index Scan using sbtest6_pkey on sbtest6  (cost=0.43..8.45 rows=1 width=121)
	  Index Cond: (id = 1570315)

table 7 : explain SELECT c FROM sbtest7 WHERE id=7051807
	Index Scan using sbtest7_pkey on sbtest7  (cost=0.43..8.45 rows=1 width=121)
	  Index Cond: (id = 7051807)

table 8 : explain SELECT c FROM sbtest8 WHERE id=3632193
	Index Scan using sbtest8_pkey on sbtest8  (cost=0.43..8.45 rows=1 width=121)
	  Index Cond: (id = 3632193)

for: sum_ranges
table 1 : explain SELECT SUM(k) FROM sbtest1 WHERE id BETWEEN 7071677 AND 7081676
	Aggregate  (cost=36697.16..36697.17 rows=1 width=8)
	  ->  Bitmap Heap Scan on sbtest1  (cost=230.69..36670.27 rows=10757 width=4)
	        Recheck Cond: ((id >= 7071677) AND (id <= 7081676))
	        ->  Bitmap Index Scan on sbtest1_pkey  (cost=0.00..228.00 rows=10757 width=0)
	              Index Cond: ((id >= 7071677) AND (id <= 7081676))

table 2 : explain SELECT SUM(k) FROM sbtest2 WHERE id BETWEEN 3648211 AND 3658210
	Aggregate  (cost=34198.30..34198.31 rows=1 width=8)
	  ->  Bitmap Heap Scan on sbtest2  (cost=214.28..34173.46 rows=9936 width=4)
	        Recheck Cond: ((id >= 3648211) AND (id <= 3658210))
	        ->  Bitmap Index Scan on sbtest2_pkey  (cost=0.00..211.80 rows=9936 width=0)
	              Index Cond: ((id >= 3648211) AND (id <= 3658210))

table 3 : explain SELECT SUM(k) FROM sbtest3 WHERE id BETWEEN 1496575 AND 1506574
	Aggregate  (cost=35110.07..35110.08 rows=1 width=8)
	  ->  Bitmap Heap Scan on sbtest3  (cost=221.27..35084.50 rows=10228 width=4)
	        Recheck Cond: ((id >= 1496575) AND (id <= 1506574))
	        ->  Bitmap Index Scan on sbtest3_pkey  (cost=0.00..218.72 rows=10228 width=0)
	              Index Cond: ((id >= 1496575) AND (id <= 1506574))

table 4 : explain SELECT SUM(k) FROM sbtest4 WHERE id BETWEEN 7222183 AND 7232182
	Aggregate  (cost=34041.59..34041.60 rows=1 width=8)
	  ->  Bitmap Heap Scan on sbtest4  (cost=213.62..34016.91 rows=9872 width=4)
	        Recheck Cond: ((id >= 7222183) AND (id <= 7232182))
	        ->  Bitmap Index Scan on sbtest4_pkey  (cost=0.00..211.16 rows=9872 width=0)
	              Index Cond: ((id >= 7222183) AND (id <= 7232182))

table 5 : explain SELECT SUM(k) FROM sbtest5 WHERE id BETWEEN 5845482 AND 5855481
	Aggregate  (cost=36044.49..36044.50 rows=1 width=8)
	  ->  Bitmap Heap Scan on sbtest5  (cost=224.21..36018.20 rows=10515 width=4)
	        Recheck Cond: ((id >= 5845482) AND (id <= 5855481))
	        ->  Bitmap Index Scan on sbtest5_pkey  (cost=0.00..221.59 rows=10515 width=0)
	              Index Cond: ((id >= 5845482) AND (id <= 5855481))

table 6 : explain SELECT SUM(k) FROM sbtest6 WHERE id BETWEEN 7524219 AND 7534218
	Aggregate  (cost=32831.26..32831.27 rows=1 width=8)
	  ->  Bitmap Heap Scan on sbtest6  (cost=205.67..32807.54 rows=9486 width=4)
	        Recheck Cond: ((id >= 7524219) AND (id <= 7534218))
	        ->  Bitmap Index Scan on sbtest6_pkey  (cost=0.00..203.30 rows=9486 width=0)
	              Index Cond: ((id >= 7524219) AND (id <= 7534218))

table 7 : explain SELECT SUM(k) FROM sbtest7 WHERE id BETWEEN 1909619 AND 1919618
	Aggregate  (cost=34000.69..34000.70 rows=1 width=8)
	  ->  Bitmap Heap Scan on sbtest7  (cost=213.36..33976.08 rows=9846 width=4)
	        Recheck Cond: ((id >= 1909619) AND (id <= 1919618))
	        ->  Bitmap Index Scan on sbtest7_pkey  (cost=0.00..210.90 rows=9846 width=0)
	              Index Cond: ((id >= 1909619) AND (id <= 1919618))

table 8 : explain SELECT SUM(k) FROM sbtest8 WHERE id BETWEEN 1810530 AND 1820529
	Aggregate  (cost=32950.61..32950.62 rows=1 width=8)
	  ->  Bitmap Heap Scan on sbtest8  (cost=209.93..32926.83 rows=9512 width=4)
	        Recheck Cond: ((id >= 1810530) AND (id <= 1820529))
	        ->  Bitmap Index Scan on sbtest8_pkey  (cost=0.00..207.56 rows=9512 width=0)
	              Index Cond: ((id >= 1810530) AND (id <= 1820529))

for: distinct_ranges
table 1 : explain SELECT DISTINCT c FROM sbtest1 WHERE id BETWEEN 8032538 AND 8042537 ORDER BY c
	Unique  (cost=30782.44..30825.90 rows=8692 width=121)
	  ->  Sort  (cost=30782.44..30804.17 rows=8692 width=121)
	        Sort Key: c
	        ->  Bitmap Heap Scan on sbtest1  (cost=185.53..30213.74 rows=8692 width=121)
	              Recheck Cond: ((id >= 8032538) AND (id <= 8042537))
	              ->  Bitmap Index Scan on sbtest1_pkey  (cost=0.00..183.36 rows=8692 width=0)
	                    Index Cond: ((id >= 8032538) AND (id <= 8042537))

table 2 : explain SELECT DISTINCT c FROM sbtest2 WHERE id BETWEEN 1474040 AND 1484039 ORDER BY c
	Unique  (cost=39209.87..39266.47 rows=11320 width=121)
	  ->  Sort  (cost=39209.87..39238.17 rows=11320 width=121)
	        Sort Key: c
	        ->  Bitmap Heap Scan on sbtest2  (cost=244.47..38447.66 rows=11320 width=121)
	              Recheck Cond: ((id >= 1474040) AND (id <= 1484039))
	              ->  Bitmap Index Scan on sbtest2_pkey  (cost=0.00..241.63 rows=11320 width=0)
	                    Index Cond: ((id >= 1474040) AND (id <= 1484039))

table 3 : explain SELECT DISTINCT c FROM sbtest3 WHERE id BETWEEN 1458107 AND 1468106 ORDER BY c
	Unique  (cost=39694.50..39751.87 rows=11474 width=121)
	  ->  Sort  (cost=39694.50..39723.18 rows=11474 width=121)
	        Sort Key: c
	        ->  Bitmap Heap Scan on sbtest3  (cost=246.04..38920.80 rows=11474 width=121)
	              Recheck Cond: ((id >= 1458107) AND (id <= 1468106))
	              ->  Bitmap Index Scan on sbtest3_pkey  (cost=0.00..243.18 rows=11474 width=0)
	                    Index Cond: ((id >= 1458107) AND (id <= 1468106))

table 4 : explain SELECT DISTINCT c FROM sbtest4 WHERE id BETWEEN 638035 AND 648034 ORDER BY c
	Unique  (cost=33941.26..33989.48 rows=9645 width=121)
	  ->  Sort  (cost=33941.26..33965.37 rows=9645 width=121)
	        Sort Key: c
	        ->  Bitmap Heap Scan on sbtest4  (cost=207.30..33302.97 rows=9645 width=121)
	              Recheck Cond: ((id >= 638035) AND (id <= 648034))
	              ->  Bitmap Index Scan on sbtest4_pkey  (cost=0.00..204.88 rows=9645 width=0)
	                    Index Cond: ((id >= 638035) AND (id <= 648034))

table 5 : explain SELECT DISTINCT c FROM sbtest5 WHERE id BETWEEN 8028588 AND 8038587 ORDER BY c
	Unique  (cost=33740.15..33788.06 rows=9582 width=121)
	  ->  Sort  (cost=33740.15..33764.10 rows=9582 width=121)
	        Sort Key: c
	        ->  Bitmap Heap Scan on sbtest5  (cost=206.65..33106.48 rows=9582 width=121)
	              Recheck Cond: ((id >= 8028588) AND (id <= 8038587))
	              ->  Bitmap Index Scan on sbtest5_pkey  (cost=0.00..204.25 rows=9582 width=0)
	                    Index Cond: ((id >= 8028588) AND (id <= 8038587))

table 6 : explain SELECT DISTINCT c FROM sbtest6 WHERE id BETWEEN 311076 AND 321075 ORDER BY c
	Unique  (cost=31597.15..31641.75 rows=8919 width=121)
	  ->  Sort  (cost=31597.15..31619.45 rows=8919 width=121)
	        Sort Key: c
	        ->  Bitmap Heap Scan on sbtest6  (cost=191.85..31011.95 rows=8919 width=121)
	              Recheck Cond: ((id >= 311076) AND (id <= 321075))
	              ->  Bitmap Index Scan on sbtest6_pkey  (cost=0.00..189.62 rows=8919 width=0)
	                    Index Cond: ((id >= 311076) AND (id <= 321075))

table 7 : explain SELECT DISTINCT c FROM sbtest7 WHERE id BETWEEN 5813454 AND 5823453 ORDER BY c
	Unique  (cost=36310.70..36362.55 rows=10371 width=121)
	  ->  Sort  (cost=36310.70..36336.62 rows=10371 width=121)
	        Sort Key: c
	        ->  Bitmap Heap Scan on sbtest7  (cost=226.74..35618.94 rows=10371 width=121)
	              Recheck Cond: ((id >= 5813454) AND (id <= 5823453))
	              ->  Bitmap Index Scan on sbtest7_pkey  (cost=0.00..224.15 rows=10371 width=0)
	                    Index Cond: ((id >= 5813454) AND (id <= 5823453))

table 8 : explain SELECT DISTINCT c FROM sbtest8 WHERE id BETWEEN 7983866 AND 7993865 ORDER BY c
	Unique  (cost=36700.78..36753.24 rows=10493 width=121)
	  ->  Sort  (cost=36700.78..36727.01 rows=10493 width=121)
	        Sort Key: c
	        ->  Bitmap Heap Scan on sbtest8  (cost=231.99..36000.00 rows=10493 width=121)
	              Recheck Cond: ((id >= 7983866) AND (id <= 7993865))
	              ->  Bitmap Index Scan on sbtest8_pkey  (cost=0.00..229.37 rows=10493 width=0)
	                    Index Cond: ((id >= 7983866) AND (id <= 7993865))

explain: for point_selects :: explain SELECT c FROM sbtest%u WHERE id=%u
for point_selects
table 1 : explain SELECT c FROM sbtest1 WHERE id=2371199
	Index Scan using sbtest1_pkey on sbtest1  (cost=0.43..8.45 rows=1 width=121)
	  Index Cond: (id = 2371199)

table 2 : explain SELECT c FROM sbtest2 WHERE id=9954562
	Index Scan using sbtest2_pkey on sbtest2  (cost=0.43..8.45 rows=1 width=121)
	  Index Cond: (id = 9954562)

table 3 : explain SELECT c FROM sbtest3 WHERE id=8454028
	Index Scan using sbtest3_pkey on sbtest3  (cost=0.43..8.45 rows=1 width=121)
	  Index Cond: (id = 8454028)

table 4 : explain SELECT c FROM sbtest4 WHERE id=7770120
	Index Scan using sbtest4_pkey on sbtest4  (cost=0.43..8.45 rows=1 width=121)
	  Index Cond: (id = 7770120)

table 5 : explain SELECT c FROM sbtest5 WHERE id=1363310
	Index Scan using sbtest5_pkey on sbtest5  (cost=0.43..8.45 rows=1 width=121)
	  Index Cond: (id = 1363310)

table 6 : explain SELECT c FROM sbtest6 WHERE id=5811732
	Index Scan using sbtest6_pkey on sbtest6  (cost=0.43..8.45 rows=1 width=121)
	  Index Cond: (id = 5811732)

table 7 : explain SELECT c FROM sbtest7 WHERE id=1701546
	Index Scan using sbtest7_pkey on sbtest7  (cost=0.43..8.45 rows=1 width=121)
	  Index Cond: (id = 1701546)

table 8 : explain SELECT c FROM sbtest8 WHERE id=7998279
	Index Scan using sbtest8_pkey on sbtest8  (cost=0.43..8.45 rows=1 width=121)
	  Index Cond: (id = 7998279)

for: distinct_ranges
table 1 : explain SELECT DISTINCT c FROM sbtest1 WHERE id BETWEEN 5314943 AND 5324942 ORDER BY c
	Unique  (cost=30672.34..30715.63 rows=8658 width=121)
	  ->  Sort  (cost=30672.34..30693.98 rows=8658 width=121)
	        Sort Key: c
	        ->  Bitmap Heap Scan on sbtest1  (cost=185.18..30106.11 rows=8658 width=121)
	              Recheck Cond: ((id >= 5314943) AND (id <= 5324942))
	              ->  Bitmap Index Scan on sbtest1_pkey  (cost=0.00..183.01 rows=8658 width=0)
	                    Index Cond: ((id >= 5314943) AND (id <= 5324942))

table 2 : explain SELECT DISTINCT c FROM sbtest2 WHERE id BETWEEN 5136142 AND 5146141 ORDER BY c
	Unique  (cost=35638.05..35688.99 rows=10189 width=121)
	  ->  Sort  (cost=35638.05..35663.52 rows=10189 width=121)
	        Sort Key: c
	        ->  Bitmap Heap Scan on sbtest2  (cost=216.87..34959.73 rows=10189 width=121)
	              Recheck Cond: ((id >= 5136142) AND (id <= 5146141))
	              ->  Bitmap Index Scan on sbtest2_pkey  (cost=0.00..214.32 rows=10189 width=0)
	                    Index Cond: ((id >= 5136142) AND (id <= 5146141))

table 3 : explain SELECT DISTINCT c FROM sbtest3 WHERE id BETWEEN 7258229 AND 7268228 ORDER BY c
	Unique  (cost=37941.74..37996.32 rows=10916 width=121)
	  ->  Sort  (cost=37941.74..37969.03 rows=10916 width=121)
	        Sort Key: c
	        ->  Bitmap Heap Scan on sbtest3  (cost=232.32..37209.60 rows=10916 width=121)
	              Recheck Cond: ((id >= 7258229) AND (id <= 7268228))
	              ->  Bitmap Index Scan on sbtest3_pkey  (cost=0.00..229.59 rows=10916 width=0)
	                    Index Cond: ((id >= 7258229) AND (id <= 7268228))

table 4 : explain SELECT DISTINCT c FROM sbtest4 WHERE id BETWEEN 8555679 AND 8565678 ORDER BY c
	Unique  (cost=38785.88..38841.72 rows=11169 width=121)
	  ->  Sort  (cost=38785.88..38813.80 rows=11169 width=121)
	        Sort Key: c
	        ->  Bitmap Heap Scan on sbtest4  (cost=238.92..38034.92 rows=11169 width=121)
	              Recheck Cond: ((id >= 8555679) AND (id <= 8565678))
	              ->  Bitmap Index Scan on sbtest4_pkey  (cost=0.00..236.12 rows=11169 width=0)
	                    Index Cond: ((id >= 8555679) AND (id <= 8565678))

table 5 : explain SELECT DISTINCT c FROM sbtest5 WHERE id BETWEEN 5280633 AND 5290632 ORDER BY c
	Unique  (cost=32355.65..32401.42 rows=9153 width=121)
	  ->  Sort  (cost=32355.65..32378.53 rows=9153 width=121)
	        Sort Key: c
	        ->  Bitmap Heap Scan on sbtest5  (cost=198.25..31753.38 rows=9153 width=121)
	              Recheck Cond: ((id >= 5280633) AND (id <= 5290632))
	              ->  Bitmap Index Scan on sbtest5_pkey  (cost=0.00..195.97 rows=9153 width=0)
	                    Index Cond: ((id >= 5280633) AND (id <= 5290632))

table 6 : explain SELECT DISTINCT c FROM sbtest6 WHERE id BETWEEN 4819221 AND 4829220 ORDER BY c
	Unique  (cost=32703.38..32749.68 rows=9260 width=121)
	  ->  Sort  (cost=32703.38..32726.53 rows=9260 width=121)
	        Sort Key: c
	        ->  Bitmap Heap Scan on sbtest6  (cost=199.35..32093.30 rows=9260 width=121)
	              Recheck Cond: ((id >= 4819221) AND (id <= 4829220))
	              ->  Bitmap Index Scan on sbtest6_pkey  (cost=0.00..197.04 rows=9260 width=0)
	                    Index Cond: ((id >= 4819221) AND (id <= 4829220))

table 7 : explain SELECT DISTINCT c FROM sbtest7 WHERE id BETWEEN 3757153 AND 3767152 ORDER BY c
	Unique  (cost=35161.31..35211.37 rows=10011 width=121)
	  ->  Sort  (cost=35161.31..35186.34 rows=10011 width=121)
	        Sort Key: c
	        ->  Bitmap Heap Scan on sbtest7  (cost=219.05..34496.12 rows=10011 width=121)
	              Recheck Cond: ((id >= 3757153) AND (id <= 3767152))
	              ->  Bitmap Index Scan on sbtest7_pkey  (cost=0.00..216.55 rows=10011 width=0)
	                    Index Cond: ((id >= 3757153) AND (id <= 3767152))

table 8 : explain SELECT DISTINCT c FROM sbtest8 WHERE id BETWEEN 5428874 AND 5438873 ORDER BY c
	Unique  (cost=34790.64..34840.12 rows=9896 width=121)
	  ->  Sort  (cost=34790.64..34815.38 rows=9896 width=121)
	        Sort Key: c
	        ->  Bitmap Heap Scan on sbtest8  (cost=217.87..34133.91 rows=9896 width=121)
	              Recheck Cond: ((id >= 5428874) AND (id <= 5438873))
	              ->  Bitmap Index Scan on sbtest8_pkey  (cost=0.00..215.40 rows=9896 width=0)
	                    Index Cond: ((id >= 5428874) AND (id <= 5438873))

explain: for point_selects :: explain SELECT c FROM sbtest%u WHERE id=%u
for: distinct_ranges
table 1 : explain SELECT DISTINCT c FROM sbtest1 WHERE id BETWEEN 1654644 AND 1664643 ORDER BY c
	Unique  (cost=32316.95..32362.78 rows=9165 width=121)
	  ->  Sort  (cost=32316.95..32339.87 rows=9165 width=121)
	        Sort Key: c
	        ->  Bitmap Heap Scan on sbtest1  (cost=198.38..31713.81 rows=9165 width=121)
	              Recheck Cond: ((id >= 1654644) AND (id <= 1664643))
	              ->  Bitmap Index Scan on sbtest1_pkey  (cost=0.00..196.09 rows=9165 width=0)
	                    Index Cond: ((id >= 1654644) AND (id <= 1664643))

table 2 : explain SELECT DISTINCT c FROM sbtest2 WHERE id BETWEEN 2619514 AND 2629513 ORDER BY c
	Unique  (cost=33479.99..33527.56 rows=9514 width=121)
	  ->  Sort  (cost=33479.99..33503.77 rows=9514 width=121)
	        Sort Key: c
	        ->  Bitmap Heap Scan on sbtest2  (cost=205.95..32851.31 rows=9514 width=121)
	              Recheck Cond: ((id >= 2619514) AND (id <= 2629513))
	              ->  Bitmap Index Scan on sbtest2_pkey  (cost=0.00..203.57 rows=9514 width=0)
	                    Index Cond: ((id >= 2619514) AND (id <= 2629513))

table 3 : explain SELECT DISTINCT c FROM sbtest3 WHERE id BETWEEN 3060721 AND 3070720 ORDER BY c
	Unique  (cost=33511.72..33559.33 rows=9523 width=121)
	  ->  Sort  (cost=33511.72..33535.53 rows=9523 width=121)
	        Sort Key: c
	        ->  Bitmap Heap Scan on sbtest3  (cost=206.05..32882.38 rows=9523 width=121)
	              Recheck Cond: ((id >= 3060721) AND (id <= 3070720))
	              ->  Bitmap Index Scan on sbtest3_pkey  (cost=0.00..203.67 rows=9523 width=0)
	                    Index Cond: ((id >= 3060721) AND (id <= 3070720))

table 4 : explain SELECT DISTINCT c FROM sbtest4 WHERE id BETWEEN 9174082 AND 9184081 ORDER BY c
	Unique  (cost=35762.18..35813.24 rows=10213 width=121)
	  ->  Sort  (cost=35762.18..35787.71 rows=10213 width=121)
	        Sort Key: c
	        ->  Bitmap Heap Scan on sbtest4  (cost=221.12..35082.09 rows=10213 width=121)
	              Recheck Cond: ((id >= 9174082) AND (id <= 9184081))
	              ->  Bitmap Index Scan on sbtest4_pkey  (cost=0.00..218.56 rows=10213 width=0)
	                    Index Cond: ((id >= 9174082) AND (id <= 9184081))

table 5 : explain SELECT DISTINCT c FROM sbtest5 WHERE id BETWEEN 1880259 AND 1890258 ORDER BY c
	Unique  (cost=34206.39..34255.03 rows=9727 width=121)
	  ->  Sort  (cost=34206.39..34230.71 rows=9727 width=121)
	        Sort Key: c
	        ->  Bitmap Heap Scan on sbtest5  (cost=208.14..33562.09 rows=9727 width=121)
	              Recheck Cond: ((id >= 1880259) AND (id <= 1890258))
	              ->  Bitmap Index Scan on sbtest5_pkey  (cost=0.00..205.70 rows=9727 width=0)
	                    Index Cond: ((id >= 1880259) AND (id <= 1890258))

table 6 : explain SELECT DISTINCT c FROM sbtest6 WHERE id BETWEEN 8055473 AND 8065472 ORDER BY c
	Unique  (cost=33214.67..33261.77 rows=9419 width=121)
	  ->  Sort  (cost=33214.67..33238.22 rows=9419 width=121)
	        Sort Key: c
	        ->  Bitmap Heap Scan on sbtest6  (cost=200.98..32592.95 rows=9419 width=121)
	              Recheck Cond: ((id >= 8055473) AND (id <= 8065472))
	              ->  Bitmap Index Scan on sbtest6_pkey  (cost=0.00..198.62 rows=9419 width=0)
	                    Index Cond: ((id >= 8055473) AND (id <= 8065472))

table 7 : explain SELECT DISTINCT c FROM sbtest7 WHERE id BETWEEN 6702821 AND 6712820 ORDER BY c
	Unique  (cost=32328.12..32373.79 rows=9134 width=121)
	  ->  Sort  (cost=32328.12..32350.95 rows=9134 width=121)
	        Sort Key: c
	        ->  Bitmap Heap Scan on sbtest7  (cost=198.06..31727.24 rows=9134 width=121)
	              Recheck Cond: ((id >= 6702821) AND (id <= 6712820))
	              ->  Bitmap Index Scan on sbtest7_pkey  (cost=0.00..195.78 rows=9134 width=0)
	                    Index Cond: ((id >= 6702821) AND (id <= 6712820))

table 8 : explain SELECT DISTINCT c FROM sbtest8 WHERE id BETWEEN 5144203 AND 5154202 ORDER BY c
	Unique  (cost=33787.46..33835.38 rows=9584 width=121)
	  ->  Sort  (cost=33787.46..33811.42 rows=9584 width=121)
	        Sort Key: c
	        ->  Bitmap Heap Scan on sbtest8  (cost=210.67..33153.65 rows=9584 width=121)
	              Recheck Cond: ((id >= 5144203) AND (id <= 5154202))
	              ->  Bitmap Index Scan on sbtest8_pkey  (cost=0.00..208.28 rows=9584 width=0)
	                    Index Cond: ((id >= 5144203) AND (id <= 5154202))

for point_selects
table 1 : explain SELECT c FROM sbtest1 WHERE id=105781
	Index Scan using sbtest1_pkey on sbtest1  (cost=0.43..8.45 rows=1 width=121)
	  Index Cond: (id = 105781)

table 2 : explain SELECT c FROM sbtest2 WHERE id=9824826
	Index Scan using sbtest2_pkey on sbtest2  (cost=0.43..8.45 rows=1 width=121)
	  Index Cond: (id = 9824826)

table 3 : explain SELECT c FROM sbtest3 WHERE id=6378520
	Index Scan using sbtest3_pkey on sbtest3  (cost=0.43..8.45 rows=1 width=121)
	  Index Cond: (id = 6378520)

table 4 : explain SELECT c FROM sbtest4 WHERE id=389185
	Index Scan using sbtest4_pkey on sbtest4  (cost=0.43..8.45 rows=1 width=121)
	  Index Cond: (id = 389185)

table 5 : explain SELECT c FROM sbtest5 WHERE id=3454686
	Index Scan using sbtest5_pkey on sbtest5  (cost=0.43..8.45 rows=1 width=121)
	  Index Cond: (id = 3454686)

table 6 : explain SELECT c FROM sbtest6 WHERE id=8306771
	Index Scan using sbtest6_pkey on sbtest6  (cost=0.43..8.45 rows=1 width=121)
	  Index Cond: (id = 8306771)

table 7 : explain SELECT c FROM sbtest7 WHERE id=9936839
	Index Scan using sbtest7_pkey on sbtest7  (cost=0.43..8.45 rows=1 width=121)
	  Index Cond: (id = 9936839)

table 8 : explain SELECT c FROM sbtest8 WHERE id=9357437
	Index Scan using sbtest8_pkey on sbtest8  (cost=0.43..8.45 rows=1 width=121)
	  Index Cond: (id = 9357437)

for: distinct_ranges
table 1 : explain SELECT DISTINCT c FROM sbtest1 WHERE id BETWEEN 3478992 AND 3488991 ORDER BY c
	Unique  (cost=32817.20..32863.81 rows=9321 width=121)
	  ->  Sort  (cost=32817.20..32840.50 rows=9321 width=121)
	        Sort Key: c
	        ->  Bitmap Heap Scan on sbtest1  (cost=199.98..32202.66 rows=9321 width=121)
	              Recheck Cond: ((id >= 3478992) AND (id <= 3488991))
	              ->  Bitmap Index Scan on sbtest1_pkey  (cost=0.00..197.65 rows=9321 width=0)
	                    Index Cond: ((id >= 3478992) AND (id <= 3488991))

table 2 : explain SELECT DISTINCT c FROM sbtest2 WHERE id BETWEEN 3996329 AND 4006328 ORDER BY c
	Unique  (cost=36392.26..36444.39 rows=10426 width=121)
	  ->  Sort  (cost=36392.26..36418.33 rows=10426 width=121)
	        Sort Key: c
	        ->  Bitmap Heap Scan on sbtest2  (cost=223.30..35696.44 rows=10426 width=121)
	              Recheck Cond: ((id >= 3996329) AND (id <= 4006328))
	              ->  Bitmap Index Scan on sbtest2_pkey  (cost=0.00..220.69 rows=10426 width=0)
	                    Index Cond: ((id >= 3996329) AND (id <= 4006328))

table 3 : explain SELECT DISTINCT c FROM sbtest3 WHERE id BETWEEN 3028483 AND 3038482 ORDER BY c
	Unique  (cost=33511.72..33559.33 rows=9523 width=121)
	  ->  Sort  (cost=33511.72..33535.53 rows=9523 width=121)
	        Sort Key: c
	        ->  Bitmap Heap Scan on sbtest3  (cost=206.05..32882.38 rows=9523 width=121)
	              Recheck Cond: ((id >= 3028483) AND (id <= 3038482))
	              ->  Bitmap Index Scan on sbtest3_pkey  (cost=0.00..203.67 rows=9523 width=0)
	                    Index Cond: ((id >= 3028483) AND (id <= 3038482))

table 4 : explain SELECT DISTINCT c FROM sbtest4 WHERE id BETWEEN 2944861 AND 2954860 ORDER BY c
	Unique  (cost=36827.78..36880.53 rows=10549 width=121)
	  ->  Sort  (cost=36827.78..36854.16 rows=10549 width=121)
	        Sort Key: c
	        ->  Bitmap Heap Scan on sbtest4  (cost=224.56..36122.86 rows=10549 width=121)
	              Recheck Cond: ((id >= 2944861) AND (id <= 2954860))
	              ->  Bitmap Index Scan on sbtest4_pkey  (cost=0.00..221.93 rows=10549 width=0)
	                    Index Cond: ((id >= 2944861) AND (id <= 2954860))

table 5 : explain SELECT DISTINCT c FROM sbtest5 WHERE id BETWEEN 9311437 AND 9321436 ORDER BY c
	Unique  (cost=36878.38..36931.19 rows=10563 width=121)
	  ->  Sort  (cost=36878.38..36904.79 rows=10563 width=121)
	        Sort Key: c
	        ->  Bitmap Heap Scan on sbtest5  (cost=228.71..36172.41 rows=10563 width=121)
	              Recheck Cond: ((id >= 9311437) AND (id <= 9321436))
	              ->  Bitmap Index Scan on sbtest5_pkey  (cost=0.00..226.06 rows=10563 width=0)
	                    Index Cond: ((id >= 9311437) AND (id <= 9321436))

table 6 : explain SELECT DISTINCT c FROM sbtest6 WHERE id BETWEEN 6822135 AND 6832134 ORDER BY c
	Unique  (cost=34852.88..34902.52 rows=9928 width=121)
	  ->  Sort  (cost=34852.88..34877.70 rows=9928 width=121)
	        Sort Key: c
	        ->  Bitmap Heap Scan on sbtest6  (cost=214.20..34193.80 rows=9928 width=121)
	              Recheck Cond: ((id >= 6822135) AND (id <= 6832134))
	              ->  Bitmap Index Scan on sbtest6_pkey  (cost=0.00..211.72 rows=9928 width=0)
	                    Index Cond: ((id >= 6822135) AND (id <= 6832134))

table 7 : explain SELECT DISTINCT c FROM sbtest7 WHERE id BETWEEN 4105391 AND 4115390 ORDER BY c
	Unique  (cost=36589.74..36642.03 rows=10459 width=121)
	  ->  Sort  (cost=36589.74..36615.89 rows=10459 width=121)
	        Sort Key: c
	        ->  Bitmap Heap Scan on sbtest7  (cost=227.64..35891.47 rows=10459 width=121)
	              Recheck Cond: ((id >= 4105391) AND (id <= 4115390))
	              ->  Bitmap Index Scan on sbtest7_pkey  (cost=0.00..225.03 rows=10459 width=0)
	                    Index Cond: ((id >= 4105391) AND (id <= 4115390))

table 8 : explain SELECT DISTINCT c FROM sbtest8 WHERE id BETWEEN 3863114 AND 3873113 ORDER BY c
	Unique  (cost=33179.50..33226.48 rows=9396 width=121)
	  ->  Sort  (cost=33179.50..33202.99 rows=9396 width=121)
	        Sort Key: c
	        ->  Bitmap Heap Scan on sbtest8  (cost=204.74..32559.47 rows=9396 width=121)
	              Recheck Cond: ((id >= 3863114) AND (id <= 3873113))
	              ->  Bitmap Index Scan on sbtest8_pkey  (cost=0.00..202.40 rows=9396 width=0)
	                    Index Cond: ((id >= 3863114) AND (id <= 3873113))

for: simple_ranges
table 1 : explain SELECT c FROM sbtest1 WHERE id BETWEEN 7781966 AND 7791965
	Bitmap Heap Scan on sbtest1  (cost=222.75..35481.87 rows=10372 width=121)
	  Recheck Cond: ((id >= 7781966) AND (id <= 7791965))
	  ->  Bitmap Index Scan on sbtest1_pkey  (cost=0.00..220.16 rows=10372 width=0)
	        Index Cond: ((id >= 7781966) AND (id <= 7791965))

table 2 : explain SELECT c FROM sbtest2 WHERE id BETWEEN 3677090 AND 3687089
	Bitmap Heap Scan on sbtest2  (cost=200.30..32342.68 rows=9353 width=121)
	  Recheck Cond: ((id >= 3677090) AND (id <= 3687089))
	  ->  Bitmap Index Scan on sbtest2_pkey  (cost=0.00..197.97 rows=9353 width=0)
	        Index Cond: ((id >= 3677090) AND (id <= 3687089))

table 3 : explain SELECT c FROM sbtest3 WHERE id BETWEEN 2339808 AND 2349807
	Bitmap Heap Scan on sbtest3  (cost=199.84..32205.32 rows=9308 width=121)
	  Recheck Cond: ((id >= 2339808) AND (id <= 2349807))
	  ->  Bitmap Index Scan on sbtest3_pkey  (cost=0.00..197.51 rows=9308 width=0)
	        Index Cond: ((id >= 2339808) AND (id <= 2349807))

table 4 : explain SELECT c FROM sbtest4 WHERE id BETWEEN 5911280 AND 5921279
	Bitmap Heap Scan on sbtest4  (cost=232.49..37306.60 rows=10932 width=121)
	  Recheck Cond: ((id >= 5911280) AND (id <= 5921279))
	  ->  Bitmap Index Scan on sbtest4_pkey  (cost=0.00..229.75 rows=10932 width=0)
	        Index Cond: ((id >= 5911280) AND (id <= 5921279))

table 5 : explain SELECT c FROM sbtest5 WHERE id BETWEEN 9590919 AND 9600918
	Bitmap Heap Scan on sbtest5  (cost=208.97..33813.78 rows=9808 width=121)
	  Recheck Cond: ((id >= 9590919) AND (id <= 9600918))
	  ->  Bitmap Index Scan on sbtest5_pkey  (cost=0.00..206.51 rows=9808 width=0)
	        Index Cond: ((id >= 9590919) AND (id <= 9600918))

table 6 : explain SELECT c FROM sbtest6 WHERE id BETWEEN 2802402 AND 2812401
	Bitmap Heap Scan on sbtest6  (cost=208.24..33593.26 rows=9737 width=121)
	  Recheck Cond: ((id >= 2802402) AND (id <= 2812401))
	  ->  Bitmap Index Scan on sbtest6_pkey  (cost=0.00..205.81 rows=9737 width=0)
	        Index Cond: ((id >= 2802402) AND (id <= 2812401))

table 7 : explain SELECT c FROM sbtest7 WHERE id BETWEEN 3118492 AND 3128491
	Bitmap Heap Scan on sbtest7  (cost=219.73..34705.46 rows=10078 width=121)
	  Recheck Cond: ((id >= 3118492) AND (id <= 3128491))
	  ->  Bitmap Index Scan on sbtest7_pkey  (cost=0.00..217.22 rows=10078 width=0)
	        Index Cond: ((id >= 3118492) AND (id <= 3128491))

table 8 : explain SELECT c FROM sbtest8 WHERE id BETWEEN 5636743 AND 5646742
	Bitmap Heap Scan on sbtest8  (cost=203.57..32195.61 rows=9281 width=121)
	  Recheck Cond: ((id >= 5636743) AND (id <= 5646742))
	  ->  Bitmap Index Scan on sbtest8_pkey  (cost=0.00..201.25 rows=9281 width=0)
	        Index Cond: ((id >= 5636743) AND (id <= 5646742))

explain: for point_selects :: explain SELECT c FROM sbtest%u WHERE id=%u
for point_selects
table 1 : explain SELECT c FROM sbtest1 WHERE id=8112417
	Index Scan using sbtest1_pkey on sbtest1  (cost=0.43..8.45 rows=1 width=121)
	  Index Cond: (id = 8112417)

table 2 : explain SELECT c FROM sbtest2 WHERE id=3207404
	Index Scan using sbtest2_pkey on sbtest2  (cost=0.43..8.45 rows=1 width=121)
	  Index Cond: (id = 3207404)

table 3 : explain SELECT c FROM sbtest3 WHERE id=4070939
	Index Scan using sbtest3_pkey on sbtest3  (cost=0.43..8.45 rows=1 width=121)
	  Index Cond: (id = 4070939)

table 4 : explain SELECT c FROM sbtest4 WHERE id=1269106
	Index Scan using sbtest4_pkey on sbtest4  (cost=0.43..8.45 rows=1 width=121)
	  Index Cond: (id = 1269106)

table 5 : explain SELECT c FROM sbtest5 WHERE id=6171035
	Index Scan using sbtest5_pkey on sbtest5  (cost=0.43..8.45 rows=1 width=121)
	  Index Cond: (id = 6171035)

table 6 : explain SELECT c FROM sbtest6 WHERE id=5954607
	Index Scan using sbtest6_pkey on sbtest6  (cost=0.43..8.45 rows=1 width=121)
	  Index Cond: (id = 5954607)

table 7 : explain SELECT c FROM sbtest7 WHERE id=5447603
	Index Scan using sbtest7_pkey on sbtest7  (cost=0.43..8.45 rows=1 width=121)
	  Index Cond: (id = 5447603)

table 8 : explain SELECT c FROM sbtest8 WHERE id=7880891
	Index Scan using sbtest8_pkey on sbtest8  (cost=0.43..8.45 rows=1 width=121)
	  Index Cond: (id = 7880891)

for: sum_ranges
table 1 : explain SELECT SUM(k) FROM sbtest1 WHERE id BETWEEN 7820302 AND 7830301
	Aggregate  (cost=35507.80..35507.81 rows=1 width=8)
	  ->  Bitmap Heap Scan on sbtest1  (cost=222.75..35481.87 rows=10372 width=4)
	        Recheck Cond: ((id >= 7820302) AND (id <= 7830301))
	        ->  Bitmap Index Scan on sbtest1_pkey  (cost=0.00..220.16 rows=10372 width=0)
	              Index Cond: ((id >= 7820302) AND (id <= 7830301))

table 2 : explain SELECT SUM(k) FROM sbtest2 WHERE id BETWEEN 6857394 AND 6867393
	Aggregate  (cost=32307.71..32307.72 rows=1 width=8)
	  ->  Bitmap Heap Scan on sbtest2  (cost=200.11..32284.38 rows=9334 width=4)
	        Recheck Cond: ((id >= 6857394) AND (id <= 6867393))
	        ->  Bitmap Index Scan on sbtest2_pkey  (cost=0.00..197.78 rows=9334 width=0)
	              Index Cond: ((id >= 6857394) AND (id <= 6867393))

table 3 : explain SELECT SUM(k) FROM sbtest3 WHERE id BETWEEN 3184373 AND 3194372
	Aggregate  (cost=36114.65..36114.66 rows=1 width=8)
	  ->  Bitmap Heap Scan on sbtest3  (cost=224.60..36088.26 rows=10553 width=4)
	        Recheck Cond: ((id >= 3184373) AND (id <= 3194372))
	        ->  Bitmap Index Scan on sbtest3_pkey  (cost=0.00..221.97 rows=10553 width=0)
	              Index Cond: ((id >= 3184373) AND (id <= 3194372))

table 4 : explain SELECT SUM(k) FROM sbtest4 WHERE id BETWEEN 1709543 AND 1719542
	Aggregate  (cost=33611.53..33611.54 rows=1 width=8)
	  ->  Bitmap Heap Scan on sbtest4  (cost=208.23..33587.19 rows=9736 width=4)
	        Recheck Cond: ((id >= 1709543) AND (id <= 1719542))
	        ->  Bitmap Index Scan on sbtest4_pkey  (cost=0.00..205.80 rows=9736 width=0)
	              Index Cond: ((id >= 1709543) AND (id <= 1719542))

table 5 : explain SELECT SUM(k) FROM sbtest5 WHERE id BETWEEN 8470101 AND 8480100
	Aggregate  (cost=31397.71..31397.72 rows=1 width=8)
	  ->  Bitmap Heap Scan on sbtest5  (cost=193.03..31375.12 rows=9034 width=4)
	        Recheck Cond: ((id >= 8470101) AND (id <= 8480100))
	        ->  Bitmap Index Scan on sbtest5_pkey  (cost=0.00..190.78 rows=9034 width=0)
	              Index Cond: ((id >= 8470101) AND (id <= 8480100))

table 6 : explain SELECT SUM(k) FROM sbtest6 WHERE id BETWEEN 2185449 AND 2195448
	Aggregate  (cost=35989.23..35989.24 rows=1 width=8)
	  ->  Bitmap Heap Scan on sbtest6  (cost=224.02..35962.99 rows=10496 width=4)
	        Recheck Cond: ((id >= 2185449) AND (id <= 2195448))
	        ->  Bitmap Index Scan on sbtest6_pkey  (cost=0.00..221.40 rows=10496 width=0)
	              Index Cond: ((id >= 2185449) AND (id <= 2195448))

table 7 : explain SELECT SUM(k) FROM sbtest7 WHERE id BETWEEN 6887095 AND 6897094
	Aggregate  (cost=32733.42..32733.43 rows=1 width=8)
	  ->  Bitmap Heap Scan on sbtest7  (cost=205.24..32709.81 rows=9444 width=4)
	        Recheck Cond: ((id >= 6887095) AND (id <= 6897094))
	        ->  Bitmap Index Scan on sbtest7_pkey  (cost=0.00..202.88 rows=9444 width=0)
	              Index Cond: ((id >= 6887095) AND (id <= 6897094))

table 8 : explain SELECT SUM(k) FROM sbtest8 WHERE id BETWEEN 8233961 AND 8243960
	Aggregate  (cost=37644.06..37644.07 rows=1 width=8)
	  ->  Bitmap Heap Scan on sbtest8  (cost=241.35..37616.52 rows=11016 width=4)
	        Recheck Cond: ((id >= 8233961) AND (id <= 8243960))
	        ->  Bitmap Index Scan on sbtest8_pkey  (cost=0.00..238.59 rows=11016 width=0)
	              Index Cond: ((id >= 8233961) AND (id <= 8243960))

for: order_ranges
table 1 : explain SELECT c FROM sbtest1 WHERE id BETWEEN 1923795 AND 1933794 ORDER BY c
	Sort  (cost=33581.26..33605.15 rows=9558 width=121)
	  Sort Key: c
	  ->  Bitmap Heap Scan on sbtest1  (cost=206.40..32949.36 rows=9558 width=121)
	        Recheck Cond: ((id >= 1923795) AND (id <= 1933794))
	        ->  Bitmap Index Scan on sbtest1_pkey  (cost=0.00..204.01 rows=9558 width=0)
	              Index Cond: ((id >= 1923795) AND (id <= 1933794))

table 2 : explain SELECT c FROM sbtest2 WHERE id BETWEEN 9926095 AND 9936094 ORDER BY c
	Sort  (cost=34961.40..34986.34 rows=9976 width=121)
	  Sort Key: c
	  ->  Bitmap Heap Scan on sbtest2  (cost=214.69..34298.78 rows=9976 width=121)
	        Recheck Cond: ((id >= 9926095) AND (id <= 9936094))
	        ->  Bitmap Index Scan on sbtest2_pkey  (cost=0.00..212.19 rows=9976 width=0)
	              Index Cond: ((id >= 9926095) AND (id <= 9936094))

table 3 : explain SELECT c FROM sbtest3 WHERE id BETWEEN 6605012 AND 6615011 ORDER BY c
	Sort  (cost=34552.09..34576.71 rows=9847 width=121)
	  Sort Key: c
	  ->  Bitmap Heap Scan on sbtest3  (cost=213.37..33898.97 rows=9847 width=121)
	        Recheck Cond: ((id >= 6605012) AND (id <= 6615011))
	        ->  Bitmap Index Scan on sbtest3_pkey  (cost=0.00..210.91 rows=9847 width=0)
	              Index Cond: ((id >= 6605012) AND (id <= 6615011))

table 4 : explain SELECT c FROM sbtest4 WHERE id BETWEEN 7417245 AND 7427244 ORDER BY c
	Sort  (cost=33673.19..33697.09 rows=9561 width=121)
	  Sort Key: c
	  ->  Bitmap Heap Scan on sbtest4  (cost=206.44..33041.06 rows=9561 width=121)
	        Recheck Cond: ((id >= 7417245) AND (id <= 7427244))
	        ->  Bitmap Index Scan on sbtest4_pkey  (cost=0.00..204.05 rows=9561 width=0)
	              Index Cond: ((id >= 7417245) AND (id <= 7427244))

table 5 : explain SELECT c FROM sbtest5 WHERE id BETWEEN 6309122 AND 6319121 ORDER BY c
	Sort  (cost=32887.46..32910.76 rows=9318 width=121)
	  Sort Key: c
	  ->  Bitmap Heap Scan on sbtest5  (cost=199.94..32273.14 rows=9318 width=121)
	        Recheck Cond: ((id >= 6309122) AND (id <= 6319121))
	        ->  Bitmap Index Scan on sbtest5_pkey  (cost=0.00..197.62 rows=9318 width=0)
	              Index Cond: ((id >= 6309122) AND (id <= 6319121))

table 6 : explain SELECT c FROM sbtest6 WHERE id BETWEEN 7996909 AND 8006908 ORDER BY c
	Sort  (cost=32037.27..32059.91 rows=9055 width=121)
	  Sort Key: c
	  ->  Bitmap Heap Scan on sbtest6  (cost=193.25..31442.15 rows=9055 width=121)
	        Recheck Cond: ((id >= 7996909) AND (id <= 8006908))
	        ->  Bitmap Index Scan on sbtest6_pkey  (cost=0.00..190.99 rows=9055 width=0)
	              Index Cond: ((id >= 7996909) AND (id <= 8006908))

table 7 : explain SELECT c FROM sbtest7 WHERE id BETWEEN 1654204 AND 1664203 ORDER BY c
	Sort  (cost=32724.35..32747.49 rows=9256 width=121)
	  Sort Key: c
	  ->  Bitmap Heap Scan on sbtest7  (cost=199.31..32114.56 rows=9256 width=121)
	        Recheck Cond: ((id >= 1654204) AND (id <= 1664203))
	        ->  Bitmap Index Scan on sbtest7_pkey  (cost=0.00..197.00 rows=9256 width=0)
	              Index Cond: ((id >= 1654204) AND (id <= 1664203))

table 8 : explain SELECT c FROM sbtest8 WHERE id BETWEEN 1902138 AND 1912137 ORDER BY c
	Sort  (cost=34002.81..34026.94 rows=9651 width=121)
	  Sort Key: c
	  ->  Bitmap Heap Scan on sbtest8  (cost=211.36..33364.08 rows=9651 width=121)
	        Recheck Cond: ((id >= 1902138) AND (id <= 1912137))
	        ->  Bitmap Index Scan on sbtest8_pkey  (cost=0.00..208.94 rows=9651 width=0)
	              Index Cond: ((id >= 1902138) AND (id <= 1912137))

for: order_ranges
table 1 : explain SELECT c FROM sbtest1 WHERE id BETWEEN 8330766 AND 8340765 ORDER BY c
	Sort  (cost=37211.62..37238.37 rows=10700 width=121)
	  Sort Key: c
	  ->  Bitmap Heap Scan on sbtest1  (cost=230.11..36495.51 rows=10700 width=121)
	        Recheck Cond: ((id >= 8330766) AND (id <= 8340765))
	        ->  Bitmap Index Scan on sbtest1_pkey  (cost=0.00..227.44 rows=10700 width=0)
	              Index Cond: ((id >= 8330766) AND (id <= 8340765))

table 2 : explain SELECT c FROM sbtest2 WHERE id BETWEEN 1536033 AND 1546032 ORDER BY c
	Sort  (cost=39209.87..39238.17 rows=11320 width=121)
	  Sort Key: c
	  ->  Bitmap Heap Scan on sbtest2  (cost=244.47..38447.66 rows=11320 width=121)
	        Recheck Cond: ((id >= 1536033) AND (id <= 1546032))
	        ->  Bitmap Index Scan on sbtest2_pkey  (cost=0.00..241.63 rows=11320 width=0)
	              Index Cond: ((id >= 1536033) AND (id <= 1546032))

table 3 : explain SELECT c FROM sbtest3 WHERE id BETWEEN 3519022 AND 3529021 ORDER BY c
	Sort  (cost=33438.92..33462.67 rows=9500 width=121)
	  Sort Key: c
	  ->  Bitmap Heap Scan on sbtest3  (cost=205.81..32811.27 rows=9500 width=121)
	        Recheck Cond: ((id >= 3519022) AND (id <= 3529021))
	        ->  Bitmap Index Scan on sbtest3_pkey  (cost=0.00..203.44 rows=9500 width=0)
	              Index Cond: ((id >= 3519022) AND (id <= 3529021))

table 4 : explain SELECT c FROM sbtest4 WHERE id BETWEEN 9318981 AND 9328980 ORDER BY c
	Sort  (cost=34476.49..34501.02 rows=9812 width=121)
	  Sort Key: c
	  ->  Bitmap Heap Scan on sbtest4  (cost=209.01..33825.94 rows=9812 width=121)
	        Recheck Cond: ((id >= 9318981) AND (id <= 9328980))
	        ->  Bitmap Index Scan on sbtest4_pkey  (cost=0.00..206.56 rows=9812 width=0)
	              Index Cond: ((id >= 9318981) AND (id <= 9328980))

table 5 : explain SELECT c FROM sbtest5 WHERE id BETWEEN 2542445 AND 2552444 ORDER BY c
	Sort  (cost=32608.36..32631.44 rows=9231 width=121)
	  Sort Key: c
	  ->  Bitmap Heap Scan on sbtest5  (cost=199.05..32000.39 rows=9231 width=121)
	        Recheck Cond: ((id >= 2542445) AND (id <= 2552444))
	        ->  Bitmap Index Scan on sbtest5_pkey  (cost=0.00..196.75 rows=9231 width=0)
	              Index Cond: ((id >= 2542445) AND (id <= 2552444))

table 6 : explain SELECT c FROM sbtest6 WHERE id BETWEEN 7352987 AND 7362986 ORDER BY c
	Sort  (cost=38099.49..38126.86 rows=10949 width=121)
	  Sort Key: c
	  ->  Bitmap Heap Scan on sbtest6  (cost=236.66..37364.89 rows=10949 width=121)
	        Recheck Cond: ((id >= 7352987) AND (id <= 7362986))
	        ->  Bitmap Index Scan on sbtest6_pkey  (cost=0.00..233.93 rows=10949 width=0)
	              Index Cond: ((id >= 7352987) AND (id <= 7362986))

table 7 : explain SELECT c FROM sbtest7 WHERE id BETWEEN 6568335 AND 6578334 ORDER BY c
	Sort  (cost=34430.78..34455.24 rows=9784 width=121)
	  Sort Key: c
	  ->  Bitmap Heap Scan on sbtest7  (cost=212.72..33782.29 rows=9784 width=121)
	        Recheck Cond: ((id >= 6568335) AND (id <= 6578334))
	        ->  Bitmap Index Scan on sbtest7_pkey  (cost=0.00..210.28 rows=9784 width=0)
	              Index Cond: ((id >= 6568335) AND (id <= 6578334))

table 8 : explain SELECT c FROM sbtest8 WHERE id BETWEEN 4918203 AND 4928202 ORDER BY c
	Sort  (cost=37228.34..37254.99 rows=10660 width=121)
	  Sort Key: c
	  ->  Bitmap Heap Scan on sbtest8  (cost=233.70..36515.19 rows=10660 width=121)
	        Recheck Cond: ((id >= 4918203) AND (id <= 4928202))
	        ->  Bitmap Index Scan on sbtest8_pkey  (cost=0.00..231.04 rows=10660 width=0)
	              Index Cond: ((id >= 4918203) AND (id <= 4928202))

explain: for point_selects :: explain SELECT c FROM sbtest%u WHERE id=%u
for point_selects
table 1 : explain SELECT c FROM sbtest1 WHERE id=3508528
	Index Scan using sbtest1_pkey on sbtest1  (cost=0.43..8.45 rows=1 width=121)
	  Index Cond: (id = 3508528)

table 2 : explain SELECT c FROM sbtest2 WHERE id=1281194
	Index Scan using sbtest2_pkey on sbtest2  (cost=0.43..8.45 rows=1 width=121)
	  Index Cond: (id = 1281194)

table 3 : explain SELECT c FROM sbtest3 WHERE id=2380685
	Index Scan using sbtest3_pkey on sbtest3  (cost=0.43..8.45 rows=1 width=121)
	  Index Cond: (id = 2380685)

table 4 : explain SELECT c FROM sbtest4 WHERE id=849212
	Index Scan using sbtest4_pkey on sbtest4  (cost=0.43..8.45 rows=1 width=121)
	  Index Cond: (id = 849212)

table 5 : explain SELECT c FROM sbtest5 WHERE id=3900985
	Index Scan using sbtest5_pkey on sbtest5  (cost=0.43..8.45 rows=1 width=121)
	  Index Cond: (id = 3900985)

table 6 : explain SELECT c FROM sbtest6 WHERE id=7723751
	Index Scan using sbtest6_pkey on sbtest6  (cost=0.43..8.45 rows=1 width=121)
	  Index Cond: (id = 7723751)

table 7 : explain SELECT c FROM sbtest7 WHERE id=413787
	Index Scan using sbtest7_pkey on sbtest7  (cost=0.43..8.45 rows=1 width=121)
	  Index Cond: (id = 413787)

table 8 : explain SELECT c FROM sbtest8 WHERE id=5085564
	Index Scan using sbtest8_pkey on sbtest8  (cost=0.43..8.45 rows=1 width=121)
	  Index Cond: (id = 5085564)

for: simple_ranges
table 1 : explain SELECT c FROM sbtest1 WHERE id BETWEEN 5277377 AND 5287376
	Bitmap Heap Scan on sbtest1  (cost=185.18..30106.11 rows=8658 width=121)
	  Recheck Cond: ((id >= 5277377) AND (id <= 5287376))
	  ->  Bitmap Index Scan on sbtest1_pkey  (cost=0.00..183.01 rows=8658 width=0)
	        Index Cond: ((id >= 5277377) AND (id <= 5287376))

table 2 : explain SELECT c FROM sbtest2 WHERE id BETWEEN 8102044 AND 8112043
	Bitmap Heap Scan on sbtest2  (cost=229.63..36399.17 rows=10653 width=121)
	  Recheck Cond: ((id >= 8102044) AND (id <= 8112043))
	  ->  Bitmap Index Scan on sbtest2_pkey  (cost=0.00..226.97 rows=10653 width=0)
	        Index Cond: ((id >= 8102044) AND (id <= 8112043))

table 3 : explain SELECT c FROM sbtest3 WHERE id BETWEEN 81480 AND 91479
	Bitmap Heap Scan on sbtest3  (cost=208.42..33608.38 rows=9755 width=121)
	  Recheck Cond: ((id >= 81480) AND (id <= 91479))
	  ->  Bitmap Index Scan on sbtest3_pkey  (cost=0.00..205.99 rows=9755 width=0)
	        Index Cond: ((id >= 81480) AND (id <= 91479))

table 4 : explain SELECT c FROM sbtest4 WHERE id BETWEEN 9210742 AND 9220741
	Bitmap Heap Scan on sbtest4  (cost=237.25..37536.38 rows=11006 width=121)
	  Recheck Cond: ((id >= 9210742) AND (id <= 9220741))
	  ->  Bitmap Index Scan on sbtest4_pkey  (cost=0.00..234.50 rows=11006 width=0)
	        Index Cond: ((id >= 9210742) AND (id <= 9220741))

table 5 : explain SELECT c FROM sbtest5 WHERE id BETWEEN 3465922 AND 3475921
	Bitmap Heap Scan on sbtest5  (cost=201.37..32710.83 rows=9457 width=121)
	  Recheck Cond: ((id >= 3465922) AND (id <= 3475921))
	  ->  Bitmap Index Scan on sbtest5_pkey  (cost=0.00..199.00 rows=9457 width=0)
	        Index Cond: ((id >= 3465922) AND (id <= 3475921))

table 6 : explain SELECT c FROM sbtest6 WHERE id BETWEEN 331705 AND 341704
	Bitmap Heap Scan on sbtest6  (cost=191.85..31011.95 rows=8919 width=121)
	  Recheck Cond: ((id >= 331705) AND (id <= 341704))
	  ->  Bitmap Index Scan on sbtest6_pkey  (cost=0.00..189.62 rows=8919 width=0)
	        Index Cond: ((id >= 331705) AND (id <= 341704))

table 7 : explain SELECT c FROM sbtest7 WHERE id BETWEEN 2467866 AND 2477865
	Bitmap Heap Scan on sbtest7  (cost=214.46..34314.84 rows=9954 width=121)
	  Recheck Cond: ((id >= 2467866) AND (id <= 2477865))
	  ->  Bitmap Index Scan on sbtest7_pkey  (cost=0.00..211.98 rows=9954 width=0)
	        Index Cond: ((id >= 2467866) AND (id <= 2477865))

table 8 : explain SELECT c FROM sbtest8 WHERE id BETWEEN 6763536 AND 6773535
	Bitmap Heap Scan on sbtest8  (cost=211.10..33286.40 rows=9626 width=121)
	  Recheck Cond: ((id >= 6763536) AND (id <= 6773535))
	  ->  Bitmap Index Scan on sbtest8_pkey  (cost=0.00..208.69 rows=9626 width=0)
	        Index Cond: ((id >= 6763536) AND (id <= 6773535))

explain: for point_selects :: explain SELECT c FROM sbtest%u WHERE id=%u
explain: for point_selects :: explain SELECT c FROM sbtest%u WHERE id=%u
for: sum_ranges
table 1 : explain SELECT SUM(k) FROM sbtest1 WHERE id BETWEEN 5748037 AND 5758036
	Aggregate  (cost=35319.28..35319.29 rows=1 width=8)
	  ->  Bitmap Heap Scan on sbtest1  (cost=222.12..35293.50 rows=10311 width=4)
	        Recheck Cond: ((id >= 5748037) AND (id <= 5758036))
	        ->  Bitmap Index Scan on sbtest1_pkey  (cost=0.00..219.55 rows=10311 width=0)
	              Index Cond: ((id >= 5748037) AND (id <= 5758036))

table 2 : explain SELECT SUM(k) FROM sbtest2 WHERE id BETWEEN 3976700 AND 3986699
	Aggregate  (cost=35722.50..35722.51 rows=1 width=8)
	  ->  Bitmap Heap Scan on sbtest2  (cost=223.30..35696.44 rows=10426 width=4)
	        Recheck Cond: ((id >= 3976700) AND (id <= 3986699))
	        ->  Bitmap Index Scan on sbtest2_pkey  (cost=0.00..220.69 rows=10426 width=0)
	              Index Cond: ((id >= 3976700) AND (id <= 3986699))

table 3 : explain SELECT SUM(k) FROM sbtest3 WHERE id BETWEEN 4558648 AND 4568647
	Aggregate  (cost=33142.15..33142.16 rows=1 width=8)
	  ->  Bitmap Heap Scan on sbtest3  (cost=206.81..33118.15 rows=9598 width=4)
	        Recheck Cond: ((id >= 4558648) AND (id <= 4568647))
	        ->  Bitmap Index Scan on sbtest3_pkey  (cost=0.00..204.42 rows=9598 width=0)
	              Index Cond: ((id >= 4558648) AND (id <= 4568647))

table 4 : explain SELECT SUM(k) FROM sbtest4 WHERE id BETWEEN 7822086 AND 7832085
	Aggregate  (cost=34669.68..34669.69 rows=1 width=8)
	  ->  Bitmap Heap Scan on sbtest4  (cost=215.68..34644.50 rows=10073 width=4)
	        Recheck Cond: ((id >= 7822086) AND (id <= 7832085))
	        ->  Bitmap Index Scan on sbtest4_pkey  (cost=0.00..213.17 rows=10073 width=0)
	              Index Cond: ((id >= 7822086) AND (id <= 7832085))

table 5 : explain SELECT SUM(k) FROM sbtest5 WHERE id BETWEEN 2854781 AND 2864780
	Aggregate  (cost=37086.34..37086.35 rows=1 width=8)
	  ->  Bitmap Heap Scan on sbtest5  (cost=231.66..37059.21 rows=10851 width=4)
	        Recheck Cond: ((id >= 2854781) AND (id <= 2864780))
	        ->  Bitmap Index Scan on sbtest5_pkey  (cost=0.00..228.94 rows=10851 width=0)
	              Index Cond: ((id >= 2854781) AND (id <= 2864780))

table 6 : explain SELECT SUM(k) FROM sbtest6 WHERE id BETWEEN 2773915 AND 2783914
	Aggregate  (cost=35232.69..35232.70 rows=1 width=8)
	  ->  Bitmap Heap Scan on sbtest6  (cost=221.52..35207.06 rows=10252 width=4)
	        Recheck Cond: ((id >= 2773915) AND (id <= 2783914))
	        ->  Bitmap Index Scan on sbtest6_pkey  (cost=0.00..218.95 rows=10252 width=0)
	              Index Cond: ((id >= 2773915) AND (id <= 2783914))

table 7 : explain SELECT SUM(k) FROM sbtest7 WHERE id BETWEEN 5032617 AND 5042616
	Aggregate  (cost=34410.71..34410.72 rows=1 width=8)
	  ->  Bitmap Heap Scan on sbtest7  (cost=214.70..34385.77 rows=9977 width=4)
	        Recheck Cond: ((id >= 5032617) AND (id <= 5042616))
	        ->  Bitmap Index Scan on sbtest7_pkey  (cost=0.00..212.20 rows=9977 width=0)
	              Index Cond: ((id >= 5032617) AND (id <= 5042616))

table 8 : explain SELECT SUM(k) FROM sbtest8 WHERE id BETWEEN 1517757 AND 1527756
	Aggregate  (cost=36452.24..36452.25 rows=1 width=8)
	  ->  Bitmap Heap Scan on sbtest8  (cost=233.40..36425.66 rows=10631 width=4)
	        Recheck Cond: ((id >= 1517757) AND (id <= 1527756))
	        ->  Bitmap Index Scan on sbtest8_pkey  (cost=0.00..230.75 rows=10631 width=0)
	              Index Cond: ((id >= 1517757) AND (id <= 1527756))

for: simple_ranges
table 1 : explain SELECT c FROM sbtest1 WHERE id BETWEEN 1211599 AND 1221598
	Bitmap Heap Scan on sbtest1  (cost=214.37..34156.29 rows=9945 width=121)
	  Recheck Cond: ((id >= 1211599) AND (id <= 1221598))
	  ->  Bitmap Index Scan on sbtest1_pkey  (cost=0.00..211.88 rows=9945 width=0)
	        Index Cond: ((id >= 1211599) AND (id <= 1221598))

table 2 : explain SELECT c FROM sbtest2 WHERE id BETWEEN 1887838 AND 1897837
	Bitmap Heap Scan on sbtest2  (cost=209.21..33844.61 rows=9832 width=121)
	  Recheck Cond: ((id >= 1887838) AND (id <= 1897837))
	  ->  Bitmap Index Scan on sbtest2_pkey  (cost=0.00..206.75 rows=9832 width=0)
	        Index Cond: ((id >= 1887838) AND (id <= 1897837))

table 3 : explain SELECT c FROM sbtest3 WHERE id BETWEEN 2081626 AND 2091625
	Bitmap Heap Scan on sbtest3  (cost=228.88..36178.36 rows=10580 width=121)
	  Recheck Cond: ((id >= 2081626) AND (id <= 2091625))
	  ->  Bitmap Index Scan on sbtest3_pkey  (cost=0.00..226.24 rows=10580 width=0)
	        Index Cond: ((id >= 2081626) AND (id <= 2091625))

table 4 : explain SELECT c FROM sbtest4 WHERE id BETWEEN 1114087 AND 1124086
	Bitmap Heap Scan on sbtest4  (cost=206.36..33018.42 rows=9554 width=121)
	  Recheck Cond: ((id >= 1114087) AND (id <= 1124086))
	  ->  Bitmap Index Scan on sbtest4_pkey  (cost=0.00..203.98 rows=9554 width=0)
	        Index Cond: ((id >= 1114087) AND (id <= 1124086))

table 5 : explain SELECT c FROM sbtest5 WHERE id BETWEEN 480587 AND 490586
	Bitmap Heap Scan on sbtest5  (cost=197.86..31633.04 rows=9115 width=121)
	  Recheck Cond: ((id >= 480587) AND (id <= 490586))
	  ->  Bitmap Index Scan on sbtest5_pkey  (cost=0.00..195.59 rows=9115 width=0)
	        Index Cond: ((id >= 480587) AND (id <= 490586))

table 6 : explain SELECT c FROM sbtest6 WHERE id BETWEEN 4889397 AND 4899396
	Bitmap Heap Scan on sbtest6  (cost=199.35..32093.30 rows=9260 width=121)
	  Recheck Cond: ((id >= 4889397) AND (id <= 4899396))
	  ->  Bitmap Index Scan on sbtest6_pkey  (cost=0.00..197.04 rows=9260 width=0)
	        Index Cond: ((id >= 4889397) AND (id <= 4899396))

table 7 : explain SELECT c FROM sbtest7 WHERE id BETWEEN 5713634 AND 5723633
	Bitmap Heap Scan on sbtest7  (cost=214.36..34282.60 rows=9944 width=121)
	  Recheck Cond: ((id >= 5713634) AND (id <= 5723633))
	  ->  Bitmap Index Scan on sbtest7_pkey  (cost=0.00..211.88 rows=9944 width=0)
	        Index Cond: ((id >= 5713634) AND (id <= 5723633))

table 8 : explain SELECT c FROM sbtest8 WHERE id BETWEEN 246609 AND 256608
	Bitmap Heap Scan on sbtest8  (cost=234.84..36860.18 rows=10771 width=121)
	  Recheck Cond: ((id >= 246609) AND (id <= 256608))
	  ->  Bitmap Index Scan on sbtest8_pkey  (cost=0.00..232.15 rows=10771 width=0)
	        Index Cond: ((id >= 246609) AND (id <= 256608))

for: simple_ranges
table 1 : explain SELECT c FROM sbtest1 WHERE id BETWEEN 6105205 AND 6115204
	Bitmap Heap Scan on sbtest1  (cost=214.64..34239.67 rows=9971 width=121)
	  Recheck Cond: ((id >= 6105205) AND (id <= 6115204))
	  ->  Bitmap Index Scan on sbtest1_pkey  (cost=0.00..212.15 rows=9971 width=0)
	        Index Cond: ((id >= 6105205) AND (id <= 6115204))

table 2 : explain SELECT c FROM sbtest2 WHERE id BETWEEN 3078759 AND 3088758
	Bitmap Heap Scan on sbtest2  (cost=216.88..34962.93 rows=10190 width=121)
	  Recheck Cond: ((id >= 3078759) AND (id <= 3088758))
	  ->  Bitmap Index Scan on sbtest2_pkey  (cost=0.00..214.34 rows=10190 width=0)
	        Index Cond: ((id >= 3078759) AND (id <= 3088758))

table 3 : explain SELECT c FROM sbtest3 WHERE id BETWEEN 2139103 AND 2149102
	Bitmap Heap Scan on sbtest3  (cost=230.12..36548.07 rows=10701 width=121)
	  Recheck Cond: ((id >= 2139103) AND (id <= 2149102))
	  ->  Bitmap Index Scan on sbtest3_pkey  (cost=0.00..227.44 rows=10701 width=0)
	        Index Cond: ((id >= 2139103) AND (id <= 2149102))

table 4 : explain SELECT c FROM sbtest4 WHERE id BETWEEN 8092788 AND 8102787
	Bitmap Heap Scan on sbtest4  (cost=206.24..32979.61 rows=9542 width=121)
	  Recheck Cond: ((id >= 8092788) AND (id <= 8102787))
	  ->  Bitmap Index Scan on sbtest4_pkey  (cost=0.00..203.86 rows=9542 width=0)
	        Index Cond: ((id >= 8092788) AND (id <= 8102787))

table 5 : explain SELECT c FROM sbtest5 WHERE id BETWEEN 5527091 AND 5537090
	Bitmap Heap Scan on sbtest5  (cost=191.36..30856.76 rows=8871 width=121)
	  Recheck Cond: ((id >= 5527091) AND (id <= 5537090))
	  ->  Bitmap Index Scan on sbtest5_pkey  (cost=0.00..189.15 rows=8871 width=0)
	        Index Cond: ((id >= 5527091) AND (id <= 5537090))

table 6 : explain SELECT c FROM sbtest6 WHERE id BETWEEN 3198443 AND 3208442
	Bitmap Heap Scan on sbtest6  (cost=206.51..33066.47 rows=9568 width=121)
	  Recheck Cond: ((id >= 3198443) AND (id <= 3208442))
	  ->  Bitmap Index Scan on sbtest6_pkey  (cost=0.00..204.12 rows=9568 width=0)
	        Index Cond: ((id >= 3198443) AND (id <= 3208442))

table 7 : explain SELECT c FROM sbtest7 WHERE id BETWEEN 3265515 AND 3275514
	Bitmap Heap Scan on sbtest7  (cost=213.86..34127.79 rows=9895 width=121)
	  Recheck Cond: ((id >= 3265515) AND (id <= 3275514))
	  ->  Bitmap Index Scan on sbtest7_pkey  (cost=0.00..211.38 rows=9895 width=0)
	        Index Cond: ((id >= 3265515) AND (id <= 3275514))

table 8 : explain SELECT c FROM sbtest8 WHERE id BETWEEN 2088425 AND 2098424
	Bitmap Heap Scan on sbtest8  (cost=219.01..34482.11 rows=10007 width=121)
	  Recheck Cond: ((id >= 2088425) AND (id <= 2098424))
	  ->  Bitmap Index Scan on sbtest8_pkey  (cost=0.00..216.50 rows=10007 width=0)
	        Index Cond: ((id >= 2088425) AND (id <= 2098424))

for: simple_ranges
table 1 : explain SELECT c FROM sbtest1 WHERE id BETWEEN 3527628 AND 3537627
	Bitmap Heap Scan on sbtest1  (cost=199.98..32202.66 rows=9321 width=121)
	  Recheck Cond: ((id >= 3527628) AND (id <= 3537627))
	  ->  Bitmap Index Scan on sbtest1_pkey  (cost=0.00..197.65 rows=9321 width=0)
	        Index Cond: ((id >= 3527628) AND (id <= 3537627))

table 2 : explain SELECT c FROM sbtest2 WHERE id BETWEEN 4360388 AND 4370387
	Bitmap Heap Scan on sbtest2  (cost=201.06..32575.71 rows=9427 width=121)
	  Recheck Cond: ((id >= 4360388) AND (id <= 4370387))
	  ->  Bitmap Index Scan on sbtest2_pkey  (cost=0.00..198.70 rows=9427 width=0)
	        Index Cond: ((id >= 4360388) AND (id <= 4370387))

table 3 : explain SELECT c FROM sbtest3 WHERE id BETWEEN 6171397 AND 6181396
	Bitmap Heap Scan on sbtest3  (cost=239.94..38291.30 rows=11269 width=121)
	  Recheck Cond: ((id >= 6171397) AND (id <= 6181396))
	  ->  Bitmap Index Scan on sbtest3_pkey  (cost=0.00..237.12 rows=11269 width=0)
	        Index Cond: ((id >= 6171397) AND (id <= 6181396))

table 4 : explain SELECT c FROM sbtest4 WHERE id BETWEEN 7581176 AND 7591175
	Bitmap Heap Scan on sbtest4  (cost=201.16..32648.56 rows=9437 width=121)
	  Recheck Cond: ((id >= 7581176) AND (id <= 7591175))
	  ->  Bitmap Index Scan on sbtest4_pkey  (cost=0.00..198.81 rows=9437 width=0)
	        Index Cond: ((id >= 7581176) AND (id <= 7591175))

table 5 : explain SELECT c FROM sbtest5 WHERE id BETWEEN 3252339 AND 3262338
	Bitmap Heap Scan on sbtest5  (cost=223.30..35743.08 rows=10426 width=121)
	  Recheck Cond: ((id >= 3252339) AND (id <= 3262338))
	  ->  Bitmap Index Scan on sbtest5_pkey  (cost=0.00..220.69 rows=10426 width=0)
	        Index Cond: ((id >= 3252339) AND (id <= 3262338))

table 6 : explain SELECT c FROM sbtest6 WHERE id BETWEEN 3826185 AND 3836184
	Bitmap Heap Scan on sbtest6  (cost=215.82..34686.08 rows=10086 width=121)
	  Recheck Cond: ((id >= 3826185) AND (id <= 3836184))
	  ->  Bitmap Index Scan on sbtest6_pkey  (cost=0.00..213.30 rows=10086 width=0)
	        Index Cond: ((id >= 3826185) AND (id <= 3836184))

table 7 : explain SELECT c FROM sbtest7 WHERE id BETWEEN 7737482 AND 7747481
	Bitmap Heap Scan on sbtest7  (cost=213.58..34043.88 rows=9868 width=121)
	  Recheck Cond: ((id >= 7737482) AND (id <= 7747481))
	  ->  Bitmap Index Scan on sbtest7_pkey  (cost=0.00..211.12 rows=9868 width=0)
	        Index Cond: ((id >= 7737482) AND (id <= 7747481))

table 8 : explain SELECT c FROM sbtest8 WHERE id BETWEEN 7836482 AND 7846481
	Bitmap Heap Scan on sbtest8  (cost=211.14..33296.13 rows=9630 width=121)
	  Recheck Cond: ((id >= 7836482) AND (id <= 7846481))
	  ->  Bitmap Index Scan on sbtest8_pkey  (cost=0.00..208.74 rows=9630 width=0)
	        Index Cond: ((id >= 7836482) AND (id <= 7846481))

for: order_ranges
table 1 : explain SELECT c FROM sbtest1 WHERE id BETWEEN 6638179 AND 6648178 ORDER BY c
	Sort  (cost=34322.77..34347.24 rows=9791 width=121)
	  Sort Key: c
	  ->  Bitmap Heap Scan on sbtest1  (cost=208.79..33673.76 rows=9791 width=121)
	        Recheck Cond: ((id >= 6638179) AND (id <= 6648178))
	        ->  Bitmap Index Scan on sbtest1_pkey  (cost=0.00..206.34 rows=9791 width=0)
	              Index Cond: ((id >= 6638179) AND (id <= 6648178))

table 2 : explain SELECT c FROM sbtest2 WHERE id BETWEEN 7453339 AND 7463338 ORDER BY c
	Sort  (cost=34987.78..35012.74 rows=9985 width=121)
	  Sort Key: c
	  ->  Bitmap Heap Scan on sbtest2  (cost=214.78..34324.50 rows=9985 width=121)
	        Recheck Cond: ((id >= 7453339) AND (id <= 7463338))
	        ->  Bitmap Index Scan on sbtest2_pkey  (cost=0.00..212.29 rows=9985 width=0)
	              Index Cond: ((id >= 7453339) AND (id <= 7463338))

table 3 : explain SELECT c FROM sbtest3 WHERE id BETWEEN 5698818 AND 5708817 ORDER BY c
	Sort  (cost=33706.77..33730.73 rows=9584 width=121)
	  Sort Key: c
	  ->  Bitmap Heap Scan on sbtest3  (cost=206.67..33072.97 rows=9584 width=121)
	        Recheck Cond: ((id >= 5698818) AND (id <= 5708817))
	        ->  Bitmap Index Scan on sbtest3_pkey  (cost=0.00..204.28 rows=9584 width=0)
	              Index Cond: ((id >= 5698818) AND (id <= 5708817))

table 4 : explain SELECT c FROM sbtest4 WHERE id BETWEEN 6709945 AND 6719944 ORDER BY c
	Sort  (cost=32001.43..32024.04 rows=9045 width=121)
	  Sort Key: c
	  ->  Bitmap Heap Scan on sbtest4  (cost=193.15..31407.04 rows=9045 width=121)
	        Recheck Cond: ((id >= 6709945) AND (id <= 6719944))
	        ->  Bitmap Index Scan on sbtest4_pkey  (cost=0.00..190.88 rows=9045 width=0)
	              Index Cond: ((id >= 6709945) AND (id <= 6719944))

table 5 : explain SELECT c FROM sbtest5 WHERE id BETWEEN 2013990 AND 2023989 ORDER BY c
	Sort  (cost=37584.27..37611.24 rows=10787 width=121)
	  Sort Key: c
	  ->  Bitmap Heap Scan on sbtest5  (cost=231.00..36861.71 rows=10787 width=121)
	        Recheck Cond: ((id >= 2013990) AND (id <= 2023989))
	        ->  Bitmap Index Scan on sbtest5_pkey  (cost=0.00..228.31 rows=10787 width=0)
	              Index Cond: ((id >= 2013990) AND (id <= 2023989))

table 6 : explain SELECT c FROM sbtest6 WHERE id BETWEEN 7715821 AND 7725820 ORDER BY c
	Sort  (cost=33331.41..33355.05 rows=9454 width=121)
	  Sort Key: c
	  ->  Bitmap Heap Scan on sbtest6  (cost=205.34..32707.13 rows=9454 width=121)
	        Recheck Cond: ((id >= 7715821) AND (id <= 7725820))
	        ->  Bitmap Index Scan on sbtest6_pkey  (cost=0.00..202.98 rows=9454 width=0)
	              Index Cond: ((id >= 7715821) AND (id <= 7725820))

table 7 : explain SELECT c FROM sbtest7 WHERE id BETWEEN 6146456 AND 6156455 ORDER BY c
	Sort  (cost=34394.44..34418.87 rows=9773 width=121)
	  Sort Key: c
	  ->  Bitmap Heap Scan on sbtest7  (cost=212.61..33746.75 rows=9773 width=121)
	        Recheck Cond: ((id >= 6146456) AND (id <= 6156455))
	        ->  Bitmap Index Scan on sbtest7_pkey  (cost=0.00..210.17 rows=9773 width=0)
	              Index Cond: ((id >= 6146456) AND (id <= 6156455))

table 8 : explain SELECT c FROM sbtest8 WHERE id BETWEEN 3876768 AND 3886767 ORDER BY c
	Sort  (cost=34757.55..34782.26 rows=9885 width=121)
	  Sort Key: c
	  ->  Bitmap Heap Scan on sbtest8  (cost=217.76..34101.63 rows=9885 width=121)
	        Recheck Cond: ((id >= 3876768) AND (id <= 3886767))
	        ->  Bitmap Index Scan on sbtest8_pkey  (cost=0.00..215.29 rows=9885 width=0)
	              Index Cond: ((id >= 3876768) AND (id <= 3886767))

for: simple_ranges
table 1 : explain SELECT c FROM sbtest1 WHERE id BETWEEN 8139680 AND 8149679
	Bitmap Heap Scan on sbtest1  (cost=232.00..37057.51 rows=10884 width=121)
	  Recheck Cond: ((id >= 8139680) AND (id <= 8149679))
	  ->  Bitmap Index Scan on sbtest1_pkey  (cost=0.00..229.28 rows=10884 width=0)
	        Index Cond: ((id >= 8139680) AND (id <= 8149679))

table 2 : explain SELECT c FROM sbtest2 WHERE id BETWEEN 3551121 AND 3561120
	Bitmap Heap Scan on sbtest2  (cost=205.80..32806.05 rows=9499 width=121)
	  Recheck Cond: ((id >= 3551121) AND (id <= 3561120))
	  ->  Bitmap Index Scan on sbtest2_pkey  (cost=0.00..203.43 rows=9499 width=0)
	        Index Cond: ((id >= 3551121) AND (id <= 3561120))

table 3 : explain SELECT c FROM sbtest3 WHERE id BETWEEN 3754277 AND 3764276
	Bitmap Heap Scan on sbtest3  (cost=213.39..33905.40 rows=9849 width=121)
	  Recheck Cond: ((id >= 3754277) AND (id <= 3764276))
	  ->  Bitmap Index Scan on sbtest3_pkey  (cost=0.00..210.93 rows=9849 width=0)
	        Index Cond: ((id >= 3754277) AND (id <= 3764276))

table 4 : explain SELECT c FROM sbtest4 WHERE id BETWEEN 9918580 AND 9928579
	Bitmap Heap Scan on sbtest4  (cost=232.54..37322.50 rows=10937 width=121)
	  Recheck Cond: ((id >= 9918580) AND (id <= 9928579))
	  ->  Bitmap Index Scan on sbtest4_pkey  (cost=0.00..229.81 rows=10937 width=0)
	        Index Cond: ((id >= 9918580) AND (id <= 9928579))

table 5 : explain SELECT c FROM sbtest5 WHERE id BETWEEN 3352149 AND 3362148
	Bitmap Heap Scan on sbtest5  (cost=222.81..35595.80 rows=10378 width=121)
	  Recheck Cond: ((id >= 3352149) AND (id <= 3362148))
	  ->  Bitmap Index Scan on sbtest5_pkey  (cost=0.00..220.22 rows=10378 width=0)
	        Index Cond: ((id >= 3352149) AND (id <= 3362148))

table 6 : explain SELECT c FROM sbtest6 WHERE id BETWEEN 9044889 AND 9054888
	Bitmap Heap Scan on sbtest6  (cost=238.03..37774.90 rows=11082 width=121)
	  Recheck Cond: ((id >= 9044889) AND (id <= 9054888))
	  ->  Bitmap Index Scan on sbtest6_pkey  (cost=0.00..235.25 rows=11082 width=0)
	        Index Cond: ((id >= 9044889) AND (id <= 9054888))

table 7 : explain SELECT c FROM sbtest7 WHERE id BETWEEN 3510358 AND 3520357
	Bitmap Heap Scan on sbtest7  (cost=206.61..33131.27 rows=9578 width=121)
	  Recheck Cond: ((id >= 3510358) AND (id <= 3520357))
	  ->  Bitmap Index Scan on sbtest7_pkey  (cost=0.00..204.22 rows=9578 width=0)
	        Index Cond: ((id >= 3510358) AND (id <= 3520357))

table 8 : explain SELECT c FROM sbtest8 WHERE id BETWEEN 1936661 AND 1946660
	Bitmap Heap Scan on sbtest8  (cost=248.42..38542.02 rows=11316 width=121)
	  Recheck Cond: ((id >= 1936661) AND (id <= 1946660))
	  ->  Bitmap Index Scan on sbtest8_pkey  (cost=0.00..245.59 rows=11316 width=0)
	        Index Cond: ((id >= 1936661) AND (id <= 1946660))

for: sum_ranges
table 1 : explain SELECT SUM(k) FROM sbtest1 WHERE id BETWEEN 808038 AND 818037
	Aggregate  (cost=35779.14..35779.15 rows=1 width=8)
	  ->  Bitmap Heap Scan on sbtest1  (cost=223.65..35752.99 rows=10460 width=4)
	        Recheck Cond: ((id >= 808038) AND (id <= 818037))
	        ->  Bitmap Index Scan on sbtest1_pkey  (cost=0.00..221.04 rows=10460 width=0)
	              Index Cond: ((id >= 808038) AND (id <= 818037))

table 2 : explain SELECT SUM(k) FROM sbtest2 WHERE id BETWEEN 986758 AND 996757
	Aggregate  (cost=34249.78..34249.79 rows=1 width=8)
	  ->  Bitmap Heap Scan on sbtest2  (cost=214.45..34224.89 rows=9953 width=4)
	        Recheck Cond: ((id >= 986758) AND (id <= 996757))
	        ->  Bitmap Index Scan on sbtest2_pkey  (cost=0.00..211.97 rows=9953 width=0)
	              Index Cond: ((id >= 986758) AND (id <= 996757))

table 3 : explain SELECT SUM(k) FROM sbtest3 WHERE id BETWEEN 3784343 AND 3794342
	Aggregate  (cost=35276.69..35276.70 rows=1 width=8)
	  ->  Bitmap Heap Scan on sbtest3  (cost=221.82..35250.98 rows=10281 width=4)
	        Recheck Cond: ((id >= 3784343) AND (id <= 3794342))
	        ->  Bitmap Index Scan on sbtest3_pkey  (cost=0.00..219.25 rows=10281 width=0)
	              Index Cond: ((id >= 3784343) AND (id <= 3794342))

table 4 : explain SELECT SUM(k) FROM sbtest4 WHERE id BETWEEN 4318409 AND 4328408
	Aggregate  (cost=35954.05..35954.06 rows=1 width=8)
	  ->  Bitmap Heap Scan on sbtest4  (cost=223.92..35927.84 rows=10486 width=4)
	        Recheck Cond: ((id >= 4318409) AND (id <= 4328408))
	        ->  Bitmap Index Scan on sbtest4_pkey  (cost=0.00..221.30 rows=10486 width=0)
	              Index Cond: ((id >= 4318409) AND (id <= 4328408))

table 5 : explain SELECT SUM(k) FROM sbtest5 WHERE id BETWEEN 52215 AND 62214
	Aggregate  (cost=31511.78..31511.79 rows=1 width=8)
	  ->  Bitmap Heap Scan on sbtest5  (cost=193.41..31489.11 rows=9071 width=4)
	        Recheck Cond: ((id >= 52215) AND (id <= 62214))
	        ->  Bitmap Index Scan on sbtest5_pkey  (cost=0.00..191.15 rows=9071 width=0)
	              Index Cond: ((id >= 52215) AND (id <= 62214))

table 6 : explain SELECT SUM(k) FROM sbtest6 WHERE id BETWEEN 5277632 AND 5287631
	Aggregate  (cost=32766.42..32766.43 rows=1 width=8)
	  ->  Bitmap Heap Scan on sbtest6  (cost=205.45..32742.76 rows=9465 width=4)
	        Recheck Cond: ((id >= 5277632) AND (id <= 5287631))
	        ->  Bitmap Index Scan on sbtest6_pkey  (cost=0.00..203.09 rows=9465 width=0)
	              Index Cond: ((id >= 5277632) AND (id <= 5287631))

table 7 : explain SELECT SUM(k) FROM sbtest7 WHERE id BETWEEN 5555175 AND 5565174
	Aggregate  (cost=31870.66..31870.67 rows=1 width=8)
	  ->  Bitmap Heap Scan on sbtest7  (cost=198.45..31847.73 rows=9172 width=4)
	        Recheck Cond: ((id >= 5555175) AND (id <= 5565174))
	        ->  Bitmap Index Scan on sbtest7_pkey  (cost=0.00..196.16 rows=9172 width=0)
	              Index Cond: ((id >= 5555175) AND (id <= 5565174))

table 8 : explain SELECT SUM(k) FROM sbtest8 WHERE id BETWEEN 7638343 AND 7648342
	Aggregate  (cost=36064.68..36064.69 rows=1 width=8)
	  ->  Bitmap Heap Scan on sbtest8  (cost=232.11..36038.42 rows=10505 width=4)
	        Recheck Cond: ((id >= 7638343) AND (id <= 7648342))
	        ->  Bitmap Index Scan on sbtest8_pkey  (cost=0.00..229.49 rows=10505 width=0)
	              Index Cond: ((id >= 7638343) AND (id <= 7648342))

for point_selects
table 1 : explain SELECT c FROM sbtest1 WHERE id=3025199
	Index Scan using sbtest1_pkey on sbtest1  (cost=0.43..8.45 rows=1 width=121)
	  Index Cond: (id = 3025199)

table 2 : explain SELECT c FROM sbtest2 WHERE id=284605
	Index Scan using sbtest2_pkey on sbtest2  (cost=0.43..8.45 rows=1 width=121)
	  Index Cond: (id = 284605)

table 3 : explain SELECT c FROM sbtest3 WHERE id=6947585
	Index Scan using sbtest3_pkey on sbtest3  (cost=0.43..8.45 rows=1 width=121)
	  Index Cond: (id = 6947585)

table 4 : explain SELECT c FROM sbtest4 WHERE id=4207692
	Index Scan using sbtest4_pkey on sbtest4  (cost=0.43..8.45 rows=1 width=121)
	  Index Cond: (id = 4207692)

table 5 : explain SELECT c FROM sbtest5 WHERE id=8119370
	Index Scan using sbtest5_pkey on sbtest5  (cost=0.43..8.45 rows=1 width=121)
	  Index Cond: (id = 8119370)

table 6 : explain SELECT c FROM sbtest6 WHERE id=1164848
	Index Scan using sbtest6_pkey on sbtest6  (cost=0.43..8.45 rows=1 width=121)
	  Index Cond: (id = 1164848)

table 7 : explain SELECT c FROM sbtest7 WHERE id=5840942
	Index Scan using sbtest7_pkey on sbtest7  (cost=0.43..8.45 rows=1 width=121)
	  Index Cond: (id = 5840942)

table 8 : explain SELECT c FROM sbtest8 WHERE id=3884270
	Index Scan using sbtest8_pkey on sbtest8  (cost=0.43..8.45 rows=1 width=121)
	  Index Cond: (id = 3884270)

for point_selects
table 1 : explain SELECT c FROM sbtest1 WHERE id=9968448
	Index Scan using sbtest1_pkey on sbtest1  (cost=0.43..8.45 rows=1 width=121)
	  Index Cond: (id = 9968448)

table 2 : explain SELECT c FROM sbtest2 WHERE id=6012589
	Index Scan using sbtest2_pkey on sbtest2  (cost=0.43..8.45 rows=1 width=121)
	  Index Cond: (id = 6012589)

table 3 : explain SELECT c FROM sbtest3 WHERE id=5402616
	Index Scan using sbtest3_pkey on sbtest3  (cost=0.43..8.45 rows=1 width=121)
	  Index Cond: (id = 5402616)

table 4 : explain SELECT c FROM sbtest4 WHERE id=4904218
	Index Scan using sbtest4_pkey on sbtest4  (cost=0.43..8.45 rows=1 width=121)
	  Index Cond: (id = 4904218)

table 5 : explain SELECT c FROM sbtest5 WHERE id=5909641
	Index Scan using sbtest5_pkey on sbtest5  (cost=0.43..8.45 rows=1 width=121)
	  Index Cond: (id = 5909641)

table 6 : explain SELECT c FROM sbtest6 WHERE id=1517348
	Index Scan using sbtest6_pkey on sbtest6  (cost=0.43..8.45 rows=1 width=121)
	  Index Cond: (id = 1517348)

table 7 : explain SELECT c FROM sbtest7 WHERE id=9859384
	Index Scan using sbtest7_pkey on sbtest7  (cost=0.43..8.45 rows=1 width=121)
	  Index Cond: (id = 9859384)

table 8 : explain SELECT c FROM sbtest8 WHERE id=8219132
	Index Scan using sbtest8_pkey on sbtest8  (cost=0.43..8.45 rows=1 width=121)
	  Index Cond: (id = 8219132)

for: distinct_ranges
table 1 : explain SELECT DISTINCT c FROM sbtest1 WHERE id BETWEEN 8504192 AND 8514191 ORDER BY c
	Unique  (cost=37806.74..37861.19 rows=10890 width=121)
	  ->  Sort  (cost=37806.74..37833.97 rows=10890 width=121)
	        Sort Key: c
	        ->  Bitmap Heap Scan on sbtest1  (cost=232.06..37076.53 rows=10890 width=121)
	              Recheck Cond: ((id >= 8504192) AND (id <= 8514191))
	              ->  Bitmap Index Scan on sbtest1_pkey  (cost=0.00..229.34 rows=10890 width=0)
	                    Index Cond: ((id >= 8504192) AND (id <= 8514191))

table 2 : explain SELECT DISTINCT c FROM sbtest2 WHERE id BETWEEN 4948655 AND 4958654 ORDER BY c
	Unique  (cost=38576.99..38632.58 rows=11119 width=121)
	  ->  Sort  (cost=38576.99..38604.78 rows=11119 width=121)
	        Sort Key: c
	        ->  Bitmap Heap Scan on sbtest2  (cost=238.40..37829.75 rows=11119 width=121)
	              Recheck Cond: ((id >= 4948655) AND (id <= 4958654))
	              ->  Bitmap Index Scan on sbtest2_pkey  (cost=0.00..235.62 rows=11119 width=0)
	                    Index Cond: ((id >= 4948655) AND (id <= 4958654))

table 3 : explain SELECT DISTINCT c FROM sbtest3 WHERE id BETWEEN 8875136 AND 8885135 ORDER BY c
	Unique  (cost=36800.01..36852.79 rows=10555 width=121)
	  ->  Sort  (cost=36800.01..36826.40 rows=10555 width=121)
	        Sort Key: c
	        ->  Bitmap Heap Scan on sbtest3  (cost=224.62..36094.64 rows=10555 width=121)
	              Recheck Cond: ((id >= 8875136) AND (id <= 8885135))
	              ->  Bitmap Index Scan on sbtest3_pkey  (cost=0.00..221.99 rows=10555 width=0)
	                    Index Cond: ((id >= 8875136) AND (id <= 8885135))

table 4 : explain SELECT DISTINCT c FROM sbtest4 WHERE id BETWEEN 9491634 AND 9501633 ORDER BY c
	Unique  (cost=34807.04..34856.61 rows=9914 width=121)
	  ->  Sort  (cost=34807.04..34831.83 rows=9914 width=121)
	        Sort Key: c
	        ->  Bitmap Heap Scan on sbtest4  (cost=214.05..34148.99 rows=9914 width=121)
	              Recheck Cond: ((id >= 9491634) AND (id <= 9501633))
	              ->  Bitmap Index Scan on sbtest4_pkey  (cost=0.00..211.57 rows=9914 width=0)
	                    Index Cond: ((id >= 9491634) AND (id <= 9501633))

table 5 : explain SELECT DISTINCT c FROM sbtest5 WHERE id BETWEEN 4142420 AND 4152419 ORDER BY c
	Unique  (cost=34830.85..34880.46 rows=9921 width=121)
	  ->  Sort  (cost=34830.85..34855.66 rows=9921 width=121)
	        Sort Key: c
	        ->  Bitmap Heap Scan on sbtest5  (cost=214.13..34172.28 rows=9921 width=121)
	              Recheck Cond: ((id >= 4142420) AND (id <= 4152419))
	              ->  Bitmap Index Scan on sbtest5_pkey  (cost=0.00..211.65 rows=9921 width=0)
	                    Index Cond: ((id >= 4142420) AND (id <= 4152419))

table 6 : explain SELECT DISTINCT c FROM sbtest6 WHERE id BETWEEN 9730955 AND 9740954 ORDER BY c
	Unique  (cost=37139.18..37192.40 rows=10645 width=121)
	  ->  Sort  (cost=37139.18..37165.79 rows=10645 width=121)
	        Sort Key: c
	        ->  Bitmap Heap Scan on sbtest6  (cost=229.55..36427.14 rows=10645 width=121)
	              Recheck Cond: ((id >= 9730955) AND (id <= 9740954))
	              ->  Bitmap Index Scan on sbtest6_pkey  (cost=0.00..226.88 rows=10645 width=0)
	                    Index Cond: ((id >= 9730955) AND (id <= 9740954))

table 7 : explain SELECT DISTINCT c FROM sbtest7 WHERE id BETWEEN 2851805 AND 2861804 ORDER BY c
	Unique  (cost=36793.08..36845.69 rows=10523 width=121)
	  ->  Sort  (cost=36793.08..36819.39 rows=10523 width=121)
	        Sort Key: c
	        ->  Bitmap Heap Scan on sbtest7  (cost=228.30..36090.08 rows=10523 width=121)
	              Recheck Cond: ((id >= 2851805) AND (id <= 2861804))
	              ->  Bitmap Index Scan on sbtest7_pkey  (cost=0.00..225.67 rows=10523 width=0)
	                    Index Cond: ((id >= 2851805) AND (id <= 2861804))

table 8 : explain SELECT DISTINCT c FROM sbtest8 WHERE id BETWEEN 4408313 AND 4418312 ORDER BY c
	Unique  (cost=33013.41..33060.13 rows=9345 width=121)
	  ->  Sort  (cost=33013.41..33036.77 rows=9345 width=121)
	        Sort Key: c
	        ->  Bitmap Heap Scan on sbtest8  (cost=204.22..32397.10 rows=9345 width=121)
	              Recheck Cond: ((id >= 4408313) AND (id <= 4418312))
	              ->  Bitmap Index Scan on sbtest8_pkey  (cost=0.00..201.88 rows=9345 width=0)
	                    Index Cond: ((id >= 4408313) AND (id <= 4418312))

for: distinct_ranges
table 1 : explain SELECT DISTINCT c FROM sbtest1 WHERE id BETWEEN 3683633 AND 3693632 ORDER BY c
	Unique  (cost=37663.74..37717.96 rows=10844 width=121)
	  ->  Sort  (cost=37663.74..37690.85 rows=10844 width=121)
	        Sort Key: c
	        ->  Bitmap Heap Scan on sbtest1  (cost=231.59..36936.95 rows=10844 width=121)
	              Recheck Cond: ((id >= 3683633) AND (id <= 3693632))
	              ->  Bitmap Index Scan on sbtest1_pkey  (cost=0.00..228.88 rows=10844 width=0)
	                    Index Cond: ((id >= 3683633) AND (id <= 3693632))

table 2 : explain SELECT DISTINCT c FROM sbtest2 WHERE id BETWEEN 1406343 AND 1416342 ORDER BY c
	Unique  (cost=34968.07..35017.96 rows=9979 width=121)
	  ->  Sort  (cost=34968.07..34993.01 rows=9979 width=121)
	        Sort Key: c
	        ->  Bitmap Heap Scan on sbtest2  (cost=214.72..34305.23 rows=9979 width=121)
	              Recheck Cond: ((id >= 1406343) AND (id <= 1416342))
	              ->  Bitmap Index Scan on sbtest2_pkey  (cost=0.00..212.23 rows=9979 width=0)
	                    Index Cond: ((id >= 1406343) AND (id <= 1416342))

table 3 : explain SELECT DISTINCT c FROM sbtest3 WHERE id BETWEEN 8957310 AND 8967309 ORDER BY c
	Unique  (cost=31098.48..31142.37 rows=8777 width=121)
	  ->  Sort  (cost=31098.48..31120.43 rows=8777 width=121)
	        Sort Key: c
	        ->  Bitmap Heap Scan on sbtest3  (cost=190.40..30523.61 rows=8777 width=121)
	              Recheck Cond: ((id >= 8957310) AND (id <= 8967309))
	              ->  Bitmap Index Scan on sbtest3_pkey  (cost=0.00..188.20 rows=8777 width=0)
	                    Index Cond: ((id >= 8957310) AND (id <= 8967309))

table 4 : explain SELECT DISTINCT c FROM sbtest4 WHERE id BETWEEN 9439366 AND 9449365 ORDER BY c
	Unique  (cost=35399.82..35450.32 rows=10100 width=121)
	  ->  Sort  (cost=35399.82..35425.07 rows=10100 width=121)
	        Sort Key: c
	        ->  Bitmap Heap Scan on sbtest4  (cost=215.96..34728.06 rows=10100 width=121)
	              Recheck Cond: ((id >= 9439366) AND (id <= 9449365))
	              ->  Bitmap Index Scan on sbtest4_pkey  (cost=0.00..213.44 rows=10100 width=0)
	                    Index Cond: ((id >= 9439366) AND (id <= 9449365))

table 5 : explain SELECT DISTINCT c FROM sbtest5 WHERE id BETWEEN 5617055 AND 5627054 ORDER BY c
	Unique  (cost=32987.07..33033.81 rows=9349 width=121)
	  ->  Sort  (cost=32987.07..33010.44 rows=9349 width=121)
	        Sort Key: c
	        ->  Bitmap Heap Scan on sbtest5  (cost=200.26..32370.47 rows=9349 width=121)
	              Recheck Cond: ((id >= 5617055) AND (id <= 5627054))
	              ->  Bitmap Index Scan on sbtest5_pkey  (cost=0.00..197.93 rows=9349 width=0)
	                    Index Cond: ((id >= 5617055) AND (id <= 5627054))

table 6 : explain SELECT DISTINCT c FROM sbtest6 WHERE id BETWEEN 3383468 AND 3393467 ORDER BY c
	Unique  (cost=36221.49..36273.27 rows=10356 width=121)
	  ->  Sort  (cost=36221.49..36247.38 rows=10356 width=121)
	        Sort Key: c
	        ->  Bitmap Heap Scan on sbtest6  (cost=222.58..35530.83 rows=10356 width=121)
	              Recheck Cond: ((id >= 3383468) AND (id <= 3393467))
	              ->  Bitmap Index Scan on sbtest6_pkey  (cost=0.00..220.00 rows=10356 width=0)
	                    Index Cond: ((id >= 3383468) AND (id <= 3393467))

table 7 : explain SELECT DISTINCT c FROM sbtest7 WHERE id BETWEEN 7192057 AND 7202056 ORDER BY c
	Unique  (cost=37631.90..37685.83 rows=10787 width=121)
	  ->  Sort  (cost=37631.90..37658.86 rows=10787 width=121)
	        Sort Key: c
	        ->  Bitmap Heap Scan on sbtest7  (cost=235.00..36909.33 rows=10787 width=121)
	              Recheck Cond: ((id >= 7192057) AND (id <= 7202056))
	              ->  Bitmap Index Scan on sbtest7_pkey  (cost=0.00..232.31 rows=10787 width=0)
	                    Index Cond: ((id >= 7192057) AND (id <= 7202056))

table 8 : explain SELECT DISTINCT c FROM sbtest8 WHERE id BETWEEN 1749677 AND 1759676 ORDER BY c
	Unique  (cost=33316.42..33363.61 rows=9438 width=121)
	  ->  Sort  (cost=33316.42..33340.02 rows=9438 width=121)
	        Sort Key: c
	        ->  Bitmap Heap Scan on sbtest8  (cost=209.17..32693.31 rows=9438 width=121)
	              Recheck Cond: ((id >= 1749677) AND (id <= 1759676))
	              ->  Bitmap Index Scan on sbtest8_pkey  (cost=0.00..206.81 rows=9438 width=0)
	                    Index Cond: ((id >= 1749677) AND (id <= 1759676))

for point_selects
table 1 : explain SELECT c FROM sbtest1 WHERE id=1858625
	Index Scan using sbtest1_pkey on sbtest1  (cost=0.43..8.45 rows=1 width=121)
	  Index Cond: (id = 1858625)

table 2 : explain SELECT c FROM sbtest2 WHERE id=6866590
	Index Scan using sbtest2_pkey on sbtest2  (cost=0.43..8.45 rows=1 width=121)
	  Index Cond: (id = 6866590)

table 3 : explain SELECT c FROM sbtest3 WHERE id=6043553
	Index Scan using sbtest3_pkey on sbtest3  (cost=0.43..8.45 rows=1 width=121)
	  Index Cond: (id = 6043553)

table 4 : explain SELECT c FROM sbtest4 WHERE id=8607918
	Index Scan using sbtest4_pkey on sbtest4  (cost=0.43..8.45 rows=1 width=121)
	  Index Cond: (id = 8607918)

table 5 : explain SELECT c FROM sbtest5 WHERE id=4085268
	Index Scan using sbtest5_pkey on sbtest5  (cost=0.43..8.45 rows=1 width=121)
	  Index Cond: (id = 4085268)

table 6 : explain SELECT c FROM sbtest6 WHERE id=3601599
	Index Scan using sbtest6_pkey on sbtest6  (cost=0.43..8.45 rows=1 width=121)
	  Index Cond: (id = 3601599)

table 7 : explain SELECT c FROM sbtest7 WHERE id=8593889
	Index Scan using sbtest7_pkey on sbtest7  (cost=0.43..8.45 rows=1 width=121)
	  Index Cond: (id = 8593889)

table 8 : explain SELECT c FROM sbtest8 WHERE id=1014129
	Index Scan using sbtest8_pkey on sbtest8  (cost=0.43..8.45 rows=1 width=121)
	  Index Cond: (id = 1014129)

for point_selects
table 1 : explain SELECT c FROM sbtest1 WHERE id=2205072
	Index Scan using sbtest1_pkey on sbtest1  (cost=0.43..8.45 rows=1 width=121)
	  Index Cond: (id = 2205072)

table 2 : explain SELECT c FROM sbtest2 WHERE id=1596412
	Index Scan using sbtest2_pkey on sbtest2  (cost=0.43..8.45 rows=1 width=121)
	  Index Cond: (id = 1596412)

table 3 : explain SELECT c FROM sbtest3 WHERE id=4980813
	Index Scan using sbtest3_pkey on sbtest3  (cost=0.43..8.45 rows=1 width=121)
	  Index Cond: (id = 4980813)

table 4 : explain SELECT c FROM sbtest4 WHERE id=4964795
	Index Scan using sbtest4_pkey on sbtest4  (cost=0.43..8.45 rows=1 width=121)
	  Index Cond: (id = 4964795)

table 5 : explain SELECT c FROM sbtest5 WHERE id=3902752
	Index Scan using sbtest5_pkey on sbtest5  (cost=0.43..8.45 rows=1 width=121)
	  Index Cond: (id = 3902752)

table 6 : explain SELECT c FROM sbtest6 WHERE id=3248354
	Index Scan using sbtest6_pkey on sbtest6  (cost=0.43..8.45 rows=1 width=121)
	  Index Cond: (id = 3248354)

table 7 : explain SELECT c FROM sbtest7 WHERE id=7576401
	Index Scan using sbtest7_pkey on sbtest7  (cost=0.43..8.45 rows=1 width=121)
	  Index Cond: (id = 7576401)

table 8 : explain SELECT c FROM sbtest8 WHERE id=9968705
	Index Scan using sbtest8_pkey on sbtest8  (cost=0.43..8.45 rows=1 width=121)
	  Index Cond: (id = 9968705)

for: order_ranges
table 1 : explain SELECT c FROM sbtest1 WHERE id BETWEEN 2332513 AND 2342512 ORDER BY c
	Sort  (cost=30762.44..30784.16 rows=8686 width=121)
	  Sort Key: c
	  ->  Bitmap Heap Scan on sbtest1  (cost=185.47..30194.18 rows=8686 width=121)
	        Recheck Cond: ((id >= 2332513) AND (id <= 2342512))
	        ->  Bitmap Index Scan on sbtest1_pkey  (cost=0.00..183.30 rows=8686 width=0)
	              Index Cond: ((id >= 2332513) AND (id <= 2342512))

table 2 : explain SELECT c FROM sbtest2 WHERE id BETWEEN 3988599 AND 3998598 ORDER BY c
	Sort  (cost=36392.26..36418.33 rows=10426 width=121)
	  Sort Key: c
	  ->  Bitmap Heap Scan on sbtest2  (cost=223.30..35696.44 rows=10426 width=121)
	        Recheck Cond: ((id >= 3988599) AND (id <= 3998598))
	        ->  Bitmap Index Scan on sbtest2_pkey  (cost=0.00..220.69 rows=10426 width=0)
	              Index Cond: ((id >= 3988599) AND (id <= 3998598))

table 3 : explain SELECT c FROM sbtest3 WHERE id BETWEEN 3876941 AND 3886940 ORDER BY c
	Sort  (cost=37342.44..37369.25 rows=10725 width=121)
	  Sort Key: c
	  ->  Bitmap Heap Scan on sbtest3  (cost=230.37..36624.47 rows=10725 width=121)
	        Recheck Cond: ((id >= 3876941) AND (id <= 3886940))
	        ->  Bitmap Index Scan on sbtest3_pkey  (cost=0.00..227.69 rows=10725 width=0)
	              Index Cond: ((id >= 3876941) AND (id <= 3886940))

table 4 : explain SELECT c FROM sbtest4 WHERE id BETWEEN 4217657 AND 4227656 ORDER BY c
	Sort  (cost=36601.93..36628.13 rows=10478 width=121)
	  Sort Key: c
	  ->  Bitmap Heap Scan on sbtest4  (cost=223.83..35902.26 rows=10478 width=121)
	        Recheck Cond: ((id >= 4217657) AND (id <= 4227656))
	        ->  Bitmap Index Scan on sbtest4_pkey  (cost=0.00..221.22 rows=10478 width=0)
	              Index Cond: ((id >= 4217657) AND (id <= 4227656))

table 5 : explain SELECT c FROM sbtest5 WHERE id BETWEEN 5358448 AND 5368447 ORDER BY c
	Sort  (cost=33043.44..33066.85 rows=9366 width=121)
	  Sort Key: c
	  ->  Bitmap Heap Scan on sbtest5  (cost=200.44..32425.60 rows=9366 width=121)
	        Recheck Cond: ((id >= 5358448) AND (id <= 5368447))
	        ->  Bitmap Index Scan on sbtest5_pkey  (cost=0.00..198.09 rows=9366 width=0)
	              Index Cond: ((id >= 5358448) AND (id <= 5368447))

table 6 : explain SELECT c FROM sbtest6 WHERE id BETWEEN 2167961 AND 2177960 ORDER BY c
	Sort  (cost=36663.99..36690.23 rows=10496 width=121)
	  Sort Key: c
	  ->  Bitmap Heap Scan on sbtest6  (cost=224.02..35962.99 rows=10496 width=121)
	        Recheck Cond: ((id >= 2167961) AND (id <= 2177960))
	        ->  Bitmap Index Scan on sbtest6_pkey  (cost=0.00..221.40 rows=10496 width=0)
	              Index Cond: ((id >= 2167961) AND (id <= 2177960))

table 7 : explain SELECT c FROM sbtest7 WHERE id BETWEEN 7963870 AND 7973869 ORDER BY c
	Sort  (cost=32894.73..32918.00 rows=9308 width=121)
	  Sort Key: c
	  ->  Bitmap Heap Scan on sbtest7  (cost=203.84..32281.14 rows=9308 width=121)
	        Recheck Cond: ((id >= 7963870) AND (id <= 7973869))
	        ->  Bitmap Index Scan on sbtest7_pkey  (cost=0.00..201.51 rows=9308 width=0)
	              Index Cond: ((id >= 7963870) AND (id <= 7973869))

table 8 : explain SELECT c FROM sbtest8 WHERE id BETWEEN 2161486 AND 2171485 ORDER BY c
	Sort  (cost=34513.07..34537.59 rows=9809 width=121)
	  Sort Key: c
	  ->  Bitmap Heap Scan on sbtest8  (cost=216.98..33862.74 rows=9809 width=121)
	        Recheck Cond: ((id >= 2161486) AND (id <= 2171485))
	        ->  Bitmap Index Scan on sbtest8_pkey  (cost=0.00..214.53 rows=9809 width=0)
	              Index Cond: ((id >= 2161486) AND (id <= 2171485))

for: sum_ranges
table 1 : explain SELECT SUM(k) FROM sbtest1 WHERE id BETWEEN 9185281 AND 9195280
	Aggregate  (cost=36101.98..36101.99 rows=1 width=8)
	  ->  Bitmap Heap Scan on sbtest1  (cost=228.71..36075.57 rows=10563 width=4)
	        Recheck Cond: ((id >= 9185281) AND (id <= 9195280))
	        ->  Bitmap Index Scan on sbtest1_pkey  (cost=0.00..226.06 rows=10563 width=0)
	              Index Cond: ((id >= 9185281) AND (id <= 9195280))

table 2 : explain SELECT SUM(k) FROM sbtest2 WHERE id BETWEEN 8554125 AND 8564124
	Aggregate  (cost=32917.12..32917.13 rows=1 width=8)
	  ->  Bitmap Heap Scan on sbtest2  (cost=206.09..32893.30 rows=9527 width=4)
	        Recheck Cond: ((id >= 8554125) AND (id <= 8564124))
	        ->  Bitmap Index Scan on sbtest2_pkey  (cost=0.00..203.70 rows=9527 width=0)
	              Index Cond: ((id >= 8554125) AND (id <= 8564124))

table 3 : explain SELECT SUM(k) FROM sbtest3 WHERE id BETWEEN 8177595 AND 8187594
	Aggregate  (cost=33936.46..33936.47 rows=1 width=8)
	  ->  Bitmap Heap Scan on sbtest3  (cost=213.41..33911.84 rows=9851 width=4)
	        Recheck Cond: ((id >= 8177595) AND (id <= 8187594))
	        ->  Bitmap Index Scan on sbtest3_pkey  (cost=0.00..210.94 rows=9851 width=0)
	              Index Cond: ((id >= 8177595) AND (id <= 8187594))

table 4 : explain SELECT SUM(k) FROM sbtest4 WHERE id BETWEEN 8375471 AND 8385470
	Aggregate  (cost=36725.11..36725.12 rows=1 width=8)
	  ->  Bitmap Heap Scan on sbtest4  (cost=230.46..36698.27 rows=10734 width=4)
	        Recheck Cond: ((id >= 8375471) AND (id <= 8385470))
	        ->  Bitmap Index Scan on sbtest4_pkey  (cost=0.00..227.78 rows=10734 width=0)
	              Index Cond: ((id >= 8375471) AND (id <= 8385470))

table 5 : explain SELECT SUM(k) FROM sbtest5 WHERE id BETWEEN 1185848 AND 1195847
	Aggregate  (cost=34470.91..34470.92 rows=1 width=8)
	  ->  Bitmap Heap Scan on sbtest5  (cost=215.03..34445.89 rows=10009 width=4)
	        Recheck Cond: ((id >= 1185848) AND (id <= 1195847))
	        ->  Bitmap Index Scan on sbtest5_pkey  (cost=0.00..212.53 rows=10009 width=0)
	              Index Cond: ((id >= 1185848) AND (id <= 1195847))

table 6 : explain SELECT SUM(k) FROM sbtest6 WHERE id BETWEEN 7447732 AND 7457731
	Aggregate  (cost=32831.26..32831.27 rows=1 width=8)
	  ->  Bitmap Heap Scan on sbtest6  (cost=205.67..32807.54 rows=9486 width=4)
	        Recheck Cond: ((id >= 7447732) AND (id <= 7457731))
	        ->  Bitmap Index Scan on sbtest6_pkey  (cost=0.00..203.30 rows=9486 width=0)
	              Index Cond: ((id >= 7447732) AND (id <= 7457731))

table 7 : explain SELECT SUM(k) FROM sbtest7 WHERE id BETWEEN 905488 AND 915487
	Aggregate  (cost=34666.23..34666.24 rows=1 width=8)
	  ->  Bitmap Heap Scan on sbtest7  (cost=219.53..34641.08 rows=10058 width=4)
	        Recheck Cond: ((id >= 905488) AND (id <= 915487))
	        ->  Bitmap Index Scan on sbtest7_pkey  (cost=0.00..217.01 rows=10058 width=0)
	              Index Cond: ((id >= 905488) AND (id <= 915487))

table 8 : explain SELECT SUM(k) FROM sbtest8 WHERE id BETWEEN 4544856 AND 4554855
	Aggregate  (cost=35393.14..35393.15 rows=1 width=8)
	  ->  Bitmap Heap Scan on sbtest8  (cost=225.91..35367.42 rows=10290 width=4)
	        Recheck Cond: ((id >= 4544856) AND (id <= 4554855))
	        ->  Bitmap Index Scan on sbtest8_pkey  (cost=0.00..223.34 rows=10290 width=0)
	              Index Cond: ((id >= 4544856) AND (id <= 4554855))

explain: for point_selects :: explain SELECT c FROM sbtest%u WHERE id=%u
for: sum_ranges
table 1 : explain SELECT SUM(k) FROM sbtest1 WHERE id BETWEEN 791749 AND 801748
	Aggregate  (cost=34892.98..34892.99 rows=1 width=8)
	  ->  Bitmap Heap Scan on sbtest1  (cost=216.72..34867.54 rows=10174 width=4)
	        Recheck Cond: ((id >= 791749) AND (id <= 801748))
	        ->  Bitmap Index Scan on sbtest1_pkey  (cost=0.00..214.18 rows=10174 width=0)
	              Index Cond: ((id >= 791749) AND (id <= 801748))

table 2 : explain SELECT SUM(k) FROM sbtest2 WHERE id BETWEEN 7710270 AND 7720269
	Aggregate  (cost=33688.73..33688.74 rows=1 width=8)
	  ->  Bitmap Heap Scan on sbtest2  (cost=208.62..33664.30 rows=9774 width=4)
	        Recheck Cond: ((id >= 7710270) AND (id <= 7720269))
	        ->  Bitmap Index Scan on sbtest2_pkey  (cost=0.00..206.18 rows=9774 width=0)
	              Index Cond: ((id >= 7710270) AND (id <= 7720269))

table 3 : explain SELECT SUM(k) FROM sbtest3 WHERE id BETWEEN 6864592 AND 6874591
	Aggregate  (cost=34335.50..34335.51 rows=1 width=8)
	  ->  Bitmap Heap Scan on sbtest3  (cost=214.72..34310.56 rows=9979 width=4)
	        Recheck Cond: ((id >= 6864592) AND (id <= 6874591))
	        ->  Bitmap Index Scan on sbtest3_pkey  (cost=0.00..212.23 rows=9979 width=0)
	              Index Cond: ((id >= 6864592) AND (id <= 6874591))

table 4 : explain SELECT SUM(k) FROM sbtest4 WHERE id BETWEEN 5565186 AND 5575185
	Aggregate  (cost=34379.98..34379.99 rows=1 width=8)
	  ->  Bitmap Heap Scan on sbtest4  (cost=214.73..34355.03 rows=9980 width=4)
	        Recheck Cond: ((id >= 5565186) AND (id <= 5575185))
	        ->  Bitmap Index Scan on sbtest4_pkey  (cost=0.00..212.24 rows=9980 width=0)
	              Index Cond: ((id >= 5565186) AND (id <= 5575185))

table 5 : explain SELECT SUM(k) FROM sbtest5 WHERE id BETWEEN 726096 AND 736095
	Aggregate  (cost=34496.69..34496.70 rows=1 width=8)
	  ->  Bitmap Heap Scan on sbtest5  (cost=215.12..34471.64 rows=10018 width=4)
	        Recheck Cond: ((id >= 726096) AND (id <= 736095))
	        ->  Bitmap Index Scan on sbtest5_pkey  (cost=0.00..212.62 rows=10018 width=0)
	              Index Cond: ((id >= 726096) AND (id <= 736095))

table 6 : explain SELECT SUM(k) FROM sbtest6 WHERE id BETWEEN 9604943 AND 9614942
	Aggregate  (cost=33708.03..33708.04 rows=1 width=8)
	  ->  Bitmap Heap Scan on sbtest6  (cost=208.53..33683.62 rows=9765 width=4)
	        Recheck Cond: ((id >= 9604943) AND (id <= 9614942))
	        ->  Bitmap Index Scan on sbtest6_pkey  (cost=0.00..206.09 rows=9765 width=0)
	              Index Cond: ((id >= 9604943) AND (id <= 9614942))

table 7 : explain SELECT SUM(k) FROM sbtest7 WHERE id BETWEEN 7831104 AND 7841103
	Aggregate  (cost=32882.74..32882.75 rows=1 width=8)
	  ->  Bitmap Heap Scan on sbtest7  (cost=205.72..32859.01 rows=9491 width=4)
	        Recheck Cond: ((id >= 7831104) AND (id <= 7841103))
	        ->  Bitmap Index Scan on sbtest7_pkey  (cost=0.00..203.34 rows=9491 width=0)
	              Index Cond: ((id >= 7831104) AND (id <= 7841103))

table 8 : explain SELECT SUM(k) FROM sbtest8 WHERE id BETWEEN 8845150 AND 8855149
	Aggregate  (cost=33777.34..33777.35 rows=1 width=8)
	  ->  Bitmap Heap Scan on sbtest8  (cost=216.62..33752.90 rows=9774 width=4)
	        Recheck Cond: ((id >= 8845150) AND (id <= 8855149))
	        ->  Bitmap Index Scan on sbtest8_pkey  (cost=0.00..214.18 rows=9774 width=0)
	              Index Cond: ((id >= 8845150) AND (id <= 8855149))

for: simple_ranges
table 1 : explain SELECT c FROM sbtest1 WHERE id BETWEEN 9529635 AND 9539634
	Bitmap Heap Scan on sbtest1  (cost=224.18..35912.35 rows=10512 width=121)
	  Recheck Cond: ((id >= 9529635) AND (id <= 9539634))
	  ->  Bitmap Index Scan on sbtest1_pkey  (cost=0.00..221.56 rows=10512 width=0)
	        Index Cond: ((id >= 9529635) AND (id <= 9539634))

table 2 : explain SELECT c FROM sbtest2 WHERE id BETWEEN 8647930 AND 8657929
	Bitmap Heap Scan on sbtest2  (cost=191.47..30851.11 rows=8881 width=121)
	  Recheck Cond: ((id >= 8647930) AND (id <= 8657929))
	  ->  Bitmap Index Scan on sbtest2_pkey  (cost=0.00..189.25 rows=8881 width=0)
	        Index Cond: ((id >= 8647930) AND (id <= 8657929))

table 3 : explain SELECT c FROM sbtest3 WHERE id BETWEEN 4062396 AND 4072395
	Bitmap Heap Scan on sbtest3  (cost=205.98..32863.00 rows=9517 width=121)
	  Recheck Cond: ((id >= 4062396) AND (id <= 4072395))
	  ->  Bitmap Index Scan on sbtest3_pkey  (cost=0.00..203.61 rows=9517 width=0)
	        Index Cond: ((id >= 4062396) AND (id <= 4072395))

table 4 : explain SELECT c FROM sbtest4 WHERE id BETWEEN 8071040 AND 8081039
	Bitmap Heap Scan on sbtest4  (cost=206.24..32979.61 rows=9542 width=121)
	  Recheck Cond: ((id >= 8071040) AND (id <= 8081039))
	  ->  Bitmap Index Scan on sbtest4_pkey  (cost=0.00..203.86 rows=9542 width=0)
	        Index Cond: ((id >= 8071040) AND (id <= 8081039))

table 5 : explain SELECT c FROM sbtest5 WHERE id BETWEEN 6376177 AND 6386176
	Bitmap Heap Scan on sbtest5  (cost=199.94..32273.14 rows=9318 width=121)
	  Recheck Cond: ((id >= 6376177) AND (id <= 6386176))
	  ->  Bitmap Index Scan on sbtest5_pkey  (cost=0.00..197.62 rows=9318 width=0)
	        Index Cond: ((id >= 6376177) AND (id <= 6386176))

table 6 : explain SELECT c FROM sbtest6 WHERE id BETWEEN 8318941 AND 8328940
	Bitmap Heap Scan on sbtest6  (cost=224.04..35969.38 rows=10498 width=121)
	  Recheck Cond: ((id >= 8318941) AND (id <= 8328940))
	  ->  Bitmap Index Scan on sbtest6_pkey  (cost=0.00..221.42 rows=10498 width=0)
	        Index Cond: ((id >= 8318941) AND (id <= 8328940))

table 7 : explain SELECT c FROM sbtest7 WHERE id BETWEEN 2561574 AND 2571573
	Bitmap Heap Scan on sbtest7  (cost=221.95..35377.43 rows=10294 width=121)
	  Recheck Cond: ((id >= 2561574) AND (id <= 2571573))
	  ->  Bitmap Index Scan on sbtest7_pkey  (cost=0.00..219.38 rows=10294 width=0)
	        Index Cond: ((id >= 2561574) AND (id <= 2571573))

table 8 : explain SELECT c FROM sbtest8 WHERE id BETWEEN 6742351 AND 6752350
	Bitmap Heap Scan on sbtest8  (cost=248.67..38614.97 rows=11340 width=121)
	  Recheck Cond: ((id >= 6742351) AND (id <= 6752350))
	  ->  Bitmap Index Scan on sbtest8_pkey  (cost=0.00..245.84 rows=11340 width=0)
	        Index Cond: ((id >= 6742351) AND (id <= 6752350))

for: distinct_ranges
table 1 : explain SELECT DISTINCT c FROM sbtest1 WHERE id BETWEEN 4867954 AND 4877953 ORDER BY c
	Unique  (cost=36863.05..36916.00 rows=10589 width=121)
	  ->  Sort  (cost=36863.05..36889.52 rows=10589 width=121)
	        Sort Key: c
	        ->  Bitmap Heap Scan on sbtest1  (cost=228.97..36155.16 rows=10589 width=121)
	              Recheck Cond: ((id >= 4867954) AND (id <= 4877953))
	              ->  Bitmap Index Scan on sbtest1_pkey  (cost=0.00..226.32 rows=10589 width=0)
	                    Index Cond: ((id >= 4867954) AND (id <= 4877953))

table 2 : explain SELECT DISTINCT c FROM sbtest2 WHERE id BETWEEN 7298460 AND 7308459 ORDER BY c
	Unique  (cost=36929.02..36981.99 rows=10595 width=121)
	  ->  Sort  (cost=36929.02..36955.50 rows=10595 width=121)
	        Sort Key: c
	        ->  Bitmap Heap Scan on sbtest2  (cost=229.03..36220.68 rows=10595 width=121)
	              Recheck Cond: ((id >= 7298460) AND (id <= 7308459))
	              ->  Bitmap Index Scan on sbtest2_pkey  (cost=0.00..226.38 rows=10595 width=0)
	                    Index Cond: ((id >= 7298460) AND (id <= 7308459))

table 3 : explain SELECT DISTINCT c FROM sbtest3 WHERE id BETWEEN 2219788 AND 2229787 ORDER BY c
	Unique  (cost=35716.45..35767.51 rows=10212 width=121)
	  ->  Sort  (cost=35716.45..35741.98 rows=10212 width=121)
	        Sort Key: c
	        ->  Bitmap Heap Scan on sbtest3  (cost=221.11..35036.44 rows=10212 width=121)
	              Recheck Cond: ((id >= 2219788) AND (id <= 2229787))
	              ->  Bitmap Index Scan on sbtest3_pkey  (cost=0.00..218.56 rows=10212 width=0)
	                    Index Cond: ((id >= 2219788) AND (id <= 2229787))

table 4 : explain SELECT DISTINCT c FROM sbtest4 WHERE id BETWEEN 1764770 AND 1774769 ORDER BY c
	Unique  (cost=34251.96..34300.67 rows=9742 width=121)
	  ->  Sort  (cost=34251.96..34276.32 rows=9742 width=121)
	        Sort Key: c
	        ->  Bitmap Heap Scan on sbtest4  (cost=208.29..33606.56 rows=9742 width=121)
	              Recheck Cond: ((id >= 1764770) AND (id <= 1774769))
	              ->  Bitmap Index Scan on sbtest4_pkey  (cost=0.00..205.86 rows=9742 width=0)
	                    Index Cond: ((id >= 1764770) AND (id <= 1774769))

table 5 : explain SELECT DISTINCT c FROM sbtest5 WHERE id BETWEEN 6520420 AND 6530419 ORDER BY c
	Unique  (cost=32874.19..32920.76 rows=9314 width=121)
	  ->  Sort  (cost=32874.19..32897.48 rows=9314 width=121)
	        Sort Key: c
	        ->  Bitmap Heap Scan on sbtest5  (cost=199.90..32260.16 rows=9314 width=121)
	              Recheck Cond: ((id >= 6520420) AND (id <= 6530419))
	              ->  Bitmap Index Scan on sbtest5_pkey  (cost=0.00..197.57 rows=9314 width=0)
	                    Index Cond: ((id >= 6520420) AND (id <= 6530419))

table 6 : explain SELECT DISTINCT c FROM sbtest6 WHERE id BETWEEN 2894289 AND 2904288 ORDER BY c
	Unique  (cost=38438.04..38493.32 rows=11056 width=121)
	  ->  Sort  (cost=38438.04..38465.68 rows=11056 width=121)
	        Sort Key: c
	        ->  Bitmap Heap Scan on sbtest6  (cost=237.76..37695.49 rows=11056 width=121)
	              Recheck Cond: ((id >= 2894289) AND (id <= 2904288))
	              ->  Bitmap Index Scan on sbtest6_pkey  (cost=0.00..235.00 rows=11056 width=0)
	                    Index Cond: ((id >= 2894289) AND (id <= 2904288))

table 7 : explain SELECT DISTINCT c FROM sbtest7 WHERE id BETWEEN 8825126 AND 8835125 ORDER BY c
	Unique  (cost=35191.06..35241.17 rows=10021 width=121)
	  ->  Sort  (cost=35191.06..35216.12 rows=10021 width=121)
	        Sort Key: c
	        ->  Bitmap Heap Scan on sbtest7  (cost=219.15..34525.13 rows=10021 width=121)
	              Recheck Cond: ((id >= 8825126) AND (id <= 8835125))
	              ->  Bitmap Index Scan on sbtest7_pkey  (cost=0.00..216.65 rows=10021 width=0)
	                    Index Cond: ((id >= 8825126) AND (id <= 8835125))

table 8 : explain SELECT DISTINCT c FROM sbtest8 WHERE id BETWEEN 7044475 AND 7054474 ORDER BY c
	Unique  (cost=36690.95..36743.40 rows=10490 width=121)
	  ->  Sort  (cost=36690.95..36717.17 rows=10490 width=121)
	        Sort Key: c
	        ->  Bitmap Heap Scan on sbtest8  (cost=231.96..35990.39 rows=10490 width=121)
	              Recheck Cond: ((id >= 7044475) AND (id <= 7054474))
	              ->  Bitmap Index Scan on sbtest8_pkey  (cost=0.00..229.34 rows=10490 width=0)
	                    Index Cond: ((id >= 7044475) AND (id <= 7054474))

for: order_ranges
table 1 : explain SELECT c FROM sbtest1 WHERE id BETWEEN 8758269 AND 8768268 ORDER BY c
	Sort  (cost=39514.79..39543.38 rows=11435 width=121)
	  Sort Key: c
	  ->  Bitmap Heap Scan on sbtest1  (cost=245.64..38744.00 rows=11435 width=121)
	        Recheck Cond: ((id >= 8758269) AND (id <= 8768268))
	        ->  Bitmap Index Scan on sbtest1_pkey  (cost=0.00..242.79 rows=11435 width=0)
	              Index Cond: ((id >= 8758269) AND (id <= 8768268))

table 2 : explain SELECT c FROM sbtest2 WHERE id BETWEEN 9747260 AND 9757259 ORDER BY c
	Sort  (cost=32491.88..32514.90 rows=9207 width=121)
	  Sort Key: c
	  ->  Bitmap Heap Scan on sbtest2  (cost=198.81..31885.67 rows=9207 width=121)
	        Recheck Cond: ((id >= 9747260) AND (id <= 9757259))
	        ->  Bitmap Index Scan on sbtest2_pkey  (cost=0.00..196.50 rows=9207 width=0)
	              Index Cond: ((id >= 9747260) AND (id <= 9757259))

table 3 : explain SELECT c FROM sbtest3 WHERE id BETWEEN 9446668 AND 9456667 ORDER BY c
	Sort  (cost=33977.55..34001.72 rows=9668 width=121)
	  Sort Key: c
	  ->  Bitmap Heap Scan on sbtest3  (cost=207.53..33337.58 rows=9668 width=121)
	        Recheck Cond: ((id >= 9446668) AND (id <= 9456667))
	        ->  Bitmap Index Scan on sbtest3_pkey  (cost=0.00..205.12 rows=9668 width=0)
	              Index Cond: ((id >= 9446668) AND (id <= 9456667))

table 4 : explain SELECT c FROM sbtest4 WHERE id BETWEEN 4385893 AND 4395892 ORDER BY c
	Sort  (cost=35136.59..35161.63 rows=10018 width=121)
	  Sort Key: c
	  ->  Bitmap Heap Scan on sbtest4  (cost=215.12..34470.88 rows=10018 width=121)
	        Recheck Cond: ((id >= 4385893) AND (id <= 4395892))
	        ->  Bitmap Index Scan on sbtest4_pkey  (cost=0.00..212.62 rows=10018 width=0)
	              Index Cond: ((id >= 4385893) AND (id <= 4395892))

table 5 : explain SELECT c FROM sbtest5 WHERE id BETWEEN 8643435 AND 8653434 ORDER BY c
	Sort  (cost=34837.44..34862.25 rows=9923 width=121)
	  Sort Key: c
	  ->  Bitmap Heap Scan on sbtest5  (cost=214.15..34178.72 rows=9923 width=121)
	        Recheck Cond: ((id >= 8643435) AND (id <= 8653434))
	        ->  Bitmap Index Scan on sbtest5_pkey  (cost=0.00..211.67 rows=9923 width=0)
	              Index Cond: ((id >= 8643435) AND (id <= 8653434))

table 6 : explain SELECT c FROM sbtest6 WHERE id BETWEEN 4706291 AND 4716290 ORDER BY c
	Sort  (cost=31857.27..31879.77 rows=8999 width=121)
	  Sort Key: c
	  ->  Bitmap Heap Scan on sbtest6  (cost=192.67..31266.24 rows=8999 width=121)
	        Recheck Cond: ((id >= 4706291) AND (id <= 4716290))
	        ->  Bitmap Index Scan on sbtest6_pkey  (cost=0.00..190.43 rows=8999 width=0)
	              Index Cond: ((id >= 4706291) AND (id <= 4716290))

table 7 : explain SELECT c FROM sbtest7 WHERE id BETWEEN 6865775 AND 6875774 ORDER BY c
	Sort  (cost=33333.35..33356.96 rows=9444 width=121)
	  Sort Key: c
	  ->  Bitmap Heap Scan on sbtest7  (cost=205.24..32709.81 rows=9444 width=121)
	        Recheck Cond: ((id >= 6865775) AND (id <= 6875774))
	        ->  Bitmap Index Scan on sbtest7_pkey  (cost=0.00..202.88 rows=9444 width=0)
	              Index Cond: ((id >= 6865775) AND (id <= 6875774))

table 8 : explain SELECT c FROM sbtest8 WHERE id BETWEEN 5928945 AND 5938944 ORDER BY c
	Sort  (cost=35470.01..35495.28 rows=10108 width=121)
	  Sort Key: c
	  ->  Bitmap Heap Scan on sbtest8  (cost=220.04..34797.67 rows=10108 width=121)
	        Recheck Cond: ((id >= 5928945) AND (id <= 5938944))
	        ->  Bitmap Index Scan on sbtest8_pkey  (cost=0.00..217.51 rows=10108 width=0)
	              Index Cond: ((id >= 5928945) AND (id <= 5938944))

for: simple_ranges
table 1 : explain SELECT c FROM sbtest1 WHERE id BETWEEN 6357238 AND 6367237
	Bitmap Heap Scan on sbtest1  (cost=205.90..32794.56 rows=9509 width=121)
	  Recheck Cond: ((id >= 6357238) AND (id <= 6367237))
	  ->  Bitmap Index Scan on sbtest1_pkey  (cost=0.00..203.53 rows=9509 width=0)
	        Index Cond: ((id >= 6357238) AND (id <= 6367237))

table 2 : explain SELECT c FROM sbtest2 WHERE id BETWEEN 8387755 AND 8397754
	Bitmap Heap Scan on sbtest2  (cost=221.53..35159.13 rows=10253 width=121)
	  Recheck Cond: ((id >= 8387755) AND (id <= 8397754))
	  ->  Bitmap Index Scan on sbtest2_pkey  (cost=0.00..218.97 rows=10253 width=0)
	        Index Cond: ((id >= 8387755) AND (id <= 8397754))

table 3 : explain SELECT c FROM sbtest3 WHERE id BETWEEN 2920945 AND 2930944
	Bitmap Heap Scan on sbtest3  (cost=223.83..35858.44 rows=10478 width=121)
	  Recheck Cond: ((id >= 2920945) AND (id <= 2930944))
	  ->  Bitmap Index Scan on sbtest3_pkey  (cost=0.00..221.22 rows=10478 width=0)
	        Index Cond: ((id >= 2920945) AND (id <= 2930944))

table 4 : explain SELECT c FROM sbtest4 WHERE id BETWEEN 4426177 AND 4436176
	Bitmap Heap Scan on sbtest4  (cost=199.67..32188.06 rows=9291 width=121)
	  Recheck Cond: ((id >= 4426177) AND (id <= 4436176))
	  ->  Bitmap Index Scan on sbtest4_pkey  (cost=0.00..197.34 rows=9291 width=0)
	        Index Cond: ((id >= 4426177) AND (id <= 4436176))

table 5 : explain SELECT c FROM sbtest5 WHERE id BETWEEN 6442457 AND 6452456
	Bitmap Heap Scan on sbtest5  (cost=247.07..39277.27 rows=11574 width=121)
	  Recheck Cond: ((id >= 6442457) AND (id <= 6452456))
	  ->  Bitmap Index Scan on sbtest5_pkey  (cost=0.00..244.18 rows=11574 width=0)
	        Index Cond: ((id >= 6442457) AND (id <= 6452456))

table 6 : explain SELECT c FROM sbtest6 WHERE id BETWEEN 2234379 AND 2244378
	Bitmap Heap Scan on sbtest6  (cost=214.34..34238.87 rows=9942 width=121)
	  Recheck Cond: ((id >= 2234379) AND (id <= 2244378))
	  ->  Bitmap Index Scan on sbtest6_pkey  (cost=0.00..211.86 rows=9942 width=0)
	        Index Cond: ((id >= 2234379) AND (id <= 2244378))

table 7 : explain SELECT c FROM sbtest7 WHERE id BETWEEN 1399511 AND 1409510
	Bitmap Heap Scan on sbtest7  (cost=198.02..31714.21 rows=9130 width=121)
	  Recheck Cond: ((id >= 1399511) AND (id <= 1409510))
	  ->  Bitmap Index Scan on sbtest7_pkey  (cost=0.00..195.74 rows=9130 width=0)
	        Index Cond: ((id >= 1399511) AND (id <= 1409510))

table 8 : explain SELECT c FROM sbtest8 WHERE id BETWEEN 6938254 AND 6948253
	Bitmap Heap Scan on sbtest8  (cost=195.51..30936.74 rows=8885 width=121)
	  Recheck Cond: ((id >= 6938254) AND (id <= 6948253))
	  ->  Bitmap Index Scan on sbtest8_pkey  (cost=0.00..193.29 rows=8885 width=0)
	        Index Cond: ((id >= 6938254) AND (id <= 6948253))

for: simple_ranges
table 1 : explain SELECT c FROM sbtest1 WHERE id BETWEEN 2200356 AND 2210355
	Bitmap Heap Scan on sbtest1  (cost=223.43..35689.22 rows=10439 width=121)
	  Recheck Cond: ((id >= 2200356) AND (id <= 2210355))
	  ->  Bitmap Index Scan on sbtest1_pkey  (cost=0.00..220.82 rows=10439 width=0)
	        Index Cond: ((id >= 2200356) AND (id <= 2210355))

table 2 : explain SELECT c FROM sbtest2 WHERE id BETWEEN 443399 AND 453398
	Bitmap Heap Scan on sbtest2  (cost=214.06..34109.15 rows=9915 width=121)
	  Recheck Cond: ((id >= 443399) AND (id <= 453398))
	  ->  Bitmap Index Scan on sbtest2_pkey  (cost=0.00..211.59 rows=9915 width=0)
	        Index Cond: ((id >= 443399) AND (id <= 453398))

table 3 : explain SELECT c FROM sbtest3 WHERE id BETWEEN 5986689 AND 5996688
	Bitmap Heap Scan on sbtest3  (cost=216.59..34875.40 rows=10161 width=121)
	  Recheck Cond: ((id >= 5986689) AND (id <= 5996688))
	  ->  Bitmap Index Scan on sbtest3_pkey  (cost=0.00..214.05 rows=10161 width=0)
	        Index Cond: ((id >= 5986689) AND (id <= 5996688))

table 4 : explain SELECT c FROM sbtest4 WHERE id BETWEEN 6193579 AND 6203578
	Bitmap Heap Scan on sbtest4  (cost=207.48..33361.12 rows=9663 width=121)
	  Recheck Cond: ((id >= 6193579) AND (id <= 6203578))
	  ->  Bitmap Index Scan on sbtest4_pkey  (cost=0.00..205.06 rows=9663 width=0)
	        Index Cond: ((id >= 6193579) AND (id <= 6203578))

table 5 : explain SELECT c FROM sbtest5 WHERE id BETWEEN 2949318 AND 2959317
	Bitmap Heap Scan on sbtest5  (cost=222.64..35541.36 rows=10361 width=121)
	  Recheck Cond: ((id >= 2949318) AND (id <= 2959317))
	  ->  Bitmap Index Scan on sbtest5_pkey  (cost=0.00..220.05 rows=10361 width=0)
	        Index Cond: ((id >= 2949318) AND (id <= 2959317))

table 6 : explain SELECT c FROM sbtest6 WHERE id BETWEEN 5560091 AND 5570090
	Bitmap Heap Scan on sbtest6  (cost=206.58..33089.11 rows=9575 width=121)
	  Recheck Cond: ((id >= 5560091) AND (id <= 5570090))
	  ->  Bitmap Index Scan on sbtest6_pkey  (cost=0.00..204.19 rows=9575 width=0)
	        Index Cond: ((id >= 5560091) AND (id <= 5570090))

table 7 : explain SELECT c FROM sbtest7 WHERE id BETWEEN 5745252 AND 5755251
	Bitmap Heap Scan on sbtest7  (cost=214.36..34282.60 rows=9944 width=121)
	  Recheck Cond: ((id >= 5745252) AND (id <= 5755251))
	  ->  Bitmap Index Scan on sbtest7_pkey  (cost=0.00..211.88 rows=9944 width=0)
	        Index Cond: ((id >= 5745252) AND (id <= 5755251))

table 8 : explain SELECT c FROM sbtest8 WHERE id BETWEEN 7189822 AND 7199821
	Bitmap Heap Scan on sbtest8  (cost=240.58..37387.22 rows=10941 width=121)
	  Recheck Cond: ((id >= 7189822) AND (id <= 7199821))
	  ->  Bitmap Index Scan on sbtest8_pkey  (cost=0.00..237.84 rows=10941 width=0)
	        Index Cond: ((id >= 7189822) AND (id <= 7199821))

for: order_ranges
table 1 : explain SELECT c FROM sbtest1 WHERE id BETWEEN 9345518 AND 9355517 ORDER BY c
	Sort  (cost=37175.85..37202.57 rows=10689 width=121)
	  Sort Key: c
	  ->  Bitmap Heap Scan on sbtest1  (cost=230.00..36460.55 rows=10689 width=121)
	        Recheck Cond: ((id >= 9345518) AND (id <= 9355517))
	        ->  Bitmap Index Scan on sbtest1_pkey  (cost=0.00..227.32 rows=10689 width=0)
	              Index Cond: ((id >= 9345518) AND (id <= 9355517))

table 2 : explain SELECT c FROM sbtest2 WHERE id BETWEEN 2622648 AND 2632647 ORDER BY c
	Sort  (cost=33479.99..33503.77 rows=9514 width=121)
	  Sort Key: c
	  ->  Bitmap Heap Scan on sbtest2  (cost=205.95..32851.31 rows=9514 width=121)
	        Recheck Cond: ((id >= 2622648) AND (id <= 2632647))
	        ->  Bitmap Index Scan on sbtest2_pkey  (cost=0.00..203.57 rows=9514 width=0)
	              Index Cond: ((id >= 2622648) AND (id <= 2632647))

table 3 : explain SELECT c FROM sbtest3 WHERE id BETWEEN 7933001 AND 7943000 ORDER BY c
	Sort  (cost=34069.98..34094.22 rows=9697 width=121)
	  Sort Key: c
	  ->  Bitmap Heap Scan on sbtest3  (cost=207.83..33427.88 rows=9697 width=121)
	        Recheck Cond: ((id >= 7933001) AND (id <= 7943000))
	        ->  Bitmap Index Scan on sbtest3_pkey  (cost=0.00..205.41 rows=9697 width=0)
	              Index Cond: ((id >= 7933001) AND (id <= 7943000))

table 4 : explain SELECT c FROM sbtest4 WHERE id BETWEEN 6788200 AND 6798199 ORDER BY c
	Sort  (cost=34961.99..34986.90 rows=9963 width=121)
	  Sort Key: c
	  ->  Bitmap Heap Scan on sbtest4  (cost=214.56..34300.33 rows=9963 width=121)
	        Recheck Cond: ((id >= 6788200) AND (id <= 6798199))
	        ->  Bitmap Index Scan on sbtest4_pkey  (cost=0.00..212.06 rows=9963 width=0)
	              Index Cond: ((id >= 6788200) AND (id <= 6798199))

table 5 : explain SELECT c FROM sbtest5 WHERE id BETWEEN 8030392 AND 8040391 ORDER BY c
	Sort  (cost=33740.15..33764.10 rows=9582 width=121)
	  Sort Key: c
	  ->  Bitmap Heap Scan on sbtest5  (cost=206.65..33106.48 rows=9582 width=121)
	        Recheck Cond: ((id >= 8030392) AND (id <= 8040391))
	        ->  Bitmap Index Scan on sbtest5_pkey  (cost=0.00..204.25 rows=9582 width=0)
	              Index Cond: ((id >= 8030392) AND (id <= 8040391))

table 6 : explain SELECT c FROM sbtest6 WHERE id BETWEEN 2358267 AND 2368266 ORDER BY c
	Sort  (cost=38145.04..38172.45 rows=10963 width=121)
	  Sort Key: c
	  ->  Bitmap Heap Scan on sbtest6  (cost=236.81..37409.41 rows=10963 width=121)
	        Recheck Cond: ((id >= 2358267) AND (id <= 2368266))
	        ->  Bitmap Index Scan on sbtest6_pkey  (cost=0.00..234.06 rows=10963 width=0)
	              Index Cond: ((id >= 2358267) AND (id <= 2368266))

table 7 : explain SELECT c FROM sbtest7 WHERE id BETWEEN 6485102 AND 6495101 ORDER BY c
	Sort  (cost=37101.08..37127.63 rows=10620 width=121)
	  Sort Key: c
	  ->  Bitmap Heap Scan on sbtest7  (cost=229.29..36390.89 rows=10620 width=121)
	        Recheck Cond: ((id >= 6485102) AND (id <= 6495101))
	        ->  Bitmap Index Scan on sbtest7_pkey  (cost=0.00..226.63 rows=10620 width=0)
	              Index Cond: ((id >= 6485102) AND (id <= 6495101))

table 8 : explain SELECT c FROM sbtest8 WHERE id BETWEEN 1282343 AND 1292342 ORDER BY c
	Sort  (cost=35437.10..35462.35 rows=10098 width=121)
	  Sort Key: c
	  ->  Bitmap Heap Scan on sbtest8  (cost=219.94..34765.49 rows=10098 width=121)
	        Recheck Cond: ((id >= 1282343) AND (id <= 1292342))
	        ->  Bitmap Index Scan on sbtest8_pkey  (cost=0.00..217.42 rows=10098 width=0)
	              Index Cond: ((id >= 1282343) AND (id <= 1292342))

for: order_ranges
table 1 : explain SELECT c FROM sbtest1 WHERE id BETWEEN 8709994 AND 8719993 ORDER BY c
	Sort  (cost=37126.96..37153.65 rows=10673 width=121)
	  Sort Key: c
	  ->  Bitmap Heap Scan on sbtest1  (cost=229.83..36412.85 rows=10673 width=121)
	        Recheck Cond: ((id >= 8709994) AND (id <= 8719993))
	        ->  Bitmap Index Scan on sbtest1_pkey  (cost=0.00..227.17 rows=10673 width=0)
	              Index Cond: ((id >= 8709994) AND (id <= 8719993))

table 2 : explain SELECT c FROM sbtest2 WHERE id BETWEEN 32641 AND 42640 ORDER BY c
	Sort  (cost=37062.90..37089.50 rows=10638 width=121)
	  Sort Key: c
	  ->  Bitmap Heap Scan on sbtest2  (cost=229.47..36351.39 rows=10638 width=121)
	        Recheck Cond: ((id >= 32641) AND (id <= 42640))
	        ->  Bitmap Index Scan on sbtest2_pkey  (cost=0.00..226.81 rows=10638 width=0)
	              Index Cond: ((id >= 32641) AND (id <= 42640))

table 3 : explain SELECT c FROM sbtest3 WHERE id BETWEEN 5492864 AND 5502863 ORDER BY c
	Sort  (cost=32380.89..32403.82 rows=9172 width=121)
	  Sort Key: c
	  ->  Bitmap Heap Scan on sbtest3  (cost=198.45..31777.23 rows=9172 width=121)
	        Recheck Cond: ((id >= 5492864) AND (id <= 5502863))
	        ->  Bitmap Index Scan on sbtest3_pkey  (cost=0.00..196.16 rows=9172 width=0)
	              Index Cond: ((id >= 5492864) AND (id <= 5502863))

table 4 : explain SELECT c FROM sbtest4 WHERE id BETWEEN 3962331 AND 3972330 ORDER BY c
	Sort  (cost=33736.12..33760.07 rows=9581 width=121)
	  Sort Key: c
	  ->  Bitmap Heap Scan on sbtest4  (cost=206.64..33102.53 rows=9581 width=121)
	        Recheck Cond: ((id >= 3962331) AND (id <= 3972330))
	        ->  Bitmap Index Scan on sbtest4_pkey  (cost=0.00..204.25 rows=9581 width=0)
	              Index Cond: ((id >= 3962331) AND (id <= 3972330))

table 5 : explain SELECT c FROM sbtest5 WHERE id BETWEEN 5732443 AND 5742442 ORDER BY c
	Sort  (cost=36442.18..36468.25 rows=10427 width=121)
	  Sort Key: c
	  ->  Bitmap Heap Scan on sbtest5  (cost=223.31..35746.28 rows=10427 width=121)
	        Recheck Cond: ((id >= 5732443) AND (id <= 5742442))
	        ->  Bitmap Index Scan on sbtest5_pkey  (cost=0.00..220.70 rows=10427 width=0)
	              Index Cond: ((id >= 5732443) AND (id <= 5742442))

table 6 : explain SELECT c FROM sbtest6 WHERE id BETWEEN 4323290 AND 4333289 ORDER BY c
	Sort  (cost=36254.35..36280.27 rows=10367 width=121)
	  Sort Key: c
	  ->  Bitmap Heap Scan on sbtest6  (cost=222.70..35562.89 rows=10367 width=121)
	        Recheck Cond: ((id >= 4323290) AND (id <= 4333289))
	        ->  Bitmap Index Scan on sbtest6_pkey  (cost=0.00..220.11 rows=10367 width=0)
	              Index Cond: ((id >= 4323290) AND (id <= 4333289))

table 7 : explain SELECT c FROM sbtest7 WHERE id BETWEEN 1808502 AND 1818501 ORDER BY c
	Sort  (cost=34020.42..34044.56 rows=9656 width=121)
	  Sort Key: c
	  ->  Bitmap Heap Scan on sbtest7  (cost=211.41..33381.32 rows=9656 width=121)
	        Recheck Cond: ((id >= 1808502) AND (id <= 1818501))
	        ->  Bitmap Index Scan on sbtest7_pkey  (cost=0.00..209.00 rows=9656 width=0)
	              Index Cond: ((id >= 1808502) AND (id <= 1818501))

table 8 : explain SELECT c FROM sbtest8 WHERE id BETWEEN 8250763 AND 8260762 ORDER BY c
	Sort  (cost=33179.50..33202.99 rows=9396 width=121)
	  Sort Key: c
	  ->  Bitmap Heap Scan on sbtest8  (cost=204.74..32559.47 rows=9396 width=121)
	        Recheck Cond: ((id >= 8250763) AND (id <= 8260762))
	        ->  Bitmap Index Scan on sbtest8_pkey  (cost=0.00..202.40 rows=9396 width=0)
	              Index Cond: ((id >= 8250763) AND (id <= 8260762))

for point_selects
table 1 : explain SELECT c FROM sbtest1 WHERE id=2610076
	Index Scan using sbtest1_pkey on sbtest1  (cost=0.43..8.45 rows=1 width=121)
	  Index Cond: (id = 2610076)

table 2 : explain SELECT c FROM sbtest2 WHERE id=1491433
	Index Scan using sbtest2_pkey on sbtest2  (cost=0.43..8.45 rows=1 width=121)
	  Index Cond: (id = 1491433)

table 3 : explain SELECT c FROM sbtest3 WHERE id=581845
	Index Scan using sbtest3_pkey on sbtest3  (cost=0.43..8.45 rows=1 width=121)
	  Index Cond: (id = 581845)

table 4 : explain SELECT c FROM sbtest4 WHERE id=6408677
	Index Scan using sbtest4_pkey on sbtest4  (cost=0.43..8.45 rows=1 width=121)
	  Index Cond: (id = 6408677)

table 5 : explain SELECT c FROM sbtest5 WHERE id=3586786
	Index Scan using sbtest5_pkey on sbtest5  (cost=0.43..8.45 rows=1 width=121)
	  Index Cond: (id = 3586786)

table 6 : explain SELECT c FROM sbtest6 WHERE id=786988
	Index Scan using sbtest6_pkey on sbtest6  (cost=0.43..8.45 rows=1 width=121)
	  Index Cond: (id = 786988)

table 7 : explain SELECT c FROM sbtest7 WHERE id=6825384
	Index Scan using sbtest7_pkey on sbtest7  (cost=0.43..8.45 rows=1 width=121)
	  Index Cond: (id = 6825384)

table 8 : explain SELECT c FROM sbtest8 WHERE id=3417733
	Index Scan using sbtest8_pkey on sbtest8  (cost=0.43..8.45 rows=1 width=121)
	  Index Cond: (id = 3417733)

for: distinct_ranges
table 1 : explain SELECT DISTINCT c FROM sbtest1 WHERE id BETWEEN 1413117 AND 1423116 ORDER BY c
	Unique  (cost=34279.93..34328.81 rows=9777 width=121)
	  ->  Sort  (cost=34279.93..34304.37 rows=9777 width=121)
	        Sort Key: c
	        ->  Bitmap Heap Scan on sbtest1  (cost=208.65..33631.95 rows=9777 width=121)
	              Recheck Cond: ((id >= 1413117) AND (id <= 1423116))
	              ->  Bitmap Index Scan on sbtest1_pkey  (cost=0.00..206.20 rows=9777 width=0)
	                    Index Cond: ((id >= 1413117) AND (id <= 1423116))

table 2 : explain SELECT DISTINCT c FROM sbtest2 WHERE id BETWEEN 4237684 AND 4247683 ORDER BY c
	Unique  (cost=36353.04..36405.11 rows=10414 width=121)
	  ->  Sort  (cost=36353.04..36379.08 rows=10414 width=121)
	        Sort Key: c
	        ->  Bitmap Heap Scan on sbtest2  (cost=223.18..35658.10 rows=10414 width=121)
	              Recheck Cond: ((id >= 4237684) AND (id <= 4247683))
	              ->  Bitmap Index Scan on sbtest2_pkey  (cost=0.00..220.57 rows=10414 width=0)
	                    Index Cond: ((id >= 4237684) AND (id <= 4247683))

table 3 : explain SELECT DISTINCT c FROM sbtest3 WHERE id BETWEEN 5774932 AND 5784931 ORDER BY c
	Unique  (cost=33706.77..33754.69 rows=9584 width=121)
	  ->  Sort  (cost=33706.77..33730.73 rows=9584 width=121)
	        Sort Key: c
	        ->  Bitmap Heap Scan on sbtest3  (cost=206.67..33072.97 rows=9584 width=121)
	              Recheck Cond: ((id >= 5774932) AND (id <= 5784931))
	              ->  Bitmap Index Scan on sbtest3_pkey  (cost=0.00..204.28 rows=9584 width=0)
	                    Index Cond: ((id >= 5774932) AND (id <= 5784931))

table 4 : explain SELECT DISTINCT c FROM sbtest4 WHERE id BETWEEN 2673284 AND 2683283 ORDER BY c
	Unique  (cost=36641.19..36693.64 rows=10490 width=121)
	  ->  Sort  (cost=36641.19..36667.41 rows=10490 width=121)
	        Sort Key: c
	        ->  Bitmap Heap Scan on sbtest4  (cost=223.96..35940.63 rows=10490 width=121)
	              Recheck Cond: ((id >= 2673284) AND (id <= 2683283))
	              ->  Bitmap Index Scan on sbtest4_pkey  (cost=0.00..221.34 rows=10490 width=0)
	                    Index Cond: ((id >= 2673284) AND (id <= 2683283))

table 5 : explain SELECT DISTINCT c FROM sbtest5 WHERE id BETWEEN 5030041 AND 5040040 ORDER BY c
	Unique  (cost=35449.98..35500.56 rows=10116 width=121)
	  ->  Sort  (cost=35449.98..35475.27 rows=10116 width=121)
	        Sort Key: c
	        ->  Bitmap Heap Scan on sbtest5  (cost=216.12..34777.05 rows=10116 width=121)
	              Recheck Cond: ((id >= 5030041) AND (id <= 5040040))
	              ->  Bitmap Index Scan on sbtest5_pkey  (cost=0.00..213.59 rows=10116 width=0)
	                    Index Cond: ((id >= 5030041) AND (id <= 5040040))

table 6 : explain SELECT DISTINCT c FROM sbtest6 WHERE id BETWEEN 3277855 AND 3287854 ORDER BY c
	Unique  (cost=33973.80..34022.07 rows=9654 width=121)
	  ->  Sort  (cost=33973.80..33997.94 rows=9654 width=121)
	        Sort Key: c
	        ->  Bitmap Heap Scan on sbtest6  (cost=207.39..33334.85 rows=9654 width=121)
	              Recheck Cond: ((id >= 3277855) AND (id <= 3287854))
	              ->  Bitmap Index Scan on sbtest6_pkey  (cost=0.00..204.98 rows=9654 width=0)
	                    Index Cond: ((id >= 3277855) AND (id <= 3287854))

table 7 : explain SELECT DISTINCT c FROM sbtest7 WHERE id BETWEEN 3694437 AND 3704436 ORDER BY c
	Unique  (cost=34384.53..34433.38 rows=9770 width=121)
	  ->  Sort  (cost=34384.53..34408.95 rows=9770 width=121)
	        Sort Key: c
	        ->  Bitmap Heap Scan on sbtest7  (cost=212.58..33737.06 rows=9770 width=121)
	              Recheck Cond: ((id >= 3694437) AND (id <= 3704436))
	              ->  Bitmap Index Scan on sbtest7_pkey  (cost=0.00..210.13 rows=9770 width=0)
	                    Index Cond: ((id >= 3694437) AND (id <= 3704436))

table 8 : explain SELECT DISTINCT c FROM sbtest8 WHERE id BETWEEN 3311014 AND 3321013 ORDER BY c
	Unique  (cost=35579.50..35630.21 rows=10142 width=121)
	  ->  Sort  (cost=35579.50..35604.85 rows=10142 width=121)
	        Sort Key: c
	        ->  Bitmap Heap Scan on sbtest8  (cost=224.39..34904.65 rows=10142 width=121)
	              Recheck Cond: ((id >= 3311014) AND (id <= 3321013))
	              ->  Bitmap Index Scan on sbtest8_pkey  (cost=0.00..221.86 rows=10142 width=0)
	                    Index Cond: ((id >= 3311014) AND (id <= 3321013))

for: sum_ranges
table 1 : explain SELECT SUM(k) FROM sbtest1 WHERE id BETWEEN 7891641 AND 7901640
	Aggregate  (cost=36932.31..36932.32 rows=1 width=8)
	  ->  Bitmap Heap Scan on sbtest1  (cost=231.48..36905.22 rows=10834 width=4)
	        Recheck Cond: ((id >= 7891641) AND (id <= 7901640))
	        ->  Bitmap Index Scan on sbtest1_pkey  (cost=0.00..228.78 rows=10834 width=0)
	              Index Cond: ((id >= 7891641) AND (id <= 7901640))

table 2 : explain SELECT SUM(k) FROM sbtest2 WHERE id BETWEEN 6366195 AND 6376194
	Aggregate  (cost=33117.52..33117.53 rows=1 width=8)
	  ->  Bitmap Heap Scan on sbtest2  (cost=206.74..33093.54 rows=9591 width=4)
	        Recheck Cond: ((id >= 6366195) AND (id <= 6376194))
	        ->  Bitmap Index Scan on sbtest2_pkey  (cost=0.00..204.34 rows=9591 width=0)
	              Index Cond: ((id >= 6366195) AND (id <= 6376194))

table 3 : explain SELECT SUM(k) FROM sbtest3 WHERE id BETWEEN 4427416 AND 4437415
	Aggregate  (cost=34148.93..34148.94 rows=1 width=8)
	  ->  Bitmap Heap Scan on sbtest3  (cost=214.10..34124.14 rows=9919 width=4)
	        Recheck Cond: ((id >= 4427416) AND (id <= 4437415))
	        ->  Bitmap Index Scan on sbtest3_pkey  (cost=0.00..211.62 rows=9919 width=0)
	              Index Cond: ((id >= 4427416) AND (id <= 4437415))

table 4 : explain SELECT SUM(k) FROM sbtest4 WHERE id BETWEEN 839581 AND 849580
	Aggregate  (cost=36364.23..36364.24 rows=1 width=8)
	  ->  Bitmap Heap Scan on sbtest4  (cost=229.26..36337.69 rows=10617 width=4)
	        Recheck Cond: ((id >= 839581) AND (id <= 849580))
	        ->  Bitmap Index Scan on sbtest4_pkey  (cost=0.00..226.61 rows=10617 width=0)
	              Index Cond: ((id >= 839581) AND (id <= 849580))

table 5 : explain SELECT SUM(k) FROM sbtest5 WHERE id BETWEEN 7284126 AND 7294125
	Aggregate  (cost=34683.32..34683.33 rows=1 width=8)
	  ->  Bitmap Heap Scan on sbtest5  (cost=215.72..34658.12 rows=10077 width=4)
	        Recheck Cond: ((id >= 7284126) AND (id <= 7294125))
	        ->  Bitmap Index Scan on sbtest5_pkey  (cost=0.00..213.20 rows=10077 width=0)
	              Index Cond: ((id >= 7284126) AND (id <= 7294125))

table 6 : explain SELECT SUM(k) FROM sbtest6 WHERE id BETWEEN 8144693 AND 8154692
	Aggregate  (cost=33494.78..33494.79 rows=1 width=8)
	  ->  Bitmap Heap Scan on sbtest6  (cost=207.83..33470.54 rows=9697 width=4)
	        Recheck Cond: ((id >= 8144693) AND (id <= 8154692))
	        ->  Bitmap Index Scan on sbtest6_pkey  (cost=0.00..205.41 rows=9697 width=0)
	              Index Cond: ((id >= 8144693) AND (id <= 8154692))

table 7 : explain SELECT SUM(k) FROM sbtest7 WHERE id BETWEEN 6632217 AND 6642216
	Aggregate  (cost=33806.75..33806.76 rows=1 width=8)
	  ->  Bitmap Heap Scan on sbtest7  (cost=212.72..33782.29 rows=9784 width=4)
	        Recheck Cond: ((id >= 6632217) AND (id <= 6642216))
	        ->  Bitmap Index Scan on sbtest7_pkey  (cost=0.00..210.28 rows=9784 width=0)
	              Index Cond: ((id >= 6632217) AND (id <= 6642216))

table 8 : explain SELECT SUM(k) FROM sbtest8 WHERE id BETWEEN 5499977 AND 5509976
	Aggregate  (cost=36115.97..36115.98 rows=1 width=8)
	  ->  Bitmap Heap Scan on sbtest8  (cost=232.29..36089.67 rows=10522 width=4)
	        Recheck Cond: ((id >= 5499977) AND (id <= 5509976))
	        ->  Bitmap Index Scan on sbtest8_pkey  (cost=0.00..229.66 rows=10522 width=0)
	              Index Cond: ((id >= 5499977) AND (id <= 5509976))

for: sum_ranges
table 1 : explain SELECT SUM(k) FROM sbtest1 WHERE id BETWEEN 2202086 AND 2212085
	Aggregate  (cost=35715.31..35715.32 rows=1 width=8)
	  ->  Bitmap Heap Scan on sbtest1  (cost=223.43..35689.22 rows=10439 width=4)
	        Recheck Cond: ((id >= 2202086) AND (id <= 2212085))
	        ->  Bitmap Index Scan on sbtest1_pkey  (cost=0.00..220.82 rows=10439 width=0)
	              Index Cond: ((id >= 2202086) AND (id <= 2212085))

table 2 : explain SELECT SUM(k) FROM sbtest2 WHERE id BETWEEN 660255 AND 670254
	Aggregate  (cost=34991.61..34991.62 rows=1 width=8)
	  ->  Bitmap Heap Scan on sbtest2  (cost=216.89..34966.13 rows=10191 width=4)
	        Recheck Cond: ((id >= 660255) AND (id <= 670254))
	        ->  Bitmap Index Scan on sbtest2_pkey  (cost=0.00..214.34 rows=10191 width=0)
	              Index Cond: ((id >= 660255) AND (id <= 670254))

table 3 : explain SELECT SUM(k) FROM sbtest3 WHERE id BETWEEN 2810315 AND 2820314
	Aggregate  (cost=36236.75..36236.76 rows=1 width=8)
	  ->  Bitmap Heap Scan on sbtest3  (cost=228.99..36210.27 rows=10591 width=4)
	        Recheck Cond: ((id >= 2810315) AND (id <= 2820314))
	        ->  Bitmap Index Scan on sbtest3_pkey  (cost=0.00..226.34 rows=10591 width=0)
	              Index Cond: ((id >= 2810315) AND (id <= 2820314))

table 4 : explain SELECT SUM(k) FROM sbtest4 WHERE id BETWEEN 3896882 AND 3906881
	Aggregate  (cost=32256.78..32256.79 rows=1 width=8)
	  ->  Bitmap Heap Scan on sbtest4  (cost=199.82..32233.51 rows=9306 width=4)
	        Recheck Cond: ((id >= 3896882) AND (id <= 3906881))
	        ->  Bitmap Index Scan on sbtest4_pkey  (cost=0.00..197.50 rows=9306 width=0)
	              Index Cond: ((id >= 3896882) AND (id <= 3906881))

table 5 : explain SELECT SUM(k) FROM sbtest5 WHERE id BETWEEN 3900647 AND 3910646
	Aggregate  (cost=36361.87..36361.88 rows=1 width=8)
	  ->  Bitmap Heap Scan on sbtest5  (cost=229.25..36335.33 rows=10616 width=4)
	        Recheck Cond: ((id >= 3900647) AND (id <= 3910646))
	        ->  Bitmap Index Scan on sbtest5_pkey  (cost=0.00..226.59 rows=10616 width=0)
	              Index Cond: ((id >= 3900647) AND (id <= 3910646))

table 6 : explain SELECT SUM(k) FROM sbtest6 WHERE id BETWEEN 3435753 AND 3445752
	Aggregate  (cost=35556.72..35556.73 rows=1 width=8)
	  ->  Bitmap Heap Scan on sbtest6  (cost=222.58..35530.83 rows=10356 width=4)
	        Recheck Cond: ((id >= 3435753) AND (id <= 3445752))
	        ->  Bitmap Index Scan on sbtest6_pkey  (cost=0.00..220.00 rows=10356 width=0)
	              Index Cond: ((id >= 3435753) AND (id <= 3445752))

table 7 : explain SELECT SUM(k) FROM sbtest7 WHERE id BETWEEN 2909657 AND 2919656
	Aggregate  (cost=36116.38..36116.39 rows=1 width=8)
	  ->  Bitmap Heap Scan on sbtest7  (cost=228.30..36090.08 rows=10523 width=4)
	        Recheck Cond: ((id >= 2909657) AND (id <= 2919656))
	        ->  Bitmap Index Scan on sbtest7_pkey  (cost=0.00..225.67 rows=10523 width=0)
	              Index Cond: ((id >= 2909657) AND (id <= 2919656))

table 8 : explain SELECT SUM(k) FROM sbtest8 WHERE id BETWEEN 3009858 AND 3019857
	Aggregate  (cost=36813.64..36813.65 rows=1 width=8)
	  ->  Bitmap Heap Scan on sbtest8  (cost=234.60..36786.77 rows=10748 width=4)
	        Recheck Cond: ((id >= 3009858) AND (id <= 3019857))
	        ->  Bitmap Index Scan on sbtest8_pkey  (cost=0.00..231.92 rows=10748 width=0)
	              Index Cond: ((id >= 3009858) AND (id <= 3019857))

for: sum_ranges
table 1 : explain SELECT SUM(k) FROM sbtest1 WHERE id BETWEEN 8754143 AND 8764142
	Aggregate  (cost=38772.59..38772.60 rows=1 width=8)
	  ->  Bitmap Heap Scan on sbtest1  (cost=245.64..38744.00 rows=11435 width=4)
	        Recheck Cond: ((id >= 8754143) AND (id <= 8764142))
	        ->  Bitmap Index Scan on sbtest1_pkey  (cost=0.00..242.79 rows=11435 width=0)
	              Index Cond: ((id >= 8754143) AND (id <= 8764142))

table 2 : explain SELECT SUM(k) FROM sbtest2 WHERE id BETWEEN 1828332 AND 1838331
	Aggregate  (cost=35696.93..35696.94 rows=1 width=8)
	  ->  Bitmap Heap Scan on sbtest2  (cost=223.22..35670.88 rows=10418 width=4)
	        Recheck Cond: ((id >= 1828332) AND (id <= 1838331))
	        ->  Bitmap Index Scan on sbtest2_pkey  (cost=0.00..220.62 rows=10418 width=0)
	              Index Cond: ((id >= 1828332) AND (id <= 1838331))

table 3 : explain SELECT SUM(k) FROM sbtest3 WHERE id BETWEEN 2036809 AND 2046808
	Aggregate  (cost=34187.56..34187.57 rows=1 width=8)
	  ->  Bitmap Heap Scan on sbtest3  (cost=214.24..34162.73 rows=9932 width=4)
	        Recheck Cond: ((id >= 2036809) AND (id <= 2046808))
	        ->  Bitmap Index Scan on sbtest3_pkey  (cost=0.00..211.75 rows=9932 width=0)
	              Index Cond: ((id >= 2036809) AND (id <= 2046808))

table 4 : explain SELECT SUM(k) FROM sbtest4 WHERE id BETWEEN 7699835 AND 7709834
	Aggregate  (cost=36133.24..36133.25 rows=1 width=8)
	  ->  Bitmap Heap Scan on sbtest4  (cost=224.51..36106.88 rows=10544 width=4)
	        Recheck Cond: ((id >= 7699835) AND (id <= 7709834))
	        ->  Bitmap Index Scan on sbtest4_pkey  (cost=0.00..221.88 rows=10544 width=0)
	              Index Cond: ((id >= 7699835) AND (id <= 7709834))

table 5 : explain SELECT SUM(k) FROM sbtest5 WHERE id BETWEEN 6501729 AND 6511728
	Aggregate  (cost=32283.45..32283.46 rows=1 width=8)
	  ->  Bitmap Heap Scan on sbtest5  (cost=199.90..32260.16 rows=9314 width=4)
	        Recheck Cond: ((id >= 6501729) AND (id <= 6511728))
	        ->  Bitmap Index Scan on sbtest5_pkey  (cost=0.00..197.57 rows=9314 width=0)
	              Index Cond: ((id >= 6501729) AND (id <= 6511728))

table 6 : explain SELECT SUM(k) FROM sbtest6 WHERE id BETWEEN 924982 AND 934981
	Aggregate  (cost=37120.70..37120.71 rows=1 width=8)
	  ->  Bitmap Heap Scan on sbtest6  (cost=231.77..37093.54 rows=10862 width=4)
	        Recheck Cond: ((id >= 924982) AND (id <= 934981))
	        ->  Bitmap Index Scan on sbtest6_pkey  (cost=0.00..229.06 rows=10862 width=0)
	              Index Cond: ((id >= 924982) AND (id <= 934981))

table 7 : explain SELECT SUM(k) FROM sbtest7 WHERE id BETWEEN 5766404 AND 5776403
	Aggregate  (cost=34307.46..34307.47 rows=1 width=8)
	  ->  Bitmap Heap Scan on sbtest7  (cost=214.36..34282.60 rows=9944 width=4)
	        Recheck Cond: ((id >= 5766404) AND (id <= 5776403))
	        ->  Bitmap Index Scan on sbtest7_pkey  (cost=0.00..211.88 rows=9944 width=0)
	              Index Cond: ((id >= 5766404) AND (id <= 5776403))

table 8 : explain SELECT SUM(k) FROM sbtest8 WHERE id BETWEEN 9135947 AND 9145946
	Aggregate  (cost=34881.69..34881.70 rows=1 width=8)
	  ->  Bitmap Heap Scan on sbtest8  (cost=224.23..34856.38 rows=10126 width=4)
	        Recheck Cond: ((id >= 9135947) AND (id <= 9145946))
	        ->  Bitmap Index Scan on sbtest8_pkey  (cost=0.00..221.69 rows=10126 width=0)
	              Index Cond: ((id >= 9135947) AND (id <= 9145946))

for point_selects
table 1 : explain SELECT c FROM sbtest1 WHERE id=2088309
	Index Scan using sbtest1_pkey on sbtest1  (cost=0.43..8.45 rows=1 width=121)
	  Index Cond: (id = 2088309)

table 2 : explain SELECT c FROM sbtest2 WHERE id=607865
	Index Scan using sbtest2_pkey on sbtest2  (cost=0.43..8.45 rows=1 width=121)
	  Index Cond: (id = 607865)

table 3 : explain SELECT c FROM sbtest3 WHERE id=280355
	Index Scan using sbtest3_pkey on sbtest3  (cost=0.43..8.45 rows=1 width=121)
	  Index Cond: (id = 280355)

table 4 : explain SELECT c FROM sbtest4 WHERE id=9097524
	Index Scan using sbtest4_pkey on sbtest4  (cost=0.43..8.45 rows=1 width=121)
	  Index Cond: (id = 9097524)

table 5 : explain SELECT c FROM sbtest5 WHERE id=7715781
	Index Scan using sbtest5_pkey on sbtest5  (cost=0.43..8.45 rows=1 width=121)
	  Index Cond: (id = 7715781)

table 6 : explain SELECT c FROM sbtest6 WHERE id=4055919
	Index Scan using sbtest6_pkey on sbtest6  (cost=0.43..8.45 rows=1 width=121)
	  Index Cond: (id = 4055919)

table 7 : explain SELECT c FROM sbtest7 WHERE id=8826597
	Index Scan using sbtest7_pkey on sbtest7  (cost=0.43..8.45 rows=1 width=121)
	  Index Cond: (id = 8826597)

table 8 : explain SELECT c FROM sbtest8 WHERE id=8358242
	Index Scan using sbtest8_pkey on sbtest8  (cost=0.43..8.45 rows=1 width=121)
	  Index Cond: (id = 8358242)

for: sum_ranges
table 1 : explain SELECT SUM(k) FROM sbtest1 WHERE id BETWEEN 7056765 AND 7066764
	Aggregate  (cost=31840.48..31840.49 rows=1 width=8)
	  ->  Bitmap Heap Scan on sbtest1  (cost=198.71..31817.49 rows=9198 width=4)
	        Recheck Cond: ((id >= 7056765) AND (id <= 7066764))
	        ->  Bitmap Index Scan on sbtest1_pkey  (cost=0.00..196.42 rows=9198 width=0)
	              Index Cond: ((id >= 7056765) AND (id <= 7066764))

table 2 : explain SELECT SUM(k) FROM sbtest2 WHERE id BETWEEN 9923149 AND 9933148
	Aggregate  (cost=34323.72..34323.73 rows=1 width=8)
	  ->  Bitmap Heap Scan on sbtest2  (cost=214.69..34298.78 rows=9976 width=4)
	        Recheck Cond: ((id >= 9923149) AND (id <= 9933148))
	        ->  Bitmap Index Scan on sbtest2_pkey  (cost=0.00..212.19 rows=9976 width=0)
	              Index Cond: ((id >= 9923149) AND (id <= 9933148))

table 3 : explain SELECT SUM(k) FROM sbtest3 WHERE id BETWEEN 3863623 AND 3873622
	Aggregate  (cost=36060.35..36060.36 rows=1 width=8)
	  ->  Bitmap Heap Scan on sbtest3  (cost=224.42..36034.01 rows=10535 width=4)
	        Recheck Cond: ((id >= 3863623) AND (id <= 3873622))
	        ->  Bitmap Index Scan on sbtest3_pkey  (cost=0.00..221.79 rows=10535 width=0)
	              Index Cond: ((id >= 3863623) AND (id <= 3873622))

table 4 : explain SELECT SUM(k) FROM sbtest4 WHERE id BETWEEN 3810562 AND 3820561
	Aggregate  (cost=32256.78..32256.79 rows=1 width=8)
	  ->  Bitmap Heap Scan on sbtest4  (cost=199.82..32233.51 rows=9306 width=4)
	        Recheck Cond: ((id >= 3810562) AND (id <= 3820561))
	        ->  Bitmap Index Scan on sbtest4_pkey  (cost=0.00..197.50 rows=9306 width=0)
	              Index Cond: ((id >= 3810562) AND (id <= 3820561))

table 5 : explain SELECT SUM(k) FROM sbtest5 WHERE id BETWEEN 6192456 AND 6202455
	Aggregate  (cost=34477.35..34477.36 rows=1 width=8)
	  ->  Bitmap Heap Scan on sbtest5  (cost=215.05..34452.32 rows=10011 width=4)
	        Recheck Cond: ((id >= 6192456) AND (id <= 6202455))
	        ->  Bitmap Index Scan on sbtest5_pkey  (cost=0.00..212.55 rows=10011 width=0)
	              Index Cond: ((id >= 6192456) AND (id <= 6202455))

table 6 : explain SELECT SUM(k) FROM sbtest6 WHERE id BETWEEN 8006139 AND 8016138
	Aggregate  (cost=31464.79..31464.80 rows=1 width=8)
	  ->  Bitmap Heap Scan on sbtest6  (cost=193.25..31442.15 rows=9055 width=4)
	        Recheck Cond: ((id >= 8006139) AND (id <= 8016138))
	        ->  Bitmap Index Scan on sbtest6_pkey  (cost=0.00..190.99 rows=9055 width=0)
	              Index Cond: ((id >= 8006139) AND (id <= 8016138))

table 7 : explain SELECT SUM(k) FROM sbtest7 WHERE id BETWEEN 9168248 AND 9178247
	Aggregate  (cost=32863.27..32863.28 rows=1 width=8)
	  ->  Bitmap Heap Scan on sbtest7  (cost=205.66..32839.56 rows=9485 width=4)
	        Recheck Cond: ((id >= 9168248) AND (id <= 9178247))
	        ->  Bitmap Index Scan on sbtest7_pkey  (cost=0.00..203.29 rows=9485 width=0)
	              Index Cond: ((id >= 9168248) AND (id <= 9178247))

table 8 : explain SELECT SUM(k) FROM sbtest8 WHERE id BETWEEN 5090051 AND 5100050
	Aggregate  (cost=33177.61..33177.62 rows=1 width=8)
	  ->  Bitmap Heap Scan on sbtest8  (cost=210.67..33153.65 rows=9584 width=4)
	        Recheck Cond: ((id >= 5090051) AND (id <= 5100050))
	        ->  Bitmap Index Scan on sbtest8_pkey  (cost=0.00..208.28 rows=9584 width=0)
	              Index Cond: ((id >= 5090051) AND (id <= 5100050))

for: sum_ranges
table 1 : explain SELECT SUM(k) FROM sbtest1 WHERE id BETWEEN 3221266 AND 3231265
	Aggregate  (cost=35274.51..35274.52 rows=1 width=8)
	  ->  Bitmap Heap Scan on sbtest1  (cost=221.97..35248.77 rows=10296 width=4)
	        Recheck Cond: ((id >= 3221266) AND (id <= 3231265))
	        ->  Bitmap Index Scan on sbtest1_pkey  (cost=0.00..219.40 rows=10296 width=0)
	              Index Cond: ((id >= 3221266) AND (id <= 3231265))

table 2 : explain SELECT SUM(k) FROM sbtest2 WHERE id BETWEEN 2964424 AND 2974423
	Aggregate  (cost=36022.91..36022.92 rows=1 width=8)
	  ->  Bitmap Heap Scan on sbtest2  (cost=224.31..35996.60 rows=10524 width=4)
	        Recheck Cond: ((id >= 2964424) AND (id <= 2974423))
	        ->  Bitmap Index Scan on sbtest2_pkey  (cost=0.00..221.68 rows=10524 width=0)
	              Index Cond: ((id >= 2964424) AND (id <= 2974423))

table 3 : explain SELECT SUM(k) FROM sbtest3 WHERE id BETWEEN 4460826 AND 4470825
	Aggregate  (cost=34148.93..34148.94 rows=1 width=8)
	  ->  Bitmap Heap Scan on sbtest3  (cost=214.10..34124.14 rows=9919 width=4)
	        Recheck Cond: ((id >= 4460826) AND (id <= 4470825))
	        ->  Bitmap Index Scan on sbtest3_pkey  (cost=0.00..211.62 rows=9919 width=0)
	              Index Cond: ((id >= 4460826) AND (id <= 4470825))

table 4 : explain SELECT SUM(k) FROM sbtest4 WHERE id BETWEEN 8207048 AND 8217047
	Aggregate  (cost=36638.92..36638.93 rows=1 width=8)
	  ->  Bitmap Heap Scan on sbtest4  (cost=230.17..36612.16 rows=10706 width=4)
	        Recheck Cond: ((id >= 8207048) AND (id <= 8217047))
	        ->  Bitmap Index Scan on sbtest4_pkey  (cost=0.00..227.50 rows=10706 width=0)
	              Index Cond: ((id >= 8207048) AND (id <= 8217047))

table 5 : explain SELECT SUM(k) FROM sbtest5 WHERE id BETWEEN 447413 AND 457412
	Aggregate  (cost=31655.82..31655.83 rows=1 width=8)
	  ->  Bitmap Heap Scan on sbtest5  (cost=197.86..31633.04 rows=9115 width=4)
	        Recheck Cond: ((id >= 447413) AND (id <= 457412))
	        ->  Bitmap Index Scan on sbtest5_pkey  (cost=0.00..195.59 rows=9115 width=0)
	              Index Cond: ((id >= 447413) AND (id <= 457412))

table 6 : explain SELECT SUM(k) FROM sbtest6 WHERE id BETWEEN 2650917 AND 2660916
	Aggregate  (cost=34801.33..34801.34 rows=1 width=8)
	  ->  Bitmap Heap Scan on sbtest6  (cost=216.10..34776.04 rows=10114 width=4)
	        Recheck Cond: ((id >= 2650917) AND (id <= 2660916))
	        ->  Bitmap Index Scan on sbtest6_pkey  (cost=0.00..213.57 rows=10114 width=0)
	              Index Cond: ((id >= 2650917) AND (id <= 2660916))

table 7 : explain SELECT SUM(k) FROM sbtest7 WHERE id BETWEEN 8284411 AND 8294410
	Aggregate  (cost=36744.55..36744.56 rows=1 width=8)
	  ->  Bitmap Heap Scan on sbtest7  (cost=234.37..36717.74 rows=10725 width=4)
	        Recheck Cond: ((id >= 8284411) AND (id <= 8294410))
	        ->  Bitmap Index Scan on sbtest7_pkey  (cost=0.00..231.69 rows=10725 width=0)
	              Index Cond: ((id >= 8284411) AND (id <= 8294410))

table 8 : explain SELECT SUM(k) FROM sbtest8 WHERE id BETWEEN 8126667 AND 8136666
	Aggregate  (cost=34032.67..34032.68 rows=1 width=8)
	  ->  Bitmap Heap Scan on sbtest8  (cost=217.45..34008.03 rows=9855 width=4)
	        Recheck Cond: ((id >= 8126667) AND (id <= 8136666))
	        ->  Bitmap Index Scan on sbtest8_pkey  (cost=0.00..214.99 rows=9855 width=0)
	              Index Cond: ((id >= 8126667) AND (id <= 8136666))

for: distinct_ranges
table 1 : explain SELECT DISTINCT c FROM sbtest1 WHERE id BETWEEN 2690859 AND 2700858 ORDER BY c
	Unique  (cost=34322.77..34371.72 rows=9791 width=121)
	  ->  Sort  (cost=34322.77..34347.24 rows=9791 width=121)
	        Sort Key: c
	        ->  Bitmap Heap Scan on sbtest1  (cost=208.79..33673.76 rows=9791 width=121)
	              Recheck Cond: ((id >= 2690859) AND (id <= 2700858))
	              ->  Bitmap Index Scan on sbtest1_pkey  (cost=0.00..206.34 rows=9791 width=0)
	                    Index Cond: ((id >= 2690859) AND (id <= 2700858))

table 2 : explain SELECT DISTINCT c FROM sbtest2 WHERE id BETWEEN 3341670 AND 3351669 ORDER BY c
	Unique  (cost=34615.90..34665.24 rows=9868 width=121)
	  ->  Sort  (cost=34615.90..34640.57 rows=9868 width=121)
	        Sort Key: c
	        ->  Bitmap Heap Scan on sbtest2  (cost=213.58..33961.23 rows=9868 width=121)
	              Recheck Cond: ((id >= 3341670) AND (id <= 3351669))
	              ->  Bitmap Index Scan on sbtest2_pkey  (cost=0.00..211.12 rows=9868 width=0)
	                    Index Cond: ((id >= 3341670) AND (id <= 3351669))

table 3 : explain SELECT DISTINCT c FROM sbtest3 WHERE id BETWEEN 6417454 AND 6427453 ORDER BY c
	Unique  (cost=35584.53..35635.39 rows=10172 width=121)
	  ->  Sort  (cost=35584.53..35609.96 rows=10172 width=121)
	        Sort Key: c
	        ->  Bitmap Heap Scan on sbtest3  (cost=216.70..34907.47 rows=10172 width=121)
	              Recheck Cond: ((id >= 6417454) AND (id <= 6427453))
	              ->  Bitmap Index Scan on sbtest3_pkey  (cost=0.00..214.16 rows=10172 width=0)
	                    Index Cond: ((id >= 6417454) AND (id <= 6427453))

table 4 : explain SELECT DISTINCT c FROM sbtest4 WHERE id BETWEEN 8441821 AND 8451820 ORDER BY c
	Unique  (cost=35633.34..35684.21 rows=10174 width=121)
	  ->  Sort  (cost=35633.34..35658.77 rows=10174 width=121)
	        Sort Key: c
	        ->  Bitmap Heap Scan on sbtest4  (cost=216.72..34956.12 rows=10174 width=121)
	              Recheck Cond: ((id >= 8441821) AND (id <= 8451820))
	              ->  Bitmap Index Scan on sbtest4_pkey  (cost=0.00..214.18 rows=10174 width=0)
	                    Index Cond: ((id >= 8441821) AND (id <= 8451820))

table 5 : explain SELECT DISTINCT c FROM sbtest5 WHERE id BETWEEN 54974 AND 64973 ORDER BY c
	Unique  (cost=32085.39..32130.75 rows=9071 width=121)
	  ->  Sort  (cost=32085.39..32108.07 rows=9071 width=121)
	        Sort Key: c
	        ->  Bitmap Heap Scan on sbtest5  (cost=193.41..31489.11 rows=9071 width=121)
	              Recheck Cond: ((id >= 54974) AND (id <= 64973))
	              ->  Bitmap Index Scan on sbtest5_pkey  (cost=0.00..191.15 rows=9071 width=0)
	                    Index Cond: ((id >= 54974) AND (id <= 64973))

table 6 : explain SELECT DISTINCT c FROM sbtest6 WHERE id BETWEEN 2686286 AND 2696285 ORDER BY c
	Unique  (cost=36267.46..36319.31 rows=10371 width=121)
	  ->  Sort  (cost=36267.46..36293.38 rows=10371 width=121)
	        Sort Key: c
	        ->  Bitmap Heap Scan on sbtest6  (cost=222.74..35575.70 rows=10371 width=121)
	              Recheck Cond: ((id >= 2686286) AND (id <= 2696285))
	              ->  Bitmap Index Scan on sbtest6_pkey  (cost=0.00..220.15 rows=10371 width=0)
	                    Index Cond: ((id >= 2686286) AND (id <= 2696285))

table 7 : explain SELECT DISTINCT c FROM sbtest7 WHERE id BETWEEN 2422884 AND 2432883 ORDER BY c
	Unique  (cost=34975.84..35025.61 rows=9954 width=121)
	  ->  Sort  (cost=34975.84..35000.72 rows=9954 width=121)
	        Sort Key: c
	        ->  Bitmap Heap Scan on sbtest7  (cost=214.46..34314.84 rows=9954 width=121)
	              Recheck Cond: ((id >= 2422884) AND (id <= 2432883))
	              ->  Bitmap Index Scan on sbtest7_pkey  (cost=0.00..211.98 rows=9954 width=0)
	                    Index Cond: ((id >= 2422884) AND (id <= 2432883))

table 8 : explain SELECT DISTINCT c FROM sbtest8 WHERE id BETWEEN 4937280 AND 4947279 ORDER BY c
	Unique  (cost=37228.34..37281.64 rows=10660 width=121)
	  ->  Sort  (cost=37228.34..37254.99 rows=10660 width=121)
	        Sort Key: c
	        ->  Bitmap Heap Scan on sbtest8  (cost=233.70..36515.19 rows=10660 width=121)
	              Recheck Cond: ((id >= 4937280) AND (id <= 4947279))
	              ->  Bitmap Index Scan on sbtest8_pkey  (cost=0.00..231.04 rows=10660 width=0)
	                    Index Cond: ((id >= 4937280) AND (id <= 4947279))

for: simple_ranges
table 1 : explain SELECT c FROM sbtest1 WHERE id BETWEEN 6696557 AND 6706556
	Bitmap Heap Scan on sbtest1  (cost=230.37..36571.79 rows=10725 width=121)
	  Recheck Cond: ((id >= 6696557) AND (id <= 6706556))
	  ->  Bitmap Index Scan on sbtest1_pkey  (cost=0.00..227.69 rows=10725 width=0)
	        Index Cond: ((id >= 6696557) AND (id <= 6706556))

table 2 : explain SELECT c FROM sbtest2 WHERE id BETWEEN 2376076 AND 2386075
	Bitmap Heap Scan on sbtest2  (cost=206.15..32912.68 rows=9533 width=121)
	  Recheck Cond: ((id >= 2376076) AND (id <= 2386075))
	  ->  Bitmap Index Scan on sbtest2_pkey  (cost=0.00..203.76 rows=9533 width=0)
	        Index Cond: ((id >= 2376076) AND (id <= 2386075))

table 3 : explain SELECT c FROM sbtest3 WHERE id BETWEEN 5058980 AND 5068979
	Bitmap Heap Scan on sbtest3  (cost=222.39..35423.78 rows=10337 width=121)
	  Recheck Cond: ((id >= 5058980) AND (id <= 5068979))
	  ->  Bitmap Index Scan on sbtest3_pkey  (cost=0.00..219.81 rows=10337 width=0)
	        Index Cond: ((id >= 5058980) AND (id <= 5068979))

table 4 : explain SELECT c FROM sbtest4 WHERE id BETWEEN 5414946 AND 5424945
	Bitmap Heap Scan on sbtest4  (cost=207.80..33458.03 rows=9694 width=121)
	  Recheck Cond: ((id >= 5414946) AND (id <= 5424945))
	  ->  Bitmap Index Scan on sbtest4_pkey  (cost=0.00..205.38 rows=9694 width=0)
	        Index Cond: ((id >= 5414946) AND (id <= 5424945))

table 5 : explain SELECT c FROM sbtest5 WHERE id BETWEEN 7051481 AND 7061480
	Bitmap Heap Scan on sbtest5  (cost=208.11..33552.40 rows=9724 width=121)
	  Recheck Cond: ((id >= 7051481) AND (id <= 7061480))
	  ->  Bitmap Index Scan on sbtest5_pkey  (cost=0.00..205.68 rows=9724 width=0)
	        Index Cond: ((id >= 7051481) AND (id <= 7061480))

table 6 : explain SELECT c FROM sbtest6 WHERE id BETWEEN 8303768 AND 8313767
	Bitmap Heap Scan on sbtest6  (cost=224.04..35969.38 rows=10498 width=121)
	  Recheck Cond: ((id >= 8303768) AND (id <= 8313767))
	  ->  Bitmap Index Scan on sbtest6_pkey  (cost=0.00..221.42 rows=10498 width=0)
	        Index Cond: ((id >= 8303768) AND (id <= 8313767))

table 7 : explain SELECT c FROM sbtest7 WHERE id BETWEEN 4023659 AND 4033658
	Bitmap Heap Scan on sbtest7  (cost=242.08..37837.37 rows=11087 width=121)
	  Recheck Cond: ((id >= 4023659) AND (id <= 4033658))
	  ->  Bitmap Index Scan on sbtest7_pkey  (cost=0.00..239.31 rows=11087 width=0)
	        Index Cond: ((id >= 4023659) AND (id <= 4033658))

table 8 : explain SELECT c FROM sbtest8 WHERE id BETWEEN 2966260 AND 2976259
	Bitmap Heap Scan on sbtest8  (cost=219.96..34771.93 rows=10100 width=121)
	  Recheck Cond: ((id >= 2966260) AND (id <= 2976259))
	  ->  Bitmap Index Scan on sbtest8_pkey  (cost=0.00..217.44 rows=10100 width=0)
	        Index Cond: ((id >= 2966260) AND (id <= 2976259))

for: distinct_ranges
table 1 : explain SELECT DISTINCT c FROM sbtest1 WHERE id BETWEEN 4389851 AND 4399850 ORDER BY c
	Unique  (cost=34247.05..34295.88 rows=9767 width=121)
	  ->  Sort  (cost=34247.05..34271.46 rows=9767 width=121)
	        Sort Key: c
	        ->  Bitmap Heap Scan on sbtest1  (cost=208.55..33599.80 rows=9767 width=121)
	              Recheck Cond: ((id >= 4389851) AND (id <= 4399850))
	              ->  Bitmap Index Scan on sbtest1_pkey  (cost=0.00..206.11 rows=9767 width=0)
	                    Index Cond: ((id >= 4389851) AND (id <= 4399850))

table 2 : explain SELECT DISTINCT c FROM sbtest2 WHERE id BETWEEN 54700 AND 64699 ORDER BY c
	Unique  (cost=37062.90..37116.09 rows=10638 width=121)
	  ->  Sort  (cost=37062.90..37089.50 rows=10638 width=121)
	        Sort Key: c
	        ->  Bitmap Heap Scan on sbtest2  (cost=229.47..36351.39 rows=10638 width=121)
	              Recheck Cond: ((id >= 54700) AND (id <= 64699))
	              ->  Bitmap Index Scan on sbtest2_pkey  (cost=0.00..226.81 rows=10638 width=0)
	                    Index Cond: ((id >= 54700) AND (id <= 64699))

table 3 : explain SELECT DISTINCT c FROM sbtest3 WHERE id BETWEEN 2960769 AND 2970768 ORDER BY c
	Unique  (cost=35805.00..35856.20 rows=10240 width=121)
	  ->  Sort  (cost=35805.00..35830.60 rows=10240 width=121)
	        Sort Key: c
	        ->  Bitmap Heap Scan on sbtest3  (cost=221.40..35122.92 rows=10240 width=121)
	              Recheck Cond: ((id >= 2960769) AND (id <= 2970768))
	              ->  Bitmap Index Scan on sbtest3_pkey  (cost=0.00..218.84 rows=10240 width=0)
	                    Index Cond: ((id >= 2960769) AND (id <= 2970768))

table 4 : explain SELECT DISTINCT c FROM sbtest4 WHERE id BETWEEN 7666116 AND 7676115 ORDER BY c
	Unique  (cost=36811.44..36864.16 rows=10544 width=121)
	  ->  Sort  (cost=36811.44..36837.80 rows=10544 width=121)
	        Sort Key: c
	        ->  Bitmap Heap Scan on sbtest4  (cost=224.51..36106.88 rows=10544 width=121)
	              Recheck Cond: ((id >= 7666116) AND (id <= 7676115))
	              ->  Bitmap Index Scan on sbtest4_pkey  (cost=0.00..221.88 rows=10544 width=0)
	                    Index Cond: ((id >= 7666116) AND (id <= 7676115))

table 5 : explain SELECT DISTINCT c FROM sbtest5 WHERE id BETWEEN 9795089 AND 9805088 ORDER BY c
	Unique  (cost=34503.61..34552.71 rows=9820 width=121)
	  ->  Sort  (cost=34503.61..34528.16 rows=9820 width=121)
	        Sort Key: c
	        ->  Bitmap Heap Scan on sbtest5  (cost=209.09..33852.47 rows=9820 width=121)
	              Recheck Cond: ((id >= 9795089) AND (id <= 9805088))
	              ->  Bitmap Index Scan on sbtest5_pkey  (cost=0.00..206.63 rows=9820 width=0)
	                    Index Cond: ((id >= 9795089) AND (id <= 9805088))

table 6 : explain SELECT DISTINCT c FROM sbtest6 WHERE id BETWEEN 1315911 AND 1325910 ORDER BY c
	Unique  (cost=35458.78..35509.37 rows=10118 width=121)
	  ->  Sort  (cost=35458.78..35484.08 rows=10118 width=121)
	        Sort Key: c
	        ->  Bitmap Heap Scan on sbtest6  (cost=216.14..34785.70 rows=10118 width=121)
	              Recheck Cond: ((id >= 1315911) AND (id <= 1325910))
	              ->  Bitmap Index Scan on sbtest6_pkey  (cost=0.00..213.62 rows=10118 width=0)
	                    Index Cond: ((id >= 1315911) AND (id <= 1325910))

table 7 : explain SELECT DISTINCT c FROM sbtest7 WHERE id BETWEEN 4666455 AND 4676454 ORDER BY c
	Unique  (cost=37700.56..37754.60 rows=10809 width=121)
	  ->  Sort  (cost=37700.56..37727.58 rows=10809 width=121)
	        Sort Key: c
	        ->  Bitmap Heap Scan on sbtest7  (cost=235.23..36976.36 rows=10809 width=121)
	              Recheck Cond: ((id >= 4666455) AND (id <= 4676454))
	              ->  Bitmap Index Scan on sbtest7_pkey  (cost=0.00..232.53 rows=10809 width=0)
	                    Index Cond: ((id >= 4666455) AND (id <= 4676454))

table 8 : explain SELECT DISTINCT c FROM sbtest8 WHERE id BETWEEN 1670980 AND 1680979 ORDER BY c
	Unique  (cost=35236.06..35286.23 rows=10035 width=121)
	  ->  Sort  (cost=35236.06..35261.15 rows=10035 width=121)
	        Sort Key: c
	        ->  Bitmap Heap Scan on sbtest8  (cost=219.29..34569.09 rows=10035 width=121)
	              Recheck Cond: ((id >= 1670980) AND (id <= 1680979))
	              ->  Bitmap Index Scan on sbtest8_pkey  (cost=0.00..216.79 rows=10035 width=0)
	                    Index Cond: ((id >= 1670980) AND (id <= 1680979))

explain: for point_selects :: explain SELECT c FROM sbtest%u WHERE id=%u
for: order_ranges
table 1 : explain SELECT c FROM sbtest1 WHERE id BETWEEN 6261941 AND 6271940 ORDER BY c
	Sort  (cost=33512.02..33535.86 rows=9537 width=121)
	  Sort Key: c
	  ->  Bitmap Heap Scan on sbtest1  (cost=206.19..32881.65 rows=9537 width=121)
	        Recheck Cond: ((id >= 6261941) AND (id <= 6271940))
	        ->  Bitmap Index Scan on sbtest1_pkey  (cost=0.00..203.81 rows=9537 width=0)
	              Index Cond: ((id >= 6261941) AND (id <= 6271940))

table 2 : explain SELECT c FROM sbtest2 WHERE id BETWEEN 8120028 AND 8130027 ORDER BY c
	Sort  (cost=37111.80..37138.43 rows=10653 width=121)
	  Sort Key: c
	  ->  Bitmap Heap Scan on sbtest2  (cost=229.63..36399.17 rows=10653 width=121)
	        Recheck Cond: ((id >= 8120028) AND (id <= 8130027))
	        ->  Bitmap Index Scan on sbtest2_pkey  (cost=0.00..226.97 rows=10653 width=0)
	              Index Cond: ((id >= 8120028) AND (id <= 8130027))

table 3 : explain SELECT c FROM sbtest3 WHERE id BETWEEN 7627073 AND 7637072 ORDER BY c
	Sort  (cost=37349.05..37375.87 rows=10728 width=121)
	  Sort Key: c
	  ->  Bitmap Heap Scan on sbtest3  (cost=230.40..36630.86 rows=10728 width=121)
	        Recheck Cond: ((id >= 7627073) AND (id <= 7637072))
	        ->  Bitmap Index Scan on sbtest3_pkey  (cost=0.00..227.72 rows=10728 width=0)
	              Index Cond: ((id >= 7627073) AND (id <= 7637072))

table 4 : explain SELECT c FROM sbtest4 WHERE id BETWEEN 6005299 AND 6015298 ORDER BY c
	Sort  (cost=34446.81..34471.32 rows=9803 width=121)
	  Sort Key: c
	  ->  Bitmap Heap Scan on sbtest4  (cost=208.92..33796.92 rows=9803 width=121)
	        Recheck Cond: ((id >= 6005299) AND (id <= 6015298))
	        ->  Bitmap Index Scan on sbtest4_pkey  (cost=0.00..206.47 rows=9803 width=0)
	              Index Cond: ((id >= 6005299) AND (id <= 6015298))

table 5 : explain SELECT c FROM sbtest5 WHERE id BETWEEN 4427621 AND 4437620 ORDER BY c
	Sort  (cost=33717.00..33740.94 rows=9575 width=121)
	  Sort Key: c
	  ->  Bitmap Heap Scan on sbtest5  (cost=206.58..33083.85 rows=9575 width=121)
	        Recheck Cond: ((id >= 4427621) AND (id <= 4437620))
	        ->  Bitmap Index Scan on sbtest5_pkey  (cost=0.00..204.19 rows=9575 width=0)
	              Index Cond: ((id >= 4427621) AND (id <= 4437620))

table 6 : explain SELECT c FROM sbtest6 WHERE id BETWEEN 9773710 AND 9783709 ORDER BY c
	Sort  (cost=37139.18..37165.79 rows=10645 width=121)
	  Sort Key: c
	  ->  Bitmap Heap Scan on sbtest6  (cost=229.55..36427.14 rows=10645 width=121)
	        Recheck Cond: ((id >= 9773710) AND (id <= 9783709))
	        ->  Bitmap Index Scan on sbtest6_pkey  (cost=0.00..226.88 rows=10645 width=0)
	              Index Cond: ((id >= 9773710) AND (id <= 9783709))

table 7 : explain SELECT c FROM sbtest7 WHERE id BETWEEN 7624890 AND 7634889 ORDER BY c
	Sort  (cost=34182.69..34206.96 rows=9707 width=121)
	  Sort Key: c
	  ->  Bitmap Heap Scan on sbtest7  (cost=211.93..33539.86 rows=9707 width=121)
	        Recheck Cond: ((id >= 7624890) AND (id <= 7634889))
	        ->  Bitmap Index Scan on sbtest7_pkey  (cost=0.00..209.50 rows=9707 width=0)
	              Index Cond: ((id >= 7624890) AND (id <= 7634889))

table 8 : explain SELECT c FROM sbtest8 WHERE id BETWEEN 7382565 AND 7392564 ORDER BY c
	Sort  (cost=35483.27..35508.56 rows=10113 width=121)
	  Sort Key: c
	  ->  Bitmap Heap Scan on sbtest8  (cost=220.09..34810.56 rows=10113 width=121)
	        Recheck Cond: ((id >= 7382565) AND (id <= 7392564))
	        ->  Bitmap Index Scan on sbtest8_pkey  (cost=0.00..217.56 rows=10113 width=0)
	              Index Cond: ((id >= 7382565) AND (id <= 7392564))

for: simple_ranges
table 1 : explain SELECT c FROM sbtest1 WHERE id BETWEEN 2105681 AND 2115680
	Bitmap Heap Scan on sbtest1  (cost=200.59..32390.17 rows=9381 width=121)
	  Recheck Cond: ((id >= 2105681) AND (id <= 2115680))
	  ->  Bitmap Index Scan on sbtest1_pkey  (cost=0.00..198.25 rows=9381 width=0)
	        Index Cond: ((id >= 2105681) AND (id <= 2115680))

table 2 : explain SELECT c FROM sbtest2 WHERE id BETWEEN 8052600 AND 8062599
	Bitmap Heap Scan on sbtest2  (cost=208.87..33741.59 rows=9799 width=121)
	  Recheck Cond: ((id >= 8052600) AND (id <= 8062599))
	  ->  Bitmap Index Scan on sbtest2_pkey  (cost=0.00..206.43 rows=9799 width=0)
	        Index Cond: ((id >= 8052600) AND (id <= 8062599))

table 3 : explain SELECT c FROM sbtest3 WHERE id BETWEEN 1235959 AND 1245958
	Bitmap Heap Scan on sbtest3  (cost=231.34..36914.04 rows=10820 width=121)
	  Recheck Cond: ((id >= 1235959) AND (id <= 1245958))
	  ->  Bitmap Index Scan on sbtest3_pkey  (cost=0.00..228.63 rows=10820 width=0)
	        Index Cond: ((id >= 1235959) AND (id <= 1245958))

table 4 : explain SELECT c FROM sbtest4 WHERE id BETWEEN 9041274 AND 9051273
	Bitmap Heap Scan on sbtest4  (cost=201.62..32784.62 rows=9481 width=121)
	  Recheck Cond: ((id >= 9041274) AND (id <= 9051273))
	  ->  Bitmap Index Scan on sbtest4_pkey  (cost=0.00..199.25 rows=9481 width=0)
	        Index Cond: ((id >= 9041274) AND (id <= 9051273))

table 5 : explain SELECT c FROM sbtest5 WHERE id BETWEEN 3712473 AND 3722472
	Bitmap Heap Scan on sbtest5  (cost=222.95..35637.44 rows=10392 width=121)
	  Recheck Cond: ((id >= 3712473) AND (id <= 3722472))
	  ->  Bitmap Index Scan on sbtest5_pkey  (cost=0.00..220.36 rows=10392 width=0)
	        Index Cond: ((id >= 3712473) AND (id <= 3722472))

table 6 : explain SELECT c FROM sbtest6 WHERE id BETWEEN 5917235 AND 5927234
	Bitmap Heap Scan on sbtest6  (cost=228.51..36114.08 rows=10544 width=121)
	  Recheck Cond: ((id >= 5917235) AND (id <= 5927234))
	  ->  Bitmap Index Scan on sbtest6_pkey  (cost=0.00..225.88 rows=10544 width=0)
	        Index Cond: ((id >= 5917235) AND (id <= 5927234))

table 7 : explain SELECT c FROM sbtest7 WHERE id BETWEEN 2637658 AND 2647657
	Bitmap Heap Scan on sbtest7  (cost=221.43..35216.85 rows=10243 width=121)
	  Recheck Cond: ((id >= 2637658) AND (id <= 2647657))
	  ->  Bitmap Index Scan on sbtest7_pkey  (cost=0.00..218.87 rows=10243 width=0)
	        Index Cond: ((id >= 2637658) AND (id <= 2647657))

table 8 : explain SELECT c FROM sbtest8 WHERE id BETWEEN 7526561 AND 7536560
	Bitmap Heap Scan on sbtest8  (cost=219.04..34491.78 rows=10010 width=121)
	  Recheck Cond: ((id >= 7526561) AND (id <= 7536560))
	  ->  Bitmap Index Scan on sbtest8_pkey  (cost=0.00..216.54 rows=10010 width=0)
	        Index Cond: ((id >= 7526561) AND (id <= 7536560))

for: order_ranges
table 1 : explain SELECT c FROM sbtest1 WHERE id BETWEEN 2132992 AND 2142991 ORDER BY c
	Sort  (cost=36386.00..36412.10 rows=10439 width=121)
	  Sort Key: c
	  ->  Bitmap Heap Scan on sbtest1  (cost=223.43..35689.22 rows=10439 width=121)
	        Recheck Cond: ((id >= 2132992) AND (id <= 2142991))
	        ->  Bitmap Index Scan on sbtest1_pkey  (cost=0.00..220.82 rows=10439 width=0)
	              Index Cond: ((id >= 2132992) AND (id <= 2142991))

table 2 : explain SELECT c FROM sbtest2 WHERE id BETWEEN 5313284 AND 5323283 ORDER BY c
	Sort  (cost=36323.63..36349.64 rows=10405 width=121)
	  Sort Key: c
	  ->  Bitmap Heap Scan on sbtest2  (cost=223.09..35629.35 rows=10405 width=121)
	        Recheck Cond: ((id >= 5313284) AND (id <= 5323283))
	        ->  Bitmap Index Scan on sbtest2_pkey  (cost=0.00..220.49 rows=10405 width=0)
	              Index Cond: ((id >= 5313284) AND (id <= 5323283))

table 3 : explain SELECT c FROM sbtest3 WHERE id BETWEEN 4664133 AND 4674132 ORDER BY c
	Sort  (cost=33438.92..33462.67 rows=9500 width=121)
	  Sort Key: c
	  ->  Bitmap Heap Scan on sbtest3  (cost=205.81..32811.27 rows=9500 width=121)
	        Recheck Cond: ((id >= 4664133) AND (id <= 4674132))
	        ->  Bitmap Index Scan on sbtest3_pkey  (cost=0.00..203.44 rows=9500 width=0)
	              Index Cond: ((id >= 4664133) AND (id <= 4674132))

table 4 : explain SELECT c FROM sbtest4 WHERE id BETWEEN 3548544 AND 3558543 ORDER BY c
	Sort  (cost=32767.23..32790.43 rows=9281 width=121)
	  Sort Key: c
	  ->  Bitmap Heap Scan on sbtest4  (cost=199.57..32155.61 rows=9281 width=121)
	        Recheck Cond: ((id >= 3548544) AND (id <= 3558543))
	        ->  Bitmap Index Scan on sbtest4_pkey  (cost=0.00..197.25 rows=9281 width=0)
	              Index Cond: ((id >= 3548544) AND (id <= 3558543))

table 5 : explain SELECT c FROM sbtest5 WHERE id BETWEEN 2916552 AND 2926551 ORDER BY c
	Sort  (cost=36232.38..36258.29 rows=10361 width=121)
	  Sort Key: c
	  ->  Bitmap Heap Scan on sbtest5  (cost=222.64..35541.36 rows=10361 width=121)
	        Recheck Cond: ((id >= 2916552) AND (id <= 2926551))
	        ->  Bitmap Index Scan on sbtest5_pkey  (cost=0.00..220.05 rows=10361 width=0)
	              Index Cond: ((id >= 2916552) AND (id <= 2926551))

table 6 : explain SELECT c FROM sbtest6 WHERE id BETWEEN 581638 AND 591637 ORDER BY c
	Sort  (cost=33844.80..33868.84 rows=9614 width=121)
	  Sort Key: c
	  ->  Bitmap Heap Scan on sbtest6  (cost=206.98..33208.79 rows=9614 width=121)
	        Recheck Cond: ((id >= 581638) AND (id <= 591637))
	        ->  Bitmap Index Scan on sbtest6_pkey  (cost=0.00..204.57 rows=9614 width=0)
	              Index Cond: ((id >= 581638) AND (id <= 591637))

table 7 : explain SELECT c FROM sbtest7 WHERE id BETWEEN 3876727 AND 3886726 ORDER BY c
	Sort  (cost=34086.68..34110.87 rows=9677 width=121)
	  Sort Key: c
	  ->  Bitmap Heap Scan on sbtest7  (cost=211.62..33446.05 rows=9677 width=121)
	        Recheck Cond: ((id >= 3876727) AND (id <= 3886726))
	        ->  Bitmap Index Scan on sbtest7_pkey  (cost=0.00..209.20 rows=9677 width=0)
	              Index Cond: ((id >= 3876727) AND (id <= 3886726))

table 8 : explain SELECT c FROM sbtest8 WHERE id BETWEEN 7513388 AND 7523387 ORDER BY c
	Sort  (cost=35156.90..35181.92 rows=10010 width=121)
	  Sort Key: c
	  ->  Bitmap Heap Scan on sbtest8  (cost=219.04..34491.78 rows=10010 width=121)
	        Recheck Cond: ((id >= 7513388) AND (id <= 7523387))
	        ->  Bitmap Index Scan on sbtest8_pkey  (cost=0.00..216.54 rows=10010 width=0)
	              Index Cond: ((id >= 7513388) AND (id <= 7523387))

for: order_ranges
table 1 : explain SELECT c FROM sbtest1 WHERE id BETWEEN 5655658 AND 5665657 ORDER BY c
	Sort  (cost=39598.71..39627.36 rows=11462 width=121)
	  Sort Key: c
	  ->  Bitmap Heap Scan on sbtest1  (cost=245.92..38825.91 rows=11462 width=121)
	        Recheck Cond: ((id >= 5655658) AND (id <= 5665657))
	        ->  Bitmap Index Scan on sbtest1_pkey  (cost=0.00..243.06 rows=11462 width=0)
	              Index Cond: ((id >= 5655658) AND (id <= 5665657))

table 2 : explain SELECT c FROM sbtest2 WHERE id BETWEEN 9955547 AND 9965546 ORDER BY c
	Sort  (cost=34961.40..34986.34 rows=9976 width=121)
	  Sort Key: c
	  ->  Bitmap Heap Scan on sbtest2  (cost=214.69..34298.78 rows=9976 width=121)
	        Recheck Cond: ((id >= 9955547) AND (id <= 9965546))
	        ->  Bitmap Index Scan on sbtest2_pkey  (cost=0.00..212.19 rows=9976 width=0)
	              Index Cond: ((id >= 9955547) AND (id <= 9965546))

table 3 : explain SELECT c FROM sbtest3 WHERE id BETWEEN 3535126 AND 3545125 ORDER BY c
	Sort  (cost=33438.92..33462.67 rows=9500 width=121)
	  Sort Key: c
	  ->  Bitmap Heap Scan on sbtest3  (cost=205.81..32811.27 rows=9500 width=121)
	        Recheck Cond: ((id >= 3535126) AND (id <= 3545125))
	        ->  Bitmap Index Scan on sbtest3_pkey  (cost=0.00..203.44 rows=9500 width=0)
	              Index Cond: ((id >= 3535126) AND (id <= 3545125))

table 4 : explain SELECT c FROM sbtest4 WHERE id BETWEEN 6255639 AND 6265638 ORDER BY c
	Sort  (cost=33550.68..33574.49 rows=9523 width=121)
	  Sort Key: c
	  ->  Bitmap Heap Scan on sbtest4  (cost=206.05..32921.35 rows=9523 width=121)
	        Recheck Cond: ((id >= 6255639) AND (id <= 6265638))
	        ->  Bitmap Index Scan on sbtest4_pkey  (cost=0.00..203.67 rows=9523 width=0)
	              Index Cond: ((id >= 6255639) AND (id <= 6265638))

table 5 : explain SELECT c FROM sbtest5 WHERE id BETWEEN 565255 AND 575254 ORDER BY c
	Sort  (cost=36504.48..36530.60 rows=10447 width=121)
	  Sort Key: c
	  ->  Bitmap Heap Scan on sbtest5  (cost=223.52..35807.10 rows=10447 width=121)
	        Recheck Cond: ((id >= 565255) AND (id <= 575254))
	        ->  Bitmap Index Scan on sbtest5_pkey  (cost=0.00..220.91 rows=10447 width=0)
	              Index Cond: ((id >= 565255) AND (id <= 575254))

table 6 : explain SELECT c FROM sbtest6 WHERE id BETWEEN 136028 AND 146027 ORDER BY c
	Sort  (cost=38132.03..38159.43 rows=10959 width=121)
	  Sort Key: c
	  ->  Bitmap Heap Scan on sbtest6  (cost=236.76..37396.69 rows=10959 width=121)
	        Recheck Cond: ((id >= 136028) AND (id <= 146027))
	        ->  Bitmap Index Scan on sbtest6_pkey  (cost=0.00..234.03 rows=10959 width=0)
	              Index Cond: ((id >= 136028) AND (id <= 146027))

table 7 : explain SELECT c FROM sbtest7 WHERE id BETWEEN 2444899 AND 2454898 ORDER BY c
	Sort  (cost=34975.84..35000.72 rows=9954 width=121)
	  Sort Key: c
	  ->  Bitmap Heap Scan on sbtest7  (cost=214.46..34314.84 rows=9954 width=121)
	        Recheck Cond: ((id >= 2444899) AND (id <= 2454898))
	        ->  Bitmap Index Scan on sbtest7_pkey  (cost=0.00..211.98 rows=9954 width=0)
	              Index Cond: ((id >= 2444899) AND (id <= 2454898))

table 8 : explain SELECT c FROM sbtest8 WHERE id BETWEEN 6252060 AND 6262059 ORDER BY c
	Sort  (cost=35364.58..35389.77 rows=10075 width=121)
	  Sort Key: c
	  ->  Bitmap Heap Scan on sbtest8  (cost=219.70..34694.67 rows=10075 width=121)
	        Recheck Cond: ((id >= 6252060) AND (id <= 6262059))
	        ->  Bitmap Index Scan on sbtest8_pkey  (cost=0.00..217.19 rows=10075 width=0)
	              Index Cond: ((id >= 6252060) AND (id <= 6262059))

for: distinct_ranges
table 1 : explain SELECT DISTINCT c FROM sbtest1 WHERE id BETWEEN 6114156 AND 6124155 ORDER BY c
	Unique  (cost=34901.92..34951.78 rows=9971 width=121)
	  ->  Sort  (cost=34901.92..34926.85 rows=9971 width=121)
	        Sort Key: c
	        ->  Bitmap Heap Scan on sbtest1  (cost=214.64..34239.67 rows=9971 width=121)
	              Recheck Cond: ((id >= 6114156) AND (id <= 6124155))
	              ->  Bitmap Index Scan on sbtest1_pkey  (cost=0.00..212.15 rows=9971 width=0)
	                    Index Cond: ((id >= 6114156) AND (id <= 6124155))

table 2 : explain SELECT DISTINCT c FROM sbtest2 WHERE id BETWEEN 3468512 AND 3478511 ORDER BY c
	Unique  (cost=33433.63..33481.12 rows=9499 width=121)
	  ->  Sort  (cost=33433.63..33457.37 rows=9499 width=121)
	        Sort Key: c
	        ->  Bitmap Heap Scan on sbtest2  (cost=205.80..32806.05 rows=9499 width=121)
	              Recheck Cond: ((id >= 3468512) AND (id <= 3478511))
	              ->  Bitmap Index Scan on sbtest2_pkey  (cost=0.00..203.43 rows=9499 width=0)
	                    Index Cond: ((id >= 3468512) AND (id <= 3478511))

table 3 : explain SELECT DISTINCT c FROM sbtest3 WHERE id BETWEEN 2148978 AND 2158977 ORDER BY c
	Unique  (cost=37264.26..37317.77 rows=10701 width=121)
	  ->  Sort  (cost=37264.26..37291.01 rows=10701 width=121)
	        Sort Key: c
	        ->  Bitmap Heap Scan on sbtest3  (cost=230.12..36548.07 rows=10701 width=121)
	              Recheck Cond: ((id >= 2148978) AND (id <= 2158977))
	              ->  Bitmap Index Scan on sbtest3_pkey  (cost=0.00..227.44 rows=10701 width=0)
	                    Index Cond: ((id >= 2148978) AND (id <= 2158977))

table 4 : explain SELECT DISTINCT c FROM sbtest4 WHERE id BETWEEN 893848 AND 903847 ORDER BY c
	Unique  (cost=34410.43..34459.39 rows=9791 width=121)
	  ->  Sort  (cost=34410.43..34434.91 rows=9791 width=121)
	        Sort Key: c
	        ->  Bitmap Heap Scan on sbtest4  (cost=208.79..33761.42 rows=9791 width=121)
	              Recheck Cond: ((id >= 893848) AND (id <= 903847))
	              ->  Bitmap Index Scan on sbtest4_pkey  (cost=0.00..206.34 rows=9791 width=0)
	                    Index Cond: ((id >= 893848) AND (id <= 903847))

table 5 : explain SELECT DISTINCT c FROM sbtest5 WHERE id BETWEEN 4282222 AND 4292221 ORDER BY c
	Unique  (cost=34722.05..34771.49 rows=9887 width=121)
	  ->  Sort  (cost=34722.05..34746.77 rows=9887 width=121)
	        Sort Key: c
	        ->  Bitmap Heap Scan on sbtest5  (cost=213.78..34065.98 rows=9887 width=121)
	              Recheck Cond: ((id >= 4282222) AND (id <= 4292221))
	              ->  Bitmap Index Scan on sbtest5_pkey  (cost=0.00..211.31 rows=9887 width=0)
	                    Index Cond: ((id >= 4282222) AND (id <= 4292221))

table 6 : explain SELECT DISTINCT c FROM sbtest6 WHERE id BETWEEN 2574013 AND 2584012 ORDER BY c
	Unique  (cost=35238.23..35288.47 rows=10048 width=121)
	  ->  Sort  (cost=35238.23..35263.35 rows=10048 width=121)
	        Sort Key: c
	        ->  Bitmap Heap Scan on sbtest6  (cost=215.43..34570.31 rows=10048 width=121)
	              Recheck Cond: ((id >= 2574013) AND (id <= 2584012))
	              ->  Bitmap Index Scan on sbtest6_pkey  (cost=0.00..212.92 rows=10048 width=0)
	                    Index Cond: ((id >= 2574013) AND (id <= 2584012))

table 7 : explain SELECT DISTINCT c FROM sbtest7 WHERE id BETWEEN 5362833 AND 5372832 ORDER BY c
	Unique  (cost=35064.94..35114.85 rows=9982 width=121)
	  ->  Sort  (cost=35064.94..35089.90 rows=9982 width=121)
	        Sort Key: c
	        ->  Bitmap Heap Scan on sbtest7  (cost=214.75..34401.88 rows=9982 width=121)
	              Recheck Cond: ((id >= 5362833) AND (id <= 5372832))
	              ->  Bitmap Index Scan on sbtest7_pkey  (cost=0.00..212.25 rows=9982 width=0)
	                    Index Cond: ((id >= 5362833) AND (id <= 5372832))

table 8 : explain SELECT DISTINCT c FROM sbtest8 WHERE id BETWEEN 1485626 AND 1495625 ORDER BY c
	Unique  (cost=33784.14..33832.06 rows=9583 width=121)
	  ->  Sort  (cost=33784.14..33808.10 rows=9583 width=121)
	        Sort Key: c
	        ->  Bitmap Heap Scan on sbtest8  (cost=210.66..33150.41 rows=9583 width=121)
	              Recheck Cond: ((id >= 1485626) AND (id <= 1495625))
	              ->  Bitmap Index Scan on sbtest8_pkey  (cost=0.00..208.26 rows=9583 width=0)
	                    Index Cond: ((id >= 1485626) AND (id <= 1495625))

for: sum_ranges
table 1 : explain SELECT SUM(k) FROM sbtest1 WHERE id BETWEEN 7150468 AND 7160467
	Aggregate  (cost=37011.70..37011.71 rows=1 width=8)
	  ->  Bitmap Heap Scan on sbtest1  (cost=231.75..36984.55 rows=10860 width=4)
	        Recheck Cond: ((id >= 7150468) AND (id <= 7160467))
	        ->  Bitmap Index Scan on sbtest1_pkey  (cost=0.00..229.04 rows=10860 width=0)
	              Index Cond: ((id >= 7150468) AND (id <= 7160467))

table 2 : explain SELECT SUM(k) FROM sbtest2 WHERE id BETWEEN 668055 AND 678054
	Aggregate  (cost=34991.61..34991.62 rows=1 width=8)
	  ->  Bitmap Heap Scan on sbtest2  (cost=216.89..34966.13 rows=10191 width=4)
	        Recheck Cond: ((id >= 668055) AND (id <= 678054))
	        ->  Bitmap Index Scan on sbtest2_pkey  (cost=0.00..214.34 rows=10191 width=0)
	              Index Cond: ((id >= 668055) AND (id <= 678054))

table 3 : explain SELECT SUM(k) FROM sbtest3 WHERE id BETWEEN 2464886 AND 2474885
	Aggregate  (cost=32954.68..32954.69 rows=1 width=8)
	  ->  Bitmap Heap Scan on sbtest3  (cost=206.20..32930.84 rows=9538 width=4)
	        Recheck Cond: ((id >= 2464886) AND (id <= 2474885))
	        ->  Bitmap Index Scan on sbtest3_pkey  (cost=0.00..203.81 rows=9538 width=0)
	              Index Cond: ((id >= 2464886) AND (id <= 2474885))

table 4 : explain SELECT SUM(k) FROM sbtest4 WHERE id BETWEEN 382615 AND 392614
	Aggregate  (cost=34386.42..34386.43 rows=1 width=8)
	  ->  Bitmap Heap Scan on sbtest4  (cost=214.75..34361.46 rows=9982 width=4)
	        Recheck Cond: ((id >= 382615) AND (id <= 392614))
	        ->  Bitmap Index Scan on sbtest4_pkey  (cost=0.00..212.25 rows=9982 width=0)
	              Index Cond: ((id >= 382615) AND (id <= 392614))

table 5 : explain SELECT SUM(k) FROM sbtest5 WHERE id BETWEEN 8533900 AND 8543899
	Aggregate  (cost=33217.82..33217.83 rows=1 width=8)
	  ->  Bitmap Heap Scan on sbtest5  (cost=206.94..33193.80 rows=9610 width=4)
	        Recheck Cond: ((id >= 8533900) AND (id <= 8543899))
	        ->  Bitmap Index Scan on sbtest5_pkey  (cost=0.00..204.54 rows=9610 width=0)
	              Index Cond: ((id >= 8533900) AND (id <= 8543899))

table 6 : explain SELECT SUM(k) FROM sbtest6 WHERE id BETWEEN 3774282 AND 3784281
	Aggregate  (cost=33061.26..33061.27 rows=1 width=8)
	  ->  Bitmap Heap Scan on sbtest6  (cost=206.41..33037.36 rows=9559 width=4)
	        Recheck Cond: ((id >= 3774282) AND (id <= 3784281))
	        ->  Bitmap Index Scan on sbtest6_pkey  (cost=0.00..204.03 rows=9559 width=0)
	              Index Cond: ((id >= 3774282) AND (id <= 3784281))

table 7 : explain SELECT SUM(k) FROM sbtest7 WHERE id BETWEEN 1079699 AND 1089698
	Aggregate  (cost=37265.12..37265.13 rows=1 width=8)
	  ->  Bitmap Heap Scan on sbtest7  (cost=236.09..37237.88 rows=10893 width=4)
	        Recheck Cond: ((id >= 1079699) AND (id <= 1089698))
	        ->  Bitmap Index Scan on sbtest7_pkey  (cost=0.00..233.37 rows=10893 width=0)
	              Index Cond: ((id >= 1079699) AND (id <= 1089698))

table 8 : explain SELECT SUM(k) FROM sbtest8 WHERE id BETWEEN 200403 AND 210402
	Aggregate  (cost=31148.54..31148.55 rows=1 width=8)
	  ->  Bitmap Heap Scan on sbtest8  (cost=196.11..31126.18 rows=8944 width=4)
	        Recheck Cond: ((id >= 200403) AND (id <= 210402))
	        ->  Bitmap Index Scan on sbtest8_pkey  (cost=0.00..193.88 rows=8944 width=0)
	              Index Cond: ((id >= 200403) AND (id <= 210402))

for: order_ranges
table 1 : explain SELECT c FROM sbtest1 WHERE id BETWEEN 6427881 AND 6437880 ORDER BY c
	Sort  (cost=34401.65..34426.19 rows=9815 width=121)
	  Sort Key: c
	  ->  Bitmap Heap Scan on sbtest1  (cost=209.04..33750.88 rows=9815 width=121)
	        Recheck Cond: ((id >= 6427881) AND (id <= 6437880))
	        ->  Bitmap Index Scan on sbtest1_pkey  (cost=0.00..206.59 rows=9815 width=0)
	              Index Cond: ((id >= 6427881) AND (id <= 6437880))

table 2 : explain SELECT c FROM sbtest2 WHERE id BETWEEN 5234395 AND 5244394 ORDER BY c
	Sort  (cost=35181.73..35206.85 rows=10046 width=121)
	  Sort Key: c
	  ->  Bitmap Heap Scan on sbtest2  (cost=215.41..34513.96 rows=10046 width=121)
	        Recheck Cond: ((id >= 5234395) AND (id <= 5244394))
	        ->  Bitmap Index Scan on sbtest2_pkey  (cost=0.00..212.90 rows=10046 width=0)
	              Index Cond: ((id >= 5234395) AND (id <= 5244394))

table 3 : explain SELECT c FROM sbtest3 WHERE id BETWEEN 1589110 AND 1599109 ORDER BY c
	Sort  (cost=33223.13..33246.72 rows=9434 width=121)
	  Sort Key: c
	  ->  Bitmap Heap Scan on sbtest3  (cost=201.13..32600.32 rows=9434 width=121)
	        Recheck Cond: ((id >= 1589110) AND (id <= 1599109))
	        ->  Bitmap Index Scan on sbtest3_pkey  (cost=0.00..198.78 rows=9434 width=0)
	              Index Cond: ((id >= 1589110) AND (id <= 1599109))

table 4 : explain SELECT c FROM sbtest4 WHERE id BETWEEN 62879 AND 72878 ORDER BY c
	Sort  (cost=35633.34..35658.77 rows=10174 width=121)
	  Sort Key: c
	  ->  Bitmap Heap Scan on sbtest4  (cost=216.72..34956.12 rows=10174 width=121)
	        Recheck Cond: ((id >= 62879) AND (id <= 72878))
	        ->  Bitmap Index Scan on sbtest4_pkey  (cost=0.00..214.18 rows=10174 width=0)
	              Index Cond: ((id >= 62879) AND (id <= 72878))

table 5 : explain SELECT c FROM sbtest5 WHERE id BETWEEN 748786 AND 758785 ORDER BY c
	Sort  (cost=35137.36..35162.40 rows=10018 width=121)
	  Sort Key: c
	  ->  Bitmap Heap Scan on sbtest5  (cost=215.12..34471.64 rows=10018 width=121)
	        Recheck Cond: ((id >= 748786) AND (id <= 758785))
	        ->  Bitmap Index Scan on sbtest5_pkey  (cost=0.00..212.62 rows=10018 width=0)
	              Index Cond: ((id >= 748786) AND (id <= 758785))

table 6 : explain SELECT c FROM sbtest6 WHERE id BETWEEN 7456883 AND 7466882 ORDER BY c
	Sort  (cost=33434.17..33457.88 rows=9486 width=121)
	  Sort Key: c
	  ->  Bitmap Heap Scan on sbtest6  (cost=205.67..32807.54 rows=9486 width=121)
	        Recheck Cond: ((id >= 7456883) AND (id <= 7466882))
	        ->  Bitmap Index Scan on sbtest6_pkey  (cost=0.00..203.30 rows=9486 width=0)
	              Index Cond: ((id >= 7456883) AND (id <= 7466882))

table 7 : explain SELECT c FROM sbtest7 WHERE id BETWEEN 4461031 AND 4471030 ORDER BY c
	Sort  (cost=41533.03..41563.10 rows=12030 width=121)
	  Sort Key: c
	  ->  Bitmap Heap Scan on sbtest7  (cost=259.74..40717.73 rows=12030 width=121)
	        Recheck Cond: ((id >= 4461031) AND (id <= 4471030))
	        ->  Bitmap Index Scan on sbtest7_pkey  (cost=0.00..256.74 rows=12030 width=0)
	              Index Cond: ((id >= 4461031) AND (id <= 4471030))

table 8 : explain SELECT c FROM sbtest8 WHERE id BETWEEN 4005850 AND 4015849 ORDER BY c
	Sort  (cost=38091.89..38119.22 rows=10932 width=121)
	  Sort Key: c
	  ->  Bitmap Heap Scan on sbtest8  (cost=240.49..37358.55 rows=10932 width=121)
	        Recheck Cond: ((id >= 4005850) AND (id <= 4015849))
	        ->  Bitmap Index Scan on sbtest8_pkey  (cost=0.00..237.75 rows=10932 width=0)
	              Index Cond: ((id >= 4005850) AND (id <= 4015849))

for: distinct_ranges
table 1 : explain SELECT DISTINCT c FROM sbtest1 WHERE id BETWEEN 8631123 AND 8641122 ORDER BY c
	Unique  (cost=33838.58..33886.77 rows=9639 width=121)
	  ->  Sort  (cost=33838.58..33862.67 rows=9639 width=121)
	        Sort Key: c
	        ->  Bitmap Heap Scan on sbtest1  (cost=207.23..33200.73 rows=9639 width=121)
	              Recheck Cond: ((id >= 8631123) AND (id <= 8641122))
	              ->  Bitmap Index Scan on sbtest1_pkey  (cost=0.00..204.82 rows=9639 width=0)
	                    Index Cond: ((id >= 8631123) AND (id <= 8641122))

table 2 : explain SELECT DISTINCT c FROM sbtest2 WHERE id BETWEEN 30468 AND 40467 ORDER BY c
	Unique  (cost=37062.90..37116.09 rows=10638 width=121)
	  ->  Sort  (cost=37062.90..37089.50 rows=10638 width=121)
	        Sort Key: c
	        ->  Bitmap Heap Scan on sbtest2  (cost=229.47..36351.39 rows=10638 width=121)
	              Recheck Cond: ((id >= 30468) AND (id <= 40467))
	              ->  Bitmap Index Scan on sbtest2_pkey  (cost=0.00..226.81 rows=10638 width=0)
	                    Index Cond: ((id >= 30468) AND (id <= 40467))

table 3 : explain SELECT DISTINCT c FROM sbtest3 WHERE id BETWEEN 2613938 AND 2623937 ORDER BY c
	Unique  (cost=36270.22..36322.16 rows=10387 width=121)
	  ->  Sort  (cost=36270.22..36296.19 rows=10387 width=121)
	        Sort Key: c
	        ->  Bitmap Heap Scan on sbtest3  (cost=222.90..35577.28 rows=10387 width=121)
	              Recheck Cond: ((id >= 2613938) AND (id <= 2623937))
	              ->  Bitmap Index Scan on sbtest3_pkey  (cost=0.00..220.31 rows=10387 width=0)
	                    Index Cond: ((id >= 2613938) AND (id <= 2623937))

table 4 : explain SELECT DISTINCT c FROM sbtest4 WHERE id BETWEEN 442680 AND 452679 ORDER BY c
	Unique  (cost=37077.15..37130.28 rows=10627 width=121)
	  ->  Sort  (cost=37077.15..37103.72 rows=10627 width=121)
	        Sort Key: c
	        ->  Bitmap Heap Scan on sbtest4  (cost=229.36..36366.44 rows=10627 width=121)
	              Recheck Cond: ((id >= 442680) AND (id <= 452679))
	              ->  Bitmap Index Scan on sbtest4_pkey  (cost=0.00..226.70 rows=10627 width=0)
	                    Index Cond: ((id >= 442680) AND (id <= 452679))

table 5 : explain SELECT DISTINCT c FROM sbtest5 WHERE id BETWEEN 730541 AND 740540 ORDER BY c
	Unique  (cost=35137.36..35187.45 rows=10018 width=121)
	  ->  Sort  (cost=35137.36..35162.40 rows=10018 width=121)
	        Sort Key: c
	        ->  Bitmap Heap Scan on sbtest5  (cost=215.12..34471.64 rows=10018 width=121)
	              Recheck Cond: ((id >= 730541) AND (id <= 740540))
	              ->  Bitmap Index Scan on sbtest5_pkey  (cost=0.00..212.62 rows=10018 width=0)
	                    Index Cond: ((id >= 730541) AND (id <= 740540))

table 6 : explain SELECT DISTINCT c FROM sbtest6 WHERE id BETWEEN 9311904 AND 9321903 ORDER BY c
	Unique  (cost=37256.82..37310.23 rows=10682 width=121)
	  ->  Sort  (cost=37256.82..37283.52 rows=10682 width=121)
	        Sort Key: c
	        ->  Bitmap Heap Scan on sbtest6  (cost=229.93..36542.04 rows=10682 width=121)
	              Recheck Cond: ((id >= 9311904) AND (id <= 9321903))
	              ->  Bitmap Index Scan on sbtest6_pkey  (cost=0.00..227.25 rows=10682 width=0)
	                    Index Cond: ((id >= 9311904) AND (id <= 9321903))

table 7 : explain SELECT DISTINCT c FROM sbtest7 WHERE id BETWEEN 5948228 AND 5958227 ORDER BY c
	Unique  (cost=35770.77..35821.78 rows=10202 width=121)
	  ->  Sort  (cost=35770.77..35796.28 rows=10202 width=121)
	        Sort Key: c
	        ->  Bitmap Heap Scan on sbtest7  (cost=221.01..35091.49 rows=10202 width=121)
	              Recheck Cond: ((id >= 5948228) AND (id <= 5958227))
	              ->  Bitmap Index Scan on sbtest7_pkey  (cost=0.00..218.45 rows=10202 width=0)
	                    Index Cond: ((id >= 5948228) AND (id <= 5958227))

table 8 : explain SELECT DISTINCT c FROM sbtest8 WHERE id BETWEEN 7670984 AND 7680983 ORDER BY c
	Unique  (cost=32524.38..32570.35 rows=9194 width=121)
	  ->  Sort  (cost=32524.38..32547.36 rows=9194 width=121)
	        Sort Key: c
	        ->  Bitmap Heap Scan on sbtest8  (cost=202.67..31919.11 rows=9194 width=121)
	              Recheck Cond: ((id >= 7670984) AND (id <= 7680983))
	              ->  Bitmap Index Scan on sbtest8_pkey  (cost=0.00..200.38 rows=9194 width=0)
	                    Index Cond: ((id >= 7670984) AND (id <= 7680983))

explain: for point_selects :: explain SELECT c FROM sbtest%u WHERE id=%u
for: distinct_ranges
table 1 : explain SELECT DISTINCT c FROM sbtest1 WHERE id BETWEEN 9045758 AND 9055757 ORDER BY c
	Unique  (cost=33343.59..33391.01 rows=9484 width=121)
	  ->  Sort  (cost=33343.59..33367.30 rows=9484 width=121)
	        Sort Key: c
	        ->  Bitmap Heap Scan on sbtest1  (cost=205.65..32717.11 rows=9484 width=121)
	              Recheck Cond: ((id >= 9045758) AND (id <= 9055757))
	              ->  Bitmap Index Scan on sbtest1_pkey  (cost=0.00..203.28 rows=9484 width=0)
	                    Index Cond: ((id >= 9045758) AND (id <= 9055757))

table 2 : explain SELECT DISTINCT c FROM sbtest2 WHERE id BETWEEN 6679129 AND 6689128 ORDER BY c
	Unique  (cost=36068.24..36119.86 rows=10324 width=121)
	  ->  Sort  (cost=36068.24..36094.05 rows=10324 width=121)
	        Sort Key: c
	        ->  Bitmap Heap Scan on sbtest2  (cost=222.26..35379.95 rows=10324 width=121)
	              Recheck Cond: ((id >= 6679129) AND (id <= 6689128))
	              ->  Bitmap Index Scan on sbtest2_pkey  (cost=0.00..219.68 rows=10324 width=0)
	                    Index Cond: ((id >= 6679129) AND (id <= 6689128))

table 3 : explain SELECT DISTINCT c FROM sbtest3 WHERE id BETWEEN 2711233 AND 2721232 ORDER BY c
	Unique  (cost=34403.15..34452.16 rows=9802 width=121)
	  ->  Sort  (cost=34403.15..34427.66 rows=9802 width=121)
	        Sort Key: c
	        ->  Bitmap Heap Scan on sbtest3  (cost=208.91..33753.34 rows=9802 width=121)
	              Recheck Cond: ((id >= 2711233) AND (id <= 2721232))
	              ->  Bitmap Index Scan on sbtest3_pkey  (cost=0.00..206.45 rows=9802 width=0)
	                    Index Cond: ((id >= 2711233) AND (id <= 2721232))

table 4 : explain SELECT DISTINCT c FROM sbtest4 WHERE id BETWEEN 7758460 AND 7768459 ORDER BY c
	Unique  (cost=34492.98..34542.06 rows=9817 width=121)
	  ->  Sort  (cost=34492.98..34517.52 rows=9817 width=121)
	        Sort Key: c
	        ->  Bitmap Heap Scan on sbtest4  (cost=209.06..33842.06 rows=9817 width=121)
	              Recheck Cond: ((id >= 7758460) AND (id <= 7768459))
	              ->  Bitmap Index Scan on sbtest4_pkey  (cost=0.00..206.61 rows=9817 width=0)
	                    Index Cond: ((id >= 7758460) AND (id <= 7768459))

table 5 : explain SELECT DISTINCT c FROM sbtest5 WHERE id BETWEEN 9076751 AND 9086750 ORDER BY c
	Unique  (cost=34133.76..34182.28 rows=9705 width=121)
	  ->  Sort  (cost=34133.76..34158.02 rows=9705 width=121)
	        Sort Key: c
	        ->  Bitmap Heap Scan on sbtest5  (cost=207.91..33491.07 rows=9705 width=121)
	              Recheck Cond: ((id >= 9076751) AND (id <= 9086750))
	              ->  Bitmap Index Scan on sbtest5_pkey  (cost=0.00..205.49 rows=9705 width=0)
	                    Index Cond: ((id >= 9076751) AND (id <= 9086750))

table 6 : explain SELECT DISTINCT c FROM sbtest6 WHERE id BETWEEN 891064 AND 901063 ORDER BY c
	Unique  (cost=34816.55..34866.13 rows=9916 width=121)
	  ->  Sort  (cost=34816.55..34841.34 rows=9916 width=121)
	        Sort Key: c
	        ->  Bitmap Heap Scan on sbtest6  (cost=214.07..34158.35 rows=9916 width=121)
	              Recheck Cond: ((id >= 891064) AND (id <= 901063))
	              ->  Bitmap Index Scan on sbtest6_pkey  (cost=0.00..211.59 rows=9916 width=0)
	                    Index Cond: ((id >= 891064) AND (id <= 901063))

table 7 : explain SELECT DISTINCT c FROM sbtest7 WHERE id BETWEEN 3006915 AND 3016914 ORDER BY c
	Unique  (cost=36271.32..36323.12 rows=10359 width=121)
	  ->  Sort  (cost=36271.32..36297.22 rows=10359 width=121)
	        Sort Key: c
	        ->  Bitmap Heap Scan on sbtest7  (cost=226.61..35580.45 rows=10359 width=121)
	              Recheck Cond: ((id >= 3006915) AND (id <= 3016914))
	              ->  Bitmap Index Scan on sbtest7_pkey  (cost=0.00..224.03 rows=10359 width=0)
	                    Index Cond: ((id >= 3006915) AND (id <= 3016914))

table 8 : explain SELECT DISTINCT c FROM sbtest8 WHERE id BETWEEN 9022487 AND 9032486 ORDER BY c
	Unique  (cost=32710.73..32756.98 rows=9251 width=121)
	  ->  Sort  (cost=32710.73..32733.86 rows=9251 width=121)
	        Sort Key: c
	        ->  Bitmap Heap Scan on sbtest8  (cost=203.26..32101.30 rows=9251 width=121)
	              Recheck Cond: ((id >= 9022487) AND (id <= 9032486))
	              ->  Bitmap Index Scan on sbtest8_pkey  (cost=0.00..200.94 rows=9251 width=0)
	                    Index Cond: ((id >= 9022487) AND (id <= 9032486))

for: sum_ranges
table 1 : explain SELECT SUM(k) FROM sbtest1 WHERE id BETWEEN 1030559 AND 1040558
	Aggregate  (cost=32510.63..32510.64 rows=1 width=8)
	  ->  Bitmap Heap Scan on sbtest1  (cost=200.91..32487.10 rows=9412 width=4)
	        Recheck Cond: ((id >= 1030559) AND (id <= 1040558))
	        ->  Bitmap Index Scan on sbtest1_pkey  (cost=0.00..198.56 rows=9412 width=0)
	              Index Cond: ((id >= 1030559) AND (id <= 1040558))

table 2 : explain SELECT SUM(k) FROM sbtest2 WHERE id BETWEEN 9755755 AND 9765754
	Aggregate  (cost=31908.68..31908.69 rows=1 width=8)
	  ->  Bitmap Heap Scan on sbtest2  (cost=198.81..31885.67 rows=9207 width=4)
	        Recheck Cond: ((id >= 9755755) AND (id <= 9765754))
	        ->  Bitmap Index Scan on sbtest2_pkey  (cost=0.00..196.50 rows=9207 width=0)
	              Index Cond: ((id >= 9755755) AND (id <= 9765754))

table 3 : explain SELECT SUM(k) FROM sbtest3 WHERE id BETWEEN 9984372 AND 9994371
	Aggregate  (cost=37112.89..37112.90 rows=1 width=8)
	  ->  Bitmap Heap Scan on sbtest3  (cost=231.91..37085.70 rows=10876 width=4)
	        Recheck Cond: ((id >= 9984372) AND (id <= 9994371))
	        ->  Bitmap Index Scan on sbtest3_pkey  (cost=0.00..229.19 rows=10876 width=0)
	              Index Cond: ((id >= 9984372) AND (id <= 9994371))

table 4 : explain SELECT SUM(k) FROM sbtest4 WHERE id BETWEEN 7091336 AND 7101335
	Aggregate  (cost=33052.02..33052.03 rows=1 width=8)
	  ->  Bitmap Heap Scan on sbtest4  (cost=206.39..33028.13 rows=9557 width=4)
	        Recheck Cond: ((id >= 7091336) AND (id <= 7101335))
	        ->  Bitmap Index Scan on sbtest4_pkey  (cost=0.00..204.00 rows=9557 width=0)
	              Index Cond: ((id >= 7091336) AND (id <= 7101335))

table 5 : explain SELECT SUM(k) FROM sbtest5 WHERE id BETWEEN 5601876 AND 5611875
	Aggregate  (cost=32393.84..32393.85 rows=1 width=8)
	  ->  Bitmap Heap Scan on sbtest5  (cost=200.26..32370.47 rows=9349 width=4)
	        Recheck Cond: ((id >= 5601876) AND (id <= 5611875))
	        ->  Bitmap Index Scan on sbtest5_pkey  (cost=0.00..197.93 rows=9349 width=0)
	              Index Cond: ((id >= 5601876) AND (id <= 5611875))

table 6 : explain SELECT SUM(k) FROM sbtest6 WHERE id BETWEEN 4330725 AND 4340724
	Aggregate  (cost=35588.80..35588.81 rows=1 width=8)
	  ->  Bitmap Heap Scan on sbtest6  (cost=222.70..35562.89 rows=10367 width=4)
	        Recheck Cond: ((id >= 4330725) AND (id <= 4340724))
	        ->  Bitmap Index Scan on sbtest6_pkey  (cost=0.00..220.11 rows=10367 width=0)
	              Index Cond: ((id >= 4330725) AND (id <= 4340724))

table 7 : explain SELECT SUM(k) FROM sbtest7 WHERE id BETWEEN 6080304 AND 6090303
	Aggregate  (cost=33771.19..33771.20 rows=1 width=8)
	  ->  Bitmap Heap Scan on sbtest7  (cost=212.61..33746.75 rows=9773 width=4)
	        Recheck Cond: ((id >= 6080304) AND (id <= 6090303))
	        ->  Bitmap Index Scan on sbtest7_pkey  (cost=0.00..210.17 rows=9773 width=0)
	              Index Cond: ((id >= 6080304) AND (id <= 6090303))

table 8 : explain SELECT SUM(k) FROM sbtest8 WHERE id BETWEEN 7967549 AND 7977548
	Aggregate  (cost=36026.23..36026.24 rows=1 width=8)
	  ->  Bitmap Heap Scan on sbtest8  (cost=231.99..36000.00 rows=10493 width=4)
	        Recheck Cond: ((id >= 7967549) AND (id <= 7977548))
	        ->  Bitmap Index Scan on sbtest8_pkey  (cost=0.00..229.37 rows=10493 width=0)
	              Index Cond: ((id >= 7967549) AND (id <= 7977548))

for point_selects
table 1 : explain SELECT c FROM sbtest1 WHERE id=7958260
	Index Scan using sbtest1_pkey on sbtest1  (cost=0.43..8.45 rows=1 width=121)
	  Index Cond: (id = 7958260)

table 2 : explain SELECT c FROM sbtest2 WHERE id=1735719
	Index Scan using sbtest2_pkey on sbtest2  (cost=0.43..8.45 rows=1 width=121)
	  Index Cond: (id = 1735719)

table 3 : explain SELECT c FROM sbtest3 WHERE id=1642943
	Index Scan using sbtest3_pkey on sbtest3  (cost=0.43..8.45 rows=1 width=121)
	  Index Cond: (id = 1642943)

table 4 : explain SELECT c FROM sbtest4 WHERE id=8767322
	Index Scan using sbtest4_pkey on sbtest4  (cost=0.43..8.45 rows=1 width=121)
	  Index Cond: (id = 8767322)

table 5 : explain SELECT c FROM sbtest5 WHERE id=8559081
	Index Scan using sbtest5_pkey on sbtest5  (cost=0.43..8.45 rows=1 width=121)
	  Index Cond: (id = 8559081)

table 6 : explain SELECT c FROM sbtest6 WHERE id=8760407
	Index Scan using sbtest6_pkey on sbtest6  (cost=0.43..8.45 rows=1 width=121)
	  Index Cond: (id = 8760407)

table 7 : explain SELECT c FROM sbtest7 WHERE id=4407961
	Index Scan using sbtest7_pkey on sbtest7  (cost=0.43..8.45 rows=1 width=121)
	  Index Cond: (id = 4407961)

table 8 : explain SELECT c FROM sbtest8 WHERE id=9318647
	Index Scan using sbtest8_pkey on sbtest8  (cost=0.43..8.45 rows=1 width=121)
	  Index Cond: (id = 9318647)

explain: for point_selects :: explain SELECT c FROM sbtest%u WHERE id=%u
for: simple_ranges
table 1 : explain SELECT c FROM sbtest1 WHERE id BETWEEN 4157046 AND 4167045
	Bitmap Heap Scan on sbtest1  (cost=214.97..34335.90 rows=10003 width=121)
	  Recheck Cond: ((id >= 4157046) AND (id <= 4167045))
	  ->  Bitmap Index Scan on sbtest1_pkey  (cost=0.00..212.47 rows=10003 width=0)
	        Index Cond: ((id >= 4157046) AND (id <= 4167045))

table 2 : explain SELECT c FROM sbtest2 WHERE id BETWEEN 2054692 AND 2064691
	Bitmap Heap Scan on sbtest2  (cost=214.18..34141.32 rows=9926 width=121)
	  Recheck Cond: ((id >= 2054692) AND (id <= 2064691))
	  ->  Bitmap Index Scan on sbtest2_pkey  (cost=0.00..211.69 rows=9926 width=0)
	        Index Cond: ((id >= 2054692) AND (id <= 2064691))

table 3 : explain SELECT c FROM sbtest3 WHERE id BETWEEN 9618163 AND 9628162
	Bitmap Heap Scan on sbtest3  (cost=222.78..35542.10 rows=10375 width=121)
	  Recheck Cond: ((id >= 9618163) AND (id <= 9628162))
	  ->  Bitmap Index Scan on sbtest3_pkey  (cost=0.00..220.19 rows=10375 width=0)
	        Index Cond: ((id >= 9618163) AND (id <= 9628162))

table 4 : explain SELECT c FROM sbtest4 WHERE id BETWEEN 3039989 AND 3049988
	Bitmap Heap Scan on sbtest4  (cost=216.28..34824.44 rows=10131 width=121)
	  Recheck Cond: ((id >= 3039989) AND (id <= 3049988))
	  ->  Bitmap Index Scan on sbtest4_pkey  (cost=0.00..213.75 rows=10131 width=0)
	        Index Cond: ((id >= 3039989) AND (id <= 3049988))

table 5 : explain SELECT c FROM sbtest5 WHERE id BETWEEN 6527068 AND 6537067
	Bitmap Heap Scan on sbtest5  (cost=199.90..32260.16 rows=9314 width=121)
	  Recheck Cond: ((id >= 6527068) AND (id <= 6537067))
	  ->  Bitmap Index Scan on sbtest5_pkey  (cost=0.00..197.57 rows=9314 width=0)
	        Index Cond: ((id >= 6527068) AND (id <= 6537067))

table 6 : explain SELECT c FROM sbtest6 WHERE id BETWEEN 871511 AND 881510
	Bitmap Heap Scan on sbtest6  (cost=214.07..34158.35 rows=9916 width=121)
	  Recheck Cond: ((id >= 871511) AND (id <= 881510))
	  ->  Bitmap Index Scan on sbtest6_pkey  (cost=0.00..211.59 rows=9916 width=0)
	        Index Cond: ((id >= 871511) AND (id <= 881510))

table 7 : explain SELECT c FROM sbtest7 WHERE id BETWEEN 7527501 AND 7537500
	Bitmap Heap Scan on sbtest7  (cost=220.89..35056.14 rows=10191 width=121)
	  Recheck Cond: ((id >= 7527501) AND (id <= 7537500))
	  ->  Bitmap Index Scan on sbtest7_pkey  (cost=0.00..218.34 rows=10191 width=0)
	        Index Cond: ((id >= 7527501) AND (id <= 7537500))

table 8 : explain SELECT c FROM sbtest8 WHERE id BETWEEN 5632942 AND 5642941
	Bitmap Heap Scan on sbtest8  (cost=203.57..32195.61 rows=9281 width=121)
	  Recheck Cond: ((id >= 5632942) AND (id <= 5642941))
	  ->  Bitmap Index Scan on sbtest8_pkey  (cost=0.00..201.25 rows=9281 width=0)
	        Index Cond: ((id >= 5632942) AND (id <= 5642941))

explain: for point_selects :: explain SELECT c FROM sbtest%u WHERE id=%u
for: order_ranges
table 1 : explain SELECT c FROM sbtest1 WHERE id BETWEEN 8626464 AND 8636463 ORDER BY c
	Sort  (cost=33838.58..33862.67 rows=9639 width=121)
	  Sort Key: c
	  ->  Bitmap Heap Scan on sbtest1  (cost=207.23..33200.73 rows=9639 width=121)
	        Recheck Cond: ((id >= 8626464) AND (id <= 8636463))
	        ->  Bitmap Index Scan on sbtest1_pkey  (cost=0.00..204.82 rows=9639 width=0)
	              Index Cond: ((id >= 8626464) AND (id <= 8636463))

table 2 : explain SELECT c FROM sbtest2 WHERE id BETWEEN 628462 AND 638461 ORDER BY c
	Sort  (cost=35644.60..35670.08 rows=10191 width=121)
	  Sort Key: c
	  ->  Bitmap Heap Scan on sbtest2  (cost=216.89..34966.13 rows=10191 width=121)
	        Recheck Cond: ((id >= 628462) AND (id <= 638461))
	        ->  Bitmap Index Scan on sbtest2_pkey  (cost=0.00..214.34 rows=10191 width=0)
	              Index Cond: ((id >= 628462) AND (id <= 638461))

table 3 : explain SELECT c FROM sbtest3 WHERE id BETWEEN 9833770 AND 9843769 ORDER BY c
	Sort  (cost=33150.36..33173.89 rows=9412 width=121)
	  Sort Key: c
	  ->  Bitmap Heap Scan on sbtest3  (cost=200.91..32529.15 rows=9412 width=121)
	        Recheck Cond: ((id >= 9833770) AND (id <= 9843769))
	        ->  Bitmap Index Scan on sbtest3_pkey  (cost=0.00..198.56 rows=9412 width=0)
	              Index Cond: ((id >= 9833770) AND (id <= 9843769))

table 4 : explain SELECT c FROM sbtest4 WHERE id BETWEEN 8144787 AND 8154786 ORDER BY c
	Sort  (cost=37762.86..37789.97 rows=10844 width=121)
	  Sort Key: c
	  ->  Bitmap Heap Scan on sbtest4  (cost=231.59..37036.06 rows=10844 width=121)
	        Recheck Cond: ((id >= 8144787) AND (id <= 8154786))
	        ->  Bitmap Index Scan on sbtest4_pkey  (cost=0.00..228.88 rows=10844 width=0)
	              Index Cond: ((id >= 8144787) AND (id <= 8154786))

table 5 : explain SELECT c FROM sbtest5 WHERE id BETWEEN 3639266 AND 3649265 ORDER BY c
	Sort  (cost=32252.49..32275.29 rows=9121 width=121)
	  Sort Key: c
	  ->  Bitmap Heap Scan on sbtest5  (cost=197.93..31652.55 rows=9121 width=121)
	        Recheck Cond: ((id >= 3639266) AND (id <= 3649265))
	        ->  Bitmap Index Scan on sbtest5_pkey  (cost=0.00..195.65 rows=9121 width=0)
	              Index Cond: ((id >= 3639266) AND (id <= 3649265))

table 6 : explain SELECT c FROM sbtest6 WHERE id BETWEEN 5311519 AND 5321518 ORDER BY c
	Sort  (cost=33566.67..33590.49 rows=9527 width=121)
	  Sort Key: c
	  ->  Bitmap Heap Scan on sbtest6  (cost=206.09..32937.04 rows=9527 width=121)
	        Recheck Cond: ((id >= 5311519) AND (id <= 5321518))
	        ->  Bitmap Index Scan on sbtest6_pkey  (cost=0.00..203.70 rows=9527 width=0)
	              Index Cond: ((id >= 5311519) AND (id <= 5321518))

table 7 : explain SELECT c FROM sbtest7 WHERE id BETWEEN 5552565 AND 5562564 ORDER BY c
	Sort  (cost=34539.88..34564.43 rows=9818 width=121)
	  Sort Key: c
	  ->  Bitmap Heap Scan on sbtest7  (cost=213.07..33888.89 rows=9818 width=121)
	        Recheck Cond: ((id >= 5552565) AND (id <= 5562564))
	        ->  Bitmap Index Scan on sbtest7_pkey  (cost=0.00..210.62 rows=9818 width=0)
	              Index Cond: ((id >= 5552565) AND (id <= 5562564))

table 8 : explain SELECT c FROM sbtest8 WHERE id BETWEEN 1386641 AND 1396640 ORDER BY c
	Sort  (cost=31415.82..31437.95 rows=8853 width=121)
	  Sort Key: c
	  ->  Bitmap Heap Scan on sbtest8  (cost=195.18..30835.42 rows=8853 width=121)
	        Recheck Cond: ((id >= 1386641) AND (id <= 1396640))
	        ->  Bitmap Index Scan on sbtest8_pkey  (cost=0.00..192.97 rows=8853 width=0)
	              Index Cond: ((id >= 1386641) AND (id <= 1396640))

explain: for point_selects :: explain SELECT c FROM sbtest%u WHERE id=%u
for: distinct_ranges
table 1 : explain SELECT DISTINCT c FROM sbtest1 WHERE id BETWEEN 5825437 AND 5835436 ORDER BY c
	Unique  (cost=31126.44..31170.43 rows=8797 width=121)
	  ->  Sort  (cost=31126.44..31148.43 rows=8797 width=121)
	        Sort Key: c
	        ->  Bitmap Heap Scan on sbtest1  (cost=190.60..30550.11 rows=8797 width=121)
	              Recheck Cond: ((id >= 5825437) AND (id <= 5835436))
	              ->  Bitmap Index Scan on sbtest1_pkey  (cost=0.00..188.41 rows=8797 width=0)
	                    Index Cond: ((id >= 5825437) AND (id <= 5835436))

table 2 : explain SELECT DISTINCT c FROM sbtest2 WHERE id BETWEEN 504549 AND 514548 ORDER BY c
	Unique  (cost=36408.70..36460.86 rows=10432 width=121)
	  ->  Sort  (cost=36408.70..36434.78 rows=10432 width=121)
	        Sort Key: c
	        ->  Bitmap Heap Scan on sbtest2  (cost=223.36..35712.43 rows=10432 width=121)
	              Recheck Cond: ((id >= 504549) AND (id <= 514548))
	              ->  Bitmap Index Scan on sbtest2_pkey  (cost=0.00..220.75 rows=10432 width=0)
	                    Index Cond: ((id >= 504549) AND (id <= 514548))

table 3 : explain SELECT DISTINCT c FROM sbtest3 WHERE id BETWEEN 7496126 AND 7506125 ORDER BY c
	Unique  (cost=34152.49..34201.10 rows=9723 width=121)
	  ->  Sort  (cost=34152.49..34176.80 rows=9723 width=121)
	        Sort Key: c
	        ->  Bitmap Heap Scan on sbtest3  (cost=208.10..33508.48 rows=9723 width=121)
	              Recheck Cond: ((id >= 7496126) AND (id <= 7506125))
	              ->  Bitmap Index Scan on sbtest3_pkey  (cost=0.00..205.67 rows=9723 width=0)
	                    Index Cond: ((id >= 7496126) AND (id <= 7506125))

table 4 : explain SELECT DISTINCT c FROM sbtest4 WHERE id BETWEEN 1094655 AND 1104654 ORDER BY c
	Unique  (cost=33650.03..33697.80 rows=9554 width=121)
	  ->  Sort  (cost=33650.03..33673.92 rows=9554 width=121)
	        Sort Key: c
	        ->  Bitmap Heap Scan on sbtest4  (cost=206.36..33018.42 rows=9554 width=121)
	              Recheck Cond: ((id >= 1094655) AND (id <= 1104654))
	              ->  Bitmap Index Scan on sbtest4_pkey  (cost=0.00..203.98 rows=9554 width=0)
	                    Index Cond: ((id >= 1094655) AND (id <= 1104654))

table 5 : explain SELECT DISTINCT c FROM sbtest5 WHERE id BETWEEN 6277934 AND 6287933 ORDER BY c
	Unique  (cost=35117.52..35167.57 rows=10011 width=121)
	  ->  Sort  (cost=35117.52..35142.55 rows=10011 width=121)
	        Sort Key: c
	        ->  Bitmap Heap Scan on sbtest5  (cost=215.05..34452.32 rows=10011 width=121)
	              Recheck Cond: ((id >= 6277934) AND (id <= 6287933))
	              ->  Bitmap Index Scan on sbtest5_pkey  (cost=0.00..212.55 rows=10011 width=0)
	                    Index Cond: ((id >= 6277934) AND (id <= 6287933))

table 6 : explain SELECT DISTINCT c FROM sbtest6 WHERE id BETWEEN 3260866 AND 3270865 ORDER BY c
	Unique  (cost=33699.11..33746.95 rows=9568 width=121)
	  ->  Sort  (cost=33699.11..33723.03 rows=9568 width=121)
	        Sort Key: c
	        ->  Bitmap Heap Scan on sbtest6  (cost=206.51..33066.47 rows=9568 width=121)
	              Recheck Cond: ((id >= 3260866) AND (id <= 3270865))
	              ->  Bitmap Index Scan on sbtest6_pkey  (cost=0.00..204.12 rows=9568 width=0)
	                    Index Cond: ((id >= 3260866) AND (id <= 3270865))

table 7 : explain SELECT DISTINCT c FROM sbtest7 WHERE id BETWEEN 3766125 AND 3776124 ORDER BY c
	Unique  (cost=35161.31..35211.37 rows=10011 width=121)
	  ->  Sort  (cost=35161.31..35186.34 rows=10011 width=121)
	        Sort Key: c
	        ->  Bitmap Heap Scan on sbtest7  (cost=219.05..34496.12 rows=10011 width=121)
	              Recheck Cond: ((id >= 3766125) AND (id <= 3776124))
	              ->  Bitmap Index Scan on sbtest7_pkey  (cost=0.00..216.55 rows=10011 width=0)
	                    Index Cond: ((id >= 3766125) AND (id <= 3776124))

table 8 : explain SELECT DISTINCT c FROM sbtest8 WHERE id BETWEEN 9459933 AND 9469932 ORDER BY c
	Unique  (cost=31653.13..31697.76 rows=8926 width=121)
	  ->  Sort  (cost=31653.13..31675.44 rows=8926 width=121)
	        Sort Key: c
	        ->  Bitmap Heap Scan on sbtest8  (cost=195.93..31067.41 rows=8926 width=121)
	              Recheck Cond: ((id >= 9459933) AND (id <= 9469932))
	              ->  Bitmap Index Scan on sbtest8_pkey  (cost=0.00..193.69 rows=8926 width=0)
	                    Index Cond: ((id >= 9459933) AND (id <= 9469932))

for: distinct_ranges
table 1 : explain SELECT DISTINCT c FROM sbtest1 WHERE id BETWEEN 6146214 AND 6156213 ORDER BY c
	Unique  (cost=34901.92..34951.78 rows=9971 width=121)
	  ->  Sort  (cost=34901.92..34926.85 rows=9971 width=121)
	        Sort Key: c
	        ->  Bitmap Heap Scan on sbtest1  (cost=214.64..34239.67 rows=9971 width=121)
	              Recheck Cond: ((id >= 6146214) AND (id <= 6156213))
	              ->  Bitmap Index Scan on sbtest1_pkey  (cost=0.00..212.15 rows=9971 width=0)
	                    Index Cond: ((id >= 6146214) AND (id <= 6156213))

table 2 : explain SELECT DISTINCT c FROM sbtest2 WHERE id BETWEEN 9740255 AND 9750254 ORDER BY c
	Unique  (cost=32491.88..32537.91 rows=9207 width=121)
	  ->  Sort  (cost=32491.88..32514.90 rows=9207 width=121)
	        Sort Key: c
	        ->  Bitmap Heap Scan on sbtest2  (cost=198.81..31885.67 rows=9207 width=121)
	              Recheck Cond: ((id >= 9740255) AND (id <= 9750254))
	              ->  Bitmap Index Scan on sbtest2_pkey  (cost=0.00..196.50 rows=9207 width=0)
	                    Index Cond: ((id >= 9740255) AND (id <= 9750254))

table 3 : explain SELECT DISTINCT c FROM sbtest3 WHERE id BETWEEN 1176531 AND 1186530 ORDER BY c
	Unique  (cost=34568.55..34617.81 rows=9852 width=121)
	  ->  Sort  (cost=34568.55..34593.18 rows=9852 width=121)
	        Sort Key: c
	        ->  Bitmap Heap Scan on sbtest3  (cost=213.42..33915.05 rows=9852 width=121)
	              Recheck Cond: ((id >= 1176531) AND (id <= 1186530))
	              ->  Bitmap Index Scan on sbtest3_pkey  (cost=0.00..210.95 rows=9852 width=0)
	                    Index Cond: ((id >= 1176531) AND (id <= 1186530))

table 4 : explain SELECT DISTINCT c FROM sbtest4 WHERE id BETWEEN 5723572 AND 5733571 ORDER BY c
	Unique  (cost=32846.96..32893.49 rows=9306 width=121)
	  ->  Sort  (cost=32846.96..32870.23 rows=9306 width=121)
	        Sort Key: c
	        ->  Bitmap Heap Scan on sbtest4  (cost=199.82..32233.51 rows=9306 width=121)
	              Recheck Cond: ((id >= 5723572) AND (id <= 5733571))
	              ->  Bitmap Index Scan on sbtest4_pkey  (cost=0.00..197.50 rows=9306 width=0)
	                    Index Cond: ((id >= 5723572) AND (id <= 5733571))

table 5 : explain SELECT DISTINCT c FROM sbtest5 WHERE id BETWEEN 8342891 AND 8352890 ORDER BY c
	Unique  (cost=35479.55..35530.18 rows=10125 width=121)
	  ->  Sort  (cost=35479.55..35504.87 rows=10125 width=121)
	        Sort Key: c
	        ->  Bitmap Heap Scan on sbtest5  (cost=216.22..34805.96 rows=10125 width=121)
	              Recheck Cond: ((id >= 8342891) AND (id <= 8352890))
	              ->  Bitmap Index Scan on sbtest5_pkey  (cost=0.00..213.69 rows=10125 width=0)
	                    Index Cond: ((id >= 8342891) AND (id <= 8352890))

table 6 : explain SELECT DISTINCT c FROM sbtest6 WHERE id BETWEEN 7098378 AND 7108377 ORDER BY c
	Unique  (cost=31156.29..31200.21 rows=8783 width=121)
	  ->  Sort  (cost=31156.29..31178.25 rows=8783 width=121)
	        Sort Key: c
	        ->  Bitmap Heap Scan on sbtest6  (cost=190.46..30580.98 rows=8783 width=121)
	              Recheck Cond: ((id >= 7098378) AND (id <= 7108377))
	              ->  Bitmap Index Scan on sbtest6_pkey  (cost=0.00..188.26 rows=8783 width=0)
	                    Index Cond: ((id >= 7098378) AND (id <= 7108377))

table 7 : explain SELECT DISTINCT c FROM sbtest7 WHERE id BETWEEN 3255756 AND 3265755 ORDER BY c
	Unique  (cost=34784.44..34833.92 rows=9895 width=121)
	  ->  Sort  (cost=34784.44..34809.18 rows=9895 width=121)
	        Sort Key: c
	        ->  Bitmap Heap Scan on sbtest7  (cost=213.86..34127.79 rows=9895 width=121)
	              Recheck Cond: ((id >= 3255756) AND (id <= 3265755))
	              ->  Bitmap Index Scan on sbtest7_pkey  (cost=0.00..211.38 rows=9895 width=0)
	                    Index Cond: ((id >= 3255756) AND (id <= 3265755))

table 8 : explain SELECT DISTINCT c FROM sbtest8 WHERE id BETWEEN 7268511 AND 7278510 ORDER BY c
	Unique  (cost=35632.13..35682.92 rows=10158 width=121)
	  ->  Sort  (cost=35632.13..35657.52 rows=10158 width=121)
	        Sort Key: c
	        ->  Bitmap Heap Scan on sbtest8  (cost=224.55..34956.10 rows=10158 width=121)
	              Recheck Cond: ((id >= 7268511) AND (id <= 7278510))
	              ->  Bitmap Index Scan on sbtest8_pkey  (cost=0.00..222.01 rows=10158 width=0)
	                    Index Cond: ((id >= 7268511) AND (id <= 7278510))

for: sum_ranges
table 1 : explain SELECT SUM(k) FROM sbtest1 WHERE id BETWEEN 6526404 AND 6536403
	Aggregate  (cost=35705.74..35705.75 rows=1 width=8)
	  ->  Bitmap Heap Scan on sbtest1  (cost=223.40..35679.65 rows=10436 width=4)
	        Recheck Cond: ((id >= 6526404) AND (id <= 6536403))
	        ->  Bitmap Index Scan on sbtest1_pkey  (cost=0.00..220.80 rows=10436 width=0)
	              Index Cond: ((id >= 6526404) AND (id <= 6536403))

table 2 : explain SELECT SUM(k) FROM sbtest2 WHERE id BETWEEN 1010149 AND 1020148
	Aggregate  (cost=34249.78..34249.79 rows=1 width=8)
	  ->  Bitmap Heap Scan on sbtest2  (cost=214.45..34224.89 rows=9953 width=4)
	        Recheck Cond: ((id >= 1010149) AND (id <= 1020148))
	        ->  Bitmap Index Scan on sbtest2_pkey  (cost=0.00..211.97 rows=9953 width=0)
	              Index Cond: ((id >= 1010149) AND (id <= 1020148))

table 3 : explain SELECT SUM(k) FROM sbtest3 WHERE id BETWEEN 7510680 AND 7520679
	Aggregate  (cost=33532.78..33532.79 rows=1 width=8)
	  ->  Bitmap Heap Scan on sbtest3  (cost=208.10..33508.48 rows=9723 width=4)
	        Recheck Cond: ((id >= 7510680) AND (id <= 7520679))
	        ->  Bitmap Index Scan on sbtest3_pkey  (cost=0.00..205.67 rows=9723 width=0)
	              Index Cond: ((id >= 7510680) AND (id <= 7520679))

table 4 : explain SELECT SUM(k) FROM sbtest4 WHERE id BETWEEN 6124454 AND 6134453
	Aggregate  (cost=33385.28..33385.29 rows=1 width=8)
	  ->  Bitmap Heap Scan on sbtest4  (cost=207.48..33361.12 rows=9663 width=4)
	        Recheck Cond: ((id >= 6124454) AND (id <= 6134453))
	        ->  Bitmap Index Scan on sbtest4_pkey  (cost=0.00..205.06 rows=9663 width=0)
	              Index Cond: ((id >= 6124454) AND (id <= 6134453))

table 5 : explain SELECT SUM(k) FROM sbtest5 WHERE id BETWEEN 5727052 AND 5737051
	Aggregate  (cost=35772.35..35772.36 rows=1 width=8)
	  ->  Bitmap Heap Scan on sbtest5  (cost=223.31..35746.28 rows=10427 width=4)
	        Recheck Cond: ((id >= 5727052) AND (id <= 5737051))
	        ->  Bitmap Index Scan on sbtest5_pkey  (cost=0.00..220.70 rows=10427 width=0)
	              Index Cond: ((id >= 5727052) AND (id <= 5737051))

table 6 : explain SELECT SUM(k) FROM sbtest6 WHERE id BETWEEN 7332893 AND 7342892
	Aggregate  (cost=34482.76..34482.77 rows=1 width=8)
	  ->  Bitmap Heap Scan on sbtest6  (cost=215.06..34457.73 rows=10012 width=4)
	        Recheck Cond: ((id >= 7332893) AND (id <= 7342892))
	        ->  Bitmap Index Scan on sbtest6_pkey  (cost=0.00..212.56 rows=10012 width=0)
	              Index Cond: ((id >= 7332893) AND (id <= 7342892))

table 7 : explain SELECT SUM(k) FROM sbtest7 WHERE id BETWEEN 6968470 AND 6978469
	Aggregate  (cost=34782.21..34782.22 rows=1 width=8)
	  ->  Bitmap Heap Scan on sbtest7  (cost=219.91..34756.98 rows=10095 width=4)
	        Recheck Cond: ((id >= 6968470) AND (id <= 6978469))
	        ->  Bitmap Index Scan on sbtest7_pkey  (cost=0.00..217.38 rows=10095 width=0)
	              Index Cond: ((id >= 6968470) AND (id <= 6978469))

table 8 : explain SELECT SUM(k) FROM sbtest8 WHERE id BETWEEN 5821863 AND 5831862
	Aggregate  (cost=32612.22..32612.23 rows=1 width=8)
	  ->  Bitmap Heap Scan on sbtest8  (cost=204.85..32588.70 rows=9406 width=4)
	        Recheck Cond: ((id >= 5821863) AND (id <= 5831862))
	        ->  Bitmap Index Scan on sbtest8_pkey  (cost=0.00..202.50 rows=9406 width=0)
	              Index Cond: ((id >= 5821863) AND (id <= 5831862))

for: order_ranges
table 1 : explain SELECT c FROM sbtest1 WHERE id BETWEEN 7925789 AND 7935788 ORDER BY c
	Sort  (cost=37631.28..37658.36 rows=10834 width=121)
	  Sort Key: c
	  ->  Bitmap Heap Scan on sbtest1  (cost=231.48..36905.22 rows=10834 width=121)
	        Recheck Cond: ((id >= 7925789) AND (id <= 7935788))
	        ->  Bitmap Index Scan on sbtest1_pkey  (cost=0.00..228.78 rows=10834 width=0)
	              Index Cond: ((id >= 7925789) AND (id <= 7935788))

table 2 : explain SELECT c FROM sbtest2 WHERE id BETWEEN 4148031 AND 4158030 ORDER BY c
	Sort  (cost=36133.77..36159.63 rows=10345 width=121)
	  Sort Key: c
	  ->  Bitmap Heap Scan on sbtest2  (cost=222.47..35443.93 rows=10345 width=121)
	        Recheck Cond: ((id >= 4148031) AND (id <= 4158030))
	        ->  Bitmap Index Scan on sbtest2_pkey  (cost=0.00..219.88 rows=10345 width=0)
	              Index Cond: ((id >= 4148031) AND (id <= 4158030))

table 3 : explain SELECT c FROM sbtest3 WHERE id BETWEEN 381862 AND 391861 ORDER BY c
	Sort  (cost=34030.41..34054.63 rows=9685 width=121)
	  Sort Key: c
	  ->  Bitmap Heap Scan on sbtest3  (cost=207.71..33389.19 rows=9685 width=121)
	        Recheck Cond: ((id >= 381862) AND (id <= 391861))
	        ->  Bitmap Index Scan on sbtest3_pkey  (cost=0.00..205.29 rows=9685 width=0)
	              Index Cond: ((id >= 381862) AND (id <= 391861))

table 4 : explain SELECT c FROM sbtest4 WHERE id BETWEEN 6900063 AND 6910062 ORDER BY c
	Sort  (cost=37642.19..37669.21 rows=10806 width=121)
	  Sort Key: c
	  ->  Bitmap Heap Scan on sbtest4  (cost=231.20..36918.21 rows=10806 width=121)
	        Recheck Cond: ((id >= 6900063) AND (id <= 6910062))
	        ->  Bitmap Index Scan on sbtest4_pkey  (cost=0.00..228.50 rows=10806 width=0)
	              Index Cond: ((id >= 6900063) AND (id <= 6910062))

table 5 : explain SELECT c FROM sbtest5 WHERE id BETWEEN 8056944 AND 8066943 ORDER BY c
	Sort  (cost=33740.15..33764.10 rows=9582 width=121)
	  Sort Key: c
	  ->  Bitmap Heap Scan on sbtest5  (cost=206.65..33106.48 rows=9582 width=121)
	        Recheck Cond: ((id >= 8056944) AND (id <= 8066943))
	        ->  Bitmap Index Scan on sbtest5_pkey  (cost=0.00..204.25 rows=9582 width=0)
	              Index Cond: ((id >= 8056944) AND (id <= 8066943))

table 6 : explain SELECT c FROM sbtest6 WHERE id BETWEEN 8082914 AND 8092913 ORDER BY c
	Sort  (cost=34112.64..34136.88 rows=9697 width=121)
	  Sort Key: c
	  ->  Bitmap Heap Scan on sbtest6  (cost=207.83..33470.54 rows=9697 width=121)
	        Recheck Cond: ((id >= 8082914) AND (id <= 8092913))
	        ->  Bitmap Index Scan on sbtest6_pkey  (cost=0.00..205.41 rows=9697 width=0)
	              Index Cond: ((id >= 8082914) AND (id <= 8092913))

table 7 : explain SELECT c FROM sbtest7 WHERE id BETWEEN 2030974 AND 2040973 ORDER BY c
	Sort  (cost=33027.70..33051.08 rows=9349 width=121)
	  Sort Key: c
	  ->  Bitmap Heap Scan on sbtest7  (cost=204.26..32411.11 rows=9349 width=121)
	        Recheck Cond: ((id >= 2030974) AND (id <= 2040973))
	        ->  Bitmap Index Scan on sbtest7_pkey  (cost=0.00..201.93 rows=9349 width=0)
	              Index Cond: ((id >= 2030974) AND (id <= 2040973))

table 8 : explain SELECT c FROM sbtest8 WHERE id BETWEEN 5125763 AND 5135762 ORDER BY c
	Sort  (cost=33787.46..33811.42 rows=9584 width=121)
	  Sort Key: c
	  ->  Bitmap Heap Scan on sbtest8  (cost=210.67..33153.65 rows=9584 width=121)
	        Recheck Cond: ((id >= 5125763) AND (id <= 5135762))
	        ->  Bitmap Index Scan on sbtest8_pkey  (cost=0.00..208.28 rows=9584 width=0)
	              Index Cond: ((id >= 5125763) AND (id <= 5135762))

for: distinct_ranges
table 1 : explain SELECT DISTINCT c FROM sbtest1 WHERE id BETWEEN 8549779 AND 8559778 ORDER BY c
	Unique  (cost=33838.58..33886.77 rows=9639 width=121)
	  ->  Sort  (cost=33838.58..33862.67 rows=9639 width=121)
	        Sort Key: c
	        ->  Bitmap Heap Scan on sbtest1  (cost=207.23..33200.73 rows=9639 width=121)
	              Recheck Cond: ((id >= 8549779) AND (id <= 8559778))
	              ->  Bitmap Index Scan on sbtest1_pkey  (cost=0.00..204.82 rows=9639 width=0)
	                    Index Cond: ((id >= 8549779) AND (id <= 8559778))

table 2 : explain SELECT DISTINCT c FROM sbtest2 WHERE id BETWEEN 2767071 AND 2777070 ORDER BY c
	Unique  (cost=34859.43..34909.15 rows=9944 width=121)
	  ->  Sort  (cost=34859.43..34884.29 rows=9944 width=121)
	        Sort Key: c
	        ->  Bitmap Heap Scan on sbtest2  (cost=214.36..34199.16 rows=9944 width=121)
	              Recheck Cond: ((id >= 2767071) AND (id <= 2777070))
	              ->  Bitmap Index Scan on sbtest2_pkey  (cost=0.00..211.88 rows=9944 width=0)
	                    Index Cond: ((id >= 2767071) AND (id <= 2777070))

table 3 : explain SELECT DISTINCT c FROM sbtest3 WHERE id BETWEEN 2702137 AND 2712136 ORDER BY c
	Unique  (cost=34403.15..34452.16 rows=9802 width=121)
	  ->  Sort  (cost=34403.15..34427.66 rows=9802 width=121)
	        Sort Key: c
	        ->  Bitmap Heap Scan on sbtest3  (cost=208.91..33753.34 rows=9802 width=121)
	              Recheck Cond: ((id >= 2702137) AND (id <= 2712136))
	              ->  Bitmap Index Scan on sbtest3_pkey  (cost=0.00..206.45 rows=9802 width=0)
	                    Index Cond: ((id >= 2702137) AND (id <= 2712136))

table 4 : explain SELECT DISTINCT c FROM sbtest4 WHERE id BETWEEN 4148828 AND 4158827 ORDER BY c
	Unique  (cost=34004.03..34052.35 rows=9664 width=121)
	  ->  Sort  (cost=34004.03..34028.19 rows=9664 width=121)
	        Sort Key: c
	        ->  Bitmap Heap Scan on sbtest4  (cost=207.49..33364.35 rows=9664 width=121)
	              Recheck Cond: ((id >= 4148828) AND (id <= 4158827))
	              ->  Bitmap Index Scan on sbtest4_pkey  (cost=0.00..205.07 rows=9664 width=0)
	                    Index Cond: ((id >= 4148828) AND (id <= 4158827))

table 5 : explain SELECT DISTINCT c FROM sbtest5 WHERE id BETWEEN 1633187 AND 1643186 ORDER BY c
	Unique  (cost=38796.52..38852.38 rows=11172 width=121)
	  ->  Sort  (cost=38796.52..38824.45 rows=11172 width=121)
	        Sort Key: c
	        ->  Bitmap Heap Scan on sbtest5  (cost=238.95..38045.34 rows=11172 width=121)
	              Recheck Cond: ((id >= 1633187) AND (id <= 1643186))
	              ->  Bitmap Index Scan on sbtest5_pkey  (cost=0.00..236.16 rows=11172 width=0)
	                    Index Cond: ((id >= 1633187) AND (id <= 1643186))

table 6 : explain SELECT DISTINCT c FROM sbtest6 WHERE id BETWEEN 8013552 AND 8023551 ORDER BY c
	Unique  (cost=32037.27..32082.54 rows=9055 width=121)
	  ->  Sort  (cost=32037.27..32059.91 rows=9055 width=121)
	        Sort Key: c
	        ->  Bitmap Heap Scan on sbtest6  (cost=193.25..31442.15 rows=9055 width=121)
	              Recheck Cond: ((id >= 8013552) AND (id <= 8023551))
	              ->  Bitmap Index Scan on sbtest6_pkey  (cost=0.00..190.99 rows=9055 width=0)
	                    Index Cond: ((id >= 8013552) AND (id <= 8023551))

table 7 : explain SELECT DISTINCT c FROM sbtest7 WHERE id BETWEEN 6742059 AND 6752058 ORDER BY c
	Unique  (cost=32328.12..32373.79 rows=9134 width=121)
	  ->  Sort  (cost=32328.12..32350.95 rows=9134 width=121)
	        Sort Key: c
	        ->  Bitmap Heap Scan on sbtest7  (cost=198.06..31727.24 rows=9134 width=121)
	              Recheck Cond: ((id >= 6742059) AND (id <= 6752058))
	              ->  Bitmap Index Scan on sbtest7_pkey  (cost=0.00..195.78 rows=9134 width=0)
	                    Index Cond: ((id >= 6742059) AND (id <= 6752058))

table 8 : explain SELECT DISTINCT c FROM sbtest8 WHERE id BETWEEN 9746894 AND 9756893 ORDER BY c
	Unique  (cost=34985.42..35035.20 rows=9957 width=121)
	  ->  Sort  (cost=34985.42..35010.31 rows=9957 width=121)
	        Sort Key: c
	        ->  Bitmap Heap Scan on sbtest8  (cost=218.49..34324.20 rows=9957 width=121)
	              Recheck Cond: ((id >= 9746894) AND (id <= 9756893))
	              ->  Bitmap Index Scan on sbtest8_pkey  (cost=0.00..216.00 rows=9957 width=0)
	                    Index Cond: ((id >= 9746894) AND (id <= 9756893))
explain: for point_selects :: explain SELECT c FROM sbtest%u WHERE id=%u

for point_selects
table 1 : explain SELECT c FROM sbtest1 WHERE id=5655246
	Index Scan using sbtest1_pkey on sbtest1  (cost=0.43..8.45 rows=1 width=121)
	  Index Cond: (id = 5655246)

table 2 : explain SELECT c FROM sbtest2 WHERE id=8333170
	Index Scan using sbtest2_pkey on sbtest2  (cost=0.43..8.45 rows=1 width=121)
	  Index Cond: (id = 8333170)

table 3 : explain SELECT c FROM sbtest3 WHERE id=32208
	Index Scan using sbtest3_pkey on sbtest3  (cost=0.43..8.45 rows=1 width=121)
	  Index Cond: (id = 32208)

table 4 : explain SELECT c FROM sbtest4 WHERE id=5312997
	Index Scan using sbtest4_pkey on sbtest4  (cost=0.43..8.45 rows=1 width=121)
	  Index Cond: (id = 5312997)

table 5 : explain SELECT c FROM sbtest5 WHERE id=9558100
	Index Scan using sbtest5_pkey on sbtest5  (cost=0.43..8.45 rows=1 width=121)
	  Index Cond: (id = 9558100)

table 6 : explain SELECT c FROM sbtest6 WHERE id=4097189
	Index Scan using sbtest6_pkey on sbtest6  (cost=0.43..8.45 rows=1 width=121)
	  Index Cond: (id = 4097189)

table 7 : explain SELECT c FROM sbtest7 WHERE id=7167861
	Index Scan using sbtest7_pkey on sbtest7  (cost=0.43..8.45 rows=1 width=121)
	  Index Cond: (id = 7167861)

table 8 : explain SELECT c FROM sbtest8 WHERE id=8472410
	Index Scan using sbtest8_pkey on sbtest8  (cost=0.43..8.45 rows=1 width=121)
	  Index Cond: (id = 8472410)

explain: for point_selects :: explain SELECT c FROM sbtest%u WHERE id=%u
for point_selects
table 1 : explain SELECT c FROM sbtest1 WHERE id=9347654
	Index Scan using sbtest1_pkey on sbtest1  (cost=0.43..8.45 rows=1 width=121)
	  Index Cond: (id = 9347654)

table 2 : explain SELECT c FROM sbtest2 WHERE id=9817771
	Index Scan using sbtest2_pkey on sbtest2  (cost=0.43..8.45 rows=1 width=121)
	  Index Cond: (id = 9817771)

table 3 : explain SELECT c FROM sbtest3 WHERE id=8983053
	Index Scan using sbtest3_pkey on sbtest3  (cost=0.43..8.45 rows=1 width=121)
	  Index Cond: (id = 8983053)

table 4 : explain SELECT c FROM sbtest4 WHERE id=3352463
	Index Scan using sbtest4_pkey on sbtest4  (cost=0.43..8.45 rows=1 width=121)
	  Index Cond: (id = 3352463)

table 5 : explain SELECT c FROM sbtest5 WHERE id=486369
	Index Scan using sbtest5_pkey on sbtest5  (cost=0.43..8.45 rows=1 width=121)
	  Index Cond: (id = 486369)

table 6 : explain SELECT c FROM sbtest6 WHERE id=6166414
	Index Scan using sbtest6_pkey on sbtest6  (cost=0.43..8.45 rows=1 width=121)
	  Index Cond: (id = 6166414)

table 7 : explain SELECT c FROM sbtest7 WHERE id=4505431
	Index Scan using sbtest7_pkey on sbtest7  (cost=0.43..8.45 rows=1 width=121)
	  Index Cond: (id = 4505431)

table 8 : explain SELECT c FROM sbtest8 WHERE id=8990309
	Index Scan using sbtest8_pkey on sbtest8  (cost=0.43..8.45 rows=1 width=121)
	  Index Cond: (id = 8990309)

for: order_ranges
table 1 : explain SELECT c FROM sbtest1 WHERE id BETWEEN 6568688 AND 6578687 ORDER BY c
	Sort  (cost=36376.22..36402.31 rows=10436 width=121)
	  Sort Key: c
	  ->  Bitmap Heap Scan on sbtest1  (cost=223.40..35679.65 rows=10436 width=121)
	        Recheck Cond: ((id >= 6568688) AND (id <= 6578687))
	        ->  Bitmap Index Scan on sbtest1_pkey  (cost=0.00..220.80 rows=10436 width=0)
	              Index Cond: ((id >= 6568688) AND (id <= 6578687))

table 2 : explain SELECT c FROM sbtest2 WHERE id BETWEEN 3616552 AND 3626551 ORDER BY c
	Sort  (cost=34833.13..34857.97 rows=9936 width=121)
	  Sort Key: c
	  ->  Bitmap Heap Scan on sbtest2  (cost=214.28..34173.46 rows=9936 width=121)
	        Recheck Cond: ((id >= 3616552) AND (id <= 3626551))
	        ->  Bitmap Index Scan on sbtest2_pkey  (cost=0.00..211.80 rows=9936 width=0)
	              Index Cond: ((id >= 3616552) AND (id <= 3626551))

table 3 : explain SELECT c FROM sbtest3 WHERE id BETWEEN 1484116 AND 1494115 ORDER BY c
	Sort  (cost=35765.70..35791.27 rows=10228 width=121)
	  Sort Key: c
	  ->  Bitmap Heap Scan on sbtest3  (cost=221.27..35084.50 rows=10228 width=121)
	        Recheck Cond: ((id >= 1484116) AND (id <= 1494115))
	        ->  Bitmap Index Scan on sbtest3_pkey  (cost=0.00..218.72 rows=10228 width=0)
	              Index Cond: ((id >= 1484116) AND (id <= 1494115))

table 4 : explain SELECT c FROM sbtest4 WHERE id BETWEEN 7840538 AND 7850537 ORDER BY c
	Sort  (cost=35314.26..35339.44 rows=10073 width=121)
	  Sort Key: c
	  ->  Bitmap Heap Scan on sbtest4  (cost=215.68..34644.50 rows=10073 width=121)
	        Recheck Cond: ((id >= 7840538) AND (id <= 7850537))
	        ->  Bitmap Index Scan on sbtest4_pkey  (cost=0.00..213.17 rows=10073 width=0)
	              Index Cond: ((id >= 7840538) AND (id <= 7850537))

table 5 : explain SELECT c FROM sbtest5 WHERE id BETWEEN 8969653 AND 8979652 ORDER BY c
	Sort  (cost=38747.73..38775.62 rows=11156 width=121)
	  Sort Key: c
	  ->  Bitmap Heap Scan on sbtest5  (cost=238.78..37997.74 rows=11156 width=121)
	        Recheck Cond: ((id >= 8969653) AND (id <= 8979652))
	        ->  Bitmap Index Scan on sbtest5_pkey  (cost=0.00..236.00 rows=11156 width=0)
	              Index Cond: ((id >= 8969653) AND (id <= 8979652))

table 6 : explain SELECT c FROM sbtest6 WHERE id BETWEEN 8094133 AND 8104132 ORDER BY c
	Sort  (cost=34112.64..34136.88 rows=9697 width=121)
	  Sort Key: c
	  ->  Bitmap Heap Scan on sbtest6  (cost=207.83..33470.54 rows=9697 width=121)
	        Recheck Cond: ((id >= 8094133) AND (id <= 8104132))
	        ->  Bitmap Index Scan on sbtest6_pkey  (cost=0.00..205.41 rows=9697 width=0)
	              Index Cond: ((id >= 8094133) AND (id <= 8104132))

table 7 : explain SELECT c FROM sbtest7 WHERE id BETWEEN 8381604 AND 8391603 ORDER BY c
	Sort  (cost=34985.83..35010.72 rows=9958 width=121)
	  Sort Key: c
	  ->  Bitmap Heap Scan on sbtest7  (cost=214.50..34324.54 rows=9958 width=121)
	        Recheck Cond: ((id >= 8381604) AND (id <= 8391603))
	        ->  Bitmap Index Scan on sbtest7_pkey  (cost=0.00..212.01 rows=9958 width=0)
	              Index Cond: ((id >= 8381604) AND (id <= 8391603))

table 8 : explain SELECT c FROM sbtest8 WHERE id BETWEEN 2892005 AND 2902004 ORDER BY c
	Sort  (cost=33923.29..33947.35 rows=9626 width=121)
	  Sort Key: c
	  ->  Bitmap Heap Scan on sbtest8  (cost=211.10..33286.40 rows=9626 width=121)
	        Recheck Cond: ((id >= 2892005) AND (id <= 2902004))
	        ->  Bitmap Index Scan on sbtest8_pkey  (cost=0.00..208.69 rows=9626 width=0)
	              Index Cond: ((id >= 2892005) AND (id <= 2902004))

for: simple_ranges
table 1 : explain SELECT c FROM sbtest1 WHERE id BETWEEN 5521979 AND 5531978
	Bitmap Heap Scan on sbtest1  (cost=239.03..37963.79 rows=11180 width=121)
	  Recheck Cond: ((id >= 5521979) AND (id <= 5531978))
	  ->  Bitmap Index Scan on sbtest1_pkey  (cost=0.00..236.24 rows=11180 width=0)
	        Index Cond: ((id >= 5521979) AND (id <= 5531978))

table 2 : explain SELECT c FROM sbtest2 WHERE id BETWEEN 7114075 AND 7124074
	Bitmap Heap Scan on sbtest2  (cost=215.42..34517.17 rows=10047 width=121)
	  Recheck Cond: ((id >= 7114075) AND (id <= 7124074))
	  ->  Bitmap Index Scan on sbtest2_pkey  (cost=0.00..212.91 rows=10047 width=0)
	        Index Cond: ((id >= 7114075) AND (id <= 7124074))

table 3 : explain SELECT c FROM sbtest3 WHERE id BETWEEN 4556746 AND 4566745
	Bitmap Heap Scan on sbtest3  (cost=206.81..33118.15 rows=9598 width=121)
	  Recheck Cond: ((id >= 4556746) AND (id <= 4566745))
	  ->  Bitmap Index Scan on sbtest3_pkey  (cost=0.00..204.42 rows=9598 width=0)
	        Index Cond: ((id >= 4556746) AND (id <= 4566745))

table 4 : explain SELECT c FROM sbtest4 WHERE id BETWEEN 6032366 AND 6042365
	Bitmap Heap Scan on sbtest4  (cost=208.92..33796.92 rows=9803 width=121)
	  Recheck Cond: ((id >= 6032366) AND (id <= 6042365))
	  ->  Bitmap Index Scan on sbtest4_pkey  (cost=0.00..206.47 rows=9803 width=0)
	        Index Cond: ((id >= 6032366) AND (id <= 6042365))

table 5 : explain SELECT c FROM sbtest5 WHERE id BETWEEN 5503902 AND 5513901
	Bitmap Heap Scan on sbtest5  (cost=191.36..30856.76 rows=8871 width=121)
	  Recheck Cond: ((id >= 5503902) AND (id <= 5513901))
	  ->  Bitmap Index Scan on sbtest5_pkey  (cost=0.00..189.15 rows=8871 width=0)
	        Index Cond: ((id >= 5503902) AND (id <= 5513901))

table 6 : explain SELECT c FROM sbtest6 WHERE id BETWEEN 883460 AND 893459
	Bitmap Heap Scan on sbtest6  (cost=214.07..34158.35 rows=9916 width=121)
	  Recheck Cond: ((id >= 883460) AND (id <= 893459))
	  ->  Bitmap Index Scan on sbtest6_pkey  (cost=0.00..211.59 rows=9916 width=0)
	        Index Cond: ((id >= 883460) AND (id <= 893459))

table 7 : explain SELECT c FROM sbtest7 WHERE id BETWEEN 1742489 AND 1752488
	Bitmap Heap Scan on sbtest7  (cost=206.53..33105.36 rows=9570 width=121)
	  Recheck Cond: ((id >= 1742489) AND (id <= 1752488))
	  ->  Bitmap Index Scan on sbtest7_pkey  (cost=0.00..204.13 rows=9570 width=0)
	        Index Cond: ((id >= 1742489) AND (id <= 1752488))

table 8 : explain SELECT c FROM sbtest8 WHERE id BETWEEN 3375758 AND 3385757
	Bitmap Heap Scan on sbtest8  (cost=224.39..34904.65 rows=10142 width=121)
	  Recheck Cond: ((id >= 3375758) AND (id <= 3385757))
	  ->  Bitmap Index Scan on sbtest8_pkey  (cost=0.00..221.86 rows=10142 width=0)
	        Index Cond: ((id >= 3375758) AND (id <= 3385757))

for point_selects
table 1 : explain SELECT c FROM sbtest1 WHERE id=7017863
	Index Scan using sbtest1_pkey on sbtest1  (cost=0.43..8.45 rows=1 width=121)
	  Index Cond: (id = 7017863)

table 2 : explain SELECT c FROM sbtest2 WHERE id=8924081
	Index Scan using sbtest2_pkey on sbtest2  (cost=0.43..8.45 rows=1 width=121)
	  Index Cond: (id = 8924081)

table 3 : explain SELECT c FROM sbtest3 WHERE id=4936285
	Index Scan using sbtest3_pkey on sbtest3  (cost=0.43..8.45 rows=1 width=121)
	  Index Cond: (id = 4936285)

table 4 : explain SELECT c FROM sbtest4 WHERE id=7995837
	Index Scan using sbtest4_pkey on sbtest4  (cost=0.43..8.45 rows=1 width=121)
	  Index Cond: (id = 7995837)

table 5 : explain SELECT c FROM sbtest5 WHERE id=9673800
	Index Scan using sbtest5_pkey on sbtest5  (cost=0.43..8.45 rows=1 width=121)
	  Index Cond: (id = 9673800)

table 6 : explain SELECT c FROM sbtest6 WHERE id=3754869
	Index Scan using sbtest6_pkey on sbtest6  (cost=0.43..8.45 rows=1 width=121)
	  Index Cond: (id = 3754869)

table 7 : explain SELECT c FROM sbtest7 WHERE id=8811921
	Index Scan using sbtest7_pkey on sbtest7  (cost=0.43..8.45 rows=1 width=121)
	  Index Cond: (id = 8811921)

table 8 : explain SELECT c FROM sbtest8 WHERE id=1596172
	Index Scan using sbtest8_pkey on sbtest8  (cost=0.43..8.45 rows=1 width=121)
	  Index Cond: (id = 1596172)

for point_selects
table 1 : explain SELECT c FROM sbtest1 WHERE id=20555
	Index Scan using sbtest1_pkey on sbtest1  (cost=0.43..8.45 rows=1 width=121)
	  Index Cond: (id = 20555)

table 2 : explain SELECT c FROM sbtest2 WHERE id=6140698
	Index Scan using sbtest2_pkey on sbtest2  (cost=0.43..8.45 rows=1 width=121)
	  Index Cond: (id = 6140698)

table 3 : explain SELECT c FROM sbtest3 WHERE id=3714659
	Index Scan using sbtest3_pkey on sbtest3  (cost=0.43..8.45 rows=1 width=121)
	  Index Cond: (id = 3714659)

table 4 : explain SELECT c FROM sbtest4 WHERE id=188349
	Index Scan using sbtest4_pkey on sbtest4  (cost=0.43..8.45 rows=1 width=121)
	  Index Cond: (id = 188349)

table 5 : explain SELECT c FROM sbtest5 WHERE id=8999397
	Index Scan using sbtest5_pkey on sbtest5  (cost=0.43..8.45 rows=1 width=121)
	  Index Cond: (id = 8999397)

table 6 : explain SELECT c FROM sbtest6 WHERE id=4816027
	Index Scan using sbtest6_pkey on sbtest6  (cost=0.43..8.45 rows=1 width=121)
	  Index Cond: (id = 4816027)

table 7 : explain SELECT c FROM sbtest7 WHERE id=5018685
	Index Scan using sbtest7_pkey on sbtest7  (cost=0.43..8.45 rows=1 width=121)
	  Index Cond: (id = 5018685)

table 8 : explain SELECT c FROM sbtest8 WHERE id=4128575
	Index Scan using sbtest8_pkey on sbtest8  (cost=0.43..8.45 rows=1 width=121)
	  Index Cond: (id = 4128575)

for point_selects
table 1 : explain SELECT c FROM sbtest1 WHERE id=5867981
	Index Scan using sbtest1_pkey on sbtest1  (cost=0.43..8.45 rows=1 width=121)
	  Index Cond: (id = 5867981)

table 2 : explain SELECT c FROM sbtest2 WHERE id=5499395
	Index Scan using sbtest2_pkey on sbtest2  (cost=0.43..8.45 rows=1 width=121)
	  Index Cond: (id = 5499395)

table 3 : explain SELECT c FROM sbtest3 WHERE id=5973526
	Index Scan using sbtest3_pkey on sbtest3  (cost=0.43..8.45 rows=1 width=121)
	  Index Cond: (id = 5973526)

table 4 : explain SELECT c FROM sbtest4 WHERE id=7099795
	Index Scan using sbtest4_pkey on sbtest4  (cost=0.43..8.45 rows=1 width=121)
	  Index Cond: (id = 7099795)

table 5 : explain SELECT c FROM sbtest5 WHERE id=8098691
	Index Scan using sbtest5_pkey on sbtest5  (cost=0.43..8.45 rows=1 width=121)
	  Index Cond: (id = 8098691)

table 6 : explain SELECT c FROM sbtest6 WHERE id=6797861
	Index Scan using sbtest6_pkey on sbtest6  (cost=0.43..8.45 rows=1 width=121)
	  Index Cond: (id = 6797861)

table 7 : explain SELECT c FROM sbtest7 WHERE id=2470967
	Index Scan using sbtest7_pkey on sbtest7  (cost=0.43..8.45 rows=1 width=121)
	  Index Cond: (id = 2470967)

table 8 : explain SELECT c FROM sbtest8 WHERE id=4505896
	Index Scan using sbtest8_pkey on sbtest8  (cost=0.43..8.45 rows=1 width=121)
	  Index Cond: (id = 4505896)

for: distinct_ranges
table 1 : explain SELECT DISTINCT c FROM sbtest1 WHERE id BETWEEN 7226072 AND 7236071 ORDER BY c
	Unique  (cost=33157.84..33204.97 rows=9427 width=121)
	  ->  Sort  (cost=33157.84..33181.40 rows=9427 width=121)
	        Sort Key: c
	        ->  Bitmap Heap Scan on sbtest1  (cost=201.06..32535.53 rows=9427 width=121)
	              Recheck Cond: ((id >= 7226072) AND (id <= 7236071))
	              ->  Bitmap Index Scan on sbtest1_pkey  (cost=0.00..198.70 rows=9427 width=0)
	                    Index Cond: ((id >= 7226072) AND (id <= 7236071))

table 2 : explain SELECT DISTINCT c FROM sbtest2 WHERE id BETWEEN 8882080 AND 8892079 ORDER BY c
	Unique  (cost=35181.73..35231.96 rows=10046 width=121)
	  ->  Sort  (cost=35181.73..35206.85 rows=10046 width=121)
	        Sort Key: c
	        ->  Bitmap Heap Scan on sbtest2  (cost=215.41..34513.96 rows=10046 width=121)
	              Recheck Cond: ((id >= 8882080) AND (id <= 8892079))
	              ->  Bitmap Index Scan on sbtest2_pkey  (cost=0.00..212.90 rows=10046 width=0)
	                    Index Cond: ((id >= 8882080) AND (id <= 8892079))

table 3 : explain SELECT DISTINCT c FROM sbtest3 WHERE id BETWEEN 9747537 AND 9757536 ORDER BY c
	Unique  (cost=34986.64..35036.56 rows=9984 width=121)
	  ->  Sort  (cost=34986.64..35011.60 rows=9984 width=121)
	        Sort Key: c
	        ->  Bitmap Heap Scan on sbtest3  (cost=214.77..34323.43 rows=9984 width=121)
	              Recheck Cond: ((id >= 9747537) AND (id <= 9757536))
	              ->  Bitmap Index Scan on sbtest3_pkey  (cost=0.00..212.28 rows=9984 width=0)
	                    Index Cond: ((id >= 9747537) AND (id <= 9757536))

table 4 : explain SELECT DISTINCT c FROM sbtest4 WHERE id BETWEEN 6795288 AND 6805287 ORDER BY c
	Unique  (cost=34961.99..35011.81 rows=9963 width=121)
	  ->  Sort  (cost=34961.99..34986.90 rows=9963 width=121)
	        Sort Key: c
	        ->  Bitmap Heap Scan on sbtest4  (cost=214.56..34300.33 rows=9963 width=121)
	              Recheck Cond: ((id >= 6795288) AND (id <= 6805287))
	              ->  Bitmap Index Scan on sbtest4_pkey  (cost=0.00..212.06 rows=9963 width=0)
	                    Index Cond: ((id >= 6795288) AND (id <= 6805287))

table 5 : explain SELECT DISTINCT c FROM sbtest5 WHERE id BETWEEN 4627707 AND 4637706 ORDER BY c
	Unique  (cost=35927.22..35978.54 rows=10265 width=121)
	  ->  Sort  (cost=35927.22..35952.88 rows=10265 width=121)
	        Sort Key: c
	        ->  Bitmap Heap Scan on sbtest5  (cost=221.65..35243.29 rows=10265 width=121)
	              Recheck Cond: ((id >= 4627707) AND (id <= 4637706))
	              ->  Bitmap Index Scan on sbtest5_pkey  (cost=0.00..219.09 rows=10265 width=0)
	                    Index Cond: ((id >= 4627707) AND (id <= 4637706))

table 6 : explain SELECT DISTINCT c FROM sbtest6 WHERE id BETWEEN 1488502 AND 1498501 ORDER BY c
	Unique  (cost=32836.25..32882.76 rows=9301 width=121)
	  ->  Sort  (cost=32836.25..32859.50 rows=9301 width=121)
	        Sort Key: c
	        ->  Bitmap Heap Scan on sbtest6  (cost=199.77..32223.17 rows=9301 width=121)
	              Recheck Cond: ((id >= 1488502) AND (id <= 1498501))
	              ->  Bitmap Index Scan on sbtest6_pkey  (cost=0.00..197.44 rows=9301 width=0)
	                    Index Cond: ((id >= 1488502) AND (id <= 1498501))

table 7 : explain SELECT DISTINCT c FROM sbtest7 WHERE id BETWEEN 5072980 AND 5082979 ORDER BY c
	Unique  (cost=35974.81..36026.15 rows=10267 width=121)
	  ->  Sort  (cost=35974.81..36000.48 rows=10267 width=121)
	        Sort Key: c
	        ->  Bitmap Heap Scan on sbtest7  (cost=221.67..35290.74 rows=10267 width=121)
	              Recheck Cond: ((id >= 5072980) AND (id <= 5082979))
	              ->  Bitmap Index Scan on sbtest7_pkey  (cost=0.00..219.11 rows=10267 width=0)
	                    Index Cond: ((id >= 5072980) AND (id <= 5082979))

table 8 : explain SELECT DISTINCT c FROM sbtest8 WHERE id BETWEEN 9893197 AND 9903196 ORDER BY c
	Unique  (cost=33485.65..33533.10 rows=9490 width=121)
	  ->  Sort  (cost=33485.65..33509.37 rows=9490 width=121)
	        Sort Key: c
	        ->  Bitmap Heap Scan on sbtest8  (cost=209.71..32858.73 rows=9490 width=121)
	              Recheck Cond: ((id >= 9893197) AND (id <= 9903196))
	              ->  Bitmap Index Scan on sbtest8_pkey  (cost=0.00..207.34 rows=9490 width=0)
	                    Index Cond: ((id >= 9893197) AND (id <= 9903196))

for: simple_ranges
table 1 : explain SELECT c FROM sbtest1 WHERE id BETWEEN 6652213 AND 6662212
	Bitmap Heap Scan on sbtest1  (cost=208.79..33673.76 rows=9791 width=121)
	  Recheck Cond: ((id >= 6652213) AND (id <= 6662212))
	  ->  Bitmap Index Scan on sbtest1_pkey  (cost=0.00..206.34 rows=9791 width=0)
	        Index Cond: ((id >= 6652213) AND (id <= 6662212))

table 2 : explain SELECT c FROM sbtest2 WHERE id BETWEEN 1871776 AND 1881775
	Bitmap Heap Scan on sbtest2  (cost=209.21..33844.61 rows=9832 width=121)
	  Recheck Cond: ((id >= 1871776) AND (id <= 1881775))
	  ->  Bitmap Index Scan on sbtest2_pkey  (cost=0.00..206.75 rows=9832 width=0)
	        Index Cond: ((id >= 1871776) AND (id <= 1881775))

table 3 : explain SELECT c FROM sbtest3 WHERE id BETWEEN 1842306 AND 1852305
	Bitmap Heap Scan on sbtest3  (cost=222.32..35401.39 rows=10330 width=121)
	  Recheck Cond: ((id >= 1842306) AND (id <= 1852305))
	  ->  Bitmap Index Scan on sbtest3_pkey  (cost=0.00..219.74 rows=10330 width=0)
	        Index Cond: ((id >= 1842306) AND (id <= 1852305))

table 4 : explain SELECT c FROM sbtest4 WHERE id BETWEEN 3533640 AND 3543639
	Bitmap Heap Scan on sbtest4  (cost=199.57..32155.61 rows=9281 width=121)
	  Recheck Cond: ((id >= 3533640) AND (id <= 3543639))
	  ->  Bitmap Index Scan on sbtest4_pkey  (cost=0.00..197.25 rows=9281 width=0)
	        Index Cond: ((id >= 3533640) AND (id <= 3543639))

table 5 : explain SELECT c FROM sbtest5 WHERE id BETWEEN 9432144 AND 9442143
	Bitmap Heap Scan on sbtest5  (cost=215.19..34494.15 rows=10025 width=121)
	  Recheck Cond: ((id >= 9432144) AND (id <= 9442143))
	  ->  Bitmap Index Scan on sbtest5_pkey  (cost=0.00..212.69 rows=10025 width=0)
	        Index Cond: ((id >= 9432144) AND (id <= 9442143))

table 6 : explain SELECT c FROM sbtest6 WHERE id BETWEEN 8347816 AND 8357815
	Bitmap Heap Scan on sbtest6  (cost=222.67..35553.28 rows=10364 width=121)
	  Recheck Cond: ((id >= 8347816) AND (id <= 8357815))
	  ->  Bitmap Index Scan on sbtest6_pkey  (cost=0.00..220.07 rows=10364 width=0)
	        Index Cond: ((id >= 8347816) AND (id <= 8357815))

table 7 : explain SELECT c FROM sbtest7 WHERE id BETWEEN 5177258 AND 5187257
	Bitmap Heap Scan on sbtest7  (cost=229.53..36461.25 rows=10643 width=121)
	  Recheck Cond: ((id >= 5177258) AND (id <= 5187257))
	  ->  Bitmap Index Scan on sbtest7_pkey  (cost=0.00..226.87 rows=10643 width=0)
	        Index Cond: ((id >= 5177258) AND (id <= 5187257))

table 8 : explain SELECT c FROM sbtest8 WHERE id BETWEEN 7263336 AND 7273335
	Bitmap Heap Scan on sbtest8  (cost=226.76..35624.17 rows=10373 width=121)
	  Recheck Cond: ((id >= 7263336) AND (id <= 7273335))
	  ->  Bitmap Index Scan on sbtest8_pkey  (cost=0.00..224.17 rows=10373 width=0)
	        Index Cond: ((id >= 7263336) AND (id <= 7273335))

for: distinct_ranges
table 1 : explain SELECT DISTINCT c FROM sbtest1 WHERE id BETWEEN 1405208 AND 1415207 ORDER BY c
	Unique  (cost=34279.93..34328.81 rows=9777 width=121)
	  ->  Sort  (cost=34279.93..34304.37 rows=9777 width=121)
	        Sort Key: c
	        ->  Bitmap Heap Scan on sbtest1  (cost=208.65..33631.95 rows=9777 width=121)
	              Recheck Cond: ((id >= 1405208) AND (id <= 1415207))
	              ->  Bitmap Index Scan on sbtest1_pkey  (cost=0.00..206.20 rows=9777 width=0)
	                    Index Cond: ((id >= 1405208) AND (id <= 1415207))

table 2 : explain SELECT DISTINCT c FROM sbtest2 WHERE id BETWEEN 2368042 AND 2378041 ORDER BY c
	Unique  (cost=33506.42..33554.03 rows=9522 width=121)
	  ->  Sort  (cost=33506.42..33530.22 rows=9522 width=121)
	        Sort Key: c
	        ->  Bitmap Heap Scan on sbtest2  (cost=206.04..32877.15 rows=9522 width=121)
	              Recheck Cond: ((id >= 2368042) AND (id <= 2378041))
	              ->  Bitmap Index Scan on sbtest2_pkey  (cost=0.00..203.66 rows=9522 width=0)
	                    Index Cond: ((id >= 2368042) AND (id <= 2378041))

table 3 : explain SELECT DISTINCT c FROM sbtest3 WHERE id BETWEEN 7076470 AND 7086469 ORDER BY c
	Unique  (cost=35341.54..35392.01 rows=10095 width=121)
	  ->  Sort  (cost=35341.54..35366.78 rows=10095 width=121)
	        Sort Key: c
	        ->  Bitmap Heap Scan on sbtest3  (cost=215.91..34670.15 rows=10095 width=121)
	              Recheck Cond: ((id >= 7076470) AND (id <= 7086469))
	              ->  Bitmap Index Scan on sbtest3_pkey  (cost=0.00..213.38 rows=10095 width=0)
	                    Index Cond: ((id >= 7076470) AND (id <= 7086469))

table 4 : explain SELECT DISTINCT c FROM sbtest4 WHERE id BETWEEN 4569156 AND 4579155 ORDER BY c
	Unique  (cost=34935.66..34985.43 rows=9955 width=121)
	  ->  Sort  (cost=34935.66..34960.54 rows=9955 width=121)
	        Sort Key: c
	        ->  Bitmap Heap Scan on sbtest4  (cost=214.47..34274.58 rows=9955 width=121)
	              Recheck Cond: ((id >= 4569156) AND (id <= 4579155))
	              ->  Bitmap Index Scan on sbtest4_pkey  (cost=0.00..211.99 rows=9955 width=0)
	                    Index Cond: ((id >= 4569156) AND (id <= 4579155))

table 5 : explain SELECT DISTINCT c FROM sbtest5 WHERE id BETWEEN 1235149 AND 1245148 ORDER BY c
	Unique  (cost=38637.23..38692.83 rows=11121 width=121)
	  ->  Sort  (cost=38637.23..38665.03 rows=11121 width=121)
	        Sort Key: c
	        ->  Bitmap Heap Scan on sbtest5  (cost=238.43..37889.84 rows=11121 width=121)
	              Recheck Cond: ((id >= 1235149) AND (id <= 1245148))
	              ->  Bitmap Index Scan on sbtest5_pkey  (cost=0.00..235.65 rows=11121 width=0)
	                    Index Cond: ((id >= 1235149) AND (id <= 1245148))

table 6 : explain SELECT DISTINCT c FROM sbtest6 WHERE id BETWEEN 1840625 AND 1850624 ORDER BY c
	Unique  (cost=39199.25..39255.74 rows=11298 width=121)
	  ->  Sort  (cost=39199.25..39227.49 rows=11298 width=121)
	        Sort Key: c
	        ->  Bitmap Heap Scan on sbtest6  (cost=244.24..38438.68 rows=11298 width=121)
	              Recheck Cond: ((id >= 1840625) AND (id <= 1850624))
	              ->  Bitmap Index Scan on sbtest6_pkey  (cost=0.00..241.42 rows=11298 width=0)
	                    Index Cond: ((id >= 1840625) AND (id <= 1850624))

table 7 : explain SELECT DISTINCT c FROM sbtest7 WHERE id BETWEEN 624799 AND 634798 ORDER BY c
	Unique  (cost=37912.87..37967.25 rows=10876 width=121)
	  ->  Sort  (cost=37912.87..37940.06 rows=10876 width=121)
	        Sort Key: c
	        ->  Bitmap Heap Scan on sbtest7  (cost=235.91..37183.70 rows=10876 width=121)
	              Recheck Cond: ((id >= 624799) AND (id <= 634798))
	              ->  Bitmap Index Scan on sbtest7_pkey  (cost=0.00..233.19 rows=10876 width=0)
	                    Index Cond: ((id >= 624799) AND (id <= 634798))

table 8 : explain SELECT DISTINCT c FROM sbtest8 WHERE id BETWEEN 2983199 AND 2993198 ORDER BY c
	Unique  (cost=35443.68..35494.18 rows=10100 width=121)
	  ->  Sort  (cost=35443.68..35468.93 rows=10100 width=121)
	        Sort Key: c
	        ->  Bitmap Heap Scan on sbtest8  (cost=219.96..34771.93 rows=10100 width=121)
	              Recheck Cond: ((id >= 2983199) AND (id <= 2993198))
	              ->  Bitmap Index Scan on sbtest8_pkey  (cost=0.00..217.44 rows=10100 width=0)
	                    Index Cond: ((id >= 2983199) AND (id <= 2993198))

for: sum_ranges
table 1 : explain SELECT SUM(k) FROM sbtest1 WHERE id BETWEEN 3775572 AND 3785571
	Aggregate  (cost=32429.78..32429.79 rows=1 width=8)
	  ->  Bitmap Heap Scan on sbtest1  (cost=200.64..32406.32 rows=9386 width=4)
	        Recheck Cond: ((id >= 3775572) AND (id <= 3785571))
	        ->  Bitmap Index Scan on sbtest1_pkey  (cost=0.00..198.30 rows=9386 width=0)
	              Index Cond: ((id >= 3775572) AND (id <= 3785571))

table 2 : explain SELECT SUM(k) FROM sbtest2 WHERE id BETWEEN 8316510 AND 8326509
	Aggregate  (cost=33362.96..33362.97 rows=1 width=8)
	  ->  Bitmap Heap Scan on sbtest2  (cost=207.55..33338.78 rows=9670 width=4)
	        Recheck Cond: ((id >= 8316510) AND (id <= 8326509))
	        ->  Bitmap Index Scan on sbtest2_pkey  (cost=0.00..205.13 rows=9670 width=0)
	              Index Cond: ((id >= 8316510) AND (id <= 8326509))

table 3 : explain SELECT SUM(k) FROM sbtest3 WHERE id BETWEEN 8767383 AND 8777382
	Aggregate  (cost=34280.85..34280.86 rows=1 width=8)
	  ->  Bitmap Heap Scan on sbtest3  (cost=214.55..34255.95 rows=9962 width=4)
	        Recheck Cond: ((id >= 8767383) AND (id <= 8777382))
	        ->  Bitmap Index Scan on sbtest3_pkey  (cost=0.00..212.06 rows=9962 width=0)
	              Index Cond: ((id >= 8767383) AND (id <= 8777382))

table 4 : explain SELECT SUM(k) FROM sbtest4 WHERE id BETWEEN 8840546 AND 8850545
	Aggregate  (cost=32678.66..32678.67 rows=1 width=8)
	  ->  Bitmap Heap Scan on sbtest4  (cost=201.20..32655.06 rows=9440 width=4)
	        Recheck Cond: ((id >= 8840546) AND (id <= 8850545))
	        ->  Bitmap Index Scan on sbtest4_pkey  (cost=0.00..198.84 rows=9440 width=0)
	              Index Cond: ((id >= 8840546) AND (id <= 8850545))

table 5 : explain SELECT SUM(k) FROM sbtest5 WHERE id BETWEEN 4967351 AND 4977350
	Aggregate  (cost=34802.34..34802.35 rows=1 width=8)
	  ->  Bitmap Heap Scan on sbtest5  (cost=216.12..34777.05 rows=10116 width=4)
	        Recheck Cond: ((id >= 4967351) AND (id <= 4977350))
	        ->  Bitmap Index Scan on sbtest5_pkey  (cost=0.00..213.59 rows=10116 width=0)
	              Index Cond: ((id >= 4967351) AND (id <= 4977350))

table 6 : explain SELECT SUM(k) FROM sbtest6 WHERE id BETWEEN 6968339 AND 6978338
	Aggregate  (cost=35377.13..35377.14 rows=1 width=8)
	  ->  Bitmap Heap Scan on sbtest6  (cost=222.00..35351.38 rows=10299 width=4)
	        Recheck Cond: ((id >= 6968339) AND (id <= 6978338))
	        ->  Bitmap Index Scan on sbtest6_pkey  (cost=0.00..219.43 rows=10299 width=0)
	              Index Cond: ((id >= 6968339) AND (id <= 6978338))

table 7 : explain SELECT SUM(k) FROM sbtest7 WHERE id BETWEEN 3778371 AND 3788370
	Aggregate  (cost=34521.15..34521.16 rows=1 width=8)
	  ->  Bitmap Heap Scan on sbtest7  (cost=219.05..34496.12 rows=10011 width=4)
	        Recheck Cond: ((id >= 3778371) AND (id <= 3788370))
	        ->  Bitmap Index Scan on sbtest7_pkey  (cost=0.00..216.55 rows=10011 width=0)
	              Index Cond: ((id >= 3778371) AND (id <= 3788370))

table 8 : explain SELECT SUM(k) FROM sbtest8 WHERE id BETWEEN 5830568 AND 5840567
	Aggregate  (cost=32612.22..32612.23 rows=1 width=8)
	  ->  Bitmap Heap Scan on sbtest8  (cost=204.85..32588.70 rows=9406 width=4)
	        Recheck Cond: ((id >= 5830568) AND (id <= 5840567))
	        ->  Bitmap Index Scan on sbtest8_pkey  (cost=0.00..202.50 rows=9406 width=0)
	              Index Cond: ((id >= 5830568) AND (id <= 5840567))

for: simple_ranges
table 1 : explain SELECT c FROM sbtest1 WHERE id BETWEEN 3403021 AND 3413020
	Bitmap Heap Scan on sbtest1  (cost=201.43..32648.54 rows=9463 width=121)
	  Recheck Cond: ((id >= 3403021) AND (id <= 3413020))
	  ->  Bitmap Index Scan on sbtest1_pkey  (cost=0.00..199.06 rows=9463 width=0)
	        Index Cond: ((id >= 3403021) AND (id <= 3413020))

table 2 : explain SELECT c FROM sbtest2 WHERE id BETWEEN 958405 AND 968404
	Bitmap Heap Scan on sbtest2  (cost=223.92..35881.67 rows=10486 width=121)
	  Recheck Cond: ((id >= 958405) AND (id <= 968404))
	  ->  Bitmap Index Scan on sbtest2_pkey  (cost=0.00..221.30 rows=10486 width=0)
	        Index Cond: ((id >= 958405) AND (id <= 968404))

table 3 : explain SELECT c FROM sbtest3 WHERE id BETWEEN 6562508 AND 6572507
	Bitmap Heap Scan on sbtest3  (cost=223.83..35858.44 rows=10478 width=121)
	  Recheck Cond: ((id >= 6562508) AND (id <= 6572507))
	  ->  Bitmap Index Scan on sbtest3_pkey  (cost=0.00..221.22 rows=10478 width=0)
	        Index Cond: ((id >= 6562508) AND (id <= 6572507))

table 4 : explain SELECT c FROM sbtest4 WHERE id BETWEEN 7516203 AND 7526202
	Bitmap Heap Scan on sbtest4  (cost=201.16..32648.56 rows=9437 width=121)
	  Recheck Cond: ((id >= 7516203) AND (id <= 7526202))
	  ->  Bitmap Index Scan on sbtest4_pkey  (cost=0.00..198.81 rows=9437 width=0)
	        Index Cond: ((id >= 7516203) AND (id <= 7526202))

table 5 : explain SELECT c FROM sbtest5 WHERE id BETWEEN 7885360 AND 7895359
	Bitmap Heap Scan on sbtest5  (cost=199.70..32198.48 rows=9294 width=121)
	  Recheck Cond: ((id >= 7885360) AND (id <= 7895359))
	  ->  Bitmap Index Scan on sbtest5_pkey  (cost=0.00..197.38 rows=9294 width=0)
	        Index Cond: ((id >= 7885360) AND (id <= 7895359))

table 6 : explain SELECT c FROM sbtest6 WHERE id BETWEEN 5139342 AND 5149341
	Bitmap Heap Scan on sbtest6  (cost=222.44..35485.99 rows=10342 width=121)
	  Recheck Cond: ((id >= 5139342) AND (id <= 5149341))
	  ->  Bitmap Index Scan on sbtest6_pkey  (cost=0.00..219.86 rows=10342 width=0)
	        Index Cond: ((id >= 5139342) AND (id <= 5149341))

table 7 : explain SELECT c FROM sbtest7 WHERE id BETWEEN 6586672 AND 6596671
	Bitmap Heap Scan on sbtest7  (cost=212.72..33782.29 rows=9784 width=121)
	  Recheck Cond: ((id >= 6586672) AND (id <= 6596671))
	  ->  Bitmap Index Scan on sbtest7_pkey  (cost=0.00..210.28 rows=9784 width=0)
	        Index Cond: ((id >= 6586672) AND (id <= 6596671))

table 8 : explain SELECT c FROM sbtest8 WHERE id BETWEEN 639710 AND 649709
	Bitmap Heap Scan on sbtest8  (cost=225.41..35213.26 rows=10241 width=121)
	  Recheck Cond: ((id >= 639710) AND (id <= 649709))
	  ->  Bitmap Index Scan on sbtest8_pkey  (cost=0.00..222.84 rows=10241 width=0)
	        Index Cond: ((id >= 639710) AND (id <= 649709))

for point_selects
table 1 : explain SELECT c FROM sbtest1 WHERE id=6833455
	Index Scan using sbtest1_pkey on sbtest1  (cost=0.43..8.45 rows=1 width=121)
	  Index Cond: (id = 6833455)

table 2 : explain SELECT c FROM sbtest2 WHERE id=7338585
	Index Scan using sbtest2_pkey on sbtest2  (cost=0.43..8.45 rows=1 width=121)
	  Index Cond: (id = 7338585)

table 3 : explain SELECT c FROM sbtest3 WHERE id=4402721
	Index Scan using sbtest3_pkey on sbtest3  (cost=0.43..8.45 rows=1 width=121)
	  Index Cond: (id = 4402721)

table 4 : explain SELECT c FROM sbtest4 WHERE id=5367796
	Index Scan using sbtest4_pkey on sbtest4  (cost=0.43..8.45 rows=1 width=121)
	  Index Cond: (id = 5367796)

table 5 : explain SELECT c FROM sbtest5 WHERE id=2631534
	Index Scan using sbtest5_pkey on sbtest5  (cost=0.43..8.45 rows=1 width=121)
	  Index Cond: (id = 2631534)

table 6 : explain SELECT c FROM sbtest6 WHERE id=875616
	Index Scan using sbtest6_pkey on sbtest6  (cost=0.43..8.45 rows=1 width=121)
	  Index Cond: (id = 875616)

table 7 : explain SELECT c FROM sbtest7 WHERE id=8719897
	Index Scan using sbtest7_pkey on sbtest7  (cost=0.43..8.45 rows=1 width=121)
	  Index Cond: (id = 8719897)

table 8 : explain SELECT c FROM sbtest8 WHERE id=4788049
	Index Scan using sbtest8_pkey on sbtest8  (cost=0.43..8.45 rows=1 width=121)
	  Index Cond: (id = 4788049)

for: simple_ranges
table 1 : explain SELECT c FROM sbtest1 WHERE id BETWEEN 9413955 AND 9423954
	Bitmap Heap Scan on sbtest1  (cost=228.78..36094.70 rows=10570 width=121)
	  Recheck Cond: ((id >= 9413955) AND (id <= 9423954))
	  ->  Bitmap Index Scan on sbtest1_pkey  (cost=0.00..226.13 rows=10570 width=0)
	        Index Cond: ((id >= 9413955) AND (id <= 9423954))

table 2 : explain SELECT c FROM sbtest2 WHERE id BETWEEN 7195435 AND 7205434
	Bitmap Heap Scan on sbtest2  (cost=229.67..36411.91 rows=10657 width=121)
	  Recheck Cond: ((id >= 7195435) AND (id <= 7205434))
	  ->  Bitmap Index Scan on sbtest2_pkey  (cost=0.00..227.00 rows=10657 width=0)
	        Index Cond: ((id >= 7195435) AND (id <= 7205434))

table 3 : explain SELECT c FROM sbtest3 WHERE id BETWEEN 1451294 AND 1461293
	Bitmap Heap Scan on sbtest3  (cost=246.04..38920.80 rows=11474 width=121)
	  Recheck Cond: ((id >= 1451294) AND (id <= 1461293))
	  ->  Bitmap Index Scan on sbtest3_pkey  (cost=0.00..243.18 rows=11474 width=0)
	        Index Cond: ((id >= 1451294) AND (id <= 1461293))

table 4 : explain SELECT c FROM sbtest4 WHERE id BETWEEN 4775392 AND 4785391
	Bitmap Heap Scan on sbtest4  (cost=206.09..32934.29 rows=9527 width=121)
	  Recheck Cond: ((id >= 4775392) AND (id <= 4785391))
	  ->  Bitmap Index Scan on sbtest4_pkey  (cost=0.00..203.70 rows=9527 width=0)
	        Index Cond: ((id >= 4775392) AND (id <= 4785391))

table 5 : explain SELECT c FROM sbtest5 WHERE id BETWEEN 7090201 AND 7100200
	Bitmap Heap Scan on sbtest5  (cost=221.91..35323.43 rows=10290 width=121)
	  Recheck Cond: ((id >= 7090201) AND (id <= 7100200))
	  ->  Bitmap Index Scan on sbtest5_pkey  (cost=0.00..219.34 rows=10290 width=0)
	        Index Cond: ((id >= 7090201) AND (id <= 7100200))

table 6 : explain SELECT c FROM sbtest6 WHERE id BETWEEN 7338353 AND 7348352
	Bitmap Heap Scan on sbtest6  (cost=228.22..36027.76 rows=10516 width=121)
	  Recheck Cond: ((id >= 7338353) AND (id <= 7348352))
	  ->  Bitmap Index Scan on sbtest6_pkey  (cost=0.00..225.59 rows=10516 width=0)
	        Index Cond: ((id >= 7338353) AND (id <= 7348352))

table 7 : explain SELECT c FROM sbtest7 WHERE id BETWEEN 8564827 AND 8574826
	Bitmap Heap Scan on sbtest7  (cost=214.74..34398.66 rows=9981 width=121)
	  Recheck Cond: ((id >= 8564827) AND (id <= 8574826))
	  ->  Bitmap Index Scan on sbtest7_pkey  (cost=0.00..212.25 rows=9981 width=0)
	        Index Cond: ((id >= 8564827) AND (id <= 8574826))

table 8 : explain SELECT c FROM sbtest8 WHERE id BETWEEN 4522330 AND 4532329
	Bitmap Heap Scan on sbtest8  (cost=225.91..35367.42 rows=10290 width=121)
	  Recheck Cond: ((id >= 4522330) AND (id <= 4532329))
	  ->  Bitmap Index Scan on sbtest8_pkey  (cost=0.00..223.34 rows=10290 width=0)
	        Index Cond: ((id >= 4522330) AND (id <= 4532329))

for: simple_ranges
table 1 : explain SELECT c FROM sbtest1 WHERE id BETWEEN 8045754 AND 8055753
	Bitmap Heap Scan on sbtest1  (cost=185.53..30213.74 rows=8692 width=121)
	  Recheck Cond: ((id >= 8045754) AND (id <= 8055753))
	  ->  Bitmap Index Scan on sbtest1_pkey  (cost=0.00..183.36 rows=8692 width=0)
	        Index Cond: ((id >= 8045754) AND (id <= 8055753))

table 2 : explain SELECT c FROM sbtest2 WHERE id BETWEEN 2866856 AND 2876855
	Bitmap Heap Scan on sbtest2  (cost=237.51..37566.62 rows=11032 width=121)
	  Recheck Cond: ((id >= 2866856) AND (id <= 2876855))
	  ->  Bitmap Index Scan on sbtest2_pkey  (cost=0.00..234.75 rows=11032 width=0)
	        Index Cond: ((id >= 2866856) AND (id <= 2876855))

table 3 : explain SELECT c FROM sbtest3 WHERE id BETWEEN 4639179 AND 4649178
	Bitmap Heap Scan on sbtest3  (cost=205.81..32811.27 rows=9500 width=121)
	  Recheck Cond: ((id >= 4639179) AND (id <= 4649178))
	  ->  Bitmap Index Scan on sbtest3_pkey  (cost=0.00..203.44 rows=9500 width=0)
	        Index Cond: ((id >= 4639179) AND (id <= 4649178))

table 4 : explain SELECT c FROM sbtest4 WHERE id BETWEEN 8010523 AND 8020522
	Bitmap Heap Scan on sbtest4  (cost=208.24..33590.42 rows=9737 width=121)
	  Recheck Cond: ((id >= 8010523) AND (id <= 8020522))
	  ->  Bitmap Index Scan on sbtest4_pkey  (cost=0.00..205.81 rows=9737 width=0)
	        Index Cond: ((id >= 8010523) AND (id <= 8020522))

table 5 : explain SELECT c FROM sbtest5 WHERE id BETWEEN 6777526 AND 6787525
	Bitmap Heap Scan on sbtest5  (cost=221.56..35217.61 rows=10256 width=121)
	  Recheck Cond: ((id >= 6777526) AND (id <= 6787525))
	  ->  Bitmap Index Scan on sbtest5_pkey  (cost=0.00..219.00 rows=10256 width=0)
	        Index Cond: ((id >= 6777526) AND (id <= 6787525))

table 6 : explain SELECT c FROM sbtest6 WHERE id BETWEEN 4197458 AND 4207457
	Bitmap Heap Scan on sbtest6  (cost=222.11..35386.64 rows=10310 width=121)
	  Recheck Cond: ((id >= 4197458) AND (id <= 4207457))
	  ->  Bitmap Index Scan on sbtest6_pkey  (cost=0.00..219.54 rows=10310 width=0)
	        Index Cond: ((id >= 4197458) AND (id <= 4207457))

table 7 : explain SELECT c FROM sbtest7 WHERE id BETWEEN 8543693 AND 8553692
	Bitmap Heap Scan on sbtest7  (cost=234.35..36711.35 rows=10723 width=121)
	  Recheck Cond: ((id >= 8543693) AND (id <= 8553692))
	  ->  Bitmap Index Scan on sbtest7_pkey  (cost=0.00..231.67 rows=10723 width=0)
	        Index Cond: ((id >= 8543693) AND (id <= 8553692))

table 8 : explain SELECT c FROM sbtest8 WHERE id BETWEEN 8276791 AND 8286790
	Bitmap Heap Scan on sbtest8  (cost=204.74..32559.47 rows=9396 width=121)
	  Recheck Cond: ((id >= 8276791) AND (id <= 8286790))
	  ->  Bitmap Index Scan on sbtest8_pkey  (cost=0.00..202.40 rows=9396 width=0)
	        Index Cond: ((id >= 8276791) AND (id <= 8286790))

explain: for point_selects :: explain SELECT c FROM sbtest%u WHERE id=%u
for: sum_ranges
table 1 : explain SELECT SUM(k) FROM sbtest1 WHERE id BETWEEN 2182111 AND 2192110
	Aggregate  (cost=35715.31..35715.32 rows=1 width=8)
	  ->  Bitmap Heap Scan on sbtest1  (cost=223.43..35689.22 rows=10439 width=4)
	        Recheck Cond: ((id >= 2182111) AND (id <= 2192110))
	        ->  Bitmap Index Scan on sbtest1_pkey  (cost=0.00..220.82 rows=10439 width=0)
	              Index Cond: ((id >= 2182111) AND (id <= 2192110))

table 2 : explain SELECT SUM(k) FROM sbtest2 WHERE id BETWEEN 9587028 AND 9597027
	Aggregate  (cost=31976.86..31976.87 rows=1 width=8)
	  ->  Bitmap Heap Scan on sbtest2  (cost=199.03..31953.79 rows=9229 width=4)
	        Recheck Cond: ((id >= 9587028) AND (id <= 9597027))
	        ->  Bitmap Index Scan on sbtest2_pkey  (cost=0.00..196.73 rows=9229 width=0)
	              Index Cond: ((id >= 9587028) AND (id <= 9597027))

table 3 : explain SELECT SUM(k) FROM sbtest3 WHERE id BETWEEN 1148058 AND 1158057
	Aggregate  (cost=33939.68..33939.69 rows=1 width=8)
	  ->  Bitmap Heap Scan on sbtest3  (cost=213.42..33915.05 rows=9852 width=4)
	        Recheck Cond: ((id >= 1148058) AND (id <= 1158057))
	        ->  Bitmap Index Scan on sbtest3_pkey  (cost=0.00..210.95 rows=9852 width=0)
	              Index Cond: ((id >= 1148058) AND (id <= 1158057))

table 4 : explain SELECT SUM(k) FROM sbtest4 WHERE id BETWEEN 820133 AND 830132
	Aggregate  (cost=36364.23..36364.24 rows=1 width=8)
	  ->  Bitmap Heap Scan on sbtest4  (cost=229.26..36337.69 rows=10617 width=4)
	        Recheck Cond: ((id >= 820133) AND (id <= 830132))
	        ->  Bitmap Index Scan on sbtest4_pkey  (cost=0.00..226.61 rows=10617 width=0)
	              Index Cond: ((id >= 820133) AND (id <= 830132))

table 5 : explain SELECT SUM(k) FROM sbtest5 WHERE id BETWEEN 1320949 AND 1330948
	Aggregate  (cost=35381.26..35381.27 rows=1 width=8)
	  ->  Bitmap Heap Scan on sbtest5  (cost=222.02..35355.50 rows=10301 width=4)
	        Recheck Cond: ((id >= 1320949) AND (id <= 1330948))
	        ->  Bitmap Index Scan on sbtest5_pkey  (cost=0.00..219.44 rows=10301 width=0)
	              Index Cond: ((id >= 1320949) AND (id <= 1330948))

table 6 : explain SELECT SUM(k) FROM sbtest6 WHERE id BETWEEN 7764831 AND 7774830
	Aggregate  (cost=34756.31..34756.32 rows=1 width=8)
	  ->  Bitmap Heap Scan on sbtest6  (cost=215.96..34731.06 rows=10100 width=4)
	        Recheck Cond: ((id >= 7764831) AND (id <= 7774830))
	        ->  Bitmap Index Scan on sbtest6_pkey  (cost=0.00..213.44 rows=10100 width=0)
	              Index Cond: ((id >= 7764831) AND (id <= 7774830))

table 7 : explain SELECT SUM(k) FROM sbtest7 WHERE id BETWEEN 8423065 AND 8433064
	Aggregate  (cost=34349.43..34349.44 rows=1 width=8)
	  ->  Bitmap Heap Scan on sbtest7  (cost=214.50..34324.54 rows=9958 width=4)
	        Recheck Cond: ((id >= 8423065) AND (id <= 8433064))
	        ->  Bitmap Index Scan on sbtest7_pkey  (cost=0.00..212.01 rows=9958 width=0)
	              Index Cond: ((id >= 8423065) AND (id <= 8433064))

table 8 : explain SELECT SUM(k) FROM sbtest8 WHERE id BETWEEN 6888810 AND 6898809
	Aggregate  (cost=30958.96..30958.97 rows=1 width=8)
	  ->  Bitmap Heap Scan on sbtest8  (cost=195.51..30936.74 rows=8885 width=4)
	        Recheck Cond: ((id >= 6888810) AND (id <= 6898809))
	        ->  Bitmap Index Scan on sbtest8_pkey  (cost=0.00..193.29 rows=8885 width=0)
	              Index Cond: ((id >= 6888810) AND (id <= 6898809))

for: simple_ranges
table 1 : explain SELECT c FROM sbtest1 WHERE id BETWEEN 2073434 AND 2083433
	Bitmap Heap Scan on sbtest1  (cost=200.59..32390.17 rows=9381 width=121)
	  Recheck Cond: ((id >= 2073434) AND (id <= 2083433))
	  ->  Bitmap Index Scan on sbtest1_pkey  (cost=0.00..198.25 rows=9381 width=0)
	        Index Cond: ((id >= 2073434) AND (id <= 2083433))

table 2 : explain SELECT c FROM sbtest2 WHERE id BETWEEN 9389805 AND 9399804
	Bitmap Heap Scan on sbtest2  (cost=216.27..34777.02 rows=10130 width=121)
	  Recheck Cond: ((id >= 9389805) AND (id <= 9399804))
	  ->  Bitmap Index Scan on sbtest2_pkey  (cost=0.00..213.74 rows=10130 width=0)
	        Index Cond: ((id >= 9389805) AND (id <= 9399804))

table 3 : explain SELECT c FROM sbtest3 WHERE id BETWEEN 6458553 AND 6468552
	Bitmap Heap Scan on sbtest3  (cost=216.70..34907.47 rows=10172 width=121)
	  Recheck Cond: ((id >= 6458553) AND (id <= 6468552))
	  ->  Bitmap Index Scan on sbtest3_pkey  (cost=0.00..214.16 rows=10172 width=0)
	        Index Cond: ((id >= 6458553) AND (id <= 6468552))

table 4 : explain SELECT c FROM sbtest4 WHERE id BETWEEN 8533171 AND 8543170
	Bitmap Heap Scan on sbtest4  (cost=238.92..38034.92 rows=11169 width=121)
	  Recheck Cond: ((id >= 8533171) AND (id <= 8543170))
	  ->  Bitmap Index Scan on sbtest4_pkey  (cost=0.00..236.12 rows=11169 width=0)
	        Index Cond: ((id >= 8533171) AND (id <= 8543170))

table 5 : explain SELECT c FROM sbtest5 WHERE id BETWEEN 4019947 AND 4029946
	Bitmap Heap Scan on sbtest5  (cost=216.79..34979.38 rows=10181 width=121)
	  Recheck Cond: ((id >= 4019947) AND (id <= 4029946))
	  ->  Bitmap Index Scan on sbtest5_pkey  (cost=0.00..214.25 rows=10181 width=0)
	        Index Cond: ((id >= 4019947) AND (id <= 4029946))

table 6 : explain SELECT c FROM sbtest6 WHERE id BETWEEN 8840994 AND 8850993
	Bitmap Heap Scan on sbtest6  (cost=231.66..37061.68 rows=10851 width=121)
	  Recheck Cond: ((id >= 8840994) AND (id <= 8850993))
	  ->  Bitmap Index Scan on sbtest6_pkey  (cost=0.00..228.94 rows=10851 width=0)
	        Index Cond: ((id >= 8840994) AND (id <= 8850993))

table 7 : explain SELECT c FROM sbtest7 WHERE id BETWEEN 2972087 AND 2982086
	Bitmap Heap Scan on sbtest7  (cost=227.84..35955.54 rows=10479 width=121)
	  Recheck Cond: ((id >= 2972087) AND (id <= 2982086))
	  ->  Bitmap Index Scan on sbtest7_pkey  (cost=0.00..225.23 rows=10479 width=0)
	        Index Cond: ((id >= 2972087) AND (id <= 2982086))

table 8 : explain SELECT c FROM sbtest8 WHERE id BETWEEN 9565983 AND 9575982
	Bitmap Heap Scan on sbtest8  (cost=212.31..33655.18 rows=9744 width=121)
	  Recheck Cond: ((id >= 9565983) AND (id <= 9575982))
	  ->  Bitmap Index Scan on sbtest8_pkey  (cost=0.00..209.88 rows=9744 width=0)
	        Index Cond: ((id >= 9565983) AND (id <= 9575982))

explain: for point_selects :: explain SELECT c FROM sbtest%u WHERE id=%u
for: sum_ranges
table 1 : explain SELECT SUM(k) FROM sbtest1 WHERE id BETWEEN 9518154 AND 9528153
	Aggregate  (cost=35938.63..35938.64 rows=1 width=8)
	  ->  Bitmap Heap Scan on sbtest1  (cost=224.18..35912.35 rows=10512 width=4)
	        Recheck Cond: ((id >= 9518154) AND (id <= 9528153))
	        ->  Bitmap Index Scan on sbtest1_pkey  (cost=0.00..221.56 rows=10512 width=0)
	              Index Cond: ((id >= 9518154) AND (id <= 9528153))

table 2 : explain SELECT SUM(k) FROM sbtest2 WHERE id BETWEEN 4315370 AND 4325369
	Aggregate  (cost=33995.55..33995.56 rows=1 width=8)
	  ->  Bitmap Heap Scan on sbtest2  (cost=213.61..33970.87 rows=9871 width=4)
	        Recheck Cond: ((id >= 4315370) AND (id <= 4325369))
	        ->  Bitmap Index Scan on sbtest2_pkey  (cost=0.00..211.15 rows=9871 width=0)
	              Index Cond: ((id >= 4315370) AND (id <= 4325369))

table 3 : explain SELECT SUM(k) FROM sbtest3 WHERE id BETWEEN 6669863 AND 6679862
	Aggregate  (cost=33923.59..33923.60 rows=1 width=8)
	  ->  Bitmap Heap Scan on sbtest3  (cost=213.37..33898.97 rows=9847 width=4)
	        Recheck Cond: ((id >= 6669863) AND (id <= 6679862))
	        ->  Bitmap Index Scan on sbtest3_pkey  (cost=0.00..210.91 rows=9847 width=0)
	              Index Cond: ((id >= 6669863) AND (id <= 6679862))

table 4 : explain SELECT SUM(k) FROM sbtest4 WHERE id BETWEEN 2543580 AND 2553579
	Aggregate  (cost=35123.67..35123.68 rows=1 width=8)
	  ->  Bitmap Heap Scan on sbtest4  (cost=221.17..35098.13 rows=10218 width=4)
	        Recheck Cond: ((id >= 2543580) AND (id <= 2553579))
	        ->  Bitmap Index Scan on sbtest4_pkey  (cost=0.00..218.62 rows=10218 width=0)
	              Index Cond: ((id >= 2543580) AND (id <= 2553579))

table 5 : explain SELECT SUM(k) FROM sbtest5 WHERE id BETWEEN 7549910 AND 7559909
	Aggregate  (cost=35564.06..35564.07 rows=1 width=8)
	  ->  Bitmap Heap Scan on sbtest5  (cost=222.63..35538.16 rows=10360 width=4)
	        Recheck Cond: ((id >= 7549910) AND (id <= 7559909))
	        ->  Bitmap Index Scan on sbtest5_pkey  (cost=0.00..220.04 rows=10360 width=0)
	              Index Cond: ((id >= 7549910) AND (id <= 7559909))

table 6 : explain SELECT SUM(k) FROM sbtest6 WHERE id BETWEEN 78415 AND 88414
	Aggregate  (cost=34601.87..34601.88 rows=1 width=8)
	  ->  Bitmap Heap Scan on sbtest6  (cost=215.45..34576.74 rows=10050 width=4)
	        Recheck Cond: ((id >= 78415) AND (id <= 88414))
	        ->  Bitmap Index Scan on sbtest6_pkey  (cost=0.00..212.94 rows=10050 width=0)
	              Index Cond: ((id >= 78415) AND (id <= 88414))

table 7 : explain SELECT SUM(k) FROM sbtest7 WHERE id BETWEEN 3499216 AND 3509215
	Aggregate  (cost=33129.28..33129.29 rows=1 width=8)
	  ->  Bitmap Heap Scan on sbtest7  (cost=206.53..33105.36 rows=9570 width=4)
	        Recheck Cond: ((id >= 3499216) AND (id <= 3509215))
	        ->  Bitmap Index Scan on sbtest7_pkey  (cost=0.00..204.13 rows=9570 width=0)
	              Index Cond: ((id >= 3499216) AND (id <= 3509215))

table 8 : explain SELECT SUM(k) FROM sbtest8 WHERE id BETWEEN 5547506 AND 5557505
	Aggregate  (cost=36115.97..36115.98 rows=1 width=8)
	  ->  Bitmap Heap Scan on sbtest8  (cost=232.29..36089.67 rows=10522 width=4)
	        Recheck Cond: ((id >= 5547506) AND (id <= 5557505))
	        ->  Bitmap Index Scan on sbtest8_pkey  (cost=0.00..229.66 rows=10522 width=0)
	              Index Cond: ((id >= 5547506) AND (id <= 5557505))

for: sum_ranges
table 1 : explain SELECT SUM(k) FROM sbtest1 WHERE id BETWEEN 8100466 AND 8110465
	Aggregate  (cost=37084.72..37084.73 rows=1 width=8)
	  ->  Bitmap Heap Scan on sbtest1  (cost=232.00..37057.51 rows=10884 width=4)
	        Recheck Cond: ((id >= 8100466) AND (id <= 8110465))
	        ->  Bitmap Index Scan on sbtest1_pkey  (cost=0.00..229.28 rows=10884 width=0)
	              Index Cond: ((id >= 8100466) AND (id <= 8110465))

table 2 : explain SELECT SUM(k) FROM sbtest2 WHERE id BETWEEN 7616123 AND 7626122
	Aggregate  (cost=34487.65..34487.66 rows=1 width=8)
	  ->  Bitmap Heap Scan on sbtest2  (cost=215.23..34462.58 rows=10029 width=4)
	        Recheck Cond: ((id >= 7616123) AND (id <= 7626122))
	        ->  Bitmap Index Scan on sbtest2_pkey  (cost=0.00..212.73 rows=10029 width=0)
	              Index Cond: ((id >= 7616123) AND (id <= 7626122))

table 3 : explain SELECT SUM(k) FROM sbtest3 WHERE id BETWEEN 7267781 AND 7277780
	Aggregate  (cost=37236.89..37236.90 rows=1 width=8)
	  ->  Bitmap Heap Scan on sbtest3  (cost=232.32..37209.60 rows=10916 width=4)
	        Recheck Cond: ((id >= 7267781) AND (id <= 7277780))
	        ->  Bitmap Index Scan on sbtest3_pkey  (cost=0.00..229.59 rows=10916 width=0)
	              Index Cond: ((id >= 7267781) AND (id <= 7277780))

table 4 : explain SELECT SUM(k) FROM sbtest4 WHERE id BETWEEN 3064882 AND 3074881
	Aggregate  (cost=34849.77..34849.78 rows=1 width=8)
	  ->  Bitmap Heap Scan on sbtest4  (cost=216.28..34824.44 rows=10131 width=4)
	        Recheck Cond: ((id >= 3064882) AND (id <= 3074881))
	        ->  Bitmap Index Scan on sbtest4_pkey  (cost=0.00..213.75 rows=10131 width=0)
	              Index Cond: ((id >= 3064882) AND (id <= 3074881))

table 5 : explain SELECT SUM(k) FROM sbtest5 WHERE id BETWEEN 7352243 AND 7362242
	Aggregate  (cost=36895.05..36895.06 rows=1 width=8)
	  ->  Bitmap Heap Scan on sbtest5  (cost=231.02..36868.08 rows=10789 width=4)
	        Recheck Cond: ((id >= 7352243) AND (id <= 7362242))
	        ->  Bitmap Index Scan on sbtest5_pkey  (cost=0.00..228.32 rows=10789 width=0)
	              Index Cond: ((id >= 7352243) AND (id <= 7362242))

table 6 : explain SELECT SUM(k) FROM sbtest6 WHERE id BETWEEN 1994204 AND 2004203
	Aggregate  (cost=32931.71..32931.72 rows=1 width=8)
	  ->  Bitmap Heap Scan on sbtest6  (cost=205.99..32907.92 rows=9518 width=4)
	        Recheck Cond: ((id >= 1994204) AND (id <= 2004203))
	        ->  Bitmap Index Scan on sbtest6_pkey  (cost=0.00..203.62 rows=9518 width=0)
	              Index Cond: ((id >= 1994204) AND (id <= 2004203))

table 7 : explain SELECT SUM(k) FROM sbtest7 WHERE id BETWEEN 6513523 AND 6523522
	Aggregate  (cost=36417.44..36417.45 rows=1 width=8)
	  ->  Bitmap Heap Scan on sbtest7  (cost=229.29..36390.89 rows=10620 width=4)
	        Recheck Cond: ((id >= 6513523) AND (id <= 6523522))
	        ->  Bitmap Index Scan on sbtest7_pkey  (cost=0.00..226.63 rows=10620 width=0)
	              Index Cond: ((id >= 6513523) AND (id <= 6523522))

table 8 : explain SELECT SUM(k) FROM sbtest8 WHERE id BETWEEN 3796300 AND 3806299
	Aggregate  (cost=32582.96..32582.97 rows=1 width=8)
	  ->  Bitmap Heap Scan on sbtest8  (cost=204.74..32559.47 rows=9396 width=4)
	        Recheck Cond: ((id >= 3796300) AND (id <= 3806299))
	        ->  Bitmap Index Scan on sbtest8_pkey  (cost=0.00..202.40 rows=9396 width=0)
	              Index Cond: ((id >= 3796300) AND (id <= 3806299))

for: sum_ranges
table 1 : explain SELECT SUM(k) FROM sbtest1 WHERE id BETWEEN 7779490 AND 7789489
	Aggregate  (cost=35507.80..35507.81 rows=1 width=8)
	  ->  Bitmap Heap Scan on sbtest1  (cost=222.75..35481.87 rows=10372 width=4)
	        Recheck Cond: ((id >= 7779490) AND (id <= 7789489))
	        ->  Bitmap Index Scan on sbtest1_pkey  (cost=0.00..220.16 rows=10372 width=0)
	              Index Cond: ((id >= 7779490) AND (id <= 7789489))

table 2 : explain SELECT SUM(k) FROM sbtest2 WHERE id BETWEEN 9683328 AND 9693327
	Aggregate  (cost=35664.96..35664.97 rows=1 width=8)
	  ->  Bitmap Heap Scan on sbtest2  (cost=223.12..35638.94 rows=10408 width=4)
	        Recheck Cond: ((id >= 9683328) AND (id <= 9693327))
	        ->  Bitmap Index Scan on sbtest2_pkey  (cost=0.00..220.51 rows=10408 width=0)
	              Index Cond: ((id >= 9683328) AND (id <= 9693327))

table 3 : explain SELECT SUM(k) FROM sbtest3 WHERE id BETWEEN 2349671 AND 2359670
	Aggregate  (cost=32228.59..32228.60 rows=1 width=8)
	  ->  Bitmap Heap Scan on sbtest3  (cost=199.84..32205.32 rows=9308 width=4)
	        Recheck Cond: ((id >= 2349671) AND (id <= 2359670))
	        ->  Bitmap Index Scan on sbtest3_pkey  (cost=0.00..197.51 rows=9308 width=0)
	              Index Cond: ((id >= 2349671) AND (id <= 2359670))

table 4 : explain SELECT SUM(k) FROM sbtest4 WHERE id BETWEEN 8300844 AND 8310843
	Aggregate  (cost=35569.66..35569.67 rows=1 width=8)
	  ->  Bitmap Heap Scan on sbtest4  (cost=222.65..35543.76 rows=10362 width=4)
	        Recheck Cond: ((id >= 8300844) AND (id <= 8310843))
	        ->  Bitmap Index Scan on sbtest4_pkey  (cost=0.00..220.06 rows=10362 width=0)
	              Index Cond: ((id >= 8300844) AND (id <= 8310843))

table 5 : explain SELECT SUM(k) FROM sbtest5 WHERE id BETWEEN 9996450 AND 10006449
	Aggregate  (cost=12750.21..12750.22 rows=1 width=8)
	  ->  Bitmap Heap Scan on sbtest5  (cost=75.75..12741.59 rows=3445 width=4)
	        Recheck Cond: ((id >= 9996450) AND (id <= 10006449))
	        ->  Bitmap Index Scan on sbtest5_pkey  (cost=0.00..74.89 rows=3445 width=0)
	              Index Cond: ((id >= 9996450) AND (id <= 10006449))

table 6 : explain SELECT SUM(k) FROM sbtest6 WHERE id BETWEEN 7597159 AND 7607158
	Aggregate  (cost=33867.02..33867.03 rows=1 width=8)
	  ->  Bitmap Heap Scan on sbtest6  (cost=213.04..33842.49 rows=9815 width=4)
	        Recheck Cond: ((id >= 7597159) AND (id <= 7607158))
	        ->  Bitmap Index Scan on sbtest6_pkey  (cost=0.00..210.59 rows=9815 width=0)
	              Index Cond: ((id >= 7597159) AND (id <= 7607158))

table 7 : explain SELECT SUM(k) FROM sbtest7 WHERE id BETWEEN 2017383 AND 2027382
	Aggregate  (cost=32434.48..32434.49 rows=1 width=8)
	  ->  Bitmap Heap Scan on sbtest7  (cost=204.26..32411.11 rows=9349 width=4)
	        Recheck Cond: ((id >= 2017383) AND (id <= 2027382))
	        ->  Bitmap Index Scan on sbtest7_pkey  (cost=0.00..201.93 rows=9349 width=0)
	              Index Cond: ((id >= 2017383) AND (id <= 2027382))

table 8 : explain SELECT SUM(k) FROM sbtest8 WHERE id BETWEEN 6781030 AND 6791029
	Aggregate  (cost=33310.46..33310.47 rows=1 width=8)
	  ->  Bitmap Heap Scan on sbtest8  (cost=211.10..33286.40 rows=9626 width=4)
	        Recheck Cond: ((id >= 6781030) AND (id <= 6791029))
	        ->  Bitmap Index Scan on sbtest8_pkey  (cost=0.00..208.69 rows=9626 width=0)
	              Index Cond: ((id >= 6781030) AND (id <= 6791029))

for: simple_ranges
table 1 : explain SELECT c FROM sbtest1 WHERE id BETWEEN 6274918 AND 6284917
	Bitmap Heap Scan on sbtest1  (cost=206.13..32865.51 rows=9531 width=121)
	  Recheck Cond: ((id >= 6274918) AND (id <= 6284917))
	  ->  Bitmap Index Scan on sbtest1_pkey  (cost=0.00..203.75 rows=9531 width=0)
	        Index Cond: ((id >= 6274918) AND (id <= 6284917))

table 2 : explain SELECT c FROM sbtest2 WHERE id BETWEEN 9314542 AND 9324541
	Bitmap Heap Scan on sbtest2  (cost=207.97..33467.75 rows=9711 width=121)
	  Recheck Cond: ((id >= 9314542) AND (id <= 9324541))
	  ->  Bitmap Index Scan on sbtest2_pkey  (cost=0.00..205.55 rows=9711 width=0)
	        Index Cond: ((id >= 9314542) AND (id <= 9324541))

table 3 : explain SELECT c FROM sbtest3 WHERE id BETWEEN 2111195 AND 2121194
	Bitmap Heap Scan on sbtest3  (cost=230.12..36548.07 rows=10701 width=121)
	  Recheck Cond: ((id >= 2111195) AND (id <= 2121194))
	  ->  Bitmap Index Scan on sbtest3_pkey  (cost=0.00..227.44 rows=10701 width=0)
	        Index Cond: ((id >= 2111195) AND (id <= 2121194))

table 4 : explain SELECT c FROM sbtest4 WHERE id BETWEEN 9497580 AND 9507579
	Bitmap Heap Scan on sbtest4  (cost=207.78..33451.57 rows=9692 width=121)
	  Recheck Cond: ((id >= 9497580) AND (id <= 9507579))
	  ->  Bitmap Index Scan on sbtest4_pkey  (cost=0.00..205.36 rows=9692 width=0)
	        Index Cond: ((id >= 9497580) AND (id <= 9507579))

table 5 : explain SELECT c FROM sbtest5 WHERE id BETWEEN 8358687 AND 8368686
	Bitmap Heap Scan on sbtest5  (cost=216.22..34805.96 rows=10125 width=121)
	  Recheck Cond: ((id >= 8358687) AND (id <= 8368686))
	  ->  Bitmap Index Scan on sbtest5_pkey  (cost=0.00..213.69 rows=10125 width=0)
	        Index Cond: ((id >= 8358687) AND (id <= 8368686))

table 6 : explain SELECT c FROM sbtest6 WHERE id BETWEEN 3756963 AND 3766962
	Bitmap Heap Scan on sbtest6  (cost=200.53..32456.77 rows=9375 width=121)
	  Recheck Cond: ((id >= 3756963) AND (id <= 3766962))
	  ->  Bitmap Index Scan on sbtest6_pkey  (cost=0.00..198.19 rows=9375 width=0)
	        Index Cond: ((id >= 3756963) AND (id <= 3766962))

table 7 : explain SELECT c FROM sbtest7 WHERE id BETWEEN 8823612 AND 8833611
	Bitmap Heap Scan on sbtest7  (cost=219.15..34525.13 rows=10021 width=121)
	  Recheck Cond: ((id >= 8823612) AND (id <= 8833611))
	  ->  Bitmap Index Scan on sbtest7_pkey  (cost=0.00..216.65 rows=10021 width=0)
	        Index Cond: ((id >= 8823612) AND (id <= 8833611))

table 8 : explain SELECT c FROM sbtest8 WHERE id BETWEEN 2843097 AND 2853096
	Bitmap Heap Scan on sbtest8  (cost=210.52..33105.07 rows=9569 width=121)
	  Recheck Cond: ((id >= 2843097) AND (id <= 2853096))
	  ->  Bitmap Index Scan on sbtest8_pkey  (cost=0.00..208.12 rows=9569 width=0)
	        Index Cond: ((id >= 2843097) AND (id <= 2853096))

for: order_ranges
table 1 : explain SELECT c FROM sbtest1 WHERE id BETWEEN 9377053 AND 9387052 ORDER BY c
	Sort  (cost=37175.85..37202.57 rows=10689 width=121)
	  Sort Key: c
	  ->  Bitmap Heap Scan on sbtest1  (cost=230.00..36460.55 rows=10689 width=121)
	        Recheck Cond: ((id >= 9377053) AND (id <= 9387052))
	        ->  Bitmap Index Scan on sbtest1_pkey  (cost=0.00..227.32 rows=10689 width=0)
	              Index Cond: ((id >= 9377053) AND (id <= 9387052))

table 2 : explain SELECT c FROM sbtest2 WHERE id BETWEEN 989957 AND 999956 ORDER BY c
	Sort  (cost=34885.82..34910.70 rows=9953 width=121)
	  Sort Key: c
	  ->  Bitmap Heap Scan on sbtest2  (cost=214.45..34224.89 rows=9953 width=121)
	        Recheck Cond: ((id >= 989957) AND (id <= 999956))
	        ->  Bitmap Index Scan on sbtest2_pkey  (cost=0.00..211.97 rows=9953 width=0)
	              Index Cond: ((id >= 989957) AND (id <= 999956))

table 3 : explain SELECT c FROM sbtest3 WHERE id BETWEEN 5252134 AND 5262133 ORDER BY c
	Sort  (cost=37215.29..37242.00 rows=10685 width=121)
	  Sort Key: c
	  ->  Bitmap Heap Scan on sbtest3  (cost=229.96..36500.29 rows=10685 width=121)
	        Recheck Cond: ((id >= 5252134) AND (id <= 5262133))
	        ->  Bitmap Index Scan on sbtest3_pkey  (cost=0.00..227.29 rows=10685 width=0)
	              Index Cond: ((id >= 5252134) AND (id <= 5262133))

table 4 : explain SELECT c FROM sbtest4 WHERE id BETWEEN 1730699 AND 1740698 ORDER BY c
	Sort  (cost=34251.96..34276.32 rows=9742 width=121)
	  Sort Key: c
	  ->  Bitmap Heap Scan on sbtest4  (cost=208.29..33606.56 rows=9742 width=121)
	        Recheck Cond: ((id >= 1730699) AND (id <= 1740698))
	        ->  Bitmap Index Scan on sbtest4_pkey  (cost=0.00..205.86 rows=9742 width=0)
	              Index Cond: ((id >= 1730699) AND (id <= 1740698))

table 5 : explain SELECT c FROM sbtest5 WHERE id BETWEEN 3895333 AND 3905332 ORDER BY c
	Sort  (cost=37045.22..37071.76 rows=10616 width=121)
	  Sort Key: c
	  ->  Bitmap Heap Scan on sbtest5  (cost=229.25..36335.33 rows=10616 width=121)
	        Recheck Cond: ((id >= 3895333) AND (id <= 3905332))
	        ->  Bitmap Index Scan on sbtest5_pkey  (cost=0.00..226.59 rows=10616 width=0)
	              Index Cond: ((id >= 3895333) AND (id <= 3905332))

table 6 : explain SELECT c FROM sbtest6 WHERE id BETWEEN 1187628 AND 1197627 ORDER BY c
	Sort  (cost=34301.02..34325.41 rows=9756 width=121)
	  Sort Key: c
	  ->  Bitmap Heap Scan on sbtest6  (cost=208.43..33654.58 rows=9756 width=121)
	        Recheck Cond: ((id >= 1187628) AND (id <= 1197627))
	        ->  Bitmap Index Scan on sbtest6_pkey  (cost=0.00..206.00 rows=9756 width=0)
	              Index Cond: ((id >= 1187628) AND (id <= 1197627))

table 7 : explain SELECT c FROM sbtest7 WHERE id BETWEEN 9283814 AND 9293813 ORDER BY c
	Sort  (cost=36419.05..36445.06 rows=10405 width=121)
	  Sort Key: c
	  ->  Bitmap Heap Scan on sbtest7  (cost=227.09..35724.77 rows=10405 width=121)
	        Recheck Cond: ((id >= 9283814) AND (id <= 9293813))
	        ->  Bitmap Index Scan on sbtest7_pkey  (cost=0.00..224.49 rows=10405 width=0)
	              Index Cond: ((id >= 9283814) AND (id <= 9293813))

table 8 : explain SELECT c FROM sbtest8 WHERE id BETWEEN 7399109 AND 7409108 ORDER BY c
	Sort  (cost=35483.27..35508.56 rows=10113 width=121)
	  Sort Key: c
	  ->  Bitmap Heap Scan on sbtest8  (cost=220.09..34810.56 rows=10113 width=121)
	        Recheck Cond: ((id >= 7399109) AND (id <= 7409108))
	        ->  Bitmap Index Scan on sbtest8_pkey  (cost=0.00..217.56 rows=10113 width=0)
	              Index Cond: ((id >= 7399109) AND (id <= 7409108))

for: sum_ranges
table 1 : explain SELECT SUM(k) FROM sbtest1 WHERE id BETWEEN 722905 AND 732904
	Aggregate  (cost=34892.98..34892.99 rows=1 width=8)
	  ->  Bitmap Heap Scan on sbtest1  (cost=216.72..34867.54 rows=10174 width=4)
	        Recheck Cond: ((id >= 722905) AND (id <= 732904))
	        ->  Bitmap Index Scan on sbtest1_pkey  (cost=0.00..214.18 rows=10174 width=0)
	              Index Cond: ((id >= 722905) AND (id <= 732904))

table 2 : explain SELECT SUM(k) FROM sbtest2 WHERE id BETWEEN 9485343 AND 9495342
	Aggregate  (cost=33717.73..33717.74 rows=1 width=8)
	  ->  Bitmap Heap Scan on sbtest2  (cost=208.71..33693.28 rows=9783 width=4)
	        Recheck Cond: ((id >= 9485343) AND (id <= 9495342))
	        ->  Bitmap Index Scan on sbtest2_pkey  (cost=0.00..206.26 rows=9783 width=0)
	              Index Cond: ((id >= 9485343) AND (id <= 9495342))

table 3 : explain SELECT SUM(k) FROM sbtest3 WHERE id BETWEEN 3082533 AND 3092532
	Aggregate  (cost=32202.65..32202.66 rows=1 width=8)
	  ->  Bitmap Heap Scan on sbtest3  (cost=199.76..32179.40 rows=9300 width=4)
	        Recheck Cond: ((id >= 3082533) AND (id <= 3092532))
	        ->  Bitmap Index Scan on sbtest3_pkey  (cost=0.00..197.44 rows=9300 width=0)
	              Index Cond: ((id >= 3082533) AND (id <= 3092532))

table 4 : explain SELECT SUM(k) FROM sbtest4 WHERE id BETWEEN 9495622 AND 9505621
	Aggregate  (cost=33663.20..33663.21 rows=1 width=8)
	  ->  Bitmap Heap Scan on sbtest4  (cost=208.39..33638.82 rows=9752 width=4)
	        Recheck Cond: ((id >= 9495622) AND (id <= 9505621))
	        ->  Bitmap Index Scan on sbtest4_pkey  (cost=0.00..205.95 rows=9752 width=0)
	              Index Cond: ((id >= 9495622) AND (id <= 9505621))

table 5 : explain SELECT SUM(k) FROM sbtest5 WHERE id BETWEEN 2328129 AND 2338128
	Aggregate  (cost=33098.05..33098.06 rows=1 width=8)
	  ->  Bitmap Heap Scan on sbtest5  (cost=206.54..33074.12 rows=9571 width=4)
	        Recheck Cond: ((id >= 2328129) AND (id <= 2338128))
	        ->  Bitmap Index Scan on sbtest5_pkey  (cost=0.00..204.15 rows=9571 width=0)
	              Index Cond: ((id >= 2328129) AND (id <= 2338128))

table 6 : explain SELECT SUM(k) FROM sbtest6 WHERE id BETWEEN 9514615 AND 9524614
	Aggregate  (cost=33873.48..33873.49 rows=1 width=8)
	  ->  Bitmap Heap Scan on sbtest6  (cost=213.06..33848.93 rows=9817 width=4)
	        Recheck Cond: ((id >= 9514615) AND (id <= 9524614))
	        ->  Bitmap Index Scan on sbtest6_pkey  (cost=0.00..210.61 rows=9817 width=0)
	              Index Cond: ((id >= 9514615) AND (id <= 9524614))

table 7 : explain SELECT SUM(k) FROM sbtest7 WHERE id BETWEEN 5775189 AND 5785188
	Aggregate  (cost=35174.91..35174.92 rows=1 width=8)
	  ->  Bitmap Heap Scan on sbtest7  (cost=221.20..35149.36 rows=10221 width=4)
	        Recheck Cond: ((id >= 5775189) AND (id <= 5785188))
	        ->  Bitmap Index Scan on sbtest7_pkey  (cost=0.00..218.65 rows=10221 width=0)
	              Index Cond: ((id >= 5775189) AND (id <= 5785188))

table 8 : explain SELECT SUM(k) FROM sbtest8 WHERE id BETWEEN 5492887 AND 5502886
	Aggregate  (cost=36115.97..36115.98 rows=1 width=8)
	  ->  Bitmap Heap Scan on sbtest8  (cost=232.29..36089.67 rows=10522 width=4)
	        Recheck Cond: ((id >= 5492887) AND (id <= 5502886))
	        ->  Bitmap Index Scan on sbtest8_pkey  (cost=0.00..229.66 rows=10522 width=0)
	              Index Cond: ((id >= 5492887) AND (id <= 5502886))

for point_selects
table 1 : explain SELECT c FROM sbtest1 WHERE id=3634711
	Index Scan using sbtest1_pkey on sbtest1  (cost=0.43..8.45 rows=1 width=121)
	  Index Cond: (id = 3634711)

table 2 : explain SELECT c FROM sbtest2 WHERE id=6993737
	Index Scan using sbtest2_pkey on sbtest2  (cost=0.43..8.45 rows=1 width=121)
	  Index Cond: (id = 6993737)

table 3 : explain SELECT c FROM sbtest3 WHERE id=7751807
	Index Scan using sbtest3_pkey on sbtest3  (cost=0.43..8.45 rows=1 width=121)
	  Index Cond: (id = 7751807)

table 4 : explain SELECT c FROM sbtest4 WHERE id=9378767
	Index Scan using sbtest4_pkey on sbtest4  (cost=0.43..8.45 rows=1 width=121)
	  Index Cond: (id = 9378767)

table 5 : explain SELECT c FROM sbtest5 WHERE id=4337077
	Index Scan using sbtest5_pkey on sbtest5  (cost=0.43..8.45 rows=1 width=121)
	  Index Cond: (id = 4337077)

table 6 : explain SELECT c FROM sbtest6 WHERE id=6276797
	Index Scan using sbtest6_pkey on sbtest6  (cost=0.43..8.45 rows=1 width=121)
	  Index Cond: (id = 6276797)

table 7 : explain SELECT c FROM sbtest7 WHERE id=3430074
	Index Scan using sbtest7_pkey on sbtest7  (cost=0.43..8.45 rows=1 width=121)
	  Index Cond: (id = 3430074)

table 8 : explain SELECT c FROM sbtest8 WHERE id=6168304
	Index Scan using sbtest8_pkey on sbtest8  (cost=0.43..8.45 rows=1 width=121)
	  Index Cond: (id = 6168304)

explain: for point_selects :: explain SELECT c FROM sbtest%u WHERE id=%u
for: order_ranges
table 1 : explain SELECT c FROM sbtest1 WHERE id BETWEEN 3972950 AND 3982949 ORDER BY c
	Sort  (cost=34839.59..34864.47 rows=9952 width=121)
	  Sort Key: c
	  ->  Bitmap Heap Scan on sbtest1  (cost=214.44..34178.74 rows=9952 width=121)
	        Recheck Cond: ((id >= 3972950) AND (id <= 3982949))
	        ->  Bitmap Index Scan on sbtest1_pkey  (cost=0.00..211.95 rows=9952 width=0)
	              Index Cond: ((id >= 3972950) AND (id <= 3982949))

table 2 : explain SELECT c FROM sbtest2 WHERE id BETWEEN 9215161 AND 9225160 ORDER BY c
	Sort  (cost=33436.93..33460.68 rows=9500 width=121)
	  Sort Key: c
	  ->  Bitmap Heap Scan on sbtest2  (cost=205.81..32809.28 rows=9500 width=121)
	        Recheck Cond: ((id >= 9215161) AND (id <= 9225160))
	        ->  Bitmap Index Scan on sbtest2_pkey  (cost=0.00..203.44 rows=9500 width=0)
	              Index Cond: ((id >= 9215161) AND (id <= 9225160))

table 3 : explain SELECT c FROM sbtest3 WHERE id BETWEEN 7522327 AND 7532326 ORDER BY c
	Sort  (cost=34152.49..34176.80 rows=9723 width=121)
	  Sort Key: c
	  ->  Bitmap Heap Scan on sbtest3  (cost=208.10..33508.48 rows=9723 width=121)
	        Recheck Cond: ((id >= 7522327) AND (id <= 7532326))
	        ->  Bitmap Index Scan on sbtest3_pkey  (cost=0.00..205.67 rows=9723 width=0)
	              Index Cond: ((id >= 7522327) AND (id <= 7532326))

table 4 : explain SELECT c FROM sbtest4 WHERE id BETWEEN 8985848 AND 8995847 ORDER BY c
	Sort  (cost=35708.84..35734.34 rows=10197 width=121)
	  Sort Key: c
	  ->  Bitmap Heap Scan on sbtest4  (cost=216.95..35029.93 rows=10197 width=121)
	        Recheck Cond: ((id >= 8985848) AND (id <= 8995847))
	        ->  Bitmap Index Scan on sbtest4_pkey  (cost=0.00..214.41 rows=10197 width=0)
	              Index Cond: ((id >= 8985848) AND (id <= 8995847))

table 5 : explain SELECT c FROM sbtest5 WHERE id BETWEEN 1811998 AND 1821997 ORDER BY c
	Sort  (cost=34206.39..34230.71 rows=9727 width=121)
	  Sort Key: c
	  ->  Bitmap Heap Scan on sbtest5  (cost=208.14..33562.09 rows=9727 width=121)
	        Recheck Cond: ((id >= 1811998) AND (id <= 1821997))
	        ->  Bitmap Index Scan on sbtest5_pkey  (cost=0.00..205.70 rows=9727 width=0)
	              Index Cond: ((id >= 1811998) AND (id <= 1821997))

table 6 : explain SELECT c FROM sbtest6 WHERE id BETWEEN 2516332 AND 2526331 ORDER BY c
	Sort  (cost=35238.23..35263.35 rows=10048 width=121)
	  Sort Key: c
	  ->  Bitmap Heap Scan on sbtest6  (cost=215.43..34570.31 rows=10048 width=121)
	        Recheck Cond: ((id >= 2516332) AND (id <= 2526331))
	        ->  Bitmap Index Scan on sbtest6_pkey  (cost=0.00..212.92 rows=10048 width=0)
	              Index Cond: ((id >= 2516332) AND (id <= 2526331))

table 7 : explain SELECT c FROM sbtest7 WHERE id BETWEEN 7372939 AND 7382938 ORDER BY c
	Sort  (cost=36494.57..36520.64 rows=10429 width=121)
	  Sort Key: c
	  ->  Bitmap Heap Scan on sbtest7  (cost=227.33..35798.52 rows=10429 width=121)
	        Recheck Cond: ((id >= 7372939) AND (id <= 7382938))
	        ->  Bitmap Index Scan on sbtest7_pkey  (cost=0.00..224.73 rows=10429 width=0)
	              Index Cond: ((id >= 7372939) AND (id <= 7382938))

table 8 : explain SELECT c FROM sbtest8 WHERE id BETWEEN 1466096 AND 1476095 ORDER BY c
	Sort  (cost=33784.14..33808.10 rows=9583 width=121)
	  Sort Key: c
	  ->  Bitmap Heap Scan on sbtest8  (cost=210.66..33150.41 rows=9583 width=121)
	        Recheck Cond: ((id >= 1466096) AND (id <= 1476095))
	        ->  Bitmap Index Scan on sbtest8_pkey  (cost=0.00..208.26 rows=9583 width=0)
	              Index Cond: ((id >= 1466096) AND (id <= 1476095))

for: order_ranges
table 1 : explain SELECT c FROM sbtest1 WHERE id BETWEEN 5256738 AND 5266737 ORDER BY c
	Sort  (cost=32107.28..32130.03 rows=9101 width=121)
	  Sort Key: c
	  ->  Bitmap Heap Scan on sbtest1  (cost=193.72..31508.80 rows=9101 width=121)
	        Recheck Cond: ((id >= 5256738) AND (id <= 5266737))
	        ->  Bitmap Index Scan on sbtest1_pkey  (cost=0.00..191.44 rows=9101 width=0)
	              Index Cond: ((id >= 5256738) AND (id <= 5266737))

table 2 : explain SELECT c FROM sbtest2 WHERE id BETWEEN 8977691 AND 8987690 ORDER BY c
	Sort  (cost=33088.74..33112.22 rows=9393 width=121)
	  Sort Key: c
	  ->  Bitmap Heap Scan on sbtest2  (cost=200.71..32468.93 rows=9393 width=121)
	        Recheck Cond: ((id >= 8977691) AND (id <= 8987690))
	        ->  Bitmap Index Scan on sbtest2_pkey  (cost=0.00..198.37 rows=9393 width=0)
	              Index Cond: ((id >= 8977691) AND (id <= 8987690))

table 3 : explain SELECT c FROM sbtest3 WHERE id BETWEEN 6193761 AND 6203760 ORDER BY c
	Sort  (cost=34624.58..34649.26 rows=9870 width=121)
	  Sort Key: c
	  ->  Bitmap Heap Scan on sbtest3  (cost=213.60..33969.77 rows=9870 width=121)
	        Recheck Cond: ((id >= 6193761) AND (id <= 6203760))
	        ->  Bitmap Index Scan on sbtest3_pkey  (cost=0.00..211.13 rows=9870 width=0)
	              Index Cond: ((id >= 6193761) AND (id <= 6203760))

table 4 : explain SELECT c FROM sbtest4 WHERE id BETWEEN 8610545 AND 8620544 ORDER BY c
	Sort  (cost=34873.00..34897.84 rows=9935 width=121)
	  Sort Key: c
	  ->  Bitmap Heap Scan on sbtest4  (cost=214.27..34213.40 rows=9935 width=121)
	        Recheck Cond: ((id >= 8610545) AND (id <= 8620544))
	        ->  Bitmap Index Scan on sbtest4_pkey  (cost=0.00..211.79 rows=9935 width=0)
	              Index Cond: ((id >= 8610545) AND (id <= 8620544))

table 5 : explain SELECT c FROM sbtest5 WHERE id BETWEEN 6506607 AND 6516606 ORDER BY c
	Sort  (cost=32874.19..32897.48 rows=9314 width=121)
	  Sort Key: c
	  ->  Bitmap Heap Scan on sbtest5  (cost=199.90..32260.16 rows=9314 width=121)
	        Recheck Cond: ((id >= 6506607) AND (id <= 6516606))
	        ->  Bitmap Index Scan on sbtest5_pkey  (cost=0.00..197.57 rows=9314 width=0)
	              Index Cond: ((id >= 6506607) AND (id <= 6516606))

table 6 : explain SELECT c FROM sbtest6 WHERE id BETWEEN 2094198 AND 2104197 ORDER BY c
	Sort  (cost=38838.05..38866.01 rows=11184 width=121)
	  Sort Key: c
	  ->  Bitmap Heap Scan on sbtest6  (cost=239.07..38085.97 rows=11184 width=121)
	        Recheck Cond: ((id >= 2094198) AND (id <= 2104197))
	        ->  Bitmap Index Scan on sbtest6_pkey  (cost=0.00..236.28 rows=11184 width=0)
	              Index Cond: ((id >= 2094198) AND (id <= 2104197))

table 7 : explain SELECT c FROM sbtest7 WHERE id BETWEEN 6044343 AND 6054342 ORDER BY c
	Sort  (cost=34837.23..34862.01 rows=9911 width=121)
	  Sort Key: c
	  ->  Bitmap Heap Scan on sbtest7  (cost=214.02..34179.39 rows=9911 width=121)
	        Recheck Cond: ((id >= 6044343) AND (id <= 6054342))
	        ->  Bitmap Index Scan on sbtest7_pkey  (cost=0.00..211.55 rows=9911 width=0)
	              Index Cond: ((id >= 6044343) AND (id <= 6054342))

table 8 : explain SELECT c FROM sbtest8 WHERE id BETWEEN 5347837 AND 5357836 ORDER BY c
	Sort  (cost=34982.12..35007.01 rows=9956 width=121)
	  Sort Key: c
	  ->  Bitmap Heap Scan on sbtest8  (cost=218.48..34320.98 rows=9956 width=121)
	        Recheck Cond: ((id >= 5347837) AND (id <= 5357836))
	        ->  Bitmap Index Scan on sbtest8_pkey  (cost=0.00..216.00 rows=9956 width=0)
	              Index Cond: ((id >= 5347837) AND (id <= 5357836))

for: order_ranges
table 1 : explain SELECT c FROM sbtest1 WHERE id BETWEEN 8780534 AND 8790533 ORDER BY c
	Sort  (cost=39514.79..39543.38 rows=11435 width=121)
	  Sort Key: c
	  ->  Bitmap Heap Scan on sbtest1  (cost=245.64..38744.00 rows=11435 width=121)
	        Recheck Cond: ((id >= 8780534) AND (id <= 8790533))
	        ->  Bitmap Index Scan on sbtest1_pkey  (cost=0.00..242.79 rows=11435 width=0)
	              Index Cond: ((id >= 8780534) AND (id <= 8790533))

table 2 : explain SELECT c FROM sbtest2 WHERE id BETWEEN 3438379 AND 3448378 ORDER BY c
	Sort  (cost=35960.14..35985.87 rows=10290 width=121)
	  Sort Key: c
	  ->  Bitmap Heap Scan on sbtest2  (cost=221.91..35274.37 rows=10290 width=121)
	        Recheck Cond: ((id >= 3438379) AND (id <= 3448378))
	        ->  Bitmap Index Scan on sbtest2_pkey  (cost=0.00..219.34 rows=10290 width=0)
	              Index Cond: ((id >= 3438379) AND (id <= 3448378))

table 3 : explain SELECT c FROM sbtest3 WHERE id BETWEEN 9769788 AND 9779787 ORDER BY c
	Sort  (cost=34986.64..35011.60 rows=9984 width=121)
	  Sort Key: c
	  ->  Bitmap Heap Scan on sbtest3  (cost=214.77..34323.43 rows=9984 width=121)
	        Recheck Cond: ((id >= 9769788) AND (id <= 9779787))
	        ->  Bitmap Index Scan on sbtest3_pkey  (cost=0.00..212.28 rows=9984 width=0)
	              Index Cond: ((id >= 9769788) AND (id <= 9779787))

table 4 : explain SELECT c FROM sbtest4 WHERE id BETWEEN 2896248 AND 2906247 ORDER BY c
	Sort  (cost=38144.91..38172.32 rows=10964 width=121)
	  Sort Key: c
	  ->  Bitmap Heap Scan on sbtest4  (cost=236.82..37409.20 rows=10964 width=121)
	        Recheck Cond: ((id >= 2896248) AND (id <= 2906247))
	        ->  Bitmap Index Scan on sbtest4_pkey  (cost=0.00..234.07 rows=10964 width=0)
	              Index Cond: ((id >= 2896248) AND (id <= 2906247))

table 5 : explain SELECT c FROM sbtest5 WHERE id BETWEEN 9372495 AND 9382494 ORDER BY c
	Sort  (cost=35400.59..35425.84 rows=10100 width=121)
	  Sort Key: c
	  ->  Bitmap Heap Scan on sbtest5  (cost=215.96..34728.84 rows=10100 width=121)
	        Recheck Cond: ((id >= 9372495) AND (id <= 9382494))
	        ->  Bitmap Index Scan on sbtest5_pkey  (cost=0.00..213.44 rows=10100 width=0)
	              Index Cond: ((id >= 9372495) AND (id <= 9382494))

table 6 : explain SELECT c FROM sbtest6 WHERE id BETWEEN 1449295 AND 1459294 ORDER BY c
	Sort  (cost=32836.25..32859.50 rows=9301 width=121)
	  Sort Key: c
	  ->  Bitmap Heap Scan on sbtest6  (cost=199.77..32223.17 rows=9301 width=121)
	        Recheck Cond: ((id >= 1449295) AND (id <= 1459294))
	        ->  Bitmap Index Scan on sbtest6_pkey  (cost=0.00..197.44 rows=9301 width=0)
	              Index Cond: ((id >= 1449295) AND (id <= 1459294))

table 7 : explain SELECT c FROM sbtest7 WHERE id BETWEEN 2676481 AND 2686480 ORDER BY c
	Sort  (cost=35899.15..35924.76 rows=10243 width=121)
	  Sort Key: c
	  ->  Bitmap Heap Scan on sbtest7  (cost=221.43..35216.85 rows=10243 width=121)
	        Recheck Cond: ((id >= 2676481) AND (id <= 2686480))
	        ->  Bitmap Index Scan on sbtest7_pkey  (cost=0.00..218.87 rows=10243 width=0)
	              Index Cond: ((id >= 2676481) AND (id <= 2686480))

table 8 : explain SELECT c FROM sbtest8 WHERE id BETWEEN 5833918 AND 5843917 ORDER BY c
	Sort  (cost=33209.47..33232.98 rows=9406 width=121)
	  Sort Key: c
	  ->  Bitmap Heap Scan on sbtest8  (cost=204.85..32588.70 rows=9406 width=121)
	        Recheck Cond: ((id >= 5833918) AND (id <= 5843917))
	        ->  Bitmap Index Scan on sbtest8_pkey  (cost=0.00..202.50 rows=9406 width=0)
	              Index Cond: ((id >= 5833918) AND (id <= 5843917))

for: order_ranges
table 1 : explain SELECT c FROM sbtest1 WHERE id BETWEEN 745022 AND 755021 ORDER BY c
	Sort  (cost=35544.75..35570.19 rows=10174 width=121)
	  Sort Key: c
	  ->  Bitmap Heap Scan on sbtest1  (cost=216.72..34867.54 rows=10174 width=121)
	        Recheck Cond: ((id >= 745022) AND (id <= 755021))
	        ->  Bitmap Index Scan on sbtest1_pkey  (cost=0.00..214.18 rows=10174 width=0)
	              Index Cond: ((id >= 745022) AND (id <= 755021))

table 2 : explain SELECT c FROM sbtest2 WHERE id BETWEEN 430110 AND 440109 ORDER BY c
	Sort  (cost=34767.28..34792.07 rows=9915 width=121)
	  Sort Key: c
	  ->  Bitmap Heap Scan on sbtest2  (cost=214.06..34109.15 rows=9915 width=121)
	        Recheck Cond: ((id >= 430110) AND (id <= 440109))
	        ->  Bitmap Index Scan on sbtest2_pkey  (cost=0.00..211.59 rows=9915 width=0)
	              Index Cond: ((id >= 430110) AND (id <= 440109))

table 3 : explain SELECT c FROM sbtest3 WHERE id BETWEEN 1477717 AND 1487716 ORDER BY c
	Sort  (cost=35765.70..35791.27 rows=10228 width=121)
	  Sort Key: c
	  ->  Bitmap Heap Scan on sbtest3  (cost=221.27..35084.50 rows=10228 width=121)
	        Recheck Cond: ((id >= 1477717) AND (id <= 1487716))
	        ->  Bitmap Index Scan on sbtest3_pkey  (cost=0.00..218.72 rows=10228 width=0)
	              Index Cond: ((id >= 1477717) AND (id <= 1487716))

table 4 : explain SELECT c FROM sbtest4 WHERE id BETWEEN 5861375 AND 5871374 ORDER BY c
	Sort  (cost=34040.46..34064.65 rows=9676 width=121)
	  Sort Key: c
	  ->  Bitmap Heap Scan on sbtest4  (cost=207.61..33399.90 rows=9676 width=121)
	        Recheck Cond: ((id >= 5861375) AND (id <= 5871374))
	        ->  Bitmap Index Scan on sbtest4_pkey  (cost=0.00..205.19 rows=9676 width=0)
	              Index Cond: ((id >= 5861375) AND (id <= 5871374))

table 5 : explain SELECT c FROM sbtest5 WHERE id BETWEEN 8362349 AND 8372348 ORDER BY c
	Sort  (cost=35479.55..35504.87 rows=10125 width=121)
	  Sort Key: c
	  ->  Bitmap Heap Scan on sbtest5  (cost=216.22..34805.96 rows=10125 width=121)
	        Recheck Cond: ((id >= 8362349) AND (id <= 8372348))
	        ->  Bitmap Index Scan on sbtest5_pkey  (cost=0.00..213.69 rows=10125 width=0)
	              Index Cond: ((id >= 8362349) AND (id <= 8372348))

table 6 : explain SELECT c FROM sbtest6 WHERE id BETWEEN 1973549 AND 1983548 ORDER BY c
	Sort  (cost=33536.89..33560.68 rows=9518 width=121)
	  Sort Key: c
	  ->  Bitmap Heap Scan on sbtest6  (cost=205.99..32907.92 rows=9518 width=121)
	        Recheck Cond: ((id >= 1973549) AND (id <= 1983548))
	        ->  Bitmap Index Scan on sbtest6_pkey  (cost=0.00..203.62 rows=9518 width=0)
	              Index Cond: ((id >= 1973549) AND (id <= 1983548))

table 7 : explain SELECT c FROM sbtest7 WHERE id BETWEEN 7445410 AND 7455409 ORDER BY c
	Sort  (cost=36323.82..36349.76 rows=10375 width=121)
	  Sort Key: c
	  ->  Bitmap Heap Scan on sbtest7  (cost=226.78..35631.76 rows=10375 width=121)
	        Recheck Cond: ((id >= 7445410) AND (id <= 7455409))
	        ->  Bitmap Index Scan on sbtest7_pkey  (cost=0.00..224.19 rows=10375 width=0)
	              Index Cond: ((id >= 7445410) AND (id <= 7455409))

table 8 : explain SELECT c FROM sbtest8 WHERE id BETWEEN 3307588 AND 3317587 ORDER BY c
	Sort  (cost=35579.50..35604.85 rows=10142 width=121)
	  Sort Key: c
	  ->  Bitmap Heap Scan on sbtest8  (cost=224.39..34904.65 rows=10142 width=121)
	        Recheck Cond: ((id >= 3307588) AND (id <= 3317587))
	        ->  Bitmap Index Scan on sbtest8_pkey  (cost=0.00..221.86 rows=10142 width=0)
	              Index Cond: ((id >= 3307588) AND (id <= 3317587))

for: distinct_ranges
table 1 : explain SELECT DISTINCT c FROM sbtest1 WHERE id BETWEEN 8794299 AND 8804298 ORDER BY c
	Unique  (cost=39514.79..39571.96 rows=11435 width=121)
	  ->  Sort  (cost=39514.79..39543.38 rows=11435 width=121)
	        Sort Key: c
	        ->  Bitmap Heap Scan on sbtest1  (cost=245.64..38744.00 rows=11435 width=121)
	              Recheck Cond: ((id >= 8794299) AND (id <= 8804298))
	              ->  Bitmap Index Scan on sbtest1_pkey  (cost=0.00..242.79 rows=11435 width=0)
	                    Index Cond: ((id >= 8794299) AND (id <= 8804298))

table 2 : explain SELECT DISTINCT c FROM sbtest2 WHERE id BETWEEN 2802415 AND 2812414 ORDER BY c
	Unique  (cost=38447.08..38502.47 rows=11077 width=121)
	  ->  Sort  (cost=38447.08..38474.78 rows=11077 width=121)
	        Sort Key: c
	        ->  Bitmap Heap Scan on sbtest2  (cost=237.97..37702.97 rows=11077 width=121)
	              Recheck Cond: ((id >= 2802415) AND (id <= 2812414))
	              ->  Bitmap Index Scan on sbtest2_pkey  (cost=0.00..235.20 rows=11077 width=0)
	                    Index Cond: ((id >= 2802415) AND (id <= 2812414))

table 3 : explain SELECT DISTINCT c FROM sbtest3 WHERE id BETWEEN 4785289 AND 4795288 ORDER BY c
	Unique  (cost=34093.16..34141.68 rows=9705 width=121)
	  ->  Sort  (cost=34093.16..34117.42 rows=9705 width=121)
	        Sort Key: c
	        ->  Bitmap Heap Scan on sbtest3  (cost=207.91..33450.47 rows=9705 width=121)
	              Recheck Cond: ((id >= 4785289) AND (id <= 4795288))
	              ->  Bitmap Index Scan on sbtest3_pkey  (cost=0.00..205.49 rows=9705 width=0)
	                    Index Cond: ((id >= 4785289) AND (id <= 4795288))

table 4 : explain SELECT DISTINCT c FROM sbtest4 WHERE id BETWEEN 2423201 AND 2433200 ORDER BY c
	Unique  (cost=33046.05..33092.89 rows=9367 width=121)
	  ->  Sort  (cost=33046.05..33069.47 rows=9367 width=121)
	        Sort Key: c
	        ->  Bitmap Heap Scan on sbtest4  (cost=200.45..32428.14 rows=9367 width=121)
	              Recheck Cond: ((id >= 2423201) AND (id <= 2433200))
	              ->  Bitmap Index Scan on sbtest4_pkey  (cost=0.00..198.11 rows=9367 width=0)
	                    Index Cond: ((id >= 2423201) AND (id <= 2433200))

table 5 : explain SELECT DISTINCT c FROM sbtest5 WHERE id BETWEEN 7917179 AND 7927178 ORDER BY c
	Unique  (cost=32811.05..32857.52 rows=9294 width=121)
	  ->  Sort  (cost=32811.05..32834.29 rows=9294 width=121)
	        Sort Key: c
	        ->  Bitmap Heap Scan on sbtest5  (cost=199.70..32198.48 rows=9294 width=121)
	              Recheck Cond: ((id >= 7917179) AND (id <= 7927178))
	              ->  Bitmap Index Scan on sbtest5_pkey  (cost=0.00..197.38 rows=9294 width=0)
	                    Index Cond: ((id >= 7917179) AND (id <= 7927178))

table 6 : explain SELECT DISTINCT c FROM sbtest6 WHERE id BETWEEN 9473668 AND 9483667 ORDER BY c
	Unique  (cost=35313.96..35364.32 rows=10072 width=121)
	  ->  Sort  (cost=35313.96..35339.14 rows=10072 width=121)
	        Sort Key: c
	        ->  Bitmap Heap Scan on sbtest6  (cost=215.67..34644.27 rows=10072 width=121)
	              Recheck Cond: ((id >= 9473668) AND (id <= 9483667))
	              ->  Bitmap Index Scan on sbtest6_pkey  (cost=0.00..213.16 rows=10072 width=0)
	                    Index Cond: ((id >= 9473668) AND (id <= 9483667))

table 7 : explain SELECT DISTINCT c FROM sbtest7 WHERE id BETWEEN 648082 AND 658081 ORDER BY c
	Unique  (cost=37912.87..37967.25 rows=10876 width=121)
	  ->  Sort  (cost=37912.87..37940.06 rows=10876 width=121)
	        Sort Key: c
	        ->  Bitmap Heap Scan on sbtest7  (cost=235.91..37183.70 rows=10876 width=121)
	              Recheck Cond: ((id >= 648082) AND (id <= 658081))
	              ->  Bitmap Index Scan on sbtest7_pkey  (cost=0.00..233.19 rows=10876 width=0)
	                    Index Cond: ((id >= 648082) AND (id <= 658081))

table 8 : explain SELECT DISTINCT c FROM sbtest8 WHERE id BETWEEN 2033700 AND 2043699 ORDER BY c
	Unique  (cost=35147.01..35197.05 rows=10007 width=121)
	  ->  Sort  (cost=35147.01..35172.03 rows=10007 width=121)
	        Sort Key: c
	        ->  Bitmap Heap Scan on sbtest8  (cost=219.01..34482.11 rows=10007 width=121)
	              Recheck Cond: ((id >= 2033700) AND (id <= 2043699))
	              ->  Bitmap Index Scan on sbtest8_pkey  (cost=0.00..216.50 rows=10007 width=0)
	                    Index Cond: ((id >= 2033700) AND (id <= 2043699))

for: sum_ranges
table 1 : explain SELECT SUM(k) FROM sbtest1 WHERE id BETWEEN 7938534 AND 7948533
	Aggregate  (cost=36932.31..36932.32 rows=1 width=8)
	  ->  Bitmap Heap Scan on sbtest1  (cost=231.48..36905.22 rows=10834 width=4)
	        Recheck Cond: ((id >= 7938534) AND (id <= 7948533))
	        ->  Bitmap Index Scan on sbtest1_pkey  (cost=0.00..228.78 rows=10834 width=0)
	              Index Cond: ((id >= 7938534) AND (id <= 7948533))

table 2 : explain SELECT SUM(k) FROM sbtest2 WHERE id BETWEEN 2534352 AND 2544351
	Aggregate  (cost=33388.77..33388.78 rows=1 width=8)
	  ->  Bitmap Heap Scan on sbtest2  (cost=207.63..33364.58 rows=9678 width=4)
	        Recheck Cond: ((id >= 2534352) AND (id <= 2544351))
	        ->  Bitmap Index Scan on sbtest2_pkey  (cost=0.00..205.22 rows=9678 width=0)
	              Index Cond: ((id >= 2534352) AND (id <= 2544351))

table 3 : explain SELECT SUM(k) FROM sbtest3 WHERE id BETWEEN 5533840 AND 5543839
	Aggregate  (cost=31800.16..31800.17 rows=1 width=8)
	  ->  Bitmap Heap Scan on sbtest3  (cost=198.45..31777.23 rows=9172 width=4)
	        Recheck Cond: ((id >= 5533840) AND (id <= 5543839))
	        ->  Bitmap Index Scan on sbtest3_pkey  (cost=0.00..196.16 rows=9172 width=0)
	              Index Cond: ((id >= 5533840) AND (id <= 5543839))

table 4 : explain SELECT SUM(k) FROM sbtest4 WHERE id BETWEEN 5476426 AND 5486425
	Aggregate  (cost=33482.26..33482.27 rows=1 width=8)
	  ->  Bitmap Heap Scan on sbtest4  (cost=207.80..33458.03 rows=9694 width=4)
	        Recheck Cond: ((id >= 5476426) AND (id <= 5486425))
	        ->  Bitmap Index Scan on sbtest4_pkey  (cost=0.00..205.38 rows=9694 width=0)
	              Index Cond: ((id >= 5476426) AND (id <= 5486425))

table 5 : explain SELECT SUM(k) FROM sbtest5 WHERE id BETWEEN 8101288 AND 8111287
	Aggregate  (cost=35778.76..35778.77 rows=1 width=8)
	  ->  Bitmap Heap Scan on sbtest5  (cost=223.33..35752.68 rows=10429 width=4)
	        Recheck Cond: ((id >= 8101288) AND (id <= 8111287))
	        ->  Bitmap Index Scan on sbtest5_pkey  (cost=0.00..220.73 rows=10429 width=0)
	              Index Cond: ((id >= 8101288) AND (id <= 8111287))

table 6 : explain SELECT SUM(k) FROM sbtest6 WHERE id BETWEEN 2057557 AND 2067556
	Aggregate  (cost=38113.93..38113.94 rows=1 width=8)
	  ->  Bitmap Heap Scan on sbtest6  (cost=239.07..38085.97 rows=11184 width=4)
	        Recheck Cond: ((id >= 2057557) AND (id <= 2067556))
	        ->  Bitmap Index Scan on sbtest6_pkey  (cost=0.00..236.28 rows=11184 width=0)
	              Index Cond: ((id >= 2057557) AND (id <= 2067556))

table 7 : explain SELECT SUM(k) FROM sbtest7 WHERE id BETWEEN 6242967 AND 6252966
	Aggregate  (cost=35194.20..35194.21 rows=1 width=8)
	  ->  Bitmap Heap Scan on sbtest7  (cost=221.26..35168.63 rows=10227 width=4)
	        Recheck Cond: ((id >= 6242967) AND (id <= 6252966))
	        ->  Bitmap Index Scan on sbtest7_pkey  (cost=0.00..218.70 rows=10227 width=0)
	              Index Cond: ((id >= 6242967) AND (id <= 6252966))

table 8 : explain SELECT SUM(k) FROM sbtest8 WHERE id BETWEEN 6581841 AND 6591840
	Aggregate  (cost=36449.04..36449.05 rows=1 width=8)
	  ->  Bitmap Heap Scan on sbtest8  (cost=233.39..36422.47 rows=10630 width=4)
	        Recheck Cond: ((id >= 6581841) AND (id <= 6591840))
	        ->  Bitmap Index Scan on sbtest8_pkey  (cost=0.00..230.74 rows=10630 width=0)
	              Index Cond: ((id >= 6581841) AND (id <= 6591840))

for point_selects
table 1 : explain SELECT c FROM sbtest1 WHERE id=9802978
	Index Scan using sbtest1_pkey on sbtest1  (cost=0.43..8.45 rows=1 width=121)
	  Index Cond: (id = 9802978)

table 2 : explain SELECT c FROM sbtest2 WHERE id=5156993
	Index Scan using sbtest2_pkey on sbtest2  (cost=0.43..8.45 rows=1 width=121)
	  Index Cond: (id = 5156993)

table 3 : explain SELECT c FROM sbtest3 WHERE id=1019848
	Index Scan using sbtest3_pkey on sbtest3  (cost=0.43..8.45 rows=1 width=121)
	  Index Cond: (id = 1019848)

table 4 : explain SELECT c FROM sbtest4 WHERE id=5455499
	Index Scan using sbtest4_pkey on sbtest4  (cost=0.43..8.45 rows=1 width=121)
	  Index Cond: (id = 5455499)

table 5 : explain SELECT c FROM sbtest5 WHERE id=699852
	Index Scan using sbtest5_pkey on sbtest5  (cost=0.43..8.45 rows=1 width=121)
	  Index Cond: (id = 699852)

table 6 : explain SELECT c FROM sbtest6 WHERE id=891817
	Index Scan using sbtest6_pkey on sbtest6  (cost=0.43..8.45 rows=1 width=121)
	  Index Cond: (id = 891817)

table 7 : explain SELECT c FROM sbtest7 WHERE id=5939571
	Index Scan using sbtest7_pkey on sbtest7  (cost=0.43..8.45 rows=1 width=121)
	  Index Cond: (id = 5939571)

table 8 : explain SELECT c FROM sbtest8 WHERE id=2221283
	Index Scan using sbtest8_pkey on sbtest8  (cost=0.43..8.45 rows=1 width=121)
	  Index Cond: (id = 2221283)

for: order_ranges
table 1 : explain SELECT c FROM sbtest1 WHERE id BETWEEN 3241283 AND 3251282 ORDER BY c
	Sort  (cost=34773.87..34798.69 rows=9931 width=121)
	  Sort Key: c
	  ->  Bitmap Heap Scan on sbtest1  (cost=214.23..34114.56 rows=9931 width=121)
	        Recheck Cond: ((id >= 3241283) AND (id <= 3251282))
	        ->  Bitmap Index Scan on sbtest1_pkey  (cost=0.00..211.75 rows=9931 width=0)
	              Index Cond: ((id >= 3241283) AND (id <= 3251282))

table 2 : explain SELECT c FROM sbtest2 WHERE id BETWEEN 483117 AND 493116 ORDER BY c
	Sort  (cost=35700.40..35725.93 rows=10209 width=121)
	  Sort Key: c
	  ->  Bitmap Heap Scan on sbtest2  (cost=217.08..35020.61 rows=10209 width=121)
	        Recheck Cond: ((id >= 483117) AND (id <= 493116))
	        ->  Bitmap Index Scan on sbtest2_pkey  (cost=0.00..214.53 rows=10209 width=0)
	              Index Cond: ((id >= 483117) AND (id <= 493116))

table 3 : explain SELECT c FROM sbtest3 WHERE id BETWEEN 2894429 AND 2904428 ORDER BY c
	Sort  (cost=36558.11..36584.31 rows=10478 width=121)
	  Sort Key: c
	  ->  Bitmap Heap Scan on sbtest3  (cost=223.83..35858.44 rows=10478 width=121)
	        Recheck Cond: ((id >= 2894429) AND (id <= 2904428))
	        ->  Bitmap Index Scan on sbtest3_pkey  (cost=0.00..221.22 rows=10478 width=0)
	              Index Cond: ((id >= 2894429) AND (id <= 2904428))

table 4 : explain SELECT c FROM sbtest4 WHERE id BETWEEN 3307092 AND 3317091 ORDER BY c
	Sort  (cost=37230.71..37257.40 rows=10675 width=121)
	  Sort Key: c
	  ->  Bitmap Heap Scan on sbtest4  (cost=229.85..36516.45 rows=10675 width=121)
	        Recheck Cond: ((id >= 3307092) AND (id <= 3317091))
	        ->  Bitmap Index Scan on sbtest4_pkey  (cost=0.00..227.19 rows=10675 width=0)
	              Index Cond: ((id >= 3307092) AND (id <= 3317091))

table 5 : explain SELECT c FROM sbtest5 WHERE id BETWEEN 2608435 AND 2618434 ORDER BY c
	Sort  (cost=34103.94..34128.18 rows=9695 width=121)
	  Sort Key: c
	  ->  Bitmap Heap Scan on sbtest5  (cost=207.81..33461.99 rows=9695 width=121)
	        Recheck Cond: ((id >= 2608435) AND (id <= 2618434))
	        ->  Bitmap Index Scan on sbtest5_pkey  (cost=0.00..205.38 rows=9695 width=0)
	              Index Cond: ((id >= 2608435) AND (id <= 2618434))

table 6 : explain SELECT c FROM sbtest6 WHERE id BETWEEN 7022103 AND 7032102 ORDER BY c
	Sort  (cost=32241.10..32263.89 rows=9117 width=121)
	  Sort Key: c
	  ->  Bitmap Heap Scan on sbtest6  (cost=197.88..31641.45 rows=9117 width=121)
	        Recheck Cond: ((id >= 7022103) AND (id <= 7032102))
	        ->  Bitmap Index Scan on sbtest6_pkey  (cost=0.00..195.61 rows=9117 width=0)
	              Index Cond: ((id >= 7022103) AND (id <= 7032102))

table 7 : explain SELECT c FROM sbtest7 WHERE id BETWEEN 7540991 AND 7550990 ORDER BY c
	Sort  (cost=35734.61..35760.08 rows=10191 width=121)
	  Sort Key: c
	  ->  Bitmap Heap Scan on sbtest7  (cost=220.89..35056.14 rows=10191 width=121)
	        Recheck Cond: ((id >= 7540991) AND (id <= 7550990))
	        ->  Bitmap Index Scan on sbtest7_pkey  (cost=0.00..218.34 rows=10191 width=0)
	              Index Cond: ((id >= 7540991) AND (id <= 7550990))

table 8 : explain SELECT c FROM sbtest8 WHERE id BETWEEN 5460658 AND 5470657 ORDER BY c
	Sort  (cost=34790.64..34815.38 rows=9896 width=121)
	  Sort Key: c
	  ->  Bitmap Heap Scan on sbtest8  (cost=217.87..34133.91 rows=9896 width=121)
	        Recheck Cond: ((id >= 5460658) AND (id <= 5470657))
	        ->  Bitmap Index Scan on sbtest8_pkey  (cost=0.00..215.40 rows=9896 width=0)
	              Index Cond: ((id >= 5460658) AND (id <= 5470657))

for: distinct_ranges
table 1 : explain SELECT DISTINCT c FROM sbtest1 WHERE id BETWEEN 380207 AND 390206 ORDER BY c
	Unique  (cost=36941.29..36994.36 rows=10614 width=121)
	  ->  Sort  (cost=36941.29..36967.82 rows=10614 width=121)
	        Sort Key: c
	        ->  Bitmap Heap Scan on sbtest1  (cost=229.23..36231.54 rows=10614 width=121)
	              Recheck Cond: ((id >= 380207) AND (id <= 390206))
	              ->  Bitmap Index Scan on sbtest1_pkey  (cost=0.00..226.57 rows=10614 width=0)
	                    Index Cond: ((id >= 380207) AND (id <= 390206))

table 2 : explain SELECT DISTINCT c FROM sbtest2 WHERE id BETWEEN 224119 AND 234118 ORDER BY c
	Unique  (cost=38466.54..38521.96 rows=11083 width=121)
	  ->  Sort  (cost=38466.54..38494.25 rows=11083 width=121)
	        Sort Key: c
	        ->  Bitmap Heap Scan on sbtest2  (cost=238.04..37721.98 rows=11083 width=121)
	              Recheck Cond: ((id >= 224119) AND (id <= 234118))
	              ->  Bitmap Index Scan on sbtest2_pkey  (cost=0.00..235.26 rows=11083 width=0)
	                    Index Cond: ((id >= 224119) AND (id <= 234118))

table 3 : explain SELECT DISTINCT c FROM sbtest3 WHERE id BETWEEN 7650326 AND 7660325 ORDER BY c
	Unique  (cost=37349.05..37402.69 rows=10728 width=121)
	  ->  Sort  (cost=37349.05..37375.87 rows=10728 width=121)
	        Sort Key: c
	        ->  Bitmap Heap Scan on sbtest3  (cost=230.40..36630.86 rows=10728 width=121)
	              Recheck Cond: ((id >= 7650326) AND (id <= 7660325))
	              ->  Bitmap Index Scan on sbtest3_pkey  (cost=0.00..227.72 rows=10728 width=0)
	                    Index Cond: ((id >= 7650326) AND (id <= 7660325))

table 4 : explain SELECT DISTINCT c FROM sbtest4 WHERE id BETWEEN 1557003 AND 1567002 ORDER BY c
	Unique  (cost=34991.61..35041.47 rows=9972 width=121)
	  ->  Sort  (cost=34991.61..35016.54 rows=9972 width=121)
	        Sort Key: c
	        ->  Bitmap Heap Scan on sbtest4  (cost=214.65..34329.29 rows=9972 width=121)
	              Recheck Cond: ((id >= 1557003) AND (id <= 1567002))
	              ->  Bitmap Index Scan on sbtest4_pkey  (cost=0.00..212.16 rows=9972 width=0)
	                    Index Cond: ((id >= 1557003) AND (id <= 1567002))

table 5 : explain SELECT DISTINCT c FROM sbtest5 WHERE id BETWEEN 7934117 AND 7944116 ORDER BY c
	Unique  (cost=32811.05..32857.52 rows=9294 width=121)
	  ->  Sort  (cost=32811.05..32834.29 rows=9294 width=121)
	        Sort Key: c
	        ->  Bitmap Heap Scan on sbtest5  (cost=199.70..32198.48 rows=9294 width=121)
	              Recheck Cond: ((id >= 7934117) AND (id <= 7944116))
	              ->  Bitmap Index Scan on sbtest5_pkey  (cost=0.00..197.38 rows=9294 width=0)
	                    Index Cond: ((id >= 7934117) AND (id <= 7944116))

table 6 : explain SELECT DISTINCT c FROM sbtest6 WHERE id BETWEEN 5670017 AND 5680016 ORDER BY c
	Unique  (cost=34059.80..34108.20 rows=9681 width=121)
	  ->  Sort  (cost=34059.80..34084.00 rows=9681 width=121)
	        Sort Key: c
	        ->  Bitmap Heap Scan on sbtest6  (cost=207.67..33418.87 rows=9681 width=121)
	              Recheck Cond: ((id >= 5670017) AND (id <= 5680016))
	              ->  Bitmap Index Scan on sbtest6_pkey  (cost=0.00..205.25 rows=9681 width=0)
	                    Index Cond: ((id >= 5670017) AND (id <= 5680016))

table 7 : explain SELECT DISTINCT c FROM sbtest7 WHERE id BETWEEN 5995905 AND 6005904 ORDER BY c
	Unique  (cost=34837.23..34886.78 rows=9911 width=121)
	  ->  Sort  (cost=34837.23..34862.01 rows=9911 width=121)
	        Sort Key: c
	        ->  Bitmap Heap Scan on sbtest7  (cost=214.02..34179.39 rows=9911 width=121)
	              Recheck Cond: ((id >= 5995905) AND (id <= 6005904))
	              ->  Bitmap Index Scan on sbtest7_pkey  (cost=0.00..211.55 rows=9911 width=0)
	                    Index Cond: ((id >= 5995905) AND (id <= 6005904))

table 8 : explain SELECT DISTINCT c FROM sbtest8 WHERE id BETWEEN 4300972 AND 4310971 ORDER BY c
	Unique  (cost=33939.94..33988.10 rows=9632 width=121)
	  ->  Sort  (cost=33939.94..33964.02 rows=9632 width=121)
	        Sort Key: c
	        ->  Bitmap Heap Scan on sbtest8  (cost=211.16..33302.60 rows=9632 width=121)
	              Recheck Cond: ((id >= 4300972) AND (id <= 4310971))
	              ->  Bitmap Index Scan on sbtest8_pkey  (cost=0.00..208.75 rows=9632 width=0)
	                    Index Cond: ((id >= 4300972) AND (id <= 4310971))

for: distinct_ranges
table 1 : explain SELECT DISTINCT c FROM sbtest1 WHERE id BETWEEN 2017485 AND 2027484 ORDER BY c
	Unique  (cost=33009.10..33056.01 rows=9381 width=121)
	  ->  Sort  (cost=33009.10..33032.55 rows=9381 width=121)
	        Sort Key: c
	        ->  Bitmap Heap Scan on sbtest1  (cost=200.59..32390.17 rows=9381 width=121)
	              Recheck Cond: ((id >= 2017485) AND (id <= 2027484))
	              ->  Bitmap Index Scan on sbtest1_pkey  (cost=0.00..198.25 rows=9381 width=0)
	                    Index Cond: ((id >= 2017485) AND (id <= 2027484))

table 2 : explain SELECT DISTINCT c FROM sbtest2 WHERE id BETWEEN 9379803 AND 9389802 ORDER BY c
	Unique  (cost=34110.88..34159.43 rows=9711 width=121)
	  ->  Sort  (cost=34110.88..34135.15 rows=9711 width=121)
	        Sort Key: c
	        ->  Bitmap Heap Scan on sbtest2  (cost=207.97..33467.75 rows=9711 width=121)
	              Recheck Cond: ((id >= 9379803) AND (id <= 9389802))
	              ->  Bitmap Index Scan on sbtest2_pkey  (cost=0.00..205.55 rows=9711 width=0)
	                    Index Cond: ((id >= 9379803) AND (id <= 9389802))

table 3 : explain SELECT DISTINCT c FROM sbtest3 WHERE id BETWEEN 8803708 AND 8813707 ORDER BY c
	Unique  (cost=36800.01..36852.79 rows=10555 width=121)
	  ->  Sort  (cost=36800.01..36826.40 rows=10555 width=121)
	        Sort Key: c
	        ->  Bitmap Heap Scan on sbtest3  (cost=224.62..36094.64 rows=10555 width=121)
	              Recheck Cond: ((id >= 8803708) AND (id <= 8813707))
	              ->  Bitmap Index Scan on sbtest3_pkey  (cost=0.00..221.99 rows=10555 width=0)
	                    Index Cond: ((id >= 8803708) AND (id <= 8813707))

table 4 : explain SELECT DISTINCT c FROM sbtest4 WHERE id BETWEEN 4171813 AND 4181812 ORDER BY c
	Unique  (cost=34004.03..34052.35 rows=9664 width=121)
	  ->  Sort  (cost=34004.03..34028.19 rows=9664 width=121)
	        Sort Key: c
	        ->  Bitmap Heap Scan on sbtest4  (cost=207.49..33364.35 rows=9664 width=121)
	              Recheck Cond: ((id >= 4171813) AND (id <= 4181812))
	              ->  Bitmap Index Scan on sbtest4_pkey  (cost=0.00..205.07 rows=9664 width=0)
	                    Index Cond: ((id >= 4171813) AND (id <= 4181812))

table 5 : explain SELECT DISTINCT c FROM sbtest5 WHERE id BETWEEN 4729161 AND 4739160 ORDER BY c
	Unique  (cost=38432.35..38487.63 rows=11056 width=121)
	  ->  Sort  (cost=38432.35..38459.99 rows=11056 width=121)
	        Sort Key: c
	        ->  Bitmap Heap Scan on sbtest5  (cost=237.76..37689.80 rows=11056 width=121)
	              Recheck Cond: ((id >= 4729161) AND (id <= 4739160))
	              ->  Bitmap Index Scan on sbtest5_pkey  (cost=0.00..235.00 rows=11056 width=0)
	                    Index Cond: ((id >= 4729161) AND (id <= 4739160))

table 6 : explain SELECT DISTINCT c FROM sbtest6 WHERE id BETWEEN 4208465 AND 4218464 ORDER BY c
	Unique  (cost=36073.89..36125.44 rows=10310 width=121)
	  ->  Sort  (cost=36073.89..36099.66 rows=10310 width=121)
	        Sort Key: c
	        ->  Bitmap Heap Scan on sbtest6  (cost=222.11..35386.64 rows=10310 width=121)
	              Recheck Cond: ((id >= 4208465) AND (id <= 4218464))
	              ->  Bitmap Index Scan on sbtest6_pkey  (cost=0.00..219.54 rows=10310 width=0)
	                    Index Cond: ((id >= 4208465) AND (id <= 4218464))

table 7 : explain SELECT DISTINCT c FROM sbtest7 WHERE id BETWEEN 9355923 AND 9365922 ORDER BY c
	Unique  (cost=33144.01..33190.94 rows=9385 width=121)
	  ->  Sort  (cost=33144.01..33167.47 rows=9385 width=121)
	        Sort Key: c
	        ->  Bitmap Heap Scan on sbtest7  (cost=204.63..32524.78 rows=9385 width=121)
	              Recheck Cond: ((id >= 9355923) AND (id <= 9365922))
	              ->  Bitmap Index Scan on sbtest7_pkey  (cost=0.00..202.29 rows=9385 width=0)
	                    Index Cond: ((id >= 9355923) AND (id <= 9365922))

table 8 : explain SELECT DISTINCT c FROM sbtest8 WHERE id BETWEEN 1314571 AND 1324570 ORDER BY c
	Unique  (cost=31415.82..31460.09 rows=8853 width=121)
	  ->  Sort  (cost=31415.82..31437.95 rows=8853 width=121)
	        Sort Key: c
	        ->  Bitmap Heap Scan on sbtest8  (cost=195.18..30835.42 rows=8853 width=121)
	              Recheck Cond: ((id >= 1314571) AND (id <= 1324570))
	              ->  Bitmap Index Scan on sbtest8_pkey  (cost=0.00..192.97 rows=8853 width=0)
	                    Index Cond: ((id >= 1314571) AND (id <= 1324570))

for: distinct_ranges
table 1 : explain SELECT DISTINCT c FROM sbtest1 WHERE id BETWEEN 7388443 AND 7398442 ORDER BY c
	Unique  (cost=35567.66..35618.56 rows=10181 width=121)
	  ->  Sort  (cost=35567.66..35593.11 rows=10181 width=121)
	        Sort Key: c
	        ->  Bitmap Heap Scan on sbtest1  (cost=216.79..34889.93 rows=10181 width=121)
	              Recheck Cond: ((id >= 7388443) AND (id <= 7398442))
	              ->  Bitmap Index Scan on sbtest1_pkey  (cost=0.00..214.25 rows=10181 width=0)
	                    Index Cond: ((id >= 7388443) AND (id <= 7398442))

table 2 : explain SELECT DISTINCT c FROM sbtest2 WHERE id BETWEEN 5547140 AND 5557139 ORDER BY c
	Unique  (cost=39672.49..39729.83 rows=11468 width=121)
	  ->  Sort  (cost=39672.49..39701.16 rows=11468 width=121)
	        Sort Key: c
	        ->  Bitmap Heap Scan on sbtest2  (cost=245.98..38899.24 rows=11468 width=121)
	              Recheck Cond: ((id >= 5547140) AND (id <= 5557139))
	              ->  Bitmap Index Scan on sbtest2_pkey  (cost=0.00..243.12 rows=11468 width=0)
	                    Index Cond: ((id >= 5547140) AND (id <= 5557139))

table 3 : explain SELECT DISTINCT c FROM sbtest3 WHERE id BETWEEN 6061753 AND 6071752 ORDER BY c
	Unique  (cost=35936.09..35987.50 rows=10281 width=121)
	  ->  Sort  (cost=35936.09..35961.80 rows=10281 width=121)
	        Sort Key: c
	        ->  Bitmap Heap Scan on sbtest3  (cost=221.82..35250.98 rows=10281 width=121)
	              Recheck Cond: ((id >= 6061753) AND (id <= 6071752))
	              ->  Bitmap Index Scan on sbtest3_pkey  (cost=0.00..219.25 rows=10281 width=0)
	                    Index Cond: ((id >= 6061753) AND (id <= 6071752))

table 4 : explain SELECT DISTINCT c FROM sbtest4 WHERE id BETWEEN 6262453 AND 6272452 ORDER BY c
	Unique  (cost=33550.68..33598.30 rows=9523 width=121)
	  ->  Sort  (cost=33550.68..33574.49 rows=9523 width=121)
	        Sort Key: c
	        ->  Bitmap Heap Scan on sbtest4  (cost=206.05..32921.35 rows=9523 width=121)
	              Recheck Cond: ((id >= 6262453) AND (id <= 6272452))
	              ->  Bitmap Index Scan on sbtest4_pkey  (cost=0.00..203.67 rows=9523 width=0)
	                    Index Cond: ((id >= 6262453) AND (id <= 6272452))

table 5 : explain SELECT DISTINCT c FROM sbtest5 WHERE id BETWEEN 368772 AND 378771 ORDER BY c
	Unique  (cost=35960.01..36011.39 rows=10275 width=121)
	  ->  Sort  (cost=35960.01..35985.70 rows=10275 width=121)
	        Sort Key: c
	        ->  Bitmap Heap Scan on sbtest5  (cost=221.75..35275.35 rows=10275 width=121)
	              Recheck Cond: ((id >= 368772) AND (id <= 378771))
	              ->  Bitmap Index Scan on sbtest5_pkey  (cost=0.00..219.19 rows=10275 width=0)
	                    Index Cond: ((id >= 368772) AND (id <= 378771))

table 6 : explain SELECT DISTINCT c FROM sbtest6 WHERE id BETWEEN 3129831 AND 3139830 ORDER BY c
	Unique  (cost=36336.35..36388.31 rows=10393 width=121)
	  ->  Sort  (cost=36336.35..36362.33 rows=10393 width=121)
	        Sort Key: c
	        ->  Bitmap Heap Scan on sbtest6  (cost=222.96..35642.96 rows=10393 width=121)
	              Recheck Cond: ((id >= 3129831) AND (id <= 3139830))
	              ->  Bitmap Index Scan on sbtest6_pkey  (cost=0.00..220.37 rows=10393 width=0)
	                    Index Cond: ((id >= 3129831) AND (id <= 3139830))

table 7 : explain SELECT DISTINCT c FROM sbtest7 WHERE id BETWEEN 957679 AND 967678 ORDER BY c
	Unique  (cost=35309.74..35360.03 rows=10058 width=121)
	  ->  Sort  (cost=35309.74..35334.88 rows=10058 width=121)
	        Sort Key: c
	        ->  Bitmap Heap Scan on sbtest7  (cost=219.53..34641.08 rows=10058 width=121)
	              Recheck Cond: ((id >= 957679) AND (id <= 967678))
	              ->  Bitmap Index Scan on sbtest7_pkey  (cost=0.00..217.01 rows=10058 width=0)
	                    Index Cond: ((id >= 957679) AND (id <= 967678))

table 8 : explain SELECT DISTINCT c FROM sbtest8 WHERE id BETWEEN 8498546 AND 8508545 ORDER BY c
	Unique  (cost=33079.92..33126.75 rows=9366 width=121)
	  ->  Sort  (cost=33079.92..33103.33 rows=9366 width=121)
	        Sort Key: c
	        ->  Bitmap Heap Scan on sbtest8  (cost=204.44..32462.08 rows=9366 width=121)
	              Recheck Cond: ((id >= 8498546) AND (id <= 8508545))
	              ->  Bitmap Index Scan on sbtest8_pkey  (cost=0.00..202.09 rows=9366 width=0)
	                    Index Cond: ((id >= 8498546) AND (id <= 8508545))

for: distinct_ranges
table 1 : explain SELECT DISTINCT c FROM sbtest1 WHERE id BETWEEN 4585379 AND 4595378 ORDER BY c
	Unique  (cost=38184.01..38239.06 rows=11009 width=121)
	  ->  Sort  (cost=38184.01..38211.54 rows=11009 width=121)
	        Sort Key: c
	        ->  Bitmap Heap Scan on sbtest1  (cost=237.28..37444.96 rows=11009 width=121)
	              Recheck Cond: ((id >= 4585379) AND (id <= 4595378))
	              ->  Bitmap Index Scan on sbtest1_pkey  (cost=0.00..234.53 rows=11009 width=0)
	                    Index Cond: ((id >= 4585379) AND (id <= 4595378))

table 2 : explain SELECT DISTINCT c FROM sbtest2 WHERE id BETWEEN 8305710 AND 8315709 ORDER BY c
	Unique  (cost=33978.90..34027.25 rows=9670 width=121)
	  ->  Sort  (cost=33978.90..34003.08 rows=9670 width=121)
	        Sort Key: c
	        ->  Bitmap Heap Scan on sbtest2  (cost=207.55..33338.78 rows=9670 width=121)
	              Recheck Cond: ((id >= 8305710) AND (id <= 8315709))
	              ->  Bitmap Index Scan on sbtest2_pkey  (cost=0.00..205.13 rows=9670 width=0)
	                    Index Cond: ((id >= 8305710) AND (id <= 8315709))

table 3 : explain SELECT DISTINCT c FROM sbtest3 WHERE id BETWEEN 1553591 AND 1563590 ORDER BY c
	Unique  (cost=35765.70..35816.84 rows=10228 width=121)
	  ->  Sort  (cost=35765.70..35791.27 rows=10228 width=121)
	        Sort Key: c
	        ->  Bitmap Heap Scan on sbtest3  (cost=221.27..35084.50 rows=10228 width=121)
	              Recheck Cond: ((id >= 1553591) AND (id <= 1563590))
	              ->  Bitmap Index Scan on sbtest3_pkey  (cost=0.00..218.72 rows=10228 width=0)
	                    Index Cond: ((id >= 1553591) AND (id <= 1563590))

table 4 : explain SELECT DISTINCT c FROM sbtest4 WHERE id BETWEEN 8480413 AND 8490412 ORDER BY c
	Unique  (cost=35633.34..35684.21 rows=10174 width=121)
	  ->  Sort  (cost=35633.34..35658.77 rows=10174 width=121)
	        Sort Key: c
	        ->  Bitmap Heap Scan on sbtest4  (cost=216.72..34956.12 rows=10174 width=121)
	              Recheck Cond: ((id >= 8480413) AND (id <= 8490412))
	              ->  Bitmap Index Scan on sbtest4_pkey  (cost=0.00..214.18 rows=10174 width=0)
	                    Index Cond: ((id >= 8480413) AND (id <= 8490412))

table 5 : explain SELECT DISTINCT c FROM sbtest5 WHERE id BETWEEN 9997363 AND 10007362 ORDER BY c
	Unique  (cost=9738.50..9751.29 rows=2559 width=121)
	  ->  Sort  (cost=9738.50..9744.90 rows=2559 width=121)
	        Sort Key: c
	        ->  Bitmap Heap Scan on sbtest5  (cost=58.66..9593.64 rows=2559 width=121)
	              Recheck Cond: ((id >= 9997363) AND (id <= 10007362))
	              ->  Bitmap Index Scan on sbtest5_pkey  (cost=0.00..58.03 rows=2559 width=0)
	                    Index Cond: ((id >= 9997363) AND (id <= 10007362))

table 6 : explain SELECT DISTINCT c FROM sbtest6 WHERE id BETWEEN 6775001 AND 6785000 ORDER BY c
	Unique  (cost=34727.50..34776.94 rows=9888 width=121)
	  ->  Sort  (cost=34727.50..34752.22 rows=9888 width=121)
	        Sort Key: c
	        ->  Bitmap Heap Scan on sbtest6  (cost=213.79..34071.36 rows=9888 width=121)
	              Recheck Cond: ((id >= 6775001) AND (id <= 6785000))
	              ->  Bitmap Index Scan on sbtest6_pkey  (cost=0.00..211.31 rows=9888 width=0)
	                    Index Cond: ((id >= 6775001) AND (id <= 6785000))

table 7 : explain SELECT DISTINCT c FROM sbtest7 WHERE id BETWEEN 6241540 AND 6251539 ORDER BY c
	Unique  (cost=35849.76..35900.89 rows=10227 width=121)
	  ->  Sort  (cost=35849.76..35875.32 rows=10227 width=121)
	        Sort Key: c
	        ->  Bitmap Heap Scan on sbtest7  (cost=221.26..35168.63 rows=10227 width=121)
	              Recheck Cond: ((id >= 6241540) AND (id <= 6251539))
	              ->  Bitmap Index Scan on sbtest7_pkey  (cost=0.00..218.70 rows=10227 width=0)
	                    Index Cond: ((id >= 6241540) AND (id <= 6251539))

table 8 : explain SELECT DISTINCT c FROM sbtest8 WHERE id BETWEEN 8576227 AND 8586226 ORDER BY c
	Unique  (cost=33303.15..33350.32 rows=9434 width=121)
	  ->  Sort  (cost=33303.15..33326.74 rows=9434 width=121)
	        Sort Key: c
	        ->  Bitmap Heap Scan on sbtest8  (cost=209.13..32680.34 rows=9434 width=121)
	              Recheck Cond: ((id >= 8576227) AND (id <= 8586226))
	              ->  Bitmap Index Scan on sbtest8_pkey  (cost=0.00..206.78 rows=9434 width=0)
	                    Index Cond: ((id >= 8576227) AND (id <= 8586226))

for: simple_ranges
table 1 : explain SELECT c FROM sbtest1 WHERE id BETWEEN 1976926 AND 1986925
	Bitmap Heap Scan on sbtest1  (cost=206.40..32949.36 rows=9558 width=121)
	  Recheck Cond: ((id >= 1976926) AND (id <= 1986925))
	  ->  Bitmap Index Scan on sbtest1_pkey  (cost=0.00..204.01 rows=9558 width=0)
	        Index Cond: ((id >= 1976926) AND (id <= 1986925))

table 2 : explain SELECT c FROM sbtest2 WHERE id BETWEEN 4341908 AND 4351907
	Bitmap Heap Scan on sbtest2  (cost=213.61..33970.87 rows=9871 width=121)
	  Recheck Cond: ((id >= 4341908) AND (id <= 4351907))
	  ->  Bitmap Index Scan on sbtest2_pkey  (cost=0.00..211.15 rows=9871 width=0)
	        Index Cond: ((id >= 4341908) AND (id <= 4351907))

table 3 : explain SELECT c FROM sbtest3 WHERE id BETWEEN 4837698 AND 4847697
	Bitmap Heap Scan on sbtest3  (cost=207.91..33450.47 rows=9705 width=121)
	  Recheck Cond: ((id >= 4837698) AND (id <= 4847697))
	  ->  Bitmap Index Scan on sbtest3_pkey  (cost=0.00..205.49 rows=9705 width=0)
	        Index Cond: ((id >= 4837698) AND (id <= 4847697))

table 4 : explain SELECT c FROM sbtest4 WHERE id BETWEEN 316991 AND 326990
	Bitmap Heap Scan on sbtest4  (cost=214.75..34361.46 rows=9982 width=121)
	  Recheck Cond: ((id >= 316991) AND (id <= 326990))
	  ->  Bitmap Index Scan on sbtest4_pkey  (cost=0.00..212.25 rows=9982 width=0)
	        Index Cond: ((id >= 316991) AND (id <= 326990))

table 5 : explain SELECT c FROM sbtest5 WHERE id BETWEEN 2229268 AND 2239267
	Bitmap Heap Scan on sbtest5  (cost=216.14..34783.47 rows=10118 width=121)
	  Recheck Cond: ((id >= 2229268) AND (id <= 2239267))
	  ->  Bitmap Index Scan on sbtest5_pkey  (cost=0.00..213.62 rows=10118 width=0)
	        Index Cond: ((id >= 2229268) AND (id <= 2239267))

table 6 : explain SELECT c FROM sbtest6 WHERE id BETWEEN 2565478 AND 2575477
	Bitmap Heap Scan on sbtest6  (cost=215.43..34570.31 rows=10048 width=121)
	  Recheck Cond: ((id >= 2565478) AND (id <= 2575477))
	  ->  Bitmap Index Scan on sbtest6_pkey  (cost=0.00..212.92 rows=10048 width=0)
	        Index Cond: ((id >= 2565478) AND (id <= 2575477))

table 7 : explain SELECT c FROM sbtest7 WHERE id BETWEEN 9729808 AND 9739807
	Bitmap Heap Scan on sbtest7  (cost=226.68..35599.69 rows=10365 width=121)
	  Recheck Cond: ((id >= 9729808) AND (id <= 9739807))
	  ->  Bitmap Index Scan on sbtest7_pkey  (cost=0.00..224.09 rows=10365 width=0)
	        Index Cond: ((id >= 9729808) AND (id <= 9739807))

table 8 : explain SELECT c FROM sbtest8 WHERE id BETWEEN 5512957 AND 5522956
	Bitmap Heap Scan on sbtest8  (cost=232.29..36089.67 rows=10522 width=121)
	  Recheck Cond: ((id >= 5512957) AND (id <= 5522956))
	  ->  Bitmap Index Scan on sbtest8_pkey  (cost=0.00..229.66 rows=10522 width=0)
	        Index Cond: ((id >= 5512957) AND (id <= 5522956))

for: simple_ranges
table 1 : explain SELECT c FROM sbtest1 WHERE id BETWEEN 7362952 AND 7372951
	Bitmap Heap Scan on sbtest1  (cost=213.38..33857.70 rows=9848 width=121)
	  Recheck Cond: ((id >= 7362952) AND (id <= 7372951))
	  ->  Bitmap Index Scan on sbtest1_pkey  (cost=0.00..210.92 rows=9848 width=0)
	        Index Cond: ((id >= 7362952) AND (id <= 7372951))

table 2 : explain SELECT c FROM sbtest2 WHERE id BETWEEN 3007825 AND 3017824
	Bitmap Heap Scan on sbtest2  (cost=245.88..38867.70 rows=11458 width=121)
	  Recheck Cond: ((id >= 3007825) AND (id <= 3017824))
	  ->  Bitmap Index Scan on sbtest2_pkey  (cost=0.00..243.01 rows=11458 width=0)
	        Index Cond: ((id >= 3007825) AND (id <= 3017824))

table 3 : explain SELECT c FROM sbtest3 WHERE id BETWEEN 4808787 AND 4818786
	Bitmap Heap Scan on sbtest3  (cost=207.91..33450.47 rows=9705 width=121)
	  Recheck Cond: ((id >= 4808787) AND (id <= 4818786))
	  ->  Bitmap Index Scan on sbtest3_pkey  (cost=0.00..205.49 rows=9705 width=0)
	        Index Cond: ((id >= 4808787) AND (id <= 4818786))

table 4 : explain SELECT c FROM sbtest4 WHERE id BETWEEN 7582074 AND 7592073
	Bitmap Heap Scan on sbtest4  (cost=201.16..32648.56 rows=9437 width=121)
	  Recheck Cond: ((id >= 7582074) AND (id <= 7592073))
	  ->  Bitmap Index Scan on sbtest4_pkey  (cost=0.00..198.81 rows=9437 width=0)
	        Index Cond: ((id >= 7582074) AND (id <= 7592073))

table 5 : explain SELECT c FROM sbtest5 WHERE id BETWEEN 6994873 AND 7004872
	Bitmap Heap Scan on sbtest5  (cost=208.11..33552.40 rows=9724 width=121)
	  Recheck Cond: ((id >= 6994873) AND (id <= 7004872))
	  ->  Bitmap Index Scan on sbtest5_pkey  (cost=0.00..205.68 rows=9724 width=0)
	        Index Cond: ((id >= 6994873) AND (id <= 7004872))

table 6 : explain SELECT c FROM sbtest6 WHERE id BETWEEN 5745426 AND 5755425
	Bitmap Heap Scan on sbtest6  (cost=205.62..32791.35 rows=9481 width=121)
	  Recheck Cond: ((id >= 5745426) AND (id <= 5755425))
	  ->  Bitmap Index Scan on sbtest6_pkey  (cost=0.00..203.25 rows=9481 width=0)
	        Index Cond: ((id >= 5745426) AND (id <= 5755425))

table 7 : explain SELECT c FROM sbtest7 WHERE id BETWEEN 9635627 AND 9645626
	Bitmap Heap Scan on sbtest7  (cost=228.00..36000.40 rows=10494 width=121)
	  Recheck Cond: ((id >= 9635627) AND (id <= 9645626))
	  ->  Bitmap Index Scan on sbtest7_pkey  (cost=0.00..225.38 rows=10494 width=0)
	        Index Cond: ((id >= 9635627) AND (id <= 9645626))

table 8 : explain SELECT c FROM sbtest8 WHERE id BETWEEN 5703306 AND 5713305
	Bitmap Heap Scan on sbtest8  (cost=234.34..36706.92 rows=10722 width=121)
	  Recheck Cond: ((id >= 5703306) AND (id <= 5713305))
	  ->  Bitmap Index Scan on sbtest8_pkey  (cost=0.00..231.66 rows=10722 width=0)
	        Index Cond: ((id >= 5703306) AND (id <= 5713305))

for point_selects
table 1 : explain SELECT c FROM sbtest1 WHERE id=78265
	Index Scan using sbtest1_pkey on sbtest1  (cost=0.43..8.45 rows=1 width=121)
	  Index Cond: (id = 78265)

table 2 : explain SELECT c FROM sbtest2 WHERE id=2568403
	Index Scan using sbtest2_pkey on sbtest2  (cost=0.43..8.45 rows=1 width=121)
	  Index Cond: (id = 2568403)

table 3 : explain SELECT c FROM sbtest3 WHERE id=7472841
	Index Scan using sbtest3_pkey on sbtest3  (cost=0.43..8.45 rows=1 width=121)
	  Index Cond: (id = 7472841)

table 4 : explain SELECT c FROM sbtest4 WHERE id=7728280
	Index Scan using sbtest4_pkey on sbtest4  (cost=0.43..8.45 rows=1 width=121)
	  Index Cond: (id = 7728280)

table 5 : explain SELECT c FROM sbtest5 WHERE id=680659
	Index Scan using sbtest5_pkey on sbtest5  (cost=0.43..8.45 rows=1 width=121)
	  Index Cond: (id = 680659)

table 6 : explain SELECT c FROM sbtest6 WHERE id=3850439
	Index Scan using sbtest6_pkey on sbtest6  (cost=0.43..8.45 rows=1 width=121)
	  Index Cond: (id = 3850439)

table 7 : explain SELECT c FROM sbtest7 WHERE id=8982800
	Index Scan using sbtest7_pkey on sbtest7  (cost=0.43..8.45 rows=1 width=121)
	  Index Cond: (id = 8982800)

table 8 : explain SELECT c FROM sbtest8 WHERE id=54198
	Index Scan using sbtest8_pkey on sbtest8  (cost=0.43..8.45 rows=1 width=121)
	  Index Cond: (id = 54198)

for: order_ranges
table 1 : explain SELECT c FROM sbtest1 WHERE id BETWEEN 5284601 AND 5294600 ORDER BY c
	Sort  (cost=30672.34..30693.98 rows=8658 width=121)
	  Sort Key: c
	  ->  Bitmap Heap Scan on sbtest1  (cost=185.18..30106.11 rows=8658 width=121)
	        Recheck Cond: ((id >= 5284601) AND (id <= 5294600))
	        ->  Bitmap Index Scan on sbtest1_pkey  (cost=0.00..183.01 rows=8658 width=0)
	              Index Cond: ((id >= 5284601) AND (id <= 5294600))

table 2 : explain SELECT c FROM sbtest2 WHERE id BETWEEN 5230003 AND 5240002 ORDER BY c
	Sort  (cost=35181.73..35206.85 rows=10046 width=121)
	  Sort Key: c
	  ->  Bitmap Heap Scan on sbtest2  (cost=215.41..34513.96 rows=10046 width=121)
	        Recheck Cond: ((id >= 5230003) AND (id <= 5240002))
	        ->  Bitmap Index Scan on sbtest2_pkey  (cost=0.00..212.90 rows=10046 width=0)
	              Index Cond: ((id >= 5230003) AND (id <= 5240002))

table 3 : explain SELECT c FROM sbtest3 WHERE id BETWEEN 8922638 AND 8932637 ORDER BY c
	Sort  (cost=31098.48..31120.43 rows=8777 width=121)
	  Sort Key: c
	  ->  Bitmap Heap Scan on sbtest3  (cost=190.40..30523.61 rows=8777 width=121)
	        Recheck Cond: ((id >= 8922638) AND (id <= 8932637))
	        ->  Bitmap Index Scan on sbtest3_pkey  (cost=0.00..188.20 rows=8777 width=0)
	              Index Cond: ((id >= 8922638) AND (id <= 8932637))

table 4 : explain SELECT c FROM sbtest4 WHERE id BETWEEN 3484955 AND 3494954 ORDER BY c
	Sort  (cost=33851.93..33875.97 rows=9617 width=121)
	  Sort Key: c
	  ->  Bitmap Heap Scan on sbtest4  (cost=207.01..33215.70 rows=9617 width=121)
	        Recheck Cond: ((id >= 3484955) AND (id <= 3494954))
	        ->  Bitmap Index Scan on sbtest4_pkey  (cost=0.00..204.61 rows=9617 width=0)
	              Index Cond: ((id >= 3484955) AND (id <= 3494954))

table 5 : explain SELECT c FROM sbtest5 WHERE id BETWEEN 5072883 AND 5082882 ORDER BY c
	Sort  (cost=36756.58..36782.90 rows=10526 width=121)
	  Sort Key: c
	  ->  Bitmap Heap Scan on sbtest5  (cost=224.33..36053.36 rows=10526 width=121)
	        Recheck Cond: ((id >= 5072883) AND (id <= 5082882))
	        ->  Bitmap Index Scan on sbtest5_pkey  (cost=0.00..221.69 rows=10526 width=0)
	              Index Cond: ((id >= 5072883) AND (id <= 5082882))

table 6 : explain SELECT c FROM sbtest6 WHERE id BETWEEN 9841369 AND 9851368 ORDER BY c
	Sort  (cost=37854.25..37881.43 rows=10872 width=121)
	  Sort Key: c
	  ->  Bitmap Heap Scan on sbtest6  (cost=231.87..37125.38 rows=10872 width=121)
	        Recheck Cond: ((id >= 9841369) AND (id <= 9851368))
	        ->  Bitmap Index Scan on sbtest6_pkey  (cost=0.00..229.16 rows=10872 width=0)
	              Index Cond: ((id >= 9841369) AND (id <= 9851368))

table 7 : explain SELECT c FROM sbtest7 WHERE id BETWEEN 4114707 AND 4124706 ORDER BY c
	Sort  (cost=33681.73..33705.61 rows=9552 width=121)
	  Sort Key: c
	  ->  Bitmap Heap Scan on sbtest7  (cost=206.34..33050.27 rows=9552 width=121)
	        Recheck Cond: ((id >= 4114707) AND (id <= 4124706))
	        ->  Bitmap Index Scan on sbtest7_pkey  (cost=0.00..203.95 rows=9552 width=0)
	              Index Cond: ((id >= 4114707) AND (id <= 4124706))

table 8 : explain SELECT c FROM sbtest8 WHERE id BETWEEN 5992079 AND 6002078 ORDER BY c
	Sort  (cost=35186.65..35211.70 rows=10020 width=121)
	  Sort Key: c
	  ->  Bitmap Heap Scan on sbtest8  (cost=219.14..34520.79 rows=10020 width=121)
	        Recheck Cond: ((id >= 5992079) AND (id <= 6002078))
	        ->  Bitmap Index Scan on sbtest8_pkey  (cost=0.00..216.63 rows=10020 width=0)
	              Index Cond: ((id >= 5992079) AND (id <= 6002078))

for: distinct_ranges
table 1 : explain SELECT DISTINCT c FROM sbtest1 WHERE id BETWEEN 8965286 AND 8975285 ORDER BY c
	Unique  (cost=37628.03..37682.20 rows=10833 width=121)
	  ->  Sort  (cost=37628.03..37655.11 rows=10833 width=121)
	        Sort Key: c
	        ->  Bitmap Heap Scan on sbtest1  (cost=231.47..36902.05 rows=10833 width=121)
	              Recheck Cond: ((id >= 8965286) AND (id <= 8975285))
	              ->  Bitmap Index Scan on sbtest1_pkey  (cost=0.00..228.76 rows=10833 width=0)
	                    Index Cond: ((id >= 8965286) AND (id <= 8975285))

table 2 : explain SELECT DISTINCT c FROM sbtest2 WHERE id BETWEEN 2031582 AND 2041581 ORDER BY c
	Unique  (cost=34655.37..34704.77 rows=9880 width=121)
	  ->  Sort  (cost=34655.37..34680.07 rows=9880 width=121)
	        Sort Key: c
	        ->  Bitmap Heap Scan on sbtest2  (cost=213.71..33999.82 rows=9880 width=121)
	              Recheck Cond: ((id >= 2031582) AND (id <= 2041581))
	              ->  Bitmap Index Scan on sbtest2_pkey  (cost=0.00..211.24 rows=9880 width=0)
	                    Index Cond: ((id >= 2031582) AND (id <= 2041581))

table 3 : explain SELECT DISTINCT c FROM sbtest3 WHERE id BETWEEN 7661540 AND 7671539 ORDER BY c
	Unique  (cost=37349.05..37402.69 rows=10728 width=121)
	  ->  Sort  (cost=37349.05..37375.87 rows=10728 width=121)
	        Sort Key: c
	        ->  Bitmap Heap Scan on sbtest3  (cost=230.40..36630.86 rows=10728 width=121)
	              Recheck Cond: ((id >= 7661540) AND (id <= 7671539))
	              ->  Bitmap Index Scan on sbtest3_pkey  (cost=0.00..227.72 rows=10728 width=0)
	                    Index Cond: ((id >= 7661540) AND (id <= 7671539))

table 4 : explain SELECT DISTINCT c FROM sbtest4 WHERE id BETWEEN 4905642 AND 4915641 ORDER BY c
	Unique  (cost=34810.34..34859.91 rows=9915 width=121)
	  ->  Sort  (cost=34810.34..34835.12 rows=9915 width=121)
	        Sort Key: c
	        ->  Bitmap Heap Scan on sbtest4  (cost=214.06..34152.21 rows=9915 width=121)
	              Recheck Cond: ((id >= 4905642) AND (id <= 4915641))
	              ->  Bitmap Index Scan on sbtest4_pkey  (cost=0.00..211.59 rows=9915 width=0)
	                    Index Cond: ((id >= 4905642) AND (id <= 4915641))

table 5 : explain SELECT DISTINCT c FROM sbtest5 WHERE id BETWEEN 6796146 AND 6806145 ORDER BY c
	Unique  (cost=35170.25..35220.39 rows=10028 width=121)
	  ->  Sort  (cost=35170.25..35195.32 rows=10028 width=121)
	        Sort Key: c
	        ->  Bitmap Heap Scan on sbtest5  (cost=215.22..34503.80 rows=10028 width=121)
	              Recheck Cond: ((id >= 6796146) AND (id <= 6806145))
	              ->  Bitmap Index Scan on sbtest5_pkey  (cost=0.00..212.72 rows=10028 width=0)
	                    Index Cond: ((id >= 6796146) AND (id <= 6806145))

table 6 : explain SELECT DISTINCT c FROM sbtest6 WHERE id BETWEEN 9976361 AND 9986360 ORDER BY c
	Unique  (cost=34026.66..34075.01 rows=9670 width=121)
	  ->  Sort  (cost=34026.66..34050.84 rows=9670 width=121)
	        Sort Key: c
	        ->  Bitmap Heap Scan on sbtest6  (cost=207.55..33386.54 rows=9670 width=121)
	              Recheck Cond: ((id >= 9976361) AND (id <= 9986360))
	              ->  Bitmap Index Scan on sbtest6_pkey  (cost=0.00..205.13 rows=9670 width=0)
	                    Index Cond: ((id >= 9976361) AND (id <= 9986360))

table 7 : explain SELECT DISTINCT c FROM sbtest7 WHERE id BETWEEN 2885437 AND 2895436 ORDER BY c
	Unique  (cost=36793.08..36845.69 rows=10523 width=121)
	  ->  Sort  (cost=36793.08..36819.39 rows=10523 width=121)
	        Sort Key: c
	        ->  Bitmap Heap Scan on sbtest7  (cost=228.30..36090.08 rows=10523 width=121)
	              Recheck Cond: ((id >= 2885437) AND (id <= 2895436))
	              ->  Bitmap Index Scan on sbtest7_pkey  (cost=0.00..225.67 rows=10523 width=0)
	                    Index Cond: ((id >= 2885437) AND (id <= 2895436))

table 8 : explain SELECT DISTINCT c FROM sbtest8 WHERE id BETWEEN 2574798 AND 2584797 ORDER BY c
	Unique  (cost=35120.65..35170.65 rows=9999 width=121)
	  ->  Sort  (cost=35120.65..35145.65 rows=9999 width=121)
	        Sort Key: c
	        ->  Bitmap Heap Scan on sbtest8  (cost=218.92..34456.34 rows=9999 width=121)
	              Recheck Cond: ((id >= 2574798) AND (id <= 2584797))
	              ->  Bitmap Index Scan on sbtest8_pkey  (cost=0.00..216.43 rows=9999 width=0)
	                    Index Cond: ((id >= 2574798) AND (id <= 2584797))

for: order_ranges
table 1 : explain SELECT c FROM sbtest1 WHERE id BETWEEN 4090734 AND 4100733 ORDER BY c
	Sort  (cost=32515.84..32538.91 rows=9227 width=121)
	  Sort Key: c
	  ->  Bitmap Heap Scan on sbtest1  (cost=199.01..31908.17 rows=9227 width=121)
	        Recheck Cond: ((id >= 4090734) AND (id <= 4100733))
	        ->  Bitmap Index Scan on sbtest1_pkey  (cost=0.00..196.70 rows=9227 width=0)
	              Index Cond: ((id >= 4090734) AND (id <= 4100733))

table 2 : explain SELECT c FROM sbtest2 WHERE id BETWEEN 4000602 AND 4010601 ORDER BY c
	Sort  (cost=36392.26..36418.33 rows=10426 width=121)
	  Sort Key: c
	  ->  Bitmap Heap Scan on sbtest2  (cost=223.30..35696.44 rows=10426 width=121)
	        Recheck Cond: ((id >= 4000602) AND (id <= 4010601))
	        ->  Bitmap Index Scan on sbtest2_pkey  (cost=0.00..220.69 rows=10426 width=0)
	              Index Cond: ((id >= 4000602) AND (id <= 4010601))

table 3 : explain SELECT c FROM sbtest3 WHERE id BETWEEN 7155272 AND 7165271 ORDER BY c
	Sort  (cost=33226.44..33250.03 rows=9435 width=121)
	  Sort Key: c
	  ->  Bitmap Heap Scan on sbtest3  (cost=201.14..32603.55 rows=9435 width=121)
	        Recheck Cond: ((id >= 7155272) AND (id <= 7165271))
	        ->  Bitmap Index Scan on sbtest3_pkey  (cost=0.00..198.79 rows=9435 width=0)
	              Index Cond: ((id >= 7155272) AND (id <= 7165271))

table 4 : explain SELECT c FROM sbtest4 WHERE id BETWEEN 2901597 AND 2911596 ORDER BY c
	Sort  (cost=36962.61..36989.09 rows=10590 width=121)
	  Sort Key: c
	  ->  Bitmap Heap Scan on sbtest4  (cost=228.98..36254.65 rows=10590 width=121)
	        Recheck Cond: ((id >= 2901597) AND (id <= 2911596))
	        ->  Bitmap Index Scan on sbtest4_pkey  (cost=0.00..226.34 rows=10590 width=0)
	              Index Cond: ((id >= 2901597) AND (id <= 2911596))

table 5 : explain SELECT c FROM sbtest5 WHERE id BETWEEN 6701926 AND 6711925 ORDER BY c
	Sort  (cost=36005.92..36031.65 rows=10289 width=121)
	  Sort Key: c
	  ->  Bitmap Heap Scan on sbtest5  (cost=221.90..35320.22 rows=10289 width=121)
	        Recheck Cond: ((id >= 6701926) AND (id <= 6711925))
	        ->  Bitmap Index Scan on sbtest5_pkey  (cost=0.00..219.32 rows=10289 width=0)
	              Index Cond: ((id >= 6701926) AND (id <= 6711925))

table 6 : explain SELECT c FROM sbtest6 WHERE id BETWEEN 4186593 AND 4196592 ORDER BY c
	Sort  (cost=36073.89..36099.66 rows=10310 width=121)
	  Sort Key: c
	  ->  Bitmap Heap Scan on sbtest6  (cost=222.11..35386.64 rows=10310 width=121)
	        Recheck Cond: ((id >= 4186593) AND (id <= 4196592))
	        ->  Bitmap Index Scan on sbtest6_pkey  (cost=0.00..219.54 rows=10310 width=0)
	              Index Cond: ((id >= 4186593) AND (id <= 4196592))

table 7 : explain SELECT c FROM sbtest7 WHERE id BETWEEN 5051950 AND 5061949 ORDER BY c
	Sort  (cost=35048.46..35073.41 rows=9977 width=121)
	  Sort Key: c
	  ->  Bitmap Heap Scan on sbtest7  (cost=214.70..34385.77 rows=9977 width=121)
	        Recheck Cond: ((id >= 5051950) AND (id <= 5061949))
	        ->  Bitmap Index Scan on sbtest7_pkey  (cost=0.00..212.20 rows=9977 width=0)
	              Index Cond: ((id >= 5051950) AND (id <= 5061949))

table 8 : explain SELECT c FROM sbtest8 WHERE id BETWEEN 1041141 AND 1051140 ORDER BY c
	Sort  (cost=34750.95..34775.66 rows=9883 width=121)
	  Sort Key: c
	  ->  Bitmap Heap Scan on sbtest8  (cost=217.74..34095.18 rows=9883 width=121)
	        Recheck Cond: ((id >= 1041141) AND (id <= 1051140))
	        ->  Bitmap Index Scan on sbtest8_pkey  (cost=0.00..215.26 rows=9883 width=0)
	              Index Cond: ((id >= 1041141) AND (id <= 1051140))

explain: for point_selects :: explain SELECT c FROM sbtest%u WHERE id=%u
for: simple_ranges
table 1 : explain SELECT c FROM sbtest1 WHERE id BETWEEN 738994 AND 748993
	Bitmap Heap Scan on sbtest1  (cost=216.72..34867.54 rows=10174 width=121)
	  Recheck Cond: ((id >= 738994) AND (id <= 748993))
	  ->  Bitmap Index Scan on sbtest1_pkey  (cost=0.00..214.18 rows=10174 width=0)
	        Index Cond: ((id >= 738994) AND (id <= 748993))

table 2 : explain SELECT c FROM sbtest2 WHERE id BETWEEN 8766631 AND 8776630
	Bitmap Heap Scan on sbtest2  (cost=200.92..32530.42 rows=9413 width=121)
	  Recheck Cond: ((id >= 8766631) AND (id <= 8776630))
	  ->  Bitmap Index Scan on sbtest2_pkey  (cost=0.00..198.56 rows=9413 width=0)
	        Index Cond: ((id >= 8766631) AND (id <= 8776630))

table 3 : explain SELECT c FROM sbtest3 WHERE id BETWEEN 6555960 AND 6565959
	Bitmap Heap Scan on sbtest3  (cost=223.83..35858.44 rows=10478 width=121)
	  Recheck Cond: ((id >= 6555960) AND (id <= 6565959))
	  ->  Bitmap Index Scan on sbtest3_pkey  (cost=0.00..221.22 rows=10478 width=0)
	        Index Cond: ((id >= 6555960) AND (id <= 6565959))

table 4 : explain SELECT c FROM sbtest4 WHERE id BETWEEN 4594672 AND 4604671
	Bitmap Heap Scan on sbtest4  (cost=214.20..34190.87 rows=9928 width=121)
	  Recheck Cond: ((id >= 4594672) AND (id <= 4604671))
	  ->  Bitmap Index Scan on sbtest4_pkey  (cost=0.00..211.72 rows=9928 width=0)
	        Index Cond: ((id >= 4594672) AND (id <= 4604671))

table 5 : explain SELECT c FROM sbtest5 WHERE id BETWEEN 3458837 AND 3468836
	Bitmap Heap Scan on sbtest5  (cost=214.89..34404.08 rows=9996 width=121)
	  Recheck Cond: ((id >= 3458837) AND (id <= 3468836))
	  ->  Bitmap Index Scan on sbtest5_pkey  (cost=0.00..212.40 rows=9996 width=0)
	        Index Cond: ((id >= 3458837) AND (id <= 3468836))

table 6 : explain SELECT c FROM sbtest6 WHERE id BETWEEN 8125110 AND 8135109
	Bitmap Heap Scan on sbtest6  (cost=207.83..33470.54 rows=9697 width=121)
	  Recheck Cond: ((id >= 8125110) AND (id <= 8135109))
	  ->  Bitmap Index Scan on sbtest6_pkey  (cost=0.00..205.41 rows=9697 width=0)
	        Index Cond: ((id >= 8125110) AND (id <= 8135109))

table 7 : explain SELECT c FROM sbtest7 WHERE id BETWEEN 8908040 AND 8918039
	Bitmap Heap Scan on sbtest7  (cost=206.93..33228.43 rows=9609 width=121)
	  Recheck Cond: ((id >= 8908040) AND (id <= 8918039))
	  ->  Bitmap Index Scan on sbtest7_pkey  (cost=0.00..204.53 rows=9609 width=0)
	        Index Cond: ((id >= 8908040) AND (id <= 8918039))

table 8 : explain SELECT c FROM sbtest8 WHERE id BETWEEN 8294745 AND 8304744
	Bitmap Heap Scan on sbtest8  (cost=204.74..32559.47 rows=9396 width=121)
	  Recheck Cond: ((id >= 8294745) AND (id <= 8304744))
	  ->  Bitmap Index Scan on sbtest8_pkey  (cost=0.00..202.40 rows=9396 width=0)
	        Index Cond: ((id >= 8294745) AND (id <= 8304744))

for: sum_ranges
table 1 : explain SELECT SUM(k) FROM sbtest1 WHERE id BETWEEN 7130806 AND 7140805
	Aggregate  (cost=37011.70..37011.71 rows=1 width=8)
	  ->  Bitmap Heap Scan on sbtest1  (cost=231.75..36984.55 rows=10860 width=4)
	        Recheck Cond: ((id >= 7130806) AND (id <= 7140805))
	        ->  Bitmap Index Scan on sbtest1_pkey  (cost=0.00..229.04 rows=10860 width=0)
	              Index Cond: ((id >= 7130806) AND (id <= 7140805))

table 2 : explain SELECT SUM(k) FROM sbtest2 WHERE id BETWEEN 2313808 AND 2323807
	Aggregate  (cost=32842.76..32842.77 rows=1 width=8)
	  ->  Bitmap Heap Scan on sbtest2  (cost=205.85..32819.00 rows=9504 width=4)
	        Recheck Cond: ((id >= 2313808) AND (id <= 2323807))
	        ->  Bitmap Index Scan on sbtest2_pkey  (cost=0.00..203.48 rows=9504 width=0)
	              Index Cond: ((id >= 2313808) AND (id <= 2323807))

table 3 : explain SELECT SUM(k) FROM sbtest3 WHERE id BETWEEN 3257621 AND 3267620
	Aggregate  (cost=36114.65..36114.66 rows=1 width=8)
	  ->  Bitmap Heap Scan on sbtest3  (cost=224.60..36088.26 rows=10553 width=4)
	        Recheck Cond: ((id >= 3257621) AND (id <= 3267620))
	        ->  Bitmap Index Scan on sbtest3_pkey  (cost=0.00..221.97 rows=10553 width=0)
	              Index Cond: ((id >= 3257621) AND (id <= 3267620))

table 4 : explain SELECT SUM(k) FROM sbtest4 WHERE id BETWEEN 6697472 AND 6707471
	Aggregate  (cost=30685.51..30685.52 rows=1 width=8)
	  ->  Bitmap Heap Scan on sbtest4  (cost=190.74..30663.48 rows=8810 width=4)
	        Recheck Cond: ((id >= 6697472) AND (id <= 6707471))
	        ->  Bitmap Index Scan on sbtest4_pkey  (cost=0.00..188.54 rows=8810 width=0)
	              Index Cond: ((id >= 6697472) AND (id <= 6707471))

table 5 : explain SELECT SUM(k) FROM sbtest5 WHERE id BETWEEN 3541182 AND 3551181
	Aggregate  (cost=31704.65..31704.66 rows=1 width=8)
	  ->  Bitmap Heap Scan on sbtest5  (cost=198.02..31681.82 rows=9130 width=4)
	        Recheck Cond: ((id >= 3541182) AND (id <= 3551181))
	        ->  Bitmap Index Scan on sbtest5_pkey  (cost=0.00..195.74 rows=9130 width=0)
	              Index Cond: ((id >= 3541182) AND (id <= 3551181))

table 6 : explain SELECT SUM(k) FROM sbtest6 WHERE id BETWEEN 9629432 AND 9639431
	Aggregate  (cost=33649.90..33649.91 rows=1 width=8)
	  ->  Bitmap Heap Scan on sbtest6  (cost=208.34..33625.54 rows=9747 width=4)
	        Recheck Cond: ((id >= 9629432) AND (id <= 9639431))
	        ->  Bitmap Index Scan on sbtest6_pkey  (cost=0.00..205.91 rows=9747 width=0)
	              Index Cond: ((id >= 9629432) AND (id <= 9639431))

table 7 : explain SELECT SUM(k) FROM sbtest7 WHERE id BETWEEN 7547423 AND 7557422
	Aggregate  (cost=34146.07..34146.08 rows=1 width=8)
	  ->  Bitmap Heap Scan on sbtest7  (cost=213.84..34121.34 rows=9893 width=4)
	        Recheck Cond: ((id >= 7547423) AND (id <= 7557422))
	        ->  Bitmap Index Scan on sbtest7_pkey  (cost=0.00..211.37 rows=9893 width=0)
	              Index Cond: ((id >= 7547423) AND (id <= 7557422))

table 8 : explain SELECT SUM(k) FROM sbtest8 WHERE id BETWEEN 3793447 AND 3803446
	Aggregate  (cost=32582.96..32582.97 rows=1 width=8)
	  ->  Bitmap Heap Scan on sbtest8  (cost=204.74..32559.47 rows=9396 width=4)
	        Recheck Cond: ((id >= 3793447) AND (id <= 3803446))
	        ->  Bitmap Index Scan on sbtest8_pkey  (cost=0.00..202.40 rows=9396 width=0)
	              Index Cond: ((id >= 3793447) AND (id <= 3803446))

for: distinct_ranges
table 1 : explain SELECT DISTINCT c FROM sbtest1 WHERE id BETWEEN 9627790 AND 9637789 ORDER BY c
	Unique  (cost=33970.38..34018.78 rows=9680 width=121)
	  ->  Sort  (cost=33970.38..33994.58 rows=9680 width=121)
	        Sort Key: c
	        ->  Bitmap Heap Scan on sbtest1  (cost=207.66..33329.53 rows=9680 width=121)
	              Recheck Cond: ((id >= 9627790) AND (id <= 9637789))
	              ->  Bitmap Index Scan on sbtest1_pkey  (cost=0.00..205.24 rows=9680 width=0)
	                    Index Cond: ((id >= 9627790) AND (id <= 9637789))

table 2 : explain SELECT DISTINCT c FROM sbtest2 WHERE id BETWEEN 5190016 AND 5200015 ORDER BY c
	Unique  (cost=35181.73..35231.96 rows=10046 width=121)
	  ->  Sort  (cost=35181.73..35206.85 rows=10046 width=121)
	        Sort Key: c
	        ->  Bitmap Heap Scan on sbtest2  (cost=215.41..34513.96 rows=10046 width=121)
	              Recheck Cond: ((id >= 5190016) AND (id <= 5200015))
	              ->  Bitmap Index Scan on sbtest2_pkey  (cost=0.00..212.90 rows=10046 width=0)
	                    Index Cond: ((id >= 5190016) AND (id <= 5200015))

table 3 : explain SELECT DISTINCT c FROM sbtest3 WHERE id BETWEEN 6190673 AND 6200672 ORDER BY c
	Unique  (cost=34624.58..34673.93 rows=9870 width=121)
	  ->  Sort  (cost=34624.58..34649.26 rows=9870 width=121)
	        Sort Key: c
	        ->  Bitmap Heap Scan on sbtest3  (cost=213.60..33969.77 rows=9870 width=121)
	              Recheck Cond: ((id >= 6190673) AND (id <= 6200672))
	              ->  Bitmap Index Scan on sbtest3_pkey  (cost=0.00..211.13 rows=9870 width=0)
	                    Index Cond: ((id >= 6190673) AND (id <= 6200672))

table 4 : explain SELECT DISTINCT c FROM sbtest4 WHERE id BETWEEN 4430236 AND 4440235 ORDER BY c
	Unique  (cost=32800.41..32846.87 rows=9291 width=121)
	  ->  Sort  (cost=32800.41..32823.64 rows=9291 width=121)
	        Sort Key: c
	        ->  Bitmap Heap Scan on sbtest4  (cost=199.67..32188.06 rows=9291 width=121)
	              Recheck Cond: ((id >= 4430236) AND (id <= 4440235))
	              ->  Bitmap Index Scan on sbtest4_pkey  (cost=0.00..197.34 rows=9291 width=0)
	                    Index Cond: ((id >= 4430236) AND (id <= 4440235))

table 5 : explain SELECT DISTINCT c FROM sbtest5 WHERE id BETWEEN 9228487 AND 9238486 ORDER BY c
	Unique  (cost=38864.67..38920.64 rows=11193 width=121)
	  ->  Sort  (cost=38864.67..38892.66 rows=11193 width=121)
	        Sort Key: c
	        ->  Bitmap Heap Scan on sbtest5  (cost=239.16..38111.93 rows=11193 width=121)
	              Recheck Cond: ((id >= 9228487) AND (id <= 9238486))
	              ->  Bitmap Index Scan on sbtest5_pkey  (cost=0.00..236.37 rows=11193 width=0)
	                    Index Cond: ((id >= 9228487) AND (id <= 9238486))

table 6 : explain SELECT DISTINCT c FROM sbtest6 WHERE id BETWEEN 9207813 AND 9217812 ORDER BY c
	Unique  (cost=34602.16..34651.41 rows=9849 width=121)
	  ->  Sort  (cost=34602.16..34626.79 rows=9849 width=121)
	        Sort Key: c
	        ->  Bitmap Heap Scan on sbtest6  (cost=213.39..33948.89 rows=9849 width=121)
	              Recheck Cond: ((id >= 9207813) AND (id <= 9217812))
	              ->  Bitmap Index Scan on sbtest6_pkey  (cost=0.00..210.93 rows=9849 width=0)
	                    Index Cond: ((id >= 9207813) AND (id <= 9217812))

table 7 : explain SELECT DISTINCT c FROM sbtest7 WHERE id BETWEEN 4420808 AND 4430807 ORDER BY c
	Unique  (cost=41533.03..41593.18 rows=12030 width=121)
	  ->  Sort  (cost=41533.03..41563.10 rows=12030 width=121)
	        Sort Key: c
	        ->  Bitmap Heap Scan on sbtest7  (cost=259.74..40717.73 rows=12030 width=121)
	              Recheck Cond: ((id >= 4420808) AND (id <= 4430807))
	              ->  Bitmap Index Scan on sbtest7_pkey  (cost=0.00..256.74 rows=12030 width=0)
	                    Index Cond: ((id >= 4420808) AND (id <= 4430807))

table 8 : explain SELECT DISTINCT c FROM sbtest8 WHERE id BETWEEN 724990 AND 734989 ORDER BY c
	Unique  (cost=35262.41..35312.62 rows=10043 width=121)
	  ->  Sort  (cost=35262.41..35287.51 rows=10043 width=121)
	        Sort Key: c
	        ->  Bitmap Heap Scan on sbtest8  (cost=219.38..34594.85 rows=10043 width=121)
	              Recheck Cond: ((id >= 724990) AND (id <= 734989))
	              ->  Bitmap Index Scan on sbtest8_pkey  (cost=0.00..216.87 rows=10043 width=0)
	                    Index Cond: ((id >= 724990) AND (id <= 734989))

for: sum_ranges
table 1 : explain SELECT SUM(k) FROM sbtest1 WHERE id BETWEEN 4210739 AND 4220738
	Aggregate  (cost=34360.91..34360.92 rows=1 width=8)
	  ->  Bitmap Heap Scan on sbtest1  (cost=214.97..34335.90 rows=10003 width=4)
	        Recheck Cond: ((id >= 4210739) AND (id <= 4220738))
	        ->  Bitmap Index Scan on sbtest1_pkey  (cost=0.00..212.47 rows=10003 width=0)
	              Index Cond: ((id >= 4210739) AND (id <= 4220738))

table 2 : explain SELECT SUM(k) FROM sbtest2 WHERE id BETWEEN 3206198 AND 3216197
	Aggregate  (cost=34805.58..34805.59 rows=1 width=8)
	  ->  Bitmap Heap Scan on sbtest2  (cost=216.29..34780.25 rows=10132 width=4)
	        Recheck Cond: ((id >= 3206198) AND (id <= 3216197))
	        ->  Bitmap Index Scan on sbtest2_pkey  (cost=0.00..213.75 rows=10132 width=0)
	              Index Cond: ((id >= 3206198) AND (id <= 3216197))

table 3 : explain SELECT SUM(k) FROM sbtest3 WHERE id BETWEEN 7039438 AND 7049437
	Aggregate  (cost=34695.39..34695.40 rows=1 width=8)
	  ->  Bitmap Heap Scan on sbtest3  (cost=215.91..34670.15 rows=10095 width=4)
	        Recheck Cond: ((id >= 7039438) AND (id <= 7049437))
	        ->  Bitmap Index Scan on sbtest3_pkey  (cost=0.00..213.38 rows=10095 width=0)
	              Index Cond: ((id >= 7039438) AND (id <= 7049437))

table 4 : explain SELECT SUM(k) FROM sbtest4 WHERE id BETWEEN 4740077 AND 4750076
	Aggregate  (cost=32958.11..32958.12 rows=1 width=8)
	  ->  Bitmap Heap Scan on sbtest4  (cost=206.09..32934.29 rows=9527 width=4)
	        Recheck Cond: ((id >= 4740077) AND (id <= 4750076))
	        ->  Bitmap Index Scan on sbtest4_pkey  (cost=0.00..203.70 rows=9527 width=0)
	              Index Cond: ((id >= 4740077) AND (id <= 4750076))

table 5 : explain SELECT SUM(k) FROM sbtest5 WHERE id BETWEEN 7275086 AND 7285085
	Aggregate  (cost=33440.98..33440.99 rows=1 width=8)
	  ->  Bitmap Heap Scan on sbtest5  (cost=207.67..33416.78 rows=9681 width=4)
	        Recheck Cond: ((id >= 7275086) AND (id <= 7285085))
	        ->  Bitmap Index Scan on sbtest5_pkey  (cost=0.00..205.25 rows=9681 width=0)
	              Index Cond: ((id >= 7275086) AND (id <= 7285085))

table 6 : explain SELECT SUM(k) FROM sbtest6 WHERE id BETWEEN 8452232 AND 8462231
	Aggregate  (cost=34150.91..34150.92 rows=1 width=8)
	  ->  Bitmap Heap Scan on sbtest6  (cost=213.97..34126.14 rows=9906 width=4)
	        Recheck Cond: ((id >= 8452232) AND (id <= 8462231))
	        ->  Bitmap Index Scan on sbtest6_pkey  (cost=0.00..211.50 rows=9906 width=0)
	              Index Cond: ((id >= 8452232) AND (id <= 8462231))

table 7 : explain SELECT SUM(k) FROM sbtest7 WHERE id BETWEEN 9949079 AND 9959078
	Aggregate  (cost=34543.74..34543.75 rows=1 width=8)
	  ->  Bitmap Heap Scan on sbtest7  (cost=219.13..34518.69 rows=10019 width=4)
	        Recheck Cond: ((id >= 9949079) AND (id <= 9959078))
	        ->  Bitmap Index Scan on sbtest7_pkey  (cost=0.00..216.62 rows=10019 width=0)
	              Index Cond: ((id >= 9949079) AND (id <= 9959078))

table 8 : explain SELECT SUM(k) FROM sbtest8 WHERE id BETWEEN 2720269 AND 2730268
	Aggregate  (cost=36320.98..36320.99 rows=1 width=8)
	  ->  Bitmap Heap Scan on sbtest8  (cost=232.96..36294.51 rows=10588 width=4)
	        Recheck Cond: ((id >= 2720269) AND (id <= 2730268))
	        ->  Bitmap Index Scan on sbtest8_pkey  (cost=0.00..230.31 rows=10588 width=0)
	              Index Cond: ((id >= 2720269) AND (id <= 2730268))

for: distinct_ranges
table 1 : explain SELECT DISTINCT c FROM sbtest1 WHERE id BETWEEN 5202892 AND 5212891 ORDER BY c
	Unique  (cost=32107.28..32152.78 rows=9101 width=121)
	  ->  Sort  (cost=32107.28..32130.03 rows=9101 width=121)
	        Sort Key: c
	        ->  Bitmap Heap Scan on sbtest1  (cost=193.72..31508.80 rows=9101 width=121)
	              Recheck Cond: ((id >= 5202892) AND (id <= 5212891))
	              ->  Bitmap Index Scan on sbtest1_pkey  (cost=0.00..191.44 rows=9101 width=0)
	                    Index Cond: ((id >= 5202892) AND (id <= 5212891))

table 2 : explain SELECT DISTINCT c FROM sbtest2 WHERE id BETWEEN 695524 AND 705523 ORDER BY c
	Unique  (cost=35608.55..35659.45 rows=10180 width=121)
	  ->  Sort  (cost=35608.55..35634.00 rows=10180 width=121)
	        Sort Key: c
	        ->  Bitmap Heap Scan on sbtest2  (cost=216.78..34930.90 rows=10180 width=121)
	              Recheck Cond: ((id >= 695524) AND (id <= 705523))
	              ->  Bitmap Index Scan on sbtest2_pkey  (cost=0.00..214.24 rows=10180 width=0)
	                    Index Cond: ((id >= 695524) AND (id <= 705523))

table 3 : explain SELECT DISTINCT c FROM sbtest3 WHERE id BETWEEN 3876804 AND 3886803 ORDER BY c
	Unique  (cost=37322.90..37376.49 rows=10719 width=121)
	  ->  Sort  (cost=37322.90..37349.69 rows=10719 width=121)
	        Sort Key: c
	        ->  Bitmap Heap Scan on sbtest3  (cost=230.30..36605.37 rows=10719 width=121)
	              Recheck Cond: ((id >= 3876804) AND (id <= 3886803))
	              ->  Bitmap Index Scan on sbtest3_pkey  (cost=0.00..227.62 rows=10719 width=0)
	                    Index Cond: ((id >= 3876804) AND (id <= 3886803))

table 4 : explain SELECT DISTINCT c FROM sbtest4 WHERE id BETWEEN 7588375 AND 7598374 ORDER BY c
	Unique  (cost=33271.60..33318.78 rows=9437 width=121)
	  ->  Sort  (cost=33271.60..33295.19 rows=9437 width=121)
	        Sort Key: c
	        ->  Bitmap Heap Scan on sbtest4  (cost=201.16..32648.56 rows=9437 width=121)
	              Recheck Cond: ((id >= 7588375) AND (id <= 7598374))
	              ->  Bitmap Index Scan on sbtest4_pkey  (cost=0.00..198.81 rows=9437 width=0)
	                    Index Cond: ((id >= 7588375) AND (id <= 7598374))

table 5 : explain SELECT DISTINCT c FROM sbtest5 WHERE id BETWEEN 1840166 AND 1850165 ORDER BY c
	Unique  (cost=34206.39..34255.03 rows=9727 width=121)
	  ->  Sort  (cost=34206.39..34230.71 rows=9727 width=121)
	        Sort Key: c
	        ->  Bitmap Heap Scan on sbtest5  (cost=208.14..33562.09 rows=9727 width=121)
	              Recheck Cond: ((id >= 1840166) AND (id <= 1850165))
	              ->  Bitmap Index Scan on sbtest5_pkey  (cost=0.00..205.70 rows=9727 width=0)
	                    Index Cond: ((id >= 1840166) AND (id <= 1850165))

table 6 : explain SELECT DISTINCT c FROM sbtest6 WHERE id BETWEEN 9069585 AND 9079584 ORDER BY c
	Unique  (cost=38519.39..38574.80 rows=11082 width=121)
	  ->  Sort  (cost=38519.39..38547.09 rows=11082 width=121)
	        Sort Key: c
	        ->  Bitmap Heap Scan on sbtest6  (cost=238.03..37774.90 rows=11082 width=121)
	              Recheck Cond: ((id >= 9069585) AND (id <= 9079584))
	              ->  Bitmap Index Scan on sbtest6_pkey  (cost=0.00..235.25 rows=11082 width=0)
	                    Index Cond: ((id >= 9069585) AND (id <= 9079584))

table 7 : explain SELECT DISTINCT c FROM sbtest7 WHERE id BETWEEN 7411796 AND 7421795 ORDER BY c
	Unique  (cost=36494.57..36546.72 rows=10429 width=121)
	  ->  Sort  (cost=36494.57..36520.64 rows=10429 width=121)
	        Sort Key: c
	        ->  Bitmap Heap Scan on sbtest7  (cost=227.33..35798.52 rows=10429 width=121)
	              Recheck Cond: ((id >= 7411796) AND (id <= 7421795))
	              ->  Bitmap Index Scan on sbtest7_pkey  (cost=0.00..224.73 rows=10429 width=0)
	                    Index Cond: ((id >= 7411796) AND (id <= 7421795))

table 8 : explain SELECT DISTINCT c FROM sbtest8 WHERE id BETWEEN 9962146 AND 9972145 ORDER BY c
	Unique  (cost=34208.07..34256.65 rows=9715 width=121)
	  ->  Sort  (cost=34208.07..34232.36 rows=9715 width=121)
	        Sort Key: c
	        ->  Bitmap Heap Scan on sbtest8  (cost=212.01..33564.65 rows=9715 width=121)
	              Recheck Cond: ((id >= 9962146) AND (id <= 9972145))
	              ->  Bitmap Index Scan on sbtest8_pkey  (cost=0.00..209.59 rows=9715 width=0)
	                    Index Cond: ((id >= 9962146) AND (id <= 9972145))

for: sum_ranges
table 1 : explain SELECT SUM(k) FROM sbtest1 WHERE id BETWEEN 8602349 AND 8612348
	Aggregate  (cost=33224.83..33224.84 rows=1 width=8)
	  ->  Bitmap Heap Scan on sbtest1  (cost=207.23..33200.73 rows=9639 width=4)
	        Recheck Cond: ((id >= 8602349) AND (id <= 8612348))
	        ->  Bitmap Index Scan on sbtest1_pkey  (cost=0.00..204.82 rows=9639 width=0)
	              Index Cond: ((id >= 8602349) AND (id <= 8612348))

table 2 : explain SELECT SUM(k) FROM sbtest2 WHERE id BETWEEN 5543106 AND 5553105
	Aggregate  (cost=38231.43..38231.44 rows=1 width=8)
	  ->  Bitmap Heap Scan on sbtest2  (cost=239.66..38203.33 rows=11241 width=4)
	        Recheck Cond: ((id >= 5543106) AND (id <= 5553105))
	        ->  Bitmap Index Scan on sbtest2_pkey  (cost=0.00..236.84 rows=11241 width=0)
	              Index Cond: ((id >= 5543106) AND (id <= 5553105))

table 3 : explain SELECT SUM(k) FROM sbtest3 WHERE id BETWEEN 322180 AND 332179
	Aggregate  (cost=33413.41..33413.42 rows=1 width=8)
	  ->  Bitmap Heap Scan on sbtest3  (cost=207.71..33389.19 rows=9685 width=4)
	        Recheck Cond: ((id >= 322180) AND (id <= 332179))
	        ->  Bitmap Index Scan on sbtest3_pkey  (cost=0.00..205.29 rows=9685 width=0)
	              Index Cond: ((id >= 322180) AND (id <= 332179))

table 4 : explain SELECT SUM(k) FROM sbtest4 WHERE id BETWEEN 7020729 AND 7030728
	Aggregate  (cost=33052.02..33052.03 rows=1 width=8)
	  ->  Bitmap Heap Scan on sbtest4  (cost=206.39..33028.13 rows=9557 width=4)
	        Recheck Cond: ((id >= 7020729) AND (id <= 7030728))
	        ->  Bitmap Index Scan on sbtest4_pkey  (cost=0.00..204.00 rows=9557 width=0)
	              Index Cond: ((id >= 7020729) AND (id <= 7030728))

table 5 : explain SELECT SUM(k) FROM sbtest5 WHERE id BETWEEN 5344234 AND 5354233
	Aggregate  (cost=31776.27..31776.28 rows=1 width=8)
	  ->  Bitmap Heap Scan on sbtest5  (cost=198.25..31753.38 rows=9153 width=4)
	        Recheck Cond: ((id >= 5344234) AND (id <= 5354233))
	        ->  Bitmap Index Scan on sbtest5_pkey  (cost=0.00..195.97 rows=9153 width=0)
	              Index Cond: ((id >= 5344234) AND (id <= 5354233))

table 6 : explain SELECT SUM(k) FROM sbtest6 WHERE id BETWEEN 7437194 AND 7447193
	Aggregate  (cost=32831.26..32831.27 rows=1 width=8)
	  ->  Bitmap Heap Scan on sbtest6  (cost=205.67..32807.54 rows=9486 width=4)
	        Recheck Cond: ((id >= 7437194) AND (id <= 7447193))
	        ->  Bitmap Index Scan on sbtest6_pkey  (cost=0.00..203.30 rows=9486 width=0)
	              Index Cond: ((id >= 7437194) AND (id <= 7447193))

table 7 : explain SELECT SUM(k) FROM sbtest7 WHERE id BETWEEN 2107828 AND 2117827
	Aggregate  (cost=34220.31..34220.32 rows=1 width=8)
	  ->  Bitmap Heap Scan on sbtest7  (cost=214.07..34195.52 rows=9916 width=4)
	        Recheck Cond: ((id >= 2107828) AND (id <= 2117827))
	        ->  Bitmap Index Scan on sbtest7_pkey  (cost=0.00..211.59 rows=9916 width=0)
	              Index Cond: ((id >= 2107828) AND (id <= 2117827))

table 8 : explain SELECT SUM(k) FROM sbtest8 WHERE id BETWEEN 8268001 AND 8278000
	Aggregate  (cost=32582.96..32582.97 rows=1 width=8)
	  ->  Bitmap Heap Scan on sbtest8  (cost=204.74..32559.47 rows=9396 width=4)
	        Recheck Cond: ((id >= 8268001) AND (id <= 8278000))
	        ->  Bitmap Index Scan on sbtest8_pkey  (cost=0.00..202.40 rows=9396 width=0)
	              Index Cond: ((id >= 8268001) AND (id <= 8278000))

explain: for point_selects :: explain SELECT c FROM sbtest%u WHERE id=%u
for: order_ranges
table 1 : explain SELECT c FROM sbtest1 WHERE id BETWEEN 3524948 AND 3534947 ORDER BY c
	Sort  (cost=32817.20..32840.50 rows=9321 width=121)
	  Sort Key: c
	  ->  Bitmap Heap Scan on sbtest1  (cost=199.98..32202.66 rows=9321 width=121)
	        Recheck Cond: ((id >= 3524948) AND (id <= 3534947))
	        ->  Bitmap Index Scan on sbtest1_pkey  (cost=0.00..197.65 rows=9321 width=0)
	              Index Cond: ((id >= 3524948) AND (id <= 3534947))

table 2 : explain SELECT c FROM sbtest2 WHERE id BETWEEN 2616941 AND 2626940 ORDER BY c
	Sort  (cost=33479.99..33503.77 rows=9514 width=121)
	  Sort Key: c
	  ->  Bitmap Heap Scan on sbtest2  (cost=205.95..32851.31 rows=9514 width=121)
	        Recheck Cond: ((id >= 2616941) AND (id <= 2626940))
	        ->  Bitmap Index Scan on sbtest2_pkey  (cost=0.00..203.57 rows=9514 width=0)
	              Index Cond: ((id >= 2616941) AND (id <= 2626940))

table 3 : explain SELECT c FROM sbtest3 WHERE id BETWEEN 9069122 AND 9079121 ORDER BY c
	Sort  (cost=35713.17..35738.70 rows=10211 width=121)
	  Sort Key: c
	  ->  Bitmap Heap Scan on sbtest3  (cost=221.10..35033.23 rows=10211 width=121)
	        Recheck Cond: ((id >= 9069122) AND (id <= 9079121))
	        ->  Bitmap Index Scan on sbtest3_pkey  (cost=0.00..218.55 rows=10211 width=0)
	              Index Cond: ((id >= 9069122) AND (id <= 9079121))

table 4 : explain SELECT c FROM sbtest4 WHERE id BETWEEN 2931393 AND 2941392 ORDER BY c
	Sort  (cost=36827.78..36854.16 rows=10549 width=121)
	  Sort Key: c
	  ->  Bitmap Heap Scan on sbtest4  (cost=224.56..36122.86 rows=10549 width=121)
	        Recheck Cond: ((id >= 2931393) AND (id <= 2941392))
	        ->  Bitmap Index Scan on sbtest4_pkey  (cost=0.00..221.93 rows=10549 width=0)
	              Index Cond: ((id >= 2931393) AND (id <= 2941392))

table 5 : explain SELECT c FROM sbtest5 WHERE id BETWEEN 1936858 AND 1946857 ORDER BY c
	Sort  (cost=38598.15..38625.92 rows=11108 width=121)
	  Sort Key: c
	  ->  Bitmap Heap Scan on sbtest5  (cost=238.29..37851.73 rows=11108 width=121)
	        Recheck Cond: ((id >= 1936858) AND (id <= 1946857))
	        ->  Bitmap Index Scan on sbtest5_pkey  (cost=0.00..235.51 rows=11108 width=0)
	              Index Cond: ((id >= 1936858) AND (id <= 1946857))

table 6 : explain SELECT c FROM sbtest6 WHERE id BETWEEN 52443 AND 62442 ORDER BY c
	Sort  (cost=35244.81..35269.94 rows=10050 width=121)
	  Sort Key: c
	  ->  Bitmap Heap Scan on sbtest6  (cost=215.45..34576.74 rows=10050 width=121)
	        Recheck Cond: ((id >= 52443) AND (id <= 62442))
	        ->  Bitmap Index Scan on sbtest6_pkey  (cost=0.00..212.94 rows=10050 width=0)
	              Index Cond: ((id >= 52443) AND (id <= 62442))

table 7 : explain SELECT c FROM sbtest7 WHERE id BETWEEN 3947175 AND 3957174 ORDER BY c
	Sort  (cost=36291.01..36316.92 rows=10365 width=121)
	  Sort Key: c
	  ->  Bitmap Heap Scan on sbtest7  (cost=226.68..35599.69 rows=10365 width=121)
	        Recheck Cond: ((id >= 3947175) AND (id <= 3957174))
	        ->  Bitmap Index Scan on sbtest7_pkey  (cost=0.00..224.09 rows=10365 width=0)
	              Index Cond: ((id >= 3947175) AND (id <= 3957174))

table 8 : explain SELECT c FROM sbtest8 WHERE id BETWEEN 2069623 AND 2079622 ORDER BY c
	Sort  (cost=35147.01..35172.03 rows=10007 width=121)
	  Sort Key: c
	  ->  Bitmap Heap Scan on sbtest8  (cost=219.01..34482.11 rows=10007 width=121)
	        Recheck Cond: ((id >= 2069623) AND (id <= 2079622))
	        ->  Bitmap Index Scan on sbtest8_pkey  (cost=0.00..216.50 rows=10007 width=0)
	              Index Cond: ((id >= 2069623) AND (id <= 2079622))

for point_selects
table 1 : explain SELECT c FROM sbtest1 WHERE id=5413784
	Index Scan using sbtest1_pkey on sbtest1  (cost=0.43..8.45 rows=1 width=121)
	  Index Cond: (id = 5413784)

table 2 : explain SELECT c FROM sbtest2 WHERE id=4164118
	Index Scan using sbtest2_pkey on sbtest2  (cost=0.43..8.45 rows=1 width=121)
	  Index Cond: (id = 4164118)

table 3 : explain SELECT c FROM sbtest3 WHERE id=3628584
	Index Scan using sbtest3_pkey on sbtest3  (cost=0.43..8.45 rows=1 width=121)
	  Index Cond: (id = 3628584)

table 4 : explain SELECT c FROM sbtest4 WHERE id=3808461
	Index Scan using sbtest4_pkey on sbtest4  (cost=0.43..8.45 rows=1 width=121)
	  Index Cond: (id = 3808461)

table 5 : explain SELECT c FROM sbtest5 WHERE id=8065032
	Index Scan using sbtest5_pkey on sbtest5  (cost=0.43..8.45 rows=1 width=121)
	  Index Cond: (id = 8065032)

table 6 : explain SELECT c FROM sbtest6 WHERE id=4406685
	Index Scan using sbtest6_pkey on sbtest6  (cost=0.43..8.45 rows=1 width=121)
	  Index Cond: (id = 4406685)

table 7 : explain SELECT c FROM sbtest7 WHERE id=4067893
	Index Scan using sbtest7_pkey on sbtest7  (cost=0.43..8.45 rows=1 width=121)
	  Index Cond: (id = 4067893)

table 8 : explain SELECT c FROM sbtest8 WHERE id=190296
	Index Scan using sbtest8_pkey on sbtest8  (cost=0.43..8.45 rows=1 width=121)
	  Index Cond: (id = 190296)

explain: for point_selects :: explain SELECT c FROM sbtest%u WHERE id=%u
for: order_ranges
table 1 : explain SELECT c FROM sbtest1 WHERE id BETWEEN 3255793 AND 3265792 ORDER BY c
	Sort  (cost=34773.87..34798.69 rows=9931 width=121)
	  Sort Key: c
	  ->  Bitmap Heap Scan on sbtest1  (cost=214.23..34114.56 rows=9931 width=121)
	        Recheck Cond: ((id >= 3255793) AND (id <= 3265792))
	        ->  Bitmap Index Scan on sbtest1_pkey  (cost=0.00..211.75 rows=9931 width=0)
	              Index Cond: ((id >= 3255793) AND (id <= 3265792))

table 2 : explain SELECT c FROM sbtest2 WHERE id BETWEEN 3656298 AND 3666297 ORDER BY c
	Sort  (cost=33998.69..34022.88 rows=9676 width=121)
	  Sort Key: c
	  ->  Bitmap Heap Scan on sbtest2  (cost=207.61..33358.13 rows=9676 width=121)
	        Recheck Cond: ((id >= 3656298) AND (id <= 3666297))
	        ->  Bitmap Index Scan on sbtest2_pkey  (cost=0.00..205.19 rows=9676 width=0)
	              Index Cond: ((id >= 3656298) AND (id <= 3666297))

table 3 : explain SELECT c FROM sbtest3 WHERE id BETWEEN 8714185 AND 8724184 ORDER BY c
	Sort  (cost=34917.53..34942.44 rows=9962 width=121)
	  Sort Key: c
	  ->  Bitmap Heap Scan on sbtest3  (cost=214.55..34255.95 rows=9962 width=121)
	        Recheck Cond: ((id >= 8714185) AND (id <= 8724184))
	        ->  Bitmap Index Scan on sbtest3_pkey  (cost=0.00..212.06 rows=9962 width=0)
	              Index Cond: ((id >= 8714185) AND (id <= 8724184))

table 4 : explain SELECT c FROM sbtest4 WHERE id BETWEEN 8581354 AND 8591353 ORDER BY c
	Sort  (cost=38785.88..38813.80 rows=11169 width=121)
	  Sort Key: c
	  ->  Bitmap Heap Scan on sbtest4  (cost=238.92..38034.92 rows=11169 width=121)
	        Recheck Cond: ((id >= 8581354) AND (id <= 8591353))
	        ->  Bitmap Index Scan on sbtest4_pkey  (cost=0.00..236.12 rows=11169 width=0)
	              Index Cond: ((id >= 8581354) AND (id <= 8591353))

table 5 : explain SELECT c FROM sbtest5 WHERE id BETWEEN 1459577 AND 1469576 ORDER BY c
	Sort  (cost=34672.63..34697.31 rows=9872 width=121)
	  Sort Key: c
	  ->  Bitmap Heap Scan on sbtest5  (cost=213.62..34017.66 rows=9872 width=121)
	        Recheck Cond: ((id >= 1459577) AND (id <= 1469576))
	        ->  Bitmap Index Scan on sbtest5_pkey  (cost=0.00..211.16 rows=9872 width=0)
	              Index Cond: ((id >= 1459577) AND (id <= 1469576))

table 6 : explain SELECT c FROM sbtest6 WHERE id BETWEEN 2170707 AND 2180706 ORDER BY c
	Sort  (cost=36663.99..36690.23 rows=10496 width=121)
	  Sort Key: c
	  ->  Bitmap Heap Scan on sbtest6  (cost=224.02..35962.99 rows=10496 width=121)
	        Recheck Cond: ((id >= 2170707) AND (id <= 2180706))
	        ->  Bitmap Index Scan on sbtest6_pkey  (cost=0.00..221.40 rows=10496 width=0)
	              Index Cond: ((id >= 2170707) AND (id <= 2180706))

table 7 : explain SELECT c FROM sbtest7 WHERE id BETWEEN 2299379 AND 2309378 ORDER BY c
	Sort  (cost=33210.49..33234.01 rows=9406 width=121)
	  Sort Key: c
	  ->  Bitmap Heap Scan on sbtest7  (cost=204.85..32589.73 rows=9406 width=121)
	        Recheck Cond: ((id >= 2299379) AND (id <= 2309378))
	        ->  Bitmap Index Scan on sbtest7_pkey  (cost=0.00..202.50 rows=9406 width=0)
	              Index Cond: ((id >= 2299379) AND (id <= 2309378))

table 8 : explain SELECT c FROM sbtest8 WHERE id BETWEEN 5376805 AND 5386804 ORDER BY c
	Sort  (cost=34906.19..34931.02 rows=9932 width=121)
	  Sort Key: c
	  ->  Bitmap Heap Scan on sbtest8  (cost=218.24..34246.81 rows=9932 width=121)
	        Recheck Cond: ((id >= 5376805) AND (id <= 5386804))
	        ->  Bitmap Index Scan on sbtest8_pkey  (cost=0.00..215.75 rows=9932 width=0)
	              Index Cond: ((id >= 5376805) AND (id <= 5386804))

for: simple_ranges
table 1 : explain SELECT c FROM sbtest1 WHERE id BETWEEN 4080218 AND 4090217
	Bitmap Heap Scan on sbtest1  (cost=199.01..31908.17 rows=9227 width=121)
	  Recheck Cond: ((id >= 4080218) AND (id <= 4090217))
	  ->  Bitmap Index Scan on sbtest1_pkey  (cost=0.00..196.70 rows=9227 width=0)
	        Index Cond: ((id >= 4080218) AND (id <= 4090217))

table 2 : explain SELECT c FROM sbtest2 WHERE id BETWEEN 3198700 AND 3208699
	Bitmap Heap Scan on sbtest2  (cost=216.29..34780.25 rows=10132 width=121)
	  Recheck Cond: ((id >= 3198700) AND (id <= 3208699))
	  ->  Bitmap Index Scan on sbtest2_pkey  (cost=0.00..213.75 rows=10132 width=0)
	        Index Cond: ((id >= 3198700) AND (id <= 3208699))

table 3 : explain SELECT c FROM sbtest3 WHERE id BETWEEN 1643309 AND 1653308
	Bitmap Heap Scan on sbtest3  (cost=201.13..32600.32 rows=9434 width=121)
	  Recheck Cond: ((id >= 1643309) AND (id <= 1653308))
	  ->  Bitmap Index Scan on sbtest3_pkey  (cost=0.00..198.78 rows=9434 width=0)
	        Index Cond: ((id >= 1643309) AND (id <= 1653308))

table 4 : explain SELECT c FROM sbtest4 WHERE id BETWEEN 2674682 AND 2684681
	Bitmap Heap Scan on sbtest4  (cost=223.96..35940.63 rows=10490 width=121)
	  Recheck Cond: ((id >= 2674682) AND (id <= 2684681))
	  ->  Bitmap Index Scan on sbtest4_pkey  (cost=0.00..221.34 rows=10490 width=0)
	        Index Cond: ((id >= 2674682) AND (id <= 2684681))

table 5 : explain SELECT c FROM sbtest5 WHERE id BETWEEN 1325351 AND 1335350
	Bitmap Heap Scan on sbtest5  (cost=222.02..35355.50 rows=10301 width=121)
	  Recheck Cond: ((id >= 1325351) AND (id <= 1335350))
	  ->  Bitmap Index Scan on sbtest5_pkey  (cost=0.00..219.44 rows=10301 width=0)
	        Index Cond: ((id >= 1325351) AND (id <= 1335350))

table 6 : explain SELECT c FROM sbtest6 WHERE id BETWEEN 5901949 AND 5911948
	Bitmap Heap Scan on sbtest6  (cost=228.51..36114.08 rows=10544 width=121)
	  Recheck Cond: ((id >= 5901949) AND (id <= 5911948))
	  ->  Bitmap Index Scan on sbtest6_pkey  (cost=0.00..225.88 rows=10544 width=0)
	        Index Cond: ((id >= 5901949) AND (id <= 5911948))

table 7 : explain SELECT c FROM sbtest7 WHERE id BETWEEN 8791626 AND 8801625
	Bitmap Heap Scan on sbtest7  (cost=219.15..34525.13 rows=10021 width=121)
	  Recheck Cond: ((id >= 8791626) AND (id <= 8801625))
	  ->  Bitmap Index Scan on sbtest7_pkey  (cost=0.00..216.65 rows=10021 width=0)
	        Index Cond: ((id >= 8791626) AND (id <= 8801625))

table 8 : explain SELECT c FROM sbtest8 WHERE id BETWEEN 5552313 AND 5562312
	Bitmap Heap Scan on sbtest8  (cost=232.29..36089.67 rows=10522 width=121)
	  Recheck Cond: ((id >= 5552313) AND (id <= 5562312))
	  ->  Bitmap Index Scan on sbtest8_pkey  (cost=0.00..229.66 rows=10522 width=0)
	        Index Cond: ((id >= 5552313) AND (id <= 5562312))

for: distinct_ranges
table 1 : explain SELECT DISTINCT c FROM sbtest1 WHERE id BETWEEN 8466505 AND 8476504 ORDER BY c
	Unique  (cost=37806.74..37861.19 rows=10890 width=121)
	  ->  Sort  (cost=37806.74..37833.97 rows=10890 width=121)
	        Sort Key: c
	        ->  Bitmap Heap Scan on sbtest1  (cost=232.06..37076.53 rows=10890 width=121)
	              Recheck Cond: ((id >= 8466505) AND (id <= 8476504))
	              ->  Bitmap Index Scan on sbtest1_pkey  (cost=0.00..229.34 rows=10890 width=0)
	                    Index Cond: ((id >= 8466505) AND (id <= 8476504))

table 2 : explain SELECT DISTINCT c FROM sbtest2 WHERE id BETWEEN 7600223 AND 7610222 ORDER BY c
	Unique  (cost=35129.10..35179.25 rows=10029 width=121)
	  ->  Sort  (cost=35129.10..35154.18 rows=10029 width=121)
	        Sort Key: c
	        ->  Bitmap Heap Scan on sbtest2  (cost=215.23..34462.58 rows=10029 width=121)
	              Recheck Cond: ((id >= 7600223) AND (id <= 7610222))
	              ->  Bitmap Index Scan on sbtest2_pkey  (cost=0.00..212.73 rows=10029 width=0)
	                    Index Cond: ((id >= 7600223) AND (id <= 7610222))

table 3 : explain SELECT DISTINCT c FROM sbtest3 WHERE id BETWEEN 2089019 AND 2099018 ORDER BY c
	Unique  (cost=37264.26..37317.77 rows=10701 width=121)
	  ->  Sort  (cost=37264.26..37291.01 rows=10701 width=121)
	        Sort Key: c
	        ->  Bitmap Heap Scan on sbtest3  (cost=230.12..36548.07 rows=10701 width=121)
	              Recheck Cond: ((id >= 2089019) AND (id <= 2099018))
	              ->  Bitmap Index Scan on sbtest3_pkey  (cost=0.00..227.44 rows=10701 width=0)
	                    Index Cond: ((id >= 2089019) AND (id <= 2099018))

table 4 : explain SELECT DISTINCT c FROM sbtest4 WHERE id BETWEEN 8811481 AND 8821480 ORDER BY c
	Unique  (cost=33278.32..33325.52 rows=9440 width=121)
	  ->  Sort  (cost=33278.32..33301.92 rows=9440 width=121)
	        Sort Key: c
	        ->  Bitmap Heap Scan on sbtest4  (cost=201.20..32655.06 rows=9440 width=121)
	              Recheck Cond: ((id >= 8811481) AND (id <= 8821480))
	              ->  Bitmap Index Scan on sbtest4_pkey  (cost=0.00..198.84 rows=9440 width=0)
	                    Index Cond: ((id >= 8811481) AND (id <= 8821480))

table 5 : explain SELECT DISTINCT c FROM sbtest5 WHERE id BETWEEN 8354775 AND 8364774 ORDER BY c
	Unique  (cost=35479.55..35530.18 rows=10125 width=121)
	  ->  Sort  (cost=35479.55..35504.87 rows=10125 width=121)
	        Sort Key: c
	        ->  Bitmap Heap Scan on sbtest5  (cost=216.22..34805.96 rows=10125 width=121)
	              Recheck Cond: ((id >= 8354775) AND (id <= 8364774))
	              ->  Bitmap Index Scan on sbtest5_pkey  (cost=0.00..213.69 rows=10125 width=0)
	                    Index Cond: ((id >= 8354775) AND (id <= 8364774))

table 6 : explain SELECT DISTINCT c FROM sbtest6 WHERE id BETWEEN 143845 AND 153844 ORDER BY c
	Unique  (cost=38132.03..38186.82 rows=10959 width=121)
	  ->  Sort  (cost=38132.03..38159.43 rows=10959 width=121)
	        Sort Key: c
	        ->  Bitmap Heap Scan on sbtest6  (cost=236.76..37396.69 rows=10959 width=121)
	              Recheck Cond: ((id >= 143845) AND (id <= 153844))
	              ->  Bitmap Index Scan on sbtest6_pkey  (cost=0.00..234.03 rows=10959 width=0)
	                    Index Cond: ((id >= 143845) AND (id <= 153844))

table 7 : explain SELECT DISTINCT c FROM sbtest7 WHERE id BETWEEN 1528542 AND 1538541 ORDER BY c
	Unique  (cost=33612.05..33659.70 rows=9530 width=121)
	  ->  Sort  (cost=33612.05..33635.88 rows=9530 width=121)
	        Sort Key: c
	        ->  Bitmap Heap Scan on sbtest7  (cost=206.12..32982.20 rows=9530 width=121)
	              Recheck Cond: ((id >= 1528542) AND (id <= 1538541))
	              ->  Bitmap Index Scan on sbtest7_pkey  (cost=0.00..203.74 rows=9530 width=0)
	                    Index Cond: ((id >= 1528542) AND (id <= 1538541))

table 8 : explain SELECT DISTINCT c FROM sbtest8 WHERE id BETWEEN 4510166 AND 4520165 ORDER BY c
	Unique  (cost=36053.19..36104.64 rows=10290 width=121)
	  ->  Sort  (cost=36053.19..36078.92 rows=10290 width=121)
	        Sort Key: c
	        ->  Bitmap Heap Scan on sbtest8  (cost=225.91..35367.42 rows=10290 width=121)
	              Recheck Cond: ((id >= 4510166) AND (id <= 4520165))
	              ->  Bitmap Index Scan on sbtest8_pkey  (cost=0.00..223.34 rows=10290 width=0)
	                    Index Cond: ((id >= 4510166) AND (id <= 4520165))

for: order_ranges
table 1 : explain SELECT c FROM sbtest1 WHERE id BETWEEN 9495440 AND 9505439 ORDER BY c
	Sort  (cost=36516.65..36542.85 rows=10481 width=121)
	  Sort Key: c
	  ->  Bitmap Heap Scan on sbtest1  (cost=223.87..35816.75 rows=10481 width=121)
	        Recheck Cond: ((id >= 9495440) AND (id <= 9505439))
	        ->  Bitmap Index Scan on sbtest1_pkey  (cost=0.00..221.25 rows=10481 width=0)
	              Index Cond: ((id >= 9495440) AND (id <= 9505439))

table 2 : explain SELECT c FROM sbtest2 WHERE id BETWEEN 2034036 AND 2044035 ORDER BY c
	Sort  (cost=34655.37..34680.07 rows=9880 width=121)
	  Sort Key: c
	  ->  Bitmap Heap Scan on sbtest2  (cost=213.71..33999.82 rows=9880 width=121)
	        Recheck Cond: ((id >= 2034036) AND (id <= 2044035))
	        ->  Bitmap Index Scan on sbtest2_pkey  (cost=0.00..211.24 rows=9880 width=0)
	              Index Cond: ((id >= 2034036) AND (id <= 2044035))

table 3 : explain SELECT c FROM sbtest3 WHERE id BETWEEN 7523413 AND 7533412 ORDER BY c
	Sort  (cost=34152.49..34176.80 rows=9723 width=121)
	  Sort Key: c
	  ->  Bitmap Heap Scan on sbtest3  (cost=208.10..33508.48 rows=9723 width=121)
	        Recheck Cond: ((id >= 7523413) AND (id <= 7533412))
	        ->  Bitmap Index Scan on sbtest3_pkey  (cost=0.00..205.67 rows=9723 width=0)
	              Index Cond: ((id >= 7523413) AND (id <= 7533412))

table 4 : explain SELECT c FROM sbtest4 WHERE id BETWEEN 2998890 AND 3008889 ORDER BY c
	Sort  (cost=35498.48..35523.81 rows=10131 width=121)
	  Sort Key: c
	  ->  Bitmap Heap Scan on sbtest4  (cost=216.28..34824.44 rows=10131 width=121)
	        Recheck Cond: ((id >= 2998890) AND (id <= 3008889))
	        ->  Bitmap Index Scan on sbtest4_pkey  (cost=0.00..213.75 rows=10131 width=0)
	              Index Cond: ((id >= 2998890) AND (id <= 3008889))

table 5 : explain SELECT c FROM sbtest5 WHERE id BETWEEN 5223627 AND 5233626 ORDER BY c
	Sort  (cost=32920.64..32943.96 rows=9328 width=121)
	  Sort Key: c
	  ->  Bitmap Heap Scan on sbtest5  (cost=200.05..32305.58 rows=9328 width=121)
	        Recheck Cond: ((id >= 5223627) AND (id <= 5233626))
	        ->  Bitmap Index Scan on sbtest5_pkey  (cost=0.00..197.72 rows=9328 width=0)
	              Index Cond: ((id >= 5223627) AND (id <= 5233626))

table 6 : explain SELECT c FROM sbtest6 WHERE id BETWEEN 9203807 AND 9213806 ORDER BY c
	Sort  (cost=34386.91..34411.36 rows=9783 width=121)
	  Sort Key: c
	  ->  Bitmap Heap Scan on sbtest6  (cost=208.71..33738.49 rows=9783 width=121)
	        Recheck Cond: ((id >= 9203807) AND (id <= 9213806))
	        ->  Bitmap Index Scan on sbtest6_pkey  (cost=0.00..206.26 rows=9783 width=0)
	              Index Cond: ((id >= 9203807) AND (id <= 9213806))

table 7 : explain SELECT c FROM sbtest7 WHERE id BETWEEN 2692109 AND 2702108 ORDER BY c
	Sort  (cost=35899.15..35924.76 rows=10243 width=121)
	  Sort Key: c
	  ->  Bitmap Heap Scan on sbtest7  (cost=221.43..35216.85 rows=10243 width=121)
	        Recheck Cond: ((id >= 2692109) AND (id <= 2702108))
	        ->  Bitmap Index Scan on sbtest7_pkey  (cost=0.00..218.87 rows=10243 width=0)
	              Index Cond: ((id >= 2692109) AND (id <= 2702108))

table 8 : explain SELECT c FROM sbtest8 WHERE id BETWEEN 3870116 AND 3880115 ORDER BY c
	Sort  (cost=33179.50..33202.99 rows=9396 width=121)
	  Sort Key: c
	  ->  Bitmap Heap Scan on sbtest8  (cost=204.74..32559.47 rows=9396 width=121)
	        Recheck Cond: ((id >= 3870116) AND (id <= 3880115))
	        ->  Bitmap Index Scan on sbtest8_pkey  (cost=0.00..202.40 rows=9396 width=0)
	              Index Cond: ((id >= 3870116) AND (id <= 3880115))

for point_selects
table 1 : explain SELECT c FROM sbtest1 WHERE id=2608387
	Index Scan using sbtest1_pkey on sbtest1  (cost=0.43..8.45 rows=1 width=121)
	  Index Cond: (id = 2608387)

table 2 : explain SELECT c FROM sbtest2 WHERE id=9582260
	Index Scan using sbtest2_pkey on sbtest2  (cost=0.43..8.45 rows=1 width=121)
	  Index Cond: (id = 9582260)

table 3 : explain SELECT c FROM sbtest3 WHERE id=1732412
	Index Scan using sbtest3_pkey on sbtest3  (cost=0.43..8.45 rows=1 width=121)
	  Index Cond: (id = 1732412)

table 4 : explain SELECT c FROM sbtest4 WHERE id=2550424
	Index Scan using sbtest4_pkey on sbtest4  (cost=0.43..8.45 rows=1 width=121)
	  Index Cond: (id = 2550424)

table 5 : explain SELECT c FROM sbtest5 WHERE id=9410268
	Index Scan using sbtest5_pkey on sbtest5  (cost=0.43..8.45 rows=1 width=121)
	  Index Cond: (id = 9410268)

table 6 : explain SELECT c FROM sbtest6 WHERE id=112995
	Index Scan using sbtest6_pkey on sbtest6  (cost=0.43..8.45 rows=1 width=121)
	  Index Cond: (id = 112995)

table 7 : explain SELECT c FROM sbtest7 WHERE id=6739549
	Index Scan using sbtest7_pkey on sbtest7  (cost=0.43..8.45 rows=1 width=121)
	  Index Cond: (id = 6739549)

table 8 : explain SELECT c FROM sbtest8 WHERE id=5375523
	Index Scan using sbtest8_pkey on sbtest8  (cost=0.43..8.45 rows=1 width=121)
	  Index Cond: (id = 5375523)

for: distinct_ranges
table 1 : explain SELECT DISTINCT c FROM sbtest1 WHERE id BETWEEN 5657438 AND 5667437 ORDER BY c
	Unique  (cost=38683.13..38738.97 rows=11169 width=121)
	  ->  Sort  (cost=38683.13..38711.05 rows=11169 width=121)
	        Sort Key: c
	        ->  Bitmap Heap Scan on sbtest1  (cost=238.92..37932.17 rows=11169 width=121)
	              Recheck Cond: ((id >= 5657438) AND (id <= 5667437))
	              ->  Bitmap Index Scan on sbtest1_pkey  (cost=0.00..236.12 rows=11169 width=0)
	                    Index Cond: ((id >= 5657438) AND (id <= 5667437))

table 2 : explain SELECT DISTINCT c FROM sbtest2 WHERE id BETWEEN 1469272 AND 1479271 ORDER BY c
	Unique  (cost=37721.30..37775.54 rows=10847 width=121)
	  ->  Sort  (cost=37721.30..37748.42 rows=10847 width=121)
	        Sort Key: c
	        ->  Bitmap Heap Scan on sbtest2  (cost=231.62..36994.28 rows=10847 width=121)
	              Recheck Cond: ((id >= 1469272) AND (id <= 1479271))
	              ->  Bitmap Index Scan on sbtest2_pkey  (cost=0.00..228.91 rows=10847 width=0)
	                    Index Cond: ((id >= 1469272) AND (id <= 1479271))

table 3 : explain SELECT DISTINCT c FROM sbtest3 WHERE id BETWEEN 9132852 AND 9142851 ORDER BY c
	Unique  (cost=35364.51..35415.02 rows=10102 width=121)
	  ->  Sort  (cost=35364.51..35389.76 rows=10102 width=121)
	        Sort Key: c
	        ->  Bitmap Heap Scan on sbtest3  (cost=215.98..34692.60 rows=10102 width=121)
	              Recheck Cond: ((id >= 9132852) AND (id <= 9142851))
	              ->  Bitmap Index Scan on sbtest3_pkey  (cost=0.00..213.45 rows=10102 width=0)
	                    Index Cond: ((id >= 9132852) AND (id <= 9142851))

table 4 : explain SELECT DISTINCT c FROM sbtest4 WHERE id BETWEEN 6702721 AND 6712720 ORDER BY c
	Unique  (cost=31240.75..31284.80 rows=8810 width=121)
	  ->  Sort  (cost=31240.75..31262.78 rows=8810 width=121)
	        Sort Key: c
	        ->  Bitmap Heap Scan on sbtest4  (cost=190.74..30663.48 rows=8810 width=121)
	              Recheck Cond: ((id >= 6702721) AND (id <= 6712720))
	              ->  Bitmap Index Scan on sbtest4_pkey  (cost=0.00..188.54 rows=8810 width=0)
	                    Index Cond: ((id >= 6702721) AND (id <= 6712720))

table 5 : explain SELECT DISTINCT c FROM sbtest5 WHERE id BETWEEN 2032203 AND 2042202 ORDER BY c
	Unique  (cost=37584.27..37638.21 rows=10787 width=121)
	  ->  Sort  (cost=37584.27..37611.24 rows=10787 width=121)
	        Sort Key: c
	        ->  Bitmap Heap Scan on sbtest5  (cost=231.00..36861.71 rows=10787 width=121)
	              Recheck Cond: ((id >= 2032203) AND (id <= 2042202))
	              ->  Bitmap Index Scan on sbtest5_pkey  (cost=0.00..228.31 rows=10787 width=0)
	                    Index Cond: ((id >= 2032203) AND (id <= 2042202))

table 6 : explain SELECT DISTINCT c FROM sbtest6 WHERE id BETWEEN 5308043 AND 5318042 ORDER BY c
	Unique  (cost=33367.84..33415.17 rows=9465 width=121)
	  ->  Sort  (cost=33367.84..33391.51 rows=9465 width=121)
	        Sort Key: c
	        ->  Bitmap Heap Scan on sbtest6  (cost=205.45..32742.76 rows=9465 width=121)
	              Recheck Cond: ((id >= 5308043) AND (id <= 5318042))
	              ->  Bitmap Index Scan on sbtest6_pkey  (cost=0.00..203.09 rows=9465 width=0)
	                    Index Cond: ((id >= 5308043) AND (id <= 5318042))

table 7 : explain SELECT DISTINCT c FROM sbtest7 WHERE id BETWEEN 7241525 AND 7251524 ORDER BY c
	Unique  (cost=37631.90..37685.83 rows=10787 width=121)
	  ->  Sort  (cost=37631.90..37658.86 rows=10787 width=121)
	        Sort Key: c
	        ->  Bitmap Heap Scan on sbtest7  (cost=235.00..36909.33 rows=10787 width=121)
	              Recheck Cond: ((id >= 7241525) AND (id <= 7251524))
	              ->  Bitmap Index Scan on sbtest7_pkey  (cost=0.00..232.31 rows=10787 width=0)
	                    Index Cond: ((id >= 7241525) AND (id <= 7251524))

table 8 : explain SELECT DISTINCT c FROM sbtest8 WHERE id BETWEEN 822477 AND 832476 ORDER BY c
	Unique  (cost=34493.25..34542.27 rows=9803 width=121)
	  ->  Sort  (cost=34493.25..34517.76 rows=9803 width=121)
	        Sort Key: c
	        ->  Bitmap Heap Scan on sbtest8  (cost=216.92..33843.36 rows=9803 width=121)
	              Recheck Cond: ((id >= 822477) AND (id <= 832476))
	              ->  Bitmap Index Scan on sbtest8_pkey  (cost=0.00..214.47 rows=9803 width=0)
	                    Index Cond: ((id >= 822477) AND (id <= 832476))

for: sum_ranges
table 1 : explain SELECT SUM(k) FROM sbtest1 WHERE id BETWEEN 8830216 AND 8840215
	Aggregate  (cost=32918.40..32918.41 rows=1 width=8)
	  ->  Bitmap Heap Scan on sbtest1  (cost=206.23..32894.55 rows=9541 width=4)
	        Recheck Cond: ((id >= 8830216) AND (id <= 8840215))
	        ->  Bitmap Index Scan on sbtest1_pkey  (cost=0.00..203.84 rows=9541 width=0)
	              Index Cond: ((id >= 8830216) AND (id <= 8840215))

table 2 : explain SELECT SUM(k) FROM sbtest2 WHERE id BETWEEN 2874497 AND 2884496
	Aggregate  (cost=35885.53..35885.54 rows=1 width=8)
	  ->  Bitmap Heap Scan on sbtest2  (cost=223.84..35859.33 rows=10479 width=4)
	        Recheck Cond: ((id >= 2874497) AND (id <= 2884496))
	        ->  Bitmap Index Scan on sbtest2_pkey  (cost=0.00..221.23 rows=10479 width=0)
	              Index Cond: ((id >= 2874497) AND (id <= 2884496))

table 3 : explain SELECT SUM(k) FROM sbtest3 WHERE id BETWEEN 2202303 AND 2212302
	Aggregate  (cost=35061.97..35061.98 rows=1 width=8)
	  ->  Bitmap Heap Scan on sbtest3  (cost=221.11..35036.44 rows=10212 width=4)
	        Recheck Cond: ((id >= 2202303) AND (id <= 2212302))
	        ->  Bitmap Index Scan on sbtest3_pkey  (cost=0.00..218.56 rows=10212 width=0)
	              Index Cond: ((id >= 2202303) AND (id <= 2212302))

table 4 : explain SELECT SUM(k) FROM sbtest4 WHERE id BETWEEN 9342728 AND 9352727
	Aggregate  (cost=33850.47..33850.48 rows=1 width=8)
	  ->  Bitmap Heap Scan on sbtest4  (cost=209.01..33825.94 rows=9812 width=4)
	        Recheck Cond: ((id >= 9342728) AND (id <= 9352727))
	        ->  Bitmap Index Scan on sbtest4_pkey  (cost=0.00..206.56 rows=9812 width=0)
	              Index Cond: ((id >= 9342728) AND (id <= 9352727))

table 5 : explain SELECT SUM(k) FROM sbtest5 WHERE id BETWEEN 8133151 AND 8143150
	Aggregate  (cost=35778.76..35778.77 rows=1 width=8)
	  ->  Bitmap Heap Scan on sbtest5  (cost=223.33..35752.68 rows=10429 width=4)
	        Recheck Cond: ((id >= 8133151) AND (id <= 8143150))
	        ->  Bitmap Index Scan on sbtest5_pkey  (cost=0.00..220.73 rows=10429 width=0)
	              Index Cond: ((id >= 8133151) AND (id <= 8143150))

table 6 : explain SELECT SUM(k) FROM sbtest6 WHERE id BETWEEN 5744180 AND 5754179
	Aggregate  (cost=32815.06..32815.07 rows=1 width=8)
	  ->  Bitmap Heap Scan on sbtest6  (cost=205.62..32791.35 rows=9481 width=4)
	        Recheck Cond: ((id >= 5744180) AND (id <= 5754179))
	        ->  Bitmap Index Scan on sbtest6_pkey  (cost=0.00..203.25 rows=9481 width=0)
	              Index Cond: ((id >= 5744180) AND (id <= 5754179))

table 7 : explain SELECT SUM(k) FROM sbtest7 WHERE id BETWEEN 5458469 AND 5468468
	Aggregate  (cost=35123.43..35123.44 rows=1 width=8)
	  ->  Bitmap Heap Scan on sbtest7  (cost=221.03..35097.92 rows=10204 width=4)
	        Recheck Cond: ((id >= 5458469) AND (id <= 5468468))
	        ->  Bitmap Index Scan on sbtest7_pkey  (cost=0.00..218.48 rows=10204 width=0)
	              Index Cond: ((id >= 5458469) AND (id <= 5468468))

table 8 : explain SELECT SUM(k) FROM sbtest8 WHERE id BETWEEN 4735704 AND 4745703
	Aggregate  (cost=30395.11..30395.12 rows=1 width=8)
	  ->  Bitmap Heap Scan on sbtest8  (cost=189.70..30373.34 rows=8709 width=4)
	        Recheck Cond: ((id >= 4735704) AND (id <= 4745703))
	        ->  Bitmap Index Scan on sbtest8_pkey  (cost=0.00..187.53 rows=8709 width=0)
	              Index Cond: ((id >= 4735704) AND (id <= 4745703))

for: distinct_ranges
table 1 : explain SELECT DISTINCT c FROM sbtest1 WHERE id BETWEEN 384506 AND 394505 ORDER BY c
	Unique  (cost=36941.29..36994.36 rows=10614 width=121)
	  ->  Sort  (cost=36941.29..36967.82 rows=10614 width=121)
	        Sort Key: c
	        ->  Bitmap Heap Scan on sbtest1  (cost=229.23..36231.54 rows=10614 width=121)
	              Recheck Cond: ((id >= 384506) AND (id <= 394505))
	              ->  Bitmap Index Scan on sbtest1_pkey  (cost=0.00..226.57 rows=10614 width=0)
	                    Index Cond: ((id >= 384506) AND (id <= 394505))

table 2 : explain SELECT DISTINCT c FROM sbtest2 WHERE id BETWEEN 2642838 AND 2652837 ORDER BY c
	Unique  (cost=33479.99..33527.56 rows=9514 width=121)
	  ->  Sort  (cost=33479.99..33503.77 rows=9514 width=121)
	        Sort Key: c
	        ->  Bitmap Heap Scan on sbtest2  (cost=205.95..32851.31 rows=9514 width=121)
	              Recheck Cond: ((id >= 2642838) AND (id <= 2652837))
	              ->  Bitmap Index Scan on sbtest2_pkey  (cost=0.00..203.57 rows=9514 width=0)
	                    Index Cond: ((id >= 2642838) AND (id <= 2652837))

table 3 : explain SELECT DISTINCT c FROM sbtest3 WHERE id BETWEEN 5577506 AND 5587505 ORDER BY c
	Unique  (cost=32380.89..32426.75 rows=9172 width=121)
	  ->  Sort  (cost=32380.89..32403.82 rows=9172 width=121)
	        Sort Key: c
	        ->  Bitmap Heap Scan on sbtest3  (cost=198.45..31777.23 rows=9172 width=121)
	              Recheck Cond: ((id >= 5577506) AND (id <= 5587505))
	              ->  Bitmap Index Scan on sbtest3_pkey  (cost=0.00..196.16 rows=9172 width=0)
	                    Index Cond: ((id >= 5577506) AND (id <= 5587505))

table 4 : explain SELECT DISTINCT c FROM sbtest4 WHERE id BETWEEN 953268 AND 963267 ORDER BY c
	Unique  (cost=34410.43..34459.39 rows=9791 width=121)
	  ->  Sort  (cost=34410.43..34434.91 rows=9791 width=121)
	        Sort Key: c
	        ->  Bitmap Heap Scan on sbtest4  (cost=208.79..33761.42 rows=9791 width=121)
	              Recheck Cond: ((id >= 953268) AND (id <= 963267))
	              ->  Bitmap Index Scan on sbtest4_pkey  (cost=0.00..206.34 rows=9791 width=0)
	                    Index Cond: ((id >= 953268) AND (id <= 963267))

table 5 : explain SELECT DISTINCT c FROM sbtest5 WHERE id BETWEEN 4739323 AND 4749322 ORDER BY c
	Unique  (cost=38432.35..38487.63 rows=11056 width=121)
	  ->  Sort  (cost=38432.35..38459.99 rows=11056 width=121)
	        Sort Key: c
	        ->  Bitmap Heap Scan on sbtest5  (cost=237.76..37689.80 rows=11056 width=121)
	              Recheck Cond: ((id >= 4739323) AND (id <= 4749322))
	              ->  Bitmap Index Scan on sbtest5_pkey  (cost=0.00..235.00 rows=11056 width=0)
	                    Index Cond: ((id >= 4739323) AND (id <= 4749322))

table 6 : explain SELECT DISTINCT c FROM sbtest6 WHERE id BETWEEN 6438050 AND 6448049 ORDER BY c
	Unique  (cost=35607.43..35658.25 rows=10163 width=121)
	  ->  Sort  (cost=35607.43..35632.84 rows=10163 width=121)
	        Sort Key: c
	        ->  Bitmap Heap Scan on sbtest6  (cost=220.61..34931.03 rows=10163 width=121)
	              Recheck Cond: ((id >= 6438050) AND (id <= 6448049))
	              ->  Bitmap Index Scan on sbtest6_pkey  (cost=0.00..218.06 rows=10163 width=0)
	                    Index Cond: ((id >= 6438050) AND (id <= 6448049))

table 7 : explain SELECT DISTINCT c FROM sbtest7 WHERE id BETWEEN 5416444 AND 5426443 ORDER BY c
	Unique  (cost=35167.90..35217.97 rows=10013 width=121)
	  ->  Sort  (cost=35167.90..35192.94 rows=10013 width=121)
	        Sort Key: c
	        ->  Bitmap Heap Scan on sbtest7  (cost=219.07..34502.56 rows=10013 width=121)
	              Recheck Cond: ((id >= 5416444) AND (id <= 5426443))
	              ->  Bitmap Index Scan on sbtest7_pkey  (cost=0.00..216.56 rows=10013 width=0)
	                    Index Cond: ((id >= 5416444) AND (id <= 5426443))

table 8 : explain SELECT DISTINCT c FROM sbtest8 WHERE id BETWEEN 308795 AND 318794 ORDER BY c
	Unique  (cost=34750.95..34800.36 rows=9883 width=121)
	  ->  Sort  (cost=34750.95..34775.66 rows=9883 width=121)
	        Sort Key: c
	        ->  Bitmap Heap Scan on sbtest8  (cost=217.74..34095.18 rows=9883 width=121)
	              Recheck Cond: ((id >= 308795) AND (id <= 318794))
	              ->  Bitmap Index Scan on sbtest8_pkey  (cost=0.00..215.26 rows=9883 width=0)
	                    Index Cond: ((id >= 308795) AND (id <= 318794))

for: simple_ranges
table 1 : explain SELECT c FROM sbtest1 WHERE id BETWEEN 8118162 AND 8128161
	Bitmap Heap Scan on sbtest1  (cost=232.00..37057.51 rows=10884 width=121)
	  Recheck Cond: ((id >= 8118162) AND (id <= 8128161))
	  ->  Bitmap Index Scan on sbtest1_pkey  (cost=0.00..229.28 rows=10884 width=0)
	        Index Cond: ((id >= 8118162) AND (id <= 8128161))

table 2 : explain SELECT c FROM sbtest2 WHERE id BETWEEN 8145914 AND 8155913
	Bitmap Heap Scan on sbtest2  (cost=223.76..35833.79 rows=10471 width=121)
	  Recheck Cond: ((id >= 8145914) AND (id <= 8155913))
	  ->  Bitmap Index Scan on sbtest2_pkey  (cost=0.00..221.15 rows=10471 width=0)
	        Index Cond: ((id >= 8145914) AND (id <= 8155913))

table 3 : explain SELECT c FROM sbtest3 WHERE id BETWEEN 5902808 AND 5912807
	Bitmap Heap Scan on sbtest3  (cost=208.44..33614.82 rows=9757 width=121)
	  Recheck Cond: ((id >= 5902808) AND (id <= 5912807))
	  ->  Bitmap Index Scan on sbtest3_pkey  (cost=0.00..206.00 rows=9757 width=0)
	        Index Cond: ((id >= 5902808) AND (id <= 5912807))

table 4 : explain SELECT c FROM sbtest4 WHERE id BETWEEN 6862710 AND 6872709
	Bitmap Heap Scan on sbtest4  (cost=231.20..36918.21 rows=10806 width=121)
	  Recheck Cond: ((id >= 6862710) AND (id <= 6872709))
	  ->  Bitmap Index Scan on sbtest4_pkey  (cost=0.00..228.50 rows=10806 width=0)
	        Index Cond: ((id >= 6862710) AND (id <= 6872709))

table 5 : explain SELECT c FROM sbtest5 WHERE id BETWEEN 2041337 AND 2051336
	Bitmap Heap Scan on sbtest5  (cost=231.00..36861.71 rows=10787 width=121)
	  Recheck Cond: ((id >= 2041337) AND (id <= 2051336))
	  ->  Bitmap Index Scan on sbtest5_pkey  (cost=0.00..228.31 rows=10787 width=0)
	        Index Cond: ((id >= 2041337) AND (id <= 2051336))

table 6 : explain SELECT c FROM sbtest6 WHERE id BETWEEN 4999095 AND 5009094
	Bitmap Heap Scan on sbtest6  (cost=197.82..31621.94 rows=9111 width=121)
	  Recheck Cond: ((id >= 4999095) AND (id <= 5009094))
	  ->  Bitmap Index Scan on sbtest6_pkey  (cost=0.00..195.55 rows=9111 width=0)
	        Index Cond: ((id >= 4999095) AND (id <= 5009094))

table 7 : explain SELECT c FROM sbtest7 WHERE id BETWEEN 4976346 AND 4986345
	Bitmap Heap Scan on sbtest7  (cost=214.70..34385.77 rows=9977 width=121)
	  Recheck Cond: ((id >= 4976346) AND (id <= 4986345))
	  ->  Bitmap Index Scan on sbtest7_pkey  (cost=0.00..212.20 rows=9977 width=0)
	        Index Cond: ((id >= 4976346) AND (id <= 4986345))

table 8 : explain SELECT c FROM sbtest8 WHERE id BETWEEN 1569373 AND 1579372
	Bitmap Heap Scan on sbtest8  (cost=235.09..36936.79 rows=10796 width=121)
	  Recheck Cond: ((id >= 1569373) AND (id <= 1579372))
	  ->  Bitmap Index Scan on sbtest8_pkey  (cost=0.00..232.40 rows=10796 width=0)
	        Index Cond: ((id >= 1569373) AND (id <= 1579372))

for: order_ranges
table 1 : explain SELECT c FROM sbtest1 WHERE id BETWEEN 9403449 AND 9413448 ORDER BY c
	Sort  (cost=37175.85..37202.57 rows=10689 width=121)
	  Sort Key: c
	  ->  Bitmap Heap Scan on sbtest1  (cost=230.00..36460.55 rows=10689 width=121)
	        Recheck Cond: ((id >= 9403449) AND (id <= 9413448))
	        ->  Bitmap Index Scan on sbtest1_pkey  (cost=0.00..227.32 rows=10689 width=0)
	              Index Cond: ((id >= 9403449) AND (id <= 9413448))

table 2 : explain SELECT c FROM sbtest2 WHERE id BETWEEN 6545416 AND 6555415 ORDER BY c
	Sort  (cost=34856.14..34881.00 rows=9943 width=121)
	  Sort Key: c
	  ->  Bitmap Heap Scan on sbtest2  (cost=214.35..34195.95 rows=9943 width=121)
	        Recheck Cond: ((id >= 6545416) AND (id <= 6555415))
	        ->  Bitmap Index Scan on sbtest2_pkey  (cost=0.00..211.87 rows=9943 width=0)
	              Index Cond: ((id >= 6545416) AND (id <= 6555415))

table 3 : explain SELECT c FROM sbtest3 WHERE id BETWEEN 1538978 AND 1548977 ORDER BY c
	Sort  (cost=35765.70..35791.27 rows=10228 width=121)
	  Sort Key: c
	  ->  Bitmap Heap Scan on sbtest3  (cost=221.27..35084.50 rows=10228 width=121)
	        Recheck Cond: ((id >= 1538978) AND (id <= 1548977))
	        ->  Bitmap Index Scan on sbtest3_pkey  (cost=0.00..218.72 rows=10228 width=0)
	              Index Cond: ((id >= 1538978) AND (id <= 1548977))

table 4 : explain SELECT c FROM sbtest4 WHERE id BETWEEN 6558895 AND 6568894 ORDER BY c
	Sort  (cost=36165.94..36191.79 rows=10340 width=121)
	  Sort Key: c
	  ->  Bitmap Heap Scan on sbtest4  (cost=222.42..35476.48 rows=10340 width=121)
	        Recheck Cond: ((id >= 6558895) AND (id <= 6568894))
	        ->  Bitmap Index Scan on sbtest4_pkey  (cost=0.00..219.84 rows=10340 width=0)
	              Index Cond: ((id >= 6558895) AND (id <= 6568894))

table 5 : explain SELECT c FROM sbtest5 WHERE id BETWEEN 9525115 AND 9535114 ORDER BY c
	Sort  (cost=32651.63..32674.74 rows=9245 width=121)
	  Sort Key: c
	  ->  Bitmap Heap Scan on sbtest5  (cost=199.20..32042.64 rows=9245 width=121)
	        Recheck Cond: ((id >= 9525115) AND (id <= 9535114))
	        ->  Bitmap Index Scan on sbtest5_pkey  (cost=0.00..196.88 rows=9245 width=0)
	              Index Cond: ((id >= 9525115) AND (id <= 9535114))

table 6 : explain SELECT c FROM sbtest6 WHERE id BETWEEN 9095671 AND 9105670 ORDER BY c
	Sort  (cost=38519.39..38547.09 rows=11082 width=121)
	  Sort Key: c
	  ->  Bitmap Heap Scan on sbtest6  (cost=238.03..37774.90 rows=11082 width=121)
	        Recheck Cond: ((id >= 9095671) AND (id <= 9105670))
	        ->  Bitmap Index Scan on sbtest6_pkey  (cost=0.00..235.25 rows=11082 width=0)
	              Index Cond: ((id >= 9095671) AND (id <= 9105670))

table 7 : explain SELECT c FROM sbtest7 WHERE id BETWEEN 4095279 AND 4105278 ORDER BY c
	Sort  (cost=38582.22..38609.94 rows=11087 width=121)
	  Sort Key: c
	  ->  Bitmap Heap Scan on sbtest7  (cost=242.08..37837.37 rows=11087 width=121)
	        Recheck Cond: ((id >= 4095279) AND (id <= 4105278))
	        ->  Bitmap Index Scan on sbtest7_pkey  (cost=0.00..239.31 rows=11087 width=0)
	              Index Cond: ((id >= 4095279) AND (id <= 4105278))

table 8 : explain SELECT c FROM sbtest8 WHERE id BETWEEN 4631717 AND 4641716 ORDER BY c
	Sort  (cost=35400.89..35426.11 rows=10087 width=121)
	  Sort Key: c
	  ->  Bitmap Heap Scan on sbtest8  (cost=219.83..34730.10 rows=10087 width=121)
	        Recheck Cond: ((id >= 4631717) AND (id <= 4641716))
	        ->  Bitmap Index Scan on sbtest8_pkey  (cost=0.00..217.31 rows=10087 width=0)
	              Index Cond: ((id >= 4631717) AND (id <= 4641716))

for: sum_ranges
table 1 : explain SELECT SUM(k) FROM sbtest1 WHERE id BETWEEN 6305851 AND 6315850
	Aggregate  (cost=32818.33..32818.34 rows=1 width=8)
	  ->  Bitmap Heap Scan on sbtest1  (cost=205.90..32794.56 rows=9509 width=4)
	        Recheck Cond: ((id >= 6305851) AND (id <= 6315850))
	        ->  Bitmap Index Scan on sbtest1_pkey  (cost=0.00..203.53 rows=9509 width=0)
	              Index Cond: ((id >= 6305851) AND (id <= 6315850))

table 2 : explain SELECT SUM(k) FROM sbtest2 WHERE id BETWEEN 1441303 AND 1451302
	Aggregate  (cost=34330.17..34330.18 rows=1 width=8)
	  ->  Bitmap Heap Scan on sbtest2  (cost=214.72..34305.23 rows=9979 width=4)
	        Recheck Cond: ((id >= 1441303) AND (id <= 1451302))
	        ->  Bitmap Index Scan on sbtest2_pkey  (cost=0.00..212.23 rows=9979 width=0)
	              Index Cond: ((id >= 1441303) AND (id <= 1451302))

table 3 : explain SELECT SUM(k) FROM sbtest3 WHERE id BETWEEN 4408188 AND 4418187
	Aggregate  (cost=34148.93..34148.94 rows=1 width=8)
	  ->  Bitmap Heap Scan on sbtest3  (cost=214.10..34124.14 rows=9919 width=4)
	        Recheck Cond: ((id >= 4408188) AND (id <= 4418187))
	        ->  Bitmap Index Scan on sbtest3_pkey  (cost=0.00..211.62 rows=9919 width=0)
	              Index Cond: ((id >= 4408188) AND (id <= 4418187))

table 4 : explain SELECT SUM(k) FROM sbtest4 WHERE id BETWEEN 5587813 AND 5597812
	Aggregate  (cost=34379.98..34379.99 rows=1 width=8)
	  ->  Bitmap Heap Scan on sbtest4  (cost=214.73..34355.03 rows=9980 width=4)
	        Recheck Cond: ((id >= 5587813) AND (id <= 5597812))
	        ->  Bitmap Index Scan on sbtest4_pkey  (cost=0.00..212.24 rows=9980 width=0)
	              Index Cond: ((id >= 5587813) AND (id <= 5597812))

table 5 : explain SELECT SUM(k) FROM sbtest5 WHERE id BETWEEN 2026463 AND 2036462
	Aggregate  (cost=36888.67..36888.68 rows=1 width=8)
	  ->  Bitmap Heap Scan on sbtest5  (cost=231.00..36861.71 rows=10787 width=4)
	        Recheck Cond: ((id >= 2026463) AND (id <= 2036462))
	        ->  Bitmap Index Scan on sbtest5_pkey  (cost=0.00..228.31 rows=10787 width=0)
	              Index Cond: ((id >= 2026463) AND (id <= 2036462))

table 6 : explain SELECT SUM(k) FROM sbtest6 WHERE id BETWEEN 5135228 AND 5145227
	Aggregate  (cost=35511.85..35511.86 rows=1 width=8)
	  ->  Bitmap Heap Scan on sbtest6  (cost=222.44..35485.99 rows=10342 width=4)
	        Recheck Cond: ((id >= 5135228) AND (id <= 5145227))
	        ->  Bitmap Index Scan on sbtest6_pkey  (cost=0.00..219.86 rows=10342 width=0)
	              Index Cond: ((id >= 5135228) AND (id <= 5145227))

table 7 : explain SELECT SUM(k) FROM sbtest7 WHERE id BETWEEN 9628165 AND 9638164
	Aggregate  (cost=36026.64..36026.65 rows=1 width=8)
	  ->  Bitmap Heap Scan on sbtest7  (cost=228.00..36000.40 rows=10494 width=4)
	        Recheck Cond: ((id >= 9628165) AND (id <= 9638164))
	        ->  Bitmap Index Scan on sbtest7_pkey  (cost=0.00..225.38 rows=10494 width=0)
	              Index Cond: ((id >= 9628165) AND (id <= 9638164))

table 8 : explain SELECT SUM(k) FROM sbtest8 WHERE id BETWEEN 5510674 AND 5520673
	Aggregate  (cost=36115.97..36115.98 rows=1 width=8)
	  ->  Bitmap Heap Scan on sbtest8  (cost=232.29..36089.67 rows=10522 width=4)
	        Recheck Cond: ((id >= 5510674) AND (id <= 5520673))
	        ->  Bitmap Index Scan on sbtest8_pkey  (cost=0.00..229.66 rows=10522 width=0)
	              Index Cond: ((id >= 5510674) AND (id <= 5520673))

for: distinct_ranges
table 1 : explain SELECT DISTINCT c FROM sbtest1 WHERE id BETWEEN 3716523 AND 3726522 ORDER BY c
	Unique  (cost=37663.74..37717.96 rows=10844 width=121)
	  ->  Sort  (cost=37663.74..37690.85 rows=10844 width=121)
	        Sort Key: c
	        ->  Bitmap Heap Scan on sbtest1  (cost=231.59..36936.95 rows=10844 width=121)
	              Recheck Cond: ((id >= 3716523) AND (id <= 3726522))
	              ->  Bitmap Index Scan on sbtest1_pkey  (cost=0.00..228.88 rows=10844 width=0)
	                    Index Cond: ((id >= 3716523) AND (id <= 3726522))

table 2 : explain SELECT DISTINCT c FROM sbtest2 WHERE id BETWEEN 1587883 AND 1597882 ORDER BY c
	Unique  (cost=35129.10..35179.25 rows=10029 width=121)
	  ->  Sort  (cost=35129.10..35154.18 rows=10029 width=121)
	        Sort Key: c
	        ->  Bitmap Heap Scan on sbtest2  (cost=215.23..34462.58 rows=10029 width=121)
	              Recheck Cond: ((id >= 1587883) AND (id <= 1597882))
	              ->  Bitmap Index Scan on sbtest2_pkey  (cost=0.00..212.73 rows=10029 width=0)
	                    Index Cond: ((id >= 1587883) AND (id <= 1597882))

table 3 : explain SELECT DISTINCT c FROM sbtest3 WHERE id BETWEEN 6434609 AND 6444608 ORDER BY c
	Unique  (cost=35584.53..35635.39 rows=10172 width=121)
	  ->  Sort  (cost=35584.53..35609.96 rows=10172 width=121)
	        Sort Key: c
	        ->  Bitmap Heap Scan on sbtest3  (cost=216.70..34907.47 rows=10172 width=121)
	              Recheck Cond: ((id >= 6434609) AND (id <= 6444608))
	              ->  Bitmap Index Scan on sbtest3_pkey  (cost=0.00..214.16 rows=10172 width=0)
	                    Index Cond: ((id >= 6434609) AND (id <= 6444608))

table 4 : explain SELECT DISTINCT c FROM sbtest4 WHERE id BETWEEN 8953983 AND 8963982 ORDER BY c
	Unique  (cost=35708.84..35759.83 rows=10197 width=121)
	  ->  Sort  (cost=35708.84..35734.34 rows=10197 width=121)
	        Sort Key: c
	        ->  Bitmap Heap Scan on sbtest4  (cost=216.95..35029.93 rows=10197 width=121)
	              Recheck Cond: ((id >= 8953983) AND (id <= 8963982))
	              ->  Bitmap Index Scan on sbtest4_pkey  (cost=0.00..214.41 rows=10197 width=0)
	                    Index Cond: ((id >= 8953983) AND (id <= 8963982))

table 5 : explain SELECT DISTINCT c FROM sbtest5 WHERE id BETWEEN 2607137 AND 2617136 ORDER BY c
	Unique  (cost=34103.94..34152.42 rows=9695 width=121)
	  ->  Sort  (cost=34103.94..34128.18 rows=9695 width=121)
	        Sort Key: c
	        ->  Bitmap Heap Scan on sbtest5  (cost=207.81..33461.99 rows=9695 width=121)
	              Recheck Cond: ((id >= 2607137) AND (id <= 2617136))
	              ->  Bitmap Index Scan on sbtest5_pkey  (cost=0.00..205.38 rows=9695 width=0)
	                    Index Cond: ((id >= 2607137) AND (id <= 2617136))

table 6 : explain SELECT DISTINCT c FROM sbtest6 WHERE id BETWEEN 1178836 AND 1188835 ORDER BY c
	Unique  (cost=34301.02..34349.80 rows=9756 width=121)
	  ->  Sort  (cost=34301.02..34325.41 rows=9756 width=121)
	        Sort Key: c
	        ->  Bitmap Heap Scan on sbtest6  (cost=208.43..33654.58 rows=9756 width=121)
	              Recheck Cond: ((id >= 1178836) AND (id <= 1188835))
	              ->  Bitmap Index Scan on sbtest6_pkey  (cost=0.00..206.00 rows=9756 width=0)
	                    Index Cond: ((id >= 1178836) AND (id <= 1188835))

table 7 : explain SELECT DISTINCT c FROM sbtest7 WHERE id BETWEEN 8534028 AND 8544027 ORDER BY c
	Unique  (cost=37429.17..37482.79 rows=10723 width=121)
	  ->  Sort  (cost=37429.17..37455.98 rows=10723 width=121)
	        Sort Key: c
	        ->  Bitmap Heap Scan on sbtest7  (cost=234.35..36711.35 rows=10723 width=121)
	              Recheck Cond: ((id >= 8534028) AND (id <= 8544027))
	              ->  Bitmap Index Scan on sbtest7_pkey  (cost=0.00..231.67 rows=10723 width=0)
	                    Index Cond: ((id >= 8534028) AND (id <= 8544027))

table 8 : explain SELECT DISTINCT c FROM sbtest8 WHERE id BETWEEN 9242030 AND 9252029 ORDER BY c
	Unique  (cost=37699.30..37753.35 rows=10809 width=121)
	  ->  Sort  (cost=37699.30..37726.33 rows=10809 width=121)
	        Sort Key: c
	        ->  Bitmap Heap Scan on sbtest8  (cost=235.23..36975.10 rows=10809 width=121)
	              Recheck Cond: ((id >= 9242030) AND (id <= 9252029))
	              ->  Bitmap Index Scan on sbtest8_pkey  (cost=0.00..232.53 rows=10809 width=0)
	                    Index Cond: ((id >= 9242030) AND (id <= 9252029))

for point_selects
table 1 : explain SELECT c FROM sbtest1 WHERE id=7671477
	Index Scan using sbtest1_pkey on sbtest1  (cost=0.43..8.45 rows=1 width=121)
	  Index Cond: (id = 7671477)

table 2 : explain SELECT c FROM sbtest2 WHERE id=4967280
	Index Scan using sbtest2_pkey on sbtest2  (cost=0.43..8.45 rows=1 width=121)
	  Index Cond: (id = 4967280)

table 3 : explain SELECT c FROM sbtest3 WHERE id=5341252
	Index Scan using sbtest3_pkey on sbtest3  (cost=0.43..8.45 rows=1 width=121)
	  Index Cond: (id = 5341252)

table 4 : explain SELECT c FROM sbtest4 WHERE id=1493316
	Index Scan using sbtest4_pkey on sbtest4  (cost=0.43..8.45 rows=1 width=121)
	  Index Cond: (id = 1493316)

table 5 : explain SELECT c FROM sbtest5 WHERE id=2105263
	Index Scan using sbtest5_pkey on sbtest5  (cost=0.43..8.45 rows=1 width=121)
	  Index Cond: (id = 2105263)

table 6 : explain SELECT c FROM sbtest6 WHERE id=557796
	Index Scan using sbtest6_pkey on sbtest6  (cost=0.43..8.45 rows=1 width=121)
	  Index Cond: (id = 557796)

table 7 : explain SELECT c FROM sbtest7 WHERE id=9239550
	Index Scan using sbtest7_pkey on sbtest7  (cost=0.43..8.45 rows=1 width=121)
	  Index Cond: (id = 9239550)

table 8 : explain SELECT c FROM sbtest8 WHERE id=2272632
	Index Scan using sbtest8_pkey on sbtest8  (cost=0.43..8.45 rows=1 width=121)
	  Index Cond: (id = 2272632)

for: order_ranges
table 1 : explain SELECT c FROM sbtest1 WHERE id BETWEEN 2921912 AND 2931911 ORDER BY c
	Sort  (cost=35128.46..35153.57 rows=10043 width=121)
	  Sort Key: c
	  ->  Bitmap Heap Scan on sbtest1  (cost=215.38..34460.90 rows=10043 width=121)
	        Recheck Cond: ((id >= 2921912) AND (id <= 2931911))
	        ->  Bitmap Index Scan on sbtest1_pkey  (cost=0.00..212.87 rows=10043 width=0)
	              Index Cond: ((id >= 2921912) AND (id <= 2931911))

table 2 : explain SELECT c FROM sbtest2 WHERE id BETWEEN 6354648 AND 6364647 ORDER BY c
	Sort  (cost=33727.86..33751.84 rows=9591 width=121)
	  Sort Key: c
	  ->  Bitmap Heap Scan on sbtest2  (cost=206.74..33093.54 rows=9591 width=121)
	        Recheck Cond: ((id >= 6354648) AND (id <= 6364647))
	        ->  Bitmap Index Scan on sbtest2_pkey  (cost=0.00..204.34 rows=9591 width=0)
	              Index Cond: ((id >= 6354648) AND (id <= 6364647))

table 3 : explain SELECT c FROM sbtest3 WHERE id BETWEEN 518989 AND 528988 ORDER BY c
	Sort  (cost=33911.58..33935.70 rows=9648 width=121)
	  Sort Key: c
	  ->  Bitmap Heap Scan on sbtest3  (cost=207.33..33273.08 rows=9648 width=121)
	        Recheck Cond: ((id >= 518989) AND (id <= 528988))
	        ->  Bitmap Index Scan on sbtest3_pkey  (cost=0.00..204.92 rows=9648 width=0)
	              Index Cond: ((id >= 518989) AND (id <= 528988))

table 4 : explain SELECT c FROM sbtest4 WHERE id BETWEEN 2574254 AND 2584253 ORDER BY c
	Sort  (cost=35778.58..35804.13 rows=10218 width=121)
	  Sort Key: c
	  ->  Bitmap Heap Scan on sbtest4  (cost=221.17..35098.13 rows=10218 width=121)
	        Recheck Cond: ((id >= 2574254) AND (id <= 2584253))
	        ->  Bitmap Index Scan on sbtest4_pkey  (cost=0.00..218.62 rows=10218 width=0)
	              Index Cond: ((id >= 2574254) AND (id <= 2584253))

table 5 : explain SELECT c FROM sbtest5 WHERE id BETWEEN 1908228 AND 1918227 ORDER BY c
	Sort  (cost=38598.15..38625.92 rows=11108 width=121)
	  Sort Key: c
	  ->  Bitmap Heap Scan on sbtest5  (cost=238.29..37851.73 rows=11108 width=121)
	        Recheck Cond: ((id >= 1908228) AND (id <= 1918227))
	        ->  Bitmap Index Scan on sbtest5_pkey  (cost=0.00..235.51 rows=11108 width=0)
	              Index Cond: ((id >= 1908228) AND (id <= 1918227))

table 6 : explain SELECT c FROM sbtest6 WHERE id BETWEEN 5660202 AND 5670201 ORDER BY c
	Sort  (cost=34059.80..34084.00 rows=9681 width=121)
	  Sort Key: c
	  ->  Bitmap Heap Scan on sbtest6  (cost=207.67..33418.87 rows=9681 width=121)
	        Recheck Cond: ((id >= 5660202) AND (id <= 5670201))
	        ->  Bitmap Index Scan on sbtest6_pkey  (cost=0.00..205.25 rows=9681 width=0)
	              Index Cond: ((id >= 5660202) AND (id <= 5670201))

table 7 : explain SELECT c FROM sbtest7 WHERE id BETWEEN 1116661 AND 1126660 ORDER BY c
	Sort  (cost=37300.77..37327.48 rows=10683 width=121)
	  Sort Key: c
	  ->  Bitmap Heap Scan on sbtest7  (cost=229.94..36585.92 rows=10683 width=121)
	        Recheck Cond: ((id >= 1116661) AND (id <= 1126660))
	        ->  Bitmap Index Scan on sbtest7_pkey  (cost=0.00..227.26 rows=10683 width=0)
	              Index Cond: ((id >= 1116661) AND (id <= 1126660))

table 8 : explain SELECT c FROM sbtest8 WHERE id BETWEEN 1317494 AND 1327493 ORDER BY c
	Sort  (cost=31415.82..31437.95 rows=8853 width=121)
	  Sort Key: c
	  ->  Bitmap Heap Scan on sbtest8  (cost=195.18..30835.42 rows=8853 width=121)
	        Recheck Cond: ((id >= 1317494) AND (id <= 1327493))
	        ->  Bitmap Index Scan on sbtest8_pkey  (cost=0.00..192.97 rows=8853 width=0)
	              Index Cond: ((id >= 1317494) AND (id <= 1327493))

for: simple_ranges
table 1 : explain SELECT c FROM sbtest1 WHERE id BETWEEN 8762171 AND 8772170
	Bitmap Heap Scan on sbtest1  (cost=245.64..38744.00 rows=11435 width=121)
	  Recheck Cond: ((id >= 8762171) AND (id <= 8772170))
	  ->  Bitmap Index Scan on sbtest1_pkey  (cost=0.00..242.79 rows=11435 width=0)
	        Index Cond: ((id >= 8762171) AND (id <= 8772170))

table 2 : explain SELECT c FROM sbtest2 WHERE id BETWEEN 5570170 AND 5580169
	Bitmap Heap Scan on sbtest2  (cost=246.04..38915.04 rows=11474 width=121)
	  Recheck Cond: ((id >= 5570170) AND (id <= 5580169))
	  ->  Bitmap Index Scan on sbtest2_pkey  (cost=0.00..243.18 rows=11474 width=0)
	        Index Cond: ((id >= 5570170) AND (id <= 5580169))

table 3 : explain SELECT c FROM sbtest3 WHERE id BETWEEN 7128358 AND 7138357
	Bitmap Heap Scan on sbtest3  (cost=201.14..32603.55 rows=9435 width=121)
	  Recheck Cond: ((id >= 7128358) AND (id <= 7138357))
	  ->  Bitmap Index Scan on sbtest3_pkey  (cost=0.00..198.79 rows=9435 width=0)
	        Index Cond: ((id >= 7128358) AND (id <= 7138357))

table 4 : explain SELECT c FROM sbtest4 WHERE id BETWEEN 3696776 AND 3706775
	Bitmap Heap Scan on sbtest4  (cost=201.10..32629.12 rows=9431 width=121)
	  Recheck Cond: ((id >= 3696776) AND (id <= 3706775))
	  ->  Bitmap Index Scan on sbtest4_pkey  (cost=0.00..198.75 rows=9431 width=0)
	        Index Cond: ((id >= 3696776) AND (id <= 3706775))

table 5 : explain SELECT c FROM sbtest5 WHERE id BETWEEN 327757 AND 337756
	Bitmap Heap Scan on sbtest5  (cost=221.75..35275.35 rows=10275 width=121)
	  Recheck Cond: ((id >= 327757) AND (id <= 337756))
	  ->  Bitmap Index Scan on sbtest5_pkey  (cost=0.00..219.19 rows=10275 width=0)
	        Index Cond: ((id >= 327757) AND (id <= 337756))

table 6 : explain SELECT c FROM sbtest6 WHERE id BETWEEN 7513672 AND 7523671
	Bitmap Heap Scan on sbtest6  (cost=205.67..32807.54 rows=9486 width=121)
	  Recheck Cond: ((id >= 7513672) AND (id <= 7523671))
	  ->  Bitmap Index Scan on sbtest6_pkey  (cost=0.00..203.30 rows=9486 width=0)
	        Index Cond: ((id >= 7513672) AND (id <= 7523671))

table 7 : explain SELECT c FROM sbtest7 WHERE id BETWEEN 7502859 AND 7512858
	Bitmap Heap Scan on sbtest7  (cost=220.89..35056.14 rows=10191 width=121)
	  Recheck Cond: ((id >= 7502859) AND (id <= 7512858))
	  ->  Bitmap Index Scan on sbtest7_pkey  (cost=0.00..218.34 rows=10191 width=0)
	        Index Cond: ((id >= 7502859) AND (id <= 7512858))

table 8 : explain SELECT c FROM sbtest8 WHERE id BETWEEN 1725505 AND 1735504
	Bitmap Heap Scan on sbtest8  (cost=209.17..32693.31 rows=9438 width=121)
	  Recheck Cond: ((id >= 1725505) AND (id <= 1735504))
	  ->  Bitmap Index Scan on sbtest8_pkey  (cost=0.00..206.81 rows=9438 width=0)
	        Index Cond: ((id >= 1725505) AND (id <= 1735504))

for: distinct_ranges
table 1 : explain SELECT DISTINCT c FROM sbtest1 WHERE id BETWEEN 2458252 AND 2468251 ORDER BY c
	Unique  (cost=31525.91..31570.52 rows=8921 width=121)
	  ->  Sort  (cost=31525.91..31548.21 rows=8921 width=121)
	        Sort Key: c
	        ->  Bitmap Heap Scan on sbtest1  (cost=191.88..30940.56 rows=8921 width=121)
	              Recheck Cond: ((id >= 2458252) AND (id <= 2468251))
	              ->  Bitmap Index Scan on sbtest1_pkey  (cost=0.00..189.65 rows=8921 width=0)
	                    Index Cond: ((id >= 2458252) AND (id <= 2468251))

table 2 : explain SELECT DISTINCT c FROM sbtest2 WHERE id BETWEEN 799392 AND 809391 ORDER BY c
	Unique  (cost=36591.83..36644.28 rows=10490 width=121)
	  ->  Sort  (cost=36591.83..36618.06 rows=10490 width=121)
	        Sort Key: c
	        ->  Bitmap Heap Scan on sbtest2  (cost=223.96..35891.27 rows=10490 width=121)
	              Recheck Cond: ((id >= 799392) AND (id <= 809391))
	              ->  Bitmap Index Scan on sbtest2_pkey  (cost=0.00..221.34 rows=10490 width=0)
	                    Index Cond: ((id >= 799392) AND (id <= 809391))

table 3 : explain SELECT DISTINCT c FROM sbtest3 WHERE id BETWEEN 2671937 AND 2681936 ORDER BY c
	Unique  (cost=35220.01..35270.29 rows=10057 width=121)
	  ->  Sort  (cost=35220.01..35245.15 rows=10057 width=121)
	        Sort Key: c
	        ->  Bitmap Heap Scan on sbtest3  (cost=215.52..34551.42 rows=10057 width=121)
	              Recheck Cond: ((id >= 2671937) AND (id <= 2681936))
	              ->  Bitmap Index Scan on sbtest3_pkey  (cost=0.00..213.00 rows=10057 width=0)
	                    Index Cond: ((id >= 2671937) AND (id <= 2681936))

table 4 : explain SELECT DISTINCT c FROM sbtest4 WHERE id BETWEEN 2673421 AND 2683420 ORDER BY c
	Unique  (cost=36641.19..36693.64 rows=10490 width=121)
	  ->  Sort  (cost=36641.19..36667.41 rows=10490 width=121)
	        Sort Key: c
	        ->  Bitmap Heap Scan on sbtest4  (cost=223.96..35940.63 rows=10490 width=121)
	              Recheck Cond: ((id >= 2673421) AND (id <= 2683420))
	              ->  Bitmap Index Scan on sbtest4_pkey  (cost=0.00..221.34 rows=10490 width=0)
	                    Index Cond: ((id >= 2673421) AND (id <= 2683420))

table 5 : explain SELECT DISTINCT c FROM sbtest5 WHERE id BETWEEN 694504 AND 704503 ORDER BY c
	Unique  (cost=34623.09..34672.37 rows=9856 width=121)
	  ->  Sort  (cost=34623.09..34647.73 rows=9856 width=121)
	        Sort Key: c
	        ->  Bitmap Heap Scan on sbtest5  (cost=213.46..33969.31 rows=9856 width=121)
	              Recheck Cond: ((id >= 694504) AND (id <= 704503))
	              ->  Bitmap Index Scan on sbtest5_pkey  (cost=0.00..211.00 rows=9856 width=0)
	                    Index Cond: ((id >= 694504) AND (id <= 704503))

table 6 : explain SELECT DISTINCT c FROM sbtest6 WHERE id BETWEEN 8249993 AND 8259992 ORDER BY c
	Unique  (cost=37322.20..37375.71 rows=10703 width=121)
	  ->  Sort  (cost=37322.20..37348.96 rows=10703 width=121)
	        Sort Key: c
	        ->  Bitmap Heap Scan on sbtest6  (cost=230.14..36605.86 rows=10703 width=121)
	              Recheck Cond: ((id >= 8249993) AND (id <= 8259992))
	              ->  Bitmap Index Scan on sbtest6_pkey  (cost=0.00..227.47 rows=10703 width=0)
	                    Index Cond: ((id >= 8249993) AND (id <= 8259992))

table 7 : explain SELECT DISTINCT c FROM sbtest7 WHERE id BETWEEN 4760925 AND 4770924 ORDER BY c
	Unique  (cost=39220.01..39276.46 rows=11290 width=121)
	  ->  Sort  (cost=39220.01..39248.24 rows=11290 width=121)
	        Sort Key: c
	        ->  Bitmap Heap Scan on sbtest7  (cost=244.16..38460.04 rows=11290 width=121)
	              Recheck Cond: ((id >= 4760925) AND (id <= 4770924))
	              ->  Bitmap Index Scan on sbtest7_pkey  (cost=0.00..241.34 rows=11290 width=0)
	                    Index Cond: ((id >= 4760925) AND (id <= 4770924))

table 8 : explain SELECT DISTINCT c FROM sbtest8 WHERE id BETWEEN 2669565 AND 2679564 ORDER BY c
	Unique  (cost=35249.23..35299.43 rows=10039 width=121)
	  ->  Sort  (cost=35249.23..35274.33 rows=10039 width=121)
	        Sort Key: c
	        ->  Bitmap Heap Scan on sbtest8  (cost=219.33..34581.97 rows=10039 width=121)
	              Recheck Cond: ((id >= 2669565) AND (id <= 2679564))
	              ->  Bitmap Index Scan on sbtest8_pkey  (cost=0.00..216.82 rows=10039 width=0)
	                    Index Cond: ((id >= 2669565) AND (id <= 2679564))

for: sum_ranges
table 1 : explain SELECT SUM(k) FROM sbtest1 WHERE id BETWEEN 4517664 AND 4527663
	Aggregate  (cost=34800.10..34800.11 rows=1 width=8)
	  ->  Bitmap Heap Scan on sbtest1  (cost=216.41..34774.74 rows=10144 width=4)
	        Recheck Cond: ((id >= 4517664) AND (id <= 4527663))
	        ->  Bitmap Index Scan on sbtest1_pkey  (cost=0.00..213.88 rows=10144 width=0)
	              Index Cond: ((id >= 4517664) AND (id <= 4527663))

table 2 : explain SELECT SUM(k) FROM sbtest2 WHERE id BETWEEN 5968443 AND 5978442
	Aggregate  (cost=32810.39..32810.40 rows=1 width=8)
	  ->  Bitmap Heap Scan on sbtest2  (cost=205.74..32786.66 rows=9493 width=4)
	        Recheck Cond: ((id >= 5968443) AND (id <= 5978442))
	        ->  Bitmap Index Scan on sbtest2_pkey  (cost=0.00..203.37 rows=9493 width=0)
	              Index Cond: ((id >= 5968443) AND (id <= 5978442))

table 3 : explain SELECT SUM(k) FROM sbtest3 WHERE id BETWEEN 4525374 AND 4535373
	Aggregate  (cost=33142.15..33142.16 rows=1 width=8)
	  ->  Bitmap Heap Scan on sbtest3  (cost=206.81..33118.15 rows=9598 width=4)
	        Recheck Cond: ((id >= 4525374) AND (id <= 4535373))
	        ->  Bitmap Index Scan on sbtest3_pkey  (cost=0.00..204.42 rows=9598 width=0)
	              Index Cond: ((id >= 4525374) AND (id <= 4535373))

table 4 : explain SELECT SUM(k) FROM sbtest4 WHERE id BETWEEN 9842631 AND 9852630
	Aggregate  (cost=32951.63..32951.64 rows=1 width=8)
	  ->  Bitmap Heap Scan on sbtest4  (cost=206.07..32927.82 rows=9525 width=4)
	        Recheck Cond: ((id >= 9842631) AND (id <= 9852630))
	        ->  Bitmap Index Scan on sbtest4_pkey  (cost=0.00..203.69 rows=9525 width=0)
	              Index Cond: ((id >= 9842631) AND (id <= 9852630))

table 5 : explain SELECT SUM(k) FROM sbtest5 WHERE id BETWEEN 8700734 AND 8710733
	Aggregate  (cost=33712.40..33712.41 rows=1 width=8)
	  ->  Bitmap Heap Scan on sbtest5  (cost=208.56..33687.98 rows=9768 width=4)
	        Recheck Cond: ((id >= 8700734) AND (id <= 8710733))
	        ->  Bitmap Index Scan on sbtest5_pkey  (cost=0.00..206.12 rows=9768 width=0)
	              Index Cond: ((id >= 8700734) AND (id <= 8710733))

table 6 : explain SELECT SUM(k) FROM sbtest6 WHERE id BETWEEN 443991 AND 453990
	Aggregate  (cost=31008.13..31008.14 rows=1 width=8)
	  ->  Bitmap Heap Scan on sbtest6  (cost=191.77..30985.85 rows=8911 width=4)
	        Recheck Cond: ((id >= 443991) AND (id <= 453990))
	        ->  Bitmap Index Scan on sbtest6_pkey  (cost=0.00..189.55 rows=8911 width=0)
	              Index Cond: ((id >= 443991) AND (id <= 453990))

table 7 : explain SELECT SUM(k) FROM sbtest7 WHERE id BETWEEN 2488938 AND 2498937
	Aggregate  (cost=34339.73..34339.74 rows=1 width=8)
	  ->  Bitmap Heap Scan on sbtest7  (cost=214.46..34314.84 rows=9954 width=4)
	        Recheck Cond: ((id >= 2488938) AND (id <= 2498937))
	        ->  Bitmap Index Scan on sbtest7_pkey  (cost=0.00..211.98 rows=9954 width=0)
	              Index Cond: ((id >= 2488938) AND (id <= 2498937))

table 8 : explain SELECT SUM(k) FROM sbtest8 WHERE id BETWEEN 8654547 AND 8664546
	Aggregate  (cost=32703.92..32703.93 rows=1 width=8)
	  ->  Bitmap Heap Scan on sbtest8  (cost=209.13..32680.34 rows=9434 width=4)
	        Recheck Cond: ((id >= 8654547) AND (id <= 8664546))
	        ->  Bitmap Index Scan on sbtest8_pkey  (cost=0.00..206.78 rows=9434 width=0)
	              Index Cond: ((id >= 8654547) AND (id <= 8664546))

for: order_ranges
table 1 : explain SELECT c FROM sbtest1 WHERE id BETWEEN 101989 AND 111988 ORDER BY c
	Sort  (cost=35944.79..35970.54 rows=10299 width=121)
	  Sort Key: c
	  ->  Bitmap Heap Scan on sbtest1  (cost=222.00..35258.35 rows=10299 width=121)
	        Recheck Cond: ((id >= 101989) AND (id <= 111988))
	        ->  Bitmap Index Scan on sbtest1_pkey  (cost=0.00..219.43 rows=10299 width=0)
	              Index Cond: ((id >= 101989) AND (id <= 111988))

table 2 : explain SELECT c FROM sbtest2 WHERE id BETWEEN 6227135 AND 6237134 ORDER BY c
	Sort  (cost=36035.51..36061.30 rows=10314 width=121)
	  Sort Key: c
	  ->  Bitmap Heap Scan on sbtest2  (cost=222.15..35347.97 rows=10314 width=121)
	        Recheck Cond: ((id >= 6227135) AND (id <= 6237134))
	        ->  Bitmap Index Scan on sbtest2_pkey  (cost=0.00..219.57 rows=10314 width=0)
	              Index Cond: ((id >= 6227135) AND (id <= 6237134))

table 3 : explain SELECT c FROM sbtest3 WHERE id BETWEEN 9400325 AND 9410324 ORDER BY c
	Sort  (cost=35127.98..35153.05 rows=10028 width=121)
	  Sort Key: c
	  ->  Bitmap Heap Scan on sbtest3  (cost=215.22..34461.53 rows=10028 width=121)
	        Recheck Cond: ((id >= 9400325) AND (id <= 9410324))
	        ->  Bitmap Index Scan on sbtest3_pkey  (cost=0.00..212.72 rows=10028 width=0)
	              Index Cond: ((id >= 9400325) AND (id <= 9410324))

table 4 : explain SELECT c FROM sbtest4 WHERE id BETWEEN 6951213 AND 6961212 ORDER BY c
	Sort  (cost=38662.31..38690.13 rows=11129 width=121)
	  Sort Key: c
	  ->  Bitmap Heap Scan on sbtest4  (cost=238.51..37914.33 rows=11129 width=121)
	        Recheck Cond: ((id >= 6951213) AND (id <= 6961212))
	        ->  Bitmap Index Scan on sbtest4_pkey  (cost=0.00..235.73 rows=11129 width=0)
	              Index Cond: ((id >= 6951213) AND (id <= 6961212))

table 5 : explain SELECT c FROM sbtest5 WHERE id BETWEEN 2205061 AND 2215060 ORDER BY c
	Sort  (cost=35456.55..35481.85 rows=10118 width=121)
	  Sort Key: c
	  ->  Bitmap Heap Scan on sbtest5  (cost=216.14..34783.47 rows=10118 width=121)
	        Recheck Cond: ((id >= 2205061) AND (id <= 2215060))
	        ->  Bitmap Index Scan on sbtest5_pkey  (cost=0.00..213.62 rows=10118 width=0)
	              Index Cond: ((id >= 2205061) AND (id <= 2215060))

table 6 : explain SELECT c FROM sbtest6 WHERE id BETWEEN 8327573 AND 8337572 ORDER BY c
	Sort  (cost=36670.54..36696.78 rows=10498 width=121)
	  Sort Key: c
	  ->  Bitmap Heap Scan on sbtest6  (cost=224.04..35969.38 rows=10498 width=121)
	        Recheck Cond: ((id >= 8327573) AND (id <= 8337572))
	        ->  Bitmap Index Scan on sbtest6_pkey  (cost=0.00..221.42 rows=10498 width=0)
	              Index Cond: ((id >= 8327573) AND (id <= 8337572))

table 7 : explain SELECT c FROM sbtest7 WHERE id BETWEEN 9747146 AND 9757145 ORDER BY c
	Sort  (cost=36291.01..36316.92 rows=10365 width=121)
	  Sort Key: c
	  ->  Bitmap Heap Scan on sbtest7  (cost=226.68..35599.69 rows=10365 width=121)
	        Recheck Cond: ((id >= 9747146) AND (id <= 9757145))
	        ->  Bitmap Index Scan on sbtest7_pkey  (cost=0.00..224.09 rows=10365 width=0)
	              Index Cond: ((id >= 9747146) AND (id <= 9757145))

table 8 : explain SELECT c FROM sbtest8 WHERE id BETWEEN 3738627 AND 3748626 ORDER BY c
	Sort  (cost=34869.81..34894.61 rows=9920 width=121)
	  Sort Key: c
	  ->  Bitmap Heap Scan on sbtest8  (cost=218.11..34211.31 rows=9920 width=121)
	        Recheck Cond: ((id >= 3738627) AND (id <= 3748626))
	        ->  Bitmap Index Scan on sbtest8_pkey  (cost=0.00..215.63 rows=9920 width=0)
	              Index Cond: ((id >= 3738627) AND (id <= 3748626))

for: distinct_ranges
table 1 : explain SELECT DISTINCT c FROM sbtest1 WHERE id BETWEEN 4791234 AND 4801233 ORDER BY c
	Unique  (cost=35967.76..36019.29 rows=10307 width=121)
	  ->  Sort  (cost=35967.76..35993.53 rows=10307 width=121)
	        Sort Key: c
	        ->  Bitmap Heap Scan on sbtest1  (cost=222.08..35280.73 rows=10307 width=121)
	              Recheck Cond: ((id >= 4791234) AND (id <= 4801233))
	              ->  Bitmap Index Scan on sbtest1_pkey  (cost=0.00..219.50 rows=10307 width=0)
	                    Index Cond: ((id >= 4791234) AND (id <= 4801233))

table 2 : explain SELECT DISTINCT c FROM sbtest2 WHERE id BETWEEN 6803847 AND 6813846 ORDER BY c
	Unique  (cost=34509.79..34558.97 rows=9836 width=121)
	  ->  Sort  (cost=34509.79..34534.38 rows=9836 width=121)
	        Sort Key: c
	        ->  Bitmap Heap Scan on sbtest2  (cost=209.25..33857.48 rows=9836 width=121)
	              Recheck Cond: ((id >= 6803847) AND (id <= 6813846))
	              ->  Bitmap Index Scan on sbtest2_pkey  (cost=0.00..206.80 rows=9836 width=0)
	                    Index Cond: ((id >= 6803847) AND (id <= 6813846))

table 3 : explain SELECT DISTINCT c FROM sbtest3 WHERE id BETWEEN 5987037 AND 5997036 ORDER BY c
	Unique  (cost=35551.65..35602.46 rows=10161 width=121)
	  ->  Sort  (cost=35551.65..35577.05 rows=10161 width=121)
	        Sort Key: c
	        ->  Bitmap Heap Scan on sbtest3  (cost=216.59..34875.40 rows=10161 width=121)
	              Recheck Cond: ((id >= 5987037) AND (id <= 5997036))
	              ->  Bitmap Index Scan on sbtest3_pkey  (cost=0.00..214.05 rows=10161 width=0)
	                    Index Cond: ((id >= 5987037) AND (id <= 5997036))

table 4 : explain SELECT DISTINCT c FROM sbtest4 WHERE id BETWEEN 3589585 AND 3599584 ORDER BY c
	Unique  (cost=33884.98..33933.12 rows=9627 width=121)
	  ->  Sort  (cost=33884.98..33909.05 rows=9627 width=121)
	        Sort Key: c
	        ->  Bitmap Heap Scan on sbtest4  (cost=207.11..33248.02 rows=9627 width=121)
	              Recheck Cond: ((id >= 3589585) AND (id <= 3599584))
	              ->  Bitmap Index Scan on sbtest4_pkey  (cost=0.00..204.70 rows=9627 width=0)
	                    Index Cond: ((id >= 3589585) AND (id <= 3599584))

table 5 : explain SELECT DISTINCT c FROM sbtest5 WHERE id BETWEEN 2749170 AND 2759169 ORDER BY c
	Unique  (cost=35344.72..35395.13 rows=10083 width=121)
	  ->  Sort  (cost=35344.72..35369.93 rows=10083 width=121)
	        Sort Key: c
	        ->  Bitmap Heap Scan on sbtest5  (cost=215.79..34674.22 rows=10083 width=121)
	              Recheck Cond: ((id >= 2749170) AND (id <= 2759169))
	              ->  Bitmap Index Scan on sbtest5_pkey  (cost=0.00..213.26 rows=10083 width=0)
	                    Index Cond: ((id >= 2749170) AND (id <= 2759169))

table 6 : explain SELECT DISTINCT c FROM sbtest6 WHERE id BETWEEN 9927568 AND 9937567 ORDER BY c
	Unique  (cost=34026.66..34075.01 rows=9670 width=121)
	  ->  Sort  (cost=34026.66..34050.84 rows=9670 width=121)
	        Sort Key: c
	        ->  Bitmap Heap Scan on sbtest6  (cost=207.55..33386.54 rows=9670 width=121)
	              Recheck Cond: ((id >= 9927568) AND (id <= 9937567))
	              ->  Bitmap Index Scan on sbtest6_pkey  (cost=0.00..205.13 rows=9670 width=0)
	                    Index Cond: ((id >= 9927568) AND (id <= 9937567))

table 7 : explain SELECT DISTINCT c FROM sbtest7 WHERE id BETWEEN 6620022 AND 6630021 ORDER BY c
	Unique  (cost=34430.78..34479.70 rows=9784 width=121)
	  ->  Sort  (cost=34430.78..34455.24 rows=9784 width=121)
	        Sort Key: c
	        ->  Bitmap Heap Scan on sbtest7  (cost=212.72..33782.29 rows=9784 width=121)
	              Recheck Cond: ((id >= 6620022) AND (id <= 6630021))
	              ->  Bitmap Index Scan on sbtest7_pkey  (cost=0.00..210.28 rows=9784 width=0)
	                    Index Cond: ((id >= 6620022) AND (id <= 6630021))

table 8 : explain SELECT DISTINCT c FROM sbtest8 WHERE id BETWEEN 5197424 AND 5207423 ORDER BY c
	Unique  (cost=35057.94..35107.83 rows=9979 width=121)
	  ->  Sort  (cost=35057.94..35082.89 rows=9979 width=121)
	        Sort Key: c
	        ->  Bitmap Heap Scan on sbtest8  (cost=218.72..34395.10 rows=9979 width=121)
	              Recheck Cond: ((id >= 5197424) AND (id <= 5207423))
	              ->  Bitmap Index Scan on sbtest8_pkey  (cost=0.00..216.23 rows=9979 width=0)
	                    Index Cond: ((id >= 5197424) AND (id <= 5207423))

Threads started!

Warming up for 5 seconds...

SQL statistics:
    queries performed:
        read:                            4030948
        write:                           0
        other:                           575878
        total:                           4606826
    transactions:                        287959 (457.01 per sec.)
    queries:                             4606826 (7311.37 per sec.)
    ignored errors:                      0      (0.00 per sec.)
    reconnects:                          0      (0.00 per sec.)

Throughput:
    events/s (eps):                      457.0120
    time elapsed:                        630.0908s
    total number of events:              287959

Latency (ms):
         min:                                   53.40
         avg:                                   87.52
         max:                                   98.74
         95th percentile:                       90.78
         sum:                             25203370.52

Threads fairness:
    events (avg/stddev):           7198.9750/10.59
    execution time (avg/stddev):   630.0843/0.04

