LUA_PATH=/home/mdcallag/git/mytools/bench/sysbench.lua/lua/?.lua /home/mdcallag/git/mytools/bench/sysbench.lua/lua/sysbench --db-driver=pgsql --range-size=100 --table-size=10000000 --tables=8 --threads=40 --events=0 --warmup-time=5 --time=630 --pgsql_conn_id=true /home/mdcallag/git/mytools/bench/sysbench.lua/lua/oltp_point_select.lua run --pgsql-user=root --pgsql-password=pw --pgsql-host=127.0.0.1 --pgsql-db=ib --rand-type=uniform --skip-trx
48 CPUs
sysbench 1.1.0-9072687 (using bundled LuaJIT 2.1.0-beta3)

Running the test with following options:
Number of threads: 40
Warmup time: 5s
Initializing random number generator from current time


Initializing worker threads...

explain: for point_selects :: explain SELECT c FROM sbtest%u WHERE id=%u
for point_selects
table 1 : explain SELECT c FROM sbtest1 WHERE id=510576
	Index Scan using sbtest1_pkey on sbtest1  (cost=0.43..8.45 rows=1 width=121)
	  Index Cond: (id = 510576)

table 2 : explain SELECT c FROM sbtest2 WHERE id=2265473
	Index Scan using sbtest2_pkey on sbtest2  (cost=0.43..8.45 rows=1 width=121)
	  Index Cond: (id = 2265473)

table 3 : explain SELECT c FROM sbtest3 WHERE id=9276288
	Index Scan using sbtest3_pkey on sbtest3  (cost=0.43..8.45 rows=1 width=121)
	  Index Cond: (id = 9276288)

table 4 : explain SELECT c FROM sbtest4 WHERE id=8095828
	Index Scan using sbtest4_pkey on sbtest4  (cost=0.43..8.45 rows=1 width=121)
	  Index Cond: (id = 8095828)

table 5 : explain SELECT c FROM sbtest5 WHERE id=7799745
	Index Scan using sbtest5_pkey on sbtest5  (cost=0.43..8.45 rows=1 width=121)
	  Index Cond: (id = 7799745)

table 6 : explain SELECT c FROM sbtest6 WHERE id=7631023
	Index Scan using sbtest6_pkey on sbtest6  (cost=0.43..8.45 rows=1 width=121)
	  Index Cond: (id = 7631023)

table 7 : explain SELECT c FROM sbtest7 WHERE id=3792526
	Index Scan using sbtest7_pkey on sbtest7  (cost=0.43..8.45 rows=1 width=121)
	  Index Cond: (id = 3792526)

table 8 : explain SELECT c FROM sbtest8 WHERE id=6888428
	Index Scan using sbtest8_pkey on sbtest8  (cost=0.43..8.45 rows=1 width=121)
	  Index Cond: (id = 6888428)

explain: for point_selects :: explain SELECT c FROM sbtest%u WHERE id=%u
explain: for point_selects :: explain SELECT c FROM sbtest%u WHERE id=%u
explain: for point_selects :: explain SELECT c FROM sbtest%u WHERE id=%u
for point_selects
table 1 : explain SELECT c FROM sbtest1 WHERE id=9877418
	Index Scan using sbtest1_pkey on sbtest1  (cost=0.43..8.45 rows=1 width=121)
	  Index Cond: (id = 9877418)

table 2 : explain SELECT c FROM sbtest2 WHERE id=6064235
	Index Scan using sbtest2_pkey on sbtest2  (cost=0.43..8.45 rows=1 width=121)
	  Index Cond: (id = 6064235)

table 3 : explain SELECT c FROM sbtest3 WHERE id=1991203
	Index Scan using sbtest3_pkey on sbtest3  (cost=0.43..8.45 rows=1 width=121)
	  Index Cond: (id = 1991203)

table 4 : explain SELECT c FROM sbtest4 WHERE id=1149513
	Index Scan using sbtest4_pkey on sbtest4  (cost=0.43..8.45 rows=1 width=121)
	  Index Cond: (id = 1149513)

table 5 : explain SELECT c FROM sbtest5 WHERE id=76746
	Index Scan using sbtest5_pkey on sbtest5  (cost=0.43..8.45 rows=1 width=121)
	  Index Cond: (id = 76746)

table 6 : explain SELECT c FROM sbtest6 WHERE id=8054577
	Index Scan using sbtest6_pkey on sbtest6  (cost=0.43..8.45 rows=1 width=121)
	  Index Cond: (id = 8054577)

table 7 : explain SELECT c FROM sbtest7 WHERE id=8023422
	Index Scan using sbtest7_pkey on sbtest7  (cost=0.43..8.45 rows=1 width=121)
	  Index Cond: (id = 8023422)

table 8 : explain SELECT c FROM sbtest8 WHERE id=2473787
	Index Scan using sbtest8_pkey on sbtest8  (cost=0.43..8.45 rows=1 width=121)
	  Index Cond: (id = 2473787)

explain: for point_selects :: explain SELECT c FROM sbtest%u WHERE id=%u
explain: for point_selects :: explain SELECT c FROM sbtest%u WHERE id=%u
for point_selects
table 1 : explain SELECT c FROM sbtest1 WHERE id=9104395
	Index Scan using sbtest1_pkey on sbtest1  (cost=0.43..8.45 rows=1 width=121)
	  Index Cond: (id = 9104395)

table 2 : explain SELECT c FROM sbtest2 WHERE id=3760382
	Index Scan using sbtest2_pkey on sbtest2  (cost=0.43..8.45 rows=1 width=121)
	  Index Cond: (id = 3760382)

table 3 : explain SELECT c FROM sbtest3 WHERE id=1277722
	Index Scan using sbtest3_pkey on sbtest3  (cost=0.43..8.45 rows=1 width=121)
	  Index Cond: (id = 1277722)

table 4 : explain SELECT c FROM sbtest4 WHERE id=7694882
	Index Scan using sbtest4_pkey on sbtest4  (cost=0.43..8.45 rows=1 width=121)
	  Index Cond: (id = 7694882)

table 5 : explain SELECT c FROM sbtest5 WHERE id=5075993
	Index Scan using sbtest5_pkey on sbtest5  (cost=0.43..8.45 rows=1 width=121)
	  Index Cond: (id = 5075993)

table 6 : explain SELECT c FROM sbtest6 WHERE id=7536190
	Index Scan using sbtest6_pkey on sbtest6  (cost=0.43..8.45 rows=1 width=121)
	  Index Cond: (id = 7536190)

table 7 : explain SELECT c FROM sbtest7 WHERE id=1995311
	Index Scan using sbtest7_pkey on sbtest7  (cost=0.43..8.45 rows=1 width=121)
	  Index Cond: (id = 1995311)

table 8 : explain SELECT c FROM sbtest8 WHERE id=4781341
	Index Scan using sbtest8_pkey on sbtest8  (cost=0.43..8.45 rows=1 width=121)
	  Index Cond: (id = 4781341)

explain: for point_selects :: explain SELECT c FROM sbtest%u WHERE id=%u
explain: for point_selects :: explain SELECT c FROM sbtest%u WHERE id=%u
for point_selects
table 1 : explain SELECT c FROM sbtest1 WHERE id=4027061
	Index Scan using sbtest1_pkey on sbtest1  (cost=0.43..8.45 rows=1 width=121)
	  Index Cond: (id = 4027061)

table 2 : explain SELECT c FROM sbtest2 WHERE id=7238287
	Index Scan using sbtest2_pkey on sbtest2  (cost=0.43..8.45 rows=1 width=121)
	  Index Cond: (id = 7238287)

table 3 : explain SELECT c FROM sbtest3 WHERE id=6735294
	Index Scan using sbtest3_pkey on sbtest3  (cost=0.43..8.45 rows=1 width=121)
	  Index Cond: (id = 6735294)

table 4 : explain SELECT c FROM sbtest4 WHERE id=1536934
	Index Scan using sbtest4_pkey on sbtest4  (cost=0.43..8.45 rows=1 width=121)
	  Index Cond: (id = 1536934)

table 5 : explain SELECT c FROM sbtest5 WHERE id=9000517
	Index Scan using sbtest5_pkey on sbtest5  (cost=0.43..8.45 rows=1 width=121)
	  Index Cond: (id = 9000517)

table 6 : explain SELECT c FROM sbtest6 WHERE id=3338516
	Index Scan using sbtest6_pkey on sbtest6  (cost=0.43..8.45 rows=1 width=121)
	  Index Cond: (id = 3338516)

table 7 : explain SELECT c FROM sbtest7 WHERE id=8809248
	Index Scan using sbtest7_pkey on sbtest7  (cost=0.43..8.45 rows=1 width=121)
	  Index Cond: (id = 8809248)

table 8 : explain SELECT c FROM sbtest8 WHERE id=2183243
	Index Scan using sbtest8_pkey on sbtest8  (cost=0.43..8.45 rows=1 width=121)
	  Index Cond: (id = 2183243)

explain: for point_selects :: explain SELECT c FROM sbtest%u WHERE id=%u
explain: for point_selects :: explain SELECT c FROM sbtest%u WHERE id=%u
explain: for point_selects :: explain SELECT c FROM sbtest%u WHERE id=%u
for point_selects
table 1 : explain SELECT c FROM sbtest1 WHERE id=865871
	Index Scan using sbtest1_pkey on sbtest1  (cost=0.43..8.45 rows=1 width=121)
	  Index Cond: (id = 865871)

table 2 : explain SELECT c FROM sbtest2 WHERE id=1007919
	Index Scan using sbtest2_pkey on sbtest2  (cost=0.43..8.45 rows=1 width=121)
	  Index Cond: (id = 1007919)

table 3 : explain SELECT c FROM sbtest3 WHERE id=2924391
	Index Scan using sbtest3_pkey on sbtest3  (cost=0.43..8.45 rows=1 width=121)
	  Index Cond: (id = 2924391)

table 4 : explain SELECT c FROM sbtest4 WHERE id=6474742
	Index Scan using sbtest4_pkey on sbtest4  (cost=0.43..8.45 rows=1 width=121)
	  Index Cond: (id = 6474742)

table 5 : explain SELECT c FROM sbtest5 WHERE id=6406790
	Index Scan using sbtest5_pkey on sbtest5  (cost=0.43..8.45 rows=1 width=121)
	  Index Cond: (id = 6406790)

table 6 : explain SELECT c FROM sbtest6 WHERE id=4861210
	Index Scan using sbtest6_pkey on sbtest6  (cost=0.43..8.45 rows=1 width=121)
	  Index Cond: (id = 4861210)

table 7 : explain SELECT c FROM sbtest7 WHERE id=2416101
	Index Scan using sbtest7_pkey on sbtest7  (cost=0.43..8.45 rows=1 width=121)
	  Index Cond: (id = 2416101)

table 8 : explain SELECT c FROM sbtest8 WHERE id=352599
	Index Scan using sbtest8_pkey on sbtest8  (cost=0.43..8.45 rows=1 width=121)
	  Index Cond: (id = 352599)

for point_selects
table 1 : explain SELECT c FROM sbtest1 WHERE id=3682293
	Index Scan using sbtest1_pkey on sbtest1  (cost=0.43..8.45 rows=1 width=121)
	  Index Cond: (id = 3682293)

table 2 : explain SELECT c FROM sbtest2 WHERE id=6987316
	Index Scan using sbtest2_pkey on sbtest2  (cost=0.43..8.45 rows=1 width=121)
	  Index Cond: (id = 6987316)

table 3 : explain SELECT c FROM sbtest3 WHERE id=6760561
	Index Scan using sbtest3_pkey on sbtest3  (cost=0.43..8.45 rows=1 width=121)
	  Index Cond: (id = 6760561)

table 4 : explain SELECT c FROM sbtest4 WHERE id=2623078
	Index Scan using sbtest4_pkey on sbtest4  (cost=0.43..8.45 rows=1 width=121)
	  Index Cond: (id = 2623078)

table 5 : explain SELECT c FROM sbtest5 WHERE id=7338870
	Index Scan using sbtest5_pkey on sbtest5  (cost=0.43..8.45 rows=1 width=121)
	  Index Cond: (id = 7338870)

table 6 : explain SELECT c FROM sbtest6 WHERE id=8090945
	Index Scan using sbtest6_pkey on sbtest6  (cost=0.43..8.45 rows=1 width=121)
	  Index Cond: (id = 8090945)

table 7 : explain SELECT c FROM sbtest7 WHERE id=5759977
	Index Scan using sbtest7_pkey on sbtest7  (cost=0.43..8.45 rows=1 width=121)
	  Index Cond: (id = 5759977)

table 8 : explain SELECT c FROM sbtest8 WHERE id=4149524
	Index Scan using sbtest8_pkey on sbtest8  (cost=0.43..8.45 rows=1 width=121)
	  Index Cond: (id = 4149524)

explain: for point_selects :: explain SELECT c FROM sbtest%u WHERE id=%u
explain: for point_selects :: explain SELECT c FROM sbtest%u WHERE id=%u
explain: for point_selects :: explain SELECT c FROM sbtest%u WHERE id=%u
explain: for point_selects :: explain SELECT c FROM sbtest%u WHERE id=%u
for point_selects
table 1 : explain SELECT c FROM sbtest1 WHERE id=278514
	Index Scan using sbtest1_pkey on sbtest1  (cost=0.43..8.45 rows=1 width=121)
	  Index Cond: (id = 278514)

table 2 : explain SELECT c FROM sbtest2 WHERE id=7454613
	Index Scan using sbtest2_pkey on sbtest2  (cost=0.43..8.45 rows=1 width=121)
	  Index Cond: (id = 7454613)

table 3 : explain SELECT c FROM sbtest3 WHERE id=532642
	Index Scan using sbtest3_pkey on sbtest3  (cost=0.43..8.45 rows=1 width=121)
	  Index Cond: (id = 532642)

table 4 : explain SELECT c FROM sbtest4 WHERE id=4678572
	Index Scan using sbtest4_pkey on sbtest4  (cost=0.43..8.45 rows=1 width=121)
	  Index Cond: (id = 4678572)

table 5 : explain SELECT c FROM sbtest5 WHERE id=1955968
	Index Scan using sbtest5_pkey on sbtest5  (cost=0.43..8.45 rows=1 width=121)
	  Index Cond: (id = 1955968)

table 6 : explain SELECT c FROM sbtest6 WHERE id=8212348
	Index Scan using sbtest6_pkey on sbtest6  (cost=0.43..8.45 rows=1 width=121)
	  Index Cond: (id = 8212348)

table 7 : explain SELECT c FROM sbtest7 WHERE id=1224933
	Index Scan using sbtest7_pkey on sbtest7  (cost=0.43..8.45 rows=1 width=121)
	  Index Cond: (id = 1224933)

table 8 : explain SELECT c FROM sbtest8 WHERE id=6430546
	Index Scan using sbtest8_pkey on sbtest8  (cost=0.43..8.45 rows=1 width=121)
	  Index Cond: (id = 6430546)

for point_selects
table 1 : explain SELECT c FROM sbtest1 WHERE id=2653586
	Index Scan using sbtest1_pkey on sbtest1  (cost=0.43..8.45 rows=1 width=121)
	  Index Cond: (id = 2653586)

table 2 : explain SELECT c FROM sbtest2 WHERE id=9525671
	Index Scan using sbtest2_pkey on sbtest2  (cost=0.43..8.45 rows=1 width=121)
	  Index Cond: (id = 9525671)

table 3 : explain SELECT c FROM sbtest3 WHERE id=8211045
	Index Scan using sbtest3_pkey on sbtest3  (cost=0.43..8.45 rows=1 width=121)
	  Index Cond: (id = 8211045)

table 4 : explain SELECT c FROM sbtest4 WHERE id=3473661
	Index Scan using sbtest4_pkey on sbtest4  (cost=0.43..8.45 rows=1 width=121)
	  Index Cond: (id = 3473661)

table 5 : explain SELECT c FROM sbtest5 WHERE id=3101651
	Index Scan using sbtest5_pkey on sbtest5  (cost=0.43..8.45 rows=1 width=121)
	  Index Cond: (id = 3101651)

table 6 : explain SELECT c FROM sbtest6 WHERE id=436736
	Index Scan using sbtest6_pkey on sbtest6  (cost=0.43..8.45 rows=1 width=121)
	  Index Cond: (id = 436736)

table 7 : explain SELECT c FROM sbtest7 WHERE id=5246605
	Index Scan using sbtest7_pkey on sbtest7  (cost=0.43..8.45 rows=1 width=121)
	  Index Cond: (id = 5246605)

table 8 : explain SELECT c FROM sbtest8 WHERE id=1265243
	Index Scan using sbtest8_pkey on sbtest8  (cost=0.43..8.45 rows=1 width=121)
	  Index Cond: (id = 1265243)

for point_selects
table 1 : explain SELECT c FROM sbtest1 WHERE id=6782236
	Index Scan using sbtest1_pkey on sbtest1  (cost=0.43..8.45 rows=1 width=121)
	  Index Cond: (id = 6782236)

table 2 : explain SELECT c FROM sbtest2 WHERE id=4533080
	Index Scan using sbtest2_pkey on sbtest2  (cost=0.43..8.45 rows=1 width=121)
	  Index Cond: (id = 4533080)

table 3 : explain SELECT c FROM sbtest3 WHERE id=7517411
	Index Scan using sbtest3_pkey on sbtest3  (cost=0.43..8.45 rows=1 width=121)
	  Index Cond: (id = 7517411)

table 4 : explain SELECT c FROM sbtest4 WHERE id=6678420
	Index Scan using sbtest4_pkey on sbtest4  (cost=0.43..8.45 rows=1 width=121)
	  Index Cond: (id = 6678420)

table 5 : explain SELECT c FROM sbtest5 WHERE id=2701741
	Index Scan using sbtest5_pkey on sbtest5  (cost=0.43..8.45 rows=1 width=121)
	  Index Cond: (id = 2701741)

table 6 : explain SELECT c FROM sbtest6 WHERE id=3467010
	Index Scan using sbtest6_pkey on sbtest6  (cost=0.43..8.45 rows=1 width=121)
	  Index Cond: (id = 3467010)

table 7 : explain SELECT c FROM sbtest7 WHERE id=4521895
	Index Scan using sbtest7_pkey on sbtest7  (cost=0.43..8.45 rows=1 width=121)
	  Index Cond: (id = 4521895)

table 8 : explain SELECT c FROM sbtest8 WHERE id=2025936
	Index Scan using sbtest8_pkey on sbtest8  (cost=0.43..8.45 rows=1 width=121)
	  Index Cond: (id = 2025936)

for point_selects
table 1 : explain SELECT c FROM sbtest1 WHERE id=1264706
	Index Scan using sbtest1_pkey on sbtest1  (cost=0.43..8.45 rows=1 width=121)
	  Index Cond: (id = 1264706)

table 2 : explain SELECT c FROM sbtest2 WHERE id=6259226
	Index Scan using sbtest2_pkey on sbtest2  (cost=0.43..8.45 rows=1 width=121)
	  Index Cond: (id = 6259226)

table 3 : explain SELECT c FROM sbtest3 WHERE id=254969
	Index Scan using sbtest3_pkey on sbtest3  (cost=0.43..8.45 rows=1 width=121)
	  Index Cond: (id = 254969)

table 4 : explain SELECT c FROM sbtest4 WHERE id=9751673
	Index Scan using sbtest4_pkey on sbtest4  (cost=0.43..8.45 rows=1 width=121)
	  Index Cond: (id = 9751673)

table 5 : explain SELECT c FROM sbtest5 WHERE id=6834424
	Index Scan using sbtest5_pkey on sbtest5  (cost=0.43..8.45 rows=1 width=121)
	  Index Cond: (id = 6834424)

table 6 : explain SELECT c FROM sbtest6 WHERE id=6183888
	Index Scan using sbtest6_pkey on sbtest6  (cost=0.43..8.45 rows=1 width=121)
	  Index Cond: (id = 6183888)

table 7 : explain SELECT c FROM sbtest7 WHERE id=1428484
	Index Scan using sbtest7_pkey on sbtest7  (cost=0.43..8.45 rows=1 width=121)
	  Index Cond: (id = 1428484)

table 8 : explain SELECT c FROM sbtest8 WHERE id=165431
	Index Scan using sbtest8_pkey on sbtest8  (cost=0.43..8.45 rows=1 width=121)
	  Index Cond: (id = 165431)

for point_selects
table 1 : explain SELECT c FROM sbtest1 WHERE id=6774281
	Index Scan using sbtest1_pkey on sbtest1  (cost=0.43..8.45 rows=1 width=121)
	  Index Cond: (id = 6774281)

table 2 : explain SELECT c FROM sbtest2 WHERE id=2855576
	Index Scan using sbtest2_pkey on sbtest2  (cost=0.43..8.45 rows=1 width=121)
	  Index Cond: (id = 2855576)

table 3 : explain SELECT c FROM sbtest3 WHERE id=6532724
	Index Scan using sbtest3_pkey on sbtest3  (cost=0.43..8.45 rows=1 width=121)
	  Index Cond: (id = 6532724)

table 4 : explain SELECT c FROM sbtest4 WHERE id=6294282
	Index Scan using sbtest4_pkey on sbtest4  (cost=0.43..8.45 rows=1 width=121)
	  Index Cond: (id = 6294282)

table 5 : explain SELECT c FROM sbtest5 WHERE id=3635147
	Index Scan using sbtest5_pkey on sbtest5  (cost=0.43..8.45 rows=1 width=121)
	  Index Cond: (id = 3635147)

table 6 : explain SELECT c FROM sbtest6 WHERE id=4502864
	Index Scan using sbtest6_pkey on sbtest6  (cost=0.43..8.45 rows=1 width=121)
	  Index Cond: (id = 4502864)

table 7 : explain SELECT c FROM sbtest7 WHERE id=2966602
	Index Scan using sbtest7_pkey on sbtest7  (cost=0.43..8.45 rows=1 width=121)
	  Index Cond: (id = 2966602)

table 8 : explain SELECT c FROM sbtest8 WHERE id=1557592
	Index Scan using sbtest8_pkey on sbtest8  (cost=0.43..8.45 rows=1 width=121)
	  Index Cond: (id = 1557592)

explain: for point_selects :: explain SELECT c FROM sbtest%u WHERE id=%u
for point_selects
table 1 : explain SELECT c FROM sbtest1 WHERE id=4411102
	Index Scan using sbtest1_pkey on sbtest1  (cost=0.43..8.45 rows=1 width=121)
	  Index Cond: (id = 4411102)

table 2 : explain SELECT c FROM sbtest2 WHERE id=4921691
	Index Scan using sbtest2_pkey on sbtest2  (cost=0.43..8.45 rows=1 width=121)
	  Index Cond: (id = 4921691)

table 3 : explain SELECT c FROM sbtest3 WHERE id=2217926
	Index Scan using sbtest3_pkey on sbtest3  (cost=0.43..8.45 rows=1 width=121)
	  Index Cond: (id = 2217926)

table 4 : explain SELECT c FROM sbtest4 WHERE id=6827026
	Index Scan using sbtest4_pkey on sbtest4  (cost=0.43..8.45 rows=1 width=121)
	  Index Cond: (id = 6827026)

table 5 : explain SELECT c FROM sbtest5 WHERE id=7986979
	Index Scan using sbtest5_pkey on sbtest5  (cost=0.43..8.45 rows=1 width=121)
	  Index Cond: (id = 7986979)

table 6 : explain SELECT c FROM sbtest6 WHERE id=5960074
	Index Scan using sbtest6_pkey on sbtest6  (cost=0.43..8.45 rows=1 width=121)
	  Index Cond: (id = 5960074)

table 7 : explain SELECT c FROM sbtest7 WHERE id=7751315
	Index Scan using sbtest7_pkey on sbtest7  (cost=0.43..8.45 rows=1 width=121)
	  Index Cond: (id = 7751315)

table 8 : explain SELECT c FROM sbtest8 WHERE id=6468247
	Index Scan using sbtest8_pkey on sbtest8  (cost=0.43..8.45 rows=1 width=121)
	  Index Cond: (id = 6468247)

for point_selects
table 1 : explain SELECT c FROM sbtest1 WHERE id=9316494
	Index Scan using sbtest1_pkey on sbtest1  (cost=0.43..8.45 rows=1 width=121)
	  Index Cond: (id = 9316494)

table 2 : explain SELECT c FROM sbtest2 WHERE id=3756654
	Index Scan using sbtest2_pkey on sbtest2  (cost=0.43..8.45 rows=1 width=121)
	  Index Cond: (id = 3756654)

table 3 : explain SELECT c FROM sbtest3 WHERE id=2477774
	Index Scan using sbtest3_pkey on sbtest3  (cost=0.43..8.45 rows=1 width=121)
	  Index Cond: (id = 2477774)

table 4 : explain SELECT c FROM sbtest4 WHERE id=2900189
	Index Scan using sbtest4_pkey on sbtest4  (cost=0.43..8.45 rows=1 width=121)
	  Index Cond: (id = 2900189)

table 5 : explain SELECT c FROM sbtest5 WHERE id=8517169
	Index Scan using sbtest5_pkey on sbtest5  (cost=0.43..8.45 rows=1 width=121)
	  Index Cond: (id = 8517169)

table 6 : explain SELECT c FROM sbtest6 WHERE id=1696377
	Index Scan using sbtest6_pkey on sbtest6  (cost=0.43..8.45 rows=1 width=121)
	  Index Cond: (id = 1696377)

table 7 : explain SELECT c FROM sbtest7 WHERE id=8602628
	Index Scan using sbtest7_pkey on sbtest7  (cost=0.43..8.45 rows=1 width=121)
	  Index Cond: (id = 8602628)

table 8 : explain SELECT c FROM sbtest8 WHERE id=8007231
	Index Scan using sbtest8_pkey on sbtest8  (cost=0.43..8.45 rows=1 width=121)
	  Index Cond: (id = 8007231)

for point_selects
table 1 : explain SELECT c FROM sbtest1 WHERE id=4478975
	Index Scan using sbtest1_pkey on sbtest1  (cost=0.43..8.45 rows=1 width=121)
	  Index Cond: (id = 4478975)

table 2 : explain SELECT c FROM sbtest2 WHERE id=1984880
	Index Scan using sbtest2_pkey on sbtest2  (cost=0.43..8.45 rows=1 width=121)
	  Index Cond: (id = 1984880)

table 3 : explain SELECT c FROM sbtest3 WHERE id=640039
	Index Scan using sbtest3_pkey on sbtest3  (cost=0.43..8.45 rows=1 width=121)
	  Index Cond: (id = 640039)

table 4 : explain SELECT c FROM sbtest4 WHERE id=6302792
	Index Scan using sbtest4_pkey on sbtest4  (cost=0.43..8.45 rows=1 width=121)
	  Index Cond: (id = 6302792)

table 5 : explain SELECT c FROM sbtest5 WHERE id=4189586
	Index Scan using sbtest5_pkey on sbtest5  (cost=0.43..8.45 rows=1 width=121)
	  Index Cond: (id = 4189586)

table 6 : explain SELECT c FROM sbtest6 WHERE id=4129905
	Index Scan using sbtest6_pkey on sbtest6  (cost=0.43..8.45 rows=1 width=121)
	  Index Cond: (id = 4129905)

table 7 : explain SELECT c FROM sbtest7 WHERE id=4655185
	Index Scan using sbtest7_pkey on sbtest7  (cost=0.43..8.45 rows=1 width=121)
	  Index Cond: (id = 4655185)

table 8 : explain SELECT c FROM sbtest8 WHERE id=6699106
	Index Scan using sbtest8_pkey on sbtest8  (cost=0.43..8.45 rows=1 width=121)
	  Index Cond: (id = 6699106)

explain: for point_selects :: explain SELECT c FROM sbtest%u WHERE id=%u
for point_selects
table 1 : explain SELECT c FROM sbtest1 WHERE id=4503645
	Index Scan using sbtest1_pkey on sbtest1  (cost=0.43..8.45 rows=1 width=121)
	  Index Cond: (id = 4503645)

table 2 : explain SELECT c FROM sbtest2 WHERE id=2940162
	Index Scan using sbtest2_pkey on sbtest2  (cost=0.43..8.45 rows=1 width=121)
	  Index Cond: (id = 2940162)

table 3 : explain SELECT c FROM sbtest3 WHERE id=3747683
	Index Scan using sbtest3_pkey on sbtest3  (cost=0.43..8.45 rows=1 width=121)
	  Index Cond: (id = 3747683)

table 4 : explain SELECT c FROM sbtest4 WHERE id=6921931
	Index Scan using sbtest4_pkey on sbtest4  (cost=0.43..8.45 rows=1 width=121)
	  Index Cond: (id = 6921931)

table 5 : explain SELECT c FROM sbtest5 WHERE id=8774555
	Index Scan using sbtest5_pkey on sbtest5  (cost=0.43..8.45 rows=1 width=121)
	  Index Cond: (id = 8774555)

table 6 : explain SELECT c FROM sbtest6 WHERE id=5310317
	Index Scan using sbtest6_pkey on sbtest6  (cost=0.43..8.45 rows=1 width=121)
	  Index Cond: (id = 5310317)

table 7 : explain SELECT c FROM sbtest7 WHERE id=8500418
	Index Scan using sbtest7_pkey on sbtest7  (cost=0.43..8.45 rows=1 width=121)
	  Index Cond: (id = 8500418)

table 8 : explain SELECT c FROM sbtest8 WHERE id=7630472
	Index Scan using sbtest8_pkey on sbtest8  (cost=0.43..8.45 rows=1 width=121)
	  Index Cond: (id = 7630472)

for point_selects
table 1 : explain SELECT c FROM sbtest1 WHERE id=3760448
	Index Scan using sbtest1_pkey on sbtest1  (cost=0.43..8.45 rows=1 width=121)
	  Index Cond: (id = 3760448)

table 2 : explain SELECT c FROM sbtest2 WHERE id=1927419
	Index Scan using sbtest2_pkey on sbtest2  (cost=0.43..8.45 rows=1 width=121)
	  Index Cond: (id = 1927419)

table 3 : explain SELECT c FROM sbtest3 WHERE id=2744174
	Index Scan using sbtest3_pkey on sbtest3  (cost=0.43..8.45 rows=1 width=121)
	  Index Cond: (id = 2744174)

table 4 : explain SELECT c FROM sbtest4 WHERE id=2102790
	Index Scan using sbtest4_pkey on sbtest4  (cost=0.43..8.45 rows=1 width=121)
	  Index Cond: (id = 2102790)

table 5 : explain SELECT c FROM sbtest5 WHERE id=2602123
	Index Scan using sbtest5_pkey on sbtest5  (cost=0.43..8.45 rows=1 width=121)
	  Index Cond: (id = 2602123)

table 6 : explain SELECT c FROM sbtest6 WHERE id=3219768
	Index Scan using sbtest6_pkey on sbtest6  (cost=0.43..8.45 rows=1 width=121)
	  Index Cond: (id = 3219768)

table 7 : explain SELECT c FROM sbtest7 WHERE id=1767687
	Index Scan using sbtest7_pkey on sbtest7  (cost=0.43..8.45 rows=1 width=121)
	  Index Cond: (id = 1767687)

table 8 : explain SELECT c FROM sbtest8 WHERE id=4301158
	Index Scan using sbtest8_pkey on sbtest8  (cost=0.43..8.45 rows=1 width=121)
	  Index Cond: (id = 4301158)

for point_selects
table 1 : explain SELECT c FROM sbtest1 WHERE id=2526267
	Index Scan using sbtest1_pkey on sbtest1  (cost=0.43..8.45 rows=1 width=121)
	  Index Cond: (id = 2526267)

table 2 : explain SELECT c FROM sbtest2 WHERE id=9577307
	Index Scan using sbtest2_pkey on sbtest2  (cost=0.43..8.45 rows=1 width=121)
	  Index Cond: (id = 9577307)

table 3 : explain SELECT c FROM sbtest3 WHERE id=2785363
	Index Scan using sbtest3_pkey on sbtest3  (cost=0.43..8.45 rows=1 width=121)
	  Index Cond: (id = 2785363)

table 4 : explain SELECT c FROM sbtest4 WHERE id=9326168
	Index Scan using sbtest4_pkey on sbtest4  (cost=0.43..8.45 rows=1 width=121)
	  Index Cond: (id = 9326168)

table 5 : explain SELECT c FROM sbtest5 WHERE id=8153745
	Index Scan using sbtest5_pkey on sbtest5  (cost=0.43..8.45 rows=1 width=121)
	  Index Cond: (id = 8153745)

table 6 : explain SELECT c FROM sbtest6 WHERE id=7907938
	Index Scan using sbtest6_pkey on sbtest6  (cost=0.43..8.45 rows=1 width=121)
	  Index Cond: (id = 7907938)

table 7 : explain SELECT c FROM sbtest7 WHERE id=145646
	Index Scan using sbtest7_pkey on sbtest7  (cost=0.43..8.45 rows=1 width=121)
	  Index Cond: (id = 145646)

table 8 : explain SELECT c FROM sbtest8 WHERE id=4558875
	Index Scan using sbtest8_pkey on sbtest8  (cost=0.43..8.45 rows=1 width=121)
	  Index Cond: (id = 4558875)

explain: for point_selects :: explain SELECT c FROM sbtest%u WHERE id=%u
explain: for point_selects :: explain SELECT c FROM sbtest%u WHERE id=%u
explain: for point_selects :: explain SELECT c FROM sbtest%u WHERE id=%u
explain: for point_selects :: explain SELECT c FROM sbtest%u WHERE id=%u
explain: for point_selects :: explain SELECT c FROM sbtest%u WHERE id=%u
for point_selects
table 1 : explain SELECT c FROM sbtest1 WHERE id=1059473
	Index Scan using sbtest1_pkey on sbtest1  (cost=0.43..8.45 rows=1 width=121)
	  Index Cond: (id = 1059473)

table 2 : explain SELECT c FROM sbtest2 WHERE id=3198497
	Index Scan using sbtest2_pkey on sbtest2  (cost=0.43..8.45 rows=1 width=121)
	  Index Cond: (id = 3198497)

table 3 : explain SELECT c FROM sbtest3 WHERE id=3144932
	Index Scan using sbtest3_pkey on sbtest3  (cost=0.43..8.45 rows=1 width=121)
	  Index Cond: (id = 3144932)

table 4 : explain SELECT c FROM sbtest4 WHERE id=4860169
	Index Scan using sbtest4_pkey on sbtest4  (cost=0.43..8.45 rows=1 width=121)
	  Index Cond: (id = 4860169)

table 5 : explain SELECT c FROM sbtest5 WHERE id=5536138
	Index Scan using sbtest5_pkey on sbtest5  (cost=0.43..8.45 rows=1 width=121)
	  Index Cond: (id = 5536138)

table 6 : explain SELECT c FROM sbtest6 WHERE id=603497
	Index Scan using sbtest6_pkey on sbtest6  (cost=0.43..8.45 rows=1 width=121)
	  Index Cond: (id = 603497)

table 7 : explain SELECT c FROM sbtest7 WHERE id=4374832
	Index Scan using sbtest7_pkey on sbtest7  (cost=0.43..8.45 rows=1 width=121)
	  Index Cond: (id = 4374832)

table 8 : explain SELECT c FROM sbtest8 WHERE id=7259377
	Index Scan using sbtest8_pkey on sbtest8  (cost=0.43..8.45 rows=1 width=121)
	  Index Cond: (id = 7259377)

explain: for point_selects :: explain SELECT c FROM sbtest%u WHERE id=%u
for point_selects
table 1 : explain SELECT c FROM sbtest1 WHERE id=2581704
	Index Scan using sbtest1_pkey on sbtest1  (cost=0.43..8.45 rows=1 width=121)
	  Index Cond: (id = 2581704)

table 2 : explain SELECT c FROM sbtest2 WHERE id=7759390
	Index Scan using sbtest2_pkey on sbtest2  (cost=0.43..8.45 rows=1 width=121)
	  Index Cond: (id = 7759390)

table 3 : explain SELECT c FROM sbtest3 WHERE id=8661881
	Index Scan using sbtest3_pkey on sbtest3  (cost=0.43..8.45 rows=1 width=121)
	  Index Cond: (id = 8661881)

table 4 : explain SELECT c FROM sbtest4 WHERE id=5144653
	Index Scan using sbtest4_pkey on sbtest4  (cost=0.43..8.45 rows=1 width=121)
	  Index Cond: (id = 5144653)

table 5 : explain SELECT c FROM sbtest5 WHERE id=7746336
	Index Scan using sbtest5_pkey on sbtest5  (cost=0.43..8.45 rows=1 width=121)
	  Index Cond: (id = 7746336)

table 6 : explain SELECT c FROM sbtest6 WHERE id=4485603
	Index Scan using sbtest6_pkey on sbtest6  (cost=0.43..8.45 rows=1 width=121)
	  Index Cond: (id = 4485603)

table 7 : explain SELECT c FROM sbtest7 WHERE id=9702881
	Index Scan using sbtest7_pkey on sbtest7  (cost=0.43..8.45 rows=1 width=121)
	  Index Cond: (id = 9702881)

table 8 : explain SELECT c FROM sbtest8 WHERE id=3547242
	Index Scan using sbtest8_pkey on sbtest8  (cost=0.43..8.45 rows=1 width=121)
	  Index Cond: (id = 3547242)

for point_selects
table 1 : explain SELECT c FROM sbtest1 WHERE id=131816
	Index Scan using sbtest1_pkey on sbtest1  (cost=0.43..8.45 rows=1 width=121)
	  Index Cond: (id = 131816)

table 2 : explain SELECT c FROM sbtest2 WHERE id=5800261
	Index Scan using sbtest2_pkey on sbtest2  (cost=0.43..8.45 rows=1 width=121)
	  Index Cond: (id = 5800261)

table 3 : explain SELECT c FROM sbtest3 WHERE id=7607289
	Index Scan using sbtest3_pkey on sbtest3  (cost=0.43..8.45 rows=1 width=121)
	  Index Cond: (id = 7607289)

table 4 : explain SELECT c FROM sbtest4 WHERE id=9120578
	Index Scan using sbtest4_pkey on sbtest4  (cost=0.43..8.45 rows=1 width=121)
	  Index Cond: (id = 9120578)

table 5 : explain SELECT c FROM sbtest5 WHERE id=7202834
	Index Scan using sbtest5_pkey on sbtest5  (cost=0.43..8.45 rows=1 width=121)
	  Index Cond: (id = 7202834)

table 6 : explain SELECT c FROM sbtest6 WHERE id=2703149
	Index Scan using sbtest6_pkey on sbtest6  (cost=0.43..8.45 rows=1 width=121)
	  Index Cond: (id = 2703149)

table 7 : explain SELECT c FROM sbtest7 WHERE id=4998784
	Index Scan using sbtest7_pkey on sbtest7  (cost=0.43..8.45 rows=1 width=121)
	  Index Cond: (id = 4998784)

table 8 : explain SELECT c FROM sbtest8 WHERE id=1283876
	Index Scan using sbtest8_pkey on sbtest8  (cost=0.43..8.45 rows=1 width=121)
	  Index Cond: (id = 1283876)

explain: for point_selects :: explain SELECT c FROM sbtest%u WHERE id=%u
for point_selects
table 1 : explain SELECT c FROM sbtest1 WHERE id=2488410
	Index Scan using sbtest1_pkey on sbtest1  (cost=0.43..8.45 rows=1 width=121)
	  Index Cond: (id = 2488410)

table 2 : explain SELECT c FROM sbtest2 WHERE id=8141378
	Index Scan using sbtest2_pkey on sbtest2  (cost=0.43..8.45 rows=1 width=121)
	  Index Cond: (id = 8141378)

table 3 : explain SELECT c FROM sbtest3 WHERE id=1485892
	Index Scan using sbtest3_pkey on sbtest3  (cost=0.43..8.45 rows=1 width=121)
	  Index Cond: (id = 1485892)

table 4 : explain SELECT c FROM sbtest4 WHERE id=4288743
	Index Scan using sbtest4_pkey on sbtest4  (cost=0.43..8.45 rows=1 width=121)
	  Index Cond: (id = 4288743)

table 5 : explain SELECT c FROM sbtest5 WHERE id=8843102
	Index Scan using sbtest5_pkey on sbtest5  (cost=0.43..8.45 rows=1 width=121)
	  Index Cond: (id = 8843102)

table 6 : explain SELECT c FROM sbtest6 WHERE id=969784
	Index Scan using sbtest6_pkey on sbtest6  (cost=0.43..8.45 rows=1 width=121)
	  Index Cond: (id = 969784)

table 7 : explain SELECT c FROM sbtest7 WHERE id=5978525
	Index Scan using sbtest7_pkey on sbtest7  (cost=0.43..8.45 rows=1 width=121)
	  Index Cond: (id = 5978525)

table 8 : explain SELECT c FROM sbtest8 WHERE id=1838428
	Index Scan using sbtest8_pkey on sbtest8  (cost=0.43..8.45 rows=1 width=121)
	  Index Cond: (id = 1838428)

for point_selects
table 1 : explain SELECT c FROM sbtest1 WHERE id=6688743
	Index Scan using sbtest1_pkey on sbtest1  (cost=0.43..8.45 rows=1 width=121)
	  Index Cond: (id = 6688743)

table 2 : explain SELECT c FROM sbtest2 WHERE id=201486
	Index Scan using sbtest2_pkey on sbtest2  (cost=0.43..8.45 rows=1 width=121)
	  Index Cond: (id = 201486)

table 3 : explain SELECT c FROM sbtest3 WHERE id=1882667
	Index Scan using sbtest3_pkey on sbtest3  (cost=0.43..8.45 rows=1 width=121)
	  Index Cond: (id = 1882667)

table 4 : explain SELECT c FROM sbtest4 WHERE id=9090347
	Index Scan using sbtest4_pkey on sbtest4  (cost=0.43..8.45 rows=1 width=121)
	  Index Cond: (id = 9090347)

table 5 : explain SELECT c FROM sbtest5 WHERE id=7910701
	Index Scan using sbtest5_pkey on sbtest5  (cost=0.43..8.45 rows=1 width=121)
	  Index Cond: (id = 7910701)

table 6 : explain SELECT c FROM sbtest6 WHERE id=5425907
	Index Scan using sbtest6_pkey on sbtest6  (cost=0.43..8.45 rows=1 width=121)
	  Index Cond: (id = 5425907)

table 7 : explain SELECT c FROM sbtest7 WHERE id=5938296
	Index Scan using sbtest7_pkey on sbtest7  (cost=0.43..8.45 rows=1 width=121)
	  Index Cond: (id = 5938296)

table 8 : explain SELECT c FROM sbtest8 WHERE id=8544837
	Index Scan using sbtest8_pkey on sbtest8  (cost=0.43..8.45 rows=1 width=121)
	  Index Cond: (id = 8544837)

for point_selects
table 1 : explain SELECT c FROM sbtest1 WHERE id=8025821
	Index Scan using sbtest1_pkey on sbtest1  (cost=0.43..8.45 rows=1 width=121)
	  Index Cond: (id = 8025821)

table 2 : explain SELECT c FROM sbtest2 WHERE id=4950463
	Index Scan using sbtest2_pkey on sbtest2  (cost=0.43..8.45 rows=1 width=121)
	  Index Cond: (id = 4950463)

table 3 : explain SELECT c FROM sbtest3 WHERE id=9150098
	Index Scan using sbtest3_pkey on sbtest3  (cost=0.43..8.45 rows=1 width=121)
	  Index Cond: (id = 9150098)

table 4 : explain SELECT c FROM sbtest4 WHERE id=6890435
	Index Scan using sbtest4_pkey on sbtest4  (cost=0.43..8.45 rows=1 width=121)
	  Index Cond: (id = 6890435)

table 5 : explain SELECT c FROM sbtest5 WHERE id=9487077
	Index Scan using sbtest5_pkey on sbtest5  (cost=0.43..8.45 rows=1 width=121)
	  Index Cond: (id = 9487077)

table 6 : explain SELECT c FROM sbtest6 WHERE id=1327643
	Index Scan using sbtest6_pkey on sbtest6  (cost=0.43..8.45 rows=1 width=121)
	  Index Cond: (id = 1327643)

table 7 : explain SELECT c FROM sbtest7 WHERE id=5283448
	Index Scan using sbtest7_pkey on sbtest7  (cost=0.43..8.45 rows=1 width=121)
	  Index Cond: (id = 5283448)

table 8 : explain SELECT c FROM sbtest8 WHERE id=8138063
	Index Scan using sbtest8_pkey on sbtest8  (cost=0.43..8.45 rows=1 width=121)
	  Index Cond: (id = 8138063)

for point_selects
table 1 : explain SELECT c FROM sbtest1 WHERE id=2028746
	Index Scan using sbtest1_pkey on sbtest1  (cost=0.43..8.45 rows=1 width=121)
	  Index Cond: (id = 2028746)

table 2 : explain SELECT c FROM sbtest2 WHERE id=5306721
	Index Scan using sbtest2_pkey on sbtest2  (cost=0.43..8.45 rows=1 width=121)
	  Index Cond: (id = 5306721)

table 3 : explain SELECT c FROM sbtest3 WHERE id=4180581
	Index Scan using sbtest3_pkey on sbtest3  (cost=0.43..8.45 rows=1 width=121)
	  Index Cond: (id = 4180581)

table 4 : explain SELECT c FROM sbtest4 WHERE id=9476015
	Index Scan using sbtest4_pkey on sbtest4  (cost=0.43..8.45 rows=1 width=121)
	  Index Cond: (id = 9476015)

table 5 : explain SELECT c FROM sbtest5 WHERE id=6952458
	Index Scan using sbtest5_pkey on sbtest5  (cost=0.43..8.45 rows=1 width=121)
	  Index Cond: (id = 6952458)

table 6 : explain SELECT c FROM sbtest6 WHERE id=6053060
	Index Scan using sbtest6_pkey on sbtest6  (cost=0.43..8.45 rows=1 width=121)
	  Index Cond: (id = 6053060)

table 7 : explain SELECT c FROM sbtest7 WHERE id=8277097
	Index Scan using sbtest7_pkey on sbtest7  (cost=0.43..8.45 rows=1 width=121)
	  Index Cond: (id = 8277097)

table 8 : explain SELECT c FROM sbtest8 WHERE id=1474946
	Index Scan using sbtest8_pkey on sbtest8  (cost=0.43..8.45 rows=1 width=121)
	  Index Cond: (id = 1474946)

explain: for point_selects :: explain SELECT c FROM sbtest%u WHERE id=%u
explain: for point_selects :: explain SELECT c FROM sbtest%u WHERE id=%u
explain: for point_selects :: explain SELECT c FROM sbtest%u WHERE id=%u
explain: for point_selects :: explain SELECT c FROM sbtest%u WHERE id=%u
explain: for point_selects :: explain SELECT c FROM sbtest%u WHERE id=%u
for point_selects
table 1 : explain SELECT c FROM sbtest1 WHERE id=9353294
	Index Scan using sbtest1_pkey on sbtest1  (cost=0.43..8.45 rows=1 width=121)
	  Index Cond: (id = 9353294)

table 2 : explain SELECT c FROM sbtest2 WHERE id=9871679
	Index Scan using sbtest2_pkey on sbtest2  (cost=0.43..8.45 rows=1 width=121)
	  Index Cond: (id = 9871679)

table 3 : explain SELECT c FROM sbtest3 WHERE id=1705411
	Index Scan using sbtest3_pkey on sbtest3  (cost=0.43..8.45 rows=1 width=121)
	  Index Cond: (id = 1705411)

table 4 : explain SELECT c FROM sbtest4 WHERE id=8729874
	Index Scan using sbtest4_pkey on sbtest4  (cost=0.43..8.45 rows=1 width=121)
	  Index Cond: (id = 8729874)

table 5 : explain SELECT c FROM sbtest5 WHERE id=7227884
	Index Scan using sbtest5_pkey on sbtest5  (cost=0.43..8.45 rows=1 width=121)
	  Index Cond: (id = 7227884)

table 6 : explain SELECT c FROM sbtest6 WHERE id=4634660
	Index Scan using sbtest6_pkey on sbtest6  (cost=0.43..8.45 rows=1 width=121)
	  Index Cond: (id = 4634660)

table 7 : explain SELECT c FROM sbtest7 WHERE id=7745433
	Index Scan using sbtest7_pkey on sbtest7  (cost=0.43..8.45 rows=1 width=121)
	  Index Cond: (id = 7745433)

table 8 : explain SELECT c FROM sbtest8 WHERE id=9395697
	Index Scan using sbtest8_pkey on sbtest8  (cost=0.43..8.45 rows=1 width=121)
	  Index Cond: (id = 9395697)

explain: for point_selects :: explain SELECT c FROM sbtest%u WHERE id=%u
for point_selects
table 1 : explain SELECT c FROM sbtest1 WHERE id=5674543
	Index Scan using sbtest1_pkey on sbtest1  (cost=0.43..8.45 rows=1 width=121)
	  Index Cond: (id = 5674543)

table 2 : explain SELECT c FROM sbtest2 WHERE id=733530
	Index Scan using sbtest2_pkey on sbtest2  (cost=0.43..8.45 rows=1 width=121)
	  Index Cond: (id = 733530)

table 3 : explain SELECT c FROM sbtest3 WHERE id=2307876
	Index Scan using sbtest3_pkey on sbtest3  (cost=0.43..8.45 rows=1 width=121)
	  Index Cond: (id = 2307876)

table 4 : explain SELECT c FROM sbtest4 WHERE id=4060469
	Index Scan using sbtest4_pkey on sbtest4  (cost=0.43..8.45 rows=1 width=121)
	  Index Cond: (id = 4060469)

table 5 : explain SELECT c FROM sbtest5 WHERE id=6389750
	Index Scan using sbtest5_pkey on sbtest5  (cost=0.43..8.45 rows=1 width=121)
	  Index Cond: (id = 6389750)

table 6 : explain SELECT c FROM sbtest6 WHERE id=1041857
	Index Scan using sbtest6_pkey on sbtest6  (cost=0.43..8.45 rows=1 width=121)
	  Index Cond: (id = 1041857)

table 7 : explain SELECT c FROM sbtest7 WHERE id=4700313
	Index Scan using sbtest7_pkey on sbtest7  (cost=0.43..8.45 rows=1 width=121)
	  Index Cond: (id = 4700313)

table 8 : explain SELECT c FROM sbtest8 WHERE id=3981590
	Index Scan using sbtest8_pkey on sbtest8  (cost=0.43..8.45 rows=1 width=121)
	  Index Cond: (id = 3981590)

for point_selects
table 1 : explain SELECT c FROM sbtest1 WHERE id=7065280
	Index Scan using sbtest1_pkey on sbtest1  (cost=0.43..8.45 rows=1 width=121)
	  Index Cond: (id = 7065280)

table 2 : explain SELECT c FROM sbtest2 WHERE id=5313114
	Index Scan using sbtest2_pkey on sbtest2  (cost=0.43..8.45 rows=1 width=121)
	  Index Cond: (id = 5313114)

table 3 : explain SELECT c FROM sbtest3 WHERE id=2620711
	Index Scan using sbtest3_pkey on sbtest3  (cost=0.43..8.45 rows=1 width=121)
	  Index Cond: (id = 2620711)

table 4 : explain SELECT c FROM sbtest4 WHERE id=128478
	Index Scan using sbtest4_pkey on sbtest4  (cost=0.43..8.45 rows=1 width=121)
	  Index Cond: (id = 128478)

table 5 : explain SELECT c FROM sbtest5 WHERE id=2680957
	Index Scan using sbtest5_pkey on sbtest5  (cost=0.43..8.45 rows=1 width=121)
	  Index Cond: (id = 2680957)

table 6 : explain SELECT c FROM sbtest6 WHERE id=5299478
	Index Scan using sbtest6_pkey on sbtest6  (cost=0.43..8.45 rows=1 width=121)
	  Index Cond: (id = 5299478)

table 7 : explain SELECT c FROM sbtest7 WHERE id=5529036
	Index Scan using sbtest7_pkey on sbtest7  (cost=0.43..8.45 rows=1 width=121)
	  Index Cond: (id = 5529036)

table 8 : explain SELECT c FROM sbtest8 WHERE id=6083283
	Index Scan using sbtest8_pkey on sbtest8  (cost=0.43..8.45 rows=1 width=121)
	  Index Cond: (id = 6083283)

for point_selects
table 1 : explain SELECT c FROM sbtest1 WHERE id=9186693
	Index Scan using sbtest1_pkey on sbtest1  (cost=0.43..8.45 rows=1 width=121)
	  Index Cond: (id = 9186693)

table 2 : explain SELECT c FROM sbtest2 WHERE id=9342115
	Index Scan using sbtest2_pkey on sbtest2  (cost=0.43..8.45 rows=1 width=121)
	  Index Cond: (id = 9342115)

table 3 : explain SELECT c FROM sbtest3 WHERE id=6835727
	Index Scan using sbtest3_pkey on sbtest3  (cost=0.43..8.45 rows=1 width=121)
	  Index Cond: (id = 6835727)

table 4 : explain SELECT c FROM sbtest4 WHERE id=4235903
	Index Scan using sbtest4_pkey on sbtest4  (cost=0.43..8.45 rows=1 width=121)
	  Index Cond: (id = 4235903)

table 5 : explain SELECT c FROM sbtest5 WHERE id=7304907
	Index Scan using sbtest5_pkey on sbtest5  (cost=0.43..8.45 rows=1 width=121)
	  Index Cond: (id = 7304907)

table 6 : explain SELECT c FROM sbtest6 WHERE id=7295990
	Index Scan using sbtest6_pkey on sbtest6  (cost=0.43..8.45 rows=1 width=121)
	  Index Cond: (id = 7295990)

table 7 : explain SELECT c FROM sbtest7 WHERE id=7804013
	Index Scan using sbtest7_pkey on sbtest7  (cost=0.43..8.45 rows=1 width=121)
	  Index Cond: (id = 7804013)

table 8 : explain SELECT c FROM sbtest8 WHERE id=8970912
	Index Scan using sbtest8_pkey on sbtest8  (cost=0.43..8.45 rows=1 width=121)
	  Index Cond: (id = 8970912)
explain: for point_selects :: explain SELECT c FROM sbtest%u WHERE id=%u

for point_selects
table 1 : explain SELECT c FROM sbtest1 WHERE id=2075463
	Index Scan using sbtest1_pkey on sbtest1  (cost=0.43..8.45 rows=1 width=121)
	  Index Cond: (id = 2075463)

table 2 : explain SELECT c FROM sbtest2 WHERE id=4721713
	Index Scan using sbtest2_pkey on sbtest2  (cost=0.43..8.45 rows=1 width=121)
	  Index Cond: (id = 4721713)

table 3 : explain SELECT c FROM sbtest3 WHERE id=8024172
	Index Scan using sbtest3_pkey on sbtest3  (cost=0.43..8.45 rows=1 width=121)
	  Index Cond: (id = 8024172)

table 4 : explain SELECT c FROM sbtest4 WHERE id=4932521
	Index Scan using sbtest4_pkey on sbtest4  (cost=0.43..8.45 rows=1 width=121)
	  Index Cond: (id = 4932521)

table 5 : explain SELECT c FROM sbtest5 WHERE id=8124278
	Index Scan using sbtest5_pkey on sbtest5  (cost=0.43..8.45 rows=1 width=121)
	  Index Cond: (id = 8124278)

table 6 : explain SELECT c FROM sbtest6 WHERE id=3852419
	Index Scan using sbtest6_pkey on sbtest6  (cost=0.43..8.45 rows=1 width=121)
	  Index Cond: (id = 3852419)

table 7 : explain SELECT c FROM sbtest7 WHERE id=7446033
	Index Scan using sbtest7_pkey on sbtest7  (cost=0.43..8.45 rows=1 width=121)
	  Index Cond: (id = 7446033)

table 8 : explain SELECT c FROM sbtest8 WHERE id=3838565
	Index Scan using sbtest8_pkey on sbtest8  (cost=0.43..8.45 rows=1 width=121)
	  Index Cond: (id = 3838565)

for point_selects
table 1 : explain SELECT c FROM sbtest1 WHERE id=6138436
	Index Scan using sbtest1_pkey on sbtest1  (cost=0.43..8.45 rows=1 width=121)
	  Index Cond: (id = 6138436)

table 2 : explain SELECT c FROM sbtest2 WHERE id=7873244
	Index Scan using sbtest2_pkey on sbtest2  (cost=0.43..8.45 rows=1 width=121)
	  Index Cond: (id = 7873244)

table 3 : explain SELECT c FROM sbtest3 WHERE id=3314041
	Index Scan using sbtest3_pkey on sbtest3  (cost=0.43..8.45 rows=1 width=121)
	  Index Cond: (id = 3314041)

table 4 : explain SELECT c FROM sbtest4 WHERE id=6455806
	Index Scan using sbtest4_pkey on sbtest4  (cost=0.43..8.45 rows=1 width=121)
	  Index Cond: (id = 6455806)

table 5 : explain SELECT c FROM sbtest5 WHERE id=6397757
	Index Scan using sbtest5_pkey on sbtest5  (cost=0.43..8.45 rows=1 width=121)
	  Index Cond: (id = 6397757)

table 6 : explain SELECT c FROM sbtest6 WHERE id=8108704
	Index Scan using sbtest6_pkey on sbtest6  (cost=0.43..8.45 rows=1 width=121)
	  Index Cond: (id = 8108704)

table 7 : explain SELECT c FROM sbtest7 WHERE id=7048317
	Index Scan using sbtest7_pkey on sbtest7  (cost=0.43..8.45 rows=1 width=121)
	  Index Cond: (id = 7048317)

table 8 : explain SELECT c FROM sbtest8 WHERE id=7949459
	Index Scan using sbtest8_pkey on sbtest8  (cost=0.43..8.45 rows=1 width=121)
	  Index Cond: (id = 7949459)

explain: for point_selects :: explain SELECT c FROM sbtest%u WHERE id=%u
for point_selects
table 1 : explain SELECT c FROM sbtest1 WHERE id=6426629
	Index Scan using sbtest1_pkey on sbtest1  (cost=0.43..8.45 rows=1 width=121)
	  Index Cond: (id = 6426629)

table 2 : explain SELECT c FROM sbtest2 WHERE id=2888628
	Index Scan using sbtest2_pkey on sbtest2  (cost=0.43..8.45 rows=1 width=121)
	  Index Cond: (id = 2888628)

table 3 : explain SELECT c FROM sbtest3 WHERE id=2987404
	Index Scan using sbtest3_pkey on sbtest3  (cost=0.43..8.45 rows=1 width=121)
	  Index Cond: (id = 2987404)

table 4 : explain SELECT c FROM sbtest4 WHERE id=8283877
	Index Scan using sbtest4_pkey on sbtest4  (cost=0.43..8.45 rows=1 width=121)
	  Index Cond: (id = 8283877)

table 5 : explain SELECT c FROM sbtest5 WHERE id=6000672
	Index Scan using sbtest5_pkey on sbtest5  (cost=0.43..8.45 rows=1 width=121)
	  Index Cond: (id = 6000672)

table 6 : explain SELECT c FROM sbtest6 WHERE id=273210
	Index Scan using sbtest6_pkey on sbtest6  (cost=0.43..8.45 rows=1 width=121)
	  Index Cond: (id = 273210)

table 7 : explain SELECT c FROM sbtest7 WHERE id=1000514
	Index Scan using sbtest7_pkey on sbtest7  (cost=0.43..8.45 rows=1 width=121)
	  Index Cond: (id = 1000514)

table 8 : explain SELECT c FROM sbtest8 WHERE id=2436250
	Index Scan using sbtest8_pkey on sbtest8  (cost=0.43..8.45 rows=1 width=121)
	  Index Cond: (id = 2436250)

explain: for point_selects :: explain SELECT c FROM sbtest%u WHERE id=%u
explain: for point_selects :: explain SELECT c FROM sbtest%u WHERE id=%u
for point_selects
table 1 : explain SELECT c FROM sbtest1 WHERE id=9424328
	Index Scan using sbtest1_pkey on sbtest1  (cost=0.43..8.45 rows=1 width=121)
	  Index Cond: (id = 9424328)

table 2 : explain SELECT c FROM sbtest2 WHERE id=4283504
	Index Scan using sbtest2_pkey on sbtest2  (cost=0.43..8.45 rows=1 width=121)
	  Index Cond: (id = 4283504)

table 3 : explain SELECT c FROM sbtest3 WHERE id=6868312
	Index Scan using sbtest3_pkey on sbtest3  (cost=0.43..8.45 rows=1 width=121)
	  Index Cond: (id = 6868312)

table 4 : explain SELECT c FROM sbtest4 WHERE id=6228766
	Index Scan using sbtest4_pkey on sbtest4  (cost=0.43..8.45 rows=1 width=121)
	  Index Cond: (id = 6228766)

table 5 : explain SELECT c FROM sbtest5 WHERE id=5061808
	Index Scan using sbtest5_pkey on sbtest5  (cost=0.43..8.45 rows=1 width=121)
	  Index Cond: (id = 5061808)

table 6 : explain SELECT c FROM sbtest6 WHERE id=7867203
	Index Scan using sbtest6_pkey on sbtest6  (cost=0.43..8.45 rows=1 width=121)
	  Index Cond: (id = 7867203)

table 7 : explain SELECT c FROM sbtest7 WHERE id=2050838
	Index Scan using sbtest7_pkey on sbtest7  (cost=0.43..8.45 rows=1 width=121)
	  Index Cond: (id = 2050838)

table 8 : explain SELECT c FROM sbtest8 WHERE id=1639087
	Index Scan using sbtest8_pkey on sbtest8  (cost=0.43..8.45 rows=1 width=121)
	  Index Cond: (id = 1639087)

explain: for point_selects :: explain SELECT c FROM sbtest%u WHERE id=%u
explain: for point_selects :: explain SELECT c FROM sbtest%u WHERE id=%u
for point_selects
table 1 : explain SELECT c FROM sbtest1 WHERE id=8570352
	Index Scan using sbtest1_pkey on sbtest1  (cost=0.43..8.45 rows=1 width=121)
	  Index Cond: (id = 8570352)

table 2 : explain SELECT c FROM sbtest2 WHERE id=9226322
	Index Scan using sbtest2_pkey on sbtest2  (cost=0.43..8.45 rows=1 width=121)
	  Index Cond: (id = 9226322)

table 3 : explain SELECT c FROM sbtest3 WHERE id=6085283
	Index Scan using sbtest3_pkey on sbtest3  (cost=0.43..8.45 rows=1 width=121)
	  Index Cond: (id = 6085283)

table 4 : explain SELECT c FROM sbtest4 WHERE id=6079320
	Index Scan using sbtest4_pkey on sbtest4  (cost=0.43..8.45 rows=1 width=121)
	  Index Cond: (id = 6079320)

table 5 : explain SELECT c FROM sbtest5 WHERE id=6644942
	Index Scan using sbtest5_pkey on sbtest5  (cost=0.43..8.45 rows=1 width=121)
	  Index Cond: (id = 6644942)

table 6 : explain SELECT c FROM sbtest6 WHERE id=9371418
	Index Scan using sbtest6_pkey on sbtest6  (cost=0.43..8.45 rows=1 width=121)
	  Index Cond: (id = 9371418)

table 7 : explain SELECT c FROM sbtest7 WHERE id=7433216
	Index Scan using sbtest7_pkey on sbtest7  (cost=0.43..8.45 rows=1 width=121)
	  Index Cond: (id = 7433216)

table 8 : explain SELECT c FROM sbtest8 WHERE id=7644435
	Index Scan using sbtest8_pkey on sbtest8  (cost=0.43..8.45 rows=1 width=121)
	  Index Cond: (id = 7644435)

explain: for point_selects :: explain SELECT c FROM sbtest%u WHERE id=%u
for point_selects
table 1 : explain SELECT c FROM sbtest1 WHERE id=4308227
	Index Scan using sbtest1_pkey on sbtest1  (cost=0.43..8.45 rows=1 width=121)
	  Index Cond: (id = 4308227)

table 2 : explain SELECT c FROM sbtest2 WHERE id=5987463
	Index Scan using sbtest2_pkey on sbtest2  (cost=0.43..8.45 rows=1 width=121)
	  Index Cond: (id = 5987463)

table 3 : explain SELECT c FROM sbtest3 WHERE id=5543400
	Index Scan using sbtest3_pkey on sbtest3  (cost=0.43..8.45 rows=1 width=121)
	  Index Cond: (id = 5543400)

table 4 : explain SELECT c FROM sbtest4 WHERE id=5069854
	Index Scan using sbtest4_pkey on sbtest4  (cost=0.43..8.45 rows=1 width=121)
	  Index Cond: (id = 5069854)

table 5 : explain SELECT c FROM sbtest5 WHERE id=7415656
	Index Scan using sbtest5_pkey on sbtest5  (cost=0.43..8.45 rows=1 width=121)
	  Index Cond: (id = 7415656)

table 6 : explain SELECT c FROM sbtest6 WHERE id=2849817
	Index Scan using sbtest6_pkey on sbtest6  (cost=0.43..8.45 rows=1 width=121)
	  Index Cond: (id = 2849817)

table 7 : explain SELECT c FROM sbtest7 WHERE id=1591100
	Index Scan using sbtest7_pkey on sbtest7  (cost=0.43..8.45 rows=1 width=121)
	  Index Cond: (id = 1591100)

table 8 : explain SELECT c FROM sbtest8 WHERE id=5063599
	Index Scan using sbtest8_pkey on sbtest8  (cost=0.43..8.45 rows=1 width=121)
	  Index Cond: (id = 5063599)

explain: for point_selects :: explain SELECT c FROM sbtest%u WHERE id=%u
for point_selects
table 1 : explain SELECT c FROM sbtest1 WHERE id=7870179
	Index Scan using sbtest1_pkey on sbtest1  (cost=0.43..8.45 rows=1 width=121)
	  Index Cond: (id = 7870179)

table 2 : explain SELECT c FROM sbtest2 WHERE id=2068260
	Index Scan using sbtest2_pkey on sbtest2  (cost=0.43..8.45 rows=1 width=121)
	  Index Cond: (id = 2068260)

table 3 : explain SELECT c FROM sbtest3 WHERE id=2027135
	Index Scan using sbtest3_pkey on sbtest3  (cost=0.43..8.45 rows=1 width=121)
	  Index Cond: (id = 2027135)

table 4 : explain SELECT c FROM sbtest4 WHERE id=4515106
	Index Scan using sbtest4_pkey on sbtest4  (cost=0.43..8.45 rows=1 width=121)
	  Index Cond: (id = 4515106)

table 5 : explain SELECT c FROM sbtest5 WHERE id=9109453
	Index Scan using sbtest5_pkey on sbtest5  (cost=0.43..8.45 rows=1 width=121)
	  Index Cond: (id = 9109453)

table 6 : explain SELECT c FROM sbtest6 WHERE id=4916215
	Index Scan using sbtest6_pkey on sbtest6  (cost=0.43..8.45 rows=1 width=121)
	  Index Cond: (id = 4916215)

table 7 : explain SELECT c FROM sbtest7 WHERE id=4936956
	Index Scan using sbtest7_pkey on sbtest7  (cost=0.43..8.45 rows=1 width=121)
	  Index Cond: (id = 4936956)

table 8 : explain SELECT c FROM sbtest8 WHERE id=9471418
	Index Scan using sbtest8_pkey on sbtest8  (cost=0.43..8.45 rows=1 width=121)
	  Index Cond: (id = 9471418)

for point_selects
table 1 : explain SELECT c FROM sbtest1 WHERE id=7290492
	Index Scan using sbtest1_pkey on sbtest1  (cost=0.43..8.45 rows=1 width=121)
	  Index Cond: (id = 7290492)

table 2 : explain SELECT c FROM sbtest2 WHERE id=4270517
	Index Scan using sbtest2_pkey on sbtest2  (cost=0.43..8.45 rows=1 width=121)
	  Index Cond: (id = 4270517)

table 3 : explain SELECT c FROM sbtest3 WHERE id=28689
	Index Scan using sbtest3_pkey on sbtest3  (cost=0.43..8.45 rows=1 width=121)
	  Index Cond: (id = 28689)

table 4 : explain SELECT c FROM sbtest4 WHERE id=1657330
	Index Scan using sbtest4_pkey on sbtest4  (cost=0.43..8.45 rows=1 width=121)
	  Index Cond: (id = 1657330)

table 5 : explain SELECT c FROM sbtest5 WHERE id=5366169
	Index Scan using sbtest5_pkey on sbtest5  (cost=0.43..8.45 rows=1 width=121)
	  Index Cond: (id = 5366169)

table 6 : explain SELECT c FROM sbtest6 WHERE id=2494570
	Index Scan using sbtest6_pkey on sbtest6  (cost=0.43..8.45 rows=1 width=121)
	  Index Cond: (id = 2494570)

table 7 : explain SELECT c FROM sbtest7 WHERE id=9191688
	Index Scan using sbtest7_pkey on sbtest7  (cost=0.43..8.45 rows=1 width=121)
	  Index Cond: (id = 9191688)

table 8 : explain SELECT c FROM sbtest8 WHERE id=6642537
	Index Scan using sbtest8_pkey on sbtest8  (cost=0.43..8.45 rows=1 width=121)
	  Index Cond: (id = 6642537)

for point_selects
table 1 : explain SELECT c FROM sbtest1 WHERE id=6250729
	Index Scan using sbtest1_pkey on sbtest1  (cost=0.43..8.45 rows=1 width=121)
	  Index Cond: (id = 6250729)

table 2 : explain SELECT c FROM sbtest2 WHERE id=1202588
	Index Scan using sbtest2_pkey on sbtest2  (cost=0.43..8.45 rows=1 width=121)
	  Index Cond: (id = 1202588)

table 3 : explain SELECT c FROM sbtest3 WHERE id=1503847
	Index Scan using sbtest3_pkey on sbtest3  (cost=0.43..8.45 rows=1 width=121)
	  Index Cond: (id = 1503847)

table 4 : explain SELECT c FROM sbtest4 WHERE id=2247248
	Index Scan using sbtest4_pkey on sbtest4  (cost=0.43..8.45 rows=1 width=121)
	  Index Cond: (id = 2247248)

table 5 : explain SELECT c FROM sbtest5 WHERE id=4451768
	Index Scan using sbtest5_pkey on sbtest5  (cost=0.43..8.45 rows=1 width=121)
	  Index Cond: (id = 4451768)

table 6 : explain SELECT c FROM sbtest6 WHERE id=7267678
	Index Scan using sbtest6_pkey on sbtest6  (cost=0.43..8.45 rows=1 width=121)
	  Index Cond: (id = 7267678)

table 7 : explain SELECT c FROM sbtest7 WHERE id=6829162
	Index Scan using sbtest7_pkey on sbtest7  (cost=0.43..8.45 rows=1 width=121)
	  Index Cond: (id = 6829162)

table 8 : explain SELECT c FROM sbtest8 WHERE id=9532389
	Index Scan using sbtest8_pkey on sbtest8  (cost=0.43..8.45 rows=1 width=121)
	  Index Cond: (id = 9532389)

for point_selects
table 1 : explain SELECT c FROM sbtest1 WHERE id=498705
	Index Scan using sbtest1_pkey on sbtest1  (cost=0.43..8.45 rows=1 width=121)
	  Index Cond: (id = 498705)

table 2 : explain SELECT c FROM sbtest2 WHERE id=9584997
	Index Scan using sbtest2_pkey on sbtest2  (cost=0.43..8.45 rows=1 width=121)
	  Index Cond: (id = 9584997)

table 3 : explain SELECT c FROM sbtest3 WHERE id=9451374
	Index Scan using sbtest3_pkey on sbtest3  (cost=0.43..8.45 rows=1 width=121)
	  Index Cond: (id = 9451374)

table 4 : explain SELECT c FROM sbtest4 WHERE id=4743522
	Index Scan using sbtest4_pkey on sbtest4  (cost=0.43..8.45 rows=1 width=121)
	  Index Cond: (id = 4743522)

table 5 : explain SELECT c FROM sbtest5 WHERE id=9941929
	Index Scan using sbtest5_pkey on sbtest5  (cost=0.43..8.45 rows=1 width=121)
	  Index Cond: (id = 9941929)

table 6 : explain SELECT c FROM sbtest6 WHERE id=7154092
	Index Scan using sbtest6_pkey on sbtest6  (cost=0.43..8.45 rows=1 width=121)
	  Index Cond: (id = 7154092)

table 7 : explain SELECT c FROM sbtest7 WHERE id=2776719
	Index Scan using sbtest7_pkey on sbtest7  (cost=0.43..8.45 rows=1 width=121)
	  Index Cond: (id = 2776719)

table 8 : explain SELECT c FROM sbtest8 WHERE id=1882699
	Index Scan using sbtest8_pkey on sbtest8  (cost=0.43..8.45 rows=1 width=121)
	  Index Cond: (id = 1882699)

explain: for point_selects :: explain SELECT c FROM sbtest%u WHERE id=%u
explain: for point_selects :: explain SELECT c FROM sbtest%u WHERE id=%u
for point_selects
table 1 : explain SELECT c FROM sbtest1 WHERE id=9526094
	Index Scan using sbtest1_pkey on sbtest1  (cost=0.43..8.45 rows=1 width=121)
	  Index Cond: (id = 9526094)

table 2 : explain SELECT c FROM sbtest2 WHERE id=8015814
	Index Scan using sbtest2_pkey on sbtest2  (cost=0.43..8.45 rows=1 width=121)
	  Index Cond: (id = 8015814)

table 3 : explain SELECT c FROM sbtest3 WHERE id=5962445
	Index Scan using sbtest3_pkey on sbtest3  (cost=0.43..8.45 rows=1 width=121)
	  Index Cond: (id = 5962445)

table 4 : explain SELECT c FROM sbtest4 WHERE id=4091152
	Index Scan using sbtest4_pkey on sbtest4  (cost=0.43..8.45 rows=1 width=121)
	  Index Cond: (id = 4091152)

table 5 : explain SELECT c FROM sbtest5 WHERE id=4343607
	Index Scan using sbtest5_pkey on sbtest5  (cost=0.43..8.45 rows=1 width=121)
	  Index Cond: (id = 4343607)

table 6 : explain SELECT c FROM sbtest6 WHERE id=8351757
	Index Scan using sbtest6_pkey on sbtest6  (cost=0.43..8.45 rows=1 width=121)
	  Index Cond: (id = 8351757)

table 7 : explain SELECT c FROM sbtest7 WHERE id=3435905
	Index Scan using sbtest7_pkey on sbtest7  (cost=0.43..8.45 rows=1 width=121)
	  Index Cond: (id = 3435905)

table 8 : explain SELECT c FROM sbtest8 WHERE id=8664399
	Index Scan using sbtest8_pkey on sbtest8  (cost=0.43..8.45 rows=1 width=121)
	  Index Cond: (id = 8664399)

for point_selects
table 1 : explain SELECT c FROM sbtest1 WHERE id=4482139
	Index Scan using sbtest1_pkey on sbtest1  (cost=0.43..8.45 rows=1 width=121)
	  Index Cond: (id = 4482139)

table 2 : explain SELECT c FROM sbtest2 WHERE id=5554051
	Index Scan using sbtest2_pkey on sbtest2  (cost=0.43..8.45 rows=1 width=121)
	  Index Cond: (id = 5554051)

table 3 : explain SELECT c FROM sbtest3 WHERE id=589316
	Index Scan using sbtest3_pkey on sbtest3  (cost=0.43..8.45 rows=1 width=121)
	  Index Cond: (id = 589316)

table 4 : explain SELECT c FROM sbtest4 WHERE id=734422
	Index Scan using sbtest4_pkey on sbtest4  (cost=0.43..8.45 rows=1 width=121)
	  Index Cond: (id = 734422)

table 5 : explain SELECT c FROM sbtest5 WHERE id=2842257
	Index Scan using sbtest5_pkey on sbtest5  (cost=0.43..8.45 rows=1 width=121)
	  Index Cond: (id = 2842257)

table 6 : explain SELECT c FROM sbtest6 WHERE id=2527940
	Index Scan using sbtest6_pkey on sbtest6  (cost=0.43..8.45 rows=1 width=121)
	  Index Cond: (id = 2527940)

table 7 : explain SELECT c FROM sbtest7 WHERE id=1561977
	Index Scan using sbtest7_pkey on sbtest7  (cost=0.43..8.45 rows=1 width=121)
	  Index Cond: (id = 1561977)

table 8 : explain SELECT c FROM sbtest8 WHERE id=3648864
	Index Scan using sbtest8_pkey on sbtest8  (cost=0.43..8.45 rows=1 width=121)
	  Index Cond: (id = 3648864)

Threads started!

Warming up for 5 seconds...

SQL statistics:
    queries performed:
        read:                            668370545
        write:                           0
        other:                           0
        total:                           668370545
    transactions:                        668370545 (1060877.86 per sec.)
    queries:                             668370545 (1060877.86 per sec.)
    ignored errors:                      0      (0.00 per sec.)
    reconnects:                          0      (0.00 per sec.)

Throughput:
    events/s (eps):                      1060877.8648
    time elapsed:                        630.0166s
    total number of events:              668370545

Latency (ms):
         min:                                    0.03
         avg:                                    0.04
         max:                                   16.84
         95th percentile:                        0.04
         sum:                             25015638.99

Threads fairness:
    events (avg/stddev):           16709246.7250/333650.57
    execution time (avg/stddev):   625.3910/0.16

