LUA_PATH=/home/mdcallag/git/mytools/bench/sysbench.lua/lua/?.lua /home/mdcallag/git/mytools/bench/sysbench.lua/lua/sysbench --db-driver=pgsql --range-size=1000 --table-size=10000000 --tables=8 --threads=40 --events=0 --warmup-time=5 --time=630 --pgsql_conn_id=true /home/mdcallag/git/mytools/bench/sysbench.lua/lua/oltp_read_only.lua run --pgsql-user=root --pgsql-password=pw --pgsql-host=127.0.0.1 --pgsql-db=ib --rand-type=uniform --simple-ranges=0 --sum-ranges=0 --order-ranges=0 --distinct-ranges=1
48 CPUs
sysbench 1.1.0-9072687 (using bundled LuaJIT 2.1.0-beta3)

Running the test with following options:
Number of threads: 40
Warmup time: 5s
Initializing random number generator from current time


Initializing worker threads...

explain: for point_selects :: explain SELECT c FROM sbtest%u WHERE id=%u
explain: for point_selects :: explain SELECT c FROM sbtest%u WHERE id=%u
explain: for point_selects :: explain SELECT c FROM sbtest%u WHERE id=%u
explain: for point_selects :: explain SELECT c FROM sbtest%u WHERE id=%u
explain: for point_selects :: explain SELECT c FROM sbtest%u WHERE id=%u
explain: for point_selects :: explain SELECT c FROM sbtest%u WHERE id=%u
explain: for point_selects :: explain SELECT c FROM sbtest%u WHERE id=%u
for point_selects
table 1 : explain SELECT c FROM sbtest1 WHERE id=5516883
	Index Scan using sbtest1_pkey on sbtest1  (cost=0.43..8.45 rows=1 width=121)
	  Index Cond: (id = 5516883)

table 2 : explain SELECT c FROM sbtest2 WHERE id=7000268
	Index Scan using sbtest2_pkey on sbtest2  (cost=0.43..8.45 rows=1 width=121)
	  Index Cond: (id = 7000268)

table 3 : explain SELECT c FROM sbtest3 WHERE id=4592519
	Index Scan using sbtest3_pkey on sbtest3  (cost=0.43..8.45 rows=1 width=121)
	  Index Cond: (id = 4592519)

table 4 : explain SELECT c FROM sbtest4 WHERE id=9103096
	Index Scan using sbtest4_pkey on sbtest4  (cost=0.43..8.45 rows=1 width=121)
	  Index Cond: (id = 9103096)

table 5 : explain SELECT c FROM sbtest5 WHERE id=6299083
	Index Scan using sbtest5_pkey on sbtest5  (cost=0.43..8.45 rows=1 width=121)
	  Index Cond: (id = 6299083)

table 6 : explain SELECT c FROM sbtest6 WHERE id=5007749
	Index Scan using sbtest6_pkey on sbtest6  (cost=0.43..8.45 rows=1 width=121)
	  Index Cond: (id = 5007749)

table 7 : explain SELECT c FROM sbtest7 WHERE id=2725732
	Index Scan using sbtest7_pkey on sbtest7  (cost=0.43..8.45 rows=1 width=121)
	  Index Cond: (id = 2725732)

table 8 : explain SELECT c FROM sbtest8 WHERE id=5231963
	Index Scan using sbtest8_pkey on sbtest8  (cost=0.43..8.45 rows=1 width=121)
	  Index Cond: (id = 5231963)

for point_selects
table 1 : explain SELECT c FROM sbtest1 WHERE id=2765511
	Index Scan using sbtest1_pkey on sbtest1  (cost=0.43..8.45 rows=1 width=121)
	  Index Cond: (id = 2765511)

table 2 : explain SELECT c FROM sbtest2 WHERE id=3736888
	Index Scan using sbtest2_pkey on sbtest2  (cost=0.43..8.45 rows=1 width=121)
	  Index Cond: (id = 3736888)

table 3 : explain SELECT c FROM sbtest3 WHERE id=7249390
	Index Scan using sbtest3_pkey on sbtest3  (cost=0.43..8.45 rows=1 width=121)
	  Index Cond: (id = 7249390)

table 4 : explain SELECT c FROM sbtest4 WHERE id=5161505
	Index Scan using sbtest4_pkey on sbtest4  (cost=0.43..8.45 rows=1 width=121)
	  Index Cond: (id = 5161505)

table 5 : explain SELECT c FROM sbtest5 WHERE id=7441599
	Index Scan using sbtest5_pkey on sbtest5  (cost=0.43..8.45 rows=1 width=121)
	  Index Cond: (id = 7441599)

table 6 : explain SELECT c FROM sbtest6 WHERE id=7735624
	Index Scan using sbtest6_pkey on sbtest6  (cost=0.43..8.45 rows=1 width=121)
	  Index Cond: (id = 7735624)

table 7 : explain SELECT c FROM sbtest7 WHERE id=6993841
	Index Scan using sbtest7_pkey on sbtest7  (cost=0.43..8.45 rows=1 width=121)
	  Index Cond: (id = 6993841)

table 8 : explain SELECT c FROM sbtest8 WHERE id=7414492
	Index Scan using sbtest8_pkey on sbtest8  (cost=0.43..8.45 rows=1 width=121)
	  Index Cond: (id = 7414492)

for point_selects
table 1 : explain SELECT c FROM sbtest1 WHERE id=1738035
	Index Scan using sbtest1_pkey on sbtest1  (cost=0.43..8.45 rows=1 width=121)
	  Index Cond: (id = 1738035)

table 2 : explain SELECT c FROM sbtest2 WHERE id=2631524
	Index Scan using sbtest2_pkey on sbtest2  (cost=0.43..8.45 rows=1 width=121)
	  Index Cond: (id = 2631524)

table 3 : explain SELECT c FROM sbtest3 WHERE id=1463541
	Index Scan using sbtest3_pkey on sbtest3  (cost=0.43..8.45 rows=1 width=121)
	  Index Cond: (id = 1463541)

table 4 : explain SELECT c FROM sbtest4 WHERE id=9576583
	Index Scan using sbtest4_pkey on sbtest4  (cost=0.43..8.45 rows=1 width=121)
	  Index Cond: (id = 9576583)

table 5 : explain SELECT c FROM sbtest5 WHERE id=7932971
	Index Scan using sbtest5_pkey on sbtest5  (cost=0.43..8.45 rows=1 width=121)
	  Index Cond: (id = 7932971)

table 6 : explain SELECT c FROM sbtest6 WHERE id=4274735
	Index Scan using sbtest6_pkey on sbtest6  (cost=0.43..8.45 rows=1 width=121)
	  Index Cond: (id = 4274735)

table 7 : explain SELECT c FROM sbtest7 WHERE id=1842807
	Index Scan using sbtest7_pkey on sbtest7  (cost=0.43..8.45 rows=1 width=121)
	  Index Cond: (id = 1842807)

table 8 : explain SELECT c FROM sbtest8 WHERE id=300850
	Index Scan using sbtest8_pkey on sbtest8  (cost=0.43..8.45 rows=1 width=121)
	  Index Cond: (id = 300850)

for point_selects
table 1 : explain SELECT c FROM sbtest1 WHERE id=9913500
	Index Scan using sbtest1_pkey on sbtest1  (cost=0.43..8.45 rows=1 width=121)
	  Index Cond: (id = 9913500)

table 2 : explain SELECT c FROM sbtest2 WHERE id=3104304
	Index Scan using sbtest2_pkey on sbtest2  (cost=0.43..8.45 rows=1 width=121)
	  Index Cond: (id = 3104304)

table 3 : explain SELECT c FROM sbtest3 WHERE id=3409529
	Index Scan using sbtest3_pkey on sbtest3  (cost=0.43..8.45 rows=1 width=121)
	  Index Cond: (id = 3409529)

table 4 : explain SELECT c FROM sbtest4 WHERE id=3644063
	Index Scan using sbtest4_pkey on sbtest4  (cost=0.43..8.45 rows=1 width=121)
	  Index Cond: (id = 3644063)

table 5 : explain SELECT c FROM sbtest5 WHERE id=2585179
	Index Scan using sbtest5_pkey on sbtest5  (cost=0.43..8.45 rows=1 width=121)
	  Index Cond: (id = 2585179)

table 6 : explain SELECT c FROM sbtest6 WHERE id=8684461
	Index Scan using sbtest6_pkey on sbtest6  (cost=0.43..8.45 rows=1 width=121)
	  Index Cond: (id = 8684461)

table 7 : explain SELECT c FROM sbtest7 WHERE id=8284448
	Index Scan using sbtest7_pkey on sbtest7  (cost=0.43..8.45 rows=1 width=121)
	  Index Cond: (id = 8284448)

table 8 : explain SELECT c FROM sbtest8 WHERE id=7769600
	Index Scan using sbtest8_pkey on sbtest8  (cost=0.43..8.45 rows=1 width=121)
	  Index Cond: (id = 7769600)

for point_selects
table 1 : explain SELECT c FROM sbtest1 WHERE id=5590909
	Index Scan using sbtest1_pkey on sbtest1  (cost=0.43..8.45 rows=1 width=121)
	  Index Cond: (id = 5590909)

table 2 : explain SELECT c FROM sbtest2 WHERE id=2159711
	Index Scan using sbtest2_pkey on sbtest2  (cost=0.43..8.45 rows=1 width=121)
	  Index Cond: (id = 2159711)

table 3 : explain SELECT c FROM sbtest3 WHERE id=4193825
	Index Scan using sbtest3_pkey on sbtest3  (cost=0.43..8.45 rows=1 width=121)
	  Index Cond: (id = 4193825)

table 4 : explain SELECT c FROM sbtest4 WHERE id=6480910
	Index Scan using sbtest4_pkey on sbtest4  (cost=0.43..8.45 rows=1 width=121)
	  Index Cond: (id = 6480910)

table 5 : explain SELECT c FROM sbtest5 WHERE id=6799688
	Index Scan using sbtest5_pkey on sbtest5  (cost=0.43..8.45 rows=1 width=121)
	  Index Cond: (id = 6799688)

table 6 : explain SELECT c FROM sbtest6 WHERE id=6588904
	Index Scan using sbtest6_pkey on sbtest6  (cost=0.43..8.45 rows=1 width=121)
	  Index Cond: (id = 6588904)

table 7 : explain SELECT c FROM sbtest7 WHERE id=4455303
	Index Scan using sbtest7_pkey on sbtest7  (cost=0.43..8.45 rows=1 width=121)
	  Index Cond: (id = 4455303)

table 8 : explain SELECT c FROM sbtest8 WHERE id=3275672
	Index Scan using sbtest8_pkey on sbtest8  (cost=0.43..8.45 rows=1 width=121)
	  Index Cond: (id = 3275672)

for: simple_ranges
table 1 : explain SELECT c FROM sbtest1 WHERE id BETWEEN 159830 AND 160829
	Bitmap Heap Scan on sbtest1  (cost=23.11..4013.88 rows=1041 width=121)
	  Recheck Cond: ((id >= 159830) AND (id <= 160829))
	  ->  Bitmap Index Scan on sbtest1_pkey  (cost=0.00..22.84 rows=1041 width=0)
	        Index Cond: ((id >= 159830) AND (id <= 160829))

table 2 : explain SELECT c FROM sbtest2 WHERE id BETWEEN 5095168 AND 5096167
	Bitmap Heap Scan on sbtest2  (cost=22.88..3932.38 rows=1019 width=121)
	  Recheck Cond: ((id >= 5095168) AND (id <= 5096167))
	  ->  Bitmap Index Scan on sbtest2_pkey  (cost=0.00..22.62 rows=1019 width=0)
	        Index Cond: ((id >= 5095168) AND (id <= 5096167))

table 3 : explain SELECT c FROM sbtest3 WHERE id BETWEEN 8024449 AND 8025448
	Bitmap Heap Scan on sbtest3  (cost=22.52..3800.65 rows=984 width=121)
	  Recheck Cond: ((id >= 8024449) AND (id <= 8025448))
	  ->  Bitmap Index Scan on sbtest3_pkey  (cost=0.00..22.27 rows=984 width=0)
	        Index Cond: ((id >= 8024449) AND (id <= 8025448))

table 4 : explain SELECT c FROM sbtest4 WHERE id BETWEEN 2385629 AND 2386628
	Bitmap Heap Scan on sbtest4  (cost=21.27..3340.88 rows=862 width=121)
	  Recheck Cond: ((id >= 2385629) AND (id <= 2386628))
	  ->  Bitmap Index Scan on sbtest4_pkey  (cost=0.00..21.05 rows=862 width=0)
	        Index Cond: ((id >= 2385629) AND (id <= 2386628))

table 5 : explain SELECT c FROM sbtest5 WHERE id BETWEEN 8710943 AND 8711942
	Bitmap Heap Scan on sbtest5  (cost=22.45..3775.39 rows=977 width=121)
	  Recheck Cond: ((id >= 8710943) AND (id <= 8711942))
	  ->  Bitmap Index Scan on sbtest5_pkey  (cost=0.00..22.20 rows=977 width=0)
	        Index Cond: ((id >= 8710943) AND (id <= 8711942))

table 6 : explain SELECT c FROM sbtest6 WHERE id BETWEEN 3641117 AND 3642116
	Bitmap Heap Scan on sbtest6  (cost=21.66..3484.73 rows=900 width=121)
	  Recheck Cond: ((id >= 3641117) AND (id <= 3642116))
	  ->  Bitmap Index Scan on sbtest6_pkey  (cost=0.00..21.43 rows=900 width=0)
	        Index Cond: ((id >= 3641117) AND (id <= 3642116))

table 7 : explain SELECT c FROM sbtest7 WHERE id BETWEEN 3212939 AND 3213938
	Bitmap Heap Scan on sbtest7  (cost=22.77..3893.31 rows=1008 width=121)
	  Recheck Cond: ((id >= 3212939) AND (id <= 3213938))
	  ->  Bitmap Index Scan on sbtest7_pkey  (cost=0.00..22.51 rows=1008 width=0)
	        Index Cond: ((id >= 3212939) AND (id <= 3213938))

table 8 : explain SELECT c FROM sbtest8 WHERE id BETWEEN 9443145 AND 9444144
	Bitmap Heap Scan on sbtest8  (cost=21.59..3459.08 rows=893 width=121)
	  Recheck Cond: ((id >= 9443145) AND (id <= 9444144))
	  ->  Bitmap Index Scan on sbtest8_pkey  (cost=0.00..21.36 rows=893 width=0)
	        Index Cond: ((id >= 9443145) AND (id <= 9444144))

for: simple_ranges
table 1 : explain SELECT c FROM sbtest1 WHERE id BETWEEN 3485200 AND 3486199
	Bitmap Heap Scan on sbtest1  (cost=21.99..3603.41 rows=932 width=121)
	  Recheck Cond: ((id >= 3485200) AND (id <= 3486199))
	  ->  Bitmap Index Scan on sbtest1_pkey  (cost=0.00..21.75 rows=932 width=0)
	        Index Cond: ((id >= 3485200) AND (id <= 3486199))

table 2 : explain SELECT c FROM sbtest2 WHERE id BETWEEN 2973141 AND 2974140
	Bitmap Heap Scan on sbtest2  (cost=28.18..4409.58 rows=1146 width=121)
	  Recheck Cond: ((id >= 2973141) AND (id <= 2974140))
	  ->  Bitmap Index Scan on sbtest2_pkey  (cost=0.00..27.89 rows=1146 width=0)
	        Index Cond: ((id >= 2973141) AND (id <= 2974140))

table 3 : explain SELECT c FROM sbtest3 WHERE id BETWEEN 5092260 AND 5093259
	Bitmap Heap Scan on sbtest3  (cost=23.19..4045.30 rows=1049 width=121)
	  Recheck Cond: ((id >= 5092260) AND (id <= 5093259))
	  ->  Bitmap Index Scan on sbtest3_pkey  (cost=0.00..22.93 rows=1049 width=0)
	        Index Cond: ((id >= 5092260) AND (id <= 5093259))

table 4 : explain SELECT c FROM sbtest4 WHERE id BETWEEN 8795022 AND 8796021
	Bitmap Heap Scan on sbtest4  (cost=22.33..3730.11 rows=965 width=121)
	  Recheck Cond: ((id >= 8795022) AND (id <= 8796021))
	  ->  Bitmap Index Scan on sbtest4_pkey  (cost=0.00..22.08 rows=965 width=0)
	        Index Cond: ((id >= 8795022) AND (id <= 8796021))

table 5 : explain SELECT c FROM sbtest5 WHERE id BETWEEN 7872333 AND 7873332
	Bitmap Heap Scan on sbtest5  (cost=22.65..3850.78 rows=997 width=121)
	  Recheck Cond: ((id >= 7872333) AND (id <= 7873332))
	  ->  Bitmap Index Scan on sbtest5_pkey  (cost=0.00..22.40 rows=997 width=0)
	        Index Cond: ((id >= 7872333) AND (id <= 7873332))

table 6 : explain SELECT c FROM sbtest6 WHERE id BETWEEN 8427307 AND 8428306
	Bitmap Heap Scan on sbtest6  (cost=23.02..3986.42 rows=1033 width=121)
	  Recheck Cond: ((id >= 8427307) AND (id <= 8428306))
	  ->  Bitmap Index Scan on sbtest6_pkey  (cost=0.00..22.76 rows=1033 width=0)
	        Index Cond: ((id >= 8427307) AND (id <= 8428306))

table 7 : explain SELECT c FROM sbtest7 WHERE id BETWEEN 1339274 AND 1340273
	Bitmap Heap Scan on sbtest7  (cost=27.64..4217.15 rows=1093 width=121)
	  Recheck Cond: ((id >= 1339274) AND (id <= 1340273))
	  ->  Bitmap Index Scan on sbtest7_pkey  (cost=0.00..27.36 rows=1093 width=0)
	        Index Cond: ((id >= 1339274) AND (id <= 1340273))

table 8 : explain SELECT c FROM sbtest8 WHERE id BETWEEN 4589596 AND 4590595
	Bitmap Heap Scan on sbtest8  (cost=22.78..3897.04 rows=1009 width=121)
	  Recheck Cond: ((id >= 4589596) AND (id <= 4590595))
	  ->  Bitmap Index Scan on sbtest8_pkey  (cost=0.00..22.52 rows=1009 width=0)
	        Index Cond: ((id >= 4589596) AND (id <= 4590595))

for point_selects
table 1 : explain SELECT c FROM sbtest1 WHERE id=6128875
	Index Scan using sbtest1_pkey on sbtest1  (cost=0.43..8.45 rows=1 width=121)
	  Index Cond: (id = 6128875)

table 2 : explain SELECT c FROM sbtest2 WHERE id=6647910
	Index Scan using sbtest2_pkey on sbtest2  (cost=0.43..8.45 rows=1 width=121)
	  Index Cond: (id = 6647910)

table 3 : explain SELECT c FROM sbtest3 WHERE id=1349262
	Index Scan using sbtest3_pkey on sbtest3  (cost=0.43..8.45 rows=1 width=121)
	  Index Cond: (id = 1349262)

table 4 : explain SELECT c FROM sbtest4 WHERE id=3149580
	Index Scan using sbtest4_pkey on sbtest4  (cost=0.43..8.45 rows=1 width=121)
	  Index Cond: (id = 3149580)

table 5 : explain SELECT c FROM sbtest5 WHERE id=2864908
	Index Scan using sbtest5_pkey on sbtest5  (cost=0.43..8.45 rows=1 width=121)
	  Index Cond: (id = 2864908)

table 6 : explain SELECT c FROM sbtest6 WHERE id=8657041
	Index Scan using sbtest6_pkey on sbtest6  (cost=0.43..8.45 rows=1 width=121)
	  Index Cond: (id = 8657041)

table 7 : explain SELECT c FROM sbtest7 WHERE id=6692935
	Index Scan using sbtest7_pkey on sbtest7  (cost=0.43..8.45 rows=1 width=121)
	  Index Cond: (id = 6692935)

table 8 : explain SELECT c FROM sbtest8 WHERE id=4986505
	Index Scan using sbtest8_pkey on sbtest8  (cost=0.43..8.45 rows=1 width=121)
	  Index Cond: (id = 4986505)

for point_selects
table 1 : explain SELECT c FROM sbtest1 WHERE id=3603487
	Index Scan using sbtest1_pkey on sbtest1  (cost=0.43..8.45 rows=1 width=121)
	  Index Cond: (id = 3603487)

table 2 : explain SELECT c FROM sbtest2 WHERE id=4942218
	Index Scan using sbtest2_pkey on sbtest2  (cost=0.43..8.45 rows=1 width=121)
	  Index Cond: (id = 4942218)

table 3 : explain SELECT c FROM sbtest3 WHERE id=7049716
	Index Scan using sbtest3_pkey on sbtest3  (cost=0.43..8.45 rows=1 width=121)
	  Index Cond: (id = 7049716)

table 4 : explain SELECT c FROM sbtest4 WHERE id=1194451
	Index Scan using sbtest4_pkey on sbtest4  (cost=0.43..8.45 rows=1 width=121)
	  Index Cond: (id = 1194451)

table 5 : explain SELECT c FROM sbtest5 WHERE id=3946927
	Index Scan using sbtest5_pkey on sbtest5  (cost=0.43..8.45 rows=1 width=121)
	  Index Cond: (id = 3946927)

table 6 : explain SELECT c FROM sbtest6 WHERE id=5858437
	Index Scan using sbtest6_pkey on sbtest6  (cost=0.43..8.45 rows=1 width=121)
	  Index Cond: (id = 5858437)

table 7 : explain SELECT c FROM sbtest7 WHERE id=8277927
	Index Scan using sbtest7_pkey on sbtest7  (cost=0.43..8.45 rows=1 width=121)
	  Index Cond: (id = 8277927)

table 8 : explain SELECT c FROM sbtest8 WHERE id=4362929
	Index Scan using sbtest8_pkey on sbtest8  (cost=0.43..8.45 rows=1 width=121)
	  Index Cond: (id = 4362929)

for: simple_ranges
table 1 : explain SELECT c FROM sbtest1 WHERE id BETWEEN 8518325 AND 8519324
	Bitmap Heap Scan on sbtest1  (cost=23.60..4194.15 rows=1089 width=121)
	  Recheck Cond: ((id >= 8518325) AND (id <= 8519324))
	  ->  Bitmap Index Scan on sbtest1_pkey  (cost=0.00..23.32 rows=1089 width=0)
	        Index Cond: ((id >= 8518325) AND (id <= 8519324))

table 2 : explain SELECT c FROM sbtest2 WHERE id BETWEEN 2297190 AND 2298189
	Bitmap Heap Scan on sbtest2  (cost=22.17..3672.40 rows=950 width=121)
	  Recheck Cond: ((id >= 2297190) AND (id <= 2298189))
	  ->  Bitmap Index Scan on sbtest2_pkey  (cost=0.00..21.93 rows=950 width=0)
	        Index Cond: ((id >= 2297190) AND (id <= 2298189))

table 3 : explain SELECT c FROM sbtest3 WHERE id BETWEEN 6445890 AND 6446889
	Bitmap Heap Scan on sbtest3  (cost=22.86..3924.93 rows=1017 width=121)
	  Recheck Cond: ((id >= 6445890) AND (id <= 6446889))
	  ->  Bitmap Index Scan on sbtest3_pkey  (cost=0.00..22.61 rows=1017 width=0)
	        Index Cond: ((id >= 6445890) AND (id <= 6446889))

table 4 : explain SELECT c FROM sbtest4 WHERE id BETWEEN 941058 AND 942057
	Bitmap Heap Scan on sbtest4  (cost=22.47..3782.91 rows=979 width=121)
	  Recheck Cond: ((id >= 941058) AND (id <= 942057))
	  ->  Bitmap Index Scan on sbtest4_pkey  (cost=0.00..22.22 rows=979 width=0)
	        Index Cond: ((id >= 941058) AND (id <= 942057))

table 5 : explain SELECT c FROM sbtest5 WHERE id BETWEEN 1562208 AND 1563207
	Bitmap Heap Scan on sbtest5  (cost=23.23..4061.58 rows=1053 width=121)
	  Recheck Cond: ((id >= 1562208) AND (id <= 1563207))
	  ->  Bitmap Index Scan on sbtest5_pkey  (cost=0.00..22.96 rows=1053 width=0)
	        Index Cond: ((id >= 1562208) AND (id <= 1563207))

table 6 : explain SELECT c FROM sbtest6 WHERE id BETWEEN 2398870 AND 2399869
	Bitmap Heap Scan on sbtest6  (cost=27.96..4328.65 rows=1124 width=121)
	  Recheck Cond: ((id >= 2398870) AND (id <= 2399869))
	  ->  Bitmap Index Scan on sbtest6_pkey  (cost=0.00..27.68 rows=1124 width=0)
	        Index Cond: ((id >= 2398870) AND (id <= 2399869))

table 7 : explain SELECT c FROM sbtest7 WHERE id BETWEEN 3598125 AND 3599124
	Bitmap Heap Scan on sbtest7  (cost=22.81..3908.38 rows=1012 width=121)
	  Recheck Cond: ((id >= 3598125) AND (id <= 3599124))
	  ->  Bitmap Index Scan on sbtest7_pkey  (cost=0.00..22.55 rows=1012 width=0)
	        Index Cond: ((id >= 3598125) AND (id <= 3599124))

table 8 : explain SELECT c FROM sbtest8 WHERE id BETWEEN 9986893 AND 9987892
	Bitmap Heap Scan on sbtest8  (cost=22.40..3757.54 rows=972 width=121)
	  Recheck Cond: ((id >= 9986893) AND (id <= 9987892))
	  ->  Bitmap Index Scan on sbtest8_pkey  (cost=0.00..22.15 rows=972 width=0)
	        Index Cond: ((id >= 9986893) AND (id <= 9987892))

for: simple_ranges
table 1 : explain SELECT c FROM sbtest1 WHERE id BETWEEN 6108868 AND 6109867
	Bitmap Heap Scan on sbtest1  (cost=22.65..3848.37 rows=997 width=121)
	  Recheck Cond: ((id >= 6108868) AND (id <= 6109867))
	  ->  Bitmap Index Scan on sbtest1_pkey  (cost=0.00..22.40 rows=997 width=0)
	        Index Cond: ((id >= 6108868) AND (id <= 6109867))

table 2 : explain SELECT c FROM sbtest2 WHERE id BETWEEN 5232662 AND 5233661
	Bitmap Heap Scan on sbtest2  (cost=22.74..3879.68 rows=1005 width=121)
	  Recheck Cond: ((id >= 5232662) AND (id <= 5233661))
	  ->  Bitmap Index Scan on sbtest2_pkey  (cost=0.00..22.48 rows=1005 width=0)
	        Index Cond: ((id >= 5232662) AND (id <= 5233661))

table 3 : explain SELECT c FROM sbtest3 WHERE id BETWEEN 4936048 AND 4937047
	Bitmap Heap Scan on sbtest3  (cost=23.19..4045.30 rows=1049 width=121)
	  Recheck Cond: ((id >= 4936048) AND (id <= 4937047))
	  ->  Bitmap Index Scan on sbtest3_pkey  (cost=0.00..22.93 rows=1049 width=0)
	        Index Cond: ((id >= 4936048) AND (id <= 4937047))

table 4 : explain SELECT c FROM sbtest4 WHERE id BETWEEN 5215778 AND 5216777
	Bitmap Heap Scan on sbtest4  (cost=22.31..3722.57 rows=963 width=121)
	  Recheck Cond: ((id >= 5215778) AND (id <= 5216777))
	  ->  Bitmap Index Scan on sbtest4_pkey  (cost=0.00..22.07 rows=963 width=0)
	        Index Cond: ((id >= 5215778) AND (id <= 5216777))

table 5 : explain SELECT c FROM sbtest5 WHERE id BETWEEN 9751409 AND 9752408
	Bitmap Heap Scan on sbtest5  (cost=21.60..3461.98 rows=894 width=121)
	  Recheck Cond: ((id >= 9751409) AND (id <= 9752408))
	  ->  Bitmap Index Scan on sbtest5_pkey  (cost=0.00..21.37 rows=894 width=0)
	        Index Cond: ((id >= 9751409) AND (id <= 9752408))

table 6 : explain SELECT c FROM sbtest6 WHERE id BETWEEN 238572 AND 239571
	Bitmap Heap Scan on sbtest6  (cost=22.88..3933.72 rows=1019 width=121)
	  Recheck Cond: ((id >= 238572) AND (id <= 239571))
	  ->  Bitmap Index Scan on sbtest6_pkey  (cost=0.00..22.62 rows=1019 width=0)
	        Index Cond: ((id >= 238572) AND (id <= 239571))

table 7 : explain SELECT c FROM sbtest7 WHERE id BETWEEN 8497684 AND 8498683
	Bitmap Heap Scan on sbtest7  (cost=27.42..4138.22 rows=1072 width=121)
	  Recheck Cond: ((id >= 8497684) AND (id <= 8498683))
	  ->  Bitmap Index Scan on sbtest7_pkey  (cost=0.00..27.15 rows=1072 width=0)
	        Index Cond: ((id >= 8497684) AND (id <= 8498683))

table 8 : explain SELECT c FROM sbtest8 WHERE id BETWEEN 3686867 AND 3687866
	Bitmap Heap Scan on sbtest8  (cost=22.60..3832.97 rows=992 width=121)
	  Recheck Cond: ((id >= 3686867) AND (id <= 3687866))
	  ->  Bitmap Index Scan on sbtest8_pkey  (cost=0.00..22.36 rows=992 width=0)
	        Index Cond: ((id >= 3686867) AND (id <= 3687866))

explain: for point_selects :: explain SELECT c FROM sbtest%u WHERE id=%u
for: simple_ranges
table 1 : explain SELECT c FROM sbtest1 WHERE id BETWEEN 7460710 AND 7461709
	Bitmap Heap Scan on sbtest1  (cost=22.87..3927.39 rows=1018 width=121)
	  Recheck Cond: ((id >= 7460710) AND (id <= 7461709))
	  ->  Bitmap Index Scan on sbtest1_pkey  (cost=0.00..22.61 rows=1018 width=0)
	        Index Cond: ((id >= 7460710) AND (id <= 7461709))

table 2 : explain SELECT c FROM sbtest2 WHERE id BETWEEN 5888287 AND 5889286
	Bitmap Heap Scan on sbtest2  (cost=22.52..3800.59 rows=984 width=121)
	  Recheck Cond: ((id >= 5888287) AND (id <= 5889286))
	  ->  Bitmap Index Scan on sbtest2_pkey  (cost=0.00..22.27 rows=984 width=0)
	        Index Cond: ((id >= 5888287) AND (id <= 5889286))

table 3 : explain SELECT c FROM sbtest3 WHERE id BETWEEN 4194396 AND 4195395
	Bitmap Heap Scan on sbtest3  (cost=22.90..3939.98 rows=1021 width=121)
	  Recheck Cond: ((id >= 4194396) AND (id <= 4195395))
	  ->  Bitmap Index Scan on sbtest3_pkey  (cost=0.00..22.64 rows=1021 width=0)
	        Index Cond: ((id >= 4194396) AND (id <= 4195395))

table 4 : explain SELECT c FROM sbtest4 WHERE id BETWEEN 9206255 AND 9207254
	Bitmap Heap Scan on sbtest4  (cost=27.72..4245.93 rows=1101 width=121)
	  Recheck Cond: ((id >= 9206255) AND (id <= 9207254))
	  ->  Bitmap Index Scan on sbtest4_pkey  (cost=0.00..27.44 rows=1101 width=0)
	        Index Cond: ((id >= 9206255) AND (id <= 9207254))

table 5 : explain SELECT c FROM sbtest5 WHERE id BETWEEN 4153410 AND 4154409
	Bitmap Heap Scan on sbtest5  (cost=22.60..3831.94 rows=992 width=121)
	  Recheck Cond: ((id >= 4153410) AND (id <= 4154409))
	  ->  Bitmap Index Scan on sbtest5_pkey  (cost=0.00..22.36 rows=992 width=0)
	        Index Cond: ((id >= 4153410) AND (id <= 4154409))

table 6 : explain SELECT c FROM sbtest6 WHERE id BETWEEN 9308404 AND 9309403
	Bitmap Heap Scan on sbtest6  (cost=22.62..3839.54 rows=994 width=121)
	  Recheck Cond: ((id >= 9308404) AND (id <= 9309403))
	  ->  Bitmap Index Scan on sbtest6_pkey  (cost=0.00..22.37 rows=994 width=0)
	        Index Cond: ((id >= 9308404) AND (id <= 9309403))

table 7 : explain SELECT c FROM sbtest7 WHERE id BETWEEN 3553075 AND 3554074
	Bitmap Heap Scan on sbtest7  (cost=22.81..3908.38 rows=1012 width=121)
	  Recheck Cond: ((id >= 3553075) AND (id <= 3554074))
	  ->  Bitmap Index Scan on sbtest7_pkey  (cost=0.00..22.55 rows=1012 width=0)
	        Index Cond: ((id >= 3553075) AND (id <= 3554074))

table 8 : explain SELECT c FROM sbtest8 WHERE id BETWEEN 6605471 AND 6606470
	Bitmap Heap Scan on sbtest8  (cost=27.71..4243.41 rows=1100 width=121)
	  Recheck Cond: ((id >= 6605471) AND (id <= 6606470))
	  ->  Bitmap Index Scan on sbtest8_pkey  (cost=0.00..27.43 rows=1100 width=0)
	        Index Cond: ((id >= 6605471) AND (id <= 6606470))

for: simple_ranges
table 1 : explain SELECT c FROM sbtest1 WHERE id BETWEEN 6957527 AND 6958526
	Bitmap Heap Scan on sbtest1  (cost=28.21..4419.36 rows=1149 width=121)
	  Recheck Cond: ((id >= 6957527) AND (id <= 6958526))
	  ->  Bitmap Index Scan on sbtest1_pkey  (cost=0.00..27.93 rows=1149 width=0)
	        Index Cond: ((id >= 6957527) AND (id <= 6958526))

table 2 : explain SELECT c FROM sbtest2 WHERE id BETWEEN 7721535 AND 7722534
	Bitmap Heap Scan on sbtest2  (cost=22.45..3774.21 rows=977 width=121)
	  Recheck Cond: ((id >= 7721535) AND (id <= 7722534))
	  ->  Bitmap Index Scan on sbtest2_pkey  (cost=0.00..22.20 rows=977 width=0)
	        Index Cond: ((id >= 7721535) AND (id <= 7722534))

table 3 : explain SELECT c FROM sbtest3 WHERE id BETWEEN 758736 AND 759735
	Bitmap Heap Scan on sbtest3  (cost=22.67..3857.16 rows=999 width=121)
	  Recheck Cond: ((id >= 758736) AND (id <= 759735))
	  ->  Bitmap Index Scan on sbtest3_pkey  (cost=0.00..22.43 rows=999 width=0)
	        Index Cond: ((id >= 758736) AND (id <= 759735))

table 4 : explain SELECT c FROM sbtest4 WHERE id BETWEEN 4178719 AND 4179718
	Bitmap Heap Scan on sbtest4  (cost=22.34..3733.89 rows=966 width=121)
	  Recheck Cond: ((id >= 4178719) AND (id <= 4179718))
	  ->  Bitmap Index Scan on sbtest4_pkey  (cost=0.00..22.09 rows=966 width=0)
	        Index Cond: ((id >= 4178719) AND (id <= 4179718))

table 5 : explain SELECT c FROM sbtest5 WHERE id BETWEEN 7187311 AND 7188310
	Bitmap Heap Scan on sbtest5  (cost=22.36..3741.45 rows=968 width=121)
	  Recheck Cond: ((id >= 7187311) AND (id <= 7188310))
	  ->  Bitmap Index Scan on sbtest5_pkey  (cost=0.00..22.11 rows=968 width=0)
	        Index Cond: ((id >= 7187311) AND (id <= 7188310))

table 6 : explain SELECT c FROM sbtest6 WHERE id BETWEEN 2533514 AND 2534513
	Bitmap Heap Scan on sbtest6  (cost=22.74..3880.99 rows=1005 width=121)
	  Recheck Cond: ((id >= 2533514) AND (id <= 2534513))
	  ->  Bitmap Index Scan on sbtest6_pkey  (cost=0.00..22.48 rows=1005 width=0)
	        Index Cond: ((id >= 2533514) AND (id <= 2534513))

table 7 : explain SELECT c FROM sbtest7 WHERE id BETWEEN 2931695 AND 2932694
	Bitmap Heap Scan on sbtest7  (cost=23.18..4043.94 rows=1048 width=121)
	  Recheck Cond: ((id >= 2931695) AND (id <= 2932694))
	  ->  Bitmap Index Scan on sbtest7_pkey  (cost=0.00..22.91 rows=1048 width=0)
	        Index Cond: ((id >= 2931695) AND (id <= 2932694))

table 8 : explain SELECT c FROM sbtest8 WHERE id BETWEEN 1330712 AND 1331711
	Bitmap Heap Scan on sbtest8  (cost=21.51..3428.81 rows=885 width=121)
	  Recheck Cond: ((id >= 1330712) AND (id <= 1331711))
	  ->  Bitmap Index Scan on sbtest8_pkey  (cost=0.00..21.29 rows=885 width=0)
	        Index Cond: ((id >= 1330712) AND (id <= 1331711))

for: simple_ranges
table 1 : explain SELECT c FROM sbtest1 WHERE id BETWEEN 4043740 AND 4044739
	Bitmap Heap Scan on sbtest1  (cost=21.90..3569.45 rows=923 width=121)
	  Recheck Cond: ((id >= 4043740) AND (id <= 4044739))
	  ->  Bitmap Index Scan on sbtest1_pkey  (cost=0.00..21.66 rows=923 width=0)
	        Index Cond: ((id >= 4043740) AND (id <= 4044739))

table 2 : explain SELECT c FROM sbtest2 WHERE id BETWEEN 7645320 AND 7646319
	Bitmap Heap Scan on sbtest2  (cost=22.72..3872.15 rows=1003 width=121)
	  Recheck Cond: ((id >= 7645320) AND (id <= 7646319))
	  ->  Bitmap Index Scan on sbtest2_pkey  (cost=0.00..22.46 rows=1003 width=0)
	        Index Cond: ((id >= 7645320) AND (id <= 7646319))

table 3 : explain SELECT c FROM sbtest3 WHERE id BETWEEN 2976399 AND 2977398
	Bitmap Heap Scan on sbtest3  (cost=22.19..3680.01 rows=952 width=121)
	  Recheck Cond: ((id >= 2976399) AND (id <= 2977398))
	  ->  Bitmap Index Scan on sbtest3_pkey  (cost=0.00..21.95 rows=952 width=0)
	        Index Cond: ((id >= 2976399) AND (id <= 2977398))

table 4 : explain SELECT c FROM sbtest4 WHERE id BETWEEN 9279877 AND 9280876
	Bitmap Heap Scan on sbtest4  (cost=27.72..4245.93 rows=1101 width=121)
	  Recheck Cond: ((id >= 9279877) AND (id <= 9280876))
	  ->  Bitmap Index Scan on sbtest4_pkey  (cost=0.00..27.44 rows=1101 width=0)
	        Index Cond: ((id >= 9279877) AND (id <= 9280876))

table 5 : explain SELECT c FROM sbtest5 WHERE id BETWEEN 3637149 AND 3638148
	Bitmap Heap Scan on sbtest5  (cost=21.78..3530.03 rows=912 width=121)
	  Recheck Cond: ((id >= 3637149) AND (id <= 3638148))
	  ->  Bitmap Index Scan on sbtest5_pkey  (cost=0.00..21.55 rows=912 width=0)
	        Index Cond: ((id >= 3637149) AND (id <= 3638148))

table 6 : explain SELECT c FROM sbtest6 WHERE id BETWEEN 7215794 AND 7216793
	Bitmap Heap Scan on sbtest6  (cost=22.24..3700.02 rows=957 width=121)
	  Recheck Cond: ((id >= 7215794) AND (id <= 7216793))
	  ->  Bitmap Index Scan on sbtest6_pkey  (cost=0.00..22.00 rows=957 width=0)
	        Index Cond: ((id >= 7215794) AND (id <= 7216793))

table 7 : explain SELECT c FROM sbtest7 WHERE id BETWEEN 9851481 AND 9852480
	Bitmap Heap Scan on sbtest7  (cost=22.71..3870.70 rows=1002 width=121)
	  Recheck Cond: ((id >= 9851481) AND (id <= 9852480))
	  ->  Bitmap Index Scan on sbtest7_pkey  (cost=0.00..22.45 rows=1002 width=0)
	        Index Cond: ((id >= 9851481) AND (id <= 9852480))

table 8 : explain SELECT c FROM sbtest8 WHERE id BETWEEN 7601016 AND 7602015
	Bitmap Heap Scan on sbtest8  (cost=27.20..4055.42 rows=1050 width=121)
	  Recheck Cond: ((id >= 7601016) AND (id <= 7602015))
	  ->  Bitmap Index Scan on sbtest8_pkey  (cost=0.00..26.93 rows=1050 width=0)
	        Index Cond: ((id >= 7601016) AND (id <= 7602015))

for point_selects
table 1 : explain SELECT c FROM sbtest1 WHERE id=310433
	Index Scan using sbtest1_pkey on sbtest1  (cost=0.43..8.45 rows=1 width=121)
	  Index Cond: (id = 310433)

table 2 : explain SELECT c FROM sbtest2 WHERE id=3175861
	Index Scan using sbtest2_pkey on sbtest2  (cost=0.43..8.45 rows=1 width=121)
	  Index Cond: (id = 3175861)

table 3 : explain SELECT c FROM sbtest3 WHERE id=3497998
	Index Scan using sbtest3_pkey on sbtest3  (cost=0.43..8.45 rows=1 width=121)
	  Index Cond: (id = 3497998)

table 4 : explain SELECT c FROM sbtest4 WHERE id=8463104
	Index Scan using sbtest4_pkey on sbtest4  (cost=0.43..8.45 rows=1 width=121)
	  Index Cond: (id = 8463104)

table 5 : explain SELECT c FROM sbtest5 WHERE id=6270553
	Index Scan using sbtest5_pkey on sbtest5  (cost=0.43..8.45 rows=1 width=121)
	  Index Cond: (id = 6270553)

table 6 : explain SELECT c FROM sbtest6 WHERE id=6636865
	Index Scan using sbtest6_pkey on sbtest6  (cost=0.43..8.45 rows=1 width=121)
	  Index Cond: (id = 6636865)

table 7 : explain SELECT c FROM sbtest7 WHERE id=6126554
	Index Scan using sbtest7_pkey on sbtest7  (cost=0.43..8.45 rows=1 width=121)
	  Index Cond: (id = 6126554)

table 8 : explain SELECT c FROM sbtest8 WHERE id=5505490
	Index Scan using sbtest8_pkey on sbtest8  (cost=0.43..8.45 rows=1 width=121)
	  Index Cond: (id = 5505490)

for: sum_ranges
table 1 : explain SELECT SUM(k) FROM sbtest1 WHERE id BETWEEN 1596259 AND 1597258
	Aggregate  (cost=3669.90..3669.91 rows=1 width=8)
	  ->  Bitmap Heap Scan on sbtest1  (cost=22.16..3667.53 rows=949 width=4)
	        Recheck Cond: ((id >= 1596259) AND (id <= 1597258))
	        ->  Bitmap Index Scan on sbtest1_pkey  (cost=0.00..21.93 rows=949 width=0)
	              Index Cond: ((id >= 1596259) AND (id <= 1597258))

table 2 : explain SELECT SUM(k) FROM sbtest2 WHERE id BETWEEN 2016427 AND 2017426
	Aggregate  (cost=3818.13..3818.14 rows=1 width=8)
	  ->  Bitmap Heap Scan on sbtest2  (cost=22.56..3815.66 rows=988 width=4)
	        Recheck Cond: ((id >= 2016427) AND (id <= 2017426))
	        ->  Bitmap Index Scan on sbtest2_pkey  (cost=0.00..22.32 rows=988 width=0)
	              Index Cond: ((id >= 2016427) AND (id <= 2017426))

table 3 : explain SELECT SUM(k) FROM sbtest3 WHERE id BETWEEN 9558667 AND 9559666
	Aggregate  (cost=4138.17..4138.18 rows=1 width=8)
	  ->  Bitmap Heap Scan on sbtest3  (cost=23.43..4135.49 rows=1073 width=4)
	        Recheck Cond: ((id >= 9558667) AND (id <= 9559666))
	        ->  Bitmap Index Scan on sbtest3_pkey  (cost=0.00..23.16 rows=1073 width=0)
	              Index Cond: ((id >= 9558667) AND (id <= 9559666))

table 4 : explain SELECT SUM(k) FROM sbtest4 WHERE id BETWEEN 5191075 AND 5192074
	Aggregate  (cost=3724.98..3724.99 rows=1 width=8)
	  ->  Bitmap Heap Scan on sbtest4  (cost=22.31..3722.57 rows=963 width=4)
	        Recheck Cond: ((id >= 5191075) AND (id <= 5192074))
	        ->  Bitmap Index Scan on sbtest4_pkey  (cost=0.00..22.07 rows=963 width=0)
	              Index Cond: ((id >= 5191075) AND (id <= 5192074))

table 5 : explain SELECT SUM(k) FROM sbtest5 WHERE id BETWEEN 3581066 AND 3582065
	Aggregate  (cost=3532.31..3532.32 rows=1 width=8)
	  ->  Bitmap Heap Scan on sbtest5  (cost=21.78..3530.03 rows=912 width=4)
	        Recheck Cond: ((id >= 3581066) AND (id <= 3582065))
	        ->  Bitmap Index Scan on sbtest5_pkey  (cost=0.00..21.55 rows=912 width=0)
	              Index Cond: ((id >= 3581066) AND (id <= 3582065))

table 6 : explain SELECT SUM(k) FROM sbtest6 WHERE id BETWEEN 4725943 AND 4726942
	Aggregate  (cost=3486.98..3486.99 rows=1 width=8)
	  ->  Bitmap Heap Scan on sbtest6  (cost=21.66..3484.73 rows=900 width=4)
	        Recheck Cond: ((id >= 4725943) AND (id <= 4726942))
	        ->  Bitmap Index Scan on sbtest6_pkey  (cost=0.00..21.43 rows=900 width=0)
	              Index Cond: ((id >= 4725943) AND (id <= 4726942))

table 7 : explain SELECT SUM(k) FROM sbtest7 WHERE id BETWEEN 37481 AND 38480
	Aggregate  (cost=3756.23..3756.24 rows=1 width=8)
	  ->  Bitmap Heap Scan on sbtest7  (cost=22.39..3753.80 rows=971 width=4)
	        Recheck Cond: ((id >= 37481) AND (id <= 38480))
	        ->  Bitmap Index Scan on sbtest7_pkey  (cost=0.00..22.14 rows=971 width=0)
	              Index Cond: ((id >= 37481) AND (id <= 38480))

table 8 : explain SELECT SUM(k) FROM sbtest8 WHERE id BETWEEN 1332119 AND 1333118
	Aggregate  (cost=3431.02..3431.03 rows=1 width=8)
	  ->  Bitmap Heap Scan on sbtest8  (cost=21.51..3428.81 rows=885 width=4)
	        Recheck Cond: ((id >= 1332119) AND (id <= 1333118))
	        ->  Bitmap Index Scan on sbtest8_pkey  (cost=0.00..21.29 rows=885 width=0)
	              Index Cond: ((id >= 1332119) AND (id <= 1333118))

for: sum_ranges
table 1 : explain SELECT SUM(k) FROM sbtest1 WHERE id BETWEEN 951545 AND 952544
	Aggregate  (cost=4257.21..4257.22 rows=1 width=8)
	  ->  Bitmap Heap Scan on sbtest1  (cost=27.76..4254.44 rows=1105 width=4)
	        Recheck Cond: ((id >= 951545) AND (id <= 952544))
	        ->  Bitmap Index Scan on sbtest1_pkey  (cost=0.00..27.48 rows=1105 width=0)
	              Index Cond: ((id >= 951545) AND (id <= 952544))

table 2 : explain SELECT SUM(k) FROM sbtest2 WHERE id BETWEEN 1767117 AND 1768116
	Aggregate  (cost=4021.51..4021.52 rows=1 width=8)
	  ->  Bitmap Heap Scan on sbtest2  (cost=23.12..4018.90 rows=1042 width=4)
	        Recheck Cond: ((id >= 1767117) AND (id <= 1768116))
	        ->  Bitmap Index Scan on sbtest2_pkey  (cost=0.00..22.86 rows=1042 width=0)
	              Index Cond: ((id >= 1767117) AND (id <= 1768116))

table 3 : explain SELECT SUM(k) FROM sbtest3 WHERE id BETWEEN 387798 AND 388797
	Aggregate  (cost=3746.54..3746.55 rows=1 width=8)
	  ->  Bitmap Heap Scan on sbtest3  (cost=22.37..3744.12 rows=969 width=4)
	        Recheck Cond: ((id >= 387798) AND (id <= 388797))
	        ->  Bitmap Index Scan on sbtest3_pkey  (cost=0.00..22.12 rows=969 width=0)
	              Index Cond: ((id >= 387798) AND (id <= 388797))

table 4 : explain SELECT SUM(k) FROM sbtest4 WHERE id BETWEEN 7876994 AND 7877993
	Aggregate  (cost=3890.94..3890.95 rows=1 width=8)
	  ->  Bitmap Heap Scan on sbtest4  (cost=22.76..3888.43 rows=1007 width=4)
	        Recheck Cond: ((id >= 7876994) AND (id <= 7877993))
	        ->  Bitmap Index Scan on sbtest4_pkey  (cost=0.00..22.50 rows=1007 width=0)
	              Index Cond: ((id >= 7876994) AND (id <= 7877993))

table 5 : explain SELECT SUM(k) FROM sbtest5 WHERE id BETWEEN 8061074 AND 8062073
	Aggregate  (cost=3706.12..3706.13 rows=1 width=8)
	  ->  Bitmap Heap Scan on sbtest5  (cost=22.25..3703.73 rows=958 width=4)
	        Recheck Cond: ((id >= 8061074) AND (id <= 8062073))
	        ->  Bitmap Index Scan on sbtest5_pkey  (cost=0.00..22.01 rows=958 width=0)
	              Index Cond: ((id >= 8061074) AND (id <= 8062073))

table 6 : explain SELECT SUM(k) FROM sbtest6 WHERE id BETWEEN 9181015 AND 9182014
	Aggregate  (cost=3777.90..3777.91 rows=1 width=8)
	  ->  Bitmap Heap Scan on sbtest6  (cost=22.45..3775.46 rows=977 width=4)
	        Recheck Cond: ((id >= 9181015) AND (id <= 9182014))
	        ->  Bitmap Index Scan on sbtest6_pkey  (cost=0.00..22.20 rows=977 width=0)
	              Index Cond: ((id >= 9181015) AND (id <= 9182014))

table 7 : explain SELECT SUM(k) FROM sbtest7 WHERE id BETWEEN 4363976 AND 4364975
	Aggregate  (cost=3967.45..3967.46 rows=1 width=8)
	  ->  Bitmap Heap Scan on sbtest7  (cost=22.96..3964.88 rows=1027 width=4)
	        Recheck Cond: ((id >= 4363976) AND (id <= 4364975))
	        ->  Bitmap Index Scan on sbtest7_pkey  (cost=0.00..22.70 rows=1027 width=0)
	              Index Cond: ((id >= 4363976) AND (id <= 4364975))

table 8 : explain SELECT SUM(k) FROM sbtest8 WHERE id BETWEEN 457128 AND 458127
	Aggregate  (cost=4095.70..4095.71 rows=1 width=8)
	  ->  Bitmap Heap Scan on sbtest8  (cost=27.30..4093.05 rows=1060 width=4)
	        Recheck Cond: ((id >= 457128) AND (id <= 458127))
	        ->  Bitmap Index Scan on sbtest8_pkey  (cost=0.00..27.04 rows=1060 width=0)
	              Index Cond: ((id >= 457128) AND (id <= 458127))

for: sum_ranges
table 1 : explain SELECT SUM(k) FROM sbtest1 WHERE id BETWEEN 7375509 AND 7376508
	Aggregate  (cost=3929.94..3929.95 rows=1 width=8)
	  ->  Bitmap Heap Scan on sbtest1  (cost=22.87..3927.39 rows=1018 width=4)
	        Recheck Cond: ((id >= 7375509) AND (id <= 7376508))
	        ->  Bitmap Index Scan on sbtest1_pkey  (cost=0.00..22.61 rows=1018 width=0)
	              Index Cond: ((id >= 7375509) AND (id <= 7376508))

table 2 : explain SELECT SUM(k) FROM sbtest2 WHERE id BETWEEN 5181817 AND 5182816
	Aggregate  (cost=3882.20..3882.21 rows=1 width=8)
	  ->  Bitmap Heap Scan on sbtest2  (cost=22.74..3879.68 rows=1005 width=4)
	        Recheck Cond: ((id >= 5181817) AND (id <= 5182816))
	        ->  Bitmap Index Scan on sbtest2_pkey  (cost=0.00..22.48 rows=1005 width=0)
	              Index Cond: ((id >= 5181817) AND (id <= 5182816))

table 3 : explain SELECT SUM(k) FROM sbtest3 WHERE id BETWEEN 7819750 AND 7820749
	Aggregate  (cost=4224.84..4224.85 rows=1 width=8)
	  ->  Bitmap Heap Scan on sbtest3  (cost=27.66..4222.10 rows=1095 width=4)
	        Recheck Cond: ((id >= 7819750) AND (id <= 7820749))
	        ->  Bitmap Index Scan on sbtest3_pkey  (cost=0.00..27.39 rows=1095 width=0)
	              Index Cond: ((id >= 7819750) AND (id <= 7820749))

table 4 : explain SELECT SUM(k) FROM sbtest4 WHERE id BETWEEN 346402 AND 347401
	Aggregate  (cost=3857.02..3857.03 rows=1 width=8)
	  ->  Bitmap Heap Scan on sbtest4  (cost=22.66..3854.52 rows=998 width=4)
	        Recheck Cond: ((id >= 346402) AND (id <= 347401))
	        ->  Bitmap Index Scan on sbtest4_pkey  (cost=0.00..22.41 rows=998 width=0)
	              Index Cond: ((id >= 346402) AND (id <= 347401))

table 5 : explain SELECT SUM(k) FROM sbtest5 WHERE id BETWEEN 514800 AND 515799
	Aggregate  (cost=3532.31..3532.32 rows=1 width=8)
	  ->  Bitmap Heap Scan on sbtest5  (cost=21.78..3530.03 rows=912 width=4)
	        Recheck Cond: ((id >= 514800) AND (id <= 515799))
	        ->  Bitmap Index Scan on sbtest5_pkey  (cost=0.00..21.55 rows=912 width=0)
	              Index Cond: ((id >= 514800) AND (id <= 515799))

table 6 : explain SELECT SUM(k) FROM sbtest6 WHERE id BETWEEN 3952661 AND 3953660
	Aggregate  (cost=3966.40..3966.41 rows=1 width=8)
	  ->  Bitmap Heap Scan on sbtest6  (cost=22.96..3963.83 rows=1027 width=4)
	        Recheck Cond: ((id >= 3952661) AND (id <= 3953660))
	        ->  Bitmap Index Scan on sbtest6_pkey  (cost=0.00..22.70 rows=1027 width=0)
	              Index Cond: ((id >= 3952661) AND (id <= 3953660))

table 7 : explain SELECT SUM(k) FROM sbtest7 WHERE id BETWEEN 9882623 AND 9883622
	Aggregate  (cost=3873.20..3873.21 rows=1 width=8)
	  ->  Bitmap Heap Scan on sbtest7  (cost=22.71..3870.70 rows=1002 width=4)
	        Recheck Cond: ((id >= 9882623) AND (id <= 9883622))
	        ->  Bitmap Index Scan on sbtest7_pkey  (cost=0.00..22.45 rows=1002 width=0)
	              Index Cond: ((id >= 9882623) AND (id <= 9883622))

table 8 : explain SELECT SUM(k) FROM sbtest8 WHERE id BETWEEN 2185877 AND 2186876
	Aggregate  (cost=3793.94..3793.95 rows=1 width=8)
	  ->  Bitmap Heap Scan on sbtest8  (cost=22.49..3791.49 rows=981 width=4)
	        Recheck Cond: ((id >= 2185877) AND (id <= 2186876))
	        ->  Bitmap Index Scan on sbtest8_pkey  (cost=0.00..22.25 rows=981 width=0)
	              Index Cond: ((id >= 2185877) AND (id <= 2186876))

explain: for point_selects :: explain SELECT c FROM sbtest%u WHERE id=%u
explain: for point_selects :: explain SELECT c FROM sbtest%u WHERE id=%u
for: simple_ranges
table 1 : explain SELECT c FROM sbtest1 WHERE id BETWEEN 3372372 AND 3373371
	Bitmap Heap Scan on sbtest1  (cost=22.13..3656.22 rows=946 width=121)
	  Recheck Cond: ((id >= 3372372) AND (id <= 3373371))
	  ->  Bitmap Index Scan on sbtest1_pkey  (cost=0.00..21.89 rows=946 width=0)
	        Index Cond: ((id >= 3372372) AND (id <= 3373371))

table 2 : explain SELECT c FROM sbtest2 WHERE id BETWEEN 2186261 AND 2187260
	Bitmap Heap Scan on sbtest2  (cost=21.97..3596.93 rows=930 width=121)
	  Recheck Cond: ((id >= 2186261) AND (id <= 2187260))
	  ->  Bitmap Index Scan on sbtest2_pkey  (cost=0.00..21.73 rows=930 width=0)
	        Index Cond: ((id >= 2186261) AND (id <= 2187260))

table 3 : explain SELECT c FROM sbtest3 WHERE id BETWEEN 246675 AND 247674
	Bitmap Heap Scan on sbtest3  (cost=21.76..3521.46 rows=910 width=121)
	  Recheck Cond: ((id >= 246675) AND (id <= 247674))
	  ->  Bitmap Index Scan on sbtest3_pkey  (cost=0.00..21.54 rows=910 width=0)
	        Index Cond: ((id >= 246675) AND (id <= 247674))

table 4 : explain SELECT c FROM sbtest4 WHERE id BETWEEN 842000 AND 842999
	Bitmap Heap Scan on sbtest4  (cost=23.32..4095.40 rows=1062 width=121)
	  Recheck Cond: ((id >= 842000) AND (id <= 842999))
	  ->  Bitmap Index Scan on sbtest4_pkey  (cost=0.00..23.05 rows=1062 width=0)
	        Index Cond: ((id >= 842000) AND (id <= 842999))

table 5 : explain SELECT c FROM sbtest5 WHERE id BETWEEN 417372 AND 418371
	Bitmap Heap Scan on sbtest5  (cost=21.78..3530.03 rows=912 width=121)
	  Recheck Cond: ((id >= 417372) AND (id <= 418371))
	  ->  Bitmap Index Scan on sbtest5_pkey  (cost=0.00..21.55 rows=912 width=0)
	        Index Cond: ((id >= 417372) AND (id <= 418371))

table 6 : explain SELECT c FROM sbtest6 WHERE id BETWEEN 662986 AND 663985
	Bitmap Heap Scan on sbtest6  (cost=22.31..3722.66 rows=963 width=121)
	  Recheck Cond: ((id >= 662986) AND (id <= 663985))
	  ->  Bitmap Index Scan on sbtest6_pkey  (cost=0.00..22.07 rows=963 width=0)
	        Index Cond: ((id >= 662986) AND (id <= 663985))

table 7 : explain SELECT c FROM sbtest7 WHERE id BETWEEN 9786912 AND 9787911
	Bitmap Heap Scan on sbtest7  (cost=23.05..3998.77 rows=1036 width=121)
	  Recheck Cond: ((id >= 9786912) AND (id <= 9787911))
	  ->  Bitmap Index Scan on sbtest7_pkey  (cost=0.00..22.79 rows=1036 width=0)
	        Index Cond: ((id >= 9786912) AND (id <= 9787911))

table 8 : explain SELECT c FROM sbtest8 WHERE id BETWEEN 4930128 AND 4931127
	Bitmap Heap Scan on sbtest8  (cost=27.36..4115.61 rows=1066 width=121)
	  Recheck Cond: ((id >= 4930128) AND (id <= 4931127))
	  ->  Bitmap Index Scan on sbtest8_pkey  (cost=0.00..27.09 rows=1066 width=0)
	        Index Cond: ((id >= 4930128) AND (id <= 4931127))

for: sum_ranges
table 1 : explain SELECT SUM(k) FROM sbtest1 WHERE id BETWEEN 3425926 AND 3426925
	Aggregate  (cost=3658.58..3658.59 rows=1 width=8)
	  ->  Bitmap Heap Scan on sbtest1  (cost=22.13..3656.22 rows=946 width=4)
	        Recheck Cond: ((id >= 3425926) AND (id <= 3426925))
	        ->  Bitmap Index Scan on sbtest1_pkey  (cost=0.00..21.89 rows=946 width=0)
	              Index Cond: ((id >= 3425926) AND (id <= 3426925))

table 2 : explain SELECT SUM(k) FROM sbtest2 WHERE id BETWEEN 9791850 AND 9792849
	Aggregate  (cost=3565.25..3565.26 rows=1 width=8)
	  ->  Bitmap Heap Scan on sbtest2  (cost=21.88..3562.95 rows=921 width=4)
	        Recheck Cond: ((id >= 9791850) AND (id <= 9792849))
	        ->  Bitmap Index Scan on sbtest2_pkey  (cost=0.00..21.64 rows=921 width=0)
	              Index Cond: ((id >= 9791850) AND (id <= 9792849))

table 3 : explain SELECT SUM(k) FROM sbtest3 WHERE id BETWEEN 4815707 AND 4816706
	Aggregate  (cost=3754.09..3754.10 rows=1 width=8)
	  ->  Bitmap Heap Scan on sbtest3  (cost=22.39..3751.66 rows=971 width=4)
	        Recheck Cond: ((id >= 4815707) AND (id <= 4816706))
	        ->  Bitmap Index Scan on sbtest3_pkey  (cost=0.00..22.14 rows=971 width=0)
	              Index Cond: ((id >= 4815707) AND (id <= 4816706))

table 4 : explain SELECT SUM(k) FROM sbtest4 WHERE id BETWEEN 9145640 AND 9146639
	Aggregate  (cost=3943.70..3943.71 rows=1 width=8)
	  ->  Bitmap Heap Scan on sbtest4  (cost=22.90..3941.15 rows=1021 width=4)
	        Recheck Cond: ((id >= 9145640) AND (id <= 9146639))
	        ->  Bitmap Index Scan on sbtest4_pkey  (cost=0.00..22.64 rows=1021 width=0)
	              Index Cond: ((id >= 9145640) AND (id <= 9146639))

table 5 : explain SELECT SUM(k) FROM sbtest5 WHERE id BETWEEN 3639918 AND 3640917
	Aggregate  (cost=3532.31..3532.32 rows=1 width=8)
	  ->  Bitmap Heap Scan on sbtest5  (cost=21.78..3530.03 rows=912 width=4)
	        Recheck Cond: ((id >= 3639918) AND (id <= 3640917))
	        ->  Bitmap Index Scan on sbtest5_pkey  (cost=0.00..21.55 rows=912 width=0)
	              Index Cond: ((id >= 3639918) AND (id <= 3640917))

table 6 : explain SELECT SUM(k) FROM sbtest6 WHERE id BETWEEN 2710511 AND 2711510
	Aggregate  (cost=4004.06..4004.07 rows=1 width=8)
	  ->  Bitmap Heap Scan on sbtest6  (cost=23.06..4001.47 rows=1037 width=4)
	        Recheck Cond: ((id >= 2710511) AND (id <= 2711510))
	        ->  Bitmap Index Scan on sbtest6_pkey  (cost=0.00..22.80 rows=1037 width=0)
	              Index Cond: ((id >= 2710511) AND (id <= 2711510))

table 7 : explain SELECT SUM(k) FROM sbtest7 WHERE id BETWEEN 4242983 AND 4243982
	Aggregate  (cost=4008.89..4008.90 rows=1 width=8)
	  ->  Bitmap Heap Scan on sbtest7  (cost=23.07..4006.30 rows=1038 width=4)
	        Recheck Cond: ((id >= 4242983) AND (id <= 4243982))
	        ->  Bitmap Index Scan on sbtest7_pkey  (cost=0.00..22.82 rows=1038 width=0)
	              Index Cond: ((id >= 4242983) AND (id <= 4243982))

table 8 : explain SELECT SUM(k) FROM sbtest8 WHERE id BETWEEN 6517317 AND 6518316
	Aggregate  (cost=3707.10..3707.11 rows=1 width=8)
	  ->  Bitmap Heap Scan on sbtest8  (cost=22.25..3704.71 rows=958 width=4)
	        Recheck Cond: ((id >= 6517317) AND (id <= 6518316))
	        ->  Bitmap Index Scan on sbtest8_pkey  (cost=0.00..22.01 rows=958 width=0)
	              Index Cond: ((id >= 6517317) AND (id <= 6518316))

for: sum_ranges
table 1 : explain SELECT SUM(k) FROM sbtest1 WHERE id BETWEEN 5865278 AND 5866277
	Aggregate  (cost=3409.23..3409.24 rows=1 width=8)
	  ->  Bitmap Heap Scan on sbtest1  (cost=21.45..3407.03 rows=880 width=4)
	        Recheck Cond: ((id >= 5865278) AND (id <= 5866277))
	        ->  Bitmap Index Scan on sbtest1_pkey  (cost=0.00..21.23 rows=880 width=0)
	              Index Cond: ((id >= 5865278) AND (id <= 5866277))

table 2 : explain SELECT SUM(k) FROM sbtest2 WHERE id BETWEEN 4688701 AND 4689700
	Aggregate  (cost=4130.58..4130.59 rows=1 width=8)
	  ->  Bitmap Heap Scan on sbtest2  (cost=23.41..4127.90 rows=1071 width=4)
	        Recheck Cond: ((id >= 4688701) AND (id <= 4689700))
	        ->  Bitmap Index Scan on sbtest2_pkey  (cost=0.00..23.14 rows=1071 width=0)
	              Index Cond: ((id >= 4688701) AND (id <= 4689700))

table 3 : explain SELECT SUM(k) FROM sbtest3 WHERE id BETWEEN 2991778 AND 2992777
	Aggregate  (cost=3682.39..3682.40 rows=1 width=8)
	  ->  Bitmap Heap Scan on sbtest3  (cost=22.19..3680.01 rows=952 width=4)
	        Recheck Cond: ((id >= 2991778) AND (id <= 2992777))
	        ->  Bitmap Index Scan on sbtest3_pkey  (cost=0.00..21.95 rows=952 width=0)
	              Index Cond: ((id >= 2991778) AND (id <= 2992777))

table 4 : explain SELECT SUM(k) FROM sbtest4 WHERE id BETWEEN 6449371 AND 6450370
	Aggregate  (cost=3902.25..3902.26 rows=1 width=8)
	  ->  Bitmap Heap Scan on sbtest4  (cost=22.79..3899.73 rows=1010 width=4)
	        Recheck Cond: ((id >= 6449371) AND (id <= 6450370))
	        ->  Bitmap Index Scan on sbtest4_pkey  (cost=0.00..22.54 rows=1010 width=0)
	              Index Cond: ((id >= 6449371) AND (id <= 6450370))

table 5 : explain SELECT SUM(k) FROM sbtest5 WHERE id BETWEEN 7725644 AND 7726643
	Aggregate  (cost=4169.54..4169.55 rows=1 width=8)
	  ->  Bitmap Heap Scan on sbtest5  (cost=23.52..4166.84 rows=1081 width=4)
	        Recheck Cond: ((id >= 7725644) AND (id <= 7726643))
	        ->  Bitmap Index Scan on sbtest5_pkey  (cost=0.00..23.25 rows=1081 width=0)
	              Index Cond: ((id >= 7725644) AND (id <= 7726643))

table 6 : explain SELECT SUM(k) FROM sbtest6 WHERE id BETWEEN 7386276 AND 7387275
	Aggregate  (cost=4226.25..4226.26 rows=1 width=8)
	  ->  Bitmap Heap Scan on sbtest6  (cost=27.66..4223.51 rows=1095 width=4)
	        Recheck Cond: ((id >= 7386276) AND (id <= 7387275))
	        ->  Bitmap Index Scan on sbtest6_pkey  (cost=0.00..27.39 rows=1095 width=0)
	              Index Cond: ((id >= 7386276) AND (id <= 7387275))

table 7 : explain SELECT SUM(k) FROM sbtest7 WHERE id BETWEEN 7074712 AND 7075711
	Aggregate  (cost=3692.03..3692.04 rows=1 width=8)
	  ->  Bitmap Heap Scan on sbtest7  (cost=22.21..3689.64 rows=954 width=4)
	        Recheck Cond: ((id >= 7074712) AND (id <= 7075711))
	        ->  Bitmap Index Scan on sbtest7_pkey  (cost=0.00..21.97 rows=954 width=0)
	              Index Cond: ((id >= 7074712) AND (id <= 7075711))

table 8 : explain SELECT SUM(k) FROM sbtest8 WHERE id BETWEEN 9185872 AND 9186871
	Aggregate  (cost=3914.65..3914.66 rows=1 width=8)
	  ->  Bitmap Heap Scan on sbtest8  (cost=22.82..3912.11 rows=1013 width=4)
	        Recheck Cond: ((id >= 9185872) AND (id <= 9186871))
	        ->  Bitmap Index Scan on sbtest8_pkey  (cost=0.00..22.57 rows=1013 width=0)
	              Index Cond: ((id >= 9185872) AND (id <= 9186871))

explain: for point_selects :: explain SELECT c FROM sbtest%u WHERE id=%u
for: sum_ranges
table 1 : explain SELECT SUM(k) FROM sbtest1 WHERE id BETWEEN 3627934 AND 3628933
	Aggregate  (cost=3820.72..3820.73 rows=1 width=8)
	  ->  Bitmap Heap Scan on sbtest1  (cost=22.57..3818.25 rows=989 width=4)
	        Recheck Cond: ((id >= 3627934) AND (id <= 3628933))
	        ->  Bitmap Index Scan on sbtest1_pkey  (cost=0.00..22.32 rows=989 width=0)
	              Index Cond: ((id >= 3627934) AND (id <= 3628933))

table 2 : explain SELECT SUM(k) FROM sbtest2 WHERE id BETWEEN 1337513 AND 1338512
	Aggregate  (cost=3991.40..3991.41 rows=1 width=8)
	  ->  Bitmap Heap Scan on sbtest2  (cost=23.03..3988.82 rows=1034 width=4)
	        Recheck Cond: ((id >= 1337513) AND (id <= 1338512))
	        ->  Bitmap Index Scan on sbtest2_pkey  (cost=0.00..22.77 rows=1034 width=0)
	              Index Cond: ((id >= 1337513) AND (id <= 1338512))

table 3 : explain SELECT SUM(k) FROM sbtest3 WHERE id BETWEEN 7069947 AND 7070946
	Aggregate  (cost=3897.34..3897.35 rows=1 width=8)
	  ->  Bitmap Heap Scan on sbtest3  (cost=22.78..3894.81 rows=1009 width=4)
	        Recheck Cond: ((id >= 7069947) AND (id <= 7070946))
	        ->  Bitmap Index Scan on sbtest3_pkey  (cost=0.00..22.52 rows=1009 width=0)
	              Index Cond: ((id >= 7069947) AND (id <= 7070946))

table 4 : explain SELECT SUM(k) FROM sbtest4 WHERE id BETWEEN 8499327 AND 8500326
	Aggregate  (cost=3928.63..3928.64 rows=1 width=8)
	  ->  Bitmap Heap Scan on sbtest4  (cost=22.86..3926.09 rows=1017 width=4)
	        Recheck Cond: ((id >= 8499327) AND (id <= 8500326))
	        ->  Bitmap Index Scan on sbtest4_pkey  (cost=0.00..22.61 rows=1017 width=0)
	              Index Cond: ((id >= 8499327) AND (id <= 8500326))

table 5 : explain SELECT SUM(k) FROM sbtest5 WHERE id BETWEEN 6769452 AND 6770451
	Aggregate  (cost=3973.86..3973.87 rows=1 width=8)
	  ->  Bitmap Heap Scan on sbtest5  (cost=22.98..3971.29 rows=1029 width=4)
	        Recheck Cond: ((id >= 6769452) AND (id <= 6770451))
	        ->  Bitmap Index Scan on sbtest5_pkey  (cost=0.00..22.72 rows=1029 width=0)
	              Index Cond: ((id >= 6769452) AND (id <= 6770451))

table 6 : explain SELECT SUM(k) FROM sbtest6 WHERE id BETWEEN 2134193 AND 2135192
	Aggregate  (cost=4053.00..4053.01 rows=1 width=8)
	  ->  Bitmap Heap Scan on sbtest6  (cost=23.20..4050.38 rows=1050 width=4)
	        Recheck Cond: ((id >= 2134193) AND (id <= 2135192))
	        ->  Bitmap Index Scan on sbtest6_pkey  (cost=0.00..22.93 rows=1050 width=0)
	              Index Cond: ((id >= 2134193) AND (id <= 2135192))

table 7 : explain SELECT SUM(k) FROM sbtest7 WHERE id BETWEEN 3510656 AND 3511655
	Aggregate  (cost=3703.36..3703.37 rows=1 width=8)
	  ->  Bitmap Heap Scan on sbtest7  (cost=22.24..3700.97 rows=957 width=4)
	        Recheck Cond: ((id >= 3510656) AND (id <= 3511655))
	        ->  Bitmap Index Scan on sbtest7_pkey  (cost=0.00..22.00 rows=957 width=0)
	              Index Cond: ((id >= 3510656) AND (id <= 3511655))

table 8 : explain SELECT SUM(k) FROM sbtest8 WHERE id BETWEEN 3442979 AND 3443978
	Aggregate  (cost=4144.62..4144.63 rows=1 width=8)
	  ->  Bitmap Heap Scan on sbtest8  (cost=27.43..4141.94 rows=1073 width=4)
	        Recheck Cond: ((id >= 3442979) AND (id <= 3443978))
	        ->  Bitmap Index Scan on sbtest8_pkey  (cost=0.00..27.16 rows=1073 width=0)
	              Index Cond: ((id >= 3442979) AND (id <= 3443978))

for point_selects
table 1 : explain SELECT c FROM sbtest1 WHERE id=9160995
	Index Scan using sbtest1_pkey on sbtest1  (cost=0.43..8.45 rows=1 width=121)
	  Index Cond: (id = 9160995)

table 2 : explain SELECT c FROM sbtest2 WHERE id=1853764
	Index Scan using sbtest2_pkey on sbtest2  (cost=0.43..8.45 rows=1 width=121)
	  Index Cond: (id = 1853764)

table 3 : explain SELECT c FROM sbtest3 WHERE id=1627315
	Index Scan using sbtest3_pkey on sbtest3  (cost=0.43..8.45 rows=1 width=121)
	  Index Cond: (id = 1627315)

table 4 : explain SELECT c FROM sbtest4 WHERE id=7173276
	Index Scan using sbtest4_pkey on sbtest4  (cost=0.43..8.45 rows=1 width=121)
	  Index Cond: (id = 7173276)

table 5 : explain SELECT c FROM sbtest5 WHERE id=5047389
	Index Scan using sbtest5_pkey on sbtest5  (cost=0.43..8.45 rows=1 width=121)
	  Index Cond: (id = 5047389)

table 6 : explain SELECT c FROM sbtest6 WHERE id=5642804
	Index Scan using sbtest6_pkey on sbtest6  (cost=0.43..8.45 rows=1 width=121)
	  Index Cond: (id = 5642804)

table 7 : explain SELECT c FROM sbtest7 WHERE id=3104081
	Index Scan using sbtest7_pkey on sbtest7  (cost=0.43..8.45 rows=1 width=121)
	  Index Cond: (id = 3104081)

table 8 : explain SELECT c FROM sbtest8 WHERE id=8972009
	Index Scan using sbtest8_pkey on sbtest8  (cost=0.43..8.45 rows=1 width=121)
	  Index Cond: (id = 8972009)

for: sum_ranges
table 1 : explain SELECT SUM(k) FROM sbtest1 WHERE id BETWEEN 5737260 AND 5738259
	Aggregate  (cost=3978.86..3978.87 rows=1 width=8)
	  ->  Bitmap Heap Scan on sbtest1  (cost=23.00..3976.28 rows=1031 width=4)
	        Recheck Cond: ((id >= 5737260) AND (id <= 5738259))
	        ->  Bitmap Index Scan on sbtest1_pkey  (cost=0.00..22.75 rows=1031 width=0)
	              Index Cond: ((id >= 5737260) AND (id <= 5738259))

table 2 : explain SELECT SUM(k) FROM sbtest2 WHERE id BETWEEN 9418836 AND 9419835
	Aggregate  (cost=4032.80..4032.81 rows=1 width=8)
	  ->  Bitmap Heap Scan on sbtest2  (cost=23.15..4030.18 rows=1045 width=4)
	        Recheck Cond: ((id >= 9418836) AND (id <= 9419835))
	        ->  Bitmap Index Scan on sbtest2_pkey  (cost=0.00..22.89 rows=1045 width=0)
	              Index Cond: ((id >= 9418836) AND (id <= 9419835))

table 3 : explain SELECT SUM(k) FROM sbtest3 WHERE id BETWEEN 8108903 AND 8109902
	Aggregate  (cost=3806.89..3806.90 rows=1 width=8)
	  ->  Bitmap Heap Scan on sbtest3  (cost=22.53..3804.42 rows=985 width=4)
	        Recheck Cond: ((id >= 8108903) AND (id <= 8109902))
	        ->  Bitmap Index Scan on sbtest3_pkey  (cost=0.00..22.29 rows=985 width=0)
	              Index Cond: ((id >= 8108903) AND (id <= 8109902))

table 4 : explain SELECT SUM(k) FROM sbtest4 WHERE id BETWEEN 9808241 AND 9809240
	Aggregate  (cost=3687.22..3687.23 rows=1 width=8)
	  ->  Bitmap Heap Scan on sbtest4  (cost=22.20..3684.84 rows=953 width=4)
	        Recheck Cond: ((id >= 9808241) AND (id <= 9809240))
	        ->  Bitmap Index Scan on sbtest4_pkey  (cost=0.00..21.96 rows=953 width=0)
	              Index Cond: ((id >= 9808241) AND (id <= 9809240))

table 5 : explain SELECT SUM(k) FROM sbtest5 WHERE id BETWEEN 8852213 AND 8853212
	Aggregate  (cost=3717.45..3717.46 rows=1 width=8)
	  ->  Bitmap Heap Scan on sbtest5  (cost=22.29..3715.05 rows=961 width=4)
	        Recheck Cond: ((id >= 8852213) AND (id <= 8853212))
	        ->  Bitmap Index Scan on sbtest5_pkey  (cost=0.00..22.04 rows=961 width=0)
	              Index Cond: ((id >= 8852213) AND (id <= 8853212))

table 6 : explain SELECT SUM(k) FROM sbtest6 WHERE id BETWEEN 1962855 AND 1963854
	Aggregate  (cost=3683.53..3683.54 rows=1 width=8)
	  ->  Bitmap Heap Scan on sbtest6  (cost=22.19..3681.15 rows=952 width=4)
	        Recheck Cond: ((id >= 1962855) AND (id <= 1963854))
	        ->  Bitmap Index Scan on sbtest6_pkey  (cost=0.00..21.95 rows=952 width=0)
	              Index Cond: ((id >= 1962855) AND (id <= 1963854))

table 7 : explain SELECT SUM(k) FROM sbtest7 WHERE id BETWEEN 2777405 AND 2778404
	Aggregate  (cost=3620.23..3620.24 rows=1 width=8)
	  ->  Bitmap Heap Scan on sbtest7  (cost=22.02..3617.89 rows=935 width=4)
	        Recheck Cond: ((id >= 2777405) AND (id <= 2778404))
	        ->  Bitmap Index Scan on sbtest7_pkey  (cost=0.00..21.79 rows=935 width=0)
	              Index Cond: ((id >= 2777405) AND (id <= 2778404))

table 8 : explain SELECT SUM(k) FROM sbtest8 WHERE id BETWEEN 5898384 AND 5899383
	Aggregate  (cost=3907.11..3907.12 rows=1 width=8)
	  ->  Bitmap Heap Scan on sbtest8  (cost=22.80..3904.58 rows=1011 width=4)
	        Recheck Cond: ((id >= 5898384) AND (id <= 5899383))
	        ->  Bitmap Index Scan on sbtest8_pkey  (cost=0.00..22.54 rows=1011 width=0)
	              Index Cond: ((id >= 5898384) AND (id <= 5899383))

for point_selects
table 1 : explain SELECT c FROM sbtest1 WHERE id=3423455
	Index Scan using sbtest1_pkey on sbtest1  (cost=0.43..8.45 rows=1 width=121)
	  Index Cond: (id = 3423455)

table 2 : explain SELECT c FROM sbtest2 WHERE id=1263822
	Index Scan using sbtest2_pkey on sbtest2  (cost=0.43..8.45 rows=1 width=121)
	  Index Cond: (id = 1263822)

table 3 : explain SELECT c FROM sbtest3 WHERE id=2065035
	Index Scan using sbtest3_pkey on sbtest3  (cost=0.43..8.45 rows=1 width=121)
	  Index Cond: (id = 2065035)

table 4 : explain SELECT c FROM sbtest4 WHERE id=7753250
	Index Scan using sbtest4_pkey on sbtest4  (cost=0.43..8.45 rows=1 width=121)
	  Index Cond: (id = 7753250)

table 5 : explain SELECT c FROM sbtest5 WHERE id=6396696
	Index Scan using sbtest5_pkey on sbtest5  (cost=0.43..8.45 rows=1 width=121)
	  Index Cond: (id = 6396696)

table 6 : explain SELECT c FROM sbtest6 WHERE id=8901870
	Index Scan using sbtest6_pkey on sbtest6  (cost=0.43..8.45 rows=1 width=121)
	  Index Cond: (id = 8901870)

table 7 : explain SELECT c FROM sbtest7 WHERE id=6858640
	Index Scan using sbtest7_pkey on sbtest7  (cost=0.43..8.45 rows=1 width=121)
	  Index Cond: (id = 6858640)

table 8 : explain SELECT c FROM sbtest8 WHERE id=4300351
	Index Scan using sbtest8_pkey on sbtest8  (cost=0.43..8.45 rows=1 width=121)
	  Index Cond: (id = 4300351)

for: simple_ranges
table 1 : explain SELECT c FROM sbtest1 WHERE id BETWEEN 9398914 AND 9399913
	Bitmap Heap Scan on sbtest1  (cost=23.39..4119.07 rows=1069 width=121)
	  Recheck Cond: ((id >= 9398914) AND (id <= 9399913))
	  ->  Bitmap Index Scan on sbtest1_pkey  (cost=0.00..23.12 rows=1069 width=0)
	        Index Cond: ((id >= 9398914) AND (id <= 9399913))

table 2 : explain SELECT c FROM sbtest2 WHERE id BETWEEN 3851293 AND 3852292
	Bitmap Heap Scan on sbtest2  (cost=22.66..3853.32 rows=998 width=121)
	  Recheck Cond: ((id >= 3851293) AND (id <= 3852292))
	  ->  Bitmap Index Scan on sbtest2_pkey  (cost=0.00..22.41 rows=998 width=0)
	        Index Cond: ((id >= 3851293) AND (id <= 3852292))

table 3 : explain SELECT c FROM sbtest3 WHERE id BETWEEN 5952261 AND 5953260
	Bitmap Heap Scan on sbtest3  (cost=22.85..3921.16 rows=1016 width=121)
	  Recheck Cond: ((id >= 5952261) AND (id <= 5953260))
	  ->  Bitmap Index Scan on sbtest3_pkey  (cost=0.00..22.59 rows=1016 width=0)
	        Index Cond: ((id >= 5952261) AND (id <= 5953260))

table 4 : explain SELECT c FROM sbtest4 WHERE id BETWEEN 8455207 AND 8456206
	Bitmap Heap Scan on sbtest4  (cost=22.86..3926.09 rows=1017 width=121)
	  Recheck Cond: ((id >= 8455207) AND (id <= 8456206))
	  ->  Bitmap Index Scan on sbtest4_pkey  (cost=0.00..22.61 rows=1017 width=0)
	        Index Cond: ((id >= 8455207) AND (id <= 8456206))

table 5 : explain SELECT c FROM sbtest5 WHERE id BETWEEN 6437405 AND 6438404
	Bitmap Heap Scan on sbtest5  (cost=28.29..4452.32 rows=1157 width=121)
	  Recheck Cond: ((id >= 6437405) AND (id <= 6438404))
	  ->  Bitmap Index Scan on sbtest5_pkey  (cost=0.00..28.00 rows=1157 width=0)
	        Index Cond: ((id >= 6437405) AND (id <= 6438404))

table 6 : explain SELECT c FROM sbtest6 WHERE id BETWEEN 4390444 AND 4391443
	Bitmap Heap Scan on sbtest6  (cost=21.67..3488.51 rows=901 width=121)
	  Recheck Cond: ((id >= 4390444) AND (id <= 4391443))
	  ->  Bitmap Index Scan on sbtest6_pkey  (cost=0.00..21.44 rows=901 width=0)
	        Index Cond: ((id >= 4390444) AND (id <= 4391443))

table 7 : explain SELECT c FROM sbtest7 WHERE id BETWEEN 8480277 AND 8481276
	Bitmap Heap Scan on sbtest7  (cost=27.42..4138.22 rows=1072 width=121)
	  Recheck Cond: ((id >= 8480277) AND (id <= 8481276))
	  ->  Bitmap Index Scan on sbtest7_pkey  (cost=0.00..27.15 rows=1072 width=0)
	        Index Cond: ((id >= 8480277) AND (id <= 8481276))

table 8 : explain SELECT c FROM sbtest8 WHERE id BETWEEN 3040031 AND 3041030
	Bitmap Heap Scan on sbtest8  (cost=27.45..4149.46 rows=1075 width=121)
	  Recheck Cond: ((id >= 3040031) AND (id <= 3041030))
	  ->  Bitmap Index Scan on sbtest8_pkey  (cost=0.00..27.18 rows=1075 width=0)
	        Index Cond: ((id >= 3040031) AND (id <= 3041030))

for: order_ranges
table 1 : explain SELECT c FROM sbtest1 WHERE id BETWEEN 516638 AND 517637 ORDER BY c
	Sort  (cost=3653.21..3655.54 rows=933 width=121)
	  Sort Key: c
	  ->  Bitmap Heap Scan on sbtest1  (cost=22.00..3607.18 rows=933 width=121)
	        Recheck Cond: ((id >= 516638) AND (id <= 517637))
	        ->  Bitmap Index Scan on sbtest1_pkey  (cost=0.00..21.76 rows=933 width=0)
	              Index Cond: ((id >= 516638) AND (id <= 517637))

table 2 : explain SELECT c FROM sbtest2 WHERE id BETWEEN 4408246 AND 4409245 ORDER BY c
	Sort  (cost=3692.58..3694.94 rows=943 width=121)
	  Sort Key: c
	  ->  Bitmap Heap Scan on sbtest2  (cost=22.10..3646.00 rows=943 width=121)
	        Recheck Cond: ((id >= 4408246) AND (id <= 4409245))
	        ->  Bitmap Index Scan on sbtest2_pkey  (cost=0.00..21.86 rows=943 width=0)
	              Index Cond: ((id >= 4408246) AND (id <= 4409245))

table 3 : explain SELECT c FROM sbtest3 WHERE id BETWEEN 1826257 AND 1827256 ORDER BY c
	Sort  (cost=4036.84..4039.43 rows=1033 width=121)
	  Sort Key: c
	  ->  Bitmap Heap Scan on sbtest3  (cost=23.02..3985.13 rows=1033 width=121)
	        Recheck Cond: ((id >= 1826257) AND (id <= 1827256))
	        ->  Bitmap Index Scan on sbtest3_pkey  (cost=0.00..22.76 rows=1033 width=0)
	              Index Cond: ((id >= 1826257) AND (id <= 1827256))

table 4 : explain SELECT c FROM sbtest4 WHERE id BETWEEN 5103300 AND 5104299 ORDER BY c
	Sort  (cost=3777.95..3780.36 rows=965 width=121)
	  Sort Key: c
	  ->  Bitmap Heap Scan on sbtest4  (cost=22.33..3730.11 rows=965 width=121)
	        Recheck Cond: ((id >= 5103300) AND (id <= 5104299))
	        ->  Bitmap Index Scan on sbtest4_pkey  (cost=0.00..22.08 rows=965 width=0)
	              Index Cond: ((id >= 5103300) AND (id <= 5104299))

table 5 : explain SELECT c FROM sbtest5 WHERE id BETWEEN 8650526 AND 8651525 ORDER BY c
	Sort  (cost=3881.31..3883.79 rows=992 width=121)
	  Sort Key: c
	  ->  Bitmap Heap Scan on sbtest5  (cost=22.60..3831.94 rows=992 width=121)
	        Recheck Cond: ((id >= 8650526) AND (id <= 8651525))
	        ->  Bitmap Index Scan on sbtest5_pkey  (cost=0.00..22.36 rows=992 width=0)
	              Index Cond: ((id >= 8650526) AND (id <= 8651525))

table 6 : explain SELECT c FROM sbtest6 WHERE id BETWEEN 7718379 AND 7719378 ORDER BY c
	Sort  (cost=3701.44..3703.80 rows=945 width=121)
	  Sort Key: c
	  ->  Bitmap Heap Scan on sbtest6  (cost=22.12..3654.73 rows=945 width=121)
	        Recheck Cond: ((id >= 7718379) AND (id <= 7719378))
	        ->  Bitmap Index Scan on sbtest6_pkey  (cost=0.00..21.89 rows=945 width=0)
	              Index Cond: ((id >= 7718379) AND (id <= 7719378))

table 7 : explain SELECT c FROM sbtest7 WHERE id BETWEEN 1906138 AND 1907137 ORDER BY c
	Sort  (cost=3855.58..3858.04 rows=985 width=121)
	  Sort Key: c
	  ->  Bitmap Heap Scan on sbtest7  (cost=22.53..3806.61 rows=985 width=121)
	        Recheck Cond: ((id >= 1906138) AND (id <= 1907137))
	        ->  Bitmap Index Scan on sbtest7_pkey  (cost=0.00..22.29 rows=985 width=0)
	              Index Cond: ((id >= 1906138) AND (id <= 1907137))

table 8 : explain SELECT c FROM sbtest8 WHERE id BETWEEN 9344763 AND 9345762 ORDER BY c
	Sort  (cost=4222.67..4225.37 rows=1080 width=121)
	  Sort Key: c
	  ->  Bitmap Heap Scan on sbtest8  (cost=27.50..4168.25 rows=1080 width=121)
	        Recheck Cond: ((id >= 9344763) AND (id <= 9345762))
	        ->  Bitmap Index Scan on sbtest8_pkey  (cost=0.00..27.23 rows=1080 width=0)
	              Index Cond: ((id >= 9344763) AND (id <= 9345762))

explain: for point_selects :: explain SELECT c FROM sbtest%u WHERE id=%u
for: order_ranges
table 1 : explain SELECT c FROM sbtest1 WHERE id BETWEEN 3396264 AND 3397263 ORDER BY c
	Sort  (cost=3702.98..3705.34 rows=946 width=121)
	  Sort Key: c
	  ->  Bitmap Heap Scan on sbtest1  (cost=22.13..3656.22 rows=946 width=121)
	        Recheck Cond: ((id >= 3396264) AND (id <= 3397263))
	        ->  Bitmap Index Scan on sbtest1_pkey  (cost=0.00..21.89 rows=946 width=0)
	              Index Cond: ((id >= 3396264) AND (id <= 3397263))

table 2 : explain SELECT c FROM sbtest2 WHERE id BETWEEN 1548 AND 2547 ORDER BY c
	Sort  (cost=4155.09..4157.75 rows=1064 width=121)
	  Sort Key: c
	  ->  Bitmap Heap Scan on sbtest2  (cost=23.34..4101.60 rows=1064 width=121)
	        Recheck Cond: ((id >= 1548) AND (id <= 2547))
	        ->  Bitmap Index Scan on sbtest2_pkey  (cost=0.00..23.07 rows=1064 width=0)
	              Index Cond: ((id >= 1548) AND (id <= 2547))

table 3 : explain SELECT c FROM sbtest3 WHERE id BETWEEN 8290518 AND 8291517 ORDER BY c
	Sort  (cost=4143.72..4146.38 rows=1061 width=121)
	  Sort Key: c
	  ->  Bitmap Heap Scan on sbtest3  (cost=23.31..4090.40 rows=1061 width=121)
	        Recheck Cond: ((id >= 8290518) AND (id <= 8291517))
	        ->  Bitmap Index Scan on sbtest3_pkey  (cost=0.00..23.04 rows=1061 width=0)
	              Index Cond: ((id >= 8290518) AND (id <= 8291517))

table 4 : explain SELECT c FROM sbtest4 WHERE id BETWEEN 8720684 AND 8721683 ORDER BY c
	Sort  (cost=3777.95..3780.36 rows=965 width=121)
	  Sort Key: c
	  ->  Bitmap Heap Scan on sbtest4  (cost=22.33..3730.11 rows=965 width=121)
	        Recheck Cond: ((id >= 8720684) AND (id <= 8721683))
	        ->  Bitmap Index Scan on sbtest4_pkey  (cost=0.00..22.08 rows=965 width=0)
	              Index Cond: ((id >= 8720684) AND (id <= 8721683))

table 5 : explain SELECT c FROM sbtest5 WHERE id BETWEEN 6657826 AND 6658825 ORDER BY c
	Sort  (cost=3946.33..3948.85 rows=1009 width=121)
	  Sort Key: c
	  ->  Bitmap Heap Scan on sbtest5  (cost=22.78..3895.99 rows=1009 width=121)
	        Recheck Cond: ((id >= 6657826) AND (id <= 6658825))
	        ->  Bitmap Index Scan on sbtest5_pkey  (cost=0.00..22.52 rows=1009 width=0)
	              Index Cond: ((id >= 6657826) AND (id <= 6658825))

table 6 : explain SELECT c FROM sbtest6 WHERE id BETWEEN 7435118 AND 7436117 ORDER BY c
	Sort  (cost=3716.76..3719.13 rows=949 width=121)
	  Sort Key: c
	  ->  Bitmap Heap Scan on sbtest6  (cost=22.16..3669.83 rows=949 width=121)
	        Recheck Cond: ((id >= 7435118) AND (id <= 7436117))
	        ->  Bitmap Index Scan on sbtest6_pkey  (cost=0.00..21.93 rows=949 width=0)
	              Index Cond: ((id >= 7435118) AND (id <= 7436117))

table 7 : explain SELECT c FROM sbtest7 WHERE id BETWEEN 2642822 AND 2643821 ORDER BY c
	Sort  (cost=4004.79..4007.35 rows=1024 width=121)
	  Sort Key: c
	  ->  Bitmap Heap Scan on sbtest7  (cost=22.93..3953.59 rows=1024 width=121)
	        Recheck Cond: ((id >= 2642822) AND (id <= 2643821))
	        ->  Bitmap Index Scan on sbtest7_pkey  (cost=0.00..22.68 rows=1024 width=0)
	              Index Cond: ((id >= 2642822) AND (id <= 2643821))

table 8 : explain SELECT c FROM sbtest8 WHERE id BETWEEN 3408475 AND 3409474 ORDER BY c
	Sort  (cost=4195.95..4198.63 rows=1073 width=121)
	  Sort Key: c
	  ->  Bitmap Heap Scan on sbtest8  (cost=27.43..4141.94 rows=1073 width=121)
	        Recheck Cond: ((id >= 3408475) AND (id <= 3409474))
	        ->  Bitmap Index Scan on sbtest8_pkey  (cost=0.00..27.16 rows=1073 width=0)
	              Index Cond: ((id >= 3408475) AND (id <= 3409474))

for: order_ranges
table 1 : explain SELECT c FROM sbtest1 WHERE id BETWEEN 9160987 AND 9161986 ORDER BY c
	Sort  (cost=4123.28..4125.92 rows=1056 width=121)
	  Sort Key: c
	  ->  Bitmap Heap Scan on sbtest1  (cost=23.26..4070.24 rows=1056 width=121)
	        Recheck Cond: ((id >= 9160987) AND (id <= 9161986))
	        ->  Bitmap Index Scan on sbtest1_pkey  (cost=0.00..23.00 rows=1056 width=0)
	              Index Cond: ((id >= 9160987) AND (id <= 9161986))

table 2 : explain SELECT c FROM sbtest2 WHERE id BETWEEN 5118305 AND 5119304 ORDER BY c
	Sort  (cost=3983.30..3985.84 rows=1019 width=121)
	  Sort Key: c
	  ->  Bitmap Heap Scan on sbtest2  (cost=22.88..3932.38 rows=1019 width=121)
	        Recheck Cond: ((id >= 5118305) AND (id <= 5119304))
	        ->  Bitmap Index Scan on sbtest2_pkey  (cost=0.00..22.62 rows=1019 width=0)
	              Index Cond: ((id >= 5118305) AND (id <= 5119304))

table 3 : explain SELECT c FROM sbtest3 WHERE id BETWEEN 8170366 AND 8171365 ORDER BY c
	Sort  (cost=3853.40..3855.86 rows=985 width=121)
	  Sort Key: c
	  ->  Bitmap Heap Scan on sbtest3  (cost=22.53..3804.42 rows=985 width=121)
	        Recheck Cond: ((id >= 8170366) AND (id <= 8171365))
	        ->  Bitmap Index Scan on sbtest3_pkey  (cost=0.00..22.29 rows=985 width=0)
	              Index Cond: ((id >= 8170366) AND (id <= 8171365))

table 4 : explain SELECT c FROM sbtest4 WHERE id BETWEEN 9621739 AND 9622738 ORDER BY c
	Sort  (cost=3938.66..3941.17 rows=1007 width=121)
	  Sort Key: c
	  ->  Bitmap Heap Scan on sbtest4  (cost=22.76..3888.43 rows=1007 width=121)
	        Recheck Cond: ((id >= 9621739) AND (id <= 9622738))
	        ->  Bitmap Index Scan on sbtest4_pkey  (cost=0.00..22.50 rows=1007 width=0)
	              Index Cond: ((id >= 9621739) AND (id <= 9622738))

table 5 : explain SELECT c FROM sbtest5 WHERE id BETWEEN 6824590 AND 6825589 ORDER BY c
	Sort  (cost=3923.38..3925.89 rows=1003 width=121)
	  Sort Key: c
	  ->  Bitmap Heap Scan on sbtest5  (cost=22.72..3873.38 rows=1003 width=121)
	        Recheck Cond: ((id >= 6824590) AND (id <= 6825589))
	        ->  Bitmap Index Scan on sbtest5_pkey  (cost=0.00..22.46 rows=1003 width=0)
	              Index Cond: ((id >= 6824590) AND (id <= 6825589))

table 6 : explain SELECT c FROM sbtest6 WHERE id BETWEEN 4644238 AND 4645237 ORDER BY c
	Sort  (cost=3850.77..3853.23 rows=984 width=121)
	  Sort Key: c
	  ->  Bitmap Heap Scan on sbtest6  (cost=22.52..3801.85 rows=984 width=121)
	        Recheck Cond: ((id >= 4644238) AND (id <= 4645237))
	        ->  Bitmap Index Scan on sbtest6_pkey  (cost=0.00..22.27 rows=984 width=0)
	              Index Cond: ((id >= 4644238) AND (id <= 4645237))

table 7 : explain SELECT c FROM sbtest7 WHERE id BETWEEN 3407911 AND 3408910 ORDER BY c
	Sort  (cost=4016.25..4018.82 rows=1027 width=121)
	  Sort Key: c
	  ->  Bitmap Heap Scan on sbtest7  (cost=22.96..3964.88 rows=1027 width=121)
	        Recheck Cond: ((id >= 3407911) AND (id <= 3408910))
	        ->  Bitmap Index Scan on sbtest7_pkey  (cost=0.00..22.70 rows=1027 width=0)
	              Index Cond: ((id >= 3407911) AND (id <= 3408910))

table 8 : explain SELECT c FROM sbtest8 WHERE id BETWEEN 8688156 AND 8689155 ORDER BY c
	Sort  (cost=3778.96..3781.37 rows=965 width=121)
	  Sort Key: c
	  ->  Bitmap Heap Scan on sbtest8  (cost=22.33..3731.13 rows=965 width=121)
	        Recheck Cond: ((id >= 8688156) AND (id <= 8689155))
	        ->  Bitmap Index Scan on sbtest8_pkey  (cost=0.00..22.08 rows=965 width=0)
	              Index Cond: ((id >= 8688156) AND (id <= 8689155))

explain: for point_selects :: explain SELECT c FROM sbtest%u WHERE id=%u
explain: for point_selects :: explain SELECT c FROM sbtest%u WHERE id=%u
for: simple_ranges
table 1 : explain SELECT c FROM sbtest1 WHERE id BETWEEN 5476408 AND 5477407
	Bitmap Heap Scan on sbtest1  (cost=22.00..3607.18 rows=933 width=121)
	  Recheck Cond: ((id >= 5476408) AND (id <= 5477407))
	  ->  Bitmap Index Scan on sbtest1_pkey  (cost=0.00..21.76 rows=933 width=0)
	        Index Cond: ((id >= 5476408) AND (id <= 5477407))

table 2 : explain SELECT c FROM sbtest2 WHERE id BETWEEN 9380954 AND 9381953
	Bitmap Heap Scan on sbtest2  (cost=22.39..3751.59 rows=971 width=121)
	  Recheck Cond: ((id >= 9380954) AND (id <= 9381953))
	  ->  Bitmap Index Scan on sbtest2_pkey  (cost=0.00..22.14 rows=971 width=0)
	        Index Cond: ((id >= 9380954) AND (id <= 9381953))

table 3 : explain SELECT c FROM sbtest3 WHERE id BETWEEN 7897790 AND 7898789
	Bitmap Heap Scan on sbtest3  (cost=22.38..3747.89 rows=970 width=121)
	  Recheck Cond: ((id >= 7897790) AND (id <= 7898789))
	  ->  Bitmap Index Scan on sbtest3_pkey  (cost=0.00..22.14 rows=970 width=0)
	        Index Cond: ((id >= 7897790) AND (id <= 7898789))

table 4 : explain SELECT c FROM sbtest4 WHERE id BETWEEN 4236944 AND 4237943
	Bitmap Heap Scan on sbtest4  (cost=23.18..4042.75 rows=1048 width=121)
	  Recheck Cond: ((id >= 4236944) AND (id <= 4237943))
	  ->  Bitmap Index Scan on sbtest4_pkey  (cost=0.00..22.91 rows=1048 width=0)
	        Index Cond: ((id >= 4236944) AND (id <= 4237943))

table 5 : explain SELECT c FROM sbtest5 WHERE id BETWEEN 1149792 AND 1150791
	Bitmap Heap Scan on sbtest5  (cost=22.70..3865.85 rows=1001 width=121)
	  Recheck Cond: ((id >= 1149792) AND (id <= 1150791))
	  ->  Bitmap Index Scan on sbtest5_pkey  (cost=0.00..22.44 rows=1001 width=0)
	        Index Cond: ((id >= 1149792) AND (id <= 1150791))

table 6 : explain SELECT c FROM sbtest6 WHERE id BETWEEN 7473934 AND 7474933
	Bitmap Heap Scan on sbtest6  (cost=22.16..3669.83 rows=949 width=121)
	  Recheck Cond: ((id >= 7473934) AND (id <= 7474933))
	  ->  Bitmap Index Scan on sbtest6_pkey  (cost=0.00..21.93 rows=949 width=0)
	        Index Cond: ((id >= 7473934) AND (id <= 7474933))

table 7 : explain SELECT c FROM sbtest7 WHERE id BETWEEN 8778860 AND 8779859
	Bitmap Heap Scan on sbtest7  (cost=21.38..3383.42 rows=873 width=121)
	  Recheck Cond: ((id >= 8778860) AND (id <= 8779859))
	  ->  Bitmap Index Scan on sbtest7_pkey  (cost=0.00..21.16 rows=873 width=0)
	        Index Cond: ((id >= 8778860) AND (id <= 8779859))

table 8 : explain SELECT c FROM sbtest8 WHERE id BETWEEN 1198131 AND 1199130
	Bitmap Heap Scan on sbtest8  (cost=22.96..3964.85 rows=1027 width=121)
	  Recheck Cond: ((id >= 1198131) AND (id <= 1199130))
	  ->  Bitmap Index Scan on sbtest8_pkey  (cost=0.00..22.70 rows=1027 width=0)
	        Index Cond: ((id >= 1198131) AND (id <= 1199130))

for: sum_ranges
table 1 : explain SELECT SUM(k) FROM sbtest1 WHERE id BETWEEN 5260583 AND 5261582
	Aggregate  (cost=3522.64..3522.65 rows=1 width=8)
	  ->  Bitmap Heap Scan on sbtest1  (cost=21.76..3520.37 rows=910 width=4)
	        Recheck Cond: ((id >= 5260583) AND (id <= 5261582))
	        ->  Bitmap Index Scan on sbtest1_pkey  (cost=0.00..21.54 rows=910 width=0)
	              Index Cond: ((id >= 5260583) AND (id <= 5261582))

table 2 : explain SELECT SUM(k) FROM sbtest2 WHERE id BETWEEN 4466926 AND 4467925
	Aggregate  (cost=3557.70..3557.71 rows=1 width=8)
	  ->  Bitmap Heap Scan on sbtest2  (cost=21.85..3555.40 rows=919 width=4)
	        Recheck Cond: ((id >= 4466926) AND (id <= 4467925))
	        ->  Bitmap Index Scan on sbtest2_pkey  (cost=0.00..21.62 rows=919 width=0)
	              Index Cond: ((id >= 4466926) AND (id <= 4467925))

table 3 : explain SELECT SUM(k) FROM sbtest3 WHERE id BETWEEN 2563206 AND 2564205
	Aggregate  (cost=4145.69..4145.70 rows=1 width=8)
	  ->  Bitmap Heap Scan on sbtest3  (cost=23.45..4143.00 rows=1075 width=4)
	        Recheck Cond: ((id >= 2563206) AND (id <= 2564205))
	        ->  Bitmap Index Scan on sbtest3_pkey  (cost=0.00..23.18 rows=1075 width=0)
	              Index Cond: ((id >= 2563206) AND (id <= 2564205))

table 4 : explain SELECT SUM(k) FROM sbtest4 WHERE id BETWEEN 7836034 AND 7837033
	Aggregate  (cost=3890.94..3890.95 rows=1 width=8)
	  ->  Bitmap Heap Scan on sbtest4  (cost=22.76..3888.43 rows=1007 width=4)
	        Recheck Cond: ((id >= 7836034) AND (id <= 7837033))
	        ->  Bitmap Index Scan on sbtest4_pkey  (cost=0.00..22.50 rows=1007 width=0)
	              Index Cond: ((id >= 7836034) AND (id <= 7837033))

table 5 : explain SELECT SUM(k) FROM sbtest5 WHERE id BETWEEN 3883442 AND 3884441
	Aggregate  (cost=4098.08..4098.09 rows=1 width=8)
	  ->  Bitmap Heap Scan on sbtest5  (cost=23.32..4095.43 rows=1062 width=4)
	        Recheck Cond: ((id >= 3883442) AND (id <= 3884441))
	        ->  Bitmap Index Scan on sbtest5_pkey  (cost=0.00..23.05 rows=1062 width=0)
	              Index Cond: ((id >= 3883442) AND (id <= 3884441))

table 6 : explain SELECT SUM(k) FROM sbtest6 WHERE id BETWEEN 4790778 AND 4791777
	Aggregate  (cost=3486.98..3486.99 rows=1 width=8)
	  ->  Bitmap Heap Scan on sbtest6  (cost=21.66..3484.73 rows=900 width=4)
	        Recheck Cond: ((id >= 4790778) AND (id <= 4791777))
	        ->  Bitmap Index Scan on sbtest6_pkey  (cost=0.00..21.43 rows=900 width=0)
	              Index Cond: ((id >= 4790778) AND (id <= 4791777))

table 7 : explain SELECT SUM(k) FROM sbtest7 WHERE id BETWEEN 6450753 AND 6451752
	Aggregate  (cost=4084.21..4084.22 rows=1 width=8)
	  ->  Bitmap Heap Scan on sbtest7  (cost=23.28..4081.56 rows=1058 width=4)
	        Recheck Cond: ((id >= 6450753) AND (id <= 6451752))
	        ->  Bitmap Index Scan on sbtest7_pkey  (cost=0.00..23.01 rows=1058 width=0)
	              Index Cond: ((id >= 6450753) AND (id <= 6451752))

table 8 : explain SELECT SUM(k) FROM sbtest8 WHERE id BETWEEN 1365784 AND 1366783
	Aggregate  (cost=3431.02..3431.03 rows=1 width=8)
	  ->  Bitmap Heap Scan on sbtest8  (cost=21.51..3428.81 rows=885 width=4)
	        Recheck Cond: ((id >= 1365784) AND (id <= 1366783))
	        ->  Bitmap Index Scan on sbtest8_pkey  (cost=0.00..21.29 rows=885 width=0)
	              Index Cond: ((id >= 1365784) AND (id <= 1366783))

for: order_ranges
table 1 : explain SELECT c FROM sbtest1 WHERE id BETWEEN 1032779 AND 1033778 ORDER BY c
	Sort  (cost=3683.84..3686.19 rows=941 width=121)
	  Sort Key: c
	  ->  Bitmap Heap Scan on sbtest1  (cost=22.08..3637.36 rows=941 width=121)
	        Recheck Cond: ((id >= 1032779) AND (id <= 1033778))
	        ->  Bitmap Index Scan on sbtest1_pkey  (cost=0.00..21.84 rows=941 width=0)
	              Index Cond: ((id >= 1032779) AND (id <= 1033778))

table 2 : explain SELECT c FROM sbtest2 WHERE id BETWEEN 8631292 AND 8632291 ORDER BY c
	Sort  (cost=3481.75..3483.97 rows=888 width=121)
	  Sort Key: c
	  ->  Bitmap Heap Scan on sbtest2  (cost=21.54..3438.26 rows=888 width=121)
	        Recheck Cond: ((id >= 8631292) AND (id <= 8632291))
	        ->  Bitmap Index Scan on sbtest2_pkey  (cost=0.00..21.32 rows=888 width=0)
	              Index Cond: ((id >= 8631292) AND (id <= 8632291))

table 3 : explain SELECT c FROM sbtest3 WHERE id BETWEEN 7615244 AND 7616243 ORDER BY c
	Sort  (cost=4189.50..4192.18 rows=1073 width=121)
	  Sort Key: c
	  ->  Bitmap Heap Scan on sbtest3  (cost=23.43..4135.49 rows=1073 width=121)
	        Recheck Cond: ((id >= 7615244) AND (id <= 7616243))
	        ->  Bitmap Index Scan on sbtest3_pkey  (cost=0.00..23.16 rows=1073 width=0)
	              Index Cond: ((id >= 7615244) AND (id <= 7616243))

table 4 : explain SELECT c FROM sbtest4 WHERE id BETWEEN 1731280 AND 1732279 ORDER BY c
	Sort  (cost=3812.41..3814.84 rows=974 width=121)
	  Sort Key: c
	  ->  Bitmap Heap Scan on sbtest4  (cost=22.42..3764.06 rows=974 width=121)
	        Recheck Cond: ((id >= 1731280) AND (id <= 1732279))
	        ->  Bitmap Index Scan on sbtest4_pkey  (cost=0.00..22.18 rows=974 width=0)
	              Index Cond: ((id >= 1731280) AND (id <= 1732279))

table 5 : explain SELECT c FROM sbtest5 WHERE id BETWEEN 4342556 AND 4343555 ORDER BY c
	Sort  (cost=3869.83..3872.31 rows=989 width=121)
	  Sort Key: c
	  ->  Bitmap Heap Scan on sbtest5  (cost=22.57..3820.63 rows=989 width=121)
	        Recheck Cond: ((id >= 4342556) AND (id <= 4343555))
	        ->  Bitmap Index Scan on sbtest5_pkey  (cost=0.00..22.32 rows=989 width=0)
	              Index Cond: ((id >= 4342556) AND (id <= 4343555))

table 6 : explain SELECT c FROM sbtest6 WHERE id BETWEEN 617705 AND 618704 ORDER BY c
	Sort  (cost=3766.55..3768.96 rows=962 width=121)
	  Sort Key: c
	  ->  Bitmap Heap Scan on sbtest6  (cost=22.30..3718.89 rows=962 width=121)
	        Recheck Cond: ((id >= 617705) AND (id <= 618704))
	        ->  Bitmap Index Scan on sbtest6_pkey  (cost=0.00..22.05 rows=962 width=0)
	              Index Cond: ((id >= 617705) AND (id <= 618704))

table 7 : explain SELECT c FROM sbtest7 WHERE id BETWEEN 4831929 AND 4832928 ORDER BY c
	Sort  (cost=3779.00..3781.41 rows=965 width=121)
	  Sort Key: c
	  ->  Bitmap Heap Scan on sbtest7  (cost=22.33..3731.16 rows=965 width=121)
	        Recheck Cond: ((id >= 4831929) AND (id <= 4832928))
	        ->  Bitmap Index Scan on sbtest7_pkey  (cost=0.00..22.08 rows=965 width=0)
	              Index Cond: ((id >= 4831929) AND (id <= 4832928))

table 8 : explain SELECT c FROM sbtest8 WHERE id BETWEEN 9236269 AND 9237268 ORDER BY c
	Sort  (cost=4226.48..4229.19 rows=1081 width=121)
	  Sort Key: c
	  ->  Bitmap Heap Scan on sbtest8  (cost=27.52..4172.01 rows=1081 width=121)
	        Recheck Cond: ((id >= 9236269) AND (id <= 9237268))
	        ->  Bitmap Index Scan on sbtest8_pkey  (cost=0.00..27.25 rows=1081 width=0)
	              Index Cond: ((id >= 9236269) AND (id <= 9237268))

for: distinct_ranges
table 1 : explain SELECT DISTINCT c FROM sbtest1 WHERE id BETWEEN 1484295 AND 1485294 ORDER BY c
	Unique  (cost=3825.40..3830.29 rows=978 width=121)
	  ->  Sort  (cost=3825.40..3827.85 rows=978 width=121)
	        Sort Key: c
	        ->  Bitmap Heap Scan on sbtest1  (cost=22.46..3776.82 rows=978 width=121)
	              Recheck Cond: ((id >= 1484295) AND (id <= 1485294))
	              ->  Bitmap Index Scan on sbtest1_pkey  (cost=0.00..22.21 rows=978 width=0)
	                    Index Cond: ((id >= 1484295) AND (id <= 1485294))

table 2 : explain SELECT DISTINCT c FROM sbtest2 WHERE id BETWEEN 2351265 AND 2352264 ORDER BY c
	Unique  (cost=3719.39..3724.14 rows=950 width=121)
	  ->  Sort  (cost=3719.39..3721.77 rows=950 width=121)
	        Sort Key: c
	        ->  Bitmap Heap Scan on sbtest2  (cost=22.17..3672.40 rows=950 width=121)
	              Recheck Cond: ((id >= 2351265) AND (id <= 2352264))
	              ->  Bitmap Index Scan on sbtest2_pkey  (cost=0.00..21.93 rows=950 width=0)
	                    Index Cond: ((id >= 2351265) AND (id <= 2352264))

table 3 : explain SELECT DISTINCT c FROM sbtest3 WHERE id BETWEEN 4332472 AND 4333471 ORDER BY c
	Unique  (cost=4189.50..4194.87 rows=1073 width=121)
	  ->  Sort  (cost=4189.50..4192.18 rows=1073 width=121)
	        Sort Key: c
	        ->  Bitmap Heap Scan on sbtest3  (cost=23.43..4135.49 rows=1073 width=121)
	              Recheck Cond: ((id >= 4332472) AND (id <= 4333471))
	              ->  Bitmap Index Scan on sbtest3_pkey  (cost=0.00..23.16 rows=1073 width=0)
	                    Index Cond: ((id >= 4332472) AND (id <= 4333471))

table 4 : explain SELECT DISTINCT c FROM sbtest4 WHERE id BETWEEN 6202005 AND 6203004 ORDER BY c
	Unique  (cost=3781.78..3786.61 rows=966 width=121)
	  ->  Sort  (cost=3781.78..3784.19 rows=966 width=121)
	        Sort Key: c
	        ->  Bitmap Heap Scan on sbtest4  (cost=22.34..3733.89 rows=966 width=121)
	              Recheck Cond: ((id >= 6202005) AND (id <= 6203004))
	              ->  Bitmap Index Scan on sbtest4_pkey  (cost=0.00..22.09 rows=966 width=0)
	                    Index Cond: ((id >= 6202005) AND (id <= 6203004))

table 5 : explain SELECT DISTINCT c FROM sbtest5 WHERE id BETWEEN 4944363 AND 4945362 ORDER BY c
	Unique  (cost=3877.48..3882.44 rows=991 width=121)
	  ->  Sort  (cost=3877.48..3879.96 rows=991 width=121)
	        Sort Key: c
	        ->  Bitmap Heap Scan on sbtest5  (cost=22.59..3828.17 rows=991 width=121)
	              Recheck Cond: ((id >= 4944363) AND (id <= 4945362))
	              ->  Bitmap Index Scan on sbtest5_pkey  (cost=0.00..22.34 rows=991 width=0)
	                    Index Cond: ((id >= 4944363) AND (id <= 4945362))

table 6 : explain SELECT DISTINCT c FROM sbtest6 WHERE id BETWEEN 2124552 AND 2125551 ORDER BY c
	Unique  (cost=4103.07..4108.32 rows=1050 width=121)
	  ->  Sort  (cost=4103.07..4105.69 rows=1050 width=121)
	        Sort Key: c
	        ->  Bitmap Heap Scan on sbtest6  (cost=23.20..4050.38 rows=1050 width=121)
	              Recheck Cond: ((id >= 2124552) AND (id <= 2125551))
	              ->  Bitmap Index Scan on sbtest6_pkey  (cost=0.00..22.93 rows=1050 width=0)
	                    Index Cond: ((id >= 2124552) AND (id <= 2125551))

table 7 : explain SELECT DISTINCT c FROM sbtest7 WHERE id BETWEEN 1996763 AND 1997762 ORDER BY c
	Unique  (cost=3855.58..3860.51 rows=985 width=121)
	  ->  Sort  (cost=3855.58..3858.04 rows=985 width=121)
	        Sort Key: c
	        ->  Bitmap Heap Scan on sbtest7  (cost=22.53..3806.61 rows=985 width=121)
	              Recheck Cond: ((id >= 1996763) AND (id <= 1997762))
	              ->  Bitmap Index Scan on sbtest7_pkey  (cost=0.00..22.29 rows=985 width=0)
	                    Index Cond: ((id >= 1996763) AND (id <= 1997762))

table 8 : explain SELECT DISTINCT c FROM sbtest8 WHERE id BETWEEN 3982257 AND 3983256 ORDER BY c
	Unique  (cost=4272.27..4277.74 rows=1093 width=121)
	  ->  Sort  (cost=4272.27..4275.01 rows=1093 width=121)
	        Sort Key: c
	        ->  Bitmap Heap Scan on sbtest8  (cost=27.64..4217.11 rows=1093 width=121)
	              Recheck Cond: ((id >= 3982257) AND (id <= 3983256))
	              ->  Bitmap Index Scan on sbtest8_pkey  (cost=0.00..27.36 rows=1093 width=0)
	                    Index Cond: ((id >= 3982257) AND (id <= 3983256))

for: distinct_ranges
table 1 : explain SELECT DISTINCT c FROM sbtest1 WHERE id BETWEEN 4885947 AND 4886946 ORDER BY c
	Unique  (cost=4134.72..4140.01 rows=1059 width=121)
	  ->  Sort  (cost=4134.72..4137.37 rows=1059 width=121)
	        Sort Key: c
	        ->  Bitmap Heap Scan on sbtest1  (cost=23.29..4081.51 rows=1059 width=121)
	              Recheck Cond: ((id >= 4885947) AND (id <= 4886946))
	              ->  Bitmap Index Scan on sbtest1_pkey  (cost=0.00..23.02 rows=1059 width=0)
	                    Index Cond: ((id >= 4885947) AND (id <= 4886946))

table 2 : explain SELECT DISTINCT c FROM sbtest2 WHERE id BETWEEN 7190433 AND 7191432 ORDER BY c
	Unique  (cost=4162.72..4168.05 rows=1066 width=121)
	  ->  Sort  (cost=4162.72..4165.39 rows=1066 width=121)
	        Sort Key: c
	        ->  Bitmap Heap Scan on sbtest2  (cost=23.36..4109.12 rows=1066 width=121)
	              Recheck Cond: ((id >= 7190433) AND (id <= 7191432))
	              ->  Bitmap Index Scan on sbtest2_pkey  (cost=0.00..23.09 rows=1066 width=0)
	                    Index Cond: ((id >= 7190433) AND (id <= 7191432))

table 3 : explain SELECT DISTINCT c FROM sbtest3 WHERE id BETWEEN 3095881 AND 3096880 ORDER BY c
	Unique  (cost=3642.85..3647.50 rows=930 width=121)
	  ->  Sort  (cost=3642.85..3645.17 rows=930 width=121)
	        Sort Key: c
	        ->  Bitmap Heap Scan on sbtest3  (cost=21.97..3596.99 rows=930 width=121)
	              Recheck Cond: ((id >= 3095881) AND (id <= 3096880))
	              ->  Bitmap Index Scan on sbtest3_pkey  (cost=0.00..21.73 rows=930 width=0)
	                    Index Cond: ((id >= 3095881) AND (id <= 3096880))

table 4 : explain SELECT DISTINCT c FROM sbtest4 WHERE id BETWEEN 2568723 AND 2569722 ORDER BY c
	Unique  (cost=3996.00..4001.11 rows=1022 width=121)
	  ->  Sort  (cost=3996.00..3998.55 rows=1022 width=121)
	        Sort Key: c
	        ->  Bitmap Heap Scan on sbtest4  (cost=22.91..3944.91 rows=1022 width=121)
	              Recheck Cond: ((id >= 2568723) AND (id <= 2569722))
	              ->  Bitmap Index Scan on sbtest4_pkey  (cost=0.00..22.65 rows=1022 width=0)
	                    Index Cond: ((id >= 2568723) AND (id <= 2569722))

table 5 : explain SELECT DISTINCT c FROM sbtest5 WHERE id BETWEEN 6720225 AND 6721224 ORDER BY c
	Unique  (cost=4022.77..4027.92 rows=1029 width=121)
	  ->  Sort  (cost=4022.77..4025.35 rows=1029 width=121)
	        Sort Key: c
	        ->  Bitmap Heap Scan on sbtest5  (cost=22.98..3971.29 rows=1029 width=121)
	              Recheck Cond: ((id >= 6720225) AND (id <= 6721224))
	              ->  Bitmap Index Scan on sbtest5_pkey  (cost=0.00..22.72 rows=1029 width=0)
	                    Index Cond: ((id >= 6720225) AND (id <= 6721224))

table 6 : explain SELECT DISTINCT c FROM sbtest6 WHERE id BETWEEN 7319166 AND 7320165 ORDER BY c
	Unique  (cost=3915.81..3920.81 rows=1001 width=121)
	  ->  Sort  (cost=3915.81..3918.31 rows=1001 width=121)
	        Sort Key: c
	        ->  Bitmap Heap Scan on sbtest6  (cost=22.70..3865.92 rows=1001 width=121)
	              Recheck Cond: ((id >= 7319166) AND (id <= 7320165))
	              ->  Bitmap Index Scan on sbtest6_pkey  (cost=0.00..22.44 rows=1001 width=0)
	                    Index Cond: ((id >= 7319166) AND (id <= 7320165))

table 7 : explain SELECT DISTINCT c FROM sbtest7 WHERE id BETWEEN 409076 AND 410075 ORDER BY c
	Unique  (cost=4268.50..4273.96 rows=1092 width=121)
	  ->  Sort  (cost=4268.50..4271.23 rows=1092 width=121)
	        Sort Key: c
	        ->  Bitmap Heap Scan on sbtest7  (cost=27.63..4213.39 rows=1092 width=121)
	              Recheck Cond: ((id >= 409076) AND (id <= 410075))
	              ->  Bitmap Index Scan on sbtest7_pkey  (cost=0.00..27.36 rows=1092 width=0)
	                    Index Cond: ((id >= 409076) AND (id <= 410075))

table 8 : explain SELECT DISTINCT c FROM sbtest8 WHERE id BETWEEN 6714505 AND 6715504 ORDER BY c
	Unique  (cost=4424.87..4430.54 rows=1134 width=121)
	  ->  Sort  (cost=4424.87..4427.71 rows=1134 width=121)
	        Sort Key: c
	        ->  Bitmap Heap Scan on sbtest8  (cost=28.06..4367.34 rows=1134 width=121)
	              Recheck Cond: ((id >= 6714505) AND (id <= 6715504))
	              ->  Bitmap Index Scan on sbtest8_pkey  (cost=0.00..27.77 rows=1134 width=0)
	                    Index Cond: ((id >= 6714505) AND (id <= 6715504))

for: order_ranges
table 1 : explain SELECT c FROM sbtest1 WHERE id BETWEEN 30038 AND 31037 ORDER BY c
	Sort  (cost=3775.68..3778.09 rows=965 width=121)
	  Sort Key: c
	  ->  Bitmap Heap Scan on sbtest1  (cost=22.33..3727.84 rows=965 width=121)
	        Recheck Cond: ((id >= 30038) AND (id <= 31037))
	        ->  Bitmap Index Scan on sbtest1_pkey  (cost=0.00..22.08 rows=965 width=0)
	              Index Cond: ((id >= 30038) AND (id <= 31037))

table 2 : explain SELECT c FROM sbtest2 WHERE id BETWEEN 3133774 AND 3134773 ORDER BY c
	Sort  (cost=3983.30..3985.84 rows=1019 width=121)
	  Sort Key: c
	  ->  Bitmap Heap Scan on sbtest2  (cost=22.88..3932.38 rows=1019 width=121)
	        Recheck Cond: ((id >= 3133774) AND (id <= 3134773))
	        ->  Bitmap Index Scan on sbtest2_pkey  (cost=0.00..22.62 rows=1019 width=0)
	              Index Cond: ((id >= 3133774) AND (id <= 3134773))

table 3 : explain SELECT c FROM sbtest3 WHERE id BETWEEN 5303838 AND 5304837 ORDER BY c
	Sort  (cost=3485.64..3487.87 rows=889 width=121)
	  Sort Key: c
	  ->  Bitmap Heap Scan on sbtest3  (cost=21.55..3442.10 rows=889 width=121)
	        Recheck Cond: ((id >= 5303838) AND (id <= 5304837))
	        ->  Bitmap Index Scan on sbtest3_pkey  (cost=0.00..21.32 rows=889 width=0)
	              Index Cond: ((id >= 5303838) AND (id <= 5304837))

table 4 : explain SELECT c FROM sbtest4 WHERE id BETWEEN 8342682 AND 8343681 ORDER BY c
	Sort  (cost=4190.76..4193.44 rows=1073 width=121)
	  Sort Key: c
	  ->  Bitmap Heap Scan on sbtest4  (cost=23.43..4136.75 rows=1073 width=121)
	        Recheck Cond: ((id >= 8342682) AND (id <= 8343681))
	        ->  Bitmap Index Scan on sbtest4_pkey  (cost=0.00..23.16 rows=1073 width=0)
	              Index Cond: ((id >= 8342682) AND (id <= 8343681))

table 5 : explain SELECT c FROM sbtest5 WHERE id BETWEEN 4968959 AND 4969958 ORDER BY c
	Sort  (cost=3957.80..3960.33 rows=1012 width=121)
	  Sort Key: c
	  ->  Bitmap Heap Scan on sbtest5  (cost=22.81..3907.28 rows=1012 width=121)
	        Recheck Cond: ((id >= 4968959) AND (id <= 4969958))
	        ->  Bitmap Index Scan on sbtest5_pkey  (cost=0.00..22.55 rows=1012 width=0)
	              Index Cond: ((id >= 4968959) AND (id <= 4969958))

table 6 : explain SELECT c FROM sbtest6 WHERE id BETWEEN 8827782 AND 8828781 ORDER BY c
	Sort  (cost=4061.05..4063.65 rows=1039 width=121)
	  Sort Key: c
	  ->  Bitmap Heap Scan on sbtest6  (cost=23.08..4009.00 rows=1039 width=121)
	        Recheck Cond: ((id >= 8827782) AND (id <= 8828781))
	        ->  Bitmap Index Scan on sbtest6_pkey  (cost=0.00..22.82 rows=1039 width=0)
	              Index Cond: ((id >= 8827782) AND (id <= 8828781))

table 7 : explain SELECT c FROM sbtest7 WHERE id BETWEEN 5617693 AND 5618692 ORDER BY c
	Sort  (cost=3283.81..3285.90 rows=836 width=121)
	  Sort Key: c
	  ->  Bitmap Heap Scan on sbtest7  (cost=21.00..3243.24 rows=836 width=121)
	        Recheck Cond: ((id >= 5617693) AND (id <= 5618692))
	        ->  Bitmap Index Scan on sbtest7_pkey  (cost=0.00..20.79 rows=836 width=0)
	              Index Cond: ((id >= 5617693) AND (id <= 5618692))

table 8 : explain SELECT c FROM sbtest8 WHERE id BETWEEN 846548 AND 847547 ORDER BY c
	Sort  (cost=3836.41..3838.86 rows=980 width=121)
	  Sort Key: c
	  ->  Bitmap Heap Scan on sbtest8  (cost=22.48..3787.72 rows=980 width=121)
	        Recheck Cond: ((id >= 846548) AND (id <= 847547))
	        ->  Bitmap Index Scan on sbtest8_pkey  (cost=0.00..22.23 rows=980 width=0)
	              Index Cond: ((id >= 846548) AND (id <= 847547))

for point_selects
table 1 : explain SELECT c FROM sbtest1 WHERE id=1574148
	Index Scan using sbtest1_pkey on sbtest1  (cost=0.43..8.45 rows=1 width=121)
	  Index Cond: (id = 1574148)

table 2 : explain SELECT c FROM sbtest2 WHERE id=5183523
	Index Scan using sbtest2_pkey on sbtest2  (cost=0.43..8.45 rows=1 width=121)
	  Index Cond: (id = 5183523)

table 3 : explain SELECT c FROM sbtest3 WHERE id=5629951
	Index Scan using sbtest3_pkey on sbtest3  (cost=0.43..8.45 rows=1 width=121)
	  Index Cond: (id = 5629951)

table 4 : explain SELECT c FROM sbtest4 WHERE id=3021862
	Index Scan using sbtest4_pkey on sbtest4  (cost=0.43..8.45 rows=1 width=121)
	  Index Cond: (id = 3021862)

table 5 : explain SELECT c FROM sbtest5 WHERE id=8535624
	Index Scan using sbtest5_pkey on sbtest5  (cost=0.43..8.45 rows=1 width=121)
	  Index Cond: (id = 8535624)

table 6 : explain SELECT c FROM sbtest6 WHERE id=5268223
	Index Scan using sbtest6_pkey on sbtest6  (cost=0.43..8.45 rows=1 width=121)
	  Index Cond: (id = 5268223)

table 7 : explain SELECT c FROM sbtest7 WHERE id=272205
	Index Scan using sbtest7_pkey on sbtest7  (cost=0.43..8.45 rows=1 width=121)
	  Index Cond: (id = 272205)

table 8 : explain SELECT c FROM sbtest8 WHERE id=1710519
	Index Scan using sbtest8_pkey on sbtest8  (cost=0.43..8.45 rows=1 width=121)
	  Index Cond: (id = 1710519)

for: distinct_ranges
table 1 : explain SELECT DISTINCT c FROM sbtest1 WHERE id BETWEEN 9312450 AND 9313449 ORDER BY c
	Unique  (cost=3905.67..3910.67 rows=999 width=121)
	  ->  Sort  (cost=3905.67..3908.17 rows=999 width=121)
	        Sort Key: c
	        ->  Bitmap Heap Scan on sbtest1  (cost=22.67..3855.90 rows=999 width=121)
	              Recheck Cond: ((id >= 9312450) AND (id <= 9313449))
	              ->  Bitmap Index Scan on sbtest1_pkey  (cost=0.00..22.43 rows=999 width=0)
	                    Index Cond: ((id >= 9312450) AND (id <= 9313449))

table 2 : explain SELECT DISTINCT c FROM sbtest2 WHERE id BETWEEN 8766758 AND 8767757 ORDER BY c
	Unique  (cost=3684.92..3689.63 rows=941 width=121)
	  ->  Sort  (cost=3684.92..3687.28 rows=941 width=121)
	        Sort Key: c
	        ->  Bitmap Heap Scan on sbtest2  (cost=22.08..3638.45 rows=941 width=121)
	              Recheck Cond: ((id >= 8766758) AND (id <= 8767757))
	              ->  Bitmap Index Scan on sbtest2_pkey  (cost=0.00..21.84 rows=941 width=0)
	                    Index Cond: ((id >= 8766758) AND (id <= 8767757))

table 3 : explain SELECT DISTINCT c FROM sbtest3 WHERE id BETWEEN 2882068 AND 2883067 ORDER BY c
	Unique  (cost=4094.11..4099.35 rows=1048 width=121)
	  ->  Sort  (cost=4094.11..4096.73 rows=1048 width=121)
	        Sort Key: c
	        ->  Bitmap Heap Scan on sbtest3  (cost=23.18..4041.54 rows=1048 width=121)
	              Recheck Cond: ((id >= 2882068) AND (id <= 2883067))
	              ->  Bitmap Index Scan on sbtest3_pkey  (cost=0.00..22.91 rows=1048 width=0)
	                    Index Cond: ((id >= 2882068) AND (id <= 2883067))

table 4 : explain SELECT DISTINCT c FROM sbtest4 WHERE id BETWEEN 5470613 AND 5471612 ORDER BY c
	Unique  (cost=3793.27..3798.11 rows=969 width=121)
	  ->  Sort  (cost=3793.27..3795.69 rows=969 width=121)
	        Sort Key: c
	        ->  Bitmap Heap Scan on sbtest4  (cost=22.37..3745.20 rows=969 width=121)
	              Recheck Cond: ((id >= 5470613) AND (id <= 5471612))
	              ->  Bitmap Index Scan on sbtest4_pkey  (cost=0.00..22.12 rows=969 width=0)
	                    Index Cond: ((id >= 5470613) AND (id <= 5471612))

table 5 : explain SELECT DISTINCT c FROM sbtest5 WHERE id BETWEEN 9694220 AND 9695219 ORDER BY c
	Unique  (cost=3505.80..3510.27 rows=894 width=121)
	  ->  Sort  (cost=3505.80..3508.04 rows=894 width=121)
	        Sort Key: c
	        ->  Bitmap Heap Scan on sbtest5  (cost=21.60..3461.98 rows=894 width=121)
	              Recheck Cond: ((id >= 9694220) AND (id <= 9695219))
	              ->  Bitmap Index Scan on sbtest5_pkey  (cost=0.00..21.37 rows=894 width=0)
	                    Index Cond: ((id >= 9694220) AND (id <= 9695219))

table 6 : explain SELECT DISTINCT c FROM sbtest6 WHERE id BETWEEN 6319758 AND 6320757 ORDER BY c
	Unique  (cost=3693.77..3698.49 rows=943 width=121)
	  ->  Sort  (cost=3693.77..3696.13 rows=943 width=121)
	        Sort Key: c
	        ->  Bitmap Heap Scan on sbtest6  (cost=22.10..3647.18 rows=943 width=121)
	              Recheck Cond: ((id >= 6319758) AND (id <= 6320757))
	              ->  Bitmap Index Scan on sbtest6_pkey  (cost=0.00..21.86 rows=943 width=0)
	                    Index Cond: ((id >= 6319758) AND (id <= 6320757))

table 7 : explain SELECT DISTINCT c FROM sbtest7 WHERE id BETWEEN 5655321 AND 5656320 ORDER BY c
	Unique  (cost=3283.81..3287.99 rows=836 width=121)
	  ->  Sort  (cost=3283.81..3285.90 rows=836 width=121)
	        Sort Key: c
	        ->  Bitmap Heap Scan on sbtest7  (cost=21.00..3243.24 rows=836 width=121)
	              Recheck Cond: ((id >= 5655321) AND (id <= 5656320))
	              ->  Bitmap Index Scan on sbtest7_pkey  (cost=0.00..20.79 rows=836 width=0)
	                    Index Cond: ((id >= 5655321) AND (id <= 5656320))

table 8 : explain SELECT DISTINCT c FROM sbtest8 WHERE id BETWEEN 9955539 AND 9956538 ORDER BY c
	Unique  (cost=3805.77..3810.63 rows=972 width=121)
	  ->  Sort  (cost=3805.77..3808.20 rows=972 width=121)
	        Sort Key: c
	        ->  Bitmap Heap Scan on sbtest8  (cost=22.40..3757.54 rows=972 width=121)
	              Recheck Cond: ((id >= 9955539) AND (id <= 9956538))
	              ->  Bitmap Index Scan on sbtest8_pkey  (cost=0.00..22.15 rows=972 width=0)
	                    Index Cond: ((id >= 9955539) AND (id <= 9956538))

for: order_ranges
table 1 : explain SELECT c FROM sbtest1 WHERE id BETWEEN 6008975 AND 6009974 ORDER BY c
	Sort  (cost=3875.10..3877.58 rows=991 width=121)
	  Sort Key: c
	  ->  Bitmap Heap Scan on sbtest1  (cost=22.59..3825.78 rows=991 width=121)
	        Recheck Cond: ((id >= 6008975) AND (id <= 6009974))
	        ->  Bitmap Index Scan on sbtest1_pkey  (cost=0.00..22.34 rows=991 width=0)
	              Index Cond: ((id >= 6008975) AND (id <= 6009974))

table 2 : explain SELECT c FROM sbtest2 WHERE id BETWEEN 9003586 AND 9004585 ORDER BY c
	Sort  (cost=3677.26..3679.61 rows=939 width=121)
	  Sort Key: c
	  ->  Bitmap Heap Scan on sbtest2  (cost=22.06..3630.90 rows=939 width=121)
	        Recheck Cond: ((id >= 9003586) AND (id <= 9004585))
	        ->  Bitmap Index Scan on sbtest2_pkey  (cost=0.00..21.82 rows=939 width=0)
	              Index Cond: ((id >= 9003586) AND (id <= 9004585))

table 3 : explain SELECT c FROM sbtest3 WHERE id BETWEEN 8285508 AND 8286507 ORDER BY c
	Sort  (cost=3864.87..3867.34 rows=988 width=121)
	  Sort Key: c
	  ->  Bitmap Heap Scan on sbtest3  (cost=22.56..3815.73 rows=988 width=121)
	        Recheck Cond: ((id >= 8285508) AND (id <= 8286507))
	        ->  Bitmap Index Scan on sbtest3_pkey  (cost=0.00..22.32 rows=988 width=0)
	              Index Cond: ((id >= 8285508) AND (id <= 8286507))

table 4 : explain SELECT c FROM sbtest4 WHERE id BETWEEN 1749940 AND 1750939 ORDER BY c
	Sort  (cost=3812.41..3814.84 rows=974 width=121)
	  Sort Key: c
	  ->  Bitmap Heap Scan on sbtest4  (cost=22.42..3764.06 rows=974 width=121)
	        Recheck Cond: ((id >= 1749940) AND (id <= 1750939))
	        ->  Bitmap Index Scan on sbtest4_pkey  (cost=0.00..22.18 rows=974 width=0)
	              Index Cond: ((id >= 1749940) AND (id <= 1750939))

table 5 : explain SELECT c FROM sbtest5 WHERE id BETWEEN 5727233 AND 5728232 ORDER BY c
	Sort  (cost=4076.26..4078.87 rows=1043 width=121)
	  Sort Key: c
	  ->  Bitmap Heap Scan on sbtest5  (cost=23.13..4023.97 rows=1043 width=121)
	        Recheck Cond: ((id >= 5727233) AND (id <= 5728232))
	        ->  Bitmap Index Scan on sbtest5_pkey  (cost=0.00..22.86 rows=1043 width=0)
	              Index Cond: ((id >= 5727233) AND (id <= 5728232))

table 6 : explain SELECT c FROM sbtest6 WHERE id BETWEEN 3584910 AND 3585909 ORDER BY c
	Sort  (cost=3528.89..3531.14 rows=900 width=121)
	  Sort Key: c
	  ->  Bitmap Heap Scan on sbtest6  (cost=21.66..3484.73 rows=900 width=121)
	        Recheck Cond: ((id >= 3584910) AND (id <= 3585909))
	        ->  Bitmap Index Scan on sbtest6_pkey  (cost=0.00..21.43 rows=900 width=0)
	              Index Cond: ((id >= 3584910) AND (id <= 3585909))

table 7 : explain SELECT c FROM sbtest7 WHERE id BETWEEN 3327157 AND 3328156 ORDER BY c
	Sort  (cost=4016.25..4018.82 rows=1027 width=121)
	  Sort Key: c
	  ->  Bitmap Heap Scan on sbtest7  (cost=22.96..3964.88 rows=1027 width=121)
	        Recheck Cond: ((id >= 3327157) AND (id <= 3328156))
	        ->  Bitmap Index Scan on sbtest7_pkey  (cost=0.00..22.70 rows=1027 width=0)
	              Index Cond: ((id >= 3327157) AND (id <= 3328156))

table 8 : explain SELECT c FROM sbtest8 WHERE id BETWEEN 7388757 AND 7389756 ORDER BY c
	Sort  (cost=3955.03..3957.56 rows=1011 width=121)
	  Sort Key: c
	  ->  Bitmap Heap Scan on sbtest8  (cost=22.80..3904.58 rows=1011 width=121)
	        Recheck Cond: ((id >= 7388757) AND (id <= 7389756))
	        ->  Bitmap Index Scan on sbtest8_pkey  (cost=0.00..22.54 rows=1011 width=0)
	              Index Cond: ((id >= 7388757) AND (id <= 7389756))

for: sum_ranges
table 1 : explain SELECT SUM(k) FROM sbtest1 WHERE id BETWEEN 4998964 AND 4999963
	Aggregate  (cost=3360.04..3360.05 rows=1 width=8)
	  ->  Bitmap Heap Scan on sbtest1  (cost=21.32..3357.87 rows=867 width=4)
	        Recheck Cond: ((id >= 4998964) AND (id <= 4999963))
	        ->  Bitmap Index Scan on sbtest1_pkey  (cost=0.00..21.11 rows=867 width=0)
	              Index Cond: ((id >= 4998964) AND (id <= 4999963))

table 2 : explain SELECT SUM(k) FROM sbtest2 WHERE id BETWEEN 6479891 AND 6480890
	Aggregate  (cost=4318.66..4318.67 rows=1 width=8)
	  ->  Bitmap Heap Scan on sbtest2  (cost=27.93..4315.85 rows=1121 width=4)
	        Recheck Cond: ((id >= 6479891) AND (id <= 6480890))
	        ->  Bitmap Index Scan on sbtest2_pkey  (cost=0.00..27.64 rows=1121 width=0)
	              Index Cond: ((id >= 6479891) AND (id <= 6480890))

table 3 : explain SELECT SUM(k) FROM sbtest3 WHERE id BETWEEN 1283121 AND 1284120
	Aggregate  (cost=4172.00..4172.01 rows=1 width=8)
	  ->  Bitmap Heap Scan on sbtest3  (cost=23.53..4169.29 rows=1082 width=4)
	        Recheck Cond: ((id >= 1283121) AND (id <= 1284120))
	        ->  Bitmap Index Scan on sbtest3_pkey  (cost=0.00..23.25 rows=1082 width=0)
	              Index Cond: ((id >= 1283121) AND (id <= 1284120))

table 4 : explain SELECT SUM(k) FROM sbtest4 WHERE id BETWEEN 812964 AND 813963
	Aggregate  (cost=4098.06..4098.07 rows=1 width=8)
	  ->  Bitmap Heap Scan on sbtest4  (cost=23.32..4095.40 rows=1062 width=4)
	        Recheck Cond: ((id >= 812964) AND (id <= 813963))
	        ->  Bitmap Index Scan on sbtest4_pkey  (cost=0.00..23.05 rows=1062 width=0)
	              Index Cond: ((id >= 812964) AND (id <= 813963))

table 5 : explain SELECT SUM(k) FROM sbtest5 WHERE id BETWEEN 4123914 AND 4124913
	Aggregate  (cost=3834.42..3834.43 rows=1 width=8)
	  ->  Bitmap Heap Scan on sbtest5  (cost=22.60..3831.94 rows=992 width=4)
	        Recheck Cond: ((id >= 4123914) AND (id <= 4124913))
	        ->  Bitmap Index Scan on sbtest5_pkey  (cost=0.00..22.36 rows=992 width=0)
	              Index Cond: ((id >= 4123914) AND (id <= 4124913))

table 6 : explain SELECT SUM(k) FROM sbtest6 WHERE id BETWEEN 7443488 AND 7444487
	Aggregate  (cost=3672.20..3672.21 rows=1 width=8)
	  ->  Bitmap Heap Scan on sbtest6  (cost=22.16..3669.83 rows=949 width=4)
	        Recheck Cond: ((id >= 7443488) AND (id <= 7444487))
	        ->  Bitmap Index Scan on sbtest6_pkey  (cost=0.00..21.93 rows=949 width=0)
	              Index Cond: ((id >= 7443488) AND (id <= 7444487))

table 7 : explain SELECT SUM(k) FROM sbtest7 WHERE id BETWEEN 1585415 AND 1586414
	Aggregate  (cost=3616.45..3616.46 rows=1 width=8)
	  ->  Bitmap Heap Scan on sbtest7  (cost=22.01..3614.11 rows=934 width=4)
	        Recheck Cond: ((id >= 1585415) AND (id <= 1586414))
	        ->  Bitmap Index Scan on sbtest7_pkey  (cost=0.00..21.77 rows=934 width=0)
	              Index Cond: ((id >= 1585415) AND (id <= 1586414))

table 8 : explain SELECT SUM(k) FROM sbtest8 WHERE id BETWEEN 7592340 AND 7593339
	Aggregate  (cost=4058.05..4058.06 rows=1 width=8)
	  ->  Bitmap Heap Scan on sbtest8  (cost=27.20..4055.42 rows=1050 width=4)
	        Recheck Cond: ((id >= 7592340) AND (id <= 7593339))
	        ->  Bitmap Index Scan on sbtest8_pkey  (cost=0.00..26.93 rows=1050 width=0)
	              Index Cond: ((id >= 7592340) AND (id <= 7593339))

for: sum_ranges
table 1 : explain SELECT SUM(k) FROM sbtest1 WHERE id BETWEEN 9725756 AND 9726755
	Aggregate  (cost=4309.74..4309.75 rows=1 width=8)
	  ->  Bitmap Heap Scan on sbtest1  (cost=27.90..4306.94 rows=1119 width=4)
	        Recheck Cond: ((id >= 9725756) AND (id <= 9726755))
	        ->  Bitmap Index Scan on sbtest1_pkey  (cost=0.00..27.62 rows=1119 width=0)
	              Index Cond: ((id >= 9725756) AND (id <= 9726755))

table 2 : explain SELECT SUM(k) FROM sbtest2 WHERE id BETWEEN 5033781 AND 5034780
	Aggregate  (cost=3610.59..3610.60 rows=1 width=8)
	  ->  Bitmap Heap Scan on sbtest2  (cost=22.00..3608.26 rows=933 width=4)
	        Recheck Cond: ((id >= 5033781) AND (id <= 5034780))
	        ->  Bitmap Index Scan on sbtest2_pkey  (cost=0.00..21.76 rows=933 width=0)
	              Index Cond: ((id >= 5033781) AND (id <= 5034780))

table 3 : explain SELECT SUM(k) FROM sbtest3 WHERE id BETWEEN 4384429 AND 4385428
	Aggregate  (cost=3833.27..3833.28 rows=1 width=8)
	  ->  Bitmap Heap Scan on sbtest3  (cost=22.60..3830.79 rows=992 width=4)
	        Recheck Cond: ((id >= 4384429) AND (id <= 4385428))
	        ->  Bitmap Index Scan on sbtest3_pkey  (cost=0.00..22.36 rows=992 width=0)
	              Index Cond: ((id >= 4384429) AND (id <= 4385428))

table 4 : explain SELECT SUM(k) FROM sbtest4 WHERE id BETWEEN 5035245 AND 5036244
	Aggregate  (cost=4226.14..4226.15 rows=1 width=8)
	  ->  Bitmap Heap Scan on sbtest4  (cost=27.66..4223.40 rows=1095 width=4)
	        Recheck Cond: ((id >= 5035245) AND (id <= 5036244))
	        ->  Bitmap Index Scan on sbtest4_pkey  (cost=0.00..27.39 rows=1095 width=0)
	              Index Cond: ((id >= 5035245) AND (id <= 5036244))

table 5 : explain SELECT SUM(k) FROM sbtest5 WHERE id BETWEEN 4589388 AND 4590387
	Aggregate  (cost=3966.33..3966.34 rows=1 width=8)
	  ->  Bitmap Heap Scan on sbtest5  (cost=22.96..3963.76 rows=1027 width=4)
	        Recheck Cond: ((id >= 4589388) AND (id <= 4590387))
	        ->  Bitmap Index Scan on sbtest5_pkey  (cost=0.00..22.70 rows=1027 width=0)
	              Index Cond: ((id >= 4589388) AND (id <= 4590387))

table 6 : explain SELECT SUM(k) FROM sbtest6 WHERE id BETWEEN 8708649 AND 8709648
	Aggregate  (cost=3875.96..3875.97 rows=1 width=8)
	  ->  Bitmap Heap Scan on sbtest6  (cost=22.72..3873.46 rows=1003 width=4)
	        Recheck Cond: ((id >= 8708649) AND (id <= 8709648))
	        ->  Bitmap Index Scan on sbtest6_pkey  (cost=0.00..22.46 rows=1003 width=0)
	              Index Cond: ((id >= 8708649) AND (id <= 8709648))

table 7 : explain SELECT SUM(k) FROM sbtest7 WHERE id BETWEEN 1133124 AND 1134123
	Aggregate  (cost=4121.84..4121.85 rows=1 width=8)
	  ->  Bitmap Heap Scan on sbtest7  (cost=23.38..4119.17 rows=1068 width=4)
	        Recheck Cond: ((id >= 1133124) AND (id <= 1134123))
	        ->  Bitmap Index Scan on sbtest7_pkey  (cost=0.00..23.11 rows=1068 width=0)
	              Index Cond: ((id >= 1133124) AND (id <= 1134123))

table 8 : explain SELECT SUM(k) FROM sbtest8 WHERE id BETWEEN 3905473 AND 3906472
	Aggregate  (cost=3925.95..3925.96 rows=1 width=8)
	  ->  Bitmap Heap Scan on sbtest8  (cost=22.85..3923.41 rows=1016 width=4)
	        Recheck Cond: ((id >= 3905473) AND (id <= 3906472))
	        ->  Bitmap Index Scan on sbtest8_pkey  (cost=0.00..22.59 rows=1016 width=0)
	              Index Cond: ((id >= 3905473) AND (id <= 3906472))

for: order_ranges
table 1 : explain SELECT c FROM sbtest1 WHERE id BETWEEN 2295223 AND 2296222 ORDER BY c
	Sort  (cost=3783.33..3785.75 rows=967 width=121)
	  Sort Key: c
	  ->  Bitmap Heap Scan on sbtest1  (cost=22.35..3735.38 rows=967 width=121)
	        Recheck Cond: ((id >= 2295223) AND (id <= 2296222))
	        ->  Bitmap Index Scan on sbtest1_pkey  (cost=0.00..22.11 rows=967 width=0)
	              Index Cond: ((id >= 2295223) AND (id <= 2296222))

table 2 : explain SELECT c FROM sbtest2 WHERE id BETWEEN 7932606 AND 7933605 ORDER BY c
	Sort  (cost=3750.02..3752.41 rows=958 width=121)
	  Sort Key: c
	  ->  Bitmap Heap Scan on sbtest2  (cost=22.25..3702.58 rows=958 width=121)
	        Recheck Cond: ((id >= 7932606) AND (id <= 7933605))
	        ->  Bitmap Index Scan on sbtest2_pkey  (cost=0.00..22.01 rows=958 width=0)
	              Index Cond: ((id >= 7932606) AND (id <= 7933605))

table 3 : explain SELECT c FROM sbtest3 WHERE id BETWEEN 4755249 AND 4756248 ORDER BY c
	Sort  (cost=4078.84..4081.45 rows=1044 width=121)
	  Sort Key: c
	  ->  Bitmap Heap Scan on sbtest3  (cost=23.14..4026.50 rows=1044 width=121)
	        Recheck Cond: ((id >= 4755249) AND (id <= 4756248))
	        ->  Bitmap Index Scan on sbtest3_pkey  (cost=0.00..22.87 rows=1044 width=0)
	              Index Cond: ((id >= 4755249) AND (id <= 4756248))

table 4 : explain SELECT c FROM sbtest4 WHERE id BETWEEN 6413843 AND 6414842 ORDER BY c
	Sort  (cost=3950.13..3952.65 rows=1010 width=121)
	  Sort Key: c
	  ->  Bitmap Heap Scan on sbtest4  (cost=22.79..3899.73 rows=1010 width=121)
	        Recheck Cond: ((id >= 6413843) AND (id <= 6414842))
	        ->  Bitmap Index Scan on sbtest4_pkey  (cost=0.00..22.54 rows=1010 width=0)
	              Index Cond: ((id >= 6413843) AND (id <= 6414842))

table 5 : explain SELECT c FROM sbtest5 WHERE id BETWEEN 5627393 AND 5628392 ORDER BY c
	Sort  (cost=3663.05..3665.39 rows=935 width=121)
	  Sort Key: c
	  ->  Bitmap Heap Scan on sbtest5  (cost=22.02..3616.91 rows=935 width=121)
	        Recheck Cond: ((id >= 5627393) AND (id <= 5628392))
	        ->  Bitmap Index Scan on sbtest5_pkey  (cost=0.00..21.79 rows=935 width=0)
	              Index Cond: ((id >= 5627393) AND (id <= 5628392))

table 6 : explain SELECT c FROM sbtest6 WHERE id BETWEEN 6398132 AND 6399131 ORDER BY c
	Sort  (cost=3896.68..3899.17 rows=996 width=121)
	  Sort Key: c
	  ->  Bitmap Heap Scan on sbtest6  (cost=22.64..3847.08 rows=996 width=121)
	        Recheck Cond: ((id >= 6398132) AND (id <= 6399131))
	        ->  Bitmap Index Scan on sbtest6_pkey  (cost=0.00..22.39 rows=996 width=0)
	              Index Cond: ((id >= 6398132) AND (id <= 6399131))

table 7 : explain SELECT c FROM sbtest7 WHERE id BETWEEN 4618517 AND 4619516 ORDER BY c
	Sort  (cost=4226.52..4229.23 rows=1081 width=121)
	  Sort Key: c
	  ->  Bitmap Heap Scan on sbtest7  (cost=27.52..4172.05 rows=1081 width=121)
	        Recheck Cond: ((id >= 4618517) AND (id <= 4619516))
	        ->  Bitmap Index Scan on sbtest7_pkey  (cost=0.00..27.25 rows=1081 width=0)
	              Index Cond: ((id >= 4618517) AND (id <= 4619516))

table 8 : explain SELECT c FROM sbtest8 WHERE id BETWEEN 1261635 AND 1262634 ORDER BY c
	Sort  (cost=3951.21..3953.73 rows=1010 width=121)
	  Sort Key: c
	  ->  Bitmap Heap Scan on sbtest8  (cost=22.79..3900.81 rows=1010 width=121)
	        Recheck Cond: ((id >= 1261635) AND (id <= 1262634))
	        ->  Bitmap Index Scan on sbtest8_pkey  (cost=0.00..22.54 rows=1010 width=0)
	              Index Cond: ((id >= 1261635) AND (id <= 1262634))

for: distinct_ranges
table 1 : explain SELECT DISTINCT c FROM sbtest1 WHERE id BETWEEN 222628 AND 223627 ORDER BY c
	Unique  (cost=3699.15..3703.87 rows=945 width=121)
	  ->  Sort  (cost=3699.15..3701.51 rows=945 width=121)
	        Sort Key: c
	        ->  Bitmap Heap Scan on sbtest1  (cost=22.12..3652.45 rows=945 width=121)
	              Recheck Cond: ((id >= 222628) AND (id <= 223627))
	              ->  Bitmap Index Scan on sbtest1_pkey  (cost=0.00..21.89 rows=945 width=0)
	                    Index Cond: ((id >= 222628) AND (id <= 223627))

table 2 : explain SELECT DISTINCT c FROM sbtest2 WHERE id BETWEEN 1427821 AND 1428820 ORDER BY c
	Unique  (cost=3903.04..3908.03 rows=998 width=121)
	  ->  Sort  (cost=3903.04..3905.53 rows=998 width=121)
	        Sort Key: c
	        ->  Bitmap Heap Scan on sbtest2  (cost=22.66..3853.32 rows=998 width=121)
	              Recheck Cond: ((id >= 1427821) AND (id <= 1428820))
	              ->  Bitmap Index Scan on sbtest2_pkey  (cost=0.00..22.41 rows=998 width=0)
	                    Index Cond: ((id >= 1427821) AND (id <= 1428820))

table 3 : explain SELECT DISTINCT c FROM sbtest3 WHERE id BETWEEN 8349461 AND 8350460 ORDER BY c
	Unique  (cost=4143.72..4149.03 rows=1061 width=121)
	  ->  Sort  (cost=4143.72..4146.38 rows=1061 width=121)
	        Sort Key: c
	        ->  Bitmap Heap Scan on sbtest3  (cost=23.31..4090.40 rows=1061 width=121)
	              Recheck Cond: ((id >= 8349461) AND (id <= 8350460))
	              ->  Bitmap Index Scan on sbtest3_pkey  (cost=0.00..23.04 rows=1061 width=0)
	                    Index Cond: ((id >= 8349461) AND (id <= 8350460))

table 4 : explain SELECT DISTINCT c FROM sbtest4 WHERE id BETWEEN 4731488 AND 4732487 ORDER BY c
	Unique  (cost=3731.99..3736.76 rows=953 width=121)
	  ->  Sort  (cost=3731.99..3734.38 rows=953 width=121)
	        Sort Key: c
	        ->  Bitmap Heap Scan on sbtest4  (cost=22.20..3684.84 rows=953 width=121)
	              Recheck Cond: ((id >= 4731488) AND (id <= 4732487))
	              ->  Bitmap Index Scan on sbtest4_pkey  (cost=0.00..21.96 rows=953 width=0)
	                    Index Cond: ((id >= 4731488) AND (id <= 4732487))

table 5 : explain SELECT DISTINCT c FROM sbtest5 WHERE id BETWEEN 8871140 AND 8872139 ORDER BY c
	Unique  (cost=3762.66..3767.46 rows=961 width=121)
	  ->  Sort  (cost=3762.66..3765.06 rows=961 width=121)
	        Sort Key: c
	        ->  Bitmap Heap Scan on sbtest5  (cost=22.29..3715.05 rows=961 width=121)
	              Recheck Cond: ((id >= 8871140) AND (id <= 8872139))
	              ->  Bitmap Index Scan on sbtest5_pkey  (cost=0.00..22.04 rows=961 width=0)
	                    Index Cond: ((id >= 8871140) AND (id <= 8872139))

table 6 : explain SELECT DISTINCT c FROM sbtest6 WHERE id BETWEEN 8582162 AND 8583161 ORDER BY c
	Unique  (cost=4129.80..4135.08 rows=1057 width=121)
	  ->  Sort  (cost=4129.80..4132.44 rows=1057 width=121)
	        Sort Key: c
	        ->  Bitmap Heap Scan on sbtest6  (cost=23.27..4076.70 rows=1057 width=121)
	              Recheck Cond: ((id >= 8582162) AND (id <= 8583161))
	              ->  Bitmap Index Scan on sbtest6_pkey  (cost=0.00..23.00 rows=1057 width=0)
	                    Index Cond: ((id >= 8582162) AND (id <= 8583161))

table 7 : explain SELECT DISTINCT c FROM sbtest7 WHERE id BETWEEN 2614777 AND 2615776 ORDER BY c
	Unique  (cost=4023.90..4029.05 rows=1029 width=121)
	  ->  Sort  (cost=4023.90..4026.47 rows=1029 width=121)
	        Sort Key: c
	        ->  Bitmap Heap Scan on sbtest7  (cost=22.98..3972.41 rows=1029 width=121)
	              Recheck Cond: ((id >= 2614777) AND (id <= 2615776))
	              ->  Bitmap Index Scan on sbtest7_pkey  (cost=0.00..22.72 rows=1029 width=0)
	                    Index Cond: ((id >= 2614777) AND (id <= 2615776))

table 8 : explain SELECT DISTINCT c FROM sbtest8 WHERE id BETWEEN 4473120 AND 4474119 ORDER BY c
	Unique  (cost=3663.99..3668.67 rows=935 width=121)
	  ->  Sort  (cost=3663.99..3666.33 rows=935 width=121)
	        Sort Key: c
	        ->  Bitmap Heap Scan on sbtest8  (cost=22.02..3617.86 rows=935 width=121)
	              Recheck Cond: ((id >= 4473120) AND (id <= 4474119))
	              ->  Bitmap Index Scan on sbtest8_pkey  (cost=0.00..21.79 rows=935 width=0)
	                    Index Cond: ((id >= 4473120) AND (id <= 4474119))

for: simple_ranges
table 1 : explain SELECT c FROM sbtest1 WHERE id BETWEEN 8614729 AND 8615728
	Bitmap Heap Scan on sbtest1  (cost=22.32..3724.08 rows=964 width=121)
	  Recheck Cond: ((id >= 8614729) AND (id <= 8615728))
	  ->  Bitmap Index Scan on sbtest1_pkey  (cost=0.00..22.07 rows=964 width=0)
	        Index Cond: ((id >= 8614729) AND (id <= 8615728))

table 2 : explain SELECT c FROM sbtest2 WHERE id BETWEEN 8037498 AND 8038497
	Bitmap Heap Scan on sbtest2  (cost=22.25..3702.58 rows=958 width=121)
	  Recheck Cond: ((id >= 8037498) AND (id <= 8038497))
	  ->  Bitmap Index Scan on sbtest2_pkey  (cost=0.00..22.01 rows=958 width=0)
	        Index Cond: ((id >= 8037498) AND (id <= 8038497))

table 3 : explain SELECT c FROM sbtest3 WHERE id BETWEEN 9152800 AND 9153799
	Bitmap Heap Scan on sbtest3  (cost=22.79..3898.58 rows=1010 width=121)
	  Recheck Cond: ((id >= 9152800) AND (id <= 9153799))
	  ->  Bitmap Index Scan on sbtest3_pkey  (cost=0.00..22.54 rows=1010 width=0)
	        Index Cond: ((id >= 9152800) AND (id <= 9153799))

table 4 : explain SELECT c FROM sbtest4 WHERE id BETWEEN 788746 AND 789745
	Bitmap Heap Scan on sbtest4  (cost=22.82..3911.02 rows=1013 width=121)
	  Recheck Cond: ((id >= 788746) AND (id <= 789745))
	  ->  Bitmap Index Scan on sbtest4_pkey  (cost=0.00..22.57 rows=1013 width=0)
	        Index Cond: ((id >= 788746) AND (id <= 789745))

table 5 : explain SELECT c FROM sbtest5 WHERE id BETWEEN 6850963 AND 6851962
	Bitmap Heap Scan on sbtest5  (cost=22.72..3873.38 rows=1003 width=121)
	  Recheck Cond: ((id >= 6850963) AND (id <= 6851962))
	  ->  Bitmap Index Scan on sbtest5_pkey  (cost=0.00..22.46 rows=1003 width=0)
	        Index Cond: ((id >= 6850963) AND (id <= 6851962))

table 6 : explain SELECT c FROM sbtest6 WHERE id BETWEEN 4906465 AND 4907464
	Bitmap Heap Scan on sbtest6  (cost=21.77..3526.31 rows=911 width=121)
	  Recheck Cond: ((id >= 4906465) AND (id <= 4907464))
	  ->  Bitmap Index Scan on sbtest6_pkey  (cost=0.00..21.54 rows=911 width=0)
	        Index Cond: ((id >= 4906465) AND (id <= 4907464))

table 7 : explain SELECT c FROM sbtest7 WHERE id BETWEEN 7004070 AND 7005069
	Bitmap Heap Scan on sbtest7  (cost=23.04..3995.01 rows=1035 width=121)
	  Recheck Cond: ((id >= 7004070) AND (id <= 7005069))
	  ->  Bitmap Index Scan on sbtest7_pkey  (cost=0.00..22.79 rows=1035 width=0)
	        Index Cond: ((id >= 7004070) AND (id <= 7005069))

table 8 : explain SELECT c FROM sbtest8 WHERE id BETWEEN 17893 AND 18892
	Bitmap Heap Scan on sbtest8  (cost=27.47..4156.97 rows=1077 width=121)
	  Recheck Cond: ((id >= 17893) AND (id <= 18892))
	  ->  Bitmap Index Scan on sbtest8_pkey  (cost=0.00..27.20 rows=1077 width=0)
	        Index Cond: ((id >= 17893) AND (id <= 18892))

explain: for point_selects :: explain SELECT c FROM sbtest%u WHERE id=%u
for: distinct_ranges
table 1 : explain SELECT DISTINCT c FROM sbtest1 WHERE id BETWEEN 506277 AND 507276 ORDER BY c
	Unique  (cost=3568.93..3573.48 rows=911 width=121)
	  ->  Sort  (cost=3568.93..3571.20 rows=911 width=121)
	        Sort Key: c
	        ->  Bitmap Heap Scan on sbtest1  (cost=21.77..3524.15 rows=911 width=121)
	              Recheck Cond: ((id >= 506277) AND (id <= 507276))
	              ->  Bitmap Index Scan on sbtest1_pkey  (cost=0.00..21.54 rows=911 width=0)
	                    Index Cond: ((id >= 506277) AND (id <= 507276))

table 2 : explain SELECT DISTINCT c FROM sbtest2 WHERE id BETWEEN 8418354 AND 8419353 ORDER BY c
	Unique  (cost=4006.22..4011.34 rows=1025 width=121)
	  ->  Sort  (cost=4006.22..4008.78 rows=1025 width=121)
	        Sort Key: c
	        ->  Bitmap Heap Scan on sbtest2  (cost=22.94..3954.96 rows=1025 width=121)
	              Recheck Cond: ((id >= 8418354) AND (id <= 8419353))
	              ->  Bitmap Index Scan on sbtest2_pkey  (cost=0.00..22.68 rows=1025 width=0)
	                    Index Cond: ((id >= 8418354) AND (id <= 8419353))

table 3 : explain SELECT DISTINCT c FROM sbtest3 WHERE id BETWEEN 7805353 AND 7806352 ORDER BY c
	Unique  (cost=4277.38..4282.86 rows=1095 width=121)
	  ->  Sort  (cost=4277.38..4280.12 rows=1095 width=121)
	        Sort Key: c
	        ->  Bitmap Heap Scan on sbtest3  (cost=27.66..4222.10 rows=1095 width=121)
	              Recheck Cond: ((id >= 7805353) AND (id <= 7806352))
	              ->  Bitmap Index Scan on sbtest3_pkey  (cost=0.00..27.39 rows=1095 width=0)
	                    Index Cond: ((id >= 7805353) AND (id <= 7806352))

table 4 : explain SELECT DISTINCT c FROM sbtest4 WHERE id BETWEEN 477039 AND 478038 ORDER BY c
	Unique  (cost=4152.60..4157.91 rows=1063 width=121)
	  ->  Sort  (cost=4152.60..4155.25 rows=1063 width=121)
	        Sort Key: c
	        ->  Bitmap Heap Scan on sbtest4  (cost=23.33..4099.16 rows=1063 width=121)
	              Recheck Cond: ((id >= 477039) AND (id <= 478038))
	              ->  Bitmap Index Scan on sbtest4_pkey  (cost=0.00..23.07 rows=1063 width=0)
	                    Index Cond: ((id >= 477039) AND (id <= 478038))

table 5 : explain SELECT DISTINCT c FROM sbtest5 WHERE id BETWEEN 1097287 AND 1098286 ORDER BY c
	Unique  (cost=4129.72..4135.00 rows=1057 width=121)
	  ->  Sort  (cost=4129.72..4132.36 rows=1057 width=121)
	        Sort Key: c
	        ->  Bitmap Heap Scan on sbtest5  (cost=23.27..4076.63 rows=1057 width=121)
	              Recheck Cond: ((id >= 1097287) AND (id <= 1098286))
	              ->  Bitmap Index Scan on sbtest5_pkey  (cost=0.00..23.00 rows=1057 width=0)
	                    Index Cond: ((id >= 1097287) AND (id <= 1098286))

table 6 : explain SELECT DISTINCT c FROM sbtest6 WHERE id BETWEEN 9546386 AND 9547385 ORDER BY c
	Unique  (cost=3843.12..3848.03 rows=982 width=121)
	  ->  Sort  (cost=3843.12..3845.57 rows=982 width=121)
	        Sort Key: c
	        ->  Bitmap Heap Scan on sbtest6  (cost=22.50..3794.31 rows=982 width=121)
	              Recheck Cond: ((id >= 9546386) AND (id <= 9547385))
	              ->  Bitmap Index Scan on sbtest6_pkey  (cost=0.00..22.25 rows=982 width=0)
	                    Index Cond: ((id >= 9546386) AND (id <= 9547385))

table 7 : explain SELECT DISTINCT c FROM sbtest7 WHERE id BETWEEN 4603740 AND 4604739 ORDER BY c
	Unique  (cost=4226.52..4231.93 rows=1081 width=121)
	  ->  Sort  (cost=4226.52..4229.23 rows=1081 width=121)
	        Sort Key: c
	        ->  Bitmap Heap Scan on sbtest7  (cost=27.52..4172.05 rows=1081 width=121)
	              Recheck Cond: ((id >= 4603740) AND (id <= 4604739))
	              ->  Bitmap Index Scan on sbtest7_pkey  (cost=0.00..27.25 rows=1081 width=0)
	                    Index Cond: ((id >= 4603740) AND (id <= 4604739))

table 8 : explain SELECT DISTINCT c FROM sbtest8 WHERE id BETWEEN 3739329 AND 3740328 ORDER BY c
	Unique  (cost=3882.34..3887.30 rows=992 width=121)
	  ->  Sort  (cost=3882.34..3884.82 rows=992 width=121)
	        Sort Key: c
	        ->  Bitmap Heap Scan on sbtest8  (cost=22.60..3832.97 rows=992 width=121)
	              Recheck Cond: ((id >= 3739329) AND (id <= 3740328))
	              ->  Bitmap Index Scan on sbtest8_pkey  (cost=0.00..22.36 rows=992 width=0)
	                    Index Cond: ((id >= 3739329) AND (id <= 3740328))

for: order_ranges
table 1 : explain SELECT c FROM sbtest1 WHERE id BETWEEN 1399605 AND 1400604 ORDER BY c
	Sort  (cost=3825.40..3827.85 rows=978 width=121)
	  Sort Key: c
	  ->  Bitmap Heap Scan on sbtest1  (cost=22.46..3776.82 rows=978 width=121)
	        Recheck Cond: ((id >= 1399605) AND (id <= 1400604))
	        ->  Bitmap Index Scan on sbtest1_pkey  (cost=0.00..22.21 rows=978 width=0)
	              Index Cond: ((id >= 1399605) AND (id <= 1400604))

table 2 : explain SELECT c FROM sbtest2 WHERE id BETWEEN 6042409 AND 6043408 ORDER BY c
	Sort  (cost=3715.56..3717.93 rows=949 width=121)
	  Sort Key: c
	  ->  Bitmap Heap Scan on sbtest2  (cost=22.16..3668.63 rows=949 width=121)
	        Recheck Cond: ((id >= 6042409) AND (id <= 6043408))
	        ->  Bitmap Index Scan on sbtest2_pkey  (cost=0.00..21.93 rows=949 width=0)
	              Index Cond: ((id >= 6042409) AND (id <= 6043408))

table 3 : explain SELECT c FROM sbtest3 WHERE id BETWEEN 5435707 AND 5436706 ORDER BY c
	Sort  (cost=3807.49..3809.92 rows=973 width=121)
	  Sort Key: c
	  ->  Bitmap Heap Scan on sbtest3  (cost=22.41..3759.20 rows=973 width=121)
	        Recheck Cond: ((id >= 5435707) AND (id <= 5436706))
	        ->  Bitmap Index Scan on sbtest3_pkey  (cost=0.00..22.16 rows=973 width=0)
	              Index Cond: ((id >= 5435707) AND (id <= 5436706))

table 4 : explain SELECT c FROM sbtest4 WHERE id BETWEEN 8534340 AND 8535339 ORDER BY c
	Sort  (cost=4358.82..4361.61 rows=1117 width=121)
	  Sort Key: c
	  ->  Bitmap Heap Scan on sbtest4  (cost=27.88..4302.27 rows=1117 width=121)
	        Recheck Cond: ((id >= 8534340) AND (id <= 8535339))
	        ->  Bitmap Index Scan on sbtest4_pkey  (cost=0.00..27.61 rows=1117 width=0)
	              Index Cond: ((id >= 8534340) AND (id <= 8535339))

table 5 : explain SELECT c FROM sbtest5 WHERE id BETWEEN 7349221 AND 7350220 ORDER BY c
	Sort  (cost=4213.68..4216.38 rows=1079 width=121)
	  Sort Key: c
	  ->  Bitmap Heap Scan on sbtest5  (cost=23.49..4159.32 rows=1079 width=121)
	        Recheck Cond: ((id >= 7349221) AND (id <= 7350220))
	        ->  Bitmap Index Scan on sbtest5_pkey  (cost=0.00..23.22 rows=1079 width=0)
	              Index Cond: ((id >= 7349221) AND (id <= 7350220))

table 6 : explain SELECT c FROM sbtest6 WHERE id BETWEEN 1431422 AND 1432421 ORDER BY c
	Sort  (cost=3643.95..3646.27 rows=930 width=121)
	  Sort Key: c
	  ->  Bitmap Heap Scan on sbtest6  (cost=21.97..3598.09 rows=930 width=121)
	        Recheck Cond: ((id >= 1431422) AND (id <= 1432421))
	        ->  Bitmap Index Scan on sbtest6_pkey  (cost=0.00..21.73 rows=930 width=0)
	              Index Cond: ((id >= 1431422) AND (id <= 1432421))

table 7 : explain SELECT c FROM sbtest7 WHERE id BETWEEN 6344801 AND 6345800 ORDER BY c
	Sort  (cost=3790.49..3792.91 rows=968 width=121)
	  Sort Key: c
	  ->  Bitmap Heap Scan on sbtest7  (cost=22.36..3742.48 rows=968 width=121)
	        Recheck Cond: ((id >= 6344801) AND (id <= 6345800))
	        ->  Bitmap Index Scan on sbtest7_pkey  (cost=0.00..22.11 rows=968 width=0)
	              Index Cond: ((id >= 6344801) AND (id <= 6345800))

table 8 : explain SELECT c FROM sbtest8 WHERE id BETWEEN 7883525 AND 7884524 ORDER BY c
	Sort  (cost=4375.33..4378.13 rows=1121 width=121)
	  Sort Key: c
	  ->  Bitmap Heap Scan on sbtest8  (cost=27.93..4318.54 rows=1121 width=121)
	        Recheck Cond: ((id >= 7883525) AND (id <= 7884524))
	        ->  Bitmap Index Scan on sbtest8_pkey  (cost=0.00..27.64 rows=1121 width=0)
	              Index Cond: ((id >= 7883525) AND (id <= 7884524))

for: order_ranges
table 1 : explain SELECT c FROM sbtest1 WHERE id BETWEEN 8451058 AND 8452057 ORDER BY c
	Sort  (cost=4027.88..4030.46 rows=1031 width=121)
	  Sort Key: c
	  ->  Bitmap Heap Scan on sbtest1  (cost=23.00..3976.28 rows=1031 width=121)
	        Recheck Cond: ((id >= 8451058) AND (id <= 8452057))
	        ->  Bitmap Index Scan on sbtest1_pkey  (cost=0.00..22.75 rows=1031 width=0)
	              Index Cond: ((id >= 8451058) AND (id <= 8452057))

table 2 : explain SELECT c FROM sbtest2 WHERE id BETWEEN 3917414 AND 3918413 ORDER BY c
	Sort  (cost=4006.22..4008.78 rows=1025 width=121)
	  Sort Key: c
	  ->  Bitmap Heap Scan on sbtest2  (cost=22.94..3954.96 rows=1025 width=121)
	        Recheck Cond: ((id >= 3917414) AND (id <= 3918413))
	        ->  Bitmap Index Scan on sbtest2_pkey  (cost=0.00..22.68 rows=1025 width=0)
	              Index Cond: ((id >= 3917414) AND (id <= 3918413))

table 3 : explain SELECT c FROM sbtest3 WHERE id BETWEEN 9657441 AND 9658440 ORDER BY c
	Sort  (cost=4052.12..4054.71 rows=1037 width=121)
	  Sort Key: c
	  ->  Bitmap Heap Scan on sbtest3  (cost=23.06..4000.17 rows=1037 width=121)
	        Recheck Cond: ((id >= 9657441) AND (id <= 9658440))
	        ->  Bitmap Index Scan on sbtest3_pkey  (cost=0.00..22.80 rows=1037 width=0)
	              Index Cond: ((id >= 9657441) AND (id <= 9658440))

table 4 : explain SELECT c FROM sbtest4 WHERE id BETWEEN 6633794 AND 6634793 ORDER BY c
	Sort  (cost=3455.88..3458.08 rows=881 width=121)
	  Sort Key: c
	  ->  Bitmap Heap Scan on sbtest4  (cost=21.47..3412.79 rows=881 width=121)
	        Recheck Cond: ((id >= 6633794) AND (id <= 6634793))
	        ->  Bitmap Index Scan on sbtest4_pkey  (cost=0.00..21.25 rows=881 width=0)
	              Index Cond: ((id >= 6633794) AND (id <= 6634793))

table 5 : explain SELECT c FROM sbtest5 WHERE id BETWEEN 8320870 AND 8321869 ORDER BY c
	Sort  (cost=3957.80..3960.33 rows=1012 width=121)
	  Sort Key: c
	  ->  Bitmap Heap Scan on sbtest5  (cost=22.81..3907.28 rows=1012 width=121)
	        Recheck Cond: ((id >= 8320870) AND (id <= 8321869))
	        ->  Bitmap Index Scan on sbtest5_pkey  (cost=0.00..22.55 rows=1012 width=0)
	              Index Cond: ((id >= 8320870) AND (id <= 8321869))

table 6 : explain SELECT c FROM sbtest6 WHERE id BETWEEN 1964779 AND 1965778 ORDER BY c
	Sort  (cost=3728.25..3730.63 rows=952 width=121)
	  Sort Key: c
	  ->  Bitmap Heap Scan on sbtest6  (cost=22.19..3681.15 rows=952 width=121)
	        Recheck Cond: ((id >= 1964779) AND (id <= 1965778))
	        ->  Bitmap Index Scan on sbtest6_pkey  (cost=0.00..21.95 rows=952 width=0)
	              Index Cond: ((id >= 1964779) AND (id <= 1965778))

table 7 : explain SELECT c FROM sbtest7 WHERE id BETWEEN 1894377 AND 1895376 ORDER BY c
	Sort  (cost=3782.83..3785.24 rows=966 width=121)
	  Sort Key: c
	  ->  Bitmap Heap Scan on sbtest7  (cost=22.34..3734.93 rows=966 width=121)
	        Recheck Cond: ((id >= 1894377) AND (id <= 1895376))
	        ->  Bitmap Index Scan on sbtest7_pkey  (cost=0.00..22.09 rows=966 width=0)
	              Index Cond: ((id >= 1894377) AND (id <= 1895376))

table 8 : explain SELECT c FROM sbtest8 WHERE id BETWEEN 6535655 AND 6536654 ORDER BY c
	Sort  (cost=3752.15..3754.54 rows=958 width=121)
	  Sort Key: c
	  ->  Bitmap Heap Scan on sbtest8  (cost=22.25..3704.71 rows=958 width=121)
	        Recheck Cond: ((id >= 6535655) AND (id <= 6536654))
	        ->  Bitmap Index Scan on sbtest8_pkey  (cost=0.00..22.01 rows=958 width=0)
	              Index Cond: ((id >= 6535655) AND (id <= 6536654))

for: order_ranges
table 1 : explain SELECT c FROM sbtest1 WHERE id BETWEEN 2321096 AND 2322095 ORDER BY c
	Sort  (cost=3407.86..3410.03 rows=869 width=121)
	  Sort Key: c
	  ->  Bitmap Heap Scan on sbtest1  (cost=21.34..3365.44 rows=869 width=121)
	        Recheck Cond: ((id >= 2321096) AND (id <= 2322095))
	        ->  Bitmap Index Scan on sbtest1_pkey  (cost=0.00..21.12 rows=869 width=0)
	              Index Cond: ((id >= 2321096) AND (id <= 2322095))

table 2 : explain SELECT c FROM sbtest2 WHERE id BETWEEN 770865 AND 771864 ORDER BY c
	Sort  (cost=3979.48..3982.02 rows=1018 width=121)
	  Sort Key: c
	  ->  Bitmap Heap Scan on sbtest2  (cost=22.87..3928.62 rows=1018 width=121)
	        Recheck Cond: ((id >= 770865) AND (id <= 771864))
	        ->  Bitmap Index Scan on sbtest2_pkey  (cost=0.00..22.61 rows=1018 width=0)
	              Index Cond: ((id >= 770865) AND (id <= 771864))

table 3 : explain SELECT c FROM sbtest3 WHERE id BETWEEN 2880959 AND 2881958 ORDER BY c
	Sort  (cost=4094.11..4096.73 rows=1048 width=121)
	  Sort Key: c
	  ->  Bitmap Heap Scan on sbtest3  (cost=23.18..4041.54 rows=1048 width=121)
	        Recheck Cond: ((id >= 2880959) AND (id <= 2881958))
	        ->  Bitmap Index Scan on sbtest3_pkey  (cost=0.00..22.91 rows=1048 width=0)
	              Index Cond: ((id >= 2880959) AND (id <= 2881958))

table 4 : explain SELECT c FROM sbtest4 WHERE id BETWEEN 2309369 AND 2310368 ORDER BY c
	Sort  (cost=3728.16..3730.54 rows=952 width=121)
	  Sort Key: c
	  ->  Bitmap Heap Scan on sbtest4  (cost=22.19..3681.07 rows=952 width=121)
	        Recheck Cond: ((id >= 2309369) AND (id <= 2310368))
	        ->  Bitmap Index Scan on sbtest4_pkey  (cost=0.00..21.95 rows=952 width=0)
	              Index Cond: ((id >= 2309369) AND (id <= 2310368))

table 5 : explain SELECT c FROM sbtest5 WHERE id BETWEEN 5126669 AND 5127668 ORDER BY c
	Sort  (cost=4114.45..4117.08 rows=1053 width=121)
	  Sort Key: c
	  ->  Bitmap Heap Scan on sbtest5  (cost=23.23..4061.58 rows=1053 width=121)
	        Recheck Cond: ((id >= 5126669) AND (id <= 5127668))
	        ->  Bitmap Index Scan on sbtest5_pkey  (cost=0.00..22.96 rows=1053 width=0)
	              Index Cond: ((id >= 5126669) AND (id <= 5127668))

table 6 : explain SELECT c FROM sbtest6 WHERE id BETWEEN 1662678 AND 1663677 ORDER BY c
	Sort  (cost=3946.40..3948.92 rows=1009 width=121)
	  Sort Key: c
	  ->  Bitmap Heap Scan on sbtest6  (cost=22.78..3896.06 rows=1009 width=121)
	        Recheck Cond: ((id >= 1662678) AND (id <= 1663677))
	        ->  Bitmap Index Scan on sbtest6_pkey  (cost=0.00..22.52 rows=1009 width=0)
	              Index Cond: ((id >= 1662678) AND (id <= 1663677))

table 7 : explain SELECT c FROM sbtest7 WHERE id BETWEEN 955867 AND 956866 ORDER BY c
	Sort  (cost=3935.95..3938.46 rows=1006 width=121)
	  Sort Key: c
	  ->  Bitmap Heap Scan on sbtest7  (cost=22.75..3885.77 rows=1006 width=121)
	        Recheck Cond: ((id >= 955867) AND (id <= 956866))
	        ->  Bitmap Index Scan on sbtest7_pkey  (cost=0.00..22.50 rows=1006 width=0)
	              Index Cond: ((id >= 955867) AND (id <= 956866))

table 8 : explain SELECT c FROM sbtest8 WHERE id BETWEEN 5283099 AND 5284098 ORDER BY c
	Sort  (cost=3897.65..3900.14 rows=996 width=121)
	  Sort Key: c
	  ->  Bitmap Heap Scan on sbtest8  (cost=22.64..3848.05 rows=996 width=121)
	        Recheck Cond: ((id >= 5283099) AND (id <= 5284098))
	        ->  Bitmap Index Scan on sbtest8_pkey  (cost=0.00..22.39 rows=996 width=0)
	              Index Cond: ((id >= 5283099) AND (id <= 5284098))

explain: for point_selects :: explain SELECT c FROM sbtest%u WHERE id=%u
for point_selects
table 1 : explain SELECT c FROM sbtest1 WHERE id=9365220
	Index Scan using sbtest1_pkey on sbtest1  (cost=0.43..8.45 rows=1 width=121)
	  Index Cond: (id = 9365220)

table 2 : explain SELECT c FROM sbtest2 WHERE id=4787997
	Index Scan using sbtest2_pkey on sbtest2  (cost=0.43..8.45 rows=1 width=121)
	  Index Cond: (id = 4787997)

table 3 : explain SELECT c FROM sbtest3 WHERE id=1823250
	Index Scan using sbtest3_pkey on sbtest3  (cost=0.43..8.45 rows=1 width=121)
	  Index Cond: (id = 1823250)

table 4 : explain SELECT c FROM sbtest4 WHERE id=4559281
	Index Scan using sbtest4_pkey on sbtest4  (cost=0.43..8.45 rows=1 width=121)
	  Index Cond: (id = 4559281)

table 5 : explain SELECT c FROM sbtest5 WHERE id=5909734
	Index Scan using sbtest5_pkey on sbtest5  (cost=0.43..8.45 rows=1 width=121)
	  Index Cond: (id = 5909734)

table 6 : explain SELECT c FROM sbtest6 WHERE id=4740472
	Index Scan using sbtest6_pkey on sbtest6  (cost=0.43..8.45 rows=1 width=121)
	  Index Cond: (id = 4740472)

table 7 : explain SELECT c FROM sbtest7 WHERE id=7458790
	Index Scan using sbtest7_pkey on sbtest7  (cost=0.43..8.45 rows=1 width=121)
	  Index Cond: (id = 7458790)

table 8 : explain SELECT c FROM sbtest8 WHERE id=6312836
	Index Scan using sbtest8_pkey on sbtest8  (cost=0.43..8.45 rows=1 width=121)
	  Index Cond: (id = 6312836)

for: sum_ranges
table 1 : explain SELECT SUM(k) FROM sbtest1 WHERE id BETWEEN 6828231 AND 6829230
	Aggregate  (cost=3993.91..3993.92 rows=1 width=8)
	  ->  Bitmap Heap Scan on sbtest1  (cost=23.04..3991.32 rows=1035 width=4)
	        Recheck Cond: ((id >= 6828231) AND (id <= 6829230))
	        ->  Bitmap Index Scan on sbtest1_pkey  (cost=0.00..22.79 rows=1035 width=0)
	              Index Cond: ((id >= 6828231) AND (id <= 6829230))

table 2 : explain SELECT SUM(k) FROM sbtest2 WHERE id BETWEEN 7604742 AND 7605741
	Aggregate  (cost=3874.66..3874.67 rows=1 width=8)
	  ->  Bitmap Heap Scan on sbtest2  (cost=22.72..3872.15 rows=1003 width=4)
	        Recheck Cond: ((id >= 7604742) AND (id <= 7605741))
	        ->  Bitmap Index Scan on sbtest2_pkey  (cost=0.00..22.46 rows=1003 width=0)
	              Index Cond: ((id >= 7604742) AND (id <= 7605741))

table 3 : explain SELECT SUM(k) FROM sbtest3 WHERE id BETWEEN 4181494 AND 4182493
	Aggregate  (cost=3927.47..3927.48 rows=1 width=8)
	  ->  Bitmap Heap Scan on sbtest3  (cost=22.86..3924.93 rows=1017 width=4)
	        Recheck Cond: ((id >= 4181494) AND (id <= 4182493))
	        ->  Bitmap Index Scan on sbtest3_pkey  (cost=0.00..22.61 rows=1017 width=0)
	              Index Cond: ((id >= 4181494) AND (id <= 4182493))

table 4 : explain SELECT SUM(k) FROM sbtest4 WHERE id BETWEEN 698264 AND 699263
	Aggregate  (cost=3913.56..3913.57 rows=1 width=8)
	  ->  Bitmap Heap Scan on sbtest4  (cost=22.82..3911.02 rows=1013 width=4)
	        Recheck Cond: ((id >= 698264) AND (id <= 699263))
	        ->  Bitmap Index Scan on sbtest4_pkey  (cost=0.00..22.57 rows=1013 width=0)
	              Index Cond: ((id >= 698264) AND (id <= 699263))

table 5 : explain SELECT SUM(k) FROM sbtest5 WHERE id BETWEEN 1007352 AND 1008351
	Aggregate  (cost=3634.36..3634.37 rows=1 width=8)
	  ->  Bitmap Heap Scan on sbtest5  (cost=22.06..3632.02 rows=939 width=4)
	        Recheck Cond: ((id >= 1007352) AND (id <= 1008351))
	        ->  Bitmap Index Scan on sbtest5_pkey  (cost=0.00..21.82 rows=939 width=0)
	              Index Cond: ((id >= 1007352) AND (id <= 1008351))

table 6 : explain SELECT SUM(k) FROM sbtest6 WHERE id BETWEEN 3045886 AND 3046885
	Aggregate  (cost=3505.89..3505.90 rows=1 width=8)
	  ->  Bitmap Heap Scan on sbtest6  (cost=21.71..3503.63 rows=905 width=4)
	        Recheck Cond: ((id >= 3045886) AND (id <= 3046885))
	        ->  Bitmap Index Scan on sbtest6_pkey  (cost=0.00..21.48 rows=905 width=0)
	              Index Cond: ((id >= 3045886) AND (id <= 3046885))

table 7 : explain SELECT SUM(k) FROM sbtest7 WHERE id BETWEEN 6948260 AND 6949259
	Aggregate  (cost=3654.24..3654.25 rows=1 width=8)
	  ->  Bitmap Heap Scan on sbtest7  (cost=22.11..3651.88 rows=944 width=4)
	        Recheck Cond: ((id >= 6948260) AND (id <= 6949259))
	        ->  Bitmap Index Scan on sbtest7_pkey  (cost=0.00..21.87 rows=944 width=0)
	              Index Cond: ((id >= 6948260) AND (id <= 6949259))

table 8 : explain SELECT SUM(k) FROM sbtest8 WHERE id BETWEEN 6765536 AND 6766535
	Aggregate  (cost=3725.99..3726.00 rows=1 width=8)
	  ->  Bitmap Heap Scan on sbtest8  (cost=22.31..3723.58 rows=963 width=4)
	        Recheck Cond: ((id >= 6765536) AND (id <= 6766535))
	        ->  Bitmap Index Scan on sbtest8_pkey  (cost=0.00..22.07 rows=963 width=0)
	              Index Cond: ((id >= 6765536) AND (id <= 6766535))

for: distinct_ranges
table 1 : explain SELECT DISTINCT c FROM sbtest1 WHERE id BETWEEN 2074807 AND 2075806 ORDER BY c
	Unique  (cost=3672.35..3677.04 rows=938 width=121)
	  ->  Sort  (cost=3672.35..3674.70 rows=938 width=121)
	        Sort Key: c
	        ->  Bitmap Heap Scan on sbtest1  (cost=22.05..3626.04 rows=938 width=121)
	              Recheck Cond: ((id >= 2074807) AND (id <= 2075806))
	              ->  Bitmap Index Scan on sbtest1_pkey  (cost=0.00..21.82 rows=938 width=0)
	                    Index Cond: ((id >= 2074807) AND (id <= 2075806))

table 2 : explain SELECT DISTINCT c FROM sbtest2 WHERE id BETWEEN 9599335 AND 9600334 ORDER BY c
	Unique  (cost=4223.75..4229.16 rows=1082 width=121)
	  ->  Sort  (cost=4223.75..4226.45 rows=1082 width=121)
	        Sort Key: c
	        ->  Bitmap Heap Scan on sbtest2  (cost=23.53..4169.22 rows=1082 width=121)
	              Recheck Cond: ((id >= 9599335) AND (id <= 9600334))
	              ->  Bitmap Index Scan on sbtest2_pkey  (cost=0.00..23.25 rows=1082 width=0)
	                    Index Cond: ((id >= 9599335) AND (id <= 9600334))

table 3 : explain SELECT DISTINCT c FROM sbtest3 WHERE id BETWEEN 6712163 AND 6713162 ORDER BY c
	Unique  (cost=3723.28..3728.04 rows=951 width=121)
	  ->  Sort  (cost=3723.28..3725.66 rows=951 width=121)
	        Sort Key: c
	        ->  Bitmap Heap Scan on sbtest3  (cost=22.18..3676.24 rows=951 width=121)
	              Recheck Cond: ((id >= 6712163) AND (id <= 6713162))
	              ->  Bitmap Index Scan on sbtest3_pkey  (cost=0.00..21.94 rows=951 width=0)
	                    Index Cond: ((id >= 6712163) AND (id <= 6713162))

table 4 : explain SELECT DISTINCT c FROM sbtest4 WHERE id BETWEEN 3540614 AND 3541613 ORDER BY c
	Unique  (cost=3636.20..3640.84 rows=928 width=121)
	  ->  Sort  (cost=3636.20..3638.52 rows=928 width=121)
	        Sort Key: c
	        ->  Bitmap Heap Scan on sbtest4  (cost=21.95..3590.46 rows=928 width=121)
	              Recheck Cond: ((id >= 3540614) AND (id <= 3541613))
	              ->  Bitmap Index Scan on sbtest4_pkey  (cost=0.00..21.71 rows=928 width=0)
	                    Index Cond: ((id >= 3540614) AND (id <= 3541613))

table 5 : explain SELECT DISTINCT c FROM sbtest5 WHERE id BETWEEN 7787473 AND 7788472 ORDER BY c
	Unique  (cost=3953.97..3959.03 rows=1011 width=121)
	  ->  Sort  (cost=3953.97..3956.50 rows=1011 width=121)
	        Sort Key: c
	        ->  Bitmap Heap Scan on sbtest5  (cost=22.80..3903.52 rows=1011 width=121)
	              Recheck Cond: ((id >= 7787473) AND (id <= 7788472))
	              ->  Bitmap Index Scan on sbtest5_pkey  (cost=0.00..22.54 rows=1011 width=0)
	                    Index Cond: ((id >= 7787473) AND (id <= 7788472))

table 6 : explain SELECT DISTINCT c FROM sbtest6 WHERE id BETWEEN 6943984 AND 6944983 ORDER BY c
	Unique  (cost=4026.67..4031.82 rows=1030 width=121)
	  ->  Sort  (cost=4026.67..4029.24 rows=1030 width=121)
	        Sort Key: c
	        ->  Bitmap Heap Scan on sbtest6  (cost=22.99..3975.13 rows=1030 width=121)
	              Recheck Cond: ((id >= 6943984) AND (id <= 6944983))
	              ->  Bitmap Index Scan on sbtest6_pkey  (cost=0.00..22.73 rows=1030 width=0)
	                    Index Cond: ((id >= 6943984) AND (id <= 6944983))

table 7 : explain SELECT DISTINCT c FROM sbtest7 WHERE id BETWEEN 4406545 AND 4407544 ORDER BY c
	Unique  (cost=4016.25..4021.39 rows=1027 width=121)
	  ->  Sort  (cost=4016.25..4018.82 rows=1027 width=121)
	        Sort Key: c
	        ->  Bitmap Heap Scan on sbtest7  (cost=22.96..3964.88 rows=1027 width=121)
	              Recheck Cond: ((id >= 4406545) AND (id <= 4407544))
	              ->  Bitmap Index Scan on sbtest7_pkey  (cost=0.00..22.70 rows=1027 width=0)
	                    Index Cond: ((id >= 4406545) AND (id <= 4407544))

table 8 : explain SELECT DISTINCT c FROM sbtest8 WHERE id BETWEEN 8519025 AND 8520024 ORDER BY c
	Unique  (cost=3671.66..3676.35 rows=937 width=121)
	  ->  Sort  (cost=3671.66..3674.00 rows=937 width=121)
	        Sort Key: c
	        ->  Bitmap Heap Scan on sbtest8  (cost=22.04..3625.41 rows=937 width=121)
	              Recheck Cond: ((id >= 8519025) AND (id <= 8520024))
	              ->  Bitmap Index Scan on sbtest8_pkey  (cost=0.00..21.80 rows=937 width=0)
	                    Index Cond: ((id >= 8519025) AND (id <= 8520024))

for: distinct_ranges
table 1 : explain SELECT DISTINCT c FROM sbtest1 WHERE id BETWEEN 6767929 AND 6768928 ORDER BY c
	Unique  (cost=4184.29..4189.65 rows=1072 width=121)
	  ->  Sort  (cost=4184.29..4186.97 rows=1072 width=121)
	        Sort Key: c
	        ->  Bitmap Heap Scan on sbtest1  (cost=23.42..4130.33 rows=1072 width=121)
	              Recheck Cond: ((id >= 6767929) AND (id <= 6768928))
	              ->  Bitmap Index Scan on sbtest1_pkey  (cost=0.00..23.15 rows=1072 width=0)
	                    Index Cond: ((id >= 6767929) AND (id <= 6768928))

table 2 : explain SELECT DISTINCT c FROM sbtest2 WHERE id BETWEEN 5857254 AND 5858253 ORDER BY c
	Unique  (cost=3849.50..3854.42 rows=984 width=121)
	  ->  Sort  (cost=3849.50..3851.96 rows=984 width=121)
	        Sort Key: c
	        ->  Bitmap Heap Scan on sbtest2  (cost=22.52..3800.59 rows=984 width=121)
	              Recheck Cond: ((id >= 5857254) AND (id <= 5858253))
	              ->  Bitmap Index Scan on sbtest2_pkey  (cost=0.00..22.27 rows=984 width=0)
	                    Index Cond: ((id >= 5857254) AND (id <= 5858253))

table 3 : explain SELECT DISTINCT c FROM sbtest3 WHERE id BETWEEN 7557903 AND 7558902 ORDER BY c
	Unique  (cost=3803.66..3808.52 rows=972 width=121)
	  ->  Sort  (cost=3803.66..3806.09 rows=972 width=121)
	        Sort Key: c
	        ->  Bitmap Heap Scan on sbtest3  (cost=22.40..3755.43 rows=972 width=121)
	              Recheck Cond: ((id >= 7557903) AND (id <= 7558902))
	              ->  Bitmap Index Scan on sbtest3_pkey  (cost=0.00..22.15 rows=972 width=0)
	                    Index Cond: ((id >= 7557903) AND (id <= 7558902))

table 4 : explain SELECT DISTINCT c FROM sbtest4 WHERE id BETWEEN 1780677 AND 1781676 ORDER BY c
	Unique  (cost=3812.41..3817.28 rows=974 width=121)
	  ->  Sort  (cost=3812.41..3814.84 rows=974 width=121)
	        Sort Key: c
	        ->  Bitmap Heap Scan on sbtest4  (cost=22.42..3764.06 rows=974 width=121)
	              Recheck Cond: ((id >= 1780677) AND (id <= 1781676))
	              ->  Bitmap Index Scan on sbtest4_pkey  (cost=0.00..22.18 rows=974 width=0)
	                    Index Cond: ((id >= 1780677) AND (id <= 1781676))

table 5 : explain SELECT DISTINCT c FROM sbtest5 WHERE id BETWEEN 1320386 AND 1321385 ORDER BY c
	Unique  (cost=4026.60..4031.75 rows=1030 width=121)
	  ->  Sort  (cost=4026.60..4029.17 rows=1030 width=121)
	        Sort Key: c
	        ->  Bitmap Heap Scan on sbtest5  (cost=22.99..3975.05 rows=1030 width=121)
	              Recheck Cond: ((id >= 1320386) AND (id <= 1321385))
	              ->  Bitmap Index Scan on sbtest5_pkey  (cost=0.00..22.73 rows=1030 width=0)
	                    Index Cond: ((id >= 1320386) AND (id <= 1321385))

table 6 : explain SELECT DISTINCT c FROM sbtest6 WHERE id BETWEEN 1344821 AND 1345820 ORDER BY c
	Unique  (cost=3957.87..3962.93 rows=1012 width=121)
	  ->  Sort  (cost=3957.87..3960.40 rows=1012 width=121)
	        Sort Key: c
	        ->  Bitmap Heap Scan on sbtest6  (cost=22.81..3907.36 rows=1012 width=121)
	              Recheck Cond: ((id >= 1344821) AND (id <= 1345820))
	              ->  Bitmap Index Scan on sbtest6_pkey  (cost=0.00..22.55 rows=1012 width=0)
	                    Index Cond: ((id >= 1344821) AND (id <= 1345820))

table 7 : explain SELECT DISTINCT c FROM sbtest7 WHERE id BETWEEN 4685770 AND 4686769 ORDER BY c
	Unique  (cost=4405.86..4411.51 rows=1129 width=121)
	  ->  Sort  (cost=4405.86..4408.68 rows=1129 width=121)
	        Sort Key: c
	        ->  Bitmap Heap Scan on sbtest7  (cost=28.01..4348.62 rows=1129 width=121)
	              Recheck Cond: ((id >= 4685770) AND (id <= 4686769))
	              ->  Bitmap Index Scan on sbtest7_pkey  (cost=0.00..27.72 rows=1129 width=0)
	                    Index Cond: ((id >= 4685770) AND (id <= 4686769))

table 8 : explain SELECT DISTINCT c FROM sbtest8 WHERE id BETWEEN 8167469 AND 8168468 ORDER BY c
	Unique  (cost=4306.61..4312.12 rows=1102 width=121)
	  ->  Sort  (cost=4306.61..4309.36 rows=1102 width=121)
	        Sort Key: c
	        ->  Bitmap Heap Scan on sbtest8  (cost=27.73..4250.92 rows=1102 width=121)
	              Recheck Cond: ((id >= 8167469) AND (id <= 8168468))
	              ->  Bitmap Index Scan on sbtest8_pkey  (cost=0.00..27.45 rows=1102 width=0)
	                    Index Cond: ((id >= 8167469) AND (id <= 8168468))

for: distinct_ranges
table 1 : explain SELECT DISTINCT c FROM sbtest1 WHERE id BETWEEN 4574431 AND 4575430 ORDER BY c
	Unique  (cost=4295.07..4300.57 rows=1101 width=121)
	  ->  Sort  (cost=4295.07..4297.82 rows=1101 width=121)
	        Sort Key: c
	        ->  Bitmap Heap Scan on sbtest1  (cost=27.72..4239.44 rows=1101 width=121)
	              Recheck Cond: ((id >= 4574431) AND (id <= 4575430))
	              ->  Bitmap Index Scan on sbtest1_pkey  (cost=0.00..27.44 rows=1101 width=0)
	                    Index Cond: ((id >= 4574431) AND (id <= 4575430))

table 2 : explain SELECT DISTINCT c FROM sbtest2 WHERE id BETWEEN 7041050 AND 7042049 ORDER BY c
	Unique  (cost=3443.37..3447.76 rows=878 width=121)
	  ->  Sort  (cost=3443.37..3445.57 rows=878 width=121)
	        Sort Key: c
	        ->  Bitmap Heap Scan on sbtest2  (cost=21.43..3400.45 rows=878 width=121)
	              Recheck Cond: ((id >= 7041050) AND (id <= 7042049))
	              ->  Bitmap Index Scan on sbtest2_pkey  (cost=0.00..21.21 rows=878 width=0)
	                    Index Cond: ((id >= 7041050) AND (id <= 7042049))

table 3 : explain SELECT DISTINCT c FROM sbtest3 WHERE id BETWEEN 6415051 AND 6416050 ORDER BY c
	Unique  (cost=3975.73..3980.81 rows=1017 width=121)
	  ->  Sort  (cost=3975.73..3978.27 rows=1017 width=121)
	        Sort Key: c
	        ->  Bitmap Heap Scan on sbtest3  (cost=22.86..3924.93 rows=1017 width=121)
	              Recheck Cond: ((id >= 6415051) AND (id <= 6416050))
	              ->  Bitmap Index Scan on sbtest3_pkey  (cost=0.00..22.61 rows=1017 width=0)
	                    Index Cond: ((id >= 6415051) AND (id <= 6416050))

table 4 : explain SELECT DISTINCT c FROM sbtest4 WHERE id BETWEEN 8325311 AND 8326310 ORDER BY c
	Unique  (cost=4190.76..4196.13 rows=1073 width=121)
	  ->  Sort  (cost=4190.76..4193.44 rows=1073 width=121)
	        Sort Key: c
	        ->  Bitmap Heap Scan on sbtest4  (cost=23.43..4136.75 rows=1073 width=121)
	              Recheck Cond: ((id >= 8325311) AND (id <= 8326310))
	              ->  Bitmap Index Scan on sbtest4_pkey  (cost=0.00..23.16 rows=1073 width=0)
	                    Index Cond: ((id >= 8325311) AND (id <= 8326310))

table 5 : explain SELECT DISTINCT c FROM sbtest5 WHERE id BETWEEN 943848 AND 944847 ORDER BY c
	Unique  (cost=3678.38..3683.07 rows=939 width=121)
	  ->  Sort  (cost=3678.38..3680.73 rows=939 width=121)
	        Sort Key: c
	        ->  Bitmap Heap Scan on sbtest5  (cost=22.06..3632.02 rows=939 width=121)
	              Recheck Cond: ((id >= 943848) AND (id <= 944847))
	              ->  Bitmap Index Scan on sbtest5_pkey  (cost=0.00..21.82 rows=939 width=0)
	                    Index Cond: ((id >= 943848) AND (id <= 944847))

table 6 : explain SELECT DISTINCT c FROM sbtest6 WHERE id BETWEEN 749010 AND 750009 ORDER BY c
	Unique  (cost=3911.98..3916.98 rows=1000 width=121)
	  ->  Sort  (cost=3911.98..3914.48 rows=1000 width=121)
	        Sort Key: c
	        ->  Bitmap Heap Scan on sbtest6  (cost=22.68..3862.15 rows=1000 width=121)
	              Recheck Cond: ((id >= 749010) AND (id <= 750009))
	              ->  Bitmap Index Scan on sbtest6_pkey  (cost=0.00..22.43 rows=1000 width=0)
	                    Index Cond: ((id >= 749010) AND (id <= 750009))

table 7 : explain SELECT DISTINCT c FROM sbtest7 WHERE id BETWEEN 2435942 AND 2436941 ORDER BY c
	Unique  (cost=3893.86..3898.83 rows=995 width=121)
	  ->  Sort  (cost=3893.86..3896.34 rows=995 width=121)
	        Sort Key: c
	        ->  Bitmap Heap Scan on sbtest7  (cost=22.63..3844.31 rows=995 width=121)
	              Recheck Cond: ((id >= 2435942) AND (id <= 2436941))
	              ->  Bitmap Index Scan on sbtest7_pkey  (cost=0.00..22.39 rows=995 width=0)
	                    Index Cond: ((id >= 2435942) AND (id <= 2436941))

table 8 : explain SELECT DISTINCT c FROM sbtest8 WHERE id BETWEEN 8645887 AND 8646886 ORDER BY c
	Unique  (cost=3694.66..3699.38 rows=943 width=121)
	  ->  Sort  (cost=3694.66..3697.02 rows=943 width=121)
	        Sort Key: c
	        ->  Bitmap Heap Scan on sbtest8  (cost=22.10..3648.07 rows=943 width=121)
	              Recheck Cond: ((id >= 8645887) AND (id <= 8646886))
	              ->  Bitmap Index Scan on sbtest8_pkey  (cost=0.00..21.86 rows=943 width=0)
	                    Index Cond: ((id >= 8645887) AND (id <= 8646886))

for: distinct_ranges
table 1 : explain SELECT DISTINCT c FROM sbtest1 WHERE id BETWEEN 8933164 AND 8934163 ORDER BY c
	Unique  (cost=4226.22..4231.63 rows=1083 width=121)
	  ->  Sort  (cost=4226.22..4228.92 rows=1083 width=121)
	        Sort Key: c
	        ->  Bitmap Heap Scan on sbtest1  (cost=23.54..4171.63 rows=1083 width=121)
	              Recheck Cond: ((id >= 8933164) AND (id <= 8934163))
	              ->  Bitmap Index Scan on sbtest1_pkey  (cost=0.00..23.26 rows=1083 width=0)
	                    Index Cond: ((id >= 8933164) AND (id <= 8934163))

table 2 : explain SELECT DISTINCT c FROM sbtest2 WHERE id BETWEEN 90996 AND 91995 ORDER BY c
	Unique  (cost=4155.09..4160.41 rows=1064 width=121)
	  ->  Sort  (cost=4155.09..4157.75 rows=1064 width=121)
	        Sort Key: c
	        ->  Bitmap Heap Scan on sbtest2  (cost=23.34..4101.60 rows=1064 width=121)
	              Recheck Cond: ((id >= 90996) AND (id <= 91995))
	              ->  Bitmap Index Scan on sbtest2_pkey  (cost=0.00..23.07 rows=1064 width=0)
	                    Index Cond: ((id >= 90996) AND (id <= 91995))

table 3 : explain SELECT DISTINCT c FROM sbtest3 WHERE id BETWEEN 3586587 AND 3587586 ORDER BY c
	Unique  (cost=3719.46..3724.21 rows=950 width=121)
	  ->  Sort  (cost=3719.46..3721.83 rows=950 width=121)
	        Sort Key: c
	        ->  Bitmap Heap Scan on sbtest3  (cost=22.17..3672.47 rows=950 width=121)
	              Recheck Cond: ((id >= 3586587) AND (id <= 3587586))
	              ->  Bitmap Index Scan on sbtest3_pkey  (cost=0.00..21.93 rows=950 width=0)
	                    Index Cond: ((id >= 3586587) AND (id <= 3587586))

table 4 : explain SELECT DISTINCT c FROM sbtest4 WHERE id BETWEEN 2780136 AND 2781135 ORDER BY c
	Unique  (cost=4286.31..4291.79 rows=1097 width=121)
	  ->  Sort  (cost=4286.31..4289.05 rows=1097 width=121)
	        Sort Key: c
	        ->  Bitmap Heap Scan on sbtest4  (cost=27.68..4230.91 rows=1097 width=121)
	              Recheck Cond: ((id >= 2780136) AND (id <= 2781135))
	              ->  Bitmap Index Scan on sbtest4_pkey  (cost=0.00..27.40 rows=1097 width=0)
	                    Index Cond: ((id >= 2780136) AND (id <= 2781135))

table 5 : explain SELECT DISTINCT c FROM sbtest5 WHERE id BETWEEN 4729369 AND 4730368 ORDER BY c
	Unique  (cost=4316.84..4322.36 rows=1105 width=121)
	  ->  Sort  (cost=4316.84..4319.60 rows=1105 width=121)
	        Sort Key: c
	        ->  Bitmap Heap Scan on sbtest5  (cost=27.76..4260.98 rows=1105 width=121)
	              Recheck Cond: ((id >= 4729369) AND (id <= 4730368))
	              ->  Bitmap Index Scan on sbtest5_pkey  (cost=0.00..27.48 rows=1105 width=0)
	                    Index Cond: ((id >= 4729369) AND (id <= 4730368))

table 6 : explain SELECT DISTINCT c FROM sbtest6 WHERE id BETWEEN 8606589 AND 8607588 ORDER BY c
	Unique  (cost=4129.80..4135.08 rows=1057 width=121)
	  ->  Sort  (cost=4129.80..4132.44 rows=1057 width=121)
	        Sort Key: c
	        ->  Bitmap Heap Scan on sbtest6  (cost=23.27..4076.70 rows=1057 width=121)
	              Recheck Cond: ((id >= 8606589) AND (id <= 8607588))
	              ->  Bitmap Index Scan on sbtest6_pkey  (cost=0.00..23.00 rows=1057 width=0)
	                    Index Cond: ((id >= 8606589) AND (id <= 8607588))

table 7 : explain SELECT DISTINCT c FROM sbtest7 WHERE id BETWEEN 7608536 AND 7609535 ORDER BY c
	Unique  (cost=3801.98..3806.83 rows=971 width=121)
	  ->  Sort  (cost=3801.98..3804.41 rows=971 width=121)
	        Sort Key: c
	        ->  Bitmap Heap Scan on sbtest7  (cost=22.39..3753.80 rows=971 width=121)
	              Recheck Cond: ((id >= 7608536) AND (id <= 7609535))
	              ->  Bitmap Index Scan on sbtest7_pkey  (cost=0.00..22.14 rows=971 width=0)
	                    Index Cond: ((id >= 7608536) AND (id <= 7609535))

table 8 : explain SELECT DISTINCT c FROM sbtest8 WHERE id BETWEEN 4255480 AND 4256479 ORDER BY c
	Unique  (cost=4119.57..4124.84 rows=1053 width=121)
	  ->  Sort  (cost=4119.57..4122.21 rows=1053 width=121)
	        Sort Key: c
	        ->  Bitmap Heap Scan on sbtest8  (cost=27.23..4066.71 rows=1053 width=121)
	              Recheck Cond: ((id >= 4255480) AND (id <= 4256479))
	              ->  Bitmap Index Scan on sbtest8_pkey  (cost=0.00..26.96 rows=1053 width=0)
	                    Index Cond: ((id >= 4255480) AND (id <= 4256479))

for: simple_ranges
table 1 : explain SELECT c FROM sbtest1 WHERE id BETWEEN 7904859 AND 7905858
	Bitmap Heap Scan on sbtest1  (cost=23.54..4171.63 rows=1083 width=121)
	  Recheck Cond: ((id >= 7904859) AND (id <= 7905858))
	  ->  Bitmap Index Scan on sbtest1_pkey  (cost=0.00..23.26 rows=1083 width=0)
	        Index Cond: ((id >= 7904859) AND (id <= 7905858))

table 2 : explain SELECT c FROM sbtest2 WHERE id BETWEEN 2747007 AND 2748006
	Bitmap Heap Scan on sbtest2  (cost=22.62..3838.26 rows=994 width=121)
	  Recheck Cond: ((id >= 2747007) AND (id <= 2748006))
	  ->  Bitmap Index Scan on sbtest2_pkey  (cost=0.00..22.37 rows=994 width=0)
	        Index Cond: ((id >= 2747007) AND (id <= 2748006))

table 3 : explain SELECT c FROM sbtest3 WHERE id BETWEEN 7433286 AND 7434285
	Bitmap Heap Scan on sbtest3  (cost=22.72..3872.22 rows=1003 width=121)
	  Recheck Cond: ((id >= 7433286) AND (id <= 7434285))
	  ->  Bitmap Index Scan on sbtest3_pkey  (cost=0.00..22.46 rows=1003 width=0)
	        Index Cond: ((id >= 7433286) AND (id <= 7434285))

table 4 : explain SELECT c FROM sbtest4 WHERE id BETWEEN 8718389 AND 8719388
	Bitmap Heap Scan on sbtest4  (cost=22.33..3730.11 rows=965 width=121)
	  Recheck Cond: ((id >= 8718389) AND (id <= 8719388))
	  ->  Bitmap Index Scan on sbtest4_pkey  (cost=0.00..22.08 rows=965 width=0)
	        Index Cond: ((id >= 8718389) AND (id <= 8719388))

table 5 : explain SELECT c FROM sbtest5 WHERE id BETWEEN 2024689 AND 2025688
	Bitmap Heap Scan on sbtest5  (cost=23.49..4159.32 rows=1079 width=121)
	  Recheck Cond: ((id >= 2024689) AND (id <= 2025688))
	  ->  Bitmap Index Scan on sbtest5_pkey  (cost=0.00..23.22 rows=1079 width=0)
	        Index Cond: ((id >= 2024689) AND (id <= 2025688))

table 6 : explain SELECT c FROM sbtest6 WHERE id BETWEEN 883126 AND 884125
	Bitmap Heap Scan on sbtest6  (cost=22.60..3832.01 rows=992 width=121)
	  Recheck Cond: ((id >= 883126) AND (id <= 884125))
	  ->  Bitmap Index Scan on sbtest6_pkey  (cost=0.00..22.36 rows=992 width=0)
	        Index Cond: ((id >= 883126) AND (id <= 884125))

table 7 : explain SELECT c FROM sbtest7 WHERE id BETWEEN 8462094 AND 8463093
	Bitmap Heap Scan on sbtest7  (cost=22.64..3848.08 rows=996 width=121)
	  Recheck Cond: ((id >= 8462094) AND (id <= 8463093))
	  ->  Bitmap Index Scan on sbtest7_pkey  (cost=0.00..22.39 rows=996 width=0)
	        Index Cond: ((id >= 8462094) AND (id <= 8463093))

table 8 : explain SELECT c FROM sbtest8 WHERE id BETWEEN 7626931 AND 7627930
	Bitmap Heap Scan on sbtest8  (cost=27.20..4055.42 rows=1050 width=121)
	  Recheck Cond: ((id >= 7626931) AND (id <= 7627930))
	  ->  Bitmap Index Scan on sbtest8_pkey  (cost=0.00..26.93 rows=1050 width=0)
	        Index Cond: ((id >= 7626931) AND (id <= 7627930))

explain: for point_selects :: explain SELECT c FROM sbtest%u WHERE id=%u
for: distinct_ranges
table 1 : explain SELECT DISTINCT c FROM sbtest1 WHERE id BETWEEN 1864438 AND 1865437 ORDER BY c
	Unique  (cost=4276.02..4281.50 rows=1096 width=121)
	  ->  Sort  (cost=4276.02..4278.76 rows=1096 width=121)
	        Sort Key: c
	        ->  Bitmap Heap Scan on sbtest1  (cost=27.67..4220.68 rows=1096 width=121)
	              Recheck Cond: ((id >= 1864438) AND (id <= 1865437))
	              ->  Bitmap Index Scan on sbtest1_pkey  (cost=0.00..27.39 rows=1096 width=0)
	                    Index Cond: ((id >= 1864438) AND (id <= 1865437))

table 2 : explain SELECT DISTINCT c FROM sbtest2 WHERE id BETWEEN 6895508 AND 6896507 ORDER BY c
	Unique  (cost=3654.28..3658.94 rows=933 width=121)
	  ->  Sort  (cost=3654.28..3656.61 rows=933 width=121)
	        Sort Key: c
	        ->  Bitmap Heap Scan on sbtest2  (cost=22.00..3608.26 rows=933 width=121)
	              Recheck Cond: ((id >= 6895508) AND (id <= 6896507))
	              ->  Bitmap Index Scan on sbtest2_pkey  (cost=0.00..21.76 rows=933 width=0)
	                    Index Cond: ((id >= 6895508) AND (id <= 6896507))

table 3 : explain SELECT DISTINCT c FROM sbtest3 WHERE id BETWEEN 4579858 AND 4580857 ORDER BY c
	Unique  (cost=3719.46..3724.21 rows=950 width=121)
	  ->  Sort  (cost=3719.46..3721.83 rows=950 width=121)
	        Sort Key: c
	        ->  Bitmap Heap Scan on sbtest3  (cost=22.17..3672.47 rows=950 width=121)
	              Recheck Cond: ((id >= 4579858) AND (id <= 4580857))
	              ->  Bitmap Index Scan on sbtest3_pkey  (cost=0.00..21.93 rows=950 width=0)
	                    Index Cond: ((id >= 4579858) AND (id <= 4580857))

table 4 : explain SELECT DISTINCT c FROM sbtest4 WHERE id BETWEEN 5820945 AND 5821944 ORDER BY c
	Unique  (cost=3789.44..3794.28 rows=968 width=121)
	  ->  Sort  (cost=3789.44..3791.86 rows=968 width=121)
	        Sort Key: c
	        ->  Bitmap Heap Scan on sbtest4  (cost=22.36..3741.43 rows=968 width=121)
	              Recheck Cond: ((id >= 5820945) AND (id <= 5821944))
	              ->  Bitmap Index Scan on sbtest4_pkey  (cost=0.00..22.11 rows=968 width=0)
	                    Index Cond: ((id >= 5820945) AND (id <= 5821944))

table 5 : explain SELECT DISTINCT c FROM sbtest5 WHERE id BETWEEN 6857478 AND 6858477 ORDER BY c
	Unique  (cost=3923.38..3928.40 rows=1003 width=121)
	  ->  Sort  (cost=3923.38..3925.89 rows=1003 width=121)
	        Sort Key: c
	        ->  Bitmap Heap Scan on sbtest5  (cost=22.72..3873.38 rows=1003 width=121)
	              Recheck Cond: ((id >= 6857478) AND (id <= 6858477))
	              ->  Bitmap Index Scan on sbtest5_pkey  (cost=0.00..22.46 rows=1003 width=0)
	                    Index Cond: ((id >= 6857478) AND (id <= 6858477))

table 6 : explain SELECT DISTINCT c FROM sbtest6 WHERE id BETWEEN 1256212 AND 1257211 ORDER BY c
	Unique  (cost=3911.98..3916.98 rows=1000 width=121)
	  ->  Sort  (cost=3911.98..3914.48 rows=1000 width=121)
	        Sort Key: c
	        ->  Bitmap Heap Scan on sbtest6  (cost=22.68..3862.15 rows=1000 width=121)
	              Recheck Cond: ((id >= 1256212) AND (id <= 1257211))
	              ->  Bitmap Index Scan on sbtest6_pkey  (cost=0.00..22.43 rows=1000 width=0)
	                    Index Cond: ((id >= 1256212) AND (id <= 1257211))

table 7 : explain SELECT DISTINCT c FROM sbtest7 WHERE id BETWEEN 8520734 AND 8521733 ORDER BY c
	Unique  (cost=4192.17..4197.53 rows=1072 width=121)
	  ->  Sort  (cost=4192.17..4194.85 rows=1072 width=121)
	        Sort Key: c
	        ->  Bitmap Heap Scan on sbtest7  (cost=27.42..4138.22 rows=1072 width=121)
	              Recheck Cond: ((id >= 8520734) AND (id <= 8521733))
	              ->  Bitmap Index Scan on sbtest7_pkey  (cost=0.00..27.15 rows=1072 width=0)
	                    Index Cond: ((id >= 8520734) AND (id <= 8521733))

table 8 : explain SELECT DISTINCT c FROM sbtest8 WHERE id BETWEEN 2984552 AND 2985551 ORDER BY c
	Unique  (cost=3951.21..3956.26 rows=1010 width=121)
	  ->  Sort  (cost=3951.21..3953.73 rows=1010 width=121)
	        Sort Key: c
	        ->  Bitmap Heap Scan on sbtest8  (cost=22.79..3900.81 rows=1010 width=121)
	              Recheck Cond: ((id >= 2984552) AND (id <= 2985551))
	              ->  Bitmap Index Scan on sbtest8_pkey  (cost=0.00..22.54 rows=1010 width=0)
	                    Index Cond: ((id >= 2984552) AND (id <= 2985551))

explain: for point_selects :: explain SELECT c FROM sbtest%u WHERE id=%u
for point_selects
table 1 : explain SELECT c FROM sbtest1 WHERE id=2633315
	Index Scan using sbtest1_pkey on sbtest1  (cost=0.43..8.45 rows=1 width=121)
	  Index Cond: (id = 2633315)

table 2 : explain SELECT c FROM sbtest2 WHERE id=3499528
	Index Scan using sbtest2_pkey on sbtest2  (cost=0.43..8.45 rows=1 width=121)
	  Index Cond: (id = 3499528)

table 3 : explain SELECT c FROM sbtest3 WHERE id=5493618
	Index Scan using sbtest3_pkey on sbtest3  (cost=0.43..8.45 rows=1 width=121)
	  Index Cond: (id = 5493618)

table 4 : explain SELECT c FROM sbtest4 WHERE id=5683949
	Index Scan using sbtest4_pkey on sbtest4  (cost=0.43..8.45 rows=1 width=121)
	  Index Cond: (id = 5683949)

table 5 : explain SELECT c FROM sbtest5 WHERE id=5272858
	Index Scan using sbtest5_pkey on sbtest5  (cost=0.43..8.45 rows=1 width=121)
	  Index Cond: (id = 5272858)

table 6 : explain SELECT c FROM sbtest6 WHERE id=2017197
	Index Scan using sbtest6_pkey on sbtest6  (cost=0.43..8.45 rows=1 width=121)
	  Index Cond: (id = 2017197)

table 7 : explain SELECT c FROM sbtest7 WHERE id=2967455
	Index Scan using sbtest7_pkey on sbtest7  (cost=0.43..8.45 rows=1 width=121)
	  Index Cond: (id = 2967455)

table 8 : explain SELECT c FROM sbtest8 WHERE id=8441922
	Index Scan using sbtest8_pkey on sbtest8  (cost=0.43..8.45 rows=1 width=121)
	  Index Cond: (id = 8441922)

for: order_ranges
table 1 : explain SELECT c FROM sbtest1 WHERE id BETWEEN 6547849 AND 6548848 ORDER BY c
	Sort  (cost=4077.50..4080.11 rows=1044 width=121)
	  Sort Key: c
	  ->  Bitmap Heap Scan on sbtest1  (cost=23.14..4025.15 rows=1044 width=121)
	        Recheck Cond: ((id >= 6547849) AND (id <= 6548848))
	        ->  Bitmap Index Scan on sbtest1_pkey  (cost=0.00..22.87 rows=1044 width=0)
	              Index Cond: ((id >= 6547849) AND (id <= 6548848))

table 2 : explain SELECT c FROM sbtest2 WHERE id BETWEEN 6991158 AND 6992157 ORDER BY c
	Sort  (cost=3443.37..3445.57 rows=878 width=121)
	  Sort Key: c
	  ->  Bitmap Heap Scan on sbtest2  (cost=21.43..3400.45 rows=878 width=121)
	        Recheck Cond: ((id >= 6991158) AND (id <= 6992157))
	        ->  Bitmap Index Scan on sbtest2_pkey  (cost=0.00..21.21 rows=878 width=0)
	              Index Cond: ((id >= 6991158) AND (id <= 6992157))

table 3 : explain SELECT c FROM sbtest3 WHERE id BETWEEN 3462454 AND 3463453 ORDER BY c
	Sort  (cost=3665.84..3668.18 rows=936 width=121)
	  Sort Key: c
	  ->  Bitmap Heap Scan on sbtest3  (cost=22.03..3619.64 rows=936 width=121)
	        Recheck Cond: ((id >= 3462454) AND (id <= 3463453))
	        ->  Bitmap Index Scan on sbtest3_pkey  (cost=0.00..21.79 rows=936 width=0)
	              Index Cond: ((id >= 3462454) AND (id <= 3463453))

table 4 : explain SELECT c FROM sbtest4 WHERE id BETWEEN 2890450 AND 2891449 ORDER BY c
	Sort  (cost=4389.30..4392.11 rows=1125 width=121)
	  Sort Key: c
	  ->  Bitmap Heap Scan on sbtest4  (cost=27.97..4332.29 rows=1125 width=121)
	        Recheck Cond: ((id >= 2890450) AND (id <= 2891449))
	        ->  Bitmap Index Scan on sbtest4_pkey  (cost=0.00..27.68 rows=1125 width=0)
	              Index Cond: ((id >= 2890450) AND (id <= 2891449))

table 5 : explain SELECT c FROM sbtest5 WHERE id BETWEEN 1528172 AND 1529171 ORDER BY c
	Sort  (cost=4114.45..4117.08 rows=1053 width=121)
	  Sort Key: c
	  ->  Bitmap Heap Scan on sbtest5  (cost=23.23..4061.58 rows=1053 width=121)
	        Recheck Cond: ((id >= 1528172) AND (id <= 1529171))
	        ->  Bitmap Index Scan on sbtest5_pkey  (cost=0.00..22.96 rows=1053 width=0)
	              Index Cond: ((id >= 1528172) AND (id <= 1529171))

table 6 : explain SELECT c FROM sbtest6 WHERE id BETWEEN 8594455 AND 8595454 ORDER BY c
	Sort  (cost=4129.80..4132.44 rows=1057 width=121)
	  Sort Key: c
	  ->  Bitmap Heap Scan on sbtest6  (cost=23.27..4076.70 rows=1057 width=121)
	        Recheck Cond: ((id >= 8594455) AND (id <= 8595454))
	        ->  Bitmap Index Scan on sbtest6_pkey  (cost=0.00..23.00 rows=1057 width=0)
	              Index Cond: ((id >= 8594455) AND (id <= 8595454))

table 7 : explain SELECT c FROM sbtest7 WHERE id BETWEEN 2677402 AND 2678401 ORDER BY c
	Sort  (cost=4004.79..4007.35 rows=1024 width=121)
	  Sort Key: c
	  ->  Bitmap Heap Scan on sbtest7  (cost=22.93..3953.59 rows=1024 width=121)
	        Recheck Cond: ((id >= 2677402) AND (id <= 2678401))
	        ->  Bitmap Index Scan on sbtest7_pkey  (cost=0.00..22.68 rows=1024 width=0)
	              Index Cond: ((id >= 2677402) AND (id <= 2678401))

table 8 : explain SELECT c FROM sbtest8 WHERE id BETWEEN 8577231 AND 8578230 ORDER BY c
	Sort  (cost=3694.66..3697.02 rows=943 width=121)
	  Sort Key: c
	  ->  Bitmap Heap Scan on sbtest8  (cost=22.10..3648.07 rows=943 width=121)
	        Recheck Cond: ((id >= 8577231) AND (id <= 8578230))
	        ->  Bitmap Index Scan on sbtest8_pkey  (cost=0.00..21.86 rows=943 width=0)
	              Index Cond: ((id >= 8577231) AND (id <= 8578230))

for: sum_ranges
table 1 : explain SELECT SUM(k) FROM sbtest1 WHERE id BETWEEN 528480 AND 529479
	Aggregate  (cost=3609.51..3609.52 rows=1 width=8)
	  ->  Bitmap Heap Scan on sbtest1  (cost=22.00..3607.18 rows=933 width=4)
	        Recheck Cond: ((id >= 528480) AND (id <= 529479))
	        ->  Bitmap Index Scan on sbtest1_pkey  (cost=0.00..21.76 rows=933 width=0)
	              Index Cond: ((id >= 528480) AND (id <= 529479))

table 2 : explain SELECT SUM(k) FROM sbtest2 WHERE id BETWEEN 2836116 AND 2837115
	Aggregate  (cost=4269.86..4269.87 rows=1 width=8)
	  ->  Bitmap Heap Scan on sbtest2  (cost=27.79..4267.09 rows=1108 width=4)
	        Recheck Cond: ((id >= 2836116) AND (id <= 2837115))
	        ->  Bitmap Index Scan on sbtest2_pkey  (cost=0.00..27.51 rows=1108 width=0)
	              Index Cond: ((id >= 2836116) AND (id <= 2837115))

table 3 : explain SELECT SUM(k) FROM sbtest3 WHERE id BETWEEN 3368013 AND 3369012
	Aggregate  (cost=3852.12..3852.13 rows=1 width=8)
	  ->  Bitmap Heap Scan on sbtest3  (cost=22.65..3849.63 rows=997 width=4)
	        Recheck Cond: ((id >= 3368013) AND (id <= 3369012))
	        ->  Bitmap Index Scan on sbtest3_pkey  (cost=0.00..22.40 rows=997 width=0)
	              Index Cond: ((id >= 3368013) AND (id <= 3369012))

table 4 : explain SELECT SUM(k) FROM sbtest4 WHERE id BETWEEN 5160785 AND 5161784
	Aggregate  (cost=3732.53..3732.54 rows=1 width=8)
	  ->  Bitmap Heap Scan on sbtest4  (cost=22.33..3730.11 rows=965 width=4)
	        Recheck Cond: ((id >= 5160785) AND (id <= 5161784))
	        ->  Bitmap Index Scan on sbtest4_pkey  (cost=0.00..22.08 rows=965 width=0)
	              Index Cond: ((id >= 5160785) AND (id <= 5161784))

table 5 : explain SELECT SUM(k) FROM sbtest5 WHERE id BETWEEN 4011554 AND 4012553
	Aggregate  (cost=3932.42..3932.43 rows=1 width=8)
	  ->  Bitmap Heap Scan on sbtest5  (cost=22.87..3929.88 rows=1018 width=4)
	        Recheck Cond: ((id >= 4011554) AND (id <= 4012553))
	        ->  Bitmap Index Scan on sbtest5_pkey  (cost=0.00..22.61 rows=1018 width=0)
	              Index Cond: ((id >= 4011554) AND (id <= 4012553))

table 6 : explain SELECT SUM(k) FROM sbtest6 WHERE id BETWEEN 7607089 AND 7608088
	Aggregate  (cost=3796.77..3796.78 rows=1 width=8)
	  ->  Bitmap Heap Scan on sbtest6  (cost=22.50..3794.31 rows=982 width=4)
	        Recheck Cond: ((id >= 7607089) AND (id <= 7608088))
	        ->  Bitmap Index Scan on sbtest6_pkey  (cost=0.00..22.25 rows=982 width=0)
	              Index Cond: ((id >= 7607089) AND (id <= 7608088))

table 7 : explain SELECT SUM(k) FROM sbtest7 WHERE id BETWEEN 2027852 AND 2028851
	Aggregate  (cost=3620.23..3620.24 rows=1 width=8)
	  ->  Bitmap Heap Scan on sbtest7  (cost=22.02..3617.89 rows=935 width=4)
	        Recheck Cond: ((id >= 2027852) AND (id <= 2028851))
	        ->  Bitmap Index Scan on sbtest7_pkey  (cost=0.00..21.79 rows=935 width=0)
	              Index Cond: ((id >= 2027852) AND (id <= 2028851))

table 8 : explain SELECT SUM(k) FROM sbtest8 WHERE id BETWEEN 532840 AND 533839
	Aggregate  (cost=3688.21..3688.22 rows=1 width=8)
	  ->  Bitmap Heap Scan on sbtest8  (cost=22.20..3685.83 rows=953 width=4)
	        Recheck Cond: ((id >= 532840) AND (id <= 533839))
	        ->  Bitmap Index Scan on sbtest8_pkey  (cost=0.00..21.96 rows=953 width=0)
	              Index Cond: ((id >= 532840) AND (id <= 533839))

explain: for point_selects :: explain SELECT c FROM sbtest%u WHERE id=%u
for point_selects
table 1 : explain SELECT c FROM sbtest1 WHERE id=509068
	Index Scan using sbtest1_pkey on sbtest1  (cost=0.43..8.45 rows=1 width=121)
	  Index Cond: (id = 509068)

table 2 : explain SELECT c FROM sbtest2 WHERE id=1721718
	Index Scan using sbtest2_pkey on sbtest2  (cost=0.43..8.45 rows=1 width=121)
	  Index Cond: (id = 1721718)

table 3 : explain SELECT c FROM sbtest3 WHERE id=1006548
	Index Scan using sbtest3_pkey on sbtest3  (cost=0.43..8.45 rows=1 width=121)
	  Index Cond: (id = 1006548)

table 4 : explain SELECT c FROM sbtest4 WHERE id=9566010
	Index Scan using sbtest4_pkey on sbtest4  (cost=0.43..8.45 rows=1 width=121)
	  Index Cond: (id = 9566010)

table 5 : explain SELECT c FROM sbtest5 WHERE id=6828564
	Index Scan using sbtest5_pkey on sbtest5  (cost=0.43..8.45 rows=1 width=121)
	  Index Cond: (id = 6828564)

table 6 : explain SELECT c FROM sbtest6 WHERE id=1945883
	Index Scan using sbtest6_pkey on sbtest6  (cost=0.43..8.45 rows=1 width=121)
	  Index Cond: (id = 1945883)

table 7 : explain SELECT c FROM sbtest7 WHERE id=1784730
	Index Scan using sbtest7_pkey on sbtest7  (cost=0.43..8.45 rows=1 width=121)
	  Index Cond: (id = 1784730)

table 8 : explain SELECT c FROM sbtest8 WHERE id=4547391
	Index Scan using sbtest8_pkey on sbtest8  (cost=0.43..8.45 rows=1 width=121)
	  Index Cond: (id = 4547391)

for point_selects
table 1 : explain SELECT c FROM sbtest1 WHERE id=9327347
	Index Scan using sbtest1_pkey on sbtest1  (cost=0.43..8.45 rows=1 width=121)
	  Index Cond: (id = 9327347)

table 2 : explain SELECT c FROM sbtest2 WHERE id=7575020
	Index Scan using sbtest2_pkey on sbtest2  (cost=0.43..8.45 rows=1 width=121)
	  Index Cond: (id = 7575020)

table 3 : explain SELECT c FROM sbtest3 WHERE id=5410675
	Index Scan using sbtest3_pkey on sbtest3  (cost=0.43..8.45 rows=1 width=121)
	  Index Cond: (id = 5410675)

table 4 : explain SELECT c FROM sbtest4 WHERE id=4696753
	Index Scan using sbtest4_pkey on sbtest4  (cost=0.43..8.45 rows=1 width=121)
	  Index Cond: (id = 4696753)

table 5 : explain SELECT c FROM sbtest5 WHERE id=5810459
	Index Scan using sbtest5_pkey on sbtest5  (cost=0.43..8.45 rows=1 width=121)
	  Index Cond: (id = 5810459)

table 6 : explain SELECT c FROM sbtest6 WHERE id=4382976
	Index Scan using sbtest6_pkey on sbtest6  (cost=0.43..8.45 rows=1 width=121)
	  Index Cond: (id = 4382976)

table 7 : explain SELECT c FROM sbtest7 WHERE id=5127810
	Index Scan using sbtest7_pkey on sbtest7  (cost=0.43..8.45 rows=1 width=121)
	  Index Cond: (id = 5127810)

table 8 : explain SELECT c FROM sbtest8 WHERE id=9423177
	Index Scan using sbtest8_pkey on sbtest8  (cost=0.43..8.45 rows=1 width=121)
	  Index Cond: (id = 9423177)

explain: for point_selects :: explain SELECT c FROM sbtest%u WHERE id=%u
for: order_ranges
table 1 : explain SELECT c FROM sbtest1 WHERE id BETWEEN 7914335 AND 7915334 ORDER BY c
	Sort  (cost=4226.22..4228.92 rows=1083 width=121)
	  Sort Key: c
	  ->  Bitmap Heap Scan on sbtest1  (cost=23.54..4171.63 rows=1083 width=121)
	        Recheck Cond: ((id >= 7914335) AND (id <= 7915334))
	        ->  Bitmap Index Scan on sbtest1_pkey  (cost=0.00..23.26 rows=1083 width=0)
	              Index Cond: ((id >= 7914335) AND (id <= 7915334))

table 2 : explain SELECT c FROM sbtest2 WHERE id BETWEEN 7258403 AND 7259402 ORDER BY c
	Sort  (cost=4136.02..4138.67 rows=1059 width=121)
	  Sort Key: c
	  ->  Bitmap Heap Scan on sbtest2  (cost=23.29..4082.81 rows=1059 width=121)
	        Recheck Cond: ((id >= 7258403) AND (id <= 7259402))
	        ->  Bitmap Index Scan on sbtest2_pkey  (cost=0.00..23.02 rows=1059 width=0)
	              Index Cond: ((id >= 7258403) AND (id <= 7259402))

table 3 : explain SELECT c FROM sbtest3 WHERE id BETWEEN 1461836 AND 1462835 ORDER BY c
	Sort  (cost=4471.70..4474.57 rows=1147 width=121)
	  Sort Key: c
	  ->  Bitmap Heap Scan on sbtest3  (cost=28.19..4413.41 rows=1147 width=121)
	        Recheck Cond: ((id >= 1461836) AND (id <= 1462835))
	        ->  Bitmap Index Scan on sbtest3_pkey  (cost=0.00..27.90 rows=1147 width=0)
	              Index Cond: ((id >= 1461836) AND (id <= 1462835))

table 4 : explain SELECT c FROM sbtest4 WHERE id BETWEEN 5366345 AND 5367344 ORDER BY c
	Sort  (cost=3758.80..3761.20 rows=960 width=121)
	  Sort Key: c
	  ->  Bitmap Heap Scan on sbtest4  (cost=22.27..3711.25 rows=960 width=121)
	        Recheck Cond: ((id >= 5366345) AND (id <= 5367344))
	        ->  Bitmap Index Scan on sbtest4_pkey  (cost=0.00..22.04 rows=960 width=0)
	              Index Cond: ((id >= 5366345) AND (id <= 5367344))

table 5 : explain SELECT c FROM sbtest5 WHERE id BETWEEN 8327401 AND 8328400 ORDER BY c
	Sort  (cost=3957.80..3960.33 rows=1012 width=121)
	  Sort Key: c
	  ->  Bitmap Heap Scan on sbtest5  (cost=22.81..3907.28 rows=1012 width=121)
	        Recheck Cond: ((id >= 8327401) AND (id <= 8328400))
	        ->  Bitmap Index Scan on sbtest5_pkey  (cost=0.00..22.55 rows=1012 width=0)
	              Index Cond: ((id >= 8327401) AND (id <= 8328400))

table 6 : explain SELECT c FROM sbtest6 WHERE id BETWEEN 9329673 AND 9330672 ORDER BY c
	Sort  (cost=4240.47..4243.18 rows=1086 width=121)
	  Sort Key: c
	  ->  Bitmap Heap Scan on sbtest6  (cost=23.57..4185.70 rows=1086 width=121)
	        Recheck Cond: ((id >= 9329673) AND (id <= 9330672))
	        ->  Bitmap Index Scan on sbtest6_pkey  (cost=0.00..23.29 rows=1086 width=0)
	              Index Cond: ((id >= 9329673) AND (id <= 9330672))

table 7 : explain SELECT c FROM sbtest7 WHERE id BETWEEN 8262281 AND 8263280 ORDER BY c
	Sort  (cost=3510.56..3512.79 rows=895 width=121)
	  Sort Key: c
	  ->  Bitmap Heap Scan on sbtest7  (cost=21.61..3466.67 rows=895 width=121)
	        Recheck Cond: ((id >= 8262281) AND (id <= 8263280))
	        ->  Bitmap Index Scan on sbtest7_pkey  (cost=0.00..21.39 rows=895 width=0)
	              Index Cond: ((id >= 8262281) AND (id <= 8263280))

table 8 : explain SELECT c FROM sbtest8 WHERE id BETWEEN 8916284 AND 8917283 ORDER BY c
	Sort  (cost=3621.81..3624.12 rows=924 width=121)
	  Sort Key: c
	  ->  Bitmap Heap Scan on sbtest8  (cost=21.91..3576.29 rows=924 width=121)
	        Recheck Cond: ((id >= 8916284) AND (id <= 8917283))
	        ->  Bitmap Index Scan on sbtest8_pkey  (cost=0.00..21.68 rows=924 width=0)
	              Index Cond: ((id >= 8916284) AND (id <= 8917283))

for point_selects
table 1 : explain SELECT c FROM sbtest1 WHERE id=872478
	Index Scan using sbtest1_pkey on sbtest1  (cost=0.43..8.45 rows=1 width=121)
	  Index Cond: (id = 872478)

table 2 : explain SELECT c FROM sbtest2 WHERE id=5134499
	Index Scan using sbtest2_pkey on sbtest2  (cost=0.43..8.45 rows=1 width=121)
	  Index Cond: (id = 5134499)

table 3 : explain SELECT c FROM sbtest3 WHERE id=7057788
	Index Scan using sbtest3_pkey on sbtest3  (cost=0.43..8.45 rows=1 width=121)
	  Index Cond: (id = 7057788)

table 4 : explain SELECT c FROM sbtest4 WHERE id=9317769
	Index Scan using sbtest4_pkey on sbtest4  (cost=0.43..8.45 rows=1 width=121)
	  Index Cond: (id = 9317769)

table 5 : explain SELECT c FROM sbtest5 WHERE id=2089457
	Index Scan using sbtest5_pkey on sbtest5  (cost=0.43..8.45 rows=1 width=121)
	  Index Cond: (id = 2089457)

table 6 : explain SELECT c FROM sbtest6 WHERE id=8840728
	Index Scan using sbtest6_pkey on sbtest6  (cost=0.43..8.45 rows=1 width=121)
	  Index Cond: (id = 8840728)

table 7 : explain SELECT c FROM sbtest7 WHERE id=2171779
	Index Scan using sbtest7_pkey on sbtest7  (cost=0.43..8.45 rows=1 width=121)
	  Index Cond: (id = 2171779)

table 8 : explain SELECT c FROM sbtest8 WHERE id=8611550
	Index Scan using sbtest8_pkey on sbtest8  (cost=0.43..8.45 rows=1 width=121)
	  Index Cond: (id = 8611550)

for: distinct_ranges
table 1 : explain SELECT DISTINCT c FROM sbtest1 WHERE id BETWEEN 1952443 AND 1953442 ORDER BY c
	Unique  (cost=3741.25..3746.03 rows=956 width=121)
	  ->  Sort  (cost=3741.25..3743.64 rows=956 width=121)
	        Sort Key: c
	        ->  Bitmap Heap Scan on sbtest1  (cost=22.23..3693.92 rows=956 width=121)
	              Recheck Cond: ((id >= 1952443) AND (id <= 1953442))
	              ->  Bitmap Index Scan on sbtest1_pkey  (cost=0.00..22.00 rows=956 width=0)
	                    Index Cond: ((id >= 1952443) AND (id <= 1953442))

table 2 : explain SELECT DISTINCT c FROM sbtest2 WHERE id BETWEEN 4415454 AND 4416453 ORDER BY c
	Unique  (cost=3692.58..3697.30 rows=943 width=121)
	  ->  Sort  (cost=3692.58..3694.94 rows=943 width=121)
	        Sort Key: c
	        ->  Bitmap Heap Scan on sbtest2  (cost=22.10..3646.00 rows=943 width=121)
	              Recheck Cond: ((id >= 4415454) AND (id <= 4416453))
	              ->  Bitmap Index Scan on sbtest2_pkey  (cost=0.00..21.86 rows=943 width=0)
	                    Index Cond: ((id >= 4415454) AND (id <= 4416453))

table 3 : explain SELECT DISTINCT c FROM sbtest3 WHERE id BETWEEN 4962607 AND 4963606 ORDER BY c
	Unique  (cost=4097.93..4103.17 rows=1049 width=121)
	  ->  Sort  (cost=4097.93..4100.55 rows=1049 width=121)
	        Sort Key: c
	        ->  Bitmap Heap Scan on sbtest3  (cost=23.19..4045.30 rows=1049 width=121)
	              Recheck Cond: ((id >= 4962607) AND (id <= 4963606))
	              ->  Bitmap Index Scan on sbtest3_pkey  (cost=0.00..22.93 rows=1049 width=0)
	                    Index Cond: ((id >= 4962607) AND (id <= 4963606))

table 4 : explain SELECT DISTINCT c FROM sbtest4 WHERE id BETWEEN 8561990 AND 8562989 ORDER BY c
	Unique  (cost=4358.82..4364.40 rows=1117 width=121)
	  ->  Sort  (cost=4358.82..4361.61 rows=1117 width=121)
	        Sort Key: c
	        ->  Bitmap Heap Scan on sbtest4  (cost=27.88..4302.27 rows=1117 width=121)
	              Recheck Cond: ((id >= 8561990) AND (id <= 8562989))
	              ->  Bitmap Index Scan on sbtest4_pkey  (cost=0.00..27.61 rows=1117 width=0)
	                    Index Cond: ((id >= 8561990) AND (id <= 8562989))

table 5 : explain SELECT DISTINCT c FROM sbtest5 WHERE id BETWEEN 2221656 AND 2222655 ORDER BY c
	Unique  (cost=3957.80..3962.86 rows=1012 width=121)
	  ->  Sort  (cost=3957.80..3960.33 rows=1012 width=121)
	        Sort Key: c
	        ->  Bitmap Heap Scan on sbtest5  (cost=22.81..3907.28 rows=1012 width=121)
	              Recheck Cond: ((id >= 2221656) AND (id <= 2222655))
	              ->  Bitmap Index Scan on sbtest5_pkey  (cost=0.00..22.55 rows=1012 width=0)
	                    Index Cond: ((id >= 2221656) AND (id <= 2222655))

table 6 : explain SELECT DISTINCT c FROM sbtest6 WHERE id BETWEEN 448023 AND 449022 ORDER BY c
	Unique  (cost=3494.35..3498.80 rows=891 width=121)
	  ->  Sort  (cost=3494.35..3496.58 rows=891 width=121)
	        Sort Key: c
	        ->  Bitmap Heap Scan on sbtest6  (cost=21.57..3450.69 rows=891 width=121)
	              Recheck Cond: ((id >= 448023) AND (id <= 449022))
	              ->  Bitmap Index Scan on sbtest6_pkey  (cost=0.00..21.34 rows=891 width=0)
	                    Index Cond: ((id >= 448023) AND (id <= 449022))

table 7 : explain SELECT DISTINCT c FROM sbtest7 WHERE id BETWEEN 2515780 AND 2516779 ORDER BY c
	Unique  (cost=3893.86..3898.83 rows=995 width=121)
	  ->  Sort  (cost=3893.86..3896.34 rows=995 width=121)
	        Sort Key: c
	        ->  Bitmap Heap Scan on sbtest7  (cost=22.63..3844.31 rows=995 width=121)
	              Recheck Cond: ((id >= 2515780) AND (id <= 2516779))
	              ->  Bitmap Index Scan on sbtest7_pkey  (cost=0.00..22.39 rows=995 width=0)
	                    Index Cond: ((id >= 2515780) AND (id <= 2516779))

table 8 : explain SELECT DISTINCT c FROM sbtest8 WHERE id BETWEEN 8578369 AND 8579368 ORDER BY c
	Unique  (cost=3694.66..3699.38 rows=943 width=121)
	  ->  Sort  (cost=3694.66..3697.02 rows=943 width=121)
	        Sort Key: c
	        ->  Bitmap Heap Scan on sbtest8  (cost=22.10..3648.07 rows=943 width=121)
	              Recheck Cond: ((id >= 8578369) AND (id <= 8579368))
	              ->  Bitmap Index Scan on sbtest8_pkey  (cost=0.00..21.86 rows=943 width=0)
	                    Index Cond: ((id >= 8578369) AND (id <= 8579368))

explain: for point_selects :: explain SELECT c FROM sbtest%u WHERE id=%u
for: simple_ranges
table 1 : explain SELECT c FROM sbtest1 WHERE id BETWEEN 4824595 AND 4825594
	Bitmap Heap Scan on sbtest1  (cost=23.00..3976.28 rows=1031 width=121)
	  Recheck Cond: ((id >= 4824595) AND (id <= 4825594))
	  ->  Bitmap Index Scan on sbtest1_pkey  (cost=0.00..22.75 rows=1031 width=0)
	        Index Cond: ((id >= 4824595) AND (id <= 4825594))

table 2 : explain SELECT c FROM sbtest2 WHERE id BETWEEN 849445 AND 850444
	Bitmap Heap Scan on sbtest2  (cost=23.19..4045.22 rows=1049 width=121)
	  Recheck Cond: ((id >= 849445) AND (id <= 850444))
	  ->  Bitmap Index Scan on sbtest2_pkey  (cost=0.00..22.93 rows=1049 width=0)
	        Index Cond: ((id >= 849445) AND (id <= 850444))

table 3 : explain SELECT c FROM sbtest3 WHERE id BETWEEN 7526218 AND 7527217
	Bitmap Heap Scan on sbtest3  (cost=22.40..3755.43 rows=972 width=121)
	  Recheck Cond: ((id >= 7526218) AND (id <= 7527217))
	  ->  Bitmap Index Scan on sbtest3_pkey  (cost=0.00..22.15 rows=972 width=0)
	        Index Cond: ((id >= 7526218) AND (id <= 7527217))

table 4 : explain SELECT c FROM sbtest4 WHERE id BETWEEN 4480904 AND 4481903
	Bitmap Heap Scan on sbtest4  (cost=21.96..3594.23 rows=929 width=121)
	  Recheck Cond: ((id >= 4480904) AND (id <= 4481903))
	  ->  Bitmap Index Scan on sbtest4_pkey  (cost=0.00..21.72 rows=929 width=0)
	        Index Cond: ((id >= 4480904) AND (id <= 4481903))

table 5 : explain SELECT c FROM sbtest5 WHERE id BETWEEN 473256 AND 474255
	Bitmap Heap Scan on sbtest5  (cost=21.78..3530.03 rows=912 width=121)
	  Recheck Cond: ((id >= 473256) AND (id <= 474255))
	  ->  Bitmap Index Scan on sbtest5_pkey  (cost=0.00..21.55 rows=912 width=0)
	        Index Cond: ((id >= 473256) AND (id <= 474255))

table 6 : explain SELECT c FROM sbtest6 WHERE id BETWEEN 6118513 AND 6119512
	Bitmap Heap Scan on sbtest6  (cost=22.85..3922.42 rows=1016 width=121)
	  Recheck Cond: ((id >= 6118513) AND (id <= 6119512))
	  ->  Bitmap Index Scan on sbtest6_pkey  (cost=0.00..22.59 rows=1016 width=0)
	        Index Cond: ((id >= 6118513) AND (id <= 6119512))

table 7 : explain SELECT c FROM sbtest7 WHERE id BETWEEN 3806539 AND 3807538
	Bitmap Heap Scan on sbtest7  (cost=22.70..3866.93 rows=1001 width=121)
	  Recheck Cond: ((id >= 3806539) AND (id <= 3807538))
	  ->  Bitmap Index Scan on sbtest7_pkey  (cost=0.00..22.44 rows=1001 width=0)
	        Index Cond: ((id >= 3806539) AND (id <= 3807538))

table 8 : explain SELECT c FROM sbtest8 WHERE id BETWEEN 7036999 AND 7037998
	Bitmap Heap Scan on sbtest8  (cost=27.19..4051.66 rows=1049 width=121)
	  Recheck Cond: ((id >= 7036999) AND (id <= 7037998))
	  ->  Bitmap Index Scan on sbtest8_pkey  (cost=0.00..26.93 rows=1049 width=0)
	        Index Cond: ((id >= 7036999) AND (id <= 7037998))

for: simple_ranges
table 1 : explain SELECT c FROM sbtest1 WHERE id BETWEEN 4758589 AND 4759588
	Bitmap Heap Scan on sbtest1  (cost=23.00..3976.28 rows=1031 width=121)
	  Recheck Cond: ((id >= 4758589) AND (id <= 4759588))
	  ->  Bitmap Index Scan on sbtest1_pkey  (cost=0.00..22.75 rows=1031 width=0)
	        Index Cond: ((id >= 4758589) AND (id <= 4759588))

table 2 : explain SELECT c FROM sbtest2 WHERE id BETWEEN 4548188 AND 4549187
	Bitmap Heap Scan on sbtest2  (cost=21.85..3555.40 rows=919 width=121)
	  Recheck Cond: ((id >= 4548188) AND (id <= 4549187))
	  ->  Bitmap Index Scan on sbtest2_pkey  (cost=0.00..21.62 rows=919 width=0)
	        Index Cond: ((id >= 4548188) AND (id <= 4549187))

table 3 : explain SELECT c FROM sbtest3 WHERE id BETWEEN 641820 AND 642819
	Bitmap Heap Scan on sbtest3  (cost=23.16..4034.02 rows=1046 width=121)
	  Recheck Cond: ((id >= 641820) AND (id <= 642819))
	  ->  Bitmap Index Scan on sbtest3_pkey  (cost=0.00..22.89 rows=1046 width=0)
	        Index Cond: ((id >= 641820) AND (id <= 642819))

table 4 : explain SELECT c FROM sbtest4 WHERE id BETWEEN 4114515 AND 4115514
	Bitmap Heap Scan on sbtest4  (cost=22.34..3733.89 rows=966 width=121)
	  Recheck Cond: ((id >= 4114515) AND (id <= 4115514))
	  ->  Bitmap Index Scan on sbtest4_pkey  (cost=0.00..22.09 rows=966 width=0)
	        Index Cond: ((id >= 4114515) AND (id <= 4115514))

table 5 : explain SELECT c FROM sbtest5 WHERE id BETWEEN 6060475 AND 6061474
	Bitmap Heap Scan on sbtest5  (cost=22.78..3895.99 rows=1009 width=121)
	  Recheck Cond: ((id >= 6060475) AND (id <= 6061474))
	  ->  Bitmap Index Scan on sbtest5_pkey  (cost=0.00..22.52 rows=1009 width=0)
	        Index Cond: ((id >= 6060475) AND (id <= 6061474))

table 6 : explain SELECT c FROM sbtest6 WHERE id BETWEEN 6870227 AND 6871226
	Bitmap Heap Scan on sbtest6  (cost=23.17..4039.09 rows=1047 width=121)
	  Recheck Cond: ((id >= 6870227) AND (id <= 6871226))
	  ->  Bitmap Index Scan on sbtest6_pkey  (cost=0.00..22.90 rows=1047 width=0)
	        Index Cond: ((id >= 6870227) AND (id <= 6871226))

table 7 : explain SELECT c FROM sbtest7 WHERE id BETWEEN 709758 AND 710757
	Bitmap Heap Scan on sbtest7  (cost=21.51..3428.84 rows=885 width=121)
	  Recheck Cond: ((id >= 709758) AND (id <= 710757))
	  ->  Bitmap Index Scan on sbtest7_pkey  (cost=0.00..21.29 rows=885 width=0)
	        Index Cond: ((id >= 709758) AND (id <= 710757))

table 8 : explain SELECT c FROM sbtest8 WHERE id BETWEEN 7904919 AND 7905918
	Bitmap Heap Scan on sbtest8  (cost=27.93..4318.54 rows=1121 width=121)
	  Recheck Cond: ((id >= 7904919) AND (id <= 7905918))
	  ->  Bitmap Index Scan on sbtest8_pkey  (cost=0.00..27.64 rows=1121 width=0)
	        Index Cond: ((id >= 7904919) AND (id <= 7905918))

for: simple_ranges
table 1 : explain SELECT c FROM sbtest1 WHERE id BETWEEN 3570442 AND 3571441
	Bitmap Heap Scan on sbtest1  (cost=22.57..3818.25 rows=989 width=121)
	  Recheck Cond: ((id >= 3570442) AND (id <= 3571441))
	  ->  Bitmap Index Scan on sbtest1_pkey  (cost=0.00..22.32 rows=989 width=0)
	        Index Cond: ((id >= 3570442) AND (id <= 3571441))

table 2 : explain SELECT c FROM sbtest2 WHERE id BETWEEN 3764541 AND 3765540
	Bitmap Heap Scan on sbtest2  (cost=22.02..3615.80 rows=935 width=121)
	  Recheck Cond: ((id >= 3764541) AND (id <= 3765540))
	  ->  Bitmap Index Scan on sbtest2_pkey  (cost=0.00..21.79 rows=935 width=0)
	        Index Cond: ((id >= 3764541) AND (id <= 3765540))

table 3 : explain SELECT c FROM sbtest3 WHERE id BETWEEN 1970609 AND 1971608
	Bitmap Heap Scan on sbtest3  (cost=22.01..3612.09 rows=934 width=121)
	  Recheck Cond: ((id >= 1970609) AND (id <= 1971608))
	  ->  Bitmap Index Scan on sbtest3_pkey  (cost=0.00..21.77 rows=934 width=0)
	        Index Cond: ((id >= 1970609) AND (id <= 1971608))

table 4 : explain SELECT c FROM sbtest4 WHERE id BETWEEN 9277793 AND 9278792
	Bitmap Heap Scan on sbtest4  (cost=27.72..4245.93 rows=1101 width=121)
	  Recheck Cond: ((id >= 9277793) AND (id <= 9278792))
	  ->  Bitmap Index Scan on sbtest4_pkey  (cost=0.00..27.44 rows=1101 width=0)
	        Index Cond: ((id >= 9277793) AND (id <= 9278792))

table 5 : explain SELECT c FROM sbtest5 WHERE id BETWEEN 5495501 AND 5496500
	Bitmap Heap Scan on sbtest5  (cost=21.53..3435.51 rows=887 width=121)
	  Recheck Cond: ((id >= 5495501) AND (id <= 5496500))
	  ->  Bitmap Index Scan on sbtest5_pkey  (cost=0.00..21.30 rows=887 width=0)
	        Index Cond: ((id >= 5495501) AND (id <= 5496500))

table 6 : explain SELECT c FROM sbtest6 WHERE id BETWEEN 2321509 AND 2322508
	Bitmap Heap Scan on sbtest6  (cost=27.67..4227.27 rows=1096 width=121)
	  Recheck Cond: ((id >= 2321509) AND (id <= 2322508))
	  ->  Bitmap Index Scan on sbtest6_pkey  (cost=0.00..27.39 rows=1096 width=0)
	        Index Cond: ((id >= 2321509) AND (id <= 2322508))

table 7 : explain SELECT c FROM sbtest7 WHERE id BETWEEN 1344682 AND 1345681
	Bitmap Heap Scan on sbtest7  (cost=27.64..4217.15 rows=1093 width=121)
	  Recheck Cond: ((id >= 1344682) AND (id <= 1345681))
	  ->  Bitmap Index Scan on sbtest7_pkey  (cost=0.00..27.36 rows=1093 width=0)
	        Index Cond: ((id >= 1344682) AND (id <= 1345681))

table 8 : explain SELECT c FROM sbtest8 WHERE id BETWEEN 1544531 AND 1545530
	Bitmap Heap Scan on sbtest8  (cost=27.50..4168.25 rows=1080 width=121)
	  Recheck Cond: ((id >= 1544531) AND (id <= 1545530))
	  ->  Bitmap Index Scan on sbtest8_pkey  (cost=0.00..27.23 rows=1080 width=0)
	        Index Cond: ((id >= 1544531) AND (id <= 1545530))

for: distinct_ranges
table 1 : explain SELECT DISTINCT c FROM sbtest1 WHERE id BETWEEN 2112395 AND 2113394 ORDER BY c
	Unique  (cost=3672.35..3677.04 rows=938 width=121)
	  ->  Sort  (cost=3672.35..3674.70 rows=938 width=121)
	        Sort Key: c
	        ->  Bitmap Heap Scan on sbtest1  (cost=22.05..3626.04 rows=938 width=121)
	              Recheck Cond: ((id >= 2112395) AND (id <= 2113394))
	              ->  Bitmap Index Scan on sbtest1_pkey  (cost=0.00..21.82 rows=938 width=0)
	                    Index Cond: ((id >= 2112395) AND (id <= 2113394))

table 2 : explain SELECT DISTINCT c FROM sbtest2 WHERE id BETWEEN 722141 AND 723140 ORDER BY c
	Unique  (cost=3979.48..3984.57 rows=1018 width=121)
	  ->  Sort  (cost=3979.48..3982.02 rows=1018 width=121)
	        Sort Key: c
	        ->  Bitmap Heap Scan on sbtest2  (cost=22.87..3928.62 rows=1018 width=121)
	              Recheck Cond: ((id >= 722141) AND (id <= 723140))
	              ->  Bitmap Index Scan on sbtest2_pkey  (cost=0.00..22.61 rows=1018 width=0)
	                    Index Cond: ((id >= 722141) AND (id <= 723140))

table 3 : explain SELECT DISTINCT c FROM sbtest3 WHERE id BETWEEN 2272047 AND 2273046 ORDER BY c
	Unique  (cost=3991.01..3996.11 rows=1021 width=121)
	  ->  Sort  (cost=3991.01..3993.56 rows=1021 width=121)
	        Sort Key: c
	        ->  Bitmap Heap Scan on sbtest3  (cost=22.90..3939.98 rows=1021 width=121)
	              Recheck Cond: ((id >= 2272047) AND (id <= 2273046))
	              ->  Bitmap Index Scan on sbtest3_pkey  (cost=0.00..22.64 rows=1021 width=0)
	                    Index Cond: ((id >= 2272047) AND (id <= 2273046))

table 4 : explain SELECT DISTINCT c FROM sbtest4 WHERE id BETWEEN 9838504 AND 9839503 ORDER BY c
	Unique  (cost=3731.99..3736.76 rows=953 width=121)
	  ->  Sort  (cost=3731.99..3734.38 rows=953 width=121)
	        Sort Key: c
	        ->  Bitmap Heap Scan on sbtest4  (cost=22.20..3684.84 rows=953 width=121)
	              Recheck Cond: ((id >= 9838504) AND (id <= 9839503))
	              ->  Bitmap Index Scan on sbtest4_pkey  (cost=0.00..21.96 rows=953 width=0)
	                    Index Cond: ((id >= 9838504) AND (id <= 9839503))

table 5 : explain SELECT DISTINCT c FROM sbtest5 WHERE id BETWEEN 8514560 AND 8515559 ORDER BY c
	Unique  (cost=3762.66..3767.46 rows=961 width=121)
	  ->  Sort  (cost=3762.66..3765.06 rows=961 width=121)
	        Sort Key: c
	        ->  Bitmap Heap Scan on sbtest5  (cost=22.29..3715.05 rows=961 width=121)
	              Recheck Cond: ((id >= 8514560) AND (id <= 8515559))
	              ->  Bitmap Index Scan on sbtest5_pkey  (cost=0.00..22.04 rows=961 width=0)
	                    Index Cond: ((id >= 8514560) AND (id <= 8515559))

table 6 : explain SELECT DISTINCT c FROM sbtest6 WHERE id BETWEEN 7468742 AND 7469741 ORDER BY c
	Unique  (cost=3716.76..3721.51 rows=949 width=121)
	  ->  Sort  (cost=3716.76..3719.13 rows=949 width=121)
	        Sort Key: c
	        ->  Bitmap Heap Scan on sbtest6  (cost=22.16..3669.83 rows=949 width=121)
	              Recheck Cond: ((id >= 7468742) AND (id <= 7469741))
	              ->  Bitmap Index Scan on sbtest6_pkey  (cost=0.00..21.93 rows=949 width=0)
	                    Index Cond: ((id >= 7468742) AND (id <= 7469741))

table 7 : explain SELECT DISTINCT c FROM sbtest7 WHERE id BETWEEN 9050763 AND 9051762 ORDER BY c
	Unique  (cost=3744.52..3749.30 rows=956 width=121)
	  ->  Sort  (cost=3744.52..3746.91 rows=956 width=121)
	        Sort Key: c
	        ->  Bitmap Heap Scan on sbtest7  (cost=22.23..3697.19 rows=956 width=121)
	              Recheck Cond: ((id >= 9050763) AND (id <= 9051762))
	              ->  Bitmap Index Scan on sbtest7_pkey  (cost=0.00..22.00 rows=956 width=0)
	                    Index Cond: ((id >= 9050763) AND (id <= 9051762))

table 8 : explain SELECT DISTINCT c FROM sbtest8 WHERE id BETWEEN 8875895 AND 8876894 ORDER BY c
	Unique  (cost=3702.33..3707.05 rows=945 width=121)
	  ->  Sort  (cost=3702.33..3704.69 rows=945 width=121)
	        Sort Key: c
	        ->  Bitmap Heap Scan on sbtest8  (cost=22.12..3655.63 rows=945 width=121)
	              Recheck Cond: ((id >= 8875895) AND (id <= 8876894))
	              ->  Bitmap Index Scan on sbtest8_pkey  (cost=0.00..21.89 rows=945 width=0)
	                    Index Cond: ((id >= 8875895) AND (id <= 8876894))

for point_selects
table 1 : explain SELECT c FROM sbtest1 WHERE id=8695255
	Index Scan using sbtest1_pkey on sbtest1  (cost=0.43..8.45 rows=1 width=121)
	  Index Cond: (id = 8695255)

table 2 : explain SELECT c FROM sbtest2 WHERE id=7660091
	Index Scan using sbtest2_pkey on sbtest2  (cost=0.43..8.45 rows=1 width=121)
	  Index Cond: (id = 7660091)

table 3 : explain SELECT c FROM sbtest3 WHERE id=5939195
	Index Scan using sbtest3_pkey on sbtest3  (cost=0.43..8.45 rows=1 width=121)
	  Index Cond: (id = 5939195)

table 4 : explain SELECT c FROM sbtest4 WHERE id=309709
	Index Scan using sbtest4_pkey on sbtest4  (cost=0.43..8.45 rows=1 width=121)
	  Index Cond: (id = 309709)

table 5 : explain SELECT c FROM sbtest5 WHERE id=5493039
	Index Scan using sbtest5_pkey on sbtest5  (cost=0.43..8.45 rows=1 width=121)
	  Index Cond: (id = 5493039)

table 6 : explain SELECT c FROM sbtest6 WHERE id=315615
	Index Scan using sbtest6_pkey on sbtest6  (cost=0.43..8.45 rows=1 width=121)
	  Index Cond: (id = 315615)

table 7 : explain SELECT c FROM sbtest7 WHERE id=4948551
	Index Scan using sbtest7_pkey on sbtest7  (cost=0.43..8.45 rows=1 width=121)
	  Index Cond: (id = 4948551)

table 8 : explain SELECT c FROM sbtest8 WHERE id=5168938
	Index Scan using sbtest8_pkey on sbtest8  (cost=0.43..8.45 rows=1 width=121)
	  Index Cond: (id = 5168938)

for: sum_ranges
table 1 : explain SELECT SUM(k) FROM sbtest1 WHERE id BETWEEN 5049870 AND 5050869
	Aggregate  (cost=3360.04..3360.05 rows=1 width=8)
	  ->  Bitmap Heap Scan on sbtest1  (cost=21.32..3357.87 rows=867 width=4)
	        Recheck Cond: ((id >= 5049870) AND (id <= 5050869))
	        ->  Bitmap Index Scan on sbtest1_pkey  (cost=0.00..21.11 rows=867 width=0)
	              Index Cond: ((id >= 5049870) AND (id <= 5050869))

table 2 : explain SELECT SUM(k) FROM sbtest2 WHERE id BETWEEN 9022442 AND 9023441
	Aggregate  (cost=3633.25..3633.26 rows=1 width=8)
	  ->  Bitmap Heap Scan on sbtest2  (cost=22.06..3630.90 rows=939 width=4)
	        Recheck Cond: ((id >= 9022442) AND (id <= 9023441))
	        ->  Bitmap Index Scan on sbtest2_pkey  (cost=0.00..21.82 rows=939 width=0)
	              Index Cond: ((id >= 9022442) AND (id <= 9023441))

table 3 : explain SELECT SUM(k) FROM sbtest3 WHERE id BETWEEN 5135594 AND 5136593
	Aggregate  (cost=4047.92..4047.93 rows=1 width=8)
	  ->  Bitmap Heap Scan on sbtest3  (cost=23.19..4045.30 rows=1049 width=4)
	        Recheck Cond: ((id >= 5135594) AND (id <= 5136593))
	        ->  Bitmap Index Scan on sbtest3_pkey  (cost=0.00..22.93 rows=1049 width=0)
	              Index Cond: ((id >= 5135594) AND (id <= 5136593))

table 4 : explain SELECT SUM(k) FROM sbtest4 WHERE id BETWEEN 3120122 AND 3121121
	Aggregate  (cost=3924.86..3924.87 rows=1 width=8)
	  ->  Bitmap Heap Scan on sbtest4  (cost=22.85..3922.32 rows=1016 width=4)
	        Recheck Cond: ((id >= 3120122) AND (id <= 3121121))
	        ->  Bitmap Index Scan on sbtest4_pkey  (cost=0.00..22.59 rows=1016 width=0)
	              Index Cond: ((id >= 3120122) AND (id <= 3121121))

table 5 : explain SELECT SUM(k) FROM sbtest5 WHERE id BETWEEN 766770 AND 767769
	Aggregate  (cost=3872.12..3872.13 rows=1 width=8)
	  ->  Bitmap Heap Scan on sbtest5  (cost=22.71..3869.62 rows=1002 width=4)
	        Recheck Cond: ((id >= 766770) AND (id <= 767769))
	        ->  Bitmap Index Scan on sbtest5_pkey  (cost=0.00..22.45 rows=1002 width=0)
	              Index Cond: ((id >= 766770) AND (id <= 767769))

table 6 : explain SELECT SUM(k) FROM sbtest6 WHERE id BETWEEN 1507454 AND 1508453
	Aggregate  (cost=3600.42..3600.43 rows=1 width=8)
	  ->  Bitmap Heap Scan on sbtest6  (cost=21.97..3598.09 rows=930 width=4)
	        Recheck Cond: ((id >= 1507454) AND (id <= 1508453))
	        ->  Bitmap Index Scan on sbtest6_pkey  (cost=0.00..21.73 rows=930 width=0)
	              Index Cond: ((id >= 1507454) AND (id <= 1508453))

table 7 : explain SELECT SUM(k) FROM sbtest7 WHERE id BETWEEN 3133165 AND 3134164
	Aggregate  (cost=3895.83..3895.84 rows=1 width=8)
	  ->  Bitmap Heap Scan on sbtest7  (cost=22.77..3893.31 rows=1008 width=4)
	        Recheck Cond: ((id >= 3133165) AND (id <= 3134164))
	        ->  Bitmap Index Scan on sbtest7_pkey  (cost=0.00..22.51 rows=1008 width=0)
	              Index Cond: ((id >= 3133165) AND (id <= 3134164))

table 8 : explain SELECT SUM(k) FROM sbtest8 WHERE id BETWEEN 6133220 AND 6134219
	Aggregate  (cost=3990.02..3990.03 rows=1 width=8)
	  ->  Bitmap Heap Scan on sbtest8  (cost=23.02..3987.44 rows=1033 width=4)
	        Recheck Cond: ((id >= 6133220) AND (id <= 6134219))
	        ->  Bitmap Index Scan on sbtest8_pkey  (cost=0.00..22.76 rows=1033 width=0)
	              Index Cond: ((id >= 6133220) AND (id <= 6134219))

for: sum_ranges
table 1 : explain SELECT SUM(k) FROM sbtest1 WHERE id BETWEEN 577863 AND 578862
	Aggregate  (cost=3609.51..3609.52 rows=1 width=8)
	  ->  Bitmap Heap Scan on sbtest1  (cost=22.00..3607.18 rows=933 width=4)
	        Recheck Cond: ((id >= 577863) AND (id <= 578862))
	        ->  Bitmap Index Scan on sbtest1_pkey  (cost=0.00..21.76 rows=933 width=0)
	              Index Cond: ((id >= 577863) AND (id <= 578862))

table 2 : explain SELECT SUM(k) FROM sbtest2 WHERE id BETWEEN 1309784 AND 1310783
	Aggregate  (cost=3991.40..3991.41 rows=1 width=8)
	  ->  Bitmap Heap Scan on sbtest2  (cost=23.03..3988.82 rows=1034 width=4)
	        Recheck Cond: ((id >= 1309784) AND (id <= 1310783))
	        ->  Bitmap Index Scan on sbtest2_pkey  (cost=0.00..22.77 rows=1034 width=0)
	              Index Cond: ((id >= 1309784) AND (id <= 1310783))

table 3 : explain SELECT SUM(k) FROM sbtest3 WHERE id BETWEEN 9527939 AND 9528938
	Aggregate  (cost=4138.17..4138.18 rows=1 width=8)
	  ->  Bitmap Heap Scan on sbtest3  (cost=23.43..4135.49 rows=1073 width=4)
	        Recheck Cond: ((id >= 9527939) AND (id <= 9528938))
	        ->  Bitmap Index Scan on sbtest3_pkey  (cost=0.00..23.16 rows=1073 width=0)
	              Index Cond: ((id >= 9527939) AND (id <= 9528938))

table 4 : explain SELECT SUM(k) FROM sbtest4 WHERE id BETWEEN 3115004 AND 3116003
	Aggregate  (cost=3924.86..3924.87 rows=1 width=8)
	  ->  Bitmap Heap Scan on sbtest4  (cost=22.85..3922.32 rows=1016 width=4)
	        Recheck Cond: ((id >= 3115004) AND (id <= 3116003))
	        ->  Bitmap Index Scan on sbtest4_pkey  (cost=0.00..22.59 rows=1016 width=0)
	              Index Cond: ((id >= 3115004) AND (id <= 3116003))

table 5 : explain SELECT SUM(k) FROM sbtest5 WHERE id BETWEEN 5097465 AND 5098464
	Aggregate  (cost=4064.22..4064.23 rows=1 width=8)
	  ->  Bitmap Heap Scan on sbtest5  (cost=23.23..4061.58 rows=1053 width=4)
	        Recheck Cond: ((id >= 5097465) AND (id <= 5098464))
	        ->  Bitmap Index Scan on sbtest5_pkey  (cost=0.00..22.96 rows=1053 width=0)
	              Index Cond: ((id >= 5097465) AND (id <= 5098464))

table 6 : explain SELECT SUM(k) FROM sbtest6 WHERE id BETWEEN 2640068 AND 2641067
	Aggregate  (cost=3906.12..3906.13 rows=1 width=8)
	  ->  Bitmap Heap Scan on sbtest6  (cost=22.80..3903.59 rows=1011 width=4)
	        Recheck Cond: ((id >= 2640068) AND (id <= 2641067))
	        ->  Bitmap Index Scan on sbtest6_pkey  (cost=0.00..22.54 rows=1011 width=0)
	              Index Cond: ((id >= 2640068) AND (id <= 2641067))

table 7 : explain SELECT SUM(k) FROM sbtest7 WHERE id BETWEEN 9661441 AND 9662440
	Aggregate  (cost=4050.32..4050.33 rows=1 width=8)
	  ->  Bitmap Heap Scan on sbtest7  (cost=23.19..4047.70 rows=1049 width=4)
	        Recheck Cond: ((id >= 9661441) AND (id <= 9662440))
	        ->  Bitmap Index Scan on sbtest7_pkey  (cost=0.00..22.93 rows=1049 width=0)
	              Index Cond: ((id >= 9661441) AND (id <= 9662440))

table 8 : explain SELECT SUM(k) FROM sbtest8 WHERE id BETWEEN 2472049 AND 2473048
	Aggregate  (cost=3974.95..3974.96 rows=1 width=8)
	  ->  Bitmap Heap Scan on sbtest8  (cost=22.98..3972.38 rows=1029 width=4)
	        Recheck Cond: ((id >= 2472049) AND (id <= 2473048))
	        ->  Bitmap Index Scan on sbtest8_pkey  (cost=0.00..22.72 rows=1029 width=0)
	              Index Cond: ((id >= 2472049) AND (id <= 2473048))

for point_selects
table 1 : explain SELECT c FROM sbtest1 WHERE id=8276113
	Index Scan using sbtest1_pkey on sbtest1  (cost=0.43..8.45 rows=1 width=121)
	  Index Cond: (id = 8276113)

table 2 : explain SELECT c FROM sbtest2 WHERE id=8230865
	Index Scan using sbtest2_pkey on sbtest2  (cost=0.43..8.45 rows=1 width=121)
	  Index Cond: (id = 8230865)

table 3 : explain SELECT c FROM sbtest3 WHERE id=2917743
	Index Scan using sbtest3_pkey on sbtest3  (cost=0.43..8.45 rows=1 width=121)
	  Index Cond: (id = 2917743)

table 4 : explain SELECT c FROM sbtest4 WHERE id=1096195
	Index Scan using sbtest4_pkey on sbtest4  (cost=0.43..8.45 rows=1 width=121)
	  Index Cond: (id = 1096195)

table 5 : explain SELECT c FROM sbtest5 WHERE id=6122174
	Index Scan using sbtest5_pkey on sbtest5  (cost=0.43..8.45 rows=1 width=121)
	  Index Cond: (id = 6122174)

table 6 : explain SELECT c FROM sbtest6 WHERE id=2683178
	Index Scan using sbtest6_pkey on sbtest6  (cost=0.43..8.45 rows=1 width=121)
	  Index Cond: (id = 2683178)

table 7 : explain SELECT c FROM sbtest7 WHERE id=4338849
	Index Scan using sbtest7_pkey on sbtest7  (cost=0.43..8.45 rows=1 width=121)
	  Index Cond: (id = 4338849)

table 8 : explain SELECT c FROM sbtest8 WHERE id=3811433
	Index Scan using sbtest8_pkey on sbtest8  (cost=0.43..8.45 rows=1 width=121)
	  Index Cond: (id = 3811433)

for: sum_ranges
table 1 : explain SELECT SUM(k) FROM sbtest1 WHERE id BETWEEN 7130897 AND 7131896
	Aggregate  (cost=4185.60..4185.61 rows=1 width=8)
	  ->  Bitmap Heap Scan on sbtest1  (cost=23.57..4182.89 rows=1086 width=4)
	        Recheck Cond: ((id >= 7130897) AND (id <= 7131896))
	        ->  Bitmap Index Scan on sbtest1_pkey  (cost=0.00..23.29 rows=1086 width=0)
	              Index Cond: ((id >= 7130897) AND (id <= 7131896))

table 2 : explain SELECT SUM(k) FROM sbtest2 WHERE id BETWEEN 3873499 AND 3874498
	Aggregate  (cost=3957.52..3957.53 rows=1 width=8)
	  ->  Bitmap Heap Scan on sbtest2  (cost=22.94..3954.96 rows=1025 width=4)
	        Recheck Cond: ((id >= 3873499) AND (id <= 3874498))
	        ->  Bitmap Index Scan on sbtest2_pkey  (cost=0.00..22.68 rows=1025 width=0)
	              Index Cond: ((id >= 3873499) AND (id <= 3874498))

table 3 : explain SELECT SUM(k) FROM sbtest3 WHERE id BETWEEN 8464454 AND 8465453
	Aggregate  (cost=3640.86..3640.87 rows=1 width=8)
	  ->  Bitmap Heap Scan on sbtest3  (cost=22.08..3638.51 rows=941 width=4)
	        Recheck Cond: ((id >= 8464454) AND (id <= 8465453))
	        ->  Bitmap Index Scan on sbtest3_pkey  (cost=0.00..21.84 rows=941 width=0)
	              Index Cond: ((id >= 8464454) AND (id <= 8465453))

table 4 : explain SELECT SUM(k) FROM sbtest4 WHERE id BETWEEN 9741822 AND 9742821
	Aggregate  (cost=3747.62..3747.63 rows=1 width=8)
	  ->  Bitmap Heap Scan on sbtest4  (cost=22.37..3745.20 rows=969 width=4)
	        Recheck Cond: ((id >= 9741822) AND (id <= 9742821))
	        ->  Bitmap Index Scan on sbtest4_pkey  (cost=0.00..22.12 rows=969 width=0)
	              Index Cond: ((id >= 9741822) AND (id <= 9742821))

table 5 : explain SELECT SUM(k) FROM sbtest5 WHERE id BETWEEN 893816 AND 894815
	Aggregate  (cost=3917.35..3917.36 rows=1 width=8)
	  ->  Bitmap Heap Scan on sbtest5  (cost=22.83..3914.82 rows=1014 width=4)
	        Recheck Cond: ((id >= 893816) AND (id <= 894815))
	        ->  Bitmap Index Scan on sbtest5_pkey  (cost=0.00..22.57 rows=1014 width=0)
	              Index Cond: ((id >= 893816) AND (id <= 894815))

table 6 : explain SELECT SUM(k) FROM sbtest6 WHERE id BETWEEN 5364769 AND 5365768
	Aggregate  (cost=3732.62..3732.63 rows=1 width=8)
	  ->  Bitmap Heap Scan on sbtest6  (cost=22.33..3730.20 rows=965 width=4)
	        Recheck Cond: ((id >= 5364769) AND (id <= 5365768))
	        ->  Bitmap Index Scan on sbtest6_pkey  (cost=0.00..22.08 rows=965 width=0)
	              Index Cond: ((id >= 5364769) AND (id <= 5365768))

table 7 : explain SELECT SUM(k) FROM sbtest7 WHERE id BETWEEN 2031795 AND 2032794
	Aggregate  (cost=3620.23..3620.24 rows=1 width=8)
	  ->  Bitmap Heap Scan on sbtest7  (cost=22.02..3617.89 rows=935 width=4)
	        Recheck Cond: ((id >= 2031795) AND (id <= 2032794))
	        ->  Bitmap Index Scan on sbtest7_pkey  (cost=0.00..21.79 rows=935 width=0)
	              Index Cond: ((id >= 2031795) AND (id <= 2032794))

table 8 : explain SELECT SUM(k) FROM sbtest8 WHERE id BETWEEN 5713045 AND 5714044
	Aggregate  (cost=4140.86..4140.87 rows=1 width=8)
	  ->  Bitmap Heap Scan on sbtest8  (cost=27.42..4138.18 rows=1072 width=4)
	        Recheck Cond: ((id >= 5713045) AND (id <= 5714044))
	        ->  Bitmap Index Scan on sbtest8_pkey  (cost=0.00..27.15 rows=1072 width=0)
	              Index Cond: ((id >= 5713045) AND (id <= 5714044))

for: simple_ranges
table 1 : explain SELECT c FROM sbtest1 WHERE id BETWEEN 9152167 AND 9153166
	Bitmap Heap Scan on sbtest1  (cost=23.26..4070.24 rows=1056 width=121)
	  Recheck Cond: ((id >= 9152167) AND (id <= 9153166))
	  ->  Bitmap Index Scan on sbtest1_pkey  (cost=0.00..23.00 rows=1056 width=0)
	        Index Cond: ((id >= 9152167) AND (id <= 9153166))

table 2 : explain SELECT c FROM sbtest2 WHERE id BETWEEN 9245192 AND 9246191
	Bitmap Heap Scan on sbtest2  (cost=22.17..3672.40 rows=950 width=121)
	  Recheck Cond: ((id >= 9245192) AND (id <= 9246191))
	  ->  Bitmap Index Scan on sbtest2_pkey  (cost=0.00..21.93 rows=950 width=0)
	        Index Cond: ((id >= 9245192) AND (id <= 9246191))

table 3 : explain SELECT c FROM sbtest3 WHERE id BETWEEN 8182411 AND 8183410
	Bitmap Heap Scan on sbtest3  (cost=22.53..3804.42 rows=985 width=121)
	  Recheck Cond: ((id >= 8182411) AND (id <= 8183410))
	  ->  Bitmap Index Scan on sbtest3_pkey  (cost=0.00..22.29 rows=985 width=0)
	        Index Cond: ((id >= 8182411) AND (id <= 8183410))

table 4 : explain SELECT c FROM sbtest4 WHERE id BETWEEN 2240335 AND 2241334
	Bitmap Heap Scan on sbtest4  (cost=22.19..3681.07 rows=952 width=121)
	  Recheck Cond: ((id >= 2240335) AND (id <= 2241334))
	  ->  Bitmap Index Scan on sbtest4_pkey  (cost=0.00..21.95 rows=952 width=0)
	        Index Cond: ((id >= 2240335) AND (id <= 2241334))

table 5 : explain SELECT c FROM sbtest5 WHERE id BETWEEN 6789724 AND 6790723
	Bitmap Heap Scan on sbtest5  (cost=22.72..3873.38 rows=1003 width=121)
	  Recheck Cond: ((id >= 6789724) AND (id <= 6790723))
	  ->  Bitmap Index Scan on sbtest5_pkey  (cost=0.00..22.46 rows=1003 width=0)
	        Index Cond: ((id >= 6789724) AND (id <= 6790723))

table 6 : explain SELECT c FROM sbtest6 WHERE id BETWEEN 7539306 AND 7540305
	Bitmap Heap Scan on sbtest6  (cost=22.25..3703.80 rows=958 width=121)
	  Recheck Cond: ((id >= 7539306) AND (id <= 7540305))
	  ->  Bitmap Index Scan on sbtest6_pkey  (cost=0.00..22.01 rows=958 width=0)
	        Index Cond: ((id >= 7539306) AND (id <= 7540305))

table 7 : explain SELECT c FROM sbtest7 WHERE id BETWEEN 835200 AND 836199
	Bitmap Heap Scan on sbtest7  (cost=22.98..3972.41 rows=1029 width=121)
	  Recheck Cond: ((id >= 835200) AND (id <= 836199))
	  ->  Bitmap Index Scan on sbtest7_pkey  (cost=0.00..22.72 rows=1029 width=0)
	        Index Cond: ((id >= 835200) AND (id <= 836199))

table 8 : explain SELECT c FROM sbtest8 WHERE id BETWEEN 1619537 AND 1620536
	Bitmap Heap Scan on sbtest8  (cost=22.72..3874.43 rows=1003 width=121)
	  Recheck Cond: ((id >= 1619537) AND (id <= 1620536))
	  ->  Bitmap Index Scan on sbtest8_pkey  (cost=0.00..22.46 rows=1003 width=0)
	        Index Cond: ((id >= 1619537) AND (id <= 1620536))

for point_selects
table 1 : explain SELECT c FROM sbtest1 WHERE id=6355854
	Index Scan using sbtest1_pkey on sbtest1  (cost=0.43..8.45 rows=1 width=121)
	  Index Cond: (id = 6355854)

table 2 : explain SELECT c FROM sbtest2 WHERE id=9126327
	Index Scan using sbtest2_pkey on sbtest2  (cost=0.43..8.45 rows=1 width=121)
	  Index Cond: (id = 9126327)

table 3 : explain SELECT c FROM sbtest3 WHERE id=9257168
	Index Scan using sbtest3_pkey on sbtest3  (cost=0.43..8.45 rows=1 width=121)
	  Index Cond: (id = 9257168)

table 4 : explain SELECT c FROM sbtest4 WHERE id=6785542
	Index Scan using sbtest4_pkey on sbtest4  (cost=0.43..8.45 rows=1 width=121)
	  Index Cond: (id = 6785542)

table 5 : explain SELECT c FROM sbtest5 WHERE id=4384038
	Index Scan using sbtest5_pkey on sbtest5  (cost=0.43..8.45 rows=1 width=121)
	  Index Cond: (id = 4384038)

table 6 : explain SELECT c FROM sbtest6 WHERE id=736944
	Index Scan using sbtest6_pkey on sbtest6  (cost=0.43..8.45 rows=1 width=121)
	  Index Cond: (id = 736944)

table 7 : explain SELECT c FROM sbtest7 WHERE id=6434046
	Index Scan using sbtest7_pkey on sbtest7  (cost=0.43..8.45 rows=1 width=121)
	  Index Cond: (id = 6434046)

table 8 : explain SELECT c FROM sbtest8 WHERE id=5835395
	Index Scan using sbtest8_pkey on sbtest8  (cost=0.43..8.45 rows=1 width=121)
	  Index Cond: (id = 5835395)

for: order_ranges
table 1 : explain SELECT c FROM sbtest1 WHERE id BETWEEN 3840828 AND 3841827 ORDER BY c
	Sort  (cost=3676.18..3678.53 rows=939 width=121)
	  Sort Key: c
	  ->  Bitmap Heap Scan on sbtest1  (cost=22.06..3629.82 rows=939 width=121)
	        Recheck Cond: ((id >= 3840828) AND (id <= 3841827))
	        ->  Bitmap Index Scan on sbtest1_pkey  (cost=0.00..21.82 rows=939 width=0)
	              Index Cond: ((id >= 3840828) AND (id <= 3841827))

table 2 : explain SELECT c FROM sbtest2 WHERE id BETWEEN 2942591 AND 2943590 ORDER BY c
	Sort  (cost=4044.41..4047.00 rows=1035 width=121)
	  Sort Key: c
	  ->  Bitmap Heap Scan on sbtest2  (cost=23.04..3992.58 rows=1035 width=121)
	        Recheck Cond: ((id >= 2942591) AND (id <= 2943590))
	        ->  Bitmap Index Scan on sbtest2_pkey  (cost=0.00..22.79 rows=1035 width=0)
	              Index Cond: ((id >= 2942591) AND (id <= 2943590))

table 3 : explain SELECT c FROM sbtest3 WHERE id BETWEEN 7960668 AND 7961667 ORDER BY c
	Sort  (cost=3796.01..3798.44 rows=970 width=121)
	  Sort Key: c
	  ->  Bitmap Heap Scan on sbtest3  (cost=22.38..3747.89 rows=970 width=121)
	        Recheck Cond: ((id >= 7960668) AND (id <= 7961667))
	        ->  Bitmap Index Scan on sbtest3_pkey  (cost=0.00..22.14 rows=970 width=0)
	              Index Cond: ((id >= 7960668) AND (id <= 7961667))

table 4 : explain SELECT c FROM sbtest4 WHERE id BETWEEN 2014807 AND 2015806 ORDER BY c
	Sort  (cost=4030.39..4032.97 rows=1031 width=121)
	  Sort Key: c
	  ->  Bitmap Heap Scan on sbtest4  (cost=23.00..3978.79 rows=1031 width=121)
	        Recheck Cond: ((id >= 2014807) AND (id <= 2015806))
	        ->  Bitmap Index Scan on sbtest4_pkey  (cost=0.00..22.75 rows=1031 width=0)
	              Index Cond: ((id >= 2014807) AND (id <= 2015806))

table 5 : explain SELECT c FROM sbtest5 WHERE id BETWEEN 7383788 AND 7384787 ORDER BY c
	Sort  (cost=3693.71..3696.06 rows=943 width=121)
	  Sort Key: c
	  ->  Bitmap Heap Scan on sbtest5  (cost=22.10..3647.12 rows=943 width=121)
	        Recheck Cond: ((id >= 7383788) AND (id <= 7384787))
	        ->  Bitmap Index Scan on sbtest5_pkey  (cost=0.00..21.86 rows=943 width=0)
	              Index Cond: ((id >= 7383788) AND (id <= 7384787))

table 6 : explain SELECT c FROM sbtest6 WHERE id BETWEEN 8638974 AND 8639973 ORDER BY c
	Sort  (cost=4129.80..4132.44 rows=1057 width=121)
	  Sort Key: c
	  ->  Bitmap Heap Scan on sbtest6  (cost=23.27..4076.70 rows=1057 width=121)
	        Recheck Cond: ((id >= 8638974) AND (id <= 8639973))
	        ->  Bitmap Index Scan on sbtest6_pkey  (cost=0.00..23.00 rows=1057 width=0)
	              Index Cond: ((id >= 8638974) AND (id <= 8639973))

table 7 : explain SELECT c FROM sbtest7 WHERE id BETWEEN 7464100 AND 7465099 ORDER BY c
	Sort  (cost=3985.67..3988.21 rows=1019 width=121)
	  Sort Key: c
	  ->  Bitmap Heap Scan on sbtest7  (cost=22.88..3934.75 rows=1019 width=121)
	        Recheck Cond: ((id >= 7464100) AND (id <= 7465099))
	        ->  Bitmap Index Scan on sbtest7_pkey  (cost=0.00..22.62 rows=1019 width=0)
	              Index Cond: ((id >= 7464100) AND (id <= 7465099))

table 8 : explain SELECT c FROM sbtest8 WHERE id BETWEEN 9543363 AND 9544362 ORDER BY c
	Sort  (cost=3813.43..3815.87 rows=974 width=121)
	  Sort Key: c
	  ->  Bitmap Heap Scan on sbtest8  (cost=22.42..3765.08 rows=974 width=121)
	        Recheck Cond: ((id >= 9543363) AND (id <= 9544362))
	        ->  Bitmap Index Scan on sbtest8_pkey  (cost=0.00..22.18 rows=974 width=0)
	              Index Cond: ((id >= 9543363) AND (id <= 9544362))

for: order_ranges
table 1 : explain SELECT c FROM sbtest1 WHERE id BETWEEN 6534717 AND 6535716 ORDER BY c
	Sort  (cost=4077.50..4080.11 rows=1044 width=121)
	  Sort Key: c
	  ->  Bitmap Heap Scan on sbtest1  (cost=23.14..4025.15 rows=1044 width=121)
	        Recheck Cond: ((id >= 6534717) AND (id <= 6535716))
	        ->  Bitmap Index Scan on sbtest1_pkey  (cost=0.00..22.87 rows=1044 width=0)
	              Index Cond: ((id >= 6534717) AND (id <= 6535716))

table 2 : explain SELECT c FROM sbtest2 WHERE id BETWEEN 4340107 AND 4341106 ORDER BY c
	Sort  (cost=3860.98..3863.45 rows=987 width=121)
	  Sort Key: c
	  ->  Bitmap Heap Scan on sbtest2  (cost=22.55..3811.89 rows=987 width=121)
	        Recheck Cond: ((id >= 4340107) AND (id <= 4341106))
	        ->  Bitmap Index Scan on sbtest2_pkey  (cost=0.00..22.30 rows=987 width=0)
	              Index Cond: ((id >= 4340107) AND (id <= 4341106))

table 3 : explain SELECT c FROM sbtest3 WHERE id BETWEEN 9399820 AND 9400819 ORDER BY c
	Sort  (cost=3952.80..3955.33 rows=1011 width=121)
	  Sort Key: c
	  ->  Bitmap Heap Scan on sbtest3  (cost=22.80..3902.34 rows=1011 width=121)
	        Recheck Cond: ((id >= 9399820) AND (id <= 9400819))
	        ->  Bitmap Index Scan on sbtest3_pkey  (cost=0.00..22.54 rows=1011 width=0)
	              Index Cond: ((id >= 9399820) AND (id <= 9400819))

table 4 : explain SELECT c FROM sbtest4 WHERE id BETWEEN 9736575 AND 9737574 ORDER BY c
	Sort  (cost=3793.27..3795.69 rows=969 width=121)
	  Sort Key: c
	  ->  Bitmap Heap Scan on sbtest4  (cost=22.37..3745.20 rows=969 width=121)
	        Recheck Cond: ((id >= 9736575) AND (id <= 9737574))
	        ->  Bitmap Index Scan on sbtest4_pkey  (cost=0.00..22.12 rows=969 width=0)
	              Index Cond: ((id >= 9736575) AND (id <= 9737574))

table 5 : explain SELECT c FROM sbtest5 WHERE id BETWEEN 1120930 AND 1121929 ORDER BY c
	Sort  (cost=3915.74..3918.24 rows=1001 width=121)
	  Sort Key: c
	  ->  Bitmap Heap Scan on sbtest5  (cost=22.70..3865.85 rows=1001 width=121)
	        Recheck Cond: ((id >= 1120930) AND (id <= 1121929))
	        ->  Bitmap Index Scan on sbtest5_pkey  (cost=0.00..22.44 rows=1001 width=0)
	              Index Cond: ((id >= 1120930) AND (id <= 1121929))

table 6 : explain SELECT c FROM sbtest6 WHERE id BETWEEN 1769436 AND 1770435 ORDER BY c
	Sort  (cost=3778.04..3780.45 rows=965 width=121)
	  Sort Key: c
	  ->  Bitmap Heap Scan on sbtest6  (cost=22.33..3730.20 rows=965 width=121)
	        Recheck Cond: ((id >= 1769436) AND (id <= 1770435))
	        ->  Bitmap Index Scan on sbtest6_pkey  (cost=0.00..22.08 rows=965 width=0)
	              Index Cond: ((id >= 1769436) AND (id <= 1770435))

table 7 : explain SELECT c FROM sbtest7 WHERE id BETWEEN 5917739 AND 5918738 ORDER BY c
	Sort  (cost=3989.49..3992.04 rows=1020 width=121)
	  Sort Key: c
	  ->  Bitmap Heap Scan on sbtest7  (cost=22.89..3938.52 rows=1020 width=121)
	        Recheck Cond: ((id >= 5917739) AND (id <= 5918738))
	        ->  Bitmap Index Scan on sbtest7_pkey  (cost=0.00..22.64 rows=1020 width=0)
	              Index Cond: ((id >= 5917739) AND (id <= 5918738))

table 8 : explain SELECT c FROM sbtest8 WHERE id BETWEEN 5985830 AND 5986829 ORDER BY c
	Sort  (cost=3920.61..3923.11 rows=1002 width=121)
	  Sort Key: c
	  ->  Bitmap Heap Scan on sbtest8  (cost=22.71..3870.66 rows=1002 width=121)
	        Recheck Cond: ((id >= 5985830) AND (id <= 5986829))
	        ->  Bitmap Index Scan on sbtest8_pkey  (cost=0.00..22.45 rows=1002 width=0)
	              Index Cond: ((id >= 5985830) AND (id <= 5986829))

explain: for point_selects :: explain SELECT c FROM sbtest%u WHERE id=%u
for: simple_ranges
table 1 : explain SELECT c FROM sbtest1 WHERE id BETWEEN 5884304 AND 5885303
	Bitmap Heap Scan on sbtest1  (cost=22.31..3720.31 rows=963 width=121)
	  Recheck Cond: ((id >= 5884304) AND (id <= 5885303))
	  ->  Bitmap Index Scan on sbtest1_pkey  (cost=0.00..22.07 rows=963 width=0)
	        Index Cond: ((id >= 5884304) AND (id <= 5885303))

table 2 : explain SELECT c FROM sbtest2 WHERE id BETWEEN 7403505 AND 7404504
	Bitmap Heap Scan on sbtest2  (cost=21.87..3559.17 rows=920 width=121)
	  Recheck Cond: ((id >= 7403505) AND (id <= 7404504))
	  ->  Bitmap Index Scan on sbtest2_pkey  (cost=0.00..21.64 rows=920 width=0)
	        Index Cond: ((id >= 7403505) AND (id <= 7404504))

table 3 : explain SELECT c FROM sbtest3 WHERE id BETWEEN 2274470 AND 2275469
	Bitmap Heap Scan on sbtest3  (cost=22.12..3653.61 rows=945 width=121)
	  Recheck Cond: ((id >= 2274470) AND (id <= 2275469))
	  ->  Bitmap Index Scan on sbtest3_pkey  (cost=0.00..21.89 rows=945 width=0)
	        Index Cond: ((id >= 2274470) AND (id <= 2275469))

table 4 : explain SELECT c FROM sbtest4 WHERE id BETWEEN 5283035 AND 5284034
	Bitmap Heap Scan on sbtest4  (cost=22.31..3722.57 rows=963 width=121)
	  Recheck Cond: ((id >= 5283035) AND (id <= 5284034))
	  ->  Bitmap Index Scan on sbtest4_pkey  (cost=0.00..22.07 rows=963 width=0)
	        Index Cond: ((id >= 5283035) AND (id <= 5284034))

table 5 : explain SELECT c FROM sbtest5 WHERE id BETWEEN 8997881 AND 8998880
	Bitmap Heap Scan on sbtest5  (cost=22.39..3752.77 rows=971 width=121)
	  Recheck Cond: ((id >= 8997881) AND (id <= 8998880))
	  ->  Bitmap Index Scan on sbtest5_pkey  (cost=0.00..22.14 rows=971 width=0)
	        Index Cond: ((id >= 8997881) AND (id <= 8998880))

table 6 : explain SELECT c FROM sbtest6 WHERE id BETWEEN 8372392 AND 8373391
	Bitmap Heap Scan on sbtest6  (cost=23.02..3986.42 rows=1033 width=121)
	  Recheck Cond: ((id >= 8372392) AND (id <= 8373391))
	  ->  Bitmap Index Scan on sbtest6_pkey  (cost=0.00..22.76 rows=1033 width=0)
	        Index Cond: ((id >= 8372392) AND (id <= 8373391))

table 7 : explain SELECT c FROM sbtest7 WHERE id BETWEEN 9556431 AND 9557430
	Bitmap Heap Scan on sbtest7  (cost=22.08..3640.55 rows=941 width=121)
	  Recheck Cond: ((id >= 9556431) AND (id <= 9557430))
	  ->  Bitmap Index Scan on sbtest7_pkey  (cost=0.00..21.84 rows=941 width=0)
	        Index Cond: ((id >= 9556431) AND (id <= 9557430))

table 8 : explain SELECT c FROM sbtest8 WHERE id BETWEEN 1591870 AND 1592869
	Bitmap Heap Scan on sbtest8  (cost=27.50..4168.25 rows=1080 width=121)
	  Recheck Cond: ((id >= 1591870) AND (id <= 1592869))
	  ->  Bitmap Index Scan on sbtest8_pkey  (cost=0.00..27.23 rows=1080 width=0)
	        Index Cond: ((id >= 1591870) AND (id <= 1592869))

for: order_ranges
table 1 : explain SELECT c FROM sbtest1 WHERE id BETWEEN 7314215 AND 7315214 ORDER BY c
	Sort  (cost=3836.87..3839.32 rows=981 width=121)
	  Sort Key: c
	  ->  Bitmap Heap Scan on sbtest1  (cost=22.49..3788.12 rows=981 width=121)
	        Recheck Cond: ((id >= 7314215) AND (id <= 7315214))
	        ->  Bitmap Index Scan on sbtest1_pkey  (cost=0.00..22.25 rows=981 width=0)
	              Index Cond: ((id >= 7314215) AND (id <= 7315214))

table 2 : explain SELECT c FROM sbtest2 WHERE id BETWEEN 4682771 AND 4683770 ORDER BY c
	Sort  (cost=4181.80..4184.47 rows=1071 width=121)
	  Sort Key: c
	  ->  Bitmap Heap Scan on sbtest2  (cost=23.41..4127.90 rows=1071 width=121)
	        Recheck Cond: ((id >= 4682771) AND (id <= 4683770))
	        ->  Bitmap Index Scan on sbtest2_pkey  (cost=0.00..23.14 rows=1071 width=0)
	              Index Cond: ((id >= 4682771) AND (id <= 4683770))

table 3 : explain SELECT c FROM sbtest3 WHERE id BETWEEN 3057321 AND 3058320 ORDER BY c
	Sort  (cost=3727.11..3729.49 rows=952 width=121)
	  Sort Key: c
	  ->  Bitmap Heap Scan on sbtest3  (cost=22.19..3680.01 rows=952 width=121)
	        Recheck Cond: ((id >= 3057321) AND (id <= 3058320))
	        ->  Bitmap Index Scan on sbtest3_pkey  (cost=0.00..21.95 rows=952 width=0)
	              Index Cond: ((id >= 3057321) AND (id <= 3058320))

table 4 : explain SELECT c FROM sbtest4 WHERE id BETWEEN 987403 AND 988402 ORDER BY c
	Sort  (cost=3831.54..3833.99 rows=979 width=121)
	  Sort Key: c
	  ->  Bitmap Heap Scan on sbtest4  (cost=22.47..3782.91 rows=979 width=121)
	        Recheck Cond: ((id >= 987403) AND (id <= 988402))
	        ->  Bitmap Index Scan on sbtest4_pkey  (cost=0.00..22.22 rows=979 width=0)
	              Index Cond: ((id >= 987403) AND (id <= 988402))

table 5 : explain SELECT c FROM sbtest5 WHERE id BETWEEN 760773 AND 761772 ORDER BY c
	Sort  (cost=3919.56..3922.07 rows=1002 width=121)
	  Sort Key: c
	  ->  Bitmap Heap Scan on sbtest5  (cost=22.71..3869.62 rows=1002 width=121)
	        Recheck Cond: ((id >= 760773) AND (id <= 761772))
	        ->  Bitmap Index Scan on sbtest5_pkey  (cost=0.00..22.45 rows=1002 width=0)
	              Index Cond: ((id >= 760773) AND (id <= 761772))

table 6 : explain SELECT c FROM sbtest6 WHERE id BETWEEN 6932985 AND 6933984 ORDER BY c
	Sort  (cost=4026.67..4029.24 rows=1030 width=121)
	  Sort Key: c
	  ->  Bitmap Heap Scan on sbtest6  (cost=22.99..3975.13 rows=1030 width=121)
	        Recheck Cond: ((id >= 6932985) AND (id <= 6933984))
	        ->  Bitmap Index Scan on sbtest6_pkey  (cost=0.00..22.73 rows=1030 width=0)
	              Index Cond: ((id >= 6932985) AND (id <= 6933984))

table 7 : explain SELECT c FROM sbtest7 WHERE id BETWEEN 1328197 AND 1329196 ORDER BY c
	Sort  (cost=4272.32..4275.05 rows=1093 width=121)
	  Sort Key: c
	  ->  Bitmap Heap Scan on sbtest7  (cost=27.64..4217.15 rows=1093 width=121)
	        Recheck Cond: ((id >= 1328197) AND (id <= 1329196))
	        ->  Bitmap Index Scan on sbtest7_pkey  (cost=0.00..27.36 rows=1093 width=0)
	              Index Cond: ((id >= 1328197) AND (id <= 1329196))

table 8 : explain SELECT c FROM sbtest8 WHERE id BETWEEN 8779809 AND 8780808 ORDER BY c
	Sort  (cost=3824.92..3827.36 rows=977 width=121)
	  Sort Key: c
	  ->  Bitmap Heap Scan on sbtest8  (cost=22.45..3776.40 rows=977 width=121)
	        Recheck Cond: ((id >= 8779809) AND (id <= 8780808))
	        ->  Bitmap Index Scan on sbtest8_pkey  (cost=0.00..22.20 rows=977 width=0)
	              Index Cond: ((id >= 8779809) AND (id <= 8780808))

explain: for point_selects :: explain SELECT c FROM sbtest%u WHERE id=%u
for: sum_ranges
table 1 : explain SELECT SUM(k) FROM sbtest1 WHERE id BETWEEN 423916 AND 424915
	Aggregate  (cost=3526.42..3526.43 rows=1 width=8)
	  ->  Bitmap Heap Scan on sbtest1  (cost=21.77..3524.15 rows=911 width=4)
	        Recheck Cond: ((id >= 423916) AND (id <= 424915))
	        ->  Bitmap Index Scan on sbtest1_pkey  (cost=0.00..21.54 rows=911 width=0)
	              Index Cond: ((id >= 423916) AND (id <= 424915))

table 2 : explain SELECT SUM(k) FROM sbtest2 WHERE id BETWEEN 3128725 AND 3129724
	Aggregate  (cost=3934.93..3934.94 rows=1 width=8)
	  ->  Bitmap Heap Scan on sbtest2  (cost=22.88..3932.38 rows=1019 width=4)
	        Recheck Cond: ((id >= 3128725) AND (id <= 3129724))
	        ->  Bitmap Index Scan on sbtest2_pkey  (cost=0.00..22.62 rows=1019 width=0)
	              Index Cond: ((id >= 3128725) AND (id <= 3129724))

table 3 : explain SELECT SUM(k) FROM sbtest3 WHERE id BETWEEN 7316752 AND 7317751
	Aggregate  (cost=3791.80..3791.81 rows=1 width=8)
	  ->  Bitmap Heap Scan on sbtest3  (cost=22.49..3789.35 rows=981 width=4)
	        Recheck Cond: ((id >= 7316752) AND (id <= 7317751))
	        ->  Bitmap Index Scan on sbtest3_pkey  (cost=0.00..22.25 rows=981 width=0)
	              Index Cond: ((id >= 7316752) AND (id <= 7317751))

table 4 : explain SELECT SUM(k) FROM sbtest4 WHERE id BETWEEN 3397571 AND 3398570
	Aggregate  (cost=3985.13..3985.14 rows=1 width=8)
	  ->  Bitmap Heap Scan on sbtest4  (cost=23.01..3982.55 rows=1032 width=4)
	        Recheck Cond: ((id >= 3397571) AND (id <= 3398570))
	        ->  Bitmap Index Scan on sbtest4_pkey  (cost=0.00..22.75 rows=1032 width=0)
	              Index Cond: ((id >= 3397571) AND (id <= 3398570))

table 5 : explain SELECT SUM(k) FROM sbtest5 WHERE id BETWEEN 3579878 AND 3580877
	Aggregate  (cost=3532.31..3532.32 rows=1 width=8)
	  ->  Bitmap Heap Scan on sbtest5  (cost=21.78..3530.03 rows=912 width=4)
	        Recheck Cond: ((id >= 3579878) AND (id <= 3580877))
	        ->  Bitmap Index Scan on sbtest5_pkey  (cost=0.00..21.55 rows=912 width=0)
	              Index Cond: ((id >= 3579878) AND (id <= 3580877))

table 6 : explain SELECT SUM(k) FROM sbtest6 WHERE id BETWEEN 8643172 AND 8644171
	Aggregate  (cost=3875.96..3875.97 rows=1 width=8)
	  ->  Bitmap Heap Scan on sbtest6  (cost=22.72..3873.46 rows=1003 width=4)
	        Recheck Cond: ((id >= 8643172) AND (id <= 8644171))
	        ->  Bitmap Index Scan on sbtest6_pkey  (cost=0.00..22.46 rows=1003 width=0)
	              Index Cond: ((id >= 8643172) AND (id <= 8644171))

table 7 : explain SELECT SUM(k) FROM sbtest7 WHERE id BETWEEN 494413 AND 495412
	Aggregate  (cost=4216.12..4216.13 rows=1 width=8)
	  ->  Bitmap Heap Scan on sbtest7  (cost=27.63..4213.39 rows=1092 width=4)
	        Recheck Cond: ((id >= 494413) AND (id <= 495412))
	        ->  Bitmap Index Scan on sbtest7_pkey  (cost=0.00..27.36 rows=1092 width=0)
	              Index Cond: ((id >= 494413) AND (id <= 495412))

table 8 : explain SELECT SUM(k) FROM sbtest8 WHERE id BETWEEN 6094542 AND 6095541
	Aggregate  (cost=3990.02..3990.03 rows=1 width=8)
	  ->  Bitmap Heap Scan on sbtest8  (cost=23.02..3987.44 rows=1033 width=4)
	        Recheck Cond: ((id >= 6094542) AND (id <= 6095541))
	        ->  Bitmap Index Scan on sbtest8_pkey  (cost=0.00..22.76 rows=1033 width=0)
	              Index Cond: ((id >= 6094542) AND (id <= 6095541))

for: distinct_ranges
table 1 : explain SELECT DISTINCT c FROM sbtest1 WHERE id BETWEEN 3566001 AND 3567000 ORDER BY c
	Unique  (cost=3867.45..3872.40 rows=989 width=121)
	  ->  Sort  (cost=3867.45..3869.93 rows=989 width=121)
	        Sort Key: c
	        ->  Bitmap Heap Scan on sbtest1  (cost=22.57..3818.25 rows=989 width=121)
	              Recheck Cond: ((id >= 3566001) AND (id <= 3567000))
	              ->  Bitmap Index Scan on sbtest1_pkey  (cost=0.00..22.32 rows=989 width=0)
	                    Index Cond: ((id >= 3566001) AND (id <= 3567000))

table 2 : explain SELECT DISTINCT c FROM sbtest2 WHERE id BETWEEN 6706493 AND 6707492 ORDER BY c
	Unique  (cost=4032.95..4038.11 rows=1032 width=121)
	  ->  Sort  (cost=4032.95..4035.53 rows=1032 width=121)
	        Sort Key: c
	        ->  Bitmap Heap Scan on sbtest2  (cost=23.01..3981.29 rows=1032 width=121)
	              Recheck Cond: ((id >= 6706493) AND (id <= 6707492))
	              ->  Bitmap Index Scan on sbtest2_pkey  (cost=0.00..22.75 rows=1032 width=0)
	                    Index Cond: ((id >= 6706493) AND (id <= 6707492))

table 3 : explain SELECT DISTINCT c FROM sbtest3 WHERE id BETWEEN 8953650 AND 8954649 ORDER BY c
	Unique  (cost=3443.43..3447.82 rows=878 width=121)
	  ->  Sort  (cost=3443.43..3445.63 rows=878 width=121)
	        Sort Key: c
	        ->  Bitmap Heap Scan on sbtest3  (cost=21.43..3400.50 rows=878 width=121)
	              Recheck Cond: ((id >= 8953650) AND (id <= 8954649))
	              ->  Bitmap Index Scan on sbtest3_pkey  (cost=0.00..21.21 rows=878 width=0)
	                    Index Cond: ((id >= 8953650) AND (id <= 8954649))

table 4 : explain SELECT DISTINCT c FROM sbtest4 WHERE id BETWEEN 8687363 AND 8688362 ORDER BY c
	Unique  (cost=3888.94..3893.91 rows=994 width=121)
	  ->  Sort  (cost=3888.94..3891.42 rows=994 width=121)
	        Sort Key: c
	        ->  Bitmap Heap Scan on sbtest4  (cost=22.62..3839.45 rows=994 width=121)
	              Recheck Cond: ((id >= 8687363) AND (id <= 8688362))
	              ->  Bitmap Index Scan on sbtest4_pkey  (cost=0.00..22.37 rows=994 width=0)
	                    Index Cond: ((id >= 8687363) AND (id <= 8688362))

table 5 : explain SELECT DISTINCT c FROM sbtest5 WHERE id BETWEEN 578794 AND 579793 ORDER BY c
	Unique  (cost=4083.90..4089.12 rows=1045 width=121)
	  ->  Sort  (cost=4083.90..4086.51 rows=1045 width=121)
	        Sort Key: c
	        ->  Bitmap Heap Scan on sbtest5  (cost=23.15..4031.49 rows=1045 width=121)
	              Recheck Cond: ((id >= 578794) AND (id <= 579793))
	              ->  Bitmap Index Scan on sbtest5_pkey  (cost=0.00..22.89 rows=1045 width=0)
	                    Index Cond: ((id >= 578794) AND (id <= 579793))

table 6 : explain SELECT DISTINCT c FROM sbtest6 WHERE id BETWEEN 4383792 AND 4384791 ORDER BY c
	Unique  (cost=3532.73..3537.23 rows=901 width=121)
	  ->  Sort  (cost=3532.73..3534.98 rows=901 width=121)
	        Sort Key: c
	        ->  Bitmap Heap Scan on sbtest6  (cost=21.67..3488.51 rows=901 width=121)
	              Recheck Cond: ((id >= 4383792) AND (id <= 4384791))
	              ->  Bitmap Index Scan on sbtest6_pkey  (cost=0.00..21.44 rows=901 width=0)
	                    Index Cond: ((id >= 4383792) AND (id <= 4384791))

table 7 : explain SELECT DISTINCT c FROM sbtest7 WHERE id BETWEEN 2325645 AND 2326644 ORDER BY c
	Unique  (cost=3660.19..3664.86 rows=934 width=121)
	  ->  Sort  (cost=3660.19..3662.53 rows=934 width=121)
	        Sort Key: c
	        ->  Bitmap Heap Scan on sbtest7  (cost=22.01..3614.11 rows=934 width=121)
	              Recheck Cond: ((id >= 2325645) AND (id <= 2326644))
	              ->  Bitmap Index Scan on sbtest7_pkey  (cost=0.00..21.77 rows=934 width=0)
	                    Index Cond: ((id >= 2325645) AND (id <= 2326644))

table 8 : explain SELECT DISTINCT c FROM sbtest8 WHERE id BETWEEN 1747394 AND 1748393 ORDER BY c
	Unique  (cost=3698.50..3703.22 rows=944 width=121)
	  ->  Sort  (cost=3698.50..3700.86 rows=944 width=121)
	        Sort Key: c
	        ->  Bitmap Heap Scan on sbtest8  (cost=22.11..3651.85 rows=944 width=121)
	              Recheck Cond: ((id >= 1747394) AND (id <= 1748393))
	              ->  Bitmap Index Scan on sbtest8_pkey  (cost=0.00..21.87 rows=944 width=0)
	                    Index Cond: ((id >= 1747394) AND (id <= 1748393))

for: distinct_ranges
table 1 : explain SELECT DISTINCT c FROM sbtest1 WHERE id BETWEEN 782515 AND 783514 ORDER BY c
	Unique  (cost=3974.43..3979.52 rows=1017 width=121)
	  ->  Sort  (cost=3974.43..3976.97 rows=1017 width=121)
	        Sort Key: c
	        ->  Bitmap Heap Scan on sbtest1  (cost=22.86..3923.63 rows=1017 width=121)
	              Recheck Cond: ((id >= 782515) AND (id <= 783514))
	              ->  Bitmap Index Scan on sbtest1_pkey  (cost=0.00..22.61 rows=1017 width=0)
	                    Index Cond: ((id >= 782515) AND (id <= 783514))

table 2 : explain SELECT DISTINCT c FROM sbtest2 WHERE id BETWEEN 4299919 AND 4300918 ORDER BY c
	Unique  (cost=3860.98..3865.91 rows=987 width=121)
	  ->  Sort  (cost=3860.98..3863.45 rows=987 width=121)
	        Sort Key: c
	        ->  Bitmap Heap Scan on sbtest2  (cost=22.55..3811.89 rows=987 width=121)
	              Recheck Cond: ((id >= 4299919) AND (id <= 4300918))
	              ->  Bitmap Index Scan on sbtest2_pkey  (cost=0.00..22.30 rows=987 width=0)
	                    Index Cond: ((id >= 4299919) AND (id <= 4300918))

table 3 : explain SELECT DISTINCT c FROM sbtest3 WHERE id BETWEEN 3396274 AND 3397273 ORDER BY c
	Unique  (cost=3665.84..3670.52 rows=936 width=121)
	  ->  Sort  (cost=3665.84..3668.18 rows=936 width=121)
	        Sort Key: c
	        ->  Bitmap Heap Scan on sbtest3  (cost=22.03..3619.64 rows=936 width=121)
	              Recheck Cond: ((id >= 3396274) AND (id <= 3397273))
	              ->  Bitmap Index Scan on sbtest3_pkey  (cost=0.00..21.79 rows=936 width=0)
	                    Index Cond: ((id >= 3396274) AND (id <= 3397273))

table 4 : explain SELECT DISTINCT c FROM sbtest4 WHERE id BETWEEN 6974965 AND 6975964 ORDER BY c
	Unique  (cost=4343.57..4349.14 rows=1113 width=121)
	  ->  Sort  (cost=4343.57..4346.36 rows=1113 width=121)
	        Sort Key: c
	        ->  Bitmap Heap Scan on sbtest4  (cost=27.84..4287.25 rows=1113 width=121)
	              Recheck Cond: ((id >= 6974965) AND (id <= 6975964))
	              ->  Bitmap Index Scan on sbtest4_pkey  (cost=0.00..27.57 rows=1113 width=0)
	                    Index Cond: ((id >= 6974965) AND (id <= 6975964))

table 5 : explain SELECT DISTINCT c FROM sbtest5 WHERE id BETWEEN 9462532 AND 9463531 ORDER BY c
	Unique  (cost=3919.56..3924.57 rows=1002 width=121)
	  ->  Sort  (cost=3919.56..3922.07 rows=1002 width=121)
	        Sort Key: c
	        ->  Bitmap Heap Scan on sbtest5  (cost=22.71..3869.62 rows=1002 width=121)
	              Recheck Cond: ((id >= 9462532) AND (id <= 9463531))
	              ->  Bitmap Index Scan on sbtest5_pkey  (cost=0.00..22.45 rows=1002 width=0)
	                    Index Cond: ((id >= 9462532) AND (id <= 9463531))

table 6 : explain SELECT DISTINCT c FROM sbtest6 WHERE id BETWEEN 7025387 AND 7026386 ORDER BY c
	Unique  (cost=3444.44..3448.83 rows=878 width=121)
	  ->  Sort  (cost=3444.44..3446.64 rows=878 width=121)
	        Sort Key: c
	        ->  Bitmap Heap Scan on sbtest6  (cost=21.43..3401.51 rows=878 width=121)
	              Recheck Cond: ((id >= 7025387) AND (id <= 7026386))
	              ->  Bitmap Index Scan on sbtest6_pkey  (cost=0.00..21.21 rows=878 width=0)
	                    Index Cond: ((id >= 7025387) AND (id <= 7026386))

table 7 : explain SELECT DISTINCT c FROM sbtest7 WHERE id BETWEEN 34075 AND 35074 ORDER BY c
	Unique  (cost=3801.98..3806.83 rows=971 width=121)
	  ->  Sort  (cost=3801.98..3804.41 rows=971 width=121)
	        Sort Key: c
	        ->  Bitmap Heap Scan on sbtest7  (cost=22.39..3753.80 rows=971 width=121)
	              Recheck Cond: ((id >= 34075) AND (id <= 35074))
	              ->  Bitmap Index Scan on sbtest7_pkey  (cost=0.00..22.14 rows=971 width=0)
	                    Index Cond: ((id >= 34075) AND (id <= 35074))

table 8 : explain SELECT DISTINCT c FROM sbtest8 WHERE id BETWEEN 4434684 AND 4435683 ORDER BY c
	Unique  (cost=3663.99..3668.67 rows=935 width=121)
	  ->  Sort  (cost=3663.99..3666.33 rows=935 width=121)
	        Sort Key: c
	        ->  Bitmap Heap Scan on sbtest8  (cost=22.02..3617.86 rows=935 width=121)
	              Recheck Cond: ((id >= 4434684) AND (id <= 4435683))
	              ->  Bitmap Index Scan on sbtest8_pkey  (cost=0.00..21.79 rows=935 width=0)
	                    Index Cond: ((id >= 4434684) AND (id <= 4435683))

for: simple_ranges
table 1 : explain SELECT c FROM sbtest1 WHERE id BETWEEN 9672787 AND 9673786
	Bitmap Heap Scan on sbtest1  (cost=22.36..3739.15 rows=968 width=121)
	  Recheck Cond: ((id >= 9672787) AND (id <= 9673786))
	  ->  Bitmap Index Scan on sbtest1_pkey  (cost=0.00..22.11 rows=968 width=0)
	        Index Cond: ((id >= 9672787) AND (id <= 9673786))

table 2 : explain SELECT c FROM sbtest2 WHERE id BETWEEN 8414505 AND 8415504
	Bitmap Heap Scan on sbtest2  (cost=22.94..3954.96 rows=1025 width=121)
	  Recheck Cond: ((id >= 8414505) AND (id <= 8415504))
	  ->  Bitmap Index Scan on sbtest2_pkey  (cost=0.00..22.68 rows=1025 width=0)
	        Index Cond: ((id >= 8414505) AND (id <= 8415504))

table 3 : explain SELECT c FROM sbtest3 WHERE id BETWEEN 1726682 AND 1727681
	Bitmap Heap Scan on sbtest3  (cost=22.77..3891.05 rows=1008 width=121)
	  Recheck Cond: ((id >= 1726682) AND (id <= 1727681))
	  ->  Bitmap Index Scan on sbtest3_pkey  (cost=0.00..22.51 rows=1008 width=0)
	        Index Cond: ((id >= 1726682) AND (id <= 1727681))

table 4 : explain SELECT c FROM sbtest4 WHERE id BETWEEN 985630 AND 986629
	Bitmap Heap Scan on sbtest4  (cost=22.47..3782.91 rows=979 width=121)
	  Recheck Cond: ((id >= 985630) AND (id <= 986629))
	  ->  Bitmap Index Scan on sbtest4_pkey  (cost=0.00..22.22 rows=979 width=0)
	        Index Cond: ((id >= 985630) AND (id <= 986629))

table 5 : explain SELECT c FROM sbtest5 WHERE id BETWEEN 1216107 AND 1217106
	Bitmap Heap Scan on sbtest5  (cost=22.70..3865.85 rows=1001 width=121)
	  Recheck Cond: ((id >= 1216107) AND (id <= 1217106))
	  ->  Bitmap Index Scan on sbtest5_pkey  (cost=0.00..22.44 rows=1001 width=0)
	        Index Cond: ((id >= 1216107) AND (id <= 1217106))

table 6 : explain SELECT c FROM sbtest6 WHERE id BETWEEN 1081864 AND 1082863
	Bitmap Heap Scan on sbtest6  (cost=22.90..3941.25 rows=1021 width=121)
	  Recheck Cond: ((id >= 1081864) AND (id <= 1082863))
	  ->  Bitmap Index Scan on sbtest6_pkey  (cost=0.00..22.64 rows=1021 width=0)
	        Index Cond: ((id >= 1081864) AND (id <= 1082863))

table 7 : explain SELECT c FROM sbtest7 WHERE id BETWEEN 3662846 AND 3663845
	Bitmap Heap Scan on sbtest7  (cost=22.45..3776.44 rows=977 width=121)
	  Recheck Cond: ((id >= 3662846) AND (id <= 3663845))
	  ->  Bitmap Index Scan on sbtest7_pkey  (cost=0.00..22.20 rows=977 width=0)
	        Index Cond: ((id >= 3662846) AND (id <= 3663845))

table 8 : explain SELECT c FROM sbtest8 WHERE id BETWEEN 5834964 AND 5835963
	Bitmap Heap Scan on sbtest8  (cost=22.08..3640.52 rows=941 width=121)
	  Recheck Cond: ((id >= 5834964) AND (id <= 5835963))
	  ->  Bitmap Index Scan on sbtest8_pkey  (cost=0.00..21.84 rows=941 width=0)
	        Index Cond: ((id >= 5834964) AND (id <= 5835963))

for: distinct_ranges
table 1 : explain SELECT DISTINCT c FROM sbtest1 WHERE id BETWEEN 2688673 AND 2689672 ORDER BY c
	Unique  (cost=3829.22..3834.12 rows=979 width=121)
	  ->  Sort  (cost=3829.22..3831.67 rows=979 width=121)
	        Sort Key: c
	        ->  Bitmap Heap Scan on sbtest1  (cost=22.47..3780.59 rows=979 width=121)
	              Recheck Cond: ((id >= 2688673) AND (id <= 2689672))
	              ->  Bitmap Index Scan on sbtest1_pkey  (cost=0.00..22.22 rows=979 width=0)
	                    Index Cond: ((id >= 2688673) AND (id <= 2689672))

table 2 : explain SELECT DISTINCT c FROM sbtest2 WHERE id BETWEEN 9687384 AND 9688383 ORDER BY c
	Unique  (cost=4223.75..4229.16 rows=1082 width=121)
	  ->  Sort  (cost=4223.75..4226.45 rows=1082 width=121)
	        Sort Key: c
	        ->  Bitmap Heap Scan on sbtest2  (cost=23.53..4169.22 rows=1082 width=121)
	              Recheck Cond: ((id >= 9687384) AND (id <= 9688383))
	              ->  Bitmap Index Scan on sbtest2_pkey  (cost=0.00..23.25 rows=1082 width=0)
	                    Index Cond: ((id >= 9687384) AND (id <= 9688383))

table 3 : explain SELECT DISTINCT c FROM sbtest3 WHERE id BETWEEN 378849 AND 379848 ORDER BY c
	Unique  (cost=3792.19..3797.03 rows=969 width=121)
	  ->  Sort  (cost=3792.19..3794.61 rows=969 width=121)
	        Sort Key: c
	        ->  Bitmap Heap Scan on sbtest3  (cost=22.37..3744.12 rows=969 width=121)
	              Recheck Cond: ((id >= 378849) AND (id <= 379848))
	              ->  Bitmap Index Scan on sbtest3_pkey  (cost=0.00..22.12 rows=969 width=0)
	                    Index Cond: ((id >= 378849) AND (id <= 379848))

table 4 : explain SELECT DISTINCT c FROM sbtest4 WHERE id BETWEEN 3705768 AND 3706767 ORDER BY c
	Unique  (cost=3693.68..3698.40 rows=943 width=121)
	  ->  Sort  (cost=3693.68..3696.04 rows=943 width=121)
	        Sort Key: c
	        ->  Bitmap Heap Scan on sbtest4  (cost=22.10..3647.10 rows=943 width=121)
	              Recheck Cond: ((id >= 3705768) AND (id <= 3706767))
	              ->  Bitmap Index Scan on sbtest4_pkey  (cost=0.00..21.86 rows=943 width=0)
	                    Index Cond: ((id >= 3705768) AND (id <= 3706767))

table 5 : explain SELECT DISTINCT c FROM sbtest5 WHERE id BETWEEN 8104601 AND 8105600 ORDER BY c
	Unique  (cost=4076.26..4081.47 rows=1043 width=121)
	  ->  Sort  (cost=4076.26..4078.87 rows=1043 width=121)
	        Sort Key: c
	        ->  Bitmap Heap Scan on sbtest5  (cost=23.13..4023.97 rows=1043 width=121)
	              Recheck Cond: ((id >= 8104601) AND (id <= 8105600))
	              ->  Bitmap Index Scan on sbtest5_pkey  (cost=0.00..22.86 rows=1043 width=0)
	                    Index Cond: ((id >= 8104601) AND (id <= 8105600))

table 6 : explain SELECT DISTINCT c FROM sbtest6 WHERE id BETWEEN 6047413 AND 6048412 ORDER BY c
	Unique  (cost=3973.16..3978.24 rows=1016 width=121)
	  ->  Sort  (cost=3973.16..3975.70 rows=1016 width=121)
	        Sort Key: c
	        ->  Bitmap Heap Scan on sbtest6  (cost=22.85..3922.42 rows=1016 width=121)
	              Recheck Cond: ((id >= 6047413) AND (id <= 6048412))
	              ->  Bitmap Index Scan on sbtest6_pkey  (cost=0.00..22.59 rows=1016 width=0)
	                    Index Cond: ((id >= 6047413) AND (id <= 6048412))

table 7 : explain SELECT DISTINCT c FROM sbtest7 WHERE id BETWEEN 3361780 AND 3362779 ORDER BY c
	Unique  (cost=4016.25..4021.39 rows=1027 width=121)
	  ->  Sort  (cost=4016.25..4018.82 rows=1027 width=121)
	        Sort Key: c
	        ->  Bitmap Heap Scan on sbtest7  (cost=22.96..3964.88 rows=1027 width=121)
	              Recheck Cond: ((id >= 3361780) AND (id <= 3362779))
	              ->  Bitmap Index Scan on sbtest7_pkey  (cost=0.00..22.70 rows=1027 width=0)
	                    Index Cond: ((id >= 3361780) AND (id <= 3362779))

table 8 : explain SELECT DISTINCT c FROM sbtest8 WHERE id BETWEEN 8103248 AND 8104247 ORDER BY c
	Unique  (cost=3855.55..3860.47 rows=985 width=121)
	  ->  Sort  (cost=3855.55..3858.01 rows=985 width=121)
	        Sort Key: c
	        ->  Bitmap Heap Scan on sbtest8  (cost=22.53..3806.57 rows=985 width=121)
	              Recheck Cond: ((id >= 8103248) AND (id <= 8104247))
	              ->  Bitmap Index Scan on sbtest8_pkey  (cost=0.00..22.29 rows=985 width=0)
	                    Index Cond: ((id >= 8103248) AND (id <= 8104247))

for: sum_ranges
table 1 : explain SELECT SUM(k) FROM sbtest1 WHERE id BETWEEN 2360665 AND 2361664
	Aggregate  (cost=3367.61..3367.62 rows=1 width=8)
	  ->  Bitmap Heap Scan on sbtest1  (cost=21.34..3365.44 rows=869 width=4)
	        Recheck Cond: ((id >= 2360665) AND (id <= 2361664))
	        ->  Bitmap Index Scan on sbtest1_pkey  (cost=0.00..21.12 rows=869 width=0)
	              Index Cond: ((id >= 2360665) AND (id <= 2361664))

table 2 : explain SELECT SUM(k) FROM sbtest2 WHERE id BETWEEN 3732516 AND 3733515
	Aggregate  (cost=3618.14..3618.15 rows=1 width=8)
	  ->  Bitmap Heap Scan on sbtest2  (cost=22.02..3615.80 rows=935 width=4)
	        Recheck Cond: ((id >= 3732516) AND (id <= 3733515))
	        ->  Bitmap Index Scan on sbtest2_pkey  (cost=0.00..21.79 rows=935 width=0)
	              Index Cond: ((id >= 3732516) AND (id <= 3733515))

table 3 : explain SELECT SUM(k) FROM sbtest3 WHERE id BETWEEN 9750270 AND 9751269
	Aggregate  (cost=3855.89..3855.90 rows=1 width=8)
	  ->  Bitmap Heap Scan on sbtest3  (cost=22.66..3853.39 rows=998 width=4)
	        Recheck Cond: ((id >= 9750270) AND (id <= 9751269))
	        ->  Bitmap Index Scan on sbtest3_pkey  (cost=0.00..22.41 rows=998 width=0)
	              Index Cond: ((id >= 9750270) AND (id <= 9751269))

table 4 : explain SELECT SUM(k) FROM sbtest4 WHERE id BETWEEN 8420386 AND 8421385
	Aggregate  (cost=3928.63..3928.64 rows=1 width=8)
	  ->  Bitmap Heap Scan on sbtest4  (cost=22.86..3926.09 rows=1017 width=4)
	        Recheck Cond: ((id >= 8420386) AND (id <= 8421385))
	        ->  Bitmap Index Scan on sbtest4_pkey  (cost=0.00..22.61 rows=1017 width=0)
	              Index Cond: ((id >= 8420386) AND (id <= 8421385))

table 5 : explain SELECT SUM(k) FROM sbtest5 WHERE id BETWEEN 5070098 AND 5071097
	Aggregate  (cost=4064.22..4064.23 rows=1 width=8)
	  ->  Bitmap Heap Scan on sbtest5  (cost=23.23..4061.58 rows=1053 width=4)
	        Recheck Cond: ((id >= 5070098) AND (id <= 5071097))
	        ->  Bitmap Index Scan on sbtest5_pkey  (cost=0.00..22.96 rows=1053 width=0)
	              Index Cond: ((id >= 5070098) AND (id <= 5071097))

table 6 : explain SELECT SUM(k) FROM sbtest6 WHERE id BETWEEN 2011166 AND 2012165
	Aggregate  (cost=3683.53..3683.54 rows=1 width=8)
	  ->  Bitmap Heap Scan on sbtest6  (cost=22.19..3681.15 rows=952 width=4)
	        Recheck Cond: ((id >= 2011166) AND (id <= 2012165))
	        ->  Bitmap Index Scan on sbtest6_pkey  (cost=0.00..21.95 rows=952 width=0)
	              Index Cond: ((id >= 2011166) AND (id <= 2012165))

table 7 : explain SELECT SUM(k) FROM sbtest7 WHERE id BETWEEN 9422517 AND 9423516
	Aggregate  (cost=3786.43..3786.44 rows=1 width=8)
	  ->  Bitmap Heap Scan on sbtest7  (cost=22.47..3783.98 rows=979 width=4)
	        Recheck Cond: ((id >= 9422517) AND (id <= 9423516))
	        ->  Bitmap Index Scan on sbtest7_pkey  (cost=0.00..22.22 rows=979 width=0)
	              Index Cond: ((id >= 9422517) AND (id <= 9423516))

table 8 : explain SELECT SUM(k) FROM sbtest8 WHERE id BETWEEN 2452653 AND 2453652
	Aggregate  (cost=3974.95..3974.96 rows=1 width=8)
	  ->  Bitmap Heap Scan on sbtest8  (cost=22.98..3972.38 rows=1029 width=4)
	        Recheck Cond: ((id >= 2452653) AND (id <= 2453652))
	        ->  Bitmap Index Scan on sbtest8_pkey  (cost=0.00..22.72 rows=1029 width=0)
	              Index Cond: ((id >= 2452653) AND (id <= 2453652))

for point_selects
table 1 : explain SELECT c FROM sbtest1 WHERE id=2335992
	Index Scan using sbtest1_pkey on sbtest1  (cost=0.43..8.45 rows=1 width=121)
	  Index Cond: (id = 2335992)

table 2 : explain SELECT c FROM sbtest2 WHERE id=8908006
	Index Scan using sbtest2_pkey on sbtest2  (cost=0.43..8.45 rows=1 width=121)
	  Index Cond: (id = 8908006)

table 3 : explain SELECT c FROM sbtest3 WHERE id=8248945
	Index Scan using sbtest3_pkey on sbtest3  (cost=0.43..8.45 rows=1 width=121)
	  Index Cond: (id = 8248945)

table 4 : explain SELECT c FROM sbtest4 WHERE id=8643118
	Index Scan using sbtest4_pkey on sbtest4  (cost=0.43..8.45 rows=1 width=121)
	  Index Cond: (id = 8643118)

table 5 : explain SELECT c FROM sbtest5 WHERE id=5392173
	Index Scan using sbtest5_pkey on sbtest5  (cost=0.43..8.45 rows=1 width=121)
	  Index Cond: (id = 5392173)

table 6 : explain SELECT c FROM sbtest6 WHERE id=6136480
	Index Scan using sbtest6_pkey on sbtest6  (cost=0.43..8.45 rows=1 width=121)
	  Index Cond: (id = 6136480)

table 7 : explain SELECT c FROM sbtest7 WHERE id=2570763
	Index Scan using sbtest7_pkey on sbtest7  (cost=0.43..8.45 rows=1 width=121)
	  Index Cond: (id = 2570763)

table 8 : explain SELECT c FROM sbtest8 WHERE id=7036484
	Index Scan using sbtest8_pkey on sbtest8  (cost=0.43..8.45 rows=1 width=121)
	  Index Cond: (id = 7036484)

for: order_ranges
table 1 : explain SELECT c FROM sbtest1 WHERE id BETWEEN 5869215 AND 5870214 ORDER BY c
	Sort  (cost=3450.07..3452.27 rows=880 width=121)
	  Sort Key: c
	  ->  Bitmap Heap Scan on sbtest1  (cost=21.45..3407.03 rows=880 width=121)
	        Recheck Cond: ((id >= 5869215) AND (id <= 5870214))
	        ->  Bitmap Index Scan on sbtest1_pkey  (cost=0.00..21.23 rows=880 width=0)
	              Index Cond: ((id >= 5869215) AND (id <= 5870214))

table 2 : explain SELECT c FROM sbtest2 WHERE id BETWEEN 6854713 AND 6855712 ORDER BY c
	Sort  (cost=3654.28..3656.61 rows=933 width=121)
	  Sort Key: c
	  ->  Bitmap Heap Scan on sbtest2  (cost=22.00..3608.26 rows=933 width=121)
	        Recheck Cond: ((id >= 6854713) AND (id <= 6855712))
	        ->  Bitmap Index Scan on sbtest2_pkey  (cost=0.00..21.76 rows=933 width=0)
	              Index Cond: ((id >= 6854713) AND (id <= 6855712))

table 3 : explain SELECT c FROM sbtest3 WHERE id BETWEEN 5463221 AND 5464220 ORDER BY c
	Sort  (cost=3807.49..3809.92 rows=973 width=121)
	  Sort Key: c
	  ->  Bitmap Heap Scan on sbtest3  (cost=22.41..3759.20 rows=973 width=121)
	        Recheck Cond: ((id >= 5463221) AND (id <= 5464220))
	        ->  Bitmap Index Scan on sbtest3_pkey  (cost=0.00..22.16 rows=973 width=0)
	              Index Cond: ((id >= 5463221) AND (id <= 5464220))

table 4 : explain SELECT c FROM sbtest4 WHERE id BETWEEN 9596531 AND 9597530 ORDER BY c
	Sort  (cost=3793.27..3795.69 rows=969 width=121)
	  Sort Key: c
	  ->  Bitmap Heap Scan on sbtest4  (cost=22.37..3745.20 rows=969 width=121)
	        Recheck Cond: ((id >= 9596531) AND (id <= 9597530))
	        ->  Bitmap Index Scan on sbtest4_pkey  (cost=0.00..22.12 rows=969 width=0)
	              Index Cond: ((id >= 9596531) AND (id <= 9597530))

table 5 : explain SELECT c FROM sbtest5 WHERE id BETWEEN 179933 AND 180932 ORDER BY c
	Sort  (cost=3594.04..3596.33 rows=917 width=121)
	  Sort Key: c
	  ->  Bitmap Heap Scan on sbtest5  (cost=21.83..3548.92 rows=917 width=121)
	        Recheck Cond: ((id >= 179933) AND (id <= 180932))
	        ->  Bitmap Index Scan on sbtest5_pkey  (cost=0.00..21.61 rows=917 width=0)
	              Index Cond: ((id >= 179933) AND (id <= 180932))

table 6 : explain SELECT c FROM sbtest6 WHERE id BETWEEN 9788425 AND 9789424 ORDER BY c
	Sort  (cost=4156.52..4159.18 rows=1064 width=121)
	  Sort Key: c
	  ->  Bitmap Heap Scan on sbtest6  (cost=23.34..4103.02 rows=1064 width=121)
	        Recheck Cond: ((id >= 9788425) AND (id <= 9789424))
	        ->  Bitmap Index Scan on sbtest6_pkey  (cost=0.00..23.07 rows=1064 width=0)
	              Index Cond: ((id >= 9788425) AND (id <= 9789424))

table 7 : explain SELECT c FROM sbtest7 WHERE id BETWEEN 5875406 AND 5876405 ORDER BY c
	Sort  (cost=3989.49..3992.04 rows=1020 width=121)
	  Sort Key: c
	  ->  Bitmap Heap Scan on sbtest7  (cost=22.89..3938.52 rows=1020 width=121)
	        Recheck Cond: ((id >= 5875406) AND (id <= 5876405))
	        ->  Bitmap Index Scan on sbtest7_pkey  (cost=0.00..22.64 rows=1020 width=0)
	              Index Cond: ((id >= 5875406) AND (id <= 5876405))

table 8 : explain SELECT c FROM sbtest8 WHERE id BETWEEN 1596898 AND 1597897 ORDER BY c
	Sort  (cost=4222.67..4225.37 rows=1080 width=121)
	  Sort Key: c
	  ->  Bitmap Heap Scan on sbtest8  (cost=27.50..4168.25 rows=1080 width=121)
	        Recheck Cond: ((id >= 1596898) AND (id <= 1597897))
	        ->  Bitmap Index Scan on sbtest8_pkey  (cost=0.00..27.23 rows=1080 width=0)
	              Index Cond: ((id >= 1596898) AND (id <= 1597897))

for point_selects
table 1 : explain SELECT c FROM sbtest1 WHERE id=9260853
	Index Scan using sbtest1_pkey on sbtest1  (cost=0.43..8.45 rows=1 width=121)
	  Index Cond: (id = 9260853)

table 2 : explain SELECT c FROM sbtest2 WHERE id=8409705
	Index Scan using sbtest2_pkey on sbtest2  (cost=0.43..8.45 rows=1 width=121)
	  Index Cond: (id = 8409705)

table 3 : explain SELECT c FROM sbtest3 WHERE id=4439764
	Index Scan using sbtest3_pkey on sbtest3  (cost=0.43..8.45 rows=1 width=121)
	  Index Cond: (id = 4439764)

table 4 : explain SELECT c FROM sbtest4 WHERE id=9523806
	Index Scan using sbtest4_pkey on sbtest4  (cost=0.43..8.45 rows=1 width=121)
	  Index Cond: (id = 9523806)

table 5 : explain SELECT c FROM sbtest5 WHERE id=1707007
	Index Scan using sbtest5_pkey on sbtest5  (cost=0.43..8.45 rows=1 width=121)
	  Index Cond: (id = 1707007)

table 6 : explain SELECT c FROM sbtest6 WHERE id=3969451
	Index Scan using sbtest6_pkey on sbtest6  (cost=0.43..8.45 rows=1 width=121)
	  Index Cond: (id = 3969451)

table 7 : explain SELECT c FROM sbtest7 WHERE id=8305126
	Index Scan using sbtest7_pkey on sbtest7  (cost=0.43..8.45 rows=1 width=121)
	  Index Cond: (id = 8305126)

table 8 : explain SELECT c FROM sbtest8 WHERE id=4843856
	Index Scan using sbtest8_pkey on sbtest8  (cost=0.43..8.45 rows=1 width=121)
	  Index Cond: (id = 4843856)

for point_selects
table 1 : explain SELECT c FROM sbtest1 WHERE id=1429614
	Index Scan using sbtest1_pkey on sbtest1  (cost=0.43..8.45 rows=1 width=121)
	  Index Cond: (id = 1429614)

table 2 : explain SELECT c FROM sbtest2 WHERE id=4091124
	Index Scan using sbtest2_pkey on sbtest2  (cost=0.43..8.45 rows=1 width=121)
	  Index Cond: (id = 4091124)

table 3 : explain SELECT c FROM sbtest3 WHERE id=5583951
	Index Scan using sbtest3_pkey on sbtest3  (cost=0.43..8.45 rows=1 width=121)
	  Index Cond: (id = 5583951)

table 4 : explain SELECT c FROM sbtest4 WHERE id=1048960
	Index Scan using sbtest4_pkey on sbtest4  (cost=0.43..8.45 rows=1 width=121)
	  Index Cond: (id = 1048960)

table 5 : explain SELECT c FROM sbtest5 WHERE id=299624
	Index Scan using sbtest5_pkey on sbtest5  (cost=0.43..8.45 rows=1 width=121)
	  Index Cond: (id = 299624)

table 6 : explain SELECT c FROM sbtest6 WHERE id=115179
	Index Scan using sbtest6_pkey on sbtest6  (cost=0.43..8.45 rows=1 width=121)
	  Index Cond: (id = 115179)

table 7 : explain SELECT c FROM sbtest7 WHERE id=9857137
	Index Scan using sbtest7_pkey on sbtest7  (cost=0.43..8.45 rows=1 width=121)
	  Index Cond: (id = 9857137)

table 8 : explain SELECT c FROM sbtest8 WHERE id=654890
	Index Scan using sbtest8_pkey on sbtest8  (cost=0.43..8.45 rows=1 width=121)
	  Index Cond: (id = 654890)

for: sum_ranges
table 1 : explain SELECT SUM(k) FROM sbtest1 WHERE id BETWEEN 9811545 AND 9812544
	Aggregate  (cost=3873.46..3873.47 rows=1 width=8)
	  ->  Bitmap Heap Scan on sbtest1  (cost=22.72..3870.95 rows=1003 width=4)
	        Recheck Cond: ((id >= 9811545) AND (id <= 9812544))
	        ->  Bitmap Index Scan on sbtest1_pkey  (cost=0.00..22.46 rows=1003 width=0)
	              Index Cond: ((id >= 9811545) AND (id <= 9812544))

table 2 : explain SELECT SUM(k) FROM sbtest2 WHERE id BETWEEN 9123086 AND 9124085
	Aggregate  (cost=3795.51..3795.52 rows=1 width=8)
	  ->  Bitmap Heap Scan on sbtest2  (cost=22.50..3793.05 rows=982 width=4)
	        Recheck Cond: ((id >= 9123086) AND (id <= 9124085))
	        ->  Bitmap Index Scan on sbtest2_pkey  (cost=0.00..22.25 rows=982 width=0)
	              Index Cond: ((id >= 9123086) AND (id <= 9124085))

table 3 : explain SELECT SUM(k) FROM sbtest3 WHERE id BETWEEN 3375238 AND 3376237
	Aggregate  (cost=3803.11..3803.12 rows=1 width=8)
	  ->  Bitmap Heap Scan on sbtest3  (cost=22.52..3800.65 rows=984 width=4)
	        Recheck Cond: ((id >= 3375238) AND (id <= 3376237))
	        ->  Bitmap Index Scan on sbtest3_pkey  (cost=0.00..22.27 rows=984 width=0)
	              Index Cond: ((id >= 3375238) AND (id <= 3376237))

table 4 : explain SELECT SUM(k) FROM sbtest4 WHERE id BETWEEN 4887337 AND 4888336
	Aggregate  (cost=4507.68..4507.69 rows=1 width=8)
	  ->  Bitmap Heap Scan on sbtest4  (cost=28.44..4504.75 rows=1171 width=4)
	        Recheck Cond: ((id >= 4887337) AND (id <= 4888336))
	        ->  Bitmap Index Scan on sbtest4_pkey  (cost=0.00..28.14 rows=1171 width=0)
	              Index Cond: ((id >= 4887337) AND (id <= 4888336))

table 5 : explain SELECT SUM(k) FROM sbtest5 WHERE id BETWEEN 3488381 AND 3489380
	Aggregate  (cost=3536.09..3536.10 rows=1 width=8)
	  ->  Bitmap Heap Scan on sbtest5  (cost=21.79..3533.81 rows=913 width=4)
	        Recheck Cond: ((id >= 3488381) AND (id <= 3489380))
	        ->  Bitmap Index Scan on sbtest5_pkey  (cost=0.00..21.57 rows=913 width=0)
	              Index Cond: ((id >= 3488381) AND (id <= 3489380))

table 6 : explain SELECT SUM(k) FROM sbtest6 WHERE id BETWEEN 9881327 AND 9882326
	Aggregate  (cost=4192.18..4192.19 rows=1 width=8)
	  ->  Bitmap Heap Scan on sbtest6  (cost=23.58..4189.46 rows=1087 width=4)
	        Recheck Cond: ((id >= 9881327) AND (id <= 9882326))
	        ->  Bitmap Index Scan on sbtest6_pkey  (cost=0.00..23.30 rows=1087 width=0)
	              Index Cond: ((id >= 9881327) AND (id <= 9882326))

table 7 : explain SELECT SUM(k) FROM sbtest7 WHERE id BETWEEN 9923817 AND 9924816
	Aggregate  (cost=3873.20..3873.21 rows=1 width=8)
	  ->  Bitmap Heap Scan on sbtest7  (cost=22.71..3870.70 rows=1002 width=4)
	        Recheck Cond: ((id >= 9923817) AND (id <= 9924816))
	        ->  Bitmap Index Scan on sbtest7_pkey  (cost=0.00..22.45 rows=1002 width=0)
	              Index Cond: ((id >= 9923817) AND (id <= 9924816))

table 8 : explain SELECT SUM(k) FROM sbtest8 WHERE id BETWEEN 3556123 AND 3557122
	Aggregate  (cost=4317.59..4317.60 rows=1 width=8)
	  ->  Bitmap Heap Scan on sbtest8  (cost=27.92..4314.79 rows=1120 width=4)
	        Recheck Cond: ((id >= 3556123) AND (id <= 3557122))
	        ->  Bitmap Index Scan on sbtest8_pkey  (cost=0.00..27.64 rows=1120 width=0)
	              Index Cond: ((id >= 3556123) AND (id <= 3557122))

for: distinct_ranges
table 1 : explain SELECT DISTINCT c FROM sbtest1 WHERE id BETWEEN 6087982 AND 6088981 ORDER BY c
	Unique  (cost=3898.03..3903.01 rows=997 width=121)
	  ->  Sort  (cost=3898.03..3900.52 rows=997 width=121)
	        Sort Key: c
	        ->  Bitmap Heap Scan on sbtest1  (cost=22.65..3848.37 rows=997 width=121)
	              Recheck Cond: ((id >= 6087982) AND (id <= 6088981))
	              ->  Bitmap Index Scan on sbtest1_pkey  (cost=0.00..22.40 rows=997 width=0)
	                    Index Cond: ((id >= 6087982) AND (id <= 6088981))

table 2 : explain SELECT DISTINCT c FROM sbtest2 WHERE id BETWEEN 8780575 AND 8781574 ORDER BY c
	Unique  (cost=3684.92..3689.63 rows=941 width=121)
	  ->  Sort  (cost=3684.92..3687.28 rows=941 width=121)
	        Sort Key: c
	        ->  Bitmap Heap Scan on sbtest2  (cost=22.08..3638.45 rows=941 width=121)
	              Recheck Cond: ((id >= 8780575) AND (id <= 8781574))
	              ->  Bitmap Index Scan on sbtest2_pkey  (cost=0.00..21.84 rows=941 width=0)
	                    Index Cond: ((id >= 8780575) AND (id <= 8781574))

table 3 : explain SELECT DISTINCT c FROM sbtest3 WHERE id BETWEEN 3102013 AND 3103012 ORDER BY c
	Unique  (cost=3642.85..3647.50 rows=930 width=121)
	  ->  Sort  (cost=3642.85..3645.17 rows=930 width=121)
	        Sort Key: c
	        ->  Bitmap Heap Scan on sbtest3  (cost=21.97..3596.99 rows=930 width=121)
	              Recheck Cond: ((id >= 3102013) AND (id <= 3103012))
	              ->  Bitmap Index Scan on sbtest3_pkey  (cost=0.00..21.73 rows=930 width=0)
	                    Index Cond: ((id >= 3102013) AND (id <= 3103012))

table 4 : explain SELECT DISTINCT c FROM sbtest4 WHERE id BETWEEN 2435437 AND 2436436 ORDER BY c
	Unique  (cost=3885.11..3890.08 rows=993 width=121)
	  ->  Sort  (cost=3885.11..3887.59 rows=993 width=121)
	        Sort Key: c
	        ->  Bitmap Heap Scan on sbtest4  (cost=22.61..3835.68 rows=993 width=121)
	              Recheck Cond: ((id >= 2435437) AND (id <= 2436436))
	              ->  Bitmap Index Scan on sbtest4_pkey  (cost=0.00..22.36 rows=993 width=0)
	                    Index Cond: ((id >= 2435437) AND (id <= 2436436))

table 5 : explain SELECT DISTINCT c FROM sbtest5 WHERE id BETWEEN 8411200 AND 8412199 ORDER BY c
	Unique  (cost=3540.34..3544.86 rows=903 width=121)
	  ->  Sort  (cost=3540.34..3542.60 rows=903 width=121)
	        Sort Key: c
	        ->  Bitmap Heap Scan on sbtest5  (cost=21.69..3496.01 rows=903 width=121)
	              Recheck Cond: ((id >= 8411200) AND (id <= 8412199))
	              ->  Bitmap Index Scan on sbtest5_pkey  (cost=0.00..21.46 rows=903 width=0)
	                    Index Cond: ((id >= 8411200) AND (id <= 8412199))

table 6 : explain SELECT DISTINCT c FROM sbtest6 WHERE id BETWEEN 4617652 AND 4618651 ORDER BY c
	Unique  (cost=3850.77..3855.69 rows=984 width=121)
	  ->  Sort  (cost=3850.77..3853.23 rows=984 width=121)
	        Sort Key: c
	        ->  Bitmap Heap Scan on sbtest6  (cost=22.52..3801.85 rows=984 width=121)
	              Recheck Cond: ((id >= 4617652) AND (id <= 4618651))
	              ->  Bitmap Index Scan on sbtest6_pkey  (cost=0.00..22.27 rows=984 width=0)
	                    Index Cond: ((id >= 4617652) AND (id <= 4618651))

table 7 : explain SELECT DISTINCT c FROM sbtest7 WHERE id BETWEEN 4732936 AND 4733935 ORDER BY c
	Unique  (cost=4405.86..4411.51 rows=1129 width=121)
	  ->  Sort  (cost=4405.86..4408.68 rows=1129 width=121)
	        Sort Key: c
	        ->  Bitmap Heap Scan on sbtest7  (cost=28.01..4348.62 rows=1129 width=121)
	              Recheck Cond: ((id >= 4732936) AND (id <= 4733935))
	              ->  Bitmap Index Scan on sbtest7_pkey  (cost=0.00..27.72 rows=1129 width=0)
	                    Index Cond: ((id >= 4732936) AND (id <= 4733935))

table 8 : explain SELECT DISTINCT c FROM sbtest8 WHERE id BETWEEN 7670600 AND 7671599 ORDER BY c
	Unique  (cost=3602.63..3607.22 rows=919 width=121)
	  ->  Sort  (cost=3602.63..3604.93 rows=919 width=121)
	        Sort Key: c
	        ->  Bitmap Heap Scan on sbtest8  (cost=21.85..3557.40 rows=919 width=121)
	              Recheck Cond: ((id >= 7670600) AND (id <= 7671599))
	              ->  Bitmap Index Scan on sbtest8_pkey  (cost=0.00..21.62 rows=919 width=0)
	                    Index Cond: ((id >= 7670600) AND (id <= 7671599))

for: order_ranges
table 1 : explain SELECT c FROM sbtest1 WHERE id BETWEEN 8059189 AND 8060188 ORDER BY c
	Sort  (cost=3407.86..3410.03 rows=869 width=121)
	  Sort Key: c
	  ->  Bitmap Heap Scan on sbtest1  (cost=21.34..3365.44 rows=869 width=121)
	        Recheck Cond: ((id >= 8059189) AND (id <= 8060188))
	        ->  Bitmap Index Scan on sbtest1_pkey  (cost=0.00..21.12 rows=869 width=0)
	              Index Cond: ((id >= 8059189) AND (id <= 8060188))

table 2 : explain SELECT c FROM sbtest2 WHERE id BETWEEN 7092645 AND 7093644 ORDER BY c
	Sort  (cost=3929.80..3932.31 rows=1005 width=121)
	  Sort Key: c
	  ->  Bitmap Heap Scan on sbtest2  (cost=22.74..3879.68 rows=1005 width=121)
	        Recheck Cond: ((id >= 7092645) AND (id <= 7093644))
	        ->  Bitmap Index Scan on sbtest2_pkey  (cost=0.00..22.48 rows=1005 width=0)
	              Index Cond: ((id >= 7092645) AND (id <= 7093644))

table 3 : explain SELECT c FROM sbtest3 WHERE id BETWEEN 4281989 AND 4282988 ORDER BY c
	Sort  (cost=4189.50..4192.18 rows=1073 width=121)
	  Sort Key: c
	  ->  Bitmap Heap Scan on sbtest3  (cost=23.43..4135.49 rows=1073 width=121)
	        Recheck Cond: ((id >= 4281989) AND (id <= 4282988))
	        ->  Bitmap Index Scan on sbtest3_pkey  (cost=0.00..23.16 rows=1073 width=0)
	              Index Cond: ((id >= 4281989) AND (id <= 4282988))

table 4 : explain SELECT c FROM sbtest4 WHERE id BETWEEN 7553979 AND 7554978 ORDER BY c
	Sort  (cost=3697.52..3699.88 rows=944 width=121)
	  Sort Key: c
	  ->  Bitmap Heap Scan on sbtest4  (cost=22.11..3650.87 rows=944 width=121)
	        Recheck Cond: ((id >= 7553979) AND (id <= 7554978))
	        ->  Bitmap Index Scan on sbtest4_pkey  (cost=0.00..21.87 rows=944 width=0)
	              Index Cond: ((id >= 7553979) AND (id <= 7554978))

table 5 : explain SELECT c FROM sbtest5 WHERE id BETWEEN 1096133 AND 1097132 ORDER BY c
	Sort  (cost=4129.72..4132.36 rows=1057 width=121)
	  Sort Key: c
	  ->  Bitmap Heap Scan on sbtest5  (cost=23.27..4076.63 rows=1057 width=121)
	        Recheck Cond: ((id >= 1096133) AND (id <= 1097132))
	        ->  Bitmap Index Scan on sbtest5_pkey  (cost=0.00..23.00 rows=1057 width=0)
	              Index Cond: ((id >= 1096133) AND (id <= 1097132))

table 6 : explain SELECT c FROM sbtest6 WHERE id BETWEEN 2020047 AND 2021046 ORDER BY c
	Sort  (cost=3988.45..3991.00 rows=1020 width=121)
	  Sort Key: c
	  ->  Bitmap Heap Scan on sbtest6  (cost=22.89..3937.48 rows=1020 width=121)
	        Recheck Cond: ((id >= 2020047) AND (id <= 2021046))
	        ->  Bitmap Index Scan on sbtest6_pkey  (cost=0.00..22.64 rows=1020 width=0)
	              Index Cond: ((id >= 2020047) AND (id <= 2021046))

table 7 : explain SELECT c FROM sbtest7 WHERE id BETWEEN 6147311 AND 6148310 ORDER BY c
	Sort  (cost=3824.95..3827.40 rows=977 width=121)
	  Sort Key: c
	  ->  Bitmap Heap Scan on sbtest7  (cost=22.45..3776.44 rows=977 width=121)
	        Recheck Cond: ((id >= 6147311) AND (id <= 6148310))
	        ->  Bitmap Index Scan on sbtest7_pkey  (cost=0.00..22.20 rows=977 width=0)
	              Index Cond: ((id >= 6147311) AND (id <= 6148310))

table 8 : explain SELECT c FROM sbtest8 WHERE id BETWEEN 6080512 AND 6081511 ORDER BY c
	Sort  (cost=3920.61..3923.11 rows=1002 width=121)
	  Sort Key: c
	  ->  Bitmap Heap Scan on sbtest8  (cost=22.71..3870.66 rows=1002 width=121)
	        Recheck Cond: ((id >= 6080512) AND (id <= 6081511))
	        ->  Bitmap Index Scan on sbtest8_pkey  (cost=0.00..22.45 rows=1002 width=0)
	              Index Cond: ((id >= 6080512) AND (id <= 6081511))

for: simple_ranges
table 1 : explain SELECT c FROM sbtest1 WHERE id BETWEEN 3876401 AND 3877400
	Bitmap Heap Scan on sbtest1  (cost=23.38..4115.31 rows=1068 width=121)
	  Recheck Cond: ((id >= 3876401) AND (id <= 3877400))
	  ->  Bitmap Index Scan on sbtest1_pkey  (cost=0.00..23.11 rows=1068 width=0)
	        Index Cond: ((id >= 3876401) AND (id <= 3877400))

table 2 : explain SELECT c FROM sbtest2 WHERE id BETWEEN 5932766 AND 5933765
	Bitmap Heap Scan on sbtest2  (cost=22.52..3800.59 rows=984 width=121)
	  Recheck Cond: ((id >= 5932766) AND (id <= 5933765))
	  ->  Bitmap Index Scan on sbtest2_pkey  (cost=0.00..22.27 rows=984 width=0)
	        Index Cond: ((id >= 5932766) AND (id <= 5933765))

table 3 : explain SELECT c FROM sbtest3 WHERE id BETWEEN 5437207 AND 5438206
	Bitmap Heap Scan on sbtest3  (cost=22.41..3759.20 rows=973 width=121)
	  Recheck Cond: ((id >= 5437207) AND (id <= 5438206))
	  ->  Bitmap Index Scan on sbtest3_pkey  (cost=0.00..22.16 rows=973 width=0)
	        Index Cond: ((id >= 5437207) AND (id <= 5438206))

table 4 : explain SELECT c FROM sbtest4 WHERE id BETWEEN 4163209 AND 4164208
	Bitmap Heap Scan on sbtest4  (cost=22.34..3733.89 rows=966 width=121)
	  Recheck Cond: ((id >= 4163209) AND (id <= 4164208))
	  ->  Bitmap Index Scan on sbtest4_pkey  (cost=0.00..22.09 rows=966 width=0)
	        Index Cond: ((id >= 4163209) AND (id <= 4164208))

table 5 : explain SELECT c FROM sbtest5 WHERE id BETWEEN 795820 AND 796819
	Bitmap Heap Scan on sbtest5  (cost=22.71..3869.62 rows=1002 width=121)
	  Recheck Cond: ((id >= 795820) AND (id <= 796819))
	  ->  Bitmap Index Scan on sbtest5_pkey  (cost=0.00..22.45 rows=1002 width=0)
	        Index Cond: ((id >= 795820) AND (id <= 796819))

table 6 : explain SELECT c FROM sbtest6 WHERE id BETWEEN 5045361 AND 5046360
	Bitmap Heap Scan on sbtest6  (cost=22.38..3749.06 rows=970 width=121)
	  Recheck Cond: ((id >= 5045361) AND (id <= 5046360))
	  ->  Bitmap Index Scan on sbtest6_pkey  (cost=0.00..22.14 rows=970 width=0)
	        Index Cond: ((id >= 5045361) AND (id <= 5046360))

table 7 : explain SELECT c FROM sbtest7 WHERE id BETWEEN 5606238 AND 5607237
	Bitmap Heap Scan on sbtest7  (cost=21.00..3243.24 rows=836 width=121)
	  Recheck Cond: ((id >= 5606238) AND (id <= 5607237))
	  ->  Bitmap Index Scan on sbtest7_pkey  (cost=0.00..20.79 rows=836 width=0)
	        Index Cond: ((id >= 5606238) AND (id <= 5607237))

table 8 : explain SELECT c FROM sbtest8 WHERE id BETWEEN 3963743 AND 3964742
	Bitmap Heap Scan on sbtest8  (cost=22.85..3923.41 rows=1016 width=121)
	  Recheck Cond: ((id >= 3963743) AND (id <= 3964742))
	  ->  Bitmap Index Scan on sbtest8_pkey  (cost=0.00..22.59 rows=1016 width=0)
	        Index Cond: ((id >= 3963743) AND (id <= 3964742))

for: simple_ranges
table 1 : explain SELECT c FROM sbtest1 WHERE id BETWEEN 7758437 AND 7759436
	Bitmap Heap Scan on sbtest1  (cost=22.92..3946.20 rows=1023 width=121)
	  Recheck Cond: ((id >= 7758437) AND (id <= 7759436))
	  ->  Bitmap Index Scan on sbtest1_pkey  (cost=0.00..22.66 rows=1023 width=0)
	        Index Cond: ((id >= 7758437) AND (id <= 7759436))

table 2 : explain SELECT c FROM sbtest2 WHERE id BETWEEN 5958498 AND 5959497
	Bitmap Heap Scan on sbtest2  (cost=22.16..3668.63 rows=949 width=121)
	  Recheck Cond: ((id >= 5958498) AND (id <= 5959497))
	  ->  Bitmap Index Scan on sbtest2_pkey  (cost=0.00..21.93 rows=949 width=0)
	        Index Cond: ((id >= 5958498) AND (id <= 5959497))

table 3 : explain SELECT c FROM sbtest3 WHERE id BETWEEN 8529971 AND 8530970
	Bitmap Heap Scan on sbtest3  (cost=22.43..3766.74 rows=975 width=121)
	  Recheck Cond: ((id >= 8529971) AND (id <= 8530970))
	  ->  Bitmap Index Scan on sbtest3_pkey  (cost=0.00..22.18 rows=975 width=0)
	        Index Cond: ((id >= 8529971) AND (id <= 8530970))

table 4 : explain SELECT c FROM sbtest4 WHERE id BETWEEN 9712923 AND 9713922
	Bitmap Heap Scan on sbtest4  (cost=22.37..3745.20 rows=969 width=121)
	  Recheck Cond: ((id >= 9712923) AND (id <= 9713922))
	  ->  Bitmap Index Scan on sbtest4_pkey  (cost=0.00..22.12 rows=969 width=0)
	        Index Cond: ((id >= 9712923) AND (id <= 9713922))

table 5 : explain SELECT c FROM sbtest5 WHERE id BETWEEN 6857707 AND 6858706
	Bitmap Heap Scan on sbtest5  (cost=22.72..3873.38 rows=1003 width=121)
	  Recheck Cond: ((id >= 6857707) AND (id <= 6858706))
	  ->  Bitmap Index Scan on sbtest5_pkey  (cost=0.00..22.46 rows=1003 width=0)
	        Index Cond: ((id >= 6857707) AND (id <= 6858706))

table 6 : explain SELECT c FROM sbtest6 WHERE id BETWEEN 4754400 AND 4755399
	Bitmap Heap Scan on sbtest6  (cost=21.66..3484.73 rows=900 width=121)
	  Recheck Cond: ((id >= 4754400) AND (id <= 4755399))
	  ->  Bitmap Index Scan on sbtest6_pkey  (cost=0.00..21.43 rows=900 width=0)
	        Index Cond: ((id >= 4754400) AND (id <= 4755399))

table 7 : explain SELECT c FROM sbtest7 WHERE id BETWEEN 3221971 AND 3222970
	Bitmap Heap Scan on sbtest7  (cost=22.57..3821.69 rows=989 width=121)
	  Recheck Cond: ((id >= 3221971) AND (id <= 3222970))
	  ->  Bitmap Index Scan on sbtest7_pkey  (cost=0.00..22.32 rows=989 width=0)
	        Index Cond: ((id >= 3221971) AND (id <= 3222970))

table 8 : explain SELECT c FROM sbtest8 WHERE id BETWEEN 7553244 AND 7554243
	Bitmap Heap Scan on sbtest8  (cost=22.70..3866.89 rows=1001 width=121)
	  Recheck Cond: ((id >= 7553244) AND (id <= 7554243))
	  ->  Bitmap Index Scan on sbtest8_pkey  (cost=0.00..22.44 rows=1001 width=0)
	        Index Cond: ((id >= 7553244) AND (id <= 7554243))

for: simple_ranges
table 1 : explain SELECT c FROM sbtest1 WHERE id BETWEEN 8559755 AND 8560754
	Bitmap Heap Scan on sbtest1  (cost=22.32..3724.08 rows=964 width=121)
	  Recheck Cond: ((id >= 8559755) AND (id <= 8560754))
	  ->  Bitmap Index Scan on sbtest1_pkey  (cost=0.00..22.07 rows=964 width=0)
	        Index Cond: ((id >= 8559755) AND (id <= 8560754))

table 2 : explain SELECT c FROM sbtest2 WHERE id BETWEEN 5690621 AND 5691620
	Bitmap Heap Scan on sbtest2  (cost=22.73..3875.92 rows=1004 width=121)
	  Recheck Cond: ((id >= 5690621) AND (id <= 5691620))
	  ->  Bitmap Index Scan on sbtest2_pkey  (cost=0.00..22.47 rows=1004 width=0)
	        Index Cond: ((id >= 5690621) AND (id <= 5691620))

table 3 : explain SELECT c FROM sbtest3 WHERE id BETWEEN 737421 AND 738420
	Bitmap Heap Scan on sbtest3  (cost=22.67..3857.16 rows=999 width=121)
	  Recheck Cond: ((id >= 737421) AND (id <= 738420))
	  ->  Bitmap Index Scan on sbtest3_pkey  (cost=0.00..22.43 rows=999 width=0)
	        Index Cond: ((id >= 737421) AND (id <= 738420))

table 4 : explain SELECT c FROM sbtest4 WHERE id BETWEEN 9421967 AND 9422966
	Bitmap Heap Scan on sbtest4  (cost=22.79..3899.73 rows=1010 width=121)
	  Recheck Cond: ((id >= 9421967) AND (id <= 9422966))
	  ->  Bitmap Index Scan on sbtest4_pkey  (cost=0.00..22.54 rows=1010 width=0)
	        Index Cond: ((id >= 9421967) AND (id <= 9422966))

table 5 : explain SELECT c FROM sbtest5 WHERE id BETWEEN 4593524 AND 4594523
	Bitmap Heap Scan on sbtest5  (cost=22.96..3963.76 rows=1027 width=121)
	  Recheck Cond: ((id >= 4593524) AND (id <= 4594523))
	  ->  Bitmap Index Scan on sbtest5_pkey  (cost=0.00..22.70 rows=1027 width=0)
	        Index Cond: ((id >= 4593524) AND (id <= 4594523))

table 6 : explain SELECT c FROM sbtest6 WHERE id BETWEEN 5563693 AND 5564692
	Bitmap Heap Scan on sbtest6  (cost=22.24..3700.02 rows=957 width=121)
	  Recheck Cond: ((id >= 5563693) AND (id <= 5564692))
	  ->  Bitmap Index Scan on sbtest6_pkey  (cost=0.00..22.00 rows=957 width=0)
	        Index Cond: ((id >= 5563693) AND (id <= 5564692))

table 7 : explain SELECT c FROM sbtest7 WHERE id BETWEEN 3115340 AND 3116339
	Bitmap Heap Scan on sbtest7  (cost=22.41..3761.35 rows=973 width=121)
	  Recheck Cond: ((id >= 3115340) AND (id <= 3116339))
	  ->  Bitmap Index Scan on sbtest7_pkey  (cost=0.00..22.16 rows=973 width=0)
	        Index Cond: ((id >= 3115340) AND (id <= 3116339))

table 8 : explain SELECT c FROM sbtest8 WHERE id BETWEEN 3576778 AND 3577777
	Bitmap Heap Scan on sbtest8  (cost=22.26..3708.48 rows=959 width=121)
	  Recheck Cond: ((id >= 3576778) AND (id <= 3577777))
	  ->  Bitmap Index Scan on sbtest8_pkey  (cost=0.00..22.02 rows=959 width=0)
	        Index Cond: ((id >= 3576778) AND (id <= 3577777))

explain: for point_selects :: explain SELECT c FROM sbtest%u WHERE id=%u
for point_selects
table 1 : explain SELECT c FROM sbtest1 WHERE id=8528995
	Index Scan using sbtest1_pkey on sbtest1  (cost=0.43..8.45 rows=1 width=121)
	  Index Cond: (id = 8528995)

table 2 : explain SELECT c FROM sbtest2 WHERE id=6736633
	Index Scan using sbtest2_pkey on sbtest2  (cost=0.43..8.45 rows=1 width=121)
	  Index Cond: (id = 6736633)

table 3 : explain SELECT c FROM sbtest3 WHERE id=1669515
	Index Scan using sbtest3_pkey on sbtest3  (cost=0.43..8.45 rows=1 width=121)
	  Index Cond: (id = 1669515)

table 4 : explain SELECT c FROM sbtest4 WHERE id=4069604
	Index Scan using sbtest4_pkey on sbtest4  (cost=0.43..8.45 rows=1 width=121)
	  Index Cond: (id = 4069604)

table 5 : explain SELECT c FROM sbtest5 WHERE id=2765323
	Index Scan using sbtest5_pkey on sbtest5  (cost=0.43..8.45 rows=1 width=121)
	  Index Cond: (id = 2765323)

table 6 : explain SELECT c FROM sbtest6 WHERE id=4198640
	Index Scan using sbtest6_pkey on sbtest6  (cost=0.43..8.45 rows=1 width=121)
	  Index Cond: (id = 4198640)

table 7 : explain SELECT c FROM sbtest7 WHERE id=3262903
	Index Scan using sbtest7_pkey on sbtest7  (cost=0.43..8.45 rows=1 width=121)
	  Index Cond: (id = 3262903)

table 8 : explain SELECT c FROM sbtest8 WHERE id=5634774
	Index Scan using sbtest8_pkey on sbtest8  (cost=0.43..8.45 rows=1 width=121)
	  Index Cond: (id = 5634774)

explain: for point_selects :: explain SELECT c FROM sbtest%u WHERE id=%u
explain: for point_selects :: explain SELECT c FROM sbtest%u WHERE id=%u
for: distinct_ranges
table 1 : explain SELECT DISTINCT c FROM sbtest1 WHERE id BETWEEN 5123915 AND 5124914 ORDER BY c
	Unique  (cost=3768.03..3772.85 rows=963 width=121)
	  ->  Sort  (cost=3768.03..3770.44 rows=963 width=121)
	        Sort Key: c
	        ->  Bitmap Heap Scan on sbtest1  (cost=22.31..3720.31 rows=963 width=121)
	              Recheck Cond: ((id >= 5123915) AND (id <= 5124914))
	              ->  Bitmap Index Scan on sbtest1_pkey  (cost=0.00..22.07 rows=963 width=0)
	                    Index Cond: ((id >= 5123915) AND (id <= 5124914))

table 2 : explain SELECT DISTINCT c FROM sbtest2 WHERE id BETWEEN 8823098 AND 8824097 ORDER BY c
	Unique  (cost=4273.49..4278.96 rows=1094 width=121)
	  ->  Sort  (cost=4273.49..4276.23 rows=1094 width=121)
	        Sort Key: c
	        ->  Bitmap Heap Scan on sbtest2  (cost=27.65..4218.27 rows=1094 width=121)
	              Recheck Cond: ((id >= 8823098) AND (id <= 8824097))
	              ->  Bitmap Index Scan on sbtest2_pkey  (cost=0.00..27.37 rows=1094 width=0)
	                    Index Cond: ((id >= 8823098) AND (id <= 8824097))

table 3 : explain SELECT DISTINCT c FROM sbtest3 WHERE id BETWEEN 7583870 AND 7584869 ORDER BY c
	Unique  (cost=3803.66..3808.52 rows=972 width=121)
	  ->  Sort  (cost=3803.66..3806.09 rows=972 width=121)
	        Sort Key: c
	        ->  Bitmap Heap Scan on sbtest3  (cost=22.40..3755.43 rows=972 width=121)
	              Recheck Cond: ((id >= 7583870) AND (id <= 7584869))
	              ->  Bitmap Index Scan on sbtest3_pkey  (cost=0.00..22.15 rows=972 width=0)
	                    Index Cond: ((id >= 7583870) AND (id <= 7584869))

table 4 : explain SELECT DISTINCT c FROM sbtest4 WHERE id BETWEEN 7319197 AND 7320196 ORDER BY c
	Unique  (cost=3869.81..3874.75 rows=989 width=121)
	  ->  Sort  (cost=3869.81..3872.28 rows=989 width=121)
	        Sort Key: c
	        ->  Bitmap Heap Scan on sbtest4  (cost=22.57..3820.61 rows=989 width=121)
	              Recheck Cond: ((id >= 7319197) AND (id <= 7320196))
	              ->  Bitmap Index Scan on sbtest4_pkey  (cost=0.00..22.32 rows=989 width=0)
	                    Index Cond: ((id >= 7319197) AND (id <= 7320196))

table 5 : explain SELECT DISTINCT c FROM sbtest5 WHERE id BETWEEN 3567368 AND 3568367 ORDER BY c
	Unique  (cost=3578.70..3583.27 rows=913 width=121)
	  ->  Sort  (cost=3578.70..3580.98 rows=913 width=121)
	        Sort Key: c
	        ->  Bitmap Heap Scan on sbtest5  (cost=21.79..3533.81 rows=913 width=121)
	              Recheck Cond: ((id >= 3567368) AND (id <= 3568367))
	              ->  Bitmap Index Scan on sbtest5_pkey  (cost=0.00..21.57 rows=913 width=0)
	                    Index Cond: ((id >= 3567368) AND (id <= 3568367))

table 6 : explain SELECT DISTINCT c FROM sbtest6 WHERE id BETWEEN 8943880 AND 8944879 ORDER BY c
	Unique  (cost=4397.03..4402.67 rows=1127 width=121)
	  ->  Sort  (cost=4397.03..4399.85 rows=1127 width=121)
	        Sort Key: c
	        ->  Bitmap Heap Scan on sbtest6  (cost=27.99..4339.91 rows=1127 width=121)
	              Recheck Cond: ((id >= 8943880) AND (id <= 8944879))
	              ->  Bitmap Index Scan on sbtest6_pkey  (cost=0.00..27.70 rows=1127 width=0)
	                    Index Cond: ((id >= 8943880) AND (id <= 8944879))

table 7 : explain SELECT DISTINCT c FROM sbtest7 WHERE id BETWEEN 2325087 AND 2326086 ORDER BY c
	Unique  (cost=3660.19..3664.86 rows=934 width=121)
	  ->  Sort  (cost=3660.19..3662.53 rows=934 width=121)
	        Sort Key: c
	        ->  Bitmap Heap Scan on sbtest7  (cost=22.01..3614.11 rows=934 width=121)
	              Recheck Cond: ((id >= 2325087) AND (id <= 2326086))
	              ->  Bitmap Index Scan on sbtest7_pkey  (cost=0.00..21.77 rows=934 width=0)
	                    Index Cond: ((id >= 2325087) AND (id <= 2326086))

table 8 : explain SELECT DISTINCT c FROM sbtest8 WHERE id BETWEEN 3188983 AND 3189982 ORDER BY c
	Unique  (cost=3901.47..3906.46 rows=997 width=121)
	  ->  Sort  (cost=3901.47..3903.97 rows=997 width=121)
	        Sort Key: c
	        ->  Bitmap Heap Scan on sbtest8  (cost=22.65..3851.82 rows=997 width=121)
	              Recheck Cond: ((id >= 3188983) AND (id <= 3189982))
	              ->  Bitmap Index Scan on sbtest8_pkey  (cost=0.00..22.40 rows=997 width=0)
	                    Index Cond: ((id >= 3188983) AND (id <= 3189982))

for: order_ranges
table 1 : explain SELECT c FROM sbtest1 WHERE id BETWEEN 5399372 AND 5400371 ORDER BY c
	Sort  (cost=3653.21..3655.54 rows=933 width=121)
	  Sort Key: c
	  ->  Bitmap Heap Scan on sbtest1  (cost=22.00..3607.18 rows=933 width=121)
	        Recheck Cond: ((id >= 5399372) AND (id <= 5400371))
	        ->  Bitmap Index Scan on sbtest1_pkey  (cost=0.00..21.76 rows=933 width=0)
	              Index Cond: ((id >= 5399372) AND (id <= 5400371))

table 2 : explain SELECT c FROM sbtest2 WHERE id BETWEEN 6865928 AND 6866927 ORDER BY c
	Sort  (cost=3654.28..3656.61 rows=933 width=121)
	  Sort Key: c
	  ->  Bitmap Heap Scan on sbtest2  (cost=22.00..3608.26 rows=933 width=121)
	        Recheck Cond: ((id >= 6865928) AND (id <= 6866927))
	        ->  Bitmap Index Scan on sbtest2_pkey  (cost=0.00..21.76 rows=933 width=0)
	              Index Cond: ((id >= 6865928) AND (id <= 6866927))

table 3 : explain SELECT c FROM sbtest3 WHERE id BETWEEN 7612421 AND 7613420 ORDER BY c
	Sort  (cost=4189.50..4192.18 rows=1073 width=121)
	  Sort Key: c
	  ->  Bitmap Heap Scan on sbtest3  (cost=23.43..4135.49 rows=1073 width=121)
	        Recheck Cond: ((id >= 7612421) AND (id <= 7613420))
	        ->  Bitmap Index Scan on sbtest3_pkey  (cost=0.00..23.16 rows=1073 width=0)
	              Index Cond: ((id >= 7612421) AND (id <= 7613420))

table 4 : explain SELECT c FROM sbtest4 WHERE id BETWEEN 4101589 AND 4102588 ORDER BY c
	Sort  (cost=3781.78..3784.19 rows=966 width=121)
	  Sort Key: c
	  ->  Bitmap Heap Scan on sbtest4  (cost=22.34..3733.89 rows=966 width=121)
	        Recheck Cond: ((id >= 4101589) AND (id <= 4102588))
	        ->  Bitmap Index Scan on sbtest4_pkey  (cost=0.00..22.09 rows=966 width=0)
	              Index Cond: ((id >= 4101589) AND (id <= 4102588))

table 5 : explain SELECT c FROM sbtest5 WHERE id BETWEEN 5079935 AND 5080934 ORDER BY c
	Sort  (cost=4114.45..4117.08 rows=1053 width=121)
	  Sort Key: c
	  ->  Bitmap Heap Scan on sbtest5  (cost=23.23..4061.58 rows=1053 width=121)
	        Recheck Cond: ((id >= 5079935) AND (id <= 5080934))
	        ->  Bitmap Index Scan on sbtest5_pkey  (cost=0.00..22.96 rows=1053 width=0)
	              Index Cond: ((id >= 5079935) AND (id <= 5080934))

table 6 : explain SELECT c FROM sbtest6 WHERE id BETWEEN 5254279 AND 5255278 ORDER BY c
	Sort  (cost=3709.10..3711.47 rows=947 width=121)
	  Sort Key: c
	  ->  Bitmap Heap Scan on sbtest6  (cost=22.14..3662.28 rows=947 width=121)
	        Recheck Cond: ((id >= 5254279) AND (id <= 5255278))
	        ->  Bitmap Index Scan on sbtest6_pkey  (cost=0.00..21.90 rows=947 width=0)
	              Index Cond: ((id >= 5254279) AND (id <= 5255278))

table 7 : explain SELECT c FROM sbtest7 WHERE id BETWEEN 7915128 AND 7916127 ORDER BY c
	Sort  (cost=3725.36..3727.73 rows=951 width=121)
	  Sort Key: c
	  ->  Bitmap Heap Scan on sbtest7  (cost=22.18..3678.31 rows=951 width=121)
	        Recheck Cond: ((id >= 7915128) AND (id <= 7916127))
	        ->  Bitmap Index Scan on sbtest7_pkey  (cost=0.00..21.94 rows=951 width=0)
	              Index Cond: ((id >= 7915128) AND (id <= 7916127))

table 8 : explain SELECT c FROM sbtest8 WHERE id BETWEEN 5919540 AND 5920539 ORDER BY c
	Sort  (cost=3955.03..3957.56 rows=1011 width=121)
	  Sort Key: c
	  ->  Bitmap Heap Scan on sbtest8  (cost=22.80..3904.58 rows=1011 width=121)
	        Recheck Cond: ((id >= 5919540) AND (id <= 5920539))
	        ->  Bitmap Index Scan on sbtest8_pkey  (cost=0.00..22.54 rows=1011 width=0)
	              Index Cond: ((id >= 5919540) AND (id <= 5920539))

for: sum_ranges
table 1 : explain SELECT SUM(k) FROM sbtest1 WHERE id BETWEEN 977476 AND 978475
	Aggregate  (cost=4257.21..4257.22 rows=1 width=8)
	  ->  Bitmap Heap Scan on sbtest1  (cost=27.76..4254.44 rows=1105 width=4)
	        Recheck Cond: ((id >= 977476) AND (id <= 978475))
	        ->  Bitmap Index Scan on sbtest1_pkey  (cost=0.00..27.48 rows=1105 width=0)
	              Index Cond: ((id >= 977476) AND (id <= 978475))

table 2 : explain SELECT SUM(k) FROM sbtest2 WHERE id BETWEEN 1983025 AND 1984024
	Aggregate  (cost=3818.13..3818.14 rows=1 width=8)
	  ->  Bitmap Heap Scan on sbtest2  (cost=22.56..3815.66 rows=988 width=4)
	        Recheck Cond: ((id >= 1983025) AND (id <= 1984024))
	        ->  Bitmap Index Scan on sbtest2_pkey  (cost=0.00..22.32 rows=988 width=0)
	              Index Cond: ((id >= 1983025) AND (id <= 1984024))

table 3 : explain SELECT SUM(k) FROM sbtest3 WHERE id BETWEEN 7810467 AND 7811466
	Aggregate  (cost=4224.84..4224.85 rows=1 width=8)
	  ->  Bitmap Heap Scan on sbtest3  (cost=27.66..4222.10 rows=1095 width=4)
	        Recheck Cond: ((id >= 7810467) AND (id <= 7811466))
	        ->  Bitmap Index Scan on sbtest3_pkey  (cost=0.00..27.39 rows=1095 width=0)
	              Index Cond: ((id >= 7810467) AND (id <= 7811466))

table 4 : explain SELECT SUM(k) FROM sbtest4 WHERE id BETWEEN 4503804 AND 4504803
	Aggregate  (cost=3849.48..3849.49 rows=1 width=8)
	  ->  Bitmap Heap Scan on sbtest4  (cost=22.64..3846.99 rows=996 width=4)
	        Recheck Cond: ((id >= 4503804) AND (id <= 4504803))
	        ->  Bitmap Index Scan on sbtest4_pkey  (cost=0.00..22.39 rows=996 width=0)
	              Index Cond: ((id >= 4503804) AND (id <= 4504803))

table 5 : explain SELECT SUM(k) FROM sbtest5 WHERE id BETWEEN 434849 AND 435848
	Aggregate  (cost=3532.31..3532.32 rows=1 width=8)
	  ->  Bitmap Heap Scan on sbtest5  (cost=21.78..3530.03 rows=912 width=4)
	        Recheck Cond: ((id >= 434849) AND (id <= 435848))
	        ->  Bitmap Index Scan on sbtest5_pkey  (cost=0.00..21.55 rows=912 width=0)
	              Index Cond: ((id >= 434849) AND (id <= 435848))

table 6 : explain SELECT SUM(k) FROM sbtest6 WHERE id BETWEEN 2026487 AND 2027486
	Aggregate  (cost=4308.93..4308.94 rows=1 width=8)
	  ->  Bitmap Heap Scan on sbtest6  (cost=27.89..4306.13 rows=1118 width=4)
	        Recheck Cond: ((id >= 2026487) AND (id <= 2027486))
	        ->  Bitmap Index Scan on sbtest6_pkey  (cost=0.00..27.61 rows=1118 width=0)
	              Index Cond: ((id >= 2026487) AND (id <= 2027486))

table 7 : explain SELECT SUM(k) FROM sbtest7 WHERE id BETWEEN 5669087 AND 5670086
	Aggregate  (cost=3245.33..3245.34 rows=1 width=8)
	  ->  Bitmap Heap Scan on sbtest7  (cost=21.00..3243.24 rows=836 width=4)
	        Recheck Cond: ((id >= 5669087) AND (id <= 5670086))
	        ->  Bitmap Index Scan on sbtest7_pkey  (cost=0.00..20.79 rows=836 width=0)
	              Index Cond: ((id >= 5669087) AND (id <= 5670086))

table 8 : explain SELECT SUM(k) FROM sbtest8 WHERE id BETWEEN 2570804 AND 2571803
	Aggregate  (cost=3865.62..3865.63 rows=1 width=8)
	  ->  Bitmap Heap Scan on sbtest8  (cost=22.68..3863.12 rows=1000 width=4)
	        Recheck Cond: ((id >= 2570804) AND (id <= 2571803))
	        ->  Bitmap Index Scan on sbtest8_pkey  (cost=0.00..22.43 rows=1000 width=0)
	              Index Cond: ((id >= 2570804) AND (id <= 2571803))

for: sum_ranges
table 1 : explain SELECT SUM(k) FROM sbtest1 WHERE id BETWEEN 3304411 AND 3305410
	Aggregate  (cost=3835.80..3835.81 rows=1 width=8)
	  ->  Bitmap Heap Scan on sbtest1  (cost=22.61..3833.31 rows=993 width=4)
	        Recheck Cond: ((id >= 3304411) AND (id <= 3305410))
	        ->  Bitmap Index Scan on sbtest1_pkey  (cost=0.00..22.36 rows=993 width=0)
	              Index Cond: ((id >= 3304411) AND (id <= 3305410))

table 2 : explain SELECT SUM(k) FROM sbtest2 WHERE id BETWEEN 4838403 AND 4839402
	Aggregate  (cost=3848.28..3848.29 rows=1 width=8)
	  ->  Bitmap Heap Scan on sbtest2  (cost=22.64..3845.79 rows=996 width=4)
	        Recheck Cond: ((id >= 4838403) AND (id <= 4839402))
	        ->  Bitmap Index Scan on sbtest2_pkey  (cost=0.00..22.39 rows=996 width=0)
	              Index Cond: ((id >= 4838403) AND (id <= 4839402))

table 3 : explain SELECT SUM(k) FROM sbtest3 WHERE id BETWEEN 3103110 AND 3104109
	Aggregate  (cost=3599.32..3599.33 rows=1 width=8)
	  ->  Bitmap Heap Scan on sbtest3  (cost=21.97..3596.99 rows=930 width=4)
	        Recheck Cond: ((id >= 3103110) AND (id <= 3104109))
	        ->  Bitmap Index Scan on sbtest3_pkey  (cost=0.00..21.73 rows=930 width=0)
	              Index Cond: ((id >= 3103110) AND (id <= 3104109))

table 4 : explain SELECT SUM(k) FROM sbtest4 WHERE id BETWEEN 1769247 AND 1770246
	Aggregate  (cost=3766.49..3766.50 rows=1 width=8)
	  ->  Bitmap Heap Scan on sbtest4  (cost=22.42..3764.06 rows=974 width=4)
	        Recheck Cond: ((id >= 1769247) AND (id <= 1770246))
	        ->  Bitmap Index Scan on sbtest4_pkey  (cost=0.00..22.18 rows=974 width=0)
	              Index Cond: ((id >= 1769247) AND (id <= 1770246))

table 5 : explain SELECT SUM(k) FROM sbtest5 WHERE id BETWEEN 6609854 AND 6610853
	Aggregate  (cost=3898.51..3898.52 rows=1 width=8)
	  ->  Bitmap Heap Scan on sbtest5  (cost=22.78..3895.99 rows=1009 width=4)
	        Recheck Cond: ((id >= 6609854) AND (id <= 6610853))
	        ->  Bitmap Index Scan on sbtest5_pkey  (cost=0.00..22.52 rows=1009 width=0)
	              Index Cond: ((id >= 6609854) AND (id <= 6610853))

table 6 : explain SELECT SUM(k) FROM sbtest6 WHERE id BETWEEN 2659272 AND 2660271
	Aggregate  (cost=3906.12..3906.13 rows=1 width=8)
	  ->  Bitmap Heap Scan on sbtest6  (cost=22.80..3903.59 rows=1011 width=4)
	        Recheck Cond: ((id >= 2659272) AND (id <= 2660271))
	        ->  Bitmap Index Scan on sbtest6_pkey  (cost=0.00..22.54 rows=1011 width=0)
	              Index Cond: ((id >= 2659272) AND (id <= 2660271))

table 7 : explain SELECT SUM(k) FROM sbtest7 WHERE id BETWEEN 1256023 AND 1257022
	Aggregate  (cost=3729.80..3729.81 rows=1 width=8)
	  ->  Bitmap Heap Scan on sbtest7  (cost=22.32..3727.39 rows=964 width=4)
	        Recheck Cond: ((id >= 1256023) AND (id <= 1257022))
	        ->  Bitmap Index Scan on sbtest7_pkey  (cost=0.00..22.07 rows=964 width=0)
	              Index Cond: ((id >= 1256023) AND (id <= 1257022))

table 8 : explain SELECT SUM(k) FROM sbtest8 WHERE id BETWEEN 8354309 AND 8355308
	Aggregate  (cost=3688.21..3688.22 rows=1 width=8)
	  ->  Bitmap Heap Scan on sbtest8  (cost=22.20..3685.83 rows=953 width=4)
	        Recheck Cond: ((id >= 8354309) AND (id <= 8355308))
	        ->  Bitmap Index Scan on sbtest8_pkey  (cost=0.00..21.96 rows=953 width=0)
	              Index Cond: ((id >= 8354309) AND (id <= 8355308))

for: sum_ranges
table 1 : explain SELECT SUM(k) FROM sbtest1 WHERE id BETWEEN 3085387 AND 3086386
	Aggregate  (cost=3899.82..3899.83 rows=1 width=8)
	  ->  Bitmap Heap Scan on sbtest1  (cost=22.79..3897.30 rows=1010 width=4)
	        Recheck Cond: ((id >= 3085387) AND (id <= 3086386))
	        ->  Bitmap Index Scan on sbtest1_pkey  (cost=0.00..22.54 rows=1010 width=0)
	              Index Cond: ((id >= 3085387) AND (id <= 3086386))

table 2 : explain SELECT SUM(k) FROM sbtest2 WHERE id BETWEEN 7587252 AND 7588251
	Aggregate  (cost=3874.66..3874.67 rows=1 width=8)
	  ->  Bitmap Heap Scan on sbtest2  (cost=22.72..3872.15 rows=1003 width=4)
	        Recheck Cond: ((id >= 7587252) AND (id <= 7588251))
	        ->  Bitmap Index Scan on sbtest2_pkey  (cost=0.00..22.46 rows=1003 width=0)
	              Index Cond: ((id >= 7587252) AND (id <= 7588251))

table 3 : explain SELECT SUM(k) FROM sbtest3 WHERE id BETWEEN 9655702 AND 9656701
	Aggregate  (cost=4002.77..4002.78 rows=1 width=8)
	  ->  Bitmap Heap Scan on sbtest3  (cost=23.06..4000.17 rows=1037 width=4)
	        Recheck Cond: ((id >= 9655702) AND (id <= 9656701))
	        ->  Bitmap Index Scan on sbtest3_pkey  (cost=0.00..22.80 rows=1037 width=0)
	              Index Cond: ((id >= 9655702) AND (id <= 9656701))

table 4 : explain SELECT SUM(k) FROM sbtest4 WHERE id BETWEEN 1057284 AND 1058283
	Aggregate  (cost=3694.77..3694.78 rows=1 width=8)
	  ->  Bitmap Heap Scan on sbtest4  (cost=22.22..3692.39 rows=955 width=4)
	        Recheck Cond: ((id >= 1057284) AND (id <= 1058283))
	        ->  Bitmap Index Scan on sbtest4_pkey  (cost=0.00..21.98 rows=955 width=0)
	              Index Cond: ((id >= 1057284) AND (id <= 1058283))

table 5 : explain SELECT SUM(k) FROM sbtest5 WHERE id BETWEEN 998642 AND 999641
	Aggregate  (cost=3634.36..3634.37 rows=1 width=8)
	  ->  Bitmap Heap Scan on sbtest5  (cost=22.06..3632.02 rows=939 width=4)
	        Recheck Cond: ((id >= 998642) AND (id <= 999641))
	        ->  Bitmap Index Scan on sbtest5_pkey  (cost=0.00..21.82 rows=939 width=0)
	              Index Cond: ((id >= 998642) AND (id <= 999641))

table 6 : explain SELECT SUM(k) FROM sbtest6 WHERE id BETWEEN 4792318 AND 4793317
	Aggregate  (cost=3486.98..3486.99 rows=1 width=8)
	  ->  Bitmap Heap Scan on sbtest6  (cost=21.66..3484.73 rows=900 width=4)
	        Recheck Cond: ((id >= 4792318) AND (id <= 4793317))
	        ->  Bitmap Index Scan on sbtest6_pkey  (cost=0.00..21.43 rows=900 width=0)
	              Index Cond: ((id >= 4792318) AND (id <= 4793317))

table 7 : explain SELECT SUM(k) FROM sbtest7 WHERE id BETWEEN 2684534 AND 2685533
	Aggregate  (cost=3956.15..3956.16 rows=1 width=8)
	  ->  Bitmap Heap Scan on sbtest7  (cost=22.93..3953.59 rows=1024 width=4)
	        Recheck Cond: ((id >= 2684534) AND (id <= 2685533))
	        ->  Bitmap Index Scan on sbtest7_pkey  (cost=0.00..22.68 rows=1024 width=0)
	              Index Cond: ((id >= 2684534) AND (id <= 2685533))

table 8 : explain SELECT SUM(k) FROM sbtest8 WHERE id BETWEEN 2660784 AND 2661783
	Aggregate  (cost=3880.71..3880.72 rows=1 width=8)
	  ->  Bitmap Heap Scan on sbtest8  (cost=22.73..3878.20 rows=1004 width=4)
	        Recheck Cond: ((id >= 2660784) AND (id <= 2661783))
	        ->  Bitmap Index Scan on sbtest8_pkey  (cost=0.00..22.47 rows=1004 width=0)
	              Index Cond: ((id >= 2660784) AND (id <= 2661783))

for: simple_ranges
table 1 : explain SELECT c FROM sbtest1 WHERE id BETWEEN 627620 AND 628619
	Bitmap Heap Scan on sbtest1  (cost=27.77..4258.20 rows=1106 width=121)
	  Recheck Cond: ((id >= 627620) AND (id <= 628619))
	  ->  Bitmap Index Scan on sbtest1_pkey  (cost=0.00..27.50 rows=1106 width=0)
	        Index Cond: ((id >= 627620) AND (id <= 628619))

table 2 : explain SELECT c FROM sbtest2 WHERE id BETWEEN 7661513 AND 7662512
	Bitmap Heap Scan on sbtest2  (cost=22.45..3774.21 rows=977 width=121)
	  Recheck Cond: ((id >= 7661513) AND (id <= 7662512))
	  ->  Bitmap Index Scan on sbtest2_pkey  (cost=0.00..22.20 rows=977 width=0)
	        Index Cond: ((id >= 7661513) AND (id <= 7662512))

table 3 : explain SELECT c FROM sbtest3 WHERE id BETWEEN 7754698 AND 7755697
	Bitmap Heap Scan on sbtest3  (cost=22.88..3932.45 rows=1019 width=121)
	  Recheck Cond: ((id >= 7754698) AND (id <= 7755697))
	  ->  Bitmap Index Scan on sbtest3_pkey  (cost=0.00..22.62 rows=1019 width=0)
	        Index Cond: ((id >= 7754698) AND (id <= 7755697))

table 4 : explain SELECT c FROM sbtest4 WHERE id BETWEEN 5229644 AND 5230643
	Bitmap Heap Scan on sbtest4  (cost=22.31..3722.57 rows=963 width=121)
	  Recheck Cond: ((id >= 5229644) AND (id <= 5230643))
	  ->  Bitmap Index Scan on sbtest4_pkey  (cost=0.00..22.07 rows=963 width=0)
	        Index Cond: ((id >= 5229644) AND (id <= 5230643))

table 5 : explain SELECT c FROM sbtest5 WHERE id BETWEEN 8542115 AND 8543114
	Bitmap Heap Scan on sbtest5  (cost=22.29..3715.05 rows=961 width=121)
	  Recheck Cond: ((id >= 8542115) AND (id <= 8543114))
	  ->  Bitmap Index Scan on sbtest5_pkey  (cost=0.00..22.04 rows=961 width=0)
	        Index Cond: ((id >= 8542115) AND (id <= 8543114))

table 6 : explain SELECT c FROM sbtest6 WHERE id BETWEEN 3728927 AND 3729926
	Bitmap Heap Scan on sbtest6  (cost=22.05..3628.31 rows=938 width=121)
	  Recheck Cond: ((id >= 3728927) AND (id <= 3729926))
	  ->  Bitmap Index Scan on sbtest6_pkey  (cost=0.00..21.82 rows=938 width=0)
	        Index Cond: ((id >= 3728927) AND (id <= 3729926))

table 7 : explain SELECT c FROM sbtest7 WHERE id BETWEEN 3856154 AND 3857153
	Bitmap Heap Scan on sbtest7  (cost=22.36..3742.48 rows=968 width=121)
	  Recheck Cond: ((id >= 3856154) AND (id <= 3857153))
	  ->  Bitmap Index Scan on sbtest7_pkey  (cost=0.00..22.11 rows=968 width=0)
	        Index Cond: ((id >= 3856154) AND (id <= 3857153))

table 8 : explain SELECT c FROM sbtest8 WHERE id BETWEEN 2632084 AND 2633083
	Bitmap Heap Scan on sbtest8  (cost=22.73..3878.20 rows=1004 width=121)
	  Recheck Cond: ((id >= 2632084) AND (id <= 2633083))
	  ->  Bitmap Index Scan on sbtest8_pkey  (cost=0.00..22.47 rows=1004 width=0)
	        Index Cond: ((id >= 2632084) AND (id <= 2633083))

for: distinct_ranges
table 1 : explain SELECT DISTINCT c FROM sbtest1 WHERE id BETWEEN 3838937 AND 3839936 ORDER BY c
	Unique  (cost=3676.18..3680.87 rows=939 width=121)
	  ->  Sort  (cost=3676.18..3678.53 rows=939 width=121)
	        Sort Key: c
	        ->  Bitmap Heap Scan on sbtest1  (cost=22.06..3629.82 rows=939 width=121)
	              Recheck Cond: ((id >= 3838937) AND (id <= 3839936))
	              ->  Bitmap Index Scan on sbtest1_pkey  (cost=0.00..21.82 rows=939 width=0)
	                    Index Cond: ((id >= 3838937) AND (id <= 3839936))

table 2 : explain SELECT DISTINCT c FROM sbtest2 WHERE id BETWEEN 3788296 AND 3789295 ORDER BY c
	Unique  (cost=3903.04..3908.03 rows=998 width=121)
	  ->  Sort  (cost=3903.04..3905.53 rows=998 width=121)
	        Sort Key: c
	        ->  Bitmap Heap Scan on sbtest2  (cost=22.66..3853.32 rows=998 width=121)
	              Recheck Cond: ((id >= 3788296) AND (id <= 3789295))
	              ->  Bitmap Index Scan on sbtest2_pkey  (cost=0.00..22.41 rows=998 width=0)
	                    Index Cond: ((id >= 3788296) AND (id <= 3789295))

table 3 : explain SELECT DISTINCT c FROM sbtest3 WHERE id BETWEEN 6564421 AND 6565420 ORDER BY c
	Unique  (cost=4094.11..4099.35 rows=1048 width=121)
	  ->  Sort  (cost=4094.11..4096.73 rows=1048 width=121)
	        Sort Key: c
	        ->  Bitmap Heap Scan on sbtest3  (cost=23.18..4041.54 rows=1048 width=121)
	              Recheck Cond: ((id >= 6564421) AND (id <= 6565420))
	              ->  Bitmap Index Scan on sbtest3_pkey  (cost=0.00..22.91 rows=1048 width=0)
	                    Index Cond: ((id >= 6564421) AND (id <= 6565420))

table 4 : explain SELECT DISTINCT c FROM sbtest4 WHERE id BETWEEN 9221617 AND 9222616 ORDER BY c
	Unique  (cost=4301.56..4307.06 rows=1101 width=121)
	  ->  Sort  (cost=4301.56..4304.31 rows=1101 width=121)
	        Sort Key: c
	        ->  Bitmap Heap Scan on sbtest4  (cost=27.72..4245.93 rows=1101 width=121)
	              Recheck Cond: ((id >= 9221617) AND (id <= 9222616))
	              ->  Bitmap Index Scan on sbtest4_pkey  (cost=0.00..27.44 rows=1101 width=0)
	                    Index Cond: ((id >= 9221617) AND (id <= 9222616))

table 5 : explain SELECT DISTINCT c FROM sbtest5 WHERE id BETWEEN 248715 AND 249714 ORDER BY c
	Unique  (cost=4018.95..4024.09 rows=1028 width=121)
	  ->  Sort  (cost=4018.95..4021.52 rows=1028 width=121)
	        Sort Key: c
	        ->  Bitmap Heap Scan on sbtest5  (cost=22.97..3967.52 rows=1028 width=121)
	              Recheck Cond: ((id >= 248715) AND (id <= 249714))
	              ->  Bitmap Index Scan on sbtest5_pkey  (cost=0.00..22.71 rows=1028 width=0)
	                    Index Cond: ((id >= 248715) AND (id <= 249714))

table 6 : explain SELECT DISTINCT c FROM sbtest6 WHERE id BETWEEN 8445112 AND 8446111 ORDER BY c
	Unique  (cost=4038.13..4043.30 rows=1033 width=121)
	  ->  Sort  (cost=4038.13..4040.71 rows=1033 width=121)
	        Sort Key: c
	        ->  Bitmap Heap Scan on sbtest6  (cost=23.02..3986.42 rows=1033 width=121)
	              Recheck Cond: ((id >= 8445112) AND (id <= 8446111))
	              ->  Bitmap Index Scan on sbtest6_pkey  (cost=0.00..22.76 rows=1033 width=0)
	                    Index Cond: ((id >= 8445112) AND (id <= 8446111))

table 7 : explain SELECT DISTINCT c FROM sbtest7 WHERE id BETWEEN 9098668 AND 9099667 ORDER BY c
	Unique  (cost=3717.69..3722.44 rows=949 width=121)
	  ->  Sort  (cost=3717.69..3720.07 rows=949 width=121)
	        Sort Key: c
	        ->  Bitmap Heap Scan on sbtest7  (cost=22.16..3670.76 rows=949 width=121)
	              Recheck Cond: ((id >= 9098668) AND (id <= 9099667))
	              ->  Bitmap Index Scan on sbtest7_pkey  (cost=0.00..21.93 rows=949 width=0)
	                    Index Cond: ((id >= 9098668) AND (id <= 9099667))

table 8 : explain SELECT DISTINCT c FROM sbtest8 WHERE id BETWEEN 7246739 AND 7247738 ORDER BY c
	Unique  (cost=4276.09..4281.56 rows=1094 width=121)
	  ->  Sort  (cost=4276.09..4278.82 rows=1094 width=121)
	        Sort Key: c
	        ->  Bitmap Heap Scan on sbtest8  (cost=27.65..4220.87 rows=1094 width=121)
	              Recheck Cond: ((id >= 7246739) AND (id <= 7247738))
	              ->  Bitmap Index Scan on sbtest8_pkey  (cost=0.00..27.37 rows=1094 width=0)
	                    Index Cond: ((id >= 7246739) AND (id <= 7247738))

for: simple_ranges
table 1 : explain SELECT c FROM sbtest1 WHERE id BETWEEN 1367879 AND 1368878
	Bitmap Heap Scan on sbtest1  (cost=22.43..3765.52 rows=975 width=121)
	  Recheck Cond: ((id >= 1367879) AND (id <= 1368878))
	  ->  Bitmap Index Scan on sbtest1_pkey  (cost=0.00..22.18 rows=975 width=0)
	        Index Cond: ((id >= 1367879) AND (id <= 1368878))

table 2 : explain SELECT c FROM sbtest2 WHERE id BETWEEN 8594994 AND 8595993
	Bitmap Heap Scan on sbtest2  (cost=21.54..3438.26 rows=888 width=121)
	  Recheck Cond: ((id >= 8594994) AND (id <= 8595993))
	  ->  Bitmap Index Scan on sbtest2_pkey  (cost=0.00..21.32 rows=888 width=0)
	        Index Cond: ((id >= 8594994) AND (id <= 8595993))

table 3 : explain SELECT c FROM sbtest3 WHERE id BETWEEN 4714466 AND 4715465
	Bitmap Heap Scan on sbtest3  (cost=23.14..4026.50 rows=1044 width=121)
	  Recheck Cond: ((id >= 4714466) AND (id <= 4715465))
	  ->  Bitmap Index Scan on sbtest3_pkey  (cost=0.00..22.87 rows=1044 width=0)
	        Index Cond: ((id >= 4714466) AND (id <= 4715465))

table 4 : explain SELECT c FROM sbtest4 WHERE id BETWEEN 9510915 AND 9511914
	Bitmap Heap Scan on sbtest4  (cost=22.37..3745.20 rows=969 width=121)
	  Recheck Cond: ((id >= 9510915) AND (id <= 9511914))
	  ->  Bitmap Index Scan on sbtest4_pkey  (cost=0.00..22.12 rows=969 width=0)
	        Index Cond: ((id >= 9510915) AND (id <= 9511914))

table 5 : explain SELECT c FROM sbtest5 WHERE id BETWEEN 3651163 AND 3652162
	Bitmap Heap Scan on sbtest5  (cost=21.78..3530.03 rows=912 width=121)
	  Recheck Cond: ((id >= 3651163) AND (id <= 3652162))
	  ->  Bitmap Index Scan on sbtest5_pkey  (cost=0.00..21.55 rows=912 width=0)
	        Index Cond: ((id >= 3651163) AND (id <= 3652162))

table 6 : explain SELECT c FROM sbtest6 WHERE id BETWEEN 4776642 AND 4777641
	Bitmap Heap Scan on sbtest6  (cost=21.66..3484.73 rows=900 width=121)
	  Recheck Cond: ((id >= 4776642) AND (id <= 4777641))
	  ->  Bitmap Index Scan on sbtest6_pkey  (cost=0.00..21.43 rows=900 width=0)
	        Index Cond: ((id >= 4776642) AND (id <= 4777641))

table 7 : explain SELECT c FROM sbtest7 WHERE id BETWEEN 5514441 AND 5515440
	Bitmap Heap Scan on sbtest7  (cost=27.54..4179.57 rows=1083 width=121)
	  Recheck Cond: ((id >= 5514441) AND (id <= 5515440))
	  ->  Bitmap Index Scan on sbtest7_pkey  (cost=0.00..27.26 rows=1083 width=0)
	        Index Cond: ((id >= 5514441) AND (id <= 5515440))

table 8 : explain SELECT c FROM sbtest8 WHERE id BETWEEN 5928156 AND 5929155
	Bitmap Heap Scan on sbtest8  (cost=22.80..3904.58 rows=1011 width=121)
	  Recheck Cond: ((id >= 5928156) AND (id <= 5929155))
	  ->  Bitmap Index Scan on sbtest8_pkey  (cost=0.00..22.54 rows=1011 width=0)
	        Index Cond: ((id >= 5928156) AND (id <= 5929155))

for point_selects
table 1 : explain SELECT c FROM sbtest1 WHERE id=4839571
	Index Scan using sbtest1_pkey on sbtest1  (cost=0.43..8.45 rows=1 width=121)
	  Index Cond: (id = 4839571)

table 2 : explain SELECT c FROM sbtest2 WHERE id=8258641
	Index Scan using sbtest2_pkey on sbtest2  (cost=0.43..8.45 rows=1 width=121)
	  Index Cond: (id = 8258641)

table 3 : explain SELECT c FROM sbtest3 WHERE id=3055527
	Index Scan using sbtest3_pkey on sbtest3  (cost=0.43..8.45 rows=1 width=121)
	  Index Cond: (id = 3055527)

table 4 : explain SELECT c FROM sbtest4 WHERE id=6073217
	Index Scan using sbtest4_pkey on sbtest4  (cost=0.43..8.45 rows=1 width=121)
	  Index Cond: (id = 6073217)

table 5 : explain SELECT c FROM sbtest5 WHERE id=6445728
	Index Scan using sbtest5_pkey on sbtest5  (cost=0.43..8.45 rows=1 width=121)
	  Index Cond: (id = 6445728)

table 6 : explain SELECT c FROM sbtest6 WHERE id=407534
	Index Scan using sbtest6_pkey on sbtest6  (cost=0.43..8.45 rows=1 width=121)
	  Index Cond: (id = 407534)

table 7 : explain SELECT c FROM sbtest7 WHERE id=8377199
	Index Scan using sbtest7_pkey on sbtest7  (cost=0.43..8.45 rows=1 width=121)
	  Index Cond: (id = 8377199)

table 8 : explain SELECT c FROM sbtest8 WHERE id=3770673
	Index Scan using sbtest8_pkey on sbtest8  (cost=0.43..8.45 rows=1 width=121)
	  Index Cond: (id = 3770673)

explain: for point_selects :: explain SELECT c FROM sbtest%u WHERE id=%u
for point_selects
table 1 : explain SELECT c FROM sbtest1 WHERE id=3190706
	Index Scan using sbtest1_pkey on sbtest1  (cost=0.43..8.45 rows=1 width=121)
	  Index Cond: (id = 3190706)

table 2 : explain SELECT c FROM sbtest2 WHERE id=1720692
	Index Scan using sbtest2_pkey on sbtest2  (cost=0.43..8.45 rows=1 width=121)
	  Index Cond: (id = 1720692)

table 3 : explain SELECT c FROM sbtest3 WHERE id=3169154
	Index Scan using sbtest3_pkey on sbtest3  (cost=0.43..8.45 rows=1 width=121)
	  Index Cond: (id = 3169154)

table 4 : explain SELECT c FROM sbtest4 WHERE id=1989841
	Index Scan using sbtest4_pkey on sbtest4  (cost=0.43..8.45 rows=1 width=121)
	  Index Cond: (id = 1989841)

table 5 : explain SELECT c FROM sbtest5 WHERE id=4830589
	Index Scan using sbtest5_pkey on sbtest5  (cost=0.43..8.45 rows=1 width=121)
	  Index Cond: (id = 4830589)

table 6 : explain SELECT c FROM sbtest6 WHERE id=2840959
	Index Scan using sbtest6_pkey on sbtest6  (cost=0.43..8.45 rows=1 width=121)
	  Index Cond: (id = 2840959)

table 7 : explain SELECT c FROM sbtest7 WHERE id=8564913
	Index Scan using sbtest7_pkey on sbtest7  (cost=0.43..8.45 rows=1 width=121)
	  Index Cond: (id = 8564913)

table 8 : explain SELECT c FROM sbtest8 WHERE id=6008059
	Index Scan using sbtest8_pkey on sbtest8  (cost=0.43..8.45 rows=1 width=121)
	  Index Cond: (id = 6008059)

explain: for point_selects :: explain SELECT c FROM sbtest%u WHERE id=%u
for: order_ranges
table 1 : explain SELECT c FROM sbtest1 WHERE id BETWEEN 4951209 AND 4952208 ORDER BY c
	Sort  (cost=3400.18..3402.35 rows=867 width=121)
	  Sort Key: c
	  ->  Bitmap Heap Scan on sbtest1  (cost=21.32..3357.87 rows=867 width=121)
	        Recheck Cond: ((id >= 4951209) AND (id <= 4952208))
	        ->  Bitmap Index Scan on sbtest1_pkey  (cost=0.00..21.11 rows=867 width=0)
	              Index Cond: ((id >= 4951209) AND (id <= 4952208))

table 2 : explain SELECT c FROM sbtest2 WHERE id BETWEEN 4930187 AND 4931186 ORDER BY c
	Sort  (cost=4338.35..4341.13 rows=1112 width=121)
	  Sort Key: c
	  ->  Bitmap Heap Scan on sbtest2  (cost=27.83..4282.09 rows=1112 width=121)
	        Recheck Cond: ((id >= 4930187) AND (id <= 4931186))
	        ->  Bitmap Index Scan on sbtest2_pkey  (cost=0.00..27.55 rows=1112 width=0)
	              Index Cond: ((id >= 4930187) AND (id <= 4931186))

table 3 : explain SELECT c FROM sbtest3 WHERE id BETWEEN 1377147 AND 1378146 ORDER BY c
	Sort  (cost=4105.56..4108.19 rows=1051 width=121)
	  Sort Key: c
	  ->  Bitmap Heap Scan on sbtest3  (cost=23.21..4052.82 rows=1051 width=121)
	        Recheck Cond: ((id >= 1377147) AND (id <= 1378146))
	        ->  Bitmap Index Scan on sbtest3_pkey  (cost=0.00..22.94 rows=1051 width=0)
	              Index Cond: ((id >= 1377147) AND (id <= 1378146))

table 4 : explain SELECT c FROM sbtest4 WHERE id BETWEEN 2166669 AND 2167668 ORDER BY c
	Sort  (cost=4038.03..4040.61 rows=1033 width=121)
	  Sort Key: c
	  ->  Bitmap Heap Scan on sbtest4  (cost=23.02..3986.32 rows=1033 width=121)
	        Recheck Cond: ((id >= 2166669) AND (id <= 2167668))
	        ->  Bitmap Index Scan on sbtest4_pkey  (cost=0.00..22.76 rows=1033 width=0)
	              Index Cond: ((id >= 2166669) AND (id <= 2167668))

table 5 : explain SELECT c FROM sbtest5 WHERE id BETWEEN 4820248 AND 4821247 ORDER BY c
	Sort  (cost=4202.24..4204.93 rows=1076 width=121)
	  Sort Key: c
	  ->  Bitmap Heap Scan on sbtest5  (cost=23.46..4148.05 rows=1076 width=121)
	        Recheck Cond: ((id >= 4820248) AND (id <= 4821247))
	        ->  Bitmap Index Scan on sbtest5_pkey  (cost=0.00..23.19 rows=1076 width=0)
	              Index Cond: ((id >= 4820248) AND (id <= 4821247))

table 6 : explain SELECT c FROM sbtest6 WHERE id BETWEEN 7870679 AND 7871678 ORDER BY c
	Sort  (cost=3839.29..3841.74 rows=981 width=121)
	  Sort Key: c
	  ->  Bitmap Heap Scan on sbtest6  (cost=22.49..3790.54 rows=981 width=121)
	        Recheck Cond: ((id >= 7870679) AND (id <= 7871678))
	        ->  Bitmap Index Scan on sbtest6_pkey  (cost=0.00..22.25 rows=981 width=0)
	              Index Cond: ((id >= 7870679) AND (id <= 7871678))

table 7 : explain SELECT c FROM sbtest7 WHERE id BETWEEN 5394155 AND 5395154 ORDER BY c
	Sort  (cost=3916.82..3919.32 rows=1001 width=121)
	  Sort Key: c
	  ->  Bitmap Heap Scan on sbtest7  (cost=22.70..3866.93 rows=1001 width=121)
	        Recheck Cond: ((id >= 5394155) AND (id <= 5395154))
	        ->  Bitmap Index Scan on sbtest7_pkey  (cost=0.00..22.44 rows=1001 width=0)
	              Index Cond: ((id >= 5394155) AND (id <= 5395154))

table 8 : explain SELECT c FROM sbtest8 WHERE id BETWEEN 1695350 AND 1696349 ORDER BY c
	Sort  (cost=3924.43..3926.94 rows=1003 width=121)
	  Sort Key: c
	  ->  Bitmap Heap Scan on sbtest8  (cost=22.72..3874.43 rows=1003 width=121)
	        Recheck Cond: ((id >= 1695350) AND (id <= 1696349))
	        ->  Bitmap Index Scan on sbtest8_pkey  (cost=0.00..22.46 rows=1003 width=0)
	              Index Cond: ((id >= 1695350) AND (id <= 1696349))

for point_selects
table 1 : explain SELECT c FROM sbtest1 WHERE id=9066738
	Index Scan using sbtest1_pkey on sbtest1  (cost=0.43..8.45 rows=1 width=121)
	  Index Cond: (id = 9066738)

table 2 : explain SELECT c FROM sbtest2 WHERE id=4760532
	Index Scan using sbtest2_pkey on sbtest2  (cost=0.43..8.45 rows=1 width=121)
	  Index Cond: (id = 4760532)

table 3 : explain SELECT c FROM sbtest3 WHERE id=8165504
	Index Scan using sbtest3_pkey on sbtest3  (cost=0.43..8.45 rows=1 width=121)
	  Index Cond: (id = 8165504)

table 4 : explain SELECT c FROM sbtest4 WHERE id=7706884
	Index Scan using sbtest4_pkey on sbtest4  (cost=0.43..8.45 rows=1 width=121)
	  Index Cond: (id = 7706884)

table 5 : explain SELECT c FROM sbtest5 WHERE id=1096914
	Index Scan using sbtest5_pkey on sbtest5  (cost=0.43..8.45 rows=1 width=121)
	  Index Cond: (id = 1096914)

table 6 : explain SELECT c FROM sbtest6 WHERE id=6764074
	Index Scan using sbtest6_pkey on sbtest6  (cost=0.43..8.45 rows=1 width=121)
	  Index Cond: (id = 6764074)

table 7 : explain SELECT c FROM sbtest7 WHERE id=1010529
	Index Scan using sbtest7_pkey on sbtest7  (cost=0.43..8.45 rows=1 width=121)
	  Index Cond: (id = 1010529)

table 8 : explain SELECT c FROM sbtest8 WHERE id=7389414
	Index Scan using sbtest8_pkey on sbtest8  (cost=0.43..8.45 rows=1 width=121)
	  Index Cond: (id = 7389414)

for: order_ranges
table 1 : explain SELECT c FROM sbtest1 WHERE id BETWEEN 6971441 AND 6972440 ORDER BY c
	Sort  (cost=3603.41..3605.71 rows=920 width=121)
	  Sort Key: c
	  ->  Bitmap Heap Scan on sbtest1  (cost=21.87..3558.12 rows=920 width=121)
	        Recheck Cond: ((id >= 6971441) AND (id <= 6972440))
	        ->  Bitmap Index Scan on sbtest1_pkey  (cost=0.00..21.64 rows=920 width=0)
	              Index Cond: ((id >= 6971441) AND (id <= 6972440))

table 2 : explain SELECT c FROM sbtest2 WHERE id BETWEEN 9134819 AND 9135818 ORDER BY c
	Sort  (cost=3841.85..3844.31 rows=982 width=121)
	  Sort Key: c
	  ->  Bitmap Heap Scan on sbtest2  (cost=22.50..3793.05 rows=982 width=121)
	        Recheck Cond: ((id >= 9134819) AND (id <= 9135818))
	        ->  Bitmap Index Scan on sbtest2_pkey  (cost=0.00..22.25 rows=982 width=0)
	              Index Cond: ((id >= 9134819) AND (id <= 9135818))

table 3 : explain SELECT c FROM sbtest3 WHERE id BETWEEN 5846401 AND 5847400 ORDER BY c
	Sort  (cost=3462.62..3464.83 rows=883 width=121)
	  Sort Key: c
	  ->  Bitmap Heap Scan on sbtest3  (cost=21.49..3419.41 rows=883 width=121)
	        Recheck Cond: ((id >= 5846401) AND (id <= 5847400))
	        ->  Bitmap Index Scan on sbtest3_pkey  (cost=0.00..21.26 rows=883 width=0)
	              Index Cond: ((id >= 5846401) AND (id <= 5847400))

table 4 : explain SELECT c FROM sbtest4 WHERE id BETWEEN 921511 AND 922510 ORDER BY c
	Sort  (cost=3831.54..3833.99 rows=979 width=121)
	  Sort Key: c
	  ->  Bitmap Heap Scan on sbtest4  (cost=22.47..3782.91 rows=979 width=121)
	        Recheck Cond: ((id >= 921511) AND (id <= 922510))
	        ->  Bitmap Index Scan on sbtest4_pkey  (cost=0.00..22.22 rows=979 width=0)
	              Index Cond: ((id >= 921511) AND (id <= 922510))

table 5 : explain SELECT c FROM sbtest5 WHERE id BETWEEN 6145347 AND 6146346 ORDER BY c
	Sort  (cost=4118.26..4120.90 rows=1054 width=121)
	  Sort Key: c
	  ->  Bitmap Heap Scan on sbtest5  (cost=23.24..4065.35 rows=1054 width=121)
	        Recheck Cond: ((id >= 6145347) AND (id <= 6146346))
	        ->  Bitmap Index Scan on sbtest5_pkey  (cost=0.00..22.97 rows=1054 width=0)
	              Index Cond: ((id >= 6145347) AND (id <= 6146346))

table 6 : explain SELECT c FROM sbtest6 WHERE id BETWEEN 1742042 AND 1743041 ORDER BY c
	Sort  (cost=3778.04..3780.45 rows=965 width=121)
	  Sort Key: c
	  ->  Bitmap Heap Scan on sbtest6  (cost=22.33..3730.20 rows=965 width=121)
	        Recheck Cond: ((id >= 1742042) AND (id <= 1743041))
	        ->  Bitmap Index Scan on sbtest6_pkey  (cost=0.00..22.08 rows=965 width=0)
	              Index Cond: ((id >= 1742042) AND (id <= 1743041))

table 7 : explain SELECT c FROM sbtest7 WHERE id BETWEEN 2901021 AND 2902020 ORDER BY c
	Sort  (cost=4111.79..4114.42 rows=1052 width=121)
	  Sort Key: c
	  ->  Bitmap Heap Scan on sbtest7  (cost=23.22..4058.99 rows=1052 width=121)
	        Recheck Cond: ((id >= 2901021) AND (id <= 2902020))
	        ->  Bitmap Index Scan on sbtest7_pkey  (cost=0.00..22.95 rows=1052 width=0)
	              Index Cond: ((id >= 2901021) AND (id <= 2902020))

table 8 : explain SELECT c FROM sbtest8 WHERE id BETWEEN 8537174 AND 8538173 ORDER BY c
	Sort  (cost=3671.66..3674.00 rows=937 width=121)
	  Sort Key: c
	  ->  Bitmap Heap Scan on sbtest8  (cost=22.04..3625.41 rows=937 width=121)
	        Recheck Cond: ((id >= 8537174) AND (id <= 8538173))
	        ->  Bitmap Index Scan on sbtest8_pkey  (cost=0.00..21.80 rows=937 width=0)
	              Index Cond: ((id >= 8537174) AND (id <= 8538173))

for: order_ranges
table 1 : explain SELECT c FROM sbtest1 WHERE id BETWEEN 2714184 AND 2715183 ORDER BY c
	Sort  (cost=3829.22..3831.67 rows=979 width=121)
	  Sort Key: c
	  ->  Bitmap Heap Scan on sbtest1  (cost=22.47..3780.59 rows=979 width=121)
	        Recheck Cond: ((id >= 2714184) AND (id <= 2715183))
	        ->  Bitmap Index Scan on sbtest1_pkey  (cost=0.00..22.22 rows=979 width=0)
	              Index Cond: ((id >= 2714184) AND (id <= 2715183))

table 2 : explain SELECT c FROM sbtest2 WHERE id BETWEEN 9224544 AND 9225543 ORDER BY c
	Sort  (cost=3719.39..3721.77 rows=950 width=121)
	  Sort Key: c
	  ->  Bitmap Heap Scan on sbtest2  (cost=22.17..3672.40 rows=950 width=121)
	        Recheck Cond: ((id >= 9224544) AND (id <= 9225543))
	        ->  Bitmap Index Scan on sbtest2_pkey  (cost=0.00..21.93 rows=950 width=0)
	              Index Cond: ((id >= 9224544) AND (id <= 9225543))

table 3 : explain SELECT c FROM sbtest3 WHERE id BETWEEN 694041 AND 695040 ORDER BY c
	Sort  (cost=4086.48..4089.09 rows=1046 width=121)
	  Sort Key: c
	  ->  Bitmap Heap Scan on sbtest3  (cost=23.16..4034.02 rows=1046 width=121)
	        Recheck Cond: ((id >= 694041) AND (id <= 695040))
	        ->  Bitmap Index Scan on sbtest3_pkey  (cost=0.00..22.89 rows=1046 width=0)
	              Index Cond: ((id >= 694041) AND (id <= 695040))

table 4 : explain SELECT c FROM sbtest4 WHERE id BETWEEN 137421 AND 138420 ORDER BY c
	Sort  (cost=3758.80..3761.20 rows=960 width=121)
	  Sort Key: c
	  ->  Bitmap Heap Scan on sbtest4  (cost=22.27..3711.25 rows=960 width=121)
	        Recheck Cond: ((id >= 137421) AND (id <= 138420))
	        ->  Bitmap Index Scan on sbtest4_pkey  (cost=0.00..22.04 rows=960 width=0)
	              Index Cond: ((id >= 137421) AND (id <= 138420))

table 5 : explain SELECT c FROM sbtest5 WHERE id BETWEEN 9015799 AND 9016798 ORDER BY c
	Sort  (cost=3800.95..3803.37 rows=971 width=121)
	  Sort Key: c
	  ->  Bitmap Heap Scan on sbtest5  (cost=22.39..3752.77 rows=971 width=121)
	        Recheck Cond: ((id >= 9015799) AND (id <= 9016798))
	        ->  Bitmap Index Scan on sbtest5_pkey  (cost=0.00..22.14 rows=971 width=0)
	              Index Cond: ((id >= 9015799) AND (id <= 9016798))

table 6 : explain SELECT c FROM sbtest6 WHERE id BETWEEN 8559635 AND 8560634 ORDER BY c
	Sort  (cost=4129.80..4132.44 rows=1057 width=121)
	  Sort Key: c
	  ->  Bitmap Heap Scan on sbtest6  (cost=23.27..4076.70 rows=1057 width=121)
	        Recheck Cond: ((id >= 8559635) AND (id <= 8560634))
	        ->  Bitmap Index Scan on sbtest6_pkey  (cost=0.00..23.00 rows=1057 width=0)
	              Index Cond: ((id >= 8559635) AND (id <= 8560634))

table 7 : explain SELECT c FROM sbtest7 WHERE id BETWEEN 5934399 AND 5935398 ORDER BY c
	Sort  (cost=3989.49..3992.04 rows=1020 width=121)
	  Sort Key: c
	  ->  Bitmap Heap Scan on sbtest7  (cost=22.89..3938.52 rows=1020 width=121)
	        Recheck Cond: ((id >= 5934399) AND (id <= 5935398))
	        ->  Bitmap Index Scan on sbtest7_pkey  (cost=0.00..22.64 rows=1020 width=0)
	              Index Cond: ((id >= 5934399) AND (id <= 5935398))

table 8 : explain SELECT c FROM sbtest8 WHERE id BETWEEN 4523799 AND 4524798 ORDER BY c
	Sort  (cost=4023.86..4026.44 rows=1029 width=121)
	  Sort Key: c
	  ->  Bitmap Heap Scan on sbtest8  (cost=22.98..3972.38 rows=1029 width=121)
	        Recheck Cond: ((id >= 4523799) AND (id <= 4524798))
	        ->  Bitmap Index Scan on sbtest8_pkey  (cost=0.00..22.72 rows=1029 width=0)
	              Index Cond: ((id >= 4523799) AND (id <= 4524798))

for: simple_ranges
table 1 : explain SELECT c FROM sbtest1 WHERE id BETWEEN 2373182 AND 2374181
	Bitmap Heap Scan on sbtest1  (cost=21.34..3365.44 rows=869 width=121)
	  Recheck Cond: ((id >= 2373182) AND (id <= 2374181))
	  ->  Bitmap Index Scan on sbtest1_pkey  (cost=0.00..21.12 rows=869 width=0)
	        Index Cond: ((id >= 2373182) AND (id <= 2374181))

table 2 : explain SELECT c FROM sbtest2 WHERE id BETWEEN 9420592 AND 9421591
	Bitmap Heap Scan on sbtest2  (cost=23.15..4030.18 rows=1045 width=121)
	  Recheck Cond: ((id >= 9420592) AND (id <= 9421591))
	  ->  Bitmap Index Scan on sbtest2_pkey  (cost=0.00..22.89 rows=1045 width=0)
	        Index Cond: ((id >= 9420592) AND (id <= 9421591))

table 3 : explain SELECT c FROM sbtest3 WHERE id BETWEEN 7826452 AND 7827451
	Bitmap Heap Scan on sbtest3  (cost=27.66..4222.10 rows=1095 width=121)
	  Recheck Cond: ((id >= 7826452) AND (id <= 7827451))
	  ->  Bitmap Index Scan on sbtest3_pkey  (cost=0.00..27.39 rows=1095 width=0)
	        Index Cond: ((id >= 7826452) AND (id <= 7827451))

table 4 : explain SELECT c FROM sbtest4 WHERE id BETWEEN 9036103 AND 9037102
	Bitmap Heap Scan on sbtest4  (cost=22.15..3665.97 rows=948 width=121)
	  Recheck Cond: ((id >= 9036103) AND (id <= 9037102))
	  ->  Bitmap Index Scan on sbtest4_pkey  (cost=0.00..21.91 rows=948 width=0)
	        Index Cond: ((id >= 9036103) AND (id <= 9037102))

table 5 : explain SELECT c FROM sbtest5 WHERE id BETWEEN 5929606 AND 5930605
	Bitmap Heap Scan on sbtest5  (cost=21.22..3321.97 rows=857 width=121)
	  Recheck Cond: ((id >= 5929606) AND (id <= 5930605))
	  ->  Bitmap Index Scan on sbtest5_pkey  (cost=0.00..21.00 rows=857 width=0)
	        Index Cond: ((id >= 5929606) AND (id <= 5930605))

table 6 : explain SELECT c FROM sbtest6 WHERE id BETWEEN 3289172 AND 3290171
	Bitmap Heap Scan on sbtest6  (cost=27.60..4200.97 rows=1089 width=121)
	  Recheck Cond: ((id >= 3289172) AND (id <= 3290171))
	  ->  Bitmap Index Scan on sbtest6_pkey  (cost=0.00..27.32 rows=1089 width=0)
	        Index Cond: ((id >= 3289172) AND (id <= 3290171))

table 7 : explain SELECT c FROM sbtest7 WHERE id BETWEEN 9408612 AND 9409611
	Bitmap Heap Scan on sbtest7  (cost=22.47..3783.98 rows=979 width=121)
	  Recheck Cond: ((id >= 9408612) AND (id <= 9409611))
	  ->  Bitmap Index Scan on sbtest7_pkey  (cost=0.00..22.22 rows=979 width=0)
	        Index Cond: ((id >= 9408612) AND (id <= 9409611))

table 8 : explain SELECT c FROM sbtest8 WHERE id BETWEEN 1693932 AND 1694931
	Bitmap Heap Scan on sbtest8  (cost=22.72..3874.43 rows=1003 width=121)
	  Recheck Cond: ((id >= 1693932) AND (id <= 1694931))
	  ->  Bitmap Index Scan on sbtest8_pkey  (cost=0.00..22.46 rows=1003 width=0)
	        Index Cond: ((id >= 1693932) AND (id <= 1694931))

explain: for point_selects :: explain SELECT c FROM sbtest%u WHERE id=%u
for: simple_ranges
table 1 : explain SELECT c FROM sbtest1 WHERE id BETWEEN 5981350 AND 5982349
	Bitmap Heap Scan on sbtest1  (cost=22.59..3825.78 rows=991 width=121)
	  Recheck Cond: ((id >= 5981350) AND (id <= 5982349))
	  ->  Bitmap Index Scan on sbtest1_pkey  (cost=0.00..22.34 rows=991 width=0)
	        Index Cond: ((id >= 5981350) AND (id <= 5982349))

table 2 : explain SELECT c FROM sbtest2 WHERE id BETWEEN 5958661 AND 5959660
	Bitmap Heap Scan on sbtest2  (cost=22.16..3668.63 rows=949 width=121)
	  Recheck Cond: ((id >= 5958661) AND (id <= 5959660))
	  ->  Bitmap Index Scan on sbtest2_pkey  (cost=0.00..21.93 rows=949 width=0)
	        Index Cond: ((id >= 5958661) AND (id <= 5959660))

table 3 : explain SELECT c FROM sbtest3 WHERE id BETWEEN 6189015 AND 6190014
	Bitmap Heap Scan on sbtest3  (cost=27.99..4338.44 rows=1127 width=121)
	  Recheck Cond: ((id >= 6189015) AND (id <= 6190014))
	  ->  Bitmap Index Scan on sbtest3_pkey  (cost=0.00..27.70 rows=1127 width=0)
	        Index Cond: ((id >= 6189015) AND (id <= 6190014))

table 4 : explain SELECT c FROM sbtest4 WHERE id BETWEEN 6628798 AND 6629797
	Bitmap Heap Scan on sbtest4  (cost=21.47..3412.79 rows=881 width=121)
	  Recheck Cond: ((id >= 6628798) AND (id <= 6629797))
	  ->  Bitmap Index Scan on sbtest4_pkey  (cost=0.00..21.25 rows=881 width=0)
	        Index Cond: ((id >= 6628798) AND (id <= 6629797))

table 5 : explain SELECT c FROM sbtest5 WHERE id BETWEEN 463749 AND 464748
	Bitmap Heap Scan on sbtest5  (cost=21.78..3530.03 rows=912 width=121)
	  Recheck Cond: ((id >= 463749) AND (id <= 464748))
	  ->  Bitmap Index Scan on sbtest5_pkey  (cost=0.00..21.55 rows=912 width=0)
	        Index Cond: ((id >= 463749) AND (id <= 464748))

table 6 : explain SELECT c FROM sbtest6 WHERE id BETWEEN 3673649 AND 3674648
	Bitmap Heap Scan on sbtest6  (cost=21.66..3484.73 rows=900 width=121)
	  Recheck Cond: ((id >= 3673649) AND (id <= 3674648))
	  ->  Bitmap Index Scan on sbtest6_pkey  (cost=0.00..21.43 rows=900 width=0)
	        Index Cond: ((id >= 3673649) AND (id <= 3674648))

table 7 : explain SELECT c FROM sbtest7 WHERE id BETWEEN 5643504 AND 5644503
	Bitmap Heap Scan on sbtest7  (cost=21.00..3243.24 rows=836 width=121)
	  Recheck Cond: ((id >= 5643504) AND (id <= 5644503))
	  ->  Bitmap Index Scan on sbtest7_pkey  (cost=0.00..20.79 rows=836 width=0)
	        Index Cond: ((id >= 5643504) AND (id <= 5644503))

table 8 : explain SELECT c FROM sbtest8 WHERE id BETWEEN 4115253 AND 4116252
	Bitmap Heap Scan on sbtest8  (cost=22.56..3817.89 rows=988 width=121)
	  Recheck Cond: ((id >= 4115253) AND (id <= 4116252))
	  ->  Bitmap Index Scan on sbtest8_pkey  (cost=0.00..22.32 rows=988 width=0)
	        Index Cond: ((id >= 4115253) AND (id <= 4116252))

for: simple_ranges
table 1 : explain SELECT c FROM sbtest1 WHERE id BETWEEN 1974147 AND 1975146
	Bitmap Heap Scan on sbtest1  (cost=22.23..3693.92 rows=956 width=121)
	  Recheck Cond: ((id >= 1974147) AND (id <= 1975146))
	  ->  Bitmap Index Scan on sbtest1_pkey  (cost=0.00..22.00 rows=956 width=0)
	        Index Cond: ((id >= 1974147) AND (id <= 1975146))

table 2 : explain SELECT c FROM sbtest2 WHERE id BETWEEN 4086748 AND 4087747
	Bitmap Heap Scan on sbtest2  (cost=23.03..3988.82 rows=1034 width=121)
	  Recheck Cond: ((id >= 4086748) AND (id <= 4087747))
	  ->  Bitmap Index Scan on sbtest2_pkey  (cost=0.00..22.77 rows=1034 width=0)
	        Index Cond: ((id >= 4086748) AND (id <= 4087747))

table 3 : explain SELECT c FROM sbtest3 WHERE id BETWEEN 2947912 AND 2948911
	Bitmap Heap Scan on sbtest3  (cost=23.18..4041.54 rows=1048 width=121)
	  Recheck Cond: ((id >= 2947912) AND (id <= 2948911))
	  ->  Bitmap Index Scan on sbtest3_pkey  (cost=0.00..22.91 rows=1048 width=0)
	        Index Cond: ((id >= 2947912) AND (id <= 2948911))

table 4 : explain SELECT c FROM sbtest4 WHERE id BETWEEN 6312470 AND 6313469
	Bitmap Heap Scan on sbtest4  (cost=22.76..3888.43 rows=1007 width=121)
	  Recheck Cond: ((id >= 6312470) AND (id <= 6313469))
	  ->  Bitmap Index Scan on sbtest4_pkey  (cost=0.00..22.50 rows=1007 width=0)
	        Index Cond: ((id >= 6312470) AND (id <= 6313469))

table 5 : explain SELECT c FROM sbtest5 WHERE id BETWEEN 6074455 AND 6075454
	Bitmap Heap Scan on sbtest5  (cost=22.78..3895.99 rows=1009 width=121)
	  Recheck Cond: ((id >= 6074455) AND (id <= 6075454))
	  ->  Bitmap Index Scan on sbtest5_pkey  (cost=0.00..22.52 rows=1009 width=0)
	        Index Cond: ((id >= 6074455) AND (id <= 6075454))

table 6 : explain SELECT c FROM sbtest6 WHERE id BETWEEN 1703072 AND 1704071
	Bitmap Heap Scan on sbtest6  (cost=22.78..3896.06 rows=1009 width=121)
	  Recheck Cond: ((id >= 1703072) AND (id <= 1704071))
	  ->  Bitmap Index Scan on sbtest6_pkey  (cost=0.00..22.52 rows=1009 width=0)
	        Index Cond: ((id >= 1703072) AND (id <= 1704071))

table 7 : explain SELECT c FROM sbtest7 WHERE id BETWEEN 987311 AND 988310
	Bitmap Heap Scan on sbtest7  (cost=22.75..3885.77 rows=1006 width=121)
	  Recheck Cond: ((id >= 987311) AND (id <= 988310))
	  ->  Bitmap Index Scan on sbtest7_pkey  (cost=0.00..22.50 rows=1006 width=0)
	        Index Cond: ((id >= 987311) AND (id <= 988310))

table 8 : explain SELECT c FROM sbtest8 WHERE id BETWEEN 9351831 AND 9352830
	Bitmap Heap Scan on sbtest8  (cost=27.50..4168.25 rows=1080 width=121)
	  Recheck Cond: ((id >= 9351831) AND (id <= 9352830))
	  ->  Bitmap Index Scan on sbtest8_pkey  (cost=0.00..27.23 rows=1080 width=0)
	        Index Cond: ((id >= 9351831) AND (id <= 9352830))

for: distinct_ranges
table 1 : explain SELECT DISTINCT c FROM sbtest1 WHERE id BETWEEN 6197727 AND 6198726 ORDER BY c
	Unique  (cost=3733.59..3738.36 rows=954 width=121)
	  ->  Sort  (cost=3733.59..3735.98 rows=954 width=121)
	        Sort Key: c
	        ->  Bitmap Heap Scan on sbtest1  (cost=22.21..3686.38 rows=954 width=121)
	              Recheck Cond: ((id >= 6197727) AND (id <= 6198726))
	              ->  Bitmap Index Scan on sbtest1_pkey  (cost=0.00..21.97 rows=954 width=0)
	                    Index Cond: ((id >= 6197727) AND (id <= 6198726))

table 2 : explain SELECT DISTINCT c FROM sbtest2 WHERE id BETWEEN 8061747 AND 8062746 ORDER BY c
	Unique  (cost=4158.91..4164.23 rows=1065 width=121)
	  ->  Sort  (cost=4158.91..4161.57 rows=1065 width=121)
	        Sort Key: c
	        ->  Bitmap Heap Scan on sbtest2  (cost=23.35..4105.36 rows=1065 width=121)
	              Recheck Cond: ((id >= 8061747) AND (id <= 8062746))
	              ->  Bitmap Index Scan on sbtest2_pkey  (cost=0.00..23.08 rows=1065 width=0)
	                    Index Cond: ((id >= 8061747) AND (id <= 8062746))

table 3 : explain SELECT DISTINCT c FROM sbtest3 WHERE id BETWEEN 9235141 AND 9236140 ORDER BY c
	Unique  (cost=3604.53..3609.13 rows=920 width=121)
	  ->  Sort  (cost=3604.53..3606.83 rows=920 width=121)
	        Sort Key: c
	        ->  Bitmap Heap Scan on sbtest3  (cost=21.87..3559.24 rows=920 width=121)
	              Recheck Cond: ((id >= 9235141) AND (id <= 9236140))
	              ->  Bitmap Index Scan on sbtest3_pkey  (cost=0.00..21.64 rows=920 width=0)
	                    Index Cond: ((id >= 9235141) AND (id <= 9236140))

table 4 : explain SELECT DISTINCT c FROM sbtest4 WHERE id BETWEEN 1568690 AND 1569689 ORDER BY c
	Unique  (cost=3900.41..3905.40 rows=997 width=121)
	  ->  Sort  (cost=3900.41..3902.90 rows=997 width=121)
	        Sort Key: c
	        ->  Bitmap Heap Scan on sbtest4  (cost=22.65..3850.75 rows=997 width=121)
	              Recheck Cond: ((id >= 1568690) AND (id <= 1569689))
	              ->  Bitmap Index Scan on sbtest4_pkey  (cost=0.00..22.40 rows=997 width=0)
	                    Index Cond: ((id >= 1568690) AND (id <= 1569689))

table 5 : explain SELECT DISTINCT c FROM sbtest5 WHERE id BETWEEN 2213293 AND 2214292 ORDER BY c
	Unique  (cost=3957.80..3962.86 rows=1012 width=121)
	  ->  Sort  (cost=3957.80..3960.33 rows=1012 width=121)
	        Sort Key: c
	        ->  Bitmap Heap Scan on sbtest5  (cost=22.81..3907.28 rows=1012 width=121)
	              Recheck Cond: ((id >= 2213293) AND (id <= 2214292))
	              ->  Bitmap Index Scan on sbtest5_pkey  (cost=0.00..22.55 rows=1012 width=0)
	                    Index Cond: ((id >= 2213293) AND (id <= 2214292))

table 6 : explain SELECT DISTINCT c FROM sbtest6 WHERE id BETWEEN 3127332 AND 3128331 ORDER BY c
	Unique  (cost=4061.05..4066.25 rows=1039 width=121)
	  ->  Sort  (cost=4061.05..4063.65 rows=1039 width=121)
	        Sort Key: c
	        ->  Bitmap Heap Scan on sbtest6  (cost=23.08..4009.00 rows=1039 width=121)
	              Recheck Cond: ((id >= 3127332) AND (id <= 3128331))
	              ->  Bitmap Index Scan on sbtest6_pkey  (cost=0.00..22.82 rows=1039 width=0)
	                    Index Cond: ((id >= 3127332) AND (id <= 3128331))

table 7 : explain SELECT DISTINCT c FROM sbtest7 WHERE id BETWEEN 4198252 AND 4199251 ORDER BY c
	Unique  (cost=3740.69..3745.46 rows=955 width=121)
	  ->  Sort  (cost=3740.69..3743.07 rows=955 width=121)
	        Sort Key: c
	        ->  Bitmap Heap Scan on sbtest7  (cost=22.22..3693.42 rows=955 width=121)
	              Recheck Cond: ((id >= 4198252) AND (id <= 4199251))
	              ->  Bitmap Index Scan on sbtest7_pkey  (cost=0.00..21.98 rows=955 width=0)
	                    Index Cond: ((id >= 4198252) AND (id <= 4199251))

table 8 : explain SELECT DISTINCT c FROM sbtest8 WHERE id BETWEEN 6891740 AND 6892739 ORDER BY c
	Unique  (cost=3487.49..3491.93 rows=889 width=121)
	  ->  Sort  (cost=3487.49..3489.71 rows=889 width=121)
	        Sort Key: c
	        ->  Bitmap Heap Scan on sbtest8  (cost=21.55..3443.94 rows=889 width=121)
	              Recheck Cond: ((id >= 6891740) AND (id <= 6892739))
	              ->  Bitmap Index Scan on sbtest8_pkey  (cost=0.00..21.32 rows=889 width=0)
	                    Index Cond: ((id >= 6891740) AND (id <= 6892739))

for: distinct_ranges
table 1 : explain SELECT DISTINCT c FROM sbtest1 WHERE id BETWEEN 4128360 AND 4129359 ORDER BY c
	Unique  (cost=3614.90..3619.52 rows=923 width=121)
	  ->  Sort  (cost=3614.90..3617.21 rows=923 width=121)
	        Sort Key: c
	        ->  Bitmap Heap Scan on sbtest1  (cost=21.90..3569.45 rows=923 width=121)
	              Recheck Cond: ((id >= 4128360) AND (id <= 4129359))
	              ->  Bitmap Index Scan on sbtest1_pkey  (cost=0.00..21.66 rows=923 width=0)
	                    Index Cond: ((id >= 4128360) AND (id <= 4129359))

table 2 : explain SELECT DISTINCT c FROM sbtest2 WHERE id BETWEEN 3189820 AND 3190819 ORDER BY c
	Unique  (cost=3960.37..3965.44 rows=1013 width=121)
	  ->  Sort  (cost=3960.37..3962.90 rows=1013 width=121)
	        Sort Key: c
	        ->  Bitmap Heap Scan on sbtest2  (cost=22.82..3909.80 rows=1013 width=121)
	              Recheck Cond: ((id >= 3189820) AND (id <= 3190819))
	              ->  Bitmap Index Scan on sbtest2_pkey  (cost=0.00..22.57 rows=1013 width=0)
	                    Index Cond: ((id >= 3189820) AND (id <= 3190819))

table 3 : explain SELECT DISTINCT c FROM sbtest3 WHERE id BETWEEN 9865428 AND 9866427 ORDER BY c
	Unique  (cost=3684.99..3689.69 rows=941 width=121)
	  ->  Sort  (cost=3684.99..3687.34 rows=941 width=121)
	        Sort Key: c
	        ->  Bitmap Heap Scan on sbtest3  (cost=22.08..3638.51 rows=941 width=121)
	              Recheck Cond: ((id >= 9865428) AND (id <= 9866427))
	              ->  Bitmap Index Scan on sbtest3_pkey  (cost=0.00..21.84 rows=941 width=0)
	                    Index Cond: ((id >= 9865428) AND (id <= 9866427))

table 4 : explain SELECT DISTINCT c FROM sbtest4 WHERE id BETWEEN 7483132 AND 7484131 ORDER BY c
	Unique  (cost=3743.49..3748.27 rows=956 width=121)
	  ->  Sort  (cost=3743.49..3745.88 rows=956 width=121)
	        Sort Key: c
	        ->  Bitmap Heap Scan on sbtest4  (cost=22.23..3696.16 rows=956 width=121)
	              Recheck Cond: ((id >= 7483132) AND (id <= 7484131))
	              ->  Bitmap Index Scan on sbtest4_pkey  (cost=0.00..22.00 rows=956 width=0)
	                    Index Cond: ((id >= 7483132) AND (id <= 7484131))

table 5 : explain SELECT DISTINCT c FROM sbtest5 WHERE id BETWEEN 3243568 AND 3244567 ORDER BY c
	Unique  (cost=4076.26..4081.47 rows=1043 width=121)
	  ->  Sort  (cost=4076.26..4078.87 rows=1043 width=121)
	        Sort Key: c
	        ->  Bitmap Heap Scan on sbtest5  (cost=23.13..4023.97 rows=1043 width=121)
	              Recheck Cond: ((id >= 3243568) AND (id <= 3244567))
	              ->  Bitmap Index Scan on sbtest5_pkey  (cost=0.00..22.86 rows=1043 width=0)
	                    Index Cond: ((id >= 3243568) AND (id <= 3244567))

table 6 : explain SELECT DISTINCT c FROM sbtest6 WHERE id BETWEEN 7850806 AND 7851805 ORDER BY c
	Unique  (cost=3839.29..3844.19 rows=981 width=121)
	  ->  Sort  (cost=3839.29..3841.74 rows=981 width=121)
	        Sort Key: c
	        ->  Bitmap Heap Scan on sbtest6  (cost=22.49..3790.54 rows=981 width=121)
	              Recheck Cond: ((id >= 7850806) AND (id <= 7851805))
	              ->  Bitmap Index Scan on sbtest6_pkey  (cost=0.00..22.25 rows=981 width=0)
	                    Index Cond: ((id >= 7850806) AND (id <= 7851805))

table 7 : explain SELECT DISTINCT c FROM sbtest7 WHERE id BETWEEN 4610324 AND 4611323 ORDER BY c
	Unique  (cost=4226.52..4231.93 rows=1081 width=121)
	  ->  Sort  (cost=4226.52..4229.23 rows=1081 width=121)
	        Sort Key: c
	        ->  Bitmap Heap Scan on sbtest7  (cost=27.52..4172.05 rows=1081 width=121)
	              Recheck Cond: ((id >= 4610324) AND (id <= 4611323))
	              ->  Bitmap Index Scan on sbtest7_pkey  (cost=0.00..27.25 rows=1081 width=0)
	                    Index Cond: ((id >= 4610324) AND (id <= 4611323))

table 8 : explain SELECT DISTINCT c FROM sbtest8 WHERE id BETWEEN 8047111 AND 8048110 ORDER BY c
	Unique  (cost=4104.29..4109.54 rows=1049 width=121)
	  ->  Sort  (cost=4104.29..4106.92 rows=1049 width=121)
	        Sort Key: c
	        ->  Bitmap Heap Scan on sbtest8  (cost=27.19..4051.66 rows=1049 width=121)
	              Recheck Cond: ((id >= 8047111) AND (id <= 8048110))
	              ->  Bitmap Index Scan on sbtest8_pkey  (cost=0.00..26.93 rows=1049 width=0)
	                    Index Cond: ((id >= 8047111) AND (id <= 8048110))

for: distinct_ranges
table 1 : explain SELECT DISTINCT c FROM sbtest1 WHERE id BETWEEN 9402568 AND 9403567 ORDER BY c
	Unique  (cost=4172.85..4178.20 rows=1069 width=121)
	  ->  Sort  (cost=4172.85..4175.52 rows=1069 width=121)
	        Sort Key: c
	        ->  Bitmap Heap Scan on sbtest1  (cost=23.39..4119.07 rows=1069 width=121)
	              Recheck Cond: ((id >= 9402568) AND (id <= 9403567))
	              ->  Bitmap Index Scan on sbtest1_pkey  (cost=0.00..23.12 rows=1069 width=0)
	                    Index Cond: ((id >= 9402568) AND (id <= 9403567))

table 2 : explain SELECT DISTINCT c FROM sbtest2 WHERE id BETWEEN 6718566 AND 6719565 ORDER BY c
	Unique  (cost=4032.95..4038.11 rows=1032 width=121)
	  ->  Sort  (cost=4032.95..4035.53 rows=1032 width=121)
	        Sort Key: c
	        ->  Bitmap Heap Scan on sbtest2  (cost=23.01..3981.29 rows=1032 width=121)
	              Recheck Cond: ((id >= 6718566) AND (id <= 6719565))
	              ->  Bitmap Index Scan on sbtest2_pkey  (cost=0.00..22.75 rows=1032 width=0)
	                    Index Cond: ((id >= 6718566) AND (id <= 6719565))

table 3 : explain SELECT DISTINCT c FROM sbtest3 WHERE id BETWEEN 8098875 AND 8099874 ORDER BY c
	Unique  (cost=3853.40..3858.32 rows=985 width=121)
	  ->  Sort  (cost=3853.40..3855.86 rows=985 width=121)
	        Sort Key: c
	        ->  Bitmap Heap Scan on sbtest3  (cost=22.53..3804.42 rows=985 width=121)
	              Recheck Cond: ((id >= 8098875) AND (id <= 8099874))
	              ->  Bitmap Index Scan on sbtest3_pkey  (cost=0.00..22.29 rows=985 width=0)
	                    Index Cond: ((id >= 8098875) AND (id <= 8099874))

table 4 : explain SELECT DISTINCT c FROM sbtest4 WHERE id BETWEEN 5449026 AND 5450025 ORDER BY c
	Unique  (cost=3793.27..3798.11 rows=969 width=121)
	  ->  Sort  (cost=3793.27..3795.69 rows=969 width=121)
	        Sort Key: c
	        ->  Bitmap Heap Scan on sbtest4  (cost=22.37..3745.20 rows=969 width=121)
	              Recheck Cond: ((id >= 5449026) AND (id <= 5450025))
	              ->  Bitmap Index Scan on sbtest4_pkey  (cost=0.00..22.12 rows=969 width=0)
	                    Index Cond: ((id >= 5449026) AND (id <= 5450025))

table 5 : explain SELECT DISTINCT c FROM sbtest5 WHERE id BETWEEN 3795448 AND 3796447 ORDER BY c
	Unique  (cost=4095.35..4100.59 rows=1048 width=121)
	  ->  Sort  (cost=4095.35..4097.97 rows=1048 width=121)
	        Sort Key: c
	        ->  Bitmap Heap Scan on sbtest5  (cost=23.18..4042.78 rows=1048 width=121)
	              Recheck Cond: ((id >= 3795448) AND (id <= 3796447))
	              ->  Bitmap Index Scan on sbtest5_pkey  (cost=0.00..22.91 rows=1048 width=0)
	                    Index Cond: ((id >= 3795448) AND (id <= 3796447))

table 6 : explain SELECT DISTINCT c FROM sbtest6 WHERE id BETWEEN 2077627 AND 2078626 ORDER BY c
	Unique  (cost=4362.74..4368.33 rows=1118 width=121)
	  ->  Sort  (cost=4362.74..4365.54 rows=1118 width=121)
	        Sort Key: c
	        ->  Bitmap Heap Scan on sbtest6  (cost=27.89..4306.13 rows=1118 width=121)
	              Recheck Cond: ((id >= 2077627) AND (id <= 2078626))
	              ->  Bitmap Index Scan on sbtest6_pkey  (cost=0.00..27.61 rows=1118 width=0)
	                    Index Cond: ((id >= 2077627) AND (id <= 2078626))

table 7 : explain SELECT DISTINCT c FROM sbtest7 WHERE id BETWEEN 2540833 AND 2541832 ORDER BY c
	Unique  (cost=4023.90..4029.05 rows=1029 width=121)
	  ->  Sort  (cost=4023.90..4026.47 rows=1029 width=121)
	        Sort Key: c
	        ->  Bitmap Heap Scan on sbtest7  (cost=22.98..3972.41 rows=1029 width=121)
	              Recheck Cond: ((id >= 2540833) AND (id <= 2541832))
	              ->  Bitmap Index Scan on sbtest7_pkey  (cost=0.00..22.72 rows=1029 width=0)
	                    Index Cond: ((id >= 2540833) AND (id <= 2541832))

table 8 : explain SELECT DISTINCT c FROM sbtest8 WHERE id BETWEEN 1662539 AND 1663538 ORDER BY c
	Unique  (cost=3924.43..3929.45 rows=1003 width=121)
	  ->  Sort  (cost=3924.43..3926.94 rows=1003 width=121)
	        Sort Key: c
	        ->  Bitmap Heap Scan on sbtest8  (cost=22.72..3874.43 rows=1003 width=121)
	              Recheck Cond: ((id >= 1662539) AND (id <= 1663538))
	              ->  Bitmap Index Scan on sbtest8_pkey  (cost=0.00..22.46 rows=1003 width=0)
	                    Index Cond: ((id >= 1662539) AND (id <= 1663538))

for point_selects
table 1 : explain SELECT c FROM sbtest1 WHERE id=7739461
	Index Scan using sbtest1_pkey on sbtest1  (cost=0.43..8.45 rows=1 width=121)
	  Index Cond: (id = 7739461)

table 2 : explain SELECT c FROM sbtest2 WHERE id=4325202
	Index Scan using sbtest2_pkey on sbtest2  (cost=0.43..8.45 rows=1 width=121)
	  Index Cond: (id = 4325202)

table 3 : explain SELECT c FROM sbtest3 WHERE id=8023190
	Index Scan using sbtest3_pkey on sbtest3  (cost=0.43..8.45 rows=1 width=121)
	  Index Cond: (id = 8023190)

table 4 : explain SELECT c FROM sbtest4 WHERE id=4565629
	Index Scan using sbtest4_pkey on sbtest4  (cost=0.43..8.45 rows=1 width=121)
	  Index Cond: (id = 4565629)

table 5 : explain SELECT c FROM sbtest5 WHERE id=3777196
	Index Scan using sbtest5_pkey on sbtest5  (cost=0.43..8.45 rows=1 width=121)
	  Index Cond: (id = 3777196)

table 6 : explain SELECT c FROM sbtest6 WHERE id=2439707
	Index Scan using sbtest6_pkey on sbtest6  (cost=0.43..8.45 rows=1 width=121)
	  Index Cond: (id = 2439707)

table 7 : explain SELECT c FROM sbtest7 WHERE id=6456847
	Index Scan using sbtest7_pkey on sbtest7  (cost=0.43..8.45 rows=1 width=121)
	  Index Cond: (id = 6456847)

table 8 : explain SELECT c FROM sbtest8 WHERE id=8493806
	Index Scan using sbtest8_pkey on sbtest8  (cost=0.43..8.45 rows=1 width=121)
	  Index Cond: (id = 8493806)

for: sum_ranges
table 1 : explain SELECT SUM(k) FROM sbtest1 WHERE id BETWEEN 7283391 AND 7284390
	Aggregate  (cost=3790.58..3790.59 rows=1 width=8)
	  ->  Bitmap Heap Scan on sbtest1  (cost=22.49..3788.12 rows=981 width=4)
	        Recheck Cond: ((id >= 7283391) AND (id <= 7284390))
	        ->  Bitmap Index Scan on sbtest1_pkey  (cost=0.00..22.25 rows=981 width=0)
	              Index Cond: ((id >= 7283391) AND (id <= 7284390))

table 2 : explain SELECT SUM(k) FROM sbtest2 WHERE id BETWEEN 3852602 AND 3853601
	Aggregate  (cost=3855.82..3855.83 rows=1 width=8)
	  ->  Bitmap Heap Scan on sbtest2  (cost=22.66..3853.32 rows=998 width=4)
	        Recheck Cond: ((id >= 3852602) AND (id <= 3853601))
	        ->  Bitmap Index Scan on sbtest2_pkey  (cost=0.00..22.41 rows=998 width=0)
	              Index Cond: ((id >= 3852602) AND (id <= 3853601))

table 3 : explain SELECT SUM(k) FROM sbtest3 WHERE id BETWEEN 5875754 AND 5876753
	Aggregate  (cost=3421.62..3421.63 rows=1 width=8)
	  ->  Bitmap Heap Scan on sbtest3  (cost=21.49..3419.41 rows=883 width=4)
	        Recheck Cond: ((id >= 5875754) AND (id <= 5876753))
	        ->  Bitmap Index Scan on sbtest3_pkey  (cost=0.00..21.26 rows=883 width=0)
	              Index Cond: ((id >= 5875754) AND (id <= 5876753))

table 4 : explain SELECT SUM(k) FROM sbtest4 WHERE id BETWEEN 3374090 AND 3375089
	Aggregate  (cost=4116.86..4116.87 rows=1 width=8)
	  ->  Bitmap Heap Scan on sbtest4  (cost=23.37..4114.20 rows=1067 width=4)
	        Recheck Cond: ((id >= 3374090) AND (id <= 3375089))
	        ->  Bitmap Index Scan on sbtest4_pkey  (cost=0.00..23.11 rows=1067 width=0)
	              Index Cond: ((id >= 3374090) AND (id <= 3375089))

table 5 : explain SELECT SUM(k) FROM sbtest5 WHERE id BETWEEN 3571703 AND 3572702
	Aggregate  (cost=3536.09..3536.10 rows=1 width=8)
	  ->  Bitmap Heap Scan on sbtest5  (cost=21.79..3533.81 rows=913 width=4)
	        Recheck Cond: ((id >= 3571703) AND (id <= 3572702))
	        ->  Bitmap Index Scan on sbtest5_pkey  (cost=0.00..21.57 rows=913 width=0)
	              Index Cond: ((id >= 3571703) AND (id <= 3572702))

table 6 : explain SELECT SUM(k) FROM sbtest6 WHERE id BETWEEN 7562616 AND 7563615
	Aggregate  (cost=3796.77..3796.78 rows=1 width=8)
	  ->  Bitmap Heap Scan on sbtest6  (cost=22.50..3794.31 rows=982 width=4)
	        Recheck Cond: ((id >= 7562616) AND (id <= 7563615))
	        ->  Bitmap Index Scan on sbtest6_pkey  (cost=0.00..22.25 rows=982 width=0)
	              Index Cond: ((id >= 7562616) AND (id <= 7563615))

table 7 : explain SELECT SUM(k) FROM sbtest7 WHERE id BETWEEN 5665761 AND 5666760
	Aggregate  (cost=3245.33..3245.34 rows=1 width=8)
	  ->  Bitmap Heap Scan on sbtest7  (cost=21.00..3243.24 rows=836 width=4)
	        Recheck Cond: ((id >= 5665761) AND (id <= 5666760))
	        ->  Bitmap Index Scan on sbtest7_pkey  (cost=0.00..20.79 rows=836 width=0)
	              Index Cond: ((id >= 5665761) AND (id <= 5666760))

table 8 : explain SELECT SUM(k) FROM sbtest8 WHERE id BETWEEN 3709068 AND 3710067
	Aggregate  (cost=3835.45..3835.46 rows=1 width=8)
	  ->  Bitmap Heap Scan on sbtest8  (cost=22.60..3832.97 rows=992 width=4)
	        Recheck Cond: ((id >= 3709068) AND (id <= 3710067))
	        ->  Bitmap Index Scan on sbtest8_pkey  (cost=0.00..22.36 rows=992 width=0)
	              Index Cond: ((id >= 3709068) AND (id <= 3710067))

explain: for point_selects :: explain SELECT c FROM sbtest%u WHERE id=%u
explain: for point_selects :: explain SELECT c FROM sbtest%u WHERE id=%u
for: sum_ranges
table 1 : explain SELECT SUM(k) FROM sbtest1 WHERE id BETWEEN 1539281 AND 1540280
	Aggregate  (cost=3813.19..3813.20 rows=1 width=8)
	  ->  Bitmap Heap Scan on sbtest1  (cost=22.55..3810.72 rows=987 width=4)
	        Recheck Cond: ((id >= 1539281) AND (id <= 1540280))
	        ->  Bitmap Index Scan on sbtest1_pkey  (cost=0.00..22.30 rows=987 width=0)
	              Index Cond: ((id >= 1539281) AND (id <= 1540280))

table 2 : explain SELECT SUM(k) FROM sbtest2 WHERE id BETWEEN 9057446 AND 9058445
	Aggregate  (cost=3633.25..3633.26 rows=1 width=8)
	  ->  Bitmap Heap Scan on sbtest2  (cost=22.06..3630.90 rows=939 width=4)
	        Recheck Cond: ((id >= 9057446) AND (id <= 9058445))
	        ->  Bitmap Index Scan on sbtest2_pkey  (cost=0.00..21.82 rows=939 width=0)
	              Index Cond: ((id >= 9057446) AND (id <= 9058445))

table 3 : explain SELECT SUM(k) FROM sbtest3 WHERE id BETWEEN 6726756 AND 6727755
	Aggregate  (cost=3678.62..3678.63 rows=1 width=8)
	  ->  Bitmap Heap Scan on sbtest3  (cost=22.18..3676.24 rows=951 width=4)
	        Recheck Cond: ((id >= 6726756) AND (id <= 6727755))
	        ->  Bitmap Index Scan on sbtest3_pkey  (cost=0.00..21.94 rows=951 width=0)
	              Index Cond: ((id >= 6726756) AND (id <= 6727755))

table 4 : explain SELECT SUM(k) FROM sbtest4 WHERE id BETWEEN 2981950 AND 2982949
	Aggregate  (cost=4071.72..4071.73 rows=1 width=8)
	  ->  Bitmap Heap Scan on sbtest4  (cost=23.25..4069.08 rows=1055 width=4)
	        Recheck Cond: ((id >= 2981950) AND (id <= 2982949))
	        ->  Bitmap Index Scan on sbtest4_pkey  (cost=0.00..22.98 rows=1055 width=0)
	              Index Cond: ((id >= 2981950) AND (id <= 2982949))

table 5 : explain SELECT SUM(k) FROM sbtest5 WHERE id BETWEEN 9598359 AND 9599358
	Aggregate  (cost=3792.93..3792.94 rows=1 width=8)
	  ->  Bitmap Heap Scan on sbtest5  (cost=22.49..3790.47 rows=981 width=4)
	        Recheck Cond: ((id >= 9598359) AND (id <= 9599358))
	        ->  Bitmap Index Scan on sbtest5_pkey  (cost=0.00..22.25 rows=981 width=0)
	              Index Cond: ((id >= 9598359) AND (id <= 9599358))

table 6 : explain SELECT SUM(k) FROM sbtest6 WHERE id BETWEEN 3298068 AND 3299067
	Aggregate  (cost=4203.70..4203.71 rows=1 width=8)
	  ->  Bitmap Heap Scan on sbtest6  (cost=27.60..4200.97 rows=1089 width=4)
	        Recheck Cond: ((id >= 3298068) AND (id <= 3299067))
	        ->  Bitmap Index Scan on sbtest6_pkey  (cost=0.00..27.32 rows=1089 width=0)
	              Index Cond: ((id >= 3298068) AND (id <= 3299067))

table 7 : explain SELECT SUM(k) FROM sbtest7 WHERE id BETWEEN 6541392 AND 6542391
	Aggregate  (cost=4099.26..4099.27 rows=1 width=8)
	  ->  Bitmap Heap Scan on sbtest7  (cost=23.32..4096.61 rows=1062 width=4)
	        Recheck Cond: ((id >= 6541392) AND (id <= 6542391))
	        ->  Bitmap Index Scan on sbtest7_pkey  (cost=0.00..23.05 rows=1062 width=0)
	              Index Cond: ((id >= 6541392) AND (id <= 6542391))

table 8 : explain SELECT SUM(k) FROM sbtest8 WHERE id BETWEEN 9141142 AND 9142141
	Aggregate  (cost=3914.65..3914.66 rows=1 width=8)
	  ->  Bitmap Heap Scan on sbtest8  (cost=22.82..3912.11 rows=1013 width=4)
	        Recheck Cond: ((id >= 9141142) AND (id <= 9142141))
	        ->  Bitmap Index Scan on sbtest8_pkey  (cost=0.00..22.57 rows=1013 width=0)
	              Index Cond: ((id >= 9141142) AND (id <= 9142141))

for: sum_ranges
table 1 : explain SELECT SUM(k) FROM sbtest1 WHERE id BETWEEN 6805666 AND 6806665
	Aggregate  (cost=3993.91..3993.92 rows=1 width=8)
	  ->  Bitmap Heap Scan on sbtest1  (cost=23.04..3991.32 rows=1035 width=4)
	        Recheck Cond: ((id >= 6805666) AND (id <= 6806665))
	        ->  Bitmap Index Scan on sbtest1_pkey  (cost=0.00..22.79 rows=1035 width=0)
	              Index Cond: ((id >= 6805666) AND (id <= 6806665))

table 2 : explain SELECT SUM(k) FROM sbtest2 WHERE id BETWEEN 7881762 AND 7882761
	Aggregate  (cost=3704.97..3704.98 rows=1 width=8)
	  ->  Bitmap Heap Scan on sbtest2  (cost=22.25..3702.58 rows=958 width=4)
	        Recheck Cond: ((id >= 7881762) AND (id <= 7882761))
	        ->  Bitmap Index Scan on sbtest2_pkey  (cost=0.00..22.01 rows=958 width=0)
	              Index Cond: ((id >= 7881762) AND (id <= 7882761))

table 3 : explain SELECT SUM(k) FROM sbtest3 WHERE id BETWEEN 193340 AND 194339
	Aggregate  (cost=4175.76..4175.77 rows=1 width=8)
	  ->  Bitmap Heap Scan on sbtest3  (cost=23.54..4173.05 rows=1083 width=4)
	        Recheck Cond: ((id >= 193340) AND (id <= 194339))
	        ->  Bitmap Index Scan on sbtest3_pkey  (cost=0.00..23.26 rows=1083 width=0)
	              Index Cond: ((id >= 193340) AND (id <= 194339))

table 4 : explain SELECT SUM(k) FROM sbtest4 WHERE id BETWEEN 5064669 AND 5065668
	Aggregate  (cost=4226.14..4226.15 rows=1 width=8)
	  ->  Bitmap Heap Scan on sbtest4  (cost=27.66..4223.40 rows=1095 width=4)
	        Recheck Cond: ((id >= 5064669) AND (id <= 5065668))
	        ->  Bitmap Index Scan on sbtest4_pkey  (cost=0.00..27.39 rows=1095 width=0)
	              Index Cond: ((id >= 5064669) AND (id <= 5065668))

table 5 : explain SELECT SUM(k) FROM sbtest5 WHERE id BETWEEN 1747181 AND 1748180
	Aggregate  (cost=3830.65..3830.66 rows=1 width=8)
	  ->  Bitmap Heap Scan on sbtest5  (cost=22.59..3828.17 rows=991 width=4)
	        Recheck Cond: ((id >= 1747181) AND (id <= 1748180))
	        ->  Bitmap Index Scan on sbtest5_pkey  (cost=0.00..22.34 rows=991 width=0)
	              Index Cond: ((id >= 1747181) AND (id <= 1748180))

table 6 : explain SELECT SUM(k) FROM sbtest6 WHERE id BETWEEN 9735560 AND 9736559
	Aggregate  (cost=4105.68..4105.69 rows=1 width=8)
	  ->  Bitmap Heap Scan on sbtest6  (cost=23.34..4103.02 rows=1064 width=4)
	        Recheck Cond: ((id >= 9735560) AND (id <= 9736559))
	        ->  Bitmap Index Scan on sbtest6_pkey  (cost=0.00..23.07 rows=1064 width=0)
	              Index Cond: ((id >= 9735560) AND (id <= 9736559))

table 7 : explain SELECT SUM(k) FROM sbtest7 WHERE id BETWEEN 6078570 AND 6079569
	Aggregate  (cost=3778.88..3778.89 rows=1 width=8)
	  ->  Bitmap Heap Scan on sbtest7  (cost=22.45..3776.44 rows=977 width=4)
	        Recheck Cond: ((id >= 6078570) AND (id <= 6079569))
	        ->  Bitmap Index Scan on sbtest7_pkey  (cost=0.00..22.20 rows=977 width=0)
	              Index Cond: ((id >= 6078570) AND (id <= 6079569))

table 8 : explain SELECT SUM(k) FROM sbtest8 WHERE id BETWEEN 2179836 AND 2180835
	Aggregate  (cost=3793.94..3793.95 rows=1 width=8)
	  ->  Bitmap Heap Scan on sbtest8  (cost=22.49..3791.49 rows=981 width=4)
	        Recheck Cond: ((id >= 2179836) AND (id <= 2180835))
	        ->  Bitmap Index Scan on sbtest8_pkey  (cost=0.00..22.25 rows=981 width=0)
	              Index Cond: ((id >= 2179836) AND (id <= 2180835))

for point_selects
table 1 : explain SELECT c FROM sbtest1 WHERE id=6530728
	Index Scan using sbtest1_pkey on sbtest1  (cost=0.43..8.45 rows=1 width=121)
	  Index Cond: (id = 6530728)

table 2 : explain SELECT c FROM sbtest2 WHERE id=8540111
	Index Scan using sbtest2_pkey on sbtest2  (cost=0.43..8.45 rows=1 width=121)
	  Index Cond: (id = 8540111)

table 3 : explain SELECT c FROM sbtest3 WHERE id=2385756
	Index Scan using sbtest3_pkey on sbtest3  (cost=0.43..8.45 rows=1 width=121)
	  Index Cond: (id = 2385756)

table 4 : explain SELECT c FROM sbtest4 WHERE id=4991768
	Index Scan using sbtest4_pkey on sbtest4  (cost=0.43..8.45 rows=1 width=121)
	  Index Cond: (id = 4991768)

table 5 : explain SELECT c FROM sbtest5 WHERE id=6013966
	Index Scan using sbtest5_pkey on sbtest5  (cost=0.43..8.45 rows=1 width=121)
	  Index Cond: (id = 6013966)

table 6 : explain SELECT c FROM sbtest6 WHERE id=4377953
	Index Scan using sbtest6_pkey on sbtest6  (cost=0.43..8.45 rows=1 width=121)
	  Index Cond: (id = 4377953)

table 7 : explain SELECT c FROM sbtest7 WHERE id=644570
	Index Scan using sbtest7_pkey on sbtest7  (cost=0.43..8.45 rows=1 width=121)
	  Index Cond: (id = 644570)

table 8 : explain SELECT c FROM sbtest8 WHERE id=246044
	Index Scan using sbtest8_pkey on sbtest8  (cost=0.43..8.45 rows=1 width=121)
	  Index Cond: (id = 246044)

for: simple_ranges
table 1 : explain SELECT c FROM sbtest1 WHERE id BETWEEN 9204461 AND 9205460
	Bitmap Heap Scan on sbtest1  (cost=23.26..4070.24 rows=1056 width=121)
	  Recheck Cond: ((id >= 9204461) AND (id <= 9205460))
	  ->  Bitmap Index Scan on sbtest1_pkey  (cost=0.00..23.00 rows=1056 width=0)
	        Index Cond: ((id >= 9204461) AND (id <= 9205460))

table 2 : explain SELECT c FROM sbtest2 WHERE id BETWEEN 679834 AND 680833
	Bitmap Heap Scan on sbtest2  (cost=22.88..3932.38 rows=1019 width=121)
	  Recheck Cond: ((id >= 679834) AND (id <= 680833))
	  ->  Bitmap Index Scan on sbtest2_pkey  (cost=0.00..22.62 rows=1019 width=0)
	        Index Cond: ((id >= 679834) AND (id <= 680833))

table 3 : explain SELECT c FROM sbtest3 WHERE id BETWEEN 6566595 AND 6567594
	Bitmap Heap Scan on sbtest3  (cost=23.18..4041.54 rows=1048 width=121)
	  Recheck Cond: ((id >= 6566595) AND (id <= 6567594))
	  ->  Bitmap Index Scan on sbtest3_pkey  (cost=0.00..22.91 rows=1048 width=0)
	        Index Cond: ((id >= 6566595) AND (id <= 6567594))

table 4 : explain SELECT c FROM sbtest4 WHERE id BETWEEN 7888209 AND 7889208
	Bitmap Heap Scan on sbtest4  (cost=22.76..3888.43 rows=1007 width=121)
	  Recheck Cond: ((id >= 7888209) AND (id <= 7889208))
	  ->  Bitmap Index Scan on sbtest4_pkey  (cost=0.00..22.50 rows=1007 width=0)
	        Index Cond: ((id >= 7888209) AND (id <= 7889208))

table 5 : explain SELECT c FROM sbtest5 WHERE id BETWEEN 6361638 AND 6362637
	Bitmap Heap Scan on sbtest5  (cost=21.99..3605.58 rows=932 width=121)
	  Recheck Cond: ((id >= 6361638) AND (id <= 6362637))
	  ->  Bitmap Index Scan on sbtest5_pkey  (cost=0.00..21.75 rows=932 width=0)
	        Index Cond: ((id >= 6361638) AND (id <= 6362637))

table 6 : explain SELECT c FROM sbtest6 WHERE id BETWEEN 1647213 AND 1648212
	Bitmap Heap Scan on sbtest6  (cost=22.78..3896.06 rows=1009 width=121)
	  Recheck Cond: ((id >= 1647213) AND (id <= 1648212))
	  ->  Bitmap Index Scan on sbtest6_pkey  (cost=0.00..22.52 rows=1009 width=0)
	        Index Cond: ((id >= 1647213) AND (id <= 1648212))

table 7 : explain SELECT c FROM sbtest7 WHERE id BETWEEN 8295257 AND 8296256
	Bitmap Heap Scan on sbtest7  (cost=27.42..4138.22 rows=1072 width=121)
	  Recheck Cond: ((id >= 8295257) AND (id <= 8296256))
	  ->  Bitmap Index Scan on sbtest7_pkey  (cost=0.00..27.15 rows=1072 width=0)
	        Index Cond: ((id >= 8295257) AND (id <= 8296256))

table 8 : explain SELECT c FROM sbtest8 WHERE id BETWEEN 7386695 AND 7387694
	Bitmap Heap Scan on sbtest8  (cost=22.80..3904.58 rows=1011 width=121)
	  Recheck Cond: ((id >= 7386695) AND (id <= 7387694))
	  ->  Bitmap Index Scan on sbtest8_pkey  (cost=0.00..22.54 rows=1011 width=0)
	        Index Cond: ((id >= 7386695) AND (id <= 7387694))

for: sum_ranges
table 1 : explain SELECT SUM(k) FROM sbtest1 WHERE id BETWEEN 3325686 AND 3326685
	Aggregate  (cost=3835.80..3835.81 rows=1 width=8)
	  ->  Bitmap Heap Scan on sbtest1  (cost=22.61..3833.31 rows=993 width=4)
	        Recheck Cond: ((id >= 3325686) AND (id <= 3326685))
	        ->  Bitmap Index Scan on sbtest1_pkey  (cost=0.00..22.36 rows=993 width=0)
	              Index Cond: ((id >= 3325686) AND (id <= 3326685))

table 2 : explain SELECT SUM(k) FROM sbtest2 WHERE id BETWEEN 1808201 AND 1809200
	Aggregate  (cost=4021.51..4021.52 rows=1 width=8)
	  ->  Bitmap Heap Scan on sbtest2  (cost=23.12..4018.90 rows=1042 width=4)
	        Recheck Cond: ((id >= 1808201) AND (id <= 1809200))
	        ->  Bitmap Index Scan on sbtest2_pkey  (cost=0.00..22.86 rows=1042 width=0)
	              Index Cond: ((id >= 1808201) AND (id <= 1809200))

table 3 : explain SELECT SUM(k) FROM sbtest3 WHERE id BETWEEN 801826 AND 802825
	Aggregate  (cost=3859.66..3859.67 rows=1 width=8)
	  ->  Bitmap Heap Scan on sbtest3  (cost=22.67..3857.16 rows=999 width=4)
	        Recheck Cond: ((id >= 801826) AND (id <= 802825))
	        ->  Bitmap Index Scan on sbtest3_pkey  (cost=0.00..22.43 rows=999 width=0)
	              Index Cond: ((id >= 801826) AND (id <= 802825))

table 4 : explain SELECT SUM(k) FROM sbtest4 WHERE id BETWEEN 3300033 AND 3301032
	Aggregate  (cost=4116.86..4116.87 rows=1 width=8)
	  ->  Bitmap Heap Scan on sbtest4  (cost=23.37..4114.20 rows=1067 width=4)
	        Recheck Cond: ((id >= 3300033) AND (id <= 3301032))
	        ->  Bitmap Index Scan on sbtest4_pkey  (cost=0.00..23.11 rows=1067 width=0)
	              Index Cond: ((id >= 3300033) AND (id <= 3301032))

table 5 : explain SELECT SUM(k) FROM sbtest5 WHERE id BETWEEN 3188195 AND 3189194
	Aggregate  (cost=4026.58..4026.59 rows=1 width=8)
	  ->  Bitmap Heap Scan on sbtest5  (cost=23.13..4023.97 rows=1043 width=4)
	        Recheck Cond: ((id >= 3188195) AND (id <= 3189194))
	        ->  Bitmap Index Scan on sbtest5_pkey  (cost=0.00..22.86 rows=1043 width=0)
	              Index Cond: ((id >= 3188195) AND (id <= 3189194))

table 6 : explain SELECT SUM(k) FROM sbtest6 WHERE id BETWEEN 3754421 AND 3755420
	Aggregate  (cost=3630.65..3630.66 rows=1 width=8)
	  ->  Bitmap Heap Scan on sbtest6  (cost=22.05..3628.31 rows=938 width=4)
	        Recheck Cond: ((id >= 3754421) AND (id <= 3755420))
	        ->  Bitmap Index Scan on sbtest6_pkey  (cost=0.00..21.82 rows=938 width=0)
	              Index Cond: ((id >= 3754421) AND (id <= 3755420))

table 7 : explain SELECT SUM(k) FROM sbtest7 WHERE id BETWEEN 479724 AND 480723
	Aggregate  (cost=4216.12..4216.13 rows=1 width=8)
	  ->  Bitmap Heap Scan on sbtest7  (cost=27.63..4213.39 rows=1092 width=4)
	        Recheck Cond: ((id >= 479724) AND (id <= 480723))
	        ->  Bitmap Index Scan on sbtest7_pkey  (cost=0.00..27.36 rows=1092 width=0)
	              Index Cond: ((id >= 479724) AND (id <= 480723))

table 8 : explain SELECT SUM(k) FROM sbtest8 WHERE id BETWEEN 3270422 AND 3271421
	Aggregate  (cost=4050.52..4050.53 rows=1 width=8)
	  ->  Bitmap Heap Scan on sbtest8  (cost=27.18..4047.90 rows=1048 width=4)
	        Recheck Cond: ((id >= 3270422) AND (id <= 3271421))
	        ->  Bitmap Index Scan on sbtest8_pkey  (cost=0.00..26.91 rows=1048 width=0)
	              Index Cond: ((id >= 3270422) AND (id <= 3271421))

for: order_ranges
table 1 : explain SELECT c FROM sbtest1 WHERE id BETWEEN 9990639 AND 9991638 ORDER BY c
	Sort  (cost=3928.60..3931.11 rows=1005 width=121)
	  Sort Key: c
	  ->  Bitmap Heap Scan on sbtest1  (cost=22.74..3878.48 rows=1005 width=121)
	        Recheck Cond: ((id >= 9990639) AND (id <= 9991638))
	        ->  Bitmap Index Scan on sbtest1_pkey  (cost=0.00..22.48 rows=1005 width=0)
	              Index Cond: ((id >= 9990639) AND (id <= 9991638))

table 2 : explain SELECT c FROM sbtest2 WHERE id BETWEEN 4428797 AND 4429796 ORDER BY c
	Sort  (cost=3692.58..3694.94 rows=943 width=121)
	  Sort Key: c
	  ->  Bitmap Heap Scan on sbtest2  (cost=22.10..3646.00 rows=943 width=121)
	        Recheck Cond: ((id >= 4428797) AND (id <= 4429796))
	        ->  Bitmap Index Scan on sbtest2_pkey  (cost=0.00..21.86 rows=943 width=0)
	              Index Cond: ((id >= 4428797) AND (id <= 4429796))

table 3 : explain SELECT c FROM sbtest3 WHERE id BETWEEN 5781265 AND 5782264 ORDER BY c
	Sort  (cost=3750.08..3752.48 rows=958 width=121)
	  Sort Key: c
	  ->  Bitmap Heap Scan on sbtest3  (cost=22.25..3702.64 rows=958 width=121)
	        Recheck Cond: ((id >= 5781265) AND (id <= 5782264))
	        ->  Bitmap Index Scan on sbtest3_pkey  (cost=0.00..22.01 rows=958 width=0)
	              Index Cond: ((id >= 5781265) AND (id <= 5782264))

table 4 : explain SELECT c FROM sbtest4 WHERE id BETWEEN 8263093 AND 8264092 ORDER BY c
	Sort  (cost=4049.49..4052.08 rows=1036 width=121)
	  Sort Key: c
	  ->  Bitmap Heap Scan on sbtest4  (cost=23.05..3997.61 rows=1036 width=121)
	        Recheck Cond: ((id >= 8263093) AND (id <= 8264092))
	        ->  Bitmap Index Scan on sbtest4_pkey  (cost=0.00..22.79 rows=1036 width=0)
	              Index Cond: ((id >= 8263093) AND (id <= 8264092))

table 5 : explain SELECT c FROM sbtest5 WHERE id BETWEEN 4067019 AND 4068018 ORDER BY c
	Sort  (cost=3980.73..3983.28 rows=1018 width=121)
	  Sort Key: c
	  ->  Bitmap Heap Scan on sbtest5  (cost=22.87..3929.88 rows=1018 width=121)
	        Recheck Cond: ((id >= 4067019) AND (id <= 4068018))
	        ->  Bitmap Index Scan on sbtest5_pkey  (cost=0.00..22.61 rows=1018 width=0)
	              Index Cond: ((id >= 4067019) AND (id <= 4068018))

table 6 : explain SELECT c FROM sbtest6 WHERE id BETWEEN 2723134 AND 2724133 ORDER BY c
	Sort  (cost=4053.41..4056.01 rows=1037 width=121)
	  Sort Key: c
	  ->  Bitmap Heap Scan on sbtest6  (cost=23.06..4001.47 rows=1037 width=121)
	        Recheck Cond: ((id >= 2723134) AND (id <= 2724133))
	        ->  Bitmap Index Scan on sbtest6_pkey  (cost=0.00..22.80 rows=1037 width=0)
	              Index Cond: ((id >= 2723134) AND (id <= 2724133))

table 7 : explain SELECT c FROM sbtest7 WHERE id BETWEEN 1177374 AND 1178373 ORDER BY c
	Sort  (cost=3775.17..3777.58 rows=964 width=121)
	  Sort Key: c
	  ->  Bitmap Heap Scan on sbtest7  (cost=22.32..3727.39 rows=964 width=121)
	        Recheck Cond: ((id >= 1177374) AND (id <= 1178373))
	        ->  Bitmap Index Scan on sbtest7_pkey  (cost=0.00..22.07 rows=964 width=0)
	              Index Cond: ((id >= 1177374) AND (id <= 1178373))

table 8 : explain SELECT c FROM sbtest8 WHERE id BETWEEN 7531200 AND 7532199 ORDER BY c
	Sort  (cost=3916.78..3919.28 rows=1001 width=121)
	  Sort Key: c
	  ->  Bitmap Heap Scan on sbtest8  (cost=22.70..3866.89 rows=1001 width=121)
	        Recheck Cond: ((id >= 7531200) AND (id <= 7532199))
	        ->  Bitmap Index Scan on sbtest8_pkey  (cost=0.00..22.44 rows=1001 width=0)
	              Index Cond: ((id >= 7531200) AND (id <= 7532199))

for: order_ranges
table 1 : explain SELECT c FROM sbtest1 WHERE id BETWEEN 7039679 AND 7040678 ORDER BY c
	Sort  (cost=3603.41..3605.71 rows=920 width=121)
	  Sort Key: c
	  ->  Bitmap Heap Scan on sbtest1  (cost=21.87..3558.12 rows=920 width=121)
	        Recheck Cond: ((id >= 7039679) AND (id <= 7040678))
	        ->  Bitmap Index Scan on sbtest1_pkey  (cost=0.00..21.64 rows=920 width=0)
	              Index Cond: ((id >= 7039679) AND (id <= 7040678))

table 2 : explain SELECT c FROM sbtest2 WHERE id BETWEEN 3970717 AND 3971716 ORDER BY c
	Sort  (cost=4074.95..4077.56 rows=1043 width=121)
	  Sort Key: c
	  ->  Bitmap Heap Scan on sbtest2  (cost=23.13..4022.66 rows=1043 width=121)
	        Recheck Cond: ((id >= 3970717) AND (id <= 3971716))
	        ->  Bitmap Index Scan on sbtest2_pkey  (cost=0.00..22.86 rows=1043 width=0)
	              Index Cond: ((id >= 3970717) AND (id <= 3971716))

table 3 : explain SELECT c FROM sbtest3 WHERE id BETWEEN 4953582 AND 4954581 ORDER BY c
	Sort  (cost=4097.93..4100.55 rows=1049 width=121)
	  Sort Key: c
	  ->  Bitmap Heap Scan on sbtest3  (cost=23.19..4045.30 rows=1049 width=121)
	        Recheck Cond: ((id >= 4953582) AND (id <= 4954581))
	        ->  Bitmap Index Scan on sbtest3_pkey  (cost=0.00..22.93 rows=1049 width=0)
	              Index Cond: ((id >= 4953582) AND (id <= 4954581))

table 4 : explain SELECT c FROM sbtest4 WHERE id BETWEEN 9286020 AND 9287019 ORDER BY c
	Sort  (cost=4301.56..4304.31 rows=1101 width=121)
	  Sort Key: c
	  ->  Bitmap Heap Scan on sbtest4  (cost=27.72..4245.93 rows=1101 width=121)
	        Recheck Cond: ((id >= 9286020) AND (id <= 9287019))
	        ->  Bitmap Index Scan on sbtest4_pkey  (cost=0.00..27.44 rows=1101 width=0)
	              Index Cond: ((id >= 9286020) AND (id <= 9287019))

table 5 : explain SELECT c FROM sbtest5 WHERE id BETWEEN 208677 AND 209676 ORDER BY c
	Sort  (cost=3594.04..3596.33 rows=917 width=121)
	  Sort Key: c
	  ->  Bitmap Heap Scan on sbtest5  (cost=21.83..3548.92 rows=917 width=121)
	        Recheck Cond: ((id >= 208677) AND (id <= 209676))
	        ->  Bitmap Index Scan on sbtest5_pkey  (cost=0.00..21.61 rows=917 width=0)
	              Index Cond: ((id >= 208677) AND (id <= 209676))

table 6 : explain SELECT c FROM sbtest6 WHERE id BETWEEN 5938417 AND 5939416 ORDER BY c
	Sort  (cost=4374.17..4376.98 rows=1121 width=121)
	  Sort Key: c
	  ->  Bitmap Heap Scan on sbtest6  (cost=27.93..4317.39 rows=1121 width=121)
	        Recheck Cond: ((id >= 5938417) AND (id <= 5939416))
	        ->  Bitmap Index Scan on sbtest6_pkey  (cost=0.00..27.64 rows=1121 width=0)
	              Index Cond: ((id >= 5938417) AND (id <= 5939416))

table 7 : explain SELECT c FROM sbtest7 WHERE id BETWEEN 1703009 AND 1704008 ORDER BY c
	Sort  (cost=3748.35..3750.74 rows=957 width=121)
	  Sort Key: c
	  ->  Bitmap Heap Scan on sbtest7  (cost=22.24..3700.97 rows=957 width=121)
	        Recheck Cond: ((id >= 1703009) AND (id <= 1704008))
	        ->  Bitmap Index Scan on sbtest7_pkey  (cost=0.00..22.00 rows=957 width=0)
	              Index Cond: ((id >= 1703009) AND (id <= 1704008))

table 8 : explain SELECT c FROM sbtest8 WHERE id BETWEEN 7503125 AND 7504124 ORDER BY c
	Sort  (cost=3916.78..3919.28 rows=1001 width=121)
	  Sort Key: c
	  ->  Bitmap Heap Scan on sbtest8  (cost=22.70..3866.89 rows=1001 width=121)
	        Recheck Cond: ((id >= 7503125) AND (id <= 7504124))
	        ->  Bitmap Index Scan on sbtest8_pkey  (cost=0.00..22.44 rows=1001 width=0)
	              Index Cond: ((id >= 7503125) AND (id <= 7504124))

for: order_ranges
table 1 : explain SELECT c FROM sbtest1 WHERE id BETWEEN 6485429 AND 6486428 ORDER BY c
	Sort  (cost=3836.87..3839.32 rows=981 width=121)
	  Sort Key: c
	  ->  Bitmap Heap Scan on sbtest1  (cost=22.49..3788.12 rows=981 width=121)
	        Recheck Cond: ((id >= 6485429) AND (id <= 6486428))
	        ->  Bitmap Index Scan on sbtest1_pkey  (cost=0.00..22.25 rows=981 width=0)
	              Index Cond: ((id >= 6485429) AND (id <= 6486428))

table 2 : explain SELECT c FROM sbtest2 WHERE id BETWEEN 7316571 AND 7317570 ORDER BY c
	Sort  (cost=4136.02..4138.67 rows=1059 width=121)
	  Sort Key: c
	  ->  Bitmap Heap Scan on sbtest2  (cost=23.29..4082.81 rows=1059 width=121)
	        Recheck Cond: ((id >= 7316571) AND (id <= 7317570))
	        ->  Bitmap Index Scan on sbtest2_pkey  (cost=0.00..23.02 rows=1059 width=0)
	              Index Cond: ((id >= 7316571) AND (id <= 7317570))

table 3 : explain SELECT c FROM sbtest3 WHERE id BETWEEN 1746040 AND 1747039 ORDER BY c
	Sort  (cost=3941.33..3943.85 rows=1008 width=121)
	  Sort Key: c
	  ->  Bitmap Heap Scan on sbtest3  (cost=22.77..3891.05 rows=1008 width=121)
	        Recheck Cond: ((id >= 1746040) AND (id <= 1747039))
	        ->  Bitmap Index Scan on sbtest3_pkey  (cost=0.00..22.51 rows=1008 width=0)
	              Index Cond: ((id >= 1746040) AND (id <= 1747039))

table 4 : explain SELECT c FROM sbtest4 WHERE id BETWEEN 8389367 AND 8390366 ORDER BY c
	Sort  (cost=4190.76..4193.44 rows=1073 width=121)
	  Sort Key: c
	  ->  Bitmap Heap Scan on sbtest4  (cost=23.43..4136.75 rows=1073 width=121)
	        Recheck Cond: ((id >= 8389367) AND (id <= 8390366))
	        ->  Bitmap Index Scan on sbtest4_pkey  (cost=0.00..23.16 rows=1073 width=0)
	              Index Cond: ((id >= 8389367) AND (id <= 8390366))

table 5 : explain SELECT c FROM sbtest5 WHERE id BETWEEN 893235 AND 894234 ORDER BY c
	Sort  (cost=3965.44..3967.98 rows=1014 width=121)
	  Sort Key: c
	  ->  Bitmap Heap Scan on sbtest5  (cost=22.83..3914.82 rows=1014 width=121)
	        Recheck Cond: ((id >= 893235) AND (id <= 894234))
	        ->  Bitmap Index Scan on sbtest5_pkey  (cost=0.00..22.57 rows=1014 width=0)
	              Index Cond: ((id >= 893235) AND (id <= 894234))

table 6 : explain SELECT c FROM sbtest6 WHERE id BETWEEN 3055719 AND 3056718 ORDER BY c
	Sort  (cost=3548.07..3550.34 rows=905 width=121)
	  Sort Key: c
	  ->  Bitmap Heap Scan on sbtest6  (cost=21.71..3503.63 rows=905 width=121)
	        Recheck Cond: ((id >= 3055719) AND (id <= 3056718))
	        ->  Bitmap Index Scan on sbtest6_pkey  (cost=0.00..21.48 rows=905 width=0)
	              Index Cond: ((id >= 3055719) AND (id <= 3056718))

table 7 : explain SELECT c FROM sbtest7 WHERE id BETWEEN 8467338 AND 8468337 ORDER BY c
	Sort  (cost=3897.68..3900.17 rows=996 width=121)
	  Sort Key: c
	  ->  Bitmap Heap Scan on sbtest7  (cost=22.64..3848.08 rows=996 width=121)
	        Recheck Cond: ((id >= 8467338) AND (id <= 8468337))
	        ->  Bitmap Index Scan on sbtest7_pkey  (cost=0.00..22.39 rows=996 width=0)
	              Index Cond: ((id >= 8467338) AND (id <= 8468337))

table 8 : explain SELECT c FROM sbtest8 WHERE id BETWEEN 284511 AND 285510 ORDER BY c
	Sort  (cost=4211.22..4213.91 rows=1077 width=121)
	  Sort Key: c
	  ->  Bitmap Heap Scan on sbtest8  (cost=27.47..4156.97 rows=1077 width=121)
	        Recheck Cond: ((id >= 284511) AND (id <= 285510))
	        ->  Bitmap Index Scan on sbtest8_pkey  (cost=0.00..27.20 rows=1077 width=0)
	              Index Cond: ((id >= 284511) AND (id <= 285510))

for point_selects
table 1 : explain SELECT c FROM sbtest1 WHERE id=1208596
	Index Scan using sbtest1_pkey on sbtest1  (cost=0.43..8.45 rows=1 width=121)
	  Index Cond: (id = 1208596)

table 2 : explain SELECT c FROM sbtest2 WHERE id=2339865
	Index Scan using sbtest2_pkey on sbtest2  (cost=0.43..8.45 rows=1 width=121)
	  Index Cond: (id = 2339865)

table 3 : explain SELECT c FROM sbtest3 WHERE id=2097465
	Index Scan using sbtest3_pkey on sbtest3  (cost=0.43..8.45 rows=1 width=121)
	  Index Cond: (id = 2097465)

table 4 : explain SELECT c FROM sbtest4 WHERE id=7689078
	Index Scan using sbtest4_pkey on sbtest4  (cost=0.43..8.45 rows=1 width=121)
	  Index Cond: (id = 7689078)

table 5 : explain SELECT c FROM sbtest5 WHERE id=6555210
	Index Scan using sbtest5_pkey on sbtest5  (cost=0.43..8.45 rows=1 width=121)
	  Index Cond: (id = 6555210)

table 6 : explain SELECT c FROM sbtest6 WHERE id=392282
	Index Scan using sbtest6_pkey on sbtest6  (cost=0.43..8.45 rows=1 width=121)
	  Index Cond: (id = 392282)

table 7 : explain SELECT c FROM sbtest7 WHERE id=428014
	Index Scan using sbtest7_pkey on sbtest7  (cost=0.43..8.45 rows=1 width=121)
	  Index Cond: (id = 428014)

table 8 : explain SELECT c FROM sbtest8 WHERE id=8055641
	Index Scan using sbtest8_pkey on sbtest8  (cost=0.43..8.45 rows=1 width=121)
	  Index Cond: (id = 8055641)

for: simple_ranges
table 1 : explain SELECT c FROM sbtest1 WHERE id BETWEEN 1846191 AND 1847190
	Bitmap Heap Scan on sbtest1  (cost=27.67..4220.68 rows=1096 width=121)
	  Recheck Cond: ((id >= 1846191) AND (id <= 1847190))
	  ->  Bitmap Index Scan on sbtest1_pkey  (cost=0.00..27.39 rows=1096 width=0)
	        Index Cond: ((id >= 1846191) AND (id <= 1847190))

table 2 : explain SELECT c FROM sbtest2 WHERE id BETWEEN 7470865 AND 7471864
	Bitmap Heap Scan on sbtest2  (cost=23.05..3996.34 rows=1036 width=121)
	  Recheck Cond: ((id >= 7470865) AND (id <= 7471864))
	  ->  Bitmap Index Scan on sbtest2_pkey  (cost=0.00..22.79 rows=1036 width=0)
	        Index Cond: ((id >= 7470865) AND (id <= 7471864))

table 3 : explain SELECT c FROM sbtest3 WHERE id BETWEEN 2819909 AND 2820908
	Bitmap Heap Scan on sbtest3  (cost=23.29..4082.89 rows=1059 width=121)
	  Recheck Cond: ((id >= 2819909) AND (id <= 2820908))
	  ->  Bitmap Index Scan on sbtest3_pkey  (cost=0.00..23.02 rows=1059 width=0)
	        Index Cond: ((id >= 2819909) AND (id <= 2820908))

table 4 : explain SELECT c FROM sbtest4 WHERE id BETWEEN 7036054 AND 7037053
	Bitmap Heap Scan on sbtest4  (cost=22.23..3696.16 rows=956 width=121)
	  Recheck Cond: ((id >= 7036054) AND (id <= 7037053))
	  ->  Bitmap Index Scan on sbtest4_pkey  (cost=0.00..22.00 rows=956 width=0)
	        Index Cond: ((id >= 7036054) AND (id <= 7037053))

table 5 : explain SELECT c FROM sbtest5 WHERE id BETWEEN 1010523 AND 1011522
	Bitmap Heap Scan on sbtest5  (cost=22.06..3632.02 rows=939 width=121)
	  Recheck Cond: ((id >= 1010523) AND (id <= 1011522))
	  ->  Bitmap Index Scan on sbtest5_pkey  (cost=0.00..21.82 rows=939 width=0)
	        Index Cond: ((id >= 1010523) AND (id <= 1011522))

table 6 : explain SELECT c FROM sbtest6 WHERE id BETWEEN 2142039 AND 2143038
	Bitmap Heap Scan on sbtest6  (cost=23.20..4050.38 rows=1050 width=121)
	  Recheck Cond: ((id >= 2142039) AND (id <= 2143038))
	  ->  Bitmap Index Scan on sbtest6_pkey  (cost=0.00..22.93 rows=1050 width=0)
	        Index Cond: ((id >= 2142039) AND (id <= 2143038))

table 7 : explain SELECT c FROM sbtest7 WHERE id BETWEEN 2834198 AND 2835197
	Bitmap Heap Scan on sbtest7  (cost=23.22..4058.99 rows=1052 width=121)
	  Recheck Cond: ((id >= 2834198) AND (id <= 2835197))
	  ->  Bitmap Index Scan on sbtest7_pkey  (cost=0.00..22.95 rows=1052 width=0)
	        Index Cond: ((id >= 2834198) AND (id <= 2835197))

table 8 : explain SELECT c FROM sbtest8 WHERE id BETWEEN 7355848 AND 7356847
	Bitmap Heap Scan on sbtest8  (cost=22.85..3923.41 rows=1016 width=121)
	  Recheck Cond: ((id >= 7355848) AND (id <= 7356847))
	  ->  Bitmap Index Scan on sbtest8_pkey  (cost=0.00..22.59 rows=1016 width=0)
	        Index Cond: ((id >= 7355848) AND (id <= 7356847))

for: sum_ranges
table 1 : explain SELECT SUM(k) FROM sbtest1 WHERE id BETWEEN 11286 AND 12285
	Aggregate  (cost=3730.26..3730.27 rows=1 width=8)
	  ->  Bitmap Heap Scan on sbtest1  (cost=22.33..3727.84 rows=965 width=4)
	        Recheck Cond: ((id >= 11286) AND (id <= 12285))
	        ->  Bitmap Index Scan on sbtest1_pkey  (cost=0.00..22.08 rows=965 width=0)
	              Index Cond: ((id >= 11286) AND (id <= 12285))

table 2 : explain SELECT SUM(k) FROM sbtest2 WHERE id BETWEEN 529545 AND 530544
	Aggregate  (cost=4025.27..4025.28 rows=1 width=8)
	  ->  Bitmap Heap Scan on sbtest2  (cost=23.13..4022.66 rows=1043 width=4)
	        Recheck Cond: ((id >= 529545) AND (id <= 530544))
	        ->  Bitmap Index Scan on sbtest2_pkey  (cost=0.00..22.86 rows=1043 width=0)
	              Index Cond: ((id >= 529545) AND (id <= 530544))

table 3 : explain SELECT SUM(k) FROM sbtest3 WHERE id BETWEEN 8938599 AND 8939598
	Aggregate  (cost=3402.70..3402.71 rows=1 width=8)
	  ->  Bitmap Heap Scan on sbtest3  (cost=21.43..3400.50 rows=878 width=4)
	        Recheck Cond: ((id >= 8938599) AND (id <= 8939598))
	        ->  Bitmap Index Scan on sbtest3_pkey  (cost=0.00..21.21 rows=878 width=0)
	              Index Cond: ((id >= 8938599) AND (id <= 8939598))

table 4 : explain SELECT SUM(k) FROM sbtest4 WHERE id BETWEEN 473899 AND 474898
	Aggregate  (cost=4101.82..4101.83 rows=1 width=8)
	  ->  Bitmap Heap Scan on sbtest4  (cost=23.33..4099.16 rows=1063 width=4)
	        Recheck Cond: ((id >= 473899) AND (id <= 474898))
	        ->  Bitmap Index Scan on sbtest4_pkey  (cost=0.00..23.07 rows=1063 width=0)
	              Index Cond: ((id >= 473899) AND (id <= 474898))

table 5 : explain SELECT SUM(k) FROM sbtest5 WHERE id BETWEEN 9730585 AND 9731584
	Aggregate  (cost=3464.21..3464.22 rows=1 width=8)
	  ->  Bitmap Heap Scan on sbtest5  (cost=21.60..3461.98 rows=894 width=4)
	        Recheck Cond: ((id >= 9730585) AND (id <= 9731584))
	        ->  Bitmap Index Scan on sbtest5_pkey  (cost=0.00..21.37 rows=894 width=0)
	              Index Cond: ((id >= 9730585) AND (id <= 9731584))

table 6 : explain SELECT SUM(k) FROM sbtest6 WHERE id BETWEEN 6041461 AND 6042460
	Aggregate  (cost=3924.96..3924.97 rows=1 width=8)
	  ->  Bitmap Heap Scan on sbtest6  (cost=22.85..3922.42 rows=1016 width=4)
	        Recheck Cond: ((id >= 6041461) AND (id <= 6042460))
	        ->  Bitmap Index Scan on sbtest6_pkey  (cost=0.00..22.59 rows=1016 width=0)
	              Index Cond: ((id >= 6041461) AND (id <= 6042460))

table 7 : explain SELECT SUM(k) FROM sbtest7 WHERE id BETWEEN 7001601 AND 7002600
	Aggregate  (cost=3997.59..3997.60 rows=1 width=8)
	  ->  Bitmap Heap Scan on sbtest7  (cost=23.04..3995.01 rows=1035 width=4)
	        Recheck Cond: ((id >= 7001601) AND (id <= 7002600))
	        ->  Bitmap Index Scan on sbtest7_pkey  (cost=0.00..22.79 rows=1035 width=0)
	              Index Cond: ((id >= 7001601) AND (id <= 7002600))

table 8 : explain SELECT SUM(k) FROM sbtest8 WHERE id BETWEEN 4387100 AND 4388099
	Aggregate  (cost=3620.19..3620.20 rows=1 width=8)
	  ->  Bitmap Heap Scan on sbtest8  (cost=22.02..3617.86 rows=935 width=4)
	        Recheck Cond: ((id >= 4387100) AND (id <= 4388099))
	        ->  Bitmap Index Scan on sbtest8_pkey  (cost=0.00..21.79 rows=935 width=0)
	              Index Cond: ((id >= 4387100) AND (id <= 4388099))

for point_selects
table 1 : explain SELECT c FROM sbtest1 WHERE id=9939019
	Index Scan using sbtest1_pkey on sbtest1  (cost=0.43..8.45 rows=1 width=121)
	  Index Cond: (id = 9939019)

table 2 : explain SELECT c FROM sbtest2 WHERE id=154238
	Index Scan using sbtest2_pkey on sbtest2  (cost=0.43..8.45 rows=1 width=121)
	  Index Cond: (id = 154238)

table 3 : explain SELECT c FROM sbtest3 WHERE id=6532332
	Index Scan using sbtest3_pkey on sbtest3  (cost=0.43..8.45 rows=1 width=121)
	  Index Cond: (id = 6532332)

table 4 : explain SELECT c FROM sbtest4 WHERE id=4068879
	Index Scan using sbtest4_pkey on sbtest4  (cost=0.43..8.45 rows=1 width=121)
	  Index Cond: (id = 4068879)

table 5 : explain SELECT c FROM sbtest5 WHERE id=5129751
	Index Scan using sbtest5_pkey on sbtest5  (cost=0.43..8.45 rows=1 width=121)
	  Index Cond: (id = 5129751)

table 6 : explain SELECT c FROM sbtest6 WHERE id=4820880
	Index Scan using sbtest6_pkey on sbtest6  (cost=0.43..8.45 rows=1 width=121)
	  Index Cond: (id = 4820880)

table 7 : explain SELECT c FROM sbtest7 WHERE id=6405591
	Index Scan using sbtest7_pkey on sbtest7  (cost=0.43..8.45 rows=1 width=121)
	  Index Cond: (id = 6405591)

table 8 : explain SELECT c FROM sbtest8 WHERE id=3423580
	Index Scan using sbtest8_pkey on sbtest8  (cost=0.43..8.45 rows=1 width=121)
	  Index Cond: (id = 3423580)

for point_selects
table 1 : explain SELECT c FROM sbtest1 WHERE id=6400118
	Index Scan using sbtest1_pkey on sbtest1  (cost=0.43..8.45 rows=1 width=121)
	  Index Cond: (id = 6400118)

table 2 : explain SELECT c FROM sbtest2 WHERE id=587215
	Index Scan using sbtest2_pkey on sbtest2  (cost=0.43..8.45 rows=1 width=121)
	  Index Cond: (id = 587215)

table 3 : explain SELECT c FROM sbtest3 WHERE id=3271860
	Index Scan using sbtest3_pkey on sbtest3  (cost=0.43..8.45 rows=1 width=121)
	  Index Cond: (id = 3271860)

table 4 : explain SELECT c FROM sbtest4 WHERE id=5513407
	Index Scan using sbtest4_pkey on sbtest4  (cost=0.43..8.45 rows=1 width=121)
	  Index Cond: (id = 5513407)

table 5 : explain SELECT c FROM sbtest5 WHERE id=4440104
	Index Scan using sbtest5_pkey on sbtest5  (cost=0.43..8.45 rows=1 width=121)
	  Index Cond: (id = 4440104)

table 6 : explain SELECT c FROM sbtest6 WHERE id=7622429
	Index Scan using sbtest6_pkey on sbtest6  (cost=0.43..8.45 rows=1 width=121)
	  Index Cond: (id = 7622429)

table 7 : explain SELECT c FROM sbtest7 WHERE id=4060608
	Index Scan using sbtest7_pkey on sbtest7  (cost=0.43..8.45 rows=1 width=121)
	  Index Cond: (id = 4060608)

table 8 : explain SELECT c FROM sbtest8 WHERE id=5383601
	Index Scan using sbtest8_pkey on sbtest8  (cost=0.43..8.45 rows=1 width=121)
	  Index Cond: (id = 5383601)

for: sum_ranges
table 1 : explain SELECT SUM(k) FROM sbtest1 WHERE id BETWEEN 7977618 AND 7978617
	Aggregate  (cost=3367.61..3367.62 rows=1 width=8)
	  ->  Bitmap Heap Scan on sbtest1  (cost=21.34..3365.44 rows=869 width=4)
	        Recheck Cond: ((id >= 7977618) AND (id <= 7978617))
	        ->  Bitmap Index Scan on sbtest1_pkey  (cost=0.00..21.12 rows=869 width=0)
	              Index Cond: ((id >= 7977618) AND (id <= 7978617))

table 2 : explain SELECT SUM(k) FROM sbtest2 WHERE id BETWEEN 9505953 AND 9506952
	Aggregate  (cost=3572.81..3572.82 rows=1 width=8)
	  ->  Bitmap Heap Scan on sbtest2  (cost=21.90..3570.50 rows=923 width=4)
	        Recheck Cond: ((id >= 9505953) AND (id <= 9506952))
	        ->  Bitmap Index Scan on sbtest2_pkey  (cost=0.00..21.66 rows=923 width=0)
	              Index Cond: ((id >= 9505953) AND (id <= 9506952))

table 3 : explain SELECT SUM(k) FROM sbtest3 WHERE id BETWEEN 4344979 AND 4345978
	Aggregate  (cost=4138.17..4138.18 rows=1 width=8)
	  ->  Bitmap Heap Scan on sbtest3  (cost=23.43..4135.49 rows=1073 width=4)
	        Recheck Cond: ((id >= 4344979) AND (id <= 4345978))
	        ->  Bitmap Index Scan on sbtest3_pkey  (cost=0.00..23.16 rows=1073 width=0)
	              Index Cond: ((id >= 4344979) AND (id <= 4345978))

table 4 : explain SELECT SUM(k) FROM sbtest4 WHERE id BETWEEN 2767252 AND 2768251
	Aggregate  (cost=4233.65..4233.66 rows=1 width=8)
	  ->  Bitmap Heap Scan on sbtest4  (cost=27.68..4230.91 rows=1097 width=4)
	        Recheck Cond: ((id >= 2767252) AND (id <= 2768251))
	        ->  Bitmap Index Scan on sbtest4_pkey  (cost=0.00..27.40 rows=1097 width=0)
	              Index Cond: ((id >= 2767252) AND (id <= 2768251))

table 5 : explain SELECT SUM(k) FROM sbtest5 WHERE id BETWEEN 907640 AND 908639
	Aggregate  (cost=3917.35..3917.36 rows=1 width=8)
	  ->  Bitmap Heap Scan on sbtest5  (cost=22.83..3914.82 rows=1014 width=4)
	        Recheck Cond: ((id >= 907640) AND (id <= 908639))
	        ->  Bitmap Index Scan on sbtest5_pkey  (cost=0.00..22.57 rows=1014 width=0)
	              Index Cond: ((id >= 907640) AND (id <= 908639))

table 6 : explain SELECT SUM(k) FROM sbtest6 WHERE id BETWEEN 4260573 AND 4261572
	Aggregate  (cost=3981.47..3981.48 rows=1 width=8)
	  ->  Bitmap Heap Scan on sbtest6  (cost=23.00..3978.89 rows=1031 width=4)
	        Recheck Cond: ((id >= 4260573) AND (id <= 4261572))
	        ->  Bitmap Index Scan on sbtest6_pkey  (cost=0.00..22.75 rows=1031 width=0)
	              Index Cond: ((id >= 4260573) AND (id <= 4261572))

table 7 : explain SELECT SUM(k) FROM sbtest7 WHERE id BETWEEN 1489379 AND 1490378
	Aggregate  (cost=3688.25..3688.26 rows=1 width=8)
	  ->  Bitmap Heap Scan on sbtest7  (cost=22.20..3685.87 rows=953 width=4)
	        Recheck Cond: ((id >= 1489379) AND (id <= 1490378))
	        ->  Bitmap Index Scan on sbtest7_pkey  (cost=0.00..21.96 rows=953 width=0)
	              Index Cond: ((id >= 1489379) AND (id <= 1490378))

table 8 : explain SELECT SUM(k) FROM sbtest8 WHERE id BETWEEN 969064 AND 970063
	Aggregate  (cost=3714.66..3714.67 rows=1 width=8)
	  ->  Bitmap Heap Scan on sbtest8  (cost=22.27..3712.26 rows=960 width=4)
	        Recheck Cond: ((id >= 969064) AND (id <= 970063))
	        ->  Bitmap Index Scan on sbtest8_pkey  (cost=0.00..22.04 rows=960 width=0)
	              Index Cond: ((id >= 969064) AND (id <= 970063))

for: distinct_ranges
table 1 : explain SELECT DISTINCT c FROM sbtest1 WHERE id BETWEEN 7663810 AND 7664809 ORDER BY c
	Unique  (cost=3966.79..3971.87 rows=1015 width=121)
	  ->  Sort  (cost=3966.79..3969.33 rows=1015 width=121)
	        Sort Key: c
	        ->  Bitmap Heap Scan on sbtest1  (cost=22.84..3916.11 rows=1015 width=121)
	              Recheck Cond: ((id >= 7663810) AND (id <= 7664809))
	              ->  Bitmap Index Scan on sbtest1_pkey  (cost=0.00..22.58 rows=1015 width=0)
	                    Index Cond: ((id >= 7663810) AND (id <= 7664809))

table 2 : explain SELECT DISTINCT c FROM sbtest2 WHERE id BETWEEN 7137237 AND 7138236 ORDER BY c
	Unique  (cost=3929.80..3934.82 rows=1005 width=121)
	  ->  Sort  (cost=3929.80..3932.31 rows=1005 width=121)
	        Sort Key: c
	        ->  Bitmap Heap Scan on sbtest2  (cost=22.74..3879.68 rows=1005 width=121)
	              Recheck Cond: ((id >= 7137237) AND (id <= 7138236))
	              ->  Bitmap Index Scan on sbtest2_pkey  (cost=0.00..22.48 rows=1005 width=0)
	                    Index Cond: ((id >= 7137237) AND (id <= 7138236))

table 3 : explain SELECT DISTINCT c FROM sbtest3 WHERE id BETWEEN 9962655 AND 9963654 ORDER BY c
	Unique  (cost=4246.70..4252.14 rows=1088 width=121)
	  ->  Sort  (cost=4246.70..4249.42 rows=1088 width=121)
	        Sort Key: c
	        ->  Bitmap Heap Scan on sbtest3  (cost=23.59..4191.82 rows=1088 width=121)
	              Recheck Cond: ((id >= 9962655) AND (id <= 9963654))
	              ->  Bitmap Index Scan on sbtest3_pkey  (cost=0.00..23.32 rows=1088 width=0)
	                    Index Cond: ((id >= 9962655) AND (id <= 9963654))

table 4 : explain SELECT DISTINCT c FROM sbtest4 WHERE id BETWEEN 6392784 AND 6393783 ORDER BY c
	Unique  (cost=3938.66..3943.69 rows=1007 width=121)
	  ->  Sort  (cost=3938.66..3941.17 rows=1007 width=121)
	        Sort Key: c
	        ->  Bitmap Heap Scan on sbtest4  (cost=22.76..3888.43 rows=1007 width=121)
	              Recheck Cond: ((id >= 6392784) AND (id <= 6393783))
	              ->  Bitmap Index Scan on sbtest4_pkey  (cost=0.00..22.50 rows=1007 width=0)
	                    Index Cond: ((id >= 6392784) AND (id <= 6393783))

table 5 : explain SELECT DISTINCT c FROM sbtest5 WHERE id BETWEEN 6488530 AND 6489529 ORDER BY c
	Unique  (cost=3647.72..3652.37 rows=931 width=121)
	  ->  Sort  (cost=3647.72..3650.05 rows=931 width=121)
	        Sort Key: c
	        ->  Bitmap Heap Scan on sbtest5  (cost=21.98..3601.81 rows=931 width=121)
	              Recheck Cond: ((id >= 6488530) AND (id <= 6489529))
	              ->  Bitmap Index Scan on sbtest5_pkey  (cost=0.00..21.75 rows=931 width=0)
	                    Index Cond: ((id >= 6488530) AND (id <= 6489529))

table 6 : explain SELECT DISTINCT c FROM sbtest6 WHERE id BETWEEN 68210 AND 69209 ORDER BY c
	Unique  (cost=3931.10..3936.13 rows=1005 width=121)
	  ->  Sort  (cost=3931.10..3933.62 rows=1005 width=121)
	        Sort Key: c
	        ->  Bitmap Heap Scan on sbtest6  (cost=22.74..3880.99 rows=1005 width=121)
	              Recheck Cond: ((id >= 68210) AND (id <= 69209))
	              ->  Bitmap Index Scan on sbtest6_pkey  (cost=0.00..22.48 rows=1005 width=0)
	                    Index Cond: ((id >= 68210) AND (id <= 69209))

table 7 : explain SELECT DISTINCT c FROM sbtest7 WHERE id BETWEEN 4966932 AND 4967931 ORDER BY c
	Unique  (cost=4054.48..4059.66 rows=1037 width=121)
	  ->  Sort  (cost=4054.48..4057.07 rows=1037 width=121)
	        Sort Key: c
	        ->  Bitmap Heap Scan on sbtest7  (cost=23.06..4002.53 rows=1037 width=121)
	              Recheck Cond: ((id >= 4966932) AND (id <= 4967931))
	              ->  Bitmap Index Scan on sbtest7_pkey  (cost=0.00..22.80 rows=1037 width=0)
	                    Index Cond: ((id >= 4966932) AND (id <= 4967931))

table 8 : explain SELECT DISTINCT c FROM sbtest8 WHERE id BETWEEN 4040911 AND 4041910 ORDER BY c
	Unique  (cost=4272.27..4277.74 rows=1093 width=121)
	  ->  Sort  (cost=4272.27..4275.01 rows=1093 width=121)
	        Sort Key: c
	        ->  Bitmap Heap Scan on sbtest8  (cost=27.64..4217.11 rows=1093 width=121)
	              Recheck Cond: ((id >= 4040911) AND (id <= 4041910))
	              ->  Bitmap Index Scan on sbtest8_pkey  (cost=0.00..27.36 rows=1093 width=0)
	                    Index Cond: ((id >= 4040911) AND (id <= 4041910))

for: distinct_ranges
table 1 : explain SELECT DISTINCT c FROM sbtest1 WHERE id BETWEEN 9622494 AND 9623493 ORDER BY c
	Unique  (cost=3787.16..3792.00 rows=968 width=121)
	  ->  Sort  (cost=3787.16..3789.58 rows=968 width=121)
	        Sort Key: c
	        ->  Bitmap Heap Scan on sbtest1  (cost=22.36..3739.15 rows=968 width=121)
	              Recheck Cond: ((id >= 9622494) AND (id <= 9623493))
	              ->  Bitmap Index Scan on sbtest1_pkey  (cost=0.00..22.11 rows=968 width=0)
	                    Index Cond: ((id >= 9622494) AND (id <= 9623493))

table 2 : explain SELECT DISTINCT c FROM sbtest2 WHERE id BETWEEN 3675006 AND 3676005 ORDER BY c
	Unique  (cost=3661.94..3666.62 rows=935 width=121)
	  ->  Sort  (cost=3661.94..3664.28 rows=935 width=121)
	        Sort Key: c
	        ->  Bitmap Heap Scan on sbtest2  (cost=22.02..3615.80 rows=935 width=121)
	              Recheck Cond: ((id >= 3675006) AND (id <= 3676005))
	              ->  Bitmap Index Scan on sbtest2_pkey  (cost=0.00..21.79 rows=935 width=0)
	                    Index Cond: ((id >= 3675006) AND (id <= 3676005))

table 3 : explain SELECT DISTINCT c FROM sbtest3 WHERE id BETWEEN 2516289 AND 2517288 ORDER BY c
	Unique  (cost=4197.13..4202.51 rows=1075 width=121)
	  ->  Sort  (cost=4197.13..4199.82 rows=1075 width=121)
	        Sort Key: c
	        ->  Bitmap Heap Scan on sbtest3  (cost=23.45..4143.00 rows=1075 width=121)
	              Recheck Cond: ((id >= 2516289) AND (id <= 2517288))
	              ->  Bitmap Index Scan on sbtest3_pkey  (cost=0.00..23.18 rows=1075 width=0)
	                    Index Cond: ((id >= 2516289) AND (id <= 2517288))

table 4 : explain SELECT DISTINCT c FROM sbtest4 WHERE id BETWEEN 3452001 AND 3453000 ORDER BY c
	Unique  (cost=4034.21..4039.37 rows=1032 width=121)
	  ->  Sort  (cost=4034.21..4036.79 rows=1032 width=121)
	        Sort Key: c
	        ->  Bitmap Heap Scan on sbtest4  (cost=23.01..3982.55 rows=1032 width=121)
	              Recheck Cond: ((id >= 3452001) AND (id <= 3453000))
	              ->  Bitmap Index Scan on sbtest4_pkey  (cost=0.00..22.75 rows=1032 width=0)
	                    Index Cond: ((id >= 3452001) AND (id <= 3453000))

table 5 : explain SELECT DISTINCT c FROM sbtest5 WHERE id BETWEEN 9339674 AND 9340673 ORDER BY c
	Unique  (cost=4125.90..4131.18 rows=1056 width=121)
	  ->  Sort  (cost=4125.90..4128.54 rows=1056 width=121)
	        Sort Key: c
	        ->  Bitmap Heap Scan on sbtest5  (cost=23.26..4072.87 rows=1056 width=121)
	              Recheck Cond: ((id >= 9339674) AND (id <= 9340673))
	              ->  Bitmap Index Scan on sbtest5_pkey  (cost=0.00..23.00 rows=1056 width=0)
	                    Index Cond: ((id >= 9339674) AND (id <= 9340673))

table 6 : explain SELECT DISTINCT c FROM sbtest6 WHERE id BETWEEN 4414157 AND 4415156 ORDER BY c
	Unique  (cost=3532.73..3537.23 rows=901 width=121)
	  ->  Sort  (cost=3532.73..3534.98 rows=901 width=121)
	        Sort Key: c
	        ->  Bitmap Heap Scan on sbtest6  (cost=21.67..3488.51 rows=901 width=121)
	              Recheck Cond: ((id >= 4414157) AND (id <= 4415156))
	              ->  Bitmap Index Scan on sbtest6_pkey  (cost=0.00..21.44 rows=901 width=0)
	                    Index Cond: ((id >= 4414157) AND (id <= 4415156))

table 7 : explain SELECT DISTINCT c FROM sbtest7 WHERE id BETWEEN 3119385 AND 3120384 ORDER BY c
	Unique  (cost=3943.60..3948.64 rows=1008 width=121)
	  ->  Sort  (cost=3943.60..3946.12 rows=1008 width=121)
	        Sort Key: c
	        ->  Bitmap Heap Scan on sbtest7  (cost=22.77..3893.31 rows=1008 width=121)
	              Recheck Cond: ((id >= 3119385) AND (id <= 3120384))
	              ->  Bitmap Index Scan on sbtest7_pkey  (cost=0.00..22.51 rows=1008 width=0)
	                    Index Cond: ((id >= 3119385) AND (id <= 3120384))

table 8 : explain SELECT DISTINCT c FROM sbtest8 WHERE id BETWEEN 4873003 AND 4874002 ORDER BY c
	Unique  (cost=3867.03..3871.97 rows=988 width=121)
	  ->  Sort  (cost=3867.03..3869.50 rows=988 width=121)
	        Sort Key: c
	        ->  Bitmap Heap Scan on sbtest8  (cost=22.56..3817.89 rows=988 width=121)
	              Recheck Cond: ((id >= 4873003) AND (id <= 4874002))
	              ->  Bitmap Index Scan on sbtest8_pkey  (cost=0.00..22.32 rows=988 width=0)
	                    Index Cond: ((id >= 4873003) AND (id <= 4874002))

for: distinct_ranges
table 1 : explain SELECT DISTINCT c FROM sbtest1 WHERE id BETWEEN 2567854 AND 2568853 ORDER BY c
	Unique  (cost=4157.60..4162.92 rows=1065 width=121)
	  ->  Sort  (cost=4157.60..4160.26 rows=1065 width=121)
	        Sort Key: c
	        ->  Bitmap Heap Scan on sbtest1  (cost=23.35..4104.05 rows=1065 width=121)
	              Recheck Cond: ((id >= 2567854) AND (id <= 2568853))
	              ->  Bitmap Index Scan on sbtest1_pkey  (cost=0.00..23.08 rows=1065 width=0)
	                    Index Cond: ((id >= 2567854) AND (id <= 2568853))

table 2 : explain SELECT DISTINCT c FROM sbtest2 WHERE id BETWEEN 3691190 AND 3692189 ORDER BY c
	Unique  (cost=3661.94..3666.62 rows=935 width=121)
	  ->  Sort  (cost=3661.94..3664.28 rows=935 width=121)
	        Sort Key: c
	        ->  Bitmap Heap Scan on sbtest2  (cost=22.02..3615.80 rows=935 width=121)
	              Recheck Cond: ((id >= 3691190) AND (id <= 3692189))
	              ->  Bitmap Index Scan on sbtest2_pkey  (cost=0.00..21.79 rows=935 width=0)
	                    Index Cond: ((id >= 3691190) AND (id <= 3692189))

table 3 : explain SELECT DISTINCT c FROM sbtest3 WHERE id BETWEEN 3080495 AND 3081494 ORDER BY c
	Unique  (cost=3642.85..3647.50 rows=930 width=121)
	  ->  Sort  (cost=3642.85..3645.17 rows=930 width=121)
	        Sort Key: c
	        ->  Bitmap Heap Scan on sbtest3  (cost=21.97..3596.99 rows=930 width=121)
	              Recheck Cond: ((id >= 3080495) AND (id <= 3081494))
	              ->  Bitmap Index Scan on sbtest3_pkey  (cost=0.00..21.73 rows=930 width=0)
	                    Index Cond: ((id >= 3080495) AND (id <= 3081494))

table 4 : explain SELECT DISTINCT c FROM sbtest4 WHERE id BETWEEN 1248358 AND 1249357 ORDER BY c
	Unique  (cost=3900.41..3905.40 rows=997 width=121)
	  ->  Sort  (cost=3900.41..3902.90 rows=997 width=121)
	        Sort Key: c
	        ->  Bitmap Heap Scan on sbtest4  (cost=22.65..3850.75 rows=997 width=121)
	              Recheck Cond: ((id >= 1248358) AND (id <= 1249357))
	              ->  Bitmap Index Scan on sbtest4_pkey  (cost=0.00..22.40 rows=997 width=0)
	                    Index Cond: ((id >= 1248358) AND (id <= 1249357))

table 5 : explain SELECT DISTINCT c FROM sbtest5 WHERE id BETWEEN 3647264 AND 3648263 ORDER BY c
	Unique  (cost=3574.87..3579.43 rows=912 width=121)
	  ->  Sort  (cost=3574.87..3577.15 rows=912 width=121)
	        Sort Key: c
	        ->  Bitmap Heap Scan on sbtest5  (cost=21.78..3530.03 rows=912 width=121)
	              Recheck Cond: ((id >= 3647264) AND (id <= 3648263))
	              ->  Bitmap Index Scan on sbtest5_pkey  (cost=0.00..21.55 rows=912 width=0)
	                    Index Cond: ((id >= 3647264) AND (id <= 3648263))

table 6 : explain SELECT DISTINCT c FROM sbtest6 WHERE id BETWEEN 2117813 AND 2118812 ORDER BY c
	Unique  (cost=4103.07..4108.32 rows=1050 width=121)
	  ->  Sort  (cost=4103.07..4105.69 rows=1050 width=121)
	        Sort Key: c
	        ->  Bitmap Heap Scan on sbtest6  (cost=23.20..4050.38 rows=1050 width=121)
	              Recheck Cond: ((id >= 2117813) AND (id <= 2118812))
	              ->  Bitmap Index Scan on sbtest6_pkey  (cost=0.00..22.93 rows=1050 width=0)
	                    Index Cond: ((id >= 2117813) AND (id <= 2118812))

table 7 : explain SELECT DISTINCT c FROM sbtest7 WHERE id BETWEEN 6565522 AND 6566521 ORDER BY c
	Unique  (cost=4031.55..4036.70 rows=1031 width=121)
	  ->  Sort  (cost=4031.55..4034.12 rows=1031 width=121)
	        Sort Key: c
	        ->  Bitmap Heap Scan on sbtest7  (cost=23.00..3979.95 rows=1031 width=121)
	              Recheck Cond: ((id >= 6565522) AND (id <= 6566521))
	              ->  Bitmap Index Scan on sbtest7_pkey  (cost=0.00..22.75 rows=1031 width=0)
	                    Index Cond: ((id >= 6565522) AND (id <= 6566521))

table 8 : explain SELECT DISTINCT c FROM sbtest8 WHERE id BETWEEN 2384676 AND 2385675 ORDER BY c
	Unique  (cost=4050.62..4055.80 rows=1036 width=121)
	  ->  Sort  (cost=4050.62..4053.21 rows=1036 width=121)
	        Sort Key: c
	        ->  Bitmap Heap Scan on sbtest8  (cost=23.05..3998.73 rows=1036 width=121)
	              Recheck Cond: ((id >= 2384676) AND (id <= 2385675))
	              ->  Bitmap Index Scan on sbtest8_pkey  (cost=0.00..22.79 rows=1036 width=0)
	                    Index Cond: ((id >= 2384676) AND (id <= 2385675))

explain: for point_selects :: explain SELECT c FROM sbtest%u WHERE id=%u
explain: for point_selects :: explain SELECT c FROM sbtest%u WHERE id=%u
for: simple_ranges
table 1 : explain SELECT c FROM sbtest1 WHERE id BETWEEN 2404240 AND 2405239
	Bitmap Heap Scan on sbtest1  (cost=21.34..3365.44 rows=869 width=121)
	  Recheck Cond: ((id >= 2404240) AND (id <= 2405239))
	  ->  Bitmap Index Scan on sbtest1_pkey  (cost=0.00..21.12 rows=869 width=0)
	        Index Cond: ((id >= 2404240) AND (id <= 2405239))

table 2 : explain SELECT c FROM sbtest2 WHERE id BETWEEN 777279 AND 778278
	Bitmap Heap Scan on sbtest2  (cost=22.87..3928.62 rows=1018 width=121)
	  Recheck Cond: ((id >= 777279) AND (id <= 778278))
	  ->  Bitmap Index Scan on sbtest2_pkey  (cost=0.00..22.61 rows=1018 width=0)
	        Index Cond: ((id >= 777279) AND (id <= 778278))

table 3 : explain SELECT c FROM sbtest3 WHERE id BETWEEN 8355784 AND 8356783
	Bitmap Heap Scan on sbtest3  (cost=23.31..4090.40 rows=1061 width=121)
	  Recheck Cond: ((id >= 8355784) AND (id <= 8356783))
	  ->  Bitmap Index Scan on sbtest3_pkey  (cost=0.00..23.04 rows=1061 width=0)
	        Index Cond: ((id >= 8355784) AND (id <= 8356783))

table 4 : explain SELECT c FROM sbtest4 WHERE id BETWEEN 7018881 AND 7019880
	Bitmap Heap Scan on sbtest4  (cost=22.23..3696.16 rows=956 width=121)
	  Recheck Cond: ((id >= 7018881) AND (id <= 7019880))
	  ->  Bitmap Index Scan on sbtest4_pkey  (cost=0.00..22.00 rows=956 width=0)
	        Index Cond: ((id >= 7018881) AND (id <= 7019880))

table 5 : explain SELECT c FROM sbtest5 WHERE id BETWEEN 9698475 AND 9699474
	Bitmap Heap Scan on sbtest5  (cost=21.60..3461.98 rows=894 width=121)
	  Recheck Cond: ((id >= 9698475) AND (id <= 9699474))
	  ->  Bitmap Index Scan on sbtest5_pkey  (cost=0.00..21.37 rows=894 width=0)
	        Index Cond: ((id >= 9698475) AND (id <= 9699474))

table 6 : explain SELECT c FROM sbtest6 WHERE id BETWEEN 9547252 AND 9548251
	Bitmap Heap Scan on sbtest6  (cost=22.50..3794.31 rows=982 width=121)
	  Recheck Cond: ((id >= 9547252) AND (id <= 9548251))
	  ->  Bitmap Index Scan on sbtest6_pkey  (cost=0.00..22.25 rows=982 width=0)
	        Index Cond: ((id >= 9547252) AND (id <= 9548251))

table 7 : explain SELECT c FROM sbtest7 WHERE id BETWEEN 9129648 AND 9130647
	Bitmap Heap Scan on sbtest7  (cost=22.16..3670.76 rows=949 width=121)
	  Recheck Cond: ((id >= 9129648) AND (id <= 9130647))
	  ->  Bitmap Index Scan on sbtest7_pkey  (cost=0.00..21.93 rows=949 width=0)
	        Index Cond: ((id >= 9129648) AND (id <= 9130647))

table 8 : explain SELECT c FROM sbtest8 WHERE id BETWEEN 2108561 AND 2109560
	Bitmap Heap Scan on sbtest8  (cost=22.51..3799.03 rows=983 width=121)
	  Recheck Cond: ((id >= 2108561) AND (id <= 2109560))
	  ->  Bitmap Index Scan on sbtest8_pkey  (cost=0.00..22.26 rows=983 width=0)
	        Index Cond: ((id >= 2108561) AND (id <= 2109560))

for: simple_ranges
table 1 : explain SELECT c FROM sbtest1 WHERE id BETWEEN 1733524 AND 1734523
	Bitmap Heap Scan on sbtest1  (cost=21.56..3444.82 rows=890 width=121)
	  Recheck Cond: ((id >= 1733524) AND (id <= 1734523))
	  ->  Bitmap Index Scan on sbtest1_pkey  (cost=0.00..21.33 rows=890 width=0)
	        Index Cond: ((id >= 1733524) AND (id <= 1734523))

table 2 : explain SELECT c FROM sbtest2 WHERE id BETWEEN 7166310 AND 7167309
	Bitmap Heap Scan on sbtest2  (cost=23.36..4109.12 rows=1066 width=121)
	  Recheck Cond: ((id >= 7166310) AND (id <= 7167309))
	  ->  Bitmap Index Scan on sbtest2_pkey  (cost=0.00..23.09 rows=1066 width=0)
	        Index Cond: ((id >= 7166310) AND (id <= 7167309))

table 3 : explain SELECT c FROM sbtest3 WHERE id BETWEEN 4414565 AND 4415564
	Bitmap Heap Scan on sbtest3  (cost=22.60..3830.79 rows=992 width=121)
	  Recheck Cond: ((id >= 4414565) AND (id <= 4415564))
	  ->  Bitmap Index Scan on sbtest3_pkey  (cost=0.00..22.36 rows=992 width=0)
	        Index Cond: ((id >= 4414565) AND (id <= 4415564))

table 4 : explain SELECT c FROM sbtest4 WHERE id BETWEEN 3083116 AND 3084115
	Bitmap Heap Scan on sbtest4  (cost=22.82..3911.02 rows=1013 width=121)
	  Recheck Cond: ((id >= 3083116) AND (id <= 3084115))
	  ->  Bitmap Index Scan on sbtest4_pkey  (cost=0.00..22.57 rows=1013 width=0)
	        Index Cond: ((id >= 3083116) AND (id <= 3084115))

table 5 : explain SELECT c FROM sbtest5 WHERE id BETWEEN 6061510 AND 6062509
	Bitmap Heap Scan on sbtest5  (cost=22.78..3895.99 rows=1009 width=121)
	  Recheck Cond: ((id >= 6061510) AND (id <= 6062509))
	  ->  Bitmap Index Scan on sbtest5_pkey  (cost=0.00..22.52 rows=1009 width=0)
	        Index Cond: ((id >= 6061510) AND (id <= 6062509))

table 6 : explain SELECT c FROM sbtest6 WHERE id BETWEEN 9335796 AND 9336795
	Bitmap Heap Scan on sbtest6  (cost=23.57..4185.70 rows=1086 width=121)
	  Recheck Cond: ((id >= 9335796) AND (id <= 9336795))
	  ->  Bitmap Index Scan on sbtest6_pkey  (cost=0.00..23.29 rows=1086 width=0)
	        Index Cond: ((id >= 9335796) AND (id <= 9336795))

table 7 : explain SELECT c FROM sbtest7 WHERE id BETWEEN 3755800 AND 3756799
	Bitmap Heap Scan on sbtest7  (cost=22.70..3866.93 rows=1001 width=121)
	  Recheck Cond: ((id >= 3755800) AND (id <= 3756799))
	  ->  Bitmap Index Scan on sbtest7_pkey  (cost=0.00..22.44 rows=1001 width=0)
	        Index Cond: ((id >= 3755800) AND (id <= 3756799))

table 8 : explain SELECT c FROM sbtest8 WHERE id BETWEEN 1821140 AND 1822139
	Bitmap Heap Scan on sbtest8  (cost=22.33..3731.13 rows=965 width=121)
	  Recheck Cond: ((id >= 1821140) AND (id <= 1822139))
	  ->  Bitmap Index Scan on sbtest8_pkey  (cost=0.00..22.08 rows=965 width=0)
	        Index Cond: ((id >= 1821140) AND (id <= 1822139))

for: simple_ranges
table 1 : explain SELECT c FROM sbtest1 WHERE id BETWEEN 1891631 AND 1892630
	Bitmap Heap Scan on sbtest1  (cost=27.67..4220.68 rows=1096 width=121)
	  Recheck Cond: ((id >= 1891631) AND (id <= 1892630))
	  ->  Bitmap Index Scan on sbtest1_pkey  (cost=0.00..27.39 rows=1096 width=0)
	        Index Cond: ((id >= 1891631) AND (id <= 1892630))

table 2 : explain SELECT c FROM sbtest2 WHERE id BETWEEN 7688306 AND 7689305
	Bitmap Heap Scan on sbtest2  (cost=22.45..3774.21 rows=977 width=121)
	  Recheck Cond: ((id >= 7688306) AND (id <= 7689305))
	  ->  Bitmap Index Scan on sbtest2_pkey  (cost=0.00..22.20 rows=977 width=0)
	        Index Cond: ((id >= 7688306) AND (id <= 7689305))

table 3 : explain SELECT c FROM sbtest3 WHERE id BETWEEN 7697249 AND 7698248
	Bitmap Heap Scan on sbtest3  (cost=22.88..3932.45 rows=1019 width=121)
	  Recheck Cond: ((id >= 7697249) AND (id <= 7698248))
	  ->  Bitmap Index Scan on sbtest3_pkey  (cost=0.00..22.62 rows=1019 width=0)
	        Index Cond: ((id >= 7697249) AND (id <= 7698248))

table 4 : explain SELECT c FROM sbtest4 WHERE id BETWEEN 6748789 AND 6749788
	Bitmap Heap Scan on sbtest4  (cost=22.64..3846.99 rows=996 width=121)
	  Recheck Cond: ((id >= 6748789) AND (id <= 6749788))
	  ->  Bitmap Index Scan on sbtest4_pkey  (cost=0.00..22.39 rows=996 width=0)
	        Index Cond: ((id >= 6748789) AND (id <= 6749788))

table 5 : explain SELECT c FROM sbtest5 WHERE id BETWEEN 8850470 AND 8851469
	Bitmap Heap Scan on sbtest5  (cost=22.29..3715.05 rows=961 width=121)
	  Recheck Cond: ((id >= 8850470) AND (id <= 8851469))
	  ->  Bitmap Index Scan on sbtest5_pkey  (cost=0.00..22.04 rows=961 width=0)
	        Index Cond: ((id >= 8850470) AND (id <= 8851469))

table 6 : explain SELECT c FROM sbtest6 WHERE id BETWEEN 3299109 AND 3300108
	Bitmap Heap Scan on sbtest6  (cost=27.60..4200.97 rows=1089 width=121)
	  Recheck Cond: ((id >= 3299109) AND (id <= 3300108))
	  ->  Bitmap Index Scan on sbtest6_pkey  (cost=0.00..27.32 rows=1089 width=0)
	        Index Cond: ((id >= 3299109) AND (id <= 3300108))

table 7 : explain SELECT c FROM sbtest7 WHERE id BETWEEN 620788 AND 621787
	Bitmap Heap Scan on sbtest7  (cost=27.59..4198.36 rows=1088 width=121)
	  Recheck Cond: ((id >= 620788) AND (id <= 621787))
	  ->  Bitmap Index Scan on sbtest7_pkey  (cost=0.00..27.32 rows=1088 width=0)
	        Index Cond: ((id >= 620788) AND (id <= 621787))

table 8 : explain SELECT c FROM sbtest8 WHERE id BETWEEN 6147912 AND 6148911
	Bitmap Heap Scan on sbtest8  (cost=23.02..3987.44 rows=1033 width=121)
	  Recheck Cond: ((id >= 6147912) AND (id <= 6148911))
	  ->  Bitmap Index Scan on sbtest8_pkey  (cost=0.00..22.76 rows=1033 width=0)
	        Index Cond: ((id >= 6147912) AND (id <= 6148911))

for: sum_ranges
table 1 : explain SELECT SUM(k) FROM sbtest1 WHERE id BETWEEN 2233837 AND 2234836
	Aggregate  (cost=3737.80..3737.81 rows=1 width=8)
	  ->  Bitmap Heap Scan on sbtest1  (cost=22.35..3735.38 rows=967 width=4)
	        Recheck Cond: ((id >= 2233837) AND (id <= 2234836))
	        ->  Bitmap Index Scan on sbtest1_pkey  (cost=0.00..22.11 rows=967 width=0)
	              Index Cond: ((id >= 2233837) AND (id <= 2234836))

table 2 : explain SELECT SUM(k) FROM sbtest2 WHERE id BETWEEN 8001202 AND 8002201
	Aggregate  (cost=3704.97..3704.98 rows=1 width=8)
	  ->  Bitmap Heap Scan on sbtest2  (cost=22.25..3702.58 rows=958 width=4)
	        Recheck Cond: ((id >= 8001202) AND (id <= 8002201))
	        ->  Bitmap Index Scan on sbtest2_pkey  (cost=0.00..22.01 rows=958 width=0)
	              Index Cond: ((id >= 8001202) AND (id <= 8002201))

table 3 : explain SELECT SUM(k) FROM sbtest3 WHERE id BETWEEN 1295116 AND 1296115
	Aggregate  (cost=4055.44..4055.45 rows=1 width=8)
	  ->  Bitmap Heap Scan on sbtest3  (cost=23.21..4052.82 rows=1051 width=4)
	        Recheck Cond: ((id >= 1295116) AND (id <= 1296115))
	        ->  Bitmap Index Scan on sbtest3_pkey  (cost=0.00..22.94 rows=1051 width=0)
	              Index Cond: ((id >= 1295116) AND (id <= 1296115))

table 4 : explain SELECT SUM(k) FROM sbtest4 WHERE id BETWEEN 9228749 AND 9229748
	Aggregate  (cost=4248.69..4248.70 rows=1 width=8)
	  ->  Bitmap Heap Scan on sbtest4  (cost=27.72..4245.93 rows=1101 width=4)
	        Recheck Cond: ((id >= 9228749) AND (id <= 9229748))
	        ->  Bitmap Index Scan on sbtest4_pkey  (cost=0.00..27.44 rows=1101 width=0)
	              Index Cond: ((id >= 9228749) AND (id <= 9229748))

table 5 : explain SELECT SUM(k) FROM sbtest5 WHERE id BETWEEN 2372682 AND 2373681
	Aggregate  (cost=3702.35..3702.36 rows=1 width=8)
	  ->  Bitmap Heap Scan on sbtest5  (cost=22.24..3699.96 rows=957 width=4)
	        Recheck Cond: ((id >= 2372682) AND (id <= 2373681))
	        ->  Bitmap Index Scan on sbtest5_pkey  (cost=0.00..22.00 rows=957 width=0)
	              Index Cond: ((id >= 2372682) AND (id <= 2373681))

table 6 : explain SELECT SUM(k) FROM sbtest6 WHERE id BETWEEN 3887959 AND 3888958
	Aggregate  (cost=3966.40..3966.41 rows=1 width=8)
	  ->  Bitmap Heap Scan on sbtest6  (cost=22.96..3963.83 rows=1027 width=4)
	        Recheck Cond: ((id >= 3887959) AND (id <= 3888958))
	        ->  Bitmap Index Scan on sbtest6_pkey  (cost=0.00..22.70 rows=1027 width=0)
	              Index Cond: ((id >= 3887959) AND (id <= 3888958))

table 7 : explain SELECT SUM(k) FROM sbtest7 WHERE id BETWEEN 8978394 AND 8979393
	Aggregate  (cost=3718.47..3718.48 rows=1 width=8)
	  ->  Bitmap Heap Scan on sbtest7  (cost=22.29..3716.06 rows=961 width=4)
	        Recheck Cond: ((id >= 8978394) AND (id <= 8979393))
	        ->  Bitmap Index Scan on sbtest7_pkey  (cost=0.00..22.04 rows=961 width=0)
	              Index Cond: ((id >= 8978394) AND (id <= 8979393))

table 8 : explain SELECT SUM(k) FROM sbtest8 WHERE id BETWEEN 3467573 AND 3468572
	Aggregate  (cost=4144.62..4144.63 rows=1 width=8)
	  ->  Bitmap Heap Scan on sbtest8  (cost=27.43..4141.94 rows=1073 width=4)
	        Recheck Cond: ((id >= 3467573) AND (id <= 3468572))
	        ->  Bitmap Index Scan on sbtest8_pkey  (cost=0.00..27.16 rows=1073 width=0)
	              Index Cond: ((id >= 3467573) AND (id <= 3468572))

for: order_ranges
table 1 : explain SELECT c FROM sbtest1 WHERE id BETWEEN 9172133 AND 9173132 ORDER BY c
	Sort  (cost=4123.28..4125.92 rows=1056 width=121)
	  Sort Key: c
	  ->  Bitmap Heap Scan on sbtest1  (cost=23.26..4070.24 rows=1056 width=121)
	        Recheck Cond: ((id >= 9172133) AND (id <= 9173132))
	        ->  Bitmap Index Scan on sbtest1_pkey  (cost=0.00..23.00 rows=1056 width=0)
	              Index Cond: ((id >= 9172133) AND (id <= 9173132))

table 2 : explain SELECT c FROM sbtest2 WHERE id BETWEEN 6421528 AND 6422527 ORDER BY c
	Sort  (cost=3753.85..3756.24 rows=959 width=121)
	  Sort Key: c
	  ->  Bitmap Heap Scan on sbtest2  (cost=22.26..3706.35 rows=959 width=121)
	        Recheck Cond: ((id >= 6421528) AND (id <= 6422527))
	        ->  Bitmap Index Scan on sbtest2_pkey  (cost=0.00..22.02 rows=959 width=0)
	              Index Cond: ((id >= 6421528) AND (id <= 6422527))

table 3 : explain SELECT c FROM sbtest3 WHERE id BETWEEN 461163 AND 462162 ORDER BY c
	Sort  (cost=3692.65..3695.01 rows=943 width=121)
	  Sort Key: c
	  ->  Bitmap Heap Scan on sbtest3  (cost=22.10..3646.06 rows=943 width=121)
	        Recheck Cond: ((id >= 461163) AND (id <= 462162))
	        ->  Bitmap Index Scan on sbtest3_pkey  (cost=0.00..21.86 rows=943 width=0)
	              Index Cond: ((id >= 461163) AND (id <= 462162))

table 4 : explain SELECT c FROM sbtest4 WHERE id BETWEEN 7720113 AND 7721112 ORDER BY c
	Sort  (cost=3843.02..3845.48 rows=982 width=121)
	  Sort Key: c
	  ->  Bitmap Heap Scan on sbtest4  (cost=22.50..3794.22 rows=982 width=121)
	        Recheck Cond: ((id >= 7720113) AND (id <= 7721112))
	        ->  Bitmap Index Scan on sbtest4_pkey  (cost=0.00..22.25 rows=982 width=0)
	              Index Cond: ((id >= 7720113) AND (id <= 7721112))

table 5 : explain SELECT c FROM sbtest5 WHERE id BETWEEN 1090317 AND 1091316 ORDER BY c
	Sort  (cost=4129.72..4132.36 rows=1057 width=121)
	  Sort Key: c
	  ->  Bitmap Heap Scan on sbtest5  (cost=23.27..4076.63 rows=1057 width=121)
	        Recheck Cond: ((id >= 1090317) AND (id <= 1091316))
	        ->  Bitmap Index Scan on sbtest5_pkey  (cost=0.00..23.00 rows=1057 width=0)
	              Index Cond: ((id >= 1090317) AND (id <= 1091316))

table 6 : explain SELECT c FROM sbtest6 WHERE id BETWEEN 3450133 AND 3451132 ORDER BY c
	Sort  (cost=4049.59..4052.18 rows=1036 width=121)
	  Sort Key: c
	  ->  Bitmap Heap Scan on sbtest6  (cost=23.05..3997.71 rows=1036 width=121)
	        Recheck Cond: ((id >= 3450133) AND (id <= 3451132))
	        ->  Bitmap Index Scan on sbtest6_pkey  (cost=0.00..22.79 rows=1036 width=0)
	              Index Cond: ((id >= 3450133) AND (id <= 3451132))

table 7 : explain SELECT c FROM sbtest7 WHERE id BETWEEN 7749868 AND 7750867 ORDER BY c
	Sort  (cost=3863.24..3865.71 rows=987 width=121)
	  Sort Key: c
	  ->  Bitmap Heap Scan on sbtest7  (cost=22.55..3814.15 rows=987 width=121)
	        Recheck Cond: ((id >= 7749868) AND (id <= 7750867))
	        ->  Bitmap Index Scan on sbtest7_pkey  (cost=0.00..22.30 rows=987 width=0)
	              Index Cond: ((id >= 7749868) AND (id <= 7750867))

table 8 : explain SELECT c FROM sbtest8 WHERE id BETWEEN 1982673 AND 1983672 ORDER BY c
	Sort  (cost=4413.44..4416.27 rows=1131 width=121)
	  Sort Key: c
	  ->  Bitmap Heap Scan on sbtest8  (cost=28.03..4356.08 rows=1131 width=121)
	        Recheck Cond: ((id >= 1982673) AND (id <= 1983672))
	        ->  Bitmap Index Scan on sbtest8_pkey  (cost=0.00..27.75 rows=1131 width=0)
	              Index Cond: ((id >= 1982673) AND (id <= 1983672))

for: order_ranges
table 1 : explain SELECT c FROM sbtest1 WHERE id BETWEEN 1576237 AND 1577236 ORDER BY c
	Sort  (cost=3859.81..3862.28 rows=987 width=121)
	  Sort Key: c
	  ->  Bitmap Heap Scan on sbtest1  (cost=22.55..3810.72 rows=987 width=121)
	        Recheck Cond: ((id >= 1576237) AND (id <= 1577236))
	        ->  Bitmap Index Scan on sbtest1_pkey  (cost=0.00..22.30 rows=987 width=0)
	              Index Cond: ((id >= 1576237) AND (id <= 1577236))

table 2 : explain SELECT c FROM sbtest2 WHERE id BETWEEN 3873161 AND 3874160 ORDER BY c
	Sort  (cost=4006.22..4008.78 rows=1025 width=121)
	  Sort Key: c
	  ->  Bitmap Heap Scan on sbtest2  (cost=22.94..3954.96 rows=1025 width=121)
	        Recheck Cond: ((id >= 3873161) AND (id <= 3874160))
	        ->  Bitmap Index Scan on sbtest2_pkey  (cost=0.00..22.68 rows=1025 width=0)
	              Index Cond: ((id >= 3873161) AND (id <= 3874160))

table 3 : explain SELECT c FROM sbtest3 WHERE id BETWEEN 7267171 AND 7268170 ORDER BY c
	Sort  (cost=4261.95..4264.68 rows=1092 width=121)
	  Sort Key: c
	  ->  Bitmap Heap Scan on sbtest3  (cost=23.63..4206.84 rows=1092 width=121)
	        Recheck Cond: ((id >= 7267171) AND (id <= 7268170))
	        ->  Bitmap Index Scan on sbtest3_pkey  (cost=0.00..23.36 rows=1092 width=0)
	              Index Cond: ((id >= 7267171) AND (id <= 7268170))

table 4 : explain SELECT c FROM sbtest4 WHERE id BETWEEN 5350381 AND 5351380 ORDER BY c
	Sort  (cost=3758.80..3761.20 rows=960 width=121)
	  Sort Key: c
	  ->  Bitmap Heap Scan on sbtest4  (cost=22.27..3711.25 rows=960 width=121)
	        Recheck Cond: ((id >= 5350381) AND (id <= 5351380))
	        ->  Bitmap Index Scan on sbtest4_pkey  (cost=0.00..22.04 rows=960 width=0)
	              Index Cond: ((id >= 5350381) AND (id <= 5351380))

table 5 : explain SELECT c FROM sbtest5 WHERE id BETWEEN 2270523 AND 2271522 ORDER BY c
	Sort  (cost=3957.80..3960.33 rows=1012 width=121)
	  Sort Key: c
	  ->  Bitmap Heap Scan on sbtest5  (cost=22.81..3907.28 rows=1012 width=121)
	        Recheck Cond: ((id >= 2270523) AND (id <= 2271522))
	        ->  Bitmap Index Scan on sbtest5_pkey  (cost=0.00..22.55 rows=1012 width=0)
	              Index Cond: ((id >= 2270523) AND (id <= 2271522))

table 6 : explain SELECT c FROM sbtest6 WHERE id BETWEEN 7715591 AND 7716590 ORDER BY c
	Sort  (cost=3701.44..3703.80 rows=945 width=121)
	  Sort Key: c
	  ->  Bitmap Heap Scan on sbtest6  (cost=22.12..3654.73 rows=945 width=121)
	        Recheck Cond: ((id >= 7715591) AND (id <= 7716590))
	        ->  Bitmap Index Scan on sbtest6_pkey  (cost=0.00..21.89 rows=945 width=0)
	              Index Cond: ((id >= 7715591) AND (id <= 7716590))

table 7 : explain SELECT c FROM sbtest7 WHERE id BETWEEN 8298852 AND 8299851 ORDER BY c
	Sort  (cost=4192.17..4194.85 rows=1072 width=121)
	  Sort Key: c
	  ->  Bitmap Heap Scan on sbtest7  (cost=27.42..4138.22 rows=1072 width=121)
	        Recheck Cond: ((id >= 8298852) AND (id <= 8299851))
	        ->  Bitmap Index Scan on sbtest7_pkey  (cost=0.00..27.15 rows=1072 width=0)
	              Index Cond: ((id >= 8298852) AND (id <= 8299851))

table 8 : explain SELECT c FROM sbtest8 WHERE id BETWEEN 1326816 AND 1327815 ORDER BY c
	Sort  (cost=3472.13..3474.34 rows=885 width=121)
	  Sort Key: c
	  ->  Bitmap Heap Scan on sbtest8  (cost=21.51..3428.81 rows=885 width=121)
	        Recheck Cond: ((id >= 1326816) AND (id <= 1327815))
	        ->  Bitmap Index Scan on sbtest8_pkey  (cost=0.00..21.29 rows=885 width=0)
	              Index Cond: ((id >= 1326816) AND (id <= 1327815))

for: sum_ranges
table 1 : explain SELECT SUM(k) FROM sbtest1 WHERE id BETWEEN 9679396 AND 9680395
	Aggregate  (cost=3741.57..3741.58 rows=1 width=8)
	  ->  Bitmap Heap Scan on sbtest1  (cost=22.36..3739.15 rows=968 width=4)
	        Recheck Cond: ((id >= 9679396) AND (id <= 9680395))
	        ->  Bitmap Index Scan on sbtest1_pkey  (cost=0.00..22.11 rows=968 width=0)
	              Index Cond: ((id >= 9679396) AND (id <= 9680395))

table 2 : explain SELECT SUM(k) FROM sbtest2 WHERE id BETWEEN 1145615 AND 1146614
	Aggregate  (cost=3806.82..3806.83 rows=1 width=8)
	  ->  Bitmap Heap Scan on sbtest2  (cost=22.53..3804.35 rows=985 width=4)
	        Recheck Cond: ((id >= 1145615) AND (id <= 1146614))
	        ->  Bitmap Index Scan on sbtest2_pkey  (cost=0.00..22.29 rows=985 width=0)
	              Index Cond: ((id >= 1145615) AND (id <= 1146614))

table 3 : explain SELECT SUM(k) FROM sbtest3 WHERE id BETWEEN 6700322 AND 6701321
	Aggregate  (cost=3678.62..3678.63 rows=1 width=8)
	  ->  Bitmap Heap Scan on sbtest3  (cost=22.18..3676.24 rows=951 width=4)
	        Recheck Cond: ((id >= 6700322) AND (id <= 6701321))
	        ->  Bitmap Index Scan on sbtest3_pkey  (cost=0.00..21.94 rows=951 width=0)
	              Index Cond: ((id >= 6700322) AND (id <= 6701321))

table 4 : explain SELECT SUM(k) FROM sbtest4 WHERE id BETWEEN 6643868 AND 6644867
	Aggregate  (cost=3414.99..3415.00 rows=1 width=8)
	  ->  Bitmap Heap Scan on sbtest4  (cost=21.47..3412.79 rows=881 width=4)
	        Recheck Cond: ((id >= 6643868) AND (id <= 6644867))
	        ->  Bitmap Index Scan on sbtest4_pkey  (cost=0.00..21.25 rows=881 width=0)
	              Index Cond: ((id >= 6643868) AND (id <= 6644867))

table 5 : explain SELECT SUM(k) FROM sbtest5 WHERE id BETWEEN 3001448 AND 3002447
	Aggregate  (cost=3732.55..3732.56 rows=1 width=8)
	  ->  Bitmap Heap Scan on sbtest5  (cost=22.33..3730.14 rows=965 width=4)
	        Recheck Cond: ((id >= 3001448) AND (id <= 3002447))
	        ->  Bitmap Index Scan on sbtest5_pkey  (cost=0.00..22.08 rows=965 width=0)
	              Index Cond: ((id >= 3001448) AND (id <= 3002447))

table 6 : explain SELECT SUM(k) FROM sbtest6 WHERE id BETWEEN 4865579 AND 4866578
	Aggregate  (cost=3585.30..3585.31 rows=1 width=8)
	  ->  Bitmap Heap Scan on sbtest6  (cost=21.93..3582.99 rows=926 width=4)
	        Recheck Cond: ((id >= 4865579) AND (id <= 4866578))
	        ->  Bitmap Index Scan on sbtest6_pkey  (cost=0.00..21.69 rows=926 width=0)
	              Index Cond: ((id >= 4865579) AND (id <= 4866578))

table 7 : explain SELECT SUM(k) FROM sbtest7 WHERE id BETWEEN 9373212 AND 9374211
	Aggregate  (cost=3635.35..3635.36 rows=1 width=8)
	  ->  Bitmap Heap Scan on sbtest7  (cost=22.06..3633.00 rows=939 width=4)
	        Recheck Cond: ((id >= 9373212) AND (id <= 9374211))
	        ->  Bitmap Index Scan on sbtest7_pkey  (cost=0.00..21.82 rows=939 width=0)
	              Index Cond: ((id >= 9373212) AND (id <= 9374211))

table 8 : explain SELECT SUM(k) FROM sbtest8 WHERE id BETWEEN 877657 AND 878656
	Aggregate  (cost=3790.17..3790.18 rows=1 width=8)
	  ->  Bitmap Heap Scan on sbtest8  (cost=22.48..3787.72 rows=980 width=4)
	        Recheck Cond: ((id >= 877657) AND (id <= 878656))
	        ->  Bitmap Index Scan on sbtest8_pkey  (cost=0.00..22.23 rows=980 width=0)
	              Index Cond: ((id >= 877657) AND (id <= 878656))

for: sum_ranges
table 1 : explain SELECT SUM(k) FROM sbtest1 WHERE id BETWEEN 9763654 AND 9764653
	Aggregate  (cost=4309.74..4309.75 rows=1 width=8)
	  ->  Bitmap Heap Scan on sbtest1  (cost=27.90..4306.94 rows=1119 width=4)
	        Recheck Cond: ((id >= 9763654) AND (id <= 9764653))
	        ->  Bitmap Index Scan on sbtest1_pkey  (cost=0.00..27.62 rows=1119 width=0)
	              Index Cond: ((id >= 9763654) AND (id <= 9764653))

table 2 : explain SELECT SUM(k) FROM sbtest2 WHERE id BETWEEN 8041549 AND 8042548
	Aggregate  (cost=3704.97..3704.98 rows=1 width=8)
	  ->  Bitmap Heap Scan on sbtest2  (cost=22.25..3702.58 rows=958 width=4)
	        Recheck Cond: ((id >= 8041549) AND (id <= 8042548))
	        ->  Bitmap Index Scan on sbtest2_pkey  (cost=0.00..22.01 rows=958 width=0)
	              Index Cond: ((id >= 8041549) AND (id <= 8042548))

table 3 : explain SELECT SUM(k) FROM sbtest3 WHERE id BETWEEN 9802261 AND 9803260
	Aggregate  (cost=3640.86..3640.87 rows=1 width=8)
	  ->  Bitmap Heap Scan on sbtest3  (cost=22.08..3638.51 rows=941 width=4)
	        Recheck Cond: ((id >= 9802261) AND (id <= 9803260))
	        ->  Bitmap Index Scan on sbtest3_pkey  (cost=0.00..21.84 rows=941 width=0)
	              Index Cond: ((id >= 9802261) AND (id <= 9803260))

table 4 : explain SELECT SUM(k) FROM sbtest4 WHERE id BETWEEN 5208097 AND 5209096
	Aggregate  (cost=3724.98..3724.99 rows=1 width=8)
	  ->  Bitmap Heap Scan on sbtest4  (cost=22.31..3722.57 rows=963 width=4)
	        Recheck Cond: ((id >= 5208097) AND (id <= 5209096))
	        ->  Bitmap Index Scan on sbtest4_pkey  (cost=0.00..22.07 rows=963 width=0)
	              Index Cond: ((id >= 5208097) AND (id <= 5209096))

table 5 : explain SELECT SUM(k) FROM sbtest5 WHERE id BETWEEN 4060345 AND 4061344
	Aggregate  (cost=3932.42..3932.43 rows=1 width=8)
	  ->  Bitmap Heap Scan on sbtest5  (cost=22.87..3929.88 rows=1018 width=4)
	        Recheck Cond: ((id >= 4060345) AND (id <= 4061344))
	        ->  Bitmap Index Scan on sbtest5_pkey  (cost=0.00..22.61 rows=1018 width=0)
	              Index Cond: ((id >= 4060345) AND (id <= 4061344))

table 6 : explain SELECT SUM(k) FROM sbtest6 WHERE id BETWEEN 1287561 AND 1288560
	Aggregate  (cost=3864.65..3864.66 rows=1 width=8)
	  ->  Bitmap Heap Scan on sbtest6  (cost=22.68..3862.15 rows=1000 width=4)
	        Recheck Cond: ((id >= 1287561) AND (id <= 1288560))
	        ->  Bitmap Index Scan on sbtest6_pkey  (cost=0.00..22.43 rows=1000 width=0)
	              Index Cond: ((id >= 1287561) AND (id <= 1288560))

table 7 : explain SELECT SUM(k) FROM sbtest7 WHERE id BETWEEN 950781 AND 951780
	Aggregate  (cost=3888.29..3888.30 rows=1 width=8)
	  ->  Bitmap Heap Scan on sbtest7  (cost=22.75..3885.77 rows=1006 width=4)
	        Recheck Cond: ((id >= 950781) AND (id <= 951780))
	        ->  Bitmap Index Scan on sbtest7_pkey  (cost=0.00..22.50 rows=1006 width=0)
	              Index Cond: ((id >= 950781) AND (id <= 951780))

table 8 : explain SELECT SUM(k) FROM sbtest8 WHERE id BETWEEN 5502327 AND 5503326
	Aggregate  (cost=4065.58..4065.59 rows=1 width=8)
	  ->  Bitmap Heap Scan on sbtest8  (cost=27.22..4062.95 rows=1052 width=4)
	        Recheck Cond: ((id >= 5502327) AND (id <= 5503326))
	        ->  Bitmap Index Scan on sbtest8_pkey  (cost=0.00..26.95 rows=1052 width=0)
	              Index Cond: ((id >= 5502327) AND (id <= 5503326))

for: sum_ranges
table 1 : explain SELECT SUM(k) FROM sbtest1 WHERE id BETWEEN 7496034 AND 7497033
	Aggregate  (cost=3688.77..3688.78 rows=1 width=8)
	  ->  Bitmap Heap Scan on sbtest1  (cost=22.21..3686.38 rows=954 width=4)
	        Recheck Cond: ((id >= 7496034) AND (id <= 7497033))
	        ->  Bitmap Index Scan on sbtest1_pkey  (cost=0.00..21.97 rows=954 width=0)
	              Index Cond: ((id >= 7496034) AND (id <= 7497033))

table 2 : explain SELECT SUM(k) FROM sbtest2 WHERE id BETWEEN 1104420 AND 1105419
	Aggregate  (cost=3806.82..3806.83 rows=1 width=8)
	  ->  Bitmap Heap Scan on sbtest2  (cost=22.53..3804.35 rows=985 width=4)
	        Recheck Cond: ((id >= 1104420) AND (id <= 1105419))
	        ->  Bitmap Index Scan on sbtest2_pkey  (cost=0.00..22.29 rows=985 width=0)
	              Index Cond: ((id >= 1104420) AND (id <= 1105419))

table 3 : explain SELECT SUM(k) FROM sbtest3 WHERE id BETWEEN 7252664 AND 7253663
	Aggregate  (cost=4209.57..4209.58 rows=1 width=8)
	  ->  Bitmap Heap Scan on sbtest3  (cost=23.63..4206.84 rows=1092 width=4)
	        Recheck Cond: ((id >= 7252664) AND (id <= 7253663))
	        ->  Bitmap Index Scan on sbtest3_pkey  (cost=0.00..23.36 rows=1092 width=0)
	              Index Cond: ((id >= 7252664) AND (id <= 7253663))

table 4 : explain SELECT SUM(k) FROM sbtest4 WHERE id BETWEEN 7618378 AND 7619377
	Aggregate  (cost=3921.09..3921.10 rows=1 width=8)
	  ->  Bitmap Heap Scan on sbtest4  (cost=22.84..3918.56 rows=1015 width=4)
	        Recheck Cond: ((id >= 7618378) AND (id <= 7619377))
	        ->  Bitmap Index Scan on sbtest4_pkey  (cost=0.00..22.58 rows=1015 width=0)
	              Index Cond: ((id >= 7618378) AND (id <= 7619377))

table 5 : explain SELECT SUM(k) FROM sbtest5 WHERE id BETWEEN 2109010 AND 2110009
	Aggregate  (cost=3785.38..3785.39 rows=1 width=8)
	  ->  Bitmap Heap Scan on sbtest5  (cost=22.47..3782.93 rows=979 width=4)
	        Recheck Cond: ((id >= 2109010) AND (id <= 2110009))
	        ->  Bitmap Index Scan on sbtest5_pkey  (cost=0.00..22.22 rows=979 width=0)
	              Index Cond: ((id >= 2109010) AND (id <= 2110009))

table 6 : explain SELECT SUM(k) FROM sbtest6 WHERE id BETWEEN 3537348 AND 3538347
	Aggregate  (cost=4395.27..4395.28 rows=1 width=8)
	  ->  Bitmap Heap Scan on sbtest6  (cost=28.13..4392.42 rows=1141 width=4)
	        Recheck Cond: ((id >= 3537348) AND (id <= 3538347))
	        ->  Bitmap Index Scan on sbtest6_pkey  (cost=0.00..27.84 rows=1141 width=0)
	              Index Cond: ((id >= 3537348) AND (id <= 3538347))

table 7 : explain SELECT SUM(k) FROM sbtest7 WHERE id BETWEEN 5247119 AND 5248118
	Aggregate  (cost=4106.79..4106.80 rows=1 width=8)
	  ->  Bitmap Heap Scan on sbtest7  (cost=23.34..4104.13 rows=1064 width=4)
	        Recheck Cond: ((id >= 5247119) AND (id <= 5248118))
	        ->  Bitmap Index Scan on sbtest7_pkey  (cost=0.00..23.07 rows=1064 width=0)
	              Index Cond: ((id >= 5247119) AND (id <= 5248118))

table 8 : explain SELECT SUM(k) FROM sbtest8 WHERE id BETWEEN 6268662 AND 6269661
	Aggregate  (cost=3892.02..3892.03 rows=1 width=8)
	  ->  Bitmap Heap Scan on sbtest8  (cost=22.76..3889.51 rows=1007 width=4)
	        Recheck Cond: ((id >= 6268662) AND (id <= 6269661))
	        ->  Bitmap Index Scan on sbtest8_pkey  (cost=0.00..22.50 rows=1007 width=0)
	              Index Cond: ((id >= 6268662) AND (id <= 6269661))

for: order_ranges
table 1 : explain SELECT c FROM sbtest1 WHERE id BETWEEN 4430862 AND 4431861 ORDER BY c
	Sort  (cost=3821.58..3824.02 rows=977 width=121)
	  Sort Key: c
	  ->  Bitmap Heap Scan on sbtest1  (cost=22.45..3773.06 rows=977 width=121)
	        Recheck Cond: ((id >= 4430862) AND (id <= 4431861))
	        ->  Bitmap Index Scan on sbtest1_pkey  (cost=0.00..22.20 rows=977 width=0)
	              Index Cond: ((id >= 4430862) AND (id <= 4431861))

table 2 : explain SELECT c FROM sbtest2 WHERE id BETWEEN 6219423 AND 6220422 ORDER BY c
	Sort  (cost=4029.13..4031.71 rows=1031 width=121)
	  Sort Key: c
	  ->  Bitmap Heap Scan on sbtest2  (cost=23.00..3977.53 rows=1031 width=121)
	        Recheck Cond: ((id >= 6219423) AND (id <= 6220422))
	        ->  Bitmap Index Scan on sbtest2_pkey  (cost=0.00..22.75 rows=1031 width=0)
	              Index Cond: ((id >= 6219423) AND (id <= 6220422))

table 3 : explain SELECT c FROM sbtest3 WHERE id BETWEEN 2808701 AND 2809700 ORDER BY c
	Sort  (cost=4136.09..4138.74 rows=1059 width=121)
	  Sort Key: c
	  ->  Bitmap Heap Scan on sbtest3  (cost=23.29..4082.89 rows=1059 width=121)
	        Recheck Cond: ((id >= 2808701) AND (id <= 2809700))
	        ->  Bitmap Index Scan on sbtest3_pkey  (cost=0.00..23.02 rows=1059 width=0)
	              Index Cond: ((id >= 2808701) AND (id <= 2809700))

table 4 : explain SELECT c FROM sbtest4 WHERE id BETWEEN 1718616 AND 1719615 ORDER BY c
	Sort  (cost=3812.41..3814.84 rows=974 width=121)
	  Sort Key: c
	  ->  Bitmap Heap Scan on sbtest4  (cost=22.42..3764.06 rows=974 width=121)
	        Recheck Cond: ((id >= 1718616) AND (id <= 1719615))
	        ->  Bitmap Index Scan on sbtest4_pkey  (cost=0.00..22.18 rows=974 width=0)
	              Index Cond: ((id >= 1718616) AND (id <= 1719615))

table 5 : explain SELECT c FROM sbtest5 WHERE id BETWEEN 2544110 AND 2545109 ORDER BY c
	Sort  (cost=3617.05..3619.36 rows=923 width=121)
	  Sort Key: c
	  ->  Bitmap Heap Scan on sbtest5  (cost=21.90..3571.59 rows=923 width=121)
	        Recheck Cond: ((id >= 2544110) AND (id <= 2545109))
	        ->  Bitmap Index Scan on sbtest5_pkey  (cost=0.00..21.66 rows=923 width=0)
	              Index Cond: ((id >= 2544110) AND (id <= 2545109))

table 6 : explain SELECT c FROM sbtest6 WHERE id BETWEEN 2996476 AND 2997475 ORDER BY c
	Sort  (cost=3548.07..3550.34 rows=905 width=121)
	  Sort Key: c
	  ->  Bitmap Heap Scan on sbtest6  (cost=21.71..3503.63 rows=905 width=121)
	        Recheck Cond: ((id >= 2996476) AND (id <= 2997475))
	        ->  Bitmap Index Scan on sbtest6_pkey  (cost=0.00..21.48 rows=905 width=0)
	              Index Cond: ((id >= 2996476) AND (id <= 2997475))

table 7 : explain SELECT c FROM sbtest7 WHERE id BETWEEN 4745816 AND 4746815 ORDER BY c
	Sort  (cost=4405.86..4408.68 rows=1129 width=121)
	  Sort Key: c
	  ->  Bitmap Heap Scan on sbtest7  (cost=28.01..4348.62 rows=1129 width=121)
	        Recheck Cond: ((id >= 4745816) AND (id <= 4746815))
	        ->  Bitmap Index Scan on sbtest7_pkey  (cost=0.00..27.72 rows=1129 width=0)
	              Index Cond: ((id >= 4745816) AND (id <= 4746815))

table 8 : explain SELECT c FROM sbtest8 WHERE id BETWEEN 5158487 AND 5159486 ORDER BY c
	Sort  (cost=3752.15..3754.54 rows=958 width=121)
	  Sort Key: c
	  ->  Bitmap Heap Scan on sbtest8  (cost=22.25..3704.71 rows=958 width=121)
	        Recheck Cond: ((id >= 5158487) AND (id <= 5159486))
	        ->  Bitmap Index Scan on sbtest8_pkey  (cost=0.00..22.01 rows=958 width=0)
	              Index Cond: ((id >= 5158487) AND (id <= 5159486))

for: order_ranges
table 1 : explain SELECT c FROM sbtest1 WHERE id BETWEEN 4751278 AND 4752277 ORDER BY c
	Sort  (cost=4027.88..4030.46 rows=1031 width=121)
	  Sort Key: c
	  ->  Bitmap Heap Scan on sbtest1  (cost=23.00..3976.28 rows=1031 width=121)
	        Recheck Cond: ((id >= 4751278) AND (id <= 4752277))
	        ->  Bitmap Index Scan on sbtest1_pkey  (cost=0.00..22.75 rows=1031 width=0)
	              Index Cond: ((id >= 4751278) AND (id <= 4752277))

table 2 : explain SELECT c FROM sbtest2 WHERE id BETWEEN 7976152 AND 7977151 ORDER BY c
	Sort  (cost=3750.02..3752.41 rows=958 width=121)
	  Sort Key: c
	  ->  Bitmap Heap Scan on sbtest2  (cost=22.25..3702.58 rows=958 width=121)
	        Recheck Cond: ((id >= 7976152) AND (id <= 7977151))
	        ->  Bitmap Index Scan on sbtest2_pkey  (cost=0.00..22.01 rows=958 width=0)
	              Index Cond: ((id >= 7976152) AND (id <= 7977151))

table 3 : explain SELECT c FROM sbtest3 WHERE id BETWEEN 9666056 AND 9667055 ORDER BY c
	Sort  (cost=4052.12..4054.71 rows=1037 width=121)
	  Sort Key: c
	  ->  Bitmap Heap Scan on sbtest3  (cost=23.06..4000.17 rows=1037 width=121)
	        Recheck Cond: ((id >= 9666056) AND (id <= 9667055))
	        ->  Bitmap Index Scan on sbtest3_pkey  (cost=0.00..22.80 rows=1037 width=0)
	              Index Cond: ((id >= 9666056) AND (id <= 9667055))

table 4 : explain SELECT c FROM sbtest4 WHERE id BETWEEN 8213623 AND 8214622 ORDER BY c
	Sort  (cost=4152.60..4155.25 rows=1063 width=121)
	  Sort Key: c
	  ->  Bitmap Heap Scan on sbtest4  (cost=23.33..4099.16 rows=1063 width=121)
	        Recheck Cond: ((id >= 8213623) AND (id <= 8214622))
	        ->  Bitmap Index Scan on sbtest4_pkey  (cost=0.00..23.07 rows=1063 width=0)
	              Index Cond: ((id >= 8213623) AND (id <= 8214622))

table 5 : explain SELECT c FROM sbtest5 WHERE id BETWEEN 6982978 AND 6983977 ORDER BY c
	Sort  (cost=3862.18..3864.65 rows=987 width=121)
	  Sort Key: c
	  ->  Bitmap Heap Scan on sbtest5  (cost=22.55..3813.09 rows=987 width=121)
	        Recheck Cond: ((id >= 6982978) AND (id <= 6983977))
	        ->  Bitmap Index Scan on sbtest5_pkey  (cost=0.00..22.30 rows=987 width=0)
	              Index Cond: ((id >= 6982978) AND (id <= 6983977))

table 6 : explain SELECT c FROM sbtest6 WHERE id BETWEEN 5302308 AND 5303307 ORDER BY c
	Sort  (cost=3709.10..3711.47 rows=947 width=121)
	  Sort Key: c
	  ->  Bitmap Heap Scan on sbtest6  (cost=22.14..3662.28 rows=947 width=121)
	        Recheck Cond: ((id >= 5302308) AND (id <= 5303307))
	        ->  Bitmap Index Scan on sbtest6_pkey  (cost=0.00..21.90 rows=947 width=0)
	              Index Cond: ((id >= 5302308) AND (id <= 5303307))

table 7 : explain SELECT c FROM sbtest7 WHERE id BETWEEN 7548574 AND 7549573 ORDER BY c
	Sort  (cost=3985.67..3988.21 rows=1019 width=121)
	  Sort Key: c
	  ->  Bitmap Heap Scan on sbtest7  (cost=22.88..3934.75 rows=1019 width=121)
	        Recheck Cond: ((id >= 7548574) AND (id <= 7549573))
	        ->  Bitmap Index Scan on sbtest7_pkey  (cost=0.00..22.62 rows=1019 width=0)
	              Index Cond: ((id >= 7548574) AND (id <= 7549573))

table 8 : explain SELECT c FROM sbtest8 WHERE id BETWEEN 8893422 AND 8894421 ORDER BY c
	Sort  (cost=3621.81..3624.12 rows=924 width=121)
	  Sort Key: c
	  ->  Bitmap Heap Scan on sbtest8  (cost=21.91..3576.29 rows=924 width=121)
	        Recheck Cond: ((id >= 8893422) AND (id <= 8894421))
	        ->  Bitmap Index Scan on sbtest8_pkey  (cost=0.00..21.68 rows=924 width=0)
	              Index Cond: ((id >= 8893422) AND (id <= 8894421))

for point_selects
table 1 : explain SELECT c FROM sbtest1 WHERE id=9801357
	Index Scan using sbtest1_pkey on sbtest1  (cost=0.43..8.45 rows=1 width=121)
	  Index Cond: (id = 9801357)

table 2 : explain SELECT c FROM sbtest2 WHERE id=2156625
	Index Scan using sbtest2_pkey on sbtest2  (cost=0.43..8.45 rows=1 width=121)
	  Index Cond: (id = 2156625)

table 3 : explain SELECT c FROM sbtest3 WHERE id=4102910
	Index Scan using sbtest3_pkey on sbtest3  (cost=0.43..8.45 rows=1 width=121)
	  Index Cond: (id = 4102910)

table 4 : explain SELECT c FROM sbtest4 WHERE id=2757820
	Index Scan using sbtest4_pkey on sbtest4  (cost=0.43..8.45 rows=1 width=121)
	  Index Cond: (id = 2757820)

table 5 : explain SELECT c FROM sbtest5 WHERE id=8248656
	Index Scan using sbtest5_pkey on sbtest5  (cost=0.43..8.45 rows=1 width=121)
	  Index Cond: (id = 8248656)

table 6 : explain SELECT c FROM sbtest6 WHERE id=7293794
	Index Scan using sbtest6_pkey on sbtest6  (cost=0.43..8.45 rows=1 width=121)
	  Index Cond: (id = 7293794)

table 7 : explain SELECT c FROM sbtest7 WHERE id=5627952
	Index Scan using sbtest7_pkey on sbtest7  (cost=0.43..8.45 rows=1 width=121)
	  Index Cond: (id = 5627952)

table 8 : explain SELECT c FROM sbtest8 WHERE id=6708156
	Index Scan using sbtest8_pkey on sbtest8  (cost=0.43..8.45 rows=1 width=121)
	  Index Cond: (id = 6708156)

for point_selects
table 1 : explain SELECT c FROM sbtest1 WHERE id=1587719
	Index Scan using sbtest1_pkey on sbtest1  (cost=0.43..8.45 rows=1 width=121)
	  Index Cond: (id = 1587719)

table 2 : explain SELECT c FROM sbtest2 WHERE id=5781423
	Index Scan using sbtest2_pkey on sbtest2  (cost=0.43..8.45 rows=1 width=121)
	  Index Cond: (id = 5781423)

table 3 : explain SELECT c FROM sbtest3 WHERE id=8111296
	Index Scan using sbtest3_pkey on sbtest3  (cost=0.43..8.45 rows=1 width=121)
	  Index Cond: (id = 8111296)

table 4 : explain SELECT c FROM sbtest4 WHERE id=869838
	Index Scan using sbtest4_pkey on sbtest4  (cost=0.43..8.45 rows=1 width=121)
	  Index Cond: (id = 869838)

table 5 : explain SELECT c FROM sbtest5 WHERE id=4569069
	Index Scan using sbtest5_pkey on sbtest5  (cost=0.43..8.45 rows=1 width=121)
	  Index Cond: (id = 4569069)

table 6 : explain SELECT c FROM sbtest6 WHERE id=398452
	Index Scan using sbtest6_pkey on sbtest6  (cost=0.43..8.45 rows=1 width=121)
	  Index Cond: (id = 398452)

table 7 : explain SELECT c FROM sbtest7 WHERE id=4979707
	Index Scan using sbtest7_pkey on sbtest7  (cost=0.43..8.45 rows=1 width=121)
	  Index Cond: (id = 4979707)

table 8 : explain SELECT c FROM sbtest8 WHERE id=1967776
	Index Scan using sbtest8_pkey on sbtest8  (cost=0.43..8.45 rows=1 width=121)
	  Index Cond: (id = 1967776)

for: distinct_ranges
table 1 : explain SELECT DISTINCT c FROM sbtest1 WHERE id BETWEEN 2281404 AND 2282403 ORDER BY c
	Unique  (cost=3783.33..3788.17 rows=967 width=121)
	  ->  Sort  (cost=3783.33..3785.75 rows=967 width=121)
	        Sort Key: c
	        ->  Bitmap Heap Scan on sbtest1  (cost=22.35..3735.38 rows=967 width=121)
	              Recheck Cond: ((id >= 2281404) AND (id <= 2282403))
	              ->  Bitmap Index Scan on sbtest1_pkey  (cost=0.00..22.11 rows=967 width=0)
	                    Index Cond: ((id >= 2281404) AND (id <= 2282403))

table 2 : explain SELECT DISTINCT c FROM sbtest2 WHERE id BETWEEN 5492047 AND 5493046 ORDER BY c
	Unique  (cost=4258.06..4263.51 rows=1091 width=121)
	  ->  Sort  (cost=4258.06..4260.79 rows=1091 width=121)
	        Sort Key: c
	        ->  Bitmap Heap Scan on sbtest2  (cost=23.62..4203.01 rows=1091 width=121)
	              Recheck Cond: ((id >= 5492047) AND (id <= 5493046))
	              ->  Bitmap Index Scan on sbtest2_pkey  (cost=0.00..23.34 rows=1091 width=0)
	                    Index Cond: ((id >= 5492047) AND (id <= 5493046))

table 3 : explain SELECT DISTINCT c FROM sbtest3 WHERE id BETWEEN 3538994 AND 3539993 ORDER BY c
	Unique  (cost=3719.46..3724.21 rows=950 width=121)
	  ->  Sort  (cost=3719.46..3721.83 rows=950 width=121)
	        Sort Key: c
	        ->  Bitmap Heap Scan on sbtest3  (cost=22.17..3672.47 rows=950 width=121)
	              Recheck Cond: ((id >= 3538994) AND (id <= 3539993))
	              ->  Bitmap Index Scan on sbtest3_pkey  (cost=0.00..21.93 rows=950 width=0)
	                    Index Cond: ((id >= 3538994) AND (id <= 3539993))

table 4 : explain SELECT DISTINCT c FROM sbtest4 WHERE id BETWEEN 9103662 AND 9104661 ORDER BY c
	Unique  (cost=3712.84..3717.58 rows=948 width=121)
	  ->  Sort  (cost=3712.84..3715.21 rows=948 width=121)
	        Sort Key: c
	        ->  Bitmap Heap Scan on sbtest4  (cost=22.15..3665.97 rows=948 width=121)
	              Recheck Cond: ((id >= 9103662) AND (id <= 9104661))
	              ->  Bitmap Index Scan on sbtest4_pkey  (cost=0.00..21.91 rows=948 width=0)
	                    Index Cond: ((id >= 9103662) AND (id <= 9104661))

table 5 : explain SELECT DISTINCT c FROM sbtest5 WHERE id BETWEEN 8402365 AND 8403364 ORDER BY c
	Unique  (cost=3540.34..3544.86 rows=903 width=121)
	  ->  Sort  (cost=3540.34..3542.60 rows=903 width=121)
	        Sort Key: c
	        ->  Bitmap Heap Scan on sbtest5  (cost=21.69..3496.01 rows=903 width=121)
	              Recheck Cond: ((id >= 8402365) AND (id <= 8403364))
	              ->  Bitmap Index Scan on sbtest5_pkey  (cost=0.00..21.46 rows=903 width=0)
	                    Index Cond: ((id >= 8402365) AND (id <= 8403364))

table 6 : explain SELECT DISTINCT c FROM sbtest6 WHERE id BETWEEN 3047357 AND 3048356 ORDER BY c
	Unique  (cost=3548.07..3552.60 rows=905 width=121)
	  ->  Sort  (cost=3548.07..3550.34 rows=905 width=121)
	        Sort Key: c
	        ->  Bitmap Heap Scan on sbtest6  (cost=21.71..3503.63 rows=905 width=121)
	              Recheck Cond: ((id >= 3047357) AND (id <= 3048356))
	              ->  Bitmap Index Scan on sbtest6_pkey  (cost=0.00..21.48 rows=905 width=0)
	                    Index Cond: ((id >= 3047357) AND (id <= 3048356))

table 7 : explain SELECT DISTINCT c FROM sbtest7 WHERE id BETWEEN 7253887 AND 7254886 ORDER BY c
	Unique  (cost=4218.89..4224.29 rows=1079 width=121)
	  ->  Sort  (cost=4218.89..4221.59 rows=1079 width=121)
	        Sort Key: c
	        ->  Bitmap Heap Scan on sbtest7  (cost=27.49..4164.53 rows=1079 width=121)
	              Recheck Cond: ((id >= 7253887) AND (id <= 7254886))
	              ->  Bitmap Index Scan on sbtest7_pkey  (cost=0.00..27.22 rows=1079 width=0)
	                    Index Cond: ((id >= 7253887) AND (id <= 7254886))

table 8 : explain SELECT DISTINCT c FROM sbtest8 WHERE id BETWEEN 2238802 AND 2239801 ORDER BY c
	Unique  (cost=3958.86..3963.92 rows=1012 width=121)
	  ->  Sort  (cost=3958.86..3961.39 rows=1012 width=121)
	        Sort Key: c
	        ->  Bitmap Heap Scan on sbtest8  (cost=22.81..3908.35 rows=1012 width=121)
	              Recheck Cond: ((id >= 2238802) AND (id <= 2239801))
	              ->  Bitmap Index Scan on sbtest8_pkey  (cost=0.00..22.55 rows=1012 width=0)
	                    Index Cond: ((id >= 2238802) AND (id <= 2239801))

explain: for point_selects :: explain SELECT c FROM sbtest%u WHERE id=%u
for: distinct_ranges
table 1 : explain SELECT DISTINCT c FROM sbtest1 WHERE id BETWEEN 9996492 AND 9997491 ORDER BY c
	Unique  (cost=3928.60..3933.62 rows=1005 width=121)
	  ->  Sort  (cost=3928.60..3931.11 rows=1005 width=121)
	        Sort Key: c
	        ->  Bitmap Heap Scan on sbtest1  (cost=22.74..3878.48 rows=1005 width=121)
	              Recheck Cond: ((id >= 9996492) AND (id <= 9997491))
	              ->  Bitmap Index Scan on sbtest1_pkey  (cost=0.00..22.48 rows=1005 width=0)
	                    Index Cond: ((id >= 9996492) AND (id <= 9997491))

table 2 : explain SELECT DISTINCT c FROM sbtest2 WHERE id BETWEEN 5229608 AND 5230607 ORDER BY c
	Unique  (cost=3929.80..3934.82 rows=1005 width=121)
	  ->  Sort  (cost=3929.80..3932.31 rows=1005 width=121)
	        Sort Key: c
	        ->  Bitmap Heap Scan on sbtest2  (cost=22.74..3879.68 rows=1005 width=121)
	              Recheck Cond: ((id >= 5229608) AND (id <= 5230607))
	              ->  Bitmap Index Scan on sbtest2_pkey  (cost=0.00..22.48 rows=1005 width=0)
	                    Index Cond: ((id >= 5229608) AND (id <= 5230607))

table 3 : explain SELECT DISTINCT c FROM sbtest3 WHERE id BETWEEN 1668886 AND 1669885 ORDER BY c
	Unique  (cost=3692.65..3697.36 rows=943 width=121)
	  ->  Sort  (cost=3692.65..3695.01 rows=943 width=121)
	        Sort Key: c
	        ->  Bitmap Heap Scan on sbtest3  (cost=22.10..3646.06 rows=943 width=121)
	              Recheck Cond: ((id >= 1668886) AND (id <= 1669885))
	              ->  Bitmap Index Scan on sbtest3_pkey  (cost=0.00..21.86 rows=943 width=0)
	                    Index Cond: ((id >= 1668886) AND (id <= 1669885))

table 4 : explain SELECT DISTINCT c FROM sbtest4 WHERE id BETWEEN 1602213 AND 1603212 ORDER BY c
	Unique  (cost=3900.41..3905.40 rows=997 width=121)
	  ->  Sort  (cost=3900.41..3902.90 rows=997 width=121)
	        Sort Key: c
	        ->  Bitmap Heap Scan on sbtest4  (cost=22.65..3850.75 rows=997 width=121)
	              Recheck Cond: ((id >= 1602213) AND (id <= 1603212))
	              ->  Bitmap Index Scan on sbtest4_pkey  (cost=0.00..22.40 rows=997 width=0)
	                    Index Cond: ((id >= 1602213) AND (id <= 1603212))

table 5 : explain SELECT DISTINCT c FROM sbtest5 WHERE id BETWEEN 1739200 AND 1740199 ORDER BY c
	Unique  (cost=3877.48..3882.44 rows=991 width=121)
	  ->  Sort  (cost=3877.48..3879.96 rows=991 width=121)
	        Sort Key: c
	        ->  Bitmap Heap Scan on sbtest5  (cost=22.59..3828.17 rows=991 width=121)
	              Recheck Cond: ((id >= 1739200) AND (id <= 1740199))
	              ->  Bitmap Index Scan on sbtest5_pkey  (cost=0.00..22.34 rows=991 width=0)
	                    Index Cond: ((id >= 1739200) AND (id <= 1740199))

table 6 : explain SELECT DISTINCT c FROM sbtest6 WHERE id BETWEEN 3966411 AND 3967410 ORDER BY c
	Unique  (cost=4015.21..4020.34 rows=1027 width=121)
	  ->  Sort  (cost=4015.21..4017.77 rows=1027 width=121)
	        Sort Key: c
	        ->  Bitmap Heap Scan on sbtest6  (cost=22.96..3963.83 rows=1027 width=121)
	              Recheck Cond: ((id >= 3966411) AND (id <= 3967410))
	              ->  Bitmap Index Scan on sbtest6_pkey  (cost=0.00..22.70 rows=1027 width=0)
	                    Index Cond: ((id >= 3966411) AND (id <= 3967410))

table 7 : explain SELECT DISTINCT c FROM sbtest7 WHERE id BETWEEN 6049966 AND 6050965 ORDER BY c
	Unique  (cost=3878.55..3883.50 rows=991 width=121)
	  ->  Sort  (cost=3878.55..3881.03 rows=991 width=121)
	        Sort Key: c
	        ->  Bitmap Heap Scan on sbtest7  (cost=22.59..3829.23 rows=991 width=121)
	              Recheck Cond: ((id >= 6049966) AND (id <= 6050965))
	              ->  Bitmap Index Scan on sbtest7_pkey  (cost=0.00..22.34 rows=991 width=0)
	                    Index Cond: ((id >= 6049966) AND (id <= 6050965))

table 8 : explain SELECT DISTINCT c FROM sbtest8 WHERE id BETWEEN 5967624 AND 5968623 ORDER BY c
	Unique  (cost=3955.03..3960.09 rows=1011 width=121)
	  ->  Sort  (cost=3955.03..3957.56 rows=1011 width=121)
	        Sort Key: c
	        ->  Bitmap Heap Scan on sbtest8  (cost=22.80..3904.58 rows=1011 width=121)
	              Recheck Cond: ((id >= 5967624) AND (id <= 5968623))
	              ->  Bitmap Index Scan on sbtest8_pkey  (cost=0.00..22.54 rows=1011 width=0)
	                    Index Cond: ((id >= 5967624) AND (id <= 5968623))

for: order_ranges
table 1 : explain SELECT c FROM sbtest1 WHERE id BETWEEN 6782824 AND 6783823 ORDER BY c
	Sort  (cost=4043.15..4045.74 rows=1035 width=121)
	  Sort Key: c
	  ->  Bitmap Heap Scan on sbtest1  (cost=23.04..3991.32 rows=1035 width=121)
	        Recheck Cond: ((id >= 6782824) AND (id <= 6783823))
	        ->  Bitmap Index Scan on sbtest1_pkey  (cost=0.00..22.79 rows=1035 width=0)
	              Index Cond: ((id >= 6782824) AND (id <= 6783823))

table 2 : explain SELECT c FROM sbtest2 WHERE id BETWEEN 8260185 AND 8261184 ORDER BY c
	Sort  (cost=3673.43..3675.78 rows=938 width=121)
	  Sort Key: c
	  ->  Bitmap Heap Scan on sbtest2  (cost=22.05..3627.13 rows=938 width=121)
	        Recheck Cond: ((id >= 8260185) AND (id <= 8261184))
	        ->  Bitmap Index Scan on sbtest2_pkey  (cost=0.00..21.82 rows=938 width=0)
	              Index Cond: ((id >= 8260185) AND (id <= 8261184))

table 3 : explain SELECT c FROM sbtest3 WHERE id BETWEEN 744589 AND 745588 ORDER BY c
	Sort  (cost=3906.93..3909.43 rows=999 width=121)
	  Sort Key: c
	  ->  Bitmap Heap Scan on sbtest3  (cost=22.67..3857.16 rows=999 width=121)
	        Recheck Cond: ((id >= 744589) AND (id <= 745588))
	        ->  Bitmap Index Scan on sbtest3_pkey  (cost=0.00..22.43 rows=999 width=0)
	              Index Cond: ((id >= 744589) AND (id <= 745588))

table 4 : explain SELECT c FROM sbtest4 WHERE id BETWEEN 9431529 AND 9432528 ORDER BY c
	Sort  (cost=3950.13..3952.65 rows=1010 width=121)
	  Sort Key: c
	  ->  Bitmap Heap Scan on sbtest4  (cost=22.79..3899.73 rows=1010 width=121)
	        Recheck Cond: ((id >= 9431529) AND (id <= 9432528))
	        ->  Bitmap Index Scan on sbtest4_pkey  (cost=0.00..22.54 rows=1010 width=0)
	              Index Cond: ((id >= 9431529) AND (id <= 9432528))

table 5 : explain SELECT c FROM sbtest5 WHERE id BETWEEN 6371675 AND 6372674 ORDER BY c
	Sort  (cost=3651.55..3653.88 rows=932 width=121)
	  Sort Key: c
	  ->  Bitmap Heap Scan on sbtest5  (cost=21.99..3605.58 rows=932 width=121)
	        Recheck Cond: ((id >= 6371675) AND (id <= 6372674))
	        ->  Bitmap Index Scan on sbtest5_pkey  (cost=0.00..21.75 rows=932 width=0)
	              Index Cond: ((id >= 6371675) AND (id <= 6372674))

table 6 : explain SELECT c FROM sbtest6 WHERE id BETWEEN 2628309 AND 2629308 ORDER BY c
	Sort  (cost=3954.05..3956.57 rows=1011 width=121)
	  Sort Key: c
	  ->  Bitmap Heap Scan on sbtest6  (cost=22.80..3903.59 rows=1011 width=121)
	        Recheck Cond: ((id >= 2628309) AND (id <= 2629308))
	        ->  Bitmap Index Scan on sbtest6_pkey  (cost=0.00..22.54 rows=1011 width=0)
	              Index Cond: ((id >= 2628309) AND (id <= 2629308))

table 7 : explain SELECT c FROM sbtest7 WHERE id BETWEEN 6453531 AND 6454530 ORDER BY c
	Sort  (cost=4134.71..4137.36 rows=1058 width=121)
	  Sort Key: c
	  ->  Bitmap Heap Scan on sbtest7  (cost=23.28..4081.56 rows=1058 width=121)
	        Recheck Cond: ((id >= 6453531) AND (id <= 6454530))
	        ->  Bitmap Index Scan on sbtest7_pkey  (cost=0.00..23.01 rows=1058 width=0)
	              Index Cond: ((id >= 6453531) AND (id <= 6454530))

table 8 : explain SELECT c FROM sbtest8 WHERE id BETWEEN 6968649 AND 6969648 ORDER BY c
	Sort  (cost=3487.49..3489.71 rows=889 width=121)
	  Sort Key: c
	  ->  Bitmap Heap Scan on sbtest8  (cost=21.55..3443.94 rows=889 width=121)
	        Recheck Cond: ((id >= 6968649) AND (id <= 6969648))
	        ->  Bitmap Index Scan on sbtest8_pkey  (cost=0.00..21.32 rows=889 width=0)
	              Index Cond: ((id >= 6968649) AND (id <= 6969648))

for: order_ranges
table 1 : explain SELECT c FROM sbtest1 WHERE id BETWEEN 6887476 AND 6888475 ORDER BY c
	Sort  (cost=4477.76..4480.63 rows=1149 width=121)
	  Sort Key: c
	  ->  Bitmap Heap Scan on sbtest1  (cost=28.21..4419.36 rows=1149 width=121)
	        Recheck Cond: ((id >= 6887476) AND (id <= 6888475))
	        ->  Bitmap Index Scan on sbtest1_pkey  (cost=0.00..27.93 rows=1149 width=0)
	              Index Cond: ((id >= 6887476) AND (id <= 6888475))

table 2 : explain SELECT c FROM sbtest2 WHERE id BETWEEN 2835620 AND 2836619 ORDER BY c
	Sort  (cost=4323.12..4325.89 rows=1108 width=121)
	  Sort Key: c
	  ->  Bitmap Heap Scan on sbtest2  (cost=27.79..4267.09 rows=1108 width=121)
	        Recheck Cond: ((id >= 2835620) AND (id <= 2836619))
	        ->  Bitmap Index Scan on sbtest2_pkey  (cost=0.00..27.51 rows=1108 width=0)
	              Index Cond: ((id >= 2835620) AND (id <= 2836619))

table 3 : explain SELECT c FROM sbtest3 WHERE id BETWEEN 5921802 AND 5922801 ORDER BY c
	Sort  (cost=3971.90..3974.44 rows=1016 width=121)
	  Sort Key: c
	  ->  Bitmap Heap Scan on sbtest3  (cost=22.85..3921.16 rows=1016 width=121)
	        Recheck Cond: ((id >= 5921802) AND (id <= 5922801))
	        ->  Bitmap Index Scan on sbtest3_pkey  (cost=0.00..22.59 rows=1016 width=0)
	              Index Cond: ((id >= 5921802) AND (id <= 5922801))

table 4 : explain SELECT c FROM sbtest4 WHERE id BETWEEN 9415884 AND 9416883 ORDER BY c
	Sort  (cost=3950.13..3952.65 rows=1010 width=121)
	  Sort Key: c
	  ->  Bitmap Heap Scan on sbtest4  (cost=22.79..3899.73 rows=1010 width=121)
	        Recheck Cond: ((id >= 9415884) AND (id <= 9416883))
	        ->  Bitmap Index Scan on sbtest4_pkey  (cost=0.00..22.54 rows=1010 width=0)
	              Index Cond: ((id >= 9415884) AND (id <= 9416883))

table 5 : explain SELECT c FROM sbtest5 WHERE id BETWEEN 7558789 AND 7559788 ORDER BY c
	Sort  (cost=4049.52..4052.11 rows=1036 width=121)
	  Sort Key: c
	  ->  Bitmap Heap Scan on sbtest5  (cost=23.05..3997.63 rows=1036 width=121)
	        Recheck Cond: ((id >= 7558789) AND (id <= 7559788))
	        ->  Bitmap Index Scan on sbtest5_pkey  (cost=0.00..22.79 rows=1036 width=0)
	              Index Cond: ((id >= 7558789) AND (id <= 7559788))

table 6 : explain SELECT c FROM sbtest6 WHERE id BETWEEN 5979820 AND 5980819 ORDER BY c
	Sort  (cost=4374.17..4376.98 rows=1121 width=121)
	  Sort Key: c
	  ->  Bitmap Heap Scan on sbtest6  (cost=27.93..4317.39 rows=1121 width=121)
	        Recheck Cond: ((id >= 5979820) AND (id <= 5980819))
	        ->  Bitmap Index Scan on sbtest6_pkey  (cost=0.00..27.64 rows=1121 width=0)
	              Index Cond: ((id >= 5979820) AND (id <= 5980819))

table 7 : explain SELECT c FROM sbtest7 WHERE id BETWEEN 9764042 AND 9765041 ORDER BY c
	Sort  (cost=4050.66..4053.25 rows=1036 width=121)
	  Sort Key: c
	  ->  Bitmap Heap Scan on sbtest7  (cost=23.05..3998.77 rows=1036 width=121)
	        Recheck Cond: ((id >= 9764042) AND (id <= 9765041))
	        ->  Bitmap Index Scan on sbtest7_pkey  (cost=0.00..22.79 rows=1036 width=0)
	              Index Cond: ((id >= 9764042) AND (id <= 9765041))

table 8 : explain SELECT c FROM sbtest8 WHERE id BETWEEN 502704 AND 503703 ORDER BY c
	Sort  (cost=3732.99..3735.37 rows=953 width=121)
	  Sort Key: c
	  ->  Bitmap Heap Scan on sbtest8  (cost=22.20..3685.83 rows=953 width=121)
	        Recheck Cond: ((id >= 502704) AND (id <= 503703))
	        ->  Bitmap Index Scan on sbtest8_pkey  (cost=0.00..21.96 rows=953 width=0)
	              Index Cond: ((id >= 502704) AND (id <= 503703))

for: simple_ranges
table 1 : explain SELECT c FROM sbtest1 WHERE id BETWEEN 8409581 AND 8410580
	Bitmap Heap Scan on sbtest1  (cost=22.73..3874.72 rows=1004 width=121)
	  Recheck Cond: ((id >= 8409581) AND (id <= 8410580))
	  ->  Bitmap Index Scan on sbtest1_pkey  (cost=0.00..22.47 rows=1004 width=0)
	        Index Cond: ((id >= 8409581) AND (id <= 8410580))

table 2 : explain SELECT c FROM sbtest2 WHERE id BETWEEN 9394250 AND 9395249
	Bitmap Heap Scan on sbtest2  (cost=23.15..4030.18 rows=1045 width=121)
	  Recheck Cond: ((id >= 9394250) AND (id <= 9395249))
	  ->  Bitmap Index Scan on sbtest2_pkey  (cost=0.00..22.89 rows=1045 width=0)
	        Index Cond: ((id >= 9394250) AND (id <= 9395249))

table 3 : explain SELECT c FROM sbtest3 WHERE id BETWEEN 2021600 AND 2022599
	Bitmap Heap Scan on sbtest3  (cost=22.61..3834.56 rows=993 width=121)
	  Recheck Cond: ((id >= 2021600) AND (id <= 2022599))
	  ->  Bitmap Index Scan on sbtest3_pkey  (cost=0.00..22.36 rows=993 width=0)
	        Index Cond: ((id >= 2021600) AND (id <= 2022599))

table 4 : explain SELECT c FROM sbtest4 WHERE id BETWEEN 1313361 AND 1314360
	Bitmap Heap Scan on sbtest4  (cost=22.03..3620.67 rows=936 width=121)
	  Recheck Cond: ((id >= 1313361) AND (id <= 1314360))
	  ->  Bitmap Index Scan on sbtest4_pkey  (cost=0.00..21.79 rows=936 width=0)
	        Index Cond: ((id >= 1313361) AND (id <= 1314360))

table 5 : explain SELECT c FROM sbtest5 WHERE id BETWEEN 9690036 AND 9691035
	Bitmap Heap Scan on sbtest5  (cost=21.60..3461.98 rows=894 width=121)
	  Recheck Cond: ((id >= 9690036) AND (id <= 9691035))
	  ->  Bitmap Index Scan on sbtest5_pkey  (cost=0.00..21.37 rows=894 width=0)
	        Index Cond: ((id >= 9690036) AND (id <= 9691035))

table 6 : explain SELECT c FROM sbtest6 WHERE id BETWEEN 8303358 AND 8304357
	Bitmap Heap Scan on sbtest6  (cost=23.20..4050.38 rows=1050 width=121)
	  Recheck Cond: ((id >= 8303358) AND (id <= 8304357))
	  ->  Bitmap Index Scan on sbtest6_pkey  (cost=0.00..22.93 rows=1050 width=0)
	        Index Cond: ((id >= 8303358) AND (id <= 8304357))

table 7 : explain SELECT c FROM sbtest7 WHERE id BETWEEN 161172 AND 162171
	Bitmap Heap Scan on sbtest7  (cost=22.97..3968.65 rows=1028 width=121)
	  Recheck Cond: ((id >= 161172) AND (id <= 162171))
	  ->  Bitmap Index Scan on sbtest7_pkey  (cost=0.00..22.71 rows=1028 width=0)
	        Index Cond: ((id >= 161172) AND (id <= 162171))

table 8 : explain SELECT c FROM sbtest8 WHERE id BETWEEN 1715372 AND 1716371
	Bitmap Heap Scan on sbtest8  (cost=22.11..3651.85 rows=944 width=121)
	  Recheck Cond: ((id >= 1715372) AND (id <= 1716371))
	  ->  Bitmap Index Scan on sbtest8_pkey  (cost=0.00..21.87 rows=944 width=0)
	        Index Cond: ((id >= 1715372) AND (id <= 1716371))

for: order_ranges
table 1 : explain SELECT c FROM sbtest1 WHERE id BETWEEN 7163353 AND 7164352 ORDER BY c
	Sort  (cost=4191.91..4194.60 rows=1074 width=121)
	  Sort Key: c
	  ->  Bitmap Heap Scan on sbtest1  (cost=23.44..4137.84 rows=1074 width=121)
	        Recheck Cond: ((id >= 7163353) AND (id <= 7164352))
	        ->  Bitmap Index Scan on sbtest1_pkey  (cost=0.00..23.18 rows=1074 width=0)
	              Index Cond: ((id >= 7163353) AND (id <= 7164352))

table 2 : explain SELECT c FROM sbtest2 WHERE id BETWEEN 335543 AND 336542 ORDER BY c
	Sort  (cost=4097.86..4100.48 rows=1049 width=121)
	  Sort Key: c
	  ->  Bitmap Heap Scan on sbtest2  (cost=23.19..4045.22 rows=1049 width=121)
	        Recheck Cond: ((id >= 335543) AND (id <= 336542))
	        ->  Bitmap Index Scan on sbtest2_pkey  (cost=0.00..22.93 rows=1049 width=0)
	              Index Cond: ((id >= 335543) AND (id <= 336542))

table 3 : explain SELECT c FROM sbtest3 WHERE id BETWEEN 2115005 AND 2116004 ORDER BY c
	Sort  (cost=4178.06..4180.73 rows=1070 width=121)
	  Sort Key: c
	  ->  Bitmap Heap Scan on sbtest3  (cost=23.40..4124.22 rows=1070 width=121)
	        Recheck Cond: ((id >= 2115005) AND (id <= 2116004))
	        ->  Bitmap Index Scan on sbtest3_pkey  (cost=0.00..23.14 rows=1070 width=0)
	              Index Cond: ((id >= 2115005) AND (id <= 2116004))

table 4 : explain SELECT c FROM sbtest4 WHERE id BETWEEN 8953108 AND 8954107 ORDER BY c
	Sort  (cost=3988.35..3990.90 rows=1020 width=121)
	  Sort Key: c
	  ->  Bitmap Heap Scan on sbtest4  (cost=22.89..3937.38 rows=1020 width=121)
	        Recheck Cond: ((id >= 8953108) AND (id <= 8954107))
	        ->  Bitmap Index Scan on sbtest4_pkey  (cost=0.00..22.64 rows=1020 width=0)
	              Index Cond: ((id >= 8953108) AND (id <= 8954107))

table 5 : explain SELECT c FROM sbtest5 WHERE id BETWEEN 3248887 AND 3249886 ORDER BY c
	Sort  (cost=4076.26..4078.87 rows=1043 width=121)
	  Sort Key: c
	  ->  Bitmap Heap Scan on sbtest5  (cost=23.13..4023.97 rows=1043 width=121)
	        Recheck Cond: ((id >= 3248887) AND (id <= 3249886))
	        ->  Bitmap Index Scan on sbtest5_pkey  (cost=0.00..22.86 rows=1043 width=0)
	              Index Cond: ((id >= 3248887) AND (id <= 3249886))

table 6 : explain SELECT c FROM sbtest6 WHERE id BETWEEN 3659961 AND 3660960 ORDER BY c
	Sort  (cost=3528.89..3531.14 rows=900 width=121)
	  Sort Key: c
	  ->  Bitmap Heap Scan on sbtest6  (cost=21.66..3484.73 rows=900 width=121)
	        Recheck Cond: ((id >= 3659961) AND (id <= 3660960))
	        ->  Bitmap Index Scan on sbtest6_pkey  (cost=0.00..21.43 rows=900 width=0)
	              Index Cond: ((id >= 3659961) AND (id <= 3660960))

table 7 : explain SELECT c FROM sbtest7 WHERE id BETWEEN 5839547 AND 5840546 ORDER BY c
	Sort  (cost=4054.48..4057.07 rows=1037 width=121)
	  Sort Key: c
	  ->  Bitmap Heap Scan on sbtest7  (cost=23.06..4002.53 rows=1037 width=121)
	        Recheck Cond: ((id >= 5839547) AND (id <= 5840546))
	        ->  Bitmap Index Scan on sbtest7_pkey  (cost=0.00..22.80 rows=1037 width=0)
	              Index Cond: ((id >= 5839547) AND (id <= 5840546))

table 8 : explain SELECT c FROM sbtest8 WHERE id BETWEEN 883453 AND 884452 ORDER BY c
	Sort  (cost=3836.41..3838.86 rows=980 width=121)
	  Sort Key: c
	  ->  Bitmap Heap Scan on sbtest8  (cost=22.48..3787.72 rows=980 width=121)
	        Recheck Cond: ((id >= 883453) AND (id <= 884452))
	        ->  Bitmap Index Scan on sbtest8_pkey  (cost=0.00..22.23 rows=980 width=0)
	              Index Cond: ((id >= 883453) AND (id <= 884452))

for: simple_ranges
table 1 : explain SELECT c FROM sbtest1 WHERE id BETWEEN 9356313 AND 9357312
	Bitmap Heap Scan on sbtest1  (cost=23.39..4119.07 rows=1069 width=121)
	  Recheck Cond: ((id >= 9356313) AND (id <= 9357312))
	  ->  Bitmap Index Scan on sbtest1_pkey  (cost=0.00..23.12 rows=1069 width=0)
	        Index Cond: ((id >= 9356313) AND (id <= 9357312))

table 2 : explain SELECT c FROM sbtest2 WHERE id BETWEEN 3741972 AND 3742971
	Bitmap Heap Scan on sbtest2  (cost=22.02..3615.80 rows=935 width=121)
	  Recheck Cond: ((id >= 3741972) AND (id <= 3742971))
	  ->  Bitmap Index Scan on sbtest2_pkey  (cost=0.00..21.79 rows=935 width=0)
	        Index Cond: ((id >= 3741972) AND (id <= 3742971))

table 3 : explain SELECT c FROM sbtest3 WHERE id BETWEEN 6585692 AND 6586691
	Bitmap Heap Scan on sbtest3  (cost=23.18..4041.54 rows=1048 width=121)
	  Recheck Cond: ((id >= 6585692) AND (id <= 6586691))
	  ->  Bitmap Index Scan on sbtest3_pkey  (cost=0.00..22.91 rows=1048 width=0)
	        Index Cond: ((id >= 6585692) AND (id <= 6586691))

table 4 : explain SELECT c FROM sbtest4 WHERE id BETWEEN 8317557 AND 8318556
	Bitmap Heap Scan on sbtest4  (cost=23.43..4136.75 rows=1073 width=121)
	  Recheck Cond: ((id >= 8317557) AND (id <= 8318556))
	  ->  Bitmap Index Scan on sbtest4_pkey  (cost=0.00..23.16 rows=1073 width=0)
	        Index Cond: ((id >= 8317557) AND (id <= 8318556))

table 5 : explain SELECT c FROM sbtest5 WHERE id BETWEEN 4312890 AND 4313889
	Bitmap Heap Scan on sbtest5  (cost=22.57..3820.63 rows=989 width=121)
	  Recheck Cond: ((id >= 4312890) AND (id <= 4313889))
	  ->  Bitmap Index Scan on sbtest5_pkey  (cost=0.00..22.32 rows=989 width=0)
	        Index Cond: ((id >= 4312890) AND (id <= 4313889))

table 6 : explain SELECT c FROM sbtest6 WHERE id BETWEEN 4038240 AND 4039239
	Bitmap Heap Scan on sbtest6  (cost=22.23..3696.25 rows=956 width=121)
	  Recheck Cond: ((id >= 4038240) AND (id <= 4039239))
	  ->  Bitmap Index Scan on sbtest6_pkey  (cost=0.00..22.00 rows=956 width=0)
	        Index Cond: ((id >= 4038240) AND (id <= 4039239))

table 7 : explain SELECT c FROM sbtest7 WHERE id BETWEEN 1541525 AND 1542524
	Bitmap Heap Scan on sbtest7  (cost=22.20..3685.87 rows=953 width=121)
	  Recheck Cond: ((id >= 1541525) AND (id <= 1542524))
	  ->  Bitmap Index Scan on sbtest7_pkey  (cost=0.00..21.96 rows=953 width=0)
	        Index Cond: ((id >= 1541525) AND (id <= 1542524))

table 8 : explain SELECT c FROM sbtest8 WHERE id BETWEEN 8385412 AND 8386411
	Bitmap Heap Scan on sbtest8  (cost=22.20..3685.83 rows=953 width=121)
	  Recheck Cond: ((id >= 8385412) AND (id <= 8386411))
	  ->  Bitmap Index Scan on sbtest8_pkey  (cost=0.00..21.96 rows=953 width=0)
	        Index Cond: ((id >= 8385412) AND (id <= 8386411))

explain: for point_selects :: explain SELECT c FROM sbtest%u WHERE id=%u
explain: for point_selects :: explain SELECT c FROM sbtest%u WHERE id=%u
for: distinct_ranges
table 1 : explain SELECT DISTINCT c FROM sbtest1 WHERE id BETWEEN 9454206 AND 9455205 ORDER BY c
	Unique  (cost=4092.76..4098.00 rows=1048 width=121)
	  ->  Sort  (cost=4092.76..4095.38 rows=1048 width=121)
	        Sort Key: c
	        ->  Bitmap Heap Scan on sbtest1  (cost=23.18..4040.18 rows=1048 width=121)
	              Recheck Cond: ((id >= 9454206) AND (id <= 9455205))
	              ->  Bitmap Index Scan on sbtest1_pkey  (cost=0.00..22.91 rows=1048 width=0)
	                    Index Cond: ((id >= 9454206) AND (id <= 9455205))

table 2 : explain SELECT DISTINCT c FROM sbtest2 WHERE id BETWEEN 1264407 AND 1265406 ORDER BY c
	Unique  (cost=3799.77..3804.63 rows=971 width=121)
	  ->  Sort  (cost=3799.77..3802.20 rows=971 width=121)
	        Sort Key: c
	        ->  Bitmap Heap Scan on sbtest2  (cost=22.39..3751.59 rows=971 width=121)
	              Recheck Cond: ((id >= 1264407) AND (id <= 1265406))
	              ->  Bitmap Index Scan on sbtest2_pkey  (cost=0.00..22.14 rows=971 width=0)
	                    Index Cond: ((id >= 1264407) AND (id <= 1265406))

table 3 : explain SELECT DISTINCT c FROM sbtest3 WHERE id BETWEEN 2314137 AND 2315136 ORDER BY c
	Unique  (cost=3646.68..3651.33 rows=931 width=121)
	  ->  Sort  (cost=3646.68..3649.01 rows=931 width=121)
	        Sort Key: c
	        ->  Bitmap Heap Scan on sbtest3  (cost=21.98..3600.77 rows=931 width=121)
	              Recheck Cond: ((id >= 2314137) AND (id <= 2315136))
	              ->  Bitmap Index Scan on sbtest3_pkey  (cost=0.00..21.75 rows=931 width=0)
	                    Index Cond: ((id >= 2314137) AND (id <= 2315136))

table 4 : explain SELECT DISTINCT c FROM sbtest4 WHERE id BETWEEN 4437820 AND 4438819 ORDER BY c
	Unique  (cost=3640.03..3644.67 rows=929 width=121)
	  ->  Sort  (cost=3640.03..3642.35 rows=929 width=121)
	        Sort Key: c
	        ->  Bitmap Heap Scan on sbtest4  (cost=21.96..3594.23 rows=929 width=121)
	              Recheck Cond: ((id >= 4437820) AND (id <= 4438819))
	              ->  Bitmap Index Scan on sbtest4_pkey  (cost=0.00..21.72 rows=929 width=0)
	                    Index Cond: ((id >= 4437820) AND (id <= 4438819))

table 5 : explain SELECT DISTINCT c FROM sbtest5 WHERE id BETWEEN 1475504 AND 1476503 ORDER BY c
	Unique  (cost=3862.18..3867.12 rows=987 width=121)
	  ->  Sort  (cost=3862.18..3864.65 rows=987 width=121)
	        Sort Key: c
	        ->  Bitmap Heap Scan on sbtest5  (cost=22.55..3813.09 rows=987 width=121)
	              Recheck Cond: ((id >= 1475504) AND (id <= 1476503))
	              ->  Bitmap Index Scan on sbtest5_pkey  (cost=0.00..22.30 rows=987 width=0)
	                    Index Cond: ((id >= 1475504) AND (id <= 1476503))

table 6 : explain SELECT DISTINCT c FROM sbtest6 WHERE id BETWEEN 8046395 AND 8047394 ORDER BY c
	Unique  (cost=3551.91..3556.44 rows=906 width=121)
	  ->  Sort  (cost=3551.91..3554.18 rows=906 width=121)
	        Sort Key: c
	        ->  Bitmap Heap Scan on sbtest6  (cost=21.72..3507.41 rows=906 width=121)
	              Recheck Cond: ((id >= 8046395) AND (id <= 8047394))
	              ->  Bitmap Index Scan on sbtest6_pkey  (cost=0.00..21.50 rows=906 width=0)
	                    Index Cond: ((id >= 8046395) AND (id <= 8047394))

table 7 : explain SELECT DISTINCT c FROM sbtest7 WHERE id BETWEEN 4835177 AND 4836176 ORDER BY c
	Unique  (cost=3779.00..3783.82 rows=965 width=121)
	  ->  Sort  (cost=3779.00..3781.41 rows=965 width=121)
	        Sort Key: c
	        ->  Bitmap Heap Scan on sbtest7  (cost=22.33..3731.16 rows=965 width=121)
	              Recheck Cond: ((id >= 4835177) AND (id <= 4836176))
	              ->  Bitmap Index Scan on sbtest7_pkey  (cost=0.00..22.08 rows=965 width=0)
	                    Index Cond: ((id >= 4835177) AND (id <= 4836176))

table 8 : explain SELECT DISTINCT c FROM sbtest8 WHERE id BETWEEN 9883439 AND 9884438 ORDER BY c
	Unique  (cost=3587.28..3591.86 rows=915 width=121)
	  ->  Sort  (cost=3587.28..3589.57 rows=915 width=121)
	        Sort Key: c
	        ->  Bitmap Heap Scan on sbtest8  (cost=21.81..3542.28 rows=915 width=121)
	              Recheck Cond: ((id >= 9883439) AND (id <= 9884438))
	              ->  Bitmap Index Scan on sbtest8_pkey  (cost=0.00..21.58 rows=915 width=0)
	                    Index Cond: ((id >= 9883439) AND (id <= 9884438))

for: distinct_ranges
table 1 : explain SELECT DISTINCT c FROM sbtest1 WHERE id BETWEEN 2118076 AND 2119075 ORDER BY c
	Unique  (cost=3672.35..3677.04 rows=938 width=121)
	  ->  Sort  (cost=3672.35..3674.70 rows=938 width=121)
	        Sort Key: c
	        ->  Bitmap Heap Scan on sbtest1  (cost=22.05..3626.04 rows=938 width=121)
	              Recheck Cond: ((id >= 2118076) AND (id <= 2119075))
	              ->  Bitmap Index Scan on sbtest1_pkey  (cost=0.00..21.82 rows=938 width=0)
	                    Index Cond: ((id >= 2118076) AND (id <= 2119075))

table 2 : explain SELECT DISTINCT c FROM sbtest2 WHERE id BETWEEN 4931472 AND 4932471 ORDER BY c
	Unique  (cost=4338.35..4343.91 rows=1112 width=121)
	  ->  Sort  (cost=4338.35..4341.13 rows=1112 width=121)
	        Sort Key: c
	        ->  Bitmap Heap Scan on sbtest2  (cost=27.83..4282.09 rows=1112 width=121)
	              Recheck Cond: ((id >= 4931472) AND (id <= 4932471))
	              ->  Bitmap Index Scan on sbtest2_pkey  (cost=0.00..27.55 rows=1112 width=0)
	                    Index Cond: ((id >= 4931472) AND (id <= 4932471))

table 3 : explain SELECT DISTINCT c FROM sbtest3 WHERE id BETWEEN 3038189 AND 3039188 ORDER BY c
	Unique  (cost=3727.11..3731.87 rows=952 width=121)
	  ->  Sort  (cost=3727.11..3729.49 rows=952 width=121)
	        Sort Key: c
	        ->  Bitmap Heap Scan on sbtest3  (cost=22.19..3680.01 rows=952 width=121)
	              Recheck Cond: ((id >= 3038189) AND (id <= 3039188))
	              ->  Bitmap Index Scan on sbtest3_pkey  (cost=0.00..21.95 rows=952 width=0)
	                    Index Cond: ((id >= 3038189) AND (id <= 3039188))

table 4 : explain SELECT DISTINCT c FROM sbtest4 WHERE id BETWEEN 4232313 AND 4233312 ORDER BY c
	Unique  (cost=4095.33..4100.57 rows=1048 width=121)
	  ->  Sort  (cost=4095.33..4097.95 rows=1048 width=121)
	        Sort Key: c
	        ->  Bitmap Heap Scan on sbtest4  (cost=23.18..4042.75 rows=1048 width=121)
	              Recheck Cond: ((id >= 4232313) AND (id <= 4233312))
	              ->  Bitmap Index Scan on sbtest4_pkey  (cost=0.00..22.91 rows=1048 width=0)
	                    Index Cond: ((id >= 4232313) AND (id <= 4233312))

table 5 : explain SELECT DISTINCT c FROM sbtest5 WHERE id BETWEEN 4551684 AND 4552683 ORDER BY c
	Unique  (cost=4129.72..4135.00 rows=1057 width=121)
	  ->  Sort  (cost=4129.72..4132.36 rows=1057 width=121)
	        Sort Key: c
	        ->  Bitmap Heap Scan on sbtest5  (cost=23.27..4076.63 rows=1057 width=121)
	              Recheck Cond: ((id >= 4551684) AND (id <= 4552683))
	              ->  Bitmap Index Scan on sbtest5_pkey  (cost=0.00..23.00 rows=1057 width=0)
	                    Index Cond: ((id >= 4551684) AND (id <= 4552683))

table 6 : explain SELECT DISTINCT c FROM sbtest6 WHERE id BETWEEN 619240 AND 620239 ORDER BY c
	Unique  (cost=3770.38..3775.20 rows=963 width=121)
	  ->  Sort  (cost=3770.38..3772.79 rows=963 width=121)
	        Sort Key: c
	        ->  Bitmap Heap Scan on sbtest6  (cost=22.31..3722.66 rows=963 width=121)
	              Recheck Cond: ((id >= 619240) AND (id <= 620239))
	              ->  Bitmap Index Scan on sbtest6_pkey  (cost=0.00..22.07 rows=963 width=0)
	                    Index Cond: ((id >= 619240) AND (id <= 620239))

table 7 : explain SELECT DISTINCT c FROM sbtest7 WHERE id BETWEEN 7095187 AND 7096186 ORDER BY c
	Unique  (cost=3736.85..3741.62 rows=954 width=121)
	  ->  Sort  (cost=3736.85..3739.24 rows=954 width=121)
	        Sort Key: c
	        ->  Bitmap Heap Scan on sbtest7  (cost=22.21..3689.64 rows=954 width=121)
	              Recheck Cond: ((id >= 7095187) AND (id <= 7096186))
	              ->  Bitmap Index Scan on sbtest7_pkey  (cost=0.00..21.97 rows=954 width=0)
	                    Index Cond: ((id >= 7095187) AND (id <= 7096186))

table 8 : explain SELECT DISTINCT c FROM sbtest8 WHERE id BETWEEN 475468 AND 476467 ORDER BY c
	Unique  (cost=4146.31..4151.61 rows=1060 width=121)
	  ->  Sort  (cost=4146.31..4148.96 rows=1060 width=121)
	        Sort Key: c
	        ->  Bitmap Heap Scan on sbtest8  (cost=27.30..4093.05 rows=1060 width=121)
	              Recheck Cond: ((id >= 475468) AND (id <= 476467))
	              ->  Bitmap Index Scan on sbtest8_pkey  (cost=0.00..27.04 rows=1060 width=0)
	                    Index Cond: ((id >= 475468) AND (id <= 476467))

for: distinct_ranges
table 1 : explain SELECT DISTINCT c FROM sbtest1 WHERE id BETWEEN 348007 AND 349006 ORDER BY c
	Unique  (cost=4142.35..4147.65 rows=1061 width=121)
	  ->  Sort  (cost=4142.35..4145.00 rows=1061 width=121)
	        Sort Key: c
	        ->  Bitmap Heap Scan on sbtest1  (cost=23.31..4089.02 rows=1061 width=121)
	              Recheck Cond: ((id >= 348007) AND (id <= 349006))
	              ->  Bitmap Index Scan on sbtest1_pkey  (cost=0.00..23.04 rows=1061 width=0)
	                    Index Cond: ((id >= 348007) AND (id <= 349006))

table 2 : explain SELECT DISTINCT c FROM sbtest2 WHERE id BETWEEN 3549919 AND 3550918 ORDER BY c
	Unique  (cost=3719.39..3724.14 rows=950 width=121)
	  ->  Sort  (cost=3719.39..3721.77 rows=950 width=121)
	        Sort Key: c
	        ->  Bitmap Heap Scan on sbtest2  (cost=22.17..3672.40 rows=950 width=121)
	              Recheck Cond: ((id >= 3549919) AND (id <= 3550918))
	              ->  Bitmap Index Scan on sbtest2_pkey  (cost=0.00..21.93 rows=950 width=0)
	                    Index Cond: ((id >= 3549919) AND (id <= 3550918))

table 3 : explain SELECT DISTINCT c FROM sbtest3 WHERE id BETWEEN 2077258 AND 2078257 ORDER BY c
	Unique  (cost=3883.99..3888.96 rows=993 width=121)
	  ->  Sort  (cost=3883.99..3886.47 rows=993 width=121)
	        Sort Key: c
	        ->  Bitmap Heap Scan on sbtest3  (cost=22.61..3834.56 rows=993 width=121)
	              Recheck Cond: ((id >= 2077258) AND (id <= 2078257))
	              ->  Bitmap Index Scan on sbtest3_pkey  (cost=0.00..22.36 rows=993 width=0)
	                    Index Cond: ((id >= 2077258) AND (id <= 2078257))

table 4 : explain SELECT DISTINCT c FROM sbtest4 WHERE id BETWEEN 6544274 AND 6545273 ORDER BY c
	Unique  (cost=4041.85..4047.02 rows=1034 width=121)
	  ->  Sort  (cost=4041.85..4044.44 rows=1034 width=121)
	        Sort Key: c
	        ->  Bitmap Heap Scan on sbtest4  (cost=23.03..3990.08 rows=1034 width=121)
	              Recheck Cond: ((id >= 6544274) AND (id <= 6545273))
	              ->  Bitmap Index Scan on sbtest4_pkey  (cost=0.00..22.77 rows=1034 width=0)
	                    Index Cond: ((id >= 6544274) AND (id <= 6545273))

table 5 : explain SELECT DISTINCT c FROM sbtest5 WHERE id BETWEEN 2119376 AND 2120375 ORDER BY c
	Unique  (cost=3831.57..3836.46 rows=979 width=121)
	  ->  Sort  (cost=3831.57..3834.01 rows=979 width=121)
	        Sort Key: c
	        ->  Bitmap Heap Scan on sbtest5  (cost=22.47..3782.93 rows=979 width=121)
	              Recheck Cond: ((id >= 2119376) AND (id <= 2120375))
	              ->  Bitmap Index Scan on sbtest5_pkey  (cost=0.00..22.22 rows=979 width=0)
	                    Index Cond: ((id >= 2119376) AND (id <= 2120375))

table 6 : explain SELECT DISTINCT c FROM sbtest6 WHERE id BETWEEN 8052726 AND 8053725 ORDER BY c
	Unique  (cost=3551.91..3556.44 rows=906 width=121)
	  ->  Sort  (cost=3551.91..3554.18 rows=906 width=121)
	        Sort Key: c
	        ->  Bitmap Heap Scan on sbtest6  (cost=21.72..3507.41 rows=906 width=121)
	              Recheck Cond: ((id >= 8052726) AND (id <= 8053725))
	              ->  Bitmap Index Scan on sbtest6_pkey  (cost=0.00..21.50 rows=906 width=0)
	                    Index Cond: ((id >= 8052726) AND (id <= 8053725))

table 7 : explain SELECT DISTINCT c FROM sbtest7 WHERE id BETWEEN 1286736 AND 1287735 ORDER BY c
	Unique  (cost=4272.32..4277.78 rows=1093 width=121)
	  ->  Sort  (cost=4272.32..4275.05 rows=1093 width=121)
	        Sort Key: c
	        ->  Bitmap Heap Scan on sbtest7  (cost=27.64..4217.15 rows=1093 width=121)
	              Recheck Cond: ((id >= 1286736) AND (id <= 1287735))
	              ->  Bitmap Index Scan on sbtest7_pkey  (cost=0.00..27.36 rows=1093 width=0)
	                    Index Cond: ((id >= 1286736) AND (id <= 1287735))

table 8 : explain SELECT DISTINCT c FROM sbtest8 WHERE id BETWEEN 4291082 AND 4292081 ORDER BY c
	Unique  (cost=3771.30..3776.12 rows=963 width=121)
	  ->  Sort  (cost=3771.30..3773.71 rows=963 width=121)
	        Sort Key: c
	        ->  Bitmap Heap Scan on sbtest8  (cost=22.31..3723.58 rows=963 width=121)
	              Recheck Cond: ((id >= 4291082) AND (id <= 4292081))
	              ->  Bitmap Index Scan on sbtest8_pkey  (cost=0.00..22.07 rows=963 width=0)
	                    Index Cond: ((id >= 4291082) AND (id <= 4292081))

for: distinct_ranges
table 1 : explain SELECT DISTINCT c FROM sbtest1 WHERE id BETWEEN 156921 AND 157920 ORDER BY c
	Unique  (cost=4066.05..4071.26 rows=1041 width=121)
	  ->  Sort  (cost=4066.05..4068.65 rows=1041 width=121)
	        Sort Key: c
	        ->  Bitmap Heap Scan on sbtest1  (cost=23.11..4013.88 rows=1041 width=121)
	              Recheck Cond: ((id >= 156921) AND (id <= 157920))
	              ->  Bitmap Index Scan on sbtest1_pkey  (cost=0.00..22.84 rows=1041 width=0)
	                    Index Cond: ((id >= 156921) AND (id <= 157920))

table 2 : explain SELECT DISTINCT c FROM sbtest2 WHERE id BETWEEN 8119846 AND 8120845 ORDER BY c
	Unique  (cost=4158.91..4164.23 rows=1065 width=121)
	  ->  Sort  (cost=4158.91..4161.57 rows=1065 width=121)
	        Sort Key: c
	        ->  Bitmap Heap Scan on sbtest2  (cost=23.35..4105.36 rows=1065 width=121)
	              Recheck Cond: ((id >= 8119846) AND (id <= 8120845))
	              ->  Bitmap Index Scan on sbtest2_pkey  (cost=0.00..23.08 rows=1065 width=0)
	                    Index Cond: ((id >= 8119846) AND (id <= 8120845))

table 3 : explain SELECT DISTINCT c FROM sbtest3 WHERE id BETWEEN 8951931 AND 8952930 ORDER BY c
	Unique  (cost=3443.43..3447.82 rows=878 width=121)
	  ->  Sort  (cost=3443.43..3445.63 rows=878 width=121)
	        Sort Key: c
	        ->  Bitmap Heap Scan on sbtest3  (cost=21.43..3400.50 rows=878 width=121)
	              Recheck Cond: ((id >= 8951931) AND (id <= 8952930))
	              ->  Bitmap Index Scan on sbtest3_pkey  (cost=0.00..21.21 rows=878 width=0)
	                    Index Cond: ((id >= 8951931) AND (id <= 8952930))

table 4 : explain SELECT DISTINCT c FROM sbtest4 WHERE id BETWEEN 4129268 AND 4130267 ORDER BY c
	Unique  (cost=3781.78..3786.61 rows=966 width=121)
	  ->  Sort  (cost=3781.78..3784.19 rows=966 width=121)
	        Sort Key: c
	        ->  Bitmap Heap Scan on sbtest4  (cost=22.34..3733.89 rows=966 width=121)
	              Recheck Cond: ((id >= 4129268) AND (id <= 4130267))
	              ->  Bitmap Index Scan on sbtest4_pkey  (cost=0.00..22.09 rows=966 width=0)
	                    Index Cond: ((id >= 4129268) AND (id <= 4130267))

table 5 : explain SELECT DISTINCT c FROM sbtest5 WHERE id BETWEEN 9778688 AND 9779687 ORDER BY c
	Unique  (cost=3505.80..3510.27 rows=894 width=121)
	  ->  Sort  (cost=3505.80..3508.04 rows=894 width=121)
	        Sort Key: c
	        ->  Bitmap Heap Scan on sbtest5  (cost=21.60..3461.98 rows=894 width=121)
	              Recheck Cond: ((id >= 9778688) AND (id <= 9779687))
	              ->  Bitmap Index Scan on sbtest5_pkey  (cost=0.00..21.37 rows=894 width=0)
	                    Index Cond: ((id >= 9778688) AND (id <= 9779687))

table 6 : explain SELECT DISTINCT c FROM sbtest6 WHERE id BETWEEN 2997246 AND 2998245 ORDER BY c
	Unique  (cost=3548.07..3552.60 rows=905 width=121)
	  ->  Sort  (cost=3548.07..3550.34 rows=905 width=121)
	        Sort Key: c
	        ->  Bitmap Heap Scan on sbtest6  (cost=21.71..3503.63 rows=905 width=121)
	              Recheck Cond: ((id >= 2997246) AND (id <= 2998245))
	              ->  Bitmap Index Scan on sbtest6_pkey  (cost=0.00..21.48 rows=905 width=0)
	                    Index Cond: ((id >= 2997246) AND (id <= 2998245))

table 7 : explain SELECT DISTINCT c FROM sbtest7 WHERE id BETWEEN 4594518 AND 4595517 ORDER BY c
	Unique  (cost=4226.52..4231.93 rows=1081 width=121)
	  ->  Sort  (cost=4226.52..4229.23 rows=1081 width=121)
	        Sort Key: c
	        ->  Bitmap Heap Scan on sbtest7  (cost=27.52..4172.05 rows=1081 width=121)
	              Recheck Cond: ((id >= 4594518) AND (id <= 4595517))
	              ->  Bitmap Index Scan on sbtest7_pkey  (cost=0.00..27.25 rows=1081 width=0)
	                    Index Cond: ((id >= 4594518) AND (id <= 4595517))

table 8 : explain SELECT DISTINCT c FROM sbtest8 WHERE id BETWEEN 2780757 AND 2781756 ORDER BY c
	Unique  (cost=4142.49..4147.79 rows=1059 width=121)
	  ->  Sort  (cost=4142.49..4145.14 rows=1059 width=121)
	        Sort Key: c
	        ->  Bitmap Heap Scan on sbtest8  (cost=27.29..4089.28 rows=1059 width=121)
	              Recheck Cond: ((id >= 2780757) AND (id <= 2781756))
	              ->  Bitmap Index Scan on sbtest8_pkey  (cost=0.00..27.02 rows=1059 width=0)
	                    Index Cond: ((id >= 2780757) AND (id <= 2781756))

for: distinct_ranges
table 1 : explain SELECT DISTINCT c FROM sbtest1 WHERE id BETWEEN 2925759 AND 2926758 ORDER BY c
	Unique  (cost=3924.78..3929.80 rows=1004 width=121)
	  ->  Sort  (cost=3924.78..3927.29 rows=1004 width=121)
	        Sort Key: c
	        ->  Bitmap Heap Scan on sbtest1  (cost=22.73..3874.72 rows=1004 width=121)
	              Recheck Cond: ((id >= 2925759) AND (id <= 2926758))
	              ->  Bitmap Index Scan on sbtest1_pkey  (cost=0.00..22.47 rows=1004 width=0)
	                    Index Cond: ((id >= 2925759) AND (id <= 2926758))

table 2 : explain SELECT DISTINCT c FROM sbtest2 WHERE id BETWEEN 7218662 AND 7219661 ORDER BY c
	Unique  (cost=4162.72..4168.05 rows=1066 width=121)
	  ->  Sort  (cost=4162.72..4165.39 rows=1066 width=121)
	        Sort Key: c
	        ->  Bitmap Heap Scan on sbtest2  (cost=23.36..4109.12 rows=1066 width=121)
	              Recheck Cond: ((id >= 7218662) AND (id <= 7219661))
	              ->  Bitmap Index Scan on sbtest2_pkey  (cost=0.00..23.09 rows=1066 width=0)
	                    Index Cond: ((id >= 7218662) AND (id <= 7219661))

table 3 : explain SELECT DISTINCT c FROM sbtest3 WHERE id BETWEEN 5056651 AND 5057650 ORDER BY c
	Unique  (cost=4040.66..4045.83 rows=1034 width=121)
	  ->  Sort  (cost=4040.66..4043.25 rows=1034 width=121)
	        Sort Key: c
	        ->  Bitmap Heap Scan on sbtest3  (cost=23.03..3988.89 rows=1034 width=121)
	              Recheck Cond: ((id >= 5056651) AND (id <= 5057650))
	              ->  Bitmap Index Scan on sbtest3_pkey  (cost=0.00..22.77 rows=1034 width=0)
	                    Index Cond: ((id >= 5056651) AND (id <= 5057650))

table 4 : explain SELECT DISTINCT c FROM sbtest4 WHERE id BETWEEN 6400499 AND 6401498 ORDER BY c
	Unique  (cost=3938.66..3943.69 rows=1007 width=121)
	  ->  Sort  (cost=3938.66..3941.17 rows=1007 width=121)
	        Sort Key: c
	        ->  Bitmap Heap Scan on sbtest4  (cost=22.76..3888.43 rows=1007 width=121)
	              Recheck Cond: ((id >= 6400499) AND (id <= 6401498))
	              ->  Bitmap Index Scan on sbtest4_pkey  (cost=0.00..22.50 rows=1007 width=0)
	                    Index Cond: ((id >= 6400499) AND (id <= 6401498))

table 5 : explain SELECT DISTINCT c FROM sbtest5 WHERE id BETWEEN 7584617 AND 7585616 ORDER BY c
	Unique  (cost=4049.52..4054.70 rows=1036 width=121)
	  ->  Sort  (cost=4049.52..4052.11 rows=1036 width=121)
	        Sort Key: c
	        ->  Bitmap Heap Scan on sbtest5  (cost=23.05..3997.63 rows=1036 width=121)
	              Recheck Cond: ((id >= 7584617) AND (id <= 7585616))
	              ->  Bitmap Index Scan on sbtest5_pkey  (cost=0.00..22.79 rows=1036 width=0)
	                    Index Cond: ((id >= 7584617) AND (id <= 7585616))

table 6 : explain SELECT DISTINCT c FROM sbtest6 WHERE id BETWEEN 8028712 AND 8029711 ORDER BY c
	Unique  (cost=3551.91..3556.44 rows=906 width=121)
	  ->  Sort  (cost=3551.91..3554.18 rows=906 width=121)
	        Sort Key: c
	        ->  Bitmap Heap Scan on sbtest6  (cost=21.72..3507.41 rows=906 width=121)
	              Recheck Cond: ((id >= 8028712) AND (id <= 8029711))
	              ->  Bitmap Index Scan on sbtest6_pkey  (cost=0.00..21.50 rows=906 width=0)
	                    Index Cond: ((id >= 8028712) AND (id <= 8029711))

table 7 : explain SELECT DISTINCT c FROM sbtest7 WHERE id BETWEEN 4661516 AND 4662515 ORDER BY c
	Unique  (cost=4226.52..4231.93 rows=1081 width=121)
	  ->  Sort  (cost=4226.52..4229.23 rows=1081 width=121)
	        Sort Key: c
	        ->  Bitmap Heap Scan on sbtest7  (cost=27.52..4172.05 rows=1081 width=121)
	              Recheck Cond: ((id >= 4661516) AND (id <= 4662515))
	              ->  Bitmap Index Scan on sbtest7_pkey  (cost=0.00..27.25 rows=1081 width=0)
	                    Index Cond: ((id >= 4661516) AND (id <= 4662515))

table 8 : explain SELECT DISTINCT c FROM sbtest8 WHERE id BETWEEN 6303717 AND 6304716 ORDER BY c
	Unique  (cost=4000.92..4006.04 rows=1023 width=121)
	  ->  Sort  (cost=4000.92..4003.48 rows=1023 width=121)
	        Sort Key: c
	        ->  Bitmap Heap Scan on sbtest8  (cost=22.92..3949.78 rows=1023 width=121)
	              Recheck Cond: ((id >= 6303717) AND (id <= 6304716))
	              ->  Bitmap Index Scan on sbtest8_pkey  (cost=0.00..22.66 rows=1023 width=0)
	                    Index Cond: ((id >= 6303717) AND (id <= 6304716))

for: sum_ranges
table 1 : explain SELECT SUM(k) FROM sbtest1 WHERE id BETWEEN 3879602 AND 3880601
	Aggregate  (cost=4117.98..4117.99 rows=1 width=8)
	  ->  Bitmap Heap Scan on sbtest1  (cost=23.38..4115.31 rows=1068 width=4)
	        Recheck Cond: ((id >= 3879602) AND (id <= 3880601))
	        ->  Bitmap Index Scan on sbtest1_pkey  (cost=0.00..23.11 rows=1068 width=0)
	              Index Cond: ((id >= 3879602) AND (id <= 3880601))

table 2 : explain SELECT SUM(k) FROM sbtest2 WHERE id BETWEEN 9301533 AND 9302532
	Aggregate  (cost=3754.02..3754.03 rows=1 width=8)
	  ->  Bitmap Heap Scan on sbtest2  (cost=22.39..3751.59 rows=971 width=4)
	        Recheck Cond: ((id >= 9301533) AND (id <= 9302532))
	        ->  Bitmap Index Scan on sbtest2_pkey  (cost=0.00..22.14 rows=971 width=0)
	              Index Cond: ((id >= 9301533) AND (id <= 9302532))

table 3 : explain SELECT SUM(k) FROM sbtest3 WHERE id BETWEEN 751802 AND 752801
	Aggregate  (cost=3859.66..3859.67 rows=1 width=8)
	  ->  Bitmap Heap Scan on sbtest3  (cost=22.67..3857.16 rows=999 width=4)
	        Recheck Cond: ((id >= 751802) AND (id <= 752801))
	        ->  Bitmap Index Scan on sbtest3_pkey  (cost=0.00..22.43 rows=999 width=0)
	              Index Cond: ((id >= 751802) AND (id <= 752801))

table 4 : explain SELECT SUM(k) FROM sbtest4 WHERE id BETWEEN 1003817 AND 1004816
	Aggregate  (cost=3694.77..3694.78 rows=1 width=8)
	  ->  Bitmap Heap Scan on sbtest4  (cost=22.22..3692.39 rows=955 width=4)
	        Recheck Cond: ((id >= 1003817) AND (id <= 1004816))
	        ->  Bitmap Index Scan on sbtest4_pkey  (cost=0.00..21.98 rows=955 width=0)
	              Index Cond: ((id >= 1003817) AND (id <= 1004816))

table 5 : explain SELECT SUM(k) FROM sbtest5 WHERE id BETWEEN 8107829 AND 8108828
	Aggregate  (cost=4026.58..4026.59 rows=1 width=8)
	  ->  Bitmap Heap Scan on sbtest5  (cost=23.13..4023.97 rows=1043 width=4)
	        Recheck Cond: ((id >= 8107829) AND (id <= 8108828))
	        ->  Bitmap Index Scan on sbtest5_pkey  (cost=0.00..22.86 rows=1043 width=0)
	              Index Cond: ((id >= 8107829) AND (id <= 8108828))

table 6 : explain SELECT SUM(k) FROM sbtest6 WHERE id BETWEEN 217882 AND 218881
	Aggregate  (cost=3936.26..3936.27 rows=1 width=8)
	  ->  Bitmap Heap Scan on sbtest6  (cost=22.88..3933.72 rows=1019 width=4)
	        Recheck Cond: ((id >= 217882) AND (id <= 218881))
	        ->  Bitmap Index Scan on sbtest6_pkey  (cost=0.00..22.62 rows=1019 width=0)
	              Index Cond: ((id >= 217882) AND (id <= 218881))

table 7 : explain SELECT SUM(k) FROM sbtest7 WHERE id BETWEEN 7069061 AND 7070060
	Aggregate  (cost=3692.03..3692.04 rows=1 width=8)
	  ->  Bitmap Heap Scan on sbtest7  (cost=22.21..3689.64 rows=954 width=4)
	        Recheck Cond: ((id >= 7069061) AND (id <= 7070060))
	        ->  Bitmap Index Scan on sbtest7_pkey  (cost=0.00..21.97 rows=954 width=0)
	              Index Cond: ((id >= 7069061) AND (id <= 7070060))

table 8 : explain SELECT SUM(k) FROM sbtest8 WHERE id BETWEEN 2227503 AND 2228502
	Aggregate  (cost=3910.88..3910.89 rows=1 width=8)
	  ->  Bitmap Heap Scan on sbtest8  (cost=22.81..3908.35 rows=1012 width=4)
	        Recheck Cond: ((id >= 2227503) AND (id <= 2228502))
	        ->  Bitmap Index Scan on sbtest8_pkey  (cost=0.00..22.55 rows=1012 width=0)
	              Index Cond: ((id >= 2227503) AND (id <= 2228502))

for point_selects
table 1 : explain SELECT c FROM sbtest1 WHERE id=1555542
	Index Scan using sbtest1_pkey on sbtest1  (cost=0.43..8.45 rows=1 width=121)
	  Index Cond: (id = 1555542)

table 2 : explain SELECT c FROM sbtest2 WHERE id=9092557
	Index Scan using sbtest2_pkey on sbtest2  (cost=0.43..8.45 rows=1 width=121)
	  Index Cond: (id = 9092557)

table 3 : explain SELECT c FROM sbtest3 WHERE id=1360377
	Index Scan using sbtest3_pkey on sbtest3  (cost=0.43..8.45 rows=1 width=121)
	  Index Cond: (id = 1360377)

table 4 : explain SELECT c FROM sbtest4 WHERE id=8821640
	Index Scan using sbtest4_pkey on sbtest4  (cost=0.43..8.45 rows=1 width=121)
	  Index Cond: (id = 8821640)

table 5 : explain SELECT c FROM sbtest5 WHERE id=661552
	Index Scan using sbtest5_pkey on sbtest5  (cost=0.43..8.45 rows=1 width=121)
	  Index Cond: (id = 661552)

table 6 : explain SELECT c FROM sbtest6 WHERE id=319770
	Index Scan using sbtest6_pkey on sbtest6  (cost=0.43..8.45 rows=1 width=121)
	  Index Cond: (id = 319770)

table 7 : explain SELECT c FROM sbtest7 WHERE id=5079104
	Index Scan using sbtest7_pkey on sbtest7  (cost=0.43..8.45 rows=1 width=121)
	  Index Cond: (id = 5079104)

table 8 : explain SELECT c FROM sbtest8 WHERE id=212296
	Index Scan using sbtest8_pkey on sbtest8  (cost=0.43..8.45 rows=1 width=121)
	  Index Cond: (id = 212296)

for: sum_ranges
table 1 : explain SELECT SUM(k) FROM sbtest1 WHERE id BETWEEN 4512499 AND 4513498
	Aggregate  (cost=3914.88..3914.89 rows=1 width=8)
	  ->  Bitmap Heap Scan on sbtest1  (cost=22.83..3912.35 rows=1014 width=4)
	        Recheck Cond: ((id >= 4512499) AND (id <= 4513498))
	        ->  Bitmap Index Scan on sbtest1_pkey  (cost=0.00..22.57 rows=1014 width=0)
	              Index Cond: ((id >= 4512499) AND (id <= 4513498))

table 2 : explain SELECT SUM(k) FROM sbtest2 WHERE id BETWEEN 7332526 AND 7333525
	Aggregate  (cost=4085.46..4085.47 rows=1 width=8)
	  ->  Bitmap Heap Scan on sbtest2  (cost=23.29..4082.81 rows=1059 width=4)
	        Recheck Cond: ((id >= 7332526) AND (id <= 7333525))
	        ->  Bitmap Index Scan on sbtest2_pkey  (cost=0.00..23.02 rows=1059 width=0)
	              Index Cond: ((id >= 7332526) AND (id <= 7333525))

table 3 : explain SELECT SUM(k) FROM sbtest3 WHERE id BETWEEN 3363414 AND 3364413
	Aggregate  (cost=3852.12..3852.13 rows=1 width=8)
	  ->  Bitmap Heap Scan on sbtest3  (cost=22.65..3849.63 rows=997 width=4)
	        Recheck Cond: ((id >= 3363414) AND (id <= 3364413))
	        ->  Bitmap Index Scan on sbtest3_pkey  (cost=0.00..22.40 rows=997 width=0)
	              Index Cond: ((id >= 3363414) AND (id <= 3364413))

table 4 : explain SELECT SUM(k) FROM sbtest4 WHERE id BETWEEN 9607613 AND 9608612
	Aggregate  (cost=3890.94..3890.95 rows=1 width=8)
	  ->  Bitmap Heap Scan on sbtest4  (cost=22.76..3888.43 rows=1007 width=4)
	        Recheck Cond: ((id >= 9607613) AND (id <= 9608612))
	        ->  Bitmap Index Scan on sbtest4_pkey  (cost=0.00..22.50 rows=1007 width=0)
	              Index Cond: ((id >= 9607613) AND (id <= 9608612))

table 5 : explain SELECT SUM(k) FROM sbtest5 WHERE id BETWEEN 3634456 AND 3635455
	Aggregate  (cost=3532.31..3532.32 rows=1 width=8)
	  ->  Bitmap Heap Scan on sbtest5  (cost=21.78..3530.03 rows=912 width=4)
	        Recheck Cond: ((id >= 3634456) AND (id <= 3635455))
	        ->  Bitmap Index Scan on sbtest5_pkey  (cost=0.00..21.55 rows=912 width=0)
	              Index Cond: ((id >= 3634456) AND (id <= 3635455))

table 6 : explain SELECT SUM(k) FROM sbtest6 WHERE id BETWEEN 8014581 AND 8015580
	Aggregate  (cost=3509.68..3509.69 rows=1 width=8)
	  ->  Bitmap Heap Scan on sbtest6  (cost=21.72..3507.41 rows=906 width=4)
	        Recheck Cond: ((id >= 8014581) AND (id <= 8015580))
	        ->  Bitmap Index Scan on sbtest6_pkey  (cost=0.00..21.50 rows=906 width=0)
	              Index Cond: ((id >= 8014581) AND (id <= 8015580))

table 7 : explain SELECT SUM(k) FROM sbtest7 WHERE id BETWEEN 89126 AND 90125
	Aggregate  (cost=3756.23..3756.24 rows=1 width=8)
	  ->  Bitmap Heap Scan on sbtest7  (cost=22.39..3753.80 rows=971 width=4)
	        Recheck Cond: ((id >= 89126) AND (id <= 90125))
	        ->  Bitmap Index Scan on sbtest7_pkey  (cost=0.00..22.14 rows=971 width=0)
	              Index Cond: ((id >= 89126) AND (id <= 90125))

table 8 : explain SELECT SUM(k) FROM sbtest8 WHERE id BETWEEN 2427652 AND 2428651
	Aggregate  (cost=3974.95..3974.96 rows=1 width=8)
	  ->  Bitmap Heap Scan on sbtest8  (cost=22.98..3972.38 rows=1029 width=4)
	        Recheck Cond: ((id >= 2427652) AND (id <= 2428651))
	        ->  Bitmap Index Scan on sbtest8_pkey  (cost=0.00..22.72 rows=1029 width=0)
	              Index Cond: ((id >= 2427652) AND (id <= 2428651))

explain: for point_selects :: explain SELECT c FROM sbtest%u WHERE id=%u
for point_selects
table 1 : explain SELECT c FROM sbtest1 WHERE id=2027718
	Index Scan using sbtest1_pkey on sbtest1  (cost=0.43..8.45 rows=1 width=121)
	  Index Cond: (id = 2027718)

table 2 : explain SELECT c FROM sbtest2 WHERE id=8428066
	Index Scan using sbtest2_pkey on sbtest2  (cost=0.43..8.45 rows=1 width=121)
	  Index Cond: (id = 8428066)

table 3 : explain SELECT c FROM sbtest3 WHERE id=6718352
	Index Scan using sbtest3_pkey on sbtest3  (cost=0.43..8.45 rows=1 width=121)
	  Index Cond: (id = 6718352)

table 4 : explain SELECT c FROM sbtest4 WHERE id=5458058
	Index Scan using sbtest4_pkey on sbtest4  (cost=0.43..8.45 rows=1 width=121)
	  Index Cond: (id = 5458058)

table 5 : explain SELECT c FROM sbtest5 WHERE id=7739413
	Index Scan using sbtest5_pkey on sbtest5  (cost=0.43..8.45 rows=1 width=121)
	  Index Cond: (id = 7739413)

table 6 : explain SELECT c FROM sbtest6 WHERE id=9090818
	Index Scan using sbtest6_pkey on sbtest6  (cost=0.43..8.45 rows=1 width=121)
	  Index Cond: (id = 9090818)

table 7 : explain SELECT c FROM sbtest7 WHERE id=6350774
	Index Scan using sbtest7_pkey on sbtest7  (cost=0.43..8.45 rows=1 width=121)
	  Index Cond: (id = 6350774)

table 8 : explain SELECT c FROM sbtest8 WHERE id=148622
	Index Scan using sbtest8_pkey on sbtest8  (cost=0.43..8.45 rows=1 width=121)
	  Index Cond: (id = 148622)

explain: for point_selects :: explain SELECT c FROM sbtest%u WHERE id=%u
for: simple_ranges
table 1 : explain SELECT c FROM sbtest1 WHERE id BETWEEN 5044065 AND 5045064
	Bitmap Heap Scan on sbtest1  (cost=21.32..3357.87 rows=867 width=121)
	  Recheck Cond: ((id >= 5044065) AND (id <= 5045064))
	  ->  Bitmap Index Scan on sbtest1_pkey  (cost=0.00..21.11 rows=867 width=0)
	        Index Cond: ((id >= 5044065) AND (id <= 5045064))

table 2 : explain SELECT c FROM sbtest2 WHERE id BETWEEN 1067973 AND 1068972
	Bitmap Heap Scan on sbtest2  (cost=22.63..3842.03 rows=995 width=121)
	  Recheck Cond: ((id >= 1067973) AND (id <= 1068972))
	  ->  Bitmap Index Scan on sbtest2_pkey  (cost=0.00..22.39 rows=995 width=0)
	        Index Cond: ((id >= 1067973) AND (id <= 1068972))

table 3 : explain SELECT c FROM sbtest3 WHERE id BETWEEN 8661057 AND 8662056
	Bitmap Heap Scan on sbtest3  (cost=22.49..3789.35 rows=981 width=121)
	  Recheck Cond: ((id >= 8661057) AND (id <= 8662056))
	  ->  Bitmap Index Scan on sbtest3_pkey  (cost=0.00..22.25 rows=981 width=0)
	        Index Cond: ((id >= 8661057) AND (id <= 8662056))

table 4 : explain SELECT c FROM sbtest4 WHERE id BETWEEN 4523018 AND 4524017
	Bitmap Heap Scan on sbtest4  (cost=22.64..3846.99 rows=996 width=121)
	  Recheck Cond: ((id >= 4523018) AND (id <= 4524017))
	  ->  Bitmap Index Scan on sbtest4_pkey  (cost=0.00..22.39 rows=996 width=0)
	        Index Cond: ((id >= 4523018) AND (id <= 4524017))

table 5 : explain SELECT c FROM sbtest5 WHERE id BETWEEN 7871024 AND 7872023
	Bitmap Heap Scan on sbtest5  (cost=22.80..3903.52 rows=1011 width=121)
	  Recheck Cond: ((id >= 7871024) AND (id <= 7872023))
	  ->  Bitmap Index Scan on sbtest5_pkey  (cost=0.00..22.54 rows=1011 width=0)
	        Index Cond: ((id >= 7871024) AND (id <= 7872023))

table 6 : explain SELECT c FROM sbtest6 WHERE id BETWEEN 1324434 AND 1325433
	Bitmap Heap Scan on sbtest6  (cost=22.81..3907.36 rows=1012 width=121)
	  Recheck Cond: ((id >= 1324434) AND (id <= 1325433))
	  ->  Bitmap Index Scan on sbtest6_pkey  (cost=0.00..22.55 rows=1012 width=0)
	        Index Cond: ((id >= 1324434) AND (id <= 1325433))

table 7 : explain SELECT c FROM sbtest7 WHERE id BETWEEN 846653 AND 847652
	Bitmap Heap Scan on sbtest7  (cost=22.98..3972.41 rows=1029 width=121)
	  Recheck Cond: ((id >= 846653) AND (id <= 847652))
	  ->  Bitmap Index Scan on sbtest7_pkey  (cost=0.00..22.72 rows=1029 width=0)
	        Index Cond: ((id >= 846653) AND (id <= 847652))

table 8 : explain SELECT c FROM sbtest8 WHERE id BETWEEN 2816761 AND 2817760
	Bitmap Heap Scan on sbtest8  (cost=22.24..3700.93 rows=957 width=121)
	  Recheck Cond: ((id >= 2816761) AND (id <= 2817760))
	  ->  Bitmap Index Scan on sbtest8_pkey  (cost=0.00..22.00 rows=957 width=0)
	        Index Cond: ((id >= 2816761) AND (id <= 2817760))

for point_selects
table 1 : explain SELECT c FROM sbtest1 WHERE id=275361
	Index Scan using sbtest1_pkey on sbtest1  (cost=0.43..8.45 rows=1 width=121)
	  Index Cond: (id = 275361)

table 2 : explain SELECT c FROM sbtest2 WHERE id=6128839
	Index Scan using sbtest2_pkey on sbtest2  (cost=0.43..8.45 rows=1 width=121)
	  Index Cond: (id = 6128839)

table 3 : explain SELECT c FROM sbtest3 WHERE id=635101
	Index Scan using sbtest3_pkey on sbtest3  (cost=0.43..8.45 rows=1 width=121)
	  Index Cond: (id = 635101)

table 4 : explain SELECT c FROM sbtest4 WHERE id=9866759
	Index Scan using sbtest4_pkey on sbtest4  (cost=0.43..8.45 rows=1 width=121)
	  Index Cond: (id = 9866759)

table 5 : explain SELECT c FROM sbtest5 WHERE id=5036205
	Index Scan using sbtest5_pkey on sbtest5  (cost=0.43..8.45 rows=1 width=121)
	  Index Cond: (id = 5036205)

table 6 : explain SELECT c FROM sbtest6 WHERE id=8417212
	Index Scan using sbtest6_pkey on sbtest6  (cost=0.43..8.45 rows=1 width=121)
	  Index Cond: (id = 8417212)

table 7 : explain SELECT c FROM sbtest7 WHERE id=4117589
	Index Scan using sbtest7_pkey on sbtest7  (cost=0.43..8.45 rows=1 width=121)
	  Index Cond: (id = 4117589)

table 8 : explain SELECT c FROM sbtest8 WHERE id=8057642
	Index Scan using sbtest8_pkey on sbtest8  (cost=0.43..8.45 rows=1 width=121)
	  Index Cond: (id = 8057642)

explain: for point_selects :: explain SELECT c FROM sbtest%u WHERE id=%u
for: order_ranges
table 1 : explain SELECT c FROM sbtest1 WHERE id BETWEEN 2146855 AND 2147854 ORDER BY c
	Sort  (cost=4077.50..4080.11 rows=1044 width=121)
	  Sort Key: c
	  ->  Bitmap Heap Scan on sbtest1  (cost=23.14..4025.15 rows=1044 width=121)
	        Recheck Cond: ((id >= 2146855) AND (id <= 2147854))
	        ->  Bitmap Index Scan on sbtest1_pkey  (cost=0.00..22.87 rows=1044 width=0)
	              Index Cond: ((id >= 2146855) AND (id <= 2147854))

table 2 : explain SELECT c FROM sbtest2 WHERE id BETWEEN 8993754 AND 8994753 ORDER BY c
	Sort  (cost=3677.26..3679.61 rows=939 width=121)
	  Sort Key: c
	  ->  Bitmap Heap Scan on sbtest2  (cost=22.06..3630.90 rows=939 width=121)
	        Recheck Cond: ((id >= 8993754) AND (id <= 8994753))
	        ->  Bitmap Index Scan on sbtest2_pkey  (cost=0.00..21.82 rows=939 width=0)
	              Index Cond: ((id >= 8993754) AND (id <= 8994753))

table 3 : explain SELECT c FROM sbtest3 WHERE id BETWEEN 9654340 AND 9655339 ORDER BY c
	Sort  (cost=4052.12..4054.71 rows=1037 width=121)
	  Sort Key: c
	  ->  Bitmap Heap Scan on sbtest3  (cost=23.06..4000.17 rows=1037 width=121)
	        Recheck Cond: ((id >= 9654340) AND (id <= 9655339))
	        ->  Bitmap Index Scan on sbtest3_pkey  (cost=0.00..22.80 rows=1037 width=0)
	              Index Cond: ((id >= 9654340) AND (id <= 9655339))

table 4 : explain SELECT c FROM sbtest4 WHERE id BETWEEN 8198960 AND 8199959 ORDER BY c
	Sort  (cost=4232.73..4235.44 rows=1084 width=121)
	  Sort Key: c
	  ->  Bitmap Heap Scan on sbtest4  (cost=23.55..4178.08 rows=1084 width=121)
	        Recheck Cond: ((id >= 8198960) AND (id <= 8199959))
	        ->  Bitmap Index Scan on sbtest4_pkey  (cost=0.00..23.27 rows=1084 width=0)
	              Index Cond: ((id >= 8198960) AND (id <= 8199959))

table 5 : explain SELECT c FROM sbtest5 WHERE id BETWEEN 9118079 AND 9119078 ORDER BY c
	Sort  (cost=3996.02..3998.58 rows=1022 width=121)
	  Sort Key: c
	  ->  Bitmap Heap Scan on sbtest5  (cost=22.91..3944.94 rows=1022 width=121)
	        Recheck Cond: ((id >= 9118079) AND (id <= 9119078))
	        ->  Bitmap Index Scan on sbtest5_pkey  (cost=0.00..22.65 rows=1022 width=0)
	              Index Cond: ((id >= 9118079) AND (id <= 9119078))

table 6 : explain SELECT c FROM sbtest6 WHERE id BETWEEN 1735392 AND 1736391 ORDER BY c
	Sort  (cost=3778.04..3780.45 rows=965 width=121)
	  Sort Key: c
	  ->  Bitmap Heap Scan on sbtest6  (cost=22.33..3730.20 rows=965 width=121)
	        Recheck Cond: ((id >= 1735392) AND (id <= 1736391))
	        ->  Bitmap Index Scan on sbtest6_pkey  (cost=0.00..22.08 rows=965 width=0)
	              Index Cond: ((id >= 1735392) AND (id <= 1736391))

table 7 : explain SELECT c FROM sbtest7 WHERE id BETWEEN 4456345 AND 4457344 ORDER BY c
	Sort  (cost=4687.58..4690.59 rows=1203 width=121)
	  Sort Key: c
	  ->  Bitmap Heap Scan on sbtest7  (cost=28.77..4626.03 rows=1203 width=121)
	        Recheck Cond: ((id >= 4456345) AND (id <= 4457344))
	        ->  Bitmap Index Scan on sbtest7_pkey  (cost=0.00..28.46 rows=1203 width=0)
	              Index Cond: ((id >= 4456345) AND (id <= 4457344))

table 8 : explain SELECT c FROM sbtest8 WHERE id BETWEEN 2908267 AND 2909266 ORDER BY c
	Sort  (cost=3951.21..3953.73 rows=1010 width=121)
	  Sort Key: c
	  ->  Bitmap Heap Scan on sbtest8  (cost=22.79..3900.81 rows=1010 width=121)
	        Recheck Cond: ((id >= 2908267) AND (id <= 2909266))
	        ->  Bitmap Index Scan on sbtest8_pkey  (cost=0.00..22.54 rows=1010 width=0)
	              Index Cond: ((id >= 2908267) AND (id <= 2909266))

for: order_ranges
table 1 : explain SELECT c FROM sbtest1 WHERE id BETWEEN 4404522 AND 4405521 ORDER BY c
	Sort  (cost=3821.58..3824.02 rows=977 width=121)
	  Sort Key: c
	  ->  Bitmap Heap Scan on sbtest1  (cost=22.45..3773.06 rows=977 width=121)
	        Recheck Cond: ((id >= 4404522) AND (id <= 4405521))
	        ->  Bitmap Index Scan on sbtest1_pkey  (cost=0.00..22.20 rows=977 width=0)
	              Index Cond: ((id >= 4404522) AND (id <= 4405521))

table 2 : explain SELECT c FROM sbtest2 WHERE id BETWEEN 3147261 AND 3148260 ORDER BY c
	Sort  (cost=3983.30..3985.84 rows=1019 width=121)
	  Sort Key: c
	  ->  Bitmap Heap Scan on sbtest2  (cost=22.88..3932.38 rows=1019 width=121)
	        Recheck Cond: ((id >= 3147261) AND (id <= 3148260))
	        ->  Bitmap Index Scan on sbtest2_pkey  (cost=0.00..22.62 rows=1019 width=0)
	              Index Cond: ((id >= 3147261) AND (id <= 3148260))

table 3 : explain SELECT c FROM sbtest3 WHERE id BETWEEN 1909129 AND 1910128 ORDER BY c
	Sort  (cost=3658.17..3660.51 rows=934 width=121)
	  Sort Key: c
	  ->  Bitmap Heap Scan on sbtest3  (cost=22.01..3612.09 rows=934 width=121)
	        Recheck Cond: ((id >= 1909129) AND (id <= 1910128))
	        ->  Bitmap Index Scan on sbtest3_pkey  (cost=0.00..21.77 rows=934 width=0)
	              Index Cond: ((id >= 1909129) AND (id <= 1910128))

table 4 : explain SELECT c FROM sbtest4 WHERE id BETWEEN 6497401 AND 6498400 ORDER BY c
	Sort  (cost=3950.13..3952.65 rows=1010 width=121)
	  Sort Key: c
	  ->  Bitmap Heap Scan on sbtest4  (cost=22.79..3899.73 rows=1010 width=121)
	        Recheck Cond: ((id >= 6497401) AND (id <= 6498400))
	        ->  Bitmap Index Scan on sbtest4_pkey  (cost=0.00..22.54 rows=1010 width=0)
	              Index Cond: ((id >= 6497401) AND (id <= 6498400))

table 5 : explain SELECT c FROM sbtest5 WHERE id BETWEEN 9037439 AND 9038438 ORDER BY c
	Sort  (cost=3800.95..3803.37 rows=971 width=121)
	  Sort Key: c
	  ->  Bitmap Heap Scan on sbtest5  (cost=22.39..3752.77 rows=971 width=121)
	        Recheck Cond: ((id >= 9037439) AND (id <= 9038438))
	        ->  Bitmap Index Scan on sbtest5_pkey  (cost=0.00..22.14 rows=971 width=0)
	              Index Cond: ((id >= 9037439) AND (id <= 9038438))

table 6 : explain SELECT c FROM sbtest6 WHERE id BETWEEN 73640 AND 74639 ORDER BY c
	Sort  (cost=3931.10..3933.62 rows=1005 width=121)
	  Sort Key: c
	  ->  Bitmap Heap Scan on sbtest6  (cost=22.74..3880.99 rows=1005 width=121)
	        Recheck Cond: ((id >= 73640) AND (id <= 74639))
	        ->  Bitmap Index Scan on sbtest6_pkey  (cost=0.00..22.48 rows=1005 width=0)
	              Index Cond: ((id >= 73640) AND (id <= 74639))

table 7 : explain SELECT c FROM sbtest7 WHERE id BETWEEN 7959593 AND 7960592 ORDER BY c
	Sort  (cost=3725.36..3727.73 rows=951 width=121)
	  Sort Key: c
	  ->  Bitmap Heap Scan on sbtest7  (cost=22.18..3678.31 rows=951 width=121)
	        Recheck Cond: ((id >= 7959593) AND (id <= 7960592))
	        ->  Bitmap Index Scan on sbtest7_pkey  (cost=0.00..21.94 rows=951 width=0)
	              Index Cond: ((id >= 7959593) AND (id <= 7960592))

table 8 : explain SELECT c FROM sbtest8 WHERE id BETWEEN 4652549 AND 4653548 ORDER BY c
	Sort  (cost=3947.38..3949.91 rows=1009 width=121)
	  Sort Key: c
	  ->  Bitmap Heap Scan on sbtest8  (cost=22.78..3897.04 rows=1009 width=121)
	        Recheck Cond: ((id >= 4652549) AND (id <= 4653548))
	        ->  Bitmap Index Scan on sbtest8_pkey  (cost=0.00..22.52 rows=1009 width=0)
	              Index Cond: ((id >= 4652549) AND (id <= 4653548))

for: simple_ranges
table 1 : explain SELECT c FROM sbtest1 WHERE id BETWEEN 197287 AND 198286
	Bitmap Heap Scan on sbtest1  (cost=23.11..4013.88 rows=1041 width=121)
	  Recheck Cond: ((id >= 197287) AND (id <= 198286))
	  ->  Bitmap Index Scan on sbtest1_pkey  (cost=0.00..22.84 rows=1041 width=0)
	        Index Cond: ((id >= 197287) AND (id <= 198286))

table 2 : explain SELECT c FROM sbtest2 WHERE id BETWEEN 2939277 AND 2940276
	Bitmap Heap Scan on sbtest2  (cost=23.04..3992.58 rows=1035 width=121)
	  Recheck Cond: ((id >= 2939277) AND (id <= 2940276))
	  ->  Bitmap Index Scan on sbtest2_pkey  (cost=0.00..22.79 rows=1035 width=0)
	        Index Cond: ((id >= 2939277) AND (id <= 2940276))

table 3 : explain SELECT c FROM sbtest3 WHERE id BETWEEN 8348756 AND 8349755
	Bitmap Heap Scan on sbtest3  (cost=23.31..4090.40 rows=1061 width=121)
	  Recheck Cond: ((id >= 8348756) AND (id <= 8349755))
	  ->  Bitmap Index Scan on sbtest3_pkey  (cost=0.00..23.04 rows=1061 width=0)
	        Index Cond: ((id >= 8348756) AND (id <= 8349755))

table 4 : explain SELECT c FROM sbtest4 WHERE id BETWEEN 488740 AND 489739
	Bitmap Heap Scan on sbtest4  (cost=23.33..4099.16 rows=1063 width=121)
	  Recheck Cond: ((id >= 488740) AND (id <= 489739))
	  ->  Bitmap Index Scan on sbtest4_pkey  (cost=0.00..23.07 rows=1063 width=0)
	        Index Cond: ((id >= 488740) AND (id <= 489739))

table 5 : explain SELECT c FROM sbtest5 WHERE id BETWEEN 5465394 AND 5466393
	Bitmap Heap Scan on sbtest5  (cost=22.29..3715.05 rows=961 width=121)
	  Recheck Cond: ((id >= 5465394) AND (id <= 5466393))
	  ->  Bitmap Index Scan on sbtest5_pkey  (cost=0.00..22.04 rows=961 width=0)
	        Index Cond: ((id >= 5465394) AND (id <= 5466393))

table 6 : explain SELECT c FROM sbtest6 WHERE id BETWEEN 6389565 AND 6390564
	Bitmap Heap Scan on sbtest6  (cost=22.64..3847.08 rows=996 width=121)
	  Recheck Cond: ((id >= 6389565) AND (id <= 6390564))
	  ->  Bitmap Index Scan on sbtest6_pkey  (cost=0.00..22.39 rows=996 width=0)
	        Index Cond: ((id >= 6389565) AND (id <= 6390564))

table 7 : explain SELECT c FROM sbtest7 WHERE id BETWEEN 472318 AND 473317
	Bitmap Heap Scan on sbtest7  (cost=27.63..4213.39 rows=1092 width=121)
	  Recheck Cond: ((id >= 472318) AND (id <= 473317))
	  ->  Bitmap Index Scan on sbtest7_pkey  (cost=0.00..27.36 rows=1092 width=0)
	        Index Cond: ((id >= 472318) AND (id <= 473317))

table 8 : explain SELECT c FROM sbtest8 WHERE id BETWEEN 3818140 AND 3819139
	Bitmap Heap Scan on sbtest8  (cost=22.07..3636.74 rows=940 width=121)
	  Recheck Cond: ((id >= 3818140) AND (id <= 3819139))
	  ->  Bitmap Index Scan on sbtest8_pkey  (cost=0.00..21.83 rows=940 width=0)
	        Index Cond: ((id >= 3818140) AND (id <= 3819139))

explain: for point_selects :: explain SELECT c FROM sbtest%u WHERE id=%u
for: simple_ranges
table 1 : explain SELECT c FROM sbtest1 WHERE id BETWEEN 5657954 AND 5658953
	Bitmap Heap Scan on sbtest1  (cost=28.69..4595.25 rows=1196 width=121)
	  Recheck Cond: ((id >= 5657954) AND (id <= 5658953))
	  ->  Bitmap Index Scan on sbtest1_pkey  (cost=0.00..28.39 rows=1196 width=0)
	        Index Cond: ((id >= 5657954) AND (id <= 5658953))

table 2 : explain SELECT c FROM sbtest2 WHERE id BETWEEN 4153174 AND 4154173
	Bitmap Heap Scan on sbtest2  (cost=23.03..3988.82 rows=1034 width=121)
	  Recheck Cond: ((id >= 4153174) AND (id <= 4154173))
	  ->  Bitmap Index Scan on sbtest2_pkey  (cost=0.00..22.77 rows=1034 width=0)
	        Index Cond: ((id >= 4153174) AND (id <= 4154173))

table 3 : explain SELECT c FROM sbtest3 WHERE id BETWEEN 280985 AND 281984
	Bitmap Heap Scan on sbtest3  (cost=21.76..3521.46 rows=910 width=121)
	  Recheck Cond: ((id >= 280985) AND (id <= 281984))
	  ->  Bitmap Index Scan on sbtest3_pkey  (cost=0.00..21.54 rows=910 width=0)
	        Index Cond: ((id >= 280985) AND (id <= 281984))

table 4 : explain SELECT c FROM sbtest4 WHERE id BETWEEN 7247785 AND 7248784
	Bitmap Heap Scan on sbtest4  (cost=22.55..3813.07 rows=987 width=121)
	  Recheck Cond: ((id >= 7247785) AND (id <= 7248784))
	  ->  Bitmap Index Scan on sbtest4_pkey  (cost=0.00..22.30 rows=987 width=0)
	        Index Cond: ((id >= 7247785) AND (id <= 7248784))

table 5 : explain SELECT c FROM sbtest5 WHERE id BETWEEN 1504507 AND 1505506
	Bitmap Heap Scan on sbtest5  (cost=22.55..3813.09 rows=987 width=121)
	  Recheck Cond: ((id >= 1504507) AND (id <= 1505506))
	  ->  Bitmap Index Scan on sbtest5_pkey  (cost=0.00..22.30 rows=987 width=0)
	        Index Cond: ((id >= 1504507) AND (id <= 1505506))

table 6 : explain SELECT c FROM sbtest6 WHERE id BETWEEN 2709965 AND 2710964
	Bitmap Heap Scan on sbtest6  (cost=23.06..4001.47 rows=1037 width=121)
	  Recheck Cond: ((id >= 2709965) AND (id <= 2710964))
	  ->  Bitmap Index Scan on sbtest6_pkey  (cost=0.00..22.80 rows=1037 width=0)
	        Index Cond: ((id >= 2709965) AND (id <= 2710964))

table 7 : explain SELECT c FROM sbtest7 WHERE id BETWEEN 5968477 AND 5969476
	Bitmap Heap Scan on sbtest7  (cost=22.89..3938.52 rows=1020 width=121)
	  Recheck Cond: ((id >= 5968477) AND (id <= 5969476))
	  ->  Bitmap Index Scan on sbtest7_pkey  (cost=0.00..22.64 rows=1020 width=0)
	        Index Cond: ((id >= 5968477) AND (id <= 5969476))

table 8 : explain SELECT c FROM sbtest8 WHERE id BETWEEN 5219915 AND 5220914
	Bitmap Heap Scan on sbtest8  (cost=22.66..3855.59 rows=998 width=121)
	  Recheck Cond: ((id >= 5219915) AND (id <= 5220914))
	  ->  Bitmap Index Scan on sbtest8_pkey  (cost=0.00..22.41 rows=998 width=0)
	        Index Cond: ((id >= 5219915) AND (id <= 5220914))

for: distinct_ranges
table 1 : explain SELECT DISTINCT c FROM sbtest1 WHERE id BETWEEN 203400 AND 204399 ORDER BY c
	Unique  (cost=3699.15..3703.87 rows=945 width=121)
	  ->  Sort  (cost=3699.15..3701.51 rows=945 width=121)
	        Sort Key: c
	        ->  Bitmap Heap Scan on sbtest1  (cost=22.12..3652.45 rows=945 width=121)
	              Recheck Cond: ((id >= 203400) AND (id <= 204399))
	              ->  Bitmap Index Scan on sbtest1_pkey  (cost=0.00..21.89 rows=945 width=0)
	                    Index Cond: ((id >= 203400) AND (id <= 204399))

table 2 : explain SELECT DISTINCT c FROM sbtest2 WHERE id BETWEEN 1513137 AND 1514136 ORDER BY c
	Unique  (cost=4414.52..4420.18 rows=1132 width=121)
	  ->  Sort  (cost=4414.52..4417.35 rows=1132 width=121)
	        Sort Key: c
	        ->  Bitmap Heap Scan on sbtest2  (cost=28.04..4357.10 rows=1132 width=121)
	              Recheck Cond: ((id >= 1513137) AND (id <= 1514136))
	              ->  Bitmap Index Scan on sbtest2_pkey  (cost=0.00..27.75 rows=1132 width=0)
	                    Index Cond: ((id >= 1513137) AND (id <= 1514136))

table 3 : explain SELECT DISTINCT c FROM sbtest3 WHERE id BETWEEN 6036725 AND 6037724 ORDER BY c
	Unique  (cost=4017.75..4022.89 rows=1028 width=121)
	  ->  Sort  (cost=4017.75..4020.32 rows=1028 width=121)
	        Sort Key: c
	        ->  Bitmap Heap Scan on sbtest3  (cost=22.97..3966.32 rows=1028 width=121)
	              Recheck Cond: ((id >= 6036725) AND (id <= 6037724))
	              ->  Bitmap Index Scan on sbtest3_pkey  (cost=0.00..22.71 rows=1028 width=0)
	                    Index Cond: ((id >= 6036725) AND (id <= 6037724))

table 4 : explain SELECT DISTINCT c FROM sbtest4 WHERE id BETWEEN 5828294 AND 5829293 ORDER BY c
	Unique  (cost=3789.44..3794.28 rows=968 width=121)
	  ->  Sort  (cost=3789.44..3791.86 rows=968 width=121)
	        Sort Key: c
	        ->  Bitmap Heap Scan on sbtest4  (cost=22.36..3741.43 rows=968 width=121)
	              Recheck Cond: ((id >= 5828294) AND (id <= 5829293))
	              ->  Bitmap Index Scan on sbtest4_pkey  (cost=0.00..22.11 rows=968 width=0)
	                    Index Cond: ((id >= 5828294) AND (id <= 5829293))

table 5 : explain SELECT DISTINCT c FROM sbtest5 WHERE id BETWEEN 4395747 AND 4396746 ORDER BY c
	Unique  (cost=3751.17..3755.96 rows=958 width=121)
	  ->  Sort  (cost=3751.17..3753.56 rows=958 width=121)
	        Sort Key: c
	        ->  Bitmap Heap Scan on sbtest5  (cost=22.25..3703.73 rows=958 width=121)
	              Recheck Cond: ((id >= 4395747) AND (id <= 4396746))
	              ->  Bitmap Index Scan on sbtest5_pkey  (cost=0.00..22.01 rows=958 width=0)
	                    Index Cond: ((id >= 4395747) AND (id <= 4396746))

table 6 : explain SELECT DISTINCT c FROM sbtest6 WHERE id BETWEEN 921095 AND 922094 ORDER BY c
	Unique  (cost=3881.38..3886.34 rows=992 width=121)
	  ->  Sort  (cost=3881.38..3883.86 rows=992 width=121)
	        Sort Key: c
	        ->  Bitmap Heap Scan on sbtest6  (cost=22.60..3832.01 rows=992 width=121)
	              Recheck Cond: ((id >= 921095) AND (id <= 922094))
	              ->  Bitmap Index Scan on sbtest6_pkey  (cost=0.00..22.36 rows=992 width=0)
	                    Index Cond: ((id >= 921095) AND (id <= 922094))

table 7 : explain SELECT DISTINCT c FROM sbtest7 WHERE id BETWEEN 8406423 AND 8407422 ORDER BY c
	Unique  (cost=3897.68..3902.66 rows=996 width=121)
	  ->  Sort  (cost=3897.68..3900.17 rows=996 width=121)
	        Sort Key: c
	        ->  Bitmap Heap Scan on sbtest7  (cost=22.64..3848.08 rows=996 width=121)
	              Recheck Cond: ((id >= 8406423) AND (id <= 8407422))
	              ->  Bitmap Index Scan on sbtest7_pkey  (cost=0.00..22.39 rows=996 width=0)
	                    Index Cond: ((id >= 8406423) AND (id <= 8407422))

table 8 : explain SELECT DISTINCT c FROM sbtest8 WHERE id BETWEEN 8231503 AND 8232502 ORDER BY c
	Unique  (cost=4306.61..4312.12 rows=1102 width=121)
	  ->  Sort  (cost=4306.61..4309.36 rows=1102 width=121)
	        Sort Key: c
	        ->  Bitmap Heap Scan on sbtest8  (cost=27.73..4250.92 rows=1102 width=121)
	              Recheck Cond: ((id >= 8231503) AND (id <= 8232502))
	              ->  Bitmap Index Scan on sbtest8_pkey  (cost=0.00..27.45 rows=1102 width=0)
	                    Index Cond: ((id >= 8231503) AND (id <= 8232502))

for: sum_ranges
table 1 : explain SELECT SUM(k) FROM sbtest1 WHERE id BETWEEN 7590135 AND 7591134
	Aggregate  (cost=3918.65..3918.66 rows=1 width=8)
	  ->  Bitmap Heap Scan on sbtest1  (cost=22.84..3916.11 rows=1015 width=4)
	        Recheck Cond: ((id >= 7590135) AND (id <= 7591134))
	        ->  Bitmap Index Scan on sbtest1_pkey  (cost=0.00..22.58 rows=1015 width=0)
	              Index Cond: ((id >= 7590135) AND (id <= 7591134))

table 2 : explain SELECT SUM(k) FROM sbtest2 WHERE id BETWEEN 884782 AND 885781
	Aggregate  (cost=4047.85..4047.86 rows=1 width=8)
	  ->  Bitmap Heap Scan on sbtest2  (cost=23.19..4045.22 rows=1049 width=4)
	        Recheck Cond: ((id >= 884782) AND (id <= 885781))
	        ->  Bitmap Index Scan on sbtest2_pkey  (cost=0.00..22.93 rows=1049 width=0)
	              Index Cond: ((id >= 884782) AND (id <= 885781))

table 3 : explain SELECT SUM(k) FROM sbtest3 WHERE id BETWEEN 490286 AND 491285
	Aggregate  (cost=3648.42..3648.43 rows=1 width=8)
	  ->  Bitmap Heap Scan on sbtest3  (cost=22.10..3646.06 rows=943 width=4)
	        Recheck Cond: ((id >= 490286) AND (id <= 491285))
	        ->  Bitmap Index Scan on sbtest3_pkey  (cost=0.00..21.86 rows=943 width=0)
	              Index Cond: ((id >= 490286) AND (id <= 491285))

table 4 : explain SELECT SUM(k) FROM sbtest4 WHERE id BETWEEN 1048423 AND 1049422
	Aggregate  (cost=3694.77..3694.78 rows=1 width=8)
	  ->  Bitmap Heap Scan on sbtest4  (cost=22.22..3692.39 rows=955 width=4)
	        Recheck Cond: ((id >= 1048423) AND (id <= 1049422))
	        ->  Bitmap Index Scan on sbtest4_pkey  (cost=0.00..21.98 rows=955 width=0)
	              Index Cond: ((id >= 1048423) AND (id <= 1049422))

table 5 : explain SELECT SUM(k) FROM sbtest5 WHERE id BETWEEN 382778 AND 383777
	Aggregate  (cost=3970.09..3970.10 rows=1 width=8)
	  ->  Bitmap Heap Scan on sbtest5  (cost=22.97..3967.52 rows=1028 width=4)
	        Recheck Cond: ((id >= 382778) AND (id <= 383777))
	        ->  Bitmap Index Scan on sbtest5_pkey  (cost=0.00..22.71 rows=1028 width=0)
	              Index Cond: ((id >= 382778) AND (id <= 383777))

table 6 : explain SELECT SUM(k) FROM sbtest6 WHERE id BETWEEN 2648646 AND 2649645
	Aggregate  (cost=3906.12..3906.13 rows=1 width=8)
	  ->  Bitmap Heap Scan on sbtest6  (cost=22.80..3903.59 rows=1011 width=4)
	        Recheck Cond: ((id >= 2648646) AND (id <= 2649645))
	        ->  Bitmap Index Scan on sbtest6_pkey  (cost=0.00..22.54 rows=1011 width=0)
	              Index Cond: ((id >= 2648646) AND (id <= 2649645))

table 7 : explain SELECT SUM(k) FROM sbtest7 WHERE id BETWEEN 4322563 AND 4323562
	Aggregate  (cost=3967.45..3967.46 rows=1 width=8)
	  ->  Bitmap Heap Scan on sbtest7  (cost=22.96..3964.88 rows=1027 width=4)
	        Recheck Cond: ((id >= 4322563) AND (id <= 4323562))
	        ->  Bitmap Index Scan on sbtest7_pkey  (cost=0.00..22.70 rows=1027 width=0)
	              Index Cond: ((id >= 4322563) AND (id <= 4323562))

table 8 : explain SELECT SUM(k) FROM sbtest8 WHERE id BETWEEN 2475400 AND 2476399
	Aggregate  (cost=3974.95..3974.96 rows=1 width=8)
	  ->  Bitmap Heap Scan on sbtest8  (cost=22.98..3972.38 rows=1029 width=4)
	        Recheck Cond: ((id >= 2475400) AND (id <= 2476399))
	        ->  Bitmap Index Scan on sbtest8_pkey  (cost=0.00..22.72 rows=1029 width=0)
	              Index Cond: ((id >= 2475400) AND (id <= 2476399))

for point_selects
table 1 : explain SELECT c FROM sbtest1 WHERE id=7731078
	Index Scan using sbtest1_pkey on sbtest1  (cost=0.43..8.45 rows=1 width=121)
	  Index Cond: (id = 7731078)

table 2 : explain SELECT c FROM sbtest2 WHERE id=6325755
	Index Scan using sbtest2_pkey on sbtest2  (cost=0.43..8.45 rows=1 width=121)
	  Index Cond: (id = 6325755)

table 3 : explain SELECT c FROM sbtest3 WHERE id=2180943
	Index Scan using sbtest3_pkey on sbtest3  (cost=0.43..8.45 rows=1 width=121)
	  Index Cond: (id = 2180943)

table 4 : explain SELECT c FROM sbtest4 WHERE id=6755499
	Index Scan using sbtest4_pkey on sbtest4  (cost=0.43..8.45 rows=1 width=121)
	  Index Cond: (id = 6755499)

table 5 : explain SELECT c FROM sbtest5 WHERE id=6178264
	Index Scan using sbtest5_pkey on sbtest5  (cost=0.43..8.45 rows=1 width=121)
	  Index Cond: (id = 6178264)

table 6 : explain SELECT c FROM sbtest6 WHERE id=7866619
	Index Scan using sbtest6_pkey on sbtest6  (cost=0.43..8.45 rows=1 width=121)
	  Index Cond: (id = 7866619)

table 7 : explain SELECT c FROM sbtest7 WHERE id=9276423
	Index Scan using sbtest7_pkey on sbtest7  (cost=0.43..8.45 rows=1 width=121)
	  Index Cond: (id = 9276423)

table 8 : explain SELECT c FROM sbtest8 WHERE id=3850524
	Index Scan using sbtest8_pkey on sbtest8  (cost=0.43..8.45 rows=1 width=121)
	  Index Cond: (id = 3850524)

for point_selects
table 1 : explain SELECT c FROM sbtest1 WHERE id=7772469
	Index Scan using sbtest1_pkey on sbtest1  (cost=0.43..8.45 rows=1 width=121)
	  Index Cond: (id = 7772469)

table 2 : explain SELECT c FROM sbtest2 WHERE id=6920766
	Index Scan using sbtest2_pkey on sbtest2  (cost=0.43..8.45 rows=1 width=121)
	  Index Cond: (id = 6920766)

table 3 : explain SELECT c FROM sbtest3 WHERE id=6843130
	Index Scan using sbtest3_pkey on sbtest3  (cost=0.43..8.45 rows=1 width=121)
	  Index Cond: (id = 6843130)

table 4 : explain SELECT c FROM sbtest4 WHERE id=2938103
	Index Scan using sbtest4_pkey on sbtest4  (cost=0.43..8.45 rows=1 width=121)
	  Index Cond: (id = 2938103)

table 5 : explain SELECT c FROM sbtest5 WHERE id=9287219
	Index Scan using sbtest5_pkey on sbtest5  (cost=0.43..8.45 rows=1 width=121)
	  Index Cond: (id = 9287219)

table 6 : explain SELECT c FROM sbtest6 WHERE id=9125910
	Index Scan using sbtest6_pkey on sbtest6  (cost=0.43..8.45 rows=1 width=121)
	  Index Cond: (id = 9125910)

table 7 : explain SELECT c FROM sbtest7 WHERE id=4101437
	Index Scan using sbtest7_pkey on sbtest7  (cost=0.43..8.45 rows=1 width=121)
	  Index Cond: (id = 4101437)

table 8 : explain SELECT c FROM sbtest8 WHERE id=1337907
	Index Scan using sbtest8_pkey on sbtest8  (cost=0.43..8.45 rows=1 width=121)
	  Index Cond: (id = 1337907)

for: distinct_ranges
table 1 : explain SELECT DISTINCT c FROM sbtest1 WHERE id BETWEEN 7338167 AND 7339166 ORDER BY c
	Unique  (cost=3836.87..3841.78 rows=981 width=121)
	  ->  Sort  (cost=3836.87..3839.32 rows=981 width=121)
	        Sort Key: c
	        ->  Bitmap Heap Scan on sbtest1  (cost=22.49..3788.12 rows=981 width=121)
	              Recheck Cond: ((id >= 7338167) AND (id <= 7339166))
	              ->  Bitmap Index Scan on sbtest1_pkey  (cost=0.00..22.25 rows=981 width=0)
	                    Index Cond: ((id >= 7338167) AND (id <= 7339166))

table 2 : explain SELECT DISTINCT c FROM sbtest2 WHERE id BETWEEN 7520078 AND 7521077 ORDER BY c
	Unique  (cost=4048.23..4053.41 rows=1036 width=121)
	  ->  Sort  (cost=4048.23..4050.82 rows=1036 width=121)
	        Sort Key: c
	        ->  Bitmap Heap Scan on sbtest2  (cost=23.05..3996.34 rows=1036 width=121)
	              Recheck Cond: ((id >= 7520078) AND (id <= 7521077))
	              ->  Bitmap Index Scan on sbtest2_pkey  (cost=0.00..22.79 rows=1036 width=0)
	                    Index Cond: ((id >= 7520078) AND (id <= 7521077))

table 3 : explain SELECT DISTINCT c FROM sbtest3 WHERE id BETWEEN 1346526 AND 1347525 ORDER BY c
	Unique  (cost=4105.56..4110.82 rows=1051 width=121)
	  ->  Sort  (cost=4105.56..4108.19 rows=1051 width=121)
	        Sort Key: c
	        ->  Bitmap Heap Scan on sbtest3  (cost=23.21..4052.82 rows=1051 width=121)
	              Recheck Cond: ((id >= 1346526) AND (id <= 1347525))
	              ->  Bitmap Index Scan on sbtest3_pkey  (cost=0.00..22.94 rows=1051 width=0)
	                    Index Cond: ((id >= 1346526) AND (id <= 1347525))

table 4 : explain SELECT DISTINCT c FROM sbtest4 WHERE id BETWEEN 3457368 AND 3458367 ORDER BY c
	Unique  (cost=4034.21..4039.37 rows=1032 width=121)
	  ->  Sort  (cost=4034.21..4036.79 rows=1032 width=121)
	        Sort Key: c
	        ->  Bitmap Heap Scan on sbtest4  (cost=23.01..3982.55 rows=1032 width=121)
	              Recheck Cond: ((id >= 3457368) AND (id <= 3458367))
	              ->  Bitmap Index Scan on sbtest4_pkey  (cost=0.00..22.75 rows=1032 width=0)
	                    Index Cond: ((id >= 3457368) AND (id <= 3458367))

table 5 : explain SELECT DISTINCT c FROM sbtest5 WHERE id BETWEEN 3410168 AND 3411167 ORDER BY c
	Unique  (cost=3911.91..3916.91 rows=1000 width=121)
	  ->  Sort  (cost=3911.91..3914.41 rows=1000 width=121)
	        Sort Key: c
	        ->  Bitmap Heap Scan on sbtest5  (cost=22.68..3862.08 rows=1000 width=121)
	              Recheck Cond: ((id >= 3410168) AND (id <= 3411167))
	              ->  Bitmap Index Scan on sbtest5_pkey  (cost=0.00..22.43 rows=1000 width=0)
	                    Index Cond: ((id >= 3410168) AND (id <= 3411167))

table 6 : explain SELECT DISTINCT c FROM sbtest6 WHERE id BETWEEN 9733084 AND 9734083 ORDER BY c
	Unique  (cost=4156.52..4161.84 rows=1064 width=121)
	  ->  Sort  (cost=4156.52..4159.18 rows=1064 width=121)
	        Sort Key: c
	        ->  Bitmap Heap Scan on sbtest6  (cost=23.34..4103.02 rows=1064 width=121)
	              Recheck Cond: ((id >= 9733084) AND (id <= 9734083))
	              ->  Bitmap Index Scan on sbtest6_pkey  (cost=0.00..23.07 rows=1064 width=0)
	                    Index Cond: ((id >= 9733084) AND (id <= 9734083))

table 7 : explain SELECT DISTINCT c FROM sbtest7 WHERE id BETWEEN 3259179 AND 3260178 ORDER BY c
	Unique  (cost=3870.89..3875.84 rows=989 width=121)
	  ->  Sort  (cost=3870.89..3873.37 rows=989 width=121)
	        Sort Key: c
	        ->  Bitmap Heap Scan on sbtest7  (cost=22.57..3821.69 rows=989 width=121)
	              Recheck Cond: ((id >= 3259179) AND (id <= 3260178))
	              ->  Bitmap Index Scan on sbtest7_pkey  (cost=0.00..22.32 rows=989 width=0)
	                    Index Cond: ((id >= 3259179) AND (id <= 3260178))

table 8 : explain SELECT DISTINCT c FROM sbtest8 WHERE id BETWEEN 1559100 AND 1560099 ORDER BY c
	Unique  (cost=4222.67..4228.07 rows=1080 width=121)
	  ->  Sort  (cost=4222.67..4225.37 rows=1080 width=121)
	        Sort Key: c
	        ->  Bitmap Heap Scan on sbtest8  (cost=27.50..4168.25 rows=1080 width=121)
	              Recheck Cond: ((id >= 1559100) AND (id <= 1560099))
	              ->  Bitmap Index Scan on sbtest8_pkey  (cost=0.00..27.23 rows=1080 width=0)
	                    Index Cond: ((id >= 1559100) AND (id <= 1560099))

for: sum_ranges
table 1 : explain SELECT SUM(k) FROM sbtest1 WHERE id BETWEEN 6816164 AND 6817163
	Aggregate  (cost=3993.91..3993.92 rows=1 width=8)
	  ->  Bitmap Heap Scan on sbtest1  (cost=23.04..3991.32 rows=1035 width=4)
	        Recheck Cond: ((id >= 6816164) AND (id <= 6817163))
	        ->  Bitmap Index Scan on sbtest1_pkey  (cost=0.00..22.79 rows=1035 width=0)
	              Index Cond: ((id >= 6816164) AND (id <= 6817163))

table 2 : explain SELECT SUM(k) FROM sbtest2 WHERE id BETWEEN 774025 AND 775024
	Aggregate  (cost=3931.16..3931.17 rows=1 width=8)
	  ->  Bitmap Heap Scan on sbtest2  (cost=22.87..3928.62 rows=1018 width=4)
	        Recheck Cond: ((id >= 774025) AND (id <= 775024))
	        ->  Bitmap Index Scan on sbtest2_pkey  (cost=0.00..22.61 rows=1018 width=0)
	              Index Cond: ((id >= 774025) AND (id <= 775024))

table 3 : explain SELECT SUM(k) FROM sbtest3 WHERE id BETWEEN 1568814 AND 1569813
	Aggregate  (cost=3950.06..3950.07 rows=1 width=8)
	  ->  Bitmap Heap Scan on sbtest3  (cost=22.92..3947.51 rows=1023 width=4)
	        Recheck Cond: ((id >= 1568814) AND (id <= 1569813))
	        ->  Bitmap Index Scan on sbtest3_pkey  (cost=0.00..22.66 rows=1023 width=0)
	              Index Cond: ((id >= 1568814) AND (id <= 1569813))

table 4 : explain SELECT SUM(k) FROM sbtest4 WHERE id BETWEEN 7503188 AND 7504187
	Aggregate  (cost=3698.55..3698.56 rows=1 width=8)
	  ->  Bitmap Heap Scan on sbtest4  (cost=22.23..3696.16 rows=956 width=4)
	        Recheck Cond: ((id >= 7503188) AND (id <= 7504187))
	        ->  Bitmap Index Scan on sbtest4_pkey  (cost=0.00..22.00 rows=956 width=0)
	              Index Cond: ((id >= 7503188) AND (id <= 7504187))

table 5 : explain SELECT SUM(k) FROM sbtest5 WHERE id BETWEEN 2484116 AND 2485115
	Aggregate  (cost=3573.90..3573.91 rows=1 width=8)
	  ->  Bitmap Heap Scan on sbtest5  (cost=21.90..3571.59 rows=923 width=4)
	        Recheck Cond: ((id >= 2484116) AND (id <= 2485115))
	        ->  Bitmap Index Scan on sbtest5_pkey  (cost=0.00..21.66 rows=923 width=0)
	              Index Cond: ((id >= 2484116) AND (id <= 2485115))

table 6 : explain SELECT SUM(k) FROM sbtest6 WHERE id BETWEEN 4922869 AND 4923868
	Aggregate  (cost=3528.59..3528.60 rows=1 width=8)
	  ->  Bitmap Heap Scan on sbtest6  (cost=21.77..3526.31 rows=911 width=4)
	        Recheck Cond: ((id >= 4922869) AND (id <= 4923868))
	        ->  Bitmap Index Scan on sbtest6_pkey  (cost=0.00..21.54 rows=911 width=0)
	              Index Cond: ((id >= 4922869) AND (id <= 4923868))

table 7 : explain SELECT SUM(k) FROM sbtest7 WHERE id BETWEEN 4170691 AND 4171690
	Aggregate  (cost=3695.80..3695.81 rows=1 width=8)
	  ->  Bitmap Heap Scan on sbtest7  (cost=22.22..3693.42 rows=955 width=4)
	        Recheck Cond: ((id >= 4170691) AND (id <= 4171690))
	        ->  Bitmap Index Scan on sbtest7_pkey  (cost=0.00..21.98 rows=955 width=0)
	              Index Cond: ((id >= 4170691) AND (id <= 4171690))

table 8 : explain SELECT SUM(k) FROM sbtest8 WHERE id BETWEEN 8781260 AND 8782259
	Aggregate  (cost=3778.84..3778.85 rows=1 width=8)
	  ->  Bitmap Heap Scan on sbtest8  (cost=22.45..3776.40 rows=977 width=4)
	        Recheck Cond: ((id >= 8781260) AND (id <= 8782259))
	        ->  Bitmap Index Scan on sbtest8_pkey  (cost=0.00..22.20 rows=977 width=0)
	              Index Cond: ((id >= 8781260) AND (id <= 8782259))

for point_selects
table 1 : explain SELECT c FROM sbtest1 WHERE id=4210261
	Index Scan using sbtest1_pkey on sbtest1  (cost=0.43..8.45 rows=1 width=121)
	  Index Cond: (id = 4210261)

table 2 : explain SELECT c FROM sbtest2 WHERE id=7114462
	Index Scan using sbtest2_pkey on sbtest2  (cost=0.43..8.45 rows=1 width=121)
	  Index Cond: (id = 7114462)

table 3 : explain SELECT c FROM sbtest3 WHERE id=7863748
	Index Scan using sbtest3_pkey on sbtest3  (cost=0.43..8.45 rows=1 width=121)
	  Index Cond: (id = 7863748)

table 4 : explain SELECT c FROM sbtest4 WHERE id=8999527
	Index Scan using sbtest4_pkey on sbtest4  (cost=0.43..8.45 rows=1 width=121)
	  Index Cond: (id = 8999527)

table 5 : explain SELECT c FROM sbtest5 WHERE id=9588532
	Index Scan using sbtest5_pkey on sbtest5  (cost=0.43..8.45 rows=1 width=121)
	  Index Cond: (id = 9588532)

table 6 : explain SELECT c FROM sbtest6 WHERE id=1571859
	Index Scan using sbtest6_pkey on sbtest6  (cost=0.43..8.45 rows=1 width=121)
	  Index Cond: (id = 1571859)

table 7 : explain SELECT c FROM sbtest7 WHERE id=4628332
	Index Scan using sbtest7_pkey on sbtest7  (cost=0.43..8.45 rows=1 width=121)
	  Index Cond: (id = 4628332)

table 8 : explain SELECT c FROM sbtest8 WHERE id=5803303
	Index Scan using sbtest8_pkey on sbtest8  (cost=0.43..8.45 rows=1 width=121)
	  Index Cond: (id = 5803303)

for: simple_ranges
table 1 : explain SELECT c FROM sbtest1 WHERE id BETWEEN 4516192 AND 4517191
	Bitmap Heap Scan on sbtest1  (cost=22.83..3912.35 rows=1014 width=121)
	  Recheck Cond: ((id >= 4516192) AND (id <= 4517191))
	  ->  Bitmap Index Scan on sbtest1_pkey  (cost=0.00..22.57 rows=1014 width=0)
	        Index Cond: ((id >= 4516192) AND (id <= 4517191))

table 2 : explain SELECT c FROM sbtest2 WHERE id BETWEEN 2223347 AND 2224346
	Bitmap Heap Scan on sbtest2  (cost=21.97..3596.93 rows=930 width=121)
	  Recheck Cond: ((id >= 2223347) AND (id <= 2224346))
	  ->  Bitmap Index Scan on sbtest2_pkey  (cost=0.00..21.73 rows=930 width=0)
	        Index Cond: ((id >= 2223347) AND (id <= 2224346))

table 3 : explain SELECT c FROM sbtest3 WHERE id BETWEEN 1261739 AND 1262738
	Bitmap Heap Scan on sbtest3  (cost=23.53..4169.29 rows=1082 width=121)
	  Recheck Cond: ((id >= 1261739) AND (id <= 1262738))
	  ->  Bitmap Index Scan on sbtest3_pkey  (cost=0.00..23.25 rows=1082 width=0)
	        Index Cond: ((id >= 1261739) AND (id <= 1262738))

table 4 : explain SELECT c FROM sbtest4 WHERE id BETWEEN 2732886 AND 2733885
	Bitmap Heap Scan on sbtest4  (cost=27.68..4230.91 rows=1097 width=121)
	  Recheck Cond: ((id >= 2732886) AND (id <= 2733885))
	  ->  Bitmap Index Scan on sbtest4_pkey  (cost=0.00..27.40 rows=1097 width=0)
	        Index Cond: ((id >= 2732886) AND (id <= 2733885))

table 5 : explain SELECT c FROM sbtest5 WHERE id BETWEEN 818157 AND 819156
	Bitmap Heap Scan on sbtest5  (cost=22.71..3869.62 rows=1002 width=121)
	  Recheck Cond: ((id >= 818157) AND (id <= 819156))
	  ->  Bitmap Index Scan on sbtest5_pkey  (cost=0.00..22.45 rows=1002 width=0)
	        Index Cond: ((id >= 818157) AND (id <= 819156))

table 6 : explain SELECT c FROM sbtest6 WHERE id BETWEEN 3966504 AND 3967503
	Bitmap Heap Scan on sbtest6  (cost=22.96..3963.83 rows=1027 width=121)
	  Recheck Cond: ((id >= 3966504) AND (id <= 3967503))
	  ->  Bitmap Index Scan on sbtest6_pkey  (cost=0.00..22.70 rows=1027 width=0)
	        Index Cond: ((id >= 3966504) AND (id <= 3967503))

table 7 : explain SELECT c FROM sbtest7 WHERE id BETWEEN 8576005 AND 8577004
	Bitmap Heap Scan on sbtest7  (cost=22.46..3780.21 rows=978 width=121)
	  Recheck Cond: ((id >= 8576005) AND (id <= 8577004))
	  ->  Bitmap Index Scan on sbtest7_pkey  (cost=0.00..22.21 rows=978 width=0)
	        Index Cond: ((id >= 8576005) AND (id <= 8577004))

table 8 : explain SELECT c FROM sbtest8 WHERE id BETWEEN 6644221 AND 6645220
	Bitmap Heap Scan on sbtest8  (cost=27.71..4243.41 rows=1100 width=121)
	  Recheck Cond: ((id >= 6644221) AND (id <= 6645220))
	  ->  Bitmap Index Scan on sbtest8_pkey  (cost=0.00..27.43 rows=1100 width=0)
	        Index Cond: ((id >= 6644221) AND (id <= 6645220))

for: simple_ranges
table 1 : explain SELECT c FROM sbtest1 WHERE id BETWEEN 1641357 AND 1642356
	Bitmap Heap Scan on sbtest1  (cost=21.83..3546.80 rows=917 width=121)
	  Recheck Cond: ((id >= 1641357) AND (id <= 1642356))
	  ->  Bitmap Index Scan on sbtest1_pkey  (cost=0.00..21.61 rows=917 width=0)
	        Index Cond: ((id >= 1641357) AND (id <= 1642356))

table 2 : explain SELECT c FROM sbtest2 WHERE id BETWEEN 7790190 AND 7791189
	Bitmap Heap Scan on sbtest2  (cost=23.08..4007.62 rows=1039 width=121)
	  Recheck Cond: ((id >= 7790190) AND (id <= 7791189))
	  ->  Bitmap Index Scan on sbtest2_pkey  (cost=0.00..22.82 rows=1039 width=0)
	        Index Cond: ((id >= 7790190) AND (id <= 7791189))

table 3 : explain SELECT c FROM sbtest3 WHERE id BETWEEN 1001223 AND 1002222
	Bitmap Heap Scan on sbtest3  (cost=22.43..3766.74 rows=975 width=121)
	  Recheck Cond: ((id >= 1001223) AND (id <= 1002222))
	  ->  Bitmap Index Scan on sbtest3_pkey  (cost=0.00..22.18 rows=975 width=0)
	        Index Cond: ((id >= 1001223) AND (id <= 1002222))

table 4 : explain SELECT c FROM sbtest4 WHERE id BETWEEN 9819101 AND 9820100
	Bitmap Heap Scan on sbtest4  (cost=22.20..3684.84 rows=953 width=121)
	  Recheck Cond: ((id >= 9819101) AND (id <= 9820100))
	  ->  Bitmap Index Scan on sbtest4_pkey  (cost=0.00..21.96 rows=953 width=0)
	        Index Cond: ((id >= 9819101) AND (id <= 9820100))

table 5 : explain SELECT c FROM sbtest5 WHERE id BETWEEN 3809624 AND 3810623
	Bitmap Heap Scan on sbtest5  (cost=23.18..4042.78 rows=1048 width=121)
	  Recheck Cond: ((id >= 3809624) AND (id <= 3810623))
	  ->  Bitmap Index Scan on sbtest5_pkey  (cost=0.00..22.91 rows=1048 width=0)
	        Index Cond: ((id >= 3809624) AND (id <= 3810623))

table 6 : explain SELECT c FROM sbtest6 WHERE id BETWEEN 7043984 AND 7044983
	Bitmap Heap Scan on sbtest6  (cost=21.43..3401.51 rows=878 width=121)
	  Recheck Cond: ((id >= 7043984) AND (id <= 7044983))
	  ->  Bitmap Index Scan on sbtest6_pkey  (cost=0.00..21.21 rows=878 width=0)
	        Index Cond: ((id >= 7043984) AND (id <= 7044983))

table 7 : explain SELECT c FROM sbtest7 WHERE id BETWEEN 3730245 AND 3731244
	Bitmap Heap Scan on sbtest7  (cost=22.70..3866.93 rows=1001 width=121)
	  Recheck Cond: ((id >= 3730245) AND (id <= 3731244))
	  ->  Bitmap Index Scan on sbtest7_pkey  (cost=0.00..22.44 rows=1001 width=0)
	        Index Cond: ((id >= 3730245) AND (id <= 3731244))

table 8 : explain SELECT c FROM sbtest8 WHERE id BETWEEN 6112757 AND 6113756
	Bitmap Heap Scan on sbtest8  (cost=23.02..3987.44 rows=1033 width=121)
	  Recheck Cond: ((id >= 6112757) AND (id <= 6113756))
	  ->  Bitmap Index Scan on sbtest8_pkey  (cost=0.00..22.76 rows=1033 width=0)
	        Index Cond: ((id >= 6112757) AND (id <= 6113756))

for: sum_ranges
table 1 : explain SELECT SUM(k) FROM sbtest1 WHERE id BETWEEN 5198253 AND 5199252
	Aggregate  (cost=3522.64..3522.65 rows=1 width=8)
	  ->  Bitmap Heap Scan on sbtest1  (cost=21.76..3520.37 rows=910 width=4)
	        Recheck Cond: ((id >= 5198253) AND (id <= 5199252))
	        ->  Bitmap Index Scan on sbtest1_pkey  (cost=0.00..21.54 rows=910 width=0)
	              Index Cond: ((id >= 5198253) AND (id <= 5199252))

table 2 : explain SELECT SUM(k) FROM sbtest2 WHERE id BETWEEN 4547042 AND 4548041
	Aggregate  (cost=3557.70..3557.71 rows=1 width=8)
	  ->  Bitmap Heap Scan on sbtest2  (cost=21.85..3555.40 rows=919 width=4)
	        Recheck Cond: ((id >= 4547042) AND (id <= 4548041))
	        ->  Bitmap Index Scan on sbtest2_pkey  (cost=0.00..21.62 rows=919 width=0)
	              Index Cond: ((id >= 4547042) AND (id <= 4548041))

table 3 : explain SELECT SUM(k) FROM sbtest3 WHERE id BETWEEN 1961084 AND 1962083
	Aggregate  (cost=3614.43..3614.44 rows=1 width=8)
	  ->  Bitmap Heap Scan on sbtest3  (cost=22.01..3612.09 rows=934 width=4)
	        Recheck Cond: ((id >= 1961084) AND (id <= 1962083))
	        ->  Bitmap Index Scan on sbtest3_pkey  (cost=0.00..21.77 rows=934 width=0)
	              Index Cond: ((id >= 1961084) AND (id <= 1962083))

table 4 : explain SELECT SUM(k) FROM sbtest4 WHERE id BETWEEN 7950840 AND 7951839
	Aggregate  (cost=3807.99..3808.00 rows=1 width=8)
	  ->  Bitmap Heap Scan on sbtest4  (cost=22.53..3805.53 rows=985 width=4)
	        Recheck Cond: ((id >= 7950840) AND (id <= 7951839))
	        ->  Bitmap Index Scan on sbtest4_pkey  (cost=0.00..22.29 rows=985 width=0)
	              Index Cond: ((id >= 7950840) AND (id <= 7951839))

table 5 : explain SELECT SUM(k) FROM sbtest5 WHERE id BETWEEN 9770196 AND 9771195
	Aggregate  (cost=3464.21..3464.22 rows=1 width=8)
	  ->  Bitmap Heap Scan on sbtest5  (cost=21.60..3461.98 rows=894 width=4)
	        Recheck Cond: ((id >= 9770196) AND (id <= 9771195))
	        ->  Bitmap Index Scan on sbtest5_pkey  (cost=0.00..21.37 rows=894 width=0)
	              Index Cond: ((id >= 9770196) AND (id <= 9771195))

table 6 : explain SELECT SUM(k) FROM sbtest6 WHERE id BETWEEN 2398715 AND 2399714
	Aggregate  (cost=4331.46..4331.47 rows=1 width=8)
	  ->  Bitmap Heap Scan on sbtest6  (cost=27.96..4328.65 rows=1124 width=4)
	        Recheck Cond: ((id >= 2398715) AND (id <= 2399714))
	        ->  Bitmap Index Scan on sbtest6_pkey  (cost=0.00..27.68 rows=1124 width=0)
	              Index Cond: ((id >= 2398715) AND (id <= 2399714))

table 7 : explain SELECT SUM(k) FROM sbtest7 WHERE id BETWEEN 5888562 AND 5889561
	Aggregate  (cost=3941.07..3941.08 rows=1 width=8)
	  ->  Bitmap Heap Scan on sbtest7  (cost=22.89..3938.52 rows=1020 width=4)
	        Recheck Cond: ((id >= 5888562) AND (id <= 5889561))
	        ->  Bitmap Index Scan on sbtest7_pkey  (cost=0.00..22.64 rows=1020 width=0)
	              Index Cond: ((id >= 5888562) AND (id <= 5889561))

table 8 : explain SELECT SUM(k) FROM sbtest8 WHERE id BETWEEN 489109 AND 490108
	Aggregate  (cost=4095.70..4095.71 rows=1 width=8)
	  ->  Bitmap Heap Scan on sbtest8  (cost=27.30..4093.05 rows=1060 width=4)
	        Recheck Cond: ((id >= 489109) AND (id <= 490108))
	        ->  Bitmap Index Scan on sbtest8_pkey  (cost=0.00..27.04 rows=1060 width=0)
	              Index Cond: ((id >= 489109) AND (id <= 490108))

for: order_ranges
table 1 : explain SELECT c FROM sbtest1 WHERE id BETWEEN 9376099 AND 9377098 ORDER BY c
	Sort  (cost=4172.85..4175.52 rows=1069 width=121)
	  Sort Key: c
	  ->  Bitmap Heap Scan on sbtest1  (cost=23.39..4119.07 rows=1069 width=121)
	        Recheck Cond: ((id >= 9376099) AND (id <= 9377098))
	        ->  Bitmap Index Scan on sbtest1_pkey  (cost=0.00..23.12 rows=1069 width=0)
	              Index Cond: ((id >= 9376099) AND (id <= 9377098))

table 2 : explain SELECT c FROM sbtest2 WHERE id BETWEEN 9198217 AND 9199216 ORDER BY c
	Sort  (cost=3719.39..3721.77 rows=950 width=121)
	  Sort Key: c
	  ->  Bitmap Heap Scan on sbtest2  (cost=22.17..3672.40 rows=950 width=121)
	        Recheck Cond: ((id >= 9198217) AND (id <= 9199216))
	        ->  Bitmap Index Scan on sbtest2_pkey  (cost=0.00..21.93 rows=950 width=0)
	              Index Cond: ((id >= 9198217) AND (id <= 9199216))

table 3 : explain SELECT c FROM sbtest3 WHERE id BETWEEN 9849768 AND 9850767 ORDER BY c
	Sort  (cost=3684.99..3687.34 rows=941 width=121)
	  Sort Key: c
	  ->  Bitmap Heap Scan on sbtest3  (cost=22.08..3638.51 rows=941 width=121)
	        Recheck Cond: ((id >= 9849768) AND (id <= 9850767))
	        ->  Bitmap Index Scan on sbtest3_pkey  (cost=0.00..21.84 rows=941 width=0)
	              Index Cond: ((id >= 9849768) AND (id <= 9850767))

table 4 : explain SELECT c FROM sbtest4 WHERE id BETWEEN 6560685 AND 6561684 ORDER BY c
	Sort  (cost=4041.85..4044.44 rows=1034 width=121)
	  Sort Key: c
	  ->  Bitmap Heap Scan on sbtest4  (cost=23.03..3990.08 rows=1034 width=121)
	        Recheck Cond: ((id >= 6560685) AND (id <= 6561684))
	        ->  Bitmap Index Scan on sbtest4_pkey  (cost=0.00..22.77 rows=1034 width=0)
	              Index Cond: ((id >= 6560685) AND (id <= 6561684))

table 5 : explain SELECT c FROM sbtest5 WHERE id BETWEEN 8670490 AND 8671489 ORDER BY c
	Sort  (cost=3881.31..3883.79 rows=992 width=121)
	  Sort Key: c
	  ->  Bitmap Heap Scan on sbtest5  (cost=22.60..3831.94 rows=992 width=121)
	        Recheck Cond: ((id >= 8670490) AND (id <= 8671489))
	        ->  Bitmap Index Scan on sbtest5_pkey  (cost=0.00..22.36 rows=992 width=0)
	              Index Cond: ((id >= 8670490) AND (id <= 8671489))

table 6 : explain SELECT c FROM sbtest6 WHERE id BETWEEN 2572269 AND 2573268 ORDER BY c
	Sort  (cost=3931.10..3933.62 rows=1005 width=121)
	  Sort Key: c
	  ->  Bitmap Heap Scan on sbtest6  (cost=22.74..3880.99 rows=1005 width=121)
	        Recheck Cond: ((id >= 2572269) AND (id <= 2573268))
	        ->  Bitmap Index Scan on sbtest6_pkey  (cost=0.00..22.48 rows=1005 width=0)
	              Index Cond: ((id >= 2572269) AND (id <= 2573268))

table 7 : explain SELECT c FROM sbtest7 WHERE id BETWEEN 7059220 AND 7060219 ORDER BY c
	Sort  (cost=4046.83..4049.42 rows=1035 width=121)
	  Sort Key: c
	  ->  Bitmap Heap Scan on sbtest7  (cost=23.04..3995.01 rows=1035 width=121)
	        Recheck Cond: ((id >= 7059220) AND (id <= 7060219))
	        ->  Bitmap Index Scan on sbtest7_pkey  (cost=0.00..22.79 rows=1035 width=0)
	              Index Cond: ((id >= 7059220) AND (id <= 7060219))

table 8 : explain SELECT c FROM sbtest8 WHERE id BETWEEN 5312941 AND 5313940 ORDER BY c
	Sort  (cost=3897.65..3900.14 rows=996 width=121)
	  Sort Key: c
	  ->  Bitmap Heap Scan on sbtest8  (cost=22.64..3848.05 rows=996 width=121)
	        Recheck Cond: ((id >= 5312941) AND (id <= 5313940))
	        ->  Bitmap Index Scan on sbtest8_pkey  (cost=0.00..22.39 rows=996 width=0)
	              Index Cond: ((id >= 5312941) AND (id <= 5313940))

for point_selects
table 1 : explain SELECT c FROM sbtest1 WHERE id=6945265
	Index Scan using sbtest1_pkey on sbtest1  (cost=0.43..8.45 rows=1 width=121)
	  Index Cond: (id = 6945265)

table 2 : explain SELECT c FROM sbtest2 WHERE id=3359078
	Index Scan using sbtest2_pkey on sbtest2  (cost=0.43..8.45 rows=1 width=121)
	  Index Cond: (id = 3359078)

table 3 : explain SELECT c FROM sbtest3 WHERE id=2745464
	Index Scan using sbtest3_pkey on sbtest3  (cost=0.43..8.45 rows=1 width=121)
	  Index Cond: (id = 2745464)

table 4 : explain SELECT c FROM sbtest4 WHERE id=5784571
	Index Scan using sbtest4_pkey on sbtest4  (cost=0.43..8.45 rows=1 width=121)
	  Index Cond: (id = 5784571)

table 5 : explain SELECT c FROM sbtest5 WHERE id=4080529
	Index Scan using sbtest5_pkey on sbtest5  (cost=0.43..8.45 rows=1 width=121)
	  Index Cond: (id = 4080529)

table 6 : explain SELECT c FROM sbtest6 WHERE id=3811457
	Index Scan using sbtest6_pkey on sbtest6  (cost=0.43..8.45 rows=1 width=121)
	  Index Cond: (id = 3811457)

table 7 : explain SELECT c FROM sbtest7 WHERE id=6912653
	Index Scan using sbtest7_pkey on sbtest7  (cost=0.43..8.45 rows=1 width=121)
	  Index Cond: (id = 6912653)

table 8 : explain SELECT c FROM sbtest8 WHERE id=2637921
	Index Scan using sbtest8_pkey on sbtest8  (cost=0.43..8.45 rows=1 width=121)
	  Index Cond: (id = 2637921)

for: order_ranges
table 1 : explain SELECT c FROM sbtest1 WHERE id BETWEEN 8890450 AND 8891449 ORDER BY c
	Sort  (cost=3733.59..3735.98 rows=954 width=121)
	  Sort Key: c
	  ->  Bitmap Heap Scan on sbtest1  (cost=22.21..3686.38 rows=954 width=121)
	        Recheck Cond: ((id >= 8890450) AND (id <= 8891449))
	        ->  Bitmap Index Scan on sbtest1_pkey  (cost=0.00..21.97 rows=954 width=0)
	              Index Cond: ((id >= 8890450) AND (id <= 8891449))

table 2 : explain SELECT c FROM sbtest2 WHERE id BETWEEN 5124550 AND 5125549 ORDER BY c
	Sort  (cost=3983.30..3985.84 rows=1019 width=121)
	  Sort Key: c
	  ->  Bitmap Heap Scan on sbtest2  (cost=22.88..3932.38 rows=1019 width=121)
	        Recheck Cond: ((id >= 5124550) AND (id <= 5125549))
	        ->  Bitmap Index Scan on sbtest2_pkey  (cost=0.00..22.62 rows=1019 width=0)
	              Index Cond: ((id >= 5124550) AND (id <= 5125549))

table 3 : explain SELECT c FROM sbtest3 WHERE id BETWEEN 4942047 AND 4943046 ORDER BY c
	Sort  (cost=4097.93..4100.55 rows=1049 width=121)
	  Sort Key: c
	  ->  Bitmap Heap Scan on sbtest3  (cost=23.19..4045.30 rows=1049 width=121)
	        Recheck Cond: ((id >= 4942047) AND (id <= 4943046))
	        ->  Bitmap Index Scan on sbtest3_pkey  (cost=0.00..22.93 rows=1049 width=0)
	              Index Cond: ((id >= 4942047) AND (id <= 4943046))

table 4 : explain SELECT c FROM sbtest4 WHERE id BETWEEN 6913052 AND 6914051 ORDER BY c
	Sort  (cost=4343.57..4346.36 rows=1113 width=121)
	  Sort Key: c
	  ->  Bitmap Heap Scan on sbtest4  (cost=27.84..4287.25 rows=1113 width=121)
	        Recheck Cond: ((id >= 6913052) AND (id <= 6914051))
	        ->  Bitmap Index Scan on sbtest4_pkey  (cost=0.00..27.57 rows=1113 width=0)
	              Index Cond: ((id >= 6913052) AND (id <= 6914051))

table 5 : explain SELECT c FROM sbtest5 WHERE id BETWEEN 6807519 AND 6808518 ORDER BY c
	Sort  (cost=3923.38..3925.89 rows=1003 width=121)
	  Sort Key: c
	  ->  Bitmap Heap Scan on sbtest5  (cost=22.72..3873.38 rows=1003 width=121)
	        Recheck Cond: ((id >= 6807519) AND (id <= 6808518))
	        ->  Bitmap Index Scan on sbtest5_pkey  (cost=0.00..22.46 rows=1003 width=0)
	              Index Cond: ((id >= 6807519) AND (id <= 6808518))

table 6 : explain SELECT c FROM sbtest6 WHERE id BETWEEN 6728833 AND 6729832 ORDER BY c
	Sort  (cost=3624.78..3627.09 rows=925 width=121)
	  Sort Key: c
	  ->  Bitmap Heap Scan on sbtest6  (cost=21.92..3579.21 rows=925 width=121)
	        Recheck Cond: ((id >= 6728833) AND (id <= 6729832))
	        ->  Bitmap Index Scan on sbtest6_pkey  (cost=0.00..21.68 rows=925 width=0)
	              Index Cond: ((id >= 6728833) AND (id <= 6729832))

table 7 : explain SELECT c FROM sbtest7 WHERE id BETWEEN 1657821 AND 1658820 ORDER BY c
	Sort  (cost=3629.51..3631.83 rows=926 width=121)
	  Sort Key: c
	  ->  Bitmap Heap Scan on sbtest7  (cost=21.93..3583.88 rows=926 width=121)
	        Recheck Cond: ((id >= 1657821) AND (id <= 1658820))
	        ->  Bitmap Index Scan on sbtest7_pkey  (cost=0.00..21.69 rows=926 width=0)
	              Index Cond: ((id >= 1657821) AND (id <= 1658820))

table 8 : explain SELECT c FROM sbtest8 WHERE id BETWEEN 3350232 AND 3351231 ORDER BY c
	Sort  (cost=3966.51..3969.04 rows=1014 width=121)
	  Sort Key: c
	  ->  Bitmap Heap Scan on sbtest8  (cost=22.83..3915.88 rows=1014 width=121)
	        Recheck Cond: ((id >= 3350232) AND (id <= 3351231))
	        ->  Bitmap Index Scan on sbtest8_pkey  (cost=0.00..22.57 rows=1014 width=0)
	              Index Cond: ((id >= 3350232) AND (id <= 3351231))

for: simple_ranges
table 1 : explain SELECT c FROM sbtest1 WHERE id BETWEEN 6941787 AND 6942786
	Bitmap Heap Scan on sbtest1  (cost=28.21..4419.36 rows=1149 width=121)
	  Recheck Cond: ((id >= 6941787) AND (id <= 6942786))
	  ->  Bitmap Index Scan on sbtest1_pkey  (cost=0.00..27.93 rows=1149 width=0)
	        Index Cond: ((id >= 6941787) AND (id <= 6942786))

table 2 : explain SELECT c FROM sbtest2 WHERE id BETWEEN 4065144 AND 4066143
	Bitmap Heap Scan on sbtest2  (cost=23.03..3988.82 rows=1034 width=121)
	  Recheck Cond: ((id >= 4065144) AND (id <= 4066143))
	  ->  Bitmap Index Scan on sbtest2_pkey  (cost=0.00..22.77 rows=1034 width=0)
	        Index Cond: ((id >= 4065144) AND (id <= 4066143))

table 3 : explain SELECT c FROM sbtest3 WHERE id BETWEEN 9722984 AND 9723983
	Bitmap Heap Scan on sbtest3  (cost=22.66..3853.39 rows=998 width=121)
	  Recheck Cond: ((id >= 9722984) AND (id <= 9723983))
	  ->  Bitmap Index Scan on sbtest3_pkey  (cost=0.00..22.41 rows=998 width=0)
	        Index Cond: ((id >= 9722984) AND (id <= 9723983))

table 4 : explain SELECT c FROM sbtest4 WHERE id BETWEEN 3616326 AND 3617325
	Bitmap Heap Scan on sbtest4  (cost=22.96..3963.73 rows=1027 width=121)
	  Recheck Cond: ((id >= 3616326) AND (id <= 3617325))
	  ->  Bitmap Index Scan on sbtest4_pkey  (cost=0.00..22.70 rows=1027 width=0)
	        Index Cond: ((id >= 3616326) AND (id <= 3617325))

table 5 : explain SELECT c FROM sbtest5 WHERE id BETWEEN 4961494 AND 4962493
	Bitmap Heap Scan on sbtest5  (cost=22.81..3907.28 rows=1012 width=121)
	  Recheck Cond: ((id >= 4961494) AND (id <= 4962493))
	  ->  Bitmap Index Scan on sbtest5_pkey  (cost=0.00..22.55 rows=1012 width=0)
	        Index Cond: ((id >= 4961494) AND (id <= 4962493))

table 6 : explain SELECT c FROM sbtest6 WHERE id BETWEEN 5099444 AND 5100443
	Bitmap Heap Scan on sbtest6  (cost=22.38..3749.06 rows=970 width=121)
	  Recheck Cond: ((id >= 5099444) AND (id <= 5100443))
	  ->  Bitmap Index Scan on sbtest6_pkey  (cost=0.00..22.14 rows=970 width=0)
	        Index Cond: ((id >= 5099444) AND (id <= 5100443))

table 7 : explain SELECT c FROM sbtest7 WHERE id BETWEEN 2416930 AND 2417929
	Bitmap Heap Scan on sbtest7  (cost=22.01..3614.11 rows=934 width=121)
	  Recheck Cond: ((id >= 2416930) AND (id <= 2417929))
	  ->  Bitmap Index Scan on sbtest7_pkey  (cost=0.00..21.77 rows=934 width=0)
	        Index Cond: ((id >= 2416930) AND (id <= 2417929))

table 8 : explain SELECT c FROM sbtest8 WHERE id BETWEEN 9370480 AND 9371479
	Bitmap Heap Scan on sbtest8  (cost=27.50..4168.25 rows=1080 width=121)
	  Recheck Cond: ((id >= 9370480) AND (id <= 9371479))
	  ->  Bitmap Index Scan on sbtest8_pkey  (cost=0.00..27.23 rows=1080 width=0)
	        Index Cond: ((id >= 9370480) AND (id <= 9371479))

for: distinct_ranges
table 1 : explain SELECT DISTINCT c FROM sbtest1 WHERE id BETWEEN 6795893 AND 6796892 ORDER BY c
	Unique  (cost=4043.15..4048.33 rows=1035 width=121)
	  ->  Sort  (cost=4043.15..4045.74 rows=1035 width=121)
	        Sort Key: c
	        ->  Bitmap Heap Scan on sbtest1  (cost=23.04..3991.32 rows=1035 width=121)
	              Recheck Cond: ((id >= 6795893) AND (id <= 6796892))
	              ->  Bitmap Index Scan on sbtest1_pkey  (cost=0.00..22.79 rows=1035 width=0)
	                    Index Cond: ((id >= 6795893) AND (id <= 6796892))

table 2 : explain SELECT DISTINCT c FROM sbtest2 WHERE id BETWEEN 5635666 AND 5636665 ORDER BY c
	Unique  (cost=3925.97..3930.99 rows=1004 width=121)
	  ->  Sort  (cost=3925.97..3928.48 rows=1004 width=121)
	        Sort Key: c
	        ->  Bitmap Heap Scan on sbtest2  (cost=22.73..3875.92 rows=1004 width=121)
	              Recheck Cond: ((id >= 5635666) AND (id <= 5636665))
	              ->  Bitmap Index Scan on sbtest2_pkey  (cost=0.00..22.47 rows=1004 width=0)
	                    Index Cond: ((id >= 5635666) AND (id <= 5636665))

table 3 : explain SELECT DISTINCT c FROM sbtest3 WHERE id BETWEEN 9631744 AND 9632743 ORDER BY c
	Unique  (cost=4052.12..4057.30 rows=1037 width=121)
	  ->  Sort  (cost=4052.12..4054.71 rows=1037 width=121)
	        Sort Key: c
	        ->  Bitmap Heap Scan on sbtest3  (cost=23.06..4000.17 rows=1037 width=121)
	              Recheck Cond: ((id >= 9631744) AND (id <= 9632743))
	              ->  Bitmap Index Scan on sbtest3_pkey  (cost=0.00..22.80 rows=1037 width=0)
	                    Index Cond: ((id >= 9631744) AND (id <= 9632743))

table 4 : explain SELECT DISTINCT c FROM sbtest4 WHERE id BETWEEN 471537 AND 472536 ORDER BY c
	Unique  (cost=4152.60..4157.91 rows=1063 width=121)
	  ->  Sort  (cost=4152.60..4155.25 rows=1063 width=121)
	        Sort Key: c
	        ->  Bitmap Heap Scan on sbtest4  (cost=23.33..4099.16 rows=1063 width=121)
	              Recheck Cond: ((id >= 471537) AND (id <= 472536))
	              ->  Bitmap Index Scan on sbtest4_pkey  (cost=0.00..23.07 rows=1063 width=0)
	                    Index Cond: ((id >= 471537) AND (id <= 472536))

table 5 : explain SELECT DISTINCT c FROM sbtest5 WHERE id BETWEEN 9276335 AND 9277334 ORDER BY c
	Unique  (cost=4366.47..4372.06 rows=1119 width=121)
	  ->  Sort  (cost=4366.47..4369.27 rows=1119 width=121)
	        Sort Key: c
	        ->  Bitmap Heap Scan on sbtest5  (cost=27.90..4309.80 rows=1119 width=121)
	              Recheck Cond: ((id >= 9276335) AND (id <= 9277334))
	              ->  Bitmap Index Scan on sbtest5_pkey  (cost=0.00..27.62 rows=1119 width=0)
	                    Index Cond: ((id >= 9276335) AND (id <= 9277334))

table 6 : explain SELECT DISTINCT c FROM sbtest6 WHERE id BETWEEN 1222062 AND 1223061 ORDER BY c
	Unique  (cost=3911.98..3916.98 rows=1000 width=121)
	  ->  Sort  (cost=3911.98..3914.48 rows=1000 width=121)
	        Sort Key: c
	        ->  Bitmap Heap Scan on sbtest6  (cost=22.68..3862.15 rows=1000 width=121)
	              Recheck Cond: ((id >= 1222062) AND (id <= 1223061))
	              ->  Bitmap Index Scan on sbtest6_pkey  (cost=0.00..22.43 rows=1000 width=0)
	                    Index Cond: ((id >= 1222062) AND (id <= 1223061))

table 7 : explain SELECT DISTINCT c FROM sbtest7 WHERE id BETWEEN 3156144 AND 3157143 ORDER BY c
	Unique  (cost=3943.60..3948.64 rows=1008 width=121)
	  ->  Sort  (cost=3943.60..3946.12 rows=1008 width=121)
	        Sort Key: c
	        ->  Bitmap Heap Scan on sbtest7  (cost=22.77..3893.31 rows=1008 width=121)
	              Recheck Cond: ((id >= 3156144) AND (id <= 3157143))
	              ->  Bitmap Index Scan on sbtest7_pkey  (cost=0.00..22.51 rows=1008 width=0)
	                    Index Cond: ((id >= 3156144) AND (id <= 3157143))

table 8 : explain SELECT DISTINCT c FROM sbtest8 WHERE id BETWEEN 7113666 AND 7114665 ORDER BY c
	Unique  (cost=3909.13..3914.12 rows=999 width=121)
	  ->  Sort  (cost=3909.13..3911.62 rows=999 width=121)
	        Sort Key: c
	        ->  Bitmap Heap Scan on sbtest8  (cost=22.67..3859.36 rows=999 width=121)
	              Recheck Cond: ((id >= 7113666) AND (id <= 7114665))
	              ->  Bitmap Index Scan on sbtest8_pkey  (cost=0.00..22.43 rows=999 width=0)
	                    Index Cond: ((id >= 7113666) AND (id <= 7114665))

for: sum_ranges
table 1 : explain SELECT SUM(k) FROM sbtest1 WHERE id BETWEEN 7811703 AND 7812702
	Aggregate  (cost=4001.43..4001.44 rows=1 width=8)
	  ->  Bitmap Heap Scan on sbtest1  (cost=23.06..3998.84 rows=1037 width=4)
	        Recheck Cond: ((id >= 7811703) AND (id <= 7812702))
	        ->  Bitmap Index Scan on sbtest1_pkey  (cost=0.00..22.80 rows=1037 width=0)
	              Index Cond: ((id >= 7811703) AND (id <= 7812702))

table 2 : explain SELECT SUM(k) FROM sbtest2 WHERE id BETWEEN 3235436 AND 3236435
	Aggregate  (cost=3912.33..3912.34 rows=1 width=8)
	  ->  Bitmap Heap Scan on sbtest2  (cost=22.82..3909.80 rows=1013 width=4)
	        Recheck Cond: ((id >= 3235436) AND (id <= 3236435))
	        ->  Bitmap Index Scan on sbtest2_pkey  (cost=0.00..22.57 rows=1013 width=0)
	              Index Cond: ((id >= 3235436) AND (id <= 3236435))

table 3 : explain SELECT SUM(k) FROM sbtest3 WHERE id BETWEEN 4813816 AND 4814815
	Aggregate  (cost=3754.09..3754.10 rows=1 width=8)
	  ->  Bitmap Heap Scan on sbtest3  (cost=22.39..3751.66 rows=971 width=4)
	        Recheck Cond: ((id >= 4813816) AND (id <= 4814815))
	        ->  Bitmap Index Scan on sbtest3_pkey  (cost=0.00..22.14 rows=971 width=0)
	              Index Cond: ((id >= 4813816) AND (id <= 4814815))

table 4 : explain SELECT SUM(k) FROM sbtest4 WHERE id BETWEEN 6218819 AND 6219818
	Aggregate  (cost=3683.45..3683.46 rows=1 width=8)
	  ->  Bitmap Heap Scan on sbtest4  (cost=22.19..3681.07 rows=952 width=4)
	        Recheck Cond: ((id >= 6218819) AND (id <= 6219818))
	        ->  Bitmap Index Scan on sbtest4_pkey  (cost=0.00..21.95 rows=952 width=0)
	              Index Cond: ((id >= 6218819) AND (id <= 6219818))

table 5 : explain SELECT SUM(k) FROM sbtest5 WHERE id BETWEEN 9758976 AND 9759975
	Aggregate  (cost=3464.21..3464.22 rows=1 width=8)
	  ->  Bitmap Heap Scan on sbtest5  (cost=21.60..3461.98 rows=894 width=4)
	        Recheck Cond: ((id >= 9758976) AND (id <= 9759975))
	        ->  Bitmap Index Scan on sbtest5_pkey  (cost=0.00..21.37 rows=894 width=0)
	              Index Cond: ((id >= 9758976) AND (id <= 9759975))

table 6 : explain SELECT SUM(k) FROM sbtest6 WHERE id BETWEEN 6911964 AND 6912963
	Aggregate  (cost=4041.71..4041.72 rows=1 width=8)
	  ->  Bitmap Heap Scan on sbtest6  (cost=23.17..4039.09 rows=1047 width=4)
	        Recheck Cond: ((id >= 6911964) AND (id <= 6912963))
	        ->  Bitmap Index Scan on sbtest6_pkey  (cost=0.00..22.90 rows=1047 width=0)
	              Index Cond: ((id >= 6911964) AND (id <= 6912963))

table 7 : explain SELECT SUM(k) FROM sbtest7 WHERE id BETWEEN 3670905 AND 3671904
	Aggregate  (cost=3778.88..3778.89 rows=1 width=8)
	  ->  Bitmap Heap Scan on sbtest7  (cost=22.45..3776.44 rows=977 width=4)
	        Recheck Cond: ((id >= 3670905) AND (id <= 3671904))
	        ->  Bitmap Index Scan on sbtest7_pkey  (cost=0.00..22.20 rows=977 width=0)
	              Index Cond: ((id >= 3670905) AND (id <= 3671904))

table 8 : explain SELECT SUM(k) FROM sbtest8 WHERE id BETWEEN 4211787 AND 4212786
	Aggregate  (cost=4069.34..4069.35 rows=1 width=8)
	  ->  Bitmap Heap Scan on sbtest8  (cost=27.23..4066.71 rows=1053 width=4)
	        Recheck Cond: ((id >= 4211787) AND (id <= 4212786))
	        ->  Bitmap Index Scan on sbtest8_pkey  (cost=0.00..26.96 rows=1053 width=0)
	              Index Cond: ((id >= 4211787) AND (id <= 4212786))

for: order_ranges
table 1 : explain SELECT c FROM sbtest1 WHERE id BETWEEN 7002262 AND 7003261 ORDER BY c
	Sort  (cost=3603.41..3605.71 rows=920 width=121)
	  Sort Key: c
	  ->  Bitmap Heap Scan on sbtest1  (cost=21.87..3558.12 rows=920 width=121)
	        Recheck Cond: ((id >= 7002262) AND (id <= 7003261))
	        ->  Bitmap Index Scan on sbtest1_pkey  (cost=0.00..21.64 rows=920 width=0)
	              Index Cond: ((id >= 7002262) AND (id <= 7003261))

table 2 : explain SELECT c FROM sbtest2 WHERE id BETWEEN 3670222 AND 3671221 ORDER BY c
	Sort  (cost=3661.94..3664.28 rows=935 width=121)
	  Sort Key: c
	  ->  Bitmap Heap Scan on sbtest2  (cost=22.02..3615.80 rows=935 width=121)
	        Recheck Cond: ((id >= 3670222) AND (id <= 3671221))
	        ->  Bitmap Index Scan on sbtest2_pkey  (cost=0.00..21.79 rows=935 width=0)
	              Index Cond: ((id >= 3670222) AND (id <= 3671221))

table 3 : explain SELECT c FROM sbtest3 WHERE id BETWEEN 2556332 AND 2557331 ORDER BY c
	Sort  (cost=4197.13..4199.82 rows=1075 width=121)
	  Sort Key: c
	  ->  Bitmap Heap Scan on sbtest3  (cost=23.45..4143.00 rows=1075 width=121)
	        Recheck Cond: ((id >= 2556332) AND (id <= 2557331))
	        ->  Bitmap Index Scan on sbtest3_pkey  (cost=0.00..23.18 rows=1075 width=0)
	              Index Cond: ((id >= 2556332) AND (id <= 2557331))

table 4 : explain SELECT c FROM sbtest4 WHERE id BETWEEN 8130536 AND 8131535 ORDER BY c
	Sort  (cost=4232.73..4235.44 rows=1084 width=121)
	  Sort Key: c
	  ->  Bitmap Heap Scan on sbtest4  (cost=23.55..4178.08 rows=1084 width=121)
	        Recheck Cond: ((id >= 8130536) AND (id <= 8131535))
	        ->  Bitmap Index Scan on sbtest4_pkey  (cost=0.00..23.27 rows=1084 width=0)
	              Index Cond: ((id >= 8130536) AND (id <= 8131535))

table 5 : explain SELECT c FROM sbtest5 WHERE id BETWEEN 6817231 AND 6818230 ORDER BY c
	Sort  (cost=3923.38..3925.89 rows=1003 width=121)
	  Sort Key: c
	  ->  Bitmap Heap Scan on sbtest5  (cost=22.72..3873.38 rows=1003 width=121)
	        Recheck Cond: ((id >= 6817231) AND (id <= 6818230))
	        ->  Bitmap Index Scan on sbtest5_pkey  (cost=0.00..22.46 rows=1003 width=0)
	              Index Cond: ((id >= 6817231) AND (id <= 6818230))

table 6 : explain SELECT c FROM sbtest6 WHERE id BETWEEN 359473 AND 360472 ORDER BY c
	Sort  (cost=3498.19..3500.42 rows=892 width=121)
	  Sort Key: c
	  ->  Bitmap Heap Scan on sbtest6  (cost=21.58..3454.48 rows=892 width=121)
	        Recheck Cond: ((id >= 359473) AND (id <= 360472))
	        ->  Bitmap Index Scan on sbtest6_pkey  (cost=0.00..21.36 rows=892 width=0)
	              Index Cond: ((id >= 359473) AND (id <= 360472))

table 7 : explain SELECT c FROM sbtest7 WHERE id BETWEEN 2502760 AND 2503759 ORDER BY c
	Sort  (cost=3893.86..3896.34 rows=995 width=121)
	  Sort Key: c
	  ->  Bitmap Heap Scan on sbtest7  (cost=22.63..3844.31 rows=995 width=121)
	        Recheck Cond: ((id >= 2502760) AND (id <= 2503759))
	        ->  Bitmap Index Scan on sbtest7_pkey  (cost=0.00..22.39 rows=995 width=0)
	              Index Cond: ((id >= 2502760) AND (id <= 2503759))

table 8 : explain SELECT c FROM sbtest8 WHERE id BETWEEN 9585766 AND 9586765 ORDER BY c
	Sort  (cost=3813.43..3815.87 rows=974 width=121)
	  Sort Key: c
	  ->  Bitmap Heap Scan on sbtest8  (cost=22.42..3765.08 rows=974 width=121)
	        Recheck Cond: ((id >= 9585766) AND (id <= 9586765))
	        ->  Bitmap Index Scan on sbtest8_pkey  (cost=0.00..22.18 rows=974 width=0)
	              Index Cond: ((id >= 9585766) AND (id <= 9586765))

for: simple_ranges
table 1 : explain SELECT c FROM sbtest1 WHERE id BETWEEN 9760591 AND 9761590
	Bitmap Heap Scan on sbtest1  (cost=27.90..4306.94 rows=1119 width=121)
	  Recheck Cond: ((id >= 9760591) AND (id <= 9761590))
	  ->  Bitmap Index Scan on sbtest1_pkey  (cost=0.00..27.62 rows=1119 width=0)
	        Index Cond: ((id >= 9760591) AND (id <= 9761590))

table 2 : explain SELECT c FROM sbtest2 WHERE id BETWEEN 2892952 AND 2893951
	Bitmap Heap Scan on sbtest2  (cost=23.04..3992.58 rows=1035 width=121)
	  Recheck Cond: ((id >= 2892952) AND (id <= 2893951))
	  ->  Bitmap Index Scan on sbtest2_pkey  (cost=0.00..22.79 rows=1035 width=0)
	        Index Cond: ((id >= 2892952) AND (id <= 2893951))

table 3 : explain SELECT c FROM sbtest3 WHERE id BETWEEN 3200520 AND 3201519
	Bitmap Heap Scan on sbtest3  (cost=23.25..4067.85 rows=1055 width=121)
	  Recheck Cond: ((id >= 3200520) AND (id <= 3201519))
	  ->  Bitmap Index Scan on sbtest3_pkey  (cost=0.00..22.98 rows=1055 width=0)
	        Index Cond: ((id >= 3200520) AND (id <= 3201519))

table 4 : explain SELECT c FROM sbtest4 WHERE id BETWEEN 7601267 AND 7602266
	Bitmap Heap Scan on sbtest4  (cost=22.11..3650.87 rows=944 width=121)
	  Recheck Cond: ((id >= 7601267) AND (id <= 7602266))
	  ->  Bitmap Index Scan on sbtest4_pkey  (cost=0.00..21.87 rows=944 width=0)
	        Index Cond: ((id >= 7601267) AND (id <= 7602266))

table 5 : explain SELECT c FROM sbtest5 WHERE id BETWEEN 4772165 AND 4773164
	Bitmap Heap Scan on sbtest5  (cost=23.46..4148.05 rows=1076 width=121)
	  Recheck Cond: ((id >= 4772165) AND (id <= 4773164))
	  ->  Bitmap Index Scan on sbtest5_pkey  (cost=0.00..23.19 rows=1076 width=0)
	        Index Cond: ((id >= 4772165) AND (id <= 4773164))

table 6 : explain SELECT c FROM sbtest6 WHERE id BETWEEN 5808281 AND 5809280
	Bitmap Heap Scan on sbtest6  (cost=22.15..3666.06 rows=948 width=121)
	  Recheck Cond: ((id >= 5808281) AND (id <= 5809280))
	  ->  Bitmap Index Scan on sbtest6_pkey  (cost=0.00..21.91 rows=948 width=0)
	        Index Cond: ((id >= 5808281) AND (id <= 5809280))

table 7 : explain SELECT c FROM sbtest7 WHERE id BETWEEN 9426506 AND 9427505
	Bitmap Heap Scan on sbtest7  (cost=22.47..3783.98 rows=979 width=121)
	  Recheck Cond: ((id >= 9426506) AND (id <= 9427505))
	  ->  Bitmap Index Scan on sbtest7_pkey  (cost=0.00..22.22 rows=979 width=0)
	        Index Cond: ((id >= 9426506) AND (id <= 9427505))

table 8 : explain SELECT c FROM sbtest8 WHERE id BETWEEN 9157097 AND 9158096
	Bitmap Heap Scan on sbtest8  (cost=22.82..3912.11 rows=1013 width=121)
	  Recheck Cond: ((id >= 9157097) AND (id <= 9158096))
	  ->  Bitmap Index Scan on sbtest8_pkey  (cost=0.00..22.57 rows=1013 width=0)
	        Index Cond: ((id >= 9157097) AND (id <= 9158096))

for: distinct_ranges
table 1 : explain SELECT DISTINCT c FROM sbtest1 WHERE id BETWEEN 1695775 AND 1696774 ORDER BY c
	Unique  (cost=3591.92..3596.50 rows=917 width=121)
	  ->  Sort  (cost=3591.92..3594.21 rows=917 width=121)
	        Sort Key: c
	        ->  Bitmap Heap Scan on sbtest1  (cost=21.83..3546.80 rows=917 width=121)
	              Recheck Cond: ((id >= 1695775) AND (id <= 1696774))
	              ->  Bitmap Index Scan on sbtest1_pkey  (cost=0.00..21.61 rows=917 width=0)
	                    Index Cond: ((id >= 1695775) AND (id <= 1696774))

table 2 : explain SELECT DISTINCT c FROM sbtest2 WHERE id BETWEEN 8776084 AND 8777083 ORDER BY c
	Unique  (cost=3684.92..3689.63 rows=941 width=121)
	  ->  Sort  (cost=3684.92..3687.28 rows=941 width=121)
	        Sort Key: c
	        ->  Bitmap Heap Scan on sbtest2  (cost=22.08..3638.45 rows=941 width=121)
	              Recheck Cond: ((id >= 8776084) AND (id <= 8777083))
	              ->  Bitmap Index Scan on sbtest2_pkey  (cost=0.00..21.84 rows=941 width=0)
	                    Index Cond: ((id >= 8776084) AND (id <= 8777083))

table 3 : explain SELECT DISTINCT c FROM sbtest3 WHERE id BETWEEN 9238153 AND 9239152 ORDER BY c
	Unique  (cost=3604.53..3609.13 rows=920 width=121)
	  ->  Sort  (cost=3604.53..3606.83 rows=920 width=121)
	        Sort Key: c
	        ->  Bitmap Heap Scan on sbtest3  (cost=21.87..3559.24 rows=920 width=121)
	              Recheck Cond: ((id >= 9238153) AND (id <= 9239152))
	              ->  Bitmap Index Scan on sbtest3_pkey  (cost=0.00..21.64 rows=920 width=0)
	                    Index Cond: ((id >= 9238153) AND (id <= 9239152))

table 4 : explain SELECT DISTINCT c FROM sbtest4 WHERE id BETWEEN 559813 AND 560812 ORDER BY c
	Unique  (cost=4072.41..4077.62 rows=1042 width=121)
	  ->  Sort  (cost=4072.41..4075.02 rows=1042 width=121)
	        Sort Key: c
	        ->  Bitmap Heap Scan on sbtest4  (cost=23.12..4020.18 rows=1042 width=121)
	              Recheck Cond: ((id >= 559813) AND (id <= 560812))
	              ->  Bitmap Index Scan on sbtest4_pkey  (cost=0.00..22.86 rows=1042 width=0)
	                    Index Cond: ((id >= 559813) AND (id <= 560812))

table 5 : explain SELECT DISTINCT c FROM sbtest5 WHERE id BETWEEN 9313037 AND 9314036 ORDER BY c
	Unique  (cost=4125.90..4131.18 rows=1056 width=121)
	  ->  Sort  (cost=4125.90..4128.54 rows=1056 width=121)
	        Sort Key: c
	        ->  Bitmap Heap Scan on sbtest5  (cost=23.26..4072.87 rows=1056 width=121)
	              Recheck Cond: ((id >= 9313037) AND (id <= 9314036))
	              ->  Bitmap Index Scan on sbtest5_pkey  (cost=0.00..23.00 rows=1056 width=0)
	                    Index Cond: ((id >= 9313037) AND (id <= 9314036))

table 6 : explain SELECT DISTINCT c FROM sbtest6 WHERE id BETWEEN 4342960 AND 4343959 ORDER BY c
	Unique  (cost=4053.41..4058.60 rows=1037 width=121)
	  ->  Sort  (cost=4053.41..4056.01 rows=1037 width=121)
	        Sort Key: c
	        ->  Bitmap Heap Scan on sbtest6  (cost=23.06..4001.47 rows=1037 width=121)
	              Recheck Cond: ((id >= 4342960) AND (id <= 4343959))
	              ->  Bitmap Index Scan on sbtest6_pkey  (cost=0.00..22.80 rows=1037 width=0)
	                    Index Cond: ((id >= 4342960) AND (id <= 4343959))

table 7 : explain SELECT DISTINCT c FROM sbtest7 WHERE id BETWEEN 3290077 AND 3291076 ORDER BY c
	Unique  (cost=3870.89..3875.84 rows=989 width=121)
	  ->  Sort  (cost=3870.89..3873.37 rows=989 width=121)
	        Sort Key: c
	        ->  Bitmap Heap Scan on sbtest7  (cost=22.57..3821.69 rows=989 width=121)
	              Recheck Cond: ((id >= 3290077) AND (id <= 3291076))
	              ->  Bitmap Index Scan on sbtest7_pkey  (cost=0.00..22.32 rows=989 width=0)
	                    Index Cond: ((id >= 3290077) AND (id <= 3291076))

table 8 : explain SELECT DISTINCT c FROM sbtest8 WHERE id BETWEEN 6401382 AND 6402381 ORDER BY c
	Unique  (cost=3817.26..3822.14 rows=975 width=121)
	  ->  Sort  (cost=3817.26..3819.70 rows=975 width=121)
	        Sort Key: c
	        ->  Bitmap Heap Scan on sbtest8  (cost=22.43..3768.86 rows=975 width=121)
	              Recheck Cond: ((id >= 6401382) AND (id <= 6402381))
	              ->  Bitmap Index Scan on sbtest8_pkey  (cost=0.00..22.18 rows=975 width=0)
	                    Index Cond: ((id >= 6401382) AND (id <= 6402381))

for: sum_ranges
table 1 : explain SELECT SUM(k) FROM sbtest1 WHERE id BETWEEN 131426 AND 132425
	Aggregate  (cost=4016.48..4016.49 rows=1 width=8)
	  ->  Bitmap Heap Scan on sbtest1  (cost=23.11..4013.88 rows=1041 width=4)
	        Recheck Cond: ((id >= 131426) AND (id <= 132425))
	        ->  Bitmap Index Scan on sbtest1_pkey  (cost=0.00..22.84 rows=1041 width=0)
	              Index Cond: ((id >= 131426) AND (id <= 132425))

table 2 : explain SELECT SUM(k) FROM sbtest2 WHERE id BETWEEN 9739762 AND 9740761
	Aggregate  (cost=3565.25..3565.26 rows=1 width=8)
	  ->  Bitmap Heap Scan on sbtest2  (cost=21.88..3562.95 rows=921 width=4)
	        Recheck Cond: ((id >= 9739762) AND (id <= 9740761))
	        ->  Bitmap Index Scan on sbtest2_pkey  (cost=0.00..21.64 rows=921 width=0)
	              Index Cond: ((id >= 9739762) AND (id <= 9740761))

table 3 : explain SELECT SUM(k) FROM sbtest3 WHERE id BETWEEN 5800768 AND 5801767
	Aggregate  (cost=3421.62..3421.63 rows=1 width=8)
	  ->  Bitmap Heap Scan on sbtest3  (cost=21.49..3419.41 rows=883 width=4)
	        Recheck Cond: ((id >= 5800768) AND (id <= 5801767))
	        ->  Bitmap Index Scan on sbtest3_pkey  (cost=0.00..21.26 rows=883 width=0)
	              Index Cond: ((id >= 5800768) AND (id <= 5801767))

table 4 : explain SELECT SUM(k) FROM sbtest4 WHERE id BETWEEN 1431399 AND 1432398
	Aggregate  (cost=3641.90..3641.91 rows=1 width=8)
	  ->  Bitmap Heap Scan on sbtest4  (cost=22.08..3639.55 rows=941 width=4)
	        Recheck Cond: ((id >= 1431399) AND (id <= 1432398))
	        ->  Bitmap Index Scan on sbtest4_pkey  (cost=0.00..21.84 rows=941 width=0)
	              Index Cond: ((id >= 1431399) AND (id <= 1432398))

table 5 : explain SELECT SUM(k) FROM sbtest5 WHERE id BETWEEN 1217783 AND 1218782
	Aggregate  (cost=3868.35..3868.36 rows=1 width=8)
	  ->  Bitmap Heap Scan on sbtest5  (cost=22.70..3865.85 rows=1001 width=4)
	        Recheck Cond: ((id >= 1217783) AND (id <= 1218782))
	        ->  Bitmap Index Scan on sbtest5_pkey  (cost=0.00..22.44 rows=1001 width=0)
	              Index Cond: ((id >= 1217783) AND (id <= 1218782))

table 6 : explain SELECT SUM(k) FROM sbtest6 WHERE id BETWEEN 8202106 AND 8203105
	Aggregate  (cost=4222.49..4222.50 rows=1 width=8)
	  ->  Bitmap Heap Scan on sbtest6  (cost=27.65..4219.76 rows=1094 width=4)
	        Recheck Cond: ((id >= 8202106) AND (id <= 8203105))
	        ->  Bitmap Index Scan on sbtest6_pkey  (cost=0.00..27.37 rows=1094 width=0)
	              Index Cond: ((id >= 8202106) AND (id <= 8203105))

table 7 : explain SELECT SUM(k) FROM sbtest7 WHERE id BETWEEN 3002690 AND 3003689
	Aggregate  (cost=4046.56..4046.57 rows=1 width=8)
	  ->  Bitmap Heap Scan on sbtest7  (cost=23.18..4043.94 rows=1048 width=4)
	        Recheck Cond: ((id >= 3002690) AND (id <= 3003689))
	        ->  Bitmap Index Scan on sbtest7_pkey  (cost=0.00..22.91 rows=1048 width=0)
	              Index Cond: ((id >= 3002690) AND (id <= 3003689))

table 8 : explain SELECT SUM(k) FROM sbtest8 WHERE id BETWEEN 8479591 AND 8480590
	Aggregate  (cost=3627.75..3627.76 rows=1 width=8)
	  ->  Bitmap Heap Scan on sbtest8  (cost=22.04..3625.41 rows=937 width=4)
	        Recheck Cond: ((id >= 8479591) AND (id <= 8480590))
	        ->  Bitmap Index Scan on sbtest8_pkey  (cost=0.00..21.80 rows=937 width=0)
	              Index Cond: ((id >= 8479591) AND (id <= 8480590))

for: distinct_ranges
table 1 : explain SELECT DISTINCT c FROM sbtest1 WHERE id BETWEEN 5838288 AND 5839287 ORDER BY c
	Unique  (cost=3450.07..3454.47 rows=880 width=121)
	  ->  Sort  (cost=3450.07..3452.27 rows=880 width=121)
	        Sort Key: c
	        ->  Bitmap Heap Scan on sbtest1  (cost=21.45..3407.03 rows=880 width=121)
	              Recheck Cond: ((id >= 5838288) AND (id <= 5839287))
	              ->  Bitmap Index Scan on sbtest1_pkey  (cost=0.00..21.23 rows=880 width=0)
	                    Index Cond: ((id >= 5838288) AND (id <= 5839287))

table 2 : explain SELECT DISTINCT c FROM sbtest2 WHERE id BETWEEN 6123501 AND 6124500 ORDER BY c
	Unique  (cost=3723.22..3727.97 rows=951 width=121)
	  ->  Sort  (cost=3723.22..3725.60 rows=951 width=121)
	        Sort Key: c
	        ->  Bitmap Heap Scan on sbtest2  (cost=22.18..3676.18 rows=951 width=121)
	              Recheck Cond: ((id >= 6123501) AND (id <= 6124500))
	              ->  Bitmap Index Scan on sbtest2_pkey  (cost=0.00..21.94 rows=951 width=0)
	                    Index Cond: ((id >= 6123501) AND (id <= 6124500))

table 3 : explain SELECT DISTINCT c FROM sbtest3 WHERE id BETWEEN 9809351 AND 9810350 ORDER BY c
	Unique  (cost=3684.99..3689.69 rows=941 width=121)
	  ->  Sort  (cost=3684.99..3687.34 rows=941 width=121)
	        Sort Key: c
	        ->  Bitmap Heap Scan on sbtest3  (cost=22.08..3638.51 rows=941 width=121)
	              Recheck Cond: ((id >= 9809351) AND (id <= 9810350))
	              ->  Bitmap Index Scan on sbtest3_pkey  (cost=0.00..21.84 rows=941 width=0)
	                    Index Cond: ((id >= 9809351) AND (id <= 9810350))

table 4 : explain SELECT DISTINCT c FROM sbtest4 WHERE id BETWEEN 7980120 AND 7981119 ORDER BY c
	Unique  (cost=3854.50..3859.43 rows=985 width=121)
	  ->  Sort  (cost=3854.50..3856.97 rows=985 width=121)
	        Sort Key: c
	        ->  Bitmap Heap Scan on sbtest4  (cost=22.53..3805.53 rows=985 width=121)
	              Recheck Cond: ((id >= 7980120) AND (id <= 7981119))
	              ->  Bitmap Index Scan on sbtest4_pkey  (cost=0.00..22.29 rows=985 width=0)
	                    Index Cond: ((id >= 7980120) AND (id <= 7981119))

table 5 : explain SELECT DISTINCT c FROM sbtest5 WHERE id BETWEEN 5679679 AND 5680678 ORDER BY c
	Unique  (cost=3663.05..3667.73 rows=935 width=121)
	  ->  Sort  (cost=3663.05..3665.39 rows=935 width=121)
	        Sort Key: c
	        ->  Bitmap Heap Scan on sbtest5  (cost=22.02..3616.91 rows=935 width=121)
	              Recheck Cond: ((id >= 5679679) AND (id <= 5680678))
	              ->  Bitmap Index Scan on sbtest5_pkey  (cost=0.00..21.79 rows=935 width=0)
	                    Index Cond: ((id >= 5679679) AND (id <= 5680678))

table 6 : explain SELECT DISTINCT c FROM sbtest6 WHERE id BETWEEN 440466 AND 441465 ORDER BY c
	Unique  (cost=3494.35..3498.80 rows=891 width=121)
	  ->  Sort  (cost=3494.35..3496.58 rows=891 width=121)
	        Sort Key: c
	        ->  Bitmap Heap Scan on sbtest6  (cost=21.57..3450.69 rows=891 width=121)
	              Recheck Cond: ((id >= 440466) AND (id <= 441465))
	              ->  Bitmap Index Scan on sbtest6_pkey  (cost=0.00..21.34 rows=891 width=0)
	                    Index Cond: ((id >= 440466) AND (id <= 441465))

table 7 : explain SELECT DISTINCT c FROM sbtest7 WHERE id BETWEEN 9351819 AND 9352818 ORDER BY c
	Unique  (cost=3679.36..3684.06 rows=939 width=121)
	  ->  Sort  (cost=3679.36..3681.71 rows=939 width=121)
	        Sort Key: c
	        ->  Bitmap Heap Scan on sbtest7  (cost=22.06..3633.00 rows=939 width=121)
	              Recheck Cond: ((id >= 9351819) AND (id <= 9352818))
	              ->  Bitmap Index Scan on sbtest7_pkey  (cost=0.00..21.82 rows=939 width=0)
	                    Index Cond: ((id >= 9351819) AND (id <= 9352818))

table 8 : explain SELECT DISTINCT c FROM sbtest8 WHERE id BETWEEN 9008233 AND 9009232 ORDER BY c
	Unique  (cost=3625.64..3630.27 rows=925 width=121)
	  ->  Sort  (cost=3625.64..3627.96 rows=925 width=121)
	        Sort Key: c
	        ->  Bitmap Heap Scan on sbtest8  (cost=21.92..3580.07 rows=925 width=121)
	              Recheck Cond: ((id >= 9008233) AND (id <= 9009232))
	              ->  Bitmap Index Scan on sbtest8_pkey  (cost=0.00..21.68 rows=925 width=0)
	                    Index Cond: ((id >= 9008233) AND (id <= 9009232))

for: order_ranges
table 1 : explain SELECT c FROM sbtest1 WHERE id BETWEEN 5142384 AND 5143383 ORDER BY c
	Sort  (cost=3768.03..3770.44 rows=963 width=121)
	  Sort Key: c
	  ->  Bitmap Heap Scan on sbtest1  (cost=22.31..3720.31 rows=963 width=121)
	        Recheck Cond: ((id >= 5142384) AND (id <= 5143383))
	        ->  Bitmap Index Scan on sbtest1_pkey  (cost=0.00..22.07 rows=963 width=0)
	              Index Cond: ((id >= 5142384) AND (id <= 5143383))

table 2 : explain SELECT c FROM sbtest2 WHERE id BETWEEN 4879230 AND 4880229 ORDER BY c
	Sort  (cost=4338.35..4341.13 rows=1112 width=121)
	  Sort Key: c
	  ->  Bitmap Heap Scan on sbtest2  (cost=27.83..4282.09 rows=1112 width=121)
	        Recheck Cond: ((id >= 4879230) AND (id <= 4880229))
	        ->  Bitmap Index Scan on sbtest2_pkey  (cost=0.00..27.55 rows=1112 width=0)
	              Index Cond: ((id >= 4879230) AND (id <= 4880229))

table 3 : explain SELECT c FROM sbtest3 WHERE id BETWEEN 5880294 AND 5881293 ORDER BY c
	Sort  (cost=3462.62..3464.83 rows=883 width=121)
	  Sort Key: c
	  ->  Bitmap Heap Scan on sbtest3  (cost=21.49..3419.41 rows=883 width=121)
	        Recheck Cond: ((id >= 5880294) AND (id <= 5881293))
	        ->  Bitmap Index Scan on sbtest3_pkey  (cost=0.00..21.26 rows=883 width=0)
	              Index Cond: ((id >= 5880294) AND (id <= 5881293))

table 4 : explain SELECT c FROM sbtest4 WHERE id BETWEEN 3197800 AND 3198799 ORDER BY c
	Sort  (cost=3816.23..3818.67 rows=975 width=121)
	  Sort Key: c
	  ->  Bitmap Heap Scan on sbtest4  (cost=22.43..3767.83 rows=975 width=121)
	        Recheck Cond: ((id >= 3197800) AND (id <= 3198799))
	        ->  Bitmap Index Scan on sbtest4_pkey  (cost=0.00..22.18 rows=975 width=0)
	              Index Cond: ((id >= 3197800) AND (id <= 3198799))

table 5 : explain SELECT c FROM sbtest5 WHERE id BETWEEN 9704750 AND 9705749 ORDER BY c
	Sort  (cost=3505.80..3508.04 rows=894 width=121)
	  Sort Key: c
	  ->  Bitmap Heap Scan on sbtest5  (cost=21.60..3461.98 rows=894 width=121)
	        Recheck Cond: ((id >= 9704750) AND (id <= 9705749))
	        ->  Bitmap Index Scan on sbtest5_pkey  (cost=0.00..21.37 rows=894 width=0)
	              Index Cond: ((id >= 9704750) AND (id <= 9705749))

table 6 : explain SELECT c FROM sbtest6 WHERE id BETWEEN 9301902 AND 9302901 ORDER BY c
	Sort  (cost=3889.03..3891.52 rows=994 width=121)
	  Sort Key: c
	  ->  Bitmap Heap Scan on sbtest6  (cost=22.62..3839.54 rows=994 width=121)
	        Recheck Cond: ((id >= 9301902) AND (id <= 9302901))
	        ->  Bitmap Index Scan on sbtest6_pkey  (cost=0.00..22.37 rows=994 width=0)
	              Index Cond: ((id >= 9301902) AND (id <= 9302901))

table 7 : explain SELECT c FROM sbtest7 WHERE id BETWEEN 3055624 AND 3056623 ORDER BY c
	Sort  (cost=3809.64..3812.07 rows=973 width=121)
	  Sort Key: c
	  ->  Bitmap Heap Scan on sbtest7  (cost=22.41..3761.35 rows=973 width=121)
	        Recheck Cond: ((id >= 3055624) AND (id <= 3056623))
	        ->  Bitmap Index Scan on sbtest7_pkey  (cost=0.00..22.16 rows=973 width=0)
	              Index Cond: ((id >= 3055624) AND (id <= 3056623))

table 8 : explain SELECT c FROM sbtest8 WHERE id BETWEEN 4752863 AND 4753862 ORDER BY c
	Sort  (cost=3418.35..3420.52 rows=871 width=121)
	  Sort Key: c
	  ->  Bitmap Heap Scan on sbtest8  (cost=21.36..3375.81 rows=871 width=121)
	        Recheck Cond: ((id >= 4752863) AND (id <= 4753862))
	        ->  Bitmap Index Scan on sbtest8_pkey  (cost=0.00..21.14 rows=871 width=0)
	              Index Cond: ((id >= 4752863) AND (id <= 4753862))

for: sum_ranges
table 1 : explain SELECT SUM(k) FROM sbtest1 WHERE id BETWEEN 7769144 AND 7770143
	Aggregate  (cost=3948.76..3948.77 rows=1 width=8)
	  ->  Bitmap Heap Scan on sbtest1  (cost=22.92..3946.20 rows=1023 width=4)
	        Recheck Cond: ((id >= 7769144) AND (id <= 7770143))
	        ->  Bitmap Index Scan on sbtest1_pkey  (cost=0.00..22.66 rows=1023 width=0)
	              Index Cond: ((id >= 7769144) AND (id <= 7770143))

table 2 : explain SELECT SUM(k) FROM sbtest2 WHERE id BETWEEN 3952451 AND 3953450
	Aggregate  (cost=3957.52..3957.53 rows=1 width=8)
	  ->  Bitmap Heap Scan on sbtest2  (cost=22.94..3954.96 rows=1025 width=4)
	        Recheck Cond: ((id >= 3952451) AND (id <= 3953450))
	        ->  Bitmap Index Scan on sbtest2_pkey  (cost=0.00..22.68 rows=1025 width=0)
	              Index Cond: ((id >= 3952451) AND (id <= 3953450))

table 3 : explain SELECT SUM(k) FROM sbtest3 WHERE id BETWEEN 7873967 AND 7874966
	Aggregate  (cost=4224.84..4224.85 rows=1 width=8)
	  ->  Bitmap Heap Scan on sbtest3  (cost=27.66..4222.10 rows=1095 width=4)
	        Recheck Cond: ((id >= 7873967) AND (id <= 7874966))
	        ->  Bitmap Index Scan on sbtest3_pkey  (cost=0.00..27.39 rows=1095 width=0)
	              Index Cond: ((id >= 7873967) AND (id <= 7874966))

table 4 : explain SELECT SUM(k) FROM sbtest4 WHERE id BETWEEN 3431342 AND 3432341
	Aggregate  (cost=3985.13..3985.14 rows=1 width=8)
	  ->  Bitmap Heap Scan on sbtest4  (cost=23.01..3982.55 rows=1032 width=4)
	        Recheck Cond: ((id >= 3431342) AND (id <= 3432341))
	        ->  Bitmap Index Scan on sbtest4_pkey  (cost=0.00..22.75 rows=1032 width=0)
	              Index Cond: ((id >= 3431342) AND (id <= 3432341))

table 5 : explain SELECT SUM(k) FROM sbtest5 WHERE id BETWEEN 1678749 AND 1679748
	Aggregate  (cost=4305.09..4305.10 rows=1 width=8)
	  ->  Bitmap Heap Scan on sbtest5  (cost=27.88..4302.30 rows=1117 width=4)
	        Recheck Cond: ((id >= 1678749) AND (id <= 1679748))
	        ->  Bitmap Index Scan on sbtest5_pkey  (cost=0.00..27.61 rows=1117 width=0)
	              Index Cond: ((id >= 1678749) AND (id <= 1679748))

table 6 : explain SELECT SUM(k) FROM sbtest6 WHERE id BETWEEN 2117616 AND 2118615
	Aggregate  (cost=4053.00..4053.01 rows=1 width=8)
	  ->  Bitmap Heap Scan on sbtest6  (cost=23.20..4050.38 rows=1050 width=4)
	        Recheck Cond: ((id >= 2117616) AND (id <= 2118615))
	        ->  Bitmap Index Scan on sbtest6_pkey  (cost=0.00..22.93 rows=1050 width=0)
	              Index Cond: ((id >= 2117616) AND (id <= 2118615))

table 7 : explain SELECT SUM(k) FROM sbtest7 WHERE id BETWEEN 7253860 AND 7254859
	Aggregate  (cost=4167.23..4167.24 rows=1 width=8)
	  ->  Bitmap Heap Scan on sbtest7  (cost=27.49..4164.53 rows=1079 width=4)
	        Recheck Cond: ((id >= 7253860) AND (id <= 7254859))
	        ->  Bitmap Index Scan on sbtest7_pkey  (cost=0.00..27.22 rows=1079 width=0)
	              Index Cond: ((id >= 7253860) AND (id <= 7254859))

table 8 : explain SELECT SUM(k) FROM sbtest8 WHERE id BETWEEN 8245926 AND 8246925
	Aggregate  (cost=4208.56..4208.57 rows=1 width=8)
	  ->  Bitmap Heap Scan on sbtest8  (cost=27.61..4205.84 rows=1090 width=4)
	        Recheck Cond: ((id >= 8245926) AND (id <= 8246925))
	        ->  Bitmap Index Scan on sbtest8_pkey  (cost=0.00..27.33 rows=1090 width=0)
	              Index Cond: ((id >= 8245926) AND (id <= 8246925))

for: order_ranges
table 1 : explain SELECT c FROM sbtest1 WHERE id BETWEEN 2704673 AND 2705672 ORDER BY c
	Sort  (cost=3829.22..3831.67 rows=979 width=121)
	  Sort Key: c
	  ->  Bitmap Heap Scan on sbtest1  (cost=22.47..3780.59 rows=979 width=121)
	        Recheck Cond: ((id >= 2704673) AND (id <= 2705672))
	        ->  Bitmap Index Scan on sbtest1_pkey  (cost=0.00..22.22 rows=979 width=0)
	              Index Cond: ((id >= 2704673) AND (id <= 2705672))

table 2 : explain SELECT c FROM sbtest2 WHERE id BETWEEN 874930 AND 875929 ORDER BY c
	Sort  (cost=4097.86..4100.48 rows=1049 width=121)
	  Sort Key: c
	  ->  Bitmap Heap Scan on sbtest2  (cost=23.19..4045.22 rows=1049 width=121)
	        Recheck Cond: ((id >= 874930) AND (id <= 875929))
	        ->  Bitmap Index Scan on sbtest2_pkey  (cost=0.00..22.93 rows=1049 width=0)
	              Index Cond: ((id >= 874930) AND (id <= 875929))

table 3 : explain SELECT c FROM sbtest3 WHERE id BETWEEN 5256320 AND 5257319 ORDER BY c
	Sort  (cost=4170.43..4173.10 rows=1068 width=121)
	  Sort Key: c
	  ->  Bitmap Heap Scan on sbtest3  (cost=23.38..4116.71 rows=1068 width=121)
	        Recheck Cond: ((id >= 5256320) AND (id <= 5257319))
	        ->  Bitmap Index Scan on sbtest3_pkey  (cost=0.00..23.11 rows=1068 width=0)
	              Index Cond: ((id >= 5256320) AND (id <= 5257319))

table 4 : explain SELECT c FROM sbtest4 WHERE id BETWEEN 1040358 AND 1041357 ORDER BY c
	Sort  (cost=3739.66..3742.04 rows=955 width=121)
	  Sort Key: c
	  ->  Bitmap Heap Scan on sbtest4  (cost=22.22..3692.39 rows=955 width=121)
	        Recheck Cond: ((id >= 1040358) AND (id <= 1041357))
	        ->  Bitmap Index Scan on sbtest4_pkey  (cost=0.00..21.98 rows=955 width=0)
	              Index Cond: ((id >= 1040358) AND (id <= 1041357))

table 5 : explain SELECT c FROM sbtest5 WHERE id BETWEEN 8729658 AND 8730657 ORDER BY c
	Sort  (cost=3823.91..3826.35 rows=977 width=121)
	  Sort Key: c
	  ->  Bitmap Heap Scan on sbtest5  (cost=22.45..3775.39 rows=977 width=121)
	        Recheck Cond: ((id >= 8729658) AND (id <= 8730657))
	        ->  Bitmap Index Scan on sbtest5_pkey  (cost=0.00..22.20 rows=977 width=0)
	              Index Cond: ((id >= 8729658) AND (id <= 8730657))

table 6 : explain SELECT c FROM sbtest6 WHERE id BETWEEN 8063097 AND 8064096 ORDER BY c
	Sort  (cost=3797.18..3799.61 rows=970 width=121)
	  Sort Key: c
	  ->  Bitmap Heap Scan on sbtest6  (cost=22.38..3749.06 rows=970 width=121)
	        Recheck Cond: ((id >= 8063097) AND (id <= 8064096))
	        ->  Bitmap Index Scan on sbtest6_pkey  (cost=0.00..22.14 rows=970 width=0)
	              Index Cond: ((id >= 8063097) AND (id <= 8064096))

table 7 : explain SELECT c FROM sbtest7 WHERE id BETWEEN 7898328 AND 7899327 ORDER BY c
	Sort  (cost=3725.36..3727.73 rows=951 width=121)
	  Sort Key: c
	  ->  Bitmap Heap Scan on sbtest7  (cost=22.18..3678.31 rows=951 width=121)
	        Recheck Cond: ((id >= 7898328) AND (id <= 7899327))
	        ->  Bitmap Index Scan on sbtest7_pkey  (cost=0.00..21.94 rows=951 width=0)
	              Index Cond: ((id >= 7898328) AND (id <= 7899327))

table 8 : explain SELECT c FROM sbtest8 WHERE id BETWEEN 6965474 AND 6966473 ORDER BY c
	Sort  (cost=3487.49..3489.71 rows=889 width=121)
	  Sort Key: c
	  ->  Bitmap Heap Scan on sbtest8  (cost=21.55..3443.94 rows=889 width=121)
	        Recheck Cond: ((id >= 6965474) AND (id <= 6966473))
	        ->  Bitmap Index Scan on sbtest8_pkey  (cost=0.00..21.32 rows=889 width=0)
	              Index Cond: ((id >= 6965474) AND (id <= 6966473))

for: distinct_ranges
table 1 : explain SELECT DISTINCT c FROM sbtest1 WHERE id BETWEEN 6747643 AND 6748642 ORDER BY c
	Unique  (cost=4184.29..4189.65 rows=1072 width=121)
	  ->  Sort  (cost=4184.29..4186.97 rows=1072 width=121)
	        Sort Key: c
	        ->  Bitmap Heap Scan on sbtest1  (cost=23.42..4130.33 rows=1072 width=121)
	              Recheck Cond: ((id >= 6747643) AND (id <= 6748642))
	              ->  Bitmap Index Scan on sbtest1_pkey  (cost=0.00..23.15 rows=1072 width=0)
	                    Index Cond: ((id >= 6747643) AND (id <= 6748642))

table 2 : explain SELECT DISTINCT c FROM sbtest2 WHERE id BETWEEN 4298811 AND 4299810 ORDER BY c
	Unique  (cost=3860.98..3865.91 rows=987 width=121)
	  ->  Sort  (cost=3860.98..3863.45 rows=987 width=121)
	        Sort Key: c
	        ->  Bitmap Heap Scan on sbtest2  (cost=22.55..3811.89 rows=987 width=121)
	              Recheck Cond: ((id >= 4298811) AND (id <= 4299810))
	              ->  Bitmap Index Scan on sbtest2_pkey  (cost=0.00..22.30 rows=987 width=0)
	                    Index Cond: ((id >= 4298811) AND (id <= 4299810))

table 3 : explain SELECT DISTINCT c FROM sbtest3 WHERE id BETWEEN 8288700 AND 8289699 ORDER BY c
	Unique  (cost=3968.08..3973.16 rows=1015 width=121)
	  ->  Sort  (cost=3968.08..3970.62 rows=1015 width=121)
	        Sort Key: c
	        ->  Bitmap Heap Scan on sbtest3  (cost=22.84..3917.40 rows=1015 width=121)
	              Recheck Cond: ((id >= 8288700) AND (id <= 8289699))
	              ->  Bitmap Index Scan on sbtest3_pkey  (cost=0.00..22.58 rows=1015 width=0)
	                    Index Cond: ((id >= 8288700) AND (id <= 8289699))

table 4 : explain SELECT DISTINCT c FROM sbtest4 WHERE id BETWEEN 3954802 AND 3955801 ORDER BY c
	Unique  (cost=3751.15..3755.94 rows=958 width=121)
	  ->  Sort  (cost=3751.15..3753.54 rows=958 width=121)
	        Sort Key: c
	        ->  Bitmap Heap Scan on sbtest4  (cost=22.25..3703.71 rows=958 width=121)
	              Recheck Cond: ((id >= 3954802) AND (id <= 3955801))
	              ->  Bitmap Index Scan on sbtest4_pkey  (cost=0.00..22.01 rows=958 width=0)
	                    Index Cond: ((id >= 3954802) AND (id <= 3955801))

table 5 : explain SELECT DISTINCT c FROM sbtest5 WHERE id BETWEEN 599611 AND 600610 ORDER BY c
	Unique  (cost=4083.90..4089.12 rows=1045 width=121)
	  ->  Sort  (cost=4083.90..4086.51 rows=1045 width=121)
	        Sort Key: c
	        ->  Bitmap Heap Scan on sbtest5  (cost=23.15..4031.49 rows=1045 width=121)
	              Recheck Cond: ((id >= 599611) AND (id <= 600610))
	              ->  Bitmap Index Scan on sbtest5_pkey  (cost=0.00..22.89 rows=1045 width=0)
	                    Index Cond: ((id >= 599611) AND (id <= 600610))

table 6 : explain SELECT DISTINCT c FROM sbtest6 WHERE id BETWEEN 1610575 AND 1611574 ORDER BY c
	Unique  (cost=3889.03..3894.00 rows=994 width=121)
	  ->  Sort  (cost=3889.03..3891.52 rows=994 width=121)
	        Sort Key: c
	        ->  Bitmap Heap Scan on sbtest6  (cost=22.62..3839.54 rows=994 width=121)
	              Recheck Cond: ((id >= 1610575) AND (id <= 1611574))
	              ->  Bitmap Index Scan on sbtest6_pkey  (cost=0.00..22.37 rows=994 width=0)
	                    Index Cond: ((id >= 1610575) AND (id <= 1611574))

table 7 : explain SELECT DISTINCT c FROM sbtest7 WHERE id BETWEEN 283075 AND 284074 ORDER BY c
	Unique  (cost=3870.89..3875.84 rows=989 width=121)
	  ->  Sort  (cost=3870.89..3873.37 rows=989 width=121)
	        Sort Key: c
	        ->  Bitmap Heap Scan on sbtest7  (cost=22.57..3821.69 rows=989 width=121)
	              Recheck Cond: ((id >= 283075) AND (id <= 284074))
	              ->  Bitmap Index Scan on sbtest7_pkey  (cost=0.00..22.32 rows=989 width=0)
	                    Index Cond: ((id >= 283075) AND (id <= 284074))

table 8 : explain SELECT DISTINCT c FROM sbtest8 WHERE id BETWEEN 343353 AND 344352 ORDER BY c
	Unique  (cost=3867.03..3871.97 rows=988 width=121)
	  ->  Sort  (cost=3867.03..3869.50 rows=988 width=121)
	        Sort Key: c
	        ->  Bitmap Heap Scan on sbtest8  (cost=22.56..3817.89 rows=988 width=121)
	              Recheck Cond: ((id >= 343353) AND (id <= 344352))
	              ->  Bitmap Index Scan on sbtest8_pkey  (cost=0.00..22.32 rows=988 width=0)
	                    Index Cond: ((id >= 343353) AND (id <= 344352))

for: sum_ranges
table 1 : explain SELECT SUM(k) FROM sbtest1 WHERE id BETWEEN 5167209 AND 5168208
	Aggregate  (cost=3522.64..3522.65 rows=1 width=8)
	  ->  Bitmap Heap Scan on sbtest1  (cost=21.76..3520.37 rows=910 width=4)
	        Recheck Cond: ((id >= 5167209) AND (id <= 5168208))
	        ->  Bitmap Index Scan on sbtest1_pkey  (cost=0.00..21.54 rows=910 width=0)
	              Index Cond: ((id >= 5167209) AND (id <= 5168208))

table 2 : explain SELECT SUM(k) FROM sbtest2 WHERE id BETWEEN 1434988 AND 1435987
	Aggregate  (cost=3855.82..3855.83 rows=1 width=8)
	  ->  Bitmap Heap Scan on sbtest2  (cost=22.66..3853.32 rows=998 width=4)
	        Recheck Cond: ((id >= 1434988) AND (id <= 1435987))
	        ->  Bitmap Index Scan on sbtest2_pkey  (cost=0.00..22.41 rows=998 width=0)
	              Index Cond: ((id >= 1434988) AND (id <= 1435987))

table 3 : explain SELECT SUM(k) FROM sbtest3 WHERE id BETWEEN 4697840 AND 4698839
	Aggregate  (cost=4029.11..4029.12 rows=1 width=8)
	  ->  Bitmap Heap Scan on sbtest3  (cost=23.14..4026.50 rows=1044 width=4)
	        Recheck Cond: ((id >= 4697840) AND (id <= 4698839))
	        ->  Bitmap Index Scan on sbtest3_pkey  (cost=0.00..22.87 rows=1044 width=0)
	              Index Cond: ((id >= 4697840) AND (id <= 4698839))

table 4 : explain SELECT SUM(k) FROM sbtest4 WHERE id BETWEEN 2283534 AND 2284533
	Aggregate  (cost=3683.45..3683.46 rows=1 width=8)
	  ->  Bitmap Heap Scan on sbtest4  (cost=22.19..3681.07 rows=952 width=4)
	        Recheck Cond: ((id >= 2283534) AND (id <= 2284533))
	        ->  Bitmap Index Scan on sbtest4_pkey  (cost=0.00..21.95 rows=952 width=0)
	              Index Cond: ((id >= 2283534) AND (id <= 2284533))

table 5 : explain SELECT SUM(k) FROM sbtest5 WHERE id BETWEEN 5135868 AND 5136867
	Aggregate  (cost=4064.22..4064.23 rows=1 width=8)
	  ->  Bitmap Heap Scan on sbtest5  (cost=23.23..4061.58 rows=1053 width=4)
	        Recheck Cond: ((id >= 5135868) AND (id <= 5136867))
	        ->  Bitmap Index Scan on sbtest5_pkey  (cost=0.00..22.96 rows=1053 width=0)
	              Index Cond: ((id >= 5135868) AND (id <= 5136867))

table 6 : explain SELECT SUM(k) FROM sbtest6 WHERE id BETWEEN 7678218 AND 7679217
	Aggregate  (cost=3657.10..3657.11 rows=1 width=8)
	  ->  Bitmap Heap Scan on sbtest6  (cost=22.12..3654.73 rows=945 width=4)
	        Recheck Cond: ((id >= 7678218) AND (id <= 7679217))
	        ->  Bitmap Index Scan on sbtest6_pkey  (cost=0.00..21.89 rows=945 width=0)
	              Index Cond: ((id >= 7678218) AND (id <= 7679217))

table 7 : explain SELECT SUM(k) FROM sbtest7 WHERE id BETWEEN 2391969 AND 2392968
	Aggregate  (cost=3616.45..3616.46 rows=1 width=8)
	  ->  Bitmap Heap Scan on sbtest7  (cost=22.01..3614.11 rows=934 width=4)
	        Recheck Cond: ((id >= 2391969) AND (id <= 2392968))
	        ->  Bitmap Index Scan on sbtest7_pkey  (cost=0.00..21.77 rows=934 width=0)
	              Index Cond: ((id >= 2391969) AND (id <= 2392968))

table 8 : explain SELECT SUM(k) FROM sbtest8 WHERE id BETWEEN 9492702 AND 9493701
	Aggregate  (cost=3767.52..3767.53 rows=1 width=8)
	  ->  Bitmap Heap Scan on sbtest8  (cost=22.42..3765.08 rows=974 width=4)
	        Recheck Cond: ((id >= 9492702) AND (id <= 9493701))
	        ->  Bitmap Index Scan on sbtest8_pkey  (cost=0.00..22.18 rows=974 width=0)
	              Index Cond: ((id >= 9492702) AND (id <= 9493701))

for: order_ranges
table 1 : explain SELECT c FROM sbtest1 WHERE id BETWEEN 3621649 AND 3622648 ORDER BY c
	Sort  (cost=3867.45..3869.93 rows=989 width=121)
	  Sort Key: c
	  ->  Bitmap Heap Scan on sbtest1  (cost=22.57..3818.25 rows=989 width=121)
	        Recheck Cond: ((id >= 3621649) AND (id <= 3622648))
	        ->  Bitmap Index Scan on sbtest1_pkey  (cost=0.00..22.32 rows=989 width=0)
	              Index Cond: ((id >= 3621649) AND (id <= 3622648))

table 2 : explain SELECT c FROM sbtest2 WHERE id BETWEEN 8313229 AND 8314228 ORDER BY c
	Sort  (cost=3784.47..3786.88 rows=967 width=121)
	  Sort Key: c
	  ->  Bitmap Heap Scan on sbtest2  (cost=22.35..3736.51 rows=967 width=121)
	        Recheck Cond: ((id >= 8313229) AND (id <= 8314228))
	        ->  Bitmap Index Scan on sbtest2_pkey  (cost=0.00..22.11 rows=967 width=0)
	              Index Cond: ((id >= 8313229) AND (id <= 8314228))

table 3 : explain SELECT c FROM sbtest3 WHERE id BETWEEN 3518994 AND 3519993 ORDER BY c
	Sort  (cost=3719.46..3721.83 rows=950 width=121)
	  Sort Key: c
	  ->  Bitmap Heap Scan on sbtest3  (cost=22.17..3672.47 rows=950 width=121)
	        Recheck Cond: ((id >= 3518994) AND (id <= 3519993))
	        ->  Bitmap Index Scan on sbtest3_pkey  (cost=0.00..21.93 rows=950 width=0)
	              Index Cond: ((id >= 3518994) AND (id <= 3519993))

table 4 : explain SELECT c FROM sbtest4 WHERE id BETWEEN 6175733 AND 6176732 ORDER BY c
	Sort  (cost=3781.78..3784.19 rows=966 width=121)
	  Sort Key: c
	  ->  Bitmap Heap Scan on sbtest4  (cost=22.34..3733.89 rows=966 width=121)
	        Recheck Cond: ((id >= 6175733) AND (id <= 6176732))
	        ->  Bitmap Index Scan on sbtest4_pkey  (cost=0.00..22.09 rows=966 width=0)
	              Index Cond: ((id >= 6175733) AND (id <= 6176732))

table 5 : explain SELECT c FROM sbtest5 WHERE id BETWEEN 7619363 AND 7620362 ORDER BY c
	Sort  (cost=4068.62..4071.22 rows=1041 width=121)
	  Sort Key: c
	  ->  Bitmap Heap Scan on sbtest5  (cost=23.11..4016.45 rows=1041 width=121)
	        Recheck Cond: ((id >= 7619363) AND (id <= 7620362))
	        ->  Bitmap Index Scan on sbtest5_pkey  (cost=0.00..22.84 rows=1041 width=0)
	              Index Cond: ((id >= 7619363) AND (id <= 7620362))

table 6 : explain SELECT c FROM sbtest6 WHERE id BETWEEN 2013082 AND 2014081 ORDER BY c
	Sort  (cost=3728.25..3730.63 rows=952 width=121)
	  Sort Key: c
	  ->  Bitmap Heap Scan on sbtest6  (cost=22.19..3681.15 rows=952 width=121)
	        Recheck Cond: ((id >= 2013082) AND (id <= 2014081))
	        ->  Bitmap Index Scan on sbtest6_pkey  (cost=0.00..21.95 rows=952 width=0)
	              Index Cond: ((id >= 2013082) AND (id <= 2014081))

table 7 : explain SELECT c FROM sbtest7 WHERE id BETWEEN 5807766 AND 5808765 ORDER BY c
	Sort  (cost=4054.48..4057.07 rows=1037 width=121)
	  Sort Key: c
	  ->  Bitmap Heap Scan on sbtest7  (cost=23.06..4002.53 rows=1037 width=121)
	        Recheck Cond: ((id >= 5807766) AND (id <= 5808765))
	        ->  Bitmap Index Scan on sbtest7_pkey  (cost=0.00..22.80 rows=1037 width=0)
	              Index Cond: ((id >= 5807766) AND (id <= 5808765))

table 8 : explain SELECT c FROM sbtest8 WHERE id BETWEEN 2796601 AND 2797600 ORDER BY c
	Sort  (cost=3748.31..3750.71 rows=957 width=121)
	  Sort Key: c
	  ->  Bitmap Heap Scan on sbtest8  (cost=22.24..3700.93 rows=957 width=121)
	        Recheck Cond: ((id >= 2796601) AND (id <= 2797600))
	        ->  Bitmap Index Scan on sbtest8_pkey  (cost=0.00..22.00 rows=957 width=0)
	              Index Cond: ((id >= 2796601) AND (id <= 2797600))

for: distinct_ranges
table 1 : explain SELECT DISTINCT c FROM sbtest1 WHERE id BETWEEN 2553481 AND 2554480 ORDER BY c
	Unique  (cost=4157.60..4162.92 rows=1065 width=121)
	  ->  Sort  (cost=4157.60..4160.26 rows=1065 width=121)
	        Sort Key: c
	        ->  Bitmap Heap Scan on sbtest1  (cost=23.35..4104.05 rows=1065 width=121)
	              Recheck Cond: ((id >= 2553481) AND (id <= 2554480))
	              ->  Bitmap Index Scan on sbtest1_pkey  (cost=0.00..23.08 rows=1065 width=0)
	                    Index Cond: ((id >= 2553481) AND (id <= 2554480))

table 2 : explain SELECT DISTINCT c FROM sbtest2 WHERE id BETWEEN 5730708 AND 5731707 ORDER BY c
	Unique  (cost=3925.97..3930.99 rows=1004 width=121)
	  ->  Sort  (cost=3925.97..3928.48 rows=1004 width=121)
	        Sort Key: c
	        ->  Bitmap Heap Scan on sbtest2  (cost=22.73..3875.92 rows=1004 width=121)
	              Recheck Cond: ((id >= 5730708) AND (id <= 5731707))
	              ->  Bitmap Index Scan on sbtest2_pkey  (cost=0.00..22.47 rows=1004 width=0)
	                    Index Cond: ((id >= 5730708) AND (id <= 5731707))

table 3 : explain SELECT DISTINCT c FROM sbtest3 WHERE id BETWEEN 3698143 AND 3699142 ORDER BY c
	Unique  (cost=3853.40..3858.32 rows=985 width=121)
	  ->  Sort  (cost=3853.40..3855.86 rows=985 width=121)
	        Sort Key: c
	        ->  Bitmap Heap Scan on sbtest3  (cost=22.53..3804.42 rows=985 width=121)
	              Recheck Cond: ((id >= 3698143) AND (id <= 3699142))
	              ->  Bitmap Index Scan on sbtest3_pkey  (cost=0.00..22.29 rows=985 width=0)
	                    Index Cond: ((id >= 3698143) AND (id <= 3699142))

table 4 : explain SELECT DISTINCT c FROM sbtest4 WHERE id BETWEEN 9564373 AND 9565372 ORDER BY c
	Unique  (cost=3793.27..3798.11 rows=969 width=121)
	  ->  Sort  (cost=3793.27..3795.69 rows=969 width=121)
	        Sort Key: c
	        ->  Bitmap Heap Scan on sbtest4  (cost=22.37..3745.20 rows=969 width=121)
	              Recheck Cond: ((id >= 9564373) AND (id <= 9565372))
	              ->  Bitmap Index Scan on sbtest4_pkey  (cost=0.00..22.12 rows=969 width=0)
	                    Index Cond: ((id >= 9564373) AND (id <= 9565372))

table 5 : explain SELECT DISTINCT c FROM sbtest5 WHERE id BETWEEN 6639279 AND 6640278 ORDER BY c
	Unique  (cost=3946.33..3951.37 rows=1009 width=121)
	  ->  Sort  (cost=3946.33..3948.85 rows=1009 width=121)
	        Sort Key: c
	        ->  Bitmap Heap Scan on sbtest5  (cost=22.78..3895.99 rows=1009 width=121)
	              Recheck Cond: ((id >= 6639279) AND (id <= 6640278))
	              ->  Bitmap Index Scan on sbtest5_pkey  (cost=0.00..22.52 rows=1009 width=0)
	                    Index Cond: ((id >= 6639279) AND (id <= 6640278))

table 6 : explain SELECT DISTINCT c FROM sbtest6 WHERE id BETWEEN 2291894 AND 2292893 ORDER BY c
	Unique  (cost=3889.03..3894.00 rows=994 width=121)
	  ->  Sort  (cost=3889.03..3891.52 rows=994 width=121)
	        Sort Key: c
	        ->  Bitmap Heap Scan on sbtest6  (cost=22.62..3839.54 rows=994 width=121)
	              Recheck Cond: ((id >= 2291894) AND (id <= 2292893))
	              ->  Bitmap Index Scan on sbtest6_pkey  (cost=0.00..22.37 rows=994 width=0)
	                    Index Cond: ((id >= 2291894) AND (id <= 2292893))

table 7 : explain SELECT DISTINCT c FROM sbtest7 WHERE id BETWEEN 5156624 AND 5157623 ORDER BY c
	Unique  (cost=4039.19..4044.36 rows=1033 width=121)
	  ->  Sort  (cost=4039.19..4041.77 rows=1033 width=121)
	        Sort Key: c
	        ->  Bitmap Heap Scan on sbtest7  (cost=23.02..3987.48 rows=1033 width=121)
	              Recheck Cond: ((id >= 5156624) AND (id <= 5157623))
	              ->  Bitmap Index Scan on sbtest7_pkey  (cost=0.00..22.76 rows=1033 width=0)
	                    Index Cond: ((id >= 5156624) AND (id <= 5157623))

table 8 : explain SELECT DISTINCT c FROM sbtest8 WHERE id BETWEEN 7292079 AND 7293078 ORDER BY c
	Unique  (cost=3974.16..3979.24 rows=1016 width=121)
	  ->  Sort  (cost=3974.16..3976.70 rows=1016 width=121)
	        Sort Key: c
	        ->  Bitmap Heap Scan on sbtest8  (cost=22.85..3923.41 rows=1016 width=121)
	              Recheck Cond: ((id >= 7292079) AND (id <= 7293078))
	              ->  Bitmap Index Scan on sbtest8_pkey  (cost=0.00..22.59 rows=1016 width=0)
	                    Index Cond: ((id >= 7292079) AND (id <= 7293078))

for: order_ranges
table 1 : explain SELECT c FROM sbtest1 WHERE id BETWEEN 4204601 AND 4205600 ORDER BY c
	Sort  (cost=3909.49..3911.99 rows=1000 width=121)
	  Sort Key: c
	  ->  Bitmap Heap Scan on sbtest1  (cost=22.68..3859.66 rows=1000 width=121)
	        Recheck Cond: ((id >= 4204601) AND (id <= 4205600))
	        ->  Bitmap Index Scan on sbtest1_pkey  (cost=0.00..22.43 rows=1000 width=0)
	              Index Cond: ((id >= 4204601) AND (id <= 4205600))

table 2 : explain SELECT c FROM sbtest2 WHERE id BETWEEN 7697844 AND 7698843 ORDER BY c
	Sort  (cost=3822.73..3825.17 rows=977 width=121)
	  Sort Key: c
	  ->  Bitmap Heap Scan on sbtest2  (cost=22.45..3774.21 rows=977 width=121)
	        Recheck Cond: ((id >= 7697844) AND (id <= 7698843))
	        ->  Bitmap Index Scan on sbtest2_pkey  (cost=0.00..22.20 rows=977 width=0)
	              Index Cond: ((id >= 7697844) AND (id <= 7698843))

table 3 : explain SELECT c FROM sbtest3 WHERE id BETWEEN 6534628 AND 6535627 ORDER BY c
	Sort  (cost=4094.11..4096.73 rows=1048 width=121)
	  Sort Key: c
	  ->  Bitmap Heap Scan on sbtest3  (cost=23.18..4041.54 rows=1048 width=121)
	        Recheck Cond: ((id >= 6534628) AND (id <= 6535627))
	        ->  Bitmap Index Scan on sbtest3_pkey  (cost=0.00..22.91 rows=1048 width=0)
	              Index Cond: ((id >= 6534628) AND (id <= 6535627))

table 4 : explain SELECT c FROM sbtest4 WHERE id BETWEEN 8769834 AND 8770833 ORDER BY c
	Sort  (cost=3777.95..3780.36 rows=965 width=121)
	  Sort Key: c
	  ->  Bitmap Heap Scan on sbtest4  (cost=22.33..3730.11 rows=965 width=121)
	        Recheck Cond: ((id >= 8769834) AND (id <= 8770833))
	        ->  Bitmap Index Scan on sbtest4_pkey  (cost=0.00..22.08 rows=965 width=0)
	              Index Cond: ((id >= 8769834) AND (id <= 8770833))

table 5 : explain SELECT c FROM sbtest5 WHERE id BETWEEN 3514381 AND 3515380 ORDER BY c
	Sort  (cost=3578.70..3580.98 rows=913 width=121)
	  Sort Key: c
	  ->  Bitmap Heap Scan on sbtest5  (cost=21.79..3533.81 rows=913 width=121)
	        Recheck Cond: ((id >= 3514381) AND (id <= 3515380))
	        ->  Bitmap Index Scan on sbtest5_pkey  (cost=0.00..21.57 rows=913 width=0)
	              Index Cond: ((id >= 3514381) AND (id <= 3515380))

table 6 : explain SELECT c FROM sbtest6 WHERE id BETWEEN 6639284 AND 6640283 ORDER BY c
	Sort  (cost=3624.78..3627.09 rows=925 width=121)
	  Sort Key: c
	  ->  Bitmap Heap Scan on sbtest6  (cost=21.92..3579.21 rows=925 width=121)
	        Recheck Cond: ((id >= 6639284) AND (id <= 6640283))
	        ->  Bitmap Index Scan on sbtest6_pkey  (cost=0.00..21.68 rows=925 width=0)
	              Index Cond: ((id >= 6639284) AND (id <= 6640283))

table 7 : explain SELECT c FROM sbtest7 WHERE id BETWEEN 7119412 AND 7120411 ORDER BY c
	Sort  (cost=3736.85..3739.24 rows=954 width=121)
	  Sort Key: c
	  ->  Bitmap Heap Scan on sbtest7  (cost=22.21..3689.64 rows=954 width=121)
	        Recheck Cond: ((id >= 7119412) AND (id <= 7120411))
	        ->  Bitmap Index Scan on sbtest7_pkey  (cost=0.00..21.97 rows=954 width=0)
	              Index Cond: ((id >= 7119412) AND (id <= 7120411))

table 8 : explain SELECT c FROM sbtest8 WHERE id BETWEEN 3991417 AND 3992416 ORDER BY c
	Sort  (cost=4272.27..4275.01 rows=1093 width=121)
	  Sort Key: c
	  ->  Bitmap Heap Scan on sbtest8  (cost=27.64..4217.11 rows=1093 width=121)
	        Recheck Cond: ((id >= 3991417) AND (id <= 3992416))
	        ->  Bitmap Index Scan on sbtest8_pkey  (cost=0.00..27.36 rows=1093 width=0)
	              Index Cond: ((id >= 3991417) AND (id <= 3992416))

for: distinct_ranges
table 1 : explain SELECT DISTINCT c FROM sbtest1 WHERE id BETWEEN 5216820 AND 5217819 ORDER BY c
	Unique  (cost=3565.09..3569.64 rows=910 width=121)
	  ->  Sort  (cost=3565.09..3567.37 rows=910 width=121)
	        Sort Key: c
	        ->  Bitmap Heap Scan on sbtest1  (cost=21.76..3520.37 rows=910 width=121)
	              Recheck Cond: ((id >= 5216820) AND (id <= 5217819))
	              ->  Bitmap Index Scan on sbtest1_pkey  (cost=0.00..21.54 rows=910 width=0)
	                    Index Cond: ((id >= 5216820) AND (id <= 5217819))

table 2 : explain SELECT DISTINCT c FROM sbtest2 WHERE id BETWEEN 8513050 AND 8514049 ORDER BY c
	Unique  (cost=3730.88..3735.64 rows=953 width=121)
	  ->  Sort  (cost=3730.88..3733.26 rows=953 width=121)
	        Sort Key: c
	        ->  Bitmap Heap Scan on sbtest2  (cost=22.20..3683.72 rows=953 width=121)
	              Recheck Cond: ((id >= 8513050) AND (id <= 8514049))
	              ->  Bitmap Index Scan on sbtest2_pkey  (cost=0.00..21.96 rows=953 width=0)
	                    Index Cond: ((id >= 8513050) AND (id <= 8514049))

table 3 : explain SELECT DISTINCT c FROM sbtest3 WHERE id BETWEEN 1713615 AND 1714614 ORDER BY c
	Unique  (cost=3941.33..3946.37 rows=1008 width=121)
	  ->  Sort  (cost=3941.33..3943.85 rows=1008 width=121)
	        Sort Key: c
	        ->  Bitmap Heap Scan on sbtest3  (cost=22.77..3891.05 rows=1008 width=121)
	              Recheck Cond: ((id >= 1713615) AND (id <= 1714614))
	              ->  Bitmap Index Scan on sbtest3_pkey  (cost=0.00..22.51 rows=1008 width=0)
	                    Index Cond: ((id >= 1713615) AND (id <= 1714614))

table 4 : explain SELECT DISTINCT c FROM sbtest4 WHERE id BETWEEN 2451426 AND 2452425 ORDER BY c
	Unique  (cost=3885.11..3890.08 rows=993 width=121)
	  ->  Sort  (cost=3885.11..3887.59 rows=993 width=121)
	        Sort Key: c
	        ->  Bitmap Heap Scan on sbtest4  (cost=22.61..3835.68 rows=993 width=121)
	              Recheck Cond: ((id >= 2451426) AND (id <= 2452425))
	              ->  Bitmap Index Scan on sbtest4_pkey  (cost=0.00..22.36 rows=993 width=0)
	                    Index Cond: ((id >= 2451426) AND (id <= 2452425))

table 5 : explain SELECT DISTINCT c FROM sbtest5 WHERE id BETWEEN 2371266 AND 2372265 ORDER BY c
	Unique  (cost=3747.34..3752.12 rows=957 width=121)
	  ->  Sort  (cost=3747.34..3749.73 rows=957 width=121)
	        Sort Key: c
	        ->  Bitmap Heap Scan on sbtest5  (cost=22.24..3699.96 rows=957 width=121)
	              Recheck Cond: ((id >= 2371266) AND (id <= 2372265))
	              ->  Bitmap Index Scan on sbtest5_pkey  (cost=0.00..22.00 rows=957 width=0)
	                    Index Cond: ((id >= 2371266) AND (id <= 2372265))

table 6 : explain SELECT DISTINCT c FROM sbtest6 WHERE id BETWEEN 2532598 AND 2533597 ORDER BY c
	Unique  (cost=3931.10..3936.13 rows=1005 width=121)
	  ->  Sort  (cost=3931.10..3933.62 rows=1005 width=121)
	        Sort Key: c
	        ->  Bitmap Heap Scan on sbtest6  (cost=22.74..3880.99 rows=1005 width=121)
	              Recheck Cond: ((id >= 2532598) AND (id <= 2533597))
	              ->  Bitmap Index Scan on sbtest6_pkey  (cost=0.00..22.48 rows=1005 width=0)
	                    Index Cond: ((id >= 2532598) AND (id <= 2533597))

table 7 : explain SELECT DISTINCT c FROM sbtest7 WHERE id BETWEEN 6463034 AND 6464033 ORDER BY c
	Unique  (cost=4134.71..4140.00 rows=1058 width=121)
	  ->  Sort  (cost=4134.71..4137.36 rows=1058 width=121)
	        Sort Key: c
	        ->  Bitmap Heap Scan on sbtest7  (cost=23.28..4081.56 rows=1058 width=121)
	              Recheck Cond: ((id >= 6463034) AND (id <= 6464033))
	              ->  Bitmap Index Scan on sbtest7_pkey  (cost=0.00..23.01 rows=1058 width=0)
	                    Index Cond: ((id >= 6463034) AND (id <= 6464033))

table 8 : explain SELECT DISTINCT c FROM sbtest8 WHERE id BETWEEN 7654482 AND 7655481 ORDER BY c
	Unique  (cost=4108.11..4113.36 rows=1050 width=121)
	  ->  Sort  (cost=4108.11..4110.74 rows=1050 width=121)
	        Sort Key: c
	        ->  Bitmap Heap Scan on sbtest8  (cost=27.20..4055.42 rows=1050 width=121)
	              Recheck Cond: ((id >= 7654482) AND (id <= 7655481))
	              ->  Bitmap Index Scan on sbtest8_pkey  (cost=0.00..26.93 rows=1050 width=0)
	                    Index Cond: ((id >= 7654482) AND (id <= 7655481))

for: distinct_ranges
table 1 : explain SELECT DISTINCT c FROM sbtest1 WHERE id BETWEEN 1394664 AND 1395663 ORDER BY c
	Unique  (cost=3825.40..3830.29 rows=978 width=121)
	  ->  Sort  (cost=3825.40..3827.85 rows=978 width=121)
	        Sort Key: c
	        ->  Bitmap Heap Scan on sbtest1  (cost=22.46..3776.82 rows=978 width=121)
	              Recheck Cond: ((id >= 1394664) AND (id <= 1395663))
	              ->  Bitmap Index Scan on sbtest1_pkey  (cost=0.00..22.21 rows=978 width=0)
	                    Index Cond: ((id >= 1394664) AND (id <= 1395663))

table 2 : explain SELECT DISTINCT c FROM sbtest2 WHERE id BETWEEN 7945303 AND 7946302 ORDER BY c
	Unique  (cost=3750.02..3754.81 rows=958 width=121)
	  ->  Sort  (cost=3750.02..3752.41 rows=958 width=121)
	        Sort Key: c
	        ->  Bitmap Heap Scan on sbtest2  (cost=22.25..3702.58 rows=958 width=121)
	              Recheck Cond: ((id >= 7945303) AND (id <= 7946302))
	              ->  Bitmap Index Scan on sbtest2_pkey  (cost=0.00..22.01 rows=958 width=0)
	                    Index Cond: ((id >= 7945303) AND (id <= 7946302))

table 3 : explain SELECT DISTINCT c FROM sbtest3 WHERE id BETWEEN 8833546 AND 8834545 ORDER BY c
	Unique  (cost=4120.83..4126.10 rows=1055 width=121)
	  ->  Sort  (cost=4120.83..4123.47 rows=1055 width=121)
	        Sort Key: c
	        ->  Bitmap Heap Scan on sbtest3  (cost=23.25..4067.85 rows=1055 width=121)
	              Recheck Cond: ((id >= 8833546) AND (id <= 8834545))
	              ->  Bitmap Index Scan on sbtest3_pkey  (cost=0.00..22.98 rows=1055 width=0)
	                    Index Cond: ((id >= 8833546) AND (id <= 8834545))

table 4 : explain SELECT DISTINCT c FROM sbtest4 WHERE id BETWEEN 545235 AND 546234 ORDER BY c
	Unique  (cost=4072.41..4077.62 rows=1042 width=121)
	  ->  Sort  (cost=4072.41..4075.02 rows=1042 width=121)
	        Sort Key: c
	        ->  Bitmap Heap Scan on sbtest4  (cost=23.12..4020.18 rows=1042 width=121)
	              Recheck Cond: ((id >= 545235) AND (id <= 546234))
	              ->  Bitmap Index Scan on sbtest4_pkey  (cost=0.00..22.86 rows=1042 width=0)
	                    Index Cond: ((id >= 545235) AND (id <= 546234))

table 5 : explain SELECT DISTINCT c FROM sbtest5 WHERE id BETWEEN 5863574 AND 5864573 ORDER BY c
	Unique  (cost=4106.81..4112.07 rows=1051 width=121)
	  ->  Sort  (cost=4106.81..4109.44 rows=1051 width=121)
	        Sort Key: c
	        ->  Bitmap Heap Scan on sbtest5  (cost=23.21..4054.06 rows=1051 width=121)
	              Recheck Cond: ((id >= 5863574) AND (id <= 5864573))
	              ->  Bitmap Index Scan on sbtest5_pkey  (cost=0.00..22.94 rows=1051 width=0)
	                    Index Cond: ((id >= 5863574) AND (id <= 5864573))

table 6 : explain SELECT DISTINCT c FROM sbtest6 WHERE id BETWEEN 3196109 AND 3197108 ORDER BY c
	Unique  (cost=3747.40..3752.19 rows=957 width=121)
	  ->  Sort  (cost=3747.40..3749.80 rows=957 width=121)
	        Sort Key: c
	        ->  Bitmap Heap Scan on sbtest6  (cost=22.24..3700.02 rows=957 width=121)
	              Recheck Cond: ((id >= 3196109) AND (id <= 3197108))
	              ->  Bitmap Index Scan on sbtest6_pkey  (cost=0.00..22.00 rows=957 width=0)
	                    Index Cond: ((id >= 3196109) AND (id <= 3197108))

table 7 : explain SELECT DISTINCT c FROM sbtest7 WHERE id BETWEEN 8109562 AND 8110561 ORDER BY c
	Unique  (cost=4157.62..4162.94 rows=1064 width=121)
	  ->  Sort  (cost=4157.62..4160.28 rows=1064 width=121)
	        Sort Key: c
	        ->  Bitmap Heap Scan on sbtest7  (cost=23.34..4104.13 rows=1064 width=121)
	              Recheck Cond: ((id >= 8109562) AND (id <= 8110561))
	              ->  Bitmap Index Scan on sbtest7_pkey  (cost=0.00..23.07 rows=1064 width=0)
	                    Index Cond: ((id >= 8109562) AND (id <= 8110561))

table 8 : explain SELECT DISTINCT c FROM sbtest8 WHERE id BETWEEN 7563719 AND 7564718 ORDER BY c
	Unique  (cost=4108.11..4113.36 rows=1050 width=121)
	  ->  Sort  (cost=4108.11..4110.74 rows=1050 width=121)
	        Sort Key: c
	        ->  Bitmap Heap Scan on sbtest8  (cost=27.20..4055.42 rows=1050 width=121)
	              Recheck Cond: ((id >= 7563719) AND (id <= 7564718))
	              ->  Bitmap Index Scan on sbtest8_pkey  (cost=0.00..26.93 rows=1050 width=0)
	                    Index Cond: ((id >= 7563719) AND (id <= 7564718))

Threads started!

Warming up for 5 seconds...

SQL statistics:
    queries performed:
        read:                            89020934
        write:                           0
        other:                           16185655
        total:                           105206589
    transactions:                        8092847 (12845.65 per sec.)
    queries:                             105206589 (166992.74 per sec.)
    ignored errors:                      0      (0.00 per sec.)
    reconnects:                          0      (0.00 per sec.)

Throughput:
    events/s (eps):                      12845.6471
    time elapsed:                        630.0073s
    total number of events:              8092847

Latency (ms):
         min:                                    0.52
         avg:                                    3.11
         max:                                   19.22
         95th percentile:                        3.25
         sum:                             25191153.15

Threads fairness:
    events (avg/stddev):           202320.9000/586.95
    execution time (avg/stddev):   629.7788/0.01

