LUA_PATH=/home/mdcallag/git/mytools/bench/sysbench.lua/lua/?.lua /home/mdcallag/git/mytools/bench/sysbench.lua/lua/sysbench --db-driver=pgsql --range-size=100 --table-size=10000000 --tables=8 --threads=40 --events=0 --warmup-time=5 --time=630 --pgsql_conn_id=true /home/mdcallag/git/mytools/bench/sysbench.lua/lua/oltp_read_only.lua run --pgsql-user=root --pgsql-password=pw --pgsql-host=127.0.0.1 --pgsql-db=ib --rand-type=uniform
48 CPUs
sysbench 1.1.0-9072687 (using bundled LuaJIT 2.1.0-beta3)

Running the test with following options:
Number of threads: 40
Warmup time: 5s
Initializing random number generator from current time


Initializing worker threads...

explain: for point_selects :: explain SELECT c FROM sbtest%u WHERE id=%u
explain: for point_selects :: explain SELECT c FROM sbtest%u WHERE id=%u
explain: for point_selects :: explain SELECT c FROM sbtest%u WHERE id=%u
explain: for point_selects :: explain SELECT c FROM sbtest%u WHERE id=%u
for point_selects
table 1 : explain SELECT c FROM sbtest1 WHERE id=7706001
	Index Scan using sbtest1_pkey on sbtest1  (cost=0.43..8.45 rows=1 width=121)
	  Index Cond: (id = 7706001)

table 2 : explain SELECT c FROM sbtest2 WHERE id=5983036
	Index Scan using sbtest2_pkey on sbtest2  (cost=0.43..8.45 rows=1 width=121)
	  Index Cond: (id = 5983036)

table 3 : explain SELECT c FROM sbtest3 WHERE id=4956991
	Index Scan using sbtest3_pkey on sbtest3  (cost=0.43..8.45 rows=1 width=121)
	  Index Cond: (id = 4956991)

table 4 : explain SELECT c FROM sbtest4 WHERE id=8692842
	Index Scan using sbtest4_pkey on sbtest4  (cost=0.43..8.45 rows=1 width=121)
	  Index Cond: (id = 8692842)

table 5 : explain SELECT c FROM sbtest5 WHERE id=9007099
	Index Scan using sbtest5_pkey on sbtest5  (cost=0.43..8.45 rows=1 width=121)
	  Index Cond: (id = 9007099)

table 6 : explain SELECT c FROM sbtest6 WHERE id=4912275
	Index Scan using sbtest6_pkey on sbtest6  (cost=0.43..8.45 rows=1 width=121)
	  Index Cond: (id = 4912275)

table 7 : explain SELECT c FROM sbtest7 WHERE id=5069243
	Index Scan using sbtest7_pkey on sbtest7  (cost=0.43..8.45 rows=1 width=121)
	  Index Cond: (id = 5069243)

table 8 : explain SELECT c FROM sbtest8 WHERE id=5329828
	Index Scan using sbtest8_pkey on sbtest8  (cost=0.43..8.45 rows=1 width=121)
	  Index Cond: (id = 5329828)

for point_selects
table 1 : explain SELECT c FROM sbtest1 WHERE id=1126061
	Index Scan using sbtest1_pkey on sbtest1  (cost=0.43..8.45 rows=1 width=121)
	  Index Cond: (id = 1126061)

table 2 : explain SELECT c FROM sbtest2 WHERE id=6734401
	Index Scan using sbtest2_pkey on sbtest2  (cost=0.43..8.45 rows=1 width=121)
	  Index Cond: (id = 6734401)

table 3 : explain SELECT c FROM sbtest3 WHERE id=4702492
	Index Scan using sbtest3_pkey on sbtest3  (cost=0.43..8.45 rows=1 width=121)
	  Index Cond: (id = 4702492)

table 4 : explain SELECT c FROM sbtest4 WHERE id=6625180
	Index Scan using sbtest4_pkey on sbtest4  (cost=0.43..8.45 rows=1 width=121)
	  Index Cond: (id = 6625180)

table 5 : explain SELECT c FROM sbtest5 WHERE id=3338214
	Index Scan using sbtest5_pkey on sbtest5  (cost=0.43..8.45 rows=1 width=121)
	  Index Cond: (id = 3338214)

table 6 : explain SELECT c FROM sbtest6 WHERE id=3335920
	Index Scan using sbtest6_pkey on sbtest6  (cost=0.43..8.45 rows=1 width=121)
	  Index Cond: (id = 3335920)

table 7 : explain SELECT c FROM sbtest7 WHERE id=4578723
	Index Scan using sbtest7_pkey on sbtest7  (cost=0.43..8.45 rows=1 width=121)
	  Index Cond: (id = 4578723)

table 8 : explain SELECT c FROM sbtest8 WHERE id=3268495
	Index Scan using sbtest8_pkey on sbtest8  (cost=0.43..8.45 rows=1 width=121)
	  Index Cond: (id = 3268495)

explain: for point_selects :: explain SELECT c FROM sbtest%u WHERE id=%u
explain: for point_selects :: explain SELECT c FROM sbtest%u WHERE id=%u
explain: for point_selects :: explain SELECT c FROM sbtest%u WHERE id=%u
for: simple_ranges
table 1 : explain SELECT c FROM sbtest1 WHERE id BETWEEN 6436244 AND 6436343
	Index Scan using sbtest1_pkey on sbtest1  (cost=0.43..393.33 rows=98 width=121)
	  Index Cond: ((id >= 6436244) AND (id <= 6436343))

table 2 : explain SELECT c FROM sbtest2 WHERE id BETWEEN 6590887 AND 6590986
	Index Scan using sbtest2_pkey on sbtest2  (cost=0.43..397.37 rows=99 width=121)
	  Index Cond: ((id >= 6590887) AND (id <= 6590986))

table 3 : explain SELECT c FROM sbtest3 WHERE id BETWEEN 2032960 AND 2033059
	Index Scan using sbtest3_pkey on sbtest3  (cost=0.43..397.15 rows=99 width=121)
	  Index Cond: ((id >= 2032960) AND (id <= 2033059))

table 4 : explain SELECT c FROM sbtest4 WHERE id BETWEEN 8900567 AND 8900666
	Index Scan using sbtest4_pkey on sbtest4  (cost=0.43..376.47 rows=94 width=121)
	  Index Cond: ((id >= 8900567) AND (id <= 8900666))

table 5 : explain SELECT c FROM sbtest5 WHERE id BETWEEN 5155062 AND 5155161
	Index Scan using sbtest5_pkey on sbtest5  (cost=0.43..372.34 rows=93 width=121)
	  Index Cond: ((id >= 5155062) AND (id <= 5155161))

table 6 : explain SELECT c FROM sbtest6 WHERE id BETWEEN 4338930 AND 4339029
	Index Scan using sbtest6_pkey on sbtest6  (cost=0.43..415.59 rows=104 width=121)
	  Index Cond: ((id >= 4338930) AND (id <= 4339029))

table 7 : explain SELECT c FROM sbtest7 WHERE id BETWEEN 2797550 AND 2797649
	Index Scan using sbtest7_pkey on sbtest7  (cost=0.43..375.78 rows=94 width=121)
	  Index Cond: ((id >= 2797550) AND (id <= 2797649))

table 8 : explain SELECT c FROM sbtest8 WHERE id BETWEEN 9350687 AND 9350786
	Index Scan using sbtest8_pkey on sbtest8  (cost=0.43..431.42 rows=108 width=121)
	  Index Cond: ((id >= 9350687) AND (id <= 9350786))

for: simple_ranges
table 1 : explain SELECT c FROM sbtest1 WHERE id BETWEEN 3098310 AND 3098409
	Index Scan using sbtest1_pkey on sbtest1  (cost=0.43..405.23 rows=101 width=121)
	  Index Cond: ((id >= 3098310) AND (id <= 3098409))

table 2 : explain SELECT c FROM sbtest2 WHERE id BETWEEN 7324197 AND 7324296
	Index Scan using sbtest2_pkey on sbtest2  (cost=0.43..425.16 rows=106 width=121)
	  Index Cond: ((id >= 7324197) AND (id <= 7324296))

table 3 : explain SELECT c FROM sbtest3 WHERE id BETWEEN 7425839 AND 7425938
	Index Scan using sbtest3_pkey on sbtest3  (cost=0.43..401.13 rows=100 width=121)
	  Index Cond: ((id >= 7425839) AND (id <= 7425938))

table 4 : explain SELECT c FROM sbtest4 WHERE id BETWEEN 5310241 AND 5310340
	Index Scan using sbtest4_pkey on sbtest4  (cost=0.43..384.38 rows=96 width=121)
	  Index Cond: ((id >= 5310241) AND (id <= 5310340))

table 5 : explain SELECT c FROM sbtest5 WHERE id BETWEEN 212482 AND 212581
	Index Scan using sbtest5_pkey on sbtest5  (cost=0.43..368.38 rows=92 width=121)
	  Index Cond: ((id >= 212482) AND (id <= 212581))

table 6 : explain SELECT c FROM sbtest6 WHERE id BETWEEN 2556137 AND 2556236
	Index Scan using sbtest6_pkey on sbtest6  (cost=0.43..399.78 rows=100 width=121)
	  Index Cond: ((id >= 2556137) AND (id <= 2556236))

table 7 : explain SELECT c FROM sbtest7 WHERE id BETWEEN 4160678 AND 4160777
	Index Scan using sbtest7_pkey on sbtest7  (cost=0.43..383.68 rows=96 width=121)
	  Index Cond: ((id >= 4160678) AND (id <= 4160777))

table 8 : explain SELECT c FROM sbtest8 WHERE id BETWEEN 6723676 AND 6723775
	Index Scan using sbtest8_pkey on sbtest8  (cost=0.43..451.18 rows=113 width=121)
	  Index Cond: ((id >= 6723676) AND (id <= 6723775))

explain: for point_selects :: explain SELECT c FROM sbtest%u WHERE id=%u
for: sum_ranges
table 1 : explain SELECT SUM(k) FROM sbtest1 WHERE id BETWEEN 7552673 AND 7552772
	Aggregate  (cost=381.66..381.67 rows=1 width=8)
	  ->  Index Scan using sbtest1_pkey on sbtest1  (cost=0.43..381.42 rows=95 width=4)
	        Index Cond: ((id >= 7552673) AND (id <= 7552772))

table 2 : explain SELECT SUM(k) FROM sbtest2 WHERE id BETWEEN 416914 AND 417013
	Aggregate  (cost=397.62..397.63 rows=1 width=8)
	  ->  Index Scan using sbtest2_pkey on sbtest2  (cost=0.43..397.37 rows=99 width=4)
	        Index Cond: ((id >= 416914) AND (id <= 417013))

table 3 : explain SELECT SUM(k) FROM sbtest3 WHERE id BETWEEN 9624061 AND 9624160
	Aggregate  (cost=417.26..417.27 rows=1 width=8)
	  ->  Index Scan using sbtest3_pkey on sbtest3  (cost=0.43..417.00 rows=104 width=4)
	        Index Cond: ((id >= 9624061) AND (id <= 9624160))

table 4 : explain SELECT SUM(k) FROM sbtest4 WHERE id BETWEEN 94504 AND 94603
	Aggregate  (cost=408.39..408.40 rows=1 width=8)
	  ->  Index Scan using sbtest4_pkey on sbtest4  (cost=0.43..408.14 rows=102 width=4)
	        Index Cond: ((id >= 94504) AND (id <= 94603))

table 5 : explain SELECT SUM(k) FROM sbtest5 WHERE id BETWEEN 3498933 AND 3499032
	Aggregate  (cost=364.66..364.67 rows=1 width=8)
	  ->  Index Scan using sbtest5_pkey on sbtest5  (cost=0.43..364.43 rows=91 width=4)
	        Index Cond: ((id >= 3498933) AND (id <= 3499032))

table 6 : explain SELECT SUM(k) FROM sbtest6 WHERE id BETWEEN 9597707 AND 9597806
	Aggregate  (cost=392.10..392.11 rows=1 width=8)
	  ->  Index Scan using sbtest6_pkey on sbtest6  (cost=0.43..391.86 rows=98 width=4)
	        Index Cond: ((id >= 9597707) AND (id <= 9597806))

table 7 : explain SELECT SUM(k) FROM sbtest7 WHERE id BETWEEN 5879296 AND 5879395
	Aggregate  (cost=407.65..407.66 rows=1 width=8)
	  ->  Index Scan using sbtest7_pkey on sbtest7  (cost=0.43..407.39 rows=102 width=4)
	        Index Cond: ((id >= 5879296) AND (id <= 5879395))

table 8 : explain SELECT SUM(k) FROM sbtest8 WHERE id BETWEEN 5377725 AND 5377824
	Aggregate  (cost=400.05..400.06 rows=1 width=8)
	  ->  Index Scan using sbtest8_pkey on sbtest8  (cost=0.43..399.80 rows=100 width=4)
	        Index Cond: ((id >= 5377725) AND (id <= 5377824))

for point_selects
table 1 : explain SELECT c FROM sbtest1 WHERE id=7249845
	Index Scan using sbtest1_pkey on sbtest1  (cost=0.43..8.45 rows=1 width=121)
	  Index Cond: (id = 7249845)

table 2 : explain SELECT c FROM sbtest2 WHERE id=2815478
	Index Scan using sbtest2_pkey on sbtest2  (cost=0.43..8.45 rows=1 width=121)
	  Index Cond: (id = 2815478)

table 3 : explain SELECT c FROM sbtest3 WHERE id=2345533
	Index Scan using sbtest3_pkey on sbtest3  (cost=0.43..8.45 rows=1 width=121)
	  Index Cond: (id = 2345533)

table 4 : explain SELECT c FROM sbtest4 WHERE id=8150689
	Index Scan using sbtest4_pkey on sbtest4  (cost=0.43..8.45 rows=1 width=121)
	  Index Cond: (id = 8150689)

table 5 : explain SELECT c FROM sbtest5 WHERE id=2825023
	Index Scan using sbtest5_pkey on sbtest5  (cost=0.43..8.45 rows=1 width=121)
	  Index Cond: (id = 2825023)

table 6 : explain SELECT c FROM sbtest6 WHERE id=5488966
	Index Scan using sbtest6_pkey on sbtest6  (cost=0.43..8.45 rows=1 width=121)
	  Index Cond: (id = 5488966)

table 7 : explain SELECT c FROM sbtest7 WHERE id=5097577
	Index Scan using sbtest7_pkey on sbtest7  (cost=0.43..8.45 rows=1 width=121)
	  Index Cond: (id = 5097577)

table 8 : explain SELECT c FROM sbtest8 WHERE id=5564412
	Index Scan using sbtest8_pkey on sbtest8  (cost=0.43..8.45 rows=1 width=121)
	  Index Cond: (id = 5564412)

for: order_ranges
table 1 : explain SELECT c FROM sbtest1 WHERE id BETWEEN 7416767 AND 7416866 ORDER BY c
	Sort  (cost=412.61..412.87 rows=102 width=121)
	  Sort Key: c
	  ->  Index Scan using sbtest1_pkey on sbtest1  (cost=0.43..409.21 rows=102 width=121)
	        Index Cond: ((id >= 7416767) AND (id <= 7416866))

table 2 : explain SELECT c FROM sbtest2 WHERE id BETWEEN 8080013 AND 8080112 ORDER BY c
	Sort  (cost=428.73..428.99 rows=106 width=121)
	  Sort Key: c
	  ->  Index Scan using sbtest2_pkey on sbtest2  (cost=0.43..425.16 rows=106 width=121)
	        Index Cond: ((id >= 8080013) AND (id <= 8080112))

table 3 : explain SELECT c FROM sbtest3 WHERE id BETWEEN 7541614 AND 7541713 ORDER BY c
	Sort  (cost=392.42..392.66 rows=97 width=121)
	  Sort Key: c
	  ->  Index Scan using sbtest3_pkey on sbtest3  (cost=0.43..389.22 rows=97 width=121)
	        Index Cond: ((id >= 7541614) AND (id <= 7541713))

table 4 : explain SELECT c FROM sbtest4 WHERE id BETWEEN 8000040 AND 8000139 ORDER BY c
	Sort  (cost=399.53..399.78 rows=99 width=121)
	  Sort Key: c
	  ->  Index Scan using sbtest4_pkey on sbtest4  (cost=0.43..396.25 rows=99 width=121)
	        Index Cond: ((id >= 8000040) AND (id <= 8000139))

table 5 : explain SELECT c FROM sbtest5 WHERE id BETWEEN 3099935 AND 3100034 ORDER BY c
	Sort  (cost=443.32..443.59 rows=110 width=121)
	  Sort Key: c
	  ->  Index Scan using sbtest5_pkey on sbtest5  (cost=0.43..439.59 rows=110 width=121)
	        Index Cond: ((id >= 3099935) AND (id <= 3100034))

table 6 : explain SELECT c FROM sbtest6 WHERE id BETWEEN 4956740 AND 4956839 ORDER BY c
	Sort  (cost=367.15..367.38 rows=91 width=121)
	  Sort Key: c
	  ->  Index Scan using sbtest6_pkey on sbtest6  (cost=0.43..364.19 rows=91 width=121)
	        Index Cond: ((id >= 4956740) AND (id <= 4956839))

table 7 : explain SELECT c FROM sbtest7 WHERE id BETWEEN 1711296 AND 1711395 ORDER BY c
	Sort  (cost=386.84..387.08 rows=96 width=121)
	  Sort Key: c
	  ->  Index Scan using sbtest7_pkey on sbtest7  (cost=0.43..383.68 rows=96 width=121)
	        Index Cond: ((id >= 1711296) AND (id <= 1711395))

table 8 : explain SELECT c FROM sbtest8 WHERE id BETWEEN 7432653 AND 7432752 ORDER BY c
	Sort  (cost=407.12..407.37 rows=101 width=121)
	  Sort Key: c
	  ->  Index Scan using sbtest8_pkey on sbtest8  (cost=0.43..403.75 rows=101 width=121)
	        Index Cond: ((id >= 7432653) AND (id <= 7432752))

explain: for point_selects :: explain SELECT c FROM sbtest%u WHERE id=%u
explain: for point_selects :: explain SELECT c FROM sbtest%u WHERE id=%u
explain: for point_selects :: explain SELECT c FROM sbtest%u WHERE id=%u
explain: for point_selects :: explain SELECT c FROM sbtest%u WHERE id=%u
for point_selects
table 1 : explain SELECT c FROM sbtest1 WHERE id=7167160
	Index Scan using sbtest1_pkey on sbtest1  (cost=0.43..8.45 rows=1 width=121)
	  Index Cond: (id = 7167160)

table 2 : explain SELECT c FROM sbtest2 WHERE id=8210739
	Index Scan using sbtest2_pkey on sbtest2  (cost=0.43..8.45 rows=1 width=121)
	  Index Cond: (id = 8210739)

table 3 : explain SELECT c FROM sbtest3 WHERE id=9291966
	Index Scan using sbtest3_pkey on sbtest3  (cost=0.43..8.45 rows=1 width=121)
	  Index Cond: (id = 9291966)

table 4 : explain SELECT c FROM sbtest4 WHERE id=1904671
	Index Scan using sbtest4_pkey on sbtest4  (cost=0.43..8.45 rows=1 width=121)
	  Index Cond: (id = 1904671)

table 5 : explain SELECT c FROM sbtest5 WHERE id=8932966
	Index Scan using sbtest5_pkey on sbtest5  (cost=0.43..8.45 rows=1 width=121)
	  Index Cond: (id = 8932966)

table 6 : explain SELECT c FROM sbtest6 WHERE id=6437584
	Index Scan using sbtest6_pkey on sbtest6  (cost=0.43..8.45 rows=1 width=121)
	  Index Cond: (id = 6437584)

table 7 : explain SELECT c FROM sbtest7 WHERE id=7327181
	Index Scan using sbtest7_pkey on sbtest7  (cost=0.43..8.45 rows=1 width=121)
	  Index Cond: (id = 7327181)

table 8 : explain SELECT c FROM sbtest8 WHERE id=785725
	Index Scan using sbtest8_pkey on sbtest8  (cost=0.43..8.45 rows=1 width=121)
	  Index Cond: (id = 785725)

for point_selects
table 1 : explain SELECT c FROM sbtest1 WHERE id=336984
	Index Scan using sbtest1_pkey on sbtest1  (cost=0.43..8.45 rows=1 width=121)
	  Index Cond: (id = 336984)

table 2 : explain SELECT c FROM sbtest2 WHERE id=9629682
	Index Scan using sbtest2_pkey on sbtest2  (cost=0.43..8.45 rows=1 width=121)
	  Index Cond: (id = 9629682)

table 3 : explain SELECT c FROM sbtest3 WHERE id=1746284
	Index Scan using sbtest3_pkey on sbtest3  (cost=0.43..8.45 rows=1 width=121)
	  Index Cond: (id = 1746284)

table 4 : explain SELECT c FROM sbtest4 WHERE id=4750384
	Index Scan using sbtest4_pkey on sbtest4  (cost=0.43..8.45 rows=1 width=121)
	  Index Cond: (id = 4750384)

table 5 : explain SELECT c FROM sbtest5 WHERE id=205873
	Index Scan using sbtest5_pkey on sbtest5  (cost=0.43..8.45 rows=1 width=121)
	  Index Cond: (id = 205873)

table 6 : explain SELECT c FROM sbtest6 WHERE id=4731131
	Index Scan using sbtest6_pkey on sbtest6  (cost=0.43..8.45 rows=1 width=121)
	  Index Cond: (id = 4731131)

table 7 : explain SELECT c FROM sbtest7 WHERE id=2486392
	Index Scan using sbtest7_pkey on sbtest7  (cost=0.43..8.45 rows=1 width=121)
	  Index Cond: (id = 2486392)

table 8 : explain SELECT c FROM sbtest8 WHERE id=7522683
	Index Scan using sbtest8_pkey on sbtest8  (cost=0.43..8.45 rows=1 width=121)
	  Index Cond: (id = 7522683)

explain: for point_selects :: explain SELECT c FROM sbtest%u WHERE id=%u
for: simple_ranges
table 1 : explain SELECT c FROM sbtest1 WHERE id BETWEEN 1751136 AND 1751235
	Index Scan using sbtest1_pkey on sbtest1  (cost=0.43..357.62 rows=89 width=121)
	  Index Cond: ((id >= 1751136) AND (id <= 1751235))

table 2 : explain SELECT c FROM sbtest2 WHERE id BETWEEN 706464 AND 706563
	Index Scan using sbtest2_pkey on sbtest2  (cost=0.43..409.29 rows=102 width=121)
	  Index Cond: ((id >= 706464) AND (id <= 706563))

table 3 : explain SELECT c FROM sbtest3 WHERE id BETWEEN 101804 AND 101903
	Index Scan using sbtest3_pkey on sbtest3  (cost=0.43..393.19 rows=98 width=121)
	  Index Cond: ((id >= 101804) AND (id <= 101903))

table 4 : explain SELECT c FROM sbtest4 WHERE id BETWEEN 9634074 AND 9634173
	Index Scan using sbtest4_pkey on sbtest4  (cost=0.43..404.18 rows=101 width=121)
	  Index Cond: ((id >= 9634074) AND (id <= 9634173))

table 5 : explain SELECT c FROM sbtest5 WHERE id BETWEEN 7040482 AND 7040581
	Index Scan using sbtest5_pkey on sbtest5  (cost=0.43..388.16 rows=97 width=121)
	  Index Cond: ((id >= 7040482) AND (id <= 7040581))

table 6 : explain SELECT c FROM sbtest6 WHERE id BETWEEN 9695996 AND 9696095
	Index Scan using sbtest6_pkey on sbtest6  (cost=0.43..387.91 rows=97 width=121)
	  Index Cond: ((id >= 9695996) AND (id <= 9696095))

table 7 : explain SELECT c FROM sbtest7 WHERE id BETWEEN 8831288 AND 8831387
	Index Scan using sbtest7_pkey on sbtest7  (cost=0.43..399.50 rows=100 width=121)
	  Index Cond: ((id >= 8831288) AND (id <= 8831387))

table 8 : explain SELECT c FROM sbtest8 WHERE id BETWEEN 2654415 AND 2654514
	Index Scan using sbtest8_pkey on sbtest8  (cost=0.43..399.80 rows=100 width=121)
	  Index Cond: ((id >= 2654415) AND (id <= 2654514))

for point_selects
table 1 : explain SELECT c FROM sbtest1 WHERE id=6201289
	Index Scan using sbtest1_pkey on sbtest1  (cost=0.43..8.45 rows=1 width=121)
	  Index Cond: (id = 6201289)

table 2 : explain SELECT c FROM sbtest2 WHERE id=8825832
	Index Scan using sbtest2_pkey on sbtest2  (cost=0.43..8.45 rows=1 width=121)
	  Index Cond: (id = 8825832)

table 3 : explain SELECT c FROM sbtest3 WHERE id=8669950
	Index Scan using sbtest3_pkey on sbtest3  (cost=0.43..8.45 rows=1 width=121)
	  Index Cond: (id = 8669950)

table 4 : explain SELECT c FROM sbtest4 WHERE id=551926
	Index Scan using sbtest4_pkey on sbtest4  (cost=0.43..8.45 rows=1 width=121)
	  Index Cond: (id = 551926)

table 5 : explain SELECT c FROM sbtest5 WHERE id=8355053
	Index Scan using sbtest5_pkey on sbtest5  (cost=0.43..8.45 rows=1 width=121)
	  Index Cond: (id = 8355053)

table 6 : explain SELECT c FROM sbtest6 WHERE id=2862990
	Index Scan using sbtest6_pkey on sbtest6  (cost=0.43..8.45 rows=1 width=121)
	  Index Cond: (id = 2862990)

table 7 : explain SELECT c FROM sbtest7 WHERE id=9885039
	Index Scan using sbtest7_pkey on sbtest7  (cost=0.43..8.45 rows=1 width=121)
	  Index Cond: (id = 9885039)

table 8 : explain SELECT c FROM sbtest8 WHERE id=6500141
	Index Scan using sbtest8_pkey on sbtest8  (cost=0.43..8.45 rows=1 width=121)
	  Index Cond: (id = 6500141)

for: sum_ranges
table 1 : explain SELECT SUM(k) FROM sbtest1 WHERE id BETWEEN 1905034 AND 1905133
	Aggregate  (cost=441.22..441.23 rows=1 width=8)
	  ->  Index Scan using sbtest1_pkey on sbtest1  (cost=0.43..440.95 rows=110 width=4)
	        Index Cond: ((id >= 1905034) AND (id <= 1905133))

table 2 : explain SELECT SUM(k) FROM sbtest2 WHERE id BETWEEN 6473976 AND 6474075
	Aggregate  (cost=449.25..449.26 rows=1 width=8)
	  ->  Index Scan using sbtest2_pkey on sbtest2  (cost=0.43..448.97 rows=112 width=4)
	        Index Cond: ((id >= 6473976) AND (id <= 6474075))

table 3 : explain SELECT SUM(k) FROM sbtest3 WHERE id BETWEEN 5345215 AND 5345314
	Aggregate  (cost=357.71..357.72 rows=1 width=8)
	  ->  Index Scan using sbtest3_pkey on sbtest3  (cost=0.43..357.49 rows=89 width=4)
	        Index Cond: ((id >= 5345215) AND (id <= 5345314))

table 4 : explain SELECT SUM(k) FROM sbtest4 WHERE id BETWEEN 6799545 AND 6799644
	Aggregate  (cost=400.48..400.49 rows=1 width=8)
	  ->  Index Scan using sbtest4_pkey on sbtest4  (cost=0.43..400.23 rows=100 width=4)
	        Index Cond: ((id >= 6799545) AND (id <= 6799644))

table 5 : explain SELECT SUM(k) FROM sbtest5 WHERE id BETWEEN 6664187 AND 6664286
	Aggregate  (cost=404.25..404.26 rows=1 width=8)
	  ->  Index Scan using sbtest5_pkey on sbtest5  (cost=0.43..403.99 rows=101 width=4)
	        Index Cond: ((id >= 6664187) AND (id <= 6664286))

table 6 : explain SELECT SUM(k) FROM sbtest6 WHERE id BETWEEN 7781172 AND 7781271
	Aggregate  (cost=403.98..403.99 rows=1 width=8)
	  ->  Index Scan using sbtest6_pkey on sbtest6  (cost=0.43..403.73 rows=101 width=4)
	        Index Cond: ((id >= 7781172) AND (id <= 7781271))

table 7 : explain SELECT SUM(k) FROM sbtest7 WHERE id BETWEEN 4071855 AND 4071954
	Aggregate  (cost=443.22..443.23 rows=1 width=8)
	  ->  Index Scan using sbtest7_pkey on sbtest7  (cost=0.43..442.94 rows=111 width=4)
	        Index Cond: ((id >= 4071855) AND (id <= 4071954))

table 8 : explain SELECT SUM(k) FROM sbtest8 WHERE id BETWEEN 6374618 AND 6374717
	Aggregate  (cost=407.96..407.97 rows=1 width=8)
	  ->  Index Scan using sbtest8_pkey on sbtest8  (cost=0.43..407.71 rows=102 width=4)
	        Index Cond: ((id >= 6374618) AND (id <= 6374717))

for point_selects
table 1 : explain SELECT c FROM sbtest1 WHERE id=6380113
	Index Scan using sbtest1_pkey on sbtest1  (cost=0.43..8.45 rows=1 width=121)
	  Index Cond: (id = 6380113)

table 2 : explain SELECT c FROM sbtest2 WHERE id=3389063
	Index Scan using sbtest2_pkey on sbtest2  (cost=0.43..8.45 rows=1 width=121)
	  Index Cond: (id = 3389063)

table 3 : explain SELECT c FROM sbtest3 WHERE id=4554074
	Index Scan using sbtest3_pkey on sbtest3  (cost=0.43..8.45 rows=1 width=121)
	  Index Cond: (id = 4554074)

table 4 : explain SELECT c FROM sbtest4 WHERE id=5515298
	Index Scan using sbtest4_pkey on sbtest4  (cost=0.43..8.45 rows=1 width=121)
	  Index Cond: (id = 5515298)

table 5 : explain SELECT c FROM sbtest5 WHERE id=3437661
	Index Scan using sbtest5_pkey on sbtest5  (cost=0.43..8.45 rows=1 width=121)
	  Index Cond: (id = 3437661)

table 6 : explain SELECT c FROM sbtest6 WHERE id=5404963
	Index Scan using sbtest6_pkey on sbtest6  (cost=0.43..8.45 rows=1 width=121)
	  Index Cond: (id = 5404963)

table 7 : explain SELECT c FROM sbtest7 WHERE id=3595648
	Index Scan using sbtest7_pkey on sbtest7  (cost=0.43..8.45 rows=1 width=121)
	  Index Cond: (id = 3595648)

table 8 : explain SELECT c FROM sbtest8 WHERE id=8954373
	Index Scan using sbtest8_pkey on sbtest8  (cost=0.43..8.45 rows=1 width=121)
	  Index Cond: (id = 8954373)

explain: for point_selects :: explain SELECT c FROM sbtest%u WHERE id=%u
for point_selects
table 1 : explain SELECT c FROM sbtest1 WHERE id=1786808
	Index Scan using sbtest1_pkey on sbtest1  (cost=0.43..8.45 rows=1 width=121)
	  Index Cond: (id = 1786808)

table 2 : explain SELECT c FROM sbtest2 WHERE id=5925944
	Index Scan using sbtest2_pkey on sbtest2  (cost=0.43..8.45 rows=1 width=121)
	  Index Cond: (id = 5925944)

table 3 : explain SELECT c FROM sbtest3 WHERE id=9523200
	Index Scan using sbtest3_pkey on sbtest3  (cost=0.43..8.45 rows=1 width=121)
	  Index Cond: (id = 9523200)

table 4 : explain SELECT c FROM sbtest4 WHERE id=9953833
	Index Scan using sbtest4_pkey on sbtest4  (cost=0.43..8.45 rows=1 width=121)
	  Index Cond: (id = 9953833)

table 5 : explain SELECT c FROM sbtest5 WHERE id=5261080
	Index Scan using sbtest5_pkey on sbtest5  (cost=0.43..8.45 rows=1 width=121)
	  Index Cond: (id = 5261080)

table 6 : explain SELECT c FROM sbtest6 WHERE id=8536713
	Index Scan using sbtest6_pkey on sbtest6  (cost=0.43..8.45 rows=1 width=121)
	  Index Cond: (id = 8536713)

table 7 : explain SELECT c FROM sbtest7 WHERE id=8076700
	Index Scan using sbtest7_pkey on sbtest7  (cost=0.43..8.45 rows=1 width=121)
	  Index Cond: (id = 8076700)

table 8 : explain SELECT c FROM sbtest8 WHERE id=2421887
	Index Scan using sbtest8_pkey on sbtest8  (cost=0.43..8.45 rows=1 width=121)
	  Index Cond: (id = 2421887)

for: simple_ranges
table 1 : explain SELECT c FROM sbtest1 WHERE id BETWEEN 1654193 AND 1654292
	Index Scan using sbtest1_pkey on sbtest1  (cost=0.43..369.52 rows=92 width=121)
	  Index Cond: ((id >= 1654193) AND (id <= 1654292))

table 2 : explain SELECT c FROM sbtest2 WHERE id BETWEEN 4528958 AND 4529057
	Index Scan using sbtest2_pkey on sbtest2  (cost=0.43..369.59 rows=92 width=121)
	  Index Cond: ((id >= 4528958) AND (id <= 4529057))

table 3 : explain SELECT c FROM sbtest3 WHERE id BETWEEN 7574269 AND 7574368
	Index Scan using sbtest3_pkey on sbtest3  (cost=0.43..389.22 rows=97 width=121)
	  Index Cond: ((id >= 7574269) AND (id <= 7574368))

table 4 : explain SELECT c FROM sbtest4 WHERE id BETWEEN 436101 AND 436200
	Index Scan using sbtest4_pkey on sbtest4  (cost=0.43..423.97 rows=106 width=121)
	  Index Cond: ((id >= 436101) AND (id <= 436200))

table 5 : explain SELECT c FROM sbtest5 WHERE id BETWEEN 9653042 AND 9653141
	Index Scan using sbtest5_pkey on sbtest5  (cost=0.43..392.11 rows=98 width=121)
	  Index Cond: ((id >= 9653042) AND (id <= 9653141))

table 6 : explain SELECT c FROM sbtest6 WHERE id BETWEEN 3664071 AND 3664170
	Index Scan using sbtest6_pkey on sbtest6  (cost=0.43..360.24 rows=90 width=121)
	  Index Cond: ((id >= 3664071) AND (id <= 3664170))

table 7 : explain SELECT c FROM sbtest7 WHERE id BETWEEN 4456561 AND 4456660
	Index Scan using sbtest7_pkey on sbtest7  (cost=0.43..478.48 rows=120 width=121)
	  Index Cond: ((id >= 4456561) AND (id <= 4456660))

table 8 : explain SELECT c FROM sbtest8 WHERE id BETWEEN 8199628 AND 8199727
	Index Scan using sbtest8_pkey on sbtest8  (cost=0.43..439.33 rows=110 width=121)
	  Index Cond: ((id >= 8199628) AND (id <= 8199727))

for: simple_ranges
table 1 : explain SELECT c FROM sbtest1 WHERE id BETWEEN 7366931 AND 7367030
	Index Scan using sbtest1_pkey on sbtest1  (cost=0.43..393.33 rows=98 width=121)
	  Index Cond: ((id >= 7366931) AND (id <= 7367030))

table 2 : explain SELECT c FROM sbtest2 WHERE id BETWEEN 7658604 AND 7658703
	Index Scan using sbtest2_pkey on sbtest2  (cost=0.43..393.40 rows=98 width=121)
	  Index Cond: ((id >= 7658604) AND (id <= 7658703))

table 3 : explain SELECT c FROM sbtest3 WHERE id BETWEEN 1468370 AND 1468469
	Index Scan using sbtest3_pkey on sbtest3  (cost=0.43..460.62 rows=115 width=121)
	  Index Cond: ((id >= 1468370) AND (id <= 1468469))

table 4 : explain SELECT c FROM sbtest4 WHERE id BETWEEN 9166637 AND 9166736
	Index Scan using sbtest4_pkey on sbtest4  (cost=0.43..408.14 rows=102 width=121)
	  Index Cond: ((id >= 9166637) AND (id <= 9166736))

table 5 : explain SELECT c FROM sbtest5 WHERE id BETWEEN 6731624 AND 6731723
	Index Scan using sbtest5_pkey on sbtest5  (cost=0.43..411.90 rows=103 width=121)
	  Index Cond: ((id >= 6731624) AND (id <= 6731723))

table 6 : explain SELECT c FROM sbtest6 WHERE id BETWEEN 7976950 AND 7977049
	Index Scan using sbtest6_pkey on sbtest6  (cost=0.43..364.19 rows=91 width=121)
	  Index Cond: ((id >= 7976950) AND (id <= 7977049))

table 7 : explain SELECT c FROM sbtest7 WHERE id BETWEEN 4143483 AND 4143582
	Index Scan using sbtest7_pkey on sbtest7  (cost=0.43..383.68 rows=96 width=121)
	  Index Cond: ((id >= 4143483) AND (id <= 4143582))

table 8 : explain SELECT c FROM sbtest8 WHERE id BETWEEN 1921304 AND 1921403
	Index Scan using sbtest8_pkey on sbtest8  (cost=0.43..451.18 rows=113 width=121)
	  Index Cond: ((id >= 1921304) AND (id <= 1921403))

for: simple_ranges
table 1 : explain SELECT c FROM sbtest1 WHERE id BETWEEN 4403777 AND 4403876
	Index Scan using sbtest1_pkey on sbtest1  (cost=0.43..393.33 rows=98 width=121)
	  Index Cond: ((id >= 4403777) AND (id <= 4403876))

table 2 : explain SELECT c FROM sbtest2 WHERE id BETWEEN 3431513 AND 3431612
	Index Scan using sbtest2_pkey on sbtest2  (cost=0.43..413.26 rows=103 width=121)
	  Index Cond: ((id >= 3431513) AND (id <= 3431612))

table 3 : explain SELECT c FROM sbtest3 WHERE id BETWEEN 5295898 AND 5295997
	Index Scan using sbtest3_pkey on sbtest3  (cost=0.43..357.49 rows=89 width=121)
	  Index Cond: ((id >= 5295898) AND (id <= 5295997))

table 4 : explain SELECT c FROM sbtest4 WHERE id BETWEEN 8581304 AND 8581403
	Index Scan using sbtest4_pkey on sbtest4  (cost=0.43..447.71 rows=112 width=121)
	  Index Cond: ((id >= 8581304) AND (id <= 8581403))

table 5 : explain SELECT c FROM sbtest5 WHERE id BETWEEN 8137481 AND 8137580
	Index Scan using sbtest5_pkey on sbtest5  (cost=0.43..415.86 rows=104 width=121)
	  Index Cond: ((id >= 8137481) AND (id <= 8137580))

table 6 : explain SELECT c FROM sbtest6 WHERE id BETWEEN 3582855 AND 3582954
	Index Scan using sbtest6_pkey on sbtest6  (cost=0.43..360.24 rows=90 width=121)
	  Index Cond: ((id >= 3582855) AND (id <= 3582954))

table 7 : explain SELECT c FROM sbtest7 WHERE id BETWEEN 3368792 AND 3368891
	Index Scan using sbtest7_pkey on sbtest7  (cost=0.43..411.34 rows=103 width=121)
	  Index Cond: ((id >= 3368792) AND (id <= 3368891))

table 8 : explain SELECT c FROM sbtest8 WHERE id BETWEEN 1267297 AND 1267396
	Index Scan using sbtest8_pkey on sbtest8  (cost=0.43..403.75 rows=101 width=121)
	  Index Cond: ((id >= 1267297) AND (id <= 1267396))

for: simple_ranges
table 1 : explain SELECT c FROM sbtest1 WHERE id BETWEEN 4188117 AND 4188216
	Index Scan using sbtest1_pkey on sbtest1  (cost=0.43..401.26 rows=100 width=121)
	  Index Cond: ((id >= 4188117) AND (id <= 4188216))

table 2 : explain SELECT c FROM sbtest2 WHERE id BETWEEN 5665410 AND 5665509
	Index Scan using sbtest2_pkey on sbtest2  (cost=0.43..401.35 rows=100 width=121)
	  Index Cond: ((id >= 5665410) AND (id <= 5665509))

table 3 : explain SELECT c FROM sbtest3 WHERE id BETWEEN 4394121 AND 4394220
	Index Scan using sbtest3_pkey on sbtest3  (cost=0.43..397.15 rows=99 width=121)
	  Index Cond: ((id >= 4394121) AND (id <= 4394220))

table 4 : explain SELECT c FROM sbtest4 WHERE id BETWEEN 6294351 AND 6294450
	Index Scan using sbtest4_pkey on sbtest4  (cost=0.43..380.43 rows=95 width=121)
	  Index Cond: ((id >= 6294351) AND (id <= 6294450))

table 5 : explain SELECT c FROM sbtest5 WHERE id BETWEEN 2650433 AND 2650532
	Index Scan using sbtest5_pkey on sbtest5  (cost=0.43..388.16 rows=97 width=121)
	  Index Cond: ((id >= 2650433) AND (id <= 2650532))

table 6 : explain SELECT c FROM sbtest6 WHERE id BETWEEN 3495565 AND 3495664
	Index Scan using sbtest6_pkey on sbtest6  (cost=0.43..455.11 rows=114 width=121)
	  Index Cond: ((id >= 3495565) AND (id <= 3495664))

table 7 : explain SELECT c FROM sbtest7 WHERE id BETWEEN 5869211 AND 5869310
	Index Scan using sbtest7_pkey on sbtest7  (cost=0.43..415.29 rows=104 width=121)
	  Index Cond: ((id >= 5869211) AND (id <= 5869310))

table 8 : explain SELECT c FROM sbtest8 WHERE id BETWEEN 3053949 AND 3054048
	Index Scan using sbtest8_pkey on sbtest8  (cost=0.43..427.47 rows=107 width=121)
	  Index Cond: ((id >= 3053949) AND (id <= 3054048))

explain: for point_selects :: explain SELECT c FROM sbtest%u WHERE id=%u
for: simple_ranges
table 1 : explain SELECT c FROM sbtest1 WHERE id BETWEEN 6628593 AND 6628692
	Index Scan using sbtest1_pkey on sbtest1  (cost=0.43..393.33 rows=98 width=121)
	  Index Cond: ((id >= 6628593) AND (id <= 6628692))

table 2 : explain SELECT c FROM sbtest2 WHERE id BETWEEN 2206489 AND 2206588
	Index Scan using sbtest2_pkey on sbtest2  (cost=0.43..373.56 rows=93 width=121)
	  Index Cond: ((id >= 2206489) AND (id <= 2206588))

table 3 : explain SELECT c FROM sbtest3 WHERE id BETWEEN 8534486 AND 8534585
	Index Scan using sbtest3_pkey on sbtest3  (cost=0.43..389.22 rows=97 width=121)
	  Index Cond: ((id >= 8534486) AND (id <= 8534585))

table 4 : explain SELECT c FROM sbtest4 WHERE id BETWEEN 7031164 AND 7031263
	Index Scan using sbtest4_pkey on sbtest4  (cost=0.43..384.38 rows=96 width=121)
	  Index Cond: ((id >= 7031164) AND (id <= 7031263))

table 5 : explain SELECT c FROM sbtest5 WHERE id BETWEEN 5102027 AND 5102126
	Index Scan using sbtest5_pkey on sbtest5  (cost=0.43..419.81 rows=105 width=121)
	  Index Cond: ((id >= 5102027) AND (id <= 5102126))

table 6 : explain SELECT c FROM sbtest6 WHERE id BETWEEN 8524150 AND 8524249
	Index Scan using sbtest6_pkey on sbtest6  (cost=0.43..395.83 rows=99 width=121)
	  Index Cond: ((id >= 8524150) AND (id <= 8524249))

table 7 : explain SELECT c FROM sbtest7 WHERE id BETWEEN 8360161 AND 8360260
	Index Scan using sbtest7_pkey on sbtest7  (cost=0.43..427.14 rows=107 width=121)
	  Index Cond: ((id >= 8360161) AND (id <= 8360260))

table 8 : explain SELECT c FROM sbtest8 WHERE id BETWEEN 7538008 AND 7538107
	Index Scan using sbtest8_pkey on sbtest8  (cost=0.43..399.80 rows=100 width=121)
	  Index Cond: ((id >= 7538008) AND (id <= 7538107))

for: sum_ranges
table 1 : explain SELECT SUM(k) FROM sbtest1 WHERE id BETWEEN 3810506 AND 3810605
	Aggregate  (cost=377.69..377.70 rows=1 width=8)
	  ->  Index Scan using sbtest1_pkey on sbtest1  (cost=0.43..377.46 rows=94 width=4)
	        Index Cond: ((id >= 3810506) AND (id <= 3810605))

table 2 : explain SELECT SUM(k) FROM sbtest2 WHERE id BETWEEN 761815 AND 761914
	Aggregate  (cost=409.54..409.55 rows=1 width=8)
	  ->  Index Scan using sbtest2_pkey on sbtest2  (cost=0.43..409.29 rows=102 width=4)
	        Index Cond: ((id >= 761815) AND (id <= 761914))

table 3 : explain SELECT SUM(k) FROM sbtest3 WHERE id BETWEEN 7208721 AND 7208820
	Aggregate  (cost=437.10..437.11 rows=1 width=8)
	  ->  Index Scan using sbtest3_pkey on sbtest3  (cost=0.43..436.83 rows=109 width=4)
	        Index Cond: ((id >= 7208721) AND (id <= 7208820))

table 4 : explain SELECT SUM(k) FROM sbtest4 WHERE id BETWEEN 8752573 AND 8752672
	Aggregate  (cost=388.58..388.59 rows=1 width=8)
	  ->  Index Scan using sbtest4_pkey on sbtest4  (cost=0.43..388.34 rows=97 width=4)
	        Index Cond: ((id >= 8752573) AND (id <= 8752672))

table 5 : explain SELECT SUM(k) FROM sbtest5 WHERE id BETWEEN 9248063 AND 9248162
	Aggregate  (cost=447.78..447.79 rows=1 width=8)
	  ->  Index Scan using sbtest5_pkey on sbtest5  (cost=0.43..447.50 rows=112 width=4)
	        Index Cond: ((id >= 9248063) AND (id <= 9248162))

table 6 : explain SELECT SUM(k) FROM sbtest6 WHERE id BETWEEN 9457652 AND 9457751
	Aggregate  (cost=403.98..403.99 rows=1 width=8)
	  ->  Index Scan using sbtest6_pkey on sbtest6  (cost=0.43..403.73 rows=101 width=4)
	        Index Cond: ((id >= 9457652) AND (id <= 9457751))

table 7 : explain SELECT SUM(k) FROM sbtest7 WHERE id BETWEEN 9782363 AND 9782462
	Aggregate  (cost=415.55..415.56 rows=1 width=8)
	  ->  Index Scan using sbtest7_pkey on sbtest7  (cost=0.43..415.29 rows=104 width=4)
	        Index Cond: ((id >= 9782363) AND (id <= 9782462))

table 8 : explain SELECT SUM(k) FROM sbtest8 WHERE id BETWEEN 953599 AND 953698
	Aggregate  (cost=384.21..384.22 rows=1 width=8)
	  ->  Index Scan using sbtest8_pkey on sbtest8  (cost=0.43..383.97 rows=96 width=4)
	        Index Cond: ((id >= 953599) AND (id <= 953698))

for: sum_ranges
table 1 : explain SELECT SUM(k) FROM sbtest1 WHERE id BETWEEN 8267250 AND 8267349
	Aggregate  (cost=429.31..429.32 rows=1 width=8)
	  ->  Index Scan using sbtest1_pkey on sbtest1  (cost=0.43..429.05 rows=107 width=4)
	        Index Cond: ((id >= 8267250) AND (id <= 8267349))

table 2 : explain SELECT SUM(k) FROM sbtest2 WHERE id BETWEEN 1196044 AND 1196143
	Aggregate  (cost=389.68..389.69 rows=1 width=8)
	  ->  Index Scan using sbtest2_pkey on sbtest2  (cost=0.43..389.43 rows=97 width=4)
	        Index Cond: ((id >= 1196044) AND (id <= 1196143))

table 3 : explain SELECT SUM(k) FROM sbtest3 WHERE id BETWEEN 852822 AND 852921
	Aggregate  (cost=460.91..460.92 rows=1 width=8)
	  ->  Index Scan using sbtest3_pkey on sbtest3  (cost=0.43..460.62 rows=115 width=4)
	        Index Cond: ((id >= 852822) AND (id <= 852921))

table 4 : explain SELECT SUM(k) FROM sbtest4 WHERE id BETWEEN 2012141 AND 2012240
	Aggregate  (cost=412.35..412.36 rows=1 width=8)
	  ->  Index Scan using sbtest4_pkey on sbtest4  (cost=0.43..412.10 rows=103 width=4)
	        Index Cond: ((id >= 2012141) AND (id <= 2012240))

table 5 : explain SELECT SUM(k) FROM sbtest5 WHERE id BETWEEN 1317417 AND 1317516
	Aggregate  (cost=412.16..412.17 rows=1 width=8)
	  ->  Index Scan using sbtest5_pkey on sbtest5  (cost=0.43..411.90 rows=103 width=4)
	        Index Cond: ((id >= 1317417) AND (id <= 1317516))

table 6 : explain SELECT SUM(k) FROM sbtest6 WHERE id BETWEEN 3535603 AND 3535702
	Aggregate  (cost=455.40..455.41 rows=1 width=8)
	  ->  Index Scan using sbtest6_pkey on sbtest6  (cost=0.43..455.11 rows=114 width=4)
	        Index Cond: ((id >= 3535603) AND (id <= 3535702))

table 7 : explain SELECT SUM(k) FROM sbtest7 WHERE id BETWEEN 6248218 AND 6248317
	Aggregate  (cost=407.65..407.66 rows=1 width=8)
	  ->  Index Scan using sbtest7_pkey on sbtest7  (cost=0.43..407.39 rows=102 width=4)
	        Index Cond: ((id >= 6248218) AND (id <= 6248317))

table 8 : explain SELECT SUM(k) FROM sbtest8 WHERE id BETWEEN 4370036 AND 4370135
	Aggregate  (cost=376.30..376.31 rows=1 width=8)
	  ->  Index Scan using sbtest8_pkey on sbtest8  (cost=0.43..376.07 rows=94 width=4)
	        Index Cond: ((id >= 4370036) AND (id <= 4370135))

for point_selects
table 1 : explain SELECT c FROM sbtest1 WHERE id=8624953
	Index Scan using sbtest1_pkey on sbtest1  (cost=0.43..8.45 rows=1 width=121)
	  Index Cond: (id = 8624953)

table 2 : explain SELECT c FROM sbtest2 WHERE id=9375568
	Index Scan using sbtest2_pkey on sbtest2  (cost=0.43..8.45 rows=1 width=121)
	  Index Cond: (id = 9375568)

table 3 : explain SELECT c FROM sbtest3 WHERE id=3532347
	Index Scan using sbtest3_pkey on sbtest3  (cost=0.43..8.45 rows=1 width=121)
	  Index Cond: (id = 3532347)

table 4 : explain SELECT c FROM sbtest4 WHERE id=8824440
	Index Scan using sbtest4_pkey on sbtest4  (cost=0.43..8.45 rows=1 width=121)
	  Index Cond: (id = 8824440)

table 5 : explain SELECT c FROM sbtest5 WHERE id=1713815
	Index Scan using sbtest5_pkey on sbtest5  (cost=0.43..8.45 rows=1 width=121)
	  Index Cond: (id = 1713815)

table 6 : explain SELECT c FROM sbtest6 WHERE id=883878
	Index Scan using sbtest6_pkey on sbtest6  (cost=0.43..8.45 rows=1 width=121)
	  Index Cond: (id = 883878)

table 7 : explain SELECT c FROM sbtest7 WHERE id=8719011
	Index Scan using sbtest7_pkey on sbtest7  (cost=0.43..8.45 rows=1 width=121)
	  Index Cond: (id = 8719011)

table 8 : explain SELECT c FROM sbtest8 WHERE id=6683812
	Index Scan using sbtest8_pkey on sbtest8  (cost=0.43..8.45 rows=1 width=121)
	  Index Cond: (id = 6683812)

for: sum_ranges
table 1 : explain SELECT SUM(k) FROM sbtest1 WHERE id BETWEEN 4741143 AND 4741242
	Aggregate  (cost=393.57..393.58 rows=1 width=8)
	  ->  Index Scan using sbtest1_pkey on sbtest1  (cost=0.43..393.33 rows=98 width=4)
	        Index Cond: ((id >= 4741143) AND (id <= 4741242))

table 2 : explain SELECT SUM(k) FROM sbtest2 WHERE id BETWEEN 8059666 AND 8059765
	Aggregate  (cost=385.70..385.71 rows=1 width=8)
	  ->  Index Scan using sbtest2_pkey on sbtest2  (cost=0.43..385.46 rows=96 width=4)
	        Index Cond: ((id >= 8059666) AND (id <= 8059765))

table 3 : explain SELECT SUM(k) FROM sbtest3 WHERE id BETWEEN 7233687 AND 7233786
	Aggregate  (cost=437.10..437.11 rows=1 width=8)
	  ->  Index Scan using sbtest3_pkey on sbtest3  (cost=0.43..436.83 rows=109 width=4)
	        Index Cond: ((id >= 7233687) AND (id <= 7233786))

table 4 : explain SELECT SUM(k) FROM sbtest4 WHERE id BETWEEN 4234391 AND 4234490
	Aggregate  (cost=420.27..420.28 rows=1 width=8)
	  ->  Index Scan using sbtest4_pkey on sbtest4  (cost=0.43..420.01 rows=105 width=4)
	        Index Cond: ((id >= 4234391) AND (id <= 4234490))

table 5 : explain SELECT SUM(k) FROM sbtest5 WHERE id BETWEEN 5078902 AND 5079001
	Aggregate  (cost=420.08..420.09 rows=1 width=8)
	  ->  Index Scan using sbtest5_pkey on sbtest5  (cost=0.43..419.81 rows=105 width=4)
	        Index Cond: ((id >= 5078902) AND (id <= 5079001))

table 6 : explain SELECT SUM(k) FROM sbtest6 WHERE id BETWEEN 6740678 AND 6740777
	Aggregate  (cost=396.08..396.09 rows=1 width=8)
	  ->  Index Scan using sbtest6_pkey on sbtest6  (cost=0.43..395.83 rows=99 width=4)
	        Index Cond: ((id >= 6740678) AND (id <= 6740777))

table 7 : explain SELECT SUM(k) FROM sbtest7 WHERE id BETWEEN 4104430 AND 4104529
	Aggregate  (cost=443.22..443.23 rows=1 width=8)
	  ->  Index Scan using sbtest7_pkey on sbtest7  (cost=0.43..442.94 rows=111 width=4)
	        Index Cond: ((id >= 4104430) AND (id <= 4104529))

table 8 : explain SELECT SUM(k) FROM sbtest8 WHERE id BETWEEN 8966904 AND 8967003
	Aggregate  (cost=368.39..368.40 rows=1 width=8)
	  ->  Index Scan using sbtest8_pkey on sbtest8  (cost=0.43..368.16 rows=92 width=4)
	        Index Cond: ((id >= 8966904) AND (id <= 8967003))

for: sum_ranges
table 1 : explain SELECT SUM(k) FROM sbtest1 WHERE id BETWEEN 6279371 AND 6279470
	Aggregate  (cost=381.66..381.67 rows=1 width=8)
	  ->  Index Scan using sbtest1_pkey on sbtest1  (cost=0.43..381.42 rows=95 width=4)
	        Index Cond: ((id >= 6279371) AND (id <= 6279470))

table 2 : explain SELECT SUM(k) FROM sbtest2 WHERE id BETWEEN 9733986 AND 9734085
	Aggregate  (cost=369.82..369.83 rows=1 width=8)
	  ->  Index Scan using sbtest2_pkey on sbtest2  (cost=0.43..369.59 rows=92 width=4)
	        Index Cond: ((id >= 9733986) AND (id <= 9734085))

table 3 : explain SELECT SUM(k) FROM sbtest3 WHERE id BETWEEN 9457452 AND 9457551
	Aggregate  (cost=389.46..389.47 rows=1 width=8)
	  ->  Index Scan using sbtest3_pkey on sbtest3  (cost=0.43..389.22 rows=97 width=4)
	        Index Cond: ((id >= 9457452) AND (id <= 9457551))

table 4 : explain SELECT SUM(k) FROM sbtest4 WHERE id BETWEEN 2328805 AND 2328904
	Aggregate  (cost=345.03..345.04 rows=1 width=8)
	  ->  Index Scan using sbtest4_pkey on sbtest4  (cost=0.43..344.81 rows=86 width=4)
	        Index Cond: ((id >= 2328805) AND (id <= 2328904))

table 5 : explain SELECT SUM(k) FROM sbtest5 WHERE id BETWEEN 5608070 AND 5608169
	Aggregate  (cost=376.53..376.54 rows=1 width=8)
	  ->  Index Scan using sbtest5_pkey on sbtest5  (cost=0.43..376.29 rows=94 width=4)
	        Index Cond: ((id >= 5608070) AND (id <= 5608169))

table 6 : explain SELECT SUM(k) FROM sbtest6 WHERE id BETWEEN 3578915 AND 3579014
	Aggregate  (cost=360.47..360.48 rows=1 width=8)
	  ->  Index Scan using sbtest6_pkey on sbtest6  (cost=0.43..360.24 rows=90 width=4)
	        Index Cond: ((id >= 3578915) AND (id <= 3579014))

table 7 : explain SELECT SUM(k) FROM sbtest7 WHERE id BETWEEN 8196809 AND 8196908
	Aggregate  (cost=360.21..360.22 rows=1 width=8)
	  ->  Index Scan using sbtest7_pkey on sbtest7  (cost=0.43..359.98 rows=90 width=4)
	        Index Cond: ((id >= 8196809) AND (id <= 8196908))

table 8 : explain SELECT SUM(k) FROM sbtest8 WHERE id BETWEEN 3346395 AND 3346494
	Aggregate  (cost=404.01..404.02 rows=1 width=8)
	  ->  Index Scan using sbtest8_pkey on sbtest8  (cost=0.43..403.75 rows=101 width=4)
	        Index Cond: ((id >= 3346395) AND (id <= 3346494))

for point_selects
table 1 : explain SELECT c FROM sbtest1 WHERE id=4440575
	Index Scan using sbtest1_pkey on sbtest1  (cost=0.43..8.45 rows=1 width=121)
	  Index Cond: (id = 4440575)

table 2 : explain SELECT c FROM sbtest2 WHERE id=2529528
	Index Scan using sbtest2_pkey on sbtest2  (cost=0.43..8.45 rows=1 width=121)
	  Index Cond: (id = 2529528)

table 3 : explain SELECT c FROM sbtest3 WHERE id=8033896
	Index Scan using sbtest3_pkey on sbtest3  (cost=0.43..8.45 rows=1 width=121)
	  Index Cond: (id = 8033896)

table 4 : explain SELECT c FROM sbtest4 WHERE id=9591989
	Index Scan using sbtest4_pkey on sbtest4  (cost=0.43..8.45 rows=1 width=121)
	  Index Cond: (id = 9591989)

table 5 : explain SELECT c FROM sbtest5 WHERE id=5357678
	Index Scan using sbtest5_pkey on sbtest5  (cost=0.43..8.45 rows=1 width=121)
	  Index Cond: (id = 5357678)

table 6 : explain SELECT c FROM sbtest6 WHERE id=1314133
	Index Scan using sbtest6_pkey on sbtest6  (cost=0.43..8.45 rows=1 width=121)
	  Index Cond: (id = 1314133)

table 7 : explain SELECT c FROM sbtest7 WHERE id=1379610
	Index Scan using sbtest7_pkey on sbtest7  (cost=0.43..8.45 rows=1 width=121)
	  Index Cond: (id = 1379610)

table 8 : explain SELECT c FROM sbtest8 WHERE id=2079573
	Index Scan using sbtest8_pkey on sbtest8  (cost=0.43..8.45 rows=1 width=121)
	  Index Cond: (id = 2079573)

explain: for point_selects :: explain SELECT c FROM sbtest%u WHERE id=%u
for point_selects
table 1 : explain SELECT c FROM sbtest1 WHERE id=8621585
	Index Scan using sbtest1_pkey on sbtest1  (cost=0.43..8.45 rows=1 width=121)
	  Index Cond: (id = 8621585)

table 2 : explain SELECT c FROM sbtest2 WHERE id=4817653
	Index Scan using sbtest2_pkey on sbtest2  (cost=0.43..8.45 rows=1 width=121)
	  Index Cond: (id = 4817653)

table 3 : explain SELECT c FROM sbtest3 WHERE id=4260054
	Index Scan using sbtest3_pkey on sbtest3  (cost=0.43..8.45 rows=1 width=121)
	  Index Cond: (id = 4260054)

table 4 : explain SELECT c FROM sbtest4 WHERE id=5521538
	Index Scan using sbtest4_pkey on sbtest4  (cost=0.43..8.45 rows=1 width=121)
	  Index Cond: (id = 5521538)

table 5 : explain SELECT c FROM sbtest5 WHERE id=9706733
	Index Scan using sbtest5_pkey on sbtest5  (cost=0.43..8.45 rows=1 width=121)
	  Index Cond: (id = 9706733)

table 6 : explain SELECT c FROM sbtest6 WHERE id=7086522
	Index Scan using sbtest6_pkey on sbtest6  (cost=0.43..8.45 rows=1 width=121)
	  Index Cond: (id = 7086522)

table 7 : explain SELECT c FROM sbtest7 WHERE id=2737166
	Index Scan using sbtest7_pkey on sbtest7  (cost=0.43..8.45 rows=1 width=121)
	  Index Cond: (id = 2737166)

table 8 : explain SELECT c FROM sbtest8 WHERE id=5427712
	Index Scan using sbtest8_pkey on sbtest8  (cost=0.43..8.45 rows=1 width=121)
	  Index Cond: (id = 5427712)

for point_selects
table 1 : explain SELECT c FROM sbtest1 WHERE id=666228
	Index Scan using sbtest1_pkey on sbtest1  (cost=0.43..8.45 rows=1 width=121)
	  Index Cond: (id = 666228)

table 2 : explain SELECT c FROM sbtest2 WHERE id=5358694
	Index Scan using sbtest2_pkey on sbtest2  (cost=0.43..8.45 rows=1 width=121)
	  Index Cond: (id = 5358694)

table 3 : explain SELECT c FROM sbtest3 WHERE id=9515386
	Index Scan using sbtest3_pkey on sbtest3  (cost=0.43..8.45 rows=1 width=121)
	  Index Cond: (id = 9515386)

table 4 : explain SELECT c FROM sbtest4 WHERE id=3895380
	Index Scan using sbtest4_pkey on sbtest4  (cost=0.43..8.45 rows=1 width=121)
	  Index Cond: (id = 3895380)

table 5 : explain SELECT c FROM sbtest5 WHERE id=6263357
	Index Scan using sbtest5_pkey on sbtest5  (cost=0.43..8.45 rows=1 width=121)
	  Index Cond: (id = 6263357)

table 6 : explain SELECT c FROM sbtest6 WHERE id=8116400
	Index Scan using sbtest6_pkey on sbtest6  (cost=0.43..8.45 rows=1 width=121)
	  Index Cond: (id = 8116400)

table 7 : explain SELECT c FROM sbtest7 WHERE id=4938447
	Index Scan using sbtest7_pkey on sbtest7  (cost=0.43..8.45 rows=1 width=121)
	  Index Cond: (id = 4938447)

table 8 : explain SELECT c FROM sbtest8 WHERE id=1100360
	Index Scan using sbtest8_pkey on sbtest8  (cost=0.43..8.45 rows=1 width=121)
	  Index Cond: (id = 1100360)

for: simple_ranges
table 1 : explain SELECT c FROM sbtest1 WHERE id BETWEEN 9996836 AND 9996935
	Index Scan using sbtest1_pkey on sbtest1  (cost=0.43..401.26 rows=100 width=121)
	  Index Cond: ((id >= 9996836) AND (id <= 9996935))

table 2 : explain SELECT c FROM sbtest2 WHERE id BETWEEN 8884034 AND 8884133
	Index Scan using sbtest2_pkey on sbtest2  (cost=0.43..401.35 rows=100 width=121)
	  Index Cond: ((id >= 8884034) AND (id <= 8884133))

table 3 : explain SELECT c FROM sbtest3 WHERE id BETWEEN 3574285 AND 3574384
	Index Scan using sbtest3_pkey on sbtest3  (cost=0.43..381.29 rows=95 width=121)
	  Index Cond: ((id >= 3574285) AND (id <= 3574384))

table 4 : explain SELECT c FROM sbtest4 WHERE id BETWEEN 3324590 AND 3324689
	Index Scan using sbtest4_pkey on sbtest4  (cost=0.43..427.92 rows=107 width=121)
	  Index Cond: ((id >= 3324590) AND (id <= 3324689))

table 5 : explain SELECT c FROM sbtest5 WHERE id BETWEEN 4149984 AND 4150083
	Index Scan using sbtest5_pkey on sbtest5  (cost=0.43..396.08 rows=99 width=121)
	  Index Cond: ((id >= 4149984) AND (id <= 4150083))

table 6 : explain SELECT c FROM sbtest6 WHERE id BETWEEN 284088 AND 284187
	Index Scan using sbtest6_pkey on sbtest6  (cost=0.43..407.68 rows=102 width=121)
	  Index Cond: ((id >= 284088) AND (id <= 284187))

table 7 : explain SELECT c FROM sbtest7 WHERE id BETWEEN 2826560 AND 2826659
	Index Scan using sbtest7_pkey on sbtest7  (cost=0.43..419.24 rows=105 width=121)
	  Index Cond: ((id >= 2826560) AND (id <= 2826659))

table 8 : explain SELECT c FROM sbtest8 WHERE id BETWEEN 5413907 AND 5414006
	Index Scan using sbtest8_pkey on sbtest8  (cost=0.43..395.85 rows=99 width=121)
	  Index Cond: ((id >= 5413907) AND (id <= 5414006))

for: simple_ranges
table 1 : explain SELECT c FROM sbtest1 WHERE id BETWEEN 292263 AND 292362
	Index Scan using sbtest1_pkey on sbtest1  (cost=0.43..381.42 rows=95 width=121)
	  Index Cond: ((id >= 292263) AND (id <= 292362))

table 2 : explain SELECT c FROM sbtest2 WHERE id BETWEEN 2408448 AND 2408547
	Index Scan using sbtest2_pkey on sbtest2  (cost=0.43..381.50 rows=95 width=121)
	  Index Cond: ((id >= 2408448) AND (id <= 2408547))

table 3 : explain SELECT c FROM sbtest3 WHERE id BETWEEN 4075935 AND 4076034
	Index Scan using sbtest3_pkey on sbtest3  (cost=0.43..381.29 rows=95 width=121)
	  Index Cond: ((id >= 4075935) AND (id <= 4076034))

table 4 : explain SELECT c FROM sbtest4 WHERE id BETWEEN 6699391 AND 6699490
	Index Scan using sbtest4_pkey on sbtest4  (cost=0.43..352.73 rows=88 width=121)
	  Index Cond: ((id >= 6699391) AND (id <= 6699490))

table 5 : explain SELECT c FROM sbtest5 WHERE id BETWEEN 9915615 AND 9915714
	Index Scan using sbtest5_pkey on sbtest5  (cost=0.43..388.16 rows=97 width=121)
	  Index Cond: ((id >= 9915615) AND (id <= 9915714))

table 6 : explain SELECT c FROM sbtest6 WHERE id BETWEEN 2202380 AND 2202479
	Index Scan using sbtest6_pkey on sbtest6  (cost=0.43..419.54 rows=105 width=121)
	  Index Cond: ((id >= 2202380) AND (id <= 2202479))

table 7 : explain SELECT c FROM sbtest7 WHERE id BETWEEN 3830035 AND 3830134
	Index Scan using sbtest7_pkey on sbtest7  (cost=0.43..387.63 rows=97 width=121)
	  Index Cond: ((id >= 3830035) AND (id <= 3830134))

table 8 : explain SELECT c FROM sbtest8 WHERE id BETWEEN 9257897 AND 9257996
	Index Scan using sbtest8_pkey on sbtest8  (cost=0.43..431.42 rows=108 width=121)
	  Index Cond: ((id >= 9257897) AND (id <= 9257996))

for point_selects
table 1 : explain SELECT c FROM sbtest1 WHERE id=6668688
	Index Scan using sbtest1_pkey on sbtest1  (cost=0.43..8.45 rows=1 width=121)
	  Index Cond: (id = 6668688)

table 2 : explain SELECT c FROM sbtest2 WHERE id=2818536
	Index Scan using sbtest2_pkey on sbtest2  (cost=0.43..8.45 rows=1 width=121)
	  Index Cond: (id = 2818536)

table 3 : explain SELECT c FROM sbtest3 WHERE id=9870175
	Index Scan using sbtest3_pkey on sbtest3  (cost=0.43..8.45 rows=1 width=121)
	  Index Cond: (id = 9870175)

table 4 : explain SELECT c FROM sbtest4 WHERE id=4483894
	Index Scan using sbtest4_pkey on sbtest4  (cost=0.43..8.45 rows=1 width=121)
	  Index Cond: (id = 4483894)

table 5 : explain SELECT c FROM sbtest5 WHERE id=7715802
	Index Scan using sbtest5_pkey on sbtest5  (cost=0.43..8.45 rows=1 width=121)
	  Index Cond: (id = 7715802)

table 6 : explain SELECT c FROM sbtest6 WHERE id=1354639
	Index Scan using sbtest6_pkey on sbtest6  (cost=0.43..8.45 rows=1 width=121)
	  Index Cond: (id = 1354639)

table 7 : explain SELECT c FROM sbtest7 WHERE id=6747509
	Index Scan using sbtest7_pkey on sbtest7  (cost=0.43..8.45 rows=1 width=121)
	  Index Cond: (id = 6747509)

table 8 : explain SELECT c FROM sbtest8 WHERE id=1844124
	Index Scan using sbtest8_pkey on sbtest8  (cost=0.43..8.45 rows=1 width=121)
	  Index Cond: (id = 1844124)

explain: for point_selects :: explain SELECT c FROM sbtest%u WHERE id=%u
for: simple_ranges
table 1 : explain SELECT c FROM sbtest1 WHERE id BETWEEN 4058620 AND 4058719
	Index Scan using sbtest1_pkey on sbtest1  (cost=0.43..369.52 rows=92 width=121)
	  Index Cond: ((id >= 4058620) AND (id <= 4058719))

table 2 : explain SELECT c FROM sbtest2 WHERE id BETWEEN 3636457 AND 3636556
	Index Scan using sbtest2_pkey on sbtest2  (cost=0.43..397.37 rows=99 width=121)
	  Index Cond: ((id >= 3636457) AND (id <= 3636556))

table 3 : explain SELECT c FROM sbtest3 WHERE id BETWEEN 4683009 AND 4683108
	Index Scan using sbtest3_pkey on sbtest3  (cost=0.43..381.29 rows=95 width=121)
	  Index Cond: ((id >= 4683009) AND (id <= 4683108))

table 4 : explain SELECT c FROM sbtest4 WHERE id BETWEEN 1417570 AND 1417669
	Index Scan using sbtest4_pkey on sbtest4  (cost=0.43..376.47 rows=94 width=121)
	  Index Cond: ((id >= 1417570) AND (id <= 1417669))

table 5 : explain SELECT c FROM sbtest5 WHERE id BETWEEN 1193553 AND 1193652
	Index Scan using sbtest5_pkey on sbtest5  (cost=0.43..400.04 rows=100 width=121)
	  Index Cond: ((id >= 1193553) AND (id <= 1193652))

table 6 : explain SELECT c FROM sbtest6 WHERE id BETWEEN 6252619 AND 6252718
	Index Scan using sbtest6_pkey on sbtest6  (cost=0.43..376.05 rows=94 width=121)
	  Index Cond: ((id >= 6252619) AND (id <= 6252718))

table 7 : explain SELECT c FROM sbtest7 WHERE id BETWEEN 343850 AND 343949
	Index Scan using sbtest7_pkey on sbtest7  (cost=0.43..383.68 rows=96 width=121)
	  Index Cond: ((id >= 343850) AND (id <= 343949))

table 8 : explain SELECT c FROM sbtest8 WHERE id BETWEEN 9403555 AND 9403654
	Index Scan using sbtest8_pkey on sbtest8  (cost=0.43..356.31 rows=89 width=121)
	  Index Cond: ((id >= 9403555) AND (id <= 9403654))

for: order_ranges
table 1 : explain SELECT c FROM sbtest1 WHERE id BETWEEN 8291490 AND 8291589 ORDER BY c
	Sort  (cost=432.65..432.92 rows=107 width=121)
	  Sort Key: c
	  ->  Index Scan using sbtest1_pkey on sbtest1  (cost=0.43..429.05 rows=107 width=121)
	        Index Cond: ((id >= 8291490) AND (id <= 8291589))

table 2 : explain SELECT c FROM sbtest2 WHERE id BETWEEN 5219024 AND 5219123 ORDER BY c
	Sort  (cost=404.67..404.92 rows=100 width=121)
	  Sort Key: c
	  ->  Index Scan using sbtest2_pkey on sbtest2  (cost=0.43..401.35 rows=100 width=121)
	        Index Cond: ((id >= 5219024) AND (id <= 5219123))

table 3 : explain SELECT c FROM sbtest3 WHERE id BETWEEN 7344899 AND 7344998 ORDER BY c
	Sort  (cost=396.43..396.67 rows=98 width=121)
	  Sort Key: c
	  ->  Index Scan using sbtest3_pkey on sbtest3  (cost=0.43..393.19 rows=98 width=121)
	        Index Cond: ((id >= 7344899) AND (id <= 7344998))

table 4 : explain SELECT c FROM sbtest4 WHERE id BETWEEN 7732647 AND 7732746 ORDER BY c
	Sort  (cost=395.54..395.78 rows=98 width=121)
	  Sort Key: c
	  ->  Index Scan using sbtest4_pkey on sbtest4  (cost=0.43..392.30 rows=98 width=121)
	        Index Cond: ((id >= 7732647) AND (id <= 7732746))

table 5 : explain SELECT c FROM sbtest5 WHERE id BETWEEN 8523397 AND 8523496 ORDER BY c
	Sort  (cost=387.36..387.60 rows=96 width=121)
	  Sort Key: c
	  ->  Index Scan using sbtest5_pkey on sbtest5  (cost=0.43..384.20 rows=96 width=121)
	        Index Cond: ((id >= 8523397) AND (id <= 8523496))

table 6 : explain SELECT c FROM sbtest6 WHERE id BETWEEN 166770 AND 166869 ORDER BY c
	Sort  (cost=439.04..439.31 rows=109 width=121)
	  Sort Key: c
	  ->  Index Scan using sbtest6_pkey on sbtest6  (cost=0.43..435.35 rows=109 width=121)
	        Index Cond: ((id >= 166770) AND (id <= 166869))

table 7 : explain SELECT c FROM sbtest7 WHERE id BETWEEN 6512537 AND 6512636 ORDER BY c
	Sort  (cost=426.76..427.02 rows=106 width=121)
	  Sort Key: c
	  ->  Index Scan using sbtest7_pkey on sbtest7  (cost=0.43..423.19 rows=106 width=121)
	        Index Cond: ((id >= 6512537) AND (id <= 6512636))

table 8 : explain SELECT c FROM sbtest8 WHERE id BETWEEN 7077949 AND 7078048 ORDER BY c
	Sort  (cost=403.12..403.37 rows=100 width=121)
	  Sort Key: c
	  ->  Index Scan using sbtest8_pkey on sbtest8  (cost=0.43..399.80 rows=100 width=121)
	        Index Cond: ((id >= 7077949) AND (id <= 7078048))

for: simple_ranges
table 1 : explain SELECT c FROM sbtest1 WHERE id BETWEEN 1738294 AND 1738393
	Index Scan using sbtest1_pkey on sbtest1  (cost=0.43..357.62 rows=89 width=121)
	  Index Cond: ((id >= 1738294) AND (id <= 1738393))

table 2 : explain SELECT c FROM sbtest2 WHERE id BETWEEN 6551969 AND 6552068
	Index Scan using sbtest2_pkey on sbtest2  (cost=0.43..397.37 rows=99 width=121)
	  Index Cond: ((id >= 6551969) AND (id <= 6552068))

table 3 : explain SELECT c FROM sbtest3 WHERE id BETWEEN 422355 AND 422454
	Index Scan using sbtest3_pkey on sbtest3  (cost=0.43..377.32 rows=94 width=121)
	  Index Cond: ((id >= 422355) AND (id <= 422454))

table 4 : explain SELECT c FROM sbtest4 WHERE id BETWEEN 2407789 AND 2407888
	Index Scan using sbtest4_pkey on sbtest4  (cost=0.43..344.81 rows=86 width=121)
	  Index Cond: ((id >= 2407789) AND (id <= 2407888))

table 5 : explain SELECT c FROM sbtest5 WHERE id BETWEEN 7115590 AND 7115689
	Index Scan using sbtest5_pkey on sbtest5  (cost=0.43..411.90 rows=103 width=121)
	  Index Cond: ((id >= 7115590) AND (id <= 7115689))

table 6 : explain SELECT c FROM sbtest6 WHERE id BETWEEN 6789377 AND 6789476
	Index Scan using sbtest6_pkey on sbtest6  (cost=0.43..395.83 rows=99 width=121)
	  Index Cond: ((id >= 6789377) AND (id <= 6789476))

table 7 : explain SELECT c FROM sbtest7 WHERE id BETWEEN 8830115 AND 8830214
	Index Scan using sbtest7_pkey on sbtest7  (cost=0.43..399.50 rows=100 width=121)
	  Index Cond: ((id >= 8830115) AND (id <= 8830214))

table 8 : explain SELECT c FROM sbtest8 WHERE id BETWEEN 1293382 AND 1293481
	Index Scan using sbtest8_pkey on sbtest8  (cost=0.43..403.75 rows=101 width=121)
	  Index Cond: ((id >= 1293382) AND (id <= 1293481))

for: sum_ranges
table 1 : explain SELECT SUM(k) FROM sbtest1 WHERE id BETWEEN 6969867 AND 6969966
	Aggregate  (cost=369.75..369.76 rows=1 width=8)
	  ->  Index Scan using sbtest1_pkey on sbtest1  (cost=0.43..369.52 rows=92 width=4)
	        Index Cond: ((id >= 6969867) AND (id <= 6969966))

table 2 : explain SELECT SUM(k) FROM sbtest2 WHERE id BETWEEN 9407079 AND 9407178
	Aggregate  (cost=417.48..417.49 rows=1 width=8)
	  ->  Index Scan using sbtest2_pkey on sbtest2  (cost=0.43..417.22 rows=104 width=4)
	        Index Cond: ((id >= 9407079) AND (id <= 9407178))

table 3 : explain SELECT SUM(k) FROM sbtest3 WHERE id BETWEEN 6124351 AND 6124450
	Aggregate  (cost=452.97..452.98 rows=1 width=8)
	  ->  Index Scan using sbtest3_pkey on sbtest3  (cost=0.43..452.69 rows=113 width=4)
	        Index Cond: ((id >= 6124351) AND (id <= 6124450))

table 4 : explain SELECT SUM(k) FROM sbtest4 WHERE id BETWEEN 159580 AND 159679
	Aggregate  (cost=384.62..384.63 rows=1 width=8)
	  ->  Index Scan using sbtest4_pkey on sbtest4  (cost=0.43..384.38 rows=96 width=4)
	        Index Cond: ((id >= 159580) AND (id <= 159679))

table 5 : explain SELECT SUM(k) FROM sbtest5 WHERE id BETWEEN 3962845 AND 3962944
	Aggregate  (cost=424.03..424.04 rows=1 width=8)
	  ->  Index Scan using sbtest5_pkey on sbtest5  (cost=0.43..423.77 rows=106 width=4)
	        Index Cond: ((id >= 3962845) AND (id <= 3962944))

table 6 : explain SELECT SUM(k) FROM sbtest6 WHERE id BETWEEN 3341233 AND 3341332
	Aggregate  (cost=435.62..435.63 rows=1 width=8)
	  ->  Index Scan using sbtest6_pkey on sbtest6  (cost=0.43..435.35 rows=109 width=4)
	        Index Cond: ((id >= 3341233) AND (id <= 3341332))

table 7 : explain SELECT SUM(k) FROM sbtest7 WHERE id BETWEEN 6116757 AND 6116856
	Aggregate  (cost=391.84..391.85 rows=1 width=8)
	  ->  Index Scan using sbtest7_pkey on sbtest7  (cost=0.43..391.60 rows=98 width=4)
	        Index Cond: ((id >= 6116757) AND (id <= 6116856))

table 8 : explain SELECT SUM(k) FROM sbtest8 WHERE id BETWEEN 1942280 AND 1942379
	Aggregate  (cost=451.47..451.48 rows=1 width=8)
	  ->  Index Scan using sbtest8_pkey on sbtest8  (cost=0.43..451.18 rows=113 width=4)
	        Index Cond: ((id >= 1942280) AND (id <= 1942379))

for point_selects
table 1 : explain SELECT c FROM sbtest1 WHERE id=1183658
	Index Scan using sbtest1_pkey on sbtest1  (cost=0.43..8.45 rows=1 width=121)
	  Index Cond: (id = 1183658)

table 2 : explain SELECT c FROM sbtest2 WHERE id=3156828
	Index Scan using sbtest2_pkey on sbtest2  (cost=0.43..8.45 rows=1 width=121)
	  Index Cond: (id = 3156828)

table 3 : explain SELECT c FROM sbtest3 WHERE id=8360872
	Index Scan using sbtest3_pkey on sbtest3  (cost=0.43..8.45 rows=1 width=121)
	  Index Cond: (id = 8360872)

table 4 : explain SELECT c FROM sbtest4 WHERE id=7941829
	Index Scan using sbtest4_pkey on sbtest4  (cost=0.43..8.45 rows=1 width=121)
	  Index Cond: (id = 7941829)

table 5 : explain SELECT c FROM sbtest5 WHERE id=1361434
	Index Scan using sbtest5_pkey on sbtest5  (cost=0.43..8.45 rows=1 width=121)
	  Index Cond: (id = 1361434)

table 6 : explain SELECT c FROM sbtest6 WHERE id=4159026
	Index Scan using sbtest6_pkey on sbtest6  (cost=0.43..8.45 rows=1 width=121)
	  Index Cond: (id = 4159026)

table 7 : explain SELECT c FROM sbtest7 WHERE id=7432093
	Index Scan using sbtest7_pkey on sbtest7  (cost=0.43..8.45 rows=1 width=121)
	  Index Cond: (id = 7432093)

table 8 : explain SELECT c FROM sbtest8 WHERE id=7105824
	Index Scan using sbtest8_pkey on sbtest8  (cost=0.43..8.45 rows=1 width=121)
	  Index Cond: (id = 7105824)

for: order_ranges
table 1 : explain SELECT c FROM sbtest1 WHERE id BETWEEN 9435790 AND 9435889 ORDER BY c
	Sort  (cost=424.64..424.90 rows=105 width=121)
	  Sort Key: c
	  ->  Index Scan using sbtest1_pkey on sbtest1  (cost=0.43..421.11 rows=105 width=121)
	        Index Cond: ((id >= 9435790) AND (id <= 9435889))

table 2 : explain SELECT c FROM sbtest2 WHERE id BETWEEN 6876180 AND 6876279 ORDER BY c
	Sort  (cost=376.60..376.83 rows=93 width=121)
	  Sort Key: c
	  ->  Index Scan using sbtest2_pkey on sbtest2  (cost=0.43..373.56 rows=93 width=121)
	        Index Cond: ((id >= 6876180) AND (id <= 6876279))

table 3 : explain SELECT c FROM sbtest3 WHERE id BETWEEN 4565242 AND 4565341 ORDER BY c
	Sort  (cost=388.41..388.65 rows=96 width=121)
	  Sort Key: c
	  ->  Index Scan using sbtest3_pkey on sbtest3  (cost=0.43..385.25 rows=96 width=121)
	        Index Cond: ((id >= 4565242) AND (id <= 4565341))

table 4 : explain SELECT c FROM sbtest4 WHERE id BETWEEN 1223648 AND 1223747 ORDER BY c
	Sort  (cost=403.55..403.80 rows=100 width=121)
	  Sort Key: c
	  ->  Index Scan using sbtest4_pkey on sbtest4  (cost=0.43..400.23 rows=100 width=121)
	        Index Cond: ((id >= 1223648) AND (id <= 1223747))

table 5 : explain SELECT c FROM sbtest5 WHERE id BETWEEN 3573949 AND 3574048 ORDER BY c
	Sort  (cost=367.39..367.62 rows=91 width=121)
	  Sort Key: c
	  ->  Index Scan using sbtest5_pkey on sbtest5  (cost=0.43..364.43 rows=91 width=121)
	        Index Cond: ((id >= 3573949) AND (id <= 3574048))

table 6 : explain SELECT c FROM sbtest6 WHERE id BETWEEN 6431285 AND 6431384 ORDER BY c
	Sort  (cost=411.09..411.34 rows=102 width=121)
	  Sort Key: c
	  ->  Index Scan using sbtest6_pkey on sbtest6  (cost=0.43..407.68 rows=102 width=121)
	        Index Cond: ((id >= 6431285) AND (id <= 6431384))

table 7 : explain SELECT c FROM sbtest7 WHERE id BETWEEN 8994497 AND 8994596 ORDER BY c
	Sort  (cost=386.84..387.08 rows=96 width=121)
	  Sort Key: c
	  ->  Index Scan using sbtest7_pkey on sbtest7  (cost=0.43..383.68 rows=96 width=121)
	        Index Cond: ((id >= 8994497) AND (id <= 8994596))

table 8 : explain SELECT c FROM sbtest8 WHERE id BETWEEN 3573006 AND 3573105 ORDER BY c
	Sort  (cost=387.14..387.38 rows=96 width=121)
	  Sort Key: c
	  ->  Index Scan using sbtest8_pkey on sbtest8  (cost=0.43..383.97 rows=96 width=121)
	        Index Cond: ((id >= 3573006) AND (id <= 3573105))

for point_selects
table 1 : explain SELECT c FROM sbtest1 WHERE id=525533
	Index Scan using sbtest1_pkey on sbtest1  (cost=0.43..8.45 rows=1 width=121)
	  Index Cond: (id = 525533)

table 2 : explain SELECT c FROM sbtest2 WHERE id=1306883
	Index Scan using sbtest2_pkey on sbtest2  (cost=0.43..8.45 rows=1 width=121)
	  Index Cond: (id = 1306883)

table 3 : explain SELECT c FROM sbtest3 WHERE id=5065275
	Index Scan using sbtest3_pkey on sbtest3  (cost=0.43..8.45 rows=1 width=121)
	  Index Cond: (id = 5065275)

table 4 : explain SELECT c FROM sbtest4 WHERE id=7761838
	Index Scan using sbtest4_pkey on sbtest4  (cost=0.43..8.45 rows=1 width=121)
	  Index Cond: (id = 7761838)

table 5 : explain SELECT c FROM sbtest5 WHERE id=2713678
	Index Scan using sbtest5_pkey on sbtest5  (cost=0.43..8.45 rows=1 width=121)
	  Index Cond: (id = 2713678)

table 6 : explain SELECT c FROM sbtest6 WHERE id=407471
	Index Scan using sbtest6_pkey on sbtest6  (cost=0.43..8.45 rows=1 width=121)
	  Index Cond: (id = 407471)

table 7 : explain SELECT c FROM sbtest7 WHERE id=1634474
	Index Scan using sbtest7_pkey on sbtest7  (cost=0.43..8.45 rows=1 width=121)
	  Index Cond: (id = 1634474)

table 8 : explain SELECT c FROM sbtest8 WHERE id=3970754
	Index Scan using sbtest8_pkey on sbtest8  (cost=0.43..8.45 rows=1 width=121)
	  Index Cond: (id = 3970754)

for point_selects
table 1 : explain SELECT c FROM sbtest1 WHERE id=2708724
	Index Scan using sbtest1_pkey on sbtest1  (cost=0.43..8.45 rows=1 width=121)
	  Index Cond: (id = 2708724)

table 2 : explain SELECT c FROM sbtest2 WHERE id=7555026
	Index Scan using sbtest2_pkey on sbtest2  (cost=0.43..8.45 rows=1 width=121)
	  Index Cond: (id = 7555026)

table 3 : explain SELECT c FROM sbtest3 WHERE id=9239990
	Index Scan using sbtest3_pkey on sbtest3  (cost=0.43..8.45 rows=1 width=121)
	  Index Cond: (id = 9239990)

table 4 : explain SELECT c FROM sbtest4 WHERE id=2358085
	Index Scan using sbtest4_pkey on sbtest4  (cost=0.43..8.45 rows=1 width=121)
	  Index Cond: (id = 2358085)

table 5 : explain SELECT c FROM sbtest5 WHERE id=6887411
	Index Scan using sbtest5_pkey on sbtest5  (cost=0.43..8.45 rows=1 width=121)
	  Index Cond: (id = 6887411)

table 6 : explain SELECT c FROM sbtest6 WHERE id=2293963
	Index Scan using sbtest6_pkey on sbtest6  (cost=0.43..8.45 rows=1 width=121)
	  Index Cond: (id = 2293963)

table 7 : explain SELECT c FROM sbtest7 WHERE id=5276604
	Index Scan using sbtest7_pkey on sbtest7  (cost=0.43..8.45 rows=1 width=121)
	  Index Cond: (id = 5276604)

table 8 : explain SELECT c FROM sbtest8 WHERE id=703526
	Index Scan using sbtest8_pkey on sbtest8  (cost=0.43..8.45 rows=1 width=121)
	  Index Cond: (id = 703526)

explain: for point_selects :: explain SELECT c FROM sbtest%u WHERE id=%u
for: order_ranges
table 1 : explain SELECT c FROM sbtest1 WHERE id BETWEEN 2702525 AND 2702624 ORDER BY c
	Sort  (cost=396.57..396.81 rows=98 width=121)
	  Sort Key: c
	  ->  Index Scan using sbtest1_pkey on sbtest1  (cost=0.43..393.33 rows=98 width=121)
	        Index Cond: ((id >= 2702525) AND (id <= 2702624))

table 2 : explain SELECT c FROM sbtest2 WHERE id BETWEEN 3692075 AND 3692174 ORDER BY c
	Sort  (cost=380.61..380.84 rows=94 width=121)
	  Sort Key: c
	  ->  Index Scan using sbtest2_pkey on sbtest2  (cost=0.43..377.53 rows=94 width=121)
	        Index Cond: ((id >= 3692075) AND (id <= 3692174))

table 3 : explain SELECT c FROM sbtest3 WHERE id BETWEEN 9305098 AND 9305197 ORDER BY c
	Sort  (cost=372.39..372.62 rows=92 width=121)
	  Sort Key: c
	  ->  Index Scan using sbtest3_pkey on sbtest3  (cost=0.43..369.39 rows=92 width=121)
	        Index Cond: ((id >= 9305098) AND (id <= 9305197))

table 4 : explain SELECT c FROM sbtest4 WHERE id BETWEEN 3351954 AND 3352053 ORDER BY c
	Sort  (cost=431.53..431.80 rows=107 width=121)
	  Sort Key: c
	  ->  Index Scan using sbtest4_pkey on sbtest4  (cost=0.43..427.92 rows=107 width=121)
	        Index Cond: ((id >= 3351954) AND (id <= 3352053))

table 5 : explain SELECT c FROM sbtest5 WHERE id BETWEEN 1311430 AND 1311529 ORDER BY c
	Sort  (cost=415.35..415.60 rows=103 width=121)
	  Sort Key: c
	  ->  Index Scan using sbtest5_pkey on sbtest5  (cost=0.43..411.90 rows=103 width=121)
	        Index Cond: ((id >= 1311430) AND (id <= 1311529))

table 6 : explain SELECT c FROM sbtest6 WHERE id BETWEEN 8052647 AND 8052746 ORDER BY c
	Sort  (cost=367.15..367.38 rows=91 width=121)
	  Sort Key: c
	  ->  Index Scan using sbtest6_pkey on sbtest6  (cost=0.43..364.19 rows=91 width=121)
	        Index Cond: ((id >= 8052647) AND (id <= 8052746))

table 7 : explain SELECT c FROM sbtest7 WHERE id BETWEEN 9598935 AND 9599034 ORDER BY c
	Sort  (cost=378.86..379.10 rows=94 width=121)
	  Sort Key: c
	  ->  Index Scan using sbtest7_pkey on sbtest7  (cost=0.43..375.78 rows=94 width=121)
	        Index Cond: ((id >= 9598935) AND (id <= 9599034))

table 8 : explain SELECT c FROM sbtest8 WHERE id BETWEEN 769386 AND 769485 ORDER BY c
	Sort  (cost=403.12..403.37 rows=100 width=121)
	  Sort Key: c
	  ->  Index Scan using sbtest8_pkey on sbtest8  (cost=0.43..399.80 rows=100 width=121)
	        Index Cond: ((id >= 769386) AND (id <= 769485))

explain: for point_selects :: explain SELECT c FROM sbtest%u WHERE id=%u
for: distinct_ranges
table 1 : explain SELECT DISTINCT c FROM sbtest1 WHERE id BETWEEN 1496880 AND 1496979 ORDER BY c
	Unique  (cost=400.58..401.07 rows=99 width=121)
	  ->  Sort  (cost=400.58..400.82 rows=99 width=121)
	        Sort Key: c
	        ->  Index Scan using sbtest1_pkey on sbtest1  (cost=0.43..397.29 rows=99 width=121)
	              Index Cond: ((id >= 1496880) AND (id <= 1496979))

table 2 : explain SELECT DISTINCT c FROM sbtest2 WHERE id BETWEEN 1294279 AND 1294378 ORDER BY c
	Unique  (cost=416.70..417.21 rows=103 width=121)
	  ->  Sort  (cost=416.70..416.96 rows=103 width=121)
	        Sort Key: c
	        ->  Index Scan using sbtest2_pkey on sbtest2  (cost=0.43..413.26 rows=103 width=121)
	              Index Cond: ((id >= 1294279) AND (id <= 1294378))

table 3 : explain SELECT DISTINCT c FROM sbtest3 WHERE id BETWEEN 8866085 AND 8866184 ORDER BY c
	Unique  (cost=424.49..425.01 rows=105 width=121)
	  ->  Sort  (cost=424.49..424.75 rows=105 width=121)
	        Sort Key: c
	        ->  Index Scan using sbtest3_pkey on sbtest3  (cost=0.43..420.96 rows=105 width=121)
	              Index Cond: ((id >= 8866085) AND (id <= 8866184))

table 4 : explain SELECT DISTINCT c FROM sbtest4 WHERE id BETWEEN 3137108 AND 3137207 ORDER BY c
	Unique  (cost=411.54..412.05 rows=102 width=121)
	  ->  Sort  (cost=411.54..411.80 rows=102 width=121)
	        Sort Key: c
	        ->  Index Scan using sbtest4_pkey on sbtest4  (cost=0.43..408.14 rows=102 width=121)
	              Index Cond: ((id >= 3137108) AND (id <= 3137207))

table 5 : explain SELECT DISTINCT c FROM sbtest5 WHERE id BETWEEN 5427188 AND 5427287 ORDER BY c
	Unique  (cost=387.36..387.84 rows=96 width=121)
	  ->  Sort  (cost=387.36..387.60 rows=96 width=121)
	        Sort Key: c
	        ->  Index Scan using sbtest5_pkey on sbtest5  (cost=0.43..384.20 rows=96 width=121)
	              Index Cond: ((id >= 5427188) AND (id <= 5427287))

table 6 : explain SELECT DISTINCT c FROM sbtest6 WHERE id BETWEEN 3949605 AND 3949704 ORDER BY c
	Unique  (cost=415.08..415.60 rows=103 width=121)
	  ->  Sort  (cost=415.08..415.34 rows=103 width=121)
	        Sort Key: c
	        ->  Index Scan using sbtest6_pkey on sbtest6  (cost=0.43..411.64 rows=103 width=121)
	              Index Cond: ((id >= 3949605) AND (id <= 3949704))

table 7 : explain SELECT DISTINCT c FROM sbtest7 WHERE id BETWEEN 9867731 AND 9867830 ORDER BY c
	Unique  (cost=402.82..403.32 rows=100 width=121)
	  ->  Sort  (cost=402.82..403.07 rows=100 width=121)
	        Sort Key: c
	        ->  Index Scan using sbtest7_pkey on sbtest7  (cost=0.43..399.50 rows=100 width=121)
	              Index Cond: ((id >= 9867731) AND (id <= 9867830))

table 8 : explain SELECT DISTINCT c FROM sbtest8 WHERE id BETWEEN 2784804 AND 2784903 ORDER BY c
	Unique  (cost=427.08..427.61 rows=106 width=121)
	  ->  Sort  (cost=427.08..427.35 rows=106 width=121)
	        Sort Key: c
	        ->  Index Scan using sbtest8_pkey on sbtest8  (cost=0.43..423.52 rows=106 width=121)
	              Index Cond: ((id >= 2784804) AND (id <= 2784903))

for: simple_ranges
table 1 : explain SELECT c FROM sbtest1 WHERE id BETWEEN 4424661 AND 4424760
	Index Scan using sbtest1_pkey on sbtest1  (cost=0.43..393.33 rows=98 width=121)
	  Index Cond: ((id >= 4424661) AND (id <= 4424760))

table 2 : explain SELECT c FROM sbtest2 WHERE id BETWEEN 1065589 AND 1065688
	Index Scan using sbtest2_pkey on sbtest2  (cost=0.43..401.34 rows=100 width=121)
	  Index Cond: ((id >= 1065589) AND (id <= 1065688))

table 3 : explain SELECT c FROM sbtest3 WHERE id BETWEEN 3851322 AND 3851421
	Index Scan using sbtest3_pkey on sbtest3  (cost=0.43..420.96 rows=105 width=121)
	  Index Cond: ((id >= 3851322) AND (id <= 3851421))

table 4 : explain SELECT c FROM sbtest4 WHERE id BETWEEN 5194589 AND 5194688
	Index Scan using sbtest4_pkey on sbtest4  (cost=0.43..384.38 rows=96 width=121)
	  Index Cond: ((id >= 5194589) AND (id <= 5194688))

table 5 : explain SELECT c FROM sbtest5 WHERE id BETWEEN 3183954 AND 3184053
	Index Scan using sbtest5_pkey on sbtest5  (cost=0.43..415.86 rows=104 width=121)
	  Index Cond: ((id >= 3183954) AND (id <= 3184053))

table 6 : explain SELECT c FROM sbtest6 WHERE id BETWEEN 8856552 AND 8856651
	Index Scan using sbtest6_pkey on sbtest6  (cost=0.43..431.40 rows=108 width=121)
	  Index Cond: ((id >= 8856552) AND (id <= 8856651))

table 7 : explain SELECT c FROM sbtest7 WHERE id BETWEEN 5779681 AND 5779780
	Index Scan using sbtest7_pkey on sbtest7  (cost=0.43..415.29 rows=104 width=121)
	  Index Cond: ((id >= 5779681) AND (id <= 5779780))

table 8 : explain SELECT c FROM sbtest8 WHERE id BETWEEN 4727524 AND 4727623
	Index Scan using sbtest8_pkey on sbtest8  (cost=0.43..348.40 rows=87 width=121)
	  Index Cond: ((id >= 4727524) AND (id <= 4727623))

for: sum_ranges
table 1 : explain SELECT SUM(k) FROM sbtest1 WHERE id BETWEEN 6599374 AND 6599473
	Aggregate  (cost=393.57..393.58 rows=1 width=8)
	  ->  Index Scan using sbtest1_pkey on sbtest1  (cost=0.43..393.33 rows=98 width=4)
	        Index Cond: ((id >= 6599374) AND (id <= 6599473))

table 2 : explain SELECT SUM(k) FROM sbtest2 WHERE id BETWEEN 6725574 AND 6725673
	Aggregate  (cost=413.51..413.52 rows=1 width=8)
	  ->  Index Scan using sbtest2_pkey on sbtest2  (cost=0.43..413.26 rows=103 width=4)
	        Index Cond: ((id >= 6725574) AND (id <= 6725673))

table 3 : explain SELECT SUM(k) FROM sbtest3 WHERE id BETWEEN 113532 AND 113631
	Aggregate  (cost=433.13..433.14 rows=1 width=8)
	  ->  Index Scan using sbtest3_pkey on sbtest3  (cost=0.43..432.86 rows=108 width=4)
	        Index Cond: ((id >= 113532) AND (id <= 113631))

table 4 : explain SELECT SUM(k) FROM sbtest4 WHERE id BETWEEN 4672461 AND 4672560
	Aggregate  (cost=396.52..396.53 rows=1 width=8)
	  ->  Index Scan using sbtest4_pkey on sbtest4  (cost=0.43..396.27 rows=99 width=4)
	        Index Cond: ((id >= 4672461) AND (id <= 4672560))

table 5 : explain SELECT SUM(k) FROM sbtest5 WHERE id BETWEEN 8664006 AND 8664105
	Aggregate  (cost=396.33..396.34 rows=1 width=8)
	  ->  Index Scan using sbtest5_pkey on sbtest5  (cost=0.43..396.08 rows=99 width=4)
	        Index Cond: ((id >= 8664006) AND (id <= 8664105))

table 6 : explain SELECT SUM(k) FROM sbtest6 WHERE id BETWEEN 4336856 AND 4336955
	Aggregate  (cost=415.85..415.86 rows=1 width=8)
	  ->  Index Scan using sbtest6_pkey on sbtest6  (cost=0.43..415.59 rows=104 width=4)
	        Index Cond: ((id >= 4336856) AND (id <= 4336955))

table 7 : explain SELECT SUM(k) FROM sbtest7 WHERE id BETWEEN 1102081 AND 1102180
	Aggregate  (cost=427.41..427.42 rows=1 width=8)
	  ->  Index Scan using sbtest7_pkey on sbtest7  (cost=0.43..427.14 rows=107 width=4)
	        Index Cond: ((id >= 1102081) AND (id <= 1102180))

table 8 : explain SELECT SUM(k) FROM sbtest8 WHERE id BETWEEN 5525113 AND 5525212
	Aggregate  (cost=419.83..419.84 rows=1 width=8)
	  ->  Index Scan using sbtest8_pkey on sbtest8  (cost=0.43..419.56 rows=105 width=4)
	        Index Cond: ((id >= 5525113) AND (id <= 5525212))

for: sum_ranges
table 1 : explain SELECT SUM(k) FROM sbtest1 WHERE id BETWEEN 6484872 AND 6484971
	Aggregate  (cost=393.57..393.58 rows=1 width=8)
	  ->  Index Scan using sbtest1_pkey on sbtest1  (cost=0.43..393.33 rows=98 width=4)
	        Index Cond: ((id >= 6484872) AND (id <= 6484971))

table 2 : explain SELECT SUM(k) FROM sbtest2 WHERE id BETWEEN 5033460 AND 5033559
	Aggregate  (cost=373.79..373.80 rows=1 width=8)
	  ->  Index Scan using sbtest2_pkey on sbtest2  (cost=0.43..373.56 rows=93 width=4)
	        Index Cond: ((id >= 5033460) AND (id <= 5033559))

table 3 : explain SELECT SUM(k) FROM sbtest3 WHERE id BETWEEN 1505345 AND 1505444
	Aggregate  (cost=409.32..409.33 rows=1 width=8)
	  ->  Index Scan using sbtest3_pkey on sbtest3  (cost=0.43..409.06 rows=102 width=4)
	        Index Cond: ((id >= 1505345) AND (id <= 1505444))

table 4 : explain SELECT SUM(k) FROM sbtest4 WHERE id BETWEEN 8409840 AND 8409939
	Aggregate  (cost=408.39..408.40 rows=1 width=8)
	  ->  Index Scan using sbtest4_pkey on sbtest4  (cost=0.43..408.14 rows=102 width=4)
	        Index Cond: ((id >= 8409840) AND (id <= 8409939))

table 5 : explain SELECT SUM(k) FROM sbtest5 WHERE id BETWEEN 1369138 AND 1369237
	Aggregate  (cost=412.16..412.17 rows=1 width=8)
	  ->  Index Scan using sbtest5_pkey on sbtest5  (cost=0.43..411.90 rows=103 width=4)
	        Index Cond: ((id >= 1369138) AND (id <= 1369237))

table 6 : explain SELECT SUM(k) FROM sbtest6 WHERE id BETWEEN 4952210 AND 4952309
	Aggregate  (cost=364.42..364.43 rows=1 width=8)
	  ->  Index Scan using sbtest6_pkey on sbtest6  (cost=0.43..364.19 rows=91 width=4)
	        Index Cond: ((id >= 4952210) AND (id <= 4952309))

table 7 : explain SELECT SUM(k) FROM sbtest7 WHERE id BETWEEN 7345080 AND 7345179
	Aggregate  (cost=435.31..435.32 rows=1 width=8)
	  ->  Index Scan using sbtest7_pkey on sbtest7  (cost=0.43..435.04 rows=109 width=4)
	        Index Cond: ((id >= 7345080) AND (id <= 7345179))

table 8 : explain SELECT SUM(k) FROM sbtest8 WHERE id BETWEEN 5805100 AND 5805199
	Aggregate  (cost=376.30..376.31 rows=1 width=8)
	  ->  Index Scan using sbtest8_pkey on sbtest8  (cost=0.43..376.07 rows=94 width=4)
	        Index Cond: ((id >= 5805100) AND (id <= 5805199))

explain: for point_selects :: explain SELECT c FROM sbtest%u WHERE id=%u
for: sum_ranges
table 1 : explain SELECT SUM(k) FROM sbtest1 WHERE id BETWEEN 8840353 AND 8840452
	Aggregate  (cost=381.66..381.67 rows=1 width=8)
	  ->  Index Scan using sbtest1_pkey on sbtest1  (cost=0.43..381.42 rows=95 width=4)
	        Index Cond: ((id >= 8840353) AND (id <= 8840452))

table 2 : explain SELECT SUM(k) FROM sbtest2 WHERE id BETWEEN 5940407 AND 5940506
	Aggregate  (cost=393.65..393.66 rows=1 width=8)
	  ->  Index Scan using sbtest2_pkey on sbtest2  (cost=0.43..393.40 rows=98 width=4)
	        Index Cond: ((id >= 5940407) AND (id <= 5940506))

table 3 : explain SELECT SUM(k) FROM sbtest3 WHERE id BETWEEN 4251110 AND 4251209
	Aggregate  (cost=409.32..409.33 rows=1 width=8)
	  ->  Index Scan using sbtest3_pkey on sbtest3  (cost=0.43..409.06 rows=102 width=4)
	        Index Cond: ((id >= 4251110) AND (id <= 4251209))

table 4 : explain SELECT SUM(k) FROM sbtest4 WHERE id BETWEEN 6902406 AND 6902505
	Aggregate  (cost=432.15..432.16 rows=1 width=8)
	  ->  Index Scan using sbtest4_pkey on sbtest4  (cost=0.43..431.88 rows=108 width=4)
	        Index Cond: ((id >= 6902406) AND (id <= 6902505))

table 5 : explain SELECT SUM(k) FROM sbtest5 WHERE id BETWEEN 6169758 AND 6169857
	Aggregate  (cost=420.08..420.09 rows=1 width=8)
	  ->  Index Scan using sbtest5_pkey on sbtest5  (cost=0.43..419.81 rows=105 width=4)
	        Index Cond: ((id >= 6169758) AND (id <= 6169857))

table 6 : explain SELECT SUM(k) FROM sbtest6 WHERE id BETWEEN 1874263 AND 1874362
	Aggregate  (cost=451.44..451.45 rows=1 width=8)
	  ->  Index Scan using sbtest6_pkey on sbtest6  (cost=0.43..451.16 rows=113 width=4)
	        Index Cond: ((id >= 1874263) AND (id <= 1874362))

table 7 : explain SELECT SUM(k) FROM sbtest7 WHERE id BETWEEN 4762953 AND 4763052
	Aggregate  (cost=451.12..451.13 rows=1 width=8)
	  ->  Index Scan using sbtest7_pkey on sbtest7  (cost=0.43..450.84 rows=113 width=4)
	        Index Cond: ((id >= 4762953) AND (id <= 4763052))

table 8 : explain SELECT SUM(k) FROM sbtest8 WHERE id BETWEEN 126207 AND 126306
	Aggregate  (cost=344.66..344.67 rows=1 width=8)
	  ->  Index Scan using sbtest8_pkey on sbtest8  (cost=0.43..344.45 rows=86 width=4)
	        Index Cond: ((id >= 126207) AND (id <= 126306))

for: simple_ranges
table 1 : explain SELECT c FROM sbtest1 WHERE id BETWEEN 7515772 AND 7515871
	Index Scan using sbtest1_pkey on sbtest1  (cost=0.43..381.42 rows=95 width=121)
	  Index Cond: ((id >= 7515772) AND (id <= 7515871))

table 2 : explain SELECT c FROM sbtest2 WHERE id BETWEEN 5440442 AND 5440541
	Index Scan using sbtest2_pkey on sbtest2  (cost=0.43..425.16 rows=106 width=121)
	  Index Cond: ((id >= 5440442) AND (id <= 5440541))

table 3 : explain SELECT c FROM sbtest3 WHERE id BETWEEN 6595519 AND 6595618
	Index Scan using sbtest3_pkey on sbtest3  (cost=0.43..393.19 rows=98 width=121)
	  Index Cond: ((id >= 6595519) AND (id <= 6595618))

table 4 : explain SELECT c FROM sbtest4 WHERE id BETWEEN 2987427 AND 2987526
	Index Scan using sbtest4_pkey on sbtest4  (cost=0.43..420.01 rows=105 width=121)
	  Index Cond: ((id >= 2987427) AND (id <= 2987526))

table 5 : explain SELECT c FROM sbtest5 WHERE id BETWEEN 3813770 AND 3813869
	Index Scan using sbtest5_pkey on sbtest5  (cost=0.43..419.81 rows=105 width=121)
	  Index Cond: ((id >= 3813770) AND (id <= 3813869))

table 6 : explain SELECT c FROM sbtest6 WHERE id BETWEEN 234037 AND 234136
	Index Scan using sbtest6_pkey on sbtest6  (cost=0.43..407.68 rows=102 width=121)
	  Index Cond: ((id >= 234037) AND (id <= 234136))

table 7 : explain SELECT c FROM sbtest7 WHERE id BETWEEN 5496612 AND 5496711
	Index Scan using sbtest7_pkey on sbtest7  (cost=0.43..431.09 rows=108 width=121)
	  Index Cond: ((id >= 5496612) AND (id <= 5496711))

table 8 : explain SELECT c FROM sbtest8 WHERE id BETWEEN 9930494 AND 9930593
	Index Scan using sbtest8_pkey on sbtest8  (cost=0.43..387.94 rows=97 width=121)
	  Index Cond: ((id >= 9930494) AND (id <= 9930593))

for: simple_ranges
table 1 : explain SELECT c FROM sbtest1 WHERE id BETWEEN 1661402 AND 1661501
	Index Scan using sbtest1_pkey on sbtest1  (cost=0.43..369.52 rows=92 width=121)
	  Index Cond: ((id >= 1661402) AND (id <= 1661501))

table 2 : explain SELECT c FROM sbtest2 WHERE id BETWEEN 1705152 AND 1705251
	Index Scan using sbtest2_pkey on sbtest2  (cost=0.43..409.29 rows=102 width=121)
	  Index Cond: ((id >= 1705152) AND (id <= 1705251))

table 3 : explain SELECT c FROM sbtest3 WHERE id BETWEEN 9805872 AND 9805971
	Index Scan using sbtest3_pkey on sbtest3  (cost=0.43..377.32 rows=94 width=121)
	  Index Cond: ((id >= 9805872) AND (id <= 9805971))

table 4 : explain SELECT c FROM sbtest4 WHERE id BETWEEN 1029234 AND 1029333
	Index Scan using sbtest4_pkey on sbtest4  (cost=0.43..384.38 rows=96 width=121)
	  Index Cond: ((id >= 1029234) AND (id <= 1029333))

table 5 : explain SELECT c FROM sbtest5 WHERE id BETWEEN 5983985 AND 5984084
	Index Scan using sbtest5_pkey on sbtest5  (cost=0.43..344.65 rows=86 width=121)
	  Index Cond: ((id >= 5983985) AND (id <= 5984084))

table 6 : explain SELECT c FROM sbtest6 WHERE id BETWEEN 1266196 AND 1266295
	Index Scan using sbtest6_pkey on sbtest6  (cost=0.43..399.78 rows=100 width=121)
	  Index Cond: ((id >= 1266196) AND (id <= 1266295))

table 7 : explain SELECT c FROM sbtest7 WHERE id BETWEEN 4435704 AND 4435803
	Index Scan using sbtest7_pkey on sbtest7  (cost=0.43..478.48 rows=120 width=121)
	  Index Cond: ((id >= 4435704) AND (id <= 4435803))

table 8 : explain SELECT c FROM sbtest8 WHERE id BETWEEN 7178860 AND 7178959
	Index Scan using sbtest8_pkey on sbtest8  (cost=0.43..435.37 rows=109 width=121)
	  Index Cond: ((id >= 7178860) AND (id <= 7178959))

for: order_ranges
table 1 : explain SELECT c FROM sbtest1 WHERE id BETWEEN 3835406 AND 3835505 ORDER BY c
	Sort  (cost=380.54..380.77 rows=94 width=121)
	  Sort Key: c
	  ->  Index Scan using sbtest1_pkey on sbtest1  (cost=0.43..377.46 rows=94 width=121)
	        Index Cond: ((id >= 3835406) AND (id <= 3835505))

table 2 : explain SELECT c FROM sbtest2 WHERE id BETWEEN 9601845 AND 9601944 ORDER BY c
	Sort  (cost=436.74..437.01 rows=108 width=121)
	  Sort Key: c
	  ->  Index Scan using sbtest2_pkey on sbtest2  (cost=0.43..433.10 rows=108 width=121)
	        Index Cond: ((id >= 9601845) AND (id <= 9601944))

table 3 : explain SELECT c FROM sbtest3 WHERE id BETWEEN 3356327 AND 3356426 ORDER BY c
	Sort  (cost=404.44..404.69 rows=100 width=121)
	  Sort Key: c
	  ->  Index Scan using sbtest3_pkey on sbtest3  (cost=0.43..401.12 rows=100 width=121)
	        Index Cond: ((id >= 3356327) AND (id <= 3356426))

table 4 : explain SELECT c FROM sbtest4 WHERE id BETWEEN 3364426 AND 3364525 ORDER BY c
	Sort  (cost=431.53..431.80 rows=107 width=121)
	  Sort Key: c
	  ->  Index Scan using sbtest4_pkey on sbtest4  (cost=0.43..427.92 rows=107 width=121)
	        Index Cond: ((id >= 3364426) AND (id <= 3364525))

table 5 : explain SELECT c FROM sbtest5 WHERE id BETWEEN 7301622 AND 7301721 ORDER BY c
	Sort  (cost=435.32..435.59 rows=108 width=121)
	  Sort Key: c
	  ->  Index Scan using sbtest5_pkey on sbtest5  (cost=0.43..431.68 rows=108 width=121)
	        Index Cond: ((id >= 7301622) AND (id <= 7301721))

table 6 : explain SELECT c FROM sbtest6 WHERE id BETWEEN 9267340 AND 9267439 ORDER BY c
	Sort  (cost=399.11..399.36 rows=99 width=121)
	  Sort Key: c
	  ->  Index Scan using sbtest6_pkey on sbtest6  (cost=0.43..395.83 rows=99 width=121)
	        Index Cond: ((id >= 9267340) AND (id <= 9267439))

table 7 : explain SELECT c FROM sbtest7 WHERE id BETWEEN 5192588 AND 5192687 ORDER BY c
	Sort  (cost=426.76..427.02 rows=106 width=121)
	  Sort Key: c
	  ->  Index Scan using sbtest7_pkey on sbtest7  (cost=0.43..423.19 rows=106 width=121)
	        Index Cond: ((id >= 5192588) AND (id <= 5192687))

table 8 : explain SELECT c FROM sbtest8 WHERE id BETWEEN 2971161 AND 2971260 ORDER BY c
	Sort  (cost=407.12..407.37 rows=101 width=121)
	  Sort Key: c
	  ->  Index Scan using sbtest8_pkey on sbtest8  (cost=0.43..403.75 rows=101 width=121)
	        Index Cond: ((id >= 2971161) AND (id <= 2971260))

for: distinct_ranges
table 1 : explain SELECT DISTINCT c FROM sbtest1 WHERE id BETWEEN 24536 AND 24635 ORDER BY c
	Unique  (cost=392.56..393.05 rows=97 width=121)
	  ->  Sort  (cost=392.56..392.80 rows=97 width=121)
	        Sort Key: c
	        ->  Index Scan using sbtest1_pkey on sbtest1  (cost=0.43..389.36 rows=97 width=121)
	              Index Cond: ((id >= 24536) AND (id <= 24635))

table 2 : explain SELECT DISTINCT c FROM sbtest2 WHERE id BETWEEN 8454597 AND 8454696 ORDER BY c
	Unique  (cost=416.70..417.21 rows=103 width=121)
	  ->  Sort  (cost=416.70..416.96 rows=103 width=121)
	        Sort Key: c
	        ->  Index Scan using sbtest2_pkey on sbtest2  (cost=0.43..413.26 rows=103 width=121)
	              Index Cond: ((id >= 8454597) AND (id <= 8454696))

table 3 : explain SELECT DISTINCT c FROM sbtest3 WHERE id BETWEEN 9935455 AND 9935554 ORDER BY c
	Unique  (cost=440.51..441.06 rows=109 width=121)
	  ->  Sort  (cost=440.51..440.79 rows=109 width=121)
	        Sort Key: c
	        ->  Index Scan using sbtest3_pkey on sbtest3  (cost=0.43..436.83 rows=109 width=121)
	              Index Cond: ((id >= 9935455) AND (id <= 9935554))

table 4 : explain SELECT DISTINCT c FROM sbtest4 WHERE id BETWEEN 1661188 AND 1661287 ORDER BY c
	Unique  (cost=391.54..392.03 rows=97 width=121)
	  ->  Sort  (cost=391.54..391.78 rows=97 width=121)
	        Sort Key: c
	        ->  Index Scan using sbtest4_pkey on sbtest4  (cost=0.43..388.34 rows=97 width=121)
	              Index Cond: ((id >= 1661188) AND (id <= 1661287))

table 5 : explain SELECT DISTINCT c FROM sbtest5 WHERE id BETWEEN 4415522 AND 4415621 ORDER BY c
	Unique  (cost=387.36..387.84 rows=96 width=121)
	  ->  Sort  (cost=387.36..387.60 rows=96 width=121)
	        Sort Key: c
	        ->  Index Scan using sbtest5_pkey on sbtest5  (cost=0.43..384.20 rows=96 width=121)
	              Index Cond: ((id >= 4415522) AND (id <= 4415621))

table 6 : explain SELECT DISTINCT c FROM sbtest6 WHERE id BETWEEN 4580262 AND 4580361 ORDER BY c
	Unique  (cost=427.06..427.59 rows=106 width=121)
	  ->  Sort  (cost=427.06..427.32 rows=106 width=121)
	        Sort Key: c
	        ->  Index Scan using sbtest6_pkey on sbtest6  (cost=0.43..423.49 rows=106 width=121)
	              Index Cond: ((id >= 4580262) AND (id <= 4580361))

table 7 : explain SELECT DISTINCT c FROM sbtest7 WHERE id BETWEEN 7337929 AND 7338028 ORDER BY c
	Unique  (cost=438.73..439.27 rows=109 width=121)
	  ->  Sort  (cost=438.73..439.00 rows=109 width=121)
	        Sort Key: c
	        ->  Index Scan using sbtest7_pkey on sbtest7  (cost=0.43..435.04 rows=109 width=121)
	              Index Cond: ((id >= 7337929) AND (id <= 7338028))

table 8 : explain SELECT DISTINCT c FROM sbtest8 WHERE id BETWEEN 604094 AND 604193 ORDER BY c
	Unique  (cost=411.11..411.62 rows=102 width=121)
	  ->  Sort  (cost=411.11..411.36 rows=102 width=121)
	        Sort Key: c
	        ->  Index Scan using sbtest8_pkey on sbtest8  (cost=0.43..407.71 rows=102 width=121)
	              Index Cond: ((id >= 604094) AND (id <= 604193))

explain: for point_selects :: explain SELECT c FROM sbtest%u WHERE id=%u
explain: for point_selects :: explain SELECT c FROM sbtest%u WHERE id=%u
for: simple_ranges
table 1 : explain SELECT c FROM sbtest1 WHERE id BETWEEN 8087074 AND 8087173
	Index Scan using sbtest1_pkey on sbtest1  (cost=0.43..436.98 rows=109 width=121)
	  Index Cond: ((id >= 8087074) AND (id <= 8087173))

table 2 : explain SELECT c FROM sbtest2 WHERE id BETWEEN 7594738 AND 7594837
	Index Scan using sbtest2_pkey on sbtest2  (cost=0.43..401.35 rows=100 width=121)
	  Index Cond: ((id >= 7594738) AND (id <= 7594837))

table 3 : explain SELECT c FROM sbtest3 WHERE id BETWEEN 8074121 AND 8074220
	Index Scan using sbtest3_pkey on sbtest3  (cost=0.43..393.19 rows=98 width=121)
	  Index Cond: ((id >= 8074121) AND (id <= 8074220))

table 4 : explain SELECT c FROM sbtest4 WHERE id BETWEEN 3184681 AND 3184780
	Index Scan using sbtest4_pkey on sbtest4  (cost=0.43..408.14 rows=102 width=121)
	  Index Cond: ((id >= 3184681) AND (id <= 3184780))

table 5 : explain SELECT c FROM sbtest5 WHERE id BETWEEN 728305 AND 728404
	Index Scan using sbtest5_pkey on sbtest5  (cost=0.43..400.04 rows=100 width=121)
	  Index Cond: ((id >= 728305) AND (id <= 728404))

table 6 : explain SELECT c FROM sbtest6 WHERE id BETWEEN 9034430 AND 9034529
	Index Scan using sbtest6_pkey on sbtest6  (cost=0.43..443.25 rows=111 width=121)
	  Index Cond: ((id >= 9034430) AND (id <= 9034529))

table 7 : explain SELECT c FROM sbtest7 WHERE id BETWEEN 3978792 AND 3978891
	Index Scan using sbtest7_pkey on sbtest7  (cost=0.43..415.29 rows=104 width=121)
	  Index Cond: ((id >= 3978792) AND (id <= 3978891))

table 8 : explain SELECT c FROM sbtest8 WHERE id BETWEEN 3361073 AND 3361172
	Index Scan using sbtest8_pkey on sbtest8  (cost=0.43..403.75 rows=101 width=121)
	  Index Cond: ((id >= 3361073) AND (id <= 3361172))

for: order_ranges
table 1 : explain SELECT c FROM sbtest1 WHERE id BETWEEN 4760708 AND 4760807 ORDER BY c
	Sort  (cost=416.62..416.88 rows=103 width=121)
	  Sort Key: c
	  ->  Index Scan using sbtest1_pkey on sbtest1  (cost=0.43..413.18 rows=103 width=121)
	        Index Cond: ((id >= 4760708) AND (id <= 4760807))

table 2 : explain SELECT c FROM sbtest2 WHERE id BETWEEN 1278922 AND 1279021 ORDER BY c
	Sort  (cost=416.70..416.96 rows=103 width=121)
	  Sort Key: c
	  ->  Index Scan using sbtest2_pkey on sbtest2  (cost=0.43..413.26 rows=103 width=121)
	        Index Cond: ((id >= 1278922) AND (id <= 1279021))

table 3 : explain SELECT c FROM sbtest3 WHERE id BETWEEN 503682 AND 503781 ORDER BY c
	Sort  (cost=380.40..380.64 rows=94 width=121)
	  Sort Key: c
	  ->  Index Scan using sbtest3_pkey on sbtest3  (cost=0.43..377.32 rows=94 width=121)
	        Index Cond: ((id >= 503682) AND (id <= 503781))

table 4 : explain SELECT c FROM sbtest4 WHERE id BETWEEN 945856 AND 945955 ORDER BY c
	Sort  (cost=395.54..395.78 rows=98 width=121)
	  Sort Key: c
	  ->  Index Scan using sbtest4_pkey on sbtest4  (cost=0.43..392.30 rows=98 width=121)
	        Index Cond: ((id >= 945856) AND (id <= 945955))

table 5 : explain SELECT c FROM sbtest5 WHERE id BETWEEN 6266030 AND 6266129 ORDER BY c
	Sort  (cost=403.36..403.61 rows=100 width=121)
	  Sort Key: c
	  ->  Index Scan using sbtest5_pkey on sbtest5  (cost=0.43..400.04 rows=100 width=121)
	        Index Cond: ((id >= 6266030) AND (id <= 6266129))

table 6 : explain SELECT c FROM sbtest6 WHERE id BETWEEN 9602339 AND 9602438 ORDER BY c
	Sort  (cost=395.10..395.34 rows=98 width=121)
	  Sort Key: c
	  ->  Index Scan using sbtest6_pkey on sbtest6  (cost=0.43..391.86 rows=98 width=121)
	        Index Cond: ((id >= 9602339) AND (id <= 9602438))

table 7 : explain SELECT c FROM sbtest7 WHERE id BETWEEN 8595809 AND 8595908 ORDER BY c
	Sort  (cost=394.84..395.08 rows=98 width=121)
	  Sort Key: c
	  ->  Index Scan using sbtest7_pkey on sbtest7  (cost=0.43..391.60 rows=98 width=121)
	        Index Cond: ((id >= 8595809) AND (id <= 8595908))

table 8 : explain SELECT c FROM sbtest8 WHERE id BETWEEN 1579376 AND 1579475 ORDER BY c
	Sort  (cost=435.07..435.34 rows=108 width=121)
	  Sort Key: c
	  ->  Index Scan using sbtest8_pkey on sbtest8  (cost=0.43..431.42 rows=108 width=121)
	        Index Cond: ((id >= 1579376) AND (id <= 1579475))

for: sum_ranges
table 1 : explain SELECT SUM(k) FROM sbtest1 WHERE id BETWEEN 3646378 AND 3646477
	Aggregate  (cost=433.28..433.29 rows=1 width=8)
	  ->  Index Scan using sbtest1_pkey on sbtest1  (cost=0.43..433.01 rows=108 width=4)
	        Index Cond: ((id >= 3646378) AND (id <= 3646477))

table 2 : explain SELECT SUM(k) FROM sbtest2 WHERE id BETWEEN 11423 AND 11522
	Aggregate  (cost=425.43..425.44 rows=1 width=8)
	  ->  Index Scan using sbtest2_pkey on sbtest2  (cost=0.43..425.16 rows=106 width=4)
	        Index Cond: ((id >= 11423) AND (id <= 11522))

table 3 : explain SELECT SUM(k) FROM sbtest3 WHERE id BETWEEN 6866063 AND 6866162
	Aggregate  (cost=401.37..401.38 rows=1 width=8)
	  ->  Index Scan using sbtest3_pkey on sbtest3  (cost=0.43..401.12 rows=100 width=4)
	        Index Cond: ((id >= 6866063) AND (id <= 6866162))

table 4 : explain SELECT SUM(k) FROM sbtest4 WHERE id BETWEEN 5298196 AND 5298295
	Aggregate  (cost=384.62..384.63 rows=1 width=8)
	  ->  Index Scan using sbtest4_pkey on sbtest4  (cost=0.43..384.38 rows=96 width=4)
	        Index Cond: ((id >= 5298196) AND (id <= 5298295))

table 5 : explain SELECT SUM(k) FROM sbtest5 WHERE id BETWEEN 9286826 AND 9286925
	Aggregate  (cost=424.03..424.04 rows=1 width=8)
	  ->  Index Scan using sbtest5_pkey on sbtest5  (cost=0.43..423.77 rows=106 width=4)
	        Index Cond: ((id >= 9286826) AND (id <= 9286925))

table 6 : explain SELECT SUM(k) FROM sbtest6 WHERE id BETWEEN 5403906 AND 5404005
	Aggregate  (cost=388.15..388.16 rows=1 width=8)
	  ->  Index Scan using sbtest6_pkey on sbtest6  (cost=0.43..387.91 rows=97 width=4)
	        Index Cond: ((id >= 5403906) AND (id <= 5404005))

table 7 : explain SELECT SUM(k) FROM sbtest7 WHERE id BETWEEN 6896631 AND 6896730
	Aggregate  (cost=376.02..376.03 rows=1 width=8)
	  ->  Index Scan using sbtest7_pkey on sbtest7  (cost=0.43..375.78 rows=94 width=4)
	        Index Cond: ((id >= 6896631) AND (id <= 6896730))

table 8 : explain SELECT SUM(k) FROM sbtest8 WHERE id BETWEEN 8463250 AND 8463349
	Aggregate  (cost=376.30..376.31 rows=1 width=8)
	  ->  Index Scan using sbtest8_pkey on sbtest8  (cost=0.43..376.07 rows=94 width=4)
	        Index Cond: ((id >= 8463250) AND (id <= 8463349))

for: sum_ranges
table 1 : explain SELECT SUM(k) FROM sbtest1 WHERE id BETWEEN 4728489 AND 4728588
	Aggregate  (cost=393.57..393.58 rows=1 width=8)
	  ->  Index Scan using sbtest1_pkey on sbtest1  (cost=0.43..393.33 rows=98 width=4)
	        Index Cond: ((id >= 4728489) AND (id <= 4728588))

table 2 : explain SELECT SUM(k) FROM sbtest2 WHERE id BETWEEN 5743335 AND 5743434
	Aggregate  (cost=381.73..381.74 rows=1 width=8)
	  ->  Index Scan using sbtest2_pkey on sbtest2  (cost=0.43..381.50 rows=95 width=4)
	        Index Cond: ((id >= 5743335) AND (id <= 5743434))

table 3 : explain SELECT SUM(k) FROM sbtest3 WHERE id BETWEEN 1691179 AND 1691278
	Aggregate  (cost=405.35..405.36 rows=1 width=8)
	  ->  Index Scan using sbtest3_pkey on sbtest3  (cost=0.43..405.10 rows=101 width=4)
	        Index Cond: ((id >= 1691179) AND (id <= 1691278))

table 4 : explain SELECT SUM(k) FROM sbtest4 WHERE id BETWEEN 5765753 AND 5765852
	Aggregate  (cost=372.74..372.75 rows=1 width=8)
	  ->  Index Scan using sbtest4_pkey on sbtest4  (cost=0.43..372.51 rows=93 width=4)
	        Index Cond: ((id >= 5765753) AND (id <= 5765852))

table 5 : explain SELECT SUM(k) FROM sbtest5 WHERE id BETWEEN 8258514 AND 8258613
	Aggregate  (cost=408.20..408.21 rows=1 width=8)
	  ->  Index Scan using sbtest5_pkey on sbtest5  (cost=0.43..407.95 rows=102 width=4)
	        Index Cond: ((id >= 8258514) AND (id <= 8258613))

table 6 : explain SELECT SUM(k) FROM sbtest6 WHERE id BETWEEN 8132319 AND 8132418
	Aggregate  (cost=388.15..388.16 rows=1 width=8)
	  ->  Index Scan using sbtest6_pkey on sbtest6  (cost=0.43..387.91 rows=97 width=4)
	        Index Cond: ((id >= 8132319) AND (id <= 8132418))

table 7 : explain SELECT SUM(k) FROM sbtest7 WHERE id BETWEEN 944894 AND 944993
	Aggregate  (cost=403.70..403.71 rows=1 width=8)
	  ->  Index Scan using sbtest7_pkey on sbtest7  (cost=0.43..403.44 rows=101 width=4)
	        Index Cond: ((id >= 944894) AND (id <= 944993))

table 8 : explain SELECT SUM(k) FROM sbtest8 WHERE id BETWEEN 4425079 AND 4425178
	Aggregate  (cost=376.30..376.31 rows=1 width=8)
	  ->  Index Scan using sbtest8_pkey on sbtest8  (cost=0.43..376.07 rows=94 width=4)
	        Index Cond: ((id >= 4425079) AND (id <= 4425178))

for: distinct_ranges
table 1 : explain SELECT DISTINCT c FROM sbtest1 WHERE id BETWEEN 9595861 AND 9595960 ORDER BY c
	Unique  (cost=424.64..425.16 rows=105 width=121)
	  ->  Sort  (cost=424.64..424.90 rows=105 width=121)
	        Sort Key: c
	        ->  Index Scan using sbtest1_pkey on sbtest1  (cost=0.43..421.11 rows=105 width=121)
	              Index Cond: ((id >= 9595861) AND (id <= 9595960))

table 2 : explain SELECT DISTINCT c FROM sbtest2 WHERE id BETWEEN 2112796 AND 2112895 ORDER BY c
	Unique  (cost=404.66..405.16 rows=100 width=121)
	  ->  Sort  (cost=404.66..404.91 rows=100 width=121)
	        Sort Key: c
	        ->  Index Scan using sbtest2_pkey on sbtest2  (cost=0.43..401.34 rows=100 width=121)
	              Index Cond: ((id >= 2112796) AND (id <= 2112895))

table 3 : explain SELECT DISTINCT c FROM sbtest3 WHERE id BETWEEN 1763536 AND 1763635 ORDER BY c
	Unique  (cost=408.46..408.96 rows=101 width=121)
	  ->  Sort  (cost=408.46..408.71 rows=101 width=121)
	        Sort Key: c
	        ->  Index Scan using sbtest3_pkey on sbtest3  (cost=0.43..405.10 rows=101 width=121)
	              Index Cond: ((id >= 1763536) AND (id <= 1763635))

table 4 : explain SELECT DISTINCT c FROM sbtest4 WHERE id BETWEEN 5073728 AND 5073827 ORDER BY c
	Unique  (cost=439.53..440.07 rows=109 width=121)
	  ->  Sort  (cost=439.53..439.80 rows=109 width=121)
	        Sort Key: c
	        ->  Index Scan using sbtest4_pkey on sbtest4  (cost=0.43..435.84 rows=109 width=121)
	              Index Cond: ((id >= 5073728) AND (id <= 5073827))

table 5 : explain SELECT DISTINCT c FROM sbtest5 WHERE id BETWEEN 9339985 AND 9340084 ORDER BY c
	Unique  (cost=427.33..427.86 rows=106 width=121)
	  ->  Sort  (cost=427.33..427.60 rows=106 width=121)
	        Sort Key: c
	        ->  Index Scan using sbtest5_pkey on sbtest5  (cost=0.43..423.77 rows=106 width=121)
	              Index Cond: ((id >= 9339985) AND (id <= 9340084))

table 6 : explain SELECT DISTINCT c FROM sbtest6 WHERE id BETWEEN 542491 AND 542590 ORDER BY c
	Unique  (cost=387.11..387.59 rows=96 width=121)
	  ->  Sort  (cost=387.11..387.35 rows=96 width=121)
	        Sort Key: c
	        ->  Index Scan using sbtest6_pkey on sbtest6  (cost=0.43..383.95 rows=96 width=121)
	              Index Cond: ((id >= 542491) AND (id <= 542590))

table 7 : explain SELECT DISTINCT c FROM sbtest7 WHERE id BETWEEN 1073137 AND 1073236 ORDER BY c
	Unique  (cost=458.68..459.25 rows=114 width=121)
	  ->  Sort  (cost=458.68..458.97 rows=114 width=121)
	        Sort Key: c
	        ->  Index Scan using sbtest7_pkey on sbtest7  (cost=0.43..454.79 rows=114 width=121)
	              Index Cond: ((id >= 1073137) AND (id <= 1073236))

table 8 : explain SELECT DISTINCT c FROM sbtest8 WHERE id BETWEEN 7779644 AND 7779743 ORDER BY c
	Unique  (cost=387.14..387.62 rows=96 width=121)
	  ->  Sort  (cost=387.14..387.38 rows=96 width=121)
	        Sort Key: c
	        ->  Index Scan using sbtest8_pkey on sbtest8  (cost=0.43..383.97 rows=96 width=121)
	              Index Cond: ((id >= 7779644) AND (id <= 7779743))

for: distinct_ranges
table 1 : explain SELECT DISTINCT c FROM sbtest1 WHERE id BETWEEN 9156743 AND 9156842 ORDER BY c
	Unique  (cost=428.65..429.18 rows=106 width=121)
	  ->  Sort  (cost=428.65..428.91 rows=106 width=121)
	        Sort Key: c
	        ->  Index Scan using sbtest1_pkey on sbtest1  (cost=0.43..425.08 rows=106 width=121)
	              Index Cond: ((id >= 9156743) AND (id <= 9156842))

table 2 : explain SELECT DISTINCT c FROM sbtest2 WHERE id BETWEEN 6297307 AND 6297406 ORDER BY c
	Unique  (cost=416.70..417.21 rows=103 width=121)
	  ->  Sort  (cost=416.70..416.96 rows=103 width=121)
	        Sort Key: c
	        ->  Index Scan using sbtest2_pkey on sbtest2  (cost=0.43..413.26 rows=103 width=121)
	              Index Cond: ((id >= 6297307) AND (id <= 6297406))

table 3 : explain SELECT DISTINCT c FROM sbtest3 WHERE id BETWEEN 8320827 AND 8320926 ORDER BY c
	Unique  (cost=428.49..429.02 rows=106 width=121)
	  ->  Sort  (cost=428.49..428.76 rows=106 width=121)
	        Sort Key: c
	        ->  Index Scan using sbtest3_pkey on sbtest3  (cost=0.43..424.93 rows=106 width=121)
	              Index Cond: ((id >= 8320827) AND (id <= 8320926))

table 4 : explain SELECT DISTINCT c FROM sbtest4 WHERE id BETWEEN 6263715 AND 6263814 ORDER BY c
	Unique  (cost=383.55..384.02 rows=95 width=121)
	  ->  Sort  (cost=383.55..383.78 rows=95 width=121)
	        Sort Key: c
	        ->  Index Scan using sbtest4_pkey on sbtest4  (cost=0.43..380.43 rows=95 width=121)
	              Index Cond: ((id >= 6263715) AND (id <= 6263814))

table 5 : explain SELECT DISTINCT c FROM sbtest5 WHERE id BETWEEN 2571193 AND 2571292 ORDER BY c
	Unique  (cost=371.38..371.84 rows=92 width=121)
	  ->  Sort  (cost=371.38..371.61 rows=92 width=121)
	        Sort Key: c
	        ->  Index Scan using sbtest5_pkey on sbtest5  (cost=0.43..368.38 rows=92 width=121)
	              Index Cond: ((id >= 2571193) AND (id <= 2571292))

table 6 : explain SELECT DISTINCT c FROM sbtest6 WHERE id BETWEEN 4712520 AND 4712619 ORDER BY c
	Unique  (cost=363.16..363.61 rows=90 width=121)
	  ->  Sort  (cost=363.16..363.39 rows=90 width=121)
	        Sort Key: c
	        ->  Index Scan using sbtest6_pkey on sbtest6  (cost=0.43..360.24 rows=90 width=121)
	              Index Cond: ((id >= 4712520) AND (id <= 4712619))

table 7 : explain SELECT DISTINCT c FROM sbtest7 WHERE id BETWEEN 6681030 AND 6681129 ORDER BY c
	Unique  (cost=366.89..367.35 rows=91 width=121)
	  ->  Sort  (cost=366.89..367.12 rows=91 width=121)
	        Sort Key: c
	        ->  Index Scan using sbtest7_pkey on sbtest7  (cost=0.43..363.93 rows=91 width=121)
	              Index Cond: ((id >= 6681030) AND (id <= 6681129))

table 8 : explain SELECT DISTINCT c FROM sbtest8 WHERE id BETWEEN 9576421 AND 9576520 ORDER BY c
	Unique  (cost=391.14..391.63 rows=97 width=121)
	  ->  Sort  (cost=391.14..391.39 rows=97 width=121)
	        Sort Key: c
	        ->  Index Scan using sbtest8_pkey on sbtest8  (cost=0.43..387.94 rows=97 width=121)
	              Index Cond: ((id >= 9576421) AND (id <= 9576520))

for: sum_ranges
table 1 : explain SELECT SUM(k) FROM sbtest1 WHERE id BETWEEN 3323928 AND 3324027
	Aggregate  (cost=397.54..397.55 rows=1 width=8)
	  ->  Index Scan using sbtest1_pkey on sbtest1  (cost=0.43..397.29 rows=99 width=4)
	        Index Cond: ((id >= 3323928) AND (id <= 3324027))

table 2 : explain SELECT SUM(k) FROM sbtest2 WHERE id BETWEEN 2475225 AND 2475324
	Aggregate  (cost=381.73..381.74 rows=1 width=8)
	  ->  Index Scan using sbtest2_pkey on sbtest2  (cost=0.43..381.50 rows=95 width=4)
	        Index Cond: ((id >= 2475225) AND (id <= 2475324))

table 3 : explain SELECT SUM(k) FROM sbtest3 WHERE id BETWEEN 5176810 AND 5176909
	Aggregate  (cost=429.16..429.17 rows=1 width=8)
	  ->  Index Scan using sbtest3_pkey on sbtest3  (cost=0.43..428.89 rows=107 width=4)
	        Index Cond: ((id >= 5176810) AND (id <= 5176909))

table 4 : explain SELECT SUM(k) FROM sbtest4 WHERE id BETWEEN 7054572 AND 7054671
	Aggregate  (cost=384.62..384.63 rows=1 width=8)
	  ->  Index Scan using sbtest4_pkey on sbtest4  (cost=0.43..384.38 rows=96 width=4)
	        Index Cond: ((id >= 7054572) AND (id <= 7054671))

table 5 : explain SELECT SUM(k) FROM sbtest5 WHERE id BETWEEN 5856891 AND 5856990
	Aggregate  (cost=420.08..420.09 rows=1 width=8)
	  ->  Index Scan using sbtest5_pkey on sbtest5  (cost=0.43..419.81 rows=105 width=4)
	        Index Cond: ((id >= 5856891) AND (id <= 5856990))

table 6 : explain SELECT SUM(k) FROM sbtest6 WHERE id BETWEEN 6329164 AND 6329263
	Aggregate  (cost=400.03..400.04 rows=1 width=8)
	  ->  Index Scan using sbtest6_pkey on sbtest6  (cost=0.43..399.78 rows=100 width=4)
	        Index Cond: ((id >= 6329164) AND (id <= 6329263))

table 7 : explain SELECT SUM(k) FROM sbtest7 WHERE id BETWEEN 1163497 AND 1163596
	Aggregate  (cost=427.41..427.42 rows=1 width=8)
	  ->  Index Scan using sbtest7_pkey on sbtest7  (cost=0.43..427.14 rows=107 width=4)
	        Index Cond: ((id >= 1163497) AND (id <= 1163596))

table 8 : explain SELECT SUM(k) FROM sbtest8 WHERE id BETWEEN 7216829 AND 7216928
	Aggregate  (cost=435.65..435.66 rows=1 width=8)
	  ->  Index Scan using sbtest8_pkey on sbtest8  (cost=0.43..435.37 rows=109 width=4)
	        Index Cond: ((id >= 7216829) AND (id <= 7216928))

for: distinct_ranges
table 1 : explain SELECT DISTINCT c FROM sbtest1 WHERE id BETWEEN 9872000 AND 9872099 ORDER BY c
	Unique  (cost=404.58..405.08 rows=100 width=121)
	  ->  Sort  (cost=404.58..404.83 rows=100 width=121)
	        Sort Key: c
	        ->  Index Scan using sbtest1_pkey on sbtest1  (cost=0.43..401.26 rows=100 width=121)
	              Index Cond: ((id >= 9872000) AND (id <= 9872099))

table 2 : explain SELECT DISTINCT c FROM sbtest2 WHERE id BETWEEN 7327339 AND 7327438 ORDER BY c
	Unique  (cost=428.73..429.26 rows=106 width=121)
	  ->  Sort  (cost=428.73..428.99 rows=106 width=121)
	        Sort Key: c
	        ->  Index Scan using sbtest2_pkey on sbtest2  (cost=0.43..425.16 rows=106 width=121)
	              Index Cond: ((id >= 7327339) AND (id <= 7327438))

table 3 : explain SELECT DISTINCT c FROM sbtest3 WHERE id BETWEEN 2450343 AND 2450442 ORDER BY c
	Unique  (cost=384.41..384.88 rows=95 width=121)
	  ->  Sort  (cost=384.41..384.65 rows=95 width=121)
	        Sort Key: c
	        ->  Index Scan using sbtest3_pkey on sbtest3  (cost=0.43..381.29 rows=95 width=121)
	              Index Cond: ((id >= 2450343) AND (id <= 2450442))

table 4 : explain SELECT DISTINCT c FROM sbtest4 WHERE id BETWEEN 392547 AND 392646 ORDER BY c
	Unique  (cost=403.55..404.05 rows=100 width=121)
	  ->  Sort  (cost=403.55..403.80 rows=100 width=121)
	        Sort Key: c
	        ->  Index Scan using sbtest4_pkey on sbtest4  (cost=0.43..400.23 rows=100 width=121)
	              Index Cond: ((id >= 392547) AND (id <= 392646))

table 5 : explain SELECT DISTINCT c FROM sbtest5 WHERE id BETWEEN 9514379 AND 9514478 ORDER BY c
	Unique  (cost=375.38..375.84 rows=93 width=121)
	  ->  Sort  (cost=375.38..375.61 rows=93 width=121)
	        Sort Key: c
	        ->  Index Scan using sbtest5_pkey on sbtest5  (cost=0.43..372.34 rows=93 width=121)
	              Index Cond: ((id >= 9514379) AND (id <= 9514478))

table 6 : explain SELECT DISTINCT c FROM sbtest6 WHERE id BETWEEN 8470974 AND 8471073 ORDER BY c
	Unique  (cost=399.11..399.60 rows=99 width=121)
	  ->  Sort  (cost=399.11..399.36 rows=99 width=121)
	        Sort Key: c
	        ->  Index Scan using sbtest6_pkey on sbtest6  (cost=0.43..395.83 rows=99 width=121)
	              Index Cond: ((id >= 8470974) AND (id <= 8471073))

table 7 : explain SELECT DISTINCT c FROM sbtest7 WHERE id BETWEEN 2818555 AND 2818654 ORDER BY c
	Unique  (cost=378.86..379.33 rows=94 width=121)
	  ->  Sort  (cost=378.86..379.10 rows=94 width=121)
	        Sort Key: c
	        ->  Index Scan using sbtest7_pkey on sbtest7  (cost=0.43..375.78 rows=94 width=121)
	              Index Cond: ((id >= 2818555) AND (id <= 2818654))

table 8 : explain SELECT DISTINCT c FROM sbtest8 WHERE id BETWEEN 3125931 AND 3126030 ORDER BY c
	Unique  (cost=403.12..403.62 rows=100 width=121)
	  ->  Sort  (cost=403.12..403.37 rows=100 width=121)
	        Sort Key: c
	        ->  Index Scan using sbtest8_pkey on sbtest8  (cost=0.43..399.80 rows=100 width=121)
	              Index Cond: ((id >= 3125931) AND (id <= 3126030))

for point_selects
table 1 : explain SELECT c FROM sbtest1 WHERE id=615296
	Index Scan using sbtest1_pkey on sbtest1  (cost=0.43..8.45 rows=1 width=121)
	  Index Cond: (id = 615296)

table 2 : explain SELECT c FROM sbtest2 WHERE id=7797648
	Index Scan using sbtest2_pkey on sbtest2  (cost=0.43..8.45 rows=1 width=121)
	  Index Cond: (id = 7797648)

table 3 : explain SELECT c FROM sbtest3 WHERE id=4601252
	Index Scan using sbtest3_pkey on sbtest3  (cost=0.43..8.45 rows=1 width=121)
	  Index Cond: (id = 4601252)

table 4 : explain SELECT c FROM sbtest4 WHERE id=3319865
	Index Scan using sbtest4_pkey on sbtest4  (cost=0.43..8.45 rows=1 width=121)
	  Index Cond: (id = 3319865)

table 5 : explain SELECT c FROM sbtest5 WHERE id=7336342
	Index Scan using sbtest5_pkey on sbtest5  (cost=0.43..8.45 rows=1 width=121)
	  Index Cond: (id = 7336342)

table 6 : explain SELECT c FROM sbtest6 WHERE id=4250334
	Index Scan using sbtest6_pkey on sbtest6  (cost=0.43..8.45 rows=1 width=121)
	  Index Cond: (id = 4250334)

table 7 : explain SELECT c FROM sbtest7 WHERE id=6160777
	Index Scan using sbtest7_pkey on sbtest7  (cost=0.43..8.45 rows=1 width=121)
	  Index Cond: (id = 6160777)

table 8 : explain SELECT c FROM sbtest8 WHERE id=2962970
	Index Scan using sbtest8_pkey on sbtest8  (cost=0.43..8.45 rows=1 width=121)
	  Index Cond: (id = 2962970)

for point_selects
table 1 : explain SELECT c FROM sbtest1 WHERE id=763218
	Index Scan using sbtest1_pkey on sbtest1  (cost=0.43..8.45 rows=1 width=121)
	  Index Cond: (id = 763218)

table 2 : explain SELECT c FROM sbtest2 WHERE id=4848641
	Index Scan using sbtest2_pkey on sbtest2  (cost=0.43..8.45 rows=1 width=121)
	  Index Cond: (id = 4848641)

table 3 : explain SELECT c FROM sbtest3 WHERE id=4295829
	Index Scan using sbtest3_pkey on sbtest3  (cost=0.43..8.45 rows=1 width=121)
	  Index Cond: (id = 4295829)

table 4 : explain SELECT c FROM sbtest4 WHERE id=9614099
	Index Scan using sbtest4_pkey on sbtest4  (cost=0.43..8.45 rows=1 width=121)
	  Index Cond: (id = 9614099)

table 5 : explain SELECT c FROM sbtest5 WHERE id=6159820
	Index Scan using sbtest5_pkey on sbtest5  (cost=0.43..8.45 rows=1 width=121)
	  Index Cond: (id = 6159820)

table 6 : explain SELECT c FROM sbtest6 WHERE id=214681
	Index Scan using sbtest6_pkey on sbtest6  (cost=0.43..8.45 rows=1 width=121)
	  Index Cond: (id = 214681)

table 7 : explain SELECT c FROM sbtest7 WHERE id=983367
	Index Scan using sbtest7_pkey on sbtest7  (cost=0.43..8.45 rows=1 width=121)
	  Index Cond: (id = 983367)

table 8 : explain SELECT c FROM sbtest8 WHERE id=3045396
	Index Scan using sbtest8_pkey on sbtest8  (cost=0.43..8.45 rows=1 width=121)
	  Index Cond: (id = 3045396)

for: order_ranges
table 1 : explain SELECT c FROM sbtest1 WHERE id BETWEEN 7403536 AND 7403635 ORDER BY c
	Sort  (cost=412.61..412.87 rows=102 width=121)
	  Sort Key: c
	  ->  Index Scan using sbtest1_pkey on sbtest1  (cost=0.43..409.21 rows=102 width=121)
	        Index Cond: ((id >= 7403536) AND (id <= 7403635))

table 2 : explain SELECT c FROM sbtest2 WHERE id BETWEEN 828810 AND 828909 ORDER BY c
	Sort  (cost=424.72..424.98 rows=105 width=121)
	  Sort Key: c
	  ->  Index Scan using sbtest2_pkey on sbtest2  (cost=0.43..421.19 rows=105 width=121)
	        Index Cond: ((id >= 828810) AND (id <= 828909))

table 3 : explain SELECT c FROM sbtest3 WHERE id BETWEEN 791536 AND 791635 ORDER BY c
	Sort  (cost=404.45..404.70 rows=100 width=121)
	  Sort Key: c
	  ->  Index Scan using sbtest3_pkey on sbtest3  (cost=0.43..401.13 rows=100 width=121)
	        Index Cond: ((id >= 791536) AND (id <= 791635))

table 4 : explain SELECT c FROM sbtest4 WHERE id BETWEEN 4227040 AND 4227139 ORDER BY c
	Sort  (cost=423.53..423.80 rows=105 width=121)
	  Sort Key: c
	  ->  Index Scan using sbtest4_pkey on sbtest4  (cost=0.43..420.01 rows=105 width=121)
	        Index Cond: ((id >= 4227040) AND (id <= 4227139))

table 5 : explain SELECT c FROM sbtest5 WHERE id BETWEEN 2097454 AND 2097553 ORDER BY c
	Sort  (cost=395.35..395.60 rows=98 width=121)
	  Sort Key: c
	  ->  Index Scan using sbtest5_pkey on sbtest5  (cost=0.43..392.11 rows=98 width=121)
	        Index Cond: ((id >= 2097454) AND (id <= 2097553))

table 6 : explain SELECT c FROM sbtest6 WHERE id BETWEEN 1342589 AND 1342688 ORDER BY c
	Sort  (cost=407.09..407.35 rows=101 width=121)
	  Sort Key: c
	  ->  Index Scan using sbtest6_pkey on sbtest6  (cost=0.43..403.73 rows=101 width=121)
	        Index Cond: ((id >= 1342589) AND (id <= 1342688))

table 7 : explain SELECT c FROM sbtest7 WHERE id BETWEEN 2389440 AND 2389539 ORDER BY c
	Sort  (cost=374.87..375.11 rows=93 width=121)
	  Sort Key: c
	  ->  Index Scan using sbtest7_pkey on sbtest7  (cost=0.43..371.83 rows=93 width=121)
	        Index Cond: ((id >= 2389440) AND (id <= 2389539))

table 8 : explain SELECT c FROM sbtest8 WHERE id BETWEEN 3071003 AND 3071102 ORDER BY c
	Sort  (cost=431.08..431.34 rows=107 width=121)
	  Sort Key: c
	  ->  Index Scan using sbtest8_pkey on sbtest8  (cost=0.43..427.47 rows=107 width=121)
	        Index Cond: ((id >= 3071003) AND (id <= 3071102))

for: order_ranges
table 1 : explain SELECT c FROM sbtest1 WHERE id BETWEEN 7266976 AND 7267075 ORDER BY c
	Sort  (cost=380.54..380.77 rows=94 width=121)
	  Sort Key: c
	  ->  Index Scan using sbtest1_pkey on sbtest1  (cost=0.43..377.46 rows=94 width=121)
	        Index Cond: ((id >= 7266976) AND (id <= 7267075))

table 2 : explain SELECT c FROM sbtest2 WHERE id BETWEEN 1467377 AND 1467476 ORDER BY c
	Sort  (cost=404.66..404.91 rows=100 width=121)
	  Sort Key: c
	  ->  Index Scan using sbtest2_pkey on sbtest2  (cost=0.43..401.34 rows=100 width=121)
	        Index Cond: ((id >= 1467377) AND (id <= 1467476))

table 3 : explain SELECT c FROM sbtest3 WHERE id BETWEEN 7557821 AND 7557920 ORDER BY c
	Sort  (cost=392.42..392.66 rows=97 width=121)
	  Sort Key: c
	  ->  Index Scan using sbtest3_pkey on sbtest3  (cost=0.43..389.22 rows=97 width=121)
	        Index Cond: ((id >= 7557821) AND (id <= 7557920))

table 4 : explain SELECT c FROM sbtest4 WHERE id BETWEEN 2125296 AND 2125395 ORDER BY c
	Sort  (cost=415.54..415.80 rows=103 width=121)
	  Sort Key: c
	  ->  Index Scan using sbtest4_pkey on sbtest4  (cost=0.43..412.10 rows=103 width=121)
	        Index Cond: ((id >= 2125296) AND (id <= 2125395))

table 5 : explain SELECT c FROM sbtest5 WHERE id BETWEEN 2648655 AND 2648754 ORDER BY c
	Sort  (cost=391.36..391.60 rows=97 width=121)
	  Sort Key: c
	  ->  Index Scan using sbtest5_pkey on sbtest5  (cost=0.43..388.16 rows=97 width=121)
	        Index Cond: ((id >= 2648655) AND (id <= 2648754))

table 6 : explain SELECT c FROM sbtest6 WHERE id BETWEEN 6946988 AND 6947087 ORDER BY c
	Sort  (cost=415.08..415.34 rows=103 width=121)
	  Sort Key: c
	  ->  Index Scan using sbtest6_pkey on sbtest6  (cost=0.43..411.64 rows=103 width=121)
	        Index Cond: ((id >= 6946988) AND (id <= 6947087))

table 7 : explain SELECT c FROM sbtest7 WHERE id BETWEEN 6343325 AND 6343424 ORDER BY c
	Sort  (cost=390.83..391.07 rows=97 width=121)
	  Sort Key: c
	  ->  Index Scan using sbtest7_pkey on sbtest7  (cost=0.43..387.63 rows=97 width=121)
	        Index Cond: ((id >= 6343325) AND (id <= 6343424))

table 8 : explain SELECT c FROM sbtest8 WHERE id BETWEEN 7087713 AND 7087812 ORDER BY c
	Sort  (cost=403.12..403.37 rows=100 width=121)
	  Sort Key: c
	  ->  Index Scan using sbtest8_pkey on sbtest8  (cost=0.43..399.80 rows=100 width=121)
	        Index Cond: ((id >= 7087713) AND (id <= 7087812))

explain: for point_selects :: explain SELECT c FROM sbtest%u WHERE id=%u
for point_selects
table 1 : explain SELECT c FROM sbtest1 WHERE id=4870331
	Index Scan using sbtest1_pkey on sbtest1  (cost=0.43..8.45 rows=1 width=121)
	  Index Cond: (id = 4870331)

table 2 : explain SELECT c FROM sbtest2 WHERE id=41877
	Index Scan using sbtest2_pkey on sbtest2  (cost=0.43..8.45 rows=1 width=121)
	  Index Cond: (id = 41877)

table 3 : explain SELECT c FROM sbtest3 WHERE id=6088609
	Index Scan using sbtest3_pkey on sbtest3  (cost=0.43..8.45 rows=1 width=121)
	  Index Cond: (id = 6088609)

table 4 : explain SELECT c FROM sbtest4 WHERE id=1280443
	Index Scan using sbtest4_pkey on sbtest4  (cost=0.43..8.45 rows=1 width=121)
	  Index Cond: (id = 1280443)

table 5 : explain SELECT c FROM sbtest5 WHERE id=7100033
	Index Scan using sbtest5_pkey on sbtest5  (cost=0.43..8.45 rows=1 width=121)
	  Index Cond: (id = 7100033)

table 6 : explain SELECT c FROM sbtest6 WHERE id=4720217
	Index Scan using sbtest6_pkey on sbtest6  (cost=0.43..8.45 rows=1 width=121)
	  Index Cond: (id = 4720217)

table 7 : explain SELECT c FROM sbtest7 WHERE id=6080462
	Index Scan using sbtest7_pkey on sbtest7  (cost=0.43..8.45 rows=1 width=121)
	  Index Cond: (id = 6080462)

table 8 : explain SELECT c FROM sbtest8 WHERE id=1956289
	Index Scan using sbtest8_pkey on sbtest8  (cost=0.43..8.45 rows=1 width=121)
	  Index Cond: (id = 1956289)

for: sum_ranges
table 1 : explain SELECT SUM(k) FROM sbtest1 WHERE id BETWEEN 7247638 AND 7247737
	Aggregate  (cost=377.69..377.70 rows=1 width=8)
	  ->  Index Scan using sbtest1_pkey on sbtest1  (cost=0.43..377.46 rows=94 width=4)
	        Index Cond: ((id >= 7247638) AND (id <= 7247737))

table 2 : explain SELECT SUM(k) FROM sbtest2 WHERE id BETWEEN 2169926 AND 2170025
	Aggregate  (cost=373.79..373.80 rows=1 width=8)
	  ->  Index Scan using sbtest2_pkey on sbtest2  (cost=0.43..373.56 rows=93 width=4)
	        Index Cond: ((id >= 2169926) AND (id <= 2170025))

table 3 : explain SELECT SUM(k) FROM sbtest3 WHERE id BETWEEN 3177183 AND 3177282
	Aggregate  (cost=373.59..373.60 rows=1 width=8)
	  ->  Index Scan using sbtest3_pkey on sbtest3  (cost=0.43..373.36 rows=93 width=4)
	        Index Cond: ((id >= 3177183) AND (id <= 3177282))

table 4 : explain SELECT SUM(k) FROM sbtest4 WHERE id BETWEEN 6218131 AND 6218230
	Aggregate  (cost=380.66..380.67 rows=1 width=8)
	  ->  Index Scan using sbtest4_pkey on sbtest4  (cost=0.43..380.43 rows=95 width=4)
	        Index Cond: ((id >= 6218131) AND (id <= 6218230))

table 5 : explain SELECT SUM(k) FROM sbtest5 WHERE id BETWEEN 9348626 AND 9348725
	Aggregate  (cost=424.03..424.04 rows=1 width=8)
	  ->  Index Scan using sbtest5_pkey on sbtest5  (cost=0.43..423.77 rows=106 width=4)
	        Index Cond: ((id >= 9348626) AND (id <= 9348725))

table 6 : explain SELECT SUM(k) FROM sbtest6 WHERE id BETWEEN 9233130 AND 9233229
	Aggregate  (cost=396.08..396.09 rows=1 width=8)
	  ->  Index Scan using sbtest6_pkey on sbtest6  (cost=0.43..395.83 rows=99 width=4)
	        Index Cond: ((id >= 9233130) AND (id <= 9233229))

table 7 : explain SELECT SUM(k) FROM sbtest7 WHERE id BETWEEN 6822981 AND 6823080
	Aggregate  (cost=455.07..455.08 rows=1 width=8)
	  ->  Index Scan using sbtest7_pkey on sbtest7  (cost=0.43..454.79 rows=114 width=4)
	        Index Cond: ((id >= 6822981) AND (id <= 6823080))

table 8 : explain SELECT SUM(k) FROM sbtest8 WHERE id BETWEEN 7002927 AND 7003026
	Aggregate  (cost=419.83..419.84 rows=1 width=8)
	  ->  Index Scan using sbtest8_pkey on sbtest8  (cost=0.43..419.56 rows=105 width=4)
	        Index Cond: ((id >= 7002927) AND (id <= 7003026))

for: order_ranges
table 1 : explain SELECT c FROM sbtest1 WHERE id BETWEEN 1013864 AND 1013963 ORDER BY c
	Sort  (cost=380.54..380.77 rows=94 width=121)
	  Sort Key: c
	  ->  Index Scan using sbtest1_pkey on sbtest1  (cost=0.43..377.46 rows=94 width=121)
	        Index Cond: ((id >= 1013864) AND (id <= 1013963))

table 2 : explain SELECT c FROM sbtest2 WHERE id BETWEEN 5444405 AND 5444504 ORDER BY c
	Sort  (cost=428.73..428.99 rows=106 width=121)
	  Sort Key: c
	  ->  Index Scan using sbtest2_pkey on sbtest2  (cost=0.43..425.16 rows=106 width=121)
	        Index Cond: ((id >= 5444405) AND (id <= 5444504))

table 3 : explain SELECT c FROM sbtest3 WHERE id BETWEEN 3828934 AND 3829033 ORDER BY c
	Sort  (cost=424.49..424.75 rows=105 width=121)
	  Sort Key: c
	  ->  Index Scan using sbtest3_pkey on sbtest3  (cost=0.43..420.96 rows=105 width=121)
	        Index Cond: ((id >= 3828934) AND (id <= 3829033))

table 4 : explain SELECT c FROM sbtest4 WHERE id BETWEEN 7791567 AND 7791666 ORDER BY c
	Sort  (cost=395.54..395.78 rows=98 width=121)
	  Sort Key: c
	  ->  Index Scan using sbtest4_pkey on sbtest4  (cost=0.43..392.30 rows=98 width=121)
	        Index Cond: ((id >= 7791567) AND (id <= 7791666))

table 5 : explain SELECT c FROM sbtest5 WHERE id BETWEEN 784020 AND 784119 ORDER BY c
	Sort  (cost=403.36..403.61 rows=100 width=121)
	  Sort Key: c
	  ->  Index Scan using sbtest5_pkey on sbtest5  (cost=0.43..400.04 rows=100 width=121)
	        Index Cond: ((id >= 784020) AND (id <= 784119))

table 6 : explain SELECT c FROM sbtest6 WHERE id BETWEEN 226593 AND 226692 ORDER BY c
	Sort  (cost=411.09..411.34 rows=102 width=121)
	  Sort Key: c
	  ->  Index Scan using sbtest6_pkey on sbtest6  (cost=0.43..407.68 rows=102 width=121)
	        Index Cond: ((id >= 226593) AND (id <= 226692))

table 7 : explain SELECT c FROM sbtest7 WHERE id BETWEEN 9806177 AND 9806276 ORDER BY c
	Sort  (cost=402.82..403.07 rows=100 width=121)
	  Sort Key: c
	  ->  Index Scan using sbtest7_pkey on sbtest7  (cost=0.43..399.50 rows=100 width=121)
	        Index Cond: ((id >= 9806177) AND (id <= 9806276))

table 8 : explain SELECT c FROM sbtest8 WHERE id BETWEEN 4947680 AND 4947779 ORDER BY c
	Sort  (cost=431.08..431.34 rows=107 width=121)
	  Sort Key: c
	  ->  Index Scan using sbtest8_pkey on sbtest8  (cost=0.43..427.47 rows=107 width=121)
	        Index Cond: ((id >= 4947680) AND (id <= 4947779))

for: order_ranges
table 1 : explain SELECT c FROM sbtest1 WHERE id BETWEEN 6673729 AND 6673828 ORDER BY c
	Sort  (cost=396.57..396.81 rows=98 width=121)
	  Sort Key: c
	  ->  Index Scan using sbtest1_pkey on sbtest1  (cost=0.43..393.33 rows=98 width=121)
	        Index Cond: ((id >= 6673729) AND (id <= 6673828))

table 2 : explain SELECT c FROM sbtest2 WHERE id BETWEEN 9350318 AND 9350417 ORDER BY c
	Sort  (cost=392.63..392.88 rows=97 width=121)
	  Sort Key: c
	  ->  Index Scan using sbtest2_pkey on sbtest2  (cost=0.43..389.43 rows=97 width=121)
	        Index Cond: ((id >= 9350318) AND (id <= 9350417))

table 3 : explain SELECT c FROM sbtest3 WHERE id BETWEEN 3690577 AND 3690676 ORDER BY c
	Sort  (cost=400.43..400.68 rows=99 width=121)
	  Sort Key: c
	  ->  Index Scan using sbtest3_pkey on sbtest3  (cost=0.43..397.15 rows=99 width=121)
	        Index Cond: ((id >= 3690577) AND (id <= 3690676))

table 4 : explain SELECT c FROM sbtest4 WHERE id BETWEEN 6809721 AND 6809820 ORDER BY c
	Sort  (cost=403.55..403.80 rows=100 width=121)
	  Sort Key: c
	  ->  Index Scan using sbtest4_pkey on sbtest4  (cost=0.43..400.23 rows=100 width=121)
	        Index Cond: ((id >= 6809721) AND (id <= 6809820))

table 5 : explain SELECT c FROM sbtest5 WHERE id BETWEEN 6707299 AND 6707398 ORDER BY c
	Sort  (cost=415.35..415.60 rows=103 width=121)
	  Sort Key: c
	  ->  Index Scan using sbtest5_pkey on sbtest5  (cost=0.43..411.90 rows=103 width=121)
	        Index Cond: ((id >= 6707299) AND (id <= 6707398))

table 6 : explain SELECT c FROM sbtest6 WHERE id BETWEEN 2839560 AND 2839659 ORDER BY c
	Sort  (cost=391.11..391.35 rows=97 width=121)
	  Sort Key: c
	  ->  Index Scan using sbtest6_pkey on sbtest6  (cost=0.43..387.91 rows=97 width=121)
	        Index Cond: ((id >= 2839560) AND (id <= 2839659))

table 7 : explain SELECT c FROM sbtest7 WHERE id BETWEEN 2248778 AND 2248877 ORDER BY c
	Sort  (cost=378.86..379.10 rows=94 width=121)
	  Sort Key: c
	  ->  Index Scan using sbtest7_pkey on sbtest7  (cost=0.43..375.78 rows=94 width=121)
	        Index Cond: ((id >= 2248778) AND (id <= 2248877))

table 8 : explain SELECT c FROM sbtest8 WHERE id BETWEEN 494583 AND 494682 ORDER BY c
	Sort  (cost=427.08..427.35 rows=106 width=121)
	  Sort Key: c
	  ->  Index Scan using sbtest8_pkey on sbtest8  (cost=0.43..423.52 rows=106 width=121)
	        Index Cond: ((id >= 494583) AND (id <= 494682))

for: sum_ranges
table 1 : explain SELECT SUM(k) FROM sbtest1 WHERE id BETWEEN 432572 AND 432671
	Aggregate  (cost=365.78..365.79 rows=1 width=8)
	  ->  Index Scan using sbtest1_pkey on sbtest1  (cost=0.43..365.55 rows=91 width=4)
	        Index Cond: ((id >= 432572) AND (id <= 432671))

table 2 : explain SELECT SUM(k) FROM sbtest2 WHERE id BETWEEN 3819606 AND 3819705
	Aggregate  (cost=401.59..401.60 rows=1 width=8)
	  ->  Index Scan using sbtest2_pkey on sbtest2  (cost=0.43..401.34 rows=100 width=4)
	        Index Cond: ((id >= 3819606) AND (id <= 3819705))

table 3 : explain SELECT SUM(k) FROM sbtest3 WHERE id BETWEEN 4665557 AND 4665656
	Aggregate  (cost=381.53..381.54 rows=1 width=8)
	  ->  Index Scan using sbtest3_pkey on sbtest3  (cost=0.43..381.29 rows=95 width=4)
	        Index Cond: ((id >= 4665557) AND (id <= 4665656))

table 4 : explain SELECT SUM(k) FROM sbtest4 WHERE id BETWEEN 3698133 AND 3698232
	Aggregate  (cost=376.70..376.71 rows=1 width=8)
	  ->  Index Scan using sbtest4_pkey on sbtest4  (cost=0.43..376.47 rows=94 width=4)
	        Index Cond: ((id >= 3698133) AND (id <= 3698232))

table 5 : explain SELECT SUM(k) FROM sbtest5 WHERE id BETWEEN 7736276 AND 7736375
	Aggregate  (cost=431.95..431.96 rows=1 width=8)
	  ->  Index Scan using sbtest5_pkey on sbtest5  (cost=0.43..431.68 rows=108 width=4)
	        Index Cond: ((id >= 7736276) AND (id <= 7736375))

table 6 : explain SELECT SUM(k) FROM sbtest6 WHERE id BETWEEN 4616599 AND 4616698
	Aggregate  (cost=392.10..392.11 rows=1 width=8)
	  ->  Index Scan using sbtest6_pkey on sbtest6  (cost=0.43..391.86 rows=98 width=4)
	        Index Cond: ((id >= 4616599) AND (id <= 4616698))

table 7 : explain SELECT SUM(k) FROM sbtest7 WHERE id BETWEEN 1397455 AND 1397554
	Aggregate  (cost=364.16..364.17 rows=1 width=8)
	  ->  Index Scan using sbtest7_pkey on sbtest7  (cost=0.43..363.93 rows=91 width=4)
	        Index Cond: ((id >= 1397455) AND (id <= 1397554))

table 8 : explain SELECT SUM(k) FROM sbtest8 WHERE id BETWEEN 4875765 AND 4875864
	Aggregate  (cost=396.10..396.11 rows=1 width=8)
	  ->  Index Scan using sbtest8_pkey on sbtest8  (cost=0.43..395.85 rows=99 width=4)
	        Index Cond: ((id >= 4875765) AND (id <= 4875864))

for: order_ranges
table 1 : explain SELECT c FROM sbtest1 WHERE id BETWEEN 695329 AND 695428 ORDER BY c
	Sort  (cost=444.68..444.95 rows=110 width=121)
	  Sort Key: c
	  ->  Index Scan using sbtest1_pkey on sbtest1  (cost=0.43..440.95 rows=110 width=121)
	        Index Cond: ((id >= 695329) AND (id <= 695428))

table 2 : explain SELECT c FROM sbtest2 WHERE id BETWEEN 7297553 AND 7297652 ORDER BY c
	Sort  (cost=428.73..428.99 rows=106 width=121)
	  Sort Key: c
	  ->  Index Scan using sbtest2_pkey on sbtest2  (cost=0.43..425.16 rows=106 width=121)
	        Index Cond: ((id >= 7297553) AND (id <= 7297652))

table 3 : explain SELECT c FROM sbtest3 WHERE id BETWEEN 6602698 AND 6602797 ORDER BY c
	Sort  (cost=396.43..396.67 rows=98 width=121)
	  Sort Key: c
	  ->  Index Scan using sbtest3_pkey on sbtest3  (cost=0.43..393.19 rows=98 width=121)
	        Index Cond: ((id >= 6602698) AND (id <= 6602797))

table 4 : explain SELECT c FROM sbtest4 WHERE id BETWEEN 2643553 AND 2643652 ORDER BY c
	Sort  (cost=423.53..423.80 rows=105 width=121)
	  Sort Key: c
	  ->  Index Scan using sbtest4_pkey on sbtest4  (cost=0.43..420.01 rows=105 width=121)
	        Index Cond: ((id >= 2643553) AND (id <= 2643652))

table 5 : explain SELECT c FROM sbtest5 WHERE id BETWEEN 927400 AND 927499 ORDER BY c
	Sort  (cost=379.37..379.61 rows=94 width=121)
	  Sort Key: c
	  ->  Index Scan using sbtest5_pkey on sbtest5  (cost=0.43..376.29 rows=94 width=121)
	        Index Cond: ((id >= 927400) AND (id <= 927499))

table 6 : explain SELECT c FROM sbtest6 WHERE id BETWEEN 138174 AND 138273 ORDER BY c
	Sort  (cost=439.04..439.31 rows=109 width=121)
	  Sort Key: c
	  ->  Index Scan using sbtest6_pkey on sbtest6  (cost=0.43..435.35 rows=109 width=121)
	        Index Cond: ((id >= 138174) AND (id <= 138273))

table 7 : explain SELECT c FROM sbtest7 WHERE id BETWEEN 1808833 AND 1808932 ORDER BY c
	Sort  (cost=390.83..391.07 rows=97 width=121)
	  Sort Key: c
	  ->  Index Scan using sbtest7_pkey on sbtest7  (cost=0.43..387.63 rows=97 width=121)
	        Index Cond: ((id >= 1808833) AND (id <= 1808932))

table 8 : explain SELECT c FROM sbtest8 WHERE id BETWEEN 9257257 AND 9257356 ORDER BY c
	Sort  (cost=435.07..435.34 rows=108 width=121)
	  Sort Key: c
	  ->  Index Scan using sbtest8_pkey on sbtest8  (cost=0.43..431.42 rows=108 width=121)
	        Index Cond: ((id >= 9257257) AND (id <= 9257356))

for: order_ranges
table 1 : explain SELECT c FROM sbtest1 WHERE id BETWEEN 9849698 AND 9849797 ORDER BY c
	Sort  (cost=404.58..404.83 rows=100 width=121)
	  Sort Key: c
	  ->  Index Scan using sbtest1_pkey on sbtest1  (cost=0.43..401.26 rows=100 width=121)
	        Index Cond: ((id >= 9849698) AND (id <= 9849797))

table 2 : explain SELECT c FROM sbtest2 WHERE id BETWEEN 9658189 AND 9658288 ORDER BY c
	Sort  (cost=436.74..437.01 rows=108 width=121)
	  Sort Key: c
	  ->  Index Scan using sbtest2_pkey on sbtest2  (cost=0.43..433.10 rows=108 width=121)
	        Index Cond: ((id >= 9658189) AND (id <= 9658288))

table 3 : explain SELECT c FROM sbtest3 WHERE id BETWEEN 1506730 AND 1506829 ORDER BY c
	Sort  (cost=412.47..412.72 rows=102 width=121)
	  Sort Key: c
	  ->  Index Scan using sbtest3_pkey on sbtest3  (cost=0.43..409.06 rows=102 width=121)
	        Index Cond: ((id >= 1506730) AND (id <= 1506829))

table 4 : explain SELECT c FROM sbtest4 WHERE id BETWEEN 3670389 AND 3670488 ORDER BY c
	Sort  (cost=415.54..415.80 rows=103 width=121)
	  Sort Key: c
	  ->  Index Scan using sbtest4_pkey on sbtest4  (cost=0.43..412.10 rows=103 width=121)
	        Index Cond: ((id >= 3670389) AND (id <= 3670488))

table 5 : explain SELECT c FROM sbtest5 WHERE id BETWEEN 504496 AND 504595 ORDER BY c
	Sort  (cost=367.39..367.62 rows=91 width=121)
	  Sort Key: c
	  ->  Index Scan using sbtest5_pkey on sbtest5  (cost=0.43..364.43 rows=91 width=121)
	        Index Cond: ((id >= 504496) AND (id <= 504595))

table 6 : explain SELECT c FROM sbtest6 WHERE id BETWEEN 8229705 AND 8229804 ORDER BY c
	Sort  (cost=439.04..439.31 rows=109 width=121)
	  Sort Key: c
	  ->  Index Scan using sbtest6_pkey on sbtest6  (cost=0.43..435.35 rows=109 width=121)
	        Index Cond: ((id >= 8229705) AND (id <= 8229804))

table 7 : explain SELECT c FROM sbtest7 WHERE id BETWEEN 2022091 AND 2022190 ORDER BY c
	Sort  (cost=378.86..379.10 rows=94 width=121)
	  Sort Key: c
	  ->  Index Scan using sbtest7_pkey on sbtest7  (cost=0.43..375.78 rows=94 width=121)
	        Index Cond: ((id >= 2022091) AND (id <= 2022190))

table 8 : explain SELECT c FROM sbtest8 WHERE id BETWEEN 2475073 AND 2475172 ORDER BY c
	Sort  (cost=415.10..415.36 rows=103 width=121)
	  Sort Key: c
	  ->  Index Scan using sbtest8_pkey on sbtest8  (cost=0.43..411.66 rows=103 width=121)
	        Index Cond: ((id >= 2475073) AND (id <= 2475172))

for: simple_ranges
table 1 : explain SELECT c FROM sbtest1 WHERE id BETWEEN 3807712 AND 3807811
	Index Scan using sbtest1_pkey on sbtest1  (cost=0.43..377.46 rows=94 width=121)
	  Index Cond: ((id >= 3807712) AND (id <= 3807811))

table 2 : explain SELECT c FROM sbtest2 WHERE id BETWEEN 2024255 AND 2024354
	Index Scan using sbtest2_pkey on sbtest2  (cost=0.43..397.37 rows=99 width=121)
	  Index Cond: ((id >= 2024255) AND (id <= 2024354))

table 3 : explain SELECT c FROM sbtest3 WHERE id BETWEEN 7467088 AND 7467187
	Index Scan using sbtest3_pkey on sbtest3  (cost=0.43..401.13 rows=100 width=121)
	  Index Cond: ((id >= 7467088) AND (id <= 7467187))

table 4 : explain SELECT c FROM sbtest4 WHERE id BETWEEN 213612 AND 213711
	Index Scan using sbtest4_pkey on sbtest4  (cost=0.43..412.10 rows=103 width=121)
	  Index Cond: ((id >= 213612) AND (id <= 213711))

table 5 : explain SELECT c FROM sbtest5 WHERE id BETWEEN 6654979 AND 6655078
	Index Scan using sbtest5_pkey on sbtest5  (cost=0.43..403.99 rows=101 width=121)
	  Index Cond: ((id >= 6654979) AND (id <= 6655078))

table 6 : explain SELECT c FROM sbtest6 WHERE id BETWEEN 2833161 AND 2833260
	Index Scan using sbtest6_pkey on sbtest6  (cost=0.43..387.91 rows=97 width=121)
	  Index Cond: ((id >= 2833161) AND (id <= 2833260))

table 7 : explain SELECT c FROM sbtest7 WHERE id BETWEEN 4712218 AND 4712317
	Index Scan using sbtest7_pkey on sbtest7  (cost=0.43..450.84 rows=113 width=121)
	  Index Cond: ((id >= 4712218) AND (id <= 4712317))

table 8 : explain SELECT c FROM sbtest8 WHERE id BETWEEN 5826498 AND 5826597
	Index Scan using sbtest8_pkey on sbtest8  (cost=0.43..376.07 rows=94 width=121)
	  Index Cond: ((id >= 5826498) AND (id <= 5826597))

for: simple_ranges
table 1 : explain SELECT c FROM sbtest1 WHERE id BETWEEN 4783454 AND 4783553
	Index Scan using sbtest1_pkey on sbtest1  (cost=0.43..413.18 rows=103 width=121)
	  Index Cond: ((id >= 4783454) AND (id <= 4783553))

table 2 : explain SELECT c FROM sbtest2 WHERE id BETWEEN 3213496 AND 3213595
	Index Scan using sbtest2_pkey on sbtest2  (cost=0.43..405.32 rows=101 width=121)
	  Index Cond: ((id >= 3213496) AND (id <= 3213595))

table 3 : explain SELECT c FROM sbtest3 WHERE id BETWEEN 3123046 AND 3123145
	Index Scan using sbtest3_pkey on sbtest3  (cost=0.43..373.36 rows=93 width=121)
	  Index Cond: ((id >= 3123046) AND (id <= 3123145))

table 4 : explain SELECT c FROM sbtest4 WHERE id BETWEEN 2127853 AND 2127952
	Index Scan using sbtest4_pkey on sbtest4  (cost=0.43..412.10 rows=103 width=121)
	  Index Cond: ((id >= 2127853) AND (id <= 2127952))

table 5 : explain SELECT c FROM sbtest5 WHERE id BETWEEN 9669198 AND 9669297
	Index Scan using sbtest5_pkey on sbtest5  (cost=0.43..392.11 rows=98 width=121)
	  Index Cond: ((id >= 9669198) AND (id <= 9669297))

table 6 : explain SELECT c FROM sbtest6 WHERE id BETWEEN 5874936 AND 5875035
	Index Scan using sbtest6_pkey on sbtest6  (cost=0.43..419.54 rows=105 width=121)
	  Index Cond: ((id >= 5874936) AND (id <= 5875035))

table 7 : explain SELECT c FROM sbtest7 WHERE id BETWEEN 6912917 AND 6913016
	Index Scan using sbtest7_pkey on sbtest7  (cost=0.43..375.78 rows=94 width=121)
	  Index Cond: ((id >= 6912917) AND (id <= 6913016))

table 8 : explain SELECT c FROM sbtest8 WHERE id BETWEEN 9837285 AND 9837384
	Index Scan using sbtest8_pkey on sbtest8  (cost=0.43..368.16 rows=92 width=121)
	  Index Cond: ((id >= 9837285) AND (id <= 9837384))

for point_selects
table 1 : explain SELECT c FROM sbtest1 WHERE id=811948
	Index Scan using sbtest1_pkey on sbtest1  (cost=0.43..8.45 rows=1 width=121)
	  Index Cond: (id = 811948)

table 2 : explain SELECT c FROM sbtest2 WHERE id=9404703
	Index Scan using sbtest2_pkey on sbtest2  (cost=0.43..8.45 rows=1 width=121)
	  Index Cond: (id = 9404703)

table 3 : explain SELECT c FROM sbtest3 WHERE id=2185052
	Index Scan using sbtest3_pkey on sbtest3  (cost=0.43..8.45 rows=1 width=121)
	  Index Cond: (id = 2185052)

table 4 : explain SELECT c FROM sbtest4 WHERE id=8959445
	Index Scan using sbtest4_pkey on sbtest4  (cost=0.43..8.45 rows=1 width=121)
	  Index Cond: (id = 8959445)

table 5 : explain SELECT c FROM sbtest5 WHERE id=30640
	Index Scan using sbtest5_pkey on sbtest5  (cost=0.43..8.45 rows=1 width=121)
	  Index Cond: (id = 30640)

table 6 : explain SELECT c FROM sbtest6 WHERE id=5591786
	Index Scan using sbtest6_pkey on sbtest6  (cost=0.43..8.45 rows=1 width=121)
	  Index Cond: (id = 5591786)

table 7 : explain SELECT c FROM sbtest7 WHERE id=6500194
	Index Scan using sbtest7_pkey on sbtest7  (cost=0.43..8.45 rows=1 width=121)
	  Index Cond: (id = 6500194)

table 8 : explain SELECT c FROM sbtest8 WHERE id=3564091
	Index Scan using sbtest8_pkey on sbtest8  (cost=0.43..8.45 rows=1 width=121)
	  Index Cond: (id = 3564091)

for: distinct_ranges
table 1 : explain SELECT DISTINCT c FROM sbtest1 WHERE id BETWEEN 6439503 AND 6439602 ORDER BY c
	Unique  (cost=396.57..397.06 rows=98 width=121)
	  ->  Sort  (cost=396.57..396.81 rows=98 width=121)
	        Sort Key: c
	        ->  Index Scan using sbtest1_pkey on sbtest1  (cost=0.43..393.33 rows=98 width=121)
	              Index Cond: ((id >= 6439503) AND (id <= 6439602))

table 2 : explain SELECT DISTINCT c FROM sbtest2 WHERE id BETWEEN 5538206 AND 5538305 ORDER BY c
	Unique  (cost=440.75..441.30 rows=109 width=121)
	  ->  Sort  (cost=440.75..441.03 rows=109 width=121)
	        Sort Key: c
	        ->  Index Scan using sbtest2_pkey on sbtest2  (cost=0.43..437.07 rows=109 width=121)
	              Index Cond: ((id >= 5538206) AND (id <= 5538305))

table 3 : explain SELECT DISTINCT c FROM sbtest3 WHERE id BETWEEN 9137357 AND 9137456 ORDER BY c
	Unique  (cost=408.46..408.96 rows=101 width=121)
	  ->  Sort  (cost=408.46..408.71 rows=101 width=121)
	        Sort Key: c
	        ->  Index Scan using sbtest3_pkey on sbtest3  (cost=0.43..405.10 rows=101 width=121)
	              Index Cond: ((id >= 9137357) AND (id <= 9137456))

table 4 : explain SELECT DISTINCT c FROM sbtest4 WHERE id BETWEEN 6530128 AND 6530227 ORDER BY c
	Unique  (cost=415.54..416.05 rows=103 width=121)
	  ->  Sort  (cost=415.54..415.80 rows=103 width=121)
	        Sort Key: c
	        ->  Index Scan using sbtest4_pkey on sbtest4  (cost=0.43..412.10 rows=103 width=121)
	              Index Cond: ((id >= 6530128) AND (id <= 6530227))

table 5 : explain SELECT DISTINCT c FROM sbtest5 WHERE id BETWEEN 1598398 AND 1598497 ORDER BY c
	Unique  (cost=423.34..423.86 rows=105 width=121)
	  ->  Sort  (cost=423.34..423.60 rows=105 width=121)
	        Sort Key: c
	        ->  Index Scan using sbtest5_pkey on sbtest5  (cost=0.43..419.81 rows=105 width=121)
	              Index Cond: ((id >= 1598398) AND (id <= 1598497))

table 6 : explain SELECT DISTINCT c FROM sbtest6 WHERE id BETWEEN 7157850 AND 7157949 ORDER BY c
	Unique  (cost=387.11..387.59 rows=96 width=121)
	  ->  Sort  (cost=387.11..387.35 rows=96 width=121)
	        Sort Key: c
	        ->  Index Scan using sbtest6_pkey on sbtest6  (cost=0.43..383.95 rows=96 width=121)
	              Index Cond: ((id >= 7157850) AND (id <= 7157949))

table 7 : explain SELECT DISTINCT c FROM sbtest7 WHERE id BETWEEN 1808781 AND 1808880 ORDER BY c
	Unique  (cost=390.83..391.32 rows=97 width=121)
	  ->  Sort  (cost=390.83..391.07 rows=97 width=121)
	        Sort Key: c
	        ->  Index Scan using sbtest7_pkey on sbtest7  (cost=0.43..387.63 rows=97 width=121)
	              Index Cond: ((id >= 1808781) AND (id <= 1808880))

table 8 : explain SELECT DISTINCT c FROM sbtest8 WHERE id BETWEEN 4599666 AND 4599765 ORDER BY c
	Unique  (cost=407.12..407.62 rows=101 width=121)
	  ->  Sort  (cost=407.12..407.37 rows=101 width=121)
	        Sort Key: c
	        ->  Index Scan using sbtest8_pkey on sbtest8  (cost=0.43..403.75 rows=101 width=121)
	              Index Cond: ((id >= 4599666) AND (id <= 4599765))

for: distinct_ranges
table 1 : explain SELECT DISTINCT c FROM sbtest1 WHERE id BETWEEN 2895273 AND 2895372 ORDER BY c
	Unique  (cost=404.58..405.08 rows=100 width=121)
	  ->  Sort  (cost=404.58..404.83 rows=100 width=121)
	        Sort Key: c
	        ->  Index Scan using sbtest1_pkey on sbtest1  (cost=0.43..401.26 rows=100 width=121)
	              Index Cond: ((id >= 2895273) AND (id <= 2895372))

table 2 : explain SELECT DISTINCT c FROM sbtest2 WHERE id BETWEEN 8096306 AND 8096405 ORDER BY c
	Unique  (cost=428.73..429.26 rows=106 width=121)
	  ->  Sort  (cost=428.73..428.99 rows=106 width=121)
	        Sort Key: c
	        ->  Index Scan using sbtest2_pkey on sbtest2  (cost=0.43..425.16 rows=106 width=121)
	              Index Cond: ((id >= 8096306) AND (id <= 8096405))

table 3 : explain SELECT DISTINCT c FROM sbtest3 WHERE id BETWEEN 5354467 AND 5354566 ORDER BY c
	Unique  (cost=360.37..360.82 rows=89 width=121)
	  ->  Sort  (cost=360.37..360.60 rows=89 width=121)
	        Sort Key: c
	        ->  Index Scan using sbtest3_pkey on sbtest3  (cost=0.43..357.49 rows=89 width=121)
	              Index Cond: ((id >= 5354467) AND (id <= 5354566))

table 4 : explain SELECT DISTINCT c FROM sbtest4 WHERE id BETWEEN 4713506 AND 4713605 ORDER BY c
	Unique  (cost=383.55..384.02 rows=95 width=121)
	  ->  Sort  (cost=383.55..383.78 rows=95 width=121)
	        Sort Key: c
	        ->  Index Scan using sbtest4_pkey on sbtest4  (cost=0.43..380.43 rows=95 width=121)
	              Index Cond: ((id >= 4713506) AND (id <= 4713605))

table 5 : explain SELECT DISTINCT c FROM sbtest5 WHERE id BETWEEN 4798102 AND 4798201 ORDER BY c
	Unique  (cost=435.32..435.86 rows=108 width=121)
	  ->  Sort  (cost=435.32..435.59 rows=108 width=121)
	        Sort Key: c
	        ->  Index Scan using sbtest5_pkey on sbtest5  (cost=0.43..431.68 rows=108 width=121)
	              Index Cond: ((id >= 4798102) AND (id <= 4798201))

table 6 : explain SELECT DISTINCT c FROM sbtest6 WHERE id BETWEEN 6832483 AND 6832582 ORDER BY c
	Unique  (cost=423.07..423.59 rows=105 width=121)
	  ->  Sort  (cost=423.07..423.33 rows=105 width=121)
	        Sort Key: c
	        ->  Index Scan using sbtest6_pkey on sbtest6  (cost=0.43..419.54 rows=105 width=121)
	              Index Cond: ((id >= 6832483) AND (id <= 6832582))

table 7 : explain SELECT DISTINCT c FROM sbtest7 WHERE id BETWEEN 7857230 AND 7857329 ORDER BY c
	Unique  (cost=382.85..383.33 rows=95 width=121)
	  ->  Sort  (cost=382.85..383.09 rows=95 width=121)
	        Sort Key: c
	        ->  Index Scan using sbtest7_pkey on sbtest7  (cost=0.43..379.73 rows=95 width=121)
	              Index Cond: ((id >= 7857230) AND (id <= 7857329))

table 8 : explain SELECT DISTINCT c FROM sbtest8 WHERE id BETWEEN 9987979 AND 9988078 ORDER BY c
	Unique  (cost=391.14..391.63 rows=97 width=121)
	  ->  Sort  (cost=391.14..391.39 rows=97 width=121)
	        Sort Key: c
	        ->  Index Scan using sbtest8_pkey on sbtest8  (cost=0.43..387.94 rows=97 width=121)
	              Index Cond: ((id >= 9987979) AND (id <= 9988078))

for: order_ranges
table 1 : explain SELECT c FROM sbtest1 WHERE id BETWEEN 4717975 AND 4718074 ORDER BY c
	Sort  (cost=396.57..396.81 rows=98 width=121)
	  Sort Key: c
	  ->  Index Scan using sbtest1_pkey on sbtest1  (cost=0.43..393.33 rows=98 width=121)
	        Index Cond: ((id >= 4717975) AND (id <= 4718074))

table 2 : explain SELECT c FROM sbtest2 WHERE id BETWEEN 5197291 AND 5197390 ORDER BY c
	Sort  (cost=404.67..404.92 rows=100 width=121)
	  Sort Key: c
	  ->  Index Scan using sbtest2_pkey on sbtest2  (cost=0.43..401.35 rows=100 width=121)
	        Index Cond: ((id >= 5197291) AND (id <= 5197390))

table 3 : explain SELECT c FROM sbtest3 WHERE id BETWEEN 5322618 AND 5322717 ORDER BY c
	Sort  (cost=360.37..360.60 rows=89 width=121)
	  Sort Key: c
	  ->  Index Scan using sbtest3_pkey on sbtest3  (cost=0.43..357.49 rows=89 width=121)
	        Index Cond: ((id >= 5322618) AND (id <= 5322717))

table 4 : explain SELECT c FROM sbtest4 WHERE id BETWEEN 508960 AND 509059 ORDER BY c
	Sort  (cost=419.54..419.80 rows=104 width=121)
	  Sort Key: c
	  ->  Index Scan using sbtest4_pkey on sbtest4  (cost=0.43..416.05 rows=104 width=121)
	        Index Cond: ((id >= 508960) AND (id <= 509059))

table 5 : explain SELECT c FROM sbtest5 WHERE id BETWEEN 9110526 AND 9110625 ORDER BY c
	Sort  (cost=411.35..411.61 rows=102 width=121)
	  Sort Key: c
	  ->  Index Scan using sbtest5_pkey on sbtest5  (cost=0.43..407.95 rows=102 width=121)
	        Index Cond: ((id >= 9110526) AND (id <= 9110625))

table 6 : explain SELECT c FROM sbtest6 WHERE id BETWEEN 1188522 AND 1188621 ORDER BY c
	Sort  (cost=395.10..395.34 rows=98 width=121)
	  Sort Key: c
	  ->  Index Scan using sbtest6_pkey on sbtest6  (cost=0.43..391.86 rows=98 width=121)
	        Index Cond: ((id >= 1188522) AND (id <= 1188621))

table 7 : explain SELECT c FROM sbtest7 WHERE id BETWEEN 3236167 AND 3236266 ORDER BY c
	Sort  (cost=398.83..399.08 rows=99 width=121)
	  Sort Key: c
	  ->  Index Scan using sbtest7_pkey on sbtest7  (cost=0.43..395.55 rows=99 width=121)
	        Index Cond: ((id >= 3236167) AND (id <= 3236266))

table 8 : explain SELECT c FROM sbtest8 WHERE id BETWEEN 2919506 AND 2919605 ORDER BY c
	Sort  (cost=407.12..407.37 rows=101 width=121)
	  Sort Key: c
	  ->  Index Scan using sbtest8_pkey on sbtest8  (cost=0.43..403.75 rows=101 width=121)
	        Index Cond: ((id >= 2919506) AND (id <= 2919605))

for: order_ranges
table 1 : explain SELECT c FROM sbtest1 WHERE id BETWEEN 4611572 AND 4611671 ORDER BY c
	Sort  (cost=444.68..444.95 rows=110 width=121)
	  Sort Key: c
	  ->  Index Scan using sbtest1_pkey on sbtest1  (cost=0.43..440.95 rows=110 width=121)
	        Index Cond: ((id >= 4611572) AND (id <= 4611671))

table 2 : explain SELECT c FROM sbtest2 WHERE id BETWEEN 8488631 AND 8488730 ORDER BY c
	Sort  (cost=384.62..384.85 rows=95 width=121)
	  Sort Key: c
	  ->  Index Scan using sbtest2_pkey on sbtest2  (cost=0.43..381.50 rows=95 width=121)
	        Index Cond: ((id >= 8488631) AND (id <= 8488730))

table 3 : explain SELECT c FROM sbtest3 WHERE id BETWEEN 8285934 AND 8286033 ORDER BY c
	Sort  (cost=400.43..400.68 rows=99 width=121)
	  Sort Key: c
	  ->  Index Scan using sbtest3_pkey on sbtest3  (cost=0.43..397.15 rows=99 width=121)
	        Index Cond: ((id >= 8285934) AND (id <= 8286033))

table 4 : explain SELECT c FROM sbtest4 WHERE id BETWEEN 6367595 AND 6367694 ORDER BY c
	Sort  (cost=407.54..407.80 rows=101 width=121)
	  Sort Key: c
	  ->  Index Scan using sbtest4_pkey on sbtest4  (cost=0.43..404.18 rows=101 width=121)
	        Index Cond: ((id >= 6367595) AND (id <= 6367694))

table 5 : explain SELECT c FROM sbtest5 WHERE id BETWEEN 2071593 AND 2071692 ORDER BY c
	Sort  (cost=435.32..435.59 rows=108 width=121)
	  Sort Key: c
	  ->  Index Scan using sbtest5_pkey on sbtest5  (cost=0.43..431.68 rows=108 width=121)
	        Index Cond: ((id >= 2071593) AND (id <= 2071692))

table 6 : explain SELECT c FROM sbtest6 WHERE id BETWEEN 617394 AND 617493 ORDER BY c
	Sort  (cost=387.11..387.35 rows=96 width=121)
	  Sort Key: c
	  ->  Index Scan using sbtest6_pkey on sbtest6  (cost=0.43..383.95 rows=96 width=121)
	        Index Cond: ((id >= 617394) AND (id <= 617493))

table 7 : explain SELECT c FROM sbtest7 WHERE id BETWEEN 9928366 AND 9928465 ORDER BY c
	Sort  (cost=402.82..403.07 rows=100 width=121)
	  Sort Key: c
	  ->  Index Scan using sbtest7_pkey on sbtest7  (cost=0.43..399.50 rows=100 width=121)
	        Index Cond: ((id >= 9928366) AND (id <= 9928465))

table 8 : explain SELECT c FROM sbtest8 WHERE id BETWEEN 5850015 AND 5850114 ORDER BY c
	Sort  (cost=379.15..379.39 rows=94 width=121)
	  Sort Key: c
	  ->  Index Scan using sbtest8_pkey on sbtest8  (cost=0.43..376.07 rows=94 width=121)
	        Index Cond: ((id >= 5850015) AND (id <= 5850114))

for: distinct_ranges
table 1 : explain SELECT DISTINCT c FROM sbtest1 WHERE id BETWEEN 9733947 AND 9734046 ORDER BY c
	Unique  (cost=452.70..453.26 rows=112 width=121)
	  ->  Sort  (cost=452.70..452.98 rows=112 width=121)
	        Sort Key: c
	        ->  Index Scan using sbtest1_pkey on sbtest1  (cost=0.43..448.88 rows=112 width=121)
	              Index Cond: ((id >= 9733947) AND (id <= 9734046))

table 2 : explain SELECT DISTINCT c FROM sbtest2 WHERE id BETWEEN 6000805 AND 6000904 ORDER BY c
	Unique  (cost=384.62..385.09 rows=95 width=121)
	  ->  Sort  (cost=384.62..384.85 rows=95 width=121)
	        Sort Key: c
	        ->  Index Scan using sbtest2_pkey on sbtest2  (cost=0.43..381.50 rows=95 width=121)
	              Index Cond: ((id >= 6000805) AND (id <= 6000904))

table 3 : explain SELECT DISTINCT c FROM sbtest3 WHERE id BETWEEN 1368652 AND 1368751 ORDER BY c
	Unique  (cost=424.49..425.01 rows=105 width=121)
	  ->  Sort  (cost=424.49..424.75 rows=105 width=121)
	        Sort Key: c
	        ->  Index Scan using sbtest3_pkey on sbtest3  (cost=0.43..420.96 rows=105 width=121)
	              Index Cond: ((id >= 1368652) AND (id <= 1368751))

table 4 : explain SELECT DISTINCT c FROM sbtest4 WHERE id BETWEEN 9567412 AND 9567511 ORDER BY c
	Unique  (cost=391.54..392.03 rows=97 width=121)
	  ->  Sort  (cost=391.54..391.78 rows=97 width=121)
	        Sort Key: c
	        ->  Index Scan using sbtest4_pkey on sbtest4  (cost=0.43..388.34 rows=97 width=121)
	              Index Cond: ((id >= 9567412) AND (id <= 9567511))

table 5 : explain SELECT DISTINCT c FROM sbtest5 WHERE id BETWEEN 5158365 AND 5158464 ORDER BY c
	Unique  (cost=375.38..375.84 rows=93 width=121)
	  ->  Sort  (cost=375.38..375.61 rows=93 width=121)
	        Sort Key: c
	        ->  Index Scan using sbtest5_pkey on sbtest5  (cost=0.43..372.34 rows=93 width=121)
	              Index Cond: ((id >= 5158365) AND (id <= 5158464))

table 6 : explain SELECT DISTINCT c FROM sbtest6 WHERE id BETWEEN 5671628 AND 5671727 ORDER BY c
	Unique  (cost=391.11..391.59 rows=97 width=121)
	  ->  Sort  (cost=391.11..391.35 rows=97 width=121)
	        Sort Key: c
	        ->  Index Scan using sbtest6_pkey on sbtest6  (cost=0.43..387.91 rows=97 width=121)
	              Index Cond: ((id >= 5671628) AND (id <= 5671727))

table 7 : explain SELECT DISTINCT c FROM sbtest7 WHERE id BETWEEN 2964508 AND 2964607 ORDER BY c
	Unique  (cost=422.77..423.29 rows=105 width=121)
	  ->  Sort  (cost=422.77..423.03 rows=105 width=121)
	        Sort Key: c
	        ->  Index Scan using sbtest7_pkey on sbtest7  (cost=0.43..419.24 rows=105 width=121)
	              Index Cond: ((id >= 2964508) AND (id <= 2964607))

table 8 : explain SELECT DISTINCT c FROM sbtest8 WHERE id BETWEEN 3558406 AND 3558505 ORDER BY c
	Unique  (cost=451.04..451.60 rows=112 width=121)
	  ->  Sort  (cost=451.04..451.32 rows=112 width=121)
	        Sort Key: c
	        ->  Index Scan using sbtest8_pkey on sbtest8  (cost=0.43..447.23 rows=112 width=121)
	              Index Cond: ((id >= 3558406) AND (id <= 3558505))

for: distinct_ranges
table 1 : explain SELECT DISTINCT c FROM sbtest1 WHERE id BETWEEN 7333485 AND 7333584 ORDER BY c
	Unique  (cost=396.57..397.06 rows=98 width=121)
	  ->  Sort  (cost=396.57..396.81 rows=98 width=121)
	        Sort Key: c
	        ->  Index Scan using sbtest1_pkey on sbtest1  (cost=0.43..393.33 rows=98 width=121)
	              Index Cond: ((id >= 7333485) AND (id <= 7333584))

table 2 : explain SELECT DISTINCT c FROM sbtest2 WHERE id BETWEEN 5852444 AND 5852543 ORDER BY c
	Unique  (cost=396.64..397.13 rows=98 width=121)
	  ->  Sort  (cost=396.64..396.89 rows=98 width=121)
	        Sort Key: c
	        ->  Index Scan using sbtest2_pkey on sbtest2  (cost=0.43..393.40 rows=98 width=121)
	              Index Cond: ((id >= 5852444) AND (id <= 5852543))

table 3 : explain SELECT DISTINCT c FROM sbtest3 WHERE id BETWEEN 7738382 AND 7738481 ORDER BY c
	Unique  (cost=412.47..412.98 rows=102 width=121)
	  ->  Sort  (cost=412.47..412.72 rows=102 width=121)
	        Sort Key: c
	        ->  Index Scan using sbtest3_pkey on sbtest3  (cost=0.43..409.06 rows=102 width=121)
	              Index Cond: ((id >= 7738382) AND (id <= 7738481))

table 4 : explain SELECT DISTINCT c FROM sbtest4 WHERE id BETWEEN 9704400 AND 9704499 ORDER BY c
	Unique  (cost=391.54..392.03 rows=97 width=121)
	  ->  Sort  (cost=391.54..391.78 rows=97 width=121)
	        Sort Key: c
	        ->  Index Scan using sbtest4_pkey on sbtest4  (cost=0.43..388.34 rows=97 width=121)
	              Index Cond: ((id >= 9704400) AND (id <= 9704499))

table 5 : explain SELECT DISTINCT c FROM sbtest5 WHERE id BETWEEN 3140857 AND 3140956 ORDER BY c
	Unique  (cost=443.32..443.87 rows=110 width=121)
	  ->  Sort  (cost=443.32..443.59 rows=110 width=121)
	        Sort Key: c
	        ->  Index Scan using sbtest5_pkey on sbtest5  (cost=0.43..439.59 rows=110 width=121)
	              Index Cond: ((id >= 3140857) AND (id <= 3140956))

table 6 : explain SELECT DISTINCT c FROM sbtest6 WHERE id BETWEEN 9245939 AND 9246038 ORDER BY c
	Unique  (cost=399.11..399.60 rows=99 width=121)
	  ->  Sort  (cost=399.11..399.36 rows=99 width=121)
	        Sort Key: c
	        ->  Index Scan using sbtest6_pkey on sbtest6  (cost=0.43..395.83 rows=99 width=121)
	              Index Cond: ((id >= 9245939) AND (id <= 9246038))

table 7 : explain SELECT DISTINCT c FROM sbtest7 WHERE id BETWEEN 6837507 AND 6837606 ORDER BY c
	Unique  (cost=458.68..459.25 rows=114 width=121)
	  ->  Sort  (cost=458.68..458.97 rows=114 width=121)
	        Sort Key: c
	        ->  Index Scan using sbtest7_pkey on sbtest7  (cost=0.43..454.79 rows=114 width=121)
	              Index Cond: ((id >= 6837507) AND (id <= 6837606))

table 8 : explain SELECT DISTINCT c FROM sbtest8 WHERE id BETWEEN 640817 AND 640916 ORDER BY c
	Unique  (cost=411.11..411.62 rows=102 width=121)
	  ->  Sort  (cost=411.11..411.36 rows=102 width=121)
	        Sort Key: c
	        ->  Index Scan using sbtest8_pkey on sbtest8  (cost=0.43..407.71 rows=102 width=121)
	              Index Cond: ((id >= 640817) AND (id <= 640916))

for: sum_ranges
table 1 : explain SELECT SUM(k) FROM sbtest1 WHERE id BETWEEN 2149236 AND 2149335
	Aggregate  (cost=417.40..417.41 rows=1 width=8)
	  ->  Index Scan using sbtest1_pkey on sbtest1  (cost=0.43..417.14 rows=104 width=4)
	        Index Cond: ((id >= 2149236) AND (id <= 2149335))

table 2 : explain SELECT SUM(k) FROM sbtest2 WHERE id BETWEEN 4366194 AND 4366293
	Aggregate  (cost=377.76..377.77 rows=1 width=8)
	  ->  Index Scan using sbtest2_pkey on sbtest2  (cost=0.43..377.53 rows=94 width=4)
	        Index Cond: ((id >= 4366194) AND (id <= 4366293))

table 3 : explain SELECT SUM(k) FROM sbtest3 WHERE id BETWEEN 9037242 AND 9037341
	Aggregate  (cost=409.32..409.33 rows=1 width=8)
	  ->  Index Scan using sbtest3_pkey on sbtest3  (cost=0.43..409.06 rows=102 width=4)
	        Index Cond: ((id >= 9037242) AND (id <= 9037341))

table 4 : explain SELECT SUM(k) FROM sbtest4 WHERE id BETWEEN 4497012 AND 4497111
	Aggregate  (cost=372.74..372.75 rows=1 width=8)
	  ->  Index Scan using sbtest4_pkey on sbtest4  (cost=0.43..372.51 rows=93 width=4)
	        Index Cond: ((id >= 4497012) AND (id <= 4497111))

table 5 : explain SELECT SUM(k) FROM sbtest5 WHERE id BETWEEN 8570586 AND 8570685
	Aggregate  (cost=384.44..384.45 rows=1 width=8)
	  ->  Index Scan using sbtest5_pkey on sbtest5  (cost=0.43..384.20 rows=96 width=4)
	        Index Cond: ((id >= 8570586) AND (id <= 8570685))

table 6 : explain SELECT SUM(k) FROM sbtest6 WHERE id BETWEEN 5543548 AND 5543647
	Aggregate  (cost=384.19..384.20 rows=1 width=8)
	  ->  Index Scan using sbtest6_pkey on sbtest6  (cost=0.43..383.95 rows=96 width=4)
	        Index Cond: ((id >= 5543548) AND (id <= 5543647))

table 7 : explain SELECT SUM(k) FROM sbtest7 WHERE id BETWEEN 4514847 AND 4514946
	Aggregate  (cost=399.75..399.76 rows=1 width=8)
	  ->  Index Scan using sbtest7_pkey on sbtest7  (cost=0.43..399.50 rows=100 width=4)
	        Index Cond: ((id >= 4514847) AND (id <= 4514946))

table 8 : explain SELECT SUM(k) FROM sbtest8 WHERE id BETWEEN 2999657 AND 2999756
	Aggregate  (cost=404.01..404.02 rows=1 width=8)
	  ->  Index Scan using sbtest8_pkey on sbtest8  (cost=0.43..403.75 rows=101 width=4)
	        Index Cond: ((id >= 2999657) AND (id <= 2999756))

for: sum_ranges
table 1 : explain SELECT SUM(k) FROM sbtest1 WHERE id BETWEEN 4919897 AND 4919996
	Aggregate  (cost=425.34..425.35 rows=1 width=8)
	  ->  Index Scan using sbtest1_pkey on sbtest1  (cost=0.43..425.08 rows=106 width=4)
	        Index Cond: ((id >= 4919897) AND (id <= 4919996))

table 2 : explain SELECT SUM(k) FROM sbtest2 WHERE id BETWEEN 1133237 AND 1133336
	Aggregate  (cost=397.62..397.63 rows=1 width=8)
	  ->  Index Scan using sbtest2_pkey on sbtest2  (cost=0.43..397.37 rows=99 width=4)
	        Index Cond: ((id >= 1133237) AND (id <= 1133336))

table 3 : explain SELECT SUM(k) FROM sbtest3 WHERE id BETWEEN 4734955 AND 4735054
	Aggregate  (cost=417.26..417.27 rows=1 width=8)
	  ->  Index Scan using sbtest3_pkey on sbtest3  (cost=0.43..417.00 rows=104 width=4)
	        Index Cond: ((id >= 4734955) AND (id <= 4735054))

table 4 : explain SELECT SUM(k) FROM sbtest4 WHERE id BETWEEN 7780913 AND 7781012
	Aggregate  (cost=392.54..392.55 rows=1 width=8)
	  ->  Index Scan using sbtest4_pkey on sbtest4  (cost=0.43..392.30 rows=98 width=4)
	        Index Cond: ((id >= 7780913) AND (id <= 7781012))

table 5 : explain SELECT SUM(k) FROM sbtest5 WHERE id BETWEEN 9371729 AND 9371828
	Aggregate  (cost=424.03..424.04 rows=1 width=8)
	  ->  Index Scan using sbtest5_pkey on sbtest5  (cost=0.43..423.77 rows=106 width=4)
	        Index Cond: ((id >= 9371729) AND (id <= 9371828))

table 6 : explain SELECT SUM(k) FROM sbtest6 WHERE id BETWEEN 1834613 AND 1834712
	Aggregate  (cost=451.44..451.45 rows=1 width=8)
	  ->  Index Scan using sbtest6_pkey on sbtest6  (cost=0.43..451.16 rows=113 width=4)
	        Index Cond: ((id >= 1834613) AND (id <= 1834712))

table 7 : explain SELECT SUM(k) FROM sbtest7 WHERE id BETWEEN 6661949 AND 6662048
	Aggregate  (cost=391.84..391.85 rows=1 width=8)
	  ->  Index Scan using sbtest7_pkey on sbtest7  (cost=0.43..391.60 rows=98 width=4)
	        Index Cond: ((id >= 6661949) AND (id <= 6662048))

table 8 : explain SELECT SUM(k) FROM sbtest8 WHERE id BETWEEN 1593966 AND 1594065
	Aggregate  (cost=431.69..431.70 rows=1 width=8)
	  ->  Index Scan using sbtest8_pkey on sbtest8  (cost=0.43..431.42 rows=108 width=4)
	        Index Cond: ((id >= 1593966) AND (id <= 1594065))

for point_selects
table 1 : explain SELECT c FROM sbtest1 WHERE id=4611313
	Index Scan using sbtest1_pkey on sbtest1  (cost=0.43..8.45 rows=1 width=121)
	  Index Cond: (id = 4611313)

table 2 : explain SELECT c FROM sbtest2 WHERE id=5797853
	Index Scan using sbtest2_pkey on sbtest2  (cost=0.43..8.45 rows=1 width=121)
	  Index Cond: (id = 5797853)

table 3 : explain SELECT c FROM sbtest3 WHERE id=6726214
	Index Scan using sbtest3_pkey on sbtest3  (cost=0.43..8.45 rows=1 width=121)
	  Index Cond: (id = 6726214)

table 4 : explain SELECT c FROM sbtest4 WHERE id=1863364
	Index Scan using sbtest4_pkey on sbtest4  (cost=0.43..8.45 rows=1 width=121)
	  Index Cond: (id = 1863364)

table 5 : explain SELECT c FROM sbtest5 WHERE id=3720554
	Index Scan using sbtest5_pkey on sbtest5  (cost=0.43..8.45 rows=1 width=121)
	  Index Cond: (id = 3720554)

table 6 : explain SELECT c FROM sbtest6 WHERE id=1367660
	Index Scan using sbtest6_pkey on sbtest6  (cost=0.43..8.45 rows=1 width=121)
	  Index Cond: (id = 1367660)

table 7 : explain SELECT c FROM sbtest7 WHERE id=2633561
	Index Scan using sbtest7_pkey on sbtest7  (cost=0.43..8.45 rows=1 width=121)
	  Index Cond: (id = 2633561)

table 8 : explain SELECT c FROM sbtest8 WHERE id=8065724
	Index Scan using sbtest8_pkey on sbtest8  (cost=0.43..8.45 rows=1 width=121)
	  Index Cond: (id = 8065724)

for: distinct_ranges
table 1 : explain SELECT DISTINCT c FROM sbtest1 WHERE id BETWEEN 9784241 AND 9784340 ORDER BY c
	Unique  (cost=452.70..453.26 rows=112 width=121)
	  ->  Sort  (cost=452.70..452.98 rows=112 width=121)
	        Sort Key: c
	        ->  Index Scan using sbtest1_pkey on sbtest1  (cost=0.43..448.88 rows=112 width=121)
	              Index Cond: ((id >= 9784241) AND (id <= 9784340))

table 2 : explain SELECT DISTINCT c FROM sbtest2 WHERE id BETWEEN 4788835 AND 4788934 ORDER BY c
	Unique  (cost=404.66..405.16 rows=100 width=121)
	  ->  Sort  (cost=404.66..404.91 rows=100 width=121)
	        Sort Key: c
	        ->  Index Scan using sbtest2_pkey on sbtest2  (cost=0.43..401.34 rows=100 width=121)
	              Index Cond: ((id >= 4788835) AND (id <= 4788934))

table 3 : explain SELECT DISTINCT c FROM sbtest3 WHERE id BETWEEN 721350 AND 721449 ORDER BY c
	Unique  (cost=404.45..404.95 rows=100 width=121)
	  ->  Sort  (cost=404.45..404.70 rows=100 width=121)
	        Sort Key: c
	        ->  Index Scan using sbtest3_pkey on sbtest3  (cost=0.43..401.13 rows=100 width=121)
	              Index Cond: ((id >= 721350) AND (id <= 721449))

table 4 : explain SELECT DISTINCT c FROM sbtest4 WHERE id BETWEEN 2198703 AND 2198802 ORDER BY c
	Unique  (cost=415.54..416.05 rows=103 width=121)
	  ->  Sort  (cost=415.54..415.80 rows=103 width=121)
	        Sort Key: c
	        ->  Index Scan using sbtest4_pkey on sbtest4  (cost=0.43..412.10 rows=103 width=121)
	              Index Cond: ((id >= 2198703) AND (id <= 2198802))

table 5 : explain SELECT DISTINCT c FROM sbtest5 WHERE id BETWEEN 3084543 AND 3084642 ORDER BY c
	Unique  (cost=391.36..391.84 rows=97 width=121)
	  ->  Sort  (cost=391.36..391.60 rows=97 width=121)
	        Sort Key: c
	        ->  Index Scan using sbtest5_pkey on sbtest5  (cost=0.43..388.16 rows=97 width=121)
	              Index Cond: ((id >= 3084543) AND (id <= 3084642))

table 6 : explain SELECT DISTINCT c FROM sbtest6 WHERE id BETWEEN 9552944 AND 9553043 ORDER BY c
	Unique  (cost=395.10..395.59 rows=98 width=121)
	  ->  Sort  (cost=395.10..395.34 rows=98 width=121)
	        Sort Key: c
	        ->  Index Scan using sbtest6_pkey on sbtest6  (cost=0.43..391.86 rows=98 width=121)
	              Index Cond: ((id >= 9552944) AND (id <= 9553043))

table 7 : explain SELECT DISTINCT c FROM sbtest7 WHERE id BETWEEN 7714963 AND 7715062 ORDER BY c
	Unique  (cost=398.83..399.32 rows=99 width=121)
	  ->  Sort  (cost=398.83..399.08 rows=99 width=121)
	        Sort Key: c
	        ->  Index Scan using sbtest7_pkey on sbtest7  (cost=0.43..395.55 rows=99 width=121)
	              Index Cond: ((id >= 7714963) AND (id <= 7715062))

table 8 : explain SELECT DISTINCT c FROM sbtest8 WHERE id BETWEEN 2954407 AND 2954506 ORDER BY c
	Unique  (cost=407.12..407.62 rows=101 width=121)
	  ->  Sort  (cost=407.12..407.37 rows=101 width=121)
	        Sort Key: c
	        ->  Index Scan using sbtest8_pkey on sbtest8  (cost=0.43..403.75 rows=101 width=121)
	              Index Cond: ((id >= 2954407) AND (id <= 2954506))

for: distinct_ranges
table 1 : explain SELECT DISTINCT c FROM sbtest1 WHERE id BETWEEN 6460256 AND 6460355 ORDER BY c
	Unique  (cost=396.57..397.06 rows=98 width=121)
	  ->  Sort  (cost=396.57..396.81 rows=98 width=121)
	        Sort Key: c
	        ->  Index Scan using sbtest1_pkey on sbtest1  (cost=0.43..393.33 rows=98 width=121)
	              Index Cond: ((id >= 6460256) AND (id <= 6460355))

table 2 : explain SELECT DISTINCT c FROM sbtest2 WHERE id BETWEEN 9891837 AND 9891936 ORDER BY c
	Unique  (cost=404.66..405.16 rows=100 width=121)
	  ->  Sort  (cost=404.66..404.91 rows=100 width=121)
	        Sort Key: c
	        ->  Index Scan using sbtest2_pkey on sbtest2  (cost=0.43..401.34 rows=100 width=121)
	              Index Cond: ((id >= 9891837) AND (id <= 9891936))

table 3 : explain SELECT DISTINCT c FROM sbtest3 WHERE id BETWEEN 7341858 AND 7341957 ORDER BY c
	Unique  (cost=396.43..396.92 rows=98 width=121)
	  ->  Sort  (cost=396.43..396.67 rows=98 width=121)
	        Sort Key: c
	        ->  Index Scan using sbtest3_pkey on sbtest3  (cost=0.43..393.19 rows=98 width=121)
	              Index Cond: ((id >= 7341858) AND (id <= 7341957))

table 4 : explain SELECT DISTINCT c FROM sbtest4 WHERE id BETWEEN 6690152 AND 6690251 ORDER BY c
	Unique  (cost=355.57..356.01 rows=88 width=121)
	  ->  Sort  (cost=355.57..355.79 rows=88 width=121)
	        Sort Key: c
	        ->  Index Scan using sbtest4_pkey on sbtest4  (cost=0.43..352.73 rows=88 width=121)
	              Index Cond: ((id >= 6690152) AND (id <= 6690251))

table 5 : explain SELECT DISTINCT c FROM sbtest5 WHERE id BETWEEN 8772179 AND 8772278 ORDER BY c
	Unique  (cost=395.35..395.84 rows=98 width=121)
	  ->  Sort  (cost=395.35..395.60 rows=98 width=121)
	        Sort Key: c
	        ->  Index Scan using sbtest5_pkey on sbtest5  (cost=0.43..392.11 rows=98 width=121)
	              Index Cond: ((id >= 8772179) AND (id <= 8772278))

table 6 : explain SELECT DISTINCT c FROM sbtest6 WHERE id BETWEEN 4916206 AND 4916305 ORDER BY c
	Unique  (cost=367.15..367.61 rows=91 width=121)
	  ->  Sort  (cost=367.15..367.38 rows=91 width=121)
	        Sort Key: c
	        ->  Index Scan using sbtest6_pkey on sbtest6  (cost=0.43..364.19 rows=91 width=121)
	              Index Cond: ((id >= 4916206) AND (id <= 4916305))

table 7 : explain SELECT DISTINCT c FROM sbtest7 WHERE id BETWEEN 9246208 AND 9246307 ORDER BY c
	Unique  (cost=418.78..419.30 rows=104 width=121)
	  ->  Sort  (cost=418.78..419.04 rows=104 width=121)
	        Sort Key: c
	        ->  Index Scan using sbtest7_pkey on sbtest7  (cost=0.43..415.29 rows=104 width=121)
	              Index Cond: ((id >= 9246208) AND (id <= 9246307))

table 8 : explain SELECT DISTINCT c FROM sbtest8 WHERE id BETWEEN 9147622 AND 9147721 ORDER BY c
	Unique  (cost=407.12..407.62 rows=101 width=121)
	  ->  Sort  (cost=407.12..407.37 rows=101 width=121)
	        Sort Key: c
	        ->  Index Scan using sbtest8_pkey on sbtest8  (cost=0.43..403.75 rows=101 width=121)
	              Index Cond: ((id >= 9147622) AND (id <= 9147721))

for: distinct_ranges
table 1 : explain SELECT DISTINCT c FROM sbtest1 WHERE id BETWEEN 1803334 AND 1803433 ORDER BY c
	Unique  (cost=360.50..360.95 rows=89 width=121)
	  ->  Sort  (cost=360.50..360.72 rows=89 width=121)
	        Sort Key: c
	        ->  Index Scan using sbtest1_pkey on sbtest1  (cost=0.43..357.62 rows=89 width=121)
	              Index Cond: ((id >= 1803334) AND (id <= 1803433))

table 2 : explain SELECT DISTINCT c FROM sbtest2 WHERE id BETWEEN 2034337 AND 2034436 ORDER BY c
	Unique  (cost=400.65..401.15 rows=99 width=121)
	  ->  Sort  (cost=400.65..400.90 rows=99 width=121)
	        Sort Key: c
	        ->  Index Scan using sbtest2_pkey on sbtest2  (cost=0.43..397.37 rows=99 width=121)
	              Index Cond: ((id >= 2034337) AND (id <= 2034436))

table 3 : explain SELECT DISTINCT c FROM sbtest3 WHERE id BETWEEN 3522098 AND 3522197 ORDER BY c
	Unique  (cost=384.41..384.88 rows=95 width=121)
	  ->  Sort  (cost=384.41..384.65 rows=95 width=121)
	        Sort Key: c
	        ->  Index Scan using sbtest3_pkey on sbtest3  (cost=0.43..381.29 rows=95 width=121)
	              Index Cond: ((id >= 3522098) AND (id <= 3522197))

table 4 : explain SELECT DISTINCT c FROM sbtest4 WHERE id BETWEEN 6002569 AND 6002668 ORDER BY c
	Unique  (cost=395.54..396.03 rows=98 width=121)
	  ->  Sort  (cost=395.54..395.78 rows=98 width=121)
	        Sort Key: c
	        ->  Index Scan using sbtest4_pkey on sbtest4  (cost=0.43..392.30 rows=98 width=121)
	              Index Cond: ((id >= 6002569) AND (id <= 6002668))

table 5 : explain SELECT DISTINCT c FROM sbtest5 WHERE id BETWEEN 3553185 AND 3553284 ORDER BY c
	Unique  (cost=367.39..367.84 rows=91 width=121)
	  ->  Sort  (cost=367.39..367.62 rows=91 width=121)
	        Sort Key: c
	        ->  Index Scan using sbtest5_pkey on sbtest5  (cost=0.43..364.43 rows=91 width=121)
	              Index Cond: ((id >= 3553185) AND (id <= 3553284))

table 6 : explain SELECT DISTINCT c FROM sbtest6 WHERE id BETWEEN 1333894 AND 1333993 ORDER BY c
	Unique  (cost=407.09..407.60 rows=101 width=121)
	  ->  Sort  (cost=407.09..407.35 rows=101 width=121)
	        Sort Key: c
	        ->  Index Scan using sbtest6_pkey on sbtest6  (cost=0.43..403.73 rows=101 width=121)
	              Index Cond: ((id >= 1333894) AND (id <= 1333993))

table 7 : explain SELECT DISTINCT c FROM sbtest7 WHERE id BETWEEN 9040222 AND 9040321 ORDER BY c
	Unique  (cost=386.84..387.32 rows=96 width=121)
	  ->  Sort  (cost=386.84..387.08 rows=96 width=121)
	        Sort Key: c
	        ->  Index Scan using sbtest7_pkey on sbtest7  (cost=0.43..383.68 rows=96 width=121)
	              Index Cond: ((id >= 9040222) AND (id <= 9040321))

table 8 : explain SELECT DISTINCT c FROM sbtest8 WHERE id BETWEEN 5655869 AND 5655968 ORDER BY c
	Unique  (cost=375.16..375.62 rows=93 width=121)
	  ->  Sort  (cost=375.16..375.39 rows=93 width=121)
	        Sort Key: c
	        ->  Index Scan using sbtest8_pkey on sbtest8  (cost=0.43..372.12 rows=93 width=121)
	              Index Cond: ((id >= 5655869) AND (id <= 5655968))

for: distinct_ranges
table 1 : explain SELECT DISTINCT c FROM sbtest1 WHERE id BETWEEN 4340618 AND 4340717 ORDER BY c
	Unique  (cost=376.53..376.99 rows=93 width=121)
	  ->  Sort  (cost=376.53..376.76 rows=93 width=121)
	        Sort Key: c
	        ->  Index Scan using sbtest1_pkey on sbtest1  (cost=0.43..373.49 rows=93 width=121)
	              Index Cond: ((id >= 4340618) AND (id <= 4340717))

table 2 : explain SELECT DISTINCT c FROM sbtest2 WHERE id BETWEEN 8359218 AND 8359317 ORDER BY c
	Unique  (cost=392.63..393.12 rows=97 width=121)
	  ->  Sort  (cost=392.63..392.88 rows=97 width=121)
	        Sort Key: c
	        ->  Index Scan using sbtest2_pkey on sbtest2  (cost=0.43..389.43 rows=97 width=121)
	              Index Cond: ((id >= 8359218) AND (id <= 8359317))

table 3 : explain SELECT DISTINCT c FROM sbtest3 WHERE id BETWEEN 5018628 AND 5018727 ORDER BY c
	Unique  (cost=416.47..416.99 rows=103 width=121)
	  ->  Sort  (cost=416.47..416.73 rows=103 width=121)
	        Sort Key: c
	        ->  Index Scan using sbtest3_pkey on sbtest3  (cost=0.43..413.03 rows=103 width=121)
	              Index Cond: ((id >= 5018628) AND (id <= 5018727))

table 4 : explain SELECT DISTINCT c FROM sbtest4 WHERE id BETWEEN 6616843 AND 6616942 ORDER BY c
	Unique  (cost=355.57..356.01 rows=88 width=121)
	  ->  Sort  (cost=355.57..355.79 rows=88 width=121)
	        Sort Key: c
	        ->  Index Scan using sbtest4_pkey on sbtest4  (cost=0.43..352.73 rows=88 width=121)
	              Index Cond: ((id >= 6616843) AND (id <= 6616942))

table 5 : explain SELECT DISTINCT c FROM sbtest5 WHERE id BETWEEN 8755350 AND 8755449 ORDER BY c
	Unique  (cost=395.35..395.84 rows=98 width=121)
	  ->  Sort  (cost=395.35..395.60 rows=98 width=121)
	        Sort Key: c
	        ->  Index Scan using sbtest5_pkey on sbtest5  (cost=0.43..392.11 rows=98 width=121)
	              Index Cond: ((id >= 8755350) AND (id <= 8755449))

table 6 : explain SELECT DISTINCT c FROM sbtest6 WHERE id BETWEEN 5483031 AND 5483130 ORDER BY c
	Unique  (cost=395.10..395.59 rows=98 width=121)
	  ->  Sort  (cost=395.10..395.34 rows=98 width=121)
	        Sort Key: c
	        ->  Index Scan using sbtest6_pkey on sbtest6  (cost=0.43..391.86 rows=98 width=121)
	              Index Cond: ((id >= 5483031) AND (id <= 5483130))

table 7 : explain SELECT DISTINCT c FROM sbtest7 WHERE id BETWEEN 7158895 AND 7158994 ORDER BY c
	Unique  (cost=382.85..383.33 rows=95 width=121)
	  ->  Sort  (cost=382.85..383.09 rows=95 width=121)
	        Sort Key: c
	        ->  Index Scan using sbtest7_pkey on sbtest7  (cost=0.43..379.73 rows=95 width=121)
	              Index Cond: ((id >= 7158895) AND (id <= 7158994))

table 8 : explain SELECT DISTINCT c FROM sbtest8 WHERE id BETWEEN 7888350 AND 7888449 ORDER BY c
	Unique  (cost=451.04..451.60 rows=112 width=121)
	  ->  Sort  (cost=451.04..451.32 rows=112 width=121)
	        Sort Key: c
	        ->  Index Scan using sbtest8_pkey on sbtest8  (cost=0.43..447.23 rows=112 width=121)
	              Index Cond: ((id >= 7888350) AND (id <= 7888449))

for: simple_ranges
table 1 : explain SELECT c FROM sbtest1 WHERE id BETWEEN 4862448 AND 4862547
	Index Scan using sbtest1_pkey on sbtest1  (cost=0.43..425.08 rows=106 width=121)
	  Index Cond: ((id >= 4862448) AND (id <= 4862547))

table 2 : explain SELECT c FROM sbtest2 WHERE id BETWEEN 6339238 AND 6339337
	Index Scan using sbtest2_pkey on sbtest2  (cost=0.43..413.26 rows=103 width=121)
	  Index Cond: ((id >= 6339238) AND (id <= 6339337))

table 3 : explain SELECT c FROM sbtest3 WHERE id BETWEEN 4734540 AND 4734639
	Index Scan using sbtest3_pkey on sbtest3  (cost=0.43..417.00 rows=104 width=121)
	  Index Cond: ((id >= 4734540) AND (id <= 4734639))

table 4 : explain SELECT c FROM sbtest4 WHERE id BETWEEN 4998642 AND 4998741
	Index Scan using sbtest4_pkey on sbtest4  (cost=0.43..435.84 rows=109 width=121)
	  Index Cond: ((id >= 4998642) AND (id <= 4998741))

table 5 : explain SELECT c FROM sbtest5 WHERE id BETWEEN 1036865 AND 1036964
	Index Scan using sbtest5_pkey on sbtest5  (cost=0.43..423.77 rows=106 width=121)
	  Index Cond: ((id >= 1036865) AND (id <= 1036964))

table 6 : explain SELECT c FROM sbtest6 WHERE id BETWEEN 7975563 AND 7975662
	Index Scan using sbtest6_pkey on sbtest6  (cost=0.43..364.19 rows=91 width=121)
	  Index Cond: ((id >= 7975563) AND (id <= 7975662))

table 7 : explain SELECT c FROM sbtest7 WHERE id BETWEEN 7094622 AND 7094721
	Index Scan using sbtest7_pkey on sbtest7  (cost=0.43..379.73 rows=95 width=121)
	  Index Cond: ((id >= 7094622) AND (id <= 7094721))

table 8 : explain SELECT c FROM sbtest8 WHERE id BETWEEN 204104 AND 204203
	Index Scan using sbtest8_pkey on sbtest8  (cost=0.43..344.45 rows=86 width=121)
	  Index Cond: ((id >= 204104) AND (id <= 204203))

for: simple_ranges
table 1 : explain SELECT c FROM sbtest1 WHERE id BETWEEN 2084834 AND 2084933
	Index Scan using sbtest1_pkey on sbtest1  (cost=0.43..377.46 rows=94 width=121)
	  Index Cond: ((id >= 2084834) AND (id <= 2084933))

table 2 : explain SELECT c FROM sbtest2 WHERE id BETWEEN 3948340 AND 3948439
	Index Scan using sbtest2_pkey on sbtest2  (cost=0.43..409.29 rows=102 width=121)
	  Index Cond: ((id >= 3948340) AND (id <= 3948439))

table 3 : explain SELECT c FROM sbtest3 WHERE id BETWEEN 1012181 AND 1012280
	Index Scan using sbtest3_pkey on sbtest3  (cost=0.43..417.00 rows=104 width=121)
	  Index Cond: ((id >= 1012181) AND (id <= 1012280))

table 4 : explain SELECT c FROM sbtest4 WHERE id BETWEEN 6321122 AND 6321221
	Index Scan using sbtest4_pkey on sbtest4  (cost=0.43..404.18 rows=101 width=121)
	  Index Cond: ((id >= 6321122) AND (id <= 6321221))

table 5 : explain SELECT c FROM sbtest5 WHERE id BETWEEN 4414092 AND 4414191
	Index Scan using sbtest5_pkey on sbtest5  (cost=0.43..384.20 rows=96 width=121)
	  Index Cond: ((id >= 4414092) AND (id <= 4414191))

table 6 : explain SELECT c FROM sbtest6 WHERE id BETWEEN 3639446 AND 3639545
	Index Scan using sbtest6_pkey on sbtest6  (cost=0.43..360.24 rows=90 width=121)
	  Index Cond: ((id >= 3639446) AND (id <= 3639545))

table 7 : explain SELECT c FROM sbtest7 WHERE id BETWEEN 4421105 AND 4421204
	Index Scan using sbtest7_pkey on sbtest7  (cost=0.43..478.48 rows=120 width=121)
	  Index Cond: ((id >= 4421105) AND (id <= 4421204))

table 8 : explain SELECT c FROM sbtest8 WHERE id BETWEEN 7871397 AND 7871496
	Index Scan using sbtest8_pkey on sbtest8  (cost=0.43..447.23 rows=112 width=121)
	  Index Cond: ((id >= 7871397) AND (id <= 7871496))

for: order_ranges
table 1 : explain SELECT c FROM sbtest1 WHERE id BETWEEN 6405154 AND 6405253 ORDER BY c
	Sort  (cost=396.57..396.81 rows=98 width=121)
	  Sort Key: c
	  ->  Index Scan using sbtest1_pkey on sbtest1  (cost=0.43..393.33 rows=98 width=121)
	        Index Cond: ((id >= 6405154) AND (id <= 6405253))

table 2 : explain SELECT c FROM sbtest2 WHERE id BETWEEN 2099886 AND 2099985 ORDER BY c
	Sort  (cost=404.66..404.91 rows=100 width=121)
	  Sort Key: c
	  ->  Index Scan using sbtest2_pkey on sbtest2  (cost=0.43..401.34 rows=100 width=121)
	        Index Cond: ((id >= 2099886) AND (id <= 2099985))

table 3 : explain SELECT c FROM sbtest3 WHERE id BETWEEN 4967634 AND 4967733 ORDER BY c
	Sort  (cost=424.49..424.75 rows=105 width=121)
	  Sort Key: c
	  ->  Index Scan using sbtest3_pkey on sbtest3  (cost=0.43..420.96 rows=105 width=121)
	        Index Cond: ((id >= 4967634) AND (id <= 4967733))

table 4 : explain SELECT c FROM sbtest4 WHERE id BETWEEN 7964387 AND 7964486 ORDER BY c
	Sort  (cost=399.53..399.78 rows=99 width=121)
	  Sort Key: c
	  ->  Index Scan using sbtest4_pkey on sbtest4  (cost=0.43..396.25 rows=99 width=121)
	        Index Cond: ((id >= 7964387) AND (id <= 7964486))

table 5 : explain SELECT c FROM sbtest5 WHERE id BETWEEN 6264131 AND 6264230 ORDER BY c
	Sort  (cost=403.36..403.61 rows=100 width=121)
	  Sort Key: c
	  ->  Index Scan using sbtest5_pkey on sbtest5  (cost=0.43..400.04 rows=100 width=121)
	        Index Cond: ((id >= 6264131) AND (id <= 6264230))

table 6 : explain SELECT c FROM sbtest6 WHERE id BETWEEN 9826971 AND 9827070 ORDER BY c
	Sort  (cost=439.04..439.31 rows=109 width=121)
	  Sort Key: c
	  ->  Index Scan using sbtest6_pkey on sbtest6  (cost=0.43..435.35 rows=109 width=121)
	        Index Cond: ((id >= 9826971) AND (id <= 9827070))

table 7 : explain SELECT c FROM sbtest7 WHERE id BETWEEN 3104948 AND 3105047 ORDER BY c
	Sort  (cost=390.85..391.09 rows=97 width=121)
	  Sort Key: c
	  ->  Index Scan using sbtest7_pkey on sbtest7  (cost=0.43..387.65 rows=97 width=121)
	        Index Cond: ((id >= 3104948) AND (id <= 3105047))

table 8 : explain SELECT c FROM sbtest8 WHERE id BETWEEN 2688530 AND 2688629 ORDER BY c
	Sort  (cost=403.12..403.37 rows=100 width=121)
	  Sort Key: c
	  ->  Index Scan using sbtest8_pkey on sbtest8  (cost=0.43..399.80 rows=100 width=121)
	        Index Cond: ((id >= 2688530) AND (id <= 2688629))

for: order_ranges
table 1 : explain SELECT c FROM sbtest1 WHERE id BETWEEN 5891488 AND 5891587 ORDER BY c
	Sort  (cost=388.55..388.79 rows=96 width=121)
	  Sort Key: c
	  ->  Index Scan using sbtest1_pkey on sbtest1  (cost=0.43..385.39 rows=96 width=121)
	        Index Cond: ((id >= 5891488) AND (id <= 5891587))

table 2 : explain SELECT c FROM sbtest2 WHERE id BETWEEN 369741 AND 369840 ORDER BY c
	Sort  (cost=424.72..424.98 rows=105 width=121)
	  Sort Key: c
	  ->  Index Scan using sbtest2_pkey on sbtest2  (cost=0.43..421.19 rows=105 width=121)
	        Index Cond: ((id >= 369741) AND (id <= 369840))

table 3 : explain SELECT c FROM sbtest3 WHERE id BETWEEN 6569226 AND 6569325 ORDER BY c
	Sort  (cost=424.49..424.75 rows=105 width=121)
	  Sort Key: c
	  ->  Index Scan using sbtest3_pkey on sbtest3  (cost=0.43..420.96 rows=105 width=121)
	        Index Cond: ((id >= 6569226) AND (id <= 6569325))

table 4 : explain SELECT c FROM sbtest4 WHERE id BETWEEN 7873192 AND 7873291 ORDER BY c
	Sort  (cost=407.54..407.80 rows=101 width=121)
	  Sort Key: c
	  ->  Index Scan using sbtest4_pkey on sbtest4  (cost=0.43..404.18 rows=101 width=121)
	        Index Cond: ((id >= 7873192) AND (id <= 7873291))

table 5 : explain SELECT c FROM sbtest5 WHERE id BETWEEN 372736 AND 372835 ORDER BY c
	Sort  (cost=415.35..415.60 rows=103 width=121)
	  Sort Key: c
	  ->  Index Scan using sbtest5_pkey on sbtest5  (cost=0.43..411.90 rows=103 width=121)
	        Index Cond: ((id >= 372736) AND (id <= 372835))

table 6 : explain SELECT c FROM sbtest6 WHERE id BETWEEN 3360921 AND 3361020 ORDER BY c
	Sort  (cost=439.04..439.31 rows=109 width=121)
	  Sort Key: c
	  ->  Index Scan using sbtest6_pkey on sbtest6  (cost=0.43..435.35 rows=109 width=121)
	        Index Cond: ((id >= 3360921) AND (id <= 3361020))

table 7 : explain SELECT c FROM sbtest7 WHERE id BETWEEN 3803383 AND 3803482 ORDER BY c
	Sort  (cost=402.82..403.07 rows=100 width=121)
	  Sort Key: c
	  ->  Index Scan using sbtest7_pkey on sbtest7  (cost=0.43..399.50 rows=100 width=121)
	        Index Cond: ((id >= 3803383) AND (id <= 3803482))

table 8 : explain SELECT c FROM sbtest8 WHERE id BETWEEN 956619 AND 956718 ORDER BY c
	Sort  (cost=387.14..387.38 rows=96 width=121)
	  Sort Key: c
	  ->  Index Scan using sbtest8_pkey on sbtest8  (cost=0.43..383.97 rows=96 width=121)
	        Index Cond: ((id >= 956619) AND (id <= 956718))

for: simple_ranges
table 1 : explain SELECT c FROM sbtest1 WHERE id BETWEEN 2451569 AND 2451668
	Index Scan using sbtest1_pkey on sbtest1  (cost=0.43..357.62 rows=89 width=121)
	  Index Cond: ((id >= 2451569) AND (id <= 2451668))

table 2 : explain SELECT c FROM sbtest2 WHERE id BETWEEN 6489749 AND 6489848
	Index Scan using sbtest2_pkey on sbtest2  (cost=0.43..448.97 rows=112 width=121)
	  Index Cond: ((id >= 6489749) AND (id <= 6489848))

table 3 : explain SELECT c FROM sbtest3 WHERE id BETWEEN 775400 AND 775499
	Index Scan using sbtest3_pkey on sbtest3  (cost=0.43..401.13 rows=100 width=121)
	  Index Cond: ((id >= 775400) AND (id <= 775499))

table 4 : explain SELECT c FROM sbtest4 WHERE id BETWEEN 9240610 AND 9240709
	Index Scan using sbtest4_pkey on sbtest4  (cost=0.43..439.79 rows=110 width=121)
	  Index Cond: ((id >= 9240610) AND (id <= 9240709))

table 5 : explain SELECT c FROM sbtest5 WHERE id BETWEEN 8731225 AND 8731324
	Index Scan using sbtest5_pkey on sbtest5  (cost=0.43..392.11 rows=98 width=121)
	  Index Cond: ((id >= 8731225) AND (id <= 8731324))

table 6 : explain SELECT c FROM sbtest6 WHERE id BETWEEN 2493231 AND 2493330
	Index Scan using sbtest6_pkey on sbtest6  (cost=0.43..399.78 rows=100 width=121)
	  Index Cond: ((id >= 2493231) AND (id <= 2493330))

table 7 : explain SELECT c FROM sbtest7 WHERE id BETWEEN 906628 AND 906727
	Index Scan using sbtest7_pkey on sbtest7  (cost=0.43..403.44 rows=101 width=121)
	  Index Cond: ((id >= 906628) AND (id <= 906727))

table 8 : explain SELECT c FROM sbtest8 WHERE id BETWEEN 8947398 AND 8947497
	Index Scan using sbtest8_pkey on sbtest8  (cost=0.43..368.16 rows=92 width=121)
	  Index Cond: ((id >= 8947398) AND (id <= 8947497))

for: sum_ranges
table 1 : explain SELECT SUM(k) FROM sbtest1 WHERE id BETWEEN 3048697 AND 3048796
	Aggregate  (cost=405.48..405.49 rows=1 width=8)
	  ->  Index Scan using sbtest1_pkey on sbtest1  (cost=0.43..405.23 rows=101 width=4)
	        Index Cond: ((id >= 3048697) AND (id <= 3048796))

table 2 : explain SELECT SUM(k) FROM sbtest2 WHERE id BETWEEN 4870005 AND 4870104
	Aggregate  (cost=445.28..445.29 rows=1 width=8)
	  ->  Index Scan using sbtest2_pkey on sbtest2  (cost=0.43..445.00 rows=111 width=4)
	        Index Cond: ((id >= 4870005) AND (id <= 4870104))

table 3 : explain SELECT SUM(k) FROM sbtest3 WHERE id BETWEEN 1200195 AND 1200294
	Aggregate  (cost=397.40..397.41 rows=1 width=8)
	  ->  Index Scan using sbtest3_pkey on sbtest3  (cost=0.43..397.15 rows=99 width=4)
	        Index Cond: ((id >= 1200195) AND (id <= 1200294))

table 4 : explain SELECT SUM(k) FROM sbtest4 WHERE id BETWEEN 846641 AND 846740
	Aggregate  (cost=424.23..424.24 rows=1 width=8)
	  ->  Index Scan using sbtest4_pkey on sbtest4  (cost=0.43..423.97 rows=106 width=4)
	        Index Cond: ((id >= 846641) AND (id <= 846740))

table 5 : explain SELECT SUM(k) FROM sbtest5 WHERE id BETWEEN 1352106 AND 1352205
	Aggregate  (cost=412.16..412.17 rows=1 width=8)
	  ->  Index Scan using sbtest5_pkey on sbtest5  (cost=0.43..411.90 rows=103 width=4)
	        Index Cond: ((id >= 1352106) AND (id <= 1352205))

table 6 : explain SELECT SUM(k) FROM sbtest6 WHERE id BETWEEN 8553372 AND 8553471
	Aggregate  (cost=423.76..423.77 rows=1 width=8)
	  ->  Index Scan using sbtest6_pkey on sbtest6  (cost=0.43..423.49 rows=106 width=4)
	        Index Cond: ((id >= 8553372) AND (id <= 8553471))

table 7 : explain SELECT SUM(k) FROM sbtest7 WHERE id BETWEEN 6920752 AND 6920851
	Aggregate  (cost=376.02..376.03 rows=1 width=8)
	  ->  Index Scan using sbtest7_pkey on sbtest7  (cost=0.43..375.78 rows=94 width=4)
	        Index Cond: ((id >= 6920752) AND (id <= 6920851))

table 8 : explain SELECT SUM(k) FROM sbtest8 WHERE id BETWEEN 2448970 AND 2449069
	Aggregate  (cost=411.92..411.93 rows=1 width=8)
	  ->  Index Scan using sbtest8_pkey on sbtest8  (cost=0.43..411.66 rows=103 width=4)
	        Index Cond: ((id >= 2448970) AND (id <= 2449069))

for point_selects
table 1 : explain SELECT c FROM sbtest1 WHERE id=457338
	Index Scan using sbtest1_pkey on sbtest1  (cost=0.43..8.45 rows=1 width=121)
	  Index Cond: (id = 457338)

table 2 : explain SELECT c FROM sbtest2 WHERE id=9939468
	Index Scan using sbtest2_pkey on sbtest2  (cost=0.43..8.45 rows=1 width=121)
	  Index Cond: (id = 9939468)

table 3 : explain SELECT c FROM sbtest3 WHERE id=4867670
	Index Scan using sbtest3_pkey on sbtest3  (cost=0.43..8.45 rows=1 width=121)
	  Index Cond: (id = 4867670)

table 4 : explain SELECT c FROM sbtest4 WHERE id=3228058
	Index Scan using sbtest4_pkey on sbtest4  (cost=0.43..8.45 rows=1 width=121)
	  Index Cond: (id = 3228058)

table 5 : explain SELECT c FROM sbtest5 WHERE id=3469782
	Index Scan using sbtest5_pkey on sbtest5  (cost=0.43..8.45 rows=1 width=121)
	  Index Cond: (id = 3469782)

table 6 : explain SELECT c FROM sbtest6 WHERE id=6742960
	Index Scan using sbtest6_pkey on sbtest6  (cost=0.43..8.45 rows=1 width=121)
	  Index Cond: (id = 6742960)

table 7 : explain SELECT c FROM sbtest7 WHERE id=5081249
	Index Scan using sbtest7_pkey on sbtest7  (cost=0.43..8.45 rows=1 width=121)
	  Index Cond: (id = 5081249)

table 8 : explain SELECT c FROM sbtest8 WHERE id=7902342
	Index Scan using sbtest8_pkey on sbtest8  (cost=0.43..8.45 rows=1 width=121)
	  Index Cond: (id = 7902342)

for: distinct_ranges
table 1 : explain SELECT DISTINCT c FROM sbtest1 WHERE id BETWEEN 1314029 AND 1314128 ORDER BY c
	Unique  (cost=396.57..397.06 rows=98 width=121)
	  ->  Sort  (cost=396.57..396.81 rows=98 width=121)
	        Sort Key: c
	        ->  Index Scan using sbtest1_pkey on sbtest1  (cost=0.43..393.33 rows=98 width=121)
	              Index Cond: ((id >= 1314029) AND (id <= 1314128))

table 2 : explain SELECT DISTINCT c FROM sbtest2 WHERE id BETWEEN 4595998 AND 4596097 ORDER BY c
	Unique  (cost=388.63..389.11 rows=96 width=121)
	  ->  Sort  (cost=388.63..388.87 rows=96 width=121)
	        Sort Key: c
	        ->  Index Scan using sbtest2_pkey on sbtest2  (cost=0.43..385.46 rows=96 width=121)
	              Index Cond: ((id >= 4595998) AND (id <= 4596097))

table 3 : explain SELECT DISTINCT c FROM sbtest3 WHERE id BETWEEN 1969657 AND 1969756 ORDER BY c
	Unique  (cost=376.40..376.86 rows=93 width=121)
	  ->  Sort  (cost=376.40..376.63 rows=93 width=121)
	        Sort Key: c
	        ->  Index Scan using sbtest3_pkey on sbtest3  (cost=0.43..373.36 rows=93 width=121)
	              Index Cond: ((id >= 1969657) AND (id <= 1969756))

table 4 : explain SELECT DISTINCT c FROM sbtest4 WHERE id BETWEEN 2255159 AND 2255258 ORDER BY c
	Unique  (cost=383.55..384.02 rows=95 width=121)
	  ->  Sort  (cost=383.55..383.78 rows=95 width=121)
	        Sort Key: c
	        ->  Index Scan using sbtest4_pkey on sbtest4  (cost=0.43..380.43 rows=95 width=121)
	              Index Cond: ((id >= 2255159) AND (id <= 2255258))

table 5 : explain SELECT DISTINCT c FROM sbtest5 WHERE id BETWEEN 6465223 AND 6465322 ORDER BY c
	Unique  (cost=467.29..467.87 rows=116 width=121)
	  ->  Sort  (cost=467.29..467.58 rows=116 width=121)
	        Sort Key: c
	        ->  Index Scan using sbtest5_pkey on sbtest5  (cost=0.43..463.32 rows=116 width=121)
	              Index Cond: ((id >= 6465223) AND (id <= 6465322))

table 6 : explain SELECT DISTINCT c FROM sbtest6 WHERE id BETWEEN 3603653 AND 3603752 ORDER BY c
	Unique  (cost=363.16..363.61 rows=90 width=121)
	  ->  Sort  (cost=363.16..363.39 rows=90 width=121)
	        Sort Key: c
	        ->  Index Scan using sbtest6_pkey on sbtest6  (cost=0.43..360.24 rows=90 width=121)
	              Index Cond: ((id >= 3603653) AND (id <= 3603752))

table 7 : explain SELECT DISTINCT c FROM sbtest7 WHERE id BETWEEN 8474717 AND 8474816 ORDER BY c
	Unique  (cost=430.75..431.28 rows=107 width=121)
	  ->  Sort  (cost=430.75..431.02 rows=107 width=121)
	        Sort Key: c
	        ->  Index Scan using sbtest7_pkey on sbtest7  (cost=0.43..427.14 rows=107 width=121)
	              Index Cond: ((id >= 8474717) AND (id <= 8474816))

table 8 : explain SELECT DISTINCT c FROM sbtest8 WHERE id BETWEEN 9094677 AND 9094776 ORDER BY c
	Unique  (cost=407.12..407.62 rows=101 width=121)
	  ->  Sort  (cost=407.12..407.37 rows=101 width=121)
	        Sort Key: c
	        ->  Index Scan using sbtest8_pkey on sbtest8  (cost=0.43..403.75 rows=101 width=121)
	              Index Cond: ((id >= 9094677) AND (id <= 9094776))

for: order_ranges
table 1 : explain SELECT c FROM sbtest1 WHERE id BETWEEN 4946988 AND 4947087 ORDER BY c
	Sort  (cost=352.49..352.70 rows=87 width=121)
	  Sort Key: c
	  ->  Index Scan using sbtest1_pkey on sbtest1  (cost=0.43..349.68 rows=87 width=121)
	        Index Cond: ((id >= 4946988) AND (id <= 4947087))

table 2 : explain SELECT c FROM sbtest2 WHERE id BETWEEN 398062 AND 398161 ORDER BY c
	Sort  (cost=400.65..400.90 rows=99 width=121)
	  Sort Key: c
	  ->  Index Scan using sbtest2_pkey on sbtest2  (cost=0.43..397.37 rows=99 width=121)
	        Index Cond: ((id >= 398062) AND (id <= 398161))

table 3 : explain SELECT c FROM sbtest3 WHERE id BETWEEN 2308460 AND 2308559 ORDER BY c
	Sort  (cost=376.40..376.63 rows=93 width=121)
	  Sort Key: c
	  ->  Index Scan using sbtest3_pkey on sbtest3  (cost=0.43..373.36 rows=93 width=121)
	        Index Cond: ((id >= 2308460) AND (id <= 2308559))

table 4 : explain SELECT c FROM sbtest4 WHERE id BETWEEN 8192439 AND 8192538 ORDER BY c
	Sort  (cost=435.53..435.80 rows=108 width=121)
	  Sort Key: c
	  ->  Index Scan using sbtest4_pkey on sbtest4  (cost=0.43..431.88 rows=108 width=121)
	        Index Cond: ((id >= 8192439) AND (id <= 8192538))

table 5 : explain SELECT c FROM sbtest5 WHERE id BETWEEN 5693062 AND 5693161 ORDER BY c
	Sort  (cost=419.34..419.60 rows=104 width=121)
	  Sort Key: c
	  ->  Index Scan using sbtest5_pkey on sbtest5  (cost=0.43..415.86 rows=104 width=121)
	        Index Cond: ((id >= 5693062) AND (id <= 5693161))

table 6 : explain SELECT c FROM sbtest6 WHERE id BETWEEN 5823175 AND 5823274 ORDER BY c
	Sort  (cost=383.12..383.36 rows=95 width=121)
	  Sort Key: c
	  ->  Index Scan using sbtest6_pkey on sbtest6  (cost=0.43..380.00 rows=95 width=121)
	        Index Cond: ((id >= 5823175) AND (id <= 5823274))

table 7 : explain SELECT c FROM sbtest7 WHERE id BETWEEN 5349539 AND 5349638 ORDER BY c
	Sort  (cost=398.83..399.08 rows=99 width=121)
	  Sort Key: c
	  ->  Index Scan using sbtest7_pkey on sbtest7  (cost=0.43..395.55 rows=99 width=121)
	        Index Cond: ((id >= 5349539) AND (id <= 5349638))

table 8 : explain SELECT c FROM sbtest8 WHERE id BETWEEN 4092814 AND 4092913 ORDER BY c
	Sort  (cost=399.13..399.38 rows=99 width=121)
	  Sort Key: c
	  ->  Index Scan using sbtest8_pkey on sbtest8  (cost=0.43..395.85 rows=99 width=121)
	        Index Cond: ((id >= 4092814) AND (id <= 4092913))

for: sum_ranges
table 1 : explain SELECT SUM(k) FROM sbtest1 WHERE id BETWEEN 6541592 AND 6541691
	Aggregate  (cost=417.40..417.41 rows=1 width=8)
	  ->  Index Scan using sbtest1_pkey on sbtest1  (cost=0.43..417.14 rows=104 width=4)
	        Index Cond: ((id >= 6541592) AND (id <= 6541691))

table 2 : explain SELECT SUM(k) FROM sbtest2 WHERE id BETWEEN 8987174 AND 8987273
	Aggregate  (cost=377.76..377.77 rows=1 width=8)
	  ->  Index Scan using sbtest2_pkey on sbtest2  (cost=0.43..377.53 rows=94 width=4)
	        Index Cond: ((id >= 8987174) AND (id <= 8987273))

table 3 : explain SELECT SUM(k) FROM sbtest3 WHERE id BETWEEN 8279686 AND 8279785
	Aggregate  (cost=397.40..397.41 rows=1 width=8)
	  ->  Index Scan using sbtest3_pkey on sbtest3  (cost=0.43..397.15 rows=99 width=4)
	        Index Cond: ((id >= 8279686) AND (id <= 8279785))

table 4 : explain SELECT SUM(k) FROM sbtest4 WHERE id BETWEEN 5141251 AND 5141350
	Aggregate  (cost=388.58..388.59 rows=1 width=8)
	  ->  Index Scan using sbtest4_pkey on sbtest4  (cost=0.43..388.34 rows=97 width=4)
	        Index Cond: ((id >= 5141251) AND (id <= 5141350))

table 5 : explain SELECT SUM(k) FROM sbtest5 WHERE id BETWEEN 4856339 AND 4856438
	Aggregate  (cost=396.33..396.34 rows=1 width=8)
	  ->  Index Scan using sbtest5_pkey on sbtest5  (cost=0.43..396.08 rows=99 width=4)
	        Index Cond: ((id >= 4856339) AND (id <= 4856438))

table 6 : explain SELECT SUM(k) FROM sbtest6 WHERE id BETWEEN 6661933 AND 6662032
	Aggregate  (cost=372.33..372.34 rows=1 width=8)
	  ->  Index Scan using sbtest6_pkey on sbtest6  (cost=0.43..372.10 rows=93 width=4)
	        Index Cond: ((id >= 6661933) AND (id <= 6662032))

table 7 : explain SELECT SUM(k) FROM sbtest7 WHERE id BETWEEN 2867861 AND 2867960
	Aggregate  (cost=419.50..419.51 rows=1 width=8)
	  ->  Index Scan using sbtest7_pkey on sbtest7  (cost=0.43..419.24 rows=105 width=4)
	        Index Cond: ((id >= 2867861) AND (id <= 2867960))

table 8 : explain SELECT SUM(k) FROM sbtest8 WHERE id BETWEEN 7260909 AND 7261008
	Aggregate  (cost=435.65..435.66 rows=1 width=8)
	  ->  Index Scan using sbtest8_pkey on sbtest8  (cost=0.43..435.37 rows=109 width=4)
	        Index Cond: ((id >= 7260909) AND (id <= 7261008))

for: sum_ranges
table 1 : explain SELECT SUM(k) FROM sbtest1 WHERE id BETWEEN 4794753 AND 4794852
	Aggregate  (cost=413.43..413.44 rows=1 width=8)
	  ->  Index Scan using sbtest1_pkey on sbtest1  (cost=0.43..413.18 rows=103 width=4)
	        Index Cond: ((id >= 4794753) AND (id <= 4794852))

table 2 : explain SELECT SUM(k) FROM sbtest2 WHERE id BETWEEN 3116181 AND 3116280
	Aggregate  (cost=409.54..409.55 rows=1 width=8)
	  ->  Index Scan using sbtest2_pkey on sbtest2  (cost=0.43..409.29 rows=102 width=4)
	        Index Cond: ((id >= 3116181) AND (id <= 3116280))

table 3 : explain SELECT SUM(k) FROM sbtest3 WHERE id BETWEEN 6414002 AND 6414101
	Aggregate  (cost=409.32..409.33 rows=1 width=8)
	  ->  Index Scan using sbtest3_pkey on sbtest3  (cost=0.43..409.06 rows=102 width=4)
	        Index Cond: ((id >= 6414002) AND (id <= 6414101))

table 4 : explain SELECT SUM(k) FROM sbtest4 WHERE id BETWEEN 1204918 AND 1205017
	Aggregate  (cost=400.48..400.49 rows=1 width=8)
	  ->  Index Scan using sbtest4_pkey on sbtest4  (cost=0.43..400.23 rows=100 width=4)
	        Index Cond: ((id >= 1204918) AND (id <= 1205017))

table 5 : explain SELECT SUM(k) FROM sbtest5 WHERE id BETWEEN 2148146 AND 2148245
	Aggregate  (cost=392.36..392.37 rows=1 width=8)
	  ->  Index Scan using sbtest5_pkey on sbtest5  (cost=0.43..392.11 rows=98 width=4)
	        Index Cond: ((id >= 2148146) AND (id <= 2148245))

table 6 : explain SELECT SUM(k) FROM sbtest6 WHERE id BETWEEN 9011619 AND 9011718
	Aggregate  (cost=451.44..451.45 rows=1 width=8)
	  ->  Index Scan using sbtest6_pkey on sbtest6  (cost=0.43..451.16 rows=113 width=4)
	        Index Cond: ((id >= 9011619) AND (id <= 9011718))

table 7 : explain SELECT SUM(k) FROM sbtest7 WHERE id BETWEEN 9315737 AND 9315836
	Aggregate  (cost=376.02..376.03 rows=1 width=8)
	  ->  Index Scan using sbtest7_pkey on sbtest7  (cost=0.43..375.78 rows=94 width=4)
	        Index Cond: ((id >= 9315737) AND (id <= 9315836))

table 8 : explain SELECT SUM(k) FROM sbtest8 WHERE id BETWEEN 3882426 AND 3882525
	Aggregate  (cost=407.96..407.97 rows=1 width=8)
	  ->  Index Scan using sbtest8_pkey on sbtest8  (cost=0.43..407.71 rows=102 width=4)
	        Index Cond: ((id >= 3882426) AND (id <= 3882525))

for: distinct_ranges
table 1 : explain SELECT DISTINCT c FROM sbtest1 WHERE id BETWEEN 5722708 AND 5722807 ORDER BY c
	Unique  (cost=416.62..417.14 rows=103 width=121)
	  ->  Sort  (cost=416.62..416.88 rows=103 width=121)
	        Sort Key: c
	        ->  Index Scan using sbtest1_pkey on sbtest1  (cost=0.43..413.18 rows=103 width=121)
	              Index Cond: ((id >= 5722708) AND (id <= 5722807))

table 2 : explain SELECT DISTINCT c FROM sbtest2 WHERE id BETWEEN 1185619 AND 1185718 ORDER BY c
	Unique  (cost=392.63..393.12 rows=97 width=121)
	  ->  Sort  (cost=392.63..392.88 rows=97 width=121)
	        Sort Key: c
	        ->  Index Scan using sbtest2_pkey on sbtest2  (cost=0.43..389.43 rows=97 width=121)
	              Index Cond: ((id >= 1185619) AND (id <= 1185718))

table 3 : explain SELECT DISTINCT c FROM sbtest3 WHERE id BETWEEN 5384339 AND 5384438 ORDER BY c
	Unique  (cost=392.42..392.91 rows=97 width=121)
	  ->  Sort  (cost=392.42..392.66 rows=97 width=121)
	        Sort Key: c
	        ->  Index Scan using sbtest3_pkey on sbtest3  (cost=0.43..389.22 rows=97 width=121)
	              Index Cond: ((id >= 5384339) AND (id <= 5384438))

table 4 : explain SELECT DISTINCT c FROM sbtest4 WHERE id BETWEEN 845762 AND 845861 ORDER BY c
	Unique  (cost=427.53..428.06 rows=106 width=121)
	  ->  Sort  (cost=427.53..427.80 rows=106 width=121)
	        Sort Key: c
	        ->  Index Scan using sbtest4_pkey on sbtest4  (cost=0.43..423.97 rows=106 width=121)
	              Index Cond: ((id >= 845762) AND (id <= 845861))

table 5 : explain SELECT DISTINCT c FROM sbtest5 WHERE id BETWEEN 4917922 AND 4918021 ORDER BY c
	Unique  (cost=399.36..399.86 rows=99 width=121)
	  ->  Sort  (cost=399.36..399.61 rows=99 width=121)
	        Sort Key: c
	        ->  Index Scan using sbtest5_pkey on sbtest5  (cost=0.43..396.08 rows=99 width=121)
	              Index Cond: ((id >= 4917922) AND (id <= 4918021))

table 6 : explain SELECT DISTINCT c FROM sbtest6 WHERE id BETWEEN 7323116 AND 7323215 ORDER BY c
	Unique  (cost=403.10..403.60 rows=100 width=121)
	  ->  Sort  (cost=403.10..403.35 rows=100 width=121)
	        Sort Key: c
	        ->  Index Scan using sbtest6_pkey on sbtest6  (cost=0.43..399.78 rows=100 width=121)
	              Index Cond: ((id >= 7323116) AND (id <= 7323215))

table 7 : explain SELECT DISTINCT c FROM sbtest7 WHERE id BETWEEN 1484700 AND 1484799 ORDER BY c
	Unique  (cost=382.85..383.33 rows=95 width=121)
	  ->  Sort  (cost=382.85..383.09 rows=95 width=121)
	        Sort Key: c
	        ->  Index Scan using sbtest7_pkey on sbtest7  (cost=0.43..379.73 rows=95 width=121)
	              Index Cond: ((id >= 1484700) AND (id <= 1484799))

table 8 : explain SELECT DISTINCT c FROM sbtest8 WHERE id BETWEEN 3271311 AND 3271410 ORDER BY c
	Unique  (cost=423.09..423.61 rows=105 width=121)
	  ->  Sort  (cost=423.09..423.35 rows=105 width=121)
	        Sort Key: c
	        ->  Index Scan using sbtest8_pkey on sbtest8  (cost=0.43..419.56 rows=105 width=121)
	              Index Cond: ((id >= 3271311) AND (id <= 3271410))

for: simple_ranges
table 1 : explain SELECT c FROM sbtest1 WHERE id BETWEEN 1706727 AND 1706826
	Index Scan using sbtest1_pkey on sbtest1  (cost=0.43..357.62 rows=89 width=121)
	  Index Cond: ((id >= 1706727) AND (id <= 1706826))

table 2 : explain SELECT c FROM sbtest2 WHERE id BETWEEN 3329015 AND 3329114
	Index Scan using sbtest2_pkey on sbtest2  (cost=0.43..397.37 rows=99 width=121)
	  Index Cond: ((id >= 3329015) AND (id <= 3329114))

table 3 : explain SELECT c FROM sbtest3 WHERE id BETWEEN 6011463 AND 6011562
	Index Scan using sbtest3_pkey on sbtest3  (cost=0.43..413.03 rows=103 width=121)
	  Index Cond: ((id >= 6011463) AND (id <= 6011562))

table 4 : explain SELECT c FROM sbtest4 WHERE id BETWEEN 9209111 AND 9209210
	Index Scan using sbtest4_pkey on sbtest4  (cost=0.43..439.79 rows=110 width=121)
	  Index Cond: ((id >= 9209111) AND (id <= 9209210))

table 5 : explain SELECT c FROM sbtest5 WHERE id BETWEEN 7887303 AND 7887402
	Index Scan using sbtest5_pkey on sbtest5  (cost=0.43..372.34 rows=93 width=121)
	  Index Cond: ((id >= 7887303) AND (id <= 7887402))

table 6 : explain SELECT c FROM sbtest6 WHERE id BETWEEN 173484 AND 173583
	Index Scan using sbtest6_pkey on sbtest6  (cost=0.43..435.35 rows=109 width=121)
	  Index Cond: ((id >= 173484) AND (id <= 173583))

table 7 : explain SELECT c FROM sbtest7 WHERE id BETWEEN 5558659 AND 5558758
	Index Scan using sbtest7_pkey on sbtest7  (cost=0.43..336.29 rows=84 width=121)
	  Index Cond: ((id >= 5558659) AND (id <= 5558758))

table 8 : explain SELECT c FROM sbtest8 WHERE id BETWEEN 812528 AND 812627
	Index Scan using sbtest8_pkey on sbtest8  (cost=0.43..391.90 rows=98 width=121)
	  Index Cond: ((id >= 812528) AND (id <= 812627))

for: distinct_ranges
table 1 : explain SELECT DISTINCT c FROM sbtest1 WHERE id BETWEEN 4446505 AND 4446604 ORDER BY c
	Unique  (cost=396.57..397.06 rows=98 width=121)
	  ->  Sort  (cost=396.57..396.81 rows=98 width=121)
	        Sort Key: c
	        ->  Index Scan using sbtest1_pkey on sbtest1  (cost=0.43..393.33 rows=98 width=121)
	              Index Cond: ((id >= 4446505) AND (id <= 4446604))

table 2 : explain SELECT DISTINCT c FROM sbtest2 WHERE id BETWEEN 6165461 AND 6165560 ORDER BY c
	Unique  (cost=416.70..417.21 rows=103 width=121)
	  ->  Sort  (cost=416.70..416.96 rows=103 width=121)
	        Sort Key: c
	        ->  Index Scan using sbtest2_pkey on sbtest2  (cost=0.43..413.26 rows=103 width=121)
	              Index Cond: ((id >= 6165461) AND (id <= 6165560))

table 3 : explain SELECT DISTINCT c FROM sbtest3 WHERE id BETWEEN 5005291 AND 5005390 ORDER BY c
	Unique  (cost=416.47..416.99 rows=103 width=121)
	  ->  Sort  (cost=416.47..416.73 rows=103 width=121)
	        Sort Key: c
	        ->  Index Scan using sbtest3_pkey on sbtest3  (cost=0.43..413.03 rows=103 width=121)
	              Index Cond: ((id >= 5005291) AND (id <= 5005390))

table 4 : explain SELECT DISTINCT c FROM sbtest4 WHERE id BETWEEN 1939283 AND 1939382 ORDER BY c
	Unique  (cost=399.55..400.05 rows=99 width=121)
	  ->  Sort  (cost=399.55..399.80 rows=99 width=121)
	        Sort Key: c
	        ->  Index Scan using sbtest4_pkey on sbtest4  (cost=0.43..396.27 rows=99 width=121)
	              Index Cond: ((id >= 1939283) AND (id <= 1939382))

table 5 : explain SELECT DISTINCT c FROM sbtest5 WHERE id BETWEEN 1761233 AND 1761332 ORDER BY c
	Unique  (cost=399.36..399.86 rows=99 width=121)
	  ->  Sort  (cost=399.36..399.61 rows=99 width=121)
	        Sort Key: c
	        ->  Index Scan using sbtest5_pkey on sbtest5  (cost=0.43..396.08 rows=99 width=121)
	              Index Cond: ((id >= 1761233) AND (id <= 1761332))

table 6 : explain SELECT DISTINCT c FROM sbtest6 WHERE id BETWEEN 8707836 AND 8707935 ORDER BY c
	Unique  (cost=403.10..403.60 rows=100 width=121)
	  ->  Sort  (cost=403.10..403.35 rows=100 width=121)
	        Sort Key: c
	        ->  Index Scan using sbtest6_pkey on sbtest6  (cost=0.43..399.78 rows=100 width=121)
	              Index Cond: ((id >= 8707836) AND (id <= 8707935))

table 7 : explain SELECT DISTINCT c FROM sbtest7 WHERE id BETWEEN 2698877 AND 2698976 ORDER BY c
	Unique  (cost=410.80..411.31 rows=102 width=121)
	  ->  Sort  (cost=410.80..411.05 rows=102 width=121)
	        Sort Key: c
	        ->  Index Scan using sbtest7_pkey on sbtest7  (cost=0.43..407.39 rows=102 width=121)
	              Index Cond: ((id >= 2698877) AND (id <= 2698976))

table 8 : explain SELECT DISTINCT c FROM sbtest8 WHERE id BETWEEN 8614379 AND 8614478 ORDER BY c
	Unique  (cost=379.15..379.62 rows=94 width=121)
	  ->  Sort  (cost=379.15..379.39 rows=94 width=121)
	        Sort Key: c
	        ->  Index Scan using sbtest8_pkey on sbtest8  (cost=0.43..376.07 rows=94 width=121)
	              Index Cond: ((id >= 8614379) AND (id <= 8614478))

for: distinct_ranges
table 1 : explain SELECT DISTINCT c FROM sbtest1 WHERE id BETWEEN 9227439 AND 9227538 ORDER BY c
	Unique  (cost=404.58..405.08 rows=100 width=121)
	  ->  Sort  (cost=404.58..404.83 rows=100 width=121)
	        Sort Key: c
	        ->  Index Scan using sbtest1_pkey on sbtest1  (cost=0.43..401.26 rows=100 width=121)
	              Index Cond: ((id >= 9227439) AND (id <= 9227538))

table 2 : explain SELECT DISTINCT c FROM sbtest2 WHERE id BETWEEN 6297405 AND 6297504 ORDER BY c
	Unique  (cost=416.70..417.21 rows=103 width=121)
	  ->  Sort  (cost=416.70..416.96 rows=103 width=121)
	        Sort Key: c
	        ->  Index Scan using sbtest2_pkey on sbtest2  (cost=0.43..413.26 rows=103 width=121)
	              Index Cond: ((id >= 6297405) AND (id <= 6297504))

table 3 : explain SELECT DISTINCT c FROM sbtest3 WHERE id BETWEEN 6307366 AND 6307465 ORDER BY c
	Unique  (cost=400.43..400.93 rows=99 width=121)
	  ->  Sort  (cost=400.43..400.68 rows=99 width=121)
	        Sort Key: c
	        ->  Index Scan using sbtest3_pkey on sbtest3  (cost=0.43..397.15 rows=99 width=121)
	              Index Cond: ((id >= 6307366) AND (id <= 6307465))

table 4 : explain SELECT DISTINCT c FROM sbtest4 WHERE id BETWEEN 473136 AND 473235 ORDER BY c
	Unique  (cost=427.53..428.06 rows=106 width=121)
	  ->  Sort  (cost=427.53..427.80 rows=106 width=121)
	        Sort Key: c
	        ->  Index Scan using sbtest4_pkey on sbtest4  (cost=0.43..423.97 rows=106 width=121)
	              Index Cond: ((id >= 473136) AND (id <= 473235))

table 5 : explain SELECT DISTINCT c FROM sbtest5 WHERE id BETWEEN 6297036 AND 6297135 ORDER BY c
	Unique  (cost=375.38..375.84 rows=93 width=121)
	  ->  Sort  (cost=375.38..375.61 rows=93 width=121)
	        Sort Key: c
	        ->  Index Scan using sbtest5_pkey on sbtest5  (cost=0.43..372.34 rows=93 width=121)
	              Index Cond: ((id >= 6297036) AND (id <= 6297135))

table 6 : explain SELECT DISTINCT c FROM sbtest6 WHERE id BETWEEN 9421939 AND 9422038 ORDER BY c
	Unique  (cost=407.09..407.60 rows=101 width=121)
	  ->  Sort  (cost=407.09..407.35 rows=101 width=121)
	        Sort Key: c
	        ->  Index Scan using sbtest6_pkey on sbtest6  (cost=0.43..403.73 rows=101 width=121)
	              Index Cond: ((id >= 9421939) AND (id <= 9422038))

table 7 : explain SELECT DISTINCT c FROM sbtest7 WHERE id BETWEEN 4498427 AND 4498526 ORDER BY c
	Unique  (cost=402.82..403.32 rows=100 width=121)
	  ->  Sort  (cost=402.82..403.07 rows=100 width=121)
	        Sort Key: c
	        ->  Index Scan using sbtest7_pkey on sbtest7  (cost=0.43..399.50 rows=100 width=121)
	              Index Cond: ((id >= 4498427) AND (id <= 4498526))

table 8 : explain SELECT DISTINCT c FROM sbtest8 WHERE id BETWEEN 3824745 AND 3824844 ORDER BY c
	Unique  (cost=379.15..379.62 rows=94 width=121)
	  ->  Sort  (cost=379.15..379.39 rows=94 width=121)
	        Sort Key: c
	        ->  Index Scan using sbtest8_pkey on sbtest8  (cost=0.43..376.07 rows=94 width=121)
	              Index Cond: ((id >= 3824745) AND (id <= 3824844))

for: order_ranges
table 1 : explain SELECT c FROM sbtest1 WHERE id BETWEEN 8139961 AND 8140060 ORDER BY c
	Sort  (cost=440.67..440.94 rows=109 width=121)
	  Sort Key: c
	  ->  Index Scan using sbtest1_pkey on sbtest1  (cost=0.43..436.98 rows=109 width=121)
	        Index Cond: ((id >= 8139961) AND (id <= 8140060))

table 2 : explain SELECT c FROM sbtest2 WHERE id BETWEEN 3189381 AND 3189480 ORDER BY c
	Sort  (cost=408.68..408.93 rows=101 width=121)
	  Sort Key: c
	  ->  Index Scan using sbtest2_pkey on sbtest2  (cost=0.43..405.32 rows=101 width=121)
	        Index Cond: ((id >= 3189381) AND (id <= 3189480))

table 3 : explain SELECT c FROM sbtest3 WHERE id BETWEEN 3856612 AND 3856711 ORDER BY c
	Sort  (cost=424.49..424.75 rows=105 width=121)
	  Sort Key: c
	  ->  Index Scan using sbtest3_pkey on sbtest3  (cost=0.43..420.96 rows=105 width=121)
	        Index Cond: ((id >= 3856612) AND (id <= 3856711))

table 4 : explain SELECT c FROM sbtest4 WHERE id BETWEEN 4722809 AND 4722908 ORDER BY c
	Sort  (cost=383.55..383.78 rows=95 width=121)
	  Sort Key: c
	  ->  Index Scan using sbtest4_pkey on sbtest4  (cost=0.43..380.43 rows=95 width=121)
	        Index Cond: ((id >= 4722809) AND (id <= 4722908))

table 5 : explain SELECT c FROM sbtest5 WHERE id BETWEEN 641387 AND 641486 ORDER BY c
	Sort  (cost=399.36..399.61 rows=99 width=121)
	  Sort Key: c
	  ->  Index Scan using sbtest5_pkey on sbtest5  (cost=0.43..396.08 rows=99 width=121)
	        Index Cond: ((id >= 641387) AND (id <= 641486))

table 6 : explain SELECT c FROM sbtest6 WHERE id BETWEEN 3430012 AND 3430111 ORDER BY c
	Sort  (cost=419.07..419.33 rows=104 width=121)
	  Sort Key: c
	  ->  Index Scan using sbtest6_pkey on sbtest6  (cost=0.43..415.59 rows=104 width=121)
	        Index Cond: ((id >= 3430012) AND (id <= 3430111))

table 7 : explain SELECT c FROM sbtest7 WHERE id BETWEEN 5462527 AND 5462626 ORDER BY c
	Sort  (cost=402.82..403.07 rows=100 width=121)
	  Sort Key: c
	  ->  Index Scan using sbtest7_pkey on sbtest7  (cost=0.43..399.50 rows=100 width=121)
	        Index Cond: ((id >= 5462527) AND (id <= 5462626))

table 8 : explain SELECT c FROM sbtest8 WHERE id BETWEEN 2611457 AND 2611556 ORDER BY c
	Sort  (cost=403.12..403.37 rows=100 width=121)
	  Sort Key: c
	  ->  Index Scan using sbtest8_pkey on sbtest8  (cost=0.43..399.80 rows=100 width=121)
	        Index Cond: ((id >= 2611457) AND (id <= 2611556))

for: order_ranges
table 1 : explain SELECT c FROM sbtest1 WHERE id BETWEEN 7136417 AND 7136516 ORDER BY c
	Sort  (cost=440.67..440.94 rows=109 width=121)
	  Sort Key: c
	  ->  Index Scan using sbtest1_pkey on sbtest1  (cost=0.43..436.98 rows=109 width=121)
	        Index Cond: ((id >= 7136417) AND (id <= 7136516))

table 2 : explain SELECT c FROM sbtest2 WHERE id BETWEEN 8099872 AND 8099971 ORDER BY c
	Sort  (cost=428.73..428.99 rows=106 width=121)
	  Sort Key: c
	  ->  Index Scan using sbtest2_pkey on sbtest2  (cost=0.43..425.16 rows=106 width=121)
	        Index Cond: ((id >= 8099872) AND (id <= 8099971))

table 3 : explain SELECT c FROM sbtest3 WHERE id BETWEEN 3414307 AND 3414406 ORDER BY c
	Sort  (cost=380.40..380.64 rows=94 width=121)
	  Sort Key: c
	  ->  Index Scan using sbtest3_pkey on sbtest3  (cost=0.43..377.32 rows=94 width=121)
	        Index Cond: ((id >= 3414307) AND (id <= 3414406))

table 4 : explain SELECT c FROM sbtest4 WHERE id BETWEEN 1415444 AND 1415543 ORDER BY c
	Sort  (cost=379.55..379.78 rows=94 width=121)
	  Sort Key: c
	  ->  Index Scan using sbtest4_pkey on sbtest4  (cost=0.43..376.47 rows=94 width=121)
	        Index Cond: ((id >= 1415444) AND (id <= 1415543))

table 5 : explain SELECT c FROM sbtest5 WHERE id BETWEEN 4559146 AND 4559245 ORDER BY c
	Sort  (cost=427.33..427.60 rows=106 width=121)
	  Sort Key: c
	  ->  Index Scan using sbtest5_pkey on sbtest5  (cost=0.43..423.77 rows=106 width=121)
	        Index Cond: ((id >= 4559146) AND (id <= 4559245))

table 6 : explain SELECT c FROM sbtest6 WHERE id BETWEEN 2938146 AND 2938245 ORDER BY c
	Sort  (cost=443.03..443.31 rows=110 width=121)
	  Sort Key: c
	  ->  Index Scan using sbtest6_pkey on sbtest6  (cost=0.43..439.30 rows=110 width=121)
	        Index Cond: ((id >= 2938146) AND (id <= 2938245))

table 7 : explain SELECT c FROM sbtest7 WHERE id BETWEEN 6886674 AND 6886773 ORDER BY c
	Sort  (cost=378.86..379.10 rows=94 width=121)
	  Sort Key: c
	  ->  Index Scan using sbtest7_pkey on sbtest7  (cost=0.43..375.78 rows=94 width=121)
	        Index Cond: ((id >= 6886674) AND (id <= 6886773))

table 8 : explain SELECT c FROM sbtest8 WHERE id BETWEEN 9900099 AND 9900198 ORDER BY c
	Sort  (cost=391.14..391.39 rows=97 width=121)
	  Sort Key: c
	  ->  Index Scan using sbtest8_pkey on sbtest8  (cost=0.43..387.94 rows=97 width=121)
	        Index Cond: ((id >= 9900099) AND (id <= 9900198))

for point_selects
table 1 : explain SELECT c FROM sbtest1 WHERE id=250728
	Index Scan using sbtest1_pkey on sbtest1  (cost=0.43..8.45 rows=1 width=121)
	  Index Cond: (id = 250728)

table 2 : explain SELECT c FROM sbtest2 WHERE id=1837511
	Index Scan using sbtest2_pkey on sbtest2  (cost=0.43..8.45 rows=1 width=121)
	  Index Cond: (id = 1837511)

table 3 : explain SELECT c FROM sbtest3 WHERE id=9425292
	Index Scan using sbtest3_pkey on sbtest3  (cost=0.43..8.45 rows=1 width=121)
	  Index Cond: (id = 9425292)

table 4 : explain SELECT c FROM sbtest4 WHERE id=2816426
	Index Scan using sbtest4_pkey on sbtest4  (cost=0.43..8.45 rows=1 width=121)
	  Index Cond: (id = 2816426)

table 5 : explain SELECT c FROM sbtest5 WHERE id=4728203
	Index Scan using sbtest5_pkey on sbtest5  (cost=0.43..8.45 rows=1 width=121)
	  Index Cond: (id = 4728203)

table 6 : explain SELECT c FROM sbtest6 WHERE id=1465519
	Index Scan using sbtest6_pkey on sbtest6  (cost=0.43..8.45 rows=1 width=121)
	  Index Cond: (id = 1465519)

table 7 : explain SELECT c FROM sbtest7 WHERE id=6975167
	Index Scan using sbtest7_pkey on sbtest7  (cost=0.43..8.45 rows=1 width=121)
	  Index Cond: (id = 6975167)

table 8 : explain SELECT c FROM sbtest8 WHERE id=5727261
	Index Scan using sbtest8_pkey on sbtest8  (cost=0.43..8.45 rows=1 width=121)
	  Index Cond: (id = 5727261)

for: sum_ranges
table 1 : explain SELECT SUM(k) FROM sbtest1 WHERE id BETWEEN 6736818 AND 6736917
	Aggregate  (cost=429.31..429.32 rows=1 width=8)
	  ->  Index Scan using sbtest1_pkey on sbtest1  (cost=0.43..429.05 rows=107 width=4)
	        Index Cond: ((id >= 6736818) AND (id <= 6736917))

table 2 : explain SELECT SUM(k) FROM sbtest2 WHERE id BETWEEN 8092211 AND 8092310
	Aggregate  (cost=425.43..425.44 rows=1 width=8)
	  ->  Index Scan using sbtest2_pkey on sbtest2  (cost=0.43..425.16 rows=106 width=4)
	        Index Cond: ((id >= 8092211) AND (id <= 8092310))

table 3 : explain SELECT SUM(k) FROM sbtest3 WHERE id BETWEEN 1692689 AND 1692788
	Aggregate  (cost=405.35..405.36 rows=1 width=8)
	  ->  Index Scan using sbtest3_pkey on sbtest3  (cost=0.43..405.10 rows=101 width=4)
	        Index Cond: ((id >= 1692689) AND (id <= 1692788))

table 4 : explain SELECT SUM(k) FROM sbtest4 WHERE id BETWEEN 7433367 AND 7433466
	Aggregate  (cost=384.62..384.63 rows=1 width=8)
	  ->  Index Scan using sbtest4_pkey on sbtest4  (cost=0.43..384.38 rows=96 width=4)
	        Index Cond: ((id >= 7433367) AND (id <= 7433466))

table 5 : explain SELECT SUM(k) FROM sbtest5 WHERE id BETWEEN 1484286 AND 1484385
	Aggregate  (cost=396.33..396.34 rows=1 width=8)
	  ->  Index Scan using sbtest5_pkey on sbtest5  (cost=0.43..396.08 rows=99 width=4)
	        Index Cond: ((id >= 1484286) AND (id <= 1484385))

table 6 : explain SELECT SUM(k) FROM sbtest6 WHERE id BETWEEN 8821229 AND 8821328
	Aggregate  (cost=415.85..415.86 rows=1 width=8)
	  ->  Index Scan using sbtest6_pkey on sbtest6  (cost=0.43..415.59 rows=104 width=4)
	        Index Cond: ((id >= 8821229) AND (id <= 8821328))

table 7 : explain SELECT SUM(k) FROM sbtest7 WHERE id BETWEEN 7563539 AND 7563638
	Aggregate  (cost=387.87..387.88 rows=1 width=8)
	  ->  Index Scan using sbtest7_pkey on sbtest7  (cost=0.43..387.63 rows=97 width=4)
	        Index Cond: ((id >= 7563539) AND (id <= 7563638))

table 8 : explain SELECT SUM(k) FROM sbtest8 WHERE id BETWEEN 7294725 AND 7294824
	Aggregate  (cost=407.96..407.97 rows=1 width=8)
	  ->  Index Scan using sbtest8_pkey on sbtest8  (cost=0.43..407.71 rows=102 width=4)
	        Index Cond: ((id >= 7294725) AND (id <= 7294824))

explain: for point_selects :: explain SELECT c FROM sbtest%u WHERE id=%u
for: order_ranges
table 1 : explain SELECT c FROM sbtest1 WHERE id BETWEEN 5232427 AND 5232526 ORDER BY c
	Sort  (cost=368.52..368.74 rows=91 width=121)
	  Sort Key: c
	  ->  Index Scan using sbtest1_pkey on sbtest1  (cost=0.43..365.55 rows=91 width=121)
	        Index Cond: ((id >= 5232427) AND (id <= 5232526))

table 2 : explain SELECT c FROM sbtest2 WHERE id BETWEEN 4310316 AND 4310415 ORDER BY c
	Sort  (cost=400.65..400.90 rows=99 width=121)
	  Sort Key: c
	  ->  Index Scan using sbtest2_pkey on sbtest2  (cost=0.43..397.37 rows=99 width=121)
	        Index Cond: ((id >= 4310316) AND (id <= 4310415))

table 3 : explain SELECT c FROM sbtest3 WHERE id BETWEEN 3162633 AND 3162732 ORDER BY c
	Sort  (cost=376.40..376.63 rows=93 width=121)
	  Sort Key: c
	  ->  Index Scan using sbtest3_pkey on sbtest3  (cost=0.43..373.36 rows=93 width=121)
	        Index Cond: ((id >= 3162633) AND (id <= 3162732))

table 4 : explain SELECT c FROM sbtest4 WHERE id BETWEEN 1075518 AND 1075617 ORDER BY c
	Sort  (cost=387.54..387.78 rows=96 width=121)
	  Sort Key: c
	  ->  Index Scan using sbtest4_pkey on sbtest4  (cost=0.43..384.38 rows=96 width=121)
	        Index Cond: ((id >= 1075518) AND (id <= 1075617))

table 5 : explain SELECT c FROM sbtest5 WHERE id BETWEEN 3001023 AND 3001122 ORDER BY c
	Sort  (cost=391.36..391.60 rows=97 width=121)
	  Sort Key: c
	  ->  Index Scan using sbtest5_pkey on sbtest5  (cost=0.43..388.16 rows=97 width=121)
	        Index Cond: ((id >= 3001023) AND (id <= 3001122))

table 6 : explain SELECT c FROM sbtest6 WHERE id BETWEEN 5483152 AND 5483251 ORDER BY c
	Sort  (cost=395.10..395.34 rows=98 width=121)
	  Sort Key: c
	  ->  Index Scan using sbtest6_pkey on sbtest6  (cost=0.43..391.86 rows=98 width=121)
	        Index Cond: ((id >= 5483152) AND (id <= 5483251))

table 7 : explain SELECT c FROM sbtest7 WHERE id BETWEEN 1640956 AND 1641055 ORDER BY c
	Sort  (cost=374.87..375.11 rows=93 width=121)
	  Sort Key: c
	  ->  Index Scan using sbtest7_pkey on sbtest7  (cost=0.43..371.83 rows=93 width=121)
	        Index Cond: ((id >= 1640956) AND (id <= 1641055))

table 8 : explain SELECT c FROM sbtest8 WHERE id BETWEEN 9608584 AND 9608683 ORDER BY c
	Sort  (cost=415.10..415.36 rows=103 width=121)
	  Sort Key: c
	  ->  Index Scan using sbtest8_pkey on sbtest8  (cost=0.43..411.66 rows=103 width=121)
	        Index Cond: ((id >= 9608584) AND (id <= 9608683))

explain: for point_selects :: explain SELECT c FROM sbtest%u WHERE id=%u
for: sum_ranges
table 1 : explain SELECT SUM(k) FROM sbtest1 WHERE id BETWEEN 9987324 AND 9987423
	Aggregate  (cost=401.51..401.52 rows=1 width=8)
	  ->  Index Scan using sbtest1_pkey on sbtest1  (cost=0.43..401.26 rows=100 width=4)
	        Index Cond: ((id >= 9987324) AND (id <= 9987423))

table 2 : explain SELECT SUM(k) FROM sbtest2 WHERE id BETWEEN 3312043 AND 3312142
	Aggregate  (cost=397.62..397.63 rows=1 width=8)
	  ->  Index Scan using sbtest2_pkey on sbtest2  (cost=0.43..397.37 rows=99 width=4)
	        Index Cond: ((id >= 3312043) AND (id <= 3312142))

table 3 : explain SELECT SUM(k) FROM sbtest3 WHERE id BETWEEN 5132865 AND 5132964
	Aggregate  (cost=421.22..421.23 rows=1 width=8)
	  ->  Index Scan using sbtest3_pkey on sbtest3  (cost=0.43..420.96 rows=105 width=4)
	        Index Cond: ((id >= 5132865) AND (id <= 5132964))

table 4 : explain SELECT SUM(k) FROM sbtest4 WHERE id BETWEEN 5957150 AND 5957249
	Aggregate  (cost=436.11..436.12 rows=1 width=8)
	  ->  Index Scan using sbtest4_pkey on sbtest4  (cost=0.43..435.84 rows=109 width=4)
	        Index Cond: ((id >= 5957150) AND (id <= 5957249))

table 5 : explain SELECT SUM(k) FROM sbtest5 WHERE id BETWEEN 4859418 AND 4859517
	Aggregate  (cost=396.33..396.34 rows=1 width=8)
	  ->  Index Scan using sbtest5_pkey on sbtest5  (cost=0.43..396.08 rows=99 width=4)
	        Index Cond: ((id >= 4859418) AND (id <= 4859517))

table 6 : explain SELECT SUM(k) FROM sbtest6 WHERE id BETWEEN 9814424 AND 9814523
	Aggregate  (cost=435.62..435.63 rows=1 width=8)
	  ->  Index Scan using sbtest6_pkey on sbtest6  (cost=0.43..435.35 rows=109 width=4)
	        Index Cond: ((id >= 9814424) AND (id <= 9814523))

table 7 : explain SELECT SUM(k) FROM sbtest7 WHERE id BETWEEN 9064778 AND 9064877
	Aggregate  (cost=383.92..383.93 rows=1 width=8)
	  ->  Index Scan using sbtest7_pkey on sbtest7  (cost=0.43..383.68 rows=96 width=4)
	        Index Cond: ((id >= 9064778) AND (id <= 9064877))

table 8 : explain SELECT SUM(k) FROM sbtest8 WHERE id BETWEEN 354772 AND 354871
	Aggregate  (cost=396.10..396.11 rows=1 width=8)
	  ->  Index Scan using sbtest8_pkey on sbtest8  (cost=0.43..395.85 rows=99 width=4)
	        Index Cond: ((id >= 354772) AND (id <= 354871))

for: simple_ranges
table 1 : explain SELECT c FROM sbtest1 WHERE id BETWEEN 6660040 AND 6660139
	Index Scan using sbtest1_pkey on sbtest1  (cost=0.43..393.33 rows=98 width=121)
	  Index Cond: ((id >= 6660040) AND (id <= 6660139))

table 2 : explain SELECT c FROM sbtest2 WHERE id BETWEEN 4961433 AND 4961532
	Index Scan using sbtest2_pkey on sbtest2  (cost=0.43..373.56 rows=93 width=121)
	  Index Cond: ((id >= 4961433) AND (id <= 4961532))

table 3 : explain SELECT c FROM sbtest3 WHERE id BETWEEN 4484072 AND 4484171
	Index Scan using sbtest3_pkey on sbtest3  (cost=0.43..385.25 rows=96 width=121)
	  Index Cond: ((id >= 4484072) AND (id <= 4484171))

table 4 : explain SELECT c FROM sbtest4 WHERE id BETWEEN 3674862 AND 3674961
	Index Scan using sbtest4_pkey on sbtest4  (cost=0.43..412.10 rows=103 width=121)
	  Index Cond: ((id >= 3674862) AND (id <= 3674961))

table 5 : explain SELECT c FROM sbtest5 WHERE id BETWEEN 3615752 AND 3615851
	Index Scan using sbtest5_pkey on sbtest5  (cost=0.43..364.43 rows=91 width=121)
	  Index Cond: ((id >= 3615752) AND (id <= 3615851))

table 6 : explain SELECT c FROM sbtest6 WHERE id BETWEEN 7779363 AND 7779462
	Index Scan using sbtest6_pkey on sbtest6  (cost=0.43..403.73 rows=101 width=121)
	  Index Cond: ((id >= 7779363) AND (id <= 7779462))

table 7 : explain SELECT c FROM sbtest7 WHERE id BETWEEN 8527021 AND 8527120
	Index Scan using sbtest7_pkey on sbtest7  (cost=0.43..427.14 rows=107 width=121)
	  Index Cond: ((id >= 8527021) AND (id <= 8527120))

table 8 : explain SELECT c FROM sbtest8 WHERE id BETWEEN 1941779 AND 1941878
	Index Scan using sbtest8_pkey on sbtest8  (cost=0.43..451.18 rows=113 width=121)
	  Index Cond: ((id >= 1941779) AND (id <= 1941878))

explain: for point_selects :: explain SELECT c FROM sbtest%u WHERE id=%u
for: distinct_ranges
table 1 : explain SELECT DISTINCT c FROM sbtest1 WHERE id BETWEEN 679200 AND 679299 ORDER BY c
	Unique  (cost=444.68..445.23 rows=110 width=121)
	  ->  Sort  (cost=444.68..444.95 rows=110 width=121)
	        Sort Key: c
	        ->  Index Scan using sbtest1_pkey on sbtest1  (cost=0.43..440.95 rows=110 width=121)
	              Index Cond: ((id >= 679200) AND (id <= 679299))

table 2 : explain SELECT DISTINCT c FROM sbtest2 WHERE id BETWEEN 1449608 AND 1449707 ORDER BY c
	Unique  (cost=404.66..405.16 rows=100 width=121)
	  ->  Sort  (cost=404.66..404.91 rows=100 width=121)
	        Sort Key: c
	        ->  Index Scan using sbtest2_pkey on sbtest2  (cost=0.43..401.34 rows=100 width=121)
	              Index Cond: ((id >= 1449608) AND (id <= 1449707))

table 3 : explain SELECT DISTINCT c FROM sbtest3 WHERE id BETWEEN 5428923 AND 5429022 ORDER BY c
	Unique  (cost=392.42..392.91 rows=97 width=121)
	  ->  Sort  (cost=392.42..392.66 rows=97 width=121)
	        Sort Key: c
	        ->  Index Scan using sbtest3_pkey on sbtest3  (cost=0.43..389.22 rows=97 width=121)
	              Index Cond: ((id >= 5428923) AND (id <= 5429022))

table 4 : explain SELECT DISTINCT c FROM sbtest4 WHERE id BETWEEN 5428741 AND 5428840 ORDER BY c
	Unique  (cost=391.54..392.03 rows=97 width=121)
	  ->  Sort  (cost=391.54..391.78 rows=97 width=121)
	        Sort Key: c
	        ->  Index Scan using sbtest4_pkey on sbtest4  (cost=0.43..388.34 rows=97 width=121)
	              Index Cond: ((id >= 5428741) AND (id <= 5428840))

table 5 : explain SELECT DISTINCT c FROM sbtest5 WHERE id BETWEEN 5110111 AND 5110210 ORDER BY c
	Unique  (cost=423.34..423.86 rows=105 width=121)
	  ->  Sort  (cost=423.34..423.60 rows=105 width=121)
	        Sort Key: c
	        ->  Index Scan using sbtest5_pkey on sbtest5  (cost=0.43..419.81 rows=105 width=121)
	              Index Cond: ((id >= 5110111) AND (id <= 5110210))

table 6 : explain SELECT DISTINCT c FROM sbtest6 WHERE id BETWEEN 9161346 AND 9161445 ORDER BY c
	Unique  (cost=395.10..395.59 rows=98 width=121)
	  ->  Sort  (cost=395.10..395.34 rows=98 width=121)
	        Sort Key: c
	        ->  Index Scan using sbtest6_pkey on sbtest6  (cost=0.43..391.86 rows=98 width=121)
	              Index Cond: ((id >= 9161346) AND (id <= 9161445))

table 7 : explain SELECT DISTINCT c FROM sbtest7 WHERE id BETWEEN 6083585 AND 6083684 ORDER BY c
	Unique  (cost=394.84..395.33 rows=98 width=121)
	  ->  Sort  (cost=394.84..395.08 rows=98 width=121)
	        Sort Key: c
	        ->  Index Scan using sbtest7_pkey on sbtest7  (cost=0.43..391.60 rows=98 width=121)
	              Index Cond: ((id >= 6083585) AND (id <= 6083684))

table 8 : explain SELECT DISTINCT c FROM sbtest8 WHERE id BETWEEN 3511203 AND 3511302 ORDER BY c
	Unique  (cost=451.04..451.60 rows=112 width=121)
	  ->  Sort  (cost=451.04..451.32 rows=112 width=121)
	        Sort Key: c
	        ->  Index Scan using sbtest8_pkey on sbtest8  (cost=0.43..447.23 rows=112 width=121)
	              Index Cond: ((id >= 3511203) AND (id <= 3511302))

for: distinct_ranges
table 1 : explain SELECT DISTINCT c FROM sbtest1 WHERE id BETWEEN 3476409 AND 3476508 ORDER BY c
	Unique  (cost=376.53..376.99 rows=93 width=121)
	  ->  Sort  (cost=376.53..376.76 rows=93 width=121)
	        Sort Key: c
	        ->  Index Scan using sbtest1_pkey on sbtest1  (cost=0.43..373.49 rows=93 width=121)
	              Index Cond: ((id >= 3476409) AND (id <= 3476508))

table 2 : explain SELECT DISTINCT c FROM sbtest2 WHERE id BETWEEN 203982 AND 204081 ORDER BY c
	Unique  (cost=448.77..449.33 rows=111 width=121)
	  ->  Sort  (cost=448.77..449.05 rows=111 width=121)
	        Sort Key: c
	        ->  Index Scan using sbtest2_pkey on sbtest2  (cost=0.43..445.00 rows=111 width=121)
	              Index Cond: ((id >= 203982) AND (id <= 204081))

table 3 : explain SELECT DISTINCT c FROM sbtest3 WHERE id BETWEEN 1865049 AND 1865148 ORDER BY c
	Unique  (cost=416.47..416.99 rows=103 width=121)
	  ->  Sort  (cost=416.47..416.73 rows=103 width=121)
	        Sort Key: c
	        ->  Index Scan using sbtest3_pkey on sbtest3  (cost=0.43..413.03 rows=103 width=121)
	              Index Cond: ((id >= 1865049) AND (id <= 1865148))

table 4 : explain SELECT DISTINCT c FROM sbtest4 WHERE id BETWEEN 5554342 AND 5554441 ORDER BY c
	Unique  (cost=403.55..404.05 rows=100 width=121)
	  ->  Sort  (cost=403.55..403.80 rows=100 width=121)
	        Sort Key: c
	        ->  Index Scan using sbtest4_pkey on sbtest4  (cost=0.43..400.23 rows=100 width=121)
	              Index Cond: ((id >= 5554342) AND (id <= 5554441))

table 5 : explain SELECT DISTINCT c FROM sbtest5 WHERE id BETWEEN 2649765 AND 2649864 ORDER BY c
	Unique  (cost=391.36..391.84 rows=97 width=121)
	  ->  Sort  (cost=391.36..391.60 rows=97 width=121)
	        Sort Key: c
	        ->  Index Scan using sbtest5_pkey on sbtest5  (cost=0.43..388.16 rows=97 width=121)
	              Index Cond: ((id >= 2649765) AND (id <= 2649864))

table 6 : explain SELECT DISTINCT c FROM sbtest6 WHERE id BETWEEN 5554250 AND 5554349 ORDER BY c
	Unique  (cost=387.11..387.59 rows=96 width=121)
	  ->  Sort  (cost=387.11..387.35 rows=96 width=121)
	        Sort Key: c
	        ->  Index Scan using sbtest6_pkey on sbtest6  (cost=0.43..383.95 rows=96 width=121)
	              Index Cond: ((id >= 5554250) AND (id <= 5554349))

table 7 : explain SELECT DISTINCT c FROM sbtest7 WHERE id BETWEEN 3859783 AND 3859882 ORDER BY c
	Unique  (cost=390.83..391.32 rows=97 width=121)
	  ->  Sort  (cost=390.83..391.07 rows=97 width=121)
	        Sort Key: c
	        ->  Index Scan using sbtest7_pkey on sbtest7  (cost=0.43..387.63 rows=97 width=121)
	              Index Cond: ((id >= 3859783) AND (id <= 3859882))

table 8 : explain SELECT DISTINCT c FROM sbtest8 WHERE id BETWEEN 5406493 AND 5406592 ORDER BY c
	Unique  (cost=399.13..399.63 rows=99 width=121)
	  ->  Sort  (cost=399.13..399.38 rows=99 width=121)
	        Sort Key: c
	        ->  Index Scan using sbtest8_pkey on sbtest8  (cost=0.43..395.85 rows=99 width=121)
	              Index Cond: ((id >= 5406493) AND (id <= 5406592))

explain: for point_selects :: explain SELECT c FROM sbtest%u WHERE id=%u
for: order_ranges
table 1 : explain SELECT c FROM sbtest1 WHERE id BETWEEN 1662868 AND 1662967 ORDER BY c
	Sort  (cost=372.52..372.75 rows=92 width=121)
	  Sort Key: c
	  ->  Index Scan using sbtest1_pkey on sbtest1  (cost=0.43..369.52 rows=92 width=121)
	        Index Cond: ((id >= 1662868) AND (id <= 1662967))

table 2 : explain SELECT c FROM sbtest2 WHERE id BETWEEN 6397869 AND 6397968 ORDER BY c
	Sort  (cost=388.63..388.87 rows=96 width=121)
	  Sort Key: c
	  ->  Index Scan using sbtest2_pkey on sbtest2  (cost=0.43..385.46 rows=96 width=121)
	        Index Cond: ((id >= 6397869) AND (id <= 6397968))

table 3 : explain SELECT c FROM sbtest3 WHERE id BETWEEN 5560974 AND 5561073 ORDER BY c
	Sort  (cost=372.39..372.62 rows=92 width=121)
	  Sort Key: c
	  ->  Index Scan using sbtest3_pkey on sbtest3  (cost=0.43..369.39 rows=92 width=121)
	        Index Cond: ((id >= 5560974) AND (id <= 5561073))

table 4 : explain SELECT c FROM sbtest4 WHERE id BETWEEN 1667985 AND 1668084 ORDER BY c
	Sort  (cost=391.54..391.78 rows=97 width=121)
	  Sort Key: c
	  ->  Index Scan using sbtest4_pkey on sbtest4  (cost=0.43..388.34 rows=97 width=121)
	        Index Cond: ((id >= 1667985) AND (id <= 1668084))

table 5 : explain SELECT c FROM sbtest5 WHERE id BETWEEN 8735598 AND 8735697 ORDER BY c
	Sort  (cost=395.35..395.60 rows=98 width=121)
	  Sort Key: c
	  ->  Index Scan using sbtest5_pkey on sbtest5  (cost=0.43..392.11 rows=98 width=121)
	        Index Cond: ((id >= 8735598) AND (id <= 8735697))

table 6 : explain SELECT c FROM sbtest6 WHERE id BETWEEN 360766 AND 360865 ORDER BY c
	Sort  (cost=359.17..359.39 rows=89 width=121)
	  Sort Key: c
	  ->  Index Scan using sbtest6_pkey on sbtest6  (cost=0.43..356.29 rows=89 width=121)
	        Index Cond: ((id >= 360766) AND (id <= 360865))

table 7 : explain SELECT c FROM sbtest7 WHERE id BETWEEN 227130 AND 227229 ORDER BY c
	Sort  (cost=398.83..399.08 rows=99 width=121)
	  Sort Key: c
	  ->  Index Scan using sbtest7_pkey on sbtest7  (cost=0.43..395.55 rows=99 width=121)
	        Index Cond: ((id >= 227130) AND (id <= 227229))

table 8 : explain SELECT c FROM sbtest8 WHERE id BETWEEN 6595831 AND 6595930 ORDER BY c
	Sort  (cost=443.06..443.33 rows=110 width=121)
	  Sort Key: c
	  ->  Index Scan using sbtest8_pkey on sbtest8  (cost=0.43..439.33 rows=110 width=121)
	        Index Cond: ((id >= 6595831) AND (id <= 6595930))

for: sum_ranges
table 1 : explain SELECT SUM(k) FROM sbtest1 WHERE id BETWEEN 8903233 AND 8903332
	Aggregate  (cost=381.66..381.67 rows=1 width=8)
	  ->  Index Scan using sbtest1_pkey on sbtest1  (cost=0.43..381.42 rows=95 width=4)
	        Index Cond: ((id >= 8903233) AND (id <= 8903332))

table 2 : explain SELECT SUM(k) FROM sbtest2 WHERE id BETWEEN 3655441 AND 3655540
	Aggregate  (cost=397.62..397.63 rows=1 width=8)
	  ->  Index Scan using sbtest2_pkey on sbtest2  (cost=0.43..397.37 rows=99 width=4)
	        Index Cond: ((id >= 3655441) AND (id <= 3655540))

table 3 : explain SELECT SUM(k) FROM sbtest3 WHERE id BETWEEN 8023871 AND 8023970
	Aggregate  (cost=393.43..393.44 rows=1 width=8)
	  ->  Index Scan using sbtest3_pkey on sbtest3  (cost=0.43..393.19 rows=98 width=4)
	        Index Cond: ((id >= 8023871) AND (id <= 8023970))

table 4 : explain SELECT SUM(k) FROM sbtest4 WHERE id BETWEEN 676400 AND 676499
	Aggregate  (cost=384.62..384.63 rows=1 width=8)
	  ->  Index Scan using sbtest4_pkey on sbtest4  (cost=0.43..384.38 rows=96 width=4)
	        Index Cond: ((id >= 676400) AND (id <= 676499))

table 5 : explain SELECT SUM(k) FROM sbtest5 WHERE id BETWEEN 5894040 AND 5894139
	Aggregate  (cost=344.87..344.88 rows=1 width=8)
	  ->  Index Scan using sbtest5_pkey on sbtest5  (cost=0.43..344.65 rows=86 width=4)
	        Index Cond: ((id >= 5894040) AND (id <= 5894139))

table 6 : explain SELECT SUM(k) FROM sbtest6 WHERE id BETWEEN 6631802 AND 6631901
	Aggregate  (cost=372.33..372.34 rows=1 width=8)
	  ->  Index Scan using sbtest6_pkey on sbtest6  (cost=0.43..372.10 rows=93 width=4)
	        Index Cond: ((id >= 6631802) AND (id <= 6631901))

table 7 : explain SELECT SUM(k) FROM sbtest7 WHERE id BETWEEN 7730526 AND 7730625
	Aggregate  (cost=395.79..395.80 rows=1 width=8)
	  ->  Index Scan using sbtest7_pkey on sbtest7  (cost=0.43..395.55 rows=99 width=4)
	        Index Cond: ((id >= 7730526) AND (id <= 7730625))

table 8 : explain SELECT SUM(k) FROM sbtest8 WHERE id BETWEEN 5448636 AND 5448735
	Aggregate  (cost=396.10..396.11 rows=1 width=8)
	  ->  Index Scan using sbtest8_pkey on sbtest8  (cost=0.43..395.85 rows=99 width=4)
	        Index Cond: ((id >= 5448636) AND (id <= 5448735))

for point_selects
table 1 : explain SELECT c FROM sbtest1 WHERE id=7333437
	Index Scan using sbtest1_pkey on sbtest1  (cost=0.43..8.45 rows=1 width=121)
	  Index Cond: (id = 7333437)

table 2 : explain SELECT c FROM sbtest2 WHERE id=5825806
	Index Scan using sbtest2_pkey on sbtest2  (cost=0.43..8.45 rows=1 width=121)
	  Index Cond: (id = 5825806)

table 3 : explain SELECT c FROM sbtest3 WHERE id=9721907
	Index Scan using sbtest3_pkey on sbtest3  (cost=0.43..8.45 rows=1 width=121)
	  Index Cond: (id = 9721907)

table 4 : explain SELECT c FROM sbtest4 WHERE id=874243
	Index Scan using sbtest4_pkey on sbtest4  (cost=0.43..8.45 rows=1 width=121)
	  Index Cond: (id = 874243)

table 5 : explain SELECT c FROM sbtest5 WHERE id=2989991
	Index Scan using sbtest5_pkey on sbtest5  (cost=0.43..8.45 rows=1 width=121)
	  Index Cond: (id = 2989991)

table 6 : explain SELECT c FROM sbtest6 WHERE id=267869
	Index Scan using sbtest6_pkey on sbtest6  (cost=0.43..8.45 rows=1 width=121)
	  Index Cond: (id = 267869)

table 7 : explain SELECT c FROM sbtest7 WHERE id=4207697
	Index Scan using sbtest7_pkey on sbtest7  (cost=0.43..8.45 rows=1 width=121)
	  Index Cond: (id = 4207697)

table 8 : explain SELECT c FROM sbtest8 WHERE id=5883672
	Index Scan using sbtest8_pkey on sbtest8  (cost=0.43..8.45 rows=1 width=121)
	  Index Cond: (id = 5883672)

for point_selects
table 1 : explain SELECT c FROM sbtest1 WHERE id=9894472
	Index Scan using sbtest1_pkey on sbtest1  (cost=0.43..8.45 rows=1 width=121)
	  Index Cond: (id = 9894472)

table 2 : explain SELECT c FROM sbtest2 WHERE id=6070896
	Index Scan using sbtest2_pkey on sbtest2  (cost=0.43..8.45 rows=1 width=121)
	  Index Cond: (id = 6070896)

table 3 : explain SELECT c FROM sbtest3 WHERE id=7931460
	Index Scan using sbtest3_pkey on sbtest3  (cost=0.43..8.45 rows=1 width=121)
	  Index Cond: (id = 7931460)

table 4 : explain SELECT c FROM sbtest4 WHERE id=1751602
	Index Scan using sbtest4_pkey on sbtest4  (cost=0.43..8.45 rows=1 width=121)
	  Index Cond: (id = 1751602)

table 5 : explain SELECT c FROM sbtest5 WHERE id=2697353
	Index Scan using sbtest5_pkey on sbtest5  (cost=0.43..8.45 rows=1 width=121)
	  Index Cond: (id = 2697353)

table 6 : explain SELECT c FROM sbtest6 WHERE id=1145766
	Index Scan using sbtest6_pkey on sbtest6  (cost=0.43..8.45 rows=1 width=121)
	  Index Cond: (id = 1145766)

table 7 : explain SELECT c FROM sbtest7 WHERE id=152660
	Index Scan using sbtest7_pkey on sbtest7  (cost=0.43..8.45 rows=1 width=121)
	  Index Cond: (id = 152660)

table 8 : explain SELECT c FROM sbtest8 WHERE id=4113030
	Index Scan using sbtest8_pkey on sbtest8  (cost=0.43..8.45 rows=1 width=121)
	  Index Cond: (id = 4113030)

for: distinct_ranges
table 1 : explain SELECT DISTINCT c FROM sbtest1 WHERE id BETWEEN 5833252 AND 5833351 ORDER BY c
	Unique  (cost=356.49..356.93 rows=88 width=121)
	  ->  Sort  (cost=356.49..356.71 rows=88 width=121)
	        Sort Key: c
	        ->  Index Scan using sbtest1_pkey on sbtest1  (cost=0.43..353.65 rows=88 width=121)
	              Index Cond: ((id >= 5833252) AND (id <= 5833351))

table 2 : explain SELECT DISTINCT c FROM sbtest2 WHERE id BETWEEN 9523610 AND 9523709 ORDER BY c
	Unique  (cost=372.59..373.05 rows=92 width=121)
	  ->  Sort  (cost=372.59..372.82 rows=92 width=121)
	        Sort Key: c
	        ->  Index Scan using sbtest2_pkey on sbtest2  (cost=0.43..369.59 rows=92 width=121)
	              Index Cond: ((id >= 9523610) AND (id <= 9523709))

table 3 : explain SELECT DISTINCT c FROM sbtest3 WHERE id BETWEEN 885847 AND 885946 ORDER BY c
	Unique  (cost=464.56..465.13 rows=115 width=121)
	  ->  Sort  (cost=464.56..464.85 rows=115 width=121)
	        Sort Key: c
	        ->  Index Scan using sbtest3_pkey on sbtest3  (cost=0.43..460.62 rows=115 width=121)
	              Index Cond: ((id >= 885847) AND (id <= 885946))

table 4 : explain SELECT DISTINCT c FROM sbtest4 WHERE id BETWEEN 1085869 AND 1085968 ORDER BY c
	Unique  (cost=387.54..388.02 rows=96 width=121)
	  ->  Sort  (cost=387.54..387.78 rows=96 width=121)
	        Sort Key: c
	        ->  Index Scan using sbtest4_pkey on sbtest4  (cost=0.43..384.38 rows=96 width=121)
	              Index Cond: ((id >= 1085869) AND (id <= 1085968))

table 5 : explain SELECT DISTINCT c FROM sbtest5 WHERE id BETWEEN 9500453 AND 9500552 ORDER BY c
	Unique  (cost=375.38..375.84 rows=93 width=121)
	  ->  Sort  (cost=375.38..375.61 rows=93 width=121)
	        Sort Key: c
	        ->  Index Scan using sbtest5_pkey on sbtest5  (cost=0.43..372.34 rows=93 width=121)
	              Index Cond: ((id >= 9500453) AND (id <= 9500552))

table 6 : explain SELECT DISTINCT c FROM sbtest6 WHERE id BETWEEN 7712139 AND 7712238 ORDER BY c
	Unique  (cost=383.12..383.60 rows=95 width=121)
	  ->  Sort  (cost=383.12..383.36 rows=95 width=121)
	        Sort Key: c
	        ->  Index Scan using sbtest6_pkey on sbtest6  (cost=0.43..380.00 rows=95 width=121)
	              Index Cond: ((id >= 7712139) AND (id <= 7712238))

table 7 : explain SELECT DISTINCT c FROM sbtest7 WHERE id BETWEEN 9497991 AND 9498090 ORDER BY c
	Unique  (cost=394.84..395.33 rows=98 width=121)
	  ->  Sort  (cost=394.84..395.08 rows=98 width=121)
	        Sort Key: c
	        ->  Index Scan using sbtest7_pkey on sbtest7  (cost=0.43..391.60 rows=98 width=121)
	              Index Cond: ((id >= 9497991) AND (id <= 9498090))

table 8 : explain SELECT DISTINCT c FROM sbtest8 WHERE id BETWEEN 6621693 AND 6621792 ORDER BY c
	Unique  (cost=443.06..443.61 rows=110 width=121)
	  ->  Sort  (cost=443.06..443.33 rows=110 width=121)
	        Sort Key: c
	        ->  Index Scan using sbtest8_pkey on sbtest8  (cost=0.43..439.33 rows=110 width=121)
	              Index Cond: ((id >= 6621693) AND (id <= 6621792))

for: distinct_ranges
table 1 : explain SELECT DISTINCT c FROM sbtest1 WHERE id BETWEEN 2180649 AND 2180748 ORDER BY c
	Unique  (cost=420.63..421.15 rows=104 width=121)
	  ->  Sort  (cost=420.63..420.89 rows=104 width=121)
	        Sort Key: c
	        ->  Index Scan using sbtest1_pkey on sbtest1  (cost=0.43..417.14 rows=104 width=121)
	              Index Cond: ((id >= 2180649) AND (id <= 2180748))

table 2 : explain SELECT DISTINCT c FROM sbtest2 WHERE id BETWEEN 1080879 AND 1080978 ORDER BY c
	Unique  (cost=400.65..401.15 rows=99 width=121)
	  ->  Sort  (cost=400.65..400.90 rows=99 width=121)
	        Sort Key: c
	        ->  Index Scan using sbtest2_pkey on sbtest2  (cost=0.43..397.37 rows=99 width=121)
	              Index Cond: ((id >= 1080879) AND (id <= 1080978))

table 3 : explain SELECT DISTINCT c FROM sbtest3 WHERE id BETWEEN 6610280 AND 6610379 ORDER BY c
	Unique  (cost=396.43..396.92 rows=98 width=121)
	  ->  Sort  (cost=396.43..396.67 rows=98 width=121)
	        Sort Key: c
	        ->  Index Scan using sbtest3_pkey on sbtest3  (cost=0.43..393.19 rows=98 width=121)
	              Index Cond: ((id >= 6610280) AND (id <= 6610379))

table 4 : explain SELECT DISTINCT c FROM sbtest4 WHERE id BETWEEN 207350 AND 207449 ORDER BY c
	Unique  (cost=415.54..416.05 rows=103 width=121)
	  ->  Sort  (cost=415.54..415.80 rows=103 width=121)
	        Sort Key: c
	        ->  Index Scan using sbtest4_pkey on sbtest4  (cost=0.43..412.10 rows=103 width=121)
	              Index Cond: ((id >= 207350) AND (id <= 207449))

table 5 : explain SELECT DISTINCT c FROM sbtest5 WHERE id BETWEEN 6116661 AND 6116760 ORDER BY c
	Unique  (cost=423.34..423.86 rows=105 width=121)
	  ->  Sort  (cost=423.34..423.60 rows=105 width=121)
	        Sort Key: c
	        ->  Index Scan using sbtest5_pkey on sbtest5  (cost=0.43..419.81 rows=105 width=121)
	              Index Cond: ((id >= 6116661) AND (id <= 6116760))

table 6 : explain SELECT DISTINCT c FROM sbtest6 WHERE id BETWEEN 6605686 AND 6605785 ORDER BY c
	Unique  (cost=419.07..419.59 rows=104 width=121)
	  ->  Sort  (cost=419.07..419.33 rows=104 width=121)
	        Sort Key: c
	        ->  Index Scan using sbtest6_pkey on sbtest6  (cost=0.43..415.59 rows=104 width=121)
	              Index Cond: ((id >= 6605686) AND (id <= 6605785))

table 7 : explain SELECT DISTINCT c FROM sbtest7 WHERE id BETWEEN 9378838 AND 9378937 ORDER BY c
	Unique  (cost=378.86..379.33 rows=94 width=121)
	  ->  Sort  (cost=378.86..379.10 rows=94 width=121)
	        Sort Key: c
	        ->  Index Scan using sbtest7_pkey on sbtest7  (cost=0.43..375.78 rows=94 width=121)
	              Index Cond: ((id >= 9378838) AND (id <= 9378937))

table 8 : explain SELECT DISTINCT c FROM sbtest8 WHERE id BETWEEN 76604 AND 76703 ORDER BY c
	Unique  (cost=435.07..435.61 rows=108 width=121)
	  ->  Sort  (cost=435.07..435.34 rows=108 width=121)
	        Sort Key: c
	        ->  Index Scan using sbtest8_pkey on sbtest8  (cost=0.43..431.42 rows=108 width=121)
	              Index Cond: ((id >= 76604) AND (id <= 76703))

for point_selects
table 1 : explain SELECT c FROM sbtest1 WHERE id=6346140
	Index Scan using sbtest1_pkey on sbtest1  (cost=0.43..8.45 rows=1 width=121)
	  Index Cond: (id = 6346140)

table 2 : explain SELECT c FROM sbtest2 WHERE id=408856
	Index Scan using sbtest2_pkey on sbtest2  (cost=0.43..8.45 rows=1 width=121)
	  Index Cond: (id = 408856)

table 3 : explain SELECT c FROM sbtest3 WHERE id=9801377
	Index Scan using sbtest3_pkey on sbtest3  (cost=0.43..8.45 rows=1 width=121)
	  Index Cond: (id = 9801377)

table 4 : explain SELECT c FROM sbtest4 WHERE id=173125
	Index Scan using sbtest4_pkey on sbtest4  (cost=0.43..8.45 rows=1 width=121)
	  Index Cond: (id = 173125)

table 5 : explain SELECT c FROM sbtest5 WHERE id=95688
	Index Scan using sbtest5_pkey on sbtest5  (cost=0.43..8.45 rows=1 width=121)
	  Index Cond: (id = 95688)

table 6 : explain SELECT c FROM sbtest6 WHERE id=2309067
	Index Scan using sbtest6_pkey on sbtest6  (cost=0.43..8.45 rows=1 width=121)
	  Index Cond: (id = 2309067)

table 7 : explain SELECT c FROM sbtest7 WHERE id=6241262
	Index Scan using sbtest7_pkey on sbtest7  (cost=0.43..8.45 rows=1 width=121)
	  Index Cond: (id = 6241262)

table 8 : explain SELECT c FROM sbtest8 WHERE id=1820003
	Index Scan using sbtest8_pkey on sbtest8  (cost=0.43..8.45 rows=1 width=121)
	  Index Cond: (id = 1820003)

for: order_ranges
table 1 : explain SELECT c FROM sbtest1 WHERE id BETWEEN 158899 AND 158998 ORDER BY c
	Sort  (cost=420.63..420.89 rows=104 width=121)
	  Sort Key: c
	  ->  Index Scan using sbtest1_pkey on sbtest1  (cost=0.43..417.14 rows=104 width=121)
	        Index Cond: ((id >= 158899) AND (id <= 158998))

table 2 : explain SELECT c FROM sbtest2 WHERE id BETWEEN 6922333 AND 6922432 ORDER BY c
	Sort  (cost=376.60..376.83 rows=93 width=121)
	  Sort Key: c
	  ->  Index Scan using sbtest2_pkey on sbtest2  (cost=0.43..373.56 rows=93 width=121)
	        Index Cond: ((id >= 6922333) AND (id <= 6922432))

table 3 : explain SELECT c FROM sbtest3 WHERE id BETWEEN 337049 AND 337148 ORDER BY c
	Sort  (cost=392.42..392.66 rows=97 width=121)
	  Sort Key: c
	  ->  Index Scan using sbtest3_pkey on sbtest3  (cost=0.43..389.22 rows=97 width=121)
	        Index Cond: ((id >= 337049) AND (id <= 337148))

table 4 : explain SELECT c FROM sbtest4 WHERE id BETWEEN 1400729 AND 1400828 ORDER BY c
	Sort  (cost=379.55..379.78 rows=94 width=121)
	  Sort Key: c
	  ->  Index Scan using sbtest4_pkey on sbtest4  (cost=0.43..376.47 rows=94 width=121)
	        Index Cond: ((id >= 1400729) AND (id <= 1400828))

table 5 : explain SELECT c FROM sbtest5 WHERE id BETWEEN 2616800 AND 2616899 ORDER BY c
	Sort  (cost=391.36..391.60 rows=97 width=121)
	  Sort Key: c
	  ->  Index Scan using sbtest5_pkey on sbtest5  (cost=0.43..388.16 rows=97 width=121)
	        Index Cond: ((id >= 2616800) AND (id <= 2616899))

table 6 : explain SELECT c FROM sbtest6 WHERE id BETWEEN 7361564 AND 7361663 ORDER BY c
	Sort  (cost=439.04..439.31 rows=109 width=121)
	  Sort Key: c
	  ->  Index Scan using sbtest6_pkey on sbtest6  (cost=0.43..435.35 rows=109 width=121)
	        Index Cond: ((id >= 7361564) AND (id <= 7361663))

table 7 : explain SELECT c FROM sbtest7 WHERE id BETWEEN 9801923 AND 9802022 ORDER BY c
	Sort  (cost=402.82..403.07 rows=100 width=121)
	  Sort Key: c
	  ->  Index Scan using sbtest7_pkey on sbtest7  (cost=0.43..399.50 rows=100 width=121)
	        Index Cond: ((id >= 9801923) AND (id <= 9802022))

table 8 : explain SELECT c FROM sbtest8 WHERE id BETWEEN 1487266 AND 1487365 ORDER BY c
	Sort  (cost=387.14..387.38 rows=96 width=121)
	  Sort Key: c
	  ->  Index Scan using sbtest8_pkey on sbtest8  (cost=0.43..383.97 rows=96 width=121)
	        Index Cond: ((id >= 1487266) AND (id <= 1487365))

for: simple_ranges
table 1 : explain SELECT c FROM sbtest1 WHERE id BETWEEN 6523847 AND 6523946
	Index Scan using sbtest1_pkey on sbtest1  (cost=0.43..417.14 rows=104 width=121)
	  Index Cond: ((id >= 6523847) AND (id <= 6523946))

table 2 : explain SELECT c FROM sbtest2 WHERE id BETWEEN 1440811 AND 1440910
	Index Scan using sbtest2_pkey on sbtest2  (cost=0.43..401.34 rows=100 width=121)
	  Index Cond: ((id >= 1440811) AND (id <= 1440910))

table 3 : explain SELECT c FROM sbtest3 WHERE id BETWEEN 8352491 AND 8352590
	Index Scan using sbtest3_pkey on sbtest3  (cost=0.43..424.93 rows=106 width=121)
	  Index Cond: ((id >= 8352491) AND (id <= 8352590))

table 4 : explain SELECT c FROM sbtest4 WHERE id BETWEEN 6532049 AND 6532148
	Index Scan using sbtest4_pkey on sbtest4  (cost=0.43..412.10 rows=103 width=121)
	  Index Cond: ((id >= 6532049) AND (id <= 6532148))

table 5 : explain SELECT c FROM sbtest5 WHERE id BETWEEN 2836464 AND 2836563
	Index Scan using sbtest5_pkey on sbtest5  (cost=0.43..431.68 rows=108 width=121)
	  Index Cond: ((id >= 2836464) AND (id <= 2836563))

table 6 : explain SELECT c FROM sbtest6 WHERE id BETWEEN 1797509 AND 1797608
	Index Scan using sbtest6_pkey on sbtest6  (cost=0.43..383.95 rows=96 width=121)
	  Index Cond: ((id >= 1797509) AND (id <= 1797608))

table 7 : explain SELECT c FROM sbtest7 WHERE id BETWEEN 9006644 AND 9006743
	Index Scan using sbtest7_pkey on sbtest7  (cost=0.43..383.68 rows=96 width=121)
	  Index Cond: ((id >= 9006644) AND (id <= 9006743))

table 8 : explain SELECT c FROM sbtest8 WHERE id BETWEEN 8939548 AND 8939647
	Index Scan using sbtest8_pkey on sbtest8  (cost=0.43..368.16 rows=92 width=121)
	  Index Cond: ((id >= 8939548) AND (id <= 8939647))

for point_selects
table 1 : explain SELECT c FROM sbtest1 WHERE id=5491475
	Index Scan using sbtest1_pkey on sbtest1  (cost=0.43..8.45 rows=1 width=121)
	  Index Cond: (id = 5491475)

table 2 : explain SELECT c FROM sbtest2 WHERE id=6700239
	Index Scan using sbtest2_pkey on sbtest2  (cost=0.43..8.45 rows=1 width=121)
	  Index Cond: (id = 6700239)

table 3 : explain SELECT c FROM sbtest3 WHERE id=8239508
	Index Scan using sbtest3_pkey on sbtest3  (cost=0.43..8.45 rows=1 width=121)
	  Index Cond: (id = 8239508)

table 4 : explain SELECT c FROM sbtest4 WHERE id=8464274
	Index Scan using sbtest4_pkey on sbtest4  (cost=0.43..8.45 rows=1 width=121)
	  Index Cond: (id = 8464274)

table 5 : explain SELECT c FROM sbtest5 WHERE id=4641687
	Index Scan using sbtest5_pkey on sbtest5  (cost=0.43..8.45 rows=1 width=121)
	  Index Cond: (id = 4641687)

table 6 : explain SELECT c FROM sbtest6 WHERE id=3943139
	Index Scan using sbtest6_pkey on sbtest6  (cost=0.43..8.45 rows=1 width=121)
	  Index Cond: (id = 3943139)

table 7 : explain SELECT c FROM sbtest7 WHERE id=1499724
	Index Scan using sbtest7_pkey on sbtest7  (cost=0.43..8.45 rows=1 width=121)
	  Index Cond: (id = 1499724)

table 8 : explain SELECT c FROM sbtest8 WHERE id=2969340
	Index Scan using sbtest8_pkey on sbtest8  (cost=0.43..8.45 rows=1 width=121)
	  Index Cond: (id = 2969340)

for: order_ranges
table 1 : explain SELECT c FROM sbtest1 WHERE id BETWEEN 892129 AND 892228 ORDER BY c
	Sort  (cost=424.64..424.90 rows=105 width=121)
	  Sort Key: c
	  ->  Index Scan using sbtest1_pkey on sbtest1  (cost=0.43..421.11 rows=105 width=121)
	        Index Cond: ((id >= 892129) AND (id <= 892228))

table 2 : explain SELECT c FROM sbtest2 WHERE id BETWEEN 8649721 AND 8649820 ORDER BY c
	Sort  (cost=360.57..360.79 rows=89 width=121)
	  Sort Key: c
	  ->  Index Scan using sbtest2_pkey on sbtest2  (cost=0.43..357.69 rows=89 width=121)
	        Index Cond: ((id >= 8649721) AND (id <= 8649820))

table 3 : explain SELECT c FROM sbtest3 WHERE id BETWEEN 2949427 AND 2949526 ORDER BY c
	Sort  (cost=424.49..424.75 rows=105 width=121)
	  Sort Key: c
	  ->  Index Scan using sbtest3_pkey on sbtest3  (cost=0.43..420.96 rows=105 width=121)
	        Index Cond: ((id >= 2949427) AND (id <= 2949526))

table 4 : explain SELECT c FROM sbtest4 WHERE id BETWEEN 4280885 AND 4280984 ORDER BY c
	Sort  (cost=423.53..423.80 rows=105 width=121)
	  Sort Key: c
	  ->  Index Scan using sbtest4_pkey on sbtest4  (cost=0.43..420.01 rows=105 width=121)
	        Index Cond: ((id >= 4280885) AND (id <= 4280984))

table 5 : explain SELECT c FROM sbtest5 WHERE id BETWEEN 9994927 AND 9995026 ORDER BY c
	Sort  (cost=391.36..391.60 rows=97 width=121)
	  Sort Key: c
	  ->  Index Scan using sbtest5_pkey on sbtest5  (cost=0.43..388.16 rows=97 width=121)
	        Index Cond: ((id >= 9994927) AND (id <= 9995026))

table 6 : explain SELECT c FROM sbtest6 WHERE id BETWEEN 2329962 AND 2330061 ORDER BY c
	Sort  (cost=443.03..443.31 rows=110 width=121)
	  Sort Key: c
	  ->  Index Scan using sbtest6_pkey on sbtest6  (cost=0.43..439.30 rows=110 width=121)
	        Index Cond: ((id >= 2329962) AND (id <= 2330061))

table 7 : explain SELECT c FROM sbtest7 WHERE id BETWEEN 3382808 AND 3382907 ORDER BY c
	Sort  (cost=414.79..415.04 rows=103 width=121)
	  Sort Key: c
	  ->  Index Scan using sbtest7_pkey on sbtest7  (cost=0.43..411.34 rows=103 width=121)
	        Index Cond: ((id >= 3382808) AND (id <= 3382907))

table 8 : explain SELECT c FROM sbtest8 WHERE id BETWEEN 5027083 AND 5027182 ORDER BY c
	Sort  (cost=419.10..419.36 rows=104 width=121)
	  Sort Key: c
	  ->  Index Scan using sbtest8_pkey on sbtest8  (cost=0.43..415.61 rows=104 width=121)
	        Index Cond: ((id >= 5027083) AND (id <= 5027182))

for: simple_ranges
table 1 : explain SELECT c FROM sbtest1 WHERE id BETWEEN 3585440 AND 3585539
	Index Scan using sbtest1_pkey on sbtest1  (cost=0.43..397.29 rows=99 width=121)
	  Index Cond: ((id >= 3585440) AND (id <= 3585539))

table 2 : explain SELECT c FROM sbtest2 WHERE id BETWEEN 4059583 AND 4059682
	Index Scan using sbtest2_pkey on sbtest2  (cost=0.43..417.22 rows=104 width=121)
	  Index Cond: ((id >= 4059583) AND (id <= 4059682))

table 3 : explain SELECT c FROM sbtest3 WHERE id BETWEEN 904513 AND 904612
	Index Scan using sbtest3_pkey on sbtest3  (cost=0.43..393.19 rows=98 width=121)
	  Index Cond: ((id >= 904513) AND (id <= 904612))

table 4 : explain SELECT c FROM sbtest4 WHERE id BETWEEN 5052001 AND 5052100
	Index Scan using sbtest4_pkey on sbtest4  (cost=0.43..435.84 rows=109 width=121)
	  Index Cond: ((id >= 5052001) AND (id <= 5052100))

table 5 : explain SELECT c FROM sbtest5 WHERE id BETWEEN 9752247 AND 9752346
	Index Scan using sbtest5_pkey on sbtest5  (cost=0.43..360.47 rows=90 width=121)
	  Index Cond: ((id >= 9752247) AND (id <= 9752346))

table 6 : explain SELECT c FROM sbtest6 WHERE id BETWEEN 1094351 AND 1094450
	Index Scan using sbtest6_pkey on sbtest6  (cost=0.43..407.68 rows=102 width=121)
	  Index Cond: ((id >= 1094351) AND (id <= 1094450))

table 7 : explain SELECT c FROM sbtest7 WHERE id BETWEEN 6528992 AND 6529091
	Index Scan using sbtest7_pkey on sbtest7  (cost=0.43..423.19 rows=106 width=121)
	  Index Cond: ((id >= 6528992) AND (id <= 6529091))

table 8 : explain SELECT c FROM sbtest8 WHERE id BETWEEN 9098078 AND 9098177
	Index Scan using sbtest8_pkey on sbtest8  (cost=0.43..403.75 rows=101 width=121)
	  Index Cond: ((id >= 9098078) AND (id <= 9098177))

for: simple_ranges
table 1 : explain SELECT c FROM sbtest1 WHERE id BETWEEN 755447 AND 755546
	Index Scan using sbtest1_pkey on sbtest1  (cost=0.43..409.21 rows=102 width=121)
	  Index Cond: ((id >= 755447) AND (id <= 755546))

table 2 : explain SELECT c FROM sbtest2 WHERE id BETWEEN 1658536 AND 1658635
	Index Scan using sbtest2_pkey on sbtest2  (cost=0.43..401.35 rows=100 width=121)
	  Index Cond: ((id >= 1658536) AND (id <= 1658635))

table 3 : explain SELECT c FROM sbtest3 WHERE id BETWEEN 5989861 AND 5989960
	Index Scan using sbtest3_pkey on sbtest3  (cost=0.43..409.06 rows=102 width=121)
	  Index Cond: ((id >= 5989861) AND (id <= 5989960))

table 4 : explain SELECT c FROM sbtest4 WHERE id BETWEEN 1252870 AND 1252969
	Index Scan using sbtest4_pkey on sbtest4  (cost=0.43..400.23 rows=100 width=121)
	  Index Cond: ((id >= 1252870) AND (id <= 1252969))

table 5 : explain SELECT c FROM sbtest5 WHERE id BETWEEN 7556997 AND 7557096
	Index Scan using sbtest5_pkey on sbtest5  (cost=0.43..415.86 rows=104 width=121)
	  Index Cond: ((id >= 7556997) AND (id <= 7557096))

table 6 : explain SELECT c FROM sbtest6 WHERE id BETWEEN 843108 AND 843207
	Index Scan using sbtest6_pkey on sbtest6  (cost=0.43..395.83 rows=99 width=121)
	  Index Cond: ((id >= 843108) AND (id <= 843207))

table 7 : explain SELECT c FROM sbtest7 WHERE id BETWEEN 1212590 AND 1212689
	Index Scan using sbtest7_pkey on sbtest7  (cost=0.43..383.68 rows=96 width=121)
	  Index Cond: ((id >= 1212590) AND (id <= 1212689))

table 8 : explain SELECT c FROM sbtest8 WHERE id BETWEEN 5026547 AND 5026646
	Index Scan using sbtest8_pkey on sbtest8  (cost=0.43..415.61 rows=104 width=121)
	  Index Cond: ((id >= 5026547) AND (id <= 5026646))

for: distinct_ranges
table 1 : explain SELECT DISTINCT c FROM sbtest1 WHERE id BETWEEN 7927966 AND 7928065 ORDER BY c
	Unique  (cost=436.66..437.20 rows=108 width=121)
	  ->  Sort  (cost=436.66..436.93 rows=108 width=121)
	        Sort Key: c
	        ->  Index Scan using sbtest1_pkey on sbtest1  (cost=0.43..433.01 rows=108 width=121)
	              Index Cond: ((id >= 7927966) AND (id <= 7928065))

table 2 : explain SELECT DISTINCT c FROM sbtest2 WHERE id BETWEEN 3755960 AND 3756059 ORDER BY c
	Unique  (cost=380.61..381.08 rows=94 width=121)
	  ->  Sort  (cost=380.61..380.84 rows=94 width=121)
	        Sort Key: c
	        ->  Index Scan using sbtest2_pkey on sbtest2  (cost=0.43..377.53 rows=94 width=121)
	              Index Cond: ((id >= 3755960) AND (id <= 3756059))

table 3 : explain SELECT DISTINCT c FROM sbtest3 WHERE id BETWEEN 5026263 AND 5026362 ORDER BY c
	Unique  (cost=416.47..416.99 rows=103 width=121)
	  ->  Sort  (cost=416.47..416.73 rows=103 width=121)
	        Sort Key: c
	        ->  Index Scan using sbtest3_pkey on sbtest3  (cost=0.43..413.03 rows=103 width=121)
	              Index Cond: ((id >= 5026263) AND (id <= 5026362))

table 4 : explain SELECT DISTINCT c FROM sbtest4 WHERE id BETWEEN 4300640 AND 4300739 ORDER BY c
	Unique  (cost=423.53..424.06 rows=105 width=121)
	  ->  Sort  (cost=423.53..423.80 rows=105 width=121)
	        Sort Key: c
	        ->  Index Scan using sbtest4_pkey on sbtest4  (cost=0.43..420.01 rows=105 width=121)
	              Index Cond: ((id >= 4300640) AND (id <= 4300739))

table 5 : explain SELECT DISTINCT c FROM sbtest5 WHERE id BETWEEN 908980 AND 909079 ORDER BY c
	Unique  (cost=407.36..407.86 rows=101 width=121)
	  ->  Sort  (cost=407.36..407.61 rows=101 width=121)
	        Sort Key: c
	        ->  Index Scan using sbtest5_pkey on sbtest5  (cost=0.43..403.99 rows=101 width=121)
	              Index Cond: ((id >= 908980) AND (id <= 909079))

table 6 : explain SELECT DISTINCT c FROM sbtest6 WHERE id BETWEEN 3075627 AND 3075726 ORDER BY c
	Unique  (cost=367.15..367.61 rows=91 width=121)
	  ->  Sort  (cost=367.15..367.38 rows=91 width=121)
	        Sort Key: c
	        ->  Index Scan using sbtest6_pkey on sbtest6  (cost=0.43..364.19 rows=91 width=121)
	              Index Cond: ((id >= 3075627) AND (id <= 3075726))

table 7 : explain SELECT DISTINCT c FROM sbtest7 WHERE id BETWEEN 568060 AND 568159 ORDER BY c
	Unique  (cost=414.79..415.30 rows=103 width=121)
	  ->  Sort  (cost=414.79..415.04 rows=103 width=121)
	        Sort Key: c
	        ->  Index Scan using sbtest7_pkey on sbtest7  (cost=0.43..411.34 rows=103 width=121)
	              Index Cond: ((id >= 568060) AND (id <= 568159))

table 8 : explain SELECT DISTINCT c FROM sbtest8 WHERE id BETWEEN 6426032 AND 6426131 ORDER BY c
	Unique  (cost=395.14..395.63 rows=98 width=121)
	  ->  Sort  (cost=395.14..395.38 rows=98 width=121)
	        Sort Key: c
	        ->  Index Scan using sbtest8_pkey on sbtest8  (cost=0.43..391.90 rows=98 width=121)
	              Index Cond: ((id >= 6426032) AND (id <= 6426131))

for: distinct_ranges
table 1 : explain SELECT DISTINCT c FROM sbtest1 WHERE id BETWEEN 519641 AND 519740 ORDER BY c
	Unique  (cost=376.53..376.99 rows=93 width=121)
	  ->  Sort  (cost=376.53..376.76 rows=93 width=121)
	        Sort Key: c
	        ->  Index Scan using sbtest1_pkey on sbtest1  (cost=0.43..373.49 rows=93 width=121)
	              Index Cond: ((id >= 519641) AND (id <= 519740))

table 2 : explain SELECT DISTINCT c FROM sbtest2 WHERE id BETWEEN 5774345 AND 5774444 ORDER BY c
	Unique  (cost=384.62..385.09 rows=95 width=121)
	  ->  Sort  (cost=384.62..384.85 rows=95 width=121)
	        Sort Key: c
	        ->  Index Scan using sbtest2_pkey on sbtest2  (cost=0.43..381.50 rows=95 width=121)
	              Index Cond: ((id >= 5774345) AND (id <= 5774444))

table 3 : explain SELECT DISTINCT c FROM sbtest3 WHERE id BETWEEN 9464793 AND 9464892 ORDER BY c
	Unique  (cost=392.42..392.91 rows=97 width=121)
	  ->  Sort  (cost=392.42..392.66 rows=97 width=121)
	        Sort Key: c
	        ->  Index Scan using sbtest3_pkey on sbtest3  (cost=0.43..389.22 rows=97 width=121)
	              Index Cond: ((id >= 9464793) AND (id <= 9464892))

table 4 : explain SELECT DISTINCT c FROM sbtest4 WHERE id BETWEEN 3724176 AND 3724275 ORDER BY c
	Unique  (cost=379.55..380.02 rows=94 width=121)
	  ->  Sort  (cost=379.55..379.78 rows=94 width=121)
	        Sort Key: c
	        ->  Index Scan using sbtest4_pkey on sbtest4  (cost=0.43..376.47 rows=94 width=121)
	              Index Cond: ((id >= 3724176) AND (id <= 3724275))

table 5 : explain SELECT DISTINCT c FROM sbtest5 WHERE id BETWEEN 2900494 AND 2900593 ORDER BY c
	Unique  (cost=419.34..419.86 rows=104 width=121)
	  ->  Sort  (cost=419.34..419.60 rows=104 width=121)
	        Sort Key: c
	        ->  Index Scan using sbtest5_pkey on sbtest5  (cost=0.43..415.86 rows=104 width=121)
	              Index Cond: ((id >= 2900494) AND (id <= 2900593))

table 6 : explain SELECT DISTINCT c FROM sbtest6 WHERE id BETWEEN 8259381 AND 8259480 ORDER BY c
	Unique  (cost=423.07..423.59 rows=105 width=121)
	  ->  Sort  (cost=423.07..423.33 rows=105 width=121)
	        Sort Key: c
	        ->  Index Scan using sbtest6_pkey on sbtest6  (cost=0.43..419.54 rows=105 width=121)
	              Index Cond: ((id >= 8259381) AND (id <= 8259480))

table 7 : explain SELECT DISTINCT c FROM sbtest7 WHERE id BETWEEN 5660489 AND 5660588 ORDER BY c
	Unique  (cost=338.97..339.39 rows=84 width=121)
	  ->  Sort  (cost=338.97..339.18 rows=84 width=121)
	        Sort Key: c
	        ->  Index Scan using sbtest7_pkey on sbtest7  (cost=0.43..336.29 rows=84 width=121)
	              Index Cond: ((id >= 5660489) AND (id <= 5660588))

table 8 : explain SELECT DISTINCT c FROM sbtest8 WHERE id BETWEEN 5480504 AND 5480603 ORDER BY c
	Unique  (cost=399.13..399.63 rows=99 width=121)
	  ->  Sort  (cost=399.13..399.38 rows=99 width=121)
	        Sort Key: c
	        ->  Index Scan using sbtest8_pkey on sbtest8  (cost=0.43..395.85 rows=99 width=121)
	              Index Cond: ((id >= 5480504) AND (id <= 5480603))

for: sum_ranges
table 1 : explain SELECT SUM(k) FROM sbtest1 WHERE id BETWEEN 2357187 AND 2357286
	Aggregate  (cost=349.90..349.91 rows=1 width=8)
	  ->  Index Scan using sbtest1_pkey on sbtest1  (cost=0.43..349.68 rows=87 width=4)
	        Index Cond: ((id >= 2357187) AND (id <= 2357286))

table 2 : explain SELECT SUM(k) FROM sbtest2 WHERE id BETWEEN 3516631 AND 3516730
	Aggregate  (cost=381.73..381.74 rows=1 width=8)
	  ->  Index Scan using sbtest2_pkey on sbtest2  (cost=0.43..381.50 rows=95 width=4)
	        Index Cond: ((id >= 3516631) AND (id <= 3516730))

table 3 : explain SELECT SUM(k) FROM sbtest3 WHERE id BETWEEN 202852 AND 202951
	Aggregate  (cost=365.65..365.66 rows=1 width=8)
	  ->  Index Scan using sbtest3_pkey on sbtest3  (cost=0.43..365.42 rows=91 width=4)
	        Index Cond: ((id >= 202852) AND (id <= 202951))

table 4 : explain SELECT SUM(k) FROM sbtest4 WHERE id BETWEEN 9514496 AND 9514595
	Aggregate  (cost=388.58..388.59 rows=1 width=8)
	  ->  Index Scan using sbtest4_pkey on sbtest4  (cost=0.43..388.34 rows=97 width=4)
	        Index Cond: ((id >= 9514496) AND (id <= 9514595))

table 5 : explain SELECT SUM(k) FROM sbtest5 WHERE id BETWEEN 7523158 AND 7523257
	Aggregate  (cost=416.12..416.13 rows=1 width=8)
	  ->  Index Scan using sbtest5_pkey on sbtest5  (cost=0.43..415.86 rows=104 width=4)
	        Index Cond: ((id >= 7523158) AND (id <= 7523257))

table 6 : explain SELECT SUM(k) FROM sbtest6 WHERE id BETWEEN 7515427 AND 7515526
	Aggregate  (cost=380.24..380.25 rows=1 width=8)
	  ->  Index Scan using sbtest6_pkey on sbtest6  (cost=0.43..380.00 rows=95 width=4)
	        Index Cond: ((id >= 7515427) AND (id <= 7515526))

table 7 : explain SELECT SUM(k) FROM sbtest7 WHERE id BETWEEN 4782889 AND 4782988
	Aggregate  (cost=383.92..383.93 rows=1 width=8)
	  ->  Index Scan using sbtest7_pkey on sbtest7  (cost=0.43..383.68 rows=96 width=4)
	        Index Cond: ((id >= 4782889) AND (id <= 4782988))

table 8 : explain SELECT SUM(k) FROM sbtest8 WHERE id BETWEEN 3900282 AND 3900381
	Aggregate  (cost=407.96..407.97 rows=1 width=8)
	  ->  Index Scan using sbtest8_pkey on sbtest8  (cost=0.43..407.71 rows=102 width=4)
	        Index Cond: ((id >= 3900282) AND (id <= 3900381))

explain: for point_selects :: explain SELECT c FROM sbtest%u WHERE id=%u
for: sum_ranges
table 1 : explain SELECT SUM(k) FROM sbtest1 WHERE id BETWEEN 725066 AND 725165
	Aggregate  (cost=409.46..409.47 rows=1 width=8)
	  ->  Index Scan using sbtest1_pkey on sbtest1  (cost=0.43..409.21 rows=102 width=4)
	        Index Cond: ((id >= 725066) AND (id <= 725165))

table 2 : explain SELECT SUM(k) FROM sbtest2 WHERE id BETWEEN 4602276 AND 4602375
	Aggregate  (cost=385.70..385.71 rows=1 width=8)
	  ->  Index Scan using sbtest2_pkey on sbtest2  (cost=0.43..385.46 rows=96 width=4)
	        Index Cond: ((id >= 4602276) AND (id <= 4602375))

table 3 : explain SELECT SUM(k) FROM sbtest3 WHERE id BETWEEN 7414459 AND 7414558
	Aggregate  (cost=401.38..401.39 rows=1 width=8)
	  ->  Index Scan using sbtest3_pkey on sbtest3  (cost=0.43..401.13 rows=100 width=4)
	        Index Cond: ((id >= 7414459) AND (id <= 7414558))

table 4 : explain SELECT SUM(k) FROM sbtest4 WHERE id BETWEEN 7099039 AND 7099138
	Aggregate  (cost=384.62..384.63 rows=1 width=8)
	  ->  Index Scan using sbtest4_pkey on sbtest4  (cost=0.43..384.38 rows=96 width=4)
	        Index Cond: ((id >= 7099039) AND (id <= 7099138))

table 5 : explain SELECT SUM(k) FROM sbtest5 WHERE id BETWEEN 415866 AND 415965
	Aggregate  (cost=364.66..364.67 rows=1 width=8)
	  ->  Index Scan using sbtest5_pkey on sbtest5  (cost=0.43..364.43 rows=91 width=4)
	        Index Cond: ((id >= 415866) AND (id <= 415965))

table 6 : explain SELECT SUM(k) FROM sbtest6 WHERE id BETWEEN 811621 AND 811720
	Aggregate  (cost=400.03..400.04 rows=1 width=8)
	  ->  Index Scan using sbtest6_pkey on sbtest6  (cost=0.43..399.78 rows=100 width=4)
	        Index Cond: ((id >= 811621) AND (id <= 811720))

table 7 : explain SELECT SUM(k) FROM sbtest7 WHERE id BETWEEN 9475088 AND 9475187
	Aggregate  (cost=391.84..391.85 rows=1 width=8)
	  ->  Index Scan using sbtest7_pkey on sbtest7  (cost=0.43..391.60 rows=98 width=4)
	        Index Cond: ((id >= 9475088) AND (id <= 9475187))

table 8 : explain SELECT SUM(k) FROM sbtest8 WHERE id BETWEEN 8757974 AND 8758073
	Aggregate  (cost=388.17..388.18 rows=1 width=8)
	  ->  Index Scan using sbtest8_pkey on sbtest8  (cost=0.43..387.93 rows=97 width=4)
	        Index Cond: ((id >= 8757974) AND (id <= 8758073))

for: simple_ranges
table 1 : explain SELECT c FROM sbtest1 WHERE id BETWEEN 7824538 AND 7824637
	Index Scan using sbtest1_pkey on sbtest1  (cost=0.43..417.14 rows=104 width=121)
	  Index Cond: ((id >= 7824538) AND (id <= 7824637))

table 2 : explain SELECT c FROM sbtest2 WHERE id BETWEEN 81599 AND 81698
	Index Scan using sbtest2_pkey on sbtest2  (cost=0.43..425.16 rows=106 width=121)
	  Index Cond: ((id >= 81599) AND (id <= 81698))

table 3 : explain SELECT c FROM sbtest3 WHERE id BETWEEN 6352170 AND 6352269
	Index Scan using sbtest3_pkey on sbtest3  (cost=0.43..397.15 rows=99 width=121)
	  Index Cond: ((id >= 6352170) AND (id <= 6352269))

table 4 : explain SELECT c FROM sbtest4 WHERE id BETWEEN 8042440 AND 8042539
	Index Scan using sbtest4_pkey on sbtest4  (cost=0.43..380.43 rows=95 width=121)
	  Index Cond: ((id >= 8042440) AND (id <= 8042539))

table 5 : explain SELECT c FROM sbtest5 WHERE id BETWEEN 3383577 AND 3383676
	Index Scan using sbtest5_pkey on sbtest5  (cost=0.43..400.04 rows=100 width=121)
	  Index Cond: ((id >= 3383577) AND (id <= 3383676))

table 6 : explain SELECT c FROM sbtest6 WHERE id BETWEEN 4686944 AND 4687043
	Index Scan using sbtest6_pkey on sbtest6  (cost=0.43..360.24 rows=90 width=121)
	  Index Cond: ((id >= 4686944) AND (id <= 4687043))

table 7 : explain SELECT c FROM sbtest7 WHERE id BETWEEN 2340208 AND 2340307
	Index Scan using sbtest7_pkey on sbtest7  (cost=0.43..371.83 rows=93 width=121)
	  Index Cond: ((id >= 2340208) AND (id <= 2340307))

table 8 : explain SELECT c FROM sbtest8 WHERE id BETWEEN 9101855 AND 9101954
	Index Scan using sbtest8_pkey on sbtest8  (cost=0.43..403.75 rows=101 width=121)
	  Index Cond: ((id >= 9101855) AND (id <= 9101954))

for: sum_ranges
table 1 : explain SELECT SUM(k) FROM sbtest1 WHERE id BETWEEN 2401414 AND 2401513
	Aggregate  (cost=349.90..349.91 rows=1 width=8)
	  ->  Index Scan using sbtest1_pkey on sbtest1  (cost=0.43..349.68 rows=87 width=4)
	        Index Cond: ((id >= 2401414) AND (id <= 2401513))

table 2 : explain SELECT SUM(k) FROM sbtest2 WHERE id BETWEEN 5823735 AND 5823834
	Aggregate  (cost=381.73..381.74 rows=1 width=8)
	  ->  Index Scan using sbtest2_pkey on sbtest2  (cost=0.43..381.50 rows=95 width=4)
	        Index Cond: ((id >= 5823735) AND (id <= 5823834))

table 3 : explain SELECT SUM(k) FROM sbtest3 WHERE id BETWEEN 7174531 AND 7174630
	Aggregate  (cost=377.56..377.57 rows=1 width=8)
	  ->  Index Scan using sbtest3_pkey on sbtest3  (cost=0.43..377.32 rows=94 width=4)
	        Index Cond: ((id >= 7174531) AND (id <= 7174630))

table 4 : explain SELECT SUM(k) FROM sbtest4 WHERE id BETWEEN 2784874 AND 2784973
	Aggregate  (cost=440.07..440.08 rows=1 width=8)
	  ->  Index Scan using sbtest4_pkey on sbtest4  (cost=0.43..439.79 rows=110 width=4)
	        Index Cond: ((id >= 2784874) AND (id <= 2784973))

table 5 : explain SELECT SUM(k) FROM sbtest5 WHERE id BETWEEN 8514790 AND 8514889
	Aggregate  (cost=384.44..384.45 rows=1 width=8)
	  ->  Index Scan using sbtest5_pkey on sbtest5  (cost=0.43..384.20 rows=96 width=4)
	        Index Cond: ((id >= 8514790) AND (id <= 8514889))

table 6 : explain SELECT SUM(k) FROM sbtest6 WHERE id BETWEEN 4836699 AND 4836798
	Aggregate  (cost=372.33..372.34 rows=1 width=8)
	  ->  Index Scan using sbtest6_pkey on sbtest6  (cost=0.43..372.10 rows=93 width=4)
	        Index Cond: ((id >= 4836699) AND (id <= 4836798))

table 7 : explain SELECT SUM(k) FROM sbtest7 WHERE id BETWEEN 2484938 AND 2485037
	Aggregate  (cost=399.75..399.76 rows=1 width=8)
	  ->  Index Scan using sbtest7_pkey on sbtest7  (cost=0.43..399.50 rows=100 width=4)
	        Index Cond: ((id >= 2484938) AND (id <= 2485037))

table 8 : explain SELECT SUM(k) FROM sbtest8 WHERE id BETWEEN 6071635 AND 6071734
	Aggregate  (cost=400.05..400.06 rows=1 width=8)
	  ->  Index Scan using sbtest8_pkey on sbtest8  (cost=0.43..399.80 rows=100 width=4)
	        Index Cond: ((id >= 6071635) AND (id <= 6071734))

explain: for point_selects :: explain SELECT c FROM sbtest%u WHERE id=%u
for: order_ranges
table 1 : explain SELECT c FROM sbtest1 WHERE id BETWEEN 8612054 AND 8612153 ORDER BY c
	Sort  (cost=388.55..388.79 rows=96 width=121)
	  Sort Key: c
	  ->  Index Scan using sbtest1_pkey on sbtest1  (cost=0.43..385.39 rows=96 width=121)
	        Index Cond: ((id >= 8612054) AND (id <= 8612153))

table 2 : explain SELECT c FROM sbtest2 WHERE id BETWEEN 6817197 AND 6817296 ORDER BY c
	Sort  (cost=396.64..396.89 rows=98 width=121)
	  Sort Key: c
	  ->  Index Scan using sbtest2_pkey on sbtest2  (cost=0.43..393.40 rows=98 width=121)
	        Index Cond: ((id >= 6817197) AND (id <= 6817296))

table 3 : explain SELECT c FROM sbtest3 WHERE id BETWEEN 4135771 AND 4135870 ORDER BY c
	Sort  (cost=392.42..392.66 rows=97 width=121)
	  Sort Key: c
	  ->  Index Scan using sbtest3_pkey on sbtest3  (cost=0.43..389.22 rows=97 width=121)
	        Index Cond: ((id >= 4135771) AND (id <= 4135870))

table 4 : explain SELECT c FROM sbtest4 WHERE id BETWEEN 460750 AND 460849 ORDER BY c
	Sort  (cost=427.53..427.80 rows=106 width=121)
	  Sort Key: c
	  ->  Index Scan using sbtest4_pkey on sbtest4  (cost=0.43..423.97 rows=106 width=121)
	        Index Cond: ((id >= 460750) AND (id <= 460849))

table 5 : explain SELECT c FROM sbtest5 WHERE id BETWEEN 5314100 AND 5314199 ORDER BY c
	Sort  (cost=371.38..371.61 rows=92 width=121)
	  Sort Key: c
	  ->  Index Scan using sbtest5_pkey on sbtest5  (cost=0.43..368.38 rows=92 width=121)
	        Index Cond: ((id >= 5314100) AND (id <= 5314199))

table 6 : explain SELECT c FROM sbtest6 WHERE id BETWEEN 2484725 AND 2484824 ORDER BY c
	Sort  (cost=451.02..451.30 rows=112 width=121)
	  Sort Key: c
	  ->  Index Scan using sbtest6_pkey on sbtest6  (cost=0.43..447.21 rows=112 width=121)
	        Index Cond: ((id >= 2484725) AND (id <= 2484824))

table 7 : explain SELECT c FROM sbtest7 WHERE id BETWEEN 3261653 AND 3261752 ORDER BY c
	Sort  (cost=398.83..399.08 rows=99 width=121)
	  Sort Key: c
	  ->  Index Scan using sbtest7_pkey on sbtest7  (cost=0.43..395.55 rows=99 width=121)
	        Index Cond: ((id >= 3261653) AND (id <= 3261752))

table 8 : explain SELECT c FROM sbtest8 WHERE id BETWEEN 570520 AND 570619 ORDER BY c
	Sort  (cost=383.14..383.38 rows=95 width=121)
	  Sort Key: c
	  ->  Index Scan using sbtest8_pkey on sbtest8  (cost=0.43..380.02 rows=95 width=121)
	        Index Cond: ((id >= 570520) AND (id <= 570619))

for: sum_ranges
table 1 : explain SELECT SUM(k) FROM sbtest1 WHERE id BETWEEN 3652442 AND 3652541
	Aggregate  (cost=433.28..433.29 rows=1 width=8)
	  ->  Index Scan using sbtest1_pkey on sbtest1  (cost=0.43..433.01 rows=108 width=4)
	        Index Cond: ((id >= 3652442) AND (id <= 3652541))

table 2 : explain SELECT SUM(k) FROM sbtest2 WHERE id BETWEEN 7645866 AND 7645965
	Aggregate  (cost=401.60..401.61 rows=1 width=8)
	  ->  Index Scan using sbtest2_pkey on sbtest2  (cost=0.43..401.35 rows=100 width=4)
	        Index Cond: ((id >= 7645866) AND (id <= 7645965))

table 3 : explain SELECT SUM(k) FROM sbtest3 WHERE id BETWEEN 250480 AND 250579
	Aggregate  (cost=365.65..365.66 rows=1 width=8)
	  ->  Index Scan using sbtest3_pkey on sbtest3  (cost=0.43..365.42 rows=91 width=4)
	        Index Cond: ((id >= 250480) AND (id <= 250579))

table 4 : explain SELECT SUM(k) FROM sbtest4 WHERE id BETWEEN 5137685 AND 5137784
	Aggregate  (cost=388.58..388.59 rows=1 width=8)
	  ->  Index Scan using sbtest4_pkey on sbtest4  (cost=0.43..388.34 rows=97 width=4)
	        Index Cond: ((id >= 5137685) AND (id <= 5137784))

table 5 : explain SELECT SUM(k) FROM sbtest5 WHERE id BETWEEN 8403925 AND 8404024
	Aggregate  (cost=360.70..360.71 rows=1 width=8)
	  ->  Index Scan using sbtest5_pkey on sbtest5  (cost=0.43..360.47 rows=90 width=4)
	        Index Cond: ((id >= 8403925) AND (id <= 8404024))

table 6 : explain SELECT SUM(k) FROM sbtest6 WHERE id BETWEEN 7735450 AND 7735549
	Aggregate  (cost=380.24..380.25 rows=1 width=8)
	  ->  Index Scan using sbtest6_pkey on sbtest6  (cost=0.43..380.00 rows=95 width=4)
	        Index Cond: ((id >= 7735450) AND (id <= 7735549))

table 7 : explain SELECT SUM(k) FROM sbtest7 WHERE id BETWEEN 7113845 AND 7113944
	Aggregate  (cost=379.97..379.98 rows=1 width=8)
	  ->  Index Scan using sbtest7_pkey on sbtest7  (cost=0.43..379.73 rows=95 width=4)
	        Index Cond: ((id >= 7113845) AND (id <= 7113944))

table 8 : explain SELECT SUM(k) FROM sbtest8 WHERE id BETWEEN 8265589 AND 8265688
	Aggregate  (cost=376.30..376.31 rows=1 width=8)
	  ->  Index Scan using sbtest8_pkey on sbtest8  (cost=0.43..376.07 rows=94 width=4)
	        Index Cond: ((id >= 8265589) AND (id <= 8265688))

for point_selects
table 1 : explain SELECT c FROM sbtest1 WHERE id=2663839
	Index Scan using sbtest1_pkey on sbtest1  (cost=0.43..8.45 rows=1 width=121)
	  Index Cond: (id = 2663839)

table 2 : explain SELECT c FROM sbtest2 WHERE id=6460409
	Index Scan using sbtest2_pkey on sbtest2  (cost=0.43..8.45 rows=1 width=121)
	  Index Cond: (id = 6460409)

table 3 : explain SELECT c FROM sbtest3 WHERE id=73314
	Index Scan using sbtest3_pkey on sbtest3  (cost=0.43..8.45 rows=1 width=121)
	  Index Cond: (id = 73314)

table 4 : explain SELECT c FROM sbtest4 WHERE id=6892003
	Index Scan using sbtest4_pkey on sbtest4  (cost=0.43..8.45 rows=1 width=121)
	  Index Cond: (id = 6892003)

table 5 : explain SELECT c FROM sbtest5 WHERE id=5593495
	Index Scan using sbtest5_pkey on sbtest5  (cost=0.43..8.45 rows=1 width=121)
	  Index Cond: (id = 5593495)

table 6 : explain SELECT c FROM sbtest6 WHERE id=6131528
	Index Scan using sbtest6_pkey on sbtest6  (cost=0.43..8.45 rows=1 width=121)
	  Index Cond: (id = 6131528)

table 7 : explain SELECT c FROM sbtest7 WHERE id=4131918
	Index Scan using sbtest7_pkey on sbtest7  (cost=0.43..8.45 rows=1 width=121)
	  Index Cond: (id = 4131918)

table 8 : explain SELECT c FROM sbtest8 WHERE id=641411
	Index Scan using sbtest8_pkey on sbtest8  (cost=0.43..8.45 rows=1 width=121)
	  Index Cond: (id = 641411)

explain: for point_selects :: explain SELECT c FROM sbtest%u WHERE id=%u
for: order_ranges
table 1 : explain SELECT c FROM sbtest1 WHERE id BETWEEN 6280940 AND 6281039 ORDER BY c
	Sort  (cost=384.54..384.78 rows=95 width=121)
	  Sort Key: c
	  ->  Index Scan using sbtest1_pkey on sbtest1  (cost=0.43..381.42 rows=95 width=121)
	        Index Cond: ((id >= 6280940) AND (id <= 6281039))

table 2 : explain SELECT c FROM sbtest2 WHERE id BETWEEN 1421634 AND 1421733 ORDER BY c
	Sort  (cost=404.66..404.91 rows=100 width=121)
	  Sort Key: c
	  ->  Index Scan using sbtest2_pkey on sbtest2  (cost=0.43..401.34 rows=100 width=121)
	        Index Cond: ((id >= 1421634) AND (id <= 1421733))

table 3 : explain SELECT c FROM sbtest3 WHERE id BETWEEN 8416431 AND 8416530 ORDER BY c
	Sort  (cost=380.40..380.64 rows=94 width=121)
	  Sort Key: c
	  ->  Index Scan using sbtest3_pkey on sbtest3  (cost=0.43..377.32 rows=94 width=121)
	        Index Cond: ((id >= 8416431) AND (id <= 8416530))

table 4 : explain SELECT c FROM sbtest4 WHERE id BETWEEN 2689420 AND 2689519 ORDER BY c
	Sort  (cost=423.53..423.80 rows=105 width=121)
	  Sort Key: c
	  ->  Index Scan using sbtest4_pkey on sbtest4  (cost=0.43..420.01 rows=105 width=121)
	        Index Cond: ((id >= 2689420) AND (id <= 2689519))

table 5 : explain SELECT c FROM sbtest5 WHERE id BETWEEN 5712369 AND 5712468 ORDER BY c
	Sort  (cost=419.34..419.60 rows=104 width=121)
	  Sort Key: c
	  ->  Index Scan using sbtest5_pkey on sbtest5  (cost=0.43..415.86 rows=104 width=121)
	        Index Cond: ((id >= 5712369) AND (id <= 5712468))

table 6 : explain SELECT c FROM sbtest6 WHERE id BETWEEN 4858755 AND 4858854 ORDER BY c
	Sort  (cost=375.14..375.37 rows=93 width=121)
	  Sort Key: c
	  ->  Index Scan using sbtest6_pkey on sbtest6  (cost=0.43..372.10 rows=93 width=121)
	        Index Cond: ((id >= 4858755) AND (id <= 4858854))

table 7 : explain SELECT c FROM sbtest7 WHERE id BETWEEN 5390091 AND 5390190 ORDER BY c
	Sort  (cost=402.82..403.07 rows=100 width=121)
	  Sort Key: c
	  ->  Index Scan using sbtest7_pkey on sbtest7  (cost=0.43..399.50 rows=100 width=121)
	        Index Cond: ((id >= 5390091) AND (id <= 5390190))

table 8 : explain SELECT c FROM sbtest8 WHERE id BETWEEN 7664806 AND 7664905 ORDER BY c
	Sort  (cost=371.17..371.40 rows=92 width=121)
	  Sort Key: c
	  ->  Index Scan using sbtest8_pkey on sbtest8  (cost=0.43..368.16 rows=92 width=121)
	        Index Cond: ((id >= 7664806) AND (id <= 7664905))

for: order_ranges
table 1 : explain SELECT c FROM sbtest1 WHERE id BETWEEN 7860888 AND 7860987 ORDER BY c
	Sort  (cost=420.63..420.89 rows=104 width=121)
	  Sort Key: c
	  ->  Index Scan using sbtest1_pkey on sbtest1  (cost=0.43..417.14 rows=104 width=121)
	        Index Cond: ((id >= 7860888) AND (id <= 7860987))

table 2 : explain SELECT c FROM sbtest2 WHERE id BETWEEN 8039019 AND 8039118 ORDER BY c
	Sort  (cost=388.63..388.87 rows=96 width=121)
	  Sort Key: c
	  ->  Index Scan using sbtest2_pkey on sbtest2  (cost=0.43..385.46 rows=96 width=121)
	        Index Cond: ((id >= 8039019) AND (id <= 8039118))

table 3 : explain SELECT c FROM sbtest3 WHERE id BETWEEN 344457 AND 344556 ORDER BY c
	Sort  (cost=392.42..392.66 rows=97 width=121)
	  Sort Key: c
	  ->  Index Scan using sbtest3_pkey on sbtest3  (cost=0.43..389.22 rows=97 width=121)
	        Index Cond: ((id >= 344457) AND (id <= 344556))

table 4 : explain SELECT c FROM sbtest4 WHERE id BETWEEN 117477 AND 117576 ORDER BY c
	Sort  (cost=387.54..387.78 rows=96 width=121)
	  Sort Key: c
	  ->  Index Scan using sbtest4_pkey on sbtest4  (cost=0.43..384.38 rows=96 width=121)
	        Index Cond: ((id >= 117477) AND (id <= 117576))

table 5 : explain SELECT c FROM sbtest5 WHERE id BETWEEN 7911875 AND 7911974 ORDER BY c
	Sort  (cost=375.38..375.61 rows=93 width=121)
	  Sort Key: c
	  ->  Index Scan using sbtest5_pkey on sbtest5  (cost=0.43..372.34 rows=93 width=121)
	        Index Cond: ((id >= 7911875) AND (id <= 7911974))

table 6 : explain SELECT c FROM sbtest6 WHERE id BETWEEN 4923035 AND 4923134 ORDER BY c
	Sort  (cost=367.15..367.38 rows=91 width=121)
	  Sort Key: c
	  ->  Index Scan using sbtest6_pkey on sbtest6  (cost=0.43..364.19 rows=91 width=121)
	        Index Cond: ((id >= 4923035) AND (id <= 4923134))

table 7 : explain SELECT c FROM sbtest7 WHERE id BETWEEN 5844409 AND 5844508 ORDER BY c
	Sort  (cost=418.78..419.04 rows=104 width=121)
	  Sort Key: c
	  ->  Index Scan using sbtest7_pkey on sbtest7  (cost=0.43..415.29 rows=104 width=121)
	        Index Cond: ((id >= 5844409) AND (id <= 5844508))

table 8 : explain SELECT c FROM sbtest8 WHERE id BETWEEN 4940212 AND 4940311 ORDER BY c
	Sort  (cost=431.08..431.34 rows=107 width=121)
	  Sort Key: c
	  ->  Index Scan using sbtest8_pkey on sbtest8  (cost=0.43..427.47 rows=107 width=121)
	        Index Cond: ((id >= 4940212) AND (id <= 4940311))

explain: for point_selects :: explain SELECT c FROM sbtest%u WHERE id=%u
for: distinct_ranges
table 1 : explain SELECT DISTINCT c FROM sbtest1 WHERE id BETWEEN 364417 AND 364516 ORDER BY c
	Unique  (cost=428.65..429.18 rows=106 width=121)
	  ->  Sort  (cost=428.65..428.91 rows=106 width=121)
	        Sort Key: c
	        ->  Index Scan using sbtest1_pkey on sbtest1  (cost=0.43..425.08 rows=106 width=121)
	              Index Cond: ((id >= 364417) AND (id <= 364516))

table 2 : explain SELECT DISTINCT c FROM sbtest2 WHERE id BETWEEN 2776426 AND 2776525 ORDER BY c
	Unique  (cost=400.65..401.15 rows=99 width=121)
	  ->  Sort  (cost=400.65..400.90 rows=99 width=121)
	        Sort Key: c
	        ->  Index Scan using sbtest2_pkey on sbtest2  (cost=0.43..397.37 rows=99 width=121)
	              Index Cond: ((id >= 2776426) AND (id <= 2776525))

table 3 : explain SELECT DISTINCT c FROM sbtest3 WHERE id BETWEEN 2875916 AND 2876015 ORDER BY c
	Unique  (cost=424.49..425.01 rows=105 width=121)
	  ->  Sort  (cost=424.49..424.75 rows=105 width=121)
	        Sort Key: c
	        ->  Index Scan using sbtest3_pkey on sbtest3  (cost=0.43..420.96 rows=105 width=121)
	              Index Cond: ((id >= 2875916) AND (id <= 2876015))

table 4 : explain SELECT DISTINCT c FROM sbtest4 WHERE id BETWEEN 7189873 AND 7189972 ORDER BY c
	Unique  (cost=407.54..408.05 rows=101 width=121)
	  ->  Sort  (cost=407.54..407.80 rows=101 width=121)
	        Sort Key: c
	        ->  Index Scan using sbtest4_pkey on sbtest4  (cost=0.43..404.18 rows=101 width=121)
	              Index Cond: ((id >= 7189873) AND (id <= 7189972))

table 5 : explain SELECT DISTINCT c FROM sbtest5 WHERE id BETWEEN 4095692 AND 4095791 ORDER BY c
	Unique  (cost=399.36..399.86 rows=99 width=121)
	  ->  Sort  (cost=399.36..399.61 rows=99 width=121)
	        Sort Key: c
	        ->  Index Scan using sbtest5_pkey on sbtest5  (cost=0.43..396.08 rows=99 width=121)
	              Index Cond: ((id >= 4095692) AND (id <= 4095791))

table 6 : explain SELECT DISTINCT c FROM sbtest6 WHERE id BETWEEN 609897 AND 609996 ORDER BY c
	Unique  (cost=387.11..387.59 rows=96 width=121)
	  ->  Sort  (cost=387.11..387.35 rows=96 width=121)
	        Sort Key: c
	        ->  Index Scan using sbtest6_pkey on sbtest6  (cost=0.43..383.95 rows=96 width=121)
	              Index Cond: ((id >= 609897) AND (id <= 609996))

table 7 : explain SELECT DISTINCT c FROM sbtest7 WHERE id BETWEEN 4091272 AND 4091371 ORDER BY c
	Unique  (cost=446.71..447.26 rows=111 width=121)
	  ->  Sort  (cost=446.71..446.99 rows=111 width=121)
	        Sort Key: c
	        ->  Index Scan using sbtest7_pkey on sbtest7  (cost=0.43..442.94 rows=111 width=121)
	              Index Cond: ((id >= 4091272) AND (id <= 4091371))

table 8 : explain SELECT DISTINCT c FROM sbtest8 WHERE id BETWEEN 5294863 AND 5294962 ORDER BY c
	Unique  (cost=403.12..403.62 rows=100 width=121)
	  ->  Sort  (cost=403.12..403.37 rows=100 width=121)
	        Sort Key: c
	        ->  Index Scan using sbtest8_pkey on sbtest8  (cost=0.43..399.80 rows=100 width=121)
	              Index Cond: ((id >= 5294863) AND (id <= 5294962))

for: order_ranges
table 1 : explain SELECT c FROM sbtest1 WHERE id BETWEEN 9130633 AND 9130732 ORDER BY c
	Sort  (cost=428.65..428.91 rows=106 width=121)
	  Sort Key: c
	  ->  Index Scan using sbtest1_pkey on sbtest1  (cost=0.43..425.08 rows=106 width=121)
	        Index Cond: ((id >= 9130633) AND (id <= 9130732))

table 2 : explain SELECT c FROM sbtest2 WHERE id BETWEEN 720642 AND 720741 ORDER BY c
	Sort  (cost=412.69..412.95 rows=102 width=121)
	  Sort Key: c
	  ->  Index Scan using sbtest2_pkey on sbtest2  (cost=0.43..409.29 rows=102 width=121)
	        Index Cond: ((id >= 720642) AND (id <= 720741))

table 3 : explain SELECT c FROM sbtest3 WHERE id BETWEEN 5868071 AND 5868170 ORDER BY c
	Sort  (cost=356.37..356.59 rows=88 width=121)
	  Sort Key: c
	  ->  Index Scan using sbtest3_pkey on sbtest3  (cost=0.43..353.53 rows=88 width=121)
	        Index Cond: ((id >= 5868071) AND (id <= 5868170))

table 4 : explain SELECT c FROM sbtest4 WHERE id BETWEEN 9696455 AND 9696554 ORDER BY c
	Sort  (cost=407.54..407.80 rows=101 width=121)
	  Sort Key: c
	  ->  Index Scan using sbtest4_pkey on sbtest4  (cost=0.43..404.18 rows=101 width=121)
	        Index Cond: ((id >= 9696455) AND (id <= 9696554))

table 5 : explain SELECT c FROM sbtest5 WHERE id BETWEEN 4058551 AND 4058650 ORDER BY c
	Sort  (cost=411.35..411.61 rows=102 width=121)
	  Sort Key: c
	  ->  Index Scan using sbtest5_pkey on sbtest5  (cost=0.43..407.95 rows=102 width=121)
	        Index Cond: ((id >= 4058551) AND (id <= 4058650))

table 6 : explain SELECT c FROM sbtest6 WHERE id BETWEEN 6766654 AND 6766753 ORDER BY c
	Sort  (cost=399.11..399.36 rows=99 width=121)
	  Sort Key: c
	  ->  Index Scan using sbtest6_pkey on sbtest6  (cost=0.43..395.83 rows=99 width=121)
	        Index Cond: ((id >= 6766654) AND (id <= 6766753))

table 7 : explain SELECT c FROM sbtest7 WHERE id BETWEEN 522220 AND 522319 ORDER BY c
	Sort  (cost=414.79..415.04 rows=103 width=121)
	  Sort Key: c
	  ->  Index Scan using sbtest7_pkey on sbtest7  (cost=0.43..411.34 rows=103 width=121)
	        Index Cond: ((id >= 522220) AND (id <= 522319))

table 8 : explain SELECT c FROM sbtest8 WHERE id BETWEEN 6446485 AND 6446584 ORDER BY c
	Sort  (cost=395.14..395.38 rows=98 width=121)
	  Sort Key: c
	  ->  Index Scan using sbtest8_pkey on sbtest8  (cost=0.43..391.90 rows=98 width=121)
	        Index Cond: ((id >= 6446485) AND (id <= 6446584))

for: simple_ranges
table 1 : explain SELECT c FROM sbtest1 WHERE id BETWEEN 3245813 AND 3245912
	Index Scan using sbtest1_pkey on sbtest1  (cost=0.43..397.29 rows=99 width=121)
	  Index Cond: ((id >= 3245813) AND (id <= 3245912))

table 2 : explain SELECT c FROM sbtest2 WHERE id BETWEEN 9176231 AND 9176330
	Index Scan using sbtest2_pkey on sbtest2  (cost=0.43..393.40 rows=98 width=121)
	  Index Cond: ((id >= 9176231) AND (id <= 9176330))

table 3 : explain SELECT c FROM sbtest3 WHERE id BETWEEN 3490035 AND 3490134
	Index Scan using sbtest3_pkey on sbtest3  (cost=0.43..381.29 rows=95 width=121)
	  Index Cond: ((id >= 3490035) AND (id <= 3490134))

table 4 : explain SELECT c FROM sbtest4 WHERE id BETWEEN 2628853 AND 2628952
	Index Scan using sbtest4_pkey on sbtest4  (cost=0.43..420.01 rows=105 width=121)
	  Index Cond: ((id >= 2628853) AND (id <= 2628952))

table 5 : explain SELECT c FROM sbtest5 WHERE id BETWEEN 3308660 AND 3308759
	Index Scan using sbtest5_pkey on sbtest5  (cost=0.43..415.86 rows=104 width=121)
	  Index Cond: ((id >= 3308660) AND (id <= 3308759))

table 6 : explain SELECT c FROM sbtest6 WHERE id BETWEEN 2832585 AND 2832684
	Index Scan using sbtest6_pkey on sbtest6  (cost=0.43..387.91 rows=97 width=121)
	  Index Cond: ((id >= 2832585) AND (id <= 2832684))

table 7 : explain SELECT c FROM sbtest7 WHERE id BETWEEN 8284604 AND 8284703
	Index Scan using sbtest7_pkey on sbtest7  (cost=0.43..427.14 rows=107 width=121)
	  Index Cond: ((id >= 8284604) AND (id <= 8284703))

table 8 : explain SELECT c FROM sbtest8 WHERE id BETWEEN 2187542 AND 2187641
	Index Scan using sbtest8_pkey on sbtest8  (cost=0.43..391.90 rows=98 width=121)
	  Index Cond: ((id >= 2187542) AND (id <= 2187641))

for point_selects
table 1 : explain SELECT c FROM sbtest1 WHERE id=1827795
	Index Scan using sbtest1_pkey on sbtest1  (cost=0.43..8.45 rows=1 width=121)
	  Index Cond: (id = 1827795)

table 2 : explain SELECT c FROM sbtest2 WHERE id=3993109
	Index Scan using sbtest2_pkey on sbtest2  (cost=0.43..8.45 rows=1 width=121)
	  Index Cond: (id = 3993109)

table 3 : explain SELECT c FROM sbtest3 WHERE id=3275779
	Index Scan using sbtest3_pkey on sbtest3  (cost=0.43..8.45 rows=1 width=121)
	  Index Cond: (id = 3275779)

table 4 : explain SELECT c FROM sbtest4 WHERE id=7895217
	Index Scan using sbtest4_pkey on sbtest4  (cost=0.43..8.45 rows=1 width=121)
	  Index Cond: (id = 7895217)

table 5 : explain SELECT c FROM sbtest5 WHERE id=5229659
	Index Scan using sbtest5_pkey on sbtest5  (cost=0.43..8.45 rows=1 width=121)
	  Index Cond: (id = 5229659)

table 6 : explain SELECT c FROM sbtest6 WHERE id=6624741
	Index Scan using sbtest6_pkey on sbtest6  (cost=0.43..8.45 rows=1 width=121)
	  Index Cond: (id = 6624741)

table 7 : explain SELECT c FROM sbtest7 WHERE id=7879483
	Index Scan using sbtest7_pkey on sbtest7  (cost=0.43..8.45 rows=1 width=121)
	  Index Cond: (id = 7879483)

table 8 : explain SELECT c FROM sbtest8 WHERE id=4183915
	Index Scan using sbtest8_pkey on sbtest8  (cost=0.43..8.45 rows=1 width=121)
	  Index Cond: (id = 4183915)

for: distinct_ranges
table 1 : explain SELECT DISTINCT c FROM sbtest1 WHERE id BETWEEN 9102132 AND 9102231 ORDER BY c
	Unique  (cost=384.54..385.02 rows=95 width=121)
	  ->  Sort  (cost=384.54..384.78 rows=95 width=121)
	        Sort Key: c
	        ->  Index Scan using sbtest1_pkey on sbtest1  (cost=0.43..381.42 rows=95 width=121)
	              Index Cond: ((id >= 9102132) AND (id <= 9102231))

table 2 : explain SELECT DISTINCT c FROM sbtest2 WHERE id BETWEEN 4019620 AND 4019719 ORDER BY c
	Unique  (cost=420.71..421.23 rows=104 width=121)
	  ->  Sort  (cost=420.71..420.97 rows=104 width=121)
	        Sort Key: c
	        ->  Index Scan using sbtest2_pkey on sbtest2  (cost=0.43..417.22 rows=104 width=121)
	              Index Cond: ((id >= 4019620) AND (id <= 4019719))

table 3 : explain SELECT DISTINCT c FROM sbtest3 WHERE id BETWEEN 8959484 AND 8959583 ORDER BY c
	Unique  (cost=356.37..356.81 rows=88 width=121)
	  ->  Sort  (cost=356.37..356.59 rows=88 width=121)
	        Sort Key: c
	        ->  Index Scan using sbtest3_pkey on sbtest3  (cost=0.43..353.53 rows=88 width=121)
	              Index Cond: ((id >= 8959484) AND (id <= 8959583))

table 4 : explain SELECT DISTINCT c FROM sbtest4 WHERE id BETWEEN 746784 AND 746883 ORDER BY c
	Unique  (cost=407.54..408.05 rows=101 width=121)
	  ->  Sort  (cost=407.54..407.80 rows=101 width=121)
	        Sort Key: c
	        ->  Index Scan using sbtest4_pkey on sbtest4  (cost=0.43..404.18 rows=101 width=121)
	              Index Cond: ((id >= 746784) AND (id <= 746883))

table 5 : explain SELECT DISTINCT c FROM sbtest5 WHERE id BETWEEN 3909234 AND 3909333 ORDER BY c
	Unique  (cost=427.33..427.86 rows=106 width=121)
	  ->  Sort  (cost=427.33..427.60 rows=106 width=121)
	        Sort Key: c
	        ->  Index Scan using sbtest5_pkey on sbtest5  (cost=0.43..423.77 rows=106 width=121)
	              Index Cond: ((id >= 3909234) AND (id <= 3909333))

table 6 : explain SELECT DISTINCT c FROM sbtest6 WHERE id BETWEEN 3319747 AND 3319846 ORDER BY c
	Unique  (cost=439.04..439.58 rows=109 width=121)
	  ->  Sort  (cost=439.04..439.31 rows=109 width=121)
	        Sort Key: c
	        ->  Index Scan using sbtest6_pkey on sbtest6  (cost=0.43..435.35 rows=109 width=121)
	              Index Cond: ((id >= 3319747) AND (id <= 3319846))

table 7 : explain SELECT DISTINCT c FROM sbtest7 WHERE id BETWEEN 8031133 AND 8031232 ORDER BY c
	Unique  (cost=374.87..375.34 rows=93 width=121)
	  ->  Sort  (cost=374.87..375.11 rows=93 width=121)
	        Sort Key: c
	        ->  Index Scan using sbtest7_pkey on sbtest7  (cost=0.43..371.83 rows=93 width=121)
	              Index Cond: ((id >= 8031133) AND (id <= 8031232))

table 8 : explain SELECT DISTINCT c FROM sbtest8 WHERE id BETWEEN 5025417 AND 5025516 ORDER BY c
	Unique  (cost=419.10..419.62 rows=104 width=121)
	  ->  Sort  (cost=419.10..419.36 rows=104 width=121)
	        Sort Key: c
	        ->  Index Scan using sbtest8_pkey on sbtest8  (cost=0.43..415.61 rows=104 width=121)
	              Index Cond: ((id >= 5025417) AND (id <= 5025516))

explain: for point_selects :: explain SELECT c FROM sbtest%u WHERE id=%u
for point_selects
table 1 : explain SELECT c FROM sbtest1 WHERE id=6558420
	Index Scan using sbtest1_pkey on sbtest1  (cost=0.43..8.45 rows=1 width=121)
	  Index Cond: (id = 6558420)

table 2 : explain SELECT c FROM sbtest2 WHERE id=6769946
	Index Scan using sbtest2_pkey on sbtest2  (cost=0.43..8.45 rows=1 width=121)
	  Index Cond: (id = 6769946)

table 3 : explain SELECT c FROM sbtest3 WHERE id=3247740
	Index Scan using sbtest3_pkey on sbtest3  (cost=0.43..8.45 rows=1 width=121)
	  Index Cond: (id = 3247740)

table 4 : explain SELECT c FROM sbtest4 WHERE id=4248309
	Index Scan using sbtest4_pkey on sbtest4  (cost=0.43..8.45 rows=1 width=121)
	  Index Cond: (id = 4248309)

table 5 : explain SELECT c FROM sbtest5 WHERE id=9866206
	Index Scan using sbtest5_pkey on sbtest5  (cost=0.43..8.45 rows=1 width=121)
	  Index Cond: (id = 9866206)

table 6 : explain SELECT c FROM sbtest6 WHERE id=5109329
	Index Scan using sbtest6_pkey on sbtest6  (cost=0.43..8.45 rows=1 width=121)
	  Index Cond: (id = 5109329)

table 7 : explain SELECT c FROM sbtest7 WHERE id=5276283
	Index Scan using sbtest7_pkey on sbtest7  (cost=0.43..8.45 rows=1 width=121)
	  Index Cond: (id = 5276283)

table 8 : explain SELECT c FROM sbtest8 WHERE id=1240648
	Index Scan using sbtest8_pkey on sbtest8  (cost=0.43..8.45 rows=1 width=121)
	  Index Cond: (id = 1240648)

for: distinct_ranges
table 1 : explain SELECT DISTINCT c FROM sbtest1 WHERE id BETWEEN 3435318 AND 3435417 ORDER BY c
	Unique  (cost=384.54..385.02 rows=95 width=121)
	  ->  Sort  (cost=384.54..384.78 rows=95 width=121)
	        Sort Key: c
	        ->  Index Scan using sbtest1_pkey on sbtest1  (cost=0.43..381.42 rows=95 width=121)
	              Index Cond: ((id >= 3435318) AND (id <= 3435417))

table 2 : explain SELECT DISTINCT c FROM sbtest2 WHERE id BETWEEN 2534440 AND 2534539 ORDER BY c
	Unique  (cost=392.63..393.12 rows=97 width=121)
	  ->  Sort  (cost=392.63..392.88 rows=97 width=121)
	        Sort Key: c
	        ->  Index Scan using sbtest2_pkey on sbtest2  (cost=0.43..389.43 rows=97 width=121)
	              Index Cond: ((id >= 2534440) AND (id <= 2534539))

table 3 : explain SELECT DISTINCT c FROM sbtest3 WHERE id BETWEEN 6050087 AND 6050186 ORDER BY c
	Unique  (cost=416.47..416.99 rows=103 width=121)
	  ->  Sort  (cost=416.47..416.73 rows=103 width=121)
	        Sort Key: c
	        ->  Index Scan using sbtest3_pkey on sbtest3  (cost=0.43..413.03 rows=103 width=121)
	              Index Cond: ((id >= 6050087) AND (id <= 6050186))

table 4 : explain SELECT DISTINCT c FROM sbtest4 WHERE id BETWEEN 7305433 AND 7305532 ORDER BY c
	Unique  (cost=399.55..400.05 rows=99 width=121)
	  ->  Sort  (cost=399.55..399.80 rows=99 width=121)
	        Sort Key: c
	        ->  Index Scan using sbtest4_pkey on sbtest4  (cost=0.43..396.27 rows=99 width=121)
	              Index Cond: ((id >= 7305433) AND (id <= 7305532))

table 5 : explain SELECT DISTINCT c FROM sbtest5 WHERE id BETWEEN 8075332 AND 8075431 ORDER BY c
	Unique  (cost=387.36..387.84 rows=96 width=121)
	  ->  Sort  (cost=387.36..387.60 rows=96 width=121)
	        Sort Key: c
	        ->  Index Scan using sbtest5_pkey on sbtest5  (cost=0.43..384.20 rows=96 width=121)
	              Index Cond: ((id >= 8075332) AND (id <= 8075431))

table 6 : explain SELECT DISTINCT c FROM sbtest6 WHERE id BETWEEN 4446555 AND 4446654 ORDER BY c
	Unique  (cost=363.16..363.61 rows=90 width=121)
	  ->  Sort  (cost=363.16..363.39 rows=90 width=121)
	        Sort Key: c
	        ->  Index Scan using sbtest6_pkey on sbtest6  (cost=0.43..360.24 rows=90 width=121)
	              Index Cond: ((id >= 4446555) AND (id <= 4446654))

table 7 : explain SELECT DISTINCT c FROM sbtest7 WHERE id BETWEEN 5484530 AND 5484629 ORDER BY c
	Unique  (cost=434.74..435.28 rows=108 width=121)
	  ->  Sort  (cost=434.74..435.01 rows=108 width=121)
	        Sort Key: c
	        ->  Index Scan using sbtest7_pkey on sbtest7  (cost=0.43..431.09 rows=108 width=121)
	              Index Cond: ((id >= 5484530) AND (id <= 5484629))

table 8 : explain SELECT DISTINCT c FROM sbtest8 WHERE id BETWEEN 7054491 AND 7054590 ORDER BY c
	Unique  (cost=423.09..423.61 rows=105 width=121)
	  ->  Sort  (cost=423.09..423.35 rows=105 width=121)
	        Sort Key: c
	        ->  Index Scan using sbtest8_pkey on sbtest8  (cost=0.43..419.56 rows=105 width=121)
	              Index Cond: ((id >= 7054491) AND (id <= 7054590))

for: simple_ranges
table 1 : explain SELECT c FROM sbtest1 WHERE id BETWEEN 7263121 AND 7263220
	Index Scan using sbtest1_pkey on sbtest1  (cost=0.43..377.46 rows=94 width=121)
	  Index Cond: ((id >= 7263121) AND (id <= 7263220))

table 2 : explain SELECT c FROM sbtest2 WHERE id BETWEEN 4320063 AND 4320162
	Index Scan using sbtest2_pkey on sbtest2  (cost=0.43..397.37 rows=99 width=121)
	  Index Cond: ((id >= 4320063) AND (id <= 4320162))

table 3 : explain SELECT c FROM sbtest3 WHERE id BETWEEN 653897 AND 653996
	Index Scan using sbtest3_pkey on sbtest3  (cost=0.43..420.96 rows=105 width=121)
	  Index Cond: ((id >= 653897) AND (id <= 653996))

table 4 : explain SELECT c FROM sbtest4 WHERE id BETWEEN 8539742 AND 8539841
	Index Scan using sbtest4_pkey on sbtest4  (cost=0.43..447.71 rows=112 width=121)
	  Index Cond: ((id >= 8539742) AND (id <= 8539841))

table 5 : explain SELECT c FROM sbtest5 WHERE id BETWEEN 1039101 AND 1039200
	Index Scan using sbtest5_pkey on sbtest5  (cost=0.43..423.77 rows=106 width=121)
	  Index Cond: ((id >= 1039101) AND (id <= 1039200))

table 6 : explain SELECT c FROM sbtest6 WHERE id BETWEEN 4093985 AND 4094084
	Index Scan using sbtest6_pkey on sbtest6  (cost=0.43..407.68 rows=102 width=121)
	  Index Cond: ((id >= 4093985) AND (id <= 4094084))

table 7 : explain SELECT c FROM sbtest7 WHERE id BETWEEN 9814596 AND 9814695
	Index Scan using sbtest7_pkey on sbtest7  (cost=0.43..399.50 rows=100 width=121)
	  Index Cond: ((id >= 9814596) AND (id <= 9814695))

table 8 : explain SELECT c FROM sbtest8 WHERE id BETWEEN 9049431 AND 9049530
	Index Scan using sbtest8_pkey on sbtest8  (cost=0.43..372.12 rows=93 width=121)
	  Index Cond: ((id >= 9049431) AND (id <= 9049530))

for: sum_ranges
table 1 : explain SELECT SUM(k) FROM sbtest1 WHERE id BETWEEN 8215621 AND 8215720
	Aggregate  (cost=433.28..433.29 rows=1 width=8)
	  ->  Index Scan using sbtest1_pkey on sbtest1  (cost=0.43..433.01 rows=108 width=4)
	        Index Cond: ((id >= 8215621) AND (id <= 8215720))

table 2 : explain SELECT SUM(k) FROM sbtest2 WHERE id BETWEEN 8168936 AND 8169035
	Aggregate  (cost=377.76..377.77 rows=1 width=8)
	  ->  Index Scan using sbtest2_pkey on sbtest2  (cost=0.43..377.53 rows=94 width=4)
	        Index Cond: ((id >= 8168936) AND (id <= 8169035))

table 3 : explain SELECT SUM(k) FROM sbtest3 WHERE id BETWEEN 7323461 AND 7323560
	Aggregate  (cost=393.43..393.44 rows=1 width=8)
	  ->  Index Scan using sbtest3_pkey on sbtest3  (cost=0.43..393.19 rows=98 width=4)
	        Index Cond: ((id >= 7323461) AND (id <= 7323560))

table 4 : explain SELECT SUM(k) FROM sbtest4 WHERE id BETWEEN 3746470 AND 3746569
	Aggregate  (cost=376.70..376.71 rows=1 width=8)
	  ->  Index Scan using sbtest4_pkey on sbtest4  (cost=0.43..376.47 rows=94 width=4)
	        Index Cond: ((id >= 3746470) AND (id <= 3746569))

table 5 : explain SELECT SUM(k) FROM sbtest5 WHERE id BETWEEN 5571980 AND 5572079
	Aggregate  (cost=356.74..356.75 rows=1 width=8)
	  ->  Index Scan using sbtest5_pkey on sbtest5  (cost=0.43..356.52 rows=89 width=4)
	        Index Cond: ((id >= 5571980) AND (id <= 5572079))

table 6 : explain SELECT SUM(k) FROM sbtest6 WHERE id BETWEEN 301627 AND 301726
	Aggregate  (cost=356.51..356.52 rows=1 width=8)
	  ->  Index Scan using sbtest6_pkey on sbtest6  (cost=0.43..356.29 rows=89 width=4)
	        Index Cond: ((id >= 301627) AND (id <= 301726))

table 7 : explain SELECT SUM(k) FROM sbtest7 WHERE id BETWEEN 7823657 AND 7823756
	Aggregate  (cost=379.97..379.98 rows=1 width=8)
	  ->  Index Scan using sbtest7_pkey on sbtest7  (cost=0.43..379.73 rows=95 width=4)
	        Index Cond: ((id >= 7823657) AND (id <= 7823756))

table 8 : explain SELECT SUM(k) FROM sbtest8 WHERE id BETWEEN 2633256 AND 2633355
	Aggregate  (cost=400.05..400.06 rows=1 width=8)
	  ->  Index Scan using sbtest8_pkey on sbtest8  (cost=0.43..399.80 rows=100 width=4)
	        Index Cond: ((id >= 2633256) AND (id <= 2633355))

for: distinct_ranges
table 1 : explain SELECT DISTINCT c FROM sbtest1 WHERE id BETWEEN 4834508 AND 4834607 ORDER BY c
	Unique  (cost=416.62..417.14 rows=103 width=121)
	  ->  Sort  (cost=416.62..416.88 rows=103 width=121)
	        Sort Key: c
	        ->  Index Scan using sbtest1_pkey on sbtest1  (cost=0.43..413.18 rows=103 width=121)
	              Index Cond: ((id >= 4834508) AND (id <= 4834607))

table 2 : explain SELECT DISTINCT c FROM sbtest2 WHERE id BETWEEN 6563001 AND 6563100 ORDER BY c
	Unique  (cost=400.65..401.15 rows=99 width=121)
	  ->  Sort  (cost=400.65..400.90 rows=99 width=121)
	        Sort Key: c
	        ->  Index Scan using sbtest2_pkey on sbtest2  (cost=0.43..397.37 rows=99 width=121)
	              Index Cond: ((id >= 6563001) AND (id <= 6563100))

table 3 : explain SELECT DISTINCT c FROM sbtest3 WHERE id BETWEEN 4057101 AND 4057200 ORDER BY c
	Unique  (cost=384.41..384.88 rows=95 width=121)
	  ->  Sort  (cost=384.41..384.65 rows=95 width=121)
	        Sort Key: c
	        ->  Index Scan using sbtest3_pkey on sbtest3  (cost=0.43..381.29 rows=95 width=121)
	              Index Cond: ((id >= 4057101) AND (id <= 4057200))

table 4 : explain SELECT DISTINCT c FROM sbtest4 WHERE id BETWEEN 2929042 AND 2929141 ORDER BY c
	Unique  (cost=423.53..424.06 rows=105 width=121)
	  ->  Sort  (cost=423.53..423.80 rows=105 width=121)
	        Sort Key: c
	        ->  Index Scan using sbtest4_pkey on sbtest4  (cost=0.43..420.01 rows=105 width=121)
	              Index Cond: ((id >= 2929042) AND (id <= 2929141))

table 5 : explain SELECT DISTINCT c FROM sbtest5 WHERE id BETWEEN 3702824 AND 3702923 ORDER BY c
	Unique  (cost=419.34..419.86 rows=104 width=121)
	  ->  Sort  (cost=419.34..419.60 rows=104 width=121)
	        Sort Key: c
	        ->  Index Scan using sbtest5_pkey on sbtest5  (cost=0.43..415.86 rows=104 width=121)
	              Index Cond: ((id >= 3702824) AND (id <= 3702923))

table 6 : explain SELECT DISTINCT c FROM sbtest6 WHERE id BETWEEN 8591166 AND 8591265 ORDER BY c
	Unique  (cost=427.06..427.59 rows=106 width=121)
	  ->  Sort  (cost=427.06..427.32 rows=106 width=121)
	        Sort Key: c
	        ->  Index Scan using sbtest6_pkey on sbtest6  (cost=0.43..423.49 rows=106 width=121)
	              Index Cond: ((id >= 8591166) AND (id <= 8591265))

table 7 : explain SELECT DISTINCT c FROM sbtest7 WHERE id BETWEEN 9870168 AND 9870267 ORDER BY c
	Unique  (cost=402.82..403.32 rows=100 width=121)
	  ->  Sort  (cost=402.82..403.07 rows=100 width=121)
	        Sort Key: c
	        ->  Index Scan using sbtest7_pkey on sbtest7  (cost=0.43..399.50 rows=100 width=121)
	              Index Cond: ((id >= 9870168) AND (id <= 9870267))

table 8 : explain SELECT DISTINCT c FROM sbtest8 WHERE id BETWEEN 7445690 AND 7445789 ORDER BY c
	Unique  (cost=407.12..407.62 rows=101 width=121)
	  ->  Sort  (cost=407.12..407.37 rows=101 width=121)
	        Sort Key: c
	        ->  Index Scan using sbtest8_pkey on sbtest8  (cost=0.43..403.75 rows=101 width=121)
	              Index Cond: ((id >= 7445690) AND (id <= 7445789))

for point_selects
table 1 : explain SELECT c FROM sbtest1 WHERE id=6782314
	Index Scan using sbtest1_pkey on sbtest1  (cost=0.43..8.45 rows=1 width=121)
	  Index Cond: (id = 6782314)

table 2 : explain SELECT c FROM sbtest2 WHERE id=4053440
	Index Scan using sbtest2_pkey on sbtest2  (cost=0.43..8.45 rows=1 width=121)
	  Index Cond: (id = 4053440)

table 3 : explain SELECT c FROM sbtest3 WHERE id=2965713
	Index Scan using sbtest3_pkey on sbtest3  (cost=0.43..8.45 rows=1 width=121)
	  Index Cond: (id = 2965713)

table 4 : explain SELECT c FROM sbtest4 WHERE id=5963155
	Index Scan using sbtest4_pkey on sbtest4  (cost=0.43..8.45 rows=1 width=121)
	  Index Cond: (id = 5963155)

table 5 : explain SELECT c FROM sbtest5 WHERE id=4206625
	Index Scan using sbtest5_pkey on sbtest5  (cost=0.43..8.45 rows=1 width=121)
	  Index Cond: (id = 4206625)

table 6 : explain SELECT c FROM sbtest6 WHERE id=2966934
	Index Scan using sbtest6_pkey on sbtest6  (cost=0.43..8.45 rows=1 width=121)
	  Index Cond: (id = 2966934)

table 7 : explain SELECT c FROM sbtest7 WHERE id=8546889
	Index Scan using sbtest7_pkey on sbtest7  (cost=0.43..8.45 rows=1 width=121)
	  Index Cond: (id = 8546889)

table 8 : explain SELECT c FROM sbtest8 WHERE id=1590130
	Index Scan using sbtest8_pkey on sbtest8  (cost=0.43..8.45 rows=1 width=121)
	  Index Cond: (id = 1590130)

for: simple_ranges
table 1 : explain SELECT c FROM sbtest1 WHERE id BETWEEN 3793976 AND 3794075
	Index Scan using sbtest1_pkey on sbtest1  (cost=0.43..377.46 rows=94 width=121)
	  Index Cond: ((id >= 3793976) AND (id <= 3794075))

table 2 : explain SELECT c FROM sbtest2 WHERE id BETWEEN 2084830 AND 2084929
	Index Scan using sbtest2_pkey on sbtest2  (cost=0.43..401.34 rows=100 width=121)
	  Index Cond: ((id >= 2084830) AND (id <= 2084929))

table 3 : explain SELECT c FROM sbtest3 WHERE id BETWEEN 5078690 AND 5078789
	Index Scan using sbtest3_pkey on sbtest3  (cost=0.43..420.96 rows=105 width=121)
	  Index Cond: ((id >= 5078690) AND (id <= 5078789))

table 4 : explain SELECT c FROM sbtest4 WHERE id BETWEEN 3571342 AND 3571441
	Index Scan using sbtest4_pkey on sbtest4  (cost=0.43..372.51 rows=93 width=121)
	  Index Cond: ((id >= 3571342) AND (id <= 3571441))

table 5 : explain SELECT c FROM sbtest5 WHERE id BETWEEN 7659355 AND 7659454
	Index Scan using sbtest5_pkey on sbtest5  (cost=0.43..415.86 rows=104 width=121)
	  Index Cond: ((id >= 7659355) AND (id <= 7659454))

table 6 : explain SELECT c FROM sbtest6 WHERE id BETWEEN 3788524 AND 3788623
	Index Scan using sbtest6_pkey on sbtest6  (cost=0.43..403.73 rows=101 width=121)
	  Index Cond: ((id >= 3788524) AND (id <= 3788623))

table 7 : explain SELECT c FROM sbtest7 WHERE id BETWEEN 8373664 AND 8373763
	Index Scan using sbtest7_pkey on sbtest7  (cost=0.43..399.50 rows=100 width=121)
	  Index Cond: ((id >= 8373664) AND (id <= 8373763))

table 8 : explain SELECT c FROM sbtest8 WHERE id BETWEEN 8859203 AND 8859302
	Index Scan using sbtest8_pkey on sbtest8  (cost=0.43..391.90 rows=98 width=121)
	  Index Cond: ((id >= 8859203) AND (id <= 8859302))

explain: for point_selects :: explain SELECT c FROM sbtest%u WHERE id=%u
explain: for point_selects :: explain SELECT c FROM sbtest%u WHERE id=%u
for: order_ranges
table 1 : explain SELECT c FROM sbtest1 WHERE id BETWEEN 654042 AND 654141 ORDER BY c
	Sort  (cost=444.68..444.95 rows=110 width=121)
	  Sort Key: c
	  ->  Index Scan using sbtest1_pkey on sbtest1  (cost=0.43..440.95 rows=110 width=121)
	        Index Cond: ((id >= 654042) AND (id <= 654141))

table 2 : explain SELECT c FROM sbtest2 WHERE id BETWEEN 7468676 AND 7468775 ORDER BY c
	Sort  (cost=420.71..420.97 rows=104 width=121)
	  Sort Key: c
	  ->  Index Scan using sbtest2_pkey on sbtest2  (cost=0.43..417.22 rows=104 width=121)
	        Index Cond: ((id >= 7468676) AND (id <= 7468775))

table 3 : explain SELECT c FROM sbtest3 WHERE id BETWEEN 9652296 AND 9652395 ORDER BY c
	Sort  (cost=420.48..420.74 rows=104 width=121)
	  Sort Key: c
	  ->  Index Scan using sbtest3_pkey on sbtest3  (cost=0.43..417.00 rows=104 width=121)
	        Index Cond: ((id >= 9652296) AND (id <= 9652395))

table 4 : explain SELECT c FROM sbtest4 WHERE id BETWEEN 424807 AND 424906 ORDER BY c
	Sort  (cost=427.53..427.80 rows=106 width=121)
	  Sort Key: c
	  ->  Index Scan using sbtest4_pkey on sbtest4  (cost=0.43..423.97 rows=106 width=121)
	        Index Cond: ((id >= 424807) AND (id <= 424906))

table 5 : explain SELECT c FROM sbtest5 WHERE id BETWEEN 451424 AND 451523 ORDER BY c
	Sort  (cost=367.39..367.62 rows=91 width=121)
	  Sort Key: c
	  ->  Index Scan using sbtest5_pkey on sbtest5  (cost=0.43..364.43 rows=91 width=121)
	        Index Cond: ((id >= 451424) AND (id <= 451523))

table 6 : explain SELECT c FROM sbtest6 WHERE id BETWEEN 2629277 AND 2629376 ORDER BY c
	Sort  (cost=407.09..407.35 rows=101 width=121)
	  Sort Key: c
	  ->  Index Scan using sbtest6_pkey on sbtest6  (cost=0.43..403.73 rows=101 width=121)
	        Index Cond: ((id >= 2629277) AND (id <= 2629376))

table 7 : explain SELECT c FROM sbtest7 WHERE id BETWEEN 5858537 AND 5858636 ORDER BY c
	Sort  (cost=418.78..419.04 rows=104 width=121)
	  Sort Key: c
	  ->  Index Scan using sbtest7_pkey on sbtest7  (cost=0.43..415.29 rows=104 width=121)
	        Index Cond: ((id >= 5858537) AND (id <= 5858636))

table 8 : explain SELECT c FROM sbtest8 WHERE id BETWEEN 9570888 AND 9570987 ORDER BY c
	Sort  (cost=391.14..391.39 rows=97 width=121)
	  Sort Key: c
	  ->  Index Scan using sbtest8_pkey on sbtest8  (cost=0.43..387.94 rows=97 width=121)
	        Index Cond: ((id >= 9570888) AND (id <= 9570987))

for: sum_ranges
table 1 : explain SELECT SUM(k) FROM sbtest1 WHERE id BETWEEN 8302063 AND 8302162
	Aggregate  (cost=429.31..429.32 rows=1 width=8)
	  ->  Index Scan using sbtest1_pkey on sbtest1  (cost=0.43..429.05 rows=107 width=4)
	        Index Cond: ((id >= 8302063) AND (id <= 8302162))

table 2 : explain SELECT SUM(k) FROM sbtest2 WHERE id BETWEEN 4054770 AND 4054869
	Aggregate  (cost=417.48..417.49 rows=1 width=8)
	  ->  Index Scan using sbtest2_pkey on sbtest2  (cost=0.43..417.22 rows=104 width=4)
	        Index Cond: ((id >= 4054770) AND (id <= 4054869))

table 3 : explain SELECT SUM(k) FROM sbtest3 WHERE id BETWEEN 3132845 AND 3132944
	Aggregate  (cost=373.59..373.60 rows=1 width=8)
	  ->  Index Scan using sbtest3_pkey on sbtest3  (cost=0.43..373.36 rows=93 width=4)
	        Index Cond: ((id >= 3132845) AND (id <= 3132944))

table 4 : explain SELECT SUM(k) FROM sbtest4 WHERE id BETWEEN 3646037 AND 3646136
	Aggregate  (cost=412.35..412.36 rows=1 width=8)
	  ->  Index Scan using sbtest4_pkey on sbtest4  (cost=0.43..412.10 rows=103 width=4)
	        Index Cond: ((id >= 3646037) AND (id <= 3646136))

table 5 : explain SELECT SUM(k) FROM sbtest5 WHERE id BETWEEN 86743 AND 86842
	Aggregate  (cost=364.66..364.67 rows=1 width=8)
	  ->  Index Scan using sbtest5_pkey on sbtest5  (cost=0.43..364.43 rows=91 width=4)
	        Index Cond: ((id >= 86743) AND (id <= 86842))

table 6 : explain SELECT SUM(k) FROM sbtest6 WHERE id BETWEEN 8845504 AND 8845603
	Aggregate  (cost=431.67..431.68 rows=1 width=8)
	  ->  Index Scan using sbtest6_pkey on sbtest6  (cost=0.43..431.40 rows=108 width=4)
	        Index Cond: ((id >= 8845504) AND (id <= 8845603))

table 7 : explain SELECT SUM(k) FROM sbtest7 WHERE id BETWEEN 3854814 AND 3854913
	Aggregate  (cost=387.87..387.88 rows=1 width=8)
	  ->  Index Scan using sbtest7_pkey on sbtest7  (cost=0.43..387.63 rows=97 width=4)
	        Index Cond: ((id >= 3854814) AND (id <= 3854913))

table 8 : explain SELECT SUM(k) FROM sbtest8 WHERE id BETWEEN 8150866 AND 8150965
	Aggregate  (cost=396.10..396.11 rows=1 width=8)
	  ->  Index Scan using sbtest8_pkey on sbtest8  (cost=0.43..395.85 rows=99 width=4)
	        Index Cond: ((id >= 8150866) AND (id <= 8150965))

for: simple_ranges
table 1 : explain SELECT c FROM sbtest1 WHERE id BETWEEN 1751904 AND 1752003
	Index Scan using sbtest1_pkey on sbtest1  (cost=0.43..357.62 rows=89 width=121)
	  Index Cond: ((id >= 1751904) AND (id <= 1752003))

table 2 : explain SELECT c FROM sbtest2 WHERE id BETWEEN 9055368 AND 9055467
	Index Scan using sbtest2_pkey on sbtest2  (cost=0.43..377.53 rows=94 width=121)
	  Index Cond: ((id >= 9055368) AND (id <= 9055467))

table 3 : explain SELECT c FROM sbtest3 WHERE id BETWEEN 3760179 AND 3760278
	Index Scan using sbtest3_pkey on sbtest3  (cost=0.43..397.15 rows=99 width=121)
	  Index Cond: ((id >= 3760179) AND (id <= 3760278))

table 4 : explain SELECT c FROM sbtest4 WHERE id BETWEEN 9559806 AND 9559905
	Index Scan using sbtest4_pkey on sbtest4  (cost=0.43..388.34 rows=97 width=121)
	  Index Cond: ((id >= 9559806) AND (id <= 9559905))

table 5 : explain SELECT c FROM sbtest5 WHERE id BETWEEN 1047109 AND 1047208
	Index Scan using sbtest5_pkey on sbtest5  (cost=0.43..423.77 rows=106 width=121)
	  Index Cond: ((id >= 1047109) AND (id <= 1047208))

table 6 : explain SELECT c FROM sbtest6 WHERE id BETWEEN 1355573 AND 1355672
	Index Scan using sbtest6_pkey on sbtest6  (cost=0.43..403.73 rows=101 width=121)
	  Index Cond: ((id >= 1355573) AND (id <= 1355672))

table 7 : explain SELECT c FROM sbtest7 WHERE id BETWEEN 867617 AND 867716
	Index Scan using sbtest7_pkey on sbtest7  (cost=0.43..411.34 rows=103 width=121)
	  Index Cond: ((id >= 867617) AND (id <= 867716))

table 8 : explain SELECT c FROM sbtest8 WHERE id BETWEEN 6822123 AND 6822222
	Index Scan using sbtest8_pkey on sbtest8  (cost=0.43..383.97 rows=96 width=121)
	  Index Cond: ((id >= 6822123) AND (id <= 6822222))

for point_selects
table 1 : explain SELECT c FROM sbtest1 WHERE id=5541681
	Index Scan using sbtest1_pkey on sbtest1  (cost=0.43..8.45 rows=1 width=121)
	  Index Cond: (id = 5541681)

table 2 : explain SELECT c FROM sbtest2 WHERE id=1057393
	Index Scan using sbtest2_pkey on sbtest2  (cost=0.43..8.45 rows=1 width=121)
	  Index Cond: (id = 1057393)

table 3 : explain SELECT c FROM sbtest3 WHERE id=6343206
	Index Scan using sbtest3_pkey on sbtest3  (cost=0.43..8.45 rows=1 width=121)
	  Index Cond: (id = 6343206)

table 4 : explain SELECT c FROM sbtest4 WHERE id=1995377
	Index Scan using sbtest4_pkey on sbtest4  (cost=0.43..8.45 rows=1 width=121)
	  Index Cond: (id = 1995377)

table 5 : explain SELECT c FROM sbtest5 WHERE id=954376
	Index Scan using sbtest5_pkey on sbtest5  (cost=0.43..8.45 rows=1 width=121)
	  Index Cond: (id = 954376)

table 6 : explain SELECT c FROM sbtest6 WHERE id=509078
	Index Scan using sbtest6_pkey on sbtest6  (cost=0.43..8.45 rows=1 width=121)
	  Index Cond: (id = 509078)

table 7 : explain SELECT c FROM sbtest7 WHERE id=1889877
	Index Scan using sbtest7_pkey on sbtest7  (cost=0.43..8.45 rows=1 width=121)
	  Index Cond: (id = 1889877)

table 8 : explain SELECT c FROM sbtest8 WHERE id=1303486
	Index Scan using sbtest8_pkey on sbtest8  (cost=0.43..8.45 rows=1 width=121)
	  Index Cond: (id = 1303486)

for: sum_ranges
table 1 : explain SELECT SUM(k) FROM sbtest1 WHERE id BETWEEN 9613190 AND 9613289
	Aggregate  (cost=389.60..389.61 rows=1 width=8)
	  ->  Index Scan using sbtest1_pkey on sbtest1  (cost=0.43..389.36 rows=97 width=4)
	        Index Cond: ((id >= 9613190) AND (id <= 9613289))

table 2 : explain SELECT SUM(k) FROM sbtest2 WHERE id BETWEEN 9678161 AND 9678260
	Aggregate  (cost=433.37..433.38 rows=1 width=8)
	  ->  Index Scan using sbtest2_pkey on sbtest2  (cost=0.43..433.10 rows=108 width=4)
	        Index Cond: ((id >= 9678161) AND (id <= 9678260))

table 3 : explain SELECT SUM(k) FROM sbtest3 WHERE id BETWEEN 343552 AND 343651
	Aggregate  (cost=389.46..389.47 rows=1 width=8)
	  ->  Index Scan using sbtest3_pkey on sbtest3  (cost=0.43..389.22 rows=97 width=4)
	        Index Cond: ((id >= 343552) AND (id <= 343651))

table 4 : explain SELECT SUM(k) FROM sbtest4 WHERE id BETWEEN 1050261 AND 1050360
	Aggregate  (cost=384.62..384.63 rows=1 width=8)
	  ->  Index Scan using sbtest4_pkey on sbtest4  (cost=0.43..384.38 rows=96 width=4)
	        Index Cond: ((id >= 1050261) AND (id <= 1050360))

table 5 : explain SELECT SUM(k) FROM sbtest5 WHERE id BETWEEN 1424999 AND 1425098
	Aggregate  (cost=396.33..396.34 rows=1 width=8)
	  ->  Index Scan using sbtest5_pkey on sbtest5  (cost=0.43..396.08 rows=99 width=4)
	        Index Cond: ((id >= 1424999) AND (id <= 1425098))

table 6 : explain SELECT SUM(k) FROM sbtest6 WHERE id BETWEEN 3394875 AND 3394974
	Aggregate  (cost=415.85..415.86 rows=1 width=8)
	  ->  Index Scan using sbtest6_pkey on sbtest6  (cost=0.43..415.59 rows=104 width=4)
	        Index Cond: ((id >= 3394875) AND (id <= 3394974))

table 7 : explain SELECT SUM(k) FROM sbtest7 WHERE id BETWEEN 9032346 AND 9032445
	Aggregate  (cost=383.92..383.93 rows=1 width=8)
	  ->  Index Scan using sbtest7_pkey on sbtest7  (cost=0.43..383.68 rows=96 width=4)
	        Index Cond: ((id >= 9032346) AND (id <= 9032445))

table 8 : explain SELECT SUM(k) FROM sbtest8 WHERE id BETWEEN 4960964 AND 4961063
	Aggregate  (cost=427.74..427.75 rows=1 width=8)
	  ->  Index Scan using sbtest8_pkey on sbtest8  (cost=0.43..427.47 rows=107 width=4)
	        Index Cond: ((id >= 4960964) AND (id <= 4961063))

for: distinct_ranges
table 1 : explain SELECT DISTINCT c FROM sbtest1 WHERE id BETWEEN 2306346 AND 2306445 ORDER BY c
	Unique  (cost=392.56..393.05 rows=97 width=121)
	  ->  Sort  (cost=392.56..392.80 rows=97 width=121)
	        Sort Key: c
	        ->  Index Scan using sbtest1_pkey on sbtest1  (cost=0.43..389.36 rows=97 width=121)
	              Index Cond: ((id >= 2306346) AND (id <= 2306445))

table 2 : explain SELECT DISTINCT c FROM sbtest2 WHERE id BETWEEN 6529748 AND 6529847 ORDER BY c
	Unique  (cost=452.78..453.34 rows=112 width=121)
	  ->  Sort  (cost=452.78..453.06 rows=112 width=121)
	        Sort Key: c
	        ->  Index Scan using sbtest2_pkey on sbtest2  (cost=0.43..448.97 rows=112 width=121)
	              Index Cond: ((id >= 6529748) AND (id <= 6529847))

table 3 : explain SELECT DISTINCT c FROM sbtest3 WHERE id BETWEEN 9926765 AND 9926864 ORDER BY c
	Unique  (cost=440.51..441.06 rows=109 width=121)
	  ->  Sort  (cost=440.51..440.79 rows=109 width=121)
	        Sort Key: c
	        ->  Index Scan using sbtest3_pkey on sbtest3  (cost=0.43..436.83 rows=109 width=121)
	              Index Cond: ((id >= 9926765) AND (id <= 9926864))

table 4 : explain SELECT DISTINCT c FROM sbtest4 WHERE id BETWEEN 3437975 AND 3438074 ORDER BY c
	Unique  (cost=415.54..416.05 rows=103 width=121)
	  ->  Sort  (cost=415.54..415.80 rows=103 width=121)
	        Sort Key: c
	        ->  Index Scan using sbtest4_pkey on sbtest4  (cost=0.43..412.10 rows=103 width=121)
	              Index Cond: ((id >= 3437975) AND (id <= 3438074))

table 5 : explain SELECT DISTINCT c FROM sbtest5 WHERE id BETWEEN 2993997 AND 2994096 ORDER BY c
	Unique  (cost=391.36..391.84 rows=97 width=121)
	  ->  Sort  (cost=391.36..391.60 rows=97 width=121)
	        Sort Key: c
	        ->  Index Scan using sbtest5_pkey on sbtest5  (cost=0.43..388.16 rows=97 width=121)
	              Index Cond: ((id >= 2993997) AND (id <= 2994096))

table 6 : explain SELECT DISTINCT c FROM sbtest6 WHERE id BETWEEN 9264313 AND 9264412 ORDER BY c
	Unique  (cost=399.11..399.60 rows=99 width=121)
	  ->  Sort  (cost=399.11..399.36 rows=99 width=121)
	        Sort Key: c
	        ->  Index Scan using sbtest6_pkey on sbtest6  (cost=0.43..395.83 rows=99 width=121)
	              Index Cond: ((id >= 9264313) AND (id <= 9264412))

table 7 : explain SELECT DISTINCT c FROM sbtest7 WHERE id BETWEEN 9422987 AND 9423086 ORDER BY c
	Unique  (cost=394.84..395.33 rows=98 width=121)
	  ->  Sort  (cost=394.84..395.08 rows=98 width=121)
	        Sort Key: c
	        ->  Index Scan using sbtest7_pkey on sbtest7  (cost=0.43..391.60 rows=98 width=121)
	              Index Cond: ((id >= 9422987) AND (id <= 9423086))

table 8 : explain SELECT DISTINCT c FROM sbtest8 WHERE id BETWEEN 5892844 AND 5892943 ORDER BY c
	Unique  (cost=407.12..407.62 rows=101 width=121)
	  ->  Sort  (cost=407.12..407.37 rows=101 width=121)
	        Sort Key: c
	        ->  Index Scan using sbtest8_pkey on sbtest8  (cost=0.43..403.75 rows=101 width=121)
	              Index Cond: ((id >= 5892844) AND (id <= 5892943))

for: order_ranges
table 1 : explain SELECT c FROM sbtest1 WHERE id BETWEEN 6274911 AND 6275010 ORDER BY c
	Sort  (cost=384.54..384.78 rows=95 width=121)
	  Sort Key: c
	  ->  Index Scan using sbtest1_pkey on sbtest1  (cost=0.43..381.42 rows=95 width=121)
	        Index Cond: ((id >= 6274911) AND (id <= 6275010))

table 2 : explain SELECT c FROM sbtest2 WHERE id BETWEEN 7980578 AND 7980677 ORDER BY c
	Sort  (cost=388.63..388.87 rows=96 width=121)
	  Sort Key: c
	  ->  Index Scan using sbtest2_pkey on sbtest2  (cost=0.43..385.46 rows=96 width=121)
	        Index Cond: ((id >= 7980578) AND (id <= 7980677))

table 3 : explain SELECT c FROM sbtest3 WHERE id BETWEEN 3819622 AND 3819721 ORDER BY c
	Sort  (cost=424.49..424.75 rows=105 width=121)
	  Sort Key: c
	  ->  Index Scan using sbtest3_pkey on sbtest3  (cost=0.43..420.96 rows=105 width=121)
	        Index Cond: ((id >= 3819622) AND (id <= 3819721))

table 4 : explain SELECT c FROM sbtest4 WHERE id BETWEEN 7786249 AND 7786348 ORDER BY c
	Sort  (cost=395.54..395.78 rows=98 width=121)
	  Sort Key: c
	  ->  Index Scan using sbtest4_pkey on sbtest4  (cost=0.43..392.30 rows=98 width=121)
	        Index Cond: ((id >= 7786249) AND (id <= 7786348))

table 5 : explain SELECT c FROM sbtest5 WHERE id BETWEEN 9625575 AND 9625674 ORDER BY c
	Sort  (cost=395.35..395.60 rows=98 width=121)
	  Sort Key: c
	  ->  Index Scan using sbtest5_pkey on sbtest5  (cost=0.43..392.11 rows=98 width=121)
	        Index Cond: ((id >= 9625575) AND (id <= 9625674))

table 6 : explain SELECT c FROM sbtest6 WHERE id BETWEEN 9745165 AND 9745264 ORDER BY c
	Sort  (cost=427.06..427.32 rows=106 width=121)
	  Sort Key: c
	  ->  Index Scan using sbtest6_pkey on sbtest6  (cost=0.43..423.49 rows=106 width=121)
	        Index Cond: ((id >= 9745165) AND (id <= 9745264))

table 7 : explain SELECT c FROM sbtest7 WHERE id BETWEEN 8203530 AND 8203629 ORDER BY c
	Sort  (cost=362.91..363.13 rows=90 width=121)
	  Sort Key: c
	  ->  Index Scan using sbtest7_pkey on sbtest7  (cost=0.43..359.98 rows=90 width=121)
	        Index Cond: ((id >= 8203530) AND (id <= 8203629))

table 8 : explain SELECT c FROM sbtest8 WHERE id BETWEEN 5763535 AND 5763634 ORDER BY c
	Sort  (cost=431.08..431.34 rows=107 width=121)
	  Sort Key: c
	  ->  Index Scan using sbtest8_pkey on sbtest8  (cost=0.43..427.47 rows=107 width=121)
	        Index Cond: ((id >= 5763535) AND (id <= 5763634))

explain: for point_selects :: explain SELECT c FROM sbtest%u WHERE id=%u
for: simple_ranges
table 1 : explain SELECT c FROM sbtest1 WHERE id BETWEEN 9278377 AND 9278476
	Index Scan using sbtest1_pkey on sbtest1  (cost=0.43..401.26 rows=100 width=121)
	  Index Cond: ((id >= 9278377) AND (id <= 9278476))

table 2 : explain SELECT c FROM sbtest2 WHERE id BETWEEN 286629 AND 286728
	Index Scan using sbtest2_pkey on sbtest2  (cost=0.43..445.00 rows=111 width=121)
	  Index Cond: ((id >= 286629) AND (id <= 286728))

table 3 : explain SELECT c FROM sbtest3 WHERE id BETWEEN 5982093 AND 5982192
	Index Scan using sbtest3_pkey on sbtest3  (cost=0.43..409.06 rows=102 width=121)
	  Index Cond: ((id >= 5982093) AND (id <= 5982192))

table 4 : explain SELECT c FROM sbtest4 WHERE id BETWEEN 3917398 AND 3917497
	Index Scan using sbtest4_pkey on sbtest4  (cost=0.43..384.38 rows=96 width=121)
	  Index Cond: ((id >= 3917398) AND (id <= 3917497))

table 5 : explain SELECT c FROM sbtest5 WHERE id BETWEEN 8845818 AND 8845917
	Index Scan using sbtest5_pkey on sbtest5  (cost=0.43..384.20 rows=96 width=121)
	  Index Cond: ((id >= 8845818) AND (id <= 8845917))

table 6 : explain SELECT c FROM sbtest6 WHERE id BETWEEN 8063443 AND 8063542
	Index Scan using sbtest6_pkey on sbtest6  (cost=0.43..387.91 rows=97 width=121)
	  Index Cond: ((id >= 8063443) AND (id <= 8063542))

table 7 : explain SELECT c FROM sbtest7 WHERE id BETWEEN 9774030 AND 9774129
	Index Scan using sbtest7_pkey on sbtest7  (cost=0.43..415.29 rows=104 width=121)
	  Index Cond: ((id >= 9774030) AND (id <= 9774129))

table 8 : explain SELECT c FROM sbtest8 WHERE id BETWEEN 9758929 AND 9759028
	Index Scan using sbtest8_pkey on sbtest8  (cost=0.43..399.80 rows=100 width=121)
	  Index Cond: ((id >= 9758929) AND (id <= 9759028))

for: sum_ranges
table 1 : explain SELECT SUM(k) FROM sbtest1 WHERE id BETWEEN 3023263 AND 3023362
	Aggregate  (cost=421.37..421.38 rows=1 width=8)
	  ->  Index Scan using sbtest1_pkey on sbtest1  (cost=0.43..421.11 rows=105 width=4)
	        Index Cond: ((id >= 3023263) AND (id <= 3023362))

table 2 : explain SELECT SUM(k) FROM sbtest2 WHERE id BETWEEN 3816794 AND 3816893
	Aggregate  (cost=401.59..401.60 rows=1 width=8)
	  ->  Index Scan using sbtest2_pkey on sbtest2  (cost=0.43..401.34 rows=100 width=4)
	        Index Cond: ((id >= 3816794) AND (id <= 3816893))

table 3 : explain SELECT SUM(k) FROM sbtest3 WHERE id BETWEEN 5903326 AND 5903425
	Aggregate  (cost=353.75..353.76 rows=1 width=8)
	  ->  Index Scan using sbtest3_pkey on sbtest3  (cost=0.43..353.53 rows=88 width=4)
	        Index Cond: ((id >= 5903326) AND (id <= 5903425))

table 4 : explain SELECT SUM(k) FROM sbtest4 WHERE id BETWEEN 5172337 AND 5172436
	Aggregate  (cost=388.58..388.59 rows=1 width=8)
	  ->  Index Scan using sbtest4_pkey on sbtest4  (cost=0.43..388.34 rows=97 width=4)
	        Index Cond: ((id >= 5172337) AND (id <= 5172436))

table 5 : explain SELECT SUM(k) FROM sbtest5 WHERE id BETWEEN 5688833 AND 5688932
	Aggregate  (cost=416.12..416.13 rows=1 width=8)
	  ->  Index Scan using sbtest5_pkey on sbtest5  (cost=0.43..415.86 rows=104 width=4)
	        Index Cond: ((id >= 5688833) AND (id <= 5688932))

table 6 : explain SELECT SUM(k) FROM sbtest6 WHERE id BETWEEN 9608113 AND 9608212
	Aggregate  (cost=388.15..388.16 rows=1 width=8)
	  ->  Index Scan using sbtest6_pkey on sbtest6  (cost=0.43..387.91 rows=97 width=4)
	        Index Cond: ((id >= 9608113) AND (id <= 9608212))

table 7 : explain SELECT SUM(k) FROM sbtest7 WHERE id BETWEEN 5318137 AND 5318236
	Aggregate  (cost=395.79..395.80 rows=1 width=8)
	  ->  Index Scan using sbtest7_pkey on sbtest7  (cost=0.43..395.55 rows=99 width=4)
	        Index Cond: ((id >= 5318137) AND (id <= 5318236))

table 8 : explain SELECT SUM(k) FROM sbtest8 WHERE id BETWEEN 3862687 AND 3862786
	Aggregate  (cost=376.30..376.31 rows=1 width=8)
	  ->  Index Scan using sbtest8_pkey on sbtest8  (cost=0.43..376.07 rows=94 width=4)
	        Index Cond: ((id >= 3862687) AND (id <= 3862786))

for point_selects
table 1 : explain SELECT c FROM sbtest1 WHERE id=1437474
	Index Scan using sbtest1_pkey on sbtest1  (cost=0.43..8.45 rows=1 width=121)
	  Index Cond: (id = 1437474)

table 2 : explain SELECT c FROM sbtest2 WHERE id=133849
	Index Scan using sbtest2_pkey on sbtest2  (cost=0.43..8.45 rows=1 width=121)
	  Index Cond: (id = 133849)

table 3 : explain SELECT c FROM sbtest3 WHERE id=9843169
	Index Scan using sbtest3_pkey on sbtest3  (cost=0.43..8.45 rows=1 width=121)
	  Index Cond: (id = 9843169)

table 4 : explain SELECT c FROM sbtest4 WHERE id=201039
	Index Scan using sbtest4_pkey on sbtest4  (cost=0.43..8.45 rows=1 width=121)
	  Index Cond: (id = 201039)

table 5 : explain SELECT c FROM sbtest5 WHERE id=4167655
	Index Scan using sbtest5_pkey on sbtest5  (cost=0.43..8.45 rows=1 width=121)
	  Index Cond: (id = 4167655)

table 6 : explain SELECT c FROM sbtest6 WHERE id=4532363
	Index Scan using sbtest6_pkey on sbtest6  (cost=0.43..8.45 rows=1 width=121)
	  Index Cond: (id = 4532363)

table 7 : explain SELECT c FROM sbtest7 WHERE id=1602368
	Index Scan using sbtest7_pkey on sbtest7  (cost=0.43..8.45 rows=1 width=121)
	  Index Cond: (id = 1602368)

table 8 : explain SELECT c FROM sbtest8 WHERE id=4631075
	Index Scan using sbtest8_pkey on sbtest8  (cost=0.43..8.45 rows=1 width=121)
	  Index Cond: (id = 4631075)

for point_selects
table 1 : explain SELECT c FROM sbtest1 WHERE id=1646869
	Index Scan using sbtest1_pkey on sbtest1  (cost=0.43..8.45 rows=1 width=121)
	  Index Cond: (id = 1646869)

table 2 : explain SELECT c FROM sbtest2 WHERE id=5016737
	Index Scan using sbtest2_pkey on sbtest2  (cost=0.43..8.45 rows=1 width=121)
	  Index Cond: (id = 5016737)

table 3 : explain SELECT c FROM sbtest3 WHERE id=1942600
	Index Scan using sbtest3_pkey on sbtest3  (cost=0.43..8.45 rows=1 width=121)
	  Index Cond: (id = 1942600)

table 4 : explain SELECT c FROM sbtest4 WHERE id=893414
	Index Scan using sbtest4_pkey on sbtest4  (cost=0.43..8.45 rows=1 width=121)
	  Index Cond: (id = 893414)

table 5 : explain SELECT c FROM sbtest5 WHERE id=4582007
	Index Scan using sbtest5_pkey on sbtest5  (cost=0.43..8.45 rows=1 width=121)
	  Index Cond: (id = 4582007)

table 6 : explain SELECT c FROM sbtest6 WHERE id=9783296
	Index Scan using sbtest6_pkey on sbtest6  (cost=0.43..8.45 rows=1 width=121)
	  Index Cond: (id = 9783296)

table 7 : explain SELECT c FROM sbtest7 WHERE id=1562026
	Index Scan using sbtest7_pkey on sbtest7  (cost=0.43..8.45 rows=1 width=121)
	  Index Cond: (id = 1562026)

table 8 : explain SELECT c FROM sbtest8 WHERE id=741905
	Index Scan using sbtest8_pkey on sbtest8  (cost=0.43..8.45 rows=1 width=121)
	  Index Cond: (id = 741905)

for: order_ranges
table 1 : explain SELECT c FROM sbtest1 WHERE id BETWEEN 8138788 AND 8138887 ORDER BY c
	Sort  (cost=440.67..440.94 rows=109 width=121)
	  Sort Key: c
	  ->  Index Scan using sbtest1_pkey on sbtest1  (cost=0.43..436.98 rows=109 width=121)
	        Index Cond: ((id >= 8138788) AND (id <= 8138887))

table 2 : explain SELECT c FROM sbtest2 WHERE id BETWEEN 522793 AND 522892 ORDER BY c
	Sort  (cost=420.71..420.97 rows=104 width=121)
	  Sort Key: c
	  ->  Index Scan using sbtest2_pkey on sbtest2  (cost=0.43..417.22 rows=104 width=121)
	        Index Cond: ((id >= 522793) AND (id <= 522892))

table 3 : explain SELECT c FROM sbtest3 WHERE id BETWEEN 2360747 AND 2360846 ORDER BY c
	Sort  (cost=376.40..376.63 rows=93 width=121)
	  Sort Key: c
	  ->  Index Scan using sbtest3_pkey on sbtest3  (cost=0.43..373.36 rows=93 width=121)
	        Index Cond: ((id >= 2360747) AND (id <= 2360846))

table 4 : explain SELECT c FROM sbtest4 WHERE id BETWEEN 7437729 AND 7437828 ORDER BY c
	Sort  (cost=387.54..387.78 rows=96 width=121)
	  Sort Key: c
	  ->  Index Scan using sbtest4_pkey on sbtest4  (cost=0.43..384.38 rows=96 width=121)
	        Index Cond: ((id >= 7437729) AND (id <= 7437828))

table 5 : explain SELECT c FROM sbtest5 WHERE id BETWEEN 7159871 AND 7159970 ORDER BY c
	Sort  (cost=415.35..415.60 rows=103 width=121)
	  Sort Key: c
	  ->  Index Scan using sbtest5_pkey on sbtest5  (cost=0.43..411.90 rows=103 width=121)
	        Index Cond: ((id >= 7159871) AND (id <= 7159970))

table 6 : explain SELECT c FROM sbtest6 WHERE id BETWEEN 4723984 AND 4724083 ORDER BY c
	Sort  (cost=363.16..363.39 rows=90 width=121)
	  Sort Key: c
	  ->  Index Scan using sbtest6_pkey on sbtest6  (cost=0.43..360.24 rows=90 width=121)
	        Index Cond: ((id >= 4723984) AND (id <= 4724083))

table 7 : explain SELECT c FROM sbtest7 WHERE id BETWEEN 3640344 AND 3640443 ORDER BY c
	Sort  (cost=394.84..395.08 rows=98 width=121)
	  Sort Key: c
	  ->  Index Scan using sbtest7_pkey on sbtest7  (cost=0.43..391.60 rows=98 width=121)
	        Index Cond: ((id >= 3640344) AND (id <= 3640443))

table 8 : explain SELECT c FROM sbtest8 WHERE id BETWEEN 5167200 AND 5167299 ORDER BY c
	Sort  (cost=387.14..387.38 rows=96 width=121)
	  Sort Key: c
	  ->  Index Scan using sbtest8_pkey on sbtest8  (cost=0.43..383.97 rows=96 width=121)
	        Index Cond: ((id >= 5167200) AND (id <= 5167299))

for: distinct_ranges
table 1 : explain SELECT DISTINCT c FROM sbtest1 WHERE id BETWEEN 21010 AND 21109 ORDER BY c
	Unique  (cost=392.56..393.05 rows=97 width=121)
	  ->  Sort  (cost=392.56..392.80 rows=97 width=121)
	        Sort Key: c
	        ->  Index Scan using sbtest1_pkey on sbtest1  (cost=0.43..389.36 rows=97 width=121)
	              Index Cond: ((id >= 21010) AND (id <= 21109))

table 2 : explain SELECT DISTINCT c FROM sbtest2 WHERE id BETWEEN 4951593 AND 4951692 ORDER BY c
	Unique  (cost=448.77..449.33 rows=111 width=121)
	  ->  Sort  (cost=448.77..449.05 rows=111 width=121)
	        Sort Key: c
	        ->  Index Scan using sbtest2_pkey on sbtest2  (cost=0.43..445.00 rows=111 width=121)
	              Index Cond: ((id >= 4951593) AND (id <= 4951692))

table 3 : explain SELECT DISTINCT c FROM sbtest3 WHERE id BETWEEN 6399496 AND 6399595 ORDER BY c
	Unique  (cost=412.47..412.98 rows=102 width=121)
	  ->  Sort  (cost=412.47..412.72 rows=102 width=121)
	        Sort Key: c
	        ->  Index Scan using sbtest3_pkey on sbtest3  (cost=0.43..409.06 rows=102 width=121)
	              Index Cond: ((id >= 6399496) AND (id <= 6399595))

table 4 : explain SELECT DISTINCT c FROM sbtest4 WHERE id BETWEEN 3290769 AND 3290868 ORDER BY c
	Unique  (cost=395.54..396.03 rows=98 width=121)
	  ->  Sort  (cost=395.54..395.78 rows=98 width=121)
	        Sort Key: c
	        ->  Index Scan using sbtest4_pkey on sbtest4  (cost=0.43..392.30 rows=98 width=121)
	              Index Cond: ((id >= 3290769) AND (id <= 3290868))

table 5 : explain SELECT DISTINCT c FROM sbtest5 WHERE id BETWEEN 3571018 AND 3571117 ORDER BY c
	Unique  (cost=367.39..367.84 rows=91 width=121)
	  ->  Sort  (cost=367.39..367.62 rows=91 width=121)
	        Sort Key: c
	        ->  Index Scan using sbtest5_pkey on sbtest5  (cost=0.43..364.43 rows=91 width=121)
	              Index Cond: ((id >= 3571018) AND (id <= 3571117))

table 6 : explain SELECT DISTINCT c FROM sbtest6 WHERE id BETWEEN 3909523 AND 3909622 ORDER BY c
	Unique  (cost=415.08..415.60 rows=103 width=121)
	  ->  Sort  (cost=415.08..415.34 rows=103 width=121)
	        Sort Key: c
	        ->  Index Scan using sbtest6_pkey on sbtest6  (cost=0.43..411.64 rows=103 width=121)
	              Index Cond: ((id >= 3909523) AND (id <= 3909622))

table 7 : explain SELECT DISTINCT c FROM sbtest7 WHERE id BETWEEN 6956143 AND 6956242 ORDER BY c
	Unique  (cost=378.86..379.33 rows=94 width=121)
	  ->  Sort  (cost=378.86..379.10 rows=94 width=121)
	        Sort Key: c
	        ->  Index Scan using sbtest7_pkey on sbtest7  (cost=0.43..375.78 rows=94 width=121)
	              Index Cond: ((id >= 6956143) AND (id <= 6956242))

table 8 : explain SELECT DISTINCT c FROM sbtest8 WHERE id BETWEEN 8427309 AND 8427408 ORDER BY c
	Unique  (cost=383.14..383.62 rows=95 width=121)
	  ->  Sort  (cost=383.14..383.38 rows=95 width=121)
	        Sort Key: c
	        ->  Index Scan using sbtest8_pkey on sbtest8  (cost=0.43..380.02 rows=95 width=121)
	              Index Cond: ((id >= 8427309) AND (id <= 8427408))

for: simple_ranges
table 1 : explain SELECT c FROM sbtest1 WHERE id BETWEEN 236498 AND 236597
	Index Scan using sbtest1_pkey on sbtest1  (cost=0.43..381.42 rows=95 width=121)
	  Index Cond: ((id >= 236498) AND (id <= 236597))

table 2 : explain SELECT c FROM sbtest2 WHERE id BETWEEN 3175363 AND 3175462
	Index Scan using sbtest2_pkey on sbtest2  (cost=0.43..405.32 rows=101 width=121)
	  Index Cond: ((id >= 3175363) AND (id <= 3175462))

table 3 : explain SELECT c FROM sbtest3 WHERE id BETWEEN 6143414 AND 6143513
	Index Scan using sbtest3_pkey on sbtest3  (cost=0.43..452.69 rows=113 width=121)
	  Index Cond: ((id >= 6143414) AND (id <= 6143513))

table 4 : explain SELECT c FROM sbtest4 WHERE id BETWEEN 467205 AND 467304
	Index Scan using sbtest4_pkey on sbtest4  (cost=0.43..423.97 rows=106 width=121)
	  Index Cond: ((id >= 467205) AND (id <= 467304))

table 5 : explain SELECT c FROM sbtest5 WHERE id BETWEEN 5816593 AND 5816692
	Index Scan using sbtest5_pkey on sbtest5  (cost=0.43..419.81 rows=105 width=121)
	  Index Cond: ((id >= 5816593) AND (id <= 5816692))

table 6 : explain SELECT c FROM sbtest6 WHERE id BETWEEN 7746373 AND 7746472
	Index Scan using sbtest6_pkey on sbtest6  (cost=0.43..380.00 rows=95 width=121)
	  Index Cond: ((id >= 7746373) AND (id <= 7746472))

table 7 : explain SELECT c FROM sbtest7 WHERE id BETWEEN 5078937 AND 5079036
	Index Scan using sbtest7_pkey on sbtest7  (cost=0.43..411.34 rows=103 width=121)
	  Index Cond: ((id >= 5078937) AND (id <= 5079036))

table 8 : explain SELECT c FROM sbtest8 WHERE id BETWEEN 4446735 AND 4446834
	Index Scan using sbtest8_pkey on sbtest8  (cost=0.43..376.07 rows=94 width=121)
	  Index Cond: ((id >= 4446735) AND (id <= 4446834))

for: sum_ranges
table 1 : explain SELECT SUM(k) FROM sbtest1 WHERE id BETWEEN 8737696 AND 8737795
	Aggregate  (cost=429.31..429.32 rows=1 width=8)
	  ->  Index Scan using sbtest1_pkey on sbtest1  (cost=0.43..429.05 rows=107 width=4)
	        Index Cond: ((id >= 8737696) AND (id <= 8737795))

table 2 : explain SELECT SUM(k) FROM sbtest2 WHERE id BETWEEN 7711113 AND 7711212
	Aggregate  (cost=393.65..393.66 rows=1 width=8)
	  ->  Index Scan using sbtest2_pkey on sbtest2  (cost=0.43..393.40 rows=98 width=4)
	        Index Cond: ((id >= 7711113) AND (id <= 7711212))

table 3 : explain SELECT SUM(k) FROM sbtest3 WHERE id BETWEEN 4829731 AND 4829830
	Aggregate  (cost=389.46..389.47 rows=1 width=8)
	  ->  Index Scan using sbtest3_pkey on sbtest3  (cost=0.43..389.22 rows=97 width=4)
	        Index Cond: ((id >= 4829731) AND (id <= 4829830))

table 4 : explain SELECT SUM(k) FROM sbtest4 WHERE id BETWEEN 1806511 AND 1806610
	Aggregate  (cost=388.58..388.59 rows=1 width=8)
	  ->  Index Scan using sbtest4_pkey on sbtest4  (cost=0.43..388.34 rows=97 width=4)
	        Index Cond: ((id >= 1806511) AND (id <= 1806610))

table 5 : explain SELECT SUM(k) FROM sbtest5 WHERE id BETWEEN 2281922 AND 2282021
	Aggregate  (cost=384.44..384.45 rows=1 width=8)
	  ->  Index Scan using sbtest5_pkey on sbtest5  (cost=0.43..384.20 rows=96 width=4)
	        Index Cond: ((id >= 2281922) AND (id <= 2282021))

table 6 : explain SELECT SUM(k) FROM sbtest6 WHERE id BETWEEN 1072093 AND 1072192
	Aggregate  (cost=407.94..407.95 rows=1 width=8)
	  ->  Index Scan using sbtest6_pkey on sbtest6  (cost=0.43..407.68 rows=102 width=4)
	        Index Cond: ((id >= 1072093) AND (id <= 1072192))

table 7 : explain SELECT SUM(k) FROM sbtest7 WHERE id BETWEEN 7242432 AND 7242531
	Aggregate  (cost=431.36..431.37 rows=1 width=8)
	  ->  Index Scan using sbtest7_pkey on sbtest7  (cost=0.43..431.09 rows=108 width=4)
	        Index Cond: ((id >= 7242432) AND (id <= 7242531))

table 8 : explain SELECT SUM(k) FROM sbtest8 WHERE id BETWEEN 1917658 AND 1917757
	Aggregate  (cost=388.17..388.18 rows=1 width=8)
	  ->  Index Scan using sbtest8_pkey on sbtest8  (cost=0.43..387.93 rows=97 width=4)
	        Index Cond: ((id >= 1917658) AND (id <= 1917757))

for: order_ranges
table 1 : explain SELECT c FROM sbtest1 WHERE id BETWEEN 8227544 AND 8227643 ORDER BY c
	Sort  (cost=436.66..436.93 rows=108 width=121)
	  Sort Key: c
	  ->  Index Scan using sbtest1_pkey on sbtest1  (cost=0.43..433.01 rows=108 width=121)
	        Index Cond: ((id >= 8227544) AND (id <= 8227643))

table 2 : explain SELECT c FROM sbtest2 WHERE id BETWEEN 8621657 AND 8621756 ORDER BY c
	Sort  (cost=360.57..360.79 rows=89 width=121)
	  Sort Key: c
	  ->  Index Scan using sbtest2_pkey on sbtest2  (cost=0.43..357.69 rows=89 width=121)
	        Index Cond: ((id >= 8621657) AND (id <= 8621756))

table 3 : explain SELECT c FROM sbtest3 WHERE id BETWEEN 1585735 AND 1585834 ORDER BY c
	Sort  (cost=380.40..380.64 rows=94 width=121)
	  Sort Key: c
	  ->  Index Scan using sbtest3_pkey on sbtest3  (cost=0.43..377.32 rows=94 width=121)
	        Index Cond: ((id >= 1585735) AND (id <= 1585834))

table 4 : explain SELECT c FROM sbtest4 WHERE id BETWEEN 7999621 AND 7999720 ORDER BY c
	Sort  (cost=399.53..399.78 rows=99 width=121)
	  Sort Key: c
	  ->  Index Scan using sbtest4_pkey on sbtest4  (cost=0.43..396.25 rows=99 width=121)
	        Index Cond: ((id >= 7999621) AND (id <= 7999720))

table 5 : explain SELECT c FROM sbtest5 WHERE id BETWEEN 4569180 AND 4569279 ORDER BY c
	Sort  (cost=427.33..427.60 rows=106 width=121)
	  Sort Key: c
	  ->  Index Scan using sbtest5_pkey on sbtest5  (cost=0.43..423.77 rows=106 width=121)
	        Index Cond: ((id >= 4569180) AND (id <= 4569279))

table 6 : explain SELECT c FROM sbtest6 WHERE id BETWEEN 2318727 AND 2318826 ORDER BY c
	Sort  (cost=443.03..443.31 rows=110 width=121)
	  Sort Key: c
	  ->  Index Scan using sbtest6_pkey on sbtest6  (cost=0.43..439.30 rows=110 width=121)
	        Index Cond: ((id >= 2318727) AND (id <= 2318826))

table 7 : explain SELECT c FROM sbtest7 WHERE id BETWEEN 23692 AND 23791 ORDER BY c
	Sort  (cost=390.83..391.07 rows=97 width=121)
	  Sort Key: c
	  ->  Index Scan using sbtest7_pkey on sbtest7  (cost=0.43..387.63 rows=97 width=121)
	        Index Cond: ((id >= 23692) AND (id <= 23791))

table 8 : explain SELECT c FROM sbtest8 WHERE id BETWEEN 7438529 AND 7438628 ORDER BY c
	Sort  (cost=407.12..407.37 rows=101 width=121)
	  Sort Key: c
	  ->  Index Scan using sbtest8_pkey on sbtest8  (cost=0.43..403.75 rows=101 width=121)
	        Index Cond: ((id >= 7438529) AND (id <= 7438628))

for: simple_ranges
table 1 : explain SELECT c FROM sbtest1 WHERE id BETWEEN 9064297 AND 9064396
	Index Scan using sbtest1_pkey on sbtest1  (cost=0.43..381.42 rows=95 width=121)
	  Index Cond: ((id >= 9064297) AND (id <= 9064396))

table 2 : explain SELECT c FROM sbtest2 WHERE id BETWEEN 1133307 AND 1133406
	Index Scan using sbtest2_pkey on sbtest2  (cost=0.43..397.37 rows=99 width=121)
	  Index Cond: ((id >= 1133307) AND (id <= 1133406))

table 3 : explain SELECT c FROM sbtest3 WHERE id BETWEEN 8337215 AND 8337314
	Index Scan using sbtest3_pkey on sbtest3  (cost=0.43..424.93 rows=106 width=121)
	  Index Cond: ((id >= 8337215) AND (id <= 8337314))

table 4 : explain SELECT c FROM sbtest4 WHERE id BETWEEN 9554374 AND 9554473
	Index Scan using sbtest4_pkey on sbtest4  (cost=0.43..388.34 rows=97 width=121)
	  Index Cond: ((id >= 9554374) AND (id <= 9554473))

table 5 : explain SELECT c FROM sbtest5 WHERE id BETWEEN 5894922 AND 5895021
	Index Scan using sbtest5_pkey on sbtest5  (cost=0.43..344.65 rows=86 width=121)
	  Index Cond: ((id >= 5894922) AND (id <= 5895021))

table 6 : explain SELECT c FROM sbtest6 WHERE id BETWEEN 4354122 AND 4354221
	Index Scan using sbtest6_pkey on sbtest6  (cost=0.43..415.59 rows=104 width=121)
	  Index Cond: ((id >= 4354122) AND (id <= 4354221))

table 7 : explain SELECT c FROM sbtest7 WHERE id BETWEEN 6951950 AND 6952049
	Index Scan using sbtest7_pkey on sbtest7  (cost=0.43..375.78 rows=94 width=121)
	  Index Cond: ((id >= 6951950) AND (id <= 6952049))

table 8 : explain SELECT c FROM sbtest8 WHERE id BETWEEN 2424558 AND 2424657
	Index Scan using sbtest8_pkey on sbtest8  (cost=0.43..411.66 rows=103 width=121)
	  Index Cond: ((id >= 2424558) AND (id <= 2424657))

for: distinct_ranges
table 1 : explain SELECT DISTINCT c FROM sbtest1 WHERE id BETWEEN 9124825 AND 9124924 ORDER BY c
	Unique  (cost=384.54..385.02 rows=95 width=121)
	  ->  Sort  (cost=384.54..384.78 rows=95 width=121)
	        Sort Key: c
	        ->  Index Scan using sbtest1_pkey on sbtest1  (cost=0.43..381.42 rows=95 width=121)
	              Index Cond: ((id >= 9124825) AND (id <= 9124924))

table 2 : explain SELECT DISTINCT c FROM sbtest2 WHERE id BETWEEN 4590265 AND 4590364 ORDER BY c
	Unique  (cost=388.63..389.11 rows=96 width=121)
	  ->  Sort  (cost=388.63..388.87 rows=96 width=121)
	        Sort Key: c
	        ->  Index Scan using sbtest2_pkey on sbtest2  (cost=0.43..385.46 rows=96 width=121)
	              Index Cond: ((id >= 4590265) AND (id <= 4590364))

table 3 : explain SELECT DISTINCT c FROM sbtest3 WHERE id BETWEEN 2732729 AND 2732828 ORDER BY c
	Unique  (cost=396.43..396.92 rows=98 width=121)
	  ->  Sort  (cost=396.43..396.67 rows=98 width=121)
	        Sort Key: c
	        ->  Index Scan using sbtest3_pkey on sbtest3  (cost=0.43..393.19 rows=98 width=121)
	              Index Cond: ((id >= 2732729) AND (id <= 2732828))

table 4 : explain SELECT DISTINCT c FROM sbtest4 WHERE id BETWEEN 8388875 AND 8388974 ORDER BY c
	Unique  (cost=431.53..432.06 rows=107 width=121)
	  ->  Sort  (cost=431.53..431.80 rows=107 width=121)
	        Sort Key: c
	        ->  Index Scan using sbtest4_pkey on sbtest4  (cost=0.43..427.92 rows=107 width=121)
	              Index Cond: ((id >= 8388875) AND (id <= 8388974))

table 5 : explain SELECT DISTINCT c FROM sbtest5 WHERE id BETWEEN 2565433 AND 2565532 ORDER BY c
	Unique  (cost=371.38..371.84 rows=92 width=121)
	  ->  Sort  (cost=371.38..371.61 rows=92 width=121)
	        Sort Key: c
	        ->  Index Scan using sbtest5_pkey on sbtest5  (cost=0.43..368.38 rows=92 width=121)
	              Index Cond: ((id >= 2565433) AND (id <= 2565532))

table 6 : explain SELECT DISTINCT c FROM sbtest6 WHERE id BETWEEN 1306746 AND 1306845 ORDER BY c
	Unique  (cost=403.10..403.60 rows=100 width=121)
	  ->  Sort  (cost=403.10..403.35 rows=100 width=121)
	        Sort Key: c
	        ->  Index Scan using sbtest6_pkey on sbtest6  (cost=0.43..399.78 rows=100 width=121)
	              Index Cond: ((id >= 1306746) AND (id <= 1306845))

table 7 : explain SELECT DISTINCT c FROM sbtest7 WHERE id BETWEEN 809523 AND 809622 ORDER BY c
	Unique  (cost=414.79..415.30 rows=103 width=121)
	  ->  Sort  (cost=414.79..415.04 rows=103 width=121)
	        Sort Key: c
	        ->  Index Scan using sbtest7_pkey on sbtest7  (cost=0.43..411.34 rows=103 width=121)
	              Index Cond: ((id >= 809523) AND (id <= 809622))

table 8 : explain SELECT DISTINCT c FROM sbtest8 WHERE id BETWEEN 3195417 AND 3195516 ORDER BY c
	Unique  (cost=423.09..423.61 rows=105 width=121)
	  ->  Sort  (cost=423.09..423.35 rows=105 width=121)
	        Sort Key: c
	        ->  Index Scan using sbtest8_pkey on sbtest8  (cost=0.43..419.56 rows=105 width=121)
	              Index Cond: ((id >= 3195417) AND (id <= 3195516))

for point_selects
table 1 : explain SELECT c FROM sbtest1 WHERE id=1416420
	Index Scan using sbtest1_pkey on sbtest1  (cost=0.43..8.45 rows=1 width=121)
	  Index Cond: (id = 1416420)

table 2 : explain SELECT c FROM sbtest2 WHERE id=8615887
	Index Scan using sbtest2_pkey on sbtest2  (cost=0.43..8.45 rows=1 width=121)
	  Index Cond: (id = 8615887)

table 3 : explain SELECT c FROM sbtest3 WHERE id=5830791
	Index Scan using sbtest3_pkey on sbtest3  (cost=0.43..8.45 rows=1 width=121)
	  Index Cond: (id = 5830791)

table 4 : explain SELECT c FROM sbtest4 WHERE id=9748443
	Index Scan using sbtest4_pkey on sbtest4  (cost=0.43..8.45 rows=1 width=121)
	  Index Cond: (id = 9748443)

table 5 : explain SELECT c FROM sbtest5 WHERE id=5587217
	Index Scan using sbtest5_pkey on sbtest5  (cost=0.43..8.45 rows=1 width=121)
	  Index Cond: (id = 5587217)

table 6 : explain SELECT c FROM sbtest6 WHERE id=2279419
	Index Scan using sbtest6_pkey on sbtest6  (cost=0.43..8.45 rows=1 width=121)
	  Index Cond: (id = 2279419)

table 7 : explain SELECT c FROM sbtest7 WHERE id=5676453
	Index Scan using sbtest7_pkey on sbtest7  (cost=0.43..8.45 rows=1 width=121)
	  Index Cond: (id = 5676453)

table 8 : explain SELECT c FROM sbtest8 WHERE id=9963165
	Index Scan using sbtest8_pkey on sbtest8  (cost=0.43..8.45 rows=1 width=121)
	  Index Cond: (id = 9963165)

for: order_ranges
table 1 : explain SELECT c FROM sbtest1 WHERE id BETWEEN 9625792 AND 9625891 ORDER BY c
	Sort  (cost=392.56..392.80 rows=97 width=121)
	  Sort Key: c
	  ->  Index Scan using sbtest1_pkey on sbtest1  (cost=0.43..389.36 rows=97 width=121)
	        Index Cond: ((id >= 9625792) AND (id <= 9625891))

table 2 : explain SELECT c FROM sbtest2 WHERE id BETWEEN 6003904 AND 6004003 ORDER BY c
	Sort  (cost=384.62..384.85 rows=95 width=121)
	  Sort Key: c
	  ->  Index Scan using sbtest2_pkey on sbtest2  (cost=0.43..381.50 rows=95 width=121)
	        Index Cond: ((id >= 6003904) AND (id <= 6004003))

table 3 : explain SELECT c FROM sbtest3 WHERE id BETWEEN 3042516 AND 3042615 ORDER BY c
	Sort  (cost=384.41..384.65 rows=95 width=121)
	  Sort Key: c
	  ->  Index Scan using sbtest3_pkey on sbtest3  (cost=0.43..381.29 rows=95 width=121)
	        Index Cond: ((id >= 3042516) AND (id <= 3042615))

table 4 : explain SELECT c FROM sbtest4 WHERE id BETWEEN 5524543 AND 5524642 ORDER BY c
	Sort  (cost=403.55..403.80 rows=100 width=121)
	  Sort Key: c
	  ->  Index Scan using sbtest4_pkey on sbtest4  (cost=0.43..400.23 rows=100 width=121)
	        Index Cond: ((id >= 5524543) AND (id <= 5524642))

table 5 : explain SELECT c FROM sbtest5 WHERE id BETWEEN 3807411 AND 3807510 ORDER BY c
	Sort  (cost=423.34..423.60 rows=105 width=121)
	  Sort Key: c
	  ->  Index Scan using sbtest5_pkey on sbtest5  (cost=0.43..419.81 rows=105 width=121)
	        Index Cond: ((id >= 3807411) AND (id <= 3807510))

table 6 : explain SELECT c FROM sbtest6 WHERE id BETWEEN 4286586 AND 4286685 ORDER BY c
	Sort  (cost=419.07..419.33 rows=104 width=121)
	  Sort Key: c
	  ->  Index Scan using sbtest6_pkey on sbtest6  (cost=0.43..415.59 rows=104 width=121)
	        Index Cond: ((id >= 4286586) AND (id <= 4286685))

table 7 : explain SELECT c FROM sbtest7 WHERE id BETWEEN 6187313 AND 6187412 ORDER BY c
	Sort  (cost=410.80..411.05 rows=102 width=121)
	  Sort Key: c
	  ->  Index Scan using sbtest7_pkey on sbtest7  (cost=0.43..407.39 rows=102 width=121)
	        Index Cond: ((id >= 6187313) AND (id <= 6187412))

table 8 : explain SELECT c FROM sbtest8 WHERE id BETWEEN 730352 AND 730451 ORDER BY c
	Sort  (cost=403.12..403.37 rows=100 width=121)
	  Sort Key: c
	  ->  Index Scan using sbtest8_pkey on sbtest8  (cost=0.43..399.80 rows=100 width=121)
	        Index Cond: ((id >= 730352) AND (id <= 730451))

for: distinct_ranges
table 1 : explain SELECT DISTINCT c FROM sbtest1 WHERE id BETWEEN 2350332 AND 2350431 ORDER BY c
	Unique  (cost=352.49..352.92 rows=87 width=121)
	  ->  Sort  (cost=352.49..352.70 rows=87 width=121)
	        Sort Key: c
	        ->  Index Scan using sbtest1_pkey on sbtest1  (cost=0.43..349.68 rows=87 width=121)
	              Index Cond: ((id >= 2350332) AND (id <= 2350431))

table 2 : explain SELECT DISTINCT c FROM sbtest2 WHERE id BETWEEN 4284174 AND 4284273 ORDER BY c
	Unique  (cost=400.65..401.15 rows=99 width=121)
	  ->  Sort  (cost=400.65..400.90 rows=99 width=121)
	        Sort Key: c
	        ->  Index Scan using sbtest2_pkey on sbtest2  (cost=0.43..397.37 rows=99 width=121)
	              Index Cond: ((id >= 4284174) AND (id <= 4284273))

table 3 : explain SELECT DISTINCT c FROM sbtest3 WHERE id BETWEEN 3731412 AND 3731511 ORDER BY c
	Unique  (cost=400.43..400.93 rows=99 width=121)
	  ->  Sort  (cost=400.43..400.68 rows=99 width=121)
	        Sort Key: c
	        ->  Index Scan using sbtest3_pkey on sbtest3  (cost=0.43..397.15 rows=99 width=121)
	              Index Cond: ((id >= 3731412) AND (id <= 3731511))

table 4 : explain SELECT DISTINCT c FROM sbtest4 WHERE id BETWEEN 5366218 AND 5366317 ORDER BY c
	Unique  (cost=387.54..388.02 rows=96 width=121)
	  ->  Sort  (cost=387.54..387.78 rows=96 width=121)
	        Sort Key: c
	        ->  Index Scan using sbtest4_pkey on sbtest4  (cost=0.43..384.38 rows=96 width=121)
	              Index Cond: ((id >= 5366218) AND (id <= 5366317))

table 5 : explain SELECT DISTINCT c FROM sbtest5 WHERE id BETWEEN 3523017 AND 3523116 ORDER BY c
	Unique  (cost=367.39..367.84 rows=91 width=121)
	  ->  Sort  (cost=367.39..367.62 rows=91 width=121)
	        Sort Key: c
	        ->  Index Scan using sbtest5_pkey on sbtest5  (cost=0.43..364.43 rows=91 width=121)
	              Index Cond: ((id >= 3523017) AND (id <= 3523116))

table 6 : explain SELECT DISTINCT c FROM sbtest6 WHERE id BETWEEN 2207392 AND 2207491 ORDER BY c
	Unique  (cost=399.11..399.60 rows=99 width=121)
	  ->  Sort  (cost=399.11..399.36 rows=99 width=121)
	        Sort Key: c
	        ->  Index Scan using sbtest6_pkey on sbtest6  (cost=0.43..395.83 rows=99 width=121)
	              Index Cond: ((id >= 2207392) AND (id <= 2207491))

table 7 : explain SELECT DISTINCT c FROM sbtest7 WHERE id BETWEEN 3853808 AND 3853907 ORDER BY c
	Unique  (cost=390.83..391.32 rows=97 width=121)
	  ->  Sort  (cost=390.83..391.07 rows=97 width=121)
	        Sort Key: c
	        ->  Index Scan using sbtest7_pkey on sbtest7  (cost=0.43..387.63 rows=97 width=121)
	              Index Cond: ((id >= 3853808) AND (id <= 3853907))

table 8 : explain SELECT DISTINCT c FROM sbtest8 WHERE id BETWEEN 177422 AND 177521 ORDER BY c
	Unique  (cost=347.21..347.64 rows=86 width=121)
	  ->  Sort  (cost=347.21..347.43 rows=86 width=121)
	        Sort Key: c
	        ->  Index Scan using sbtest8_pkey on sbtest8  (cost=0.43..344.45 rows=86 width=121)
	              Index Cond: ((id >= 177422) AND (id <= 177521))

for: sum_ranges
table 1 : explain SELECT SUM(k) FROM sbtest1 WHERE id BETWEEN 7330342 AND 7330441
	Aggregate  (cost=393.57..393.58 rows=1 width=8)
	  ->  Index Scan using sbtest1_pkey on sbtest1  (cost=0.43..393.33 rows=98 width=4)
	        Index Cond: ((id >= 7330342) AND (id <= 7330441))

table 2 : explain SELECT SUM(k) FROM sbtest2 WHERE id BETWEEN 8931318 AND 8931417
	Aggregate  (cost=401.60..401.61 rows=1 width=8)
	  ->  Index Scan using sbtest2_pkey on sbtest2  (cost=0.43..401.35 rows=100 width=4)
	        Index Cond: ((id >= 8931318) AND (id <= 8931417))

table 3 : explain SELECT SUM(k) FROM sbtest3 WHERE id BETWEEN 163150 AND 163249
	Aggregate  (cost=433.13..433.14 rows=1 width=8)
	  ->  Index Scan using sbtest3_pkey on sbtest3  (cost=0.43..432.86 rows=108 width=4)
	        Index Cond: ((id >= 163150) AND (id <= 163249))

table 4 : explain SELECT SUM(k) FROM sbtest4 WHERE id BETWEEN 5974917 AND 5975016
	Aggregate  (cost=436.11..436.12 rows=1 width=8)
	  ->  Index Scan using sbtest4_pkey on sbtest4  (cost=0.43..435.84 rows=109 width=4)
	        Index Cond: ((id >= 5974917) AND (id <= 5975016))

table 5 : explain SELECT SUM(k) FROM sbtest5 WHERE id BETWEEN 6189118 AND 6189217
	Aggregate  (cost=400.29..400.30 rows=1 width=8)
	  ->  Index Scan using sbtest5_pkey on sbtest5  (cost=0.43..400.04 rows=100 width=4)
	        Index Cond: ((id >= 6189118) AND (id <= 6189217))

table 6 : explain SELECT SUM(k) FROM sbtest6 WHERE id BETWEEN 3897637 AND 3897736
	Aggregate  (cost=411.89..411.90 rows=1 width=8)
	  ->  Index Scan using sbtest6_pkey on sbtest6  (cost=0.43..411.64 rows=103 width=4)
	        Index Cond: ((id >= 3897637) AND (id <= 3897736))

table 7 : explain SELECT SUM(k) FROM sbtest7 WHERE id BETWEEN 8698681 AND 8698780
	Aggregate  (cost=348.35..348.36 rows=1 width=8)
	  ->  Index Scan using sbtest7_pkey on sbtest7  (cost=0.43..348.14 rows=87 width=4)
	        Index Cond: ((id >= 8698681) AND (id <= 8698780))

table 8 : explain SELECT SUM(k) FROM sbtest8 WHERE id BETWEEN 7170801 AND 7170900
	Aggregate  (cost=400.05..400.06 rows=1 width=8)
	  ->  Index Scan using sbtest8_pkey on sbtest8  (cost=0.43..399.80 rows=100 width=4)
	        Index Cond: ((id >= 7170801) AND (id <= 7170900))

for: sum_ranges
table 1 : explain SELECT SUM(k) FROM sbtest1 WHERE id BETWEEN 3949222 AND 3949321
	Aggregate  (cost=401.51..401.52 rows=1 width=8)
	  ->  Index Scan using sbtest1_pkey on sbtest1  (cost=0.43..401.26 rows=100 width=4)
	        Index Cond: ((id >= 3949222) AND (id <= 3949321))

table 2 : explain SELECT SUM(k) FROM sbtest2 WHERE id BETWEEN 1510076 AND 1510175
	Aggregate  (cost=453.22..453.23 rows=1 width=8)
	  ->  Index Scan using sbtest2_pkey on sbtest2  (cost=0.43..452.94 rows=113 width=4)
	        Index Cond: ((id >= 1510076) AND (id <= 1510175))

table 3 : explain SELECT SUM(k) FROM sbtest3 WHERE id BETWEEN 8324544 AND 8324643
	Aggregate  (cost=425.19..425.20 rows=1 width=8)
	  ->  Index Scan using sbtest3_pkey on sbtest3  (cost=0.43..424.93 rows=106 width=4)
	        Index Cond: ((id >= 8324544) AND (id <= 8324643))

table 4 : explain SELECT SUM(k) FROM sbtest4 WHERE id BETWEEN 1262850 AND 1262949
	Aggregate  (cost=400.48..400.49 rows=1 width=8)
	  ->  Index Scan using sbtest4_pkey on sbtest4  (cost=0.43..400.23 rows=100 width=4)
	        Index Cond: ((id >= 1262850) AND (id <= 1262949))

table 5 : explain SELECT SUM(k) FROM sbtest5 WHERE id BETWEEN 7061703 AND 7061802
	Aggregate  (cost=388.40..388.41 rows=1 width=8)
	  ->  Index Scan using sbtest5_pkey on sbtest5  (cost=0.43..388.16 rows=97 width=4)
	        Index Cond: ((id >= 7061703) AND (id <= 7061802))

table 6 : explain SELECT SUM(k) FROM sbtest6 WHERE id BETWEEN 1753659 AND 1753758
	Aggregate  (cost=384.19..384.20 rows=1 width=8)
	  ->  Index Scan using sbtest6_pkey on sbtest6  (cost=0.43..383.95 rows=96 width=4)
	        Index Cond: ((id >= 1753659) AND (id <= 1753758))

table 7 : explain SELECT SUM(k) FROM sbtest7 WHERE id BETWEEN 1533458 AND 1533557
	Aggregate  (cost=379.97..379.98 rows=1 width=8)
	  ->  Index Scan using sbtest7_pkey on sbtest7  (cost=0.43..379.73 rows=95 width=4)
	        Index Cond: ((id >= 1533458) AND (id <= 1533557))

table 8 : explain SELECT SUM(k) FROM sbtest8 WHERE id BETWEEN 3444686 AND 3444785
	Aggregate  (cost=427.74..427.75 rows=1 width=8)
	  ->  Index Scan using sbtest8_pkey on sbtest8  (cost=0.43..427.47 rows=107 width=4)
	        Index Cond: ((id >= 3444686) AND (id <= 3444785))

for: simple_ranges
table 1 : explain SELECT c FROM sbtest1 WHERE id BETWEEN 1212141 AND 1212240
	Index Scan using sbtest1_pkey on sbtest1  (cost=0.43..397.29 rows=99 width=121)
	  Index Cond: ((id >= 1212141) AND (id <= 1212240))

table 2 : explain SELECT c FROM sbtest2 WHERE id BETWEEN 1721163 AND 1721262
	Index Scan using sbtest2_pkey on sbtest2  (cost=0.43..409.29 rows=102 width=121)
	  Index Cond: ((id >= 1721163) AND (id <= 1721262))

table 3 : explain SELECT c FROM sbtest3 WHERE id BETWEEN 3321266 AND 3321365
	Index Scan using sbtest3_pkey on sbtest3  (cost=0.43..401.12 rows=100 width=121)
	  Index Cond: ((id >= 3321266) AND (id <= 3321365))

table 4 : explain SELECT c FROM sbtest4 WHERE id BETWEEN 537509 AND 537608
	Index Scan using sbtest4_pkey on sbtest4  (cost=0.43..416.05 rows=104 width=121)
	  Index Cond: ((id >= 537509) AND (id <= 537608))

table 5 : explain SELECT c FROM sbtest5 WHERE id BETWEEN 4306765 AND 4306864
	Index Scan using sbtest5_pkey on sbtest5  (cost=0.43..396.08 rows=99 width=121)
	  Index Cond: ((id >= 4306765) AND (id <= 4306864))

table 6 : explain SELECT c FROM sbtest6 WHERE id BETWEEN 322370 AND 322469
	Index Scan using sbtest6_pkey on sbtest6  (cost=0.43..356.29 rows=89 width=121)
	  Index Cond: ((id >= 322370) AND (id <= 322469))

table 7 : explain SELECT c FROM sbtest7 WHERE id BETWEEN 4881133 AND 4881232
	Index Scan using sbtest7_pkey on sbtest7  (cost=0.43..415.29 rows=104 width=121)
	  Index Cond: ((id >= 4881133) AND (id <= 4881232))

table 8 : explain SELECT c FROM sbtest8 WHERE id BETWEEN 2352992 AND 2353091
	Index Scan using sbtest8_pkey on sbtest8  (cost=0.43..415.61 rows=104 width=121)
	  Index Cond: ((id >= 2352992) AND (id <= 2353091))

explain: for point_selects :: explain SELECT c FROM sbtest%u WHERE id=%u
for: distinct_ranges
table 1 : explain SELECT DISTINCT c FROM sbtest1 WHERE id BETWEEN 4651666 AND 4651765 ORDER BY c
	Unique  (cost=396.57..397.06 rows=98 width=121)
	  ->  Sort  (cost=396.57..396.81 rows=98 width=121)
	        Sort Key: c
	        ->  Index Scan using sbtest1_pkey on sbtest1  (cost=0.43..393.33 rows=98 width=121)
	              Index Cond: ((id >= 4651666) AND (id <= 4651765))

table 2 : explain SELECT DISTINCT c FROM sbtest2 WHERE id BETWEEN 4350108 AND 4350207 ORDER BY c
	Unique  (cost=400.65..401.15 rows=99 width=121)
	  ->  Sort  (cost=400.65..400.90 rows=99 width=121)
	        Sort Key: c
	        ->  Index Scan using sbtest2_pkey on sbtest2  (cost=0.43..397.37 rows=99 width=121)
	              Index Cond: ((id >= 4350108) AND (id <= 4350207))

table 3 : explain SELECT DISTINCT c FROM sbtest3 WHERE id BETWEEN 484359 AND 484458 ORDER BY c
	Unique  (cost=380.40..380.87 rows=94 width=121)
	  ->  Sort  (cost=380.40..380.64 rows=94 width=121)
	        Sort Key: c
	        ->  Index Scan using sbtest3_pkey on sbtest3  (cost=0.43..377.32 rows=94 width=121)
	              Index Cond: ((id >= 484359) AND (id <= 484458))

table 4 : explain SELECT DISTINCT c FROM sbtest4 WHERE id BETWEEN 6821758 AND 6821857 ORDER BY c
	Unique  (cost=435.53..436.07 rows=108 width=121)
	  ->  Sort  (cost=435.53..435.80 rows=108 width=121)
	        Sort Key: c
	        ->  Index Scan using sbtest4_pkey on sbtest4  (cost=0.43..431.88 rows=108 width=121)
	              Index Cond: ((id >= 6821758) AND (id <= 6821857))

table 5 : explain SELECT DISTINCT c FROM sbtest5 WHERE id BETWEEN 2460331 AND 2460430 ORDER BY c
	Unique  (cost=407.36..407.86 rows=101 width=121)
	  ->  Sort  (cost=407.36..407.61 rows=101 width=121)
	        Sort Key: c
	        ->  Index Scan using sbtest5_pkey on sbtest5  (cost=0.43..403.99 rows=101 width=121)
	              Index Cond: ((id >= 2460331) AND (id <= 2460430))

table 6 : explain SELECT DISTINCT c FROM sbtest6 WHERE id BETWEEN 7564184 AND 7564283 ORDER BY c
	Unique  (cost=395.10..395.59 rows=98 width=121)
	  ->  Sort  (cost=395.10..395.34 rows=98 width=121)
	        Sort Key: c
	        ->  Index Scan using sbtest6_pkey on sbtest6  (cost=0.43..391.86 rows=98 width=121)
	              Index Cond: ((id >= 7564184) AND (id <= 7564283))

table 7 : explain SELECT DISTINCT c FROM sbtest7 WHERE id BETWEEN 5070944 AND 5071043 ORDER BY c
	Unique  (cost=402.82..403.32 rows=100 width=121)
	  ->  Sort  (cost=402.82..403.07 rows=100 width=121)
	        Sort Key: c
	        ->  Index Scan using sbtest7_pkey on sbtest7  (cost=0.43..399.50 rows=100 width=121)
	              Index Cond: ((id >= 5070944) AND (id <= 5071043))

table 8 : explain SELECT DISTINCT c FROM sbtest8 WHERE id BETWEEN 7660875 AND 7660974 ORDER BY c
	Unique  (cost=371.17..371.63 rows=92 width=121)
	  ->  Sort  (cost=371.17..371.40 rows=92 width=121)
	        Sort Key: c
	        ->  Index Scan using sbtest8_pkey on sbtest8  (cost=0.43..368.16 rows=92 width=121)
	              Index Cond: ((id >= 7660875) AND (id <= 7660974))

explain: for point_selects :: explain SELECT c FROM sbtest%u WHERE id=%u
for: order_ranges
table 1 : explain SELECT c FROM sbtest1 WHERE id BETWEEN 9650127 AND 9650226 ORDER BY c
	Sort  (cost=392.56..392.80 rows=97 width=121)
	  Sort Key: c
	  ->  Index Scan using sbtest1_pkey on sbtest1  (cost=0.43..389.36 rows=97 width=121)
	        Index Cond: ((id >= 9650127) AND (id <= 9650226))

table 2 : explain SELECT c FROM sbtest2 WHERE id BETWEEN 1882031 AND 1882130 ORDER BY c
	Sort  (cost=396.64..396.89 rows=98 width=121)
	  Sort Key: c
	  ->  Index Scan using sbtest2_pkey on sbtest2  (cost=0.43..393.40 rows=98 width=121)
	        Index Cond: ((id >= 1882031) AND (id <= 1882130))

table 3 : explain SELECT c FROM sbtest3 WHERE id BETWEEN 8233334 AND 8233433 ORDER BY c
	Sort  (cost=400.43..400.68 rows=99 width=121)
	  Sort Key: c
	  ->  Index Scan using sbtest3_pkey on sbtest3  (cost=0.43..397.15 rows=99 width=121)
	        Index Cond: ((id >= 8233334) AND (id <= 8233433))

table 4 : explain SELECT c FROM sbtest4 WHERE id BETWEEN 897178 AND 897277 ORDER BY c
	Sort  (cost=395.54..395.78 rows=98 width=121)
	  Sort Key: c
	  ->  Index Scan using sbtest4_pkey on sbtest4  (cost=0.43..392.30 rows=98 width=121)
	        Index Cond: ((id >= 897178) AND (id <= 897277))

table 5 : explain SELECT c FROM sbtest5 WHERE id BETWEEN 6025009 AND 6025108 ORDER BY c
	Sort  (cost=407.36..407.61 rows=101 width=121)
	  Sort Key: c
	  ->  Index Scan using sbtest5_pkey on sbtest5  (cost=0.43..403.99 rows=101 width=121)
	        Index Cond: ((id >= 6025009) AND (id <= 6025108))

table 6 : explain SELECT c FROM sbtest6 WHERE id BETWEEN 7163469 AND 7163568 ORDER BY c
	Sort  (cost=387.11..387.35 rows=96 width=121)
	  Sort Key: c
	  ->  Index Scan using sbtest6_pkey on sbtest6  (cost=0.43..383.95 rows=96 width=121)
	        Index Cond: ((id >= 7163469) AND (id <= 7163568))

table 7 : explain SELECT c FROM sbtest7 WHERE id BETWEEN 8693518 AND 8693617 ORDER BY c
	Sort  (cost=350.94..351.16 rows=87 width=121)
	  Sort Key: c
	  ->  Index Scan using sbtest7_pkey on sbtest7  (cost=0.43..348.14 rows=87 width=121)
	        Index Cond: ((id >= 8693518) AND (id <= 8693617))

table 8 : explain SELECT c FROM sbtest8 WHERE id BETWEEN 8237041 AND 8237140 ORDER BY c
	Sort  (cost=443.06..443.33 rows=110 width=121)
	  Sort Key: c
	  ->  Index Scan using sbtest8_pkey on sbtest8  (cost=0.43..439.33 rows=110 width=121)
	        Index Cond: ((id >= 8237041) AND (id <= 8237140))

explain: for point_selects :: explain SELECT c FROM sbtest%u WHERE id=%u
for: sum_ranges
table 1 : explain SELECT SUM(k) FROM sbtest1 WHERE id BETWEEN 8320283 AND 8320382
	Aggregate  (cost=429.31..429.32 rows=1 width=8)
	  ->  Index Scan using sbtest1_pkey on sbtest1  (cost=0.43..429.05 rows=107 width=4)
	        Index Cond: ((id >= 8320283) AND (id <= 8320382))

table 2 : explain SELECT SUM(k) FROM sbtest2 WHERE id BETWEEN 3442480 AND 3442579
	Aggregate  (cost=413.51..413.52 rows=1 width=8)
	  ->  Index Scan using sbtest2_pkey on sbtest2  (cost=0.43..413.26 rows=103 width=4)
	        Index Cond: ((id >= 3442480) AND (id <= 3442579))

table 3 : explain SELECT SUM(k) FROM sbtest3 WHERE id BETWEEN 5169700 AND 5169799
	Aggregate  (cost=429.16..429.17 rows=1 width=8)
	  ->  Index Scan using sbtest3_pkey on sbtest3  (cost=0.43..428.89 rows=107 width=4)
	        Index Cond: ((id >= 5169700) AND (id <= 5169799))

table 4 : explain SELECT SUM(k) FROM sbtest4 WHERE id BETWEEN 477486 AND 477585
	Aggregate  (cost=424.23..424.24 rows=1 width=8)
	  ->  Index Scan using sbtest4_pkey on sbtest4  (cost=0.43..423.97 rows=106 width=4)
	        Index Cond: ((id >= 477486) AND (id <= 477585))

table 5 : explain SELECT SUM(k) FROM sbtest5 WHERE id BETWEEN 1024827 AND 1024926
	Aggregate  (cost=376.53..376.54 rows=1 width=8)
	  ->  Index Scan using sbtest5_pkey on sbtest5  (cost=0.43..376.29 rows=94 width=4)
	        Index Cond: ((id >= 1024827) AND (id <= 1024926))

table 6 : explain SELECT SUM(k) FROM sbtest6 WHERE id BETWEEN 740378 AND 740477
	Aggregate  (cost=400.03..400.04 rows=1 width=8)
	  ->  Index Scan using sbtest6_pkey on sbtest6  (cost=0.43..399.78 rows=100 width=4)
	        Index Cond: ((id >= 740378) AND (id <= 740477))

table 7 : explain SELECT SUM(k) FROM sbtest7 WHERE id BETWEEN 6424790 AND 6424889
	Aggregate  (cost=423.46..423.47 rows=1 width=8)
	  ->  Index Scan using sbtest7_pkey on sbtest7  (cost=0.43..423.19 rows=106 width=4)
	        Index Cond: ((id >= 6424790) AND (id <= 6424889))

table 8 : explain SELECT SUM(k) FROM sbtest8 WHERE id BETWEEN 8642076 AND 8642175
	Aggregate  (cost=376.30..376.31 rows=1 width=8)
	  ->  Index Scan using sbtest8_pkey on sbtest8  (cost=0.43..376.07 rows=94 width=4)
	        Index Cond: ((id >= 8642076) AND (id <= 8642175))

for: order_ranges
table 1 : explain SELECT c FROM sbtest1 WHERE id BETWEEN 5152099 AND 5152198 ORDER BY c
	Sort  (cost=388.55..388.79 rows=96 width=121)
	  Sort Key: c
	  ->  Index Scan using sbtest1_pkey on sbtest1  (cost=0.43..385.39 rows=96 width=121)
	        Index Cond: ((id >= 5152099) AND (id <= 5152198))

table 2 : explain SELECT c FROM sbtest2 WHERE id BETWEEN 3383864 AND 3383963 ORDER BY c
	Sort  (cost=416.70..416.96 rows=103 width=121)
	  Sort Key: c
	  ->  Index Scan using sbtest2_pkey on sbtest2  (cost=0.43..413.26 rows=103 width=121)
	        Index Cond: ((id >= 3383864) AND (id <= 3383963))

table 3 : explain SELECT c FROM sbtest3 WHERE id BETWEEN 848172 AND 848271 ORDER BY c
	Sort  (cost=464.56..464.85 rows=115 width=121)
	  Sort Key: c
	  ->  Index Scan using sbtest3_pkey on sbtest3  (cost=0.43..460.62 rows=115 width=121)
	        Index Cond: ((id >= 848172) AND (id <= 848271))

table 4 : explain SELECT c FROM sbtest4 WHERE id BETWEEN 8259851 AND 8259950 ORDER BY c
	Sort  (cost=419.54..419.80 rows=104 width=121)
	  Sort Key: c
	  ->  Index Scan using sbtest4_pkey on sbtest4  (cost=0.43..416.05 rows=104 width=121)
	        Index Cond: ((id >= 8259851) AND (id <= 8259950))

table 5 : explain SELECT c FROM sbtest5 WHERE id BETWEEN 7960018 AND 7960117 ORDER BY c
	Sort  (cost=375.38..375.61 rows=93 width=121)
	  Sort Key: c
	  ->  Index Scan using sbtest5_pkey on sbtest5  (cost=0.43..372.34 rows=93 width=121)
	        Index Cond: ((id >= 7960018) AND (id <= 7960117))

table 6 : explain SELECT c FROM sbtest6 WHERE id BETWEEN 259473 AND 259572 ORDER BY c
	Sort  (cost=411.09..411.34 rows=102 width=121)
	  Sort Key: c
	  ->  Index Scan using sbtest6_pkey on sbtest6  (cost=0.43..407.68 rows=102 width=121)
	        Index Cond: ((id >= 259473) AND (id <= 259572))

table 7 : explain SELECT c FROM sbtest7 WHERE id BETWEEN 9254123 AND 9254222 ORDER BY c
	Sort  (cost=418.78..419.04 rows=104 width=121)
	  Sort Key: c
	  ->  Index Scan using sbtest7_pkey on sbtest7  (cost=0.43..415.29 rows=104 width=121)
	        Index Cond: ((id >= 9254123) AND (id <= 9254222))

table 8 : explain SELECT c FROM sbtest8 WHERE id BETWEEN 3228280 AND 3228379 ORDER BY c
	Sort  (cost=423.09..423.35 rows=105 width=121)
	  Sort Key: c
	  ->  Index Scan using sbtest8_pkey on sbtest8  (cost=0.43..419.56 rows=105 width=121)
	        Index Cond: ((id >= 3228280) AND (id <= 3228379))

for: distinct_ranges
table 1 : explain SELECT DISTINCT c FROM sbtest1 WHERE id BETWEEN 3159215 AND 3159314 ORDER BY c
	Unique  (cost=416.62..417.14 rows=103 width=121)
	  ->  Sort  (cost=416.62..416.88 rows=103 width=121)
	        Sort Key: c
	        ->  Index Scan using sbtest1_pkey on sbtest1  (cost=0.43..413.18 rows=103 width=121)
	              Index Cond: ((id >= 3159215) AND (id <= 3159314))

table 2 : explain SELECT DISTINCT c FROM sbtest2 WHERE id BETWEEN 9065484 AND 9065583 ORDER BY c
	Unique  (cost=380.61..381.08 rows=94 width=121)
	  ->  Sort  (cost=380.61..380.84 rows=94 width=121)
	        Sort Key: c
	        ->  Index Scan using sbtest2_pkey on sbtest2  (cost=0.43..377.53 rows=94 width=121)
	              Index Cond: ((id >= 9065484) AND (id <= 9065583))

table 3 : explain SELECT DISTINCT c FROM sbtest3 WHERE id BETWEEN 6011922 AND 6012021 ORDER BY c
	Unique  (cost=416.47..416.99 rows=103 width=121)
	  ->  Sort  (cost=416.47..416.73 rows=103 width=121)
	        Sort Key: c
	        ->  Index Scan using sbtest3_pkey on sbtest3  (cost=0.43..413.03 rows=103 width=121)
	              Index Cond: ((id >= 6011922) AND (id <= 6012021))

table 4 : explain SELECT DISTINCT c FROM sbtest4 WHERE id BETWEEN 2910231 AND 2910330 ORDER BY c
	Unique  (cost=423.53..424.06 rows=105 width=121)
	  ->  Sort  (cost=423.53..423.80 rows=105 width=121)
	        Sort Key: c
	        ->  Index Scan using sbtest4_pkey on sbtest4  (cost=0.43..420.01 rows=105 width=121)
	              Index Cond: ((id >= 2910231) AND (id <= 2910330))

table 5 : explain SELECT DISTINCT c FROM sbtest5 WHERE id BETWEEN 7643867 AND 7643966 ORDER BY c
	Unique  (cost=419.34..419.86 rows=104 width=121)
	  ->  Sort  (cost=419.34..419.60 rows=104 width=121)
	        Sort Key: c
	        ->  Index Scan using sbtest5_pkey on sbtest5  (cost=0.43..415.86 rows=104 width=121)
	              Index Cond: ((id >= 7643867) AND (id <= 7643966))

table 6 : explain SELECT DISTINCT c FROM sbtest6 WHERE id BETWEEN 2300144 AND 2300243 ORDER BY c
	Unique  (cost=399.11..399.60 rows=99 width=121)
	  ->  Sort  (cost=399.11..399.36 rows=99 width=121)
	        Sort Key: c
	        ->  Index Scan using sbtest6_pkey on sbtest6  (cost=0.43..395.83 rows=99 width=121)
	              Index Cond: ((id >= 2300144) AND (id <= 2300243))

table 7 : explain SELECT DISTINCT c FROM sbtest7 WHERE id BETWEEN 7148280 AND 7148379 ORDER BY c
	Unique  (cost=382.85..383.33 rows=95 width=121)
	  ->  Sort  (cost=382.85..383.09 rows=95 width=121)
	        Sort Key: c
	        ->  Index Scan using sbtest7_pkey on sbtest7  (cost=0.43..379.73 rows=95 width=121)
	              Index Cond: ((id >= 7148280) AND (id <= 7148379))

table 8 : explain SELECT DISTINCT c FROM sbtest8 WHERE id BETWEEN 3117012 AND 3117111 ORDER BY c
	Unique  (cost=403.12..403.62 rows=100 width=121)
	  ->  Sort  (cost=403.12..403.37 rows=100 width=121)
	        Sort Key: c
	        ->  Index Scan using sbtest8_pkey on sbtest8  (cost=0.43..399.80 rows=100 width=121)
	              Index Cond: ((id >= 3117012) AND (id <= 3117111))

for point_selects
table 1 : explain SELECT c FROM sbtest1 WHERE id=2402518
	Index Scan using sbtest1_pkey on sbtest1  (cost=0.43..8.45 rows=1 width=121)
	  Index Cond: (id = 2402518)

table 2 : explain SELECT c FROM sbtest2 WHERE id=2093757
	Index Scan using sbtest2_pkey on sbtest2  (cost=0.43..8.45 rows=1 width=121)
	  Index Cond: (id = 2093757)

table 3 : explain SELECT c FROM sbtest3 WHERE id=3355656
	Index Scan using sbtest3_pkey on sbtest3  (cost=0.43..8.45 rows=1 width=121)
	  Index Cond: (id = 3355656)

table 4 : explain SELECT c FROM sbtest4 WHERE id=590431
	Index Scan using sbtest4_pkey on sbtest4  (cost=0.43..8.45 rows=1 width=121)
	  Index Cond: (id = 590431)

table 5 : explain SELECT c FROM sbtest5 WHERE id=5363720
	Index Scan using sbtest5_pkey on sbtest5  (cost=0.43..8.45 rows=1 width=121)
	  Index Cond: (id = 5363720)

table 6 : explain SELECT c FROM sbtest6 WHERE id=3504902
	Index Scan using sbtest6_pkey on sbtest6  (cost=0.43..8.45 rows=1 width=121)
	  Index Cond: (id = 3504902)

table 7 : explain SELECT c FROM sbtest7 WHERE id=4008771
	Index Scan using sbtest7_pkey on sbtest7  (cost=0.43..8.45 rows=1 width=121)
	  Index Cond: (id = 4008771)

table 8 : explain SELECT c FROM sbtest8 WHERE id=1882113
	Index Scan using sbtest8_pkey on sbtest8  (cost=0.43..8.45 rows=1 width=121)
	  Index Cond: (id = 1882113)

for: order_ranges
table 1 : explain SELECT c FROM sbtest1 WHERE id BETWEEN 3203280 AND 3203379 ORDER BY c
	Sort  (cost=416.62..416.88 rows=103 width=121)
	  Sort Key: c
	  ->  Index Scan using sbtest1_pkey on sbtest1  (cost=0.43..413.18 rows=103 width=121)
	        Index Cond: ((id >= 3203280) AND (id <= 3203379))

table 2 : explain SELECT c FROM sbtest2 WHERE id BETWEEN 9867677 AND 9867776 ORDER BY c
	Sort  (cost=404.66..404.91 rows=100 width=121)
	  Sort Key: c
	  ->  Index Scan using sbtest2_pkey on sbtest2  (cost=0.43..401.34 rows=100 width=121)
	        Index Cond: ((id >= 9867677) AND (id <= 9867776))

table 3 : explain SELECT c FROM sbtest3 WHERE id BETWEEN 6249678 AND 6249777 ORDER BY c
	Sort  (cost=400.43..400.68 rows=99 width=121)
	  Sort Key: c
	  ->  Index Scan using sbtest3_pkey on sbtest3  (cost=0.43..397.15 rows=99 width=121)
	        Index Cond: ((id >= 6249678) AND (id <= 6249777))

table 4 : explain SELECT c FROM sbtest4 WHERE id BETWEEN 6055951 AND 6056050 ORDER BY c
	Sort  (cost=395.54..395.78 rows=98 width=121)
	  Sort Key: c
	  ->  Index Scan using sbtest4_pkey on sbtest4  (cost=0.43..392.30 rows=98 width=121)
	        Index Cond: ((id >= 6055951) AND (id <= 6056050))

table 5 : explain SELECT c FROM sbtest5 WHERE id BETWEEN 3994153 AND 3994252 ORDER BY c
	Sort  (cost=411.35..411.61 rows=102 width=121)
	  Sort Key: c
	  ->  Index Scan using sbtest5_pkey on sbtest5  (cost=0.43..407.95 rows=102 width=121)
	        Index Cond: ((id >= 3994153) AND (id <= 3994252))

table 6 : explain SELECT c FROM sbtest6 WHERE id BETWEEN 7198966 AND 7199065 ORDER BY c
	Sort  (cost=387.11..387.35 rows=96 width=121)
	  Sort Key: c
	  ->  Index Scan using sbtest6_pkey on sbtest6  (cost=0.43..383.95 rows=96 width=121)
	        Index Cond: ((id >= 7198966) AND (id <= 7199065))

table 7 : explain SELECT c FROM sbtest7 WHERE id BETWEEN 2820808 AND 2820907 ORDER BY c
	Sort  (cost=378.86..379.10 rows=94 width=121)
	  Sort Key: c
	  ->  Index Scan using sbtest7_pkey on sbtest7  (cost=0.43..375.78 rows=94 width=121)
	        Index Cond: ((id >= 2820808) AND (id <= 2820907))

table 8 : explain SELECT c FROM sbtest8 WHERE id BETWEEN 1178364 AND 1178463 ORDER BY c
	Sort  (cost=415.10..415.36 rows=103 width=121)
	  Sort Key: c
	  ->  Index Scan using sbtest8_pkey on sbtest8  (cost=0.43..411.66 rows=103 width=121)
	        Index Cond: ((id >= 1178364) AND (id <= 1178463))

for: distinct_ranges
table 1 : explain SELECT DISTINCT c FROM sbtest1 WHERE id BETWEEN 8888717 AND 8888816 ORDER BY c
	Unique  (cost=384.54..385.02 rows=95 width=121)
	  ->  Sort  (cost=384.54..384.78 rows=95 width=121)
	        Sort Key: c
	        ->  Index Scan using sbtest1_pkey on sbtest1  (cost=0.43..381.42 rows=95 width=121)
	              Index Cond: ((id >= 8888717) AND (id <= 8888816))

table 2 : explain SELECT DISTINCT c FROM sbtest2 WHERE id BETWEEN 4344802 AND 4344901 ORDER BY c
	Unique  (cost=400.65..401.15 rows=99 width=121)
	  ->  Sort  (cost=400.65..400.90 rows=99 width=121)
	        Sort Key: c
	        ->  Index Scan using sbtest2_pkey on sbtest2  (cost=0.43..397.37 rows=99 width=121)
	              Index Cond: ((id >= 4344802) AND (id <= 4344901))

table 3 : explain SELECT DISTINCT c FROM sbtest3 WHERE id BETWEEN 4606450 AND 4606549 ORDER BY c
	Unique  (cost=384.41..384.88 rows=95 width=121)
	  ->  Sort  (cost=384.41..384.65 rows=95 width=121)
	        Sort Key: c
	        ->  Index Scan using sbtest3_pkey on sbtest3  (cost=0.43..381.29 rows=95 width=121)
	              Index Cond: ((id >= 4606450) AND (id <= 4606549))

table 4 : explain SELECT DISTINCT c FROM sbtest4 WHERE id BETWEEN 4841924 AND 4842023 ORDER BY c
	Unique  (cost=471.51..472.10 rows=117 width=121)
	  ->  Sort  (cost=471.51..471.80 rows=117 width=121)
	        Sort Key: c
	        ->  Index Scan using sbtest4_pkey on sbtest4  (cost=0.43..467.49 rows=117 width=121)
	              Index Cond: ((id >= 4841924) AND (id <= 4842023))

table 5 : explain SELECT DISTINCT c FROM sbtest5 WHERE id BETWEEN 7779719 AND 7779818 ORDER BY c
	Unique  (cost=407.36..407.86 rows=101 width=121)
	  ->  Sort  (cost=407.36..407.61 rows=101 width=121)
	        Sort Key: c
	        ->  Index Scan using sbtest5_pkey on sbtest5  (cost=0.43..403.99 rows=101 width=121)
	              Index Cond: ((id >= 7779719) AND (id <= 7779818))

table 6 : explain SELECT DISTINCT c FROM sbtest6 WHERE id BETWEEN 5896611 AND 5896710 ORDER BY c
	Unique  (cost=423.07..423.59 rows=105 width=121)
	  ->  Sort  (cost=423.07..423.33 rows=105 width=121)
	        Sort Key: c
	        ->  Index Scan using sbtest6_pkey on sbtest6  (cost=0.43..419.54 rows=105 width=121)
	              Index Cond: ((id >= 5896611) AND (id <= 5896710))

table 7 : explain SELECT DISTINCT c FROM sbtest7 WHERE id BETWEEN 4808712 AND 4808811 ORDER BY c
	Unique  (cost=386.84..387.32 rows=96 width=121)
	  ->  Sort  (cost=386.84..387.08 rows=96 width=121)
	        Sort Key: c
	        ->  Index Scan using sbtest7_pkey on sbtest7  (cost=0.43..383.68 rows=96 width=121)
	              Index Cond: ((id >= 4808712) AND (id <= 4808811))

table 8 : explain SELECT DISTINCT c FROM sbtest8 WHERE id BETWEEN 4695303 AND 4695402 ORDER BY c
	Unique  (cost=351.20..351.64 rows=87 width=121)
	  ->  Sort  (cost=351.20..351.42 rows=87 width=121)
	        Sort Key: c
	        ->  Index Scan using sbtest8_pkey on sbtest8  (cost=0.43..348.40 rows=87 width=121)
	              Index Cond: ((id >= 4695303) AND (id <= 4695402))

for point_selects
table 1 : explain SELECT c FROM sbtest1 WHERE id=1099044
	Index Scan using sbtest1_pkey on sbtest1  (cost=0.43..8.45 rows=1 width=121)
	  Index Cond: (id = 1099044)

table 2 : explain SELECT c FROM sbtest2 WHERE id=1022233
	Index Scan using sbtest2_pkey on sbtest2  (cost=0.43..8.45 rows=1 width=121)
	  Index Cond: (id = 1022233)

table 3 : explain SELECT c FROM sbtest3 WHERE id=3970339
	Index Scan using sbtest3_pkey on sbtest3  (cost=0.43..8.45 rows=1 width=121)
	  Index Cond: (id = 3970339)

table 4 : explain SELECT c FROM sbtest4 WHERE id=9332792
	Index Scan using sbtest4_pkey on sbtest4  (cost=0.43..8.45 rows=1 width=121)
	  Index Cond: (id = 9332792)

table 5 : explain SELECT c FROM sbtest5 WHERE id=5354270
	Index Scan using sbtest5_pkey on sbtest5  (cost=0.43..8.45 rows=1 width=121)
	  Index Cond: (id = 5354270)

table 6 : explain SELECT c FROM sbtest6 WHERE id=216845
	Index Scan using sbtest6_pkey on sbtest6  (cost=0.43..8.45 rows=1 width=121)
	  Index Cond: (id = 216845)

table 7 : explain SELECT c FROM sbtest7 WHERE id=8393873
	Index Scan using sbtest7_pkey on sbtest7  (cost=0.43..8.45 rows=1 width=121)
	  Index Cond: (id = 8393873)

table 8 : explain SELECT c FROM sbtest8 WHERE id=654367
	Index Scan using sbtest8_pkey on sbtest8  (cost=0.43..8.45 rows=1 width=121)
	  Index Cond: (id = 654367)

for point_selects
table 1 : explain SELECT c FROM sbtest1 WHERE id=2361477
	Index Scan using sbtest1_pkey on sbtest1  (cost=0.43..8.45 rows=1 width=121)
	  Index Cond: (id = 2361477)

table 2 : explain SELECT c FROM sbtest2 WHERE id=716723
	Index Scan using sbtest2_pkey on sbtest2  (cost=0.43..8.45 rows=1 width=121)
	  Index Cond: (id = 716723)

table 3 : explain SELECT c FROM sbtest3 WHERE id=8982728
	Index Scan using sbtest3_pkey on sbtest3  (cost=0.43..8.45 rows=1 width=121)
	  Index Cond: (id = 8982728)

table 4 : explain SELECT c FROM sbtest4 WHERE id=1226359
	Index Scan using sbtest4_pkey on sbtest4  (cost=0.43..8.45 rows=1 width=121)
	  Index Cond: (id = 1226359)

table 5 : explain SELECT c FROM sbtest5 WHERE id=8762881
	Index Scan using sbtest5_pkey on sbtest5  (cost=0.43..8.45 rows=1 width=121)
	  Index Cond: (id = 8762881)

table 6 : explain SELECT c FROM sbtest6 WHERE id=402255
	Index Scan using sbtest6_pkey on sbtest6  (cost=0.43..8.45 rows=1 width=121)
	  Index Cond: (id = 402255)

table 7 : explain SELECT c FROM sbtest7 WHERE id=3010840
	Index Scan using sbtest7_pkey on sbtest7  (cost=0.43..8.45 rows=1 width=121)
	  Index Cond: (id = 3010840)

table 8 : explain SELECT c FROM sbtest8 WHERE id=3329644
	Index Scan using sbtest8_pkey on sbtest8  (cost=0.43..8.45 rows=1 width=121)
	  Index Cond: (id = 3329644)

for: simple_ranges
table 1 : explain SELECT c FROM sbtest1 WHERE id BETWEEN 6727691 AND 6727790
	Index Scan using sbtest1_pkey on sbtest1  (cost=0.43..429.05 rows=107 width=121)
	  Index Cond: ((id >= 6727691) AND (id <= 6727790))

table 2 : explain SELECT c FROM sbtest2 WHERE id BETWEEN 3801021 AND 3801120
	Index Scan using sbtest2_pkey on sbtest2  (cost=0.43..401.34 rows=100 width=121)
	  Index Cond: ((id >= 3801021) AND (id <= 3801120))

table 3 : explain SELECT c FROM sbtest3 WHERE id BETWEEN 543500 AND 543599
	Index Scan using sbtest3_pkey on sbtest3  (cost=0.43..389.22 rows=97 width=121)
	  Index Cond: ((id >= 543500) AND (id <= 543599))

table 4 : explain SELECT c FROM sbtest4 WHERE id BETWEEN 2104586 AND 2104685
	Index Scan using sbtest4_pkey on sbtest4  (cost=0.43..412.10 rows=103 width=121)
	  Index Cond: ((id >= 2104586) AND (id <= 2104685))

table 5 : explain SELECT c FROM sbtest5 WHERE id BETWEEN 8710269 AND 8710368
	Index Scan using sbtest5_pkey on sbtest5  (cost=0.43..392.11 rows=98 width=121)
	  Index Cond: ((id >= 8710269) AND (id <= 8710368))

table 6 : explain SELECT c FROM sbtest6 WHERE id BETWEEN 4666265 AND 4666364
	Index Scan using sbtest6_pkey on sbtest6  (cost=0.43..391.86 rows=98 width=121)
	  Index Cond: ((id >= 4666265) AND (id <= 4666364))

table 7 : explain SELECT c FROM sbtest7 WHERE id BETWEEN 3517264 AND 3517363
	Index Scan using sbtest7_pkey on sbtest7  (cost=0.43..383.68 rows=96 width=121)
	  Index Cond: ((id >= 3517264) AND (id <= 3517363))

table 8 : explain SELECT c FROM sbtest8 WHERE id BETWEEN 6689790 AND 6689889
	Index Scan using sbtest8_pkey on sbtest8  (cost=0.43..451.18 rows=113 width=121)
	  Index Cond: ((id >= 6689790) AND (id <= 6689889))

for: distinct_ranges
table 1 : explain SELECT DISTINCT c FROM sbtest1 WHERE id BETWEEN 2167127 AND 2167226 ORDER BY c
	Unique  (cost=420.63..421.15 rows=104 width=121)
	  ->  Sort  (cost=420.63..420.89 rows=104 width=121)
	        Sort Key: c
	        ->  Index Scan using sbtest1_pkey on sbtest1  (cost=0.43..417.14 rows=104 width=121)
	              Index Cond: ((id >= 2167127) AND (id <= 2167226))

table 2 : explain SELECT DISTINCT c FROM sbtest2 WHERE id BETWEEN 3541105 AND 3541204 ORDER BY c
	Unique  (cost=384.62..385.09 rows=95 width=121)
	  ->  Sort  (cost=384.62..384.85 rows=95 width=121)
	        Sort Key: c
	        ->  Index Scan using sbtest2_pkey on sbtest2  (cost=0.43..381.50 rows=95 width=121)
	              Index Cond: ((id >= 3541105) AND (id <= 3541204))

table 3 : explain SELECT DISTINCT c FROM sbtest3 WHERE id BETWEEN 3142713 AND 3142812 ORDER BY c
	Unique  (cost=376.40..376.86 rows=93 width=121)
	  ->  Sort  (cost=376.40..376.63 rows=93 width=121)
	        Sort Key: c
	        ->  Index Scan using sbtest3_pkey on sbtest3  (cost=0.43..373.36 rows=93 width=121)
	              Index Cond: ((id >= 3142713) AND (id <= 3142812))

table 4 : explain SELECT DISTINCT c FROM sbtest4 WHERE id BETWEEN 1310818 AND 1310917 ORDER BY c
	Unique  (cost=379.55..380.02 rows=94 width=121)
	  ->  Sort  (cost=379.55..379.78 rows=94 width=121)
	        Sort Key: c
	        ->  Index Scan using sbtest4_pkey on sbtest4  (cost=0.43..376.47 rows=94 width=121)
	              Index Cond: ((id >= 1310818) AND (id <= 1310917))

table 5 : explain SELECT DISTINCT c FROM sbtest5 WHERE id BETWEEN 8049582 AND 8049681 ORDER BY c
	Unique  (cost=387.36..387.84 rows=96 width=121)
	  ->  Sort  (cost=387.36..387.60 rows=96 width=121)
	        Sort Key: c
	        ->  Index Scan using sbtest5_pkey on sbtest5  (cost=0.43..384.20 rows=96 width=121)
	              Index Cond: ((id >= 8049582) AND (id <= 8049681))

table 6 : explain SELECT DISTINCT c FROM sbtest6 WHERE id BETWEEN 4341906 AND 4342005 ORDER BY c
	Unique  (cost=419.07..419.59 rows=104 width=121)
	  ->  Sort  (cost=419.07..419.33 rows=104 width=121)
	        Sort Key: c
	        ->  Index Scan using sbtest6_pkey on sbtest6  (cost=0.43..415.59 rows=104 width=121)
	              Index Cond: ((id >= 4341906) AND (id <= 4342005))

table 7 : explain SELECT DISTINCT c FROM sbtest7 WHERE id BETWEEN 668389 AND 668488 ORDER BY c
	Unique  (cost=438.73..439.27 rows=109 width=121)
	  ->  Sort  (cost=438.73..439.00 rows=109 width=121)
	        Sort Key: c
	        ->  Index Scan using sbtest7_pkey on sbtest7  (cost=0.43..435.04 rows=109 width=121)
	              Index Cond: ((id >= 668389) AND (id <= 668488))

table 8 : explain SELECT DISTINCT c FROM sbtest8 WHERE id BETWEEN 7685442 AND 7685541 ORDER BY c
	Unique  (cost=371.17..371.63 rows=92 width=121)
	  ->  Sort  (cost=371.17..371.40 rows=92 width=121)
	        Sort Key: c
	        ->  Index Scan using sbtest8_pkey on sbtest8  (cost=0.43..368.16 rows=92 width=121)
	              Index Cond: ((id >= 7685442) AND (id <= 7685541))

explain: for point_selects :: explain SELECT c FROM sbtest%u WHERE id=%u
for: simple_ranges
table 1 : explain SELECT c FROM sbtest1 WHERE id BETWEEN 8405170 AND 8405269
	Index Scan using sbtest1_pkey on sbtest1  (cost=0.43..401.26 rows=100 width=121)
	  Index Cond: ((id >= 8405170) AND (id <= 8405269))

table 2 : explain SELECT c FROM sbtest2 WHERE id BETWEEN 7023713 AND 7023812
	Index Scan using sbtest2_pkey on sbtest2  (cost=0.43..353.72 rows=88 width=121)
	  Index Cond: ((id >= 7023713) AND (id <= 7023812))

table 3 : explain SELECT c FROM sbtest3 WHERE id BETWEEN 8137803 AND 8137902
	Index Scan using sbtest3_pkey on sbtest3  (cost=0.43..397.15 rows=99 width=121)
	  Index Cond: ((id >= 8137803) AND (id <= 8137902))

table 4 : explain SELECT c FROM sbtest4 WHERE id BETWEEN 9496029 AND 9496128
	Index Scan using sbtest4_pkey on sbtest4  (cost=0.43..404.18 rows=101 width=121)
	  Index Cond: ((id >= 9496029) AND (id <= 9496128))

table 5 : explain SELECT c FROM sbtest5 WHERE id BETWEEN 6061240 AND 6061339
	Index Scan using sbtest5_pkey on sbtest5  (cost=0.43..403.99 rows=101 width=121)
	  Index Cond: ((id >= 6061240) AND (id <= 6061339))

table 6 : explain SELECT c FROM sbtest6 WHERE id BETWEEN 9099912 AND 9100011
	Index Scan using sbtest6_pkey on sbtest6  (cost=0.43..443.25 rows=111 width=121)
	  Index Cond: ((id >= 9099912) AND (id <= 9100011))

table 7 : explain SELECT c FROM sbtest7 WHERE id BETWEEN 4500884 AND 4500983
	Index Scan using sbtest7_pkey on sbtest7  (cost=0.43..399.50 rows=100 width=121)
	  Index Cond: ((id >= 4500884) AND (id <= 4500983))

table 8 : explain SELECT c FROM sbtest8 WHERE id BETWEEN 5493665 AND 5493764
	Index Scan using sbtest8_pkey on sbtest8  (cost=0.43..419.56 rows=105 width=121)
	  Index Cond: ((id >= 5493665) AND (id <= 5493764))

for: simple_ranges
table 1 : explain SELECT c FROM sbtest1 WHERE id BETWEEN 2848404 AND 2848503
	Index Scan using sbtest1_pkey on sbtest1  (cost=0.43..401.26 rows=100 width=121)
	  Index Cond: ((id >= 2848404) AND (id <= 2848503))

table 2 : explain SELECT c FROM sbtest2 WHERE id BETWEEN 8147444 AND 8147543
	Index Scan using sbtest2_pkey on sbtest2  (cost=0.43..425.16 rows=106 width=121)
	  Index Cond: ((id >= 8147444) AND (id <= 8147543))

table 3 : explain SELECT c FROM sbtest3 WHERE id BETWEEN 4945426 AND 4945525
	Index Scan using sbtest3_pkey on sbtest3  (cost=0.43..420.96 rows=105 width=121)
	  Index Cond: ((id >= 4945426) AND (id <= 4945525))

table 4 : explain SELECT c FROM sbtest4 WHERE id BETWEEN 3030415 AND 3030514
	Index Scan using sbtest4_pkey on sbtest4  (cost=0.43..404.18 rows=101 width=121)
	  Index Cond: ((id >= 3030415) AND (id <= 3030514))

table 5 : explain SELECT c FROM sbtest5 WHERE id BETWEEN 1847468 AND 1847567
	Index Scan using sbtest5_pkey on sbtest5  (cost=0.43..388.16 rows=97 width=121)
	  Index Cond: ((id >= 1847468) AND (id <= 1847567))

table 6 : explain SELECT c FROM sbtest6 WHERE id BETWEEN 8762540 AND 8762639
	Index Scan using sbtest6_pkey on sbtest6  (cost=0.43..415.59 rows=104 width=121)
	  Index Cond: ((id >= 8762540) AND (id <= 8762639))

table 7 : explain SELECT c FROM sbtest7 WHERE id BETWEEN 1967550 AND 1967649
	Index Scan using sbtest7_pkey on sbtest7  (cost=0.43..391.60 rows=98 width=121)
	  Index Cond: ((id >= 1967550) AND (id <= 1967649))

table 8 : explain SELECT c FROM sbtest8 WHERE id BETWEEN 8306758 AND 8306857
	Index Scan using sbtest8_pkey on sbtest8  (cost=0.43..376.07 rows=94 width=121)
	  Index Cond: ((id >= 8306758) AND (id <= 8306857))

for: sum_ranges
table 1 : explain SELECT SUM(k) FROM sbtest1 WHERE id BETWEEN 5130096 AND 5130195
	Aggregate  (cost=385.63..385.64 rows=1 width=8)
	  ->  Index Scan using sbtest1_pkey on sbtest1  (cost=0.43..385.39 rows=96 width=4)
	        Index Cond: ((id >= 5130096) AND (id <= 5130195))

table 2 : explain SELECT SUM(k) FROM sbtest2 WHERE id BETWEEN 6723234 AND 6723333
	Aggregate  (cost=413.51..413.52 rows=1 width=8)
	  ->  Index Scan using sbtest2_pkey on sbtest2  (cost=0.43..413.26 rows=103 width=4)
	        Index Cond: ((id >= 6723234) AND (id <= 6723333))

table 3 : explain SELECT SUM(k) FROM sbtest3 WHERE id BETWEEN 8378032 AND 8378131
	Aggregate  (cost=425.19..425.20 rows=1 width=8)
	  ->  Index Scan using sbtest3_pkey on sbtest3  (cost=0.43..424.93 rows=106 width=4)
	        Index Cond: ((id >= 8378032) AND (id <= 8378131))

table 4 : explain SELECT SUM(k) FROM sbtest4 WHERE id BETWEEN 4097753 AND 4097852
	Aggregate  (cost=388.58..388.59 rows=1 width=8)
	  ->  Index Scan using sbtest4_pkey on sbtest4  (cost=0.43..388.34 rows=97 width=4)
	        Index Cond: ((id >= 4097753) AND (id <= 4097852))

table 5 : explain SELECT SUM(k) FROM sbtest5 WHERE id BETWEEN 9093508 AND 9093607
	Aggregate  (cost=408.20..408.21 rows=1 width=8)
	  ->  Index Scan using sbtest5_pkey on sbtest5  (cost=0.43..407.95 rows=102 width=4)
	        Index Cond: ((id >= 9093508) AND (id <= 9093607))

table 6 : explain SELECT SUM(k) FROM sbtest6 WHERE id BETWEEN 7953153 AND 7953252
	Aggregate  (cost=364.42..364.43 rows=1 width=8)
	  ->  Index Scan using sbtest6_pkey on sbtest6  (cost=0.43..364.19 rows=91 width=4)
	        Index Cond: ((id >= 7953153) AND (id <= 7953252))

table 7 : explain SELECT SUM(k) FROM sbtest7 WHERE id BETWEEN 2950091 AND 2950190
	Aggregate  (cost=419.50..419.51 rows=1 width=8)
	  ->  Index Scan using sbtest7_pkey on sbtest7  (cost=0.43..419.24 rows=105 width=4)
	        Index Cond: ((id >= 2950091) AND (id <= 2950190))

table 8 : explain SELECT SUM(k) FROM sbtest8 WHERE id BETWEEN 9408415 AND 9408514
	Aggregate  (cost=356.53..356.54 rows=1 width=8)
	  ->  Index Scan using sbtest8_pkey on sbtest8  (cost=0.43..356.31 rows=89 width=4)
	        Index Cond: ((id >= 9408415) AND (id <= 9408514))

for: sum_ranges
table 1 : explain SELECT SUM(k) FROM sbtest1 WHERE id BETWEEN 7026472 AND 7026571
	Aggregate  (cost=369.75..369.76 rows=1 width=8)
	  ->  Index Scan using sbtest1_pkey on sbtest1  (cost=0.43..369.52 rows=92 width=4)
	        Index Cond: ((id >= 7026472) AND (id <= 7026571))

table 2 : explain SELECT SUM(k) FROM sbtest2 WHERE id BETWEEN 6613269 AND 6613368
	Aggregate  (cost=397.62..397.63 rows=1 width=8)
	  ->  Index Scan using sbtest2_pkey on sbtest2  (cost=0.43..397.37 rows=99 width=4)
	        Index Cond: ((id >= 6613269) AND (id <= 6613368))

table 3 : explain SELECT SUM(k) FROM sbtest3 WHERE id BETWEEN 4577084 AND 4577183
	Aggregate  (cost=385.49..385.50 rows=1 width=8)
	  ->  Index Scan using sbtest3_pkey on sbtest3  (cost=0.43..385.25 rows=96 width=4)
	        Index Cond: ((id >= 4577084) AND (id <= 4577183))

table 4 : explain SELECT SUM(k) FROM sbtest4 WHERE id BETWEEN 8497624 AND 8497723
	Aggregate  (cost=408.39..408.40 rows=1 width=8)
	  ->  Index Scan using sbtest4_pkey on sbtest4  (cost=0.43..408.14 rows=102 width=4)
	        Index Cond: ((id >= 8497624) AND (id <= 8497723))

table 5 : explain SELECT SUM(k) FROM sbtest5 WHERE id BETWEEN 7147227 AND 7147326
	Aggregate  (cost=412.16..412.17 rows=1 width=8)
	  ->  Index Scan using sbtest5_pkey on sbtest5  (cost=0.43..411.90 rows=103 width=4)
	        Index Cond: ((id >= 7147227) AND (id <= 7147326))

table 6 : explain SELECT SUM(k) FROM sbtest6 WHERE id BETWEEN 5895470 AND 5895569
	Aggregate  (cost=419.80..419.81 rows=1 width=8)
	  ->  Index Scan using sbtest6_pkey on sbtest6  (cost=0.43..419.54 rows=105 width=4)
	        Index Cond: ((id >= 5895470) AND (id <= 5895569))

table 7 : explain SELECT SUM(k) FROM sbtest7 WHERE id BETWEEN 8594763 AND 8594862
	Aggregate  (cost=391.84..391.85 rows=1 width=8)
	  ->  Index Scan using sbtest7_pkey on sbtest7  (cost=0.43..391.60 rows=98 width=4)
	        Index Cond: ((id >= 8594763) AND (id <= 8594862))

table 8 : explain SELECT SUM(k) FROM sbtest8 WHERE id BETWEEN 774739 AND 774838
	Aggregate  (cost=400.05..400.06 rows=1 width=8)
	  ->  Index Scan using sbtest8_pkey on sbtest8  (cost=0.43..399.80 rows=100 width=4)
	        Index Cond: ((id >= 774739) AND (id <= 774838))

for: sum_ranges
table 1 : explain SELECT SUM(k) FROM sbtest1 WHERE id BETWEEN 8448477 AND 8448576
	Aggregate  (cost=401.51..401.52 rows=1 width=8)
	  ->  Index Scan using sbtest1_pkey on sbtest1  (cost=0.43..401.26 rows=100 width=4)
	        Index Cond: ((id >= 8448477) AND (id <= 8448576))

table 2 : explain SELECT SUM(k) FROM sbtest2 WHERE id BETWEEN 4731359 AND 4731458
	Aggregate  (cost=429.40..429.41 rows=1 width=8)
	  ->  Index Scan using sbtest2_pkey on sbtest2  (cost=0.43..429.13 rows=107 width=4)
	        Index Cond: ((id >= 4731359) AND (id <= 4731458))

table 3 : explain SELECT SUM(k) FROM sbtest3 WHERE id BETWEEN 2528613 AND 2528712
	Aggregate  (cost=429.16..429.17 rows=1 width=8)
	  ->  Index Scan using sbtest3_pkey on sbtest3  (cost=0.43..428.89 rows=107 width=4)
	        Index Cond: ((id >= 2528613) AND (id <= 2528712))

table 4 : explain SELECT SUM(k) FROM sbtest4 WHERE id BETWEEN 5109488 AND 5109587
	Aggregate  (cost=388.58..388.59 rows=1 width=8)
	  ->  Index Scan using sbtest4_pkey on sbtest4  (cost=0.43..388.34 rows=97 width=4)
	        Index Cond: ((id >= 5109488) AND (id <= 5109587))

table 5 : explain SELECT SUM(k) FROM sbtest5 WHERE id BETWEEN 9090211 AND 9090310
	Aggregate  (cost=388.40..388.41 rows=1 width=8)
	  ->  Index Scan using sbtest5_pkey on sbtest5  (cost=0.43..388.16 rows=97 width=4)
	        Index Cond: ((id >= 9090211) AND (id <= 9090310))

table 6 : explain SELECT SUM(k) FROM sbtest6 WHERE id BETWEEN 930189 AND 930288
	Aggregate  (cost=435.62..435.63 rows=1 width=8)
	  ->  Index Scan using sbtest6_pkey on sbtest6  (cost=0.43..435.35 rows=109 width=4)
	        Index Cond: ((id >= 930189) AND (id <= 930288))

table 7 : explain SELECT SUM(k) FROM sbtest7 WHERE id BETWEEN 512902 AND 513001
	Aggregate  (cost=411.60..411.61 rows=1 width=8)
	  ->  Index Scan using sbtest7_pkey on sbtest7  (cost=0.43..411.34 rows=103 width=4)
	        Index Cond: ((id >= 512902) AND (id <= 513001))

table 8 : explain SELECT SUM(k) FROM sbtest8 WHERE id BETWEEN 3446581 AND 3446680
	Aggregate  (cost=427.74..427.75 rows=1 width=8)
	  ->  Index Scan using sbtest8_pkey on sbtest8  (cost=0.43..427.47 rows=107 width=4)
	        Index Cond: ((id >= 3446581) AND (id <= 3446680))

explain: for point_selects :: explain SELECT c FROM sbtest%u WHERE id=%u
for: order_ranges
table 1 : explain SELECT c FROM sbtest1 WHERE id BETWEEN 3741259 AND 3741358 ORDER BY c
	Sort  (cost=380.54..380.77 rows=94 width=121)
	  Sort Key: c
	  ->  Index Scan using sbtest1_pkey on sbtest1  (cost=0.43..377.46 rows=94 width=121)
	        Index Cond: ((id >= 3741259) AND (id <= 3741358))

table 2 : explain SELECT c FROM sbtest2 WHERE id BETWEEN 532613 AND 532712 ORDER BY c
	Sort  (cost=420.71..420.97 rows=104 width=121)
	  Sort Key: c
	  ->  Index Scan using sbtest2_pkey on sbtest2  (cost=0.43..417.22 rows=104 width=121)
	        Index Cond: ((id >= 532613) AND (id <= 532712))

table 3 : explain SELECT c FROM sbtest3 WHERE id BETWEEN 2192617 AND 2192716 ORDER BY c
	Sort  (cost=412.47..412.72 rows=102 width=121)
	  Sort Key: c
	  ->  Index Scan using sbtest3_pkey on sbtest3  (cost=0.43..409.06 rows=102 width=121)
	        Index Cond: ((id >= 2192617) AND (id <= 2192716))

table 4 : explain SELECT c FROM sbtest4 WHERE id BETWEEN 6034043 AND 6034142 ORDER BY c
	Sort  (cost=395.54..395.78 rows=98 width=121)
	  Sort Key: c
	  ->  Index Scan using sbtest4_pkey on sbtest4  (cost=0.43..392.30 rows=98 width=121)
	        Index Cond: ((id >= 6034043) AND (id <= 6034142))

table 5 : explain SELECT c FROM sbtest5 WHERE id BETWEEN 9830415 AND 9830514 ORDER BY c
	Sort  (cost=399.36..399.61 rows=99 width=121)
	  Sort Key: c
	  ->  Index Scan using sbtest5_pkey on sbtest5  (cost=0.43..396.08 rows=99 width=121)
	        Index Cond: ((id >= 9830415) AND (id <= 9830514))

table 6 : explain SELECT c FROM sbtest6 WHERE id BETWEEN 4277481 AND 4277580 ORDER BY c
	Sort  (cost=415.08..415.34 rows=103 width=121)
	  Sort Key: c
	  ->  Index Scan using sbtest6_pkey on sbtest6  (cost=0.43..411.64 rows=103 width=121)
	        Index Cond: ((id >= 4277481) AND (id <= 4277580))

table 7 : explain SELECT c FROM sbtest7 WHERE id BETWEEN 5044427 AND 5044526 ORDER BY c
	Sort  (cost=402.82..403.07 rows=100 width=121)
	  Sort Key: c
	  ->  Index Scan using sbtest7_pkey on sbtest7  (cost=0.43..399.50 rows=100 width=121)
	        Index Cond: ((id >= 5044427) AND (id <= 5044526))

table 8 : explain SELECT c FROM sbtest8 WHERE id BETWEEN 6482373 AND 6482472 ORDER BY c
	Sort  (cost=387.14..387.38 rows=96 width=121)
	  Sort Key: c
	  ->  Index Scan using sbtest8_pkey on sbtest8  (cost=0.43..383.97 rows=96 width=121)
	        Index Cond: ((id >= 6482373) AND (id <= 6482472))

for point_selects
table 1 : explain SELECT c FROM sbtest1 WHERE id=7632404
	Index Scan using sbtest1_pkey on sbtest1  (cost=0.43..8.45 rows=1 width=121)
	  Index Cond: (id = 7632404)

table 2 : explain SELECT c FROM sbtest2 WHERE id=3265255
	Index Scan using sbtest2_pkey on sbtest2  (cost=0.43..8.45 rows=1 width=121)
	  Index Cond: (id = 3265255)

table 3 : explain SELECT c FROM sbtest3 WHERE id=2175118
	Index Scan using sbtest3_pkey on sbtest3  (cost=0.43..8.45 rows=1 width=121)
	  Index Cond: (id = 2175118)

table 4 : explain SELECT c FROM sbtest4 WHERE id=9391028
	Index Scan using sbtest4_pkey on sbtest4  (cost=0.43..8.45 rows=1 width=121)
	  Index Cond: (id = 9391028)

table 5 : explain SELECT c FROM sbtest5 WHERE id=7325021
	Index Scan using sbtest5_pkey on sbtest5  (cost=0.43..8.45 rows=1 width=121)
	  Index Cond: (id = 7325021)

table 6 : explain SELECT c FROM sbtest6 WHERE id=6298923
	Index Scan using sbtest6_pkey on sbtest6  (cost=0.43..8.45 rows=1 width=121)
	  Index Cond: (id = 6298923)

table 7 : explain SELECT c FROM sbtest7 WHERE id=6719510
	Index Scan using sbtest7_pkey on sbtest7  (cost=0.43..8.45 rows=1 width=121)
	  Index Cond: (id = 6719510)

table 8 : explain SELECT c FROM sbtest8 WHERE id=4432224
	Index Scan using sbtest8_pkey on sbtest8  (cost=0.43..8.45 rows=1 width=121)
	  Index Cond: (id = 4432224)

for: order_ranges
table 1 : explain SELECT c FROM sbtest1 WHERE id BETWEEN 3902825 AND 3902924 ORDER BY c
	Sort  (cost=432.65..432.92 rows=107 width=121)
	  Sort Key: c
	  ->  Index Scan using sbtest1_pkey on sbtest1  (cost=0.43..429.05 rows=107 width=121)
	        Index Cond: ((id >= 3902825) AND (id <= 3902924))

table 2 : explain SELECT c FROM sbtest2 WHERE id BETWEEN 7900196 AND 7900295 ORDER BY c
	Sort  (cost=388.63..388.87 rows=96 width=121)
	  Sort Key: c
	  ->  Index Scan using sbtest2_pkey on sbtest2  (cost=0.43..385.46 rows=96 width=121)
	        Index Cond: ((id >= 7900196) AND (id <= 7900295))

table 3 : explain SELECT c FROM sbtest3 WHERE id BETWEEN 8056642 AND 8056741 ORDER BY c
	Sort  (cost=396.43..396.67 rows=98 width=121)
	  Sort Key: c
	  ->  Index Scan using sbtest3_pkey on sbtest3  (cost=0.43..393.19 rows=98 width=121)
	        Index Cond: ((id >= 8056642) AND (id <= 8056741))

table 4 : explain SELECT c FROM sbtest4 WHERE id BETWEEN 637027 AND 637126 ORDER BY c
	Sort  (cost=387.54..387.78 rows=96 width=121)
	  Sort Key: c
	  ->  Index Scan using sbtest4_pkey on sbtest4  (cost=0.43..384.38 rows=96 width=121)
	        Index Cond: ((id >= 637027) AND (id <= 637126))

table 5 : explain SELECT c FROM sbtest5 WHERE id BETWEEN 6399051 AND 6399150 ORDER BY c
	Sort  (cost=467.29..467.58 rows=116 width=121)
	  Sort Key: c
	  ->  Index Scan using sbtest5_pkey on sbtest5  (cost=0.43..463.32 rows=116 width=121)
	        Index Cond: ((id >= 6399051) AND (id <= 6399150))

table 6 : explain SELECT c FROM sbtest6 WHERE id BETWEEN 9364596 AND 9364695 ORDER BY c
	Sort  (cost=439.04..439.31 rows=109 width=121)
	  Sort Key: c
	  ->  Index Scan using sbtest6_pkey on sbtest6  (cost=0.43..435.35 rows=109 width=121)
	        Index Cond: ((id >= 9364596) AND (id <= 9364695))

table 7 : explain SELECT c FROM sbtest7 WHERE id BETWEEN 4152512 AND 4152611 ORDER BY c
	Sort  (cost=386.84..387.08 rows=96 width=121)
	  Sort Key: c
	  ->  Index Scan using sbtest7_pkey on sbtest7  (cost=0.43..383.68 rows=96 width=121)
	        Index Cond: ((id >= 4152512) AND (id <= 4152611))

table 8 : explain SELECT c FROM sbtest8 WHERE id BETWEEN 3502610 AND 3502709 ORDER BY c
	Sort  (cost=451.04..451.32 rows=112 width=121)
	  Sort Key: c
	  ->  Index Scan using sbtest8_pkey on sbtest8  (cost=0.43..447.23 rows=112 width=121)
	        Index Cond: ((id >= 3502610) AND (id <= 3502709))

for: order_ranges
table 1 : explain SELECT c FROM sbtest1 WHERE id BETWEEN 5711638 AND 5711737 ORDER BY c
	Sort  (cost=416.62..416.88 rows=103 width=121)
	  Sort Key: c
	  ->  Index Scan using sbtest1_pkey on sbtest1  (cost=0.43..413.18 rows=103 width=121)
	        Index Cond: ((id >= 5711638) AND (id <= 5711737))

table 2 : explain SELECT c FROM sbtest2 WHERE id BETWEEN 2094416 AND 2094515 ORDER BY c
	Sort  (cost=404.66..404.91 rows=100 width=121)
	  Sort Key: c
	  ->  Index Scan using sbtest2_pkey on sbtest2  (cost=0.43..401.34 rows=100 width=121)
	        Index Cond: ((id >= 2094416) AND (id <= 2094515))

table 3 : explain SELECT c FROM sbtest3 WHERE id BETWEEN 1290855 AND 1290954 ORDER BY c
	Sort  (cost=436.51..436.78 rows=108 width=121)
	  Sort Key: c
	  ->  Index Scan using sbtest3_pkey on sbtest3  (cost=0.43..432.86 rows=108 width=121)
	        Index Cond: ((id >= 1290855) AND (id <= 1290954))

table 4 : explain SELECT c FROM sbtest4 WHERE id BETWEEN 8530887 AND 8530986 ORDER BY c
	Sort  (cost=451.52..451.80 rows=112 width=121)
	  Sort Key: c
	  ->  Index Scan using sbtest4_pkey on sbtest4  (cost=0.43..447.71 rows=112 width=121)
	        Index Cond: ((id >= 8530887) AND (id <= 8530986))

table 5 : explain SELECT c FROM sbtest5 WHERE id BETWEEN 2946234 AND 2946333 ORDER BY c
	Sort  (cost=419.34..419.60 rows=104 width=121)
	  Sort Key: c
	  ->  Index Scan using sbtest5_pkey on sbtest5  (cost=0.43..415.86 rows=104 width=121)
	        Index Cond: ((id >= 2946234) AND (id <= 2946333))

table 6 : explain SELECT c FROM sbtest6 WHERE id BETWEEN 4404463 AND 4404562 ORDER BY c
	Sort  (cost=363.16..363.39 rows=90 width=121)
	  Sort Key: c
	  ->  Index Scan using sbtest6_pkey on sbtest6  (cost=0.43..360.24 rows=90 width=121)
	        Index Cond: ((id >= 4404463) AND (id <= 4404562))

table 7 : explain SELECT c FROM sbtest7 WHERE id BETWEEN 44980 AND 45079 ORDER BY c
	Sort  (cost=390.83..391.07 rows=97 width=121)
	  Sort Key: c
	  ->  Index Scan using sbtest7_pkey on sbtest7  (cost=0.43..387.63 rows=97 width=121)
	        Index Cond: ((id >= 44980) AND (id <= 45079))

table 8 : explain SELECT c FROM sbtest8 WHERE id BETWEEN 9991236 AND 9991335 ORDER BY c
	Sort  (cost=391.14..391.39 rows=97 width=121)
	  Sort Key: c
	  ->  Index Scan using sbtest8_pkey on sbtest8  (cost=0.43..387.94 rows=97 width=121)
	        Index Cond: ((id >= 9991236) AND (id <= 9991335))

for: simple_ranges
table 1 : explain SELECT c FROM sbtest1 WHERE id BETWEEN 5435355 AND 5435454
	Index Scan using sbtest1_pkey on sbtest1  (cost=0.43..373.49 rows=93 width=121)
	  Index Cond: ((id >= 5435355) AND (id <= 5435454))

table 2 : explain SELECT c FROM sbtest2 WHERE id BETWEEN 7228228 AND 7228327
	Index Scan using sbtest2_pkey on sbtest2  (cost=0.43..429.13 rows=107 width=121)
	  Index Cond: ((id >= 7228228) AND (id <= 7228327))

table 3 : explain SELECT c FROM sbtest3 WHERE id BETWEEN 2689779 AND 2689878
	Index Scan using sbtest3_pkey on sbtest3  (cost=0.43..393.19 rows=98 width=121)
	  Index Cond: ((id >= 2689779) AND (id <= 2689878))

table 4 : explain SELECT c FROM sbtest4 WHERE id BETWEEN 5244984 AND 5245083
	Index Scan using sbtest4_pkey on sbtest4  (cost=0.43..384.38 rows=96 width=121)
	  Index Cond: ((id >= 5244984) AND (id <= 5245083))

table 5 : explain SELECT c FROM sbtest5 WHERE id BETWEEN 343652 AND 343751
	Index Scan using sbtest5_pkey on sbtest5  (cost=0.43..411.90 rows=103 width=121)
	  Index Cond: ((id >= 343652) AND (id <= 343751))

table 6 : explain SELECT c FROM sbtest6 WHERE id BETWEEN 4294286 AND 4294385
	Index Scan using sbtest6_pkey on sbtest6  (cost=0.43..415.59 rows=104 width=121)
	  Index Cond: ((id >= 4294286) AND (id <= 4294385))

table 7 : explain SELECT c FROM sbtest7 WHERE id BETWEEN 2702111 AND 2702210
	Index Scan using sbtest7_pkey on sbtest7  (cost=0.43..407.39 rows=102 width=121)
	  Index Cond: ((id >= 2702111) AND (id <= 2702210))

table 8 : explain SELECT c FROM sbtest8 WHERE id BETWEEN 4888408 AND 4888507
	Index Scan using sbtest8_pkey on sbtest8  (cost=0.43..395.85 rows=99 width=121)
	  Index Cond: ((id >= 4888408) AND (id <= 4888507))

for: distinct_ranges
table 1 : explain SELECT DISTINCT c FROM sbtest1 WHERE id BETWEEN 9755432 AND 9755531 ORDER BY c
	Unique  (cost=452.70..453.26 rows=112 width=121)
	  ->  Sort  (cost=452.70..452.98 rows=112 width=121)
	        Sort Key: c
	        ->  Index Scan using sbtest1_pkey on sbtest1  (cost=0.43..448.88 rows=112 width=121)
	              Index Cond: ((id >= 9755432) AND (id <= 9755531))

table 2 : explain SELECT DISTINCT c FROM sbtest2 WHERE id BETWEEN 5621452 AND 5621551 ORDER BY c
	Unique  (cost=464.81..465.39 rows=115 width=121)
	  ->  Sort  (cost=464.81..465.10 rows=115 width=121)
	        Sort Key: c
	        ->  Index Scan using sbtest2_pkey on sbtest2  (cost=0.43..460.87 rows=115 width=121)
	              Index Cond: ((id >= 5621452) AND (id <= 5621551))

table 3 : explain SELECT DISTINCT c FROM sbtest3 WHERE id BETWEEN 6147859 AND 6147958 ORDER BY c
	Unique  (cost=456.54..457.11 rows=113 width=121)
	  ->  Sort  (cost=456.54..456.83 rows=113 width=121)
	        Sort Key: c
	        ->  Index Scan using sbtest3_pkey on sbtest3  (cost=0.43..452.69 rows=113 width=121)
	              Index Cond: ((id >= 6147859) AND (id <= 6147958))

table 4 : explain SELECT DISTINCT c FROM sbtest4 WHERE id BETWEEN 3232652 AND 3232751 ORDER BY c
	Unique  (cost=395.54..396.03 rows=98 width=121)
	  ->  Sort  (cost=395.54..395.78 rows=98 width=121)
	        Sort Key: c
	        ->  Index Scan using sbtest4_pkey on sbtest4  (cost=0.43..392.30 rows=98 width=121)
	              Index Cond: ((id >= 3232652) AND (id <= 3232751))

table 5 : explain SELECT DISTINCT c FROM sbtest5 WHERE id BETWEEN 1969229 AND 1969328 ORDER BY c
	Unique  (cost=447.31..447.87 rows=111 width=121)
	  ->  Sort  (cost=447.31..447.59 rows=111 width=121)
	        Sort Key: c
	        ->  Index Scan using sbtest5_pkey on sbtest5  (cost=0.43..443.54 rows=111 width=121)
	              Index Cond: ((id >= 1969229) AND (id <= 1969328))

table 6 : explain SELECT DISTINCT c FROM sbtest6 WHERE id BETWEEN 3657731 AND 3657830 ORDER BY c
	Unique  (cost=363.16..363.61 rows=90 width=121)
	  ->  Sort  (cost=363.16..363.39 rows=90 width=121)
	        Sort Key: c
	        ->  Index Scan using sbtest6_pkey on sbtest6  (cost=0.43..360.24 rows=90 width=121)
	              Index Cond: ((id >= 3657731) AND (id <= 3657830))

table 7 : explain SELECT DISTINCT c FROM sbtest7 WHERE id BETWEEN 811467 AND 811566 ORDER BY c
	Unique  (cost=414.79..415.30 rows=103 width=121)
	  ->  Sort  (cost=414.79..415.04 rows=103 width=121)
	        Sort Key: c
	        ->  Index Scan using sbtest7_pkey on sbtest7  (cost=0.43..411.34 rows=103 width=121)
	              Index Cond: ((id >= 811467) AND (id <= 811566))

table 8 : explain SELECT DISTINCT c FROM sbtest8 WHERE id BETWEEN 4953147 AND 4953246 ORDER BY c
	Unique  (cost=431.08..431.61 rows=107 width=121)
	  ->  Sort  (cost=431.08..431.34 rows=107 width=121)
	        Sort Key: c
	        ->  Index Scan using sbtest8_pkey on sbtest8  (cost=0.43..427.47 rows=107 width=121)
	              Index Cond: ((id >= 4953147) AND (id <= 4953246))

for: distinct_ranges
table 1 : explain SELECT DISTINCT c FROM sbtest1 WHERE id BETWEEN 768405 AND 768504 ORDER BY c
	Unique  (cost=412.61..413.12 rows=102 width=121)
	  ->  Sort  (cost=412.61..412.87 rows=102 width=121)
	        Sort Key: c
	        ->  Index Scan using sbtest1_pkey on sbtest1  (cost=0.43..409.21 rows=102 width=121)
	              Index Cond: ((id >= 768405) AND (id <= 768504))

table 2 : explain SELECT DISTINCT c FROM sbtest2 WHERE id BETWEEN 6800741 AND 6800840 ORDER BY c
	Unique  (cost=396.64..397.13 rows=98 width=121)
	  ->  Sort  (cost=396.64..396.89 rows=98 width=121)
	        Sort Key: c
	        ->  Index Scan using sbtest2_pkey on sbtest2  (cost=0.43..393.40 rows=98 width=121)
	              Index Cond: ((id >= 6800741) AND (id <= 6800840))

table 3 : explain SELECT DISTINCT c FROM sbtest3 WHERE id BETWEEN 2369939 AND 2370038 ORDER BY c
	Unique  (cost=376.40..376.86 rows=93 width=121)
	  ->  Sort  (cost=376.40..376.63 rows=93 width=121)
	        Sort Key: c
	        ->  Index Scan using sbtest3_pkey on sbtest3  (cost=0.43..373.36 rows=93 width=121)
	              Index Cond: ((id >= 2369939) AND (id <= 2370038))

table 4 : explain SELECT DISTINCT c FROM sbtest4 WHERE id BETWEEN 7227665 AND 7227764 ORDER BY c
	Unique  (cost=399.55..400.05 rows=99 width=121)
	  ->  Sort  (cost=399.55..399.80 rows=99 width=121)
	        Sort Key: c
	        ->  Index Scan using sbtest4_pkey on sbtest4  (cost=0.43..396.27 rows=99 width=121)
	              Index Cond: ((id >= 7227665) AND (id <= 7227764))

table 5 : explain SELECT DISTINCT c FROM sbtest5 WHERE id BETWEEN 9478397 AND 9478496 ORDER BY c
	Unique  (cost=375.38..375.84 rows=93 width=121)
	  ->  Sort  (cost=375.38..375.61 rows=93 width=121)
	        Sort Key: c
	        ->  Index Scan using sbtest5_pkey on sbtest5  (cost=0.43..372.34 rows=93 width=121)
	              Index Cond: ((id >= 9478397) AND (id <= 9478496))

table 6 : explain SELECT DISTINCT c FROM sbtest6 WHERE id BETWEEN 9319136 AND 9319235 ORDER BY c
	Unique  (cost=439.04..439.58 rows=109 width=121)
	  ->  Sort  (cost=439.04..439.31 rows=109 width=121)
	        Sort Key: c
	        ->  Index Scan using sbtest6_pkey on sbtest6  (cost=0.43..435.35 rows=109 width=121)
	              Index Cond: ((id >= 9319136) AND (id <= 9319235))

table 7 : explain SELECT DISTINCT c FROM sbtest7 WHERE id BETWEEN 8907736 AND 8907835 ORDER BY c
	Unique  (cost=386.84..387.32 rows=96 width=121)
	  ->  Sort  (cost=386.84..387.08 rows=96 width=121)
	        Sort Key: c
	        ->  Index Scan using sbtest7_pkey on sbtest7  (cost=0.43..383.68 rows=96 width=121)
	              Index Cond: ((id >= 8907736) AND (id <= 8907835))

table 8 : explain SELECT DISTINCT c FROM sbtest8 WHERE id BETWEEN 7456685 AND 7456784 ORDER BY c
	Unique  (cost=407.12..407.62 rows=101 width=121)
	  ->  Sort  (cost=407.12..407.37 rows=101 width=121)
	        Sort Key: c
	        ->  Index Scan using sbtest8_pkey on sbtest8  (cost=0.43..403.75 rows=101 width=121)
	              Index Cond: ((id >= 7456685) AND (id <= 7456784))

for point_selects
table 1 : explain SELECT c FROM sbtest1 WHERE id=7666170
	Index Scan using sbtest1_pkey on sbtest1  (cost=0.43..8.45 rows=1 width=121)
	  Index Cond: (id = 7666170)

table 2 : explain SELECT c FROM sbtest2 WHERE id=4960386
	Index Scan using sbtest2_pkey on sbtest2  (cost=0.43..8.45 rows=1 width=121)
	  Index Cond: (id = 4960386)

table 3 : explain SELECT c FROM sbtest3 WHERE id=5000474
	Index Scan using sbtest3_pkey on sbtest3  (cost=0.43..8.45 rows=1 width=121)
	  Index Cond: (id = 5000474)

table 4 : explain SELECT c FROM sbtest4 WHERE id=1164597
	Index Scan using sbtest4_pkey on sbtest4  (cost=0.43..8.45 rows=1 width=121)
	  Index Cond: (id = 1164597)

table 5 : explain SELECT c FROM sbtest5 WHERE id=6080522
	Index Scan using sbtest5_pkey on sbtest5  (cost=0.43..8.45 rows=1 width=121)
	  Index Cond: (id = 6080522)

table 6 : explain SELECT c FROM sbtest6 WHERE id=527153
	Index Scan using sbtest6_pkey on sbtest6  (cost=0.43..8.45 rows=1 width=121)
	  Index Cond: (id = 527153)

table 7 : explain SELECT c FROM sbtest7 WHERE id=2652791
	Index Scan using sbtest7_pkey on sbtest7  (cost=0.43..8.45 rows=1 width=121)
	  Index Cond: (id = 2652791)

table 8 : explain SELECT c FROM sbtest8 WHERE id=8656718
	Index Scan using sbtest8_pkey on sbtest8  (cost=0.43..8.45 rows=1 width=121)
	  Index Cond: (id = 8656718)

for: distinct_ranges
table 1 : explain SELECT DISTINCT c FROM sbtest1 WHERE id BETWEEN 1647084 AND 1647183 ORDER BY c
	Unique  (cost=372.52..372.98 rows=92 width=121)
	  ->  Sort  (cost=372.52..372.75 rows=92 width=121)
	        Sort Key: c
	        ->  Index Scan using sbtest1_pkey on sbtest1  (cost=0.43..369.52 rows=92 width=121)
	              Index Cond: ((id >= 1647084) AND (id <= 1647183))

table 2 : explain SELECT DISTINCT c FROM sbtest2 WHERE id BETWEEN 6442438 AND 6442537 ORDER BY c
	Unique  (cost=388.63..389.11 rows=96 width=121)
	  ->  Sort  (cost=388.63..388.87 rows=96 width=121)
	        Sort Key: c
	        ->  Index Scan using sbtest2_pkey on sbtest2  (cost=0.43..385.46 rows=96 width=121)
	              Index Cond: ((id >= 6442438) AND (id <= 6442537))

table 3 : explain SELECT DISTINCT c FROM sbtest3 WHERE id BETWEEN 9181611 AND 9181710 ORDER BY c
	Unique  (cost=408.46..408.96 rows=101 width=121)
	  ->  Sort  (cost=408.46..408.71 rows=101 width=121)
	        Sort Key: c
	        ->  Index Scan using sbtest3_pkey on sbtest3  (cost=0.43..405.10 rows=101 width=121)
	              Index Cond: ((id >= 9181611) AND (id <= 9181710))

table 4 : explain SELECT DISTINCT c FROM sbtest4 WHERE id BETWEEN 9686029 AND 9686128 ORDER BY c
	Unique  (cost=407.54..408.05 rows=101 width=121)
	  ->  Sort  (cost=407.54..407.80 rows=101 width=121)
	        Sort Key: c
	        ->  Index Scan using sbtest4_pkey on sbtest4  (cost=0.43..404.18 rows=101 width=121)
	              Index Cond: ((id >= 9686029) AND (id <= 9686128))

table 5 : explain SELECT DISTINCT c FROM sbtest5 WHERE id BETWEEN 1065128 AND 1065227 ORDER BY c
	Unique  (cost=427.33..427.86 rows=106 width=121)
	  ->  Sort  (cost=427.33..427.60 rows=106 width=121)
	        Sort Key: c
	        ->  Index Scan using sbtest5_pkey on sbtest5  (cost=0.43..423.77 rows=106 width=121)
	              Index Cond: ((id >= 1065128) AND (id <= 1065227))

table 6 : explain SELECT DISTINCT c FROM sbtest6 WHERE id BETWEEN 6117539 AND 6117638 ORDER BY c
	Unique  (cost=411.09..411.60 rows=102 width=121)
	  ->  Sort  (cost=411.09..411.34 rows=102 width=121)
	        Sort Key: c
	        ->  Index Scan using sbtest6_pkey on sbtest6  (cost=0.43..407.68 rows=102 width=121)
	              Index Cond: ((id >= 6117539) AND (id <= 6117638))

table 7 : explain SELECT DISTINCT c FROM sbtest7 WHERE id BETWEEN 9082498 AND 9082597 ORDER BY c
	Unique  (cost=386.84..387.32 rows=96 width=121)
	  ->  Sort  (cost=386.84..387.08 rows=96 width=121)
	        Sort Key: c
	        ->  Index Scan using sbtest7_pkey on sbtest7  (cost=0.43..383.68 rows=96 width=121)
	              Index Cond: ((id >= 9082498) AND (id <= 9082597))

table 8 : explain SELECT DISTINCT c FROM sbtest8 WHERE id BETWEEN 670896 AND 670995 ORDER BY c
	Unique  (cost=411.11..411.62 rows=102 width=121)
	  ->  Sort  (cost=411.11..411.36 rows=102 width=121)
	        Sort Key: c
	        ->  Index Scan using sbtest8_pkey on sbtest8  (cost=0.43..407.71 rows=102 width=121)
	              Index Cond: ((id >= 670896) AND (id <= 670995))

for: sum_ranges
table 1 : explain SELECT SUM(k) FROM sbtest1 WHERE id BETWEEN 3768264 AND 3768363
	Aggregate  (cost=377.69..377.70 rows=1 width=8)
	  ->  Index Scan using sbtest1_pkey on sbtest1  (cost=0.43..377.46 rows=94 width=4)
	        Index Cond: ((id >= 3768264) AND (id <= 3768363))

table 2 : explain SELECT SUM(k) FROM sbtest2 WHERE id BETWEEN 989268 AND 989367
	Aggregate  (cost=401.59..401.60 rows=1 width=8)
	  ->  Index Scan using sbtest2_pkey on sbtest2  (cost=0.43..401.34 rows=100 width=4)
	        Index Cond: ((id >= 989268) AND (id <= 989367))

table 3 : explain SELECT SUM(k) FROM sbtest3 WHERE id BETWEEN 9216139 AND 9216238
	Aggregate  (cost=369.62..369.63 rows=1 width=8)
	  ->  Index Scan using sbtest3_pkey on sbtest3  (cost=0.43..369.39 rows=92 width=4)
	        Index Cond: ((id >= 9216139) AND (id <= 9216238))

table 4 : explain SELECT SUM(k) FROM sbtest4 WHERE id BETWEEN 4003613 AND 4003712
	Aggregate  (cost=384.62..384.63 rows=1 width=8)
	  ->  Index Scan using sbtest4_pkey on sbtest4  (cost=0.43..384.38 rows=96 width=4)
	        Index Cond: ((id >= 4003613) AND (id <= 4003712))

table 5 : explain SELECT SUM(k) FROM sbtest5 WHERE id BETWEEN 1018944 AND 1019043
	Aggregate  (cost=376.53..376.54 rows=1 width=8)
	  ->  Index Scan using sbtest5_pkey on sbtest5  (cost=0.43..376.29 rows=94 width=4)
	        Index Cond: ((id >= 1018944) AND (id <= 1019043))

table 6 : explain SELECT SUM(k) FROM sbtest6 WHERE id BETWEEN 2482850 AND 2482949
	Aggregate  (cost=447.49..447.50 rows=1 width=8)
	  ->  Index Scan using sbtest6_pkey on sbtest6  (cost=0.43..447.21 rows=112 width=4)
	        Index Cond: ((id >= 2482850) AND (id <= 2482949))

table 7 : explain SELECT SUM(k) FROM sbtest7 WHERE id BETWEEN 6932182 AND 6932281
	Aggregate  (cost=376.02..376.03 rows=1 width=8)
	  ->  Index Scan using sbtest7_pkey on sbtest7  (cost=0.43..375.78 rows=94 width=4)
	        Index Cond: ((id >= 6932182) AND (id <= 6932281))

table 8 : explain SELECT SUM(k) FROM sbtest8 WHERE id BETWEEN 2616275 AND 2616374
	Aggregate  (cost=400.05..400.06 rows=1 width=8)
	  ->  Index Scan using sbtest8_pkey on sbtest8  (cost=0.43..399.80 rows=100 width=4)
	        Index Cond: ((id >= 2616275) AND (id <= 2616374))

for: simple_ranges
table 1 : explain SELECT c FROM sbtest1 WHERE id BETWEEN 6587059 AND 6587158
	Index Scan using sbtest1_pkey on sbtest1  (cost=0.43..393.33 rows=98 width=121)
	  Index Cond: ((id >= 6587059) AND (id <= 6587158))

table 2 : explain SELECT c FROM sbtest2 WHERE id BETWEEN 6988742 AND 6988841
	Index Scan using sbtest2_pkey on sbtest2  (cost=0.43..353.72 rows=88 width=121)
	  Index Cond: ((id >= 6988742) AND (id <= 6988841))

table 3 : explain SELECT c FROM sbtest3 WHERE id BETWEEN 637124 AND 637223
	Index Scan using sbtest3_pkey on sbtest3  (cost=0.43..420.96 rows=105 width=121)
	  Index Cond: ((id >= 637124) AND (id <= 637223))

table 4 : explain SELECT c FROM sbtest4 WHERE id BETWEEN 320487 AND 320586
	Index Scan using sbtest4_pkey on sbtest4  (cost=0.43..400.23 rows=100 width=121)
	  Index Cond: ((id >= 320487) AND (id <= 320586))

table 5 : explain SELECT c FROM sbtest5 WHERE id BETWEEN 7339726 AND 7339825
	Index Scan using sbtest5_pkey on sbtest5  (cost=0.43..431.68 rows=108 width=121)
	  Index Cond: ((id >= 7339726) AND (id <= 7339825))

table 6 : explain SELECT c FROM sbtest6 WHERE id BETWEEN 4083632 AND 4083731
	Index Scan using sbtest6_pkey on sbtest6  (cost=0.43..407.68 rows=102 width=121)
	  Index Cond: ((id >= 4083632) AND (id <= 4083731))

table 7 : explain SELECT c FROM sbtest7 WHERE id BETWEEN 483496 AND 483595
	Index Scan using sbtest7_pkey on sbtest7  (cost=0.43..435.04 rows=109 width=121)
	  Index Cond: ((id >= 483496) AND (id <= 483595))

table 8 : explain SELECT c FROM sbtest8 WHERE id BETWEEN 9315530 AND 9315629
	Index Scan using sbtest8_pkey on sbtest8  (cost=0.43..431.42 rows=108 width=121)
	  Index Cond: ((id >= 9315530) AND (id <= 9315629))

for: order_ranges
table 1 : explain SELECT c FROM sbtest1 WHERE id BETWEEN 4237366 AND 4237465 ORDER BY c
	Sort  (cost=404.58..404.83 rows=100 width=121)
	  Sort Key: c
	  ->  Index Scan using sbtest1_pkey on sbtest1  (cost=0.43..401.26 rows=100 width=121)
	        Index Cond: ((id >= 4237366) AND (id <= 4237465))

table 2 : explain SELECT c FROM sbtest2 WHERE id BETWEEN 185784 AND 185883 ORDER BY c
	Sort  (cost=380.61..380.84 rows=94 width=121)
	  Sort Key: c
	  ->  Index Scan using sbtest2_pkey on sbtest2  (cost=0.43..377.53 rows=94 width=121)
	        Index Cond: ((id >= 185784) AND (id <= 185883))

table 3 : explain SELECT c FROM sbtest3 WHERE id BETWEEN 3025321 AND 3025420 ORDER BY c
	Sort  (cost=384.41..384.65 rows=95 width=121)
	  Sort Key: c
	  ->  Index Scan using sbtest3_pkey on sbtest3  (cost=0.43..381.29 rows=95 width=121)
	        Index Cond: ((id >= 3025321) AND (id <= 3025420))

table 4 : explain SELECT c FROM sbtest4 WHERE id BETWEEN 8777391 AND 8777490 ORDER BY c
	Sort  (cost=391.54..391.78 rows=97 width=121)
	  Sort Key: c
	  ->  Index Scan using sbtest4_pkey on sbtest4  (cost=0.43..388.34 rows=97 width=121)
	        Index Cond: ((id >= 8777391) AND (id <= 8777490))

table 5 : explain SELECT c FROM sbtest5 WHERE id BETWEEN 3973458 AND 3973557 ORDER BY c
	Sort  (cost=427.33..427.60 rows=106 width=121)
	  Sort Key: c
	  ->  Index Scan using sbtest5_pkey on sbtest5  (cost=0.43..423.77 rows=106 width=121)
	        Index Cond: ((id >= 3973458) AND (id <= 3973557))

table 6 : explain SELECT c FROM sbtest6 WHERE id BETWEEN 9078694 AND 9078793 ORDER BY c
	Sort  (cost=447.03..447.30 rows=111 width=121)
	  Sort Key: c
	  ->  Index Scan using sbtest6_pkey on sbtest6  (cost=0.43..443.25 rows=111 width=121)
	        Index Cond: ((id >= 9078694) AND (id <= 9078793))

table 7 : explain SELECT c FROM sbtest7 WHERE id BETWEEN 2340294 AND 2340393 ORDER BY c
	Sort  (cost=374.87..375.11 rows=93 width=121)
	  Sort Key: c
	  ->  Index Scan using sbtest7_pkey on sbtest7  (cost=0.43..371.83 rows=93 width=121)
	        Index Cond: ((id >= 2340294) AND (id <= 2340393))

table 8 : explain SELECT c FROM sbtest8 WHERE id BETWEEN 415854 AND 415953 ORDER BY c
	Sort  (cost=427.08..427.35 rows=106 width=121)
	  Sort Key: c
	  ->  Index Scan using sbtest8_pkey on sbtest8  (cost=0.43..423.52 rows=106 width=121)
	        Index Cond: ((id >= 415854) AND (id <= 415953))

for: sum_ranges
table 1 : explain SELECT SUM(k) FROM sbtest1 WHERE id BETWEEN 328643 AND 328742
	Aggregate  (cost=425.34..425.35 rows=1 width=8)
	  ->  Index Scan using sbtest1_pkey on sbtest1  (cost=0.43..425.08 rows=106 width=4)
	        Index Cond: ((id >= 328643) AND (id <= 328742))

table 2 : explain SELECT SUM(k) FROM sbtest2 WHERE id BETWEEN 8338050 AND 8338149
	Aggregate  (cost=389.68..389.69 rows=1 width=8)
	  ->  Index Scan using sbtest2_pkey on sbtest2  (cost=0.43..389.43 rows=97 width=4)
	        Index Cond: ((id >= 8338050) AND (id <= 8338149))

table 3 : explain SELECT SUM(k) FROM sbtest3 WHERE id BETWEEN 2309458 AND 2309557
	Aggregate  (cost=373.59..373.60 rows=1 width=8)
	  ->  Index Scan using sbtest3_pkey on sbtest3  (cost=0.43..373.36 rows=93 width=4)
	        Index Cond: ((id >= 2309458) AND (id <= 2309557))

table 4 : explain SELECT SUM(k) FROM sbtest4 WHERE id BETWEEN 71117 AND 71216
	Aggregate  (cost=408.39..408.40 rows=1 width=8)
	  ->  Index Scan using sbtest4_pkey on sbtest4  (cost=0.43..408.14 rows=102 width=4)
	        Index Cond: ((id >= 71117) AND (id <= 71216))

table 5 : explain SELECT SUM(k) FROM sbtest5 WHERE id BETWEEN 7496016 AND 7496115
	Aggregate  (cost=416.12..416.13 rows=1 width=8)
	  ->  Index Scan using sbtest5_pkey on sbtest5  (cost=0.43..415.86 rows=104 width=4)
	        Index Cond: ((id >= 7496016) AND (id <= 7496115))

table 6 : explain SELECT SUM(k) FROM sbtest6 WHERE id BETWEEN 3796828 AND 3796927
	Aggregate  (cost=403.98..403.99 rows=1 width=8)
	  ->  Index Scan using sbtest6_pkey on sbtest6  (cost=0.43..403.73 rows=101 width=4)
	        Index Cond: ((id >= 3796828) AND (id <= 3796927))

table 7 : explain SELECT SUM(k) FROM sbtest7 WHERE id BETWEEN 1328219 AND 1328318
	Aggregate  (cost=435.31..435.32 rows=1 width=8)
	  ->  Index Scan using sbtest7_pkey on sbtest7  (cost=0.43..435.04 rows=109 width=4)
	        Index Cond: ((id >= 1328219) AND (id <= 1328318))

table 8 : explain SELECT SUM(k) FROM sbtest8 WHERE id BETWEEN 6200506 AND 6200605
	Aggregate  (cost=404.01..404.02 rows=1 width=8)
	  ->  Index Scan using sbtest8_pkey on sbtest8  (cost=0.43..403.75 rows=101 width=4)
	        Index Cond: ((id >= 6200506) AND (id <= 6200605))

for: distinct_ranges
table 1 : explain SELECT DISTINCT c FROM sbtest1 WHERE id BETWEEN 3767320 AND 3767419 ORDER BY c
	Unique  (cost=380.54..381.01 rows=94 width=121)
	  ->  Sort  (cost=380.54..380.77 rows=94 width=121)
	        Sort Key: c
	        ->  Index Scan using sbtest1_pkey on sbtest1  (cost=0.43..377.46 rows=94 width=121)
	              Index Cond: ((id >= 3767320) AND (id <= 3767419))

table 2 : explain SELECT DISTINCT c FROM sbtest2 WHERE id BETWEEN 4828789 AND 4828888 ORDER BY c
	Unique  (cost=404.66..405.16 rows=100 width=121)
	  ->  Sort  (cost=404.66..404.91 rows=100 width=121)
	        Sort Key: c
	        ->  Index Scan using sbtest2_pkey on sbtest2  (cost=0.43..401.34 rows=100 width=121)
	              Index Cond: ((id >= 4828789) AND (id <= 4828888))

table 3 : explain SELECT DISTINCT c FROM sbtest3 WHERE id BETWEEN 4699175 AND 4699274 ORDER BY c
	Unique  (cost=420.48..421.00 rows=104 width=121)
	  ->  Sort  (cost=420.48..420.74 rows=104 width=121)
	        Sort Key: c
	        ->  Index Scan using sbtest3_pkey on sbtest3  (cost=0.43..417.00 rows=104 width=121)
	              Index Cond: ((id >= 4699175) AND (id <= 4699274))

table 4 : explain SELECT DISTINCT c FROM sbtest4 WHERE id BETWEEN 6092402 AND 6092501 ORDER BY c
	Unique  (cost=395.54..396.03 rows=98 width=121)
	  ->  Sort  (cost=395.54..395.78 rows=98 width=121)
	        Sort Key: c
	        ->  Index Scan using sbtest4_pkey on sbtest4  (cost=0.43..392.30 rows=98 width=121)
	              Index Cond: ((id >= 6092402) AND (id <= 6092501))

table 5 : explain SELECT DISTINCT c FROM sbtest5 WHERE id BETWEEN 3716553 AND 3716652 ORDER BY c
	Unique  (cost=419.34..419.86 rows=104 width=121)
	  ->  Sort  (cost=419.34..419.60 rows=104 width=121)
	        Sort Key: c
	        ->  Index Scan using sbtest5_pkey on sbtest5  (cost=0.43..415.86 rows=104 width=121)
	              Index Cond: ((id >= 3716553) AND (id <= 3716652))

table 6 : explain SELECT DISTINCT c FROM sbtest6 WHERE id BETWEEN 2682828 AND 2682927 ORDER BY c
	Unique  (cost=407.09..407.60 rows=101 width=121)
	  ->  Sort  (cost=407.09..407.35 rows=101 width=121)
	        Sort Key: c
	        ->  Index Scan using sbtest6_pkey on sbtest6  (cost=0.43..403.73 rows=101 width=121)
	              Index Cond: ((id >= 2682828) AND (id <= 2682927))

table 7 : explain SELECT DISTINCT c FROM sbtest7 WHERE id BETWEEN 7049071 AND 7049170 ORDER BY c
	Unique  (cost=414.79..415.30 rows=103 width=121)
	  ->  Sort  (cost=414.79..415.04 rows=103 width=121)
	        Sort Key: c
	        ->  Index Scan using sbtest7_pkey on sbtest7  (cost=0.43..411.34 rows=103 width=121)
	              Index Cond: ((id >= 7049071) AND (id <= 7049170))

table 8 : explain SELECT DISTINCT c FROM sbtest8 WHERE id BETWEEN 1094275 AND 1094374 ORDER BY c
	Unique  (cost=399.13..399.63 rows=99 width=121)
	  ->  Sort  (cost=399.13..399.38 rows=99 width=121)
	        Sort Key: c
	        ->  Index Scan using sbtest8_pkey on sbtest8  (cost=0.43..395.85 rows=99 width=121)
	              Index Cond: ((id >= 1094275) AND (id <= 1094374))

for: order_ranges
table 1 : explain SELECT c FROM sbtest1 WHERE id BETWEEN 5149712 AND 5149811 ORDER BY c
	Sort  (cost=388.55..388.79 rows=96 width=121)
	  Sort Key: c
	  ->  Index Scan using sbtest1_pkey on sbtest1  (cost=0.43..385.39 rows=96 width=121)
	        Index Cond: ((id >= 5149712) AND (id <= 5149811))

table 2 : explain SELECT c FROM sbtest2 WHERE id BETWEEN 1246505 AND 1246604 ORDER BY c
	Sort  (cost=392.63..392.88 rows=97 width=121)
	  Sort Key: c
	  ->  Index Scan using sbtest2_pkey on sbtest2  (cost=0.43..389.43 rows=97 width=121)
	        Index Cond: ((id >= 1246505) AND (id <= 1246604))

table 3 : explain SELECT c FROM sbtest3 WHERE id BETWEEN 8893732 AND 8893831 ORDER BY c
	Sort  (cost=356.37..356.59 rows=88 width=121)
	  Sort Key: c
	  ->  Index Scan using sbtest3_pkey on sbtest3  (cost=0.43..353.53 rows=88 width=121)
	        Index Cond: ((id >= 8893732) AND (id <= 8893831))

table 4 : explain SELECT c FROM sbtest4 WHERE id BETWEEN 2776120 AND 2776219 ORDER BY c
	Sort  (cost=443.52..443.80 rows=110 width=121)
	  Sort Key: c
	  ->  Index Scan using sbtest4_pkey on sbtest4  (cost=0.43..439.79 rows=110 width=121)
	        Index Cond: ((id >= 2776120) AND (id <= 2776219))

table 5 : explain SELECT c FROM sbtest5 WHERE id BETWEEN 729436 AND 729535 ORDER BY c
	Sort  (cost=403.36..403.61 rows=100 width=121)
	  Sort Key: c
	  ->  Index Scan using sbtest5_pkey on sbtest5  (cost=0.43..400.04 rows=100 width=121)
	        Index Cond: ((id >= 729436) AND (id <= 729535))

table 6 : explain SELECT c FROM sbtest6 WHERE id BETWEEN 5220258 AND 5220357 ORDER BY c
	Sort  (cost=383.12..383.36 rows=95 width=121)
	  Sort Key: c
	  ->  Index Scan using sbtest6_pkey on sbtest6  (cost=0.43..380.00 rows=95 width=121)
	        Index Cond: ((id >= 5220258) AND (id <= 5220357))

table 7 : explain SELECT c FROM sbtest7 WHERE id BETWEEN 6619960 AND 6620059 ORDER BY c
	Sort  (cost=394.84..395.08 rows=98 width=121)
	  Sort Key: c
	  ->  Index Scan using sbtest7_pkey on sbtest7  (cost=0.43..391.60 rows=98 width=121)
	        Index Cond: ((id >= 6619960) AND (id <= 6620059))

table 8 : explain SELECT c FROM sbtest8 WHERE id BETWEEN 6067201 AND 6067300 ORDER BY c
	Sort  (cost=403.12..403.37 rows=100 width=121)
	  Sort Key: c
	  ->  Index Scan using sbtest8_pkey on sbtest8  (cost=0.43..399.80 rows=100 width=121)
	        Index Cond: ((id >= 6067201) AND (id <= 6067300))

for: distinct_ranges
table 1 : explain SELECT DISTINCT c FROM sbtest1 WHERE id BETWEEN 9951126 AND 9951225 ORDER BY c
	Unique  (cost=404.58..405.08 rows=100 width=121)
	  ->  Sort  (cost=404.58..404.83 rows=100 width=121)
	        Sort Key: c
	        ->  Index Scan using sbtest1_pkey on sbtest1  (cost=0.43..401.26 rows=100 width=121)
	              Index Cond: ((id >= 9951126) AND (id <= 9951225))

table 2 : explain SELECT DISTINCT c FROM sbtest2 WHERE id BETWEEN 966019 AND 966118 ORDER BY c
	Unique  (cost=424.72..425.24 rows=105 width=121)
	  ->  Sort  (cost=424.72..424.98 rows=105 width=121)
	        Sort Key: c
	        ->  Index Scan using sbtest2_pkey on sbtest2  (cost=0.43..421.19 rows=105 width=121)
	              Index Cond: ((id >= 966019) AND (id <= 966118))

table 3 : explain SELECT DISTINCT c FROM sbtest3 WHERE id BETWEEN 743860 AND 743959 ORDER BY c
	Unique  (cost=404.45..404.95 rows=100 width=121)
	  ->  Sort  (cost=404.45..404.70 rows=100 width=121)
	        Sort Key: c
	        ->  Index Scan using sbtest3_pkey on sbtest3  (cost=0.43..401.13 rows=100 width=121)
	              Index Cond: ((id >= 743860) AND (id <= 743959))

table 4 : explain SELECT DISTINCT c FROM sbtest4 WHERE id BETWEEN 3890473 AND 3890572 ORDER BY c
	Unique  (cost=375.55..376.02 rows=93 width=121)
	  ->  Sort  (cost=375.55..375.79 rows=93 width=121)
	        Sort Key: c
	        ->  Index Scan using sbtest4_pkey on sbtest4  (cost=0.43..372.51 rows=93 width=121)
	              Index Cond: ((id >= 3890473) AND (id <= 3890572))

table 5 : explain SELECT DISTINCT c FROM sbtest5 WHERE id BETWEEN 4279073 AND 4279172 ORDER BY c
	Unique  (cost=399.36..399.86 rows=99 width=121)
	  ->  Sort  (cost=399.36..399.61 rows=99 width=121)
	        Sort Key: c
	        ->  Index Scan using sbtest5_pkey on sbtest5  (cost=0.43..396.08 rows=99 width=121)
	              Index Cond: ((id >= 4279073) AND (id <= 4279172))

table 6 : explain SELECT DISTINCT c FROM sbtest6 WHERE id BETWEEN 7331577 AND 7331676 ORDER BY c
	Unique  (cost=403.10..403.60 rows=100 width=121)
	  ->  Sort  (cost=403.10..403.35 rows=100 width=121)
	        Sort Key: c
	        ->  Index Scan using sbtest6_pkey on sbtest6  (cost=0.43..399.78 rows=100 width=121)
	              Index Cond: ((id >= 7331577) AND (id <= 7331676))

table 7 : explain SELECT DISTINCT c FROM sbtest7 WHERE id BETWEEN 4602928 AND 4603027 ORDER BY c
	Unique  (cost=434.74..435.28 rows=108 width=121)
	  ->  Sort  (cost=434.74..435.01 rows=108 width=121)
	        Sort Key: c
	        ->  Index Scan using sbtest7_pkey on sbtest7  (cost=0.43..431.09 rows=108 width=121)
	              Index Cond: ((id >= 4602928) AND (id <= 4603027))

table 8 : explain SELECT DISTINCT c FROM sbtest8 WHERE id BETWEEN 1359598 AND 1359697 ORDER BY c
	Unique  (cost=359.19..359.63 rows=89 width=121)
	  ->  Sort  (cost=359.19..359.41 rows=89 width=121)
	        Sort Key: c
	        ->  Index Scan using sbtest8_pkey on sbtest8  (cost=0.43..356.31 rows=89 width=121)
	              Index Cond: ((id >= 1359598) AND (id <= 1359697))

Threads started!

Warming up for 5 seconds...

SQL statistics:
    queries performed:
        read:                            259110083
        write:                           0
        other:                           37015748
        total:                           296125831
    transactions:                        18507894 (29377.24 per sec.)
    queries:                             296125831 (470035.12 per sec.)
    ignored errors:                      0      (0.00 per sec.)
    reconnects:                          0      (0.00 per sec.)

Throughput:
    events/s (eps):                      29377.2417
    time elapsed:                        630.0080s
    total number of events:              18507894

Latency (ms):
         min:                                    1.10
         avg:                                    1.36
         max:                                   17.50
         95th percentile:                        1.42
         sum:                             25182357.98

Threads fairness:
    events (avg/stddev):           462696.6250/2085.14
    execution time (avg/stddev):   629.5589/0.01

