LUA_PATH=/home/mdcallag/git/mytools/bench/sysbench.lua/lua/?.lua /home/mdcallag/git/mytools/bench/sysbench.lua/lua/sysbench --db-driver=pgsql --range-size=1000 --table-size=10000000 --tables=8 --threads=40 --events=0 --warmup-time=5 --time=630 --pgsql_conn_id=true /home/mdcallag/git/mytools/bench/sysbench.lua/lua/oltp_read_only_count.lua run --pgsql-user=root --pgsql-password=pw --pgsql-host=127.0.0.1 --pgsql-db=ib --rand-type=uniform --skip-trx
48 CPUs
sysbench 1.1.0-9072687 (using bundled LuaJIT 2.1.0-beta3)

Running the test with following options:
Number of threads: 40
Warmup time: 5s
Initializing random number generator from current time


Initializing worker threads...

for: count_ranges
table 1 : explain SELECT count(c) FROM sbtest1 WHERE id BETWEEN 6054915 AND 6055914
	Aggregate  (cost=3828.26..3828.27 rows=1 width=8)
	  ->  Bitmap Heap Scan on sbtest1  (cost=22.59..3825.78 rows=991 width=121)
	        Recheck Cond: ((id >= 6054915) AND (id <= 6055914))
	        ->  Bitmap Index Scan on sbtest1_pkey  (cost=0.00..22.34 rows=991 width=0)
	              Index Cond: ((id >= 6054915) AND (id <= 6055914))

table 2 : explain SELECT count(c) FROM sbtest2 WHERE id BETWEEN 5503186 AND 5504185
	Aggregate  (cost=4205.74..4205.75 rows=1 width=8)
	  ->  Bitmap Heap Scan on sbtest2  (cost=23.62..4203.01 rows=1091 width=121)
	        Recheck Cond: ((id >= 5503186) AND (id <= 5504185))
	        ->  Bitmap Index Scan on sbtest2_pkey  (cost=0.00..23.34 rows=1091 width=0)
	              Index Cond: ((id >= 5503186) AND (id <= 5504185))

table 3 : explain SELECT count(c) FROM sbtest3 WHERE id BETWEEN 1840686 AND 1841685
	Aggregate  (cost=3987.71..3987.72 rows=1 width=8)
	  ->  Bitmap Heap Scan on sbtest3  (cost=23.02..3985.13 rows=1033 width=121)
	        Recheck Cond: ((id >= 1840686) AND (id <= 1841685))
	        ->  Bitmap Index Scan on sbtest3_pkey  (cost=0.00..22.76 rows=1033 width=0)
	              Index Cond: ((id >= 1840686) AND (id <= 1841685))

table 4 : explain SELECT count(c) FROM sbtest4 WHERE id BETWEEN 3758758 AND 3759757
	Aggregate  (cost=3649.45..3649.46 rows=1 width=8)
	  ->  Bitmap Heap Scan on sbtest4  (cost=22.10..3647.10 rows=943 width=121)
	        Recheck Cond: ((id >= 3758758) AND (id <= 3759757))
	        ->  Bitmap Index Scan on sbtest4_pkey  (cost=0.00..21.86 rows=943 width=0)
	              Index Cond: ((id >= 3758758) AND (id <= 3759757))

table 5 : explain SELECT count(c) FROM sbtest5 WHERE id BETWEEN 309798 AND 310797
	Aggregate  (cost=3970.09..3970.10 rows=1 width=8)
	  ->  Bitmap Heap Scan on sbtest5  (cost=22.97..3967.52 rows=1028 width=121)
	        Recheck Cond: ((id >= 309798) AND (id <= 310797))
	        ->  Bitmap Index Scan on sbtest5_pkey  (cost=0.00..22.71 rows=1028 width=0)
	              Index Cond: ((id >= 309798) AND (id <= 310797))

table 6 : explain SELECT count(c) FROM sbtest6 WHERE id BETWEEN 6266664 AND 6267663
	Aggregate  (cost=3649.54..3649.55 rows=1 width=8)
	  ->  Bitmap Heap Scan on sbtest6  (cost=22.10..3647.18 rows=943 width=121)
	        Recheck Cond: ((id >= 6266664) AND (id <= 6267663))
	        ->  Bitmap Index Scan on sbtest6_pkey  (cost=0.00..21.86 rows=943 width=0)
	              Index Cond: ((id >= 6266664) AND (id <= 6267663))

table 7 : explain SELECT count(c) FROM sbtest7 WHERE id BETWEEN 8437431 AND 8438430
	Aggregate  (cost=3850.57..3850.58 rows=1 width=8)
	  ->  Bitmap Heap Scan on sbtest7  (cost=22.64..3848.08 rows=996 width=121)
	        Recheck Cond: ((id >= 8437431) AND (id <= 8438430))
	        ->  Bitmap Index Scan on sbtest7_pkey  (cost=0.00..22.39 rows=996 width=0)
	              Index Cond: ((id >= 8437431) AND (id <= 8438430))

table 8 : explain SELECT count(c) FROM sbtest8 WHERE id BETWEEN 5342444 AND 5343443
	Aggregate  (cost=3850.54..3850.55 rows=1 width=8)
	  ->  Bitmap Heap Scan on sbtest8  (cost=22.64..3848.05 rows=996 width=121)
	        Recheck Cond: ((id >= 5342444) AND (id <= 5343443))
	        ->  Bitmap Index Scan on sbtest8_pkey  (cost=0.00..22.39 rows=996 width=0)
	              Index Cond: ((id >= 5342444) AND (id <= 5343443))

for: count_ranges
table 1 : explain SELECT count(c) FROM sbtest1 WHERE id BETWEEN 4378592 AND 4379591
	Aggregate  (cost=3775.50..3775.51 rows=1 width=8)
	  ->  Bitmap Heap Scan on sbtest1  (cost=22.45..3773.06 rows=977 width=121)
	        Recheck Cond: ((id >= 4378592) AND (id <= 4379591))
	        ->  Bitmap Index Scan on sbtest1_pkey  (cost=0.00..22.20 rows=977 width=0)
	              Index Cond: ((id >= 4378592) AND (id <= 4379591))

table 2 : explain SELECT count(c) FROM sbtest2 WHERE id BETWEEN 2744809 AND 2745808
	Aggregate  (cost=3840.74..3840.75 rows=1 width=8)
	  ->  Bitmap Heap Scan on sbtest2  (cost=22.62..3838.26 rows=994 width=121)
	        Recheck Cond: ((id >= 2744809) AND (id <= 2745808))
	        ->  Bitmap Index Scan on sbtest2_pkey  (cost=0.00..22.37 rows=994 width=0)
	              Index Cond: ((id >= 2744809) AND (id <= 2745808))

table 3 : explain SELECT count(c) FROM sbtest3 WHERE id BETWEEN 3757297 AND 3758296
	Aggregate  (cost=3806.89..3806.90 rows=1 width=8)
	  ->  Bitmap Heap Scan on sbtest3  (cost=22.53..3804.42 rows=985 width=121)
	        Recheck Cond: ((id >= 3757297) AND (id <= 3758296))
	        ->  Bitmap Index Scan on sbtest3_pkey  (cost=0.00..22.29 rows=985 width=0)
	              Index Cond: ((id >= 3757297) AND (id <= 3758296))

table 4 : explain SELECT count(c) FROM sbtest4 WHERE id BETWEEN 5928536 AND 5929535
	Aggregate  (cost=4214.62..4214.63 rows=1 width=8)
	  ->  Bitmap Heap Scan on sbtest4  (cost=23.64..4211.89 rows=1093 width=121)
	        Recheck Cond: ((id >= 5928536) AND (id <= 5929535))
	        ->  Bitmap Index Scan on sbtest4_pkey  (cost=0.00..23.36 rows=1093 width=0)
	              Index Cond: ((id >= 5928536) AND (id <= 5929535))

table 5 : explain SELECT count(c) FROM sbtest5 WHERE id BETWEEN 8483476 AND 8484475
	Aggregate  (cost=3498.27..3498.28 rows=1 width=8)
	  ->  Bitmap Heap Scan on sbtest5  (cost=21.69..3496.01 rows=903 width=121)
	        Recheck Cond: ((id >= 8483476) AND (id <= 8484475))
	        ->  Bitmap Index Scan on sbtest5_pkey  (cost=0.00..21.46 rows=903 width=0)
	              Index Cond: ((id >= 8483476) AND (id <= 8484475))

table 6 : explain SELECT count(c) FROM sbtest6 WHERE id BETWEEN 4414310 AND 4415309
	Aggregate  (cost=3490.76..3490.77 rows=1 width=8)
	  ->  Bitmap Heap Scan on sbtest6  (cost=21.67..3488.51 rows=901 width=121)
	        Recheck Cond: ((id >= 4414310) AND (id <= 4415309))
	        ->  Bitmap Index Scan on sbtest6_pkey  (cost=0.00..21.44 rows=901 width=0)
	              Index Cond: ((id >= 4414310) AND (id <= 4415309))

table 7 : explain SELECT count(c) FROM sbtest7 WHERE id BETWEEN 5215428 AND 5216427
	Aggregate  (cost=4106.79..4106.80 rows=1 width=8)
	  ->  Bitmap Heap Scan on sbtest7  (cost=23.34..4104.13 rows=1064 width=121)
	        Recheck Cond: ((id >= 5215428) AND (id <= 5216427))
	        ->  Bitmap Index Scan on sbtest7_pkey  (cost=0.00..23.07 rows=1064 width=0)
	              Index Cond: ((id >= 5215428) AND (id <= 5216427))

table 8 : explain SELECT count(c) FROM sbtest8 WHERE id BETWEEN 758295 AND 759294
	Aggregate  (cost=3880.71..3880.72 rows=1 width=8)
	  ->  Bitmap Heap Scan on sbtest8  (cost=22.73..3878.20 rows=1004 width=121)
	        Recheck Cond: ((id >= 758295) AND (id <= 759294))
	        ->  Bitmap Index Scan on sbtest8_pkey  (cost=0.00..22.47 rows=1004 width=0)
	              Index Cond: ((id >= 758295) AND (id <= 759294))

for: count_ranges
table 1 : explain SELECT count(c) FROM sbtest1 WHERE id BETWEEN 9734178 AND 9735177
	Aggregate  (cost=4309.74..4309.75 rows=1 width=8)
	  ->  Bitmap Heap Scan on sbtest1  (cost=27.90..4306.94 rows=1119 width=121)
	        Recheck Cond: ((id >= 9734178) AND (id <= 9735177))
	        ->  Bitmap Index Scan on sbtest1_pkey  (cost=0.00..27.62 rows=1119 width=0)
	              Index Cond: ((id >= 9734178) AND (id <= 9735177))

table 2 : explain SELECT count(c) FROM sbtest2 WHERE id BETWEEN 6461859 AND 6462858
	Aggregate  (cost=4318.66..4318.67 rows=1 width=8)
	  ->  Bitmap Heap Scan on sbtest2  (cost=27.93..4315.85 rows=1121 width=121)
	        Recheck Cond: ((id >= 6461859) AND (id <= 6462858))
	        ->  Bitmap Index Scan on sbtest2_pkey  (cost=0.00..27.64 rows=1121 width=0)
	              Index Cond: ((id >= 6461859) AND (id <= 6462858))

table 3 : explain SELECT count(c) FROM sbtest3 WHERE id BETWEEN 1294613 AND 1295612
	Aggregate  (cost=4055.44..4055.45 rows=1 width=8)
	  ->  Bitmap Heap Scan on sbtest3  (cost=23.21..4052.82 rows=1051 width=121)
	        Recheck Cond: ((id >= 1294613) AND (id <= 1295612))
	        ->  Bitmap Index Scan on sbtest3_pkey  (cost=0.00..22.94 rows=1051 width=0)
	              Index Cond: ((id >= 1294613) AND (id <= 1295612))

table 4 : explain SELECT count(c) FROM sbtest4 WHERE id BETWEEN 310722 AND 311721
	Aggregate  (cost=3857.02..3857.03 rows=1 width=8)
	  ->  Bitmap Heap Scan on sbtest4  (cost=22.66..3854.52 rows=998 width=121)
	        Recheck Cond: ((id >= 310722) AND (id <= 311721))
	        ->  Bitmap Index Scan on sbtest4_pkey  (cost=0.00..22.41 rows=998 width=0)
	              Index Cond: ((id >= 310722) AND (id <= 311721))

table 5 : explain SELECT count(c) FROM sbtest5 WHERE id BETWEEN 2012621 AND 2013620
	Aggregate  (cost=4162.02..4162.03 rows=1 width=8)
	  ->  Bitmap Heap Scan on sbtest5  (cost=23.49..4159.32 rows=1079 width=121)
	        Recheck Cond: ((id >= 2012621) AND (id <= 2013620))
	        ->  Bitmap Index Scan on sbtest5_pkey  (cost=0.00..23.22 rows=1079 width=0)
	              Index Cond: ((id >= 2012621) AND (id <= 2013620))

table 6 : explain SELECT count(c) FROM sbtest6 WHERE id BETWEEN 1234574 AND 1235573
	Aggregate  (cost=3864.65..3864.66 rows=1 width=8)
	  ->  Bitmap Heap Scan on sbtest6  (cost=22.68..3862.15 rows=1000 width=121)
	        Recheck Cond: ((id >= 1234574) AND (id <= 1235573))
	        ->  Bitmap Index Scan on sbtest6_pkey  (cost=0.00..22.43 rows=1000 width=0)
	              Index Cond: ((id >= 1234574) AND (id <= 1235573))

table 7 : explain SELECT count(c) FROM sbtest7 WHERE id BETWEEN 9589953 AND 9590952
	Aggregate  (cost=3642.90..3642.91 rows=1 width=8)
	  ->  Bitmap Heap Scan on sbtest7  (cost=22.08..3640.55 rows=941 width=121)
	        Recheck Cond: ((id >= 9589953) AND (id <= 9590952))
	        ->  Bitmap Index Scan on sbtest7_pkey  (cost=0.00..21.84 rows=941 width=0)
	              Index Cond: ((id >= 9589953) AND (id <= 9590952))

table 8 : explain SELECT count(c) FROM sbtest8 WHERE id BETWEEN 4833865 AND 4834864
	Aggregate  (cost=3820.36..3820.37 rows=1 width=8)
	  ->  Bitmap Heap Scan on sbtest8  (cost=22.56..3817.89 rows=988 width=121)
	        Recheck Cond: ((id >= 4833865) AND (id <= 4834864))
	        ->  Bitmap Index Scan on sbtest8_pkey  (cost=0.00..22.32 rows=988 width=0)
	              Index Cond: ((id >= 4833865) AND (id <= 4834864))

for: count_ranges
table 1 : explain SELECT count(c) FROM sbtest1 WHERE id BETWEEN 3668831 AND 3669830
	Aggregate  (cost=4178.09..4178.10 rows=1 width=8)
	  ->  Bitmap Heap Scan on sbtest1  (cost=23.55..4175.38 rows=1084 width=121)
	        Recheck Cond: ((id >= 3668831) AND (id <= 3669830))
	        ->  Bitmap Index Scan on sbtest1_pkey  (cost=0.00..23.27 rows=1084 width=0)
	              Index Cond: ((id >= 3668831) AND (id <= 3669830))

table 2 : explain SELECT count(c) FROM sbtest2 WHERE id BETWEEN 6585766 AND 6586765
	Aggregate  (cost=3840.74..3840.75 rows=1 width=8)
	  ->  Bitmap Heap Scan on sbtest2  (cost=22.62..3838.26 rows=994 width=121)
	        Recheck Cond: ((id >= 6585766) AND (id <= 6586765))
	        ->  Bitmap Index Scan on sbtest2_pkey  (cost=0.00..22.37 rows=994 width=0)
	              Index Cond: ((id >= 6585766) AND (id <= 6586765))

table 3 : explain SELECT count(c) FROM sbtest3 WHERE id BETWEEN 5230616 AND 5231615
	Aggregate  (cost=4119.38..4119.39 rows=1 width=8)
	  ->  Bitmap Heap Scan on sbtest3  (cost=23.38..4116.71 rows=1068 width=121)
	        Recheck Cond: ((id >= 5230616) AND (id <= 5231615))
	        ->  Bitmap Index Scan on sbtest3_pkey  (cost=0.00..23.11 rows=1068 width=0)
	              Index Cond: ((id >= 5230616) AND (id <= 5231615))

table 4 : explain SELECT count(c) FROM sbtest4 WHERE id BETWEEN 9799486 AND 9800485
	Aggregate  (cost=3747.62..3747.63 rows=1 width=8)
	  ->  Bitmap Heap Scan on sbtest4  (cost=22.37..3745.20 rows=969 width=121)
	        Recheck Cond: ((id >= 9799486) AND (id <= 9800485))
	        ->  Bitmap Index Scan on sbtest4_pkey  (cost=0.00..22.12 rows=969 width=0)
	              Index Cond: ((id >= 9799486) AND (id <= 9800485))

table 5 : explain SELECT count(c) FROM sbtest5 WHERE id BETWEEN 2511474 AND 2512473
	Aggregate  (cost=3573.90..3573.91 rows=1 width=8)
	  ->  Bitmap Heap Scan on sbtest5  (cost=21.90..3571.59 rows=923 width=121)
	        Recheck Cond: ((id >= 2511474) AND (id <= 2512473))
	        ->  Bitmap Index Scan on sbtest5_pkey  (cost=0.00..21.66 rows=923 width=0)
	              Index Cond: ((id >= 2511474) AND (id <= 2512473))

table 6 : explain SELECT count(c) FROM sbtest6 WHERE id BETWEEN 7412841 AND 7413840
	Aggregate  (cost=4226.25..4226.26 rows=1 width=8)
	  ->  Bitmap Heap Scan on sbtest6  (cost=27.66..4223.51 rows=1095 width=121)
	        Recheck Cond: ((id >= 7412841) AND (id <= 7413840))
	        ->  Bitmap Index Scan on sbtest6_pkey  (cost=0.00..27.39 rows=1095 width=0)
	              Index Cond: ((id >= 7412841) AND (id <= 7413840))

table 7 : explain SELECT count(c) FROM sbtest7 WHERE id BETWEEN 6264881 AND 6265880
	Aggregate  (cost=3952.38..3952.39 rows=1 width=8)
	  ->  Bitmap Heap Scan on sbtest7  (cost=22.92..3949.82 rows=1023 width=121)
	        Recheck Cond: ((id >= 6264881) AND (id <= 6265880))
	        ->  Bitmap Index Scan on sbtest7_pkey  (cost=0.00..22.66 rows=1023 width=0)
	              Index Cond: ((id >= 6264881) AND (id <= 6265880))

table 8 : explain SELECT count(c) FROM sbtest8 WHERE id BETWEEN 7880268 AND 7881267
	Aggregate  (cost=4321.35..4321.36 rows=1 width=8)
	  ->  Bitmap Heap Scan on sbtest8  (cost=27.93..4318.54 rows=1121 width=121)
	        Recheck Cond: ((id >= 7880268) AND (id <= 7881267))
	        ->  Bitmap Index Scan on sbtest8_pkey  (cost=0.00..27.64 rows=1121 width=0)
	              Index Cond: ((id >= 7880268) AND (id <= 7881267))

for: count_ranges
table 1 : explain SELECT count(c) FROM sbtest1 WHERE id BETWEEN 8368811 AND 8369810
	Aggregate  (cost=3877.23..3877.24 rows=1 width=8)
	  ->  Bitmap Heap Scan on sbtest1  (cost=22.73..3874.72 rows=1004 width=121)
	        Recheck Cond: ((id >= 8368811) AND (id <= 8369810))
	        ->  Bitmap Index Scan on sbtest1_pkey  (cost=0.00..22.47 rows=1004 width=0)
	              Index Cond: ((id >= 8368811) AND (id <= 8369810))

table 2 : explain SELECT count(c) FROM sbtest2 WHERE id BETWEEN 2242398 AND 2243397
	Aggregate  (cost=3599.26..3599.27 rows=1 width=8)
	  ->  Bitmap Heap Scan on sbtest2  (cost=21.97..3596.93 rows=930 width=121)
	        Recheck Cond: ((id >= 2242398) AND (id <= 2243397))
	        ->  Bitmap Index Scan on sbtest2_pkey  (cost=0.00..21.73 rows=930 width=0)
	              Index Cond: ((id >= 2242398) AND (id <= 2243397))

table 3 : explain SELECT count(c) FROM sbtest3 WHERE id BETWEEN 5504064 AND 5505063
	Aggregate  (cost=3550.20..3550.21 rows=1 width=8)
	  ->  Bitmap Heap Scan on sbtest3  (cost=21.83..3547.91 rows=917 width=121)
	        Recheck Cond: ((id >= 5504064) AND (id <= 5505063))
	        ->  Bitmap Index Scan on sbtest3_pkey  (cost=0.00..21.61 rows=917 width=0)
	              Index Cond: ((id >= 5504064) AND (id <= 5505063))

table 4 : explain SELECT count(c) FROM sbtest4 WHERE id BETWEEN 1276071 AND 1277070
	Aggregate  (cost=3853.25..3853.26 rows=1 width=8)
	  ->  Bitmap Heap Scan on sbtest4  (cost=22.65..3850.75 rows=997 width=121)
	        Recheck Cond: ((id >= 1276071) AND (id <= 1277070))
	        ->  Bitmap Index Scan on sbtest4_pkey  (cost=0.00..22.40 rows=997 width=0)
	              Index Cond: ((id >= 1276071) AND (id <= 1277070))

table 5 : explain SELECT count(c) FROM sbtest5 WHERE id BETWEEN 8215271 AND 8216270
	Aggregate  (cost=3947.49..3947.50 rows=1 width=8)
	  ->  Bitmap Heap Scan on sbtest5  (cost=22.91..3944.94 rows=1022 width=121)
	        Recheck Cond: ((id >= 8215271) AND (id <= 8216270))
	        ->  Bitmap Index Scan on sbtest5_pkey  (cost=0.00..22.65 rows=1022 width=0)
	              Index Cond: ((id >= 8215271) AND (id <= 8216270))

table 6 : explain SELECT count(c) FROM sbtest6 WHERE id BETWEEN 1665578 AND 1666577
	Aggregate  (cost=3898.58..3898.59 rows=1 width=8)
	  ->  Bitmap Heap Scan on sbtest6  (cost=22.78..3896.06 rows=1009 width=121)
	        Recheck Cond: ((id >= 1665578) AND (id <= 1666577))
	        ->  Bitmap Index Scan on sbtest6_pkey  (cost=0.00..22.52 rows=1009 width=0)
	              Index Cond: ((id >= 1665578) AND (id <= 1666577))

table 7 : explain SELECT count(c) FROM sbtest7 WHERE id BETWEEN 2960994 AND 2961993
	Aggregate  (cost=4046.56..4046.57 rows=1 width=8)
	  ->  Bitmap Heap Scan on sbtest7  (cost=23.18..4043.94 rows=1048 width=121)
	        Recheck Cond: ((id >= 2960994) AND (id <= 2961993))
	        ->  Bitmap Index Scan on sbtest7_pkey  (cost=0.00..22.91 rows=1048 width=0)
	              Index Cond: ((id >= 2960994) AND (id <= 2961993))

table 8 : explain SELECT count(c) FROM sbtest8 WHERE id BETWEEN 8578535 AND 8579534
	Aggregate  (cost=3650.43..3650.44 rows=1 width=8)
	  ->  Bitmap Heap Scan on sbtest8  (cost=22.10..3648.07 rows=943 width=121)
	        Recheck Cond: ((id >= 8578535) AND (id <= 8579534))
	        ->  Bitmap Index Scan on sbtest8_pkey  (cost=0.00..21.86 rows=943 width=0)
	              Index Cond: ((id >= 8578535) AND (id <= 8579534))

for: count_ranges
table 1 : explain SELECT count(c) FROM sbtest1 WHERE id BETWEEN 7047740 AND 7048739
	Aggregate  (cost=3560.42..3560.43 rows=1 width=8)
	  ->  Bitmap Heap Scan on sbtest1  (cost=21.87..3558.12 rows=920 width=121)
	        Recheck Cond: ((id >= 7047740) AND (id <= 7048739))
	        ->  Bitmap Index Scan on sbtest1_pkey  (cost=0.00..21.64 rows=920 width=0)
	              Index Cond: ((id >= 7047740) AND (id <= 7048739))

table 2 : explain SELECT count(c) FROM sbtest2 WHERE id BETWEEN 543578 AND 544577
	Aggregate  (cost=4025.27..4025.28 rows=1 width=8)
	  ->  Bitmap Heap Scan on sbtest2  (cost=23.13..4022.66 rows=1043 width=121)
	        Recheck Cond: ((id >= 543578) AND (id <= 544577))
	        ->  Bitmap Index Scan on sbtest2_pkey  (cost=0.00..22.86 rows=1043 width=0)
	              Index Cond: ((id >= 543578) AND (id <= 544577))

table 3 : explain SELECT count(c) FROM sbtest3 WHERE id BETWEEN 6888099 AND 6889098
	Aggregate  (cost=3855.89..3855.90 rows=1 width=8)
	  ->  Bitmap Heap Scan on sbtest3  (cost=22.66..3853.39 rows=998 width=121)
	        Recheck Cond: ((id >= 6888099) AND (id <= 6889098))
	        ->  Bitmap Index Scan on sbtest3_pkey  (cost=0.00..22.41 rows=998 width=0)
	              Index Cond: ((id >= 6888099) AND (id <= 6889098))

table 4 : explain SELECT count(c) FROM sbtest4 WHERE id BETWEEN 8450538 AND 8451537
	Aggregate  (cost=3928.63..3928.64 rows=1 width=8)
	  ->  Bitmap Heap Scan on sbtest4  (cost=22.86..3926.09 rows=1017 width=121)
	        Recheck Cond: ((id >= 8450538) AND (id <= 8451537))
	        ->  Bitmap Index Scan on sbtest4_pkey  (cost=0.00..22.61 rows=1017 width=0)
	              Index Cond: ((id >= 8450538) AND (id <= 8451537))

table 5 : explain SELECT count(c) FROM sbtest5 WHERE id BETWEEN 2381876 AND 2382875
	Aggregate  (cost=3702.35..3702.36 rows=1 width=8)
	  ->  Bitmap Heap Scan on sbtest5  (cost=22.24..3699.96 rows=957 width=121)
	        Recheck Cond: ((id >= 2381876) AND (id <= 2382875))
	        ->  Bitmap Index Scan on sbtest5_pkey  (cost=0.00..22.00 rows=957 width=0)
	              Index Cond: ((id >= 2381876) AND (id <= 2382875))

table 6 : explain SELECT count(c) FROM sbtest6 WHERE id BETWEEN 3819359 AND 3820358
	Aggregate  (cost=3898.58..3898.59 rows=1 width=8)
	  ->  Bitmap Heap Scan on sbtest6  (cost=22.78..3896.06 rows=1009 width=121)
	        Recheck Cond: ((id >= 3819359) AND (id <= 3820358))
	        ->  Bitmap Index Scan on sbtest6_pkey  (cost=0.00..22.52 rows=1009 width=0)
	              Index Cond: ((id >= 3819359) AND (id <= 3820358))

table 7 : explain SELECT count(c) FROM sbtest7 WHERE id BETWEEN 8769665 AND 8770664
	Aggregate  (cost=3385.60..3385.61 rows=1 width=8)
	  ->  Bitmap Heap Scan on sbtest7  (cost=21.38..3383.42 rows=873 width=121)
	        Recheck Cond: ((id >= 8769665) AND (id <= 8770664))
	        ->  Bitmap Index Scan on sbtest7_pkey  (cost=0.00..21.16 rows=873 width=0)
	              Index Cond: ((id >= 8769665) AND (id <= 8770664))

table 8 : explain SELECT count(c) FROM sbtest8 WHERE id BETWEEN 4114408 AND 4115407
	Aggregate  (cost=3820.36..3820.37 rows=1 width=8)
	  ->  Bitmap Heap Scan on sbtest8  (cost=22.56..3817.89 rows=988 width=121)
	        Recheck Cond: ((id >= 4114408) AND (id <= 4115407))
	        ->  Bitmap Index Scan on sbtest8_pkey  (cost=0.00..22.32 rows=988 width=0)
	              Index Cond: ((id >= 4114408) AND (id <= 4115407))

for: count_ranges
table 1 : explain SELECT count(c) FROM sbtest1 WHERE id BETWEEN 5000466 AND 5001465
	Aggregate  (cost=3360.04..3360.05 rows=1 width=8)
	  ->  Bitmap Heap Scan on sbtest1  (cost=21.32..3357.87 rows=867 width=121)
	        Recheck Cond: ((id >= 5000466) AND (id <= 5001465))
	        ->  Bitmap Index Scan on sbtest1_pkey  (cost=0.00..21.11 rows=867 width=0)
	              Index Cond: ((id >= 5000466) AND (id <= 5001465))

table 2 : explain SELECT count(c) FROM sbtest2 WHERE id BETWEEN 9710566 AND 9711565
	Aggregate  (cost=3565.25..3565.26 rows=1 width=8)
	  ->  Bitmap Heap Scan on sbtest2  (cost=21.88..3562.95 rows=921 width=121)
	        Recheck Cond: ((id >= 9710566) AND (id <= 9711565))
	        ->  Bitmap Index Scan on sbtest2_pkey  (cost=0.00..21.64 rows=921 width=0)
	              Index Cond: ((id >= 9710566) AND (id <= 9711565))

table 3 : explain SELECT count(c) FROM sbtest3 WHERE id BETWEEN 8084532 AND 8085531
	Aggregate  (cost=3803.11..3803.12 rows=1 width=8)
	  ->  Bitmap Heap Scan on sbtest3  (cost=22.52..3800.65 rows=984 width=121)
	        Recheck Cond: ((id >= 8084532) AND (id <= 8085531))
	        ->  Bitmap Index Scan on sbtest3_pkey  (cost=0.00..22.27 rows=984 width=0)
	              Index Cond: ((id >= 8084532) AND (id <= 8085531))

table 4 : explain SELECT count(c) FROM sbtest4 WHERE id BETWEEN 626116 AND 627115
	Aggregate  (cost=3732.53..3732.54 rows=1 width=8)
	  ->  Bitmap Heap Scan on sbtest4  (cost=22.33..3730.11 rows=965 width=121)
	        Recheck Cond: ((id >= 626116) AND (id <= 627115))
	        ->  Bitmap Index Scan on sbtest4_pkey  (cost=0.00..22.08 rows=965 width=0)
	              Index Cond: ((id >= 626116) AND (id <= 627115))

table 5 : explain SELECT count(c) FROM sbtest5 WHERE id BETWEEN 3824850 AND 3825849
	Aggregate  (cost=4045.40..4045.41 rows=1 width=8)
	  ->  Bitmap Heap Scan on sbtest5  (cost=23.18..4042.78 rows=1048 width=121)
	        Recheck Cond: ((id >= 3824850) AND (id <= 3825849))
	        ->  Bitmap Index Scan on sbtest5_pkey  (cost=0.00..22.91 rows=1048 width=0)
	              Index Cond: ((id >= 3824850) AND (id <= 3825849))

table 6 : explain SELECT count(c) FROM sbtest6 WHERE id BETWEEN 2036778 AND 2037777
	Aggregate  (cost=4308.93..4308.94 rows=1 width=8)
	  ->  Bitmap Heap Scan on sbtest6  (cost=27.89..4306.13 rows=1118 width=121)
	        Recheck Cond: ((id >= 2036778) AND (id <= 2037777))
	        ->  Bitmap Index Scan on sbtest6_pkey  (cost=0.00..27.61 rows=1118 width=0)
	              Index Cond: ((id >= 2036778) AND (id <= 2037777))

table 7 : explain SELECT count(c) FROM sbtest7 WHERE id BETWEEN 5273438 AND 5274437
	Aggregate  (cost=3835.48..3835.49 rows=1 width=8)
	  ->  Bitmap Heap Scan on sbtest7  (cost=22.60..3833.00 rows=992 width=121)
	        Recheck Cond: ((id >= 5273438) AND (id <= 5274437))
	        ->  Bitmap Index Scan on sbtest7_pkey  (cost=0.00..22.36 rows=992 width=0)
	              Index Cond: ((id >= 5273438) AND (id <= 5274437))

table 8 : explain SELECT count(c) FROM sbtest8 WHERE id BETWEEN 3747263 AND 3748262
	Aggregate  (cost=3835.45..3835.46 rows=1 width=8)
	  ->  Bitmap Heap Scan on sbtest8  (cost=22.60..3832.97 rows=992 width=121)
	        Recheck Cond: ((id >= 3747263) AND (id <= 3748262))
	        ->  Bitmap Index Scan on sbtest8_pkey  (cost=0.00..22.36 rows=992 width=0)
	              Index Cond: ((id >= 3747263) AND (id <= 3748262))

for: count_ranges
table 1 : explain SELECT count(c) FROM sbtest1 WHERE id BETWEEN 9846407 AND 9847406
	Aggregate  (cost=3873.46..3873.47 rows=1 width=8)
	  ->  Bitmap Heap Scan on sbtest1  (cost=22.72..3870.95 rows=1003 width=121)
	        Recheck Cond: ((id >= 9846407) AND (id <= 9847406))
	        ->  Bitmap Index Scan on sbtest1_pkey  (cost=0.00..22.46 rows=1003 width=0)
	              Index Cond: ((id >= 9846407) AND (id <= 9847406))

table 2 : explain SELECT count(c) FROM sbtest2 WHERE id BETWEEN 1396030 AND 1397029
	Aggregate  (cost=3855.82..3855.83 rows=1 width=8)
	  ->  Bitmap Heap Scan on sbtest2  (cost=22.66..3853.32 rows=998 width=121)
	        Recheck Cond: ((id >= 1396030) AND (id <= 1397029))
	        ->  Bitmap Index Scan on sbtest2_pkey  (cost=0.00..22.41 rows=998 width=0)
	              Index Cond: ((id >= 1396030) AND (id <= 1397029))

table 3 : explain SELECT count(c) FROM sbtest3 WHERE id BETWEEN 1257316 AND 1258315
	Aggregate  (cost=4172.00..4172.01 rows=1 width=8)
	  ->  Bitmap Heap Scan on sbtest3  (cost=23.53..4169.29 rows=1082 width=121)
	        Recheck Cond: ((id >= 1257316) AND (id <= 1258315))
	        ->  Bitmap Index Scan on sbtest3_pkey  (cost=0.00..23.25 rows=1082 width=0)
	              Index Cond: ((id >= 1257316) AND (id <= 1258315))

table 4 : explain SELECT count(c) FROM sbtest4 WHERE id BETWEEN 567010 AND 568009
	Aggregate  (cost=4022.79..4022.80 rows=1 width=8)
	  ->  Bitmap Heap Scan on sbtest4  (cost=23.12..4020.18 rows=1042 width=121)
	        Recheck Cond: ((id >= 567010) AND (id <= 568009))
	        ->  Bitmap Index Scan on sbtest4_pkey  (cost=0.00..22.86 rows=1042 width=0)
	              Index Cond: ((id >= 567010) AND (id <= 568009))

table 5 : explain SELECT count(c) FROM sbtest5 WHERE id BETWEEN 8139252 AND 8140251
	Aggregate  (cost=4026.58..4026.59 rows=1 width=8)
	  ->  Bitmap Heap Scan on sbtest5  (cost=23.13..4023.97 rows=1043 width=121)
	        Recheck Cond: ((id >= 8139252) AND (id <= 8140251))
	        ->  Bitmap Index Scan on sbtest5_pkey  (cost=0.00..22.86 rows=1043 width=0)
	              Index Cond: ((id >= 8139252) AND (id <= 8140251))

table 6 : explain SELECT count(c) FROM sbtest6 WHERE id BETWEEN 2985737 AND 2986736
	Aggregate  (cost=3505.89..3505.90 rows=1 width=8)
	  ->  Bitmap Heap Scan on sbtest6  (cost=21.71..3503.63 rows=905 width=121)
	        Recheck Cond: ((id >= 2985737) AND (id <= 2986736))
	        ->  Bitmap Index Scan on sbtest6_pkey  (cost=0.00..21.48 rows=905 width=0)
	              Index Cond: ((id >= 2985737) AND (id <= 2986736))

table 7 : explain SELECT count(c) FROM sbtest7 WHERE id BETWEEN 7558735 AND 7559734
	Aggregate  (cost=3756.23..3756.24 rows=1 width=8)
	  ->  Bitmap Heap Scan on sbtest7  (cost=22.39..3753.80 rows=971 width=121)
	        Recheck Cond: ((id >= 7558735) AND (id <= 7559734))
	        ->  Bitmap Index Scan on sbtest7_pkey  (cost=0.00..22.14 rows=971 width=0)
	              Index Cond: ((id >= 7558735) AND (id <= 7559734))

table 8 : explain SELECT count(c) FROM sbtest8 WHERE id BETWEEN 6363133 AND 6364132
	Aggregate  (cost=3952.34..3952.35 rows=1 width=8)
	  ->  Bitmap Heap Scan on sbtest8  (cost=22.92..3949.78 rows=1023 width=121)
	        Recheck Cond: ((id >= 6363133) AND (id <= 6364132))
	        ->  Bitmap Index Scan on sbtest8_pkey  (cost=0.00..22.66 rows=1023 width=0)
	              Index Cond: ((id >= 6363133) AND (id <= 6364132))

for: count_ranges
table 1 : explain SELECT count(c) FROM sbtest1 WHERE id BETWEEN 8134595 AND 8135594
	Aggregate  (cost=4193.11..4193.12 rows=1 width=8)
	  ->  Bitmap Heap Scan on sbtest1  (cost=23.59..4190.39 rows=1088 width=121)
	        Recheck Cond: ((id >= 8134595) AND (id <= 8135594))
	        ->  Bitmap Index Scan on sbtest1_pkey  (cost=0.00..23.32 rows=1088 width=0)
	              Index Cond: ((id >= 8134595) AND (id <= 8135594))

table 2 : explain SELECT count(c) FROM sbtest2 WHERE id BETWEEN 9518861 AND 9519860
	Aggregate  (cost=3572.81..3572.82 rows=1 width=8)
	  ->  Bitmap Heap Scan on sbtest2  (cost=21.90..3570.50 rows=923 width=121)
	        Recheck Cond: ((id >= 9518861) AND (id <= 9519860))
	        ->  Bitmap Index Scan on sbtest2_pkey  (cost=0.00..21.66 rows=923 width=0)
	              Index Cond: ((id >= 9518861) AND (id <= 9519860))

table 3 : explain SELECT count(c) FROM sbtest3 WHERE id BETWEEN 8147410 AND 8148409
	Aggregate  (cost=3806.89..3806.90 rows=1 width=8)
	  ->  Bitmap Heap Scan on sbtest3  (cost=22.53..3804.42 rows=985 width=121)
	        Recheck Cond: ((id >= 8147410) AND (id <= 8148409))
	        ->  Bitmap Index Scan on sbtest3_pkey  (cost=0.00..22.29 rows=985 width=0)
	              Index Cond: ((id >= 8147410) AND (id <= 8148409))

table 4 : explain SELECT count(c) FROM sbtest4 WHERE id BETWEEN 3032763 AND 3033762
	Aggregate  (cost=3913.56..3913.57 rows=1 width=8)
	  ->  Bitmap Heap Scan on sbtest4  (cost=22.82..3911.02 rows=1013 width=121)
	        Recheck Cond: ((id >= 3032763) AND (id <= 3033762))
	        ->  Bitmap Index Scan on sbtest4_pkey  (cost=0.00..22.57 rows=1013 width=0)
	              Index Cond: ((id >= 3032763) AND (id <= 3033762))

table 5 : explain SELECT count(c) FROM sbtest5 WHERE id BETWEEN 6058911 AND 6059910
	Aggregate  (cost=3898.51..3898.52 rows=1 width=8)
	  ->  Bitmap Heap Scan on sbtest5  (cost=22.78..3895.99 rows=1009 width=121)
	        Recheck Cond: ((id >= 6058911) AND (id <= 6059910))
	        ->  Bitmap Index Scan on sbtest5_pkey  (cost=0.00..22.52 rows=1009 width=0)
	              Index Cond: ((id >= 6058911) AND (id <= 6059910))

table 6 : explain SELECT count(c) FROM sbtest6 WHERE id BETWEEN 9699449 AND 9700448
	Aggregate  (cost=3770.36..3770.37 rows=1 width=8)
	  ->  Bitmap Heap Scan on sbtest6  (cost=22.43..3767.92 rows=975 width=121)
	        Recheck Cond: ((id >= 9699449) AND (id <= 9700448))
	        ->  Bitmap Index Scan on sbtest6_pkey  (cost=0.00..22.18 rows=975 width=0)
	              Index Cond: ((id >= 9699449) AND (id <= 9700448))

table 7 : explain SELECT count(c) FROM sbtest7 WHERE id BETWEEN 6470672 AND 6471671
	Aggregate  (cost=4084.21..4084.22 rows=1 width=8)
	  ->  Bitmap Heap Scan on sbtest7  (cost=23.28..4081.56 rows=1058 width=121)
	        Recheck Cond: ((id >= 6470672) AND (id <= 6471671))
	        ->  Bitmap Index Scan on sbtest7_pkey  (cost=0.00..23.01 rows=1058 width=0)
	              Index Cond: ((id >= 6470672) AND (id <= 6471671))

table 8 : explain SELECT count(c) FROM sbtest8 WHERE id BETWEEN 3621555 AND 3622554
	Aggregate  (cost=3710.88..3710.89 rows=1 width=8)
	  ->  Bitmap Heap Scan on sbtest8  (cost=22.26..3708.48 rows=959 width=121)
	        Recheck Cond: ((id >= 3621555) AND (id <= 3622554))
	        ->  Bitmap Index Scan on sbtest8_pkey  (cost=0.00..22.02 rows=959 width=0)
	              Index Cond: ((id >= 3621555) AND (id <= 3622554))

for: count_ranges
table 1 : explain SELECT count(c) FROM sbtest1 WHERE id BETWEEN 3630595 AND 3631594
	Aggregate  (cost=3820.72..3820.73 rows=1 width=8)
	  ->  Bitmap Heap Scan on sbtest1  (cost=22.57..3818.25 rows=989 width=121)
	        Recheck Cond: ((id >= 3630595) AND (id <= 3631594))
	        ->  Bitmap Index Scan on sbtest1_pkey  (cost=0.00..22.32 rows=989 width=0)
	              Index Cond: ((id >= 3630595) AND (id <= 3631594))

table 2 : explain SELECT count(c) FROM sbtest2 WHERE id BETWEEN 6426193 AND 6427192
	Aggregate  (cost=3708.75..3708.76 rows=1 width=8)
	  ->  Bitmap Heap Scan on sbtest2  (cost=22.26..3706.35 rows=959 width=121)
	        Recheck Cond: ((id >= 6426193) AND (id <= 6427192))
	        ->  Bitmap Index Scan on sbtest2_pkey  (cost=0.00..22.02 rows=959 width=0)
	              Index Cond: ((id >= 6426193) AND (id <= 6427192))

table 3 : explain SELECT count(c) FROM sbtest3 WHERE id BETWEEN 1312006 AND 1313005
	Aggregate  (cost=4055.44..4055.45 rows=1 width=8)
	  ->  Bitmap Heap Scan on sbtest3  (cost=23.21..4052.82 rows=1051 width=121)
	        Recheck Cond: ((id >= 1312006) AND (id <= 1313005))
	        ->  Bitmap Index Scan on sbtest3_pkey  (cost=0.00..22.94 rows=1051 width=0)
	              Index Cond: ((id >= 1312006) AND (id <= 1313005))

table 4 : explain SELECT count(c) FROM sbtest4 WHERE id BETWEEN 2055061 AND 2056060
	Aggregate  (cost=3981.37..3981.38 rows=1 width=8)
	  ->  Bitmap Heap Scan on sbtest4  (cost=23.00..3978.79 rows=1031 width=121)
	        Recheck Cond: ((id >= 2055061) AND (id <= 2056060))
	        ->  Bitmap Index Scan on sbtest4_pkey  (cost=0.00..22.75 rows=1031 width=0)
	              Index Cond: ((id >= 2055061) AND (id <= 2056060))

table 5 : explain SELECT count(c) FROM sbtest5 WHERE id BETWEEN 3730272 AND 3731271
	Aggregate  (cost=4011.52..4011.53 rows=1 width=8)
	  ->  Bitmap Heap Scan on sbtest5  (cost=23.08..4008.92 rows=1039 width=121)
	        Recheck Cond: ((id >= 3730272) AND (id <= 3731271))
	        ->  Bitmap Index Scan on sbtest5_pkey  (cost=0.00..22.82 rows=1039 width=0)
	              Index Cond: ((id >= 3730272) AND (id <= 3731271))

table 6 : explain SELECT count(c) FROM sbtest6 WHERE id BETWEEN 4058628 AND 4059627
	Aggregate  (cost=3698.64..3698.65 rows=1 width=8)
	  ->  Bitmap Heap Scan on sbtest6  (cost=22.23..3696.25 rows=956 width=121)
	        Recheck Cond: ((id >= 4058628) AND (id <= 4059627))
	        ->  Bitmap Index Scan on sbtest6_pkey  (cost=0.00..22.00 rows=956 width=0)
	              Index Cond: ((id >= 4058628) AND (id <= 4059627))

table 7 : explain SELECT count(c) FROM sbtest7 WHERE id BETWEEN 9449838 AND 9450837
	Aggregate  (cost=3786.43..3786.44 rows=1 width=8)
	  ->  Bitmap Heap Scan on sbtest7  (cost=22.47..3783.98 rows=979 width=121)
	        Recheck Cond: ((id >= 9449838) AND (id <= 9450837))
	        ->  Bitmap Index Scan on sbtest7_pkey  (cost=0.00..22.22 rows=979 width=0)
	              Index Cond: ((id >= 9449838) AND (id <= 9450837))

table 8 : explain SELECT count(c) FROM sbtest8 WHERE id BETWEEN 5296272 AND 5297271
	Aggregate  (cost=3850.54..3850.55 rows=1 width=8)
	  ->  Bitmap Heap Scan on sbtest8  (cost=22.64..3848.05 rows=996 width=121)
	        Recheck Cond: ((id >= 5296272) AND (id <= 5297271))
	        ->  Bitmap Index Scan on sbtest8_pkey  (cost=0.00..22.39 rows=996 width=0)
	              Index Cond: ((id >= 5296272) AND (id <= 5297271))

for: count_ranges
table 1 : explain SELECT count(c) FROM sbtest1 WHERE id BETWEEN 2258645 AND 2259644
	Aggregate  (cost=3737.80..3737.81 rows=1 width=8)
	  ->  Bitmap Heap Scan on sbtest1  (cost=22.35..3735.38 rows=967 width=121)
	        Recheck Cond: ((id >= 2258645) AND (id <= 2259644))
	        ->  Bitmap Index Scan on sbtest1_pkey  (cost=0.00..22.11 rows=967 width=0)
	              Index Cond: ((id >= 2258645) AND (id <= 2259644))

table 2 : explain SELECT count(c) FROM sbtest2 WHERE id BETWEEN 1215001 AND 1216000
	Aggregate  (cost=3754.02..3754.03 rows=1 width=8)
	  ->  Bitmap Heap Scan on sbtest2  (cost=22.39..3751.59 rows=971 width=121)
	        Recheck Cond: ((id >= 1215001) AND (id <= 1216000))
	        ->  Bitmap Index Scan on sbtest2_pkey  (cost=0.00..22.14 rows=971 width=0)
	              Index Cond: ((id >= 1215001) AND (id <= 1216000))

table 3 : explain SELECT count(c) FROM sbtest3 WHERE id BETWEEN 1158676 AND 1159675
	Aggregate  (cost=3806.89..3806.90 rows=1 width=8)
	  ->  Bitmap Heap Scan on sbtest3  (cost=22.53..3804.42 rows=985 width=121)
	        Recheck Cond: ((id >= 1158676) AND (id <= 1159675))
	        ->  Bitmap Index Scan on sbtest3_pkey  (cost=0.00..22.29 rows=985 width=0)
	              Index Cond: ((id >= 1158676) AND (id <= 1159675))

table 4 : explain SELECT count(c) FROM sbtest4 WHERE id BETWEEN 3732806 AND 3733805
	Aggregate  (cost=3649.45..3649.46 rows=1 width=8)
	  ->  Bitmap Heap Scan on sbtest4  (cost=22.10..3647.10 rows=943 width=121)
	        Recheck Cond: ((id >= 3732806) AND (id <= 3733805))
	        ->  Bitmap Index Scan on sbtest4_pkey  (cost=0.00..21.86 rows=943 width=0)
	              Index Cond: ((id >= 3732806) AND (id <= 3733805))

table 5 : explain SELECT count(c) FROM sbtest5 WHERE id BETWEEN 6075405 AND 6076404
	Aggregate  (cost=3898.51..3898.52 rows=1 width=8)
	  ->  Bitmap Heap Scan on sbtest5  (cost=22.78..3895.99 rows=1009 width=121)
	        Recheck Cond: ((id >= 6075405) AND (id <= 6076404))
	        ->  Bitmap Index Scan on sbtest5_pkey  (cost=0.00..22.52 rows=1009 width=0)
	              Index Cond: ((id >= 6075405) AND (id <= 6076404))

table 6 : explain SELECT count(c) FROM sbtest6 WHERE id BETWEEN 9150821 AND 9151820
	Aggregate  (cost=3777.90..3777.91 rows=1 width=8)
	  ->  Bitmap Heap Scan on sbtest6  (cost=22.45..3775.46 rows=977 width=121)
	        Recheck Cond: ((id >= 9150821) AND (id <= 9151820))
	        ->  Bitmap Index Scan on sbtest6_pkey  (cost=0.00..22.20 rows=977 width=0)
	              Index Cond: ((id >= 9150821) AND (id <= 9151820))

table 7 : explain SELECT count(c) FROM sbtest7 WHERE id BETWEEN 131698 AND 132697
	Aggregate  (cost=3971.22..3971.23 rows=1 width=8)
	  ->  Bitmap Heap Scan on sbtest7  (cost=22.97..3968.65 rows=1028 width=121)
	        Recheck Cond: ((id >= 131698) AND (id <= 132697))
	        ->  Bitmap Index Scan on sbtest7_pkey  (cost=0.00..22.71 rows=1028 width=0)
	              Index Cond: ((id >= 131698) AND (id <= 132697))

table 8 : explain SELECT count(c) FROM sbtest8 WHERE id BETWEEN 3295765 AND 3296764
	Aggregate  (cost=3918.42..3918.43 rows=1 width=8)
	  ->  Bitmap Heap Scan on sbtest8  (cost=22.83..3915.88 rows=1014 width=121)
	        Recheck Cond: ((id >= 3295765) AND (id <= 3296764))
	        ->  Bitmap Index Scan on sbtest8_pkey  (cost=0.00..22.57 rows=1014 width=0)
	              Index Cond: ((id >= 3295765) AND (id <= 3296764))

for: count_ranges
table 1 : explain SELECT count(c) FROM sbtest1 WHERE id BETWEEN 1391373 AND 1392372
	Aggregate  (cost=3767.96..3767.97 rows=1 width=8)
	  ->  Bitmap Heap Scan on sbtest1  (cost=22.43..3765.52 rows=975 width=121)
	        Recheck Cond: ((id >= 1391373) AND (id <= 1392372))
	        ->  Bitmap Index Scan on sbtest1_pkey  (cost=0.00..22.18 rows=975 width=0)
	              Index Cond: ((id >= 1391373) AND (id <= 1392372))

table 2 : explain SELECT count(c) FROM sbtest2 WHERE id BETWEEN 6940132 AND 6941131
	Aggregate  (cost=3610.59..3610.60 rows=1 width=8)
	  ->  Bitmap Heap Scan on sbtest2  (cost=22.00..3608.26 rows=933 width=121)
	        Recheck Cond: ((id >= 6940132) AND (id <= 6941131))
	        ->  Bitmap Index Scan on sbtest2_pkey  (cost=0.00..21.76 rows=933 width=0)
	              Index Cond: ((id >= 6940132) AND (id <= 6941131))

table 3 : explain SELECT count(c) FROM sbtest3 WHERE id BETWEEN 6293290 AND 6294289
	Aggregate  (cost=3814.43..3814.44 rows=1 width=8)
	  ->  Bitmap Heap Scan on sbtest3  (cost=22.55..3811.96 rows=987 width=121)
	        Recheck Cond: ((id >= 6293290) AND (id <= 6294289))
	        ->  Bitmap Index Scan on sbtest3_pkey  (cost=0.00..22.30 rows=987 width=0)
	              Index Cond: ((id >= 6293290) AND (id <= 6294289))

table 4 : explain SELECT count(c) FROM sbtest4 WHERE id BETWEEN 5342784 AND 5343783
	Aggregate  (cost=3713.65..3713.66 rows=1 width=8)
	  ->  Bitmap Heap Scan on sbtest4  (cost=22.27..3711.25 rows=960 width=121)
	        Recheck Cond: ((id >= 5342784) AND (id <= 5343783))
	        ->  Bitmap Index Scan on sbtest4_pkey  (cost=0.00..22.04 rows=960 width=0)
	              Index Cond: ((id >= 5342784) AND (id <= 5343783))

table 5 : explain SELECT count(c) FROM sbtest5 WHERE id BETWEEN 3345836 AND 3346835
	Aggregate  (cost=4007.75..4007.76 rows=1 width=8)
	  ->  Bitmap Heap Scan on sbtest5  (cost=23.07..4005.16 rows=1038 width=121)
	        Recheck Cond: ((id >= 3345836) AND (id <= 3346835))
	        ->  Bitmap Index Scan on sbtest5_pkey  (cost=0.00..22.82 rows=1038 width=0)
	              Index Cond: ((id >= 3345836) AND (id <= 3346835))

table 6 : explain SELECT count(c) FROM sbtest6 WHERE id BETWEEN 407365 AND 408364
	Aggregate  (cost=3452.92..3452.93 rows=1 width=8)
	  ->  Bitmap Heap Scan on sbtest6  (cost=21.57..3450.69 rows=891 width=121)
	        Recheck Cond: ((id >= 407365) AND (id <= 408364))
	        ->  Bitmap Index Scan on sbtest6_pkey  (cost=0.00..21.34 rows=891 width=0)
	              Index Cond: ((id >= 407365) AND (id <= 408364))

table 7 : explain SELECT count(c) FROM sbtest7 WHERE id BETWEEN 9418163 AND 9419162
	Aggregate  (cost=3786.43..3786.44 rows=1 width=8)
	  ->  Bitmap Heap Scan on sbtest7  (cost=22.47..3783.98 rows=979 width=121)
	        Recheck Cond: ((id >= 9418163) AND (id <= 9419162))
	        ->  Bitmap Index Scan on sbtest7_pkey  (cost=0.00..22.22 rows=979 width=0)
	              Index Cond: ((id >= 9418163) AND (id <= 9419162))

table 8 : explain SELECT count(c) FROM sbtest8 WHERE id BETWEEN 8004527 AND 8005526
	Aggregate  (cost=4054.28..4054.29 rows=1 width=8)
	  ->  Bitmap Heap Scan on sbtest8  (cost=27.19..4051.66 rows=1049 width=121)
	        Recheck Cond: ((id >= 8004527) AND (id <= 8005526))
	        ->  Bitmap Index Scan on sbtest8_pkey  (cost=0.00..26.93 rows=1049 width=0)
	              Index Cond: ((id >= 8004527) AND (id <= 8005526))

for: count_ranges
table 1 : explain SELECT count(c) FROM sbtest1 WHERE id BETWEEN 9285122 AND 9286121
	Aggregate  (cost=3858.40..3858.41 rows=1 width=8)
	  ->  Bitmap Heap Scan on sbtest1  (cost=22.67..3855.90 rows=999 width=121)
	        Recheck Cond: ((id >= 9285122) AND (id <= 9286121))
	        ->  Bitmap Index Scan on sbtest1_pkey  (cost=0.00..22.43 rows=999 width=0)
	              Index Cond: ((id >= 9285122) AND (id <= 9286121))

table 2 : explain SELECT count(c) FROM sbtest2 WHERE id BETWEEN 6585930 AND 6586929
	Aggregate  (cost=3840.74..3840.75 rows=1 width=8)
	  ->  Bitmap Heap Scan on sbtest2  (cost=22.62..3838.26 rows=994 width=121)
	        Recheck Cond: ((id >= 6585930) AND (id <= 6586929))
	        ->  Bitmap Index Scan on sbtest2_pkey  (cost=0.00..22.37 rows=994 width=0)
	              Index Cond: ((id >= 6585930) AND (id <= 6586929))

table 3 : explain SELECT count(c) FROM sbtest3 WHERE id BETWEEN 2894468 AND 2895467
	Aggregate  (cost=4044.16..4044.17 rows=1 width=8)
	  ->  Bitmap Heap Scan on sbtest3  (cost=23.18..4041.54 rows=1048 width=121)
	        Recheck Cond: ((id >= 2894468) AND (id <= 2895467))
	        ->  Bitmap Index Scan on sbtest3_pkey  (cost=0.00..22.91 rows=1048 width=0)
	              Index Cond: ((id >= 2894468) AND (id <= 2895467))

table 4 : explain SELECT count(c) FROM sbtest4 WHERE id BETWEEN 8062324 AND 8063323
	Aggregate  (cost=3691.00..3691.01 rows=1 width=8)
	  ->  Bitmap Heap Scan on sbtest4  (cost=22.21..3688.61 rows=954 width=121)
	        Recheck Cond: ((id >= 8062324) AND (id <= 8063323))
	        ->  Bitmap Index Scan on sbtest4_pkey  (cost=0.00..21.97 rows=954 width=0)
	              Index Cond: ((id >= 8062324) AND (id <= 8063323))

table 5 : explain SELECT count(c) FROM sbtest5 WHERE id BETWEEN 576470 AND 577469
	Aggregate  (cost=4034.11..4034.12 rows=1 width=8)
	  ->  Bitmap Heap Scan on sbtest5  (cost=23.15..4031.49 rows=1045 width=121)
	        Recheck Cond: ((id >= 576470) AND (id <= 577469))
	        ->  Bitmap Index Scan on sbtest5_pkey  (cost=0.00..22.89 rows=1045 width=0)
	              Index Cond: ((id >= 576470) AND (id <= 577469))

table 6 : explain SELECT count(c) FROM sbtest6 WHERE id BETWEEN 3178145 AND 3179144
	Aggregate  (cost=4011.59..4011.60 rows=1 width=8)
	  ->  Bitmap Heap Scan on sbtest6  (cost=23.08..4009.00 rows=1039 width=121)
	        Recheck Cond: ((id >= 3178145) AND (id <= 3179144))
	        ->  Bitmap Index Scan on sbtest6_pkey  (cost=0.00..22.82 rows=1039 width=0)
	              Index Cond: ((id >= 3178145) AND (id <= 3179144))

table 7 : explain SELECT count(c) FROM sbtest7 WHERE id BETWEEN 9181475 AND 9182474
	Aggregate  (cost=3673.14..3673.15 rows=1 width=8)
	  ->  Bitmap Heap Scan on sbtest7  (cost=22.16..3670.76 rows=949 width=121)
	        Recheck Cond: ((id >= 9181475) AND (id <= 9182474))
	        ->  Bitmap Index Scan on sbtest7_pkey  (cost=0.00..21.93 rows=949 width=0)
	              Index Cond: ((id >= 9181475) AND (id <= 9182474))

table 8 : explain SELECT count(c) FROM sbtest8 WHERE id BETWEEN 6989286 AND 6990285
	Aggregate  (cost=4054.28..4054.29 rows=1 width=8)
	  ->  Bitmap Heap Scan on sbtest8  (cost=27.19..4051.66 rows=1049 width=121)
	        Recheck Cond: ((id >= 6989286) AND (id <= 6990285))
	        ->  Bitmap Index Scan on sbtest8_pkey  (cost=0.00..26.93 rows=1049 width=0)
	              Index Cond: ((id >= 6989286) AND (id <= 6990285))

for: count_ranges
table 1 : explain SELECT count(c) FROM sbtest1 WHERE id BETWEEN 3471972 AND 3472971
	Aggregate  (cost=3605.74..3605.75 rows=1 width=8)
	  ->  Bitmap Heap Scan on sbtest1  (cost=21.99..3603.41 rows=932 width=121)
	        Recheck Cond: ((id >= 3471972) AND (id <= 3472971))
	        ->  Bitmap Index Scan on sbtest1_pkey  (cost=0.00..21.75 rows=932 width=0)
	              Index Cond: ((id >= 3471972) AND (id <= 3472971))

table 2 : explain SELECT count(c) FROM sbtest2 WHERE id BETWEEN 5610461 AND 5611460
	Aggregate  (cost=4416.20..4416.21 rows=1 width=8)
	  ->  Bitmap Heap Scan on sbtest2  (cost=28.19..4413.33 rows=1147 width=121)
	        Recheck Cond: ((id >= 5610461) AND (id <= 5611460))
	        ->  Bitmap Index Scan on sbtest2_pkey  (cost=0.00..27.90 rows=1147 width=0)
	              Index Cond: ((id >= 5610461) AND (id <= 5611460))

table 3 : explain SELECT count(c) FROM sbtest3 WHERE id BETWEEN 4798580 AND 4799579
	Aggregate  (cost=3754.09..3754.10 rows=1 width=8)
	  ->  Bitmap Heap Scan on sbtest3  (cost=22.39..3751.66 rows=971 width=121)
	        Recheck Cond: ((id >= 4798580) AND (id <= 4799579))
	        ->  Bitmap Index Scan on sbtest3_pkey  (cost=0.00..22.14 rows=971 width=0)
	              Index Cond: ((id >= 4798580) AND (id <= 4799579))

table 4 : explain SELECT count(c) FROM sbtest4 WHERE id BETWEEN 8813981 AND 8814980
	Aggregate  (cost=3653.23..3653.24 rows=1 width=8)
	  ->  Bitmap Heap Scan on sbtest4  (cost=22.11..3650.87 rows=944 width=121)
	        Recheck Cond: ((id >= 8813981) AND (id <= 8814980))
	        ->  Bitmap Index Scan on sbtest4_pkey  (cost=0.00..21.87 rows=944 width=0)
	              Index Cond: ((id >= 8813981) AND (id <= 8814980))

table 5 : explain SELECT count(c) FROM sbtest5 WHERE id BETWEEN 5105750 AND 5106749
	Aggregate  (cost=4064.22..4064.23 rows=1 width=8)
	  ->  Bitmap Heap Scan on sbtest5  (cost=23.23..4061.58 rows=1053 width=121)
	        Recheck Cond: ((id >= 5105750) AND (id <= 5106749))
	        ->  Bitmap Index Scan on sbtest5_pkey  (cost=0.00..22.96 rows=1053 width=0)
	              Index Cond: ((id >= 5105750) AND (id <= 5106749))

table 6 : explain SELECT count(c) FROM sbtest6 WHERE id BETWEEN 4636239 AND 4637238
	Aggregate  (cost=3804.31..3804.32 rows=1 width=8)
	  ->  Bitmap Heap Scan on sbtest6  (cost=22.52..3801.85 rows=984 width=121)
	        Recheck Cond: ((id >= 4636239) AND (id <= 4637238))
	        ->  Bitmap Index Scan on sbtest6_pkey  (cost=0.00..22.27 rows=984 width=0)
	              Index Cond: ((id >= 4636239) AND (id <= 4637238))

table 7 : explain SELECT count(c) FROM sbtest7 WHERE id BETWEEN 5754906 AND 5755905
	Aggregate  (cost=3843.03..3843.04 rows=1 width=8)
	  ->  Bitmap Heap Scan on sbtest7  (cost=22.62..3840.54 rows=994 width=121)
	        Recheck Cond: ((id >= 5754906) AND (id <= 5755905))
	        ->  Bitmap Index Scan on sbtest7_pkey  (cost=0.00..22.37 rows=994 width=0)
	              Index Cond: ((id >= 5754906) AND (id <= 5755905))

table 8 : explain SELECT count(c) FROM sbtest8 WHERE id BETWEEN 7219365 AND 7220364
	Aggregate  (cost=4223.60..4223.61 rows=1 width=8)
	  ->  Bitmap Heap Scan on sbtest8  (cost=27.65..4220.87 rows=1094 width=121)
	        Recheck Cond: ((id >= 7219365) AND (id <= 7220364))
	        ->  Bitmap Index Scan on sbtest8_pkey  (cost=0.00..27.37 rows=1094 width=0)
	              Index Cond: ((id >= 7219365) AND (id <= 7220364))

for: count_ranges
table 1 : explain SELECT count(c) FROM sbtest1 WHERE id BETWEEN 5690328 AND 5691327
	Aggregate  (cost=3978.86..3978.87 rows=1 width=8)
	  ->  Bitmap Heap Scan on sbtest1  (cost=23.00..3976.28 rows=1031 width=121)
	        Recheck Cond: ((id >= 5690328) AND (id <= 5691327))
	        ->  Bitmap Index Scan on sbtest1_pkey  (cost=0.00..22.75 rows=1031 width=0)
	              Index Cond: ((id >= 5690328) AND (id <= 5691327))

table 2 : explain SELECT count(c) FROM sbtest2 WHERE id BETWEEN 7056952 AND 7057951
	Aggregate  (cost=3402.64..3402.65 rows=1 width=8)
	  ->  Bitmap Heap Scan on sbtest2  (cost=21.43..3400.45 rows=878 width=121)
	        Recheck Cond: ((id >= 7056952) AND (id <= 7057951))
	        ->  Bitmap Index Scan on sbtest2_pkey  (cost=0.00..21.21 rows=878 width=0)
	              Index Cond: ((id >= 7056952) AND (id <= 7057951))

table 3 : explain SELECT count(c) FROM sbtest3 WHERE id BETWEEN 7678302 AND 7679301
	Aggregate  (cost=4138.17..4138.18 rows=1 width=8)
	  ->  Bitmap Heap Scan on sbtest3  (cost=23.43..4135.49 rows=1073 width=121)
	        Recheck Cond: ((id >= 7678302) AND (id <= 7679301))
	        ->  Bitmap Index Scan on sbtest3_pkey  (cost=0.00..23.16 rows=1073 width=0)
	              Index Cond: ((id >= 7678302) AND (id <= 7679301))

table 4 : explain SELECT count(c) FROM sbtest4 WHERE id BETWEEN 3082310 AND 3083309
	Aggregate  (cost=3913.56..3913.57 rows=1 width=8)
	  ->  Bitmap Heap Scan on sbtest4  (cost=22.82..3911.02 rows=1013 width=121)
	        Recheck Cond: ((id >= 3082310) AND (id <= 3083309))
	        ->  Bitmap Index Scan on sbtest4_pkey  (cost=0.00..22.57 rows=1013 width=0)
	              Index Cond: ((id >= 3082310) AND (id <= 3083309))

table 5 : explain SELECT count(c) FROM sbtest5 WHERE id BETWEEN 9550343 AND 9551342
	Aggregate  (cost=3581.46..3581.47 rows=1 width=8)
	  ->  Bitmap Heap Scan on sbtest5  (cost=21.92..3579.15 rows=925 width=121)
	        Recheck Cond: ((id >= 9550343) AND (id <= 9551342))
	        ->  Bitmap Index Scan on sbtest5_pkey  (cost=0.00..21.68 rows=925 width=0)
	              Index Cond: ((id >= 9550343) AND (id <= 9551342))

table 6 : explain SELECT count(c) FROM sbtest6 WHERE id BETWEEN 8890175 AND 8891174
	Aggregate  (cost=4184.66..4184.67 rows=1 width=8)
	  ->  Bitmap Heap Scan on sbtest6  (cost=23.56..4181.95 rows=1085 width=121)
	        Recheck Cond: ((id >= 8890175) AND (id <= 8891174))
	        ->  Bitmap Index Scan on sbtest6_pkey  (cost=0.00..23.29 rows=1085 width=0)
	              Index Cond: ((id >= 8890175) AND (id <= 8891174))

table 7 : explain SELECT count(c) FROM sbtest7 WHERE id BETWEEN 3661215 AND 3662214
	Aggregate  (cost=3778.88..3778.89 rows=1 width=8)
	  ->  Bitmap Heap Scan on sbtest7  (cost=22.45..3776.44 rows=977 width=121)
	        Recheck Cond: ((id >= 3661215) AND (id <= 3662214))
	        ->  Bitmap Index Scan on sbtest7_pkey  (cost=0.00..22.20 rows=977 width=0)
	              Index Cond: ((id >= 3661215) AND (id <= 3662214))

table 8 : explain SELECT count(c) FROM sbtest8 WHERE id BETWEEN 1408622 AND 1409621
	Aggregate  (cost=3431.02..3431.03 rows=1 width=8)
	  ->  Bitmap Heap Scan on sbtest8  (cost=21.51..3428.81 rows=885 width=121)
	        Recheck Cond: ((id >= 1408622) AND (id <= 1409621))
	        ->  Bitmap Index Scan on sbtest8_pkey  (cost=0.00..21.29 rows=885 width=0)
	              Index Cond: ((id >= 1408622) AND (id <= 1409621))

for: count_ranges
table 1 : explain SELECT count(c) FROM sbtest1 WHERE id BETWEEN 1396625 AND 1397624
	Aggregate  (cost=3779.27..3779.28 rows=1 width=8)
	  ->  Bitmap Heap Scan on sbtest1  (cost=22.46..3776.82 rows=978 width=121)
	        Recheck Cond: ((id >= 1396625) AND (id <= 1397624))
	        ->  Bitmap Index Scan on sbtest1_pkey  (cost=0.00..22.21 rows=978 width=0)
	              Index Cond: ((id >= 1396625) AND (id <= 1397624))

table 2 : explain SELECT count(c) FROM sbtest2 WHERE id BETWEEN 7818902 AND 7819901
	Aggregate  (cost=4010.22..4010.23 rows=1 width=8)
	  ->  Bitmap Heap Scan on sbtest2  (cost=23.08..4007.62 rows=1039 width=121)
	        Recheck Cond: ((id >= 7818902) AND (id <= 7819901))
	        ->  Bitmap Index Scan on sbtest2_pkey  (cost=0.00..22.82 rows=1039 width=0)
	              Index Cond: ((id >= 7818902) AND (id <= 7819901))

table 3 : explain SELECT count(c) FROM sbtest3 WHERE id BETWEEN 4927590 AND 4928589
	Aggregate  (cost=4047.92..4047.93 rows=1 width=8)
	  ->  Bitmap Heap Scan on sbtest3  (cost=23.19..4045.30 rows=1049 width=121)
	        Recheck Cond: ((id >= 4927590) AND (id <= 4928589))
	        ->  Bitmap Index Scan on sbtest3_pkey  (cost=0.00..22.93 rows=1049 width=0)
	              Index Cond: ((id >= 4927590) AND (id <= 4928589))

table 4 : explain SELECT count(c) FROM sbtest4 WHERE id BETWEEN 7109249 AND 7110248
	Aggregate  (cost=3902.25..3902.26 rows=1 width=8)
	  ->  Bitmap Heap Scan on sbtest4  (cost=22.79..3899.73 rows=1010 width=121)
	        Recheck Cond: ((id >= 7109249) AND (id <= 7110248))
	        ->  Bitmap Index Scan on sbtest4_pkey  (cost=0.00..22.54 rows=1010 width=0)
	              Index Cond: ((id >= 7109249) AND (id <= 7110248))

table 5 : explain SELECT count(c) FROM sbtest5 WHERE id BETWEEN 3351778 AND 3352777
	Aggregate  (cost=4007.75..4007.76 rows=1 width=8)
	  ->  Bitmap Heap Scan on sbtest5  (cost=23.07..4005.16 rows=1038 width=121)
	        Recheck Cond: ((id >= 3351778) AND (id <= 3352777))
	        ->  Bitmap Index Scan on sbtest5_pkey  (cost=0.00..22.82 rows=1038 width=0)
	              Index Cond: ((id >= 3351778) AND (id <= 3352777))

table 6 : explain SELECT count(c) FROM sbtest6 WHERE id BETWEEN 5010737 AND 5011736
	Aggregate  (cost=3528.59..3528.60 rows=1 width=8)
	  ->  Bitmap Heap Scan on sbtest6  (cost=21.77..3526.31 rows=911 width=121)
	        Recheck Cond: ((id >= 5010737) AND (id <= 5011736))
	        ->  Bitmap Index Scan on sbtest6_pkey  (cost=0.00..21.54 rows=911 width=0)
	              Index Cond: ((id >= 5010737) AND (id <= 5011736))

table 7 : explain SELECT count(c) FROM sbtest7 WHERE id BETWEEN 4386039 AND 4387038
	Aggregate  (cost=3967.45..3967.46 rows=1 width=8)
	  ->  Bitmap Heap Scan on sbtest7  (cost=22.96..3964.88 rows=1027 width=121)
	        Recheck Cond: ((id >= 4386039) AND (id <= 4387038))
	        ->  Bitmap Index Scan on sbtest7_pkey  (cost=0.00..22.70 rows=1027 width=0)
	              Index Cond: ((id >= 4386039) AND (id <= 4387038))

table 8 : explain SELECT count(c) FROM sbtest8 WHERE id BETWEEN 584103 AND 585102
	Aggregate  (cost=3688.21..3688.22 rows=1 width=8)
	  ->  Bitmap Heap Scan on sbtest8  (cost=22.20..3685.83 rows=953 width=121)
	        Recheck Cond: ((id >= 584103) AND (id <= 585102))
	        ->  Bitmap Index Scan on sbtest8_pkey  (cost=0.00..21.96 rows=953 width=0)
	              Index Cond: ((id >= 584103) AND (id <= 585102))

for: count_ranges
table 1 : explain SELECT count(c) FROM sbtest1 WHERE id BETWEEN 403033 AND 404032
	Aggregate  (cost=3526.42..3526.43 rows=1 width=8)
	  ->  Bitmap Heap Scan on sbtest1  (cost=21.77..3524.15 rows=911 width=121)
	        Recheck Cond: ((id >= 403033) AND (id <= 404032))
	        ->  Bitmap Index Scan on sbtest1_pkey  (cost=0.00..21.54 rows=911 width=0)
	              Index Cond: ((id >= 403033) AND (id <= 404032))

table 2 : explain SELECT count(c) FROM sbtest2 WHERE id BETWEEN 6396001 AND 6397000
	Aggregate  (cost=3708.75..3708.76 rows=1 width=8)
	  ->  Bitmap Heap Scan on sbtest2  (cost=22.26..3706.35 rows=959 width=121)
	        Recheck Cond: ((id >= 6396001) AND (id <= 6397000))
	        ->  Bitmap Index Scan on sbtest2_pkey  (cost=0.00..22.02 rows=959 width=0)
	              Index Cond: ((id >= 6396001) AND (id <= 6397000))

table 3 : explain SELECT count(c) FROM sbtest3 WHERE id BETWEEN 693155 AND 694154
	Aggregate  (cost=4036.63..4036.64 rows=1 width=8)
	  ->  Bitmap Heap Scan on sbtest3  (cost=23.16..4034.02 rows=1046 width=121)
	        Recheck Cond: ((id >= 693155) AND (id <= 694154))
	        ->  Bitmap Index Scan on sbtest3_pkey  (cost=0.00..22.89 rows=1046 width=0)
	              Index Cond: ((id >= 693155) AND (id <= 694154))

table 4 : explain SELECT count(c) FROM sbtest4 WHERE id BETWEEN 3412142 AND 3413141
	Aggregate  (cost=3985.13..3985.14 rows=1 width=8)
	  ->  Bitmap Heap Scan on sbtest4  (cost=23.01..3982.55 rows=1032 width=121)
	        Recheck Cond: ((id >= 3412142) AND (id <= 3413141))
	        ->  Bitmap Index Scan on sbtest4_pkey  (cost=0.00..22.75 rows=1032 width=0)
	              Index Cond: ((id >= 3412142) AND (id <= 3413141))

table 5 : explain SELECT count(c) FROM sbtest5 WHERE id BETWEEN 4089576 AND 4090575
	Aggregate  (cost=3834.42..3834.43 rows=1 width=8)
	  ->  Bitmap Heap Scan on sbtest5  (cost=22.60..3831.94 rows=992 width=121)
	        Recheck Cond: ((id >= 4089576) AND (id <= 4090575))
	        ->  Bitmap Index Scan on sbtest5_pkey  (cost=0.00..22.36 rows=992 width=0)
	              Index Cond: ((id >= 4089576) AND (id <= 4090575))

table 6 : explain SELECT count(c) FROM sbtest6 WHERE id BETWEEN 557481 AND 558480
	Aggregate  (cost=3717.52..3717.53 rows=1 width=8)
	  ->  Bitmap Heap Scan on sbtest6  (cost=22.29..3715.11 rows=961 width=121)
	        Recheck Cond: ((id >= 557481) AND (id <= 558480))
	        ->  Bitmap Index Scan on sbtest6_pkey  (cost=0.00..22.04 rows=961 width=0)
	              Index Cond: ((id >= 557481) AND (id <= 558480))

table 7 : explain SELECT count(c) FROM sbtest7 WHERE id BETWEEN 6787497 AND 6788496
	Aggregate  (cost=4400.25..4400.26 rows=1 width=8)
	  ->  Bitmap Heap Scan on sbtest7  (cost=28.14..4397.40 rows=1142 width=121)
	        Recheck Cond: ((id >= 6787497) AND (id <= 6788496))
	        ->  Bitmap Index Scan on sbtest7_pkey  (cost=0.00..27.86 rows=1142 width=0)
	              Index Cond: ((id >= 6787497) AND (id <= 6788496))

table 8 : explain SELECT count(c) FROM sbtest8 WHERE id BETWEEN 5833952 AND 5834951
	Aggregate  (cost=3642.87..3642.88 rows=1 width=8)
	  ->  Bitmap Heap Scan on sbtest8  (cost=22.08..3640.52 rows=941 width=121)
	        Recheck Cond: ((id >= 5833952) AND (id <= 5834951))
	        ->  Bitmap Index Scan on sbtest8_pkey  (cost=0.00..21.84 rows=941 width=0)
	              Index Cond: ((id >= 5833952) AND (id <= 5834951))

for: count_ranges
table 1 : explain SELECT count(c) FROM sbtest1 WHERE id BETWEEN 8123225 AND 8124224
	Aggregate  (cost=4193.11..4193.12 rows=1 width=8)
	  ->  Bitmap Heap Scan on sbtest1  (cost=23.59..4190.39 rows=1088 width=121)
	        Recheck Cond: ((id >= 8123225) AND (id <= 8124224))
	        ->  Bitmap Index Scan on sbtest1_pkey  (cost=0.00..23.32 rows=1088 width=0)
	              Index Cond: ((id >= 8123225) AND (id <= 8124224))

table 2 : explain SELECT count(c) FROM sbtest2 WHERE id BETWEEN 9499837 AND 9500836
	Aggregate  (cost=3572.81..3572.82 rows=1 width=8)
	  ->  Bitmap Heap Scan on sbtest2  (cost=21.90..3570.50 rows=923 width=121)
	        Recheck Cond: ((id >= 9499837) AND (id <= 9500836))
	        ->  Bitmap Index Scan on sbtest2_pkey  (cost=0.00..21.66 rows=923 width=0)
	              Index Cond: ((id >= 9499837) AND (id <= 9500836))

table 3 : explain SELECT count(c) FROM sbtest3 WHERE id BETWEEN 6939829 AND 6940828
	Aggregate  (cost=3735.23..3735.24 rows=1 width=8)
	  ->  Bitmap Heap Scan on sbtest3  (cost=22.34..3732.81 rows=966 width=121)
	        Recheck Cond: ((id >= 6939829) AND (id <= 6940828))
	        ->  Bitmap Index Scan on sbtest3_pkey  (cost=0.00..22.09 rows=966 width=0)
	              Index Cond: ((id >= 6939829) AND (id <= 6940828))

table 4 : explain SELECT count(c) FROM sbtest4 WHERE id BETWEEN 5991547 AND 5992546
	Aggregate  (cost=4214.62..4214.63 rows=1 width=8)
	  ->  Bitmap Heap Scan on sbtest4  (cost=23.64..4211.89 rows=1093 width=121)
	        Recheck Cond: ((id >= 5991547) AND (id <= 5992546))
	        ->  Bitmap Index Scan on sbtest4_pkey  (cost=0.00..23.36 rows=1093 width=0)
	              Index Cond: ((id >= 5991547) AND (id <= 5992546))

table 5 : explain SELECT count(c) FROM sbtest5 WHERE id BETWEEN 3751974 AND 3752973
	Aggregate  (cost=4011.52..4011.53 rows=1 width=8)
	  ->  Bitmap Heap Scan on sbtest5  (cost=23.08..4008.92 rows=1039 width=121)
	        Recheck Cond: ((id >= 3751974) AND (id <= 3752973))
	        ->  Bitmap Index Scan on sbtest5_pkey  (cost=0.00..22.82 rows=1039 width=0)
	              Index Cond: ((id >= 3751974) AND (id <= 3752973))

table 6 : explain SELECT count(c) FROM sbtest6 WHERE id BETWEEN 7103962 AND 7104961
	Aggregate  (cost=3403.71..3403.72 rows=1 width=8)
	  ->  Bitmap Heap Scan on sbtest6  (cost=21.43..3401.51 rows=878 width=121)
	        Recheck Cond: ((id >= 7103962) AND (id <= 7104961))
	        ->  Bitmap Index Scan on sbtest6_pkey  (cost=0.00..21.21 rows=878 width=0)
	              Index Cond: ((id >= 7103962) AND (id <= 7104961))

table 7 : explain SELECT count(c) FROM sbtest7 WHERE id BETWEEN 9692201 AND 9693200
	Aggregate  (cost=4050.32..4050.33 rows=1 width=8)
	  ->  Bitmap Heap Scan on sbtest7  (cost=23.19..4047.70 rows=1049 width=121)
	        Recheck Cond: ((id >= 9692201) AND (id <= 9693200))
	        ->  Bitmap Index Scan on sbtest7_pkey  (cost=0.00..22.93 rows=1049 width=0)
	              Index Cond: ((id >= 9692201) AND (id <= 9693200))

table 8 : explain SELECT count(c) FROM sbtest8 WHERE id BETWEEN 8325345 AND 8326344
	Aggregate  (cost=3639.09..3639.10 rows=1 width=8)
	  ->  Bitmap Heap Scan on sbtest8  (cost=22.07..3636.74 rows=940 width=121)
	        Recheck Cond: ((id >= 8325345) AND (id <= 8326344))
	        ->  Bitmap Index Scan on sbtest8_pkey  (cost=0.00..21.83 rows=940 width=0)
	              Index Cond: ((id >= 8325345) AND (id <= 8326344))

for: count_ranges
table 1 : explain SELECT count(c) FROM sbtest1 WHERE id BETWEEN 3312351 AND 3313350
	Aggregate  (cost=3835.80..3835.81 rows=1 width=8)
	  ->  Bitmap Heap Scan on sbtest1  (cost=22.61..3833.31 rows=993 width=121)
	        Recheck Cond: ((id >= 3312351) AND (id <= 3313350))
	        ->  Bitmap Index Scan on sbtest1_pkey  (cost=0.00..22.36 rows=993 width=0)
	              Index Cond: ((id >= 3312351) AND (id <= 3313350))

table 2 : explain SELECT count(c) FROM sbtest2 WHERE id BETWEEN 2145228 AND 2146227
	Aggregate  (cost=3844.51..3844.52 rows=1 width=8)
	  ->  Bitmap Heap Scan on sbtest2  (cost=22.63..3842.03 rows=995 width=121)
	        Recheck Cond: ((id >= 2145228) AND (id <= 2146227))
	        ->  Bitmap Index Scan on sbtest2_pkey  (cost=0.00..22.39 rows=995 width=0)
	              Index Cond: ((id >= 2145228) AND (id <= 2146227))

table 3 : explain SELECT count(c) FROM sbtest3 WHERE id BETWEEN 3241485 AND 3242484
	Aggregate  (cost=4070.49..4070.50 rows=1 width=8)
	  ->  Bitmap Heap Scan on sbtest3  (cost=23.25..4067.85 rows=1055 width=121)
	        Recheck Cond: ((id >= 3241485) AND (id <= 3242484))
	        ->  Bitmap Index Scan on sbtest3_pkey  (cost=0.00..22.98 rows=1055 width=0)
	              Index Cond: ((id >= 3241485) AND (id <= 3242484))

table 4 : explain SELECT count(c) FROM sbtest4 WHERE id BETWEEN 5789811 AND 5790810
	Aggregate  (cost=3604.11..3604.12 rows=1 width=8)
	  ->  Bitmap Heap Scan on sbtest4  (cost=21.98..3601.79 rows=931 width=121)
	        Recheck Cond: ((id >= 5789811) AND (id <= 5790810))
	        ->  Bitmap Index Scan on sbtest4_pkey  (cost=0.00..21.75 rows=931 width=0)
	              Index Cond: ((id >= 5789811) AND (id <= 5790810))

table 5 : explain SELECT count(c) FROM sbtest5 WHERE id BETWEEN 4017389 AND 4018388
	Aggregate  (cost=3932.42..3932.43 rows=1 width=8)
	  ->  Bitmap Heap Scan on sbtest5  (cost=22.87..3929.88 rows=1018 width=121)
	        Recheck Cond: ((id >= 4017389) AND (id <= 4018388))
	        ->  Bitmap Index Scan on sbtest5_pkey  (cost=0.00..22.61 rows=1018 width=0)
	              Index Cond: ((id >= 4017389) AND (id <= 4018388))

table 6 : explain SELECT count(c) FROM sbtest6 WHERE id BETWEEN 6784358 AND 6785357
	Aggregate  (cost=3823.17..3823.18 rows=1 width=8)
	  ->  Bitmap Heap Scan on sbtest6  (cost=22.57..3820.70 rows=989 width=121)
	        Recheck Cond: ((id >= 6784358) AND (id <= 6785357))
	        ->  Bitmap Index Scan on sbtest6_pkey  (cost=0.00..22.32 rows=989 width=0)
	              Index Cond: ((id >= 6784358) AND (id <= 6785357))

table 7 : explain SELECT count(c) FROM sbtest7 WHERE id BETWEEN 5210634 AND 5211633
	Aggregate  (cost=4106.79..4106.80 rows=1 width=8)
	  ->  Bitmap Heap Scan on sbtest7  (cost=23.34..4104.13 rows=1064 width=121)
	        Recheck Cond: ((id >= 5210634) AND (id <= 5211633))
	        ->  Bitmap Index Scan on sbtest7_pkey  (cost=0.00..23.07 rows=1064 width=0)
	              Index Cond: ((id >= 5210634) AND (id <= 5211633))

table 8 : explain SELECT count(c) FROM sbtest8 WHERE id BETWEEN 5173281 AND 5174280
	Aggregate  (cost=3707.10..3707.11 rows=1 width=8)
	  ->  Bitmap Heap Scan on sbtest8  (cost=22.25..3704.71 rows=958 width=121)
	        Recheck Cond: ((id >= 5173281) AND (id <= 5174280))
	        ->  Bitmap Index Scan on sbtest8_pkey  (cost=0.00..22.01 rows=958 width=0)
	              Index Cond: ((id >= 5173281) AND (id <= 5174280))

for: count_ranges
table 1 : explain SELECT count(c) FROM sbtest1 WHERE id BETWEEN 3875952 AND 3876951
	Aggregate  (cost=4117.98..4117.99 rows=1 width=8)
	  ->  Bitmap Heap Scan on sbtest1  (cost=23.38..4115.31 rows=1068 width=121)
	        Recheck Cond: ((id >= 3875952) AND (id <= 3876951))
	        ->  Bitmap Index Scan on sbtest1_pkey  (cost=0.00..23.11 rows=1068 width=0)
	              Index Cond: ((id >= 3875952) AND (id <= 3876951))

table 2 : explain SELECT count(c) FROM sbtest2 WHERE id BETWEEN 4851323 AND 4852322
	Aggregate  (cost=3848.28..3848.29 rows=1 width=8)
	  ->  Bitmap Heap Scan on sbtest2  (cost=22.64..3845.79 rows=996 width=121)
	        Recheck Cond: ((id >= 4851323) AND (id <= 4852322))
	        ->  Bitmap Index Scan on sbtest2_pkey  (cost=0.00..22.39 rows=996 width=0)
	              Index Cond: ((id >= 4851323) AND (id <= 4852322))

table 3 : explain SELECT count(c) FROM sbtest3 WHERE id BETWEEN 1983302 AND 1984301
	Aggregate  (cost=3837.04..3837.05 rows=1 width=8)
	  ->  Bitmap Heap Scan on sbtest3  (cost=22.61..3834.56 rows=993 width=121)
	        Recheck Cond: ((id >= 1983302) AND (id <= 1984301))
	        ->  Bitmap Index Scan on sbtest3_pkey  (cost=0.00..22.36 rows=993 width=0)
	              Index Cond: ((id >= 1983302) AND (id <= 1984301))

table 4 : explain SELECT count(c) FROM sbtest4 WHERE id BETWEEN 8889282 AND 8890281
	Aggregate  (cost=3653.23..3653.24 rows=1 width=8)
	  ->  Bitmap Heap Scan on sbtest4  (cost=22.11..3650.87 rows=944 width=121)
	        Recheck Cond: ((id >= 8889282) AND (id <= 8890281))
	        ->  Bitmap Index Scan on sbtest4_pkey  (cost=0.00..21.87 rows=944 width=0)
	              Index Cond: ((id >= 8889282) AND (id <= 8890281))

table 5 : explain SELECT count(c) FROM sbtest5 WHERE id BETWEEN 913512 AND 914511
	Aggregate  (cost=3917.35..3917.36 rows=1 width=8)
	  ->  Bitmap Heap Scan on sbtest5  (cost=22.83..3914.82 rows=1014 width=121)
	        Recheck Cond: ((id >= 913512) AND (id <= 914511))
	        ->  Bitmap Index Scan on sbtest5_pkey  (cost=0.00..22.57 rows=1014 width=0)
	              Index Cond: ((id >= 913512) AND (id <= 914511))

table 6 : explain SELECT count(c) FROM sbtest6 WHERE id BETWEEN 5795246 AND 5796245
	Aggregate  (cost=3668.43..3668.44 rows=1 width=8)
	  ->  Bitmap Heap Scan on sbtest6  (cost=22.15..3666.06 rows=948 width=121)
	        Recheck Cond: ((id >= 5795246) AND (id <= 5796245))
	        ->  Bitmap Index Scan on sbtest6_pkey  (cost=0.00..21.91 rows=948 width=0)
	              Index Cond: ((id >= 5795246) AND (id <= 5796245))

table 7 : explain SELECT count(c) FROM sbtest7 WHERE id BETWEEN 2297927 AND 2298926
	Aggregate  (cost=3642.90..3642.91 rows=1 width=8)
	  ->  Bitmap Heap Scan on sbtest7  (cost=22.08..3640.55 rows=941 width=121)
	        Recheck Cond: ((id >= 2297927) AND (id <= 2298926))
	        ->  Bitmap Index Scan on sbtest7_pkey  (cost=0.00..21.84 rows=941 width=0)
	              Index Cond: ((id >= 2297927) AND (id <= 2298926))

table 8 : explain SELECT count(c) FROM sbtest8 WHERE id BETWEEN 5260742 AND 5261741
	Aggregate  (cost=3858.08..3858.09 rows=1 width=8)
	  ->  Bitmap Heap Scan on sbtest8  (cost=22.66..3855.59 rows=998 width=121)
	        Recheck Cond: ((id >= 5260742) AND (id <= 5261741))
	        ->  Bitmap Index Scan on sbtest8_pkey  (cost=0.00..22.41 rows=998 width=0)
	              Index Cond: ((id >= 5260742) AND (id <= 5261741))

for: count_ranges
table 1 : explain SELECT count(c) FROM sbtest1 WHERE id BETWEEN 397724 AND 398723
	Aggregate  (cost=4091.68..4091.69 rows=1 width=8)
	  ->  Bitmap Heap Scan on sbtest1  (cost=23.31..4089.02 rows=1061 width=121)
	        Recheck Cond: ((id >= 397724) AND (id <= 398723))
	        ->  Bitmap Index Scan on sbtest1_pkey  (cost=0.00..23.04 rows=1061 width=0)
	              Index Cond: ((id >= 397724) AND (id <= 398723))

table 2 : explain SELECT count(c) FROM sbtest2 WHERE id BETWEEN 3132921 AND 3133920
	Aggregate  (cost=3934.93..3934.94 rows=1 width=8)
	  ->  Bitmap Heap Scan on sbtest2  (cost=22.88..3932.38 rows=1019 width=121)
	        Recheck Cond: ((id >= 3132921) AND (id <= 3133920))
	        ->  Bitmap Index Scan on sbtest2_pkey  (cost=0.00..22.62 rows=1019 width=0)
	              Index Cond: ((id >= 3132921) AND (id <= 3133920))

table 3 : explain SELECT count(c) FROM sbtest3 WHERE id BETWEEN 1360920 AND 1361919
	Aggregate  (cost=4055.44..4055.45 rows=1 width=8)
	  ->  Bitmap Heap Scan on sbtest3  (cost=23.21..4052.82 rows=1051 width=121)
	        Recheck Cond: ((id >= 1360920) AND (id <= 1361919))
	        ->  Bitmap Index Scan on sbtest3_pkey  (cost=0.00..22.94 rows=1051 width=0)
	              Index Cond: ((id >= 1360920) AND (id <= 1361919))

table 4 : explain SELECT count(c) FROM sbtest4 WHERE id BETWEEN 9893133 AND 9894132
	Aggregate  (cost=3687.22..3687.23 rows=1 width=8)
	  ->  Bitmap Heap Scan on sbtest4  (cost=22.20..3684.84 rows=953 width=121)
	        Recheck Cond: ((id >= 9893133) AND (id <= 9894132))
	        ->  Bitmap Index Scan on sbtest4_pkey  (cost=0.00..21.96 rows=953 width=0)
	              Index Cond: ((id >= 9893133) AND (id <= 9894132))

table 5 : explain SELECT count(c) FROM sbtest5 WHERE id BETWEEN 482634 AND 483633
	Aggregate  (cost=3532.31..3532.32 rows=1 width=8)
	  ->  Bitmap Heap Scan on sbtest5  (cost=21.78..3530.03 rows=912 width=121)
	        Recheck Cond: ((id >= 482634) AND (id <= 483633))
	        ->  Bitmap Index Scan on sbtest5_pkey  (cost=0.00..21.55 rows=912 width=0)
	              Index Cond: ((id >= 482634) AND (id <= 483633))

table 6 : explain SELECT count(c) FROM sbtest6 WHERE id BETWEEN 7804101 AND 7805100
	Aggregate  (cost=3902.35..3902.36 rows=1 width=8)
	  ->  Bitmap Heap Scan on sbtest6  (cost=22.79..3899.82 rows=1010 width=121)
	        Recheck Cond: ((id >= 7804101) AND (id <= 7805100))
	        ->  Bitmap Index Scan on sbtest6_pkey  (cost=0.00..22.54 rows=1010 width=0)
	              Index Cond: ((id >= 7804101) AND (id <= 7805100))

table 7 : explain SELECT count(c) FROM sbtest7 WHERE id BETWEEN 55456 AND 56455
	Aggregate  (cost=3756.23..3756.24 rows=1 width=8)
	  ->  Bitmap Heap Scan on sbtest7  (cost=22.39..3753.80 rows=971 width=121)
	        Recheck Cond: ((id >= 55456) AND (id <= 56455))
	        ->  Bitmap Index Scan on sbtest7_pkey  (cost=0.00..22.14 rows=971 width=0)
	              Index Cond: ((id >= 55456) AND (id <= 56455))

table 8 : explain SELECT count(c) FROM sbtest8 WHERE id BETWEEN 4009141 AND 4010140
	Aggregate  (cost=4219.84..4219.85 rows=1 width=8)
	  ->  Bitmap Heap Scan on sbtest8  (cost=27.64..4217.11 rows=1093 width=121)
	        Recheck Cond: ((id >= 4009141) AND (id <= 4010140))
	        ->  Bitmap Index Scan on sbtest8_pkey  (cost=0.00..27.36 rows=1093 width=0)
	              Index Cond: ((id >= 4009141) AND (id <= 4010140))

for: count_ranges
table 1 : explain SELECT count(c) FROM sbtest1 WHERE id BETWEEN 572360 AND 573359
	Aggregate  (cost=3609.51..3609.52 rows=1 width=8)
	  ->  Bitmap Heap Scan on sbtest1  (cost=22.00..3607.18 rows=933 width=121)
	        Recheck Cond: ((id >= 572360) AND (id <= 573359))
	        ->  Bitmap Index Scan on sbtest1_pkey  (cost=0.00..21.76 rows=933 width=0)
	              Index Cond: ((id >= 572360) AND (id <= 573359))

table 2 : explain SELECT count(c) FROM sbtest2 WHERE id BETWEEN 5972854 AND 5973853
	Aggregate  (cost=3671.00..3671.01 rows=1 width=8)
	  ->  Bitmap Heap Scan on sbtest2  (cost=22.16..3668.63 rows=949 width=121)
	        Recheck Cond: ((id >= 5972854) AND (id <= 5973853))
	        ->  Bitmap Index Scan on sbtest2_pkey  (cost=0.00..21.93 rows=949 width=0)
	              Index Cond: ((id >= 5972854) AND (id <= 5973853))

table 3 : explain SELECT count(c) FROM sbtest3 WHERE id BETWEEN 5926520 AND 5927519
	Aggregate  (cost=3923.70..3923.71 rows=1 width=8)
	  ->  Bitmap Heap Scan on sbtest3  (cost=22.85..3921.16 rows=1016 width=121)
	        Recheck Cond: ((id >= 5926520) AND (id <= 5927519))
	        ->  Bitmap Index Scan on sbtest3_pkey  (cost=0.00..22.59 rows=1016 width=0)
	              Index Cond: ((id >= 5926520) AND (id <= 5927519))

table 4 : explain SELECT count(c) FROM sbtest4 WHERE id BETWEEN 9206497 AND 9207496
	Aggregate  (cost=4248.69..4248.70 rows=1 width=8)
	  ->  Bitmap Heap Scan on sbtest4  (cost=27.72..4245.93 rows=1101 width=121)
	        Recheck Cond: ((id >= 9206497) AND (id <= 9207496))
	        ->  Bitmap Index Scan on sbtest4_pkey  (cost=0.00..27.44 rows=1101 width=0)
	              Index Cond: ((id >= 9206497) AND (id <= 9207496))

table 5 : explain SELECT count(c) FROM sbtest5 WHERE id BETWEEN 8419723 AND 8420722
	Aggregate  (cost=3498.27..3498.28 rows=1 width=8)
	  ->  Bitmap Heap Scan on sbtest5  (cost=21.69..3496.01 rows=903 width=121)
	        Recheck Cond: ((id >= 8419723) AND (id <= 8420722))
	        ->  Bitmap Index Scan on sbtest5_pkey  (cost=0.00..21.46 rows=903 width=0)
	              Index Cond: ((id >= 8419723) AND (id <= 8420722))

table 6 : explain SELECT count(c) FROM sbtest6 WHERE id BETWEEN 1960267 AND 1961266
	Aggregate  (cost=3683.53..3683.54 rows=1 width=8)
	  ->  Bitmap Heap Scan on sbtest6  (cost=22.19..3681.15 rows=952 width=121)
	        Recheck Cond: ((id >= 1960267) AND (id <= 1961266))
	        ->  Bitmap Index Scan on sbtest6_pkey  (cost=0.00..21.95 rows=952 width=0)
	              Index Cond: ((id >= 1960267) AND (id <= 1961266))

table 7 : explain SELECT count(c) FROM sbtest7 WHERE id BETWEEN 2215297 AND 2216296
	Aggregate  (cost=3642.90..3642.91 rows=1 width=8)
	  ->  Bitmap Heap Scan on sbtest7  (cost=22.08..3640.55 rows=941 width=121)
	        Recheck Cond: ((id >= 2215297) AND (id <= 2216296))
	        ->  Bitmap Index Scan on sbtest7_pkey  (cost=0.00..21.84 rows=941 width=0)
	              Index Cond: ((id >= 2215297) AND (id <= 2216296))

table 8 : explain SELECT count(c) FROM sbtest8 WHERE id BETWEEN 7560519 AND 7561518
	Aggregate  (cost=3869.40..3869.41 rows=1 width=8)
	  ->  Bitmap Heap Scan on sbtest8  (cost=22.70..3866.89 rows=1001 width=121)
	        Recheck Cond: ((id >= 7560519) AND (id <= 7561518))
	        ->  Bitmap Index Scan on sbtest8_pkey  (cost=0.00..22.44 rows=1001 width=0)
	              Index Cond: ((id >= 7560519) AND (id <= 7561518))

for: count_ranges
table 1 : explain SELECT count(c) FROM sbtest1 WHERE id BETWEEN 2094308 AND 2095307
	Aggregate  (cost=3628.39..3628.40 rows=1 width=8)
	  ->  Bitmap Heap Scan on sbtest1  (cost=22.05..3626.04 rows=938 width=121)
	        Recheck Cond: ((id >= 2094308) AND (id <= 2095307))
	        ->  Bitmap Index Scan on sbtest1_pkey  (cost=0.00..21.82 rows=938 width=0)
	              Index Cond: ((id >= 2094308) AND (id <= 2095307))

table 2 : explain SELECT count(c) FROM sbtest2 WHERE id BETWEEN 2403323 AND 2404322
	Aggregate  (cost=3686.10..3686.11 rows=1 width=8)
	  ->  Bitmap Heap Scan on sbtest2  (cost=22.20..3683.72 rows=953 width=121)
	        Recheck Cond: ((id >= 2403323) AND (id <= 2404322))
	        ->  Bitmap Index Scan on sbtest2_pkey  (cost=0.00..21.96 rows=953 width=0)
	              Index Cond: ((id >= 2403323) AND (id <= 2404322))

table 3 : explain SELECT count(c) FROM sbtest3 WHERE id BETWEEN 9706507 AND 9707506
	Aggregate  (cost=3855.89..3855.90 rows=1 width=8)
	  ->  Bitmap Heap Scan on sbtest3  (cost=22.66..3853.39 rows=998 width=121)
	        Recheck Cond: ((id >= 9706507) AND (id <= 9707506))
	        ->  Bitmap Index Scan on sbtest3_pkey  (cost=0.00..22.41 rows=998 width=0)
	              Index Cond: ((id >= 9706507) AND (id <= 9707506))

table 4 : explain SELECT count(c) FROM sbtest4 WHERE id BETWEEN 9184933 AND 9185932
	Aggregate  (cost=3943.70..3943.71 rows=1 width=8)
	  ->  Bitmap Heap Scan on sbtest4  (cost=22.90..3941.15 rows=1021 width=121)
	        Recheck Cond: ((id >= 9184933) AND (id <= 9185932))
	        ->  Bitmap Index Scan on sbtest4_pkey  (cost=0.00..22.64 rows=1021 width=0)
	              Index Cond: ((id >= 9184933) AND (id <= 9185932))

table 5 : explain SELECT count(c) FROM sbtest5 WHERE id BETWEEN 4802906 AND 4803905
	Aggregate  (cost=4150.74..4150.75 rows=1 width=8)
	  ->  Bitmap Heap Scan on sbtest5  (cost=23.46..4148.05 rows=1076 width=121)
	        Recheck Cond: ((id >= 4802906) AND (id <= 4803905))
	        ->  Bitmap Index Scan on sbtest5_pkey  (cost=0.00..23.19 rows=1076 width=0)
	              Index Cond: ((id >= 4802906) AND (id <= 4803905))

table 6 : explain SELECT count(c) FROM sbtest6 WHERE id BETWEEN 6815983 AND 6816982
	Aggregate  (cost=3823.17..3823.18 rows=1 width=8)
	  ->  Bitmap Heap Scan on sbtest6  (cost=22.57..3820.70 rows=989 width=121)
	        Recheck Cond: ((id >= 6815983) AND (id <= 6816982))
	        ->  Bitmap Index Scan on sbtest6_pkey  (cost=0.00..22.32 rows=989 width=0)
	              Index Cond: ((id >= 6815983) AND (id <= 6816982))

table 7 : explain SELECT count(c) FROM sbtest7 WHERE id BETWEEN 1541083 AND 1542082
	Aggregate  (cost=3688.25..3688.26 rows=1 width=8)
	  ->  Bitmap Heap Scan on sbtest7  (cost=22.20..3685.87 rows=953 width=121)
	        Recheck Cond: ((id >= 1541083) AND (id <= 1542082))
	        ->  Bitmap Index Scan on sbtest7_pkey  (cost=0.00..21.96 rows=953 width=0)
	              Index Cond: ((id >= 1541083) AND (id <= 1542082))

table 8 : explain SELECT count(c) FROM sbtest8 WHERE id BETWEEN 3504119 AND 3505118
	Aggregate  (cost=4317.59..4317.60 rows=1 width=8)
	  ->  Bitmap Heap Scan on sbtest8  (cost=27.92..4314.79 rows=1120 width=121)
	        Recheck Cond: ((id >= 3504119) AND (id <= 3505118))
	        ->  Bitmap Index Scan on sbtest8_pkey  (cost=0.00..27.64 rows=1120 width=0)
	              Index Cond: ((id >= 3504119) AND (id <= 3505118))

for: count_ranges
table 1 : explain SELECT count(c) FROM sbtest1 WHERE id BETWEEN 7688765 AND 7689764
	Aggregate  (cost=3948.76..3948.77 rows=1 width=8)
	  ->  Bitmap Heap Scan on sbtest1  (cost=22.92..3946.20 rows=1023 width=121)
	        Recheck Cond: ((id >= 7688765) AND (id <= 7689764))
	        ->  Bitmap Index Scan on sbtest1_pkey  (cost=0.00..22.66 rows=1023 width=0)
	              Index Cond: ((id >= 7688765) AND (id <= 7689764))

table 2 : explain SELECT count(c) FROM sbtest2 WHERE id BETWEEN 8042901 AND 8043900
	Aggregate  (cost=3704.97..3704.98 rows=1 width=8)
	  ->  Bitmap Heap Scan on sbtest2  (cost=22.25..3702.58 rows=958 width=121)
	        Recheck Cond: ((id >= 8042901) AND (id <= 8043900))
	        ->  Bitmap Index Scan on sbtest2_pkey  (cost=0.00..22.01 rows=958 width=0)
	              Index Cond: ((id >= 8042901) AND (id <= 8043900))

table 3 : explain SELECT count(c) FROM sbtest3 WHERE id BETWEEN 5423401 AND 5424400
	Aggregate  (cost=3761.63..3761.64 rows=1 width=8)
	  ->  Bitmap Heap Scan on sbtest3  (cost=22.41..3759.20 rows=973 width=121)
	        Recheck Cond: ((id >= 5423401) AND (id <= 5424400))
	        ->  Bitmap Index Scan on sbtest3_pkey  (cost=0.00..22.16 rows=973 width=0)
	              Index Cond: ((id >= 5423401) AND (id <= 5424400))

table 4 : explain SELECT count(c) FROM sbtest4 WHERE id BETWEEN 1106451 AND 1107450
	Aggregate  (cost=3694.77..3694.78 rows=1 width=8)
	  ->  Bitmap Heap Scan on sbtest4  (cost=22.22..3692.39 rows=955 width=121)
	        Recheck Cond: ((id >= 1106451) AND (id <= 1107450))
	        ->  Bitmap Index Scan on sbtest4_pkey  (cost=0.00..21.98 rows=955 width=0)
	              Index Cond: ((id >= 1106451) AND (id <= 1107450))

table 5 : explain SELECT count(c) FROM sbtest5 WHERE id BETWEEN 6135519 AND 6136518
	Aggregate  (cost=4067.98..4067.99 rows=1 width=8)
	  ->  Bitmap Heap Scan on sbtest5  (cost=23.24..4065.35 rows=1054 width=121)
	        Recheck Cond: ((id >= 6135519) AND (id <= 6136518))
	        ->  Bitmap Index Scan on sbtest5_pkey  (cost=0.00..22.97 rows=1054 width=0)
	              Index Cond: ((id >= 6135519) AND (id <= 6136518))

table 6 : explain SELECT count(c) FROM sbtest6 WHERE id BETWEEN 8500165 AND 8501164
	Aggregate  (cost=3830.72..3830.73 rows=1 width=8)
	  ->  Bitmap Heap Scan on sbtest6  (cost=22.59..3828.24 rows=991 width=121)
	        Recheck Cond: ((id >= 8500165) AND (id <= 8501164))
	        ->  Bitmap Index Scan on sbtest6_pkey  (cost=0.00..22.34 rows=991 width=0)
	              Index Cond: ((id >= 8500165) AND (id <= 8501164))

table 7 : explain SELECT count(c) FROM sbtest7 WHERE id BETWEEN 2324790 AND 2325789
	Aggregate  (cost=3616.45..3616.46 rows=1 width=8)
	  ->  Bitmap Heap Scan on sbtest7  (cost=22.01..3614.11 rows=934 width=121)
	        Recheck Cond: ((id >= 2324790) AND (id <= 2325789))
	        ->  Bitmap Index Scan on sbtest7_pkey  (cost=0.00..21.77 rows=934 width=0)
	              Index Cond: ((id >= 2324790) AND (id <= 2325789))

table 8 : explain SELECT count(c) FROM sbtest8 WHERE id BETWEEN 3359300 AND 3360299
	Aggregate  (cost=3918.42..3918.43 rows=1 width=8)
	  ->  Bitmap Heap Scan on sbtest8  (cost=22.83..3915.88 rows=1014 width=121)
	        Recheck Cond: ((id >= 3359300) AND (id <= 3360299))
	        ->  Bitmap Index Scan on sbtest8_pkey  (cost=0.00..22.57 rows=1014 width=0)
	              Index Cond: ((id >= 3359300) AND (id <= 3360299))

for: count_ranges
table 1 : explain SELECT count(c) FROM sbtest1 WHERE id BETWEEN 9653638 AND 9654637
	Aggregate  (cost=3741.57..3741.58 rows=1 width=8)
	  ->  Bitmap Heap Scan on sbtest1  (cost=22.36..3739.15 rows=968 width=121)
	        Recheck Cond: ((id >= 9653638) AND (id <= 9654637))
	        ->  Bitmap Index Scan on sbtest1_pkey  (cost=0.00..22.11 rows=968 width=0)
	              Index Cond: ((id >= 9653638) AND (id <= 9654637))

table 2 : explain SELECT count(c) FROM sbtest2 WHERE id BETWEEN 1577124 AND 1578123
	Aggregate  (cost=3874.66..3874.67 rows=1 width=8)
	  ->  Bitmap Heap Scan on sbtest2  (cost=22.72..3872.15 rows=1003 width=121)
	        Recheck Cond: ((id >= 1577124) AND (id <= 1578123))
	        ->  Bitmap Index Scan on sbtest2_pkey  (cost=0.00..22.46 rows=1003 width=0)
	              Index Cond: ((id >= 1577124) AND (id <= 1578123))

table 3 : explain SELECT count(c) FROM sbtest3 WHERE id BETWEEN 2632672 AND 2633671
	Aggregate  (cost=4010.29..4010.30 rows=1 width=8)
	  ->  Bitmap Heap Scan on sbtest3  (cost=23.08..4007.70 rows=1039 width=121)
	        Recheck Cond: ((id >= 2632672) AND (id <= 2633671))
	        ->  Bitmap Index Scan on sbtest3_pkey  (cost=0.00..22.82 rows=1039 width=0)
	              Index Cond: ((id >= 2632672) AND (id <= 2633671))

table 4 : explain SELECT count(c) FROM sbtest4 WHERE id BETWEEN 6097024 AND 6098023
	Aggregate  (cost=3789.13..3789.14 rows=1 width=8)
	  ->  Bitmap Heap Scan on sbtest4  (cost=22.48..3786.68 rows=980 width=121)
	        Recheck Cond: ((id >= 6097024) AND (id <= 6098023))
	        ->  Bitmap Index Scan on sbtest4_pkey  (cost=0.00..22.23 rows=980 width=0)
	              Index Cond: ((id >= 6097024) AND (id <= 6098023))

table 5 : explain SELECT count(c) FROM sbtest5 WHERE id BETWEEN 5952010 AND 5953009
	Aggregate  (cost=3324.11..3324.12 rows=1 width=8)
	  ->  Bitmap Heap Scan on sbtest5  (cost=21.22..3321.97 rows=857 width=121)
	        Recheck Cond: ((id >= 5952010) AND (id <= 5953009))
	        ->  Bitmap Index Scan on sbtest5_pkey  (cost=0.00..21.00 rows=857 width=0)
	              Index Cond: ((id >= 5952010) AND (id <= 5953009))

table 6 : explain SELECT count(c) FROM sbtest6 WHERE id BETWEEN 5342262 AND 5343261
	Aggregate  (cost=3732.62..3732.63 rows=1 width=8)
	  ->  Bitmap Heap Scan on sbtest6  (cost=22.33..3730.20 rows=965 width=121)
	        Recheck Cond: ((id >= 5342262) AND (id <= 5343261))
	        ->  Bitmap Index Scan on sbtest6_pkey  (cost=0.00..22.08 rows=965 width=0)
	              Index Cond: ((id >= 5342262) AND (id <= 5343261))

table 7 : explain SELECT count(c) FROM sbtest7 WHERE id BETWEEN 7288118 AND 7289117
	Aggregate  (cost=4204.84..4204.85 rows=1 width=8)
	  ->  Bitmap Heap Scan on sbtest7  (cost=27.60..4202.12 rows=1089 width=121)
	        Recheck Cond: ((id >= 7288118) AND (id <= 7289117))
	        ->  Bitmap Index Scan on sbtest7_pkey  (cost=0.00..27.32 rows=1089 width=0)
	              Index Cond: ((id >= 7288118) AND (id <= 7289117))

table 8 : explain SELECT count(c) FROM sbtest8 WHERE id BETWEEN 5944486 AND 5945485
	Aggregate  (cost=3907.11..3907.12 rows=1 width=8)
	  ->  Bitmap Heap Scan on sbtest8  (cost=22.80..3904.58 rows=1011 width=121)
	        Recheck Cond: ((id >= 5944486) AND (id <= 5945485))
	        ->  Bitmap Index Scan on sbtest8_pkey  (cost=0.00..22.54 rows=1011 width=0)
	              Index Cond: ((id >= 5944486) AND (id <= 5945485))

for: count_ranges
table 1 : explain SELECT count(c) FROM sbtest1 WHERE id BETWEEN 9192650 AND 9193649
	Aggregate  (cost=4072.88..4072.89 rows=1 width=8)
	  ->  Bitmap Heap Scan on sbtest1  (cost=23.26..4070.24 rows=1056 width=121)
	        Recheck Cond: ((id >= 9192650) AND (id <= 9193649))
	        ->  Bitmap Index Scan on sbtest1_pkey  (cost=0.00..23.00 rows=1056 width=0)
	              Index Cond: ((id >= 9192650) AND (id <= 9193649))

table 2 : explain SELECT count(c) FROM sbtest2 WHERE id BETWEEN 3418748 AND 3419747
	Aggregate  (cost=3972.58..3972.59 rows=1 width=8)
	  ->  Bitmap Heap Scan on sbtest2  (cost=22.98..3970.01 rows=1029 width=121)
	        Recheck Cond: ((id >= 3418748) AND (id <= 3419747))
	        ->  Bitmap Index Scan on sbtest2_pkey  (cost=0.00..22.72 rows=1029 width=0)
	              Index Cond: ((id >= 3418748) AND (id <= 3419747))

table 3 : explain SELECT count(c) FROM sbtest3 WHERE id BETWEEN 389885 AND 390884
	Aggregate  (cost=3746.54..3746.55 rows=1 width=8)
	  ->  Bitmap Heap Scan on sbtest3  (cost=22.37..3744.12 rows=969 width=121)
	        Recheck Cond: ((id >= 389885) AND (id <= 390884))
	        ->  Bitmap Index Scan on sbtest3_pkey  (cost=0.00..22.12 rows=969 width=0)
	              Index Cond: ((id >= 389885) AND (id <= 390884))

table 4 : explain SELECT count(c) FROM sbtest4 WHERE id BETWEEN 3307442 AND 3308441
	Aggregate  (cost=4116.86..4116.87 rows=1 width=8)
	  ->  Bitmap Heap Scan on sbtest4  (cost=23.37..4114.20 rows=1067 width=121)
	        Recheck Cond: ((id >= 3307442) AND (id <= 3308441))
	        ->  Bitmap Index Scan on sbtest4_pkey  (cost=0.00..23.11 rows=1067 width=0)
	              Index Cond: ((id >= 3307442) AND (id <= 3308441))

table 5 : explain SELECT count(c) FROM sbtest5 WHERE id BETWEEN 5517974 AND 5518973
	Aggregate  (cost=3437.72..3437.73 rows=1 width=8)
	  ->  Bitmap Heap Scan on sbtest5  (cost=21.53..3435.51 rows=887 width=121)
	        Recheck Cond: ((id >= 5517974) AND (id <= 5518973))
	        ->  Bitmap Index Scan on sbtest5_pkey  (cost=0.00..21.30 rows=887 width=0)
	              Index Cond: ((id >= 5517974) AND (id <= 5518973))

table 6 : explain SELECT count(c) FROM sbtest6 WHERE id BETWEEN 7450157 AND 7451156
	Aggregate  (cost=3672.20..3672.21 rows=1 width=8)
	  ->  Bitmap Heap Scan on sbtest6  (cost=22.16..3669.83 rows=949 width=121)
	        Recheck Cond: ((id >= 7450157) AND (id <= 7451156))
	        ->  Bitmap Index Scan on sbtest6_pkey  (cost=0.00..21.93 rows=949 width=0)
	              Index Cond: ((id >= 7450157) AND (id <= 7451156))

table 7 : explain SELECT count(c) FROM sbtest7 WHERE id BETWEEN 8041264 AND 8042263
	Aggregate  (cost=3582.42..3582.43 rows=1 width=8)
	  ->  Bitmap Heap Scan on sbtest7  (cost=21.92..3580.11 rows=925 width=121)
	        Recheck Cond: ((id >= 8041264) AND (id <= 8042263))
	        ->  Bitmap Index Scan on sbtest7_pkey  (cost=0.00..21.68 rows=925 width=0)
	              Index Cond: ((id >= 8041264) AND (id <= 8042263))

table 8 : explain SELECT count(c) FROM sbtest8 WHERE id BETWEEN 9066312 AND 9067311
	Aggregate  (cost=3582.39..3582.40 rows=1 width=8)
	  ->  Bitmap Heap Scan on sbtest8  (cost=21.92..3580.07 rows=925 width=121)
	        Recheck Cond: ((id >= 9066312) AND (id <= 9067311))
	        ->  Bitmap Index Scan on sbtest8_pkey  (cost=0.00..21.68 rows=925 width=0)
	              Index Cond: ((id >= 9066312) AND (id <= 9067311))

for: count_ranges
table 1 : explain SELECT count(c) FROM sbtest1 WHERE id BETWEEN 6414778 AND 6415777
	Aggregate  (cost=3790.58..3790.59 rows=1 width=8)
	  ->  Bitmap Heap Scan on sbtest1  (cost=22.49..3788.12 rows=981 width=121)
	        Recheck Cond: ((id >= 6414778) AND (id <= 6415777))
	        ->  Bitmap Index Scan on sbtest1_pkey  (cost=0.00..22.25 rows=981 width=0)
	              Index Cond: ((id >= 6414778) AND (id <= 6415777))

table 2 : explain SELECT count(c) FROM sbtest2 WHERE id BETWEEN 5464631 AND 5465630
	Aggregate  (cost=4205.74..4205.75 rows=1 width=8)
	  ->  Bitmap Heap Scan on sbtest2  (cost=23.62..4203.01 rows=1091 width=121)
	        Recheck Cond: ((id >= 5464631) AND (id <= 5465630))
	        ->  Bitmap Index Scan on sbtest2_pkey  (cost=0.00..23.34 rows=1091 width=0)
	              Index Cond: ((id >= 5464631) AND (id <= 5465630))

table 3 : explain SELECT count(c) FROM sbtest3 WHERE id BETWEEN 5926498 AND 5927497
	Aggregate  (cost=3923.70..3923.71 rows=1 width=8)
	  ->  Bitmap Heap Scan on sbtest3  (cost=22.85..3921.16 rows=1016 width=121)
	        Recheck Cond: ((id >= 5926498) AND (id <= 5927497))
	        ->  Bitmap Index Scan on sbtest3_pkey  (cost=0.00..22.59 rows=1016 width=0)
	              Index Cond: ((id >= 5926498) AND (id <= 5927497))

table 4 : explain SELECT count(c) FROM sbtest4 WHERE id BETWEEN 4482126 AND 4483125
	Aggregate  (cost=3596.55..3596.56 rows=1 width=8)
	  ->  Bitmap Heap Scan on sbtest4  (cost=21.96..3594.23 rows=929 width=121)
	        Recheck Cond: ((id >= 4482126) AND (id <= 4483125))
	        ->  Bitmap Index Scan on sbtest4_pkey  (cost=0.00..21.72 rows=929 width=0)
	              Index Cond: ((id >= 4482126) AND (id <= 4483125))

table 5 : explain SELECT count(c) FROM sbtest5 WHERE id BETWEEN 9904796 AND 9905795
	Aggregate  (cost=3751.42..3751.43 rows=1 width=8)
	  ->  Bitmap Heap Scan on sbtest5  (cost=22.38..3749.00 rows=970 width=121)
	        Recheck Cond: ((id >= 9904796) AND (id <= 9905795))
	        ->  Bitmap Index Scan on sbtest5_pkey  (cost=0.00..22.14 rows=970 width=0)
	              Index Cond: ((id >= 9904796) AND (id <= 9905795))

table 6 : explain SELECT count(c) FROM sbtest6 WHERE id BETWEEN 5179463 AND 5180462
	Aggregate  (cost=3992.77..3992.78 rows=1 width=8)
	  ->  Bitmap Heap Scan on sbtest6  (cost=23.03..3990.18 rows=1034 width=121)
	        Recheck Cond: ((id >= 5179463) AND (id <= 5180462))
	        ->  Bitmap Index Scan on sbtest6_pkey  (cost=0.00..22.77 rows=1034 width=0)
	              Index Cond: ((id >= 5179463) AND (id <= 5180462))

table 7 : explain SELECT count(c) FROM sbtest7 WHERE id BETWEEN 9829294 AND 9830293
	Aggregate  (cost=3873.20..3873.21 rows=1 width=8)
	  ->  Bitmap Heap Scan on sbtest7  (cost=22.71..3870.70 rows=1002 width=121)
	        Recheck Cond: ((id >= 9829294) AND (id <= 9830293))
	        ->  Bitmap Index Scan on sbtest7_pkey  (cost=0.00..22.45 rows=1002 width=0)
	              Index Cond: ((id >= 9829294) AND (id <= 9830293))

table 8 : explain SELECT count(c) FROM sbtest8 WHERE id BETWEEN 4903813 AND 4904812
	Aggregate  (cost=4118.28..4118.29 rows=1 width=8)
	  ->  Bitmap Heap Scan on sbtest8  (cost=27.36..4115.61 rows=1066 width=121)
	        Recheck Cond: ((id >= 4903813) AND (id <= 4904812))
	        ->  Bitmap Index Scan on sbtest8_pkey  (cost=0.00..27.09 rows=1066 width=0)
	              Index Cond: ((id >= 4903813) AND (id <= 4904812))

for: count_ranges
table 1 : explain SELECT count(c) FROM sbtest1 WHERE id BETWEEN 8671860 AND 8672859
	Aggregate  (cost=4114.23..4114.24 rows=1 width=8)
	  ->  Bitmap Heap Scan on sbtest1  (cost=23.37..4111.56 rows=1067 width=121)
	        Recheck Cond: ((id >= 8671860) AND (id <= 8672859))
	        ->  Bitmap Index Scan on sbtest1_pkey  (cost=0.00..23.11 rows=1067 width=0)
	              Index Cond: ((id >= 8671860) AND (id <= 8672859))

table 2 : explain SELECT count(c) FROM sbtest2 WHERE id BETWEEN 5153359 AND 5154358
	Aggregate  (cost=3934.93..3934.94 rows=1 width=8)
	  ->  Bitmap Heap Scan on sbtest2  (cost=22.88..3932.38 rows=1019 width=121)
	        Recheck Cond: ((id >= 5153359) AND (id <= 5154358))
	        ->  Bitmap Index Scan on sbtest2_pkey  (cost=0.00..22.62 rows=1019 width=0)
	              Index Cond: ((id >= 5153359) AND (id <= 5154358))

table 3 : explain SELECT count(c) FROM sbtest3 WHERE id BETWEEN 1094573 AND 1095572
	Aggregate  (cost=4025.35..4025.36 rows=1 width=8)
	  ->  Bitmap Heap Scan on sbtest3  (cost=23.13..4022.74 rows=1043 width=121)
	        Recheck Cond: ((id >= 1094573) AND (id <= 1095572))
	        ->  Bitmap Index Scan on sbtest3_pkey  (cost=0.00..22.86 rows=1043 width=0)
	              Index Cond: ((id >= 1094573) AND (id <= 1095572))

table 4 : explain SELECT count(c) FROM sbtest4 WHERE id BETWEEN 1211241 AND 1212240
	Aggregate  (cost=3853.25..3853.26 rows=1 width=8)
	  ->  Bitmap Heap Scan on sbtest4  (cost=22.65..3850.75 rows=997 width=121)
	        Recheck Cond: ((id >= 1211241) AND (id <= 1212240))
	        ->  Bitmap Index Scan on sbtest4_pkey  (cost=0.00..22.40 rows=997 width=0)
	              Index Cond: ((id >= 1211241) AND (id <= 1212240))

table 5 : explain SELECT count(c) FROM sbtest5 WHERE id BETWEEN 9014241 AND 9015240
	Aggregate  (cost=3755.20..3755.21 rows=1 width=8)
	  ->  Bitmap Heap Scan on sbtest5  (cost=22.39..3752.77 rows=971 width=121)
	        Recheck Cond: ((id >= 9014241) AND (id <= 9015240))
	        ->  Bitmap Index Scan on sbtest5_pkey  (cost=0.00..22.14 rows=971 width=0)
	              Index Cond: ((id >= 9014241) AND (id <= 9015240))

table 6 : explain SELECT count(c) FROM sbtest6 WHERE id BETWEEN 6274010 AND 6275009
	Aggregate  (cost=3649.54..3649.55 rows=1 width=8)
	  ->  Bitmap Heap Scan on sbtest6  (cost=22.10..3647.18 rows=943 width=121)
	        Recheck Cond: ((id >= 6274010) AND (id <= 6275009))
	        ->  Bitmap Index Scan on sbtest6_pkey  (cost=0.00..21.86 rows=943 width=0)
	              Index Cond: ((id >= 6274010) AND (id <= 6275009))

table 7 : explain SELECT count(c) FROM sbtest7 WHERE id BETWEEN 8207883 AND 8208882
	Aggregate  (cost=3468.91..3468.92 rows=1 width=8)
	  ->  Bitmap Heap Scan on sbtest7  (cost=21.61..3466.67 rows=895 width=121)
	        Recheck Cond: ((id >= 8207883) AND (id <= 8208882))
	        ->  Bitmap Index Scan on sbtest7_pkey  (cost=0.00..21.39 rows=895 width=0)
	              Index Cond: ((id >= 8207883) AND (id <= 8208882))

table 8 : explain SELECT count(c) FROM sbtest8 WHERE id BETWEEN 5402256 AND 5403255
	Aggregate  (cost=3827.90..3827.91 rows=1 width=8)
	  ->  Bitmap Heap Scan on sbtest8  (cost=22.58..3825.43 rows=990 width=121)
	        Recheck Cond: ((id >= 5402256) AND (id <= 5403255))
	        ->  Bitmap Index Scan on sbtest8_pkey  (cost=0.00..22.33 rows=990 width=0)
	              Index Cond: ((id >= 5402256) AND (id <= 5403255))

for: count_ranges
table 1 : explain SELECT count(c) FROM sbtest1 WHERE id BETWEEN 1738483 AND 1739482
	Aggregate  (cost=3447.05..3447.06 rows=1 width=8)
	  ->  Bitmap Heap Scan on sbtest1  (cost=21.56..3444.82 rows=890 width=121)
	        Recheck Cond: ((id >= 1738483) AND (id <= 1739482))
	        ->  Bitmap Index Scan on sbtest1_pkey  (cost=0.00..21.33 rows=890 width=0)
	              Index Cond: ((id >= 1738483) AND (id <= 1739482))

table 2 : explain SELECT count(c) FROM sbtest2 WHERE id BETWEEN 842209 AND 843208
	Aggregate  (cost=4047.85..4047.86 rows=1 width=8)
	  ->  Bitmap Heap Scan on sbtest2  (cost=23.19..4045.22 rows=1049 width=121)
	        Recheck Cond: ((id >= 842209) AND (id <= 843208))
	        ->  Bitmap Index Scan on sbtest2_pkey  (cost=0.00..22.93 rows=1049 width=0)
	              Index Cond: ((id >= 842209) AND (id <= 843208))

table 3 : explain SELECT count(c) FROM sbtest3 WHERE id BETWEEN 1756507 AND 1757506
	Aggregate  (cost=3893.57..3893.58 rows=1 width=8)
	  ->  Bitmap Heap Scan on sbtest3  (cost=22.77..3891.05 rows=1008 width=121)
	        Recheck Cond: ((id >= 1756507) AND (id <= 1757506))
	        ->  Bitmap Index Scan on sbtest3_pkey  (cost=0.00..22.51 rows=1008 width=0)
	              Index Cond: ((id >= 1756507) AND (id <= 1757506))

table 4 : explain SELECT count(c) FROM sbtest4 WHERE id BETWEEN 5965212 AND 5966211
	Aggregate  (cost=4214.62..4214.63 rows=1 width=8)
	  ->  Bitmap Heap Scan on sbtest4  (cost=23.64..4211.89 rows=1093 width=121)
	        Recheck Cond: ((id >= 5965212) AND (id <= 5966211))
	        ->  Bitmap Index Scan on sbtest4_pkey  (cost=0.00..23.36 rows=1093 width=0)
	              Index Cond: ((id >= 5965212) AND (id <= 5966211))

table 5 : explain SELECT count(c) FROM sbtest5 WHERE id BETWEEN 4019601 AND 4020600
	Aggregate  (cost=3932.42..3932.43 rows=1 width=8)
	  ->  Bitmap Heap Scan on sbtest5  (cost=22.87..3929.88 rows=1018 width=121)
	        Recheck Cond: ((id >= 4019601) AND (id <= 4020600))
	        ->  Bitmap Index Scan on sbtest5_pkey  (cost=0.00..22.61 rows=1018 width=0)
	              Index Cond: ((id >= 4019601) AND (id <= 4020600))

table 6 : explain SELECT count(c) FROM sbtest6 WHERE id BETWEEN 6294872 AND 6295871
	Aggregate  (cost=3649.54..3649.55 rows=1 width=8)
	  ->  Bitmap Heap Scan on sbtest6  (cost=22.10..3647.18 rows=943 width=121)
	        Recheck Cond: ((id >= 6294872) AND (id <= 6295871))
	        ->  Bitmap Index Scan on sbtest6_pkey  (cost=0.00..21.86 rows=943 width=0)
	              Index Cond: ((id >= 6294872) AND (id <= 6295871))

table 7 : explain SELECT count(c) FROM sbtest7 WHERE id BETWEEN 8264830 AND 8265829
	Aggregate  (cost=3468.91..3468.92 rows=1 width=8)
	  ->  Bitmap Heap Scan on sbtest7  (cost=21.61..3466.67 rows=895 width=121)
	        Recheck Cond: ((id >= 8264830) AND (id <= 8265829))
	        ->  Bitmap Index Scan on sbtest7_pkey  (cost=0.00..21.39 rows=895 width=0)
	              Index Cond: ((id >= 8264830) AND (id <= 8265829))

table 8 : explain SELECT count(c) FROM sbtest8 WHERE id BETWEEN 3499233 AND 3500232
	Aggregate  (cost=4317.59..4317.60 rows=1 width=8)
	  ->  Bitmap Heap Scan on sbtest8  (cost=27.92..4314.79 rows=1120 width=121)
	        Recheck Cond: ((id >= 3499233) AND (id <= 3500232))
	        ->  Bitmap Index Scan on sbtest8_pkey  (cost=0.00..27.64 rows=1120 width=0)
	              Index Cond: ((id >= 3499233) AND (id <= 3500232))

for: count_ranges
table 1 : explain SELECT count(c) FROM sbtest1 WHERE id BETWEEN 2300351 AND 2301350
	Aggregate  (cost=3737.80..3737.81 rows=1 width=8)
	  ->  Bitmap Heap Scan on sbtest1  (cost=22.35..3735.38 rows=967 width=121)
	        Recheck Cond: ((id >= 2300351) AND (id <= 2301350))
	        ->  Bitmap Index Scan on sbtest1_pkey  (cost=0.00..22.11 rows=967 width=0)
	              Index Cond: ((id >= 2300351) AND (id <= 2301350))

table 2 : explain SELECT count(c) FROM sbtest2 WHERE id BETWEEN 3033614 AND 3034613
	Aggregate  (cost=4412.45..4412.46 rows=1 width=8)
	  ->  Bitmap Heap Scan on sbtest2  (cost=28.18..4409.58 rows=1146 width=121)
	        Recheck Cond: ((id >= 3033614) AND (id <= 3034613))
	        ->  Bitmap Index Scan on sbtest2_pkey  (cost=0.00..27.89 rows=1146 width=0)
	              Index Cond: ((id >= 3033614) AND (id <= 3034613))

table 3 : explain SELECT count(c) FROM sbtest3 WHERE id BETWEEN 618550 AND 619549
	Aggregate  (cost=4036.63..4036.64 rows=1 width=8)
	  ->  Bitmap Heap Scan on sbtest3  (cost=23.16..4034.02 rows=1046 width=121)
	        Recheck Cond: ((id >= 618550) AND (id <= 619549))
	        ->  Bitmap Index Scan on sbtest3_pkey  (cost=0.00..22.89 rows=1046 width=0)
	              Index Cond: ((id >= 618550) AND (id <= 619549))

table 4 : explain SELECT count(c) FROM sbtest4 WHERE id BETWEEN 6214152 AND 6215151
	Aggregate  (cost=3683.45..3683.46 rows=1 width=8)
	  ->  Bitmap Heap Scan on sbtest4  (cost=22.19..3681.07 rows=952 width=121)
	        Recheck Cond: ((id >= 6214152) AND (id <= 6215151))
	        ->  Bitmap Index Scan on sbtest4_pkey  (cost=0.00..21.95 rows=952 width=0)
	              Index Cond: ((id >= 6214152) AND (id <= 6215151))

table 5 : explain SELECT count(c) FROM sbtest5 WHERE id BETWEEN 663792 AND 664791
	Aggregate  (cost=3811.79..3811.80 rows=1 width=8)
	  ->  Bitmap Heap Scan on sbtest5  (cost=22.54..3809.32 rows=986 width=121)
	        Recheck Cond: ((id >= 663792) AND (id <= 664791))
	        ->  Bitmap Index Scan on sbtest5_pkey  (cost=0.00..22.29 rows=986 width=0)
	              Index Cond: ((id >= 663792) AND (id <= 664791))

table 6 : explain SELECT count(c) FROM sbtest6 WHERE id BETWEEN 5174016 AND 5175015
	Aggregate  (cost=3992.77..3992.78 rows=1 width=8)
	  ->  Bitmap Heap Scan on sbtest6  (cost=23.03..3990.18 rows=1034 width=121)
	        Recheck Cond: ((id >= 5174016) AND (id <= 5175015))
	        ->  Bitmap Index Scan on sbtest6_pkey  (cost=0.00..22.77 rows=1034 width=0)
	              Index Cond: ((id >= 5174016) AND (id <= 5175015))

table 7 : explain SELECT count(c) FROM sbtest7 WHERE id BETWEEN 7161857 AND 7162856
	Aggregate  (cost=3692.03..3692.04 rows=1 width=8)
	  ->  Bitmap Heap Scan on sbtest7  (cost=22.21..3689.64 rows=954 width=121)
	        Recheck Cond: ((id >= 7161857) AND (id <= 7162856))
	        ->  Bitmap Index Scan on sbtest7_pkey  (cost=0.00..21.97 rows=954 width=0)
	              Index Cond: ((id >= 7161857) AND (id <= 7162856))

table 8 : explain SELECT count(c) FROM sbtest8 WHERE id BETWEEN 2567520 AND 2568519
	Aggregate  (cost=3865.62..3865.63 rows=1 width=8)
	  ->  Bitmap Heap Scan on sbtest8  (cost=22.68..3863.12 rows=1000 width=121)
	        Recheck Cond: ((id >= 2567520) AND (id <= 2568519))
	        ->  Bitmap Index Scan on sbtest8_pkey  (cost=0.00..22.43 rows=1000 width=0)
	              Index Cond: ((id >= 2567520) AND (id <= 2568519))

for: count_ranges
table 1 : explain SELECT count(c) FROM sbtest1 WHERE id BETWEEN 7611730 AND 7612729
	Aggregate  (cost=3918.65..3918.66 rows=1 width=8)
	  ->  Bitmap Heap Scan on sbtest1  (cost=22.84..3916.11 rows=1015 width=121)
	        Recheck Cond: ((id >= 7611730) AND (id <= 7612729))
	        ->  Bitmap Index Scan on sbtest1_pkey  (cost=0.00..22.58 rows=1015 width=0)
	              Index Cond: ((id >= 7611730) AND (id <= 7612729))

table 2 : explain SELECT count(c) FROM sbtest2 WHERE id BETWEEN 2264791 AND 2265790
	Aggregate  (cost=3599.26..3599.27 rows=1 width=8)
	  ->  Bitmap Heap Scan on sbtest2  (cost=21.97..3596.93 rows=930 width=121)
	        Recheck Cond: ((id >= 2264791) AND (id <= 2265790))
	        ->  Bitmap Index Scan on sbtest2_pkey  (cost=0.00..21.73 rows=930 width=0)
	              Index Cond: ((id >= 2264791) AND (id <= 2265790))

table 3 : explain SELECT count(c) FROM sbtest3 WHERE id BETWEEN 3727535 AND 3728534
	Aggregate  (cost=3806.89..3806.90 rows=1 width=8)
	  ->  Bitmap Heap Scan on sbtest3  (cost=22.53..3804.42 rows=985 width=121)
	        Recheck Cond: ((id >= 3727535) AND (id <= 3728534))
	        ->  Bitmap Index Scan on sbtest3_pkey  (cost=0.00..22.29 rows=985 width=0)
	              Index Cond: ((id >= 3727535) AND (id <= 3728534))

table 4 : explain SELECT count(c) FROM sbtest4 WHERE id BETWEEN 9192652 AND 9193651
	Aggregate  (cost=3943.70..3943.71 rows=1 width=8)
	  ->  Bitmap Heap Scan on sbtest4  (cost=22.90..3941.15 rows=1021 width=121)
	        Recheck Cond: ((id >= 9192652) AND (id <= 9193651))
	        ->  Bitmap Index Scan on sbtest4_pkey  (cost=0.00..22.64 rows=1021 width=0)
	              Index Cond: ((id >= 9192652) AND (id <= 9193651))

table 5 : explain SELECT count(c) FROM sbtest5 WHERE id BETWEEN 287885 AND 288884
	Aggregate  (cost=3970.09..3970.10 rows=1 width=8)
	  ->  Bitmap Heap Scan on sbtest5  (cost=22.97..3967.52 rows=1028 width=121)
	        Recheck Cond: ((id >= 287885) AND (id <= 288884))
	        ->  Bitmap Index Scan on sbtest5_pkey  (cost=0.00..22.71 rows=1028 width=0)
	              Index Cond: ((id >= 287885) AND (id <= 288884))

table 6 : explain SELECT count(c) FROM sbtest6 WHERE id BETWEEN 2709920 AND 2710919
	Aggregate  (cost=4004.06..4004.07 rows=1 width=8)
	  ->  Bitmap Heap Scan on sbtest6  (cost=23.06..4001.47 rows=1037 width=121)
	        Recheck Cond: ((id >= 2709920) AND (id <= 2710919))
	        ->  Bitmap Index Scan on sbtest6_pkey  (cost=0.00..22.80 rows=1037 width=0)
	              Index Cond: ((id >= 2709920) AND (id <= 2710919))

table 7 : explain SELECT count(c) FROM sbtest7 WHERE id BETWEEN 1097477 AND 1098476
	Aggregate  (cost=4121.84..4121.85 rows=1 width=8)
	  ->  Bitmap Heap Scan on sbtest7  (cost=23.38..4119.17 rows=1068 width=121)
	        Recheck Cond: ((id >= 1097477) AND (id <= 1098476))
	        ->  Bitmap Index Scan on sbtest7_pkey  (cost=0.00..23.11 rows=1068 width=0)
	              Index Cond: ((id >= 1097477) AND (id <= 1098476))

table 8 : explain SELECT count(c) FROM sbtest8 WHERE id BETWEEN 4032872 AND 4033871
	Aggregate  (cost=4219.84..4219.85 rows=1 width=8)
	  ->  Bitmap Heap Scan on sbtest8  (cost=27.64..4217.11 rows=1093 width=121)
	        Recheck Cond: ((id >= 4032872) AND (id <= 4033871))
	        ->  Bitmap Index Scan on sbtest8_pkey  (cost=0.00..27.36 rows=1093 width=0)
	              Index Cond: ((id >= 4032872) AND (id <= 4033871))

for: count_ranges
table 1 : explain SELECT count(c) FROM sbtest1 WHERE id BETWEEN 9570676 AND 9571675
	Aggregate  (cost=4054.08..4054.09 rows=1 width=8)
	  ->  Bitmap Heap Scan on sbtest1  (cost=23.21..4051.46 rows=1051 width=121)
	        Recheck Cond: ((id >= 9570676) AND (id <= 9571675))
	        ->  Bitmap Index Scan on sbtest1_pkey  (cost=0.00..22.94 rows=1051 width=0)
	              Index Cond: ((id >= 9570676) AND (id <= 9571675))

table 2 : explain SELECT count(c) FROM sbtest2 WHERE id BETWEEN 3230507 AND 3231506
	Aggregate  (cost=3912.33..3912.34 rows=1 width=8)
	  ->  Bitmap Heap Scan on sbtest2  (cost=22.82..3909.80 rows=1013 width=121)
	        Recheck Cond: ((id >= 3230507) AND (id <= 3231506))
	        ->  Bitmap Index Scan on sbtest2_pkey  (cost=0.00..22.57 rows=1013 width=0)
	              Index Cond: ((id >= 3230507) AND (id <= 3231506))

table 3 : explain SELECT count(c) FROM sbtest3 WHERE id BETWEEN 4805309 AND 4806308
	Aggregate  (cost=3754.09..3754.10 rows=1 width=8)
	  ->  Bitmap Heap Scan on sbtest3  (cost=22.39..3751.66 rows=971 width=121)
	        Recheck Cond: ((id >= 4805309) AND (id <= 4806308))
	        ->  Bitmap Index Scan on sbtest3_pkey  (cost=0.00..22.14 rows=971 width=0)
	              Index Cond: ((id >= 4805309) AND (id <= 4806308))

table 4 : explain SELECT count(c) FROM sbtest4 WHERE id BETWEEN 2357764 AND 2358763
	Aggregate  (cost=3343.03..3343.04 rows=1 width=8)
	  ->  Bitmap Heap Scan on sbtest4  (cost=21.27..3340.88 rows=862 width=121)
	        Recheck Cond: ((id >= 2357764) AND (id <= 2358763))
	        ->  Bitmap Index Scan on sbtest4_pkey  (cost=0.00..21.05 rows=862 width=0)
	              Index Cond: ((id >= 2357764) AND (id <= 2358763))

table 5 : explain SELECT count(c) FROM sbtest5 WHERE id BETWEEN 4087150 AND 4088149
	Aggregate  (cost=3834.42..3834.43 rows=1 width=8)
	  ->  Bitmap Heap Scan on sbtest5  (cost=22.60..3831.94 rows=992 width=121)
	        Recheck Cond: ((id >= 4087150) AND (id <= 4088149))
	        ->  Bitmap Index Scan on sbtest5_pkey  (cost=0.00..22.36 rows=992 width=0)
	              Index Cond: ((id >= 4087150) AND (id <= 4088149))

table 6 : explain SELECT count(c) FROM sbtest6 WHERE id BETWEEN 8217185 AND 8218184
	Aggregate  (cost=4222.49..4222.50 rows=1 width=8)
	  ->  Bitmap Heap Scan on sbtest6  (cost=27.65..4219.76 rows=1094 width=121)
	        Recheck Cond: ((id >= 8217185) AND (id <= 8218184))
	        ->  Bitmap Index Scan on sbtest6_pkey  (cost=0.00..27.37 rows=1094 width=0)
	              Index Cond: ((id >= 8217185) AND (id <= 8218184))

table 7 : explain SELECT count(c) FROM sbtest7 WHERE id BETWEEN 2100098 AND 2101097
	Aggregate  (cost=3620.23..3620.24 rows=1 width=8)
	  ->  Bitmap Heap Scan on sbtest7  (cost=22.02..3617.89 rows=935 width=121)
	        Recheck Cond: ((id >= 2100098) AND (id <= 2101097))
	        ->  Bitmap Index Scan on sbtest7_pkey  (cost=0.00..21.79 rows=935 width=0)
	              Index Cond: ((id >= 2100098) AND (id <= 2101097))

table 8 : explain SELECT count(c) FROM sbtest8 WHERE id BETWEEN 8218034 AND 8219033
	Aggregate  (cost=4253.68..4253.69 rows=1 width=8)
	  ->  Bitmap Heap Scan on sbtest8  (cost=27.73..4250.92 rows=1102 width=121)
	        Recheck Cond: ((id >= 8218034) AND (id <= 8219033))
	        ->  Bitmap Index Scan on sbtest8_pkey  (cost=0.00..27.45 rows=1102 width=0)
	              Index Cond: ((id >= 8218034) AND (id <= 8219033))

for: count_ranges
table 1 : explain SELECT count(c) FROM sbtest1 WHERE id BETWEEN 3405311 AND 3406310
	Aggregate  (cost=3658.58..3658.59 rows=1 width=8)
	  ->  Bitmap Heap Scan on sbtest1  (cost=22.13..3656.22 rows=946 width=121)
	        Recheck Cond: ((id >= 3405311) AND (id <= 3406310))
	        ->  Bitmap Index Scan on sbtest1_pkey  (cost=0.00..21.89 rows=946 width=0)
	              Index Cond: ((id >= 3405311) AND (id <= 3406310))

table 2 : explain SELECT count(c) FROM sbtest2 WHERE id BETWEEN 3163795 AND 3164794
	Aggregate  (cost=3912.33..3912.34 rows=1 width=8)
	  ->  Bitmap Heap Scan on sbtest2  (cost=22.82..3909.80 rows=1013 width=121)
	        Recheck Cond: ((id >= 3163795) AND (id <= 3164794))
	        ->  Bitmap Index Scan on sbtest2_pkey  (cost=0.00..22.57 rows=1013 width=0)
	              Index Cond: ((id >= 3163795) AND (id <= 3164794))

table 3 : explain SELECT count(c) FROM sbtest3 WHERE id BETWEEN 8700520 AND 8701519
	Aggregate  (cost=3848.35..3848.36 rows=1 width=8)
	  ->  Bitmap Heap Scan on sbtest3  (cost=22.64..3845.86 rows=996 width=121)
	        Recheck Cond: ((id >= 8700520) AND (id <= 8701519))
	        ->  Bitmap Index Scan on sbtest3_pkey  (cost=0.00..22.39 rows=996 width=0)
	              Index Cond: ((id >= 8700520) AND (id <= 8701519))

table 4 : explain SELECT count(c) FROM sbtest4 WHERE id BETWEEN 8362615 AND 8363614
	Aggregate  (cost=4139.43..4139.44 rows=1 width=8)
	  ->  Bitmap Heap Scan on sbtest4  (cost=23.43..4136.75 rows=1073 width=121)
	        Recheck Cond: ((id >= 8362615) AND (id <= 8363614))
	        ->  Bitmap Index Scan on sbtest4_pkey  (cost=0.00..23.16 rows=1073 width=0)
	              Index Cond: ((id >= 8362615) AND (id <= 8363614))

table 5 : explain SELECT count(c) FROM sbtest5 WHERE id BETWEEN 7546846 AND 7547845
	Aggregate  (cost=4000.22..4000.23 rows=1 width=8)
	  ->  Bitmap Heap Scan on sbtest5  (cost=23.05..3997.63 rows=1036 width=121)
	        Recheck Cond: ((id >= 7546846) AND (id <= 7547845))
	        ->  Bitmap Index Scan on sbtest5_pkey  (cost=0.00..22.79 rows=1036 width=0)
	              Index Cond: ((id >= 7546846) AND (id <= 7547845))

table 6 : explain SELECT count(c) FROM sbtest6 WHERE id BETWEEN 8435968 AND 8436967
	Aggregate  (cost=3989.00..3989.01 rows=1 width=8)
	  ->  Bitmap Heap Scan on sbtest6  (cost=23.02..3986.42 rows=1033 width=121)
	        Recheck Cond: ((id >= 8435968) AND (id <= 8436967))
	        ->  Bitmap Index Scan on sbtest6_pkey  (cost=0.00..22.76 rows=1033 width=0)
	              Index Cond: ((id >= 8435968) AND (id <= 8436967))

table 7 : explain SELECT count(c) FROM sbtest7 WHERE id BETWEEN 3029585 AND 3030584
	Aggregate  (cost=3763.78..3763.79 rows=1 width=8)
	  ->  Bitmap Heap Scan on sbtest7  (cost=22.41..3761.35 rows=973 width=121)
	        Recheck Cond: ((id >= 3029585) AND (id <= 3030584))
	        ->  Bitmap Index Scan on sbtest7_pkey  (cost=0.00..22.16 rows=973 width=0)
	              Index Cond: ((id >= 3029585) AND (id <= 3030584))

table 8 : explain SELECT count(c) FROM sbtest8 WHERE id BETWEEN 7897302 AND 7898301
	Aggregate  (cost=4321.35..4321.36 rows=1 width=8)
	  ->  Bitmap Heap Scan on sbtest8  (cost=27.93..4318.54 rows=1121 width=121)
	        Recheck Cond: ((id >= 7897302) AND (id <= 7898301))
	        ->  Bitmap Index Scan on sbtest8_pkey  (cost=0.00..27.64 rows=1121 width=0)
	              Index Cond: ((id >= 7897302) AND (id <= 7898301))

for: count_ranges
table 1 : explain SELECT count(c) FROM sbtest1 WHERE id BETWEEN 706916 AND 707915
	Aggregate  (cost=3926.17..3926.18 rows=1 width=8)
	  ->  Bitmap Heap Scan on sbtest1  (cost=22.86..3923.63 rows=1017 width=121)
	        Recheck Cond: ((id >= 706916) AND (id <= 707915))
	        ->  Bitmap Index Scan on sbtest1_pkey  (cost=0.00..22.61 rows=1017 width=0)
	              Index Cond: ((id >= 706916) AND (id <= 707915))

table 2 : explain SELECT count(c) FROM sbtest2 WHERE id BETWEEN 9575554 AND 9576553
	Aggregate  (cost=3572.81..3572.82 rows=1 width=8)
	  ->  Bitmap Heap Scan on sbtest2  (cost=21.90..3570.50 rows=923 width=121)
	        Recheck Cond: ((id >= 9575554) AND (id <= 9576553))
	        ->  Bitmap Index Scan on sbtest2_pkey  (cost=0.00..21.66 rows=923 width=0)
	              Index Cond: ((id >= 9575554) AND (id <= 9576553))

table 3 : explain SELECT count(c) FROM sbtest3 WHERE id BETWEEN 8604200 AND 8605199
	Aggregate  (cost=3791.80..3791.81 rows=1 width=8)
	  ->  Bitmap Heap Scan on sbtest3  (cost=22.49..3789.35 rows=981 width=121)
	        Recheck Cond: ((id >= 8604200) AND (id <= 8605199))
	        ->  Bitmap Index Scan on sbtest3_pkey  (cost=0.00..22.25 rows=981 width=0)
	              Index Cond: ((id >= 8604200) AND (id <= 8605199))

table 4 : explain SELECT count(c) FROM sbtest4 WHERE id BETWEEN 623515 AND 624514
	Aggregate  (cost=3732.53..3732.54 rows=1 width=8)
	  ->  Bitmap Heap Scan on sbtest4  (cost=22.33..3730.11 rows=965 width=121)
	        Recheck Cond: ((id >= 623515) AND (id <= 624514))
	        ->  Bitmap Index Scan on sbtest4_pkey  (cost=0.00..22.08 rows=965 width=0)
	              Index Cond: ((id >= 623515) AND (id <= 624514))

table 5 : explain SELECT count(c) FROM sbtest5 WHERE id BETWEEN 3986756 AND 3987755
	Aggregate  (cost=3932.42..3932.43 rows=1 width=8)
	  ->  Bitmap Heap Scan on sbtest5  (cost=22.87..3929.88 rows=1018 width=121)
	        Recheck Cond: ((id >= 3986756) AND (id <= 3987755))
	        ->  Bitmap Index Scan on sbtest5_pkey  (cost=0.00..22.61 rows=1018 width=0)
	              Index Cond: ((id >= 3986756) AND (id <= 3987755))

table 6 : explain SELECT count(c) FROM sbtest6 WHERE id BETWEEN 5645603 AND 5646602
	Aggregate  (cost=3743.94..3743.95 rows=1 width=8)
	  ->  Bitmap Heap Scan on sbtest6  (cost=22.36..3741.52 rows=968 width=121)
	        Recheck Cond: ((id >= 5645603) AND (id <= 5646602))
	        ->  Bitmap Index Scan on sbtest6_pkey  (cost=0.00..22.11 rows=968 width=0)
	              Index Cond: ((id >= 5645603) AND (id <= 5646602))

table 7 : explain SELECT count(c) FROM sbtest7 WHERE id BETWEEN 235061 AND 236060
	Aggregate  (cost=3824.16..3824.17 rows=1 width=8)
	  ->  Bitmap Heap Scan on sbtest7  (cost=22.57..3821.69 rows=989 width=121)
	        Recheck Cond: ((id >= 235061) AND (id <= 236060))
	        ->  Bitmap Index Scan on sbtest7_pkey  (cost=0.00..22.32 rows=989 width=0)
	              Index Cond: ((id >= 235061) AND (id <= 236060))

table 8 : explain SELECT count(c) FROM sbtest8 WHERE id BETWEEN 6129020 AND 6130019
	Aggregate  (cost=3990.02..3990.03 rows=1 width=8)
	  ->  Bitmap Heap Scan on sbtest8  (cost=23.02..3987.44 rows=1033 width=121)
	        Recheck Cond: ((id >= 6129020) AND (id <= 6130019))
	        ->  Bitmap Index Scan on sbtest8_pkey  (cost=0.00..22.76 rows=1033 width=0)
	              Index Cond: ((id >= 6129020) AND (id <= 6130019))

for: count_ranges
table 1 : explain SELECT count(c) FROM sbtest1 WHERE id BETWEEN 5805651 AND 5806650
	Aggregate  (cost=3409.23..3409.24 rows=1 width=8)
	  ->  Bitmap Heap Scan on sbtest1  (cost=21.45..3407.03 rows=880 width=121)
	        Recheck Cond: ((id >= 5805651) AND (id <= 5806650))
	        ->  Bitmap Index Scan on sbtest1_pkey  (cost=0.00..21.23 rows=880 width=0)
	              Index Cond: ((id >= 5805651) AND (id <= 5806650))

table 2 : explain SELECT count(c) FROM sbtest2 WHERE id BETWEEN 3713926 AND 3714925
	Aggregate  (cost=3618.14..3618.15 rows=1 width=8)
	  ->  Bitmap Heap Scan on sbtest2  (cost=22.02..3615.80 rows=935 width=121)
	        Recheck Cond: ((id >= 3713926) AND (id <= 3714925))
	        ->  Bitmap Index Scan on sbtest2_pkey  (cost=0.00..21.79 rows=935 width=0)
	              Index Cond: ((id >= 3713926) AND (id <= 3714925))

table 3 : explain SELECT count(c) FROM sbtest3 WHERE id BETWEEN 1162640 AND 1163639
	Aggregate  (cost=3806.89..3806.90 rows=1 width=8)
	  ->  Bitmap Heap Scan on sbtest3  (cost=22.53..3804.42 rows=985 width=121)
	        Recheck Cond: ((id >= 1162640) AND (id <= 1163639))
	        ->  Bitmap Index Scan on sbtest3_pkey  (cost=0.00..22.29 rows=985 width=0)
	              Index Cond: ((id >= 1162640) AND (id <= 1163639))

table 4 : explain SELECT count(c) FROM sbtest4 WHERE id BETWEEN 4139296 AND 4140295
	Aggregate  (cost=3736.30..3736.31 rows=1 width=8)
	  ->  Bitmap Heap Scan on sbtest4  (cost=22.34..3733.89 rows=966 width=121)
	        Recheck Cond: ((id >= 4139296) AND (id <= 4140295))
	        ->  Bitmap Index Scan on sbtest4_pkey  (cost=0.00..22.09 rows=966 width=0)
	              Index Cond: ((id >= 4139296) AND (id <= 4140295))

table 5 : explain SELECT count(c) FROM sbtest5 WHERE id BETWEEN 7153429 AND 7154428
	Aggregate  (cost=3973.86..3973.87 rows=1 width=8)
	  ->  Bitmap Heap Scan on sbtest5  (cost=22.98..3971.29 rows=1029 width=121)
	        Recheck Cond: ((id >= 7153429) AND (id <= 7154428))
	        ->  Bitmap Index Scan on sbtest5_pkey  (cost=0.00..22.72 rows=1029 width=0)
	              Index Cond: ((id >= 7153429) AND (id <= 7154428))

table 6 : explain SELECT count(c) FROM sbtest6 WHERE id BETWEEN 199471 AND 200470
	Aggregate  (cost=3936.26..3936.27 rows=1 width=8)
	  ->  Bitmap Heap Scan on sbtest6  (cost=22.88..3933.72 rows=1019 width=121)
	        Recheck Cond: ((id >= 199471) AND (id <= 200470))
	        ->  Bitmap Index Scan on sbtest6_pkey  (cost=0.00..22.62 rows=1019 width=0)
	              Index Cond: ((id >= 199471) AND (id <= 200470))

table 7 : explain SELECT count(c) FROM sbtest7 WHERE id BETWEEN 9450611 AND 9451610
	Aggregate  (cost=3786.43..3786.44 rows=1 width=8)
	  ->  Bitmap Heap Scan on sbtest7  (cost=22.47..3783.98 rows=979 width=121)
	        Recheck Cond: ((id >= 9450611) AND (id <= 9451610))
	        ->  Bitmap Index Scan on sbtest7_pkey  (cost=0.00..22.22 rows=979 width=0)
	              Index Cond: ((id >= 9450611) AND (id <= 9451610))

table 8 : explain SELECT count(c) FROM sbtest8 WHERE id BETWEEN 5948500 AND 5949499
	Aggregate  (cost=3907.11..3907.12 rows=1 width=8)
	  ->  Bitmap Heap Scan on sbtest8  (cost=22.80..3904.58 rows=1011 width=121)
	        Recheck Cond: ((id >= 5948500) AND (id <= 5949499))
	        ->  Bitmap Index Scan on sbtest8_pkey  (cost=0.00..22.54 rows=1011 width=0)
	              Index Cond: ((id >= 5948500) AND (id <= 5949499))

for: count_ranges
table 1 : explain SELECT count(c) FROM sbtest1 WHERE id BETWEEN 7930872 AND 7931871
	Aggregate  (cost=4174.33..4174.34 rows=1 width=8)
	  ->  Bitmap Heap Scan on sbtest1  (cost=23.54..4171.63 rows=1083 width=121)
	        Recheck Cond: ((id >= 7930872) AND (id <= 7931871))
	        ->  Bitmap Index Scan on sbtest1_pkey  (cost=0.00..23.26 rows=1083 width=0)
	              Index Cond: ((id >= 7930872) AND (id <= 7931871))

table 2 : explain SELECT count(c) FROM sbtest2 WHERE id BETWEEN 7171689 AND 7172688
	Aggregate  (cost=4111.78..4111.79 rows=1 width=8)
	  ->  Bitmap Heap Scan on sbtest2  (cost=23.36..4109.12 rows=1066 width=121)
	        Recheck Cond: ((id >= 7171689) AND (id <= 7172688))
	        ->  Bitmap Index Scan on sbtest2_pkey  (cost=0.00..23.09 rows=1066 width=0)
	              Index Cond: ((id >= 7171689) AND (id <= 7172688))

table 3 : explain SELECT count(c) FROM sbtest3 WHERE id BETWEEN 4538958 AND 4539957
	Aggregate  (cost=3712.59..3712.60 rows=1 width=8)
	  ->  Bitmap Heap Scan on sbtest3  (cost=22.27..3710.19 rows=960 width=121)
	        Recheck Cond: ((id >= 4538958) AND (id <= 4539957))
	        ->  Bitmap Index Scan on sbtest3_pkey  (cost=0.00..22.04 rows=960 width=0)
	              Index Cond: ((id >= 4538958) AND (id <= 4539957))

table 4 : explain SELECT count(c) FROM sbtest4 WHERE id BETWEEN 3045146 AND 3046145
	Aggregate  (cost=3913.56..3913.57 rows=1 width=8)
	  ->  Bitmap Heap Scan on sbtest4  (cost=22.82..3911.02 rows=1013 width=121)
	        Recheck Cond: ((id >= 3045146) AND (id <= 3046145))
	        ->  Bitmap Index Scan on sbtest4_pkey  (cost=0.00..22.57 rows=1013 width=0)
	              Index Cond: ((id >= 3045146) AND (id <= 3046145))

table 5 : explain SELECT count(c) FROM sbtest5 WHERE id BETWEEN 2612523 AND 2613522
	Aggregate  (cost=3751.42..3751.43 rows=1 width=8)
	  ->  Bitmap Heap Scan on sbtest5  (cost=22.38..3749.00 rows=970 width=121)
	        Recheck Cond: ((id >= 2612523) AND (id <= 2613522))
	        ->  Bitmap Index Scan on sbtest5_pkey  (cost=0.00..22.14 rows=970 width=0)
	              Index Cond: ((id >= 2612523) AND (id <= 2613522))

table 6 : explain SELECT count(c) FROM sbtest6 WHERE id BETWEEN 9997919 AND 9998918
	Aggregate  (cost=3740.17..3740.18 rows=1 width=8)
	  ->  Bitmap Heap Scan on sbtest6  (cost=22.35..3737.75 rows=967 width=121)
	        Recheck Cond: ((id >= 9997919) AND (id <= 9998918))
	        ->  Bitmap Index Scan on sbtest6_pkey  (cost=0.00..22.11 rows=967 width=0)
	              Index Cond: ((id >= 9997919) AND (id <= 9998918))

table 7 : explain SELECT count(c) FROM sbtest7 WHERE id BETWEEN 5816070 AND 5817069
	Aggregate  (cost=4005.13..4005.14 rows=1 width=8)
	  ->  Bitmap Heap Scan on sbtest7  (cost=23.06..4002.53 rows=1037 width=121)
	        Recheck Cond: ((id >= 5816070) AND (id <= 5817069))
	        ->  Bitmap Index Scan on sbtest7_pkey  (cost=0.00..22.80 rows=1037 width=0)
	              Index Cond: ((id >= 5816070) AND (id <= 5817069))

table 8 : explain SELECT count(c) FROM sbtest8 WHERE id BETWEEN 146256 AND 147255
	Aggregate  (cost=3336.31..3336.32 rows=1 width=8)
	  ->  Bitmap Heap Scan on sbtest8  (cost=21.25..3334.16 rows=860 width=121)
	        Recheck Cond: ((id >= 146256) AND (id <= 147255))
	        ->  Bitmap Index Scan on sbtest8_pkey  (cost=0.00..21.04 rows=860 width=0)
	              Index Cond: ((id >= 146256) AND (id <= 147255))

for: count_ranges
table 1 : explain SELECT count(c) FROM sbtest1 WHERE id BETWEEN 8750535 AND 8751534
	Aggregate  (cost=4399.74..4399.75 rows=1 width=8)
	  ->  Bitmap Heap Scan on sbtest1  (cost=28.15..4396.88 rows=1143 width=121)
	        Recheck Cond: ((id >= 8750535) AND (id <= 8751534))
	        ->  Bitmap Index Scan on sbtest1_pkey  (cost=0.00..27.86 rows=1143 width=0)
	              Index Cond: ((id >= 8750535) AND (id <= 8751534))

table 2 : explain SELECT count(c) FROM sbtest2 WHERE id BETWEEN 3763834 AND 3764833
	Aggregate  (cost=3618.14..3618.15 rows=1 width=8)
	  ->  Bitmap Heap Scan on sbtest2  (cost=22.02..3615.80 rows=935 width=121)
	        Recheck Cond: ((id >= 3763834) AND (id <= 3764833))
	        ->  Bitmap Index Scan on sbtest2_pkey  (cost=0.00..21.79 rows=935 width=0)
	              Index Cond: ((id >= 3763834) AND (id <= 3764833))

table 3 : explain SELECT count(c) FROM sbtest3 WHERE id BETWEEN 6183407 AND 6184406
	Aggregate  (cost=4341.26..4341.27 rows=1 width=8)
	  ->  Bitmap Heap Scan on sbtest3  (cost=27.99..4338.44 rows=1127 width=121)
	        Recheck Cond: ((id >= 6183407) AND (id <= 6184406))
	        ->  Bitmap Index Scan on sbtest3_pkey  (cost=0.00..27.70 rows=1127 width=0)
	              Index Cond: ((id >= 6183407) AND (id <= 6184406))

table 4 : explain SELECT count(c) FROM sbtest4 WHERE id BETWEEN 518910 AND 519909
	Aggregate  (cost=4022.79..4022.80 rows=1 width=8)
	  ->  Bitmap Heap Scan on sbtest4  (cost=23.12..4020.18 rows=1042 width=121)
	        Recheck Cond: ((id >= 518910) AND (id <= 519909))
	        ->  Bitmap Index Scan on sbtest4_pkey  (cost=0.00..22.86 rows=1042 width=0)
	              Index Cond: ((id >= 518910) AND (id <= 519909))

table 5 : explain SELECT count(c) FROM sbtest5 WHERE id BETWEEN 2374510 AND 2375509
	Aggregate  (cost=3702.35..3702.36 rows=1 width=8)
	  ->  Bitmap Heap Scan on sbtest5  (cost=22.24..3699.96 rows=957 width=121)
	        Recheck Cond: ((id >= 2374510) AND (id <= 2375509))
	        ->  Bitmap Index Scan on sbtest5_pkey  (cost=0.00..22.00 rows=957 width=0)
	              Index Cond: ((id >= 2374510) AND (id <= 2375509))

table 6 : explain SELECT count(c) FROM sbtest6 WHERE id BETWEEN 3606368 AND 3607367
	Aggregate  (cost=3486.98..3486.99 rows=1 width=8)
	  ->  Bitmap Heap Scan on sbtest6  (cost=21.66..3484.73 rows=900 width=121)
	        Recheck Cond: ((id >= 3606368) AND (id <= 3607367))
	        ->  Bitmap Index Scan on sbtest6_pkey  (cost=0.00..21.43 rows=900 width=0)
	              Index Cond: ((id >= 3606368) AND (id <= 3607367))

table 7 : explain SELECT count(c) FROM sbtest7 WHERE id BETWEEN 1496062 AND 1497061
	Aggregate  (cost=3688.25..3688.26 rows=1 width=8)
	  ->  Bitmap Heap Scan on sbtest7  (cost=22.20..3685.87 rows=953 width=121)
	        Recheck Cond: ((id >= 1496062) AND (id <= 1497061))
	        ->  Bitmap Index Scan on sbtest7_pkey  (cost=0.00..21.96 rows=953 width=0)
	              Index Cond: ((id >= 1496062) AND (id <= 1497061))

table 8 : explain SELECT count(c) FROM sbtest8 WHERE id BETWEEN 782225 AND 783224
	Aggregate  (cost=3880.71..3880.72 rows=1 width=8)
	  ->  Bitmap Heap Scan on sbtest8  (cost=22.73..3878.20 rows=1004 width=121)
	        Recheck Cond: ((id >= 782225) AND (id <= 783224))
	        ->  Bitmap Index Scan on sbtest8_pkey  (cost=0.00..22.47 rows=1004 width=0)
	              Index Cond: ((id >= 782225) AND (id <= 783224))

for: count_ranges
table 1 : explain SELECT count(c) FROM sbtest1 WHERE id BETWEEN 1423749 AND 1424748
	Aggregate  (cost=3779.27..3779.28 rows=1 width=8)
	  ->  Bitmap Heap Scan on sbtest1  (cost=22.46..3776.82 rows=978 width=121)
	        Recheck Cond: ((id >= 1423749) AND (id <= 1424748))
	        ->  Bitmap Index Scan on sbtest1_pkey  (cost=0.00..22.21 rows=978 width=0)
	              Index Cond: ((id >= 1423749) AND (id <= 1424748))

table 2 : explain SELECT count(c) FROM sbtest2 WHERE id BETWEEN 9928707 AND 9929706
	Aggregate  (cost=3855.82..3855.83 rows=1 width=8)
	  ->  Bitmap Heap Scan on sbtest2  (cost=22.66..3853.32 rows=998 width=121)
	        Recheck Cond: ((id >= 9928707) AND (id <= 9929706))
	        ->  Bitmap Index Scan on sbtest2_pkey  (cost=0.00..22.41 rows=998 width=0)
	              Index Cond: ((id >= 9928707) AND (id <= 9929706))

table 3 : explain SELECT count(c) FROM sbtest3 WHERE id BETWEEN 5164888 AND 5165887
	Aggregate  (cost=4047.92..4047.93 rows=1 width=8)
	  ->  Bitmap Heap Scan on sbtest3  (cost=23.19..4045.30 rows=1049 width=121)
	        Recheck Cond: ((id >= 5164888) AND (id <= 5165887))
	        ->  Bitmap Index Scan on sbtest3_pkey  (cost=0.00..22.93 rows=1049 width=0)
	              Index Cond: ((id >= 5164888) AND (id <= 5165887))

table 4 : explain SELECT count(c) FROM sbtest4 WHERE id BETWEEN 2641626 AND 2642625
	Aggregate  (cost=4049.14..4049.15 rows=1 width=8)
	  ->  Bitmap Heap Scan on sbtest4  (cost=23.19..4046.51 rows=1049 width=121)
	        Recheck Cond: ((id >= 2641626) AND (id <= 2642625))
	        ->  Bitmap Index Scan on sbtest4_pkey  (cost=0.00..22.93 rows=1049 width=0)
	              Index Cond: ((id >= 2641626) AND (id <= 2642625))

table 5 : explain SELECT count(c) FROM sbtest5 WHERE id BETWEEN 7837406 AND 7838405
	Aggregate  (cost=3906.05..3906.06 rows=1 width=8)
	  ->  Bitmap Heap Scan on sbtest5  (cost=22.80..3903.52 rows=1011 width=121)
	        Recheck Cond: ((id >= 7837406) AND (id <= 7838405))
	        ->  Bitmap Index Scan on sbtest5_pkey  (cost=0.00..22.54 rows=1011 width=0)
	              Index Cond: ((id >= 7837406) AND (id <= 7838405))

table 6 : explain SELECT count(c) FROM sbtest6 WHERE id BETWEEN 6809025 AND 6810024
	Aggregate  (cost=3823.17..3823.18 rows=1 width=8)
	  ->  Bitmap Heap Scan on sbtest6  (cost=22.57..3820.70 rows=989 width=121)
	        Recheck Cond: ((id >= 6809025) AND (id <= 6810024))
	        ->  Bitmap Index Scan on sbtest6_pkey  (cost=0.00..22.32 rows=989 width=0)
	              Index Cond: ((id >= 6809025) AND (id <= 6810024))

table 7 : explain SELECT count(c) FROM sbtest7 WHERE id BETWEEN 8962982 AND 8963981
	Aggregate  (cost=3718.47..3718.48 rows=1 width=8)
	  ->  Bitmap Heap Scan on sbtest7  (cost=22.29..3716.06 rows=961 width=121)
	        Recheck Cond: ((id >= 8962982) AND (id <= 8963981))
	        ->  Bitmap Index Scan on sbtest7_pkey  (cost=0.00..22.04 rows=961 width=0)
	              Index Cond: ((id >= 8962982) AND (id <= 8963981))

table 8 : explain SELECT count(c) FROM sbtest8 WHERE id BETWEEN 9921562 AND 9922561
	Aggregate  (cost=3759.97..3759.98 rows=1 width=8)
	  ->  Bitmap Heap Scan on sbtest8  (cost=22.40..3757.54 rows=972 width=121)
	        Recheck Cond: ((id >= 9921562) AND (id <= 9922561))
	        ->  Bitmap Index Scan on sbtest8_pkey  (cost=0.00..22.15 rows=972 width=0)
	              Index Cond: ((id >= 9921562) AND (id <= 9922561))

for: count_ranges
table 1 : explain SELECT count(c) FROM sbtest1 WHERE id BETWEEN 6167095 AND 6168094
	Aggregate  (cost=3850.86..3850.87 rows=1 width=8)
	  ->  Bitmap Heap Scan on sbtest1  (cost=22.65..3848.37 rows=997 width=121)
	        Recheck Cond: ((id >= 6167095) AND (id <= 6168094))
	        ->  Bitmap Index Scan on sbtest1_pkey  (cost=0.00..22.40 rows=997 width=0)
	              Index Cond: ((id >= 6167095) AND (id <= 6168094))

table 2 : explain SELECT count(c) FROM sbtest2 WHERE id BETWEEN 6340598 AND 6341597
	Aggregate  (cost=3983.87..3983.88 rows=1 width=8)
	  ->  Bitmap Heap Scan on sbtest2  (cost=23.01..3981.29 rows=1032 width=121)
	        Recheck Cond: ((id >= 6340598) AND (id <= 6341597))
	        ->  Bitmap Index Scan on sbtest2_pkey  (cost=0.00..22.75 rows=1032 width=0)
	              Index Cond: ((id >= 6340598) AND (id <= 6341597))

table 3 : explain SELECT count(c) FROM sbtest3 WHERE id BETWEEN 1455 AND 2454
	Aggregate  (cost=3772.95..3772.96 rows=1 width=8)
	  ->  Bitmap Heap Scan on sbtest3  (cost=22.44..3770.51 rows=976 width=121)
	        Recheck Cond: ((id >= 1455) AND (id <= 2454))
	        ->  Bitmap Index Scan on sbtest3_pkey  (cost=0.00..22.19 rows=976 width=0)
	              Index Cond: ((id >= 1455) AND (id <= 2454))

table 4 : explain SELECT count(c) FROM sbtest4 WHERE id BETWEEN 9769771 AND 9770770
	Aggregate  (cost=3747.62..3747.63 rows=1 width=8)
	  ->  Bitmap Heap Scan on sbtest4  (cost=22.37..3745.20 rows=969 width=121)
	        Recheck Cond: ((id >= 9769771) AND (id <= 9770770))
	        ->  Bitmap Index Scan on sbtest4_pkey  (cost=0.00..22.12 rows=969 width=0)
	              Index Cond: ((id >= 9769771) AND (id <= 9770770))

table 5 : explain SELECT count(c) FROM sbtest5 WHERE id BETWEEN 166523 AND 167522
	Aggregate  (cost=3551.21..3551.22 rows=1 width=8)
	  ->  Bitmap Heap Scan on sbtest5  (cost=21.83..3548.92 rows=917 width=121)
	        Recheck Cond: ((id >= 166523) AND (id <= 167522))
	        ->  Bitmap Index Scan on sbtest5_pkey  (cost=0.00..21.61 rows=917 width=0)
	              Index Cond: ((id >= 166523) AND (id <= 167522))

table 6 : explain SELECT count(c) FROM sbtest6 WHERE id BETWEEN 9157416 AND 9158415
	Aggregate  (cost=3777.90..3777.91 rows=1 width=8)
	  ->  Bitmap Heap Scan on sbtest6  (cost=22.45..3775.46 rows=977 width=121)
	        Recheck Cond: ((id >= 9157416) AND (id <= 9158415))
	        ->  Bitmap Index Scan on sbtest6_pkey  (cost=0.00..22.20 rows=977 width=0)
	              Index Cond: ((id >= 9157416) AND (id <= 9158415))

table 7 : explain SELECT count(c) FROM sbtest7 WHERE id BETWEEN 7105678 AND 7106677
	Aggregate  (cost=3692.03..3692.04 rows=1 width=8)
	  ->  Bitmap Heap Scan on sbtest7  (cost=22.21..3689.64 rows=954 width=121)
	        Recheck Cond: ((id >= 7105678) AND (id <= 7106677))
	        ->  Bitmap Index Scan on sbtest7_pkey  (cost=0.00..21.97 rows=954 width=0)
	              Index Cond: ((id >= 7105678) AND (id <= 7106677))

table 8 : explain SELECT count(c) FROM sbtest8 WHERE id BETWEEN 8609346 AND 8610345
	Aggregate  (cost=3650.43..3650.44 rows=1 width=8)
	  ->  Bitmap Heap Scan on sbtest8  (cost=22.10..3648.07 rows=943 width=121)
	        Recheck Cond: ((id >= 8609346) AND (id <= 8610345))
	        ->  Bitmap Index Scan on sbtest8_pkey  (cost=0.00..21.86 rows=943 width=0)
	              Index Cond: ((id >= 8609346) AND (id <= 8610345))

for: count_ranges
table 1 : explain SELECT count(c) FROM sbtest1 WHERE id BETWEEN 1153872 AND 1154871
	Aggregate  (cost=4095.43..4095.44 rows=1 width=8)
	  ->  Bitmap Heap Scan on sbtest1  (cost=23.32..4092.78 rows=1062 width=121)
	        Recheck Cond: ((id >= 1153872) AND (id <= 1154871))
	        ->  Bitmap Index Scan on sbtest1_pkey  (cost=0.00..23.05 rows=1062 width=0)
	              Index Cond: ((id >= 1153872) AND (id <= 1154871))

table 2 : explain SELECT count(c) FROM sbtest2 WHERE id BETWEEN 9493287 AND 9494286
	Aggregate  (cost=3572.81..3572.82 rows=1 width=8)
	  ->  Bitmap Heap Scan on sbtest2  (cost=21.90..3570.50 rows=923 width=121)
	        Recheck Cond: ((id >= 9493287) AND (id <= 9494286))
	        ->  Bitmap Index Scan on sbtest2_pkey  (cost=0.00..21.66 rows=923 width=0)
	              Index Cond: ((id >= 9493287) AND (id <= 9494286))

table 3 : explain SELECT count(c) FROM sbtest3 WHERE id BETWEEN 4262784 AND 4263783
	Aggregate  (cost=3942.53..3942.54 rows=1 width=8)
	  ->  Bitmap Heap Scan on sbtest3  (cost=22.90..3939.98 rows=1021 width=121)
	        Recheck Cond: ((id >= 4262784) AND (id <= 4263783))
	        ->  Bitmap Index Scan on sbtest3_pkey  (cost=0.00..22.64 rows=1021 width=0)
	              Index Cond: ((id >= 4262784) AND (id <= 4263783))

table 4 : explain SELECT count(c) FROM sbtest4 WHERE id BETWEEN 1294608 AND 1295607
	Aggregate  (cost=3853.25..3853.26 rows=1 width=8)
	  ->  Bitmap Heap Scan on sbtest4  (cost=22.65..3850.75 rows=997 width=121)
	        Recheck Cond: ((id >= 1294608) AND (id <= 1295607))
	        ->  Bitmap Index Scan on sbtest4_pkey  (cost=0.00..22.40 rows=997 width=0)
	              Index Cond: ((id >= 1294608) AND (id <= 1295607))

table 5 : explain SELECT count(c) FROM sbtest5 WHERE id BETWEEN 9372338 AND 9373337
	Aggregate  (cost=4075.51..4075.52 rows=1 width=8)
	  ->  Bitmap Heap Scan on sbtest5  (cost=23.26..4072.87 rows=1056 width=121)
	        Recheck Cond: ((id >= 9372338) AND (id <= 9373337))
	        ->  Bitmap Index Scan on sbtest5_pkey  (cost=0.00..23.00 rows=1056 width=0)
	              Index Cond: ((id >= 9372338) AND (id <= 9373337))

table 6 : explain SELECT count(c) FROM sbtest6 WHERE id BETWEEN 9086239 AND 9087238
	Aggregate  (cost=4271.37..4271.38 rows=1 width=8)
	  ->  Bitmap Heap Scan on sbtest6  (cost=27.79..4268.60 rows=1108 width=121)
	        Recheck Cond: ((id >= 9086239) AND (id <= 9087238))
	        ->  Bitmap Index Scan on sbtest6_pkey  (cost=0.00..27.51 rows=1108 width=0)
	              Index Cond: ((id >= 9086239) AND (id <= 9087238))

table 7 : explain SELECT count(c) FROM sbtest7 WHERE id BETWEEN 8467784 AND 8468783
	Aggregate  (cost=3850.57..3850.58 rows=1 width=8)
	  ->  Bitmap Heap Scan on sbtest7  (cost=22.64..3848.08 rows=996 width=121)
	        Recheck Cond: ((id >= 8467784) AND (id <= 8468783))
	        ->  Bitmap Index Scan on sbtest7_pkey  (cost=0.00..22.39 rows=996 width=0)
	              Index Cond: ((id >= 8467784) AND (id <= 8468783))

table 8 : explain SELECT count(c) FROM sbtest8 WHERE id BETWEEN 6242540 AND 6243539
	Aggregate  (cost=3892.02..3892.03 rows=1 width=8)
	  ->  Bitmap Heap Scan on sbtest8  (cost=22.76..3889.51 rows=1007 width=121)
	        Recheck Cond: ((id >= 6242540) AND (id <= 6243539))
	        ->  Bitmap Index Scan on sbtest8_pkey  (cost=0.00..22.50 rows=1007 width=0)
	              Index Cond: ((id >= 6242540) AND (id <= 6243539))

Threads started!

Warming up for 5 seconds...

SQL statistics:
    queries performed:
        read:                            18583472
        write:                           0
        other:                           0
        total:                           18583472
    transactions:                        18583472 (29497.30 per sec.)
    queries:                             18583472 (29497.30 per sec.)
    ignored errors:                      0      (0.00 per sec.)
    reconnects:                          0      (0.00 per sec.)

Throughput:
    events/s (eps):                      29497.2970
    time elapsed:                        630.0060s
    total number of events:              18583472

Latency (ms):
         min:                                    0.11
         avg:                                    1.36
         max:                                    9.53
         95th percentile:                        1.44
         sum:                             25190733.81

Threads fairness:
    events (avg/stddev):           464586.4250/521.16
    execution time (avg/stddev):   629.7683/0.01

