LUA_PATH=/home/mdcallag/git/mytools/bench/sysbench.lua/lua/?.lua /home/mdcallag/git/mytools/bench/sysbench.lua/lua/sysbench --db-driver=pgsql --range-size=100 --table-size=10000000 --tables=8 --threads=40 --events=0 --warmup-time=5 --time=630 --pgsql_conn_id=true /home/mdcallag/git/mytools/bench/sysbench.lua/lua/oltp_point_select.lua run --pgsql-user=root --pgsql-password=pw --pgsql-host=127.0.0.1 --pgsql-db=ib --rand-type=uniform --skip-trx
48 CPUs
sysbench 1.1.0-9072687 (using bundled LuaJIT 2.1.0-beta3)

Running the test with following options:
Number of threads: 40
Warmup time: 5s
Initializing random number generator from current time


Initializing worker threads...

explain: for point_selects :: explain SELECT c FROM sbtest%u WHERE id=%u
explain: for point_selects :: explain SELECT c FROM sbtest%u WHERE id=%u
explain: for point_selects :: explain SELECT c FROM sbtest%u WHERE id=%u
explain: for point_selects :: explain SELECT c FROM sbtest%u WHERE id=%u
explain: for point_selects :: explain SELECT c FROM sbtest%u WHERE id=%u
for point_selects
table 1 : explain SELECT c FROM sbtest1 WHERE id=7640308
	Index Scan using sbtest1_pkey on sbtest1  (cost=0.43..8.45 rows=1 width=121)
	  Index Cond: (id = 7640308)

table 2 : explain SELECT c FROM sbtest2 WHERE id=7613999
	Index Scan using sbtest2_pkey on sbtest2  (cost=0.43..8.45 rows=1 width=121)
	  Index Cond: (id = 7613999)

table 3 : explain SELECT c FROM sbtest3 WHERE id=3712413
	Index Scan using sbtest3_pkey on sbtest3  (cost=0.43..8.45 rows=1 width=121)
	  Index Cond: (id = 3712413)

table 4 : explain SELECT c FROM sbtest4 WHERE id=4449800
	Index Scan using sbtest4_pkey on sbtest4  (cost=0.43..8.45 rows=1 width=121)
	  Index Cond: (id = 4449800)

table 5 : explain SELECT c FROM sbtest5 WHERE id=1815069
	Index Scan using sbtest5_pkey on sbtest5  (cost=0.43..8.45 rows=1 width=121)
	  Index Cond: (id = 1815069)

table 6 : explain SELECT c FROM sbtest6 WHERE id=1535909
	Index Scan using sbtest6_pkey on sbtest6  (cost=0.43..8.45 rows=1 width=121)
	  Index Cond: (id = 1535909)

table 7 : explain SELECT c FROM sbtest7 WHERE id=5927642
	Index Scan using sbtest7_pkey on sbtest7  (cost=0.43..8.45 rows=1 width=121)
	  Index Cond: (id = 5927642)

table 8 : explain SELECT c FROM sbtest8 WHERE id=2039467
	Index Scan using sbtest8_pkey on sbtest8  (cost=0.43..8.45 rows=1 width=121)
	  Index Cond: (id = 2039467)

for point_selects
table 1 : explain SELECT c FROM sbtest1 WHERE id=4602443
	Index Scan using sbtest1_pkey on sbtest1  (cost=0.43..8.45 rows=1 width=121)
	  Index Cond: (id = 4602443)

table 2 : explain SELECT c FROM sbtest2 WHERE id=9674448
	Index Scan using sbtest2_pkey on sbtest2  (cost=0.43..8.45 rows=1 width=121)
	  Index Cond: (id = 9674448)

table 3 : explain SELECT c FROM sbtest3 WHERE id=5493641
	Index Scan using sbtest3_pkey on sbtest3  (cost=0.43..8.45 rows=1 width=121)
	  Index Cond: (id = 5493641)

table 4 : explain SELECT c FROM sbtest4 WHERE id=6923174
	Index Scan using sbtest4_pkey on sbtest4  (cost=0.43..8.45 rows=1 width=121)
	  Index Cond: (id = 6923174)

table 5 : explain SELECT c FROM sbtest5 WHERE id=5257192
	Index Scan using sbtest5_pkey on sbtest5  (cost=0.43..8.45 rows=1 width=121)
	  Index Cond: (id = 5257192)

table 6 : explain SELECT c FROM sbtest6 WHERE id=9455217
	Index Scan using sbtest6_pkey on sbtest6  (cost=0.43..8.45 rows=1 width=121)
	  Index Cond: (id = 9455217)

table 7 : explain SELECT c FROM sbtest7 WHERE id=8463604
	Index Scan using sbtest7_pkey on sbtest7  (cost=0.43..8.45 rows=1 width=121)
	  Index Cond: (id = 8463604)

table 8 : explain SELECT c FROM sbtest8 WHERE id=7667393
	Index Scan using sbtest8_pkey on sbtest8  (cost=0.43..8.45 rows=1 width=121)
	  Index Cond: (id = 7667393)

explain: for point_selects :: explain SELECT c FROM sbtest%u WHERE id=%u
for point_selects
table 1 : explain SELECT c FROM sbtest1 WHERE id=2970063
	Index Scan using sbtest1_pkey on sbtest1  (cost=0.43..8.45 rows=1 width=121)
	  Index Cond: (id = 2970063)

table 2 : explain SELECT c FROM sbtest2 WHERE id=530573
	Index Scan using sbtest2_pkey on sbtest2  (cost=0.43..8.45 rows=1 width=121)
	  Index Cond: (id = 530573)

table 3 : explain SELECT c FROM sbtest3 WHERE id=9152248
	Index Scan using sbtest3_pkey on sbtest3  (cost=0.43..8.45 rows=1 width=121)
	  Index Cond: (id = 9152248)

table 4 : explain SELECT c FROM sbtest4 WHERE id=1265092
	Index Scan using sbtest4_pkey on sbtest4  (cost=0.43..8.45 rows=1 width=121)
	  Index Cond: (id = 1265092)

table 5 : explain SELECT c FROM sbtest5 WHERE id=7396163
	Index Scan using sbtest5_pkey on sbtest5  (cost=0.43..8.45 rows=1 width=121)
	  Index Cond: (id = 7396163)

table 6 : explain SELECT c FROM sbtest6 WHERE id=2107287
	Index Scan using sbtest6_pkey on sbtest6  (cost=0.43..8.45 rows=1 width=121)
	  Index Cond: (id = 2107287)

table 7 : explain SELECT c FROM sbtest7 WHERE id=8726814
	Index Scan using sbtest7_pkey on sbtest7  (cost=0.43..8.45 rows=1 width=121)
	  Index Cond: (id = 8726814)

table 8 : explain SELECT c FROM sbtest8 WHERE id=6721393
	Index Scan using sbtest8_pkey on sbtest8  (cost=0.43..8.45 rows=1 width=121)
	  Index Cond: (id = 6721393)

explain: for point_selects :: explain SELECT c FROM sbtest%u WHERE id=%u
explain: for point_selects :: explain SELECT c FROM sbtest%u WHERE id=%u
for point_selects
table 1 : explain SELECT c FROM sbtest1 WHERE id=6812159
	Index Scan using sbtest1_pkey on sbtest1  (cost=0.43..8.45 rows=1 width=121)
	  Index Cond: (id = 6812159)

table 2 : explain SELECT c FROM sbtest2 WHERE id=5040297
	Index Scan using sbtest2_pkey on sbtest2  (cost=0.43..8.45 rows=1 width=121)
	  Index Cond: (id = 5040297)

table 3 : explain SELECT c FROM sbtest3 WHERE id=4771894
	Index Scan using sbtest3_pkey on sbtest3  (cost=0.43..8.45 rows=1 width=121)
	  Index Cond: (id = 4771894)

table 4 : explain SELECT c FROM sbtest4 WHERE id=8736183
	Index Scan using sbtest4_pkey on sbtest4  (cost=0.43..8.45 rows=1 width=121)
	  Index Cond: (id = 8736183)

table 5 : explain SELECT c FROM sbtest5 WHERE id=6930145
	Index Scan using sbtest5_pkey on sbtest5  (cost=0.43..8.45 rows=1 width=121)
	  Index Cond: (id = 6930145)

table 6 : explain SELECT c FROM sbtest6 WHERE id=6957186
	Index Scan using sbtest6_pkey on sbtest6  (cost=0.43..8.45 rows=1 width=121)
	  Index Cond: (id = 6957186)

table 7 : explain SELECT c FROM sbtest7 WHERE id=7152158
	Index Scan using sbtest7_pkey on sbtest7  (cost=0.43..8.45 rows=1 width=121)
	  Index Cond: (id = 7152158)

table 8 : explain SELECT c FROM sbtest8 WHERE id=5531800
	Index Scan using sbtest8_pkey on sbtest8  (cost=0.43..8.45 rows=1 width=121)
	  Index Cond: (id = 5531800)

for point_selects
table 1 : explain SELECT c FROM sbtest1 WHERE id=4172371
	Index Scan using sbtest1_pkey on sbtest1  (cost=0.43..8.45 rows=1 width=121)
	  Index Cond: (id = 4172371)

table 2 : explain SELECT c FROM sbtest2 WHERE id=8242560
	Index Scan using sbtest2_pkey on sbtest2  (cost=0.43..8.45 rows=1 width=121)
	  Index Cond: (id = 8242560)

table 3 : explain SELECT c FROM sbtest3 WHERE id=1301768
	Index Scan using sbtest3_pkey on sbtest3  (cost=0.43..8.45 rows=1 width=121)
	  Index Cond: (id = 1301768)

table 4 : explain SELECT c FROM sbtest4 WHERE id=4239245
	Index Scan using sbtest4_pkey on sbtest4  (cost=0.43..8.45 rows=1 width=121)
	  Index Cond: (id = 4239245)

table 5 : explain SELECT c FROM sbtest5 WHERE id=6750470
	Index Scan using sbtest5_pkey on sbtest5  (cost=0.43..8.45 rows=1 width=121)
	  Index Cond: (id = 6750470)

table 6 : explain SELECT c FROM sbtest6 WHERE id=33140
	Index Scan using sbtest6_pkey on sbtest6  (cost=0.43..8.45 rows=1 width=121)
	  Index Cond: (id = 33140)

table 7 : explain SELECT c FROM sbtest7 WHERE id=7452119
	Index Scan using sbtest7_pkey on sbtest7  (cost=0.43..8.45 rows=1 width=121)
	  Index Cond: (id = 7452119)

table 8 : explain SELECT c FROM sbtest8 WHERE id=5707725
	Index Scan using sbtest8_pkey on sbtest8  (cost=0.43..8.45 rows=1 width=121)
	  Index Cond: (id = 5707725)

explain: for point_selects :: explain SELECT c FROM sbtest%u WHERE id=%u
explain: for point_selects :: explain SELECT c FROM sbtest%u WHERE id=%u
for point_selects
table 1 : explain SELECT c FROM sbtest1 WHERE id=5709156
	Index Scan using sbtest1_pkey on sbtest1  (cost=0.43..8.45 rows=1 width=121)
	  Index Cond: (id = 5709156)

table 2 : explain SELECT c FROM sbtest2 WHERE id=937356
	Index Scan using sbtest2_pkey on sbtest2  (cost=0.43..8.45 rows=1 width=121)
	  Index Cond: (id = 937356)

table 3 : explain SELECT c FROM sbtest3 WHERE id=2833348
	Index Scan using sbtest3_pkey on sbtest3  (cost=0.43..8.45 rows=1 width=121)
	  Index Cond: (id = 2833348)

table 4 : explain SELECT c FROM sbtest4 WHERE id=9510763
	Index Scan using sbtest4_pkey on sbtest4  (cost=0.43..8.45 rows=1 width=121)
	  Index Cond: (id = 9510763)

table 5 : explain SELECT c FROM sbtest5 WHERE id=2326395
	Index Scan using sbtest5_pkey on sbtest5  (cost=0.43..8.45 rows=1 width=121)
	  Index Cond: (id = 2326395)

table 6 : explain SELECT c FROM sbtest6 WHERE id=1268217
	Index Scan using sbtest6_pkey on sbtest6  (cost=0.43..8.45 rows=1 width=121)
	  Index Cond: (id = 1268217)

table 7 : explain SELECT c FROM sbtest7 WHERE id=1485167
	Index Scan using sbtest7_pkey on sbtest7  (cost=0.43..8.45 rows=1 width=121)
	  Index Cond: (id = 1485167)

table 8 : explain SELECT c FROM sbtest8 WHERE id=5021104
	Index Scan using sbtest8_pkey on sbtest8  (cost=0.43..8.45 rows=1 width=121)
	  Index Cond: (id = 5021104)

for point_selects
table 1 : explain SELECT c FROM sbtest1 WHERE id=7976073
	Index Scan using sbtest1_pkey on sbtest1  (cost=0.43..8.45 rows=1 width=121)
	  Index Cond: (id = 7976073)

table 2 : explain SELECT c FROM sbtest2 WHERE id=646037
	Index Scan using sbtest2_pkey on sbtest2  (cost=0.43..8.45 rows=1 width=121)
	  Index Cond: (id = 646037)

table 3 : explain SELECT c FROM sbtest3 WHERE id=4923419
	Index Scan using sbtest3_pkey on sbtest3  (cost=0.43..8.45 rows=1 width=121)
	  Index Cond: (id = 4923419)

table 4 : explain SELECT c FROM sbtest4 WHERE id=8382282
	Index Scan using sbtest4_pkey on sbtest4  (cost=0.43..8.45 rows=1 width=121)
	  Index Cond: (id = 8382282)

table 5 : explain SELECT c FROM sbtest5 WHERE id=3849609
	Index Scan using sbtest5_pkey on sbtest5  (cost=0.43..8.45 rows=1 width=121)
	  Index Cond: (id = 3849609)

table 6 : explain SELECT c FROM sbtest6 WHERE id=2797843
	Index Scan using sbtest6_pkey on sbtest6  (cost=0.43..8.45 rows=1 width=121)
	  Index Cond: (id = 2797843)

table 7 : explain SELECT c FROM sbtest7 WHERE id=5329794
	Index Scan using sbtest7_pkey on sbtest7  (cost=0.43..8.45 rows=1 width=121)
	  Index Cond: (id = 5329794)

table 8 : explain SELECT c FROM sbtest8 WHERE id=9309486
	Index Scan using sbtest8_pkey on sbtest8  (cost=0.43..8.45 rows=1 width=121)
	  Index Cond: (id = 9309486)

for point_selects
table 1 : explain SELECT c FROM sbtest1 WHERE id=6744522
	Index Scan using sbtest1_pkey on sbtest1  (cost=0.43..8.45 rows=1 width=121)
	  Index Cond: (id = 6744522)

table 2 : explain SELECT c FROM sbtest2 WHERE id=1946130
	Index Scan using sbtest2_pkey on sbtest2  (cost=0.43..8.45 rows=1 width=121)
	  Index Cond: (id = 1946130)

table 3 : explain SELECT c FROM sbtest3 WHERE id=2994408
	Index Scan using sbtest3_pkey on sbtest3  (cost=0.43..8.45 rows=1 width=121)
	  Index Cond: (id = 2994408)

table 4 : explain SELECT c FROM sbtest4 WHERE id=6952692
	Index Scan using sbtest4_pkey on sbtest4  (cost=0.43..8.45 rows=1 width=121)
	  Index Cond: (id = 6952692)

table 5 : explain SELECT c FROM sbtest5 WHERE id=6259147
	Index Scan using sbtest5_pkey on sbtest5  (cost=0.43..8.45 rows=1 width=121)
	  Index Cond: (id = 6259147)

table 6 : explain SELECT c FROM sbtest6 WHERE id=9274635
	Index Scan using sbtest6_pkey on sbtest6  (cost=0.43..8.45 rows=1 width=121)
	  Index Cond: (id = 9274635)

table 7 : explain SELECT c FROM sbtest7 WHERE id=3811302
	Index Scan using sbtest7_pkey on sbtest7  (cost=0.43..8.45 rows=1 width=121)
	  Index Cond: (id = 3811302)

table 8 : explain SELECT c FROM sbtest8 WHERE id=7102964
	Index Scan using sbtest8_pkey on sbtest8  (cost=0.43..8.45 rows=1 width=121)
	  Index Cond: (id = 7102964)

explain: for point_selects :: explain SELECT c FROM sbtest%u WHERE id=%u
explain: for point_selects :: explain SELECT c FROM sbtest%u WHERE id=%u
explain: for point_selects :: explain SELECT c FROM sbtest%u WHERE id=%u
for point_selects
table 1 : explain SELECT c FROM sbtest1 WHERE id=5690243
	Index Scan using sbtest1_pkey on sbtest1  (cost=0.43..8.45 rows=1 width=121)
	  Index Cond: (id = 5690243)

table 2 : explain SELECT c FROM sbtest2 WHERE id=1347783
	Index Scan using sbtest2_pkey on sbtest2  (cost=0.43..8.45 rows=1 width=121)
	  Index Cond: (id = 1347783)

table 3 : explain SELECT c FROM sbtest3 WHERE id=9748157
	Index Scan using sbtest3_pkey on sbtest3  (cost=0.43..8.45 rows=1 width=121)
	  Index Cond: (id = 9748157)

table 4 : explain SELECT c FROM sbtest4 WHERE id=6517166
	Index Scan using sbtest4_pkey on sbtest4  (cost=0.43..8.45 rows=1 width=121)
	  Index Cond: (id = 6517166)

table 5 : explain SELECT c FROM sbtest5 WHERE id=7890469
	Index Scan using sbtest5_pkey on sbtest5  (cost=0.43..8.45 rows=1 width=121)
	  Index Cond: (id = 7890469)

table 6 : explain SELECT c FROM sbtest6 WHERE id=12342
	Index Scan using sbtest6_pkey on sbtest6  (cost=0.43..8.45 rows=1 width=121)
	  Index Cond: (id = 12342)

table 7 : explain SELECT c FROM sbtest7 WHERE id=7996354
	Index Scan using sbtest7_pkey on sbtest7  (cost=0.43..8.45 rows=1 width=121)
	  Index Cond: (id = 7996354)

table 8 : explain SELECT c FROM sbtest8 WHERE id=9479871
	Index Scan using sbtest8_pkey on sbtest8  (cost=0.43..8.45 rows=1 width=121)
	  Index Cond: (id = 9479871)

for point_selects
table 1 : explain SELECT c FROM sbtest1 WHERE id=4669429
	Index Scan using sbtest1_pkey on sbtest1  (cost=0.43..8.45 rows=1 width=121)
	  Index Cond: (id = 4669429)

table 2 : explain SELECT c FROM sbtest2 WHERE id=3462399
	Index Scan using sbtest2_pkey on sbtest2  (cost=0.43..8.45 rows=1 width=121)
	  Index Cond: (id = 3462399)

table 3 : explain SELECT c FROM sbtest3 WHERE id=5671665
	Index Scan using sbtest3_pkey on sbtest3  (cost=0.43..8.45 rows=1 width=121)
	  Index Cond: (id = 5671665)

table 4 : explain SELECT c FROM sbtest4 WHERE id=4722369
	Index Scan using sbtest4_pkey on sbtest4  (cost=0.43..8.45 rows=1 width=121)
	  Index Cond: (id = 4722369)

table 5 : explain SELECT c FROM sbtest5 WHERE id=8784300
	Index Scan using sbtest5_pkey on sbtest5  (cost=0.43..8.45 rows=1 width=121)
	  Index Cond: (id = 8784300)

table 6 : explain SELECT c FROM sbtest6 WHERE id=3663704
	Index Scan using sbtest6_pkey on sbtest6  (cost=0.43..8.45 rows=1 width=121)
	  Index Cond: (id = 3663704)

table 7 : explain SELECT c FROM sbtest7 WHERE id=3231207
	Index Scan using sbtest7_pkey on sbtest7  (cost=0.43..8.45 rows=1 width=121)
	  Index Cond: (id = 3231207)

table 8 : explain SELECT c FROM sbtest8 WHERE id=3597472
	Index Scan using sbtest8_pkey on sbtest8  (cost=0.43..8.45 rows=1 width=121)
	  Index Cond: (id = 3597472)

explain: for point_selects :: explain SELECT c FROM sbtest%u WHERE id=%u
explain: for point_selects :: explain SELECT c FROM sbtest%u WHERE id=%u
for point_selects
table 1 : explain SELECT c FROM sbtest1 WHERE id=915969
	Index Scan using sbtest1_pkey on sbtest1  (cost=0.43..8.45 rows=1 width=121)
	  Index Cond: (id = 915969)

table 2 : explain SELECT c FROM sbtest2 WHERE id=1613663
	Index Scan using sbtest2_pkey on sbtest2  (cost=0.43..8.45 rows=1 width=121)
	  Index Cond: (id = 1613663)

table 3 : explain SELECT c FROM sbtest3 WHERE id=4590674
	Index Scan using sbtest3_pkey on sbtest3  (cost=0.43..8.45 rows=1 width=121)
	  Index Cond: (id = 4590674)

table 4 : explain SELECT c FROM sbtest4 WHERE id=1173053
	Index Scan using sbtest4_pkey on sbtest4  (cost=0.43..8.45 rows=1 width=121)
	  Index Cond: (id = 1173053)

table 5 : explain SELECT c FROM sbtest5 WHERE id=5620575
	Index Scan using sbtest5_pkey on sbtest5  (cost=0.43..8.45 rows=1 width=121)
	  Index Cond: (id = 5620575)

table 6 : explain SELECT c FROM sbtest6 WHERE id=1315636
	Index Scan using sbtest6_pkey on sbtest6  (cost=0.43..8.45 rows=1 width=121)
	  Index Cond: (id = 1315636)

table 7 : explain SELECT c FROM sbtest7 WHERE id=7336702
	Index Scan using sbtest7_pkey on sbtest7  (cost=0.43..8.45 rows=1 width=121)
	  Index Cond: (id = 7336702)

table 8 : explain SELECT c FROM sbtest8 WHERE id=1441945
	Index Scan using sbtest8_pkey on sbtest8  (cost=0.43..8.45 rows=1 width=121)
	  Index Cond: (id = 1441945)

for point_selects
table 1 : explain SELECT c FROM sbtest1 WHERE id=8945701
	Index Scan using sbtest1_pkey on sbtest1  (cost=0.43..8.45 rows=1 width=121)
	  Index Cond: (id = 8945701)

table 2 : explain SELECT c FROM sbtest2 WHERE id=1717822
	Index Scan using sbtest2_pkey on sbtest2  (cost=0.43..8.45 rows=1 width=121)
	  Index Cond: (id = 1717822)

table 3 : explain SELECT c FROM sbtest3 WHERE id=5059422
	Index Scan using sbtest3_pkey on sbtest3  (cost=0.43..8.45 rows=1 width=121)
	  Index Cond: (id = 5059422)

table 4 : explain SELECT c FROM sbtest4 WHERE id=3866023
	Index Scan using sbtest4_pkey on sbtest4  (cost=0.43..8.45 rows=1 width=121)
	  Index Cond: (id = 3866023)

table 5 : explain SELECT c FROM sbtest5 WHERE id=8219481
	Index Scan using sbtest5_pkey on sbtest5  (cost=0.43..8.45 rows=1 width=121)
	  Index Cond: (id = 8219481)

table 6 : explain SELECT c FROM sbtest6 WHERE id=1227918
	Index Scan using sbtest6_pkey on sbtest6  (cost=0.43..8.45 rows=1 width=121)
	  Index Cond: (id = 1227918)

table 7 : explain SELECT c FROM sbtest7 WHERE id=3043221
	Index Scan using sbtest7_pkey on sbtest7  (cost=0.43..8.45 rows=1 width=121)
	  Index Cond: (id = 3043221)

table 8 : explain SELECT c FROM sbtest8 WHERE id=8058498
	Index Scan using sbtest8_pkey on sbtest8  (cost=0.43..8.45 rows=1 width=121)
	  Index Cond: (id = 8058498)

explain: for point_selects :: explain SELECT c FROM sbtest%u WHERE id=%u
for point_selects
table 1 : explain SELECT c FROM sbtest1 WHERE id=6174006
	Index Scan using sbtest1_pkey on sbtest1  (cost=0.43..8.45 rows=1 width=121)
	  Index Cond: (id = 6174006)

table 2 : explain SELECT c FROM sbtest2 WHERE id=8954569
	Index Scan using sbtest2_pkey on sbtest2  (cost=0.43..8.45 rows=1 width=121)
	  Index Cond: (id = 8954569)

table 3 : explain SELECT c FROM sbtest3 WHERE id=5337084
	Index Scan using sbtest3_pkey on sbtest3  (cost=0.43..8.45 rows=1 width=121)
	  Index Cond: (id = 5337084)

table 4 : explain SELECT c FROM sbtest4 WHERE id=7238704
	Index Scan using sbtest4_pkey on sbtest4  (cost=0.43..8.45 rows=1 width=121)
	  Index Cond: (id = 7238704)

table 5 : explain SELECT c FROM sbtest5 WHERE id=4984315
	Index Scan using sbtest5_pkey on sbtest5  (cost=0.43..8.45 rows=1 width=121)
	  Index Cond: (id = 4984315)

table 6 : explain SELECT c FROM sbtest6 WHERE id=2125763
	Index Scan using sbtest6_pkey on sbtest6  (cost=0.43..8.45 rows=1 width=121)
	  Index Cond: (id = 2125763)

table 7 : explain SELECT c FROM sbtest7 WHERE id=9573992
	Index Scan using sbtest7_pkey on sbtest7  (cost=0.43..8.45 rows=1 width=121)
	  Index Cond: (id = 9573992)

table 8 : explain SELECT c FROM sbtest8 WHERE id=2455964
	Index Scan using sbtest8_pkey on sbtest8  (cost=0.43..8.45 rows=1 width=121)
	  Index Cond: (id = 2455964)

explain: for point_selects :: explain SELECT c FROM sbtest%u WHERE id=%u
for point_selects
table 1 : explain SELECT c FROM sbtest1 WHERE id=544682
	Index Scan using sbtest1_pkey on sbtest1  (cost=0.43..8.45 rows=1 width=121)
	  Index Cond: (id = 544682)

table 2 : explain SELECT c FROM sbtest2 WHERE id=1884578
	Index Scan using sbtest2_pkey on sbtest2  (cost=0.43..8.45 rows=1 width=121)
	  Index Cond: (id = 1884578)

table 3 : explain SELECT c FROM sbtest3 WHERE id=1937021
	Index Scan using sbtest3_pkey on sbtest3  (cost=0.43..8.45 rows=1 width=121)
	  Index Cond: (id = 1937021)

table 4 : explain SELECT c FROM sbtest4 WHERE id=7256512
	Index Scan using sbtest4_pkey on sbtest4  (cost=0.43..8.45 rows=1 width=121)
	  Index Cond: (id = 7256512)

table 5 : explain SELECT c FROM sbtest5 WHERE id=1980850
	Index Scan using sbtest5_pkey on sbtest5  (cost=0.43..8.45 rows=1 width=121)
	  Index Cond: (id = 1980850)

table 6 : explain SELECT c FROM sbtest6 WHERE id=7761407
	Index Scan using sbtest6_pkey on sbtest6  (cost=0.43..8.45 rows=1 width=121)
	  Index Cond: (id = 7761407)

table 7 : explain SELECT c FROM sbtest7 WHERE id=2877567
	Index Scan using sbtest7_pkey on sbtest7  (cost=0.43..8.45 rows=1 width=121)
	  Index Cond: (id = 2877567)

table 8 : explain SELECT c FROM sbtest8 WHERE id=3036081
	Index Scan using sbtest8_pkey on sbtest8  (cost=0.43..8.45 rows=1 width=121)
	  Index Cond: (id = 3036081)

explain: for point_selects :: explain SELECT c FROM sbtest%u WHERE id=%u
for point_selects
table 1 : explain SELECT c FROM sbtest1 WHERE id=5442679
	Index Scan using sbtest1_pkey on sbtest1  (cost=0.43..8.45 rows=1 width=121)
	  Index Cond: (id = 5442679)

table 2 : explain SELECT c FROM sbtest2 WHERE id=51713
	Index Scan using sbtest2_pkey on sbtest2  (cost=0.43..8.45 rows=1 width=121)
	  Index Cond: (id = 51713)

table 3 : explain SELECT c FROM sbtest3 WHERE id=6508913
	Index Scan using sbtest3_pkey on sbtest3  (cost=0.43..8.45 rows=1 width=121)
	  Index Cond: (id = 6508913)

table 4 : explain SELECT c FROM sbtest4 WHERE id=91111
	Index Scan using sbtest4_pkey on sbtest4  (cost=0.43..8.45 rows=1 width=121)
	  Index Cond: (id = 91111)

table 5 : explain SELECT c FROM sbtest5 WHERE id=7168601
	Index Scan using sbtest5_pkey on sbtest5  (cost=0.43..8.45 rows=1 width=121)
	  Index Cond: (id = 7168601)

table 6 : explain SELECT c FROM sbtest6 WHERE id=9707896
	Index Scan using sbtest6_pkey on sbtest6  (cost=0.43..8.45 rows=1 width=121)
	  Index Cond: (id = 9707896)

table 7 : explain SELECT c FROM sbtest7 WHERE id=1588618
	Index Scan using sbtest7_pkey on sbtest7  (cost=0.43..8.45 rows=1 width=121)
	  Index Cond: (id = 1588618)

table 8 : explain SELECT c FROM sbtest8 WHERE id=2980397
	Index Scan using sbtest8_pkey on sbtest8  (cost=0.43..8.45 rows=1 width=121)
	  Index Cond: (id = 2980397)

explain: for point_selects :: explain SELECT c FROM sbtest%u WHERE id=%u
for point_selects
table 1 : explain SELECT c FROM sbtest1 WHERE id=7205673
	Index Scan using sbtest1_pkey on sbtest1  (cost=0.43..8.45 rows=1 width=121)
	  Index Cond: (id = 7205673)

table 2 : explain SELECT c FROM sbtest2 WHERE id=2351022
	Index Scan using sbtest2_pkey on sbtest2  (cost=0.43..8.45 rows=1 width=121)
	  Index Cond: (id = 2351022)

table 3 : explain SELECT c FROM sbtest3 WHERE id=3583895
	Index Scan using sbtest3_pkey on sbtest3  (cost=0.43..8.45 rows=1 width=121)
	  Index Cond: (id = 3583895)

table 4 : explain SELECT c FROM sbtest4 WHERE id=9465578
	Index Scan using sbtest4_pkey on sbtest4  (cost=0.43..8.45 rows=1 width=121)
	  Index Cond: (id = 9465578)

table 5 : explain SELECT c FROM sbtest5 WHERE id=2082193
	Index Scan using sbtest5_pkey on sbtest5  (cost=0.43..8.45 rows=1 width=121)
	  Index Cond: (id = 2082193)

table 6 : explain SELECT c FROM sbtest6 WHERE id=47685
	Index Scan using sbtest6_pkey on sbtest6  (cost=0.43..8.45 rows=1 width=121)
	  Index Cond: (id = 47685)

table 7 : explain SELECT c FROM sbtest7 WHERE id=1917333
	Index Scan using sbtest7_pkey on sbtest7  (cost=0.43..8.45 rows=1 width=121)
	  Index Cond: (id = 1917333)

table 8 : explain SELECT c FROM sbtest8 WHERE id=4073680
	Index Scan using sbtest8_pkey on sbtest8  (cost=0.43..8.45 rows=1 width=121)
	  Index Cond: (id = 4073680)

explain: for point_selects :: explain SELECT c FROM sbtest%u WHERE id=%u
for point_selects
table 1 : explain SELECT c FROM sbtest1 WHERE id=4792409
	Index Scan using sbtest1_pkey on sbtest1  (cost=0.43..8.45 rows=1 width=121)
	  Index Cond: (id = 4792409)

table 2 : explain SELECT c FROM sbtest2 WHERE id=8682208
	Index Scan using sbtest2_pkey on sbtest2  (cost=0.43..8.45 rows=1 width=121)
	  Index Cond: (id = 8682208)

table 3 : explain SELECT c FROM sbtest3 WHERE id=6737764
	Index Scan using sbtest3_pkey on sbtest3  (cost=0.43..8.45 rows=1 width=121)
	  Index Cond: (id = 6737764)

table 4 : explain SELECT c FROM sbtest4 WHERE id=5138105
	Index Scan using sbtest4_pkey on sbtest4  (cost=0.43..8.45 rows=1 width=121)
	  Index Cond: (id = 5138105)

table 5 : explain SELECT c FROM sbtest5 WHERE id=267576
	Index Scan using sbtest5_pkey on sbtest5  (cost=0.43..8.45 rows=1 width=121)
	  Index Cond: (id = 267576)

table 6 : explain SELECT c FROM sbtest6 WHERE id=3991
	Index Scan using sbtest6_pkey on sbtest6  (cost=0.43..8.45 rows=1 width=121)
	  Index Cond: (id = 3991)

table 7 : explain SELECT c FROM sbtest7 WHERE id=2778382
	Index Scan using sbtest7_pkey on sbtest7  (cost=0.43..8.45 rows=1 width=121)
	  Index Cond: (id = 2778382)

table 8 : explain SELECT c FROM sbtest8 WHERE id=8057682
	Index Scan using sbtest8_pkey on sbtest8  (cost=0.43..8.45 rows=1 width=121)
	  Index Cond: (id = 8057682)

explain: for point_selects :: explain SELECT c FROM sbtest%u WHERE id=%u
for point_selects
table 1 : explain SELECT c FROM sbtest1 WHERE id=3612963
	Index Scan using sbtest1_pkey on sbtest1  (cost=0.43..8.45 rows=1 width=121)
	  Index Cond: (id = 3612963)

table 2 : explain SELECT c FROM sbtest2 WHERE id=3095524
	Index Scan using sbtest2_pkey on sbtest2  (cost=0.43..8.45 rows=1 width=121)
	  Index Cond: (id = 3095524)

table 3 : explain SELECT c FROM sbtest3 WHERE id=3726276
	Index Scan using sbtest3_pkey on sbtest3  (cost=0.43..8.45 rows=1 width=121)
	  Index Cond: (id = 3726276)

table 4 : explain SELECT c FROM sbtest4 WHERE id=9277394
	Index Scan using sbtest4_pkey on sbtest4  (cost=0.43..8.45 rows=1 width=121)
	  Index Cond: (id = 9277394)

table 5 : explain SELECT c FROM sbtest5 WHERE id=4950279
	Index Scan using sbtest5_pkey on sbtest5  (cost=0.43..8.45 rows=1 width=121)
	  Index Cond: (id = 4950279)

table 6 : explain SELECT c FROM sbtest6 WHERE id=8625019
	Index Scan using sbtest6_pkey on sbtest6  (cost=0.43..8.45 rows=1 width=121)
	  Index Cond: (id = 8625019)

table 7 : explain SELECT c FROM sbtest7 WHERE id=3313354
	Index Scan using sbtest7_pkey on sbtest7  (cost=0.43..8.45 rows=1 width=121)
	  Index Cond: (id = 3313354)

table 8 : explain SELECT c FROM sbtest8 WHERE id=555001
	Index Scan using sbtest8_pkey on sbtest8  (cost=0.43..8.45 rows=1 width=121)
	  Index Cond: (id = 555001)

explain: for point_selects :: explain SELECT c FROM sbtest%u WHERE id=%u
for point_selects
table 1 : explain SELECT c FROM sbtest1 WHERE id=9004580
	Index Scan using sbtest1_pkey on sbtest1  (cost=0.43..8.45 rows=1 width=121)
	  Index Cond: (id = 9004580)

table 2 : explain SELECT c FROM sbtest2 WHERE id=4531874
	Index Scan using sbtest2_pkey on sbtest2  (cost=0.43..8.45 rows=1 width=121)
	  Index Cond: (id = 4531874)

table 3 : explain SELECT c FROM sbtest3 WHERE id=3163292
	Index Scan using sbtest3_pkey on sbtest3  (cost=0.43..8.45 rows=1 width=121)
	  Index Cond: (id = 3163292)

table 4 : explain SELECT c FROM sbtest4 WHERE id=7899573
	Index Scan using sbtest4_pkey on sbtest4  (cost=0.43..8.45 rows=1 width=121)
	  Index Cond: (id = 7899573)

table 5 : explain SELECT c FROM sbtest5 WHERE id=2022148
	Index Scan using sbtest5_pkey on sbtest5  (cost=0.43..8.45 rows=1 width=121)
	  Index Cond: (id = 2022148)

table 6 : explain SELECT c FROM sbtest6 WHERE id=7614137
	Index Scan using sbtest6_pkey on sbtest6  (cost=0.43..8.45 rows=1 width=121)
	  Index Cond: (id = 7614137)

table 7 : explain SELECT c FROM sbtest7 WHERE id=6378187
	Index Scan using sbtest7_pkey on sbtest7  (cost=0.43..8.45 rows=1 width=121)
	  Index Cond: (id = 6378187)

table 8 : explain SELECT c FROM sbtest8 WHERE id=4821208
	Index Scan using sbtest8_pkey on sbtest8  (cost=0.43..8.45 rows=1 width=121)
	  Index Cond: (id = 4821208)

explain: for point_selects :: explain SELECT c FROM sbtest%u WHERE id=%u
for point_selects
table 1 : explain SELECT c FROM sbtest1 WHERE id=5386404
	Index Scan using sbtest1_pkey on sbtest1  (cost=0.43..8.45 rows=1 width=121)
	  Index Cond: (id = 5386404)

table 2 : explain SELECT c FROM sbtest2 WHERE id=2996513
	Index Scan using sbtest2_pkey on sbtest2  (cost=0.43..8.45 rows=1 width=121)
	  Index Cond: (id = 2996513)

table 3 : explain SELECT c FROM sbtest3 WHERE id=8022600
	Index Scan using sbtest3_pkey on sbtest3  (cost=0.43..8.45 rows=1 width=121)
	  Index Cond: (id = 8022600)

table 4 : explain SELECT c FROM sbtest4 WHERE id=8598995
	Index Scan using sbtest4_pkey on sbtest4  (cost=0.43..8.45 rows=1 width=121)
	  Index Cond: (id = 8598995)

table 5 : explain SELECT c FROM sbtest5 WHERE id=3434732
	Index Scan using sbtest5_pkey on sbtest5  (cost=0.43..8.45 rows=1 width=121)
	  Index Cond: (id = 3434732)

table 6 : explain SELECT c FROM sbtest6 WHERE id=8620560
	Index Scan using sbtest6_pkey on sbtest6  (cost=0.43..8.45 rows=1 width=121)
	  Index Cond: (id = 8620560)

table 7 : explain SELECT c FROM sbtest7 WHERE id=1791127
	Index Scan using sbtest7_pkey on sbtest7  (cost=0.43..8.45 rows=1 width=121)
	  Index Cond: (id = 1791127)

table 8 : explain SELECT c FROM sbtest8 WHERE id=752104
	Index Scan using sbtest8_pkey on sbtest8  (cost=0.43..8.45 rows=1 width=121)
	  Index Cond: (id = 752104)

explain: for point_selects :: explain SELECT c FROM sbtest%u WHERE id=%u
for point_selects
table 1 : explain SELECT c FROM sbtest1 WHERE id=2726036
	Index Scan using sbtest1_pkey on sbtest1  (cost=0.43..8.45 rows=1 width=121)
	  Index Cond: (id = 2726036)

table 2 : explain SELECT c FROM sbtest2 WHERE id=8686429
	Index Scan using sbtest2_pkey on sbtest2  (cost=0.43..8.45 rows=1 width=121)
	  Index Cond: (id = 8686429)

table 3 : explain SELECT c FROM sbtest3 WHERE id=7007657
	Index Scan using sbtest3_pkey on sbtest3  (cost=0.43..8.45 rows=1 width=121)
	  Index Cond: (id = 7007657)

table 4 : explain SELECT c FROM sbtest4 WHERE id=3917737
	Index Scan using sbtest4_pkey on sbtest4  (cost=0.43..8.45 rows=1 width=121)
	  Index Cond: (id = 3917737)

table 5 : explain SELECT c FROM sbtest5 WHERE id=9254574
	Index Scan using sbtest5_pkey on sbtest5  (cost=0.43..8.45 rows=1 width=121)
	  Index Cond: (id = 9254574)

table 6 : explain SELECT c FROM sbtest6 WHERE id=2435389
	Index Scan using sbtest6_pkey on sbtest6  (cost=0.43..8.45 rows=1 width=121)
	  Index Cond: (id = 2435389)

table 7 : explain SELECT c FROM sbtest7 WHERE id=1765031
	Index Scan using sbtest7_pkey on sbtest7  (cost=0.43..8.45 rows=1 width=121)
	  Index Cond: (id = 1765031)

table 8 : explain SELECT c FROM sbtest8 WHERE id=6024647
	Index Scan using sbtest8_pkey on sbtest8  (cost=0.43..8.45 rows=1 width=121)
	  Index Cond: (id = 6024647)

explain: for point_selects :: explain SELECT c FROM sbtest%u WHERE id=%u
for point_selects
table 1 : explain SELECT c FROM sbtest1 WHERE id=4727757
	Index Scan using sbtest1_pkey on sbtest1  (cost=0.43..8.45 rows=1 width=121)
	  Index Cond: (id = 4727757)

table 2 : explain SELECT c FROM sbtest2 WHERE id=9969141
	Index Scan using sbtest2_pkey on sbtest2  (cost=0.43..8.45 rows=1 width=121)
	  Index Cond: (id = 9969141)

table 3 : explain SELECT c FROM sbtest3 WHERE id=5815263
	Index Scan using sbtest3_pkey on sbtest3  (cost=0.43..8.45 rows=1 width=121)
	  Index Cond: (id = 5815263)

table 4 : explain SELECT c FROM sbtest4 WHERE id=1545246
	Index Scan using sbtest4_pkey on sbtest4  (cost=0.43..8.45 rows=1 width=121)
	  Index Cond: (id = 1545246)

table 5 : explain SELECT c FROM sbtest5 WHERE id=9354473
	Index Scan using sbtest5_pkey on sbtest5  (cost=0.43..8.45 rows=1 width=121)
	  Index Cond: (id = 9354473)

table 6 : explain SELECT c FROM sbtest6 WHERE id=9449225
	Index Scan using sbtest6_pkey on sbtest6  (cost=0.43..8.45 rows=1 width=121)
	  Index Cond: (id = 9449225)

table 7 : explain SELECT c FROM sbtest7 WHERE id=5059525
	Index Scan using sbtest7_pkey on sbtest7  (cost=0.43..8.45 rows=1 width=121)
	  Index Cond: (id = 5059525)

table 8 : explain SELECT c FROM sbtest8 WHERE id=4052213
	Index Scan using sbtest8_pkey on sbtest8  (cost=0.43..8.45 rows=1 width=121)
	  Index Cond: (id = 4052213)

explain: for point_selects :: explain SELECT c FROM sbtest%u WHERE id=%u
for point_selects
table 1 : explain SELECT c FROM sbtest1 WHERE id=3287024
	Index Scan using sbtest1_pkey on sbtest1  (cost=0.43..8.45 rows=1 width=121)
	  Index Cond: (id = 3287024)

table 2 : explain SELECT c FROM sbtest2 WHERE id=132980
	Index Scan using sbtest2_pkey on sbtest2  (cost=0.43..8.45 rows=1 width=121)
	  Index Cond: (id = 132980)

table 3 : explain SELECT c FROM sbtest3 WHERE id=3761368
	Index Scan using sbtest3_pkey on sbtest3  (cost=0.43..8.45 rows=1 width=121)
	  Index Cond: (id = 3761368)

table 4 : explain SELECT c FROM sbtest4 WHERE id=5899694
	Index Scan using sbtest4_pkey on sbtest4  (cost=0.43..8.45 rows=1 width=121)
	  Index Cond: (id = 5899694)

table 5 : explain SELECT c FROM sbtest5 WHERE id=1381630
	Index Scan using sbtest5_pkey on sbtest5  (cost=0.43..8.45 rows=1 width=121)
	  Index Cond: (id = 1381630)

table 6 : explain SELECT c FROM sbtest6 WHERE id=5106300
	Index Scan using sbtest6_pkey on sbtest6  (cost=0.43..8.45 rows=1 width=121)
	  Index Cond: (id = 5106300)

table 7 : explain SELECT c FROM sbtest7 WHERE id=3557165
	Index Scan using sbtest7_pkey on sbtest7  (cost=0.43..8.45 rows=1 width=121)
	  Index Cond: (id = 3557165)

table 8 : explain SELECT c FROM sbtest8 WHERE id=7416340
	Index Scan using sbtest8_pkey on sbtest8  (cost=0.43..8.45 rows=1 width=121)
	  Index Cond: (id = 7416340)

explain: for point_selects :: explain SELECT c FROM sbtest%u WHERE id=%u
for point_selects
table 1 : explain SELECT c FROM sbtest1 WHERE id=4203642
	Index Scan using sbtest1_pkey on sbtest1  (cost=0.43..8.45 rows=1 width=121)
	  Index Cond: (id = 4203642)

table 2 : explain SELECT c FROM sbtest2 WHERE id=4649641
	Index Scan using sbtest2_pkey on sbtest2  (cost=0.43..8.45 rows=1 width=121)
	  Index Cond: (id = 4649641)

table 3 : explain SELECT c FROM sbtest3 WHERE id=7063474
	Index Scan using sbtest3_pkey on sbtest3  (cost=0.43..8.45 rows=1 width=121)
	  Index Cond: (id = 7063474)

table 4 : explain SELECT c FROM sbtest4 WHERE id=3461249
	Index Scan using sbtest4_pkey on sbtest4  (cost=0.43..8.45 rows=1 width=121)
	  Index Cond: (id = 3461249)

table 5 : explain SELECT c FROM sbtest5 WHERE id=3721732
	Index Scan using sbtest5_pkey on sbtest5  (cost=0.43..8.45 rows=1 width=121)
	  Index Cond: (id = 3721732)

table 6 : explain SELECT c FROM sbtest6 WHERE id=6852720
	Index Scan using sbtest6_pkey on sbtest6  (cost=0.43..8.45 rows=1 width=121)
	  Index Cond: (id = 6852720)

table 7 : explain SELECT c FROM sbtest7 WHERE id=8038179
	Index Scan using sbtest7_pkey on sbtest7  (cost=0.43..8.45 rows=1 width=121)
	  Index Cond: (id = 8038179)

table 8 : explain SELECT c FROM sbtest8 WHERE id=6420136
	Index Scan using sbtest8_pkey on sbtest8  (cost=0.43..8.45 rows=1 width=121)
	  Index Cond: (id = 6420136)

explain: for point_selects :: explain SELECT c FROM sbtest%u WHERE id=%u
for point_selects
table 1 : explain SELECT c FROM sbtest1 WHERE id=2791906
	Index Scan using sbtest1_pkey on sbtest1  (cost=0.43..8.45 rows=1 width=121)
	  Index Cond: (id = 2791906)

table 2 : explain SELECT c FROM sbtest2 WHERE id=1715759
	Index Scan using sbtest2_pkey on sbtest2  (cost=0.43..8.45 rows=1 width=121)
	  Index Cond: (id = 1715759)

table 3 : explain SELECT c FROM sbtest3 WHERE id=2559884
	Index Scan using sbtest3_pkey on sbtest3  (cost=0.43..8.45 rows=1 width=121)
	  Index Cond: (id = 2559884)

table 4 : explain SELECT c FROM sbtest4 WHERE id=5281494
	Index Scan using sbtest4_pkey on sbtest4  (cost=0.43..8.45 rows=1 width=121)
	  Index Cond: (id = 5281494)

table 5 : explain SELECT c FROM sbtest5 WHERE id=7896216
	Index Scan using sbtest5_pkey on sbtest5  (cost=0.43..8.45 rows=1 width=121)
	  Index Cond: (id = 7896216)

table 6 : explain SELECT c FROM sbtest6 WHERE id=263306
	Index Scan using sbtest6_pkey on sbtest6  (cost=0.43..8.45 rows=1 width=121)
	  Index Cond: (id = 263306)

table 7 : explain SELECT c FROM sbtest7 WHERE id=9065167
	Index Scan using sbtest7_pkey on sbtest7  (cost=0.43..8.45 rows=1 width=121)
	  Index Cond: (id = 9065167)

table 8 : explain SELECT c FROM sbtest8 WHERE id=2107194
	Index Scan using sbtest8_pkey on sbtest8  (cost=0.43..8.45 rows=1 width=121)
	  Index Cond: (id = 2107194)

explain: for point_selects :: explain SELECT c FROM sbtest%u WHERE id=%u
for point_selects
table 1 : explain SELECT c FROM sbtest1 WHERE id=1645328
	Index Scan using sbtest1_pkey on sbtest1  (cost=0.43..8.45 rows=1 width=121)
	  Index Cond: (id = 1645328)

table 2 : explain SELECT c FROM sbtest2 WHERE id=4111802
	Index Scan using sbtest2_pkey on sbtest2  (cost=0.43..8.45 rows=1 width=121)
	  Index Cond: (id = 4111802)

table 3 : explain SELECT c FROM sbtest3 WHERE id=4579339
	Index Scan using sbtest3_pkey on sbtest3  (cost=0.43..8.45 rows=1 width=121)
	  Index Cond: (id = 4579339)

table 4 : explain SELECT c FROM sbtest4 WHERE id=3621414
	Index Scan using sbtest4_pkey on sbtest4  (cost=0.43..8.45 rows=1 width=121)
	  Index Cond: (id = 3621414)

table 5 : explain SELECT c FROM sbtest5 WHERE id=995637
	Index Scan using sbtest5_pkey on sbtest5  (cost=0.43..8.45 rows=1 width=121)
	  Index Cond: (id = 995637)

table 6 : explain SELECT c FROM sbtest6 WHERE id=3941090
	Index Scan using sbtest6_pkey on sbtest6  (cost=0.43..8.45 rows=1 width=121)
	  Index Cond: (id = 3941090)

table 7 : explain SELECT c FROM sbtest7 WHERE id=7224555
	Index Scan using sbtest7_pkey on sbtest7  (cost=0.43..8.45 rows=1 width=121)
	  Index Cond: (id = 7224555)

table 8 : explain SELECT c FROM sbtest8 WHERE id=2651111
	Index Scan using sbtest8_pkey on sbtest8  (cost=0.43..8.45 rows=1 width=121)
	  Index Cond: (id = 2651111)

explain: for point_selects :: explain SELECT c FROM sbtest%u WHERE id=%u
for point_selects
table 1 : explain SELECT c FROM sbtest1 WHERE id=1118170
	Index Scan using sbtest1_pkey on sbtest1  (cost=0.43..8.45 rows=1 width=121)
	  Index Cond: (id = 1118170)

table 2 : explain SELECT c FROM sbtest2 WHERE id=9852200
	Index Scan using sbtest2_pkey on sbtest2  (cost=0.43..8.45 rows=1 width=121)
	  Index Cond: (id = 9852200)

table 3 : explain SELECT c FROM sbtest3 WHERE id=506545
	Index Scan using sbtest3_pkey on sbtest3  (cost=0.43..8.45 rows=1 width=121)
	  Index Cond: (id = 506545)

table 4 : explain SELECT c FROM sbtest4 WHERE id=3869829
	Index Scan using sbtest4_pkey on sbtest4  (cost=0.43..8.45 rows=1 width=121)
	  Index Cond: (id = 3869829)

table 5 : explain SELECT c FROM sbtest5 WHERE id=7159512
	Index Scan using sbtest5_pkey on sbtest5  (cost=0.43..8.45 rows=1 width=121)
	  Index Cond: (id = 7159512)

table 6 : explain SELECT c FROM sbtest6 WHERE id=4177354
	Index Scan using sbtest6_pkey on sbtest6  (cost=0.43..8.45 rows=1 width=121)
	  Index Cond: (id = 4177354)

table 7 : explain SELECT c FROM sbtest7 WHERE id=3943961
	Index Scan using sbtest7_pkey on sbtest7  (cost=0.43..8.45 rows=1 width=121)
	  Index Cond: (id = 3943961)

table 8 : explain SELECT c FROM sbtest8 WHERE id=9863288
	Index Scan using sbtest8_pkey on sbtest8  (cost=0.43..8.45 rows=1 width=121)
	  Index Cond: (id = 9863288)

explain: for point_selects :: explain SELECT c FROM sbtest%u WHERE id=%u
for point_selects
table 1 : explain SELECT c FROM sbtest1 WHERE id=142654
	Index Scan using sbtest1_pkey on sbtest1  (cost=0.43..8.45 rows=1 width=121)
	  Index Cond: (id = 142654)

table 2 : explain SELECT c FROM sbtest2 WHERE id=1984702
	Index Scan using sbtest2_pkey on sbtest2  (cost=0.43..8.45 rows=1 width=121)
	  Index Cond: (id = 1984702)

table 3 : explain SELECT c FROM sbtest3 WHERE id=8092650
	Index Scan using sbtest3_pkey on sbtest3  (cost=0.43..8.45 rows=1 width=121)
	  Index Cond: (id = 8092650)

table 4 : explain SELECT c FROM sbtest4 WHERE id=3772401
	Index Scan using sbtest4_pkey on sbtest4  (cost=0.43..8.45 rows=1 width=121)
	  Index Cond: (id = 3772401)

table 5 : explain SELECT c FROM sbtest5 WHERE id=6137743
	Index Scan using sbtest5_pkey on sbtest5  (cost=0.43..8.45 rows=1 width=121)
	  Index Cond: (id = 6137743)

table 6 : explain SELECT c FROM sbtest6 WHERE id=2308543
	Index Scan using sbtest6_pkey on sbtest6  (cost=0.43..8.45 rows=1 width=121)
	  Index Cond: (id = 2308543)

table 7 : explain SELECT c FROM sbtest7 WHERE id=6805906
	Index Scan using sbtest7_pkey on sbtest7  (cost=0.43..8.45 rows=1 width=121)
	  Index Cond: (id = 6805906)

table 8 : explain SELECT c FROM sbtest8 WHERE id=6163737
	Index Scan using sbtest8_pkey on sbtest8  (cost=0.43..8.45 rows=1 width=121)
	  Index Cond: (id = 6163737)

explain: for point_selects :: explain SELECT c FROM sbtest%u WHERE id=%u
for point_selects
table 1 : explain SELECT c FROM sbtest1 WHERE id=6445598
	Index Scan using sbtest1_pkey on sbtest1  (cost=0.43..8.45 rows=1 width=121)
	  Index Cond: (id = 6445598)

table 2 : explain SELECT c FROM sbtest2 WHERE id=2096050
	Index Scan using sbtest2_pkey on sbtest2  (cost=0.43..8.45 rows=1 width=121)
	  Index Cond: (id = 2096050)

table 3 : explain SELECT c FROM sbtest3 WHERE id=1390369
	Index Scan using sbtest3_pkey on sbtest3  (cost=0.43..8.45 rows=1 width=121)
	  Index Cond: (id = 1390369)

table 4 : explain SELECT c FROM sbtest4 WHERE id=4433489
	Index Scan using sbtest4_pkey on sbtest4  (cost=0.43..8.45 rows=1 width=121)
	  Index Cond: (id = 4433489)

table 5 : explain SELECT c FROM sbtest5 WHERE id=9897652
	Index Scan using sbtest5_pkey on sbtest5  (cost=0.43..8.45 rows=1 width=121)
	  Index Cond: (id = 9897652)

table 6 : explain SELECT c FROM sbtest6 WHERE id=3538446
	Index Scan using sbtest6_pkey on sbtest6  (cost=0.43..8.45 rows=1 width=121)
	  Index Cond: (id = 3538446)

table 7 : explain SELECT c FROM sbtest7 WHERE id=1791583
	Index Scan using sbtest7_pkey on sbtest7  (cost=0.43..8.45 rows=1 width=121)
	  Index Cond: (id = 1791583)

table 8 : explain SELECT c FROM sbtest8 WHERE id=3874460
	Index Scan using sbtest8_pkey on sbtest8  (cost=0.43..8.45 rows=1 width=121)
	  Index Cond: (id = 3874460)

explain: for point_selects :: explain SELECT c FROM sbtest%u WHERE id=%u
for point_selects
table 1 : explain SELECT c FROM sbtest1 WHERE id=3482144
	Index Scan using sbtest1_pkey on sbtest1  (cost=0.43..8.45 rows=1 width=121)
	  Index Cond: (id = 3482144)

table 2 : explain SELECT c FROM sbtest2 WHERE id=9386968
	Index Scan using sbtest2_pkey on sbtest2  (cost=0.43..8.45 rows=1 width=121)
	  Index Cond: (id = 9386968)

table 3 : explain SELECT c FROM sbtest3 WHERE id=4360909
	Index Scan using sbtest3_pkey on sbtest3  (cost=0.43..8.45 rows=1 width=121)
	  Index Cond: (id = 4360909)

table 4 : explain SELECT c FROM sbtest4 WHERE id=1120534
	Index Scan using sbtest4_pkey on sbtest4  (cost=0.43..8.45 rows=1 width=121)
	  Index Cond: (id = 1120534)

table 5 : explain SELECT c FROM sbtest5 WHERE id=1203460
	Index Scan using sbtest5_pkey on sbtest5  (cost=0.43..8.45 rows=1 width=121)
	  Index Cond: (id = 1203460)

table 6 : explain SELECT c FROM sbtest6 WHERE id=8422257
	Index Scan using sbtest6_pkey on sbtest6  (cost=0.43..8.45 rows=1 width=121)
	  Index Cond: (id = 8422257)

table 7 : explain SELECT c FROM sbtest7 WHERE id=4700813
	Index Scan using sbtest7_pkey on sbtest7  (cost=0.43..8.45 rows=1 width=121)
	  Index Cond: (id = 4700813)

table 8 : explain SELECT c FROM sbtest8 WHERE id=2218526
	Index Scan using sbtest8_pkey on sbtest8  (cost=0.43..8.45 rows=1 width=121)
	  Index Cond: (id = 2218526)

explain: for point_selects :: explain SELECT c FROM sbtest%u WHERE id=%u
for point_selects
table 1 : explain SELECT c FROM sbtest1 WHERE id=146584
	Index Scan using sbtest1_pkey on sbtest1  (cost=0.43..8.45 rows=1 width=121)
	  Index Cond: (id = 146584)

table 2 : explain SELECT c FROM sbtest2 WHERE id=6129159
	Index Scan using sbtest2_pkey on sbtest2  (cost=0.43..8.45 rows=1 width=121)
	  Index Cond: (id = 6129159)

table 3 : explain SELECT c FROM sbtest3 WHERE id=733378
	Index Scan using sbtest3_pkey on sbtest3  (cost=0.43..8.45 rows=1 width=121)
	  Index Cond: (id = 733378)

table 4 : explain SELECT c FROM sbtest4 WHERE id=6314907
	Index Scan using sbtest4_pkey on sbtest4  (cost=0.43..8.45 rows=1 width=121)
	  Index Cond: (id = 6314907)

table 5 : explain SELECT c FROM sbtest5 WHERE id=9012572
	Index Scan using sbtest5_pkey on sbtest5  (cost=0.43..8.45 rows=1 width=121)
	  Index Cond: (id = 9012572)

table 6 : explain SELECT c FROM sbtest6 WHERE id=3737920
	Index Scan using sbtest6_pkey on sbtest6  (cost=0.43..8.45 rows=1 width=121)
	  Index Cond: (id = 3737920)

table 7 : explain SELECT c FROM sbtest7 WHERE id=1623456
	Index Scan using sbtest7_pkey on sbtest7  (cost=0.43..8.45 rows=1 width=121)
	  Index Cond: (id = 1623456)

table 8 : explain SELECT c FROM sbtest8 WHERE id=6112276
	Index Scan using sbtest8_pkey on sbtest8  (cost=0.43..8.45 rows=1 width=121)
	  Index Cond: (id = 6112276)

explain: for point_selects :: explain SELECT c FROM sbtest%u WHERE id=%u
for point_selects
table 1 : explain SELECT c FROM sbtest1 WHERE id=2594490
	Index Scan using sbtest1_pkey on sbtest1  (cost=0.43..8.45 rows=1 width=121)
	  Index Cond: (id = 2594490)

table 2 : explain SELECT c FROM sbtest2 WHERE id=7423008
	Index Scan using sbtest2_pkey on sbtest2  (cost=0.43..8.45 rows=1 width=121)
	  Index Cond: (id = 7423008)

table 3 : explain SELECT c FROM sbtest3 WHERE id=2054901
	Index Scan using sbtest3_pkey on sbtest3  (cost=0.43..8.45 rows=1 width=121)
	  Index Cond: (id = 2054901)

table 4 : explain SELECT c FROM sbtest4 WHERE id=1538079
	Index Scan using sbtest4_pkey on sbtest4  (cost=0.43..8.45 rows=1 width=121)
	  Index Cond: (id = 1538079)

table 5 : explain SELECT c FROM sbtest5 WHERE id=8810110
	Index Scan using sbtest5_pkey on sbtest5  (cost=0.43..8.45 rows=1 width=121)
	  Index Cond: (id = 8810110)

table 6 : explain SELECT c FROM sbtest6 WHERE id=2880727
	Index Scan using sbtest6_pkey on sbtest6  (cost=0.43..8.45 rows=1 width=121)
	  Index Cond: (id = 2880727)

table 7 : explain SELECT c FROM sbtest7 WHERE id=9109945
	Index Scan using sbtest7_pkey on sbtest7  (cost=0.43..8.45 rows=1 width=121)
	  Index Cond: (id = 9109945)

table 8 : explain SELECT c FROM sbtest8 WHERE id=7444516
	Index Scan using sbtest8_pkey on sbtest8  (cost=0.43..8.45 rows=1 width=121)
	  Index Cond: (id = 7444516)

explain: for point_selects :: explain SELECT c FROM sbtest%u WHERE id=%u
for point_selects
table 1 : explain SELECT c FROM sbtest1 WHERE id=7822487
	Index Scan using sbtest1_pkey on sbtest1  (cost=0.43..8.45 rows=1 width=121)
	  Index Cond: (id = 7822487)

table 2 : explain SELECT c FROM sbtest2 WHERE id=7790024
	Index Scan using sbtest2_pkey on sbtest2  (cost=0.43..8.45 rows=1 width=121)
	  Index Cond: (id = 7790024)

table 3 : explain SELECT c FROM sbtest3 WHERE id=1815030
	Index Scan using sbtest3_pkey on sbtest3  (cost=0.43..8.45 rows=1 width=121)
	  Index Cond: (id = 1815030)

table 4 : explain SELECT c FROM sbtest4 WHERE id=8045325
	Index Scan using sbtest4_pkey on sbtest4  (cost=0.43..8.45 rows=1 width=121)
	  Index Cond: (id = 8045325)

table 5 : explain SELECT c FROM sbtest5 WHERE id=6859826
	Index Scan using sbtest5_pkey on sbtest5  (cost=0.43..8.45 rows=1 width=121)
	  Index Cond: (id = 6859826)

table 6 : explain SELECT c FROM sbtest6 WHERE id=8106635
	Index Scan using sbtest6_pkey on sbtest6  (cost=0.43..8.45 rows=1 width=121)
	  Index Cond: (id = 8106635)

table 7 : explain SELECT c FROM sbtest7 WHERE id=668586
	Index Scan using sbtest7_pkey on sbtest7  (cost=0.43..8.45 rows=1 width=121)
	  Index Cond: (id = 668586)

table 8 : explain SELECT c FROM sbtest8 WHERE id=2983645
	Index Scan using sbtest8_pkey on sbtest8  (cost=0.43..8.45 rows=1 width=121)
	  Index Cond: (id = 2983645)

explain: for point_selects :: explain SELECT c FROM sbtest%u WHERE id=%u
for point_selects
table 1 : explain SELECT c FROM sbtest1 WHERE id=7084401
	Index Scan using sbtest1_pkey on sbtest1  (cost=0.43..8.45 rows=1 width=121)
	  Index Cond: (id = 7084401)

table 2 : explain SELECT c FROM sbtest2 WHERE id=1366294
	Index Scan using sbtest2_pkey on sbtest2  (cost=0.43..8.45 rows=1 width=121)
	  Index Cond: (id = 1366294)

table 3 : explain SELECT c FROM sbtest3 WHERE id=1700473
	Index Scan using sbtest3_pkey on sbtest3  (cost=0.43..8.45 rows=1 width=121)
	  Index Cond: (id = 1700473)

table 4 : explain SELECT c FROM sbtest4 WHERE id=871993
	Index Scan using sbtest4_pkey on sbtest4  (cost=0.43..8.45 rows=1 width=121)
	  Index Cond: (id = 871993)

table 5 : explain SELECT c FROM sbtest5 WHERE id=8438771
	Index Scan using sbtest5_pkey on sbtest5  (cost=0.43..8.45 rows=1 width=121)
	  Index Cond: (id = 8438771)

table 6 : explain SELECT c FROM sbtest6 WHERE id=414715
	Index Scan using sbtest6_pkey on sbtest6  (cost=0.43..8.45 rows=1 width=121)
	  Index Cond: (id = 414715)

table 7 : explain SELECT c FROM sbtest7 WHERE id=9170131
	Index Scan using sbtest7_pkey on sbtest7  (cost=0.43..8.45 rows=1 width=121)
	  Index Cond: (id = 9170131)

table 8 : explain SELECT c FROM sbtest8 WHERE id=1879903
	Index Scan using sbtest8_pkey on sbtest8  (cost=0.43..8.45 rows=1 width=121)
	  Index Cond: (id = 1879903)

explain: for point_selects :: explain SELECT c FROM sbtest%u WHERE id=%u
for point_selects
table 1 : explain SELECT c FROM sbtest1 WHERE id=3944513
	Index Scan using sbtest1_pkey on sbtest1  (cost=0.43..8.45 rows=1 width=121)
	  Index Cond: (id = 3944513)

table 2 : explain SELECT c FROM sbtest2 WHERE id=3344172
	Index Scan using sbtest2_pkey on sbtest2  (cost=0.43..8.45 rows=1 width=121)
	  Index Cond: (id = 3344172)

table 3 : explain SELECT c FROM sbtest3 WHERE id=7426580
	Index Scan using sbtest3_pkey on sbtest3  (cost=0.43..8.45 rows=1 width=121)
	  Index Cond: (id = 7426580)

table 4 : explain SELECT c FROM sbtest4 WHERE id=329713
	Index Scan using sbtest4_pkey on sbtest4  (cost=0.43..8.45 rows=1 width=121)
	  Index Cond: (id = 329713)

table 5 : explain SELECT c FROM sbtest5 WHERE id=4190406
	Index Scan using sbtest5_pkey on sbtest5  (cost=0.43..8.45 rows=1 width=121)
	  Index Cond: (id = 4190406)

table 6 : explain SELECT c FROM sbtest6 WHERE id=9771337
	Index Scan using sbtest6_pkey on sbtest6  (cost=0.43..8.45 rows=1 width=121)
	  Index Cond: (id = 9771337)

table 7 : explain SELECT c FROM sbtest7 WHERE id=1422475
	Index Scan using sbtest7_pkey on sbtest7  (cost=0.43..8.45 rows=1 width=121)
	  Index Cond: (id = 1422475)

table 8 : explain SELECT c FROM sbtest8 WHERE id=4404989
	Index Scan using sbtest8_pkey on sbtest8  (cost=0.43..8.45 rows=1 width=121)
	  Index Cond: (id = 4404989)

explain: for point_selects :: explain SELECT c FROM sbtest%u WHERE id=%u
for point_selects
table 1 : explain SELECT c FROM sbtest1 WHERE id=4161170
	Index Scan using sbtest1_pkey on sbtest1  (cost=0.43..8.45 rows=1 width=121)
	  Index Cond: (id = 4161170)

table 2 : explain SELECT c FROM sbtest2 WHERE id=5610058
	Index Scan using sbtest2_pkey on sbtest2  (cost=0.43..8.45 rows=1 width=121)
	  Index Cond: (id = 5610058)

table 3 : explain SELECT c FROM sbtest3 WHERE id=9683003
	Index Scan using sbtest3_pkey on sbtest3  (cost=0.43..8.45 rows=1 width=121)
	  Index Cond: (id = 9683003)

table 4 : explain SELECT c FROM sbtest4 WHERE id=5661891
	Index Scan using sbtest4_pkey on sbtest4  (cost=0.43..8.45 rows=1 width=121)
	  Index Cond: (id = 5661891)

table 5 : explain SELECT c FROM sbtest5 WHERE id=9594827
	Index Scan using sbtest5_pkey on sbtest5  (cost=0.43..8.45 rows=1 width=121)
	  Index Cond: (id = 9594827)

table 6 : explain SELECT c FROM sbtest6 WHERE id=4403177
	Index Scan using sbtest6_pkey on sbtest6  (cost=0.43..8.45 rows=1 width=121)
	  Index Cond: (id = 4403177)

table 7 : explain SELECT c FROM sbtest7 WHERE id=6839044
	Index Scan using sbtest7_pkey on sbtest7  (cost=0.43..8.45 rows=1 width=121)
	  Index Cond: (id = 6839044)

table 8 : explain SELECT c FROM sbtest8 WHERE id=2695095
	Index Scan using sbtest8_pkey on sbtest8  (cost=0.43..8.45 rows=1 width=121)
	  Index Cond: (id = 2695095)

explain: for point_selects :: explain SELECT c FROM sbtest%u WHERE id=%u
for point_selects
table 1 : explain SELECT c FROM sbtest1 WHERE id=8870480
	Index Scan using sbtest1_pkey on sbtest1  (cost=0.43..8.45 rows=1 width=121)
	  Index Cond: (id = 8870480)

table 2 : explain SELECT c FROM sbtest2 WHERE id=3214620
	Index Scan using sbtest2_pkey on sbtest2  (cost=0.43..8.45 rows=1 width=121)
	  Index Cond: (id = 3214620)

table 3 : explain SELECT c FROM sbtest3 WHERE id=7934415
	Index Scan using sbtest3_pkey on sbtest3  (cost=0.43..8.45 rows=1 width=121)
	  Index Cond: (id = 7934415)

table 4 : explain SELECT c FROM sbtest4 WHERE id=2892324
	Index Scan using sbtest4_pkey on sbtest4  (cost=0.43..8.45 rows=1 width=121)
	  Index Cond: (id = 2892324)

table 5 : explain SELECT c FROM sbtest5 WHERE id=7889053
	Index Scan using sbtest5_pkey on sbtest5  (cost=0.43..8.45 rows=1 width=121)
	  Index Cond: (id = 7889053)

table 6 : explain SELECT c FROM sbtest6 WHERE id=532410
	Index Scan using sbtest6_pkey on sbtest6  (cost=0.43..8.45 rows=1 width=121)
	  Index Cond: (id = 532410)

table 7 : explain SELECT c FROM sbtest7 WHERE id=2914991
	Index Scan using sbtest7_pkey on sbtest7  (cost=0.43..8.45 rows=1 width=121)
	  Index Cond: (id = 2914991)

table 8 : explain SELECT c FROM sbtest8 WHERE id=7894223
	Index Scan using sbtest8_pkey on sbtest8  (cost=0.43..8.45 rows=1 width=121)
	  Index Cond: (id = 7894223)

for point_selects
table 1 : explain SELECT c FROM sbtest1 WHERE id=1904036
	Index Scan using sbtest1_pkey on sbtest1  (cost=0.43..8.45 rows=1 width=121)
	  Index Cond: (id = 1904036)

table 2 : explain SELECT c FROM sbtest2 WHERE id=7103185
	Index Scan using sbtest2_pkey on sbtest2  (cost=0.43..8.45 rows=1 width=121)
	  Index Cond: (id = 7103185)

table 3 : explain SELECT c FROM sbtest3 WHERE id=5252482
	Index Scan using sbtest3_pkey on sbtest3  (cost=0.43..8.45 rows=1 width=121)
	  Index Cond: (id = 5252482)

table 4 : explain SELECT c FROM sbtest4 WHERE id=2951821
	Index Scan using sbtest4_pkey on sbtest4  (cost=0.43..8.45 rows=1 width=121)
	  Index Cond: (id = 2951821)

table 5 : explain SELECT c FROM sbtest5 WHERE id=8941834
	Index Scan using sbtest5_pkey on sbtest5  (cost=0.43..8.45 rows=1 width=121)
	  Index Cond: (id = 8941834)

table 6 : explain SELECT c FROM sbtest6 WHERE id=9543428
	Index Scan using sbtest6_pkey on sbtest6  (cost=0.43..8.45 rows=1 width=121)
	  Index Cond: (id = 9543428)

table 7 : explain SELECT c FROM sbtest7 WHERE id=352348
	Index Scan using sbtest7_pkey on sbtest7  (cost=0.43..8.45 rows=1 width=121)
	  Index Cond: (id = 352348)

table 8 : explain SELECT c FROM sbtest8 WHERE id=5602876
	Index Scan using sbtest8_pkey on sbtest8  (cost=0.43..8.45 rows=1 width=121)
	  Index Cond: (id = 5602876)

for point_selects
table 1 : explain SELECT c FROM sbtest1 WHERE id=9275735
	Index Scan using sbtest1_pkey on sbtest1  (cost=0.43..8.45 rows=1 width=121)
	  Index Cond: (id = 9275735)

table 2 : explain SELECT c FROM sbtest2 WHERE id=330895
	Index Scan using sbtest2_pkey on sbtest2  (cost=0.43..8.45 rows=1 width=121)
	  Index Cond: (id = 330895)

table 3 : explain SELECT c FROM sbtest3 WHERE id=9930652
	Index Scan using sbtest3_pkey on sbtest3  (cost=0.43..8.45 rows=1 width=121)
	  Index Cond: (id = 9930652)

table 4 : explain SELECT c FROM sbtest4 WHERE id=1322110
	Index Scan using sbtest4_pkey on sbtest4  (cost=0.43..8.45 rows=1 width=121)
	  Index Cond: (id = 1322110)

table 5 : explain SELECT c FROM sbtest5 WHERE id=7399236
	Index Scan using sbtest5_pkey on sbtest5  (cost=0.43..8.45 rows=1 width=121)
	  Index Cond: (id = 7399236)

table 6 : explain SELECT c FROM sbtest6 WHERE id=9125067
	Index Scan using sbtest6_pkey on sbtest6  (cost=0.43..8.45 rows=1 width=121)
	  Index Cond: (id = 9125067)

table 7 : explain SELECT c FROM sbtest7 WHERE id=111076
	Index Scan using sbtest7_pkey on sbtest7  (cost=0.43..8.45 rows=1 width=121)
	  Index Cond: (id = 111076)

table 8 : explain SELECT c FROM sbtest8 WHERE id=6774172
	Index Scan using sbtest8_pkey on sbtest8  (cost=0.43..8.45 rows=1 width=121)
	  Index Cond: (id = 6774172)

for point_selects
table 1 : explain SELECT c FROM sbtest1 WHERE id=46473
	Index Scan using sbtest1_pkey on sbtest1  (cost=0.43..8.45 rows=1 width=121)
	  Index Cond: (id = 46473)

table 2 : explain SELECT c FROM sbtest2 WHERE id=5329454
	Index Scan using sbtest2_pkey on sbtest2  (cost=0.43..8.45 rows=1 width=121)
	  Index Cond: (id = 5329454)

table 3 : explain SELECT c FROM sbtest3 WHERE id=9846293
	Index Scan using sbtest3_pkey on sbtest3  (cost=0.43..8.45 rows=1 width=121)
	  Index Cond: (id = 9846293)

table 4 : explain SELECT c FROM sbtest4 WHERE id=4957299
	Index Scan using sbtest4_pkey on sbtest4  (cost=0.43..8.45 rows=1 width=121)
	  Index Cond: (id = 4957299)

table 5 : explain SELECT c FROM sbtest5 WHERE id=5951004
	Index Scan using sbtest5_pkey on sbtest5  (cost=0.43..8.45 rows=1 width=121)
	  Index Cond: (id = 5951004)

table 6 : explain SELECT c FROM sbtest6 WHERE id=5601282
	Index Scan using sbtest6_pkey on sbtest6  (cost=0.43..8.45 rows=1 width=121)
	  Index Cond: (id = 5601282)

table 7 : explain SELECT c FROM sbtest7 WHERE id=1511208
	Index Scan using sbtest7_pkey on sbtest7  (cost=0.43..8.45 rows=1 width=121)
	  Index Cond: (id = 1511208)

table 8 : explain SELECT c FROM sbtest8 WHERE id=8398099
	Index Scan using sbtest8_pkey on sbtest8  (cost=0.43..8.45 rows=1 width=121)
	  Index Cond: (id = 8398099)

Threads started!

Warming up for 5 seconds...

SQL statistics:
    queries performed:
        read:                            686752840
        write:                           0
        other:                           0
        total:                           686752840
    transactions:                        686752840 (1090072.71 per sec.)
    queries:                             686752840 (1090072.71 per sec.)
    ignored errors:                      0      (0.00 per sec.)
    reconnects:                          0      (0.00 per sec.)

Throughput:
    events/s (eps):                      1090072.7115
    time elapsed:                        630.0065s
    total number of events:              686752840

Latency (ms):
         min:                                    0.03
         avg:                                    0.04
         max:                                   20.09
         95th percentile:                        0.04
         sum:                             25017490.10

Threads fairness:
    events (avg/stddev):           17168797.8250/206846.04
    execution time (avg/stddev):   625.4373/0.05

