LUA_PATH=/home/mdcallag/git/mytools/bench/sysbench.lua/lua/?.lua /home/mdcallag/git/mytools/bench/sysbench.lua/lua/sysbench --db-driver=pgsql --range-size=1000 --table-size=10000000 --tables=8 --threads=40 --events=0 --warmup-time=5 --time=630 --pgsql_conn_id=true /home/mdcallag/git/mytools/bench/sysbench.lua/lua/oltp_read_only.lua run --pgsql-user=root --pgsql-password=pw --pgsql-host=127.0.0.1 --pgsql-db=ib --rand-type=uniform --simple-ranges=1 --sum-ranges=0 --order-ranges=0 --distinct-ranges=0
48 CPUs
sysbench 1.1.0-9072687 (using bundled LuaJIT 2.1.0-beta3)

Running the test with following options:
Number of threads: 40
Warmup time: 5s
Initializing random number generator from current time


Initializing worker threads...

explain: for point_selects :: explain SELECT c FROM sbtest%u WHERE id=%u
explain: for point_selects :: explain SELECT c FROM sbtest%u WHERE id=%u
explain: for point_selects :: explain SELECT c FROM sbtest%u WHERE id=%u
explain: for point_selects :: explain SELECT c FROM sbtest%u WHERE id=%u
explain: for point_selects :: explain SELECT c FROM sbtest%u WHERE id=%u
explain: for point_selects :: explain SELECT c FROM sbtest%u WHERE id=%u
explain: for point_selects :: explain SELECT c FROM sbtest%u WHERE id=%u
explain: for point_selects :: explain SELECT c FROM sbtest%u WHERE id=%u
explain: for point_selects :: explain SELECT c FROM sbtest%u WHERE id=%u
explain: for point_selects :: explain SELECT c FROM sbtest%u WHERE id=%u
for point_selects
table 1 : explain SELECT c FROM sbtest1 WHERE id=8470233
	Index Scan using sbtest1_pkey on sbtest1  (cost=0.43..8.45 rows=1 width=121)
	  Index Cond: (id = 8470233)

table 2 : explain SELECT c FROM sbtest2 WHERE id=6961404
	Index Scan using sbtest2_pkey on sbtest2  (cost=0.43..8.45 rows=1 width=121)
	  Index Cond: (id = 6961404)

table 3 : explain SELECT c FROM sbtest3 WHERE id=2634631
	Index Scan using sbtest3_pkey on sbtest3  (cost=0.43..8.45 rows=1 width=121)
	  Index Cond: (id = 2634631)

table 4 : explain SELECT c FROM sbtest4 WHERE id=3433816
	Index Scan using sbtest4_pkey on sbtest4  (cost=0.43..8.45 rows=1 width=121)
	  Index Cond: (id = 3433816)

table 5 : explain SELECT c FROM sbtest5 WHERE id=4412540
	Index Scan using sbtest5_pkey on sbtest5  (cost=0.43..8.45 rows=1 width=121)
	  Index Cond: (id = 4412540)

table 6 : explain SELECT c FROM sbtest6 WHERE id=4178667
	Index Scan using sbtest6_pkey on sbtest6  (cost=0.43..8.45 rows=1 width=121)
	  Index Cond: (id = 4178667)

table 7 : explain SELECT c FROM sbtest7 WHERE id=2747463
	Index Scan using sbtest7_pkey on sbtest7  (cost=0.43..8.45 rows=1 width=121)
	  Index Cond: (id = 2747463)

table 8 : explain SELECT c FROM sbtest8 WHERE id=3821491
	Index Scan using sbtest8_pkey on sbtest8  (cost=0.43..8.45 rows=1 width=121)
	  Index Cond: (id = 3821491)

for point_selects
table 1 : explain SELECT c FROM sbtest1 WHERE id=9315136
	Index Scan using sbtest1_pkey on sbtest1  (cost=0.43..8.45 rows=1 width=121)
	  Index Cond: (id = 9315136)

table 2 : explain SELECT c FROM sbtest2 WHERE id=9981127
	Index Scan using sbtest2_pkey on sbtest2  (cost=0.43..8.45 rows=1 width=121)
	  Index Cond: (id = 9981127)

table 3 : explain SELECT c FROM sbtest3 WHERE id=6510510
	Index Scan using sbtest3_pkey on sbtest3  (cost=0.43..8.45 rows=1 width=121)
	  Index Cond: (id = 6510510)

table 4 : explain SELECT c FROM sbtest4 WHERE id=1292408
	Index Scan using sbtest4_pkey on sbtest4  (cost=0.43..8.45 rows=1 width=121)
	  Index Cond: (id = 1292408)

table 5 : explain SELECT c FROM sbtest5 WHERE id=4195005
	Index Scan using sbtest5_pkey on sbtest5  (cost=0.43..8.45 rows=1 width=121)
	  Index Cond: (id = 4195005)

table 6 : explain SELECT c FROM sbtest6 WHERE id=7931698
	Index Scan using sbtest6_pkey on sbtest6  (cost=0.43..8.45 rows=1 width=121)
	  Index Cond: (id = 7931698)

table 7 : explain SELECT c FROM sbtest7 WHERE id=8488023
	Index Scan using sbtest7_pkey on sbtest7  (cost=0.43..8.45 rows=1 width=121)
	  Index Cond: (id = 8488023)

table 8 : explain SELECT c FROM sbtest8 WHERE id=3587853
	Index Scan using sbtest8_pkey on sbtest8  (cost=0.43..8.45 rows=1 width=121)
	  Index Cond: (id = 3587853)

for point_selects
table 1 : explain SELECT c FROM sbtest1 WHERE id=1750284
	Index Scan using sbtest1_pkey on sbtest1  (cost=0.43..8.45 rows=1 width=121)
	  Index Cond: (id = 1750284)

table 2 : explain SELECT c FROM sbtest2 WHERE id=5225521
	Index Scan using sbtest2_pkey on sbtest2  (cost=0.43..8.45 rows=1 width=121)
	  Index Cond: (id = 5225521)

table 3 : explain SELECT c FROM sbtest3 WHERE id=8312792
	Index Scan using sbtest3_pkey on sbtest3  (cost=0.43..8.45 rows=1 width=121)
	  Index Cond: (id = 8312792)

table 4 : explain SELECT c FROM sbtest4 WHERE id=1266032
	Index Scan using sbtest4_pkey on sbtest4  (cost=0.43..8.45 rows=1 width=121)
	  Index Cond: (id = 1266032)

table 5 : explain SELECT c FROM sbtest5 WHERE id=6198958
	Index Scan using sbtest5_pkey on sbtest5  (cost=0.43..8.45 rows=1 width=121)
	  Index Cond: (id = 6198958)

table 6 : explain SELECT c FROM sbtest6 WHERE id=7109971
	Index Scan using sbtest6_pkey on sbtest6  (cost=0.43..8.45 rows=1 width=121)
	  Index Cond: (id = 7109971)

table 7 : explain SELECT c FROM sbtest7 WHERE id=4024923
	Index Scan using sbtest7_pkey on sbtest7  (cost=0.43..8.45 rows=1 width=121)
	  Index Cond: (id = 4024923)

table 8 : explain SELECT c FROM sbtest8 WHERE id=7476476
	Index Scan using sbtest8_pkey on sbtest8  (cost=0.43..8.45 rows=1 width=121)
	  Index Cond: (id = 7476476)

for point_selects
table 1 : explain SELECT c FROM sbtest1 WHERE id=824745
	Index Scan using sbtest1_pkey on sbtest1  (cost=0.43..8.45 rows=1 width=121)
	  Index Cond: (id = 824745)

table 2 : explain SELECT c FROM sbtest2 WHERE id=7968175
	Index Scan using sbtest2_pkey on sbtest2  (cost=0.43..8.45 rows=1 width=121)
	  Index Cond: (id = 7968175)

table 3 : explain SELECT c FROM sbtest3 WHERE id=7010039
	Index Scan using sbtest3_pkey on sbtest3  (cost=0.43..8.45 rows=1 width=121)
	  Index Cond: (id = 7010039)

table 4 : explain SELECT c FROM sbtest4 WHERE id=8497481
	Index Scan using sbtest4_pkey on sbtest4  (cost=0.43..8.45 rows=1 width=121)
	  Index Cond: (id = 8497481)

table 5 : explain SELECT c FROM sbtest5 WHERE id=283129
	Index Scan using sbtest5_pkey on sbtest5  (cost=0.43..8.45 rows=1 width=121)
	  Index Cond: (id = 283129)

table 6 : explain SELECT c FROM sbtest6 WHERE id=9018925
	Index Scan using sbtest6_pkey on sbtest6  (cost=0.43..8.45 rows=1 width=121)
	  Index Cond: (id = 9018925)

table 7 : explain SELECT c FROM sbtest7 WHERE id=9114991
	Index Scan using sbtest7_pkey on sbtest7  (cost=0.43..8.45 rows=1 width=121)
	  Index Cond: (id = 9114991)

table 8 : explain SELECT c FROM sbtest8 WHERE id=971658
	Index Scan using sbtest8_pkey on sbtest8  (cost=0.43..8.45 rows=1 width=121)
	  Index Cond: (id = 971658)

explain: for point_selects :: explain SELECT c FROM sbtest%u WHERE id=%u
for point_selects
table 1 : explain SELECT c FROM sbtest1 WHERE id=5983468
	Index Scan using sbtest1_pkey on sbtest1  (cost=0.43..8.45 rows=1 width=121)
	  Index Cond: (id = 5983468)

table 2 : explain SELECT c FROM sbtest2 WHERE id=1801242
	Index Scan using sbtest2_pkey on sbtest2  (cost=0.43..8.45 rows=1 width=121)
	  Index Cond: (id = 1801242)

table 3 : explain SELECT c FROM sbtest3 WHERE id=2767123
	Index Scan using sbtest3_pkey on sbtest3  (cost=0.43..8.45 rows=1 width=121)
	  Index Cond: (id = 2767123)

table 4 : explain SELECT c FROM sbtest4 WHERE id=2659741
	Index Scan using sbtest4_pkey on sbtest4  (cost=0.43..8.45 rows=1 width=121)
	  Index Cond: (id = 2659741)

table 5 : explain SELECT c FROM sbtest5 WHERE id=1881753
	Index Scan using sbtest5_pkey on sbtest5  (cost=0.43..8.45 rows=1 width=121)
	  Index Cond: (id = 1881753)

table 6 : explain SELECT c FROM sbtest6 WHERE id=8401775
	Index Scan using sbtest6_pkey on sbtest6  (cost=0.43..8.45 rows=1 width=121)
	  Index Cond: (id = 8401775)

table 7 : explain SELECT c FROM sbtest7 WHERE id=6945721
	Index Scan using sbtest7_pkey on sbtest7  (cost=0.43..8.45 rows=1 width=121)
	  Index Cond: (id = 6945721)

table 8 : explain SELECT c FROM sbtest8 WHERE id=2621168
	Index Scan using sbtest8_pkey on sbtest8  (cost=0.43..8.45 rows=1 width=121)
	  Index Cond: (id = 2621168)

for point_selects
table 1 : explain SELECT c FROM sbtest1 WHERE id=14866
	Index Scan using sbtest1_pkey on sbtest1  (cost=0.43..8.45 rows=1 width=121)
	  Index Cond: (id = 14866)

table 2 : explain SELECT c FROM sbtest2 WHERE id=3708547
	Index Scan using sbtest2_pkey on sbtest2  (cost=0.43..8.45 rows=1 width=121)
	  Index Cond: (id = 3708547)

table 3 : explain SELECT c FROM sbtest3 WHERE id=6373229
	Index Scan using sbtest3_pkey on sbtest3  (cost=0.43..8.45 rows=1 width=121)
	  Index Cond: (id = 6373229)

table 4 : explain SELECT c FROM sbtest4 WHERE id=9750752
	Index Scan using sbtest4_pkey on sbtest4  (cost=0.43..8.45 rows=1 width=121)
	  Index Cond: (id = 9750752)

table 5 : explain SELECT c FROM sbtest5 WHERE id=8246572
	Index Scan using sbtest5_pkey on sbtest5  (cost=0.43..8.45 rows=1 width=121)
	  Index Cond: (id = 8246572)

table 6 : explain SELECT c FROM sbtest6 WHERE id=4187608
	Index Scan using sbtest6_pkey on sbtest6  (cost=0.43..8.45 rows=1 width=121)
	  Index Cond: (id = 4187608)

table 7 : explain SELECT c FROM sbtest7 WHERE id=3452531
	Index Scan using sbtest7_pkey on sbtest7  (cost=0.43..8.45 rows=1 width=121)
	  Index Cond: (id = 3452531)

table 8 : explain SELECT c FROM sbtest8 WHERE id=962576
	Index Scan using sbtest8_pkey on sbtest8  (cost=0.43..8.45 rows=1 width=121)
	  Index Cond: (id = 962576)

for: simple_ranges
table 1 : explain SELECT c FROM sbtest1 WHERE id BETWEEN 1768811 AND 1769810
	Bitmap Heap Scan on sbtest1  (cost=21.56..3444.82 rows=890 width=121)
	  Recheck Cond: ((id >= 1768811) AND (id <= 1769810))
	  ->  Bitmap Index Scan on sbtest1_pkey  (cost=0.00..21.33 rows=890 width=0)
	        Index Cond: ((id >= 1768811) AND (id <= 1769810))

table 2 : explain SELECT c FROM sbtest2 WHERE id BETWEEN 1493617 AND 1494616
	Bitmap Heap Scan on sbtest2  (cost=28.04..4357.10 rows=1132 width=121)
	  Recheck Cond: ((id >= 1493617) AND (id <= 1494616))
	  ->  Bitmap Index Scan on sbtest2_pkey  (cost=0.00..27.75 rows=1132 width=0)
	        Index Cond: ((id >= 1493617) AND (id <= 1494616))

table 3 : explain SELECT c FROM sbtest3 WHERE id BETWEEN 7597746 AND 7598745
	Bitmap Heap Scan on sbtest3  (cost=22.40..3755.43 rows=972 width=121)
	  Recheck Cond: ((id >= 7597746) AND (id <= 7598745))
	  ->  Bitmap Index Scan on sbtest3_pkey  (cost=0.00..22.15 rows=972 width=0)
	        Index Cond: ((id >= 7597746) AND (id <= 7598745))

table 4 : explain SELECT c FROM sbtest4 WHERE id BETWEEN 1383488 AND 1384487
	Bitmap Heap Scan on sbtest4  (cost=22.03..3620.67 rows=936 width=121)
	  Recheck Cond: ((id >= 1383488) AND (id <= 1384487))
	  ->  Bitmap Index Scan on sbtest4_pkey  (cost=0.00..21.79 rows=936 width=0)
	        Index Cond: ((id >= 1383488) AND (id <= 1384487))

table 5 : explain SELECT c FROM sbtest5 WHERE id BETWEEN 5485248 AND 5486247
	Bitmap Heap Scan on sbtest5  (cost=21.53..3435.51 rows=887 width=121)
	  Recheck Cond: ((id >= 5485248) AND (id <= 5486247))
	  ->  Bitmap Index Scan on sbtest5_pkey  (cost=0.00..21.30 rows=887 width=0)
	        Index Cond: ((id >= 5485248) AND (id <= 5486247))

table 6 : explain SELECT c FROM sbtest6 WHERE id BETWEEN 2132672 AND 2133671
	Bitmap Heap Scan on sbtest6  (cost=23.20..4050.38 rows=1050 width=121)
	  Recheck Cond: ((id >= 2132672) AND (id <= 2133671))
	  ->  Bitmap Index Scan on sbtest6_pkey  (cost=0.00..22.93 rows=1050 width=0)
	        Index Cond: ((id >= 2132672) AND (id <= 2133671))

table 7 : explain SELECT c FROM sbtest7 WHERE id BETWEEN 6456316 AND 6457315
	Bitmap Heap Scan on sbtest7  (cost=23.28..4081.56 rows=1058 width=121)
	  Recheck Cond: ((id >= 6456316) AND (id <= 6457315))
	  ->  Bitmap Index Scan on sbtest7_pkey  (cost=0.00..23.01 rows=1058 width=0)
	        Index Cond: ((id >= 6456316) AND (id <= 6457315))

table 8 : explain SELECT c FROM sbtest8 WHERE id BETWEEN 1929647 AND 1930646
	Bitmap Heap Scan on sbtest8  (cost=28.03..4356.08 rows=1131 width=121)
	  Recheck Cond: ((id >= 1929647) AND (id <= 1930646))
	  ->  Bitmap Index Scan on sbtest8_pkey  (cost=0.00..27.75 rows=1131 width=0)
	        Index Cond: ((id >= 1929647) AND (id <= 1930646))

for: simple_ranges
table 1 : explain SELECT c FROM sbtest1 WHERE id BETWEEN 8255900 AND 8256899
	Bitmap Heap Scan on sbtest1  (cost=23.47..4149.11 rows=1077 width=121)
	  Recheck Cond: ((id >= 8255900) AND (id <= 8256899))
	  ->  Bitmap Index Scan on sbtest1_pkey  (cost=0.00..23.20 rows=1077 width=0)
	        Index Cond: ((id >= 8255900) AND (id <= 8256899))

table 2 : explain SELECT c FROM sbtest2 WHERE id BETWEEN 4579330 AND 4580329
	Bitmap Heap Scan on sbtest2  (cost=22.30..3717.66 rows=962 width=121)
	  Recheck Cond: ((id >= 4579330) AND (id <= 4580329))
	  ->  Bitmap Index Scan on sbtest2_pkey  (cost=0.00..22.05 rows=962 width=0)
	        Index Cond: ((id >= 4579330) AND (id <= 4580329))

table 3 : explain SELECT c FROM sbtest3 WHERE id BETWEEN 408134 AND 409133
	Bitmap Heap Scan on sbtest3  (cost=22.10..3646.06 rows=943 width=121)
	  Recheck Cond: ((id >= 408134) AND (id <= 409133))
	  ->  Bitmap Index Scan on sbtest3_pkey  (cost=0.00..21.86 rows=943 width=0)
	        Index Cond: ((id >= 408134) AND (id <= 409133))

table 4 : explain SELECT c FROM sbtest4 WHERE id BETWEEN 9545652 AND 9546651
	Bitmap Heap Scan on sbtest4  (cost=22.37..3745.20 rows=969 width=121)
	  Recheck Cond: ((id >= 9545652) AND (id <= 9546651))
	  ->  Bitmap Index Scan on sbtest4_pkey  (cost=0.00..22.12 rows=969 width=0)
	        Index Cond: ((id >= 9545652) AND (id <= 9546651))

table 5 : explain SELECT c FROM sbtest5 WHERE id BETWEEN 2250963 AND 2251962
	Bitmap Heap Scan on sbtest5  (cost=22.81..3907.28 rows=1012 width=121)
	  Recheck Cond: ((id >= 2250963) AND (id <= 2251962))
	  ->  Bitmap Index Scan on sbtest5_pkey  (cost=0.00..22.55 rows=1012 width=0)
	        Index Cond: ((id >= 2250963) AND (id <= 2251962))

table 6 : explain SELECT c FROM sbtest6 WHERE id BETWEEN 8035861 AND 8036860
	Bitmap Heap Scan on sbtest6  (cost=21.72..3507.41 rows=906 width=121)
	  Recheck Cond: ((id >= 8035861) AND (id <= 8036860))
	  ->  Bitmap Index Scan on sbtest6_pkey  (cost=0.00..21.50 rows=906 width=0)
	        Index Cond: ((id >= 8035861) AND (id <= 8036860))

table 7 : explain SELECT c FROM sbtest7 WHERE id BETWEEN 9373566 AND 9374565
	Bitmap Heap Scan on sbtest7  (cost=22.06..3633.00 rows=939 width=121)
	  Recheck Cond: ((id >= 9373566) AND (id <= 9374565))
	  ->  Bitmap Index Scan on sbtest7_pkey  (cost=0.00..21.82 rows=939 width=0)
	        Index Cond: ((id >= 9373566) AND (id <= 9374565))

table 8 : explain SELECT c FROM sbtest8 WHERE id BETWEEN 6559392 AND 6560391
	Bitmap Heap Scan on sbtest8  (cost=22.25..3704.71 rows=958 width=121)
	  Recheck Cond: ((id >= 6559392) AND (id <= 6560391))
	  ->  Bitmap Index Scan on sbtest8_pkey  (cost=0.00..22.01 rows=958 width=0)
	        Index Cond: ((id >= 6559392) AND (id <= 6560391))

for: simple_ranges
table 1 : explain SELECT c FROM sbtest1 WHERE id BETWEEN 8265533 AND 8266532
	Bitmap Heap Scan on sbtest1  (cost=23.40..4122.82 rows=1070 width=121)
	  Recheck Cond: ((id >= 8265533) AND (id <= 8266532))
	  ->  Bitmap Index Scan on sbtest1_pkey  (cost=0.00..23.14 rows=1070 width=0)
	        Index Cond: ((id >= 8265533) AND (id <= 8266532))

table 2 : explain SELECT c FROM sbtest2 WHERE id BETWEEN 1681403 AND 1682402
	Bitmap Heap Scan on sbtest2  (cost=22.86..3924.85 rows=1017 width=121)
	  Recheck Cond: ((id >= 1681403) AND (id <= 1682402))
	  ->  Bitmap Index Scan on sbtest2_pkey  (cost=0.00..22.61 rows=1017 width=0)
	        Index Cond: ((id >= 1681403) AND (id <= 1682402))

table 3 : explain SELECT c FROM sbtest3 WHERE id BETWEEN 5438298 AND 5439297
	Bitmap Heap Scan on sbtest3  (cost=22.41..3759.20 rows=973 width=121)
	  Recheck Cond: ((id >= 5438298) AND (id <= 5439297))
	  ->  Bitmap Index Scan on sbtest3_pkey  (cost=0.00..22.16 rows=973 width=0)
	        Index Cond: ((id >= 5438298) AND (id <= 5439297))

table 4 : explain SELECT c FROM sbtest4 WHERE id BETWEEN 5202832 AND 5203831
	Bitmap Heap Scan on sbtest4  (cost=22.31..3722.57 rows=963 width=121)
	  Recheck Cond: ((id >= 5202832) AND (id <= 5203831))
	  ->  Bitmap Index Scan on sbtest4_pkey  (cost=0.00..22.07 rows=963 width=0)
	        Index Cond: ((id >= 5202832) AND (id <= 5203831))

table 5 : explain SELECT c FROM sbtest5 WHERE id BETWEEN 5597370 AND 5598369
	Bitmap Heap Scan on sbtest5  (cost=22.02..3616.91 rows=935 width=121)
	  Recheck Cond: ((id >= 5597370) AND (id <= 5598369))
	  ->  Bitmap Index Scan on sbtest5_pkey  (cost=0.00..21.79 rows=935 width=0)
	        Index Cond: ((id >= 5597370) AND (id <= 5598369))

table 6 : explain SELECT c FROM sbtest6 WHERE id BETWEEN 2338384 AND 2339383
	Bitmap Heap Scan on sbtest6  (cost=27.67..4227.27 rows=1096 width=121)
	  Recheck Cond: ((id >= 2338384) AND (id <= 2339383))
	  ->  Bitmap Index Scan on sbtest6_pkey  (cost=0.00..27.39 rows=1096 width=0)
	        Index Cond: ((id >= 2338384) AND (id <= 2339383))

table 7 : explain SELECT c FROM sbtest7 WHERE id BETWEEN 6970371 AND 6971370
	Bitmap Heap Scan on sbtest7  (cost=22.19..3682.09 rows=952 width=121)
	  Recheck Cond: ((id >= 6970371) AND (id <= 6971370))
	  ->  Bitmap Index Scan on sbtest7_pkey  (cost=0.00..21.95 rows=952 width=0)
	        Index Cond: ((id >= 6970371) AND (id <= 6971370))

table 8 : explain SELECT c FROM sbtest8 WHERE id BETWEEN 3396814 AND 3397813
	Bitmap Heap Scan on sbtest8  (cost=27.43..4141.94 rows=1073 width=121)
	  Recheck Cond: ((id >= 3396814) AND (id <= 3397813))
	  ->  Bitmap Index Scan on sbtest8_pkey  (cost=0.00..27.16 rows=1073 width=0)
	        Index Cond: ((id >= 3396814) AND (id <= 3397813))

for: simple_ranges
table 1 : explain SELECT c FROM sbtest1 WHERE id BETWEEN 1648636 AND 1649635
	Bitmap Heap Scan on sbtest1  (cost=21.83..3546.80 rows=917 width=121)
	  Recheck Cond: ((id >= 1648636) AND (id <= 1649635))
	  ->  Bitmap Index Scan on sbtest1_pkey  (cost=0.00..21.61 rows=917 width=0)
	        Index Cond: ((id >= 1648636) AND (id <= 1649635))

table 2 : explain SELECT c FROM sbtest2 WHERE id BETWEEN 4699877 AND 4700876
	Bitmap Heap Scan on sbtest2  (cost=23.41..4127.90 rows=1071 width=121)
	  Recheck Cond: ((id >= 4699877) AND (id <= 4700876))
	  ->  Bitmap Index Scan on sbtest2_pkey  (cost=0.00..23.14 rows=1071 width=0)
	        Index Cond: ((id >= 4699877) AND (id <= 4700876))

table 3 : explain SELECT c FROM sbtest3 WHERE id BETWEEN 3431425 AND 3432424
	Bitmap Heap Scan on sbtest3  (cost=22.03..3619.64 rows=936 width=121)
	  Recheck Cond: ((id >= 3431425) AND (id <= 3432424))
	  ->  Bitmap Index Scan on sbtest3_pkey  (cost=0.00..21.79 rows=936 width=0)
	        Index Cond: ((id >= 3431425) AND (id <= 3432424))

table 4 : explain SELECT c FROM sbtest4 WHERE id BETWEEN 121790 AND 122789
	Bitmap Heap Scan on sbtest4  (cost=22.27..3711.25 rows=960 width=121)
	  Recheck Cond: ((id >= 121790) AND (id <= 122789))
	  ->  Bitmap Index Scan on sbtest4_pkey  (cost=0.00..22.04 rows=960 width=0)
	        Index Cond: ((id >= 121790) AND (id <= 122789))

table 5 : explain SELECT c FROM sbtest5 WHERE id BETWEEN 8403245 AND 8404244
	Bitmap Heap Scan on sbtest5  (cost=21.69..3496.01 rows=903 width=121)
	  Recheck Cond: ((id >= 8403245) AND (id <= 8404244))
	  ->  Bitmap Index Scan on sbtest5_pkey  (cost=0.00..21.46 rows=903 width=0)
	        Index Cond: ((id >= 8403245) AND (id <= 8404244))

table 6 : explain SELECT c FROM sbtest6 WHERE id BETWEEN 6228788 AND 6229787
	Bitmap Heap Scan on sbtest6  (cost=22.10..3647.18 rows=943 width=121)
	  Recheck Cond: ((id >= 6228788) AND (id <= 6229787))
	  ->  Bitmap Index Scan on sbtest6_pkey  (cost=0.00..21.86 rows=943 width=0)
	        Index Cond: ((id >= 6228788) AND (id <= 6229787))

table 7 : explain SELECT c FROM sbtest7 WHERE id BETWEEN 244664 AND 245663
	Bitmap Heap Scan on sbtest7  (cost=22.57..3821.69 rows=989 width=121)
	  Recheck Cond: ((id >= 244664) AND (id <= 245663))
	  ->  Bitmap Index Scan on sbtest7_pkey  (cost=0.00..22.32 rows=989 width=0)
	        Index Cond: ((id >= 244664) AND (id <= 245663))

table 8 : explain SELECT c FROM sbtest8 WHERE id BETWEEN 8740706 AND 8741705
	Bitmap Heap Scan on sbtest8  (cost=22.33..3731.13 rows=965 width=121)
	  Recheck Cond: ((id >= 8740706) AND (id <= 8741705))
	  ->  Bitmap Index Scan on sbtest8_pkey  (cost=0.00..22.08 rows=965 width=0)
	        Index Cond: ((id >= 8740706) AND (id <= 8741705))

for point_selects
table 1 : explain SELECT c FROM sbtest1 WHERE id=2147935
	Index Scan using sbtest1_pkey on sbtest1  (cost=0.43..8.45 rows=1 width=121)
	  Index Cond: (id = 2147935)

table 2 : explain SELECT c FROM sbtest2 WHERE id=8728673
	Index Scan using sbtest2_pkey on sbtest2  (cost=0.43..8.45 rows=1 width=121)
	  Index Cond: (id = 8728673)

table 3 : explain SELECT c FROM sbtest3 WHERE id=3327881
	Index Scan using sbtest3_pkey on sbtest3  (cost=0.43..8.45 rows=1 width=121)
	  Index Cond: (id = 3327881)

table 4 : explain SELECT c FROM sbtest4 WHERE id=851072
	Index Scan using sbtest4_pkey on sbtest4  (cost=0.43..8.45 rows=1 width=121)
	  Index Cond: (id = 851072)

table 5 : explain SELECT c FROM sbtest5 WHERE id=4310086
	Index Scan using sbtest5_pkey on sbtest5  (cost=0.43..8.45 rows=1 width=121)
	  Index Cond: (id = 4310086)

table 6 : explain SELECT c FROM sbtest6 WHERE id=3960047
	Index Scan using sbtest6_pkey on sbtest6  (cost=0.43..8.45 rows=1 width=121)
	  Index Cond: (id = 3960047)

table 7 : explain SELECT c FROM sbtest7 WHERE id=2726627
	Index Scan using sbtest7_pkey on sbtest7  (cost=0.43..8.45 rows=1 width=121)
	  Index Cond: (id = 2726627)

table 8 : explain SELECT c FROM sbtest8 WHERE id=1999164
	Index Scan using sbtest8_pkey on sbtest8  (cost=0.43..8.45 rows=1 width=121)
	  Index Cond: (id = 1999164)

for: simple_ranges
table 1 : explain SELECT c FROM sbtest1 WHERE id BETWEEN 2398768 AND 2399767
	Bitmap Heap Scan on sbtest1  (cost=21.34..3365.44 rows=869 width=121)
	  Recheck Cond: ((id >= 2398768) AND (id <= 2399767))
	  ->  Bitmap Index Scan on sbtest1_pkey  (cost=0.00..21.12 rows=869 width=0)
	        Index Cond: ((id >= 2398768) AND (id <= 2399767))

table 2 : explain SELECT c FROM sbtest2 WHERE id BETWEEN 6853634 AND 6854633
	Bitmap Heap Scan on sbtest2  (cost=22.00..3608.26 rows=933 width=121)
	  Recheck Cond: ((id >= 6853634) AND (id <= 6854633))
	  ->  Bitmap Index Scan on sbtest2_pkey  (cost=0.00..21.76 rows=933 width=0)
	        Index Cond: ((id >= 6853634) AND (id <= 6854633))

table 3 : explain SELECT c FROM sbtest3 WHERE id BETWEEN 7522465 AND 7523464
	Bitmap Heap Scan on sbtest3  (cost=22.40..3755.43 rows=972 width=121)
	  Recheck Cond: ((id >= 7522465) AND (id <= 7523464))
	  ->  Bitmap Index Scan on sbtest3_pkey  (cost=0.00..22.15 rows=972 width=0)
	        Index Cond: ((id >= 7522465) AND (id <= 7523464))

table 4 : explain SELECT c FROM sbtest4 WHERE id BETWEEN 7897490 AND 7898489
	Bitmap Heap Scan on sbtest4  (cost=22.76..3888.43 rows=1007 width=121)
	  Recheck Cond: ((id >= 7897490) AND (id <= 7898489))
	  ->  Bitmap Index Scan on sbtest4_pkey  (cost=0.00..22.50 rows=1007 width=0)
	        Index Cond: ((id >= 7897490) AND (id <= 7898489))

table 5 : explain SELECT c FROM sbtest5 WHERE id BETWEEN 9691746 AND 9692745
	Bitmap Heap Scan on sbtest5  (cost=21.60..3461.98 rows=894 width=121)
	  Recheck Cond: ((id >= 9691746) AND (id <= 9692745))
	  ->  Bitmap Index Scan on sbtest5_pkey  (cost=0.00..21.37 rows=894 width=0)
	        Index Cond: ((id >= 9691746) AND (id <= 9692745))

table 6 : explain SELECT c FROM sbtest6 WHERE id BETWEEN 2670022 AND 2671021
	Bitmap Heap Scan on sbtest6  (cost=22.80..3903.59 rows=1011 width=121)
	  Recheck Cond: ((id >= 2670022) AND (id <= 2671021))
	  ->  Bitmap Index Scan on sbtest6_pkey  (cost=0.00..22.54 rows=1011 width=0)
	        Index Cond: ((id >= 2670022) AND (id <= 2671021))

table 7 : explain SELECT c FROM sbtest7 WHERE id BETWEEN 5167197 AND 5168196
	Bitmap Heap Scan on sbtest7  (cost=23.02..3987.48 rows=1033 width=121)
	  Recheck Cond: ((id >= 5167197) AND (id <= 5168196))
	  ->  Bitmap Index Scan on sbtest7_pkey  (cost=0.00..22.76 rows=1033 width=0)
	        Index Cond: ((id >= 5167197) AND (id <= 5168196))

table 8 : explain SELECT c FROM sbtest8 WHERE id BETWEEN 4426458 AND 4427457
	Bitmap Heap Scan on sbtest8  (cost=22.02..3617.86 rows=935 width=121)
	  Recheck Cond: ((id >= 4426458) AND (id <= 4427457))
	  ->  Bitmap Index Scan on sbtest8_pkey  (cost=0.00..21.79 rows=935 width=0)
	        Index Cond: ((id >= 4426458) AND (id <= 4427457))

for: simple_ranges
table 1 : explain SELECT c FROM sbtest1 WHERE id BETWEEN 9489180 AND 9490179
	Bitmap Heap Scan on sbtest1  (cost=23.18..4040.18 rows=1048 width=121)
	  Recheck Cond: ((id >= 9489180) AND (id <= 9490179))
	  ->  Bitmap Index Scan on sbtest1_pkey  (cost=0.00..22.91 rows=1048 width=0)
	        Index Cond: ((id >= 9489180) AND (id <= 9490179))

table 2 : explain SELECT c FROM sbtest2 WHERE id BETWEEN 2960107 AND 2961106
	Bitmap Heap Scan on sbtest2  (cost=23.04..3992.58 rows=1035 width=121)
	  Recheck Cond: ((id >= 2960107) AND (id <= 2961106))
	  ->  Bitmap Index Scan on sbtest2_pkey  (cost=0.00..22.79 rows=1035 width=0)
	        Index Cond: ((id >= 2960107) AND (id <= 2961106))

table 3 : explain SELECT c FROM sbtest3 WHERE id BETWEEN 4589519 AND 4590518
	Bitmap Heap Scan on sbtest3  (cost=22.17..3672.47 rows=950 width=121)
	  Recheck Cond: ((id >= 4589519) AND (id <= 4590518))
	  ->  Bitmap Index Scan on sbtest3_pkey  (cost=0.00..21.93 rows=950 width=0)
	        Index Cond: ((id >= 4589519) AND (id <= 4590518))

table 4 : explain SELECT c FROM sbtest4 WHERE id BETWEEN 4393486 AND 4394485
	Bitmap Heap Scan on sbtest4  (cost=21.96..3594.23 rows=929 width=121)
	  Recheck Cond: ((id >= 4393486) AND (id <= 4394485))
	  ->  Bitmap Index Scan on sbtest4_pkey  (cost=0.00..21.72 rows=929 width=0)
	        Index Cond: ((id >= 4393486) AND (id <= 4394485))

table 5 : explain SELECT c FROM sbtest5 WHERE id BETWEEN 6232494 AND 6233493
	Bitmap Heap Scan on sbtest5  (cost=22.70..3865.85 rows=1001 width=121)
	  Recheck Cond: ((id >= 6232494) AND (id <= 6233493))
	  ->  Bitmap Index Scan on sbtest5_pkey  (cost=0.00..22.44 rows=1001 width=0)
	        Index Cond: ((id >= 6232494) AND (id <= 6233493))

table 6 : explain SELECT c FROM sbtest6 WHERE id BETWEEN 7180270 AND 7181269
	Bitmap Heap Scan on sbtest6  (cost=22.24..3700.02 rows=957 width=121)
	  Recheck Cond: ((id >= 7180270) AND (id <= 7181269))
	  ->  Bitmap Index Scan on sbtest6_pkey  (cost=0.00..22.00 rows=957 width=0)
	        Index Cond: ((id >= 7180270) AND (id <= 7181269))

table 7 : explain SELECT c FROM sbtest7 WHERE id BETWEEN 9755710 AND 9756709
	Bitmap Heap Scan on sbtest7  (cost=23.05..3998.77 rows=1036 width=121)
	  Recheck Cond: ((id >= 9755710) AND (id <= 9756709))
	  ->  Bitmap Index Scan on sbtest7_pkey  (cost=0.00..22.79 rows=1036 width=0)
	        Index Cond: ((id >= 9755710) AND (id <= 9756709))

table 8 : explain SELECT c FROM sbtest8 WHERE id BETWEEN 9030202 AND 9031201
	Bitmap Heap Scan on sbtest8  (cost=21.92..3580.07 rows=925 width=121)
	  Recheck Cond: ((id >= 9030202) AND (id <= 9031201))
	  ->  Bitmap Index Scan on sbtest8_pkey  (cost=0.00..21.68 rows=925 width=0)
	        Index Cond: ((id >= 9030202) AND (id <= 9031201))

for point_selects
table 1 : explain SELECT c FROM sbtest1 WHERE id=9975631
	Index Scan using sbtest1_pkey on sbtest1  (cost=0.43..8.45 rows=1 width=121)
	  Index Cond: (id = 9975631)

table 2 : explain SELECT c FROM sbtest2 WHERE id=3772818
	Index Scan using sbtest2_pkey on sbtest2  (cost=0.43..8.45 rows=1 width=121)
	  Index Cond: (id = 3772818)

table 3 : explain SELECT c FROM sbtest3 WHERE id=4345867
	Index Scan using sbtest3_pkey on sbtest3  (cost=0.43..8.45 rows=1 width=121)
	  Index Cond: (id = 4345867)

table 4 : explain SELECT c FROM sbtest4 WHERE id=1534226
	Index Scan using sbtest4_pkey on sbtest4  (cost=0.43..8.45 rows=1 width=121)
	  Index Cond: (id = 1534226)

table 5 : explain SELECT c FROM sbtest5 WHERE id=7525887
	Index Scan using sbtest5_pkey on sbtest5  (cost=0.43..8.45 rows=1 width=121)
	  Index Cond: (id = 7525887)

table 6 : explain SELECT c FROM sbtest6 WHERE id=5300438
	Index Scan using sbtest6_pkey on sbtest6  (cost=0.43..8.45 rows=1 width=121)
	  Index Cond: (id = 5300438)

table 7 : explain SELECT c FROM sbtest7 WHERE id=4698342
	Index Scan using sbtest7_pkey on sbtest7  (cost=0.43..8.45 rows=1 width=121)
	  Index Cond: (id = 4698342)

table 8 : explain SELECT c FROM sbtest8 WHERE id=2140898
	Index Scan using sbtest8_pkey on sbtest8  (cost=0.43..8.45 rows=1 width=121)
	  Index Cond: (id = 2140898)

for point_selects
table 1 : explain SELECT c FROM sbtest1 WHERE id=5565109
	Index Scan using sbtest1_pkey on sbtest1  (cost=0.43..8.45 rows=1 width=121)
	  Index Cond: (id = 5565109)

table 2 : explain SELECT c FROM sbtest2 WHERE id=530193
	Index Scan using sbtest2_pkey on sbtest2  (cost=0.43..8.45 rows=1 width=121)
	  Index Cond: (id = 530193)

table 3 : explain SELECT c FROM sbtest3 WHERE id=2461127
	Index Scan using sbtest3_pkey on sbtest3  (cost=0.43..8.45 rows=1 width=121)
	  Index Cond: (id = 2461127)

table 4 : explain SELECT c FROM sbtest4 WHERE id=5414054
	Index Scan using sbtest4_pkey on sbtest4  (cost=0.43..8.45 rows=1 width=121)
	  Index Cond: (id = 5414054)

table 5 : explain SELECT c FROM sbtest5 WHERE id=9453159
	Index Scan using sbtest5_pkey on sbtest5  (cost=0.43..8.45 rows=1 width=121)
	  Index Cond: (id = 9453159)

table 6 : explain SELECT c FROM sbtest6 WHERE id=5534896
	Index Scan using sbtest6_pkey on sbtest6  (cost=0.43..8.45 rows=1 width=121)
	  Index Cond: (id = 5534896)

table 7 : explain SELECT c FROM sbtest7 WHERE id=8143976
	Index Scan using sbtest7_pkey on sbtest7  (cost=0.43..8.45 rows=1 width=121)
	  Index Cond: (id = 8143976)

table 8 : explain SELECT c FROM sbtest8 WHERE id=2106097
	Index Scan using sbtest8_pkey on sbtest8  (cost=0.43..8.45 rows=1 width=121)
	  Index Cond: (id = 2106097)

for point_selects
table 1 : explain SELECT c FROM sbtest1 WHERE id=996866
	Index Scan using sbtest1_pkey on sbtest1  (cost=0.43..8.45 rows=1 width=121)
	  Index Cond: (id = 996866)

table 2 : explain SELECT c FROM sbtest2 WHERE id=9664757
	Index Scan using sbtest2_pkey on sbtest2  (cost=0.43..8.45 rows=1 width=121)
	  Index Cond: (id = 9664757)

table 3 : explain SELECT c FROM sbtest3 WHERE id=5624158
	Index Scan using sbtest3_pkey on sbtest3  (cost=0.43..8.45 rows=1 width=121)
	  Index Cond: (id = 5624158)

table 4 : explain SELECT c FROM sbtest4 WHERE id=7183272
	Index Scan using sbtest4_pkey on sbtest4  (cost=0.43..8.45 rows=1 width=121)
	  Index Cond: (id = 7183272)

table 5 : explain SELECT c FROM sbtest5 WHERE id=5216952
	Index Scan using sbtest5_pkey on sbtest5  (cost=0.43..8.45 rows=1 width=121)
	  Index Cond: (id = 5216952)

table 6 : explain SELECT c FROM sbtest6 WHERE id=896423
	Index Scan using sbtest6_pkey on sbtest6  (cost=0.43..8.45 rows=1 width=121)
	  Index Cond: (id = 896423)

table 7 : explain SELECT c FROM sbtest7 WHERE id=8726035
	Index Scan using sbtest7_pkey on sbtest7  (cost=0.43..8.45 rows=1 width=121)
	  Index Cond: (id = 8726035)

table 8 : explain SELECT c FROM sbtest8 WHERE id=205135
	Index Scan using sbtest8_pkey on sbtest8  (cost=0.43..8.45 rows=1 width=121)
	  Index Cond: (id = 205135)

for: sum_ranges
table 1 : explain SELECT SUM(k) FROM sbtest1 WHERE id BETWEEN 2446430 AND 2447429
	Aggregate  (cost=3454.61..3454.62 rows=1 width=8)
	  ->  Bitmap Heap Scan on sbtest1  (cost=21.58..3452.38 rows=892 width=4)
	        Recheck Cond: ((id >= 2446430) AND (id <= 2447429))
	        ->  Bitmap Index Scan on sbtest1_pkey  (cost=0.00..21.36 rows=892 width=0)
	              Index Cond: ((id >= 2446430) AND (id <= 2447429))

table 2 : explain SELECT SUM(k) FROM sbtest2 WHERE id BETWEEN 4859123 AND 4860122
	Aggregate  (cost=3848.28..3848.29 rows=1 width=8)
	  ->  Bitmap Heap Scan on sbtest2  (cost=22.64..3845.79 rows=996 width=4)
	        Recheck Cond: ((id >= 4859123) AND (id <= 4860122))
	        ->  Bitmap Index Scan on sbtest2_pkey  (cost=0.00..22.39 rows=996 width=0)
	              Index Cond: ((id >= 4859123) AND (id <= 4860122))

table 3 : explain SELECT SUM(k) FROM sbtest3 WHERE id BETWEEN 3465182 AND 3466181
	Aggregate  (cost=3621.98..3621.99 rows=1 width=8)
	  ->  Bitmap Heap Scan on sbtest3  (cost=22.03..3619.64 rows=936 width=4)
	        Recheck Cond: ((id >= 3465182) AND (id <= 3466181))
	        ->  Bitmap Index Scan on sbtest3_pkey  (cost=0.00..21.79 rows=936 width=0)
	              Index Cond: ((id >= 3465182) AND (id <= 3466181))

table 4 : explain SELECT SUM(k) FROM sbtest4 WHERE id BETWEEN 865658 AND 866657
	Aggregate  (cost=4098.06..4098.07 rows=1 width=8)
	  ->  Bitmap Heap Scan on sbtest4  (cost=23.32..4095.40 rows=1062 width=4)
	        Recheck Cond: ((id >= 865658) AND (id <= 866657))
	        ->  Bitmap Index Scan on sbtest4_pkey  (cost=0.00..23.05 rows=1062 width=0)
	              Index Cond: ((id >= 865658) AND (id <= 866657))

table 5 : explain SELECT SUM(k) FROM sbtest5 WHERE id BETWEEN 941313 AND 942312
	Aggregate  (cost=3634.36..3634.37 rows=1 width=8)
	  ->  Bitmap Heap Scan on sbtest5  (cost=22.06..3632.02 rows=939 width=4)
	        Recheck Cond: ((id >= 941313) AND (id <= 942312))
	        ->  Bitmap Index Scan on sbtest5_pkey  (cost=0.00..21.82 rows=939 width=0)
	              Index Cond: ((id >= 941313) AND (id <= 942312))

table 6 : explain SELECT SUM(k) FROM sbtest6 WHERE id BETWEEN 2087957 AND 2088956
	Aggregate  (cost=4308.93..4308.94 rows=1 width=8)
	  ->  Bitmap Heap Scan on sbtest6  (cost=27.89..4306.13 rows=1118 width=4)
	        Recheck Cond: ((id >= 2087957) AND (id <= 2088956))
	        ->  Bitmap Index Scan on sbtest6_pkey  (cost=0.00..27.61 rows=1118 width=0)
	              Index Cond: ((id >= 2087957) AND (id <= 2088956))

table 7 : explain SELECT SUM(k) FROM sbtest7 WHERE id BETWEEN 5455489 AND 5456488
	Aggregate  (cost=3869.43..3869.44 rows=1 width=8)
	  ->  Bitmap Heap Scan on sbtest7  (cost=22.70..3866.93 rows=1001 width=4)
	        Recheck Cond: ((id >= 5455489) AND (id <= 5456488))
	        ->  Bitmap Index Scan on sbtest7_pkey  (cost=0.00..22.44 rows=1001 width=0)
	              Index Cond: ((id >= 5455489) AND (id <= 5456488))

table 8 : explain SELECT SUM(k) FROM sbtest8 WHERE id BETWEEN 7507908 AND 7508907
	Aggregate  (cost=3869.40..3869.41 rows=1 width=8)
	  ->  Bitmap Heap Scan on sbtest8  (cost=22.70..3866.89 rows=1001 width=4)
	        Recheck Cond: ((id >= 7507908) AND (id <= 7508907))
	        ->  Bitmap Index Scan on sbtest8_pkey  (cost=0.00..22.44 rows=1001 width=0)
	              Index Cond: ((id >= 7507908) AND (id <= 7508907))

for: sum_ranges
table 1 : explain SELECT SUM(k) FROM sbtest1 WHERE id BETWEEN 8739837 AND 8740836
	Aggregate  (cost=4159.31..4159.32 rows=1 width=8)
	  ->  Bitmap Heap Scan on sbtest1  (cost=23.49..4156.61 rows=1079 width=4)
	        Recheck Cond: ((id >= 8739837) AND (id <= 8740836))
	        ->  Bitmap Index Scan on sbtest1_pkey  (cost=0.00..23.22 rows=1079 width=0)
	              Index Cond: ((id >= 8739837) AND (id <= 8740836))

table 2 : explain SELECT SUM(k) FROM sbtest2 WHERE id BETWEEN 9528744 AND 9529743
	Aggregate  (cost=3572.81..3572.82 rows=1 width=8)
	  ->  Bitmap Heap Scan on sbtest2  (cost=21.90..3570.50 rows=923 width=4)
	        Recheck Cond: ((id >= 9528744) AND (id <= 9529743))
	        ->  Bitmap Index Scan on sbtest2_pkey  (cost=0.00..21.66 rows=923 width=0)
	              Index Cond: ((id >= 9528744) AND (id <= 9529743))

table 3 : explain SELECT SUM(k) FROM sbtest3 WHERE id BETWEEN 2149052 AND 2150051
	Aggregate  (cost=4126.90..4126.91 rows=1 width=8)
	  ->  Bitmap Heap Scan on sbtest3  (cost=23.40..4124.22 rows=1070 width=4)
	        Recheck Cond: ((id >= 2149052) AND (id <= 2150051))
	        ->  Bitmap Index Scan on sbtest3_pkey  (cost=0.00..23.14 rows=1070 width=0)
	              Index Cond: ((id >= 2149052) AND (id <= 2150051))

table 4 : explain SELECT SUM(k) FROM sbtest4 WHERE id BETWEEN 6234607 AND 6235606
	Aggregate  (cost=3683.45..3683.46 rows=1 width=8)
	  ->  Bitmap Heap Scan on sbtest4  (cost=22.19..3681.07 rows=952 width=4)
	        Recheck Cond: ((id >= 6234607) AND (id <= 6235606))
	        ->  Bitmap Index Scan on sbtest4_pkey  (cost=0.00..21.95 rows=952 width=0)
	              Index Cond: ((id >= 6234607) AND (id <= 6235606))

table 5 : explain SELECT SUM(k) FROM sbtest5 WHERE id BETWEEN 8173977 AND 8174976
	Aggregate  (cost=4026.58..4026.59 rows=1 width=8)
	  ->  Bitmap Heap Scan on sbtest5  (cost=23.13..4023.97 rows=1043 width=4)
	        Recheck Cond: ((id >= 8173977) AND (id <= 8174976))
	        ->  Bitmap Index Scan on sbtest5_pkey  (cost=0.00..22.86 rows=1043 width=0)
	              Index Cond: ((id >= 8173977) AND (id <= 8174976))

table 6 : explain SELECT SUM(k) FROM sbtest6 WHERE id BETWEEN 5788709 AND 5789708
	Aggregate  (cost=3668.43..3668.44 rows=1 width=8)
	  ->  Bitmap Heap Scan on sbtest6  (cost=22.15..3666.06 rows=948 width=4)
	        Recheck Cond: ((id >= 5788709) AND (id <= 5789708))
	        ->  Bitmap Index Scan on sbtest6_pkey  (cost=0.00..21.91 rows=948 width=0)
	              Index Cond: ((id >= 5788709) AND (id <= 5789708))

table 7 : explain SELECT SUM(k) FROM sbtest7 WHERE id BETWEEN 8360667 AND 8361666
	Aggregate  (cost=4140.90..4140.91 rows=1 width=8)
	  ->  Bitmap Heap Scan on sbtest7  (cost=27.42..4138.22 rows=1072 width=4)
	        Recheck Cond: ((id >= 8360667) AND (id <= 8361666))
	        ->  Bitmap Index Scan on sbtest7_pkey  (cost=0.00..27.15 rows=1072 width=0)
	              Index Cond: ((id >= 8360667) AND (id <= 8361666))

table 8 : explain SELECT SUM(k) FROM sbtest8 WHERE id BETWEEN 6747323 AND 6748322
	Aggregate  (cost=4370.17..4370.18 rows=1 width=8)
	  ->  Bitmap Heap Scan on sbtest8  (cost=28.06..4367.34 rows=1134 width=4)
	        Recheck Cond: ((id >= 6747323) AND (id <= 6748322))
	        ->  Bitmap Index Scan on sbtest8_pkey  (cost=0.00..27.77 rows=1134 width=0)
	              Index Cond: ((id >= 6747323) AND (id <= 6748322))

for: simple_ranges
table 1 : explain SELECT c FROM sbtest1 WHERE id BETWEEN 1339115 AND 1340114
	Bitmap Heap Scan on sbtest1  (cost=22.43..3765.52 rows=975 width=121)
	  Recheck Cond: ((id >= 1339115) AND (id <= 1340114))
	  ->  Bitmap Index Scan on sbtest1_pkey  (cost=0.00..22.18 rows=975 width=0)
	        Index Cond: ((id >= 1339115) AND (id <= 1340114))

table 2 : explain SELECT c FROM sbtest2 WHERE id BETWEEN 6854056 AND 6855055
	Bitmap Heap Scan on sbtest2  (cost=22.00..3608.26 rows=933 width=121)
	  Recheck Cond: ((id >= 6854056) AND (id <= 6855055))
	  ->  Bitmap Index Scan on sbtest2_pkey  (cost=0.00..21.76 rows=933 width=0)
	        Index Cond: ((id >= 6854056) AND (id <= 6855055))

table 3 : explain SELECT c FROM sbtest3 WHERE id BETWEEN 4030917 AND 4031916
	Bitmap Heap Scan on sbtest3  (cost=22.19..3680.01 rows=952 width=121)
	  Recheck Cond: ((id >= 4030917) AND (id <= 4031916))
	  ->  Bitmap Index Scan on sbtest3_pkey  (cost=0.00..21.95 rows=952 width=0)
	        Index Cond: ((id >= 4030917) AND (id <= 4031916))

table 4 : explain SELECT c FROM sbtest4 WHERE id BETWEEN 8473672 AND 8474671
	Bitmap Heap Scan on sbtest4  (cost=22.86..3926.09 rows=1017 width=121)
	  Recheck Cond: ((id >= 8473672) AND (id <= 8474671))
	  ->  Bitmap Index Scan on sbtest4_pkey  (cost=0.00..22.61 rows=1017 width=0)
	        Index Cond: ((id >= 8473672) AND (id <= 8474671))

table 5 : explain SELECT c FROM sbtest5 WHERE id BETWEEN 2796533 AND 2797532
	Bitmap Heap Scan on sbtest5  (cost=23.56..4181.87 rows=1085 width=121)
	  Recheck Cond: ((id >= 2796533) AND (id <= 2797532))
	  ->  Bitmap Index Scan on sbtest5_pkey  (cost=0.00..23.29 rows=1085 width=0)
	        Index Cond: ((id >= 2796533) AND (id <= 2797532))

table 6 : explain SELECT c FROM sbtest6 WHERE id BETWEEN 7882558 AND 7883557
	Bitmap Heap Scan on sbtest6  (cost=22.49..3790.54 rows=981 width=121)
	  Recheck Cond: ((id >= 7882558) AND (id <= 7883557))
	  ->  Bitmap Index Scan on sbtest6_pkey  (cost=0.00..22.25 rows=981 width=0)
	        Index Cond: ((id >= 7882558) AND (id <= 7883557))

table 7 : explain SELECT c FROM sbtest7 WHERE id BETWEEN 1937535 AND 1938534
	Bitmap Heap Scan on sbtest7  (cost=22.53..3806.61 rows=985 width=121)
	  Recheck Cond: ((id >= 1937535) AND (id <= 1938534))
	  ->  Bitmap Index Scan on sbtest7_pkey  (cost=0.00..22.29 rows=985 width=0)
	        Index Cond: ((id >= 1937535) AND (id <= 1938534))

table 8 : explain SELECT c FROM sbtest8 WHERE id BETWEEN 6226204 AND 6227203
	Bitmap Heap Scan on sbtest8  (cost=22.76..3889.51 rows=1007 width=121)
	  Recheck Cond: ((id >= 6226204) AND (id <= 6227203))
	  ->  Bitmap Index Scan on sbtest8_pkey  (cost=0.00..22.50 rows=1007 width=0)
	        Index Cond: ((id >= 6226204) AND (id <= 6227203))

for: sum_ranges
table 1 : explain SELECT SUM(k) FROM sbtest1 WHERE id BETWEEN 6168182 AND 6169181
	Aggregate  (cost=3850.86..3850.87 rows=1 width=8)
	  ->  Bitmap Heap Scan on sbtest1  (cost=22.65..3848.37 rows=997 width=4)
	        Recheck Cond: ((id >= 6168182) AND (id <= 6169181))
	        ->  Bitmap Index Scan on sbtest1_pkey  (cost=0.00..22.40 rows=997 width=0)
	              Index Cond: ((id >= 6168182) AND (id <= 6169181))

table 2 : explain SELECT SUM(k) FROM sbtest2 WHERE id BETWEEN 5346825 AND 5347824
	Aggregate  (cost=4013.98..4013.99 rows=1 width=8)
	  ->  Bitmap Heap Scan on sbtest2  (cost=23.09..4011.38 rows=1040 width=4)
	        Recheck Cond: ((id >= 5346825) AND (id <= 5347824))
	        ->  Bitmap Index Scan on sbtest2_pkey  (cost=0.00..22.83 rows=1040 width=0)
	              Index Cond: ((id >= 5346825) AND (id <= 5347824))

table 3 : explain SELECT SUM(k) FROM sbtest3 WHERE id BETWEEN 2172748 AND 2173747
	Aggregate  (cost=4126.90..4126.91 rows=1 width=8)
	  ->  Bitmap Heap Scan on sbtest3  (cost=23.40..4124.22 rows=1070 width=4)
	        Recheck Cond: ((id >= 2172748) AND (id <= 2173747))
	        ->  Bitmap Index Scan on sbtest3_pkey  (cost=0.00..23.14 rows=1070 width=0)
	              Index Cond: ((id >= 2172748) AND (id <= 2173747))

table 4 : explain SELECT SUM(k) FROM sbtest4 WHERE id BETWEEN 7605185 AND 7606184
	Aggregate  (cost=3653.23..3653.24 rows=1 width=8)
	  ->  Bitmap Heap Scan on sbtest4  (cost=22.11..3650.87 rows=944 width=4)
	        Recheck Cond: ((id >= 7605185) AND (id <= 7606184))
	        ->  Bitmap Index Scan on sbtest4_pkey  (cost=0.00..21.87 rows=944 width=0)
	              Index Cond: ((id >= 7605185) AND (id <= 7606184))

table 5 : explain SELECT SUM(k) FROM sbtest5 WHERE id BETWEEN 5430674 AND 5431673
	Aggregate  (cost=3717.45..3717.46 rows=1 width=8)
	  ->  Bitmap Heap Scan on sbtest5  (cost=22.29..3715.05 rows=961 width=4)
	        Recheck Cond: ((id >= 5430674) AND (id <= 5431673))
	        ->  Bitmap Index Scan on sbtest5_pkey  (cost=0.00..22.04 rows=961 width=0)
	              Index Cond: ((id >= 5430674) AND (id <= 5431673))

table 6 : explain SELECT SUM(k) FROM sbtest6 WHERE id BETWEEN 4670777 AND 4671776
	Aggregate  (cost=3804.31..3804.32 rows=1 width=8)
	  ->  Bitmap Heap Scan on sbtest6  (cost=22.52..3801.85 rows=984 width=4)
	        Recheck Cond: ((id >= 4670777) AND (id <= 4671776))
	        ->  Bitmap Index Scan on sbtest6_pkey  (cost=0.00..22.27 rows=984 width=0)
	              Index Cond: ((id >= 4670777) AND (id <= 4671776))

table 7 : explain SELECT SUM(k) FROM sbtest7 WHERE id BETWEEN 6088898 AND 6089897
	Aggregate  (cost=3778.88..3778.89 rows=1 width=8)
	  ->  Bitmap Heap Scan on sbtest7  (cost=22.45..3776.44 rows=977 width=4)
	        Recheck Cond: ((id >= 6088898) AND (id <= 6089897))
	        ->  Bitmap Index Scan on sbtest7_pkey  (cost=0.00..22.20 rows=977 width=0)
	              Index Cond: ((id >= 6088898) AND (id <= 6089897))

table 8 : explain SELECT SUM(k) FROM sbtest8 WHERE id BETWEEN 9931874 AND 9932873
	Aggregate  (cost=3759.97..3759.98 rows=1 width=8)
	  ->  Bitmap Heap Scan on sbtest8  (cost=22.40..3757.54 rows=972 width=4)
	        Recheck Cond: ((id >= 9931874) AND (id <= 9932873))
	        ->  Bitmap Index Scan on sbtest8_pkey  (cost=0.00..22.15 rows=972 width=0)
	              Index Cond: ((id >= 9931874) AND (id <= 9932873))

for: simple_ranges
table 1 : explain SELECT c FROM sbtest1 WHERE id BETWEEN 5713560 AND 5714559
	Bitmap Heap Scan on sbtest1  (cost=23.00..3976.28 rows=1031 width=121)
	  Recheck Cond: ((id >= 5713560) AND (id <= 5714559))
	  ->  Bitmap Index Scan on sbtest1_pkey  (cost=0.00..22.75 rows=1031 width=0)
	        Index Cond: ((id >= 5713560) AND (id <= 5714559))

table 2 : explain SELECT c FROM sbtest2 WHERE id BETWEEN 9901466 AND 9902465
	Bitmap Heap Scan on sbtest2  (cost=22.66..3853.32 rows=998 width=121)
	  Recheck Cond: ((id >= 9901466) AND (id <= 9902465))
	  ->  Bitmap Index Scan on sbtest2_pkey  (cost=0.00..22.41 rows=998 width=0)
	        Index Cond: ((id >= 9901466) AND (id <= 9902465))

table 3 : explain SELECT c FROM sbtest3 WHERE id BETWEEN 8286164 AND 8287163
	Bitmap Heap Scan on sbtest3  (cost=22.56..3815.73 rows=988 width=121)
	  Recheck Cond: ((id >= 8286164) AND (id <= 8287163))
	  ->  Bitmap Index Scan on sbtest3_pkey  (cost=0.00..22.32 rows=988 width=0)
	        Index Cond: ((id >= 8286164) AND (id <= 8287163))

table 4 : explain SELECT c FROM sbtest4 WHERE id BETWEEN 5158882 AND 5159881
	Bitmap Heap Scan on sbtest4  (cost=22.33..3730.11 rows=965 width=121)
	  Recheck Cond: ((id >= 5158882) AND (id <= 5159881))
	  ->  Bitmap Index Scan on sbtest4_pkey  (cost=0.00..22.08 rows=965 width=0)
	        Index Cond: ((id >= 5158882) AND (id <= 5159881))

table 5 : explain SELECT c FROM sbtest5 WHERE id BETWEEN 6479104 AND 6480103
	Bitmap Heap Scan on sbtest5  (cost=28.29..4452.32 rows=1157 width=121)
	  Recheck Cond: ((id >= 6479104) AND (id <= 6480103))
	  ->  Bitmap Index Scan on sbtest5_pkey  (cost=0.00..28.00 rows=1157 width=0)
	        Index Cond: ((id >= 6479104) AND (id <= 6480103))

table 6 : explain SELECT c FROM sbtest6 WHERE id BETWEEN 698977 AND 699976
	Bitmap Heap Scan on sbtest6  (cost=22.31..3722.66 rows=963 width=121)
	  Recheck Cond: ((id >= 698977) AND (id <= 699976))
	  ->  Bitmap Index Scan on sbtest6_pkey  (cost=0.00..22.07 rows=963 width=0)
	        Index Cond: ((id >= 698977) AND (id <= 699976))

table 7 : explain SELECT c FROM sbtest7 WHERE id BETWEEN 9296349 AND 9297348
	Bitmap Heap Scan on sbtest7  (cost=22.06..3633.00 rows=939 width=121)
	  Recheck Cond: ((id >= 9296349) AND (id <= 9297348))
	  ->  Bitmap Index Scan on sbtest7_pkey  (cost=0.00..21.82 rows=939 width=0)
	        Index Cond: ((id >= 9296349) AND (id <= 9297348))

table 8 : explain SELECT c FROM sbtest8 WHERE id BETWEEN 8057949 AND 8058948
	Bitmap Heap Scan on sbtest8  (cost=22.53..3806.57 rows=985 width=121)
	  Recheck Cond: ((id >= 8057949) AND (id <= 8058948))
	  ->  Bitmap Index Scan on sbtest8_pkey  (cost=0.00..22.29 rows=985 width=0)
	        Index Cond: ((id >= 8057949) AND (id <= 8058948))

for: sum_ranges
table 1 : explain SELECT SUM(k) FROM sbtest1 WHERE id BETWEEN 6902011 AND 6903010
	Aggregate  (cost=4422.23..4422.24 rows=1 width=8)
	  ->  Bitmap Heap Scan on sbtest1  (cost=28.21..4419.36 rows=1149 width=4)
	        Recheck Cond: ((id >= 6902011) AND (id <= 6903010))
	        ->  Bitmap Index Scan on sbtest1_pkey  (cost=0.00..27.93 rows=1149 width=0)
	              Index Cond: ((id >= 6902011) AND (id <= 6903010))

table 2 : explain SELECT SUM(k) FROM sbtest2 WHERE id BETWEEN 8474304 AND 8475303
	Aggregate  (cost=3686.10..3686.11 rows=1 width=8)
	  ->  Bitmap Heap Scan on sbtest2  (cost=22.20..3683.72 rows=953 width=4)
	        Recheck Cond: ((id >= 8474304) AND (id <= 8475303))
	        ->  Bitmap Index Scan on sbtest2_pkey  (cost=0.00..21.96 rows=953 width=0)
	              Index Cond: ((id >= 8474304) AND (id <= 8475303))

table 3 : explain SELECT SUM(k) FROM sbtest3 WHERE id BETWEEN 3680971 AND 3681970
	Aggregate  (cost=3931.23..3931.24 rows=1 width=8)
	  ->  Bitmap Heap Scan on sbtest3  (cost=22.87..3928.69 rows=1018 width=4)
	        Recheck Cond: ((id >= 3680971) AND (id <= 3681970))
	        ->  Bitmap Index Scan on sbtest3_pkey  (cost=0.00..22.61 rows=1018 width=0)
	              Index Cond: ((id >= 3680971) AND (id <= 3681970))

table 4 : explain SELECT SUM(k) FROM sbtest4 WHERE id BETWEEN 1901126 AND 1902125
	Aggregate  (cost=4256.20..4256.21 rows=1 width=8)
	  ->  Bitmap Heap Scan on sbtest4  (cost=27.74..4253.44 rows=1103 width=4)
	        Recheck Cond: ((id >= 1901126) AND (id <= 1902125))
	        ->  Bitmap Index Scan on sbtest4_pkey  (cost=0.00..27.46 rows=1103 width=0)
	              Index Cond: ((id >= 1901126) AND (id <= 1902125))

table 5 : explain SELECT SUM(k) FROM sbtest5 WHERE id BETWEEN 3861899 AND 3862898
	Aggregate  (cost=4045.40..4045.41 rows=1 width=8)
	  ->  Bitmap Heap Scan on sbtest5  (cost=23.18..4042.78 rows=1048 width=4)
	        Recheck Cond: ((id >= 3861899) AND (id <= 3862898))
	        ->  Bitmap Index Scan on sbtest5_pkey  (cost=0.00..22.91 rows=1048 width=0)
	              Index Cond: ((id >= 3861899) AND (id <= 3862898))

table 6 : explain SELECT SUM(k) FROM sbtest6 WHERE id BETWEEN 6063296 AND 6064295
	Aggregate  (cost=3924.96..3924.97 rows=1 width=8)
	  ->  Bitmap Heap Scan on sbtest6  (cost=22.85..3922.42 rows=1016 width=4)
	        Recheck Cond: ((id >= 6063296) AND (id <= 6064295))
	        ->  Bitmap Index Scan on sbtest6_pkey  (cost=0.00..22.59 rows=1016 width=0)
	              Index Cond: ((id >= 6063296) AND (id <= 6064295))

table 7 : explain SELECT SUM(k) FROM sbtest7 WHERE id BETWEEN 7593150 AND 7594149
	Aggregate  (cost=3756.23..3756.24 rows=1 width=8)
	  ->  Bitmap Heap Scan on sbtest7  (cost=22.39..3753.80 rows=971 width=4)
	        Recheck Cond: ((id >= 7593150) AND (id <= 7594149))
	        ->  Bitmap Index Scan on sbtest7_pkey  (cost=0.00..22.14 rows=971 width=0)
	              Index Cond: ((id >= 7593150) AND (id <= 7594149))

table 8 : explain SELECT SUM(k) FROM sbtest8 WHERE id BETWEEN 5085088 AND 5086087
	Aggregate  (cost=3707.10..3707.11 rows=1 width=8)
	  ->  Bitmap Heap Scan on sbtest8  (cost=22.25..3704.71 rows=958 width=4)
	        Recheck Cond: ((id >= 5085088) AND (id <= 5086087))
	        ->  Bitmap Index Scan on sbtest8_pkey  (cost=0.00..22.01 rows=958 width=0)
	              Index Cond: ((id >= 5085088) AND (id <= 5086087))

for: simple_ranges
table 1 : explain SELECT c FROM sbtest1 WHERE id BETWEEN 9034328 AND 9035327
	Bitmap Heap Scan on sbtest1  (cost=22.15..3663.76 rows=948 width=121)
	  Recheck Cond: ((id >= 9034328) AND (id <= 9035327))
	  ->  Bitmap Index Scan on sbtest1_pkey  (cost=0.00..21.91 rows=948 width=0)
	        Index Cond: ((id >= 9034328) AND (id <= 9035327))

table 2 : explain SELECT c FROM sbtest2 WHERE id BETWEEN 4627411 AND 4628410
	Bitmap Heap Scan on sbtest2  (cost=22.30..3717.66 rows=962 width=121)
	  Recheck Cond: ((id >= 4627411) AND (id <= 4628410))
	  ->  Bitmap Index Scan on sbtest2_pkey  (cost=0.00..22.05 rows=962 width=0)
	        Index Cond: ((id >= 4627411) AND (id <= 4628410))

table 3 : explain SELECT c FROM sbtest3 WHERE id BETWEEN 5425086 AND 5426085
	Bitmap Heap Scan on sbtest3  (cost=22.41..3759.20 rows=973 width=121)
	  Recheck Cond: ((id >= 5425086) AND (id <= 5426085))
	  ->  Bitmap Index Scan on sbtest3_pkey  (cost=0.00..22.16 rows=973 width=0)
	        Index Cond: ((id >= 5425086) AND (id <= 5426085))

table 4 : explain SELECT c FROM sbtest4 WHERE id BETWEEN 8312643 AND 8313642
	Bitmap Heap Scan on sbtest4  (cost=23.43..4136.75 rows=1073 width=121)
	  Recheck Cond: ((id >= 8312643) AND (id <= 8313642))
	  ->  Bitmap Index Scan on sbtest4_pkey  (cost=0.00..23.16 rows=1073 width=0)
	        Index Cond: ((id >= 8312643) AND (id <= 8313642))

table 5 : explain SELECT c FROM sbtest5 WHERE id BETWEEN 5741350 AND 5742349
	Bitmap Heap Scan on sbtest5  (cost=23.13..4023.97 rows=1043 width=121)
	  Recheck Cond: ((id >= 5741350) AND (id <= 5742349))
	  ->  Bitmap Index Scan on sbtest5_pkey  (cost=0.00..22.86 rows=1043 width=0)
	        Index Cond: ((id >= 5741350) AND (id <= 5742349))

table 6 : explain SELECT c FROM sbtest6 WHERE id BETWEEN 3358071 AND 3359070
	Bitmap Heap Scan on sbtest6  (cost=27.60..4200.97 rows=1089 width=121)
	  Recheck Cond: ((id >= 3358071) AND (id <= 3359070))
	  ->  Bitmap Index Scan on sbtest6_pkey  (cost=0.00..27.32 rows=1089 width=0)
	        Index Cond: ((id >= 3358071) AND (id <= 3359070))

table 7 : explain SELECT c FROM sbtest7 WHERE id BETWEEN 6170092 AND 6171091
	Bitmap Heap Scan on sbtest7  (cost=22.45..3776.44 rows=977 width=121)
	  Recheck Cond: ((id >= 6170092) AND (id <= 6171091))
	  ->  Bitmap Index Scan on sbtest7_pkey  (cost=0.00..22.20 rows=977 width=0)
	        Index Cond: ((id >= 6170092) AND (id <= 6171091))

table 8 : explain SELECT c FROM sbtest8 WHERE id BETWEEN 8193182 AND 8194181
	Bitmap Heap Scan on sbtest8  (cost=27.73..4250.92 rows=1102 width=121)
	  Recheck Cond: ((id >= 8193182) AND (id <= 8194181))
	  ->  Bitmap Index Scan on sbtest8_pkey  (cost=0.00..27.45 rows=1102 width=0)
	        Index Cond: ((id >= 8193182) AND (id <= 8194181))

for: order_ranges
table 1 : explain SELECT c FROM sbtest1 WHERE id BETWEEN 7022674 AND 7023673 ORDER BY c
	Sort  (cost=3603.41..3605.71 rows=920 width=121)
	  Sort Key: c
	  ->  Bitmap Heap Scan on sbtest1  (cost=21.87..3558.12 rows=920 width=121)
	        Recheck Cond: ((id >= 7022674) AND (id <= 7023673))
	        ->  Bitmap Index Scan on sbtest1_pkey  (cost=0.00..21.64 rows=920 width=0)
	              Index Cond: ((id >= 7022674) AND (id <= 7023673))

table 2 : explain SELECT c FROM sbtest2 WHERE id BETWEEN 7655058 AND 7656057 ORDER BY c
	Sort  (cost=3822.73..3825.17 rows=977 width=121)
	  Sort Key: c
	  ->  Bitmap Heap Scan on sbtest2  (cost=22.45..3774.21 rows=977 width=121)
	        Recheck Cond: ((id >= 7655058) AND (id <= 7656057))
	        ->  Bitmap Index Scan on sbtest2_pkey  (cost=0.00..22.20 rows=977 width=0)
	              Index Cond: ((id >= 7655058) AND (id <= 7656057))

table 3 : explain SELECT c FROM sbtest3 WHERE id BETWEEN 3639333 AND 3640332 ORDER BY c
	Sort  (cost=3979.55..3982.09 rows=1018 width=121)
	  Sort Key: c
	  ->  Bitmap Heap Scan on sbtest3  (cost=22.87..3928.69 rows=1018 width=121)
	        Recheck Cond: ((id >= 3639333) AND (id <= 3640332))
	        ->  Bitmap Index Scan on sbtest3_pkey  (cost=0.00..22.61 rows=1018 width=0)
	              Index Cond: ((id >= 3639333) AND (id <= 3640332))

table 4 : explain SELECT c FROM sbtest4 WHERE id BETWEEN 7974191 AND 7975190 ORDER BY c
	Sort  (cost=3854.50..3856.97 rows=985 width=121)
	  Sort Key: c
	  ->  Bitmap Heap Scan on sbtest4  (cost=22.53..3805.53 rows=985 width=121)
	        Recheck Cond: ((id >= 7974191) AND (id <= 7975190))
	        ->  Bitmap Index Scan on sbtest4_pkey  (cost=0.00..22.29 rows=985 width=0)
	              Index Cond: ((id >= 7974191) AND (id <= 7975190))

table 5 : explain SELECT c FROM sbtest5 WHERE id BETWEEN 4252974 AND 4253973 ORDER BY c
	Sort  (cost=3984.56..3987.10 rows=1019 width=121)
	  Sort Key: c
	  ->  Bitmap Heap Scan on sbtest5  (cost=22.88..3933.64 rows=1019 width=121)
	        Recheck Cond: ((id >= 4252974) AND (id <= 4253973))
	        ->  Bitmap Index Scan on sbtest5_pkey  (cost=0.00..22.62 rows=1019 width=0)
	              Index Cond: ((id >= 4252974) AND (id <= 4253973))

table 6 : explain SELECT c FROM sbtest6 WHERE id BETWEEN 6913865 AND 6914864 ORDER BY c
	Sort  (cost=4091.61..4094.23 rows=1047 width=121)
	  Sort Key: c
	  ->  Bitmap Heap Scan on sbtest6  (cost=23.17..4039.09 rows=1047 width=121)
	        Recheck Cond: ((id >= 6913865) AND (id <= 6914864))
	        ->  Bitmap Index Scan on sbtest6_pkey  (cost=0.00..22.90 rows=1047 width=0)
	              Index Cond: ((id >= 6913865) AND (id <= 6914864))

table 7 : explain SELECT c FROM sbtest7 WHERE id BETWEEN 9455685 AND 9456684 ORDER BY c
	Sort  (cost=3832.61..3835.06 rows=979 width=121)
	  Sort Key: c
	  ->  Bitmap Heap Scan on sbtest7  (cost=22.47..3783.98 rows=979 width=121)
	        Recheck Cond: ((id >= 9455685) AND (id <= 9456684))
	        ->  Bitmap Index Scan on sbtest7_pkey  (cost=0.00..22.22 rows=979 width=0)
	              Index Cond: ((id >= 9455685) AND (id <= 9456684))

table 8 : explain SELECT c FROM sbtest8 WHERE id BETWEEN 9687170 AND 9688169 ORDER BY c
	Sort  (cost=3955.03..3957.56 rows=1011 width=121)
	  Sort Key: c
	  ->  Bitmap Heap Scan on sbtest8  (cost=22.80..3904.58 rows=1011 width=121)
	        Recheck Cond: ((id >= 9687170) AND (id <= 9688169))
	        ->  Bitmap Index Scan on sbtest8_pkey  (cost=0.00..22.54 rows=1011 width=0)
	              Index Cond: ((id >= 9687170) AND (id <= 9688169))

for: order_ranges
table 1 : explain SELECT c FROM sbtest1 WHERE id BETWEEN 1616774 AND 1617773 ORDER BY c
	Sort  (cost=3591.92..3594.21 rows=917 width=121)
	  Sort Key: c
	  ->  Bitmap Heap Scan on sbtest1  (cost=21.83..3546.80 rows=917 width=121)
	        Recheck Cond: ((id >= 1616774) AND (id <= 1617773))
	        ->  Bitmap Index Scan on sbtest1_pkey  (cost=0.00..21.61 rows=917 width=0)
	              Index Cond: ((id >= 1616774) AND (id <= 1617773))

table 2 : explain SELECT c FROM sbtest2 WHERE id BETWEEN 8620225 AND 8621224 ORDER BY c
	Sort  (cost=3481.75..3483.97 rows=888 width=121)
	  Sort Key: c
	  ->  Bitmap Heap Scan on sbtest2  (cost=21.54..3438.26 rows=888 width=121)
	        Recheck Cond: ((id >= 8620225) AND (id <= 8621224))
	        ->  Bitmap Index Scan on sbtest2_pkey  (cost=0.00..21.32 rows=888 width=0)
	              Index Cond: ((id >= 8620225) AND (id <= 8621224))

table 3 : explain SELECT c FROM sbtest3 WHERE id BETWEEN 2541651 AND 2542650 ORDER BY c
	Sort  (cost=4197.13..4199.82 rows=1075 width=121)
	  Sort Key: c
	  ->  Bitmap Heap Scan on sbtest3  (cost=23.45..4143.00 rows=1075 width=121)
	        Recheck Cond: ((id >= 2541651) AND (id <= 2542650))
	        ->  Bitmap Index Scan on sbtest3_pkey  (cost=0.00..23.18 rows=1075 width=0)
	              Index Cond: ((id >= 2541651) AND (id <= 2542650))

table 4 : explain SELECT c FROM sbtest4 WHERE id BETWEEN 8830169 AND 8831168 ORDER BY c
	Sort  (cost=3697.52..3699.88 rows=944 width=121)
	  Sort Key: c
	  ->  Bitmap Heap Scan on sbtest4  (cost=22.11..3650.87 rows=944 width=121)
	        Recheck Cond: ((id >= 8830169) AND (id <= 8831168))
	        ->  Bitmap Index Scan on sbtest4_pkey  (cost=0.00..21.87 rows=944 width=0)
	              Index Cond: ((id >= 8830169) AND (id <= 8831168))

table 5 : explain SELECT c FROM sbtest5 WHERE id BETWEEN 9971011 AND 9972010 ORDER BY c
	Sort  (cost=3797.12..3799.54 rows=970 width=121)
	  Sort Key: c
	  ->  Bitmap Heap Scan on sbtest5  (cost=22.38..3749.00 rows=970 width=121)
	        Recheck Cond: ((id >= 9971011) AND (id <= 9972010))
	        ->  Bitmap Index Scan on sbtest5_pkey  (cost=0.00..22.14 rows=970 width=0)
	              Index Cond: ((id >= 9971011) AND (id <= 9972010))

table 6 : explain SELECT c FROM sbtest6 WHERE id BETWEEN 993805 AND 994804 ORDER BY c
	Sort  (cost=4240.47..4243.18 rows=1086 width=121)
	  Sort Key: c
	  ->  Bitmap Heap Scan on sbtest6  (cost=23.57..4185.70 rows=1086 width=121)
	        Recheck Cond: ((id >= 993805) AND (id <= 994804))
	        ->  Bitmap Index Scan on sbtest6_pkey  (cost=0.00..23.29 rows=1086 width=0)
	              Index Cond: ((id >= 993805) AND (id <= 994804))

table 7 : explain SELECT c FROM sbtest7 WHERE id BETWEEN 7771984 AND 7772983 ORDER BY c
	Sort  (cost=3717.69..3720.07 rows=949 width=121)
	  Sort Key: c
	  ->  Bitmap Heap Scan on sbtest7  (cost=22.16..3670.76 rows=949 width=121)
	        Recheck Cond: ((id >= 7771984) AND (id <= 7772983))
	        ->  Bitmap Index Scan on sbtest7_pkey  (cost=0.00..21.93 rows=949 width=0)
	              Index Cond: ((id >= 7771984) AND (id <= 7772983))

table 8 : explain SELECT c FROM sbtest8 WHERE id BETWEEN 8942591 AND 8943590 ORDER BY c
	Sort  (cost=3621.81..3624.12 rows=924 width=121)
	  Sort Key: c
	  ->  Bitmap Heap Scan on sbtest8  (cost=21.91..3576.29 rows=924 width=121)
	        Recheck Cond: ((id >= 8942591) AND (id <= 8943590))
	        ->  Bitmap Index Scan on sbtest8_pkey  (cost=0.00..21.68 rows=924 width=0)
	              Index Cond: ((id >= 8942591) AND (id <= 8943590))

for: sum_ranges
table 1 : explain SELECT SUM(k) FROM sbtest1 WHERE id BETWEEN 4016738 AND 4017737
	Aggregate  (cost=3843.33..3843.34 rows=1 width=8)
	  ->  Bitmap Heap Scan on sbtest1  (cost=22.63..3840.84 rows=995 width=4)
	        Recheck Cond: ((id >= 4016738) AND (id <= 4017737))
	        ->  Bitmap Index Scan on sbtest1_pkey  (cost=0.00..22.39 rows=995 width=0)
	              Index Cond: ((id >= 4016738) AND (id <= 4017737))

table 2 : explain SELECT SUM(k) FROM sbtest2 WHERE id BETWEEN 6140656 AND 6141655
	Aggregate  (cost=3678.55..3678.56 rows=1 width=8)
	  ->  Bitmap Heap Scan on sbtest2  (cost=22.18..3676.18 rows=951 width=4)
	        Recheck Cond: ((id >= 6140656) AND (id <= 6141655))
	        ->  Bitmap Index Scan on sbtest2_pkey  (cost=0.00..21.94 rows=951 width=0)
	              Index Cond: ((id >= 6140656) AND (id <= 6141655))

table 3 : explain SELECT SUM(k) FROM sbtest3 WHERE id BETWEEN 8856925 AND 8857924
	Aggregate  (cost=4070.49..4070.50 rows=1 width=8)
	  ->  Bitmap Heap Scan on sbtest3  (cost=23.25..4067.85 rows=1055 width=4)
	        Recheck Cond: ((id >= 8856925) AND (id <= 8857924))
	        ->  Bitmap Index Scan on sbtest3_pkey  (cost=0.00..22.98 rows=1055 width=0)
	              Index Cond: ((id >= 8856925) AND (id <= 8857924))

table 4 : explain SELECT SUM(k) FROM sbtest4 WHERE id BETWEEN 1988445 AND 1989444
	Aggregate  (cost=3815.54..3815.55 rows=1 width=8)
	  ->  Bitmap Heap Scan on sbtest4  (cost=22.55..3813.07 rows=987 width=4)
	        Recheck Cond: ((id >= 1988445) AND (id <= 1989444))
	        ->  Bitmap Index Scan on sbtest4_pkey  (cost=0.00..22.30 rows=987 width=0)
	              Index Cond: ((id >= 1988445) AND (id <= 1989444))

table 5 : explain SELECT SUM(k) FROM sbtest5 WHERE id BETWEEN 9373328 AND 9374327
	Aggregate  (cost=3988.93..3988.94 rows=1 width=8)
	  ->  Bitmap Heap Scan on sbtest5  (cost=23.02..3986.34 rows=1033 width=4)
	        Recheck Cond: ((id >= 9373328) AND (id <= 9374327))
	        ->  Bitmap Index Scan on sbtest5_pkey  (cost=0.00..22.76 rows=1033 width=0)
	              Index Cond: ((id >= 9373328) AND (id <= 9374327))

table 6 : explain SELECT SUM(k) FROM sbtest6 WHERE id BETWEEN 3484010 AND 3485009
	Aggregate  (cost=4395.27..4395.28 rows=1 width=8)
	  ->  Bitmap Heap Scan on sbtest6  (cost=28.13..4392.42 rows=1141 width=4)
	        Recheck Cond: ((id >= 3484010) AND (id <= 3485009))
	        ->  Bitmap Index Scan on sbtest6_pkey  (cost=0.00..27.84 rows=1141 width=0)
	              Index Cond: ((id >= 3484010) AND (id <= 3485009))

table 7 : explain SELECT SUM(k) FROM sbtest7 WHERE id BETWEEN 1132081 AND 1133080
	Aggregate  (cost=4121.84..4121.85 rows=1 width=8)
	  ->  Bitmap Heap Scan on sbtest7  (cost=23.38..4119.17 rows=1068 width=4)
	        Recheck Cond: ((id >= 1132081) AND (id <= 1133080))
	        ->  Bitmap Index Scan on sbtest7_pkey  (cost=0.00..23.11 rows=1068 width=0)
	              Index Cond: ((id >= 1132081) AND (id <= 1133080))

table 8 : explain SELECT SUM(k) FROM sbtest8 WHERE id BETWEEN 6939836 AND 6940835
	Aggregate  (cost=3446.17..3446.18 rows=1 width=8)
	  ->  Bitmap Heap Scan on sbtest8  (cost=21.55..3443.94 rows=889 width=4)
	        Recheck Cond: ((id >= 6939836) AND (id <= 6940835))
	        ->  Bitmap Index Scan on sbtest8_pkey  (cost=0.00..21.32 rows=889 width=0)
	              Index Cond: ((id >= 6939836) AND (id <= 6940835))

for: order_ranges
table 1 : explain SELECT c FROM sbtest1 WHERE id BETWEEN 8147713 AND 8148712 ORDER BY c
	Sort  (cost=4245.27..4247.99 rows=1088 width=121)
	  Sort Key: c
	  ->  Bitmap Heap Scan on sbtest1  (cost=23.59..4190.39 rows=1088 width=121)
	        Recheck Cond: ((id >= 8147713) AND (id <= 8148712))
	        ->  Bitmap Index Scan on sbtest1_pkey  (cost=0.00..23.32 rows=1088 width=0)
	              Index Cond: ((id >= 8147713) AND (id <= 8148712))

table 2 : explain SELECT c FROM sbtest2 WHERE id BETWEEN 2271471 AND 2272470 ORDER BY c
	Sort  (cost=3719.39..3721.77 rows=950 width=121)
	  Sort Key: c
	  ->  Bitmap Heap Scan on sbtest2  (cost=22.17..3672.40 rows=950 width=121)
	        Recheck Cond: ((id >= 2271471) AND (id <= 2272470))
	        ->  Bitmap Index Scan on sbtest2_pkey  (cost=0.00..21.93 rows=950 width=0)
	              Index Cond: ((id >= 2271471) AND (id <= 2272470))

table 3 : explain SELECT c FROM sbtest3 WHERE id BETWEEN 8510139 AND 8511138 ORDER BY c
	Sort  (cost=3815.14..3817.58 rows=975 width=121)
	  Sort Key: c
	  ->  Bitmap Heap Scan on sbtest3  (cost=22.43..3766.74 rows=975 width=121)
	        Recheck Cond: ((id >= 8510139) AND (id <= 8511138))
	        ->  Bitmap Index Scan on sbtest3_pkey  (cost=0.00..22.18 rows=975 width=0)
	              Index Cond: ((id >= 8510139) AND (id <= 8511138))

table 4 : explain SELECT c FROM sbtest4 WHERE id BETWEEN 6071806 AND 6072805 ORDER BY c
	Sort  (cost=3835.37..3837.82 rows=980 width=121)
	  Sort Key: c
	  ->  Bitmap Heap Scan on sbtest4  (cost=22.48..3786.68 rows=980 width=121)
	        Recheck Cond: ((id >= 6071806) AND (id <= 6072805))
	        ->  Bitmap Index Scan on sbtest4_pkey  (cost=0.00..22.23 rows=980 width=0)
	              Index Cond: ((id >= 6071806) AND (id <= 6072805))

table 5 : explain SELECT c FROM sbtest5 WHERE id BETWEEN 5691110 AND 5692109 ORDER BY c
	Sort  (cost=4076.26..4078.87 rows=1043 width=121)
	  Sort Key: c
	  ->  Bitmap Heap Scan on sbtest5  (cost=23.13..4023.97 rows=1043 width=121)
	        Recheck Cond: ((id >= 5691110) AND (id <= 5692109))
	        ->  Bitmap Index Scan on sbtest5_pkey  (cost=0.00..22.86 rows=1043 width=0)
	              Index Cond: ((id >= 5691110) AND (id <= 5692109))

table 6 : explain SELECT c FROM sbtest6 WHERE id BETWEEN 7818511 AND 7819510 ORDER BY c
	Sort  (cost=3950.22..3952.75 rows=1010 width=121)
	  Sort Key: c
	  ->  Bitmap Heap Scan on sbtest6  (cost=22.79..3899.82 rows=1010 width=121)
	        Recheck Cond: ((id >= 7818511) AND (id <= 7819510))
	        ->  Bitmap Index Scan on sbtest6_pkey  (cost=0.00..22.54 rows=1010 width=0)
	              Index Cond: ((id >= 7818511) AND (id <= 7819510))

table 7 : explain SELECT c FROM sbtest7 WHERE id BETWEEN 2934339 AND 2935338 ORDER BY c
	Sort  (cost=4096.51..4099.13 rows=1048 width=121)
	  Sort Key: c
	  ->  Bitmap Heap Scan on sbtest7  (cost=23.18..4043.94 rows=1048 width=121)
	        Recheck Cond: ((id >= 2934339) AND (id <= 2935338))
	        ->  Bitmap Index Scan on sbtest7_pkey  (cost=0.00..22.91 rows=1048 width=0)
	              Index Cond: ((id >= 2934339) AND (id <= 2935338))

table 8 : explain SELECT c FROM sbtest8 WHERE id BETWEEN 8877211 AND 8878210 ORDER BY c
	Sort  (cost=3621.81..3624.12 rows=924 width=121)
	  Sort Key: c
	  ->  Bitmap Heap Scan on sbtest8  (cost=21.91..3576.29 rows=924 width=121)
	        Recheck Cond: ((id >= 8877211) AND (id <= 8878210))
	        ->  Bitmap Index Scan on sbtest8_pkey  (cost=0.00..21.68 rows=924 width=0)
	              Index Cond: ((id >= 8877211) AND (id <= 8878210))

for: sum_ranges
table 1 : explain SELECT SUM(k) FROM sbtest1 WHERE id BETWEEN 6691951 AND 6692950
	Aggregate  (cost=4133.01..4133.02 rows=1 width=8)
	  ->  Bitmap Heap Scan on sbtest1  (cost=23.42..4130.33 rows=1072 width=4)
	        Recheck Cond: ((id >= 6691951) AND (id <= 6692950))
	        ->  Bitmap Index Scan on sbtest1_pkey  (cost=0.00..23.15 rows=1072 width=0)
	              Index Cond: ((id >= 6691951) AND (id <= 6692950))

table 2 : explain SELECT SUM(k) FROM sbtest2 WHERE id BETWEEN 9958091 AND 9959090
	Aggregate  (cost=3855.82..3855.83 rows=1 width=8)
	  ->  Bitmap Heap Scan on sbtest2  (cost=22.66..3853.32 rows=998 width=4)
	        Recheck Cond: ((id >= 9958091) AND (id <= 9959090))
	        ->  Bitmap Index Scan on sbtest2_pkey  (cost=0.00..22.41 rows=998 width=0)
	              Index Cond: ((id >= 9958091) AND (id <= 9959090))

table 3 : explain SELECT SUM(k) FROM sbtest3 WHERE id BETWEEN 8478181 AND 8479180
	Aggregate  (cost=3640.86..3640.87 rows=1 width=8)
	  ->  Bitmap Heap Scan on sbtest3  (cost=22.08..3638.51 rows=941 width=4)
	        Recheck Cond: ((id >= 8478181) AND (id <= 8479180))
	        ->  Bitmap Index Scan on sbtest3_pkey  (cost=0.00..21.84 rows=941 width=0)
	              Index Cond: ((id >= 8478181) AND (id <= 8479180))

table 4 : explain SELECT SUM(k) FROM sbtest4 WHERE id BETWEEN 8381835 AND 8382834
	Aggregate  (cost=4139.43..4139.44 rows=1 width=8)
	  ->  Bitmap Heap Scan on sbtest4  (cost=23.43..4136.75 rows=1073 width=4)
	        Recheck Cond: ((id >= 8381835) AND (id <= 8382834))
	        ->  Bitmap Index Scan on sbtest4_pkey  (cost=0.00..23.16 rows=1073 width=0)
	              Index Cond: ((id >= 8381835) AND (id <= 8382834))

table 5 : explain SELECT SUM(k) FROM sbtest5 WHERE id BETWEEN 3829688 AND 3830687
	Aggregate  (cost=4045.40..4045.41 rows=1 width=8)
	  ->  Bitmap Heap Scan on sbtest5  (cost=23.18..4042.78 rows=1048 width=4)
	        Recheck Cond: ((id >= 3829688) AND (id <= 3830687))
	        ->  Bitmap Index Scan on sbtest5_pkey  (cost=0.00..22.91 rows=1048 width=0)
	              Index Cond: ((id >= 3829688) AND (id <= 3830687))

table 6 : explain SELECT SUM(k) FROM sbtest6 WHERE id BETWEEN 5136065 AND 5137064
	Aggregate  (cost=3992.77..3992.78 rows=1 width=8)
	  ->  Bitmap Heap Scan on sbtest6  (cost=23.03..3990.18 rows=1034 width=4)
	        Recheck Cond: ((id >= 5136065) AND (id <= 5137064))
	        ->  Bitmap Index Scan on sbtest6_pkey  (cost=0.00..22.77 rows=1034 width=0)
	              Index Cond: ((id >= 5136065) AND (id <= 5137064))

table 7 : explain SELECT SUM(k) FROM sbtest7 WHERE id BETWEEN 9822817 AND 9823816
	Aggregate  (cost=3873.20..3873.21 rows=1 width=8)
	  ->  Bitmap Heap Scan on sbtest7  (cost=22.71..3870.70 rows=1002 width=4)
	        Recheck Cond: ((id >= 9822817) AND (id <= 9823816))
	        ->  Bitmap Index Scan on sbtest7_pkey  (cost=0.00..22.45 rows=1002 width=0)
	              Index Cond: ((id >= 9822817) AND (id <= 9823816))

table 8 : explain SELECT SUM(k) FROM sbtest8 WHERE id BETWEEN 4078097 AND 4079096
	Aggregate  (cost=3820.36..3820.37 rows=1 width=8)
	  ->  Bitmap Heap Scan on sbtest8  (cost=22.56..3817.89 rows=988 width=4)
	        Recheck Cond: ((id >= 4078097) AND (id <= 4079096))
	        ->  Bitmap Index Scan on sbtest8_pkey  (cost=0.00..22.32 rows=988 width=0)
	              Index Cond: ((id >= 4078097) AND (id <= 4079096))

for: order_ranges
table 1 : explain SELECT c FROM sbtest1 WHERE id BETWEEN 8894618 AND 8895617 ORDER BY c
	Sort  (cost=3733.59..3735.98 rows=954 width=121)
	  Sort Key: c
	  ->  Bitmap Heap Scan on sbtest1  (cost=22.21..3686.38 rows=954 width=121)
	        Recheck Cond: ((id >= 8894618) AND (id <= 8895617))
	        ->  Bitmap Index Scan on sbtest1_pkey  (cost=0.00..21.97 rows=954 width=0)
	              Index Cond: ((id >= 8894618) AND (id <= 8895617))

table 2 : explain SELECT c FROM sbtest2 WHERE id BETWEEN 3253555 AND 3254554 ORDER BY c
	Sort  (cost=3960.37..3962.90 rows=1013 width=121)
	  Sort Key: c
	  ->  Bitmap Heap Scan on sbtest2  (cost=22.82..3909.80 rows=1013 width=121)
	        Recheck Cond: ((id >= 3253555) AND (id <= 3254554))
	        ->  Bitmap Index Scan on sbtest2_pkey  (cost=0.00..22.57 rows=1013 width=0)
	              Index Cond: ((id >= 3253555) AND (id <= 3254554))

table 3 : explain SELECT c FROM sbtest3 WHERE id BETWEEN 5959183 AND 5960182 ORDER BY c
	Sort  (cost=3971.90..3974.44 rows=1016 width=121)
	  Sort Key: c
	  ->  Bitmap Heap Scan on sbtest3  (cost=22.85..3921.16 rows=1016 width=121)
	        Recheck Cond: ((id >= 5959183) AND (id <= 5960182))
	        ->  Bitmap Index Scan on sbtest3_pkey  (cost=0.00..22.59 rows=1016 width=0)
	              Index Cond: ((id >= 5959183) AND (id <= 5960182))

table 4 : explain SELECT c FROM sbtest4 WHERE id BETWEEN 4956603 AND 4957602 ORDER BY c
	Sort  (cost=3877.46..3879.94 rows=991 width=121)
	  Sort Key: c
	  ->  Bitmap Heap Scan on sbtest4  (cost=22.59..3828.14 rows=991 width=121)
	        Recheck Cond: ((id >= 4956603) AND (id <= 4957602))
	        ->  Bitmap Index Scan on sbtest4_pkey  (cost=0.00..22.34 rows=991 width=0)
	              Index Cond: ((id >= 4956603) AND (id <= 4957602))

table 5 : explain SELECT c FROM sbtest5 WHERE id BETWEEN 8077060 AND 8078059 ORDER BY c
	Sort  (cost=3751.17..3753.56 rows=958 width=121)
	  Sort Key: c
	  ->  Bitmap Heap Scan on sbtest5  (cost=22.25..3703.73 rows=958 width=121)
	        Recheck Cond: ((id >= 8077060) AND (id <= 8078059))
	        ->  Bitmap Index Scan on sbtest5_pkey  (cost=0.00..22.01 rows=958 width=0)
	              Index Cond: ((id >= 8077060) AND (id <= 8078059))

table 6 : explain SELECT c FROM sbtest6 WHERE id BETWEEN 5339549 AND 5340548 ORDER BY c
	Sort  (cost=3778.04..3780.45 rows=965 width=121)
	  Sort Key: c
	  ->  Bitmap Heap Scan on sbtest6  (cost=22.33..3730.20 rows=965 width=121)
	        Recheck Cond: ((id >= 5339549) AND (id <= 5340548))
	        ->  Bitmap Index Scan on sbtest6_pkey  (cost=0.00..22.08 rows=965 width=0)
	              Index Cond: ((id >= 5339549) AND (id <= 5340548))

table 7 : explain SELECT c FROM sbtest7 WHERE id BETWEEN 5177639 AND 5178638 ORDER BY c
	Sort  (cost=4157.62..4160.28 rows=1064 width=121)
	  Sort Key: c
	  ->  Bitmap Heap Scan on sbtest7  (cost=23.34..4104.13 rows=1064 width=121)
	        Recheck Cond: ((id >= 5177639) AND (id <= 5178638))
	        ->  Bitmap Index Scan on sbtest7_pkey  (cost=0.00..23.07 rows=1064 width=0)
	              Index Cond: ((id >= 5177639) AND (id <= 5178638))

table 8 : explain SELECT c FROM sbtest8 WHERE id BETWEEN 4764489 AND 4765488 ORDER BY c
	Sort  (cost=3418.35..3420.52 rows=871 width=121)
	  Sort Key: c
	  ->  Bitmap Heap Scan on sbtest8  (cost=21.36..3375.81 rows=871 width=121)
	        Recheck Cond: ((id >= 4764489) AND (id <= 4765488))
	        ->  Bitmap Index Scan on sbtest8_pkey  (cost=0.00..21.14 rows=871 width=0)
	              Index Cond: ((id >= 4764489) AND (id <= 4765488))

for: sum_ranges
table 1 : explain SELECT SUM(k) FROM sbtest1 WHERE id BETWEEN 6749744 AND 6750743
	Aggregate  (cost=4133.01..4133.02 rows=1 width=8)
	  ->  Bitmap Heap Scan on sbtest1  (cost=23.42..4130.33 rows=1072 width=4)
	        Recheck Cond: ((id >= 6749744) AND (id <= 6750743))
	        ->  Bitmap Index Scan on sbtest1_pkey  (cost=0.00..23.15 rows=1072 width=0)
	              Index Cond: ((id >= 6749744) AND (id <= 6750743))

table 2 : explain SELECT SUM(k) FROM sbtest2 WHERE id BETWEEN 2787713 AND 2788712
	Aggregate  (cost=4269.86..4269.87 rows=1 width=8)
	  ->  Bitmap Heap Scan on sbtest2  (cost=27.79..4267.09 rows=1108 width=4)
	        Recheck Cond: ((id >= 2787713) AND (id <= 2788712))
	        ->  Bitmap Index Scan on sbtest2_pkey  (cost=0.00..27.51 rows=1108 width=0)
	              Index Cond: ((id >= 2787713) AND (id <= 2788712))

table 3 : explain SELECT SUM(k) FROM sbtest3 WHERE id BETWEEN 827458 AND 828457
	Aggregate  (cost=4423.78..4423.79 rows=1 width=8)
	  ->  Bitmap Heap Scan on sbtest3  (cost=28.21..4420.91 rows=1149 width=4)
	        Recheck Cond: ((id >= 827458) AND (id <= 828457))
	        ->  Bitmap Index Scan on sbtest3_pkey  (cost=0.00..27.93 rows=1149 width=0)
	              Index Cond: ((id >= 827458) AND (id <= 828457))

table 4 : explain SELECT SUM(k) FROM sbtest4 WHERE id BETWEEN 5055205 AND 5056204
	Aggregate  (cost=4226.14..4226.15 rows=1 width=8)
	  ->  Bitmap Heap Scan on sbtest4  (cost=27.66..4223.40 rows=1095 width=4)
	        Recheck Cond: ((id >= 5055205) AND (id <= 5056204))
	        ->  Bitmap Index Scan on sbtest4_pkey  (cost=0.00..27.39 rows=1095 width=0)
	              Index Cond: ((id >= 5055205) AND (id <= 5056204))

table 5 : explain SELECT SUM(k) FROM sbtest5 WHERE id BETWEEN 4385401 AND 4386400
	Aggregate  (cost=3706.12..3706.13 rows=1 width=8)
	  ->  Bitmap Heap Scan on sbtest5  (cost=22.25..3703.73 rows=958 width=4)
	        Recheck Cond: ((id >= 4385401) AND (id <= 4386400))
	        ->  Bitmap Index Scan on sbtest5_pkey  (cost=0.00..22.01 rows=958 width=0)
	              Index Cond: ((id >= 4385401) AND (id <= 4386400))

table 6 : explain SELECT SUM(k) FROM sbtest6 WHERE id BETWEEN 4877193 AND 4878192
	Aggregate  (cost=3585.30..3585.31 rows=1 width=8)
	  ->  Bitmap Heap Scan on sbtest6  (cost=21.93..3582.99 rows=926 width=4)
	        Recheck Cond: ((id >= 4877193) AND (id <= 4878192))
	        ->  Bitmap Index Scan on sbtest6_pkey  (cost=0.00..21.69 rows=926 width=0)
	              Index Cond: ((id >= 4877193) AND (id <= 4878192))

table 7 : explain SELECT SUM(k) FROM sbtest7 WHERE id BETWEEN 9691791 AND 9692790
	Aggregate  (cost=4050.32..4050.33 rows=1 width=8)
	  ->  Bitmap Heap Scan on sbtest7  (cost=23.19..4047.70 rows=1049 width=4)
	        Recheck Cond: ((id >= 9691791) AND (id <= 9692790))
	        ->  Bitmap Index Scan on sbtest7_pkey  (cost=0.00..22.93 rows=1049 width=0)
	              Index Cond: ((id >= 9691791) AND (id <= 9692790))

table 8 : explain SELECT SUM(k) FROM sbtest8 WHERE id BETWEEN 2194662 AND 2195661
	Aggregate  (cost=3793.94..3793.95 rows=1 width=8)
	  ->  Bitmap Heap Scan on sbtest8  (cost=22.49..3791.49 rows=981 width=4)
	        Recheck Cond: ((id >= 2194662) AND (id <= 2195661))
	        ->  Bitmap Index Scan on sbtest8_pkey  (cost=0.00..22.25 rows=981 width=0)
	              Index Cond: ((id >= 2194662) AND (id <= 2195661))

for: sum_ranges
table 1 : explain SELECT SUM(k) FROM sbtest1 WHERE id BETWEEN 3607018 AND 3608017
	Aggregate  (cost=3820.72..3820.73 rows=1 width=8)
	  ->  Bitmap Heap Scan on sbtest1  (cost=22.57..3818.25 rows=989 width=4)
	        Recheck Cond: ((id >= 3607018) AND (id <= 3608017))
	        ->  Bitmap Index Scan on sbtest1_pkey  (cost=0.00..22.32 rows=989 width=0)
	              Index Cond: ((id >= 3607018) AND (id <= 3608017))

table 2 : explain SELECT SUM(k) FROM sbtest2 WHERE id BETWEEN 8068926 AND 8069925
	Aggregate  (cost=4108.02..4108.03 rows=1 width=8)
	  ->  Bitmap Heap Scan on sbtest2  (cost=23.35..4105.36 rows=1065 width=4)
	        Recheck Cond: ((id >= 8068926) AND (id <= 8069925))
	        ->  Bitmap Index Scan on sbtest2_pkey  (cost=0.00..23.08 rows=1065 width=0)
	              Index Cond: ((id >= 8068926) AND (id <= 8069925))

table 3 : explain SELECT SUM(k) FROM sbtest3 WHERE id BETWEEN 6595141 AND 6596140
	Aggregate  (cost=3806.89..3806.90 rows=1 width=8)
	  ->  Bitmap Heap Scan on sbtest3  (cost=22.53..3804.42 rows=985 width=4)
	        Recheck Cond: ((id >= 6595141) AND (id <= 6596140))
	        ->  Bitmap Index Scan on sbtest3_pkey  (cost=0.00..22.29 rows=985 width=0)
	              Index Cond: ((id >= 6595141) AND (id <= 6596140))

table 4 : explain SELECT SUM(k) FROM sbtest4 WHERE id BETWEEN 5939598 AND 5940597
	Aggregate  (cost=4214.62..4214.63 rows=1 width=8)
	  ->  Bitmap Heap Scan on sbtest4  (cost=23.64..4211.89 rows=1093 width=4)
	        Recheck Cond: ((id >= 5939598) AND (id <= 5940597))
	        ->  Bitmap Index Scan on sbtest4_pkey  (cost=0.00..23.36 rows=1093 width=0)
	              Index Cond: ((id >= 5939598) AND (id <= 5940597))

table 5 : explain SELECT SUM(k) FROM sbtest5 WHERE id BETWEEN 3491683 AND 3492682
	Aggregate  (cost=3536.09..3536.10 rows=1 width=8)
	  ->  Bitmap Heap Scan on sbtest5  (cost=21.79..3533.81 rows=913 width=4)
	        Recheck Cond: ((id >= 3491683) AND (id <= 3492682))
	        ->  Bitmap Index Scan on sbtest5_pkey  (cost=0.00..21.57 rows=913 width=0)
	              Index Cond: ((id >= 3491683) AND (id <= 3492682))

table 6 : explain SELECT SUM(k) FROM sbtest6 WHERE id BETWEEN 8929019 AND 8930018
	Aggregate  (cost=4184.66..4184.67 rows=1 width=8)
	  ->  Bitmap Heap Scan on sbtest6  (cost=23.56..4181.95 rows=1085 width=4)
	        Recheck Cond: ((id >= 8929019) AND (id <= 8930018))
	        ->  Bitmap Index Scan on sbtest6_pkey  (cost=0.00..23.29 rows=1085 width=0)
	              Index Cond: ((id >= 8929019) AND (id <= 8930018))

table 7 : explain SELECT SUM(k) FROM sbtest7 WHERE id BETWEEN 1541923 AND 1542922
	Aggregate  (cost=3688.25..3688.26 rows=1 width=8)
	  ->  Bitmap Heap Scan on sbtest7  (cost=22.20..3685.87 rows=953 width=4)
	        Recheck Cond: ((id >= 1541923) AND (id <= 1542922))
	        ->  Bitmap Index Scan on sbtest7_pkey  (cost=0.00..21.96 rows=953 width=0)
	              Index Cond: ((id >= 1541923) AND (id <= 1542922))

table 8 : explain SELECT SUM(k) FROM sbtest8 WHERE id BETWEEN 8671447 AND 8672446
	Aggregate  (cost=3733.54..3733.55 rows=1 width=8)
	  ->  Bitmap Heap Scan on sbtest8  (cost=22.33..3731.13 rows=965 width=4)
	        Recheck Cond: ((id >= 8671447) AND (id <= 8672446))
	        ->  Bitmap Index Scan on sbtest8_pkey  (cost=0.00..22.08 rows=965 width=0)
	              Index Cond: ((id >= 8671447) AND (id <= 8672446))

for: sum_ranges
table 1 : explain SELECT SUM(k) FROM sbtest1 WHERE id BETWEEN 2678365 AND 2679364
	Aggregate  (cost=3783.04..3783.05 rows=1 width=8)
	  ->  Bitmap Heap Scan on sbtest1  (cost=22.47..3780.59 rows=979 width=4)
	        Recheck Cond: ((id >= 2678365) AND (id <= 2679364))
	        ->  Bitmap Index Scan on sbtest1_pkey  (cost=0.00..22.22 rows=979 width=0)
	              Index Cond: ((id >= 2678365) AND (id <= 2679364))

table 2 : explain SELECT SUM(k) FROM sbtest2 WHERE id BETWEEN 7214250 AND 7215249
	Aggregate  (cost=4111.78..4111.79 rows=1 width=8)
	  ->  Bitmap Heap Scan on sbtest2  (cost=23.36..4109.12 rows=1066 width=4)
	        Recheck Cond: ((id >= 7214250) AND (id <= 7215249))
	        ->  Bitmap Index Scan on sbtest2_pkey  (cost=0.00..23.09 rows=1066 width=0)
	              Index Cond: ((id >= 7214250) AND (id <= 7215249))

table 3 : explain SELECT SUM(k) FROM sbtest3 WHERE id BETWEEN 1610497 AND 1611496
	Aggregate  (cost=3648.42..3648.43 rows=1 width=8)
	  ->  Bitmap Heap Scan on sbtest3  (cost=22.10..3646.06 rows=943 width=4)
	        Recheck Cond: ((id >= 1610497) AND (id <= 1611496))
	        ->  Bitmap Index Scan on sbtest3_pkey  (cost=0.00..21.86 rows=943 width=0)
	              Index Cond: ((id >= 1610497) AND (id <= 1611496))

table 4 : explain SELECT SUM(k) FROM sbtest4 WHERE id BETWEEN 4385931 AND 4386930
	Aggregate  (cost=4049.14..4049.15 rows=1 width=8)
	  ->  Bitmap Heap Scan on sbtest4  (cost=23.19..4046.51 rows=1049 width=4)
	        Recheck Cond: ((id >= 4385931) AND (id <= 4386930))
	        ->  Bitmap Index Scan on sbtest4_pkey  (cost=0.00..22.93 rows=1049 width=0)
	              Index Cond: ((id >= 4385931) AND (id <= 4386930))

table 5 : explain SELECT SUM(k) FROM sbtest5 WHERE id BETWEEN 2012298 AND 2013297
	Aggregate  (cost=4162.02..4162.03 rows=1 width=8)
	  ->  Bitmap Heap Scan on sbtest5  (cost=23.49..4159.32 rows=1079 width=4)
	        Recheck Cond: ((id >= 2012298) AND (id <= 2013297))
	        ->  Bitmap Index Scan on sbtest5_pkey  (cost=0.00..23.22 rows=1079 width=0)
	              Index Cond: ((id >= 2012298) AND (id <= 2013297))

table 6 : explain SELECT SUM(k) FROM sbtest6 WHERE id BETWEEN 4301821 AND 4302820
	Aggregate  (cost=4004.06..4004.07 rows=1 width=8)
	  ->  Bitmap Heap Scan on sbtest6  (cost=23.06..4001.47 rows=1037 width=4)
	        Recheck Cond: ((id >= 4301821) AND (id <= 4302820))
	        ->  Bitmap Index Scan on sbtest6_pkey  (cost=0.00..22.80 rows=1037 width=0)
	              Index Cond: ((id >= 4301821) AND (id <= 4302820))

table 7 : explain SELECT SUM(k) FROM sbtest7 WHERE id BETWEEN 3059342 AND 3060341
	Aggregate  (cost=3763.78..3763.79 rows=1 width=8)
	  ->  Bitmap Heap Scan on sbtest7  (cost=22.41..3761.35 rows=973 width=4)
	        Recheck Cond: ((id >= 3059342) AND (id <= 3060341))
	        ->  Bitmap Index Scan on sbtest7_pkey  (cost=0.00..22.16 rows=973 width=0)
	              Index Cond: ((id >= 3059342) AND (id <= 3060341))

table 8 : explain SELECT SUM(k) FROM sbtest8 WHERE id BETWEEN 9252573 AND 9253572
	Aggregate  (cost=4174.71..4174.72 rows=1 width=8)
	  ->  Bitmap Heap Scan on sbtest8  (cost=27.52..4172.01 rows=1081 width=4)
	        Recheck Cond: ((id >= 9252573) AND (id <= 9253572))
	        ->  Bitmap Index Scan on sbtest8_pkey  (cost=0.00..27.25 rows=1081 width=0)
	              Index Cond: ((id >= 9252573) AND (id <= 9253572))

for: distinct_ranges
table 1 : explain SELECT DISTINCT c FROM sbtest1 WHERE id BETWEEN 1414729 AND 1415728 ORDER BY c
	Unique  (cost=3825.40..3830.29 rows=978 width=121)
	  ->  Sort  (cost=3825.40..3827.85 rows=978 width=121)
	        Sort Key: c
	        ->  Bitmap Heap Scan on sbtest1  (cost=22.46..3776.82 rows=978 width=121)
	              Recheck Cond: ((id >= 1414729) AND (id <= 1415728))
	              ->  Bitmap Index Scan on sbtest1_pkey  (cost=0.00..22.21 rows=978 width=0)
	                    Index Cond: ((id >= 1414729) AND (id <= 1415728))

table 2 : explain SELECT DISTINCT c FROM sbtest2 WHERE id BETWEEN 5917078 AND 5918077 ORDER BY c
	Unique  (cost=3849.50..3854.42 rows=984 width=121)
	  ->  Sort  (cost=3849.50..3851.96 rows=984 width=121)
	        Sort Key: c
	        ->  Bitmap Heap Scan on sbtest2  (cost=22.52..3800.59 rows=984 width=121)
	              Recheck Cond: ((id >= 5917078) AND (id <= 5918077))
	              ->  Bitmap Index Scan on sbtest2_pkey  (cost=0.00..22.27 rows=984 width=0)
	                    Index Cond: ((id >= 5917078) AND (id <= 5918077))

table 3 : explain SELECT DISTINCT c FROM sbtest3 WHERE id BETWEEN 7600202 AND 7601201 ORDER BY c
	Unique  (cost=4189.50..4194.87 rows=1073 width=121)
	  ->  Sort  (cost=4189.50..4192.18 rows=1073 width=121)
	        Sort Key: c
	        ->  Bitmap Heap Scan on sbtest3  (cost=23.43..4135.49 rows=1073 width=121)
	              Recheck Cond: ((id >= 7600202) AND (id <= 7601201))
	              ->  Bitmap Index Scan on sbtest3_pkey  (cost=0.00..23.16 rows=1073 width=0)
	                    Index Cond: ((id >= 7600202) AND (id <= 7601201))

table 4 : explain SELECT DISTINCT c FROM sbtest4 WHERE id BETWEEN 5656394 AND 5657393 ORDER BY c
	Unique  (cost=4141.14..4146.44 rows=1060 width=121)
	  ->  Sort  (cost=4141.14..4143.79 rows=1060 width=121)
	        Sort Key: c
	        ->  Bitmap Heap Scan on sbtest4  (cost=23.30..4087.88 rows=1060 width=121)
	              Recheck Cond: ((id >= 5656394) AND (id <= 5657393))
	              ->  Bitmap Index Scan on sbtest4_pkey  (cost=0.00..23.04 rows=1060 width=0)
	                    Index Cond: ((id >= 5656394) AND (id <= 5657393))

table 5 : explain SELECT DISTINCT c FROM sbtest5 WHERE id BETWEEN 6758534 AND 6759533 ORDER BY c
	Unique  (cost=4022.77..4027.92 rows=1029 width=121)
	  ->  Sort  (cost=4022.77..4025.35 rows=1029 width=121)
	        Sort Key: c
	        ->  Bitmap Heap Scan on sbtest5  (cost=22.98..3971.29 rows=1029 width=121)
	              Recheck Cond: ((id >= 6758534) AND (id <= 6759533))
	              ->  Bitmap Index Scan on sbtest5_pkey  (cost=0.00..22.72 rows=1029 width=0)
	                    Index Cond: ((id >= 6758534) AND (id <= 6759533))

table 6 : explain SELECT DISTINCT c FROM sbtest6 WHERE id BETWEEN 590693 AND 591692 ORDER BY c
	Unique  (cost=3762.72..3767.53 rows=961 width=121)
	  ->  Sort  (cost=3762.72..3765.13 rows=961 width=121)
	        Sort Key: c
	        ->  Bitmap Heap Scan on sbtest6  (cost=22.29..3715.11 rows=961 width=121)
	              Recheck Cond: ((id >= 590693) AND (id <= 591692))
	              ->  Bitmap Index Scan on sbtest6_pkey  (cost=0.00..22.04 rows=961 width=0)
	                    Index Cond: ((id >= 590693) AND (id <= 591692))

table 7 : explain SELECT DISTINCT c FROM sbtest7 WHERE id BETWEEN 8320751 AND 8321750 ORDER BY c
	Unique  (cost=4192.17..4197.53 rows=1072 width=121)
	  ->  Sort  (cost=4192.17..4194.85 rows=1072 width=121)
	        Sort Key: c
	        ->  Bitmap Heap Scan on sbtest7  (cost=27.42..4138.22 rows=1072 width=121)
	              Recheck Cond: ((id >= 8320751) AND (id <= 8321750))
	              ->  Bitmap Index Scan on sbtest7_pkey  (cost=0.00..27.15 rows=1072 width=0)
	                    Index Cond: ((id >= 8320751) AND (id <= 8321750))

table 8 : explain SELECT DISTINCT c FROM sbtest8 WHERE id BETWEEN 199855 AND 200854 ORDER BY c
	Unique  (cost=3376.07..3380.37 rows=860 width=121)
	  ->  Sort  (cost=3376.07..3378.22 rows=860 width=121)
	        Sort Key: c
	        ->  Bitmap Heap Scan on sbtest8  (cost=21.25..3334.16 rows=860 width=121)
	              Recheck Cond: ((id >= 199855) AND (id <= 200854))
	              ->  Bitmap Index Scan on sbtest8_pkey  (cost=0.00..21.04 rows=860 width=0)
	                    Index Cond: ((id >= 199855) AND (id <= 200854))

for: distinct_ranges
table 1 : explain SELECT DISTINCT c FROM sbtest1 WHERE id BETWEEN 3679503 AND 3680502 ORDER BY c
	Unique  (cost=4230.03..4235.45 rows=1084 width=121)
	  ->  Sort  (cost=4230.03..4232.74 rows=1084 width=121)
	        Sort Key: c
	        ->  Bitmap Heap Scan on sbtest1  (cost=23.55..4175.38 rows=1084 width=121)
	              Recheck Cond: ((id >= 3679503) AND (id <= 3680502))
	              ->  Bitmap Index Scan on sbtest1_pkey  (cost=0.00..23.27 rows=1084 width=0)
	                    Index Cond: ((id >= 3679503) AND (id <= 3680502))

table 2 : explain SELECT DISTINCT c FROM sbtest2 WHERE id BETWEEN 3815048 AND 3816047 ORDER BY c
	Unique  (cost=3903.04..3908.03 rows=998 width=121)
	  ->  Sort  (cost=3903.04..3905.53 rows=998 width=121)
	        Sort Key: c
	        ->  Bitmap Heap Scan on sbtest2  (cost=22.66..3853.32 rows=998 width=121)
	              Recheck Cond: ((id >= 3815048) AND (id <= 3816047))
	              ->  Bitmap Index Scan on sbtest2_pkey  (cost=0.00..22.41 rows=998 width=0)
	                    Index Cond: ((id >= 3815048) AND (id <= 3816047))

table 3 : explain SELECT DISTINCT c FROM sbtest3 WHERE id BETWEEN 6010405 AND 6011404 ORDER BY c
	Unique  (cost=4017.75..4022.89 rows=1028 width=121)
	  ->  Sort  (cost=4017.75..4020.32 rows=1028 width=121)
	        Sort Key: c
	        ->  Bitmap Heap Scan on sbtest3  (cost=22.97..3966.32 rows=1028 width=121)
	              Recheck Cond: ((id >= 6010405) AND (id <= 6011404))
	              ->  Bitmap Index Scan on sbtest3_pkey  (cost=0.00..22.71 rows=1028 width=0)
	                    Index Cond: ((id >= 6010405) AND (id <= 6011404))

table 4 : explain SELECT DISTINCT c FROM sbtest4 WHERE id BETWEEN 12245 AND 13244 ORDER BY c
	Unique  (cost=3976.89..3981.97 rows=1017 width=121)
	  ->  Sort  (cost=3976.89..3979.43 rows=1017 width=121)
	        Sort Key: c
	        ->  Bitmap Heap Scan on sbtest4  (cost=22.86..3926.09 rows=1017 width=121)
	              Recheck Cond: ((id >= 12245) AND (id <= 13244))
	              ->  Bitmap Index Scan on sbtest4_pkey  (cost=0.00..22.61 rows=1017 width=0)
	                    Index Cond: ((id >= 12245) AND (id <= 13244))

table 5 : explain SELECT DISTINCT c FROM sbtest5 WHERE id BETWEEN 5621379 AND 5622378 ORDER BY c
	Unique  (cost=3663.05..3667.73 rows=935 width=121)
	  ->  Sort  (cost=3663.05..3665.39 rows=935 width=121)
	        Sort Key: c
	        ->  Bitmap Heap Scan on sbtest5  (cost=22.02..3616.91 rows=935 width=121)
	              Recheck Cond: ((id >= 5621379) AND (id <= 5622378))
	              ->  Bitmap Index Scan on sbtest5_pkey  (cost=0.00..21.79 rows=935 width=0)
	                    Index Cond: ((id >= 5621379) AND (id <= 5622378))

table 6 : explain SELECT DISTINCT c FROM sbtest6 WHERE id BETWEEN 4742124 AND 4743123 ORDER BY c
	Unique  (cost=3528.89..3533.39 rows=900 width=121)
	  ->  Sort  (cost=3528.89..3531.14 rows=900 width=121)
	        Sort Key: c
	        ->  Bitmap Heap Scan on sbtest6  (cost=21.66..3484.73 rows=900 width=121)
	              Recheck Cond: ((id >= 4742124) AND (id <= 4743123))
	              ->  Bitmap Index Scan on sbtest6_pkey  (cost=0.00..21.43 rows=900 width=0)
	                    Index Cond: ((id >= 4742124) AND (id <= 4743123))

table 7 : explain SELECT DISTINCT c FROM sbtest7 WHERE id BETWEEN 6200056 AND 6201055 ORDER BY c
	Unique  (cost=4000.96..4006.08 rows=1023 width=121)
	  ->  Sort  (cost=4000.96..4003.52 rows=1023 width=121)
	        Sort Key: c
	        ->  Bitmap Heap Scan on sbtest7  (cost=22.92..3949.82 rows=1023 width=121)
	              Recheck Cond: ((id >= 6200056) AND (id <= 6201055))
	              ->  Bitmap Index Scan on sbtest7_pkey  (cost=0.00..22.66 rows=1023 width=0)
	                    Index Cond: ((id >= 6200056) AND (id <= 6201055))

table 8 : explain SELECT DISTINCT c FROM sbtest8 WHERE id BETWEEN 648273 AND 649272 ORDER BY c
	Unique  (cost=4004.75..4009.87 rows=1024 width=121)
	  ->  Sort  (cost=4004.75..4007.31 rows=1024 width=121)
	        Sort Key: c
	        ->  Bitmap Heap Scan on sbtest8  (cost=22.93..3953.55 rows=1024 width=121)
	              Recheck Cond: ((id >= 648273) AND (id <= 649272))
	              ->  Bitmap Index Scan on sbtest8_pkey  (cost=0.00..22.68 rows=1024 width=0)
	                    Index Cond: ((id >= 648273) AND (id <= 649272))

for: distinct_ranges
table 1 : explain SELECT DISTINCT c FROM sbtest1 WHERE id BETWEEN 788256 AND 789255 ORDER BY c
	Unique  (cost=3974.43..3979.52 rows=1017 width=121)
	  ->  Sort  (cost=3974.43..3976.97 rows=1017 width=121)
	        Sort Key: c
	        ->  Bitmap Heap Scan on sbtest1  (cost=22.86..3923.63 rows=1017 width=121)
	              Recheck Cond: ((id >= 788256) AND (id <= 789255))
	              ->  Bitmap Index Scan on sbtest1_pkey  (cost=0.00..22.61 rows=1017 width=0)
	                    Index Cond: ((id >= 788256) AND (id <= 789255))

table 2 : explain SELECT DISTINCT c FROM sbtest2 WHERE id BETWEEN 9733876 AND 9734875 ORDER BY c
	Unique  (cost=3608.30..3612.90 rows=921 width=121)
	  ->  Sort  (cost=3608.30..3610.60 rows=921 width=121)
	        Sort Key: c
	        ->  Bitmap Heap Scan on sbtest2  (cost=21.88..3562.95 rows=921 width=121)
	              Recheck Cond: ((id >= 9733876) AND (id <= 9734875))
	              ->  Bitmap Index Scan on sbtest2_pkey  (cost=0.00..21.64 rows=921 width=0)
	                    Index Cond: ((id >= 9733876) AND (id <= 9734875))

table 3 : explain SELECT DISTINCT c FROM sbtest3 WHERE id BETWEEN 1951278 AND 1952277 ORDER BY c
	Unique  (cost=3658.17..3662.84 rows=934 width=121)
	  ->  Sort  (cost=3658.17..3660.51 rows=934 width=121)
	        Sort Key: c
	        ->  Bitmap Heap Scan on sbtest3  (cost=22.01..3612.09 rows=934 width=121)
	              Recheck Cond: ((id >= 1951278) AND (id <= 1952277))
	              ->  Bitmap Index Scan on sbtest3_pkey  (cost=0.00..21.77 rows=934 width=0)
	                    Index Cond: ((id >= 1951278) AND (id <= 1952277))

table 4 : explain SELECT DISTINCT c FROM sbtest4 WHERE id BETWEEN 3892732 AND 3893731 ORDER BY c
	Unique  (cost=3647.70..3652.35 rows=931 width=121)
	  ->  Sort  (cost=3647.70..3650.02 rows=931 width=121)
	        Sort Key: c
	        ->  Bitmap Heap Scan on sbtest4  (cost=21.98..3601.79 rows=931 width=121)
	              Recheck Cond: ((id >= 3892732) AND (id <= 3893731))
	              ->  Bitmap Index Scan on sbtest4_pkey  (cost=0.00..21.75 rows=931 width=0)
	                    Index Cond: ((id >= 3892732) AND (id <= 3893731))

table 5 : explain SELECT DISTINCT c FROM sbtest5 WHERE id BETWEEN 5375373 AND 5376372 ORDER BY c
	Unique  (cost=3762.66..3767.46 rows=961 width=121)
	  ->  Sort  (cost=3762.66..3765.06 rows=961 width=121)
	        Sort Key: c
	        ->  Bitmap Heap Scan on sbtest5  (cost=22.29..3715.05 rows=961 width=121)
	              Recheck Cond: ((id >= 5375373) AND (id <= 5376372))
	              ->  Bitmap Index Scan on sbtest5_pkey  (cost=0.00..22.04 rows=961 width=0)
	                    Index Cond: ((id >= 5375373) AND (id <= 5376372))

table 6 : explain SELECT DISTINCT c FROM sbtest6 WHERE id BETWEEN 3619047 AND 3620046 ORDER BY c
	Unique  (cost=3528.89..3533.39 rows=900 width=121)
	  ->  Sort  (cost=3528.89..3531.14 rows=900 width=121)
	        Sort Key: c
	        ->  Bitmap Heap Scan on sbtest6  (cost=21.66..3484.73 rows=900 width=121)
	              Recheck Cond: ((id >= 3619047) AND (id <= 3620046))
	              ->  Bitmap Index Scan on sbtest6_pkey  (cost=0.00..21.43 rows=900 width=0)
	                    Index Cond: ((id >= 3619047) AND (id <= 3620046))

table 7 : explain SELECT DISTINCT c FROM sbtest7 WHERE id BETWEEN 6079046 AND 6080045 ORDER BY c
	Unique  (cost=3824.95..3829.84 rows=977 width=121)
	  ->  Sort  (cost=3824.95..3827.40 rows=977 width=121)
	        Sort Key: c
	        ->  Bitmap Heap Scan on sbtest7  (cost=22.45..3776.44 rows=977 width=121)
	              Recheck Cond: ((id >= 6079046) AND (id <= 6080045))
	              ->  Bitmap Index Scan on sbtest7_pkey  (cost=0.00..22.20 rows=977 width=0)
	                    Index Cond: ((id >= 6079046) AND (id <= 6080045))

table 8 : explain SELECT DISTINCT c FROM sbtest8 WHERE id BETWEEN 1218386 AND 1219385 ORDER BY c
	Unique  (cost=3951.21..3956.26 rows=1010 width=121)
	  ->  Sort  (cost=3951.21..3953.73 rows=1010 width=121)
	        Sort Key: c
	        ->  Bitmap Heap Scan on sbtest8  (cost=22.79..3900.81 rows=1010 width=121)
	              Recheck Cond: ((id >= 1218386) AND (id <= 1219385))
	              ->  Bitmap Index Scan on sbtest8_pkey  (cost=0.00..22.54 rows=1010 width=0)
	                    Index Cond: ((id >= 1218386) AND (id <= 1219385))

for: order_ranges
table 1 : explain SELECT c FROM sbtest1 WHERE id BETWEEN 2386234 AND 2387233 ORDER BY c
	Sort  (cost=3407.86..3410.03 rows=869 width=121)
	  Sort Key: c
	  ->  Bitmap Heap Scan on sbtest1  (cost=21.34..3365.44 rows=869 width=121)
	        Recheck Cond: ((id >= 2386234) AND (id <= 2387233))
	        ->  Bitmap Index Scan on sbtest1_pkey  (cost=0.00..21.12 rows=869 width=0)
	              Index Cond: ((id >= 2386234) AND (id <= 2387233))

table 2 : explain SELECT c FROM sbtest2 WHERE id BETWEEN 2581354 AND 2582353 ORDER BY c
	Sort  (cost=3723.22..3725.60 rows=951 width=121)
	  Sort Key: c
	  ->  Bitmap Heap Scan on sbtest2  (cost=22.18..3676.18 rows=951 width=121)
	        Recheck Cond: ((id >= 2581354) AND (id <= 2582353))
	        ->  Bitmap Index Scan on sbtest2_pkey  (cost=0.00..21.94 rows=951 width=0)
	              Index Cond: ((id >= 2581354) AND (id <= 2582353))

table 3 : explain SELECT c FROM sbtest3 WHERE id BETWEEN 2428138 AND 2429137 ORDER BY c
	Sort  (cost=3734.77..3737.16 rows=954 width=121)
	  Sort Key: c
	  ->  Bitmap Heap Scan on sbtest3  (cost=22.21..3687.56 rows=954 width=121)
	        Recheck Cond: ((id >= 2428138) AND (id <= 2429137))
	        ->  Bitmap Index Scan on sbtest3_pkey  (cost=0.00..21.97 rows=954 width=0)
	              Index Cond: ((id >= 2428138) AND (id <= 2429137))

table 4 : explain SELECT c FROM sbtest4 WHERE id BETWEEN 7900741 AND 7901740 ORDER BY c
	Sort  (cost=3938.66..3941.17 rows=1007 width=121)
	  Sort Key: c
	  ->  Bitmap Heap Scan on sbtest4  (cost=22.76..3888.43 rows=1007 width=121)
	        Recheck Cond: ((id >= 7900741) AND (id <= 7901740))
	        ->  Bitmap Index Scan on sbtest4_pkey  (cost=0.00..22.50 rows=1007 width=0)
	              Index Cond: ((id >= 7900741) AND (id <= 7901740))

table 5 : explain SELECT c FROM sbtest5 WHERE id BETWEEN 3176972 AND 3177971 ORDER BY c
	Sort  (cost=4175.52..4178.20 rows=1069 width=121)
	  Sort Key: c
	  ->  Bitmap Heap Scan on sbtest5  (cost=23.39..4121.74 rows=1069 width=121)
	        Recheck Cond: ((id >= 3176972) AND (id <= 3177971))
	        ->  Bitmap Index Scan on sbtest5_pkey  (cost=0.00..23.12 rows=1069 width=0)
	              Index Cond: ((id >= 3176972) AND (id <= 3177971))

table 6 : explain SELECT c FROM sbtest6 WHERE id BETWEEN 6225034 AND 6226033 ORDER BY c
	Sort  (cost=3693.77..3696.13 rows=943 width=121)
	  Sort Key: c
	  ->  Bitmap Heap Scan on sbtest6  (cost=22.10..3647.18 rows=943 width=121)
	        Recheck Cond: ((id >= 6225034) AND (id <= 6226033))
	        ->  Bitmap Index Scan on sbtest6_pkey  (cost=0.00..21.86 rows=943 width=0)
	              Index Cond: ((id >= 6225034) AND (id <= 6226033))

table 7 : explain SELECT c FROM sbtest7 WHERE id BETWEEN 7844471 AND 7845470 ORDER BY c
	Sort  (cost=3717.69..3720.07 rows=949 width=121)
	  Sort Key: c
	  ->  Bitmap Heap Scan on sbtest7  (cost=22.16..3670.76 rows=949 width=121)
	        Recheck Cond: ((id >= 7844471) AND (id <= 7845470))
	        ->  Bitmap Index Scan on sbtest7_pkey  (cost=0.00..21.93 rows=949 width=0)
	              Index Cond: ((id >= 7844471) AND (id <= 7845470))

table 8 : explain SELECT c FROM sbtest8 WHERE id BETWEEN 1693025 AND 1694024 ORDER BY c
	Sort  (cost=3924.43..3926.94 rows=1003 width=121)
	  Sort Key: c
	  ->  Bitmap Heap Scan on sbtest8  (cost=22.72..3874.43 rows=1003 width=121)
	        Recheck Cond: ((id >= 1693025) AND (id <= 1694024))
	        ->  Bitmap Index Scan on sbtest8_pkey  (cost=0.00..22.46 rows=1003 width=0)
	              Index Cond: ((id >= 1693025) AND (id <= 1694024))

for: distinct_ranges
table 1 : explain SELECT DISTINCT c FROM sbtest1 WHERE id BETWEEN 8404176 AND 8405175 ORDER BY c
	Unique  (cost=3924.78..3929.80 rows=1004 width=121)
	  ->  Sort  (cost=3924.78..3927.29 rows=1004 width=121)
	        Sort Key: c
	        ->  Bitmap Heap Scan on sbtest1  (cost=22.73..3874.72 rows=1004 width=121)
	              Recheck Cond: ((id >= 8404176) AND (id <= 8405175))
	              ->  Bitmap Index Scan on sbtest1_pkey  (cost=0.00..22.47 rows=1004 width=0)
	                    Index Cond: ((id >= 8404176) AND (id <= 8405175))

table 2 : explain SELECT DISTINCT c FROM sbtest2 WHERE id BETWEEN 7389747 AND 7390746 ORDER BY c
	Unique  (cost=3604.46..3609.06 rows=920 width=121)
	  ->  Sort  (cost=3604.46..3606.76 rows=920 width=121)
	        Sort Key: c
	        ->  Bitmap Heap Scan on sbtest2  (cost=21.87..3559.17 rows=920 width=121)
	              Recheck Cond: ((id >= 7389747) AND (id <= 7390746))
	              ->  Bitmap Index Scan on sbtest2_pkey  (cost=0.00..21.64 rows=920 width=0)
	                    Index Cond: ((id >= 7389747) AND (id <= 7390746))

table 3 : explain SELECT DISTINCT c FROM sbtest3 WHERE id BETWEEN 3251385 AND 3252384 ORDER BY c
	Unique  (cost=4120.83..4126.10 rows=1055 width=121)
	  ->  Sort  (cost=4120.83..4123.47 rows=1055 width=121)
	        Sort Key: c
	        ->  Bitmap Heap Scan on sbtest3  (cost=23.25..4067.85 rows=1055 width=121)
	              Recheck Cond: ((id >= 3251385) AND (id <= 3252384))
	              ->  Bitmap Index Scan on sbtest3_pkey  (cost=0.00..22.98 rows=1055 width=0)
	                    Index Cond: ((id >= 3251385) AND (id <= 3252384))

table 4 : explain SELECT DISTINCT c FROM sbtest4 WHERE id BETWEEN 8645822 AND 8646821 ORDER BY c
	Unique  (cost=3888.94..3893.91 rows=994 width=121)
	  ->  Sort  (cost=3888.94..3891.42 rows=994 width=121)
	        Sort Key: c
	        ->  Bitmap Heap Scan on sbtest4  (cost=22.62..3839.45 rows=994 width=121)
	              Recheck Cond: ((id >= 8645822) AND (id <= 8646821))
	              ->  Bitmap Index Scan on sbtest4_pkey  (cost=0.00..22.37 rows=994 width=0)
	                    Index Cond: ((id >= 8645822) AND (id <= 8646821))

table 5 : explain SELECT DISTINCT c FROM sbtest5 WHERE id BETWEEN 9232126 AND 9233125 ORDER BY c
	Unique  (cost=4366.47..4372.06 rows=1119 width=121)
	  ->  Sort  (cost=4366.47..4369.27 rows=1119 width=121)
	        Sort Key: c
	        ->  Bitmap Heap Scan on sbtest5  (cost=27.90..4309.80 rows=1119 width=121)
	              Recheck Cond: ((id >= 9232126) AND (id <= 9233125))
	              ->  Bitmap Index Scan on sbtest5_pkey  (cost=0.00..27.62 rows=1119 width=0)
	                    Index Cond: ((id >= 9232126) AND (id <= 9233125))

table 6 : explain SELECT DISTINCT c FROM sbtest6 WHERE id BETWEEN 6807791 AND 6808790 ORDER BY c
	Unique  (cost=3869.90..3874.85 rows=989 width=121)
	  ->  Sort  (cost=3869.90..3872.37 rows=989 width=121)
	        Sort Key: c
	        ->  Bitmap Heap Scan on sbtest6  (cost=22.57..3820.70 rows=989 width=121)
	              Recheck Cond: ((id >= 6807791) AND (id <= 6808790))
	              ->  Bitmap Index Scan on sbtest6_pkey  (cost=0.00..22.32 rows=989 width=0)
	                    Index Cond: ((id >= 6807791) AND (id <= 6808790))

table 7 : explain SELECT DISTINCT c FROM sbtest7 WHERE id BETWEEN 3687556 AND 3688555 ORDER BY c
	Unique  (cost=3824.95..3829.84 rows=977 width=121)
	  ->  Sort  (cost=3824.95..3827.40 rows=977 width=121)
	        Sort Key: c
	        ->  Bitmap Heap Scan on sbtest7  (cost=22.45..3776.44 rows=977 width=121)
	              Recheck Cond: ((id >= 3687556) AND (id <= 3688555))
	              ->  Bitmap Index Scan on sbtest7_pkey  (cost=0.00..22.20 rows=977 width=0)
	                    Index Cond: ((id >= 3687556) AND (id <= 3688555))

table 8 : explain SELECT DISTINCT c FROM sbtest8 WHERE id BETWEEN 3068280 AND 3069279 ORDER BY c
	Unique  (cost=4203.58..4208.96 rows=1075 width=121)
	  ->  Sort  (cost=4203.58..4206.27 rows=1075 width=121)
	        Sort Key: c
	        ->  Bitmap Heap Scan on sbtest8  (cost=27.45..4149.46 rows=1075 width=121)
	              Recheck Cond: ((id >= 3068280) AND (id <= 3069279))
	              ->  Bitmap Index Scan on sbtest8_pkey  (cost=0.00..27.18 rows=1075 width=0)
	                    Index Cond: ((id >= 3068280) AND (id <= 3069279))

explain: for point_selects :: explain SELECT c FROM sbtest%u WHERE id=%u
for: simple_ranges
table 1 : explain SELECT c FROM sbtest1 WHERE id BETWEEN 3289686 AND 3290685
	Bitmap Heap Scan on sbtest1  (cost=22.61..3833.31 rows=993 width=121)
	  Recheck Cond: ((id >= 3289686) AND (id <= 3290685))
	  ->  Bitmap Index Scan on sbtest1_pkey  (cost=0.00..22.36 rows=993 width=0)
	        Index Cond: ((id >= 3289686) AND (id <= 3290685))

table 2 : explain SELECT c FROM sbtest2 WHERE id BETWEEN 8642652 AND 8643651
	Bitmap Heap Scan on sbtest2  (cost=21.54..3438.26 rows=888 width=121)
	  Recheck Cond: ((id >= 8642652) AND (id <= 8643651))
	  ->  Bitmap Index Scan on sbtest2_pkey  (cost=0.00..21.32 rows=888 width=0)
	        Index Cond: ((id >= 8642652) AND (id <= 8643651))

table 3 : explain SELECT c FROM sbtest3 WHERE id BETWEEN 6010 AND 7009
	Bitmap Heap Scan on sbtest3  (cost=22.44..3770.51 rows=976 width=121)
	  Recheck Cond: ((id >= 6010) AND (id <= 7009))
	  ->  Bitmap Index Scan on sbtest3_pkey  (cost=0.00..22.19 rows=976 width=0)
	        Index Cond: ((id >= 6010) AND (id <= 7009))

table 4 : explain SELECT c FROM sbtest4 WHERE id BETWEEN 1431835 AND 1432834
	Bitmap Heap Scan on sbtest4  (cost=22.08..3639.55 rows=941 width=121)
	  Recheck Cond: ((id >= 1431835) AND (id <= 1432834))
	  ->  Bitmap Index Scan on sbtest4_pkey  (cost=0.00..21.84 rows=941 width=0)
	        Index Cond: ((id >= 1431835) AND (id <= 1432834))

table 5 : explain SELECT c FROM sbtest5 WHERE id BETWEEN 8311982 AND 8312981
	Bitmap Heap Scan on sbtest5  (cost=22.81..3907.28 rows=1012 width=121)
	  Recheck Cond: ((id >= 8311982) AND (id <= 8312981))
	  ->  Bitmap Index Scan on sbtest5_pkey  (cost=0.00..22.55 rows=1012 width=0)
	        Index Cond: ((id >= 8311982) AND (id <= 8312981))

table 6 : explain SELECT c FROM sbtest6 WHERE id BETWEEN 3920520 AND 3921519
	Bitmap Heap Scan on sbtest6  (cost=22.96..3963.83 rows=1027 width=121)
	  Recheck Cond: ((id >= 3920520) AND (id <= 3921519))
	  ->  Bitmap Index Scan on sbtest6_pkey  (cost=0.00..22.70 rows=1027 width=0)
	        Index Cond: ((id >= 3920520) AND (id <= 3921519))

table 7 : explain SELECT c FROM sbtest7 WHERE id BETWEEN 4878410 AND 4879409
	Bitmap Heap Scan on sbtest7  (cost=23.06..4002.53 rows=1037 width=121)
	  Recheck Cond: ((id >= 4878410) AND (id <= 4879409))
	  ->  Bitmap Index Scan on sbtest7_pkey  (cost=0.00..22.80 rows=1037 width=0)
	        Index Cond: ((id >= 4878410) AND (id <= 4879409))

table 8 : explain SELECT c FROM sbtest8 WHERE id BETWEEN 2593811 AND 2594810
	Bitmap Heap Scan on sbtest8  (cost=22.68..3863.12 rows=1000 width=121)
	  Recheck Cond: ((id >= 2593811) AND (id <= 2594810))
	  ->  Bitmap Index Scan on sbtest8_pkey  (cost=0.00..22.43 rows=1000 width=0)
	        Index Cond: ((id >= 2593811) AND (id <= 2594810))

for point_selects
table 1 : explain SELECT c FROM sbtest1 WHERE id=8847863
	Index Scan using sbtest1_pkey on sbtest1  (cost=0.43..8.45 rows=1 width=121)
	  Index Cond: (id = 8847863)

table 2 : explain SELECT c FROM sbtest2 WHERE id=11809
	Index Scan using sbtest2_pkey on sbtest2  (cost=0.43..8.45 rows=1 width=121)
	  Index Cond: (id = 11809)

table 3 : explain SELECT c FROM sbtest3 WHERE id=7732455
	Index Scan using sbtest3_pkey on sbtest3  (cost=0.43..8.45 rows=1 width=121)
	  Index Cond: (id = 7732455)

table 4 : explain SELECT c FROM sbtest4 WHERE id=9229275
	Index Scan using sbtest4_pkey on sbtest4  (cost=0.43..8.45 rows=1 width=121)
	  Index Cond: (id = 9229275)

table 5 : explain SELECT c FROM sbtest5 WHERE id=1285947
	Index Scan using sbtest5_pkey on sbtest5  (cost=0.43..8.45 rows=1 width=121)
	  Index Cond: (id = 1285947)

table 6 : explain SELECT c FROM sbtest6 WHERE id=7149221
	Index Scan using sbtest6_pkey on sbtest6  (cost=0.43..8.45 rows=1 width=121)
	  Index Cond: (id = 7149221)

table 7 : explain SELECT c FROM sbtest7 WHERE id=6280677
	Index Scan using sbtest7_pkey on sbtest7  (cost=0.43..8.45 rows=1 width=121)
	  Index Cond: (id = 6280677)

table 8 : explain SELECT c FROM sbtest8 WHERE id=4827311
	Index Scan using sbtest8_pkey on sbtest8  (cost=0.43..8.45 rows=1 width=121)
	  Index Cond: (id = 4827311)

for: order_ranges
table 1 : explain SELECT c FROM sbtest1 WHERE id BETWEEN 9069658 AND 9070657 ORDER BY c
	Sort  (cost=3710.63..3713.00 rows=948 width=121)
	  Sort Key: c
	  ->  Bitmap Heap Scan on sbtest1  (cost=22.15..3663.76 rows=948 width=121)
	        Recheck Cond: ((id >= 9069658) AND (id <= 9070657))
	        ->  Bitmap Index Scan on sbtest1_pkey  (cost=0.00..21.91 rows=948 width=0)
	              Index Cond: ((id >= 9069658) AND (id <= 9070657))

table 2 : explain SELECT c FROM sbtest2 WHERE id BETWEEN 7191031 AND 7192030 ORDER BY c
	Sort  (cost=4162.72..4165.39 rows=1066 width=121)
	  Sort Key: c
	  ->  Bitmap Heap Scan on sbtest2  (cost=23.36..4109.12 rows=1066 width=121)
	        Recheck Cond: ((id >= 7191031) AND (id <= 7192030))
	        ->  Bitmap Index Scan on sbtest2_pkey  (cost=0.00..23.09 rows=1066 width=0)
	              Index Cond: ((id >= 7191031) AND (id <= 7192030))

table 3 : explain SELECT c FROM sbtest3 WHERE id BETWEEN 8360040 AND 8361039 ORDER BY c
	Sort  (cost=4143.72..4146.38 rows=1061 width=121)
	  Sort Key: c
	  ->  Bitmap Heap Scan on sbtest3  (cost=23.31..4090.40 rows=1061 width=121)
	        Recheck Cond: ((id >= 8360040) AND (id <= 8361039))
	        ->  Bitmap Index Scan on sbtest3_pkey  (cost=0.00..23.04 rows=1061 width=0)
	              Index Cond: ((id >= 8360040) AND (id <= 8361039))

table 4 : explain SELECT c FROM sbtest4 WHERE id BETWEEN 6347718 AND 6348717 ORDER BY c
	Sort  (cost=3938.66..3941.17 rows=1007 width=121)
	  Sort Key: c
	  ->  Bitmap Heap Scan on sbtest4  (cost=22.76..3888.43 rows=1007 width=121)
	        Recheck Cond: ((id >= 6347718) AND (id <= 6348717))
	        ->  Bitmap Index Scan on sbtest4_pkey  (cost=0.00..22.50 rows=1007 width=0)
	              Index Cond: ((id >= 6347718) AND (id <= 6348717))

table 5 : explain SELECT c FROM sbtest5 WHERE id BETWEEN 5563226 AND 5564225 ORDER BY c
	Sort  (cost=3478.94..3481.15 rows=887 width=121)
	  Sort Key: c
	  ->  Bitmap Heap Scan on sbtest5  (cost=21.53..3435.51 rows=887 width=121)
	        Recheck Cond: ((id >= 5563226) AND (id <= 5564225))
	        ->  Bitmap Index Scan on sbtest5_pkey  (cost=0.00..21.30 rows=887 width=0)
	              Index Cond: ((id >= 5563226) AND (id <= 5564225))

table 6 : explain SELECT c FROM sbtest6 WHERE id BETWEEN 2669267 AND 2670266 ORDER BY c
	Sort  (cost=3954.05..3956.57 rows=1011 width=121)
	  Sort Key: c
	  ->  Bitmap Heap Scan on sbtest6  (cost=22.80..3903.59 rows=1011 width=121)
	        Recheck Cond: ((id >= 2669267) AND (id <= 2670266))
	        ->  Bitmap Index Scan on sbtest6_pkey  (cost=0.00..22.54 rows=1011 width=0)
	              Index Cond: ((id >= 2669267) AND (id <= 2670266))

table 7 : explain SELECT c FROM sbtest7 WHERE id BETWEEN 9710700 AND 9711699 ORDER BY c
	Sort  (cost=4050.66..4053.25 rows=1036 width=121)
	  Sort Key: c
	  ->  Bitmap Heap Scan on sbtest7  (cost=23.05..3998.77 rows=1036 width=121)
	        Recheck Cond: ((id >= 9710700) AND (id <= 9711699))
	        ->  Bitmap Index Scan on sbtest7_pkey  (cost=0.00..22.79 rows=1036 width=0)
	              Index Cond: ((id >= 9710700) AND (id <= 9711699))

table 8 : explain SELECT c FROM sbtest8 WHERE id BETWEEN 5114503 AND 5115502 ORDER BY c
	Sort  (cost=3752.15..3754.54 rows=958 width=121)
	  Sort Key: c
	  ->  Bitmap Heap Scan on sbtest8  (cost=22.25..3704.71 rows=958 width=121)
	        Recheck Cond: ((id >= 5114503) AND (id <= 5115502))
	        ->  Bitmap Index Scan on sbtest8_pkey  (cost=0.00..22.01 rows=958 width=0)
	              Index Cond: ((id >= 5114503) AND (id <= 5115502))

for: order_ranges
table 1 : explain SELECT c FROM sbtest1 WHERE id BETWEEN 3148233 AND 3149232 ORDER BY c
	Sort  (cost=4024.07..4026.64 rows=1030 width=121)
	  Sort Key: c
	  ->  Bitmap Heap Scan on sbtest1  (cost=22.99..3972.52 rows=1030 width=121)
	        Recheck Cond: ((id >= 3148233) AND (id <= 3149232))
	        ->  Bitmap Index Scan on sbtest1_pkey  (cost=0.00..22.73 rows=1030 width=0)
	              Index Cond: ((id >= 3148233) AND (id <= 3149232))

table 2 : explain SELECT c FROM sbtest2 WHERE id BETWEEN 5298124 AND 5299123 ORDER BY c
	Sort  (cost=4063.50..4066.10 rows=1040 width=121)
	  Sort Key: c
	  ->  Bitmap Heap Scan on sbtest2  (cost=23.09..4011.38 rows=1040 width=121)
	        Recheck Cond: ((id >= 5298124) AND (id <= 5299123))
	        ->  Bitmap Index Scan on sbtest2_pkey  (cost=0.00..22.83 rows=1040 width=0)
	              Index Cond: ((id >= 5298124) AND (id <= 5299123))

table 3 : explain SELECT c FROM sbtest3 WHERE id BETWEEN 6727468 AND 6728467 ORDER BY c
	Sort  (cost=3723.28..3725.66 rows=951 width=121)
	  Sort Key: c
	  ->  Bitmap Heap Scan on sbtest3  (cost=22.18..3676.24 rows=951 width=121)
	        Recheck Cond: ((id >= 6727468) AND (id <= 6728467))
	        ->  Bitmap Index Scan on sbtest3_pkey  (cost=0.00..21.94 rows=951 width=0)
	              Index Cond: ((id >= 6727468) AND (id <= 6728467))

table 4 : explain SELECT c FROM sbtest4 WHERE id BETWEEN 5335832 AND 5336831 ORDER BY c
	Sort  (cost=3758.80..3761.20 rows=960 width=121)
	  Sort Key: c
	  ->  Bitmap Heap Scan on sbtest4  (cost=22.27..3711.25 rows=960 width=121)
	        Recheck Cond: ((id >= 5335832) AND (id <= 5336831))
	        ->  Bitmap Index Scan on sbtest4_pkey  (cost=0.00..22.04 rows=960 width=0)
	              Index Cond: ((id >= 5335832) AND (id <= 5336831))

table 5 : explain SELECT c FROM sbtest5 WHERE id BETWEEN 1436563 AND 1437562 ORDER BY c
	Sort  (cost=3862.18..3864.65 rows=987 width=121)
	  Sort Key: c
	  ->  Bitmap Heap Scan on sbtest5  (cost=22.55..3813.09 rows=987 width=121)
	        Recheck Cond: ((id >= 1436563) AND (id <= 1437562))
	        ->  Bitmap Index Scan on sbtest5_pkey  (cost=0.00..22.30 rows=987 width=0)
	              Index Cond: ((id >= 1436563) AND (id <= 1437562))

table 6 : explain SELECT c FROM sbtest6 WHERE id BETWEEN 802277 AND 803276 ORDER BY c
	Sort  (cost=3911.98..3914.48 rows=1000 width=121)
	  Sort Key: c
	  ->  Bitmap Heap Scan on sbtest6  (cost=22.68..3862.15 rows=1000 width=121)
	        Recheck Cond: ((id >= 802277) AND (id <= 803276))
	        ->  Bitmap Index Scan on sbtest6_pkey  (cost=0.00..22.43 rows=1000 width=0)
	              Index Cond: ((id >= 802277) AND (id <= 803276))

table 7 : explain SELECT c FROM sbtest7 WHERE id BETWEEN 3829860 AND 3830859 ORDER BY c
	Sort  (cost=3790.49..3792.91 rows=968 width=121)
	  Sort Key: c
	  ->  Bitmap Heap Scan on sbtest7  (cost=22.36..3742.48 rows=968 width=121)
	        Recheck Cond: ((id >= 3829860) AND (id <= 3830859))
	        ->  Bitmap Index Scan on sbtest7_pkey  (cost=0.00..22.11 rows=968 width=0)
	              Index Cond: ((id >= 3829860) AND (id <= 3830859))

table 8 : explain SELECT c FROM sbtest8 WHERE id BETWEEN 9030630 AND 9031629 ORDER BY c
	Sort  (cost=3625.64..3627.96 rows=925 width=121)
	  Sort Key: c
	  ->  Bitmap Heap Scan on sbtest8  (cost=21.92..3580.07 rows=925 width=121)
	        Recheck Cond: ((id >= 9030630) AND (id <= 9031629))
	        ->  Bitmap Index Scan on sbtest8_pkey  (cost=0.00..21.68 rows=925 width=0)
	              Index Cond: ((id >= 9030630) AND (id <= 9031629))

explain: for point_selects :: explain SELECT c FROM sbtest%u WHERE id=%u
for: distinct_ranges
table 1 : explain SELECT DISTINCT c FROM sbtest1 WHERE id BETWEEN 6444441 AND 6445440 ORDER BY c
	Unique  (cost=3836.87..3841.78 rows=981 width=121)
	  ->  Sort  (cost=3836.87..3839.32 rows=981 width=121)
	        Sort Key: c
	        ->  Bitmap Heap Scan on sbtest1  (cost=22.49..3788.12 rows=981 width=121)
	              Recheck Cond: ((id >= 6444441) AND (id <= 6445440))
	              ->  Bitmap Index Scan on sbtest1_pkey  (cost=0.00..22.25 rows=981 width=0)
	                    Index Cond: ((id >= 6444441) AND (id <= 6445440))

table 2 : explain SELECT DISTINCT c FROM sbtest2 WHERE id BETWEEN 1847926 AND 1848925 ORDER BY c
	Unique  (cost=4071.13..4076.34 rows=1042 width=121)
	  ->  Sort  (cost=4071.13..4073.74 rows=1042 width=121)
	        Sort Key: c
	        ->  Bitmap Heap Scan on sbtest2  (cost=23.12..4018.90 rows=1042 width=121)
	              Recheck Cond: ((id >= 1847926) AND (id <= 1848925))
	              ->  Bitmap Index Scan on sbtest2_pkey  (cost=0.00..22.86 rows=1042 width=0)
	                    Index Cond: ((id >= 1847926) AND (id <= 1848925))

table 3 : explain SELECT DISTINCT c FROM sbtest3 WHERE id BETWEEN 5885336 AND 5886335 ORDER BY c
	Unique  (cost=3462.62..3467.04 rows=883 width=121)
	  ->  Sort  (cost=3462.62..3464.83 rows=883 width=121)
	        Sort Key: c
	        ->  Bitmap Heap Scan on sbtest3  (cost=21.49..3419.41 rows=883 width=121)
	              Recheck Cond: ((id >= 5885336) AND (id <= 5886335))
	              ->  Bitmap Index Scan on sbtest3_pkey  (cost=0.00..21.26 rows=883 width=0)
	                    Index Cond: ((id >= 5885336) AND (id <= 5886335))

table 4 : explain SELECT DISTINCT c FROM sbtest4 WHERE id BETWEEN 8177263 AND 8178262 ORDER BY c
	Unique  (cost=4232.73..4238.15 rows=1084 width=121)
	  ->  Sort  (cost=4232.73..4235.44 rows=1084 width=121)
	        Sort Key: c
	        ->  Bitmap Heap Scan on sbtest4  (cost=23.55..4178.08 rows=1084 width=121)
	              Recheck Cond: ((id >= 8177263) AND (id <= 8178262))
	              ->  Bitmap Index Scan on sbtest4_pkey  (cost=0.00..23.27 rows=1084 width=0)
	                    Index Cond: ((id >= 8177263) AND (id <= 8178262))

table 5 : explain SELECT DISTINCT c FROM sbtest5 WHERE id BETWEEN 4795682 AND 4796681 ORDER BY c
	Unique  (cost=4202.24..4207.62 rows=1076 width=121)
	  ->  Sort  (cost=4202.24..4204.93 rows=1076 width=121)
	        Sort Key: c
	        ->  Bitmap Heap Scan on sbtest5  (cost=23.46..4148.05 rows=1076 width=121)
	              Recheck Cond: ((id >= 4795682) AND (id <= 4796681))
	              ->  Bitmap Index Scan on sbtest5_pkey  (cost=0.00..23.19 rows=1076 width=0)
	                    Index Cond: ((id >= 4795682) AND (id <= 4796681))

table 6 : explain SELECT DISTINCT c FROM sbtest6 WHERE id BETWEEN 5838549 AND 5839548 ORDER BY c
	Unique  (cost=4118.34..4123.61 rows=1054 width=121)
	  ->  Sort  (cost=4118.34..4120.98 rows=1054 width=121)
	        Sort Key: c
	        ->  Bitmap Heap Scan on sbtest6  (cost=23.24..4065.42 rows=1054 width=121)
	              Recheck Cond: ((id >= 5838549) AND (id <= 5839548))
	              ->  Bitmap Index Scan on sbtest6_pkey  (cost=0.00..22.97 rows=1054 width=0)
	                    Index Cond: ((id >= 5838549) AND (id <= 5839548))

table 7 : explain SELECT DISTINCT c FROM sbtest7 WHERE id BETWEEN 1677715 AND 1678714 ORDER BY c
	Unique  (cost=3629.51..3634.14 rows=926 width=121)
	  ->  Sort  (cost=3629.51..3631.83 rows=926 width=121)
	        Sort Key: c
	        ->  Bitmap Heap Scan on sbtest7  (cost=21.93..3583.88 rows=926 width=121)
	              Recheck Cond: ((id >= 1677715) AND (id <= 1678714))
	              ->  Bitmap Index Scan on sbtest7_pkey  (cost=0.00..21.69 rows=926 width=0)
	                    Index Cond: ((id >= 1677715) AND (id <= 1678714))

table 8 : explain SELECT DISTINCT c FROM sbtest8 WHERE id BETWEEN 4996479 AND 4997478 ORDER BY c
	Unique  (cost=4077.37..4082.58 rows=1043 width=121)
	  ->  Sort  (cost=4077.37..4079.98 rows=1043 width=121)
	        Sort Key: c
	        ->  Bitmap Heap Scan on sbtest8  (cost=23.13..4025.08 rows=1043 width=121)
	              Recheck Cond: ((id >= 4996479) AND (id <= 4997478))
	              ->  Bitmap Index Scan on sbtest8_pkey  (cost=0.00..22.86 rows=1043 width=0)
	                    Index Cond: ((id >= 4996479) AND (id <= 4997478))

for: order_ranges
table 1 : explain SELECT c FROM sbtest1 WHERE id BETWEEN 2385573 AND 2386572 ORDER BY c
	Sort  (cost=3407.86..3410.03 rows=869 width=121)
	  Sort Key: c
	  ->  Bitmap Heap Scan on sbtest1  (cost=21.34..3365.44 rows=869 width=121)
	        Recheck Cond: ((id >= 2385573) AND (id <= 2386572))
	        ->  Bitmap Index Scan on sbtest1_pkey  (cost=0.00..21.12 rows=869 width=0)
	              Index Cond: ((id >= 2385573) AND (id <= 2386572))

table 2 : explain SELECT c FROM sbtest2 WHERE id BETWEEN 234367 AND 235366 ORDER BY c
	Sort  (cost=4323.12..4325.89 rows=1108 width=121)
	  Sort Key: c
	  ->  Bitmap Heap Scan on sbtest2  (cost=27.79..4267.09 rows=1108 width=121)
	        Recheck Cond: ((id >= 234367) AND (id <= 235366))
	        ->  Bitmap Index Scan on sbtest2_pkey  (cost=0.00..27.51 rows=1108 width=0)
	              Index Cond: ((id >= 234367) AND (id <= 235366))

table 3 : explain SELECT c FROM sbtest3 WHERE id BETWEEN 4368039 AND 4369038 ORDER BY c
	Sort  (cost=4189.50..4192.18 rows=1073 width=121)
	  Sort Key: c
	  ->  Bitmap Heap Scan on sbtest3  (cost=23.43..4135.49 rows=1073 width=121)
	        Recheck Cond: ((id >= 4368039) AND (id <= 4369038))
	        ->  Bitmap Index Scan on sbtest3_pkey  (cost=0.00..23.16 rows=1073 width=0)
	              Index Cond: ((id >= 4368039) AND (id <= 4369038))

table 4 : explain SELECT c FROM sbtest4 WHERE id BETWEEN 3663880 AND 3664879 ORDER BY c
	Sort  (cost=4015.11..4017.67 rows=1027 width=121)
	  Sort Key: c
	  ->  Bitmap Heap Scan on sbtest4  (cost=22.96..3963.73 rows=1027 width=121)
	        Recheck Cond: ((id >= 3663880) AND (id <= 3664879))
	        ->  Bitmap Index Scan on sbtest4_pkey  (cost=0.00..22.70 rows=1027 width=0)
	              Index Cond: ((id >= 3663880) AND (id <= 3664879))

table 5 : explain SELECT c FROM sbtest5 WHERE id BETWEEN 1392190 AND 1393189 ORDER BY c
	Sort  (cost=4026.60..4029.17 rows=1030 width=121)
	  Sort Key: c
	  ->  Bitmap Heap Scan on sbtest5  (cost=22.99..3975.05 rows=1030 width=121)
	        Recheck Cond: ((id >= 1392190) AND (id <= 1393189))
	        ->  Bitmap Index Scan on sbtest5_pkey  (cost=0.00..22.73 rows=1030 width=0)
	              Index Cond: ((id >= 1392190) AND (id <= 1393189))

table 6 : explain SELECT c FROM sbtest6 WHERE id BETWEEN 289816 AND 290815 ORDER BY c
	Sort  (cost=3498.19..3500.42 rows=892 width=121)
	  Sort Key: c
	  ->  Bitmap Heap Scan on sbtest6  (cost=21.58..3454.48 rows=892 width=121)
	        Recheck Cond: ((id >= 289816) AND (id <= 290815))
	        ->  Bitmap Index Scan on sbtest6_pkey  (cost=0.00..21.36 rows=892 width=0)
	              Index Cond: ((id >= 289816) AND (id <= 290815))

table 7 : explain SELECT c FROM sbtest7 WHERE id BETWEEN 7134259 AND 7135258 ORDER BY c
	Sort  (cost=3736.85..3739.24 rows=954 width=121)
	  Sort Key: c
	  ->  Bitmap Heap Scan on sbtest7  (cost=22.21..3689.64 rows=954 width=121)
	        Recheck Cond: ((id >= 7134259) AND (id <= 7135258))
	        ->  Bitmap Index Scan on sbtest7_pkey  (cost=0.00..21.97 rows=954 width=0)
	              Index Cond: ((id >= 7134259) AND (id <= 7135258))

table 8 : explain SELECT c FROM sbtest8 WHERE id BETWEEN 6441248 AND 6442247 ORDER BY c
	Sort  (cost=3817.26..3819.70 rows=975 width=121)
	  Sort Key: c
	  ->  Bitmap Heap Scan on sbtest8  (cost=22.43..3768.86 rows=975 width=121)
	        Recheck Cond: ((id >= 6441248) AND (id <= 6442247))
	        ->  Bitmap Index Scan on sbtest8_pkey  (cost=0.00..22.18 rows=975 width=0)
	              Index Cond: ((id >= 6441248) AND (id <= 6442247))

explain: for point_selects :: explain SELECT c FROM sbtest%u WHERE id=%u
explain: for point_selects :: explain SELECT c FROM sbtest%u WHERE id=%u
for: distinct_ranges
table 1 : explain SELECT DISTINCT c FROM sbtest1 WHERE id BETWEEN 5934401 AND 5935400 ORDER BY c
	Unique  (cost=3768.03..3772.85 rows=963 width=121)
	  ->  Sort  (cost=3768.03..3770.44 rows=963 width=121)
	        Sort Key: c
	        ->  Bitmap Heap Scan on sbtest1  (cost=22.31..3720.31 rows=963 width=121)
	              Recheck Cond: ((id >= 5934401) AND (id <= 5935400))
	              ->  Bitmap Index Scan on sbtest1_pkey  (cost=0.00..22.07 rows=963 width=0)
	                    Index Cond: ((id >= 5934401) AND (id <= 5935400))

table 2 : explain SELECT DISTINCT c FROM sbtest2 WHERE id BETWEEN 3583454 AND 3584453 ORDER BY c
	Unique  (cost=3887.75..3892.72 rows=994 width=121)
	  ->  Sort  (cost=3887.75..3890.23 rows=994 width=121)
	        Sort Key: c
	        ->  Bitmap Heap Scan on sbtest2  (cost=22.62..3838.26 rows=994 width=121)
	              Recheck Cond: ((id >= 3583454) AND (id <= 3584453))
	              ->  Bitmap Index Scan on sbtest2_pkey  (cost=0.00..22.37 rows=994 width=0)
	                    Index Cond: ((id >= 3583454) AND (id <= 3584453))

table 3 : explain SELECT DISTINCT c FROM sbtest3 WHERE id BETWEEN 4990441 AND 4991440 ORDER BY c
	Unique  (cost=4040.66..4045.83 rows=1034 width=121)
	  ->  Sort  (cost=4040.66..4043.25 rows=1034 width=121)
	        Sort Key: c
	        ->  Bitmap Heap Scan on sbtest3  (cost=23.03..3988.89 rows=1034 width=121)
	              Recheck Cond: ((id >= 4990441) AND (id <= 4991440))
	              ->  Bitmap Index Scan on sbtest3_pkey  (cost=0.00..22.77 rows=1034 width=0)
	                    Index Cond: ((id >= 4990441) AND (id <= 4991440))

table 4 : explain SELECT DISTINCT c FROM sbtest4 WHERE id BETWEEN 9784295 AND 9785294 ORDER BY c
	Unique  (cost=3793.27..3798.11 rows=969 width=121)
	  ->  Sort  (cost=3793.27..3795.69 rows=969 width=121)
	        Sort Key: c
	        ->  Bitmap Heap Scan on sbtest4  (cost=22.37..3745.20 rows=969 width=121)
	              Recheck Cond: ((id >= 9784295) AND (id <= 9785294))
	              ->  Bitmap Index Scan on sbtest4_pkey  (cost=0.00..22.12 rows=969 width=0)
	                    Index Cond: ((id >= 9784295) AND (id <= 9785294))

table 5 : explain SELECT DISTINCT c FROM sbtest5 WHERE id BETWEEN 8769352 AND 8770351 ORDER BY c
	Unique  (cost=3823.91..3828.80 rows=977 width=121)
	  ->  Sort  (cost=3823.91..3826.35 rows=977 width=121)
	        Sort Key: c
	        ->  Bitmap Heap Scan on sbtest5  (cost=22.45..3775.39 rows=977 width=121)
	              Recheck Cond: ((id >= 8769352) AND (id <= 8770351))
	              ->  Bitmap Index Scan on sbtest5_pkey  (cost=0.00..22.20 rows=977 width=0)
	                    Index Cond: ((id >= 8769352) AND (id <= 8770351))

table 6 : explain SELECT DISTINCT c FROM sbtest6 WHERE id BETWEEN 241666 AND 242665 ORDER BY c
	Unique  (cost=3984.63..3989.73 rows=1019 width=121)
	  ->  Sort  (cost=3984.63..3987.18 rows=1019 width=121)
	        Sort Key: c
	        ->  Bitmap Heap Scan on sbtest6  (cost=22.88..3933.72 rows=1019 width=121)
	              Recheck Cond: ((id >= 241666) AND (id <= 242665))
	              ->  Bitmap Index Scan on sbtest6_pkey  (cost=0.00..22.62 rows=1019 width=0)
	                    Index Cond: ((id >= 241666) AND (id <= 242665))

table 7 : explain SELECT DISTINCT c FROM sbtest7 WHERE id BETWEEN 3551906 AND 3552905 ORDER BY c
	Unique  (cost=3958.90..3963.96 rows=1012 width=121)
	  ->  Sort  (cost=3958.90..3961.43 rows=1012 width=121)
	        Sort Key: c
	        ->  Bitmap Heap Scan on sbtest7  (cost=22.81..3908.38 rows=1012 width=121)
	              Recheck Cond: ((id >= 3551906) AND (id <= 3552905))
	              ->  Bitmap Index Scan on sbtest7_pkey  (cost=0.00..22.55 rows=1012 width=0)
	                    Index Cond: ((id >= 3551906) AND (id <= 3552905))

table 8 : explain SELECT DISTINCT c FROM sbtest8 WHERE id BETWEEN 2598769 AND 2599768 ORDER BY c
	Unique  (cost=3912.95..3917.95 rows=1000 width=121)
	  ->  Sort  (cost=3912.95..3915.45 rows=1000 width=121)
	        Sort Key: c
	        ->  Bitmap Heap Scan on sbtest8  (cost=22.68..3863.12 rows=1000 width=121)
	              Recheck Cond: ((id >= 2598769) AND (id <= 2599768))
	              ->  Bitmap Index Scan on sbtest8_pkey  (cost=0.00..22.43 rows=1000 width=0)
	                    Index Cond: ((id >= 2598769) AND (id <= 2599768))

for: distinct_ranges
table 1 : explain SELECT DISTINCT c FROM sbtest1 WHERE id BETWEEN 1479705 AND 1480704 ORDER BY c
	Unique  (cost=3825.40..3830.29 rows=978 width=121)
	  ->  Sort  (cost=3825.40..3827.85 rows=978 width=121)
	        Sort Key: c
	        ->  Bitmap Heap Scan on sbtest1  (cost=22.46..3776.82 rows=978 width=121)
	              Recheck Cond: ((id >= 1479705) AND (id <= 1480704))
	              ->  Bitmap Index Scan on sbtest1_pkey  (cost=0.00..22.21 rows=978 width=0)
	                    Index Cond: ((id >= 1479705) AND (id <= 1480704))

table 2 : explain SELECT DISTINCT c FROM sbtest2 WHERE id BETWEEN 5563359 AND 5564358 ORDER BY c
	Unique  (cost=4471.62..4477.35 rows=1147 width=121)
	  ->  Sort  (cost=4471.62..4474.48 rows=1147 width=121)
	        Sort Key: c
	        ->  Bitmap Heap Scan on sbtest2  (cost=28.19..4413.33 rows=1147 width=121)
	              Recheck Cond: ((id >= 5563359) AND (id <= 5564358))
	              ->  Bitmap Index Scan on sbtest2_pkey  (cost=0.00..27.90 rows=1147 width=0)
	                    Index Cond: ((id >= 5563359) AND (id <= 5564358))

table 3 : explain SELECT DISTINCT c FROM sbtest3 WHERE id BETWEEN 5671342 AND 5672341 ORDER BY c
	Unique  (cost=3891.64..3896.61 rows=995 width=121)
	  ->  Sort  (cost=3891.64..3894.13 rows=995 width=121)
	        Sort Key: c
	        ->  Bitmap Heap Scan on sbtest3  (cost=22.63..3842.09 rows=995 width=121)
	              Recheck Cond: ((id >= 5671342) AND (id <= 5672341))
	              ->  Bitmap Index Scan on sbtest3_pkey  (cost=0.00..22.39 rows=995 width=0)
	                    Index Cond: ((id >= 5671342) AND (id <= 5672341))

table 4 : explain SELECT DISTINCT c FROM sbtest4 WHERE id BETWEEN 1896872 AND 1897871 ORDER BY c
	Unique  (cost=4309.18..4314.70 rows=1103 width=121)
	  ->  Sort  (cost=4309.18..4311.94 rows=1103 width=121)
	        Sort Key: c
	        ->  Bitmap Heap Scan on sbtest4  (cost=27.74..4253.44 rows=1103 width=121)
	              Recheck Cond: ((id >= 1896872) AND (id <= 1897871))
	              ->  Bitmap Index Scan on sbtest4_pkey  (cost=0.00..27.46 rows=1103 width=0)
	                    Index Cond: ((id >= 1896872) AND (id <= 1897871))

table 5 : explain SELECT DISTINCT c FROM sbtest5 WHERE id BETWEEN 362989 AND 363988 ORDER BY c
	Unique  (cost=4018.95..4024.09 rows=1028 width=121)
	  ->  Sort  (cost=4018.95..4021.52 rows=1028 width=121)
	        Sort Key: c
	        ->  Bitmap Heap Scan on sbtest5  (cost=22.97..3967.52 rows=1028 width=121)
	              Recheck Cond: ((id >= 362989) AND (id <= 363988))
	              ->  Bitmap Index Scan on sbtest5_pkey  (cost=0.00..22.71 rows=1028 width=0)
	                    Index Cond: ((id >= 362989) AND (id <= 363988))

table 6 : explain SELECT DISTINCT c FROM sbtest6 WHERE id BETWEEN 6272896 AND 6273895 ORDER BY c
	Unique  (cost=3693.77..3698.49 rows=943 width=121)
	  ->  Sort  (cost=3693.77..3696.13 rows=943 width=121)
	        Sort Key: c
	        ->  Bitmap Heap Scan on sbtest6  (cost=22.10..3647.18 rows=943 width=121)
	              Recheck Cond: ((id >= 6272896) AND (id <= 6273895))
	              ->  Bitmap Index Scan on sbtest6_pkey  (cost=0.00..21.86 rows=943 width=0)
	                    Index Cond: ((id >= 6272896) AND (id <= 6273895))

table 7 : explain SELECT DISTINCT c FROM sbtest7 WHERE id BETWEEN 2690366 AND 2691365 ORDER BY c
	Unique  (cost=4004.79..4009.91 rows=1024 width=121)
	  ->  Sort  (cost=4004.79..4007.35 rows=1024 width=121)
	        Sort Key: c
	        ->  Bitmap Heap Scan on sbtest7  (cost=22.93..3953.59 rows=1024 width=121)
	              Recheck Cond: ((id >= 2690366) AND (id <= 2691365))
	              ->  Bitmap Index Scan on sbtest7_pkey  (cost=0.00..22.68 rows=1024 width=0)
	                    Index Cond: ((id >= 2690366) AND (id <= 2691365))

table 8 : explain SELECT DISTINCT c FROM sbtest8 WHERE id BETWEEN 8176973 AND 8177972 ORDER BY c
	Unique  (cost=4306.61..4312.12 rows=1102 width=121)
	  ->  Sort  (cost=4306.61..4309.36 rows=1102 width=121)
	        Sort Key: c
	        ->  Bitmap Heap Scan on sbtest8  (cost=27.73..4250.92 rows=1102 width=121)
	              Recheck Cond: ((id >= 8176973) AND (id <= 8177972))
	              ->  Bitmap Index Scan on sbtest8_pkey  (cost=0.00..27.45 rows=1102 width=0)
	                    Index Cond: ((id >= 8176973) AND (id <= 8177972))

for: order_ranges
table 1 : explain SELECT c FROM sbtest1 WHERE id BETWEEN 1242381 AND 1243380 ORDER BY c
	Sort  (cost=3890.39..3892.87 rows=995 width=121)
	  Sort Key: c
	  ->  Bitmap Heap Scan on sbtest1  (cost=22.63..3840.84 rows=995 width=121)
	        Recheck Cond: ((id >= 1242381) AND (id <= 1243380))
	        ->  Bitmap Index Scan on sbtest1_pkey  (cost=0.00..22.39 rows=995 width=0)
	              Index Cond: ((id >= 1242381) AND (id <= 1243380))

table 2 : explain SELECT c FROM sbtest2 WHERE id BETWEEN 9839657 AND 9840656 ORDER BY c
	Sort  (cost=3903.04..3905.53 rows=998 width=121)
	  Sort Key: c
	  ->  Bitmap Heap Scan on sbtest2  (cost=22.66..3853.32 rows=998 width=121)
	        Recheck Cond: ((id >= 9839657) AND (id <= 9840656))
	        ->  Bitmap Index Scan on sbtest2_pkey  (cost=0.00..22.41 rows=998 width=0)
	              Index Cond: ((id >= 9839657) AND (id <= 9840656))

table 3 : explain SELECT c FROM sbtest3 WHERE id BETWEEN 9500852 AND 9501851 ORDER BY c
	Sort  (cost=3784.53..3786.95 rows=967 width=121)
	  Sort Key: c
	  ->  Bitmap Heap Scan on sbtest3  (cost=22.35..3736.58 rows=967 width=121)
	        Recheck Cond: ((id >= 9500852) AND (id <= 9501851))
	        ->  Bitmap Index Scan on sbtest3_pkey  (cost=0.00..22.11 rows=967 width=0)
	              Index Cond: ((id >= 9500852) AND (id <= 9501851))

table 4 : explain SELECT c FROM sbtest4 WHERE id BETWEEN 5136152 AND 5137151 ORDER BY c
	Sort  (cost=3777.95..3780.36 rows=965 width=121)
	  Sort Key: c
	  ->  Bitmap Heap Scan on sbtest4  (cost=22.33..3730.11 rows=965 width=121)
	        Recheck Cond: ((id >= 5136152) AND (id <= 5137151))
	        ->  Bitmap Index Scan on sbtest4_pkey  (cost=0.00..22.08 rows=965 width=0)
	              Index Cond: ((id >= 5136152) AND (id <= 5137151))

table 5 : explain SELECT c FROM sbtest5 WHERE id BETWEEN 7037781 AND 7038780 ORDER BY c
	Sort  (cost=3804.77..3807.20 rows=972 width=121)
	  Sort Key: c
	  ->  Bitmap Heap Scan on sbtest5  (cost=22.40..3756.54 rows=972 width=121)
	        Recheck Cond: ((id >= 7037781) AND (id <= 7038780))
	        ->  Bitmap Index Scan on sbtest5_pkey  (cost=0.00..22.15 rows=972 width=0)
	              Index Cond: ((id >= 7037781) AND (id <= 7038780))

table 6 : explain SELECT c FROM sbtest6 WHERE id BETWEEN 3631824 AND 3632823 ORDER BY c
	Sort  (cost=3528.89..3531.14 rows=900 width=121)
	  Sort Key: c
	  ->  Bitmap Heap Scan on sbtest6  (cost=21.66..3484.73 rows=900 width=121)
	        Recheck Cond: ((id >= 3631824) AND (id <= 3632823))
	        ->  Bitmap Index Scan on sbtest6_pkey  (cost=0.00..21.43 rows=900 width=0)
	              Index Cond: ((id >= 3631824) AND (id <= 3632823))

table 7 : explain SELECT c FROM sbtest7 WHERE id BETWEEN 8250651 AND 8251650 ORDER BY c
	Sort  (cost=3510.56..3512.79 rows=895 width=121)
	  Sort Key: c
	  ->  Bitmap Heap Scan on sbtest7  (cost=21.61..3466.67 rows=895 width=121)
	        Recheck Cond: ((id >= 8250651) AND (id <= 8251650))
	        ->  Bitmap Index Scan on sbtest7_pkey  (cost=0.00..21.39 rows=895 width=0)
	              Index Cond: ((id >= 8250651) AND (id <= 8251650))

table 8 : explain SELECT c FROM sbtest8 WHERE id BETWEEN 5104 AND 6103 ORDER BY c
	Sort  (cost=4211.22..4213.91 rows=1077 width=121)
	  Sort Key: c
	  ->  Bitmap Heap Scan on sbtest8  (cost=27.47..4156.97 rows=1077 width=121)
	        Recheck Cond: ((id >= 5104) AND (id <= 6103))
	        ->  Bitmap Index Scan on sbtest8_pkey  (cost=0.00..27.20 rows=1077 width=0)
	              Index Cond: ((id >= 5104) AND (id <= 6103))

explain: for point_selects :: explain SELECT c FROM sbtest%u WHERE id=%u
for: simple_ranges
table 1 : explain SELECT c FROM sbtest1 WHERE id BETWEEN 5671515 AND 5672514
	Bitmap Heap Scan on sbtest1  (cost=23.00..3976.28 rows=1031 width=121)
	  Recheck Cond: ((id >= 5671515) AND (id <= 5672514))
	  ->  Bitmap Index Scan on sbtest1_pkey  (cost=0.00..22.75 rows=1031 width=0)
	        Index Cond: ((id >= 5671515) AND (id <= 5672514))

table 2 : explain SELECT c FROM sbtest2 WHERE id BETWEEN 9799655 AND 9800654
	Bitmap Heap Scan on sbtest2  (cost=22.66..3853.32 rows=998 width=121)
	  Recheck Cond: ((id >= 9799655) AND (id <= 9800654))
	  ->  Bitmap Index Scan on sbtest2_pkey  (cost=0.00..22.41 rows=998 width=0)
	        Index Cond: ((id >= 9799655) AND (id <= 9800654))

table 3 : explain SELECT c FROM sbtest3 WHERE id BETWEEN 9380176 AND 9381175
	Bitmap Heap Scan on sbtest3  (cost=22.80..3902.34 rows=1011 width=121)
	  Recheck Cond: ((id >= 9380176) AND (id <= 9381175))
	  ->  Bitmap Index Scan on sbtest3_pkey  (cost=0.00..22.54 rows=1011 width=0)
	        Index Cond: ((id >= 9380176) AND (id <= 9381175))

table 4 : explain SELECT c FROM sbtest4 WHERE id BETWEEN 1361956 AND 1362955
	Bitmap Heap Scan on sbtest4  (cost=22.03..3620.67 rows=936 width=121)
	  Recheck Cond: ((id >= 1361956) AND (id <= 1362955))
	  ->  Bitmap Index Scan on sbtest4_pkey  (cost=0.00..21.79 rows=936 width=0)
	        Index Cond: ((id >= 1361956) AND (id <= 1362955))

table 5 : explain SELECT c FROM sbtest5 WHERE id BETWEEN 2284165 AND 2285164
	Bitmap Heap Scan on sbtest5  (cost=22.24..3699.96 rows=957 width=121)
	  Recheck Cond: ((id >= 2284165) AND (id <= 2285164))
	  ->  Bitmap Index Scan on sbtest5_pkey  (cost=0.00..22.00 rows=957 width=0)
	        Index Cond: ((id >= 2284165) AND (id <= 2285164))

table 6 : explain SELECT c FROM sbtest6 WHERE id BETWEEN 8012219 AND 8013218
	Bitmap Heap Scan on sbtest6  (cost=21.72..3507.41 rows=906 width=121)
	  Recheck Cond: ((id >= 8012219) AND (id <= 8013218))
	  ->  Bitmap Index Scan on sbtest6_pkey  (cost=0.00..21.50 rows=906 width=0)
	        Index Cond: ((id >= 8012219) AND (id <= 8013218))

table 7 : explain SELECT c FROM sbtest7 WHERE id BETWEEN 6375962 AND 6376961
	Bitmap Heap Scan on sbtest7  (cost=22.36..3742.48 rows=968 width=121)
	  Recheck Cond: ((id >= 6375962) AND (id <= 6376961))
	  ->  Bitmap Index Scan on sbtest7_pkey  (cost=0.00..22.11 rows=968 width=0)
	        Index Cond: ((id >= 6375962) AND (id <= 6376961))

table 8 : explain SELECT c FROM sbtest8 WHERE id BETWEEN 4419787 AND 4420786
	Bitmap Heap Scan on sbtest8  (cost=22.02..3617.86 rows=935 width=121)
	  Recheck Cond: ((id >= 4419787) AND (id <= 4420786))
	  ->  Bitmap Index Scan on sbtest8_pkey  (cost=0.00..21.79 rows=935 width=0)
	        Index Cond: ((id >= 4419787) AND (id <= 4420786))

for point_selects
table 1 : explain SELECT c FROM sbtest1 WHERE id=8849156
	Index Scan using sbtest1_pkey on sbtest1  (cost=0.43..8.45 rows=1 width=121)
	  Index Cond: (id = 8849156)

table 2 : explain SELECT c FROM sbtest2 WHERE id=3306313
	Index Scan using sbtest2_pkey on sbtest2  (cost=0.43..8.45 rows=1 width=121)
	  Index Cond: (id = 3306313)

table 3 : explain SELECT c FROM sbtest3 WHERE id=1625190
	Index Scan using sbtest3_pkey on sbtest3  (cost=0.43..8.45 rows=1 width=121)
	  Index Cond: (id = 1625190)

table 4 : explain SELECT c FROM sbtest4 WHERE id=1387742
	Index Scan using sbtest4_pkey on sbtest4  (cost=0.43..8.45 rows=1 width=121)
	  Index Cond: (id = 1387742)

table 5 : explain SELECT c FROM sbtest5 WHERE id=2878551
	Index Scan using sbtest5_pkey on sbtest5  (cost=0.43..8.45 rows=1 width=121)
	  Index Cond: (id = 2878551)

table 6 : explain SELECT c FROM sbtest6 WHERE id=988115
	Index Scan using sbtest6_pkey on sbtest6  (cost=0.43..8.45 rows=1 width=121)
	  Index Cond: (id = 988115)

table 7 : explain SELECT c FROM sbtest7 WHERE id=8758697
	Index Scan using sbtest7_pkey on sbtest7  (cost=0.43..8.45 rows=1 width=121)
	  Index Cond: (id = 8758697)

table 8 : explain SELECT c FROM sbtest8 WHERE id=6319569
	Index Scan using sbtest8_pkey on sbtest8  (cost=0.43..8.45 rows=1 width=121)
	  Index Cond: (id = 6319569)

for: sum_ranges
table 1 : explain SELECT SUM(k) FROM sbtest1 WHERE id BETWEEN 8820132 AND 8821131
	Aggregate  (cost=4399.74..4399.75 rows=1 width=8)
	  ->  Bitmap Heap Scan on sbtest1  (cost=28.15..4396.88 rows=1143 width=4)
	        Recheck Cond: ((id >= 8820132) AND (id <= 8821131))
	        ->  Bitmap Index Scan on sbtest1_pkey  (cost=0.00..27.86 rows=1143 width=0)
	              Index Cond: ((id >= 8820132) AND (id <= 8821131))

table 2 : explain SELECT SUM(k) FROM sbtest2 WHERE id BETWEEN 9141994 AND 9142993
	Aggregate  (cost=3795.51..3795.52 rows=1 width=8)
	  ->  Bitmap Heap Scan on sbtest2  (cost=22.50..3793.05 rows=982 width=4)
	        Recheck Cond: ((id >= 9141994) AND (id <= 9142993))
	        ->  Bitmap Index Scan on sbtest2_pkey  (cost=0.00..22.25 rows=982 width=0)
	              Index Cond: ((id >= 9141994) AND (id <= 9142993))

table 3 : explain SELECT SUM(k) FROM sbtest3 WHERE id BETWEEN 3641024 AND 3642023
	Aggregate  (cost=3931.23..3931.24 rows=1 width=8)
	  ->  Bitmap Heap Scan on sbtest3  (cost=22.87..3928.69 rows=1018 width=4)
	        Recheck Cond: ((id >= 3641024) AND (id <= 3642023))
	        ->  Bitmap Index Scan on sbtest3_pkey  (cost=0.00..22.61 rows=1018 width=0)
	              Index Cond: ((id >= 3641024) AND (id <= 3642023))

table 4 : explain SELECT SUM(k) FROM sbtest4 WHERE id BETWEEN 5987982 AND 5988981
	Aggregate  (cost=4214.62..4214.63 rows=1 width=8)
	  ->  Bitmap Heap Scan on sbtest4  (cost=23.64..4211.89 rows=1093 width=4)
	        Recheck Cond: ((id >= 5987982) AND (id <= 5988981))
	        ->  Bitmap Index Scan on sbtest4_pkey  (cost=0.00..23.36 rows=1093 width=0)
	              Index Cond: ((id >= 5987982) AND (id <= 5988981))

table 5 : explain SELECT SUM(k) FROM sbtest5 WHERE id BETWEEN 1372627 AND 1373626
	Aggregate  (cost=3977.63..3977.64 rows=1 width=8)
	  ->  Bitmap Heap Scan on sbtest5  (cost=22.99..3975.05 rows=1030 width=4)
	        Recheck Cond: ((id >= 1372627) AND (id <= 1373626))
	        ->  Bitmap Index Scan on sbtest5_pkey  (cost=0.00..22.73 rows=1030 width=0)
	              Index Cond: ((id >= 1372627) AND (id <= 1373626))

table 6 : explain SELECT SUM(k) FROM sbtest6 WHERE id BETWEEN 3320574 AND 3321573
	Aggregate  (cost=4203.70..4203.71 rows=1 width=8)
	  ->  Bitmap Heap Scan on sbtest6  (cost=27.60..4200.97 rows=1089 width=4)
	        Recheck Cond: ((id >= 3320574) AND (id <= 3321573))
	        ->  Bitmap Index Scan on sbtest6_pkey  (cost=0.00..27.32 rows=1089 width=0)
	              Index Cond: ((id >= 3320574) AND (id <= 3321573))

table 7 : explain SELECT SUM(k) FROM sbtest7 WHERE id BETWEEN 188349 AND 189348
	Aggregate  (cost=3971.22..3971.23 rows=1 width=8)
	  ->  Bitmap Heap Scan on sbtest7  (cost=22.97..3968.65 rows=1028 width=4)
	        Recheck Cond: ((id >= 188349) AND (id <= 189348))
	        ->  Bitmap Index Scan on sbtest7_pkey  (cost=0.00..22.71 rows=1028 width=0)
	              Index Cond: ((id >= 188349) AND (id <= 189348))

table 8 : explain SELECT SUM(k) FROM sbtest8 WHERE id BETWEEN 6443807 AND 6444806
	Aggregate  (cost=3771.29..3771.30 rows=1 width=8)
	  ->  Bitmap Heap Scan on sbtest8  (cost=22.43..3768.86 rows=975 width=4)
	        Recheck Cond: ((id >= 6443807) AND (id <= 6444806))
	        ->  Bitmap Index Scan on sbtest8_pkey  (cost=0.00..22.18 rows=975 width=0)
	              Index Cond: ((id >= 6443807) AND (id <= 6444806))

for point_selects
table 1 : explain SELECT c FROM sbtest1 WHERE id=8020168
	Index Scan using sbtest1_pkey on sbtest1  (cost=0.43..8.45 rows=1 width=121)
	  Index Cond: (id = 8020168)

table 2 : explain SELECT c FROM sbtest2 WHERE id=9086660
	Index Scan using sbtest2_pkey on sbtest2  (cost=0.43..8.45 rows=1 width=121)
	  Index Cond: (id = 9086660)

table 3 : explain SELECT c FROM sbtest3 WHERE id=4431912
	Index Scan using sbtest3_pkey on sbtest3  (cost=0.43..8.45 rows=1 width=121)
	  Index Cond: (id = 4431912)

table 4 : explain SELECT c FROM sbtest4 WHERE id=9738683
	Index Scan using sbtest4_pkey on sbtest4  (cost=0.43..8.45 rows=1 width=121)
	  Index Cond: (id = 9738683)

table 5 : explain SELECT c FROM sbtest5 WHERE id=9364386
	Index Scan using sbtest5_pkey on sbtest5  (cost=0.43..8.45 rows=1 width=121)
	  Index Cond: (id = 9364386)

table 6 : explain SELECT c FROM sbtest6 WHERE id=9727777
	Index Scan using sbtest6_pkey on sbtest6  (cost=0.43..8.45 rows=1 width=121)
	  Index Cond: (id = 9727777)

table 7 : explain SELECT c FROM sbtest7 WHERE id=3428214
	Index Scan using sbtest7_pkey on sbtest7  (cost=0.43..8.45 rows=1 width=121)
	  Index Cond: (id = 3428214)

table 8 : explain SELECT c FROM sbtest8 WHERE id=9262330
	Index Scan using sbtest8_pkey on sbtest8  (cost=0.43..8.45 rows=1 width=121)
	  Index Cond: (id = 9262330)

for point_selects
table 1 : explain SELECT c FROM sbtest1 WHERE id=3758719
	Index Scan using sbtest1_pkey on sbtest1  (cost=0.43..8.45 rows=1 width=121)
	  Index Cond: (id = 3758719)

table 2 : explain SELECT c FROM sbtest2 WHERE id=7811801
	Index Scan using sbtest2_pkey on sbtest2  (cost=0.43..8.45 rows=1 width=121)
	  Index Cond: (id = 7811801)

table 3 : explain SELECT c FROM sbtest3 WHERE id=1243693
	Index Scan using sbtest3_pkey on sbtest3  (cost=0.43..8.45 rows=1 width=121)
	  Index Cond: (id = 1243693)

table 4 : explain SELECT c FROM sbtest4 WHERE id=2518612
	Index Scan using sbtest4_pkey on sbtest4  (cost=0.43..8.45 rows=1 width=121)
	  Index Cond: (id = 2518612)

table 5 : explain SELECT c FROM sbtest5 WHERE id=8559508
	Index Scan using sbtest5_pkey on sbtest5  (cost=0.43..8.45 rows=1 width=121)
	  Index Cond: (id = 8559508)

table 6 : explain SELECT c FROM sbtest6 WHERE id=6442045
	Index Scan using sbtest6_pkey on sbtest6  (cost=0.43..8.45 rows=1 width=121)
	  Index Cond: (id = 6442045)

table 7 : explain SELECT c FROM sbtest7 WHERE id=8953852
	Index Scan using sbtest7_pkey on sbtest7  (cost=0.43..8.45 rows=1 width=121)
	  Index Cond: (id = 8953852)

table 8 : explain SELECT c FROM sbtest8 WHERE id=7480430
	Index Scan using sbtest8_pkey on sbtest8  (cost=0.43..8.45 rows=1 width=121)
	  Index Cond: (id = 7480430)

for: distinct_ranges
table 1 : explain SELECT DISTINCT c FROM sbtest1 WHERE id BETWEEN 7136245 AND 7137244 ORDER BY c
	Unique  (cost=4237.65..4243.08 rows=1086 width=121)
	  ->  Sort  (cost=4237.65..4240.36 rows=1086 width=121)
	        Sort Key: c
	        ->  Bitmap Heap Scan on sbtest1  (cost=23.57..4182.89 rows=1086 width=121)
	              Recheck Cond: ((id >= 7136245) AND (id <= 7137244))
	              ->  Bitmap Index Scan on sbtest1_pkey  (cost=0.00..23.29 rows=1086 width=0)
	                    Index Cond: ((id >= 7136245) AND (id <= 7137244))

table 2 : explain SELECT DISTINCT c FROM sbtest2 WHERE id BETWEEN 7268401 AND 7269400 ORDER BY c
	Unique  (cost=4136.02..4141.31 rows=1059 width=121)
	  ->  Sort  (cost=4136.02..4138.67 rows=1059 width=121)
	        Sort Key: c
	        ->  Bitmap Heap Scan on sbtest2  (cost=23.29..4082.81 rows=1059 width=121)
	              Recheck Cond: ((id >= 7268401) AND (id <= 7269400))
	              ->  Bitmap Index Scan on sbtest2_pkey  (cost=0.00..23.02 rows=1059 width=0)
	                    Index Cond: ((id >= 7268401) AND (id <= 7269400))

table 3 : explain SELECT DISTINCT c FROM sbtest3 WHERE id BETWEEN 5767415 AND 5768414 ORDER BY c
	Unique  (cost=3750.08..3754.87 rows=958 width=121)
	  ->  Sort  (cost=3750.08..3752.48 rows=958 width=121)
	        Sort Key: c
	        ->  Bitmap Heap Scan on sbtest3  (cost=22.25..3702.64 rows=958 width=121)
	              Recheck Cond: ((id >= 5767415) AND (id <= 5768414))
	              ->  Bitmap Index Scan on sbtest3_pkey  (cost=0.00..22.01 rows=958 width=0)
	                    Index Cond: ((id >= 5767415) AND (id <= 5768414))

table 4 : explain SELECT DISTINCT c FROM sbtest4 WHERE id BETWEEN 7733440 AND 7734439 ORDER BY c
	Unique  (cost=3843.02..3847.93 rows=982 width=121)
	  ->  Sort  (cost=3843.02..3845.48 rows=982 width=121)
	        Sort Key: c
	        ->  Bitmap Heap Scan on sbtest4  (cost=22.50..3794.22 rows=982 width=121)
	              Recheck Cond: ((id >= 7733440) AND (id <= 7734439))
	              ->  Bitmap Index Scan on sbtest4_pkey  (cost=0.00..22.25 rows=982 width=0)
	                    Index Cond: ((id >= 7733440) AND (id <= 7734439))

table 5 : explain SELECT DISTINCT c FROM sbtest5 WHERE id BETWEEN 9143416 AND 9144415 ORDER BY c
	Unique  (cost=3996.02..4001.13 rows=1022 width=121)
	  ->  Sort  (cost=3996.02..3998.58 rows=1022 width=121)
	        Sort Key: c
	        ->  Bitmap Heap Scan on sbtest5  (cost=22.91..3944.94 rows=1022 width=121)
	              Recheck Cond: ((id >= 9143416) AND (id <= 9144415))
	              ->  Bitmap Index Scan on sbtest5_pkey  (cost=0.00..22.65 rows=1022 width=0)
	                    Index Cond: ((id >= 9143416) AND (id <= 9144415))

table 6 : explain SELECT DISTINCT c FROM sbtest6 WHERE id BETWEEN 1891978 AND 1892977 ORDER BY c
	Unique  (cost=4408.46..4414.11 rows=1130 width=121)
	  ->  Sort  (cost=4408.46..4411.29 rows=1130 width=121)
	        Sort Key: c
	        ->  Bitmap Heap Scan on sbtest6  (cost=28.02..4351.16 rows=1130 width=121)
	              Recheck Cond: ((id >= 1891978) AND (id <= 1892977))
	              ->  Bitmap Index Scan on sbtest6_pkey  (cost=0.00..27.73 rows=1130 width=0)
	                    Index Cond: ((id >= 1891978) AND (id <= 1892977))

table 7 : explain SELECT DISTINCT c FROM sbtest7 WHERE id BETWEEN 3717674 AND 3718673 ORDER BY c
	Unique  (cost=3824.95..3829.84 rows=977 width=121)
	  ->  Sort  (cost=3824.95..3827.40 rows=977 width=121)
	        Sort Key: c
	        ->  Bitmap Heap Scan on sbtest7  (cost=22.45..3776.44 rows=977 width=121)
	              Recheck Cond: ((id >= 3717674) AND (id <= 3718673))
	              ->  Bitmap Index Scan on sbtest7_pkey  (cost=0.00..22.20 rows=977 width=0)
	                    Index Cond: ((id >= 3717674) AND (id <= 3718673))

table 8 : explain SELECT DISTINCT c FROM sbtest8 WHERE id BETWEEN 6317517 AND 6318516 ORDER BY c
	Unique  (cost=4000.92..4006.04 rows=1023 width=121)
	  ->  Sort  (cost=4000.92..4003.48 rows=1023 width=121)
	        Sort Key: c
	        ->  Bitmap Heap Scan on sbtest8  (cost=22.92..3949.78 rows=1023 width=121)
	              Recheck Cond: ((id >= 6317517) AND (id <= 6318516))
	              ->  Bitmap Index Scan on sbtest8_pkey  (cost=0.00..22.66 rows=1023 width=0)
	                    Index Cond: ((id >= 6317517) AND (id <= 6318516))

for: simple_ranges
table 1 : explain SELECT c FROM sbtest1 WHERE id BETWEEN 3523390 AND 3524389
	Bitmap Heap Scan on sbtest1  (cost=21.99..3603.41 rows=932 width=121)
	  Recheck Cond: ((id >= 3523390) AND (id <= 3524389))
	  ->  Bitmap Index Scan on sbtest1_pkey  (cost=0.00..21.75 rows=932 width=0)
	        Index Cond: ((id >= 3523390) AND (id <= 3524389))

table 2 : explain SELECT c FROM sbtest2 WHERE id BETWEEN 3722390 AND 3723389
	Bitmap Heap Scan on sbtest2  (cost=22.02..3615.80 rows=935 width=121)
	  Recheck Cond: ((id >= 3722390) AND (id <= 3723389))
	  ->  Bitmap Index Scan on sbtest2_pkey  (cost=0.00..21.79 rows=935 width=0)
	        Index Cond: ((id >= 3722390) AND (id <= 3723389))

table 3 : explain SELECT c FROM sbtest3 WHERE id BETWEEN 2752853 AND 2753852
	Bitmap Heap Scan on sbtest3  (cost=22.48..3785.58 rows=980 width=121)
	  Recheck Cond: ((id >= 2752853) AND (id <= 2753852))
	  ->  Bitmap Index Scan on sbtest3_pkey  (cost=0.00..22.23 rows=980 width=0)
	        Index Cond: ((id >= 2752853) AND (id <= 2753852))

table 4 : explain SELECT c FROM sbtest4 WHERE id BETWEEN 97361 AND 98360
	Bitmap Heap Scan on sbtest4  (cost=22.86..3926.09 rows=1017 width=121)
	  Recheck Cond: ((id >= 97361) AND (id <= 98360))
	  ->  Bitmap Index Scan on sbtest4_pkey  (cost=0.00..22.61 rows=1017 width=0)
	        Index Cond: ((id >= 97361) AND (id <= 98360))

table 5 : explain SELECT c FROM sbtest5 WHERE id BETWEEN 1854805 AND 1855804
	Bitmap Heap Scan on sbtest5  (cost=22.41..3760.31 rows=973 width=121)
	  Recheck Cond: ((id >= 1854805) AND (id <= 1855804))
	  ->  Bitmap Index Scan on sbtest5_pkey  (cost=0.00..22.16 rows=973 width=0)
	        Index Cond: ((id >= 1854805) AND (id <= 1855804))

table 6 : explain SELECT c FROM sbtest6 WHERE id BETWEEN 4516623 AND 4517622
	Bitmap Heap Scan on sbtest6  (cost=23.30..4087.98 rows=1060 width=121)
	  Recheck Cond: ((id >= 4516623) AND (id <= 4517622))
	  ->  Bitmap Index Scan on sbtest6_pkey  (cost=0.00..23.04 rows=1060 width=0)
	        Index Cond: ((id >= 4516623) AND (id <= 4517622))

table 7 : explain SELECT c FROM sbtest7 WHERE id BETWEEN 4092821 AND 4093820
	Bitmap Heap Scan on sbtest7  (cost=27.80..4277.26 rows=1109 width=121)
	  Recheck Cond: ((id >= 4092821) AND (id <= 4093820))
	  ->  Bitmap Index Scan on sbtest7_pkey  (cost=0.00..27.52 rows=1109 width=0)
	        Index Cond: ((id >= 4092821) AND (id <= 4093820))

table 8 : explain SELECT c FROM sbtest8 WHERE id BETWEEN 174382 AND 175381
	Bitmap Heap Scan on sbtest8  (cost=21.25..3334.16 rows=860 width=121)
	  Recheck Cond: ((id >= 174382) AND (id <= 175381))
	  ->  Bitmap Index Scan on sbtest8_pkey  (cost=0.00..21.04 rows=860 width=0)
	        Index Cond: ((id >= 174382) AND (id <= 175381))

for: distinct_ranges
table 1 : explain SELECT DISTINCT c FROM sbtest1 WHERE id BETWEEN 8080931 AND 8081930 ORDER BY c
	Unique  (cost=4245.27..4250.71 rows=1088 width=121)
	  ->  Sort  (cost=4245.27..4247.99 rows=1088 width=121)
	        Sort Key: c
	        ->  Bitmap Heap Scan on sbtest1  (cost=23.59..4190.39 rows=1088 width=121)
	              Recheck Cond: ((id >= 8080931) AND (id <= 8081930))
	              ->  Bitmap Index Scan on sbtest1_pkey  (cost=0.00..23.32 rows=1088 width=0)
	                    Index Cond: ((id >= 8080931) AND (id <= 8081930))

table 2 : explain SELECT DISTINCT c FROM sbtest2 WHERE id BETWEEN 9618120 AND 9619119 ORDER BY c
	Unique  (cost=4223.75..4229.16 rows=1082 width=121)
	  ->  Sort  (cost=4223.75..4226.45 rows=1082 width=121)
	        Sort Key: c
	        ->  Bitmap Heap Scan on sbtest2  (cost=23.53..4169.22 rows=1082 width=121)
	              Recheck Cond: ((id >= 9618120) AND (id <= 9619119))
	              ->  Bitmap Index Scan on sbtest2_pkey  (cost=0.00..23.25 rows=1082 width=0)
	                    Index Cond: ((id >= 9618120) AND (id <= 9619119))

table 3 : explain SELECT DISTINCT c FROM sbtest3 WHERE id BETWEEN 4733941 AND 4734940 ORDER BY c
	Unique  (cost=4078.84..4084.06 rows=1044 width=121)
	  ->  Sort  (cost=4078.84..4081.45 rows=1044 width=121)
	        Sort Key: c
	        ->  Bitmap Heap Scan on sbtest3  (cost=23.14..4026.50 rows=1044 width=121)
	              Recheck Cond: ((id >= 4733941) AND (id <= 4734940))
	              ->  Bitmap Index Scan on sbtest3_pkey  (cost=0.00..22.87 rows=1044 width=0)
	                    Index Cond: ((id >= 4733941) AND (id <= 4734940))

table 4 : explain SELECT DISTINCT c FROM sbtest4 WHERE id BETWEEN 296356 AND 297355 ORDER BY c
	Unique  (cost=4022.75..4027.89 rows=1029 width=121)
	  ->  Sort  (cost=4022.75..4025.32 rows=1029 width=121)
	        Sort Key: c
	        ->  Bitmap Heap Scan on sbtest4  (cost=22.98..3971.26 rows=1029 width=121)
	              Recheck Cond: ((id >= 296356) AND (id <= 297355))
	              ->  Bitmap Index Scan on sbtest4_pkey  (cost=0.00..22.72 rows=1029 width=0)
	                    Index Cond: ((id >= 296356) AND (id <= 297355))

table 5 : explain SELECT DISTINCT c FROM sbtest5 WHERE id BETWEEN 4858461 AND 4859460 ORDER BY c
	Unique  (cost=3877.48..3882.44 rows=991 width=121)
	  ->  Sort  (cost=3877.48..3879.96 rows=991 width=121)
	        Sort Key: c
	        ->  Bitmap Heap Scan on sbtest5  (cost=22.59..3828.17 rows=991 width=121)
	              Recheck Cond: ((id >= 4858461) AND (id <= 4859460))
	              ->  Bitmap Index Scan on sbtest5_pkey  (cost=0.00..22.34 rows=991 width=0)
	                    Index Cond: ((id >= 4858461) AND (id <= 4859460))

table 6 : explain SELECT DISTINCT c FROM sbtest6 WHERE id BETWEEN 997100 AND 998099 ORDER BY c
	Unique  (cost=4240.47..4245.90 rows=1086 width=121)
	  ->  Sort  (cost=4240.47..4243.18 rows=1086 width=121)
	        Sort Key: c
	        ->  Bitmap Heap Scan on sbtest6  (cost=23.57..4185.70 rows=1086 width=121)
	              Recheck Cond: ((id >= 997100) AND (id <= 998099))
	              ->  Bitmap Index Scan on sbtest6_pkey  (cost=0.00..23.29 rows=1086 width=0)
	                    Index Cond: ((id >= 997100) AND (id <= 998099))

table 7 : explain SELECT DISTINCT c FROM sbtest7 WHERE id BETWEEN 5565308 AND 5566307 ORDER BY c
	Unique  (cost=3283.81..3287.99 rows=836 width=121)
	  ->  Sort  (cost=3283.81..3285.90 rows=836 width=121)
	        Sort Key: c
	        ->  Bitmap Heap Scan on sbtest7  (cost=21.00..3243.24 rows=836 width=121)
	              Recheck Cond: ((id >= 5565308) AND (id <= 5566307))
	              ->  Bitmap Index Scan on sbtest7_pkey  (cost=0.00..20.79 rows=836 width=0)
	                    Index Cond: ((id >= 5565308) AND (id <= 5566307))

table 8 : explain SELECT DISTINCT c FROM sbtest8 WHERE id BETWEEN 6561156 AND 6562155 ORDER BY c
	Unique  (cost=3752.15..3756.94 rows=958 width=121)
	  ->  Sort  (cost=3752.15..3754.54 rows=958 width=121)
	        Sort Key: c
	        ->  Bitmap Heap Scan on sbtest8  (cost=22.25..3704.71 rows=958 width=121)
	              Recheck Cond: ((id >= 6561156) AND (id <= 6562155))
	              ->  Bitmap Index Scan on sbtest8_pkey  (cost=0.00..22.01 rows=958 width=0)
	                    Index Cond: ((id >= 6561156) AND (id <= 6562155))

for: simple_ranges
table 1 : explain SELECT c FROM sbtest1 WHERE id BETWEEN 1983935 AND 1984934
	Bitmap Heap Scan on sbtest1  (cost=22.23..3693.92 rows=956 width=121)
	  Recheck Cond: ((id >= 1983935) AND (id <= 1984934))
	  ->  Bitmap Index Scan on sbtest1_pkey  (cost=0.00..22.00 rows=956 width=0)
	        Index Cond: ((id >= 1983935) AND (id <= 1984934))

table 2 : explain SELECT c FROM sbtest2 WHERE id BETWEEN 5238500 AND 5239499
	Bitmap Heap Scan on sbtest2  (cost=22.74..3879.68 rows=1005 width=121)
	  Recheck Cond: ((id >= 5238500) AND (id <= 5239499))
	  ->  Bitmap Index Scan on sbtest2_pkey  (cost=0.00..22.48 rows=1005 width=0)
	        Index Cond: ((id >= 5238500) AND (id <= 5239499))

table 3 : explain SELECT c FROM sbtest3 WHERE id BETWEEN 9401096 AND 9402095
	Bitmap Heap Scan on sbtest3  (cost=22.80..3902.34 rows=1011 width=121)
	  Recheck Cond: ((id >= 9401096) AND (id <= 9402095))
	  ->  Bitmap Index Scan on sbtest3_pkey  (cost=0.00..22.54 rows=1011 width=0)
	        Index Cond: ((id >= 9401096) AND (id <= 9402095))

table 4 : explain SELECT c FROM sbtest4 WHERE id BETWEEN 6066603 AND 6067602
	Bitmap Heap Scan on sbtest4  (cost=22.48..3786.68 rows=980 width=121)
	  Recheck Cond: ((id >= 6066603) AND (id <= 6067602))
	  ->  Bitmap Index Scan on sbtest4_pkey  (cost=0.00..22.23 rows=980 width=0)
	        Index Cond: ((id >= 6066603) AND (id <= 6067602))

table 5 : explain SELECT c FROM sbtest5 WHERE id BETWEEN 1131634 AND 1132633
	Bitmap Heap Scan on sbtest5  (cost=22.70..3865.85 rows=1001 width=121)
	  Recheck Cond: ((id >= 1131634) AND (id <= 1132633))
	  ->  Bitmap Index Scan on sbtest5_pkey  (cost=0.00..22.44 rows=1001 width=0)
	        Index Cond: ((id >= 1131634) AND (id <= 1132633))

table 6 : explain SELECT c FROM sbtest6 WHERE id BETWEEN 6258736 AND 6259735
	Bitmap Heap Scan on sbtest6  (cost=22.10..3647.18 rows=943 width=121)
	  Recheck Cond: ((id >= 6258736) AND (id <= 6259735))
	  ->  Bitmap Index Scan on sbtest6_pkey  (cost=0.00..21.86 rows=943 width=0)
	        Index Cond: ((id >= 6258736) AND (id <= 6259735))

table 7 : explain SELECT c FROM sbtest7 WHERE id BETWEEN 4958466 AND 4959465
	Bitmap Heap Scan on sbtest7  (cost=23.06..4002.53 rows=1037 width=121)
	  Recheck Cond: ((id >= 4958466) AND (id <= 4959465))
	  ->  Bitmap Index Scan on sbtest7_pkey  (cost=0.00..22.80 rows=1037 width=0)
	        Index Cond: ((id >= 4958466) AND (id <= 4959465))

table 8 : explain SELECT c FROM sbtest8 WHERE id BETWEEN 8712099 AND 8713098
	Bitmap Heap Scan on sbtest8  (cost=22.33..3731.13 rows=965 width=121)
	  Recheck Cond: ((id >= 8712099) AND (id <= 8713098))
	  ->  Bitmap Index Scan on sbtest8_pkey  (cost=0.00..22.08 rows=965 width=0)
	        Index Cond: ((id >= 8712099) AND (id <= 8713098))

for point_selects
table 1 : explain SELECT c FROM sbtest1 WHERE id=3451810
	Index Scan using sbtest1_pkey on sbtest1  (cost=0.43..8.45 rows=1 width=121)
	  Index Cond: (id = 3451810)

table 2 : explain SELECT c FROM sbtest2 WHERE id=3339589
	Index Scan using sbtest2_pkey on sbtest2  (cost=0.43..8.45 rows=1 width=121)
	  Index Cond: (id = 3339589)

table 3 : explain SELECT c FROM sbtest3 WHERE id=6736790
	Index Scan using sbtest3_pkey on sbtest3  (cost=0.43..8.45 rows=1 width=121)
	  Index Cond: (id = 6736790)

table 4 : explain SELECT c FROM sbtest4 WHERE id=4031093
	Index Scan using sbtest4_pkey on sbtest4  (cost=0.43..8.45 rows=1 width=121)
	  Index Cond: (id = 4031093)

table 5 : explain SELECT c FROM sbtest5 WHERE id=2658721
	Index Scan using sbtest5_pkey on sbtest5  (cost=0.43..8.45 rows=1 width=121)
	  Index Cond: (id = 2658721)

table 6 : explain SELECT c FROM sbtest6 WHERE id=5997963
	Index Scan using sbtest6_pkey on sbtest6  (cost=0.43..8.45 rows=1 width=121)
	  Index Cond: (id = 5997963)

table 7 : explain SELECT c FROM sbtest7 WHERE id=7326896
	Index Scan using sbtest7_pkey on sbtest7  (cost=0.43..8.45 rows=1 width=121)
	  Index Cond: (id = 7326896)

table 8 : explain SELECT c FROM sbtest8 WHERE id=1458699
	Index Scan using sbtest8_pkey on sbtest8  (cost=0.43..8.45 rows=1 width=121)
	  Index Cond: (id = 1458699)

for point_selects
table 1 : explain SELECT c FROM sbtest1 WHERE id=9292670
	Index Scan using sbtest1_pkey on sbtest1  (cost=0.43..8.45 rows=1 width=121)
	  Index Cond: (id = 9292670)

table 2 : explain SELECT c FROM sbtest2 WHERE id=2655231
	Index Scan using sbtest2_pkey on sbtest2  (cost=0.43..8.45 rows=1 width=121)
	  Index Cond: (id = 2655231)

table 3 : explain SELECT c FROM sbtest3 WHERE id=5091667
	Index Scan using sbtest3_pkey on sbtest3  (cost=0.43..8.45 rows=1 width=121)
	  Index Cond: (id = 5091667)

table 4 : explain SELECT c FROM sbtest4 WHERE id=3304450
	Index Scan using sbtest4_pkey on sbtest4  (cost=0.43..8.45 rows=1 width=121)
	  Index Cond: (id = 3304450)

table 5 : explain SELECT c FROM sbtest5 WHERE id=5960947
	Index Scan using sbtest5_pkey on sbtest5  (cost=0.43..8.45 rows=1 width=121)
	  Index Cond: (id = 5960947)

table 6 : explain SELECT c FROM sbtest6 WHERE id=4916147
	Index Scan using sbtest6_pkey on sbtest6  (cost=0.43..8.45 rows=1 width=121)
	  Index Cond: (id = 4916147)

table 7 : explain SELECT c FROM sbtest7 WHERE id=4315025
	Index Scan using sbtest7_pkey on sbtest7  (cost=0.43..8.45 rows=1 width=121)
	  Index Cond: (id = 4315025)

table 8 : explain SELECT c FROM sbtest8 WHERE id=3097280
	Index Scan using sbtest8_pkey on sbtest8  (cost=0.43..8.45 rows=1 width=121)
	  Index Cond: (id = 3097280)

for: simple_ranges
table 1 : explain SELECT c FROM sbtest1 WHERE id BETWEEN 870125 AND 871124
	Bitmap Heap Scan on sbtest1  (cost=23.16..4032.67 rows=1046 width=121)
	  Recheck Cond: ((id >= 870125) AND (id <= 871124))
	  ->  Bitmap Index Scan on sbtest1_pkey  (cost=0.00..22.89 rows=1046 width=0)
	        Index Cond: ((id >= 870125) AND (id <= 871124))

table 2 : explain SELECT c FROM sbtest2 WHERE id BETWEEN 6694715 AND 6695714
	Bitmap Heap Scan on sbtest2  (cost=23.01..3981.29 rows=1032 width=121)
	  Recheck Cond: ((id >= 6694715) AND (id <= 6695714))
	  ->  Bitmap Index Scan on sbtest2_pkey  (cost=0.00..22.75 rows=1032 width=0)
	        Index Cond: ((id >= 6694715) AND (id <= 6695714))

table 3 : explain SELECT c FROM sbtest3 WHERE id BETWEEN 1046058 AND 1047057
	Bitmap Heap Scan on sbtest3  (cost=23.13..4022.74 rows=1043 width=121)
	  Recheck Cond: ((id >= 1046058) AND (id <= 1047057))
	  ->  Bitmap Index Scan on sbtest3_pkey  (cost=0.00..22.86 rows=1043 width=0)
	        Index Cond: ((id >= 1046058) AND (id <= 1047057))

table 4 : explain SELECT c FROM sbtest4 WHERE id BETWEEN 3621683 AND 3622682
	Bitmap Heap Scan on sbtest4  (cost=22.96..3963.73 rows=1027 width=121)
	  Recheck Cond: ((id >= 3621683) AND (id <= 3622682))
	  ->  Bitmap Index Scan on sbtest4_pkey  (cost=0.00..22.70 rows=1027 width=0)
	        Index Cond: ((id >= 3621683) AND (id <= 3622682))

table 5 : explain SELECT c FROM sbtest5 WHERE id BETWEEN 4149299 AND 4150298
	Bitmap Heap Scan on sbtest5  (cost=22.60..3831.94 rows=992 width=121)
	  Recheck Cond: ((id >= 4149299) AND (id <= 4150298))
	  ->  Bitmap Index Scan on sbtest5_pkey  (cost=0.00..22.36 rows=992 width=0)
	        Index Cond: ((id >= 4149299) AND (id <= 4150298))

table 6 : explain SELECT c FROM sbtest6 WHERE id BETWEEN 9686047 AND 9687046
	Bitmap Heap Scan on sbtest6  (cost=22.43..3767.92 rows=975 width=121)
	  Recheck Cond: ((id >= 9686047) AND (id <= 9687046))
	  ->  Bitmap Index Scan on sbtest6_pkey  (cost=0.00..22.18 rows=975 width=0)
	        Index Cond: ((id >= 9686047) AND (id <= 9687046))

table 7 : explain SELECT c FROM sbtest7 WHERE id BETWEEN 8164521 AND 8165520
	Bitmap Heap Scan on sbtest7  (cost=23.34..4104.13 rows=1064 width=121)
	  Recheck Cond: ((id >= 8164521) AND (id <= 8165520))
	  ->  Bitmap Index Scan on sbtest7_pkey  (cost=0.00..23.07 rows=1064 width=0)
	        Index Cond: ((id >= 8164521) AND (id <= 8165520))

table 8 : explain SELECT c FROM sbtest8 WHERE id BETWEEN 7853368 AND 7854367
	Bitmap Heap Scan on sbtest8  (cost=22.31..3723.58 rows=963 width=121)
	  Recheck Cond: ((id >= 7853368) AND (id <= 7854367))
	  ->  Bitmap Index Scan on sbtest8_pkey  (cost=0.00..22.07 rows=963 width=0)
	        Index Cond: ((id >= 7853368) AND (id <= 7854367))

explain: for point_selects :: explain SELECT c FROM sbtest%u WHERE id=%u
for: sum_ranges
table 1 : explain SELECT SUM(k) FROM sbtest1 WHERE id BETWEEN 8411499 AND 8412498
	Aggregate  (cost=3877.23..3877.24 rows=1 width=8)
	  ->  Bitmap Heap Scan on sbtest1  (cost=22.73..3874.72 rows=1004 width=4)
	        Recheck Cond: ((id >= 8411499) AND (id <= 8412498))
	        ->  Bitmap Index Scan on sbtest1_pkey  (cost=0.00..22.47 rows=1004 width=0)
	              Index Cond: ((id >= 8411499) AND (id <= 8412498))

table 2 : explain SELECT SUM(k) FROM sbtest2 WHERE id BETWEEN 7027887 AND 7028886
	Aggregate  (cost=3402.64..3402.65 rows=1 width=8)
	  ->  Bitmap Heap Scan on sbtest2  (cost=21.43..3400.45 rows=878 width=4)
	        Recheck Cond: ((id >= 7027887) AND (id <= 7028886))
	        ->  Bitmap Index Scan on sbtest2_pkey  (cost=0.00..21.21 rows=878 width=0)
	              Index Cond: ((id >= 7027887) AND (id <= 7028886))

table 3 : explain SELECT SUM(k) FROM sbtest3 WHERE id BETWEEN 3602210 AND 3603209
	Aggregate  (cost=3931.23..3931.24 rows=1 width=8)
	  ->  Bitmap Heap Scan on sbtest3  (cost=22.87..3928.69 rows=1018 width=4)
	        Recheck Cond: ((id >= 3602210) AND (id <= 3603209))
	        ->  Bitmap Index Scan on sbtest3_pkey  (cost=0.00..22.61 rows=1018 width=0)
	              Index Cond: ((id >= 3602210) AND (id <= 3603209))

table 4 : explain SELECT SUM(k) FROM sbtest4 WHERE id BETWEEN 5004771 AND 5005770
	Aggregate  (cost=4226.14..4226.15 rows=1 width=8)
	  ->  Bitmap Heap Scan on sbtest4  (cost=27.66..4223.40 rows=1095 width=4)
	        Recheck Cond: ((id >= 5004771) AND (id <= 5005770))
	        ->  Bitmap Index Scan on sbtest4_pkey  (cost=0.00..27.39 rows=1095 width=0)
	              Index Cond: ((id >= 5004771) AND (id <= 5005770))

table 5 : explain SELECT SUM(k) FROM sbtest5 WHERE id BETWEEN 5231398 AND 5232397
	Aggregate  (cost=3611.69..3611.70 rows=1 width=8)
	  ->  Bitmap Heap Scan on sbtest5  (cost=22.00..3609.36 rows=933 width=4)
	        Recheck Cond: ((id >= 5231398) AND (id <= 5232397))
	        ->  Bitmap Index Scan on sbtest5_pkey  (cost=0.00..21.76 rows=933 width=0)
	              Index Cond: ((id >= 5231398) AND (id <= 5232397))

table 6 : explain SELECT SUM(k) FROM sbtest6 WHERE id BETWEEN 8040960 AND 8041959
	Aggregate  (cost=3509.68..3509.69 rows=1 width=8)
	  ->  Bitmap Heap Scan on sbtest6  (cost=21.72..3507.41 rows=906 width=4)
	        Recheck Cond: ((id >= 8040960) AND (id <= 8041959))
	        ->  Bitmap Index Scan on sbtest6_pkey  (cost=0.00..21.50 rows=906 width=0)
	              Index Cond: ((id >= 8040960) AND (id <= 8041959))

table 7 : explain SELECT SUM(k) FROM sbtest7 WHERE id BETWEEN 5276735 AND 5277734
	Aggregate  (cost=3835.48..3835.49 rows=1 width=8)
	  ->  Bitmap Heap Scan on sbtest7  (cost=22.60..3833.00 rows=992 width=4)
	        Recheck Cond: ((id >= 5276735) AND (id <= 5277734))
	        ->  Bitmap Index Scan on sbtest7_pkey  (cost=0.00..22.36 rows=992 width=0)
	              Index Cond: ((id >= 5276735) AND (id <= 5277734))

table 8 : explain SELECT SUM(k) FROM sbtest8 WHERE id BETWEEN 6325449 AND 6326448
	Aggregate  (cost=3952.34..3952.35 rows=1 width=8)
	  ->  Bitmap Heap Scan on sbtest8  (cost=22.92..3949.78 rows=1023 width=4)
	        Recheck Cond: ((id >= 6325449) AND (id <= 6326448))
	        ->  Bitmap Index Scan on sbtest8_pkey  (cost=0.00..22.66 rows=1023 width=0)
	              Index Cond: ((id >= 6325449) AND (id <= 6326448))

explain: for point_selects :: explain SELECT c FROM sbtest%u WHERE id=%u
for: sum_ranges
table 1 : explain SELECT SUM(k) FROM sbtest1 WHERE id BETWEEN 6909811 AND 6910810
	Aggregate  (cost=4422.23..4422.24 rows=1 width=8)
	  ->  Bitmap Heap Scan on sbtest1  (cost=28.21..4419.36 rows=1149 width=4)
	        Recheck Cond: ((id >= 6909811) AND (id <= 6910810))
	        ->  Bitmap Index Scan on sbtest1_pkey  (cost=0.00..27.93 rows=1149 width=0)
	              Index Cond: ((id >= 6909811) AND (id <= 6910810))

table 2 : explain SELECT SUM(k) FROM sbtest2 WHERE id BETWEEN 1066128 AND 1067127
	Aggregate  (cost=3844.51..3844.52 rows=1 width=8)
	  ->  Bitmap Heap Scan on sbtest2  (cost=22.63..3842.03 rows=995 width=4)
	        Recheck Cond: ((id >= 1066128) AND (id <= 1067127))
	        ->  Bitmap Index Scan on sbtest2_pkey  (cost=0.00..22.39 rows=995 width=0)
	              Index Cond: ((id >= 1066128) AND (id <= 1067127))

table 3 : explain SELECT SUM(k) FROM sbtest3 WHERE id BETWEEN 4062184 AND 4063183
	Aggregate  (cost=3682.39..3682.40 rows=1 width=8)
	  ->  Bitmap Heap Scan on sbtest3  (cost=22.19..3680.01 rows=952 width=4)
	        Recheck Cond: ((id >= 4062184) AND (id <= 4063183))
	        ->  Bitmap Index Scan on sbtest3_pkey  (cost=0.00..21.95 rows=952 width=0)
	              Index Cond: ((id >= 4062184) AND (id <= 4063183))

table 4 : explain SELECT SUM(k) FROM sbtest4 WHERE id BETWEEN 4025418 AND 4026417
	Aggregate  (cost=4518.93..4518.94 rows=1 width=8)
	  ->  Bitmap Heap Scan on sbtest4  (cost=28.47..4515.99 rows=1174 width=4)
	        Recheck Cond: ((id >= 4025418) AND (id <= 4026417))
	        ->  Bitmap Index Scan on sbtest4_pkey  (cost=0.00..28.18 rows=1174 width=0)
	              Index Cond: ((id >= 4025418) AND (id <= 4026417))

table 5 : explain SELECT SUM(k) FROM sbtest5 WHERE id BETWEEN 6502181 AND 6503180
	Aggregate  (cost=3604.14..3604.15 rows=1 width=8)
	  ->  Bitmap Heap Scan on sbtest5  (cost=21.98..3601.81 rows=931 width=4)
	        Recheck Cond: ((id >= 6502181) AND (id <= 6503180))
	        ->  Bitmap Index Scan on sbtest5_pkey  (cost=0.00..21.75 rows=931 width=0)
	              Index Cond: ((id >= 6502181) AND (id <= 6503180))

table 6 : explain SELECT SUM(k) FROM sbtest6 WHERE id BETWEEN 2007143 AND 2008142
	Aggregate  (cost=3683.53..3683.54 rows=1 width=8)
	  ->  Bitmap Heap Scan on sbtest6  (cost=22.19..3681.15 rows=952 width=4)
	        Recheck Cond: ((id >= 2007143) AND (id <= 2008142))
	        ->  Bitmap Index Scan on sbtest6_pkey  (cost=0.00..21.95 rows=952 width=0)
	              Index Cond: ((id >= 2007143) AND (id <= 2008142))

table 7 : explain SELECT SUM(k) FROM sbtest7 WHERE id BETWEEN 8751360 AND 8752359
	Aggregate  (cost=3385.60..3385.61 rows=1 width=8)
	  ->  Bitmap Heap Scan on sbtest7  (cost=21.38..3383.42 rows=873 width=4)
	        Recheck Cond: ((id >= 8751360) AND (id <= 8752359))
	        ->  Bitmap Index Scan on sbtest7_pkey  (cost=0.00..21.16 rows=873 width=0)
	              Index Cond: ((id >= 8751360) AND (id <= 8752359))

table 8 : explain SELECT SUM(k) FROM sbtest8 WHERE id BETWEEN 8936964 AND 8937963
	Aggregate  (cost=3578.60..3578.61 rows=1 width=8)
	  ->  Bitmap Heap Scan on sbtest8  (cost=21.91..3576.29 rows=924 width=4)
	        Recheck Cond: ((id >= 8936964) AND (id <= 8937963))
	        ->  Bitmap Index Scan on sbtest8_pkey  (cost=0.00..21.68 rows=924 width=0)
	              Index Cond: ((id >= 8936964) AND (id <= 8937963))

for: simple_ranges
table 1 : explain SELECT c FROM sbtest1 WHERE id BETWEEN 1100712 AND 1101711
	Bitmap Heap Scan on sbtest1  (cost=23.32..4092.78 rows=1062 width=121)
	  Recheck Cond: ((id >= 1100712) AND (id <= 1101711))
	  ->  Bitmap Index Scan on sbtest1_pkey  (cost=0.00..23.05 rows=1062 width=0)
	        Index Cond: ((id >= 1100712) AND (id <= 1101711))

table 2 : explain SELECT c FROM sbtest2 WHERE id BETWEEN 1154731 AND 1155730
	Bitmap Heap Scan on sbtest2  (cost=22.53..3804.35 rows=985 width=121)
	  Recheck Cond: ((id >= 1154731) AND (id <= 1155730))
	  ->  Bitmap Index Scan on sbtest2_pkey  (cost=0.00..22.29 rows=985 width=0)
	        Index Cond: ((id >= 1154731) AND (id <= 1155730))

table 3 : explain SELECT c FROM sbtest3 WHERE id BETWEEN 8187133 AND 8188132
	Bitmap Heap Scan on sbtest3  (cost=22.53..3804.42 rows=985 width=121)
	  Recheck Cond: ((id >= 8187133) AND (id <= 8188132))
	  ->  Bitmap Index Scan on sbtest3_pkey  (cost=0.00..22.29 rows=985 width=0)
	        Index Cond: ((id >= 8187133) AND (id <= 8188132))

table 4 : explain SELECT c FROM sbtest4 WHERE id BETWEEN 1612381 AND 1613380
	Bitmap Heap Scan on sbtest4  (cost=22.65..3850.75 rows=997 width=121)
	  Recheck Cond: ((id >= 1612381) AND (id <= 1613380))
	  ->  Bitmap Index Scan on sbtest4_pkey  (cost=0.00..22.40 rows=997 width=0)
	        Index Cond: ((id >= 1612381) AND (id <= 1613380))

table 5 : explain SELECT c FROM sbtest5 WHERE id BETWEEN 7838224 AND 7839223
	Bitmap Heap Scan on sbtest5  (cost=22.80..3903.52 rows=1011 width=121)
	  Recheck Cond: ((id >= 7838224) AND (id <= 7839223))
	  ->  Bitmap Index Scan on sbtest5_pkey  (cost=0.00..22.54 rows=1011 width=0)
	        Index Cond: ((id >= 7838224) AND (id <= 7839223))

table 6 : explain SELECT c FROM sbtest6 WHERE id BETWEEN 443743 AND 444742
	Bitmap Heap Scan on sbtest6  (cost=21.57..3450.69 rows=891 width=121)
	  Recheck Cond: ((id >= 443743) AND (id <= 444742))
	  ->  Bitmap Index Scan on sbtest6_pkey  (cost=0.00..21.34 rows=891 width=0)
	        Index Cond: ((id >= 443743) AND (id <= 444742))

table 7 : explain SELECT c FROM sbtest7 WHERE id BETWEEN 4390327 AND 4391326
	Bitmap Heap Scan on sbtest7  (cost=22.96..3964.88 rows=1027 width=121)
	  Recheck Cond: ((id >= 4390327) AND (id <= 4391326))
	  ->  Bitmap Index Scan on sbtest7_pkey  (cost=0.00..22.70 rows=1027 width=0)
	        Index Cond: ((id >= 4390327) AND (id <= 4391326))

table 8 : explain SELECT c FROM sbtest8 WHERE id BETWEEN 7745209 AND 7746208
	Bitmap Heap Scan on sbtest8  (cost=21.85..3557.40 rows=919 width=121)
	  Recheck Cond: ((id >= 7745209) AND (id <= 7746208))
	  ->  Bitmap Index Scan on sbtest8_pkey  (cost=0.00..21.62 rows=919 width=0)
	        Index Cond: ((id >= 7745209) AND (id <= 7746208))

for: simple_ranges
table 1 : explain SELECT c FROM sbtest1 WHERE id BETWEEN 1757795 AND 1758794
	Bitmap Heap Scan on sbtest1  (cost=21.56..3444.82 rows=890 width=121)
	  Recheck Cond: ((id >= 1757795) AND (id <= 1758794))
	  ->  Bitmap Index Scan on sbtest1_pkey  (cost=0.00..21.33 rows=890 width=0)
	        Index Cond: ((id >= 1757795) AND (id <= 1758794))

table 2 : explain SELECT c FROM sbtest2 WHERE id BETWEEN 1801481 AND 1802480
	Bitmap Heap Scan on sbtest2  (cost=23.12..4018.90 rows=1042 width=121)
	  Recheck Cond: ((id >= 1801481) AND (id <= 1802480))
	  ->  Bitmap Index Scan on sbtest2_pkey  (cost=0.00..22.86 rows=1042 width=0)
	        Index Cond: ((id >= 1801481) AND (id <= 1802480))

table 3 : explain SELECT c FROM sbtest3 WHERE id BETWEEN 5295693 AND 5296692
	Bitmap Heap Scan on sbtest3  (cost=21.55..3442.10 rows=889 width=121)
	  Recheck Cond: ((id >= 5295693) AND (id <= 5296692))
	  ->  Bitmap Index Scan on sbtest3_pkey  (cost=0.00..21.32 rows=889 width=0)
	        Index Cond: ((id >= 5295693) AND (id <= 5296692))

table 4 : explain SELECT c FROM sbtest4 WHERE id BETWEEN 2895652 AND 2896651
	Bitmap Heap Scan on sbtest4  (cost=27.97..4332.29 rows=1125 width=121)
	  Recheck Cond: ((id >= 2895652) AND (id <= 2896651))
	  ->  Bitmap Index Scan on sbtest4_pkey  (cost=0.00..27.68 rows=1125 width=0)
	        Index Cond: ((id >= 2895652) AND (id <= 2896651))

table 5 : explain SELECT c FROM sbtest5 WHERE id BETWEEN 968022 AND 969021
	Bitmap Heap Scan on sbtest5  (cost=22.06..3632.02 rows=939 width=121)
	  Recheck Cond: ((id >= 968022) AND (id <= 969021))
	  ->  Bitmap Index Scan on sbtest5_pkey  (cost=0.00..21.82 rows=939 width=0)
	        Index Cond: ((id >= 968022) AND (id <= 969021))

table 6 : explain SELECT c FROM sbtest6 WHERE id BETWEEN 6313589 AND 6314588
	Bitmap Heap Scan on sbtest6  (cost=22.10..3647.18 rows=943 width=121)
	  Recheck Cond: ((id >= 6313589) AND (id <= 6314588))
	  ->  Bitmap Index Scan on sbtest6_pkey  (cost=0.00..21.86 rows=943 width=0)
	        Index Cond: ((id >= 6313589) AND (id <= 6314588))

table 7 : explain SELECT c FROM sbtest7 WHERE id BETWEEN 8915376 AND 8916375
	Bitmap Heap Scan on sbtest7  (cost=22.29..3716.06 rows=961 width=121)
	  Recheck Cond: ((id >= 8915376) AND (id <= 8916375))
	  ->  Bitmap Index Scan on sbtest7_pkey  (cost=0.00..22.04 rows=961 width=0)
	        Index Cond: ((id >= 8915376) AND (id <= 8916375))

table 8 : explain SELECT c FROM sbtest8 WHERE id BETWEEN 4990968 AND 4991967
	Bitmap Heap Scan on sbtest8  (cost=23.13..4025.08 rows=1043 width=121)
	  Recheck Cond: ((id >= 4990968) AND (id <= 4991967))
	  ->  Bitmap Index Scan on sbtest8_pkey  (cost=0.00..22.86 rows=1043 width=0)
	        Index Cond: ((id >= 4990968) AND (id <= 4991967))

for: sum_ranges
table 1 : explain SELECT SUM(k) FROM sbtest1 WHERE id BETWEEN 2098331 AND 2099330
	Aggregate  (cost=3628.39..3628.40 rows=1 width=8)
	  ->  Bitmap Heap Scan on sbtest1  (cost=22.05..3626.04 rows=938 width=4)
	        Recheck Cond: ((id >= 2098331) AND (id <= 2099330))
	        ->  Bitmap Index Scan on sbtest1_pkey  (cost=0.00..21.82 rows=938 width=0)
	              Index Cond: ((id >= 2098331) AND (id <= 2099330))

table 2 : explain SELECT SUM(k) FROM sbtest2 WHERE id BETWEEN 1962905 AND 1963904
	Aggregate  (cost=3818.13..3818.14 rows=1 width=8)
	  ->  Bitmap Heap Scan on sbtest2  (cost=22.56..3815.66 rows=988 width=4)
	        Recheck Cond: ((id >= 1962905) AND (id <= 1963904))
	        ->  Bitmap Index Scan on sbtest2_pkey  (cost=0.00..22.32 rows=988 width=0)
	              Index Cond: ((id >= 1962905) AND (id <= 1963904))

table 3 : explain SELECT SUM(k) FROM sbtest3 WHERE id BETWEEN 7629784 AND 7630783
	Aggregate  (cost=4138.17..4138.18 rows=1 width=8)
	  ->  Bitmap Heap Scan on sbtest3  (cost=23.43..4135.49 rows=1073 width=4)
	        Recheck Cond: ((id >= 7629784) AND (id <= 7630783))
	        ->  Bitmap Index Scan on sbtest3_pkey  (cost=0.00..23.16 rows=1073 width=0)
	              Index Cond: ((id >= 7629784) AND (id <= 7630783))

table 4 : explain SELECT SUM(k) FROM sbtest4 WHERE id BETWEEN 4704241 AND 4705240
	Aggregate  (cost=3687.22..3687.23 rows=1 width=8)
	  ->  Bitmap Heap Scan on sbtest4  (cost=22.20..3684.84 rows=953 width=4)
	        Recheck Cond: ((id >= 4704241) AND (id <= 4705240))
	        ->  Bitmap Index Scan on sbtest4_pkey  (cost=0.00..21.96 rows=953 width=0)
	              Index Cond: ((id >= 4704241) AND (id <= 4705240))

table 5 : explain SELECT SUM(k) FROM sbtest5 WHERE id BETWEEN 940559 AND 941558
	Aggregate  (cost=3634.36..3634.37 rows=1 width=8)
	  ->  Bitmap Heap Scan on sbtest5  (cost=22.06..3632.02 rows=939 width=4)
	        Recheck Cond: ((id >= 940559) AND (id <= 941558))
	        ->  Bitmap Index Scan on sbtest5_pkey  (cost=0.00..21.82 rows=939 width=0)
	              Index Cond: ((id >= 940559) AND (id <= 941558))

table 6 : explain SELECT SUM(k) FROM sbtest6 WHERE id BETWEEN 7408604 AND 7409603
	Aggregate  (cost=4226.25..4226.26 rows=1 width=8)
	  ->  Bitmap Heap Scan on sbtest6  (cost=27.66..4223.51 rows=1095 width=4)
	        Recheck Cond: ((id >= 7408604) AND (id <= 7409603))
	        ->  Bitmap Index Scan on sbtest6_pkey  (cost=0.00..27.39 rows=1095 width=0)
	              Index Cond: ((id >= 7408604) AND (id <= 7409603))

table 7 : explain SELECT SUM(k) FROM sbtest7 WHERE id BETWEEN 2803870 AND 2804869
	Aggregate  (cost=3620.23..3620.24 rows=1 width=8)
	  ->  Bitmap Heap Scan on sbtest7  (cost=22.02..3617.89 rows=935 width=4)
	        Recheck Cond: ((id >= 2803870) AND (id <= 2804869))
	        ->  Bitmap Index Scan on sbtest7_pkey  (cost=0.00..21.79 rows=935 width=0)
	              Index Cond: ((id >= 2803870) AND (id <= 2804869))

table 8 : explain SELECT SUM(k) FROM sbtest8 WHERE id BETWEEN 7916020 AND 7917019
	Aggregate  (cost=4321.35..4321.36 rows=1 width=8)
	  ->  Bitmap Heap Scan on sbtest8  (cost=27.93..4318.54 rows=1121 width=4)
	        Recheck Cond: ((id >= 7916020) AND (id <= 7917019))
	        ->  Bitmap Index Scan on sbtest8_pkey  (cost=0.00..27.64 rows=1121 width=0)
	              Index Cond: ((id >= 7916020) AND (id <= 7917019))

for: order_ranges
table 1 : explain SELECT c FROM sbtest1 WHERE id BETWEEN 1628954 AND 1629953 ORDER BY c
	Sort  (cost=3591.92..3594.21 rows=917 width=121)
	  Sort Key: c
	  ->  Bitmap Heap Scan on sbtest1  (cost=21.83..3546.80 rows=917 width=121)
	        Recheck Cond: ((id >= 1628954) AND (id <= 1629953))
	        ->  Bitmap Index Scan on sbtest1_pkey  (cost=0.00..21.61 rows=917 width=0)
	              Index Cond: ((id >= 1628954) AND (id <= 1629953))

table 2 : explain SELECT c FROM sbtest2 WHERE id BETWEEN 1619861 AND 1620860 ORDER BY c
	Sort  (cost=3922.15..3924.66 rows=1003 width=121)
	  Sort Key: c
	  ->  Bitmap Heap Scan on sbtest2  (cost=22.72..3872.15 rows=1003 width=121)
	        Recheck Cond: ((id >= 1619861) AND (id <= 1620860))
	        ->  Bitmap Index Scan on sbtest2_pkey  (cost=0.00..22.46 rows=1003 width=0)
	              Index Cond: ((id >= 1619861) AND (id <= 1620860))

table 3 : explain SELECT c FROM sbtest3 WHERE id BETWEEN 8634576 AND 8635575 ORDER BY c
	Sort  (cost=3838.10..3840.55 rows=981 width=121)
	  Sort Key: c
	  ->  Bitmap Heap Scan on sbtest3  (cost=22.49..3789.35 rows=981 width=121)
	        Recheck Cond: ((id >= 8634576) AND (id <= 8635575))
	        ->  Bitmap Index Scan on sbtest3_pkey  (cost=0.00..22.25 rows=981 width=0)
	              Index Cond: ((id >= 8634576) AND (id <= 8635575))

table 4 : explain SELECT c FROM sbtest4 WHERE id BETWEEN 1956052 AND 1957051 ORDER BY c
	Sort  (cost=3862.16..3864.62 rows=987 width=121)
	  Sort Key: c
	  ->  Bitmap Heap Scan on sbtest4  (cost=22.55..3813.07 rows=987 width=121)
	        Recheck Cond: ((id >= 1956052) AND (id <= 1957051))
	        ->  Bitmap Index Scan on sbtest4_pkey  (cost=0.00..22.30 rows=987 width=0)
	              Index Cond: ((id >= 1956052) AND (id <= 1957051))

table 5 : explain SELECT c FROM sbtest5 WHERE id BETWEEN 4020228 AND 4021227 ORDER BY c
	Sort  (cost=3980.73..3983.28 rows=1018 width=121)
	  Sort Key: c
	  ->  Bitmap Heap Scan on sbtest5  (cost=22.87..3929.88 rows=1018 width=121)
	        Recheck Cond: ((id >= 4020228) AND (id <= 4021227))
	        ->  Bitmap Index Scan on sbtest5_pkey  (cost=0.00..22.61 rows=1018 width=0)
	              Index Cond: ((id >= 4020228) AND (id <= 4021227))

table 6 : explain SELECT c FROM sbtest6 WHERE id BETWEEN 8528952 AND 8529951 ORDER BY c
	Sort  (cost=3877.55..3880.03 rows=991 width=121)
	  Sort Key: c
	  ->  Bitmap Heap Scan on sbtest6  (cost=22.59..3828.24 rows=991 width=121)
	        Recheck Cond: ((id >= 8528952) AND (id <= 8529951))
	        ->  Bitmap Index Scan on sbtest6_pkey  (cost=0.00..22.34 rows=991 width=0)
	              Index Cond: ((id >= 8528952) AND (id <= 8529951))

table 7 : explain SELECT c FROM sbtest7 WHERE id BETWEEN 7648762 AND 7649761 ORDER BY c
	Sort  (cost=3801.98..3804.41 rows=971 width=121)
	  Sort Key: c
	  ->  Bitmap Heap Scan on sbtest7  (cost=22.39..3753.80 rows=971 width=121)
	        Recheck Cond: ((id >= 7648762) AND (id <= 7649761))
	        ->  Bitmap Index Scan on sbtest7_pkey  (cost=0.00..22.14 rows=971 width=0)
	              Index Cond: ((id >= 7648762) AND (id <= 7649761))

table 8 : explain SELECT c FROM sbtest8 WHERE id BETWEEN 791679 AND 792678 ORDER BY c
	Sort  (cost=3928.26..3930.77 rows=1004 width=121)
	  Sort Key: c
	  ->  Bitmap Heap Scan on sbtest8  (cost=22.73..3878.20 rows=1004 width=121)
	        Recheck Cond: ((id >= 791679) AND (id <= 792678))
	        ->  Bitmap Index Scan on sbtest8_pkey  (cost=0.00..22.47 rows=1004 width=0)
	              Index Cond: ((id >= 791679) AND (id <= 792678))

for: sum_ranges
table 1 : explain SELECT SUM(k) FROM sbtest1 WHERE id BETWEEN 9420409 AND 9421408
	Aggregate  (cost=4042.80..4042.81 rows=1 width=8)
	  ->  Bitmap Heap Scan on sbtest1  (cost=23.18..4040.18 rows=1048 width=4)
	        Recheck Cond: ((id >= 9420409) AND (id <= 9421408))
	        ->  Bitmap Index Scan on sbtest1_pkey  (cost=0.00..22.91 rows=1048 width=0)
	              Index Cond: ((id >= 9420409) AND (id <= 9421408))

table 2 : explain SELECT SUM(k) FROM sbtest2 WHERE id BETWEEN 5540595 AND 5541594
	Aggregate  (cost=4205.74..4205.75 rows=1 width=8)
	  ->  Bitmap Heap Scan on sbtest2  (cost=23.62..4203.01 rows=1091 width=4)
	        Recheck Cond: ((id >= 5540595) AND (id <= 5541594))
	        ->  Bitmap Index Scan on sbtest2_pkey  (cost=0.00..23.34 rows=1091 width=0)
	              Index Cond: ((id >= 5540595) AND (id <= 5541594))

table 3 : explain SELECT SUM(k) FROM sbtest3 WHERE id BETWEEN 3919554 AND 3920553
	Aggregate  (cost=4247.41..4247.42 rows=1 width=8)
	  ->  Bitmap Heap Scan on sbtest3  (cost=27.73..4244.65 rows=1102 width=4)
	        Recheck Cond: ((id >= 3919554) AND (id <= 3920553))
	        ->  Bitmap Index Scan on sbtest3_pkey  (cost=0.00..27.45 rows=1102 width=0)
	              Index Cond: ((id >= 3919554) AND (id <= 3920553))

table 4 : explain SELECT SUM(k) FROM sbtest4 WHERE id BETWEEN 4744525 AND 4745524
	Aggregate  (cost=3687.22..3687.23 rows=1 width=8)
	  ->  Bitmap Heap Scan on sbtest4  (cost=22.20..3684.84 rows=953 width=4)
	        Recheck Cond: ((id >= 4744525) AND (id <= 4745524))
	        ->  Bitmap Index Scan on sbtest4_pkey  (cost=0.00..21.96 rows=953 width=0)
	              Index Cond: ((id >= 4744525) AND (id <= 4745524))

table 5 : explain SELECT SUM(k) FROM sbtest5 WHERE id BETWEEN 3276919 AND 3277918
	Aggregate  (cost=4007.75..4007.76 rows=1 width=8)
	  ->  Bitmap Heap Scan on sbtest5  (cost=23.07..4005.16 rows=1038 width=4)
	        Recheck Cond: ((id >= 3276919) AND (id <= 3277918))
	        ->  Bitmap Index Scan on sbtest5_pkey  (cost=0.00..22.82 rows=1038 width=0)
	              Index Cond: ((id >= 3276919) AND (id <= 3277918))

table 6 : explain SELECT SUM(k) FROM sbtest6 WHERE id BETWEEN 717865 AND 718864
	Aggregate  (cost=3725.07..3725.08 rows=1 width=8)
	  ->  Bitmap Heap Scan on sbtest6  (cost=22.31..3722.66 rows=963 width=4)
	        Recheck Cond: ((id >= 717865) AND (id <= 718864))
	        ->  Bitmap Index Scan on sbtest6_pkey  (cost=0.00..22.07 rows=963 width=0)
	              Index Cond: ((id >= 717865) AND (id <= 718864))

table 7 : explain SELECT SUM(k) FROM sbtest7 WHERE id BETWEEN 8096778 AND 8097777
	Aggregate  (cost=4106.79..4106.80 rows=1 width=8)
	  ->  Bitmap Heap Scan on sbtest7  (cost=23.34..4104.13 rows=1064 width=4)
	        Recheck Cond: ((id >= 8096778) AND (id <= 8097777))
	        ->  Bitmap Index Scan on sbtest7_pkey  (cost=0.00..23.07 rows=1064 width=0)
	              Index Cond: ((id >= 8096778) AND (id <= 8097777))

table 8 : explain SELECT SUM(k) FROM sbtest8 WHERE id BETWEEN 5920333 AND 5921332
	Aggregate  (cost=3907.11..3907.12 rows=1 width=8)
	  ->  Bitmap Heap Scan on sbtest8  (cost=22.80..3904.58 rows=1011 width=4)
	        Recheck Cond: ((id >= 5920333) AND (id <= 5921332))
	        ->  Bitmap Index Scan on sbtest8_pkey  (cost=0.00..22.54 rows=1011 width=0)
	              Index Cond: ((id >= 5920333) AND (id <= 5921332))

explain: for point_selects :: explain SELECT c FROM sbtest%u WHERE id=%u
for point_selects
table 1 : explain SELECT c FROM sbtest1 WHERE id=7334709
	Index Scan using sbtest1_pkey on sbtest1  (cost=0.43..8.45 rows=1 width=121)
	  Index Cond: (id = 7334709)

table 2 : explain SELECT c FROM sbtest2 WHERE id=5384470
	Index Scan using sbtest2_pkey on sbtest2  (cost=0.43..8.45 rows=1 width=121)
	  Index Cond: (id = 5384470)

table 3 : explain SELECT c FROM sbtest3 WHERE id=8454212
	Index Scan using sbtest3_pkey on sbtest3  (cost=0.43..8.45 rows=1 width=121)
	  Index Cond: (id = 8454212)

table 4 : explain SELECT c FROM sbtest4 WHERE id=1690611
	Index Scan using sbtest4_pkey on sbtest4  (cost=0.43..8.45 rows=1 width=121)
	  Index Cond: (id = 1690611)

table 5 : explain SELECT c FROM sbtest5 WHERE id=1534977
	Index Scan using sbtest5_pkey on sbtest5  (cost=0.43..8.45 rows=1 width=121)
	  Index Cond: (id = 1534977)

table 6 : explain SELECT c FROM sbtest6 WHERE id=7998120
	Index Scan using sbtest6_pkey on sbtest6  (cost=0.43..8.45 rows=1 width=121)
	  Index Cond: (id = 7998120)

table 7 : explain SELECT c FROM sbtest7 WHERE id=7771173
	Index Scan using sbtest7_pkey on sbtest7  (cost=0.43..8.45 rows=1 width=121)
	  Index Cond: (id = 7771173)

table 8 : explain SELECT c FROM sbtest8 WHERE id=2290690
	Index Scan using sbtest8_pkey on sbtest8  (cost=0.43..8.45 rows=1 width=121)
	  Index Cond: (id = 2290690)

for: order_ranges
table 1 : explain SELECT c FROM sbtest1 WHERE id BETWEEN 9793103 AND 9794102 ORDER BY c
	Sort  (cost=4363.61..4366.41 rows=1119 width=121)
	  Sort Key: c
	  ->  Bitmap Heap Scan on sbtest1  (cost=27.90..4306.94 rows=1119 width=121)
	        Recheck Cond: ((id >= 9793103) AND (id <= 9794102))
	        ->  Bitmap Index Scan on sbtest1_pkey  (cost=0.00..27.62 rows=1119 width=0)
	              Index Cond: ((id >= 9793103) AND (id <= 9794102))

table 2 : explain SELECT c FROM sbtest2 WHERE id BETWEEN 1160805 AND 1161804 ORDER BY c
	Sort  (cost=3853.33..3855.79 rows=985 width=121)
	  Sort Key: c
	  ->  Bitmap Heap Scan on sbtest2  (cost=22.53..3804.35 rows=985 width=121)
	        Recheck Cond: ((id >= 1160805) AND (id <= 1161804))
	        ->  Bitmap Index Scan on sbtest2_pkey  (cost=0.00..22.29 rows=985 width=0)
	              Index Cond: ((id >= 1160805) AND (id <= 1161804))

table 3 : explain SELECT c FROM sbtest3 WHERE id BETWEEN 6257927 AND 6258926 ORDER BY c
	Sort  (cost=3861.05..3863.51 rows=987 width=121)
	  Sort Key: c
	  ->  Bitmap Heap Scan on sbtest3  (cost=22.55..3811.96 rows=987 width=121)
	        Recheck Cond: ((id >= 6257927) AND (id <= 6258926))
	        ->  Bitmap Index Scan on sbtest3_pkey  (cost=0.00..22.30 rows=987 width=0)
	              Index Cond: ((id >= 6257927) AND (id <= 6258926))

table 4 : explain SELECT c FROM sbtest4 WHERE id BETWEEN 1553259 AND 1554258 ORDER BY c
	Sort  (cost=3900.41..3902.90 rows=997 width=121)
	  Sort Key: c
	  ->  Bitmap Heap Scan on sbtest4  (cost=22.65..3850.75 rows=997 width=121)
	        Recheck Cond: ((id >= 1553259) AND (id <= 1554258))
	        ->  Bitmap Index Scan on sbtest4_pkey  (cost=0.00..22.40 rows=997 width=0)
	              Index Cond: ((id >= 1553259) AND (id <= 1554258))

table 5 : explain SELECT c FROM sbtest5 WHERE id BETWEEN 1389044 AND 1390043 ORDER BY c
	Sort  (cost=4026.60..4029.17 rows=1030 width=121)
	  Sort Key: c
	  ->  Bitmap Heap Scan on sbtest5  (cost=22.99..3975.05 rows=1030 width=121)
	        Recheck Cond: ((id >= 1389044) AND (id <= 1390043))
	        ->  Bitmap Index Scan on sbtest5_pkey  (cost=0.00..22.73 rows=1030 width=0)
	              Index Cond: ((id >= 1389044) AND (id <= 1390043))

table 6 : explain SELECT c FROM sbtest6 WHERE id BETWEEN 7338627 AND 7339626 ORDER BY c
	Sort  (cost=3915.81..3918.31 rows=1001 width=121)
	  Sort Key: c
	  ->  Bitmap Heap Scan on sbtest6  (cost=22.70..3865.92 rows=1001 width=121)
	        Recheck Cond: ((id >= 7338627) AND (id <= 7339626))
	        ->  Bitmap Index Scan on sbtest6_pkey  (cost=0.00..22.44 rows=1001 width=0)
	              Index Cond: ((id >= 7338627) AND (id <= 7339626))

table 7 : explain SELECT c FROM sbtest7 WHERE id BETWEEN 9954228 AND 9955227 ORDER BY c
	Sort  (cost=3920.64..3923.15 rows=1002 width=121)
	  Sort Key: c
	  ->  Bitmap Heap Scan on sbtest7  (cost=22.71..3870.70 rows=1002 width=121)
	        Recheck Cond: ((id >= 9954228) AND (id <= 9955227))
	        ->  Bitmap Index Scan on sbtest7_pkey  (cost=0.00..22.45 rows=1002 width=0)
	              Index Cond: ((id >= 9954228) AND (id <= 9955227))

table 8 : explain SELECT c FROM sbtest8 WHERE id BETWEEN 1989025 AND 1990024 ORDER BY c
	Sort  (cost=4413.44..4416.27 rows=1131 width=121)
	  Sort Key: c
	  ->  Bitmap Heap Scan on sbtest8  (cost=28.03..4356.08 rows=1131 width=121)
	        Recheck Cond: ((id >= 1989025) AND (id <= 1990024))
	        ->  Bitmap Index Scan on sbtest8_pkey  (cost=0.00..27.75 rows=1131 width=0)
	              Index Cond: ((id >= 1989025) AND (id <= 1990024))

for: sum_ranges
table 1 : explain SELECT SUM(k) FROM sbtest1 WHERE id BETWEEN 8132071 AND 8133070
	Aggregate  (cost=4193.11..4193.12 rows=1 width=8)
	  ->  Bitmap Heap Scan on sbtest1  (cost=23.59..4190.39 rows=1088 width=4)
	        Recheck Cond: ((id >= 8132071) AND (id <= 8133070))
	        ->  Bitmap Index Scan on sbtest1_pkey  (cost=0.00..23.32 rows=1088 width=0)
	              Index Cond: ((id >= 8132071) AND (id <= 8133070))

table 2 : explain SELECT SUM(k) FROM sbtest2 WHERE id BETWEEN 6139740 AND 6140739
	Aggregate  (cost=3678.55..3678.56 rows=1 width=8)
	  ->  Bitmap Heap Scan on sbtest2  (cost=22.18..3676.18 rows=951 width=4)
	        Recheck Cond: ((id >= 6139740) AND (id <= 6140739))
	        ->  Bitmap Index Scan on sbtest2_pkey  (cost=0.00..21.94 rows=951 width=0)
	              Index Cond: ((id >= 6139740) AND (id <= 6140739))

table 3 : explain SELECT SUM(k) FROM sbtest3 WHERE id BETWEEN 853026 AND 854025
	Aggregate  (cost=4423.78..4423.79 rows=1 width=8)
	  ->  Bitmap Heap Scan on sbtest3  (cost=28.21..4420.91 rows=1149 width=4)
	        Recheck Cond: ((id >= 853026) AND (id <= 854025))
	        ->  Bitmap Index Scan on sbtest3_pkey  (cost=0.00..27.93 rows=1149 width=0)
	              Index Cond: ((id >= 853026) AND (id <= 854025))

table 4 : explain SELECT SUM(k) FROM sbtest4 WHERE id BETWEEN 9808219 AND 9809218
	Aggregate  (cost=3687.22..3687.23 rows=1 width=8)
	  ->  Bitmap Heap Scan on sbtest4  (cost=22.20..3684.84 rows=953 width=4)
	        Recheck Cond: ((id >= 9808219) AND (id <= 9809218))
	        ->  Bitmap Index Scan on sbtest4_pkey  (cost=0.00..21.96 rows=953 width=0)
	              Index Cond: ((id >= 9808219) AND (id <= 9809218))

table 5 : explain SELECT SUM(k) FROM sbtest5 WHERE id BETWEEN 2645671 AND 2646670
	Aggregate  (cost=3751.42..3751.43 rows=1 width=8)
	  ->  Bitmap Heap Scan on sbtest5  (cost=22.38..3749.00 rows=970 width=4)
	        Recheck Cond: ((id >= 2645671) AND (id <= 2646670))
	        ->  Bitmap Index Scan on sbtest5_pkey  (cost=0.00..22.14 rows=970 width=0)
	              Index Cond: ((id >= 2645671) AND (id <= 2646670))

table 6 : explain SELECT SUM(k) FROM sbtest6 WHERE id BETWEEN 228057 AND 229056
	Aggregate  (cost=3936.26..3936.27 rows=1 width=8)
	  ->  Bitmap Heap Scan on sbtest6  (cost=22.88..3933.72 rows=1019 width=4)
	        Recheck Cond: ((id >= 228057) AND (id <= 229056))
	        ->  Bitmap Index Scan on sbtest6_pkey  (cost=0.00..22.62 rows=1019 width=0)
	              Index Cond: ((id >= 228057) AND (id <= 229056))

table 7 : explain SELECT SUM(k) FROM sbtest7 WHERE id BETWEEN 4447906 AND 4448905
	Aggregate  (cost=4629.04..4629.05 rows=1 width=8)
	  ->  Bitmap Heap Scan on sbtest7  (cost=28.77..4626.03 rows=1203 width=4)
	        Recheck Cond: ((id >= 4447906) AND (id <= 4448905))
	        ->  Bitmap Index Scan on sbtest7_pkey  (cost=0.00..28.46 rows=1203 width=0)
	              Index Cond: ((id >= 4447906) AND (id <= 4448905))

table 8 : explain SELECT SUM(k) FROM sbtest8 WHERE id BETWEEN 8915854 AND 8916853
	Aggregate  (cost=3578.60..3578.61 rows=1 width=8)
	  ->  Bitmap Heap Scan on sbtest8  (cost=21.91..3576.29 rows=924 width=4)
	        Recheck Cond: ((id >= 8915854) AND (id <= 8916853))
	        ->  Bitmap Index Scan on sbtest8_pkey  (cost=0.00..21.68 rows=924 width=0)
	              Index Cond: ((id >= 8915854) AND (id <= 8916853))

for point_selects
table 1 : explain SELECT c FROM sbtest1 WHERE id=8735112
	Index Scan using sbtest1_pkey on sbtest1  (cost=0.43..8.45 rows=1 width=121)
	  Index Cond: (id = 8735112)

table 2 : explain SELECT c FROM sbtest2 WHERE id=7780192
	Index Scan using sbtest2_pkey on sbtest2  (cost=0.43..8.45 rows=1 width=121)
	  Index Cond: (id = 7780192)

table 3 : explain SELECT c FROM sbtest3 WHERE id=8416141
	Index Scan using sbtest3_pkey on sbtest3  (cost=0.43..8.45 rows=1 width=121)
	  Index Cond: (id = 8416141)

table 4 : explain SELECT c FROM sbtest4 WHERE id=622207
	Index Scan using sbtest4_pkey on sbtest4  (cost=0.43..8.45 rows=1 width=121)
	  Index Cond: (id = 622207)

table 5 : explain SELECT c FROM sbtest5 WHERE id=4602535
	Index Scan using sbtest5_pkey on sbtest5  (cost=0.43..8.45 rows=1 width=121)
	  Index Cond: (id = 4602535)

table 6 : explain SELECT c FROM sbtest6 WHERE id=2710390
	Index Scan using sbtest6_pkey on sbtest6  (cost=0.43..8.45 rows=1 width=121)
	  Index Cond: (id = 2710390)

table 7 : explain SELECT c FROM sbtest7 WHERE id=2418586
	Index Scan using sbtest7_pkey on sbtest7  (cost=0.43..8.45 rows=1 width=121)
	  Index Cond: (id = 2418586)

table 8 : explain SELECT c FROM sbtest8 WHERE id=7429311
	Index Scan using sbtest8_pkey on sbtest8  (cost=0.43..8.45 rows=1 width=121)
	  Index Cond: (id = 7429311)

for: order_ranges
table 1 : explain SELECT c FROM sbtest1 WHERE id BETWEEN 2418017 AND 2419016 ORDER BY c
	Sort  (cost=3407.86..3410.03 rows=869 width=121)
	  Sort Key: c
	  ->  Bitmap Heap Scan on sbtest1  (cost=21.34..3365.44 rows=869 width=121)
	        Recheck Cond: ((id >= 2418017) AND (id <= 2419016))
	        ->  Bitmap Index Scan on sbtest1_pkey  (cost=0.00..21.12 rows=869 width=0)
	              Index Cond: ((id >= 2418017) AND (id <= 2419016))

table 2 : explain SELECT c FROM sbtest2 WHERE id BETWEEN 1096979 AND 1097978 ORDER BY c
	Sort  (cost=3853.33..3855.79 rows=985 width=121)
	  Sort Key: c
	  ->  Bitmap Heap Scan on sbtest2  (cost=22.53..3804.35 rows=985 width=121)
	        Recheck Cond: ((id >= 1096979) AND (id <= 1097978))
	        ->  Bitmap Index Scan on sbtest2_pkey  (cost=0.00..22.29 rows=985 width=0)
	              Index Cond: ((id >= 1096979) AND (id <= 1097978))

table 3 : explain SELECT c FROM sbtest3 WHERE id BETWEEN 5673573 AND 5674572 ORDER BY c
	Sort  (cost=3891.64..3894.13 rows=995 width=121)
	  Sort Key: c
	  ->  Bitmap Heap Scan on sbtest3  (cost=22.63..3842.09 rows=995 width=121)
	        Recheck Cond: ((id >= 5673573) AND (id <= 5674572))
	        ->  Bitmap Index Scan on sbtest3_pkey  (cost=0.00..22.39 rows=995 width=0)
	              Index Cond: ((id >= 5673573) AND (id <= 5674572))

table 4 : explain SELECT c FROM sbtest4 WHERE id BETWEEN 2272019 AND 2273018 ORDER BY c
	Sort  (cost=3728.16..3730.54 rows=952 width=121)
	  Sort Key: c
	  ->  Bitmap Heap Scan on sbtest4  (cost=22.19..3681.07 rows=952 width=121)
	        Recheck Cond: ((id >= 2272019) AND (id <= 2273018))
	        ->  Bitmap Index Scan on sbtest4_pkey  (cost=0.00..21.95 rows=952 width=0)
	              Index Cond: ((id >= 2272019) AND (id <= 2273018))

table 5 : explain SELECT c FROM sbtest5 WHERE id BETWEEN 5641987 AND 5642986 ORDER BY c
	Sort  (cost=3663.05..3665.39 rows=935 width=121)
	  Sort Key: c
	  ->  Bitmap Heap Scan on sbtest5  (cost=22.02..3616.91 rows=935 width=121)
	        Recheck Cond: ((id >= 5641987) AND (id <= 5642986))
	        ->  Bitmap Index Scan on sbtest5_pkey  (cost=0.00..21.79 rows=935 width=0)
	              Index Cond: ((id >= 5641987) AND (id <= 5642986))

table 6 : explain SELECT c FROM sbtest6 WHERE id BETWEEN 7859157 AND 7860156 ORDER BY c
	Sort  (cost=3839.29..3841.74 rows=981 width=121)
	  Sort Key: c
	  ->  Bitmap Heap Scan on sbtest6  (cost=22.49..3790.54 rows=981 width=121)
	        Recheck Cond: ((id >= 7859157) AND (id <= 7860156))
	        ->  Bitmap Index Scan on sbtest6_pkey  (cost=0.00..22.25 rows=981 width=0)
	              Index Cond: ((id >= 7859157) AND (id <= 7860156))

table 7 : explain SELECT c FROM sbtest7 WHERE id BETWEEN 278602 AND 279601 ORDER BY c
	Sort  (cost=3870.89..3873.37 rows=989 width=121)
	  Sort Key: c
	  ->  Bitmap Heap Scan on sbtest7  (cost=22.57..3821.69 rows=989 width=121)
	        Recheck Cond: ((id >= 278602) AND (id <= 279601))
	        ->  Bitmap Index Scan on sbtest7_pkey  (cost=0.00..22.32 rows=989 width=0)
	              Index Cond: ((id >= 278602) AND (id <= 279601))

table 8 : explain SELECT c FROM sbtest8 WHERE id BETWEEN 9568241 AND 9569240 ORDER BY c
	Sort  (cost=3813.43..3815.87 rows=974 width=121)
	  Sort Key: c
	  ->  Bitmap Heap Scan on sbtest8  (cost=22.42..3765.08 rows=974 width=121)
	        Recheck Cond: ((id >= 9568241) AND (id <= 9569240))
	        ->  Bitmap Index Scan on sbtest8_pkey  (cost=0.00..22.18 rows=974 width=0)
	              Index Cond: ((id >= 9568241) AND (id <= 9569240))

for: order_ranges
table 1 : explain SELECT c FROM sbtest1 WHERE id BETWEEN 9215513 AND 9216512 ORDER BY c
	Sort  (cost=4123.28..4125.92 rows=1056 width=121)
	  Sort Key: c
	  ->  Bitmap Heap Scan on sbtest1  (cost=23.26..4070.24 rows=1056 width=121)
	        Recheck Cond: ((id >= 9215513) AND (id <= 9216512))
	        ->  Bitmap Index Scan on sbtest1_pkey  (cost=0.00..23.00 rows=1056 width=0)
	              Index Cond: ((id >= 9215513) AND (id <= 9216512))

table 2 : explain SELECT c FROM sbtest2 WHERE id BETWEEN 3788654 AND 3789653 ORDER BY c
	Sort  (cost=3903.04..3905.53 rows=998 width=121)
	  Sort Key: c
	  ->  Bitmap Heap Scan on sbtest2  (cost=22.66..3853.32 rows=998 width=121)
	        Recheck Cond: ((id >= 3788654) AND (id <= 3789653))
	        ->  Bitmap Index Scan on sbtest2_pkey  (cost=0.00..22.41 rows=998 width=0)
	              Index Cond: ((id >= 3788654) AND (id <= 3789653))

table 3 : explain SELECT c FROM sbtest3 WHERE id BETWEEN 1386796 AND 1387795 ORDER BY c
	Sort  (cost=4105.56..4108.19 rows=1051 width=121)
	  Sort Key: c
	  ->  Bitmap Heap Scan on sbtest3  (cost=23.21..4052.82 rows=1051 width=121)
	        Recheck Cond: ((id >= 1386796) AND (id <= 1387795))
	        ->  Bitmap Index Scan on sbtest3_pkey  (cost=0.00..22.94 rows=1051 width=0)
	              Index Cond: ((id >= 1386796) AND (id <= 1387795))

table 4 : explain SELECT c FROM sbtest4 WHERE id BETWEEN 1943353 AND 1944352 ORDER BY c
	Sort  (cost=3862.16..3864.62 rows=987 width=121)
	  Sort Key: c
	  ->  Bitmap Heap Scan on sbtest4  (cost=22.55..3813.07 rows=987 width=121)
	        Recheck Cond: ((id >= 1943353) AND (id <= 1944352))
	        ->  Bitmap Index Scan on sbtest4_pkey  (cost=0.00..22.30 rows=987 width=0)
	              Index Cond: ((id >= 1943353) AND (id <= 1944352))

table 5 : explain SELECT c FROM sbtest5 WHERE id BETWEEN 3515895 AND 3516894 ORDER BY c
	Sort  (cost=3578.70..3580.98 rows=913 width=121)
	  Sort Key: c
	  ->  Bitmap Heap Scan on sbtest5  (cost=21.79..3533.81 rows=913 width=121)
	        Recheck Cond: ((id >= 3515895) AND (id <= 3516894))
	        ->  Bitmap Index Scan on sbtest5_pkey  (cost=0.00..21.57 rows=913 width=0)
	              Index Cond: ((id >= 3515895) AND (id <= 3516894))

table 6 : explain SELECT c FROM sbtest6 WHERE id BETWEEN 499502 AND 500501 ORDER BY c
	Sort  (cost=3494.35..3496.58 rows=891 width=121)
	  Sort Key: c
	  ->  Bitmap Heap Scan on sbtest6  (cost=21.57..3450.69 rows=891 width=121)
	        Recheck Cond: ((id >= 499502) AND (id <= 500501))
	        ->  Bitmap Index Scan on sbtest6_pkey  (cost=0.00..21.34 rows=891 width=0)
	              Index Cond: ((id >= 499502) AND (id <= 500501))

table 7 : explain SELECT c FROM sbtest7 WHERE id BETWEEN 7162844 AND 7163843 ORDER BY c
	Sort  (cost=3736.85..3739.24 rows=954 width=121)
	  Sort Key: c
	  ->  Bitmap Heap Scan on sbtest7  (cost=22.21..3689.64 rows=954 width=121)
	        Recheck Cond: ((id >= 7162844) AND (id <= 7163843))
	        ->  Bitmap Index Scan on sbtest7_pkey  (cost=0.00..21.97 rows=954 width=0)
	              Index Cond: ((id >= 7162844) AND (id <= 7163843))

table 8 : explain SELECT c FROM sbtest8 WHERE id BETWEEN 5894580 AND 5895579 ORDER BY c
	Sort  (cost=3955.03..3957.56 rows=1011 width=121)
	  Sort Key: c
	  ->  Bitmap Heap Scan on sbtest8  (cost=22.80..3904.58 rows=1011 width=121)
	        Recheck Cond: ((id >= 5894580) AND (id <= 5895579))
	        ->  Bitmap Index Scan on sbtest8_pkey  (cost=0.00..22.54 rows=1011 width=0)
	              Index Cond: ((id >= 5894580) AND (id <= 5895579))

for: simple_ranges
table 1 : explain SELECT c FROM sbtest1 WHERE id BETWEEN 3819479 AND 3820478
	Bitmap Heap Scan on sbtest1  (cost=22.06..3629.82 rows=939 width=121)
	  Recheck Cond: ((id >= 3819479) AND (id <= 3820478))
	  ->  Bitmap Index Scan on sbtest1_pkey  (cost=0.00..21.82 rows=939 width=0)
	        Index Cond: ((id >= 3819479) AND (id <= 3820478))

table 2 : explain SELECT c FROM sbtest2 WHERE id BETWEEN 3592191 AND 3593190
	Bitmap Heap Scan on sbtest2  (cost=22.62..3838.26 rows=994 width=121)
	  Recheck Cond: ((id >= 3592191) AND (id <= 3593190))
	  ->  Bitmap Index Scan on sbtest2_pkey  (cost=0.00..22.37 rows=994 width=0)
	        Index Cond: ((id >= 3592191) AND (id <= 3593190))

table 3 : explain SELECT c FROM sbtest3 WHERE id BETWEEN 3193830 AND 3194829
	Bitmap Heap Scan on sbtest3  (cost=23.25..4067.85 rows=1055 width=121)
	  Recheck Cond: ((id >= 3193830) AND (id <= 3194829))
	  ->  Bitmap Index Scan on sbtest3_pkey  (cost=0.00..22.98 rows=1055 width=0)
	        Index Cond: ((id >= 3193830) AND (id <= 3194829))

table 4 : explain SELECT c FROM sbtest4 WHERE id BETWEEN 9791587 AND 9792586
	Bitmap Heap Scan on sbtest4  (cost=22.37..3745.20 rows=969 width=121)
	  Recheck Cond: ((id >= 9791587) AND (id <= 9792586))
	  ->  Bitmap Index Scan on sbtest4_pkey  (cost=0.00..22.12 rows=969 width=0)
	        Index Cond: ((id >= 9791587) AND (id <= 9792586))

table 5 : explain SELECT c FROM sbtest5 WHERE id BETWEEN 2563433 AND 2564432
	Bitmap Heap Scan on sbtest5  (cost=21.90..3571.59 rows=923 width=121)
	  Recheck Cond: ((id >= 2563433) AND (id <= 2564432))
	  ->  Bitmap Index Scan on sbtest5_pkey  (cost=0.00..21.66 rows=923 width=0)
	        Index Cond: ((id >= 2563433) AND (id <= 2564432))

table 6 : explain SELECT c FROM sbtest6 WHERE id BETWEEN 6485100 AND 6486099
	Bitmap Heap Scan on sbtest6  (cost=22.85..3922.42 rows=1016 width=121)
	  Recheck Cond: ((id >= 6485100) AND (id <= 6486099))
	  ->  Bitmap Index Scan on sbtest6_pkey  (cost=0.00..22.59 rows=1016 width=0)
	        Index Cond: ((id >= 6485100) AND (id <= 6486099))

table 7 : explain SELECT c FROM sbtest7 WHERE id BETWEEN 9313517 AND 9314516
	Bitmap Heap Scan on sbtest7  (cost=22.06..3633.00 rows=939 width=121)
	  Recheck Cond: ((id >= 9313517) AND (id <= 9314516))
	  ->  Bitmap Index Scan on sbtest7_pkey  (cost=0.00..21.82 rows=939 width=0)
	        Index Cond: ((id >= 9313517) AND (id <= 9314516))

table 8 : explain SELECT c FROM sbtest8 WHERE id BETWEEN 6322094 AND 6323093
	Bitmap Heap Scan on sbtest8  (cost=22.92..3949.78 rows=1023 width=121)
	  Recheck Cond: ((id >= 6322094) AND (id <= 6323093))
	  ->  Bitmap Index Scan on sbtest8_pkey  (cost=0.00..22.66 rows=1023 width=0)
	        Index Cond: ((id >= 6322094) AND (id <= 6323093))

explain: for point_selects :: explain SELECT c FROM sbtest%u WHERE id=%u
for point_selects
table 1 : explain SELECT c FROM sbtest1 WHERE id=3775167
	Index Scan using sbtest1_pkey on sbtest1  (cost=0.43..8.45 rows=1 width=121)
	  Index Cond: (id = 3775167)

table 2 : explain SELECT c FROM sbtest2 WHERE id=6000766
	Index Scan using sbtest2_pkey on sbtest2  (cost=0.43..8.45 rows=1 width=121)
	  Index Cond: (id = 6000766)

table 3 : explain SELECT c FROM sbtest3 WHERE id=4159328
	Index Scan using sbtest3_pkey on sbtest3  (cost=0.43..8.45 rows=1 width=121)
	  Index Cond: (id = 4159328)

table 4 : explain SELECT c FROM sbtest4 WHERE id=2445381
	Index Scan using sbtest4_pkey on sbtest4  (cost=0.43..8.45 rows=1 width=121)
	  Index Cond: (id = 2445381)

table 5 : explain SELECT c FROM sbtest5 WHERE id=1119777
	Index Scan using sbtest5_pkey on sbtest5  (cost=0.43..8.45 rows=1 width=121)
	  Index Cond: (id = 1119777)

table 6 : explain SELECT c FROM sbtest6 WHERE id=9893912
	Index Scan using sbtest6_pkey on sbtest6  (cost=0.43..8.45 rows=1 width=121)
	  Index Cond: (id = 9893912)

table 7 : explain SELECT c FROM sbtest7 WHERE id=7507037
	Index Scan using sbtest7_pkey on sbtest7  (cost=0.43..8.45 rows=1 width=121)
	  Index Cond: (id = 7507037)

table 8 : explain SELECT c FROM sbtest8 WHERE id=645345
	Index Scan using sbtest8_pkey on sbtest8  (cost=0.43..8.45 rows=1 width=121)
	  Index Cond: (id = 645345)

for: distinct_ranges
table 1 : explain SELECT DISTINCT c FROM sbtest1 WHERE id BETWEEN 9941490 AND 9942489 ORDER BY c
	Unique  (cost=3928.60..3933.62 rows=1005 width=121)
	  ->  Sort  (cost=3928.60..3931.11 rows=1005 width=121)
	        Sort Key: c
	        ->  Bitmap Heap Scan on sbtest1  (cost=22.74..3878.48 rows=1005 width=121)
	              Recheck Cond: ((id >= 9941490) AND (id <= 9942489))
	              ->  Bitmap Index Scan on sbtest1_pkey  (cost=0.00..22.48 rows=1005 width=0)
	                    Index Cond: ((id >= 9941490) AND (id <= 9942489))

table 2 : explain SELECT DISTINCT c FROM sbtest2 WHERE id BETWEEN 6935096 AND 6936095 ORDER BY c
	Unique  (cost=3654.28..3658.94 rows=933 width=121)
	  ->  Sort  (cost=3654.28..3656.61 rows=933 width=121)
	        Sort Key: c
	        ->  Bitmap Heap Scan on sbtest2  (cost=22.00..3608.26 rows=933 width=121)
	              Recheck Cond: ((id >= 6935096) AND (id <= 6936095))
	              ->  Bitmap Index Scan on sbtest2_pkey  (cost=0.00..21.76 rows=933 width=0)
	                    Index Cond: ((id >= 6935096) AND (id <= 6936095))

table 3 : explain SELECT DISTINCT c FROM sbtest3 WHERE id BETWEEN 3731829 AND 3732828 ORDER BY c
	Unique  (cost=3853.40..3858.32 rows=985 width=121)
	  ->  Sort  (cost=3853.40..3855.86 rows=985 width=121)
	        Sort Key: c
	        ->  Bitmap Heap Scan on sbtest3  (cost=22.53..3804.42 rows=985 width=121)
	              Recheck Cond: ((id >= 3731829) AND (id <= 3732828))
	              ->  Bitmap Index Scan on sbtest3_pkey  (cost=0.00..22.29 rows=985 width=0)
	                    Index Cond: ((id >= 3731829) AND (id <= 3732828))

table 4 : explain SELECT DISTINCT c FROM sbtest4 WHERE id BETWEEN 5713466 AND 5714465 ORDER BY c
	Unique  (cost=3647.70..3652.35 rows=931 width=121)
	  ->  Sort  (cost=3647.70..3650.02 rows=931 width=121)
	        Sort Key: c
	        ->  Bitmap Heap Scan on sbtest4  (cost=21.98..3601.79 rows=931 width=121)
	              Recheck Cond: ((id >= 5713466) AND (id <= 5714465))
	              ->  Bitmap Index Scan on sbtest4_pkey  (cost=0.00..21.75 rows=931 width=0)
	                    Index Cond: ((id >= 5713466) AND (id <= 5714465))

table 5 : explain SELECT DISTINCT c FROM sbtest5 WHERE id BETWEEN 4088726 AND 4089725 ORDER BY c
	Unique  (cost=3881.31..3886.27 rows=992 width=121)
	  ->  Sort  (cost=3881.31..3883.79 rows=992 width=121)
	        Sort Key: c
	        ->  Bitmap Heap Scan on sbtest5  (cost=22.60..3831.94 rows=992 width=121)
	              Recheck Cond: ((id >= 4088726) AND (id <= 4089725))
	              ->  Bitmap Index Scan on sbtest5_pkey  (cost=0.00..22.36 rows=992 width=0)
	                    Index Cond: ((id >= 4088726) AND (id <= 4089725))

table 6 : explain SELECT DISTINCT c FROM sbtest6 WHERE id BETWEEN 4310344 AND 4311343 ORDER BY c
	Unique  (cost=4053.41..4058.60 rows=1037 width=121)
	  ->  Sort  (cost=4053.41..4056.01 rows=1037 width=121)
	        Sort Key: c
	        ->  Bitmap Heap Scan on sbtest6  (cost=23.06..4001.47 rows=1037 width=121)
	              Recheck Cond: ((id >= 4310344) AND (id <= 4311343))
	              ->  Bitmap Index Scan on sbtest6_pkey  (cost=0.00..22.80 rows=1037 width=0)
	                    Index Cond: ((id >= 4310344) AND (id <= 4311343))

table 7 : explain SELECT DISTINCT c FROM sbtest7 WHERE id BETWEEN 4108927 AND 4109926 ORDER BY c
	Unique  (cost=4333.34..4338.89 rows=1109 width=121)
	  ->  Sort  (cost=4333.34..4336.12 rows=1109 width=121)
	        Sort Key: c
	        ->  Bitmap Heap Scan on sbtest7  (cost=27.80..4277.26 rows=1109 width=121)
	              Recheck Cond: ((id >= 4108927) AND (id <= 4109926))
	              ->  Bitmap Index Scan on sbtest7_pkey  (cost=0.00..27.52 rows=1109 width=0)
	                    Index Cond: ((id >= 4108927) AND (id <= 4109926))

table 8 : explain SELECT DISTINCT c FROM sbtest8 WHERE id BETWEEN 6310134 AND 6311133 ORDER BY c
	Unique  (cost=4000.92..4006.04 rows=1023 width=121)
	  ->  Sort  (cost=4000.92..4003.48 rows=1023 width=121)
	        Sort Key: c
	        ->  Bitmap Heap Scan on sbtest8  (cost=22.92..3949.78 rows=1023 width=121)
	              Recheck Cond: ((id >= 6310134) AND (id <= 6311133))
	              ->  Bitmap Index Scan on sbtest8_pkey  (cost=0.00..22.66 rows=1023 width=0)
	                    Index Cond: ((id >= 6310134) AND (id <= 6311133))

for: simple_ranges
table 1 : explain SELECT c FROM sbtest1 WHERE id BETWEEN 9303843 AND 9304842
	Bitmap Heap Scan on sbtest1  (cost=22.67..3855.90 rows=999 width=121)
	  Recheck Cond: ((id >= 9303843) AND (id <= 9304842))
	  ->  Bitmap Index Scan on sbtest1_pkey  (cost=0.00..22.43 rows=999 width=0)
	        Index Cond: ((id >= 9303843) AND (id <= 9304842))

table 2 : explain SELECT c FROM sbtest2 WHERE id BETWEEN 5283810 AND 5284809
	Bitmap Heap Scan on sbtest2  (cost=23.09..4011.38 rows=1040 width=121)
	  Recheck Cond: ((id >= 5283810) AND (id <= 5284809))
	  ->  Bitmap Index Scan on sbtest2_pkey  (cost=0.00..22.83 rows=1040 width=0)
	        Index Cond: ((id >= 5283810) AND (id <= 5284809))

table 3 : explain SELECT c FROM sbtest3 WHERE id BETWEEN 8447576 AND 8448575
	Bitmap Heap Scan on sbtest3  (cost=22.08..3638.51 rows=941 width=121)
	  Recheck Cond: ((id >= 8447576) AND (id <= 8448575))
	  ->  Bitmap Index Scan on sbtest3_pkey  (cost=0.00..21.84 rows=941 width=0)
	        Index Cond: ((id >= 8447576) AND (id <= 8448575))

table 4 : explain SELECT c FROM sbtest4 WHERE id BETWEEN 5814214 AND 5815213
	Bitmap Heap Scan on sbtest4  (cost=22.36..3741.43 rows=968 width=121)
	  Recheck Cond: ((id >= 5814214) AND (id <= 5815213))
	  ->  Bitmap Index Scan on sbtest4_pkey  (cost=0.00..22.11 rows=968 width=0)
	        Index Cond: ((id >= 5814214) AND (id <= 5815213))

table 5 : explain SELECT c FROM sbtest5 WHERE id BETWEEN 9888889 AND 9889888
	Bitmap Heap Scan on sbtest5  (cost=22.54..3809.32 rows=986 width=121)
	  Recheck Cond: ((id >= 9888889) AND (id <= 9889888))
	  ->  Bitmap Index Scan on sbtest5_pkey  (cost=0.00..22.29 rows=986 width=0)
	        Index Cond: ((id >= 9888889) AND (id <= 9889888))

table 6 : explain SELECT c FROM sbtest6 WHERE id BETWEEN 626010 AND 627009
	Bitmap Heap Scan on sbtest6  (cost=22.31..3722.66 rows=963 width=121)
	  Recheck Cond: ((id >= 626010) AND (id <= 627009))
	  ->  Bitmap Index Scan on sbtest6_pkey  (cost=0.00..22.07 rows=963 width=0)
	        Index Cond: ((id >= 626010) AND (id <= 627009))

table 7 : explain SELECT c FROM sbtest7 WHERE id BETWEEN 4925557 AND 4926556
	Bitmap Heap Scan on sbtest7  (cost=23.06..4002.53 rows=1037 width=121)
	  Recheck Cond: ((id >= 4925557) AND (id <= 4926556))
	  ->  Bitmap Index Scan on sbtest7_pkey  (cost=0.00..22.80 rows=1037 width=0)
	        Index Cond: ((id >= 4925557) AND (id <= 4926556))

table 8 : explain SELECT c FROM sbtest8 WHERE id BETWEEN 3333928 AND 3334927
	Bitmap Heap Scan on sbtest8  (cost=22.83..3915.88 rows=1014 width=121)
	  Recheck Cond: ((id >= 3333928) AND (id <= 3334927))
	  ->  Bitmap Index Scan on sbtest8_pkey  (cost=0.00..22.57 rows=1014 width=0)
	        Index Cond: ((id >= 3333928) AND (id <= 3334927))

for: distinct_ranges
table 1 : explain SELECT DISTINCT c FROM sbtest1 WHERE id BETWEEN 7548658 AND 7549657 ORDER BY c
	Unique  (cost=3733.59..3738.36 rows=954 width=121)
	  ->  Sort  (cost=3733.59..3735.98 rows=954 width=121)
	        Sort Key: c
	        ->  Bitmap Heap Scan on sbtest1  (cost=22.21..3686.38 rows=954 width=121)
	              Recheck Cond: ((id >= 7548658) AND (id <= 7549657))
	              ->  Bitmap Index Scan on sbtest1_pkey  (cost=0.00..21.97 rows=954 width=0)
	                    Index Cond: ((id >= 7548658) AND (id <= 7549657))

table 2 : explain SELECT DISTINCT c FROM sbtest2 WHERE id BETWEEN 9985028 AND 9986027 ORDER BY c
	Unique  (cost=3903.04..3908.03 rows=998 width=121)
	  ->  Sort  (cost=3903.04..3905.53 rows=998 width=121)
	        Sort Key: c
	        ->  Bitmap Heap Scan on sbtest2  (cost=22.66..3853.32 rows=998 width=121)
	              Recheck Cond: ((id >= 9985028) AND (id <= 9986027))
	              ->  Bitmap Index Scan on sbtest2_pkey  (cost=0.00..22.41 rows=998 width=0)
	                    Index Cond: ((id >= 9985028) AND (id <= 9986027))

table 3 : explain SELECT DISTINCT c FROM sbtest3 WHERE id BETWEEN 9123595 AND 9124594 ORDER BY c
	Unique  (cost=3948.98..3954.03 rows=1010 width=121)
	  ->  Sort  (cost=3948.98..3951.50 rows=1010 width=121)
	        Sort Key: c
	        ->  Bitmap Heap Scan on sbtest3  (cost=22.79..3898.58 rows=1010 width=121)
	              Recheck Cond: ((id >= 9123595) AND (id <= 9124594))
	              ->  Bitmap Index Scan on sbtest3_pkey  (cost=0.00..22.54 rows=1010 width=0)
	                    Index Cond: ((id >= 9123595) AND (id <= 9124594))

table 4 : explain SELECT DISTINCT c FROM sbtest4 WHERE id BETWEEN 6070179 AND 6071178 ORDER BY c
	Unique  (cost=3835.37..3840.27 rows=980 width=121)
	  ->  Sort  (cost=3835.37..3837.82 rows=980 width=121)
	        Sort Key: c
	        ->  Bitmap Heap Scan on sbtest4  (cost=22.48..3786.68 rows=980 width=121)
	              Recheck Cond: ((id >= 6070179) AND (id <= 6071178))
	              ->  Bitmap Index Scan on sbtest4_pkey  (cost=0.00..22.23 rows=980 width=0)
	                    Index Cond: ((id >= 6070179) AND (id <= 6071178))

table 5 : explain SELECT DISTINCT c FROM sbtest5 WHERE id BETWEEN 4934309 AND 4935308 ORDER BY c
	Unique  (cost=3877.48..3882.44 rows=991 width=121)
	  ->  Sort  (cost=3877.48..3879.96 rows=991 width=121)
	        Sort Key: c
	        ->  Bitmap Heap Scan on sbtest5  (cost=22.59..3828.17 rows=991 width=121)
	              Recheck Cond: ((id >= 4934309) AND (id <= 4935308))
	              ->  Bitmap Index Scan on sbtest5_pkey  (cost=0.00..22.34 rows=991 width=0)
	                    Index Cond: ((id >= 4934309) AND (id <= 4935308))

table 6 : explain SELECT DISTINCT c FROM sbtest6 WHERE id BETWEEN 8149816 AND 8150815 ORDER BY c
	Unique  (cost=3797.18..3802.03 rows=970 width=121)
	  ->  Sort  (cost=3797.18..3799.61 rows=970 width=121)
	        Sort Key: c
	        ->  Bitmap Heap Scan on sbtest6  (cost=22.38..3749.06 rows=970 width=121)
	              Recheck Cond: ((id >= 8149816) AND (id <= 8150815))
	              ->  Bitmap Index Scan on sbtest6_pkey  (cost=0.00..22.14 rows=970 width=0)
	                    Index Cond: ((id >= 8149816) AND (id <= 8150815))

table 7 : explain SELECT DISTINCT c FROM sbtest7 WHERE id BETWEEN 9980788 AND 9981787 ORDER BY c
	Unique  (cost=3920.64..3925.65 rows=1002 width=121)
	  ->  Sort  (cost=3920.64..3923.15 rows=1002 width=121)
	        Sort Key: c
	        ->  Bitmap Heap Scan on sbtest7  (cost=22.71..3870.70 rows=1002 width=121)
	              Recheck Cond: ((id >= 9980788) AND (id <= 9981787))
	              ->  Bitmap Index Scan on sbtest7_pkey  (cost=0.00..22.45 rows=1002 width=0)
	                    Index Cond: ((id >= 9980788) AND (id <= 9981787))

table 8 : explain SELECT DISTINCT c FROM sbtest8 WHERE id BETWEEN 1456747 AND 1457746 ORDER BY c
	Unique  (cost=3752.15..3756.94 rows=958 width=121)
	  ->  Sort  (cost=3752.15..3754.54 rows=958 width=121)
	        Sort Key: c
	        ->  Bitmap Heap Scan on sbtest8  (cost=22.25..3704.71 rows=958 width=121)
	              Recheck Cond: ((id >= 1456747) AND (id <= 1457746))
	              ->  Bitmap Index Scan on sbtest8_pkey  (cost=0.00..22.01 rows=958 width=0)
	                    Index Cond: ((id >= 1456747) AND (id <= 1457746))

for: sum_ranges
table 1 : explain SELECT SUM(k) FROM sbtest1 WHERE id BETWEEN 8465403 AND 8466402
	Aggregate  (cost=4196.87..4196.88 rows=1 width=8)
	  ->  Bitmap Heap Scan on sbtest1  (cost=23.60..4194.15 rows=1089 width=4)
	        Recheck Cond: ((id >= 8465403) AND (id <= 8466402))
	        ->  Bitmap Index Scan on sbtest1_pkey  (cost=0.00..23.32 rows=1089 width=0)
	              Index Cond: ((id >= 8465403) AND (id <= 8466402))

table 2 : explain SELECT SUM(k) FROM sbtest2 WHERE id BETWEEN 71235 AND 72234
	Aggregate  (cost=4104.26..4104.27 rows=1 width=8)
	  ->  Bitmap Heap Scan on sbtest2  (cost=23.34..4101.60 rows=1064 width=4)
	        Recheck Cond: ((id >= 71235) AND (id <= 72234))
	        ->  Bitmap Index Scan on sbtest2_pkey  (cost=0.00..23.07 rows=1064 width=0)
	              Index Cond: ((id >= 71235) AND (id <= 72234))

table 3 : explain SELECT SUM(k) FROM sbtest3 WHERE id BETWEEN 989881 AND 990880
	Aggregate  (cost=3769.18..3769.19 rows=1 width=8)
	  ->  Bitmap Heap Scan on sbtest3  (cost=22.43..3766.74 rows=975 width=4)
	        Recheck Cond: ((id >= 989881) AND (id <= 990880))
	        ->  Bitmap Index Scan on sbtest3_pkey  (cost=0.00..22.18 rows=975 width=0)
	              Index Cond: ((id >= 989881) AND (id <= 990880))

table 4 : explain SELECT SUM(k) FROM sbtest4 WHERE id BETWEEN 5051243 AND 5052242
	Aggregate  (cost=4226.14..4226.15 rows=1 width=8)
	  ->  Bitmap Heap Scan on sbtest4  (cost=27.66..4223.40 rows=1095 width=4)
	        Recheck Cond: ((id >= 5051243) AND (id <= 5052242))
	        ->  Bitmap Index Scan on sbtest4_pkey  (cost=0.00..27.39 rows=1095 width=0)
	              Index Cond: ((id >= 5051243) AND (id <= 5052242))

table 5 : explain SELECT SUM(k) FROM sbtest5 WHERE id BETWEEN 1466393 AND 1467392
	Aggregate  (cost=3815.56..3815.57 rows=1 width=8)
	  ->  Bitmap Heap Scan on sbtest5  (cost=22.55..3813.09 rows=987 width=4)
	        Recheck Cond: ((id >= 1466393) AND (id <= 1467392))
	        ->  Bitmap Index Scan on sbtest5_pkey  (cost=0.00..22.30 rows=987 width=0)
	              Index Cond: ((id >= 1466393) AND (id <= 1467392))

table 6 : explain SELECT SUM(k) FROM sbtest6 WHERE id BETWEEN 8534471 AND 8535470
	Aggregate  (cost=3830.72..3830.73 rows=1 width=8)
	  ->  Bitmap Heap Scan on sbtest6  (cost=22.59..3828.24 rows=991 width=4)
	        Recheck Cond: ((id >= 8534471) AND (id <= 8535470))
	        ->  Bitmap Index Scan on sbtest6_pkey  (cost=0.00..22.34 rows=991 width=0)
	              Index Cond: ((id >= 8534471) AND (id <= 8535470))

table 7 : explain SELECT SUM(k) FROM sbtest7 WHERE id BETWEEN 1518709 AND 1519708
	Aggregate  (cost=3688.25..3688.26 rows=1 width=8)
	  ->  Bitmap Heap Scan on sbtest7  (cost=22.20..3685.87 rows=953 width=4)
	        Recheck Cond: ((id >= 1518709) AND (id <= 1519708))
	        ->  Bitmap Index Scan on sbtest7_pkey  (cost=0.00..21.96 rows=953 width=0)
	              Index Cond: ((id >= 1518709) AND (id <= 1519708))

table 8 : explain SELECT SUM(k) FROM sbtest8 WHERE id BETWEEN 4739180 AND 4740179
	Aggregate  (cost=3377.99..3378.00 rows=1 width=8)
	  ->  Bitmap Heap Scan on sbtest8  (cost=21.36..3375.81 rows=871 width=4)
	        Recheck Cond: ((id >= 4739180) AND (id <= 4740179))
	        ->  Bitmap Index Scan on sbtest8_pkey  (cost=0.00..21.14 rows=871 width=0)
	              Index Cond: ((id >= 4739180) AND (id <= 4740179))

for: order_ranges
table 1 : explain SELECT c FROM sbtest1 WHERE id BETWEEN 7092806 AND 7093805 ORDER BY c
	Sort  (cost=4237.65..4240.36 rows=1086 width=121)
	  Sort Key: c
	  ->  Bitmap Heap Scan on sbtest1  (cost=23.57..4182.89 rows=1086 width=121)
	        Recheck Cond: ((id >= 7092806) AND (id <= 7093805))
	        ->  Bitmap Index Scan on sbtest1_pkey  (cost=0.00..23.29 rows=1086 width=0)
	              Index Cond: ((id >= 7092806) AND (id <= 7093805))

table 2 : explain SELECT c FROM sbtest2 WHERE id BETWEEN 6661757 AND 6662756 ORDER BY c
	Sort  (cost=4032.95..4035.53 rows=1032 width=121)
	  Sort Key: c
	  ->  Bitmap Heap Scan on sbtest2  (cost=23.01..3981.29 rows=1032 width=121)
	        Recheck Cond: ((id >= 6661757) AND (id <= 6662756))
	        ->  Bitmap Index Scan on sbtest2_pkey  (cost=0.00..22.75 rows=1032 width=0)
	              Index Cond: ((id >= 6661757) AND (id <= 6662756))

table 3 : explain SELECT c FROM sbtest3 WHERE id BETWEEN 4959751 AND 4960750 ORDER BY c
	Sort  (cost=4097.93..4100.55 rows=1049 width=121)
	  Sort Key: c
	  ->  Bitmap Heap Scan on sbtest3  (cost=23.19..4045.30 rows=1049 width=121)
	        Recheck Cond: ((id >= 4959751) AND (id <= 4960750))
	        ->  Bitmap Index Scan on sbtest3_pkey  (cost=0.00..22.93 rows=1049 width=0)
	              Index Cond: ((id >= 4959751) AND (id <= 4960750))

table 4 : explain SELECT c FROM sbtest4 WHERE id BETWEEN 8526158 AND 8527157 ORDER BY c
	Sort  (cost=4358.82..4361.61 rows=1117 width=121)
	  Sort Key: c
	  ->  Bitmap Heap Scan on sbtest4  (cost=27.88..4302.27 rows=1117 width=121)
	        Recheck Cond: ((id >= 8526158) AND (id <= 8527157))
	        ->  Bitmap Index Scan on sbtest4_pkey  (cost=0.00..27.61 rows=1117 width=0)
	              Index Cond: ((id >= 8526158) AND (id <= 8527157))

table 5 : explain SELECT c FROM sbtest5 WHERE id BETWEEN 2743461 AND 2744460 ORDER BY c
	Sort  (cost=3942.50..3945.02 rows=1008 width=121)
	  Sort Key: c
	  ->  Bitmap Heap Scan on sbtest5  (cost=22.77..3892.22 rows=1008 width=121)
	        Recheck Cond: ((id >= 2743461) AND (id <= 2744460))
	        ->  Bitmap Index Scan on sbtest5_pkey  (cost=0.00..22.51 rows=1008 width=0)
	              Index Cond: ((id >= 2743461) AND (id <= 2744460))

table 6 : explain SELECT c FROM sbtest6 WHERE id BETWEEN 8968378 AND 8969377 ORDER BY c
	Sort  (cost=4397.03..4399.85 rows=1127 width=121)
	  Sort Key: c
	  ->  Bitmap Heap Scan on sbtest6  (cost=27.99..4339.91 rows=1127 width=121)
	        Recheck Cond: ((id >= 8968378) AND (id <= 8969377))
	        ->  Bitmap Index Scan on sbtest6_pkey  (cost=0.00..27.70 rows=1127 width=0)
	              Index Cond: ((id >= 8968378) AND (id <= 8969377))

table 7 : explain SELECT c FROM sbtest7 WHERE id BETWEEN 8895501 AND 8896500 ORDER BY c
	Sort  (cost=3763.67..3766.08 rows=961 width=121)
	  Sort Key: c
	  ->  Bitmap Heap Scan on sbtest7  (cost=22.29..3716.06 rows=961 width=121)
	        Recheck Cond: ((id >= 8895501) AND (id <= 8896500))
	        ->  Bitmap Index Scan on sbtest7_pkey  (cost=0.00..22.04 rows=961 width=0)
	              Index Cond: ((id >= 8895501) AND (id <= 8896500))

table 8 : explain SELECT c FROM sbtest8 WHERE id BETWEEN 1374263 AND 1375262 ORDER BY c
	Sort  (cost=3472.13..3474.34 rows=885 width=121)
	  Sort Key: c
	  ->  Bitmap Heap Scan on sbtest8  (cost=21.51..3428.81 rows=885 width=121)
	        Recheck Cond: ((id >= 1374263) AND (id <= 1375262))
	        ->  Bitmap Index Scan on sbtest8_pkey  (cost=0.00..21.29 rows=885 width=0)
	              Index Cond: ((id >= 1374263) AND (id <= 1375262))

for: simple_ranges
table 1 : explain SELECT c FROM sbtest1 WHERE id BETWEEN 6099746 AND 6100745
	Bitmap Heap Scan on sbtest1  (cost=22.65..3848.37 rows=997 width=121)
	  Recheck Cond: ((id >= 6099746) AND (id <= 6100745))
	  ->  Bitmap Index Scan on sbtest1_pkey  (cost=0.00..22.40 rows=997 width=0)
	        Index Cond: ((id >= 6099746) AND (id <= 6100745))

table 2 : explain SELECT c FROM sbtest2 WHERE id BETWEEN 9045794 AND 9046793
	Bitmap Heap Scan on sbtest2  (cost=22.06..3630.90 rows=939 width=121)
	  Recheck Cond: ((id >= 9045794) AND (id <= 9046793))
	  ->  Bitmap Index Scan on sbtest2_pkey  (cost=0.00..21.82 rows=939 width=0)
	        Index Cond: ((id >= 9045794) AND (id <= 9046793))

table 3 : explain SELECT c FROM sbtest3 WHERE id BETWEEN 8451224 AND 8452223
	Bitmap Heap Scan on sbtest3  (cost=22.08..3638.51 rows=941 width=121)
	  Recheck Cond: ((id >= 8451224) AND (id <= 8452223))
	  ->  Bitmap Index Scan on sbtest3_pkey  (cost=0.00..21.84 rows=941 width=0)
	        Index Cond: ((id >= 8451224) AND (id <= 8452223))

table 4 : explain SELECT c FROM sbtest4 WHERE id BETWEEN 7572510 AND 7573509
	Bitmap Heap Scan on sbtest4  (cost=22.11..3650.87 rows=944 width=121)
	  Recheck Cond: ((id >= 7572510) AND (id <= 7573509))
	  ->  Bitmap Index Scan on sbtest4_pkey  (cost=0.00..21.87 rows=944 width=0)
	        Index Cond: ((id >= 7572510) AND (id <= 7573509))

table 5 : explain SELECT c FROM sbtest5 WHERE id BETWEEN 9243720 AND 9244719
	Bitmap Heap Scan on sbtest5  (cost=27.90..4309.80 rows=1119 width=121)
	  Recheck Cond: ((id >= 9243720) AND (id <= 9244719))
	  ->  Bitmap Index Scan on sbtest5_pkey  (cost=0.00..27.62 rows=1119 width=0)
	        Index Cond: ((id >= 9243720) AND (id <= 9244719))

table 6 : explain SELECT c FROM sbtest6 WHERE id BETWEEN 2953335 AND 2954334
	Bitmap Heap Scan on sbtest6  (cost=27.77..4261.09 rows=1106 width=121)
	  Recheck Cond: ((id >= 2953335) AND (id <= 2954334))
	  ->  Bitmap Index Scan on sbtest6_pkey  (cost=0.00..27.50 rows=1106 width=0)
	        Index Cond: ((id >= 2953335) AND (id <= 2954334))

table 7 : explain SELECT c FROM sbtest7 WHERE id BETWEEN 7463943 AND 7464942
	Bitmap Heap Scan on sbtest7  (cost=22.88..3934.75 rows=1019 width=121)
	  Recheck Cond: ((id >= 7463943) AND (id <= 7464942))
	  ->  Bitmap Index Scan on sbtest7_pkey  (cost=0.00..22.62 rows=1019 width=0)
	        Index Cond: ((id >= 7463943) AND (id <= 7464942))

table 8 : explain SELECT c FROM sbtest8 WHERE id BETWEEN 8609444 AND 8610443
	Bitmap Heap Scan on sbtest8  (cost=22.10..3648.07 rows=943 width=121)
	  Recheck Cond: ((id >= 8609444) AND (id <= 8610443))
	  ->  Bitmap Index Scan on sbtest8_pkey  (cost=0.00..21.86 rows=943 width=0)
	        Index Cond: ((id >= 8609444) AND (id <= 8610443))

for: sum_ranges
table 1 : explain SELECT SUM(k) FROM sbtest1 WHERE id BETWEEN 4871189 AND 4872188
	Aggregate  (cost=4084.16..4084.17 rows=1 width=8)
	  ->  Bitmap Heap Scan on sbtest1  (cost=23.29..4081.51 rows=1059 width=4)
	        Recheck Cond: ((id >= 4871189) AND (id <= 4872188))
	        ->  Bitmap Index Scan on sbtest1_pkey  (cost=0.00..23.02 rows=1059 width=0)
	              Index Cond: ((id >= 4871189) AND (id <= 4872188))

table 2 : explain SELECT SUM(k) FROM sbtest2 WHERE id BETWEEN 9265657 AND 9266656
	Aggregate  (cost=3674.78..3674.79 rows=1 width=8)
	  ->  Bitmap Heap Scan on sbtest2  (cost=22.17..3672.40 rows=950 width=4)
	        Recheck Cond: ((id >= 9265657) AND (id <= 9266656))
	        ->  Bitmap Index Scan on sbtest2_pkey  (cost=0.00..21.93 rows=950 width=0)
	              Index Cond: ((id >= 9265657) AND (id <= 9266656))

table 3 : explain SELECT SUM(k) FROM sbtest3 WHERE id BETWEEN 1283819 AND 1284818
	Aggregate  (cost=4172.00..4172.01 rows=1 width=8)
	  ->  Bitmap Heap Scan on sbtest3  (cost=23.53..4169.29 rows=1082 width=4)
	        Recheck Cond: ((id >= 1283819) AND (id <= 1284818))
	        ->  Bitmap Index Scan on sbtest3_pkey  (cost=0.00..23.25 rows=1082 width=0)
	              Index Cond: ((id >= 1283819) AND (id <= 1284818))

table 4 : explain SELECT SUM(k) FROM sbtest4 WHERE id BETWEEN 6476248 AND 6477247
	Aggregate  (cost=3902.25..3902.26 rows=1 width=8)
	  ->  Bitmap Heap Scan on sbtest4  (cost=22.79..3899.73 rows=1010 width=4)
	        Recheck Cond: ((id >= 6476248) AND (id <= 6477247))
	        ->  Bitmap Index Scan on sbtest4_pkey  (cost=0.00..22.54 rows=1010 width=0)
	              Index Cond: ((id >= 6476248) AND (id <= 6477247))

table 5 : explain SELECT SUM(k) FROM sbtest5 WHERE id BETWEEN 4219690 AND 4220689
	Aggregate  (cost=3936.19..3936.20 rows=1 width=8)
	  ->  Bitmap Heap Scan on sbtest5  (cost=22.88..3933.64 rows=1019 width=4)
	        Recheck Cond: ((id >= 4219690) AND (id <= 4220689))
	        ->  Bitmap Index Scan on sbtest5_pkey  (cost=0.00..22.62 rows=1019 width=0)
	              Index Cond: ((id >= 4219690) AND (id <= 4220689))

table 6 : explain SELECT SUM(k) FROM sbtest6 WHERE id BETWEEN 3445115 AND 3446114
	Aggregate  (cost=4000.30..4000.31 rows=1 width=8)
	  ->  Bitmap Heap Scan on sbtest6  (cost=23.05..3997.71 rows=1036 width=4)
	        Recheck Cond: ((id >= 3445115) AND (id <= 3446114))
	        ->  Bitmap Index Scan on sbtest6_pkey  (cost=0.00..22.79 rows=1036 width=0)
	              Index Cond: ((id >= 3445115) AND (id <= 3446114))

table 7 : explain SELECT SUM(k) FROM sbtest7 WHERE id BETWEEN 260222 AND 261221
	Aggregate  (cost=3824.16..3824.17 rows=1 width=8)
	  ->  Bitmap Heap Scan on sbtest7  (cost=22.57..3821.69 rows=989 width=4)
	        Recheck Cond: ((id >= 260222) AND (id <= 261221))
	        ->  Bitmap Index Scan on sbtest7_pkey  (cost=0.00..22.32 rows=989 width=0)
	              Index Cond: ((id >= 260222) AND (id <= 261221))

table 8 : explain SELECT SUM(k) FROM sbtest8 WHERE id BETWEEN 5587339 AND 5588338
	Aggregate  (cost=3593.73..3593.74 rows=1 width=8)
	  ->  Bitmap Heap Scan on sbtest8  (cost=21.95..3591.41 rows=928 width=4)
	        Recheck Cond: ((id >= 5587339) AND (id <= 5588338))
	        ->  Bitmap Index Scan on sbtest8_pkey  (cost=0.00..21.71 rows=928 width=0)
	              Index Cond: ((id >= 5587339) AND (id <= 5588338))

for: order_ranges
table 1 : explain SELECT c FROM sbtest1 WHERE id BETWEEN 5119104 AND 5120103 ORDER BY c
	Sort  (cost=3768.03..3770.44 rows=963 width=121)
	  Sort Key: c
	  ->  Bitmap Heap Scan on sbtest1  (cost=22.31..3720.31 rows=963 width=121)
	        Recheck Cond: ((id >= 5119104) AND (id <= 5120103))
	        ->  Bitmap Index Scan on sbtest1_pkey  (cost=0.00..22.07 rows=963 width=0)
	              Index Cond: ((id >= 5119104) AND (id <= 5120103))

table 2 : explain SELECT c FROM sbtest2 WHERE id BETWEEN 5413049 AND 5414048 ORDER BY c
	Sort  (cost=4132.20..4134.85 rows=1058 width=121)
	  Sort Key: c
	  ->  Bitmap Heap Scan on sbtest2  (cost=23.28..4079.05 rows=1058 width=121)
	        Recheck Cond: ((id >= 5413049) AND (id <= 5414048))
	        ->  Bitmap Index Scan on sbtest2_pkey  (cost=0.00..23.01 rows=1058 width=0)
	              Index Cond: ((id >= 5413049) AND (id <= 5414048))

table 3 : explain SELECT c FROM sbtest3 WHERE id BETWEEN 7482600 AND 7483599 ORDER BY c
	Sort  (cost=3922.22..3924.73 rows=1003 width=121)
	  Sort Key: c
	  ->  Bitmap Heap Scan on sbtest3  (cost=22.72..3872.22 rows=1003 width=121)
	        Recheck Cond: ((id >= 7482600) AND (id <= 7483599))
	        ->  Bitmap Index Scan on sbtest3_pkey  (cost=0.00..22.46 rows=1003 width=0)
	              Index Cond: ((id >= 7482600) AND (id <= 7483599))

table 4 : explain SELECT c FROM sbtest4 WHERE id BETWEEN 2159450 AND 2160449 ORDER BY c
	Sort  (cost=4038.03..4040.61 rows=1033 width=121)
	  Sort Key: c
	  ->  Bitmap Heap Scan on sbtest4  (cost=23.02..3986.32 rows=1033 width=121)
	        Recheck Cond: ((id >= 2159450) AND (id <= 2160449))
	        ->  Bitmap Index Scan on sbtest4_pkey  (cost=0.00..22.76 rows=1033 width=0)
	              Index Cond: ((id >= 2159450) AND (id <= 2160449))

table 5 : explain SELECT c FROM sbtest5 WHERE id BETWEEN 4961037 AND 4962036 ORDER BY c
	Sort  (cost=3957.80..3960.33 rows=1012 width=121)
	  Sort Key: c
	  ->  Bitmap Heap Scan on sbtest5  (cost=22.81..3907.28 rows=1012 width=121)
	        Recheck Cond: ((id >= 4961037) AND (id <= 4962036))
	        ->  Bitmap Index Scan on sbtest5_pkey  (cost=0.00..22.55 rows=1012 width=0)
	              Index Cond: ((id >= 4961037) AND (id <= 4962036))

table 6 : explain SELECT c FROM sbtest6 WHERE id BETWEEN 9071316 AND 9072315 ORDER BY c
	Sort  (cost=4324.63..4327.40 rows=1108 width=121)
	  Sort Key: c
	  ->  Bitmap Heap Scan on sbtest6  (cost=27.79..4268.60 rows=1108 width=121)
	        Recheck Cond: ((id >= 9071316) AND (id <= 9072315))
	        ->  Bitmap Index Scan on sbtest6_pkey  (cost=0.00..27.51 rows=1108 width=0)
	              Index Cond: ((id >= 9071316) AND (id <= 9072315))

table 7 : explain SELECT c FROM sbtest7 WHERE id BETWEEN 5212499 AND 5213498 ORDER BY c
	Sort  (cost=4157.62..4160.28 rows=1064 width=121)
	  Sort Key: c
	  ->  Bitmap Heap Scan on sbtest7  (cost=23.34..4104.13 rows=1064 width=121)
	        Recheck Cond: ((id >= 5212499) AND (id <= 5213498))
	        ->  Bitmap Index Scan on sbtest7_pkey  (cost=0.00..23.07 rows=1064 width=0)
	              Index Cond: ((id >= 5212499) AND (id <= 5213498))

table 8 : explain SELECT c FROM sbtest8 WHERE id BETWEEN 7013009 AND 7014008 ORDER BY c
	Sort  (cost=4104.29..4106.92 rows=1049 width=121)
	  Sort Key: c
	  ->  Bitmap Heap Scan on sbtest8  (cost=27.19..4051.66 rows=1049 width=121)
	        Recheck Cond: ((id >= 7013009) AND (id <= 7014008))
	        ->  Bitmap Index Scan on sbtest8_pkey  (cost=0.00..26.93 rows=1049 width=0)
	              Index Cond: ((id >= 7013009) AND (id <= 7014008))

for: distinct_ranges
table 1 : explain SELECT DISTINCT c FROM sbtest1 WHERE id BETWEEN 3653428 AND 3654427 ORDER BY c
	Unique  (cost=4230.03..4235.45 rows=1084 width=121)
	  ->  Sort  (cost=4230.03..4232.74 rows=1084 width=121)
	        Sort Key: c
	        ->  Bitmap Heap Scan on sbtest1  (cost=23.55..4175.38 rows=1084 width=121)
	              Recheck Cond: ((id >= 3653428) AND (id <= 3654427))
	              ->  Bitmap Index Scan on sbtest1_pkey  (cost=0.00..23.27 rows=1084 width=0)
	                    Index Cond: ((id >= 3653428) AND (id <= 3654427))

table 2 : explain SELECT DISTINCT c FROM sbtest2 WHERE id BETWEEN 8618147 AND 8619146 ORDER BY c
	Unique  (cost=3481.75..3486.19 rows=888 width=121)
	  ->  Sort  (cost=3481.75..3483.97 rows=888 width=121)
	        Sort Key: c
	        ->  Bitmap Heap Scan on sbtest2  (cost=21.54..3438.26 rows=888 width=121)
	              Recheck Cond: ((id >= 8618147) AND (id <= 8619146))
	              ->  Bitmap Index Scan on sbtest2_pkey  (cost=0.00..21.32 rows=888 width=0)
	                    Index Cond: ((id >= 8618147) AND (id <= 8619146))

table 3 : explain SELECT DISTINCT c FROM sbtest3 WHERE id BETWEEN 5799669 AND 5800668 ORDER BY c
	Unique  (cost=3462.62..3467.04 rows=883 width=121)
	  ->  Sort  (cost=3462.62..3464.83 rows=883 width=121)
	        Sort Key: c
	        ->  Bitmap Heap Scan on sbtest3  (cost=21.49..3419.41 rows=883 width=121)
	              Recheck Cond: ((id >= 5799669) AND (id <= 5800668))
	              ->  Bitmap Index Scan on sbtest3_pkey  (cost=0.00..21.26 rows=883 width=0)
	                    Index Cond: ((id >= 5799669) AND (id <= 5800668))

table 4 : explain SELECT DISTINCT c FROM sbtest4 WHERE id BETWEEN 5892053 AND 5893052 ORDER BY c
	Unique  (cost=3789.44..3794.28 rows=968 width=121)
	  ->  Sort  (cost=3789.44..3791.86 rows=968 width=121)
	        Sort Key: c
	        ->  Bitmap Heap Scan on sbtest4  (cost=22.36..3741.43 rows=968 width=121)
	              Recheck Cond: ((id >= 5892053) AND (id <= 5893052))
	              ->  Bitmap Index Scan on sbtest4_pkey  (cost=0.00..22.11 rows=968 width=0)
	                    Index Cond: ((id >= 5892053) AND (id <= 5893052))

table 5 : explain SELECT DISTINCT c FROM sbtest5 WHERE id BETWEEN 5137277 AND 5138276 ORDER BY c
	Unique  (cost=4114.45..4119.71 rows=1053 width=121)
	  ->  Sort  (cost=4114.45..4117.08 rows=1053 width=121)
	        Sort Key: c
	        ->  Bitmap Heap Scan on sbtest5  (cost=23.23..4061.58 rows=1053 width=121)
	              Recheck Cond: ((id >= 5137277) AND (id <= 5138276))
	              ->  Bitmap Index Scan on sbtest5_pkey  (cost=0.00..22.96 rows=1053 width=0)
	                    Index Cond: ((id >= 5137277) AND (id <= 5138276))

table 6 : explain SELECT DISTINCT c FROM sbtest6 WHERE id BETWEEN 2771007 AND 2772006 ORDER BY c
	Unique  (cost=4053.41..4058.60 rows=1037 width=121)
	  ->  Sort  (cost=4053.41..4056.01 rows=1037 width=121)
	        Sort Key: c
	        ->  Bitmap Heap Scan on sbtest6  (cost=23.06..4001.47 rows=1037 width=121)
	              Recheck Cond: ((id >= 2771007) AND (id <= 2772006))
	              ->  Bitmap Index Scan on sbtest6_pkey  (cost=0.00..22.80 rows=1037 width=0)
	                    Index Cond: ((id >= 2771007) AND (id <= 2772006))

table 7 : explain SELECT DISTINCT c FROM sbtest7 WHERE id BETWEEN 9888162 AND 9889161 ORDER BY c
	Unique  (cost=3920.64..3925.65 rows=1002 width=121)
	  ->  Sort  (cost=3920.64..3923.15 rows=1002 width=121)
	        Sort Key: c
	        ->  Bitmap Heap Scan on sbtest7  (cost=22.71..3870.70 rows=1002 width=121)
	              Recheck Cond: ((id >= 9888162) AND (id <= 9889161))
	              ->  Bitmap Index Scan on sbtest7_pkey  (cost=0.00..22.45 rows=1002 width=0)
	                    Index Cond: ((id >= 9888162) AND (id <= 9889161))

table 8 : explain SELECT DISTINCT c FROM sbtest8 WHERE id BETWEEN 8009136 AND 8010135 ORDER BY c
	Unique  (cost=4104.29..4109.54 rows=1049 width=121)
	  ->  Sort  (cost=4104.29..4106.92 rows=1049 width=121)
	        Sort Key: c
	        ->  Bitmap Heap Scan on sbtest8  (cost=27.19..4051.66 rows=1049 width=121)
	              Recheck Cond: ((id >= 8009136) AND (id <= 8010135))
	              ->  Bitmap Index Scan on sbtest8_pkey  (cost=0.00..26.93 rows=1049 width=0)
	                    Index Cond: ((id >= 8009136) AND (id <= 8010135))

explain: for point_selects :: explain SELECT c FROM sbtest%u WHERE id=%u
for: distinct_ranges
table 1 : explain SELECT DISTINCT c FROM sbtest1 WHERE id BETWEEN 2918763 AND 2919762 ORDER BY c
	Unique  (cost=3924.78..3929.80 rows=1004 width=121)
	  ->  Sort  (cost=3924.78..3927.29 rows=1004 width=121)
	        Sort Key: c
	        ->  Bitmap Heap Scan on sbtest1  (cost=22.73..3874.72 rows=1004 width=121)
	              Recheck Cond: ((id >= 2918763) AND (id <= 2919762))
	              ->  Bitmap Index Scan on sbtest1_pkey  (cost=0.00..22.47 rows=1004 width=0)
	                    Index Cond: ((id >= 2918763) AND (id <= 2919762))

table 2 : explain SELECT DISTINCT c FROM sbtest2 WHERE id BETWEEN 1721890 AND 1722889 ORDER BY c
	Unique  (cost=3975.65..3980.74 rows=1017 width=121)
	  ->  Sort  (cost=3975.65..3978.20 rows=1017 width=121)
	        Sort Key: c
	        ->  Bitmap Heap Scan on sbtest2  (cost=22.86..3924.85 rows=1017 width=121)
	              Recheck Cond: ((id >= 1721890) AND (id <= 1722889))
	              ->  Bitmap Index Scan on sbtest2_pkey  (cost=0.00..22.61 rows=1017 width=0)
	                    Index Cond: ((id >= 1721890) AND (id <= 1722889))

table 3 : explain SELECT DISTINCT c FROM sbtest3 WHERE id BETWEEN 6914390 AND 6915389 ORDER BY c
	Unique  (cost=3780.70..3785.53 rows=966 width=121)
	  ->  Sort  (cost=3780.70..3783.12 rows=966 width=121)
	        Sort Key: c
	        ->  Bitmap Heap Scan on sbtest3  (cost=22.34..3732.81 rows=966 width=121)
	              Recheck Cond: ((id >= 6914390) AND (id <= 6915389))
	              ->  Bitmap Index Scan on sbtest3_pkey  (cost=0.00..22.09 rows=966 width=0)
	                    Index Cond: ((id >= 6914390) AND (id <= 6915389))

table 4 : explain SELECT DISTINCT c FROM sbtest4 WHERE id BETWEEN 2736558 AND 2737557 ORDER BY c
	Unique  (cost=4286.31..4291.79 rows=1097 width=121)
	  ->  Sort  (cost=4286.31..4289.05 rows=1097 width=121)
	        Sort Key: c
	        ->  Bitmap Heap Scan on sbtest4  (cost=27.68..4230.91 rows=1097 width=121)
	              Recheck Cond: ((id >= 2736558) AND (id <= 2737557))
	              ->  Bitmap Index Scan on sbtest4_pkey  (cost=0.00..27.40 rows=1097 width=0)
	                    Index Cond: ((id >= 2736558) AND (id <= 2737557))

table 5 : explain SELECT DISTINCT c FROM sbtest5 WHERE id BETWEEN 7911390 AND 7912389 ORDER BY c
	Unique  (cost=3640.05..3644.70 rows=929 width=121)
	  ->  Sort  (cost=3640.05..3642.37 rows=929 width=121)
	        Sort Key: c
	        ->  Bitmap Heap Scan on sbtest5  (cost=21.96..3594.25 rows=929 width=121)
	              Recheck Cond: ((id >= 7911390) AND (id <= 7912389))
	              ->  Bitmap Index Scan on sbtest5_pkey  (cost=0.00..21.72 rows=929 width=0)
	                    Index Cond: ((id >= 7911390) AND (id <= 7912389))

table 6 : explain SELECT DISTINCT c FROM sbtest6 WHERE id BETWEEN 9349645 AND 9350644 ORDER BY c
	Unique  (cost=4240.47..4245.90 rows=1086 width=121)
	  ->  Sort  (cost=4240.47..4243.18 rows=1086 width=121)
	        Sort Key: c
	        ->  Bitmap Heap Scan on sbtest6  (cost=23.57..4185.70 rows=1086 width=121)
	              Recheck Cond: ((id >= 9349645) AND (id <= 9350644))
	              ->  Bitmap Index Scan on sbtest6_pkey  (cost=0.00..23.29 rows=1086 width=0)
	                    Index Cond: ((id >= 9349645) AND (id <= 9350644))

table 7 : explain SELECT DISTINCT c FROM sbtest7 WHERE id BETWEEN 2870766 AND 2871765 ORDER BY c
	Unique  (cost=4111.79..4117.05 rows=1052 width=121)
	  ->  Sort  (cost=4111.79..4114.42 rows=1052 width=121)
	        Sort Key: c
	        ->  Bitmap Heap Scan on sbtest7  (cost=23.22..4058.99 rows=1052 width=121)
	              Recheck Cond: ((id >= 2870766) AND (id <= 2871765))
	              ->  Bitmap Index Scan on sbtest7_pkey  (cost=0.00..22.95 rows=1052 width=0)
	                    Index Cond: ((id >= 2870766) AND (id <= 2871765))

table 8 : explain SELECT DISTINCT c FROM sbtest8 WHERE id BETWEEN 4861826 AND 4862825 ORDER BY c
	Unique  (cost=3867.03..3871.97 rows=988 width=121)
	  ->  Sort  (cost=3867.03..3869.50 rows=988 width=121)
	        Sort Key: c
	        ->  Bitmap Heap Scan on sbtest8  (cost=22.56..3817.89 rows=988 width=121)
	              Recheck Cond: ((id >= 4861826) AND (id <= 4862825))
	              ->  Bitmap Index Scan on sbtest8_pkey  (cost=0.00..22.32 rows=988 width=0)
	                    Index Cond: ((id >= 4861826) AND (id <= 4862825))

for: order_ranges
table 1 : explain SELECT c FROM sbtest1 WHERE id BETWEEN 5856115 AND 5857114 ORDER BY c
	Sort  (cost=3450.07..3452.27 rows=880 width=121)
	  Sort Key: c
	  ->  Bitmap Heap Scan on sbtest1  (cost=21.45..3407.03 rows=880 width=121)
	        Recheck Cond: ((id >= 5856115) AND (id <= 5857114))
	        ->  Bitmap Index Scan on sbtest1_pkey  (cost=0.00..21.23 rows=880 width=0)
	              Index Cond: ((id >= 5856115) AND (id <= 5857114))

table 2 : explain SELECT c FROM sbtest2 WHERE id BETWEEN 5055370 AND 5056369 ORDER BY c
	Sort  (cost=3654.28..3656.61 rows=933 width=121)
	  Sort Key: c
	  ->  Bitmap Heap Scan on sbtest2  (cost=22.00..3608.26 rows=933 width=121)
	        Recheck Cond: ((id >= 5055370) AND (id <= 5056369))
	        ->  Bitmap Index Scan on sbtest2_pkey  (cost=0.00..21.76 rows=933 width=0)
	              Index Cond: ((id >= 5055370) AND (id <= 5056369))

table 3 : explain SELECT c FROM sbtest3 WHERE id BETWEEN 2239237 AND 2240236 ORDER BY c
	Sort  (cost=3991.01..3993.56 rows=1021 width=121)
	  Sort Key: c
	  ->  Bitmap Heap Scan on sbtest3  (cost=22.90..3939.98 rows=1021 width=121)
	        Recheck Cond: ((id >= 2239237) AND (id <= 2240236))
	        ->  Bitmap Index Scan on sbtest3_pkey  (cost=0.00..22.64 rows=1021 width=0)
	              Index Cond: ((id >= 2239237) AND (id <= 2240236))

table 4 : explain SELECT c FROM sbtest4 WHERE id BETWEEN 6952241 AND 6953240 ORDER BY c
	Sort  (cost=4343.57..4346.36 rows=1113 width=121)
	  Sort Key: c
	  ->  Bitmap Heap Scan on sbtest4  (cost=27.84..4287.25 rows=1113 width=121)
	        Recheck Cond: ((id >= 6952241) AND (id <= 6953240))
	        ->  Bitmap Index Scan on sbtest4_pkey  (cost=0.00..27.57 rows=1113 width=0)
	              Index Cond: ((id >= 6952241) AND (id <= 6953240))

table 5 : explain SELECT c FROM sbtest5 WHERE id BETWEEN 5918135 AND 5919134 ORDER BY c
	Sort  (cost=3363.71..3365.86 rows=857 width=121)
	  Sort Key: c
	  ->  Bitmap Heap Scan on sbtest5  (cost=21.22..3321.97 rows=857 width=121)
	        Recheck Cond: ((id >= 5918135) AND (id <= 5919134))
	        ->  Bitmap Index Scan on sbtest5_pkey  (cost=0.00..21.00 rows=857 width=0)
	              Index Cond: ((id >= 5918135) AND (id <= 5919134))

table 6 : explain SELECT c FROM sbtest6 WHERE id BETWEEN 4892692 AND 4893691 ORDER BY c
	Sort  (cost=3628.61..3630.93 rows=926 width=121)
	  Sort Key: c
	  ->  Bitmap Heap Scan on sbtest6  (cost=21.93..3582.99 rows=926 width=121)
	        Recheck Cond: ((id >= 4892692) AND (id <= 4893691))
	        ->  Bitmap Index Scan on sbtest6_pkey  (cost=0.00..21.69 rows=926 width=0)
	              Index Cond: ((id >= 4892692) AND (id <= 4893691))

table 7 : explain SELECT c FROM sbtest7 WHERE id BETWEEN 108370 AND 109369 ORDER BY c
	Sort  (cost=4020.08..4022.65 rows=1028 width=121)
	  Sort Key: c
	  ->  Bitmap Heap Scan on sbtest7  (cost=22.97..3968.65 rows=1028 width=121)
	        Recheck Cond: ((id >= 108370) AND (id <= 109369))
	        ->  Bitmap Index Scan on sbtest7_pkey  (cost=0.00..22.71 rows=1028 width=0)
	              Index Cond: ((id >= 108370) AND (id <= 109369))

table 8 : explain SELECT c FROM sbtest8 WHERE id BETWEEN 4570676 AND 4571675 ORDER BY c
	Sort  (cost=4023.86..4026.44 rows=1029 width=121)
	  Sort Key: c
	  ->  Bitmap Heap Scan on sbtest8  (cost=22.98..3972.38 rows=1029 width=121)
	        Recheck Cond: ((id >= 4570676) AND (id <= 4571675))
	        ->  Bitmap Index Scan on sbtest8_pkey  (cost=0.00..22.72 rows=1029 width=0)
	              Index Cond: ((id >= 4570676) AND (id <= 4571675))

for: distinct_ranges
table 1 : explain SELECT DISTINCT c FROM sbtest1 WHERE id BETWEEN 1637337 AND 1638336 ORDER BY c
	Unique  (cost=3591.92..3596.50 rows=917 width=121)
	  ->  Sort  (cost=3591.92..3594.21 rows=917 width=121)
	        Sort Key: c
	        ->  Bitmap Heap Scan on sbtest1  (cost=21.83..3546.80 rows=917 width=121)
	              Recheck Cond: ((id >= 1637337) AND (id <= 1638336))
	              ->  Bitmap Index Scan on sbtest1_pkey  (cost=0.00..21.61 rows=917 width=0)
	                    Index Cond: ((id >= 1637337) AND (id <= 1638336))

table 2 : explain SELECT DISTINCT c FROM sbtest2 WHERE id BETWEEN 5271385 AND 5272384 ORDER BY c
	Unique  (cost=4063.50..4068.70 rows=1040 width=121)
	  ->  Sort  (cost=4063.50..4066.10 rows=1040 width=121)
	        Sort Key: c
	        ->  Bitmap Heap Scan on sbtest2  (cost=23.09..4011.38 rows=1040 width=121)
	              Recheck Cond: ((id >= 5271385) AND (id <= 5272384))
	              ->  Bitmap Index Scan on sbtest2_pkey  (cost=0.00..22.83 rows=1040 width=0)
	                    Index Cond: ((id >= 5271385) AND (id <= 5272384))

table 3 : explain SELECT DISTINCT c FROM sbtest3 WHERE id BETWEEN 5967675 AND 5968674 ORDER BY c
	Unique  (cost=3971.90..3976.98 rows=1016 width=121)
	  ->  Sort  (cost=3971.90..3974.44 rows=1016 width=121)
	        Sort Key: c
	        ->  Bitmap Heap Scan on sbtest3  (cost=22.85..3921.16 rows=1016 width=121)
	              Recheck Cond: ((id >= 5967675) AND (id <= 5968674))
	              ->  Bitmap Index Scan on sbtest3_pkey  (cost=0.00..22.59 rows=1016 width=0)
	                    Index Cond: ((id >= 5967675) AND (id <= 5968674))

table 4 : explain SELECT DISTINCT c FROM sbtest4 WHERE id BETWEEN 9675291 AND 9676290 ORDER BY c
	Unique  (cost=3938.66..3943.69 rows=1007 width=121)
	  ->  Sort  (cost=3938.66..3941.17 rows=1007 width=121)
	        Sort Key: c
	        ->  Bitmap Heap Scan on sbtest4  (cost=22.76..3888.43 rows=1007 width=121)
	              Recheck Cond: ((id >= 9675291) AND (id <= 9676290))
	              ->  Bitmap Index Scan on sbtest4_pkey  (cost=0.00..22.50 rows=1007 width=0)
	                    Index Cond: ((id >= 9675291) AND (id <= 9676290))

table 5 : explain SELECT DISTINCT c FROM sbtest5 WHERE id BETWEEN 8715756 AND 8716755 ORDER BY c
	Unique  (cost=3823.91..3828.80 rows=977 width=121)
	  ->  Sort  (cost=3823.91..3826.35 rows=977 width=121)
	        Sort Key: c
	        ->  Bitmap Heap Scan on sbtest5  (cost=22.45..3775.39 rows=977 width=121)
	              Recheck Cond: ((id >= 8715756) AND (id <= 8716755))
	              ->  Bitmap Index Scan on sbtest5_pkey  (cost=0.00..22.20 rows=977 width=0)
	                    Index Cond: ((id >= 8715756) AND (id <= 8716755))

table 6 : explain SELECT DISTINCT c FROM sbtest6 WHERE id BETWEEN 9395867 AND 9396866 ORDER BY c
	Unique  (cost=4240.47..4245.90 rows=1086 width=121)
	  ->  Sort  (cost=4240.47..4243.18 rows=1086 width=121)
	        Sort Key: c
	        ->  Bitmap Heap Scan on sbtest6  (cost=23.57..4185.70 rows=1086 width=121)
	              Recheck Cond: ((id >= 9395867) AND (id <= 9396866))
	              ->  Bitmap Index Scan on sbtest6_pkey  (cost=0.00..23.29 rows=1086 width=0)
	                    Index Cond: ((id >= 9395867) AND (id <= 9396866))

table 7 : explain SELECT DISTINCT c FROM sbtest7 WHERE id BETWEEN 2441716 AND 2442715 ORDER BY c
	Unique  (cost=3893.86..3898.83 rows=995 width=121)
	  ->  Sort  (cost=3893.86..3896.34 rows=995 width=121)
	        Sort Key: c
	        ->  Bitmap Heap Scan on sbtest7  (cost=22.63..3844.31 rows=995 width=121)
	              Recheck Cond: ((id >= 2441716) AND (id <= 2442715))
	              ->  Bitmap Index Scan on sbtest7_pkey  (cost=0.00..22.39 rows=995 width=0)
	                    Index Cond: ((id >= 2441716) AND (id <= 2442715))

table 8 : explain SELECT DISTINCT c FROM sbtest8 WHERE id BETWEEN 4461365 AND 4462364 ORDER BY c
	Unique  (cost=3663.99..3668.67 rows=935 width=121)
	  ->  Sort  (cost=3663.99..3666.33 rows=935 width=121)
	        Sort Key: c
	        ->  Bitmap Heap Scan on sbtest8  (cost=22.02..3617.86 rows=935 width=121)
	              Recheck Cond: ((id >= 4461365) AND (id <= 4462364))
	              ->  Bitmap Index Scan on sbtest8_pkey  (cost=0.00..21.79 rows=935 width=0)
	                    Index Cond: ((id >= 4461365) AND (id <= 4462364))

for: sum_ranges
table 1 : explain SELECT SUM(k) FROM sbtest1 WHERE id BETWEEN 9105941 AND 9106940
	Aggregate  (cost=3666.13..3666.14 rows=1 width=8)
	  ->  Bitmap Heap Scan on sbtest1  (cost=22.15..3663.76 rows=948 width=4)
	        Recheck Cond: ((id >= 9105941) AND (id <= 9106940))
	        ->  Bitmap Index Scan on sbtest1_pkey  (cost=0.00..21.91 rows=948 width=0)
	              Index Cond: ((id >= 9105941) AND (id <= 9106940))

table 2 : explain SELECT SUM(k) FROM sbtest2 WHERE id BETWEEN 7077242 AND 7078241
	Aggregate  (cost=3882.20..3882.21 rows=1 width=8)
	  ->  Bitmap Heap Scan on sbtest2  (cost=22.74..3879.68 rows=1005 width=4)
	        Recheck Cond: ((id >= 7077242) AND (id <= 7078241))
	        ->  Bitmap Index Scan on sbtest2_pkey  (cost=0.00..22.48 rows=1005 width=0)
	              Index Cond: ((id >= 7077242) AND (id <= 7078241))

table 3 : explain SELECT SUM(k) FROM sbtest3 WHERE id BETWEEN 9861338 AND 9862337
	Aggregate  (cost=3640.86..3640.87 rows=1 width=8)
	  ->  Bitmap Heap Scan on sbtest3  (cost=22.08..3638.51 rows=941 width=4)
	        Recheck Cond: ((id >= 9861338) AND (id <= 9862337))
	        ->  Bitmap Index Scan on sbtest3_pkey  (cost=0.00..21.84 rows=941 width=0)
	              Index Cond: ((id >= 9861338) AND (id <= 9862337))

table 4 : explain SELECT SUM(k) FROM sbtest4 WHERE id BETWEEN 3991827 AND 3992826
	Aggregate  (cost=3706.10..3706.11 rows=1 width=8)
	  ->  Bitmap Heap Scan on sbtest4  (cost=22.25..3703.71 rows=958 width=4)
	        Recheck Cond: ((id >= 3991827) AND (id <= 3992826))
	        ->  Bitmap Index Scan on sbtest4_pkey  (cost=0.00..22.01 rows=958 width=0)
	              Index Cond: ((id >= 3991827) AND (id <= 3992826))

table 5 : explain SELECT SUM(k) FROM sbtest5 WHERE id BETWEEN 5545950 AND 5546949
	Aggregate  (cost=3437.72..3437.73 rows=1 width=8)
	  ->  Bitmap Heap Scan on sbtest5  (cost=21.53..3435.51 rows=887 width=4)
	        Recheck Cond: ((id >= 5545950) AND (id <= 5546949))
	        ->  Bitmap Index Scan on sbtest5_pkey  (cost=0.00..21.30 rows=887 width=0)
	              Index Cond: ((id >= 5545950) AND (id <= 5546949))

table 6 : explain SELECT SUM(k) FROM sbtest6 WHERE id BETWEEN 9748671 AND 9749670
	Aggregate  (cost=4105.68..4105.69 rows=1 width=8)
	  ->  Bitmap Heap Scan on sbtest6  (cost=23.34..4103.02 rows=1064 width=4)
	        Recheck Cond: ((id >= 9748671) AND (id <= 9749670))
	        ->  Bitmap Index Scan on sbtest6_pkey  (cost=0.00..23.07 rows=1064 width=0)
	              Index Cond: ((id >= 9748671) AND (id <= 9749670))

table 7 : explain SELECT SUM(k) FROM sbtest7 WHERE id BETWEEN 2090917 AND 2091916
	Aggregate  (cost=3620.23..3620.24 rows=1 width=8)
	  ->  Bitmap Heap Scan on sbtest7  (cost=22.02..3617.89 rows=935 width=4)
	        Recheck Cond: ((id >= 2090917) AND (id <= 2091916))
	        ->  Bitmap Index Scan on sbtest7_pkey  (cost=0.00..21.79 rows=935 width=0)
	              Index Cond: ((id >= 2090917) AND (id <= 2091916))

table 8 : explain SELECT SUM(k) FROM sbtest8 WHERE id BETWEEN 6975850 AND 6976849
	Aggregate  (cost=3446.17..3446.18 rows=1 width=8)
	  ->  Bitmap Heap Scan on sbtest8  (cost=21.55..3443.94 rows=889 width=4)
	        Recheck Cond: ((id >= 6975850) AND (id <= 6976849))
	        ->  Bitmap Index Scan on sbtest8_pkey  (cost=0.00..21.32 rows=889 width=0)
	              Index Cond: ((id >= 6975850) AND (id <= 6976849))

explain: for point_selects :: explain SELECT c FROM sbtest%u WHERE id=%u
for: sum_ranges
table 1 : explain SELECT SUM(k) FROM sbtest1 WHERE id BETWEEN 5582762 AND 5583761
	Aggregate  (cost=4598.24..4598.25 rows=1 width=8)
	  ->  Bitmap Heap Scan on sbtest1  (cost=28.69..4595.25 rows=1196 width=4)
	        Recheck Cond: ((id >= 5582762) AND (id <= 5583761))
	        ->  Bitmap Index Scan on sbtest1_pkey  (cost=0.00..28.39 rows=1196 width=0)
	              Index Cond: ((id >= 5582762) AND (id <= 5583761))

table 2 : explain SELECT SUM(k) FROM sbtest2 WHERE id BETWEEN 186963 AND 187962
	Aggregate  (cost=3625.70..3625.71 rows=1 width=8)
	  ->  Bitmap Heap Scan on sbtest2  (cost=22.04..3623.35 rows=937 width=4)
	        Recheck Cond: ((id >= 186963) AND (id <= 187962))
	        ->  Bitmap Index Scan on sbtest2_pkey  (cost=0.00..21.80 rows=937 width=0)
	              Index Cond: ((id >= 186963) AND (id <= 187962))

table 3 : explain SELECT SUM(k) FROM sbtest3 WHERE id BETWEEN 3536697 AND 3537696
	Aggregate  (cost=3674.84..3674.85 rows=1 width=8)
	  ->  Bitmap Heap Scan on sbtest3  (cost=22.17..3672.47 rows=950 width=4)
	        Recheck Cond: ((id >= 3536697) AND (id <= 3537696))
	        ->  Bitmap Index Scan on sbtest3_pkey  (cost=0.00..21.93 rows=950 width=0)
	              Index Cond: ((id >= 3536697) AND (id <= 3537696))

table 4 : explain SELECT SUM(k) FROM sbtest4 WHERE id BETWEEN 7687072 AND 7688071
	Aggregate  (cost=4067.95..4067.96 rows=1 width=8)
	  ->  Bitmap Heap Scan on sbtest4  (cost=23.24..4065.32 rows=1054 width=4)
	        Recheck Cond: ((id >= 7687072) AND (id <= 7688071))
	        ->  Bitmap Index Scan on sbtest4_pkey  (cost=0.00..22.97 rows=1054 width=0)
	              Index Cond: ((id >= 7687072) AND (id <= 7688071))

table 5 : explain SELECT SUM(k) FROM sbtest5 WHERE id BETWEEN 5289679 AND 5290678
	Aggregate  (cost=3543.65..3543.66 rows=1 width=8)
	  ->  Bitmap Heap Scan on sbtest5  (cost=21.81..3541.36 rows=915 width=4)
	        Recheck Cond: ((id >= 5289679) AND (id <= 5290678))
	        ->  Bitmap Index Scan on sbtest5_pkey  (cost=0.00..21.58 rows=915 width=0)
	              Index Cond: ((id >= 5289679) AND (id <= 5290678))

table 6 : explain SELECT SUM(k) FROM sbtest6 WHERE id BETWEEN 4669063 AND 4670062
	Aggregate  (cost=3804.31..3804.32 rows=1 width=8)
	  ->  Bitmap Heap Scan on sbtest6  (cost=22.52..3801.85 rows=984 width=4)
	        Recheck Cond: ((id >= 4669063) AND (id <= 4670062))
	        ->  Bitmap Index Scan on sbtest6_pkey  (cost=0.00..22.27 rows=984 width=0)
	              Index Cond: ((id >= 4669063) AND (id <= 4670062))

table 7 : explain SELECT SUM(k) FROM sbtest7 WHERE id BETWEEN 198802 AND 199801
	Aggregate  (cost=3971.22..3971.23 rows=1 width=8)
	  ->  Bitmap Heap Scan on sbtest7  (cost=22.97..3968.65 rows=1028 width=4)
	        Recheck Cond: ((id >= 198802) AND (id <= 199801))
	        ->  Bitmap Index Scan on sbtest7_pkey  (cost=0.00..22.71 rows=1028 width=0)
	              Index Cond: ((id >= 198802) AND (id <= 199801))

table 8 : explain SELECT SUM(k) FROM sbtest8 WHERE id BETWEEN 4155867 AND 4156866
	Aggregate  (cost=3820.36..3820.37 rows=1 width=8)
	  ->  Bitmap Heap Scan on sbtest8  (cost=22.56..3817.89 rows=988 width=4)
	        Recheck Cond: ((id >= 4155867) AND (id <= 4156866))
	        ->  Bitmap Index Scan on sbtest8_pkey  (cost=0.00..22.32 rows=988 width=0)
	              Index Cond: ((id >= 4155867) AND (id <= 4156866))

for: order_ranges
table 1 : explain SELECT c FROM sbtest1 WHERE id BETWEEN 6168184 AND 6169183 ORDER BY c
	Sort  (cost=3898.03..3900.52 rows=997 width=121)
	  Sort Key: c
	  ->  Bitmap Heap Scan on sbtest1  (cost=22.65..3848.37 rows=997 width=121)
	        Recheck Cond: ((id >= 6168184) AND (id <= 6169183))
	        ->  Bitmap Index Scan on sbtest1_pkey  (cost=0.00..22.40 rows=997 width=0)
	              Index Cond: ((id >= 6168184) AND (id <= 6169183))

table 2 : explain SELECT c FROM sbtest2 WHERE id BETWEEN 6123788 AND 6124787 ORDER BY c
	Sort  (cost=3723.22..3725.60 rows=951 width=121)
	  Sort Key: c
	  ->  Bitmap Heap Scan on sbtest2  (cost=22.18..3676.18 rows=951 width=121)
	        Recheck Cond: ((id >= 6123788) AND (id <= 6124787))
	        ->  Bitmap Index Scan on sbtest2_pkey  (cost=0.00..21.94 rows=951 width=0)
	              Index Cond: ((id >= 6123788) AND (id <= 6124787))

table 3 : explain SELECT c FROM sbtest3 WHERE id BETWEEN 3173836 AND 3174835 ORDER BY c
	Sort  (cost=3642.85..3645.17 rows=930 width=121)
	  Sort Key: c
	  ->  Bitmap Heap Scan on sbtest3  (cost=21.97..3596.99 rows=930 width=121)
	        Recheck Cond: ((id >= 3173836) AND (id <= 3174835))
	        ->  Bitmap Index Scan on sbtest3_pkey  (cost=0.00..21.73 rows=930 width=0)
	              Index Cond: ((id >= 3173836) AND (id <= 3174835))

table 4 : explain SELECT c FROM sbtest4 WHERE id BETWEEN 9442174 AND 9443173 ORDER BY c
	Sort  (cost=3950.13..3952.65 rows=1010 width=121)
	  Sort Key: c
	  ->  Bitmap Heap Scan on sbtest4  (cost=22.79..3899.73 rows=1010 width=121)
	        Recheck Cond: ((id >= 9442174) AND (id <= 9443173))
	        ->  Bitmap Index Scan on sbtest4_pkey  (cost=0.00..22.54 rows=1010 width=0)
	              Index Cond: ((id >= 9442174) AND (id <= 9443173))

table 5 : explain SELECT c FROM sbtest5 WHERE id BETWEEN 7620665 AND 7621664 ORDER BY c
	Sort  (cost=4068.62..4071.22 rows=1041 width=121)
	  Sort Key: c
	  ->  Bitmap Heap Scan on sbtest5  (cost=23.11..4016.45 rows=1041 width=121)
	        Recheck Cond: ((id >= 7620665) AND (id <= 7621664))
	        ->  Bitmap Index Scan on sbtest5_pkey  (cost=0.00..22.84 rows=1041 width=0)
	              Index Cond: ((id >= 7620665) AND (id <= 7621664))

table 6 : explain SELECT c FROM sbtest6 WHERE id BETWEEN 5649789 AND 5650788 ORDER BY c
	Sort  (cost=3789.53..3791.95 rows=968 width=121)
	  Sort Key: c
	  ->  Bitmap Heap Scan on sbtest6  (cost=22.36..3741.52 rows=968 width=121)
	        Recheck Cond: ((id >= 5649789) AND (id <= 5650788))
	        ->  Bitmap Index Scan on sbtest6_pkey  (cost=0.00..22.11 rows=968 width=0)
	              Index Cond: ((id >= 5649789) AND (id <= 5650788))

table 7 : explain SELECT c FROM sbtest7 WHERE id BETWEEN 9790132 AND 9791131 ORDER BY c
	Sort  (cost=4050.66..4053.25 rows=1036 width=121)
	  Sort Key: c
	  ->  Bitmap Heap Scan on sbtest7  (cost=23.05..3998.77 rows=1036 width=121)
	        Recheck Cond: ((id >= 9790132) AND (id <= 9791131))
	        ->  Bitmap Index Scan on sbtest7_pkey  (cost=0.00..22.79 rows=1036 width=0)
	              Index Cond: ((id >= 9790132) AND (id <= 9791131))

table 8 : explain SELECT c FROM sbtest8 WHERE id BETWEEN 9203825 AND 9204824 ORDER BY c
	Sort  (cost=4226.48..4229.19 rows=1081 width=121)
	  Sort Key: c
	  ->  Bitmap Heap Scan on sbtest8  (cost=27.52..4172.01 rows=1081 width=121)
	        Recheck Cond: ((id >= 9203825) AND (id <= 9204824))
	        ->  Bitmap Index Scan on sbtest8_pkey  (cost=0.00..27.25 rows=1081 width=0)
	              Index Cond: ((id >= 9203825) AND (id <= 9204824))

for: distinct_ranges
table 1 : explain SELECT DISTINCT c FROM sbtest1 WHERE id BETWEEN 6389991 AND 6390990 ORDER BY c
	Unique  (cost=3836.87..3841.78 rows=981 width=121)
	  ->  Sort  (cost=3836.87..3839.32 rows=981 width=121)
	        Sort Key: c
	        ->  Bitmap Heap Scan on sbtest1  (cost=22.49..3788.12 rows=981 width=121)
	              Recheck Cond: ((id >= 6389991) AND (id <= 6390990))
	              ->  Bitmap Index Scan on sbtest1_pkey  (cost=0.00..22.25 rows=981 width=0)
	                    Index Cond: ((id >= 6389991) AND (id <= 6390990))

table 2 : explain SELECT DISTINCT c FROM sbtest2 WHERE id BETWEEN 5347787 AND 5348786 ORDER BY c
	Unique  (cost=4063.50..4068.70 rows=1040 width=121)
	  ->  Sort  (cost=4063.50..4066.10 rows=1040 width=121)
	        Sort Key: c
	        ->  Bitmap Heap Scan on sbtest2  (cost=23.09..4011.38 rows=1040 width=121)
	              Recheck Cond: ((id >= 5347787) AND (id <= 5348786))
	              ->  Bitmap Index Scan on sbtest2_pkey  (cost=0.00..22.83 rows=1040 width=0)
	                    Index Cond: ((id >= 5347787) AND (id <= 5348786))

table 3 : explain SELECT DISTINCT c FROM sbtest3 WHERE id BETWEEN 9805455 AND 9806454 ORDER BY c
	Unique  (cost=3684.99..3689.69 rows=941 width=121)
	  ->  Sort  (cost=3684.99..3687.34 rows=941 width=121)
	        Sort Key: c
	        ->  Bitmap Heap Scan on sbtest3  (cost=22.08..3638.51 rows=941 width=121)
	              Recheck Cond: ((id >= 9805455) AND (id <= 9806454))
	              ->  Bitmap Index Scan on sbtest3_pkey  (cost=0.00..21.84 rows=941 width=0)
	                    Index Cond: ((id >= 9805455) AND (id <= 9806454))

table 4 : explain SELECT DISTINCT c FROM sbtest4 WHERE id BETWEEN 6947349 AND 6948348 ORDER BY c
	Unique  (cost=4343.57..4349.14 rows=1113 width=121)
	  ->  Sort  (cost=4343.57..4346.36 rows=1113 width=121)
	        Sort Key: c
	        ->  Bitmap Heap Scan on sbtest4  (cost=27.84..4287.25 rows=1113 width=121)
	              Recheck Cond: ((id >= 6947349) AND (id <= 6948348))
	              ->  Bitmap Index Scan on sbtest4_pkey  (cost=0.00..27.57 rows=1113 width=0)
	                    Index Cond: ((id >= 6947349) AND (id <= 6948348))

table 5 : explain SELECT DISTINCT c FROM sbtest5 WHERE id BETWEEN 3381218 AND 3382217 ORDER BY c
	Unique  (cost=3911.91..3916.91 rows=1000 width=121)
	  ->  Sort  (cost=3911.91..3914.41 rows=1000 width=121)
	        Sort Key: c
	        ->  Bitmap Heap Scan on sbtest5  (cost=22.68..3862.08 rows=1000 width=121)
	              Recheck Cond: ((id >= 3381218) AND (id <= 3382217))
	              ->  Bitmap Index Scan on sbtest5_pkey  (cost=0.00..22.43 rows=1000 width=0)
	                    Index Cond: ((id >= 3381218) AND (id <= 3382217))

table 6 : explain SELECT DISTINCT c FROM sbtest6 WHERE id BETWEEN 9820291 AND 9821290 ORDER BY c
	Unique  (cost=4244.28..4249.71 rows=1087 width=121)
	  ->  Sort  (cost=4244.28..4247.00 rows=1087 width=121)
	        Sort Key: c
	        ->  Bitmap Heap Scan on sbtest6  (cost=23.58..4189.46 rows=1087 width=121)
	              Recheck Cond: ((id >= 9820291) AND (id <= 9821290))
	              ->  Bitmap Index Scan on sbtest6_pkey  (cost=0.00..23.30 rows=1087 width=0)
	                    Index Cond: ((id >= 9820291) AND (id <= 9821290))

table 7 : explain SELECT DISTINCT c FROM sbtest7 WHERE id BETWEEN 2158040 AND 2159039 ORDER BY c
	Unique  (cost=3955.07..3960.13 rows=1011 width=121)
	  ->  Sort  (cost=3955.07..3957.60 rows=1011 width=121)
	        Sort Key: c
	        ->  Bitmap Heap Scan on sbtest7  (cost=22.80..3904.61 rows=1011 width=121)
	              Recheck Cond: ((id >= 2158040) AND (id <= 2159039))
	              ->  Bitmap Index Scan on sbtest7_pkey  (cost=0.00..22.54 rows=1011 width=0)
	                    Index Cond: ((id >= 2158040) AND (id <= 2159039))

table 8 : explain SELECT DISTINCT c FROM sbtest8 WHERE id BETWEEN 718723 AND 719722 ORDER BY c
	Unique  (cost=3928.26..3933.28 rows=1004 width=121)
	  ->  Sort  (cost=3928.26..3930.77 rows=1004 width=121)
	        Sort Key: c
	        ->  Bitmap Heap Scan on sbtest8  (cost=22.73..3878.20 rows=1004 width=121)
	              Recheck Cond: ((id >= 718723) AND (id <= 719722))
	              ->  Bitmap Index Scan on sbtest8_pkey  (cost=0.00..22.47 rows=1004 width=0)
	                    Index Cond: ((id >= 718723) AND (id <= 719722))

explain: for point_selects :: explain SELECT c FROM sbtest%u WHERE id=%u
for: order_ranges
table 1 : explain SELECT c FROM sbtest1 WHERE id BETWEEN 4906634 AND 4907633 ORDER BY c
	Sort  (cost=4134.72..4137.37 rows=1059 width=121)
	  Sort Key: c
	  ->  Bitmap Heap Scan on sbtest1  (cost=23.29..4081.51 rows=1059 width=121)
	        Recheck Cond: ((id >= 4906634) AND (id <= 4907633))
	        ->  Bitmap Index Scan on sbtest1_pkey  (cost=0.00..23.02 rows=1059 width=0)
	              Index Cond: ((id >= 4906634) AND (id <= 4907633))

table 2 : explain SELECT c FROM sbtest2 WHERE id BETWEEN 4309532 AND 4310531 ORDER BY c
	Sort  (cost=3860.98..3863.45 rows=987 width=121)
	  Sort Key: c
	  ->  Bitmap Heap Scan on sbtest2  (cost=22.55..3811.89 rows=987 width=121)
	        Recheck Cond: ((id >= 4309532) AND (id <= 4310531))
	        ->  Bitmap Index Scan on sbtest2_pkey  (cost=0.00..22.30 rows=987 width=0)
	              Index Cond: ((id >= 4309532) AND (id <= 4310531))

table 3 : explain SELECT c FROM sbtest3 WHERE id BETWEEN 789481 AND 790480 ORDER BY c
	Sort  (cost=3906.93..3909.43 rows=999 width=121)
	  Sort Key: c
	  ->  Bitmap Heap Scan on sbtest3  (cost=22.67..3857.16 rows=999 width=121)
	        Recheck Cond: ((id >= 789481) AND (id <= 790480))
	        ->  Bitmap Index Scan on sbtest3_pkey  (cost=0.00..22.43 rows=999 width=0)
	              Index Cond: ((id >= 789481) AND (id <= 790480))

table 4 : explain SELECT c FROM sbtest4 WHERE id BETWEEN 3046641 AND 3047640 ORDER BY c
	Sort  (cost=3961.60..3964.13 rows=1013 width=121)
	  Sort Key: c
	  ->  Bitmap Heap Scan on sbtest4  (cost=22.82..3911.02 rows=1013 width=121)
	        Recheck Cond: ((id >= 3046641) AND (id <= 3047640))
	        ->  Bitmap Index Scan on sbtest4_pkey  (cost=0.00..22.57 rows=1013 width=0)
	              Index Cond: ((id >= 3046641) AND (id <= 3047640))

table 5 : explain SELECT c FROM sbtest5 WHERE id BETWEEN 55105 AND 56104 ORDER BY c
	Sort  (cost=3555.69..3557.95 rows=907 width=121)
	  Sort Key: c
	  ->  Bitmap Heap Scan on sbtest5  (cost=21.73..3511.13 rows=907 width=121)
	        Recheck Cond: ((id >= 55105) AND (id <= 56104))
	        ->  Bitmap Index Scan on sbtest5_pkey  (cost=0.00..21.50 rows=907 width=0)
	              Index Cond: ((id >= 55105) AND (id <= 56104))

table 6 : explain SELECT c FROM sbtest6 WHERE id BETWEEN 5435710 AND 5436709 ORDER BY c
	Sort  (cost=3827.81..3830.25 rows=978 width=121)
	  Sort Key: c
	  ->  Bitmap Heap Scan on sbtest6  (cost=22.46..3779.23 rows=978 width=121)
	        Recheck Cond: ((id >= 5435710) AND (id <= 5436709))
	        ->  Bitmap Index Scan on sbtest6_pkey  (cost=0.00..22.21 rows=978 width=0)
	              Index Cond: ((id >= 5435710) AND (id <= 5436709))

table 7 : explain SELECT c FROM sbtest7 WHERE id BETWEEN 1796659 AND 1797658 ORDER BY c
	Sort  (cost=3748.35..3750.74 rows=957 width=121)
	  Sort Key: c
	  ->  Bitmap Heap Scan on sbtest7  (cost=22.24..3700.97 rows=957 width=121)
	        Recheck Cond: ((id >= 1796659) AND (id <= 1797658))
	        ->  Bitmap Index Scan on sbtest7_pkey  (cost=0.00..22.00 rows=957 width=0)
	              Index Cond: ((id >= 1796659) AND (id <= 1797658))

table 8 : explain SELECT c FROM sbtest8 WHERE id BETWEEN 1601286 AND 1602285 ORDER BY c
	Sort  (cost=4222.67..4225.37 rows=1080 width=121)
	  Sort Key: c
	  ->  Bitmap Heap Scan on sbtest8  (cost=27.50..4168.25 rows=1080 width=121)
	        Recheck Cond: ((id >= 1601286) AND (id <= 1602285))
	        ->  Bitmap Index Scan on sbtest8_pkey  (cost=0.00..27.23 rows=1080 width=0)
	              Index Cond: ((id >= 1601286) AND (id <= 1602285))

explain: for point_selects :: explain SELECT c FROM sbtest%u WHERE id=%u
for: distinct_ranges
table 1 : explain SELECT DISTINCT c FROM sbtest1 WHERE id BETWEEN 4121745 AND 4122744 ORDER BY c
	Unique  (cost=3614.90..3619.52 rows=923 width=121)
	  ->  Sort  (cost=3614.90..3617.21 rows=923 width=121)
	        Sort Key: c
	        ->  Bitmap Heap Scan on sbtest1  (cost=21.90..3569.45 rows=923 width=121)
	              Recheck Cond: ((id >= 4121745) AND (id <= 4122744))
	              ->  Bitmap Index Scan on sbtest1_pkey  (cost=0.00..21.66 rows=923 width=0)
	                    Index Cond: ((id >= 4121745) AND (id <= 4122744))

table 2 : explain SELECT DISTINCT c FROM sbtest2 WHERE id BETWEEN 3140284 AND 3141283 ORDER BY c
	Unique  (cost=3983.30..3988.39 rows=1019 width=121)
	  ->  Sort  (cost=3983.30..3985.84 rows=1019 width=121)
	        Sort Key: c
	        ->  Bitmap Heap Scan on sbtest2  (cost=22.88..3932.38 rows=1019 width=121)
	              Recheck Cond: ((id >= 3140284) AND (id <= 3141283))
	              ->  Bitmap Index Scan on sbtest2_pkey  (cost=0.00..22.62 rows=1019 width=0)
	                    Index Cond: ((id >= 3140284) AND (id <= 3141283))

table 3 : explain SELECT DISTINCT c FROM sbtest3 WHERE id BETWEEN 1951228 AND 1952227 ORDER BY c
	Unique  (cost=3658.17..3662.84 rows=934 width=121)
	  ->  Sort  (cost=3658.17..3660.51 rows=934 width=121)
	        Sort Key: c
	        ->  Bitmap Heap Scan on sbtest3  (cost=22.01..3612.09 rows=934 width=121)
	              Recheck Cond: ((id >= 1951228) AND (id <= 1952227))
	              ->  Bitmap Index Scan on sbtest3_pkey  (cost=0.00..21.77 rows=934 width=0)
	                    Index Cond: ((id >= 1951228) AND (id <= 1952227))

table 4 : explain SELECT DISTINCT c FROM sbtest4 WHERE id BETWEEN 5946467 AND 5947466 ORDER BY c
	Unique  (cost=4267.05..4272.52 rows=1093 width=121)
	  ->  Sort  (cost=4267.05..4269.79 rows=1093 width=121)
	        Sort Key: c
	        ->  Bitmap Heap Scan on sbtest4  (cost=23.64..4211.89 rows=1093 width=121)
	              Recheck Cond: ((id >= 5946467) AND (id <= 5947466))
	              ->  Bitmap Index Scan on sbtest4_pkey  (cost=0.00..23.36 rows=1093 width=0)
	                    Index Cond: ((id >= 5946467) AND (id <= 5947466))

table 5 : explain SELECT DISTINCT c FROM sbtest5 WHERE id BETWEEN 971525 AND 972524 ORDER BY c
	Unique  (cost=3678.38..3683.07 rows=939 width=121)
	  ->  Sort  (cost=3678.38..3680.73 rows=939 width=121)
	        Sort Key: c
	        ->  Bitmap Heap Scan on sbtest5  (cost=22.06..3632.02 rows=939 width=121)
	              Recheck Cond: ((id >= 971525) AND (id <= 972524))
	              ->  Bitmap Index Scan on sbtest5_pkey  (cost=0.00..21.82 rows=939 width=0)
	                    Index Cond: ((id >= 971525) AND (id <= 972524))

table 6 : explain SELECT DISTINCT c FROM sbtest6 WHERE id BETWEEN 830647 AND 831646 ORDER BY c
	Unique  (cost=3881.38..3886.34 rows=992 width=121)
	  ->  Sort  (cost=3881.38..3883.86 rows=992 width=121)
	        Sort Key: c
	        ->  Bitmap Heap Scan on sbtest6  (cost=22.60..3832.01 rows=992 width=121)
	              Recheck Cond: ((id >= 830647) AND (id <= 831646))
	              ->  Bitmap Index Scan on sbtest6_pkey  (cost=0.00..22.36 rows=992 width=0)
	                    Index Cond: ((id >= 830647) AND (id <= 831646))

table 7 : explain SELECT DISTINCT c FROM sbtest7 WHERE id BETWEEN 1141838 AND 1142837 ORDER BY c
	Unique  (cost=4172.90..4178.24 rows=1068 width=121)
	  ->  Sort  (cost=4172.90..4175.57 rows=1068 width=121)
	        Sort Key: c
	        ->  Bitmap Heap Scan on sbtest7  (cost=23.38..4119.17 rows=1068 width=121)
	              Recheck Cond: ((id >= 1141838) AND (id <= 1142837))
	              ->  Bitmap Index Scan on sbtest7_pkey  (cost=0.00..23.11 rows=1068 width=0)
	                    Index Cond: ((id >= 1141838) AND (id <= 1142837))

table 8 : explain SELECT DISTINCT c FROM sbtest8 WHERE id BETWEEN 4304932 AND 4305931 ORDER BY c
	Unique  (cost=3771.30..3776.12 rows=963 width=121)
	  ->  Sort  (cost=3771.30..3773.71 rows=963 width=121)
	        Sort Key: c
	        ->  Bitmap Heap Scan on sbtest8  (cost=22.31..3723.58 rows=963 width=121)
	              Recheck Cond: ((id >= 4304932) AND (id <= 4305931))
	              ->  Bitmap Index Scan on sbtest8_pkey  (cost=0.00..22.07 rows=963 width=0)
	                    Index Cond: ((id >= 4304932) AND (id <= 4305931))

for point_selects
table 1 : explain SELECT c FROM sbtest1 WHERE id=9574099
	Index Scan using sbtest1_pkey on sbtest1  (cost=0.43..8.45 rows=1 width=121)
	  Index Cond: (id = 9574099)

table 2 : explain SELECT c FROM sbtest2 WHERE id=9911395
	Index Scan using sbtest2_pkey on sbtest2  (cost=0.43..8.45 rows=1 width=121)
	  Index Cond: (id = 9911395)

table 3 : explain SELECT c FROM sbtest3 WHERE id=1567525
	Index Scan using sbtest3_pkey on sbtest3  (cost=0.43..8.45 rows=1 width=121)
	  Index Cond: (id = 1567525)

table 4 : explain SELECT c FROM sbtest4 WHERE id=3334885
	Index Scan using sbtest4_pkey on sbtest4  (cost=0.43..8.45 rows=1 width=121)
	  Index Cond: (id = 3334885)

table 5 : explain SELECT c FROM sbtest5 WHERE id=420321
	Index Scan using sbtest5_pkey on sbtest5  (cost=0.43..8.45 rows=1 width=121)
	  Index Cond: (id = 420321)

table 6 : explain SELECT c FROM sbtest6 WHERE id=9495462
	Index Scan using sbtest6_pkey on sbtest6  (cost=0.43..8.45 rows=1 width=121)
	  Index Cond: (id = 9495462)

table 7 : explain SELECT c FROM sbtest7 WHERE id=5495663
	Index Scan using sbtest7_pkey on sbtest7  (cost=0.43..8.45 rows=1 width=121)
	  Index Cond: (id = 5495663)

table 8 : explain SELECT c FROM sbtest8 WHERE id=6059882
	Index Scan using sbtest8_pkey on sbtest8  (cost=0.43..8.45 rows=1 width=121)
	  Index Cond: (id = 6059882)

for: distinct_ranges
table 1 : explain SELECT DISTINCT c FROM sbtest1 WHERE id BETWEEN 3124496 AND 3125495 ORDER BY c
	Unique  (cost=3947.70..3952.75 rows=1010 width=121)
	  ->  Sort  (cost=3947.70..3950.22 rows=1010 width=121)
	        Sort Key: c
	        ->  Bitmap Heap Scan on sbtest1  (cost=22.79..3897.30 rows=1010 width=121)
	              Recheck Cond: ((id >= 3124496) AND (id <= 3125495))
	              ->  Bitmap Index Scan on sbtest1_pkey  (cost=0.00..22.54 rows=1010 width=0)
	                    Index Cond: ((id >= 3124496) AND (id <= 3125495))

table 2 : explain SELECT DISTINCT c FROM sbtest2 WHERE id BETWEEN 5071837 AND 5072836 ORDER BY c
	Unique  (cost=3983.30..3988.39 rows=1019 width=121)
	  ->  Sort  (cost=3983.30..3985.84 rows=1019 width=121)
	        Sort Key: c
	        ->  Bitmap Heap Scan on sbtest2  (cost=22.88..3932.38 rows=1019 width=121)
	              Recheck Cond: ((id >= 5071837) AND (id <= 5072836))
	              ->  Bitmap Index Scan on sbtest2_pkey  (cost=0.00..22.62 rows=1019 width=0)
	                    Index Cond: ((id >= 5071837) AND (id <= 5072836))

table 3 : explain SELECT DISTINCT c FROM sbtest3 WHERE id BETWEEN 443854 AND 444853 ORDER BY c
	Unique  (cost=3692.65..3697.36 rows=943 width=121)
	  ->  Sort  (cost=3692.65..3695.01 rows=943 width=121)
	        Sort Key: c
	        ->  Bitmap Heap Scan on sbtest3  (cost=22.10..3646.06 rows=943 width=121)
	              Recheck Cond: ((id >= 443854) AND (id <= 444853))
	              ->  Bitmap Index Scan on sbtest3_pkey  (cost=0.00..21.86 rows=943 width=0)
	                    Index Cond: ((id >= 443854) AND (id <= 444853))

table 4 : explain SELECT DISTINCT c FROM sbtest4 WHERE id BETWEEN 4532632 AND 4533631 ORDER BY c
	Unique  (cost=3896.59..3901.57 rows=996 width=121)
	  ->  Sort  (cost=3896.59..3899.08 rows=996 width=121)
	        Sort Key: c
	        ->  Bitmap Heap Scan on sbtest4  (cost=22.64..3846.99 rows=996 width=121)
	              Recheck Cond: ((id >= 4532632) AND (id <= 4533631))
	              ->  Bitmap Index Scan on sbtest4_pkey  (cost=0.00..22.39 rows=996 width=0)
	                    Index Cond: ((id >= 4532632) AND (id <= 4533631))

table 5 : explain SELECT DISTINCT c FROM sbtest5 WHERE id BETWEEN 746546 AND 747545 ORDER BY c
	Unique  (cost=3919.56..3924.57 rows=1002 width=121)
	  ->  Sort  (cost=3919.56..3922.07 rows=1002 width=121)
	        Sort Key: c
	        ->  Bitmap Heap Scan on sbtest5  (cost=22.71..3869.62 rows=1002 width=121)
	              Recheck Cond: ((id >= 746546) AND (id <= 747545))
	              ->  Bitmap Index Scan on sbtest5_pkey  (cost=0.00..22.45 rows=1002 width=0)
	                    Index Cond: ((id >= 746546) AND (id <= 747545))

table 6 : explain SELECT DISTINCT c FROM sbtest6 WHERE id BETWEEN 6261145 AND 6262144 ORDER BY c
	Unique  (cost=3693.77..3698.49 rows=943 width=121)
	  ->  Sort  (cost=3693.77..3696.13 rows=943 width=121)
	        Sort Key: c
	        ->  Bitmap Heap Scan on sbtest6  (cost=22.10..3647.18 rows=943 width=121)
	              Recheck Cond: ((id >= 6261145) AND (id <= 6262144))
	              ->  Bitmap Index Scan on sbtest6_pkey  (cost=0.00..21.86 rows=943 width=0)
	                    Index Cond: ((id >= 6261145) AND (id <= 6262144))

table 7 : explain SELECT DISTINCT c FROM sbtest7 WHERE id BETWEEN 8926698 AND 8927697 ORDER BY c
	Unique  (cost=3763.67..3768.48 rows=961 width=121)
	  ->  Sort  (cost=3763.67..3766.08 rows=961 width=121)
	        Sort Key: c
	        ->  Bitmap Heap Scan on sbtest7  (cost=22.29..3716.06 rows=961 width=121)
	              Recheck Cond: ((id >= 8926698) AND (id <= 8927697))
	              ->  Bitmap Index Scan on sbtest7_pkey  (cost=0.00..22.04 rows=961 width=0)
	                    Index Cond: ((id >= 8926698) AND (id <= 8927697))

table 8 : explain SELECT DISTINCT c FROM sbtest8 WHERE id BETWEEN 9427860 AND 9428859 ORDER BY c
	Unique  (cost=3502.85..3507.31 rows=893 width=121)
	  ->  Sort  (cost=3502.85..3505.08 rows=893 width=121)
	        Sort Key: c
	        ->  Bitmap Heap Scan on sbtest8  (cost=21.59..3459.08 rows=893 width=121)
	              Recheck Cond: ((id >= 9427860) AND (id <= 9428859))
	              ->  Bitmap Index Scan on sbtest8_pkey  (cost=0.00..21.36 rows=893 width=0)
	                    Index Cond: ((id >= 9427860) AND (id <= 9428859))

for: order_ranges
table 1 : explain SELECT c FROM sbtest1 WHERE id BETWEEN 1124015 AND 1125014 ORDER BY c
	Sort  (cost=4146.16..4148.81 rows=1062 width=121)
	  Sort Key: c
	  ->  Bitmap Heap Scan on sbtest1  (cost=23.32..4092.78 rows=1062 width=121)
	        Recheck Cond: ((id >= 1124015) AND (id <= 1125014))
	        ->  Bitmap Index Scan on sbtest1_pkey  (cost=0.00..23.05 rows=1062 width=0)
	              Index Cond: ((id >= 1124015) AND (id <= 1125014))

table 2 : explain SELECT c FROM sbtest2 WHERE id BETWEEN 7493445 AND 7494444 ORDER BY c
	Sort  (cost=4048.23..4050.82 rows=1036 width=121)
	  Sort Key: c
	  ->  Bitmap Heap Scan on sbtest2  (cost=23.05..3996.34 rows=1036 width=121)
	        Recheck Cond: ((id >= 7493445) AND (id <= 7494444))
	        ->  Bitmap Index Scan on sbtest2_pkey  (cost=0.00..22.79 rows=1036 width=0)
	              Index Cond: ((id >= 7493445) AND (id <= 7494444))

table 3 : explain SELECT c FROM sbtest3 WHERE id BETWEEN 4573811 AND 4574810 ORDER BY c
	Sort  (cost=3757.74..3760.14 rows=960 width=121)
	  Sort Key: c
	  ->  Bitmap Heap Scan on sbtest3  (cost=22.27..3710.19 rows=960 width=121)
	        Recheck Cond: ((id >= 4573811) AND (id <= 4574810))
	        ->  Bitmap Index Scan on sbtest3_pkey  (cost=0.00..22.04 rows=960 width=0)
	              Index Cond: ((id >= 4573811) AND (id <= 4574810))

table 4 : explain SELECT c FROM sbtest4 WHERE id BETWEEN 683230 AND 684229 ORDER BY c
	Sort  (cost=3777.95..3780.36 rows=965 width=121)
	  Sort Key: c
	  ->  Bitmap Heap Scan on sbtest4  (cost=22.33..3730.11 rows=965 width=121)
	        Recheck Cond: ((id >= 683230) AND (id <= 684229))
	        ->  Bitmap Index Scan on sbtest4_pkey  (cost=0.00..22.08 rows=965 width=0)
	              Index Cond: ((id >= 683230) AND (id <= 684229))

table 5 : explain SELECT c FROM sbtest5 WHERE id BETWEEN 2177292 AND 2178291 ORDER BY c
	Sort  (cost=3831.57..3834.01 rows=979 width=121)
	  Sort Key: c
	  ->  Bitmap Heap Scan on sbtest5  (cost=22.47..3782.93 rows=979 width=121)
	        Recheck Cond: ((id >= 2177292) AND (id <= 2178291))
	        ->  Bitmap Index Scan on sbtest5_pkey  (cost=0.00..22.22 rows=979 width=0)
	              Index Cond: ((id >= 2177292) AND (id <= 2178291))

table 6 : explain SELECT c FROM sbtest6 WHERE id BETWEEN 4798877 AND 4799876 ORDER BY c
	Sort  (cost=3628.61..3630.93 rows=926 width=121)
	  Sort Key: c
	  ->  Bitmap Heap Scan on sbtest6  (cost=21.93..3582.99 rows=926 width=121)
	        Recheck Cond: ((id >= 4798877) AND (id <= 4799876))
	        ->  Bitmap Index Scan on sbtest6_pkey  (cost=0.00..21.69 rows=926 width=0)
	              Index Cond: ((id >= 4798877) AND (id <= 4799876))

table 7 : explain SELECT c FROM sbtest7 WHERE id BETWEEN 7896320 AND 7897319 ORDER BY c
	Sort  (cost=3725.36..3727.73 rows=951 width=121)
	  Sort Key: c
	  ->  Bitmap Heap Scan on sbtest7  (cost=22.18..3678.31 rows=951 width=121)
	        Recheck Cond: ((id >= 7896320) AND (id <= 7897319))
	        ->  Bitmap Index Scan on sbtest7_pkey  (cost=0.00..21.94 rows=951 width=0)
	              Index Cond: ((id >= 7896320) AND (id <= 7897319))

table 8 : explain SELECT c FROM sbtest8 WHERE id BETWEEN 8705736 AND 8706735 ORDER BY c
	Sort  (cost=3778.96..3781.37 rows=965 width=121)
	  Sort Key: c
	  ->  Bitmap Heap Scan on sbtest8  (cost=22.33..3731.13 rows=965 width=121)
	        Recheck Cond: ((id >= 8705736) AND (id <= 8706735))
	        ->  Bitmap Index Scan on sbtest8_pkey  (cost=0.00..22.08 rows=965 width=0)
	              Index Cond: ((id >= 8705736) AND (id <= 8706735))

for point_selects
table 1 : explain SELECT c FROM sbtest1 WHERE id=7763263
	Index Scan using sbtest1_pkey on sbtest1  (cost=0.43..8.45 rows=1 width=121)
	  Index Cond: (id = 7763263)

table 2 : explain SELECT c FROM sbtest2 WHERE id=3907860
	Index Scan using sbtest2_pkey on sbtest2  (cost=0.43..8.45 rows=1 width=121)
	  Index Cond: (id = 3907860)

table 3 : explain SELECT c FROM sbtest3 WHERE id=6108912
	Index Scan using sbtest3_pkey on sbtest3  (cost=0.43..8.45 rows=1 width=121)
	  Index Cond: (id = 6108912)

table 4 : explain SELECT c FROM sbtest4 WHERE id=1415400
	Index Scan using sbtest4_pkey on sbtest4  (cost=0.43..8.45 rows=1 width=121)
	  Index Cond: (id = 1415400)

table 5 : explain SELECT c FROM sbtest5 WHERE id=2851583
	Index Scan using sbtest5_pkey on sbtest5  (cost=0.43..8.45 rows=1 width=121)
	  Index Cond: (id = 2851583)

table 6 : explain SELECT c FROM sbtest6 WHERE id=8450123
	Index Scan using sbtest6_pkey on sbtest6  (cost=0.43..8.45 rows=1 width=121)
	  Index Cond: (id = 8450123)

table 7 : explain SELECT c FROM sbtest7 WHERE id=8719051
	Index Scan using sbtest7_pkey on sbtest7  (cost=0.43..8.45 rows=1 width=121)
	  Index Cond: (id = 8719051)

table 8 : explain SELECT c FROM sbtest8 WHERE id=7467604
	Index Scan using sbtest8_pkey on sbtest8  (cost=0.43..8.45 rows=1 width=121)
	  Index Cond: (id = 7467604)

explain: for point_selects :: explain SELECT c FROM sbtest%u WHERE id=%u
for: distinct_ranges
table 1 : explain SELECT DISTINCT c FROM sbtest1 WHERE id BETWEEN 2843215 AND 2844214 ORDER BY c
	Unique  (cost=3924.78..3929.80 rows=1004 width=121)
	  ->  Sort  (cost=3924.78..3927.29 rows=1004 width=121)
	        Sort Key: c
	        ->  Bitmap Heap Scan on sbtest1  (cost=22.73..3874.72 rows=1004 width=121)
	              Recheck Cond: ((id >= 2843215) AND (id <= 2844214))
	              ->  Bitmap Index Scan on sbtest1_pkey  (cost=0.00..22.47 rows=1004 width=0)
	                    Index Cond: ((id >= 2843215) AND (id <= 2844214))

table 2 : explain SELECT DISTINCT c FROM sbtest2 WHERE id BETWEEN 2126922 AND 2127921 ORDER BY c
	Unique  (cost=3891.57..3896.54 rows=995 width=121)
	  ->  Sort  (cost=3891.57..3894.06 rows=995 width=121)
	        Sort Key: c
	        ->  Bitmap Heap Scan on sbtest2  (cost=22.63..3842.03 rows=995 width=121)
	              Recheck Cond: ((id >= 2126922) AND (id <= 2127921))
	              ->  Bitmap Index Scan on sbtest2_pkey  (cost=0.00..22.39 rows=995 width=0)
	                    Index Cond: ((id >= 2126922) AND (id <= 2127921))

table 3 : explain SELECT DISTINCT c FROM sbtest3 WHERE id BETWEEN 2622887 AND 2623886 ORDER BY c
	Unique  (cost=4059.75..4064.95 rows=1039 width=121)
	  ->  Sort  (cost=4059.75..4062.35 rows=1039 width=121)
	        Sort Key: c
	        ->  Bitmap Heap Scan on sbtest3  (cost=23.08..4007.70 rows=1039 width=121)
	              Recheck Cond: ((id >= 2622887) AND (id <= 2623886))
	              ->  Bitmap Index Scan on sbtest3_pkey  (cost=0.00..22.82 rows=1039 width=0)
	                    Index Cond: ((id >= 2622887) AND (id <= 2623886))

table 4 : explain SELECT DISTINCT c FROM sbtest4 WHERE id BETWEEN 9251639 AND 9252638 ORDER BY c
	Unique  (cost=4301.56..4307.06 rows=1101 width=121)
	  ->  Sort  (cost=4301.56..4304.31 rows=1101 width=121)
	        Sort Key: c
	        ->  Bitmap Heap Scan on sbtest4  (cost=27.72..4245.93 rows=1101 width=121)
	              Recheck Cond: ((id >= 9251639) AND (id <= 9252638))
	              ->  Bitmap Index Scan on sbtest4_pkey  (cost=0.00..27.44 rows=1101 width=0)
	                    Index Cond: ((id >= 9251639) AND (id <= 9252638))

table 5 : explain SELECT DISTINCT c FROM sbtest5 WHERE id BETWEEN 4967564 AND 4968563 ORDER BY c
	Unique  (cost=3957.80..3962.86 rows=1012 width=121)
	  ->  Sort  (cost=3957.80..3960.33 rows=1012 width=121)
	        Sort Key: c
	        ->  Bitmap Heap Scan on sbtest5  (cost=22.81..3907.28 rows=1012 width=121)
	              Recheck Cond: ((id >= 4967564) AND (id <= 4968563))
	              ->  Bitmap Index Scan on sbtest5_pkey  (cost=0.00..22.55 rows=1012 width=0)
	                    Index Cond: ((id >= 4967564) AND (id <= 4968563))

table 6 : explain SELECT DISTINCT c FROM sbtest6 WHERE id BETWEEN 9282670 AND 9283669 ORDER BY c
	Unique  (cost=3889.03..3894.00 rows=994 width=121)
	  ->  Sort  (cost=3889.03..3891.52 rows=994 width=121)
	        Sort Key: c
	        ->  Bitmap Heap Scan on sbtest6  (cost=22.62..3839.54 rows=994 width=121)
	              Recheck Cond: ((id >= 9282670) AND (id <= 9283669))
	              ->  Bitmap Index Scan on sbtest6_pkey  (cost=0.00..22.37 rows=994 width=0)
	                    Index Cond: ((id >= 9282670) AND (id <= 9283669))

table 7 : explain SELECT DISTINCT c FROM sbtest7 WHERE id BETWEEN 8833050 AND 8834049 ORDER BY c
	Unique  (cost=3920.64..3925.65 rows=1002 width=121)
	  ->  Sort  (cost=3920.64..3923.15 rows=1002 width=121)
	        Sort Key: c
	        ->  Bitmap Heap Scan on sbtest7  (cost=22.71..3870.70 rows=1002 width=121)
	              Recheck Cond: ((id >= 8833050) AND (id <= 8834049))
	              ->  Bitmap Index Scan on sbtest7_pkey  (cost=0.00..22.45 rows=1002 width=0)
	                    Index Cond: ((id >= 8833050) AND (id <= 8834049))

table 8 : explain SELECT DISTINCT c FROM sbtest8 WHERE id BETWEEN 6745490 AND 6746489 ORDER BY c
	Unique  (cost=4424.87..4430.54 rows=1134 width=121)
	  ->  Sort  (cost=4424.87..4427.71 rows=1134 width=121)
	        Sort Key: c
	        ->  Bitmap Heap Scan on sbtest8  (cost=28.06..4367.34 rows=1134 width=121)
	              Recheck Cond: ((id >= 6745490) AND (id <= 6746489))
	              ->  Bitmap Index Scan on sbtest8_pkey  (cost=0.00..27.77 rows=1134 width=0)
	                    Index Cond: ((id >= 6745490) AND (id <= 6746489))

for: simple_ranges
table 1 : explain SELECT c FROM sbtest1 WHERE id BETWEEN 4357447 AND 4358446
	Bitmap Heap Scan on sbtest1  (cost=22.45..3773.06 rows=977 width=121)
	  Recheck Cond: ((id >= 4357447) AND (id <= 4358446))
	  ->  Bitmap Index Scan on sbtest1_pkey  (cost=0.00..22.20 rows=977 width=0)
	        Index Cond: ((id >= 4357447) AND (id <= 4358446))

table 2 : explain SELECT c FROM sbtest2 WHERE id BETWEEN 798876 AND 799875
	Bitmap Heap Scan on sbtest2  (cost=23.19..4045.22 rows=1049 width=121)
	  Recheck Cond: ((id >= 798876) AND (id <= 799875))
	  ->  Bitmap Index Scan on sbtest2_pkey  (cost=0.00..22.93 rows=1049 width=0)
	        Index Cond: ((id >= 798876) AND (id <= 799875))

table 3 : explain SELECT c FROM sbtest3 WHERE id BETWEEN 6952059 AND 6953058
	Bitmap Heap Scan on sbtest3  (cost=22.34..3732.81 rows=966 width=121)
	  Recheck Cond: ((id >= 6952059) AND (id <= 6953058))
	  ->  Bitmap Index Scan on sbtest3_pkey  (cost=0.00..22.09 rows=966 width=0)
	        Index Cond: ((id >= 6952059) AND (id <= 6953058))

table 4 : explain SELECT c FROM sbtest4 WHERE id BETWEEN 8205775 AND 8206774
	Bitmap Heap Scan on sbtest4  (cost=23.55..4178.08 rows=1084 width=121)
	  Recheck Cond: ((id >= 8205775) AND (id <= 8206774))
	  ->  Bitmap Index Scan on sbtest4_pkey  (cost=0.00..23.27 rows=1084 width=0)
	        Index Cond: ((id >= 8205775) AND (id <= 8206774))

table 5 : explain SELECT c FROM sbtest5 WHERE id BETWEEN 8980434 AND 8981433
	Bitmap Heap Scan on sbtest5  (cost=27.86..4294.79 rows=1115 width=121)
	  Recheck Cond: ((id >= 8980434) AND (id <= 8981433))
	  ->  Bitmap Index Scan on sbtest5_pkey  (cost=0.00..27.58 rows=1115 width=0)
	        Index Cond: ((id >= 8980434) AND (id <= 8981433))

table 6 : explain SELECT c FROM sbtest6 WHERE id BETWEEN 8319888 AND 8320887
	Bitmap Heap Scan on sbtest6  (cost=23.20..4050.38 rows=1050 width=121)
	  Recheck Cond: ((id >= 8319888) AND (id <= 8320887))
	  ->  Bitmap Index Scan on sbtest6_pkey  (cost=0.00..22.93 rows=1050 width=0)
	        Index Cond: ((id >= 8319888) AND (id <= 8320887))

table 7 : explain SELECT c FROM sbtest7 WHERE id BETWEEN 3071343 AND 3072342
	Bitmap Heap Scan on sbtest7  (cost=22.41..3761.35 rows=973 width=121)
	  Recheck Cond: ((id >= 3071343) AND (id <= 3072342))
	  ->  Bitmap Index Scan on sbtest7_pkey  (cost=0.00..22.16 rows=973 width=0)
	        Index Cond: ((id >= 3071343) AND (id <= 3072342))

table 8 : explain SELECT c FROM sbtest8 WHERE id BETWEEN 6543157 AND 6544156
	Bitmap Heap Scan on sbtest8  (cost=22.25..3704.71 rows=958 width=121)
	  Recheck Cond: ((id >= 6543157) AND (id <= 6544156))
	  ->  Bitmap Index Scan on sbtest8_pkey  (cost=0.00..22.01 rows=958 width=0)
	        Index Cond: ((id >= 6543157) AND (id <= 6544156))

for point_selects
table 1 : explain SELECT c FROM sbtest1 WHERE id=5499540
	Index Scan using sbtest1_pkey on sbtest1  (cost=0.43..8.45 rows=1 width=121)
	  Index Cond: (id = 5499540)

table 2 : explain SELECT c FROM sbtest2 WHERE id=8475435
	Index Scan using sbtest2_pkey on sbtest2  (cost=0.43..8.45 rows=1 width=121)
	  Index Cond: (id = 8475435)

table 3 : explain SELECT c FROM sbtest3 WHERE id=4504894
	Index Scan using sbtest3_pkey on sbtest3  (cost=0.43..8.45 rows=1 width=121)
	  Index Cond: (id = 4504894)

table 4 : explain SELECT c FROM sbtest4 WHERE id=8548004
	Index Scan using sbtest4_pkey on sbtest4  (cost=0.43..8.45 rows=1 width=121)
	  Index Cond: (id = 8548004)

table 5 : explain SELECT c FROM sbtest5 WHERE id=4970123
	Index Scan using sbtest5_pkey on sbtest5  (cost=0.43..8.45 rows=1 width=121)
	  Index Cond: (id = 4970123)

table 6 : explain SELECT c FROM sbtest6 WHERE id=2158331
	Index Scan using sbtest6_pkey on sbtest6  (cost=0.43..8.45 rows=1 width=121)
	  Index Cond: (id = 2158331)

table 7 : explain SELECT c FROM sbtest7 WHERE id=8770038
	Index Scan using sbtest7_pkey on sbtest7  (cost=0.43..8.45 rows=1 width=121)
	  Index Cond: (id = 8770038)

table 8 : explain SELECT c FROM sbtest8 WHERE id=8939184
	Index Scan using sbtest8_pkey on sbtest8  (cost=0.43..8.45 rows=1 width=121)
	  Index Cond: (id = 8939184)

for: distinct_ranges
table 1 : explain SELECT DISTINCT c FROM sbtest1 WHERE id BETWEEN 4395713 AND 4396712 ORDER BY c
	Unique  (cost=3821.58..3826.46 rows=977 width=121)
	  ->  Sort  (cost=3821.58..3824.02 rows=977 width=121)
	        Sort Key: c
	        ->  Bitmap Heap Scan on sbtest1  (cost=22.45..3773.06 rows=977 width=121)
	              Recheck Cond: ((id >= 4395713) AND (id <= 4396712))
	              ->  Bitmap Index Scan on sbtest1_pkey  (cost=0.00..22.20 rows=977 width=0)
	                    Index Cond: ((id >= 4395713) AND (id <= 4396712))

table 2 : explain SELECT DISTINCT c FROM sbtest2 WHERE id BETWEEN 2061178 AND 2062177 ORDER BY c
	Unique  (cost=3891.57..3896.54 rows=995 width=121)
	  ->  Sort  (cost=3891.57..3894.06 rows=995 width=121)
	        Sort Key: c
	        ->  Bitmap Heap Scan on sbtest2  (cost=22.63..3842.03 rows=995 width=121)
	              Recheck Cond: ((id >= 2061178) AND (id <= 2062177))
	              ->  Bitmap Index Scan on sbtest2_pkey  (cost=0.00..22.39 rows=995 width=0)
	                    Index Cond: ((id >= 2061178) AND (id <= 2062177))

table 3 : explain SELECT DISTINCT c FROM sbtest3 WHERE id BETWEEN 5590310 AND 5591309 ORDER BY c
	Unique  (cost=3891.64..3896.61 rows=995 width=121)
	  ->  Sort  (cost=3891.64..3894.13 rows=995 width=121)
	        Sort Key: c
	        ->  Bitmap Heap Scan on sbtest3  (cost=22.63..3842.09 rows=995 width=121)
	              Recheck Cond: ((id >= 5590310) AND (id <= 5591309))
	              ->  Bitmap Index Scan on sbtest3_pkey  (cost=0.00..22.39 rows=995 width=0)
	                    Index Cond: ((id >= 5590310) AND (id <= 5591309))

table 4 : explain SELECT DISTINCT c FROM sbtest4 WHERE id BETWEEN 2341846 AND 2342845 ORDER BY c
	Unique  (cost=3382.91..3387.22 rows=862 width=121)
	  ->  Sort  (cost=3382.91..3385.06 rows=862 width=121)
	        Sort Key: c
	        ->  Bitmap Heap Scan on sbtest4  (cost=21.27..3340.88 rows=862 width=121)
	              Recheck Cond: ((id >= 2341846) AND (id <= 2342845))
	              ->  Bitmap Index Scan on sbtest4_pkey  (cost=0.00..21.05 rows=862 width=0)
	                    Index Cond: ((id >= 2341846) AND (id <= 2342845))

table 5 : explain SELECT DISTINCT c FROM sbtest5 WHERE id BETWEEN 9393968 AND 9394967 ORDER BY c
	Unique  (cost=3919.56..3924.57 rows=1002 width=121)
	  ->  Sort  (cost=3919.56..3922.07 rows=1002 width=121)
	        Sort Key: c
	        ->  Bitmap Heap Scan on sbtest5  (cost=22.71..3869.62 rows=1002 width=121)
	              Recheck Cond: ((id >= 9393968) AND (id <= 9394967))
	              ->  Bitmap Index Scan on sbtest5_pkey  (cost=0.00..22.45 rows=1002 width=0)
	                    Index Cond: ((id >= 9393968) AND (id <= 9394967))

table 6 : explain SELECT DISTINCT c FROM sbtest6 WHERE id BETWEEN 9582886 AND 9583885 ORDER BY c
	Unique  (cost=3843.12..3848.03 rows=982 width=121)
	  ->  Sort  (cost=3843.12..3845.57 rows=982 width=121)
	        Sort Key: c
	        ->  Bitmap Heap Scan on sbtest6  (cost=22.50..3794.31 rows=982 width=121)
	              Recheck Cond: ((id >= 9582886) AND (id <= 9583885))
	              ->  Bitmap Index Scan on sbtest6_pkey  (cost=0.00..22.25 rows=982 width=0)
	                    Index Cond: ((id >= 9582886) AND (id <= 9583885))

table 7 : explain SELECT DISTINCT c FROM sbtest7 WHERE id BETWEEN 8834049 AND 8835048 ORDER BY c
	Unique  (cost=3920.64..3925.65 rows=1002 width=121)
	  ->  Sort  (cost=3920.64..3923.15 rows=1002 width=121)
	        Sort Key: c
	        ->  Bitmap Heap Scan on sbtest7  (cost=22.71..3870.70 rows=1002 width=121)
	              Recheck Cond: ((id >= 8834049) AND (id <= 8835048))
	              ->  Bitmap Index Scan on sbtest7_pkey  (cost=0.00..22.45 rows=1002 width=0)
	                    Index Cond: ((id >= 8834049) AND (id <= 8835048))

table 8 : explain SELECT DISTINCT c FROM sbtest8 WHERE id BETWEEN 8407099 AND 8408098 ORDER BY c
	Unique  (cost=3732.99..3737.75 rows=953 width=121)
	  ->  Sort  (cost=3732.99..3735.37 rows=953 width=121)
	        Sort Key: c
	        ->  Bitmap Heap Scan on sbtest8  (cost=22.20..3685.83 rows=953 width=121)
	              Recheck Cond: ((id >= 8407099) AND (id <= 8408098))
	              ->  Bitmap Index Scan on sbtest8_pkey  (cost=0.00..21.96 rows=953 width=0)
	                    Index Cond: ((id >= 8407099) AND (id <= 8408098))

for point_selects
table 1 : explain SELECT c FROM sbtest1 WHERE id=5476649
	Index Scan using sbtest1_pkey on sbtest1  (cost=0.43..8.45 rows=1 width=121)
	  Index Cond: (id = 5476649)

table 2 : explain SELECT c FROM sbtest2 WHERE id=7929130
	Index Scan using sbtest2_pkey on sbtest2  (cost=0.43..8.45 rows=1 width=121)
	  Index Cond: (id = 7929130)

table 3 : explain SELECT c FROM sbtest3 WHERE id=1628868
	Index Scan using sbtest3_pkey on sbtest3  (cost=0.43..8.45 rows=1 width=121)
	  Index Cond: (id = 1628868)

table 4 : explain SELECT c FROM sbtest4 WHERE id=6284292
	Index Scan using sbtest4_pkey on sbtest4  (cost=0.43..8.45 rows=1 width=121)
	  Index Cond: (id = 6284292)

table 5 : explain SELECT c FROM sbtest5 WHERE id=4578767
	Index Scan using sbtest5_pkey on sbtest5  (cost=0.43..8.45 rows=1 width=121)
	  Index Cond: (id = 4578767)

table 6 : explain SELECT c FROM sbtest6 WHERE id=7448446
	Index Scan using sbtest6_pkey on sbtest6  (cost=0.43..8.45 rows=1 width=121)
	  Index Cond: (id = 7448446)

table 7 : explain SELECT c FROM sbtest7 WHERE id=9635377
	Index Scan using sbtest7_pkey on sbtest7  (cost=0.43..8.45 rows=1 width=121)
	  Index Cond: (id = 9635377)

table 8 : explain SELECT c FROM sbtest8 WHERE id=4918456
	Index Scan using sbtest8_pkey on sbtest8  (cost=0.43..8.45 rows=1 width=121)
	  Index Cond: (id = 4918456)

for: simple_ranges
table 1 : explain SELECT c FROM sbtest1 WHERE id BETWEEN 439027 AND 440026
	Bitmap Heap Scan on sbtest1  (cost=21.77..3524.15 rows=911 width=121)
	  Recheck Cond: ((id >= 439027) AND (id <= 440026))
	  ->  Bitmap Index Scan on sbtest1_pkey  (cost=0.00..21.54 rows=911 width=0)
	        Index Cond: ((id >= 439027) AND (id <= 440026))

table 2 : explain SELECT c FROM sbtest2 WHERE id BETWEEN 3086035 AND 3087034
	Bitmap Heap Scan on sbtest2  (cost=22.88..3932.38 rows=1019 width=121)
	  Recheck Cond: ((id >= 3086035) AND (id <= 3087034))
	  ->  Bitmap Index Scan on sbtest2_pkey  (cost=0.00..22.62 rows=1019 width=0)
	        Index Cond: ((id >= 3086035) AND (id <= 3087034))

table 3 : explain SELECT c FROM sbtest3 WHERE id BETWEEN 8497697 AND 8498696
	Bitmap Heap Scan on sbtest3  (cost=22.43..3766.74 rows=975 width=121)
	  Recheck Cond: ((id >= 8497697) AND (id <= 8498696))
	  ->  Bitmap Index Scan on sbtest3_pkey  (cost=0.00..22.18 rows=975 width=0)
	        Index Cond: ((id >= 8497697) AND (id <= 8498696))

table 4 : explain SELECT c FROM sbtest4 WHERE id BETWEEN 7871615 AND 7872614
	Bitmap Heap Scan on sbtest4  (cost=22.76..3888.43 rows=1007 width=121)
	  Recheck Cond: ((id >= 7871615) AND (id <= 7872614))
	  ->  Bitmap Index Scan on sbtest4_pkey  (cost=0.00..22.50 rows=1007 width=0)
	        Index Cond: ((id >= 7871615) AND (id <= 7872614))

table 5 : explain SELECT c FROM sbtest5 WHERE id BETWEEN 9251480 AND 9252479
	Bitmap Heap Scan on sbtest5  (cost=27.90..4309.80 rows=1119 width=121)
	  Recheck Cond: ((id >= 9251480) AND (id <= 9252479))
	  ->  Bitmap Index Scan on sbtest5_pkey  (cost=0.00..27.62 rows=1119 width=0)
	        Index Cond: ((id >= 9251480) AND (id <= 9252479))

table 6 : explain SELECT c FROM sbtest6 WHERE id BETWEEN 569274 AND 570273
	Bitmap Heap Scan on sbtest6  (cost=22.29..3715.11 rows=961 width=121)
	  Recheck Cond: ((id >= 569274) AND (id <= 570273))
	  ->  Bitmap Index Scan on sbtest6_pkey  (cost=0.00..22.04 rows=961 width=0)
	        Index Cond: ((id >= 569274) AND (id <= 570273))

table 7 : explain SELECT c FROM sbtest7 WHERE id BETWEEN 742120 AND 743119
	Bitmap Heap Scan on sbtest7  (cost=21.51..3428.84 rows=885 width=121)
	  Recheck Cond: ((id >= 742120) AND (id <= 743119))
	  ->  Bitmap Index Scan on sbtest7_pkey  (cost=0.00..21.29 rows=885 width=0)
	        Index Cond: ((id >= 742120) AND (id <= 743119))

table 8 : explain SELECT c FROM sbtest8 WHERE id BETWEEN 5505302 AND 5506301
	Bitmap Heap Scan on sbtest8  (cost=27.22..4062.95 rows=1052 width=121)
	  Recheck Cond: ((id >= 5505302) AND (id <= 5506301))
	  ->  Bitmap Index Scan on sbtest8_pkey  (cost=0.00..26.95 rows=1052 width=0)
	        Index Cond: ((id >= 5505302) AND (id <= 5506301))

for point_selects
table 1 : explain SELECT c FROM sbtest1 WHERE id=8454638
	Index Scan using sbtest1_pkey on sbtest1  (cost=0.43..8.45 rows=1 width=121)
	  Index Cond: (id = 8454638)

table 2 : explain SELECT c FROM sbtest2 WHERE id=1215940
	Index Scan using sbtest2_pkey on sbtest2  (cost=0.43..8.45 rows=1 width=121)
	  Index Cond: (id = 1215940)

table 3 : explain SELECT c FROM sbtest3 WHERE id=6351869
	Index Scan using sbtest3_pkey on sbtest3  (cost=0.43..8.45 rows=1 width=121)
	  Index Cond: (id = 6351869)

table 4 : explain SELECT c FROM sbtest4 WHERE id=6144368
	Index Scan using sbtest4_pkey on sbtest4  (cost=0.43..8.45 rows=1 width=121)
	  Index Cond: (id = 6144368)

table 5 : explain SELECT c FROM sbtest5 WHERE id=7885275
	Index Scan using sbtest5_pkey on sbtest5  (cost=0.43..8.45 rows=1 width=121)
	  Index Cond: (id = 7885275)

table 6 : explain SELECT c FROM sbtest6 WHERE id=1095195
	Index Scan using sbtest6_pkey on sbtest6  (cost=0.43..8.45 rows=1 width=121)
	  Index Cond: (id = 1095195)

table 7 : explain SELECT c FROM sbtest7 WHERE id=8948788
	Index Scan using sbtest7_pkey on sbtest7  (cost=0.43..8.45 rows=1 width=121)
	  Index Cond: (id = 8948788)

table 8 : explain SELECT c FROM sbtest8 WHERE id=4241932
	Index Scan using sbtest8_pkey on sbtest8  (cost=0.43..8.45 rows=1 width=121)
	  Index Cond: (id = 4241932)

for: simple_ranges
table 1 : explain SELECT c FROM sbtest1 WHERE id BETWEEN 2785298 AND 2786297
	Bitmap Heap Scan on sbtest1  (cost=22.76..3886.01 rows=1007 width=121)
	  Recheck Cond: ((id >= 2785298) AND (id <= 2786297))
	  ->  Bitmap Index Scan on sbtest1_pkey  (cost=0.00..22.50 rows=1007 width=0)
	        Index Cond: ((id >= 2785298) AND (id <= 2786297))

table 2 : explain SELECT c FROM sbtest2 WHERE id BETWEEN 9019756 AND 9020755
	Bitmap Heap Scan on sbtest2  (cost=22.06..3630.90 rows=939 width=121)
	  Recheck Cond: ((id >= 9019756) AND (id <= 9020755))
	  ->  Bitmap Index Scan on sbtest2_pkey  (cost=0.00..21.82 rows=939 width=0)
	        Index Cond: ((id >= 9019756) AND (id <= 9020755))

table 3 : explain SELECT c FROM sbtest3 WHERE id BETWEEN 7400722 AND 7401721
	Bitmap Heap Scan on sbtest3  (cost=22.72..3872.22 rows=1003 width=121)
	  Recheck Cond: ((id >= 7400722) AND (id <= 7401721))
	  ->  Bitmap Index Scan on sbtest3_pkey  (cost=0.00..22.46 rows=1003 width=0)
	        Index Cond: ((id >= 7400722) AND (id <= 7401721))

table 4 : explain SELECT c FROM sbtest4 WHERE id BETWEEN 7235174 AND 7236173
	Bitmap Heap Scan on sbtest4  (cost=22.55..3813.07 rows=987 width=121)
	  Recheck Cond: ((id >= 7235174) AND (id <= 7236173))
	  ->  Bitmap Index Scan on sbtest4_pkey  (cost=0.00..22.30 rows=987 width=0)
	        Index Cond: ((id >= 7235174) AND (id <= 7236173))

table 5 : explain SELECT c FROM sbtest5 WHERE id BETWEEN 2730682 AND 2731681
	Bitmap Heap Scan on sbtest5  (cost=22.77..3892.22 rows=1008 width=121)
	  Recheck Cond: ((id >= 2730682) AND (id <= 2731681))
	  ->  Bitmap Index Scan on sbtest5_pkey  (cost=0.00..22.51 rows=1008 width=0)
	        Index Cond: ((id >= 2730682) AND (id <= 2731681))

table 6 : explain SELECT c FROM sbtest6 WHERE id BETWEEN 1333439 AND 1334438
	Bitmap Heap Scan on sbtest6  (cost=22.81..3907.36 rows=1012 width=121)
	  Recheck Cond: ((id >= 1333439) AND (id <= 1334438))
	  ->  Bitmap Index Scan on sbtest6_pkey  (cost=0.00..22.55 rows=1012 width=0)
	        Index Cond: ((id >= 1333439) AND (id <= 1334438))

table 7 : explain SELECT c FROM sbtest7 WHERE id BETWEEN 6400756 AND 6401755
	Bitmap Heap Scan on sbtest7  (cost=23.28..4081.56 rows=1058 width=121)
	  Recheck Cond: ((id >= 6400756) AND (id <= 6401755))
	  ->  Bitmap Index Scan on sbtest7_pkey  (cost=0.00..23.01 rows=1058 width=0)
	        Index Cond: ((id >= 6400756) AND (id <= 6401755))

table 8 : explain SELECT c FROM sbtest8 WHERE id BETWEEN 3704049 AND 3705048
	Bitmap Heap Scan on sbtest8  (cost=22.60..3832.97 rows=992 width=121)
	  Recheck Cond: ((id >= 3704049) AND (id <= 3705048))
	  ->  Bitmap Index Scan on sbtest8_pkey  (cost=0.00..22.36 rows=992 width=0)
	        Index Cond: ((id >= 3704049) AND (id <= 3705048))

for: simple_ranges
table 1 : explain SELECT c FROM sbtest1 WHERE id BETWEEN 4438475 AND 4439474
	Bitmap Heap Scan on sbtest1  (cost=22.45..3773.06 rows=977 width=121)
	  Recheck Cond: ((id >= 4438475) AND (id <= 4439474))
	  ->  Bitmap Index Scan on sbtest1_pkey  (cost=0.00..22.20 rows=977 width=0)
	        Index Cond: ((id >= 4438475) AND (id <= 4439474))

table 2 : explain SELECT c FROM sbtest2 WHERE id BETWEEN 7927151 AND 7928150
	Bitmap Heap Scan on sbtest2  (cost=22.25..3702.58 rows=958 width=121)
	  Recheck Cond: ((id >= 7927151) AND (id <= 7928150))
	  ->  Bitmap Index Scan on sbtest2_pkey  (cost=0.00..22.01 rows=958 width=0)
	        Index Cond: ((id >= 7927151) AND (id <= 7928150))

table 3 : explain SELECT c FROM sbtest3 WHERE id BETWEEN 5623309 AND 5624308
	Bitmap Heap Scan on sbtest3  (cost=22.63..3842.09 rows=995 width=121)
	  Recheck Cond: ((id >= 5623309) AND (id <= 5624308))
	  ->  Bitmap Index Scan on sbtest3_pkey  (cost=0.00..22.39 rows=995 width=0)
	        Index Cond: ((id >= 5623309) AND (id <= 5624308))

table 4 : explain SELECT c FROM sbtest4 WHERE id BETWEEN 1837010 AND 1838009
	Bitmap Heap Scan on sbtest4  (cost=27.74..4253.44 rows=1103 width=121)
	  Recheck Cond: ((id >= 1837010) AND (id <= 1838009))
	  ->  Bitmap Index Scan on sbtest4_pkey  (cost=0.00..27.46 rows=1103 width=0)
	        Index Cond: ((id >= 1837010) AND (id <= 1838009))

table 5 : explain SELECT c FROM sbtest5 WHERE id BETWEEN 4753733 AND 4754732
	Bitmap Heap Scan on sbtest5  (cost=27.76..4260.98 rows=1105 width=121)
	  Recheck Cond: ((id >= 4753733) AND (id <= 4754732))
	  ->  Bitmap Index Scan on sbtest5_pkey  (cost=0.00..27.48 rows=1105 width=0)
	        Index Cond: ((id >= 4753733) AND (id <= 4754732))

table 6 : explain SELECT c FROM sbtest6 WHERE id BETWEEN 6326912 AND 6327911
	Bitmap Heap Scan on sbtest6  (cost=22.64..3847.08 rows=996 width=121)
	  Recheck Cond: ((id >= 6326912) AND (id <= 6327911))
	  ->  Bitmap Index Scan on sbtest6_pkey  (cost=0.00..22.39 rows=996 width=0)
	        Index Cond: ((id >= 6326912) AND (id <= 6327911))

table 7 : explain SELECT c FROM sbtest7 WHERE id BETWEEN 3292453 AND 3293452
	Bitmap Heap Scan on sbtest7  (cost=22.57..3821.69 rows=989 width=121)
	  Recheck Cond: ((id >= 3292453) AND (id <= 3293452))
	  ->  Bitmap Index Scan on sbtest7_pkey  (cost=0.00..22.32 rows=989 width=0)
	        Index Cond: ((id >= 3292453) AND (id <= 3293452))

table 8 : explain SELECT c FROM sbtest8 WHERE id BETWEEN 4485090 AND 4486089
	Bitmap Heap Scan on sbtest8  (cost=22.98..3972.38 rows=1029 width=121)
	  Recheck Cond: ((id >= 4485090) AND (id <= 4486089))
	  ->  Bitmap Index Scan on sbtest8_pkey  (cost=0.00..22.72 rows=1029 width=0)
	        Index Cond: ((id >= 4485090) AND (id <= 4486089))

for point_selects
table 1 : explain SELECT c FROM sbtest1 WHERE id=6484720
	Index Scan using sbtest1_pkey on sbtest1  (cost=0.43..8.45 rows=1 width=121)
	  Index Cond: (id = 6484720)

table 2 : explain SELECT c FROM sbtest2 WHERE id=6061419
	Index Scan using sbtest2_pkey on sbtest2  (cost=0.43..8.45 rows=1 width=121)
	  Index Cond: (id = 6061419)

table 3 : explain SELECT c FROM sbtest3 WHERE id=7826163
	Index Scan using sbtest3_pkey on sbtest3  (cost=0.43..8.45 rows=1 width=121)
	  Index Cond: (id = 7826163)

table 4 : explain SELECT c FROM sbtest4 WHERE id=4534180
	Index Scan using sbtest4_pkey on sbtest4  (cost=0.43..8.45 rows=1 width=121)
	  Index Cond: (id = 4534180)

table 5 : explain SELECT c FROM sbtest5 WHERE id=9679227
	Index Scan using sbtest5_pkey on sbtest5  (cost=0.43..8.45 rows=1 width=121)
	  Index Cond: (id = 9679227)

table 6 : explain SELECT c FROM sbtest6 WHERE id=4002902
	Index Scan using sbtest6_pkey on sbtest6  (cost=0.43..8.45 rows=1 width=121)
	  Index Cond: (id = 4002902)

table 7 : explain SELECT c FROM sbtest7 WHERE id=4744437
	Index Scan using sbtest7_pkey on sbtest7  (cost=0.43..8.45 rows=1 width=121)
	  Index Cond: (id = 4744437)

table 8 : explain SELECT c FROM sbtest8 WHERE id=2428221
	Index Scan using sbtest8_pkey on sbtest8  (cost=0.43..8.45 rows=1 width=121)
	  Index Cond: (id = 2428221)

for: sum_ranges
table 1 : explain SELECT SUM(k) FROM sbtest1 WHERE id BETWEEN 2679217 AND 2680216
	Aggregate  (cost=3783.04..3783.05 rows=1 width=8)
	  ->  Bitmap Heap Scan on sbtest1  (cost=22.47..3780.59 rows=979 width=4)
	        Recheck Cond: ((id >= 2679217) AND (id <= 2680216))
	        ->  Bitmap Index Scan on sbtest1_pkey  (cost=0.00..22.22 rows=979 width=0)
	              Index Cond: ((id >= 2679217) AND (id <= 2680216))

table 2 : explain SELECT SUM(k) FROM sbtest2 WHERE id BETWEEN 9294304 AND 9295303
	Aggregate  (cost=3754.02..3754.03 rows=1 width=8)
	  ->  Bitmap Heap Scan on sbtest2  (cost=22.39..3751.59 rows=971 width=4)
	        Recheck Cond: ((id >= 9294304) AND (id <= 9295303))
	        ->  Bitmap Index Scan on sbtest2_pkey  (cost=0.00..22.14 rows=971 width=0)
	              Index Cond: ((id >= 9294304) AND (id <= 9295303))

table 3 : explain SELECT SUM(k) FROM sbtest3 WHERE id BETWEEN 2147175 AND 2148174
	Aggregate  (cost=4126.90..4126.91 rows=1 width=8)
	  ->  Bitmap Heap Scan on sbtest3  (cost=23.40..4124.22 rows=1070 width=4)
	        Recheck Cond: ((id >= 2147175) AND (id <= 2148174))
	        ->  Bitmap Index Scan on sbtest3_pkey  (cost=0.00..23.14 rows=1070 width=0)
	              Index Cond: ((id >= 2147175) AND (id <= 2148174))

table 4 : explain SELECT SUM(k) FROM sbtest4 WHERE id BETWEEN 40631 AND 41630
	Aggregate  (cost=3928.63..3928.64 rows=1 width=8)
	  ->  Bitmap Heap Scan on sbtest4  (cost=22.86..3926.09 rows=1017 width=4)
	        Recheck Cond: ((id >= 40631) AND (id <= 41630))
	        ->  Bitmap Index Scan on sbtest4_pkey  (cost=0.00..22.61 rows=1017 width=0)
	              Index Cond: ((id >= 40631) AND (id <= 41630))

table 5 : explain SELECT SUM(k) FROM sbtest5 WHERE id BETWEEN 9833310 AND 9834309
	Aggregate  (cost=3811.79..3811.80 rows=1 width=8)
	  ->  Bitmap Heap Scan on sbtest5  (cost=22.54..3809.32 rows=986 width=4)
	        Recheck Cond: ((id >= 9833310) AND (id <= 9834309))
	        ->  Bitmap Index Scan on sbtest5_pkey  (cost=0.00..22.29 rows=986 width=0)
	              Index Cond: ((id >= 9833310) AND (id <= 9834309))

table 6 : explain SELECT SUM(k) FROM sbtest6 WHERE id BETWEEN 6090591 AND 6091590
	Aggregate  (cost=3924.96..3924.97 rows=1 width=8)
	  ->  Bitmap Heap Scan on sbtest6  (cost=22.85..3922.42 rows=1016 width=4)
	        Recheck Cond: ((id >= 6090591) AND (id <= 6091590))
	        ->  Bitmap Index Scan on sbtest6_pkey  (cost=0.00..22.59 rows=1016 width=0)
	              Index Cond: ((id >= 6090591) AND (id <= 6091590))

table 7 : explain SELECT SUM(k) FROM sbtest7 WHERE id BETWEEN 1731769 AND 1732768
	Aggregate  (cost=3703.36..3703.37 rows=1 width=8)
	  ->  Bitmap Heap Scan on sbtest7  (cost=22.24..3700.97 rows=957 width=4)
	        Recheck Cond: ((id >= 1731769) AND (id <= 1732768))
	        ->  Bitmap Index Scan on sbtest7_pkey  (cost=0.00..22.00 rows=957 width=0)
	              Index Cond: ((id >= 1731769) AND (id <= 1732768))

table 8 : explain SELECT SUM(k) FROM sbtest8 WHERE id BETWEEN 6705736 AND 6706735
	Aggregate  (cost=4370.17..4370.18 rows=1 width=8)
	  ->  Bitmap Heap Scan on sbtest8  (cost=28.06..4367.34 rows=1134 width=4)
	        Recheck Cond: ((id >= 6705736) AND (id <= 6706735))
	        ->  Bitmap Index Scan on sbtest8_pkey  (cost=0.00..27.77 rows=1134 width=0)
	              Index Cond: ((id >= 6705736) AND (id <= 6706735))

for: sum_ranges
table 1 : explain SELECT SUM(k) FROM sbtest1 WHERE id BETWEEN 8944725 AND 8945724
	Aggregate  (cost=4174.33..4174.34 rows=1 width=8)
	  ->  Bitmap Heap Scan on sbtest1  (cost=23.54..4171.63 rows=1083 width=4)
	        Recheck Cond: ((id >= 8944725) AND (id <= 8945724))
	        ->  Bitmap Index Scan on sbtest1_pkey  (cost=0.00..23.26 rows=1083 width=0)
	              Index Cond: ((id >= 8944725) AND (id <= 8945724))

table 2 : explain SELECT SUM(k) FROM sbtest2 WHERE id BETWEEN 6069504 AND 6070503
	Aggregate  (cost=3678.55..3678.56 rows=1 width=8)
	  ->  Bitmap Heap Scan on sbtest2  (cost=22.18..3676.18 rows=951 width=4)
	        Recheck Cond: ((id >= 6069504) AND (id <= 6070503))
	        ->  Bitmap Index Scan on sbtest2_pkey  (cost=0.00..21.94 rows=951 width=0)
	              Index Cond: ((id >= 6069504) AND (id <= 6070503))

table 3 : explain SELECT SUM(k) FROM sbtest3 WHERE id BETWEEN 5302792 AND 5303791
	Aggregate  (cost=3444.32..3444.33 rows=1 width=8)
	  ->  Bitmap Heap Scan on sbtest3  (cost=21.55..3442.10 rows=889 width=4)
	        Recheck Cond: ((id >= 5302792) AND (id <= 5303791))
	        ->  Bitmap Index Scan on sbtest3_pkey  (cost=0.00..21.32 rows=889 width=0)
	              Index Cond: ((id >= 5302792) AND (id <= 5303791))

table 4 : explain SELECT SUM(k) FROM sbtest4 WHERE id BETWEEN 7261363 AND 7262362
	Aggregate  (cost=3815.54..3815.55 rows=1 width=8)
	  ->  Bitmap Heap Scan on sbtest4  (cost=22.55..3813.07 rows=987 width=4)
	        Recheck Cond: ((id >= 7261363) AND (id <= 7262362))
	        ->  Bitmap Index Scan on sbtest4_pkey  (cost=0.00..22.30 rows=987 width=0)
	              Index Cond: ((id >= 7261363) AND (id <= 7262362))

table 5 : explain SELECT SUM(k) FROM sbtest5 WHERE id BETWEEN 410037 AND 411036
	Aggregate  (cost=3970.09..3970.10 rows=1 width=8)
	  ->  Bitmap Heap Scan on sbtest5  (cost=22.97..3967.52 rows=1028 width=4)
	        Recheck Cond: ((id >= 410037) AND (id <= 411036))
	        ->  Bitmap Index Scan on sbtest5_pkey  (cost=0.00..22.71 rows=1028 width=0)
	              Index Cond: ((id >= 410037) AND (id <= 411036))

table 6 : explain SELECT SUM(k) FROM sbtest6 WHERE id BETWEEN 2002879 AND 2003878
	Aggregate  (cost=3683.53..3683.54 rows=1 width=8)
	  ->  Bitmap Heap Scan on sbtest6  (cost=22.19..3681.15 rows=952 width=4)
	        Recheck Cond: ((id >= 2002879) AND (id <= 2003878))
	        ->  Bitmap Index Scan on sbtest6_pkey  (cost=0.00..21.95 rows=952 width=0)
	              Index Cond: ((id >= 2002879) AND (id <= 2003878))

table 7 : explain SELECT SUM(k) FROM sbtest7 WHERE id BETWEEN 2039158 AND 2040157
	Aggregate  (cost=3620.23..3620.24 rows=1 width=8)
	  ->  Bitmap Heap Scan on sbtest7  (cost=22.02..3617.89 rows=935 width=4)
	        Recheck Cond: ((id >= 2039158) AND (id <= 2040157))
	        ->  Bitmap Index Scan on sbtest7_pkey  (cost=0.00..21.79 rows=935 width=0)
	              Index Cond: ((id >= 2039158) AND (id <= 2040157))

table 8 : explain SELECT SUM(k) FROM sbtest8 WHERE id BETWEEN 7354163 AND 7355162
	Aggregate  (cost=3925.95..3925.96 rows=1 width=8)
	  ->  Bitmap Heap Scan on sbtest8  (cost=22.85..3923.41 rows=1016 width=4)
	        Recheck Cond: ((id >= 7354163) AND (id <= 7355162))
	        ->  Bitmap Index Scan on sbtest8_pkey  (cost=0.00..22.59 rows=1016 width=0)
	              Index Cond: ((id >= 7354163) AND (id <= 7355162))

explain: for point_selects :: explain SELECT c FROM sbtest%u WHERE id=%u
explain: for point_selects :: explain SELECT c FROM sbtest%u WHERE id=%u
for: sum_ranges
table 1 : explain SELECT SUM(k) FROM sbtest1 WHERE id BETWEEN 4267381 AND 4268380
	Aggregate  (cost=3605.74..3605.75 rows=1 width=8)
	  ->  Bitmap Heap Scan on sbtest1  (cost=21.99..3603.41 rows=932 width=4)
	        Recheck Cond: ((id >= 4267381) AND (id <= 4268380))
	        ->  Bitmap Index Scan on sbtest1_pkey  (cost=0.00..21.75 rows=932 width=0)
	              Index Cond: ((id >= 4267381) AND (id <= 4268380))

table 2 : explain SELECT SUM(k) FROM sbtest2 WHERE id BETWEEN 6220278 AND 6221277
	Aggregate  (cost=3980.11..3980.12 rows=1 width=8)
	  ->  Bitmap Heap Scan on sbtest2  (cost=23.00..3977.53 rows=1031 width=4)
	        Recheck Cond: ((id >= 6220278) AND (id <= 6221277))
	        ->  Bitmap Index Scan on sbtest2_pkey  (cost=0.00..22.75 rows=1031 width=0)
	              Index Cond: ((id >= 6220278) AND (id <= 6221277))

table 3 : explain SELECT SUM(k) FROM sbtest3 WHERE id BETWEEN 9799336 AND 9800335
	Aggregate  (cost=3855.89..3855.90 rows=1 width=8)
	  ->  Bitmap Heap Scan on sbtest3  (cost=22.66..3853.39 rows=998 width=4)
	        Recheck Cond: ((id >= 9799336) AND (id <= 9800335))
	        ->  Bitmap Index Scan on sbtest3_pkey  (cost=0.00..22.41 rows=998 width=0)
	              Index Cond: ((id >= 9799336) AND (id <= 9800335))

table 4 : explain SELECT SUM(k) FROM sbtest4 WHERE id BETWEEN 975283 AND 976282
	Aggregate  (cost=3785.36..3785.37 rows=1 width=8)
	  ->  Bitmap Heap Scan on sbtest4  (cost=22.47..3782.91 rows=979 width=4)
	        Recheck Cond: ((id >= 975283) AND (id <= 976282))
	        ->  Bitmap Index Scan on sbtest4_pkey  (cost=0.00..22.22 rows=979 width=0)
	              Index Cond: ((id >= 975283) AND (id <= 976282))

table 5 : explain SELECT SUM(k) FROM sbtest5 WHERE id BETWEEN 5520325 AND 5521324
	Aggregate  (cost=3437.72..3437.73 rows=1 width=8)
	  ->  Bitmap Heap Scan on sbtest5  (cost=21.53..3435.51 rows=887 width=4)
	        Recheck Cond: ((id >= 5520325) AND (id <= 5521324))
	        ->  Bitmap Index Scan on sbtest5_pkey  (cost=0.00..21.30 rows=887 width=0)
	              Index Cond: ((id >= 5520325) AND (id <= 5521324))

table 6 : explain SELECT SUM(k) FROM sbtest6 WHERE id BETWEEN 5803914 AND 5804913
	Aggregate  (cost=3668.43..3668.44 rows=1 width=8)
	  ->  Bitmap Heap Scan on sbtest6  (cost=22.15..3666.06 rows=948 width=4)
	        Recheck Cond: ((id >= 5803914) AND (id <= 5804913))
	        ->  Bitmap Index Scan on sbtest6_pkey  (cost=0.00..21.91 rows=948 width=0)
	              Index Cond: ((id >= 5803914) AND (id <= 5804913))

table 7 : explain SELECT SUM(k) FROM sbtest7 WHERE id BETWEEN 8886001 AND 8887000
	Aggregate  (cost=3718.47..3718.48 rows=1 width=8)
	  ->  Bitmap Heap Scan on sbtest7  (cost=22.29..3716.06 rows=961 width=4)
	        Recheck Cond: ((id >= 8886001) AND (id <= 8887000))
	        ->  Bitmap Index Scan on sbtest7_pkey  (cost=0.00..22.04 rows=961 width=0)
	              Index Cond: ((id >= 8886001) AND (id <= 8887000))

table 8 : explain SELECT SUM(k) FROM sbtest8 WHERE id BETWEEN 9295485 AND 9296484
	Aggregate  (cost=4170.95..4170.96 rows=1 width=8)
	  ->  Bitmap Heap Scan on sbtest8  (cost=27.50..4168.25 rows=1080 width=4)
	        Recheck Cond: ((id >= 9295485) AND (id <= 9296484))
	        ->  Bitmap Index Scan on sbtest8_pkey  (cost=0.00..27.23 rows=1080 width=0)
	              Index Cond: ((id >= 9295485) AND (id <= 9296484))

for: order_ranges
table 1 : explain SELECT c FROM sbtest1 WHERE id BETWEEN 8388348 AND 8389347 ORDER BY c
	Sort  (cost=3924.78..3927.29 rows=1004 width=121)
	  Sort Key: c
	  ->  Bitmap Heap Scan on sbtest1  (cost=22.73..3874.72 rows=1004 width=121)
	        Recheck Cond: ((id >= 8388348) AND (id <= 8389347))
	        ->  Bitmap Index Scan on sbtest1_pkey  (cost=0.00..22.47 rows=1004 width=0)
	              Index Cond: ((id >= 8388348) AND (id <= 8389347))

table 2 : explain SELECT c FROM sbtest2 WHERE id BETWEEN 9044581 AND 9045580 ORDER BY c
	Sort  (cost=3677.26..3679.61 rows=939 width=121)
	  Sort Key: c
	  ->  Bitmap Heap Scan on sbtest2  (cost=22.06..3630.90 rows=939 width=121)
	        Recheck Cond: ((id >= 9044581) AND (id <= 9045580))
	        ->  Bitmap Index Scan on sbtest2_pkey  (cost=0.00..21.82 rows=939 width=0)
	              Index Cond: ((id >= 9044581) AND (id <= 9045580))

table 3 : explain SELECT c FROM sbtest3 WHERE id BETWEEN 1512603 AND 1513602 ORDER BY c
	Sort  (cost=3998.65..4001.21 rows=1023 width=121)
	  Sort Key: c
	  ->  Bitmap Heap Scan on sbtest3  (cost=22.92..3947.51 rows=1023 width=121)
	        Recheck Cond: ((id >= 1512603) AND (id <= 1513602))
	        ->  Bitmap Index Scan on sbtest3_pkey  (cost=0.00..22.66 rows=1023 width=0)
	              Index Cond: ((id >= 1512603) AND (id <= 1513602))

table 4 : explain SELECT c FROM sbtest4 WHERE id BETWEEN 2093134 AND 2094133 ORDER BY c
	Sort  (cost=4030.39..4032.97 rows=1031 width=121)
	  Sort Key: c
	  ->  Bitmap Heap Scan on sbtest4  (cost=23.00..3978.79 rows=1031 width=121)
	        Recheck Cond: ((id >= 2093134) AND (id <= 2094133))
	        ->  Bitmap Index Scan on sbtest4_pkey  (cost=0.00..22.75 rows=1031 width=0)
	              Index Cond: ((id >= 2093134) AND (id <= 2094133))

table 5 : explain SELECT c FROM sbtest5 WHERE id BETWEEN 8489004 AND 8490003 ORDER BY c
	Sort  (cost=3762.66..3765.06 rows=961 width=121)
	  Sort Key: c
	  ->  Bitmap Heap Scan on sbtest5  (cost=22.29..3715.05 rows=961 width=121)
	        Recheck Cond: ((id >= 8489004) AND (id <= 8490003))
	        ->  Bitmap Index Scan on sbtest5_pkey  (cost=0.00..22.04 rows=961 width=0)
	              Index Cond: ((id >= 8489004) AND (id <= 8490003))

table 6 : explain SELECT c FROM sbtest6 WHERE id BETWEEN 4326770 AND 4327769 ORDER BY c
	Sort  (cost=4053.41..4056.01 rows=1037 width=121)
	  Sort Key: c
	  ->  Bitmap Heap Scan on sbtest6  (cost=23.06..4001.47 rows=1037 width=121)
	        Recheck Cond: ((id >= 4326770) AND (id <= 4327769))
	        ->  Bitmap Index Scan on sbtest6_pkey  (cost=0.00..22.80 rows=1037 width=0)
	              Index Cond: ((id >= 4326770) AND (id <= 4327769))

table 7 : explain SELECT c FROM sbtest7 WHERE id BETWEEN 6997105 AND 6998104 ORDER BY c
	Sort  (cost=4046.83..4049.42 rows=1035 width=121)
	  Sort Key: c
	  ->  Bitmap Heap Scan on sbtest7  (cost=23.04..3995.01 rows=1035 width=121)
	        Recheck Cond: ((id >= 6997105) AND (id <= 6998104))
	        ->  Bitmap Index Scan on sbtest7_pkey  (cost=0.00..22.79 rows=1035 width=0)
	              Index Cond: ((id >= 6997105) AND (id <= 6998104))

table 8 : explain SELECT c FROM sbtest8 WHERE id BETWEEN 5582135 AND 5583134 ORDER BY c
	Sort  (cost=3637.15..3639.47 rows=928 width=121)
	  Sort Key: c
	  ->  Bitmap Heap Scan on sbtest8  (cost=21.95..3591.41 rows=928 width=121)
	        Recheck Cond: ((id >= 5582135) AND (id <= 5583134))
	        ->  Bitmap Index Scan on sbtest8_pkey  (cost=0.00..21.71 rows=928 width=0)
	              Index Cond: ((id >= 5582135) AND (id <= 5583134))

for: simple_ranges
table 1 : explain SELECT c FROM sbtest1 WHERE id BETWEEN 6051811 AND 6052810
	Bitmap Heap Scan on sbtest1  (cost=22.59..3825.78 rows=991 width=121)
	  Recheck Cond: ((id >= 6051811) AND (id <= 6052810))
	  ->  Bitmap Index Scan on sbtest1_pkey  (cost=0.00..22.34 rows=991 width=0)
	        Index Cond: ((id >= 6051811) AND (id <= 6052810))

table 2 : explain SELECT c FROM sbtest2 WHERE id BETWEEN 8970816 AND 8971815
	Bitmap Heap Scan on sbtest2  (cost=22.74..3879.68 rows=1005 width=121)
	  Recheck Cond: ((id >= 8970816) AND (id <= 8971815))
	  ->  Bitmap Index Scan on sbtest2_pkey  (cost=0.00..22.48 rows=1005 width=0)
	        Index Cond: ((id >= 8970816) AND (id <= 8971815))

table 3 : explain SELECT c FROM sbtest3 WHERE id BETWEEN 6173690 AND 6174689
	Bitmap Heap Scan on sbtest3  (cost=27.99..4338.44 rows=1127 width=121)
	  Recheck Cond: ((id >= 6173690) AND (id <= 6174689))
	  ->  Bitmap Index Scan on sbtest3_pkey  (cost=0.00..27.70 rows=1127 width=0)
	        Index Cond: ((id >= 6173690) AND (id <= 6174689))

table 4 : explain SELECT c FROM sbtest4 WHERE id BETWEEN 5340601 AND 5341600
	Bitmap Heap Scan on sbtest4  (cost=22.27..3711.25 rows=960 width=121)
	  Recheck Cond: ((id >= 5340601) AND (id <= 5341600))
	  ->  Bitmap Index Scan on sbtest4_pkey  (cost=0.00..22.04 rows=960 width=0)
	        Index Cond: ((id >= 5340601) AND (id <= 5341600))

table 5 : explain SELECT c FROM sbtest5 WHERE id BETWEEN 1608237 AND 1609236
	Bitmap Heap Scan on sbtest5  (cost=27.88..4302.30 rows=1117 width=121)
	  Recheck Cond: ((id >= 1608237) AND (id <= 1609236))
	  ->  Bitmap Index Scan on sbtest5_pkey  (cost=0.00..27.61 rows=1117 width=0)
	        Index Cond: ((id >= 1608237) AND (id <= 1609236))

table 6 : explain SELECT c FROM sbtest6 WHERE id BETWEEN 1259010 AND 1260009
	Bitmap Heap Scan on sbtest6  (cost=22.68..3862.15 rows=1000 width=121)
	  Recheck Cond: ((id >= 1259010) AND (id <= 1260009))
	  ->  Bitmap Index Scan on sbtest6_pkey  (cost=0.00..22.43 rows=1000 width=0)
	        Index Cond: ((id >= 1259010) AND (id <= 1260009))

table 7 : explain SELECT c FROM sbtest7 WHERE id BETWEEN 4246251 AND 4247250
	Bitmap Heap Scan on sbtest7  (cost=23.07..4006.30 rows=1038 width=121)
	  Recheck Cond: ((id >= 4246251) AND (id <= 4247250))
	  ->  Bitmap Index Scan on sbtest7_pkey  (cost=0.00..22.82 rows=1038 width=0)
	        Index Cond: ((id >= 4246251) AND (id <= 4247250))

table 8 : explain SELECT c FROM sbtest8 WHERE id BETWEEN 7120310 AND 7121309
	Bitmap Heap Scan on sbtest8  (cost=22.67..3859.36 rows=999 width=121)
	  Recheck Cond: ((id >= 7120310) AND (id <= 7121309))
	  ->  Bitmap Index Scan on sbtest8_pkey  (cost=0.00..22.43 rows=999 width=0)
	        Index Cond: ((id >= 7120310) AND (id <= 7121309))

explain: for point_selects :: explain SELECT c FROM sbtest%u WHERE id=%u
explain: for point_selects :: explain SELECT c FROM sbtest%u WHERE id=%u
for point_selects
table 1 : explain SELECT c FROM sbtest1 WHERE id=1369631
	Index Scan using sbtest1_pkey on sbtest1  (cost=0.43..8.45 rows=1 width=121)
	  Index Cond: (id = 1369631)

table 2 : explain SELECT c FROM sbtest2 WHERE id=1979876
	Index Scan using sbtest2_pkey on sbtest2  (cost=0.43..8.45 rows=1 width=121)
	  Index Cond: (id = 1979876)

table 3 : explain SELECT c FROM sbtest3 WHERE id=8972625
	Index Scan using sbtest3_pkey on sbtest3  (cost=0.43..8.45 rows=1 width=121)
	  Index Cond: (id = 8972625)

table 4 : explain SELECT c FROM sbtest4 WHERE id=8972390
	Index Scan using sbtest4_pkey on sbtest4  (cost=0.43..8.45 rows=1 width=121)
	  Index Cond: (id = 8972390)

table 5 : explain SELECT c FROM sbtest5 WHERE id=5895679
	Index Scan using sbtest5_pkey on sbtest5  (cost=0.43..8.45 rows=1 width=121)
	  Index Cond: (id = 5895679)

table 6 : explain SELECT c FROM sbtest6 WHERE id=1586074
	Index Scan using sbtest6_pkey on sbtest6  (cost=0.43..8.45 rows=1 width=121)
	  Index Cond: (id = 1586074)

table 7 : explain SELECT c FROM sbtest7 WHERE id=2211937
	Index Scan using sbtest7_pkey on sbtest7  (cost=0.43..8.45 rows=1 width=121)
	  Index Cond: (id = 2211937)

table 8 : explain SELECT c FROM sbtest8 WHERE id=2409361
	Index Scan using sbtest8_pkey on sbtest8  (cost=0.43..8.45 rows=1 width=121)
	  Index Cond: (id = 2409361)

for: distinct_ranges
table 1 : explain SELECT DISTINCT c FROM sbtest1 WHERE id BETWEEN 5562289 AND 5563288 ORDER BY c
	Unique  (cost=4359.80..4365.39 rows=1118 width=121)
	  ->  Sort  (cost=4359.80..4362.60 rows=1118 width=121)
	        Sort Key: c
	        ->  Bitmap Heap Scan on sbtest1  (cost=27.89..4303.19 rows=1118 width=121)
	              Recheck Cond: ((id >= 5562289) AND (id <= 5563288))
	              ->  Bitmap Index Scan on sbtest1_pkey  (cost=0.00..27.61 rows=1118 width=0)
	                    Index Cond: ((id >= 5562289) AND (id <= 5563288))

table 2 : explain SELECT DISTINCT c FROM sbtest2 WHERE id BETWEEN 8980258 AND 8981257 ORDER BY c
	Unique  (cost=3677.26..3681.96 rows=939 width=121)
	  ->  Sort  (cost=3677.26..3679.61 rows=939 width=121)
	        Sort Key: c
	        ->  Bitmap Heap Scan on sbtest2  (cost=22.06..3630.90 rows=939 width=121)
	              Recheck Cond: ((id >= 8980258) AND (id <= 8981257))
	              ->  Bitmap Index Scan on sbtest2_pkey  (cost=0.00..21.82 rows=939 width=0)
	                    Index Cond: ((id >= 8980258) AND (id <= 8981257))

table 3 : explain SELECT DISTINCT c FROM sbtest3 WHERE id BETWEEN 7994576 AND 7995575 ORDER BY c
	Unique  (cost=3849.57..3854.49 rows=984 width=121)
	  ->  Sort  (cost=3849.57..3852.03 rows=984 width=121)
	        Sort Key: c
	        ->  Bitmap Heap Scan on sbtest3  (cost=22.52..3800.65 rows=984 width=121)
	              Recheck Cond: ((id >= 7994576) AND (id <= 7995575))
	              ->  Bitmap Index Scan on sbtest3_pkey  (cost=0.00..22.27 rows=984 width=0)
	                    Index Cond: ((id >= 7994576) AND (id <= 7995575))

table 4 : explain SELECT DISTINCT c FROM sbtest4 WHERE id BETWEEN 602762 AND 603761 ORDER BY c
	Unique  (cost=3777.95..3782.78 rows=965 width=121)
	  ->  Sort  (cost=3777.95..3780.36 rows=965 width=121)
	        Sort Key: c
	        ->  Bitmap Heap Scan on sbtest4  (cost=22.33..3730.11 rows=965 width=121)
	              Recheck Cond: ((id >= 602762) AND (id <= 603761))
	              ->  Bitmap Index Scan on sbtest4_pkey  (cost=0.00..22.08 rows=965 width=0)
	                    Index Cond: ((id >= 602762) AND (id <= 603761))

table 5 : explain SELECT DISTINCT c FROM sbtest5 WHERE id BETWEEN 3543843 AND 3544842 ORDER BY c
	Unique  (cost=3578.70..3583.27 rows=913 width=121)
	  ->  Sort  (cost=3578.70..3580.98 rows=913 width=121)
	        Sort Key: c
	        ->  Bitmap Heap Scan on sbtest5  (cost=21.79..3533.81 rows=913 width=121)
	              Recheck Cond: ((id >= 3543843) AND (id <= 3544842))
	              ->  Bitmap Index Scan on sbtest5_pkey  (cost=0.00..21.57 rows=913 width=0)
	                    Index Cond: ((id >= 3543843) AND (id <= 3544842))

table 6 : explain SELECT DISTINCT c FROM sbtest6 WHERE id BETWEEN 7648305 AND 7649304 ORDER BY c
	Unique  (cost=3701.44..3706.16 rows=945 width=121)
	  ->  Sort  (cost=3701.44..3703.80 rows=945 width=121)
	        Sort Key: c
	        ->  Bitmap Heap Scan on sbtest6  (cost=22.12..3654.73 rows=945 width=121)
	              Recheck Cond: ((id >= 7648305) AND (id <= 7649304))
	              ->  Bitmap Index Scan on sbtest6_pkey  (cost=0.00..21.89 rows=945 width=0)
	                    Index Cond: ((id >= 7648305) AND (id <= 7649304))

table 7 : explain SELECT DISTINCT c FROM sbtest7 WHERE id BETWEEN 381661 AND 382660 ORDER BY c
	Unique  (cost=3771.34..3776.15 rows=963 width=121)
	  ->  Sort  (cost=3771.34..3773.74 rows=963 width=121)
	        Sort Key: c
	        ->  Bitmap Heap Scan on sbtest7  (cost=22.31..3723.61 rows=963 width=121)
	              Recheck Cond: ((id >= 381661) AND (id <= 382660))
	              ->  Bitmap Index Scan on sbtest7_pkey  (cost=0.00..22.07 rows=963 width=0)
	                    Index Cond: ((id >= 381661) AND (id <= 382660))

table 8 : explain SELECT DISTINCT c FROM sbtest8 WHERE id BETWEEN 6697365 AND 6698364 ORDER BY c
	Unique  (cost=4424.87..4430.54 rows=1134 width=121)
	  ->  Sort  (cost=4424.87..4427.71 rows=1134 width=121)
	        Sort Key: c
	        ->  Bitmap Heap Scan on sbtest8  (cost=28.06..4367.34 rows=1134 width=121)
	              Recheck Cond: ((id >= 6697365) AND (id <= 6698364))
	              ->  Bitmap Index Scan on sbtest8_pkey  (cost=0.00..27.77 rows=1134 width=0)
	                    Index Cond: ((id >= 6697365) AND (id <= 6698364))

for: order_ranges
table 1 : explain SELECT c FROM sbtest1 WHERE id BETWEEN 3936991 AND 3937990 ORDER BY c
	Sort  (cost=4169.04..4171.71 rows=1068 width=121)
	  Sort Key: c
	  ->  Bitmap Heap Scan on sbtest1  (cost=23.38..4115.31 rows=1068 width=121)
	        Recheck Cond: ((id >= 3936991) AND (id <= 3937990))
	        ->  Bitmap Index Scan on sbtest1_pkey  (cost=0.00..23.11 rows=1068 width=0)
	              Index Cond: ((id >= 3936991) AND (id <= 3937990))

table 2 : explain SELECT c FROM sbtest2 WHERE id BETWEEN 6771133 AND 6772132 ORDER BY c
	Sort  (cost=3849.50..3851.96 rows=984 width=121)
	  Sort Key: c
	  ->  Bitmap Heap Scan on sbtest2  (cost=22.52..3800.59 rows=984 width=121)
	        Recheck Cond: ((id >= 6771133) AND (id <= 6772132))
	        ->  Bitmap Index Scan on sbtest2_pkey  (cost=0.00..22.27 rows=984 width=0)
	              Index Cond: ((id >= 6771133) AND (id <= 6772132))

table 3 : explain SELECT c FROM sbtest3 WHERE id BETWEEN 9083545 AND 9084544 ORDER BY c
	Sort  (cost=3991.01..3993.56 rows=1021 width=121)
	  Sort Key: c
	  ->  Bitmap Heap Scan on sbtest3  (cost=22.90..3939.98 rows=1021 width=121)
	        Recheck Cond: ((id >= 9083545) AND (id <= 9084544))
	        ->  Bitmap Index Scan on sbtest3_pkey  (cost=0.00..22.64 rows=1021 width=0)
	              Index Cond: ((id >= 9083545) AND (id <= 9084544))

table 4 : explain SELECT c FROM sbtest4 WHERE id BETWEEN 7347440 AND 7348439 ORDER BY c
	Sort  (cost=3869.81..3872.28 rows=989 width=121)
	  Sort Key: c
	  ->  Bitmap Heap Scan on sbtest4  (cost=22.57..3820.61 rows=989 width=121)
	        Recheck Cond: ((id >= 7347440) AND (id <= 7348439))
	        ->  Bitmap Index Scan on sbtest4_pkey  (cost=0.00..22.32 rows=989 width=0)
	              Index Cond: ((id >= 7347440) AND (id <= 7348439))

table 5 : explain SELECT c FROM sbtest5 WHERE id BETWEEN 8537085 AND 8538084 ORDER BY c
	Sort  (cost=3762.66..3765.06 rows=961 width=121)
	  Sort Key: c
	  ->  Bitmap Heap Scan on sbtest5  (cost=22.29..3715.05 rows=961 width=121)
	        Recheck Cond: ((id >= 8537085) AND (id <= 8538084))
	        ->  Bitmap Index Scan on sbtest5_pkey  (cost=0.00..22.04 rows=961 width=0)
	              Index Cond: ((id >= 8537085) AND (id <= 8538084))

table 6 : explain SELECT c FROM sbtest6 WHERE id BETWEEN 3796436 AND 3797435 ORDER BY c
	Sort  (cost=3946.40..3948.92 rows=1009 width=121)
	  Sort Key: c
	  ->  Bitmap Heap Scan on sbtest6  (cost=22.78..3896.06 rows=1009 width=121)
	        Recheck Cond: ((id >= 3796436) AND (id <= 3797435))
	        ->  Bitmap Index Scan on sbtest6_pkey  (cost=0.00..22.52 rows=1009 width=0)
	              Index Cond: ((id >= 3796436) AND (id <= 3797435))

table 7 : explain SELECT c FROM sbtest7 WHERE id BETWEEN 4777147 AND 4778146 ORDER BY c
	Sort  (cost=3779.00..3781.41 rows=965 width=121)
	  Sort Key: c
	  ->  Bitmap Heap Scan on sbtest7  (cost=22.33..3731.16 rows=965 width=121)
	        Recheck Cond: ((id >= 4777147) AND (id <= 4778146))
	        ->  Bitmap Index Scan on sbtest7_pkey  (cost=0.00..22.08 rows=965 width=0)
	              Index Cond: ((id >= 4777147) AND (id <= 4778146))

table 8 : explain SELECT c FROM sbtest8 WHERE id BETWEEN 6216362 AND 6217361 ORDER BY c
	Sort  (cost=3939.73..3942.25 rows=1007 width=121)
	  Sort Key: c
	  ->  Bitmap Heap Scan on sbtest8  (cost=22.76..3889.51 rows=1007 width=121)
	        Recheck Cond: ((id >= 6216362) AND (id <= 6217361))
	        ->  Bitmap Index Scan on sbtest8_pkey  (cost=0.00..22.50 rows=1007 width=0)
	              Index Cond: ((id >= 6216362) AND (id <= 6217361))

for: simple_ranges
table 1 : explain SELECT c FROM sbtest1 WHERE id BETWEEN 9013894 AND 9014893
	Bitmap Heap Scan on sbtest1  (cost=23.54..4171.63 rows=1083 width=121)
	  Recheck Cond: ((id >= 9013894) AND (id <= 9014893))
	  ->  Bitmap Index Scan on sbtest1_pkey  (cost=0.00..23.26 rows=1083 width=0)
	        Index Cond: ((id >= 9013894) AND (id <= 9014893))

table 2 : explain SELECT c FROM sbtest2 WHERE id BETWEEN 4506144 AND 4507143
	Bitmap Heap Scan on sbtest2  (cost=21.85..3555.40 rows=919 width=121)
	  Recheck Cond: ((id >= 4506144) AND (id <= 4507143))
	  ->  Bitmap Index Scan on sbtest2_pkey  (cost=0.00..21.62 rows=919 width=0)
	        Index Cond: ((id >= 4506144) AND (id <= 4507143))

table 3 : explain SELECT c FROM sbtest3 WHERE id BETWEEN 131940 AND 132939
	Bitmap Heap Scan on sbtest3  (cost=23.54..4173.05 rows=1083 width=121)
	  Recheck Cond: ((id >= 131940) AND (id <= 132939))
	  ->  Bitmap Index Scan on sbtest3_pkey  (cost=0.00..23.26 rows=1083 width=0)
	        Index Cond: ((id >= 131940) AND (id <= 132939))

table 4 : explain SELECT c FROM sbtest4 WHERE id BETWEEN 5033102 AND 5034101
	Bitmap Heap Scan on sbtest4  (cost=27.66..4223.40 rows=1095 width=121)
	  Recheck Cond: ((id >= 5033102) AND (id <= 5034101))
	  ->  Bitmap Index Scan on sbtest4_pkey  (cost=0.00..27.39 rows=1095 width=0)
	        Index Cond: ((id >= 5033102) AND (id <= 5034101))

table 5 : explain SELECT c FROM sbtest5 WHERE id BETWEEN 3695210 AND 3696209
	Bitmap Heap Scan on sbtest5  (cost=23.08..4008.92 rows=1039 width=121)
	  Recheck Cond: ((id >= 3695210) AND (id <= 3696209))
	  ->  Bitmap Index Scan on sbtest5_pkey  (cost=0.00..22.82 rows=1039 width=0)
	        Index Cond: ((id >= 3695210) AND (id <= 3696209))

table 6 : explain SELECT c FROM sbtest6 WHERE id BETWEEN 1156638 AND 1157637
	Bitmap Heap Scan on sbtest6  (cost=22.44..3771.69 rows=976 width=121)
	  Recheck Cond: ((id >= 1156638) AND (id <= 1157637))
	  ->  Bitmap Index Scan on sbtest6_pkey  (cost=0.00..22.19 rows=976 width=0)
	        Index Cond: ((id >= 1156638) AND (id <= 1157637))

table 7 : explain SELECT c FROM sbtest7 WHERE id BETWEEN 5693602 AND 5694601
	Bitmap Heap Scan on sbtest7  (cost=22.62..3840.54 rows=994 width=121)
	  Recheck Cond: ((id >= 5693602) AND (id <= 5694601))
	  ->  Bitmap Index Scan on sbtest7_pkey  (cost=0.00..22.37 rows=994 width=0)
	        Index Cond: ((id >= 5693602) AND (id <= 5694601))

table 8 : explain SELECT c FROM sbtest8 WHERE id BETWEEN 382157 AND 383156
	Bitmap Heap Scan on sbtest8  (cost=22.56..3817.89 rows=988 width=121)
	  Recheck Cond: ((id >= 382157) AND (id <= 383156))
	  ->  Bitmap Index Scan on sbtest8_pkey  (cost=0.00..22.32 rows=988 width=0)
	        Index Cond: ((id >= 382157) AND (id <= 383156))

for: order_ranges
table 1 : explain SELECT c FROM sbtest1 WHERE id BETWEEN 6168395 AND 6169394 ORDER BY c
	Sort  (cost=3898.03..3900.52 rows=997 width=121)
	  Sort Key: c
	  ->  Bitmap Heap Scan on sbtest1  (cost=22.65..3848.37 rows=997 width=121)
	        Recheck Cond: ((id >= 6168395) AND (id <= 6169394))
	        ->  Bitmap Index Scan on sbtest1_pkey  (cost=0.00..22.40 rows=997 width=0)
	              Index Cond: ((id >= 6168395) AND (id <= 6169394))

table 2 : explain SELECT c FROM sbtest2 WHERE id BETWEEN 6760348 AND 6761347 ORDER BY c
	Sort  (cost=3849.50..3851.96 rows=984 width=121)
	  Sort Key: c
	  ->  Bitmap Heap Scan on sbtest2  (cost=22.52..3800.59 rows=984 width=121)
	        Recheck Cond: ((id >= 6760348) AND (id <= 6761347))
	        ->  Bitmap Index Scan on sbtest2_pkey  (cost=0.00..22.27 rows=984 width=0)
	              Index Cond: ((id >= 6760348) AND (id <= 6761347))

table 3 : explain SELECT c FROM sbtest3 WHERE id BETWEEN 7088293 AND 7089292 ORDER BY c
	Sort  (cost=3945.16..3947.68 rows=1009 width=121)
	  Sort Key: c
	  ->  Bitmap Heap Scan on sbtest3  (cost=22.78..3894.81 rows=1009 width=121)
	        Recheck Cond: ((id >= 7088293) AND (id <= 7089292))
	        ->  Bitmap Index Scan on sbtest3_pkey  (cost=0.00..22.52 rows=1009 width=0)
	              Index Cond: ((id >= 7088293) AND (id <= 7089292))

table 4 : explain SELECT c FROM sbtest4 WHERE id BETWEEN 948227 AND 949226 ORDER BY c
	Sort  (cost=3831.54..3833.99 rows=979 width=121)
	  Sort Key: c
	  ->  Bitmap Heap Scan on sbtest4  (cost=22.47..3782.91 rows=979 width=121)
	        Recheck Cond: ((id >= 948227) AND (id <= 949226))
	        ->  Bitmap Index Scan on sbtest4_pkey  (cost=0.00..22.22 rows=979 width=0)
	              Index Cond: ((id >= 948227) AND (id <= 949226))

table 5 : explain SELECT c FROM sbtest5 WHERE id BETWEEN 5443547 AND 5444546 ORDER BY c
	Sort  (cost=3762.66..3765.06 rows=961 width=121)
	  Sort Key: c
	  ->  Bitmap Heap Scan on sbtest5  (cost=22.29..3715.05 rows=961 width=121)
	        Recheck Cond: ((id >= 5443547) AND (id <= 5444546))
	        ->  Bitmap Index Scan on sbtest5_pkey  (cost=0.00..22.04 rows=961 width=0)
	              Index Cond: ((id >= 5443547) AND (id <= 5444546))

table 6 : explain SELECT c FROM sbtest6 WHERE id BETWEEN 4837203 AND 4838202 ORDER BY c
	Sort  (cost=3628.61..3630.93 rows=926 width=121)
	  Sort Key: c
	  ->  Bitmap Heap Scan on sbtest6  (cost=21.93..3582.99 rows=926 width=121)
	        Recheck Cond: ((id >= 4837203) AND (id <= 4838202))
	        ->  Bitmap Index Scan on sbtest6_pkey  (cost=0.00..21.69 rows=926 width=0)
	              Index Cond: ((id >= 4837203) AND (id <= 4838202))

table 7 : explain SELECT c FROM sbtest7 WHERE id BETWEEN 478971 AND 479970 ORDER BY c
	Sort  (cost=4268.50..4271.23 rows=1092 width=121)
	  Sort Key: c
	  ->  Bitmap Heap Scan on sbtest7  (cost=27.63..4213.39 rows=1092 width=121)
	        Recheck Cond: ((id >= 478971) AND (id <= 479970))
	        ->  Bitmap Index Scan on sbtest7_pkey  (cost=0.00..27.36 rows=1092 width=0)
	              Index Cond: ((id >= 478971) AND (id <= 479970))

table 8 : explain SELECT c FROM sbtest8 WHERE id BETWEEN 7744431 AND 7745430 ORDER BY c
	Sort  (cost=3602.63..3604.93 rows=919 width=121)
	  Sort Key: c
	  ->  Bitmap Heap Scan on sbtest8  (cost=21.85..3557.40 rows=919 width=121)
	        Recheck Cond: ((id >= 7744431) AND (id <= 7745430))
	        ->  Bitmap Index Scan on sbtest8_pkey  (cost=0.00..21.62 rows=919 width=0)
	              Index Cond: ((id >= 7744431) AND (id <= 7745430))

for: sum_ranges
table 1 : explain SELECT SUM(k) FROM sbtest1 WHERE id BETWEEN 3952694 AND 3953693
	Aggregate  (cost=3843.33..3843.34 rows=1 width=8)
	  ->  Bitmap Heap Scan on sbtest1  (cost=22.63..3840.84 rows=995 width=4)
	        Recheck Cond: ((id >= 3952694) AND (id <= 3953693))
	        ->  Bitmap Index Scan on sbtest1_pkey  (cost=0.00..22.39 rows=995 width=0)
	              Index Cond: ((id >= 3952694) AND (id <= 3953693))

table 2 : explain SELECT SUM(k) FROM sbtest2 WHERE id BETWEEN 8716267 AND 8717266
	Aggregate  (cost=3640.80..3640.81 rows=1 width=8)
	  ->  Bitmap Heap Scan on sbtest2  (cost=22.08..3638.45 rows=941 width=4)
	        Recheck Cond: ((id >= 8716267) AND (id <= 8717266))
	        ->  Bitmap Index Scan on sbtest2_pkey  (cost=0.00..21.84 rows=941 width=0)
	              Index Cond: ((id >= 8716267) AND (id <= 8717266))

table 3 : explain SELECT SUM(k) FROM sbtest3 WHERE id BETWEEN 98164 AND 99163
	Aggregate  (cost=3772.95..3772.96 rows=1 width=8)
	  ->  Bitmap Heap Scan on sbtest3  (cost=22.44..3770.51 rows=976 width=4)
	        Recheck Cond: ((id >= 98164) AND (id <= 99163))
	        ->  Bitmap Index Scan on sbtest3_pkey  (cost=0.00..22.19 rows=976 width=0)
	              Index Cond: ((id >= 98164) AND (id <= 99163))

table 4 : explain SELECT SUM(k) FROM sbtest4 WHERE id BETWEEN 8202097 AND 8203096
	Aggregate  (cost=4180.79..4180.80 rows=1 width=8)
	  ->  Bitmap Heap Scan on sbtest4  (cost=23.55..4178.08 rows=1084 width=4)
	        Recheck Cond: ((id >= 8202097) AND (id <= 8203096))
	        ->  Bitmap Index Scan on sbtest4_pkey  (cost=0.00..23.27 rows=1084 width=0)
	              Index Cond: ((id >= 8202097) AND (id <= 8203096))

table 5 : explain SELECT SUM(k) FROM sbtest5 WHERE id BETWEEN 7770484 AND 7771483
	Aggregate  (cost=4169.54..4169.55 rows=1 width=8)
	  ->  Bitmap Heap Scan on sbtest5  (cost=23.52..4166.84 rows=1081 width=4)
	        Recheck Cond: ((id >= 7770484) AND (id <= 7771483))
	        ->  Bitmap Index Scan on sbtest5_pkey  (cost=0.00..23.25 rows=1081 width=0)
	              Index Cond: ((id >= 7770484) AND (id <= 7771483))

table 6 : explain SELECT SUM(k) FROM sbtest6 WHERE id BETWEEN 4349964 AND 4350963
	Aggregate  (cost=4004.06..4004.07 rows=1 width=8)
	  ->  Bitmap Heap Scan on sbtest6  (cost=23.06..4001.47 rows=1037 width=4)
	        Recheck Cond: ((id >= 4349964) AND (id <= 4350963))
	        ->  Bitmap Index Scan on sbtest6_pkey  (cost=0.00..22.80 rows=1037 width=0)
	              Index Cond: ((id >= 4349964) AND (id <= 4350963))

table 7 : explain SELECT SUM(k) FROM sbtest7 WHERE id BETWEEN 3534592 AND 3535591
	Aggregate  (cost=3910.91..3910.92 rows=1 width=8)
	  ->  Bitmap Heap Scan on sbtest7  (cost=22.81..3908.38 rows=1012 width=4)
	        Recheck Cond: ((id >= 3534592) AND (id <= 3535591))
	        ->  Bitmap Index Scan on sbtest7_pkey  (cost=0.00..22.55 rows=1012 width=0)
	              Index Cond: ((id >= 3534592) AND (id <= 3535591))

table 8 : explain SELECT SUM(k) FROM sbtest8 WHERE id BETWEEN 1586695 AND 1587694
	Aggregate  (cost=4170.95..4170.96 rows=1 width=8)
	  ->  Bitmap Heap Scan on sbtest8  (cost=27.50..4168.25 rows=1080 width=4)
	        Recheck Cond: ((id >= 1586695) AND (id <= 1587694))
	        ->  Bitmap Index Scan on sbtest8_pkey  (cost=0.00..27.23 rows=1080 width=0)
	              Index Cond: ((id >= 1586695) AND (id <= 1587694))

for: sum_ranges
table 1 : explain SELECT SUM(k) FROM sbtest1 WHERE id BETWEEN 2337251 AND 2338250
	Aggregate  (cost=3367.61..3367.62 rows=1 width=8)
	  ->  Bitmap Heap Scan on sbtest1  (cost=21.34..3365.44 rows=869 width=4)
	        Recheck Cond: ((id >= 2337251) AND (id <= 2338250))
	        ->  Bitmap Index Scan on sbtest1_pkey  (cost=0.00..21.12 rows=869 width=0)
	              Index Cond: ((id >= 2337251) AND (id <= 2338250))

table 2 : explain SELECT SUM(k) FROM sbtest2 WHERE id BETWEEN 9259875 AND 9260874
	Aggregate  (cost=3674.78..3674.79 rows=1 width=8)
	  ->  Bitmap Heap Scan on sbtest2  (cost=22.17..3672.40 rows=950 width=4)
	        Recheck Cond: ((id >= 9259875) AND (id <= 9260874))
	        ->  Bitmap Index Scan on sbtest2_pkey  (cost=0.00..21.93 rows=950 width=0)
	              Index Cond: ((id >= 9259875) AND (id <= 9260874))

table 3 : explain SELECT SUM(k) FROM sbtest3 WHERE id BETWEEN 8418264 AND 8419263
	Aggregate  (cost=3640.86..3640.87 rows=1 width=8)
	  ->  Bitmap Heap Scan on sbtest3  (cost=22.08..3638.51 rows=941 width=4)
	        Recheck Cond: ((id >= 8418264) AND (id <= 8419263))
	        ->  Bitmap Index Scan on sbtest3_pkey  (cost=0.00..21.84 rows=941 width=0)
	              Index Cond: ((id >= 8418264) AND (id <= 8419263))

table 4 : explain SELECT SUM(k) FROM sbtest4 WHERE id BETWEEN 1828307 AND 1829306
	Aggregate  (cost=4256.20..4256.21 rows=1 width=8)
	  ->  Bitmap Heap Scan on sbtest4  (cost=27.74..4253.44 rows=1103 width=4)
	        Recheck Cond: ((id >= 1828307) AND (id <= 1829306))
	        ->  Bitmap Index Scan on sbtest4_pkey  (cost=0.00..27.46 rows=1103 width=0)
	              Index Cond: ((id >= 1828307) AND (id <= 1829306))

table 5 : explain SELECT SUM(k) FROM sbtest5 WHERE id BETWEEN 8976056 AND 8977055
	Aggregate  (cost=4297.58..4297.59 rows=1 width=8)
	  ->  Bitmap Heap Scan on sbtest5  (cost=27.86..4294.79 rows=1115 width=4)
	        Recheck Cond: ((id >= 8976056) AND (id <= 8977055))
	        ->  Bitmap Index Scan on sbtest5_pkey  (cost=0.00..27.58 rows=1115 width=0)
	              Index Cond: ((id >= 8976056) AND (id <= 8977055))

table 6 : explain SELECT SUM(k) FROM sbtest6 WHERE id BETWEEN 5319216 AND 5320215
	Aggregate  (cost=3732.62..3732.63 rows=1 width=8)
	  ->  Bitmap Heap Scan on sbtest6  (cost=22.33..3730.20 rows=965 width=4)
	        Recheck Cond: ((id >= 5319216) AND (id <= 5320215))
	        ->  Bitmap Index Scan on sbtest6_pkey  (cost=0.00..22.08 rows=965 width=0)
	              Index Cond: ((id >= 5319216) AND (id <= 5320215))

table 7 : explain SELECT SUM(k) FROM sbtest7 WHERE id BETWEEN 7299929 AND 7300928
	Aggregate  (cost=4204.84..4204.85 rows=1 width=8)
	  ->  Bitmap Heap Scan on sbtest7  (cost=27.60..4202.12 rows=1089 width=4)
	        Recheck Cond: ((id >= 7299929) AND (id <= 7300928))
	        ->  Bitmap Index Scan on sbtest7_pkey  (cost=0.00..27.32 rows=1089 width=0)
	              Index Cond: ((id >= 7299929) AND (id <= 7300928))

table 8 : explain SELECT SUM(k) FROM sbtest8 WHERE id BETWEEN 8795111 AND 8796110
	Aggregate  (cost=3778.84..3778.85 rows=1 width=8)
	  ->  Bitmap Heap Scan on sbtest8  (cost=22.45..3776.40 rows=977 width=4)
	        Recheck Cond: ((id >= 8795111) AND (id <= 8796110))
	        ->  Bitmap Index Scan on sbtest8_pkey  (cost=0.00..22.20 rows=977 width=0)
	              Index Cond: ((id >= 8795111) AND (id <= 8796110))

for point_selects
table 1 : explain SELECT c FROM sbtest1 WHERE id=438751
	Index Scan using sbtest1_pkey on sbtest1  (cost=0.43..8.45 rows=1 width=121)
	  Index Cond: (id = 438751)

table 2 : explain SELECT c FROM sbtest2 WHERE id=2985655
	Index Scan using sbtest2_pkey on sbtest2  (cost=0.43..8.45 rows=1 width=121)
	  Index Cond: (id = 2985655)

table 3 : explain SELECT c FROM sbtest3 WHERE id=3699417
	Index Scan using sbtest3_pkey on sbtest3  (cost=0.43..8.45 rows=1 width=121)
	  Index Cond: (id = 3699417)

table 4 : explain SELECT c FROM sbtest4 WHERE id=1545617
	Index Scan using sbtest4_pkey on sbtest4  (cost=0.43..8.45 rows=1 width=121)
	  Index Cond: (id = 1545617)

table 5 : explain SELECT c FROM sbtest5 WHERE id=1000062
	Index Scan using sbtest5_pkey on sbtest5  (cost=0.43..8.45 rows=1 width=121)
	  Index Cond: (id = 1000062)

table 6 : explain SELECT c FROM sbtest6 WHERE id=756820
	Index Scan using sbtest6_pkey on sbtest6  (cost=0.43..8.45 rows=1 width=121)
	  Index Cond: (id = 756820)

table 7 : explain SELECT c FROM sbtest7 WHERE id=5149093
	Index Scan using sbtest7_pkey on sbtest7  (cost=0.43..8.45 rows=1 width=121)
	  Index Cond: (id = 5149093)

table 8 : explain SELECT c FROM sbtest8 WHERE id=4518759
	Index Scan using sbtest8_pkey on sbtest8  (cost=0.43..8.45 rows=1 width=121)
	  Index Cond: (id = 4518759)

for: simple_ranges
table 1 : explain SELECT c FROM sbtest1 WHERE id BETWEEN 4474429 AND 4475428
	Bitmap Heap Scan on sbtest1  (cost=22.83..3912.35 rows=1014 width=121)
	  Recheck Cond: ((id >= 4474429) AND (id <= 4475428))
	  ->  Bitmap Index Scan on sbtest1_pkey  (cost=0.00..22.57 rows=1014 width=0)
	        Index Cond: ((id >= 4474429) AND (id <= 4475428))

table 2 : explain SELECT c FROM sbtest2 WHERE id BETWEEN 4770797 AND 4771796
	Bitmap Heap Scan on sbtest2  (cost=22.64..3845.79 rows=996 width=121)
	  Recheck Cond: ((id >= 4770797) AND (id <= 4771796))
	  ->  Bitmap Index Scan on sbtest2_pkey  (cost=0.00..22.39 rows=996 width=0)
	        Index Cond: ((id >= 4770797) AND (id <= 4771796))

table 3 : explain SELECT c FROM sbtest3 WHERE id BETWEEN 6302085 AND 6303084
	Bitmap Heap Scan on sbtest3  (cost=22.55..3811.96 rows=987 width=121)
	  Recheck Cond: ((id >= 6302085) AND (id <= 6303084))
	  ->  Bitmap Index Scan on sbtest3_pkey  (cost=0.00..22.30 rows=987 width=0)
	        Index Cond: ((id >= 6302085) AND (id <= 6303084))

table 4 : explain SELECT c FROM sbtest4 WHERE id BETWEEN 4392336 AND 4393335
	Bitmap Heap Scan on sbtest4  (cost=21.96..3594.23 rows=929 width=121)
	  Recheck Cond: ((id >= 4392336) AND (id <= 4393335))
	  ->  Bitmap Index Scan on sbtest4_pkey  (cost=0.00..21.72 rows=929 width=0)
	        Index Cond: ((id >= 4392336) AND (id <= 4393335))

table 5 : explain SELECT c FROM sbtest5 WHERE id BETWEEN 9690572 AND 9691571
	Bitmap Heap Scan on sbtest5  (cost=21.60..3461.98 rows=894 width=121)
	  Recheck Cond: ((id >= 9690572) AND (id <= 9691571))
	  ->  Bitmap Index Scan on sbtest5_pkey  (cost=0.00..21.37 rows=894 width=0)
	        Index Cond: ((id >= 9690572) AND (id <= 9691571))

table 6 : explain SELECT c FROM sbtest6 WHERE id BETWEEN 3927602 AND 3928601
	Bitmap Heap Scan on sbtest6  (cost=22.96..3963.83 rows=1027 width=121)
	  Recheck Cond: ((id >= 3927602) AND (id <= 3928601))
	  ->  Bitmap Index Scan on sbtest6_pkey  (cost=0.00..22.70 rows=1027 width=0)
	        Index Cond: ((id >= 3927602) AND (id <= 3928601))

table 7 : explain SELECT c FROM sbtest7 WHERE id BETWEEN 8209426 AND 8210425
	Bitmap Heap Scan on sbtest7  (cost=21.61..3466.67 rows=895 width=121)
	  Recheck Cond: ((id >= 8209426) AND (id <= 8210425))
	  ->  Bitmap Index Scan on sbtest7_pkey  (cost=0.00..21.39 rows=895 width=0)
	        Index Cond: ((id >= 8209426) AND (id <= 8210425))

table 8 : explain SELECT c FROM sbtest8 WHERE id BETWEEN 5063001 AND 5064000
	Bitmap Heap Scan on sbtest8  (cost=23.13..4025.08 rows=1043 width=121)
	  Recheck Cond: ((id >= 5063001) AND (id <= 5064000))
	  ->  Bitmap Index Scan on sbtest8_pkey  (cost=0.00..22.86 rows=1043 width=0)
	        Index Cond: ((id >= 5063001) AND (id <= 5064000))

for point_selects
table 1 : explain SELECT c FROM sbtest1 WHERE id=4820953
	Index Scan using sbtest1_pkey on sbtest1  (cost=0.43..8.45 rows=1 width=121)
	  Index Cond: (id = 4820953)

table 2 : explain SELECT c FROM sbtest2 WHERE id=3401852
	Index Scan using sbtest2_pkey on sbtest2  (cost=0.43..8.45 rows=1 width=121)
	  Index Cond: (id = 3401852)

table 3 : explain SELECT c FROM sbtest3 WHERE id=1218845
	Index Scan using sbtest3_pkey on sbtest3  (cost=0.43..8.45 rows=1 width=121)
	  Index Cond: (id = 1218845)

table 4 : explain SELECT c FROM sbtest4 WHERE id=1214607
	Index Scan using sbtest4_pkey on sbtest4  (cost=0.43..8.45 rows=1 width=121)
	  Index Cond: (id = 1214607)

table 5 : explain SELECT c FROM sbtest5 WHERE id=1247330
	Index Scan using sbtest5_pkey on sbtest5  (cost=0.43..8.45 rows=1 width=121)
	  Index Cond: (id = 1247330)

table 6 : explain SELECT c FROM sbtest6 WHERE id=5330440
	Index Scan using sbtest6_pkey on sbtest6  (cost=0.43..8.45 rows=1 width=121)
	  Index Cond: (id = 5330440)

table 7 : explain SELECT c FROM sbtest7 WHERE id=4123164
	Index Scan using sbtest7_pkey on sbtest7  (cost=0.43..8.45 rows=1 width=121)
	  Index Cond: (id = 4123164)

table 8 : explain SELECT c FROM sbtest8 WHERE id=5218670
	Index Scan using sbtest8_pkey on sbtest8  (cost=0.43..8.45 rows=1 width=121)
	  Index Cond: (id = 5218670)

for point_selects
table 1 : explain SELECT c FROM sbtest1 WHERE id=5562633
	Index Scan using sbtest1_pkey on sbtest1  (cost=0.43..8.45 rows=1 width=121)
	  Index Cond: (id = 5562633)

table 2 : explain SELECT c FROM sbtest2 WHERE id=9705318
	Index Scan using sbtest2_pkey on sbtest2  (cost=0.43..8.45 rows=1 width=121)
	  Index Cond: (id = 9705318)

table 3 : explain SELECT c FROM sbtest3 WHERE id=6213583
	Index Scan using sbtest3_pkey on sbtest3  (cost=0.43..8.45 rows=1 width=121)
	  Index Cond: (id = 6213583)

table 4 : explain SELECT c FROM sbtest4 WHERE id=3046124
	Index Scan using sbtest4_pkey on sbtest4  (cost=0.43..8.45 rows=1 width=121)
	  Index Cond: (id = 3046124)

table 5 : explain SELECT c FROM sbtest5 WHERE id=2219342
	Index Scan using sbtest5_pkey on sbtest5  (cost=0.43..8.45 rows=1 width=121)
	  Index Cond: (id = 2219342)

table 6 : explain SELECT c FROM sbtest6 WHERE id=7015812
	Index Scan using sbtest6_pkey on sbtest6  (cost=0.43..8.45 rows=1 width=121)
	  Index Cond: (id = 7015812)

table 7 : explain SELECT c FROM sbtest7 WHERE id=924019
	Index Scan using sbtest7_pkey on sbtest7  (cost=0.43..8.45 rows=1 width=121)
	  Index Cond: (id = 924019)

table 8 : explain SELECT c FROM sbtest8 WHERE id=7340905
	Index Scan using sbtest8_pkey on sbtest8  (cost=0.43..8.45 rows=1 width=121)
	  Index Cond: (id = 7340905)

for: distinct_ranges
table 1 : explain SELECT DISTINCT c FROM sbtest1 WHERE id BETWEEN 7026643 AND 7027642 ORDER BY c
	Unique  (cost=3603.41..3608.01 rows=920 width=121)
	  ->  Sort  (cost=3603.41..3605.71 rows=920 width=121)
	        Sort Key: c
	        ->  Bitmap Heap Scan on sbtest1  (cost=21.87..3558.12 rows=920 width=121)
	              Recheck Cond: ((id >= 7026643) AND (id <= 7027642))
	              ->  Bitmap Index Scan on sbtest1_pkey  (cost=0.00..21.64 rows=920 width=0)
	                    Index Cond: ((id >= 7026643) AND (id <= 7027642))

table 2 : explain SELECT DISTINCT c FROM sbtest2 WHERE id BETWEEN 443694 AND 444693 ORDER BY c
	Unique  (cost=3876.27..3881.23 rows=991 width=121)
	  ->  Sort  (cost=3876.27..3878.75 rows=991 width=121)
	        Sort Key: c
	        ->  Bitmap Heap Scan on sbtest2  (cost=22.59..3826.96 rows=991 width=121)
	              Recheck Cond: ((id >= 443694) AND (id <= 444693))
	              ->  Bitmap Index Scan on sbtest2_pkey  (cost=0.00..22.34 rows=991 width=0)
	                    Index Cond: ((id >= 443694) AND (id <= 444693))

table 3 : explain SELECT DISTINCT c FROM sbtest3 WHERE id BETWEEN 1055223 AND 1056222 ORDER BY c
	Unique  (cost=4075.03..4080.24 rows=1043 width=121)
	  ->  Sort  (cost=4075.03..4077.63 rows=1043 width=121)
	        Sort Key: c
	        ->  Bitmap Heap Scan on sbtest3  (cost=23.13..4022.74 rows=1043 width=121)
	              Recheck Cond: ((id >= 1055223) AND (id <= 1056222))
	              ->  Bitmap Index Scan on sbtest3_pkey  (cost=0.00..22.86 rows=1043 width=0)
	                    Index Cond: ((id >= 1055223) AND (id <= 1056222))

table 4 : explain SELECT DISTINCT c FROM sbtest4 WHERE id BETWEEN 2599838 AND 2600837 ORDER BY c
	Unique  (cost=3996.00..4001.11 rows=1022 width=121)
	  ->  Sort  (cost=3996.00..3998.55 rows=1022 width=121)
	        Sort Key: c
	        ->  Bitmap Heap Scan on sbtest4  (cost=22.91..3944.91 rows=1022 width=121)
	              Recheck Cond: ((id >= 2599838) AND (id <= 2600837))
	              ->  Bitmap Index Scan on sbtest4_pkey  (cost=0.00..22.65 rows=1022 width=0)
	                    Index Cond: ((id >= 2599838) AND (id <= 2600837))

table 5 : explain SELECT DISTINCT c FROM sbtest5 WHERE id BETWEEN 9838176 AND 9839175 ORDER BY c
	Unique  (cost=3858.35..3863.28 rows=986 width=121)
	  ->  Sort  (cost=3858.35..3860.82 rows=986 width=121)
	        Sort Key: c
	        ->  Bitmap Heap Scan on sbtest5  (cost=22.54..3809.32 rows=986 width=121)
	              Recheck Cond: ((id >= 9838176) AND (id <= 9839175))
	              ->  Bitmap Index Scan on sbtest5_pkey  (cost=0.00..22.29 rows=986 width=0)
	                    Index Cond: ((id >= 9838176) AND (id <= 9839175))

table 6 : explain SELECT DISTINCT c FROM sbtest6 WHERE id BETWEEN 2695162 AND 2696161 ORDER BY c
	Unique  (cost=4053.41..4058.60 rows=1037 width=121)
	  ->  Sort  (cost=4053.41..4056.01 rows=1037 width=121)
	        Sort Key: c
	        ->  Bitmap Heap Scan on sbtest6  (cost=23.06..4001.47 rows=1037 width=121)
	              Recheck Cond: ((id >= 2695162) AND (id <= 2696161))
	              ->  Bitmap Index Scan on sbtest6_pkey  (cost=0.00..22.80 rows=1037 width=0)
	                    Index Cond: ((id >= 2695162) AND (id <= 2696161))

table 7 : explain SELECT DISTINCT c FROM sbtest7 WHERE id BETWEEN 9295088 AND 9296087 ORDER BY c
	Unique  (cost=3679.36..3684.06 rows=939 width=121)
	  ->  Sort  (cost=3679.36..3681.71 rows=939 width=121)
	        Sort Key: c
	        ->  Bitmap Heap Scan on sbtest7  (cost=22.06..3633.00 rows=939 width=121)
	              Recheck Cond: ((id >= 9295088) AND (id <= 9296087))
	              ->  Bitmap Index Scan on sbtest7_pkey  (cost=0.00..21.82 rows=939 width=0)
	                    Index Cond: ((id >= 9295088) AND (id <= 9296087))

table 8 : explain SELECT DISTINCT c FROM sbtest8 WHERE id BETWEEN 9886550 AND 9887549 ORDER BY c
	Unique  (cost=3587.28..3591.86 rows=915 width=121)
	  ->  Sort  (cost=3587.28..3589.57 rows=915 width=121)
	        Sort Key: c
	        ->  Bitmap Heap Scan on sbtest8  (cost=21.81..3542.28 rows=915 width=121)
	              Recheck Cond: ((id >= 9886550) AND (id <= 9887549))
	              ->  Bitmap Index Scan on sbtest8_pkey  (cost=0.00..21.58 rows=915 width=0)
	                    Index Cond: ((id >= 9886550) AND (id <= 9887549))

for: order_ranges
table 1 : explain SELECT c FROM sbtest1 WHERE id BETWEEN 1092292 AND 1093291 ORDER BY c
	Sort  (cost=3683.84..3686.19 rows=941 width=121)
	  Sort Key: c
	  ->  Bitmap Heap Scan on sbtest1  (cost=22.08..3637.36 rows=941 width=121)
	        Recheck Cond: ((id >= 1092292) AND (id <= 1093291))
	        ->  Bitmap Index Scan on sbtest1_pkey  (cost=0.00..21.84 rows=941 width=0)
	              Index Cond: ((id >= 1092292) AND (id <= 1093291))

table 2 : explain SELECT c FROM sbtest2 WHERE id BETWEEN 971918 AND 972917 ORDER BY c
	Sort  (cost=3891.57..3894.06 rows=995 width=121)
	  Sort Key: c
	  ->  Bitmap Heap Scan on sbtest2  (cost=22.63..3842.03 rows=995 width=121)
	        Recheck Cond: ((id >= 971918) AND (id <= 972917))
	        ->  Bitmap Index Scan on sbtest2_pkey  (cost=0.00..22.39 rows=995 width=0)
	              Index Cond: ((id >= 971918) AND (id <= 972917))

table 3 : explain SELECT c FROM sbtest3 WHERE id BETWEEN 7683762 AND 7684761 ORDER BY c
	Sort  (cost=4189.50..4192.18 rows=1073 width=121)
	  Sort Key: c
	  ->  Bitmap Heap Scan on sbtest3  (cost=23.43..4135.49 rows=1073 width=121)
	        Recheck Cond: ((id >= 7683762) AND (id <= 7684761))
	        ->  Bitmap Index Scan on sbtest3_pkey  (cost=0.00..23.16 rows=1073 width=0)
	              Index Cond: ((id >= 7683762) AND (id <= 7684761))

table 4 : explain SELECT c FROM sbtest4 WHERE id BETWEEN 1772532 AND 1773531 ORDER BY c
	Sort  (cost=3812.41..3814.84 rows=974 width=121)
	  Sort Key: c
	  ->  Bitmap Heap Scan on sbtest4  (cost=22.42..3764.06 rows=974 width=121)
	        Recheck Cond: ((id >= 1772532) AND (id <= 1773531))
	        ->  Bitmap Index Scan on sbtest4_pkey  (cost=0.00..22.18 rows=974 width=0)
	              Index Cond: ((id >= 1772532) AND (id <= 1773531))

table 5 : explain SELECT c FROM sbtest5 WHERE id BETWEEN 8329043 AND 8330042 ORDER BY c
	Sort  (cost=3957.80..3960.33 rows=1012 width=121)
	  Sort Key: c
	  ->  Bitmap Heap Scan on sbtest5  (cost=22.81..3907.28 rows=1012 width=121)
	        Recheck Cond: ((id >= 8329043) AND (id <= 8330042))
	        ->  Bitmap Index Scan on sbtest5_pkey  (cost=0.00..22.55 rows=1012 width=0)
	              Index Cond: ((id >= 8329043) AND (id <= 8330042))

table 6 : explain SELECT c FROM sbtest6 WHERE id BETWEEN 8604384 AND 8605383 ORDER BY c
	Sort  (cost=4129.80..4132.44 rows=1057 width=121)
	  Sort Key: c
	  ->  Bitmap Heap Scan on sbtest6  (cost=23.27..4076.70 rows=1057 width=121)
	        Recheck Cond: ((id >= 8604384) AND (id <= 8605383))
	        ->  Bitmap Index Scan on sbtest6_pkey  (cost=0.00..23.00 rows=1057 width=0)
	              Index Cond: ((id >= 8604384) AND (id <= 8605383))

table 7 : explain SELECT c FROM sbtest7 WHERE id BETWEEN 4426048 AND 4427047 ORDER BY c
	Sort  (cost=4687.58..4690.59 rows=1203 width=121)
	  Sort Key: c
	  ->  Bitmap Heap Scan on sbtest7  (cost=28.77..4626.03 rows=1203 width=121)
	        Recheck Cond: ((id >= 4426048) AND (id <= 4427047))
	        ->  Bitmap Index Scan on sbtest7_pkey  (cost=0.00..28.46 rows=1203 width=0)
	              Index Cond: ((id >= 4426048) AND (id <= 4427047))

table 8 : explain SELECT c FROM sbtest8 WHERE id BETWEEN 2485809 AND 2486808 ORDER BY c
	Sort  (cost=4023.86..4026.44 rows=1029 width=121)
	  Sort Key: c
	  ->  Bitmap Heap Scan on sbtest8  (cost=22.98..3972.38 rows=1029 width=121)
	        Recheck Cond: ((id >= 2485809) AND (id <= 2486808))
	        ->  Bitmap Index Scan on sbtest8_pkey  (cost=0.00..22.72 rows=1029 width=0)
	              Index Cond: ((id >= 2485809) AND (id <= 2486808))

for: simple_ranges
table 1 : explain SELECT c FROM sbtest1 WHERE id BETWEEN 9628394 AND 9629393
	Bitmap Heap Scan on sbtest1  (cost=22.36..3739.15 rows=968 width=121)
	  Recheck Cond: ((id >= 9628394) AND (id <= 9629393))
	  ->  Bitmap Index Scan on sbtest1_pkey  (cost=0.00..22.11 rows=968 width=0)
	        Index Cond: ((id >= 9628394) AND (id <= 9629393))

table 2 : explain SELECT c FROM sbtest2 WHERE id BETWEEN 5453909 AND 5454908
	Bitmap Heap Scan on sbtest2  (cost=23.28..4079.05 rows=1058 width=121)
	  Recheck Cond: ((id >= 5453909) AND (id <= 5454908))
	  ->  Bitmap Index Scan on sbtest2_pkey  (cost=0.00..23.01 rows=1058 width=0)
	        Index Cond: ((id >= 5453909) AND (id <= 5454908))

table 3 : explain SELECT c FROM sbtest3 WHERE id BETWEEN 61241 AND 62240
	Bitmap Heap Scan on sbtest3  (cost=22.44..3770.51 rows=976 width=121)
	  Recheck Cond: ((id >= 61241) AND (id <= 62240))
	  ->  Bitmap Index Scan on sbtest3_pkey  (cost=0.00..22.19 rows=976 width=0)
	        Index Cond: ((id >= 61241) AND (id <= 62240))

table 4 : explain SELECT c FROM sbtest4 WHERE id BETWEEN 5048283 AND 5049282
	Bitmap Heap Scan on sbtest4  (cost=27.66..4223.40 rows=1095 width=121)
	  Recheck Cond: ((id >= 5048283) AND (id <= 5049282))
	  ->  Bitmap Index Scan on sbtest4_pkey  (cost=0.00..27.39 rows=1095 width=0)
	        Index Cond: ((id >= 5048283) AND (id <= 5049282))

table 5 : explain SELECT c FROM sbtest5 WHERE id BETWEEN 9011084 AND 9012083
	Bitmap Heap Scan on sbtest5  (cost=22.39..3752.77 rows=971 width=121)
	  Recheck Cond: ((id >= 9011084) AND (id <= 9012083))
	  ->  Bitmap Index Scan on sbtest5_pkey  (cost=0.00..22.14 rows=971 width=0)
	        Index Cond: ((id >= 9011084) AND (id <= 9012083))

table 6 : explain SELECT c FROM sbtest6 WHERE id BETWEEN 5818714 AND 5819713
	Bitmap Heap Scan on sbtest6  (cost=22.15..3666.06 rows=948 width=121)
	  Recheck Cond: ((id >= 5818714) AND (id <= 5819713))
	  ->  Bitmap Index Scan on sbtest6_pkey  (cost=0.00..21.91 rows=948 width=0)
	        Index Cond: ((id >= 5818714) AND (id <= 5819713))

table 7 : explain SELECT c FROM sbtest7 WHERE id BETWEEN 4587768 AND 4588767
	Bitmap Heap Scan on sbtest7  (cost=22.63..3844.31 rows=995 width=121)
	  Recheck Cond: ((id >= 4587768) AND (id <= 4588767))
	  ->  Bitmap Index Scan on sbtest7_pkey  (cost=0.00..22.39 rows=995 width=0)
	        Index Cond: ((id >= 4587768) AND (id <= 4588767))

table 8 : explain SELECT c FROM sbtest8 WHERE id BETWEEN 2777254 AND 2778253
	Bitmap Heap Scan on sbtest8  (cost=27.29..4089.28 rows=1059 width=121)
	  Recheck Cond: ((id >= 2777254) AND (id <= 2778253))
	  ->  Bitmap Index Scan on sbtest8_pkey  (cost=0.00..27.02 rows=1059 width=0)
	        Index Cond: ((id >= 2777254) AND (id <= 2778253))

for: order_ranges
table 1 : explain SELECT c FROM sbtest1 WHERE id BETWEEN 2335704 AND 2336703 ORDER BY c
	Sort  (cost=3407.86..3410.03 rows=869 width=121)
	  Sort Key: c
	  ->  Bitmap Heap Scan on sbtest1  (cost=21.34..3365.44 rows=869 width=121)
	        Recheck Cond: ((id >= 2335704) AND (id <= 2336703))
	        ->  Bitmap Index Scan on sbtest1_pkey  (cost=0.00..21.12 rows=869 width=0)
	              Index Cond: ((id >= 2335704) AND (id <= 2336703))

table 2 : explain SELECT c FROM sbtest2 WHERE id BETWEEN 8341031 AND 8342030 ORDER BY c
	Sort  (cost=3784.47..3786.88 rows=967 width=121)
	  Sort Key: c
	  ->  Bitmap Heap Scan on sbtest2  (cost=22.35..3736.51 rows=967 width=121)
	        Recheck Cond: ((id >= 8341031) AND (id <= 8342030))
	        ->  Bitmap Index Scan on sbtest2_pkey  (cost=0.00..22.11 rows=967 width=0)
	              Index Cond: ((id >= 8341031) AND (id <= 8342030))

table 3 : explain SELECT c FROM sbtest3 WHERE id BETWEEN 2943115 AND 2944114 ORDER BY c
	Sort  (cost=4094.11..4096.73 rows=1048 width=121)
	  Sort Key: c
	  ->  Bitmap Heap Scan on sbtest3  (cost=23.18..4041.54 rows=1048 width=121)
	        Recheck Cond: ((id >= 2943115) AND (id <= 2944114))
	        ->  Bitmap Index Scan on sbtest3_pkey  (cost=0.00..22.91 rows=1048 width=0)
	              Index Cond: ((id >= 2943115) AND (id <= 2944114))

table 4 : explain SELECT c FROM sbtest4 WHERE id BETWEEN 8845894 AND 8846893 ORDER BY c
	Sort  (cost=3697.52..3699.88 rows=944 width=121)
	  Sort Key: c
	  ->  Bitmap Heap Scan on sbtest4  (cost=22.11..3650.87 rows=944 width=121)
	        Recheck Cond: ((id >= 8845894) AND (id <= 8846893))
	        ->  Bitmap Index Scan on sbtest4_pkey  (cost=0.00..21.87 rows=944 width=0)
	              Index Cond: ((id >= 8845894) AND (id <= 8846893))

table 5 : explain SELECT c FROM sbtest5 WHERE id BETWEEN 4851555 AND 4852554 ORDER BY c
	Sort  (cost=4202.24..4204.93 rows=1076 width=121)
	  Sort Key: c
	  ->  Bitmap Heap Scan on sbtest5  (cost=23.46..4148.05 rows=1076 width=121)
	        Recheck Cond: ((id >= 4851555) AND (id <= 4852554))
	        ->  Bitmap Index Scan on sbtest5_pkey  (cost=0.00..23.19 rows=1076 width=0)
	              Index Cond: ((id >= 4851555) AND (id <= 4852554))

table 6 : explain SELECT c FROM sbtest6 WHERE id BETWEEN 2828624 AND 2829623 ORDER BY c
	Sort  (cost=3812.50..3814.93 rows=974 width=121)
	  Sort Key: c
	  ->  Bitmap Heap Scan on sbtest6  (cost=22.42..3764.15 rows=974 width=121)
	        Recheck Cond: ((id >= 2828624) AND (id <= 2829623))
	        ->  Bitmap Index Scan on sbtest6_pkey  (cost=0.00..22.18 rows=974 width=0)
	              Index Cond: ((id >= 2828624) AND (id <= 2829623))

table 7 : explain SELECT c FROM sbtest7 WHERE id BETWEEN 7581049 AND 7582048 ORDER BY c
	Sort  (cost=3801.98..3804.41 rows=971 width=121)
	  Sort Key: c
	  ->  Bitmap Heap Scan on sbtest7  (cost=22.39..3753.80 rows=971 width=121)
	        Recheck Cond: ((id >= 7581049) AND (id <= 7582048))
	        ->  Bitmap Index Scan on sbtest7_pkey  (cost=0.00..22.14 rows=971 width=0)
	              Index Cond: ((id >= 7581049) AND (id <= 7582048))

table 8 : explain SELECT c FROM sbtest8 WHERE id BETWEEN 9208002 AND 9209001 ORDER BY c
	Sort  (cost=4226.48..4229.19 rows=1081 width=121)
	  Sort Key: c
	  ->  Bitmap Heap Scan on sbtest8  (cost=27.52..4172.01 rows=1081 width=121)
	        Recheck Cond: ((id >= 9208002) AND (id <= 9209001))
	        ->  Bitmap Index Scan on sbtest8_pkey  (cost=0.00..27.25 rows=1081 width=0)
	              Index Cond: ((id >= 9208002) AND (id <= 9209001))

for: simple_ranges
table 1 : explain SELECT c FROM sbtest1 WHERE id BETWEEN 6412145 AND 6413144
	Bitmap Heap Scan on sbtest1  (cost=22.49..3788.12 rows=981 width=121)
	  Recheck Cond: ((id >= 6412145) AND (id <= 6413144))
	  ->  Bitmap Index Scan on sbtest1_pkey  (cost=0.00..22.25 rows=981 width=0)
	        Index Cond: ((id >= 6412145) AND (id <= 6413144))

table 2 : explain SELECT c FROM sbtest2 WHERE id BETWEEN 849287 AND 850286
	Bitmap Heap Scan on sbtest2  (cost=23.19..4045.22 rows=1049 width=121)
	  Recheck Cond: ((id >= 849287) AND (id <= 850286))
	  ->  Bitmap Index Scan on sbtest2_pkey  (cost=0.00..22.93 rows=1049 width=0)
	        Index Cond: ((id >= 849287) AND (id <= 850286))

table 3 : explain SELECT c FROM sbtest3 WHERE id BETWEEN 3059126 AND 3060125
	Bitmap Heap Scan on sbtest3  (cost=22.19..3680.01 rows=952 width=121)
	  Recheck Cond: ((id >= 3059126) AND (id <= 3060125))
	  ->  Bitmap Index Scan on sbtest3_pkey  (cost=0.00..21.95 rows=952 width=0)
	        Index Cond: ((id >= 3059126) AND (id <= 3060125))

table 4 : explain SELECT c FROM sbtest4 WHERE id BETWEEN 5122300 AND 5123299
	Bitmap Heap Scan on sbtest4  (cost=22.33..3730.11 rows=965 width=121)
	  Recheck Cond: ((id >= 5122300) AND (id <= 5123299))
	  ->  Bitmap Index Scan on sbtest4_pkey  (cost=0.00..22.08 rows=965 width=0)
	        Index Cond: ((id >= 5122300) AND (id <= 5123299))

table 5 : explain SELECT c FROM sbtest5 WHERE id BETWEEN 3565214 AND 3566213
	Bitmap Heap Scan on sbtest5  (cost=21.79..3533.81 rows=913 width=121)
	  Recheck Cond: ((id >= 3565214) AND (id <= 3566213))
	  ->  Bitmap Index Scan on sbtest5_pkey  (cost=0.00..21.57 rows=913 width=0)
	        Index Cond: ((id >= 3565214) AND (id <= 3566213))

table 6 : explain SELECT c FROM sbtest6 WHERE id BETWEEN 5846783 AND 5847782
	Bitmap Heap Scan on sbtest6  (cost=23.24..4065.42 rows=1054 width=121)
	  Recheck Cond: ((id >= 5846783) AND (id <= 5847782))
	  ->  Bitmap Index Scan on sbtest6_pkey  (cost=0.00..22.97 rows=1054 width=0)
	        Index Cond: ((id >= 5846783) AND (id <= 5847782))

table 7 : explain SELECT c FROM sbtest7 WHERE id BETWEEN 9959658 AND 9960657
	Bitmap Heap Scan on sbtest7  (cost=22.71..3870.70 rows=1002 width=121)
	  Recheck Cond: ((id >= 9959658) AND (id <= 9960657))
	  ->  Bitmap Index Scan on sbtest7_pkey  (cost=0.00..22.45 rows=1002 width=0)
	        Index Cond: ((id >= 9959658) AND (id <= 9960657))

table 8 : explain SELECT c FROM sbtest8 WHERE id BETWEEN 9623266 AND 9624265
	Bitmap Heap Scan on sbtest8  (cost=22.97..3968.61 rows=1028 width=121)
	  Recheck Cond: ((id >= 9623266) AND (id <= 9624265))
	  ->  Bitmap Index Scan on sbtest8_pkey  (cost=0.00..22.71 rows=1028 width=0)
	        Index Cond: ((id >= 9623266) AND (id <= 9624265))

for: simple_ranges
table 1 : explain SELECT c FROM sbtest1 WHERE id BETWEEN 6930937 AND 6931936
	Bitmap Heap Scan on sbtest1  (cost=28.21..4419.36 rows=1149 width=121)
	  Recheck Cond: ((id >= 6930937) AND (id <= 6931936))
	  ->  Bitmap Index Scan on sbtest1_pkey  (cost=0.00..27.93 rows=1149 width=0)
	        Index Cond: ((id >= 6930937) AND (id <= 6931936))

table 2 : explain SELECT c FROM sbtest2 WHERE id BETWEEN 3653533 AND 3654532
	Bitmap Heap Scan on sbtest2  (cost=22.62..3838.26 rows=994 width=121)
	  Recheck Cond: ((id >= 3653533) AND (id <= 3654532))
	  ->  Bitmap Index Scan on sbtest2_pkey  (cost=0.00..22.37 rows=994 width=0)
	        Index Cond: ((id >= 3653533) AND (id <= 3654532))

table 3 : explain SELECT c FROM sbtest3 WHERE id BETWEEN 3344616 AND 3345615
	Bitmap Heap Scan on sbtest3  (cost=22.65..3849.63 rows=997 width=121)
	  Recheck Cond: ((id >= 3344616) AND (id <= 3345615))
	  ->  Bitmap Index Scan on sbtest3_pkey  (cost=0.00..22.40 rows=997 width=0)
	        Index Cond: ((id >= 3344616) AND (id <= 3345615))

table 4 : explain SELECT c FROM sbtest4 WHERE id BETWEEN 2439241 AND 2440240
	Bitmap Heap Scan on sbtest4  (cost=22.61..3835.68 rows=993 width=121)
	  Recheck Cond: ((id >= 2439241) AND (id <= 2440240))
	  ->  Bitmap Index Scan on sbtest4_pkey  (cost=0.00..22.36 rows=993 width=0)
	        Index Cond: ((id >= 2439241) AND (id <= 2440240))

table 5 : explain SELECT c FROM sbtest5 WHERE id BETWEEN 3898500 AND 3899499
	Bitmap Heap Scan on sbtest5  (cost=23.32..4095.43 rows=1062 width=121)
	  Recheck Cond: ((id >= 3898500) AND (id <= 3899499))
	  ->  Bitmap Index Scan on sbtest5_pkey  (cost=0.00..23.05 rows=1062 width=0)
	        Index Cond: ((id >= 3898500) AND (id <= 3899499))

table 6 : explain SELECT c FROM sbtest6 WHERE id BETWEEN 772560 AND 773559
	Bitmap Heap Scan on sbtest6  (cost=22.68..3862.15 rows=1000 width=121)
	  Recheck Cond: ((id >= 772560) AND (id <= 773559))
	  ->  Bitmap Index Scan on sbtest6_pkey  (cost=0.00..22.43 rows=1000 width=0)
	        Index Cond: ((id >= 772560) AND (id <= 773559))

table 7 : explain SELECT c FROM sbtest7 WHERE id BETWEEN 3469218 AND 3470217
	Bitmap Heap Scan on sbtest7  (cost=22.24..3700.97 rows=957 width=121)
	  Recheck Cond: ((id >= 3469218) AND (id <= 3470217))
	  ->  Bitmap Index Scan on sbtest7_pkey  (cost=0.00..22.00 rows=957 width=0)
	        Index Cond: ((id >= 3469218) AND (id <= 3470217))

table 8 : explain SELECT c FROM sbtest8 WHERE id BETWEEN 2522741 AND 2523740
	Bitmap Heap Scan on sbtest8  (cost=22.68..3863.12 rows=1000 width=121)
	  Recheck Cond: ((id >= 2522741) AND (id <= 2523740))
	  ->  Bitmap Index Scan on sbtest8_pkey  (cost=0.00..22.43 rows=1000 width=0)
	        Index Cond: ((id >= 2522741) AND (id <= 2523740))

for: distinct_ranges
table 1 : explain SELECT DISTINCT c FROM sbtest1 WHERE id BETWEEN 6032892 AND 6033891 ORDER BY c
	Unique  (cost=3875.10..3880.05 rows=991 width=121)
	  ->  Sort  (cost=3875.10..3877.58 rows=991 width=121)
	        Sort Key: c
	        ->  Bitmap Heap Scan on sbtest1  (cost=22.59..3825.78 rows=991 width=121)
	              Recheck Cond: ((id >= 6032892) AND (id <= 6033891))
	              ->  Bitmap Index Scan on sbtest1_pkey  (cost=0.00..22.34 rows=991 width=0)
	                    Index Cond: ((id >= 6032892) AND (id <= 6033891))

table 2 : explain SELECT DISTINCT c FROM sbtest2 WHERE id BETWEEN 3571839 AND 3572838 ORDER BY c
	Unique  (cost=3887.75..3892.72 rows=994 width=121)
	  ->  Sort  (cost=3887.75..3890.23 rows=994 width=121)
	        Sort Key: c
	        ->  Bitmap Heap Scan on sbtest2  (cost=22.62..3838.26 rows=994 width=121)
	              Recheck Cond: ((id >= 3571839) AND (id <= 3572838))
	              ->  Bitmap Index Scan on sbtest2_pkey  (cost=0.00..22.37 rows=994 width=0)
	                    Index Cond: ((id >= 3571839) AND (id <= 3572838))

table 3 : explain SELECT DISTINCT c FROM sbtest3 WHERE id BETWEEN 8938705 AND 8939704 ORDER BY c
	Unique  (cost=3443.43..3447.82 rows=878 width=121)
	  ->  Sort  (cost=3443.43..3445.63 rows=878 width=121)
	        Sort Key: c
	        ->  Bitmap Heap Scan on sbtest3  (cost=21.43..3400.50 rows=878 width=121)
	              Recheck Cond: ((id >= 8938705) AND (id <= 8939704))
	              ->  Bitmap Index Scan on sbtest3_pkey  (cost=0.00..21.21 rows=878 width=0)
	                    Index Cond: ((id >= 8938705) AND (id <= 8939704))

table 4 : explain SELECT DISTINCT c FROM sbtest4 WHERE id BETWEEN 961986 AND 962985 ORDER BY c
	Unique  (cost=3831.54..3836.44 rows=979 width=121)
	  ->  Sort  (cost=3831.54..3833.99 rows=979 width=121)
	        Sort Key: c
	        ->  Bitmap Heap Scan on sbtest4  (cost=22.47..3782.91 rows=979 width=121)
	              Recheck Cond: ((id >= 961986) AND (id <= 962985))
	              ->  Bitmap Index Scan on sbtest4_pkey  (cost=0.00..22.22 rows=979 width=0)
	                    Index Cond: ((id >= 961986) AND (id <= 962985))

table 5 : explain SELECT DISTINCT c FROM sbtest5 WHERE id BETWEEN 3879150 AND 3880149 ORDER BY c
	Unique  (cost=4095.35..4100.59 rows=1048 width=121)
	  ->  Sort  (cost=4095.35..4097.97 rows=1048 width=121)
	        Sort Key: c
	        ->  Bitmap Heap Scan on sbtest5  (cost=23.18..4042.78 rows=1048 width=121)
	              Recheck Cond: ((id >= 3879150) AND (id <= 3880149))
	              ->  Bitmap Index Scan on sbtest5_pkey  (cost=0.00..22.91 rows=1048 width=0)
	                    Index Cond: ((id >= 3879150) AND (id <= 3880149))

table 6 : explain SELECT DISTINCT c FROM sbtest6 WHERE id BETWEEN 687050 AND 688049 ORDER BY c
	Unique  (cost=3770.38..3775.20 rows=963 width=121)
	  ->  Sort  (cost=3770.38..3772.79 rows=963 width=121)
	        Sort Key: c
	        ->  Bitmap Heap Scan on sbtest6  (cost=22.31..3722.66 rows=963 width=121)
	              Recheck Cond: ((id >= 687050) AND (id <= 688049))
	              ->  Bitmap Index Scan on sbtest6_pkey  (cost=0.00..22.07 rows=963 width=0)
	                    Index Cond: ((id >= 687050) AND (id <= 688049))

table 7 : explain SELECT DISTINCT c FROM sbtest7 WHERE id BETWEEN 6179689 AND 6180688 ORDER BY c
	Unique  (cost=4000.96..4006.08 rows=1023 width=121)
	  ->  Sort  (cost=4000.96..4003.52 rows=1023 width=121)
	        Sort Key: c
	        ->  Bitmap Heap Scan on sbtest7  (cost=22.92..3949.82 rows=1023 width=121)
	              Recheck Cond: ((id >= 6179689) AND (id <= 6180688))
	              ->  Bitmap Index Scan on sbtest7_pkey  (cost=0.00..22.66 rows=1023 width=0)
	                    Index Cond: ((id >= 6179689) AND (id <= 6180688))

table 8 : explain SELECT DISTINCT c FROM sbtest8 WHERE id BETWEEN 1844435 AND 1845434 ORDER BY c
	Unique  (cost=3778.96..3783.79 rows=965 width=121)
	  ->  Sort  (cost=3778.96..3781.37 rows=965 width=121)
	        Sort Key: c
	        ->  Bitmap Heap Scan on sbtest8  (cost=22.33..3731.13 rows=965 width=121)
	              Recheck Cond: ((id >= 1844435) AND (id <= 1845434))
	              ->  Bitmap Index Scan on sbtest8_pkey  (cost=0.00..22.08 rows=965 width=0)
	                    Index Cond: ((id >= 1844435) AND (id <= 1845434))

for: sum_ranges
table 1 : explain SELECT SUM(k) FROM sbtest1 WHERE id BETWEEN 410783 AND 411782
	Aggregate  (cost=3526.42..3526.43 rows=1 width=8)
	  ->  Bitmap Heap Scan on sbtest1  (cost=21.77..3524.15 rows=911 width=4)
	        Recheck Cond: ((id >= 410783) AND (id <= 411782))
	        ->  Bitmap Index Scan on sbtest1_pkey  (cost=0.00..21.54 rows=911 width=0)
	              Index Cond: ((id >= 410783) AND (id <= 411782))

table 2 : explain SELECT SUM(k) FROM sbtest2 WHERE id BETWEEN 6159324 AND 6160323
	Aggregate  (cost=3980.11..3980.12 rows=1 width=8)
	  ->  Bitmap Heap Scan on sbtest2  (cost=23.00..3977.53 rows=1031 width=4)
	        Recheck Cond: ((id >= 6159324) AND (id <= 6160323))
	        ->  Bitmap Index Scan on sbtest2_pkey  (cost=0.00..22.75 rows=1031 width=0)
	              Index Cond: ((id >= 6159324) AND (id <= 6160323))

table 3 : explain SELECT SUM(k) FROM sbtest3 WHERE id BETWEEN 4817399 AND 4818398
	Aggregate  (cost=3754.09..3754.10 rows=1 width=8)
	  ->  Bitmap Heap Scan on sbtest3  (cost=22.39..3751.66 rows=971 width=4)
	        Recheck Cond: ((id >= 4817399) AND (id <= 4818398))
	        ->  Bitmap Index Scan on sbtest3_pkey  (cost=0.00..22.14 rows=971 width=0)
	              Index Cond: ((id >= 4817399) AND (id <= 4818398))

table 4 : explain SELECT SUM(k) FROM sbtest4 WHERE id BETWEEN 6630402 AND 6631401
	Aggregate  (cost=3414.99..3415.00 rows=1 width=8)
	  ->  Bitmap Heap Scan on sbtest4  (cost=21.47..3412.79 rows=881 width=4)
	        Recheck Cond: ((id >= 6630402) AND (id <= 6631401))
	        ->  Bitmap Index Scan on sbtest4_pkey  (cost=0.00..21.25 rows=881 width=0)
	              Index Cond: ((id >= 6630402) AND (id <= 6631401))

table 5 : explain SELECT SUM(k) FROM sbtest5 WHERE id BETWEEN 329262 AND 330261
	Aggregate  (cost=3970.09..3970.10 rows=1 width=8)
	  ->  Bitmap Heap Scan on sbtest5  (cost=22.97..3967.52 rows=1028 width=4)
	        Recheck Cond: ((id >= 329262) AND (id <= 330261))
	        ->  Bitmap Index Scan on sbtest5_pkey  (cost=0.00..22.71 rows=1028 width=0)
	              Index Cond: ((id >= 329262) AND (id <= 330261))

table 6 : explain SELECT SUM(k) FROM sbtest6 WHERE id BETWEEN 6165049 AND 6166048
	Aggregate  (cost=3883.50..3883.51 rows=1 width=8)
	  ->  Bitmap Heap Scan on sbtest6  (cost=22.74..3880.99 rows=1005 width=4)
	        Recheck Cond: ((id >= 6165049) AND (id <= 6166048))
	        ->  Bitmap Index Scan on sbtest6_pkey  (cost=0.00..22.48 rows=1005 width=0)
	              Index Cond: ((id >= 6165049) AND (id <= 6166048))

table 7 : explain SELECT SUM(k) FROM sbtest7 WHERE id BETWEEN 2349115 AND 2350114
	Aggregate  (cost=3616.45..3616.46 rows=1 width=8)
	  ->  Bitmap Heap Scan on sbtest7  (cost=22.01..3614.11 rows=934 width=4)
	        Recheck Cond: ((id >= 2349115) AND (id <= 2350114))
	        ->  Bitmap Index Scan on sbtest7_pkey  (cost=0.00..21.77 rows=934 width=0)
	              Index Cond: ((id >= 2349115) AND (id <= 2350114))

table 8 : explain SELECT SUM(k) FROM sbtest8 WHERE id BETWEEN 5907518 AND 5908517
	Aggregate  (cost=3907.11..3907.12 rows=1 width=8)
	  ->  Bitmap Heap Scan on sbtest8  (cost=22.80..3904.58 rows=1011 width=4)
	        Recheck Cond: ((id >= 5907518) AND (id <= 5908517))
	        ->  Bitmap Index Scan on sbtest8_pkey  (cost=0.00..22.54 rows=1011 width=0)
	              Index Cond: ((id >= 5907518) AND (id <= 5908517))

for: distinct_ranges
table 1 : explain SELECT DISTINCT c FROM sbtest1 WHERE id BETWEEN 9201223 AND 9202222 ORDER BY c
	Unique  (cost=4123.28..4128.56 rows=1056 width=121)
	  ->  Sort  (cost=4123.28..4125.92 rows=1056 width=121)
	        Sort Key: c
	        ->  Bitmap Heap Scan on sbtest1  (cost=23.26..4070.24 rows=1056 width=121)
	              Recheck Cond: ((id >= 9201223) AND (id <= 9202222))
	              ->  Bitmap Index Scan on sbtest1_pkey  (cost=0.00..23.00 rows=1056 width=0)
	                    Index Cond: ((id >= 9201223) AND (id <= 9202222))

table 2 : explain SELECT DISTINCT c FROM sbtest2 WHERE id BETWEEN 3828233 AND 3829232 ORDER BY c
	Unique  (cost=3903.04..3908.03 rows=998 width=121)
	  ->  Sort  (cost=3903.04..3905.53 rows=998 width=121)
	        Sort Key: c
	        ->  Bitmap Heap Scan on sbtest2  (cost=22.66..3853.32 rows=998 width=121)
	              Recheck Cond: ((id >= 3828233) AND (id <= 3829232))
	              ->  Bitmap Index Scan on sbtest2_pkey  (cost=0.00..22.41 rows=998 width=0)
	                    Index Cond: ((id >= 3828233) AND (id <= 3829232))

table 3 : explain SELECT DISTINCT c FROM sbtest3 WHERE id BETWEEN 885813 AND 886812 ORDER BY c
	Unique  (cost=4479.31..4485.06 rows=1149 width=121)
	  ->  Sort  (cost=4479.31..4482.18 rows=1149 width=121)
	        Sort Key: c
	        ->  Bitmap Heap Scan on sbtest3  (cost=28.21..4420.91 rows=1149 width=121)
	              Recheck Cond: ((id >= 885813) AND (id <= 886812))
	              ->  Bitmap Index Scan on sbtest3_pkey  (cost=0.00..27.93 rows=1149 width=0)
	                    Index Cond: ((id >= 885813) AND (id <= 886812))

table 4 : explain SELECT DISTINCT c FROM sbtest4 WHERE id BETWEEN 9433364 AND 9434363 ORDER BY c
	Unique  (cost=3950.13..3955.18 rows=1010 width=121)
	  ->  Sort  (cost=3950.13..3952.65 rows=1010 width=121)
	        Sort Key: c
	        ->  Bitmap Heap Scan on sbtest4  (cost=22.79..3899.73 rows=1010 width=121)
	              Recheck Cond: ((id >= 9433364) AND (id <= 9434363))
	              ->  Bitmap Index Scan on sbtest4_pkey  (cost=0.00..22.54 rows=1010 width=0)
	                    Index Cond: ((id >= 9433364) AND (id <= 9434363))

table 5 : explain SELECT DISTINCT c FROM sbtest5 WHERE id BETWEEN 8586591 AND 8587590 ORDER BY c
	Unique  (cost=3762.66..3767.46 rows=961 width=121)
	  ->  Sort  (cost=3762.66..3765.06 rows=961 width=121)
	        Sort Key: c
	        ->  Bitmap Heap Scan on sbtest5  (cost=22.29..3715.05 rows=961 width=121)
	              Recheck Cond: ((id >= 8586591) AND (id <= 8587590))
	              ->  Bitmap Index Scan on sbtest5_pkey  (cost=0.00..22.04 rows=961 width=0)
	                    Index Cond: ((id >= 8586591) AND (id <= 8587590))

table 6 : explain SELECT DISTINCT c FROM sbtest6 WHERE id BETWEEN 2432829 AND 2433828 ORDER BY c
	Unique  (cost=4385.60..4391.22 rows=1124 width=121)
	  ->  Sort  (cost=4385.60..4388.41 rows=1124 width=121)
	        Sort Key: c
	        ->  Bitmap Heap Scan on sbtest6  (cost=27.96..4328.65 rows=1124 width=121)
	              Recheck Cond: ((id >= 2432829) AND (id <= 2433828))
	              ->  Bitmap Index Scan on sbtest6_pkey  (cost=0.00..27.68 rows=1124 width=0)
	                    Index Cond: ((id >= 2432829) AND (id <= 2433828))

table 7 : explain SELECT DISTINCT c FROM sbtest7 WHERE id BETWEEN 9834867 AND 9835866 ORDER BY c
	Unique  (cost=3920.64..3925.65 rows=1002 width=121)
	  ->  Sort  (cost=3920.64..3923.15 rows=1002 width=121)
	        Sort Key: c
	        ->  Bitmap Heap Scan on sbtest7  (cost=22.71..3870.70 rows=1002 width=121)
	              Recheck Cond: ((id >= 9834867) AND (id <= 9835866))
	              ->  Bitmap Index Scan on sbtest7_pkey  (cost=0.00..22.45 rows=1002 width=0)
	                    Index Cond: ((id >= 9834867) AND (id <= 9835866))

table 8 : explain SELECT DISTINCT c FROM sbtest8 WHERE id BETWEEN 5097768 AND 5098767 ORDER BY c
	Unique  (cost=3752.15..3756.94 rows=958 width=121)
	  ->  Sort  (cost=3752.15..3754.54 rows=958 width=121)
	        Sort Key: c
	        ->  Bitmap Heap Scan on sbtest8  (cost=22.25..3704.71 rows=958 width=121)
	              Recheck Cond: ((id >= 5097768) AND (id <= 5098767))
	              ->  Bitmap Index Scan on sbtest8_pkey  (cost=0.00..22.01 rows=958 width=0)
	                    Index Cond: ((id >= 5097768) AND (id <= 5098767))

for: sum_ranges
table 1 : explain SELECT SUM(k) FROM sbtest1 WHERE id BETWEEN 6361387 AND 6362386
	Aggregate  (cost=3677.45..3677.46 rows=1 width=8)
	  ->  Bitmap Heap Scan on sbtest1  (cost=22.18..3675.07 rows=951 width=4)
	        Recheck Cond: ((id >= 6361387) AND (id <= 6362386))
	        ->  Bitmap Index Scan on sbtest1_pkey  (cost=0.00..21.94 rows=951 width=0)
	              Index Cond: ((id >= 6361387) AND (id <= 6362386))

table 2 : explain SELECT SUM(k) FROM sbtest2 WHERE id BETWEEN 6940855 AND 6941854
	Aggregate  (cost=3610.59..3610.60 rows=1 width=8)
	  ->  Bitmap Heap Scan on sbtest2  (cost=22.00..3608.26 rows=933 width=4)
	        Recheck Cond: ((id >= 6940855) AND (id <= 6941854))
	        ->  Bitmap Index Scan on sbtest2_pkey  (cost=0.00..21.76 rows=933 width=0)
	              Index Cond: ((id >= 6940855) AND (id <= 6941854))

table 3 : explain SELECT SUM(k) FROM sbtest3 WHERE id BETWEEN 9884410 AND 9885409
	Aggregate  (cost=3640.86..3640.87 rows=1 width=8)
	  ->  Bitmap Heap Scan on sbtest3  (cost=22.08..3638.51 rows=941 width=4)
	        Recheck Cond: ((id >= 9884410) AND (id <= 9885409))
	        ->  Bitmap Index Scan on sbtest3_pkey  (cost=0.00..21.84 rows=941 width=0)
	              Index Cond: ((id >= 9884410) AND (id <= 9885409))

table 4 : explain SELECT SUM(k) FROM sbtest4 WHERE id BETWEEN 419651 AND 420650
	Aggregate  (cost=4101.82..4101.83 rows=1 width=8)
	  ->  Bitmap Heap Scan on sbtest4  (cost=23.33..4099.16 rows=1063 width=4)
	        Recheck Cond: ((id >= 419651) AND (id <= 420650))
	        ->  Bitmap Index Scan on sbtest4_pkey  (cost=0.00..23.07 rows=1063 width=0)
	              Index Cond: ((id >= 419651) AND (id <= 420650))

table 5 : explain SELECT SUM(k) FROM sbtest5 WHERE id BETWEEN 2853907 AND 2854906
	Aggregate  (cost=4184.58..4184.59 rows=1 width=8)
	  ->  Bitmap Heap Scan on sbtest5  (cost=23.56..4181.87 rows=1085 width=4)
	        Recheck Cond: ((id >= 2853907) AND (id <= 2854906))
	        ->  Bitmap Index Scan on sbtest5_pkey  (cost=0.00..23.29 rows=1085 width=0)
	              Index Cond: ((id >= 2853907) AND (id <= 2854906))

table 6 : explain SELECT SUM(k) FROM sbtest6 WHERE id BETWEEN 9719470 AND 9720469
	Aggregate  (cost=4105.68..4105.69 rows=1 width=8)
	  ->  Bitmap Heap Scan on sbtest6  (cost=23.34..4103.02 rows=1064 width=4)
	        Recheck Cond: ((id >= 9719470) AND (id <= 9720469))
	        ->  Bitmap Index Scan on sbtest6_pkey  (cost=0.00..23.07 rows=1064 width=0)
	              Index Cond: ((id >= 9719470) AND (id <= 9720469))

table 7 : explain SELECT SUM(k) FROM sbtest7 WHERE id BETWEEN 783069 AND 784068
	Aggregate  (cost=3431.05..3431.06 rows=1 width=8)
	  ->  Bitmap Heap Scan on sbtest7  (cost=21.51..3428.84 rows=885 width=4)
	        Recheck Cond: ((id >= 783069) AND (id <= 784068))
	        ->  Bitmap Index Scan on sbtest7_pkey  (cost=0.00..21.29 rows=885 width=0)
	              Index Cond: ((id >= 783069) AND (id <= 784068))

table 8 : explain SELECT SUM(k) FROM sbtest8 WHERE id BETWEEN 5190835 AND 5191834
	Aggregate  (cost=3858.08..3858.09 rows=1 width=8)
	  ->  Bitmap Heap Scan on sbtest8  (cost=22.66..3855.59 rows=998 width=4)
	        Recheck Cond: ((id >= 5190835) AND (id <= 5191834))
	        ->  Bitmap Index Scan on sbtest8_pkey  (cost=0.00..22.41 rows=998 width=0)
	              Index Cond: ((id >= 5190835) AND (id <= 5191834))

for: sum_ranges
table 1 : explain SELECT SUM(k) FROM sbtest1 WHERE id BETWEEN 1541019 AND 1542018
	Aggregate  (cost=3813.19..3813.20 rows=1 width=8)
	  ->  Bitmap Heap Scan on sbtest1  (cost=22.55..3810.72 rows=987 width=4)
	        Recheck Cond: ((id >= 1541019) AND (id <= 1542018))
	        ->  Bitmap Index Scan on sbtest1_pkey  (cost=0.00..22.30 rows=987 width=0)
	              Index Cond: ((id >= 1541019) AND (id <= 1542018))

table 2 : explain SELECT SUM(k) FROM sbtest2 WHERE id BETWEEN 4488682 AND 4489681
	Aggregate  (cost=3557.70..3557.71 rows=1 width=8)
	  ->  Bitmap Heap Scan on sbtest2  (cost=21.85..3555.40 rows=919 width=4)
	        Recheck Cond: ((id >= 4488682) AND (id <= 4489681))
	        ->  Bitmap Index Scan on sbtest2_pkey  (cost=0.00..21.62 rows=919 width=0)
	              Index Cond: ((id >= 4488682) AND (id <= 4489681))

table 3 : explain SELECT SUM(k) FROM sbtest3 WHERE id BETWEEN 3740642 AND 3741641
	Aggregate  (cost=3806.89..3806.90 rows=1 width=8)
	  ->  Bitmap Heap Scan on sbtest3  (cost=22.53..3804.42 rows=985 width=4)
	        Recheck Cond: ((id >= 3740642) AND (id <= 3741641))
	        ->  Bitmap Index Scan on sbtest3_pkey  (cost=0.00..22.29 rows=985 width=0)
	              Index Cond: ((id >= 3740642) AND (id <= 3741641))

table 4 : explain SELECT SUM(k) FROM sbtest4 WHERE id BETWEEN 3173157 AND 3174156
	Aggregate  (cost=3924.86..3924.87 rows=1 width=8)
	  ->  Bitmap Heap Scan on sbtest4  (cost=22.85..3922.32 rows=1016 width=4)
	        Recheck Cond: ((id >= 3173157) AND (id <= 3174156))
	        ->  Bitmap Index Scan on sbtest4_pkey  (cost=0.00..22.59 rows=1016 width=0)
	              Index Cond: ((id >= 3173157) AND (id <= 3174156))

table 5 : explain SELECT SUM(k) FROM sbtest5 WHERE id BETWEEN 115638 AND 116637
	Aggregate  (cost=3551.21..3551.22 rows=1 width=8)
	  ->  Bitmap Heap Scan on sbtest5  (cost=21.83..3548.92 rows=917 width=4)
	        Recheck Cond: ((id >= 115638) AND (id <= 116637))
	        ->  Bitmap Index Scan on sbtest5_pkey  (cost=0.00..21.61 rows=917 width=0)
	              Index Cond: ((id >= 115638) AND (id <= 116637))

table 6 : explain SELECT SUM(k) FROM sbtest6 WHERE id BETWEEN 777851 AND 778850
	Aggregate  (cost=3864.65..3864.66 rows=1 width=8)
	  ->  Bitmap Heap Scan on sbtest6  (cost=22.68..3862.15 rows=1000 width=4)
	        Recheck Cond: ((id >= 777851) AND (id <= 778850))
	        ->  Bitmap Index Scan on sbtest6_pkey  (cost=0.00..22.43 rows=1000 width=0)
	              Index Cond: ((id >= 777851) AND (id <= 778850))

table 7 : explain SELECT SUM(k) FROM sbtest7 WHERE id BETWEEN 743942 AND 744941
	Aggregate  (cost=3431.05..3431.06 rows=1 width=8)
	  ->  Bitmap Heap Scan on sbtest7  (cost=21.51..3428.84 rows=885 width=4)
	        Recheck Cond: ((id >= 743942) AND (id <= 744941))
	        ->  Bitmap Index Scan on sbtest7_pkey  (cost=0.00..21.29 rows=885 width=0)
	              Index Cond: ((id >= 743942) AND (id <= 744941))

table 8 : explain SELECT SUM(k) FROM sbtest8 WHERE id BETWEEN 2640141 AND 2641140
	Aggregate  (cost=3880.71..3880.72 rows=1 width=8)
	  ->  Bitmap Heap Scan on sbtest8  (cost=22.73..3878.20 rows=1004 width=4)
	        Recheck Cond: ((id >= 2640141) AND (id <= 2641140))
	        ->  Bitmap Index Scan on sbtest8_pkey  (cost=0.00..22.47 rows=1004 width=0)
	              Index Cond: ((id >= 2640141) AND (id <= 2641140))

explain: for point_selects :: explain SELECT c FROM sbtest%u WHERE id=%u
explain: for point_selects :: explain SELECT c FROM sbtest%u WHERE id=%u
for: sum_ranges
table 1 : explain SELECT SUM(k) FROM sbtest1 WHERE id BETWEEN 6044589 AND 6045588
	Aggregate  (cost=3828.26..3828.27 rows=1 width=8)
	  ->  Bitmap Heap Scan on sbtest1  (cost=22.59..3825.78 rows=991 width=4)
	        Recheck Cond: ((id >= 6044589) AND (id <= 6045588))
	        ->  Bitmap Index Scan on sbtest1_pkey  (cost=0.00..22.34 rows=991 width=0)
	              Index Cond: ((id >= 6044589) AND (id <= 6045588))

table 2 : explain SELECT SUM(k) FROM sbtest2 WHERE id BETWEEN 6579514 AND 6580513
	Aggregate  (cost=3840.74..3840.75 rows=1 width=8)
	  ->  Bitmap Heap Scan on sbtest2  (cost=22.62..3838.26 rows=994 width=4)
	        Recheck Cond: ((id >= 6579514) AND (id <= 6580513))
	        ->  Bitmap Index Scan on sbtest2_pkey  (cost=0.00..22.37 rows=994 width=0)
	              Index Cond: ((id >= 6579514) AND (id <= 6580513))

table 3 : explain SELECT SUM(k) FROM sbtest3 WHERE id BETWEEN 7529114 AND 7530113
	Aggregate  (cost=3757.86..3757.87 rows=1 width=8)
	  ->  Bitmap Heap Scan on sbtest3  (cost=22.40..3755.43 rows=972 width=4)
	        Recheck Cond: ((id >= 7529114) AND (id <= 7530113))
	        ->  Bitmap Index Scan on sbtest3_pkey  (cost=0.00..22.15 rows=972 width=0)
	              Index Cond: ((id >= 7529114) AND (id <= 7530113))

table 4 : explain SELECT SUM(k) FROM sbtest4 WHERE id BETWEEN 1675005 AND 1676004
	Aggregate  (cost=3762.72..3762.73 rows=1 width=8)
	  ->  Bitmap Heap Scan on sbtest4  (cost=22.41..3760.29 rows=973 width=4)
	        Recheck Cond: ((id >= 1675005) AND (id <= 1676004))
	        ->  Bitmap Index Scan on sbtest4_pkey  (cost=0.00..22.16 rows=973 width=0)
	              Index Cond: ((id >= 1675005) AND (id <= 1676004))

table 5 : explain SELECT SUM(k) FROM sbtest5 WHERE id BETWEEN 65791 AND 66790
	Aggregate  (cost=3513.40..3513.41 rows=1 width=8)
	  ->  Bitmap Heap Scan on sbtest5  (cost=21.73..3511.13 rows=907 width=4)
	        Recheck Cond: ((id >= 65791) AND (id <= 66790))
	        ->  Bitmap Index Scan on sbtest5_pkey  (cost=0.00..21.50 rows=907 width=0)
	              Index Cond: ((id >= 65791) AND (id <= 66790))

table 6 : explain SELECT SUM(k) FROM sbtest6 WHERE id BETWEEN 3483216 AND 3484215
	Aggregate  (cost=4395.27..4395.28 rows=1 width=8)
	  ->  Bitmap Heap Scan on sbtest6  (cost=28.13..4392.42 rows=1141 width=4)
	        Recheck Cond: ((id >= 3483216) AND (id <= 3484215))
	        ->  Bitmap Index Scan on sbtest6_pkey  (cost=0.00..27.84 rows=1141 width=0)
	              Index Cond: ((id >= 3483216) AND (id <= 3484215))

table 7 : explain SELECT SUM(k) FROM sbtest7 WHERE id BETWEEN 9265144 AND 9266143
	Aggregate  (cost=4023.96..4023.97 rows=1 width=8)
	  ->  Bitmap Heap Scan on sbtest7  (cost=23.12..4021.36 rows=1042 width=4)
	        Recheck Cond: ((id >= 9265144) AND (id <= 9266143))
	        ->  Bitmap Index Scan on sbtest7_pkey  (cost=0.00..22.86 rows=1042 width=0)
	              Index Cond: ((id >= 9265144) AND (id <= 9266143))

table 8 : explain SELECT SUM(k) FROM sbtest8 WHERE id BETWEEN 6668904 AND 6669903
	Aggregate  (cost=4246.16..4246.17 rows=1 width=8)
	  ->  Bitmap Heap Scan on sbtest8  (cost=27.71..4243.41 rows=1100 width=4)
	        Recheck Cond: ((id >= 6668904) AND (id <= 6669903))
	        ->  Bitmap Index Scan on sbtest8_pkey  (cost=0.00..27.43 rows=1100 width=0)
	              Index Cond: ((id >= 6668904) AND (id <= 6669903))

for: sum_ranges
table 1 : explain SELECT SUM(k) FROM sbtest1 WHERE id BETWEEN 5448609 AND 5449608
	Aggregate  (cost=3609.51..3609.52 rows=1 width=8)
	  ->  Bitmap Heap Scan on sbtest1  (cost=22.00..3607.18 rows=933 width=4)
	        Recheck Cond: ((id >= 5448609) AND (id <= 5449608))
	        ->  Bitmap Index Scan on sbtest1_pkey  (cost=0.00..21.76 rows=933 width=0)
	              Index Cond: ((id >= 5448609) AND (id <= 5449608))

table 2 : explain SELECT SUM(k) FROM sbtest2 WHERE id BETWEEN 7749842 AND 7750841
	Aggregate  (cost=3776.65..3776.66 rows=1 width=8)
	  ->  Bitmap Heap Scan on sbtest2  (cost=22.45..3774.21 rows=977 width=4)
	        Recheck Cond: ((id >= 7749842) AND (id <= 7750841))
	        ->  Bitmap Index Scan on sbtest2_pkey  (cost=0.00..22.20 rows=977 width=0)
	              Index Cond: ((id >= 7749842) AND (id <= 7750841))

table 3 : explain SELECT SUM(k) FROM sbtest3 WHERE id BETWEEN 5056488 AND 5057487
	Aggregate  (cost=3991.47..3991.48 rows=1 width=8)
	  ->  Bitmap Heap Scan on sbtest3  (cost=23.03..3988.89 rows=1034 width=4)
	        Recheck Cond: ((id >= 5056488) AND (id <= 5057487))
	        ->  Bitmap Index Scan on sbtest3_pkey  (cost=0.00..22.77 rows=1034 width=0)
	              Index Cond: ((id >= 5056488) AND (id <= 5057487))

table 4 : explain SELECT SUM(k) FROM sbtest4 WHERE id BETWEEN 6327201 AND 6328200
	Aggregate  (cost=3890.94..3890.95 rows=1 width=8)
	  ->  Bitmap Heap Scan on sbtest4  (cost=22.76..3888.43 rows=1007 width=4)
	        Recheck Cond: ((id >= 6327201) AND (id <= 6328200))
	        ->  Bitmap Index Scan on sbtest4_pkey  (cost=0.00..22.50 rows=1007 width=0)
	              Index Cond: ((id >= 6327201) AND (id <= 6328200))

table 5 : explain SELECT SUM(k) FROM sbtest5 WHERE id BETWEEN 2098912 AND 2099911
	Aggregate  (cost=3785.38..3785.39 rows=1 width=8)
	  ->  Bitmap Heap Scan on sbtest5  (cost=22.47..3782.93 rows=979 width=4)
	        Recheck Cond: ((id >= 2098912) AND (id <= 2099911))
	        ->  Bitmap Index Scan on sbtest5_pkey  (cost=0.00..22.22 rows=979 width=0)
	              Index Cond: ((id >= 2098912) AND (id <= 2099911))

table 6 : explain SELECT SUM(k) FROM sbtest6 WHERE id BETWEEN 769260 AND 770259
	Aggregate  (cost=3864.65..3864.66 rows=1 width=8)
	  ->  Bitmap Heap Scan on sbtest6  (cost=22.68..3862.15 rows=1000 width=4)
	        Recheck Cond: ((id >= 769260) AND (id <= 770259))
	        ->  Bitmap Index Scan on sbtest6_pkey  (cost=0.00..22.43 rows=1000 width=0)
	              Index Cond: ((id >= 769260) AND (id <= 770259))

table 7 : explain SELECT SUM(k) FROM sbtest7 WHERE id BETWEEN 6277408 AND 6278407
	Aggregate  (cost=3744.90..3744.91 rows=1 width=8)
	  ->  Bitmap Heap Scan on sbtest7  (cost=22.36..3742.48 rows=968 width=4)
	        Recheck Cond: ((id >= 6277408) AND (id <= 6278407))
	        ->  Bitmap Index Scan on sbtest7_pkey  (cost=0.00..22.11 rows=968 width=0)
	              Index Cond: ((id >= 6277408) AND (id <= 6278407))

table 8 : explain SELECT SUM(k) FROM sbtest8 WHERE id BETWEEN 4774591 AND 4775590
	Aggregate  (cost=3377.99..3378.00 rows=1 width=8)
	  ->  Bitmap Heap Scan on sbtest8  (cost=21.36..3375.81 rows=871 width=4)
	        Recheck Cond: ((id >= 4774591) AND (id <= 4775590))
	        ->  Bitmap Index Scan on sbtest8_pkey  (cost=0.00..21.14 rows=871 width=0)
	              Index Cond: ((id >= 4774591) AND (id <= 4775590))

for: distinct_ranges
table 1 : explain SELECT DISTINCT c FROM sbtest1 WHERE id BETWEEN 3687528 AND 3688527 ORDER BY c
	Unique  (cost=4230.03..4235.45 rows=1084 width=121)
	  ->  Sort  (cost=4230.03..4232.74 rows=1084 width=121)
	        Sort Key: c
	        ->  Bitmap Heap Scan on sbtest1  (cost=23.55..4175.38 rows=1084 width=121)
	              Recheck Cond: ((id >= 3687528) AND (id <= 3688527))
	              ->  Bitmap Index Scan on sbtest1_pkey  (cost=0.00..23.27 rows=1084 width=0)
	                    Index Cond: ((id >= 3687528) AND (id <= 3688527))

table 2 : explain SELECT DISTINCT c FROM sbtest2 WHERE id BETWEEN 727053 AND 728052 ORDER BY c
	Unique  (cost=3979.48..3984.57 rows=1018 width=121)
	  ->  Sort  (cost=3979.48..3982.02 rows=1018 width=121)
	        Sort Key: c
	        ->  Bitmap Heap Scan on sbtest2  (cost=22.87..3928.62 rows=1018 width=121)
	              Recheck Cond: ((id >= 727053) AND (id <= 728052))
	              ->  Bitmap Index Scan on sbtest2_pkey  (cost=0.00..22.61 rows=1018 width=0)
	                    Index Cond: ((id >= 727053) AND (id <= 728052))

table 3 : explain SELECT DISTINCT c FROM sbtest3 WHERE id BETWEEN 3954454 AND 3955453 ORDER BY c
	Unique  (cost=4300.33..4305.84 rows=1102 width=121)
	  ->  Sort  (cost=4300.33..4303.09 rows=1102 width=121)
	        Sort Key: c
	        ->  Bitmap Heap Scan on sbtest3  (cost=27.73..4244.65 rows=1102 width=121)
	              Recheck Cond: ((id >= 3954454) AND (id <= 3955453))
	              ->  Bitmap Index Scan on sbtest3_pkey  (cost=0.00..27.45 rows=1102 width=0)
	                    Index Cond: ((id >= 3954454) AND (id <= 3955453))

table 4 : explain SELECT DISTINCT c FROM sbtest4 WHERE id BETWEEN 7724966 AND 7725965 ORDER BY c
	Unique  (cost=3843.02..3847.93 rows=982 width=121)
	  ->  Sort  (cost=3843.02..3845.48 rows=982 width=121)
	        Sort Key: c
	        ->  Bitmap Heap Scan on sbtest4  (cost=22.50..3794.22 rows=982 width=121)
	              Recheck Cond: ((id >= 7724966) AND (id <= 7725965))
	              ->  Bitmap Index Scan on sbtest4_pkey  (cost=0.00..22.25 rows=982 width=0)
	                    Index Cond: ((id >= 7724966) AND (id <= 7725965))

table 5 : explain SELECT DISTINCT c FROM sbtest5 WHERE id BETWEEN 8246863 AND 8247862 ORDER BY c
	Unique  (cost=3996.02..4001.13 rows=1022 width=121)
	  ->  Sort  (cost=3996.02..3998.58 rows=1022 width=121)
	        Sort Key: c
	        ->  Bitmap Heap Scan on sbtest5  (cost=22.91..3944.94 rows=1022 width=121)
	              Recheck Cond: ((id >= 8246863) AND (id <= 8247862))
	              ->  Bitmap Index Scan on sbtest5_pkey  (cost=0.00..22.65 rows=1022 width=0)
	                    Index Cond: ((id >= 8246863) AND (id <= 8247862))

table 6 : explain SELECT DISTINCT c FROM sbtest6 WHERE id BETWEEN 2912908 AND 2913907 ORDER BY c
	Unique  (cost=4317.00..4322.53 rows=1106 width=121)
	  ->  Sort  (cost=4317.00..4319.77 rows=1106 width=121)
	        Sort Key: c
	        ->  Bitmap Heap Scan on sbtest6  (cost=27.77..4261.09 rows=1106 width=121)
	              Recheck Cond: ((id >= 2912908) AND (id <= 2913907))
	              ->  Bitmap Index Scan on sbtest6_pkey  (cost=0.00..27.50 rows=1106 width=0)
	                    Index Cond: ((id >= 2912908) AND (id <= 2913907))

table 7 : explain SELECT DISTINCT c FROM sbtest7 WHERE id BETWEEN 8402920 AND 8403919 ORDER BY c
	Unique  (cost=3897.68..3902.66 rows=996 width=121)
	  ->  Sort  (cost=3897.68..3900.17 rows=996 width=121)
	        Sort Key: c
	        ->  Bitmap Heap Scan on sbtest7  (cost=22.64..3848.08 rows=996 width=121)
	              Recheck Cond: ((id >= 8402920) AND (id <= 8403919))
	              ->  Bitmap Index Scan on sbtest7_pkey  (cost=0.00..22.39 rows=996 width=0)
	                    Index Cond: ((id >= 8402920) AND (id <= 8403919))

table 8 : explain SELECT DISTINCT c FROM sbtest8 WHERE id BETWEEN 2283274 AND 2284273 ORDER BY c
	Unique  (cost=3958.86..3963.92 rows=1012 width=121)
	  ->  Sort  (cost=3958.86..3961.39 rows=1012 width=121)
	        Sort Key: c
	        ->  Bitmap Heap Scan on sbtest8  (cost=22.81..3908.35 rows=1012 width=121)
	              Recheck Cond: ((id >= 2283274) AND (id <= 2284273))
	              ->  Bitmap Index Scan on sbtest8_pkey  (cost=0.00..22.55 rows=1012 width=0)
	                    Index Cond: ((id >= 2283274) AND (id <= 2284273))

explain: for point_selects :: explain SELECT c FROM sbtest%u WHERE id=%u
for: order_ranges
table 1 : explain SELECT c FROM sbtest1 WHERE id BETWEEN 6227072 AND 6228071 ORDER BY c
	Sort  (cost=3733.59..3735.98 rows=954 width=121)
	  Sort Key: c
	  ->  Bitmap Heap Scan on sbtest1  (cost=22.21..3686.38 rows=954 width=121)
	        Recheck Cond: ((id >= 6227072) AND (id <= 6228071))
	        ->  Bitmap Index Scan on sbtest1_pkey  (cost=0.00..21.97 rows=954 width=0)
	              Index Cond: ((id >= 6227072) AND (id <= 6228071))

table 2 : explain SELECT c FROM sbtest2 WHERE id BETWEEN 5487727 AND 5488726 ORDER BY c
	Sort  (cost=4258.06..4260.79 rows=1091 width=121)
	  Sort Key: c
	  ->  Bitmap Heap Scan on sbtest2  (cost=23.62..4203.01 rows=1091 width=121)
	        Recheck Cond: ((id >= 5487727) AND (id <= 5488726))
	        ->  Bitmap Index Scan on sbtest2_pkey  (cost=0.00..23.34 rows=1091 width=0)
	              Index Cond: ((id >= 5487727) AND (id <= 5488726))

table 3 : explain SELECT c FROM sbtest3 WHERE id BETWEEN 8650034 AND 8651033 ORDER BY c
	Sort  (cost=3838.10..3840.55 rows=981 width=121)
	  Sort Key: c
	  ->  Bitmap Heap Scan on sbtest3  (cost=22.49..3789.35 rows=981 width=121)
	        Recheck Cond: ((id >= 8650034) AND (id <= 8651033))
	        ->  Bitmap Index Scan on sbtest3_pkey  (cost=0.00..22.25 rows=981 width=0)
	              Index Cond: ((id >= 8650034) AND (id <= 8651033))

table 4 : explain SELECT c FROM sbtest4 WHERE id BETWEEN 9984171 AND 9985170 ORDER BY c
	Sort  (cost=4270.87..4273.60 rows=1094 width=121)
	  Sort Key: c
	  ->  Bitmap Heap Scan on sbtest4  (cost=23.65..4215.65 rows=1094 width=121)
	        Recheck Cond: ((id >= 9984171) AND (id <= 9985170))
	        ->  Bitmap Index Scan on sbtest4_pkey  (cost=0.00..23.37 rows=1094 width=0)
	              Index Cond: ((id >= 9984171) AND (id <= 9985170))

table 5 : explain SELECT c FROM sbtest5 WHERE id BETWEEN 5130656 AND 5131655 ORDER BY c
	Sort  (cost=4114.45..4117.08 rows=1053 width=121)
	  Sort Key: c
	  ->  Bitmap Heap Scan on sbtest5  (cost=23.23..4061.58 rows=1053 width=121)
	        Recheck Cond: ((id >= 5130656) AND (id <= 5131655))
	        ->  Bitmap Index Scan on sbtest5_pkey  (cost=0.00..22.96 rows=1053 width=0)
	              Index Cond: ((id >= 5130656) AND (id <= 5131655))

table 6 : explain SELECT c FROM sbtest6 WHERE id BETWEEN 3448266 AND 3449265 ORDER BY c
	Sort  (cost=4049.59..4052.18 rows=1036 width=121)
	  Sort Key: c
	  ->  Bitmap Heap Scan on sbtest6  (cost=23.05..3997.71 rows=1036 width=121)
	        Recheck Cond: ((id >= 3448266) AND (id <= 3449265))
	        ->  Bitmap Index Scan on sbtest6_pkey  (cost=0.00..22.79 rows=1036 width=0)
	              Index Cond: ((id >= 3448266) AND (id <= 3449265))

table 7 : explain SELECT c FROM sbtest7 WHERE id BETWEEN 8317252 AND 8318251 ORDER BY c
	Sort  (cost=4192.17..4194.85 rows=1072 width=121)
	  Sort Key: c
	  ->  Bitmap Heap Scan on sbtest7  (cost=27.42..4138.22 rows=1072 width=121)
	        Recheck Cond: ((id >= 8317252) AND (id <= 8318251))
	        ->  Bitmap Index Scan on sbtest7_pkey  (cost=0.00..27.15 rows=1072 width=0)
	              Index Cond: ((id >= 8317252) AND (id <= 8318251))

table 8 : explain SELECT c FROM sbtest8 WHERE id BETWEEN 3639415 AND 3640414 ORDER BY c
	Sort  (cost=3755.98..3758.37 rows=959 width=121)
	  Sort Key: c
	  ->  Bitmap Heap Scan on sbtest8  (cost=22.26..3708.48 rows=959 width=121)
	        Recheck Cond: ((id >= 3639415) AND (id <= 3640414))
	        ->  Bitmap Index Scan on sbtest8_pkey  (cost=0.00..22.02 rows=959 width=0)
	              Index Cond: ((id >= 3639415) AND (id <= 3640414))

for: order_ranges
table 1 : explain SELECT c FROM sbtest1 WHERE id BETWEEN 3785452 AND 3786451 ORDER BY c
	Sort  (cost=3676.18..3678.53 rows=939 width=121)
	  Sort Key: c
	  ->  Bitmap Heap Scan on sbtest1  (cost=22.06..3629.82 rows=939 width=121)
	        Recheck Cond: ((id >= 3785452) AND (id <= 3786451))
	        ->  Bitmap Index Scan on sbtest1_pkey  (cost=0.00..21.82 rows=939 width=0)
	              Index Cond: ((id >= 3785452) AND (id <= 3786451))

table 2 : explain SELECT c FROM sbtest2 WHERE id BETWEEN 760462 AND 761461 ORDER BY c
	Sort  (cost=3979.48..3982.02 rows=1018 width=121)
	  Sort Key: c
	  ->  Bitmap Heap Scan on sbtest2  (cost=22.87..3928.62 rows=1018 width=121)
	        Recheck Cond: ((id >= 760462) AND (id <= 761461))
	        ->  Bitmap Index Scan on sbtest2_pkey  (cost=0.00..22.61 rows=1018 width=0)
	              Index Cond: ((id >= 760462) AND (id <= 761461))

table 3 : explain SELECT c FROM sbtest3 WHERE id BETWEEN 1137614 AND 1138613 ORDER BY c
	Sort  (cost=3853.40..3855.86 rows=985 width=121)
	  Sort Key: c
	  ->  Bitmap Heap Scan on sbtest3  (cost=22.53..3804.42 rows=985 width=121)
	        Recheck Cond: ((id >= 1137614) AND (id <= 1138613))
	        ->  Bitmap Index Scan on sbtest3_pkey  (cost=0.00..22.29 rows=985 width=0)
	              Index Cond: ((id >= 1137614) AND (id <= 1138613))

table 4 : explain SELECT c FROM sbtest4 WHERE id BETWEEN 9534857 AND 9535856 ORDER BY c
	Sort  (cost=3793.27..3795.69 rows=969 width=121)
	  Sort Key: c
	  ->  Bitmap Heap Scan on sbtest4  (cost=22.37..3745.20 rows=969 width=121)
	        Recheck Cond: ((id >= 9534857) AND (id <= 9535856))
	        ->  Bitmap Index Scan on sbtest4_pkey  (cost=0.00..22.12 rows=969 width=0)
	              Index Cond: ((id >= 9534857) AND (id <= 9535856))

table 5 : explain SELECT c FROM sbtest5 WHERE id BETWEEN 9876632 AND 9877631 ORDER BY c
	Sort  (cost=3858.35..3860.82 rows=986 width=121)
	  Sort Key: c
	  ->  Bitmap Heap Scan on sbtest5  (cost=22.54..3809.32 rows=986 width=121)
	        Recheck Cond: ((id >= 9876632) AND (id <= 9877631))
	        ->  Bitmap Index Scan on sbtest5_pkey  (cost=0.00..22.29 rows=986 width=0)
	              Index Cond: ((id >= 9876632) AND (id <= 9877631))

table 6 : explain SELECT c FROM sbtest6 WHERE id BETWEEN 7112098 AND 7113097 ORDER BY c
	Sort  (cost=3444.44..3446.64 rows=878 width=121)
	  Sort Key: c
	  ->  Bitmap Heap Scan on sbtest6  (cost=21.43..3401.51 rows=878 width=121)
	        Recheck Cond: ((id >= 7112098) AND (id <= 7113097))
	        ->  Bitmap Index Scan on sbtest6_pkey  (cost=0.00..21.21 rows=878 width=0)
	              Index Cond: ((id >= 7112098) AND (id <= 7113097))

table 7 : explain SELECT c FROM sbtest7 WHERE id BETWEEN 6602195 AND 6603194 ORDER BY c
	Sort  (cost=3828.78..3831.23 rows=978 width=121)
	  Sort Key: c
	  ->  Bitmap Heap Scan on sbtest7  (cost=22.46..3780.21 rows=978 width=121)
	        Recheck Cond: ((id >= 6602195) AND (id <= 6603194))
	        ->  Bitmap Index Scan on sbtest7_pkey  (cost=0.00..22.21 rows=978 width=0)
	              Index Cond: ((id >= 6602195) AND (id <= 6603194))

table 8 : explain SELECT c FROM sbtest8 WHERE id BETWEEN 9937196 AND 9938195 ORDER BY c
	Sort  (cost=3805.77..3808.20 rows=972 width=121)
	  Sort Key: c
	  ->  Bitmap Heap Scan on sbtest8  (cost=22.40..3757.54 rows=972 width=121)
	        Recheck Cond: ((id >= 9937196) AND (id <= 9938195))
	        ->  Bitmap Index Scan on sbtest8_pkey  (cost=0.00..22.15 rows=972 width=0)
	              Index Cond: ((id >= 9937196) AND (id <= 9938195))
for: order_ranges
table 1 : explain SELECT c FROM sbtest1 WHERE id BETWEEN 7132647 AND 7133646 ORDER BY c
	Sort  (cost=4237.65..4240.36 rows=1086 width=121)
	  Sort Key: c
	  ->  Bitmap Heap Scan on sbtest1  (cost=23.57..4182.89 rows=1086 width=121)
	        Recheck Cond: ((id >= 7132647) AND (id <= 7133646))
	        ->  Bitmap Index Scan on sbtest1_pkey  (cost=0.00..23.29 rows=1086 width=0)
	              Index Cond: ((id >= 7132647) AND (id <= 7133646))

table 2 : explain SELECT c FROM sbtest2 WHERE id BETWEEN 813716 AND 814715 ORDER BY c
	Sort  (cost=4097.86..4100.48 rows=1049 width=121)
	  Sort Key: c
	  ->  Bitmap Heap Scan on sbtest2  (cost=23.19..4045.22 rows=1049 width=121)
	        Recheck Cond: ((id >= 813716) AND (id <= 814715))
	        ->  Bitmap Index Scan on sbtest2_pkey  (cost=0.00..22.93 rows=1049 width=0)
	              Index Cond: ((id >= 813716) AND (id <= 814715))

table 3 : explain SELECT c FROM sbtest3 WHERE id BETWEEN 8596294 AND 8597293 ORDER BY c
	Sort  (cost=3838.10..3840.55 rows=981 width=121)
	  Sort Key: c
	  ->  Bitmap Heap Scan on sbtest3  (cost=22.49..3789.35 rows=981 width=121)
	        Recheck Cond: ((id >= 8596294) AND (id <= 8597293))
	        ->  Bitmap Index Scan on sbtest3_pkey  (cost=0.00..22.25 rows=981 width=0)
	              Index Cond: ((id >= 8596294) AND (id <= 8597293))

table 4 : explain SELECT c FROM sbtest4 WHERE id BETWEEN 5724985 AND 5725984 ORDER BY c
	Sort  (cost=3647.70..3650.02 rows=931 width=121)
	  Sort Key: c
	  ->  Bitmap Heap Scan on sbtest4  (cost=21.98..3601.79 rows=931 width=121)
	        Recheck Cond: ((id >= 5724985) AND (id <= 5725984))
	        ->  Bitmap Index Scan on sbtest4_pkey  (cost=0.00..21.75 rows=931 width=0)
	              Index Cond: ((id >= 5724985) AND (id <= 5725984))

table 5 : explain SELECT c FROM sbtest5 WHERE id BETWEEN 9354156 AND 9355155 ORDER BY c
	Sort  (cost=4125.90..4128.54 rows=1056 width=121)
	  Sort Key: c
	  ->  Bitmap Heap Scan on sbtest5  (cost=23.26..4072.87 rows=1056 width=121)
	        Recheck Cond: ((id >= 9354156) AND (id <= 9355155))
	        ->  Bitmap Index Scan on sbtest5_pkey  (cost=0.00..23.00 rows=1056 width=0)
	              Index Cond: ((id >= 9354156) AND (id <= 9355155))

table 6 : explain SELECT c FROM sbtest6 WHERE id BETWEEN 6805975 AND 6806974 ORDER BY c
	Sort  (cost=3869.90..3872.37 rows=989 width=121)
	  Sort Key: c
	  ->  Bitmap Heap Scan on sbtest6  (cost=22.57..3820.70 rows=989 width=121)
	        Recheck Cond: ((id >= 6805975) AND (id <= 6806974))
	        ->  Bitmap Index Scan on sbtest6_pkey  (cost=0.00..22.32 rows=989 width=0)
	              Index Cond: ((id >= 6805975) AND (id <= 6806974))

table 7 : explain SELECT c FROM sbtest7 WHERE id BETWEEN 7702155 AND 7703154 ORDER BY c
	Sort  (cost=3863.24..3865.71 rows=987 width=121)
	  Sort Key: c
	  ->  Bitmap Heap Scan on sbtest7  (cost=22.55..3814.15 rows=987 width=121)
	        Recheck Cond: ((id >= 7702155) AND (id <= 7703154))
	        ->  Bitmap Index Scan on sbtest7_pkey  (cost=0.00..22.30 rows=987 width=0)
	              Index Cond: ((id >= 7702155) AND (id <= 7703154))

table 8 : explain SELECT c FROM sbtest8 WHERE id BETWEEN 9755167 AND 9756166 ORDER BY c
	Sort  (cost=3897.65..3900.14 rows=996 width=121)
	  Sort Key: c
	  ->  Bitmap Heap Scan on sbtest8  (cost=22.64..3848.05 rows=996 width=121)
	        Recheck Cond: ((id >= 9755167) AND (id <= 9756166))
	        ->  Bitmap Index Scan on sbtest8_pkey  (cost=0.00..22.39 rows=996 width=0)
	              Index Cond: ((id >= 9755167) AND (id <= 9756166))


for: distinct_ranges
table 1 : explain SELECT DISTINCT c FROM sbtest1 WHERE id BETWEEN 1387076 AND 1388075 ORDER BY c
	Unique  (cost=3813.93..3818.80 rows=975 width=121)
	  ->  Sort  (cost=3813.93..3816.37 rows=975 width=121)
	        Sort Key: c
	        ->  Bitmap Heap Scan on sbtest1  (cost=22.43..3765.52 rows=975 width=121)
	              Recheck Cond: ((id >= 1387076) AND (id <= 1388075))
	              ->  Bitmap Index Scan on sbtest1_pkey  (cost=0.00..22.18 rows=975 width=0)
	                    Index Cond: ((id >= 1387076) AND (id <= 1388075))

table 2 : explain SELECT DISTINCT c FROM sbtest2 WHERE id BETWEEN 9348102 AND 9349101 ORDER BY c
	Unique  (cost=3799.77..3804.63 rows=971 width=121)
	  ->  Sort  (cost=3799.77..3802.20 rows=971 width=121)
	        Sort Key: c
	        ->  Bitmap Heap Scan on sbtest2  (cost=22.39..3751.59 rows=971 width=121)
	              Recheck Cond: ((id >= 9348102) AND (id <= 9349101))
	              ->  Bitmap Index Scan on sbtest2_pkey  (cost=0.00..22.14 rows=971 width=0)
	                    Index Cond: ((id >= 9348102) AND (id <= 9349101))

table 3 : explain SELECT DISTINCT c FROM sbtest3 WHERE id BETWEEN 7107914 AND 7108913 ORDER BY c
	Unique  (cost=3696.48..3701.20 rows=944 width=121)
	  ->  Sort  (cost=3696.48..3698.84 rows=944 width=121)
	        Sort Key: c
	        ->  Bitmap Heap Scan on sbtest3  (cost=22.11..3649.83 rows=944 width=121)
	              Recheck Cond: ((id >= 7107914) AND (id <= 7108913))
	              ->  Bitmap Index Scan on sbtest3_pkey  (cost=0.00..21.87 rows=944 width=0)
	                    Index Cond: ((id >= 7107914) AND (id <= 7108913))

table 4 : explain SELECT DISTINCT c FROM sbtest4 WHERE id BETWEEN 2765708 AND 2766707 ORDER BY c
	Unique  (cost=4286.31..4291.79 rows=1097 width=121)
	  ->  Sort  (cost=4286.31..4289.05 rows=1097 width=121)
	        Sort Key: c
	        ->  Bitmap Heap Scan on sbtest4  (cost=27.68..4230.91 rows=1097 width=121)
	              Recheck Cond: ((id >= 2765708) AND (id <= 2766707))
	              ->  Bitmap Index Scan on sbtest4_pkey  (cost=0.00..27.40 rows=1097 width=0)
	                    Index Cond: ((id >= 2765708) AND (id <= 2766707))

table 5 : explain SELECT DISTINCT c FROM sbtest5 WHERE id BETWEEN 7801747 AND 7802746 ORDER BY c
	Unique  (cost=3953.97..3959.03 rows=1011 width=121)
	  ->  Sort  (cost=3953.97..3956.50 rows=1011 width=121)
	        Sort Key: c
	        ->  Bitmap Heap Scan on sbtest5  (cost=22.80..3903.52 rows=1011 width=121)
	              Recheck Cond: ((id >= 7801747) AND (id <= 7802746))
	              ->  Bitmap Index Scan on sbtest5_pkey  (cost=0.00..22.54 rows=1011 width=0)
	                    Index Cond: ((id >= 7801747) AND (id <= 7802746))

table 6 : explain SELECT DISTINCT c FROM sbtest6 WHERE id BETWEEN 143855 AND 144854 ORDER BY c
	Unique  (cost=4282.60..4288.08 rows=1096 width=121)
	  ->  Sort  (cost=4282.60..4285.34 rows=1096 width=121)
	        Sort Key: c
	        ->  Bitmap Heap Scan on sbtest6  (cost=27.67..4227.27 rows=1096 width=121)
	              Recheck Cond: ((id >= 143855) AND (id <= 144854))
	              ->  Bitmap Index Scan on sbtest6_pkey  (cost=0.00..27.39 rows=1096 width=0)
	                    Index Cond: ((id >= 143855) AND (id <= 144854))

table 7 : explain SELECT DISTINCT c FROM sbtest7 WHERE id BETWEEN 3740045 AND 3741044 ORDER BY c
	Unique  (cost=3916.82..3921.82 rows=1001 width=121)
	  ->  Sort  (cost=3916.82..3919.32 rows=1001 width=121)
	        Sort Key: c
	        ->  Bitmap Heap Scan on sbtest7  (cost=22.70..3866.93 rows=1001 width=121)
	              Recheck Cond: ((id >= 3740045) AND (id <= 3741044))
	              ->  Bitmap Index Scan on sbtest7_pkey  (cost=0.00..22.44 rows=1001 width=0)
	                    Index Cond: ((id >= 3740045) AND (id <= 3741044))

table 8 : explain SELECT DISTINCT c FROM sbtest8 WHERE id BETWEEN 2916990 AND 2917989 ORDER BY c
	Unique  (cost=3951.21..3956.26 rows=1010 width=121)
	  ->  Sort  (cost=3951.21..3953.73 rows=1010 width=121)
	        Sort Key: c
	        ->  Bitmap Heap Scan on sbtest8  (cost=22.79..3900.81 rows=1010 width=121)
	              Recheck Cond: ((id >= 2916990) AND (id <= 2917989))
	              ->  Bitmap Index Scan on sbtest8_pkey  (cost=0.00..22.54 rows=1010 width=0)
	                    Index Cond: ((id >= 2916990) AND (id <= 2917989))

for point_selects
table 1 : explain SELECT c FROM sbtest1 WHERE id=9462082
	Index Scan using sbtest1_pkey on sbtest1  (cost=0.43..8.45 rows=1 width=121)
	  Index Cond: (id = 9462082)

table 2 : explain SELECT c FROM sbtest2 WHERE id=2011726
	Index Scan using sbtest2_pkey on sbtest2  (cost=0.43..8.45 rows=1 width=121)
	  Index Cond: (id = 2011726)

table 3 : explain SELECT c FROM sbtest3 WHERE id=8123584
	Index Scan using sbtest3_pkey on sbtest3  (cost=0.43..8.45 rows=1 width=121)
	  Index Cond: (id = 8123584)

table 4 : explain SELECT c FROM sbtest4 WHERE id=3723726
	Index Scan using sbtest4_pkey on sbtest4  (cost=0.43..8.45 rows=1 width=121)
	  Index Cond: (id = 3723726)

table 5 : explain SELECT c FROM sbtest5 WHERE id=7361828
	Index Scan using sbtest5_pkey on sbtest5  (cost=0.43..8.45 rows=1 width=121)
	  Index Cond: (id = 7361828)

table 6 : explain SELECT c FROM sbtest6 WHERE id=3961378
	Index Scan using sbtest6_pkey on sbtest6  (cost=0.43..8.45 rows=1 width=121)
	  Index Cond: (id = 3961378)

table 7 : explain SELECT c FROM sbtest7 WHERE id=2934914
	Index Scan using sbtest7_pkey on sbtest7  (cost=0.43..8.45 rows=1 width=121)
	  Index Cond: (id = 2934914)

table 8 : explain SELECT c FROM sbtest8 WHERE id=1411773
	Index Scan using sbtest8_pkey on sbtest8  (cost=0.43..8.45 rows=1 width=121)
	  Index Cond: (id = 1411773)

for: distinct_ranges
table 1 : explain SELECT DISTINCT c FROM sbtest1 WHERE id BETWEEN 187180 AND 188179 ORDER BY c
	Unique  (cost=4066.05..4071.26 rows=1041 width=121)
	  ->  Sort  (cost=4066.05..4068.65 rows=1041 width=121)
	        Sort Key: c
	        ->  Bitmap Heap Scan on sbtest1  (cost=23.11..4013.88 rows=1041 width=121)
	              Recheck Cond: ((id >= 187180) AND (id <= 188179))
	              ->  Bitmap Index Scan on sbtest1_pkey  (cost=0.00..22.84 rows=1041 width=0)
	                    Index Cond: ((id >= 187180) AND (id <= 188179))

table 2 : explain SELECT DISTINCT c FROM sbtest2 WHERE id BETWEEN 1526420 AND 1527419 ORDER BY c
	Unique  (cost=4414.52..4420.18 rows=1132 width=121)
	  ->  Sort  (cost=4414.52..4417.35 rows=1132 width=121)
	        Sort Key: c
	        ->  Bitmap Heap Scan on sbtest2  (cost=28.04..4357.10 rows=1132 width=121)
	              Recheck Cond: ((id >= 1526420) AND (id <= 1527419))
	              ->  Bitmap Index Scan on sbtest2_pkey  (cost=0.00..27.75 rows=1132 width=0)
	                    Index Cond: ((id >= 1526420) AND (id <= 1527419))

table 3 : explain SELECT DISTINCT c FROM sbtest3 WHERE id BETWEEN 5510575 AND 5511574 ORDER BY c
	Unique  (cost=3593.03..3597.61 rows=917 width=121)
	  ->  Sort  (cost=3593.03..3595.32 rows=917 width=121)
	        Sort Key: c
	        ->  Bitmap Heap Scan on sbtest3  (cost=21.83..3547.91 rows=917 width=121)
	              Recheck Cond: ((id >= 5510575) AND (id <= 5511574))
	              ->  Bitmap Index Scan on sbtest3_pkey  (cost=0.00..21.61 rows=917 width=0)
	                    Index Cond: ((id >= 5510575) AND (id <= 5511574))

table 4 : explain SELECT DISTINCT c FROM sbtest4 WHERE id BETWEEN 4173996 AND 4174995 ORDER BY c
	Unique  (cost=3781.78..3786.61 rows=966 width=121)
	  ->  Sort  (cost=3781.78..3784.19 rows=966 width=121)
	        Sort Key: c
	        ->  Bitmap Heap Scan on sbtest4  (cost=22.34..3733.89 rows=966 width=121)
	              Recheck Cond: ((id >= 4173996) AND (id <= 4174995))
	              ->  Bitmap Index Scan on sbtest4_pkey  (cost=0.00..22.09 rows=966 width=0)
	                    Index Cond: ((id >= 4173996) AND (id <= 4174995))

table 5 : explain SELECT DISTINCT c FROM sbtest5 WHERE id BETWEEN 8887402 AND 8888401 ORDER BY c
	Unique  (cost=3762.66..3767.46 rows=961 width=121)
	  ->  Sort  (cost=3762.66..3765.06 rows=961 width=121)
	        Sort Key: c
	        ->  Bitmap Heap Scan on sbtest5  (cost=22.29..3715.05 rows=961 width=121)
	              Recheck Cond: ((id >= 8887402) AND (id <= 8888401))
	              ->  Bitmap Index Scan on sbtest5_pkey  (cost=0.00..22.04 rows=961 width=0)
	                    Index Cond: ((id >= 8887402) AND (id <= 8888401))

table 6 : explain SELECT DISTINCT c FROM sbtest6 WHERE id BETWEEN 8018854 AND 8019853 ORDER BY c
	Unique  (cost=3551.91..3556.44 rows=906 width=121)
	  ->  Sort  (cost=3551.91..3554.18 rows=906 width=121)
	        Sort Key: c
	        ->  Bitmap Heap Scan on sbtest6  (cost=21.72..3507.41 rows=906 width=121)
	              Recheck Cond: ((id >= 8018854) AND (id <= 8019853))
	              ->  Bitmap Index Scan on sbtest6_pkey  (cost=0.00..21.50 rows=906 width=0)
	                    Index Cond: ((id >= 8018854) AND (id <= 8019853))

table 7 : explain SELECT DISTINCT c FROM sbtest7 WHERE id BETWEEN 1823898 AND 1824897 ORDER BY c
	Unique  (cost=3782.83..3787.66 rows=966 width=121)
	  ->  Sort  (cost=3782.83..3785.24 rows=966 width=121)
	        Sort Key: c
	        ->  Bitmap Heap Scan on sbtest7  (cost=22.34..3734.93 rows=966 width=121)
	              Recheck Cond: ((id >= 1823898) AND (id <= 1824897))
	              ->  Bitmap Index Scan on sbtest7_pkey  (cost=0.00..22.09 rows=966 width=0)
	                    Index Cond: ((id >= 1823898) AND (id <= 1824897))

table 8 : explain SELECT DISTINCT c FROM sbtest8 WHERE id BETWEEN 6619057 AND 6620056 ORDER BY c
	Unique  (cost=4298.98..4304.48 rows=1100 width=121)
	  ->  Sort  (cost=4298.98..4301.73 rows=1100 width=121)
	        Sort Key: c
	        ->  Bitmap Heap Scan on sbtest8  (cost=27.71..4243.41 rows=1100 width=121)
	              Recheck Cond: ((id >= 6619057) AND (id <= 6620056))
	              ->  Bitmap Index Scan on sbtest8_pkey  (cost=0.00..27.43 rows=1100 width=0)
	                    Index Cond: ((id >= 6619057) AND (id <= 6620056))

for: distinct_ranges
table 1 : explain SELECT DISTINCT c FROM sbtest1 WHERE id BETWEEN 4809616 AND 4810615 ORDER BY c
	Unique  (cost=4027.88..4033.04 rows=1031 width=121)
	  ->  Sort  (cost=4027.88..4030.46 rows=1031 width=121)
	        Sort Key: c
	        ->  Bitmap Heap Scan on sbtest1  (cost=23.00..3976.28 rows=1031 width=121)
	              Recheck Cond: ((id >= 4809616) AND (id <= 4810615))
	              ->  Bitmap Index Scan on sbtest1_pkey  (cost=0.00..22.75 rows=1031 width=0)
	                    Index Cond: ((id >= 4809616) AND (id <= 4810615))

table 2 : explain SELECT DISTINCT c FROM sbtest2 WHERE id BETWEEN 6258480 AND 6259479 ORDER BY c
	Unique  (cost=4032.95..4038.11 rows=1032 width=121)
	  ->  Sort  (cost=4032.95..4035.53 rows=1032 width=121)
	        Sort Key: c
	        ->  Bitmap Heap Scan on sbtest2  (cost=23.01..3981.29 rows=1032 width=121)
	              Recheck Cond: ((id >= 6258480) AND (id <= 6259479))
	              ->  Bitmap Index Scan on sbtest2_pkey  (cost=0.00..22.75 rows=1032 width=0)
	                    Index Cond: ((id >= 6258480) AND (id <= 6259479))

table 3 : explain SELECT DISTINCT c FROM sbtest3 WHERE id BETWEEN 6736867 AND 6737866 ORDER BY c
	Unique  (cost=3723.28..3728.04 rows=951 width=121)
	  ->  Sort  (cost=3723.28..3725.66 rows=951 width=121)
	        Sort Key: c
	        ->  Bitmap Heap Scan on sbtest3  (cost=22.18..3676.24 rows=951 width=121)
	              Recheck Cond: ((id >= 6736867) AND (id <= 6737866))
	              ->  Bitmap Index Scan on sbtest3_pkey  (cost=0.00..21.94 rows=951 width=0)
	                    Index Cond: ((id >= 6736867) AND (id <= 6737866))

table 4 : explain SELECT DISTINCT c FROM sbtest4 WHERE id BETWEEN 2590426 AND 2591425 ORDER BY c
	Unique  (cost=3996.00..4001.11 rows=1022 width=121)
	  ->  Sort  (cost=3996.00..3998.55 rows=1022 width=121)
	        Sort Key: c
	        ->  Bitmap Heap Scan on sbtest4  (cost=22.91..3944.91 rows=1022 width=121)
	              Recheck Cond: ((id >= 2590426) AND (id <= 2591425))
	              ->  Bitmap Index Scan on sbtest4_pkey  (cost=0.00..22.65 rows=1022 width=0)
	                    Index Cond: ((id >= 2590426) AND (id <= 2591425))

table 5 : explain SELECT DISTINCT c FROM sbtest5 WHERE id BETWEEN 7762248 AND 7763247 ORDER BY c
	Unique  (cost=4221.31..4226.72 rows=1081 width=121)
	  ->  Sort  (cost=4221.31..4224.01 rows=1081 width=121)
	        Sort Key: c
	        ->  Bitmap Heap Scan on sbtest5  (cost=23.52..4166.84 rows=1081 width=121)
	              Recheck Cond: ((id >= 7762248) AND (id <= 7763247))
	              ->  Bitmap Index Scan on sbtest5_pkey  (cost=0.00..23.25 rows=1081 width=0)
	                    Index Cond: ((id >= 7762248) AND (id <= 7763247))

table 6 : explain SELECT DISTINCT c FROM sbtest6 WHERE id BETWEEN 4900629 AND 4901628 ORDER BY c
	Unique  (cost=3628.61..3633.24 rows=926 width=121)
	  ->  Sort  (cost=3628.61..3630.93 rows=926 width=121)
	        Sort Key: c
	        ->  Bitmap Heap Scan on sbtest6  (cost=21.93..3582.99 rows=926 width=121)
	              Recheck Cond: ((id >= 4900629) AND (id <= 4901628))
	              ->  Bitmap Index Scan on sbtest6_pkey  (cost=0.00..21.69 rows=926 width=0)
	                    Index Cond: ((id >= 4900629) AND (id <= 4901628))

table 7 : explain SELECT DISTINCT c FROM sbtest7 WHERE id BETWEEN 2780469 AND 2781468 ORDER BY c
	Unique  (cost=3664.03..3668.70 rows=935 width=121)
	  ->  Sort  (cost=3664.03..3666.36 rows=935 width=121)
	        Sort Key: c
	        ->  Bitmap Heap Scan on sbtest7  (cost=22.02..3617.89 rows=935 width=121)
	              Recheck Cond: ((id >= 2780469) AND (id <= 2781468))
	              ->  Bitmap Index Scan on sbtest7_pkey  (cost=0.00..21.79 rows=935 width=0)
	                    Index Cond: ((id >= 2780469) AND (id <= 2781468))

table 8 : explain SELECT DISTINCT c FROM sbtest8 WHERE id BETWEEN 6421932 AND 6422931 ORDER BY c
	Unique  (cost=3817.26..3822.14 rows=975 width=121)
	  ->  Sort  (cost=3817.26..3819.70 rows=975 width=121)
	        Sort Key: c
	        ->  Bitmap Heap Scan on sbtest8  (cost=22.43..3768.86 rows=975 width=121)
	              Recheck Cond: ((id >= 6421932) AND (id <= 6422931))
	              ->  Bitmap Index Scan on sbtest8_pkey  (cost=0.00..22.18 rows=975 width=0)
	                    Index Cond: ((id >= 6421932) AND (id <= 6422931))

explain: for point_selects :: explain SELECT c FROM sbtest%u WHERE id=%u
for: order_ranges
table 1 : explain SELECT c FROM sbtest1 WHERE id BETWEEN 3396424 AND 3397423 ORDER BY c
	Sort  (cost=3702.98..3705.34 rows=946 width=121)
	  Sort Key: c
	  ->  Bitmap Heap Scan on sbtest1  (cost=22.13..3656.22 rows=946 width=121)
	        Recheck Cond: ((id >= 3396424) AND (id <= 3397423))
	        ->  Bitmap Index Scan on sbtest1_pkey  (cost=0.00..21.89 rows=946 width=0)
	              Index Cond: ((id >= 3396424) AND (id <= 3397423))

table 2 : explain SELECT c FROM sbtest2 WHERE id BETWEEN 6851537 AND 6852536 ORDER BY c
	Sort  (cost=3654.28..3656.61 rows=933 width=121)
	  Sort Key: c
	  ->  Bitmap Heap Scan on sbtest2  (cost=22.00..3608.26 rows=933 width=121)
	        Recheck Cond: ((id >= 6851537) AND (id <= 6852536))
	        ->  Bitmap Index Scan on sbtest2_pkey  (cost=0.00..21.76 rows=933 width=0)
	              Index Cond: ((id >= 6851537) AND (id <= 6852536))

table 3 : explain SELECT c FROM sbtest3 WHERE id BETWEEN 952751 AND 953750 ORDER BY c
	Sort  (cost=3815.14..3817.58 rows=975 width=121)
	  Sort Key: c
	  ->  Bitmap Heap Scan on sbtest3  (cost=22.43..3766.74 rows=975 width=121)
	        Recheck Cond: ((id >= 952751) AND (id <= 953750))
	        ->  Bitmap Index Scan on sbtest3_pkey  (cost=0.00..22.18 rows=975 width=0)
	              Index Cond: ((id >= 952751) AND (id <= 953750))

table 4 : explain SELECT c FROM sbtest4 WHERE id BETWEEN 1377135 AND 1378134 ORDER BY c
	Sort  (cost=3666.86..3669.20 rows=936 width=121)
	  Sort Key: c
	  ->  Bitmap Heap Scan on sbtest4  (cost=22.03..3620.67 rows=936 width=121)
	        Recheck Cond: ((id >= 1377135) AND (id <= 1378134))
	        ->  Bitmap Index Scan on sbtest4_pkey  (cost=0.00..21.79 rows=936 width=0)
	              Index Cond: ((id >= 1377135) AND (id <= 1378134))

table 5 : explain SELECT c FROM sbtest5 WHERE id BETWEEN 4672439 AND 4673438 ORDER BY c
	Sort  (cost=4316.84..4319.60 rows=1105 width=121)
	  Sort Key: c
	  ->  Bitmap Heap Scan on sbtest5  (cost=27.76..4260.98 rows=1105 width=121)
	        Recheck Cond: ((id >= 4672439) AND (id <= 4673438))
	        ->  Bitmap Index Scan on sbtest5_pkey  (cost=0.00..27.48 rows=1105 width=0)
	              Index Cond: ((id >= 4672439) AND (id <= 4673438))

table 6 : explain SELECT c FROM sbtest6 WHERE id BETWEEN 5844640 AND 5845639 ORDER BY c
	Sort  (cost=4118.34..4120.98 rows=1054 width=121)
	  Sort Key: c
	  ->  Bitmap Heap Scan on sbtest6  (cost=23.24..4065.42 rows=1054 width=121)
	        Recheck Cond: ((id >= 5844640) AND (id <= 5845639))
	        ->  Bitmap Index Scan on sbtest6_pkey  (cost=0.00..22.97 rows=1054 width=0)
	              Index Cond: ((id >= 5844640) AND (id <= 5845639))

table 7 : explain SELECT c FROM sbtest7 WHERE id BETWEEN 2201941 AND 2202940 ORDER BY c
	Sort  (cost=3955.07..3957.60 rows=1011 width=121)
	  Sort Key: c
	  ->  Bitmap Heap Scan on sbtest7  (cost=22.80..3904.61 rows=1011 width=121)
	        Recheck Cond: ((id >= 2201941) AND (id <= 2202940))
	        ->  Bitmap Index Scan on sbtest7_pkey  (cost=0.00..22.54 rows=1011 width=0)
	              Index Cond: ((id >= 2201941) AND (id <= 2202940))

table 8 : explain SELECT c FROM sbtest8 WHERE id BETWEEN 527387 AND 528386 ORDER BY c
	Sort  (cost=3732.99..3735.37 rows=953 width=121)
	  Sort Key: c
	  ->  Bitmap Heap Scan on sbtest8  (cost=22.20..3685.83 rows=953 width=121)
	        Recheck Cond: ((id >= 527387) AND (id <= 528386))
	        ->  Bitmap Index Scan on sbtest8_pkey  (cost=0.00..21.96 rows=953 width=0)
	              Index Cond: ((id >= 527387) AND (id <= 528386))

for: order_ranges
table 1 : explain SELECT c FROM sbtest1 WHERE id BETWEEN 865752 AND 866751 ORDER BY c
	Sort  (cost=4085.13..4087.74 rows=1046 width=121)
	  Sort Key: c
	  ->  Bitmap Heap Scan on sbtest1  (cost=23.16..4032.67 rows=1046 width=121)
	        Recheck Cond: ((id >= 865752) AND (id <= 866751))
	        ->  Bitmap Index Scan on sbtest1_pkey  (cost=0.00..22.89 rows=1046 width=0)
	              Index Cond: ((id >= 865752) AND (id <= 866751))

table 2 : explain SELECT c FROM sbtest2 WHERE id BETWEEN 9775673 AND 9776672 ORDER BY c
	Sort  (cost=3608.30..3610.60 rows=921 width=121)
	  Sort Key: c
	  ->  Bitmap Heap Scan on sbtest2  (cost=21.88..3562.95 rows=921 width=121)
	        Recheck Cond: ((id >= 9775673) AND (id <= 9776672))
	        ->  Bitmap Index Scan on sbtest2_pkey  (cost=0.00..21.64 rows=921 width=0)
	              Index Cond: ((id >= 9775673) AND (id <= 9776672))

table 3 : explain SELECT c FROM sbtest3 WHERE id BETWEEN 2489291 AND 2490290 ORDER BY c
	Sort  (cost=4197.13..4199.82 rows=1075 width=121)
	  Sort Key: c
	  ->  Bitmap Heap Scan on sbtest3  (cost=23.45..4143.00 rows=1075 width=121)
	        Recheck Cond: ((id >= 2489291) AND (id <= 2490290))
	        ->  Bitmap Index Scan on sbtest3_pkey  (cost=0.00..23.18 rows=1075 width=0)
	              Index Cond: ((id >= 2489291) AND (id <= 2490290))

table 4 : explain SELECT c FROM sbtest4 WHERE id BETWEEN 2742630 AND 2743629 ORDER BY c
	Sort  (cost=4286.31..4289.05 rows=1097 width=121)
	  Sort Key: c
	  ->  Bitmap Heap Scan on sbtest4  (cost=27.68..4230.91 rows=1097 width=121)
	        Recheck Cond: ((id >= 2742630) AND (id <= 2743629))
	        ->  Bitmap Index Scan on sbtest4_pkey  (cost=0.00..27.40 rows=1097 width=0)
	              Index Cond: ((id >= 2742630) AND (id <= 2743629))

table 5 : explain SELECT c FROM sbtest5 WHERE id BETWEEN 7716815 AND 7717814 ORDER BY c
	Sort  (cost=4221.31..4224.01 rows=1081 width=121)
	  Sort Key: c
	  ->  Bitmap Heap Scan on sbtest5  (cost=23.52..4166.84 rows=1081 width=121)
	        Recheck Cond: ((id >= 7716815) AND (id <= 7717814))
	        ->  Bitmap Index Scan on sbtest5_pkey  (cost=0.00..23.25 rows=1081 width=0)
	              Index Cond: ((id >= 7716815) AND (id <= 7717814))

table 6 : explain SELECT c FROM sbtest6 WHERE id BETWEEN 7864484 AND 7865483 ORDER BY c
	Sort  (cost=3839.29..3841.74 rows=981 width=121)
	  Sort Key: c
	  ->  Bitmap Heap Scan on sbtest6  (cost=22.49..3790.54 rows=981 width=121)
	        Recheck Cond: ((id >= 7864484) AND (id <= 7865483))
	        ->  Bitmap Index Scan on sbtest6_pkey  (cost=0.00..22.25 rows=981 width=0)
	              Index Cond: ((id >= 7864484) AND (id <= 7865483))

table 7 : explain SELECT c FROM sbtest7 WHERE id BETWEEN 7077701 AND 7078700 ORDER BY c
	Sort  (cost=3736.85..3739.24 rows=954 width=121)
	  Sort Key: c
	  ->  Bitmap Heap Scan on sbtest7  (cost=22.21..3689.64 rows=954 width=121)
	        Recheck Cond: ((id >= 7077701) AND (id <= 7078700))
	        ->  Bitmap Index Scan on sbtest7_pkey  (cost=0.00..21.97 rows=954 width=0)
	              Index Cond: ((id >= 7077701) AND (id <= 7078700))

table 8 : explain SELECT c FROM sbtest8 WHERE id BETWEEN 1968214 AND 1969213 ORDER BY c
	Sort  (cost=4413.44..4416.27 rows=1131 width=121)
	  Sort Key: c
	  ->  Bitmap Heap Scan on sbtest8  (cost=28.03..4356.08 rows=1131 width=121)
	        Recheck Cond: ((id >= 1968214) AND (id <= 1969213))
	        ->  Bitmap Index Scan on sbtest8_pkey  (cost=0.00..27.75 rows=1131 width=0)
	              Index Cond: ((id >= 1968214) AND (id <= 1969213))

explain: for point_selects :: explain SELECT c FROM sbtest%u WHERE id=%u
explain: for point_selects :: explain SELECT c FROM sbtest%u WHERE id=%u
for point_selects
table 1 : explain SELECT c FROM sbtest1 WHERE id=3012498
	Index Scan using sbtest1_pkey on sbtest1  (cost=0.43..8.45 rows=1 width=121)
	  Index Cond: (id = 3012498)

table 2 : explain SELECT c FROM sbtest2 WHERE id=6335614
	Index Scan using sbtest2_pkey on sbtest2  (cost=0.43..8.45 rows=1 width=121)
	  Index Cond: (id = 6335614)

table 3 : explain SELECT c FROM sbtest3 WHERE id=2992584
	Index Scan using sbtest3_pkey on sbtest3  (cost=0.43..8.45 rows=1 width=121)
	  Index Cond: (id = 2992584)

table 4 : explain SELECT c FROM sbtest4 WHERE id=1554060
	Index Scan using sbtest4_pkey on sbtest4  (cost=0.43..8.45 rows=1 width=121)
	  Index Cond: (id = 1554060)

table 5 : explain SELECT c FROM sbtest5 WHERE id=6870004
	Index Scan using sbtest5_pkey on sbtest5  (cost=0.43..8.45 rows=1 width=121)
	  Index Cond: (id = 6870004)

table 6 : explain SELECT c FROM sbtest6 WHERE id=1040438
	Index Scan using sbtest6_pkey on sbtest6  (cost=0.43..8.45 rows=1 width=121)
	  Index Cond: (id = 1040438)

table 7 : explain SELECT c FROM sbtest7 WHERE id=1683683
	Index Scan using sbtest7_pkey on sbtest7  (cost=0.43..8.45 rows=1 width=121)
	  Index Cond: (id = 1683683)

table 8 : explain SELECT c FROM sbtest8 WHERE id=81014
	Index Scan using sbtest8_pkey on sbtest8  (cost=0.43..8.45 rows=1 width=121)
	  Index Cond: (id = 81014)

for: simple_ranges
table 1 : explain SELECT c FROM sbtest1 WHERE id BETWEEN 4586518 AND 4587517
	Bitmap Heap Scan on sbtest1  (cost=27.72..4239.44 rows=1101 width=121)
	  Recheck Cond: ((id >= 4586518) AND (id <= 4587517))
	  ->  Bitmap Index Scan on sbtest1_pkey  (cost=0.00..27.44 rows=1101 width=0)
	        Index Cond: ((id >= 4586518) AND (id <= 4587517))

table 2 : explain SELECT c FROM sbtest2 WHERE id BETWEEN 9250285 AND 9251284
	Bitmap Heap Scan on sbtest2  (cost=22.17..3672.40 rows=950 width=121)
	  Recheck Cond: ((id >= 9250285) AND (id <= 9251284))
	  ->  Bitmap Index Scan on sbtest2_pkey  (cost=0.00..21.93 rows=950 width=0)
	        Index Cond: ((id >= 9250285) AND (id <= 9251284))

table 3 : explain SELECT c FROM sbtest3 WHERE id BETWEEN 4643701 AND 4644700
	Bitmap Heap Scan on sbtest3  (cost=22.17..3672.47 rows=950 width=121)
	  Recheck Cond: ((id >= 4643701) AND (id <= 4644700))
	  ->  Bitmap Index Scan on sbtest3_pkey  (cost=0.00..21.93 rows=950 width=0)
	        Index Cond: ((id >= 4643701) AND (id <= 4644700))

table 4 : explain SELECT c FROM sbtest4 WHERE id BETWEEN 7538323 AND 7539322
	Bitmap Heap Scan on sbtest4  (cost=22.11..3650.87 rows=944 width=121)
	  Recheck Cond: ((id >= 7538323) AND (id <= 7539322))
	  ->  Bitmap Index Scan on sbtest4_pkey  (cost=0.00..21.87 rows=944 width=0)
	        Index Cond: ((id >= 7538323) AND (id <= 7539322))

table 5 : explain SELECT c FROM sbtest5 WHERE id BETWEEN 6491847 AND 6492846
	Bitmap Heap Scan on sbtest5  (cost=21.98..3601.81 rows=931 width=121)
	  Recheck Cond: ((id >= 6491847) AND (id <= 6492846))
	  ->  Bitmap Index Scan on sbtest5_pkey  (cost=0.00..21.75 rows=931 width=0)
	        Index Cond: ((id >= 6491847) AND (id <= 6492846))

table 6 : explain SELECT c FROM sbtest6 WHERE id BETWEEN 3530657 AND 3531656
	Bitmap Heap Scan on sbtest6  (cost=28.13..4392.42 rows=1141 width=121)
	  Recheck Cond: ((id >= 3530657) AND (id <= 3531656))
	  ->  Bitmap Index Scan on sbtest6_pkey  (cost=0.00..27.84 rows=1141 width=0)
	        Index Cond: ((id >= 3530657) AND (id <= 3531656))

table 7 : explain SELECT c FROM sbtest7 WHERE id BETWEEN 2781880 AND 2782879
	Bitmap Heap Scan on sbtest7  (cost=22.02..3617.89 rows=935 width=121)
	  Recheck Cond: ((id >= 2781880) AND (id <= 2782879))
	  ->  Bitmap Index Scan on sbtest7_pkey  (cost=0.00..21.79 rows=935 width=0)
	        Index Cond: ((id >= 2781880) AND (id <= 2782879))

table 8 : explain SELECT c FROM sbtest8 WHERE id BETWEEN 6520773 AND 6521772
	Bitmap Heap Scan on sbtest8  (cost=22.25..3704.71 rows=958 width=121)
	  Recheck Cond: ((id >= 6520773) AND (id <= 6521772))
	  ->  Bitmap Index Scan on sbtest8_pkey  (cost=0.00..22.01 rows=958 width=0)
	        Index Cond: ((id >= 6520773) AND (id <= 6521772))

for point_selects
table 1 : explain SELECT c FROM sbtest1 WHERE id=2485073
	Index Scan using sbtest1_pkey on sbtest1  (cost=0.43..8.45 rows=1 width=121)
	  Index Cond: (id = 2485073)

table 2 : explain SELECT c FROM sbtest2 WHERE id=587194
	Index Scan using sbtest2_pkey on sbtest2  (cost=0.43..8.45 rows=1 width=121)
	  Index Cond: (id = 587194)

table 3 : explain SELECT c FROM sbtest3 WHERE id=5561169
	Index Scan using sbtest3_pkey on sbtest3  (cost=0.43..8.45 rows=1 width=121)
	  Index Cond: (id = 5561169)

table 4 : explain SELECT c FROM sbtest4 WHERE id=2467745
	Index Scan using sbtest4_pkey on sbtest4  (cost=0.43..8.45 rows=1 width=121)
	  Index Cond: (id = 2467745)

table 5 : explain SELECT c FROM sbtest5 WHERE id=6037131
	Index Scan using sbtest5_pkey on sbtest5  (cost=0.43..8.45 rows=1 width=121)
	  Index Cond: (id = 6037131)

table 6 : explain SELECT c FROM sbtest6 WHERE id=4107908
	Index Scan using sbtest6_pkey on sbtest6  (cost=0.43..8.45 rows=1 width=121)
	  Index Cond: (id = 4107908)

table 7 : explain SELECT c FROM sbtest7 WHERE id=2615320
	Index Scan using sbtest7_pkey on sbtest7  (cost=0.43..8.45 rows=1 width=121)
	  Index Cond: (id = 2615320)

table 8 : explain SELECT c FROM sbtest8 WHERE id=8408034
	Index Scan using sbtest8_pkey on sbtest8  (cost=0.43..8.45 rows=1 width=121)
	  Index Cond: (id = 8408034)

explain: for point_selects :: explain SELECT c FROM sbtest%u WHERE id=%u
for: simple_ranges
table 1 : explain SELECT c FROM sbtest1 WHERE id BETWEEN 9634349 AND 9635348
	Bitmap Heap Scan on sbtest1  (cost=22.36..3739.15 rows=968 width=121)
	  Recheck Cond: ((id >= 9634349) AND (id <= 9635348))
	  ->  Bitmap Index Scan on sbtest1_pkey  (cost=0.00..22.11 rows=968 width=0)
	        Index Cond: ((id >= 9634349) AND (id <= 9635348))

table 2 : explain SELECT c FROM sbtest2 WHERE id BETWEEN 7952064 AND 7953063
	Bitmap Heap Scan on sbtest2  (cost=22.25..3702.58 rows=958 width=121)
	  Recheck Cond: ((id >= 7952064) AND (id <= 7953063))
	  ->  Bitmap Index Scan on sbtest2_pkey  (cost=0.00..22.01 rows=958 width=0)
	        Index Cond: ((id >= 7952064) AND (id <= 7953063))

table 3 : explain SELECT c FROM sbtest3 WHERE id BETWEEN 9428843 AND 9429842
	Bitmap Heap Scan on sbtest3  (cost=22.35..3736.58 rows=967 width=121)
	  Recheck Cond: ((id >= 9428843) AND (id <= 9429842))
	  ->  Bitmap Index Scan on sbtest3_pkey  (cost=0.00..22.11 rows=967 width=0)
	        Index Cond: ((id >= 9428843) AND (id <= 9429842))

table 4 : explain SELECT c FROM sbtest4 WHERE id BETWEEN 7739672 AND 7740671
	Bitmap Heap Scan on sbtest4  (cost=22.50..3794.22 rows=982 width=121)
	  Recheck Cond: ((id >= 7739672) AND (id <= 7740671))
	  ->  Bitmap Index Scan on sbtest4_pkey  (cost=0.00..22.25 rows=982 width=0)
	        Index Cond: ((id >= 7739672) AND (id <= 7740671))

table 5 : explain SELECT c FROM sbtest5 WHERE id BETWEEN 6785686 AND 6786685
	Bitmap Heap Scan on sbtest5  (cost=22.87..3929.88 rows=1018 width=121)
	  Recheck Cond: ((id >= 6785686) AND (id <= 6786685))
	  ->  Bitmap Index Scan on sbtest5_pkey  (cost=0.00..22.61 rows=1018 width=0)
	        Index Cond: ((id >= 6785686) AND (id <= 6786685))

table 6 : explain SELECT c FROM sbtest6 WHERE id BETWEEN 8838760 AND 8839759
	Bitmap Heap Scan on sbtest6  (cost=23.42..4133.10 rows=1072 width=121)
	  Recheck Cond: ((id >= 8838760) AND (id <= 8839759))
	  ->  Bitmap Index Scan on sbtest6_pkey  (cost=0.00..23.15 rows=1072 width=0)
	        Index Cond: ((id >= 8838760) AND (id <= 8839759))

table 7 : explain SELECT c FROM sbtest7 WHERE id BETWEEN 2453743 AND 2454742
	Bitmap Heap Scan on sbtest7  (cost=22.63..3844.31 rows=995 width=121)
	  Recheck Cond: ((id >= 2453743) AND (id <= 2454742))
	  ->  Bitmap Index Scan on sbtest7_pkey  (cost=0.00..22.39 rows=995 width=0)
	        Index Cond: ((id >= 2453743) AND (id <= 2454742))

table 8 : explain SELECT c FROM sbtest8 WHERE id BETWEEN 2077217 AND 2078216
	Bitmap Heap Scan on sbtest8  (cost=22.70..3866.89 rows=1001 width=121)
	  Recheck Cond: ((id >= 2077217) AND (id <= 2078216))
	  ->  Bitmap Index Scan on sbtest8_pkey  (cost=0.00..22.44 rows=1001 width=0)
	        Index Cond: ((id >= 2077217) AND (id <= 2078216))

for: sum_ranges
table 1 : explain SELECT SUM(k) FROM sbtest1 WHERE id BETWEEN 9025542 AND 9026541
	Aggregate  (cost=3666.13..3666.14 rows=1 width=8)
	  ->  Bitmap Heap Scan on sbtest1  (cost=22.15..3663.76 rows=948 width=4)
	        Recheck Cond: ((id >= 9025542) AND (id <= 9026541))
	        ->  Bitmap Index Scan on sbtest1_pkey  (cost=0.00..21.91 rows=948 width=0)
	              Index Cond: ((id >= 9025542) AND (id <= 9026541))

table 2 : explain SELECT SUM(k) FROM sbtest2 WHERE id BETWEEN 1911738 AND 1912737
	Aggregate  (cost=3799.28..3799.29 rows=1 width=8)
	  ->  Bitmap Heap Scan on sbtest2  (cost=22.51..3796.82 rows=983 width=4)
	        Recheck Cond: ((id >= 1911738) AND (id <= 1912737))
	        ->  Bitmap Index Scan on sbtest2_pkey  (cost=0.00..22.26 rows=983 width=0)
	              Index Cond: ((id >= 1911738) AND (id <= 1912737))

table 3 : explain SELECT SUM(k) FROM sbtest3 WHERE id BETWEEN 42313 AND 43312
	Aggregate  (cost=3772.95..3772.96 rows=1 width=8)
	  ->  Bitmap Heap Scan on sbtest3  (cost=22.44..3770.51 rows=976 width=4)
	        Recheck Cond: ((id >= 42313) AND (id <= 43312))
	        ->  Bitmap Index Scan on sbtest3_pkey  (cost=0.00..22.19 rows=976 width=0)
	              Index Cond: ((id >= 42313) AND (id <= 43312))

table 4 : explain SELECT SUM(k) FROM sbtest4 WHERE id BETWEEN 8067356 AND 8068355
	Aggregate  (cost=3691.00..3691.01 rows=1 width=8)
	  ->  Bitmap Heap Scan on sbtest4  (cost=22.21..3688.61 rows=954 width=4)
	        Recheck Cond: ((id >= 8067356) AND (id <= 8068355))
	        ->  Bitmap Index Scan on sbtest4_pkey  (cost=0.00..21.97 rows=954 width=0)
	              Index Cond: ((id >= 8067356) AND (id <= 8068355))

table 5 : explain SELECT SUM(k) FROM sbtest5 WHERE id BETWEEN 271046 AND 272045
	Aggregate  (cost=3970.09..3970.10 rows=1 width=8)
	  ->  Bitmap Heap Scan on sbtest5  (cost=22.97..3967.52 rows=1028 width=4)
	        Recheck Cond: ((id >= 271046) AND (id <= 272045))
	        ->  Bitmap Index Scan on sbtest5_pkey  (cost=0.00..22.71 rows=1028 width=0)
	              Index Cond: ((id >= 271046) AND (id <= 272045))

table 6 : explain SELECT SUM(k) FROM sbtest6 WHERE id BETWEEN 7450181 AND 7451180
	Aggregate  (cost=3672.20..3672.21 rows=1 width=8)
	  ->  Bitmap Heap Scan on sbtest6  (cost=22.16..3669.83 rows=949 width=4)
	        Recheck Cond: ((id >= 7450181) AND (id <= 7451180))
	        ->  Bitmap Index Scan on sbtest6_pkey  (cost=0.00..21.93 rows=949 width=0)
	              Index Cond: ((id >= 7450181) AND (id <= 7451180))

table 7 : explain SELECT SUM(k) FROM sbtest7 WHERE id BETWEEN 8911110 AND 8912109
	Aggregate  (cost=3718.47..3718.48 rows=1 width=8)
	  ->  Bitmap Heap Scan on sbtest7  (cost=22.29..3716.06 rows=961 width=4)
	        Recheck Cond: ((id >= 8911110) AND (id <= 8912109))
	        ->  Bitmap Index Scan on sbtest7_pkey  (cost=0.00..22.04 rows=961 width=0)
	              Index Cond: ((id >= 8911110) AND (id <= 8912109))

table 8 : explain SELECT SUM(k) FROM sbtest8 WHERE id BETWEEN 3974509 AND 3975508
	Aggregate  (cost=3925.95..3925.96 rows=1 width=8)
	  ->  Bitmap Heap Scan on sbtest8  (cost=22.85..3923.41 rows=1016 width=4)
	        Recheck Cond: ((id >= 3974509) AND (id <= 3975508))
	        ->  Bitmap Index Scan on sbtest8_pkey  (cost=0.00..22.59 rows=1016 width=0)
	              Index Cond: ((id >= 3974509) AND (id <= 3975508))

for point_selects
table 1 : explain SELECT c FROM sbtest1 WHERE id=8500753
	Index Scan using sbtest1_pkey on sbtest1  (cost=0.43..8.45 rows=1 width=121)
	  Index Cond: (id = 8500753)

table 2 : explain SELECT c FROM sbtest2 WHERE id=519429
	Index Scan using sbtest2_pkey on sbtest2  (cost=0.43..8.45 rows=1 width=121)
	  Index Cond: (id = 519429)

table 3 : explain SELECT c FROM sbtest3 WHERE id=1698292
	Index Scan using sbtest3_pkey on sbtest3  (cost=0.43..8.45 rows=1 width=121)
	  Index Cond: (id = 1698292)

table 4 : explain SELECT c FROM sbtest4 WHERE id=9348096
	Index Scan using sbtest4_pkey on sbtest4  (cost=0.43..8.45 rows=1 width=121)
	  Index Cond: (id = 9348096)

table 5 : explain SELECT c FROM sbtest5 WHERE id=9497831
	Index Scan using sbtest5_pkey on sbtest5  (cost=0.43..8.45 rows=1 width=121)
	  Index Cond: (id = 9497831)

table 6 : explain SELECT c FROM sbtest6 WHERE id=9323858
	Index Scan using sbtest6_pkey on sbtest6  (cost=0.43..8.45 rows=1 width=121)
	  Index Cond: (id = 9323858)

table 7 : explain SELECT c FROM sbtest7 WHERE id=9122330
	Index Scan using sbtest7_pkey on sbtest7  (cost=0.43..8.45 rows=1 width=121)
	  Index Cond: (id = 9122330)

table 8 : explain SELECT c FROM sbtest8 WHERE id=7847484
	Index Scan using sbtest8_pkey on sbtest8  (cost=0.43..8.45 rows=1 width=121)
	  Index Cond: (id = 7847484)

for: simple_ranges
table 1 : explain SELECT c FROM sbtest1 WHERE id BETWEEN 9651185 AND 9652184
	Bitmap Heap Scan on sbtest1  (cost=22.36..3739.15 rows=968 width=121)
	  Recheck Cond: ((id >= 9651185) AND (id <= 9652184))
	  ->  Bitmap Index Scan on sbtest1_pkey  (cost=0.00..22.11 rows=968 width=0)
	        Index Cond: ((id >= 9651185) AND (id <= 9652184))

table 2 : explain SELECT c FROM sbtest2 WHERE id BETWEEN 394379 AND 395378
	Bitmap Heap Scan on sbtest2  (cost=22.59..3826.96 rows=991 width=121)
	  Recheck Cond: ((id >= 394379) AND (id <= 395378))
	  ->  Bitmap Index Scan on sbtest2_pkey  (cost=0.00..22.34 rows=991 width=0)
	        Index Cond: ((id >= 394379) AND (id <= 395378))

table 3 : explain SELECT c FROM sbtest3 WHERE id BETWEEN 5585853 AND 5586852
	Bitmap Heap Scan on sbtest3  (cost=21.83..3547.91 rows=917 width=121)
	  Recheck Cond: ((id >= 5585853) AND (id <= 5586852))
	  ->  Bitmap Index Scan on sbtest3_pkey  (cost=0.00..21.61 rows=917 width=0)
	        Index Cond: ((id >= 5585853) AND (id <= 5586852))

table 4 : explain SELECT c FROM sbtest4 WHERE id BETWEEN 8011878 AND 8012877
	Bitmap Heap Scan on sbtest4  (cost=22.53..3805.53 rows=985 width=121)
	  Recheck Cond: ((id >= 8011878) AND (id <= 8012877))
	  ->  Bitmap Index Scan on sbtest4_pkey  (cost=0.00..22.29 rows=985 width=0)
	        Index Cond: ((id >= 8011878) AND (id <= 8012877))

table 5 : explain SELECT c FROM sbtest5 WHERE id BETWEEN 3527816 AND 3528815
	Bitmap Heap Scan on sbtest5  (cost=21.79..3533.81 rows=913 width=121)
	  Recheck Cond: ((id >= 3527816) AND (id <= 3528815))
	  ->  Bitmap Index Scan on sbtest5_pkey  (cost=0.00..21.57 rows=913 width=0)
	        Index Cond: ((id >= 3527816) AND (id <= 3528815))

table 6 : explain SELECT c FROM sbtest6 WHERE id BETWEEN 2771228 AND 2772227
	Bitmap Heap Scan on sbtest6  (cost=23.06..4001.47 rows=1037 width=121)
	  Recheck Cond: ((id >= 2771228) AND (id <= 2772227))
	  ->  Bitmap Index Scan on sbtest6_pkey  (cost=0.00..22.80 rows=1037 width=0)
	        Index Cond: ((id >= 2771228) AND (id <= 2772227))

table 7 : explain SELECT c FROM sbtest7 WHERE id BETWEEN 7541345 AND 7542344
	Bitmap Heap Scan on sbtest7  (cost=22.88..3934.75 rows=1019 width=121)
	  Recheck Cond: ((id >= 7541345) AND (id <= 7542344))
	  ->  Bitmap Index Scan on sbtest7_pkey  (cost=0.00..22.62 rows=1019 width=0)
	        Index Cond: ((id >= 7541345) AND (id <= 7542344))

table 8 : explain SELECT c FROM sbtest8 WHERE id BETWEEN 8607507 AND 8608506
	Bitmap Heap Scan on sbtest8  (cost=22.10..3648.07 rows=943 width=121)
	  Recheck Cond: ((id >= 8607507) AND (id <= 8608506))
	  ->  Bitmap Index Scan on sbtest8_pkey  (cost=0.00..21.86 rows=943 width=0)
	        Index Cond: ((id >= 8607507) AND (id <= 8608506))

for: distinct_ranges
table 1 : explain SELECT DISTINCT c FROM sbtest1 WHERE id BETWEEN 1341724 AND 1342723 ORDER BY c
	Unique  (cost=3813.93..3818.80 rows=975 width=121)
	  ->  Sort  (cost=3813.93..3816.37 rows=975 width=121)
	        Sort Key: c
	        ->  Bitmap Heap Scan on sbtest1  (cost=22.43..3765.52 rows=975 width=121)
	              Recheck Cond: ((id >= 1341724) AND (id <= 1342723))
	              ->  Bitmap Index Scan on sbtest1_pkey  (cost=0.00..22.18 rows=975 width=0)
	                    Index Cond: ((id >= 1341724) AND (id <= 1342723))

table 2 : explain SELECT DISTINCT c FROM sbtest2 WHERE id BETWEEN 3337826 AND 3338825 ORDER BY c
	Unique  (cost=3860.98..3865.91 rows=987 width=121)
	  ->  Sort  (cost=3860.98..3863.45 rows=987 width=121)
	        Sort Key: c
	        ->  Bitmap Heap Scan on sbtest2  (cost=22.55..3811.89 rows=987 width=121)
	              Recheck Cond: ((id >= 3337826) AND (id <= 3338825))
	              ->  Bitmap Index Scan on sbtest2_pkey  (cost=0.00..22.30 rows=987 width=0)
	                    Index Cond: ((id >= 3337826) AND (id <= 3338825))

table 3 : explain SELECT DISTINCT c FROM sbtest3 WHERE id BETWEEN 5427037 AND 5428036 ORDER BY c
	Unique  (cost=3807.49..3812.36 rows=973 width=121)
	  ->  Sort  (cost=3807.49..3809.92 rows=973 width=121)
	        Sort Key: c
	        ->  Bitmap Heap Scan on sbtest3  (cost=22.41..3759.20 rows=973 width=121)
	              Recheck Cond: ((id >= 5427037) AND (id <= 5428036))
	              ->  Bitmap Index Scan on sbtest3_pkey  (cost=0.00..22.16 rows=973 width=0)
	                    Index Cond: ((id >= 5427037) AND (id <= 5428036))

table 4 : explain SELECT DISTINCT c FROM sbtest4 WHERE id BETWEEN 5344938 AND 5345937 ORDER BY c
	Unique  (cost=3758.80..3763.60 rows=960 width=121)
	  ->  Sort  (cost=3758.80..3761.20 rows=960 width=121)
	        Sort Key: c
	        ->  Bitmap Heap Scan on sbtest4  (cost=22.27..3711.25 rows=960 width=121)
	              Recheck Cond: ((id >= 5344938) AND (id <= 5345937))
	              ->  Bitmap Index Scan on sbtest4_pkey  (cost=0.00..22.04 rows=960 width=0)
	                    Index Cond: ((id >= 5344938) AND (id <= 5345937))

table 5 : explain SELECT DISTINCT c FROM sbtest5 WHERE id BETWEEN 2633518 AND 2634517 ORDER BY c
	Unique  (cost=3797.12..3801.97 rows=970 width=121)
	  ->  Sort  (cost=3797.12..3799.54 rows=970 width=121)
	        Sort Key: c
	        ->  Bitmap Heap Scan on sbtest5  (cost=22.38..3749.00 rows=970 width=121)
	              Recheck Cond: ((id >= 2633518) AND (id <= 2634517))
	              ->  Bitmap Index Scan on sbtest5_pkey  (cost=0.00..22.14 rows=970 width=0)
	                    Index Cond: ((id >= 2633518) AND (id <= 2634517))

table 6 : explain SELECT DISTINCT c FROM sbtest6 WHERE id BETWEEN 3500324 AND 3501323 ORDER BY c
	Unique  (cost=4450.36..4456.07 rows=1141 width=121)
	  ->  Sort  (cost=4450.36..4453.21 rows=1141 width=121)
	        Sort Key: c
	        ->  Bitmap Heap Scan on sbtest6  (cost=28.13..4392.42 rows=1141 width=121)
	              Recheck Cond: ((id >= 3500324) AND (id <= 3501323))
	              ->  Bitmap Index Scan on sbtest6_pkey  (cost=0.00..27.84 rows=1141 width=0)
	                    Index Cond: ((id >= 3500324) AND (id <= 3501323))

table 7 : explain SELECT DISTINCT c FROM sbtest7 WHERE id BETWEEN 4593411 AND 4594410 ORDER BY c
	Unique  (cost=4226.52..4231.93 rows=1081 width=121)
	  ->  Sort  (cost=4226.52..4229.23 rows=1081 width=121)
	        Sort Key: c
	        ->  Bitmap Heap Scan on sbtest7  (cost=27.52..4172.05 rows=1081 width=121)
	              Recheck Cond: ((id >= 4593411) AND (id <= 4594410))
	              ->  Bitmap Index Scan on sbtest7_pkey  (cost=0.00..27.25 rows=1081 width=0)
	                    Index Cond: ((id >= 4593411) AND (id <= 4594410))

table 8 : explain SELECT DISTINCT c FROM sbtest8 WHERE id BETWEEN 3384945 AND 3385944 ORDER BY c
	Unique  (cost=3966.51..3971.58 rows=1014 width=121)
	  ->  Sort  (cost=3966.51..3969.04 rows=1014 width=121)
	        Sort Key: c
	        ->  Bitmap Heap Scan on sbtest8  (cost=22.83..3915.88 rows=1014 width=121)
	              Recheck Cond: ((id >= 3384945) AND (id <= 3385944))
	              ->  Bitmap Index Scan on sbtest8_pkey  (cost=0.00..22.57 rows=1014 width=0)
	                    Index Cond: ((id >= 3384945) AND (id <= 3385944))

for point_selects
table 1 : explain SELECT c FROM sbtest1 WHERE id=6268810
	Index Scan using sbtest1_pkey on sbtest1  (cost=0.43..8.45 rows=1 width=121)
	  Index Cond: (id = 6268810)

table 2 : explain SELECT c FROM sbtest2 WHERE id=5023240
	Index Scan using sbtest2_pkey on sbtest2  (cost=0.43..8.45 rows=1 width=121)
	  Index Cond: (id = 5023240)

table 3 : explain SELECT c FROM sbtest3 WHERE id=6892927
	Index Scan using sbtest3_pkey on sbtest3  (cost=0.43..8.45 rows=1 width=121)
	  Index Cond: (id = 6892927)

table 4 : explain SELECT c FROM sbtest4 WHERE id=6844089
	Index Scan using sbtest4_pkey on sbtest4  (cost=0.43..8.45 rows=1 width=121)
	  Index Cond: (id = 6844089)

table 5 : explain SELECT c FROM sbtest5 WHERE id=1228342
	Index Scan using sbtest5_pkey on sbtest5  (cost=0.43..8.45 rows=1 width=121)
	  Index Cond: (id = 1228342)

table 6 : explain SELECT c FROM sbtest6 WHERE id=2405946
	Index Scan using sbtest6_pkey on sbtest6  (cost=0.43..8.45 rows=1 width=121)
	  Index Cond: (id = 2405946)

table 7 : explain SELECT c FROM sbtest7 WHERE id=1461020
	Index Scan using sbtest7_pkey on sbtest7  (cost=0.43..8.45 rows=1 width=121)
	  Index Cond: (id = 1461020)

table 8 : explain SELECT c FROM sbtest8 WHERE id=1264227
	Index Scan using sbtest8_pkey on sbtest8  (cost=0.43..8.45 rows=1 width=121)
	  Index Cond: (id = 1264227)

for: distinct_ranges
table 1 : explain SELECT DISTINCT c FROM sbtest1 WHERE id BETWEEN 1973781 AND 1974780 ORDER BY c
	Unique  (cost=3741.25..3746.03 rows=956 width=121)
	  ->  Sort  (cost=3741.25..3743.64 rows=956 width=121)
	        Sort Key: c
	        ->  Bitmap Heap Scan on sbtest1  (cost=22.23..3693.92 rows=956 width=121)
	              Recheck Cond: ((id >= 1973781) AND (id <= 1974780))
	              ->  Bitmap Index Scan on sbtest1_pkey  (cost=0.00..22.00 rows=956 width=0)
	                    Index Cond: ((id >= 1973781) AND (id <= 1974780))

table 2 : explain SELECT DISTINCT c FROM sbtest2 WHERE id BETWEEN 8076182 AND 8077181 ORDER BY c
	Unique  (cost=4158.91..4164.23 rows=1065 width=121)
	  ->  Sort  (cost=4158.91..4161.57 rows=1065 width=121)
	        Sort Key: c
	        ->  Bitmap Heap Scan on sbtest2  (cost=23.35..4105.36 rows=1065 width=121)
	              Recheck Cond: ((id >= 8076182) AND (id <= 8077181))
	              ->  Bitmap Index Scan on sbtest2_pkey  (cost=0.00..23.08 rows=1065 width=0)
	                    Index Cond: ((id >= 8076182) AND (id <= 8077181))

table 3 : explain SELECT DISTINCT c FROM sbtest3 WHERE id BETWEEN 372149 AND 373148 ORDER BY c
	Unique  (cost=3792.19..3797.03 rows=969 width=121)
	  ->  Sort  (cost=3792.19..3794.61 rows=969 width=121)
	        Sort Key: c
	        ->  Bitmap Heap Scan on sbtest3  (cost=22.37..3744.12 rows=969 width=121)
	              Recheck Cond: ((id >= 372149) AND (id <= 373148))
	              ->  Bitmap Index Scan on sbtest3_pkey  (cost=0.00..22.12 rows=969 width=0)
	                    Index Cond: ((id >= 372149) AND (id <= 373148))

table 4 : explain SELECT DISTINCT c FROM sbtest4 WHERE id BETWEEN 3612794 AND 3613793 ORDER BY c
	Unique  (cost=4015.11..4020.24 rows=1027 width=121)
	  ->  Sort  (cost=4015.11..4017.67 rows=1027 width=121)
	        Sort Key: c
	        ->  Bitmap Heap Scan on sbtest4  (cost=22.96..3963.73 rows=1027 width=121)
	              Recheck Cond: ((id >= 3612794) AND (id <= 3613793))
	              ->  Bitmap Index Scan on sbtest4_pkey  (cost=0.00..22.70 rows=1027 width=0)
	                    Index Cond: ((id >= 3612794) AND (id <= 3613793))

table 5 : explain SELECT DISTINCT c FROM sbtest5 WHERE id BETWEEN 1255082 AND 1256081 ORDER BY c
	Unique  (cost=4339.79..4345.35 rows=1112 width=121)
	  ->  Sort  (cost=4339.79..4342.57 rows=1112 width=121)
	        Sort Key: c
	        ->  Bitmap Heap Scan on sbtest5  (cost=27.83..4283.53 rows=1112 width=121)
	              Recheck Cond: ((id >= 1255082) AND (id <= 1256081))
	              ->  Bitmap Index Scan on sbtest5_pkey  (cost=0.00..27.55 rows=1112 width=0)
	                    Index Cond: ((id >= 1255082) AND (id <= 1256081))

table 6 : explain SELECT DISTINCT c FROM sbtest6 WHERE id BETWEEN 5167062 AND 5168061 ORDER BY c
	Unique  (cost=4041.95..4047.12 rows=1034 width=121)
	  ->  Sort  (cost=4041.95..4044.54 rows=1034 width=121)
	        Sort Key: c
	        ->  Bitmap Heap Scan on sbtest6  (cost=23.03..3990.18 rows=1034 width=121)
	              Recheck Cond: ((id >= 5167062) AND (id <= 5168061))
	              ->  Bitmap Index Scan on sbtest6_pkey  (cost=0.00..22.77 rows=1034 width=0)
	                    Index Cond: ((id >= 5167062) AND (id <= 5168061))

table 7 : explain SELECT DISTINCT c FROM sbtest7 WHERE id BETWEEN 6613126 AND 6614125 ORDER BY c
	Unique  (cost=3828.78..3833.67 rows=978 width=121)
	  ->  Sort  (cost=3828.78..3831.23 rows=978 width=121)
	        Sort Key: c
	        ->  Bitmap Heap Scan on sbtest7  (cost=22.46..3780.21 rows=978 width=121)
	              Recheck Cond: ((id >= 6613126) AND (id <= 6614125))
	              ->  Bitmap Index Scan on sbtest7_pkey  (cost=0.00..22.21 rows=978 width=0)
	                    Index Cond: ((id >= 6613126) AND (id <= 6614125))

table 8 : explain SELECT DISTINCT c FROM sbtest8 WHERE id BETWEEN 8464771 AND 8465770 ORDER BY c
	Unique  (cost=3671.66..3676.35 rows=937 width=121)
	  ->  Sort  (cost=3671.66..3674.00 rows=937 width=121)
	        Sort Key: c
	        ->  Bitmap Heap Scan on sbtest8  (cost=22.04..3625.41 rows=937 width=121)
	              Recheck Cond: ((id >= 8464771) AND (id <= 8465770))
	              ->  Bitmap Index Scan on sbtest8_pkey  (cost=0.00..21.80 rows=937 width=0)
	                    Index Cond: ((id >= 8464771) AND (id <= 8465770))

for point_selects
table 1 : explain SELECT c FROM sbtest1 WHERE id=2712679
	Index Scan using sbtest1_pkey on sbtest1  (cost=0.43..8.45 rows=1 width=121)
	  Index Cond: (id = 2712679)

table 2 : explain SELECT c FROM sbtest2 WHERE id=2918947
	Index Scan using sbtest2_pkey on sbtest2  (cost=0.43..8.45 rows=1 width=121)
	  Index Cond: (id = 2918947)

table 3 : explain SELECT c FROM sbtest3 WHERE id=8719365
	Index Scan using sbtest3_pkey on sbtest3  (cost=0.43..8.45 rows=1 width=121)
	  Index Cond: (id = 8719365)

table 4 : explain SELECT c FROM sbtest4 WHERE id=7658687
	Index Scan using sbtest4_pkey on sbtest4  (cost=0.43..8.45 rows=1 width=121)
	  Index Cond: (id = 7658687)

table 5 : explain SELECT c FROM sbtest5 WHERE id=3540633
	Index Scan using sbtest5_pkey on sbtest5  (cost=0.43..8.45 rows=1 width=121)
	  Index Cond: (id = 3540633)

table 6 : explain SELECT c FROM sbtest6 WHERE id=4122270
	Index Scan using sbtest6_pkey on sbtest6  (cost=0.43..8.45 rows=1 width=121)
	  Index Cond: (id = 4122270)

table 7 : explain SELECT c FROM sbtest7 WHERE id=7133952
	Index Scan using sbtest7_pkey on sbtest7  (cost=0.43..8.45 rows=1 width=121)
	  Index Cond: (id = 7133952)

table 8 : explain SELECT c FROM sbtest8 WHERE id=7095573
	Index Scan using sbtest8_pkey on sbtest8  (cost=0.43..8.45 rows=1 width=121)
	  Index Cond: (id = 7095573)

explain: for point_selects :: explain SELECT c FROM sbtest%u WHERE id=%u
for: sum_ranges
table 1 : explain SELECT SUM(k) FROM sbtest1 WHERE id BETWEEN 6443550 AND 6444549
	Aggregate  (cost=3790.58..3790.59 rows=1 width=8)
	  ->  Bitmap Heap Scan on sbtest1  (cost=22.49..3788.12 rows=981 width=4)
	        Recheck Cond: ((id >= 6443550) AND (id <= 6444549))
	        ->  Bitmap Index Scan on sbtest1_pkey  (cost=0.00..22.25 rows=981 width=0)
	              Index Cond: ((id >= 6443550) AND (id <= 6444549))

table 2 : explain SELECT SUM(k) FROM sbtest2 WHERE id BETWEEN 5071981 AND 5072980
	Aggregate  (cost=3934.93..3934.94 rows=1 width=8)
	  ->  Bitmap Heap Scan on sbtest2  (cost=22.88..3932.38 rows=1019 width=4)
	        Recheck Cond: ((id >= 5071981) AND (id <= 5072980))
	        ->  Bitmap Index Scan on sbtest2_pkey  (cost=0.00..22.62 rows=1019 width=0)
	              Index Cond: ((id >= 5071981) AND (id <= 5072980))

table 3 : explain SELECT SUM(k) FROM sbtest3 WHERE id BETWEEN 9282485 AND 9283484
	Aggregate  (cost=3561.54..3561.55 rows=1 width=8)
	  ->  Bitmap Heap Scan on sbtest3  (cost=21.87..3559.24 rows=920 width=4)
	        Recheck Cond: ((id >= 9282485) AND (id <= 9283484))
	        ->  Bitmap Index Scan on sbtest3_pkey  (cost=0.00..21.64 rows=920 width=0)
	              Index Cond: ((id >= 9282485) AND (id <= 9283484))

table 4 : explain SELECT SUM(k) FROM sbtest4 WHERE id BETWEEN 2635693 AND 2636692
	Aggregate  (cost=4049.14..4049.15 rows=1 width=8)
	  ->  Bitmap Heap Scan on sbtest4  (cost=23.19..4046.51 rows=1049 width=4)
	        Recheck Cond: ((id >= 2635693) AND (id <= 2636692))
	        ->  Bitmap Index Scan on sbtest4_pkey  (cost=0.00..22.93 rows=1049 width=0)
	              Index Cond: ((id >= 2635693) AND (id <= 2636692))

table 5 : explain SELECT SUM(k) FROM sbtest5 WHERE id BETWEEN 9752292 AND 9753291
	Aggregate  (cost=3464.21..3464.22 rows=1 width=8)
	  ->  Bitmap Heap Scan on sbtest5  (cost=21.60..3461.98 rows=894 width=4)
	        Recheck Cond: ((id >= 9752292) AND (id <= 9753291))
	        ->  Bitmap Index Scan on sbtest5_pkey  (cost=0.00..21.37 rows=894 width=0)
	              Index Cond: ((id >= 9752292) AND (id <= 9753291))

table 6 : explain SELECT SUM(k) FROM sbtest6 WHERE id BETWEEN 9363184 AND 9364183
	Aggregate  (cost=4188.42..4188.43 rows=1 width=8)
	  ->  Bitmap Heap Scan on sbtest6  (cost=23.57..4185.70 rows=1086 width=4)
	        Recheck Cond: ((id >= 9363184) AND (id <= 9364183))
	        ->  Bitmap Index Scan on sbtest6_pkey  (cost=0.00..23.29 rows=1086 width=0)
	              Index Cond: ((id >= 9363184) AND (id <= 9364183))

table 7 : explain SELECT SUM(k) FROM sbtest7 WHERE id BETWEEN 4514002 AND 4515001
	Aggregate  (cost=3846.80..3846.81 rows=1 width=8)
	  ->  Bitmap Heap Scan on sbtest7  (cost=22.63..3844.31 rows=995 width=4)
	        Recheck Cond: ((id >= 4514002) AND (id <= 4515001))
	        ->  Bitmap Index Scan on sbtest7_pkey  (cost=0.00..22.39 rows=995 width=0)
	              Index Cond: ((id >= 4514002) AND (id <= 4515001))

table 8 : explain SELECT SUM(k) FROM sbtest8 WHERE id BETWEEN 1894402 AND 1895401
	Aggregate  (cost=3733.54..3733.55 rows=1 width=8)
	  ->  Bitmap Heap Scan on sbtest8  (cost=22.33..3731.13 rows=965 width=4)
	        Recheck Cond: ((id >= 1894402) AND (id <= 1895401))
	        ->  Bitmap Index Scan on sbtest8_pkey  (cost=0.00..22.08 rows=965 width=0)
	              Index Cond: ((id >= 1894402) AND (id <= 1895401))

for: simple_ranges
table 1 : explain SELECT c FROM sbtest1 WHERE id BETWEEN 4914949 AND 4915948
	Bitmap Heap Scan on sbtest1  (cost=23.29..4081.51 rows=1059 width=121)
	  Recheck Cond: ((id >= 4914949) AND (id <= 4915948))
	  ->  Bitmap Index Scan on sbtest1_pkey  (cost=0.00..23.02 rows=1059 width=0)
	        Index Cond: ((id >= 4914949) AND (id <= 4915948))

table 2 : explain SELECT c FROM sbtest2 WHERE id BETWEEN 9748173 AND 9749172
	Bitmap Heap Scan on sbtest2  (cost=21.88..3562.95 rows=921 width=121)
	  Recheck Cond: ((id >= 9748173) AND (id <= 9749172))
	  ->  Bitmap Index Scan on sbtest2_pkey  (cost=0.00..21.64 rows=921 width=0)
	        Index Cond: ((id >= 9748173) AND (id <= 9749172))

table 3 : explain SELECT c FROM sbtest3 WHERE id BETWEEN 7890242 AND 7891241
	Bitmap Heap Scan on sbtest3  (cost=22.38..3747.89 rows=970 width=121)
	  Recheck Cond: ((id >= 7890242) AND (id <= 7891241))
	  ->  Bitmap Index Scan on sbtest3_pkey  (cost=0.00..22.14 rows=970 width=0)
	        Index Cond: ((id >= 7890242) AND (id <= 7891241))

table 4 : explain SELECT c FROM sbtest4 WHERE id BETWEEN 6530442 AND 6531441
	Bitmap Heap Scan on sbtest4  (cost=23.03..3990.08 rows=1034 width=121)
	  Recheck Cond: ((id >= 6530442) AND (id <= 6531441))
	  ->  Bitmap Index Scan on sbtest4_pkey  (cost=0.00..22.77 rows=1034 width=0)
	        Index Cond: ((id >= 6530442) AND (id <= 6531441))

table 5 : explain SELECT c FROM sbtest5 WHERE id BETWEEN 8255701 AND 8256700
	Bitmap Heap Scan on sbtest5  (cost=22.91..3944.94 rows=1022 width=121)
	  Recheck Cond: ((id >= 8255701) AND (id <= 8256700))
	  ->  Bitmap Index Scan on sbtest5_pkey  (cost=0.00..22.65 rows=1022 width=0)
	        Index Cond: ((id >= 8255701) AND (id <= 8256700))

table 6 : explain SELECT c FROM sbtest6 WHERE id BETWEEN 5707175 AND 5708174
	Bitmap Heap Scan on sbtest6  (cost=22.36..3741.52 rows=968 width=121)
	  Recheck Cond: ((id >= 5707175) AND (id <= 5708174))
	  ->  Bitmap Index Scan on sbtest6_pkey  (cost=0.00..22.11 rows=968 width=0)
	        Index Cond: ((id >= 5707175) AND (id <= 5708174))

table 7 : explain SELECT c FROM sbtest7 WHERE id BETWEEN 4576889 AND 4577888
	Bitmap Heap Scan on sbtest7  (cost=22.63..3844.31 rows=995 width=121)
	  Recheck Cond: ((id >= 4576889) AND (id <= 4577888))
	  ->  Bitmap Index Scan on sbtest7_pkey  (cost=0.00..22.39 rows=995 width=0)
	        Index Cond: ((id >= 4576889) AND (id <= 4577888))

table 8 : explain SELECT c FROM sbtest8 WHERE id BETWEEN 1259457 AND 1260456
	Bitmap Heap Scan on sbtest8  (cost=22.79..3900.81 rows=1010 width=121)
	  Recheck Cond: ((id >= 1259457) AND (id <= 1260456))
	  ->  Bitmap Index Scan on sbtest8_pkey  (cost=0.00..22.54 rows=1010 width=0)
	        Index Cond: ((id >= 1259457) AND (id <= 1260456))

for: simple_ranges
table 1 : explain SELECT c FROM sbtest1 WHERE id BETWEEN 5269154 AND 5270153
	Bitmap Heap Scan on sbtest1  (cost=21.31..3354.09 rows=866 width=121)
	  Recheck Cond: ((id >= 5269154) AND (id <= 5270153))
	  ->  Bitmap Index Scan on sbtest1_pkey  (cost=0.00..21.09 rows=866 width=0)
	        Index Cond: ((id >= 5269154) AND (id <= 5270153))

table 2 : explain SELECT c FROM sbtest2 WHERE id BETWEEN 9080621 AND 9081620
	Bitmap Heap Scan on sbtest2  (cost=22.06..3630.90 rows=939 width=121)
	  Recheck Cond: ((id >= 9080621) AND (id <= 9081620))
	  ->  Bitmap Index Scan on sbtest2_pkey  (cost=0.00..21.82 rows=939 width=0)
	        Index Cond: ((id >= 9080621) AND (id <= 9081620))

table 3 : explain SELECT c FROM sbtest3 WHERE id BETWEEN 1140146 AND 1141145
	Bitmap Heap Scan on sbtest3  (cost=22.53..3804.42 rows=985 width=121)
	  Recheck Cond: ((id >= 1140146) AND (id <= 1141145))
	  ->  Bitmap Index Scan on sbtest3_pkey  (cost=0.00..22.29 rows=985 width=0)
	        Index Cond: ((id >= 1140146) AND (id <= 1141145))

table 4 : explain SELECT c FROM sbtest4 WHERE id BETWEEN 5703155 AND 5704154
	Bitmap Heap Scan on sbtest4  (cost=21.98..3601.79 rows=931 width=121)
	  Recheck Cond: ((id >= 5703155) AND (id <= 5704154))
	  ->  Bitmap Index Scan on sbtest4_pkey  (cost=0.00..21.75 rows=931 width=0)
	        Index Cond: ((id >= 5703155) AND (id <= 5704154))

table 5 : explain SELECT c FROM sbtest5 WHERE id BETWEEN 2551466 AND 2552465
	Bitmap Heap Scan on sbtest5  (cost=21.90..3571.59 rows=923 width=121)
	  Recheck Cond: ((id >= 2551466) AND (id <= 2552465))
	  ->  Bitmap Index Scan on sbtest5_pkey  (cost=0.00..21.66 rows=923 width=0)
	        Index Cond: ((id >= 2551466) AND (id <= 2552465))

table 6 : explain SELECT c FROM sbtest6 WHERE id BETWEEN 8970308 AND 8971307
	Bitmap Heap Scan on sbtest6  (cost=27.99..4339.91 rows=1127 width=121)
	  Recheck Cond: ((id >= 8970308) AND (id <= 8971307))
	  ->  Bitmap Index Scan on sbtest6_pkey  (cost=0.00..27.70 rows=1127 width=0)
	        Index Cond: ((id >= 8970308) AND (id <= 8971307))

table 7 : explain SELECT c FROM sbtest7 WHERE id BETWEEN 991555 AND 992554
	Bitmap Heap Scan on sbtest7  (cost=22.75..3885.77 rows=1006 width=121)
	  Recheck Cond: ((id >= 991555) AND (id <= 992554))
	  ->  Bitmap Index Scan on sbtest7_pkey  (cost=0.00..22.50 rows=1006 width=0)
	        Index Cond: ((id >= 991555) AND (id <= 992554))

table 8 : explain SELECT c FROM sbtest8 WHERE id BETWEEN 6957004 AND 6958003
	Bitmap Heap Scan on sbtest8  (cost=21.55..3443.94 rows=889 width=121)
	  Recheck Cond: ((id >= 6957004) AND (id <= 6958003))
	  ->  Bitmap Index Scan on sbtest8_pkey  (cost=0.00..21.32 rows=889 width=0)
	        Index Cond: ((id >= 6957004) AND (id <= 6958003))

for: order_ranges
table 1 : explain SELECT c FROM sbtest1 WHERE id BETWEEN 4950187 AND 4951186 ORDER BY c
	Sort  (cost=3400.18..3402.35 rows=867 width=121)
	  Sort Key: c
	  ->  Bitmap Heap Scan on sbtest1  (cost=21.32..3357.87 rows=867 width=121)
	        Recheck Cond: ((id >= 4950187) AND (id <= 4951186))
	        ->  Bitmap Index Scan on sbtest1_pkey  (cost=0.00..21.11 rows=867 width=0)
	              Index Cond: ((id >= 4950187) AND (id <= 4951186))

table 2 : explain SELECT c FROM sbtest2 WHERE id BETWEEN 7512747 AND 7513746 ORDER BY c
	Sort  (cost=4048.23..4050.82 rows=1036 width=121)
	  Sort Key: c
	  ->  Bitmap Heap Scan on sbtest2  (cost=23.05..3996.34 rows=1036 width=121)
	        Recheck Cond: ((id >= 7512747) AND (id <= 7513746))
	        ->  Bitmap Index Scan on sbtest2_pkey  (cost=0.00..22.79 rows=1036 width=0)
	              Index Cond: ((id >= 7512747) AND (id <= 7513746))

table 3 : explain SELECT c FROM sbtest3 WHERE id BETWEEN 5219498 AND 5220497 ORDER BY c
	Sort  (cost=4170.43..4173.10 rows=1068 width=121)
	  Sort Key: c
	  ->  Bitmap Heap Scan on sbtest3  (cost=23.38..4116.71 rows=1068 width=121)
	        Recheck Cond: ((id >= 5219498) AND (id <= 5220497))
	        ->  Bitmap Index Scan on sbtest3_pkey  (cost=0.00..23.11 rows=1068 width=0)
	              Index Cond: ((id >= 5219498) AND (id <= 5220497))

table 4 : explain SELECT c FROM sbtest4 WHERE id BETWEEN 123513 AND 124512 ORDER BY c
	Sort  (cost=3758.80..3761.20 rows=960 width=121)
	  Sort Key: c
	  ->  Bitmap Heap Scan on sbtest4  (cost=22.27..3711.25 rows=960 width=121)
	        Recheck Cond: ((id >= 123513) AND (id <= 124512))
	        ->  Bitmap Index Scan on sbtest4_pkey  (cost=0.00..22.04 rows=960 width=0)
	              Index Cond: ((id >= 123513) AND (id <= 124512))

table 5 : explain SELECT c FROM sbtest5 WHERE id BETWEEN 2693996 AND 2694995 ORDER BY c
	Sort  (cost=3797.12..3799.54 rows=970 width=121)
	  Sort Key: c
	  ->  Bitmap Heap Scan on sbtest5  (cost=22.38..3749.00 rows=970 width=121)
	        Recheck Cond: ((id >= 2693996) AND (id <= 2694995))
	        ->  Bitmap Index Scan on sbtest5_pkey  (cost=0.00..22.14 rows=970 width=0)
	              Index Cond: ((id >= 2693996) AND (id <= 2694995))

table 6 : explain SELECT c FROM sbtest6 WHERE id BETWEEN 3384999 AND 3385998 ORDER BY c
	Sort  (cost=4049.59..4052.18 rows=1036 width=121)
	  Sort Key: c
	  ->  Bitmap Heap Scan on sbtest6  (cost=23.05..3997.71 rows=1036 width=121)
	        Recheck Cond: ((id >= 3384999) AND (id <= 3385998))
	        ->  Bitmap Index Scan on sbtest6_pkey  (cost=0.00..22.79 rows=1036 width=0)
	              Index Cond: ((id >= 3384999) AND (id <= 3385998))

table 7 : explain SELECT c FROM sbtest7 WHERE id BETWEEN 2519335 AND 2520334 ORDER BY c
	Sort  (cost=3893.86..3896.34 rows=995 width=121)
	  Sort Key: c
	  ->  Bitmap Heap Scan on sbtest7  (cost=22.63..3844.31 rows=995 width=121)
	        Recheck Cond: ((id >= 2519335) AND (id <= 2520334))
	        ->  Bitmap Index Scan on sbtest7_pkey  (cost=0.00..22.39 rows=995 width=0)
	              Index Cond: ((id >= 2519335) AND (id <= 2520334))

table 8 : explain SELECT c FROM sbtest8 WHERE id BETWEEN 4961158 AND 4962157 ORDER BY c
	Sort  (cost=4169.22..4171.89 rows=1066 width=121)
	  Sort Key: c
	  ->  Bitmap Heap Scan on sbtest8  (cost=27.36..4115.61 rows=1066 width=121)
	        Recheck Cond: ((id >= 4961158) AND (id <= 4962157))
	        ->  Bitmap Index Scan on sbtest8_pkey  (cost=0.00..27.09 rows=1066 width=0)
	              Index Cond: ((id >= 4961158) AND (id <= 4962157))

for point_selects
table 1 : explain SELECT c FROM sbtest1 WHERE id=7752703
	Index Scan using sbtest1_pkey on sbtest1  (cost=0.43..8.45 rows=1 width=121)
	  Index Cond: (id = 7752703)

table 2 : explain SELECT c FROM sbtest2 WHERE id=2226626
	Index Scan using sbtest2_pkey on sbtest2  (cost=0.43..8.45 rows=1 width=121)
	  Index Cond: (id = 2226626)

table 3 : explain SELECT c FROM sbtest3 WHERE id=6495743
	Index Scan using sbtest3_pkey on sbtest3  (cost=0.43..8.45 rows=1 width=121)
	  Index Cond: (id = 6495743)

table 4 : explain SELECT c FROM sbtest4 WHERE id=6942919
	Index Scan using sbtest4_pkey on sbtest4  (cost=0.43..8.45 rows=1 width=121)
	  Index Cond: (id = 6942919)

table 5 : explain SELECT c FROM sbtest5 WHERE id=2422434
	Index Scan using sbtest5_pkey on sbtest5  (cost=0.43..8.45 rows=1 width=121)
	  Index Cond: (id = 2422434)

table 6 : explain SELECT c FROM sbtest6 WHERE id=2475699
	Index Scan using sbtest6_pkey on sbtest6  (cost=0.43..8.45 rows=1 width=121)
	  Index Cond: (id = 2475699)

table 7 : explain SELECT c FROM sbtest7 WHERE id=189173
	Index Scan using sbtest7_pkey on sbtest7  (cost=0.43..8.45 rows=1 width=121)
	  Index Cond: (id = 189173)

table 8 : explain SELECT c FROM sbtest8 WHERE id=4353906
	Index Scan using sbtest8_pkey on sbtest8  (cost=0.43..8.45 rows=1 width=121)
	  Index Cond: (id = 4353906)

for: simple_ranges
table 1 : explain SELECT c FROM sbtest1 WHERE id BETWEEN 7776523 AND 7777522
	Bitmap Heap Scan on sbtest1  (cost=23.06..3998.84 rows=1037 width=121)
	  Recheck Cond: ((id >= 7776523) AND (id <= 7777522))
	  ->  Bitmap Index Scan on sbtest1_pkey  (cost=0.00..22.80 rows=1037 width=0)
	        Index Cond: ((id >= 7776523) AND (id <= 7777522))

table 2 : explain SELECT c FROM sbtest2 WHERE id BETWEEN 3621944 AND 3622943
	Bitmap Heap Scan on sbtest2  (cost=22.62..3838.26 rows=994 width=121)
	  Recheck Cond: ((id >= 3621944) AND (id <= 3622943))
	  ->  Bitmap Index Scan on sbtest2_pkey  (cost=0.00..22.37 rows=994 width=0)
	        Index Cond: ((id >= 3621944) AND (id <= 3622943))

table 3 : explain SELECT c FROM sbtest3 WHERE id BETWEEN 2410094 AND 2411093
	Bitmap Heap Scan on sbtest3  (cost=22.21..3687.56 rows=954 width=121)
	  Recheck Cond: ((id >= 2410094) AND (id <= 2411093))
	  ->  Bitmap Index Scan on sbtest3_pkey  (cost=0.00..21.97 rows=954 width=0)
	        Index Cond: ((id >= 2410094) AND (id <= 2411093))

table 4 : explain SELECT c FROM sbtest4 WHERE id BETWEEN 4610743 AND 4611742
	Bitmap Heap Scan on sbtest4  (cost=22.57..3820.61 rows=989 width=121)
	  Recheck Cond: ((id >= 4610743) AND (id <= 4611742))
	  ->  Bitmap Index Scan on sbtest4_pkey  (cost=0.00..22.32 rows=989 width=0)
	        Index Cond: ((id >= 4610743) AND (id <= 4611742))

table 5 : explain SELECT c FROM sbtest5 WHERE id BETWEEN 9738364 AND 9739363
	Bitmap Heap Scan on sbtest5  (cost=21.60..3461.98 rows=894 width=121)
	  Recheck Cond: ((id >= 9738364) AND (id <= 9739363))
	  ->  Bitmap Index Scan on sbtest5_pkey  (cost=0.00..21.37 rows=894 width=0)
	        Index Cond: ((id >= 9738364) AND (id <= 9739363))

table 6 : explain SELECT c FROM sbtest6 WHERE id BETWEEN 4708626 AND 4709625
	Bitmap Heap Scan on sbtest6  (cost=21.66..3484.73 rows=900 width=121)
	  Recheck Cond: ((id >= 4708626) AND (id <= 4709625))
	  ->  Bitmap Index Scan on sbtest6_pkey  (cost=0.00..21.43 rows=900 width=0)
	        Index Cond: ((id >= 4708626) AND (id <= 4709625))

table 7 : explain SELECT c FROM sbtest7 WHERE id BETWEEN 2115556 AND 2116555
	Bitmap Heap Scan on sbtest7  (cost=22.80..3904.61 rows=1011 width=121)
	  Recheck Cond: ((id >= 2115556) AND (id <= 2116555))
	  ->  Bitmap Index Scan on sbtest7_pkey  (cost=0.00..22.54 rows=1011 width=0)
	        Index Cond: ((id >= 2115556) AND (id <= 2116555))

table 8 : explain SELECT c FROM sbtest8 WHERE id BETWEEN 9465589 AND 9466588
	Bitmap Heap Scan on sbtest8  (cost=21.59..3459.08 rows=893 width=121)
	  Recheck Cond: ((id >= 9465589) AND (id <= 9466588))
	  ->  Bitmap Index Scan on sbtest8_pkey  (cost=0.00..21.36 rows=893 width=0)
	        Index Cond: ((id >= 9465589) AND (id <= 9466588))

for: sum_ranges
table 1 : explain SELECT SUM(k) FROM sbtest1 WHERE id BETWEEN 641497 AND 642496
	Aggregate  (cost=4260.96..4260.97 rows=1 width=8)
	  ->  Bitmap Heap Scan on sbtest1  (cost=27.77..4258.20 rows=1106 width=4)
	        Recheck Cond: ((id >= 641497) AND (id <= 642496))
	        ->  Bitmap Index Scan on sbtest1_pkey  (cost=0.00..27.50 rows=1106 width=0)
	              Index Cond: ((id >= 641497) AND (id <= 642496))

table 2 : explain SELECT SUM(k) FROM sbtest2 WHERE id BETWEEN 3352103 AND 3353102
	Aggregate  (cost=3814.36..3814.37 rows=1 width=8)
	  ->  Bitmap Heap Scan on sbtest2  (cost=22.55..3811.89 rows=987 width=4)
	        Recheck Cond: ((id >= 3352103) AND (id <= 3353102))
	        ->  Bitmap Index Scan on sbtest2_pkey  (cost=0.00..22.30 rows=987 width=0)
	              Index Cond: ((id >= 3352103) AND (id <= 3353102))

table 3 : explain SELECT SUM(k) FROM sbtest3 WHERE id BETWEEN 5041964 AND 5042963
	Aggregate  (cost=3991.47..3991.48 rows=1 width=8)
	  ->  Bitmap Heap Scan on sbtest3  (cost=23.03..3988.89 rows=1034 width=4)
	        Recheck Cond: ((id >= 5041964) AND (id <= 5042963))
	        ->  Bitmap Index Scan on sbtest3_pkey  (cost=0.00..22.77 rows=1034 width=0)
	              Index Cond: ((id >= 5041964) AND (id <= 5042963))

table 4 : explain SELECT SUM(k) FROM sbtest4 WHERE id BETWEEN 5146169 AND 5147168
	Aggregate  (cost=3732.53..3732.54 rows=1 width=8)
	  ->  Bitmap Heap Scan on sbtest4  (cost=22.33..3730.11 rows=965 width=4)
	        Recheck Cond: ((id >= 5146169) AND (id <= 5147168))
	        ->  Bitmap Index Scan on sbtest4_pkey  (cost=0.00..22.08 rows=965 width=0)
	              Index Cond: ((id >= 5146169) AND (id <= 5147168))

table 5 : explain SELECT SUM(k) FROM sbtest5 WHERE id BETWEEN 9989746 AND 9990745
	Aggregate  (cost=3751.42..3751.43 rows=1 width=8)
	  ->  Bitmap Heap Scan on sbtest5  (cost=22.38..3749.00 rows=970 width=4)
	        Recheck Cond: ((id >= 9989746) AND (id <= 9990745))
	        ->  Bitmap Index Scan on sbtest5_pkey  (cost=0.00..22.14 rows=970 width=0)
	              Index Cond: ((id >= 9989746) AND (id <= 9990745))

table 6 : explain SELECT SUM(k) FROM sbtest6 WHERE id BETWEEN 9937719 AND 9938718
	Aggregate  (cost=3740.17..3740.18 rows=1 width=8)
	  ->  Bitmap Heap Scan on sbtest6  (cost=22.35..3737.75 rows=967 width=4)
	        Recheck Cond: ((id >= 9937719) AND (id <= 9938718))
	        ->  Bitmap Index Scan on sbtest6_pkey  (cost=0.00..22.11 rows=967 width=0)
	              Index Cond: ((id >= 9937719) AND (id <= 9938718))

table 7 : explain SELECT SUM(k) FROM sbtest7 WHERE id BETWEEN 6965931 AND 6966930
	Aggregate  (cost=3654.24..3654.25 rows=1 width=8)
	  ->  Bitmap Heap Scan on sbtest7  (cost=22.11..3651.88 rows=944 width=4)
	        Recheck Cond: ((id >= 6965931) AND (id <= 6966930))
	        ->  Bitmap Index Scan on sbtest7_pkey  (cost=0.00..21.87 rows=944 width=0)
	              Index Cond: ((id >= 6965931) AND (id <= 6966930))

table 8 : explain SELECT SUM(k) FROM sbtest8 WHERE id BETWEEN 2432760 AND 2433759
	Aggregate  (cost=3974.95..3974.96 rows=1 width=8)
	  ->  Bitmap Heap Scan on sbtest8  (cost=22.98..3972.38 rows=1029 width=4)
	        Recheck Cond: ((id >= 2432760) AND (id <= 2433759))
	        ->  Bitmap Index Scan on sbtest8_pkey  (cost=0.00..22.72 rows=1029 width=0)
	              Index Cond: ((id >= 2432760) AND (id <= 2433759))

for: order_ranges
table 1 : explain SELECT c FROM sbtest1 WHERE id BETWEEN 5240034 AND 5241033 ORDER BY c
	Sort  (cost=3565.09..3567.37 rows=910 width=121)
	  Sort Key: c
	  ->  Bitmap Heap Scan on sbtest1  (cost=21.76..3520.37 rows=910 width=121)
	        Recheck Cond: ((id >= 5240034) AND (id <= 5241033))
	        ->  Bitmap Index Scan on sbtest1_pkey  (cost=0.00..21.54 rows=910 width=0)
	              Index Cond: ((id >= 5240034) AND (id <= 5241033))

table 2 : explain SELECT c FROM sbtest2 WHERE id BETWEEN 8240359 AND 8241358 ORDER BY c
	Sort  (cost=3673.43..3675.78 rows=938 width=121)
	  Sort Key: c
	  ->  Bitmap Heap Scan on sbtest2  (cost=22.05..3627.13 rows=938 width=121)
	        Recheck Cond: ((id >= 8240359) AND (id <= 8241358))
	        ->  Bitmap Index Scan on sbtest2_pkey  (cost=0.00..21.82 rows=938 width=0)
	              Index Cond: ((id >= 8240359) AND (id <= 8241358))

table 3 : explain SELECT c FROM sbtest3 WHERE id BETWEEN 4384553 AND 4385552 ORDER BY c
	Sort  (cost=3880.17..3882.65 rows=992 width=121)
	  Sort Key: c
	  ->  Bitmap Heap Scan on sbtest3  (cost=22.60..3830.79 rows=992 width=121)
	        Recheck Cond: ((id >= 4384553) AND (id <= 4385552))
	        ->  Bitmap Index Scan on sbtest3_pkey  (cost=0.00..22.36 rows=992 width=0)
	              Index Cond: ((id >= 4384553) AND (id <= 4385552))

table 4 : explain SELECT c FROM sbtest4 WHERE id BETWEEN 514479 AND 515478 ORDER BY c
	Sort  (cost=4072.41..4075.02 rows=1042 width=121)
	  Sort Key: c
	  ->  Bitmap Heap Scan on sbtest4  (cost=23.12..4020.18 rows=1042 width=121)
	        Recheck Cond: ((id >= 514479) AND (id <= 515478))
	        ->  Bitmap Index Scan on sbtest4_pkey  (cost=0.00..22.86 rows=1042 width=0)
	              Index Cond: ((id >= 514479) AND (id <= 515478))

table 5 : explain SELECT c FROM sbtest5 WHERE id BETWEEN 3782012 AND 3783011 ORDER BY c
	Sort  (cost=4060.98..4063.58 rows=1039 width=121)
	  Sort Key: c
	  ->  Bitmap Heap Scan on sbtest5  (cost=23.08..4008.92 rows=1039 width=121)
	        Recheck Cond: ((id >= 3782012) AND (id <= 3783011))
	        ->  Bitmap Index Scan on sbtest5_pkey  (cost=0.00..22.82 rows=1039 width=0)
	              Index Cond: ((id >= 3782012) AND (id <= 3783011))

table 6 : explain SELECT c FROM sbtest6 WHERE id BETWEEN 9644146 AND 9645145 ORDER BY c
	Sort  (cost=3816.33..3818.76 rows=975 width=121)
	  Sort Key: c
	  ->  Bitmap Heap Scan on sbtest6  (cost=22.43..3767.92 rows=975 width=121)
	        Recheck Cond: ((id >= 9644146) AND (id <= 9645145))
	        ->  Bitmap Index Scan on sbtest6_pkey  (cost=0.00..22.18 rows=975 width=0)
	              Index Cond: ((id >= 9644146) AND (id <= 9645145))

table 7 : explain SELECT c FROM sbtest7 WHERE id BETWEEN 138422 AND 139421 ORDER BY c
	Sort  (cost=4020.08..4022.65 rows=1028 width=121)
	  Sort Key: c
	  ->  Bitmap Heap Scan on sbtest7  (cost=22.97..3968.65 rows=1028 width=121)
	        Recheck Cond: ((id >= 138422) AND (id <= 139421))
	        ->  Bitmap Index Scan on sbtest7_pkey  (cost=0.00..22.71 rows=1028 width=0)
	              Index Cond: ((id >= 138422) AND (id <= 139421))

table 8 : explain SELECT c FROM sbtest8 WHERE id BETWEEN 7157639 AND 7158638 ORDER BY c
	Sort  (cost=3909.13..3911.62 rows=999 width=121)
	  Sort Key: c
	  ->  Bitmap Heap Scan on sbtest8  (cost=22.67..3859.36 rows=999 width=121)
	        Recheck Cond: ((id >= 7157639) AND (id <= 7158638))
	        ->  Bitmap Index Scan on sbtest8_pkey  (cost=0.00..22.43 rows=999 width=0)
	              Index Cond: ((id >= 7157639) AND (id <= 7158638))

for: distinct_ranges
table 1 : explain SELECT DISTINCT c FROM sbtest1 WHERE id BETWEEN 1701726 AND 1702725 ORDER BY c
	Unique  (cost=3591.92..3596.50 rows=917 width=121)
	  ->  Sort  (cost=3591.92..3594.21 rows=917 width=121)
	        Sort Key: c
	        ->  Bitmap Heap Scan on sbtest1  (cost=21.83..3546.80 rows=917 width=121)
	              Recheck Cond: ((id >= 1701726) AND (id <= 1702725))
	              ->  Bitmap Index Scan on sbtest1_pkey  (cost=0.00..21.61 rows=917 width=0)
	                    Index Cond: ((id >= 1701726) AND (id <= 1702725))

table 2 : explain SELECT DISTINCT c FROM sbtest2 WHERE id BETWEEN 628656 AND 629655 ORDER BY c
	Unique  (cost=3983.30..3988.39 rows=1019 width=121)
	  ->  Sort  (cost=3983.30..3985.84 rows=1019 width=121)
	        Sort Key: c
	        ->  Bitmap Heap Scan on sbtest2  (cost=22.88..3932.38 rows=1019 width=121)
	              Recheck Cond: ((id >= 628656) AND (id <= 629655))
	              ->  Bitmap Index Scan on sbtest2_pkey  (cost=0.00..22.62 rows=1019 width=0)
	                    Index Cond: ((id >= 628656) AND (id <= 629655))

table 3 : explain SELECT DISTINCT c FROM sbtest3 WHERE id BETWEEN 8109394 AND 8110393 ORDER BY c
	Unique  (cost=3853.40..3858.32 rows=985 width=121)
	  ->  Sort  (cost=3853.40..3855.86 rows=985 width=121)
	        Sort Key: c
	        ->  Bitmap Heap Scan on sbtest3  (cost=22.53..3804.42 rows=985 width=121)
	              Recheck Cond: ((id >= 8109394) AND (id <= 8110393))
	              ->  Bitmap Index Scan on sbtest3_pkey  (cost=0.00..22.29 rows=985 width=0)
	                    Index Cond: ((id >= 8109394) AND (id <= 8110393))

table 4 : explain SELECT DISTINCT c FROM sbtest4 WHERE id BETWEEN 1121260 AND 1122259 ORDER BY c
	Unique  (cost=3739.66..3744.43 rows=955 width=121)
	  ->  Sort  (cost=3739.66..3742.04 rows=955 width=121)
	        Sort Key: c
	        ->  Bitmap Heap Scan on sbtest4  (cost=22.22..3692.39 rows=955 width=121)
	              Recheck Cond: ((id >= 1121260) AND (id <= 1122259))
	              ->  Bitmap Index Scan on sbtest4_pkey  (cost=0.00..21.98 rows=955 width=0)
	                    Index Cond: ((id >= 1121260) AND (id <= 1122259))

table 5 : explain SELECT DISTINCT c FROM sbtest5 WHERE id BETWEEN 7407173 AND 7408172 ORDER BY c
	Unique  (cost=3693.71..3698.42 rows=943 width=121)
	  ->  Sort  (cost=3693.71..3696.06 rows=943 width=121)
	        Sort Key: c
	        ->  Bitmap Heap Scan on sbtest5  (cost=22.10..3647.12 rows=943 width=121)
	              Recheck Cond: ((id >= 7407173) AND (id <= 7408172))
	              ->  Bitmap Index Scan on sbtest5_pkey  (cost=0.00..21.86 rows=943 width=0)
	                    Index Cond: ((id >= 7407173) AND (id <= 7408172))

table 6 : explain SELECT DISTINCT c FROM sbtest6 WHERE id BETWEEN 9453147 AND 9454146 ORDER BY c
	Unique  (cost=3938.75..3943.79 rows=1007 width=121)
	  ->  Sort  (cost=3938.75..3941.27 rows=1007 width=121)
	        Sort Key: c
	        ->  Bitmap Heap Scan on sbtest6  (cost=22.76..3888.52 rows=1007 width=121)
	              Recheck Cond: ((id >= 9453147) AND (id <= 9454146))
	              ->  Bitmap Index Scan on sbtest6_pkey  (cost=0.00..22.50 rows=1007 width=0)
	                    Index Cond: ((id >= 9453147) AND (id <= 9454146))

table 7 : explain SELECT DISTINCT c FROM sbtest7 WHERE id BETWEEN 5997032 AND 5998031 ORDER BY c
	Unique  (cost=3878.55..3883.50 rows=991 width=121)
	  ->  Sort  (cost=3878.55..3881.03 rows=991 width=121)
	        Sort Key: c
	        ->  Bitmap Heap Scan on sbtest7  (cost=22.59..3829.23 rows=991 width=121)
	              Recheck Cond: ((id >= 5997032) AND (id <= 5998031))
	              ->  Bitmap Index Scan on sbtest7_pkey  (cost=0.00..22.34 rows=991 width=0)
	                    Index Cond: ((id >= 5997032) AND (id <= 5998031))

table 8 : explain SELECT DISTINCT c FROM sbtest8 WHERE id BETWEEN 5763907 AND 5764906 ORDER BY c
	Unique  (cost=4192.13..4197.49 rows=1072 width=121)
	  ->  Sort  (cost=4192.13..4194.81 rows=1072 width=121)
	        Sort Key: c
	        ->  Bitmap Heap Scan on sbtest8  (cost=27.42..4138.18 rows=1072 width=121)
	              Recheck Cond: ((id >= 5763907) AND (id <= 5764906))
	              ->  Bitmap Index Scan on sbtest8_pkey  (cost=0.00..27.15 rows=1072 width=0)
	                    Index Cond: ((id >= 5763907) AND (id <= 5764906))

for: simple_ranges
table 1 : explain SELECT c FROM sbtest1 WHERE id BETWEEN 7187207 AND 7188206
	Bitmap Heap Scan on sbtest1  (cost=22.10..3644.90 rows=943 width=121)
	  Recheck Cond: ((id >= 7187207) AND (id <= 7188206))
	  ->  Bitmap Index Scan on sbtest1_pkey  (cost=0.00..21.86 rows=943 width=0)
	        Index Cond: ((id >= 7187207) AND (id <= 7188206))

table 2 : explain SELECT c FROM sbtest2 WHERE id BETWEEN 600162 AND 601161
	Bitmap Heap Scan on sbtest2  (cost=22.88..3932.38 rows=1019 width=121)
	  Recheck Cond: ((id >= 600162) AND (id <= 601161))
	  ->  Bitmap Index Scan on sbtest2_pkey  (cost=0.00..22.62 rows=1019 width=0)
	        Index Cond: ((id >= 600162) AND (id <= 601161))

table 3 : explain SELECT c FROM sbtest3 WHERE id BETWEEN 8014250 AND 8015249
	Bitmap Heap Scan on sbtest3  (cost=22.52..3800.65 rows=984 width=121)
	  Recheck Cond: ((id >= 8014250) AND (id <= 8015249))
	  ->  Bitmap Index Scan on sbtest3_pkey  (cost=0.00..22.27 rows=984 width=0)
	        Index Cond: ((id >= 8014250) AND (id <= 8015249))

table 4 : explain SELECT c FROM sbtest4 WHERE id BETWEEN 5988341 AND 5989340
	Bitmap Heap Scan on sbtest4  (cost=23.64..4211.89 rows=1093 width=121)
	  Recheck Cond: ((id >= 5988341) AND (id <= 5989340))
	  ->  Bitmap Index Scan on sbtest4_pkey  (cost=0.00..23.36 rows=1093 width=0)
	        Index Cond: ((id >= 5988341) AND (id <= 5989340))

table 5 : explain SELECT c FROM sbtest5 WHERE id BETWEEN 1643255 AND 1644254
	Bitmap Heap Scan on sbtest5  (cost=27.88..4302.30 rows=1117 width=121)
	  Recheck Cond: ((id >= 1643255) AND (id <= 1644254))
	  ->  Bitmap Index Scan on sbtest5_pkey  (cost=0.00..27.61 rows=1117 width=0)
	        Index Cond: ((id >= 1643255) AND (id <= 1644254))

table 6 : explain SELECT c FROM sbtest6 WHERE id BETWEEN 6885851 AND 6886850
	Bitmap Heap Scan on sbtest6  (cost=23.17..4039.09 rows=1047 width=121)
	  Recheck Cond: ((id >= 6885851) AND (id <= 6886850))
	  ->  Bitmap Index Scan on sbtest6_pkey  (cost=0.00..22.90 rows=1047 width=0)
	        Index Cond: ((id >= 6885851) AND (id <= 6886850))

table 7 : explain SELECT c FROM sbtest7 WHERE id BETWEEN 1159840 AND 1160839
	Bitmap Heap Scan on sbtest7  (cost=23.38..4119.17 rows=1068 width=121)
	  Recheck Cond: ((id >= 1159840) AND (id <= 1160839))
	  ->  Bitmap Index Scan on sbtest7_pkey  (cost=0.00..23.11 rows=1068 width=0)
	        Index Cond: ((id >= 1159840) AND (id <= 1160839))

table 8 : explain SELECT c FROM sbtest8 WHERE id BETWEEN 15887 AND 16886
	Bitmap Heap Scan on sbtest8  (cost=27.47..4156.97 rows=1077 width=121)
	  Recheck Cond: ((id >= 15887) AND (id <= 16886))
	  ->  Bitmap Index Scan on sbtest8_pkey  (cost=0.00..27.20 rows=1077 width=0)
	        Index Cond: ((id >= 15887) AND (id <= 16886))

for: sum_ranges
table 1 : explain SELECT SUM(k) FROM sbtest1 WHERE id BETWEEN 3809075 AND 3810074
	Aggregate  (cost=3632.16..3632.17 rows=1 width=8)
	  ->  Bitmap Heap Scan on sbtest1  (cost=22.06..3629.82 rows=939 width=4)
	        Recheck Cond: ((id >= 3809075) AND (id <= 3810074))
	        ->  Bitmap Index Scan on sbtest1_pkey  (cost=0.00..21.82 rows=939 width=0)
	              Index Cond: ((id >= 3809075) AND (id <= 3810074))

table 2 : explain SELECT SUM(k) FROM sbtest2 WHERE id BETWEEN 9286883 AND 9287882
	Aggregate  (cost=3674.78..3674.79 rows=1 width=8)
	  ->  Bitmap Heap Scan on sbtest2  (cost=22.17..3672.40 rows=950 width=4)
	        Recheck Cond: ((id >= 9286883) AND (id <= 9287882))
	        ->  Bitmap Index Scan on sbtest2_pkey  (cost=0.00..21.93 rows=950 width=0)
	              Index Cond: ((id >= 9286883) AND (id <= 9287882))

table 3 : explain SELECT SUM(k) FROM sbtest3 WHERE id BETWEEN 9941998 AND 9942997
	Aggregate  (cost=4194.54..4194.55 rows=1 width=8)
	  ->  Bitmap Heap Scan on sbtest3  (cost=23.59..4191.82 rows=1088 width=4)
	        Recheck Cond: ((id >= 9941998) AND (id <= 9942997))
	        ->  Bitmap Index Scan on sbtest3_pkey  (cost=0.00..23.32 rows=1088 width=0)
	              Index Cond: ((id >= 9941998) AND (id <= 9942997))

table 4 : explain SELECT SUM(k) FROM sbtest4 WHERE id BETWEEN 6072856 AND 6073855
	Aggregate  (cost=3789.13..3789.14 rows=1 width=8)
	  ->  Bitmap Heap Scan on sbtest4  (cost=22.48..3786.68 rows=980 width=4)
	        Recheck Cond: ((id >= 6072856) AND (id <= 6073855))
	        ->  Bitmap Index Scan on sbtest4_pkey  (cost=0.00..22.23 rows=980 width=0)
	              Index Cond: ((id >= 6072856) AND (id <= 6073855))

table 5 : explain SELECT SUM(k) FROM sbtest5 WHERE id BETWEEN 2092794 AND 2093793
	Aggregate  (cost=3785.38..3785.39 rows=1 width=8)
	  ->  Bitmap Heap Scan on sbtest5  (cost=22.47..3782.93 rows=979 width=4)
	        Recheck Cond: ((id >= 2092794) AND (id <= 2093793))
	        ->  Bitmap Index Scan on sbtest5_pkey  (cost=0.00..22.22 rows=979 width=0)
	              Index Cond: ((id >= 2092794) AND (id <= 2093793))

table 6 : explain SELECT SUM(k) FROM sbtest6 WHERE id BETWEEN 4242956 AND 4243955
	Aggregate  (cost=3981.47..3981.48 rows=1 width=8)
	  ->  Bitmap Heap Scan on sbtest6  (cost=23.00..3978.89 rows=1031 width=4)
	        Recheck Cond: ((id >= 4242956) AND (id <= 4243955))
	        ->  Bitmap Index Scan on sbtest6_pkey  (cost=0.00..22.75 rows=1031 width=0)
	              Index Cond: ((id >= 4242956) AND (id <= 4243955))

table 7 : explain SELECT SUM(k) FROM sbtest7 WHERE id BETWEEN 9995669 AND 9996668
	Aggregate  (cost=3873.20..3873.21 rows=1 width=8)
	  ->  Bitmap Heap Scan on sbtest7  (cost=22.71..3870.70 rows=1002 width=4)
	        Recheck Cond: ((id >= 9995669) AND (id <= 9996668))
	        ->  Bitmap Index Scan on sbtest7_pkey  (cost=0.00..22.45 rows=1002 width=0)
	              Index Cond: ((id >= 9995669) AND (id <= 9996668))

table 8 : explain SELECT SUM(k) FROM sbtest8 WHERE id BETWEEN 8008136 AND 8009135
	Aggregate  (cost=4054.28..4054.29 rows=1 width=8)
	  ->  Bitmap Heap Scan on sbtest8  (cost=27.19..4051.66 rows=1049 width=4)
	        Recheck Cond: ((id >= 8008136) AND (id <= 8009135))
	        ->  Bitmap Index Scan on sbtest8_pkey  (cost=0.00..26.93 rows=1049 width=0)
	              Index Cond: ((id >= 8008136) AND (id <= 8009135))

for point_selects
table 1 : explain SELECT c FROM sbtest1 WHERE id=6587517
	Index Scan using sbtest1_pkey on sbtest1  (cost=0.43..8.45 rows=1 width=121)
	  Index Cond: (id = 6587517)

table 2 : explain SELECT c FROM sbtest2 WHERE id=9769152
	Index Scan using sbtest2_pkey on sbtest2  (cost=0.43..8.45 rows=1 width=121)
	  Index Cond: (id = 9769152)

table 3 : explain SELECT c FROM sbtest3 WHERE id=9309099
	Index Scan using sbtest3_pkey on sbtest3  (cost=0.43..8.45 rows=1 width=121)
	  Index Cond: (id = 9309099)

table 4 : explain SELECT c FROM sbtest4 WHERE id=8854142
	Index Scan using sbtest4_pkey on sbtest4  (cost=0.43..8.45 rows=1 width=121)
	  Index Cond: (id = 8854142)

table 5 : explain SELECT c FROM sbtest5 WHERE id=5248336
	Index Scan using sbtest5_pkey on sbtest5  (cost=0.43..8.45 rows=1 width=121)
	  Index Cond: (id = 5248336)

table 6 : explain SELECT c FROM sbtest6 WHERE id=3217633
	Index Scan using sbtest6_pkey on sbtest6  (cost=0.43..8.45 rows=1 width=121)
	  Index Cond: (id = 3217633)

table 7 : explain SELECT c FROM sbtest7 WHERE id=2187197
	Index Scan using sbtest7_pkey on sbtest7  (cost=0.43..8.45 rows=1 width=121)
	  Index Cond: (id = 2187197)

table 8 : explain SELECT c FROM sbtest8 WHERE id=3625864
	Index Scan using sbtest8_pkey on sbtest8  (cost=0.43..8.45 rows=1 width=121)
	  Index Cond: (id = 3625864)

for: sum_ranges
table 1 : explain SELECT SUM(k) FROM sbtest1 WHERE id BETWEEN 2228589 AND 2229588
	Aggregate  (cost=3737.80..3737.81 rows=1 width=8)
	  ->  Bitmap Heap Scan on sbtest1  (cost=22.35..3735.38 rows=967 width=4)
	        Recheck Cond: ((id >= 2228589) AND (id <= 2229588))
	        ->  Bitmap Index Scan on sbtest1_pkey  (cost=0.00..22.11 rows=967 width=0)
	              Index Cond: ((id >= 2228589) AND (id <= 2229588))

table 2 : explain SELECT SUM(k) FROM sbtest2 WHERE id BETWEEN 6414984 AND 6415983
	Aggregate  (cost=3708.75..3708.76 rows=1 width=8)
	  ->  Bitmap Heap Scan on sbtest2  (cost=22.26..3706.35 rows=959 width=4)
	        Recheck Cond: ((id >= 6414984) AND (id <= 6415983))
	        ->  Bitmap Index Scan on sbtest2_pkey  (cost=0.00..22.02 rows=959 width=0)
	              Index Cond: ((id >= 6414984) AND (id <= 6415983))

table 3 : explain SELECT SUM(k) FROM sbtest3 WHERE id BETWEEN 9046840 AND 9047839
	Aggregate  (cost=3942.53..3942.54 rows=1 width=8)
	  ->  Bitmap Heap Scan on sbtest3  (cost=22.90..3939.98 rows=1021 width=4)
	        Recheck Cond: ((id >= 9046840) AND (id <= 9047839))
	        ->  Bitmap Index Scan on sbtest3_pkey  (cost=0.00..22.64 rows=1021 width=0)
	              Index Cond: ((id >= 9046840) AND (id <= 9047839))

table 4 : explain SELECT SUM(k) FROM sbtest4 WHERE id BETWEEN 6039088 AND 6040087
	Aggregate  (cost=3789.13..3789.14 rows=1 width=8)
	  ->  Bitmap Heap Scan on sbtest4  (cost=22.48..3786.68 rows=980 width=4)
	        Recheck Cond: ((id >= 6039088) AND (id <= 6040087))
	        ->  Bitmap Index Scan on sbtest4_pkey  (cost=0.00..22.23 rows=980 width=0)
	              Index Cond: ((id >= 6039088) AND (id <= 6040087))

table 5 : explain SELECT SUM(k) FROM sbtest5 WHERE id BETWEEN 9564196 AND 9565195
	Aggregate  (cost=3581.46..3581.47 rows=1 width=8)
	  ->  Bitmap Heap Scan on sbtest5  (cost=21.92..3579.15 rows=925 width=4)
	        Recheck Cond: ((id >= 9564196) AND (id <= 9565195))
	        ->  Bitmap Index Scan on sbtest5_pkey  (cost=0.00..21.68 rows=925 width=0)
	              Index Cond: ((id >= 9564196) AND (id <= 9565195))

table 6 : explain SELECT SUM(k) FROM sbtest6 WHERE id BETWEEN 5634077 AND 5635076
	Aggregate  (cost=3743.94..3743.95 rows=1 width=8)
	  ->  Bitmap Heap Scan on sbtest6  (cost=22.36..3741.52 rows=968 width=4)
	        Recheck Cond: ((id >= 5634077) AND (id <= 5635076))
	        ->  Bitmap Index Scan on sbtest6_pkey  (cost=0.00..22.11 rows=968 width=0)
	              Index Cond: ((id >= 5634077) AND (id <= 5635076))

table 7 : explain SELECT SUM(k) FROM sbtest7 WHERE id BETWEEN 9833272 AND 9834271
	Aggregate  (cost=3873.20..3873.21 rows=1 width=8)
	  ->  Bitmap Heap Scan on sbtest7  (cost=22.71..3870.70 rows=1002 width=4)
	        Recheck Cond: ((id >= 9833272) AND (id <= 9834271))
	        ->  Bitmap Index Scan on sbtest7_pkey  (cost=0.00..22.45 rows=1002 width=0)
	              Index Cond: ((id >= 9833272) AND (id <= 9834271))

table 8 : explain SELECT SUM(k) FROM sbtest8 WHERE id BETWEEN 8924254 AND 8925253
	Aggregate  (cost=3578.60..3578.61 rows=1 width=8)
	  ->  Bitmap Heap Scan on sbtest8  (cost=21.91..3576.29 rows=924 width=4)
	        Recheck Cond: ((id >= 8924254) AND (id <= 8925253))
	        ->  Bitmap Index Scan on sbtest8_pkey  (cost=0.00..21.68 rows=924 width=0)
	              Index Cond: ((id >= 8924254) AND (id <= 8925253))

for: sum_ranges
table 1 : explain SELECT SUM(k) FROM sbtest1 WHERE id BETWEEN 2502987 AND 2503986
	Aggregate  (cost=3454.61..3454.62 rows=1 width=8)
	  ->  Bitmap Heap Scan on sbtest1  (cost=21.58..3452.38 rows=892 width=4)
	        Recheck Cond: ((id >= 2502987) AND (id <= 2503986))
	        ->  Bitmap Index Scan on sbtest1_pkey  (cost=0.00..21.36 rows=892 width=0)
	              Index Cond: ((id >= 2502987) AND (id <= 2503986))

table 2 : explain SELECT SUM(k) FROM sbtest2 WHERE id BETWEEN 2250068 AND 2251067
	Aggregate  (cost=3599.26..3599.27 rows=1 width=8)
	  ->  Bitmap Heap Scan on sbtest2  (cost=21.97..3596.93 rows=930 width=4)
	        Recheck Cond: ((id >= 2250068) AND (id <= 2251067))
	        ->  Bitmap Index Scan on sbtest2_pkey  (cost=0.00..21.73 rows=930 width=0)
	              Index Cond: ((id >= 2250068) AND (id <= 2251067))

table 3 : explain SELECT SUM(k) FROM sbtest3 WHERE id BETWEEN 4922239 AND 4923238
	Aggregate  (cost=4047.92..4047.93 rows=1 width=8)
	  ->  Bitmap Heap Scan on sbtest3  (cost=23.19..4045.30 rows=1049 width=4)
	        Recheck Cond: ((id >= 4922239) AND (id <= 4923238))
	        ->  Bitmap Index Scan on sbtest3_pkey  (cost=0.00..22.93 rows=1049 width=0)
	              Index Cond: ((id >= 4922239) AND (id <= 4923238))

table 4 : explain SELECT SUM(k) FROM sbtest4 WHERE id BETWEEN 9891028 AND 9892027
	Aggregate  (cost=3687.22..3687.23 rows=1 width=8)
	  ->  Bitmap Heap Scan on sbtest4  (cost=22.20..3684.84 rows=953 width=4)
	        Recheck Cond: ((id >= 9891028) AND (id <= 9892027))
	        ->  Bitmap Index Scan on sbtest4_pkey  (cost=0.00..21.96 rows=953 width=0)
	              Index Cond: ((id >= 9891028) AND (id <= 9892027))

table 5 : explain SELECT SUM(k) FROM sbtest5 WHERE id BETWEEN 6084915 AND 6085914
	Aggregate  (cost=3898.51..3898.52 rows=1 width=8)
	  ->  Bitmap Heap Scan on sbtest5  (cost=22.78..3895.99 rows=1009 width=4)
	        Recheck Cond: ((id >= 6084915) AND (id <= 6085914))
	        ->  Bitmap Index Scan on sbtest5_pkey  (cost=0.00..22.52 rows=1009 width=0)
	              Index Cond: ((id >= 6084915) AND (id <= 6085914))

table 6 : explain SELECT SUM(k) FROM sbtest6 WHERE id BETWEEN 9097859 AND 9098858
	Aggregate  (cost=4271.37..4271.38 rows=1 width=8)
	  ->  Bitmap Heap Scan on sbtest6  (cost=27.79..4268.60 rows=1108 width=4)
	        Recheck Cond: ((id >= 9097859) AND (id <= 9098858))
	        ->  Bitmap Index Scan on sbtest6_pkey  (cost=0.00..27.51 rows=1108 width=0)
	              Index Cond: ((id >= 9097859) AND (id <= 9098858))

table 7 : explain SELECT SUM(k) FROM sbtest7 WHERE id BETWEEN 2432916 AND 2433915
	Aggregate  (cost=3846.80..3846.81 rows=1 width=8)
	  ->  Bitmap Heap Scan on sbtest7  (cost=22.63..3844.31 rows=995 width=4)
	        Recheck Cond: ((id >= 2432916) AND (id <= 2433915))
	        ->  Bitmap Index Scan on sbtest7_pkey  (cost=0.00..22.39 rows=995 width=0)
	              Index Cond: ((id >= 2432916) AND (id <= 2433915))

table 8 : explain SELECT SUM(k) FROM sbtest8 WHERE id BETWEEN 3259963 AND 3260962
	Aggregate  (cost=4050.52..4050.53 rows=1 width=8)
	  ->  Bitmap Heap Scan on sbtest8  (cost=27.18..4047.90 rows=1048 width=4)
	        Recheck Cond: ((id >= 3259963) AND (id <= 3260962))
	        ->  Bitmap Index Scan on sbtest8_pkey  (cost=0.00..26.91 rows=1048 width=0)
	              Index Cond: ((id >= 3259963) AND (id <= 3260962))

for: order_ranges
table 1 : explain SELECT c FROM sbtest1 WHERE id BETWEEN 985963 AND 986962 ORDER BY c
	Sort  (cost=4310.30..4313.06 rows=1105 width=121)
	  Sort Key: c
	  ->  Bitmap Heap Scan on sbtest1  (cost=27.76..4254.44 rows=1105 width=121)
	        Recheck Cond: ((id >= 985963) AND (id <= 986962))
	        ->  Bitmap Index Scan on sbtest1_pkey  (cost=0.00..27.48 rows=1105 width=0)
	              Index Cond: ((id >= 985963) AND (id <= 986962))

table 2 : explain SELECT c FROM sbtest2 WHERE id BETWEEN 337117 AND 338116 ORDER BY c
	Sort  (cost=4097.86..4100.48 rows=1049 width=121)
	  Sort Key: c
	  ->  Bitmap Heap Scan on sbtest2  (cost=23.19..4045.22 rows=1049 width=121)
	        Recheck Cond: ((id >= 337117) AND (id <= 338116))
	        ->  Bitmap Index Scan on sbtest2_pkey  (cost=0.00..22.93 rows=1049 width=0)
	              Index Cond: ((id >= 337117) AND (id <= 338116))

table 3 : explain SELECT c FROM sbtest3 WHERE id BETWEEN 6963153 AND 6964152 ORDER BY c
	Sort  (cost=3780.70..3783.12 rows=966 width=121)
	  Sort Key: c
	  ->  Bitmap Heap Scan on sbtest3  (cost=22.34..3732.81 rows=966 width=121)
	        Recheck Cond: ((id >= 6963153) AND (id <= 6964152))
	        ->  Bitmap Index Scan on sbtest3_pkey  (cost=0.00..22.09 rows=966 width=0)
	              Index Cond: ((id >= 6963153) AND (id <= 6964152))

table 4 : explain SELECT c FROM sbtest4 WHERE id BETWEEN 5981527 AND 5982526 ORDER BY c
	Sort  (cost=4267.05..4269.79 rows=1093 width=121)
	  Sort Key: c
	  ->  Bitmap Heap Scan on sbtest4  (cost=23.64..4211.89 rows=1093 width=121)
	        Recheck Cond: ((id >= 5981527) AND (id <= 5982526))
	        ->  Bitmap Index Scan on sbtest4_pkey  (cost=0.00..23.36 rows=1093 width=0)
	              Index Cond: ((id >= 5981527) AND (id <= 5982526))

table 5 : explain SELECT c FROM sbtest5 WHERE id BETWEEN 5755389 AND 5756388 ORDER BY c
	Sort  (cost=4076.26..4078.87 rows=1043 width=121)
	  Sort Key: c
	  ->  Bitmap Heap Scan on sbtest5  (cost=23.13..4023.97 rows=1043 width=121)
	        Recheck Cond: ((id >= 5755389) AND (id <= 5756388))
	        ->  Bitmap Index Scan on sbtest5_pkey  (cost=0.00..22.86 rows=1043 width=0)
	              Index Cond: ((id >= 5755389) AND (id <= 5756388))

table 6 : explain SELECT c FROM sbtest6 WHERE id BETWEEN 4054031 AND 4055030 ORDER BY c
	Sort  (cost=3743.57..3745.96 rows=956 width=121)
	  Sort Key: c
	  ->  Bitmap Heap Scan on sbtest6  (cost=22.23..3696.25 rows=956 width=121)
	        Recheck Cond: ((id >= 4054031) AND (id <= 4055030))
	        ->  Bitmap Index Scan on sbtest6_pkey  (cost=0.00..22.00 rows=956 width=0)
	              Index Cond: ((id >= 4054031) AND (id <= 4055030))

table 7 : explain SELECT c FROM sbtest7 WHERE id BETWEEN 4887873 AND 4888872 ORDER BY c
	Sort  (cost=4054.48..4057.07 rows=1037 width=121)
	  Sort Key: c
	  ->  Bitmap Heap Scan on sbtest7  (cost=23.06..4002.53 rows=1037 width=121)
	        Recheck Cond: ((id >= 4887873) AND (id <= 4888872))
	        ->  Bitmap Index Scan on sbtest7_pkey  (cost=0.00..22.80 rows=1037 width=0)
	              Index Cond: ((id >= 4887873) AND (id <= 4888872))

table 8 : explain SELECT c FROM sbtest8 WHERE id BETWEEN 6445034 AND 6446033 ORDER BY c
	Sort  (cost=3817.26..3819.70 rows=975 width=121)
	  Sort Key: c
	  ->  Bitmap Heap Scan on sbtest8  (cost=22.43..3768.86 rows=975 width=121)
	        Recheck Cond: ((id >= 6445034) AND (id <= 6446033))
	        ->  Bitmap Index Scan on sbtest8_pkey  (cost=0.00..22.18 rows=975 width=0)
	              Index Cond: ((id >= 6445034) AND (id <= 6446033))

for: distinct_ranges
table 1 : explain SELECT DISTINCT c FROM sbtest1 WHERE id BETWEEN 6183810 AND 6184809 ORDER BY c
	Unique  (cost=3733.59..3738.36 rows=954 width=121)
	  ->  Sort  (cost=3733.59..3735.98 rows=954 width=121)
	        Sort Key: c
	        ->  Bitmap Heap Scan on sbtest1  (cost=22.21..3686.38 rows=954 width=121)
	              Recheck Cond: ((id >= 6183810) AND (id <= 6184809))
	              ->  Bitmap Index Scan on sbtest1_pkey  (cost=0.00..21.97 rows=954 width=0)
	                    Index Cond: ((id >= 6183810) AND (id <= 6184809))

table 2 : explain SELECT DISTINCT c FROM sbtest2 WHERE id BETWEEN 9650558 AND 9651557 ORDER BY c
	Unique  (cost=4223.75..4229.16 rows=1082 width=121)
	  ->  Sort  (cost=4223.75..4226.45 rows=1082 width=121)
	        Sort Key: c
	        ->  Bitmap Heap Scan on sbtest2  (cost=23.53..4169.22 rows=1082 width=121)
	              Recheck Cond: ((id >= 9650558) AND (id <= 9651557))
	              ->  Bitmap Index Scan on sbtest2_pkey  (cost=0.00..23.25 rows=1082 width=0)
	                    Index Cond: ((id >= 9650558) AND (id <= 9651557))

table 3 : explain SELECT DISTINCT c FROM sbtest3 WHERE id BETWEEN 9407665 AND 9408664 ORDER BY c
	Unique  (cost=3914.58..3919.58 rows=1001 width=121)
	  ->  Sort  (cost=3914.58..3917.08 rows=1001 width=121)
	        Sort Key: c
	        ->  Bitmap Heap Scan on sbtest3  (cost=22.70..3864.69 rows=1001 width=121)
	              Recheck Cond: ((id >= 9407665) AND (id <= 9408664))
	              ->  Bitmap Index Scan on sbtest3_pkey  (cost=0.00..22.44 rows=1001 width=0)
	                    Index Cond: ((id >= 9407665) AND (id <= 9408664))

table 4 : explain SELECT DISTINCT c FROM sbtest4 WHERE id BETWEEN 1402646 AND 1403645 ORDER BY c
	Unique  (cost=3666.86..3671.54 rows=936 width=121)
	  ->  Sort  (cost=3666.86..3669.20 rows=936 width=121)
	        Sort Key: c
	        ->  Bitmap Heap Scan on sbtest4  (cost=22.03..3620.67 rows=936 width=121)
	              Recheck Cond: ((id >= 1402646) AND (id <= 1403645))
	              ->  Bitmap Index Scan on sbtest4_pkey  (cost=0.00..21.79 rows=936 width=0)
	                    Index Cond: ((id >= 1402646) AND (id <= 1403645))

table 5 : explain SELECT DISTINCT c FROM sbtest5 WHERE id BETWEEN 790807 AND 791806 ORDER BY c
	Unique  (cost=3919.56..3924.57 rows=1002 width=121)
	  ->  Sort  (cost=3919.56..3922.07 rows=1002 width=121)
	        Sort Key: c
	        ->  Bitmap Heap Scan on sbtest5  (cost=22.71..3869.62 rows=1002 width=121)
	              Recheck Cond: ((id >= 790807) AND (id <= 791806))
	              ->  Bitmap Index Scan on sbtest5_pkey  (cost=0.00..22.45 rows=1002 width=0)
	                    Index Cond: ((id >= 790807) AND (id <= 791806))

table 6 : explain SELECT DISTINCT c FROM sbtest6 WHERE id BETWEEN 8768592 AND 8769591 ORDER BY c
	Unique  (cost=4061.05..4066.25 rows=1039 width=121)
	  ->  Sort  (cost=4061.05..4063.65 rows=1039 width=121)
	        Sort Key: c
	        ->  Bitmap Heap Scan on sbtest6  (cost=23.08..4009.00 rows=1039 width=121)
	              Recheck Cond: ((id >= 8768592) AND (id <= 8769591))
	              ->  Bitmap Index Scan on sbtest6_pkey  (cost=0.00..22.82 rows=1039 width=0)
	                    Index Cond: ((id >= 8768592) AND (id <= 8769591))

table 7 : explain SELECT DISTINCT c FROM sbtest7 WHERE id BETWEEN 1648079 AND 1649078 ORDER BY c
	Unique  (cost=3629.51..3634.14 rows=926 width=121)
	  ->  Sort  (cost=3629.51..3631.83 rows=926 width=121)
	        Sort Key: c
	        ->  Bitmap Heap Scan on sbtest7  (cost=21.93..3583.88 rows=926 width=121)
	              Recheck Cond: ((id >= 1648079) AND (id <= 1649078))
	              ->  Bitmap Index Scan on sbtest7_pkey  (cost=0.00..21.69 rows=926 width=0)
	                    Index Cond: ((id >= 1648079) AND (id <= 1649078))

table 8 : explain SELECT DISTINCT c FROM sbtest8 WHERE id BETWEEN 6798520 AND 6799519 ORDER BY c
	Unique  (cost=3771.30..3776.12 rows=963 width=121)
	  ->  Sort  (cost=3771.30..3773.71 rows=963 width=121)
	        Sort Key: c
	        ->  Bitmap Heap Scan on sbtest8  (cost=22.31..3723.58 rows=963 width=121)
	              Recheck Cond: ((id >= 6798520) AND (id <= 6799519))
	              ->  Bitmap Index Scan on sbtest8_pkey  (cost=0.00..22.07 rows=963 width=0)
	                    Index Cond: ((id >= 6798520) AND (id <= 6799519))

for: simple_ranges
table 1 : explain SELECT c FROM sbtest1 WHERE id BETWEEN 3619188 AND 3620187
	Bitmap Heap Scan on sbtest1  (cost=22.57..3818.25 rows=989 width=121)
	  Recheck Cond: ((id >= 3619188) AND (id <= 3620187))
	  ->  Bitmap Index Scan on sbtest1_pkey  (cost=0.00..22.32 rows=989 width=0)
	        Index Cond: ((id >= 3619188) AND (id <= 3620187))

table 2 : explain SELECT c FROM sbtest2 WHERE id BETWEEN 1508997 AND 1509996
	Bitmap Heap Scan on sbtest2  (cost=28.04..4357.10 rows=1132 width=121)
	  Recheck Cond: ((id >= 1508997) AND (id <= 1509996))
	  ->  Bitmap Index Scan on sbtest2_pkey  (cost=0.00..27.75 rows=1132 width=0)
	        Index Cond: ((id >= 1508997) AND (id <= 1509996))

table 3 : explain SELECT c FROM sbtest3 WHERE id BETWEEN 6508941 AND 6509940
	Bitmap Heap Scan on sbtest3  (cost=23.18..4041.54 rows=1048 width=121)
	  Recheck Cond: ((id >= 6508941) AND (id <= 6509940))
	  ->  Bitmap Index Scan on sbtest3_pkey  (cost=0.00..22.91 rows=1048 width=0)
	        Index Cond: ((id >= 6508941) AND (id <= 6509940))

table 4 : explain SELECT c FROM sbtest4 WHERE id BETWEEN 29767 AND 30766
	Bitmap Heap Scan on sbtest4  (cost=22.86..3926.09 rows=1017 width=121)
	  Recheck Cond: ((id >= 29767) AND (id <= 30766))
	  ->  Bitmap Index Scan on sbtest4_pkey  (cost=0.00..22.61 rows=1017 width=0)
	        Index Cond: ((id >= 29767) AND (id <= 30766))

table 5 : explain SELECT c FROM sbtest5 WHERE id BETWEEN 6930617 AND 6931616
	Bitmap Heap Scan on sbtest5  (cost=22.55..3813.09 rows=987 width=121)
	  Recheck Cond: ((id >= 6930617) AND (id <= 6931616))
	  ->  Bitmap Index Scan on sbtest5_pkey  (cost=0.00..22.30 rows=987 width=0)
	        Index Cond: ((id >= 6930617) AND (id <= 6931616))

table 6 : explain SELECT c FROM sbtest6 WHERE id BETWEEN 3518930 AND 3519929
	Bitmap Heap Scan on sbtest6  (cost=28.13..4392.42 rows=1141 width=121)
	  Recheck Cond: ((id >= 3518930) AND (id <= 3519929))
	  ->  Bitmap Index Scan on sbtest6_pkey  (cost=0.00..27.84 rows=1141 width=0)
	        Index Cond: ((id >= 3518930) AND (id <= 3519929))

table 7 : explain SELECT c FROM sbtest7 WHERE id BETWEEN 4089087 AND 4090086
	Bitmap Heap Scan on sbtest7  (cost=27.80..4277.26 rows=1109 width=121)
	  Recheck Cond: ((id >= 4089087) AND (id <= 4090086))
	  ->  Bitmap Index Scan on sbtest7_pkey  (cost=0.00..27.52 rows=1109 width=0)
	        Index Cond: ((id >= 4089087) AND (id <= 4090086))

table 8 : explain SELECT c FROM sbtest8 WHERE id BETWEEN 180851 AND 181850
	Bitmap Heap Scan on sbtest8  (cost=21.25..3334.16 rows=860 width=121)
	  Recheck Cond: ((id >= 180851) AND (id <= 181850))
	  ->  Bitmap Index Scan on sbtest8_pkey  (cost=0.00..21.04 rows=860 width=0)
	        Index Cond: ((id >= 180851) AND (id <= 181850))

for: sum_ranges
table 1 : explain SELECT SUM(k) FROM sbtest1 WHERE id BETWEEN 4768042 AND 4769041
	Aggregate  (cost=3978.86..3978.87 rows=1 width=8)
	  ->  Bitmap Heap Scan on sbtest1  (cost=23.00..3976.28 rows=1031 width=4)
	        Recheck Cond: ((id >= 4768042) AND (id <= 4769041))
	        ->  Bitmap Index Scan on sbtest1_pkey  (cost=0.00..22.75 rows=1031 width=0)
	              Index Cond: ((id >= 4768042) AND (id <= 4769041))

table 2 : explain SELECT SUM(k) FROM sbtest2 WHERE id BETWEEN 2864097 AND 2865096
	Aggregate  (cost=4269.86..4269.87 rows=1 width=8)
	  ->  Bitmap Heap Scan on sbtest2  (cost=27.79..4267.09 rows=1108 width=4)
	        Recheck Cond: ((id >= 2864097) AND (id <= 2865096))
	        ->  Bitmap Index Scan on sbtest2_pkey  (cost=0.00..27.51 rows=1108 width=0)
	              Index Cond: ((id >= 2864097) AND (id <= 2865096))

table 3 : explain SELECT SUM(k) FROM sbtest3 WHERE id BETWEEN 6464958 AND 6465957
	Aggregate  (cost=3927.47..3927.48 rows=1 width=8)
	  ->  Bitmap Heap Scan on sbtest3  (cost=22.86..3924.93 rows=1017 width=4)
	        Recheck Cond: ((id >= 6464958) AND (id <= 6465957))
	        ->  Bitmap Index Scan on sbtest3_pkey  (cost=0.00..22.61 rows=1017 width=0)
	              Index Cond: ((id >= 6464958) AND (id <= 6465957))

table 4 : explain SELECT SUM(k) FROM sbtest4 WHERE id BETWEEN 3803851 AND 3804850
	Aggregate  (cost=3604.11..3604.12 rows=1 width=8)
	  ->  Bitmap Heap Scan on sbtest4  (cost=21.98..3601.79 rows=931 width=4)
	        Recheck Cond: ((id >= 3803851) AND (id <= 3804850))
	        ->  Bitmap Index Scan on sbtest4_pkey  (cost=0.00..21.75 rows=931 width=0)
	              Index Cond: ((id >= 3803851) AND (id <= 3804850))

table 5 : explain SELECT SUM(k) FROM sbtest5 WHERE id BETWEEN 2134515 AND 2135514
	Aggregate  (cost=3785.38..3785.39 rows=1 width=8)
	  ->  Bitmap Heap Scan on sbtest5  (cost=22.47..3782.93 rows=979 width=4)
	        Recheck Cond: ((id >= 2134515) AND (id <= 2135514))
	        ->  Bitmap Index Scan on sbtest5_pkey  (cost=0.00..22.22 rows=979 width=0)
	              Index Cond: ((id >= 2134515) AND (id <= 2135514))

table 6 : explain SELECT SUM(k) FROM sbtest6 WHERE id BETWEEN 2633876 AND 2634875
	Aggregate  (cost=3906.12..3906.13 rows=1 width=8)
	  ->  Bitmap Heap Scan on sbtest6  (cost=22.80..3903.59 rows=1011 width=4)
	        Recheck Cond: ((id >= 2633876) AND (id <= 2634875))
	        ->  Bitmap Index Scan on sbtest6_pkey  (cost=0.00..22.54 rows=1011 width=0)
	              Index Cond: ((id >= 2633876) AND (id <= 2634875))

table 7 : explain SELECT SUM(k) FROM sbtest7 WHERE id BETWEEN 2318724 AND 2319723
	Aggregate  (cost=3616.45..3616.46 rows=1 width=8)
	  ->  Bitmap Heap Scan on sbtest7  (cost=22.01..3614.11 rows=934 width=4)
	        Recheck Cond: ((id >= 2318724) AND (id <= 2319723))
	        ->  Bitmap Index Scan on sbtest7_pkey  (cost=0.00..21.77 rows=934 width=0)
	              Index Cond: ((id >= 2318724) AND (id <= 2319723))

table 8 : explain SELECT SUM(k) FROM sbtest8 WHERE id BETWEEN 351686 AND 352685
	Aggregate  (cost=3820.36..3820.37 rows=1 width=8)
	  ->  Bitmap Heap Scan on sbtest8  (cost=22.56..3817.89 rows=988 width=4)
	        Recheck Cond: ((id >= 351686) AND (id <= 352685))
	        ->  Bitmap Index Scan on sbtest8_pkey  (cost=0.00..22.32 rows=988 width=0)
	              Index Cond: ((id >= 351686) AND (id <= 352685))

for: order_ranges
table 1 : explain SELECT c FROM sbtest1 WHERE id BETWEEN 3659929 AND 3660928 ORDER BY c
	Sort  (cost=4230.03..4232.74 rows=1084 width=121)
	  Sort Key: c
	  ->  Bitmap Heap Scan on sbtest1  (cost=23.55..4175.38 rows=1084 width=121)
	        Recheck Cond: ((id >= 3659929) AND (id <= 3660928))
	        ->  Bitmap Index Scan on sbtest1_pkey  (cost=0.00..23.27 rows=1084 width=0)
	              Index Cond: ((id >= 3659929) AND (id <= 3660928))

table 2 : explain SELECT c FROM sbtest2 WHERE id BETWEEN 6023337 AND 6024336 ORDER BY c
	Sort  (cost=3715.56..3717.93 rows=949 width=121)
	  Sort Key: c
	  ->  Bitmap Heap Scan on sbtest2  (cost=22.16..3668.63 rows=949 width=121)
	        Recheck Cond: ((id >= 6023337) AND (id <= 6024336))
	        ->  Bitmap Index Scan on sbtest2_pkey  (cost=0.00..21.93 rows=949 width=0)
	              Index Cond: ((id >= 6023337) AND (id <= 6024336))

table 3 : explain SELECT c FROM sbtest3 WHERE id BETWEEN 2035330 AND 2036329 ORDER BY c
	Sort  (cost=3883.99..3886.47 rows=993 width=121)
	  Sort Key: c
	  ->  Bitmap Heap Scan on sbtest3  (cost=22.61..3834.56 rows=993 width=121)
	        Recheck Cond: ((id >= 2035330) AND (id <= 2036329))
	        ->  Bitmap Index Scan on sbtest3_pkey  (cost=0.00..22.36 rows=993 width=0)
	              Index Cond: ((id >= 2035330) AND (id <= 2036329))

table 4 : explain SELECT c FROM sbtest4 WHERE id BETWEEN 5301417 AND 5302416 ORDER BY c
	Sort  (cost=3758.80..3761.20 rows=960 width=121)
	  Sort Key: c
	  ->  Bitmap Heap Scan on sbtest4  (cost=22.27..3711.25 rows=960 width=121)
	        Recheck Cond: ((id >= 5301417) AND (id <= 5302416))
	        ->  Bitmap Index Scan on sbtest4_pkey  (cost=0.00..22.04 rows=960 width=0)
	              Index Cond: ((id >= 5301417) AND (id <= 5302416))

table 5 : explain SELECT c FROM sbtest5 WHERE id BETWEEN 7533158 AND 7534157 ORDER BY c
	Sort  (cost=4049.52..4052.11 rows=1036 width=121)
	  Sort Key: c
	  ->  Bitmap Heap Scan on sbtest5  (cost=23.05..3997.63 rows=1036 width=121)
	        Recheck Cond: ((id >= 7533158) AND (id <= 7534157))
	        ->  Bitmap Index Scan on sbtest5_pkey  (cost=0.00..22.79 rows=1036 width=0)
	              Index Cond: ((id >= 7533158) AND (id <= 7534157))

table 6 : explain SELECT c FROM sbtest6 WHERE id BETWEEN 5369640 AND 5370639 ORDER BY c
	Sort  (cost=3778.04..3780.45 rows=965 width=121)
	  Sort Key: c
	  ->  Bitmap Heap Scan on sbtest6  (cost=22.33..3730.20 rows=965 width=121)
	        Recheck Cond: ((id >= 5369640) AND (id <= 5370639))
	        ->  Bitmap Index Scan on sbtest6_pkey  (cost=0.00..22.08 rows=965 width=0)
	              Index Cond: ((id >= 5369640) AND (id <= 5370639))

table 7 : explain SELECT c FROM sbtest7 WHERE id BETWEEN 6918144 AND 6919143 ORDER BY c
	Sort  (cost=3698.53..3700.89 rows=944 width=121)
	  Sort Key: c
	  ->  Bitmap Heap Scan on sbtest7  (cost=22.11..3651.88 rows=944 width=121)
	        Recheck Cond: ((id >= 6918144) AND (id <= 6919143))
	        ->  Bitmap Index Scan on sbtest7_pkey  (cost=0.00..21.87 rows=944 width=0)
	              Index Cond: ((id >= 6918144) AND (id <= 6919143))

table 8 : explain SELECT c FROM sbtest8 WHERE id BETWEEN 3672013 AND 3673012 ORDER BY c
	Sort  (cost=3755.98..3758.37 rows=959 width=121)
	  Sort Key: c
	  ->  Bitmap Heap Scan on sbtest8  (cost=22.26..3708.48 rows=959 width=121)
	        Recheck Cond: ((id >= 3672013) AND (id <= 3673012))
	        ->  Bitmap Index Scan on sbtest8_pkey  (cost=0.00..22.02 rows=959 width=0)
	              Index Cond: ((id >= 3672013) AND (id <= 3673012))

for: order_ranges
table 1 : explain SELECT c FROM sbtest1 WHERE id BETWEEN 5668554 AND 5669553 ORDER BY c
	Sort  (cost=4027.88..4030.46 rows=1031 width=121)
	  Sort Key: c
	  ->  Bitmap Heap Scan on sbtest1  (cost=23.00..3976.28 rows=1031 width=121)
	        Recheck Cond: ((id >= 5668554) AND (id <= 5669553))
	        ->  Bitmap Index Scan on sbtest1_pkey  (cost=0.00..22.75 rows=1031 width=0)
	              Index Cond: ((id >= 5668554) AND (id <= 5669553))

table 2 : explain SELECT c FROM sbtest2 WHERE id BETWEEN 4451539 AND 4452538 ORDER BY c
	Sort  (cost=3692.58..3694.94 rows=943 width=121)
	  Sort Key: c
	  ->  Bitmap Heap Scan on sbtest2  (cost=22.10..3646.00 rows=943 width=121)
	        Recheck Cond: ((id >= 4451539) AND (id <= 4452538))
	        ->  Bitmap Index Scan on sbtest2_pkey  (cost=0.00..21.86 rows=943 width=0)
	              Index Cond: ((id >= 4451539) AND (id <= 4452538))

table 3 : explain SELECT c FROM sbtest3 WHERE id BETWEEN 2391843 AND 2392842 ORDER BY c
	Sort  (cost=3734.77..3737.16 rows=954 width=121)
	  Sort Key: c
	  ->  Bitmap Heap Scan on sbtest3  (cost=22.21..3687.56 rows=954 width=121)
	        Recheck Cond: ((id >= 2391843) AND (id <= 2392842))
	        ->  Bitmap Index Scan on sbtest3_pkey  (cost=0.00..21.97 rows=954 width=0)
	              Index Cond: ((id >= 2391843) AND (id <= 2392842))

table 4 : explain SELECT c FROM sbtest4 WHERE id BETWEEN 8566176 AND 8567175 ORDER BY c
	Sort  (cost=4358.82..4361.61 rows=1117 width=121)
	  Sort Key: c
	  ->  Bitmap Heap Scan on sbtest4  (cost=27.88..4302.27 rows=1117 width=121)
	        Recheck Cond: ((id >= 8566176) AND (id <= 8567175))
	        ->  Bitmap Index Scan on sbtest4_pkey  (cost=0.00..27.61 rows=1117 width=0)
	              Index Cond: ((id >= 8566176) AND (id <= 8567175))

table 5 : explain SELECT c FROM sbtest5 WHERE id BETWEEN 6628644 AND 6629643 ORDER BY c
	Sort  (cost=3946.33..3948.85 rows=1009 width=121)
	  Sort Key: c
	  ->  Bitmap Heap Scan on sbtest5  (cost=22.78..3895.99 rows=1009 width=121)
	        Recheck Cond: ((id >= 6628644) AND (id <= 6629643))
	        ->  Bitmap Index Scan on sbtest5_pkey  (cost=0.00..22.52 rows=1009 width=0)
	              Index Cond: ((id >= 6628644) AND (id <= 6629643))

table 6 : explain SELECT c FROM sbtest6 WHERE id BETWEEN 2087944 AND 2088943 ORDER BY c
	Sort  (cost=4362.74..4365.54 rows=1118 width=121)
	  Sort Key: c
	  ->  Bitmap Heap Scan on sbtest6  (cost=27.89..4306.13 rows=1118 width=121)
	        Recheck Cond: ((id >= 2087944) AND (id <= 2088943))
	        ->  Bitmap Index Scan on sbtest6_pkey  (cost=0.00..27.61 rows=1118 width=0)
	              Index Cond: ((id >= 2087944) AND (id <= 2088943))

table 7 : explain SELECT c FROM sbtest7 WHERE id BETWEEN 5015980 AND 5016979 ORDER BY c
	Sort  (cost=3905.34..3907.83 rows=998 width=121)
	  Sort Key: c
	  ->  Bitmap Heap Scan on sbtest7  (cost=22.66..3855.62 rows=998 width=121)
	        Recheck Cond: ((id >= 5015980) AND (id <= 5016979))
	        ->  Bitmap Index Scan on sbtest7_pkey  (cost=0.00..22.41 rows=998 width=0)
	              Index Cond: ((id >= 5015980) AND (id <= 5016979))

table 8 : explain SELECT c FROM sbtest8 WHERE id BETWEEN 9389498 AND 9390497 ORDER BY c
	Sort  (cost=3502.85..3505.08 rows=893 width=121)
	  Sort Key: c
	  ->  Bitmap Heap Scan on sbtest8  (cost=21.59..3459.08 rows=893 width=121)
	        Recheck Cond: ((id >= 9389498) AND (id <= 9390497))
	        ->  Bitmap Index Scan on sbtest8_pkey  (cost=0.00..21.36 rows=893 width=0)
	              Index Cond: ((id >= 9389498) AND (id <= 9390497))

for: distinct_ranges
table 1 : explain SELECT DISTINCT c FROM sbtest1 WHERE id BETWEEN 8345825 AND 8346824 ORDER BY c
	Unique  (cost=4176.66..4182.01 rows=1070 width=121)
	  ->  Sort  (cost=4176.66..4179.34 rows=1070 width=121)
	        Sort Key: c
	        ->  Bitmap Heap Scan on sbtest1  (cost=23.40..4122.82 rows=1070 width=121)
	              Recheck Cond: ((id >= 8345825) AND (id <= 8346824))
	              ->  Bitmap Index Scan on sbtest1_pkey  (cost=0.00..23.14 rows=1070 width=0)
	                    Index Cond: ((id >= 8345825) AND (id <= 8346824))

table 2 : explain SELECT DISTINCT c FROM sbtest2 WHERE id BETWEEN 1797192 AND 1798191 ORDER BY c
	Unique  (cost=4071.13..4076.34 rows=1042 width=121)
	  ->  Sort  (cost=4071.13..4073.74 rows=1042 width=121)
	        Sort Key: c
	        ->  Bitmap Heap Scan on sbtest2  (cost=23.12..4018.90 rows=1042 width=121)
	              Recheck Cond: ((id >= 1797192) AND (id <= 1798191))
	              ->  Bitmap Index Scan on sbtest2_pkey  (cost=0.00..22.86 rows=1042 width=0)
	                    Index Cond: ((id >= 1797192) AND (id <= 1798191))

table 3 : explain SELECT DISTINCT c FROM sbtest3 WHERE id BETWEEN 6097587 AND 6098586 ORDER BY c
	Unique  (cost=4017.75..4022.89 rows=1028 width=121)
	  ->  Sort  (cost=4017.75..4020.32 rows=1028 width=121)
	        Sort Key: c
	        ->  Bitmap Heap Scan on sbtest3  (cost=22.97..3966.32 rows=1028 width=121)
	              Recheck Cond: ((id >= 6097587) AND (id <= 6098586))
	              ->  Bitmap Index Scan on sbtest3_pkey  (cost=0.00..22.71 rows=1028 width=0)
	                    Index Cond: ((id >= 6097587) AND (id <= 6098586))

table 4 : explain SELECT DISTINCT c FROM sbtest4 WHERE id BETWEEN 3878795 AND 3879794 ORDER BY c
	Unique  (cost=3647.70..3652.35 rows=931 width=121)
	  ->  Sort  (cost=3647.70..3650.02 rows=931 width=121)
	        Sort Key: c
	        ->  Bitmap Heap Scan on sbtest4  (cost=21.98..3601.79 rows=931 width=121)
	              Recheck Cond: ((id >= 3878795) AND (id <= 3879794))
	              ->  Bitmap Index Scan on sbtest4_pkey  (cost=0.00..21.75 rows=931 width=0)
	                    Index Cond: ((id >= 3878795) AND (id <= 3879794))

table 5 : explain SELECT DISTINCT c FROM sbtest5 WHERE id BETWEEN 115559 AND 116558 ORDER BY c
	Unique  (cost=3594.04..3598.63 rows=917 width=121)
	  ->  Sort  (cost=3594.04..3596.33 rows=917 width=121)
	        Sort Key: c
	        ->  Bitmap Heap Scan on sbtest5  (cost=21.83..3548.92 rows=917 width=121)
	              Recheck Cond: ((id >= 115559) AND (id <= 116558))
	              ->  Bitmap Index Scan on sbtest5_pkey  (cost=0.00..21.61 rows=917 width=0)
	                    Index Cond: ((id >= 115559) AND (id <= 116558))

table 6 : explain SELECT DISTINCT c FROM sbtest6 WHERE id BETWEEN 6235600 AND 6236599 ORDER BY c
	Unique  (cost=3693.77..3698.49 rows=943 width=121)
	  ->  Sort  (cost=3693.77..3696.13 rows=943 width=121)
	        Sort Key: c
	        ->  Bitmap Heap Scan on sbtest6  (cost=22.10..3647.18 rows=943 width=121)
	              Recheck Cond: ((id >= 6235600) AND (id <= 6236599))
	              ->  Bitmap Index Scan on sbtest6_pkey  (cost=0.00..21.86 rows=943 width=0)
	                    Index Cond: ((id >= 6235600) AND (id <= 6236599))

table 7 : explain SELECT DISTINCT c FROM sbtest7 WHERE id BETWEEN 6203622 AND 6204621 ORDER BY c
	Unique  (cost=4000.96..4006.08 rows=1023 width=121)
	  ->  Sort  (cost=4000.96..4003.52 rows=1023 width=121)
	        Sort Key: c
	        ->  Bitmap Heap Scan on sbtest7  (cost=22.92..3949.82 rows=1023 width=121)
	              Recheck Cond: ((id >= 6203622) AND (id <= 6204621))
	              ->  Bitmap Index Scan on sbtest7_pkey  (cost=0.00..22.66 rows=1023 width=0)
	                    Index Cond: ((id >= 6203622) AND (id <= 6204621))

table 8 : explain SELECT DISTINCT c FROM sbtest8 WHERE id BETWEEN 8244090 AND 8245089 ORDER BY c
	Unique  (cost=4306.61..4312.12 rows=1102 width=121)
	  ->  Sort  (cost=4306.61..4309.36 rows=1102 width=121)
	        Sort Key: c
	        ->  Bitmap Heap Scan on sbtest8  (cost=27.73..4250.92 rows=1102 width=121)
	              Recheck Cond: ((id >= 8244090) AND (id <= 8245089))
	              ->  Bitmap Index Scan on sbtest8_pkey  (cost=0.00..27.45 rows=1102 width=0)
	                    Index Cond: ((id >= 8244090) AND (id <= 8245089))

for: order_ranges
table 1 : explain SELECT c FROM sbtest1 WHERE id BETWEEN 5516962 AND 5517961 ORDER BY c
	Sort  (cost=4359.80..4362.60 rows=1118 width=121)
	  Sort Key: c
	  ->  Bitmap Heap Scan on sbtest1  (cost=27.89..4303.19 rows=1118 width=121)
	        Recheck Cond: ((id >= 5516962) AND (id <= 5517961))
	        ->  Bitmap Index Scan on sbtest1_pkey  (cost=0.00..27.61 rows=1118 width=0)
	              Index Cond: ((id >= 5516962) AND (id <= 5517961))

table 2 : explain SELECT c FROM sbtest2 WHERE id BETWEEN 9060184 AND 9061183 ORDER BY c
	Sort  (cost=3677.26..3679.61 rows=939 width=121)
	  Sort Key: c
	  ->  Bitmap Heap Scan on sbtest2  (cost=22.06..3630.90 rows=939 width=121)
	        Recheck Cond: ((id >= 9060184) AND (id <= 9061183))
	        ->  Bitmap Index Scan on sbtest2_pkey  (cost=0.00..21.82 rows=939 width=0)
	              Index Cond: ((id >= 9060184) AND (id <= 9061183))

table 3 : explain SELECT c FROM sbtest3 WHERE id BETWEEN 629326 AND 630325 ORDER BY c
	Sort  (cost=4086.48..4089.09 rows=1046 width=121)
	  Sort Key: c
	  ->  Bitmap Heap Scan on sbtest3  (cost=23.16..4034.02 rows=1046 width=121)
	        Recheck Cond: ((id >= 629326) AND (id <= 630325))
	        ->  Bitmap Index Scan on sbtest3_pkey  (cost=0.00..22.89 rows=1046 width=0)
	              Index Cond: ((id >= 629326) AND (id <= 630325))

table 4 : explain SELECT c FROM sbtest4 WHERE id BETWEEN 4464751 AND 4465750 ORDER BY c
	Sort  (cost=3640.03..3642.35 rows=929 width=121)
	  Sort Key: c
	  ->  Bitmap Heap Scan on sbtest4  (cost=21.96..3594.23 rows=929 width=121)
	        Recheck Cond: ((id >= 4464751) AND (id <= 4465750))
	        ->  Bitmap Index Scan on sbtest4_pkey  (cost=0.00..21.72 rows=929 width=0)
	              Index Cond: ((id >= 4464751) AND (id <= 4465750))

table 5 : explain SELECT c FROM sbtest5 WHERE id BETWEEN 640507 AND 641506 ORDER BY c
	Sort  (cost=3858.35..3860.82 rows=986 width=121)
	  Sort Key: c
	  ->  Bitmap Heap Scan on sbtest5  (cost=22.54..3809.32 rows=986 width=121)
	        Recheck Cond: ((id >= 640507) AND (id <= 641506))
	        ->  Bitmap Index Scan on sbtest5_pkey  (cost=0.00..22.29 rows=986 width=0)
	              Index Cond: ((id >= 640507) AND (id <= 641506))

table 6 : explain SELECT c FROM sbtest6 WHERE id BETWEEN 316645 AND 317644 ORDER BY c
	Sort  (cost=3498.19..3500.42 rows=892 width=121)
	  Sort Key: c
	  ->  Bitmap Heap Scan on sbtest6  (cost=21.58..3454.48 rows=892 width=121)
	        Recheck Cond: ((id >= 316645) AND (id <= 317644))
	        ->  Bitmap Index Scan on sbtest6_pkey  (cost=0.00..21.36 rows=892 width=0)
	              Index Cond: ((id >= 316645) AND (id <= 317644))

table 7 : explain SELECT c FROM sbtest7 WHERE id BETWEEN 8782085 AND 8783084 ORDER BY c
	Sort  (cost=3426.06..3428.24 rows=873 width=121)
	  Sort Key: c
	  ->  Bitmap Heap Scan on sbtest7  (cost=21.38..3383.42 rows=873 width=121)
	        Recheck Cond: ((id >= 8782085) AND (id <= 8783084))
	        ->  Bitmap Index Scan on sbtest7_pkey  (cost=0.00..21.16 rows=873 width=0)
	              Index Cond: ((id >= 8782085) AND (id <= 8783084))

table 8 : explain SELECT c FROM sbtest8 WHERE id BETWEEN 3124257 AND 3125256 ORDER BY c
	Sort  (cost=3901.47..3903.97 rows=997 width=121)
	  Sort Key: c
	  ->  Bitmap Heap Scan on sbtest8  (cost=22.65..3851.82 rows=997 width=121)
	        Recheck Cond: ((id >= 3124257) AND (id <= 3125256))
	        ->  Bitmap Index Scan on sbtest8_pkey  (cost=0.00..22.40 rows=997 width=0)
	              Index Cond: ((id >= 3124257) AND (id <= 3125256))

for: distinct_ranges
table 1 : explain SELECT DISTINCT c FROM sbtest1 WHERE id BETWEEN 1123873 AND 1124872 ORDER BY c
	Unique  (cost=4146.16..4151.47 rows=1062 width=121)
	  ->  Sort  (cost=4146.16..4148.81 rows=1062 width=121)
	        Sort Key: c
	        ->  Bitmap Heap Scan on sbtest1  (cost=23.32..4092.78 rows=1062 width=121)
	              Recheck Cond: ((id >= 1123873) AND (id <= 1124872))
	              ->  Bitmap Index Scan on sbtest1_pkey  (cost=0.00..23.05 rows=1062 width=0)
	                    Index Cond: ((id >= 1123873) AND (id <= 1124872))

table 2 : explain SELECT DISTINCT c FROM sbtest2 WHERE id BETWEEN 3925601 AND 3926600 ORDER BY c
	Unique  (cost=4006.22..4011.34 rows=1025 width=121)
	  ->  Sort  (cost=4006.22..4008.78 rows=1025 width=121)
	        Sort Key: c
	        ->  Bitmap Heap Scan on sbtest2  (cost=22.94..3954.96 rows=1025 width=121)
	              Recheck Cond: ((id >= 3925601) AND (id <= 3926600))
	              ->  Bitmap Index Scan on sbtest2_pkey  (cost=0.00..22.68 rows=1025 width=0)
	                    Index Cond: ((id >= 3925601) AND (id <= 3926600))

table 3 : explain SELECT DISTINCT c FROM sbtest3 WHERE id BETWEEN 1246946 AND 1247945 ORDER BY c
	Unique  (cost=4223.82..4229.23 rows=1082 width=121)
	  ->  Sort  (cost=4223.82..4226.53 rows=1082 width=121)
	        Sort Key: c
	        ->  Bitmap Heap Scan on sbtest3  (cost=23.53..4169.29 rows=1082 width=121)
	              Recheck Cond: ((id >= 1246946) AND (id <= 1247945))
	              ->  Bitmap Index Scan on sbtest3_pkey  (cost=0.00..23.25 rows=1082 width=0)
	                    Index Cond: ((id >= 1246946) AND (id <= 1247945))

table 4 : explain SELECT DISTINCT c FROM sbtest4 WHERE id BETWEEN 2653528 AND 2654527 ORDER BY c
	Unique  (cost=4099.15..4104.39 rows=1049 width=121)
	  ->  Sort  (cost=4099.15..4101.77 rows=1049 width=121)
	        Sort Key: c
	        ->  Bitmap Heap Scan on sbtest4  (cost=23.19..4046.51 rows=1049 width=121)
	              Recheck Cond: ((id >= 2653528) AND (id <= 2654527))
	              ->  Bitmap Index Scan on sbtest4_pkey  (cost=0.00..22.93 rows=1049 width=0)
	                    Index Cond: ((id >= 2653528) AND (id <= 2654527))

table 5 : explain SELECT DISTINCT c FROM sbtest5 WHERE id BETWEEN 6158268 AND 6159267 ORDER BY c
	Unique  (cost=4118.26..4123.53 rows=1054 width=121)
	  ->  Sort  (cost=4118.26..4120.90 rows=1054 width=121)
	        Sort Key: c
	        ->  Bitmap Heap Scan on sbtest5  (cost=23.24..4065.35 rows=1054 width=121)
	              Recheck Cond: ((id >= 6158268) AND (id <= 6159267))
	              ->  Bitmap Index Scan on sbtest5_pkey  (cost=0.00..22.97 rows=1054 width=0)
	                    Index Cond: ((id >= 6158268) AND (id <= 6159267))

table 6 : explain SELECT DISTINCT c FROM sbtest6 WHERE id BETWEEN 1009107 AND 1010106 ORDER BY c
	Unique  (cost=4240.47..4245.90 rows=1086 width=121)
	  ->  Sort  (cost=4240.47..4243.18 rows=1086 width=121)
	        Sort Key: c
	        ->  Bitmap Heap Scan on sbtest6  (cost=23.57..4185.70 rows=1086 width=121)
	              Recheck Cond: ((id >= 1009107) AND (id <= 1010106))
	              ->  Bitmap Index Scan on sbtest6_pkey  (cost=0.00..23.29 rows=1086 width=0)
	                    Index Cond: ((id >= 1009107) AND (id <= 1010106))

table 7 : explain SELECT DISTINCT c FROM sbtest7 WHERE id BETWEEN 2776458 AND 2777457 ORDER BY c
	Unique  (cost=3664.03..3668.70 rows=935 width=121)
	  ->  Sort  (cost=3664.03..3666.36 rows=935 width=121)
	        Sort Key: c
	        ->  Bitmap Heap Scan on sbtest7  (cost=22.02..3617.89 rows=935 width=121)
	              Recheck Cond: ((id >= 2776458) AND (id <= 2777457))
	              ->  Bitmap Index Scan on sbtest7_pkey  (cost=0.00..21.79 rows=935 width=0)
	                    Index Cond: ((id >= 2776458) AND (id <= 2777457))

table 8 : explain SELECT DISTINCT c FROM sbtest8 WHERE id BETWEEN 5316096 AND 5317095 ORDER BY c
	Unique  (cost=3897.65..3902.63 rows=996 width=121)
	  ->  Sort  (cost=3897.65..3900.14 rows=996 width=121)
	        Sort Key: c
	        ->  Bitmap Heap Scan on sbtest8  (cost=22.64..3848.05 rows=996 width=121)
	              Recheck Cond: ((id >= 5316096) AND (id <= 5317095))
	              ->  Bitmap Index Scan on sbtest8_pkey  (cost=0.00..22.39 rows=996 width=0)
	                    Index Cond: ((id >= 5316096) AND (id <= 5317095))

explain: for point_selects :: explain SELECT c FROM sbtest%u WHERE id=%u
for: sum_ranges
table 1 : explain SELECT SUM(k) FROM sbtest1 WHERE id BETWEEN 3550745 AND 3551744
	Aggregate  (cost=3820.72..3820.73 rows=1 width=8)
	  ->  Bitmap Heap Scan on sbtest1  (cost=22.57..3818.25 rows=989 width=4)
	        Recheck Cond: ((id >= 3550745) AND (id <= 3551744))
	        ->  Bitmap Index Scan on sbtest1_pkey  (cost=0.00..22.32 rows=989 width=0)
	              Index Cond: ((id >= 3550745) AND (id <= 3551744))

table 2 : explain SELECT SUM(k) FROM sbtest2 WHERE id BETWEEN 6617660 AND 6618659
	Aggregate  (cost=3840.74..3840.75 rows=1 width=8)
	  ->  Bitmap Heap Scan on sbtest2  (cost=22.62..3838.26 rows=994 width=4)
	        Recheck Cond: ((id >= 6617660) AND (id <= 6618659))
	        ->  Bitmap Index Scan on sbtest2_pkey  (cost=0.00..22.37 rows=994 width=0)
	              Index Cond: ((id >= 6617660) AND (id <= 6618659))

table 3 : explain SELECT SUM(k) FROM sbtest3 WHERE id BETWEEN 8916797 AND 8917796
	Aggregate  (cost=3402.70..3402.71 rows=1 width=8)
	  ->  Bitmap Heap Scan on sbtest3  (cost=21.43..3400.50 rows=878 width=4)
	        Recheck Cond: ((id >= 8916797) AND (id <= 8917796))
	        ->  Bitmap Index Scan on sbtest3_pkey  (cost=0.00..21.21 rows=878 width=0)
	              Index Cond: ((id >= 8916797) AND (id <= 8917796))

table 4 : explain SELECT SUM(k) FROM sbtest4 WHERE id BETWEEN 8334463 AND 8335462
	Aggregate  (cost=4139.43..4139.44 rows=1 width=8)
	  ->  Bitmap Heap Scan on sbtest4  (cost=23.43..4136.75 rows=1073 width=4)
	        Recheck Cond: ((id >= 8334463) AND (id <= 8335462))
	        ->  Bitmap Index Scan on sbtest4_pkey  (cost=0.00..23.16 rows=1073 width=0)
	              Index Cond: ((id >= 8334463) AND (id <= 8335462))

table 5 : explain SELECT SUM(k) FROM sbtest5 WHERE id BETWEEN 4896727 AND 4897726
	Aggregate  (cost=3830.65..3830.66 rows=1 width=8)
	  ->  Bitmap Heap Scan on sbtest5  (cost=22.59..3828.17 rows=991 width=4)
	        Recheck Cond: ((id >= 4896727) AND (id <= 4897726))
	        ->  Bitmap Index Scan on sbtest5_pkey  (cost=0.00..22.34 rows=991 width=0)
	              Index Cond: ((id >= 4896727) AND (id <= 4897726))

table 6 : explain SELECT SUM(k) FROM sbtest6 WHERE id BETWEEN 3447335 AND 3448334
	Aggregate  (cost=4000.30..4000.31 rows=1 width=8)
	  ->  Bitmap Heap Scan on sbtest6  (cost=23.05..3997.71 rows=1036 width=4)
	        Recheck Cond: ((id >= 3447335) AND (id <= 3448334))
	        ->  Bitmap Index Scan on sbtest6_pkey  (cost=0.00..22.79 rows=1036 width=0)
	              Index Cond: ((id >= 3447335) AND (id <= 3448334))

table 7 : explain SELECT SUM(k) FROM sbtest7 WHERE id BETWEEN 755540 AND 756539
	Aggregate  (cost=3431.05..3431.06 rows=1 width=8)
	  ->  Bitmap Heap Scan on sbtest7  (cost=21.51..3428.84 rows=885 width=4)
	        Recheck Cond: ((id >= 755540) AND (id <= 756539))
	        ->  Bitmap Index Scan on sbtest7_pkey  (cost=0.00..21.29 rows=885 width=0)
	              Index Cond: ((id >= 755540) AND (id <= 756539))

table 8 : explain SELECT SUM(k) FROM sbtest8 WHERE id BETWEEN 3566935 AND 3567934
	Aggregate  (cost=4317.59..4317.60 rows=1 width=8)
	  ->  Bitmap Heap Scan on sbtest8  (cost=27.92..4314.79 rows=1120 width=4)
	        Recheck Cond: ((id >= 3566935) AND (id <= 3567934))
	        ->  Bitmap Index Scan on sbtest8_pkey  (cost=0.00..27.64 rows=1120 width=0)
	              Index Cond: ((id >= 3566935) AND (id <= 3567934))

for: distinct_ranges
table 1 : explain SELECT DISTINCT c FROM sbtest1 WHERE id BETWEEN 5745251 AND 5746250 ORDER BY c
	Unique  (cost=4027.88..4033.04 rows=1031 width=121)
	  ->  Sort  (cost=4027.88..4030.46 rows=1031 width=121)
	        Sort Key: c
	        ->  Bitmap Heap Scan on sbtest1  (cost=23.00..3976.28 rows=1031 width=121)
	              Recheck Cond: ((id >= 5745251) AND (id <= 5746250))
	              ->  Bitmap Index Scan on sbtest1_pkey  (cost=0.00..22.75 rows=1031 width=0)
	                    Index Cond: ((id >= 5745251) AND (id <= 5746250))

table 2 : explain SELECT DISTINCT c FROM sbtest2 WHERE id BETWEEN 9822365 AND 9823364 ORDER BY c
	Unique  (cost=3903.04..3908.03 rows=998 width=121)
	  ->  Sort  (cost=3903.04..3905.53 rows=998 width=121)
	        Sort Key: c
	        ->  Bitmap Heap Scan on sbtest2  (cost=22.66..3853.32 rows=998 width=121)
	              Recheck Cond: ((id >= 9822365) AND (id <= 9823364))
	              ->  Bitmap Index Scan on sbtest2_pkey  (cost=0.00..22.41 rows=998 width=0)
	                    Index Cond: ((id >= 9822365) AND (id <= 9823364))

table 3 : explain SELECT DISTINCT c FROM sbtest3 WHERE id BETWEEN 8228381 AND 8229380 ORDER BY c
	Unique  (cost=3864.87..3869.81 rows=988 width=121)
	  ->  Sort  (cost=3864.87..3867.34 rows=988 width=121)
	        Sort Key: c
	        ->  Bitmap Heap Scan on sbtest3  (cost=22.56..3815.73 rows=988 width=121)
	              Recheck Cond: ((id >= 8228381) AND (id <= 8229380))
	              ->  Bitmap Index Scan on sbtest3_pkey  (cost=0.00..22.32 rows=988 width=0)
	                    Index Cond: ((id >= 8228381) AND (id <= 8229380))

table 4 : explain SELECT DISTINCT c FROM sbtest4 WHERE id BETWEEN 7975523 AND 7976522 ORDER BY c
	Unique  (cost=3854.50..3859.43 rows=985 width=121)
	  ->  Sort  (cost=3854.50..3856.97 rows=985 width=121)
	        Sort Key: c
	        ->  Bitmap Heap Scan on sbtest4  (cost=22.53..3805.53 rows=985 width=121)
	              Recheck Cond: ((id >= 7975523) AND (id <= 7976522))
	              ->  Bitmap Index Scan on sbtest4_pkey  (cost=0.00..22.29 rows=985 width=0)
	                    Index Cond: ((id >= 7975523) AND (id <= 7976522))

table 5 : explain SELECT DISTINCT c FROM sbtest5 WHERE id BETWEEN 9609443 AND 9610442 ORDER BY c
	Unique  (cost=3839.22..3844.13 rows=981 width=121)
	  ->  Sort  (cost=3839.22..3841.67 rows=981 width=121)
	        Sort Key: c
	        ->  Bitmap Heap Scan on sbtest5  (cost=22.49..3790.47 rows=981 width=121)
	              Recheck Cond: ((id >= 9609443) AND (id <= 9610442))
	              ->  Bitmap Index Scan on sbtest5_pkey  (cost=0.00..22.25 rows=981 width=0)
	                    Index Cond: ((id >= 9609443) AND (id <= 9610442))

table 6 : explain SELECT DISTINCT c FROM sbtest6 WHERE id BETWEEN 8743289 AND 8744288 ORDER BY c
	Unique  (cost=4061.05..4066.25 rows=1039 width=121)
	  ->  Sort  (cost=4061.05..4063.65 rows=1039 width=121)
	        Sort Key: c
	        ->  Bitmap Heap Scan on sbtest6  (cost=23.08..4009.00 rows=1039 width=121)
	              Recheck Cond: ((id >= 8743289) AND (id <= 8744288))
	              ->  Bitmap Index Scan on sbtest6_pkey  (cost=0.00..22.82 rows=1039 width=0)
	                    Index Cond: ((id >= 8743289) AND (id <= 8744288))

table 7 : explain SELECT DISTINCT c FROM sbtest7 WHERE id BETWEEN 8997702 AND 8998701 ORDER BY c
	Unique  (cost=3744.52..3749.30 rows=956 width=121)
	  ->  Sort  (cost=3744.52..3746.91 rows=956 width=121)
	        Sort Key: c
	        ->  Bitmap Heap Scan on sbtest7  (cost=22.23..3697.19 rows=956 width=121)
	              Recheck Cond: ((id >= 8997702) AND (id <= 8998701))
	              ->  Bitmap Index Scan on sbtest7_pkey  (cost=0.00..22.00 rows=956 width=0)
	                    Index Cond: ((id >= 8997702) AND (id <= 8998701))

table 8 : explain SELECT DISTINCT c FROM sbtest8 WHERE id BETWEEN 2777568 AND 2778567 ORDER BY c
	Unique  (cost=4142.49..4147.79 rows=1059 width=121)
	  ->  Sort  (cost=4142.49..4145.14 rows=1059 width=121)
	        Sort Key: c
	        ->  Bitmap Heap Scan on sbtest8  (cost=27.29..4089.28 rows=1059 width=121)
	              Recheck Cond: ((id >= 2777568) AND (id <= 2778567))
	              ->  Bitmap Index Scan on sbtest8_pkey  (cost=0.00..27.02 rows=1059 width=0)
	                    Index Cond: ((id >= 2777568) AND (id <= 2778567))

for: order_ranges
table 1 : explain SELECT c FROM sbtest1 WHERE id BETWEEN 2361357 AND 2362356 ORDER BY c
	Sort  (cost=3407.86..3410.03 rows=869 width=121)
	  Sort Key: c
	  ->  Bitmap Heap Scan on sbtest1  (cost=21.34..3365.44 rows=869 width=121)
	        Recheck Cond: ((id >= 2361357) AND (id <= 2362356))
	        ->  Bitmap Index Scan on sbtest1_pkey  (cost=0.00..21.12 rows=869 width=0)
	              Index Cond: ((id >= 2361357) AND (id <= 2362356))

table 2 : explain SELECT c FROM sbtest2 WHERE id BETWEEN 3533436 AND 3534435 ORDER BY c
	Sort  (cost=3719.39..3721.77 rows=950 width=121)
	  Sort Key: c
	  ->  Bitmap Heap Scan on sbtest2  (cost=22.17..3672.40 rows=950 width=121)
	        Recheck Cond: ((id >= 3533436) AND (id <= 3534435))
	        ->  Bitmap Index Scan on sbtest2_pkey  (cost=0.00..21.93 rows=950 width=0)
	              Index Cond: ((id >= 3533436) AND (id <= 3534435))

table 3 : explain SELECT c FROM sbtest3 WHERE id BETWEEN 7731936 AND 7732935 ORDER BY c
	Sort  (cost=3983.37..3985.91 rows=1019 width=121)
	  Sort Key: c
	  ->  Bitmap Heap Scan on sbtest3  (cost=22.88..3932.45 rows=1019 width=121)
	        Recheck Cond: ((id >= 7731936) AND (id <= 7732935))
	        ->  Bitmap Index Scan on sbtest3_pkey  (cost=0.00..22.62 rows=1019 width=0)
	              Index Cond: ((id >= 7731936) AND (id <= 7732935))

table 4 : explain SELECT c FROM sbtest4 WHERE id BETWEEN 3479817 AND 3480816 ORDER BY c
	Sort  (cost=4034.21..4036.79 rows=1032 width=121)
	  Sort Key: c
	  ->  Bitmap Heap Scan on sbtest4  (cost=23.01..3982.55 rows=1032 width=121)
	        Recheck Cond: ((id >= 3479817) AND (id <= 3480816))
	        ->  Bitmap Index Scan on sbtest4_pkey  (cost=0.00..22.75 rows=1032 width=0)
	              Index Cond: ((id >= 3479817) AND (id <= 3480816))

table 5 : explain SELECT c FROM sbtest5 WHERE id BETWEEN 5335175 AND 5336174 ORDER BY c
	Sort  (cost=3586.37..3588.66 rows=915 width=121)
	  Sort Key: c
	  ->  Bitmap Heap Scan on sbtest5  (cost=21.81..3541.36 rows=915 width=121)
	        Recheck Cond: ((id >= 5335175) AND (id <= 5336174))
	        ->  Bitmap Index Scan on sbtest5_pkey  (cost=0.00..21.58 rows=915 width=0)
	              Index Cond: ((id >= 5335175) AND (id <= 5336174))

table 6 : explain SELECT c FROM sbtest6 WHERE id BETWEEN 4574808 AND 4575807 ORDER BY c
	Sort  (cost=4141.25..4143.90 rows=1060 width=121)
	  Sort Key: c
	  ->  Bitmap Heap Scan on sbtest6  (cost=23.30..4087.98 rows=1060 width=121)
	        Recheck Cond: ((id >= 4574808) AND (id <= 4575807))
	        ->  Bitmap Index Scan on sbtest6_pkey  (cost=0.00..23.04 rows=1060 width=0)
	              Index Cond: ((id >= 4574808) AND (id <= 4575807))

table 7 : explain SELECT c FROM sbtest7 WHERE id BETWEEN 3573861 AND 3574860 ORDER BY c
	Sort  (cost=3958.90..3961.43 rows=1012 width=121)
	  Sort Key: c
	  ->  Bitmap Heap Scan on sbtest7  (cost=22.81..3908.38 rows=1012 width=121)
	        Recheck Cond: ((id >= 3573861) AND (id <= 3574860))
	        ->  Bitmap Index Scan on sbtest7_pkey  (cost=0.00..22.55 rows=1012 width=0)
	              Index Cond: ((id >= 3573861) AND (id <= 3574860))

table 8 : explain SELECT c FROM sbtest8 WHERE id BETWEEN 8189980 AND 8190979 ORDER BY c
	Sort  (cost=4306.61..4309.36 rows=1102 width=121)
	  Sort Key: c
	  ->  Bitmap Heap Scan on sbtest8  (cost=27.73..4250.92 rows=1102 width=121)
	        Recheck Cond: ((id >= 8189980) AND (id <= 8190979))
	        ->  Bitmap Index Scan on sbtest8_pkey  (cost=0.00..27.45 rows=1102 width=0)
	              Index Cond: ((id >= 8189980) AND (id <= 8190979))

for: distinct_ranges
table 1 : explain SELECT DISTINCT c FROM sbtest1 WHERE id BETWEEN 8760408 AND 8761407 ORDER BY c
	Unique  (cost=4454.94..4460.65 rows=1143 width=121)
	  ->  Sort  (cost=4454.94..4457.80 rows=1143 width=121)
	        Sort Key: c
	        ->  Bitmap Heap Scan on sbtest1  (cost=28.15..4396.88 rows=1143 width=121)
	              Recheck Cond: ((id >= 8760408) AND (id <= 8761407))
	              ->  Bitmap Index Scan on sbtest1_pkey  (cost=0.00..27.86 rows=1143 width=0)
	                    Index Cond: ((id >= 8760408) AND (id <= 8761407))

table 2 : explain SELECT DISTINCT c FROM sbtest2 WHERE id BETWEEN 7437492 AND 7438491 ORDER BY c
	Unique  (cost=3604.46..3609.06 rows=920 width=121)
	  ->  Sort  (cost=3604.46..3606.76 rows=920 width=121)
	        Sort Key: c
	        ->  Bitmap Heap Scan on sbtest2  (cost=21.87..3559.17 rows=920 width=121)
	              Recheck Cond: ((id >= 7437492) AND (id <= 7438491))
	              ->  Bitmap Index Scan on sbtest2_pkey  (cost=0.00..21.64 rows=920 width=0)
	                    Index Cond: ((id >= 7437492) AND (id <= 7438491))

table 3 : explain SELECT DISTINCT c FROM sbtest3 WHERE id BETWEEN 7265259 AND 7266258 ORDER BY c
	Unique  (cost=4261.95..4267.41 rows=1092 width=121)
	  ->  Sort  (cost=4261.95..4264.68 rows=1092 width=121)
	        Sort Key: c
	        ->  Bitmap Heap Scan on sbtest3  (cost=23.63..4206.84 rows=1092 width=121)
	              Recheck Cond: ((id >= 7265259) AND (id <= 7266258))
	              ->  Bitmap Index Scan on sbtest3_pkey  (cost=0.00..23.36 rows=1092 width=0)
	                    Index Cond: ((id >= 7265259) AND (id <= 7266258))

table 4 : explain SELECT DISTINCT c FROM sbtest4 WHERE id BETWEEN 7444499 AND 7445498 ORDER BY c
	Unique  (cost=3743.49..3748.27 rows=956 width=121)
	  ->  Sort  (cost=3743.49..3745.88 rows=956 width=121)
	        Sort Key: c
	        ->  Bitmap Heap Scan on sbtest4  (cost=22.23..3696.16 rows=956 width=121)
	              Recheck Cond: ((id >= 7444499) AND (id <= 7445498))
	              ->  Bitmap Index Scan on sbtest4_pkey  (cost=0.00..22.00 rows=956 width=0)
	                    Index Cond: ((id >= 7444499) AND (id <= 7445498))

table 5 : explain SELECT DISTINCT c FROM sbtest5 WHERE id BETWEEN 2427262 AND 2428261 ORDER BY c
	Unique  (cost=3942.50..3947.54 rows=1008 width=121)
	  ->  Sort  (cost=3942.50..3945.02 rows=1008 width=121)
	        Sort Key: c
	        ->  Bitmap Heap Scan on sbtest5  (cost=22.77..3892.22 rows=1008 width=121)
	              Recheck Cond: ((id >= 2427262) AND (id <= 2428261))
	              ->  Bitmap Index Scan on sbtest5_pkey  (cost=0.00..22.51 rows=1008 width=0)
	                    Index Cond: ((id >= 2427262) AND (id <= 2428261))

table 6 : explain SELECT DISTINCT c FROM sbtest6 WHERE id BETWEEN 9303157 AND 9304156 ORDER BY c
	Unique  (cost=3889.03..3894.00 rows=994 width=121)
	  ->  Sort  (cost=3889.03..3891.52 rows=994 width=121)
	        Sort Key: c
	        ->  Bitmap Heap Scan on sbtest6  (cost=22.62..3839.54 rows=994 width=121)
	              Recheck Cond: ((id >= 9303157) AND (id <= 9304156))
	              ->  Bitmap Index Scan on sbtest6_pkey  (cost=0.00..22.37 rows=994 width=0)
	                    Index Cond: ((id >= 9303157) AND (id <= 9304156))

table 7 : explain SELECT DISTINCT c FROM sbtest7 WHERE id BETWEEN 2737313 AND 2738312 ORDER BY c
	Unique  (cost=3664.03..3668.70 rows=935 width=121)
	  ->  Sort  (cost=3664.03..3666.36 rows=935 width=121)
	        Sort Key: c
	        ->  Bitmap Heap Scan on sbtest7  (cost=22.02..3617.89 rows=935 width=121)
	              Recheck Cond: ((id >= 2737313) AND (id <= 2738312))
	              ->  Bitmap Index Scan on sbtest7_pkey  (cost=0.00..21.79 rows=935 width=0)
	                    Index Cond: ((id >= 2737313) AND (id <= 2738312))

table 8 : explain SELECT DISTINCT c FROM sbtest8 WHERE id BETWEEN 8727065 AND 8728064 ORDER BY c
	Unique  (cost=3778.96..3783.79 rows=965 width=121)
	  ->  Sort  (cost=3778.96..3781.37 rows=965 width=121)
	        Sort Key: c
	        ->  Bitmap Heap Scan on sbtest8  (cost=22.33..3731.13 rows=965 width=121)
	              Recheck Cond: ((id >= 8727065) AND (id <= 8728064))
	              ->  Bitmap Index Scan on sbtest8_pkey  (cost=0.00..22.08 rows=965 width=0)
	                    Index Cond: ((id >= 8727065) AND (id <= 8728064))

explain: for point_selects :: explain SELECT c FROM sbtest%u WHERE id=%u
explain: for point_selects :: explain SELECT c FROM sbtest%u WHERE id=%u
for: distinct_ranges
table 1 : explain SELECT DISTINCT c FROM sbtest1 WHERE id BETWEEN 4865616 AND 4866615 ORDER BY c
	Unique  (cost=4134.72..4140.01 rows=1059 width=121)
	  ->  Sort  (cost=4134.72..4137.37 rows=1059 width=121)
	        Sort Key: c
	        ->  Bitmap Heap Scan on sbtest1  (cost=23.29..4081.51 rows=1059 width=121)
	              Recheck Cond: ((id >= 4865616) AND (id <= 4866615))
	              ->  Bitmap Index Scan on sbtest1_pkey  (cost=0.00..23.02 rows=1059 width=0)
	                    Index Cond: ((id >= 4865616) AND (id <= 4866615))

table 2 : explain SELECT DISTINCT c FROM sbtest2 WHERE id BETWEEN 1597594 AND 1598593 ORDER BY c
	Unique  (cost=3922.15..3927.17 rows=1003 width=121)
	  ->  Sort  (cost=3922.15..3924.66 rows=1003 width=121)
	        Sort Key: c
	        ->  Bitmap Heap Scan on sbtest2  (cost=22.72..3872.15 rows=1003 width=121)
	              Recheck Cond: ((id >= 1597594) AND (id <= 1598593))
	              ->  Bitmap Index Scan on sbtest2_pkey  (cost=0.00..22.46 rows=1003 width=0)
	                    Index Cond: ((id >= 1597594) AND (id <= 1598593))

table 3 : explain SELECT DISTINCT c FROM sbtest3 WHERE id BETWEEN 742549 AND 743548 ORDER BY c
	Unique  (cost=3906.93..3911.93 rows=999 width=121)
	  ->  Sort  (cost=3906.93..3909.43 rows=999 width=121)
	        Sort Key: c
	        ->  Bitmap Heap Scan on sbtest3  (cost=22.67..3857.16 rows=999 width=121)
	              Recheck Cond: ((id >= 742549) AND (id <= 743548))
	              ->  Bitmap Index Scan on sbtest3_pkey  (cost=0.00..22.43 rows=999 width=0)
	                    Index Cond: ((id >= 742549) AND (id <= 743548))

table 4 : explain SELECT DISTINCT c FROM sbtest4 WHERE id BETWEEN 6818908 AND 6819907 ORDER BY c
	Unique  (cost=4221.28..4226.69 rows=1081 width=121)
	  ->  Sort  (cost=4221.28..4223.99 rows=1081 width=121)
	        Sort Key: c
	        ->  Bitmap Heap Scan on sbtest4  (cost=23.52..4166.81 rows=1081 width=121)
	              Recheck Cond: ((id >= 6818908) AND (id <= 6819907))
	              ->  Bitmap Index Scan on sbtest4_pkey  (cost=0.00..23.25 rows=1081 width=0)
	                    Index Cond: ((id >= 6818908) AND (id <= 6819907))

table 5 : explain SELECT DISTINCT c FROM sbtest5 WHERE id BETWEEN 7861623 AND 7862622 ORDER BY c
	Unique  (cost=3953.97..3959.03 rows=1011 width=121)
	  ->  Sort  (cost=3953.97..3956.50 rows=1011 width=121)
	        Sort Key: c
	        ->  Bitmap Heap Scan on sbtest5  (cost=22.80..3903.52 rows=1011 width=121)
	              Recheck Cond: ((id >= 7861623) AND (id <= 7862622))
	              ->  Bitmap Index Scan on sbtest5_pkey  (cost=0.00..22.54 rows=1011 width=0)
	                    Index Cond: ((id >= 7861623) AND (id <= 7862622))

table 6 : explain SELECT DISTINCT c FROM sbtest6 WHERE id BETWEEN 4816964 AND 4817963 ORDER BY c
	Unique  (cost=3628.61..3633.24 rows=926 width=121)
	  ->  Sort  (cost=3628.61..3630.93 rows=926 width=121)
	        Sort Key: c
	        ->  Bitmap Heap Scan on sbtest6  (cost=21.93..3582.99 rows=926 width=121)
	              Recheck Cond: ((id >= 4816964) AND (id <= 4817963))
	              ->  Bitmap Index Scan on sbtest6_pkey  (cost=0.00..21.69 rows=926 width=0)
	                    Index Cond: ((id >= 4816964) AND (id <= 4817963))

table 7 : explain SELECT DISTINCT c FROM sbtest7 WHERE id BETWEEN 8819039 AND 8820038 ORDER BY c
	Unique  (cost=3920.64..3925.65 rows=1002 width=121)
	  ->  Sort  (cost=3920.64..3923.15 rows=1002 width=121)
	        Sort Key: c
	        ->  Bitmap Heap Scan on sbtest7  (cost=22.71..3870.70 rows=1002 width=121)
	              Recheck Cond: ((id >= 8819039) AND (id <= 8820038))
	              ->  Bitmap Index Scan on sbtest7_pkey  (cost=0.00..22.45 rows=1002 width=0)
	                    Index Cond: ((id >= 8819039) AND (id <= 8820038))

table 8 : explain SELECT DISTINCT c FROM sbtest8 WHERE id BETWEEN 8969702 AND 8970701 ORDER BY c
	Unique  (cost=3621.81..3626.43 rows=924 width=121)
	  ->  Sort  (cost=3621.81..3624.12 rows=924 width=121)
	        Sort Key: c
	        ->  Bitmap Heap Scan on sbtest8  (cost=21.91..3576.29 rows=924 width=121)
	              Recheck Cond: ((id >= 8969702) AND (id <= 8970701))
	              ->  Bitmap Index Scan on sbtest8_pkey  (cost=0.00..21.68 rows=924 width=0)
	                    Index Cond: ((id >= 8969702) AND (id <= 8970701))

for: order_ranges
table 1 : explain SELECT c FROM sbtest1 WHERE id BETWEEN 2150540 AND 2151539 ORDER BY c
	Sort  (cost=4077.50..4080.11 rows=1044 width=121)
	  Sort Key: c
	  ->  Bitmap Heap Scan on sbtest1  (cost=23.14..4025.15 rows=1044 width=121)
	        Recheck Cond: ((id >= 2150540) AND (id <= 2151539))
	        ->  Bitmap Index Scan on sbtest1_pkey  (cost=0.00..22.87 rows=1044 width=0)
	              Index Cond: ((id >= 2150540) AND (id <= 2151539))

table 2 : explain SELECT c FROM sbtest2 WHERE id BETWEEN 3146357 AND 3147356 ORDER BY c
	Sort  (cost=3983.30..3985.84 rows=1019 width=121)
	  Sort Key: c
	  ->  Bitmap Heap Scan on sbtest2  (cost=22.88..3932.38 rows=1019 width=121)
	        Recheck Cond: ((id >= 3146357) AND (id <= 3147356))
	        ->  Bitmap Index Scan on sbtest2_pkey  (cost=0.00..22.62 rows=1019 width=0)
	              Index Cond: ((id >= 3146357) AND (id <= 3147356))

table 3 : explain SELECT c FROM sbtest3 WHERE id BETWEEN 7006478 AND 7007477 ORDER BY c
	Sort  (cost=3945.16..3947.68 rows=1009 width=121)
	  Sort Key: c
	  ->  Bitmap Heap Scan on sbtest3  (cost=22.78..3894.81 rows=1009 width=121)
	        Recheck Cond: ((id >= 7006478) AND (id <= 7007477))
	        ->  Bitmap Index Scan on sbtest3_pkey  (cost=0.00..22.52 rows=1009 width=0)
	              Index Cond: ((id >= 7006478) AND (id <= 7007477))

table 4 : explain SELECT c FROM sbtest4 WHERE id BETWEEN 4603106 AND 4604105 ORDER BY c
	Sort  (cost=3869.81..3872.28 rows=989 width=121)
	  Sort Key: c
	  ->  Bitmap Heap Scan on sbtest4  (cost=22.57..3820.61 rows=989 width=121)
	        Recheck Cond: ((id >= 4603106) AND (id <= 4604105))
	        ->  Bitmap Index Scan on sbtest4_pkey  (cost=0.00..22.32 rows=989 width=0)
	              Index Cond: ((id >= 4603106) AND (id <= 4604105))

table 5 : explain SELECT c FROM sbtest5 WHERE id BETWEEN 3754470 AND 3755469 ORDER BY c
	Sort  (cost=4060.98..4063.58 rows=1039 width=121)
	  Sort Key: c
	  ->  Bitmap Heap Scan on sbtest5  (cost=23.08..4008.92 rows=1039 width=121)
	        Recheck Cond: ((id >= 3754470) AND (id <= 3755469))
	        ->  Bitmap Index Scan on sbtest5_pkey  (cost=0.00..22.82 rows=1039 width=0)
	              Index Cond: ((id >= 3754470) AND (id <= 3755469))

table 6 : explain SELECT c FROM sbtest6 WHERE id BETWEEN 5565919 AND 5566918 ORDER BY c
	Sort  (cost=3747.40..3749.80 rows=957 width=121)
	  Sort Key: c
	  ->  Bitmap Heap Scan on sbtest6  (cost=22.24..3700.02 rows=957 width=121)
	        Recheck Cond: ((id >= 5565919) AND (id <= 5566918))
	        ->  Bitmap Index Scan on sbtest6_pkey  (cost=0.00..22.00 rows=957 width=0)
	              Index Cond: ((id >= 5565919) AND (id <= 5566918))

table 7 : explain SELECT c FROM sbtest7 WHERE id BETWEEN 4451232 AND 4452231 ORDER BY c
	Sort  (cost=4687.58..4690.59 rows=1203 width=121)
	  Sort Key: c
	  ->  Bitmap Heap Scan on sbtest7  (cost=28.77..4626.03 rows=1203 width=121)
	        Recheck Cond: ((id >= 4451232) AND (id <= 4452231))
	        ->  Bitmap Index Scan on sbtest7_pkey  (cost=0.00..28.46 rows=1203 width=0)
	              Index Cond: ((id >= 4451232) AND (id <= 4452231))

table 8 : explain SELECT c FROM sbtest8 WHERE id BETWEEN 6430866 AND 6431865 ORDER BY c
	Sort  (cost=3817.26..3819.70 rows=975 width=121)
	  Sort Key: c
	  ->  Bitmap Heap Scan on sbtest8  (cost=22.43..3768.86 rows=975 width=121)
	        Recheck Cond: ((id >= 6430866) AND (id <= 6431865))
	        ->  Bitmap Index Scan on sbtest8_pkey  (cost=0.00..22.18 rows=975 width=0)
	              Index Cond: ((id >= 6430866) AND (id <= 6431865))

for point_selects
table 1 : explain SELECT c FROM sbtest1 WHERE id=5081389
	Index Scan using sbtest1_pkey on sbtest1  (cost=0.43..8.45 rows=1 width=121)
	  Index Cond: (id = 5081389)

table 2 : explain SELECT c FROM sbtest2 WHERE id=8438660
	Index Scan using sbtest2_pkey on sbtest2  (cost=0.43..8.45 rows=1 width=121)
	  Index Cond: (id = 8438660)

table 3 : explain SELECT c FROM sbtest3 WHERE id=8140451
	Index Scan using sbtest3_pkey on sbtest3  (cost=0.43..8.45 rows=1 width=121)
	  Index Cond: (id = 8140451)

table 4 : explain SELECT c FROM sbtest4 WHERE id=2709837
	Index Scan using sbtest4_pkey on sbtest4  (cost=0.43..8.45 rows=1 width=121)
	  Index Cond: (id = 2709837)

table 5 : explain SELECT c FROM sbtest5 WHERE id=8233574
	Index Scan using sbtest5_pkey on sbtest5  (cost=0.43..8.45 rows=1 width=121)
	  Index Cond: (id = 8233574)

table 6 : explain SELECT c FROM sbtest6 WHERE id=7928889
	Index Scan using sbtest6_pkey on sbtest6  (cost=0.43..8.45 rows=1 width=121)
	  Index Cond: (id = 7928889)

table 7 : explain SELECT c FROM sbtest7 WHERE id=6557178
	Index Scan using sbtest7_pkey on sbtest7  (cost=0.43..8.45 rows=1 width=121)
	  Index Cond: (id = 6557178)

table 8 : explain SELECT c FROM sbtest8 WHERE id=1604727
	Index Scan using sbtest8_pkey on sbtest8  (cost=0.43..8.45 rows=1 width=121)
	  Index Cond: (id = 1604727)

for: distinct_ranges
table 1 : explain SELECT DISTINCT c FROM sbtest1 WHERE id BETWEEN 8310764 AND 8311763 ORDER BY c
	Unique  (cost=4176.66..4182.01 rows=1070 width=121)
	  ->  Sort  (cost=4176.66..4179.34 rows=1070 width=121)
	        Sort Key: c
	        ->  Bitmap Heap Scan on sbtest1  (cost=23.40..4122.82 rows=1070 width=121)
	              Recheck Cond: ((id >= 8310764) AND (id <= 8311763))
	              ->  Bitmap Index Scan on sbtest1_pkey  (cost=0.00..23.14 rows=1070 width=0)
	                    Index Cond: ((id >= 8310764) AND (id <= 8311763))

table 2 : explain SELECT DISTINCT c FROM sbtest2 WHERE id BETWEEN 9587202 AND 9588201 ORDER BY c
	Unique  (cost=3615.96..3620.58 rows=923 width=121)
	  ->  Sort  (cost=3615.96..3618.27 rows=923 width=121)
	        Sort Key: c
	        ->  Bitmap Heap Scan on sbtest2  (cost=21.90..3570.50 rows=923 width=121)
	              Recheck Cond: ((id >= 9587202) AND (id <= 9588201))
	              ->  Bitmap Index Scan on sbtest2_pkey  (cost=0.00..21.66 rows=923 width=0)
	                    Index Cond: ((id >= 9587202) AND (id <= 9588201))

table 3 : explain SELECT DISTINCT c FROM sbtest3 WHERE id BETWEEN 9229954 AND 9230953 ORDER BY c
	Unique  (cost=3604.53..3609.13 rows=920 width=121)
	  ->  Sort  (cost=3604.53..3606.83 rows=920 width=121)
	        Sort Key: c
	        ->  Bitmap Heap Scan on sbtest3  (cost=21.87..3559.24 rows=920 width=121)
	              Recheck Cond: ((id >= 9229954) AND (id <= 9230953))
	              ->  Bitmap Index Scan on sbtest3_pkey  (cost=0.00..21.64 rows=920 width=0)
	                    Index Cond: ((id >= 9229954) AND (id <= 9230953))

table 4 : explain SELECT DISTINCT c FROM sbtest4 WHERE id BETWEEN 5960657 AND 5961656 ORDER BY c
	Unique  (cost=4267.05..4272.52 rows=1093 width=121)
	  ->  Sort  (cost=4267.05..4269.79 rows=1093 width=121)
	        Sort Key: c
	        ->  Bitmap Heap Scan on sbtest4  (cost=23.64..4211.89 rows=1093 width=121)
	              Recheck Cond: ((id >= 5960657) AND (id <= 5961656))
	              ->  Bitmap Index Scan on sbtest4_pkey  (cost=0.00..23.36 rows=1093 width=0)
	                    Index Cond: ((id >= 5960657) AND (id <= 5961656))

table 5 : explain SELECT DISTINCT c FROM sbtest5 WHERE id BETWEEN 2497738 AND 2498737 ORDER BY c
	Unique  (cost=3617.05..3621.66 rows=923 width=121)
	  ->  Sort  (cost=3617.05..3619.36 rows=923 width=121)
	        Sort Key: c
	        ->  Bitmap Heap Scan on sbtest5  (cost=21.90..3571.59 rows=923 width=121)
	              Recheck Cond: ((id >= 2497738) AND (id <= 2498737))
	              ->  Bitmap Index Scan on sbtest5_pkey  (cost=0.00..21.66 rows=923 width=0)
	                    Index Cond: ((id >= 2497738) AND (id <= 2498737))

table 6 : explain SELECT DISTINCT c FROM sbtest6 WHERE id BETWEEN 7844002 AND 7845001 ORDER BY c
	Unique  (cost=3950.22..3955.27 rows=1010 width=121)
	  ->  Sort  (cost=3950.22..3952.75 rows=1010 width=121)
	        Sort Key: c
	        ->  Bitmap Heap Scan on sbtest6  (cost=22.79..3899.82 rows=1010 width=121)
	              Recheck Cond: ((id >= 7844002) AND (id <= 7845001))
	              ->  Bitmap Index Scan on sbtest6_pkey  (cost=0.00..22.54 rows=1010 width=0)
	                    Index Cond: ((id >= 7844002) AND (id <= 7845001))

table 7 : explain SELECT DISTINCT c FROM sbtest7 WHERE id BETWEEN 6505956 AND 6506955 ORDER BY c
	Unique  (cost=4149.99..4155.30 rows=1062 width=121)
	  ->  Sort  (cost=4149.99..4152.64 rows=1062 width=121)
	        Sort Key: c
	        ->  Bitmap Heap Scan on sbtest7  (cost=23.32..4096.61 rows=1062 width=121)
	              Recheck Cond: ((id >= 6505956) AND (id <= 6506955))
	              ->  Bitmap Index Scan on sbtest7_pkey  (cost=0.00..23.05 rows=1062 width=0)
	                    Index Cond: ((id >= 6505956) AND (id <= 6506955))

table 8 : explain SELECT DISTINCT c FROM sbtest8 WHERE id BETWEEN 6081232 AND 6082231 ORDER BY c
	Unique  (cost=3920.61..3925.62 rows=1002 width=121)
	  ->  Sort  (cost=3920.61..3923.11 rows=1002 width=121)
	        Sort Key: c
	        ->  Bitmap Heap Scan on sbtest8  (cost=22.71..3870.66 rows=1002 width=121)
	              Recheck Cond: ((id >= 6081232) AND (id <= 6082231))
	              ->  Bitmap Index Scan on sbtest8_pkey  (cost=0.00..22.45 rows=1002 width=0)
	                    Index Cond: ((id >= 6081232) AND (id <= 6082231))

for point_selects
table 1 : explain SELECT c FROM sbtest1 WHERE id=925088
	Index Scan using sbtest1_pkey on sbtest1  (cost=0.43..8.45 rows=1 width=121)
	  Index Cond: (id = 925088)

table 2 : explain SELECT c FROM sbtest2 WHERE id=2198418
	Index Scan using sbtest2_pkey on sbtest2  (cost=0.43..8.45 rows=1 width=121)
	  Index Cond: (id = 2198418)

table 3 : explain SELECT c FROM sbtest3 WHERE id=2793789
	Index Scan using sbtest3_pkey on sbtest3  (cost=0.43..8.45 rows=1 width=121)
	  Index Cond: (id = 2793789)

table 4 : explain SELECT c FROM sbtest4 WHERE id=568639
	Index Scan using sbtest4_pkey on sbtest4  (cost=0.43..8.45 rows=1 width=121)
	  Index Cond: (id = 568639)

table 5 : explain SELECT c FROM sbtest5 WHERE id=1585878
	Index Scan using sbtest5_pkey on sbtest5  (cost=0.43..8.45 rows=1 width=121)
	  Index Cond: (id = 1585878)

table 6 : explain SELECT c FROM sbtest6 WHERE id=1113288
	Index Scan using sbtest6_pkey on sbtest6  (cost=0.43..8.45 rows=1 width=121)
	  Index Cond: (id = 1113288)

table 7 : explain SELECT c FROM sbtest7 WHERE id=8658172
	Index Scan using sbtest7_pkey on sbtest7  (cost=0.43..8.45 rows=1 width=121)
	  Index Cond: (id = 8658172)

table 8 : explain SELECT c FROM sbtest8 WHERE id=1345176
	Index Scan using sbtest8_pkey on sbtest8  (cost=0.43..8.45 rows=1 width=121)
	  Index Cond: (id = 1345176)

for point_selects
table 1 : explain SELECT c FROM sbtest1 WHERE id=5063250
	Index Scan using sbtest1_pkey on sbtest1  (cost=0.43..8.45 rows=1 width=121)
	  Index Cond: (id = 5063250)

table 2 : explain SELECT c FROM sbtest2 WHERE id=7602437
	Index Scan using sbtest2_pkey on sbtest2  (cost=0.43..8.45 rows=1 width=121)
	  Index Cond: (id = 7602437)

table 3 : explain SELECT c FROM sbtest3 WHERE id=7505794
	Index Scan using sbtest3_pkey on sbtest3  (cost=0.43..8.45 rows=1 width=121)
	  Index Cond: (id = 7505794)

table 4 : explain SELECT c FROM sbtest4 WHERE id=2329206
	Index Scan using sbtest4_pkey on sbtest4  (cost=0.43..8.45 rows=1 width=121)
	  Index Cond: (id = 2329206)

table 5 : explain SELECT c FROM sbtest5 WHERE id=4740771
	Index Scan using sbtest5_pkey on sbtest5  (cost=0.43..8.45 rows=1 width=121)
	  Index Cond: (id = 4740771)

table 6 : explain SELECT c FROM sbtest6 WHERE id=751360
	Index Scan using sbtest6_pkey on sbtest6  (cost=0.43..8.45 rows=1 width=121)
	  Index Cond: (id = 751360)

table 7 : explain SELECT c FROM sbtest7 WHERE id=5679756
	Index Scan using sbtest7_pkey on sbtest7  (cost=0.43..8.45 rows=1 width=121)
	  Index Cond: (id = 5679756)

table 8 : explain SELECT c FROM sbtest8 WHERE id=9576737
	Index Scan using sbtest8_pkey on sbtest8  (cost=0.43..8.45 rows=1 width=121)
	  Index Cond: (id = 9576737)

for: simple_ranges
table 1 : explain SELECT c FROM sbtest1 WHERE id BETWEEN 4485221 AND 4486220
	Bitmap Heap Scan on sbtest1  (cost=22.83..3912.35 rows=1014 width=121)
	  Recheck Cond: ((id >= 4485221) AND (id <= 4486220))
	  ->  Bitmap Index Scan on sbtest1_pkey  (cost=0.00..22.57 rows=1014 width=0)
	        Index Cond: ((id >= 4485221) AND (id <= 4486220))

table 2 : explain SELECT c FROM sbtest2 WHERE id BETWEEN 5198331 AND 5199330
	Bitmap Heap Scan on sbtest2  (cost=22.74..3879.68 rows=1005 width=121)
	  Recheck Cond: ((id >= 5198331) AND (id <= 5199330))
	  ->  Bitmap Index Scan on sbtest2_pkey  (cost=0.00..22.48 rows=1005 width=0)
	        Index Cond: ((id >= 5198331) AND (id <= 5199330))

table 3 : explain SELECT c FROM sbtest3 WHERE id BETWEEN 108425 AND 109424
	Bitmap Heap Scan on sbtest3  (cost=23.54..4173.05 rows=1083 width=121)
	  Recheck Cond: ((id >= 108425) AND (id <= 109424))
	  ->  Bitmap Index Scan on sbtest3_pkey  (cost=0.00..23.26 rows=1083 width=0)
	        Index Cond: ((id >= 108425) AND (id <= 109424))

table 4 : explain SELECT c FROM sbtest4 WHERE id BETWEEN 3148758 AND 3149757
	Bitmap Heap Scan on sbtest4  (cost=22.85..3922.32 rows=1016 width=121)
	  Recheck Cond: ((id >= 3148758) AND (id <= 3149757))
	  ->  Bitmap Index Scan on sbtest4_pkey  (cost=0.00..22.59 rows=1016 width=0)
	        Index Cond: ((id >= 3148758) AND (id <= 3149757))

table 5 : explain SELECT c FROM sbtest5 WHERE id BETWEEN 7209097 AND 7210096
	Bitmap Heap Scan on sbtest5  (cost=22.36..3741.45 rows=968 width=121)
	  Recheck Cond: ((id >= 7209097) AND (id <= 7210096))
	  ->  Bitmap Index Scan on sbtest5_pkey  (cost=0.00..22.11 rows=968 width=0)
	        Index Cond: ((id >= 7209097) AND (id <= 7210096))

table 6 : explain SELECT c FROM sbtest6 WHERE id BETWEEN 8468628 AND 8469627
	Bitmap Heap Scan on sbtest6  (cost=22.59..3828.24 rows=991 width=121)
	  Recheck Cond: ((id >= 8468628) AND (id <= 8469627))
	  ->  Bitmap Index Scan on sbtest6_pkey  (cost=0.00..22.34 rows=991 width=0)
	        Index Cond: ((id >= 8468628) AND (id <= 8469627))

table 7 : explain SELECT c FROM sbtest7 WHERE id BETWEEN 7257227 AND 7258226
	Bitmap Heap Scan on sbtest7  (cost=27.49..4164.53 rows=1079 width=121)
	  Recheck Cond: ((id >= 7257227) AND (id <= 7258226))
	  ->  Bitmap Index Scan on sbtest7_pkey  (cost=0.00..27.22 rows=1079 width=0)
	        Index Cond: ((id >= 7257227) AND (id <= 7258226))

table 8 : explain SELECT c FROM sbtest8 WHERE id BETWEEN 8895629 AND 8896628
	Bitmap Heap Scan on sbtest8  (cost=21.91..3576.29 rows=924 width=121)
	  Recheck Cond: ((id >= 8895629) AND (id <= 8896628))
	  ->  Bitmap Index Scan on sbtest8_pkey  (cost=0.00..21.68 rows=924 width=0)
	        Index Cond: ((id >= 8895629) AND (id <= 8896628))

for: simple_ranges
table 1 : explain SELECT c FROM sbtest1 WHERE id BETWEEN 8223340 AND 8224339
	Bitmap Heap Scan on sbtest1  (cost=23.47..4149.11 rows=1077 width=121)
	  Recheck Cond: ((id >= 8223340) AND (id <= 8224339))
	  ->  Bitmap Index Scan on sbtest1_pkey  (cost=0.00..23.20 rows=1077 width=0)
	        Index Cond: ((id >= 8223340) AND (id <= 8224339))

table 2 : explain SELECT c FROM sbtest2 WHERE id BETWEEN 5587851 AND 5588850
	Bitmap Heap Scan on sbtest2  (cost=28.19..4413.33 rows=1147 width=121)
	  Recheck Cond: ((id >= 5587851) AND (id <= 5588850))
	  ->  Bitmap Index Scan on sbtest2_pkey  (cost=0.00..27.90 rows=1147 width=0)
	        Index Cond: ((id >= 5587851) AND (id <= 5588850))

table 3 : explain SELECT c FROM sbtest3 WHERE id BETWEEN 4395477 AND 4396476
	Bitmap Heap Scan on sbtest3  (cost=22.60..3830.79 rows=992 width=121)
	  Recheck Cond: ((id >= 4395477) AND (id <= 4396476))
	  ->  Bitmap Index Scan on sbtest3_pkey  (cost=0.00..22.36 rows=992 width=0)
	        Index Cond: ((id >= 4395477) AND (id <= 4396476))

table 4 : explain SELECT c FROM sbtest4 WHERE id BETWEEN 5641874 AND 5642873
	Bitmap Heap Scan on sbtest4  (cost=23.30..4087.88 rows=1060 width=121)
	  Recheck Cond: ((id >= 5641874) AND (id <= 5642873))
	  ->  Bitmap Index Scan on sbtest4_pkey  (cost=0.00..23.04 rows=1060 width=0)
	        Index Cond: ((id >= 5641874) AND (id <= 5642873))

table 5 : explain SELECT c FROM sbtest5 WHERE id BETWEEN 7535561 AND 7536560
	Bitmap Heap Scan on sbtest5  (cost=23.05..3997.63 rows=1036 width=121)
	  Recheck Cond: ((id >= 7535561) AND (id <= 7536560))
	  ->  Bitmap Index Scan on sbtest5_pkey  (cost=0.00..22.79 rows=1036 width=0)
	        Index Cond: ((id >= 7535561) AND (id <= 7536560))

table 6 : explain SELECT c FROM sbtest6 WHERE id BETWEEN 2521159 AND 2522158
	Bitmap Heap Scan on sbtest6  (cost=22.74..3880.99 rows=1005 width=121)
	  Recheck Cond: ((id >= 2521159) AND (id <= 2522158))
	  ->  Bitmap Index Scan on sbtest6_pkey  (cost=0.00..22.48 rows=1005 width=0)
	        Index Cond: ((id >= 2521159) AND (id <= 2522158))

table 7 : explain SELECT c FROM sbtest7 WHERE id BETWEEN 1653511 AND 1654510
	Bitmap Heap Scan on sbtest7  (cost=21.93..3583.88 rows=926 width=121)
	  Recheck Cond: ((id >= 1653511) AND (id <= 1654510))
	  ->  Bitmap Index Scan on sbtest7_pkey  (cost=0.00..21.69 rows=926 width=0)
	        Index Cond: ((id >= 1653511) AND (id <= 1654510))

table 8 : explain SELECT c FROM sbtest8 WHERE id BETWEEN 147830 AND 148829
	Bitmap Heap Scan on sbtest8  (cost=21.25..3334.16 rows=860 width=121)
	  Recheck Cond: ((id >= 147830) AND (id <= 148829))
	  ->  Bitmap Index Scan on sbtest8_pkey  (cost=0.00..21.04 rows=860 width=0)
	        Index Cond: ((id >= 147830) AND (id <= 148829))

for: simple_ranges
table 1 : explain SELECT c FROM sbtest1 WHERE id BETWEEN 13249 AND 14248
	Bitmap Heap Scan on sbtest1  (cost=22.33..3727.84 rows=965 width=121)
	  Recheck Cond: ((id >= 13249) AND (id <= 14248))
	  ->  Bitmap Index Scan on sbtest1_pkey  (cost=0.00..22.08 rows=965 width=0)
	        Index Cond: ((id >= 13249) AND (id <= 14248))

table 2 : explain SELECT c FROM sbtest2 WHERE id BETWEEN 4171671 AND 4172670
	Bitmap Heap Scan on sbtest2  (cost=23.11..4015.14 rows=1041 width=121)
	  Recheck Cond: ((id >= 4171671) AND (id <= 4172670))
	  ->  Bitmap Index Scan on sbtest2_pkey  (cost=0.00..22.84 rows=1041 width=0)
	        Index Cond: ((id >= 4171671) AND (id <= 4172670))

table 3 : explain SELECT c FROM sbtest3 WHERE id BETWEEN 7498213 AND 7499212
	Bitmap Heap Scan on sbtest3  (cost=22.40..3755.43 rows=972 width=121)
	  Recheck Cond: ((id >= 7498213) AND (id <= 7499212))
	  ->  Bitmap Index Scan on sbtest3_pkey  (cost=0.00..22.15 rows=972 width=0)
	        Index Cond: ((id >= 7498213) AND (id <= 7499212))

table 4 : explain SELECT c FROM sbtest4 WHERE id BETWEEN 1502810 AND 1503809
	Bitmap Heap Scan on sbtest4  (cost=22.08..3639.55 rows=941 width=121)
	  Recheck Cond: ((id >= 1502810) AND (id <= 1503809))
	  ->  Bitmap Index Scan on sbtest4_pkey  (cost=0.00..21.84 rows=941 width=0)
	        Index Cond: ((id >= 1502810) AND (id <= 1503809))

table 5 : explain SELECT c FROM sbtest5 WHERE id BETWEEN 6798996 AND 6799995
	Bitmap Heap Scan on sbtest5  (cost=22.72..3873.38 rows=1003 width=121)
	  Recheck Cond: ((id >= 6798996) AND (id <= 6799995))
	  ->  Bitmap Index Scan on sbtest5_pkey  (cost=0.00..22.46 rows=1003 width=0)
	        Index Cond: ((id >= 6798996) AND (id <= 6799995))

table 6 : explain SELECT c FROM sbtest6 WHERE id BETWEEN 7306432 AND 7307431
	Bitmap Heap Scan on sbtest6  (cost=22.70..3865.92 rows=1001 width=121)
	  Recheck Cond: ((id >= 7306432) AND (id <= 7307431))
	  ->  Bitmap Index Scan on sbtest6_pkey  (cost=0.00..22.44 rows=1001 width=0)
	        Index Cond: ((id >= 7306432) AND (id <= 7307431))

table 7 : explain SELECT c FROM sbtest7 WHERE id BETWEEN 2077787 AND 2078786
	Bitmap Heap Scan on sbtest7  (cost=22.02..3617.89 rows=935 width=121)
	  Recheck Cond: ((id >= 2077787) AND (id <= 2078786))
	  ->  Bitmap Index Scan on sbtest7_pkey  (cost=0.00..21.79 rows=935 width=0)
	        Index Cond: ((id >= 2077787) AND (id <= 2078786))

table 8 : explain SELECT c FROM sbtest8 WHERE id BETWEEN 8613571 AND 8614570
	Bitmap Heap Scan on sbtest8  (cost=22.10..3648.07 rows=943 width=121)
	  Recheck Cond: ((id >= 8613571) AND (id <= 8614570))
	  ->  Bitmap Index Scan on sbtest8_pkey  (cost=0.00..21.86 rows=943 width=0)
	        Index Cond: ((id >= 8613571) AND (id <= 8614570))

for: sum_ranges
table 1 : explain SELECT SUM(k) FROM sbtest1 WHERE id BETWEEN 6350366 AND 6351365
	Aggregate  (cost=3677.45..3677.46 rows=1 width=8)
	  ->  Bitmap Heap Scan on sbtest1  (cost=22.18..3675.07 rows=951 width=4)
	        Recheck Cond: ((id >= 6350366) AND (id <= 6351365))
	        ->  Bitmap Index Scan on sbtest1_pkey  (cost=0.00..21.94 rows=951 width=0)
	              Index Cond: ((id >= 6350366) AND (id <= 6351365))

table 2 : explain SELECT SUM(k) FROM sbtest2 WHERE id BETWEEN 2020557 AND 2021556
	Aggregate  (cost=3818.13..3818.14 rows=1 width=8)
	  ->  Bitmap Heap Scan on sbtest2  (cost=22.56..3815.66 rows=988 width=4)
	        Recheck Cond: ((id >= 2020557) AND (id <= 2021556))
	        ->  Bitmap Index Scan on sbtest2_pkey  (cost=0.00..22.32 rows=988 width=0)
	              Index Cond: ((id >= 2020557) AND (id <= 2021556))

table 3 : explain SELECT SUM(k) FROM sbtest3 WHERE id BETWEEN 7907130 AND 7908129
	Aggregate  (cost=3750.32..3750.33 rows=1 width=8)
	  ->  Bitmap Heap Scan on sbtest3  (cost=22.38..3747.89 rows=970 width=4)
	        Recheck Cond: ((id >= 7907130) AND (id <= 7908129))
	        ->  Bitmap Index Scan on sbtest3_pkey  (cost=0.00..22.14 rows=970 width=0)
	              Index Cond: ((id >= 7907130) AND (id <= 7908129))

table 4 : explain SELECT SUM(k) FROM sbtest4 WHERE id BETWEEN 1035414 AND 1036413
	Aggregate  (cost=3694.77..3694.78 rows=1 width=8)
	  ->  Bitmap Heap Scan on sbtest4  (cost=22.22..3692.39 rows=955 width=4)
	        Recheck Cond: ((id >= 1035414) AND (id <= 1036413))
	        ->  Bitmap Index Scan on sbtest4_pkey  (cost=0.00..21.98 rows=955 width=0)
	              Index Cond: ((id >= 1035414) AND (id <= 1036413))

table 5 : explain SELECT SUM(k) FROM sbtest5 WHERE id BETWEEN 464270 AND 465269
	Aggregate  (cost=3532.31..3532.32 rows=1 width=8)
	  ->  Bitmap Heap Scan on sbtest5  (cost=21.78..3530.03 rows=912 width=4)
	        Recheck Cond: ((id >= 464270) AND (id <= 465269))
	        ->  Bitmap Index Scan on sbtest5_pkey  (cost=0.00..21.55 rows=912 width=0)
	              Index Cond: ((id >= 464270) AND (id <= 465269))

table 6 : explain SELECT SUM(k) FROM sbtest6 WHERE id BETWEEN 7235567 AND 7236566
	Aggregate  (cost=3702.41..3702.42 rows=1 width=8)
	  ->  Bitmap Heap Scan on sbtest6  (cost=22.24..3700.02 rows=957 width=4)
	        Recheck Cond: ((id >= 7235567) AND (id <= 7236566))
	        ->  Bitmap Index Scan on sbtest6_pkey  (cost=0.00..22.00 rows=957 width=0)
	              Index Cond: ((id >= 7235567) AND (id <= 7236566))

table 7 : explain SELECT SUM(k) FROM sbtest7 WHERE id BETWEEN 5648172 AND 5649171
	Aggregate  (cost=3245.33..3245.34 rows=1 width=8)
	  ->  Bitmap Heap Scan on sbtest7  (cost=21.00..3243.24 rows=836 width=4)
	        Recheck Cond: ((id >= 5648172) AND (id <= 5649171))
	        ->  Bitmap Index Scan on sbtest7_pkey  (cost=0.00..20.79 rows=836 width=0)
	              Index Cond: ((id >= 5648172) AND (id <= 5649171))

table 8 : explain SELECT SUM(k) FROM sbtest8 WHERE id BETWEEN 5230309 AND 5231308
	Aggregate  (cost=3858.08..3858.09 rows=1 width=8)
	  ->  Bitmap Heap Scan on sbtest8  (cost=22.66..3855.59 rows=998 width=4)
	        Recheck Cond: ((id >= 5230309) AND (id <= 5231308))
	        ->  Bitmap Index Scan on sbtest8_pkey  (cost=0.00..22.41 rows=998 width=0)
	              Index Cond: ((id >= 5230309) AND (id <= 5231308))

for: sum_ranges
table 1 : explain SELECT SUM(k) FROM sbtest1 WHERE id BETWEEN 2076178 AND 2077177
	Aggregate  (cost=3628.39..3628.40 rows=1 width=8)
	  ->  Bitmap Heap Scan on sbtest1  (cost=22.05..3626.04 rows=938 width=4)
	        Recheck Cond: ((id >= 2076178) AND (id <= 2077177))
	        ->  Bitmap Index Scan on sbtest1_pkey  (cost=0.00..21.82 rows=938 width=0)
	              Index Cond: ((id >= 2076178) AND (id <= 2077177))

table 2 : explain SELECT SUM(k) FROM sbtest2 WHERE id BETWEEN 479189 AND 480188
	Aggregate  (cost=3829.44..3829.45 rows=1 width=8)
	  ->  Bitmap Heap Scan on sbtest2  (cost=22.59..3826.96 rows=991 width=4)
	        Recheck Cond: ((id >= 479189) AND (id <= 480188))
	        ->  Bitmap Index Scan on sbtest2_pkey  (cost=0.00..22.34 rows=991 width=0)
	              Index Cond: ((id >= 479189) AND (id <= 480188))

table 3 : explain SELECT SUM(k) FROM sbtest3 WHERE id BETWEEN 842891 AND 843890
	Aggregate  (cost=4423.78..4423.79 rows=1 width=8)
	  ->  Bitmap Heap Scan on sbtest3  (cost=28.21..4420.91 rows=1149 width=4)
	        Recheck Cond: ((id >= 842891) AND (id <= 843890))
	        ->  Bitmap Index Scan on sbtest3_pkey  (cost=0.00..27.93 rows=1149 width=0)
	              Index Cond: ((id >= 842891) AND (id <= 843890))

table 4 : explain SELECT SUM(k) FROM sbtest4 WHERE id BETWEEN 450580 AND 451579
	Aggregate  (cost=4101.82..4101.83 rows=1 width=8)
	  ->  Bitmap Heap Scan on sbtest4  (cost=23.33..4099.16 rows=1063 width=4)
	        Recheck Cond: ((id >= 450580) AND (id <= 451579))
	        ->  Bitmap Index Scan on sbtest4_pkey  (cost=0.00..23.07 rows=1063 width=0)
	              Index Cond: ((id >= 450580) AND (id <= 451579))

table 5 : explain SELECT SUM(k) FROM sbtest5 WHERE id BETWEEN 3304921 AND 3305920
	Aggregate  (cost=4007.75..4007.76 rows=1 width=8)
	  ->  Bitmap Heap Scan on sbtest5  (cost=23.07..4005.16 rows=1038 width=4)
	        Recheck Cond: ((id >= 3304921) AND (id <= 3305920))
	        ->  Bitmap Index Scan on sbtest5_pkey  (cost=0.00..22.82 rows=1038 width=0)
	              Index Cond: ((id >= 3304921) AND (id <= 3305920))

table 6 : explain SELECT SUM(k) FROM sbtest6 WHERE id BETWEEN 4752300 AND 4753299
	Aggregate  (cost=3486.98..3486.99 rows=1 width=8)
	  ->  Bitmap Heap Scan on sbtest6  (cost=21.66..3484.73 rows=900 width=4)
	        Recheck Cond: ((id >= 4752300) AND (id <= 4753299))
	        ->  Bitmap Index Scan on sbtest6_pkey  (cost=0.00..21.43 rows=900 width=0)
	              Index Cond: ((id >= 4752300) AND (id <= 4753299))

table 7 : explain SELECT SUM(k) FROM sbtest7 WHERE id BETWEEN 9798583 AND 9799582
	Aggregate  (cost=4001.36..4001.37 rows=1 width=8)
	  ->  Bitmap Heap Scan on sbtest7  (cost=23.05..3998.77 rows=1036 width=4)
	        Recheck Cond: ((id >= 9798583) AND (id <= 9799582))
	        ->  Bitmap Index Scan on sbtest7_pkey  (cost=0.00..22.79 rows=1036 width=0)
	              Index Cond: ((id >= 9798583) AND (id <= 9799582))

table 8 : explain SELECT SUM(k) FROM sbtest8 WHERE id BETWEEN 2334576 AND 2335575
	Aggregate  (cost=4001.32..4001.33 rows=1 width=8)
	  ->  Bitmap Heap Scan on sbtest8  (cost=23.05..3998.73 rows=1036 width=4)
	        Recheck Cond: ((id >= 2334576) AND (id <= 2335575))
	        ->  Bitmap Index Scan on sbtest8_pkey  (cost=0.00..22.79 rows=1036 width=0)
	              Index Cond: ((id >= 2334576) AND (id <= 2335575))

for: sum_ranges
table 1 : explain SELECT SUM(k) FROM sbtest1 WHERE id BETWEEN 9571938 AND 9572937
	Aggregate  (cost=4054.08..4054.09 rows=1 width=8)
	  ->  Bitmap Heap Scan on sbtest1  (cost=23.21..4051.46 rows=1051 width=4)
	        Recheck Cond: ((id >= 9571938) AND (id <= 9572937))
	        ->  Bitmap Index Scan on sbtest1_pkey  (cost=0.00..22.94 rows=1051 width=0)
	              Index Cond: ((id >= 9571938) AND (id <= 9572937))

table 2 : explain SELECT SUM(k) FROM sbtest2 WHERE id BETWEEN 2970928 AND 2971927
	Aggregate  (cost=3995.17..3995.18 rows=1 width=8)
	  ->  Bitmap Heap Scan on sbtest2  (cost=23.04..3992.58 rows=1035 width=4)
	        Recheck Cond: ((id >= 2970928) AND (id <= 2971927))
	        ->  Bitmap Index Scan on sbtest2_pkey  (cost=0.00..22.79 rows=1035 width=0)
	              Index Cond: ((id >= 2970928) AND (id <= 2971927))

table 3 : explain SELECT SUM(k) FROM sbtest3 WHERE id BETWEEN 958126 AND 959125
	Aggregate  (cost=3769.18..3769.19 rows=1 width=8)
	  ->  Bitmap Heap Scan on sbtest3  (cost=22.43..3766.74 rows=975 width=4)
	        Recheck Cond: ((id >= 958126) AND (id <= 959125))
	        ->  Bitmap Index Scan on sbtest3_pkey  (cost=0.00..22.18 rows=975 width=0)
	              Index Cond: ((id >= 958126) AND (id <= 959125))

table 4 : explain SELECT SUM(k) FROM sbtest4 WHERE id BETWEEN 4168348 AND 4169347
	Aggregate  (cost=3736.30..3736.31 rows=1 width=8)
	  ->  Bitmap Heap Scan on sbtest4  (cost=22.34..3733.89 rows=966 width=4)
	        Recheck Cond: ((id >= 4168348) AND (id <= 4169347))
	        ->  Bitmap Index Scan on sbtest4_pkey  (cost=0.00..22.09 rows=966 width=0)
	              Index Cond: ((id >= 4168348) AND (id <= 4169347))

table 5 : explain SELECT SUM(k) FROM sbtest5 WHERE id BETWEEN 8601019 AND 8602018
	Aggregate  (cost=3834.42..3834.43 rows=1 width=8)
	  ->  Bitmap Heap Scan on sbtest5  (cost=22.60..3831.94 rows=992 width=4)
	        Recheck Cond: ((id >= 8601019) AND (id <= 8602018))
	        ->  Bitmap Index Scan on sbtest5_pkey  (cost=0.00..22.36 rows=992 width=0)
	              Index Cond: ((id >= 8601019) AND (id <= 8602018))

table 6 : explain SELECT SUM(k) FROM sbtest6 WHERE id BETWEEN 8327218 AND 8328217
	Aggregate  (cost=4053.00..4053.01 rows=1 width=8)
	  ->  Bitmap Heap Scan on sbtest6  (cost=23.20..4050.38 rows=1050 width=4)
	        Recheck Cond: ((id >= 8327218) AND (id <= 8328217))
	        ->  Bitmap Index Scan on sbtest6_pkey  (cost=0.00..22.93 rows=1050 width=0)
	              Index Cond: ((id >= 8327218) AND (id <= 8328217))

table 7 : explain SELECT SUM(k) FROM sbtest7 WHERE id BETWEEN 6689828 AND 6690827
	Aggregate  (cost=3537.03..3537.04 rows=1 width=8)
	  ->  Bitmap Heap Scan on sbtest7  (cost=21.79..3534.75 rows=913 width=4)
	        Recheck Cond: ((id >= 6689828) AND (id <= 6690827))
	        ->  Bitmap Index Scan on sbtest7_pkey  (cost=0.00..21.57 rows=913 width=0)
	              Index Cond: ((id >= 6689828) AND (id <= 6690827))

table 8 : explain SELECT SUM(k) FROM sbtest8 WHERE id BETWEEN 1516754 AND 1517753
	Aggregate  (cost=3707.10..3707.11 rows=1 width=8)
	  ->  Bitmap Heap Scan on sbtest8  (cost=22.25..3704.71 rows=958 width=4)
	        Recheck Cond: ((id >= 1516754) AND (id <= 1517753))
	        ->  Bitmap Index Scan on sbtest8_pkey  (cost=0.00..22.01 rows=958 width=0)
	              Index Cond: ((id >= 1516754) AND (id <= 1517753))

for: order_ranges
table 1 : explain SELECT c FROM sbtest1 WHERE id BETWEEN 6120499 AND 6121498 ORDER BY c
	Sort  (cost=3898.03..3900.52 rows=997 width=121)
	  Sort Key: c
	  ->  Bitmap Heap Scan on sbtest1  (cost=22.65..3848.37 rows=997 width=121)
	        Recheck Cond: ((id >= 6120499) AND (id <= 6121498))
	        ->  Bitmap Index Scan on sbtest1_pkey  (cost=0.00..22.40 rows=997 width=0)
	              Index Cond: ((id >= 6120499) AND (id <= 6121498))

table 2 : explain SELECT c FROM sbtest2 WHERE id BETWEEN 4867723 AND 4868722 ORDER BY c
	Sort  (cost=3895.39..3897.88 rows=996 width=121)
	  Sort Key: c
	  ->  Bitmap Heap Scan on sbtest2  (cost=22.64..3845.79 rows=996 width=121)
	        Recheck Cond: ((id >= 4867723) AND (id <= 4868722))
	        ->  Bitmap Index Scan on sbtest2_pkey  (cost=0.00..22.39 rows=996 width=0)
	              Index Cond: ((id >= 4867723) AND (id <= 4868722))

table 3 : explain SELECT c FROM sbtest3 WHERE id BETWEEN 9905952 AND 9906951 ORDER BY c
	Sort  (cost=3684.99..3687.34 rows=941 width=121)
	  Sort Key: c
	  ->  Bitmap Heap Scan on sbtest3  (cost=22.08..3638.51 rows=941 width=121)
	        Recheck Cond: ((id >= 9905952) AND (id <= 9906951))
	        ->  Bitmap Index Scan on sbtest3_pkey  (cost=0.00..21.84 rows=941 width=0)
	              Index Cond: ((id >= 9905952) AND (id <= 9906951))

table 4 : explain SELECT c FROM sbtest4 WHERE id BETWEEN 2669801 AND 2670800 ORDER BY c
	Sort  (cost=4099.15..4101.77 rows=1049 width=121)
	  Sort Key: c
	  ->  Bitmap Heap Scan on sbtest4  (cost=23.19..4046.51 rows=1049 width=121)
	        Recheck Cond: ((id >= 2669801) AND (id <= 2670800))
	        ->  Bitmap Index Scan on sbtest4_pkey  (cost=0.00..22.93 rows=1049 width=0)
	              Index Cond: ((id >= 2669801) AND (id <= 2670800))

table 5 : explain SELECT c FROM sbtest5 WHERE id BETWEEN 7361924 AND 7362923 ORDER BY c
	Sort  (cost=4213.68..4216.38 rows=1079 width=121)
	  Sort Key: c
	  ->  Bitmap Heap Scan on sbtest5  (cost=23.49..4159.32 rows=1079 width=121)
	        Recheck Cond: ((id >= 7361924) AND (id <= 7362923))
	        ->  Bitmap Index Scan on sbtest5_pkey  (cost=0.00..23.22 rows=1079 width=0)
	              Index Cond: ((id >= 7361924) AND (id <= 7362923))

table 6 : explain SELECT c FROM sbtest6 WHERE id BETWEEN 7639579 AND 7640578 ORDER BY c
	Sort  (cost=3843.12..3845.57 rows=982 width=121)
	  Sort Key: c
	  ->  Bitmap Heap Scan on sbtest6  (cost=22.50..3794.31 rows=982 width=121)
	        Recheck Cond: ((id >= 7639579) AND (id <= 7640578))
	        ->  Bitmap Index Scan on sbtest6_pkey  (cost=0.00..22.25 rows=982 width=0)
	              Index Cond: ((id >= 7639579) AND (id <= 7640578))

table 7 : explain SELECT c FROM sbtest7 WHERE id BETWEEN 1470196 AND 1471195 ORDER BY c
	Sort  (cost=3579.64..3581.92 rows=913 width=121)
	  Sort Key: c
	  ->  Bitmap Heap Scan on sbtest7  (cost=21.79..3534.75 rows=913 width=121)
	        Recheck Cond: ((id >= 1470196) AND (id <= 1471195))
	        ->  Bitmap Index Scan on sbtest7_pkey  (cost=0.00..21.57 rows=913 width=0)
	              Index Cond: ((id >= 1470196) AND (id <= 1471195))

table 8 : explain SELECT c FROM sbtest8 WHERE id BETWEEN 4144441 AND 4145440 ORDER BY c
	Sort  (cost=3867.03..3869.50 rows=988 width=121)
	  Sort Key: c
	  ->  Bitmap Heap Scan on sbtest8  (cost=22.56..3817.89 rows=988 width=121)
	        Recheck Cond: ((id >= 4144441) AND (id <= 4145440))
	        ->  Bitmap Index Scan on sbtest8_pkey  (cost=0.00..22.32 rows=988 width=0)
	              Index Cond: ((id >= 4144441) AND (id <= 4145440))

for: order_ranges
table 1 : explain SELECT c FROM sbtest1 WHERE id BETWEEN 2152959 AND 2153958 ORDER BY c
	Sort  (cost=4077.50..4080.11 rows=1044 width=121)
	  Sort Key: c
	  ->  Bitmap Heap Scan on sbtest1  (cost=23.14..4025.15 rows=1044 width=121)
	        Recheck Cond: ((id >= 2152959) AND (id <= 2153958))
	        ->  Bitmap Index Scan on sbtest1_pkey  (cost=0.00..22.87 rows=1044 width=0)
	              Index Cond: ((id >= 2152959) AND (id <= 2153958))

table 2 : explain SELECT c FROM sbtest2 WHERE id BETWEEN 5294117 AND 5295116 ORDER BY c
	Sort  (cost=4063.50..4066.10 rows=1040 width=121)
	  Sort Key: c
	  ->  Bitmap Heap Scan on sbtest2  (cost=23.09..4011.38 rows=1040 width=121)
	        Recheck Cond: ((id >= 5294117) AND (id <= 5295116))
	        ->  Bitmap Index Scan on sbtest2_pkey  (cost=0.00..22.83 rows=1040 width=0)
	              Index Cond: ((id >= 5294117) AND (id <= 5295116))

table 3 : explain SELECT c FROM sbtest3 WHERE id BETWEEN 302163 AND 303162 ORDER BY c
	Sort  (cost=3566.19..3568.46 rows=910 width=121)
	  Sort Key: c
	  ->  Bitmap Heap Scan on sbtest3  (cost=21.76..3521.46 rows=910 width=121)
	        Recheck Cond: ((id >= 302163) AND (id <= 303162))
	        ->  Bitmap Index Scan on sbtest3_pkey  (cost=0.00..21.54 rows=910 width=0)
	              Index Cond: ((id >= 302163) AND (id <= 303162))

table 4 : explain SELECT c FROM sbtest4 WHERE id BETWEEN 8611387 AND 8612386 ORDER BY c
	Sort  (cost=3888.94..3891.42 rows=994 width=121)
	  Sort Key: c
	  ->  Bitmap Heap Scan on sbtest4  (cost=22.62..3839.45 rows=994 width=121)
	        Recheck Cond: ((id >= 8611387) AND (id <= 8612386))
	        ->  Bitmap Index Scan on sbtest4_pkey  (cost=0.00..22.37 rows=994 width=0)
	              Index Cond: ((id >= 8611387) AND (id <= 8612386))

table 5 : explain SELECT c FROM sbtest5 WHERE id BETWEEN 8844115 AND 8845114 ORDER BY c
	Sort  (cost=3762.66..3765.06 rows=961 width=121)
	  Sort Key: c
	  ->  Bitmap Heap Scan on sbtest5  (cost=22.29..3715.05 rows=961 width=121)
	        Recheck Cond: ((id >= 8844115) AND (id <= 8845114))
	        ->  Bitmap Index Scan on sbtest5_pkey  (cost=0.00..22.04 rows=961 width=0)
	              Index Cond: ((id >= 8844115) AND (id <= 8845114))

table 6 : explain SELECT c FROM sbtest6 WHERE id BETWEEN 7801806 AND 7802805 ORDER BY c
	Sort  (cost=3950.22..3952.75 rows=1010 width=121)
	  Sort Key: c
	  ->  Bitmap Heap Scan on sbtest6  (cost=22.79..3899.82 rows=1010 width=121)
	        Recheck Cond: ((id >= 7801806) AND (id <= 7802805))
	        ->  Bitmap Index Scan on sbtest6_pkey  (cost=0.00..22.54 rows=1010 width=0)
	              Index Cond: ((id >= 7801806) AND (id <= 7802805))

table 7 : explain SELECT c FROM sbtest7 WHERE id BETWEEN 9486154 AND 9487153 ORDER BY c
	Sort  (cost=3832.61..3835.06 rows=979 width=121)
	  Sort Key: c
	  ->  Bitmap Heap Scan on sbtest7  (cost=22.47..3783.98 rows=979 width=121)
	        Recheck Cond: ((id >= 9486154) AND (id <= 9487153))
	        ->  Bitmap Index Scan on sbtest7_pkey  (cost=0.00..22.22 rows=979 width=0)
	              Index Cond: ((id >= 9486154) AND (id <= 9487153))

table 8 : explain SELECT c FROM sbtest8 WHERE id BETWEEN 4911823 AND 4912822 ORDER BY c
	Sort  (cost=4169.22..4171.89 rows=1066 width=121)
	  Sort Key: c
	  ->  Bitmap Heap Scan on sbtest8  (cost=27.36..4115.61 rows=1066 width=121)
	        Recheck Cond: ((id >= 4911823) AND (id <= 4912822))
	        ->  Bitmap Index Scan on sbtest8_pkey  (cost=0.00..27.09 rows=1066 width=0)
	              Index Cond: ((id >= 4911823) AND (id <= 4912822))

for: order_ranges
table 1 : explain SELECT c FROM sbtest1 WHERE id BETWEEN 7093154 AND 7094153 ORDER BY c
	Sort  (cost=4237.65..4240.36 rows=1086 width=121)
	  Sort Key: c
	  ->  Bitmap Heap Scan on sbtest1  (cost=23.57..4182.89 rows=1086 width=121)
	        Recheck Cond: ((id >= 7093154) AND (id <= 7094153))
	        ->  Bitmap Index Scan on sbtest1_pkey  (cost=0.00..23.29 rows=1086 width=0)
	              Index Cond: ((id >= 7093154) AND (id <= 7094153))

table 2 : explain SELECT c FROM sbtest2 WHERE id BETWEEN 9178519 AND 9179518 ORDER BY c
	Sort  (cost=3841.85..3844.31 rows=982 width=121)
	  Sort Key: c
	  ->  Bitmap Heap Scan on sbtest2  (cost=22.50..3793.05 rows=982 width=121)
	        Recheck Cond: ((id >= 9178519) AND (id <= 9179518))
	        ->  Bitmap Index Scan on sbtest2_pkey  (cost=0.00..22.25 rows=982 width=0)
	              Index Cond: ((id >= 9178519) AND (id <= 9179518))

table 3 : explain SELECT c FROM sbtest3 WHERE id BETWEEN 6961871 AND 6962870 ORDER BY c
	Sort  (cost=3780.70..3783.12 rows=966 width=121)
	  Sort Key: c
	  ->  Bitmap Heap Scan on sbtest3  (cost=22.34..3732.81 rows=966 width=121)
	        Recheck Cond: ((id >= 6961871) AND (id <= 6962870))
	        ->  Bitmap Index Scan on sbtest3_pkey  (cost=0.00..22.09 rows=966 width=0)
	              Index Cond: ((id >= 6961871) AND (id <= 6962870))

table 4 : explain SELECT c FROM sbtest4 WHERE id BETWEEN 7951711 AND 7952710 ORDER BY c
	Sort  (cost=3854.50..3856.97 rows=985 width=121)
	  Sort Key: c
	  ->  Bitmap Heap Scan on sbtest4  (cost=22.53..3805.53 rows=985 width=121)
	        Recheck Cond: ((id >= 7951711) AND (id <= 7952710))
	        ->  Bitmap Index Scan on sbtest4_pkey  (cost=0.00..22.29 rows=985 width=0)
	              Index Cond: ((id >= 7951711) AND (id <= 7952710))

table 5 : explain SELECT c FROM sbtest5 WHERE id BETWEEN 7522173 AND 7523172 ORDER BY c
	Sort  (cost=4049.52..4052.11 rows=1036 width=121)
	  Sort Key: c
	  ->  Bitmap Heap Scan on sbtest5  (cost=23.05..3997.63 rows=1036 width=121)
	        Recheck Cond: ((id >= 7522173) AND (id <= 7523172))
	        ->  Bitmap Index Scan on sbtest5_pkey  (cost=0.00..22.79 rows=1036 width=0)
	              Index Cond: ((id >= 7522173) AND (id <= 7523172))

table 6 : explain SELECT c FROM sbtest6 WHERE id BETWEEN 9411205 AND 9412204 ORDER BY c
	Sort  (cost=3938.75..3941.27 rows=1007 width=121)
	  Sort Key: c
	  ->  Bitmap Heap Scan on sbtest6  (cost=22.76..3888.52 rows=1007 width=121)
	        Recheck Cond: ((id >= 9411205) AND (id <= 9412204))
	        ->  Bitmap Index Scan on sbtest6_pkey  (cost=0.00..22.50 rows=1007 width=0)
	              Index Cond: ((id >= 9411205) AND (id <= 9412204))

table 7 : explain SELECT c FROM sbtest7 WHERE id BETWEEN 5121394 AND 5122393 ORDER BY c
	Sort  (cost=4039.19..4041.77 rows=1033 width=121)
	  Sort Key: c
	  ->  Bitmap Heap Scan on sbtest7  (cost=23.02..3987.48 rows=1033 width=121)
	        Recheck Cond: ((id >= 5121394) AND (id <= 5122393))
	        ->  Bitmap Index Scan on sbtest7_pkey  (cost=0.00..22.76 rows=1033 width=0)
	              Index Cond: ((id >= 5121394) AND (id <= 5122393))

table 8 : explain SELECT c FROM sbtest8 WHERE id BETWEEN 8655524 AND 8656523 ORDER BY c
	Sort  (cost=3694.66..3697.02 rows=943 width=121)
	  Sort Key: c
	  ->  Bitmap Heap Scan on sbtest8  (cost=22.10..3648.07 rows=943 width=121)
	        Recheck Cond: ((id >= 8655524) AND (id <= 8656523))
	        ->  Bitmap Index Scan on sbtest8_pkey  (cost=0.00..21.86 rows=943 width=0)
	              Index Cond: ((id >= 8655524) AND (id <= 8656523))

for: distinct_ranges
table 1 : explain SELECT DISTINCT c FROM sbtest1 WHERE id BETWEEN 512762 AND 513761 ORDER BY c
	Unique  (cost=3653.21..3657.87 rows=933 width=121)
	  ->  Sort  (cost=3653.21..3655.54 rows=933 width=121)
	        Sort Key: c
	        ->  Bitmap Heap Scan on sbtest1  (cost=22.00..3607.18 rows=933 width=121)
	              Recheck Cond: ((id >= 512762) AND (id <= 513761))
	              ->  Bitmap Index Scan on sbtest1_pkey  (cost=0.00..21.76 rows=933 width=0)
	                    Index Cond: ((id >= 512762) AND (id <= 513761))

table 2 : explain SELECT DISTINCT c FROM sbtest2 WHERE id BETWEEN 4392956 AND 4393955 ORDER BY c
	Unique  (cost=3692.58..3697.30 rows=943 width=121)
	  ->  Sort  (cost=3692.58..3694.94 rows=943 width=121)
	        Sort Key: c
	        ->  Bitmap Heap Scan on sbtest2  (cost=22.10..3646.00 rows=943 width=121)
	              Recheck Cond: ((id >= 4392956) AND (id <= 4393955))
	              ->  Bitmap Index Scan on sbtest2_pkey  (cost=0.00..21.86 rows=943 width=0)
	                    Index Cond: ((id >= 4392956) AND (id <= 4393955))

table 3 : explain SELECT DISTINCT c FROM sbtest3 WHERE id BETWEEN 4294708 AND 4295707 ORDER BY c
	Unique  (cost=4189.50..4194.87 rows=1073 width=121)
	  ->  Sort  (cost=4189.50..4192.18 rows=1073 width=121)
	        Sort Key: c
	        ->  Bitmap Heap Scan on sbtest3  (cost=23.43..4135.49 rows=1073 width=121)
	              Recheck Cond: ((id >= 4294708) AND (id <= 4295707))
	              ->  Bitmap Index Scan on sbtest3_pkey  (cost=0.00..23.16 rows=1073 width=0)
	                    Index Cond: ((id >= 4294708) AND (id <= 4295707))

table 4 : explain SELECT DISTINCT c FROM sbtest4 WHERE id BETWEEN 5708615 AND 5709614 ORDER BY c
	Unique  (cost=3647.70..3652.35 rows=931 width=121)
	  ->  Sort  (cost=3647.70..3650.02 rows=931 width=121)
	        Sort Key: c
	        ->  Bitmap Heap Scan on sbtest4  (cost=21.98..3601.79 rows=931 width=121)
	              Recheck Cond: ((id >= 5708615) AND (id <= 5709614))
	              ->  Bitmap Index Scan on sbtest4_pkey  (cost=0.00..21.75 rows=931 width=0)
	                    Index Cond: ((id >= 5708615) AND (id <= 5709614))

table 5 : explain SELECT DISTINCT c FROM sbtest5 WHERE id BETWEEN 306040 AND 307039 ORDER BY c
	Unique  (cost=4018.95..4024.09 rows=1028 width=121)
	  ->  Sort  (cost=4018.95..4021.52 rows=1028 width=121)
	        Sort Key: c
	        ->  Bitmap Heap Scan on sbtest5  (cost=22.97..3967.52 rows=1028 width=121)
	              Recheck Cond: ((id >= 306040) AND (id <= 307039))
	              ->  Bitmap Index Scan on sbtest5_pkey  (cost=0.00..22.71 rows=1028 width=0)
	                    Index Cond: ((id >= 306040) AND (id <= 307039))

table 6 : explain SELECT DISTINCT c FROM sbtest6 WHERE id BETWEEN 8310963 AND 8311962 ORDER BY c
	Unique  (cost=4103.07..4108.32 rows=1050 width=121)
	  ->  Sort  (cost=4103.07..4105.69 rows=1050 width=121)
	        Sort Key: c
	        ->  Bitmap Heap Scan on sbtest6  (cost=23.20..4050.38 rows=1050 width=121)
	              Recheck Cond: ((id >= 8310963) AND (id <= 8311962))
	              ->  Bitmap Index Scan on sbtest6_pkey  (cost=0.00..22.93 rows=1050 width=0)
	                    Index Cond: ((id >= 8310963) AND (id <= 8311962))

table 7 : explain SELECT DISTINCT c FROM sbtest7 WHERE id BETWEEN 9056248 AND 9057247 ORDER BY c
	Unique  (cost=3744.52..3749.30 rows=956 width=121)
	  ->  Sort  (cost=3744.52..3746.91 rows=956 width=121)
	        Sort Key: c
	        ->  Bitmap Heap Scan on sbtest7  (cost=22.23..3697.19 rows=956 width=121)
	              Recheck Cond: ((id >= 9056248) AND (id <= 9057247))
	              ->  Bitmap Index Scan on sbtest7_pkey  (cost=0.00..22.00 rows=956 width=0)
	                    Index Cond: ((id >= 9056248) AND (id <= 9057247))

table 8 : explain SELECT DISTINCT c FROM sbtest8 WHERE id BETWEEN 9572562 AND 9573561 ORDER BY c
	Unique  (cost=3813.43..3818.30 rows=974 width=121)
	  ->  Sort  (cost=3813.43..3815.87 rows=974 width=121)
	        Sort Key: c
	        ->  Bitmap Heap Scan on sbtest8  (cost=22.42..3765.08 rows=974 width=121)
	              Recheck Cond: ((id >= 9572562) AND (id <= 9573561))
	              ->  Bitmap Index Scan on sbtest8_pkey  (cost=0.00..22.18 rows=974 width=0)
	                    Index Cond: ((id >= 9572562) AND (id <= 9573561))

for: distinct_ranges
table 1 : explain SELECT DISTINCT c FROM sbtest1 WHERE id BETWEEN 205758 AND 206757 ORDER BY c
	Unique  (cost=3699.15..3703.87 rows=945 width=121)
	  ->  Sort  (cost=3699.15..3701.51 rows=945 width=121)
	        Sort Key: c
	        ->  Bitmap Heap Scan on sbtest1  (cost=22.12..3652.45 rows=945 width=121)
	              Recheck Cond: ((id >= 205758) AND (id <= 206757))
	              ->  Bitmap Index Scan on sbtest1_pkey  (cost=0.00..21.89 rows=945 width=0)
	                    Index Cond: ((id >= 205758) AND (id <= 206757))

table 2 : explain SELECT DISTINCT c FROM sbtest2 WHERE id BETWEEN 7588221 AND 7589220 ORDER BY c
	Unique  (cost=3922.15..3927.17 rows=1003 width=121)
	  ->  Sort  (cost=3922.15..3924.66 rows=1003 width=121)
	        Sort Key: c
	        ->  Bitmap Heap Scan on sbtest2  (cost=22.72..3872.15 rows=1003 width=121)
	              Recheck Cond: ((id >= 7588221) AND (id <= 7589220))
	              ->  Bitmap Index Scan on sbtest2_pkey  (cost=0.00..22.46 rows=1003 width=0)
	                    Index Cond: ((id >= 7588221) AND (id <= 7589220))

table 3 : explain SELECT DISTINCT c FROM sbtest3 WHERE id BETWEEN 3629149 AND 3630148 ORDER BY c
	Unique  (cost=3979.55..3984.64 rows=1018 width=121)
	  ->  Sort  (cost=3979.55..3982.09 rows=1018 width=121)
	        Sort Key: c
	        ->  Bitmap Heap Scan on sbtest3  (cost=22.87..3928.69 rows=1018 width=121)
	              Recheck Cond: ((id >= 3629149) AND (id <= 3630148))
	              ->  Bitmap Index Scan on sbtest3_pkey  (cost=0.00..22.61 rows=1018 width=0)
	                    Index Cond: ((id >= 3629149) AND (id <= 3630148))

table 4 : explain SELECT DISTINCT c FROM sbtest4 WHERE id BETWEEN 8638283 AND 8639282 ORDER BY c
	Unique  (cost=3888.94..3893.91 rows=994 width=121)
	  ->  Sort  (cost=3888.94..3891.42 rows=994 width=121)
	        Sort Key: c
	        ->  Bitmap Heap Scan on sbtest4  (cost=22.62..3839.45 rows=994 width=121)
	              Recheck Cond: ((id >= 8638283) AND (id <= 8639282))
	              ->  Bitmap Index Scan on sbtest4_pkey  (cost=0.00..22.37 rows=994 width=0)
	                    Index Cond: ((id >= 8638283) AND (id <= 8639282))

table 5 : explain SELECT DISTINCT c FROM sbtest5 WHERE id BETWEEN 1321944 AND 1322943 ORDER BY c
	Unique  (cost=4026.60..4031.75 rows=1030 width=121)
	  ->  Sort  (cost=4026.60..4029.17 rows=1030 width=121)
	        Sort Key: c
	        ->  Bitmap Heap Scan on sbtest5  (cost=22.99..3975.05 rows=1030 width=121)
	              Recheck Cond: ((id >= 1321944) AND (id <= 1322943))
	              ->  Bitmap Index Scan on sbtest5_pkey  (cost=0.00..22.73 rows=1030 width=0)
	                    Index Cond: ((id >= 1321944) AND (id <= 1322943))

table 6 : explain SELECT DISTINCT c FROM sbtest6 WHERE id BETWEEN 7778568 AND 7779567 ORDER BY c
	Unique  (cost=3950.22..3955.27 rows=1010 width=121)
	  ->  Sort  (cost=3950.22..3952.75 rows=1010 width=121)
	        Sort Key: c
	        ->  Bitmap Heap Scan on sbtest6  (cost=22.79..3899.82 rows=1010 width=121)
	              Recheck Cond: ((id >= 7778568) AND (id <= 7779567))
	              ->  Bitmap Index Scan on sbtest6_pkey  (cost=0.00..22.54 rows=1010 width=0)
	                    Index Cond: ((id >= 7778568) AND (id <= 7779567))

table 7 : explain SELECT DISTINCT c FROM sbtest7 WHERE id BETWEEN 4202440 AND 4203439 ORDER BY c
	Unique  (cost=3740.69..3745.46 rows=955 width=121)
	  ->  Sort  (cost=3740.69..3743.07 rows=955 width=121)
	        Sort Key: c
	        ->  Bitmap Heap Scan on sbtest7  (cost=22.22..3693.42 rows=955 width=121)
	              Recheck Cond: ((id >= 4202440) AND (id <= 4203439))
	              ->  Bitmap Index Scan on sbtest7_pkey  (cost=0.00..21.98 rows=955 width=0)
	                    Index Cond: ((id >= 4202440) AND (id <= 4203439))

table 8 : explain SELECT DISTINCT c FROM sbtest8 WHERE id BETWEEN 6239825 AND 6240824 ORDER BY c
	Unique  (cost=3939.73..3944.77 rows=1007 width=121)
	  ->  Sort  (cost=3939.73..3942.25 rows=1007 width=121)
	        Sort Key: c
	        ->  Bitmap Heap Scan on sbtest8  (cost=22.76..3889.51 rows=1007 width=121)
	              Recheck Cond: ((id >= 6239825) AND (id <= 6240824))
	              ->  Bitmap Index Scan on sbtest8_pkey  (cost=0.00..22.50 rows=1007 width=0)
	                    Index Cond: ((id >= 6239825) AND (id <= 6240824))

for: distinct_ranges
table 1 : explain SELECT DISTINCT c FROM sbtest1 WHERE id BETWEEN 758016 AND 759015 ORDER BY c
	Unique  (cost=3974.43..3979.52 rows=1017 width=121)
	  ->  Sort  (cost=3974.43..3976.97 rows=1017 width=121)
	        Sort Key: c
	        ->  Bitmap Heap Scan on sbtest1  (cost=22.86..3923.63 rows=1017 width=121)
	              Recheck Cond: ((id >= 758016) AND (id <= 759015))
	              ->  Bitmap Index Scan on sbtest1_pkey  (cost=0.00..22.61 rows=1017 width=0)
	                    Index Cond: ((id >= 758016) AND (id <= 759015))

table 2 : explain SELECT DISTINCT c FROM sbtest2 WHERE id BETWEEN 9442711 AND 9443710 ORDER BY c
	Unique  (cost=4082.59..4087.81 rows=1045 width=121)
	  ->  Sort  (cost=4082.59..4085.20 rows=1045 width=121)
	        Sort Key: c
	        ->  Bitmap Heap Scan on sbtest2  (cost=23.15..4030.18 rows=1045 width=121)
	              Recheck Cond: ((id >= 9442711) AND (id <= 9443710))
	              ->  Bitmap Index Scan on sbtest2_pkey  (cost=0.00..22.89 rows=1045 width=0)
	                    Index Cond: ((id >= 9442711) AND (id <= 9443710))

table 3 : explain SELECT DISTINCT c FROM sbtest3 WHERE id BETWEEN 2695784 AND 2696783 ORDER BY c
	Unique  (cost=3834.27..3839.17 rows=980 width=121)
	  ->  Sort  (cost=3834.27..3836.72 rows=980 width=121)
	        Sort Key: c
	        ->  Bitmap Heap Scan on sbtest3  (cost=22.48..3785.58 rows=980 width=121)
	              Recheck Cond: ((id >= 2695784) AND (id <= 2696783))
	              ->  Bitmap Index Scan on sbtest3_pkey  (cost=0.00..22.23 rows=980 width=0)
	                    Index Cond: ((id >= 2695784) AND (id <= 2696783))

table 4 : explain SELECT DISTINCT c FROM sbtest4 WHERE id BETWEEN 4341341 AND 4342340 ORDER BY c
	Unique  (cost=4099.15..4104.39 rows=1049 width=121)
	  ->  Sort  (cost=4099.15..4101.77 rows=1049 width=121)
	        Sort Key: c
	        ->  Bitmap Heap Scan on sbtest4  (cost=23.19..4046.51 rows=1049 width=121)
	              Recheck Cond: ((id >= 4341341) AND (id <= 4342340))
	              ->  Bitmap Index Scan on sbtest4_pkey  (cost=0.00..22.93 rows=1049 width=0)
	                    Index Cond: ((id >= 4341341) AND (id <= 4342340))

table 5 : explain SELECT DISTINCT c FROM sbtest5 WHERE id BETWEEN 5707526 AND 5708525 ORDER BY c
	Unique  (cost=4076.26..4081.47 rows=1043 width=121)
	  ->  Sort  (cost=4076.26..4078.87 rows=1043 width=121)
	        Sort Key: c
	        ->  Bitmap Heap Scan on sbtest5  (cost=23.13..4023.97 rows=1043 width=121)
	              Recheck Cond: ((id >= 5707526) AND (id <= 5708525))
	              ->  Bitmap Index Scan on sbtest5_pkey  (cost=0.00..22.86 rows=1043 width=0)
	                    Index Cond: ((id >= 5707526) AND (id <= 5708525))

table 6 : explain SELECT DISTINCT c FROM sbtest6 WHERE id BETWEEN 4344293 AND 4345292 ORDER BY c
	Unique  (cost=4053.41..4058.60 rows=1037 width=121)
	  ->  Sort  (cost=4053.41..4056.01 rows=1037 width=121)
	        Sort Key: c
	        ->  Bitmap Heap Scan on sbtest6  (cost=23.06..4001.47 rows=1037 width=121)
	              Recheck Cond: ((id >= 4344293) AND (id <= 4345292))
	              ->  Bitmap Index Scan on sbtest6_pkey  (cost=0.00..22.80 rows=1037 width=0)
	                    Index Cond: ((id >= 4344293) AND (id <= 4345292))

table 7 : explain SELECT DISTINCT c FROM sbtest7 WHERE id BETWEEN 663123 AND 664122 ORDER BY c
	Unique  (cost=4253.24..4258.68 rows=1088 width=121)
	  ->  Sort  (cost=4253.24..4255.96 rows=1088 width=121)
	        Sort Key: c
	        ->  Bitmap Heap Scan on sbtest7  (cost=27.59..4198.36 rows=1088 width=121)
	              Recheck Cond: ((id >= 663123) AND (id <= 664122))
	              ->  Bitmap Index Scan on sbtest7_pkey  (cost=0.00..27.32 rows=1088 width=0)
	                    Index Cond: ((id >= 663123) AND (id <= 664122))

table 8 : explain SELECT DISTINCT c FROM sbtest8 WHERE id BETWEEN 3481412 AND 3482411 ORDER BY c
	Unique  (cost=4371.51..4377.11 rows=1120 width=121)
	  ->  Sort  (cost=4371.51..4374.31 rows=1120 width=121)
	        Sort Key: c
	        ->  Bitmap Heap Scan on sbtest8  (cost=27.92..4314.79 rows=1120 width=121)
	              Recheck Cond: ((id >= 3481412) AND (id <= 3482411))
	              ->  Bitmap Index Scan on sbtest8_pkey  (cost=0.00..27.64 rows=1120 width=0)
	                    Index Cond: ((id >= 3481412) AND (id <= 3482411))

Threads started!

Warming up for 5 seconds...

SQL statistics:
    queries performed:
        read:                            127632805
        write:                           0
        other:                           23205990
        total:                           150838795
    transactions:                        11603015 (18417.28 per sec.)
    queries:                             150838795 (239424.01 per sec.)
    ignored errors:                      0      (0.00 per sec.)
    reconnects:                          0      (0.00 per sec.)

Throughput:
    events/s (eps):                      18417.2805
    time elapsed:                        630.0071s
    total number of events:              11603015

Latency (ms):
         min:                                    0.49
         avg:                                    2.17
         max:                                   18.19
         95th percentile:                        2.30
         sum:                             25187166.93

Threads fairness:
    events (avg/stddev):           290075.0750/1217.69
    execution time (avg/stddev):   629.6792/0.00

