LUA_PATH=/home/mdcallag/git/mytools/bench/sysbench.lua/lua/?.lua /home/mdcallag/git/mytools/bench/sysbench.lua/lua/sysbench --db-driver=pgsql --range-size=1000 --table-size=10000000 --tables=8 --threads=40 --events=0 --warmup-time=5 --time=630 --pgsql_conn_id=true /home/mdcallag/git/mytools/bench/sysbench.lua/lua/oltp_read_only.lua run --pgsql-user=root --pgsql-password=pw --pgsql-host=127.0.0.1 --pgsql-db=ib --rand-type=uniform --simple-ranges=0 --sum-ranges=0 --order-ranges=1 --distinct-ranges=0
48 CPUs
sysbench 1.1.0-9072687 (using bundled LuaJIT 2.1.0-beta3)

Running the test with following options:
Number of threads: 40
Warmup time: 5s
Initializing random number generator from current time


Initializing worker threads...

explain: for point_selects :: explain SELECT c FROM sbtest%u WHERE id=%u
for point_selects
table 1 : explain SELECT c FROM sbtest1 WHERE id=8291285
	Index Scan using sbtest1_pkey on sbtest1  (cost=0.43..8.45 rows=1 width=121)
	  Index Cond: (id = 8291285)

table 2 : explain SELECT c FROM sbtest2 WHERE id=2070708
	Index Scan using sbtest2_pkey on sbtest2  (cost=0.43..8.45 rows=1 width=121)
	  Index Cond: (id = 2070708)

table 3 : explain SELECT c FROM sbtest3 WHERE id=5608561
	Index Scan using sbtest3_pkey on sbtest3  (cost=0.43..8.45 rows=1 width=121)
	  Index Cond: (id = 5608561)

table 4 : explain SELECT c FROM sbtest4 WHERE id=1894163
	Index Scan using sbtest4_pkey on sbtest4  (cost=0.43..8.45 rows=1 width=121)
	  Index Cond: (id = 1894163)

table 5 : explain SELECT c FROM sbtest5 WHERE id=7666608
	Index Scan using sbtest5_pkey on sbtest5  (cost=0.43..8.45 rows=1 width=121)
	  Index Cond: (id = 7666608)

table 6 : explain SELECT c FROM sbtest6 WHERE id=4415166
	Index Scan using sbtest6_pkey on sbtest6  (cost=0.43..8.45 rows=1 width=121)
	  Index Cond: (id = 4415166)

table 7 : explain SELECT c FROM sbtest7 WHERE id=5047542
	Index Scan using sbtest7_pkey on sbtest7  (cost=0.43..8.45 rows=1 width=121)
	  Index Cond: (id = 5047542)

table 8 : explain SELECT c FROM sbtest8 WHERE id=6200423
	Index Scan using sbtest8_pkey on sbtest8  (cost=0.43..8.45 rows=1 width=121)
	  Index Cond: (id = 6200423)

explain: for point_selects :: explain SELECT c FROM sbtest%u WHERE id=%u
explain: for point_selects :: explain SELECT c FROM sbtest%u WHERE id=%u
explain: for point_selects :: explain SELECT c FROM sbtest%u WHERE id=%u
for: simple_ranges
table 1 : explain SELECT c FROM sbtest1 WHERE id BETWEEN 9954533 AND 9955532
	Bitmap Heap Scan on sbtest1  (cost=22.74..3878.48 rows=1005 width=121)
	  Recheck Cond: ((id >= 9954533) AND (id <= 9955532))
	  ->  Bitmap Index Scan on sbtest1_pkey  (cost=0.00..22.48 rows=1005 width=0)
	        Index Cond: ((id >= 9954533) AND (id <= 9955532))

table 2 : explain SELECT c FROM sbtest2 WHERE id BETWEEN 1217003 AND 1218002
	Bitmap Heap Scan on sbtest2  (cost=22.39..3751.59 rows=971 width=121)
	  Recheck Cond: ((id >= 1217003) AND (id <= 1218002))
	  ->  Bitmap Index Scan on sbtest2_pkey  (cost=0.00..22.14 rows=971 width=0)
	        Index Cond: ((id >= 1217003) AND (id <= 1218002))

table 3 : explain SELECT c FROM sbtest3 WHERE id BETWEEN 3638485 AND 3639484
	Bitmap Heap Scan on sbtest3  (cost=22.87..3928.69 rows=1018 width=121)
	  Recheck Cond: ((id >= 3638485) AND (id <= 3639484))
	  ->  Bitmap Index Scan on sbtest3_pkey  (cost=0.00..22.61 rows=1018 width=0)
	        Index Cond: ((id >= 3638485) AND (id <= 3639484))

table 4 : explain SELECT c FROM sbtest4 WHERE id BETWEEN 387551 AND 388550
	Bitmap Heap Scan on sbtest4  (cost=22.66..3854.52 rows=998 width=121)
	  Recheck Cond: ((id >= 387551) AND (id <= 388550))
	  ->  Bitmap Index Scan on sbtest4_pkey  (cost=0.00..22.41 rows=998 width=0)
	        Index Cond: ((id >= 387551) AND (id <= 388550))

table 5 : explain SELECT c FROM sbtest5 WHERE id BETWEEN 9949510 AND 9950509
	Bitmap Heap Scan on sbtest5  (cost=22.38..3749.00 rows=970 width=121)
	  Recheck Cond: ((id >= 9949510) AND (id <= 9950509))
	  ->  Bitmap Index Scan on sbtest5_pkey  (cost=0.00..22.14 rows=970 width=0)
	        Index Cond: ((id >= 9949510) AND (id <= 9950509))

table 6 : explain SELECT c FROM sbtest6 WHERE id BETWEEN 3225880 AND 3226879
	Bitmap Heap Scan on sbtest6  (cost=22.24..3700.02 rows=957 width=121)
	  Recheck Cond: ((id >= 3225880) AND (id <= 3226879))
	  ->  Bitmap Index Scan on sbtest6_pkey  (cost=0.00..22.00 rows=957 width=0)
	        Index Cond: ((id >= 3225880) AND (id <= 3226879))

table 7 : explain SELECT c FROM sbtest7 WHERE id BETWEEN 6227183 AND 6228182
	Bitmap Heap Scan on sbtest7  (cost=22.92..3949.82 rows=1023 width=121)
	  Recheck Cond: ((id >= 6227183) AND (id <= 6228182))
	  ->  Bitmap Index Scan on sbtest7_pkey  (cost=0.00..22.66 rows=1023 width=0)
	        Index Cond: ((id >= 6227183) AND (id <= 6228182))

table 8 : explain SELECT c FROM sbtest8 WHERE id BETWEEN 9333246 AND 9334245
	Bitmap Heap Scan on sbtest8  (cost=27.50..4168.25 rows=1080 width=121)
	  Recheck Cond: ((id >= 9333246) AND (id <= 9334245))
	  ->  Bitmap Index Scan on sbtest8_pkey  (cost=0.00..27.23 rows=1080 width=0)
	        Index Cond: ((id >= 9333246) AND (id <= 9334245))

explain: for point_selects :: explain SELECT c FROM sbtest%u WHERE id=%u
for point_selects
table 1 : explain SELECT c FROM sbtest1 WHERE id=9858496
	Index Scan using sbtest1_pkey on sbtest1  (cost=0.43..8.45 rows=1 width=121)
	  Index Cond: (id = 9858496)

table 2 : explain SELECT c FROM sbtest2 WHERE id=3066823
	Index Scan using sbtest2_pkey on sbtest2  (cost=0.43..8.45 rows=1 width=121)
	  Index Cond: (id = 3066823)

table 3 : explain SELECT c FROM sbtest3 WHERE id=1741711
	Index Scan using sbtest3_pkey on sbtest3  (cost=0.43..8.45 rows=1 width=121)
	  Index Cond: (id = 1741711)

table 4 : explain SELECT c FROM sbtest4 WHERE id=7176976
	Index Scan using sbtest4_pkey on sbtest4  (cost=0.43..8.45 rows=1 width=121)
	  Index Cond: (id = 7176976)

table 5 : explain SELECT c FROM sbtest5 WHERE id=3217727
	Index Scan using sbtest5_pkey on sbtest5  (cost=0.43..8.45 rows=1 width=121)
	  Index Cond: (id = 3217727)

table 6 : explain SELECT c FROM sbtest6 WHERE id=1719059
	Index Scan using sbtest6_pkey on sbtest6  (cost=0.43..8.45 rows=1 width=121)
	  Index Cond: (id = 1719059)

table 7 : explain SELECT c FROM sbtest7 WHERE id=7015781
	Index Scan using sbtest7_pkey on sbtest7  (cost=0.43..8.45 rows=1 width=121)
	  Index Cond: (id = 7015781)

table 8 : explain SELECT c FROM sbtest8 WHERE id=1491302
	Index Scan using sbtest8_pkey on sbtest8  (cost=0.43..8.45 rows=1 width=121)
	  Index Cond: (id = 1491302)

explain: for point_selects :: explain SELECT c FROM sbtest%u WHERE id=%u
explain: for point_selects :: explain SELECT c FROM sbtest%u WHERE id=%u
explain: for point_selects :: explain SELECT c FROM sbtest%u WHERE id=%u
for: simple_ranges
table 1 : explain SELECT c FROM sbtest1 WHERE id BETWEEN 9868949 AND 9869948
	Bitmap Heap Scan on sbtest1  (cost=22.72..3870.95 rows=1003 width=121)
	  Recheck Cond: ((id >= 9868949) AND (id <= 9869948))
	  ->  Bitmap Index Scan on sbtest1_pkey  (cost=0.00..22.46 rows=1003 width=0)
	        Index Cond: ((id >= 9868949) AND (id <= 9869948))

table 2 : explain SELECT c FROM sbtest2 WHERE id BETWEEN 7020193 AND 7021192
	Bitmap Heap Scan on sbtest2  (cost=21.43..3400.45 rows=878 width=121)
	  Recheck Cond: ((id >= 7020193) AND (id <= 7021192))
	  ->  Bitmap Index Scan on sbtest2_pkey  (cost=0.00..21.21 rows=878 width=0)
	        Index Cond: ((id >= 7020193) AND (id <= 7021192))

table 3 : explain SELECT c FROM sbtest3 WHERE id BETWEEN 4913470 AND 4914469
	Bitmap Heap Scan on sbtest3  (cost=23.19..4045.30 rows=1049 width=121)
	  Recheck Cond: ((id >= 4913470) AND (id <= 4914469))
	  ->  Bitmap Index Scan on sbtest3_pkey  (cost=0.00..22.93 rows=1049 width=0)
	        Index Cond: ((id >= 4913470) AND (id <= 4914469))

table 4 : explain SELECT c FROM sbtest4 WHERE id BETWEEN 6234980 AND 6235979
	Bitmap Heap Scan on sbtest4  (cost=22.19..3681.07 rows=952 width=121)
	  Recheck Cond: ((id >= 6234980) AND (id <= 6235979))
	  ->  Bitmap Index Scan on sbtest4_pkey  (cost=0.00..21.95 rows=952 width=0)
	        Index Cond: ((id >= 6234980) AND (id <= 6235979))

table 5 : explain SELECT c FROM sbtest5 WHERE id BETWEEN 1784545 AND 1785544
	Bitmap Heap Scan on sbtest5  (cost=22.59..3828.17 rows=991 width=121)
	  Recheck Cond: ((id >= 1784545) AND (id <= 1785544))
	  ->  Bitmap Index Scan on sbtest5_pkey  (cost=0.00..22.34 rows=991 width=0)
	        Index Cond: ((id >= 1784545) AND (id <= 1785544))

table 6 : explain SELECT c FROM sbtest6 WHERE id BETWEEN 3438199 AND 3439198
	Bitmap Heap Scan on sbtest6  (cost=23.05..3997.71 rows=1036 width=121)
	  Recheck Cond: ((id >= 3438199) AND (id <= 3439198))
	  ->  Bitmap Index Scan on sbtest6_pkey  (cost=0.00..22.79 rows=1036 width=0)
	        Index Cond: ((id >= 3438199) AND (id <= 3439198))

table 7 : explain SELECT c FROM sbtest7 WHERE id BETWEEN 4676352 AND 4677351
	Bitmap Heap Scan on sbtest7  (cost=27.52..4172.05 rows=1081 width=121)
	  Recheck Cond: ((id >= 4676352) AND (id <= 4677351))
	  ->  Bitmap Index Scan on sbtest7_pkey  (cost=0.00..27.25 rows=1081 width=0)
	        Index Cond: ((id >= 4676352) AND (id <= 4677351))

table 8 : explain SELECT c FROM sbtest8 WHERE id BETWEEN 6385632 AND 6386631
	Bitmap Heap Scan on sbtest8  (cost=22.43..3768.86 rows=975 width=121)
	  Recheck Cond: ((id >= 6385632) AND (id <= 6386631))
	  ->  Bitmap Index Scan on sbtest8_pkey  (cost=0.00..22.18 rows=975 width=0)
	        Index Cond: ((id >= 6385632) AND (id <= 6386631))

for point_selects
table 1 : explain SELECT c FROM sbtest1 WHERE id=9665424
	Index Scan using sbtest1_pkey on sbtest1  (cost=0.43..8.45 rows=1 width=121)
	  Index Cond: (id = 9665424)

table 2 : explain SELECT c FROM sbtest2 WHERE id=5844400
	Index Scan using sbtest2_pkey on sbtest2  (cost=0.43..8.45 rows=1 width=121)
	  Index Cond: (id = 5844400)

table 3 : explain SELECT c FROM sbtest3 WHERE id=5753338
	Index Scan using sbtest3_pkey on sbtest3  (cost=0.43..8.45 rows=1 width=121)
	  Index Cond: (id = 5753338)

table 4 : explain SELECT c FROM sbtest4 WHERE id=4119037
	Index Scan using sbtest4_pkey on sbtest4  (cost=0.43..8.45 rows=1 width=121)
	  Index Cond: (id = 4119037)

table 5 : explain SELECT c FROM sbtest5 WHERE id=5976544
	Index Scan using sbtest5_pkey on sbtest5  (cost=0.43..8.45 rows=1 width=121)
	  Index Cond: (id = 5976544)

table 6 : explain SELECT c FROM sbtest6 WHERE id=124405
	Index Scan using sbtest6_pkey on sbtest6  (cost=0.43..8.45 rows=1 width=121)
	  Index Cond: (id = 124405)

table 7 : explain SELECT c FROM sbtest7 WHERE id=4709117
	Index Scan using sbtest7_pkey on sbtest7  (cost=0.43..8.45 rows=1 width=121)
	  Index Cond: (id = 4709117)

table 8 : explain SELECT c FROM sbtest8 WHERE id=2822884
	Index Scan using sbtest8_pkey on sbtest8  (cost=0.43..8.45 rows=1 width=121)
	  Index Cond: (id = 2822884)

for point_selects
table 1 : explain SELECT c FROM sbtest1 WHERE id=2755307
	Index Scan using sbtest1_pkey on sbtest1  (cost=0.43..8.45 rows=1 width=121)
	  Index Cond: (id = 2755307)

table 2 : explain SELECT c FROM sbtest2 WHERE id=840848
	Index Scan using sbtest2_pkey on sbtest2  (cost=0.43..8.45 rows=1 width=121)
	  Index Cond: (id = 840848)

table 3 : explain SELECT c FROM sbtest3 WHERE id=3427432
	Index Scan using sbtest3_pkey on sbtest3  (cost=0.43..8.45 rows=1 width=121)
	  Index Cond: (id = 3427432)

table 4 : explain SELECT c FROM sbtest4 WHERE id=4313717
	Index Scan using sbtest4_pkey on sbtest4  (cost=0.43..8.45 rows=1 width=121)
	  Index Cond: (id = 4313717)

table 5 : explain SELECT c FROM sbtest5 WHERE id=3003916
	Index Scan using sbtest5_pkey on sbtest5  (cost=0.43..8.45 rows=1 width=121)
	  Index Cond: (id = 3003916)

table 6 : explain SELECT c FROM sbtest6 WHERE id=5689723
	Index Scan using sbtest6_pkey on sbtest6  (cost=0.43..8.45 rows=1 width=121)
	  Index Cond: (id = 5689723)

table 7 : explain SELECT c FROM sbtest7 WHERE id=3279614
	Index Scan using sbtest7_pkey on sbtest7  (cost=0.43..8.45 rows=1 width=121)
	  Index Cond: (id = 3279614)

table 8 : explain SELECT c FROM sbtest8 WHERE id=2661190
	Index Scan using sbtest8_pkey on sbtest8  (cost=0.43..8.45 rows=1 width=121)
	  Index Cond: (id = 2661190)

explain: for point_selects :: explain SELECT c FROM sbtest%u WHERE id=%u
for point_selects
table 1 : explain SELECT c FROM sbtest1 WHERE id=5598046
	Index Scan using sbtest1_pkey on sbtest1  (cost=0.43..8.45 rows=1 width=121)
	  Index Cond: (id = 5598046)

table 2 : explain SELECT c FROM sbtest2 WHERE id=1617189
	Index Scan using sbtest2_pkey on sbtest2  (cost=0.43..8.45 rows=1 width=121)
	  Index Cond: (id = 1617189)

table 3 : explain SELECT c FROM sbtest3 WHERE id=6688981
	Index Scan using sbtest3_pkey on sbtest3  (cost=0.43..8.45 rows=1 width=121)
	  Index Cond: (id = 6688981)

table 4 : explain SELECT c FROM sbtest4 WHERE id=636733
	Index Scan using sbtest4_pkey on sbtest4  (cost=0.43..8.45 rows=1 width=121)
	  Index Cond: (id = 636733)

table 5 : explain SELECT c FROM sbtest5 WHERE id=8546619
	Index Scan using sbtest5_pkey on sbtest5  (cost=0.43..8.45 rows=1 width=121)
	  Index Cond: (id = 8546619)

table 6 : explain SELECT c FROM sbtest6 WHERE id=6827592
	Index Scan using sbtest6_pkey on sbtest6  (cost=0.43..8.45 rows=1 width=121)
	  Index Cond: (id = 6827592)

table 7 : explain SELECT c FROM sbtest7 WHERE id=2803584
	Index Scan using sbtest7_pkey on sbtest7  (cost=0.43..8.45 rows=1 width=121)
	  Index Cond: (id = 2803584)

table 8 : explain SELECT c FROM sbtest8 WHERE id=448929
	Index Scan using sbtest8_pkey on sbtest8  (cost=0.43..8.45 rows=1 width=121)
	  Index Cond: (id = 448929)

for point_selects
table 1 : explain SELECT c FROM sbtest1 WHERE id=2457771
	Index Scan using sbtest1_pkey on sbtest1  (cost=0.43..8.45 rows=1 width=121)
	  Index Cond: (id = 2457771)

table 2 : explain SELECT c FROM sbtest2 WHERE id=5253496
	Index Scan using sbtest2_pkey on sbtest2  (cost=0.43..8.45 rows=1 width=121)
	  Index Cond: (id = 5253496)

table 3 : explain SELECT c FROM sbtest3 WHERE id=2211498
	Index Scan using sbtest3_pkey on sbtest3  (cost=0.43..8.45 rows=1 width=121)
	  Index Cond: (id = 2211498)

table 4 : explain SELECT c FROM sbtest4 WHERE id=8412489
	Index Scan using sbtest4_pkey on sbtest4  (cost=0.43..8.45 rows=1 width=121)
	  Index Cond: (id = 8412489)

table 5 : explain SELECT c FROM sbtest5 WHERE id=2271243
	Index Scan using sbtest5_pkey on sbtest5  (cost=0.43..8.45 rows=1 width=121)
	  Index Cond: (id = 2271243)

table 6 : explain SELECT c FROM sbtest6 WHERE id=6971059
	Index Scan using sbtest6_pkey on sbtest6  (cost=0.43..8.45 rows=1 width=121)
	  Index Cond: (id = 6971059)

table 7 : explain SELECT c FROM sbtest7 WHERE id=7653623
	Index Scan using sbtest7_pkey on sbtest7  (cost=0.43..8.45 rows=1 width=121)
	  Index Cond: (id = 7653623)

table 8 : explain SELECT c FROM sbtest8 WHERE id=5298339
	Index Scan using sbtest8_pkey on sbtest8  (cost=0.43..8.45 rows=1 width=121)
	  Index Cond: (id = 5298339)

for: sum_ranges
table 1 : explain SELECT SUM(k) FROM sbtest1 WHERE id BETWEEN 4163587 AND 4164586
	Aggregate  (cost=3862.16..3862.17 rows=1 width=8)
	  ->  Bitmap Heap Scan on sbtest1  (cost=22.68..3859.66 rows=1000 width=4)
	        Recheck Cond: ((id >= 4163587) AND (id <= 4164586))
	        ->  Bitmap Index Scan on sbtest1_pkey  (cost=0.00..22.43 rows=1000 width=0)
	              Index Cond: ((id >= 4163587) AND (id <= 4164586))

table 2 : explain SELECT SUM(k) FROM sbtest2 WHERE id BETWEEN 196994 AND 197993
	Aggregate  (cost=3625.70..3625.71 rows=1 width=8)
	  ->  Bitmap Heap Scan on sbtest2  (cost=22.04..3623.35 rows=937 width=4)
	        Recheck Cond: ((id >= 196994) AND (id <= 197993))
	        ->  Bitmap Index Scan on sbtest2_pkey  (cost=0.00..21.80 rows=937 width=0)
	              Index Cond: ((id >= 196994) AND (id <= 197993))

table 3 : explain SELECT SUM(k) FROM sbtest3 WHERE id BETWEEN 6162283 AND 6163282
	Aggregate  (cost=4341.26..4341.27 rows=1 width=8)
	  ->  Bitmap Heap Scan on sbtest3  (cost=27.99..4338.44 rows=1127 width=4)
	        Recheck Cond: ((id >= 6162283) AND (id <= 6163282))
	        ->  Bitmap Index Scan on sbtest3_pkey  (cost=0.00..27.70 rows=1127 width=0)
	              Index Cond: ((id >= 6162283) AND (id <= 6163282))

table 4 : explain SELECT SUM(k) FROM sbtest4 WHERE id BETWEEN 7042892 AND 7043891
	Aggregate  (cost=3698.55..3698.56 rows=1 width=8)
	  ->  Bitmap Heap Scan on sbtest4  (cost=22.23..3696.16 rows=956 width=4)
	        Recheck Cond: ((id >= 7042892) AND (id <= 7043891))
	        ->  Bitmap Index Scan on sbtest4_pkey  (cost=0.00..22.00 rows=956 width=0)
	              Index Cond: ((id >= 7042892) AND (id <= 7043891))

table 5 : explain SELECT SUM(k) FROM sbtest5 WHERE id BETWEEN 8408805 AND 8409804
	Aggregate  (cost=3498.27..3498.28 rows=1 width=8)
	  ->  Bitmap Heap Scan on sbtest5  (cost=21.69..3496.01 rows=903 width=4)
	        Recheck Cond: ((id >= 8408805) AND (id <= 8409804))
	        ->  Bitmap Index Scan on sbtest5_pkey  (cost=0.00..21.46 rows=903 width=0)
	              Index Cond: ((id >= 8408805) AND (id <= 8409804))

table 6 : explain SELECT SUM(k) FROM sbtest6 WHERE id BETWEEN 3204229 AND 3205228
	Aggregate  (cost=3702.41..3702.42 rows=1 width=8)
	  ->  Bitmap Heap Scan on sbtest6  (cost=22.24..3700.02 rows=957 width=4)
	        Recheck Cond: ((id >= 3204229) AND (id <= 3205228))
	        ->  Bitmap Index Scan on sbtest6_pkey  (cost=0.00..22.00 rows=957 width=0)
	              Index Cond: ((id >= 3204229) AND (id <= 3205228))

table 7 : explain SELECT SUM(k) FROM sbtest7 WHERE id BETWEEN 7922500 AND 7923499
	Aggregate  (cost=3680.69..3680.70 rows=1 width=8)
	  ->  Bitmap Heap Scan on sbtest7  (cost=22.18..3678.31 rows=951 width=4)
	        Recheck Cond: ((id >= 7922500) AND (id <= 7923499))
	        ->  Bitmap Index Scan on sbtest7_pkey  (cost=0.00..21.94 rows=951 width=0)
	              Index Cond: ((id >= 7922500) AND (id <= 7923499))

table 8 : explain SELECT SUM(k) FROM sbtest8 WHERE id BETWEEN 2459051 AND 2460050
	Aggregate  (cost=3974.95..3974.96 rows=1 width=8)
	  ->  Bitmap Heap Scan on sbtest8  (cost=22.98..3972.38 rows=1029 width=4)
	        Recheck Cond: ((id >= 2459051) AND (id <= 2460050))
	        ->  Bitmap Index Scan on sbtest8_pkey  (cost=0.00..22.72 rows=1029 width=0)
	              Index Cond: ((id >= 2459051) AND (id <= 2460050))

for: simple_ranges
table 1 : explain SELECT c FROM sbtest1 WHERE id BETWEEN 5360596 AND 5361595
	Bitmap Heap Scan on sbtest1  (cost=21.31..3354.09 rows=866 width=121)
	  Recheck Cond: ((id >= 5360596) AND (id <= 5361595))
	  ->  Bitmap Index Scan on sbtest1_pkey  (cost=0.00..21.09 rows=866 width=0)
	        Index Cond: ((id >= 5360596) AND (id <= 5361595))

table 2 : explain SELECT c FROM sbtest2 WHERE id BETWEEN 6847487 AND 6848486
	Bitmap Heap Scan on sbtest2  (cost=22.00..3608.26 rows=933 width=121)
	  Recheck Cond: ((id >= 6847487) AND (id <= 6848486))
	  ->  Bitmap Index Scan on sbtest2_pkey  (cost=0.00..21.76 rows=933 width=0)
	        Index Cond: ((id >= 6847487) AND (id <= 6848486))

table 3 : explain SELECT c FROM sbtest3 WHERE id BETWEEN 2824139 AND 2825138
	Bitmap Heap Scan on sbtest3  (cost=23.29..4082.89 rows=1059 width=121)
	  Recheck Cond: ((id >= 2824139) AND (id <= 2825138))
	  ->  Bitmap Index Scan on sbtest3_pkey  (cost=0.00..23.02 rows=1059 width=0)
	        Index Cond: ((id >= 2824139) AND (id <= 2825138))

table 4 : explain SELECT c FROM sbtest4 WHERE id BETWEEN 9398912 AND 9399911
	Bitmap Heap Scan on sbtest4  (cost=22.79..3899.73 rows=1010 width=121)
	  Recheck Cond: ((id >= 9398912) AND (id <= 9399911))
	  ->  Bitmap Index Scan on sbtest4_pkey  (cost=0.00..22.54 rows=1010 width=0)
	        Index Cond: ((id >= 9398912) AND (id <= 9399911))

table 5 : explain SELECT c FROM sbtest5 WHERE id BETWEEN 945400 AND 946399
	Bitmap Heap Scan on sbtest5  (cost=22.06..3632.02 rows=939 width=121)
	  Recheck Cond: ((id >= 945400) AND (id <= 946399))
	  ->  Bitmap Index Scan on sbtest5_pkey  (cost=0.00..21.82 rows=939 width=0)
	        Index Cond: ((id >= 945400) AND (id <= 946399))

table 6 : explain SELECT c FROM sbtest6 WHERE id BETWEEN 1551639 AND 1552638
	Bitmap Heap Scan on sbtest6  (cost=22.62..3839.54 rows=994 width=121)
	  Recheck Cond: ((id >= 1551639) AND (id <= 1552638))
	  ->  Bitmap Index Scan on sbtest6_pkey  (cost=0.00..22.37 rows=994 width=0)
	        Index Cond: ((id >= 1551639) AND (id <= 1552638))

table 7 : explain SELECT c FROM sbtest7 WHERE id BETWEEN 7539870 AND 7540869
	Bitmap Heap Scan on sbtest7  (cost=22.88..3934.75 rows=1019 width=121)
	  Recheck Cond: ((id >= 7539870) AND (id <= 7540869))
	  ->  Bitmap Index Scan on sbtest7_pkey  (cost=0.00..22.62 rows=1019 width=0)
	        Index Cond: ((id >= 7539870) AND (id <= 7540869))

table 8 : explain SELECT c FROM sbtest8 WHERE id BETWEEN 4898756 AND 4899755
	Bitmap Heap Scan on sbtest8  (cost=27.36..4115.61 rows=1066 width=121)
	  Recheck Cond: ((id >= 4898756) AND (id <= 4899755))
	  ->  Bitmap Index Scan on sbtest8_pkey  (cost=0.00..27.09 rows=1066 width=0)
	        Index Cond: ((id >= 4898756) AND (id <= 4899755))

for: simple_ranges
table 1 : explain SELECT c FROM sbtest1 WHERE id BETWEEN 1990840 AND 1991839
	Bitmap Heap Scan on sbtest1  (cost=22.23..3693.92 rows=956 width=121)
	  Recheck Cond: ((id >= 1990840) AND (id <= 1991839))
	  ->  Bitmap Index Scan on sbtest1_pkey  (cost=0.00..22.00 rows=956 width=0)
	        Index Cond: ((id >= 1990840) AND (id <= 1991839))

table 2 : explain SELECT c FROM sbtest2 WHERE id BETWEEN 8521075 AND 8522074
	Bitmap Heap Scan on sbtest2  (cost=22.20..3683.72 rows=953 width=121)
	  Recheck Cond: ((id >= 8521075) AND (id <= 8522074))
	  ->  Bitmap Index Scan on sbtest2_pkey  (cost=0.00..21.96 rows=953 width=0)
	        Index Cond: ((id >= 8521075) AND (id <= 8522074))

table 3 : explain SELECT c FROM sbtest3 WHERE id BETWEEN 5733965 AND 5734964
	Bitmap Heap Scan on sbtest3  (cost=22.25..3702.64 rows=958 width=121)
	  Recheck Cond: ((id >= 5733965) AND (id <= 5734964))
	  ->  Bitmap Index Scan on sbtest3_pkey  (cost=0.00..22.01 rows=958 width=0)
	        Index Cond: ((id >= 5733965) AND (id <= 5734964))

table 4 : explain SELECT c FROM sbtest4 WHERE id BETWEEN 3111970 AND 3112969
	Bitmap Heap Scan on sbtest4  (cost=22.85..3922.32 rows=1016 width=121)
	  Recheck Cond: ((id >= 3111970) AND (id <= 3112969))
	  ->  Bitmap Index Scan on sbtest4_pkey  (cost=0.00..22.59 rows=1016 width=0)
	        Index Cond: ((id >= 3111970) AND (id <= 3112969))

table 5 : explain SELECT c FROM sbtest5 WHERE id BETWEEN 469646 AND 470645
	Bitmap Heap Scan on sbtest5  (cost=21.78..3530.03 rows=912 width=121)
	  Recheck Cond: ((id >= 469646) AND (id <= 470645))
	  ->  Bitmap Index Scan on sbtest5_pkey  (cost=0.00..21.55 rows=912 width=0)
	        Index Cond: ((id >= 469646) AND (id <= 470645))

table 6 : explain SELECT c FROM sbtest6 WHERE id BETWEEN 8698990 AND 8699989
	Bitmap Heap Scan on sbtest6  (cost=22.72..3873.46 rows=1003 width=121)
	  Recheck Cond: ((id >= 8698990) AND (id <= 8699989))
	  ->  Bitmap Index Scan on sbtest6_pkey  (cost=0.00..22.46 rows=1003 width=0)
	        Index Cond: ((id >= 8698990) AND (id <= 8699989))

table 7 : explain SELECT c FROM sbtest7 WHERE id BETWEEN 6463845 AND 6464844
	Bitmap Heap Scan on sbtest7  (cost=23.28..4081.56 rows=1058 width=121)
	  Recheck Cond: ((id >= 6463845) AND (id <= 6464844))
	  ->  Bitmap Index Scan on sbtest7_pkey  (cost=0.00..23.01 rows=1058 width=0)
	        Index Cond: ((id >= 6463845) AND (id <= 6464844))

table 8 : explain SELECT c FROM sbtest8 WHERE id BETWEEN 1063652 AND 1064651
	Bitmap Heap Scan on sbtest8  (cost=22.56..3817.89 rows=988 width=121)
	  Recheck Cond: ((id >= 1063652) AND (id <= 1064651))
	  ->  Bitmap Index Scan on sbtest8_pkey  (cost=0.00..22.32 rows=988 width=0)
	        Index Cond: ((id >= 1063652) AND (id <= 1064651))

for: simple_ranges
table 1 : explain SELECT c FROM sbtest1 WHERE id BETWEEN 1244332 AND 1245331
	Bitmap Heap Scan on sbtest1  (cost=22.63..3840.84 rows=995 width=121)
	  Recheck Cond: ((id >= 1244332) AND (id <= 1245331))
	  ->  Bitmap Index Scan on sbtest1_pkey  (cost=0.00..22.39 rows=995 width=0)
	        Index Cond: ((id >= 1244332) AND (id <= 1245331))

table 2 : explain SELECT c FROM sbtest2 WHERE id BETWEEN 6579123 AND 6580122
	Bitmap Heap Scan on sbtest2  (cost=22.62..3838.26 rows=994 width=121)
	  Recheck Cond: ((id >= 6579123) AND (id <= 6580122))
	  ->  Bitmap Index Scan on sbtest2_pkey  (cost=0.00..22.37 rows=994 width=0)
	        Index Cond: ((id >= 6579123) AND (id <= 6580122))

table 3 : explain SELECT c FROM sbtest3 WHERE id BETWEEN 309820 AND 310819
	Bitmap Heap Scan on sbtest3  (cost=22.37..3744.12 rows=969 width=121)
	  Recheck Cond: ((id >= 309820) AND (id <= 310819))
	  ->  Bitmap Index Scan on sbtest3_pkey  (cost=0.00..22.12 rows=969 width=0)
	        Index Cond: ((id >= 309820) AND (id <= 310819))

table 4 : explain SELECT c FROM sbtest4 WHERE id BETWEEN 105671 AND 106670
	Bitmap Heap Scan on sbtest4  (cost=22.27..3711.25 rows=960 width=121)
	  Recheck Cond: ((id >= 105671) AND (id <= 106670))
	  ->  Bitmap Index Scan on sbtest4_pkey  (cost=0.00..22.04 rows=960 width=0)
	        Index Cond: ((id >= 105671) AND (id <= 106670))

table 5 : explain SELECT c FROM sbtest5 WHERE id BETWEEN 82415 AND 83414
	Bitmap Heap Scan on sbtest5  (cost=21.73..3511.13 rows=907 width=121)
	  Recheck Cond: ((id >= 82415) AND (id <= 83414))
	  ->  Bitmap Index Scan on sbtest5_pkey  (cost=0.00..21.50 rows=907 width=0)
	        Index Cond: ((id >= 82415) AND (id <= 83414))

table 6 : explain SELECT c FROM sbtest6 WHERE id BETWEEN 1535789 AND 1536788
	Bitmap Heap Scan on sbtest6  (cost=22.62..3839.54 rows=994 width=121)
	  Recheck Cond: ((id >= 1535789) AND (id <= 1536788))
	  ->  Bitmap Index Scan on sbtest6_pkey  (cost=0.00..22.37 rows=994 width=0)
	        Index Cond: ((id >= 1535789) AND (id <= 1536788))

table 7 : explain SELECT c FROM sbtest7 WHERE id BETWEEN 5282286 AND 5283285
	Bitmap Heap Scan on sbtest7  (cost=22.60..3833.00 rows=992 width=121)
	  Recheck Cond: ((id >= 5282286) AND (id <= 5283285))
	  ->  Bitmap Index Scan on sbtest7_pkey  (cost=0.00..22.36 rows=992 width=0)
	        Index Cond: ((id >= 5282286) AND (id <= 5283285))

table 8 : explain SELECT c FROM sbtest8 WHERE id BETWEEN 5902065 AND 5903064
	Bitmap Heap Scan on sbtest8  (cost=22.80..3904.58 rows=1011 width=121)
	  Recheck Cond: ((id >= 5902065) AND (id <= 5903064))
	  ->  Bitmap Index Scan on sbtest8_pkey  (cost=0.00..22.54 rows=1011 width=0)
	        Index Cond: ((id >= 5902065) AND (id <= 5903064))

for point_selects
table 1 : explain SELECT c FROM sbtest1 WHERE id=7990272
	Index Scan using sbtest1_pkey on sbtest1  (cost=0.43..8.45 rows=1 width=121)
	  Index Cond: (id = 7990272)

table 2 : explain SELECT c FROM sbtest2 WHERE id=6507076
	Index Scan using sbtest2_pkey on sbtest2  (cost=0.43..8.45 rows=1 width=121)
	  Index Cond: (id = 6507076)

table 3 : explain SELECT c FROM sbtest3 WHERE id=2304550
	Index Scan using sbtest3_pkey on sbtest3  (cost=0.43..8.45 rows=1 width=121)
	  Index Cond: (id = 2304550)

table 4 : explain SELECT c FROM sbtest4 WHERE id=2435273
	Index Scan using sbtest4_pkey on sbtest4  (cost=0.43..8.45 rows=1 width=121)
	  Index Cond: (id = 2435273)

table 5 : explain SELECT c FROM sbtest5 WHERE id=1041835
	Index Scan using sbtest5_pkey on sbtest5  (cost=0.43..8.45 rows=1 width=121)
	  Index Cond: (id = 1041835)

table 6 : explain SELECT c FROM sbtest6 WHERE id=5826332
	Index Scan using sbtest6_pkey on sbtest6  (cost=0.43..8.45 rows=1 width=121)
	  Index Cond: (id = 5826332)

table 7 : explain SELECT c FROM sbtest7 WHERE id=1619715
	Index Scan using sbtest7_pkey on sbtest7  (cost=0.43..8.45 rows=1 width=121)
	  Index Cond: (id = 1619715)

table 8 : explain SELECT c FROM sbtest8 WHERE id=7205440
	Index Scan using sbtest8_pkey on sbtest8  (cost=0.43..8.45 rows=1 width=121)
	  Index Cond: (id = 7205440)

for point_selects
table 1 : explain SELECT c FROM sbtest1 WHERE id=2678206
	Index Scan using sbtest1_pkey on sbtest1  (cost=0.43..8.45 rows=1 width=121)
	  Index Cond: (id = 2678206)

table 2 : explain SELECT c FROM sbtest2 WHERE id=1250439
	Index Scan using sbtest2_pkey on sbtest2  (cost=0.43..8.45 rows=1 width=121)
	  Index Cond: (id = 1250439)

table 3 : explain SELECT c FROM sbtest3 WHERE id=8755039
	Index Scan using sbtest3_pkey on sbtest3  (cost=0.43..8.45 rows=1 width=121)
	  Index Cond: (id = 8755039)

table 4 : explain SELECT c FROM sbtest4 WHERE id=7455824
	Index Scan using sbtest4_pkey on sbtest4  (cost=0.43..8.45 rows=1 width=121)
	  Index Cond: (id = 7455824)

table 5 : explain SELECT c FROM sbtest5 WHERE id=5332814
	Index Scan using sbtest5_pkey on sbtest5  (cost=0.43..8.45 rows=1 width=121)
	  Index Cond: (id = 5332814)

table 6 : explain SELECT c FROM sbtest6 WHERE id=3564660
	Index Scan using sbtest6_pkey on sbtest6  (cost=0.43..8.45 rows=1 width=121)
	  Index Cond: (id = 3564660)

table 7 : explain SELECT c FROM sbtest7 WHERE id=7319931
	Index Scan using sbtest7_pkey on sbtest7  (cost=0.43..8.45 rows=1 width=121)
	  Index Cond: (id = 7319931)

table 8 : explain SELECT c FROM sbtest8 WHERE id=6617326
	Index Scan using sbtest8_pkey on sbtest8  (cost=0.43..8.45 rows=1 width=121)
	  Index Cond: (id = 6617326)

for: simple_ranges
table 1 : explain SELECT c FROM sbtest1 WHERE id BETWEEN 9332778 AND 9333777
	Bitmap Heap Scan on sbtest1  (cost=23.39..4119.07 rows=1069 width=121)
	  Recheck Cond: ((id >= 9332778) AND (id <= 9333777))
	  ->  Bitmap Index Scan on sbtest1_pkey  (cost=0.00..23.12 rows=1069 width=0)
	        Index Cond: ((id >= 9332778) AND (id <= 9333777))

table 2 : explain SELECT c FROM sbtest2 WHERE id BETWEEN 8866714 AND 8867713
	Bitmap Heap Scan on sbtest2  (cost=27.65..4218.27 rows=1094 width=121)
	  Recheck Cond: ((id >= 8866714) AND (id <= 8867713))
	  ->  Bitmap Index Scan on sbtest2_pkey  (cost=0.00..27.37 rows=1094 width=0)
	        Index Cond: ((id >= 8866714) AND (id <= 8867713))

table 3 : explain SELECT c FROM sbtest3 WHERE id BETWEEN 6022422 AND 6023421
	Bitmap Heap Scan on sbtest3  (cost=22.97..3966.32 rows=1028 width=121)
	  Recheck Cond: ((id >= 6022422) AND (id <= 6023421))
	  ->  Bitmap Index Scan on sbtest3_pkey  (cost=0.00..22.71 rows=1028 width=0)
	        Index Cond: ((id >= 6022422) AND (id <= 6023421))

table 4 : explain SELECT c FROM sbtest4 WHERE id BETWEEN 1256521 AND 1257520
	Bitmap Heap Scan on sbtest4  (cost=22.65..3850.75 rows=997 width=121)
	  Recheck Cond: ((id >= 1256521) AND (id <= 1257520))
	  ->  Bitmap Index Scan on sbtest4_pkey  (cost=0.00..22.40 rows=997 width=0)
	        Index Cond: ((id >= 1256521) AND (id <= 1257520))

table 5 : explain SELECT c FROM sbtest5 WHERE id BETWEEN 8356010 AND 8357009
	Bitmap Heap Scan on sbtest5  (cost=22.81..3907.28 rows=1012 width=121)
	  Recheck Cond: ((id >= 8356010) AND (id <= 8357009))
	  ->  Bitmap Index Scan on sbtest5_pkey  (cost=0.00..22.55 rows=1012 width=0)
	        Index Cond: ((id >= 8356010) AND (id <= 8357009))

table 6 : explain SELECT c FROM sbtest6 WHERE id BETWEEN 6639588 AND 6640587
	Bitmap Heap Scan on sbtest6  (cost=21.92..3579.21 rows=925 width=121)
	  Recheck Cond: ((id >= 6639588) AND (id <= 6640587))
	  ->  Bitmap Index Scan on sbtest6_pkey  (cost=0.00..21.68 rows=925 width=0)
	        Index Cond: ((id >= 6639588) AND (id <= 6640587))

table 7 : explain SELECT c FROM sbtest7 WHERE id BETWEEN 1815484 AND 1816483
	Bitmap Heap Scan on sbtest7  (cost=22.34..3734.93 rows=966 width=121)
	  Recheck Cond: ((id >= 1815484) AND (id <= 1816483))
	  ->  Bitmap Index Scan on sbtest7_pkey  (cost=0.00..22.09 rows=966 width=0)
	        Index Cond: ((id >= 1815484) AND (id <= 1816483))

table 8 : explain SELECT c FROM sbtest8 WHERE id BETWEEN 5618923 AND 5619922
	Bitmap Heap Scan on sbtest8  (cost=21.95..3591.41 rows=928 width=121)
	  Recheck Cond: ((id >= 5618923) AND (id <= 5619922))
	  ->  Bitmap Index Scan on sbtest8_pkey  (cost=0.00..21.71 rows=928 width=0)
	        Index Cond: ((id >= 5618923) AND (id <= 5619922))

for point_selects
table 1 : explain SELECT c FROM sbtest1 WHERE id=5360507
	Index Scan using sbtest1_pkey on sbtest1  (cost=0.43..8.45 rows=1 width=121)
	  Index Cond: (id = 5360507)

table 2 : explain SELECT c FROM sbtest2 WHERE id=5093854
	Index Scan using sbtest2_pkey on sbtest2  (cost=0.43..8.45 rows=1 width=121)
	  Index Cond: (id = 5093854)

table 3 : explain SELECT c FROM sbtest3 WHERE id=4965964
	Index Scan using sbtest3_pkey on sbtest3  (cost=0.43..8.45 rows=1 width=121)
	  Index Cond: (id = 4965964)

table 4 : explain SELECT c FROM sbtest4 WHERE id=9982993
	Index Scan using sbtest4_pkey on sbtest4  (cost=0.43..8.45 rows=1 width=121)
	  Index Cond: (id = 9982993)

table 5 : explain SELECT c FROM sbtest5 WHERE id=493544
	Index Scan using sbtest5_pkey on sbtest5  (cost=0.43..8.45 rows=1 width=121)
	  Index Cond: (id = 493544)

table 6 : explain SELECT c FROM sbtest6 WHERE id=3439531
	Index Scan using sbtest6_pkey on sbtest6  (cost=0.43..8.45 rows=1 width=121)
	  Index Cond: (id = 3439531)

table 7 : explain SELECT c FROM sbtest7 WHERE id=2434003
	Index Scan using sbtest7_pkey on sbtest7  (cost=0.43..8.45 rows=1 width=121)
	  Index Cond: (id = 2434003)

table 8 : explain SELECT c FROM sbtest8 WHERE id=5075456
	Index Scan using sbtest8_pkey on sbtest8  (cost=0.43..8.45 rows=1 width=121)
	  Index Cond: (id = 5075456)

for: simple_ranges
table 1 : explain SELECT c FROM sbtest1 WHERE id BETWEEN 1991628 AND 1992627
	Bitmap Heap Scan on sbtest1  (cost=22.23..3693.92 rows=956 width=121)
	  Recheck Cond: ((id >= 1991628) AND (id <= 1992627))
	  ->  Bitmap Index Scan on sbtest1_pkey  (cost=0.00..22.00 rows=956 width=0)
	        Index Cond: ((id >= 1991628) AND (id <= 1992627))

table 2 : explain SELECT c FROM sbtest2 WHERE id BETWEEN 5751838 AND 5752837
	Bitmap Heap Scan on sbtest2  (cost=22.17..3672.40 rows=950 width=121)
	  Recheck Cond: ((id >= 5751838) AND (id <= 5752837))
	  ->  Bitmap Index Scan on sbtest2_pkey  (cost=0.00..21.93 rows=950 width=0)
	        Index Cond: ((id >= 5751838) AND (id <= 5752837))

table 3 : explain SELECT c FROM sbtest3 WHERE id BETWEEN 2396549 AND 2397548
	Bitmap Heap Scan on sbtest3  (cost=22.21..3687.56 rows=954 width=121)
	  Recheck Cond: ((id >= 2396549) AND (id <= 2397548))
	  ->  Bitmap Index Scan on sbtest3_pkey  (cost=0.00..21.97 rows=954 width=0)
	        Index Cond: ((id >= 2396549) AND (id <= 2397548))

table 4 : explain SELECT c FROM sbtest4 WHERE id BETWEEN 7993593 AND 7994592
	Bitmap Heap Scan on sbtest4  (cost=22.53..3805.53 rows=985 width=121)
	  Recheck Cond: ((id >= 7993593) AND (id <= 7994592))
	  ->  Bitmap Index Scan on sbtest4_pkey  (cost=0.00..22.29 rows=985 width=0)
	        Index Cond: ((id >= 7993593) AND (id <= 7994592))

table 5 : explain SELECT c FROM sbtest5 WHERE id BETWEEN 8254259 AND 8255258
	Bitmap Heap Scan on sbtest5  (cost=22.91..3944.94 rows=1022 width=121)
	  Recheck Cond: ((id >= 8254259) AND (id <= 8255258))
	  ->  Bitmap Index Scan on sbtest5_pkey  (cost=0.00..22.65 rows=1022 width=0)
	        Index Cond: ((id >= 8254259) AND (id <= 8255258))

table 6 : explain SELECT c FROM sbtest6 WHERE id BETWEEN 2893898 AND 2894897
	Bitmap Heap Scan on sbtest6  (cost=27.77..4261.09 rows=1106 width=121)
	  Recheck Cond: ((id >= 2893898) AND (id <= 2894897))
	  ->  Bitmap Index Scan on sbtest6_pkey  (cost=0.00..27.50 rows=1106 width=0)
	        Index Cond: ((id >= 2893898) AND (id <= 2894897))

table 7 : explain SELECT c FROM sbtest7 WHERE id BETWEEN 2628493 AND 2629492
	Bitmap Heap Scan on sbtest7  (cost=22.93..3953.59 rows=1024 width=121)
	  Recheck Cond: ((id >= 2628493) AND (id <= 2629492))
	  ->  Bitmap Index Scan on sbtest7_pkey  (cost=0.00..22.68 rows=1024 width=0)
	        Index Cond: ((id >= 2628493) AND (id <= 2629492))

table 8 : explain SELECT c FROM sbtest8 WHERE id BETWEEN 5878605 AND 5879604
	Bitmap Heap Scan on sbtest8  (cost=22.08..3640.52 rows=941 width=121)
	  Recheck Cond: ((id >= 5878605) AND (id <= 5879604))
	  ->  Bitmap Index Scan on sbtest8_pkey  (cost=0.00..21.84 rows=941 width=0)
	        Index Cond: ((id >= 5878605) AND (id <= 5879604))

for: simple_ranges
table 1 : explain SELECT c FROM sbtest1 WHERE id BETWEEN 1669638 AND 1670637
	Bitmap Heap Scan on sbtest1  (cost=21.83..3546.80 rows=917 width=121)
	  Recheck Cond: ((id >= 1669638) AND (id <= 1670637))
	  ->  Bitmap Index Scan on sbtest1_pkey  (cost=0.00..21.61 rows=917 width=0)
	        Index Cond: ((id >= 1669638) AND (id <= 1670637))

table 2 : explain SELECT c FROM sbtest2 WHERE id BETWEEN 1952171 AND 1953170
	Bitmap Heap Scan on sbtest2  (cost=22.51..3796.82 rows=983 width=121)
	  Recheck Cond: ((id >= 1952171) AND (id <= 1953170))
	  ->  Bitmap Index Scan on sbtest2_pkey  (cost=0.00..22.26 rows=983 width=0)
	        Index Cond: ((id >= 1952171) AND (id <= 1953170))

table 3 : explain SELECT c FROM sbtest3 WHERE id BETWEEN 6169642 AND 6170641
	Bitmap Heap Scan on sbtest3  (cost=27.99..4338.44 rows=1127 width=121)
	  Recheck Cond: ((id >= 6169642) AND (id <= 6170641))
	  ->  Bitmap Index Scan on sbtest3_pkey  (cost=0.00..27.70 rows=1127 width=0)
	        Index Cond: ((id >= 6169642) AND (id <= 6170641))

table 4 : explain SELECT c FROM sbtest4 WHERE id BETWEEN 5154030 AND 5155029
	Bitmap Heap Scan on sbtest4  (cost=22.33..3730.11 rows=965 width=121)
	  Recheck Cond: ((id >= 5154030) AND (id <= 5155029))
	  ->  Bitmap Index Scan on sbtest4_pkey  (cost=0.00..22.08 rows=965 width=0)
	        Index Cond: ((id >= 5154030) AND (id <= 5155029))

table 5 : explain SELECT c FROM sbtest5 WHERE id BETWEEN 7733444 AND 7734443
	Bitmap Heap Scan on sbtest5  (cost=23.52..4166.84 rows=1081 width=121)
	  Recheck Cond: ((id >= 7733444) AND (id <= 7734443))
	  ->  Bitmap Index Scan on sbtest5_pkey  (cost=0.00..23.25 rows=1081 width=0)
	        Index Cond: ((id >= 7733444) AND (id <= 7734443))

table 6 : explain SELECT c FROM sbtest6 WHERE id BETWEEN 4651427 AND 4652426
	Bitmap Heap Scan on sbtest6  (cost=22.52..3801.85 rows=984 width=121)
	  Recheck Cond: ((id >= 4651427) AND (id <= 4652426))
	  ->  Bitmap Index Scan on sbtest6_pkey  (cost=0.00..22.27 rows=984 width=0)
	        Index Cond: ((id >= 4651427) AND (id <= 4652426))

table 7 : explain SELECT c FROM sbtest7 WHERE id BETWEEN 3325280 AND 3326279
	Bitmap Heap Scan on sbtest7  (cost=22.96..3964.88 rows=1027 width=121)
	  Recheck Cond: ((id >= 3325280) AND (id <= 3326279))
	  ->  Bitmap Index Scan on sbtest7_pkey  (cost=0.00..22.70 rows=1027 width=0)
	        Index Cond: ((id >= 3325280) AND (id <= 3326279))

table 8 : explain SELECT c FROM sbtest8 WHERE id BETWEEN 4407099 AND 4408098
	Bitmap Heap Scan on sbtest8  (cost=22.02..3617.86 rows=935 width=121)
	  Recheck Cond: ((id >= 4407099) AND (id <= 4408098))
	  ->  Bitmap Index Scan on sbtest8_pkey  (cost=0.00..21.79 rows=935 width=0)
	        Index Cond: ((id >= 4407099) AND (id <= 4408098))

explain: for point_selects :: explain SELECT c FROM sbtest%u WHERE id=%u
for: simple_ranges
table 1 : explain SELECT c FROM sbtest1 WHERE id BETWEEN 9524295 AND 9525294
	Bitmap Heap Scan on sbtest1  (cost=23.21..4051.46 rows=1051 width=121)
	  Recheck Cond: ((id >= 9524295) AND (id <= 9525294))
	  ->  Bitmap Index Scan on sbtest1_pkey  (cost=0.00..22.94 rows=1051 width=0)
	        Index Cond: ((id >= 9524295) AND (id <= 9525294))

table 2 : explain SELECT c FROM sbtest2 WHERE id BETWEEN 1579178 AND 1580177
	Bitmap Heap Scan on sbtest2  (cost=22.72..3872.15 rows=1003 width=121)
	  Recheck Cond: ((id >= 1579178) AND (id <= 1580177))
	  ->  Bitmap Index Scan on sbtest2_pkey  (cost=0.00..22.46 rows=1003 width=0)
	        Index Cond: ((id >= 1579178) AND (id <= 1580177))

table 3 : explain SELECT c FROM sbtest3 WHERE id BETWEEN 8299573 AND 8300572
	Bitmap Heap Scan on sbtest3  (cost=23.31..4090.40 rows=1061 width=121)
	  Recheck Cond: ((id >= 8299573) AND (id <= 8300572))
	  ->  Bitmap Index Scan on sbtest3_pkey  (cost=0.00..23.04 rows=1061 width=0)
	        Index Cond: ((id >= 8299573) AND (id <= 8300572))

table 4 : explain SELECT c FROM sbtest4 WHERE id BETWEEN 2774187 AND 2775186
	Bitmap Heap Scan on sbtest4  (cost=27.68..4230.91 rows=1097 width=121)
	  Recheck Cond: ((id >= 2774187) AND (id <= 2775186))
	  ->  Bitmap Index Scan on sbtest4_pkey  (cost=0.00..27.40 rows=1097 width=0)
	        Index Cond: ((id >= 2774187) AND (id <= 2775186))

table 5 : explain SELECT c FROM sbtest5 WHERE id BETWEEN 3143314 AND 3144313
	Bitmap Heap Scan on sbtest5  (cost=27.72..4245.96 rows=1101 width=121)
	  Recheck Cond: ((id >= 3143314) AND (id <= 3144313))
	  ->  Bitmap Index Scan on sbtest5_pkey  (cost=0.00..27.44 rows=1101 width=0)
	        Index Cond: ((id >= 3143314) AND (id <= 3144313))

table 6 : explain SELECT c FROM sbtest6 WHERE id BETWEEN 2660898 AND 2661897
	Bitmap Heap Scan on sbtest6  (cost=22.80..3903.59 rows=1011 width=121)
	  Recheck Cond: ((id >= 2660898) AND (id <= 2661897))
	  ->  Bitmap Index Scan on sbtest6_pkey  (cost=0.00..22.54 rows=1011 width=0)
	        Index Cond: ((id >= 2660898) AND (id <= 2661897))

table 7 : explain SELECT c FROM sbtest7 WHERE id BETWEEN 2958460 AND 2959459
	Bitmap Heap Scan on sbtest7  (cost=23.18..4043.94 rows=1048 width=121)
	  Recheck Cond: ((id >= 2958460) AND (id <= 2959459))
	  ->  Bitmap Index Scan on sbtest7_pkey  (cost=0.00..22.91 rows=1048 width=0)
	        Index Cond: ((id >= 2958460) AND (id <= 2959459))

table 8 : explain SELECT c FROM sbtest8 WHERE id BETWEEN 9775715 AND 9776714
	Bitmap Heap Scan on sbtest8  (cost=22.64..3848.05 rows=996 width=121)
	  Recheck Cond: ((id >= 9775715) AND (id <= 9776714))
	  ->  Bitmap Index Scan on sbtest8_pkey  (cost=0.00..22.39 rows=996 width=0)
	        Index Cond: ((id >= 9775715) AND (id <= 9776714))

explain: for point_selects :: explain SELECT c FROM sbtest%u WHERE id=%u
for: sum_ranges
table 1 : explain SELECT SUM(k) FROM sbtest1 WHERE id BETWEEN 9662263 AND 9663262
	Aggregate  (cost=3741.57..3741.58 rows=1 width=8)
	  ->  Bitmap Heap Scan on sbtest1  (cost=22.36..3739.15 rows=968 width=4)
	        Recheck Cond: ((id >= 9662263) AND (id <= 9663262))
	        ->  Bitmap Index Scan on sbtest1_pkey  (cost=0.00..22.11 rows=968 width=0)
	              Index Cond: ((id >= 9662263) AND (id <= 9663262))

table 2 : explain SELECT SUM(k) FROM sbtest2 WHERE id BETWEEN 203606 AND 204605
	Aggregate  (cost=4269.86..4269.87 rows=1 width=8)
	  ->  Bitmap Heap Scan on sbtest2  (cost=27.79..4267.09 rows=1108 width=4)
	        Recheck Cond: ((id >= 203606) AND (id <= 204605))
	        ->  Bitmap Index Scan on sbtest2_pkey  (cost=0.00..27.51 rows=1108 width=0)
	              Index Cond: ((id >= 203606) AND (id <= 204605))

table 3 : explain SELECT SUM(k) FROM sbtest3 WHERE id BETWEEN 1666694 AND 1667693
	Aggregate  (cost=3648.42..3648.43 rows=1 width=8)
	  ->  Bitmap Heap Scan on sbtest3  (cost=22.10..3646.06 rows=943 width=4)
	        Recheck Cond: ((id >= 1666694) AND (id <= 1667693))
	        ->  Bitmap Index Scan on sbtest3_pkey  (cost=0.00..21.86 rows=943 width=0)
	              Index Cond: ((id >= 1666694) AND (id <= 1667693))

table 4 : explain SELECT SUM(k) FROM sbtest4 WHERE id BETWEEN 987083 AND 988082
	Aggregate  (cost=3785.36..3785.37 rows=1 width=8)
	  ->  Bitmap Heap Scan on sbtest4  (cost=22.47..3782.91 rows=979 width=4)
	        Recheck Cond: ((id >= 987083) AND (id <= 988082))
	        ->  Bitmap Index Scan on sbtest4_pkey  (cost=0.00..22.22 rows=979 width=0)
	              Index Cond: ((id >= 987083) AND (id <= 988082))

table 5 : explain SELECT SUM(k) FROM sbtest5 WHERE id BETWEEN 5810197 AND 5811196
	Aggregate  (cost=4056.69..4056.70 rows=1 width=8)
	  ->  Bitmap Heap Scan on sbtest5  (cost=23.21..4054.06 rows=1051 width=4)
	        Recheck Cond: ((id >= 5810197) AND (id <= 5811196))
	        ->  Bitmap Index Scan on sbtest5_pkey  (cost=0.00..22.94 rows=1051 width=0)
	              Index Cond: ((id >= 5810197) AND (id <= 5811196))

table 6 : explain SELECT SUM(k) FROM sbtest6 WHERE id BETWEEN 8378893 AND 8379892
	Aggregate  (cost=3989.00..3989.01 rows=1 width=8)
	  ->  Bitmap Heap Scan on sbtest6  (cost=23.02..3986.42 rows=1033 width=4)
	        Recheck Cond: ((id >= 8378893) AND (id <= 8379892))
	        ->  Bitmap Index Scan on sbtest6_pkey  (cost=0.00..22.76 rows=1033 width=0)
	              Index Cond: ((id >= 8378893) AND (id <= 8379892))

table 7 : explain SELECT SUM(k) FROM sbtest7 WHERE id BETWEEN 5617160 AND 5618159
	Aggregate  (cost=3245.33..3245.34 rows=1 width=8)
	  ->  Bitmap Heap Scan on sbtest7  (cost=21.00..3243.24 rows=836 width=4)
	        Recheck Cond: ((id >= 5617160) AND (id <= 5618159))
	        ->  Bitmap Index Scan on sbtest7_pkey  (cost=0.00..20.79 rows=836 width=0)
	              Index Cond: ((id >= 5617160) AND (id <= 5618159))

table 8 : explain SELECT SUM(k) FROM sbtest8 WHERE id BETWEEN 4350409 AND 4351408
	Aggregate  (cost=3725.99..3726.00 rows=1 width=8)
	  ->  Bitmap Heap Scan on sbtest8  (cost=22.31..3723.58 rows=963 width=4)
	        Recheck Cond: ((id >= 4350409) AND (id <= 4351408))
	        ->  Bitmap Index Scan on sbtest8_pkey  (cost=0.00..22.07 rows=963 width=0)
	              Index Cond: ((id >= 4350409) AND (id <= 4351408))

explain: for point_selects :: explain SELECT c FROM sbtest%u WHERE id=%u
for: sum_ranges
table 1 : explain SELECT SUM(k) FROM sbtest1 WHERE id BETWEEN 1152434 AND 1153433
	Aggregate  (cost=4095.43..4095.44 rows=1 width=8)
	  ->  Bitmap Heap Scan on sbtest1  (cost=23.32..4092.78 rows=1062 width=4)
	        Recheck Cond: ((id >= 1152434) AND (id <= 1153433))
	        ->  Bitmap Index Scan on sbtest1_pkey  (cost=0.00..23.05 rows=1062 width=0)
	              Index Cond: ((id >= 1152434) AND (id <= 1153433))

table 2 : explain SELECT SUM(k) FROM sbtest2 WHERE id BETWEEN 1953733 AND 1954732
	Aggregate  (cost=3799.28..3799.29 rows=1 width=8)
	  ->  Bitmap Heap Scan on sbtest2  (cost=22.51..3796.82 rows=983 width=4)
	        Recheck Cond: ((id >= 1953733) AND (id <= 1954732))
	        ->  Bitmap Index Scan on sbtest2_pkey  (cost=0.00..22.26 rows=983 width=0)
	              Index Cond: ((id >= 1953733) AND (id <= 1954732))

table 3 : explain SELECT SUM(k) FROM sbtest3 WHERE id BETWEEN 842686 AND 843685
	Aggregate  (cost=4423.78..4423.79 rows=1 width=8)
	  ->  Bitmap Heap Scan on sbtest3  (cost=28.21..4420.91 rows=1149 width=4)
	        Recheck Cond: ((id >= 842686) AND (id <= 843685))
	        ->  Bitmap Index Scan on sbtest3_pkey  (cost=0.00..27.93 rows=1149 width=0)
	              Index Cond: ((id >= 842686) AND (id <= 843685))

table 4 : explain SELECT SUM(k) FROM sbtest4 WHERE id BETWEEN 6636620 AND 6637619
	Aggregate  (cost=3414.99..3415.00 rows=1 width=8)
	  ->  Bitmap Heap Scan on sbtest4  (cost=21.47..3412.79 rows=881 width=4)
	        Recheck Cond: ((id >= 6636620) AND (id <= 6637619))
	        ->  Bitmap Index Scan on sbtest4_pkey  (cost=0.00..21.25 rows=881 width=0)
	              Index Cond: ((id >= 6636620) AND (id <= 6637619))

table 5 : explain SELECT SUM(k) FROM sbtest5 WHERE id BETWEEN 477358 AND 478357
	Aggregate  (cost=3532.31..3532.32 rows=1 width=8)
	  ->  Bitmap Heap Scan on sbtest5  (cost=21.78..3530.03 rows=912 width=4)
	        Recheck Cond: ((id >= 477358) AND (id <= 478357))
	        ->  Bitmap Index Scan on sbtest5_pkey  (cost=0.00..21.55 rows=912 width=0)
	              Index Cond: ((id >= 477358) AND (id <= 478357))

table 6 : explain SELECT SUM(k) FROM sbtest6 WHERE id BETWEEN 9110751 AND 9111750
	Aggregate  (cost=3777.90..3777.91 rows=1 width=8)
	  ->  Bitmap Heap Scan on sbtest6  (cost=22.45..3775.46 rows=977 width=4)
	        Recheck Cond: ((id >= 9110751) AND (id <= 9111750))
	        ->  Bitmap Index Scan on sbtest6_pkey  (cost=0.00..22.20 rows=977 width=0)
	              Index Cond: ((id >= 9110751) AND (id <= 9111750))

table 7 : explain SELECT SUM(k) FROM sbtest7 WHERE id BETWEEN 6625741 AND 6626740
	Aggregate  (cost=3782.65..3782.66 rows=1 width=8)
	  ->  Bitmap Heap Scan on sbtest7  (cost=22.46..3780.21 rows=978 width=4)
	        Recheck Cond: ((id >= 6625741) AND (id <= 6626740))
	        ->  Bitmap Index Scan on sbtest7_pkey  (cost=0.00..22.21 rows=978 width=0)
	              Index Cond: ((id >= 6625741) AND (id <= 6626740))

table 8 : explain SELECT SUM(k) FROM sbtest8 WHERE id BETWEEN 8362603 AND 8363602
	Aggregate  (cost=3688.21..3688.22 rows=1 width=8)
	  ->  Bitmap Heap Scan on sbtest8  (cost=22.20..3685.83 rows=953 width=4)
	        Recheck Cond: ((id >= 8362603) AND (id <= 8363602))
	        ->  Bitmap Index Scan on sbtest8_pkey  (cost=0.00..21.96 rows=953 width=0)
	              Index Cond: ((id >= 8362603) AND (id <= 8363602))

for: sum_ranges
table 1 : explain SELECT SUM(k) FROM sbtest1 WHERE id BETWEEN 7395495 AND 7396494
	Aggregate  (cost=3929.94..3929.95 rows=1 width=8)
	  ->  Bitmap Heap Scan on sbtest1  (cost=22.87..3927.39 rows=1018 width=4)
	        Recheck Cond: ((id >= 7395495) AND (id <= 7396494))
	        ->  Bitmap Index Scan on sbtest1_pkey  (cost=0.00..22.61 rows=1018 width=0)
	              Index Cond: ((id >= 7395495) AND (id <= 7396494))

table 2 : explain SELECT SUM(k) FROM sbtest2 WHERE id BETWEEN 889441 AND 890440
	Aggregate  (cost=4047.85..4047.86 rows=1 width=8)
	  ->  Bitmap Heap Scan on sbtest2  (cost=23.19..4045.22 rows=1049 width=4)
	        Recheck Cond: ((id >= 889441) AND (id <= 890440))
	        ->  Bitmap Index Scan on sbtest2_pkey  (cost=0.00..22.93 rows=1049 width=0)
	              Index Cond: ((id >= 889441) AND (id <= 890440))

table 3 : explain SELECT SUM(k) FROM sbtest3 WHERE id BETWEEN 630188 AND 631187
	Aggregate  (cost=4036.63..4036.64 rows=1 width=8)
	  ->  Bitmap Heap Scan on sbtest3  (cost=23.16..4034.02 rows=1046 width=4)
	        Recheck Cond: ((id >= 630188) AND (id <= 631187))
	        ->  Bitmap Index Scan on sbtest3_pkey  (cost=0.00..22.89 rows=1046 width=0)
	              Index Cond: ((id >= 630188) AND (id <= 631187))

table 4 : explain SELECT SUM(k) FROM sbtest4 WHERE id BETWEEN 2291919 AND 2292918
	Aggregate  (cost=3683.45..3683.46 rows=1 width=8)
	  ->  Bitmap Heap Scan on sbtest4  (cost=22.19..3681.07 rows=952 width=4)
	        Recheck Cond: ((id >= 2291919) AND (id <= 2292918))
	        ->  Bitmap Index Scan on sbtest4_pkey  (cost=0.00..21.95 rows=952 width=0)
	              Index Cond: ((id >= 2291919) AND (id <= 2292918))

table 5 : explain SELECT SUM(k) FROM sbtest5 WHERE id BETWEEN 670426 AND 671425
	Aggregate  (cost=3811.79..3811.80 rows=1 width=8)
	  ->  Bitmap Heap Scan on sbtest5  (cost=22.54..3809.32 rows=986 width=4)
	        Recheck Cond: ((id >= 670426) AND (id <= 671425))
	        ->  Bitmap Index Scan on sbtest5_pkey  (cost=0.00..22.29 rows=986 width=0)
	              Index Cond: ((id >= 670426) AND (id <= 671425))

table 6 : explain SELECT SUM(k) FROM sbtest6 WHERE id BETWEEN 8317819 AND 8318818
	Aggregate  (cost=4053.00..4053.01 rows=1 width=8)
	  ->  Bitmap Heap Scan on sbtest6  (cost=23.20..4050.38 rows=1050 width=4)
	        Recheck Cond: ((id >= 8317819) AND (id <= 8318818))
	        ->  Bitmap Index Scan on sbtest6_pkey  (cost=0.00..22.93 rows=1050 width=0)
	              Index Cond: ((id >= 8317819) AND (id <= 8318818))

table 7 : explain SELECT SUM(k) FROM sbtest7 WHERE id BETWEEN 8548647 AND 8549646
	Aggregate  (cost=4140.90..4140.91 rows=1 width=8)
	  ->  Bitmap Heap Scan on sbtest7  (cost=27.42..4138.22 rows=1072 width=4)
	        Recheck Cond: ((id >= 8548647) AND (id <= 8549646))
	        ->  Bitmap Index Scan on sbtest7_pkey  (cost=0.00..27.15 rows=1072 width=0)
	              Index Cond: ((id >= 8548647) AND (id <= 8549646))

table 8 : explain SELECT SUM(k) FROM sbtest8 WHERE id BETWEEN 4255812 AND 4256811
	Aggregate  (cost=4069.34..4069.35 rows=1 width=8)
	  ->  Bitmap Heap Scan on sbtest8  (cost=27.23..4066.71 rows=1053 width=4)
	        Recheck Cond: ((id >= 4255812) AND (id <= 4256811))
	        ->  Bitmap Index Scan on sbtest8_pkey  (cost=0.00..26.96 rows=1053 width=0)
	              Index Cond: ((id >= 4255812) AND (id <= 4256811))

for: sum_ranges
table 1 : explain SELECT SUM(k) FROM sbtest1 WHERE id BETWEEN 7562343 AND 7563342
	Aggregate  (cost=3688.77..3688.78 rows=1 width=8)
	  ->  Bitmap Heap Scan on sbtest1  (cost=22.21..3686.38 rows=954 width=4)
	        Recheck Cond: ((id >= 7562343) AND (id <= 7563342))
	        ->  Bitmap Index Scan on sbtest1_pkey  (cost=0.00..21.97 rows=954 width=0)
	              Index Cond: ((id >= 7562343) AND (id <= 7563342))

table 2 : explain SELECT SUM(k) FROM sbtest2 WHERE id BETWEEN 2488396 AND 2489395
	Aggregate  (cost=3742.70..3742.71 rows=1 width=8)
	  ->  Bitmap Heap Scan on sbtest2  (cost=22.36..3740.28 rows=968 width=4)
	        Recheck Cond: ((id >= 2488396) AND (id <= 2489395))
	        ->  Bitmap Index Scan on sbtest2_pkey  (cost=0.00..22.11 rows=968 width=0)
	              Index Cond: ((id >= 2488396) AND (id <= 2489395))

table 3 : explain SELECT SUM(k) FROM sbtest3 WHERE id BETWEEN 6866450 AND 6867449
	Aggregate  (cost=3855.89..3855.90 rows=1 width=8)
	  ->  Bitmap Heap Scan on sbtest3  (cost=22.66..3853.39 rows=998 width=4)
	        Recheck Cond: ((id >= 6866450) AND (id <= 6867449))
	        ->  Bitmap Index Scan on sbtest3_pkey  (cost=0.00..22.41 rows=998 width=0)
	              Index Cond: ((id >= 6866450) AND (id <= 6867449))

table 4 : explain SELECT SUM(k) FROM sbtest4 WHERE id BETWEEN 9149695 AND 9150694
	Aggregate  (cost=3943.70..3943.71 rows=1 width=8)
	  ->  Bitmap Heap Scan on sbtest4  (cost=22.90..3941.15 rows=1021 width=4)
	        Recheck Cond: ((id >= 9149695) AND (id <= 9150694))
	        ->  Bitmap Index Scan on sbtest4_pkey  (cost=0.00..22.64 rows=1021 width=0)
	              Index Cond: ((id >= 9149695) AND (id <= 9150694))

table 5 : explain SELECT SUM(k) FROM sbtest5 WHERE id BETWEEN 1311220 AND 1312219
	Aggregate  (cost=3977.63..3977.64 rows=1 width=8)
	  ->  Bitmap Heap Scan on sbtest5  (cost=22.99..3975.05 rows=1030 width=4)
	        Recheck Cond: ((id >= 1311220) AND (id <= 1312219))
	        ->  Bitmap Index Scan on sbtest5_pkey  (cost=0.00..22.73 rows=1030 width=0)
	              Index Cond: ((id >= 1311220) AND (id <= 1312219))

table 6 : explain SELECT SUM(k) FROM sbtest6 WHERE id BETWEEN 1773495 AND 1774494
	Aggregate  (cost=3732.62..3732.63 rows=1 width=8)
	  ->  Bitmap Heap Scan on sbtest6  (cost=22.33..3730.20 rows=965 width=4)
	        Recheck Cond: ((id >= 1773495) AND (id <= 1774494))
	        ->  Bitmap Index Scan on sbtest6_pkey  (cost=0.00..22.08 rows=965 width=0)
	              Index Cond: ((id >= 1773495) AND (id <= 1774494))

table 7 : explain SELECT SUM(k) FROM sbtest7 WHERE id BETWEEN 269372 AND 270371
	Aggregate  (cost=3824.16..3824.17 rows=1 width=8)
	  ->  Bitmap Heap Scan on sbtest7  (cost=22.57..3821.69 rows=989 width=4)
	        Recheck Cond: ((id >= 269372) AND (id <= 270371))
	        ->  Bitmap Index Scan on sbtest7_pkey  (cost=0.00..22.32 rows=989 width=0)
	              Index Cond: ((id >= 269372) AND (id <= 270371))

table 8 : explain SELECT SUM(k) FROM sbtest8 WHERE id BETWEEN 554555 AND 555554
	Aggregate  (cost=3688.21..3688.22 rows=1 width=8)
	  ->  Bitmap Heap Scan on sbtest8  (cost=22.20..3685.83 rows=953 width=4)
	        Recheck Cond: ((id >= 554555) AND (id <= 555554))
	        ->  Bitmap Index Scan on sbtest8_pkey  (cost=0.00..21.96 rows=953 width=0)
	              Index Cond: ((id >= 554555) AND (id <= 555554))

for: order_ranges
table 1 : explain SELECT c FROM sbtest1 WHERE id BETWEEN 154031 AND 155030 ORDER BY c
	Sort  (cost=4066.05..4068.65 rows=1041 width=121)
	  Sort Key: c
	  ->  Bitmap Heap Scan on sbtest1  (cost=23.11..4013.88 rows=1041 width=121)
	        Recheck Cond: ((id >= 154031) AND (id <= 155030))
	        ->  Bitmap Index Scan on sbtest1_pkey  (cost=0.00..22.84 rows=1041 width=0)
	              Index Cond: ((id >= 154031) AND (id <= 155030))

table 2 : explain SELECT c FROM sbtest2 WHERE id BETWEEN 6964743 AND 6965742 ORDER BY c
	Sort  (cost=3443.37..3445.57 rows=878 width=121)
	  Sort Key: c
	  ->  Bitmap Heap Scan on sbtest2  (cost=21.43..3400.45 rows=878 width=121)
	        Recheck Cond: ((id >= 6964743) AND (id <= 6965742))
	        ->  Bitmap Index Scan on sbtest2_pkey  (cost=0.00..21.21 rows=878 width=0)
	              Index Cond: ((id >= 6964743) AND (id <= 6965742))

table 3 : explain SELECT c FROM sbtest3 WHERE id BETWEEN 7039815 AND 7040814 ORDER BY c
	Sort  (cost=3945.16..3947.68 rows=1009 width=121)
	  Sort Key: c
	  ->  Bitmap Heap Scan on sbtest3  (cost=22.78..3894.81 rows=1009 width=121)
	        Recheck Cond: ((id >= 7039815) AND (id <= 7040814))
	        ->  Bitmap Index Scan on sbtest3_pkey  (cost=0.00..22.52 rows=1009 width=0)
	              Index Cond: ((id >= 7039815) AND (id <= 7040814))

table 4 : explain SELECT c FROM sbtest4 WHERE id BETWEEN 6119840 AND 6120839 ORDER BY c
	Sort  (cost=3781.78..3784.19 rows=966 width=121)
	  Sort Key: c
	  ->  Bitmap Heap Scan on sbtest4  (cost=22.34..3733.89 rows=966 width=121)
	        Recheck Cond: ((id >= 6119840) AND (id <= 6120839))
	        ->  Bitmap Index Scan on sbtest4_pkey  (cost=0.00..22.09 rows=966 width=0)
	              Index Cond: ((id >= 6119840) AND (id <= 6120839))

table 5 : explain SELECT c FROM sbtest5 WHERE id BETWEEN 8594624 AND 8595623 ORDER BY c
	Sort  (cost=3881.31..3883.79 rows=992 width=121)
	  Sort Key: c
	  ->  Bitmap Heap Scan on sbtest5  (cost=22.60..3831.94 rows=992 width=121)
	        Recheck Cond: ((id >= 8594624) AND (id <= 8595623))
	        ->  Bitmap Index Scan on sbtest5_pkey  (cost=0.00..22.36 rows=992 width=0)
	              Index Cond: ((id >= 8594624) AND (id <= 8595623))

table 6 : explain SELECT c FROM sbtest6 WHERE id BETWEEN 9663629 AND 9664628 ORDER BY c
	Sort  (cost=3816.33..3818.76 rows=975 width=121)
	  Sort Key: c
	  ->  Bitmap Heap Scan on sbtest6  (cost=22.43..3767.92 rows=975 width=121)
	        Recheck Cond: ((id >= 9663629) AND (id <= 9664628))
	        ->  Bitmap Index Scan on sbtest6_pkey  (cost=0.00..22.18 rows=975 width=0)
	              Index Cond: ((id >= 9663629) AND (id <= 9664628))

table 7 : explain SELECT c FROM sbtest7 WHERE id BETWEEN 9029912 AND 9030911 ORDER BY c
	Sort  (cost=3744.52..3746.91 rows=956 width=121)
	  Sort Key: c
	  ->  Bitmap Heap Scan on sbtest7  (cost=22.23..3697.19 rows=956 width=121)
	        Recheck Cond: ((id >= 9029912) AND (id <= 9030911))
	        ->  Bitmap Index Scan on sbtest7_pkey  (cost=0.00..22.00 rows=956 width=0)
	              Index Cond: ((id >= 9029912) AND (id <= 9030911))

table 8 : explain SELECT c FROM sbtest8 WHERE id BETWEEN 7233639 AND 7234638 ORDER BY c
	Sort  (cost=4276.09..4278.82 rows=1094 width=121)
	  Sort Key: c
	  ->  Bitmap Heap Scan on sbtest8  (cost=27.65..4220.87 rows=1094 width=121)
	        Recheck Cond: ((id >= 7233639) AND (id <= 7234638))
	        ->  Bitmap Index Scan on sbtest8_pkey  (cost=0.00..27.37 rows=1094 width=0)
	              Index Cond: ((id >= 7233639) AND (id <= 7234638))

for: sum_ranges
table 1 : explain SELECT SUM(k) FROM sbtest1 WHERE id BETWEEN 9143853 AND 9144852
	Aggregate  (cost=4072.88..4072.89 rows=1 width=8)
	  ->  Bitmap Heap Scan on sbtest1  (cost=23.26..4070.24 rows=1056 width=4)
	        Recheck Cond: ((id >= 9143853) AND (id <= 9144852))
	        ->  Bitmap Index Scan on sbtest1_pkey  (cost=0.00..23.00 rows=1056 width=0)
	              Index Cond: ((id >= 9143853) AND (id <= 9144852))

table 2 : explain SELECT SUM(k) FROM sbtest2 WHERE id BETWEEN 6781651 AND 6782650
	Aggregate  (cost=3803.05..3803.06 rows=1 width=8)
	  ->  Bitmap Heap Scan on sbtest2  (cost=22.52..3800.59 rows=984 width=4)
	        Recheck Cond: ((id >= 6781651) AND (id <= 6782650))
	        ->  Bitmap Index Scan on sbtest2_pkey  (cost=0.00..22.27 rows=984 width=0)
	              Index Cond: ((id >= 6781651) AND (id <= 6782650))

table 3 : explain SELECT SUM(k) FROM sbtest3 WHERE id BETWEEN 3489698 AND 3490697
	Aggregate  (cost=3674.84..3674.85 rows=1 width=8)
	  ->  Bitmap Heap Scan on sbtest3  (cost=22.17..3672.47 rows=950 width=4)
	        Recheck Cond: ((id >= 3489698) AND (id <= 3490697))
	        ->  Bitmap Index Scan on sbtest3_pkey  (cost=0.00..21.93 rows=950 width=0)
	              Index Cond: ((id >= 3489698) AND (id <= 3490697))

table 4 : explain SELECT SUM(k) FROM sbtest4 WHERE id BETWEEN 9319114 AND 9320113
	Aggregate  (cost=3792.90..3792.91 rows=1 width=8)
	  ->  Bitmap Heap Scan on sbtest4  (cost=22.49..3790.45 rows=981 width=4)
	        Recheck Cond: ((id >= 9319114) AND (id <= 9320113))
	        ->  Bitmap Index Scan on sbtest4_pkey  (cost=0.00..22.25 rows=981 width=0)
	              Index Cond: ((id >= 9319114) AND (id <= 9320113))

table 5 : explain SELECT SUM(k) FROM sbtest5 WHERE id BETWEEN 3091119 AND 3092118
	Aggregate  (cost=4248.71..4248.72 rows=1 width=8)
	  ->  Bitmap Heap Scan on sbtest5  (cost=27.72..4245.96 rows=1101 width=4)
	        Recheck Cond: ((id >= 3091119) AND (id <= 3092118))
	        ->  Bitmap Index Scan on sbtest5_pkey  (cost=0.00..27.44 rows=1101 width=0)
	              Index Cond: ((id >= 3091119) AND (id <= 3092118))

table 6 : explain SELECT SUM(k) FROM sbtest6 WHERE id BETWEEN 5882022 AND 5883021
	Aggregate  (cost=4068.06..4068.07 rows=1 width=8)
	  ->  Bitmap Heap Scan on sbtest6  (cost=23.24..4065.42 rows=1054 width=4)
	        Recheck Cond: ((id >= 5882022) AND (id <= 5883021))
	        ->  Bitmap Index Scan on sbtest6_pkey  (cost=0.00..22.97 rows=1054 width=0)
	              Index Cond: ((id >= 5882022) AND (id <= 5883021))

table 7 : explain SELECT SUM(k) FROM sbtest7 WHERE id BETWEEN 709225 AND 710224
	Aggregate  (cost=3431.05..3431.06 rows=1 width=8)
	  ->  Bitmap Heap Scan on sbtest7  (cost=21.51..3428.84 rows=885 width=4)
	        Recheck Cond: ((id >= 709225) AND (id <= 710224))
	        ->  Bitmap Index Scan on sbtest7_pkey  (cost=0.00..21.29 rows=885 width=0)
	              Index Cond: ((id >= 709225) AND (id <= 710224))

table 8 : explain SELECT SUM(k) FROM sbtest8 WHERE id BETWEEN 7030657 AND 7031656
	Aggregate  (cost=4054.28..4054.29 rows=1 width=8)
	  ->  Bitmap Heap Scan on sbtest8  (cost=27.19..4051.66 rows=1049 width=4)
	        Recheck Cond: ((id >= 7030657) AND (id <= 7031656))
	        ->  Bitmap Index Scan on sbtest8_pkey  (cost=0.00..26.93 rows=1049 width=0)
	              Index Cond: ((id >= 7030657) AND (id <= 7031656))

for point_selects
table 1 : explain SELECT c FROM sbtest1 WHERE id=1032884
	Index Scan using sbtest1_pkey on sbtest1  (cost=0.43..8.45 rows=1 width=121)
	  Index Cond: (id = 1032884)

table 2 : explain SELECT c FROM sbtest2 WHERE id=7772072
	Index Scan using sbtest2_pkey on sbtest2  (cost=0.43..8.45 rows=1 width=121)
	  Index Cond: (id = 7772072)

table 3 : explain SELECT c FROM sbtest3 WHERE id=87523
	Index Scan using sbtest3_pkey on sbtest3  (cost=0.43..8.45 rows=1 width=121)
	  Index Cond: (id = 87523)

table 4 : explain SELECT c FROM sbtest4 WHERE id=2040547
	Index Scan using sbtest4_pkey on sbtest4  (cost=0.43..8.45 rows=1 width=121)
	  Index Cond: (id = 2040547)

table 5 : explain SELECT c FROM sbtest5 WHERE id=4979892
	Index Scan using sbtest5_pkey on sbtest5  (cost=0.43..8.45 rows=1 width=121)
	  Index Cond: (id = 4979892)

table 6 : explain SELECT c FROM sbtest6 WHERE id=6955275
	Index Scan using sbtest6_pkey on sbtest6  (cost=0.43..8.45 rows=1 width=121)
	  Index Cond: (id = 6955275)

table 7 : explain SELECT c FROM sbtest7 WHERE id=8550690
	Index Scan using sbtest7_pkey on sbtest7  (cost=0.43..8.45 rows=1 width=121)
	  Index Cond: (id = 8550690)

table 8 : explain SELECT c FROM sbtest8 WHERE id=2522278
	Index Scan using sbtest8_pkey on sbtest8  (cost=0.43..8.45 rows=1 width=121)
	  Index Cond: (id = 2522278)

for point_selects
table 1 : explain SELECT c FROM sbtest1 WHERE id=6692460
	Index Scan using sbtest1_pkey on sbtest1  (cost=0.43..8.45 rows=1 width=121)
	  Index Cond: (id = 6692460)

table 2 : explain SELECT c FROM sbtest2 WHERE id=811667
	Index Scan using sbtest2_pkey on sbtest2  (cost=0.43..8.45 rows=1 width=121)
	  Index Cond: (id = 811667)

table 3 : explain SELECT c FROM sbtest3 WHERE id=8757169
	Index Scan using sbtest3_pkey on sbtest3  (cost=0.43..8.45 rows=1 width=121)
	  Index Cond: (id = 8757169)

table 4 : explain SELECT c FROM sbtest4 WHERE id=565052
	Index Scan using sbtest4_pkey on sbtest4  (cost=0.43..8.45 rows=1 width=121)
	  Index Cond: (id = 565052)

table 5 : explain SELECT c FROM sbtest5 WHERE id=7261785
	Index Scan using sbtest5_pkey on sbtest5  (cost=0.43..8.45 rows=1 width=121)
	  Index Cond: (id = 7261785)

table 6 : explain SELECT c FROM sbtest6 WHERE id=2528050
	Index Scan using sbtest6_pkey on sbtest6  (cost=0.43..8.45 rows=1 width=121)
	  Index Cond: (id = 2528050)

table 7 : explain SELECT c FROM sbtest7 WHERE id=3717205
	Index Scan using sbtest7_pkey on sbtest7  (cost=0.43..8.45 rows=1 width=121)
	  Index Cond: (id = 3717205)

table 8 : explain SELECT c FROM sbtest8 WHERE id=2102340
	Index Scan using sbtest8_pkey on sbtest8  (cost=0.43..8.45 rows=1 width=121)
	  Index Cond: (id = 2102340)

for: sum_ranges
table 1 : explain SELECT SUM(k) FROM sbtest1 WHERE id BETWEEN 2831318 AND 2832317
	Aggregate  (cost=3888.53..3888.54 rows=1 width=8)
	  ->  Bitmap Heap Scan on sbtest1  (cost=22.76..3886.01 rows=1007 width=4)
	        Recheck Cond: ((id >= 2831318) AND (id <= 2832317))
	        ->  Bitmap Index Scan on sbtest1_pkey  (cost=0.00..22.50 rows=1007 width=0)
	              Index Cond: ((id >= 2831318) AND (id <= 2832317))

table 2 : explain SELECT SUM(k) FROM sbtest2 WHERE id BETWEEN 4121239 AND 4122238
	Aggregate  (cost=3991.40..3991.41 rows=1 width=8)
	  ->  Bitmap Heap Scan on sbtest2  (cost=23.03..3988.82 rows=1034 width=4)
	        Recheck Cond: ((id >= 4121239) AND (id <= 4122238))
	        ->  Bitmap Index Scan on sbtest2_pkey  (cost=0.00..22.77 rows=1034 width=0)
	              Index Cond: ((id >= 4121239) AND (id <= 4122238))

table 3 : explain SELECT SUM(k) FROM sbtest3 WHERE id BETWEEN 6634160 AND 6635159
	Aggregate  (cost=3806.89..3806.90 rows=1 width=8)
	  ->  Bitmap Heap Scan on sbtest3  (cost=22.53..3804.42 rows=985 width=4)
	        Recheck Cond: ((id >= 6634160) AND (id <= 6635159))
	        ->  Bitmap Index Scan on sbtest3_pkey  (cost=0.00..22.29 rows=985 width=0)
	              Index Cond: ((id >= 6634160) AND (id <= 6635159))

table 4 : explain SELECT SUM(k) FROM sbtest4 WHERE id BETWEEN 8195016 AND 8196015
	Aggregate  (cost=4180.79..4180.80 rows=1 width=8)
	  ->  Bitmap Heap Scan on sbtest4  (cost=23.55..4178.08 rows=1084 width=4)
	        Recheck Cond: ((id >= 8195016) AND (id <= 8196015))
	        ->  Bitmap Index Scan on sbtest4_pkey  (cost=0.00..23.27 rows=1084 width=0)
	              Index Cond: ((id >= 8195016) AND (id <= 8196015))

table 5 : explain SELECT SUM(k) FROM sbtest5 WHERE id BETWEEN 7112959 AND 7113958
	Aggregate  (cost=3973.86..3973.87 rows=1 width=8)
	  ->  Bitmap Heap Scan on sbtest5  (cost=22.98..3971.29 rows=1029 width=4)
	        Recheck Cond: ((id >= 7112959) AND (id <= 7113958))
	        ->  Bitmap Index Scan on sbtest5_pkey  (cost=0.00..22.72 rows=1029 width=0)
	              Index Cond: ((id >= 7112959) AND (id <= 7113958))

table 6 : explain SELECT SUM(k) FROM sbtest6 WHERE id BETWEEN 3384449 AND 3385448
	Aggregate  (cost=4000.30..4000.31 rows=1 width=8)
	  ->  Bitmap Heap Scan on sbtest6  (cost=23.05..3997.71 rows=1036 width=4)
	        Recheck Cond: ((id >= 3384449) AND (id <= 3385448))
	        ->  Bitmap Index Scan on sbtest6_pkey  (cost=0.00..22.79 rows=1036 width=0)
	              Index Cond: ((id >= 3384449) AND (id <= 3385448))

table 7 : explain SELECT SUM(k) FROM sbtest7 WHERE id BETWEEN 1854975 AND 1855974
	Aggregate  (cost=3737.35..3737.36 rows=1 width=8)
	  ->  Bitmap Heap Scan on sbtest7  (cost=22.34..3734.93 rows=966 width=4)
	        Recheck Cond: ((id >= 1854975) AND (id <= 1855974))
	        ->  Bitmap Index Scan on sbtest7_pkey  (cost=0.00..22.09 rows=966 width=0)
	              Index Cond: ((id >= 1854975) AND (id <= 1855974))

table 8 : explain SELECT SUM(k) FROM sbtest8 WHERE id BETWEEN 6175358 AND 6176357
	Aggregate  (cost=3990.02..3990.03 rows=1 width=8)
	  ->  Bitmap Heap Scan on sbtest8  (cost=23.02..3987.44 rows=1033 width=4)
	        Recheck Cond: ((id >= 6175358) AND (id <= 6176357))
	        ->  Bitmap Index Scan on sbtest8_pkey  (cost=0.00..22.76 rows=1033 width=0)
	              Index Cond: ((id >= 6175358) AND (id <= 6176357))

for: simple_ranges
table 1 : explain SELECT c FROM sbtest1 WHERE id BETWEEN 9054912 AND 9055911
	Bitmap Heap Scan on sbtest1  (cost=22.15..3663.76 rows=948 width=121)
	  Recheck Cond: ((id >= 9054912) AND (id <= 9055911))
	  ->  Bitmap Index Scan on sbtest1_pkey  (cost=0.00..21.91 rows=948 width=0)
	        Index Cond: ((id >= 9054912) AND (id <= 9055911))

table 2 : explain SELECT c FROM sbtest2 WHERE id BETWEEN 6094427 AND 6095426
	Bitmap Heap Scan on sbtest2  (cost=22.18..3676.18 rows=951 width=121)
	  Recheck Cond: ((id >= 6094427) AND (id <= 6095426))
	  ->  Bitmap Index Scan on sbtest2_pkey  (cost=0.00..21.94 rows=951 width=0)
	        Index Cond: ((id >= 6094427) AND (id <= 6095426))

table 3 : explain SELECT c FROM sbtest3 WHERE id BETWEEN 5209393 AND 5210392
	Bitmap Heap Scan on sbtest3  (cost=23.38..4116.71 rows=1068 width=121)
	  Recheck Cond: ((id >= 5209393) AND (id <= 5210392))
	  ->  Bitmap Index Scan on sbtest3_pkey  (cost=0.00..23.11 rows=1068 width=0)
	        Index Cond: ((id >= 5209393) AND (id <= 5210392))

table 4 : explain SELECT c FROM sbtest4 WHERE id BETWEEN 1432732 AND 1433731
	Bitmap Heap Scan on sbtest4  (cost=22.08..3639.55 rows=941 width=121)
	  Recheck Cond: ((id >= 1432732) AND (id <= 1433731))
	  ->  Bitmap Index Scan on sbtest4_pkey  (cost=0.00..21.84 rows=941 width=0)
	        Index Cond: ((id >= 1432732) AND (id <= 1433731))

table 5 : explain SELECT c FROM sbtest5 WHERE id BETWEEN 4776062 AND 4777061
	Bitmap Heap Scan on sbtest5  (cost=23.46..4148.05 rows=1076 width=121)
	  Recheck Cond: ((id >= 4776062) AND (id <= 4777061))
	  ->  Bitmap Index Scan on sbtest5_pkey  (cost=0.00..23.19 rows=1076 width=0)
	        Index Cond: ((id >= 4776062) AND (id <= 4777061))

table 6 : explain SELECT c FROM sbtest6 WHERE id BETWEEN 7170023 AND 7171022
	Bitmap Heap Scan on sbtest6  (cost=22.24..3700.02 rows=957 width=121)
	  Recheck Cond: ((id >= 7170023) AND (id <= 7171022))
	  ->  Bitmap Index Scan on sbtest6_pkey  (cost=0.00..22.00 rows=957 width=0)
	        Index Cond: ((id >= 7170023) AND (id <= 7171022))

table 7 : explain SELECT c FROM sbtest7 WHERE id BETWEEN 9001161 AND 9002160
	Bitmap Heap Scan on sbtest7  (cost=22.23..3697.19 rows=956 width=121)
	  Recheck Cond: ((id >= 9001161) AND (id <= 9002160))
	  ->  Bitmap Index Scan on sbtest7_pkey  (cost=0.00..22.00 rows=956 width=0)
	        Index Cond: ((id >= 9001161) AND (id <= 9002160))

table 8 : explain SELECT c FROM sbtest8 WHERE id BETWEEN 943224 AND 944223
	Bitmap Heap Scan on sbtest8  (cost=22.27..3712.26 rows=960 width=121)
	  Recheck Cond: ((id >= 943224) AND (id <= 944223))
	  ->  Bitmap Index Scan on sbtest8_pkey  (cost=0.00..22.04 rows=960 width=0)
	        Index Cond: ((id >= 943224) AND (id <= 944223))

for: simple_ranges
table 1 : explain SELECT c FROM sbtest1 WHERE id BETWEEN 7718279 AND 7719278
	Bitmap Heap Scan on sbtest1  (cost=22.92..3946.20 rows=1023 width=121)
	  Recheck Cond: ((id >= 7718279) AND (id <= 7719278))
	  ->  Bitmap Index Scan on sbtest1_pkey  (cost=0.00..22.66 rows=1023 width=0)
	        Index Cond: ((id >= 7718279) AND (id <= 7719278))

table 2 : explain SELECT c FROM sbtest2 WHERE id BETWEEN 4388214 AND 4389213
	Bitmap Heap Scan on sbtest2  (cost=22.10..3646.00 rows=943 width=121)
	  Recheck Cond: ((id >= 4388214) AND (id <= 4389213))
	  ->  Bitmap Index Scan on sbtest2_pkey  (cost=0.00..21.86 rows=943 width=0)
	        Index Cond: ((id >= 4388214) AND (id <= 4389213))

table 3 : explain SELECT c FROM sbtest3 WHERE id BETWEEN 4431360 AND 4432359
	Bitmap Heap Scan on sbtest3  (cost=22.60..3830.79 rows=992 width=121)
	  Recheck Cond: ((id >= 4431360) AND (id <= 4432359))
	  ->  Bitmap Index Scan on sbtest3_pkey  (cost=0.00..22.36 rows=992 width=0)
	        Index Cond: ((id >= 4431360) AND (id <= 4432359))

table 4 : explain SELECT c FROM sbtest4 WHERE id BETWEEN 8765045 AND 8766044
	Bitmap Heap Scan on sbtest4  (cost=22.33..3730.11 rows=965 width=121)
	  Recheck Cond: ((id >= 8765045) AND (id <= 8766044))
	  ->  Bitmap Index Scan on sbtest4_pkey  (cost=0.00..22.08 rows=965 width=0)
	        Index Cond: ((id >= 8765045) AND (id <= 8766044))

table 5 : explain SELECT c FROM sbtest5 WHERE id BETWEEN 9365892 AND 9366891
	Bitmap Heap Scan on sbtest5  (cost=23.26..4072.87 rows=1056 width=121)
	  Recheck Cond: ((id >= 9365892) AND (id <= 9366891))
	  ->  Bitmap Index Scan on sbtest5_pkey  (cost=0.00..23.00 rows=1056 width=0)
	        Index Cond: ((id >= 9365892) AND (id <= 9366891))

table 6 : explain SELECT c FROM sbtest6 WHERE id BETWEEN 6593583 AND 6594582
	Bitmap Heap Scan on sbtest6  (cost=23.13..4024.05 rows=1043 width=121)
	  Recheck Cond: ((id >= 6593583) AND (id <= 6594582))
	  ->  Bitmap Index Scan on sbtest6_pkey  (cost=0.00..22.86 rows=1043 width=0)
	        Index Cond: ((id >= 6593583) AND (id <= 6594582))

table 7 : explain SELECT c FROM sbtest7 WHERE id BETWEEN 4879871 AND 4880870
	Bitmap Heap Scan on sbtest7  (cost=23.06..4002.53 rows=1037 width=121)
	  Recheck Cond: ((id >= 4879871) AND (id <= 4880870))
	  ->  Bitmap Index Scan on sbtest7_pkey  (cost=0.00..22.80 rows=1037 width=0)
	        Index Cond: ((id >= 4879871) AND (id <= 4880870))

table 8 : explain SELECT c FROM sbtest8 WHERE id BETWEEN 9289662 AND 9290661
	Bitmap Heap Scan on sbtest8  (cost=27.50..4168.25 rows=1080 width=121)
	  Recheck Cond: ((id >= 9289662) AND (id <= 9290661))
	  ->  Bitmap Index Scan on sbtest8_pkey  (cost=0.00..27.23 rows=1080 width=0)
	        Index Cond: ((id >= 9289662) AND (id <= 9290661))

explain: for point_selects :: explain SELECT c FROM sbtest%u WHERE id=%u
explain: for point_selects :: explain SELECT c FROM sbtest%u WHERE id=%u
for: sum_ranges
table 1 : explain SELECT SUM(k) FROM sbtest1 WHERE id BETWEEN 5433900 AND 5434899
	Aggregate  (cost=3609.51..3609.52 rows=1 width=8)
	  ->  Bitmap Heap Scan on sbtest1  (cost=22.00..3607.18 rows=933 width=4)
	        Recheck Cond: ((id >= 5433900) AND (id <= 5434899))
	        ->  Bitmap Index Scan on sbtest1_pkey  (cost=0.00..21.76 rows=933 width=0)
	              Index Cond: ((id >= 5433900) AND (id <= 5434899))

table 2 : explain SELECT SUM(k) FROM sbtest2 WHERE id BETWEEN 1128481 AND 1129480
	Aggregate  (cost=3806.82..3806.83 rows=1 width=8)
	  ->  Bitmap Heap Scan on sbtest2  (cost=22.53..3804.35 rows=985 width=4)
	        Recheck Cond: ((id >= 1128481) AND (id <= 1129480))
	        ->  Bitmap Index Scan on sbtest2_pkey  (cost=0.00..22.29 rows=985 width=0)
	              Index Cond: ((id >= 1128481) AND (id <= 1129480))

table 3 : explain SELECT SUM(k) FROM sbtest3 WHERE id BETWEEN 8346789 AND 8347788
	Aggregate  (cost=4093.06..4093.07 rows=1 width=8)
	  ->  Bitmap Heap Scan on sbtest3  (cost=23.31..4090.40 rows=1061 width=4)
	        Recheck Cond: ((id >= 8346789) AND (id <= 8347788))
	        ->  Bitmap Index Scan on sbtest3_pkey  (cost=0.00..23.04 rows=1061 width=0)
	              Index Cond: ((id >= 8346789) AND (id <= 8347788))

table 4 : explain SELECT SUM(k) FROM sbtest4 WHERE id BETWEEN 2504741 AND 2505740
	Aggregate  (cost=3838.16..3838.17 rows=1 width=8)
	  ->  Bitmap Heap Scan on sbtest4  (cost=22.61..3835.68 rows=993 width=4)
	        Recheck Cond: ((id >= 2504741) AND (id <= 2505740))
	        ->  Bitmap Index Scan on sbtest4_pkey  (cost=0.00..22.36 rows=993 width=0)
	              Index Cond: ((id >= 2504741) AND (id <= 2505740))

table 5 : explain SELECT SUM(k) FROM sbtest5 WHERE id BETWEEN 7894300 AND 7895299
	Aggregate  (cost=3596.58..3596.59 rows=1 width=8)
	  ->  Bitmap Heap Scan on sbtest5  (cost=21.96..3594.25 rows=929 width=4)
	        Recheck Cond: ((id >= 7894300) AND (id <= 7895299))
	        ->  Bitmap Index Scan on sbtest5_pkey  (cost=0.00..21.72 rows=929 width=0)
	              Index Cond: ((id >= 7894300) AND (id <= 7895299))

table 6 : explain SELECT SUM(k) FROM sbtest6 WHERE id BETWEEN 4398935 AND 4399934
	Aggregate  (cost=3490.76..3490.77 rows=1 width=8)
	  ->  Bitmap Heap Scan on sbtest6  (cost=21.67..3488.51 rows=901 width=4)
	        Recheck Cond: ((id >= 4398935) AND (id <= 4399934))
	        ->  Bitmap Index Scan on sbtest6_pkey  (cost=0.00..21.44 rows=901 width=0)
	              Index Cond: ((id >= 4398935) AND (id <= 4399934))

table 7 : explain SELECT SUM(k) FROM sbtest7 WHERE id BETWEEN 9276144 AND 9277143
	Aggregate  (cost=4023.96..4023.97 rows=1 width=8)
	  ->  Bitmap Heap Scan on sbtest7  (cost=23.12..4021.36 rows=1042 width=4)
	        Recheck Cond: ((id >= 9276144) AND (id <= 9277143))
	        ->  Bitmap Index Scan on sbtest7_pkey  (cost=0.00..22.86 rows=1042 width=0)
	              Index Cond: ((id >= 9276144) AND (id <= 9277143))

table 8 : explain SELECT SUM(k) FROM sbtest8 WHERE id BETWEEN 4531006 AND 4532005
	Aggregate  (cost=3974.95..3974.96 rows=1 width=8)
	  ->  Bitmap Heap Scan on sbtest8  (cost=22.98..3972.38 rows=1029 width=4)
	        Recheck Cond: ((id >= 4531006) AND (id <= 4532005))
	        ->  Bitmap Index Scan on sbtest8_pkey  (cost=0.00..22.72 rows=1029 width=0)
	              Index Cond: ((id >= 4531006) AND (id <= 4532005))

explain: for point_selects :: explain SELECT c FROM sbtest%u WHERE id=%u
for point_selects
table 1 : explain SELECT c FROM sbtest1 WHERE id=3214994
	Index Scan using sbtest1_pkey on sbtest1  (cost=0.43..8.45 rows=1 width=121)
	  Index Cond: (id = 3214994)

table 2 : explain SELECT c FROM sbtest2 WHERE id=3355275
	Index Scan using sbtest2_pkey on sbtest2  (cost=0.43..8.45 rows=1 width=121)
	  Index Cond: (id = 3355275)

table 3 : explain SELECT c FROM sbtest3 WHERE id=2815688
	Index Scan using sbtest3_pkey on sbtest3  (cost=0.43..8.45 rows=1 width=121)
	  Index Cond: (id = 2815688)

table 4 : explain SELECT c FROM sbtest4 WHERE id=1359425
	Index Scan using sbtest4_pkey on sbtest4  (cost=0.43..8.45 rows=1 width=121)
	  Index Cond: (id = 1359425)

table 5 : explain SELECT c FROM sbtest5 WHERE id=8076437
	Index Scan using sbtest5_pkey on sbtest5  (cost=0.43..8.45 rows=1 width=121)
	  Index Cond: (id = 8076437)

table 6 : explain SELECT c FROM sbtest6 WHERE id=2965671
	Index Scan using sbtest6_pkey on sbtest6  (cost=0.43..8.45 rows=1 width=121)
	  Index Cond: (id = 2965671)

table 7 : explain SELECT c FROM sbtest7 WHERE id=1183726
	Index Scan using sbtest7_pkey on sbtest7  (cost=0.43..8.45 rows=1 width=121)
	  Index Cond: (id = 1183726)

table 8 : explain SELECT c FROM sbtest8 WHERE id=9995864
	Index Scan using sbtest8_pkey on sbtest8  (cost=0.43..8.45 rows=1 width=121)
	  Index Cond: (id = 9995864)

for: order_ranges
table 1 : explain SELECT c FROM sbtest1 WHERE id BETWEEN 6899339 AND 6900338 ORDER BY c
	Sort  (cost=4477.76..4480.63 rows=1149 width=121)
	  Sort Key: c
	  ->  Bitmap Heap Scan on sbtest1  (cost=28.21..4419.36 rows=1149 width=121)
	        Recheck Cond: ((id >= 6899339) AND (id <= 6900338))
	        ->  Bitmap Index Scan on sbtest1_pkey  (cost=0.00..27.93 rows=1149 width=0)
	              Index Cond: ((id >= 6899339) AND (id <= 6900338))

table 2 : explain SELECT c FROM sbtest2 WHERE id BETWEEN 1437521 AND 1438520 ORDER BY c
	Sort  (cost=3903.04..3905.53 rows=998 width=121)
	  Sort Key: c
	  ->  Bitmap Heap Scan on sbtest2  (cost=22.66..3853.32 rows=998 width=121)
	        Recheck Cond: ((id >= 1437521) AND (id <= 1438520))
	        ->  Bitmap Index Scan on sbtest2_pkey  (cost=0.00..22.41 rows=998 width=0)
	              Index Cond: ((id >= 1437521) AND (id <= 1438520))

table 3 : explain SELECT c FROM sbtest3 WHERE id BETWEEN 8946577 AND 8947576 ORDER BY c
	Sort  (cost=3443.43..3445.63 rows=878 width=121)
	  Sort Key: c
	  ->  Bitmap Heap Scan on sbtest3  (cost=21.43..3400.50 rows=878 width=121)
	        Recheck Cond: ((id >= 8946577) AND (id <= 8947576))
	        ->  Bitmap Index Scan on sbtest3_pkey  (cost=0.00..21.21 rows=878 width=0)
	              Index Cond: ((id >= 8946577) AND (id <= 8947576))

table 4 : explain SELECT c FROM sbtest4 WHERE id BETWEEN 9718114 AND 9719113 ORDER BY c
	Sort  (cost=3793.27..3795.69 rows=969 width=121)
	  Sort Key: c
	  ->  Bitmap Heap Scan on sbtest4  (cost=22.37..3745.20 rows=969 width=121)
	        Recheck Cond: ((id >= 9718114) AND (id <= 9719113))
	        ->  Bitmap Index Scan on sbtest4_pkey  (cost=0.00..22.12 rows=969 width=0)
	              Index Cond: ((id >= 9718114) AND (id <= 9719113))

table 5 : explain SELECT c FROM sbtest5 WHERE id BETWEEN 507353 AND 508352 ORDER BY c
	Sort  (cost=3574.87..3577.15 rows=912 width=121)
	  Sort Key: c
	  ->  Bitmap Heap Scan on sbtest5  (cost=21.78..3530.03 rows=912 width=121)
	        Recheck Cond: ((id >= 507353) AND (id <= 508352))
	        ->  Bitmap Index Scan on sbtest5_pkey  (cost=0.00..21.55 rows=912 width=0)
	              Index Cond: ((id >= 507353) AND (id <= 508352))

table 6 : explain SELECT c FROM sbtest6 WHERE id BETWEEN 7653727 AND 7654726 ORDER BY c
	Sort  (cost=3701.44..3703.80 rows=945 width=121)
	  Sort Key: c
	  ->  Bitmap Heap Scan on sbtest6  (cost=22.12..3654.73 rows=945 width=121)
	        Recheck Cond: ((id >= 7653727) AND (id <= 7654726))
	        ->  Bitmap Index Scan on sbtest6_pkey  (cost=0.00..21.89 rows=945 width=0)
	              Index Cond: ((id >= 7653727) AND (id <= 7654726))

table 7 : explain SELECT c FROM sbtest7 WHERE id BETWEEN 5193062 AND 5194061 ORDER BY c
	Sort  (cost=4157.62..4160.28 rows=1064 width=121)
	  Sort Key: c
	  ->  Bitmap Heap Scan on sbtest7  (cost=23.34..4104.13 rows=1064 width=121)
	        Recheck Cond: ((id >= 5193062) AND (id <= 5194061))
	        ->  Bitmap Index Scan on sbtest7_pkey  (cost=0.00..23.07 rows=1064 width=0)
	              Index Cond: ((id >= 5193062) AND (id <= 5194061))

table 8 : explain SELECT c FROM sbtest8 WHERE id BETWEEN 8945717 AND 8946716 ORDER BY c
	Sort  (cost=3621.81..3624.12 rows=924 width=121)
	  Sort Key: c
	  ->  Bitmap Heap Scan on sbtest8  (cost=21.91..3576.29 rows=924 width=121)
	        Recheck Cond: ((id >= 8945717) AND (id <= 8946716))
	        ->  Bitmap Index Scan on sbtest8_pkey  (cost=0.00..21.68 rows=924 width=0)
	              Index Cond: ((id >= 8945717) AND (id <= 8946716))

explain: for point_selects :: explain SELECT c FROM sbtest%u WHERE id=%u
explain: for point_selects :: explain SELECT c FROM sbtest%u WHERE id=%u
explain: for point_selects :: explain SELECT c FROM sbtest%u WHERE id=%u
for: simple_ranges
table 1 : explain SELECT c FROM sbtest1 WHERE id BETWEEN 433642 AND 434641
	Bitmap Heap Scan on sbtest1  (cost=21.77..3524.15 rows=911 width=121)
	  Recheck Cond: ((id >= 433642) AND (id <= 434641))
	  ->  Bitmap Index Scan on sbtest1_pkey  (cost=0.00..21.54 rows=911 width=0)
	        Index Cond: ((id >= 433642) AND (id <= 434641))

table 2 : explain SELECT c FROM sbtest2 WHERE id BETWEEN 9175272 AND 9176271
	Bitmap Heap Scan on sbtest2  (cost=22.50..3793.05 rows=982 width=121)
	  Recheck Cond: ((id >= 9175272) AND (id <= 9176271))
	  ->  Bitmap Index Scan on sbtest2_pkey  (cost=0.00..22.25 rows=982 width=0)
	        Index Cond: ((id >= 9175272) AND (id <= 9176271))

table 3 : explain SELECT c FROM sbtest3 WHERE id BETWEEN 527975 AND 528974
	Bitmap Heap Scan on sbtest3  (cost=22.33..3729.04 rows=965 width=121)
	  Recheck Cond: ((id >= 527975) AND (id <= 528974))
	  ->  Bitmap Index Scan on sbtest3_pkey  (cost=0.00..22.08 rows=965 width=0)
	        Index Cond: ((id >= 527975) AND (id <= 528974))

table 4 : explain SELECT c FROM sbtest4 WHERE id BETWEEN 5653395 AND 5654394
	Bitmap Heap Scan on sbtest4  (cost=23.30..4087.88 rows=1060 width=121)
	  Recheck Cond: ((id >= 5653395) AND (id <= 5654394))
	  ->  Bitmap Index Scan on sbtest4_pkey  (cost=0.00..23.04 rows=1060 width=0)
	        Index Cond: ((id >= 5653395) AND (id <= 5654394))

table 5 : explain SELECT c FROM sbtest5 WHERE id BETWEEN 5291874 AND 5292873
	Bitmap Heap Scan on sbtest5  (cost=21.81..3541.36 rows=915 width=121)
	  Recheck Cond: ((id >= 5291874) AND (id <= 5292873))
	  ->  Bitmap Index Scan on sbtest5_pkey  (cost=0.00..21.58 rows=915 width=0)
	        Index Cond: ((id >= 5291874) AND (id <= 5292873))

table 6 : explain SELECT c FROM sbtest6 WHERE id BETWEEN 3560403 AND 3561402
	Bitmap Heap Scan on sbtest6  (cost=28.13..4392.42 rows=1141 width=121)
	  Recheck Cond: ((id >= 3560403) AND (id <= 3561402))
	  ->  Bitmap Index Scan on sbtest6_pkey  (cost=0.00..27.84 rows=1141 width=0)
	        Index Cond: ((id >= 3560403) AND (id <= 3561402))

table 7 : explain SELECT c FROM sbtest7 WHERE id BETWEEN 9467377 AND 9468376
	Bitmap Heap Scan on sbtest7  (cost=22.47..3783.98 rows=979 width=121)
	  Recheck Cond: ((id >= 9467377) AND (id <= 9468376))
	  ->  Bitmap Index Scan on sbtest7_pkey  (cost=0.00..22.22 rows=979 width=0)
	        Index Cond: ((id >= 9467377) AND (id <= 9468376))

table 8 : explain SELECT c FROM sbtest8 WHERE id BETWEEN 7131695 AND 7132694
	Bitmap Heap Scan on sbtest8  (cost=22.67..3859.36 rows=999 width=121)
	  Recheck Cond: ((id >= 7131695) AND (id <= 7132694))
	  ->  Bitmap Index Scan on sbtest8_pkey  (cost=0.00..22.43 rows=999 width=0)
	        Index Cond: ((id >= 7131695) AND (id <= 7132694))

explain: for point_selects :: explain SELECT c FROM sbtest%u WHERE id=%u
for: distinct_ranges
table 1 : explain SELECT DISTINCT c FROM sbtest1 WHERE id BETWEEN 6490264 AND 6491263 ORDER BY c
	Unique  (cost=4077.50..4082.72 rows=1044 width=121)
	  ->  Sort  (cost=4077.50..4080.11 rows=1044 width=121)
	        Sort Key: c
	        ->  Bitmap Heap Scan on sbtest1  (cost=23.14..4025.15 rows=1044 width=121)
	              Recheck Cond: ((id >= 6490264) AND (id <= 6491263))
	              ->  Bitmap Index Scan on sbtest1_pkey  (cost=0.00..22.87 rows=1044 width=0)
	                    Index Cond: ((id >= 6490264) AND (id <= 6491263))

table 2 : explain SELECT DISTINCT c FROM sbtest2 WHERE id BETWEEN 2490236 AND 2491235 ORDER BY c
	Unique  (cost=3788.29..3793.13 rows=968 width=121)
	  ->  Sort  (cost=3788.29..3790.71 rows=968 width=121)
	        Sort Key: c
	        ->  Bitmap Heap Scan on sbtest2  (cost=22.36..3740.28 rows=968 width=121)
	              Recheck Cond: ((id >= 2490236) AND (id <= 2491235))
	              ->  Bitmap Index Scan on sbtest2_pkey  (cost=0.00..22.11 rows=968 width=0)
	                    Index Cond: ((id >= 2490236) AND (id <= 2491235))

table 3 : explain SELECT DISTINCT c FROM sbtest3 WHERE id BETWEEN 3549008 AND 3550007 ORDER BY c
	Unique  (cost=3719.46..3724.21 rows=950 width=121)
	  ->  Sort  (cost=3719.46..3721.83 rows=950 width=121)
	        Sort Key: c
	        ->  Bitmap Heap Scan on sbtest3  (cost=22.17..3672.47 rows=950 width=121)
	              Recheck Cond: ((id >= 3549008) AND (id <= 3550007))
	              ->  Bitmap Index Scan on sbtest3_pkey  (cost=0.00..21.93 rows=950 width=0)
	                    Index Cond: ((id >= 3549008) AND (id <= 3550007))

table 4 : explain SELECT DISTINCT c FROM sbtest4 WHERE id BETWEEN 3287041 AND 3288040 ORDER BY c
	Unique  (cost=3816.23..3821.11 rows=975 width=121)
	  ->  Sort  (cost=3816.23..3818.67 rows=975 width=121)
	        Sort Key: c
	        ->  Bitmap Heap Scan on sbtest4  (cost=22.43..3767.83 rows=975 width=121)
	              Recheck Cond: ((id >= 3287041) AND (id <= 3288040))
	              ->  Bitmap Index Scan on sbtest4_pkey  (cost=0.00..22.18 rows=975 width=0)
	                    Index Cond: ((id >= 3287041) AND (id <= 3288040))

table 5 : explain SELECT DISTINCT c FROM sbtest5 WHERE id BETWEEN 9046839 AND 9047838 ORDER BY c
	Unique  (cost=3800.95..3805.80 rows=971 width=121)
	  ->  Sort  (cost=3800.95..3803.37 rows=971 width=121)
	        Sort Key: c
	        ->  Bitmap Heap Scan on sbtest5  (cost=22.39..3752.77 rows=971 width=121)
	              Recheck Cond: ((id >= 9046839) AND (id <= 9047838))
	              ->  Bitmap Index Scan on sbtest5_pkey  (cost=0.00..22.14 rows=971 width=0)
	                    Index Cond: ((id >= 9046839) AND (id <= 9047838))

table 6 : explain SELECT DISTINCT c FROM sbtest6 WHERE id BETWEEN 9464358 AND 9465357 ORDER BY c
	Unique  (cost=3938.75..3943.79 rows=1007 width=121)
	  ->  Sort  (cost=3938.75..3941.27 rows=1007 width=121)
	        Sort Key: c
	        ->  Bitmap Heap Scan on sbtest6  (cost=22.76..3888.52 rows=1007 width=121)
	              Recheck Cond: ((id >= 9464358) AND (id <= 9465357))
	              ->  Bitmap Index Scan on sbtest6_pkey  (cost=0.00..22.50 rows=1007 width=0)
	                    Index Cond: ((id >= 9464358) AND (id <= 9465357))

table 7 : explain SELECT DISTINCT c FROM sbtest7 WHERE id BETWEEN 5229388 AND 5230387 ORDER BY c
	Unique  (cost=4157.62..4162.94 rows=1064 width=121)
	  ->  Sort  (cost=4157.62..4160.28 rows=1064 width=121)
	        Sort Key: c
	        ->  Bitmap Heap Scan on sbtest7  (cost=23.34..4104.13 rows=1064 width=121)
	              Recheck Cond: ((id >= 5229388) AND (id <= 5230387))
	              ->  Bitmap Index Scan on sbtest7_pkey  (cost=0.00..23.07 rows=1064 width=0)
	                    Index Cond: ((id >= 5229388) AND (id <= 5230387))

table 8 : explain SELECT DISTINCT c FROM sbtest8 WHERE id BETWEEN 5290970 AND 5291969 ORDER BY c
	Unique  (cost=3897.65..3902.63 rows=996 width=121)
	  ->  Sort  (cost=3897.65..3900.14 rows=996 width=121)
	        Sort Key: c
	        ->  Bitmap Heap Scan on sbtest8  (cost=22.64..3848.05 rows=996 width=121)
	              Recheck Cond: ((id >= 5290970) AND (id <= 5291969))
	              ->  Bitmap Index Scan on sbtest8_pkey  (cost=0.00..22.39 rows=996 width=0)
	                    Index Cond: ((id >= 5290970) AND (id <= 5291969))

explain: for point_selects :: explain SELECT c FROM sbtest%u WHERE id=%u
for: distinct_ranges
table 1 : explain SELECT DISTINCT c FROM sbtest1 WHERE id BETWEEN 4813288 AND 4814287 ORDER BY c
	Unique  (cost=4027.88..4033.04 rows=1031 width=121)
	  ->  Sort  (cost=4027.88..4030.46 rows=1031 width=121)
	        Sort Key: c
	        ->  Bitmap Heap Scan on sbtest1  (cost=23.00..3976.28 rows=1031 width=121)
	              Recheck Cond: ((id >= 4813288) AND (id <= 4814287))
	              ->  Bitmap Index Scan on sbtest1_pkey  (cost=0.00..22.75 rows=1031 width=0)
	                    Index Cond: ((id >= 4813288) AND (id <= 4814287))

table 2 : explain SELECT DISTINCT c FROM sbtest2 WHERE id BETWEEN 1644005 AND 1645004 ORDER BY c
	Unique  (cost=3922.15..3927.17 rows=1003 width=121)
	  ->  Sort  (cost=3922.15..3924.66 rows=1003 width=121)
	        Sort Key: c
	        ->  Bitmap Heap Scan on sbtest2  (cost=22.72..3872.15 rows=1003 width=121)
	              Recheck Cond: ((id >= 1644005) AND (id <= 1645004))
	              ->  Bitmap Index Scan on sbtest2_pkey  (cost=0.00..22.46 rows=1003 width=0)
	                    Index Cond: ((id >= 1644005) AND (id <= 1645004))

table 3 : explain SELECT DISTINCT c FROM sbtest3 WHERE id BETWEEN 230680 AND 231679 ORDER BY c
	Unique  (cost=3566.19..3570.74 rows=910 width=121)
	  ->  Sort  (cost=3566.19..3568.46 rows=910 width=121)
	        Sort Key: c
	        ->  Bitmap Heap Scan on sbtest3  (cost=21.76..3521.46 rows=910 width=121)
	              Recheck Cond: ((id >= 230680) AND (id <= 231679))
	              ->  Bitmap Index Scan on sbtest3_pkey  (cost=0.00..21.54 rows=910 width=0)
	                    Index Cond: ((id >= 230680) AND (id <= 231679))

table 4 : explain SELECT DISTINCT c FROM sbtest4 WHERE id BETWEEN 3463489 AND 3464488 ORDER BY c
	Unique  (cost=4034.21..4039.37 rows=1032 width=121)
	  ->  Sort  (cost=4034.21..4036.79 rows=1032 width=121)
	        Sort Key: c
	        ->  Bitmap Heap Scan on sbtest4  (cost=23.01..3982.55 rows=1032 width=121)
	              Recheck Cond: ((id >= 3463489) AND (id <= 3464488))
	              ->  Bitmap Index Scan on sbtest4_pkey  (cost=0.00..22.75 rows=1032 width=0)
	                    Index Cond: ((id >= 3463489) AND (id <= 3464488))

table 5 : explain SELECT DISTINCT c FROM sbtest5 WHERE id BETWEEN 3561480 AND 3562479 ORDER BY c
	Unique  (cost=3578.70..3583.27 rows=913 width=121)
	  ->  Sort  (cost=3578.70..3580.98 rows=913 width=121)
	        Sort Key: c
	        ->  Bitmap Heap Scan on sbtest5  (cost=21.79..3533.81 rows=913 width=121)
	              Recheck Cond: ((id >= 3561480) AND (id <= 3562479))
	              ->  Bitmap Index Scan on sbtest5_pkey  (cost=0.00..21.57 rows=913 width=0)
	                    Index Cond: ((id >= 3561480) AND (id <= 3562479))

table 6 : explain SELECT DISTINCT c FROM sbtest6 WHERE id BETWEEN 1954816 AND 1955815 ORDER BY c
	Unique  (cost=3728.25..3733.01 rows=952 width=121)
	  ->  Sort  (cost=3728.25..3730.63 rows=952 width=121)
	        Sort Key: c
	        ->  Bitmap Heap Scan on sbtest6  (cost=22.19..3681.15 rows=952 width=121)
	              Recheck Cond: ((id >= 1954816) AND (id <= 1955815))
	              ->  Bitmap Index Scan on sbtest6_pkey  (cost=0.00..21.95 rows=952 width=0)
	                    Index Cond: ((id >= 1954816) AND (id <= 1955815))

table 7 : explain SELECT DISTINCT c FROM sbtest7 WHERE id BETWEEN 3272885 AND 3273884 ORDER BY c
	Unique  (cost=3870.89..3875.84 rows=989 width=121)
	  ->  Sort  (cost=3870.89..3873.37 rows=989 width=121)
	        Sort Key: c
	        ->  Bitmap Heap Scan on sbtest7  (cost=22.57..3821.69 rows=989 width=121)
	              Recheck Cond: ((id >= 3272885) AND (id <= 3273884))
	              ->  Bitmap Index Scan on sbtest7_pkey  (cost=0.00..22.32 rows=989 width=0)
	                    Index Cond: ((id >= 3272885) AND (id <= 3273884))

table 8 : explain SELECT DISTINCT c FROM sbtest8 WHERE id BETWEEN 3405261 AND 3406260 ORDER BY c
	Unique  (cost=4195.95..4201.31 rows=1073 width=121)
	  ->  Sort  (cost=4195.95..4198.63 rows=1073 width=121)
	        Sort Key: c
	        ->  Bitmap Heap Scan on sbtest8  (cost=27.43..4141.94 rows=1073 width=121)
	              Recheck Cond: ((id >= 3405261) AND (id <= 3406260))
	              ->  Bitmap Index Scan on sbtest8_pkey  (cost=0.00..27.16 rows=1073 width=0)
	                    Index Cond: ((id >= 3405261) AND (id <= 3406260))

for: sum_ranges
table 1 : explain SELECT SUM(k) FROM sbtest1 WHERE id BETWEEN 5566108 AND 5567107
	Aggregate  (cost=4305.99..4306.00 rows=1 width=8)
	  ->  Bitmap Heap Scan on sbtest1  (cost=27.89..4303.19 rows=1118 width=4)
	        Recheck Cond: ((id >= 5566108) AND (id <= 5567107))
	        ->  Bitmap Index Scan on sbtest1_pkey  (cost=0.00..27.61 rows=1118 width=0)
	              Index Cond: ((id >= 5566108) AND (id <= 5567107))

table 2 : explain SELECT SUM(k) FROM sbtest2 WHERE id BETWEEN 4471709 AND 4472708
	Aggregate  (cost=3557.70..3557.71 rows=1 width=8)
	  ->  Bitmap Heap Scan on sbtest2  (cost=21.85..3555.40 rows=919 width=4)
	        Recheck Cond: ((id >= 4471709) AND (id <= 4472708))
	        ->  Bitmap Index Scan on sbtest2_pkey  (cost=0.00..21.62 rows=919 width=0)
	              Index Cond: ((id >= 4471709) AND (id <= 4472708))

table 3 : explain SELECT SUM(k) FROM sbtest3 WHERE id BETWEEN 8027878 AND 8028877
	Aggregate  (cost=3803.11..3803.12 rows=1 width=8)
	  ->  Bitmap Heap Scan on sbtest3  (cost=22.52..3800.65 rows=984 width=4)
	        Recheck Cond: ((id >= 8027878) AND (id <= 8028877))
	        ->  Bitmap Index Scan on sbtest3_pkey  (cost=0.00..22.27 rows=984 width=0)
	              Index Cond: ((id >= 8027878) AND (id <= 8028877))

table 4 : explain SELECT SUM(k) FROM sbtest4 WHERE id BETWEEN 3086047 AND 3087046
	Aggregate  (cost=3913.56..3913.57 rows=1 width=8)
	  ->  Bitmap Heap Scan on sbtest4  (cost=22.82..3911.02 rows=1013 width=4)
	        Recheck Cond: ((id >= 3086047) AND (id <= 3087046))
	        ->  Bitmap Index Scan on sbtest4_pkey  (cost=0.00..22.57 rows=1013 width=0)
	              Index Cond: ((id >= 3086047) AND (id <= 3087046))

table 5 : explain SELECT SUM(k) FROM sbtest5 WHERE id BETWEEN 2382948 AND 2383947
	Aggregate  (cost=3702.35..3702.36 rows=1 width=8)
	  ->  Bitmap Heap Scan on sbtest5  (cost=22.24..3699.96 rows=957 width=4)
	        Recheck Cond: ((id >= 2382948) AND (id <= 2383947))
	        ->  Bitmap Index Scan on sbtest5_pkey  (cost=0.00..22.00 rows=957 width=0)
	              Index Cond: ((id >= 2382948) AND (id <= 2383947))

table 6 : explain SELECT SUM(k) FROM sbtest6 WHERE id BETWEEN 1647418 AND 1648417
	Aggregate  (cost=3898.58..3898.59 rows=1 width=8)
	  ->  Bitmap Heap Scan on sbtest6  (cost=22.78..3896.06 rows=1009 width=4)
	        Recheck Cond: ((id >= 1647418) AND (id <= 1648417))
	        ->  Bitmap Index Scan on sbtest6_pkey  (cost=0.00..22.52 rows=1009 width=0)
	              Index Cond: ((id >= 1647418) AND (id <= 1648417))

table 7 : explain SELECT SUM(k) FROM sbtest7 WHERE id BETWEEN 4758845 AND 4759844
	Aggregate  (cost=4351.44..4351.45 rows=1 width=8)
	  ->  Bitmap Heap Scan on sbtest7  (cost=28.01..4348.62 rows=1129 width=4)
	        Recheck Cond: ((id >= 4758845) AND (id <= 4759844))
	        ->  Bitmap Index Scan on sbtest7_pkey  (cost=0.00..27.72 rows=1129 width=0)
	              Index Cond: ((id >= 4758845) AND (id <= 4759844))

table 8 : explain SELECT SUM(k) FROM sbtest8 WHERE id BETWEEN 2143322 AND 2144321
	Aggregate  (cost=3793.94..3793.95 rows=1 width=8)
	  ->  Bitmap Heap Scan on sbtest8  (cost=22.49..3791.49 rows=981 width=4)
	        Recheck Cond: ((id >= 2143322) AND (id <= 2144321))
	        ->  Bitmap Index Scan on sbtest8_pkey  (cost=0.00..22.25 rows=981 width=0)
	              Index Cond: ((id >= 2143322) AND (id <= 2144321))

for: order_ranges
table 1 : explain SELECT c FROM sbtest1 WHERE id BETWEEN 5697914 AND 5698913 ORDER BY c
	Sort  (cost=4027.88..4030.46 rows=1031 width=121)
	  Sort Key: c
	  ->  Bitmap Heap Scan on sbtest1  (cost=23.00..3976.28 rows=1031 width=121)
	        Recheck Cond: ((id >= 5697914) AND (id <= 5698913))
	        ->  Bitmap Index Scan on sbtest1_pkey  (cost=0.00..22.75 rows=1031 width=0)
	              Index Cond: ((id >= 5697914) AND (id <= 5698913))

table 2 : explain SELECT c FROM sbtest2 WHERE id BETWEEN 873936 AND 874935 ORDER BY c
	Sort  (cost=4097.86..4100.48 rows=1049 width=121)
	  Sort Key: c
	  ->  Bitmap Heap Scan on sbtest2  (cost=23.19..4045.22 rows=1049 width=121)
	        Recheck Cond: ((id >= 873936) AND (id <= 874935))
	        ->  Bitmap Index Scan on sbtest2_pkey  (cost=0.00..22.93 rows=1049 width=0)
	              Index Cond: ((id >= 873936) AND (id <= 874935))

table 3 : explain SELECT c FROM sbtest3 WHERE id BETWEEN 1537082 AND 1538081 ORDER BY c
	Sort  (cost=3998.65..4001.21 rows=1023 width=121)
	  Sort Key: c
	  ->  Bitmap Heap Scan on sbtest3  (cost=22.92..3947.51 rows=1023 width=121)
	        Recheck Cond: ((id >= 1537082) AND (id <= 1538081))
	        ->  Bitmap Index Scan on sbtest3_pkey  (cost=0.00..22.66 rows=1023 width=0)
	              Index Cond: ((id >= 1537082) AND (id <= 1538081))

table 4 : explain SELECT c FROM sbtest4 WHERE id BETWEEN 545063 AND 546062 ORDER BY c
	Sort  (cost=4072.41..4075.02 rows=1042 width=121)
	  Sort Key: c
	  ->  Bitmap Heap Scan on sbtest4  (cost=23.12..4020.18 rows=1042 width=121)
	        Recheck Cond: ((id >= 545063) AND (id <= 546062))
	        ->  Bitmap Index Scan on sbtest4_pkey  (cost=0.00..22.86 rows=1042 width=0)
	              Index Cond: ((id >= 545063) AND (id <= 546062))

table 5 : explain SELECT c FROM sbtest5 WHERE id BETWEEN 2182602 AND 2183601 ORDER BY c
	Sort  (cost=3957.80..3960.33 rows=1012 width=121)
	  Sort Key: c
	  ->  Bitmap Heap Scan on sbtest5  (cost=22.81..3907.28 rows=1012 width=121)
	        Recheck Cond: ((id >= 2182602) AND (id <= 2183601))
	        ->  Bitmap Index Scan on sbtest5_pkey  (cost=0.00..22.55 rows=1012 width=0)
	              Index Cond: ((id >= 2182602) AND (id <= 2183601))

table 6 : explain SELECT c FROM sbtest6 WHERE id BETWEEN 800618 AND 801617 ORDER BY c
	Sort  (cost=3911.98..3914.48 rows=1000 width=121)
	  Sort Key: c
	  ->  Bitmap Heap Scan on sbtest6  (cost=22.68..3862.15 rows=1000 width=121)
	        Recheck Cond: ((id >= 800618) AND (id <= 801617))
	        ->  Bitmap Index Scan on sbtest6_pkey  (cost=0.00..22.43 rows=1000 width=0)
	              Index Cond: ((id >= 800618) AND (id <= 801617))

table 7 : explain SELECT c FROM sbtest7 WHERE id BETWEEN 7215027 AND 7216026 ORDER BY c
	Sort  (cost=4218.89..4221.59 rows=1079 width=121)
	  Sort Key: c
	  ->  Bitmap Heap Scan on sbtest7  (cost=27.49..4164.53 rows=1079 width=121)
	        Recheck Cond: ((id >= 7215027) AND (id <= 7216026))
	        ->  Bitmap Index Scan on sbtest7_pkey  (cost=0.00..27.22 rows=1079 width=0)
	              Index Cond: ((id >= 7215027) AND (id <= 7216026))

table 8 : explain SELECT c FROM sbtest8 WHERE id BETWEEN 2758033 AND 2759032 ORDER BY c
	Sort  (cost=4142.49..4145.14 rows=1059 width=121)
	  Sort Key: c
	  ->  Bitmap Heap Scan on sbtest8  (cost=27.29..4089.28 rows=1059 width=121)
	        Recheck Cond: ((id >= 2758033) AND (id <= 2759032))
	        ->  Bitmap Index Scan on sbtest8_pkey  (cost=0.00..27.02 rows=1059 width=0)
	              Index Cond: ((id >= 2758033) AND (id <= 2759032))

for: order_ranges
table 1 : explain SELECT c FROM sbtest1 WHERE id BETWEEN 3772964 AND 3773963 ORDER BY c
	Sort  (cost=3676.18..3678.53 rows=939 width=121)
	  Sort Key: c
	  ->  Bitmap Heap Scan on sbtest1  (cost=22.06..3629.82 rows=939 width=121)
	        Recheck Cond: ((id >= 3772964) AND (id <= 3773963))
	        ->  Bitmap Index Scan on sbtest1_pkey  (cost=0.00..21.82 rows=939 width=0)
	              Index Cond: ((id >= 3772964) AND (id <= 3773963))

table 2 : explain SELECT c FROM sbtest2 WHERE id BETWEEN 6415245 AND 6416244 ORDER BY c
	Sort  (cost=3753.85..3756.24 rows=959 width=121)
	  Sort Key: c
	  ->  Bitmap Heap Scan on sbtest2  (cost=22.26..3706.35 rows=959 width=121)
	        Recheck Cond: ((id >= 6415245) AND (id <= 6416244))
	        ->  Bitmap Index Scan on sbtest2_pkey  (cost=0.00..22.02 rows=959 width=0)
	              Index Cond: ((id >= 6415245) AND (id <= 6416244))

table 3 : explain SELECT c FROM sbtest3 WHERE id BETWEEN 8207993 AND 8208992 ORDER BY c
	Sort  (cost=3864.87..3867.34 rows=988 width=121)
	  Sort Key: c
	  ->  Bitmap Heap Scan on sbtest3  (cost=22.56..3815.73 rows=988 width=121)
	        Recheck Cond: ((id >= 8207993) AND (id <= 8208992))
	        ->  Bitmap Index Scan on sbtest3_pkey  (cost=0.00..22.32 rows=988 width=0)
	              Index Cond: ((id >= 8207993) AND (id <= 8208992))

table 4 : explain SELECT c FROM sbtest4 WHERE id BETWEEN 3010720 AND 3011719 ORDER BY c
	Sort  (cost=3961.60..3964.13 rows=1013 width=121)
	  Sort Key: c
	  ->  Bitmap Heap Scan on sbtest4  (cost=22.82..3911.02 rows=1013 width=121)
	        Recheck Cond: ((id >= 3010720) AND (id <= 3011719))
	        ->  Bitmap Index Scan on sbtest4_pkey  (cost=0.00..22.57 rows=1013 width=0)
	              Index Cond: ((id >= 3010720) AND (id <= 3011719))

table 5 : explain SELECT c FROM sbtest5 WHERE id BETWEEN 7485028 AND 7486027 ORDER BY c
	Sort  (cost=3693.71..3696.06 rows=943 width=121)
	  Sort Key: c
	  ->  Bitmap Heap Scan on sbtest5  (cost=22.10..3647.12 rows=943 width=121)
	        Recheck Cond: ((id >= 7485028) AND (id <= 7486027))
	        ->  Bitmap Index Scan on sbtest5_pkey  (cost=0.00..21.86 rows=943 width=0)
	              Index Cond: ((id >= 7485028) AND (id <= 7486027))

table 6 : explain SELECT c FROM sbtest6 WHERE id BETWEEN 2639868 AND 2640867 ORDER BY c
	Sort  (cost=3954.05..3956.57 rows=1011 width=121)
	  Sort Key: c
	  ->  Bitmap Heap Scan on sbtest6  (cost=22.80..3903.59 rows=1011 width=121)
	        Recheck Cond: ((id >= 2639868) AND (id <= 2640867))
	        ->  Bitmap Index Scan on sbtest6_pkey  (cost=0.00..22.54 rows=1011 width=0)
	              Index Cond: ((id >= 2639868) AND (id <= 2640867))

table 7 : explain SELECT c FROM sbtest7 WHERE id BETWEEN 3815974 AND 3816973 ORDER BY c
	Sort  (cost=3916.82..3919.32 rows=1001 width=121)
	  Sort Key: c
	  ->  Bitmap Heap Scan on sbtest7  (cost=22.70..3866.93 rows=1001 width=121)
	        Recheck Cond: ((id >= 3815974) AND (id <= 3816973))
	        ->  Bitmap Index Scan on sbtest7_pkey  (cost=0.00..22.44 rows=1001 width=0)
	              Index Cond: ((id >= 3815974) AND (id <= 3816973))

table 8 : explain SELECT c FROM sbtest8 WHERE id BETWEEN 5104581 AND 5105580 ORDER BY c
	Sort  (cost=3752.15..3754.54 rows=958 width=121)
	  Sort Key: c
	  ->  Bitmap Heap Scan on sbtest8  (cost=22.25..3704.71 rows=958 width=121)
	        Recheck Cond: ((id >= 5104581) AND (id <= 5105580))
	        ->  Bitmap Index Scan on sbtest8_pkey  (cost=0.00..22.01 rows=958 width=0)
	              Index Cond: ((id >= 5104581) AND (id <= 5105580))

for point_selects
table 1 : explain SELECT c FROM sbtest1 WHERE id=4274184
	Index Scan using sbtest1_pkey on sbtest1  (cost=0.43..8.45 rows=1 width=121)
	  Index Cond: (id = 4274184)

table 2 : explain SELECT c FROM sbtest2 WHERE id=8152982
	Index Scan using sbtest2_pkey on sbtest2  (cost=0.43..8.45 rows=1 width=121)
	  Index Cond: (id = 8152982)

table 3 : explain SELECT c FROM sbtest3 WHERE id=6143070
	Index Scan using sbtest3_pkey on sbtest3  (cost=0.43..8.45 rows=1 width=121)
	  Index Cond: (id = 6143070)

table 4 : explain SELECT c FROM sbtest4 WHERE id=2870437
	Index Scan using sbtest4_pkey on sbtest4  (cost=0.43..8.45 rows=1 width=121)
	  Index Cond: (id = 2870437)

table 5 : explain SELECT c FROM sbtest5 WHERE id=354565
	Index Scan using sbtest5_pkey on sbtest5  (cost=0.43..8.45 rows=1 width=121)
	  Index Cond: (id = 354565)

table 6 : explain SELECT c FROM sbtest6 WHERE id=8260860
	Index Scan using sbtest6_pkey on sbtest6  (cost=0.43..8.45 rows=1 width=121)
	  Index Cond: (id = 8260860)

table 7 : explain SELECT c FROM sbtest7 WHERE id=147507
	Index Scan using sbtest7_pkey on sbtest7  (cost=0.43..8.45 rows=1 width=121)
	  Index Cond: (id = 147507)

table 8 : explain SELECT c FROM sbtest8 WHERE id=4615726
	Index Scan using sbtest8_pkey on sbtest8  (cost=0.43..8.45 rows=1 width=121)
	  Index Cond: (id = 4615726)

explain: for point_selects :: explain SELECT c FROM sbtest%u WHERE id=%u
explain: for point_selects :: explain SELECT c FROM sbtest%u WHERE id=%u
explain: for point_selects :: explain SELECT c FROM sbtest%u WHERE id=%u
for: order_ranges
table 1 : explain SELECT c FROM sbtest1 WHERE id BETWEEN 7282607 AND 7283606 ORDER BY c
	Sort  (cost=3836.87..3839.32 rows=981 width=121)
	  Sort Key: c
	  ->  Bitmap Heap Scan on sbtest1  (cost=22.49..3788.12 rows=981 width=121)
	        Recheck Cond: ((id >= 7282607) AND (id <= 7283606))
	        ->  Bitmap Index Scan on sbtest1_pkey  (cost=0.00..22.25 rows=981 width=0)
	              Index Cond: ((id >= 7282607) AND (id <= 7283606))

table 2 : explain SELECT c FROM sbtest2 WHERE id BETWEEN 5149673 AND 5150672 ORDER BY c
	Sort  (cost=3983.30..3985.84 rows=1019 width=121)
	  Sort Key: c
	  ->  Bitmap Heap Scan on sbtest2  (cost=22.88..3932.38 rows=1019 width=121)
	        Recheck Cond: ((id >= 5149673) AND (id <= 5150672))
	        ->  Bitmap Index Scan on sbtest2_pkey  (cost=0.00..22.62 rows=1019 width=0)
	              Index Cond: ((id >= 5149673) AND (id <= 5150672))

table 3 : explain SELECT c FROM sbtest3 WHERE id BETWEEN 2902225 AND 2903224 ORDER BY c
	Sort  (cost=4094.11..4096.73 rows=1048 width=121)
	  Sort Key: c
	  ->  Bitmap Heap Scan on sbtest3  (cost=23.18..4041.54 rows=1048 width=121)
	        Recheck Cond: ((id >= 2902225) AND (id <= 2903224))
	        ->  Bitmap Index Scan on sbtest3_pkey  (cost=0.00..22.91 rows=1048 width=0)
	              Index Cond: ((id >= 2902225) AND (id <= 2903224))

table 4 : explain SELECT c FROM sbtest4 WHERE id BETWEEN 4806342 AND 4807341 ORDER BY c
	Sort  (cost=4221.28..4223.99 rows=1081 width=121)
	  Sort Key: c
	  ->  Bitmap Heap Scan on sbtest4  (cost=23.52..4166.81 rows=1081 width=121)
	        Recheck Cond: ((id >= 4806342) AND (id <= 4807341))
	        ->  Bitmap Index Scan on sbtest4_pkey  (cost=0.00..23.25 rows=1081 width=0)
	              Index Cond: ((id >= 4806342) AND (id <= 4807341))

table 5 : explain SELECT c FROM sbtest5 WHERE id BETWEEN 1178049 AND 1179048 ORDER BY c
	Sort  (cost=3915.74..3918.24 rows=1001 width=121)
	  Sort Key: c
	  ->  Bitmap Heap Scan on sbtest5  (cost=22.70..3865.85 rows=1001 width=121)
	        Recheck Cond: ((id >= 1178049) AND (id <= 1179048))
	        ->  Bitmap Index Scan on sbtest5_pkey  (cost=0.00..22.44 rows=1001 width=0)
	              Index Cond: ((id >= 1178049) AND (id <= 1179048))

table 6 : explain SELECT c FROM sbtest6 WHERE id BETWEEN 3167791 AND 3168790 ORDER BY c
	Sort  (cost=4061.05..4063.65 rows=1039 width=121)
	  Sort Key: c
	  ->  Bitmap Heap Scan on sbtest6  (cost=23.08..4009.00 rows=1039 width=121)
	        Recheck Cond: ((id >= 3167791) AND (id <= 3168790))
	        ->  Bitmap Index Scan on sbtest6_pkey  (cost=0.00..22.82 rows=1039 width=0)
	              Index Cond: ((id >= 3167791) AND (id <= 3168790))

table 7 : explain SELECT c FROM sbtest7 WHERE id BETWEEN 820008 AND 821007 ORDER BY c
	Sort  (cost=4023.90..4026.47 rows=1029 width=121)
	  Sort Key: c
	  ->  Bitmap Heap Scan on sbtest7  (cost=22.98..3972.41 rows=1029 width=121)
	        Recheck Cond: ((id >= 820008) AND (id <= 821007))
	        ->  Bitmap Index Scan on sbtest7_pkey  (cost=0.00..22.72 rows=1029 width=0)
	              Index Cond: ((id >= 820008) AND (id <= 821007))

table 8 : explain SELECT c FROM sbtest8 WHERE id BETWEEN 1703121 AND 1704120 ORDER BY c
	Sort  (cost=3924.43..3926.94 rows=1003 width=121)
	  Sort Key: c
	  ->  Bitmap Heap Scan on sbtest8  (cost=22.72..3874.43 rows=1003 width=121)
	        Recheck Cond: ((id >= 1703121) AND (id <= 1704120))
	        ->  Bitmap Index Scan on sbtest8_pkey  (cost=0.00..22.46 rows=1003 width=0)
	              Index Cond: ((id >= 1703121) AND (id <= 1704120))

for: sum_ranges
table 1 : explain SELECT SUM(k) FROM sbtest1 WHERE id BETWEEN 7233445 AND 7234444
	Aggregate  (cost=3647.26..3647.27 rows=1 width=8)
	  ->  Bitmap Heap Scan on sbtest1  (cost=22.10..3644.90 rows=943 width=4)
	        Recheck Cond: ((id >= 7233445) AND (id <= 7234444))
	        ->  Bitmap Index Scan on sbtest1_pkey  (cost=0.00..21.86 rows=943 width=0)
	              Index Cond: ((id >= 7233445) AND (id <= 7234444))

table 2 : explain SELECT SUM(k) FROM sbtest2 WHERE id BETWEEN 3119189 AND 3120188
	Aggregate  (cost=3934.93..3934.94 rows=1 width=8)
	  ->  Bitmap Heap Scan on sbtest2  (cost=22.88..3932.38 rows=1019 width=4)
	        Recheck Cond: ((id >= 3119189) AND (id <= 3120188))
	        ->  Bitmap Index Scan on sbtest2_pkey  (cost=0.00..22.62 rows=1019 width=0)
	              Index Cond: ((id >= 3119189) AND (id <= 3120188))

table 3 : explain SELECT SUM(k) FROM sbtest3 WHERE id BETWEEN 5372539 AND 5373538
	Aggregate  (cost=3444.32..3444.33 rows=1 width=8)
	  ->  Bitmap Heap Scan on sbtest3  (cost=21.55..3442.10 rows=889 width=4)
	        Recheck Cond: ((id >= 5372539) AND (id <= 5373538))
	        ->  Bitmap Index Scan on sbtest3_pkey  (cost=0.00..21.32 rows=889 width=0)
	              Index Cond: ((id >= 5372539) AND (id <= 5373538))

table 4 : explain SELECT SUM(k) FROM sbtest4 WHERE id BETWEEN 9958727 AND 9959726
	Aggregate  (cost=4218.38..4218.39 rows=1 width=8)
	  ->  Bitmap Heap Scan on sbtest4  (cost=23.65..4215.65 rows=1094 width=4)
	        Recheck Cond: ((id >= 9958727) AND (id <= 9959726))
	        ->  Bitmap Index Scan on sbtest4_pkey  (cost=0.00..23.37 rows=1094 width=0)
	              Index Cond: ((id >= 9958727) AND (id <= 9959726))

table 5 : explain SELECT SUM(k) FROM sbtest5 WHERE id BETWEEN 413449 AND 414448
	Aggregate  (cost=3717.45..3717.46 rows=1 width=8)
	  ->  Bitmap Heap Scan on sbtest5  (cost=22.29..3715.05 rows=961 width=4)
	        Recheck Cond: ((id >= 413449) AND (id <= 414448))
	        ->  Bitmap Index Scan on sbtest5_pkey  (cost=0.00..22.04 rows=961 width=0)
	              Index Cond: ((id >= 413449) AND (id <= 414448))

table 6 : explain SELECT SUM(k) FROM sbtest6 WHERE id BETWEEN 7414236 AND 7415235
	Aggregate  (cost=4226.25..4226.26 rows=1 width=8)
	  ->  Bitmap Heap Scan on sbtest6  (cost=27.66..4223.51 rows=1095 width=4)
	        Recheck Cond: ((id >= 7414236) AND (id <= 7415235))
	        ->  Bitmap Index Scan on sbtest6_pkey  (cost=0.00..27.39 rows=1095 width=0)
	              Index Cond: ((id >= 7414236) AND (id <= 7415235))

table 7 : explain SELECT SUM(k) FROM sbtest7 WHERE id BETWEEN 3925394 AND 3926393
	Aggregate  (cost=4001.36..4001.37 rows=1 width=8)
	  ->  Bitmap Heap Scan on sbtest7  (cost=23.05..3998.77 rows=1036 width=4)
	        Recheck Cond: ((id >= 3925394) AND (id <= 3926393))
	        ->  Bitmap Index Scan on sbtest7_pkey  (cost=0.00..22.79 rows=1036 width=0)
	              Index Cond: ((id >= 3925394) AND (id <= 3926393))

table 8 : explain SELECT SUM(k) FROM sbtest8 WHERE id BETWEEN 1053502 AND 1054501
	Aggregate  (cost=3820.36..3820.37 rows=1 width=8)
	  ->  Bitmap Heap Scan on sbtest8  (cost=22.56..3817.89 rows=988 width=4)
	        Recheck Cond: ((id >= 1053502) AND (id <= 1054501))
	        ->  Bitmap Index Scan on sbtest8_pkey  (cost=0.00..22.32 rows=988 width=0)
	              Index Cond: ((id >= 1053502) AND (id <= 1054501))

for point_selects
table 1 : explain SELECT c FROM sbtest1 WHERE id=6639399
	Index Scan using sbtest1_pkey on sbtest1  (cost=0.43..8.45 rows=1 width=121)
	  Index Cond: (id = 6639399)

table 2 : explain SELECT c FROM sbtest2 WHERE id=1979502
	Index Scan using sbtest2_pkey on sbtest2  (cost=0.43..8.45 rows=1 width=121)
	  Index Cond: (id = 1979502)

table 3 : explain SELECT c FROM sbtest3 WHERE id=8229394
	Index Scan using sbtest3_pkey on sbtest3  (cost=0.43..8.45 rows=1 width=121)
	  Index Cond: (id = 8229394)

table 4 : explain SELECT c FROM sbtest4 WHERE id=3125015
	Index Scan using sbtest4_pkey on sbtest4  (cost=0.43..8.45 rows=1 width=121)
	  Index Cond: (id = 3125015)

table 5 : explain SELECT c FROM sbtest5 WHERE id=1052600
	Index Scan using sbtest5_pkey on sbtest5  (cost=0.43..8.45 rows=1 width=121)
	  Index Cond: (id = 1052600)

table 6 : explain SELECT c FROM sbtest6 WHERE id=7512953
	Index Scan using sbtest6_pkey on sbtest6  (cost=0.43..8.45 rows=1 width=121)
	  Index Cond: (id = 7512953)

table 7 : explain SELECT c FROM sbtest7 WHERE id=9205563
	Index Scan using sbtest7_pkey on sbtest7  (cost=0.43..8.45 rows=1 width=121)
	  Index Cond: (id = 9205563)

table 8 : explain SELECT c FROM sbtest8 WHERE id=9524239
	Index Scan using sbtest8_pkey on sbtest8  (cost=0.43..8.45 rows=1 width=121)
	  Index Cond: (id = 9524239)

for: order_ranges
table 1 : explain SELECT c FROM sbtest1 WHERE id BETWEEN 4712774 AND 4713773 ORDER BY c
	Sort  (cost=3821.58..3824.02 rows=977 width=121)
	  Sort Key: c
	  ->  Bitmap Heap Scan on sbtest1  (cost=22.45..3773.06 rows=977 width=121)
	        Recheck Cond: ((id >= 4712774) AND (id <= 4713773))
	        ->  Bitmap Index Scan on sbtest1_pkey  (cost=0.00..22.20 rows=977 width=0)
	              Index Cond: ((id >= 4712774) AND (id <= 4713773))

table 2 : explain SELECT c FROM sbtest2 WHERE id BETWEEN 1072765 AND 1073764 ORDER BY c
	Sort  (cost=3853.33..3855.79 rows=985 width=121)
	  Sort Key: c
	  ->  Bitmap Heap Scan on sbtest2  (cost=22.53..3804.35 rows=985 width=121)
	        Recheck Cond: ((id >= 1072765) AND (id <= 1073764))
	        ->  Bitmap Index Scan on sbtest2_pkey  (cost=0.00..22.29 rows=985 width=0)
	              Index Cond: ((id >= 1072765) AND (id <= 1073764))

table 3 : explain SELECT c FROM sbtest3 WHERE id BETWEEN 8161980 AND 8162979 ORDER BY c
	Sort  (cost=3853.40..3855.86 rows=985 width=121)
	  Sort Key: c
	  ->  Bitmap Heap Scan on sbtest3  (cost=22.53..3804.42 rows=985 width=121)
	        Recheck Cond: ((id >= 8161980) AND (id <= 8162979))
	        ->  Bitmap Index Scan on sbtest3_pkey  (cost=0.00..22.29 rows=985 width=0)
	              Index Cond: ((id >= 8161980) AND (id <= 8162979))

table 4 : explain SELECT c FROM sbtest4 WHERE id BETWEEN 4115068 AND 4116067 ORDER BY c
	Sort  (cost=3781.78..3784.19 rows=966 width=121)
	  Sort Key: c
	  ->  Bitmap Heap Scan on sbtest4  (cost=22.34..3733.89 rows=966 width=121)
	        Recheck Cond: ((id >= 4115068) AND (id <= 4116067))
	        ->  Bitmap Index Scan on sbtest4_pkey  (cost=0.00..22.09 rows=966 width=0)
	              Index Cond: ((id >= 4115068) AND (id <= 4116067))

table 5 : explain SELECT c FROM sbtest5 WHERE id BETWEEN 9460251 AND 9461250 ORDER BY c
	Sort  (cost=3919.56..3922.07 rows=1002 width=121)
	  Sort Key: c
	  ->  Bitmap Heap Scan on sbtest5  (cost=22.71..3869.62 rows=1002 width=121)
	        Recheck Cond: ((id >= 9460251) AND (id <= 9461250))
	        ->  Bitmap Index Scan on sbtest5_pkey  (cost=0.00..22.45 rows=1002 width=0)
	              Index Cond: ((id >= 9460251) AND (id <= 9461250))

table 6 : explain SELECT c FROM sbtest6 WHERE id BETWEEN 5501290 AND 5502289 ORDER BY c
	Sort  (cost=3827.81..3830.25 rows=978 width=121)
	  Sort Key: c
	  ->  Bitmap Heap Scan on sbtest6  (cost=22.46..3779.23 rows=978 width=121)
	        Recheck Cond: ((id >= 5501290) AND (id <= 5502289))
	        ->  Bitmap Index Scan on sbtest6_pkey  (cost=0.00..22.21 rows=978 width=0)
	              Index Cond: ((id >= 5501290) AND (id <= 5502289))

table 7 : explain SELECT c FROM sbtest7 WHERE id BETWEEN 2743384 AND 2744383 ORDER BY c
	Sort  (cost=3664.03..3666.36 rows=935 width=121)
	  Sort Key: c
	  ->  Bitmap Heap Scan on sbtest7  (cost=22.02..3617.89 rows=935 width=121)
	        Recheck Cond: ((id >= 2743384) AND (id <= 2744383))
	        ->  Bitmap Index Scan on sbtest7_pkey  (cost=0.00..21.79 rows=935 width=0)
	              Index Cond: ((id >= 2743384) AND (id <= 2744383))

table 8 : explain SELECT c FROM sbtest8 WHERE id BETWEEN 9875381 AND 9876380 ORDER BY c
	Sort  (cost=3587.28..3589.57 rows=915 width=121)
	  Sort Key: c
	  ->  Bitmap Heap Scan on sbtest8  (cost=21.81..3542.28 rows=915 width=121)
	        Recheck Cond: ((id >= 9875381) AND (id <= 9876380))
	        ->  Bitmap Index Scan on sbtest8_pkey  (cost=0.00..21.58 rows=915 width=0)
	              Index Cond: ((id >= 9875381) AND (id <= 9876380))

for: simple_ranges
table 1 : explain SELECT c FROM sbtest1 WHERE id BETWEEN 2886444 AND 2887443
	Bitmap Heap Scan on sbtest1  (cost=22.73..3874.72 rows=1004 width=121)
	  Recheck Cond: ((id >= 2886444) AND (id <= 2887443))
	  ->  Bitmap Index Scan on sbtest1_pkey  (cost=0.00..22.47 rows=1004 width=0)
	        Index Cond: ((id >= 2886444) AND (id <= 2887443))

table 2 : explain SELECT c FROM sbtest2 WHERE id BETWEEN 5178901 AND 5179900
	Bitmap Heap Scan on sbtest2  (cost=22.74..3879.68 rows=1005 width=121)
	  Recheck Cond: ((id >= 5178901) AND (id <= 5179900))
	  ->  Bitmap Index Scan on sbtest2_pkey  (cost=0.00..22.48 rows=1005 width=0)
	        Index Cond: ((id >= 5178901) AND (id <= 5179900))

table 3 : explain SELECT c FROM sbtest3 WHERE id BETWEEN 1262517 AND 1263516
	Bitmap Heap Scan on sbtest3  (cost=23.53..4169.29 rows=1082 width=121)
	  Recheck Cond: ((id >= 1262517) AND (id <= 1263516))
	  ->  Bitmap Index Scan on sbtest3_pkey  (cost=0.00..23.25 rows=1082 width=0)
	        Index Cond: ((id >= 1262517) AND (id <= 1263516))

table 4 : explain SELECT c FROM sbtest4 WHERE id BETWEEN 173790 AND 174789
	Bitmap Heap Scan on sbtest4  (cost=22.27..3711.25 rows=960 width=121)
	  Recheck Cond: ((id >= 173790) AND (id <= 174789))
	  ->  Bitmap Index Scan on sbtest4_pkey  (cost=0.00..22.04 rows=960 width=0)
	        Index Cond: ((id >= 173790) AND (id <= 174789))

table 5 : explain SELECT c FROM sbtest5 WHERE id BETWEEN 6461484 AND 6462483
	Bitmap Heap Scan on sbtest5  (cost=28.29..4452.32 rows=1157 width=121)
	  Recheck Cond: ((id >= 6461484) AND (id <= 6462483))
	  ->  Bitmap Index Scan on sbtest5_pkey  (cost=0.00..28.00 rows=1157 width=0)
	        Index Cond: ((id >= 6461484) AND (id <= 6462483))

table 6 : explain SELECT c FROM sbtest6 WHERE id BETWEEN 6338757 AND 6339756
	Bitmap Heap Scan on sbtest6  (cost=22.64..3847.08 rows=996 width=121)
	  Recheck Cond: ((id >= 6338757) AND (id <= 6339756))
	  ->  Bitmap Index Scan on sbtest6_pkey  (cost=0.00..22.39 rows=996 width=0)
	        Index Cond: ((id >= 6338757) AND (id <= 6339756))

table 7 : explain SELECT c FROM sbtest7 WHERE id BETWEEN 7554001 AND 7555000
	Bitmap Heap Scan on sbtest7  (cost=22.39..3753.80 rows=971 width=121)
	  Recheck Cond: ((id >= 7554001) AND (id <= 7555000))
	  ->  Bitmap Index Scan on sbtest7_pkey  (cost=0.00..22.14 rows=971 width=0)
	        Index Cond: ((id >= 7554001) AND (id <= 7555000))

table 8 : explain SELECT c FROM sbtest8 WHERE id BETWEEN 611218 AND 612217
	Bitmap Heap Scan on sbtest8  (cost=22.93..3953.55 rows=1024 width=121)
	  Recheck Cond: ((id >= 611218) AND (id <= 612217))
	  ->  Bitmap Index Scan on sbtest8_pkey  (cost=0.00..22.68 rows=1024 width=0)
	        Index Cond: ((id >= 611218) AND (id <= 612217))

for: sum_ranges
table 1 : explain SELECT SUM(k) FROM sbtest1 WHERE id BETWEEN 1505453 AND 1506452
	Aggregate  (cost=3813.19..3813.20 rows=1 width=8)
	  ->  Bitmap Heap Scan on sbtest1  (cost=22.55..3810.72 rows=987 width=4)
	        Recheck Cond: ((id >= 1505453) AND (id <= 1506452))
	        ->  Bitmap Index Scan on sbtest1_pkey  (cost=0.00..22.30 rows=987 width=0)
	              Index Cond: ((id >= 1505453) AND (id <= 1506452))

table 2 : explain SELECT SUM(k) FROM sbtest2 WHERE id BETWEEN 6008014 AND 6009013
	Aggregate  (cost=3671.00..3671.01 rows=1 width=8)
	  ->  Bitmap Heap Scan on sbtest2  (cost=22.16..3668.63 rows=949 width=4)
	        Recheck Cond: ((id >= 6008014) AND (id <= 6009013))
	        ->  Bitmap Index Scan on sbtest2_pkey  (cost=0.00..21.93 rows=949 width=0)
	              Index Cond: ((id >= 6008014) AND (id <= 6009013))

table 3 : explain SELECT SUM(k) FROM sbtest3 WHERE id BETWEEN 5014381 AND 5015380
	Aggregate  (cost=3991.47..3991.48 rows=1 width=8)
	  ->  Bitmap Heap Scan on sbtest3  (cost=23.03..3988.89 rows=1034 width=4)
	        Recheck Cond: ((id >= 5014381) AND (id <= 5015380))
	        ->  Bitmap Index Scan on sbtest3_pkey  (cost=0.00..22.77 rows=1034 width=0)
	              Index Cond: ((id >= 5014381) AND (id <= 5015380))

table 4 : explain SELECT SUM(k) FROM sbtest4 WHERE id BETWEEN 89481 AND 90480
	Aggregate  (cost=3928.63..3928.64 rows=1 width=8)
	  ->  Bitmap Heap Scan on sbtest4  (cost=22.86..3926.09 rows=1017 width=4)
	        Recheck Cond: ((id >= 89481) AND (id <= 90480))
	        ->  Bitmap Index Scan on sbtest4_pkey  (cost=0.00..22.61 rows=1017 width=0)
	              Index Cond: ((id >= 89481) AND (id <= 90480))

table 5 : explain SELECT SUM(k) FROM sbtest5 WHERE id BETWEEN 9272092 AND 9273091
	Aggregate  (cost=4312.60..4312.61 rows=1 width=8)
	  ->  Bitmap Heap Scan on sbtest5  (cost=27.90..4309.80 rows=1119 width=4)
	        Recheck Cond: ((id >= 9272092) AND (id <= 9273091))
	        ->  Bitmap Index Scan on sbtest5_pkey  (cost=0.00..27.62 rows=1119 width=0)
	              Index Cond: ((id >= 9272092) AND (id <= 9273091))

table 6 : explain SELECT SUM(k) FROM sbtest6 WHERE id BETWEEN 7808315 AND 7809314
	Aggregate  (cost=3902.35..3902.36 rows=1 width=8)
	  ->  Bitmap Heap Scan on sbtest6  (cost=22.79..3899.82 rows=1010 width=4)
	        Recheck Cond: ((id >= 7808315) AND (id <= 7809314))
	        ->  Bitmap Index Scan on sbtest6_pkey  (cost=0.00..22.54 rows=1010 width=0)
	              Index Cond: ((id >= 7808315) AND (id <= 7809314))

table 7 : explain SELECT SUM(k) FROM sbtest7 WHERE id BETWEEN 9769538 AND 9770537
	Aggregate  (cost=4001.36..4001.37 rows=1 width=8)
	  ->  Bitmap Heap Scan on sbtest7  (cost=23.05..3998.77 rows=1036 width=4)
	        Recheck Cond: ((id >= 9769538) AND (id <= 9770537))
	        ->  Bitmap Index Scan on sbtest7_pkey  (cost=0.00..22.79 rows=1036 width=0)
	              Index Cond: ((id >= 9769538) AND (id <= 9770537))

table 8 : explain SELECT SUM(k) FROM sbtest8 WHERE id BETWEEN 2163192 AND 2164191
	Aggregate  (cost=3793.94..3793.95 rows=1 width=8)
	  ->  Bitmap Heap Scan on sbtest8  (cost=22.49..3791.49 rows=981 width=4)
	        Recheck Cond: ((id >= 2163192) AND (id <= 2164191))
	        ->  Bitmap Index Scan on sbtest8_pkey  (cost=0.00..22.25 rows=981 width=0)
	              Index Cond: ((id >= 2163192) AND (id <= 2164191))

for point_selects
table 1 : explain SELECT c FROM sbtest1 WHERE id=2414404
	Index Scan using sbtest1_pkey on sbtest1  (cost=0.43..8.45 rows=1 width=121)
	  Index Cond: (id = 2414404)

table 2 : explain SELECT c FROM sbtest2 WHERE id=9772835
	Index Scan using sbtest2_pkey on sbtest2  (cost=0.43..8.45 rows=1 width=121)
	  Index Cond: (id = 9772835)

table 3 : explain SELECT c FROM sbtest3 WHERE id=7832703
	Index Scan using sbtest3_pkey on sbtest3  (cost=0.43..8.45 rows=1 width=121)
	  Index Cond: (id = 7832703)

table 4 : explain SELECT c FROM sbtest4 WHERE id=5116312
	Index Scan using sbtest4_pkey on sbtest4  (cost=0.43..8.45 rows=1 width=121)
	  Index Cond: (id = 5116312)

table 5 : explain SELECT c FROM sbtest5 WHERE id=4158092
	Index Scan using sbtest5_pkey on sbtest5  (cost=0.43..8.45 rows=1 width=121)
	  Index Cond: (id = 4158092)

table 6 : explain SELECT c FROM sbtest6 WHERE id=6889600
	Index Scan using sbtest6_pkey on sbtest6  (cost=0.43..8.45 rows=1 width=121)
	  Index Cond: (id = 6889600)

table 7 : explain SELECT c FROM sbtest7 WHERE id=3281400
	Index Scan using sbtest7_pkey on sbtest7  (cost=0.43..8.45 rows=1 width=121)
	  Index Cond: (id = 3281400)

table 8 : explain SELECT c FROM sbtest8 WHERE id=7423564
	Index Scan using sbtest8_pkey on sbtest8  (cost=0.43..8.45 rows=1 width=121)
	  Index Cond: (id = 7423564)

explain: for point_selects :: explain SELECT c FROM sbtest%u WHERE id=%u
for: distinct_ranges
table 1 : explain SELECT DISTINCT c FROM sbtest1 WHERE id BETWEEN 6900939 AND 6901938 ORDER BY c
	Unique  (cost=4477.76..4483.51 rows=1149 width=121)
	  ->  Sort  (cost=4477.76..4480.63 rows=1149 width=121)
	        Sort Key: c
	        ->  Bitmap Heap Scan on sbtest1  (cost=28.21..4419.36 rows=1149 width=121)
	              Recheck Cond: ((id >= 6900939) AND (id <= 6901938))
	              ->  Bitmap Index Scan on sbtest1_pkey  (cost=0.00..27.93 rows=1149 width=0)
	                    Index Cond: ((id >= 6900939) AND (id <= 6901938))

table 2 : explain SELECT DISTINCT c FROM sbtest2 WHERE id BETWEEN 7904857 AND 7905856 ORDER BY c
	Unique  (cost=3750.02..3754.81 rows=958 width=121)
	  ->  Sort  (cost=3750.02..3752.41 rows=958 width=121)
	        Sort Key: c
	        ->  Bitmap Heap Scan on sbtest2  (cost=22.25..3702.58 rows=958 width=121)
	              Recheck Cond: ((id >= 7904857) AND (id <= 7905856))
	              ->  Bitmap Index Scan on sbtest2_pkey  (cost=0.00..22.01 rows=958 width=0)
	                    Index Cond: ((id >= 7904857) AND (id <= 7905856))

table 3 : explain SELECT DISTINCT c FROM sbtest3 WHERE id BETWEEN 9859769 AND 9860768 ORDER BY c
	Unique  (cost=3684.99..3689.69 rows=941 width=121)
	  ->  Sort  (cost=3684.99..3687.34 rows=941 width=121)
	        Sort Key: c
	        ->  Bitmap Heap Scan on sbtest3  (cost=22.08..3638.51 rows=941 width=121)
	              Recheck Cond: ((id >= 9859769) AND (id <= 9860768))
	              ->  Bitmap Index Scan on sbtest3_pkey  (cost=0.00..21.84 rows=941 width=0)
	                    Index Cond: ((id >= 9859769) AND (id <= 9860768))

table 4 : explain SELECT DISTINCT c FROM sbtest4 WHERE id BETWEEN 3708681 AND 3709680 ORDER BY c
	Unique  (cost=3693.68..3698.40 rows=943 width=121)
	  ->  Sort  (cost=3693.68..3696.04 rows=943 width=121)
	        Sort Key: c
	        ->  Bitmap Heap Scan on sbtest4  (cost=22.10..3647.10 rows=943 width=121)
	              Recheck Cond: ((id >= 3708681) AND (id <= 3709680))
	              ->  Bitmap Index Scan on sbtest4_pkey  (cost=0.00..21.86 rows=943 width=0)
	                    Index Cond: ((id >= 3708681) AND (id <= 3709680))

table 5 : explain SELECT DISTINCT c FROM sbtest5 WHERE id BETWEEN 6858623 AND 6859622 ORDER BY c
	Unique  (cost=3923.38..3928.40 rows=1003 width=121)
	  ->  Sort  (cost=3923.38..3925.89 rows=1003 width=121)
	        Sort Key: c
	        ->  Bitmap Heap Scan on sbtest5  (cost=22.72..3873.38 rows=1003 width=121)
	              Recheck Cond: ((id >= 6858623) AND (id <= 6859622))
	              ->  Bitmap Index Scan on sbtest5_pkey  (cost=0.00..22.46 rows=1003 width=0)
	                    Index Cond: ((id >= 6858623) AND (id <= 6859622))

table 6 : explain SELECT DISTINCT c FROM sbtest6 WHERE id BETWEEN 3943322 AND 3944321 ORDER BY c
	Unique  (cost=4015.21..4020.34 rows=1027 width=121)
	  ->  Sort  (cost=4015.21..4017.77 rows=1027 width=121)
	        Sort Key: c
	        ->  Bitmap Heap Scan on sbtest6  (cost=22.96..3963.83 rows=1027 width=121)
	              Recheck Cond: ((id >= 3943322) AND (id <= 3944321))
	              ->  Bitmap Index Scan on sbtest6_pkey  (cost=0.00..22.70 rows=1027 width=0)
	                    Index Cond: ((id >= 3943322) AND (id <= 3944321))

table 7 : explain SELECT DISTINCT c FROM sbtest7 WHERE id BETWEEN 8446044 AND 8447043 ORDER BY c
	Unique  (cost=3897.68..3902.66 rows=996 width=121)
	  ->  Sort  (cost=3897.68..3900.17 rows=996 width=121)
	        Sort Key: c
	        ->  Bitmap Heap Scan on sbtest7  (cost=22.64..3848.08 rows=996 width=121)
	              Recheck Cond: ((id >= 8446044) AND (id <= 8447043))
	              ->  Bitmap Index Scan on sbtest7_pkey  (cost=0.00..22.39 rows=996 width=0)
	                    Index Cond: ((id >= 8446044) AND (id <= 8447043))

table 8 : explain SELECT DISTINCT c FROM sbtest8 WHERE id BETWEEN 2666072 AND 2667071 ORDER BY c
	Unique  (cost=3928.26..3933.28 rows=1004 width=121)
	  ->  Sort  (cost=3928.26..3930.77 rows=1004 width=121)
	        Sort Key: c
	        ->  Bitmap Heap Scan on sbtest8  (cost=22.73..3878.20 rows=1004 width=121)
	              Recheck Cond: ((id >= 2666072) AND (id <= 2667071))
	              ->  Bitmap Index Scan on sbtest8_pkey  (cost=0.00..22.47 rows=1004 width=0)
	                    Index Cond: ((id >= 2666072) AND (id <= 2667071))

for: distinct_ranges
table 1 : explain SELECT DISTINCT c FROM sbtest1 WHERE id BETWEEN 6893012 AND 6894011 ORDER BY c
	Unique  (cost=4477.76..4483.51 rows=1149 width=121)
	  ->  Sort  (cost=4477.76..4480.63 rows=1149 width=121)
	        Sort Key: c
	        ->  Bitmap Heap Scan on sbtest1  (cost=28.21..4419.36 rows=1149 width=121)
	              Recheck Cond: ((id >= 6893012) AND (id <= 6894011))
	              ->  Bitmap Index Scan on sbtest1_pkey  (cost=0.00..27.93 rows=1149 width=0)
	                    Index Cond: ((id >= 6893012) AND (id <= 6894011))

table 2 : explain SELECT DISTINCT c FROM sbtest2 WHERE id BETWEEN 4884081 AND 4885080 ORDER BY c
	Unique  (cost=4338.35..4343.91 rows=1112 width=121)
	  ->  Sort  (cost=4338.35..4341.13 rows=1112 width=121)
	        Sort Key: c
	        ->  Bitmap Heap Scan on sbtest2  (cost=27.83..4282.09 rows=1112 width=121)
	              Recheck Cond: ((id >= 4884081) AND (id <= 4885080))
	              ->  Bitmap Index Scan on sbtest2_pkey  (cost=0.00..27.55 rows=1112 width=0)
	                    Index Cond: ((id >= 4884081) AND (id <= 4885080))

table 3 : explain SELECT DISTINCT c FROM sbtest3 WHERE id BETWEEN 438922 AND 439921 ORDER BY c
	Unique  (cost=3692.65..3697.36 rows=943 width=121)
	  ->  Sort  (cost=3692.65..3695.01 rows=943 width=121)
	        Sort Key: c
	        ->  Bitmap Heap Scan on sbtest3  (cost=22.10..3646.06 rows=943 width=121)
	              Recheck Cond: ((id >= 438922) AND (id <= 439921))
	              ->  Bitmap Index Scan on sbtest3_pkey  (cost=0.00..21.86 rows=943 width=0)
	                    Index Cond: ((id >= 438922) AND (id <= 439921))

table 4 : explain SELECT DISTINCT c FROM sbtest4 WHERE id BETWEEN 6302807 AND 6303806 ORDER BY c
	Unique  (cost=3728.16..3732.92 rows=952 width=121)
	  ->  Sort  (cost=3728.16..3730.54 rows=952 width=121)
	        Sort Key: c
	        ->  Bitmap Heap Scan on sbtest4  (cost=22.19..3681.07 rows=952 width=121)
	              Recheck Cond: ((id >= 6302807) AND (id <= 6303806))
	              ->  Bitmap Index Scan on sbtest4_pkey  (cost=0.00..21.95 rows=952 width=0)
	                    Index Cond: ((id >= 6302807) AND (id <= 6303806))

table 5 : explain SELECT DISTINCT c FROM sbtest5 WHERE id BETWEEN 1106622 AND 1107621 ORDER BY c
	Unique  (cost=4129.72..4135.00 rows=1057 width=121)
	  ->  Sort  (cost=4129.72..4132.36 rows=1057 width=121)
	        Sort Key: c
	        ->  Bitmap Heap Scan on sbtest5  (cost=23.27..4076.63 rows=1057 width=121)
	              Recheck Cond: ((id >= 1106622) AND (id <= 1107621))
	              ->  Bitmap Index Scan on sbtest5_pkey  (cost=0.00..23.00 rows=1057 width=0)
	                    Index Cond: ((id >= 1106622) AND (id <= 1107621))

table 6 : explain SELECT DISTINCT c FROM sbtest6 WHERE id BETWEEN 9273438 AND 9274437 ORDER BY c
	Unique  (cost=3889.03..3894.00 rows=994 width=121)
	  ->  Sort  (cost=3889.03..3891.52 rows=994 width=121)
	        Sort Key: c
	        ->  Bitmap Heap Scan on sbtest6  (cost=22.62..3839.54 rows=994 width=121)
	              Recheck Cond: ((id >= 9273438) AND (id <= 9274437))
	              ->  Bitmap Index Scan on sbtest6_pkey  (cost=0.00..22.37 rows=994 width=0)
	                    Index Cond: ((id >= 9273438) AND (id <= 9274437))

table 7 : explain SELECT DISTINCT c FROM sbtest7 WHERE id BETWEEN 4977174 AND 4978173 ORDER BY c
	Unique  (cost=3905.34..3910.33 rows=998 width=121)
	  ->  Sort  (cost=3905.34..3907.83 rows=998 width=121)
	        Sort Key: c
	        ->  Bitmap Heap Scan on sbtest7  (cost=22.66..3855.62 rows=998 width=121)
	              Recheck Cond: ((id >= 4977174) AND (id <= 4978173))
	              ->  Bitmap Index Scan on sbtest7_pkey  (cost=0.00..22.41 rows=998 width=0)
	                    Index Cond: ((id >= 4977174) AND (id <= 4978173))

table 8 : explain SELECT DISTINCT c FROM sbtest8 WHERE id BETWEEN 7373739 AND 7374738 ORDER BY c
	Unique  (cost=3955.03..3960.09 rows=1011 width=121)
	  ->  Sort  (cost=3955.03..3957.56 rows=1011 width=121)
	        Sort Key: c
	        ->  Bitmap Heap Scan on sbtest8  (cost=22.80..3904.58 rows=1011 width=121)
	              Recheck Cond: ((id >= 7373739) AND (id <= 7374738))
	              ->  Bitmap Index Scan on sbtest8_pkey  (cost=0.00..22.54 rows=1011 width=0)
	                    Index Cond: ((id >= 7373739) AND (id <= 7374738))

for: distinct_ranges
table 1 : explain SELECT DISTINCT c FROM sbtest1 WHERE id BETWEEN 3860464 AND 3861463 ORDER BY c
	Unique  (cost=4169.04..4174.38 rows=1068 width=121)
	  ->  Sort  (cost=4169.04..4171.71 rows=1068 width=121)
	        Sort Key: c
	        ->  Bitmap Heap Scan on sbtest1  (cost=23.38..4115.31 rows=1068 width=121)
	              Recheck Cond: ((id >= 3860464) AND (id <= 3861463))
	              ->  Bitmap Index Scan on sbtest1_pkey  (cost=0.00..23.11 rows=1068 width=0)
	                    Index Cond: ((id >= 3860464) AND (id <= 3861463))

table 2 : explain SELECT DISTINCT c FROM sbtest2 WHERE id BETWEEN 118771 AND 119770 ORDER BY c
	Unique  (cost=3669.60..3674.29 rows=937 width=121)
	  ->  Sort  (cost=3669.60..3671.95 rows=937 width=121)
	        Sort Key: c
	        ->  Bitmap Heap Scan on sbtest2  (cost=22.04..3623.35 rows=937 width=121)
	              Recheck Cond: ((id >= 118771) AND (id <= 119770))
	              ->  Bitmap Index Scan on sbtest2_pkey  (cost=0.00..21.80 rows=937 width=0)
	                    Index Cond: ((id >= 118771) AND (id <= 119770))

table 3 : explain SELECT DISTINCT c FROM sbtest3 WHERE id BETWEEN 7694272 AND 7695271 ORDER BY c
	Unique  (cost=3983.37..3988.46 rows=1019 width=121)
	  ->  Sort  (cost=3983.37..3985.91 rows=1019 width=121)
	        Sort Key: c
	        ->  Bitmap Heap Scan on sbtest3  (cost=22.88..3932.45 rows=1019 width=121)
	              Recheck Cond: ((id >= 7694272) AND (id <= 7695271))
	              ->  Bitmap Index Scan on sbtest3_pkey  (cost=0.00..22.62 rows=1019 width=0)
	                    Index Cond: ((id >= 7694272) AND (id <= 7695271))

table 4 : explain SELECT DISTINCT c FROM sbtest4 WHERE id BETWEEN 8416685 AND 8417684 ORDER BY c
	Unique  (cost=3976.89..3981.97 rows=1017 width=121)
	  ->  Sort  (cost=3976.89..3979.43 rows=1017 width=121)
	        Sort Key: c
	        ->  Bitmap Heap Scan on sbtest4  (cost=22.86..3926.09 rows=1017 width=121)
	              Recheck Cond: ((id >= 8416685) AND (id <= 8417684))
	              ->  Bitmap Index Scan on sbtest4_pkey  (cost=0.00..22.61 rows=1017 width=0)
	                    Index Cond: ((id >= 8416685) AND (id <= 8417684))

table 5 : explain SELECT DISTINCT c FROM sbtest5 WHERE id BETWEEN 102810 AND 103809 ORDER BY c
	Unique  (cost=3555.69..3560.22 rows=907 width=121)
	  ->  Sort  (cost=3555.69..3557.95 rows=907 width=121)
	        Sort Key: c
	        ->  Bitmap Heap Scan on sbtest5  (cost=21.73..3511.13 rows=907 width=121)
	              Recheck Cond: ((id >= 102810) AND (id <= 103809))
	              ->  Bitmap Index Scan on sbtest5_pkey  (cost=0.00..21.50 rows=907 width=0)
	                    Index Cond: ((id >= 102810) AND (id <= 103809))

table 6 : explain SELECT DISTINCT c FROM sbtest6 WHERE id BETWEEN 5907913 AND 5908912 ORDER BY c
	Unique  (cost=4118.34..4123.61 rows=1054 width=121)
	  ->  Sort  (cost=4118.34..4120.98 rows=1054 width=121)
	        Sort Key: c
	        ->  Bitmap Heap Scan on sbtest6  (cost=23.24..4065.42 rows=1054 width=121)
	              Recheck Cond: ((id >= 5907913) AND (id <= 5908912))
	              ->  Bitmap Index Scan on sbtest6_pkey  (cost=0.00..22.97 rows=1054 width=0)
	                    Index Cond: ((id >= 5907913) AND (id <= 5908912))

table 7 : explain SELECT DISTINCT c FROM sbtest7 WHERE id BETWEEN 2243005 AND 2244004 ORDER BY c
	Unique  (cost=3687.03..3691.73 rows=941 width=121)
	  ->  Sort  (cost=3687.03..3689.38 rows=941 width=121)
	        Sort Key: c
	        ->  Bitmap Heap Scan on sbtest7  (cost=22.08..3640.55 rows=941 width=121)
	              Recheck Cond: ((id >= 2243005) AND (id <= 2244004))
	              ->  Bitmap Index Scan on sbtest7_pkey  (cost=0.00..21.84 rows=941 width=0)
	                    Index Cond: ((id >= 2243005) AND (id <= 2244004))

table 8 : explain SELECT DISTINCT c FROM sbtest8 WHERE id BETWEEN 2056736 AND 2057735 ORDER BY c
	Unique  (cost=3916.78..3921.78 rows=1001 width=121)
	  ->  Sort  (cost=3916.78..3919.28 rows=1001 width=121)
	        Sort Key: c
	        ->  Bitmap Heap Scan on sbtest8  (cost=22.70..3866.89 rows=1001 width=121)
	              Recheck Cond: ((id >= 2056736) AND (id <= 2057735))
	              ->  Bitmap Index Scan on sbtest8_pkey  (cost=0.00..22.44 rows=1001 width=0)
	                    Index Cond: ((id >= 2056736) AND (id <= 2057735))

for point_selects
table 1 : explain SELECT c FROM sbtest1 WHERE id=5206921
	Index Scan using sbtest1_pkey on sbtest1  (cost=0.43..8.45 rows=1 width=121)
	  Index Cond: (id = 5206921)

table 2 : explain SELECT c FROM sbtest2 WHERE id=9511709
	Index Scan using sbtest2_pkey on sbtest2  (cost=0.43..8.45 rows=1 width=121)
	  Index Cond: (id = 9511709)

table 3 : explain SELECT c FROM sbtest3 WHERE id=9969397
	Index Scan using sbtest3_pkey on sbtest3  (cost=0.43..8.45 rows=1 width=121)
	  Index Cond: (id = 9969397)

table 4 : explain SELECT c FROM sbtest4 WHERE id=6815464
	Index Scan using sbtest4_pkey on sbtest4  (cost=0.43..8.45 rows=1 width=121)
	  Index Cond: (id = 6815464)

table 5 : explain SELECT c FROM sbtest5 WHERE id=8206874
	Index Scan using sbtest5_pkey on sbtest5  (cost=0.43..8.45 rows=1 width=121)
	  Index Cond: (id = 8206874)

table 6 : explain SELECT c FROM sbtest6 WHERE id=1072240
	Index Scan using sbtest6_pkey on sbtest6  (cost=0.43..8.45 rows=1 width=121)
	  Index Cond: (id = 1072240)

table 7 : explain SELECT c FROM sbtest7 WHERE id=8749184
	Index Scan using sbtest7_pkey on sbtest7  (cost=0.43..8.45 rows=1 width=121)
	  Index Cond: (id = 8749184)

table 8 : explain SELECT c FROM sbtest8 WHERE id=3508722
	Index Scan using sbtest8_pkey on sbtest8  (cost=0.43..8.45 rows=1 width=121)
	  Index Cond: (id = 3508722)

for point_selects
table 1 : explain SELECT c FROM sbtest1 WHERE id=8796554
	Index Scan using sbtest1_pkey on sbtest1  (cost=0.43..8.45 rows=1 width=121)
	  Index Cond: (id = 8796554)

table 2 : explain SELECT c FROM sbtest2 WHERE id=1868628
	Index Scan using sbtest2_pkey on sbtest2  (cost=0.43..8.45 rows=1 width=121)
	  Index Cond: (id = 1868628)

table 3 : explain SELECT c FROM sbtest3 WHERE id=4727820
	Index Scan using sbtest3_pkey on sbtest3  (cost=0.43..8.45 rows=1 width=121)
	  Index Cond: (id = 4727820)

table 4 : explain SELECT c FROM sbtest4 WHERE id=1075896
	Index Scan using sbtest4_pkey on sbtest4  (cost=0.43..8.45 rows=1 width=121)
	  Index Cond: (id = 1075896)

table 5 : explain SELECT c FROM sbtest5 WHERE id=8079038
	Index Scan using sbtest5_pkey on sbtest5  (cost=0.43..8.45 rows=1 width=121)
	  Index Cond: (id = 8079038)

table 6 : explain SELECT c FROM sbtest6 WHERE id=9914004
	Index Scan using sbtest6_pkey on sbtest6  (cost=0.43..8.45 rows=1 width=121)
	  Index Cond: (id = 9914004)

table 7 : explain SELECT c FROM sbtest7 WHERE id=2169646
	Index Scan using sbtest7_pkey on sbtest7  (cost=0.43..8.45 rows=1 width=121)
	  Index Cond: (id = 2169646)

table 8 : explain SELECT c FROM sbtest8 WHERE id=3564855
	Index Scan using sbtest8_pkey on sbtest8  (cost=0.43..8.45 rows=1 width=121)
	  Index Cond: (id = 3564855)

for point_selects
table 1 : explain SELECT c FROM sbtest1 WHERE id=2161530
	Index Scan using sbtest1_pkey on sbtest1  (cost=0.43..8.45 rows=1 width=121)
	  Index Cond: (id = 2161530)

table 2 : explain SELECT c FROM sbtest2 WHERE id=2199504
	Index Scan using sbtest2_pkey on sbtest2  (cost=0.43..8.45 rows=1 width=121)
	  Index Cond: (id = 2199504)

table 3 : explain SELECT c FROM sbtest3 WHERE id=1020227
	Index Scan using sbtest3_pkey on sbtest3  (cost=0.43..8.45 rows=1 width=121)
	  Index Cond: (id = 1020227)

table 4 : explain SELECT c FROM sbtest4 WHERE id=9756564
	Index Scan using sbtest4_pkey on sbtest4  (cost=0.43..8.45 rows=1 width=121)
	  Index Cond: (id = 9756564)

table 5 : explain SELECT c FROM sbtest5 WHERE id=8541908
	Index Scan using sbtest5_pkey on sbtest5  (cost=0.43..8.45 rows=1 width=121)
	  Index Cond: (id = 8541908)

table 6 : explain SELECT c FROM sbtest6 WHERE id=2679675
	Index Scan using sbtest6_pkey on sbtest6  (cost=0.43..8.45 rows=1 width=121)
	  Index Cond: (id = 2679675)

table 7 : explain SELECT c FROM sbtest7 WHERE id=9734500
	Index Scan using sbtest7_pkey on sbtest7  (cost=0.43..8.45 rows=1 width=121)
	  Index Cond: (id = 9734500)

table 8 : explain SELECT c FROM sbtest8 WHERE id=4644812
	Index Scan using sbtest8_pkey on sbtest8  (cost=0.43..8.45 rows=1 width=121)
	  Index Cond: (id = 4644812)

for point_selects
table 1 : explain SELECT c FROM sbtest1 WHERE id=3602409
	Index Scan using sbtest1_pkey on sbtest1  (cost=0.43..8.45 rows=1 width=121)
	  Index Cond: (id = 3602409)

table 2 : explain SELECT c FROM sbtest2 WHERE id=9637405
	Index Scan using sbtest2_pkey on sbtest2  (cost=0.43..8.45 rows=1 width=121)
	  Index Cond: (id = 9637405)

table 3 : explain SELECT c FROM sbtest3 WHERE id=2140587
	Index Scan using sbtest3_pkey on sbtest3  (cost=0.43..8.45 rows=1 width=121)
	  Index Cond: (id = 2140587)

table 4 : explain SELECT c FROM sbtest4 WHERE id=893730
	Index Scan using sbtest4_pkey on sbtest4  (cost=0.43..8.45 rows=1 width=121)
	  Index Cond: (id = 893730)

table 5 : explain SELECT c FROM sbtest5 WHERE id=9162044
	Index Scan using sbtest5_pkey on sbtest5  (cost=0.43..8.45 rows=1 width=121)
	  Index Cond: (id = 9162044)

table 6 : explain SELECT c FROM sbtest6 WHERE id=6472054
	Index Scan using sbtest6_pkey on sbtest6  (cost=0.43..8.45 rows=1 width=121)
	  Index Cond: (id = 6472054)

table 7 : explain SELECT c FROM sbtest7 WHERE id=5869515
	Index Scan using sbtest7_pkey on sbtest7  (cost=0.43..8.45 rows=1 width=121)
	  Index Cond: (id = 5869515)

table 8 : explain SELECT c FROM sbtest8 WHERE id=5395226
	Index Scan using sbtest8_pkey on sbtest8  (cost=0.43..8.45 rows=1 width=121)
	  Index Cond: (id = 5395226)

explain: for point_selects :: explain SELECT c FROM sbtest%u WHERE id=%u
for: order_ranges
table 1 : explain SELECT c FROM sbtest1 WHERE id BETWEEN 322948 AND 323947 ORDER BY c
	Sort  (cost=4142.35..4145.00 rows=1061 width=121)
	  Sort Key: c
	  ->  Bitmap Heap Scan on sbtest1  (cost=23.31..4089.02 rows=1061 width=121)
	        Recheck Cond: ((id >= 322948) AND (id <= 323947))
	        ->  Bitmap Index Scan on sbtest1_pkey  (cost=0.00..23.04 rows=1061 width=0)
	              Index Cond: ((id >= 322948) AND (id <= 323947))

table 2 : explain SELECT c FROM sbtest2 WHERE id BETWEEN 7693305 AND 7694304 ORDER BY c
	Sort  (cost=3822.73..3825.17 rows=977 width=121)
	  Sort Key: c
	  ->  Bitmap Heap Scan on sbtest2  (cost=22.45..3774.21 rows=977 width=121)
	        Recheck Cond: ((id >= 7693305) AND (id <= 7694304))
	        ->  Bitmap Index Scan on sbtest2_pkey  (cost=0.00..22.20 rows=977 width=0)
	              Index Cond: ((id >= 7693305) AND (id <= 7694304))

table 3 : explain SELECT c FROM sbtest3 WHERE id BETWEEN 5218415 AND 5219414 ORDER BY c
	Sort  (cost=4170.43..4173.10 rows=1068 width=121)
	  Sort Key: c
	  ->  Bitmap Heap Scan on sbtest3  (cost=23.38..4116.71 rows=1068 width=121)
	        Recheck Cond: ((id >= 5218415) AND (id <= 5219414))
	        ->  Bitmap Index Scan on sbtest3_pkey  (cost=0.00..23.11 rows=1068 width=0)
	              Index Cond: ((id >= 5218415) AND (id <= 5219414))

table 4 : explain SELECT c FROM sbtest4 WHERE id BETWEEN 7752976 AND 7753975 ORDER BY c
	Sort  (cost=3843.02..3845.48 rows=982 width=121)
	  Sort Key: c
	  ->  Bitmap Heap Scan on sbtest4  (cost=22.50..3794.22 rows=982 width=121)
	        Recheck Cond: ((id >= 7752976) AND (id <= 7753975))
	        ->  Bitmap Index Scan on sbtest4_pkey  (cost=0.00..22.25 rows=982 width=0)
	              Index Cond: ((id >= 7752976) AND (id <= 7753975))

table 5 : explain SELECT c FROM sbtest5 WHERE id BETWEEN 7294553 AND 7295552 ORDER BY c
	Sort  (cost=4213.68..4216.38 rows=1079 width=121)
	  Sort Key: c
	  ->  Bitmap Heap Scan on sbtest5  (cost=23.49..4159.32 rows=1079 width=121)
	        Recheck Cond: ((id >= 7294553) AND (id <= 7295552))
	        ->  Bitmap Index Scan on sbtest5_pkey  (cost=0.00..23.22 rows=1079 width=0)
	              Index Cond: ((id >= 7294553) AND (id <= 7295552))

table 6 : explain SELECT c FROM sbtest6 WHERE id BETWEEN 6502675 AND 6503674 ORDER BY c
	Sort  (cost=3973.16..3975.70 rows=1016 width=121)
	  Sort Key: c
	  ->  Bitmap Heap Scan on sbtest6  (cost=22.85..3922.42 rows=1016 width=121)
	        Recheck Cond: ((id >= 6502675) AND (id <= 6503674))
	        ->  Bitmap Index Scan on sbtest6_pkey  (cost=0.00..22.59 rows=1016 width=0)
	              Index Cond: ((id >= 6502675) AND (id <= 6503674))

table 7 : explain SELECT c FROM sbtest7 WHERE id BETWEEN 7045728 AND 7046727 ORDER BY c
	Sort  (cost=4046.83..4049.42 rows=1035 width=121)
	  Sort Key: c
	  ->  Bitmap Heap Scan on sbtest7  (cost=23.04..3995.01 rows=1035 width=121)
	        Recheck Cond: ((id >= 7045728) AND (id <= 7046727))
	        ->  Bitmap Index Scan on sbtest7_pkey  (cost=0.00..22.79 rows=1035 width=0)
	              Index Cond: ((id >= 7045728) AND (id <= 7046727))

table 8 : explain SELECT c FROM sbtest8 WHERE id BETWEEN 181703 AND 182702 ORDER BY c
	Sort  (cost=3376.07..3378.22 rows=860 width=121)
	  Sort Key: c
	  ->  Bitmap Heap Scan on sbtest8  (cost=21.25..3334.16 rows=860 width=121)
	        Recheck Cond: ((id >= 181703) AND (id <= 182702))
	        ->  Bitmap Index Scan on sbtest8_pkey  (cost=0.00..21.04 rows=860 width=0)
	              Index Cond: ((id >= 181703) AND (id <= 182702))

for: simple_ranges
table 1 : explain SELECT c FROM sbtest1 WHERE id BETWEEN 277668 AND 278667
	Bitmap Heap Scan on sbtest1  (cost=22.12..3652.45 rows=945 width=121)
	  Recheck Cond: ((id >= 277668) AND (id <= 278667))
	  ->  Bitmap Index Scan on sbtest1_pkey  (cost=0.00..21.89 rows=945 width=0)
	        Index Cond: ((id >= 277668) AND (id <= 278667))

table 2 : explain SELECT c FROM sbtest2 WHERE id BETWEEN 8762761 AND 8763760
	Bitmap Heap Scan on sbtest2  (cost=22.08..3638.45 rows=941 width=121)
	  Recheck Cond: ((id >= 8762761) AND (id <= 8763760))
	  ->  Bitmap Index Scan on sbtest2_pkey  (cost=0.00..21.84 rows=941 width=0)
	        Index Cond: ((id >= 8762761) AND (id <= 8763760))

table 3 : explain SELECT c FROM sbtest3 WHERE id BETWEEN 1382920 AND 1383919
	Bitmap Heap Scan on sbtest3  (cost=23.21..4052.82 rows=1051 width=121)
	  Recheck Cond: ((id >= 1382920) AND (id <= 1383919))
	  ->  Bitmap Index Scan on sbtest3_pkey  (cost=0.00..22.94 rows=1051 width=0)
	        Index Cond: ((id >= 1382920) AND (id <= 1383919))

table 4 : explain SELECT c FROM sbtest4 WHERE id BETWEEN 4349291 AND 4350290
	Bitmap Heap Scan on sbtest4  (cost=23.19..4046.51 rows=1049 width=121)
	  Recheck Cond: ((id >= 4349291) AND (id <= 4350290))
	  ->  Bitmap Index Scan on sbtest4_pkey  (cost=0.00..22.93 rows=1049 width=0)
	        Index Cond: ((id >= 4349291) AND (id <= 4350290))

table 5 : explain SELECT c FROM sbtest5 WHERE id BETWEEN 6438649 AND 6439648
	Bitmap Heap Scan on sbtest5  (cost=28.29..4452.32 rows=1157 width=121)
	  Recheck Cond: ((id >= 6438649) AND (id <= 6439648))
	  ->  Bitmap Index Scan on sbtest5_pkey  (cost=0.00..28.00 rows=1157 width=0)
	        Index Cond: ((id >= 6438649) AND (id <= 6439648))

table 6 : explain SELECT c FROM sbtest6 WHERE id BETWEEN 8188965 AND 8189964
	Bitmap Heap Scan on sbtest6  (cost=27.65..4219.76 rows=1094 width=121)
	  Recheck Cond: ((id >= 8188965) AND (id <= 8189964))
	  ->  Bitmap Index Scan on sbtest6_pkey  (cost=0.00..27.37 rows=1094 width=0)
	        Index Cond: ((id >= 8188965) AND (id <= 8189964))

table 7 : explain SELECT c FROM sbtest7 WHERE id BETWEEN 5994550 AND 5995549
	Bitmap Heap Scan on sbtest7  (cost=22.59..3829.23 rows=991 width=121)
	  Recheck Cond: ((id >= 5994550) AND (id <= 5995549))
	  ->  Bitmap Index Scan on sbtest7_pkey  (cost=0.00..22.34 rows=991 width=0)
	        Index Cond: ((id >= 5994550) AND (id <= 5995549))

table 8 : explain SELECT c FROM sbtest8 WHERE id BETWEEN 5599088 AND 5600087
	Bitmap Heap Scan on sbtest8  (cost=21.95..3591.41 rows=928 width=121)
	  Recheck Cond: ((id >= 5599088) AND (id <= 5600087))
	  ->  Bitmap Index Scan on sbtest8_pkey  (cost=0.00..21.71 rows=928 width=0)
	        Index Cond: ((id >= 5599088) AND (id <= 5600087))

for point_selects
table 1 : explain SELECT c FROM sbtest1 WHERE id=3293334
	Index Scan using sbtest1_pkey on sbtest1  (cost=0.43..8.45 rows=1 width=121)
	  Index Cond: (id = 3293334)

table 2 : explain SELECT c FROM sbtest2 WHERE id=8258713
	Index Scan using sbtest2_pkey on sbtest2  (cost=0.43..8.45 rows=1 width=121)
	  Index Cond: (id = 8258713)

table 3 : explain SELECT c FROM sbtest3 WHERE id=718057
	Index Scan using sbtest3_pkey on sbtest3  (cost=0.43..8.45 rows=1 width=121)
	  Index Cond: (id = 718057)

table 4 : explain SELECT c FROM sbtest4 WHERE id=7253011
	Index Scan using sbtest4_pkey on sbtest4  (cost=0.43..8.45 rows=1 width=121)
	  Index Cond: (id = 7253011)

table 5 : explain SELECT c FROM sbtest5 WHERE id=5571632
	Index Scan using sbtest5_pkey on sbtest5  (cost=0.43..8.45 rows=1 width=121)
	  Index Cond: (id = 5571632)

table 6 : explain SELECT c FROM sbtest6 WHERE id=2058381
	Index Scan using sbtest6_pkey on sbtest6  (cost=0.43..8.45 rows=1 width=121)
	  Index Cond: (id = 2058381)

table 7 : explain SELECT c FROM sbtest7 WHERE id=7376766
	Index Scan using sbtest7_pkey on sbtest7  (cost=0.43..8.45 rows=1 width=121)
	  Index Cond: (id = 7376766)

table 8 : explain SELECT c FROM sbtest8 WHERE id=3459037
	Index Scan using sbtest8_pkey on sbtest8  (cost=0.43..8.45 rows=1 width=121)
	  Index Cond: (id = 3459037)

for: simple_ranges
table 1 : explain SELECT c FROM sbtest1 WHERE id BETWEEN 6539354 AND 6540353
	Bitmap Heap Scan on sbtest1  (cost=23.14..4025.15 rows=1044 width=121)
	  Recheck Cond: ((id >= 6539354) AND (id <= 6540353))
	  ->  Bitmap Index Scan on sbtest1_pkey  (cost=0.00..22.87 rows=1044 width=0)
	        Index Cond: ((id >= 6539354) AND (id <= 6540353))

table 2 : explain SELECT c FROM sbtest2 WHERE id BETWEEN 3957231 AND 3958230
	Bitmap Heap Scan on sbtest2  (cost=22.94..3954.96 rows=1025 width=121)
	  Recheck Cond: ((id >= 3957231) AND (id <= 3958230))
	  ->  Bitmap Index Scan on sbtest2_pkey  (cost=0.00..22.68 rows=1025 width=0)
	        Index Cond: ((id >= 3957231) AND (id <= 3958230))

table 3 : explain SELECT c FROM sbtest3 WHERE id BETWEEN 382579 AND 383578
	Bitmap Heap Scan on sbtest3  (cost=22.37..3744.12 rows=969 width=121)
	  Recheck Cond: ((id >= 382579) AND (id <= 383578))
	  ->  Bitmap Index Scan on sbtest3_pkey  (cost=0.00..22.12 rows=969 width=0)
	        Index Cond: ((id >= 382579) AND (id <= 383578))

table 4 : explain SELECT c FROM sbtest4 WHERE id BETWEEN 4649570 AND 4650569
	Bitmap Heap Scan on sbtest4  (cost=22.57..3820.61 rows=989 width=121)
	  Recheck Cond: ((id >= 4649570) AND (id <= 4650569))
	  ->  Bitmap Index Scan on sbtest4_pkey  (cost=0.00..22.32 rows=989 width=0)
	        Index Cond: ((id >= 4649570) AND (id <= 4650569))

table 5 : explain SELECT c FROM sbtest5 WHERE id BETWEEN 9602855 AND 9603854
	Bitmap Heap Scan on sbtest5  (cost=22.49..3790.47 rows=981 width=121)
	  Recheck Cond: ((id >= 9602855) AND (id <= 9603854))
	  ->  Bitmap Index Scan on sbtest5_pkey  (cost=0.00..22.25 rows=981 width=0)
	        Index Cond: ((id >= 9602855) AND (id <= 9603854))

table 6 : explain SELECT c FROM sbtest6 WHERE id BETWEEN 8530658 AND 8531657
	Bitmap Heap Scan on sbtest6  (cost=22.59..3828.24 rows=991 width=121)
	  Recheck Cond: ((id >= 8530658) AND (id <= 8531657))
	  ->  Bitmap Index Scan on sbtest6_pkey  (cost=0.00..22.34 rows=991 width=0)
	        Index Cond: ((id >= 8530658) AND (id <= 8531657))

table 7 : explain SELECT c FROM sbtest7 WHERE id BETWEEN 8567042 AND 8568041
	Bitmap Heap Scan on sbtest7  (cost=22.46..3780.21 rows=978 width=121)
	  Recheck Cond: ((id >= 8567042) AND (id <= 8568041))
	  ->  Bitmap Index Scan on sbtest7_pkey  (cost=0.00..22.21 rows=978 width=0)
	        Index Cond: ((id >= 8567042) AND (id <= 8568041))

table 8 : explain SELECT c FROM sbtest8 WHERE id BETWEEN 3838119 AND 3839118
	Bitmap Heap Scan on sbtest8  (cost=22.07..3636.74 rows=940 width=121)
	  Recheck Cond: ((id >= 3838119) AND (id <= 3839118))
	  ->  Bitmap Index Scan on sbtest8_pkey  (cost=0.00..21.83 rows=940 width=0)
	        Index Cond: ((id >= 3838119) AND (id <= 3839118))

for: simple_ranges
table 1 : explain SELECT c FROM sbtest1 WHERE id BETWEEN 2614937 AND 2615936
	Bitmap Heap Scan on sbtest1  (cost=23.35..4104.05 rows=1065 width=121)
	  Recheck Cond: ((id >= 2614937) AND (id <= 2615936))
	  ->  Bitmap Index Scan on sbtest1_pkey  (cost=0.00..23.08 rows=1065 width=0)
	        Index Cond: ((id >= 2614937) AND (id <= 2615936))

table 2 : explain SELECT c FROM sbtest2 WHERE id BETWEEN 3007145 AND 3008144
	Bitmap Heap Scan on sbtest2  (cost=28.18..4409.58 rows=1146 width=121)
	  Recheck Cond: ((id >= 3007145) AND (id <= 3008144))
	  ->  Bitmap Index Scan on sbtest2_pkey  (cost=0.00..27.89 rows=1146 width=0)
	        Index Cond: ((id >= 3007145) AND (id <= 3008144))

table 3 : explain SELECT c FROM sbtest3 WHERE id BETWEEN 6172343 AND 6173342
	Bitmap Heap Scan on sbtest3  (cost=27.99..4338.44 rows=1127 width=121)
	  Recheck Cond: ((id >= 6172343) AND (id <= 6173342))
	  ->  Bitmap Index Scan on sbtest3_pkey  (cost=0.00..27.70 rows=1127 width=0)
	        Index Cond: ((id >= 6172343) AND (id <= 6173342))

table 4 : explain SELECT c FROM sbtest4 WHERE id BETWEEN 6009792 AND 6010791
	Bitmap Heap Scan on sbtest4  (cost=22.48..3786.68 rows=980 width=121)
	  Recheck Cond: ((id >= 6009792) AND (id <= 6010791))
	  ->  Bitmap Index Scan on sbtest4_pkey  (cost=0.00..22.23 rows=980 width=0)
	        Index Cond: ((id >= 6009792) AND (id <= 6010791))

table 5 : explain SELECT c FROM sbtest5 WHERE id BETWEEN 3762598 AND 3763597
	Bitmap Heap Scan on sbtest5  (cost=23.08..4008.92 rows=1039 width=121)
	  Recheck Cond: ((id >= 3762598) AND (id <= 3763597))
	  ->  Bitmap Index Scan on sbtest5_pkey  (cost=0.00..22.82 rows=1039 width=0)
	        Index Cond: ((id >= 3762598) AND (id <= 3763597))

table 6 : explain SELECT c FROM sbtest6 WHERE id BETWEEN 4665011 AND 4666010
	Bitmap Heap Scan on sbtest6  (cost=22.52..3801.85 rows=984 width=121)
	  Recheck Cond: ((id >= 4665011) AND (id <= 4666010))
	  ->  Bitmap Index Scan on sbtest6_pkey  (cost=0.00..22.27 rows=984 width=0)
	        Index Cond: ((id >= 4665011) AND (id <= 4666010))

table 7 : explain SELECT c FROM sbtest7 WHERE id BETWEEN 4601077 AND 4602076
	Bitmap Heap Scan on sbtest7  (cost=27.52..4172.05 rows=1081 width=121)
	  Recheck Cond: ((id >= 4601077) AND (id <= 4602076))
	  ->  Bitmap Index Scan on sbtest7_pkey  (cost=0.00..27.25 rows=1081 width=0)
	        Index Cond: ((id >= 4601077) AND (id <= 4602076))

table 8 : explain SELECT c FROM sbtest8 WHERE id BETWEEN 2494685 AND 2495684
	Bitmap Heap Scan on sbtest8  (cost=22.98..3972.38 rows=1029 width=121)
	  Recheck Cond: ((id >= 2494685) AND (id <= 2495684))
	  ->  Bitmap Index Scan on sbtest8_pkey  (cost=0.00..22.72 rows=1029 width=0)
	        Index Cond: ((id >= 2494685) AND (id <= 2495684))

for: simple_ranges
table 1 : explain SELECT c FROM sbtest1 WHERE id BETWEEN 8617898 AND 8618897
	Bitmap Heap Scan on sbtest1  (cost=22.32..3724.08 rows=964 width=121)
	  Recheck Cond: ((id >= 8617898) AND (id <= 8618897))
	  ->  Bitmap Index Scan on sbtest1_pkey  (cost=0.00..22.07 rows=964 width=0)
	        Index Cond: ((id >= 8617898) AND (id <= 8618897))

table 2 : explain SELECT c FROM sbtest2 WHERE id BETWEEN 2636212 AND 2637211
	Bitmap Heap Scan on sbtest2  (cost=22.18..3676.18 rows=951 width=121)
	  Recheck Cond: ((id >= 2636212) AND (id <= 2637211))
	  ->  Bitmap Index Scan on sbtest2_pkey  (cost=0.00..21.94 rows=951 width=0)
	        Index Cond: ((id >= 2636212) AND (id <= 2637211))

table 3 : explain SELECT c FROM sbtest3 WHERE id BETWEEN 5220014 AND 5221013
	Bitmap Heap Scan on sbtest3  (cost=23.38..4116.71 rows=1068 width=121)
	  Recheck Cond: ((id >= 5220014) AND (id <= 5221013))
	  ->  Bitmap Index Scan on sbtest3_pkey  (cost=0.00..23.11 rows=1068 width=0)
	        Index Cond: ((id >= 5220014) AND (id <= 5221013))

table 4 : explain SELECT c FROM sbtest4 WHERE id BETWEEN 9422838 AND 9423837
	Bitmap Heap Scan on sbtest4  (cost=22.79..3899.73 rows=1010 width=121)
	  Recheck Cond: ((id >= 9422838) AND (id <= 9423837))
	  ->  Bitmap Index Scan on sbtest4_pkey  (cost=0.00..22.54 rows=1010 width=0)
	        Index Cond: ((id >= 9422838) AND (id <= 9423837))

table 5 : explain SELECT c FROM sbtest5 WHERE id BETWEEN 8590325 AND 8591324
	Bitmap Heap Scan on sbtest5  (cost=22.29..3715.05 rows=961 width=121)
	  Recheck Cond: ((id >= 8590325) AND (id <= 8591324))
	  ->  Bitmap Index Scan on sbtest5_pkey  (cost=0.00..22.04 rows=961 width=0)
	        Index Cond: ((id >= 8590325) AND (id <= 8591324))

table 6 : explain SELECT c FROM sbtest6 WHERE id BETWEEN 5056077 AND 5057076
	Bitmap Heap Scan on sbtest6  (cost=22.38..3749.06 rows=970 width=121)
	  Recheck Cond: ((id >= 5056077) AND (id <= 5057076))
	  ->  Bitmap Index Scan on sbtest6_pkey  (cost=0.00..22.14 rows=970 width=0)
	        Index Cond: ((id >= 5056077) AND (id <= 5057076))

table 7 : explain SELECT c FROM sbtest7 WHERE id BETWEEN 5671816 AND 5672815
	Bitmap Heap Scan on sbtest7  (cost=21.00..3243.24 rows=836 width=121)
	  Recheck Cond: ((id >= 5671816) AND (id <= 5672815))
	  ->  Bitmap Index Scan on sbtest7_pkey  (cost=0.00..20.79 rows=836 width=0)
	        Index Cond: ((id >= 5671816) AND (id <= 5672815))

table 8 : explain SELECT c FROM sbtest8 WHERE id BETWEEN 9855604 AND 9856603
	Bitmap Heap Scan on sbtest8  (cost=21.81..3542.28 rows=915 width=121)
	  Recheck Cond: ((id >= 9855604) AND (id <= 9856603))
	  ->  Bitmap Index Scan on sbtest8_pkey  (cost=0.00..21.58 rows=915 width=0)
	        Index Cond: ((id >= 9855604) AND (id <= 9856603))

for point_selects
table 1 : explain SELECT c FROM sbtest1 WHERE id=9442556
	Index Scan using sbtest1_pkey on sbtest1  (cost=0.43..8.45 rows=1 width=121)
	  Index Cond: (id = 9442556)

table 2 : explain SELECT c FROM sbtest2 WHERE id=3348101
	Index Scan using sbtest2_pkey on sbtest2  (cost=0.43..8.45 rows=1 width=121)
	  Index Cond: (id = 3348101)

table 3 : explain SELECT c FROM sbtest3 WHERE id=8951739
	Index Scan using sbtest3_pkey on sbtest3  (cost=0.43..8.45 rows=1 width=121)
	  Index Cond: (id = 8951739)

table 4 : explain SELECT c FROM sbtest4 WHERE id=2340157
	Index Scan using sbtest4_pkey on sbtest4  (cost=0.43..8.45 rows=1 width=121)
	  Index Cond: (id = 2340157)

table 5 : explain SELECT c FROM sbtest5 WHERE id=3062740
	Index Scan using sbtest5_pkey on sbtest5  (cost=0.43..8.45 rows=1 width=121)
	  Index Cond: (id = 3062740)

table 6 : explain SELECT c FROM sbtest6 WHERE id=4643375
	Index Scan using sbtest6_pkey on sbtest6  (cost=0.43..8.45 rows=1 width=121)
	  Index Cond: (id = 4643375)

table 7 : explain SELECT c FROM sbtest7 WHERE id=7491185
	Index Scan using sbtest7_pkey on sbtest7  (cost=0.43..8.45 rows=1 width=121)
	  Index Cond: (id = 7491185)

table 8 : explain SELECT c FROM sbtest8 WHERE id=7774505
	Index Scan using sbtest8_pkey on sbtest8  (cost=0.43..8.45 rows=1 width=121)
	  Index Cond: (id = 7774505)

for point_selects
table 1 : explain SELECT c FROM sbtest1 WHERE id=9374860
	Index Scan using sbtest1_pkey on sbtest1  (cost=0.43..8.45 rows=1 width=121)
	  Index Cond: (id = 9374860)

table 2 : explain SELECT c FROM sbtest2 WHERE id=1503384
	Index Scan using sbtest2_pkey on sbtest2  (cost=0.43..8.45 rows=1 width=121)
	  Index Cond: (id = 1503384)

table 3 : explain SELECT c FROM sbtest3 WHERE id=9309180
	Index Scan using sbtest3_pkey on sbtest3  (cost=0.43..8.45 rows=1 width=121)
	  Index Cond: (id = 9309180)

table 4 : explain SELECT c FROM sbtest4 WHERE id=5032025
	Index Scan using sbtest4_pkey on sbtest4  (cost=0.43..8.45 rows=1 width=121)
	  Index Cond: (id = 5032025)

table 5 : explain SELECT c FROM sbtest5 WHERE id=1039196
	Index Scan using sbtest5_pkey on sbtest5  (cost=0.43..8.45 rows=1 width=121)
	  Index Cond: (id = 1039196)

table 6 : explain SELECT c FROM sbtest6 WHERE id=2835864
	Index Scan using sbtest6_pkey on sbtest6  (cost=0.43..8.45 rows=1 width=121)
	  Index Cond: (id = 2835864)

table 7 : explain SELECT c FROM sbtest7 WHERE id=7711868
	Index Scan using sbtest7_pkey on sbtest7  (cost=0.43..8.45 rows=1 width=121)
	  Index Cond: (id = 7711868)

table 8 : explain SELECT c FROM sbtest8 WHERE id=457725
	Index Scan using sbtest8_pkey on sbtest8  (cost=0.43..8.45 rows=1 width=121)
	  Index Cond: (id = 457725)

for point_selects
table 1 : explain SELECT c FROM sbtest1 WHERE id=3658925
	Index Scan using sbtest1_pkey on sbtest1  (cost=0.43..8.45 rows=1 width=121)
	  Index Cond: (id = 3658925)

table 2 : explain SELECT c FROM sbtest2 WHERE id=727968
	Index Scan using sbtest2_pkey on sbtest2  (cost=0.43..8.45 rows=1 width=121)
	  Index Cond: (id = 727968)

table 3 : explain SELECT c FROM sbtest3 WHERE id=8992711
	Index Scan using sbtest3_pkey on sbtest3  (cost=0.43..8.45 rows=1 width=121)
	  Index Cond: (id = 8992711)

table 4 : explain SELECT c FROM sbtest4 WHERE id=975055
	Index Scan using sbtest4_pkey on sbtest4  (cost=0.43..8.45 rows=1 width=121)
	  Index Cond: (id = 975055)

table 5 : explain SELECT c FROM sbtest5 WHERE id=6751738
	Index Scan using sbtest5_pkey on sbtest5  (cost=0.43..8.45 rows=1 width=121)
	  Index Cond: (id = 6751738)

table 6 : explain SELECT c FROM sbtest6 WHERE id=4307548
	Index Scan using sbtest6_pkey on sbtest6  (cost=0.43..8.45 rows=1 width=121)
	  Index Cond: (id = 4307548)

table 7 : explain SELECT c FROM sbtest7 WHERE id=897649
	Index Scan using sbtest7_pkey on sbtest7  (cost=0.43..8.45 rows=1 width=121)
	  Index Cond: (id = 897649)

table 8 : explain SELECT c FROM sbtest8 WHERE id=6504552
	Index Scan using sbtest8_pkey on sbtest8  (cost=0.43..8.45 rows=1 width=121)
	  Index Cond: (id = 6504552)

for: simple_ranges
table 1 : explain SELECT c FROM sbtest1 WHERE id BETWEEN 9031215 AND 9032214
	Bitmap Heap Scan on sbtest1  (cost=22.15..3663.76 rows=948 width=121)
	  Recheck Cond: ((id >= 9031215) AND (id <= 9032214))
	  ->  Bitmap Index Scan on sbtest1_pkey  (cost=0.00..21.91 rows=948 width=0)
	        Index Cond: ((id >= 9031215) AND (id <= 9032214))

table 2 : explain SELECT c FROM sbtest2 WHERE id BETWEEN 4851143 AND 4852142
	Bitmap Heap Scan on sbtest2  (cost=22.64..3845.79 rows=996 width=121)
	  Recheck Cond: ((id >= 4851143) AND (id <= 4852142))
	  ->  Bitmap Index Scan on sbtest2_pkey  (cost=0.00..22.39 rows=996 width=0)
	        Index Cond: ((id >= 4851143) AND (id <= 4852142))

table 3 : explain SELECT c FROM sbtest3 WHERE id BETWEEN 1797911 AND 1798910
	Bitmap Heap Scan on sbtest3  (cost=23.02..3985.13 rows=1033 width=121)
	  Recheck Cond: ((id >= 1797911) AND (id <= 1798910))
	  ->  Bitmap Index Scan on sbtest3_pkey  (cost=0.00..22.76 rows=1033 width=0)
	        Index Cond: ((id >= 1797911) AND (id <= 1798910))

table 4 : explain SELECT c FROM sbtest4 WHERE id BETWEEN 3579520 AND 3580519
	Bitmap Heap Scan on sbtest4  (cost=21.95..3590.46 rows=928 width=121)
	  Recheck Cond: ((id >= 3579520) AND (id <= 3580519))
	  ->  Bitmap Index Scan on sbtest4_pkey  (cost=0.00..21.71 rows=928 width=0)
	        Index Cond: ((id >= 3579520) AND (id <= 3580519))

table 5 : explain SELECT c FROM sbtest5 WHERE id BETWEEN 7810344 AND 7811343
	Bitmap Heap Scan on sbtest5  (cost=22.80..3903.52 rows=1011 width=121)
	  Recheck Cond: ((id >= 7810344) AND (id <= 7811343))
	  ->  Bitmap Index Scan on sbtest5_pkey  (cost=0.00..22.54 rows=1011 width=0)
	        Index Cond: ((id >= 7810344) AND (id <= 7811343))

table 6 : explain SELECT c FROM sbtest6 WHERE id BETWEEN 2025715 AND 2026714
	Bitmap Heap Scan on sbtest6  (cost=27.89..4306.13 rows=1118 width=121)
	  Recheck Cond: ((id >= 2025715) AND (id <= 2026714))
	  ->  Bitmap Index Scan on sbtest6_pkey  (cost=0.00..27.61 rows=1118 width=0)
	        Index Cond: ((id >= 2025715) AND (id <= 2026714))

table 7 : explain SELECT c FROM sbtest7 WHERE id BETWEEN 2488723 AND 2489722
	Bitmap Heap Scan on sbtest7  (cost=22.63..3844.31 rows=995 width=121)
	  Recheck Cond: ((id >= 2488723) AND (id <= 2489722))
	  ->  Bitmap Index Scan on sbtest7_pkey  (cost=0.00..22.39 rows=995 width=0)
	        Index Cond: ((id >= 2488723) AND (id <= 2489722))

table 8 : explain SELECT c FROM sbtest8 WHERE id BETWEEN 730241 AND 731240
	Bitmap Heap Scan on sbtest8  (cost=22.73..3878.20 rows=1004 width=121)
	  Recheck Cond: ((id >= 730241) AND (id <= 731240))
	  ->  Bitmap Index Scan on sbtest8_pkey  (cost=0.00..22.47 rows=1004 width=0)
	        Index Cond: ((id >= 730241) AND (id <= 731240))

for: order_ranges
table 1 : explain SELECT c FROM sbtest1 WHERE id BETWEEN 2932789 AND 2933788 ORDER BY c
	Sort  (cost=3924.78..3927.29 rows=1004 width=121)
	  Sort Key: c
	  ->  Bitmap Heap Scan on sbtest1  (cost=22.73..3874.72 rows=1004 width=121)
	        Recheck Cond: ((id >= 2932789) AND (id <= 2933788))
	        ->  Bitmap Index Scan on sbtest1_pkey  (cost=0.00..22.47 rows=1004 width=0)
	              Index Cond: ((id >= 2932789) AND (id <= 2933788))

table 2 : explain SELECT c FROM sbtest2 WHERE id BETWEEN 5202687 AND 5203686 ORDER BY c
	Sort  (cost=3929.80..3932.31 rows=1005 width=121)
	  Sort Key: c
	  ->  Bitmap Heap Scan on sbtest2  (cost=22.74..3879.68 rows=1005 width=121)
	        Recheck Cond: ((id >= 5202687) AND (id <= 5203686))
	        ->  Bitmap Index Scan on sbtest2_pkey  (cost=0.00..22.48 rows=1005 width=0)
	              Index Cond: ((id >= 5202687) AND (id <= 5203686))

table 3 : explain SELECT c FROM sbtest3 WHERE id BETWEEN 7957308 AND 7958307 ORDER BY c
	Sort  (cost=3796.01..3798.44 rows=970 width=121)
	  Sort Key: c
	  ->  Bitmap Heap Scan on sbtest3  (cost=22.38..3747.89 rows=970 width=121)
	        Recheck Cond: ((id >= 7957308) AND (id <= 7958307))
	        ->  Bitmap Index Scan on sbtest3_pkey  (cost=0.00..22.14 rows=970 width=0)
	              Index Cond: ((id >= 7957308) AND (id <= 7958307))

table 4 : explain SELECT c FROM sbtest4 WHERE id BETWEEN 5607270 AND 5608269 ORDER BY c
	Sort  (cost=4141.14..4143.79 rows=1060 width=121)
	  Sort Key: c
	  ->  Bitmap Heap Scan on sbtest4  (cost=23.30..4087.88 rows=1060 width=121)
	        Recheck Cond: ((id >= 5607270) AND (id <= 5608269))
	        ->  Bitmap Index Scan on sbtest4_pkey  (cost=0.00..23.04 rows=1060 width=0)
	              Index Cond: ((id >= 5607270) AND (id <= 5608269))

table 5 : explain SELECT c FROM sbtest5 WHERE id BETWEEN 6956780 AND 6957779 ORDER BY c
	Sort  (cost=3862.18..3864.65 rows=987 width=121)
	  Sort Key: c
	  ->  Bitmap Heap Scan on sbtest5  (cost=22.55..3813.09 rows=987 width=121)
	        Recheck Cond: ((id >= 6956780) AND (id <= 6957779))
	        ->  Bitmap Index Scan on sbtest5_pkey  (cost=0.00..22.30 rows=987 width=0)
	              Index Cond: ((id >= 6956780) AND (id <= 6957779))

table 6 : explain SELECT c FROM sbtest6 WHERE id BETWEEN 202277 AND 203276 ORDER BY c
	Sort  (cost=3984.63..3987.18 rows=1019 width=121)
	  Sort Key: c
	  ->  Bitmap Heap Scan on sbtest6  (cost=22.88..3933.72 rows=1019 width=121)
	        Recheck Cond: ((id >= 202277) AND (id <= 203276))
	        ->  Bitmap Index Scan on sbtest6_pkey  (cost=0.00..22.62 rows=1019 width=0)
	              Index Cond: ((id >= 202277) AND (id <= 203276))

table 7 : explain SELECT c FROM sbtest7 WHERE id BETWEEN 5929995 AND 5930994 ORDER BY c
	Sort  (cost=3989.49..3992.04 rows=1020 width=121)
	  Sort Key: c
	  ->  Bitmap Heap Scan on sbtest7  (cost=22.89..3938.52 rows=1020 width=121)
	        Recheck Cond: ((id >= 5929995) AND (id <= 5930994))
	        ->  Bitmap Index Scan on sbtest7_pkey  (cost=0.00..22.64 rows=1020 width=0)
	              Index Cond: ((id >= 5929995) AND (id <= 5930994))

table 8 : explain SELECT c FROM sbtest8 WHERE id BETWEEN 1878060 AND 1879059 ORDER BY c
	Sort  (cost=3778.96..3781.37 rows=965 width=121)
	  Sort Key: c
	  ->  Bitmap Heap Scan on sbtest8  (cost=22.33..3731.13 rows=965 width=121)
	        Recheck Cond: ((id >= 1878060) AND (id <= 1879059))
	        ->  Bitmap Index Scan on sbtest8_pkey  (cost=0.00..22.08 rows=965 width=0)
	              Index Cond: ((id >= 1878060) AND (id <= 1879059))

for: simple_ranges
table 1 : explain SELECT c FROM sbtest1 WHERE id BETWEEN 2173084 AND 2174083
	Bitmap Heap Scan on sbtest1  (cost=23.14..4025.15 rows=1044 width=121)
	  Recheck Cond: ((id >= 2173084) AND (id <= 2174083))
	  ->  Bitmap Index Scan on sbtest1_pkey  (cost=0.00..22.87 rows=1044 width=0)
	        Index Cond: ((id >= 2173084) AND (id <= 2174083))

table 2 : explain SELECT c FROM sbtest2 WHERE id BETWEEN 7207499 AND 7208498
	Bitmap Heap Scan on sbtest2  (cost=23.36..4109.12 rows=1066 width=121)
	  Recheck Cond: ((id >= 7207499) AND (id <= 7208498))
	  ->  Bitmap Index Scan on sbtest2_pkey  (cost=0.00..23.09 rows=1066 width=0)
	        Index Cond: ((id >= 7207499) AND (id <= 7208498))

table 3 : explain SELECT c FROM sbtest3 WHERE id BETWEEN 189174 AND 190173
	Bitmap Heap Scan on sbtest3  (cost=23.54..4173.05 rows=1083 width=121)
	  Recheck Cond: ((id >= 189174) AND (id <= 190173))
	  ->  Bitmap Index Scan on sbtest3_pkey  (cost=0.00..23.26 rows=1083 width=0)
	        Index Cond: ((id >= 189174) AND (id <= 190173))

table 4 : explain SELECT c FROM sbtest4 WHERE id BETWEEN 6230530 AND 6231529
	Bitmap Heap Scan on sbtest4  (cost=22.19..3681.07 rows=952 width=121)
	  Recheck Cond: ((id >= 6230530) AND (id <= 6231529))
	  ->  Bitmap Index Scan on sbtest4_pkey  (cost=0.00..21.95 rows=952 width=0)
	        Index Cond: ((id >= 6230530) AND (id <= 6231529))

table 5 : explain SELECT c FROM sbtest5 WHERE id BETWEEN 1399295 AND 1400294
	Bitmap Heap Scan on sbtest5  (cost=22.99..3975.05 rows=1030 width=121)
	  Recheck Cond: ((id >= 1399295) AND (id <= 1400294))
	  ->  Bitmap Index Scan on sbtest5_pkey  (cost=0.00..22.73 rows=1030 width=0)
	        Index Cond: ((id >= 1399295) AND (id <= 1400294))

table 6 : explain SELECT c FROM sbtest6 WHERE id BETWEEN 7434971 AND 7435970
	Bitmap Heap Scan on sbtest6  (cost=22.16..3669.83 rows=949 width=121)
	  Recheck Cond: ((id >= 7434971) AND (id <= 7435970))
	  ->  Bitmap Index Scan on sbtest6_pkey  (cost=0.00..21.93 rows=949 width=0)
	        Index Cond: ((id >= 7434971) AND (id <= 7435970))

table 7 : explain SELECT c FROM sbtest7 WHERE id BETWEEN 5748453 AND 5749452
	Bitmap Heap Scan on sbtest7  (cost=22.62..3840.54 rows=994 width=121)
	  Recheck Cond: ((id >= 5748453) AND (id <= 5749452))
	  ->  Bitmap Index Scan on sbtest7_pkey  (cost=0.00..22.37 rows=994 width=0)
	        Index Cond: ((id >= 5748453) AND (id <= 5749452))

table 8 : explain SELECT c FROM sbtest8 WHERE id BETWEEN 2040234 AND 2041233
	Bitmap Heap Scan on sbtest8  (cost=22.70..3866.89 rows=1001 width=121)
	  Recheck Cond: ((id >= 2040234) AND (id <= 2041233))
	  ->  Bitmap Index Scan on sbtest8_pkey  (cost=0.00..22.44 rows=1001 width=0)
	        Index Cond: ((id >= 2040234) AND (id <= 2041233))

for point_selects
table 1 : explain SELECT c FROM sbtest1 WHERE id=8056923
	Index Scan using sbtest1_pkey on sbtest1  (cost=0.43..8.45 rows=1 width=121)
	  Index Cond: (id = 8056923)

table 2 : explain SELECT c FROM sbtest2 WHERE id=5851901
	Index Scan using sbtest2_pkey on sbtest2  (cost=0.43..8.45 rows=1 width=121)
	  Index Cond: (id = 5851901)

table 3 : explain SELECT c FROM sbtest3 WHERE id=9830120
	Index Scan using sbtest3_pkey on sbtest3  (cost=0.43..8.45 rows=1 width=121)
	  Index Cond: (id = 9830120)

table 4 : explain SELECT c FROM sbtest4 WHERE id=525871
	Index Scan using sbtest4_pkey on sbtest4  (cost=0.43..8.45 rows=1 width=121)
	  Index Cond: (id = 525871)

table 5 : explain SELECT c FROM sbtest5 WHERE id=2017783
	Index Scan using sbtest5_pkey on sbtest5  (cost=0.43..8.45 rows=1 width=121)
	  Index Cond: (id = 2017783)

table 6 : explain SELECT c FROM sbtest6 WHERE id=7844182
	Index Scan using sbtest6_pkey on sbtest6  (cost=0.43..8.45 rows=1 width=121)
	  Index Cond: (id = 7844182)

table 7 : explain SELECT c FROM sbtest7 WHERE id=6984863
	Index Scan using sbtest7_pkey on sbtest7  (cost=0.43..8.45 rows=1 width=121)
	  Index Cond: (id = 6984863)

table 8 : explain SELECT c FROM sbtest8 WHERE id=6231609
	Index Scan using sbtest8_pkey on sbtest8  (cost=0.43..8.45 rows=1 width=121)
	  Index Cond: (id = 6231609)

for: distinct_ranges
table 1 : explain SELECT DISTINCT c FROM sbtest1 WHERE id BETWEEN 2158817 AND 2159816 ORDER BY c
	Unique  (cost=4077.50..4082.72 rows=1044 width=121)
	  ->  Sort  (cost=4077.50..4080.11 rows=1044 width=121)
	        Sort Key: c
	        ->  Bitmap Heap Scan on sbtest1  (cost=23.14..4025.15 rows=1044 width=121)
	              Recheck Cond: ((id >= 2158817) AND (id <= 2159816))
	              ->  Bitmap Index Scan on sbtest1_pkey  (cost=0.00..22.87 rows=1044 width=0)
	                    Index Cond: ((id >= 2158817) AND (id <= 2159816))

table 2 : explain SELECT DISTINCT c FROM sbtest2 WHERE id BETWEEN 8511943 AND 8512942 ORDER BY c
	Unique  (cost=3730.88..3735.64 rows=953 width=121)
	  ->  Sort  (cost=3730.88..3733.26 rows=953 width=121)
	        Sort Key: c
	        ->  Bitmap Heap Scan on sbtest2  (cost=22.20..3683.72 rows=953 width=121)
	              Recheck Cond: ((id >= 8511943) AND (id <= 8512942))
	              ->  Bitmap Index Scan on sbtest2_pkey  (cost=0.00..21.96 rows=953 width=0)
	                    Index Cond: ((id >= 8511943) AND (id <= 8512942))

table 3 : explain SELECT DISTINCT c FROM sbtest3 WHERE id BETWEEN 8592913 AND 8593912 ORDER BY c
	Unique  (cost=3838.10..3843.00 rows=981 width=121)
	  ->  Sort  (cost=3838.10..3840.55 rows=981 width=121)
	        Sort Key: c
	        ->  Bitmap Heap Scan on sbtest3  (cost=22.49..3789.35 rows=981 width=121)
	              Recheck Cond: ((id >= 8592913) AND (id <= 8593912))
	              ->  Bitmap Index Scan on sbtest3_pkey  (cost=0.00..22.25 rows=981 width=0)
	                    Index Cond: ((id >= 8592913) AND (id <= 8593912))

table 4 : explain SELECT DISTINCT c FROM sbtest4 WHERE id BETWEEN 8183846 AND 8184845 ORDER BY c
	Unique  (cost=4232.73..4238.15 rows=1084 width=121)
	  ->  Sort  (cost=4232.73..4235.44 rows=1084 width=121)
	        Sort Key: c
	        ->  Bitmap Heap Scan on sbtest4  (cost=23.55..4178.08 rows=1084 width=121)
	              Recheck Cond: ((id >= 8183846) AND (id <= 8184845))
	              ->  Bitmap Index Scan on sbtest4_pkey  (cost=0.00..23.27 rows=1084 width=0)
	                    Index Cond: ((id >= 8183846) AND (id <= 8184845))

table 5 : explain SELECT DISTINCT c FROM sbtest5 WHERE id BETWEEN 7701697 AND 7702696 ORDER BY c
	Unique  (cost=4221.31..4226.72 rows=1081 width=121)
	  ->  Sort  (cost=4221.31..4224.01 rows=1081 width=121)
	        Sort Key: c
	        ->  Bitmap Heap Scan on sbtest5  (cost=23.52..4166.84 rows=1081 width=121)
	              Recheck Cond: ((id >= 7701697) AND (id <= 7702696))
	              ->  Bitmap Index Scan on sbtest5_pkey  (cost=0.00..23.25 rows=1081 width=0)
	                    Index Cond: ((id >= 7701697) AND (id <= 7702696))

table 6 : explain SELECT DISTINCT c FROM sbtest6 WHERE id BETWEEN 2459613 AND 2460612 ORDER BY c
	Unique  (cost=4385.60..4391.22 rows=1124 width=121)
	  ->  Sort  (cost=4385.60..4388.41 rows=1124 width=121)
	        Sort Key: c
	        ->  Bitmap Heap Scan on sbtest6  (cost=27.96..4328.65 rows=1124 width=121)
	              Recheck Cond: ((id >= 2459613) AND (id <= 2460612))
	              ->  Bitmap Index Scan on sbtest6_pkey  (cost=0.00..27.68 rows=1124 width=0)
	                    Index Cond: ((id >= 2459613) AND (id <= 2460612))

table 7 : explain SELECT DISTINCT c FROM sbtest7 WHERE id BETWEEN 6786415 AND 6787414 ORDER BY c
	Unique  (cost=4455.40..4461.11 rows=1142 width=121)
	  ->  Sort  (cost=4455.40..4458.25 rows=1142 width=121)
	        Sort Key: c
	        ->  Bitmap Heap Scan on sbtest7  (cost=28.14..4397.40 rows=1142 width=121)
	              Recheck Cond: ((id >= 6786415) AND (id <= 6787414))
	              ->  Bitmap Index Scan on sbtest7_pkey  (cost=0.00..27.86 rows=1142 width=0)
	                    Index Cond: ((id >= 6786415) AND (id <= 6787414))

table 8 : explain SELECT DISTINCT c FROM sbtest8 WHERE id BETWEEN 6565366 AND 6566365 ORDER BY c
	Unique  (cost=3752.15..3756.94 rows=958 width=121)
	  ->  Sort  (cost=3752.15..3754.54 rows=958 width=121)
	        Sort Key: c
	        ->  Bitmap Heap Scan on sbtest8  (cost=22.25..3704.71 rows=958 width=121)
	              Recheck Cond: ((id >= 6565366) AND (id <= 6566365))
	              ->  Bitmap Index Scan on sbtest8_pkey  (cost=0.00..22.01 rows=958 width=0)
	                    Index Cond: ((id >= 6565366) AND (id <= 6566365))

explain: for point_selects :: explain SELECT c FROM sbtest%u WHERE id=%u
for: simple_ranges
table 1 : explain SELECT c FROM sbtest1 WHERE id BETWEEN 8123882 AND 8124881
	Bitmap Heap Scan on sbtest1  (cost=23.59..4190.39 rows=1088 width=121)
	  Recheck Cond: ((id >= 8123882) AND (id <= 8124881))
	  ->  Bitmap Index Scan on sbtest1_pkey  (cost=0.00..23.32 rows=1088 width=0)
	        Index Cond: ((id >= 8123882) AND (id <= 8124881))

table 2 : explain SELECT c FROM sbtest2 WHERE id BETWEEN 1268770 AND 1269769
	Bitmap Heap Scan on sbtest2  (cost=22.39..3751.59 rows=971 width=121)
	  Recheck Cond: ((id >= 1268770) AND (id <= 1269769))
	  ->  Bitmap Index Scan on sbtest2_pkey  (cost=0.00..22.14 rows=971 width=0)
	        Index Cond: ((id >= 1268770) AND (id <= 1269769))

table 3 : explain SELECT c FROM sbtest3 WHERE id BETWEEN 1440160 AND 1441159
	Bitmap Heap Scan on sbtest3  (cost=28.19..4413.41 rows=1147 width=121)
	  Recheck Cond: ((id >= 1440160) AND (id <= 1441159))
	  ->  Bitmap Index Scan on sbtest3_pkey  (cost=0.00..27.90 rows=1147 width=0)
	        Index Cond: ((id >= 1440160) AND (id <= 1441159))

table 4 : explain SELECT c FROM sbtest4 WHERE id BETWEEN 4665762 AND 4666761
	Bitmap Heap Scan on sbtest4  (cost=22.57..3820.61 rows=989 width=121)
	  Recheck Cond: ((id >= 4665762) AND (id <= 4666761))
	  ->  Bitmap Index Scan on sbtest4_pkey  (cost=0.00..22.32 rows=989 width=0)
	        Index Cond: ((id >= 4665762) AND (id <= 4666761))

table 5 : explain SELECT c FROM sbtest5 WHERE id BETWEEN 3889044 AND 3890043
	Bitmap Heap Scan on sbtest5  (cost=23.32..4095.43 rows=1062 width=121)
	  Recheck Cond: ((id >= 3889044) AND (id <= 3890043))
	  ->  Bitmap Index Scan on sbtest5_pkey  (cost=0.00..23.05 rows=1062 width=0)
	        Index Cond: ((id >= 3889044) AND (id <= 3890043))

table 6 : explain SELECT c FROM sbtest6 WHERE id BETWEEN 6942036 AND 6943035
	Bitmap Heap Scan on sbtest6  (cost=22.99..3975.13 rows=1030 width=121)
	  Recheck Cond: ((id >= 6942036) AND (id <= 6943035))
	  ->  Bitmap Index Scan on sbtest6_pkey  (cost=0.00..22.73 rows=1030 width=0)
	        Index Cond: ((id >= 6942036) AND (id <= 6943035))

table 7 : explain SELECT c FROM sbtest7 WHERE id BETWEEN 5896890 AND 5897889
	Bitmap Heap Scan on sbtest7  (cost=22.89..3938.52 rows=1020 width=121)
	  Recheck Cond: ((id >= 5896890) AND (id <= 5897889))
	  ->  Bitmap Index Scan on sbtest7_pkey  (cost=0.00..22.64 rows=1020 width=0)
	        Index Cond: ((id >= 5896890) AND (id <= 5897889))

table 8 : explain SELECT c FROM sbtest8 WHERE id BETWEEN 8138238 AND 8139237
	Bitmap Heap Scan on sbtest8  (cost=22.53..3806.57 rows=985 width=121)
	  Recheck Cond: ((id >= 8138238) AND (id <= 8139237))
	  ->  Bitmap Index Scan on sbtest8_pkey  (cost=0.00..22.29 rows=985 width=0)
	        Index Cond: ((id >= 8138238) AND (id <= 8139237))

for: simple_ranges
table 1 : explain SELECT c FROM sbtest1 WHERE id BETWEEN 8095665 AND 8096664
	Bitmap Heap Scan on sbtest1  (cost=23.59..4190.39 rows=1088 width=121)
	  Recheck Cond: ((id >= 8095665) AND (id <= 8096664))
	  ->  Bitmap Index Scan on sbtest1_pkey  (cost=0.00..23.32 rows=1088 width=0)
	        Index Cond: ((id >= 8095665) AND (id <= 8096664))

table 2 : explain SELECT c FROM sbtest2 WHERE id BETWEEN 2079087 AND 2080086
	Bitmap Heap Scan on sbtest2  (cost=22.63..3842.03 rows=995 width=121)
	  Recheck Cond: ((id >= 2079087) AND (id <= 2080086))
	  ->  Bitmap Index Scan on sbtest2_pkey  (cost=0.00..22.39 rows=995 width=0)
	        Index Cond: ((id >= 2079087) AND (id <= 2080086))

table 3 : explain SELECT c FROM sbtest3 WHERE id BETWEEN 2865904 AND 2866903
	Bitmap Heap Scan on sbtest3  (cost=23.29..4082.89 rows=1059 width=121)
	  Recheck Cond: ((id >= 2865904) AND (id <= 2866903))
	  ->  Bitmap Index Scan on sbtest3_pkey  (cost=0.00..23.02 rows=1059 width=0)
	        Index Cond: ((id >= 2865904) AND (id <= 2866903))

table 4 : explain SELECT c FROM sbtest4 WHERE id BETWEEN 7486181 AND 7487180
	Bitmap Heap Scan on sbtest4  (cost=22.23..3696.16 rows=956 width=121)
	  Recheck Cond: ((id >= 7486181) AND (id <= 7487180))
	  ->  Bitmap Index Scan on sbtest4_pkey  (cost=0.00..22.00 rows=956 width=0)
	        Index Cond: ((id >= 7486181) AND (id <= 7487180))

table 5 : explain SELECT c FROM sbtest5 WHERE id BETWEEN 6938173 AND 6939172
	Bitmap Heap Scan on sbtest5  (cost=22.55..3813.09 rows=987 width=121)
	  Recheck Cond: ((id >= 6938173) AND (id <= 6939172))
	  ->  Bitmap Index Scan on sbtest5_pkey  (cost=0.00..22.30 rows=987 width=0)
	        Index Cond: ((id >= 6938173) AND (id <= 6939172))

table 6 : explain SELECT c FROM sbtest6 WHERE id BETWEEN 5596008 AND 5597007
	Bitmap Heap Scan on sbtest6  (cost=22.24..3700.02 rows=957 width=121)
	  Recheck Cond: ((id >= 5596008) AND (id <= 5597007))
	  ->  Bitmap Index Scan on sbtest6_pkey  (cost=0.00..22.00 rows=957 width=0)
	        Index Cond: ((id >= 5596008) AND (id <= 5597007))

table 7 : explain SELECT c FROM sbtest7 WHERE id BETWEEN 2473451 AND 2474450
	Bitmap Heap Scan on sbtest7  (cost=22.63..3844.31 rows=995 width=121)
	  Recheck Cond: ((id >= 2473451) AND (id <= 2474450))
	  ->  Bitmap Index Scan on sbtest7_pkey  (cost=0.00..22.39 rows=995 width=0)
	        Index Cond: ((id >= 2473451) AND (id <= 2474450))

table 8 : explain SELECT c FROM sbtest8 WHERE id BETWEEN 4368575 AND 4369574
	Bitmap Heap Scan on sbtest8  (cost=22.31..3723.58 rows=963 width=121)
	  Recheck Cond: ((id >= 4368575) AND (id <= 4369574))
	  ->  Bitmap Index Scan on sbtest8_pkey  (cost=0.00..22.07 rows=963 width=0)
	        Index Cond: ((id >= 4368575) AND (id <= 4369574))

for point_selects
table 1 : explain SELECT c FROM sbtest1 WHERE id=4222186
	Index Scan using sbtest1_pkey on sbtest1  (cost=0.43..8.45 rows=1 width=121)
	  Index Cond: (id = 4222186)

table 2 : explain SELECT c FROM sbtest2 WHERE id=2956126
	Index Scan using sbtest2_pkey on sbtest2  (cost=0.43..8.45 rows=1 width=121)
	  Index Cond: (id = 2956126)

table 3 : explain SELECT c FROM sbtest3 WHERE id=5605695
	Index Scan using sbtest3_pkey on sbtest3  (cost=0.43..8.45 rows=1 width=121)
	  Index Cond: (id = 5605695)

table 4 : explain SELECT c FROM sbtest4 WHERE id=6777437
	Index Scan using sbtest4_pkey on sbtest4  (cost=0.43..8.45 rows=1 width=121)
	  Index Cond: (id = 6777437)

table 5 : explain SELECT c FROM sbtest5 WHERE id=1001908
	Index Scan using sbtest5_pkey on sbtest5  (cost=0.43..8.45 rows=1 width=121)
	  Index Cond: (id = 1001908)

table 6 : explain SELECT c FROM sbtest6 WHERE id=6596562
	Index Scan using sbtest6_pkey on sbtest6  (cost=0.43..8.45 rows=1 width=121)
	  Index Cond: (id = 6596562)

table 7 : explain SELECT c FROM sbtest7 WHERE id=2084844
	Index Scan using sbtest7_pkey on sbtest7  (cost=0.43..8.45 rows=1 width=121)
	  Index Cond: (id = 2084844)

table 8 : explain SELECT c FROM sbtest8 WHERE id=5168114
	Index Scan using sbtest8_pkey on sbtest8  (cost=0.43..8.45 rows=1 width=121)
	  Index Cond: (id = 5168114)

for: sum_ranges
table 1 : explain SELECT SUM(k) FROM sbtest1 WHERE id BETWEEN 7476851 AND 7477850
	Aggregate  (cost=3688.77..3688.78 rows=1 width=8)
	  ->  Bitmap Heap Scan on sbtest1  (cost=22.21..3686.38 rows=954 width=4)
	        Recheck Cond: ((id >= 7476851) AND (id <= 7477850))
	        ->  Bitmap Index Scan on sbtest1_pkey  (cost=0.00..21.97 rows=954 width=0)
	              Index Cond: ((id >= 7476851) AND (id <= 7477850))

table 2 : explain SELECT SUM(k) FROM sbtest2 WHERE id BETWEEN 1251112 AND 1252111
	Aggregate  (cost=3754.02..3754.03 rows=1 width=8)
	  ->  Bitmap Heap Scan on sbtest2  (cost=22.39..3751.59 rows=971 width=4)
	        Recheck Cond: ((id >= 1251112) AND (id <= 1252111))
	        ->  Bitmap Index Scan on sbtest2_pkey  (cost=0.00..22.14 rows=971 width=0)
	              Index Cond: ((id >= 1251112) AND (id <= 1252111))

table 3 : explain SELECT SUM(k) FROM sbtest3 WHERE id BETWEEN 6773466 AND 6774465
	Aggregate  (cost=3678.62..3678.63 rows=1 width=8)
	  ->  Bitmap Heap Scan on sbtest3  (cost=22.18..3676.24 rows=951 width=4)
	        Recheck Cond: ((id >= 6773466) AND (id <= 6774465))
	        ->  Bitmap Index Scan on sbtest3_pkey  (cost=0.00..21.94 rows=951 width=0)
	              Index Cond: ((id >= 6773466) AND (id <= 6774465))

table 4 : explain SELECT SUM(k) FROM sbtest4 WHERE id BETWEEN 8619298 AND 8620297
	Aggregate  (cost=3841.93..3841.94 rows=1 width=8)
	  ->  Bitmap Heap Scan on sbtest4  (cost=22.62..3839.45 rows=994 width=4)
	        Recheck Cond: ((id >= 8619298) AND (id <= 8620297))
	        ->  Bitmap Index Scan on sbtest4_pkey  (cost=0.00..22.37 rows=994 width=0)
	              Index Cond: ((id >= 8619298) AND (id <= 8620297))

table 5 : explain SELECT SUM(k) FROM sbtest5 WHERE id BETWEEN 5051677 AND 5052676
	Aggregate  (cost=3962.56..3962.57 rows=1 width=8)
	  ->  Bitmap Heap Scan on sbtest5  (cost=22.95..3960.00 rows=1026 width=4)
	        Recheck Cond: ((id >= 5051677) AND (id <= 5052676))
	        ->  Bitmap Index Scan on sbtest5_pkey  (cost=0.00..22.69 rows=1026 width=0)
	              Index Cond: ((id >= 5051677) AND (id <= 5052676))

table 6 : explain SELECT SUM(k) FROM sbtest6 WHERE id BETWEEN 3426795 AND 3427794
	Aggregate  (cost=4000.30..4000.31 rows=1 width=8)
	  ->  Bitmap Heap Scan on sbtest6  (cost=23.05..3997.71 rows=1036 width=4)
	        Recheck Cond: ((id >= 3426795) AND (id <= 3427794))
	        ->  Bitmap Index Scan on sbtest6_pkey  (cost=0.00..22.79 rows=1036 width=0)
	              Index Cond: ((id >= 3426795) AND (id <= 3427794))

table 7 : explain SELECT SUM(k) FROM sbtest7 WHERE id BETWEEN 271440 AND 272439
	Aggregate  (cost=3824.16..3824.17 rows=1 width=8)
	  ->  Bitmap Heap Scan on sbtest7  (cost=22.57..3821.69 rows=989 width=4)
	        Recheck Cond: ((id >= 271440) AND (id <= 272439))
	        ->  Bitmap Index Scan on sbtest7_pkey  (cost=0.00..22.32 rows=989 width=0)
	              Index Cond: ((id >= 271440) AND (id <= 272439))

table 8 : explain SELECT SUM(k) FROM sbtest8 WHERE id BETWEEN 226752 AND 227751
	Aggregate  (cost=4159.67..4159.68 rows=1 width=8)
	  ->  Bitmap Heap Scan on sbtest8  (cost=27.47..4156.97 rows=1077 width=4)
	        Recheck Cond: ((id >= 226752) AND (id <= 227751))
	        ->  Bitmap Index Scan on sbtest8_pkey  (cost=0.00..27.20 rows=1077 width=0)
	              Index Cond: ((id >= 226752) AND (id <= 227751))

for: simple_ranges
table 1 : explain SELECT c FROM sbtest1 WHERE id BETWEEN 3738173 AND 3739172
	Bitmap Heap Scan on sbtest1  (cost=22.06..3629.82 rows=939 width=121)
	  Recheck Cond: ((id >= 3738173) AND (id <= 3739172))
	  ->  Bitmap Index Scan on sbtest1_pkey  (cost=0.00..21.82 rows=939 width=0)
	        Index Cond: ((id >= 3738173) AND (id <= 3739172))

table 2 : explain SELECT c FROM sbtest2 WHERE id BETWEEN 7327488 AND 7328487
	Bitmap Heap Scan on sbtest2  (cost=23.29..4082.81 rows=1059 width=121)
	  Recheck Cond: ((id >= 7327488) AND (id <= 7328487))
	  ->  Bitmap Index Scan on sbtest2_pkey  (cost=0.00..23.02 rows=1059 width=0)
	        Index Cond: ((id >= 7327488) AND (id <= 7328487))

table 3 : explain SELECT c FROM sbtest3 WHERE id BETWEEN 7942922 AND 7943921
	Bitmap Heap Scan on sbtest3  (cost=22.38..3747.89 rows=970 width=121)
	  Recheck Cond: ((id >= 7942922) AND (id <= 7943921))
	  ->  Bitmap Index Scan on sbtest3_pkey  (cost=0.00..22.14 rows=970 width=0)
	        Index Cond: ((id >= 7942922) AND (id <= 7943921))

table 4 : explain SELECT c FROM sbtest4 WHERE id BETWEEN 9136566 AND 9137565
	Bitmap Heap Scan on sbtest4  (cost=22.90..3941.15 rows=1021 width=121)
	  Recheck Cond: ((id >= 9136566) AND (id <= 9137565))
	  ->  Bitmap Index Scan on sbtest4_pkey  (cost=0.00..22.64 rows=1021 width=0)
	        Index Cond: ((id >= 9136566) AND (id <= 9137565))

table 5 : explain SELECT c FROM sbtest5 WHERE id BETWEEN 8094597 AND 8095596
	Bitmap Heap Scan on sbtest5  (cost=23.13..4023.97 rows=1043 width=121)
	  Recheck Cond: ((id >= 8094597) AND (id <= 8095596))
	  ->  Bitmap Index Scan on sbtest5_pkey  (cost=0.00..22.86 rows=1043 width=0)
	        Index Cond: ((id >= 8094597) AND (id <= 8095596))

table 6 : explain SELECT c FROM sbtest6 WHERE id BETWEEN 3309915 AND 3310914
	Bitmap Heap Scan on sbtest6  (cost=27.60..4200.97 rows=1089 width=121)
	  Recheck Cond: ((id >= 3309915) AND (id <= 3310914))
	  ->  Bitmap Index Scan on sbtest6_pkey  (cost=0.00..27.32 rows=1089 width=0)
	        Index Cond: ((id >= 3309915) AND (id <= 3310914))

table 7 : explain SELECT c FROM sbtest7 WHERE id BETWEEN 686317 AND 687316
	Bitmap Heap Scan on sbtest7  (cost=21.51..3428.84 rows=885 width=121)
	  Recheck Cond: ((id >= 686317) AND (id <= 687316))
	  ->  Bitmap Index Scan on sbtest7_pkey  (cost=0.00..21.29 rows=885 width=0)
	        Index Cond: ((id >= 686317) AND (id <= 687316))

table 8 : explain SELECT c FROM sbtest8 WHERE id BETWEEN 5037638 AND 5038637
	Bitmap Heap Scan on sbtest8  (cost=23.13..4025.08 rows=1043 width=121)
	  Recheck Cond: ((id >= 5037638) AND (id <= 5038637))
	  ->  Bitmap Index Scan on sbtest8_pkey  (cost=0.00..22.86 rows=1043 width=0)
	        Index Cond: ((id >= 5037638) AND (id <= 5038637))

for: order_ranges
table 1 : explain SELECT c FROM sbtest1 WHERE id BETWEEN 3721820 AND 3722819 ORDER BY c
	Sort  (cost=4230.03..4232.74 rows=1084 width=121)
	  Sort Key: c
	  ->  Bitmap Heap Scan on sbtest1  (cost=23.55..4175.38 rows=1084 width=121)
	        Recheck Cond: ((id >= 3721820) AND (id <= 3722819))
	        ->  Bitmap Index Scan on sbtest1_pkey  (cost=0.00..23.27 rows=1084 width=0)
	              Index Cond: ((id >= 3721820) AND (id <= 3722819))

table 2 : explain SELECT c FROM sbtest2 WHERE id BETWEEN 2267837 AND 2268836 ORDER BY c
	Sort  (cost=3719.39..3721.77 rows=950 width=121)
	  Sort Key: c
	  ->  Bitmap Heap Scan on sbtest2  (cost=22.17..3672.40 rows=950 width=121)
	        Recheck Cond: ((id >= 2267837) AND (id <= 2268836))
	        ->  Bitmap Index Scan on sbtest2_pkey  (cost=0.00..21.93 rows=950 width=0)
	              Index Cond: ((id >= 2267837) AND (id <= 2268836))

table 3 : explain SELECT c FROM sbtest3 WHERE id BETWEEN 1424479 AND 1425478 ORDER BY c
	Sort  (cost=4471.70..4474.57 rows=1147 width=121)
	  Sort Key: c
	  ->  Bitmap Heap Scan on sbtest3  (cost=28.19..4413.41 rows=1147 width=121)
	        Recheck Cond: ((id >= 1424479) AND (id <= 1425478))
	        ->  Bitmap Index Scan on sbtest3_pkey  (cost=0.00..27.90 rows=1147 width=0)
	              Index Cond: ((id >= 1424479) AND (id <= 1425478))

table 4 : explain SELECT c FROM sbtest4 WHERE id BETWEEN 5102436 AND 5103435 ORDER BY c
	Sort  (cost=3777.95..3780.36 rows=965 width=121)
	  Sort Key: c
	  ->  Bitmap Heap Scan on sbtest4  (cost=22.33..3730.11 rows=965 width=121)
	        Recheck Cond: ((id >= 5102436) AND (id <= 5103435))
	        ->  Bitmap Index Scan on sbtest4_pkey  (cost=0.00..22.08 rows=965 width=0)
	              Index Cond: ((id >= 5102436) AND (id <= 5103435))

table 5 : explain SELECT c FROM sbtest5 WHERE id BETWEEN 7597282 AND 7598281 ORDER BY c
	Sort  (cost=4068.62..4071.22 rows=1041 width=121)
	  Sort Key: c
	  ->  Bitmap Heap Scan on sbtest5  (cost=23.11..4016.45 rows=1041 width=121)
	        Recheck Cond: ((id >= 7597282) AND (id <= 7598281))
	        ->  Bitmap Index Scan on sbtest5_pkey  (cost=0.00..22.84 rows=1041 width=0)
	              Index Cond: ((id >= 7597282) AND (id <= 7598281))

table 6 : explain SELECT c FROM sbtest6 WHERE id BETWEEN 6772933 AND 6773932 ORDER BY c
	Sort  (cost=3869.90..3872.37 rows=989 width=121)
	  Sort Key: c
	  ->  Bitmap Heap Scan on sbtest6  (cost=22.57..3820.70 rows=989 width=121)
	        Recheck Cond: ((id >= 6772933) AND (id <= 6773932))
	        ->  Bitmap Index Scan on sbtest6_pkey  (cost=0.00..22.32 rows=989 width=0)
	              Index Cond: ((id >= 6772933) AND (id <= 6773932))

table 7 : explain SELECT c FROM sbtest7 WHERE id BETWEEN 3786433 AND 3787432 ORDER BY c
	Sort  (cost=3916.82..3919.32 rows=1001 width=121)
	  Sort Key: c
	  ->  Bitmap Heap Scan on sbtest7  (cost=22.70..3866.93 rows=1001 width=121)
	        Recheck Cond: ((id >= 3786433) AND (id <= 3787432))
	        ->  Bitmap Index Scan on sbtest7_pkey  (cost=0.00..22.44 rows=1001 width=0)
	              Index Cond: ((id >= 3786433) AND (id <= 3787432))

table 8 : explain SELECT c FROM sbtest8 WHERE id BETWEEN 6035088 AND 6036087 ORDER BY c
	Sort  (cost=3920.61..3923.11 rows=1002 width=121)
	  Sort Key: c
	  ->  Bitmap Heap Scan on sbtest8  (cost=22.71..3870.66 rows=1002 width=121)
	        Recheck Cond: ((id >= 6035088) AND (id <= 6036087))
	        ->  Bitmap Index Scan on sbtest8_pkey  (cost=0.00..22.45 rows=1002 width=0)
	              Index Cond: ((id >= 6035088) AND (id <= 6036087))

for: distinct_ranges
table 1 : explain SELECT DISTINCT c FROM sbtest1 WHERE id BETWEEN 5191178 AND 5192177 ORDER BY c
	Unique  (cost=3565.09..3569.64 rows=910 width=121)
	  ->  Sort  (cost=3565.09..3567.37 rows=910 width=121)
	        Sort Key: c
	        ->  Bitmap Heap Scan on sbtest1  (cost=21.76..3520.37 rows=910 width=121)
	              Recheck Cond: ((id >= 5191178) AND (id <= 5192177))
	              ->  Bitmap Index Scan on sbtest1_pkey  (cost=0.00..21.54 rows=910 width=0)
	                    Index Cond: ((id >= 5191178) AND (id <= 5192177))

table 2 : explain SELECT DISTINCT c FROM sbtest2 WHERE id BETWEEN 7142020 AND 7143019 ORDER BY c
	Unique  (cost=3929.80..3934.82 rows=1005 width=121)
	  ->  Sort  (cost=3929.80..3932.31 rows=1005 width=121)
	        Sort Key: c
	        ->  Bitmap Heap Scan on sbtest2  (cost=22.74..3879.68 rows=1005 width=121)
	              Recheck Cond: ((id >= 7142020) AND (id <= 7143019))
	              ->  Bitmap Index Scan on sbtest2_pkey  (cost=0.00..22.48 rows=1005 width=0)
	                    Index Cond: ((id >= 7142020) AND (id <= 7143019))

table 3 : explain SELECT DISTINCT c FROM sbtest3 WHERE id BETWEEN 7510285 AND 7511284 ORDER BY c
	Unique  (cost=3803.66..3808.52 rows=972 width=121)
	  ->  Sort  (cost=3803.66..3806.09 rows=972 width=121)
	        Sort Key: c
	        ->  Bitmap Heap Scan on sbtest3  (cost=22.40..3755.43 rows=972 width=121)
	              Recheck Cond: ((id >= 7510285) AND (id <= 7511284))
	              ->  Bitmap Index Scan on sbtest3_pkey  (cost=0.00..22.15 rows=972 width=0)
	                    Index Cond: ((id >= 7510285) AND (id <= 7511284))

table 4 : explain SELECT DISTINCT c FROM sbtest4 WHERE id BETWEEN 9739720 AND 9740719 ORDER BY c
	Unique  (cost=3793.27..3798.11 rows=969 width=121)
	  ->  Sort  (cost=3793.27..3795.69 rows=969 width=121)
	        Sort Key: c
	        ->  Bitmap Heap Scan on sbtest4  (cost=22.37..3745.20 rows=969 width=121)
	              Recheck Cond: ((id >= 9739720) AND (id <= 9740719))
	              ->  Bitmap Index Scan on sbtest4_pkey  (cost=0.00..22.12 rows=969 width=0)
	                    Index Cond: ((id >= 9739720) AND (id <= 9740719))

table 5 : explain SELECT DISTINCT c FROM sbtest5 WHERE id BETWEEN 2058469 AND 2059468 ORDER BY c
	Unique  (cost=4213.68..4219.08 rows=1079 width=121)
	  ->  Sort  (cost=4213.68..4216.38 rows=1079 width=121)
	        Sort Key: c
	        ->  Bitmap Heap Scan on sbtest5  (cost=23.49..4159.32 rows=1079 width=121)
	              Recheck Cond: ((id >= 2058469) AND (id <= 2059468))
	              ->  Bitmap Index Scan on sbtest5_pkey  (cost=0.00..23.22 rows=1079 width=0)
	                    Index Cond: ((id >= 2058469) AND (id <= 2059468))

table 6 : explain SELECT DISTINCT c FROM sbtest6 WHERE id BETWEEN 4490090 AND 4491089 ORDER BY c
	Unique  (cost=4141.25..4146.55 rows=1060 width=121)
	  ->  Sort  (cost=4141.25..4143.90 rows=1060 width=121)
	        Sort Key: c
	        ->  Bitmap Heap Scan on sbtest6  (cost=23.30..4087.98 rows=1060 width=121)
	              Recheck Cond: ((id >= 4490090) AND (id <= 4491089))
	              ->  Bitmap Index Scan on sbtest6_pkey  (cost=0.00..23.04 rows=1060 width=0)
	                    Index Cond: ((id >= 4490090) AND (id <= 4491089))

table 7 : explain SELECT DISTINCT c FROM sbtest7 WHERE id BETWEEN 6324985 AND 6325984 ORDER BY c
	Unique  (cost=3790.49..3795.33 rows=968 width=121)
	  ->  Sort  (cost=3790.49..3792.91 rows=968 width=121)
	        Sort Key: c
	        ->  Bitmap Heap Scan on sbtest7  (cost=22.36..3742.48 rows=968 width=121)
	              Recheck Cond: ((id >= 6324985) AND (id <= 6325984))
	              ->  Bitmap Index Scan on sbtest7_pkey  (cost=0.00..22.11 rows=968 width=0)
	                    Index Cond: ((id >= 6324985) AND (id <= 6325984))

table 8 : explain SELECT DISTINCT c FROM sbtest8 WHERE id BETWEEN 5354028 AND 5355027 ORDER BY c
	Unique  (cost=3897.65..3902.63 rows=996 width=121)
	  ->  Sort  (cost=3897.65..3900.14 rows=996 width=121)
	        Sort Key: c
	        ->  Bitmap Heap Scan on sbtest8  (cost=22.64..3848.05 rows=996 width=121)
	              Recheck Cond: ((id >= 5354028) AND (id <= 5355027))
	              ->  Bitmap Index Scan on sbtest8_pkey  (cost=0.00..22.39 rows=996 width=0)
	                    Index Cond: ((id >= 5354028) AND (id <= 5355027))

for: simple_ranges
table 1 : explain SELECT c FROM sbtest1 WHERE id BETWEEN 8365229 AND 8366228
	Bitmap Heap Scan on sbtest1  (cost=22.73..3874.72 rows=1004 width=121)
	  Recheck Cond: ((id >= 8365229) AND (id <= 8366228))
	  ->  Bitmap Index Scan on sbtest1_pkey  (cost=0.00..22.47 rows=1004 width=0)
	        Index Cond: ((id >= 8365229) AND (id <= 8366228))

table 2 : explain SELECT c FROM sbtest2 WHERE id BETWEEN 8642617 AND 8643616
	Bitmap Heap Scan on sbtest2  (cost=21.54..3438.26 rows=888 width=121)
	  Recheck Cond: ((id >= 8642617) AND (id <= 8643616))
	  ->  Bitmap Index Scan on sbtest2_pkey  (cost=0.00..21.32 rows=888 width=0)
	        Index Cond: ((id >= 8642617) AND (id <= 8643616))

table 3 : explain SELECT c FROM sbtest3 WHERE id BETWEEN 8588375 AND 8589374
	Bitmap Heap Scan on sbtest3  (cost=22.43..3766.74 rows=975 width=121)
	  Recheck Cond: ((id >= 8588375) AND (id <= 8589374))
	  ->  Bitmap Index Scan on sbtest3_pkey  (cost=0.00..22.18 rows=975 width=0)
	        Index Cond: ((id >= 8588375) AND (id <= 8589374))

table 4 : explain SELECT c FROM sbtest4 WHERE id BETWEEN 564783 AND 565782
	Bitmap Heap Scan on sbtest4  (cost=23.12..4020.18 rows=1042 width=121)
	  Recheck Cond: ((id >= 564783) AND (id <= 565782))
	  ->  Bitmap Index Scan on sbtest4_pkey  (cost=0.00..22.86 rows=1042 width=0)
	        Index Cond: ((id >= 564783) AND (id <= 565782))

table 5 : explain SELECT c FROM sbtest5 WHERE id BETWEEN 5022404 AND 5023403
	Bitmap Heap Scan on sbtest5  (cost=22.81..3907.28 rows=1012 width=121)
	  Recheck Cond: ((id >= 5022404) AND (id <= 5023403))
	  ->  Bitmap Index Scan on sbtest5_pkey  (cost=0.00..22.55 rows=1012 width=0)
	        Index Cond: ((id >= 5022404) AND (id <= 5023403))

table 6 : explain SELECT c FROM sbtest6 WHERE id BETWEEN 8432045 AND 8433044
	Bitmap Heap Scan on sbtest6  (cost=23.02..3986.42 rows=1033 width=121)
	  Recheck Cond: ((id >= 8432045) AND (id <= 8433044))
	  ->  Bitmap Index Scan on sbtest6_pkey  (cost=0.00..22.76 rows=1033 width=0)
	        Index Cond: ((id >= 8432045) AND (id <= 8433044))

table 7 : explain SELECT c FROM sbtest7 WHERE id BETWEEN 6491700 AND 6492699
	Bitmap Heap Scan on sbtest7  (cost=23.32..4096.61 rows=1062 width=121)
	  Recheck Cond: ((id >= 6491700) AND (id <= 6492699))
	  ->  Bitmap Index Scan on sbtest7_pkey  (cost=0.00..23.05 rows=1062 width=0)
	        Index Cond: ((id >= 6491700) AND (id <= 6492699))

table 8 : explain SELECT c FROM sbtest8 WHERE id BETWEEN 2557469 AND 2558468
	Bitmap Heap Scan on sbtest8  (cost=22.68..3863.12 rows=1000 width=121)
	  Recheck Cond: ((id >= 2557469) AND (id <= 2558468))
	  ->  Bitmap Index Scan on sbtest8_pkey  (cost=0.00..22.43 rows=1000 width=0)
	        Index Cond: ((id >= 2557469) AND (id <= 2558468))

for: simple_ranges
table 1 : explain SELECT c FROM sbtest1 WHERE id BETWEEN 9237912 AND 9238911
	Bitmap Heap Scan on sbtest1  (cost=22.67..3855.90 rows=999 width=121)
	  Recheck Cond: ((id >= 9237912) AND (id <= 9238911))
	  ->  Bitmap Index Scan on sbtest1_pkey  (cost=0.00..22.43 rows=999 width=0)
	        Index Cond: ((id >= 9237912) AND (id <= 9238911))

table 2 : explain SELECT c FROM sbtest2 WHERE id BETWEEN 363192 AND 364191
	Bitmap Heap Scan on sbtest2  (cost=23.19..4045.22 rows=1049 width=121)
	  Recheck Cond: ((id >= 363192) AND (id <= 364191))
	  ->  Bitmap Index Scan on sbtest2_pkey  (cost=0.00..22.93 rows=1049 width=0)
	        Index Cond: ((id >= 363192) AND (id <= 364191))

table 3 : explain SELECT c FROM sbtest3 WHERE id BETWEEN 4073947 AND 4074946
	Bitmap Heap Scan on sbtest3  (cost=22.19..3680.01 rows=952 width=121)
	  Recheck Cond: ((id >= 4073947) AND (id <= 4074946))
	  ->  Bitmap Index Scan on sbtest3_pkey  (cost=0.00..21.95 rows=952 width=0)
	        Index Cond: ((id >= 4073947) AND (id <= 4074946))

table 4 : explain SELECT c FROM sbtest4 WHERE id BETWEEN 7772812 AND 7773811
	Bitmap Heap Scan on sbtest4  (cost=22.50..3794.22 rows=982 width=121)
	  Recheck Cond: ((id >= 7772812) AND (id <= 7773811))
	  ->  Bitmap Index Scan on sbtest4_pkey  (cost=0.00..22.25 rows=982 width=0)
	        Index Cond: ((id >= 7772812) AND (id <= 7773811))

table 5 : explain SELECT c FROM sbtest5 WHERE id BETWEEN 726119 AND 727118
	Bitmap Heap Scan on sbtest5  (cost=22.71..3869.62 rows=1002 width=121)
	  Recheck Cond: ((id >= 726119) AND (id <= 727118))
	  ->  Bitmap Index Scan on sbtest5_pkey  (cost=0.00..22.45 rows=1002 width=0)
	        Index Cond: ((id >= 726119) AND (id <= 727118))

table 6 : explain SELECT c FROM sbtest6 WHERE id BETWEEN 4486570 AND 4487569
	Bitmap Heap Scan on sbtest6  (cost=23.23..4061.66 rows=1053 width=121)
	  Recheck Cond: ((id >= 4486570) AND (id <= 4487569))
	  ->  Bitmap Index Scan on sbtest6_pkey  (cost=0.00..22.96 rows=1053 width=0)
	        Index Cond: ((id >= 4486570) AND (id <= 4487569))

table 7 : explain SELECT c FROM sbtest7 WHERE id BETWEEN 7612779 AND 7613778
	Bitmap Heap Scan on sbtest7  (cost=22.39..3753.80 rows=971 width=121)
	  Recheck Cond: ((id >= 7612779) AND (id <= 7613778))
	  ->  Bitmap Index Scan on sbtest7_pkey  (cost=0.00..22.14 rows=971 width=0)
	        Index Cond: ((id >= 7612779) AND (id <= 7613778))

table 8 : explain SELECT c FROM sbtest8 WHERE id BETWEEN 6952486 AND 6953485
	Bitmap Heap Scan on sbtest8  (cost=21.55..3443.94 rows=889 width=121)
	  Recheck Cond: ((id >= 6952486) AND (id <= 6953485))
	  ->  Bitmap Index Scan on sbtest8_pkey  (cost=0.00..21.32 rows=889 width=0)
	        Index Cond: ((id >= 6952486) AND (id <= 6953485))

for: order_ranges
table 1 : explain SELECT c FROM sbtest1 WHERE id BETWEEN 2131441 AND 2132440 ORDER BY c
	Sort  (cost=4077.50..4080.11 rows=1044 width=121)
	  Sort Key: c
	  ->  Bitmap Heap Scan on sbtest1  (cost=23.14..4025.15 rows=1044 width=121)
	        Recheck Cond: ((id >= 2131441) AND (id <= 2132440))
	        ->  Bitmap Index Scan on sbtest1_pkey  (cost=0.00..22.87 rows=1044 width=0)
	              Index Cond: ((id >= 2131441) AND (id <= 2132440))

table 2 : explain SELECT c FROM sbtest2 WHERE id BETWEEN 6592285 AND 6593284 ORDER BY c
	Sort  (cost=3887.75..3890.23 rows=994 width=121)
	  Sort Key: c
	  ->  Bitmap Heap Scan on sbtest2  (cost=22.62..3838.26 rows=994 width=121)
	        Recheck Cond: ((id >= 6592285) AND (id <= 6593284))
	        ->  Bitmap Index Scan on sbtest2_pkey  (cost=0.00..22.37 rows=994 width=0)
	              Index Cond: ((id >= 6592285) AND (id <= 6593284))

table 3 : explain SELECT c FROM sbtest3 WHERE id BETWEEN 2974269 AND 2975268 ORDER BY c
	Sort  (cost=3727.11..3729.49 rows=952 width=121)
	  Sort Key: c
	  ->  Bitmap Heap Scan on sbtest3  (cost=22.19..3680.01 rows=952 width=121)
	        Recheck Cond: ((id >= 2974269) AND (id <= 2975268))
	        ->  Bitmap Index Scan on sbtest3_pkey  (cost=0.00..21.95 rows=952 width=0)
	              Index Cond: ((id >= 2974269) AND (id <= 2975268))

table 4 : explain SELECT c FROM sbtest4 WHERE id BETWEEN 2349595 AND 2350594 ORDER BY c
	Sort  (cost=3382.91..3385.06 rows=862 width=121)
	  Sort Key: c
	  ->  Bitmap Heap Scan on sbtest4  (cost=21.27..3340.88 rows=862 width=121)
	        Recheck Cond: ((id >= 2349595) AND (id <= 2350594))
	        ->  Bitmap Index Scan on sbtest4_pkey  (cost=0.00..21.05 rows=862 width=0)
	              Index Cond: ((id >= 2349595) AND (id <= 2350594))

table 5 : explain SELECT c FROM sbtest5 WHERE id BETWEEN 1368709 AND 1369708 ORDER BY c
	Sort  (cost=4026.60..4029.17 rows=1030 width=121)
	  Sort Key: c
	  ->  Bitmap Heap Scan on sbtest5  (cost=22.99..3975.05 rows=1030 width=121)
	        Recheck Cond: ((id >= 1368709) AND (id <= 1369708))
	        ->  Bitmap Index Scan on sbtest5_pkey  (cost=0.00..22.73 rows=1030 width=0)
	              Index Cond: ((id >= 1368709) AND (id <= 1369708))

table 6 : explain SELECT c FROM sbtest6 WHERE id BETWEEN 3451399 AND 3452398 ORDER BY c
	Sort  (cost=4049.59..4052.18 rows=1036 width=121)
	  Sort Key: c
	  ->  Bitmap Heap Scan on sbtest6  (cost=23.05..3997.71 rows=1036 width=121)
	        Recheck Cond: ((id >= 3451399) AND (id <= 3452398))
	        ->  Bitmap Index Scan on sbtest6_pkey  (cost=0.00..22.79 rows=1036 width=0)
	              Index Cond: ((id >= 3451399) AND (id <= 3452398))

table 7 : explain SELECT c FROM sbtest7 WHERE id BETWEEN 3738818 AND 3739817 ORDER BY c
	Sort  (cost=3916.82..3919.32 rows=1001 width=121)
	  Sort Key: c
	  ->  Bitmap Heap Scan on sbtest7  (cost=22.70..3866.93 rows=1001 width=121)
	        Recheck Cond: ((id >= 3738818) AND (id <= 3739817))
	        ->  Bitmap Index Scan on sbtest7_pkey  (cost=0.00..22.44 rows=1001 width=0)
	              Index Cond: ((id >= 3738818) AND (id <= 3739817))

table 8 : explain SELECT c FROM sbtest8 WHERE id BETWEEN 1611152 AND 1612151 ORDER BY c
	Sort  (cost=4073.55..4076.15 rows=1042 width=121)
	  Sort Key: c
	  ->  Bitmap Heap Scan on sbtest8  (cost=23.12..4021.32 rows=1042 width=121)
	        Recheck Cond: ((id >= 1611152) AND (id <= 1612151))
	        ->  Bitmap Index Scan on sbtest8_pkey  (cost=0.00..22.86 rows=1042 width=0)
	              Index Cond: ((id >= 1611152) AND (id <= 1612151))

explain: for point_selects :: explain SELECT c FROM sbtest%u WHERE id=%u
for: simple_ranges
table 1 : explain SELECT c FROM sbtest1 WHERE id BETWEEN 5643403 AND 5644402
	Bitmap Heap Scan on sbtest1  (cost=28.69..4595.25 rows=1196 width=121)
	  Recheck Cond: ((id >= 5643403) AND (id <= 5644402))
	  ->  Bitmap Index Scan on sbtest1_pkey  (cost=0.00..28.39 rows=1196 width=0)
	        Index Cond: ((id >= 5643403) AND (id <= 5644402))

table 2 : explain SELECT c FROM sbtest2 WHERE id BETWEEN 2399659 AND 2400658
	Bitmap Heap Scan on sbtest2  (cost=22.20..3683.72 rows=953 width=121)
	  Recheck Cond: ((id >= 2399659) AND (id <= 2400658))
	  ->  Bitmap Index Scan on sbtest2_pkey  (cost=0.00..21.96 rows=953 width=0)
	        Index Cond: ((id >= 2399659) AND (id <= 2400658))

table 3 : explain SELECT c FROM sbtest3 WHERE id BETWEEN 3001364 AND 3002363
	Bitmap Heap Scan on sbtest3  (cost=22.19..3680.01 rows=952 width=121)
	  Recheck Cond: ((id >= 3001364) AND (id <= 3002363))
	  ->  Bitmap Index Scan on sbtest3_pkey  (cost=0.00..21.95 rows=952 width=0)
	        Index Cond: ((id >= 3001364) AND (id <= 3002363))

table 4 : explain SELECT c FROM sbtest4 WHERE id BETWEEN 7954483 AND 7955482
	Bitmap Heap Scan on sbtest4  (cost=22.53..3805.53 rows=985 width=121)
	  Recheck Cond: ((id >= 7954483) AND (id <= 7955482))
	  ->  Bitmap Index Scan on sbtest4_pkey  (cost=0.00..22.29 rows=985 width=0)
	        Index Cond: ((id >= 7954483) AND (id <= 7955482))

table 5 : explain SELECT c FROM sbtest5 WHERE id BETWEEN 7539292 AND 7540291
	Bitmap Heap Scan on sbtest5  (cost=23.05..3997.63 rows=1036 width=121)
	  Recheck Cond: ((id >= 7539292) AND (id <= 7540291))
	  ->  Bitmap Index Scan on sbtest5_pkey  (cost=0.00..22.79 rows=1036 width=0)
	        Index Cond: ((id >= 7539292) AND (id <= 7540291))

table 6 : explain SELECT c FROM sbtest6 WHERE id BETWEEN 2003695 AND 2004694
	Bitmap Heap Scan on sbtest6  (cost=22.19..3681.15 rows=952 width=121)
	  Recheck Cond: ((id >= 2003695) AND (id <= 2004694))
	  ->  Bitmap Index Scan on sbtest6_pkey  (cost=0.00..21.95 rows=952 width=0)
	        Index Cond: ((id >= 2003695) AND (id <= 2004694))

table 7 : explain SELECT c FROM sbtest7 WHERE id BETWEEN 1952317 AND 1953316
	Bitmap Heap Scan on sbtest7  (cost=22.53..3806.61 rows=985 width=121)
	  Recheck Cond: ((id >= 1952317) AND (id <= 1953316))
	  ->  Bitmap Index Scan on sbtest7_pkey  (cost=0.00..22.29 rows=985 width=0)
	        Index Cond: ((id >= 1952317) AND (id <= 1953316))

table 8 : explain SELECT c FROM sbtest8 WHERE id BETWEEN 2008268 AND 2009267
	Bitmap Heap Scan on sbtest8  (cost=27.46..4153.21 rows=1076 width=121)
	  Recheck Cond: ((id >= 2008268) AND (id <= 2009267))
	  ->  Bitmap Index Scan on sbtest8_pkey  (cost=0.00..27.19 rows=1076 width=0)
	        Index Cond: ((id >= 2008268) AND (id <= 2009267))

for: distinct_ranges
table 1 : explain SELECT DISTINCT c FROM sbtest1 WHERE id BETWEEN 2500547 AND 2501546 ORDER BY c
	Unique  (cost=3496.09..3500.55 rows=892 width=121)
	  ->  Sort  (cost=3496.09..3498.32 rows=892 width=121)
	        Sort Key: c
	        ->  Bitmap Heap Scan on sbtest1  (cost=21.58..3452.38 rows=892 width=121)
	              Recheck Cond: ((id >= 2500547) AND (id <= 2501546))
	              ->  Bitmap Index Scan on sbtest1_pkey  (cost=0.00..21.36 rows=892 width=0)
	                    Index Cond: ((id >= 2500547) AND (id <= 2501546))

table 2 : explain SELECT DISTINCT c FROM sbtest2 WHERE id BETWEEN 167762 AND 168761 ORDER BY c
	Unique  (cost=3669.60..3674.29 rows=937 width=121)
	  ->  Sort  (cost=3669.60..3671.95 rows=937 width=121)
	        Sort Key: c
	        ->  Bitmap Heap Scan on sbtest2  (cost=22.04..3623.35 rows=937 width=121)
	              Recheck Cond: ((id >= 167762) AND (id <= 168761))
	              ->  Bitmap Index Scan on sbtest2_pkey  (cost=0.00..21.80 rows=937 width=0)
	                    Index Cond: ((id >= 167762) AND (id <= 168761))

table 3 : explain SELECT DISTINCT c FROM sbtest3 WHERE id BETWEEN 2128188 AND 2129187 ORDER BY c
	Unique  (cost=4178.06..4183.41 rows=1070 width=121)
	  ->  Sort  (cost=4178.06..4180.73 rows=1070 width=121)
	        Sort Key: c
	        ->  Bitmap Heap Scan on sbtest3  (cost=23.40..4124.22 rows=1070 width=121)
	              Recheck Cond: ((id >= 2128188) AND (id <= 2129187))
	              ->  Bitmap Index Scan on sbtest3_pkey  (cost=0.00..23.14 rows=1070 width=0)
	                    Index Cond: ((id >= 2128188) AND (id <= 2129187))

table 4 : explain SELECT DISTINCT c FROM sbtest4 WHERE id BETWEEN 7324167 AND 7325166 ORDER BY c
	Unique  (cost=3869.81..3874.75 rows=989 width=121)
	  ->  Sort  (cost=3869.81..3872.28 rows=989 width=121)
	        Sort Key: c
	        ->  Bitmap Heap Scan on sbtest4  (cost=22.57..3820.61 rows=989 width=121)
	              Recheck Cond: ((id >= 7324167) AND (id <= 7325166))
	              ->  Bitmap Index Scan on sbtest4_pkey  (cost=0.00..22.32 rows=989 width=0)
	                    Index Cond: ((id >= 7324167) AND (id <= 7325166))

table 5 : explain SELECT DISTINCT c FROM sbtest5 WHERE id BETWEEN 813825 AND 814824 ORDER BY c
	Unique  (cost=3919.56..3924.57 rows=1002 width=121)
	  ->  Sort  (cost=3919.56..3922.07 rows=1002 width=121)
	        Sort Key: c
	        ->  Bitmap Heap Scan on sbtest5  (cost=22.71..3869.62 rows=1002 width=121)
	              Recheck Cond: ((id >= 813825) AND (id <= 814824))
	              ->  Bitmap Index Scan on sbtest5_pkey  (cost=0.00..22.45 rows=1002 width=0)
	                    Index Cond: ((id >= 813825) AND (id <= 814824))

table 6 : explain SELECT DISTINCT c FROM sbtest6 WHERE id BETWEEN 2771940 AND 2772939 ORDER BY c
	Unique  (cost=4053.41..4058.60 rows=1037 width=121)
	  ->  Sort  (cost=4053.41..4056.01 rows=1037 width=121)
	        Sort Key: c
	        ->  Bitmap Heap Scan on sbtest6  (cost=23.06..4001.47 rows=1037 width=121)
	              Recheck Cond: ((id >= 2771940) AND (id <= 2772939))
	              ->  Bitmap Index Scan on sbtest6_pkey  (cost=0.00..22.80 rows=1037 width=0)
	                    Index Cond: ((id >= 2771940) AND (id <= 2772939))

table 7 : explain SELECT DISTINCT c FROM sbtest7 WHERE id BETWEEN 7914032 AND 7915031 ORDER BY c
	Unique  (cost=3725.36..3730.11 rows=951 width=121)
	  ->  Sort  (cost=3725.36..3727.73 rows=951 width=121)
	        Sort Key: c
	        ->  Bitmap Heap Scan on sbtest7  (cost=22.18..3678.31 rows=951 width=121)
	              Recheck Cond: ((id >= 7914032) AND (id <= 7915031))
	              ->  Bitmap Index Scan on sbtest7_pkey  (cost=0.00..21.94 rows=951 width=0)
	                    Index Cond: ((id >= 7914032) AND (id <= 7915031))

table 8 : explain SELECT DISTINCT c FROM sbtest8 WHERE id BETWEEN 9226008 AND 9227007 ORDER BY c
	Unique  (cost=4226.48..4231.89 rows=1081 width=121)
	  ->  Sort  (cost=4226.48..4229.19 rows=1081 width=121)
	        Sort Key: c
	        ->  Bitmap Heap Scan on sbtest8  (cost=27.52..4172.01 rows=1081 width=121)
	              Recheck Cond: ((id >= 9226008) AND (id <= 9227007))
	              ->  Bitmap Index Scan on sbtest8_pkey  (cost=0.00..27.25 rows=1081 width=0)
	                    Index Cond: ((id >= 9226008) AND (id <= 9227007))

for: distinct_ranges
table 1 : explain SELECT DISTINCT c FROM sbtest1 WHERE id BETWEEN 7948001 AND 7949000 ORDER BY c
	Unique  (cost=4226.22..4231.63 rows=1083 width=121)
	  ->  Sort  (cost=4226.22..4228.92 rows=1083 width=121)
	        Sort Key: c
	        ->  Bitmap Heap Scan on sbtest1  (cost=23.54..4171.63 rows=1083 width=121)
	              Recheck Cond: ((id >= 7948001) AND (id <= 7949000))
	              ->  Bitmap Index Scan on sbtest1_pkey  (cost=0.00..23.26 rows=1083 width=0)
	                    Index Cond: ((id >= 7948001) AND (id <= 7949000))

table 2 : explain SELECT DISTINCT c FROM sbtest2 WHERE id BETWEEN 2286509 AND 2287508 ORDER BY c
	Unique  (cost=3719.39..3724.14 rows=950 width=121)
	  ->  Sort  (cost=3719.39..3721.77 rows=950 width=121)
	        Sort Key: c
	        ->  Bitmap Heap Scan on sbtest2  (cost=22.17..3672.40 rows=950 width=121)
	              Recheck Cond: ((id >= 2286509) AND (id <= 2287508))
	              ->  Bitmap Index Scan on sbtest2_pkey  (cost=0.00..21.93 rows=950 width=0)
	                    Index Cond: ((id >= 2286509) AND (id <= 2287508))

table 3 : explain SELECT DISTINCT c FROM sbtest3 WHERE id BETWEEN 8057194 AND 8058193 ORDER BY c
	Unique  (cost=3849.57..3854.49 rows=984 width=121)
	  ->  Sort  (cost=3849.57..3852.03 rows=984 width=121)
	        Sort Key: c
	        ->  Bitmap Heap Scan on sbtest3  (cost=22.52..3800.65 rows=984 width=121)
	              Recheck Cond: ((id >= 8057194) AND (id <= 8058193))
	              ->  Bitmap Index Scan on sbtest3_pkey  (cost=0.00..22.27 rows=984 width=0)
	                    Index Cond: ((id >= 8057194) AND (id <= 8058193))

table 4 : explain SELECT DISTINCT c FROM sbtest4 WHERE id BETWEEN 6187618 AND 6188617 ORDER BY c
	Unique  (cost=3781.78..3786.61 rows=966 width=121)
	  ->  Sort  (cost=3781.78..3784.19 rows=966 width=121)
	        Sort Key: c
	        ->  Bitmap Heap Scan on sbtest4  (cost=22.34..3733.89 rows=966 width=121)
	              Recheck Cond: ((id >= 6187618) AND (id <= 6188617))
	              ->  Bitmap Index Scan on sbtest4_pkey  (cost=0.00..22.09 rows=966 width=0)
	                    Index Cond: ((id >= 6187618) AND (id <= 6188617))

table 5 : explain SELECT DISTINCT c FROM sbtest5 WHERE id BETWEEN 6223473 AND 6224472 ORDER BY c
	Unique  (cost=3915.74..3920.74 rows=1001 width=121)
	  ->  Sort  (cost=3915.74..3918.24 rows=1001 width=121)
	        Sort Key: c
	        ->  Bitmap Heap Scan on sbtest5  (cost=22.70..3865.85 rows=1001 width=121)
	              Recheck Cond: ((id >= 6223473) AND (id <= 6224472))
	              ->  Bitmap Index Scan on sbtest5_pkey  (cost=0.00..22.44 rows=1001 width=0)
	                    Index Cond: ((id >= 6223473) AND (id <= 6224472))

table 6 : explain SELECT DISTINCT c FROM sbtest6 WHERE id BETWEEN 1471307 AND 1472306 ORDER BY c
	Unique  (cost=3643.95..3648.60 rows=930 width=121)
	  ->  Sort  (cost=3643.95..3646.27 rows=930 width=121)
	        Sort Key: c
	        ->  Bitmap Heap Scan on sbtest6  (cost=21.97..3598.09 rows=930 width=121)
	              Recheck Cond: ((id >= 1471307) AND (id <= 1472306))
	              ->  Bitmap Index Scan on sbtest6_pkey  (cost=0.00..21.73 rows=930 width=0)
	                    Index Cond: ((id >= 1471307) AND (id <= 1472306))

table 7 : explain SELECT DISTINCT c FROM sbtest7 WHERE id BETWEEN 6138021 AND 6139020 ORDER BY c
	Unique  (cost=3824.95..3829.84 rows=977 width=121)
	  ->  Sort  (cost=3824.95..3827.40 rows=977 width=121)
	        Sort Key: c
	        ->  Bitmap Heap Scan on sbtest7  (cost=22.45..3776.44 rows=977 width=121)
	              Recheck Cond: ((id >= 6138021) AND (id <= 6139020))
	              ->  Bitmap Index Scan on sbtest7_pkey  (cost=0.00..22.20 rows=977 width=0)
	                    Index Cond: ((id >= 6138021) AND (id <= 6139020))

table 8 : explain SELECT DISTINCT c FROM sbtest8 WHERE id BETWEEN 277388 AND 278387 ORDER BY c
	Unique  (cost=4211.22..4216.60 rows=1077 width=121)
	  ->  Sort  (cost=4211.22..4213.91 rows=1077 width=121)
	        Sort Key: c
	        ->  Bitmap Heap Scan on sbtest8  (cost=27.47..4156.97 rows=1077 width=121)
	              Recheck Cond: ((id >= 277388) AND (id <= 278387))
	              ->  Bitmap Index Scan on sbtest8_pkey  (cost=0.00..27.20 rows=1077 width=0)
	                    Index Cond: ((id >= 277388) AND (id <= 278387))

for: sum_ranges
table 1 : explain SELECT SUM(k) FROM sbtest1 WHERE id BETWEEN 3149256 AND 3150255
	Aggregate  (cost=3975.10..3975.11 rows=1 width=8)
	  ->  Bitmap Heap Scan on sbtest1  (cost=22.99..3972.52 rows=1030 width=4)
	        Recheck Cond: ((id >= 3149256) AND (id <= 3150255))
	        ->  Bitmap Index Scan on sbtest1_pkey  (cost=0.00..22.73 rows=1030 width=0)
	              Index Cond: ((id >= 3149256) AND (id <= 3150255))

table 2 : explain SELECT SUM(k) FROM sbtest2 WHERE id BETWEEN 1981010 AND 1982009
	Aggregate  (cost=3818.13..3818.14 rows=1 width=8)
	  ->  Bitmap Heap Scan on sbtest2  (cost=22.56..3815.66 rows=988 width=4)
	        Recheck Cond: ((id >= 1981010) AND (id <= 1982009))
	        ->  Bitmap Index Scan on sbtest2_pkey  (cost=0.00..22.32 rows=988 width=0)
	              Index Cond: ((id >= 1981010) AND (id <= 1982009))

table 3 : explain SELECT SUM(k) FROM sbtest3 WHERE id BETWEEN 1494083 AND 1495082
	Aggregate  (cost=3950.06..3950.07 rows=1 width=8)
	  ->  Bitmap Heap Scan on sbtest3  (cost=22.92..3947.51 rows=1023 width=4)
	        Recheck Cond: ((id >= 1494083) AND (id <= 1495082))
	        ->  Bitmap Index Scan on sbtest3_pkey  (cost=0.00..22.66 rows=1023 width=0)
	              Index Cond: ((id >= 1494083) AND (id <= 1495082))

table 4 : explain SELECT SUM(k) FROM sbtest4 WHERE id BETWEEN 4724694 AND 4725693
	Aggregate  (cost=3687.22..3687.23 rows=1 width=8)
	  ->  Bitmap Heap Scan on sbtest4  (cost=22.20..3684.84 rows=953 width=4)
	        Recheck Cond: ((id >= 4724694) AND (id <= 4725693))
	        ->  Bitmap Index Scan on sbtest4_pkey  (cost=0.00..21.96 rows=953 width=0)
	              Index Cond: ((id >= 4724694) AND (id <= 4725693))

table 5 : explain SELECT SUM(k) FROM sbtest5 WHERE id BETWEEN 1428801 AND 1429800
	Aggregate  (cost=3815.56..3815.57 rows=1 width=8)
	  ->  Bitmap Heap Scan on sbtest5  (cost=22.55..3813.09 rows=987 width=4)
	        Recheck Cond: ((id >= 1428801) AND (id <= 1429800))
	        ->  Bitmap Index Scan on sbtest5_pkey  (cost=0.00..22.30 rows=987 width=0)
	              Index Cond: ((id >= 1428801) AND (id <= 1429800))

table 6 : explain SELECT SUM(k) FROM sbtest6 WHERE id BETWEEN 7475047 AND 7476046
	Aggregate  (cost=3672.20..3672.21 rows=1 width=8)
	  ->  Bitmap Heap Scan on sbtest6  (cost=22.16..3669.83 rows=949 width=4)
	        Recheck Cond: ((id >= 7475047) AND (id <= 7476046))
	        ->  Bitmap Index Scan on sbtest6_pkey  (cost=0.00..21.93 rows=949 width=0)
	              Index Cond: ((id >= 7475047) AND (id <= 7476046))

table 7 : explain SELECT SUM(k) FROM sbtest7 WHERE id BETWEEN 2039939 AND 2040938
	Aggregate  (cost=3620.23..3620.24 rows=1 width=8)
	  ->  Bitmap Heap Scan on sbtest7  (cost=22.02..3617.89 rows=935 width=4)
	        Recheck Cond: ((id >= 2039939) AND (id <= 2040938))
	        ->  Bitmap Index Scan on sbtest7_pkey  (cost=0.00..21.79 rows=935 width=0)
	              Index Cond: ((id >= 2039939) AND (id <= 2040938))

table 8 : explain SELECT SUM(k) FROM sbtest8 WHERE id BETWEEN 6824838 AND 6825837
	Aggregate  (cost=3725.99..3726.00 rows=1 width=8)
	  ->  Bitmap Heap Scan on sbtest8  (cost=22.31..3723.58 rows=963 width=4)
	        Recheck Cond: ((id >= 6824838) AND (id <= 6825837))
	        ->  Bitmap Index Scan on sbtest8_pkey  (cost=0.00..22.07 rows=963 width=0)
	              Index Cond: ((id >= 6824838) AND (id <= 6825837))

for: order_ranges
table 1 : explain SELECT c FROM sbtest1 WHERE id BETWEEN 4467710 AND 4468709 ORDER BY c
	Sort  (cost=3962.97..3965.51 rows=1014 width=121)
	  Sort Key: c
	  ->  Bitmap Heap Scan on sbtest1  (cost=22.83..3912.35 rows=1014 width=121)
	        Recheck Cond: ((id >= 4467710) AND (id <= 4468709))
	        ->  Bitmap Index Scan on sbtest1_pkey  (cost=0.00..22.57 rows=1014 width=0)
	              Index Cond: ((id >= 4467710) AND (id <= 4468709))

table 2 : explain SELECT c FROM sbtest2 WHERE id BETWEEN 5136509 AND 5137508 ORDER BY c
	Sort  (cost=3983.30..3985.84 rows=1019 width=121)
	  Sort Key: c
	  ->  Bitmap Heap Scan on sbtest2  (cost=22.88..3932.38 rows=1019 width=121)
	        Recheck Cond: ((id >= 5136509) AND (id <= 5137508))
	        ->  Bitmap Index Scan on sbtest2_pkey  (cost=0.00..22.62 rows=1019 width=0)
	              Index Cond: ((id >= 5136509) AND (id <= 5137508))

table 3 : explain SELECT c FROM sbtest3 WHERE id BETWEEN 7991577 AND 7992576 ORDER BY c
	Sort  (cost=3849.57..3852.03 rows=984 width=121)
	  Sort Key: c
	  ->  Bitmap Heap Scan on sbtest3  (cost=22.52..3800.65 rows=984 width=121)
	        Recheck Cond: ((id >= 7991577) AND (id <= 7992576))
	        ->  Bitmap Index Scan on sbtest3_pkey  (cost=0.00..22.27 rows=984 width=0)
	              Index Cond: ((id >= 7991577) AND (id <= 7992576))

table 4 : explain SELECT c FROM sbtest4 WHERE id BETWEEN 5608585 AND 5609584 ORDER BY c
	Sort  (cost=4141.14..4143.79 rows=1060 width=121)
	  Sort Key: c
	  ->  Bitmap Heap Scan on sbtest4  (cost=23.30..4087.88 rows=1060 width=121)
	        Recheck Cond: ((id >= 5608585) AND (id <= 5609584))
	        ->  Bitmap Index Scan on sbtest4_pkey  (cost=0.00..23.04 rows=1060 width=0)
	              Index Cond: ((id >= 5608585) AND (id <= 5609584))

table 5 : explain SELECT c FROM sbtest5 WHERE id BETWEEN 4024513 AND 4025512 ORDER BY c
	Sort  (cost=3980.73..3983.28 rows=1018 width=121)
	  Sort Key: c
	  ->  Bitmap Heap Scan on sbtest5  (cost=22.87..3929.88 rows=1018 width=121)
	        Recheck Cond: ((id >= 4024513) AND (id <= 4025512))
	        ->  Bitmap Index Scan on sbtest5_pkey  (cost=0.00..22.61 rows=1018 width=0)
	              Index Cond: ((id >= 4024513) AND (id <= 4025512))

table 6 : explain SELECT c FROM sbtest6 WHERE id BETWEEN 9724453 AND 9725452 ORDER BY c
	Sort  (cost=4156.52..4159.18 rows=1064 width=121)
	  Sort Key: c
	  ->  Bitmap Heap Scan on sbtest6  (cost=23.34..4103.02 rows=1064 width=121)
	        Recheck Cond: ((id >= 9724453) AND (id <= 9725452))
	        ->  Bitmap Index Scan on sbtest6_pkey  (cost=0.00..23.07 rows=1064 width=0)
	              Index Cond: ((id >= 9724453) AND (id <= 9725452))

table 7 : explain SELECT c FROM sbtest7 WHERE id BETWEEN 1917404 AND 1918403 ORDER BY c
	Sort  (cost=3855.58..3858.04 rows=985 width=121)
	  Sort Key: c
	  ->  Bitmap Heap Scan on sbtest7  (cost=22.53..3806.61 rows=985 width=121)
	        Recheck Cond: ((id >= 1917404) AND (id <= 1918403))
	        ->  Bitmap Index Scan on sbtest7_pkey  (cost=0.00..22.29 rows=985 width=0)
	              Index Cond: ((id >= 1917404) AND (id <= 1918403))

table 8 : explain SELECT c FROM sbtest8 WHERE id BETWEEN 61616 AND 62615 ORDER BY c
	Sort  (cost=4211.22..4213.91 rows=1077 width=121)
	  Sort Key: c
	  ->  Bitmap Heap Scan on sbtest8  (cost=27.47..4156.97 rows=1077 width=121)
	        Recheck Cond: ((id >= 61616) AND (id <= 62615))
	        ->  Bitmap Index Scan on sbtest8_pkey  (cost=0.00..27.20 rows=1077 width=0)
	              Index Cond: ((id >= 61616) AND (id <= 62615))

for: sum_ranges
table 1 : explain SELECT SUM(k) FROM sbtest1 WHERE id BETWEEN 9253953 AND 9254952
	Aggregate  (cost=3858.40..3858.41 rows=1 width=8)
	  ->  Bitmap Heap Scan on sbtest1  (cost=22.67..3855.90 rows=999 width=4)
	        Recheck Cond: ((id >= 9253953) AND (id <= 9254952))
	        ->  Bitmap Index Scan on sbtest1_pkey  (cost=0.00..22.43 rows=999 width=0)
	              Index Cond: ((id >= 9253953) AND (id <= 9254952))

table 2 : explain SELECT SUM(k) FROM sbtest2 WHERE id BETWEEN 1344064 AND 1345063
	Aggregate  (cost=3991.40..3991.41 rows=1 width=8)
	  ->  Bitmap Heap Scan on sbtest2  (cost=23.03..3988.82 rows=1034 width=4)
	        Recheck Cond: ((id >= 1344064) AND (id <= 1345063))
	        ->  Bitmap Index Scan on sbtest2_pkey  (cost=0.00..22.77 rows=1034 width=0)
	              Index Cond: ((id >= 1344064) AND (id <= 1345063))

table 3 : explain SELECT SUM(k) FROM sbtest3 WHERE id BETWEEN 8585234 AND 8586233
	Aggregate  (cost=3769.18..3769.19 rows=1 width=8)
	  ->  Bitmap Heap Scan on sbtest3  (cost=22.43..3766.74 rows=975 width=4)
	        Recheck Cond: ((id >= 8585234) AND (id <= 8586233))
	        ->  Bitmap Index Scan on sbtest3_pkey  (cost=0.00..22.18 rows=975 width=0)
	              Index Cond: ((id >= 8585234) AND (id <= 8586233))

table 4 : explain SELECT SUM(k) FROM sbtest4 WHERE id BETWEEN 9788079 AND 9789078
	Aggregate  (cost=3747.62..3747.63 rows=1 width=8)
	  ->  Bitmap Heap Scan on sbtest4  (cost=22.37..3745.20 rows=969 width=4)
	        Recheck Cond: ((id >= 9788079) AND (id <= 9789078))
	        ->  Bitmap Index Scan on sbtest4_pkey  (cost=0.00..22.12 rows=969 width=0)
	              Index Cond: ((id >= 9788079) AND (id <= 9789078))

table 5 : explain SELECT SUM(k) FROM sbtest5 WHERE id BETWEEN 73146 AND 74145
	Aggregate  (cost=3513.40..3513.41 rows=1 width=8)
	  ->  Bitmap Heap Scan on sbtest5  (cost=21.73..3511.13 rows=907 width=4)
	        Recheck Cond: ((id >= 73146) AND (id <= 74145))
	        ->  Bitmap Index Scan on sbtest5_pkey  (cost=0.00..21.50 rows=907 width=0)
	              Index Cond: ((id >= 73146) AND (id <= 74145))

table 6 : explain SELECT SUM(k) FROM sbtest6 WHERE id BETWEEN 5027249 AND 5028248
	Aggregate  (cost=3751.49..3751.50 rows=1 width=8)
	  ->  Bitmap Heap Scan on sbtest6  (cost=22.38..3749.06 rows=970 width=4)
	        Recheck Cond: ((id >= 5027249) AND (id <= 5028248))
	        ->  Bitmap Index Scan on sbtest6_pkey  (cost=0.00..22.14 rows=970 width=0)
	              Index Cond: ((id >= 5027249) AND (id <= 5028248))

table 7 : explain SELECT SUM(k) FROM sbtest7 WHERE id BETWEEN 7444427 AND 7445426
	Aggregate  (cost=4027.73..4027.74 rows=1 width=8)
	  ->  Bitmap Heap Scan on sbtest7  (cost=23.13..4025.12 rows=1043 width=4)
	        Recheck Cond: ((id >= 7444427) AND (id <= 7445426))
	        ->  Bitmap Index Scan on sbtest7_pkey  (cost=0.00..22.86 rows=1043 width=0)
	              Index Cond: ((id >= 7444427) AND (id <= 7445426))

table 8 : explain SELECT SUM(k) FROM sbtest8 WHERE id BETWEEN 6967263 AND 6968262
	Aggregate  (cost=3446.17..3446.18 rows=1 width=8)
	  ->  Bitmap Heap Scan on sbtest8  (cost=21.55..3443.94 rows=889 width=4)
	        Recheck Cond: ((id >= 6967263) AND (id <= 6968262))
	        ->  Bitmap Index Scan on sbtest8_pkey  (cost=0.00..21.32 rows=889 width=0)
	              Index Cond: ((id >= 6967263) AND (id <= 6968262))

for: sum_ranges
table 1 : explain SELECT SUM(k) FROM sbtest1 WHERE id BETWEEN 2509451 AND 2510450
	Aggregate  (cost=3454.61..3454.62 rows=1 width=8)
	  ->  Bitmap Heap Scan on sbtest1  (cost=21.58..3452.38 rows=892 width=4)
	        Recheck Cond: ((id >= 2509451) AND (id <= 2510450))
	        ->  Bitmap Index Scan on sbtest1_pkey  (cost=0.00..21.36 rows=892 width=0)
	              Index Cond: ((id >= 2509451) AND (id <= 2510450))

table 2 : explain SELECT SUM(k) FROM sbtest2 WHERE id BETWEEN 4609866 AND 4610865
	Aggregate  (cost=3720.07..3720.08 rows=1 width=8)
	  ->  Bitmap Heap Scan on sbtest2  (cost=22.30..3717.66 rows=962 width=4)
	        Recheck Cond: ((id >= 4609866) AND (id <= 4610865))
	        ->  Bitmap Index Scan on sbtest2_pkey  (cost=0.00..22.05 rows=962 width=0)
	              Index Cond: ((id >= 4609866) AND (id <= 4610865))

table 3 : explain SELECT SUM(k) FROM sbtest3 WHERE id BETWEEN 3160658 AND 3161657
	Aggregate  (cost=3599.32..3599.33 rows=1 width=8)
	  ->  Bitmap Heap Scan on sbtest3  (cost=21.97..3596.99 rows=930 width=4)
	        Recheck Cond: ((id >= 3160658) AND (id <= 3161657))
	        ->  Bitmap Index Scan on sbtest3_pkey  (cost=0.00..21.73 rows=930 width=0)
	              Index Cond: ((id >= 3160658) AND (id <= 3161657))

table 4 : explain SELECT SUM(k) FROM sbtest4 WHERE id BETWEEN 8755315 AND 8756314
	Aggregate  (cost=3732.53..3732.54 rows=1 width=8)
	  ->  Bitmap Heap Scan on sbtest4  (cost=22.33..3730.11 rows=965 width=4)
	        Recheck Cond: ((id >= 8755315) AND (id <= 8756314))
	        ->  Bitmap Index Scan on sbtest4_pkey  (cost=0.00..22.08 rows=965 width=0)
	              Index Cond: ((id >= 8755315) AND (id <= 8756314))

table 5 : explain SELECT SUM(k) FROM sbtest5 WHERE id BETWEEN 5047496 AND 5048495
	Aggregate  (cost=3909.81..3909.82 rows=1 width=8)
	  ->  Bitmap Heap Scan on sbtest5  (cost=22.81..3907.28 rows=1012 width=4)
	        Recheck Cond: ((id >= 5047496) AND (id <= 5048495))
	        ->  Bitmap Index Scan on sbtest5_pkey  (cost=0.00..22.55 rows=1012 width=0)
	              Index Cond: ((id >= 5047496) AND (id <= 5048495))

table 6 : explain SELECT SUM(k) FROM sbtest6 WHERE id BETWEEN 9421816 AND 9422815
	Aggregate  (cost=3891.04..3891.05 rows=1 width=8)
	  ->  Bitmap Heap Scan on sbtest6  (cost=22.76..3888.52 rows=1007 width=4)
	        Recheck Cond: ((id >= 9421816) AND (id <= 9422815))
	        ->  Bitmap Index Scan on sbtest6_pkey  (cost=0.00..22.50 rows=1007 width=0)
	              Index Cond: ((id >= 9421816) AND (id <= 9422815))

table 7 : explain SELECT SUM(k) FROM sbtest7 WHERE id BETWEEN 4639657 AND 4640656
	Aggregate  (cost=4174.75..4174.76 rows=1 width=8)
	  ->  Bitmap Heap Scan on sbtest7  (cost=27.52..4172.05 rows=1081 width=4)
	        Recheck Cond: ((id >= 4639657) AND (id <= 4640656))
	        ->  Bitmap Index Scan on sbtest7_pkey  (cost=0.00..27.25 rows=1081 width=0)
	              Index Cond: ((id >= 4639657) AND (id <= 4640656))

table 8 : explain SELECT SUM(k) FROM sbtest8 WHERE id BETWEEN 3025721 AND 3026720
	Aggregate  (cost=4152.14..4152.15 rows=1 width=8)
	  ->  Bitmap Heap Scan on sbtest8  (cost=27.45..4149.46 rows=1075 width=4)
	        Recheck Cond: ((id >= 3025721) AND (id <= 3026720))
	        ->  Bitmap Index Scan on sbtest8_pkey  (cost=0.00..27.18 rows=1075 width=0)
	              Index Cond: ((id >= 3025721) AND (id <= 3026720))

for: distinct_ranges
table 1 : explain SELECT DISTINCT c FROM sbtest1 WHERE id BETWEEN 9694623 AND 9695622 ORDER BY c
	Unique  (cost=3787.16..3792.00 rows=968 width=121)
	  ->  Sort  (cost=3787.16..3789.58 rows=968 width=121)
	        Sort Key: c
	        ->  Bitmap Heap Scan on sbtest1  (cost=22.36..3739.15 rows=968 width=121)
	              Recheck Cond: ((id >= 9694623) AND (id <= 9695622))
	              ->  Bitmap Index Scan on sbtest1_pkey  (cost=0.00..22.11 rows=968 width=0)
	                    Index Cond: ((id >= 9694623) AND (id <= 9695622))

table 2 : explain SELECT DISTINCT c FROM sbtest2 WHERE id BETWEEN 2065911 AND 2066910 ORDER BY c
	Unique  (cost=3891.57..3896.54 rows=995 width=121)
	  ->  Sort  (cost=3891.57..3894.06 rows=995 width=121)
	        Sort Key: c
	        ->  Bitmap Heap Scan on sbtest2  (cost=22.63..3842.03 rows=995 width=121)
	              Recheck Cond: ((id >= 2065911) AND (id <= 2066910))
	              ->  Bitmap Index Scan on sbtest2_pkey  (cost=0.00..22.39 rows=995 width=0)
	                    Index Cond: ((id >= 2065911) AND (id <= 2066910))

table 3 : explain SELECT DISTINCT c FROM sbtest3 WHERE id BETWEEN 1462814 AND 1463813 ORDER BY c
	Unique  (cost=4471.70..4477.44 rows=1147 width=121)
	  ->  Sort  (cost=4471.70..4474.57 rows=1147 width=121)
	        Sort Key: c
	        ->  Bitmap Heap Scan on sbtest3  (cost=28.19..4413.41 rows=1147 width=121)
	              Recheck Cond: ((id >= 1462814) AND (id <= 1463813))
	              ->  Bitmap Index Scan on sbtest3_pkey  (cost=0.00..27.90 rows=1147 width=0)
	                    Index Cond: ((id >= 1462814) AND (id <= 1463813))

table 4 : explain SELECT DISTINCT c FROM sbtest4 WHERE id BETWEEN 8648870 AND 8649869 ORDER BY c
	Unique  (cost=3888.94..3893.91 rows=994 width=121)
	  ->  Sort  (cost=3888.94..3891.42 rows=994 width=121)
	        Sort Key: c
	        ->  Bitmap Heap Scan on sbtest4  (cost=22.62..3839.45 rows=994 width=121)
	              Recheck Cond: ((id >= 8648870) AND (id <= 8649869))
	              ->  Bitmap Index Scan on sbtest4_pkey  (cost=0.00..22.37 rows=994 width=0)
	                    Index Cond: ((id >= 8648870) AND (id <= 8649869))

table 5 : explain SELECT DISTINCT c FROM sbtest5 WHERE id BETWEEN 5200493 AND 5201492 ORDER BY c
	Unique  (cost=3655.38..3660.05 rows=933 width=121)
	  ->  Sort  (cost=3655.38..3657.72 rows=933 width=121)
	        Sort Key: c
	        ->  Bitmap Heap Scan on sbtest5  (cost=22.00..3609.36 rows=933 width=121)
	              Recheck Cond: ((id >= 5200493) AND (id <= 5201492))
	              ->  Bitmap Index Scan on sbtest5_pkey  (cost=0.00..21.76 rows=933 width=0)
	                    Index Cond: ((id >= 5200493) AND (id <= 5201492))

table 6 : explain SELECT DISTINCT c FROM sbtest6 WHERE id BETWEEN 9690527 AND 9691526 ORDER BY c
	Unique  (cost=3816.33..3821.20 rows=975 width=121)
	  ->  Sort  (cost=3816.33..3818.76 rows=975 width=121)
	        Sort Key: c
	        ->  Bitmap Heap Scan on sbtest6  (cost=22.43..3767.92 rows=975 width=121)
	              Recheck Cond: ((id >= 9690527) AND (id <= 9691526))
	              ->  Bitmap Index Scan on sbtest6_pkey  (cost=0.00..22.18 rows=975 width=0)
	                    Index Cond: ((id >= 9690527) AND (id <= 9691526))

table 7 : explain SELECT DISTINCT c FROM sbtest7 WHERE id BETWEEN 6957682 AND 6958681 ORDER BY c
	Unique  (cost=3698.53..3703.25 rows=944 width=121)
	  ->  Sort  (cost=3698.53..3700.89 rows=944 width=121)
	        Sort Key: c
	        ->  Bitmap Heap Scan on sbtest7  (cost=22.11..3651.88 rows=944 width=121)
	              Recheck Cond: ((id >= 6957682) AND (id <= 6958681))
	              ->  Bitmap Index Scan on sbtest7_pkey  (cost=0.00..21.87 rows=944 width=0)
	                    Index Cond: ((id >= 6957682) AND (id <= 6958681))

table 8 : explain SELECT DISTINCT c FROM sbtest8 WHERE id BETWEEN 5970238 AND 5971237 ORDER BY c
	Unique  (cost=3955.03..3960.09 rows=1011 width=121)
	  ->  Sort  (cost=3955.03..3957.56 rows=1011 width=121)
	        Sort Key: c
	        ->  Bitmap Heap Scan on sbtest8  (cost=22.80..3904.58 rows=1011 width=121)
	              Recheck Cond: ((id >= 5970238) AND (id <= 5971237))
	              ->  Bitmap Index Scan on sbtest8_pkey  (cost=0.00..22.54 rows=1011 width=0)
	                    Index Cond: ((id >= 5970238) AND (id <= 5971237))

for: sum_ranges
table 1 : explain SELECT SUM(k) FROM sbtest1 WHERE id BETWEEN 1965415 AND 1966414
	Aggregate  (cost=3696.31..3696.32 rows=1 width=8)
	  ->  Bitmap Heap Scan on sbtest1  (cost=22.23..3693.92 rows=956 width=4)
	        Recheck Cond: ((id >= 1965415) AND (id <= 1966414))
	        ->  Bitmap Index Scan on sbtest1_pkey  (cost=0.00..22.00 rows=956 width=0)
	              Index Cond: ((id >= 1965415) AND (id <= 1966414))

table 2 : explain SELECT SUM(k) FROM sbtest2 WHERE id BETWEEN 6248460 AND 6249459
	Aggregate  (cost=3983.87..3983.88 rows=1 width=8)
	  ->  Bitmap Heap Scan on sbtest2  (cost=23.01..3981.29 rows=1032 width=4)
	        Recheck Cond: ((id >= 6248460) AND (id <= 6249459))
	        ->  Bitmap Index Scan on sbtest2_pkey  (cost=0.00..22.75 rows=1032 width=0)
	              Index Cond: ((id >= 6248460) AND (id <= 6249459))

table 3 : explain SELECT SUM(k) FROM sbtest3 WHERE id BETWEEN 7126566 AND 7127565
	Aggregate  (cost=3652.19..3652.20 rows=1 width=8)
	  ->  Bitmap Heap Scan on sbtest3  (cost=22.11..3649.83 rows=944 width=4)
	        Recheck Cond: ((id >= 7126566) AND (id <= 7127565))
	        ->  Bitmap Index Scan on sbtest3_pkey  (cost=0.00..21.87 rows=944 width=0)
	              Index Cond: ((id >= 7126566) AND (id <= 7127565))

table 4 : explain SELECT SUM(k) FROM sbtest4 WHERE id BETWEEN 9955277 AND 9956276
	Aggregate  (cost=4218.38..4218.39 rows=1 width=8)
	  ->  Bitmap Heap Scan on sbtest4  (cost=23.65..4215.65 rows=1094 width=4)
	        Recheck Cond: ((id >= 9955277) AND (id <= 9956276))
	        ->  Bitmap Index Scan on sbtest4_pkey  (cost=0.00..23.37 rows=1094 width=0)
	              Index Cond: ((id >= 9955277) AND (id <= 9956276))

table 5 : explain SELECT SUM(k) FROM sbtest5 WHERE id BETWEEN 2690776 AND 2691775
	Aggregate  (cost=3751.42..3751.43 rows=1 width=8)
	  ->  Bitmap Heap Scan on sbtest5  (cost=22.38..3749.00 rows=970 width=4)
	        Recheck Cond: ((id >= 2690776) AND (id <= 2691775))
	        ->  Bitmap Index Scan on sbtest5_pkey  (cost=0.00..22.14 rows=970 width=0)
	              Index Cond: ((id >= 2690776) AND (id <= 2691775))

table 6 : explain SELECT SUM(k) FROM sbtest6 WHERE id BETWEEN 2810574 AND 2811573
	Aggregate  (cost=3766.58..3766.59 rows=1 width=8)
	  ->  Bitmap Heap Scan on sbtest6  (cost=22.42..3764.15 rows=974 width=4)
	        Recheck Cond: ((id >= 2810574) AND (id <= 2811573))
	        ->  Bitmap Index Scan on sbtest6_pkey  (cost=0.00..22.18 rows=974 width=0)
	              Index Cond: ((id >= 2810574) AND (id <= 2811573))

table 7 : explain SELECT SUM(k) FROM sbtest7 WHERE id BETWEEN 8641657 AND 8642656
	Aggregate  (cost=3782.65..3782.66 rows=1 width=8)
	  ->  Bitmap Heap Scan on sbtest7  (cost=22.46..3780.21 rows=978 width=4)
	        Recheck Cond: ((id >= 8641657) AND (id <= 8642656))
	        ->  Bitmap Index Scan on sbtest7_pkey  (cost=0.00..22.21 rows=978 width=0)
	              Index Cond: ((id >= 8641657) AND (id <= 8642656))

table 8 : explain SELECT SUM(k) FROM sbtest8 WHERE id BETWEEN 1293651 AND 1294650
	Aggregate  (cost=3903.33..3903.34 rows=1 width=8)
	  ->  Bitmap Heap Scan on sbtest8  (cost=22.79..3900.81 rows=1010 width=4)
	        Recheck Cond: ((id >= 1293651) AND (id <= 1294650))
	        ->  Bitmap Index Scan on sbtest8_pkey  (cost=0.00..22.54 rows=1010 width=0)
	              Index Cond: ((id >= 1293651) AND (id <= 1294650))

for: distinct_ranges
table 1 : explain SELECT DISTINCT c FROM sbtest1 WHERE id BETWEEN 3418652 AND 3419651 ORDER BY c
	Unique  (cost=3702.98..3707.71 rows=946 width=121)
	  ->  Sort  (cost=3702.98..3705.34 rows=946 width=121)
	        Sort Key: c
	        ->  Bitmap Heap Scan on sbtest1  (cost=22.13..3656.22 rows=946 width=121)
	              Recheck Cond: ((id >= 3418652) AND (id <= 3419651))
	              ->  Bitmap Index Scan on sbtest1_pkey  (cost=0.00..21.89 rows=946 width=0)
	                    Index Cond: ((id >= 3418652) AND (id <= 3419651))

table 2 : explain SELECT DISTINCT c FROM sbtest2 WHERE id BETWEEN 4623788 AND 4624787 ORDER BY c
	Unique  (cost=3765.33..3770.14 rows=962 width=121)
	  ->  Sort  (cost=3765.33..3767.73 rows=962 width=121)
	        Sort Key: c
	        ->  Bitmap Heap Scan on sbtest2  (cost=22.30..3717.66 rows=962 width=121)
	              Recheck Cond: ((id >= 4623788) AND (id <= 4624787))
	              ->  Bitmap Index Scan on sbtest2_pkey  (cost=0.00..22.05 rows=962 width=0)
	                    Index Cond: ((id >= 4623788) AND (id <= 4624787))

table 3 : explain SELECT DISTINCT c FROM sbtest3 WHERE id BETWEEN 3280618 AND 3281617 ORDER BY c
	Unique  (cost=3899.28..3904.27 rows=997 width=121)
	  ->  Sort  (cost=3899.28..3901.78 rows=997 width=121)
	        Sort Key: c
	        ->  Bitmap Heap Scan on sbtest3  (cost=22.65..3849.63 rows=997 width=121)
	              Recheck Cond: ((id >= 3280618) AND (id <= 3281617))
	              ->  Bitmap Index Scan on sbtest3_pkey  (cost=0.00..22.40 rows=997 width=0)
	                    Index Cond: ((id >= 3280618) AND (id <= 3281617))

table 4 : explain SELECT DISTINCT c FROM sbtest4 WHERE id BETWEEN 1598635 AND 1599634 ORDER BY c
	Unique  (cost=3900.41..3905.40 rows=997 width=121)
	  ->  Sort  (cost=3900.41..3902.90 rows=997 width=121)
	        Sort Key: c
	        ->  Bitmap Heap Scan on sbtest4  (cost=22.65..3850.75 rows=997 width=121)
	              Recheck Cond: ((id >= 1598635) AND (id <= 1599634))
	              ->  Bitmap Index Scan on sbtest4_pkey  (cost=0.00..22.40 rows=997 width=0)
	                    Index Cond: ((id >= 1598635) AND (id <= 1599634))

table 5 : explain SELECT DISTINCT c FROM sbtest5 WHERE id BETWEEN 1355231 AND 1356230 ORDER BY c
	Unique  (cost=4026.60..4031.75 rows=1030 width=121)
	  ->  Sort  (cost=4026.60..4029.17 rows=1030 width=121)
	        Sort Key: c
	        ->  Bitmap Heap Scan on sbtest5  (cost=22.99..3975.05 rows=1030 width=121)
	              Recheck Cond: ((id >= 1355231) AND (id <= 1356230))
	              ->  Bitmap Index Scan on sbtest5_pkey  (cost=0.00..22.73 rows=1030 width=0)
	                    Index Cond: ((id >= 1355231) AND (id <= 1356230))

table 6 : explain SELECT DISTINCT c FROM sbtest6 WHERE id BETWEEN 7906924 AND 7907923 ORDER BY c
	Unique  (cost=3839.29..3844.19 rows=981 width=121)
	  ->  Sort  (cost=3839.29..3841.74 rows=981 width=121)
	        Sort Key: c
	        ->  Bitmap Heap Scan on sbtest6  (cost=22.49..3790.54 rows=981 width=121)
	              Recheck Cond: ((id >= 7906924) AND (id <= 7907923))
	              ->  Bitmap Index Scan on sbtest6_pkey  (cost=0.00..22.25 rows=981 width=0)
	                    Index Cond: ((id >= 7906924) AND (id <= 7907923))

table 7 : explain SELECT DISTINCT c FROM sbtest7 WHERE id BETWEEN 3226529 AND 3227528 ORDER BY c
	Unique  (cost=3870.89..3875.84 rows=989 width=121)
	  ->  Sort  (cost=3870.89..3873.37 rows=989 width=121)
	        Sort Key: c
	        ->  Bitmap Heap Scan on sbtest7  (cost=22.57..3821.69 rows=989 width=121)
	              Recheck Cond: ((id >= 3226529) AND (id <= 3227528))
	              ->  Bitmap Index Scan on sbtest7_pkey  (cost=0.00..22.32 rows=989 width=0)
	                    Index Cond: ((id >= 3226529) AND (id <= 3227528))

table 8 : explain SELECT DISTINCT c FROM sbtest8 WHERE id BETWEEN 3618049 AND 3619048 ORDER BY c
	Unique  (cost=3755.98..3760.77 rows=959 width=121)
	  ->  Sort  (cost=3755.98..3758.37 rows=959 width=121)
	        Sort Key: c
	        ->  Bitmap Heap Scan on sbtest8  (cost=22.26..3708.48 rows=959 width=121)
	              Recheck Cond: ((id >= 3618049) AND (id <= 3619048))
	              ->  Bitmap Index Scan on sbtest8_pkey  (cost=0.00..22.02 rows=959 width=0)
	                    Index Cond: ((id >= 3618049) AND (id <= 3619048))

for: sum_ranges
table 1 : explain SELECT SUM(k) FROM sbtest1 WHERE id BETWEEN 2775338 AND 2776337
	Aggregate  (cost=3888.53..3888.54 rows=1 width=8)
	  ->  Bitmap Heap Scan on sbtest1  (cost=22.76..3886.01 rows=1007 width=4)
	        Recheck Cond: ((id >= 2775338) AND (id <= 2776337))
	        ->  Bitmap Index Scan on sbtest1_pkey  (cost=0.00..22.50 rows=1007 width=0)
	              Index Cond: ((id >= 2775338) AND (id <= 2776337))

table 2 : explain SELECT SUM(k) FROM sbtest2 WHERE id BETWEEN 9256937 AND 9257936
	Aggregate  (cost=3674.78..3674.79 rows=1 width=8)
	  ->  Bitmap Heap Scan on sbtest2  (cost=22.17..3672.40 rows=950 width=4)
	        Recheck Cond: ((id >= 9256937) AND (id <= 9257936))
	        ->  Bitmap Index Scan on sbtest2_pkey  (cost=0.00..21.93 rows=950 width=0)
	              Index Cond: ((id >= 9256937) AND (id <= 9257936))

table 3 : explain SELECT SUM(k) FROM sbtest3 WHERE id BETWEEN 5023963 AND 5024962
	Aggregate  (cost=3991.47..3991.48 rows=1 width=8)
	  ->  Bitmap Heap Scan on sbtest3  (cost=23.03..3988.89 rows=1034 width=4)
	        Recheck Cond: ((id >= 5023963) AND (id <= 5024962))
	        ->  Bitmap Index Scan on sbtest3_pkey  (cost=0.00..22.77 rows=1034 width=0)
	              Index Cond: ((id >= 5023963) AND (id <= 5024962))

table 4 : explain SELECT SUM(k) FROM sbtest4 WHERE id BETWEEN 3005129 AND 3006128
	Aggregate  (cost=3913.56..3913.57 rows=1 width=8)
	  ->  Bitmap Heap Scan on sbtest4  (cost=22.82..3911.02 rows=1013 width=4)
	        Recheck Cond: ((id >= 3005129) AND (id <= 3006128))
	        ->  Bitmap Index Scan on sbtest4_pkey  (cost=0.00..22.57 rows=1013 width=0)
	              Index Cond: ((id >= 3005129) AND (id <= 3006128))

table 5 : explain SELECT SUM(k) FROM sbtest5 WHERE id BETWEEN 2396323 AND 2397322
	Aggregate  (cost=3894.74..3894.75 rows=1 width=8)
	  ->  Bitmap Heap Scan on sbtest5  (cost=22.77..3892.22 rows=1008 width=4)
	        Recheck Cond: ((id >= 2396323) AND (id <= 2397322))
	        ->  Bitmap Index Scan on sbtest5_pkey  (cost=0.00..22.51 rows=1008 width=0)
	              Index Cond: ((id >= 2396323) AND (id <= 2397322))

table 6 : explain SELECT SUM(k) FROM sbtest6 WHERE id BETWEEN 2997708 AND 2998707
	Aggregate  (cost=3505.89..3505.90 rows=1 width=8)
	  ->  Bitmap Heap Scan on sbtest6  (cost=21.71..3503.63 rows=905 width=4)
	        Recheck Cond: ((id >= 2997708) AND (id <= 2998707))
	        ->  Bitmap Index Scan on sbtest6_pkey  (cost=0.00..21.48 rows=905 width=0)
	              Index Cond: ((id >= 2997708) AND (id <= 2998707))

table 7 : explain SELECT SUM(k) FROM sbtest7 WHERE id BETWEEN 5517756 AND 5518755
	Aggregate  (cost=4182.28..4182.29 rows=1 width=8)
	  ->  Bitmap Heap Scan on sbtest7  (cost=27.54..4179.57 rows=1083 width=4)
	        Recheck Cond: ((id >= 5517756) AND (id <= 5518755))
	        ->  Bitmap Index Scan on sbtest7_pkey  (cost=0.00..27.26 rows=1083 width=0)
	              Index Cond: ((id >= 5517756) AND (id <= 5518755))

table 8 : explain SELECT SUM(k) FROM sbtest8 WHERE id BETWEEN 7145122 AND 7146121
	Aggregate  (cost=3861.85..3861.86 rows=1 width=8)
	  ->  Bitmap Heap Scan on sbtest8  (cost=22.67..3859.36 rows=999 width=4)
	        Recheck Cond: ((id >= 7145122) AND (id <= 7146121))
	        ->  Bitmap Index Scan on sbtest8_pkey  (cost=0.00..22.43 rows=999 width=0)
	              Index Cond: ((id >= 7145122) AND (id <= 7146121))

for: order_ranges
table 1 : explain SELECT c FROM sbtest1 WHERE id BETWEEN 8052802 AND 8053801 ORDER BY c
	Sort  (cost=3407.86..3410.03 rows=869 width=121)
	  Sort Key: c
	  ->  Bitmap Heap Scan on sbtest1  (cost=21.34..3365.44 rows=869 width=121)
	        Recheck Cond: ((id >= 8052802) AND (id <= 8053801))
	        ->  Bitmap Index Scan on sbtest1_pkey  (cost=0.00..21.12 rows=869 width=0)
	              Index Cond: ((id >= 8052802) AND (id <= 8053801))

table 2 : explain SELECT c FROM sbtest2 WHERE id BETWEEN 2250350 AND 2251349 ORDER BY c
	Sort  (cost=3642.79..3645.11 rows=930 width=121)
	  Sort Key: c
	  ->  Bitmap Heap Scan on sbtest2  (cost=21.97..3596.93 rows=930 width=121)
	        Recheck Cond: ((id >= 2250350) AND (id <= 2251349))
	        ->  Bitmap Index Scan on sbtest2_pkey  (cost=0.00..21.73 rows=930 width=0)
	              Index Cond: ((id >= 2250350) AND (id <= 2251349))

table 3 : explain SELECT c FROM sbtest3 WHERE id BETWEEN 3803881 AND 3804880 ORDER BY c
	Sort  (cost=4113.20..4115.83 rows=1053 width=121)
	  Sort Key: c
	  ->  Bitmap Heap Scan on sbtest3  (cost=23.23..4060.33 rows=1053 width=121)
	        Recheck Cond: ((id >= 3803881) AND (id <= 3804880))
	        ->  Bitmap Index Scan on sbtest3_pkey  (cost=0.00..22.96 rows=1053 width=0)
	              Index Cond: ((id >= 3803881) AND (id <= 3804880))

table 4 : explain SELECT c FROM sbtest4 WHERE id BETWEEN 9081682 AND 9082681 ORDER BY c
	Sort  (cost=3712.84..3715.21 rows=948 width=121)
	  Sort Key: c
	  ->  Bitmap Heap Scan on sbtest4  (cost=22.15..3665.97 rows=948 width=121)
	        Recheck Cond: ((id >= 9081682) AND (id <= 9082681))
	        ->  Bitmap Index Scan on sbtest4_pkey  (cost=0.00..21.91 rows=948 width=0)
	              Index Cond: ((id >= 9081682) AND (id <= 9082681))

table 5 : explain SELECT c FROM sbtest5 WHERE id BETWEEN 6128145 AND 6129144 ORDER BY c
	Sort  (cost=4118.26..4120.90 rows=1054 width=121)
	  Sort Key: c
	  ->  Bitmap Heap Scan on sbtest5  (cost=23.24..4065.35 rows=1054 width=121)
	        Recheck Cond: ((id >= 6128145) AND (id <= 6129144))
	        ->  Bitmap Index Scan on sbtest5_pkey  (cost=0.00..22.97 rows=1054 width=0)
	              Index Cond: ((id >= 6128145) AND (id <= 6129144))

table 6 : explain SELECT c FROM sbtest6 WHERE id BETWEEN 7413206 AND 7414205 ORDER BY c
	Sort  (cost=4278.79..4281.53 rows=1095 width=121)
	  Sort Key: c
	  ->  Bitmap Heap Scan on sbtest6  (cost=27.66..4223.51 rows=1095 width=121)
	        Recheck Cond: ((id >= 7413206) AND (id <= 7414205))
	        ->  Bitmap Index Scan on sbtest6_pkey  (cost=0.00..27.39 rows=1095 width=0)
	              Index Cond: ((id >= 7413206) AND (id <= 7414205))

table 7 : explain SELECT c FROM sbtest7 WHERE id BETWEEN 7207447 AND 7208446 ORDER BY c
	Sort  (cost=4218.89..4221.59 rows=1079 width=121)
	  Sort Key: c
	  ->  Bitmap Heap Scan on sbtest7  (cost=27.49..4164.53 rows=1079 width=121)
	        Recheck Cond: ((id >= 7207447) AND (id <= 7208446))
	        ->  Bitmap Index Scan on sbtest7_pkey  (cost=0.00..27.22 rows=1079 width=0)
	              Index Cond: ((id >= 7207447) AND (id <= 7208446))

table 8 : explain SELECT c FROM sbtest8 WHERE id BETWEEN 6588416 AND 6589415 ORDER BY c
	Sort  (cost=4298.98..4301.73 rows=1100 width=121)
	  Sort Key: c
	  ->  Bitmap Heap Scan on sbtest8  (cost=27.71..4243.41 rows=1100 width=121)
	        Recheck Cond: ((id >= 6588416) AND (id <= 6589415))
	        ->  Bitmap Index Scan on sbtest8_pkey  (cost=0.00..27.43 rows=1100 width=0)
	              Index Cond: ((id >= 6588416) AND (id <= 6589415))

for: sum_ranges
table 1 : explain SELECT SUM(k) FROM sbtest1 WHERE id BETWEEN 9359516 AND 9360515
	Aggregate  (cost=4121.74..4121.75 rows=1 width=8)
	  ->  Bitmap Heap Scan on sbtest1  (cost=23.39..4119.07 rows=1069 width=4)
	        Recheck Cond: ((id >= 9359516) AND (id <= 9360515))
	        ->  Bitmap Index Scan on sbtest1_pkey  (cost=0.00..23.12 rows=1069 width=0)
	              Index Cond: ((id >= 9359516) AND (id <= 9360515))

table 2 : explain SELECT SUM(k) FROM sbtest2 WHERE id BETWEEN 9351632 AND 9352631
	Aggregate  (cost=3754.02..3754.03 rows=1 width=8)
	  ->  Bitmap Heap Scan on sbtest2  (cost=22.39..3751.59 rows=971 width=4)
	        Recheck Cond: ((id >= 9351632) AND (id <= 9352631))
	        ->  Bitmap Index Scan on sbtest2_pkey  (cost=0.00..22.14 rows=971 width=0)
	              Index Cond: ((id >= 9351632) AND (id <= 9352631))

table 3 : explain SELECT SUM(k) FROM sbtest3 WHERE id BETWEEN 767753 AND 768752
	Aggregate  (cost=3859.66..3859.67 rows=1 width=8)
	  ->  Bitmap Heap Scan on sbtest3  (cost=22.67..3857.16 rows=999 width=4)
	        Recheck Cond: ((id >= 767753) AND (id <= 768752))
	        ->  Bitmap Index Scan on sbtest3_pkey  (cost=0.00..22.43 rows=999 width=0)
	              Index Cond: ((id >= 767753) AND (id <= 768752))

table 4 : explain SELECT SUM(k) FROM sbtest4 WHERE id BETWEEN 4242299 AND 4243298
	Aggregate  (cost=4045.37..4045.38 rows=1 width=8)
	  ->  Bitmap Heap Scan on sbtest4  (cost=23.18..4042.75 rows=1048 width=4)
	        Recheck Cond: ((id >= 4242299) AND (id <= 4243298))
	        ->  Bitmap Index Scan on sbtest4_pkey  (cost=0.00..22.91 rows=1048 width=0)
	              Index Cond: ((id >= 4242299) AND (id <= 4243298))

table 5 : explain SELECT SUM(k) FROM sbtest5 WHERE id BETWEEN 7461616 AND 7462615
	Aggregate  (cost=3649.48..3649.49 rows=1 width=8)
	  ->  Bitmap Heap Scan on sbtest5  (cost=22.10..3647.12 rows=943 width=4)
	        Recheck Cond: ((id >= 7461616) AND (id <= 7462615))
	        ->  Bitmap Index Scan on sbtest5_pkey  (cost=0.00..21.86 rows=943 width=0)
	              Index Cond: ((id >= 7461616) AND (id <= 7462615))

table 6 : explain SELECT SUM(k) FROM sbtest6 WHERE id BETWEEN 8949513 AND 8950512
	Aggregate  (cost=4342.72..4342.73 rows=1 width=8)
	  ->  Bitmap Heap Scan on sbtest6  (cost=27.99..4339.91 rows=1127 width=4)
	        Recheck Cond: ((id >= 8949513) AND (id <= 8950512))
	        ->  Bitmap Index Scan on sbtest6_pkey  (cost=0.00..27.70 rows=1127 width=0)
	              Index Cond: ((id >= 8949513) AND (id <= 8950512))

table 7 : explain SELECT SUM(k) FROM sbtest7 WHERE id BETWEEN 4600155 AND 4601154
	Aggregate  (cost=4174.75..4174.76 rows=1 width=8)
	  ->  Bitmap Heap Scan on sbtest7  (cost=27.52..4172.05 rows=1081 width=4)
	        Recheck Cond: ((id >= 4600155) AND (id <= 4601154))
	        ->  Bitmap Index Scan on sbtest7_pkey  (cost=0.00..27.25 rows=1081 width=0)
	              Index Cond: ((id >= 4600155) AND (id <= 4601154))

table 8 : explain SELECT SUM(k) FROM sbtest8 WHERE id BETWEEN 4012480 AND 4013479
	Aggregate  (cost=4219.84..4219.85 rows=1 width=8)
	  ->  Bitmap Heap Scan on sbtest8  (cost=27.64..4217.11 rows=1093 width=4)
	        Recheck Cond: ((id >= 4012480) AND (id <= 4013479))
	        ->  Bitmap Index Scan on sbtest8_pkey  (cost=0.00..27.36 rows=1093 width=0)
	              Index Cond: ((id >= 4012480) AND (id <= 4013479))

for point_selects
table 1 : explain SELECT c FROM sbtest1 WHERE id=1962333
	Index Scan using sbtest1_pkey on sbtest1  (cost=0.43..8.45 rows=1 width=121)
	  Index Cond: (id = 1962333)

table 2 : explain SELECT c FROM sbtest2 WHERE id=2215135
	Index Scan using sbtest2_pkey on sbtest2  (cost=0.43..8.45 rows=1 width=121)
	  Index Cond: (id = 2215135)

table 3 : explain SELECT c FROM sbtest3 WHERE id=5566772
	Index Scan using sbtest3_pkey on sbtest3  (cost=0.43..8.45 rows=1 width=121)
	  Index Cond: (id = 5566772)

table 4 : explain SELECT c FROM sbtest4 WHERE id=5639696
	Index Scan using sbtest4_pkey on sbtest4  (cost=0.43..8.45 rows=1 width=121)
	  Index Cond: (id = 5639696)

table 5 : explain SELECT c FROM sbtest5 WHERE id=354709
	Index Scan using sbtest5_pkey on sbtest5  (cost=0.43..8.45 rows=1 width=121)
	  Index Cond: (id = 354709)

table 6 : explain SELECT c FROM sbtest6 WHERE id=6786489
	Index Scan using sbtest6_pkey on sbtest6  (cost=0.43..8.45 rows=1 width=121)
	  Index Cond: (id = 6786489)

table 7 : explain SELECT c FROM sbtest7 WHERE id=6246404
	Index Scan using sbtest7_pkey on sbtest7  (cost=0.43..8.45 rows=1 width=121)
	  Index Cond: (id = 6246404)

table 8 : explain SELECT c FROM sbtest8 WHERE id=7097822
	Index Scan using sbtest8_pkey on sbtest8  (cost=0.43..8.45 rows=1 width=121)
	  Index Cond: (id = 7097822)

for: sum_ranges
table 1 : explain SELECT SUM(k) FROM sbtest1 WHERE id BETWEEN 1703743 AND 1704742
	Aggregate  (cost=3549.09..3549.10 rows=1 width=8)
	  ->  Bitmap Heap Scan on sbtest1  (cost=21.83..3546.80 rows=917 width=4)
	        Recheck Cond: ((id >= 1703743) AND (id <= 1704742))
	        ->  Bitmap Index Scan on sbtest1_pkey  (cost=0.00..21.61 rows=917 width=0)
	              Index Cond: ((id >= 1703743) AND (id <= 1704742))

table 2 : explain SELECT SUM(k) FROM sbtest2 WHERE id BETWEEN 905606 AND 906605
	Aggregate  (cost=4047.85..4047.86 rows=1 width=8)
	  ->  Bitmap Heap Scan on sbtest2  (cost=23.19..4045.22 rows=1049 width=4)
	        Recheck Cond: ((id >= 905606) AND (id <= 906605))
	        ->  Bitmap Index Scan on sbtest2_pkey  (cost=0.00..22.93 rows=1049 width=0)
	              Index Cond: ((id >= 905606) AND (id <= 906605))

table 3 : explain SELECT SUM(k) FROM sbtest3 WHERE id BETWEEN 4809364 AND 4810363
	Aggregate  (cost=3754.09..3754.10 rows=1 width=8)
	  ->  Bitmap Heap Scan on sbtest3  (cost=22.39..3751.66 rows=971 width=4)
	        Recheck Cond: ((id >= 4809364) AND (id <= 4810363))
	        ->  Bitmap Index Scan on sbtest3_pkey  (cost=0.00..22.14 rows=971 width=0)
	              Index Cond: ((id >= 4809364) AND (id <= 4810363))

table 4 : explain SELECT SUM(k) FROM sbtest4 WHERE id BETWEEN 1462547 AND 1463546
	Aggregate  (cost=3641.90..3641.91 rows=1 width=8)
	  ->  Bitmap Heap Scan on sbtest4  (cost=22.08..3639.55 rows=941 width=4)
	        Recheck Cond: ((id >= 1462547) AND (id <= 1463546))
	        ->  Bitmap Index Scan on sbtest4_pkey  (cost=0.00..21.84 rows=941 width=0)
	              Index Cond: ((id >= 1462547) AND (id <= 1463546))

table 5 : explain SELECT SUM(k) FROM sbtest5 WHERE id BETWEEN 783615 AND 784614
	Aggregate  (cost=3872.12..3872.13 rows=1 width=8)
	  ->  Bitmap Heap Scan on sbtest5  (cost=22.71..3869.62 rows=1002 width=4)
	        Recheck Cond: ((id >= 783615) AND (id <= 784614))
	        ->  Bitmap Index Scan on sbtest5_pkey  (cost=0.00..22.45 rows=1002 width=0)
	              Index Cond: ((id >= 783615) AND (id <= 784614))

table 6 : explain SELECT SUM(k) FROM sbtest6 WHERE id BETWEEN 1357048 AND 1358047
	Aggregate  (cost=3909.89..3909.90 rows=1 width=8)
	  ->  Bitmap Heap Scan on sbtest6  (cost=22.81..3907.36 rows=1012 width=4)
	        Recheck Cond: ((id >= 1357048) AND (id <= 1358047))
	        ->  Bitmap Index Scan on sbtest6_pkey  (cost=0.00..22.55 rows=1012 width=0)
	              Index Cond: ((id >= 1357048) AND (id <= 1358047))

table 7 : explain SELECT SUM(k) FROM sbtest7 WHERE id BETWEEN 6688571 AND 6689570
	Aggregate  (cost=3537.03..3537.04 rows=1 width=8)
	  ->  Bitmap Heap Scan on sbtest7  (cost=21.79..3534.75 rows=913 width=4)
	        Recheck Cond: ((id >= 6688571) AND (id <= 6689570))
	        ->  Bitmap Index Scan on sbtest7_pkey  (cost=0.00..21.57 rows=913 width=0)
	              Index Cond: ((id >= 6688571) AND (id <= 6689570))

table 8 : explain SELECT SUM(k) FROM sbtest8 WHERE id BETWEEN 3599047 AND 3600046
	Aggregate  (cost=3710.88..3710.89 rows=1 width=8)
	  ->  Bitmap Heap Scan on sbtest8  (cost=22.26..3708.48 rows=959 width=4)
	        Recheck Cond: ((id >= 3599047) AND (id <= 3600046))
	        ->  Bitmap Index Scan on sbtest8_pkey  (cost=0.00..22.02 rows=959 width=0)
	              Index Cond: ((id >= 3599047) AND (id <= 3600046))

for: sum_ranges
table 1 : explain SELECT SUM(k) FROM sbtest1 WHERE id BETWEEN 7635837 AND 7636836
	Aggregate  (cost=3918.65..3918.66 rows=1 width=8)
	  ->  Bitmap Heap Scan on sbtest1  (cost=22.84..3916.11 rows=1015 width=4)
	        Recheck Cond: ((id >= 7635837) AND (id <= 7636836))
	        ->  Bitmap Index Scan on sbtest1_pkey  (cost=0.00..22.58 rows=1015 width=0)
	              Index Cond: ((id >= 7635837) AND (id <= 7636836))

table 2 : explain SELECT SUM(k) FROM sbtest2 WHERE id BETWEEN 757096 AND 758095
	Aggregate  (cost=3931.16..3931.17 rows=1 width=8)
	  ->  Bitmap Heap Scan on sbtest2  (cost=22.87..3928.62 rows=1018 width=4)
	        Recheck Cond: ((id >= 757096) AND (id <= 758095))
	        ->  Bitmap Index Scan on sbtest2_pkey  (cost=0.00..22.61 rows=1018 width=0)
	              Index Cond: ((id >= 757096) AND (id <= 758095))

table 3 : explain SELECT SUM(k) FROM sbtest3 WHERE id BETWEEN 6677860 AND 6678859
	Aggregate  (cost=3806.89..3806.90 rows=1 width=8)
	  ->  Bitmap Heap Scan on sbtest3  (cost=22.53..3804.42 rows=985 width=4)
	        Recheck Cond: ((id >= 6677860) AND (id <= 6678859))
	        ->  Bitmap Index Scan on sbtest3_pkey  (cost=0.00..22.29 rows=985 width=0)
	              Index Cond: ((id >= 6677860) AND (id <= 6678859))

table 4 : explain SELECT SUM(k) FROM sbtest4 WHERE id BETWEEN 5407478 AND 5408477
	Aggregate  (cost=3747.62..3747.63 rows=1 width=8)
	  ->  Bitmap Heap Scan on sbtest4  (cost=22.37..3745.20 rows=969 width=4)
	        Recheck Cond: ((id >= 5407478) AND (id <= 5408477))
	        ->  Bitmap Index Scan on sbtest4_pkey  (cost=0.00..22.12 rows=969 width=0)
	              Index Cond: ((id >= 5407478) AND (id <= 5408477))

table 5 : explain SELECT SUM(k) FROM sbtest5 WHERE id BETWEEN 3604147 AND 3605146
	Aggregate  (cost=3532.31..3532.32 rows=1 width=8)
	  ->  Bitmap Heap Scan on sbtest5  (cost=21.78..3530.03 rows=912 width=4)
	        Recheck Cond: ((id >= 3604147) AND (id <= 3605146))
	        ->  Bitmap Index Scan on sbtest5_pkey  (cost=0.00..21.55 rows=912 width=0)
	              Index Cond: ((id >= 3604147) AND (id <= 3605146))

table 6 : explain SELECT SUM(k) FROM sbtest6 WHERE id BETWEEN 8262730 AND 8263729
	Aggregate  (cost=4053.00..4053.01 rows=1 width=8)
	  ->  Bitmap Heap Scan on sbtest6  (cost=23.20..4050.38 rows=1050 width=4)
	        Recheck Cond: ((id >= 8262730) AND (id <= 8263729))
	        ->  Bitmap Index Scan on sbtest6_pkey  (cost=0.00..22.93 rows=1050 width=0)
	              Index Cond: ((id >= 8262730) AND (id <= 8263729))

table 7 : explain SELECT SUM(k) FROM sbtest7 WHERE id BETWEEN 1097347 AND 1098346
	Aggregate  (cost=4121.84..4121.85 rows=1 width=8)
	  ->  Bitmap Heap Scan on sbtest7  (cost=23.38..4119.17 rows=1068 width=4)
	        Recheck Cond: ((id >= 1097347) AND (id <= 1098346))
	        ->  Bitmap Index Scan on sbtest7_pkey  (cost=0.00..23.11 rows=1068 width=0)
	              Index Cond: ((id >= 1097347) AND (id <= 1098346))

table 8 : explain SELECT SUM(k) FROM sbtest8 WHERE id BETWEEN 7518529 AND 7519528
	Aggregate  (cost=3869.40..3869.41 rows=1 width=8)
	  ->  Bitmap Heap Scan on sbtest8  (cost=22.70..3866.89 rows=1001 width=4)
	        Recheck Cond: ((id >= 7518529) AND (id <= 7519528))
	        ->  Bitmap Index Scan on sbtest8_pkey  (cost=0.00..22.44 rows=1001 width=0)
	              Index Cond: ((id >= 7518529) AND (id <= 7519528))

for: sum_ranges
table 1 : explain SELECT SUM(k) FROM sbtest1 WHERE id BETWEEN 9316023 AND 9317022
	Aggregate  (cost=3858.40..3858.41 rows=1 width=8)
	  ->  Bitmap Heap Scan on sbtest1  (cost=22.67..3855.90 rows=999 width=4)
	        Recheck Cond: ((id >= 9316023) AND (id <= 9317022))
	        ->  Bitmap Index Scan on sbtest1_pkey  (cost=0.00..22.43 rows=999 width=0)
	              Index Cond: ((id >= 9316023) AND (id <= 9317022))

table 2 : explain SELECT SUM(k) FROM sbtest2 WHERE id BETWEEN 9871715 AND 9872714
	Aggregate  (cost=3855.82..3855.83 rows=1 width=8)
	  ->  Bitmap Heap Scan on sbtest2  (cost=22.66..3853.32 rows=998 width=4)
	        Recheck Cond: ((id >= 9871715) AND (id <= 9872714))
	        ->  Bitmap Index Scan on sbtest2_pkey  (cost=0.00..22.41 rows=998 width=0)
	              Index Cond: ((id >= 9871715) AND (id <= 9872714))

table 3 : explain SELECT SUM(k) FROM sbtest3 WHERE id BETWEEN 5474908 AND 5475907
	Aggregate  (cost=3761.63..3761.64 rows=1 width=8)
	  ->  Bitmap Heap Scan on sbtest3  (cost=22.41..3759.20 rows=973 width=4)
	        Recheck Cond: ((id >= 5474908) AND (id <= 5475907))
	        ->  Bitmap Index Scan on sbtest3_pkey  (cost=0.00..22.16 rows=973 width=0)
	              Index Cond: ((id >= 5474908) AND (id <= 5475907))

table 4 : explain SELECT SUM(k) FROM sbtest4 WHERE id BETWEEN 5720076 AND 5721075
	Aggregate  (cost=3604.11..3604.12 rows=1 width=8)
	  ->  Bitmap Heap Scan on sbtest4  (cost=21.98..3601.79 rows=931 width=4)
	        Recheck Cond: ((id >= 5720076) AND (id <= 5721075))
	        ->  Bitmap Index Scan on sbtest4_pkey  (cost=0.00..21.75 rows=931 width=0)
	              Index Cond: ((id >= 5720076) AND (id <= 5721075))

table 5 : explain SELECT SUM(k) FROM sbtest5 WHERE id BETWEEN 5157469 AND 5158468
	Aggregate  (cost=3611.69..3611.70 rows=1 width=8)
	  ->  Bitmap Heap Scan on sbtest5  (cost=22.00..3609.36 rows=933 width=4)
	        Recheck Cond: ((id >= 5157469) AND (id <= 5158468))
	        ->  Bitmap Index Scan on sbtest5_pkey  (cost=0.00..21.76 rows=933 width=0)
	              Index Cond: ((id >= 5157469) AND (id <= 5158468))

table 6 : explain SELECT SUM(k) FROM sbtest6 WHERE id BETWEEN 4748532 AND 4749531
	Aggregate  (cost=3486.98..3486.99 rows=1 width=8)
	  ->  Bitmap Heap Scan on sbtest6  (cost=21.66..3484.73 rows=900 width=4)
	        Recheck Cond: ((id >= 4748532) AND (id <= 4749531))
	        ->  Bitmap Index Scan on sbtest6_pkey  (cost=0.00..21.43 rows=900 width=0)
	              Index Cond: ((id >= 4748532) AND (id <= 4749531))

table 7 : explain SELECT SUM(k) FROM sbtest7 WHERE id BETWEEN 1236885 AND 1237884
	Aggregate  (cost=3729.80..3729.81 rows=1 width=8)
	  ->  Bitmap Heap Scan on sbtest7  (cost=22.32..3727.39 rows=964 width=4)
	        Recheck Cond: ((id >= 1236885) AND (id <= 1237884))
	        ->  Bitmap Index Scan on sbtest7_pkey  (cost=0.00..22.07 rows=964 width=0)
	              Index Cond: ((id >= 1236885) AND (id <= 1237884))

table 8 : explain SELECT SUM(k) FROM sbtest8 WHERE id BETWEEN 5222247 AND 5223246
	Aggregate  (cost=3858.08..3858.09 rows=1 width=8)
	  ->  Bitmap Heap Scan on sbtest8  (cost=22.66..3855.59 rows=998 width=4)
	        Recheck Cond: ((id >= 5222247) AND (id <= 5223246))
	        ->  Bitmap Index Scan on sbtest8_pkey  (cost=0.00..22.41 rows=998 width=0)
	              Index Cond: ((id >= 5222247) AND (id <= 5223246))

for: sum_ranges
table 1 : explain SELECT SUM(k) FROM sbtest1 WHERE id BETWEEN 7070167 AND 7071166
	Aggregate  (cost=3560.42..3560.43 rows=1 width=8)
	  ->  Bitmap Heap Scan on sbtest1  (cost=21.87..3558.12 rows=920 width=4)
	        Recheck Cond: ((id >= 7070167) AND (id <= 7071166))
	        ->  Bitmap Index Scan on sbtest1_pkey  (cost=0.00..21.64 rows=920 width=0)
	              Index Cond: ((id >= 7070167) AND (id <= 7071166))

table 2 : explain SELECT SUM(k) FROM sbtest2 WHERE id BETWEEN 6527206 AND 6528205
	Aggregate  (cost=4318.66..4318.67 rows=1 width=8)
	  ->  Bitmap Heap Scan on sbtest2  (cost=27.93..4315.85 rows=1121 width=4)
	        Recheck Cond: ((id >= 6527206) AND (id <= 6528205))
	        ->  Bitmap Index Scan on sbtest2_pkey  (cost=0.00..27.64 rows=1121 width=0)
	              Index Cond: ((id >= 6527206) AND (id <= 6528205))

table 3 : explain SELECT SUM(k) FROM sbtest3 WHERE id BETWEEN 900683 AND 901682
	Aggregate  (cost=3769.18..3769.19 rows=1 width=8)
	  ->  Bitmap Heap Scan on sbtest3  (cost=22.43..3766.74 rows=975 width=4)
	        Recheck Cond: ((id >= 900683) AND (id <= 901682))
	        ->  Bitmap Index Scan on sbtest3_pkey  (cost=0.00..22.18 rows=975 width=0)
	              Index Cond: ((id >= 900683) AND (id <= 901682))

table 4 : explain SELECT SUM(k) FROM sbtest4 WHERE id BETWEEN 2404868 AND 2405867
	Aggregate  (cost=3343.03..3343.04 rows=1 width=8)
	  ->  Bitmap Heap Scan on sbtest4  (cost=21.27..3340.88 rows=862 width=4)
	        Recheck Cond: ((id >= 2404868) AND (id <= 2405867))
	        ->  Bitmap Index Scan on sbtest4_pkey  (cost=0.00..21.05 rows=862 width=0)
	              Index Cond: ((id >= 2404868) AND (id <= 2405867))

table 5 : explain SELECT SUM(k) FROM sbtest5 WHERE id BETWEEN 3819963 AND 3820962
	Aggregate  (cost=4045.40..4045.41 rows=1 width=8)
	  ->  Bitmap Heap Scan on sbtest5  (cost=23.18..4042.78 rows=1048 width=4)
	        Recheck Cond: ((id >= 3819963) AND (id <= 3820962))
	        ->  Bitmap Index Scan on sbtest5_pkey  (cost=0.00..22.91 rows=1048 width=0)
	              Index Cond: ((id >= 3819963) AND (id <= 3820962))

table 6 : explain SELECT SUM(k) FROM sbtest6 WHERE id BETWEEN 3768333 AND 3769332
	Aggregate  (cost=3630.65..3630.66 rows=1 width=8)
	  ->  Bitmap Heap Scan on sbtest6  (cost=22.05..3628.31 rows=938 width=4)
	        Recheck Cond: ((id >= 3768333) AND (id <= 3769332))
	        ->  Bitmap Index Scan on sbtest6_pkey  (cost=0.00..21.82 rows=938 width=0)
	              Index Cond: ((id >= 3768333) AND (id <= 3769332))

table 7 : explain SELECT SUM(k) FROM sbtest7 WHERE id BETWEEN 4098119 AND 4099118
	Aggregate  (cost=4280.03..4280.04 rows=1 width=8)
	  ->  Bitmap Heap Scan on sbtest7  (cost=27.80..4277.26 rows=1109 width=4)
	        Recheck Cond: ((id >= 4098119) AND (id <= 4099118))
	        ->  Bitmap Index Scan on sbtest7_pkey  (cost=0.00..27.52 rows=1109 width=0)
	              Index Cond: ((id >= 4098119) AND (id <= 4099118))

table 8 : explain SELECT SUM(k) FROM sbtest8 WHERE id BETWEEN 1516198 AND 1517197
	Aggregate  (cost=3707.10..3707.11 rows=1 width=8)
	  ->  Bitmap Heap Scan on sbtest8  (cost=22.25..3704.71 rows=958 width=4)
	        Recheck Cond: ((id >= 1516198) AND (id <= 1517197))
	        ->  Bitmap Index Scan on sbtest8_pkey  (cost=0.00..22.01 rows=958 width=0)
	              Index Cond: ((id >= 1516198) AND (id <= 1517197))

for: distinct_ranges
table 1 : explain SELECT DISTINCT c FROM sbtest1 WHERE id BETWEEN 751413 AND 752412 ORDER BY c
	Unique  (cost=3974.43..3979.52 rows=1017 width=121)
	  ->  Sort  (cost=3974.43..3976.97 rows=1017 width=121)
	        Sort Key: c
	        ->  Bitmap Heap Scan on sbtest1  (cost=22.86..3923.63 rows=1017 width=121)
	              Recheck Cond: ((id >= 751413) AND (id <= 752412))
	              ->  Bitmap Index Scan on sbtest1_pkey  (cost=0.00..22.61 rows=1017 width=0)
	                    Index Cond: ((id >= 751413) AND (id <= 752412))

table 2 : explain SELECT DISTINCT c FROM sbtest2 WHERE id BETWEEN 132782 AND 133781 ORDER BY c
	Unique  (cost=3669.60..3674.29 rows=937 width=121)
	  ->  Sort  (cost=3669.60..3671.95 rows=937 width=121)
	        Sort Key: c
	        ->  Bitmap Heap Scan on sbtest2  (cost=22.04..3623.35 rows=937 width=121)
	              Recheck Cond: ((id >= 132782) AND (id <= 133781))
	              ->  Bitmap Index Scan on sbtest2_pkey  (cost=0.00..21.80 rows=937 width=0)
	                    Index Cond: ((id >= 132782) AND (id <= 133781))

table 3 : explain SELECT DISTINCT c FROM sbtest3 WHERE id BETWEEN 7848424 AND 7849423 ORDER BY c
	Unique  (cost=4277.38..4282.86 rows=1095 width=121)
	  ->  Sort  (cost=4277.38..4280.12 rows=1095 width=121)
	        Sort Key: c
	        ->  Bitmap Heap Scan on sbtest3  (cost=27.66..4222.10 rows=1095 width=121)
	              Recheck Cond: ((id >= 7848424) AND (id <= 7849423))
	              ->  Bitmap Index Scan on sbtest3_pkey  (cost=0.00..27.39 rows=1095 width=0)
	                    Index Cond: ((id >= 7848424) AND (id <= 7849423))

table 4 : explain SELECT DISTINCT c FROM sbtest4 WHERE id BETWEEN 1638886 AND 1639885 ORDER BY c
	Unique  (cost=3808.58..3813.44 rows=973 width=121)
	  ->  Sort  (cost=3808.58..3811.01 rows=973 width=121)
	        Sort Key: c
	        ->  Bitmap Heap Scan on sbtest4  (cost=22.41..3760.29 rows=973 width=121)
	              Recheck Cond: ((id >= 1638886) AND (id <= 1639885))
	              ->  Bitmap Index Scan on sbtest4_pkey  (cost=0.00..22.16 rows=973 width=0)
	                    Index Cond: ((id >= 1638886) AND (id <= 1639885))

table 5 : explain SELECT DISTINCT c FROM sbtest5 WHERE id BETWEEN 471332 AND 472331 ORDER BY c
	Unique  (cost=3574.87..3579.43 rows=912 width=121)
	  ->  Sort  (cost=3574.87..3577.15 rows=912 width=121)
	        Sort Key: c
	        ->  Bitmap Heap Scan on sbtest5  (cost=21.78..3530.03 rows=912 width=121)
	              Recheck Cond: ((id >= 471332) AND (id <= 472331))
	              ->  Bitmap Index Scan on sbtest5_pkey  (cost=0.00..21.55 rows=912 width=0)
	                    Index Cond: ((id >= 471332) AND (id <= 472331))

table 6 : explain SELECT DISTINCT c FROM sbtest6 WHERE id BETWEEN 4776901 AND 4777900 ORDER BY c
	Unique  (cost=3528.89..3533.39 rows=900 width=121)
	  ->  Sort  (cost=3528.89..3531.14 rows=900 width=121)
	        Sort Key: c
	        ->  Bitmap Heap Scan on sbtest6  (cost=21.66..3484.73 rows=900 width=121)
	              Recheck Cond: ((id >= 4776901) AND (id <= 4777900))
	              ->  Bitmap Index Scan on sbtest6_pkey  (cost=0.00..21.43 rows=900 width=0)
	                    Index Cond: ((id >= 4776901) AND (id <= 4777900))

table 7 : explain SELECT DISTINCT c FROM sbtest7 WHERE id BETWEEN 6163229 AND 6164228 ORDER BY c
	Unique  (cost=3824.95..3829.84 rows=977 width=121)
	  ->  Sort  (cost=3824.95..3827.40 rows=977 width=121)
	        Sort Key: c
	        ->  Bitmap Heap Scan on sbtest7  (cost=22.45..3776.44 rows=977 width=121)
	              Recheck Cond: ((id >= 6163229) AND (id <= 6164228))
	              ->  Bitmap Index Scan on sbtest7_pkey  (cost=0.00..22.20 rows=977 width=0)
	                    Index Cond: ((id >= 6163229) AND (id <= 6164228))

table 8 : explain SELECT DISTINCT c FROM sbtest8 WHERE id BETWEEN 3705431 AND 3706430 ORDER BY c
	Unique  (cost=3882.34..3887.30 rows=992 width=121)
	  ->  Sort  (cost=3882.34..3884.82 rows=992 width=121)
	        Sort Key: c
	        ->  Bitmap Heap Scan on sbtest8  (cost=22.60..3832.97 rows=992 width=121)
	              Recheck Cond: ((id >= 3705431) AND (id <= 3706430))
	              ->  Bitmap Index Scan on sbtest8_pkey  (cost=0.00..22.36 rows=992 width=0)
	                    Index Cond: ((id >= 3705431) AND (id <= 3706430))

for: sum_ranges
table 1 : explain SELECT SUM(k) FROM sbtest1 WHERE id BETWEEN 6752774 AND 6753773
	Aggregate  (cost=4133.01..4133.02 rows=1 width=8)
	  ->  Bitmap Heap Scan on sbtest1  (cost=23.42..4130.33 rows=1072 width=4)
	        Recheck Cond: ((id >= 6752774) AND (id <= 6753773))
	        ->  Bitmap Index Scan on sbtest1_pkey  (cost=0.00..23.15 rows=1072 width=0)
	              Index Cond: ((id >= 6752774) AND (id <= 6753773))

table 2 : explain SELECT SUM(k) FROM sbtest2 WHERE id BETWEEN 9859218 AND 9860217
	Aggregate  (cost=3855.82..3855.83 rows=1 width=8)
	  ->  Bitmap Heap Scan on sbtest2  (cost=22.66..3853.32 rows=998 width=4)
	        Recheck Cond: ((id >= 9859218) AND (id <= 9860217))
	        ->  Bitmap Index Scan on sbtest2_pkey  (cost=0.00..22.41 rows=998 width=0)
	              Index Cond: ((id >= 9859218) AND (id <= 9860217))

table 3 : explain SELECT SUM(k) FROM sbtest3 WHERE id BETWEEN 1251800 AND 1252799
	Aggregate  (cost=4172.00..4172.01 rows=1 width=8)
	  ->  Bitmap Heap Scan on sbtest3  (cost=23.53..4169.29 rows=1082 width=4)
	        Recheck Cond: ((id >= 1251800) AND (id <= 1252799))
	        ->  Bitmap Index Scan on sbtest3_pkey  (cost=0.00..23.25 rows=1082 width=0)
	              Index Cond: ((id >= 1251800) AND (id <= 1252799))

table 4 : explain SELECT SUM(k) FROM sbtest4 WHERE id BETWEEN 254068 AND 255067
	Aggregate  (cost=3973.83..3973.84 rows=1 width=8)
	  ->  Bitmap Heap Scan on sbtest4  (cost=22.98..3971.26 rows=1029 width=4)
	        Recheck Cond: ((id >= 254068) AND (id <= 255067))
	        ->  Bitmap Index Scan on sbtest4_pkey  (cost=0.00..22.72 rows=1029 width=0)
	              Index Cond: ((id >= 254068) AND (id <= 255067))

table 5 : explain SELECT SUM(k) FROM sbtest5 WHERE id BETWEEN 4943635 AND 4944634
	Aggregate  (cost=3830.65..3830.66 rows=1 width=8)
	  ->  Bitmap Heap Scan on sbtest5  (cost=22.59..3828.17 rows=991 width=4)
	        Recheck Cond: ((id >= 4943635) AND (id <= 4944634))
	        ->  Bitmap Index Scan on sbtest5_pkey  (cost=0.00..22.34 rows=991 width=0)
	              Index Cond: ((id >= 4943635) AND (id <= 4944634))

table 6 : explain SELECT SUM(k) FROM sbtest6 WHERE id BETWEEN 6232113 AND 6233112
	Aggregate  (cost=3649.54..3649.55 rows=1 width=8)
	  ->  Bitmap Heap Scan on sbtest6  (cost=22.10..3647.18 rows=943 width=4)
	        Recheck Cond: ((id >= 6232113) AND (id <= 6233112))
	        ->  Bitmap Index Scan on sbtest6_pkey  (cost=0.00..21.86 rows=943 width=0)
	              Index Cond: ((id >= 6232113) AND (id <= 6233112))

table 7 : explain SELECT SUM(k) FROM sbtest7 WHERE id BETWEEN 6930597 AND 6931596
	Aggregate  (cost=3654.24..3654.25 rows=1 width=8)
	  ->  Bitmap Heap Scan on sbtest7  (cost=22.11..3651.88 rows=944 width=4)
	        Recheck Cond: ((id >= 6930597) AND (id <= 6931596))
	        ->  Bitmap Index Scan on sbtest7_pkey  (cost=0.00..21.87 rows=944 width=0)
	              Index Cond: ((id >= 6930597) AND (id <= 6931596))

table 8 : explain SELECT SUM(k) FROM sbtest8 WHERE id BETWEEN 238670 AND 239669
	Aggregate  (cost=4159.67..4159.68 rows=1 width=8)
	  ->  Bitmap Heap Scan on sbtest8  (cost=27.47..4156.97 rows=1077 width=4)
	        Recheck Cond: ((id >= 238670) AND (id <= 239669))
	        ->  Bitmap Index Scan on sbtest8_pkey  (cost=0.00..27.20 rows=1077 width=0)
	              Index Cond: ((id >= 238670) AND (id <= 239669))

explain: for point_selects :: explain SELECT c FROM sbtest%u WHERE id=%u
for: order_ranges
table 1 : explain SELECT c FROM sbtest1 WHERE id BETWEEN 771253 AND 772252 ORDER BY c
	Sort  (cost=3974.43..3976.97 rows=1017 width=121)
	  Sort Key: c
	  ->  Bitmap Heap Scan on sbtest1  (cost=22.86..3923.63 rows=1017 width=121)
	        Recheck Cond: ((id >= 771253) AND (id <= 772252))
	        ->  Bitmap Index Scan on sbtest1_pkey  (cost=0.00..22.61 rows=1017 width=0)
	              Index Cond: ((id >= 771253) AND (id <= 772252))

table 2 : explain SELECT c FROM sbtest2 WHERE id BETWEEN 1905583 AND 1906582 ORDER BY c
	Sort  (cost=3845.68..3848.14 rows=983 width=121)
	  Sort Key: c
	  ->  Bitmap Heap Scan on sbtest2  (cost=22.51..3796.82 rows=983 width=121)
	        Recheck Cond: ((id >= 1905583) AND (id <= 1906582))
	        ->  Bitmap Index Scan on sbtest2_pkey  (cost=0.00..22.26 rows=983 width=0)
	              Index Cond: ((id >= 1905583) AND (id <= 1906582))

table 3 : explain SELECT c FROM sbtest3 WHERE id BETWEEN 6261574 AND 6262573 ORDER BY c
	Sort  (cost=3861.05..3863.51 rows=987 width=121)
	  Sort Key: c
	  ->  Bitmap Heap Scan on sbtest3  (cost=22.55..3811.96 rows=987 width=121)
	        Recheck Cond: ((id >= 6261574) AND (id <= 6262573))
	        ->  Bitmap Index Scan on sbtest3_pkey  (cost=0.00..22.30 rows=987 width=0)
	              Index Cond: ((id >= 6261574) AND (id <= 6262573))

table 4 : explain SELECT c FROM sbtest4 WHERE id BETWEEN 577538 AND 578537 ORDER BY c
	Sort  (cost=4072.41..4075.02 rows=1042 width=121)
	  Sort Key: c
	  ->  Bitmap Heap Scan on sbtest4  (cost=23.12..4020.18 rows=1042 width=121)
	        Recheck Cond: ((id >= 577538) AND (id <= 578537))
	        ->  Bitmap Index Scan on sbtest4_pkey  (cost=0.00..22.86 rows=1042 width=0)
	              Index Cond: ((id >= 577538) AND (id <= 578537))

table 5 : explain SELECT c FROM sbtest5 WHERE id BETWEEN 6924021 AND 6925020 ORDER BY c
	Sort  (cost=3862.18..3864.65 rows=987 width=121)
	  Sort Key: c
	  ->  Bitmap Heap Scan on sbtest5  (cost=22.55..3813.09 rows=987 width=121)
	        Recheck Cond: ((id >= 6924021) AND (id <= 6925020))
	        ->  Bitmap Index Scan on sbtest5_pkey  (cost=0.00..22.30 rows=987 width=0)
	              Index Cond: ((id >= 6924021) AND (id <= 6925020))

table 6 : explain SELECT c FROM sbtest6 WHERE id BETWEEN 3103243 AND 3104242 ORDER BY c
	Sort  (cost=4061.05..4063.65 rows=1039 width=121)
	  Sort Key: c
	  ->  Bitmap Heap Scan on sbtest6  (cost=23.08..4009.00 rows=1039 width=121)
	        Recheck Cond: ((id >= 3103243) AND (id <= 3104242))
	        ->  Bitmap Index Scan on sbtest6_pkey  (cost=0.00..22.82 rows=1039 width=0)
	              Index Cond: ((id >= 3103243) AND (id <= 3104242))

table 7 : explain SELECT c FROM sbtest7 WHERE id BETWEEN 6205782 AND 6206781 ORDER BY c
	Sort  (cost=4000.96..4003.52 rows=1023 width=121)
	  Sort Key: c
	  ->  Bitmap Heap Scan on sbtest7  (cost=22.92..3949.82 rows=1023 width=121)
	        Recheck Cond: ((id >= 6205782) AND (id <= 6206781))
	        ->  Bitmap Index Scan on sbtest7_pkey  (cost=0.00..22.66 rows=1023 width=0)
	              Index Cond: ((id >= 6205782) AND (id <= 6206781))

table 8 : explain SELECT c FROM sbtest8 WHERE id BETWEEN 66043 AND 67042 ORDER BY c
	Sort  (cost=4211.22..4213.91 rows=1077 width=121)
	  Sort Key: c
	  ->  Bitmap Heap Scan on sbtest8  (cost=27.47..4156.97 rows=1077 width=121)
	        Recheck Cond: ((id >= 66043) AND (id <= 67042))
	        ->  Bitmap Index Scan on sbtest8_pkey  (cost=0.00..27.20 rows=1077 width=0)
	              Index Cond: ((id >= 66043) AND (id <= 67042))

for: sum_ranges
table 1 : explain SELECT SUM(k) FROM sbtest1 WHERE id BETWEEN 2575044 AND 2576043
	Aggregate  (cost=4106.71..4106.72 rows=1 width=8)
	  ->  Bitmap Heap Scan on sbtest1  (cost=23.35..4104.05 rows=1065 width=4)
	        Recheck Cond: ((id >= 2575044) AND (id <= 2576043))
	        ->  Bitmap Index Scan on sbtest1_pkey  (cost=0.00..23.08 rows=1065 width=0)
	              Index Cond: ((id >= 2575044) AND (id <= 2576043))

table 2 : explain SELECT SUM(k) FROM sbtest2 WHERE id BETWEEN 3445269 AND 3446268
	Aggregate  (cost=3972.58..3972.59 rows=1 width=8)
	  ->  Bitmap Heap Scan on sbtest2  (cost=22.98..3970.01 rows=1029 width=4)
	        Recheck Cond: ((id >= 3445269) AND (id <= 3446268))
	        ->  Bitmap Index Scan on sbtest2_pkey  (cost=0.00..22.72 rows=1029 width=0)
	              Index Cond: ((id >= 3445269) AND (id <= 3446268))

table 3 : explain SELECT SUM(k) FROM sbtest3 WHERE id BETWEEN 1671118 AND 1672117
	Aggregate  (cost=3648.42..3648.43 rows=1 width=8)
	  ->  Bitmap Heap Scan on sbtest3  (cost=22.10..3646.06 rows=943 width=4)
	        Recheck Cond: ((id >= 1671118) AND (id <= 1672117))
	        ->  Bitmap Index Scan on sbtest3_pkey  (cost=0.00..21.86 rows=943 width=0)
	              Index Cond: ((id >= 1671118) AND (id <= 1672117))

table 4 : explain SELECT SUM(k) FROM sbtest4 WHERE id BETWEEN 2347223 AND 2348222
	Aggregate  (cost=3343.03..3343.04 rows=1 width=8)
	  ->  Bitmap Heap Scan on sbtest4  (cost=21.27..3340.88 rows=862 width=4)
	        Recheck Cond: ((id >= 2347223) AND (id <= 2348222))
	        ->  Bitmap Index Scan on sbtest4_pkey  (cost=0.00..21.05 rows=862 width=0)
	              Index Cond: ((id >= 2347223) AND (id <= 2348222))

table 5 : explain SELECT SUM(k) FROM sbtest5 WHERE id BETWEEN 9630561 AND 9631560
	Aggregate  (cost=3792.93..3792.94 rows=1 width=8)
	  ->  Bitmap Heap Scan on sbtest5  (cost=22.49..3790.47 rows=981 width=4)
	        Recheck Cond: ((id >= 9630561) AND (id <= 9631560))
	        ->  Bitmap Index Scan on sbtest5_pkey  (cost=0.00..22.25 rows=981 width=0)
	              Index Cond: ((id >= 9630561) AND (id <= 9631560))

table 6 : explain SELECT SUM(k) FROM sbtest6 WHERE id BETWEEN 1268190 AND 1269189
	Aggregate  (cost=3864.65..3864.66 rows=1 width=8)
	  ->  Bitmap Heap Scan on sbtest6  (cost=22.68..3862.15 rows=1000 width=4)
	        Recheck Cond: ((id >= 1268190) AND (id <= 1269189))
	        ->  Bitmap Index Scan on sbtest6_pkey  (cost=0.00..22.43 rows=1000 width=0)
	              Index Cond: ((id >= 1268190) AND (id <= 1269189))

table 7 : explain SELECT SUM(k) FROM sbtest7 WHERE id BETWEEN 2528745 AND 2529744
	Aggregate  (cost=3974.99..3975.00 rows=1 width=8)
	  ->  Bitmap Heap Scan on sbtest7  (cost=22.98..3972.41 rows=1029 width=4)
	        Recheck Cond: ((id >= 2528745) AND (id <= 2529744))
	        ->  Bitmap Index Scan on sbtest7_pkey  (cost=0.00..22.72 rows=1029 width=0)
	              Index Cond: ((id >= 2528745) AND (id <= 2529744))

table 8 : explain SELECT SUM(k) FROM sbtest8 WHERE id BETWEEN 7637231 AND 7638230
	Aggregate  (cost=4058.05..4058.06 rows=1 width=8)
	  ->  Bitmap Heap Scan on sbtest8  (cost=27.20..4055.42 rows=1050 width=4)
	        Recheck Cond: ((id >= 7637231) AND (id <= 7638230))
	        ->  Bitmap Index Scan on sbtest8_pkey  (cost=0.00..26.93 rows=1050 width=0)
	              Index Cond: ((id >= 7637231) AND (id <= 7638230))

for: order_ranges
table 1 : explain SELECT c FROM sbtest1 WHERE id BETWEEN 2700057 AND 2701056 ORDER BY c
	Sort  (cost=3829.22..3831.67 rows=979 width=121)
	  Sort Key: c
	  ->  Bitmap Heap Scan on sbtest1  (cost=22.47..3780.59 rows=979 width=121)
	        Recheck Cond: ((id >= 2700057) AND (id <= 2701056))
	        ->  Bitmap Index Scan on sbtest1_pkey  (cost=0.00..22.22 rows=979 width=0)
	              Index Cond: ((id >= 2700057) AND (id <= 2701056))

table 2 : explain SELECT c FROM sbtest2 WHERE id BETWEEN 401362 AND 402361 ORDER BY c
	Sort  (cost=3876.27..3878.75 rows=991 width=121)
	  Sort Key: c
	  ->  Bitmap Heap Scan on sbtest2  (cost=22.59..3826.96 rows=991 width=121)
	        Recheck Cond: ((id >= 401362) AND (id <= 402361))
	        ->  Bitmap Index Scan on sbtest2_pkey  (cost=0.00..22.34 rows=991 width=0)
	              Index Cond: ((id >= 401362) AND (id <= 402361))

table 3 : explain SELECT c FROM sbtest3 WHERE id BETWEEN 1631772 AND 1632771 ORDER BY c
	Sort  (cost=3692.65..3695.01 rows=943 width=121)
	  Sort Key: c
	  ->  Bitmap Heap Scan on sbtest3  (cost=22.10..3646.06 rows=943 width=121)
	        Recheck Cond: ((id >= 1631772) AND (id <= 1632771))
	        ->  Bitmap Index Scan on sbtest3_pkey  (cost=0.00..21.86 rows=943 width=0)
	              Index Cond: ((id >= 1631772) AND (id <= 1632771))

table 4 : explain SELECT c FROM sbtest4 WHERE id BETWEEN 6985370 AND 6986369 ORDER BY c
	Sort  (cost=4343.57..4346.36 rows=1113 width=121)
	  Sort Key: c
	  ->  Bitmap Heap Scan on sbtest4  (cost=27.84..4287.25 rows=1113 width=121)
	        Recheck Cond: ((id >= 6985370) AND (id <= 6986369))
	        ->  Bitmap Index Scan on sbtest4_pkey  (cost=0.00..27.57 rows=1113 width=0)
	              Index Cond: ((id >= 6985370) AND (id <= 6986369))

table 5 : explain SELECT c FROM sbtest5 WHERE id BETWEEN 6503200 AND 6504199 ORDER BY c
	Sort  (cost=3647.72..3650.05 rows=931 width=121)
	  Sort Key: c
	  ->  Bitmap Heap Scan on sbtest5  (cost=21.98..3601.81 rows=931 width=121)
	        Recheck Cond: ((id >= 6503200) AND (id <= 6504199))
	        ->  Bitmap Index Scan on sbtest5_pkey  (cost=0.00..21.75 rows=931 width=0)
	              Index Cond: ((id >= 6503200) AND (id <= 6504199))

table 6 : explain SELECT c FROM sbtest6 WHERE id BETWEEN 4155852 AND 4156851 ORDER BY c
	Sort  (cost=3980.81..3983.35 rows=1018 width=121)
	  Sort Key: c
	  ->  Bitmap Heap Scan on sbtest6  (cost=22.87..3929.95 rows=1018 width=121)
	        Recheck Cond: ((id >= 4155852) AND (id <= 4156851))
	        ->  Bitmap Index Scan on sbtest6_pkey  (cost=0.00..22.61 rows=1018 width=0)
	              Index Cond: ((id >= 4155852) AND (id <= 4156851))

table 7 : explain SELECT c FROM sbtest7 WHERE id BETWEEN 4281285 AND 4282284 ORDER BY c
	Sort  (cost=4058.30..4060.90 rows=1038 width=121)
	  Sort Key: c
	  ->  Bitmap Heap Scan on sbtest7  (cost=23.07..4006.30 rows=1038 width=121)
	        Recheck Cond: ((id >= 4281285) AND (id <= 4282284))
	        ->  Bitmap Index Scan on sbtest7_pkey  (cost=0.00..22.82 rows=1038 width=0)
	              Index Cond: ((id >= 4281285) AND (id <= 4282284))

table 8 : explain SELECT c FROM sbtest8 WHERE id BETWEEN 6583938 AND 6584937 ORDER BY c
	Sort  (cost=4027.69..4030.26 rows=1030 width=121)
	  Sort Key: c
	  ->  Bitmap Heap Scan on sbtest8  (cost=22.99..3976.14 rows=1030 width=121)
	        Recheck Cond: ((id >= 6583938) AND (id <= 6584937))
	        ->  Bitmap Index Scan on sbtest8_pkey  (cost=0.00..22.73 rows=1030 width=0)
	              Index Cond: ((id >= 6583938) AND (id <= 6584937))

for point_selects
table 1 : explain SELECT c FROM sbtest1 WHERE id=2936294
	Index Scan using sbtest1_pkey on sbtest1  (cost=0.43..8.45 rows=1 width=121)
	  Index Cond: (id = 2936294)

table 2 : explain SELECT c FROM sbtest2 WHERE id=9089299
	Index Scan using sbtest2_pkey on sbtest2  (cost=0.43..8.45 rows=1 width=121)
	  Index Cond: (id = 9089299)

table 3 : explain SELECT c FROM sbtest3 WHERE id=6909193
	Index Scan using sbtest3_pkey on sbtest3  (cost=0.43..8.45 rows=1 width=121)
	  Index Cond: (id = 6909193)

table 4 : explain SELECT c FROM sbtest4 WHERE id=3827998
	Index Scan using sbtest4_pkey on sbtest4  (cost=0.43..8.45 rows=1 width=121)
	  Index Cond: (id = 3827998)

table 5 : explain SELECT c FROM sbtest5 WHERE id=2754291
	Index Scan using sbtest5_pkey on sbtest5  (cost=0.43..8.45 rows=1 width=121)
	  Index Cond: (id = 2754291)

table 6 : explain SELECT c FROM sbtest6 WHERE id=48050
	Index Scan using sbtest6_pkey on sbtest6  (cost=0.43..8.45 rows=1 width=121)
	  Index Cond: (id = 48050)

table 7 : explain SELECT c FROM sbtest7 WHERE id=3266486
	Index Scan using sbtest7_pkey on sbtest7  (cost=0.43..8.45 rows=1 width=121)
	  Index Cond: (id = 3266486)

table 8 : explain SELECT c FROM sbtest8 WHERE id=4974812
	Index Scan using sbtest8_pkey on sbtest8  (cost=0.43..8.45 rows=1 width=121)
	  Index Cond: (id = 4974812)

for: order_ranges
table 1 : explain SELECT c FROM sbtest1 WHERE id BETWEEN 75254 AND 76253 ORDER BY c
	Sort  (cost=3775.68..3778.09 rows=965 width=121)
	  Sort Key: c
	  ->  Bitmap Heap Scan on sbtest1  (cost=22.33..3727.84 rows=965 width=121)
	        Recheck Cond: ((id >= 75254) AND (id <= 76253))
	        ->  Bitmap Index Scan on sbtest1_pkey  (cost=0.00..22.08 rows=965 width=0)
	              Index Cond: ((id >= 75254) AND (id <= 76253))

table 2 : explain SELECT c FROM sbtest2 WHERE id BETWEEN 5164412 AND 5165411 ORDER BY c
	Sort  (cost=3975.65..3978.20 rows=1017 width=121)
	  Sort Key: c
	  ->  Bitmap Heap Scan on sbtest2  (cost=22.86..3924.85 rows=1017 width=121)
	        Recheck Cond: ((id >= 5164412) AND (id <= 5165411))
	        ->  Bitmap Index Scan on sbtest2_pkey  (cost=0.00..22.61 rows=1017 width=0)
	              Index Cond: ((id >= 5164412) AND (id <= 5165411))

table 3 : explain SELECT c FROM sbtest3 WHERE id BETWEEN 5709954 AND 5710953 ORDER BY c
	Sort  (cost=3750.08..3752.48 rows=958 width=121)
	  Sort Key: c
	  ->  Bitmap Heap Scan on sbtest3  (cost=22.25..3702.64 rows=958 width=121)
	        Recheck Cond: ((id >= 5709954) AND (id <= 5710953))
	        ->  Bitmap Index Scan on sbtest3_pkey  (cost=0.00..22.01 rows=958 width=0)
	              Index Cond: ((id >= 5709954) AND (id <= 5710953))

table 4 : explain SELECT c FROM sbtest4 WHERE id BETWEEN 3100858 AND 3101857 ORDER BY c
	Sort  (cost=3973.06..3975.60 rows=1016 width=121)
	  Sort Key: c
	  ->  Bitmap Heap Scan on sbtest4  (cost=22.85..3922.32 rows=1016 width=121)
	        Recheck Cond: ((id >= 3100858) AND (id <= 3101857))
	        ->  Bitmap Index Scan on sbtest4_pkey  (cost=0.00..22.59 rows=1016 width=0)
	              Index Cond: ((id >= 3100858) AND (id <= 3101857))

table 5 : explain SELECT c FROM sbtest5 WHERE id BETWEEN 7995196 AND 7996195 ORDER BY c
	Sort  (cost=3751.17..3753.56 rows=958 width=121)
	  Sort Key: c
	  ->  Bitmap Heap Scan on sbtest5  (cost=22.25..3703.73 rows=958 width=121)
	        Recheck Cond: ((id >= 7995196) AND (id <= 7996195))
	        ->  Bitmap Index Scan on sbtest5_pkey  (cost=0.00..22.01 rows=958 width=0)
	              Index Cond: ((id >= 7995196) AND (id <= 7996195))

table 6 : explain SELECT c FROM sbtest6 WHERE id BETWEEN 3694587 AND 3695586 ORDER BY c
	Sort  (cost=3674.61..3676.96 rows=938 width=121)
	  Sort Key: c
	  ->  Bitmap Heap Scan on sbtest6  (cost=22.05..3628.31 rows=938 width=121)
	        Recheck Cond: ((id >= 3694587) AND (id <= 3695586))
	        ->  Bitmap Index Scan on sbtest6_pkey  (cost=0.00..21.82 rows=938 width=0)
	              Index Cond: ((id >= 3694587) AND (id <= 3695586))

table 7 : explain SELECT c FROM sbtest7 WHERE id BETWEEN 8088409 AND 8089408 ORDER BY c
	Sort  (cost=4157.62..4160.28 rows=1064 width=121)
	  Sort Key: c
	  ->  Bitmap Heap Scan on sbtest7  (cost=23.34..4104.13 rows=1064 width=121)
	        Recheck Cond: ((id >= 8088409) AND (id <= 8089408))
	        ->  Bitmap Index Scan on sbtest7_pkey  (cost=0.00..23.07 rows=1064 width=0)
	              Index Cond: ((id >= 8088409) AND (id <= 8089408))

table 8 : explain SELECT c FROM sbtest8 WHERE id BETWEEN 5037253 AND 5038252 ORDER BY c
	Sort  (cost=4077.37..4079.98 rows=1043 width=121)
	  Sort Key: c
	  ->  Bitmap Heap Scan on sbtest8  (cost=23.13..4025.08 rows=1043 width=121)
	        Recheck Cond: ((id >= 5037253) AND (id <= 5038252))
	        ->  Bitmap Index Scan on sbtest8_pkey  (cost=0.00..22.86 rows=1043 width=0)
	              Index Cond: ((id >= 5037253) AND (id <= 5038252))

for: order_ranges
table 1 : explain SELECT c FROM sbtest1 WHERE id BETWEEN 3992483 AND 3993482 ORDER BY c
	Sort  (cost=3890.39..3892.87 rows=995 width=121)
	  Sort Key: c
	  ->  Bitmap Heap Scan on sbtest1  (cost=22.63..3840.84 rows=995 width=121)
	        Recheck Cond: ((id >= 3992483) AND (id <= 3993482))
	        ->  Bitmap Index Scan on sbtest1_pkey  (cost=0.00..22.39 rows=995 width=0)
	              Index Cond: ((id >= 3992483) AND (id <= 3993482))

table 2 : explain SELECT c FROM sbtest2 WHERE id BETWEEN 2406851 AND 2407850 ORDER BY c
	Sort  (cost=3730.88..3733.26 rows=953 width=121)
	  Sort Key: c
	  ->  Bitmap Heap Scan on sbtest2  (cost=22.20..3683.72 rows=953 width=121)
	        Recheck Cond: ((id >= 2406851) AND (id <= 2407850))
	        ->  Bitmap Index Scan on sbtest2_pkey  (cost=0.00..21.96 rows=953 width=0)
	              Index Cond: ((id >= 2406851) AND (id <= 2407850))

table 3 : explain SELECT c FROM sbtest3 WHERE id BETWEEN 3661834 AND 3662833 ORDER BY c
	Sort  (cost=3979.55..3982.09 rows=1018 width=121)
	  Sort Key: c
	  ->  Bitmap Heap Scan on sbtest3  (cost=22.87..3928.69 rows=1018 width=121)
	        Recheck Cond: ((id >= 3661834) AND (id <= 3662833))
	        ->  Bitmap Index Scan on sbtest3_pkey  (cost=0.00..22.61 rows=1018 width=0)
	              Index Cond: ((id >= 3661834) AND (id <= 3662833))

table 4 : explain SELECT c FROM sbtest4 WHERE id BETWEEN 1447276 AND 1448275 ORDER BY c
	Sort  (cost=3686.02..3688.37 rows=941 width=121)
	  Sort Key: c
	  ->  Bitmap Heap Scan on sbtest4  (cost=22.08..3639.55 rows=941 width=121)
	        Recheck Cond: ((id >= 1447276) AND (id <= 1448275))
	        ->  Bitmap Index Scan on sbtest4_pkey  (cost=0.00..21.84 rows=941 width=0)
	              Index Cond: ((id >= 1447276) AND (id <= 1448275))

table 5 : explain SELECT c FROM sbtest5 WHERE id BETWEEN 8571973 AND 8572972 ORDER BY c
	Sort  (cost=3762.66..3765.06 rows=961 width=121)
	  Sort Key: c
	  ->  Bitmap Heap Scan on sbtest5  (cost=22.29..3715.05 rows=961 width=121)
	        Recheck Cond: ((id >= 8571973) AND (id <= 8572972))
	        ->  Bitmap Index Scan on sbtest5_pkey  (cost=0.00..22.04 rows=961 width=0)
	              Index Cond: ((id >= 8571973) AND (id <= 8572972))

table 6 : explain SELECT c FROM sbtest6 WHERE id BETWEEN 8053566 AND 8054565 ORDER BY c
	Sort  (cost=3551.91..3554.18 rows=906 width=121)
	  Sort Key: c
	  ->  Bitmap Heap Scan on sbtest6  (cost=21.72..3507.41 rows=906 width=121)
	        Recheck Cond: ((id >= 8053566) AND (id <= 8054565))
	        ->  Bitmap Index Scan on sbtest6_pkey  (cost=0.00..21.50 rows=906 width=0)
	              Index Cond: ((id >= 8053566) AND (id <= 8054565))

table 7 : explain SELECT c FROM sbtest7 WHERE id BETWEEN 541384 AND 542383 ORDER BY c
	Sort  (cost=4046.83..4049.42 rows=1035 width=121)
	  Sort Key: c
	  ->  Bitmap Heap Scan on sbtest7  (cost=23.04..3995.01 rows=1035 width=121)
	        Recheck Cond: ((id >= 541384) AND (id <= 542383))
	        ->  Bitmap Index Scan on sbtest7_pkey  (cost=0.00..22.79 rows=1035 width=0)
	              Index Cond: ((id >= 541384) AND (id <= 542383))

table 8 : explain SELECT c FROM sbtest8 WHERE id BETWEEN 6437216 AND 6438215 ORDER BY c
	Sort  (cost=3817.26..3819.70 rows=975 width=121)
	  Sort Key: c
	  ->  Bitmap Heap Scan on sbtest8  (cost=22.43..3768.86 rows=975 width=121)
	        Recheck Cond: ((id >= 6437216) AND (id <= 6438215))
	        ->  Bitmap Index Scan on sbtest8_pkey  (cost=0.00..22.18 rows=975 width=0)
	              Index Cond: ((id >= 6437216) AND (id <= 6438215))

for: simple_ranges
table 1 : explain SELECT c FROM sbtest1 WHERE id BETWEEN 6344651 AND 6345650
	Bitmap Heap Scan on sbtest1  (cost=22.18..3675.07 rows=951 width=121)
	  Recheck Cond: ((id >= 6344651) AND (id <= 6345650))
	  ->  Bitmap Index Scan on sbtest1_pkey  (cost=0.00..21.94 rows=951 width=0)
	        Index Cond: ((id >= 6344651) AND (id <= 6345650))

table 2 : explain SELECT c FROM sbtest2 WHERE id BETWEEN 684496 AND 685495
	Bitmap Heap Scan on sbtest2  (cost=22.87..3928.62 rows=1018 width=121)
	  Recheck Cond: ((id >= 684496) AND (id <= 685495))
	  ->  Bitmap Index Scan on sbtest2_pkey  (cost=0.00..22.61 rows=1018 width=0)
	        Index Cond: ((id >= 684496) AND (id <= 685495))

table 3 : explain SELECT c FROM sbtest3 WHERE id BETWEEN 5278736 AND 5279735
	Bitmap Heap Scan on sbtest3  (cost=21.55..3442.10 rows=889 width=121)
	  Recheck Cond: ((id >= 5278736) AND (id <= 5279735))
	  ->  Bitmap Index Scan on sbtest3_pkey  (cost=0.00..21.32 rows=889 width=0)
	        Index Cond: ((id >= 5278736) AND (id <= 5279735))

table 4 : explain SELECT c FROM sbtest4 WHERE id BETWEEN 5361973 AND 5362972
	Bitmap Heap Scan on sbtest4  (cost=22.27..3711.25 rows=960 width=121)
	  Recheck Cond: ((id >= 5361973) AND (id <= 5362972))
	  ->  Bitmap Index Scan on sbtest4_pkey  (cost=0.00..22.04 rows=960 width=0)
	        Index Cond: ((id >= 5361973) AND (id <= 5362972))

table 5 : explain SELECT c FROM sbtest5 WHERE id BETWEEN 2672406 AND 2673405
	Bitmap Heap Scan on sbtest5  (cost=22.38..3749.00 rows=970 width=121)
	  Recheck Cond: ((id >= 2672406) AND (id <= 2673405))
	  ->  Bitmap Index Scan on sbtest5_pkey  (cost=0.00..22.14 rows=970 width=0)
	        Index Cond: ((id >= 2672406) AND (id <= 2673405))

table 6 : explain SELECT c FROM sbtest6 WHERE id BETWEEN 7265312 AND 7266311
	Bitmap Heap Scan on sbtest6  (cost=22.70..3865.92 rows=1001 width=121)
	  Recheck Cond: ((id >= 7265312) AND (id <= 7266311))
	  ->  Bitmap Index Scan on sbtest6_pkey  (cost=0.00..22.44 rows=1001 width=0)
	        Index Cond: ((id >= 7265312) AND (id <= 7266311))

table 7 : explain SELECT c FROM sbtest7 WHERE id BETWEEN 4158479 AND 4159478
	Bitmap Heap Scan on sbtest7  (cost=22.22..3693.42 rows=955 width=121)
	  Recheck Cond: ((id >= 4158479) AND (id <= 4159478))
	  ->  Bitmap Index Scan on sbtest7_pkey  (cost=0.00..21.98 rows=955 width=0)
	        Index Cond: ((id >= 4158479) AND (id <= 4159478))

table 8 : explain SELECT c FROM sbtest8 WHERE id BETWEEN 45802 AND 46801
	Bitmap Heap Scan on sbtest8  (cost=27.47..4156.97 rows=1077 width=121)
	  Recheck Cond: ((id >= 45802) AND (id <= 46801))
	  ->  Bitmap Index Scan on sbtest8_pkey  (cost=0.00..27.20 rows=1077 width=0)
	        Index Cond: ((id >= 45802) AND (id <= 46801))

for: order_ranges
table 1 : explain SELECT c FROM sbtest1 WHERE id BETWEEN 8854075 AND 8855074 ORDER BY c
	Sort  (cost=3733.59..3735.98 rows=954 width=121)
	  Sort Key: c
	  ->  Bitmap Heap Scan on sbtest1  (cost=22.21..3686.38 rows=954 width=121)
	        Recheck Cond: ((id >= 8854075) AND (id <= 8855074))
	        ->  Bitmap Index Scan on sbtest1_pkey  (cost=0.00..21.97 rows=954 width=0)
	              Index Cond: ((id >= 8854075) AND (id <= 8855074))

table 2 : explain SELECT c FROM sbtest2 WHERE id BETWEEN 9587412 AND 9588411 ORDER BY c
	Sort  (cost=3615.96..3618.27 rows=923 width=121)
	  Sort Key: c
	  ->  Bitmap Heap Scan on sbtest2  (cost=21.90..3570.50 rows=923 width=121)
	        Recheck Cond: ((id >= 9587412) AND (id <= 9588411))
	        ->  Bitmap Index Scan on sbtest2_pkey  (cost=0.00..21.66 rows=923 width=0)
	              Index Cond: ((id >= 9587412) AND (id <= 9588411))

table 3 : explain SELECT c FROM sbtest3 WHERE id BETWEEN 9374076 AND 9375075 ORDER BY c
	Sort  (cost=3952.80..3955.33 rows=1011 width=121)
	  Sort Key: c
	  ->  Bitmap Heap Scan on sbtest3  (cost=22.80..3902.34 rows=1011 width=121)
	        Recheck Cond: ((id >= 9374076) AND (id <= 9375075))
	        ->  Bitmap Index Scan on sbtest3_pkey  (cost=0.00..22.54 rows=1011 width=0)
	              Index Cond: ((id >= 9374076) AND (id <= 9375075))

table 4 : explain SELECT c FROM sbtest4 WHERE id BETWEEN 5555179 AND 5556178 ORDER BY c
	Sort  (cost=3904.24..3906.73 rows=998 width=121)
	  Sort Key: c
	  ->  Bitmap Heap Scan on sbtest4  (cost=22.66..3854.52 rows=998 width=121)
	        Recheck Cond: ((id >= 5555179) AND (id <= 5556178))
	        ->  Bitmap Index Scan on sbtest4_pkey  (cost=0.00..22.41 rows=998 width=0)
	              Index Cond: ((id >= 5555179) AND (id <= 5556178))

table 5 : explain SELECT c FROM sbtest5 WHERE id BETWEEN 6544395 AND 6545394 ORDER BY c
	Sort  (cost=3647.72..3650.05 rows=931 width=121)
	  Sort Key: c
	  ->  Bitmap Heap Scan on sbtest5  (cost=21.98..3601.81 rows=931 width=121)
	        Recheck Cond: ((id >= 6544395) AND (id <= 6545394))
	        ->  Bitmap Index Scan on sbtest5_pkey  (cost=0.00..21.75 rows=931 width=0)
	              Index Cond: ((id >= 6544395) AND (id <= 6545394))

table 6 : explain SELECT c FROM sbtest6 WHERE id BETWEEN 8321453 AND 8322452 ORDER BY c
	Sort  (cost=4103.07..4105.69 rows=1050 width=121)
	  Sort Key: c
	  ->  Bitmap Heap Scan on sbtest6  (cost=23.20..4050.38 rows=1050 width=121)
	        Recheck Cond: ((id >= 8321453) AND (id <= 8322452))
	        ->  Bitmap Index Scan on sbtest6_pkey  (cost=0.00..22.93 rows=1050 width=0)
	              Index Cond: ((id >= 8321453) AND (id <= 8322452))

table 7 : explain SELECT c FROM sbtest7 WHERE id BETWEEN 416706 AND 417705 ORDER BY c
	Sort  (cost=4268.50..4271.23 rows=1092 width=121)
	  Sort Key: c
	  ->  Bitmap Heap Scan on sbtest7  (cost=27.63..4213.39 rows=1092 width=121)
	        Recheck Cond: ((id >= 416706) AND (id <= 417705))
	        ->  Bitmap Index Scan on sbtest7_pkey  (cost=0.00..27.36 rows=1092 width=0)
	              Index Cond: ((id >= 416706) AND (id <= 417705))

table 8 : explain SELECT c FROM sbtest8 WHERE id BETWEEN 6444779 AND 6445778 ORDER BY c
	Sort  (cost=3817.26..3819.70 rows=975 width=121)
	  Sort Key: c
	  ->  Bitmap Heap Scan on sbtest8  (cost=22.43..3768.86 rows=975 width=121)
	        Recheck Cond: ((id >= 6444779) AND (id <= 6445778))
	        ->  Bitmap Index Scan on sbtest8_pkey  (cost=0.00..22.18 rows=975 width=0)
	              Index Cond: ((id >= 6444779) AND (id <= 6445778))

for: sum_ranges
table 1 : explain SELECT SUM(k) FROM sbtest1 WHERE id BETWEEN 1367291 AND 1368290
	Aggregate  (cost=3767.96..3767.97 rows=1 width=8)
	  ->  Bitmap Heap Scan on sbtest1  (cost=22.43..3765.52 rows=975 width=4)
	        Recheck Cond: ((id >= 1367291) AND (id <= 1368290))
	        ->  Bitmap Index Scan on sbtest1_pkey  (cost=0.00..22.18 rows=975 width=0)
	              Index Cond: ((id >= 1367291) AND (id <= 1368290))

table 2 : explain SELECT SUM(k) FROM sbtest2 WHERE id BETWEEN 4867641 AND 4868640
	Aggregate  (cost=3848.28..3848.29 rows=1 width=8)
	  ->  Bitmap Heap Scan on sbtest2  (cost=22.64..3845.79 rows=996 width=4)
	        Recheck Cond: ((id >= 4867641) AND (id <= 4868640))
	        ->  Bitmap Index Scan on sbtest2_pkey  (cost=0.00..22.39 rows=996 width=0)
	              Index Cond: ((id >= 4867641) AND (id <= 4868640))

table 3 : explain SELECT SUM(k) FROM sbtest3 WHERE id BETWEEN 7424785 AND 7425784
	Aggregate  (cost=3874.73..3874.74 rows=1 width=8)
	  ->  Bitmap Heap Scan on sbtest3  (cost=22.72..3872.22 rows=1003 width=4)
	        Recheck Cond: ((id >= 7424785) AND (id <= 7425784))
	        ->  Bitmap Index Scan on sbtest3_pkey  (cost=0.00..22.46 rows=1003 width=0)
	              Index Cond: ((id >= 7424785) AND (id <= 7425784))

table 4 : explain SELECT SUM(k) FROM sbtest4 WHERE id BETWEEN 6631598 AND 6632597
	Aggregate  (cost=3414.99..3415.00 rows=1 width=8)
	  ->  Bitmap Heap Scan on sbtest4  (cost=21.47..3412.79 rows=881 width=4)
	        Recheck Cond: ((id >= 6631598) AND (id <= 6632597))
	        ->  Bitmap Index Scan on sbtest4_pkey  (cost=0.00..21.25 rows=881 width=0)
	              Index Cond: ((id >= 6631598) AND (id <= 6632597))

table 5 : explain SELECT SUM(k) FROM sbtest5 WHERE id BETWEEN 6823344 AND 6824343
	Aggregate  (cost=3875.89..3875.90 rows=1 width=8)
	  ->  Bitmap Heap Scan on sbtest5  (cost=22.72..3873.38 rows=1003 width=4)
	        Recheck Cond: ((id >= 6823344) AND (id <= 6824343))
	        ->  Bitmap Index Scan on sbtest5_pkey  (cost=0.00..22.46 rows=1003 width=0)
	              Index Cond: ((id >= 6823344) AND (id <= 6824343))

table 6 : explain SELECT SUM(k) FROM sbtest6 WHERE id BETWEEN 405965 AND 406964
	Aggregate  (cost=3452.92..3452.93 rows=1 width=8)
	  ->  Bitmap Heap Scan on sbtest6  (cost=21.57..3450.69 rows=891 width=4)
	        Recheck Cond: ((id >= 405965) AND (id <= 406964))
	        ->  Bitmap Index Scan on sbtest6_pkey  (cost=0.00..21.34 rows=891 width=0)
	              Index Cond: ((id >= 405965) AND (id <= 406964))

table 7 : explain SELECT SUM(k) FROM sbtest7 WHERE id BETWEEN 2660706 AND 2661705
	Aggregate  (cost=3956.15..3956.16 rows=1 width=8)
	  ->  Bitmap Heap Scan on sbtest7  (cost=22.93..3953.59 rows=1024 width=4)
	        Recheck Cond: ((id >= 2660706) AND (id <= 2661705))
	        ->  Bitmap Index Scan on sbtest7_pkey  (cost=0.00..22.68 rows=1024 width=0)
	              Index Cond: ((id >= 2660706) AND (id <= 2661705))

table 8 : explain SELECT SUM(k) FROM sbtest8 WHERE id BETWEEN 5813898 AND 5814897
	Aggregate  (cost=3642.87..3642.88 rows=1 width=8)
	  ->  Bitmap Heap Scan on sbtest8  (cost=22.08..3640.52 rows=941 width=4)
	        Recheck Cond: ((id >= 5813898) AND (id <= 5814897))
	        ->  Bitmap Index Scan on sbtest8_pkey  (cost=0.00..21.84 rows=941 width=0)
	              Index Cond: ((id >= 5813898) AND (id <= 5814897))

for: order_ranges
table 1 : explain SELECT c FROM sbtest1 WHERE id BETWEEN 4139147 AND 4140146 ORDER BY c
	Sort  (cost=3614.90..3617.21 rows=923 width=121)
	  Sort Key: c
	  ->  Bitmap Heap Scan on sbtest1  (cost=21.90..3569.45 rows=923 width=121)
	        Recheck Cond: ((id >= 4139147) AND (id <= 4140146))
	        ->  Bitmap Index Scan on sbtest1_pkey  (cost=0.00..21.66 rows=923 width=0)
	              Index Cond: ((id >= 4139147) AND (id <= 4140146))

table 2 : explain SELECT c FROM sbtest2 WHERE id BETWEEN 3560214 AND 3561213 ORDER BY c
	Sort  (cost=3730.88..3733.26 rows=953 width=121)
	  Sort Key: c
	  ->  Bitmap Heap Scan on sbtest2  (cost=22.20..3683.72 rows=953 width=121)
	        Recheck Cond: ((id >= 3560214) AND (id <= 3561213))
	        ->  Bitmap Index Scan on sbtest2_pkey  (cost=0.00..21.96 rows=953 width=0)
	              Index Cond: ((id >= 3560214) AND (id <= 3561213))

table 3 : explain SELECT c FROM sbtest3 WHERE id BETWEEN 8757808 AND 8758807 ORDER BY c
	Sort  (cost=3895.46..3897.95 rows=996 width=121)
	  Sort Key: c
	  ->  Bitmap Heap Scan on sbtest3  (cost=22.64..3845.86 rows=996 width=121)
	        Recheck Cond: ((id >= 8757808) AND (id <= 8758807))
	        ->  Bitmap Index Scan on sbtest3_pkey  (cost=0.00..22.39 rows=996 width=0)
	              Index Cond: ((id >= 8757808) AND (id <= 8758807))

table 4 : explain SELECT c FROM sbtest4 WHERE id BETWEEN 8073343 AND 8074342 ORDER BY c
	Sort  (cost=3735.83..3738.21 rows=954 width=121)
	  Sort Key: c
	  ->  Bitmap Heap Scan on sbtest4  (cost=22.21..3688.61 rows=954 width=121)
	        Recheck Cond: ((id >= 8073343) AND (id <= 8074342))
	        ->  Bitmap Index Scan on sbtest4_pkey  (cost=0.00..21.97 rows=954 width=0)
	              Index Cond: ((id >= 8073343) AND (id <= 8074342))

table 5 : explain SELECT c FROM sbtest5 WHERE id BETWEEN 3273910 AND 3274909 ORDER BY c
	Sort  (cost=4057.16..4059.75 rows=1038 width=121)
	  Sort Key: c
	  ->  Bitmap Heap Scan on sbtest5  (cost=23.07..4005.16 rows=1038 width=121)
	        Recheck Cond: ((id >= 3273910) AND (id <= 3274909))
	        ->  Bitmap Index Scan on sbtest5_pkey  (cost=0.00..22.82 rows=1038 width=0)
	              Index Cond: ((id >= 3273910) AND (id <= 3274909))

table 6 : explain SELECT c FROM sbtest6 WHERE id BETWEEN 6162597 AND 6163596 ORDER BY c
	Sort  (cost=3931.10..3933.62 rows=1005 width=121)
	  Sort Key: c
	  ->  Bitmap Heap Scan on sbtest6  (cost=22.74..3880.99 rows=1005 width=121)
	        Recheck Cond: ((id >= 6162597) AND (id <= 6163596))
	        ->  Bitmap Index Scan on sbtest6_pkey  (cost=0.00..22.48 rows=1005 width=0)
	              Index Cond: ((id >= 6162597) AND (id <= 6163596))

table 7 : explain SELECT c FROM sbtest7 WHERE id BETWEEN 600938 AND 601937 ORDER BY c
	Sort  (cost=4253.24..4255.96 rows=1088 width=121)
	  Sort Key: c
	  ->  Bitmap Heap Scan on sbtest7  (cost=27.59..4198.36 rows=1088 width=121)
	        Recheck Cond: ((id >= 600938) AND (id <= 601937))
	        ->  Bitmap Index Scan on sbtest7_pkey  (cost=0.00..27.32 rows=1088 width=0)
	              Index Cond: ((id >= 600938) AND (id <= 601937))

table 8 : explain SELECT c FROM sbtest8 WHERE id BETWEEN 6920496 AND 6921495 ORDER BY c
	Sort  (cost=3487.49..3489.71 rows=889 width=121)
	  Sort Key: c
	  ->  Bitmap Heap Scan on sbtest8  (cost=21.55..3443.94 rows=889 width=121)
	        Recheck Cond: ((id >= 6920496) AND (id <= 6921495))
	        ->  Bitmap Index Scan on sbtest8_pkey  (cost=0.00..21.32 rows=889 width=0)
	              Index Cond: ((id >= 6920496) AND (id <= 6921495))

explain: for point_selects :: explain SELECT c FROM sbtest%u WHERE id=%u
for: simple_ranges
table 1 : explain SELECT c FROM sbtest1 WHERE id BETWEEN 301424 AND 302423
	Bitmap Heap Scan on sbtest1  (cost=22.12..3652.45 rows=945 width=121)
	  Recheck Cond: ((id >= 301424) AND (id <= 302423))
	  ->  Bitmap Index Scan on sbtest1_pkey  (cost=0.00..21.89 rows=945 width=0)
	        Index Cond: ((id >= 301424) AND (id <= 302423))

table 2 : explain SELECT c FROM sbtest2 WHERE id BETWEEN 3856263 AND 3857262
	Bitmap Heap Scan on sbtest2  (cost=22.66..3853.32 rows=998 width=121)
	  Recheck Cond: ((id >= 3856263) AND (id <= 3857262))
	  ->  Bitmap Index Scan on sbtest2_pkey  (cost=0.00..22.41 rows=998 width=0)
	        Index Cond: ((id >= 3856263) AND (id <= 3857262))

table 3 : explain SELECT c FROM sbtest3 WHERE id BETWEEN 5344636 AND 5345635
	Bitmap Heap Scan on sbtest3  (cost=21.55..3442.10 rows=889 width=121)
	  Recheck Cond: ((id >= 5344636) AND (id <= 5345635))
	  ->  Bitmap Index Scan on sbtest3_pkey  (cost=0.00..21.32 rows=889 width=0)
	        Index Cond: ((id >= 5344636) AND (id <= 5345635))

table 4 : explain SELECT c FROM sbtest4 WHERE id BETWEEN 5270185 AND 5271184
	Bitmap Heap Scan on sbtest4  (cost=22.31..3722.57 rows=963 width=121)
	  Recheck Cond: ((id >= 5270185) AND (id <= 5271184))
	  ->  Bitmap Index Scan on sbtest4_pkey  (cost=0.00..22.07 rows=963 width=0)
	        Index Cond: ((id >= 5270185) AND (id <= 5271184))

table 5 : explain SELECT c FROM sbtest5 WHERE id BETWEEN 7676493 AND 7677492
	Bitmap Heap Scan on sbtest5  (cost=23.11..4016.45 rows=1041 width=121)
	  Recheck Cond: ((id >= 7676493) AND (id <= 7677492))
	  ->  Bitmap Index Scan on sbtest5_pkey  (cost=0.00..22.84 rows=1041 width=0)
	        Index Cond: ((id >= 7676493) AND (id <= 7677492))

table 6 : explain SELECT c FROM sbtest6 WHERE id BETWEEN 3111308 AND 3112307
	Bitmap Heap Scan on sbtest6  (cost=23.08..4009.00 rows=1039 width=121)
	  Recheck Cond: ((id >= 3111308) AND (id <= 3112307))
	  ->  Bitmap Index Scan on sbtest6_pkey  (cost=0.00..22.82 rows=1039 width=0)
	        Index Cond: ((id >= 3111308) AND (id <= 3112307))

table 7 : explain SELECT c FROM sbtest7 WHERE id BETWEEN 7142302 AND 7143301
	Bitmap Heap Scan on sbtest7  (cost=22.21..3689.64 rows=954 width=121)
	  Recheck Cond: ((id >= 7142302) AND (id <= 7143301))
	  ->  Bitmap Index Scan on sbtest7_pkey  (cost=0.00..21.97 rows=954 width=0)
	        Index Cond: ((id >= 7142302) AND (id <= 7143301))

table 8 : explain SELECT c FROM sbtest8 WHERE id BETWEEN 3862591 AND 3863590
	Bitmap Heap Scan on sbtest8  (cost=22.07..3636.74 rows=940 width=121)
	  Recheck Cond: ((id >= 3862591) AND (id <= 3863590))
	  ->  Bitmap Index Scan on sbtest8_pkey  (cost=0.00..21.83 rows=940 width=0)
	        Index Cond: ((id >= 3862591) AND (id <= 3863590))

for: distinct_ranges
table 1 : explain SELECT DISTINCT c FROM sbtest1 WHERE id BETWEEN 9434798 AND 9435797 ORDER BY c
	Unique  (cost=4092.76..4098.00 rows=1048 width=121)
	  ->  Sort  (cost=4092.76..4095.38 rows=1048 width=121)
	        Sort Key: c
	        ->  Bitmap Heap Scan on sbtest1  (cost=23.18..4040.18 rows=1048 width=121)
	              Recheck Cond: ((id >= 9434798) AND (id <= 9435797))
	              ->  Bitmap Index Scan on sbtest1_pkey  (cost=0.00..22.91 rows=1048 width=0)
	                    Index Cond: ((id >= 9434798) AND (id <= 9435797))

table 2 : explain SELECT DISTINCT c FROM sbtest2 WHERE id BETWEEN 768319 AND 769318 ORDER BY c
	Unique  (cost=3979.48..3984.57 rows=1018 width=121)
	  ->  Sort  (cost=3979.48..3982.02 rows=1018 width=121)
	        Sort Key: c
	        ->  Bitmap Heap Scan on sbtest2  (cost=22.87..3928.62 rows=1018 width=121)
	              Recheck Cond: ((id >= 768319) AND (id <= 769318))
	              ->  Bitmap Index Scan on sbtest2_pkey  (cost=0.00..22.61 rows=1018 width=0)
	                    Index Cond: ((id >= 768319) AND (id <= 769318))

table 3 : explain SELECT DISTINCT c FROM sbtest3 WHERE id BETWEEN 83339 AND 84338 ORDER BY c
	Unique  (cost=3818.97..3823.85 rows=976 width=121)
	  ->  Sort  (cost=3818.97..3821.41 rows=976 width=121)
	        Sort Key: c
	        ->  Bitmap Heap Scan on sbtest3  (cost=22.44..3770.51 rows=976 width=121)
	              Recheck Cond: ((id >= 83339) AND (id <= 84338))
	              ->  Bitmap Index Scan on sbtest3_pkey  (cost=0.00..22.19 rows=976 width=0)
	                    Index Cond: ((id >= 83339) AND (id <= 84338))

table 4 : explain SELECT DISTINCT c FROM sbtest4 WHERE id BETWEEN 5313459 AND 5314458 ORDER BY c
	Unique  (cost=3758.80..3763.60 rows=960 width=121)
	  ->  Sort  (cost=3758.80..3761.20 rows=960 width=121)
	        Sort Key: c
	        ->  Bitmap Heap Scan on sbtest4  (cost=22.27..3711.25 rows=960 width=121)
	              Recheck Cond: ((id >= 5313459) AND (id <= 5314458))
	              ->  Bitmap Index Scan on sbtest4_pkey  (cost=0.00..22.04 rows=960 width=0)
	                    Index Cond: ((id >= 5313459) AND (id <= 5314458))

table 5 : explain SELECT DISTINCT c FROM sbtest5 WHERE id BETWEEN 817410 AND 818409 ORDER BY c
	Unique  (cost=3919.56..3924.57 rows=1002 width=121)
	  ->  Sort  (cost=3919.56..3922.07 rows=1002 width=121)
	        Sort Key: c
	        ->  Bitmap Heap Scan on sbtest5  (cost=22.71..3869.62 rows=1002 width=121)
	              Recheck Cond: ((id >= 817410) AND (id <= 818409))
	              ->  Bitmap Index Scan on sbtest5_pkey  (cost=0.00..22.45 rows=1002 width=0)
	                    Index Cond: ((id >= 817410) AND (id <= 818409))

table 6 : explain SELECT DISTINCT c FROM sbtest6 WHERE id BETWEEN 9414183 AND 9415182 ORDER BY c
	Unique  (cost=3938.75..3943.79 rows=1007 width=121)
	  ->  Sort  (cost=3938.75..3941.27 rows=1007 width=121)
	        Sort Key: c
	        ->  Bitmap Heap Scan on sbtest6  (cost=22.76..3888.52 rows=1007 width=121)
	              Recheck Cond: ((id >= 9414183) AND (id <= 9415182))
	              ->  Bitmap Index Scan on sbtest6_pkey  (cost=0.00..22.50 rows=1007 width=0)
	                    Index Cond: ((id >= 9414183) AND (id <= 9415182))

table 7 : explain SELECT DISTINCT c FROM sbtest7 WHERE id BETWEEN 9937850 AND 9938849 ORDER BY c
	Unique  (cost=3920.64..3925.65 rows=1002 width=121)
	  ->  Sort  (cost=3920.64..3923.15 rows=1002 width=121)
	        Sort Key: c
	        ->  Bitmap Heap Scan on sbtest7  (cost=22.71..3870.70 rows=1002 width=121)
	              Recheck Cond: ((id >= 9937850) AND (id <= 9938849))
	              ->  Bitmap Index Scan on sbtest7_pkey  (cost=0.00..22.45 rows=1002 width=0)
	                    Index Cond: ((id >= 9937850) AND (id <= 9938849))

table 8 : explain SELECT DISTINCT c FROM sbtest8 WHERE id BETWEEN 9501371 AND 9502370 ORDER BY c
	Unique  (cost=3813.43..3818.30 rows=974 width=121)
	  ->  Sort  (cost=3813.43..3815.87 rows=974 width=121)
	        Sort Key: c
	        ->  Bitmap Heap Scan on sbtest8  (cost=22.42..3765.08 rows=974 width=121)
	              Recheck Cond: ((id >= 9501371) AND (id <= 9502370))
	              ->  Bitmap Index Scan on sbtest8_pkey  (cost=0.00..22.18 rows=974 width=0)
	                    Index Cond: ((id >= 9501371) AND (id <= 9502370))

for: distinct_ranges
table 1 : explain SELECT DISTINCT c FROM sbtest1 WHERE id BETWEEN 165735 AND 166734 ORDER BY c
	Unique  (cost=4066.05..4071.26 rows=1041 width=121)
	  ->  Sort  (cost=4066.05..4068.65 rows=1041 width=121)
	        Sort Key: c
	        ->  Bitmap Heap Scan on sbtest1  (cost=23.11..4013.88 rows=1041 width=121)
	              Recheck Cond: ((id >= 165735) AND (id <= 166734))
	              ->  Bitmap Index Scan on sbtest1_pkey  (cost=0.00..22.84 rows=1041 width=0)
	                    Index Cond: ((id >= 165735) AND (id <= 166734))

table 2 : explain SELECT DISTINCT c FROM sbtest2 WHERE id BETWEEN 183569 AND 184568 ORDER BY c
	Unique  (cost=3669.60..3674.29 rows=937 width=121)
	  ->  Sort  (cost=3669.60..3671.95 rows=937 width=121)
	        Sort Key: c
	        ->  Bitmap Heap Scan on sbtest2  (cost=22.04..3623.35 rows=937 width=121)
	              Recheck Cond: ((id >= 183569) AND (id <= 184568))
	              ->  Bitmap Index Scan on sbtest2_pkey  (cost=0.00..21.80 rows=937 width=0)
	                    Index Cond: ((id >= 183569) AND (id <= 184568))

table 3 : explain SELECT DISTINCT c FROM sbtest3 WHERE id BETWEEN 1704951 AND 1705950 ORDER BY c
	Unique  (cost=3941.33..3946.37 rows=1008 width=121)
	  ->  Sort  (cost=3941.33..3943.85 rows=1008 width=121)
	        Sort Key: c
	        ->  Bitmap Heap Scan on sbtest3  (cost=22.77..3891.05 rows=1008 width=121)
	              Recheck Cond: ((id >= 1704951) AND (id <= 1705950))
	              ->  Bitmap Index Scan on sbtest3_pkey  (cost=0.00..22.51 rows=1008 width=0)
	                    Index Cond: ((id >= 1704951) AND (id <= 1705950))

table 4 : explain SELECT DISTINCT c FROM sbtest4 WHERE id BETWEEN 8094196 AND 8095195 ORDER BY c
	Unique  (cost=3735.83..3740.60 rows=954 width=121)
	  ->  Sort  (cost=3735.83..3738.21 rows=954 width=121)
	        Sort Key: c
	        ->  Bitmap Heap Scan on sbtest4  (cost=22.21..3688.61 rows=954 width=121)
	              Recheck Cond: ((id >= 8094196) AND (id <= 8095195))
	              ->  Bitmap Index Scan on sbtest4_pkey  (cost=0.00..21.97 rows=954 width=0)
	                    Index Cond: ((id >= 8094196) AND (id <= 8095195))

table 5 : explain SELECT DISTINCT c FROM sbtest5 WHERE id BETWEEN 7192844 AND 7193843 ORDER BY c
	Unique  (cost=3789.46..3794.30 rows=968 width=121)
	  ->  Sort  (cost=3789.46..3791.88 rows=968 width=121)
	        Sort Key: c
	        ->  Bitmap Heap Scan on sbtest5  (cost=22.36..3741.45 rows=968 width=121)
	              Recheck Cond: ((id >= 7192844) AND (id <= 7193843))
	              ->  Bitmap Index Scan on sbtest5_pkey  (cost=0.00..22.11 rows=968 width=0)
	                    Index Cond: ((id >= 7192844) AND (id <= 7193843))

table 6 : explain SELECT DISTINCT c FROM sbtest6 WHERE id BETWEEN 681453 AND 682452 ORDER BY c
	Unique  (cost=3770.38..3775.20 rows=963 width=121)
	  ->  Sort  (cost=3770.38..3772.79 rows=963 width=121)
	        Sort Key: c
	        ->  Bitmap Heap Scan on sbtest6  (cost=22.31..3722.66 rows=963 width=121)
	              Recheck Cond: ((id >= 681453) AND (id <= 682452))
	              ->  Bitmap Index Scan on sbtest6_pkey  (cost=0.00..22.07 rows=963 width=0)
	                    Index Cond: ((id >= 681453) AND (id <= 682452))

table 7 : explain SELECT DISTINCT c FROM sbtest7 WHERE id BETWEEN 1299623 AND 1300622 ORDER BY c
	Unique  (cost=4272.32..4277.78 rows=1093 width=121)
	  ->  Sort  (cost=4272.32..4275.05 rows=1093 width=121)
	        Sort Key: c
	        ->  Bitmap Heap Scan on sbtest7  (cost=27.64..4217.15 rows=1093 width=121)
	              Recheck Cond: ((id >= 1299623) AND (id <= 1300622))
	              ->  Bitmap Index Scan on sbtest7_pkey  (cost=0.00..27.36 rows=1093 width=0)
	                    Index Cond: ((id >= 1299623) AND (id <= 1300622))

table 8 : explain SELECT DISTINCT c FROM sbtest8 WHERE id BETWEEN 6997689 AND 6998688 ORDER BY c
	Unique  (cost=4104.29..4109.54 rows=1049 width=121)
	  ->  Sort  (cost=4104.29..4106.92 rows=1049 width=121)
	        Sort Key: c
	        ->  Bitmap Heap Scan on sbtest8  (cost=27.19..4051.66 rows=1049 width=121)
	              Recheck Cond: ((id >= 6997689) AND (id <= 6998688))
	              ->  Bitmap Index Scan on sbtest8_pkey  (cost=0.00..26.93 rows=1049 width=0)
	                    Index Cond: ((id >= 6997689) AND (id <= 6998688))

for: distinct_ranges
table 1 : explain SELECT DISTINCT c FROM sbtest1 WHERE id BETWEEN 4869706 AND 4870705 ORDER BY c
	Unique  (cost=4134.72..4140.01 rows=1059 width=121)
	  ->  Sort  (cost=4134.72..4137.37 rows=1059 width=121)
	        Sort Key: c
	        ->  Bitmap Heap Scan on sbtest1  (cost=23.29..4081.51 rows=1059 width=121)
	              Recheck Cond: ((id >= 4869706) AND (id <= 4870705))
	              ->  Bitmap Index Scan on sbtest1_pkey  (cost=0.00..23.02 rows=1059 width=0)
	                    Index Cond: ((id >= 4869706) AND (id <= 4870705))

table 2 : explain SELECT DISTINCT c FROM sbtest2 WHERE id BETWEEN 1359258 AND 1360257 ORDER BY c
	Unique  (cost=4040.59..4045.76 rows=1034 width=121)
	  ->  Sort  (cost=4040.59..4043.17 rows=1034 width=121)
	        Sort Key: c
	        ->  Bitmap Heap Scan on sbtest2  (cost=23.03..3988.82 rows=1034 width=121)
	              Recheck Cond: ((id >= 1359258) AND (id <= 1360257))
	              ->  Bitmap Index Scan on sbtest2_pkey  (cost=0.00..22.77 rows=1034 width=0)
	                    Index Cond: ((id >= 1359258) AND (id <= 1360257))

table 3 : explain SELECT DISTINCT c FROM sbtest3 WHERE id BETWEEN 3094332 AND 3095331 ORDER BY c
	Unique  (cost=3642.85..3647.50 rows=930 width=121)
	  ->  Sort  (cost=3642.85..3645.17 rows=930 width=121)
	        Sort Key: c
	        ->  Bitmap Heap Scan on sbtest3  (cost=21.97..3596.99 rows=930 width=121)
	              Recheck Cond: ((id >= 3094332) AND (id <= 3095331))
	              ->  Bitmap Index Scan on sbtest3_pkey  (cost=0.00..21.73 rows=930 width=0)
	                    Index Cond: ((id >= 3094332) AND (id <= 3095331))

table 4 : explain SELECT DISTINCT c FROM sbtest4 WHERE id BETWEEN 9675903 AND 9676902 ORDER BY c
	Unique  (cost=3938.66..3943.69 rows=1007 width=121)
	  ->  Sort  (cost=3938.66..3941.17 rows=1007 width=121)
	        Sort Key: c
	        ->  Bitmap Heap Scan on sbtest4  (cost=22.76..3888.43 rows=1007 width=121)
	              Recheck Cond: ((id >= 9675903) AND (id <= 9676902))
	              ->  Bitmap Index Scan on sbtest4_pkey  (cost=0.00..22.50 rows=1007 width=0)
	                    Index Cond: ((id >= 9675903) AND (id <= 9676902))

table 5 : explain SELECT DISTINCT c FROM sbtest5 WHERE id BETWEEN 6752365 AND 6753364 ORDER BY c
	Unique  (cost=4022.77..4027.92 rows=1029 width=121)
	  ->  Sort  (cost=4022.77..4025.35 rows=1029 width=121)
	        Sort Key: c
	        ->  Bitmap Heap Scan on sbtest5  (cost=22.98..3971.29 rows=1029 width=121)
	              Recheck Cond: ((id >= 6752365) AND (id <= 6753364))
	              ->  Bitmap Index Scan on sbtest5_pkey  (cost=0.00..22.72 rows=1029 width=0)
	                    Index Cond: ((id >= 6752365) AND (id <= 6753364))

table 6 : explain SELECT DISTINCT c FROM sbtest6 WHERE id BETWEEN 6651011 AND 6652010 ORDER BY c
	Unique  (cost=3624.78..3629.41 rows=925 width=121)
	  ->  Sort  (cost=3624.78..3627.09 rows=925 width=121)
	        Sort Key: c
	        ->  Bitmap Heap Scan on sbtest6  (cost=21.92..3579.21 rows=925 width=121)
	              Recheck Cond: ((id >= 6651011) AND (id <= 6652010))
	              ->  Bitmap Index Scan on sbtest6_pkey  (cost=0.00..21.68 rows=925 width=0)
	                    Index Cond: ((id >= 6651011) AND (id <= 6652010))

table 7 : explain SELECT DISTINCT c FROM sbtest7 WHERE id BETWEEN 2516766 AND 2517765 ORDER BY c
	Unique  (cost=3893.86..3898.83 rows=995 width=121)
	  ->  Sort  (cost=3893.86..3896.34 rows=995 width=121)
	        Sort Key: c
	        ->  Bitmap Heap Scan on sbtest7  (cost=22.63..3844.31 rows=995 width=121)
	              Recheck Cond: ((id >= 2516766) AND (id <= 2517765))
	              ->  Bitmap Index Scan on sbtest7_pkey  (cost=0.00..22.39 rows=995 width=0)
	                    Index Cond: ((id >= 2516766) AND (id <= 2517765))

table 8 : explain SELECT DISTINCT c FROM sbtest8 WHERE id BETWEEN 8971813 AND 8972812 ORDER BY c
	Unique  (cost=3621.81..3626.43 rows=924 width=121)
	  ->  Sort  (cost=3621.81..3624.12 rows=924 width=121)
	        Sort Key: c
	        ->  Bitmap Heap Scan on sbtest8  (cost=21.91..3576.29 rows=924 width=121)
	              Recheck Cond: ((id >= 8971813) AND (id <= 8972812))
	              ->  Bitmap Index Scan on sbtest8_pkey  (cost=0.00..21.68 rows=924 width=0)
	                    Index Cond: ((id >= 8971813) AND (id <= 8972812))

for: distinct_ranges
table 1 : explain SELECT DISTINCT c FROM sbtest1 WHERE id BETWEEN 2844957 AND 2845956 ORDER BY c
	Unique  (cost=3924.78..3929.80 rows=1004 width=121)
	  ->  Sort  (cost=3924.78..3927.29 rows=1004 width=121)
	        Sort Key: c
	        ->  Bitmap Heap Scan on sbtest1  (cost=22.73..3874.72 rows=1004 width=121)
	              Recheck Cond: ((id >= 2844957) AND (id <= 2845956))
	              ->  Bitmap Index Scan on sbtest1_pkey  (cost=0.00..22.47 rows=1004 width=0)
	                    Index Cond: ((id >= 2844957) AND (id <= 2845956))

table 2 : explain SELECT DISTINCT c FROM sbtest2 WHERE id BETWEEN 1972358 AND 1973357 ORDER BY c
	Unique  (cost=3864.80..3869.74 rows=988 width=121)
	  ->  Sort  (cost=3864.80..3867.27 rows=988 width=121)
	        Sort Key: c
	        ->  Bitmap Heap Scan on sbtest2  (cost=22.56..3815.66 rows=988 width=121)
	              Recheck Cond: ((id >= 1972358) AND (id <= 1973357))
	              ->  Bitmap Index Scan on sbtest2_pkey  (cost=0.00..22.32 rows=988 width=0)
	                    Index Cond: ((id >= 1972358) AND (id <= 1973357))

table 3 : explain SELECT DISTINCT c FROM sbtest3 WHERE id BETWEEN 1764699 AND 1765698 ORDER BY c
	Unique  (cost=3941.33..3946.37 rows=1008 width=121)
	  ->  Sort  (cost=3941.33..3943.85 rows=1008 width=121)
	        Sort Key: c
	        ->  Bitmap Heap Scan on sbtest3  (cost=22.77..3891.05 rows=1008 width=121)
	              Recheck Cond: ((id >= 1764699) AND (id <= 1765698))
	              ->  Bitmap Index Scan on sbtest3_pkey  (cost=0.00..22.51 rows=1008 width=0)
	                    Index Cond: ((id >= 1764699) AND (id <= 1765698))

table 4 : explain SELECT DISTINCT c FROM sbtest4 WHERE id BETWEEN 2097464 AND 2098463 ORDER BY c
	Unique  (cost=4030.39..4035.55 rows=1031 width=121)
	  ->  Sort  (cost=4030.39..4032.97 rows=1031 width=121)
	        Sort Key: c
	        ->  Bitmap Heap Scan on sbtest4  (cost=23.00..3978.79 rows=1031 width=121)
	              Recheck Cond: ((id >= 2097464) AND (id <= 2098463))
	              ->  Bitmap Index Scan on sbtest4_pkey  (cost=0.00..22.75 rows=1031 width=0)
	                    Index Cond: ((id >= 2097464) AND (id <= 2098463))

table 5 : explain SELECT DISTINCT c FROM sbtest5 WHERE id BETWEEN 5289834 AND 5290833 ORDER BY c
	Unique  (cost=3586.37..3590.95 rows=915 width=121)
	  ->  Sort  (cost=3586.37..3588.66 rows=915 width=121)
	        Sort Key: c
	        ->  Bitmap Heap Scan on sbtest5  (cost=21.81..3541.36 rows=915 width=121)
	              Recheck Cond: ((id >= 5289834) AND (id <= 5290833))
	              ->  Bitmap Index Scan on sbtest5_pkey  (cost=0.00..21.58 rows=915 width=0)
	                    Index Cond: ((id >= 5289834) AND (id <= 5290833))

table 6 : explain SELECT DISTINCT c FROM sbtest6 WHERE id BETWEEN 6092332 AND 6093331 ORDER BY c
	Unique  (cost=3973.16..3978.24 rows=1016 width=121)
	  ->  Sort  (cost=3973.16..3975.70 rows=1016 width=121)
	        Sort Key: c
	        ->  Bitmap Heap Scan on sbtest6  (cost=22.85..3922.42 rows=1016 width=121)
	              Recheck Cond: ((id >= 6092332) AND (id <= 6093331))
	              ->  Bitmap Index Scan on sbtest6_pkey  (cost=0.00..22.59 rows=1016 width=0)
	                    Index Cond: ((id >= 6092332) AND (id <= 6093331))

table 7 : explain SELECT DISTINCT c FROM sbtest7 WHERE id BETWEEN 4769773 AND 4770772 ORDER BY c
	Unique  (cost=4405.86..4411.51 rows=1129 width=121)
	  ->  Sort  (cost=4405.86..4408.68 rows=1129 width=121)
	        Sort Key: c
	        ->  Bitmap Heap Scan on sbtest7  (cost=28.01..4348.62 rows=1129 width=121)
	              Recheck Cond: ((id >= 4769773) AND (id <= 4770772))
	              ->  Bitmap Index Scan on sbtest7_pkey  (cost=0.00..27.72 rows=1129 width=0)
	                    Index Cond: ((id >= 4769773) AND (id <= 4770772))

table 8 : explain SELECT DISTINCT c FROM sbtest8 WHERE id BETWEEN 80153 AND 81152 ORDER BY c
	Unique  (cost=4211.22..4216.60 rows=1077 width=121)
	  ->  Sort  (cost=4211.22..4213.91 rows=1077 width=121)
	        Sort Key: c
	        ->  Bitmap Heap Scan on sbtest8  (cost=27.47..4156.97 rows=1077 width=121)
	              Recheck Cond: ((id >= 80153) AND (id <= 81152))
	              ->  Bitmap Index Scan on sbtest8_pkey  (cost=0.00..27.20 rows=1077 width=0)
	                    Index Cond: ((id >= 80153) AND (id <= 81152))

for: order_ranges
table 1 : explain SELECT c FROM sbtest1 WHERE id BETWEEN 444762 AND 445761 ORDER BY c
	Sort  (cost=3568.93..3571.20 rows=911 width=121)
	  Sort Key: c
	  ->  Bitmap Heap Scan on sbtest1  (cost=21.77..3524.15 rows=911 width=121)
	        Recheck Cond: ((id >= 444762) AND (id <= 445761))
	        ->  Bitmap Index Scan on sbtest1_pkey  (cost=0.00..21.54 rows=911 width=0)
	              Index Cond: ((id >= 444762) AND (id <= 445761))

table 2 : explain SELECT c FROM sbtest2 WHERE id BETWEEN 4159783 AND 4160782 ORDER BY c
	Sort  (cost=4067.32..4069.92 rows=1041 width=121)
	  Sort Key: c
	  ->  Bitmap Heap Scan on sbtest2  (cost=23.11..4015.14 rows=1041 width=121)
	        Recheck Cond: ((id >= 4159783) AND (id <= 4160782))
	        ->  Bitmap Index Scan on sbtest2_pkey  (cost=0.00..22.84 rows=1041 width=0)
	              Index Cond: ((id >= 4159783) AND (id <= 4160782))

table 3 : explain SELECT c FROM sbtest3 WHERE id BETWEEN 5705170 AND 5706169 ORDER BY c
	Sort  (cost=3750.08..3752.48 rows=958 width=121)
	  Sort Key: c
	  ->  Bitmap Heap Scan on sbtest3  (cost=22.25..3702.64 rows=958 width=121)
	        Recheck Cond: ((id >= 5705170) AND (id <= 5706169))
	        ->  Bitmap Index Scan on sbtest3_pkey  (cost=0.00..22.01 rows=958 width=0)
	              Index Cond: ((id >= 5705170) AND (id <= 5706169))

table 4 : explain SELECT c FROM sbtest4 WHERE id BETWEEN 5554469 AND 5555468 ORDER BY c
	Sort  (cost=3904.24..3906.73 rows=998 width=121)
	  Sort Key: c
	  ->  Bitmap Heap Scan on sbtest4  (cost=22.66..3854.52 rows=998 width=121)
	        Recheck Cond: ((id >= 5554469) AND (id <= 5555468))
	        ->  Bitmap Index Scan on sbtest4_pkey  (cost=0.00..22.41 rows=998 width=0)
	              Index Cond: ((id >= 5554469) AND (id <= 5555468))

table 5 : explain SELECT c FROM sbtest5 WHERE id BETWEEN 3694029 AND 3695028 ORDER BY c
	Sort  (cost=4060.98..4063.58 rows=1039 width=121)
	  Sort Key: c
	  ->  Bitmap Heap Scan on sbtest5  (cost=23.08..4008.92 rows=1039 width=121)
	        Recheck Cond: ((id >= 3694029) AND (id <= 3695028))
	        ->  Bitmap Index Scan on sbtest5_pkey  (cost=0.00..22.82 rows=1039 width=0)
	              Index Cond: ((id >= 3694029) AND (id <= 3695028))

table 6 : explain SELECT c FROM sbtest6 WHERE id BETWEEN 2801479 AND 2802478 ORDER BY c
	Sort  (cost=3812.50..3814.93 rows=974 width=121)
	  Sort Key: c
	  ->  Bitmap Heap Scan on sbtest6  (cost=22.42..3764.15 rows=974 width=121)
	        Recheck Cond: ((id >= 2801479) AND (id <= 2802478))
	        ->  Bitmap Index Scan on sbtest6_pkey  (cost=0.00..22.18 rows=974 width=0)
	              Index Cond: ((id >= 2801479) AND (id <= 2802478))

table 7 : explain SELECT c FROM sbtest7 WHERE id BETWEEN 6374169 AND 6375168 ORDER BY c
	Sort  (cost=3790.49..3792.91 rows=968 width=121)
	  Sort Key: c
	  ->  Bitmap Heap Scan on sbtest7  (cost=22.36..3742.48 rows=968 width=121)
	        Recheck Cond: ((id >= 6374169) AND (id <= 6375168))
	        ->  Bitmap Index Scan on sbtest7_pkey  (cost=0.00..22.11 rows=968 width=0)
	              Index Cond: ((id >= 6374169) AND (id <= 6375168))

table 8 : explain SELECT c FROM sbtest8 WHERE id BETWEEN 1841104 AND 1842103 ORDER BY c
	Sort  (cost=3778.96..3781.37 rows=965 width=121)
	  Sort Key: c
	  ->  Bitmap Heap Scan on sbtest8  (cost=22.33..3731.13 rows=965 width=121)
	        Recheck Cond: ((id >= 1841104) AND (id <= 1842103))
	        ->  Bitmap Index Scan on sbtest8_pkey  (cost=0.00..22.08 rows=965 width=0)
	              Index Cond: ((id >= 1841104) AND (id <= 1842103))

for: order_ranges
table 1 : explain SELECT c FROM sbtest1 WHERE id BETWEEN 3417601 AND 3418600 ORDER BY c
	Sort  (cost=3702.98..3705.34 rows=946 width=121)
	  Sort Key: c
	  ->  Bitmap Heap Scan on sbtest1  (cost=22.13..3656.22 rows=946 width=121)
	        Recheck Cond: ((id >= 3417601) AND (id <= 3418600))
	        ->  Bitmap Index Scan on sbtest1_pkey  (cost=0.00..21.89 rows=946 width=0)
	              Index Cond: ((id >= 3417601) AND (id <= 3418600))

table 2 : explain SELECT c FROM sbtest2 WHERE id BETWEEN 9476935 AND 9477934 ORDER BY c
	Sort  (cost=4082.59..4085.20 rows=1045 width=121)
	  Sort Key: c
	  ->  Bitmap Heap Scan on sbtest2  (cost=23.15..4030.18 rows=1045 width=121)
	        Recheck Cond: ((id >= 9476935) AND (id <= 9477934))
	        ->  Bitmap Index Scan on sbtest2_pkey  (cost=0.00..22.89 rows=1045 width=0)
	              Index Cond: ((id >= 9476935) AND (id <= 9477934))

table 3 : explain SELECT c FROM sbtest3 WHERE id BETWEEN 5401211 AND 5402210 ORDER BY c
	Sort  (cost=3807.49..3809.92 rows=973 width=121)
	  Sort Key: c
	  ->  Bitmap Heap Scan on sbtest3  (cost=22.41..3759.20 rows=973 width=121)
	        Recheck Cond: ((id >= 5401211) AND (id <= 5402210))
	        ->  Bitmap Index Scan on sbtest3_pkey  (cost=0.00..22.16 rows=973 width=0)
	              Index Cond: ((id >= 5401211) AND (id <= 5402210))

table 4 : explain SELECT c FROM sbtest4 WHERE id BETWEEN 6058219 AND 6059218 ORDER BY c
	Sort  (cost=3835.37..3837.82 rows=980 width=121)
	  Sort Key: c
	  ->  Bitmap Heap Scan on sbtest4  (cost=22.48..3786.68 rows=980 width=121)
	        Recheck Cond: ((id >= 6058219) AND (id <= 6059218))
	        ->  Bitmap Index Scan on sbtest4_pkey  (cost=0.00..22.23 rows=980 width=0)
	              Index Cond: ((id >= 6058219) AND (id <= 6059218))

table 5 : explain SELECT c FROM sbtest5 WHERE id BETWEEN 2457106 AND 2458105 ORDER BY c
	Sort  (cost=3942.50..3945.02 rows=1008 width=121)
	  Sort Key: c
	  ->  Bitmap Heap Scan on sbtest5  (cost=22.77..3892.22 rows=1008 width=121)
	        Recheck Cond: ((id >= 2457106) AND (id <= 2458105))
	        ->  Bitmap Index Scan on sbtest5_pkey  (cost=0.00..22.51 rows=1008 width=0)
	              Index Cond: ((id >= 2457106) AND (id <= 2458105))

table 6 : explain SELECT c FROM sbtest6 WHERE id BETWEEN 2414502 AND 2415501 ORDER BY c
	Sort  (cost=4385.60..4388.41 rows=1124 width=121)
	  Sort Key: c
	  ->  Bitmap Heap Scan on sbtest6  (cost=27.96..4328.65 rows=1124 width=121)
	        Recheck Cond: ((id >= 2414502) AND (id <= 2415501))
	        ->  Bitmap Index Scan on sbtest6_pkey  (cost=0.00..27.68 rows=1124 width=0)
	              Index Cond: ((id >= 2414502) AND (id <= 2415501))

table 7 : explain SELECT c FROM sbtest7 WHERE id BETWEEN 6970763 AND 6971762 ORDER BY c
	Sort  (cost=3863.24..3865.71 rows=987 width=121)
	  Sort Key: c
	  ->  Bitmap Heap Scan on sbtest7  (cost=22.55..3814.15 rows=987 width=121)
	        Recheck Cond: ((id >= 6970763) AND (id <= 6971762))
	        ->  Bitmap Index Scan on sbtest7_pkey  (cost=0.00..22.30 rows=987 width=0)
	              Index Cond: ((id >= 6970763) AND (id <= 6971762))

table 8 : explain SELECT c FROM sbtest8 WHERE id BETWEEN 4517463 AND 4518462 ORDER BY c
	Sort  (cost=4023.86..4026.44 rows=1029 width=121)
	  Sort Key: c
	  ->  Bitmap Heap Scan on sbtest8  (cost=22.98..3972.38 rows=1029 width=121)
	        Recheck Cond: ((id >= 4517463) AND (id <= 4518462))
	        ->  Bitmap Index Scan on sbtest8_pkey  (cost=0.00..22.72 rows=1029 width=0)
	              Index Cond: ((id >= 4517463) AND (id <= 4518462))

for: distinct_ranges
table 1 : explain SELECT DISTINCT c FROM sbtest1 WHERE id BETWEEN 2714825 AND 2715824 ORDER BY c
	Unique  (cost=3829.22..3834.12 rows=979 width=121)
	  ->  Sort  (cost=3829.22..3831.67 rows=979 width=121)
	        Sort Key: c
	        ->  Bitmap Heap Scan on sbtest1  (cost=22.47..3780.59 rows=979 width=121)
	              Recheck Cond: ((id >= 2714825) AND (id <= 2715824))
	              ->  Bitmap Index Scan on sbtest1_pkey  (cost=0.00..22.22 rows=979 width=0)
	                    Index Cond: ((id >= 2714825) AND (id <= 2715824))

table 2 : explain SELECT DISTINCT c FROM sbtest2 WHERE id BETWEEN 9264328 AND 9265327 ORDER BY c
	Unique  (cost=3719.39..3724.14 rows=950 width=121)
	  ->  Sort  (cost=3719.39..3721.77 rows=950 width=121)
	        Sort Key: c
	        ->  Bitmap Heap Scan on sbtest2  (cost=22.17..3672.40 rows=950 width=121)
	              Recheck Cond: ((id >= 9264328) AND (id <= 9265327))
	              ->  Bitmap Index Scan on sbtest2_pkey  (cost=0.00..21.93 rows=950 width=0)
	                    Index Cond: ((id >= 9264328) AND (id <= 9265327))

table 3 : explain SELECT DISTINCT c FROM sbtest3 WHERE id BETWEEN 4054350 AND 4055349 ORDER BY c
	Unique  (cost=3727.11..3731.87 rows=952 width=121)
	  ->  Sort  (cost=3727.11..3729.49 rows=952 width=121)
	        Sort Key: c
	        ->  Bitmap Heap Scan on sbtest3  (cost=22.19..3680.01 rows=952 width=121)
	              Recheck Cond: ((id >= 4054350) AND (id <= 4055349))
	              ->  Bitmap Index Scan on sbtest3_pkey  (cost=0.00..21.95 rows=952 width=0)
	                    Index Cond: ((id >= 4054350) AND (id <= 4055349))

table 4 : explain SELECT DISTINCT c FROM sbtest4 WHERE id BETWEEN 9395167 AND 9396166 ORDER BY c
	Unique  (cost=3839.20..3844.10 rows=981 width=121)
	  ->  Sort  (cost=3839.20..3841.65 rows=981 width=121)
	        Sort Key: c
	        ->  Bitmap Heap Scan on sbtest4  (cost=22.49..3790.45 rows=981 width=121)
	              Recheck Cond: ((id >= 9395167) AND (id <= 9396166))
	              ->  Bitmap Index Scan on sbtest4_pkey  (cost=0.00..22.25 rows=981 width=0)
	                    Index Cond: ((id >= 9395167) AND (id <= 9396166))

table 5 : explain SELECT DISTINCT c FROM sbtest5 WHERE id BETWEEN 4883828 AND 4884827 ORDER BY c
	Unique  (cost=3877.48..3882.44 rows=991 width=121)
	  ->  Sort  (cost=3877.48..3879.96 rows=991 width=121)
	        Sort Key: c
	        ->  Bitmap Heap Scan on sbtest5  (cost=22.59..3828.17 rows=991 width=121)
	              Recheck Cond: ((id >= 4883828) AND (id <= 4884827))
	              ->  Bitmap Index Scan on sbtest5_pkey  (cost=0.00..22.34 rows=991 width=0)
	                    Index Cond: ((id >= 4883828) AND (id <= 4884827))

table 6 : explain SELECT DISTINCT c FROM sbtest6 WHERE id BETWEEN 4670108 AND 4671107 ORDER BY c
	Unique  (cost=3850.77..3855.69 rows=984 width=121)
	  ->  Sort  (cost=3850.77..3853.23 rows=984 width=121)
	        Sort Key: c
	        ->  Bitmap Heap Scan on sbtest6  (cost=22.52..3801.85 rows=984 width=121)
	              Recheck Cond: ((id >= 4670108) AND (id <= 4671107))
	              ->  Bitmap Index Scan on sbtest6_pkey  (cost=0.00..22.27 rows=984 width=0)
	                    Index Cond: ((id >= 4670108) AND (id <= 4671107))

table 7 : explain SELECT DISTINCT c FROM sbtest7 WHERE id BETWEEN 7171419 AND 7172418 ORDER BY c
	Unique  (cost=3736.85..3741.62 rows=954 width=121)
	  ->  Sort  (cost=3736.85..3739.24 rows=954 width=121)
	        Sort Key: c
	        ->  Bitmap Heap Scan on sbtest7  (cost=22.21..3689.64 rows=954 width=121)
	              Recheck Cond: ((id >= 7171419) AND (id <= 7172418))
	              ->  Bitmap Index Scan on sbtest7_pkey  (cost=0.00..21.97 rows=954 width=0)
	                    Index Cond: ((id >= 7171419) AND (id <= 7172418))

table 8 : explain SELECT DISTINCT c FROM sbtest8 WHERE id BETWEEN 5479181 AND 5480180 ORDER BY c
	Unique  (cost=3874.69..3879.64 rows=990 width=121)
	  ->  Sort  (cost=3874.69..3877.16 rows=990 width=121)
	        Sort Key: c
	        ->  Bitmap Heap Scan on sbtest8  (cost=22.58..3825.43 rows=990 width=121)
	              Recheck Cond: ((id >= 5479181) AND (id <= 5480180))
	              ->  Bitmap Index Scan on sbtest8_pkey  (cost=0.00..22.33 rows=990 width=0)
	                    Index Cond: ((id >= 5479181) AND (id <= 5480180))

for: order_ranges
table 1 : explain SELECT c FROM sbtest1 WHERE id BETWEEN 9986664 AND 9987663 ORDER BY c
	Sort  (cost=3928.60..3931.11 rows=1005 width=121)
	  Sort Key: c
	  ->  Bitmap Heap Scan on sbtest1  (cost=22.74..3878.48 rows=1005 width=121)
	        Recheck Cond: ((id >= 9986664) AND (id <= 9987663))
	        ->  Bitmap Index Scan on sbtest1_pkey  (cost=0.00..22.48 rows=1005 width=0)
	              Index Cond: ((id >= 9986664) AND (id <= 9987663))

table 2 : explain SELECT c FROM sbtest2 WHERE id BETWEEN 8425091 AND 8426090 ORDER BY c
	Sort  (cost=4006.22..4008.78 rows=1025 width=121)
	  Sort Key: c
	  ->  Bitmap Heap Scan on sbtest2  (cost=22.94..3954.96 rows=1025 width=121)
	        Recheck Cond: ((id >= 8425091) AND (id <= 8426090))
	        ->  Bitmap Index Scan on sbtest2_pkey  (cost=0.00..22.68 rows=1025 width=0)
	              Index Cond: ((id >= 8425091) AND (id <= 8426090))

table 3 : explain SELECT c FROM sbtest3 WHERE id BETWEEN 5571435 AND 5572434 ORDER BY c
	Sort  (cost=3593.03..3595.32 rows=917 width=121)
	  Sort Key: c
	  ->  Bitmap Heap Scan on sbtest3  (cost=21.83..3547.91 rows=917 width=121)
	        Recheck Cond: ((id >= 5571435) AND (id <= 5572434))
	        ->  Bitmap Index Scan on sbtest3_pkey  (cost=0.00..21.61 rows=917 width=0)
	              Index Cond: ((id >= 5571435) AND (id <= 5572434))

table 4 : explain SELECT c FROM sbtest4 WHERE id BETWEEN 2723600 AND 2724599 ORDER BY c
	Sort  (cost=4286.31..4289.05 rows=1097 width=121)
	  Sort Key: c
	  ->  Bitmap Heap Scan on sbtest4  (cost=27.68..4230.91 rows=1097 width=121)
	        Recheck Cond: ((id >= 2723600) AND (id <= 2724599))
	        ->  Bitmap Index Scan on sbtest4_pkey  (cost=0.00..27.40 rows=1097 width=0)
	              Index Cond: ((id >= 2723600) AND (id <= 2724599))

table 5 : explain SELECT c FROM sbtest5 WHERE id BETWEEN 5466677 AND 5467676 ORDER BY c
	Sort  (cost=3762.66..3765.06 rows=961 width=121)
	  Sort Key: c
	  ->  Bitmap Heap Scan on sbtest5  (cost=22.29..3715.05 rows=961 width=121)
	        Recheck Cond: ((id >= 5466677) AND (id <= 5467676))
	        ->  Bitmap Index Scan on sbtest5_pkey  (cost=0.00..22.04 rows=961 width=0)
	              Index Cond: ((id >= 5466677) AND (id <= 5467676))

table 6 : explain SELECT c FROM sbtest6 WHERE id BETWEEN 6884589 AND 6885588 ORDER BY c
	Sort  (cost=4091.61..4094.23 rows=1047 width=121)
	  Sort Key: c
	  ->  Bitmap Heap Scan on sbtest6  (cost=23.17..4039.09 rows=1047 width=121)
	        Recheck Cond: ((id >= 6884589) AND (id <= 6885588))
	        ->  Bitmap Index Scan on sbtest6_pkey  (cost=0.00..22.90 rows=1047 width=0)
	              Index Cond: ((id >= 6884589) AND (id <= 6885588))

table 7 : explain SELECT c FROM sbtest7 WHERE id BETWEEN 8201524 AND 8202523 ORDER BY c
	Sort  (cost=3510.56..3512.79 rows=895 width=121)
	  Sort Key: c
	  ->  Bitmap Heap Scan on sbtest7  (cost=21.61..3466.67 rows=895 width=121)
	        Recheck Cond: ((id >= 8201524) AND (id <= 8202523))
	        ->  Bitmap Index Scan on sbtest7_pkey  (cost=0.00..21.39 rows=895 width=0)
	              Index Cond: ((id >= 8201524) AND (id <= 8202523))

table 8 : explain SELECT c FROM sbtest8 WHERE id BETWEEN 7256426 AND 7257425 ORDER BY c
	Sort  (cost=4276.09..4278.82 rows=1094 width=121)
	  Sort Key: c
	  ->  Bitmap Heap Scan on sbtest8  (cost=27.65..4220.87 rows=1094 width=121)
	        Recheck Cond: ((id >= 7256426) AND (id <= 7257425))
	        ->  Bitmap Index Scan on sbtest8_pkey  (cost=0.00..27.37 rows=1094 width=0)
	              Index Cond: ((id >= 7256426) AND (id <= 7257425))

for: order_ranges
table 1 : explain SELECT c FROM sbtest1 WHERE id BETWEEN 8466566 AND 8467565 ORDER BY c
	Sort  (cost=4249.08..4251.80 rows=1089 width=121)
	  Sort Key: c
	  ->  Bitmap Heap Scan on sbtest1  (cost=23.60..4194.15 rows=1089 width=121)
	        Recheck Cond: ((id >= 8466566) AND (id <= 8467565))
	        ->  Bitmap Index Scan on sbtest1_pkey  (cost=0.00..23.32 rows=1089 width=0)
	              Index Cond: ((id >= 8466566) AND (id <= 8467565))

table 2 : explain SELECT c FROM sbtest2 WHERE id BETWEEN 5845123 AND 5846122 ORDER BY c
	Sort  (cost=3849.50..3851.96 rows=984 width=121)
	  Sort Key: c
	  ->  Bitmap Heap Scan on sbtest2  (cost=22.52..3800.59 rows=984 width=121)
	        Recheck Cond: ((id >= 5845123) AND (id <= 5846122))
	        ->  Bitmap Index Scan on sbtest2_pkey  (cost=0.00..22.27 rows=984 width=0)
	              Index Cond: ((id >= 5845123) AND (id <= 5846122))

table 3 : explain SELECT c FROM sbtest3 WHERE id BETWEEN 1235499 AND 1236498 ORDER BY c
	Sort  (cost=4223.82..4226.53 rows=1082 width=121)
	  Sort Key: c
	  ->  Bitmap Heap Scan on sbtest3  (cost=23.53..4169.29 rows=1082 width=121)
	        Recheck Cond: ((id >= 1235499) AND (id <= 1236498))
	        ->  Bitmap Index Scan on sbtest3_pkey  (cost=0.00..23.25 rows=1082 width=0)
	              Index Cond: ((id >= 1235499) AND (id <= 1236498))

table 4 : explain SELECT c FROM sbtest4 WHERE id BETWEEN 5100411 AND 5101410 ORDER BY c
	Sort  (cost=3777.95..3780.36 rows=965 width=121)
	  Sort Key: c
	  ->  Bitmap Heap Scan on sbtest4  (cost=22.33..3730.11 rows=965 width=121)
	        Recheck Cond: ((id >= 5100411) AND (id <= 5101410))
	        ->  Bitmap Index Scan on sbtest4_pkey  (cost=0.00..22.08 rows=965 width=0)
	              Index Cond: ((id >= 5100411) AND (id <= 5101410))

table 5 : explain SELECT c FROM sbtest5 WHERE id BETWEEN 3024778 AND 3025777 ORDER BY c
	Sort  (cost=3777.97..3780.39 rows=965 width=121)
	  Sort Key: c
	  ->  Bitmap Heap Scan on sbtest5  (cost=22.33..3730.14 rows=965 width=121)
	        Recheck Cond: ((id >= 3024778) AND (id <= 3025777))
	        ->  Bitmap Index Scan on sbtest5_pkey  (cost=0.00..22.08 rows=965 width=0)
	              Index Cond: ((id >= 3024778) AND (id <= 3025777))

table 6 : explain SELECT c FROM sbtest6 WHERE id BETWEEN 2272905 AND 2273904 ORDER BY c
	Sort  (cost=3889.03..3891.52 rows=994 width=121)
	  Sort Key: c
	  ->  Bitmap Heap Scan on sbtest6  (cost=22.62..3839.54 rows=994 width=121)
	        Recheck Cond: ((id >= 2272905) AND (id <= 2273904))
	        ->  Bitmap Index Scan on sbtest6_pkey  (cost=0.00..22.37 rows=994 width=0)
	              Index Cond: ((id >= 2272905) AND (id <= 2273904))

table 7 : explain SELECT c FROM sbtest7 WHERE id BETWEEN 1659736 AND 1660735 ORDER BY c
	Sort  (cost=3629.51..3631.83 rows=926 width=121)
	  Sort Key: c
	  ->  Bitmap Heap Scan on sbtest7  (cost=21.93..3583.88 rows=926 width=121)
	        Recheck Cond: ((id >= 1659736) AND (id <= 1660735))
	        ->  Bitmap Index Scan on sbtest7_pkey  (cost=0.00..21.69 rows=926 width=0)
	              Index Cond: ((id >= 1659736) AND (id <= 1660735))

table 8 : explain SELECT c FROM sbtest8 WHERE id BETWEEN 9124383 AND 9125382 ORDER BY c
	Sort  (cost=3962.68..3965.22 rows=1013 width=121)
	  Sort Key: c
	  ->  Bitmap Heap Scan on sbtest8  (cost=22.82..3912.11 rows=1013 width=121)
	        Recheck Cond: ((id >= 9124383) AND (id <= 9125382))
	        ->  Bitmap Index Scan on sbtest8_pkey  (cost=0.00..22.57 rows=1013 width=0)
	              Index Cond: ((id >= 9124383) AND (id <= 9125382))

for: distinct_ranges
table 1 : explain SELECT DISTINCT c FROM sbtest1 WHERE id BETWEEN 6894221 AND 6895220 ORDER BY c
	Unique  (cost=4477.76..4483.51 rows=1149 width=121)
	  ->  Sort  (cost=4477.76..4480.63 rows=1149 width=121)
	        Sort Key: c
	        ->  Bitmap Heap Scan on sbtest1  (cost=28.21..4419.36 rows=1149 width=121)
	              Recheck Cond: ((id >= 6894221) AND (id <= 6895220))
	              ->  Bitmap Index Scan on sbtest1_pkey  (cost=0.00..27.93 rows=1149 width=0)
	                    Index Cond: ((id >= 6894221) AND (id <= 6895220))

table 2 : explain SELECT DISTINCT c FROM sbtest2 WHERE id BETWEEN 1598084 AND 1599083 ORDER BY c
	Unique  (cost=3922.15..3927.17 rows=1003 width=121)
	  ->  Sort  (cost=3922.15..3924.66 rows=1003 width=121)
	        Sort Key: c
	        ->  Bitmap Heap Scan on sbtest2  (cost=22.72..3872.15 rows=1003 width=121)
	              Recheck Cond: ((id >= 1598084) AND (id <= 1599083))
	              ->  Bitmap Index Scan on sbtest2_pkey  (cost=0.00..22.46 rows=1003 width=0)
	                    Index Cond: ((id >= 1598084) AND (id <= 1599083))

table 3 : explain SELECT DISTINCT c FROM sbtest3 WHERE id BETWEEN 8329060 AND 8330059 ORDER BY c
	Unique  (cost=4143.72..4149.03 rows=1061 width=121)
	  ->  Sort  (cost=4143.72..4146.38 rows=1061 width=121)
	        Sort Key: c
	        ->  Bitmap Heap Scan on sbtest3  (cost=23.31..4090.40 rows=1061 width=121)
	              Recheck Cond: ((id >= 8329060) AND (id <= 8330059))
	              ->  Bitmap Index Scan on sbtest3_pkey  (cost=0.00..23.04 rows=1061 width=0)
	                    Index Cond: ((id >= 8329060) AND (id <= 8330059))

table 4 : explain SELECT DISTINCT c FROM sbtest4 WHERE id BETWEEN 8261854 AND 8262853 ORDER BY c
	Unique  (cost=4049.49..4054.67 rows=1036 width=121)
	  ->  Sort  (cost=4049.49..4052.08 rows=1036 width=121)
	        Sort Key: c
	        ->  Bitmap Heap Scan on sbtest4  (cost=23.05..3997.61 rows=1036 width=121)
	              Recheck Cond: ((id >= 8261854) AND (id <= 8262853))
	              ->  Bitmap Index Scan on sbtest4_pkey  (cost=0.00..22.79 rows=1036 width=0)
	                    Index Cond: ((id >= 8261854) AND (id <= 8262853))

table 5 : explain SELECT DISTINCT c FROM sbtest5 WHERE id BETWEEN 4103638 AND 4104637 ORDER BY c
	Unique  (cost=3881.31..3886.27 rows=992 width=121)
	  ->  Sort  (cost=3881.31..3883.79 rows=992 width=121)
	        Sort Key: c
	        ->  Bitmap Heap Scan on sbtest5  (cost=22.60..3831.94 rows=992 width=121)
	              Recheck Cond: ((id >= 4103638) AND (id <= 4104637))
	              ->  Bitmap Index Scan on sbtest5_pkey  (cost=0.00..22.36 rows=992 width=0)
	                    Index Cond: ((id >= 4103638) AND (id <= 4104637))

table 6 : explain SELECT DISTINCT c FROM sbtest6 WHERE id BETWEEN 3909178 AND 3910177 ORDER BY c
	Unique  (cost=4015.21..4020.34 rows=1027 width=121)
	  ->  Sort  (cost=4015.21..4017.77 rows=1027 width=121)
	        Sort Key: c
	        ->  Bitmap Heap Scan on sbtest6  (cost=22.96..3963.83 rows=1027 width=121)
	              Recheck Cond: ((id >= 3909178) AND (id <= 3910177))
	              ->  Bitmap Index Scan on sbtest6_pkey  (cost=0.00..22.70 rows=1027 width=0)
	                    Index Cond: ((id >= 3909178) AND (id <= 3910177))

table 7 : explain SELECT DISTINCT c FROM sbtest7 WHERE id BETWEEN 4352660 AND 4353659 ORDER BY c
	Unique  (cost=4016.25..4021.39 rows=1027 width=121)
	  ->  Sort  (cost=4016.25..4018.82 rows=1027 width=121)
	        Sort Key: c
	        ->  Bitmap Heap Scan on sbtest7  (cost=22.96..3964.88 rows=1027 width=121)
	              Recheck Cond: ((id >= 4352660) AND (id <= 4353659))
	              ->  Bitmap Index Scan on sbtest7_pkey  (cost=0.00..22.70 rows=1027 width=0)
	                    Index Cond: ((id >= 4352660) AND (id <= 4353659))

table 8 : explain SELECT DISTINCT c FROM sbtest8 WHERE id BETWEEN 6598150 AND 6599149 ORDER BY c
	Unique  (cost=4298.98..4304.48 rows=1100 width=121)
	  ->  Sort  (cost=4298.98..4301.73 rows=1100 width=121)
	        Sort Key: c
	        ->  Bitmap Heap Scan on sbtest8  (cost=27.71..4243.41 rows=1100 width=121)
	              Recheck Cond: ((id >= 6598150) AND (id <= 6599149))
	              ->  Bitmap Index Scan on sbtest8_pkey  (cost=0.00..27.43 rows=1100 width=0)
	                    Index Cond: ((id >= 6598150) AND (id <= 6599149))

for: order_ranges
table 1 : explain SELECT c FROM sbtest1 WHERE id BETWEEN 8658556 AND 8659555 ORDER BY c
	Sort  (cost=4165.22..4167.89 rows=1067 width=121)
	  Sort Key: c
	  ->  Bitmap Heap Scan on sbtest1  (cost=23.37..4111.56 rows=1067 width=121)
	        Recheck Cond: ((id >= 8658556) AND (id <= 8659555))
	        ->  Bitmap Index Scan on sbtest1_pkey  (cost=0.00..23.11 rows=1067 width=0)
	              Index Cond: ((id >= 8658556) AND (id <= 8659555))

table 2 : explain SELECT c FROM sbtest2 WHERE id BETWEEN 2001055 AND 2002054 ORDER BY c
	Sort  (cost=3864.80..3867.27 rows=988 width=121)
	  Sort Key: c
	  ->  Bitmap Heap Scan on sbtest2  (cost=22.56..3815.66 rows=988 width=121)
	        Recheck Cond: ((id >= 2001055) AND (id <= 2002054))
	        ->  Bitmap Index Scan on sbtest2_pkey  (cost=0.00..22.32 rows=988 width=0)
	              Index Cond: ((id >= 2001055) AND (id <= 2002054))

table 3 : explain SELECT c FROM sbtest3 WHERE id BETWEEN 402919 AND 403918 ORDER BY c
	Sort  (cost=3792.19..3794.61 rows=969 width=121)
	  Sort Key: c
	  ->  Bitmap Heap Scan on sbtest3  (cost=22.37..3744.12 rows=969 width=121)
	        Recheck Cond: ((id >= 402919) AND (id <= 403918))
	        ->  Bitmap Index Scan on sbtest3_pkey  (cost=0.00..22.12 rows=969 width=0)
	              Index Cond: ((id >= 402919) AND (id <= 403918))

table 4 : explain SELECT c FROM sbtest4 WHERE id BETWEEN 5171709 AND 5172708 ORDER BY c
	Sort  (cost=3777.95..3780.36 rows=965 width=121)
	  Sort Key: c
	  ->  Bitmap Heap Scan on sbtest4  (cost=22.33..3730.11 rows=965 width=121)
	        Recheck Cond: ((id >= 5171709) AND (id <= 5172708))
	        ->  Bitmap Index Scan on sbtest4_pkey  (cost=0.00..22.08 rows=965 width=0)
	              Index Cond: ((id >= 5171709) AND (id <= 5172708))

table 5 : explain SELECT c FROM sbtest5 WHERE id BETWEEN 8790654 AND 8791653 ORDER BY c
	Sort  (cost=3823.91..3826.35 rows=977 width=121)
	  Sort Key: c
	  ->  Bitmap Heap Scan on sbtest5  (cost=22.45..3775.39 rows=977 width=121)
	        Recheck Cond: ((id >= 8790654) AND (id <= 8791653))
	        ->  Bitmap Index Scan on sbtest5_pkey  (cost=0.00..22.20 rows=977 width=0)
	              Index Cond: ((id >= 8790654) AND (id <= 8791653))

table 6 : explain SELECT c FROM sbtest6 WHERE id BETWEEN 9932647 AND 9933646 ORDER BY c
	Sort  (cost=3785.70..3788.12 rows=967 width=121)
	  Sort Key: c
	  ->  Bitmap Heap Scan on sbtest6  (cost=22.35..3737.75 rows=967 width=121)
	        Recheck Cond: ((id >= 9932647) AND (id <= 9933646))
	        ->  Bitmap Index Scan on sbtest6_pkey  (cost=0.00..22.11 rows=967 width=0)
	              Index Cond: ((id >= 9932647) AND (id <= 9933646))

table 7 : explain SELECT c FROM sbtest7 WHERE id BETWEEN 5522872 AND 5523871 ORDER BY c
	Sort  (cost=4234.16..4236.86 rows=1083 width=121)
	  Sort Key: c
	  ->  Bitmap Heap Scan on sbtest7  (cost=27.54..4179.57 rows=1083 width=121)
	        Recheck Cond: ((id >= 5522872) AND (id <= 5523871))
	        ->  Bitmap Index Scan on sbtest7_pkey  (cost=0.00..27.26 rows=1083 width=0)
	              Index Cond: ((id >= 5522872) AND (id <= 5523871))

table 8 : explain SELECT c FROM sbtest8 WHERE id BETWEEN 4497451 AND 4498450 ORDER BY c
	Sort  (cost=4023.86..4026.44 rows=1029 width=121)
	  Sort Key: c
	  ->  Bitmap Heap Scan on sbtest8  (cost=22.98..3972.38 rows=1029 width=121)
	        Recheck Cond: ((id >= 4497451) AND (id <= 4498450))
	        ->  Bitmap Index Scan on sbtest8_pkey  (cost=0.00..22.72 rows=1029 width=0)
	              Index Cond: ((id >= 4497451) AND (id <= 4498450))

for: order_ranges
table 1 : explain SELECT c FROM sbtest1 WHERE id BETWEEN 6721289 AND 6722288 ORDER BY c
	Sort  (cost=4184.29..4186.97 rows=1072 width=121)
	  Sort Key: c
	  ->  Bitmap Heap Scan on sbtest1  (cost=23.42..4130.33 rows=1072 width=121)
	        Recheck Cond: ((id >= 6721289) AND (id <= 6722288))
	        ->  Bitmap Index Scan on sbtest1_pkey  (cost=0.00..23.15 rows=1072 width=0)
	              Index Cond: ((id >= 6721289) AND (id <= 6722288))

table 2 : explain SELECT c FROM sbtest2 WHERE id BETWEEN 5593757 AND 5594756 ORDER BY c
	Sort  (cost=4471.62..4474.48 rows=1147 width=121)
	  Sort Key: c
	  ->  Bitmap Heap Scan on sbtest2  (cost=28.19..4413.33 rows=1147 width=121)
	        Recheck Cond: ((id >= 5593757) AND (id <= 5594756))
	        ->  Bitmap Index Scan on sbtest2_pkey  (cost=0.00..27.90 rows=1147 width=0)
	              Index Cond: ((id >= 5593757) AND (id <= 5594756))

table 3 : explain SELECT c FROM sbtest3 WHERE id BETWEEN 6589740 AND 6590739 ORDER BY c
	Sort  (cost=3853.40..3855.86 rows=985 width=121)
	  Sort Key: c
	  ->  Bitmap Heap Scan on sbtest3  (cost=22.53..3804.42 rows=985 width=121)
	        Recheck Cond: ((id >= 6589740) AND (id <= 6590739))
	        ->  Bitmap Index Scan on sbtest3_pkey  (cost=0.00..22.29 rows=985 width=0)
	              Index Cond: ((id >= 6589740) AND (id <= 6590739))

table 4 : explain SELECT c FROM sbtest4 WHERE id BETWEEN 8812739 AND 8813738 ORDER BY c
	Sort  (cost=3697.52..3699.88 rows=944 width=121)
	  Sort Key: c
	  ->  Bitmap Heap Scan on sbtest4  (cost=22.11..3650.87 rows=944 width=121)
	        Recheck Cond: ((id >= 8812739) AND (id <= 8813738))
	        ->  Bitmap Index Scan on sbtest4_pkey  (cost=0.00..21.87 rows=944 width=0)
	              Index Cond: ((id >= 8812739) AND (id <= 8813738))

table 5 : explain SELECT c FROM sbtest5 WHERE id BETWEEN 3088160 AND 3089159 ORDER BY c
	Sort  (cost=4301.59..4304.34 rows=1101 width=121)
	  Sort Key: c
	  ->  Bitmap Heap Scan on sbtest5  (cost=27.72..4245.96 rows=1101 width=121)
	        Recheck Cond: ((id >= 3088160) AND (id <= 3089159))
	        ->  Bitmap Index Scan on sbtest5_pkey  (cost=0.00..27.44 rows=1101 width=0)
	              Index Cond: ((id >= 3088160) AND (id <= 3089159))

table 6 : explain SELECT c FROM sbtest6 WHERE id BETWEEN 3543861 AND 3544860 ORDER BY c
	Sort  (cost=4450.36..4453.21 rows=1141 width=121)
	  Sort Key: c
	  ->  Bitmap Heap Scan on sbtest6  (cost=28.13..4392.42 rows=1141 width=121)
	        Recheck Cond: ((id >= 3543861) AND (id <= 3544860))
	        ->  Bitmap Index Scan on sbtest6_pkey  (cost=0.00..27.84 rows=1141 width=0)
	              Index Cond: ((id >= 3543861) AND (id <= 3544860))

table 7 : explain SELECT c FROM sbtest7 WHERE id BETWEEN 4355003 AND 4356002 ORDER BY c
	Sort  (cost=4016.25..4018.82 rows=1027 width=121)
	  Sort Key: c
	  ->  Bitmap Heap Scan on sbtest7  (cost=22.96..3964.88 rows=1027 width=121)
	        Recheck Cond: ((id >= 4355003) AND (id <= 4356002))
	        ->  Bitmap Index Scan on sbtest7_pkey  (cost=0.00..22.70 rows=1027 width=0)
	              Index Cond: ((id >= 4355003) AND (id <= 4356002))

table 8 : explain SELECT c FROM sbtest8 WHERE id BETWEEN 559674 AND 560673 ORDER BY c
	Sort  (cost=3732.99..3735.37 rows=953 width=121)
	  Sort Key: c
	  ->  Bitmap Heap Scan on sbtest8  (cost=22.20..3685.83 rows=953 width=121)
	        Recheck Cond: ((id >= 559674) AND (id <= 560673))
	        ->  Bitmap Index Scan on sbtest8_pkey  (cost=0.00..21.96 rows=953 width=0)
	              Index Cond: ((id >= 559674) AND (id <= 560673))

for: sum_ranges
table 1 : explain SELECT SUM(k) FROM sbtest1 WHERE id BETWEEN 332981 AND 333980
	Aggregate  (cost=4091.68..4091.69 rows=1 width=8)
	  ->  Bitmap Heap Scan on sbtest1  (cost=23.31..4089.02 rows=1061 width=4)
	        Recheck Cond: ((id >= 332981) AND (id <= 333980))
	        ->  Bitmap Index Scan on sbtest1_pkey  (cost=0.00..23.04 rows=1061 width=0)
	              Index Cond: ((id >= 332981) AND (id <= 333980))

table 2 : explain SELECT SUM(k) FROM sbtest2 WHERE id BETWEEN 6346553 AND 6347552
	Aggregate  (cost=3708.75..3708.76 rows=1 width=8)
	  ->  Bitmap Heap Scan on sbtest2  (cost=22.26..3706.35 rows=959 width=4)
	        Recheck Cond: ((id >= 6346553) AND (id <= 6347552))
	        ->  Bitmap Index Scan on sbtest2_pkey  (cost=0.00..22.02 rows=959 width=0)
	              Index Cond: ((id >= 6346553) AND (id <= 6347552))

table 3 : explain SELECT SUM(k) FROM sbtest3 WHERE id BETWEEN 1140301 AND 1141300
	Aggregate  (cost=3806.89..3806.90 rows=1 width=8)
	  ->  Bitmap Heap Scan on sbtest3  (cost=22.53..3804.42 rows=985 width=4)
	        Recheck Cond: ((id >= 1140301) AND (id <= 1141300))
	        ->  Bitmap Index Scan on sbtest3_pkey  (cost=0.00..22.29 rows=985 width=0)
	              Index Cond: ((id >= 1140301) AND (id <= 1141300))

table 4 : explain SELECT SUM(k) FROM sbtest4 WHERE id BETWEEN 2596257 AND 2597256
	Aggregate  (cost=3947.47..3947.48 rows=1 width=8)
	  ->  Bitmap Heap Scan on sbtest4  (cost=22.91..3944.91 rows=1022 width=4)
	        Recheck Cond: ((id >= 2596257) AND (id <= 2597256))
	        ->  Bitmap Index Scan on sbtest4_pkey  (cost=0.00..22.65 rows=1022 width=0)
	              Index Cond: ((id >= 2596257) AND (id <= 2597256))

table 5 : explain SELECT SUM(k) FROM sbtest5 WHERE id BETWEEN 7494996 AND 7495995
	Aggregate  (cost=4000.22..4000.23 rows=1 width=8)
	  ->  Bitmap Heap Scan on sbtest5  (cost=23.05..3997.63 rows=1036 width=4)
	        Recheck Cond: ((id >= 7494996) AND (id <= 7495995))
	        ->  Bitmap Index Scan on sbtest5_pkey  (cost=0.00..22.79 rows=1036 width=0)
	              Index Cond: ((id >= 7494996) AND (id <= 7495995))

table 6 : explain SELECT SUM(k) FROM sbtest6 WHERE id BETWEEN 7139899 AND 7140898
	Aggregate  (cost=3702.41..3702.42 rows=1 width=8)
	  ->  Bitmap Heap Scan on sbtest6  (cost=22.24..3700.02 rows=957 width=4)
	        Recheck Cond: ((id >= 7139899) AND (id <= 7140898))
	        ->  Bitmap Index Scan on sbtest6_pkey  (cost=0.00..22.00 rows=957 width=0)
	              Index Cond: ((id >= 7139899) AND (id <= 7140898))

table 7 : explain SELECT SUM(k) FROM sbtest7 WHERE id BETWEEN 3747308 AND 3748307
	Aggregate  (cost=3869.43..3869.44 rows=1 width=8)
	  ->  Bitmap Heap Scan on sbtest7  (cost=22.70..3866.93 rows=1001 width=4)
	        Recheck Cond: ((id >= 3747308) AND (id <= 3748307))
	        ->  Bitmap Index Scan on sbtest7_pkey  (cost=0.00..22.44 rows=1001 width=0)
	              Index Cond: ((id >= 3747308) AND (id <= 3748307))

table 8 : explain SELECT SUM(k) FROM sbtest8 WHERE id BETWEEN 5182680 AND 5183679
	Aggregate  (cost=3858.08..3858.09 rows=1 width=8)
	  ->  Bitmap Heap Scan on sbtest8  (cost=22.66..3855.59 rows=998 width=4)
	        Recheck Cond: ((id >= 5182680) AND (id <= 5183679))
	        ->  Bitmap Index Scan on sbtest8_pkey  (cost=0.00..22.41 rows=998 width=0)
	              Index Cond: ((id >= 5182680) AND (id <= 5183679))

for: order_ranges
table 1 : explain SELECT c FROM sbtest1 WHERE id BETWEEN 2111565 AND 2112564 ORDER BY c
	Sort  (cost=3672.35..3674.70 rows=938 width=121)
	  Sort Key: c
	  ->  Bitmap Heap Scan on sbtest1  (cost=22.05..3626.04 rows=938 width=121)
	        Recheck Cond: ((id >= 2111565) AND (id <= 2112564))
	        ->  Bitmap Index Scan on sbtest1_pkey  (cost=0.00..21.82 rows=938 width=0)
	              Index Cond: ((id >= 2111565) AND (id <= 2112564))

table 2 : explain SELECT c FROM sbtest2 WHERE id BETWEEN 9530281 AND 9531280 ORDER BY c
	Sort  (cost=3615.96..3618.27 rows=923 width=121)
	  Sort Key: c
	  ->  Bitmap Heap Scan on sbtest2  (cost=21.90..3570.50 rows=923 width=121)
	        Recheck Cond: ((id >= 9530281) AND (id <= 9531280))
	        ->  Bitmap Index Scan on sbtest2_pkey  (cost=0.00..21.66 rows=923 width=0)
	              Index Cond: ((id >= 9530281) AND (id <= 9531280))

table 3 : explain SELECT c FROM sbtest3 WHERE id BETWEEN 9539632 AND 9540631 ORDER BY c
	Sort  (cost=4189.50..4192.18 rows=1073 width=121)
	  Sort Key: c
	  ->  Bitmap Heap Scan on sbtest3  (cost=23.43..4135.49 rows=1073 width=121)
	        Recheck Cond: ((id >= 9539632) AND (id <= 9540631))
	        ->  Bitmap Index Scan on sbtest3_pkey  (cost=0.00..23.16 rows=1073 width=0)
	              Index Cond: ((id >= 9539632) AND (id <= 9540631))

table 4 : explain SELECT c FROM sbtest4 WHERE id BETWEEN 2278782 AND 2279781 ORDER BY c
	Sort  (cost=3728.16..3730.54 rows=952 width=121)
	  Sort Key: c
	  ->  Bitmap Heap Scan on sbtest4  (cost=22.19..3681.07 rows=952 width=121)
	        Recheck Cond: ((id >= 2278782) AND (id <= 2279781))
	        ->  Bitmap Index Scan on sbtest4_pkey  (cost=0.00..21.95 rows=952 width=0)
	              Index Cond: ((id >= 2278782) AND (id <= 2279781))

table 5 : explain SELECT c FROM sbtest5 WHERE id BETWEEN 2424903 AND 2425902 ORDER BY c
	Sort  (cost=3942.50..3945.02 rows=1008 width=121)
	  Sort Key: c
	  ->  Bitmap Heap Scan on sbtest5  (cost=22.77..3892.22 rows=1008 width=121)
	        Recheck Cond: ((id >= 2424903) AND (id <= 2425902))
	        ->  Bitmap Index Scan on sbtest5_pkey  (cost=0.00..22.51 rows=1008 width=0)
	              Index Cond: ((id >= 2424903) AND (id <= 2425902))

table 6 : explain SELECT c FROM sbtest6 WHERE id BETWEEN 1375633 AND 1376632 ORDER BY c
	Sort  (cost=3957.87..3960.40 rows=1012 width=121)
	  Sort Key: c
	  ->  Bitmap Heap Scan on sbtest6  (cost=22.81..3907.36 rows=1012 width=121)
	        Recheck Cond: ((id >= 1375633) AND (id <= 1376632))
	        ->  Bitmap Index Scan on sbtest6_pkey  (cost=0.00..22.55 rows=1012 width=0)
	              Index Cond: ((id >= 1375633) AND (id <= 1376632))

table 7 : explain SELECT c FROM sbtest7 WHERE id BETWEEN 657386 AND 658385 ORDER BY c
	Sort  (cost=4253.24..4255.96 rows=1088 width=121)
	  Sort Key: c
	  ->  Bitmap Heap Scan on sbtest7  (cost=27.59..4198.36 rows=1088 width=121)
	        Recheck Cond: ((id >= 657386) AND (id <= 658385))
	        ->  Bitmap Index Scan on sbtest7_pkey  (cost=0.00..27.32 rows=1088 width=0)
	              Index Cond: ((id >= 657386) AND (id <= 658385))

table 8 : explain SELECT c FROM sbtest8 WHERE id BETWEEN 9201668 AND 9202667 ORDER BY c
	Sort  (cost=4226.48..4229.19 rows=1081 width=121)
	  Sort Key: c
	  ->  Bitmap Heap Scan on sbtest8  (cost=27.52..4172.01 rows=1081 width=121)
	        Recheck Cond: ((id >= 9201668) AND (id <= 9202667))
	        ->  Bitmap Index Scan on sbtest8_pkey  (cost=0.00..27.25 rows=1081 width=0)
	              Index Cond: ((id >= 9201668) AND (id <= 9202667))

for point_selects
table 1 : explain SELECT c FROM sbtest1 WHERE id=2828691
	Index Scan using sbtest1_pkey on sbtest1  (cost=0.43..8.45 rows=1 width=121)
	  Index Cond: (id = 2828691)

table 2 : explain SELECT c FROM sbtest2 WHERE id=4123480
	Index Scan using sbtest2_pkey on sbtest2  (cost=0.43..8.45 rows=1 width=121)
	  Index Cond: (id = 4123480)

table 3 : explain SELECT c FROM sbtest3 WHERE id=5519498
	Index Scan using sbtest3_pkey on sbtest3  (cost=0.43..8.45 rows=1 width=121)
	  Index Cond: (id = 5519498)

table 4 : explain SELECT c FROM sbtest4 WHERE id=9048168
	Index Scan using sbtest4_pkey on sbtest4  (cost=0.43..8.45 rows=1 width=121)
	  Index Cond: (id = 9048168)

table 5 : explain SELECT c FROM sbtest5 WHERE id=6653657
	Index Scan using sbtest5_pkey on sbtest5  (cost=0.43..8.45 rows=1 width=121)
	  Index Cond: (id = 6653657)

table 6 : explain SELECT c FROM sbtest6 WHERE id=2313588
	Index Scan using sbtest6_pkey on sbtest6  (cost=0.43..8.45 rows=1 width=121)
	  Index Cond: (id = 2313588)

table 7 : explain SELECT c FROM sbtest7 WHERE id=9286038
	Index Scan using sbtest7_pkey on sbtest7  (cost=0.43..8.45 rows=1 width=121)
	  Index Cond: (id = 9286038)

table 8 : explain SELECT c FROM sbtest8 WHERE id=5344228
	Index Scan using sbtest8_pkey on sbtest8  (cost=0.43..8.45 rows=1 width=121)
	  Index Cond: (id = 5344228)

explain: for point_selects :: explain SELECT c FROM sbtest%u WHERE id=%u
for: distinct_ranges
table 1 : explain SELECT DISTINCT c FROM sbtest1 WHERE id BETWEEN 3593132 AND 3594131 ORDER BY c
	Unique  (cost=3867.45..3872.40 rows=989 width=121)
	  ->  Sort  (cost=3867.45..3869.93 rows=989 width=121)
	        Sort Key: c
	        ->  Bitmap Heap Scan on sbtest1  (cost=22.57..3818.25 rows=989 width=121)
	              Recheck Cond: ((id >= 3593132) AND (id <= 3594131))
	              ->  Bitmap Index Scan on sbtest1_pkey  (cost=0.00..22.32 rows=989 width=0)
	                    Index Cond: ((id >= 3593132) AND (id <= 3594131))

table 2 : explain SELECT DISTINCT c FROM sbtest2 WHERE id BETWEEN 3432215 AND 3433214 ORDER BY c
	Unique  (cost=4021.49..4026.64 rows=1029 width=121)
	  ->  Sort  (cost=4021.49..4024.07 rows=1029 width=121)
	        Sort Key: c
	        ->  Bitmap Heap Scan on sbtest2  (cost=22.98..3970.01 rows=1029 width=121)
	              Recheck Cond: ((id >= 3432215) AND (id <= 3433214))
	              ->  Bitmap Index Scan on sbtest2_pkey  (cost=0.00..22.72 rows=1029 width=0)
	                    Index Cond: ((id >= 3432215) AND (id <= 3433214))

table 3 : explain SELECT DISTINCT c FROM sbtest3 WHERE id BETWEEN 77215 AND 78214 ORDER BY c
	Unique  (cost=3818.97..3823.85 rows=976 width=121)
	  ->  Sort  (cost=3818.97..3821.41 rows=976 width=121)
	        Sort Key: c
	        ->  Bitmap Heap Scan on sbtest3  (cost=22.44..3770.51 rows=976 width=121)
	              Recheck Cond: ((id >= 77215) AND (id <= 78214))
	              ->  Bitmap Index Scan on sbtest3_pkey  (cost=0.00..22.19 rows=976 width=0)
	                    Index Cond: ((id >= 77215) AND (id <= 78214))

table 4 : explain SELECT DISTINCT c FROM sbtest4 WHERE id BETWEEN 7368232 AND 7369231 ORDER BY c
	Unique  (cost=3869.81..3874.75 rows=989 width=121)
	  ->  Sort  (cost=3869.81..3872.28 rows=989 width=121)
	        Sort Key: c
	        ->  Bitmap Heap Scan on sbtest4  (cost=22.57..3820.61 rows=989 width=121)
	              Recheck Cond: ((id >= 7368232) AND (id <= 7369231))
	              ->  Bitmap Index Scan on sbtest4_pkey  (cost=0.00..22.32 rows=989 width=0)
	                    Index Cond: ((id >= 7368232) AND (id <= 7369231))

table 5 : explain SELECT DISTINCT c FROM sbtest5 WHERE id BETWEEN 3671374 AND 3672373 ORDER BY c
	Unique  (cost=3574.87..3579.43 rows=912 width=121)
	  ->  Sort  (cost=3574.87..3577.15 rows=912 width=121)
	        Sort Key: c
	        ->  Bitmap Heap Scan on sbtest5  (cost=21.78..3530.03 rows=912 width=121)
	              Recheck Cond: ((id >= 3671374) AND (id <= 3672373))
	              ->  Bitmap Index Scan on sbtest5_pkey  (cost=0.00..21.55 rows=912 width=0)
	                    Index Cond: ((id >= 3671374) AND (id <= 3672373))

table 6 : explain SELECT DISTINCT c FROM sbtest6 WHERE id BETWEEN 1499367 AND 1500366 ORDER BY c
	Unique  (cost=3643.95..3648.60 rows=930 width=121)
	  ->  Sort  (cost=3643.95..3646.27 rows=930 width=121)
	        Sort Key: c
	        ->  Bitmap Heap Scan on sbtest6  (cost=21.97..3598.09 rows=930 width=121)
	              Recheck Cond: ((id >= 1499367) AND (id <= 1500366))
	              ->  Bitmap Index Scan on sbtest6_pkey  (cost=0.00..21.73 rows=930 width=0)
	                    Index Cond: ((id >= 1499367) AND (id <= 1500366))

table 7 : explain SELECT DISTINCT c FROM sbtest7 WHERE id BETWEEN 3505875 AND 3506874 ORDER BY c
	Unique  (cost=3748.35..3753.13 rows=957 width=121)
	  ->  Sort  (cost=3748.35..3750.74 rows=957 width=121)
	        Sort Key: c
	        ->  Bitmap Heap Scan on sbtest7  (cost=22.24..3700.97 rows=957 width=121)
	              Recheck Cond: ((id >= 3505875) AND (id <= 3506874))
	              ->  Bitmap Index Scan on sbtest7_pkey  (cost=0.00..22.00 rows=957 width=0)
	                    Index Cond: ((id >= 3505875) AND (id <= 3506874))

table 8 : explain SELECT DISTINCT c FROM sbtest8 WHERE id BETWEEN 3988615 AND 3989614 ORDER BY c
	Unique  (cost=4272.27..4277.74 rows=1093 width=121)
	  ->  Sort  (cost=4272.27..4275.01 rows=1093 width=121)
	        Sort Key: c
	        ->  Bitmap Heap Scan on sbtest8  (cost=27.64..4217.11 rows=1093 width=121)
	              Recheck Cond: ((id >= 3988615) AND (id <= 3989614))
	              ->  Bitmap Index Scan on sbtest8_pkey  (cost=0.00..27.36 rows=1093 width=0)
	                    Index Cond: ((id >= 3988615) AND (id <= 3989614))

for: sum_ranges
table 1 : explain SELECT SUM(k) FROM sbtest1 WHERE id BETWEEN 4170841 AND 4171840
	Aggregate  (cost=3862.16..3862.17 rows=1 width=8)
	  ->  Bitmap Heap Scan on sbtest1  (cost=22.68..3859.66 rows=1000 width=4)
	        Recheck Cond: ((id >= 4170841) AND (id <= 4171840))
	        ->  Bitmap Index Scan on sbtest1_pkey  (cost=0.00..22.43 rows=1000 width=0)
	              Index Cond: ((id >= 4170841) AND (id <= 4171840))

table 2 : explain SELECT SUM(k) FROM sbtest2 WHERE id BETWEEN 812551 AND 813550
	Aggregate  (cost=4047.85..4047.86 rows=1 width=8)
	  ->  Bitmap Heap Scan on sbtest2  (cost=23.19..4045.22 rows=1049 width=4)
	        Recheck Cond: ((id >= 812551) AND (id <= 813550))
	        ->  Bitmap Index Scan on sbtest2_pkey  (cost=0.00..22.93 rows=1049 width=0)
	              Index Cond: ((id >= 812551) AND (id <= 813550))

table 3 : explain SELECT SUM(k) FROM sbtest3 WHERE id BETWEEN 2955510 AND 2956509
	Aggregate  (cost=4044.16..4044.17 rows=1 width=8)
	  ->  Bitmap Heap Scan on sbtest3  (cost=23.18..4041.54 rows=1048 width=4)
	        Recheck Cond: ((id >= 2955510) AND (id <= 2956509))
	        ->  Bitmap Index Scan on sbtest3_pkey  (cost=0.00..22.91 rows=1048 width=0)
	              Index Cond: ((id >= 2955510) AND (id <= 2956509))

table 4 : explain SELECT SUM(k) FROM sbtest4 WHERE id BETWEEN 237843 AND 238842
	Aggregate  (cost=3973.83..3973.84 rows=1 width=8)
	  ->  Bitmap Heap Scan on sbtest4  (cost=22.98..3971.26 rows=1029 width=4)
	        Recheck Cond: ((id >= 237843) AND (id <= 238842))
	        ->  Bitmap Index Scan on sbtest4_pkey  (cost=0.00..22.72 rows=1029 width=0)
	              Index Cond: ((id >= 237843) AND (id <= 238842))

table 5 : explain SELECT SUM(k) FROM sbtest5 WHERE id BETWEEN 3307856 AND 3308855
	Aggregate  (cost=4007.75..4007.76 rows=1 width=8)
	  ->  Bitmap Heap Scan on sbtest5  (cost=23.07..4005.16 rows=1038 width=4)
	        Recheck Cond: ((id >= 3307856) AND (id <= 3308855))
	        ->  Bitmap Index Scan on sbtest5_pkey  (cost=0.00..22.82 rows=1038 width=0)
	              Index Cond: ((id >= 3307856) AND (id <= 3308855))

table 6 : explain SELECT SUM(k) FROM sbtest6 WHERE id BETWEEN 3211754 AND 3212753
	Aggregate  (cost=3702.41..3702.42 rows=1 width=8)
	  ->  Bitmap Heap Scan on sbtest6  (cost=22.24..3700.02 rows=957 width=4)
	        Recheck Cond: ((id >= 3211754) AND (id <= 3212753))
	        ->  Bitmap Index Scan on sbtest6_pkey  (cost=0.00..22.00 rows=957 width=0)
	              Index Cond: ((id >= 3211754) AND (id <= 3212753))

table 7 : explain SELECT SUM(k) FROM sbtest7 WHERE id BETWEEN 7451759 AND 7452758
	Aggregate  (cost=4027.73..4027.74 rows=1 width=8)
	  ->  Bitmap Heap Scan on sbtest7  (cost=23.13..4025.12 rows=1043 width=4)
	        Recheck Cond: ((id >= 7451759) AND (id <= 7452758))
	        ->  Bitmap Index Scan on sbtest7_pkey  (cost=0.00..22.86 rows=1043 width=0)
	              Index Cond: ((id >= 7451759) AND (id <= 7452758))

table 8 : explain SELECT SUM(k) FROM sbtest8 WHERE id BETWEEN 3784886 AND 3785885
	Aggregate  (cost=3639.09..3639.10 rows=1 width=8)
	  ->  Bitmap Heap Scan on sbtest8  (cost=22.07..3636.74 rows=940 width=4)
	        Recheck Cond: ((id >= 3784886) AND (id <= 3785885))
	        ->  Bitmap Index Scan on sbtest8_pkey  (cost=0.00..21.83 rows=940 width=0)
	              Index Cond: ((id >= 3784886) AND (id <= 3785885))

for point_selects
table 1 : explain SELECT c FROM sbtest1 WHERE id=9886182
	Index Scan using sbtest1_pkey on sbtest1  (cost=0.43..8.45 rows=1 width=121)
	  Index Cond: (id = 9886182)

table 2 : explain SELECT c FROM sbtest2 WHERE id=4287258
	Index Scan using sbtest2_pkey on sbtest2  (cost=0.43..8.45 rows=1 width=121)
	  Index Cond: (id = 4287258)

table 3 : explain SELECT c FROM sbtest3 WHERE id=4821379
	Index Scan using sbtest3_pkey on sbtest3  (cost=0.43..8.45 rows=1 width=121)
	  Index Cond: (id = 4821379)

table 4 : explain SELECT c FROM sbtest4 WHERE id=4421858
	Index Scan using sbtest4_pkey on sbtest4  (cost=0.43..8.45 rows=1 width=121)
	  Index Cond: (id = 4421858)

table 5 : explain SELECT c FROM sbtest5 WHERE id=9446377
	Index Scan using sbtest5_pkey on sbtest5  (cost=0.43..8.45 rows=1 width=121)
	  Index Cond: (id = 9446377)

table 6 : explain SELECT c FROM sbtest6 WHERE id=8391811
	Index Scan using sbtest6_pkey on sbtest6  (cost=0.43..8.45 rows=1 width=121)
	  Index Cond: (id = 8391811)

table 7 : explain SELECT c FROM sbtest7 WHERE id=6845076
	Index Scan using sbtest7_pkey on sbtest7  (cost=0.43..8.45 rows=1 width=121)
	  Index Cond: (id = 6845076)

table 8 : explain SELECT c FROM sbtest8 WHERE id=5131543
	Index Scan using sbtest8_pkey on sbtest8  (cost=0.43..8.45 rows=1 width=121)
	  Index Cond: (id = 5131543)

for: distinct_ranges
table 1 : explain SELECT DISTINCT c FROM sbtest1 WHERE id BETWEEN 6732981 AND 6733980 ORDER BY c
	Unique  (cost=4184.29..4189.65 rows=1072 width=121)
	  ->  Sort  (cost=4184.29..4186.97 rows=1072 width=121)
	        Sort Key: c
	        ->  Bitmap Heap Scan on sbtest1  (cost=23.42..4130.33 rows=1072 width=121)
	              Recheck Cond: ((id >= 6732981) AND (id <= 6733980))
	              ->  Bitmap Index Scan on sbtest1_pkey  (cost=0.00..23.15 rows=1072 width=0)
	                    Index Cond: ((id >= 6732981) AND (id <= 6733980))

table 2 : explain SELECT DISTINCT c FROM sbtest2 WHERE id BETWEEN 6257830 AND 6258829 ORDER BY c
	Unique  (cost=4032.95..4038.11 rows=1032 width=121)
	  ->  Sort  (cost=4032.95..4035.53 rows=1032 width=121)
	        Sort Key: c
	        ->  Bitmap Heap Scan on sbtest2  (cost=23.01..3981.29 rows=1032 width=121)
	              Recheck Cond: ((id >= 6257830) AND (id <= 6258829))
	              ->  Bitmap Index Scan on sbtest2_pkey  (cost=0.00..22.75 rows=1032 width=0)
	                    Index Cond: ((id >= 6257830) AND (id <= 6258829))

table 3 : explain SELECT DISTINCT c FROM sbtest3 WHERE id BETWEEN 7317028 AND 7318027 ORDER BY c
	Unique  (cost=3838.10..3843.00 rows=981 width=121)
	  ->  Sort  (cost=3838.10..3840.55 rows=981 width=121)
	        Sort Key: c
	        ->  Bitmap Heap Scan on sbtest3  (cost=22.49..3789.35 rows=981 width=121)
	              Recheck Cond: ((id >= 7317028) AND (id <= 7318027))
	              ->  Bitmap Index Scan on sbtest3_pkey  (cost=0.00..22.25 rows=981 width=0)
	                    Index Cond: ((id >= 7317028) AND (id <= 7318027))

table 4 : explain SELECT DISTINCT c FROM sbtest4 WHERE id BETWEEN 5762121 AND 5763120 ORDER BY c
	Unique  (cost=3647.70..3652.35 rows=931 width=121)
	  ->  Sort  (cost=3647.70..3650.02 rows=931 width=121)
	        Sort Key: c
	        ->  Bitmap Heap Scan on sbtest4  (cost=21.98..3601.79 rows=931 width=121)
	              Recheck Cond: ((id >= 5762121) AND (id <= 5763120))
	              ->  Bitmap Index Scan on sbtest4_pkey  (cost=0.00..21.75 rows=931 width=0)
	                    Index Cond: ((id >= 5762121) AND (id <= 5763120))

table 5 : explain SELECT DISTINCT c FROM sbtest5 WHERE id BETWEEN 9912161 AND 9913160 ORDER BY c
	Unique  (cost=3797.12..3801.97 rows=970 width=121)
	  ->  Sort  (cost=3797.12..3799.54 rows=970 width=121)
	        Sort Key: c
	        ->  Bitmap Heap Scan on sbtest5  (cost=22.38..3749.00 rows=970 width=121)
	              Recheck Cond: ((id >= 9912161) AND (id <= 9913160))
	              ->  Bitmap Index Scan on sbtest5_pkey  (cost=0.00..22.14 rows=970 width=0)
	                    Index Cond: ((id >= 9912161) AND (id <= 9913160))

table 6 : explain SELECT DISTINCT c FROM sbtest6 WHERE id BETWEEN 7644876 AND 7645875 ORDER BY c
	Unique  (cost=3701.44..3706.16 rows=945 width=121)
	  ->  Sort  (cost=3701.44..3703.80 rows=945 width=121)
	        Sort Key: c
	        ->  Bitmap Heap Scan on sbtest6  (cost=22.12..3654.73 rows=945 width=121)
	              Recheck Cond: ((id >= 7644876) AND (id <= 7645875))
	              ->  Bitmap Index Scan on sbtest6_pkey  (cost=0.00..21.89 rows=945 width=0)
	                    Index Cond: ((id >= 7644876) AND (id <= 7645875))

table 7 : explain SELECT DISTINCT c FROM sbtest7 WHERE id BETWEEN 6269178 AND 6270177 ORDER BY c
	Unique  (cost=4000.96..4006.08 rows=1023 width=121)
	  ->  Sort  (cost=4000.96..4003.52 rows=1023 width=121)
	        Sort Key: c
	        ->  Bitmap Heap Scan on sbtest7  (cost=22.92..3949.82 rows=1023 width=121)
	              Recheck Cond: ((id >= 6269178) AND (id <= 6270177))
	              ->  Bitmap Index Scan on sbtest7_pkey  (cost=0.00..22.66 rows=1023 width=0)
	                    Index Cond: ((id >= 6269178) AND (id <= 6270177))

table 8 : explain SELECT DISTINCT c FROM sbtest8 WHERE id BETWEEN 3306794 AND 3307793 ORDER BY c
	Unique  (cost=3966.51..3971.58 rows=1014 width=121)
	  ->  Sort  (cost=3966.51..3969.04 rows=1014 width=121)
	        Sort Key: c
	        ->  Bitmap Heap Scan on sbtest8  (cost=22.83..3915.88 rows=1014 width=121)
	              Recheck Cond: ((id >= 3306794) AND (id <= 3307793))
	              ->  Bitmap Index Scan on sbtest8_pkey  (cost=0.00..22.57 rows=1014 width=0)
	                    Index Cond: ((id >= 3306794) AND (id <= 3307793))

for: distinct_ranges
table 1 : explain SELECT DISTINCT c FROM sbtest1 WHERE id BETWEEN 2031256 AND 2032255 ORDER BY c
	Unique  (cost=3672.35..3677.04 rows=938 width=121)
	  ->  Sort  (cost=3672.35..3674.70 rows=938 width=121)
	        Sort Key: c
	        ->  Bitmap Heap Scan on sbtest1  (cost=22.05..3626.04 rows=938 width=121)
	              Recheck Cond: ((id >= 2031256) AND (id <= 2032255))
	              ->  Bitmap Index Scan on sbtest1_pkey  (cost=0.00..21.82 rows=938 width=0)
	                    Index Cond: ((id >= 2031256) AND (id <= 2032255))

table 2 : explain SELECT DISTINCT c FROM sbtest2 WHERE id BETWEEN 4823129 AND 4824128 ORDER BY c
	Unique  (cost=3895.39..3900.37 rows=996 width=121)
	  ->  Sort  (cost=3895.39..3897.88 rows=996 width=121)
	        Sort Key: c
	        ->  Bitmap Heap Scan on sbtest2  (cost=22.64..3845.79 rows=996 width=121)
	              Recheck Cond: ((id >= 4823129) AND (id <= 4824128))
	              ->  Bitmap Index Scan on sbtest2_pkey  (cost=0.00..22.39 rows=996 width=0)
	                    Index Cond: ((id >= 4823129) AND (id <= 4824128))

table 3 : explain SELECT DISTINCT c FROM sbtest3 WHERE id BETWEEN 182417 AND 183416 ORDER BY c
	Unique  (cost=4227.64..4233.05 rows=1083 width=121)
	  ->  Sort  (cost=4227.64..4230.34 rows=1083 width=121)
	        Sort Key: c
	        ->  Bitmap Heap Scan on sbtest3  (cost=23.54..4173.05 rows=1083 width=121)
	              Recheck Cond: ((id >= 182417) AND (id <= 183416))
	              ->  Bitmap Index Scan on sbtest3_pkey  (cost=0.00..23.26 rows=1083 width=0)
	                    Index Cond: ((id >= 182417) AND (id <= 183416))

table 4 : explain SELECT DISTINCT c FROM sbtest4 WHERE id BETWEEN 1858917 AND 1859916 ORDER BY c
	Unique  (cost=4309.18..4314.70 rows=1103 width=121)
	  ->  Sort  (cost=4309.18..4311.94 rows=1103 width=121)
	        Sort Key: c
	        ->  Bitmap Heap Scan on sbtest4  (cost=27.74..4253.44 rows=1103 width=121)
	              Recheck Cond: ((id >= 1858917) AND (id <= 1859916))
	              ->  Bitmap Index Scan on sbtest4_pkey  (cost=0.00..27.46 rows=1103 width=0)
	                    Index Cond: ((id >= 1858917) AND (id <= 1859916))

table 5 : explain SELECT DISTINCT c FROM sbtest5 WHERE id BETWEEN 6669213 AND 6670212 ORDER BY c
	Unique  (cost=3946.33..3951.37 rows=1009 width=121)
	  ->  Sort  (cost=3946.33..3948.85 rows=1009 width=121)
	        Sort Key: c
	        ->  Bitmap Heap Scan on sbtest5  (cost=22.78..3895.99 rows=1009 width=121)
	              Recheck Cond: ((id >= 6669213) AND (id <= 6670212))
	              ->  Bitmap Index Scan on sbtest5_pkey  (cost=0.00..22.52 rows=1009 width=0)
	                    Index Cond: ((id >= 6669213) AND (id <= 6670212))

table 6 : explain SELECT DISTINCT c FROM sbtest6 WHERE id BETWEEN 2787571 AND 2788570 ORDER BY c
	Unique  (cost=3812.50..3817.37 rows=974 width=121)
	  ->  Sort  (cost=3812.50..3814.93 rows=974 width=121)
	        Sort Key: c
	        ->  Bitmap Heap Scan on sbtest6  (cost=22.42..3764.15 rows=974 width=121)
	              Recheck Cond: ((id >= 2787571) AND (id <= 2788570))
	              ->  Bitmap Index Scan on sbtest6_pkey  (cost=0.00..22.18 rows=974 width=0)
	                    Index Cond: ((id >= 2787571) AND (id <= 2788570))

table 7 : explain SELECT DISTINCT c FROM sbtest7 WHERE id BETWEEN 111126 AND 112125 ORDER BY c
	Unique  (cost=4020.08..4025.22 rows=1028 width=121)
	  ->  Sort  (cost=4020.08..4022.65 rows=1028 width=121)
	        Sort Key: c
	        ->  Bitmap Heap Scan on sbtest7  (cost=22.97..3968.65 rows=1028 width=121)
	              Recheck Cond: ((id >= 111126) AND (id <= 112125))
	              ->  Bitmap Index Scan on sbtest7_pkey  (cost=0.00..22.71 rows=1028 width=0)
	                    Index Cond: ((id >= 111126) AND (id <= 112125))

table 8 : explain SELECT DISTINCT c FROM sbtest8 WHERE id BETWEEN 7299623 AND 7300622 ORDER BY c
	Unique  (cost=3974.16..3979.24 rows=1016 width=121)
	  ->  Sort  (cost=3974.16..3976.70 rows=1016 width=121)
	        Sort Key: c
	        ->  Bitmap Heap Scan on sbtest8  (cost=22.85..3923.41 rows=1016 width=121)
	              Recheck Cond: ((id >= 7299623) AND (id <= 7300622))
	              ->  Bitmap Index Scan on sbtest8_pkey  (cost=0.00..22.59 rows=1016 width=0)
	                    Index Cond: ((id >= 7299623) AND (id <= 7300622))

for: order_ranges
table 1 : explain SELECT c FROM sbtest1 WHERE id BETWEEN 2455672 AND 2456671 ORDER BY c
	Sort  (cost=3496.09..3498.32 rows=892 width=121)
	  Sort Key: c
	  ->  Bitmap Heap Scan on sbtest1  (cost=21.58..3452.38 rows=892 width=121)
	        Recheck Cond: ((id >= 2455672) AND (id <= 2456671))
	        ->  Bitmap Index Scan on sbtest1_pkey  (cost=0.00..21.36 rows=892 width=0)
	              Index Cond: ((id >= 2455672) AND (id <= 2456671))

table 2 : explain SELECT c FROM sbtest2 WHERE id BETWEEN 6538380 AND 6539379 ORDER BY c
	Sort  (cost=4334.54..4337.32 rows=1111 width=121)
	  Sort Key: c
	  ->  Bitmap Heap Scan on sbtest2  (cost=27.82..4278.34 rows=1111 width=121)
	        Recheck Cond: ((id >= 6538380) AND (id <= 6539379))
	        ->  Bitmap Index Scan on sbtest2_pkey  (cost=0.00..27.54 rows=1111 width=0)
	              Index Cond: ((id >= 6538380) AND (id <= 6539379))

table 3 : explain SELECT c FROM sbtest3 WHERE id BETWEEN 886539 AND 887538 ORDER BY c
	Sort  (cost=4479.31..4482.18 rows=1149 width=121)
	  Sort Key: c
	  ->  Bitmap Heap Scan on sbtest3  (cost=28.21..4420.91 rows=1149 width=121)
	        Recheck Cond: ((id >= 886539) AND (id <= 887538))
	        ->  Bitmap Index Scan on sbtest3_pkey  (cost=0.00..27.93 rows=1149 width=0)
	              Index Cond: ((id >= 886539) AND (id <= 887538))

table 4 : explain SELECT c FROM sbtest4 WHERE id BETWEEN 1277075 AND 1278074 ORDER BY c
	Sort  (cost=3900.41..3902.90 rows=997 width=121)
	  Sort Key: c
	  ->  Bitmap Heap Scan on sbtest4  (cost=22.65..3850.75 rows=997 width=121)
	        Recheck Cond: ((id >= 1277075) AND (id <= 1278074))
	        ->  Bitmap Index Scan on sbtest4_pkey  (cost=0.00..22.40 rows=997 width=0)
	              Index Cond: ((id >= 1277075) AND (id <= 1278074))

table 5 : explain SELECT c FROM sbtest5 WHERE id BETWEEN 4780235 AND 4781234 ORDER BY c
	Sort  (cost=4202.24..4204.93 rows=1076 width=121)
	  Sort Key: c
	  ->  Bitmap Heap Scan on sbtest5  (cost=23.46..4148.05 rows=1076 width=121)
	        Recheck Cond: ((id >= 4780235) AND (id <= 4781234))
	        ->  Bitmap Index Scan on sbtest5_pkey  (cost=0.00..23.19 rows=1076 width=0)
	              Index Cond: ((id >= 4780235) AND (id <= 4781234))

table 6 : explain SELECT c FROM sbtest6 WHERE id BETWEEN 568828 AND 569827 ORDER BY c
	Sort  (cost=3762.72..3765.13 rows=961 width=121)
	  Sort Key: c
	  ->  Bitmap Heap Scan on sbtest6  (cost=22.29..3715.11 rows=961 width=121)
	        Recheck Cond: ((id >= 568828) AND (id <= 569827))
	        ->  Bitmap Index Scan on sbtest6_pkey  (cost=0.00..22.04 rows=961 width=0)
	              Index Cond: ((id >= 568828) AND (id <= 569827))

table 7 : explain SELECT c FROM sbtest7 WHERE id BETWEEN 6589816 AND 6590815 ORDER BY c
	Sort  (cost=3828.78..3831.23 rows=978 width=121)
	  Sort Key: c
	  ->  Bitmap Heap Scan on sbtest7  (cost=22.46..3780.21 rows=978 width=121)
	        Recheck Cond: ((id >= 6589816) AND (id <= 6590815))
	        ->  Bitmap Index Scan on sbtest7_pkey  (cost=0.00..22.21 rows=978 width=0)
	              Index Cond: ((id >= 6589816) AND (id <= 6590815))

table 8 : explain SELECT c FROM sbtest8 WHERE id BETWEEN 2967647 AND 2968646 ORDER BY c
	Sort  (cost=3951.21..3953.73 rows=1010 width=121)
	  Sort Key: c
	  ->  Bitmap Heap Scan on sbtest8  (cost=22.79..3900.81 rows=1010 width=121)
	        Recheck Cond: ((id >= 2967647) AND (id <= 2968646))
	        ->  Bitmap Index Scan on sbtest8_pkey  (cost=0.00..22.54 rows=1010 width=0)
	              Index Cond: ((id >= 2967647) AND (id <= 2968646))

for: simple_ranges
table 1 : explain SELECT c FROM sbtest1 WHERE id BETWEEN 4948673 AND 4949672
	Bitmap Heap Scan on sbtest1  (cost=21.32..3357.87 rows=867 width=121)
	  Recheck Cond: ((id >= 4948673) AND (id <= 4949672))
	  ->  Bitmap Index Scan on sbtest1_pkey  (cost=0.00..21.11 rows=867 width=0)
	        Index Cond: ((id >= 4948673) AND (id <= 4949672))

table 2 : explain SELECT c FROM sbtest2 WHERE id BETWEEN 2162534 AND 2163533
	Bitmap Heap Scan on sbtest2  (cost=21.97..3596.93 rows=930 width=121)
	  Recheck Cond: ((id >= 2162534) AND (id <= 2163533))
	  ->  Bitmap Index Scan on sbtest2_pkey  (cost=0.00..21.73 rows=930 width=0)
	        Index Cond: ((id >= 2162534) AND (id <= 2163533))

table 3 : explain SELECT c FROM sbtest3 WHERE id BETWEEN 2425186 AND 2426185
	Bitmap Heap Scan on sbtest3  (cost=22.21..3687.56 rows=954 width=121)
	  Recheck Cond: ((id >= 2425186) AND (id <= 2426185))
	  ->  Bitmap Index Scan on sbtest3_pkey  (cost=0.00..21.97 rows=954 width=0)
	        Index Cond: ((id >= 2425186) AND (id <= 2426185))

table 4 : explain SELECT c FROM sbtest4 WHERE id BETWEEN 4589675 AND 4590674
	Bitmap Heap Scan on sbtest4  (cost=22.64..3846.99 rows=996 width=121)
	  Recheck Cond: ((id >= 4589675) AND (id <= 4590674))
	  ->  Bitmap Index Scan on sbtest4_pkey  (cost=0.00..22.39 rows=996 width=0)
	        Index Cond: ((id >= 4589675) AND (id <= 4590674))

table 5 : explain SELECT c FROM sbtest5 WHERE id BETWEEN 2234221 AND 2235220
	Bitmap Heap Scan on sbtest5  (cost=22.81..3907.28 rows=1012 width=121)
	  Recheck Cond: ((id >= 2234221) AND (id <= 2235220))
	  ->  Bitmap Index Scan on sbtest5_pkey  (cost=0.00..22.55 rows=1012 width=0)
	        Index Cond: ((id >= 2234221) AND (id <= 2235220))

table 6 : explain SELECT c FROM sbtest6 WHERE id BETWEEN 4518246 AND 4519245
	Bitmap Heap Scan on sbtest6  (cost=23.30..4087.98 rows=1060 width=121)
	  Recheck Cond: ((id >= 4518246) AND (id <= 4519245))
	  ->  Bitmap Index Scan on sbtest6_pkey  (cost=0.00..23.04 rows=1060 width=0)
	        Index Cond: ((id >= 4518246) AND (id <= 4519245))

table 7 : explain SELECT c FROM sbtest7 WHERE id BETWEEN 4339856 AND 4340855
	Bitmap Heap Scan on sbtest7  (cost=22.96..3964.88 rows=1027 width=121)
	  Recheck Cond: ((id >= 4339856) AND (id <= 4340855))
	  ->  Bitmap Index Scan on sbtest7_pkey  (cost=0.00..22.70 rows=1027 width=0)
	        Index Cond: ((id >= 4339856) AND (id <= 4340855))

table 8 : explain SELECT c FROM sbtest8 WHERE id BETWEEN 9399253 AND 9400252
	Bitmap Heap Scan on sbtest8  (cost=21.59..3459.08 rows=893 width=121)
	  Recheck Cond: ((id >= 9399253) AND (id <= 9400252))
	  ->  Bitmap Index Scan on sbtest8_pkey  (cost=0.00..21.36 rows=893 width=0)
	        Index Cond: ((id >= 9399253) AND (id <= 9400252))

for: distinct_ranges
table 1 : explain SELECT DISTINCT c FROM sbtest1 WHERE id BETWEEN 9842988 AND 9843987 ORDER BY c
	Unique  (cost=3920.95..3925.97 rows=1003 width=121)
	  ->  Sort  (cost=3920.95..3923.46 rows=1003 width=121)
	        Sort Key: c
	        ->  Bitmap Heap Scan on sbtest1  (cost=22.72..3870.95 rows=1003 width=121)
	              Recheck Cond: ((id >= 9842988) AND (id <= 9843987))
	              ->  Bitmap Index Scan on sbtest1_pkey  (cost=0.00..22.46 rows=1003 width=0)
	                    Index Cond: ((id >= 9842988) AND (id <= 9843987))

table 2 : explain SELECT DISTINCT c FROM sbtest2 WHERE id BETWEEN 6849167 AND 6850166 ORDER BY c
	Unique  (cost=3654.28..3658.94 rows=933 width=121)
	  ->  Sort  (cost=3654.28..3656.61 rows=933 width=121)
	        Sort Key: c
	        ->  Bitmap Heap Scan on sbtest2  (cost=22.00..3608.26 rows=933 width=121)
	              Recheck Cond: ((id >= 6849167) AND (id <= 6850166))
	              ->  Bitmap Index Scan on sbtest2_pkey  (cost=0.00..21.76 rows=933 width=0)
	                    Index Cond: ((id >= 6849167) AND (id <= 6850166))

table 3 : explain SELECT DISTINCT c FROM sbtest3 WHERE id BETWEEN 4820285 AND 4821284 ORDER BY c
	Unique  (cost=3799.84..3804.69 rows=971 width=121)
	  ->  Sort  (cost=3799.84..3802.27 rows=971 width=121)
	        Sort Key: c
	        ->  Bitmap Heap Scan on sbtest3  (cost=22.39..3751.66 rows=971 width=121)
	              Recheck Cond: ((id >= 4820285) AND (id <= 4821284))
	              ->  Bitmap Index Scan on sbtest3_pkey  (cost=0.00..22.14 rows=971 width=0)
	                    Index Cond: ((id >= 4820285) AND (id <= 4821284))

table 4 : explain SELECT DISTINCT c FROM sbtest4 WHERE id BETWEEN 6620936 AND 6621935 ORDER BY c
	Unique  (cost=3455.88..3460.29 rows=881 width=121)
	  ->  Sort  (cost=3455.88..3458.08 rows=881 width=121)
	        Sort Key: c
	        ->  Bitmap Heap Scan on sbtest4  (cost=21.47..3412.79 rows=881 width=121)
	              Recheck Cond: ((id >= 6620936) AND (id <= 6621935))
	              ->  Bitmap Index Scan on sbtest4_pkey  (cost=0.00..21.25 rows=881 width=0)
	                    Index Cond: ((id >= 6620936) AND (id <= 6621935))

table 5 : explain SELECT DISTINCT c FROM sbtest5 WHERE id BETWEEN 8575544 AND 8576543 ORDER BY c
	Unique  (cost=3762.66..3767.46 rows=961 width=121)
	  ->  Sort  (cost=3762.66..3765.06 rows=961 width=121)
	        Sort Key: c
	        ->  Bitmap Heap Scan on sbtest5  (cost=22.29..3715.05 rows=961 width=121)
	              Recheck Cond: ((id >= 8575544) AND (id <= 8576543))
	              ->  Bitmap Index Scan on sbtest5_pkey  (cost=0.00..22.04 rows=961 width=0)
	                    Index Cond: ((id >= 8575544) AND (id <= 8576543))

table 6 : explain SELECT DISTINCT c FROM sbtest6 WHERE id BETWEEN 9966376 AND 9967375 ORDER BY c
	Unique  (cost=3785.70..3790.53 rows=967 width=121)
	  ->  Sort  (cost=3785.70..3788.12 rows=967 width=121)
	        Sort Key: c
	        ->  Bitmap Heap Scan on sbtest6  (cost=22.35..3737.75 rows=967 width=121)
	              Recheck Cond: ((id >= 9966376) AND (id <= 9967375))
	              ->  Bitmap Index Scan on sbtest6_pkey  (cost=0.00..22.11 rows=967 width=0)
	                    Index Cond: ((id >= 9966376) AND (id <= 9967375))

table 7 : explain SELECT DISTINCT c FROM sbtest7 WHERE id BETWEEN 3400480 AND 3401479 ORDER BY c
	Unique  (cost=4016.25..4021.39 rows=1027 width=121)
	  ->  Sort  (cost=4016.25..4018.82 rows=1027 width=121)
	        Sort Key: c
	        ->  Bitmap Heap Scan on sbtest7  (cost=22.96..3964.88 rows=1027 width=121)
	              Recheck Cond: ((id >= 3400480) AND (id <= 3401479))
	              ->  Bitmap Index Scan on sbtest7_pkey  (cost=0.00..22.70 rows=1027 width=0)
	                    Index Cond: ((id >= 3400480) AND (id <= 3401479))

table 8 : explain SELECT DISTINCT c FROM sbtest8 WHERE id BETWEEN 3197035 AND 3198034 ORDER BY c
	Unique  (cost=4100.47..4105.71 rows=1048 width=121)
	  ->  Sort  (cost=4100.47..4103.09 rows=1048 width=121)
	        Sort Key: c
	        ->  Bitmap Heap Scan on sbtest8  (cost=27.18..4047.90 rows=1048 width=121)
	              Recheck Cond: ((id >= 3197035) AND (id <= 3198034))
	              ->  Bitmap Index Scan on sbtest8_pkey  (cost=0.00..26.91 rows=1048 width=0)
	                    Index Cond: ((id >= 3197035) AND (id <= 3198034))

for: simple_ranges
table 1 : explain SELECT c FROM sbtest1 WHERE id BETWEEN 6373264 AND 6374263
	Bitmap Heap Scan on sbtest1  (cost=22.18..3675.07 rows=951 width=121)
	  Recheck Cond: ((id >= 6373264) AND (id <= 6374263))
	  ->  Bitmap Index Scan on sbtest1_pkey  (cost=0.00..21.94 rows=951 width=0)
	        Index Cond: ((id >= 6373264) AND (id <= 6374263))

table 2 : explain SELECT c FROM sbtest2 WHERE id BETWEEN 6796138 AND 6797137
	Bitmap Heap Scan on sbtest2  (cost=22.52..3800.59 rows=984 width=121)
	  Recheck Cond: ((id >= 6796138) AND (id <= 6797137))
	  ->  Bitmap Index Scan on sbtest2_pkey  (cost=0.00..22.27 rows=984 width=0)
	        Index Cond: ((id >= 6796138) AND (id <= 6797137))

table 3 : explain SELECT c FROM sbtest3 WHERE id BETWEEN 6659872 AND 6660871
	Bitmap Heap Scan on sbtest3  (cost=22.53..3804.42 rows=985 width=121)
	  Recheck Cond: ((id >= 6659872) AND (id <= 6660871))
	  ->  Bitmap Index Scan on sbtest3_pkey  (cost=0.00..22.29 rows=985 width=0)
	        Index Cond: ((id >= 6659872) AND (id <= 6660871))

table 4 : explain SELECT c FROM sbtest4 WHERE id BETWEEN 3816493 AND 3817492
	Bitmap Heap Scan on sbtest4  (cost=21.98..3601.79 rows=931 width=121)
	  Recheck Cond: ((id >= 3816493) AND (id <= 3817492))
	  ->  Bitmap Index Scan on sbtest4_pkey  (cost=0.00..21.75 rows=931 width=0)
	        Index Cond: ((id >= 3816493) AND (id <= 3817492))

table 5 : explain SELECT c FROM sbtest5 WHERE id BETWEEN 2531311 AND 2532310
	Bitmap Heap Scan on sbtest5  (cost=21.90..3571.59 rows=923 width=121)
	  Recheck Cond: ((id >= 2531311) AND (id <= 2532310))
	  ->  Bitmap Index Scan on sbtest5_pkey  (cost=0.00..21.66 rows=923 width=0)
	        Index Cond: ((id >= 2531311) AND (id <= 2532310))

table 6 : explain SELECT c FROM sbtest6 WHERE id BETWEEN 5642903 AND 5643902
	Bitmap Heap Scan on sbtest6  (cost=22.36..3741.52 rows=968 width=121)
	  Recheck Cond: ((id >= 5642903) AND (id <= 5643902))
	  ->  Bitmap Index Scan on sbtest6_pkey  (cost=0.00..22.11 rows=968 width=0)
	        Index Cond: ((id >= 5642903) AND (id <= 5643902))

table 7 : explain SELECT c FROM sbtest7 WHERE id BETWEEN 3585031 AND 3586030
	Bitmap Heap Scan on sbtest7  (cost=22.81..3908.38 rows=1012 width=121)
	  Recheck Cond: ((id >= 3585031) AND (id <= 3586030))
	  ->  Bitmap Index Scan on sbtest7_pkey  (cost=0.00..22.55 rows=1012 width=0)
	        Index Cond: ((id >= 3585031) AND (id <= 3586030))

table 8 : explain SELECT c FROM sbtest8 WHERE id BETWEEN 1524966 AND 1525965
	Bitmap Heap Scan on sbtest8  (cost=27.50..4168.25 rows=1080 width=121)
	  Recheck Cond: ((id >= 1524966) AND (id <= 1525965))
	  ->  Bitmap Index Scan on sbtest8_pkey  (cost=0.00..27.23 rows=1080 width=0)
	        Index Cond: ((id >= 1524966) AND (id <= 1525965))

for point_selects
table 1 : explain SELECT c FROM sbtest1 WHERE id=1558685
	Index Scan using sbtest1_pkey on sbtest1  (cost=0.43..8.45 rows=1 width=121)
	  Index Cond: (id = 1558685)

table 2 : explain SELECT c FROM sbtest2 WHERE id=9530157
	Index Scan using sbtest2_pkey on sbtest2  (cost=0.43..8.45 rows=1 width=121)
	  Index Cond: (id = 9530157)

table 3 : explain SELECT c FROM sbtest3 WHERE id=6637004
	Index Scan using sbtest3_pkey on sbtest3  (cost=0.43..8.45 rows=1 width=121)
	  Index Cond: (id = 6637004)

table 4 : explain SELECT c FROM sbtest4 WHERE id=8279058
	Index Scan using sbtest4_pkey on sbtest4  (cost=0.43..8.45 rows=1 width=121)
	  Index Cond: (id = 8279058)

table 5 : explain SELECT c FROM sbtest5 WHERE id=3217199
	Index Scan using sbtest5_pkey on sbtest5  (cost=0.43..8.45 rows=1 width=121)
	  Index Cond: (id = 3217199)

table 6 : explain SELECT c FROM sbtest6 WHERE id=7809211
	Index Scan using sbtest6_pkey on sbtest6  (cost=0.43..8.45 rows=1 width=121)
	  Index Cond: (id = 7809211)

table 7 : explain SELECT c FROM sbtest7 WHERE id=8590182
	Index Scan using sbtest7_pkey on sbtest7  (cost=0.43..8.45 rows=1 width=121)
	  Index Cond: (id = 8590182)

table 8 : explain SELECT c FROM sbtest8 WHERE id=4046781
	Index Scan using sbtest8_pkey on sbtest8  (cost=0.43..8.45 rows=1 width=121)
	  Index Cond: (id = 4046781)

for: distinct_ranges
table 1 : explain SELECT DISTINCT c FROM sbtest1 WHERE id BETWEEN 4779159 AND 4780158 ORDER BY c
	Unique  (cost=4027.88..4033.04 rows=1031 width=121)
	  ->  Sort  (cost=4027.88..4030.46 rows=1031 width=121)
	        Sort Key: c
	        ->  Bitmap Heap Scan on sbtest1  (cost=23.00..3976.28 rows=1031 width=121)
	              Recheck Cond: ((id >= 4779159) AND (id <= 4780158))
	              ->  Bitmap Index Scan on sbtest1_pkey  (cost=0.00..22.75 rows=1031 width=0)
	                    Index Cond: ((id >= 4779159) AND (id <= 4780158))

table 2 : explain SELECT DISTINCT c FROM sbtest2 WHERE id BETWEEN 2036849 AND 2037848 ORDER BY c
	Unique  (cost=3864.80..3869.74 rows=988 width=121)
	  ->  Sort  (cost=3864.80..3867.27 rows=988 width=121)
	        Sort Key: c
	        ->  Bitmap Heap Scan on sbtest2  (cost=22.56..3815.66 rows=988 width=121)
	              Recheck Cond: ((id >= 2036849) AND (id <= 2037848))
	              ->  Bitmap Index Scan on sbtest2_pkey  (cost=0.00..22.32 rows=988 width=0)
	                    Index Cond: ((id >= 2036849) AND (id <= 2037848))

table 3 : explain SELECT DISTINCT c FROM sbtest3 WHERE id BETWEEN 1843766 AND 1844765 ORDER BY c
	Unique  (cost=4036.84..4042.01 rows=1033 width=121)
	  ->  Sort  (cost=4036.84..4039.43 rows=1033 width=121)
	        Sort Key: c
	        ->  Bitmap Heap Scan on sbtest3  (cost=23.02..3985.13 rows=1033 width=121)
	              Recheck Cond: ((id >= 1843766) AND (id <= 1844765))
	              ->  Bitmap Index Scan on sbtest3_pkey  (cost=0.00..22.76 rows=1033 width=0)
	                    Index Cond: ((id >= 1843766) AND (id <= 1844765))

table 4 : explain SELECT DISTINCT c FROM sbtest4 WHERE id BETWEEN 9646931 AND 9647930 ORDER BY c
	Unique  (cost=3938.66..3943.69 rows=1007 width=121)
	  ->  Sort  (cost=3938.66..3941.17 rows=1007 width=121)
	        Sort Key: c
	        ->  Bitmap Heap Scan on sbtest4  (cost=22.76..3888.43 rows=1007 width=121)
	              Recheck Cond: ((id >= 9646931) AND (id <= 9647930))
	              ->  Bitmap Index Scan on sbtest4_pkey  (cost=0.00..22.50 rows=1007 width=0)
	                    Index Cond: ((id >= 9646931) AND (id <= 9647930))

table 5 : explain SELECT DISTINCT c FROM sbtest5 WHERE id BETWEEN 2973311 AND 2974310 ORDER BY c
	Unique  (cost=4049.52..4054.70 rows=1036 width=121)
	  ->  Sort  (cost=4049.52..4052.11 rows=1036 width=121)
	        Sort Key: c
	        ->  Bitmap Heap Scan on sbtest5  (cost=23.05..3997.63 rows=1036 width=121)
	              Recheck Cond: ((id >= 2973311) AND (id <= 2974310))
	              ->  Bitmap Index Scan on sbtest5_pkey  (cost=0.00..22.79 rows=1036 width=0)
	                    Index Cond: ((id >= 2973311) AND (id <= 2974310))

table 6 : explain SELECT DISTINCT c FROM sbtest6 WHERE id BETWEEN 6019918 AND 6020917 ORDER BY c
	Unique  (cost=4374.17..4379.78 rows=1121 width=121)
	  ->  Sort  (cost=4374.17..4376.98 rows=1121 width=121)
	        Sort Key: c
	        ->  Bitmap Heap Scan on sbtest6  (cost=27.93..4317.39 rows=1121 width=121)
	              Recheck Cond: ((id >= 6019918) AND (id <= 6020917))
	              ->  Bitmap Index Scan on sbtest6_pkey  (cost=0.00..27.64 rows=1121 width=0)
	                    Index Cond: ((id >= 6019918) AND (id <= 6020917))

table 7 : explain SELECT DISTINCT c FROM sbtest7 WHERE id BETWEEN 5414600 AND 5415599 ORDER BY c
	Unique  (cost=3916.82..3921.82 rows=1001 width=121)
	  ->  Sort  (cost=3916.82..3919.32 rows=1001 width=121)
	        Sort Key: c
	        ->  Bitmap Heap Scan on sbtest7  (cost=22.70..3866.93 rows=1001 width=121)
	              Recheck Cond: ((id >= 5414600) AND (id <= 5415599))
	              ->  Bitmap Index Scan on sbtest7_pkey  (cost=0.00..22.44 rows=1001 width=0)
	                    Index Cond: ((id >= 5414600) AND (id <= 5415599))

table 8 : explain SELECT DISTINCT c FROM sbtest8 WHERE id BETWEEN 22239 AND 23238 ORDER BY c
	Unique  (cost=4211.22..4216.60 rows=1077 width=121)
	  ->  Sort  (cost=4211.22..4213.91 rows=1077 width=121)
	        Sort Key: c
	        ->  Bitmap Heap Scan on sbtest8  (cost=27.47..4156.97 rows=1077 width=121)
	              Recheck Cond: ((id >= 22239) AND (id <= 23238))
	              ->  Bitmap Index Scan on sbtest8_pkey  (cost=0.00..27.20 rows=1077 width=0)
	                    Index Cond: ((id >= 22239) AND (id <= 23238))

for: distinct_ranges
table 1 : explain SELECT DISTINCT c FROM sbtest1 WHERE id BETWEEN 3861714 AND 3862713 ORDER BY c
	Unique  (cost=4169.04..4174.38 rows=1068 width=121)
	  ->  Sort  (cost=4169.04..4171.71 rows=1068 width=121)
	        Sort Key: c
	        ->  Bitmap Heap Scan on sbtest1  (cost=23.38..4115.31 rows=1068 width=121)
	              Recheck Cond: ((id >= 3861714) AND (id <= 3862713))
	              ->  Bitmap Index Scan on sbtest1_pkey  (cost=0.00..23.11 rows=1068 width=0)
	                    Index Cond: ((id >= 3861714) AND (id <= 3862713))

table 2 : explain SELECT DISTINCT c FROM sbtest2 WHERE id BETWEEN 2333743 AND 2334742 ORDER BY c
	Unique  (cost=3719.39..3724.14 rows=950 width=121)
	  ->  Sort  (cost=3719.39..3721.77 rows=950 width=121)
	        Sort Key: c
	        ->  Bitmap Heap Scan on sbtest2  (cost=22.17..3672.40 rows=950 width=121)
	              Recheck Cond: ((id >= 2333743) AND (id <= 2334742))
	              ->  Bitmap Index Scan on sbtest2_pkey  (cost=0.00..21.93 rows=950 width=0)
	                    Index Cond: ((id >= 2333743) AND (id <= 2334742))

table 3 : explain SELECT DISTINCT c FROM sbtest3 WHERE id BETWEEN 2343072 AND 2344071 ORDER BY c
	Unique  (cost=3646.68..3651.33 rows=931 width=121)
	  ->  Sort  (cost=3646.68..3649.01 rows=931 width=121)
	        Sort Key: c
	        ->  Bitmap Heap Scan on sbtest3  (cost=21.98..3600.77 rows=931 width=121)
	              Recheck Cond: ((id >= 2343072) AND (id <= 2344071))
	              ->  Bitmap Index Scan on sbtest3_pkey  (cost=0.00..21.75 rows=931 width=0)
	                    Index Cond: ((id >= 2343072) AND (id <= 2344071))

table 4 : explain SELECT DISTINCT c FROM sbtest4 WHERE id BETWEEN 2436102 AND 2437101 ORDER BY c
	Unique  (cost=3885.11..3890.08 rows=993 width=121)
	  ->  Sort  (cost=3885.11..3887.59 rows=993 width=121)
	        Sort Key: c
	        ->  Bitmap Heap Scan on sbtest4  (cost=22.61..3835.68 rows=993 width=121)
	              Recheck Cond: ((id >= 2436102) AND (id <= 2437101))
	              ->  Bitmap Index Scan on sbtest4_pkey  (cost=0.00..22.36 rows=993 width=0)
	                    Index Cond: ((id >= 2436102) AND (id <= 2437101))

table 5 : explain SELECT DISTINCT c FROM sbtest5 WHERE id BETWEEN 9969458 AND 9970457 ORDER BY c
	Unique  (cost=3797.12..3801.97 rows=970 width=121)
	  ->  Sort  (cost=3797.12..3799.54 rows=970 width=121)
	        Sort Key: c
	        ->  Bitmap Heap Scan on sbtest5  (cost=22.38..3749.00 rows=970 width=121)
	              Recheck Cond: ((id >= 9969458) AND (id <= 9970457))
	              ->  Bitmap Index Scan on sbtest5_pkey  (cost=0.00..22.14 rows=970 width=0)
	                    Index Cond: ((id >= 9969458) AND (id <= 9970457))

table 6 : explain SELECT DISTINCT c FROM sbtest6 WHERE id BETWEEN 5253543 AND 5254542 ORDER BY c
	Unique  (cost=3709.10..3713.83 rows=947 width=121)
	  ->  Sort  (cost=3709.10..3711.47 rows=947 width=121)
	        Sort Key: c
	        ->  Bitmap Heap Scan on sbtest6  (cost=22.14..3662.28 rows=947 width=121)
	              Recheck Cond: ((id >= 5253543) AND (id <= 5254542))
	              ->  Bitmap Index Scan on sbtest6_pkey  (cost=0.00..21.90 rows=947 width=0)
	                    Index Cond: ((id >= 5253543) AND (id <= 5254542))

table 7 : explain SELECT DISTINCT c FROM sbtest7 WHERE id BETWEEN 9948553 AND 9949552 ORDER BY c
	Unique  (cost=3920.64..3925.65 rows=1002 width=121)
	  ->  Sort  (cost=3920.64..3923.15 rows=1002 width=121)
	        Sort Key: c
	        ->  Bitmap Heap Scan on sbtest7  (cost=22.71..3870.70 rows=1002 width=121)
	              Recheck Cond: ((id >= 9948553) AND (id <= 9949552))
	              ->  Bitmap Index Scan on sbtest7_pkey  (cost=0.00..22.45 rows=1002 width=0)
	                    Index Cond: ((id >= 9948553) AND (id <= 9949552))

table 8 : explain SELECT DISTINCT c FROM sbtest8 WHERE id BETWEEN 249012 AND 250011 ORDER BY c
	Unique  (cost=4211.22..4216.60 rows=1077 width=121)
	  ->  Sort  (cost=4211.22..4213.91 rows=1077 width=121)
	        Sort Key: c
	        ->  Bitmap Heap Scan on sbtest8  (cost=27.47..4156.97 rows=1077 width=121)
	              Recheck Cond: ((id >= 249012) AND (id <= 250011))
	              ->  Bitmap Index Scan on sbtest8_pkey  (cost=0.00..27.20 rows=1077 width=0)
	                    Index Cond: ((id >= 249012) AND (id <= 250011))

for: order_ranges
table 1 : explain SELECT c FROM sbtest1 WHERE id BETWEEN 2631261 AND 2632260 ORDER BY c
	Sort  (cost=4157.60..4160.26 rows=1065 width=121)
	  Sort Key: c
	  ->  Bitmap Heap Scan on sbtest1  (cost=23.35..4104.05 rows=1065 width=121)
	        Recheck Cond: ((id >= 2631261) AND (id <= 2632260))
	        ->  Bitmap Index Scan on sbtest1_pkey  (cost=0.00..23.08 rows=1065 width=0)
	              Index Cond: ((id >= 2631261) AND (id <= 2632260))

table 2 : explain SELECT c FROM sbtest2 WHERE id BETWEEN 8805234 AND 8806233 ORDER BY c
	Sort  (cost=4273.49..4276.23 rows=1094 width=121)
	  Sort Key: c
	  ->  Bitmap Heap Scan on sbtest2  (cost=27.65..4218.27 rows=1094 width=121)
	        Recheck Cond: ((id >= 8805234) AND (id <= 8806233))
	        ->  Bitmap Index Scan on sbtest2_pkey  (cost=0.00..27.37 rows=1094 width=0)
	              Index Cond: ((id >= 8805234) AND (id <= 8806233))

table 3 : explain SELECT c FROM sbtest3 WHERE id BETWEEN 6735463 AND 6736462 ORDER BY c
	Sort  (cost=3723.28..3725.66 rows=951 width=121)
	  Sort Key: c
	  ->  Bitmap Heap Scan on sbtest3  (cost=22.18..3676.24 rows=951 width=121)
	        Recheck Cond: ((id >= 6735463) AND (id <= 6736462))
	        ->  Bitmap Index Scan on sbtest3_pkey  (cost=0.00..21.94 rows=951 width=0)
	              Index Cond: ((id >= 6735463) AND (id <= 6736462))

table 4 : explain SELECT c FROM sbtest4 WHERE id BETWEEN 523996 AND 524995 ORDER BY c
	Sort  (cost=4072.41..4075.02 rows=1042 width=121)
	  Sort Key: c
	  ->  Bitmap Heap Scan on sbtest4  (cost=23.12..4020.18 rows=1042 width=121)
	        Recheck Cond: ((id >= 523996) AND (id <= 524995))
	        ->  Bitmap Index Scan on sbtest4_pkey  (cost=0.00..22.86 rows=1042 width=0)
	              Index Cond: ((id >= 523996) AND (id <= 524995))

table 5 : explain SELECT c FROM sbtest5 WHERE id BETWEEN 9165601 AND 9166600 ORDER BY c
	Sort  (cost=3996.02..3998.58 rows=1022 width=121)
	  Sort Key: c
	  ->  Bitmap Heap Scan on sbtest5  (cost=22.91..3944.94 rows=1022 width=121)
	        Recheck Cond: ((id >= 9165601) AND (id <= 9166600))
	        ->  Bitmap Index Scan on sbtest5_pkey  (cost=0.00..22.65 rows=1022 width=0)
	              Index Cond: ((id >= 9165601) AND (id <= 9166600))

table 6 : explain SELECT c FROM sbtest6 WHERE id BETWEEN 1243741 AND 1244740 ORDER BY c
	Sort  (cost=3911.98..3914.48 rows=1000 width=121)
	  Sort Key: c
	  ->  Bitmap Heap Scan on sbtest6  (cost=22.68..3862.15 rows=1000 width=121)
	        Recheck Cond: ((id >= 1243741) AND (id <= 1244740))
	        ->  Bitmap Index Scan on sbtest6_pkey  (cost=0.00..22.43 rows=1000 width=0)
	              Index Cond: ((id >= 1243741) AND (id <= 1244740))

table 7 : explain SELECT c FROM sbtest7 WHERE id BETWEEN 2795083 AND 2796082 ORDER BY c
	Sort  (cost=3664.03..3666.36 rows=935 width=121)
	  Sort Key: c
	  ->  Bitmap Heap Scan on sbtest7  (cost=22.02..3617.89 rows=935 width=121)
	        Recheck Cond: ((id >= 2795083) AND (id <= 2796082))
	        ->  Bitmap Index Scan on sbtest7_pkey  (cost=0.00..21.79 rows=935 width=0)
	              Index Cond: ((id >= 2795083) AND (id <= 2796082))

table 8 : explain SELECT c FROM sbtest8 WHERE id BETWEEN 3949986 AND 3950985 ORDER BY c
	Sort  (cost=3974.16..3976.70 rows=1016 width=121)
	  Sort Key: c
	  ->  Bitmap Heap Scan on sbtest8  (cost=22.85..3923.41 rows=1016 width=121)
	        Recheck Cond: ((id >= 3949986) AND (id <= 3950985))
	        ->  Bitmap Index Scan on sbtest8_pkey  (cost=0.00..22.59 rows=1016 width=0)
	              Index Cond: ((id >= 3949986) AND (id <= 3950985))

for: distinct_ranges
table 1 : explain SELECT DISTINCT c FROM sbtest1 WHERE id BETWEEN 71257 AND 72256 ORDER BY c
	Unique  (cost=3775.68..3780.51 rows=965 width=121)
	  ->  Sort  (cost=3775.68..3778.09 rows=965 width=121)
	        Sort Key: c
	        ->  Bitmap Heap Scan on sbtest1  (cost=22.33..3727.84 rows=965 width=121)
	              Recheck Cond: ((id >= 71257) AND (id <= 72256))
	              ->  Bitmap Index Scan on sbtest1_pkey  (cost=0.00..22.08 rows=965 width=0)
	                    Index Cond: ((id >= 71257) AND (id <= 72256))

table 2 : explain SELECT DISTINCT c FROM sbtest2 WHERE id BETWEEN 6997470 AND 6998469 ORDER BY c
	Unique  (cost=3443.37..3447.76 rows=878 width=121)
	  ->  Sort  (cost=3443.37..3445.57 rows=878 width=121)
	        Sort Key: c
	        ->  Bitmap Heap Scan on sbtest2  (cost=21.43..3400.45 rows=878 width=121)
	              Recheck Cond: ((id >= 6997470) AND (id <= 6998469))
	              ->  Bitmap Index Scan on sbtest2_pkey  (cost=0.00..21.21 rows=878 width=0)
	                    Index Cond: ((id >= 6997470) AND (id <= 6998469))

table 3 : explain SELECT DISTINCT c FROM sbtest3 WHERE id BETWEEN 8488068 AND 8489067 ORDER BY c
	Unique  (cost=3684.99..3689.69 rows=941 width=121)
	  ->  Sort  (cost=3684.99..3687.34 rows=941 width=121)
	        Sort Key: c
	        ->  Bitmap Heap Scan on sbtest3  (cost=22.08..3638.51 rows=941 width=121)
	              Recheck Cond: ((id >= 8488068) AND (id <= 8489067))
	              ->  Bitmap Index Scan on sbtest3_pkey  (cost=0.00..21.84 rows=941 width=0)
	                    Index Cond: ((id >= 8488068) AND (id <= 8489067))

table 4 : explain SELECT DISTINCT c FROM sbtest4 WHERE id BETWEEN 2270234 AND 2271233 ORDER BY c
	Unique  (cost=3728.16..3732.92 rows=952 width=121)
	  ->  Sort  (cost=3728.16..3730.54 rows=952 width=121)
	        Sort Key: c
	        ->  Bitmap Heap Scan on sbtest4  (cost=22.19..3681.07 rows=952 width=121)
	              Recheck Cond: ((id >= 2270234) AND (id <= 2271233))
	              ->  Bitmap Index Scan on sbtest4_pkey  (cost=0.00..21.95 rows=952 width=0)
	                    Index Cond: ((id >= 2270234) AND (id <= 2271233))

table 5 : explain SELECT DISTINCT c FROM sbtest5 WHERE id BETWEEN 8820309 AND 8821308 ORDER BY c
	Unique  (cost=3762.66..3767.46 rows=961 width=121)
	  ->  Sort  (cost=3762.66..3765.06 rows=961 width=121)
	        Sort Key: c
	        ->  Bitmap Heap Scan on sbtest5  (cost=22.29..3715.05 rows=961 width=121)
	              Recheck Cond: ((id >= 8820309) AND (id <= 8821308))
	              ->  Bitmap Index Scan on sbtest5_pkey  (cost=0.00..22.04 rows=961 width=0)
	                    Index Cond: ((id >= 8820309) AND (id <= 8821308))

table 6 : explain SELECT DISTINCT c FROM sbtest6 WHERE id BETWEEN 1492891 AND 1493890 ORDER BY c
	Unique  (cost=3643.95..3648.60 rows=930 width=121)
	  ->  Sort  (cost=3643.95..3646.27 rows=930 width=121)
	        Sort Key: c
	        ->  Bitmap Heap Scan on sbtest6  (cost=21.97..3598.09 rows=930 width=121)
	              Recheck Cond: ((id >= 1492891) AND (id <= 1493890))
	              ->  Bitmap Index Scan on sbtest6_pkey  (cost=0.00..21.73 rows=930 width=0)
	                    Index Cond: ((id >= 1492891) AND (id <= 1493890))

table 7 : explain SELECT DISTINCT c FROM sbtest7 WHERE id BETWEEN 4133879 AND 4134878 ORDER BY c
	Unique  (cost=3740.69..3745.46 rows=955 width=121)
	  ->  Sort  (cost=3740.69..3743.07 rows=955 width=121)
	        Sort Key: c
	        ->  Bitmap Heap Scan on sbtest7  (cost=22.22..3693.42 rows=955 width=121)
	              Recheck Cond: ((id >= 4133879) AND (id <= 4134878))
	              ->  Bitmap Index Scan on sbtest7_pkey  (cost=0.00..21.98 rows=955 width=0)
	                    Index Cond: ((id >= 4133879) AND (id <= 4134878))

table 8 : explain SELECT DISTINCT c FROM sbtest8 WHERE id BETWEEN 2058540 AND 2059539 ORDER BY c
	Unique  (cost=3916.78..3921.78 rows=1001 width=121)
	  ->  Sort  (cost=3916.78..3919.28 rows=1001 width=121)
	        Sort Key: c
	        ->  Bitmap Heap Scan on sbtest8  (cost=22.70..3866.89 rows=1001 width=121)
	              Recheck Cond: ((id >= 2058540) AND (id <= 2059539))
	              ->  Bitmap Index Scan on sbtest8_pkey  (cost=0.00..22.44 rows=1001 width=0)
	                    Index Cond: ((id >= 2058540) AND (id <= 2059539))

for: distinct_ranges
table 1 : explain SELECT DISTINCT c FROM sbtest1 WHERE id BETWEEN 2393115 AND 2394114 ORDER BY c
	Unique  (cost=3407.86..3412.20 rows=869 width=121)
	  ->  Sort  (cost=3407.86..3410.03 rows=869 width=121)
	        Sort Key: c
	        ->  Bitmap Heap Scan on sbtest1  (cost=21.34..3365.44 rows=869 width=121)
	              Recheck Cond: ((id >= 2393115) AND (id <= 2394114))
	              ->  Bitmap Index Scan on sbtest1_pkey  (cost=0.00..21.12 rows=869 width=0)
	                    Index Cond: ((id >= 2393115) AND (id <= 2394114))

table 2 : explain SELECT DISTINCT c FROM sbtest2 WHERE id BETWEEN 3980903 AND 3981902 ORDER BY c
	Unique  (cost=4074.95..4080.17 rows=1043 width=121)
	  ->  Sort  (cost=4074.95..4077.56 rows=1043 width=121)
	        Sort Key: c
	        ->  Bitmap Heap Scan on sbtest2  (cost=23.13..4022.66 rows=1043 width=121)
	              Recheck Cond: ((id >= 3980903) AND (id <= 3981902))
	              ->  Bitmap Index Scan on sbtest2_pkey  (cost=0.00..22.86 rows=1043 width=0)
	                    Index Cond: ((id >= 3980903) AND (id <= 3981902))

table 3 : explain SELECT DISTINCT c FROM sbtest3 WHERE id BETWEEN 4700654 AND 4701653 ORDER BY c
	Unique  (cost=4078.84..4084.06 rows=1044 width=121)
	  ->  Sort  (cost=4078.84..4081.45 rows=1044 width=121)
	        Sort Key: c
	        ->  Bitmap Heap Scan on sbtest3  (cost=23.14..4026.50 rows=1044 width=121)
	              Recheck Cond: ((id >= 4700654) AND (id <= 4701653))
	              ->  Bitmap Index Scan on sbtest3_pkey  (cost=0.00..22.87 rows=1044 width=0)
	                    Index Cond: ((id >= 4700654) AND (id <= 4701653))

table 4 : explain SELECT DISTINCT c FROM sbtest4 WHERE id BETWEEN 78709 AND 79708 ORDER BY c
	Unique  (cost=3976.89..3981.97 rows=1017 width=121)
	  ->  Sort  (cost=3976.89..3979.43 rows=1017 width=121)
	        Sort Key: c
	        ->  Bitmap Heap Scan on sbtest4  (cost=22.86..3926.09 rows=1017 width=121)
	              Recheck Cond: ((id >= 78709) AND (id <= 79708))
	              ->  Bitmap Index Scan on sbtest4_pkey  (cost=0.00..22.61 rows=1017 width=0)
	                    Index Cond: ((id >= 78709) AND (id <= 79708))

table 5 : explain SELECT DISTINCT c FROM sbtest5 WHERE id BETWEEN 9315385 AND 9316384 ORDER BY c
	Unique  (cost=4125.90..4131.18 rows=1056 width=121)
	  ->  Sort  (cost=4125.90..4128.54 rows=1056 width=121)
	        Sort Key: c
	        ->  Bitmap Heap Scan on sbtest5  (cost=23.26..4072.87 rows=1056 width=121)
	              Recheck Cond: ((id >= 9315385) AND (id <= 9316384))
	              ->  Bitmap Index Scan on sbtest5_pkey  (cost=0.00..23.00 rows=1056 width=0)
	                    Index Cond: ((id >= 9315385) AND (id <= 9316384))

table 6 : explain SELECT DISTINCT c FROM sbtest6 WHERE id BETWEEN 4260780 AND 4261779 ORDER BY c
	Unique  (cost=4030.49..4035.65 rows=1031 width=121)
	  ->  Sort  (cost=4030.49..4033.07 rows=1031 width=121)
	        Sort Key: c
	        ->  Bitmap Heap Scan on sbtest6  (cost=23.00..3978.89 rows=1031 width=121)
	              Recheck Cond: ((id >= 4260780) AND (id <= 4261779))
	              ->  Bitmap Index Scan on sbtest6_pkey  (cost=0.00..22.75 rows=1031 width=0)
	                    Index Cond: ((id >= 4260780) AND (id <= 4261779))

table 7 : explain SELECT DISTINCT c FROM sbtest7 WHERE id BETWEEN 961575 AND 962574 ORDER BY c
	Unique  (cost=3935.95..3940.98 rows=1006 width=121)
	  ->  Sort  (cost=3935.95..3938.46 rows=1006 width=121)
	        Sort Key: c
	        ->  Bitmap Heap Scan on sbtest7  (cost=22.75..3885.77 rows=1006 width=121)
	              Recheck Cond: ((id >= 961575) AND (id <= 962574))
	              ->  Bitmap Index Scan on sbtest7_pkey  (cost=0.00..22.50 rows=1006 width=0)
	                    Index Cond: ((id >= 961575) AND (id <= 962574))

table 8 : explain SELECT DISTINCT c FROM sbtest8 WHERE id BETWEEN 1414797 AND 1415796 ORDER BY c
	Unique  (cost=3732.99..3737.75 rows=953 width=121)
	  ->  Sort  (cost=3732.99..3735.37 rows=953 width=121)
	        Sort Key: c
	        ->  Bitmap Heap Scan on sbtest8  (cost=22.20..3685.83 rows=953 width=121)
	              Recheck Cond: ((id >= 1414797) AND (id <= 1415796))
	              ->  Bitmap Index Scan on sbtest8_pkey  (cost=0.00..21.96 rows=953 width=0)
	                    Index Cond: ((id >= 1414797) AND (id <= 1415796))

explain: for point_selects :: explain SELECT c FROM sbtest%u WHERE id=%u
for: sum_ranges
table 1 : explain SELECT SUM(k) FROM sbtest1 WHERE id BETWEEN 1758096 AND 1759095
	Aggregate  (cost=3447.05..3447.06 rows=1 width=8)
	  ->  Bitmap Heap Scan on sbtest1  (cost=21.56..3444.82 rows=890 width=4)
	        Recheck Cond: ((id >= 1758096) AND (id <= 1759095))
	        ->  Bitmap Index Scan on sbtest1_pkey  (cost=0.00..21.33 rows=890 width=0)
	              Index Cond: ((id >= 1758096) AND (id <= 1759095))

table 2 : explain SELECT SUM(k) FROM sbtest2 WHERE id BETWEEN 7349792 AND 7350791
	Aggregate  (cost=3561.47..3561.48 rows=1 width=8)
	  ->  Bitmap Heap Scan on sbtest2  (cost=21.87..3559.17 rows=920 width=4)
	        Recheck Cond: ((id >= 7349792) AND (id <= 7350791))
	        ->  Bitmap Index Scan on sbtest2_pkey  (cost=0.00..21.64 rows=920 width=0)
	              Index Cond: ((id >= 7349792) AND (id <= 7350791))

table 3 : explain SELECT SUM(k) FROM sbtest3 WHERE id BETWEEN 3960437 AND 3961436
	Aggregate  (cost=4247.41..4247.42 rows=1 width=8)
	  ->  Bitmap Heap Scan on sbtest3  (cost=27.73..4244.65 rows=1102 width=4)
	        Recheck Cond: ((id >= 3960437) AND (id <= 3961436))
	        ->  Bitmap Index Scan on sbtest3_pkey  (cost=0.00..27.45 rows=1102 width=0)
	              Index Cond: ((id >= 3960437) AND (id <= 3961436))

table 4 : explain SELECT SUM(k) FROM sbtest4 WHERE id BETWEEN 9796426 AND 9797425
	Aggregate  (cost=3747.62..3747.63 rows=1 width=8)
	  ->  Bitmap Heap Scan on sbtest4  (cost=22.37..3745.20 rows=969 width=4)
	        Recheck Cond: ((id >= 9796426) AND (id <= 9797425))
	        ->  Bitmap Index Scan on sbtest4_pkey  (cost=0.00..22.12 rows=969 width=0)
	              Index Cond: ((id >= 9796426) AND (id <= 9797425))

table 5 : explain SELECT SUM(k) FROM sbtest5 WHERE id BETWEEN 8543153 AND 8544152
	Aggregate  (cost=3717.45..3717.46 rows=1 width=8)
	  ->  Bitmap Heap Scan on sbtest5  (cost=22.29..3715.05 rows=961 width=4)
	        Recheck Cond: ((id >= 8543153) AND (id <= 8544152))
	        ->  Bitmap Index Scan on sbtest5_pkey  (cost=0.00..22.04 rows=961 width=0)
	              Index Cond: ((id >= 8543153) AND (id <= 8544152))

table 6 : explain SELECT SUM(k) FROM sbtest6 WHERE id BETWEEN 2137256 AND 2138255
	Aggregate  (cost=4053.00..4053.01 rows=1 width=8)
	  ->  Bitmap Heap Scan on sbtest6  (cost=23.20..4050.38 rows=1050 width=4)
	        Recheck Cond: ((id >= 2137256) AND (id <= 2138255))
	        ->  Bitmap Index Scan on sbtest6_pkey  (cost=0.00..22.93 rows=1050 width=0)
	              Index Cond: ((id >= 2137256) AND (id <= 2138255))

table 7 : explain SELECT SUM(k) FROM sbtest7 WHERE id BETWEEN 101339 AND 102338
	Aggregate  (cost=3756.23..3756.24 rows=1 width=8)
	  ->  Bitmap Heap Scan on sbtest7  (cost=22.39..3753.80 rows=971 width=4)
	        Recheck Cond: ((id >= 101339) AND (id <= 102338))
	        ->  Bitmap Index Scan on sbtest7_pkey  (cost=0.00..22.14 rows=971 width=0)
	              Index Cond: ((id >= 101339) AND (id <= 102338))

table 8 : explain SELECT SUM(k) FROM sbtest8 WHERE id BETWEEN 1538985 AND 1539984
	Aggregate  (cost=4170.95..4170.96 rows=1 width=8)
	  ->  Bitmap Heap Scan on sbtest8  (cost=27.50..4168.25 rows=1080 width=4)
	        Recheck Cond: ((id >= 1538985) AND (id <= 1539984))
	        ->  Bitmap Index Scan on sbtest8_pkey  (cost=0.00..27.23 rows=1080 width=0)
	              Index Cond: ((id >= 1538985) AND (id <= 1539984))

for: simple_ranges
table 1 : explain SELECT c FROM sbtest1 WHERE id BETWEEN 9869126 AND 9870125
	Bitmap Heap Scan on sbtest1  (cost=22.72..3870.95 rows=1003 width=121)
	  Recheck Cond: ((id >= 9869126) AND (id <= 9870125))
	  ->  Bitmap Index Scan on sbtest1_pkey  (cost=0.00..22.46 rows=1003 width=0)
	        Index Cond: ((id >= 9869126) AND (id <= 9870125))

table 2 : explain SELECT c FROM sbtest2 WHERE id BETWEEN 4786531 AND 4787530
	Bitmap Heap Scan on sbtest2  (cost=22.64..3845.79 rows=996 width=121)
	  Recheck Cond: ((id >= 4786531) AND (id <= 4787530))
	  ->  Bitmap Index Scan on sbtest2_pkey  (cost=0.00..22.39 rows=996 width=0)
	        Index Cond: ((id >= 4786531) AND (id <= 4787530))

table 3 : explain SELECT c FROM sbtest3 WHERE id BETWEEN 8022650 AND 8023649
	Bitmap Heap Scan on sbtest3  (cost=22.52..3800.65 rows=984 width=121)
	  Recheck Cond: ((id >= 8022650) AND (id <= 8023649))
	  ->  Bitmap Index Scan on sbtest3_pkey  (cost=0.00..22.27 rows=984 width=0)
	        Index Cond: ((id >= 8022650) AND (id <= 8023649))

table 4 : explain SELECT c FROM sbtest4 WHERE id BETWEEN 7975256 AND 7976255
	Bitmap Heap Scan on sbtest4  (cost=22.53..3805.53 rows=985 width=121)
	  Recheck Cond: ((id >= 7975256) AND (id <= 7976255))
	  ->  Bitmap Index Scan on sbtest4_pkey  (cost=0.00..22.29 rows=985 width=0)
	        Index Cond: ((id >= 7975256) AND (id <= 7976255))

table 5 : explain SELECT c FROM sbtest5 WHERE id BETWEEN 2478260 AND 2479259
	Bitmap Heap Scan on sbtest5  (cost=22.77..3892.22 rows=1008 width=121)
	  Recheck Cond: ((id >= 2478260) AND (id <= 2479259))
	  ->  Bitmap Index Scan on sbtest5_pkey  (cost=0.00..22.51 rows=1008 width=0)
	        Index Cond: ((id >= 2478260) AND (id <= 2479259))

table 6 : explain SELECT c FROM sbtest6 WHERE id BETWEEN 7274338 AND 7275337
	Bitmap Heap Scan on sbtest6  (cost=22.70..3865.92 rows=1001 width=121)
	  Recheck Cond: ((id >= 7274338) AND (id <= 7275337))
	  ->  Bitmap Index Scan on sbtest6_pkey  (cost=0.00..22.44 rows=1001 width=0)
	        Index Cond: ((id >= 7274338) AND (id <= 7275337))

table 7 : explain SELECT c FROM sbtest7 WHERE id BETWEEN 5182298 AND 5183297
	Bitmap Heap Scan on sbtest7  (cost=23.34..4104.13 rows=1064 width=121)
	  Recheck Cond: ((id >= 5182298) AND (id <= 5183297))
	  ->  Bitmap Index Scan on sbtest7_pkey  (cost=0.00..23.07 rows=1064 width=0)
	        Index Cond: ((id >= 5182298) AND (id <= 5183297))

table 8 : explain SELECT c FROM sbtest8 WHERE id BETWEEN 1100851 AND 1101850
	Bitmap Heap Scan on sbtest8  (cost=22.56..3817.89 rows=988 width=121)
	  Recheck Cond: ((id >= 1100851) AND (id <= 1101850))
	  ->  Bitmap Index Scan on sbtest8_pkey  (cost=0.00..22.32 rows=988 width=0)
	        Index Cond: ((id >= 1100851) AND (id <= 1101850))

explain: for point_selects :: explain SELECT c FROM sbtest%u WHERE id=%u
for: sum_ranges
table 1 : explain SELECT SUM(k) FROM sbtest1 WHERE id BETWEEN 2801234 AND 2802233
	Aggregate  (cost=3888.53..3888.54 rows=1 width=8)
	  ->  Bitmap Heap Scan on sbtest1  (cost=22.76..3886.01 rows=1007 width=4)
	        Recheck Cond: ((id >= 2801234) AND (id <= 2802233))
	        ->  Bitmap Index Scan on sbtest1_pkey  (cost=0.00..22.50 rows=1007 width=0)
	              Index Cond: ((id >= 2801234) AND (id <= 2802233))

table 2 : explain SELECT SUM(k) FROM sbtest2 WHERE id BETWEEN 1666985 AND 1667984
	Aggregate  (cost=3927.40..3927.41 rows=1 width=8)
	  ->  Bitmap Heap Scan on sbtest2  (cost=22.86..3924.85 rows=1017 width=4)
	        Recheck Cond: ((id >= 1666985) AND (id <= 1667984))
	        ->  Bitmap Index Scan on sbtest2_pkey  (cost=0.00..22.61 rows=1017 width=0)
	              Index Cond: ((id >= 1666985) AND (id <= 1667984))

table 3 : explain SELECT SUM(k) FROM sbtest3 WHERE id BETWEEN 8909006 AND 8910005
	Aggregate  (cost=3402.70..3402.71 rows=1 width=8)
	  ->  Bitmap Heap Scan on sbtest3  (cost=21.43..3400.50 rows=878 width=4)
	        Recheck Cond: ((id >= 8909006) AND (id <= 8910005))
	        ->  Bitmap Index Scan on sbtest3_pkey  (cost=0.00..21.21 rows=878 width=0)
	              Index Cond: ((id >= 8909006) AND (id <= 8910005))

table 4 : explain SELECT SUM(k) FROM sbtest4 WHERE id BETWEEN 3587918 AND 3588917
	Aggregate  (cost=3592.78..3592.79 rows=1 width=8)
	  ->  Bitmap Heap Scan on sbtest4  (cost=21.95..3590.46 rows=928 width=4)
	        Recheck Cond: ((id >= 3587918) AND (id <= 3588917))
	        ->  Bitmap Index Scan on sbtest4_pkey  (cost=0.00..21.71 rows=928 width=0)
	              Index Cond: ((id >= 3587918) AND (id <= 3588917))

table 5 : explain SELECT SUM(k) FROM sbtest5 WHERE id BETWEEN 9646865 AND 9647864
	Aggregate  (cost=3792.93..3792.94 rows=1 width=8)
	  ->  Bitmap Heap Scan on sbtest5  (cost=22.49..3790.47 rows=981 width=4)
	        Recheck Cond: ((id >= 9646865) AND (id <= 9647864))
	        ->  Bitmap Index Scan on sbtest5_pkey  (cost=0.00..22.25 rows=981 width=0)
	              Index Cond: ((id >= 9646865) AND (id <= 9647864))

table 6 : explain SELECT SUM(k) FROM sbtest6 WHERE id BETWEEN 4250302 AND 4251301
	Aggregate  (cost=3981.47..3981.48 rows=1 width=8)
	  ->  Bitmap Heap Scan on sbtest6  (cost=23.00..3978.89 rows=1031 width=4)
	        Recheck Cond: ((id >= 4250302) AND (id <= 4251301))
	        ->  Bitmap Index Scan on sbtest6_pkey  (cost=0.00..22.75 rows=1031 width=0)
	              Index Cond: ((id >= 4250302) AND (id <= 4251301))

table 7 : explain SELECT SUM(k) FROM sbtest7 WHERE id BETWEEN 9580624 AND 9581623
	Aggregate  (cost=3642.90..3642.91 rows=1 width=8)
	  ->  Bitmap Heap Scan on sbtest7  (cost=22.08..3640.55 rows=941 width=4)
	        Recheck Cond: ((id >= 9580624) AND (id <= 9581623))
	        ->  Bitmap Index Scan on sbtest7_pkey  (cost=0.00..21.84 rows=941 width=0)
	              Index Cond: ((id >= 9580624) AND (id <= 9581623))

table 8 : explain SELECT SUM(k) FROM sbtest8 WHERE id BETWEEN 5546369 AND 5547368
	Aggregate  (cost=4065.58..4065.59 rows=1 width=8)
	  ->  Bitmap Heap Scan on sbtest8  (cost=27.22..4062.95 rows=1052 width=4)
	        Recheck Cond: ((id >= 5546369) AND (id <= 5547368))
	        ->  Bitmap Index Scan on sbtest8_pkey  (cost=0.00..26.95 rows=1052 width=0)
	              Index Cond: ((id >= 5546369) AND (id <= 5547368))

for: distinct_ranges
table 1 : explain SELECT DISTINCT c FROM sbtest1 WHERE id BETWEEN 2636237 AND 2637236 ORDER BY c
	Unique  (cost=4157.60..4162.92 rows=1065 width=121)
	  ->  Sort  (cost=4157.60..4160.26 rows=1065 width=121)
	        Sort Key: c
	        ->  Bitmap Heap Scan on sbtest1  (cost=23.35..4104.05 rows=1065 width=121)
	              Recheck Cond: ((id >= 2636237) AND (id <= 2637236))
	              ->  Bitmap Index Scan on sbtest1_pkey  (cost=0.00..23.08 rows=1065 width=0)
	                    Index Cond: ((id >= 2636237) AND (id <= 2637236))

table 2 : explain SELECT DISTINCT c FROM sbtest2 WHERE id BETWEEN 3054457 AND 3055456 ORDER BY c
	Unique  (cost=4467.81..4473.54 rows=1146 width=121)
	  ->  Sort  (cost=4467.81..4470.68 rows=1146 width=121)
	        Sort Key: c
	        ->  Bitmap Heap Scan on sbtest2  (cost=28.18..4409.58 rows=1146 width=121)
	              Recheck Cond: ((id >= 3054457) AND (id <= 3055456))
	              ->  Bitmap Index Scan on sbtest2_pkey  (cost=0.00..27.89 rows=1146 width=0)
	                    Index Cond: ((id >= 3054457) AND (id <= 3055456))

table 3 : explain SELECT DISTINCT c FROM sbtest3 WHERE id BETWEEN 7714247 AND 7715246 ORDER BY c
	Unique  (cost=3983.37..3988.46 rows=1019 width=121)
	  ->  Sort  (cost=3983.37..3985.91 rows=1019 width=121)
	        Sort Key: c
	        ->  Bitmap Heap Scan on sbtest3  (cost=22.88..3932.45 rows=1019 width=121)
	              Recheck Cond: ((id >= 7714247) AND (id <= 7715246))
	              ->  Bitmap Index Scan on sbtest3_pkey  (cost=0.00..22.62 rows=1019 width=0)
	                    Index Cond: ((id >= 7714247) AND (id <= 7715246))

table 4 : explain SELECT DISTINCT c FROM sbtest4 WHERE id BETWEEN 756334 AND 757333 ORDER BY c
	Unique  (cost=3961.60..3966.66 rows=1013 width=121)
	  ->  Sort  (cost=3961.60..3964.13 rows=1013 width=121)
	        Sort Key: c
	        ->  Bitmap Heap Scan on sbtest4  (cost=22.82..3911.02 rows=1013 width=121)
	              Recheck Cond: ((id >= 756334) AND (id <= 757333))
	              ->  Bitmap Index Scan on sbtest4_pkey  (cost=0.00..22.57 rows=1013 width=0)
	                    Index Cond: ((id >= 756334) AND (id <= 757333))

table 5 : explain SELECT DISTINCT c FROM sbtest5 WHERE id BETWEEN 4951648 AND 4952647 ORDER BY c
	Unique  (cost=3877.48..3882.44 rows=991 width=121)
	  ->  Sort  (cost=3877.48..3879.96 rows=991 width=121)
	        Sort Key: c
	        ->  Bitmap Heap Scan on sbtest5  (cost=22.59..3828.17 rows=991 width=121)
	              Recheck Cond: ((id >= 4951648) AND (id <= 4952647))
	              ->  Bitmap Index Scan on sbtest5_pkey  (cost=0.00..22.34 rows=991 width=0)
	                    Index Cond: ((id >= 4951648) AND (id <= 4952647))

table 6 : explain SELECT DISTINCT c FROM sbtest6 WHERE id BETWEEN 9031221 AND 9032220 ORDER BY c
	Unique  (cost=4324.63..4330.17 rows=1108 width=121)
	  ->  Sort  (cost=4324.63..4327.40 rows=1108 width=121)
	        Sort Key: c
	        ->  Bitmap Heap Scan on sbtest6  (cost=27.79..4268.60 rows=1108 width=121)
	              Recheck Cond: ((id >= 9031221) AND (id <= 9032220))
	              ->  Bitmap Index Scan on sbtest6_pkey  (cost=0.00..27.51 rows=1108 width=0)
	                    Index Cond: ((id >= 9031221) AND (id <= 9032220))

table 7 : explain SELECT DISTINCT c FROM sbtest7 WHERE id BETWEEN 9280940 AND 9281939 ORDER BY c
	Unique  (cost=4073.59..4078.80 rows=1042 width=121)
	  ->  Sort  (cost=4073.59..4076.19 rows=1042 width=121)
	        Sort Key: c
	        ->  Bitmap Heap Scan on sbtest7  (cost=23.12..4021.36 rows=1042 width=121)
	              Recheck Cond: ((id >= 9280940) AND (id <= 9281939))
	              ->  Bitmap Index Scan on sbtest7_pkey  (cost=0.00..22.86 rows=1042 width=0)
	                    Index Cond: ((id >= 9280940) AND (id <= 9281939))

table 8 : explain SELECT DISTINCT c FROM sbtest8 WHERE id BETWEEN 8391625 AND 8392624 ORDER BY c
	Unique  (cost=3732.99..3737.75 rows=953 width=121)
	  ->  Sort  (cost=3732.99..3735.37 rows=953 width=121)
	        Sort Key: c
	        ->  Bitmap Heap Scan on sbtest8  (cost=22.20..3685.83 rows=953 width=121)
	              Recheck Cond: ((id >= 8391625) AND (id <= 8392624))
	              ->  Bitmap Index Scan on sbtest8_pkey  (cost=0.00..21.96 rows=953 width=0)
	                    Index Cond: ((id >= 8391625) AND (id <= 8392624))

explain: for point_selects :: explain SELECT c FROM sbtest%u WHERE id=%u
explain: for point_selects :: explain SELECT c FROM sbtest%u WHERE id=%u
for: order_ranges
table 1 : explain SELECT c FROM sbtest1 WHERE id BETWEEN 7787548 AND 7788547 ORDER BY c
	Sort  (cost=4050.79..4053.38 rows=1037 width=121)
	  Sort Key: c
	  ->  Bitmap Heap Scan on sbtest1  (cost=23.06..3998.84 rows=1037 width=121)
	        Recheck Cond: ((id >= 7787548) AND (id <= 7788547))
	        ->  Bitmap Index Scan on sbtest1_pkey  (cost=0.00..22.80 rows=1037 width=0)
	              Index Cond: ((id >= 7787548) AND (id <= 7788547))

table 2 : explain SELECT c FROM sbtest2 WHERE id BETWEEN 7472258 AND 7473257 ORDER BY c
	Sort  (cost=4048.23..4050.82 rows=1036 width=121)
	  Sort Key: c
	  ->  Bitmap Heap Scan on sbtest2  (cost=23.05..3996.34 rows=1036 width=121)
	        Recheck Cond: ((id >= 7472258) AND (id <= 7473257))
	        ->  Bitmap Index Scan on sbtest2_pkey  (cost=0.00..22.79 rows=1036 width=0)
	              Index Cond: ((id >= 7472258) AND (id <= 7473257))

table 3 : explain SELECT c FROM sbtest3 WHERE id BETWEEN 440816 AND 441815 ORDER BY c
	Sort  (cost=3692.65..3695.01 rows=943 width=121)
	  Sort Key: c
	  ->  Bitmap Heap Scan on sbtest3  (cost=22.10..3646.06 rows=943 width=121)
	        Recheck Cond: ((id >= 440816) AND (id <= 441815))
	        ->  Bitmap Index Scan on sbtest3_pkey  (cost=0.00..21.86 rows=943 width=0)
	              Index Cond: ((id >= 440816) AND (id <= 441815))

table 4 : explain SELECT c FROM sbtest4 WHERE id BETWEEN 6739719 AND 6740718 ORDER BY c
	Sort  (cost=3896.59..3899.08 rows=996 width=121)
	  Sort Key: c
	  ->  Bitmap Heap Scan on sbtest4  (cost=22.64..3846.99 rows=996 width=121)
	        Recheck Cond: ((id >= 6739719) AND (id <= 6740718))
	        ->  Bitmap Index Scan on sbtest4_pkey  (cost=0.00..22.39 rows=996 width=0)
	              Index Cond: ((id >= 6739719) AND (id <= 6740718))

table 5 : explain SELECT c FROM sbtest5 WHERE id BETWEEN 8186000 AND 8186999 ORDER BY c
	Sort  (cost=3996.02..3998.58 rows=1022 width=121)
	  Sort Key: c
	  ->  Bitmap Heap Scan on sbtest5  (cost=22.91..3944.94 rows=1022 width=121)
	        Recheck Cond: ((id >= 8186000) AND (id <= 8186999))
	        ->  Bitmap Index Scan on sbtest5_pkey  (cost=0.00..22.65 rows=1022 width=0)
	              Index Cond: ((id >= 8186000) AND (id <= 8186999))

table 6 : explain SELECT c FROM sbtest6 WHERE id BETWEEN 8611559 AND 8612558 ORDER BY c
	Sort  (cost=4129.80..4132.44 rows=1057 width=121)
	  Sort Key: c
	  ->  Bitmap Heap Scan on sbtest6  (cost=23.27..4076.70 rows=1057 width=121)
	        Recheck Cond: ((id >= 8611559) AND (id <= 8612558))
	        ->  Bitmap Index Scan on sbtest6_pkey  (cost=0.00..23.00 rows=1057 width=0)
	              Index Cond: ((id >= 8611559) AND (id <= 8612558))

table 7 : explain SELECT c FROM sbtest7 WHERE id BETWEEN 9262074 AND 9263073 ORDER BY c
	Sort  (cost=4073.59..4076.19 rows=1042 width=121)
	  Sort Key: c
	  ->  Bitmap Heap Scan on sbtest7  (cost=23.12..4021.36 rows=1042 width=121)
	        Recheck Cond: ((id >= 9262074) AND (id <= 9263073))
	        ->  Bitmap Index Scan on sbtest7_pkey  (cost=0.00..22.86 rows=1042 width=0)
	              Index Cond: ((id >= 9262074) AND (id <= 9263073))

table 8 : explain SELECT c FROM sbtest8 WHERE id BETWEEN 178128 AND 179127 ORDER BY c
	Sort  (cost=3376.07..3378.22 rows=860 width=121)
	  Sort Key: c
	  ->  Bitmap Heap Scan on sbtest8  (cost=21.25..3334.16 rows=860 width=121)
	        Recheck Cond: ((id >= 178128) AND (id <= 179127))
	        ->  Bitmap Index Scan on sbtest8_pkey  (cost=0.00..21.04 rows=860 width=0)
	              Index Cond: ((id >= 178128) AND (id <= 179127))

explain: for point_selects :: explain SELECT c FROM sbtest%u WHERE id=%u
for point_selects
table 1 : explain SELECT c FROM sbtest1 WHERE id=1707097
	Index Scan using sbtest1_pkey on sbtest1  (cost=0.43..8.45 rows=1 width=121)
	  Index Cond: (id = 1707097)

table 2 : explain SELECT c FROM sbtest2 WHERE id=5532783
	Index Scan using sbtest2_pkey on sbtest2  (cost=0.43..8.45 rows=1 width=121)
	  Index Cond: (id = 5532783)

table 3 : explain SELECT c FROM sbtest3 WHERE id=5917666
	Index Scan using sbtest3_pkey on sbtest3  (cost=0.43..8.45 rows=1 width=121)
	  Index Cond: (id = 5917666)

table 4 : explain SELECT c FROM sbtest4 WHERE id=2079019
	Index Scan using sbtest4_pkey on sbtest4  (cost=0.43..8.45 rows=1 width=121)
	  Index Cond: (id = 2079019)

table 5 : explain SELECT c FROM sbtest5 WHERE id=5153059
	Index Scan using sbtest5_pkey on sbtest5  (cost=0.43..8.45 rows=1 width=121)
	  Index Cond: (id = 5153059)

table 6 : explain SELECT c FROM sbtest6 WHERE id=776828
	Index Scan using sbtest6_pkey on sbtest6  (cost=0.43..8.45 rows=1 width=121)
	  Index Cond: (id = 776828)

table 7 : explain SELECT c FROM sbtest7 WHERE id=4705622
	Index Scan using sbtest7_pkey on sbtest7  (cost=0.43..8.45 rows=1 width=121)
	  Index Cond: (id = 4705622)

table 8 : explain SELECT c FROM sbtest8 WHERE id=9076960
	Index Scan using sbtest8_pkey on sbtest8  (cost=0.43..8.45 rows=1 width=121)
	  Index Cond: (id = 9076960)

for: order_ranges
table 1 : explain SELECT c FROM sbtest1 WHERE id BETWEEN 5931462 AND 5932461 ORDER BY c
	Sort  (cost=3768.03..3770.44 rows=963 width=121)
	  Sort Key: c
	  ->  Bitmap Heap Scan on sbtest1  (cost=22.31..3720.31 rows=963 width=121)
	        Recheck Cond: ((id >= 5931462) AND (id <= 5932461))
	        ->  Bitmap Index Scan on sbtest1_pkey  (cost=0.00..22.07 rows=963 width=0)
	              Index Cond: ((id >= 5931462) AND (id <= 5932461))

table 2 : explain SELECT c FROM sbtest2 WHERE id BETWEEN 4173584 AND 4174583 ORDER BY c
	Sort  (cost=4067.32..4069.92 rows=1041 width=121)
	  Sort Key: c
	  ->  Bitmap Heap Scan on sbtest2  (cost=23.11..4015.14 rows=1041 width=121)
	        Recheck Cond: ((id >= 4173584) AND (id <= 4174583))
	        ->  Bitmap Index Scan on sbtest2_pkey  (cost=0.00..22.84 rows=1041 width=0)
	              Index Cond: ((id >= 4173584) AND (id <= 4174583))

table 3 : explain SELECT c FROM sbtest3 WHERE id BETWEEN 9155682 AND 9156681 ORDER BY c
	Sort  (cost=3948.98..3951.50 rows=1010 width=121)
	  Sort Key: c
	  ->  Bitmap Heap Scan on sbtest3  (cost=22.79..3898.58 rows=1010 width=121)
	        Recheck Cond: ((id >= 9155682) AND (id <= 9156681))
	        ->  Bitmap Index Scan on sbtest3_pkey  (cost=0.00..22.54 rows=1010 width=0)
	              Index Cond: ((id >= 9155682) AND (id <= 9156681))

table 4 : explain SELECT c FROM sbtest4 WHERE id BETWEEN 883626 AND 884625 ORDER BY c
	Sort  (cost=4148.78..4151.43 rows=1062 width=121)
	  Sort Key: c
	  ->  Bitmap Heap Scan on sbtest4  (cost=23.32..4095.40 rows=1062 width=121)
	        Recheck Cond: ((id >= 883626) AND (id <= 884625))
	        ->  Bitmap Index Scan on sbtest4_pkey  (cost=0.00..23.05 rows=1062 width=0)
	              Index Cond: ((id >= 883626) AND (id <= 884625))

table 5 : explain SELECT c FROM sbtest5 WHERE id BETWEEN 7923526 AND 7924525 ORDER BY c
	Sort  (cost=3640.05..3642.37 rows=929 width=121)
	  Sort Key: c
	  ->  Bitmap Heap Scan on sbtest5  (cost=21.96..3594.25 rows=929 width=121)
	        Recheck Cond: ((id >= 7923526) AND (id <= 7924525))
	        ->  Bitmap Index Scan on sbtest5_pkey  (cost=0.00..21.72 rows=929 width=0)
	              Index Cond: ((id >= 7923526) AND (id <= 7924525))

table 6 : explain SELECT c FROM sbtest6 WHERE id BETWEEN 1417138 AND 1418137 ORDER BY c
	Sort  (cost=3643.95..3646.27 rows=930 width=121)
	  Sort Key: c
	  ->  Bitmap Heap Scan on sbtest6  (cost=21.97..3598.09 rows=930 width=121)
	        Recheck Cond: ((id >= 1417138) AND (id <= 1418137))
	        ->  Bitmap Index Scan on sbtest6_pkey  (cost=0.00..21.73 rows=930 width=0)
	              Index Cond: ((id >= 1417138) AND (id <= 1418137))

table 7 : explain SELECT c FROM sbtest7 WHERE id BETWEEN 3460667 AND 3461666 ORDER BY c
	Sort  (cost=3748.35..3750.74 rows=957 width=121)
	  Sort Key: c
	  ->  Bitmap Heap Scan on sbtest7  (cost=22.24..3700.97 rows=957 width=121)
	        Recheck Cond: ((id >= 3460667) AND (id <= 3461666))
	        ->  Bitmap Index Scan on sbtest7_pkey  (cost=0.00..22.00 rows=957 width=0)
	              Index Cond: ((id >= 3460667) AND (id <= 3461666))

table 8 : explain SELECT c FROM sbtest8 WHERE id BETWEEN 8493637 AND 8494636 ORDER BY c
	Sort  (cost=3671.66..3674.00 rows=937 width=121)
	  Sort Key: c
	  ->  Bitmap Heap Scan on sbtest8  (cost=22.04..3625.41 rows=937 width=121)
	        Recheck Cond: ((id >= 8493637) AND (id <= 8494636))
	        ->  Bitmap Index Scan on sbtest8_pkey  (cost=0.00..21.80 rows=937 width=0)
	              Index Cond: ((id >= 8493637) AND (id <= 8494636))

for point_selects
table 1 : explain SELECT c FROM sbtest1 WHERE id=9190906
	Index Scan using sbtest1_pkey on sbtest1  (cost=0.43..8.45 rows=1 width=121)
	  Index Cond: (id = 9190906)

table 2 : explain SELECT c FROM sbtest2 WHERE id=501065
	Index Scan using sbtest2_pkey on sbtest2  (cost=0.43..8.45 rows=1 width=121)
	  Index Cond: (id = 501065)

table 3 : explain SELECT c FROM sbtest3 WHERE id=9985867
	Index Scan using sbtest3_pkey on sbtest3  (cost=0.43..8.45 rows=1 width=121)
	  Index Cond: (id = 9985867)

table 4 : explain SELECT c FROM sbtest4 WHERE id=8776941
	Index Scan using sbtest4_pkey on sbtest4  (cost=0.43..8.45 rows=1 width=121)
	  Index Cond: (id = 8776941)

table 5 : explain SELECT c FROM sbtest5 WHERE id=7706225
	Index Scan using sbtest5_pkey on sbtest5  (cost=0.43..8.45 rows=1 width=121)
	  Index Cond: (id = 7706225)

table 6 : explain SELECT c FROM sbtest6 WHERE id=3654402
	Index Scan using sbtest6_pkey on sbtest6  (cost=0.43..8.45 rows=1 width=121)
	  Index Cond: (id = 3654402)

table 7 : explain SELECT c FROM sbtest7 WHERE id=4737078
	Index Scan using sbtest7_pkey on sbtest7  (cost=0.43..8.45 rows=1 width=121)
	  Index Cond: (id = 4737078)

table 8 : explain SELECT c FROM sbtest8 WHERE id=9821430
	Index Scan using sbtest8_pkey on sbtest8  (cost=0.43..8.45 rows=1 width=121)
	  Index Cond: (id = 9821430)

for: sum_ranges
table 1 : explain SELECT SUM(k) FROM sbtest1 WHERE id BETWEEN 7523898 AND 7524897
	Aggregate  (cost=3688.77..3688.78 rows=1 width=8)
	  ->  Bitmap Heap Scan on sbtest1  (cost=22.21..3686.38 rows=954 width=4)
	        Recheck Cond: ((id >= 7523898) AND (id <= 7524897))
	        ->  Bitmap Index Scan on sbtest1_pkey  (cost=0.00..21.97 rows=954 width=0)
	              Index Cond: ((id >= 7523898) AND (id <= 7524897))

table 2 : explain SELECT SUM(k) FROM sbtest2 WHERE id BETWEEN 3379964 AND 3380963
	Aggregate  (cost=3972.58..3972.59 rows=1 width=8)
	  ->  Bitmap Heap Scan on sbtest2  (cost=22.98..3970.01 rows=1029 width=4)
	        Recheck Cond: ((id >= 3379964) AND (id <= 3380963))
	        ->  Bitmap Index Scan on sbtest2_pkey  (cost=0.00..22.72 rows=1029 width=0)
	              Index Cond: ((id >= 3379964) AND (id <= 3380963))

table 3 : explain SELECT SUM(k) FROM sbtest3 WHERE id BETWEEN 2578751 AND 2579750
	Aggregate  (cost=4145.69..4145.70 rows=1 width=8)
	  ->  Bitmap Heap Scan on sbtest3  (cost=23.45..4143.00 rows=1075 width=4)
	        Recheck Cond: ((id >= 2578751) AND (id <= 2579750))
	        ->  Bitmap Index Scan on sbtest3_pkey  (cost=0.00..23.18 rows=1075 width=0)
	              Index Cond: ((id >= 2578751) AND (id <= 2579750))

table 4 : explain SELECT SUM(k) FROM sbtest4 WHERE id BETWEEN 1445694 AND 1446693
	Aggregate  (cost=3641.90..3641.91 rows=1 width=8)
	  ->  Bitmap Heap Scan on sbtest4  (cost=22.08..3639.55 rows=941 width=4)
	        Recheck Cond: ((id >= 1445694) AND (id <= 1446693))
	        ->  Bitmap Index Scan on sbtest4_pkey  (cost=0.00..21.84 rows=941 width=0)
	              Index Cond: ((id >= 1445694) AND (id <= 1446693))

table 5 : explain SELECT SUM(k) FROM sbtest5 WHERE id BETWEEN 4613247 AND 4614246
	Aggregate  (cost=3966.33..3966.34 rows=1 width=8)
	  ->  Bitmap Heap Scan on sbtest5  (cost=22.96..3963.76 rows=1027 width=4)
	        Recheck Cond: ((id >= 4613247) AND (id <= 4614246))
	        ->  Bitmap Index Scan on sbtest5_pkey  (cost=0.00..22.70 rows=1027 width=0)
	              Index Cond: ((id >= 4613247) AND (id <= 4614246))

table 6 : explain SELECT SUM(k) FROM sbtest6 WHERE id BETWEEN 5266408 AND 5267407
	Aggregate  (cost=3664.65..3664.66 rows=1 width=8)
	  ->  Bitmap Heap Scan on sbtest6  (cost=22.14..3662.28 rows=947 width=4)
	        Recheck Cond: ((id >= 5266408) AND (id <= 5267407))
	        ->  Bitmap Index Scan on sbtest6_pkey  (cost=0.00..21.90 rows=947 width=0)
	              Index Cond: ((id >= 5266408) AND (id <= 5267407))

table 7 : explain SELECT SUM(k) FROM sbtest7 WHERE id BETWEEN 3441048 AND 3442047
	Aggregate  (cost=3703.36..3703.37 rows=1 width=8)
	  ->  Bitmap Heap Scan on sbtest7  (cost=22.24..3700.97 rows=957 width=4)
	        Recheck Cond: ((id >= 3441048) AND (id <= 3442047))
	        ->  Bitmap Index Scan on sbtest7_pkey  (cost=0.00..22.00 rows=957 width=0)
	              Index Cond: ((id >= 3441048) AND (id <= 3442047))

table 8 : explain SELECT SUM(k) FROM sbtest8 WHERE id BETWEEN 5754716 AND 5755715
	Aggregate  (cost=4140.86..4140.87 rows=1 width=8)
	  ->  Bitmap Heap Scan on sbtest8  (cost=27.42..4138.18 rows=1072 width=4)
	        Recheck Cond: ((id >= 5754716) AND (id <= 5755715))
	        ->  Bitmap Index Scan on sbtest8_pkey  (cost=0.00..27.15 rows=1072 width=0)
	              Index Cond: ((id >= 5754716) AND (id <= 5755715))

for: simple_ranges
table 1 : explain SELECT c FROM sbtest1 WHERE id BETWEEN 8855927 AND 8856926
	Bitmap Heap Scan on sbtest1  (cost=22.21..3686.38 rows=954 width=121)
	  Recheck Cond: ((id >= 8855927) AND (id <= 8856926))
	  ->  Bitmap Index Scan on sbtest1_pkey  (cost=0.00..21.97 rows=954 width=0)
	        Index Cond: ((id >= 8855927) AND (id <= 8856926))

table 2 : explain SELECT c FROM sbtest2 WHERE id BETWEEN 1593592 AND 1594591
	Bitmap Heap Scan on sbtest2  (cost=22.72..3872.15 rows=1003 width=121)
	  Recheck Cond: ((id >= 1593592) AND (id <= 1594591))
	  ->  Bitmap Index Scan on sbtest2_pkey  (cost=0.00..22.46 rows=1003 width=0)
	        Index Cond: ((id >= 1593592) AND (id <= 1594591))

table 3 : explain SELECT c FROM sbtest3 WHERE id BETWEEN 4041456 AND 4042455
	Bitmap Heap Scan on sbtest3  (cost=22.19..3680.01 rows=952 width=121)
	  Recheck Cond: ((id >= 4041456) AND (id <= 4042455))
	  ->  Bitmap Index Scan on sbtest3_pkey  (cost=0.00..21.95 rows=952 width=0)
	        Index Cond: ((id >= 4041456) AND (id <= 4042455))

table 4 : explain SELECT c FROM sbtest4 WHERE id BETWEEN 708812 AND 709811
	Bitmap Heap Scan on sbtest4  (cost=22.82..3911.02 rows=1013 width=121)
	  Recheck Cond: ((id >= 708812) AND (id <= 709811))
	  ->  Bitmap Index Scan on sbtest4_pkey  (cost=0.00..22.57 rows=1013 width=0)
	        Index Cond: ((id >= 708812) AND (id <= 709811))

table 5 : explain SELECT c FROM sbtest5 WHERE id BETWEEN 3489829 AND 3490828
	Bitmap Heap Scan on sbtest5  (cost=21.79..3533.81 rows=913 width=121)
	  Recheck Cond: ((id >= 3489829) AND (id <= 3490828))
	  ->  Bitmap Index Scan on sbtest5_pkey  (cost=0.00..21.57 rows=913 width=0)
	        Index Cond: ((id >= 3489829) AND (id <= 3490828))

table 6 : explain SELECT c FROM sbtest6 WHERE id BETWEEN 8714293 AND 8715292
	Bitmap Heap Scan on sbtest6  (cost=22.72..3873.46 rows=1003 width=121)
	  Recheck Cond: ((id >= 8714293) AND (id <= 8715292))
	  ->  Bitmap Index Scan on sbtest6_pkey  (cost=0.00..22.46 rows=1003 width=0)
	        Index Cond: ((id >= 8714293) AND (id <= 8715292))

table 7 : explain SELECT c FROM sbtest7 WHERE id BETWEEN 8181803 AND 8182802
	Bitmap Heap Scan on sbtest7  (cost=21.61..3466.67 rows=895 width=121)
	  Recheck Cond: ((id >= 8181803) AND (id <= 8182802))
	  ->  Bitmap Index Scan on sbtest7_pkey  (cost=0.00..21.39 rows=895 width=0)
	        Index Cond: ((id >= 8181803) AND (id <= 8182802))

table 8 : explain SELECT c FROM sbtest8 WHERE id BETWEEN 1161387 AND 1162386
	Bitmap Heap Scan on sbtest8  (cost=22.96..3964.85 rows=1027 width=121)
	  Recheck Cond: ((id >= 1161387) AND (id <= 1162386))
	  ->  Bitmap Index Scan on sbtest8_pkey  (cost=0.00..22.70 rows=1027 width=0)
	        Index Cond: ((id >= 1161387) AND (id <= 1162386))

for: distinct_ranges
table 1 : explain SELECT DISTINCT c FROM sbtest1 WHERE id BETWEEN 4667176 AND 4668175 ORDER BY c
	Unique  (cost=3821.58..3826.46 rows=977 width=121)
	  ->  Sort  (cost=3821.58..3824.02 rows=977 width=121)
	        Sort Key: c
	        ->  Bitmap Heap Scan on sbtest1  (cost=22.45..3773.06 rows=977 width=121)
	              Recheck Cond: ((id >= 4667176) AND (id <= 4668175))
	              ->  Bitmap Index Scan on sbtest1_pkey  (cost=0.00..22.20 rows=977 width=0)
	                    Index Cond: ((id >= 4667176) AND (id <= 4668175))

table 2 : explain SELECT DISTINCT c FROM sbtest2 WHERE id BETWEEN 9182336 AND 9183335 ORDER BY c
	Unique  (cost=3841.85..3846.76 rows=982 width=121)
	  ->  Sort  (cost=3841.85..3844.31 rows=982 width=121)
	        Sort Key: c
	        ->  Bitmap Heap Scan on sbtest2  (cost=22.50..3793.05 rows=982 width=121)
	              Recheck Cond: ((id >= 9182336) AND (id <= 9183335))
	              ->  Bitmap Index Scan on sbtest2_pkey  (cost=0.00..22.25 rows=982 width=0)
	                    Index Cond: ((id >= 9182336) AND (id <= 9183335))

table 3 : explain SELECT DISTINCT c FROM sbtest3 WHERE id BETWEEN 1764859 AND 1765858 ORDER BY c
	Unique  (cost=3941.33..3946.37 rows=1008 width=121)
	  ->  Sort  (cost=3941.33..3943.85 rows=1008 width=121)
	        Sort Key: c
	        ->  Bitmap Heap Scan on sbtest3  (cost=22.77..3891.05 rows=1008 width=121)
	              Recheck Cond: ((id >= 1764859) AND (id <= 1765858))
	              ->  Bitmap Index Scan on sbtest3_pkey  (cost=0.00..22.51 rows=1008 width=0)
	                    Index Cond: ((id >= 1764859) AND (id <= 1765858))

table 4 : explain SELECT DISTINCT c FROM sbtest4 WHERE id BETWEEN 7337985 AND 7338984 ORDER BY c
	Unique  (cost=3869.81..3874.75 rows=989 width=121)
	  ->  Sort  (cost=3869.81..3872.28 rows=989 width=121)
	        Sort Key: c
	        ->  Bitmap Heap Scan on sbtest4  (cost=22.57..3820.61 rows=989 width=121)
	              Recheck Cond: ((id >= 7337985) AND (id <= 7338984))
	              ->  Bitmap Index Scan on sbtest4_pkey  (cost=0.00..22.32 rows=989 width=0)
	                    Index Cond: ((id >= 7337985) AND (id <= 7338984))

table 5 : explain SELECT DISTINCT c FROM sbtest5 WHERE id BETWEEN 5783069 AND 5784068 ORDER BY c
	Unique  (cost=4099.17..4104.42 rows=1049 width=121)
	  ->  Sort  (cost=4099.17..4101.80 rows=1049 width=121)
	        Sort Key: c
	        ->  Bitmap Heap Scan on sbtest5  (cost=23.19..4046.54 rows=1049 width=121)
	              Recheck Cond: ((id >= 5783069) AND (id <= 5784068))
	              ->  Bitmap Index Scan on sbtest5_pkey  (cost=0.00..22.93 rows=1049 width=0)
	                    Index Cond: ((id >= 5783069) AND (id <= 5784068))

table 6 : explain SELECT DISTINCT c FROM sbtest6 WHERE id BETWEEN 4861692 AND 4862691 ORDER BY c
	Unique  (cost=3628.61..3633.24 rows=926 width=121)
	  ->  Sort  (cost=3628.61..3630.93 rows=926 width=121)
	        Sort Key: c
	        ->  Bitmap Heap Scan on sbtest6  (cost=21.93..3582.99 rows=926 width=121)
	              Recheck Cond: ((id >= 4861692) AND (id <= 4862691))
	              ->  Bitmap Index Scan on sbtest6_pkey  (cost=0.00..21.69 rows=926 width=0)
	                    Index Cond: ((id >= 4861692) AND (id <= 4862691))

table 7 : explain SELECT DISTINCT c FROM sbtest7 WHERE id BETWEEN 1318464 AND 1319463 ORDER BY c
	Unique  (cost=4272.32..4277.78 rows=1093 width=121)
	  ->  Sort  (cost=4272.32..4275.05 rows=1093 width=121)
	        Sort Key: c
	        ->  Bitmap Heap Scan on sbtest7  (cost=27.64..4217.15 rows=1093 width=121)
	              Recheck Cond: ((id >= 1318464) AND (id <= 1319463))
	              ->  Bitmap Index Scan on sbtest7_pkey  (cost=0.00..27.36 rows=1093 width=0)
	                    Index Cond: ((id >= 1318464) AND (id <= 1319463))

table 8 : explain SELECT DISTINCT c FROM sbtest8 WHERE id BETWEEN 6675130 AND 6676129 ORDER BY c
	Unique  (cost=4405.82..4411.46 rows=1129 width=121)
	  ->  Sort  (cost=4405.82..4408.64 rows=1129 width=121)
	        Sort Key: c
	        ->  Bitmap Heap Scan on sbtest8  (cost=28.01..4348.57 rows=1129 width=121)
	              Recheck Cond: ((id >= 6675130) AND (id <= 6676129))
	              ->  Bitmap Index Scan on sbtest8_pkey  (cost=0.00..27.72 rows=1129 width=0)
	                    Index Cond: ((id >= 6675130) AND (id <= 6676129))

for: distinct_ranges
table 1 : explain SELECT DISTINCT c FROM sbtest1 WHERE id BETWEEN 2710885 AND 2711884 ORDER BY c
	Unique  (cost=3829.22..3834.12 rows=979 width=121)
	  ->  Sort  (cost=3829.22..3831.67 rows=979 width=121)
	        Sort Key: c
	        ->  Bitmap Heap Scan on sbtest1  (cost=22.47..3780.59 rows=979 width=121)
	              Recheck Cond: ((id >= 2710885) AND (id <= 2711884))
	              ->  Bitmap Index Scan on sbtest1_pkey  (cost=0.00..22.22 rows=979 width=0)
	                    Index Cond: ((id >= 2710885) AND (id <= 2711884))

table 2 : explain SELECT DISTINCT c FROM sbtest2 WHERE id BETWEEN 2703493 AND 2704492 ORDER BY c
	Unique  (cost=3887.75..3892.72 rows=994 width=121)
	  ->  Sort  (cost=3887.75..3890.23 rows=994 width=121)
	        Sort Key: c
	        ->  Bitmap Heap Scan on sbtest2  (cost=22.62..3838.26 rows=994 width=121)
	              Recheck Cond: ((id >= 2703493) AND (id <= 2704492))
	              ->  Bitmap Index Scan on sbtest2_pkey  (cost=0.00..22.37 rows=994 width=0)
	                    Index Cond: ((id >= 2703493) AND (id <= 2704492))

table 3 : explain SELECT DISTINCT c FROM sbtest3 WHERE id BETWEEN 4819668 AND 4820667 ORDER BY c
	Unique  (cost=3799.84..3804.69 rows=971 width=121)
	  ->  Sort  (cost=3799.84..3802.27 rows=971 width=121)
	        Sort Key: c
	        ->  Bitmap Heap Scan on sbtest3  (cost=22.39..3751.66 rows=971 width=121)
	              Recheck Cond: ((id >= 4819668) AND (id <= 4820667))
	              ->  Bitmap Index Scan on sbtest3_pkey  (cost=0.00..22.14 rows=971 width=0)
	                    Index Cond: ((id >= 4819668) AND (id <= 4820667))

table 4 : explain SELECT DISTINCT c FROM sbtest4 WHERE id BETWEEN 3949872 AND 3950871 ORDER BY c
	Unique  (cost=3751.15..3755.94 rows=958 width=121)
	  ->  Sort  (cost=3751.15..3753.54 rows=958 width=121)
	        Sort Key: c
	        ->  Bitmap Heap Scan on sbtest4  (cost=22.25..3703.71 rows=958 width=121)
	              Recheck Cond: ((id >= 3949872) AND (id <= 3950871))
	              ->  Bitmap Index Scan on sbtest4_pkey  (cost=0.00..22.01 rows=958 width=0)
	                    Index Cond: ((id >= 3949872) AND (id <= 3950871))

table 5 : explain SELECT DISTINCT c FROM sbtest5 WHERE id BETWEEN 5118837 AND 5119836 ORDER BY c
	Unique  (cost=4114.45..4119.71 rows=1053 width=121)
	  ->  Sort  (cost=4114.45..4117.08 rows=1053 width=121)
	        Sort Key: c
	        ->  Bitmap Heap Scan on sbtest5  (cost=23.23..4061.58 rows=1053 width=121)
	              Recheck Cond: ((id >= 5118837) AND (id <= 5119836))
	              ->  Bitmap Index Scan on sbtest5_pkey  (cost=0.00..22.96 rows=1053 width=0)
	                    Index Cond: ((id >= 5118837) AND (id <= 5119836))

table 6 : explain SELECT DISTINCT c FROM sbtest6 WHERE id BETWEEN 9050132 AND 9051131 ORDER BY c
	Unique  (cost=4324.63..4330.17 rows=1108 width=121)
	  ->  Sort  (cost=4324.63..4327.40 rows=1108 width=121)
	        Sort Key: c
	        ->  Bitmap Heap Scan on sbtest6  (cost=27.79..4268.60 rows=1108 width=121)
	              Recheck Cond: ((id >= 9050132) AND (id <= 9051131))
	              ->  Bitmap Index Scan on sbtest6_pkey  (cost=0.00..27.51 rows=1108 width=0)
	                    Index Cond: ((id >= 9050132) AND (id <= 9051131))

table 7 : explain SELECT DISTINCT c FROM sbtest7 WHERE id BETWEEN 2846849 AND 2847848 ORDER BY c
	Unique  (cost=4111.79..4117.05 rows=1052 width=121)
	  ->  Sort  (cost=4111.79..4114.42 rows=1052 width=121)
	        Sort Key: c
	        ->  Bitmap Heap Scan on sbtest7  (cost=23.22..4058.99 rows=1052 width=121)
	              Recheck Cond: ((id >= 2846849) AND (id <= 2847848))
	              ->  Bitmap Index Scan on sbtest7_pkey  (cost=0.00..22.95 rows=1052 width=0)
	                    Index Cond: ((id >= 2846849) AND (id <= 2847848))

table 8 : explain SELECT DISTINCT c FROM sbtest8 WHERE id BETWEEN 8063708 AND 8064707 ORDER BY c
	Unique  (cost=3855.55..3860.47 rows=985 width=121)
	  ->  Sort  (cost=3855.55..3858.01 rows=985 width=121)
	        Sort Key: c
	        ->  Bitmap Heap Scan on sbtest8  (cost=22.53..3806.57 rows=985 width=121)
	              Recheck Cond: ((id >= 8063708) AND (id <= 8064707))
	              ->  Bitmap Index Scan on sbtest8_pkey  (cost=0.00..22.29 rows=985 width=0)
	                    Index Cond: ((id >= 8063708) AND (id <= 8064707))

for point_selects
table 1 : explain SELECT c FROM sbtest1 WHERE id=472986
	Index Scan using sbtest1_pkey on sbtest1  (cost=0.43..8.45 rows=1 width=121)
	  Index Cond: (id = 472986)

table 2 : explain SELECT c FROM sbtest2 WHERE id=1719828
	Index Scan using sbtest2_pkey on sbtest2  (cost=0.43..8.45 rows=1 width=121)
	  Index Cond: (id = 1719828)

table 3 : explain SELECT c FROM sbtest3 WHERE id=6882737
	Index Scan using sbtest3_pkey on sbtest3  (cost=0.43..8.45 rows=1 width=121)
	  Index Cond: (id = 6882737)

table 4 : explain SELECT c FROM sbtest4 WHERE id=6903170
	Index Scan using sbtest4_pkey on sbtest4  (cost=0.43..8.45 rows=1 width=121)
	  Index Cond: (id = 6903170)

table 5 : explain SELECT c FROM sbtest5 WHERE id=8970269
	Index Scan using sbtest5_pkey on sbtest5  (cost=0.43..8.45 rows=1 width=121)
	  Index Cond: (id = 8970269)

table 6 : explain SELECT c FROM sbtest6 WHERE id=400244
	Index Scan using sbtest6_pkey on sbtest6  (cost=0.43..8.45 rows=1 width=121)
	  Index Cond: (id = 400244)

table 7 : explain SELECT c FROM sbtest7 WHERE id=2886581
	Index Scan using sbtest7_pkey on sbtest7  (cost=0.43..8.45 rows=1 width=121)
	  Index Cond: (id = 2886581)

table 8 : explain SELECT c FROM sbtest8 WHERE id=9056883
	Index Scan using sbtest8_pkey on sbtest8  (cost=0.43..8.45 rows=1 width=121)
	  Index Cond: (id = 9056883)

for: simple_ranges
table 1 : explain SELECT c FROM sbtest1 WHERE id BETWEEN 3037042 AND 3038041
	Bitmap Heap Scan on sbtest1  (cost=22.79..3897.30 rows=1010 width=121)
	  Recheck Cond: ((id >= 3037042) AND (id <= 3038041))
	  ->  Bitmap Index Scan on sbtest1_pkey  (cost=0.00..22.54 rows=1010 width=0)
	        Index Cond: ((id >= 3037042) AND (id <= 3038041))

table 2 : explain SELECT c FROM sbtest2 WHERE id BETWEEN 7057479 AND 7058478
	Bitmap Heap Scan on sbtest2  (cost=21.43..3400.45 rows=878 width=121)
	  Recheck Cond: ((id >= 7057479) AND (id <= 7058478))
	  ->  Bitmap Index Scan on sbtest2_pkey  (cost=0.00..21.21 rows=878 width=0)
	        Index Cond: ((id >= 7057479) AND (id <= 7058478))

table 3 : explain SELECT c FROM sbtest3 WHERE id BETWEEN 3823718 AND 3824717
	Bitmap Heap Scan on sbtest3  (cost=23.23..4060.33 rows=1053 width=121)
	  Recheck Cond: ((id >= 3823718) AND (id <= 3824717))
	  ->  Bitmap Index Scan on sbtest3_pkey  (cost=0.00..22.96 rows=1053 width=0)
	        Index Cond: ((id >= 3823718) AND (id <= 3824717))

table 4 : explain SELECT c FROM sbtest4 WHERE id BETWEEN 4680858 AND 4681857
	Bitmap Heap Scan on sbtest4  (cost=22.57..3820.61 rows=989 width=121)
	  Recheck Cond: ((id >= 4680858) AND (id <= 4681857))
	  ->  Bitmap Index Scan on sbtest4_pkey  (cost=0.00..22.32 rows=989 width=0)
	        Index Cond: ((id >= 4680858) AND (id <= 4681857))

table 5 : explain SELECT c FROM sbtest5 WHERE id BETWEEN 8706125 AND 8707124
	Bitmap Heap Scan on sbtest5  (cost=22.45..3775.39 rows=977 width=121)
	  Recheck Cond: ((id >= 8706125) AND (id <= 8707124))
	  ->  Bitmap Index Scan on sbtest5_pkey  (cost=0.00..22.20 rows=977 width=0)
	        Index Cond: ((id >= 8706125) AND (id <= 8707124))

table 6 : explain SELECT c FROM sbtest6 WHERE id BETWEEN 8790761 AND 8791760
	Bitmap Heap Scan on sbtest6  (cost=23.08..4009.00 rows=1039 width=121)
	  Recheck Cond: ((id >= 8790761) AND (id <= 8791760))
	  ->  Bitmap Index Scan on sbtest6_pkey  (cost=0.00..22.82 rows=1039 width=0)
	        Index Cond: ((id >= 8790761) AND (id <= 8791760))

table 7 : explain SELECT c FROM sbtest7 WHERE id BETWEEN 9326703 AND 9327702
	Bitmap Heap Scan on sbtest7  (cost=22.06..3633.00 rows=939 width=121)
	  Recheck Cond: ((id >= 9326703) AND (id <= 9327702))
	  ->  Bitmap Index Scan on sbtest7_pkey  (cost=0.00..21.82 rows=939 width=0)
	        Index Cond: ((id >= 9326703) AND (id <= 9327702))

table 8 : explain SELECT c FROM sbtest8 WHERE id BETWEEN 2928019 AND 2929018
	Bitmap Heap Scan on sbtest8  (cost=22.79..3900.81 rows=1010 width=121)
	  Recheck Cond: ((id >= 2928019) AND (id <= 2929018))
	  ->  Bitmap Index Scan on sbtest8_pkey  (cost=0.00..22.54 rows=1010 width=0)
	        Index Cond: ((id >= 2928019) AND (id <= 2929018))

for point_selects
table 1 : explain SELECT c FROM sbtest1 WHERE id=7042859
	Index Scan using sbtest1_pkey on sbtest1  (cost=0.43..8.45 rows=1 width=121)
	  Index Cond: (id = 7042859)

table 2 : explain SELECT c FROM sbtest2 WHERE id=808152
	Index Scan using sbtest2_pkey on sbtest2  (cost=0.43..8.45 rows=1 width=121)
	  Index Cond: (id = 808152)

table 3 : explain SELECT c FROM sbtest3 WHERE id=1461273
	Index Scan using sbtest3_pkey on sbtest3  (cost=0.43..8.45 rows=1 width=121)
	  Index Cond: (id = 1461273)

table 4 : explain SELECT c FROM sbtest4 WHERE id=6116014
	Index Scan using sbtest4_pkey on sbtest4  (cost=0.43..8.45 rows=1 width=121)
	  Index Cond: (id = 6116014)

table 5 : explain SELECT c FROM sbtest5 WHERE id=5447256
	Index Scan using sbtest5_pkey on sbtest5  (cost=0.43..8.45 rows=1 width=121)
	  Index Cond: (id = 5447256)

table 6 : explain SELECT c FROM sbtest6 WHERE id=2370471
	Index Scan using sbtest6_pkey on sbtest6  (cost=0.43..8.45 rows=1 width=121)
	  Index Cond: (id = 2370471)

table 7 : explain SELECT c FROM sbtest7 WHERE id=1399896
	Index Scan using sbtest7_pkey on sbtest7  (cost=0.43..8.45 rows=1 width=121)
	  Index Cond: (id = 1399896)

table 8 : explain SELECT c FROM sbtest8 WHERE id=6385303
	Index Scan using sbtest8_pkey on sbtest8  (cost=0.43..8.45 rows=1 width=121)
	  Index Cond: (id = 6385303)

for: sum_ranges
table 1 : explain SELECT SUM(k) FROM sbtest1 WHERE id BETWEEN 36849 AND 37848
	Aggregate  (cost=3730.26..3730.27 rows=1 width=8)
	  ->  Bitmap Heap Scan on sbtest1  (cost=22.33..3727.84 rows=965 width=4)
	        Recheck Cond: ((id >= 36849) AND (id <= 37848))
	        ->  Bitmap Index Scan on sbtest1_pkey  (cost=0.00..22.08 rows=965 width=0)
	              Index Cond: ((id >= 36849) AND (id <= 37848))

table 2 : explain SELECT SUM(k) FROM sbtest2 WHERE id BETWEEN 7289682 AND 7290681
	Aggregate  (cost=4085.46..4085.47 rows=1 width=8)
	  ->  Bitmap Heap Scan on sbtest2  (cost=23.29..4082.81 rows=1059 width=4)
	        Recheck Cond: ((id >= 7289682) AND (id <= 7290681))
	        ->  Bitmap Index Scan on sbtest2_pkey  (cost=0.00..23.02 rows=1059 width=0)
	              Index Cond: ((id >= 7289682) AND (id <= 7290681))

table 3 : explain SELECT SUM(k) FROM sbtest3 WHERE id BETWEEN 5293201 AND 5294200
	Aggregate  (cost=3444.32..3444.33 rows=1 width=8)
	  ->  Bitmap Heap Scan on sbtest3  (cost=21.55..3442.10 rows=889 width=4)
	        Recheck Cond: ((id >= 5293201) AND (id <= 5294200))
	        ->  Bitmap Index Scan on sbtest3_pkey  (cost=0.00..21.32 rows=889 width=0)
	              Index Cond: ((id >= 5293201) AND (id <= 5294200))

table 4 : explain SELECT SUM(k) FROM sbtest4 WHERE id BETWEEN 3105533 AND 3106532
	Aggregate  (cost=3924.86..3924.87 rows=1 width=8)
	  ->  Bitmap Heap Scan on sbtest4  (cost=22.85..3922.32 rows=1016 width=4)
	        Recheck Cond: ((id >= 3105533) AND (id <= 3106532))
	        ->  Bitmap Index Scan on sbtest4_pkey  (cost=0.00..22.59 rows=1016 width=0)
	              Index Cond: ((id >= 3105533) AND (id <= 3106532))

table 5 : explain SELECT SUM(k) FROM sbtest5 WHERE id BETWEEN 7318619 AND 7319618
	Aggregate  (cost=4162.02..4162.03 rows=1 width=8)
	  ->  Bitmap Heap Scan on sbtest5  (cost=23.49..4159.32 rows=1079 width=4)
	        Recheck Cond: ((id >= 7318619) AND (id <= 7319618))
	        ->  Bitmap Index Scan on sbtest5_pkey  (cost=0.00..23.22 rows=1079 width=0)
	              Index Cond: ((id >= 7318619) AND (id <= 7319618))

table 6 : explain SELECT SUM(k) FROM sbtest6 WHERE id BETWEEN 9505815 AND 9506814
	Aggregate  (cost=3796.77..3796.78 rows=1 width=8)
	  ->  Bitmap Heap Scan on sbtest6  (cost=22.50..3794.31 rows=982 width=4)
	        Recheck Cond: ((id >= 9505815) AND (id <= 9506814))
	        ->  Bitmap Index Scan on sbtest6_pkey  (cost=0.00..22.25 rows=982 width=0)
	              Index Cond: ((id >= 9505815) AND (id <= 9506814))

table 7 : explain SELECT SUM(k) FROM sbtest7 WHERE id BETWEEN 7869155 AND 7870154
	Aggregate  (cost=3680.69..3680.70 rows=1 width=8)
	  ->  Bitmap Heap Scan on sbtest7  (cost=22.18..3678.31 rows=951 width=4)
	        Recheck Cond: ((id >= 7869155) AND (id <= 7870154))
	        ->  Bitmap Index Scan on sbtest7_pkey  (cost=0.00..21.94 rows=951 width=0)
	              Index Cond: ((id >= 7869155) AND (id <= 7870154))

table 8 : explain SELECT SUM(k) FROM sbtest8 WHERE id BETWEEN 9236572 AND 9237571
	Aggregate  (cost=4174.71..4174.72 rows=1 width=8)
	  ->  Bitmap Heap Scan on sbtest8  (cost=27.52..4172.01 rows=1081 width=4)
	        Recheck Cond: ((id >= 9236572) AND (id <= 9237571))
	        ->  Bitmap Index Scan on sbtest8_pkey  (cost=0.00..27.25 rows=1081 width=0)
	              Index Cond: ((id >= 9236572) AND (id <= 9237571))

explain: for point_selects :: explain SELECT c FROM sbtest%u WHERE id=%u
explain: for point_selects :: explain SELECT c FROM sbtest%u WHERE id=%u
for: simple_ranges
table 1 : explain SELECT c FROM sbtest1 WHERE id BETWEEN 6324438 AND 6325437
	Bitmap Heap Scan on sbtest1  (cost=22.18..3675.07 rows=951 width=121)
	  Recheck Cond: ((id >= 6324438) AND (id <= 6325437))
	  ->  Bitmap Index Scan on sbtest1_pkey  (cost=0.00..21.94 rows=951 width=0)
	        Index Cond: ((id >= 6324438) AND (id <= 6325437))

table 2 : explain SELECT c FROM sbtest2 WHERE id BETWEEN 6171165 AND 6172164
	Bitmap Heap Scan on sbtest2  (cost=23.00..3977.53 rows=1031 width=121)
	  Recheck Cond: ((id >= 6171165) AND (id <= 6172164))
	  ->  Bitmap Index Scan on sbtest2_pkey  (cost=0.00..22.75 rows=1031 width=0)
	        Index Cond: ((id >= 6171165) AND (id <= 6172164))

table 3 : explain SELECT c FROM sbtest3 WHERE id BETWEEN 4235378 AND 4236377
	Bitmap Heap Scan on sbtest3  (cost=22.90..3939.98 rows=1021 width=121)
	  Recheck Cond: ((id >= 4235378) AND (id <= 4236377))
	  ->  Bitmap Index Scan on sbtest3_pkey  (cost=0.00..22.64 rows=1021 width=0)
	        Index Cond: ((id >= 4235378) AND (id <= 4236377))

table 4 : explain SELECT c FROM sbtest4 WHERE id BETWEEN 4806501 AND 4807500
	Bitmap Heap Scan on sbtest4  (cost=27.87..4298.51 rows=1116 width=121)
	  Recheck Cond: ((id >= 4806501) AND (id <= 4807500))
	  ->  Bitmap Index Scan on sbtest4_pkey  (cost=0.00..27.59 rows=1116 width=0)
	        Index Cond: ((id >= 4806501) AND (id <= 4807500))

table 5 : explain SELECT c FROM sbtest5 WHERE id BETWEEN 8981772 AND 8982771
	Bitmap Heap Scan on sbtest5  (cost=27.86..4294.79 rows=1115 width=121)
	  Recheck Cond: ((id >= 8981772) AND (id <= 8982771))
	  ->  Bitmap Index Scan on sbtest5_pkey  (cost=0.00..27.58 rows=1115 width=0)
	        Index Cond: ((id >= 8981772) AND (id <= 8982771))

table 6 : explain SELECT c FROM sbtest6 WHERE id BETWEEN 8389401 AND 8390400
	Bitmap Heap Scan on sbtest6  (cost=23.02..3986.42 rows=1033 width=121)
	  Recheck Cond: ((id >= 8389401) AND (id <= 8390400))
	  ->  Bitmap Index Scan on sbtest6_pkey  (cost=0.00..22.76 rows=1033 width=0)
	        Index Cond: ((id >= 8389401) AND (id <= 8390400))

table 7 : explain SELECT c FROM sbtest7 WHERE id BETWEEN 7870474 AND 7871473
	Bitmap Heap Scan on sbtest7  (cost=22.18..3678.31 rows=951 width=121)
	  Recheck Cond: ((id >= 7870474) AND (id <= 7871473))
	  ->  Bitmap Index Scan on sbtest7_pkey  (cost=0.00..21.94 rows=951 width=0)
	        Index Cond: ((id >= 7870474) AND (id <= 7871473))

table 8 : explain SELECT c FROM sbtest8 WHERE id BETWEEN 5247441 AND 5248440
	Bitmap Heap Scan on sbtest8  (cost=22.66..3855.59 rows=998 width=121)
	  Recheck Cond: ((id >= 5247441) AND (id <= 5248440))
	  ->  Bitmap Index Scan on sbtest8_pkey  (cost=0.00..22.41 rows=998 width=0)
	        Index Cond: ((id >= 5247441) AND (id <= 5248440))

for: order_ranges
table 1 : explain SELECT c FROM sbtest1 WHERE id BETWEEN 5810791 AND 5811790 ORDER BY c
	Sort  (cost=3450.07..3452.27 rows=880 width=121)
	  Sort Key: c
	  ->  Bitmap Heap Scan on sbtest1  (cost=21.45..3407.03 rows=880 width=121)
	        Recheck Cond: ((id >= 5810791) AND (id <= 5811790))
	        ->  Bitmap Index Scan on sbtest1_pkey  (cost=0.00..21.23 rows=880 width=0)
	              Index Cond: ((id >= 5810791) AND (id <= 5811790))

table 2 : explain SELECT c FROM sbtest2 WHERE id BETWEEN 9925848 AND 9926847 ORDER BY c
	Sort  (cost=3903.04..3905.53 rows=998 width=121)
	  Sort Key: c
	  ->  Bitmap Heap Scan on sbtest2  (cost=22.66..3853.32 rows=998 width=121)
	        Recheck Cond: ((id >= 9925848) AND (id <= 9926847))
	        ->  Bitmap Index Scan on sbtest2_pkey  (cost=0.00..22.41 rows=998 width=0)
	              Index Cond: ((id >= 9925848) AND (id <= 9926847))

table 3 : explain SELECT c FROM sbtest3 WHERE id BETWEEN 6063770 AND 6064769 ORDER BY c
	Sort  (cost=4017.75..4020.32 rows=1028 width=121)
	  Sort Key: c
	  ->  Bitmap Heap Scan on sbtest3  (cost=22.97..3966.32 rows=1028 width=121)
	        Recheck Cond: ((id >= 6063770) AND (id <= 6064769))
	        ->  Bitmap Index Scan on sbtest3_pkey  (cost=0.00..22.71 rows=1028 width=0)
	              Index Cond: ((id >= 6063770) AND (id <= 6064769))

table 4 : explain SELECT c FROM sbtest4 WHERE id BETWEEN 5283465 AND 5284464 ORDER BY c
	Sort  (cost=3770.29..3772.70 rows=963 width=121)
	  Sort Key: c
	  ->  Bitmap Heap Scan on sbtest4  (cost=22.31..3722.57 rows=963 width=121)
	        Recheck Cond: ((id >= 5283465) AND (id <= 5284464))
	        ->  Bitmap Index Scan on sbtest4_pkey  (cost=0.00..22.07 rows=963 width=0)
	              Index Cond: ((id >= 5283465) AND (id <= 5284464))

table 5 : explain SELECT c FROM sbtest5 WHERE id BETWEEN 107800 AND 108799 ORDER BY c
	Sort  (cost=3555.69..3557.95 rows=907 width=121)
	  Sort Key: c
	  ->  Bitmap Heap Scan on sbtest5  (cost=21.73..3511.13 rows=907 width=121)
	        Recheck Cond: ((id >= 107800) AND (id <= 108799))
	        ->  Bitmap Index Scan on sbtest5_pkey  (cost=0.00..21.50 rows=907 width=0)
	              Index Cond: ((id >= 107800) AND (id <= 108799))

table 6 : explain SELECT c FROM sbtest6 WHERE id BETWEEN 2193649 AND 2194648 ORDER BY c
	Sort  (cost=4103.07..4105.69 rows=1050 width=121)
	  Sort Key: c
	  ->  Bitmap Heap Scan on sbtest6  (cost=23.20..4050.38 rows=1050 width=121)
	        Recheck Cond: ((id >= 2193649) AND (id <= 2194648))
	        ->  Bitmap Index Scan on sbtest6_pkey  (cost=0.00..22.93 rows=1050 width=0)
	              Index Cond: ((id >= 2193649) AND (id <= 2194648))

table 7 : explain SELECT c FROM sbtest7 WHERE id BETWEEN 9757291 AND 9758290 ORDER BY c
	Sort  (cost=4050.66..4053.25 rows=1036 width=121)
	  Sort Key: c
	  ->  Bitmap Heap Scan on sbtest7  (cost=23.05..3998.77 rows=1036 width=121)
	        Recheck Cond: ((id >= 9757291) AND (id <= 9758290))
	        ->  Bitmap Index Scan on sbtest7_pkey  (cost=0.00..22.79 rows=1036 width=0)
	              Index Cond: ((id >= 9757291) AND (id <= 9758290))

table 8 : explain SELECT c FROM sbtest8 WHERE id BETWEEN 7528635 AND 7529634 ORDER BY c
	Sort  (cost=3916.78..3919.28 rows=1001 width=121)
	  Sort Key: c
	  ->  Bitmap Heap Scan on sbtest8  (cost=22.70..3866.89 rows=1001 width=121)
	        Recheck Cond: ((id >= 7528635) AND (id <= 7529634))
	        ->  Bitmap Index Scan on sbtest8_pkey  (cost=0.00..22.44 rows=1001 width=0)
	              Index Cond: ((id >= 7528635) AND (id <= 7529634))

explain: for point_selects :: explain SELECT c FROM sbtest%u WHERE id=%u
for: sum_ranges
table 1 : explain SELECT SUM(k) FROM sbtest1 WHERE id BETWEEN 2567824 AND 2568823
	Aggregate  (cost=4106.71..4106.72 rows=1 width=8)
	  ->  Bitmap Heap Scan on sbtest1  (cost=23.35..4104.05 rows=1065 width=4)
	        Recheck Cond: ((id >= 2567824) AND (id <= 2568823))
	        ->  Bitmap Index Scan on sbtest1_pkey  (cost=0.00..23.08 rows=1065 width=0)
	              Index Cond: ((id >= 2567824) AND (id <= 2568823))

table 2 : explain SELECT SUM(k) FROM sbtest2 WHERE id BETWEEN 3742383 AND 3743382
	Aggregate  (cost=3618.14..3618.15 rows=1 width=8)
	  ->  Bitmap Heap Scan on sbtest2  (cost=22.02..3615.80 rows=935 width=4)
	        Recheck Cond: ((id >= 3742383) AND (id <= 3743382))
	        ->  Bitmap Index Scan on sbtest2_pkey  (cost=0.00..21.79 rows=935 width=0)
	              Index Cond: ((id >= 3742383) AND (id <= 3743382))

table 3 : explain SELECT SUM(k) FROM sbtest3 WHERE id BETWEEN 3641984 AND 3642983
	Aggregate  (cost=3931.23..3931.24 rows=1 width=8)
	  ->  Bitmap Heap Scan on sbtest3  (cost=22.87..3928.69 rows=1018 width=4)
	        Recheck Cond: ((id >= 3641984) AND (id <= 3642983))
	        ->  Bitmap Index Scan on sbtest3_pkey  (cost=0.00..22.61 rows=1018 width=0)
	              Index Cond: ((id >= 3641984) AND (id <= 3642983))

table 4 : explain SELECT SUM(k) FROM sbtest4 WHERE id BETWEEN 7783500 AND 7784499
	Aggregate  (cost=3796.68..3796.69 rows=1 width=8)
	  ->  Bitmap Heap Scan on sbtest4  (cost=22.50..3794.22 rows=982 width=4)
	        Recheck Cond: ((id >= 7783500) AND (id <= 7784499))
	        ->  Bitmap Index Scan on sbtest4_pkey  (cost=0.00..22.25 rows=982 width=0)
	              Index Cond: ((id >= 7783500) AND (id <= 7784499))

table 5 : explain SELECT SUM(k) FROM sbtest5 WHERE id BETWEEN 6883082 AND 6884081
	Aggregate  (cost=3875.89..3875.90 rows=1 width=8)
	  ->  Bitmap Heap Scan on sbtest5  (cost=22.72..3873.38 rows=1003 width=4)
	        Recheck Cond: ((id >= 6883082) AND (id <= 6884081))
	        ->  Bitmap Index Scan on sbtest5_pkey  (cost=0.00..22.46 rows=1003 width=0)
	              Index Cond: ((id >= 6883082) AND (id <= 6884081))

table 6 : explain SELECT SUM(k) FROM sbtest6 WHERE id BETWEEN 1678534 AND 1679533
	Aggregate  (cost=3898.58..3898.59 rows=1 width=8)
	  ->  Bitmap Heap Scan on sbtest6  (cost=22.78..3896.06 rows=1009 width=4)
	        Recheck Cond: ((id >= 1678534) AND (id <= 1679533))
	        ->  Bitmap Index Scan on sbtest6_pkey  (cost=0.00..22.52 rows=1009 width=0)
	              Index Cond: ((id >= 1678534) AND (id <= 1679533))

table 7 : explain SELECT SUM(k) FROM sbtest7 WHERE id BETWEEN 5335885 AND 5336884
	Aggregate  (cost=3835.48..3835.49 rows=1 width=8)
	  ->  Bitmap Heap Scan on sbtest7  (cost=22.60..3833.00 rows=992 width=4)
	        Recheck Cond: ((id >= 5335885) AND (id <= 5336884))
	        ->  Bitmap Index Scan on sbtest7_pkey  (cost=0.00..22.36 rows=992 width=0)
	              Index Cond: ((id >= 5335885) AND (id <= 5336884))

table 8 : explain SELECT SUM(k) FROM sbtest8 WHERE id BETWEEN 3299577 AND 3300576
	Aggregate  (cost=3918.42..3918.43 rows=1 width=8)
	  ->  Bitmap Heap Scan on sbtest8  (cost=22.83..3915.88 rows=1014 width=4)
	        Recheck Cond: ((id >= 3299577) AND (id <= 3300576))
	        ->  Bitmap Index Scan on sbtest8_pkey  (cost=0.00..22.57 rows=1014 width=0)
	              Index Cond: ((id >= 3299577) AND (id <= 3300576))

for: order_ranges
table 1 : explain SELECT c FROM sbtest1 WHERE id BETWEEN 5538903 AND 5539902 ORDER BY c
	Sort  (cost=4359.80..4362.60 rows=1118 width=121)
	  Sort Key: c
	  ->  Bitmap Heap Scan on sbtest1  (cost=27.89..4303.19 rows=1118 width=121)
	        Recheck Cond: ((id >= 5538903) AND (id <= 5539902))
	        ->  Bitmap Index Scan on sbtest1_pkey  (cost=0.00..27.61 rows=1118 width=0)
	              Index Cond: ((id >= 5538903) AND (id <= 5539902))

table 2 : explain SELECT c FROM sbtest2 WHERE id BETWEEN 5784448 AND 5785447 ORDER BY c
	Sort  (cost=3719.39..3721.77 rows=950 width=121)
	  Sort Key: c
	  ->  Bitmap Heap Scan on sbtest2  (cost=22.17..3672.40 rows=950 width=121)
	        Recheck Cond: ((id >= 5784448) AND (id <= 5785447))
	        ->  Bitmap Index Scan on sbtest2_pkey  (cost=0.00..21.93 rows=950 width=0)
	              Index Cond: ((id >= 5784448) AND (id <= 5785447))

table 3 : explain SELECT c FROM sbtest3 WHERE id BETWEEN 4533248 AND 4534247 ORDER BY c
	Sort  (cost=3757.74..3760.14 rows=960 width=121)
	  Sort Key: c
	  ->  Bitmap Heap Scan on sbtest3  (cost=22.27..3710.19 rows=960 width=121)
	        Recheck Cond: ((id >= 4533248) AND (id <= 4534247))
	        ->  Bitmap Index Scan on sbtest3_pkey  (cost=0.00..22.04 rows=960 width=0)
	              Index Cond: ((id >= 4533248) AND (id <= 4534247))

table 4 : explain SELECT c FROM sbtest4 WHERE id BETWEEN 2497113 AND 2498112 ORDER BY c
	Sort  (cost=3885.11..3887.59 rows=993 width=121)
	  Sort Key: c
	  ->  Bitmap Heap Scan on sbtest4  (cost=22.61..3835.68 rows=993 width=121)
	        Recheck Cond: ((id >= 2497113) AND (id <= 2498112))
	        ->  Bitmap Index Scan on sbtest4_pkey  (cost=0.00..22.36 rows=993 width=0)
	              Index Cond: ((id >= 2497113) AND (id <= 2498112))

table 5 : explain SELECT c FROM sbtest5 WHERE id BETWEEN 5747821 AND 5748820 ORDER BY c
	Sort  (cost=4076.26..4078.87 rows=1043 width=121)
	  Sort Key: c
	  ->  Bitmap Heap Scan on sbtest5  (cost=23.13..4023.97 rows=1043 width=121)
	        Recheck Cond: ((id >= 5747821) AND (id <= 5748820))
	        ->  Bitmap Index Scan on sbtest5_pkey  (cost=0.00..22.86 rows=1043 width=0)
	              Index Cond: ((id >= 5747821) AND (id <= 5748820))

table 6 : explain SELECT c FROM sbtest6 WHERE id BETWEEN 8827819 AND 8828818 ORDER BY c
	Sort  (cost=4061.05..4063.65 rows=1039 width=121)
	  Sort Key: c
	  ->  Bitmap Heap Scan on sbtest6  (cost=23.08..4009.00 rows=1039 width=121)
	        Recheck Cond: ((id >= 8827819) AND (id <= 8828818))
	        ->  Bitmap Index Scan on sbtest6_pkey  (cost=0.00..22.82 rows=1039 width=0)
	              Index Cond: ((id >= 8827819) AND (id <= 8828818))

table 7 : explain SELECT c FROM sbtest7 WHERE id BETWEEN 2380237 AND 2381236 ORDER BY c
	Sort  (cost=3660.19..3662.53 rows=934 width=121)
	  Sort Key: c
	  ->  Bitmap Heap Scan on sbtest7  (cost=22.01..3614.11 rows=934 width=121)
	        Recheck Cond: ((id >= 2380237) AND (id <= 2381236))
	        ->  Bitmap Index Scan on sbtest7_pkey  (cost=0.00..21.77 rows=934 width=0)
	              Index Cond: ((id >= 2380237) AND (id <= 2381236))

table 8 : explain SELECT c FROM sbtest8 WHERE id BETWEEN 5001145 AND 5002144 ORDER BY c
	Sort  (cost=4077.37..4079.98 rows=1043 width=121)
	  Sort Key: c
	  ->  Bitmap Heap Scan on sbtest8  (cost=23.13..4025.08 rows=1043 width=121)
	        Recheck Cond: ((id >= 5001145) AND (id <= 5002144))
	        ->  Bitmap Index Scan on sbtest8_pkey  (cost=0.00..22.86 rows=1043 width=0)
	              Index Cond: ((id >= 5001145) AND (id <= 5002144))

for point_selects
table 1 : explain SELECT c FROM sbtest1 WHERE id=384572
	Index Scan using sbtest1_pkey on sbtest1  (cost=0.43..8.45 rows=1 width=121)
	  Index Cond: (id = 384572)

table 2 : explain SELECT c FROM sbtest2 WHERE id=4860886
	Index Scan using sbtest2_pkey on sbtest2  (cost=0.43..8.45 rows=1 width=121)
	  Index Cond: (id = 4860886)

table 3 : explain SELECT c FROM sbtest3 WHERE id=4622751
	Index Scan using sbtest3_pkey on sbtest3  (cost=0.43..8.45 rows=1 width=121)
	  Index Cond: (id = 4622751)

table 4 : explain SELECT c FROM sbtest4 WHERE id=9837416
	Index Scan using sbtest4_pkey on sbtest4  (cost=0.43..8.45 rows=1 width=121)
	  Index Cond: (id = 9837416)

table 5 : explain SELECT c FROM sbtest5 WHERE id=3074776
	Index Scan using sbtest5_pkey on sbtest5  (cost=0.43..8.45 rows=1 width=121)
	  Index Cond: (id = 3074776)

table 6 : explain SELECT c FROM sbtest6 WHERE id=6210103
	Index Scan using sbtest6_pkey on sbtest6  (cost=0.43..8.45 rows=1 width=121)
	  Index Cond: (id = 6210103)

table 7 : explain SELECT c FROM sbtest7 WHERE id=7310586
	Index Scan using sbtest7_pkey on sbtest7  (cost=0.43..8.45 rows=1 width=121)
	  Index Cond: (id = 7310586)

table 8 : explain SELECT c FROM sbtest8 WHERE id=8599406
	Index Scan using sbtest8_pkey on sbtest8  (cost=0.43..8.45 rows=1 width=121)
	  Index Cond: (id = 8599406)

for: distinct_ranges
table 1 : explain SELECT DISTINCT c FROM sbtest1 WHERE id BETWEEN 1419500 AND 1420499 ORDER BY c
	Unique  (cost=3825.40..3830.29 rows=978 width=121)
	  ->  Sort  (cost=3825.40..3827.85 rows=978 width=121)
	        Sort Key: c
	        ->  Bitmap Heap Scan on sbtest1  (cost=22.46..3776.82 rows=978 width=121)
	              Recheck Cond: ((id >= 1419500) AND (id <= 1420499))
	              ->  Bitmap Index Scan on sbtest1_pkey  (cost=0.00..22.21 rows=978 width=0)
	                    Index Cond: ((id >= 1419500) AND (id <= 1420499))

table 2 : explain SELECT DISTINCT c FROM sbtest2 WHERE id BETWEEN 4957016 AND 4958015 ORDER BY c
	Unique  (cost=4338.35..4343.91 rows=1112 width=121)
	  ->  Sort  (cost=4338.35..4341.13 rows=1112 width=121)
	        Sort Key: c
	        ->  Bitmap Heap Scan on sbtest2  (cost=27.83..4282.09 rows=1112 width=121)
	              Recheck Cond: ((id >= 4957016) AND (id <= 4958015))
	              ->  Bitmap Index Scan on sbtest2_pkey  (cost=0.00..27.55 rows=1112 width=0)
	                    Index Cond: ((id >= 4957016) AND (id <= 4958015))

table 3 : explain SELECT DISTINCT c FROM sbtest3 WHERE id BETWEEN 5461404 AND 5462403 ORDER BY c
	Unique  (cost=3807.49..3812.36 rows=973 width=121)
	  ->  Sort  (cost=3807.49..3809.92 rows=973 width=121)
	        Sort Key: c
	        ->  Bitmap Heap Scan on sbtest3  (cost=22.41..3759.20 rows=973 width=121)
	              Recheck Cond: ((id >= 5461404) AND (id <= 5462403))
	              ->  Bitmap Index Scan on sbtest3_pkey  (cost=0.00..22.16 rows=973 width=0)
	                    Index Cond: ((id >= 5461404) AND (id <= 5462403))

table 4 : explain SELECT DISTINCT c FROM sbtest4 WHERE id BETWEEN 6929283 AND 6930282 ORDER BY c
	Unique  (cost=4343.57..4349.14 rows=1113 width=121)
	  ->  Sort  (cost=4343.57..4346.36 rows=1113 width=121)
	        Sort Key: c
	        ->  Bitmap Heap Scan on sbtest4  (cost=27.84..4287.25 rows=1113 width=121)
	              Recheck Cond: ((id >= 6929283) AND (id <= 6930282))
	              ->  Bitmap Index Scan on sbtest4_pkey  (cost=0.00..27.57 rows=1113 width=0)
	                    Index Cond: ((id >= 6929283) AND (id <= 6930282))

table 5 : explain SELECT DISTINCT c FROM sbtest5 WHERE id BETWEEN 7866369 AND 7867368 ORDER BY c
	Unique  (cost=3953.97..3959.03 rows=1011 width=121)
	  ->  Sort  (cost=3953.97..3956.50 rows=1011 width=121)
	        Sort Key: c
	        ->  Bitmap Heap Scan on sbtest5  (cost=22.80..3903.52 rows=1011 width=121)
	              Recheck Cond: ((id >= 7866369) AND (id <= 7867368))
	              ->  Bitmap Index Scan on sbtest5_pkey  (cost=0.00..22.54 rows=1011 width=0)
	                    Index Cond: ((id >= 7866369) AND (id <= 7867368))

table 6 : explain SELECT DISTINCT c FROM sbtest6 WHERE id BETWEEN 6141842 AND 6142841 ORDER BY c
	Unique  (cost=3931.10..3936.13 rows=1005 width=121)
	  ->  Sort  (cost=3931.10..3933.62 rows=1005 width=121)
	        Sort Key: c
	        ->  Bitmap Heap Scan on sbtest6  (cost=22.74..3880.99 rows=1005 width=121)
	              Recheck Cond: ((id >= 6141842) AND (id <= 6142841))
	              ->  Bitmap Index Scan on sbtest6_pkey  (cost=0.00..22.48 rows=1005 width=0)
	                    Index Cond: ((id >= 6141842) AND (id <= 6142841))

table 7 : explain SELECT DISTINCT c FROM sbtest7 WHERE id BETWEEN 6032930 AND 6033929 ORDER BY c
	Unique  (cost=3878.55..3883.50 rows=991 width=121)
	  ->  Sort  (cost=3878.55..3881.03 rows=991 width=121)
	        Sort Key: c
	        ->  Bitmap Heap Scan on sbtest7  (cost=22.59..3829.23 rows=991 width=121)
	              Recheck Cond: ((id >= 6032930) AND (id <= 6033929))
	              ->  Bitmap Index Scan on sbtest7_pkey  (cost=0.00..22.34 rows=991 width=0)
	                    Index Cond: ((id >= 6032930) AND (id <= 6033929))

table 8 : explain SELECT DISTINCT c FROM sbtest8 WHERE id BETWEEN 9844997 AND 9845996 ORDER BY c
	Unique  (cost=3587.28..3591.86 rows=915 width=121)
	  ->  Sort  (cost=3587.28..3589.57 rows=915 width=121)
	        Sort Key: c
	        ->  Bitmap Heap Scan on sbtest8  (cost=21.81..3542.28 rows=915 width=121)
	              Recheck Cond: ((id >= 9844997) AND (id <= 9845996))
	              ->  Bitmap Index Scan on sbtest8_pkey  (cost=0.00..21.58 rows=915 width=0)
	                    Index Cond: ((id >= 9844997) AND (id <= 9845996))

for: simple_ranges
table 1 : explain SELECT c FROM sbtest1 WHERE id BETWEEN 7871283 AND 7872282
	Bitmap Heap Scan on sbtest1  (cost=23.54..4171.63 rows=1083 width=121)
	  Recheck Cond: ((id >= 7871283) AND (id <= 7872282))
	  ->  Bitmap Index Scan on sbtest1_pkey  (cost=0.00..23.26 rows=1083 width=0)
	        Index Cond: ((id >= 7871283) AND (id <= 7872282))

table 2 : explain SELECT c FROM sbtest2 WHERE id BETWEEN 4369360 AND 4370359
	Bitmap Heap Scan on sbtest2  (cost=22.10..3646.00 rows=943 width=121)
	  Recheck Cond: ((id >= 4369360) AND (id <= 4370359))
	  ->  Bitmap Index Scan on sbtest2_pkey  (cost=0.00..21.86 rows=943 width=0)
	        Index Cond: ((id >= 4369360) AND (id <= 4370359))

table 3 : explain SELECT c FROM sbtest3 WHERE id BETWEEN 6364910 AND 6365909
	Bitmap Heap Scan on sbtest3  (cost=22.55..3811.96 rows=987 width=121)
	  Recheck Cond: ((id >= 6364910) AND (id <= 6365909))
	  ->  Bitmap Index Scan on sbtest3_pkey  (cost=0.00..22.30 rows=987 width=0)
	        Index Cond: ((id >= 6364910) AND (id <= 6365909))

table 4 : explain SELECT c FROM sbtest4 WHERE id BETWEEN 1485455 AND 1486454
	Bitmap Heap Scan on sbtest4  (cost=22.08..3639.55 rows=941 width=121)
	  Recheck Cond: ((id >= 1485455) AND (id <= 1486454))
	  ->  Bitmap Index Scan on sbtest4_pkey  (cost=0.00..21.84 rows=941 width=0)
	        Index Cond: ((id >= 1485455) AND (id <= 1486454))

table 5 : explain SELECT c FROM sbtest5 WHERE id BETWEEN 8335587 AND 8336586
	Bitmap Heap Scan on sbtest5  (cost=22.81..3907.28 rows=1012 width=121)
	  Recheck Cond: ((id >= 8335587) AND (id <= 8336586))
	  ->  Bitmap Index Scan on sbtest5_pkey  (cost=0.00..22.55 rows=1012 width=0)
	        Index Cond: ((id >= 8335587) AND (id <= 8336586))

table 6 : explain SELECT c FROM sbtest6 WHERE id BETWEEN 3178172 AND 3179171
	Bitmap Heap Scan on sbtest6  (cost=23.08..4009.00 rows=1039 width=121)
	  Recheck Cond: ((id >= 3178172) AND (id <= 3179171))
	  ->  Bitmap Index Scan on sbtest6_pkey  (cost=0.00..22.82 rows=1039 width=0)
	        Index Cond: ((id >= 3178172) AND (id <= 3179171))

table 7 : explain SELECT c FROM sbtest7 WHERE id BETWEEN 8909256 AND 8910255
	Bitmap Heap Scan on sbtest7  (cost=22.29..3716.06 rows=961 width=121)
	  Recheck Cond: ((id >= 8909256) AND (id <= 8910255))
	  ->  Bitmap Index Scan on sbtest7_pkey  (cost=0.00..22.04 rows=961 width=0)
	        Index Cond: ((id >= 8909256) AND (id <= 8910255))

table 8 : explain SELECT c FROM sbtest8 WHERE id BETWEEN 8644429 AND 8645428
	Bitmap Heap Scan on sbtest8  (cost=22.10..3648.07 rows=943 width=121)
	  Recheck Cond: ((id >= 8644429) AND (id <= 8645428))
	  ->  Bitmap Index Scan on sbtest8_pkey  (cost=0.00..21.86 rows=943 width=0)
	        Index Cond: ((id >= 8644429) AND (id <= 8645428))

for: sum_ranges
table 1 : explain SELECT SUM(k) FROM sbtest1 WHERE id BETWEEN 2557341 AND 2558340
	Aggregate  (cost=4106.71..4106.72 rows=1 width=8)
	  ->  Bitmap Heap Scan on sbtest1  (cost=23.35..4104.05 rows=1065 width=4)
	        Recheck Cond: ((id >= 2557341) AND (id <= 2558340))
	        ->  Bitmap Index Scan on sbtest1_pkey  (cost=0.00..23.08 rows=1065 width=0)
	              Index Cond: ((id >= 2557341) AND (id <= 2558340))

table 2 : explain SELECT SUM(k) FROM sbtest2 WHERE id BETWEEN 9425322 AND 9426321
	Aggregate  (cost=4032.80..4032.81 rows=1 width=8)
	  ->  Bitmap Heap Scan on sbtest2  (cost=23.15..4030.18 rows=1045 width=4)
	        Recheck Cond: ((id >= 9425322) AND (id <= 9426321))
	        ->  Bitmap Index Scan on sbtest2_pkey  (cost=0.00..22.89 rows=1045 width=0)
	              Index Cond: ((id >= 9425322) AND (id <= 9426321))

table 3 : explain SELECT SUM(k) FROM sbtest3 WHERE id BETWEEN 4791278 AND 4792277
	Aggregate  (cost=3754.09..3754.10 rows=1 width=8)
	  ->  Bitmap Heap Scan on sbtest3  (cost=22.39..3751.66 rows=971 width=4)
	        Recheck Cond: ((id >= 4791278) AND (id <= 4792277))
	        ->  Bitmap Index Scan on sbtest3_pkey  (cost=0.00..22.14 rows=971 width=0)
	              Index Cond: ((id >= 4791278) AND (id <= 4792277))

table 4 : explain SELECT SUM(k) FROM sbtest4 WHERE id BETWEEN 7907639 AND 7908638
	Aggregate  (cost=3890.94..3890.95 rows=1 width=8)
	  ->  Bitmap Heap Scan on sbtest4  (cost=22.76..3888.43 rows=1007 width=4)
	        Recheck Cond: ((id >= 7907639) AND (id <= 7908638))
	        ->  Bitmap Index Scan on sbtest4_pkey  (cost=0.00..22.50 rows=1007 width=0)
	              Index Cond: ((id >= 7907639) AND (id <= 7908638))

table 5 : explain SELECT SUM(k) FROM sbtest5 WHERE id BETWEEN 4190454 AND 4191453
	Aggregate  (cost=3936.19..3936.20 rows=1 width=8)
	  ->  Bitmap Heap Scan on sbtest5  (cost=22.88..3933.64 rows=1019 width=4)
	        Recheck Cond: ((id >= 4190454) AND (id <= 4191453))
	        ->  Bitmap Index Scan on sbtest5_pkey  (cost=0.00..22.62 rows=1019 width=0)
	              Index Cond: ((id >= 4190454) AND (id <= 4191453))

table 6 : explain SELECT SUM(k) FROM sbtest6 WHERE id BETWEEN 7378318 AND 7379317
	Aggregate  (cost=4226.25..4226.26 rows=1 width=8)
	  ->  Bitmap Heap Scan on sbtest6  (cost=27.66..4223.51 rows=1095 width=4)
	        Recheck Cond: ((id >= 7378318) AND (id <= 7379317))
	        ->  Bitmap Index Scan on sbtest6_pkey  (cost=0.00..27.39 rows=1095 width=0)
	              Index Cond: ((id >= 7378318) AND (id <= 7379317))

table 7 : explain SELECT SUM(k) FROM sbtest7 WHERE id BETWEEN 2354442 AND 2355441
	Aggregate  (cost=3616.45..3616.46 rows=1 width=8)
	  ->  Bitmap Heap Scan on sbtest7  (cost=22.01..3614.11 rows=934 width=4)
	        Recheck Cond: ((id >= 2354442) AND (id <= 2355441))
	        ->  Bitmap Index Scan on sbtest7_pkey  (cost=0.00..21.77 rows=934 width=0)
	              Index Cond: ((id >= 2354442) AND (id <= 2355441))

table 8 : explain SELECT SUM(k) FROM sbtest8 WHERE id BETWEEN 9804220 AND 9805219
	Aggregate  (cost=3544.56..3544.57 rows=1 width=8)
	  ->  Bitmap Heap Scan on sbtest8  (cost=21.81..3542.28 rows=915 width=4)
	        Recheck Cond: ((id >= 9804220) AND (id <= 9805219))
	        ->  Bitmap Index Scan on sbtest8_pkey  (cost=0.00..21.58 rows=915 width=0)
	              Index Cond: ((id >= 9804220) AND (id <= 9805219))

for point_selects
table 1 : explain SELECT c FROM sbtest1 WHERE id=6360514
	Index Scan using sbtest1_pkey on sbtest1  (cost=0.43..8.45 rows=1 width=121)
	  Index Cond: (id = 6360514)

table 2 : explain SELECT c FROM sbtest2 WHERE id=6431344
	Index Scan using sbtest2_pkey on sbtest2  (cost=0.43..8.45 rows=1 width=121)
	  Index Cond: (id = 6431344)

table 3 : explain SELECT c FROM sbtest3 WHERE id=8144896
	Index Scan using sbtest3_pkey on sbtest3  (cost=0.43..8.45 rows=1 width=121)
	  Index Cond: (id = 8144896)

table 4 : explain SELECT c FROM sbtest4 WHERE id=2986294
	Index Scan using sbtest4_pkey on sbtest4  (cost=0.43..8.45 rows=1 width=121)
	  Index Cond: (id = 2986294)

table 5 : explain SELECT c FROM sbtest5 WHERE id=5655940
	Index Scan using sbtest5_pkey on sbtest5  (cost=0.43..8.45 rows=1 width=121)
	  Index Cond: (id = 5655940)

table 6 : explain SELECT c FROM sbtest6 WHERE id=914842
	Index Scan using sbtest6_pkey on sbtest6  (cost=0.43..8.45 rows=1 width=121)
	  Index Cond: (id = 914842)

table 7 : explain SELECT c FROM sbtest7 WHERE id=5993629
	Index Scan using sbtest7_pkey on sbtest7  (cost=0.43..8.45 rows=1 width=121)
	  Index Cond: (id = 5993629)

table 8 : explain SELECT c FROM sbtest8 WHERE id=7809342
	Index Scan using sbtest8_pkey on sbtest8  (cost=0.43..8.45 rows=1 width=121)
	  Index Cond: (id = 7809342)

for: distinct_ranges
table 1 : explain SELECT DISTINCT c FROM sbtest1 WHERE id BETWEEN 5350531 AND 5351530 ORDER BY c
	Unique  (cost=3396.34..3400.67 rows=866 width=121)
	  ->  Sort  (cost=3396.34..3398.51 rows=866 width=121)
	        Sort Key: c
	        ->  Bitmap Heap Scan on sbtest1  (cost=21.31..3354.09 rows=866 width=121)
	              Recheck Cond: ((id >= 5350531) AND (id <= 5351530))
	              ->  Bitmap Index Scan on sbtest1_pkey  (cost=0.00..21.09 rows=866 width=0)
	                    Index Cond: ((id >= 5350531) AND (id <= 5351530))

table 2 : explain SELECT DISTINCT c FROM sbtest2 WHERE id BETWEEN 141191 AND 142190 ORDER BY c
	Unique  (cost=3669.60..3674.29 rows=937 width=121)
	  ->  Sort  (cost=3669.60..3671.95 rows=937 width=121)
	        Sort Key: c
	        ->  Bitmap Heap Scan on sbtest2  (cost=22.04..3623.35 rows=937 width=121)
	              Recheck Cond: ((id >= 141191) AND (id <= 142190))
	              ->  Bitmap Index Scan on sbtest2_pkey  (cost=0.00..21.80 rows=937 width=0)
	                    Index Cond: ((id >= 141191) AND (id <= 142190))

table 3 : explain SELECT DISTINCT c FROM sbtest3 WHERE id BETWEEN 8114752 AND 8115751 ORDER BY c
	Unique  (cost=3853.40..3858.32 rows=985 width=121)
	  ->  Sort  (cost=3853.40..3855.86 rows=985 width=121)
	        Sort Key: c
	        ->  Bitmap Heap Scan on sbtest3  (cost=22.53..3804.42 rows=985 width=121)
	              Recheck Cond: ((id >= 8114752) AND (id <= 8115751))
	              ->  Bitmap Index Scan on sbtest3_pkey  (cost=0.00..22.29 rows=985 width=0)
	                    Index Cond: ((id >= 8114752) AND (id <= 8115751))

table 4 : explain SELECT DISTINCT c FROM sbtest4 WHERE id BETWEEN 385782 AND 386781 ORDER BY c
	Unique  (cost=3904.24..3909.23 rows=998 width=121)
	  ->  Sort  (cost=3904.24..3906.73 rows=998 width=121)
	        Sort Key: c
	        ->  Bitmap Heap Scan on sbtest4  (cost=22.66..3854.52 rows=998 width=121)
	              Recheck Cond: ((id >= 385782) AND (id <= 386781))
	              ->  Bitmap Index Scan on sbtest4_pkey  (cost=0.00..22.41 rows=998 width=0)
	                    Index Cond: ((id >= 385782) AND (id <= 386781))

table 5 : explain SELECT DISTINCT c FROM sbtest5 WHERE id BETWEEN 2186728 AND 2187727 ORDER BY c
	Unique  (cost=3957.80..3962.86 rows=1012 width=121)
	  ->  Sort  (cost=3957.80..3960.33 rows=1012 width=121)
	        Sort Key: c
	        ->  Bitmap Heap Scan on sbtest5  (cost=22.81..3907.28 rows=1012 width=121)
	              Recheck Cond: ((id >= 2186728) AND (id <= 2187727))
	              ->  Bitmap Index Scan on sbtest5_pkey  (cost=0.00..22.55 rows=1012 width=0)
	                    Index Cond: ((id >= 2186728) AND (id <= 2187727))

table 6 : explain SELECT DISTINCT c FROM sbtest6 WHERE id BETWEEN 7363362 AND 7364361 ORDER BY c
	Unique  (cost=4278.79..4284.27 rows=1095 width=121)
	  ->  Sort  (cost=4278.79..4281.53 rows=1095 width=121)
	        Sort Key: c
	        ->  Bitmap Heap Scan on sbtest6  (cost=27.66..4223.51 rows=1095 width=121)
	              Recheck Cond: ((id >= 7363362) AND (id <= 7364361))
	              ->  Bitmap Index Scan on sbtest6_pkey  (cost=0.00..27.39 rows=1095 width=0)
	                    Index Cond: ((id >= 7363362) AND (id <= 7364361))

table 7 : explain SELECT DISTINCT c FROM sbtest7 WHERE id BETWEEN 190400 AND 191399 ORDER BY c
	Unique  (cost=4020.08..4025.22 rows=1028 width=121)
	  ->  Sort  (cost=4020.08..4022.65 rows=1028 width=121)
	        Sort Key: c
	        ->  Bitmap Heap Scan on sbtest7  (cost=22.97..3968.65 rows=1028 width=121)
	              Recheck Cond: ((id >= 190400) AND (id <= 191399))
	              ->  Bitmap Index Scan on sbtest7_pkey  (cost=0.00..22.71 rows=1028 width=0)
	                    Index Cond: ((id >= 190400) AND (id <= 191399))

table 8 : explain SELECT DISTINCT c FROM sbtest8 WHERE id BETWEEN 7546819 AND 7547818 ORDER BY c
	Unique  (cost=3916.78..3921.78 rows=1001 width=121)
	  ->  Sort  (cost=3916.78..3919.28 rows=1001 width=121)
	        Sort Key: c
	        ->  Bitmap Heap Scan on sbtest8  (cost=22.70..3866.89 rows=1001 width=121)
	              Recheck Cond: ((id >= 7546819) AND (id <= 7547818))
	              ->  Bitmap Index Scan on sbtest8_pkey  (cost=0.00..22.44 rows=1001 width=0)
	                    Index Cond: ((id >= 7546819) AND (id <= 7547818))

for point_selects
table 1 : explain SELECT c FROM sbtest1 WHERE id=5315008
	Index Scan using sbtest1_pkey on sbtest1  (cost=0.43..8.45 rows=1 width=121)
	  Index Cond: (id = 5315008)

table 2 : explain SELECT c FROM sbtest2 WHERE id=6657709
	Index Scan using sbtest2_pkey on sbtest2  (cost=0.43..8.45 rows=1 width=121)
	  Index Cond: (id = 6657709)

table 3 : explain SELECT c FROM sbtest3 WHERE id=9567750
	Index Scan using sbtest3_pkey on sbtest3  (cost=0.43..8.45 rows=1 width=121)
	  Index Cond: (id = 9567750)

table 4 : explain SELECT c FROM sbtest4 WHERE id=6216983
	Index Scan using sbtest4_pkey on sbtest4  (cost=0.43..8.45 rows=1 width=121)
	  Index Cond: (id = 6216983)

table 5 : explain SELECT c FROM sbtest5 WHERE id=1141719
	Index Scan using sbtest5_pkey on sbtest5  (cost=0.43..8.45 rows=1 width=121)
	  Index Cond: (id = 1141719)

table 6 : explain SELECT c FROM sbtest6 WHERE id=6207533
	Index Scan using sbtest6_pkey on sbtest6  (cost=0.43..8.45 rows=1 width=121)
	  Index Cond: (id = 6207533)

table 7 : explain SELECT c FROM sbtest7 WHERE id=4176615
	Index Scan using sbtest7_pkey on sbtest7  (cost=0.43..8.45 rows=1 width=121)
	  Index Cond: (id = 4176615)

table 8 : explain SELECT c FROM sbtest8 WHERE id=2829665
	Index Scan using sbtest8_pkey on sbtest8  (cost=0.43..8.45 rows=1 width=121)
	  Index Cond: (id = 2829665)

for: simple_ranges
table 1 : explain SELECT c FROM sbtest1 WHERE id BETWEEN 6430722 AND 6431721
	Bitmap Heap Scan on sbtest1  (cost=22.49..3788.12 rows=981 width=121)
	  Recheck Cond: ((id >= 6430722) AND (id <= 6431721))
	  ->  Bitmap Index Scan on sbtest1_pkey  (cost=0.00..22.25 rows=981 width=0)
	        Index Cond: ((id >= 6430722) AND (id <= 6431721))

table 2 : explain SELECT c FROM sbtest2 WHERE id BETWEEN 4971836 AND 4972835
	Bitmap Heap Scan on sbtest2  (cost=22.00..3608.26 rows=933 width=121)
	  Recheck Cond: ((id >= 4971836) AND (id <= 4972835))
	  ->  Bitmap Index Scan on sbtest2_pkey  (cost=0.00..21.76 rows=933 width=0)
	        Index Cond: ((id >= 4971836) AND (id <= 4972835))

table 3 : explain SELECT c FROM sbtest3 WHERE id BETWEEN 5500260 AND 5501259
	Bitmap Heap Scan on sbtest3  (cost=21.83..3547.91 rows=917 width=121)
	  Recheck Cond: ((id >= 5500260) AND (id <= 5501259))
	  ->  Bitmap Index Scan on sbtest3_pkey  (cost=0.00..21.61 rows=917 width=0)
	        Index Cond: ((id >= 5500260) AND (id <= 5501259))

table 4 : explain SELECT c FROM sbtest4 WHERE id BETWEEN 5678639 AND 5679638
	Bitmap Heap Scan on sbtest4  (cost=23.30..4087.88 rows=1060 width=121)
	  Recheck Cond: ((id >= 5678639) AND (id <= 5679638))
	  ->  Bitmap Index Scan on sbtest4_pkey  (cost=0.00..23.04 rows=1060 width=0)
	        Index Cond: ((id >= 5678639) AND (id <= 5679638))

table 5 : explain SELECT c FROM sbtest5 WHERE id BETWEEN 3108475 AND 3109474
	Bitmap Heap Scan on sbtest5  (cost=27.72..4245.96 rows=1101 width=121)
	  Recheck Cond: ((id >= 3108475) AND (id <= 3109474))
	  ->  Bitmap Index Scan on sbtest5_pkey  (cost=0.00..27.44 rows=1101 width=0)
	        Index Cond: ((id >= 3108475) AND (id <= 3109474))

table 6 : explain SELECT c FROM sbtest6 WHERE id BETWEEN 5583105 AND 5584104
	Bitmap Heap Scan on sbtest6  (cost=22.24..3700.02 rows=957 width=121)
	  Recheck Cond: ((id >= 5583105) AND (id <= 5584104))
	  ->  Bitmap Index Scan on sbtest6_pkey  (cost=0.00..22.00 rows=957 width=0)
	        Index Cond: ((id >= 5583105) AND (id <= 5584104))

table 7 : explain SELECT c FROM sbtest7 WHERE id BETWEEN 5200212 AND 5201211
	Bitmap Heap Scan on sbtest7  (cost=23.34..4104.13 rows=1064 width=121)
	  Recheck Cond: ((id >= 5200212) AND (id <= 5201211))
	  ->  Bitmap Index Scan on sbtest7_pkey  (cost=0.00..23.07 rows=1064 width=0)
	        Index Cond: ((id >= 5200212) AND (id <= 5201211))

table 8 : explain SELECT c FROM sbtest8 WHERE id BETWEEN 5256467 AND 5257466
	Bitmap Heap Scan on sbtest8  (cost=22.66..3855.59 rows=998 width=121)
	  Recheck Cond: ((id >= 5256467) AND (id <= 5257466))
	  ->  Bitmap Index Scan on sbtest8_pkey  (cost=0.00..22.41 rows=998 width=0)
	        Index Cond: ((id >= 5256467) AND (id <= 5257466))

for: simple_ranges
table 1 : explain SELECT c FROM sbtest1 WHERE id BETWEEN 5415759 AND 5416758
	Bitmap Heap Scan on sbtest1  (cost=22.00..3607.18 rows=933 width=121)
	  Recheck Cond: ((id >= 5415759) AND (id <= 5416758))
	  ->  Bitmap Index Scan on sbtest1_pkey  (cost=0.00..21.76 rows=933 width=0)
	        Index Cond: ((id >= 5415759) AND (id <= 5416758))

table 2 : explain SELECT c FROM sbtest2 WHERE id BETWEEN 1557468 AND 1558467
	Bitmap Heap Scan on sbtest2  (cost=28.04..4357.10 rows=1132 width=121)
	  Recheck Cond: ((id >= 1557468) AND (id <= 1558467))
	  ->  Bitmap Index Scan on sbtest2_pkey  (cost=0.00..27.75 rows=1132 width=0)
	        Index Cond: ((id >= 1557468) AND (id <= 1558467))

table 3 : explain SELECT c FROM sbtest3 WHERE id BETWEEN 6681542 AND 6682541
	Bitmap Heap Scan on sbtest3  (cost=22.53..3804.42 rows=985 width=121)
	  Recheck Cond: ((id >= 6681542) AND (id <= 6682541))
	  ->  Bitmap Index Scan on sbtest3_pkey  (cost=0.00..22.29 rows=985 width=0)
	        Index Cond: ((id >= 6681542) AND (id <= 6682541))

table 4 : explain SELECT c FROM sbtest4 WHERE id BETWEEN 4715044 AND 4716043
	Bitmap Heap Scan on sbtest4  (cost=22.20..3684.84 rows=953 width=121)
	  Recheck Cond: ((id >= 4715044) AND (id <= 4716043))
	  ->  Bitmap Index Scan on sbtest4_pkey  (cost=0.00..21.96 rows=953 width=0)
	        Index Cond: ((id >= 4715044) AND (id <= 4716043))

table 5 : explain SELECT c FROM sbtest5 WHERE id BETWEEN 7766519 AND 7767518
	Bitmap Heap Scan on sbtest5  (cost=23.52..4166.84 rows=1081 width=121)
	  Recheck Cond: ((id >= 7766519) AND (id <= 7767518))
	  ->  Bitmap Index Scan on sbtest5_pkey  (cost=0.00..23.25 rows=1081 width=0)
	        Index Cond: ((id >= 7766519) AND (id <= 7767518))

table 6 : explain SELECT c FROM sbtest6 WHERE id BETWEEN 1798491 AND 1799490
	Bitmap Heap Scan on sbtest6  (cost=22.33..3730.20 rows=965 width=121)
	  Recheck Cond: ((id >= 1798491) AND (id <= 1799490))
	  ->  Bitmap Index Scan on sbtest6_pkey  (cost=0.00..22.08 rows=965 width=0)
	        Index Cond: ((id >= 1798491) AND (id <= 1799490))

table 7 : explain SELECT c FROM sbtest7 WHERE id BETWEEN 5247804 AND 5248803
	Bitmap Heap Scan on sbtest7  (cost=23.34..4104.13 rows=1064 width=121)
	  Recheck Cond: ((id >= 5247804) AND (id <= 5248803))
	  ->  Bitmap Index Scan on sbtest7_pkey  (cost=0.00..23.07 rows=1064 width=0)
	        Index Cond: ((id >= 5247804) AND (id <= 5248803))

table 8 : explain SELECT c FROM sbtest8 WHERE id BETWEEN 2092077 AND 2093076
	Bitmap Heap Scan on sbtest8  (cost=22.70..3866.89 rows=1001 width=121)
	  Recheck Cond: ((id >= 2092077) AND (id <= 2093076))
	  ->  Bitmap Index Scan on sbtest8_pkey  (cost=0.00..22.44 rows=1001 width=0)
	        Index Cond: ((id >= 2092077) AND (id <= 2093076))

for: order_ranges
table 1 : explain SELECT c FROM sbtest1 WHERE id BETWEEN 2845275 AND 2846274 ORDER BY c
	Sort  (cost=3924.78..3927.29 rows=1004 width=121)
	  Sort Key: c
	  ->  Bitmap Heap Scan on sbtest1  (cost=22.73..3874.72 rows=1004 width=121)
	        Recheck Cond: ((id >= 2845275) AND (id <= 2846274))
	        ->  Bitmap Index Scan on sbtest1_pkey  (cost=0.00..22.47 rows=1004 width=0)
	              Index Cond: ((id >= 2845275) AND (id <= 2846274))

table 2 : explain SELECT c FROM sbtest2 WHERE id BETWEEN 1898857 AND 1899856 ORDER BY c
	Sort  (cost=3845.68..3848.14 rows=983 width=121)
	  Sort Key: c
	  ->  Bitmap Heap Scan on sbtest2  (cost=22.51..3796.82 rows=983 width=121)
	        Recheck Cond: ((id >= 1898857) AND (id <= 1899856))
	        ->  Bitmap Index Scan on sbtest2_pkey  (cost=0.00..22.26 rows=983 width=0)
	              Index Cond: ((id >= 1898857) AND (id <= 1899856))

table 3 : explain SELECT c FROM sbtest3 WHERE id BETWEEN 4681747 AND 4682746 ORDER BY c
	Sort  (cost=3719.46..3721.83 rows=950 width=121)
	  Sort Key: c
	  ->  Bitmap Heap Scan on sbtest3  (cost=22.17..3672.47 rows=950 width=121)
	        Recheck Cond: ((id >= 4681747) AND (id <= 4682746))
	        ->  Bitmap Index Scan on sbtest3_pkey  (cost=0.00..21.93 rows=950 width=0)
	              Index Cond: ((id >= 4681747) AND (id <= 4682746))

table 4 : explain SELECT c FROM sbtest4 WHERE id BETWEEN 8441059 AND 8442058 ORDER BY c
	Sort  (cost=3976.89..3979.43 rows=1017 width=121)
	  Sort Key: c
	  ->  Bitmap Heap Scan on sbtest4  (cost=22.86..3926.09 rows=1017 width=121)
	        Recheck Cond: ((id >= 8441059) AND (id <= 8442058))
	        ->  Bitmap Index Scan on sbtest4_pkey  (cost=0.00..22.61 rows=1017 width=0)
	              Index Cond: ((id >= 8441059) AND (id <= 8442058))

table 5 : explain SELECT c FROM sbtest5 WHERE id BETWEEN 9411013 AND 9412012 ORDER BY c
	Sort  (cost=3919.56..3922.07 rows=1002 width=121)
	  Sort Key: c
	  ->  Bitmap Heap Scan on sbtest5  (cost=22.71..3869.62 rows=1002 width=121)
	        Recheck Cond: ((id >= 9411013) AND (id <= 9412012))
	        ->  Bitmap Index Scan on sbtest5_pkey  (cost=0.00..22.45 rows=1002 width=0)
	              Index Cond: ((id >= 9411013) AND (id <= 9412012))

table 6 : explain SELECT c FROM sbtest6 WHERE id BETWEEN 7985053 AND 7986052 ORDER BY c
	Sort  (cost=3551.91..3554.18 rows=906 width=121)
	  Sort Key: c
	  ->  Bitmap Heap Scan on sbtest6  (cost=21.72..3507.41 rows=906 width=121)
	        Recheck Cond: ((id >= 7985053) AND (id <= 7986052))
	        ->  Bitmap Index Scan on sbtest6_pkey  (cost=0.00..21.50 rows=906 width=0)
	              Index Cond: ((id >= 7985053) AND (id <= 7986052))

table 7 : explain SELECT c FROM sbtest7 WHERE id BETWEEN 9176095 AND 9177094 ORDER BY c
	Sort  (cost=3717.69..3720.07 rows=949 width=121)
	  Sort Key: c
	  ->  Bitmap Heap Scan on sbtest7  (cost=22.16..3670.76 rows=949 width=121)
	        Recheck Cond: ((id >= 9176095) AND (id <= 9177094))
	        ->  Bitmap Index Scan on sbtest7_pkey  (cost=0.00..21.93 rows=949 width=0)
	              Index Cond: ((id >= 9176095) AND (id <= 9177094))

table 8 : explain SELECT c FROM sbtest8 WHERE id BETWEEN 5745145 AND 5746144 ORDER BY c
	Sort  (cost=4192.13..4194.81 rows=1072 width=121)
	  Sort Key: c
	  ->  Bitmap Heap Scan on sbtest8  (cost=27.42..4138.18 rows=1072 width=121)
	        Recheck Cond: ((id >= 5745145) AND (id <= 5746144))
	        ->  Bitmap Index Scan on sbtest8_pkey  (cost=0.00..27.15 rows=1072 width=0)
	              Index Cond: ((id >= 5745145) AND (id <= 5746144))

for: simple_ranges
table 1 : explain SELECT c FROM sbtest1 WHERE id BETWEEN 2021854 AND 2022853
	Bitmap Heap Scan on sbtest1  (cost=22.05..3626.04 rows=938 width=121)
	  Recheck Cond: ((id >= 2021854) AND (id <= 2022853))
	  ->  Bitmap Index Scan on sbtest1_pkey  (cost=0.00..21.82 rows=938 width=0)
	        Index Cond: ((id >= 2021854) AND (id <= 2022853))

table 2 : explain SELECT c FROM sbtest2 WHERE id BETWEEN 2856392 AND 2857391
	Bitmap Heap Scan on sbtest2  (cost=27.79..4267.09 rows=1108 width=121)
	  Recheck Cond: ((id >= 2856392) AND (id <= 2857391))
	  ->  Bitmap Index Scan on sbtest2_pkey  (cost=0.00..27.51 rows=1108 width=0)
	        Index Cond: ((id >= 2856392) AND (id <= 2857391))

table 3 : explain SELECT c FROM sbtest3 WHERE id BETWEEN 6485367 AND 6486366
	Bitmap Heap Scan on sbtest3  (cost=22.86..3924.93 rows=1017 width=121)
	  Recheck Cond: ((id >= 6485367) AND (id <= 6486366))
	  ->  Bitmap Index Scan on sbtest3_pkey  (cost=0.00..22.61 rows=1017 width=0)
	        Index Cond: ((id >= 6485367) AND (id <= 6486366))

table 4 : explain SELECT c FROM sbtest4 WHERE id BETWEEN 5624077 AND 5625076
	Bitmap Heap Scan on sbtest4  (cost=23.30..4087.88 rows=1060 width=121)
	  Recheck Cond: ((id >= 5624077) AND (id <= 5625076))
	  ->  Bitmap Index Scan on sbtest4_pkey  (cost=0.00..23.04 rows=1060 width=0)
	        Index Cond: ((id >= 5624077) AND (id <= 5625076))

table 5 : explain SELECT c FROM sbtest5 WHERE id BETWEEN 4833441 AND 4834440
	Bitmap Heap Scan on sbtest5  (cost=23.46..4148.05 rows=1076 width=121)
	  Recheck Cond: ((id >= 4833441) AND (id <= 4834440))
	  ->  Bitmap Index Scan on sbtest5_pkey  (cost=0.00..23.19 rows=1076 width=0)
	        Index Cond: ((id >= 4833441) AND (id <= 4834440))

table 6 : explain SELECT c FROM sbtest6 WHERE id BETWEEN 8383078 AND 8384077
	Bitmap Heap Scan on sbtest6  (cost=23.02..3986.42 rows=1033 width=121)
	  Recheck Cond: ((id >= 8383078) AND (id <= 8384077))
	  ->  Bitmap Index Scan on sbtest6_pkey  (cost=0.00..22.76 rows=1033 width=0)
	        Index Cond: ((id >= 8383078) AND (id <= 8384077))

table 7 : explain SELECT c FROM sbtest7 WHERE id BETWEEN 5885921 AND 5886920
	Bitmap Heap Scan on sbtest7  (cost=22.89..3938.52 rows=1020 width=121)
	  Recheck Cond: ((id >= 5885921) AND (id <= 5886920))
	  ->  Bitmap Index Scan on sbtest7_pkey  (cost=0.00..22.64 rows=1020 width=0)
	        Index Cond: ((id >= 5885921) AND (id <= 5886920))

table 8 : explain SELECT c FROM sbtest8 WHERE id BETWEEN 8744788 AND 8745787
	Bitmap Heap Scan on sbtest8  (cost=22.33..3731.13 rows=965 width=121)
	  Recheck Cond: ((id >= 8744788) AND (id <= 8745787))
	  ->  Bitmap Index Scan on sbtest8_pkey  (cost=0.00..22.08 rows=965 width=0)
	        Index Cond: ((id >= 8744788) AND (id <= 8745787))

for: sum_ranges
table 1 : explain SELECT SUM(k) FROM sbtest1 WHERE id BETWEEN 4171315 AND 4172314
	Aggregate  (cost=3862.16..3862.17 rows=1 width=8)
	  ->  Bitmap Heap Scan on sbtest1  (cost=22.68..3859.66 rows=1000 width=4)
	        Recheck Cond: ((id >= 4171315) AND (id <= 4172314))
	        ->  Bitmap Index Scan on sbtest1_pkey  (cost=0.00..22.43 rows=1000 width=0)
	              Index Cond: ((id >= 4171315) AND (id <= 4172314))

table 2 : explain SELECT SUM(k) FROM sbtest2 WHERE id BETWEEN 3186645 AND 3187644
	Aggregate  (cost=3912.33..3912.34 rows=1 width=8)
	  ->  Bitmap Heap Scan on sbtest2  (cost=22.82..3909.80 rows=1013 width=4)
	        Recheck Cond: ((id >= 3186645) AND (id <= 3187644))
	        ->  Bitmap Index Scan on sbtest2_pkey  (cost=0.00..22.57 rows=1013 width=0)
	              Index Cond: ((id >= 3186645) AND (id <= 3187644))

table 3 : explain SELECT SUM(k) FROM sbtest3 WHERE id BETWEEN 3353325 AND 3354324
	Aggregate  (cost=3852.12..3852.13 rows=1 width=8)
	  ->  Bitmap Heap Scan on sbtest3  (cost=22.65..3849.63 rows=997 width=4)
	        Recheck Cond: ((id >= 3353325) AND (id <= 3354324))
	        ->  Bitmap Index Scan on sbtest3_pkey  (cost=0.00..22.40 rows=997 width=0)
	              Index Cond: ((id >= 3353325) AND (id <= 3354324))

table 4 : explain SELECT SUM(k) FROM sbtest4 WHERE id BETWEEN 1098458 AND 1099457
	Aggregate  (cost=3694.77..3694.78 rows=1 width=8)
	  ->  Bitmap Heap Scan on sbtest4  (cost=22.22..3692.39 rows=955 width=4)
	        Recheck Cond: ((id >= 1098458) AND (id <= 1099457))
	        ->  Bitmap Index Scan on sbtest4_pkey  (cost=0.00..21.98 rows=955 width=0)
	              Index Cond: ((id >= 1098458) AND (id <= 1099457))

table 5 : explain SELECT SUM(k) FROM sbtest5 WHERE id BETWEEN 6458197 AND 6459196
	Aggregate  (cost=4455.21..4455.22 rows=1 width=8)
	  ->  Bitmap Heap Scan on sbtest5  (cost=28.29..4452.32 rows=1157 width=4)
	        Recheck Cond: ((id >= 6458197) AND (id <= 6459196))
	        ->  Bitmap Index Scan on sbtest5_pkey  (cost=0.00..28.00 rows=1157 width=0)
	              Index Cond: ((id >= 6458197) AND (id <= 6459196))

table 6 : explain SELECT SUM(k) FROM sbtest6 WHERE id BETWEEN 4763746 AND 4764745
	Aggregate  (cost=3486.98..3486.99 rows=1 width=8)
	  ->  Bitmap Heap Scan on sbtest6  (cost=21.66..3484.73 rows=900 width=4)
	        Recheck Cond: ((id >= 4763746) AND (id <= 4764745))
	        ->  Bitmap Index Scan on sbtest6_pkey  (cost=0.00..21.43 rows=900 width=0)
	              Index Cond: ((id >= 4763746) AND (id <= 4764745))

table 7 : explain SELECT SUM(k) FROM sbtest7 WHERE id BETWEEN 6356169 AND 6357168
	Aggregate  (cost=3744.90..3744.91 rows=1 width=8)
	  ->  Bitmap Heap Scan on sbtest7  (cost=22.36..3742.48 rows=968 width=4)
	        Recheck Cond: ((id >= 6356169) AND (id <= 6357168))
	        ->  Bitmap Index Scan on sbtest7_pkey  (cost=0.00..22.11 rows=968 width=0)
	              Index Cond: ((id >= 6356169) AND (id <= 6357168))

table 8 : explain SELECT SUM(k) FROM sbtest8 WHERE id BETWEEN 4695624 AND 4696623
	Aggregate  (cost=3377.99..3378.00 rows=1 width=8)
	  ->  Bitmap Heap Scan on sbtest8  (cost=21.36..3375.81 rows=871 width=4)
	        Recheck Cond: ((id >= 4695624) AND (id <= 4696623))
	        ->  Bitmap Index Scan on sbtest8_pkey  (cost=0.00..21.14 rows=871 width=0)
	              Index Cond: ((id >= 4695624) AND (id <= 4696623))

for: sum_ranges
table 1 : explain SELECT SUM(k) FROM sbtest1 WHERE id BETWEEN 6233912 AND 6234911
	Aggregate  (cost=3688.77..3688.78 rows=1 width=8)
	  ->  Bitmap Heap Scan on sbtest1  (cost=22.21..3686.38 rows=954 width=4)
	        Recheck Cond: ((id >= 6233912) AND (id <= 6234911))
	        ->  Bitmap Index Scan on sbtest1_pkey  (cost=0.00..21.97 rows=954 width=0)
	              Index Cond: ((id >= 6233912) AND (id <= 6234911))

table 2 : explain SELECT SUM(k) FROM sbtest2 WHERE id BETWEEN 9930185 AND 9931184
	Aggregate  (cost=3855.82..3855.83 rows=1 width=8)
	  ->  Bitmap Heap Scan on sbtest2  (cost=22.66..3853.32 rows=998 width=4)
	        Recheck Cond: ((id >= 9930185) AND (id <= 9931184))
	        ->  Bitmap Index Scan on sbtest2_pkey  (cost=0.00..22.41 rows=998 width=0)
	              Index Cond: ((id >= 9930185) AND (id <= 9931184))

table 3 : explain SELECT SUM(k) FROM sbtest3 WHERE id BETWEEN 3072185 AND 3073184
	Aggregate  (cost=3682.39..3682.40 rows=1 width=8)
	  ->  Bitmap Heap Scan on sbtest3  (cost=22.19..3680.01 rows=952 width=4)
	        Recheck Cond: ((id >= 3072185) AND (id <= 3073184))
	        ->  Bitmap Index Scan on sbtest3_pkey  (cost=0.00..21.95 rows=952 width=0)
	              Index Cond: ((id >= 3072185) AND (id <= 3073184))

table 4 : explain SELECT SUM(k) FROM sbtest4 WHERE id BETWEEN 5672383 AND 5673382
	Aggregate  (cost=4090.53..4090.54 rows=1 width=8)
	  ->  Bitmap Heap Scan on sbtest4  (cost=23.30..4087.88 rows=1060 width=4)
	        Recheck Cond: ((id >= 5672383) AND (id <= 5673382))
	        ->  Bitmap Index Scan on sbtest4_pkey  (cost=0.00..23.04 rows=1060 width=0)
	              Index Cond: ((id >= 5672383) AND (id <= 5673382))

table 5 : explain SELECT SUM(k) FROM sbtest5 WHERE id BETWEEN 5730180 AND 5731179
	Aggregate  (cost=4026.58..4026.59 rows=1 width=8)
	  ->  Bitmap Heap Scan on sbtest5  (cost=23.13..4023.97 rows=1043 width=4)
	        Recheck Cond: ((id >= 5730180) AND (id <= 5731179))
	        ->  Bitmap Index Scan on sbtest5_pkey  (cost=0.00..22.86 rows=1043 width=0)
	              Index Cond: ((id >= 5730180) AND (id <= 5731179))

table 6 : explain SELECT SUM(k) FROM sbtest6 WHERE id BETWEEN 5979589 AND 5980588
	Aggregate  (cost=4320.19..4320.20 rows=1 width=8)
	  ->  Bitmap Heap Scan on sbtest6  (cost=27.93..4317.39 rows=1121 width=4)
	        Recheck Cond: ((id >= 5979589) AND (id <= 5980588))
	        ->  Bitmap Index Scan on sbtest6_pkey  (cost=0.00..27.64 rows=1121 width=0)
	              Index Cond: ((id >= 5979589) AND (id <= 5980588))

table 7 : explain SELECT SUM(k) FROM sbtest7 WHERE id BETWEEN 2676388 AND 2677387
	Aggregate  (cost=3956.15..3956.16 rows=1 width=8)
	  ->  Bitmap Heap Scan on sbtest7  (cost=22.93..3953.59 rows=1024 width=4)
	        Recheck Cond: ((id >= 2676388) AND (id <= 2677387))
	        ->  Bitmap Index Scan on sbtest7_pkey  (cost=0.00..22.68 rows=1024 width=0)
	              Index Cond: ((id >= 2676388) AND (id <= 2677387))

table 8 : explain SELECT SUM(k) FROM sbtest8 WHERE id BETWEEN 6203619 AND 6204618
	Aggregate  (cost=3892.02..3892.03 rows=1 width=8)
	  ->  Bitmap Heap Scan on sbtest8  (cost=22.76..3889.51 rows=1007 width=4)
	        Recheck Cond: ((id >= 6203619) AND (id <= 6204618))
	        ->  Bitmap Index Scan on sbtest8_pkey  (cost=0.00..22.50 rows=1007 width=0)
	              Index Cond: ((id >= 6203619) AND (id <= 6204618))

for: order_ranges
table 1 : explain SELECT c FROM sbtest1 WHERE id BETWEEN 8157835 AND 8158834 ORDER BY c
	Sort  (cost=4245.27..4247.99 rows=1088 width=121)
	  Sort Key: c
	  ->  Bitmap Heap Scan on sbtest1  (cost=23.59..4190.39 rows=1088 width=121)
	        Recheck Cond: ((id >= 8157835) AND (id <= 8158834))
	        ->  Bitmap Index Scan on sbtest1_pkey  (cost=0.00..23.32 rows=1088 width=0)
	              Index Cond: ((id >= 8157835) AND (id <= 8158834))

table 2 : explain SELECT c FROM sbtest2 WHERE id BETWEEN 6174201 AND 6175200 ORDER BY c
	Sort  (cost=4029.13..4031.71 rows=1031 width=121)
	  Sort Key: c
	  ->  Bitmap Heap Scan on sbtest2  (cost=23.00..3977.53 rows=1031 width=121)
	        Recheck Cond: ((id >= 6174201) AND (id <= 6175200))
	        ->  Bitmap Index Scan on sbtest2_pkey  (cost=0.00..22.75 rows=1031 width=0)
	              Index Cond: ((id >= 6174201) AND (id <= 6175200))

table 3 : explain SELECT c FROM sbtest3 WHERE id BETWEEN 4593951 AND 4594950 ORDER BY c
	Sort  (cost=3719.46..3721.83 rows=950 width=121)
	  Sort Key: c
	  ->  Bitmap Heap Scan on sbtest3  (cost=22.17..3672.47 rows=950 width=121)
	        Recheck Cond: ((id >= 4593951) AND (id <= 4594950))
	        ->  Bitmap Index Scan on sbtest3_pkey  (cost=0.00..21.93 rows=950 width=0)
	              Index Cond: ((id >= 4593951) AND (id <= 4594950))

table 4 : explain SELECT c FROM sbtest4 WHERE id BETWEEN 9736553 AND 9737552 ORDER BY c
	Sort  (cost=3793.27..3795.69 rows=969 width=121)
	  Sort Key: c
	  ->  Bitmap Heap Scan on sbtest4  (cost=22.37..3745.20 rows=969 width=121)
	        Recheck Cond: ((id >= 9736553) AND (id <= 9737552))
	        ->  Bitmap Index Scan on sbtest4_pkey  (cost=0.00..22.12 rows=969 width=0)
	              Index Cond: ((id >= 9736553) AND (id <= 9737552))

table 5 : explain SELECT c FROM sbtest5 WHERE id BETWEEN 1670818 AND 1671817 ORDER BY c
	Sort  (cost=4358.85..4361.64 rows=1117 width=121)
	  Sort Key: c
	  ->  Bitmap Heap Scan on sbtest5  (cost=27.88..4302.30 rows=1117 width=121)
	        Recheck Cond: ((id >= 1670818) AND (id <= 1671817))
	        ->  Bitmap Index Scan on sbtest5_pkey  (cost=0.00..27.61 rows=1117 width=0)
	              Index Cond: ((id >= 1670818) AND (id <= 1671817))

table 6 : explain SELECT c FROM sbtest6 WHERE id BETWEEN 3109126 AND 3110125 ORDER BY c
	Sort  (cost=4061.05..4063.65 rows=1039 width=121)
	  Sort Key: c
	  ->  Bitmap Heap Scan on sbtest6  (cost=23.08..4009.00 rows=1039 width=121)
	        Recheck Cond: ((id >= 3109126) AND (id <= 3110125))
	        ->  Bitmap Index Scan on sbtest6_pkey  (cost=0.00..22.82 rows=1039 width=0)
	              Index Cond: ((id >= 3109126) AND (id <= 3110125))

table 7 : explain SELECT c FROM sbtest7 WHERE id BETWEEN 5363748 AND 5364747 ORDER BY c
	Sort  (cost=3882.38..3884.86 rows=992 width=121)
	  Sort Key: c
	  ->  Bitmap Heap Scan on sbtest7  (cost=22.60..3833.00 rows=992 width=121)
	        Recheck Cond: ((id >= 5363748) AND (id <= 5364747))
	        ->  Bitmap Index Scan on sbtest7_pkey  (cost=0.00..22.36 rows=992 width=0)
	              Index Cond: ((id >= 5363748) AND (id <= 5364747))

table 8 : explain SELECT c FROM sbtest8 WHERE id BETWEEN 7910034 AND 7911033 ORDER BY c
	Sort  (cost=4375.33..4378.13 rows=1121 width=121)
	  Sort Key: c
	  ->  Bitmap Heap Scan on sbtest8  (cost=27.93..4318.54 rows=1121 width=121)
	        Recheck Cond: ((id >= 7910034) AND (id <= 7911033))
	        ->  Bitmap Index Scan on sbtest8_pkey  (cost=0.00..27.64 rows=1121 width=0)
	              Index Cond: ((id >= 7910034) AND (id <= 7911033))

for: sum_ranges
table 1 : explain SELECT SUM(k) FROM sbtest1 WHERE id BETWEEN 8364202 AND 8365201
	Aggregate  (cost=3877.23..3877.24 rows=1 width=8)
	  ->  Bitmap Heap Scan on sbtest1  (cost=22.73..3874.72 rows=1004 width=4)
	        Recheck Cond: ((id >= 8364202) AND (id <= 8365201))
	        ->  Bitmap Index Scan on sbtest1_pkey  (cost=0.00..22.47 rows=1004 width=0)
	              Index Cond: ((id >= 8364202) AND (id <= 8365201))

table 2 : explain SELECT SUM(k) FROM sbtest2 WHERE id BETWEEN 385352 AND 386351
	Aggregate  (cost=4047.85..4047.86 rows=1 width=8)
	  ->  Bitmap Heap Scan on sbtest2  (cost=23.19..4045.22 rows=1049 width=4)
	        Recheck Cond: ((id >= 385352) AND (id <= 386351))
	        ->  Bitmap Index Scan on sbtest2_pkey  (cost=0.00..22.93 rows=1049 width=0)
	              Index Cond: ((id >= 385352) AND (id <= 386351))

table 3 : explain SELECT SUM(k) FROM sbtest3 WHERE id BETWEEN 201744 AND 202743
	Aggregate  (cost=3523.74..3523.75 rows=1 width=8)
	  ->  Bitmap Heap Scan on sbtest3  (cost=21.76..3521.46 rows=910 width=4)
	        Recheck Cond: ((id >= 201744) AND (id <= 202743))
	        ->  Bitmap Index Scan on sbtest3_pkey  (cost=0.00..21.54 rows=910 width=0)
	              Index Cond: ((id >= 201744) AND (id <= 202743))

table 4 : explain SELECT SUM(k) FROM sbtest4 WHERE id BETWEEN 3922455 AND 3923454
	Aggregate  (cost=3706.10..3706.11 rows=1 width=8)
	  ->  Bitmap Heap Scan on sbtest4  (cost=22.25..3703.71 rows=958 width=4)
	        Recheck Cond: ((id >= 3922455) AND (id <= 3923454))
	        ->  Bitmap Index Scan on sbtest4_pkey  (cost=0.00..22.01 rows=958 width=0)
	              Index Cond: ((id >= 3922455) AND (id <= 3923454))

table 5 : explain SELECT SUM(k) FROM sbtest5 WHERE id BETWEEN 9944286 AND 9945285
	Aggregate  (cost=3751.42..3751.43 rows=1 width=8)
	  ->  Bitmap Heap Scan on sbtest5  (cost=22.38..3749.00 rows=970 width=4)
	        Recheck Cond: ((id >= 9944286) AND (id <= 9945285))
	        ->  Bitmap Index Scan on sbtest5_pkey  (cost=0.00..22.14 rows=970 width=0)
	              Index Cond: ((id >= 9944286) AND (id <= 9945285))

table 6 : explain SELECT SUM(k) FROM sbtest6 WHERE id BETWEEN 955393 AND 956392
	Aggregate  (cost=4188.42..4188.43 rows=1 width=8)
	  ->  Bitmap Heap Scan on sbtest6  (cost=23.57..4185.70 rows=1086 width=4)
	        Recheck Cond: ((id >= 955393) AND (id <= 956392))
	        ->  Bitmap Index Scan on sbtest6_pkey  (cost=0.00..23.29 rows=1086 width=0)
	              Index Cond: ((id >= 955393) AND (id <= 956392))

table 7 : explain SELECT SUM(k) FROM sbtest7 WHERE id BETWEEN 7314515 AND 7315514
	Aggregate  (cost=4204.84..4204.85 rows=1 width=8)
	  ->  Bitmap Heap Scan on sbtest7  (cost=27.60..4202.12 rows=1089 width=4)
	        Recheck Cond: ((id >= 7314515) AND (id <= 7315514))
	        ->  Bitmap Index Scan on sbtest7_pkey  (cost=0.00..27.32 rows=1089 width=0)
	              Index Cond: ((id >= 7314515) AND (id <= 7315514))

table 8 : explain SELECT SUM(k) FROM sbtest8 WHERE id BETWEEN 802475 AND 803474
	Aggregate  (cost=3790.17..3790.18 rows=1 width=8)
	  ->  Bitmap Heap Scan on sbtest8  (cost=22.48..3787.72 rows=980 width=4)
	        Recheck Cond: ((id >= 802475) AND (id <= 803474))
	        ->  Bitmap Index Scan on sbtest8_pkey  (cost=0.00..22.23 rows=980 width=0)
	              Index Cond: ((id >= 802475) AND (id <= 803474))

for point_selects
table 1 : explain SELECT c FROM sbtest1 WHERE id=9372673
	Index Scan using sbtest1_pkey on sbtest1  (cost=0.43..8.45 rows=1 width=121)
	  Index Cond: (id = 9372673)

table 2 : explain SELECT c FROM sbtest2 WHERE id=8702671
	Index Scan using sbtest2_pkey on sbtest2  (cost=0.43..8.45 rows=1 width=121)
	  Index Cond: (id = 8702671)

table 3 : explain SELECT c FROM sbtest3 WHERE id=3382233
	Index Scan using sbtest3_pkey on sbtest3  (cost=0.43..8.45 rows=1 width=121)
	  Index Cond: (id = 3382233)

table 4 : explain SELECT c FROM sbtest4 WHERE id=4817786
	Index Scan using sbtest4_pkey on sbtest4  (cost=0.43..8.45 rows=1 width=121)
	  Index Cond: (id = 4817786)

table 5 : explain SELECT c FROM sbtest5 WHERE id=754107
	Index Scan using sbtest5_pkey on sbtest5  (cost=0.43..8.45 rows=1 width=121)
	  Index Cond: (id = 754107)

table 6 : explain SELECT c FROM sbtest6 WHERE id=12607
	Index Scan using sbtest6_pkey on sbtest6  (cost=0.43..8.45 rows=1 width=121)
	  Index Cond: (id = 12607)

table 7 : explain SELECT c FROM sbtest7 WHERE id=9850595
	Index Scan using sbtest7_pkey on sbtest7  (cost=0.43..8.45 rows=1 width=121)
	  Index Cond: (id = 9850595)

table 8 : explain SELECT c FROM sbtest8 WHERE id=6182622
	Index Scan using sbtest8_pkey on sbtest8  (cost=0.43..8.45 rows=1 width=121)
	  Index Cond: (id = 6182622)

for: sum_ranges
table 1 : explain SELECT SUM(k) FROM sbtest1 WHERE id BETWEEN 7021254 AND 7022253
	Aggregate  (cost=3560.42..3560.43 rows=1 width=8)
	  ->  Bitmap Heap Scan on sbtest1  (cost=21.87..3558.12 rows=920 width=4)
	        Recheck Cond: ((id >= 7021254) AND (id <= 7022253))
	        ->  Bitmap Index Scan on sbtest1_pkey  (cost=0.00..21.64 rows=920 width=0)
	              Index Cond: ((id >= 7021254) AND (id <= 7022253))

table 2 : explain SELECT SUM(k) FROM sbtest2 WHERE id BETWEEN 4633603 AND 4634602
	Aggregate  (cost=3720.07..3720.08 rows=1 width=8)
	  ->  Bitmap Heap Scan on sbtest2  (cost=22.30..3717.66 rows=962 width=4)
	        Recheck Cond: ((id >= 4633603) AND (id <= 4634602))
	        ->  Bitmap Index Scan on sbtest2_pkey  (cost=0.00..22.05 rows=962 width=0)
	              Index Cond: ((id >= 4633603) AND (id <= 4634602))

table 3 : explain SELECT SUM(k) FROM sbtest3 WHERE id BETWEEN 4424833 AND 4425832
	Aggregate  (cost=3833.27..3833.28 rows=1 width=8)
	  ->  Bitmap Heap Scan on sbtest3  (cost=22.60..3830.79 rows=992 width=4)
	        Recheck Cond: ((id >= 4424833) AND (id <= 4425832))
	        ->  Bitmap Index Scan on sbtest3_pkey  (cost=0.00..22.36 rows=992 width=0)
	              Index Cond: ((id >= 4424833) AND (id <= 4425832))

table 4 : explain SELECT SUM(k) FROM sbtest4 WHERE id BETWEEN 5626563 AND 5627562
	Aggregate  (cost=4090.53..4090.54 rows=1 width=8)
	  ->  Bitmap Heap Scan on sbtest4  (cost=23.30..4087.88 rows=1060 width=4)
	        Recheck Cond: ((id >= 5626563) AND (id <= 5627562))
	        ->  Bitmap Index Scan on sbtest4_pkey  (cost=0.00..23.04 rows=1060 width=0)
	              Index Cond: ((id >= 5626563) AND (id <= 5627562))

table 5 : explain SELECT SUM(k) FROM sbtest5 WHERE id BETWEEN 4785296 AND 4786295
	Aggregate  (cost=4150.74..4150.75 rows=1 width=8)
	  ->  Bitmap Heap Scan on sbtest5  (cost=23.46..4148.05 rows=1076 width=4)
	        Recheck Cond: ((id >= 4785296) AND (id <= 4786295))
	        ->  Bitmap Index Scan on sbtest5_pkey  (cost=0.00..23.19 rows=1076 width=0)
	              Index Cond: ((id >= 4785296) AND (id <= 4786295))

table 6 : explain SELECT SUM(k) FROM sbtest6 WHERE id BETWEEN 3145153 AND 3146152
	Aggregate  (cost=4011.59..4011.60 rows=1 width=8)
	  ->  Bitmap Heap Scan on sbtest6  (cost=23.08..4009.00 rows=1039 width=4)
	        Recheck Cond: ((id >= 3145153) AND (id <= 3146152))
	        ->  Bitmap Index Scan on sbtest6_pkey  (cost=0.00..22.82 rows=1039 width=0)
	              Index Cond: ((id >= 3145153) AND (id <= 3146152))

table 7 : explain SELECT SUM(k) FROM sbtest7 WHERE id BETWEEN 7108340 AND 7109339
	Aggregate  (cost=3692.03..3692.04 rows=1 width=8)
	  ->  Bitmap Heap Scan on sbtest7  (cost=22.21..3689.64 rows=954 width=4)
	        Recheck Cond: ((id >= 7108340) AND (id <= 7109339))
	        ->  Bitmap Index Scan on sbtest7_pkey  (cost=0.00..21.97 rows=954 width=0)
	              Index Cond: ((id >= 7108340) AND (id <= 7109339))

table 8 : explain SELECT SUM(k) FROM sbtest8 WHERE id BETWEEN 8414275 AND 8415274
	Aggregate  (cost=3688.21..3688.22 rows=1 width=8)
	  ->  Bitmap Heap Scan on sbtest8  (cost=22.20..3685.83 rows=953 width=4)
	        Recheck Cond: ((id >= 8414275) AND (id <= 8415274))
	        ->  Bitmap Index Scan on sbtest8_pkey  (cost=0.00..21.96 rows=953 width=0)
	              Index Cond: ((id >= 8414275) AND (id <= 8415274))

explain: for point_selects :: explain SELECT c FROM sbtest%u WHERE id=%u
explain: for point_selects :: explain SELECT c FROM sbtest%u WHERE id=%u
for: distinct_ranges
table 1 : explain SELECT DISTINCT c FROM sbtest1 WHERE id BETWEEN 5741500 AND 5742499 ORDER BY c
	Unique  (cost=4027.88..4033.04 rows=1031 width=121)
	  ->  Sort  (cost=4027.88..4030.46 rows=1031 width=121)
	        Sort Key: c
	        ->  Bitmap Heap Scan on sbtest1  (cost=23.00..3976.28 rows=1031 width=121)
	              Recheck Cond: ((id >= 5741500) AND (id <= 5742499))
	              ->  Bitmap Index Scan on sbtest1_pkey  (cost=0.00..22.75 rows=1031 width=0)
	                    Index Cond: ((id >= 5741500) AND (id <= 5742499))

table 2 : explain SELECT DISTINCT c FROM sbtest2 WHERE id BETWEEN 8399508 AND 8400507 ORDER BY c
	Unique  (cost=4006.22..4011.34 rows=1025 width=121)
	  ->  Sort  (cost=4006.22..4008.78 rows=1025 width=121)
	        Sort Key: c
	        ->  Bitmap Heap Scan on sbtest2  (cost=22.94..3954.96 rows=1025 width=121)
	              Recheck Cond: ((id >= 8399508) AND (id <= 8400507))
	              ->  Bitmap Index Scan on sbtest2_pkey  (cost=0.00..22.68 rows=1025 width=0)
	                    Index Cond: ((id >= 8399508) AND (id <= 8400507))

table 3 : explain SELECT DISTINCT c FROM sbtest3 WHERE id BETWEEN 9308814 AND 9309813 ORDER BY c
	Unique  (cost=3707.97..3712.70 rows=947 width=121)
	  ->  Sort  (cost=3707.97..3710.33 rows=947 width=121)
	        Sort Key: c
	        ->  Bitmap Heap Scan on sbtest3  (cost=22.14..3661.15 rows=947 width=121)
	              Recheck Cond: ((id >= 9308814) AND (id <= 9309813))
	              ->  Bitmap Index Scan on sbtest3_pkey  (cost=0.00..21.90 rows=947 width=0)
	                    Index Cond: ((id >= 9308814) AND (id <= 9309813))

table 4 : explain SELECT DISTINCT c FROM sbtest4 WHERE id BETWEEN 7558635 AND 7559634 ORDER BY c
	Unique  (cost=3697.52..3702.24 rows=944 width=121)
	  ->  Sort  (cost=3697.52..3699.88 rows=944 width=121)
	        Sort Key: c
	        ->  Bitmap Heap Scan on sbtest4  (cost=22.11..3650.87 rows=944 width=121)
	              Recheck Cond: ((id >= 7558635) AND (id <= 7559634))
	              ->  Bitmap Index Scan on sbtest4_pkey  (cost=0.00..21.87 rows=944 width=0)
	                    Index Cond: ((id >= 7558635) AND (id <= 7559634))

table 5 : explain SELECT DISTINCT c FROM sbtest5 WHERE id BETWEEN 9533290 AND 9534289 ORDER BY c
	Unique  (cost=3624.72..3629.34 rows=925 width=121)
	  ->  Sort  (cost=3624.72..3627.03 rows=925 width=121)
	        Sort Key: c
	        ->  Bitmap Heap Scan on sbtest5  (cost=21.92..3579.15 rows=925 width=121)
	              Recheck Cond: ((id >= 9533290) AND (id <= 9534289))
	              ->  Bitmap Index Scan on sbtest5_pkey  (cost=0.00..21.68 rows=925 width=0)
	                    Index Cond: ((id >= 9533290) AND (id <= 9534289))

table 6 : explain SELECT DISTINCT c FROM sbtest6 WHERE id BETWEEN 4823140 AND 4824139 ORDER BY c
	Unique  (cost=3628.61..3633.24 rows=926 width=121)
	  ->  Sort  (cost=3628.61..3630.93 rows=926 width=121)
	        Sort Key: c
	        ->  Bitmap Heap Scan on sbtest6  (cost=21.93..3582.99 rows=926 width=121)
	              Recheck Cond: ((id >= 4823140) AND (id <= 4824139))
	              ->  Bitmap Index Scan on sbtest6_pkey  (cost=0.00..21.69 rows=926 width=0)
	                    Index Cond: ((id >= 4823140) AND (id <= 4824139))

table 7 : explain SELECT DISTINCT c FROM sbtest7 WHERE id BETWEEN 4514622 AND 4515621 ORDER BY c
	Unique  (cost=3893.86..3898.83 rows=995 width=121)
	  ->  Sort  (cost=3893.86..3896.34 rows=995 width=121)
	        Sort Key: c
	        ->  Bitmap Heap Scan on sbtest7  (cost=22.63..3844.31 rows=995 width=121)
	              Recheck Cond: ((id >= 4514622) AND (id <= 4515621))
	              ->  Bitmap Index Scan on sbtest7_pkey  (cost=0.00..22.39 rows=995 width=0)
	                    Index Cond: ((id >= 4514622) AND (id <= 4515621))

table 8 : explain SELECT DISTINCT c FROM sbtest8 WHERE id BETWEEN 8963075 AND 8964074 ORDER BY c
	Unique  (cost=3621.81..3626.43 rows=924 width=121)
	  ->  Sort  (cost=3621.81..3624.12 rows=924 width=121)
	        Sort Key: c
	        ->  Bitmap Heap Scan on sbtest8  (cost=21.91..3576.29 rows=924 width=121)
	              Recheck Cond: ((id >= 8963075) AND (id <= 8964074))
	              ->  Bitmap Index Scan on sbtest8_pkey  (cost=0.00..21.68 rows=924 width=0)
	                    Index Cond: ((id >= 8963075) AND (id <= 8964074))

for: distinct_ranges
table 1 : explain SELECT DISTINCT c FROM sbtest1 WHERE id BETWEEN 716549 AND 717548 ORDER BY c
	Unique  (cost=3974.43..3979.52 rows=1017 width=121)
	  ->  Sort  (cost=3974.43..3976.97 rows=1017 width=121)
	        Sort Key: c
	        ->  Bitmap Heap Scan on sbtest1  (cost=22.86..3923.63 rows=1017 width=121)
	              Recheck Cond: ((id >= 716549) AND (id <= 717548))
	              ->  Bitmap Index Scan on sbtest1_pkey  (cost=0.00..22.61 rows=1017 width=0)
	                    Index Cond: ((id >= 716549) AND (id <= 717548))

table 2 : explain SELECT DISTINCT c FROM sbtest2 WHERE id BETWEEN 7673602 AND 7674601 ORDER BY c
	Unique  (cost=3822.73..3827.61 rows=977 width=121)
	  ->  Sort  (cost=3822.73..3825.17 rows=977 width=121)
	        Sort Key: c
	        ->  Bitmap Heap Scan on sbtest2  (cost=22.45..3774.21 rows=977 width=121)
	              Recheck Cond: ((id >= 7673602) AND (id <= 7674601))
	              ->  Bitmap Index Scan on sbtest2_pkey  (cost=0.00..22.20 rows=977 width=0)
	                    Index Cond: ((id >= 7673602) AND (id <= 7674601))

table 3 : explain SELECT DISTINCT c FROM sbtest3 WHERE id BETWEEN 4793549 AND 4794548 ORDER BY c
	Unique  (cost=3799.84..3804.69 rows=971 width=121)
	  ->  Sort  (cost=3799.84..3802.27 rows=971 width=121)
	        Sort Key: c
	        ->  Bitmap Heap Scan on sbtest3  (cost=22.39..3751.66 rows=971 width=121)
	              Recheck Cond: ((id >= 4793549) AND (id <= 4794548))
	              ->  Bitmap Index Scan on sbtest3_pkey  (cost=0.00..22.14 rows=971 width=0)
	                    Index Cond: ((id >= 4793549) AND (id <= 4794548))

table 4 : explain SELECT DISTINCT c FROM sbtest4 WHERE id BETWEEN 8998199 AND 8999198 ORDER BY c
	Unique  (cost=3988.35..3993.45 rows=1020 width=121)
	  ->  Sort  (cost=3988.35..3990.90 rows=1020 width=121)
	        Sort Key: c
	        ->  Bitmap Heap Scan on sbtest4  (cost=22.89..3937.38 rows=1020 width=121)
	              Recheck Cond: ((id >= 8998199) AND (id <= 8999198))
	              ->  Bitmap Index Scan on sbtest4_pkey  (cost=0.00..22.64 rows=1020 width=0)
	                    Index Cond: ((id >= 8998199) AND (id <= 8999198))

table 5 : explain SELECT DISTINCT c FROM sbtest5 WHERE id BETWEEN 3506156 AND 3507155 ORDER BY c
	Unique  (cost=3578.70..3583.27 rows=913 width=121)
	  ->  Sort  (cost=3578.70..3580.98 rows=913 width=121)
	        Sort Key: c
	        ->  Bitmap Heap Scan on sbtest5  (cost=21.79..3533.81 rows=913 width=121)
	              Recheck Cond: ((id >= 3506156) AND (id <= 3507155))
	              ->  Bitmap Index Scan on sbtest5_pkey  (cost=0.00..21.57 rows=913 width=0)
	                    Index Cond: ((id >= 3506156) AND (id <= 3507155))

table 6 : explain SELECT DISTINCT c FROM sbtest6 WHERE id BETWEEN 9799121 AND 9800120 ORDER BY c
	Unique  (cost=4156.52..4161.84 rows=1064 width=121)
	  ->  Sort  (cost=4156.52..4159.18 rows=1064 width=121)
	        Sort Key: c
	        ->  Bitmap Heap Scan on sbtest6  (cost=23.34..4103.02 rows=1064 width=121)
	              Recheck Cond: ((id >= 9799121) AND (id <= 9800120))
	              ->  Bitmap Index Scan on sbtest6_pkey  (cost=0.00..23.07 rows=1064 width=0)
	                    Index Cond: ((id >= 9799121) AND (id <= 9800120))

table 7 : explain SELECT DISTINCT c FROM sbtest7 WHERE id BETWEEN 3378252 AND 3379251 ORDER BY c
	Unique  (cost=4016.25..4021.39 rows=1027 width=121)
	  ->  Sort  (cost=4016.25..4018.82 rows=1027 width=121)
	        Sort Key: c
	        ->  Bitmap Heap Scan on sbtest7  (cost=22.96..3964.88 rows=1027 width=121)
	              Recheck Cond: ((id >= 3378252) AND (id <= 3379251))
	              ->  Bitmap Index Scan on sbtest7_pkey  (cost=0.00..22.70 rows=1027 width=0)
	                    Index Cond: ((id >= 3378252) AND (id <= 3379251))

table 8 : explain SELECT DISTINCT c FROM sbtest8 WHERE id BETWEEN 3259742 AND 3260741 ORDER BY c
	Unique  (cost=4100.47..4105.71 rows=1048 width=121)
	  ->  Sort  (cost=4100.47..4103.09 rows=1048 width=121)
	        Sort Key: c
	        ->  Bitmap Heap Scan on sbtest8  (cost=27.18..4047.90 rows=1048 width=121)
	              Recheck Cond: ((id >= 3259742) AND (id <= 3260741))
	              ->  Bitmap Index Scan on sbtest8_pkey  (cost=0.00..26.91 rows=1048 width=0)
	                    Index Cond: ((id >= 3259742) AND (id <= 3260741))

for: order_ranges
table 1 : explain SELECT c FROM sbtest1 WHERE id BETWEEN 7340505 AND 7341504 ORDER BY c
	Sort  (cost=3836.87..3839.32 rows=981 width=121)
	  Sort Key: c
	  ->  Bitmap Heap Scan on sbtest1  (cost=22.49..3788.12 rows=981 width=121)
	        Recheck Cond: ((id >= 7340505) AND (id <= 7341504))
	        ->  Bitmap Index Scan on sbtest1_pkey  (cost=0.00..22.25 rows=981 width=0)
	              Index Cond: ((id >= 7340505) AND (id <= 7341504))

table 2 : explain SELECT c FROM sbtest2 WHERE id BETWEEN 407484 AND 408483 ORDER BY c
	Sort  (cost=3876.27..3878.75 rows=991 width=121)
	  Sort Key: c
	  ->  Bitmap Heap Scan on sbtest2  (cost=22.59..3826.96 rows=991 width=121)
	        Recheck Cond: ((id >= 407484) AND (id <= 408483))
	        ->  Bitmap Index Scan on sbtest2_pkey  (cost=0.00..22.34 rows=991 width=0)
	              Index Cond: ((id >= 407484) AND (id <= 408483))

table 3 : explain SELECT c FROM sbtest3 WHERE id BETWEEN 8832161 AND 8833160 ORDER BY c
	Sort  (cost=4120.83..4123.47 rows=1055 width=121)
	  Sort Key: c
	  ->  Bitmap Heap Scan on sbtest3  (cost=23.25..4067.85 rows=1055 width=121)
	        Recheck Cond: ((id >= 8832161) AND (id <= 8833160))
	        ->  Bitmap Index Scan on sbtest3_pkey  (cost=0.00..22.98 rows=1055 width=0)
	              Index Cond: ((id >= 8832161) AND (id <= 8833160))

table 4 : explain SELECT c FROM sbtest4 WHERE id BETWEEN 3672539 AND 3673538 ORDER BY c
	Sort  (cost=4015.11..4017.67 rows=1027 width=121)
	  Sort Key: c
	  ->  Bitmap Heap Scan on sbtest4  (cost=22.96..3963.73 rows=1027 width=121)
	        Recheck Cond: ((id >= 3672539) AND (id <= 3673538))
	        ->  Bitmap Index Scan on sbtest4_pkey  (cost=0.00..22.70 rows=1027 width=0)
	              Index Cond: ((id >= 3672539) AND (id <= 3673538))

table 5 : explain SELECT c FROM sbtest5 WHERE id BETWEEN 8419721 AND 8420720 ORDER BY c
	Sort  (cost=3540.34..3542.60 rows=903 width=121)
	  Sort Key: c
	  ->  Bitmap Heap Scan on sbtest5  (cost=21.69..3496.01 rows=903 width=121)
	        Recheck Cond: ((id >= 8419721) AND (id <= 8420720))
	        ->  Bitmap Index Scan on sbtest5_pkey  (cost=0.00..21.46 rows=903 width=0)
	              Index Cond: ((id >= 8419721) AND (id <= 8420720))

table 6 : explain SELECT c FROM sbtest6 WHERE id BETWEEN 272385 AND 273384 ORDER BY c
	Sort  (cost=3984.63..3987.18 rows=1019 width=121)
	  Sort Key: c
	  ->  Bitmap Heap Scan on sbtest6  (cost=22.88..3933.72 rows=1019 width=121)
	        Recheck Cond: ((id >= 272385) AND (id <= 273384))
	        ->  Bitmap Index Scan on sbtest6_pkey  (cost=0.00..22.62 rows=1019 width=0)
	              Index Cond: ((id >= 272385) AND (id <= 273384))

table 7 : explain SELECT c FROM sbtest7 WHERE id BETWEEN 7354490 AND 7355489 ORDER BY c
	Sort  (cost=4257.05..4259.78 rows=1089 width=121)
	  Sort Key: c
	  ->  Bitmap Heap Scan on sbtest7  (cost=27.60..4202.12 rows=1089 width=121)
	        Recheck Cond: ((id >= 7354490) AND (id <= 7355489))
	        ->  Bitmap Index Scan on sbtest7_pkey  (cost=0.00..27.32 rows=1089 width=0)
	              Index Cond: ((id >= 7354490) AND (id <= 7355489))

table 8 : explain SELECT c FROM sbtest8 WHERE id BETWEEN 7606326 AND 7607325 ORDER BY c
	Sort  (cost=4108.11..4110.74 rows=1050 width=121)
	  Sort Key: c
	  ->  Bitmap Heap Scan on sbtest8  (cost=27.20..4055.42 rows=1050 width=121)
	        Recheck Cond: ((id >= 7606326) AND (id <= 7607325))
	        ->  Bitmap Index Scan on sbtest8_pkey  (cost=0.00..26.93 rows=1050 width=0)
	              Index Cond: ((id >= 7606326) AND (id <= 7607325))

for: order_ranges
table 1 : explain SELECT c FROM sbtest1 WHERE id BETWEEN 585113 AND 586112 ORDER BY c
	Sort  (cost=3653.21..3655.54 rows=933 width=121)
	  Sort Key: c
	  ->  Bitmap Heap Scan on sbtest1  (cost=22.00..3607.18 rows=933 width=121)
	        Recheck Cond: ((id >= 585113) AND (id <= 586112))
	        ->  Bitmap Index Scan on sbtest1_pkey  (cost=0.00..21.76 rows=933 width=0)
	              Index Cond: ((id >= 585113) AND (id <= 586112))

table 2 : explain SELECT c FROM sbtest2 WHERE id BETWEEN 6254908 AND 6255907 ORDER BY c
	Sort  (cost=4032.95..4035.53 rows=1032 width=121)
	  Sort Key: c
	  ->  Bitmap Heap Scan on sbtest2  (cost=23.01..3981.29 rows=1032 width=121)
	        Recheck Cond: ((id >= 6254908) AND (id <= 6255907))
	        ->  Bitmap Index Scan on sbtest2_pkey  (cost=0.00..22.75 rows=1032 width=0)
	              Index Cond: ((id >= 6254908) AND (id <= 6255907))

table 3 : explain SELECT c FROM sbtest3 WHERE id BETWEEN 6277191 AND 6278190 ORDER BY c
	Sort  (cost=3861.05..3863.51 rows=987 width=121)
	  Sort Key: c
	  ->  Bitmap Heap Scan on sbtest3  (cost=22.55..3811.96 rows=987 width=121)
	        Recheck Cond: ((id >= 6277191) AND (id <= 6278190))
	        ->  Bitmap Index Scan on sbtest3_pkey  (cost=0.00..22.30 rows=987 width=0)
	              Index Cond: ((id >= 6277191) AND (id <= 6278190))

table 4 : explain SELECT c FROM sbtest4 WHERE id BETWEEN 9292646 AND 9293645 ORDER BY c
	Sort  (cost=4301.56..4304.31 rows=1101 width=121)
	  Sort Key: c
	  ->  Bitmap Heap Scan on sbtest4  (cost=27.72..4245.93 rows=1101 width=121)
	        Recheck Cond: ((id >= 9292646) AND (id <= 9293645))
	        ->  Bitmap Index Scan on sbtest4_pkey  (cost=0.00..27.44 rows=1101 width=0)
	              Index Cond: ((id >= 9292646) AND (id <= 9293645))

table 5 : explain SELECT c FROM sbtest5 WHERE id BETWEEN 6917219 AND 6918218 ORDER BY c
	Sort  (cost=3862.18..3864.65 rows=987 width=121)
	  Sort Key: c
	  ->  Bitmap Heap Scan on sbtest5  (cost=22.55..3813.09 rows=987 width=121)
	        Recheck Cond: ((id >= 6917219) AND (id <= 6918218))
	        ->  Bitmap Index Scan on sbtest5_pkey  (cost=0.00..22.30 rows=987 width=0)
	              Index Cond: ((id >= 6917219) AND (id <= 6918218))

table 6 : explain SELECT c FROM sbtest6 WHERE id BETWEEN 8112461 AND 8113460 ORDER BY c
	Sort  (cost=3797.18..3799.61 rows=970 width=121)
	  Sort Key: c
	  ->  Bitmap Heap Scan on sbtest6  (cost=22.38..3749.06 rows=970 width=121)
	        Recheck Cond: ((id >= 8112461) AND (id <= 8113460))
	        ->  Bitmap Index Scan on sbtest6_pkey  (cost=0.00..22.14 rows=970 width=0)
	              Index Cond: ((id >= 8112461) AND (id <= 8113460))

table 7 : explain SELECT c FROM sbtest7 WHERE id BETWEEN 8835377 AND 8836376 ORDER BY c
	Sort  (cost=3920.64..3923.15 rows=1002 width=121)
	  Sort Key: c
	  ->  Bitmap Heap Scan on sbtest7  (cost=22.71..3870.70 rows=1002 width=121)
	        Recheck Cond: ((id >= 8835377) AND (id <= 8836376))
	        ->  Bitmap Index Scan on sbtest7_pkey  (cost=0.00..22.45 rows=1002 width=0)
	              Index Cond: ((id >= 8835377) AND (id <= 8836376))

table 8 : explain SELECT c FROM sbtest8 WHERE id BETWEEN 6183777 AND 6184776 ORDER BY c
	Sort  (cost=3939.73..3942.25 rows=1007 width=121)
	  Sort Key: c
	  ->  Bitmap Heap Scan on sbtest8  (cost=22.76..3889.51 rows=1007 width=121)
	        Recheck Cond: ((id >= 6183777) AND (id <= 6184776))
	        ->  Bitmap Index Scan on sbtest8_pkey  (cost=0.00..22.50 rows=1007 width=0)
	              Index Cond: ((id >= 6183777) AND (id <= 6184776))

for: order_ranges
table 1 : explain SELECT c FROM sbtest1 WHERE id BETWEEN 900779 AND 901778 ORDER BY c
	Sort  (cost=4310.30..4313.06 rows=1105 width=121)
	  Sort Key: c
	  ->  Bitmap Heap Scan on sbtest1  (cost=27.76..4254.44 rows=1105 width=121)
	        Recheck Cond: ((id >= 900779) AND (id <= 901778))
	        ->  Bitmap Index Scan on sbtest1_pkey  (cost=0.00..27.48 rows=1105 width=0)
	              Index Cond: ((id >= 900779) AND (id <= 901778))

table 2 : explain SELECT c FROM sbtest2 WHERE id BETWEEN 9009028 AND 9010027 ORDER BY c
	Sort  (cost=3677.26..3679.61 rows=939 width=121)
	  Sort Key: c
	  ->  Bitmap Heap Scan on sbtest2  (cost=22.06..3630.90 rows=939 width=121)
	        Recheck Cond: ((id >= 9009028) AND (id <= 9010027))
	        ->  Bitmap Index Scan on sbtest2_pkey  (cost=0.00..21.82 rows=939 width=0)
	              Index Cond: ((id >= 9009028) AND (id <= 9010027))

table 3 : explain SELECT c FROM sbtest3 WHERE id BETWEEN 8768020 AND 8769019 ORDER BY c
	Sort  (cost=3895.46..3897.95 rows=996 width=121)
	  Sort Key: c
	  ->  Bitmap Heap Scan on sbtest3  (cost=22.64..3845.86 rows=996 width=121)
	        Recheck Cond: ((id >= 8768020) AND (id <= 8769019))
	        ->  Bitmap Index Scan on sbtest3_pkey  (cost=0.00..22.39 rows=996 width=0)
	              Index Cond: ((id >= 8768020) AND (id <= 8769019))

table 4 : explain SELECT c FROM sbtest4 WHERE id BETWEEN 9494120 AND 9495119 ORDER BY c
	Sort  (cost=3950.13..3952.65 rows=1010 width=121)
	  Sort Key: c
	  ->  Bitmap Heap Scan on sbtest4  (cost=22.79..3899.73 rows=1010 width=121)
	        Recheck Cond: ((id >= 9494120) AND (id <= 9495119))
	        ->  Bitmap Index Scan on sbtest4_pkey  (cost=0.00..22.54 rows=1010 width=0)
	              Index Cond: ((id >= 9494120) AND (id <= 9495119))

table 5 : explain SELECT c FROM sbtest5 WHERE id BETWEEN 2298344 AND 2299343 ORDER BY c
	Sort  (cost=3747.34..3749.73 rows=957 width=121)
	  Sort Key: c
	  ->  Bitmap Heap Scan on sbtest5  (cost=22.24..3699.96 rows=957 width=121)
	        Recheck Cond: ((id >= 2298344) AND (id <= 2299343))
	        ->  Bitmap Index Scan on sbtest5_pkey  (cost=0.00..22.00 rows=957 width=0)
	              Index Cond: ((id >= 2298344) AND (id <= 2299343))

table 6 : explain SELECT c FROM sbtest6 WHERE id BETWEEN 613918 AND 614917 ORDER BY c
	Sort  (cost=3762.72..3765.13 rows=961 width=121)
	  Sort Key: c
	  ->  Bitmap Heap Scan on sbtest6  (cost=22.29..3715.11 rows=961 width=121)
	        Recheck Cond: ((id >= 613918) AND (id <= 614917))
	        ->  Bitmap Index Scan on sbtest6_pkey  (cost=0.00..22.04 rows=961 width=0)
	              Index Cond: ((id >= 613918) AND (id <= 614917))

table 7 : explain SELECT c FROM sbtest7 WHERE id BETWEEN 6280962 AND 6281961 ORDER BY c
	Sort  (cost=3790.49..3792.91 rows=968 width=121)
	  Sort Key: c
	  ->  Bitmap Heap Scan on sbtest7  (cost=22.36..3742.48 rows=968 width=121)
	        Recheck Cond: ((id >= 6280962) AND (id <= 6281961))
	        ->  Bitmap Index Scan on sbtest7_pkey  (cost=0.00..22.11 rows=968 width=0)
	              Index Cond: ((id >= 6280962) AND (id <= 6281961))

table 8 : explain SELECT c FROM sbtest8 WHERE id BETWEEN 6294022 AND 6295021 ORDER BY c
	Sort  (cost=4000.92..4003.48 rows=1023 width=121)
	  Sort Key: c
	  ->  Bitmap Heap Scan on sbtest8  (cost=22.92..3949.78 rows=1023 width=121)
	        Recheck Cond: ((id >= 6294022) AND (id <= 6295021))
	        ->  Bitmap Index Scan on sbtest8_pkey  (cost=0.00..22.66 rows=1023 width=0)
	              Index Cond: ((id >= 6294022) AND (id <= 6295021))

for: order_ranges
table 1 : explain SELECT c FROM sbtest1 WHERE id BETWEEN 1878991 AND 1879990 ORDER BY c
	Sort  (cost=4276.02..4278.76 rows=1096 width=121)
	  Sort Key: c
	  ->  Bitmap Heap Scan on sbtest1  (cost=27.67..4220.68 rows=1096 width=121)
	        Recheck Cond: ((id >= 1878991) AND (id <= 1879990))
	        ->  Bitmap Index Scan on sbtest1_pkey  (cost=0.00..27.39 rows=1096 width=0)
	              Index Cond: ((id >= 1878991) AND (id <= 1879990))

table 2 : explain SELECT c FROM sbtest2 WHERE id BETWEEN 2816248 AND 2817247 ORDER BY c
	Sort  (cost=4323.12..4325.89 rows=1108 width=121)
	  Sort Key: c
	  ->  Bitmap Heap Scan on sbtest2  (cost=27.79..4267.09 rows=1108 width=121)
	        Recheck Cond: ((id >= 2816248) AND (id <= 2817247))
	        ->  Bitmap Index Scan on sbtest2_pkey  (cost=0.00..27.51 rows=1108 width=0)
	              Index Cond: ((id >= 2816248) AND (id <= 2817247))

table 3 : explain SELECT c FROM sbtest3 WHERE id BETWEEN 2515399 AND 2516398 ORDER BY c
	Sort  (cost=4197.13..4199.82 rows=1075 width=121)
	  Sort Key: c
	  ->  Bitmap Heap Scan on sbtest3  (cost=23.45..4143.00 rows=1075 width=121)
	        Recheck Cond: ((id >= 2515399) AND (id <= 2516398))
	        ->  Bitmap Index Scan on sbtest3_pkey  (cost=0.00..23.18 rows=1075 width=0)
	              Index Cond: ((id >= 2515399) AND (id <= 2516398))

table 4 : explain SELECT c FROM sbtest4 WHERE id BETWEEN 8841439 AND 8842438 ORDER BY c
	Sort  (cost=3697.52..3699.88 rows=944 width=121)
	  Sort Key: c
	  ->  Bitmap Heap Scan on sbtest4  (cost=22.11..3650.87 rows=944 width=121)
	        Recheck Cond: ((id >= 8841439) AND (id <= 8842438))
	        ->  Bitmap Index Scan on sbtest4_pkey  (cost=0.00..21.87 rows=944 width=0)
	              Index Cond: ((id >= 8841439) AND (id <= 8842438))

table 5 : explain SELECT c FROM sbtest5 WHERE id BETWEEN 3679413 AND 3680412 ORDER BY c
	Sort  (cost=3574.87..3577.15 rows=912 width=121)
	  Sort Key: c
	  ->  Bitmap Heap Scan on sbtest5  (cost=21.78..3530.03 rows=912 width=121)
	        Recheck Cond: ((id >= 3679413) AND (id <= 3680412))
	        ->  Bitmap Index Scan on sbtest5_pkey  (cost=0.00..21.55 rows=912 width=0)
	              Index Cond: ((id >= 3679413) AND (id <= 3680412))

table 6 : explain SELECT c FROM sbtest6 WHERE id BETWEEN 3754145 AND 3755144 ORDER BY c
	Sort  (cost=3674.61..3676.96 rows=938 width=121)
	  Sort Key: c
	  ->  Bitmap Heap Scan on sbtest6  (cost=22.05..3628.31 rows=938 width=121)
	        Recheck Cond: ((id >= 3754145) AND (id <= 3755144))
	        ->  Bitmap Index Scan on sbtest6_pkey  (cost=0.00..21.82 rows=938 width=0)
	              Index Cond: ((id >= 3754145) AND (id <= 3755144))

table 7 : explain SELECT c FROM sbtest7 WHERE id BETWEEN 8148519 AND 8149518 ORDER BY c
	Sort  (cost=4157.62..4160.28 rows=1064 width=121)
	  Sort Key: c
	  ->  Bitmap Heap Scan on sbtest7  (cost=23.34..4104.13 rows=1064 width=121)
	        Recheck Cond: ((id >= 8148519) AND (id <= 8149518))
	        ->  Bitmap Index Scan on sbtest7_pkey  (cost=0.00..23.07 rows=1064 width=0)
	              Index Cond: ((id >= 8148519) AND (id <= 8149518))

table 8 : explain SELECT c FROM sbtest8 WHERE id BETWEEN 7747131 AND 7748130 ORDER BY c
	Sort  (cost=3602.63..3604.93 rows=919 width=121)
	  Sort Key: c
	  ->  Bitmap Heap Scan on sbtest8  (cost=21.85..3557.40 rows=919 width=121)
	        Recheck Cond: ((id >= 7747131) AND (id <= 7748130))
	        ->  Bitmap Index Scan on sbtest8_pkey  (cost=0.00..21.62 rows=919 width=0)
	              Index Cond: ((id >= 7747131) AND (id <= 7748130))

for: distinct_ranges
table 1 : explain SELECT DISTINCT c FROM sbtest1 WHERE id BETWEEN 2110239 AND 2111238 ORDER BY c
	Unique  (cost=3672.35..3677.04 rows=938 width=121)
	  ->  Sort  (cost=3672.35..3674.70 rows=938 width=121)
	        Sort Key: c
	        ->  Bitmap Heap Scan on sbtest1  (cost=22.05..3626.04 rows=938 width=121)
	              Recheck Cond: ((id >= 2110239) AND (id <= 2111238))
	              ->  Bitmap Index Scan on sbtest1_pkey  (cost=0.00..21.82 rows=938 width=0)
	                    Index Cond: ((id >= 2110239) AND (id <= 2111238))

table 2 : explain SELECT DISTINCT c FROM sbtest2 WHERE id BETWEEN 3758235 AND 3759234 ORDER BY c
	Unique  (cost=3661.94..3666.62 rows=935 width=121)
	  ->  Sort  (cost=3661.94..3664.28 rows=935 width=121)
	        Sort Key: c
	        ->  Bitmap Heap Scan on sbtest2  (cost=22.02..3615.80 rows=935 width=121)
	              Recheck Cond: ((id >= 3758235) AND (id <= 3759234))
	              ->  Bitmap Index Scan on sbtest2_pkey  (cost=0.00..21.79 rows=935 width=0)
	                    Index Cond: ((id >= 3758235) AND (id <= 3759234))

table 3 : explain SELECT DISTINCT c FROM sbtest3 WHERE id BETWEEN 9573084 AND 9574083 ORDER BY c
	Unique  (cost=4189.50..4194.87 rows=1073 width=121)
	  ->  Sort  (cost=4189.50..4192.18 rows=1073 width=121)
	        Sort Key: c
	        ->  Bitmap Heap Scan on sbtest3  (cost=23.43..4135.49 rows=1073 width=121)
	              Recheck Cond: ((id >= 9573084) AND (id <= 9574083))
	              ->  Bitmap Index Scan on sbtest3_pkey  (cost=0.00..23.16 rows=1073 width=0)
	                    Index Cond: ((id >= 9573084) AND (id <= 9574083))

table 4 : explain SELECT DISTINCT c FROM sbtest4 WHERE id BETWEEN 2271117 AND 2272116 ORDER BY c
	Unique  (cost=3728.16..3732.92 rows=952 width=121)
	  ->  Sort  (cost=3728.16..3730.54 rows=952 width=121)
	        Sort Key: c
	        ->  Bitmap Heap Scan on sbtest4  (cost=22.19..3681.07 rows=952 width=121)
	              Recheck Cond: ((id >= 2271117) AND (id <= 2272116))
	              ->  Bitmap Index Scan on sbtest4_pkey  (cost=0.00..21.95 rows=952 width=0)
	                    Index Cond: ((id >= 2271117) AND (id <= 2272116))

table 5 : explain SELECT DISTINCT c FROM sbtest5 WHERE id BETWEEN 2493175 AND 2494174 ORDER BY c
	Unique  (cost=3617.05..3621.66 rows=923 width=121)
	  ->  Sort  (cost=3617.05..3619.36 rows=923 width=121)
	        Sort Key: c
	        ->  Bitmap Heap Scan on sbtest5  (cost=21.90..3571.59 rows=923 width=121)
	              Recheck Cond: ((id >= 2493175) AND (id <= 2494174))
	              ->  Bitmap Index Scan on sbtest5_pkey  (cost=0.00..21.66 rows=923 width=0)
	                    Index Cond: ((id >= 2493175) AND (id <= 2494174))

table 6 : explain SELECT DISTINCT c FROM sbtest6 WHERE id BETWEEN 8644172 AND 8645171 ORDER BY c
	Unique  (cost=3923.46..3928.47 rows=1003 width=121)
	  ->  Sort  (cost=3923.46..3925.96 rows=1003 width=121)
	        Sort Key: c
	        ->  Bitmap Heap Scan on sbtest6  (cost=22.72..3873.46 rows=1003 width=121)
	              Recheck Cond: ((id >= 8644172) AND (id <= 8645171))
	              ->  Bitmap Index Scan on sbtest6_pkey  (cost=0.00..22.46 rows=1003 width=0)
	                    Index Cond: ((id >= 8644172) AND (id <= 8645171))

table 7 : explain SELECT DISTINCT c FROM sbtest7 WHERE id BETWEEN 1271070 AND 1272069 ORDER BY c
	Unique  (cost=3775.17..3779.99 rows=964 width=121)
	  ->  Sort  (cost=3775.17..3777.58 rows=964 width=121)
	        Sort Key: c
	        ->  Bitmap Heap Scan on sbtest7  (cost=22.32..3727.39 rows=964 width=121)
	              Recheck Cond: ((id >= 1271070) AND (id <= 1272069))
	              ->  Bitmap Index Scan on sbtest7_pkey  (cost=0.00..22.07 rows=964 width=0)
	                    Index Cond: ((id >= 1271070) AND (id <= 1272069))

table 8 : explain SELECT DISTINCT c FROM sbtest8 WHERE id BETWEEN 2436996 AND 2437995 ORDER BY c
	Unique  (cost=4023.86..4029.01 rows=1029 width=121)
	  ->  Sort  (cost=4023.86..4026.44 rows=1029 width=121)
	        Sort Key: c
	        ->  Bitmap Heap Scan on sbtest8  (cost=22.98..3972.38 rows=1029 width=121)
	              Recheck Cond: ((id >= 2436996) AND (id <= 2437995))
	              ->  Bitmap Index Scan on sbtest8_pkey  (cost=0.00..22.72 rows=1029 width=0)
	                    Index Cond: ((id >= 2436996) AND (id <= 2437995))

for: distinct_ranges
table 1 : explain SELECT DISTINCT c FROM sbtest1 WHERE id BETWEEN 5838228 AND 5839227 ORDER BY c
	Unique  (cost=3450.07..3454.47 rows=880 width=121)
	  ->  Sort  (cost=3450.07..3452.27 rows=880 width=121)
	        Sort Key: c
	        ->  Bitmap Heap Scan on sbtest1  (cost=21.45..3407.03 rows=880 width=121)
	              Recheck Cond: ((id >= 5838228) AND (id <= 5839227))
	              ->  Bitmap Index Scan on sbtest1_pkey  (cost=0.00..21.23 rows=880 width=0)
	                    Index Cond: ((id >= 5838228) AND (id <= 5839227))

table 2 : explain SELECT DISTINCT c FROM sbtest2 WHERE id BETWEEN 1404099 AND 1405098 ORDER BY c
	Unique  (cost=3903.04..3908.03 rows=998 width=121)
	  ->  Sort  (cost=3903.04..3905.53 rows=998 width=121)
	        Sort Key: c
	        ->  Bitmap Heap Scan on sbtest2  (cost=22.66..3853.32 rows=998 width=121)
	              Recheck Cond: ((id >= 1404099) AND (id <= 1405098))
	              ->  Bitmap Index Scan on sbtest2_pkey  (cost=0.00..22.41 rows=998 width=0)
	                    Index Cond: ((id >= 1404099) AND (id <= 1405098))

table 3 : explain SELECT DISTINCT c FROM sbtest3 WHERE id BETWEEN 6967776 AND 6968775 ORDER BY c
	Unique  (cost=3780.70..3785.53 rows=966 width=121)
	  ->  Sort  (cost=3780.70..3783.12 rows=966 width=121)
	        Sort Key: c
	        ->  Bitmap Heap Scan on sbtest3  (cost=22.34..3732.81 rows=966 width=121)
	              Recheck Cond: ((id >= 6967776) AND (id <= 6968775))
	              ->  Bitmap Index Scan on sbtest3_pkey  (cost=0.00..22.09 rows=966 width=0)
	                    Index Cond: ((id >= 6967776) AND (id <= 6968775))

table 4 : explain SELECT DISTINCT c FROM sbtest4 WHERE id BETWEEN 1426020 AND 1427019 ORDER BY c
	Unique  (cost=3686.02..3690.73 rows=941 width=121)
	  ->  Sort  (cost=3686.02..3688.37 rows=941 width=121)
	        Sort Key: c
	        ->  Bitmap Heap Scan on sbtest4  (cost=22.08..3639.55 rows=941 width=121)
	              Recheck Cond: ((id >= 1426020) AND (id <= 1427019))
	              ->  Bitmap Index Scan on sbtest4_pkey  (cost=0.00..21.84 rows=941 width=0)
	                    Index Cond: ((id >= 1426020) AND (id <= 1427019))

table 5 : explain SELECT DISTINCT c FROM sbtest5 WHERE id BETWEEN 4026511 AND 4027510 ORDER BY c
	Unique  (cost=3980.73..3985.82 rows=1018 width=121)
	  ->  Sort  (cost=3980.73..3983.28 rows=1018 width=121)
	        Sort Key: c
	        ->  Bitmap Heap Scan on sbtest5  (cost=22.87..3929.88 rows=1018 width=121)
	              Recheck Cond: ((id >= 4026511) AND (id <= 4027510))
	              ->  Bitmap Index Scan on sbtest5_pkey  (cost=0.00..22.61 rows=1018 width=0)
	                    Index Cond: ((id >= 4026511) AND (id <= 4027510))

table 6 : explain SELECT DISTINCT c FROM sbtest6 WHERE id BETWEEN 1143807 AND 1144806 ORDER BY c
	Unique  (cost=3820.15..3825.03 rows=976 width=121)
	  ->  Sort  (cost=3820.15..3822.59 rows=976 width=121)
	        Sort Key: c
	        ->  Bitmap Heap Scan on sbtest6  (cost=22.44..3771.69 rows=976 width=121)
	              Recheck Cond: ((id >= 1143807) AND (id <= 1144806))
	              ->  Bitmap Index Scan on sbtest6_pkey  (cost=0.00..22.19 rows=976 width=0)
	                    Index Cond: ((id >= 1143807) AND (id <= 1144806))

table 7 : explain SELECT DISTINCT c FROM sbtest7 WHERE id BETWEEN 9317078 AND 9318077 ORDER BY c
	Unique  (cost=3679.36..3684.06 rows=939 width=121)
	  ->  Sort  (cost=3679.36..3681.71 rows=939 width=121)
	        Sort Key: c
	        ->  Bitmap Heap Scan on sbtest7  (cost=22.06..3633.00 rows=939 width=121)
	              Recheck Cond: ((id >= 9317078) AND (id <= 9318077))
	              ->  Bitmap Index Scan on sbtest7_pkey  (cost=0.00..21.82 rows=939 width=0)
	                    Index Cond: ((id >= 9317078) AND (id <= 9318077))

table 8 : explain SELECT DISTINCT c FROM sbtest8 WHERE id BETWEEN 6633178 AND 6634177 ORDER BY c
	Unique  (cost=4298.98..4304.48 rows=1100 width=121)
	  ->  Sort  (cost=4298.98..4301.73 rows=1100 width=121)
	        Sort Key: c
	        ->  Bitmap Heap Scan on sbtest8  (cost=27.71..4243.41 rows=1100 width=121)
	              Recheck Cond: ((id >= 6633178) AND (id <= 6634177))
	              ->  Bitmap Index Scan on sbtest8_pkey  (cost=0.00..27.43 rows=1100 width=0)
	                    Index Cond: ((id >= 6633178) AND (id <= 6634177))

for point_selects
table 1 : explain SELECT c FROM sbtest1 WHERE id=9969221
	Index Scan using sbtest1_pkey on sbtest1  (cost=0.43..8.45 rows=1 width=121)
	  Index Cond: (id = 9969221)

table 2 : explain SELECT c FROM sbtest2 WHERE id=6720960
	Index Scan using sbtest2_pkey on sbtest2  (cost=0.43..8.45 rows=1 width=121)
	  Index Cond: (id = 6720960)

table 3 : explain SELECT c FROM sbtest3 WHERE id=66521
	Index Scan using sbtest3_pkey on sbtest3  (cost=0.43..8.45 rows=1 width=121)
	  Index Cond: (id = 66521)

table 4 : explain SELECT c FROM sbtest4 WHERE id=610772
	Index Scan using sbtest4_pkey on sbtest4  (cost=0.43..8.45 rows=1 width=121)
	  Index Cond: (id = 610772)

table 5 : explain SELECT c FROM sbtest5 WHERE id=9131704
	Index Scan using sbtest5_pkey on sbtest5  (cost=0.43..8.45 rows=1 width=121)
	  Index Cond: (id = 9131704)

table 6 : explain SELECT c FROM sbtest6 WHERE id=6758302
	Index Scan using sbtest6_pkey on sbtest6  (cost=0.43..8.45 rows=1 width=121)
	  Index Cond: (id = 6758302)

table 7 : explain SELECT c FROM sbtest7 WHERE id=5485488
	Index Scan using sbtest7_pkey on sbtest7  (cost=0.43..8.45 rows=1 width=121)
	  Index Cond: (id = 5485488)

table 8 : explain SELECT c FROM sbtest8 WHERE id=4612798
	Index Scan using sbtest8_pkey on sbtest8  (cost=0.43..8.45 rows=1 width=121)
	  Index Cond: (id = 4612798)

for: simple_ranges
table 1 : explain SELECT c FROM sbtest1 WHERE id BETWEEN 8260928 AND 8261927
	Bitmap Heap Scan on sbtest1  (cost=23.40..4122.82 rows=1070 width=121)
	  Recheck Cond: ((id >= 8260928) AND (id <= 8261927))
	  ->  Bitmap Index Scan on sbtest1_pkey  (cost=0.00..23.14 rows=1070 width=0)
	        Index Cond: ((id >= 8260928) AND (id <= 8261927))

table 2 : explain SELECT c FROM sbtest2 WHERE id BETWEEN 7847126 AND 7848125
	Bitmap Heap Scan on sbtest2  (cost=23.08..4007.62 rows=1039 width=121)
	  Recheck Cond: ((id >= 7847126) AND (id <= 7848125))
	  ->  Bitmap Index Scan on sbtest2_pkey  (cost=0.00..22.82 rows=1039 width=0)
	        Index Cond: ((id >= 7847126) AND (id <= 7848125))

table 3 : explain SELECT c FROM sbtest3 WHERE id BETWEEN 8324213 AND 8325212
	Bitmap Heap Scan on sbtest3  (cost=23.31..4090.40 rows=1061 width=121)
	  Recheck Cond: ((id >= 8324213) AND (id <= 8325212))
	  ->  Bitmap Index Scan on sbtest3_pkey  (cost=0.00..23.04 rows=1061 width=0)
	        Index Cond: ((id >= 8324213) AND (id <= 8325212))

table 4 : explain SELECT c FROM sbtest4 WHERE id BETWEEN 4402996 AND 4403995
	Bitmap Heap Scan on sbtest4  (cost=21.96..3594.23 rows=929 width=121)
	  Recheck Cond: ((id >= 4402996) AND (id <= 4403995))
	  ->  Bitmap Index Scan on sbtest4_pkey  (cost=0.00..21.72 rows=929 width=0)
	        Index Cond: ((id >= 4402996) AND (id <= 4403995))

table 5 : explain SELECT c FROM sbtest5 WHERE id BETWEEN 4105701 AND 4106700
	Bitmap Heap Scan on sbtest5  (cost=22.60..3831.94 rows=992 width=121)
	  Recheck Cond: ((id >= 4105701) AND (id <= 4106700))
	  ->  Bitmap Index Scan on sbtest5_pkey  (cost=0.00..22.36 rows=992 width=0)
	        Index Cond: ((id >= 4105701) AND (id <= 4106700))

table 6 : explain SELECT c FROM sbtest6 WHERE id BETWEEN 4105469 AND 4106468
	Bitmap Heap Scan on sbtest6  (cost=22.87..3929.95 rows=1018 width=121)
	  Recheck Cond: ((id >= 4105469) AND (id <= 4106468))
	  ->  Bitmap Index Scan on sbtest6_pkey  (cost=0.00..22.61 rows=1018 width=0)
	        Index Cond: ((id >= 4105469) AND (id <= 4106468))

table 7 : explain SELECT c FROM sbtest7 WHERE id BETWEEN 3149691 AND 3150690
	Bitmap Heap Scan on sbtest7  (cost=22.77..3893.31 rows=1008 width=121)
	  Recheck Cond: ((id >= 3149691) AND (id <= 3150690))
	  ->  Bitmap Index Scan on sbtest7_pkey  (cost=0.00..22.51 rows=1008 width=0)
	        Index Cond: ((id >= 3149691) AND (id <= 3150690))

table 8 : explain SELECT c FROM sbtest8 WHERE id BETWEEN 8975031 AND 8976030
	Bitmap Heap Scan on sbtest8  (cost=21.91..3576.29 rows=924 width=121)
	  Recheck Cond: ((id >= 8975031) AND (id <= 8976030))
	  ->  Bitmap Index Scan on sbtest8_pkey  (cost=0.00..21.68 rows=924 width=0)
	        Index Cond: ((id >= 8975031) AND (id <= 8976030))

for: distinct_ranges
table 1 : explain SELECT DISTINCT c FROM sbtest1 WHERE id BETWEEN 3011216 AND 3012215 ORDER BY c
	Unique  (cost=4092.76..4098.00 rows=1048 width=121)
	  ->  Sort  (cost=4092.76..4095.38 rows=1048 width=121)
	        Sort Key: c
	        ->  Bitmap Heap Scan on sbtest1  (cost=23.18..4040.18 rows=1048 width=121)
	              Recheck Cond: ((id >= 3011216) AND (id <= 3012215))
	              ->  Bitmap Index Scan on sbtest1_pkey  (cost=0.00..22.91 rows=1048 width=0)
	                    Index Cond: ((id >= 3011216) AND (id <= 3012215))

table 2 : explain SELECT DISTINCT c FROM sbtest2 WHERE id BETWEEN 1898149 AND 1899148 ORDER BY c
	Unique  (cost=3845.68..3850.59 rows=983 width=121)
	  ->  Sort  (cost=3845.68..3848.14 rows=983 width=121)
	        Sort Key: c
	        ->  Bitmap Heap Scan on sbtest2  (cost=22.51..3796.82 rows=983 width=121)
	              Recheck Cond: ((id >= 1898149) AND (id <= 1899148))
	              ->  Bitmap Index Scan on sbtest2_pkey  (cost=0.00..22.26 rows=983 width=0)
	                    Index Cond: ((id >= 1898149) AND (id <= 1899148))

table 3 : explain SELECT DISTINCT c FROM sbtest3 WHERE id BETWEEN 5680972 AND 5681971 ORDER BY c
	Unique  (cost=3891.64..3896.61 rows=995 width=121)
	  ->  Sort  (cost=3891.64..3894.13 rows=995 width=121)
	        Sort Key: c
	        ->  Bitmap Heap Scan on sbtest3  (cost=22.63..3842.09 rows=995 width=121)
	              Recheck Cond: ((id >= 5680972) AND (id <= 5681971))
	              ->  Bitmap Index Scan on sbtest3_pkey  (cost=0.00..22.39 rows=995 width=0)
	                    Index Cond: ((id >= 5680972) AND (id <= 5681971))

table 4 : explain SELECT DISTINCT c FROM sbtest4 WHERE id BETWEEN 1540395 AND 1541394 ORDER BY c
	Unique  (cost=3900.41..3905.40 rows=997 width=121)
	  ->  Sort  (cost=3900.41..3902.90 rows=997 width=121)
	        Sort Key: c
	        ->  Bitmap Heap Scan on sbtest4  (cost=22.65..3850.75 rows=997 width=121)
	              Recheck Cond: ((id >= 1540395) AND (id <= 1541394))
	              ->  Bitmap Index Scan on sbtest4_pkey  (cost=0.00..22.40 rows=997 width=0)
	                    Index Cond: ((id >= 1540395) AND (id <= 1541394))

table 5 : explain SELECT DISTINCT c FROM sbtest5 WHERE id BETWEEN 9950918 AND 9951917 ORDER BY c
	Unique  (cost=3797.12..3801.97 rows=970 width=121)
	  ->  Sort  (cost=3797.12..3799.54 rows=970 width=121)
	        Sort Key: c
	        ->  Bitmap Heap Scan on sbtest5  (cost=22.38..3749.00 rows=970 width=121)
	              Recheck Cond: ((id >= 9950918) AND (id <= 9951917))
	              ->  Bitmap Index Scan on sbtest5_pkey  (cost=0.00..22.14 rows=970 width=0)
	                    Index Cond: ((id >= 9950918) AND (id <= 9951917))

table 6 : explain SELECT DISTINCT c FROM sbtest6 WHERE id BETWEEN 7351464 AND 7352463 ORDER BY c
	Unique  (cost=4278.79..4284.27 rows=1095 width=121)
	  ->  Sort  (cost=4278.79..4281.53 rows=1095 width=121)
	        Sort Key: c
	        ->  Bitmap Heap Scan on sbtest6  (cost=27.66..4223.51 rows=1095 width=121)
	              Recheck Cond: ((id >= 7351464) AND (id <= 7352463))
	              ->  Bitmap Index Scan on sbtest6_pkey  (cost=0.00..27.39 rows=1095 width=0)
	                    Index Cond: ((id >= 7351464) AND (id <= 7352463))

table 7 : explain SELECT DISTINCT c FROM sbtest7 WHERE id BETWEEN 7931050 AND 7932049 ORDER BY c
	Unique  (cost=3725.36..3730.11 rows=951 width=121)
	  ->  Sort  (cost=3725.36..3727.73 rows=951 width=121)
	        Sort Key: c
	        ->  Bitmap Heap Scan on sbtest7  (cost=22.18..3678.31 rows=951 width=121)
	              Recheck Cond: ((id >= 7931050) AND (id <= 7932049))
	              ->  Bitmap Index Scan on sbtest7_pkey  (cost=0.00..21.94 rows=951 width=0)
	                    Index Cond: ((id >= 7931050) AND (id <= 7932049))

table 8 : explain SELECT DISTINCT c FROM sbtest8 WHERE id BETWEEN 6265464 AND 6266463 ORDER BY c
	Unique  (cost=3939.73..3944.77 rows=1007 width=121)
	  ->  Sort  (cost=3939.73..3942.25 rows=1007 width=121)
	        Sort Key: c
	        ->  Bitmap Heap Scan on sbtest8  (cost=22.76..3889.51 rows=1007 width=121)
	              Recheck Cond: ((id >= 6265464) AND (id <= 6266463))
	              ->  Bitmap Index Scan on sbtest8_pkey  (cost=0.00..22.50 rows=1007 width=0)
	                    Index Cond: ((id >= 6265464) AND (id <= 6266463))

for point_selects
table 1 : explain SELECT c FROM sbtest1 WHERE id=3252991
	Index Scan using sbtest1_pkey on sbtest1  (cost=0.43..8.45 rows=1 width=121)
	  Index Cond: (id = 3252991)

table 2 : explain SELECT c FROM sbtest2 WHERE id=853822
	Index Scan using sbtest2_pkey on sbtest2  (cost=0.43..8.45 rows=1 width=121)
	  Index Cond: (id = 853822)

table 3 : explain SELECT c FROM sbtest3 WHERE id=2839303
	Index Scan using sbtest3_pkey on sbtest3  (cost=0.43..8.45 rows=1 width=121)
	  Index Cond: (id = 2839303)

table 4 : explain SELECT c FROM sbtest4 WHERE id=2712828
	Index Scan using sbtest4_pkey on sbtest4  (cost=0.43..8.45 rows=1 width=121)
	  Index Cond: (id = 2712828)

table 5 : explain SELECT c FROM sbtest5 WHERE id=4682294
	Index Scan using sbtest5_pkey on sbtest5  (cost=0.43..8.45 rows=1 width=121)
	  Index Cond: (id = 4682294)

table 6 : explain SELECT c FROM sbtest6 WHERE id=5154876
	Index Scan using sbtest6_pkey on sbtest6  (cost=0.43..8.45 rows=1 width=121)
	  Index Cond: (id = 5154876)

table 7 : explain SELECT c FROM sbtest7 WHERE id=626322
	Index Scan using sbtest7_pkey on sbtest7  (cost=0.43..8.45 rows=1 width=121)
	  Index Cond: (id = 626322)

table 8 : explain SELECT c FROM sbtest8 WHERE id=5026974
	Index Scan using sbtest8_pkey on sbtest8  (cost=0.43..8.45 rows=1 width=121)
	  Index Cond: (id = 5026974)

for: distinct_ranges
table 1 : explain SELECT DISTINCT c FROM sbtest1 WHERE id BETWEEN 4212872 AND 4213871 ORDER BY c
	Unique  (cost=3909.49..3914.49 rows=1000 width=121)
	  ->  Sort  (cost=3909.49..3911.99 rows=1000 width=121)
	        Sort Key: c
	        ->  Bitmap Heap Scan on sbtest1  (cost=22.68..3859.66 rows=1000 width=121)
	              Recheck Cond: ((id >= 4212872) AND (id <= 4213871))
	              ->  Bitmap Index Scan on sbtest1_pkey  (cost=0.00..22.43 rows=1000 width=0)
	                    Index Cond: ((id >= 4212872) AND (id <= 4213871))

table 2 : explain SELECT DISTINCT c FROM sbtest2 WHERE id BETWEEN 2990538 AND 2991537 ORDER BY c
	Unique  (cost=4467.81..4473.54 rows=1146 width=121)
	  ->  Sort  (cost=4467.81..4470.68 rows=1146 width=121)
	        Sort Key: c
	        ->  Bitmap Heap Scan on sbtest2  (cost=28.18..4409.58 rows=1146 width=121)
	              Recheck Cond: ((id >= 2990538) AND (id <= 2991537))
	              ->  Bitmap Index Scan on sbtest2_pkey  (cost=0.00..27.89 rows=1146 width=0)
	                    Index Cond: ((id >= 2990538) AND (id <= 2991537))

table 3 : explain SELECT DISTINCT c FROM sbtest3 WHERE id BETWEEN 360956 AND 361955 ORDER BY c
	Unique  (cost=3792.19..3797.03 rows=969 width=121)
	  ->  Sort  (cost=3792.19..3794.61 rows=969 width=121)
	        Sort Key: c
	        ->  Bitmap Heap Scan on sbtest3  (cost=22.37..3744.12 rows=969 width=121)
	              Recheck Cond: ((id >= 360956) AND (id <= 361955))
	              ->  Bitmap Index Scan on sbtest3_pkey  (cost=0.00..22.12 rows=969 width=0)
	                    Index Cond: ((id >= 360956) AND (id <= 361955))

table 4 : explain SELECT DISTINCT c FROM sbtest4 WHERE id BETWEEN 3875569 AND 3876568 ORDER BY c
	Unique  (cost=3647.70..3652.35 rows=931 width=121)
	  ->  Sort  (cost=3647.70..3650.02 rows=931 width=121)
	        Sort Key: c
	        ->  Bitmap Heap Scan on sbtest4  (cost=21.98..3601.79 rows=931 width=121)
	              Recheck Cond: ((id >= 3875569) AND (id <= 3876568))
	              ->  Bitmap Index Scan on sbtest4_pkey  (cost=0.00..21.75 rows=931 width=0)
	                    Index Cond: ((id >= 3875569) AND (id <= 3876568))

table 5 : explain SELECT DISTINCT c FROM sbtest5 WHERE id BETWEEN 4665064 AND 4666063 ORDER BY c
	Unique  (cost=4015.13..4020.27 rows=1027 width=121)
	  ->  Sort  (cost=4015.13..4017.70 rows=1027 width=121)
	        Sort Key: c
	        ->  Bitmap Heap Scan on sbtest5  (cost=22.96..3963.76 rows=1027 width=121)
	              Recheck Cond: ((id >= 4665064) AND (id <= 4666063))
	              ->  Bitmap Index Scan on sbtest5_pkey  (cost=0.00..22.70 rows=1027 width=0)
	                    Index Cond: ((id >= 4665064) AND (id <= 4666063))

table 6 : explain SELECT DISTINCT c FROM sbtest6 WHERE id BETWEEN 4795821 AND 4796820 ORDER BY c
	Unique  (cost=3628.61..3633.24 rows=926 width=121)
	  ->  Sort  (cost=3628.61..3630.93 rows=926 width=121)
	        Sort Key: c
	        ->  Bitmap Heap Scan on sbtest6  (cost=21.93..3582.99 rows=926 width=121)
	              Recheck Cond: ((id >= 4795821) AND (id <= 4796820))
	              ->  Bitmap Index Scan on sbtest6_pkey  (cost=0.00..21.69 rows=926 width=0)
	                    Index Cond: ((id >= 4795821) AND (id <= 4796820))

table 7 : explain SELECT DISTINCT c FROM sbtest7 WHERE id BETWEEN 3360814 AND 3361813 ORDER BY c
	Unique  (cost=4016.25..4021.39 rows=1027 width=121)
	  ->  Sort  (cost=4016.25..4018.82 rows=1027 width=121)
	        Sort Key: c
	        ->  Bitmap Heap Scan on sbtest7  (cost=22.96..3964.88 rows=1027 width=121)
	              Recheck Cond: ((id >= 3360814) AND (id <= 3361813))
	              ->  Bitmap Index Scan on sbtest7_pkey  (cost=0.00..22.70 rows=1027 width=0)
	                    Index Cond: ((id >= 3360814) AND (id <= 3361813))

table 8 : explain SELECT DISTINCT c FROM sbtest8 WHERE id BETWEEN 5572227 AND 5573226 ORDER BY c
	Unique  (cost=4115.75..4121.01 rows=1052 width=121)
	  ->  Sort  (cost=4115.75..4118.38 rows=1052 width=121)
	        Sort Key: c
	        ->  Bitmap Heap Scan on sbtest8  (cost=27.22..4062.95 rows=1052 width=121)
	              Recheck Cond: ((id >= 5572227) AND (id <= 5573226))
	              ->  Bitmap Index Scan on sbtest8_pkey  (cost=0.00..26.95 rows=1052 width=0)
	                    Index Cond: ((id >= 5572227) AND (id <= 5573226))

for: simple_ranges
table 1 : explain SELECT c FROM sbtest1 WHERE id BETWEEN 7475223 AND 7476222
	Bitmap Heap Scan on sbtest1  (cost=22.21..3686.38 rows=954 width=121)
	  Recheck Cond: ((id >= 7475223) AND (id <= 7476222))
	  ->  Bitmap Index Scan on sbtest1_pkey  (cost=0.00..21.97 rows=954 width=0)
	        Index Cond: ((id >= 7475223) AND (id <= 7476222))

table 2 : explain SELECT c FROM sbtest2 WHERE id BETWEEN 3558078 AND 3559077
	Bitmap Heap Scan on sbtest2  (cost=22.17..3672.40 rows=950 width=121)
	  Recheck Cond: ((id >= 3558078) AND (id <= 3559077))
	  ->  Bitmap Index Scan on sbtest2_pkey  (cost=0.00..21.93 rows=950 width=0)
	        Index Cond: ((id >= 3558078) AND (id <= 3559077))

table 3 : explain SELECT c FROM sbtest3 WHERE id BETWEEN 8612925 AND 8613924
	Bitmap Heap Scan on sbtest3  (cost=22.49..3789.35 rows=981 width=121)
	  Recheck Cond: ((id >= 8612925) AND (id <= 8613924))
	  ->  Bitmap Index Scan on sbtest3_pkey  (cost=0.00..22.25 rows=981 width=0)
	        Index Cond: ((id >= 8612925) AND (id <= 8613924))

table 4 : explain SELECT c FROM sbtest4 WHERE id BETWEEN 3567389 AND 3568388
	Bitmap Heap Scan on sbtest4  (cost=21.95..3590.46 rows=928 width=121)
	  Recheck Cond: ((id >= 3567389) AND (id <= 3568388))
	  ->  Bitmap Index Scan on sbtest4_pkey  (cost=0.00..21.71 rows=928 width=0)
	        Index Cond: ((id >= 3567389) AND (id <= 3568388))

table 5 : explain SELECT c FROM sbtest5 WHERE id BETWEEN 7015769 AND 7016768
	Bitmap Heap Scan on sbtest5  (cost=22.40..3756.54 rows=972 width=121)
	  Recheck Cond: ((id >= 7015769) AND (id <= 7016768))
	  ->  Bitmap Index Scan on sbtest5_pkey  (cost=0.00..22.15 rows=972 width=0)
	        Index Cond: ((id >= 7015769) AND (id <= 7016768))

table 6 : explain SELECT c FROM sbtest6 WHERE id BETWEEN 9472607 AND 9473606
	Bitmap Heap Scan on sbtest6  (cost=22.76..3888.52 rows=1007 width=121)
	  Recheck Cond: ((id >= 9472607) AND (id <= 9473606))
	  ->  Bitmap Index Scan on sbtest6_pkey  (cost=0.00..22.50 rows=1007 width=0)
	        Index Cond: ((id >= 9472607) AND (id <= 9473606))

table 7 : explain SELECT c FROM sbtest7 WHERE id BETWEEN 8672240 AND 8673239
	Bitmap Heap Scan on sbtest7  (cost=21.38..3383.42 rows=873 width=121)
	  Recheck Cond: ((id >= 8672240) AND (id <= 8673239))
	  ->  Bitmap Index Scan on sbtest7_pkey  (cost=0.00..21.16 rows=873 width=0)
	        Index Cond: ((id >= 8672240) AND (id <= 8673239))

table 8 : explain SELECT c FROM sbtest8 WHERE id BETWEEN 4265958 AND 4266957
	Bitmap Heap Scan on sbtest8  (cost=22.40..3757.54 rows=972 width=121)
	  Recheck Cond: ((id >= 4265958) AND (id <= 4266957))
	  ->  Bitmap Index Scan on sbtest8_pkey  (cost=0.00..22.15 rows=972 width=0)
	        Index Cond: ((id >= 4265958) AND (id <= 4266957))

for: simple_ranges
table 1 : explain SELECT c FROM sbtest1 WHERE id BETWEEN 9017119 AND 9018118
	Bitmap Heap Scan on sbtest1  (cost=23.54..4171.63 rows=1083 width=121)
	  Recheck Cond: ((id >= 9017119) AND (id <= 9018118))
	  ->  Bitmap Index Scan on sbtest1_pkey  (cost=0.00..23.26 rows=1083 width=0)
	        Index Cond: ((id >= 9017119) AND (id <= 9018118))

table 2 : explain SELECT c FROM sbtest2 WHERE id BETWEEN 1851058 AND 1852057
	Bitmap Heap Scan on sbtest2  (cost=23.12..4018.90 rows=1042 width=121)
	  Recheck Cond: ((id >= 1851058) AND (id <= 1852057))
	  ->  Bitmap Index Scan on sbtest2_pkey  (cost=0.00..22.86 rows=1042 width=0)
	        Index Cond: ((id >= 1851058) AND (id <= 1852057))

table 3 : explain SELECT c FROM sbtest3 WHERE id BETWEEN 8393959 AND 8394958
	Bitmap Heap Scan on sbtest3  (cost=22.08..3638.51 rows=941 width=121)
	  Recheck Cond: ((id >= 8393959) AND (id <= 8394958))
	  ->  Bitmap Index Scan on sbtest3_pkey  (cost=0.00..21.84 rows=941 width=0)
	        Index Cond: ((id >= 8393959) AND (id <= 8394958))

table 4 : explain SELECT c FROM sbtest4 WHERE id BETWEEN 1498306 AND 1499305
	Bitmap Heap Scan on sbtest4  (cost=22.08..3639.55 rows=941 width=121)
	  Recheck Cond: ((id >= 1498306) AND (id <= 1499305))
	  ->  Bitmap Index Scan on sbtest4_pkey  (cost=0.00..21.84 rows=941 width=0)
	        Index Cond: ((id >= 1498306) AND (id <= 1499305))

table 5 : explain SELECT c FROM sbtest5 WHERE id BETWEEN 401601 AND 402600
	Bitmap Heap Scan on sbtest5  (cost=22.97..3967.52 rows=1028 width=121)
	  Recheck Cond: ((id >= 401601) AND (id <= 402600))
	  ->  Bitmap Index Scan on sbtest5_pkey  (cost=0.00..22.71 rows=1028 width=0)
	        Index Cond: ((id >= 401601) AND (id <= 402600))

table 6 : explain SELECT c FROM sbtest6 WHERE id BETWEEN 2511252 AND 2512251
	Bitmap Heap Scan on sbtest6  (cost=22.74..3880.99 rows=1005 width=121)
	  Recheck Cond: ((id >= 2511252) AND (id <= 2512251))
	  ->  Bitmap Index Scan on sbtest6_pkey  (cost=0.00..22.48 rows=1005 width=0)
	        Index Cond: ((id >= 2511252) AND (id <= 2512251))

table 7 : explain SELECT c FROM sbtest7 WHERE id BETWEEN 2437334 AND 2438333
	Bitmap Heap Scan on sbtest7  (cost=22.63..3844.31 rows=995 width=121)
	  Recheck Cond: ((id >= 2437334) AND (id <= 2438333))
	  ->  Bitmap Index Scan on sbtest7_pkey  (cost=0.00..22.39 rows=995 width=0)
	        Index Cond: ((id >= 2437334) AND (id <= 2438333))

table 8 : explain SELECT c FROM sbtest8 WHERE id BETWEEN 3667438 AND 3668437
	Bitmap Heap Scan on sbtest8  (cost=22.26..3708.48 rows=959 width=121)
	  Recheck Cond: ((id >= 3667438) AND (id <= 3668437))
	  ->  Bitmap Index Scan on sbtest8_pkey  (cost=0.00..22.02 rows=959 width=0)
	        Index Cond: ((id >= 3667438) AND (id <= 3668437))

for: sum_ranges
table 1 : explain SELECT SUM(k) FROM sbtest1 WHERE id BETWEEN 3781822 AND 3782821
	Aggregate  (cost=3632.16..3632.17 rows=1 width=8)
	  ->  Bitmap Heap Scan on sbtest1  (cost=22.06..3629.82 rows=939 width=4)
	        Recheck Cond: ((id >= 3781822) AND (id <= 3782821))
	        ->  Bitmap Index Scan on sbtest1_pkey  (cost=0.00..21.82 rows=939 width=0)
	              Index Cond: ((id >= 3781822) AND (id <= 3782821))

table 2 : explain SELECT SUM(k) FROM sbtest2 WHERE id BETWEEN 9146988 AND 9147987
	Aggregate  (cost=3795.51..3795.52 rows=1 width=8)
	  ->  Bitmap Heap Scan on sbtest2  (cost=22.50..3793.05 rows=982 width=4)
	        Recheck Cond: ((id >= 9146988) AND (id <= 9147987))
	        ->  Bitmap Index Scan on sbtest2_pkey  (cost=0.00..22.25 rows=982 width=0)
	              Index Cond: ((id >= 9146988) AND (id <= 9147987))

table 3 : explain SELECT SUM(k) FROM sbtest3 WHERE id BETWEEN 7004479 AND 7005478
	Aggregate  (cost=3897.34..3897.35 rows=1 width=8)
	  ->  Bitmap Heap Scan on sbtest3  (cost=22.78..3894.81 rows=1009 width=4)
	        Recheck Cond: ((id >= 7004479) AND (id <= 7005478))
	        ->  Bitmap Index Scan on sbtest3_pkey  (cost=0.00..22.52 rows=1009 width=0)
	              Index Cond: ((id >= 7004479) AND (id <= 7005478))

table 4 : explain SELECT SUM(k) FROM sbtest4 WHERE id BETWEEN 3657686 AND 3658685
	Aggregate  (cost=3966.30..3966.31 rows=1 width=8)
	  ->  Bitmap Heap Scan on sbtest4  (cost=22.96..3963.73 rows=1027 width=4)
	        Recheck Cond: ((id >= 3657686) AND (id <= 3658685))
	        ->  Bitmap Index Scan on sbtest4_pkey  (cost=0.00..22.70 rows=1027 width=0)
	              Index Cond: ((id >= 3657686) AND (id <= 3658685))

table 5 : explain SELECT SUM(k) FROM sbtest5 WHERE id BETWEEN 9736064 AND 9737063
	Aggregate  (cost=3464.21..3464.22 rows=1 width=8)
	  ->  Bitmap Heap Scan on sbtest5  (cost=21.60..3461.98 rows=894 width=4)
	        Recheck Cond: ((id >= 9736064) AND (id <= 9737063))
	        ->  Bitmap Index Scan on sbtest5_pkey  (cost=0.00..21.37 rows=894 width=0)
	              Index Cond: ((id >= 9736064) AND (id <= 9737063))

table 6 : explain SELECT SUM(k) FROM sbtest6 WHERE id BETWEEN 8347005 AND 8348004
	Aggregate  (cost=4053.00..4053.01 rows=1 width=8)
	  ->  Bitmap Heap Scan on sbtest6  (cost=23.20..4050.38 rows=1050 width=4)
	        Recheck Cond: ((id >= 8347005) AND (id <= 8348004))
	        ->  Bitmap Index Scan on sbtest6_pkey  (cost=0.00..22.93 rows=1050 width=0)
	              Index Cond: ((id >= 8347005) AND (id <= 8348004))

table 7 : explain SELECT SUM(k) FROM sbtest7 WHERE id BETWEEN 8995650 AND 8996649
	Aggregate  (cost=3699.58..3699.59 rows=1 width=8)
	  ->  Bitmap Heap Scan on sbtest7  (cost=22.23..3697.19 rows=956 width=4)
	        Recheck Cond: ((id >= 8995650) AND (id <= 8996649))
	        ->  Bitmap Index Scan on sbtest7_pkey  (cost=0.00..22.00 rows=956 width=0)
	              Index Cond: ((id >= 8995650) AND (id <= 8996649))

table 8 : explain SELECT SUM(k) FROM sbtest8 WHERE id BETWEEN 3630334 AND 3631333
	Aggregate  (cost=3710.88..3710.89 rows=1 width=8)
	  ->  Bitmap Heap Scan on sbtest8  (cost=22.26..3708.48 rows=959 width=4)
	        Recheck Cond: ((id >= 3630334) AND (id <= 3631333))
	        ->  Bitmap Index Scan on sbtest8_pkey  (cost=0.00..22.02 rows=959 width=0)
	              Index Cond: ((id >= 3630334) AND (id <= 3631333))

for: sum_ranges
table 1 : explain SELECT SUM(k) FROM sbtest1 WHERE id BETWEEN 8246825 AND 8247824
	Aggregate  (cost=4151.80..4151.81 rows=1 width=8)
	  ->  Bitmap Heap Scan on sbtest1  (cost=23.47..4149.11 rows=1077 width=4)
	        Recheck Cond: ((id >= 8246825) AND (id <= 8247824))
	        ->  Bitmap Index Scan on sbtest1_pkey  (cost=0.00..23.20 rows=1077 width=0)
	              Index Cond: ((id >= 8246825) AND (id <= 8247824))

table 2 : explain SELECT SUM(k) FROM sbtest2 WHERE id BETWEEN 9262898 AND 9263897
	Aggregate  (cost=3674.78..3674.79 rows=1 width=8)
	  ->  Bitmap Heap Scan on sbtest2  (cost=22.17..3672.40 rows=950 width=4)
	        Recheck Cond: ((id >= 9262898) AND (id <= 9263897))
	        ->  Bitmap Index Scan on sbtest2_pkey  (cost=0.00..21.93 rows=950 width=0)
	              Index Cond: ((id >= 9262898) AND (id <= 9263897))

table 3 : explain SELECT SUM(k) FROM sbtest3 WHERE id BETWEEN 1609318 AND 1610317
	Aggregate  (cost=3648.42..3648.43 rows=1 width=8)
	  ->  Bitmap Heap Scan on sbtest3  (cost=22.10..3646.06 rows=943 width=4)
	        Recheck Cond: ((id >= 1609318) AND (id <= 1610317))
	        ->  Bitmap Index Scan on sbtest3_pkey  (cost=0.00..21.86 rows=943 width=0)
	              Index Cond: ((id >= 1609318) AND (id <= 1610317))

table 4 : explain SELECT SUM(k) FROM sbtest4 WHERE id BETWEEN 3280527 AND 3281526
	Aggregate  (cost=3770.27..3770.28 rows=1 width=8)
	  ->  Bitmap Heap Scan on sbtest4  (cost=22.43..3767.83 rows=975 width=4)
	        Recheck Cond: ((id >= 3280527) AND (id <= 3281526))
	        ->  Bitmap Index Scan on sbtest4_pkey  (cost=0.00..22.18 rows=975 width=0)
	              Index Cond: ((id >= 3280527) AND (id <= 3281526))

table 5 : explain SELECT SUM(k) FROM sbtest5 WHERE id BETWEEN 4325653 AND 4326652
	Aggregate  (cost=3823.10..3823.11 rows=1 width=8)
	  ->  Bitmap Heap Scan on sbtest5  (cost=22.57..3820.63 rows=989 width=4)
	        Recheck Cond: ((id >= 4325653) AND (id <= 4326652))
	        ->  Bitmap Index Scan on sbtest5_pkey  (cost=0.00..22.32 rows=989 width=0)
	              Index Cond: ((id >= 4325653) AND (id <= 4326652))

table 6 : explain SELECT SUM(k) FROM sbtest6 WHERE id BETWEEN 7256461 AND 7257460
	Aggregate  (cost=3868.42..3868.43 rows=1 width=8)
	  ->  Bitmap Heap Scan on sbtest6  (cost=22.70..3865.92 rows=1001 width=4)
	        Recheck Cond: ((id >= 7256461) AND (id <= 7257460))
	        ->  Bitmap Index Scan on sbtest6_pkey  (cost=0.00..22.44 rows=1001 width=0)
	              Index Cond: ((id >= 7256461) AND (id <= 7257460))

table 7 : explain SELECT SUM(k) FROM sbtest7 WHERE id BETWEEN 2734510 AND 2735509
	Aggregate  (cost=3620.23..3620.24 rows=1 width=8)
	  ->  Bitmap Heap Scan on sbtest7  (cost=22.02..3617.89 rows=935 width=4)
	        Recheck Cond: ((id >= 2734510) AND (id <= 2735509))
	        ->  Bitmap Index Scan on sbtest7_pkey  (cost=0.00..21.79 rows=935 width=0)
	              Index Cond: ((id >= 2734510) AND (id <= 2735509))

table 8 : explain SELECT SUM(k) FROM sbtest8 WHERE id BETWEEN 1361481 AND 1362480
	Aggregate  (cost=3431.02..3431.03 rows=1 width=8)
	  ->  Bitmap Heap Scan on sbtest8  (cost=21.51..3428.81 rows=885 width=4)
	        Recheck Cond: ((id >= 1361481) AND (id <= 1362480))
	        ->  Bitmap Index Scan on sbtest8_pkey  (cost=0.00..21.29 rows=885 width=0)
	              Index Cond: ((id >= 1361481) AND (id <= 1362480))

for: sum_ranges
table 1 : explain SELECT SUM(k) FROM sbtest1 WHERE id BETWEEN 9708195 AND 9709194
	Aggregate  (cost=3741.57..3741.58 rows=1 width=8)
	  ->  Bitmap Heap Scan on sbtest1  (cost=22.36..3739.15 rows=968 width=4)
	        Recheck Cond: ((id >= 9708195) AND (id <= 9709194))
	        ->  Bitmap Index Scan on sbtest1_pkey  (cost=0.00..22.11 rows=968 width=0)
	              Index Cond: ((id >= 9708195) AND (id <= 9709194))

table 2 : explain SELECT SUM(k) FROM sbtest2 WHERE id BETWEEN 5570158 AND 5571157
	Aggregate  (cost=4416.20..4416.21 rows=1 width=8)
	  ->  Bitmap Heap Scan on sbtest2  (cost=28.19..4413.33 rows=1147 width=4)
	        Recheck Cond: ((id >= 5570158) AND (id <= 5571157))
	        ->  Bitmap Index Scan on sbtest2_pkey  (cost=0.00..27.90 rows=1147 width=0)
	              Index Cond: ((id >= 5570158) AND (id <= 5571157))

table 3 : explain SELECT SUM(k) FROM sbtest3 WHERE id BETWEEN 2714519 AND 2715518
	Aggregate  (cost=3788.03..3788.04 rows=1 width=8)
	  ->  Bitmap Heap Scan on sbtest3  (cost=22.48..3785.58 rows=980 width=4)
	        Recheck Cond: ((id >= 2714519) AND (id <= 2715518))
	        ->  Bitmap Index Scan on sbtest3_pkey  (cost=0.00..22.23 rows=980 width=0)
	              Index Cond: ((id >= 2714519) AND (id <= 2715518))

table 4 : explain SELECT SUM(k) FROM sbtest4 WHERE id BETWEEN 1387131 AND 1388130
	Aggregate  (cost=3623.01..3623.02 rows=1 width=8)
	  ->  Bitmap Heap Scan on sbtest4  (cost=22.03..3620.67 rows=936 width=4)
	        Recheck Cond: ((id >= 1387131) AND (id <= 1388130))
	        ->  Bitmap Index Scan on sbtest4_pkey  (cost=0.00..21.79 rows=936 width=0)
	              Index Cond: ((id >= 1387131) AND (id <= 1388130))

table 5 : explain SELECT SUM(k) FROM sbtest5 WHERE id BETWEEN 6500883 AND 6501882
	Aggregate  (cost=3604.14..3604.15 rows=1 width=8)
	  ->  Bitmap Heap Scan on sbtest5  (cost=21.98..3601.81 rows=931 width=4)
	        Recheck Cond: ((id >= 6500883) AND (id <= 6501882))
	        ->  Bitmap Index Scan on sbtest5_pkey  (cost=0.00..21.75 rows=931 width=0)
	              Index Cond: ((id >= 6500883) AND (id <= 6501882))

table 6 : explain SELECT SUM(k) FROM sbtest6 WHERE id BETWEEN 7947077 AND 7948076
	Aggregate  (cost=3793.00..3793.01 rows=1 width=8)
	  ->  Bitmap Heap Scan on sbtest6  (cost=22.49..3790.54 rows=981 width=4)
	        Recheck Cond: ((id >= 7947077) AND (id <= 7948076))
	        ->  Bitmap Index Scan on sbtest6_pkey  (cost=0.00..22.25 rows=981 width=0)
	              Index Cond: ((id >= 7947077) AND (id <= 7948076))

table 7 : explain SELECT SUM(k) FROM sbtest7 WHERE id BETWEEN 2869097 AND 2870096
	Aggregate  (cost=4061.62..4061.63 rows=1 width=8)
	  ->  Bitmap Heap Scan on sbtest7  (cost=23.22..4058.99 rows=1052 width=4)
	        Recheck Cond: ((id >= 2869097) AND (id <= 2870096))
	        ->  Bitmap Index Scan on sbtest7_pkey  (cost=0.00..22.95 rows=1052 width=0)
	              Index Cond: ((id >= 2869097) AND (id <= 2870096))

table 8 : explain SELECT SUM(k) FROM sbtest8 WHERE id BETWEEN 2060536 AND 2061535
	Aggregate  (cost=3869.40..3869.41 rows=1 width=8)
	  ->  Bitmap Heap Scan on sbtest8  (cost=22.70..3866.89 rows=1001 width=4)
	        Recheck Cond: ((id >= 2060536) AND (id <= 2061535))
	        ->  Bitmap Index Scan on sbtest8_pkey  (cost=0.00..22.44 rows=1001 width=0)
	              Index Cond: ((id >= 2060536) AND (id <= 2061535))

for: order_ranges
table 1 : explain SELECT c FROM sbtest1 WHERE id BETWEEN 3597561 AND 3598560 ORDER BY c
	Sort  (cost=3867.45..3869.93 rows=989 width=121)
	  Sort Key: c
	  ->  Bitmap Heap Scan on sbtest1  (cost=22.57..3818.25 rows=989 width=121)
	        Recheck Cond: ((id >= 3597561) AND (id <= 3598560))
	        ->  Bitmap Index Scan on sbtest1_pkey  (cost=0.00..22.32 rows=989 width=0)
	              Index Cond: ((id >= 3597561) AND (id <= 3598560))

table 2 : explain SELECT c FROM sbtest2 WHERE id BETWEEN 4688291 AND 4689290 ORDER BY c
	Sort  (cost=4181.80..4184.47 rows=1071 width=121)
	  Sort Key: c
	  ->  Bitmap Heap Scan on sbtest2  (cost=23.41..4127.90 rows=1071 width=121)
	        Recheck Cond: ((id >= 4688291) AND (id <= 4689290))
	        ->  Bitmap Index Scan on sbtest2_pkey  (cost=0.00..23.14 rows=1071 width=0)
	              Index Cond: ((id >= 4688291) AND (id <= 4689290))

table 3 : explain SELECT c FROM sbtest3 WHERE id BETWEEN 4612490 AND 4613489 ORDER BY c
	Sort  (cost=3719.46..3721.83 rows=950 width=121)
	  Sort Key: c
	  ->  Bitmap Heap Scan on sbtest3  (cost=22.17..3672.47 rows=950 width=121)
	        Recheck Cond: ((id >= 4612490) AND (id <= 4613489))
	        ->  Bitmap Index Scan on sbtest3_pkey  (cost=0.00..21.93 rows=950 width=0)
	              Index Cond: ((id >= 4612490) AND (id <= 4613489))

table 4 : explain SELECT c FROM sbtest4 WHERE id BETWEEN 7018932 AND 7019931 ORDER BY c
	Sort  (cost=3743.49..3745.88 rows=956 width=121)
	  Sort Key: c
	  ->  Bitmap Heap Scan on sbtest4  (cost=22.23..3696.16 rows=956 width=121)
	        Recheck Cond: ((id >= 7018932) AND (id <= 7019931))
	        ->  Bitmap Index Scan on sbtest4_pkey  (cost=0.00..22.00 rows=956 width=0)
	              Index Cond: ((id >= 7018932) AND (id <= 7019931))

table 5 : explain SELECT c FROM sbtest5 WHERE id BETWEEN 4640836 AND 4641835 ORDER BY c
	Sort  (cost=4015.13..4017.70 rows=1027 width=121)
	  Sort Key: c
	  ->  Bitmap Heap Scan on sbtest5  (cost=22.96..3963.76 rows=1027 width=121)
	        Recheck Cond: ((id >= 4640836) AND (id <= 4641835))
	        ->  Bitmap Index Scan on sbtest5_pkey  (cost=0.00..22.70 rows=1027 width=0)
	              Index Cond: ((id >= 4640836) AND (id <= 4641835))

table 6 : explain SELECT c FROM sbtest6 WHERE id BETWEEN 5842853 AND 5843852 ORDER BY c
	Sort  (cost=4118.34..4120.98 rows=1054 width=121)
	  Sort Key: c
	  ->  Bitmap Heap Scan on sbtest6  (cost=23.24..4065.42 rows=1054 width=121)
	        Recheck Cond: ((id >= 5842853) AND (id <= 5843852))
	        ->  Bitmap Index Scan on sbtest6_pkey  (cost=0.00..22.97 rows=1054 width=0)
	              Index Cond: ((id >= 5842853) AND (id <= 5843852))

table 7 : explain SELECT c FROM sbtest7 WHERE id BETWEEN 9474377 AND 9475376 ORDER BY c
	Sort  (cost=3832.61..3835.06 rows=979 width=121)
	  Sort Key: c
	  ->  Bitmap Heap Scan on sbtest7  (cost=22.47..3783.98 rows=979 width=121)
	        Recheck Cond: ((id >= 9474377) AND (id <= 9475376))
	        ->  Bitmap Index Scan on sbtest7_pkey  (cost=0.00..22.22 rows=979 width=0)
	              Index Cond: ((id >= 9474377) AND (id <= 9475376))

table 8 : explain SELECT c FROM sbtest8 WHERE id BETWEEN 6069882 AND 6070881 ORDER BY c
	Sort  (cost=3920.61..3923.11 rows=1002 width=121)
	  Sort Key: c
	  ->  Bitmap Heap Scan on sbtest8  (cost=22.71..3870.66 rows=1002 width=121)
	        Recheck Cond: ((id >= 6069882) AND (id <= 6070881))
	        ->  Bitmap Index Scan on sbtest8_pkey  (cost=0.00..22.45 rows=1002 width=0)
	              Index Cond: ((id >= 6069882) AND (id <= 6070881))

for: order_ranges
table 1 : explain SELECT c FROM sbtest1 WHERE id BETWEEN 2794955 AND 2795954 ORDER BY c
	Sort  (cost=3936.24..3938.75 rows=1007 width=121)
	  Sort Key: c
	  ->  Bitmap Heap Scan on sbtest1  (cost=22.76..3886.01 rows=1007 width=121)
	        Recheck Cond: ((id >= 2794955) AND (id <= 2795954))
	        ->  Bitmap Index Scan on sbtest1_pkey  (cost=0.00..22.50 rows=1007 width=0)
	              Index Cond: ((id >= 2794955) AND (id <= 2795954))

table 2 : explain SELECT c FROM sbtest2 WHERE id BETWEEN 3245873 AND 3246872 ORDER BY c
	Sort  (cost=3960.37..3962.90 rows=1013 width=121)
	  Sort Key: c
	  ->  Bitmap Heap Scan on sbtest2  (cost=22.82..3909.80 rows=1013 width=121)
	        Recheck Cond: ((id >= 3245873) AND (id <= 3246872))
	        ->  Bitmap Index Scan on sbtest2_pkey  (cost=0.00..22.57 rows=1013 width=0)
	              Index Cond: ((id >= 3245873) AND (id <= 3246872))

table 3 : explain SELECT c FROM sbtest3 WHERE id BETWEEN 182157 AND 183156 ORDER BY c
	Sort  (cost=4227.64..4230.34 rows=1083 width=121)
	  Sort Key: c
	  ->  Bitmap Heap Scan on sbtest3  (cost=23.54..4173.05 rows=1083 width=121)
	        Recheck Cond: ((id >= 182157) AND (id <= 183156))
	        ->  Bitmap Index Scan on sbtest3_pkey  (cost=0.00..23.26 rows=1083 width=0)
	              Index Cond: ((id >= 182157) AND (id <= 183156))

table 4 : explain SELECT c FROM sbtest4 WHERE id BETWEEN 736259 AND 737258 ORDER BY c
	Sort  (cost=3961.60..3964.13 rows=1013 width=121)
	  Sort Key: c
	  ->  Bitmap Heap Scan on sbtest4  (cost=22.82..3911.02 rows=1013 width=121)
	        Recheck Cond: ((id >= 736259) AND (id <= 737258))
	        ->  Bitmap Index Scan on sbtest4_pkey  (cost=0.00..22.57 rows=1013 width=0)
	              Index Cond: ((id >= 736259) AND (id <= 737258))

table 5 : explain SELECT c FROM sbtest5 WHERE id BETWEEN 914497 AND 915496 ORDER BY c
	Sort  (cost=3965.44..3967.98 rows=1014 width=121)
	  Sort Key: c
	  ->  Bitmap Heap Scan on sbtest5  (cost=22.83..3914.82 rows=1014 width=121)
	        Recheck Cond: ((id >= 914497) AND (id <= 915496))
	        ->  Bitmap Index Scan on sbtest5_pkey  (cost=0.00..22.57 rows=1014 width=0)
	              Index Cond: ((id >= 914497) AND (id <= 915496))

table 6 : explain SELECT c FROM sbtest6 WHERE id BETWEEN 9702086 AND 9703085 ORDER BY c
	Sort  (cost=3816.33..3818.76 rows=975 width=121)
	  Sort Key: c
	  ->  Bitmap Heap Scan on sbtest6  (cost=22.43..3767.92 rows=975 width=121)
	        Recheck Cond: ((id >= 9702086) AND (id <= 9703085))
	        ->  Bitmap Index Scan on sbtest6_pkey  (cost=0.00..22.18 rows=975 width=0)
	              Index Cond: ((id >= 9702086) AND (id <= 9703085))

table 7 : explain SELECT c FROM sbtest7 WHERE id BETWEEN 7734023 AND 7735022 ORDER BY c
	Sort  (cost=3863.24..3865.71 rows=987 width=121)
	  Sort Key: c
	  ->  Bitmap Heap Scan on sbtest7  (cost=22.55..3814.15 rows=987 width=121)
	        Recheck Cond: ((id >= 7734023) AND (id <= 7735022))
	        ->  Bitmap Index Scan on sbtest7_pkey  (cost=0.00..22.30 rows=987 width=0)
	              Index Cond: ((id >= 7734023) AND (id <= 7735022))

table 8 : explain SELECT c FROM sbtest8 WHERE id BETWEEN 6099232 AND 6100231 ORDER BY c
	Sort  (cost=4039.15..4041.74 rows=1033 width=121)
	  Sort Key: c
	  ->  Bitmap Heap Scan on sbtest8  (cost=23.02..3987.44 rows=1033 width=121)
	        Recheck Cond: ((id >= 6099232) AND (id <= 6100231))
	        ->  Bitmap Index Scan on sbtest8_pkey  (cost=0.00..22.76 rows=1033 width=0)
	              Index Cond: ((id >= 6099232) AND (id <= 6100231))

for: distinct_ranges
table 1 : explain SELECT DISTINCT c FROM sbtest1 WHERE id BETWEEN 5302301 AND 5303300 ORDER BY c
	Unique  (cost=3396.34..3400.67 rows=866 width=121)
	  ->  Sort  (cost=3396.34..3398.51 rows=866 width=121)
	        Sort Key: c
	        ->  Bitmap Heap Scan on sbtest1  (cost=21.31..3354.09 rows=866 width=121)
	              Recheck Cond: ((id >= 5302301) AND (id <= 5303300))
	              ->  Bitmap Index Scan on sbtest1_pkey  (cost=0.00..21.09 rows=866 width=0)
	                    Index Cond: ((id >= 5302301) AND (id <= 5303300))

table 2 : explain SELECT DISTINCT c FROM sbtest2 WHERE id BETWEEN 2910584 AND 2911583 ORDER BY c
	Unique  (cost=4044.41..4049.58 rows=1035 width=121)
	  ->  Sort  (cost=4044.41..4047.00 rows=1035 width=121)
	        Sort Key: c
	        ->  Bitmap Heap Scan on sbtest2  (cost=23.04..3992.58 rows=1035 width=121)
	              Recheck Cond: ((id >= 2910584) AND (id <= 2911583))
	              ->  Bitmap Index Scan on sbtest2_pkey  (cost=0.00..22.79 rows=1035 width=0)
	                    Index Cond: ((id >= 2910584) AND (id <= 2911583))

table 3 : explain SELECT DISTINCT c FROM sbtest3 WHERE id BETWEEN 2637422 AND 2638421 ORDER BY c
	Unique  (cost=4059.75..4064.95 rows=1039 width=121)
	  ->  Sort  (cost=4059.75..4062.35 rows=1039 width=121)
	        Sort Key: c
	        ->  Bitmap Heap Scan on sbtest3  (cost=23.08..4007.70 rows=1039 width=121)
	              Recheck Cond: ((id >= 2637422) AND (id <= 2638421))
	              ->  Bitmap Index Scan on sbtest3_pkey  (cost=0.00..22.82 rows=1039 width=0)
	                    Index Cond: ((id >= 2637422) AND (id <= 2638421))

table 4 : explain SELECT DISTINCT c FROM sbtest4 WHERE id BETWEEN 3725768 AND 3726767 ORDER BY c
	Unique  (cost=3693.68..3698.40 rows=943 width=121)
	  ->  Sort  (cost=3693.68..3696.04 rows=943 width=121)
	        Sort Key: c
	        ->  Bitmap Heap Scan on sbtest4  (cost=22.10..3647.10 rows=943 width=121)
	              Recheck Cond: ((id >= 3725768) AND (id <= 3726767))
	              ->  Bitmap Index Scan on sbtest4_pkey  (cost=0.00..21.86 rows=943 width=0)
	                    Index Cond: ((id >= 3725768) AND (id <= 3726767))

table 5 : explain SELECT DISTINCT c FROM sbtest5 WHERE id BETWEEN 2385688 AND 2386687 ORDER BY c
	Unique  (cost=3942.50..3947.54 rows=1008 width=121)
	  ->  Sort  (cost=3942.50..3945.02 rows=1008 width=121)
	        Sort Key: c
	        ->  Bitmap Heap Scan on sbtest5  (cost=22.77..3892.22 rows=1008 width=121)
	              Recheck Cond: ((id >= 2385688) AND (id <= 2386687))
	              ->  Bitmap Index Scan on sbtest5_pkey  (cost=0.00..22.51 rows=1008 width=0)
	                    Index Cond: ((id >= 2385688) AND (id <= 2386687))

table 6 : explain SELECT DISTINCT c FROM sbtest6 WHERE id BETWEEN 927985 AND 928984 ORDER BY c
	Unique  (cost=4240.47..4245.90 rows=1086 width=121)
	  ->  Sort  (cost=4240.47..4243.18 rows=1086 width=121)
	        Sort Key: c
	        ->  Bitmap Heap Scan on sbtest6  (cost=23.57..4185.70 rows=1086 width=121)
	              Recheck Cond: ((id >= 927985) AND (id <= 928984))
	              ->  Bitmap Index Scan on sbtest6_pkey  (cost=0.00..23.29 rows=1086 width=0)
	                    Index Cond: ((id >= 927985) AND (id <= 928984))

table 7 : explain SELECT DISTINCT c FROM sbtest7 WHERE id BETWEEN 4504626 AND 4505625 ORDER BY c
	Unique  (cost=3893.86..3898.83 rows=995 width=121)
	  ->  Sort  (cost=3893.86..3896.34 rows=995 width=121)
	        Sort Key: c
	        ->  Bitmap Heap Scan on sbtest7  (cost=22.63..3844.31 rows=995 width=121)
	              Recheck Cond: ((id >= 4504626) AND (id <= 4505625))
	              ->  Bitmap Index Scan on sbtest7_pkey  (cost=0.00..22.39 rows=995 width=0)
	                    Index Cond: ((id >= 4504626) AND (id <= 4505625))

table 8 : explain SELECT DISTINCT c FROM sbtest8 WHERE id BETWEEN 4640531 AND 4641530 ORDER BY c
	Unique  (cost=3947.38..3952.43 rows=1009 width=121)
	  ->  Sort  (cost=3947.38..3949.91 rows=1009 width=121)
	        Sort Key: c
	        ->  Bitmap Heap Scan on sbtest8  (cost=22.78..3897.04 rows=1009 width=121)
	              Recheck Cond: ((id >= 4640531) AND (id <= 4641530))
	              ->  Bitmap Index Scan on sbtest8_pkey  (cost=0.00..22.52 rows=1009 width=0)
	                    Index Cond: ((id >= 4640531) AND (id <= 4641530))

for: order_ranges
table 1 : explain SELECT c FROM sbtest1 WHERE id BETWEEN 788963 AND 789962 ORDER BY c
	Sort  (cost=3974.43..3976.97 rows=1017 width=121)
	  Sort Key: c
	  ->  Bitmap Heap Scan on sbtest1  (cost=22.86..3923.63 rows=1017 width=121)
	        Recheck Cond: ((id >= 788963) AND (id <= 789962))
	        ->  Bitmap Index Scan on sbtest1_pkey  (cost=0.00..22.61 rows=1017 width=0)
	              Index Cond: ((id >= 788963) AND (id <= 789962))

table 2 : explain SELECT c FROM sbtest2 WHERE id BETWEEN 6086224 AND 6087223 ORDER BY c
	Sort  (cost=3723.22..3725.60 rows=951 width=121)
	  Sort Key: c
	  ->  Bitmap Heap Scan on sbtest2  (cost=22.18..3676.18 rows=951 width=121)
	        Recheck Cond: ((id >= 6086224) AND (id <= 6087223))
	        ->  Bitmap Index Scan on sbtest2_pkey  (cost=0.00..21.94 rows=951 width=0)
	              Index Cond: ((id >= 6086224) AND (id <= 6087223))

table 3 : explain SELECT c FROM sbtest3 WHERE id BETWEEN 3997019 AND 3998018 ORDER BY c
	Sort  (cost=3727.11..3729.49 rows=952 width=121)
	  Sort Key: c
	  ->  Bitmap Heap Scan on sbtest3  (cost=22.19..3680.01 rows=952 width=121)
	        Recheck Cond: ((id >= 3997019) AND (id <= 3998018))
	        ->  Bitmap Index Scan on sbtest3_pkey  (cost=0.00..21.95 rows=952 width=0)
	              Index Cond: ((id >= 3997019) AND (id <= 3998018))

table 4 : explain SELECT c FROM sbtest4 WHERE id BETWEEN 1592518 AND 1593517 ORDER BY c
	Sort  (cost=3900.41..3902.90 rows=997 width=121)
	  Sort Key: c
	  ->  Bitmap Heap Scan on sbtest4  (cost=22.65..3850.75 rows=997 width=121)
	        Recheck Cond: ((id >= 1592518) AND (id <= 1593517))
	        ->  Bitmap Index Scan on sbtest4_pkey  (cost=0.00..22.40 rows=997 width=0)
	              Index Cond: ((id >= 1592518) AND (id <= 1593517))

table 5 : explain SELECT c FROM sbtest5 WHERE id BETWEEN 7914212 AND 7915211 ORDER BY c
	Sort  (cost=3640.05..3642.37 rows=929 width=121)
	  Sort Key: c
	  ->  Bitmap Heap Scan on sbtest5  (cost=21.96..3594.25 rows=929 width=121)
	        Recheck Cond: ((id >= 7914212) AND (id <= 7915211))
	        ->  Bitmap Index Scan on sbtest5_pkey  (cost=0.00..21.72 rows=929 width=0)
	              Index Cond: ((id >= 7914212) AND (id <= 7915211))

table 6 : explain SELECT c FROM sbtest6 WHERE id BETWEEN 9514788 AND 9515787 ORDER BY c
	Sort  (cost=3843.12..3845.57 rows=982 width=121)
	  Sort Key: c
	  ->  Bitmap Heap Scan on sbtest6  (cost=22.50..3794.31 rows=982 width=121)
	        Recheck Cond: ((id >= 9514788) AND (id <= 9515787))
	        ->  Bitmap Index Scan on sbtest6_pkey  (cost=0.00..22.25 rows=982 width=0)
	              Index Cond: ((id >= 9514788) AND (id <= 9515787))

table 7 : explain SELECT c FROM sbtest7 WHERE id BETWEEN 3535511 AND 3536510 ORDER BY c
	Sort  (cost=3958.90..3961.43 rows=1012 width=121)
	  Sort Key: c
	  ->  Bitmap Heap Scan on sbtest7  (cost=22.81..3908.38 rows=1012 width=121)
	        Recheck Cond: ((id >= 3535511) AND (id <= 3536510))
	        ->  Bitmap Index Scan on sbtest7_pkey  (cost=0.00..22.55 rows=1012 width=0)
	              Index Cond: ((id >= 3535511) AND (id <= 3536510))

table 8 : explain SELECT c FROM sbtest8 WHERE id BETWEEN 3860093 AND 3861092 ORDER BY c
	Sort  (cost=3683.16..3685.51 rows=940 width=121)
	  Sort Key: c
	  ->  Bitmap Heap Scan on sbtest8  (cost=22.07..3636.74 rows=940 width=121)
	        Recheck Cond: ((id >= 3860093) AND (id <= 3861092))
	        ->  Bitmap Index Scan on sbtest8_pkey  (cost=0.00..21.83 rows=940 width=0)
	              Index Cond: ((id >= 3860093) AND (id <= 3861092))

for: distinct_ranges
table 1 : explain SELECT DISTINCT c FROM sbtest1 WHERE id BETWEEN 2260558 AND 2261557 ORDER BY c
	Unique  (cost=3783.33..3788.17 rows=967 width=121)
	  ->  Sort  (cost=3783.33..3785.75 rows=967 width=121)
	        Sort Key: c
	        ->  Bitmap Heap Scan on sbtest1  (cost=22.35..3735.38 rows=967 width=121)
	              Recheck Cond: ((id >= 2260558) AND (id <= 2261557))
	              ->  Bitmap Index Scan on sbtest1_pkey  (cost=0.00..22.11 rows=967 width=0)
	                    Index Cond: ((id >= 2260558) AND (id <= 2261557))

table 2 : explain SELECT DISTINCT c FROM sbtest2 WHERE id BETWEEN 7543572 AND 7544571 ORDER BY c
	Unique  (cost=4048.23..4053.41 rows=1036 width=121)
	  ->  Sort  (cost=4048.23..4050.82 rows=1036 width=121)
	        Sort Key: c
	        ->  Bitmap Heap Scan on sbtest2  (cost=23.05..3996.34 rows=1036 width=121)
	              Recheck Cond: ((id >= 7543572) AND (id <= 7544571))
	              ->  Bitmap Index Scan on sbtest2_pkey  (cost=0.00..22.79 rows=1036 width=0)
	                    Index Cond: ((id >= 7543572) AND (id <= 7544571))

table 3 : explain SELECT DISTINCT c FROM sbtest3 WHERE id BETWEEN 9197628 AND 9198627 ORDER BY c
	Unique  (cost=3948.98..3954.03 rows=1010 width=121)
	  ->  Sort  (cost=3948.98..3951.50 rows=1010 width=121)
	        Sort Key: c
	        ->  Bitmap Heap Scan on sbtest3  (cost=22.79..3898.58 rows=1010 width=121)
	              Recheck Cond: ((id >= 9197628) AND (id <= 9198627))
	              ->  Bitmap Index Scan on sbtest3_pkey  (cost=0.00..22.54 rows=1010 width=0)
	                    Index Cond: ((id >= 9197628) AND (id <= 9198627))

table 4 : explain SELECT DISTINCT c FROM sbtest4 WHERE id BETWEEN 1733198 AND 1734197 ORDER BY c
	Unique  (cost=3812.41..3817.28 rows=974 width=121)
	  ->  Sort  (cost=3812.41..3814.84 rows=974 width=121)
	        Sort Key: c
	        ->  Bitmap Heap Scan on sbtest4  (cost=22.42..3764.06 rows=974 width=121)
	              Recheck Cond: ((id >= 1733198) AND (id <= 1734197))
	              ->  Bitmap Index Scan on sbtest4_pkey  (cost=0.00..22.18 rows=974 width=0)
	                    Index Cond: ((id >= 1733198) AND (id <= 1734197))

table 5 : explain SELECT DISTINCT c FROM sbtest5 WHERE id BETWEEN 224710 AND 225709 ORDER BY c
	Unique  (cost=4018.95..4024.09 rows=1028 width=121)
	  ->  Sort  (cost=4018.95..4021.52 rows=1028 width=121)
	        Sort Key: c
	        ->  Bitmap Heap Scan on sbtest5  (cost=22.97..3967.52 rows=1028 width=121)
	              Recheck Cond: ((id >= 224710) AND (id <= 225709))
	              ->  Bitmap Index Scan on sbtest5_pkey  (cost=0.00..22.71 rows=1028 width=0)
	                    Index Cond: ((id >= 224710) AND (id <= 225709))

table 6 : explain SELECT DISTINCT c FROM sbtest6 WHERE id BETWEEN 6598875 AND 6599874 ORDER BY c
	Unique  (cost=4076.33..4081.55 rows=1043 width=121)
	  ->  Sort  (cost=4076.33..4078.94 rows=1043 width=121)
	        Sort Key: c
	        ->  Bitmap Heap Scan on sbtest6  (cost=23.13..4024.05 rows=1043 width=121)
	              Recheck Cond: ((id >= 6598875) AND (id <= 6599874))
	              ->  Bitmap Index Scan on sbtest6_pkey  (cost=0.00..22.86 rows=1043 width=0)
	                    Index Cond: ((id >= 6598875) AND (id <= 6599874))

table 7 : explain SELECT DISTINCT c FROM sbtest7 WHERE id BETWEEN 936309 AND 937308 ORDER BY c
	Unique  (cost=3935.95..3940.98 rows=1006 width=121)
	  ->  Sort  (cost=3935.95..3938.46 rows=1006 width=121)
	        Sort Key: c
	        ->  Bitmap Heap Scan on sbtest7  (cost=22.75..3885.77 rows=1006 width=121)
	              Recheck Cond: ((id >= 936309) AND (id <= 937308))
	              ->  Bitmap Index Scan on sbtest7_pkey  (cost=0.00..22.50 rows=1006 width=0)
	                    Index Cond: ((id >= 936309) AND (id <= 937308))

table 8 : explain SELECT DISTINCT c FROM sbtest8 WHERE id BETWEEN 9024264 AND 9025263 ORDER BY c
	Unique  (cost=3625.64..3630.27 rows=925 width=121)
	  ->  Sort  (cost=3625.64..3627.96 rows=925 width=121)
	        Sort Key: c
	        ->  Bitmap Heap Scan on sbtest8  (cost=21.92..3580.07 rows=925 width=121)
	              Recheck Cond: ((id >= 9024264) AND (id <= 9025263))
	              ->  Bitmap Index Scan on sbtest8_pkey  (cost=0.00..21.68 rows=925 width=0)
	                    Index Cond: ((id >= 9024264) AND (id <= 9025263))

for: distinct_ranges
table 1 : explain SELECT DISTINCT c FROM sbtest1 WHERE id BETWEEN 7528502 AND 7529501 ORDER BY c
	Unique  (cost=3733.59..3738.36 rows=954 width=121)
	  ->  Sort  (cost=3733.59..3735.98 rows=954 width=121)
	        Sort Key: c
	        ->  Bitmap Heap Scan on sbtest1  (cost=22.21..3686.38 rows=954 width=121)
	              Recheck Cond: ((id >= 7528502) AND (id <= 7529501))
	              ->  Bitmap Index Scan on sbtest1_pkey  (cost=0.00..21.97 rows=954 width=0)
	                    Index Cond: ((id >= 7528502) AND (id <= 7529501))

table 2 : explain SELECT DISTINCT c FROM sbtest2 WHERE id BETWEEN 1189661 AND 1190660 ORDER BY c
	Unique  (cost=3799.77..3804.63 rows=971 width=121)
	  ->  Sort  (cost=3799.77..3802.20 rows=971 width=121)
	        Sort Key: c
	        ->  Bitmap Heap Scan on sbtest2  (cost=22.39..3751.59 rows=971 width=121)
	              Recheck Cond: ((id >= 1189661) AND (id <= 1190660))
	              ->  Bitmap Index Scan on sbtest2_pkey  (cost=0.00..22.14 rows=971 width=0)
	                    Index Cond: ((id >= 1189661) AND (id <= 1190660))

table 3 : explain SELECT DISTINCT c FROM sbtest3 WHERE id BETWEEN 6562636 AND 6563635 ORDER BY c
	Unique  (cost=4094.11..4099.35 rows=1048 width=121)
	  ->  Sort  (cost=4094.11..4096.73 rows=1048 width=121)
	        Sort Key: c
	        ->  Bitmap Heap Scan on sbtest3  (cost=23.18..4041.54 rows=1048 width=121)
	              Recheck Cond: ((id >= 6562636) AND (id <= 6563635))
	              ->  Bitmap Index Scan on sbtest3_pkey  (cost=0.00..22.91 rows=1048 width=0)
	                    Index Cond: ((id >= 6562636) AND (id <= 6563635))

table 4 : explain SELECT DISTINCT c FROM sbtest4 WHERE id BETWEEN 9346089 AND 9347088 ORDER BY c
	Unique  (cost=3839.20..3844.10 rows=981 width=121)
	  ->  Sort  (cost=3839.20..3841.65 rows=981 width=121)
	        Sort Key: c
	        ->  Bitmap Heap Scan on sbtest4  (cost=22.49..3790.45 rows=981 width=121)
	              Recheck Cond: ((id >= 9346089) AND (id <= 9347088))
	              ->  Bitmap Index Scan on sbtest4_pkey  (cost=0.00..22.25 rows=981 width=0)
	                    Index Cond: ((id >= 9346089) AND (id <= 9347088))

table 5 : explain SELECT DISTINCT c FROM sbtest5 WHERE id BETWEEN 8172828 AND 8173827 ORDER BY c
	Unique  (cost=4076.26..4081.47 rows=1043 width=121)
	  ->  Sort  (cost=4076.26..4078.87 rows=1043 width=121)
	        Sort Key: c
	        ->  Bitmap Heap Scan on sbtest5  (cost=23.13..4023.97 rows=1043 width=121)
	              Recheck Cond: ((id >= 8172828) AND (id <= 8173827))
	              ->  Bitmap Index Scan on sbtest5_pkey  (cost=0.00..22.86 rows=1043 width=0)
	                    Index Cond: ((id >= 8172828) AND (id <= 8173827))

table 6 : explain SELECT DISTINCT c FROM sbtest6 WHERE id BETWEEN 3251734 AND 3252733 ORDER BY c
	Unique  (cost=3747.40..3752.19 rows=957 width=121)
	  ->  Sort  (cost=3747.40..3749.80 rows=957 width=121)
	        Sort Key: c
	        ->  Bitmap Heap Scan on sbtest6  (cost=22.24..3700.02 rows=957 width=121)
	              Recheck Cond: ((id >= 3251734) AND (id <= 3252733))
	              ->  Bitmap Index Scan on sbtest6_pkey  (cost=0.00..22.00 rows=957 width=0)
	                    Index Cond: ((id >= 3251734) AND (id <= 3252733))

table 7 : explain SELECT DISTINCT c FROM sbtest7 WHERE id BETWEEN 8410707 AND 8411706 ORDER BY c
	Unique  (cost=3897.68..3902.66 rows=996 width=121)
	  ->  Sort  (cost=3897.68..3900.17 rows=996 width=121)
	        Sort Key: c
	        ->  Bitmap Heap Scan on sbtest7  (cost=22.64..3848.08 rows=996 width=121)
	              Recheck Cond: ((id >= 8410707) AND (id <= 8411706))
	              ->  Bitmap Index Scan on sbtest7_pkey  (cost=0.00..22.39 rows=996 width=0)
	                    Index Cond: ((id >= 8410707) AND (id <= 8411706))

table 8 : explain SELECT DISTINCT c FROM sbtest8 WHERE id BETWEEN 3928222 AND 3929221 ORDER BY c
	Unique  (cost=3974.16..3979.24 rows=1016 width=121)
	  ->  Sort  (cost=3974.16..3976.70 rows=1016 width=121)
	        Sort Key: c
	        ->  Bitmap Heap Scan on sbtest8  (cost=22.85..3923.41 rows=1016 width=121)
	              Recheck Cond: ((id >= 3928222) AND (id <= 3929221))
	              ->  Bitmap Index Scan on sbtest8_pkey  (cost=0.00..22.59 rows=1016 width=0)
	                    Index Cond: ((id >= 3928222) AND (id <= 3929221))

Threads started!

Warming up for 5 seconds...

SQL statistics:
    queries performed:
        read:                            92014643
        write:                           0
        other:                           16729961
        total:                           108744604
    transactions:                        8365000 (13277.62 per sec.)
    queries:                             108744604 (172608.37 per sec.)
    ignored errors:                      0      (0.00 per sec.)
    reconnects:                          0      (0.00 per sec.)

Throughput:
    events/s (eps):                      13277.6152
    time elapsed:                        630.0079s
    total number of events:              8365000

Latency (ms):
         min:                                    0.49
         avg:                                    3.01
         max:                                   19.08
         95th percentile:                        3.13
         sum:                             25190803.52

Threads fairness:
    events (avg/stddev):           209124.7750/673.38
    execution time (avg/stddev):   629.7701/0.00

