LUA_PATH=/home/mdcallag/git/mytools/bench/sysbench.lua/lua/?.lua /home/mdcallag/git/mytools/bench/sysbench.lua/lua/sysbench --db-driver=pgsql --range-size=1000 --table-size=10000000 --tables=8 --threads=40 --events=0 --warmup-time=5 --time=630 --pgsql_conn_id=true /home/mdcallag/git/mytools/bench/sysbench.lua/lua/oltp_read_only.lua run --pgsql-user=root --pgsql-password=pw --pgsql-host=127.0.0.1 --pgsql-db=ib --rand-type=uniform --simple-ranges=0 --sum-ranges=1 --order-ranges=0 --distinct-ranges=0
48 CPUs
sysbench 1.1.0-9072687 (using bundled LuaJIT 2.1.0-beta3)

Running the test with following options:
Number of threads: 40
Warmup time: 5s
Initializing random number generator from current time


Initializing worker threads...

explain: for point_selects :: explain SELECT c FROM sbtest%u WHERE id=%u
explain: for point_selects :: explain SELECT c FROM sbtest%u WHERE id=%u
explain: for point_selects :: explain SELECT c FROM sbtest%u WHERE id=%u
explain: for point_selects :: explain SELECT c FROM sbtest%u WHERE id=%u
explain: for point_selects :: explain SELECT c FROM sbtest%u WHERE id=%u
for point_selects
table 1 : explain SELECT c FROM sbtest1 WHERE id=2632130
	Index Scan using sbtest1_pkey on sbtest1  (cost=0.43..8.45 rows=1 width=121)
	  Index Cond: (id = 2632130)

table 2 : explain SELECT c FROM sbtest2 WHERE id=9200860
	Index Scan using sbtest2_pkey on sbtest2  (cost=0.43..8.45 rows=1 width=121)
	  Index Cond: (id = 9200860)

table 3 : explain SELECT c FROM sbtest3 WHERE id=9983672
	Index Scan using sbtest3_pkey on sbtest3  (cost=0.43..8.45 rows=1 width=121)
	  Index Cond: (id = 9983672)

table 4 : explain SELECT c FROM sbtest4 WHERE id=7170903
	Index Scan using sbtest4_pkey on sbtest4  (cost=0.43..8.45 rows=1 width=121)
	  Index Cond: (id = 7170903)

table 5 : explain SELECT c FROM sbtest5 WHERE id=2938154
	Index Scan using sbtest5_pkey on sbtest5  (cost=0.43..8.45 rows=1 width=121)
	  Index Cond: (id = 2938154)

table 6 : explain SELECT c FROM sbtest6 WHERE id=4117662
	Index Scan using sbtest6_pkey on sbtest6  (cost=0.43..8.45 rows=1 width=121)
	  Index Cond: (id = 4117662)

table 7 : explain SELECT c FROM sbtest7 WHERE id=7570364
	Index Scan using sbtest7_pkey on sbtest7  (cost=0.43..8.45 rows=1 width=121)
	  Index Cond: (id = 7570364)

table 8 : explain SELECT c FROM sbtest8 WHERE id=5249396
	Index Scan using sbtest8_pkey on sbtest8  (cost=0.43..8.45 rows=1 width=121)
	  Index Cond: (id = 5249396)

explain: for point_selects :: explain SELECT c FROM sbtest%u WHERE id=%u
for: simple_ranges
table 1 : explain SELECT c FROM sbtest1 WHERE id BETWEEN 6640256 AND 6641255
	Bitmap Heap Scan on sbtest1  (cost=34.28..3724.22 rows=960 width=121)
	  Recheck Cond: ((id >= 6640256) AND (id <= 6641255))
	  ->  Bitmap Index Scan on sbtest1_pkey  (cost=0.00..34.04 rows=960 width=0)
	        Index Cond: ((id >= 6640256) AND (id <= 6641255))

table 2 : explain SELECT c FROM sbtest2 WHERE id BETWEEN 5070916 AND 5071915
	Bitmap Heap Scan on sbtest2  (cost=34.74..3898.05 rows=1005 width=121)
	  Recheck Cond: ((id >= 5070916) AND (id <= 5071915))
	  ->  Bitmap Index Scan on sbtest2_pkey  (cost=0.00..34.48 rows=1005 width=0)
	        Index Cond: ((id >= 5070916) AND (id <= 5071915))

table 3 : explain SELECT c FROM sbtest3 WHERE id BETWEEN 1323836 AND 1324835
	Bitmap Heap Scan on sbtest3  (cost=35.66..4236.22 rows=1095 width=121)
	  Recheck Cond: ((id >= 1323836) AND (id <= 1324835))
	  ->  Bitmap Index Scan on sbtest3_pkey  (cost=0.00..35.39 rows=1095 width=0)
	        Index Cond: ((id >= 1323836) AND (id <= 1324835))

table 4 : explain SELECT c FROM sbtest4 WHERE id BETWEEN 9072660 AND 9073659
	Index Scan using sbtest4_pkey on sbtest4  (cost=0.43..3693.01 rows=945 width=121)
	  Index Cond: ((id >= 9072660) AND (id <= 9073659))

table 5 : explain SELECT c FROM sbtest5 WHERE id BETWEEN 8113748 AND 8114747
	Bitmap Heap Scan on sbtest5  (cost=34.32..3745.43 rows=964 width=121)
	  Recheck Cond: ((id >= 8113748) AND (id <= 8114747))
	  ->  Bitmap Index Scan on sbtest5_pkey  (cost=0.00..34.08 rows=964 width=0)
	        Index Cond: ((id >= 8113748) AND (id <= 8114747))

table 6 : explain SELECT c FROM sbtest6 WHERE id BETWEEN 706392 AND 707391
	Bitmap Heap Scan on sbtest6  (cost=29.71..3518.38 rows=905 width=121)
	  Recheck Cond: ((id >= 706392) AND (id <= 707391))
	  ->  Bitmap Index Scan on sbtest6_pkey  (cost=0.00..29.48 rows=905 width=0)
	        Index Cond: ((id >= 706392) AND (id <= 707391))

table 7 : explain SELECT c FROM sbtest7 WHERE id BETWEEN 7157614 AND 7158613
	Bitmap Heap Scan on sbtest7  (cost=35.25..4089.91 rows=1055 width=121)
	  Recheck Cond: ((id >= 7157614) AND (id <= 7158613))
	  ->  Bitmap Index Scan on sbtest7_pkey  (cost=0.00..34.98 rows=1055 width=0)
	        Index Cond: ((id >= 7157614) AND (id <= 7158613))

table 8 : explain SELECT c FROM sbtest8 WHERE id BETWEEN 7315256 AND 7316255
	Bitmap Heap Scan on sbtest8  (cost=34.49..3810.29 rows=981 width=121)
	  Recheck Cond: ((id >= 7315256) AND (id <= 7316255))
	  ->  Bitmap Index Scan on sbtest8_pkey  (cost=0.00..34.25 rows=981 width=0)
	        Index Cond: ((id >= 7315256) AND (id <= 7316255))

explain: for point_selects :: explain SELECT c FROM sbtest%u WHERE id=%u
for point_selects
table 1 : explain SELECT c FROM sbtest1 WHERE id=3276418
	Index Scan using sbtest1_pkey on sbtest1  (cost=0.43..8.45 rows=1 width=121)
	  Index Cond: (id = 3276418)

table 2 : explain SELECT c FROM sbtest2 WHERE id=5669446
	Index Scan using sbtest2_pkey on sbtest2  (cost=0.43..8.45 rows=1 width=121)
	  Index Cond: (id = 5669446)

table 3 : explain SELECT c FROM sbtest3 WHERE id=486051
	Index Scan using sbtest3_pkey on sbtest3  (cost=0.43..8.45 rows=1 width=121)
	  Index Cond: (id = 486051)

table 4 : explain SELECT c FROM sbtest4 WHERE id=2316063
	Index Scan using sbtest4_pkey on sbtest4  (cost=0.43..8.45 rows=1 width=121)
	  Index Cond: (id = 2316063)

table 5 : explain SELECT c FROM sbtest5 WHERE id=6150838
	Index Scan using sbtest5_pkey on sbtest5  (cost=0.43..8.45 rows=1 width=121)
	  Index Cond: (id = 6150838)

table 6 : explain SELECT c FROM sbtest6 WHERE id=9516076
	Index Scan using sbtest6_pkey on sbtest6  (cost=0.43..8.45 rows=1 width=121)
	  Index Cond: (id = 9516076)

table 7 : explain SELECT c FROM sbtest7 WHERE id=2724661
	Index Scan using sbtest7_pkey on sbtest7  (cost=0.43..8.45 rows=1 width=121)
	  Index Cond: (id = 2724661)

table 8 : explain SELECT c FROM sbtest8 WHERE id=5328809
	Index Scan using sbtest8_pkey on sbtest8  (cost=0.43..8.45 rows=1 width=121)
	  Index Cond: (id = 5328809)

explain: for point_selects :: explain SELECT c FROM sbtest%u WHERE id=%u
explain: for point_selects :: explain SELECT c FROM sbtest%u WHERE id=%u
explain: for point_selects :: explain SELECT c FROM sbtest%u WHERE id=%u
for: simple_ranges
table 1 : explain SELECT c FROM sbtest1 WHERE id BETWEEN 8600006 AND 8601005
	Bitmap Heap Scan on sbtest1  (cost=34.16..3682.69 rows=949 width=121)
	  Recheck Cond: ((id >= 8600006) AND (id <= 8601005))
	  ->  Bitmap Index Scan on sbtest1_pkey  (cost=0.00..33.93 rows=949 width=0)
	        Index Cond: ((id >= 8600006) AND (id <= 8601005))

table 2 : explain SELECT c FROM sbtest2 WHERE id BETWEEN 405787 AND 406786
	Bitmap Heap Scan on sbtest2  (cost=34.37..3762.08 rows=969 width=121)
	  Recheck Cond: ((id >= 405787) AND (id <= 406786))
	  ->  Bitmap Index Scan on sbtest2_pkey  (cost=0.00..34.12 rows=969 width=0)
	        Index Cond: ((id >= 405787) AND (id <= 406786))

table 3 : explain SELECT c FROM sbtest3 WHERE id BETWEEN 1676520 AND 1677519
	Bitmap Heap Scan on sbtest3  (cost=34.51..3814.09 rows=983 width=121)
	  Recheck Cond: ((id >= 1676520) AND (id <= 1677519))
	  ->  Bitmap Index Scan on sbtest3_pkey  (cost=0.00..34.27 rows=983 width=0)
	        Index Cond: ((id >= 1676520) AND (id <= 1677519))

table 4 : explain SELECT c FROM sbtest4 WHERE id BETWEEN 1383029 AND 1384028
	Index Scan using sbtest4_pkey on sbtest4  (cost=0.43..3980.60 rows=1019 width=121)
	  Index Cond: ((id >= 1383029) AND (id <= 1384028))

table 5 : explain SELECT c FROM sbtest5 WHERE id BETWEEN 8529345 AND 8530344
	Bitmap Heap Scan on sbtest5  (cost=34.66..3873.98 rows=998 width=121)
	  Recheck Cond: ((id >= 8529345) AND (id <= 8530344))
	  ->  Bitmap Index Scan on sbtest5_pkey  (cost=0.00..34.42 rows=998 width=0)
	        Index Cond: ((id >= 8529345) AND (id <= 8530344))

table 6 : explain SELECT c FROM sbtest6 WHERE id BETWEEN 7278617 AND 7279616
	Bitmap Heap Scan on sbtest6  (cost=35.25..4089.68 rows=1055 width=121)
	  Recheck Cond: ((id >= 7278617) AND (id <= 7279616))
	  ->  Bitmap Index Scan on sbtest6_pkey  (cost=0.00..34.98 rows=1055 width=0)
	        Index Cond: ((id >= 7278617) AND (id <= 7279616))

table 7 : explain SELECT c FROM sbtest7 WHERE id BETWEEN 6867975 AND 6868974
	Index Scan using sbtest7_pkey on sbtest7  (cost=0.43..3946.77 rows=1007 width=121)
	  Index Cond: ((id >= 6867975) AND (id <= 6868974))

table 8 : explain SELECT c FROM sbtest8 WHERE id BETWEEN 1186364 AND 1187363
	Bitmap Heap Scan on sbtest8  (cost=34.99..3995.46 rows=1030 width=121)
	  Recheck Cond: ((id >= 1186364) AND (id <= 1187363))
	  ->  Bitmap Index Scan on sbtest8_pkey  (cost=0.00..34.73 rows=1030 width=0)
	        Index Cond: ((id >= 1186364) AND (id <= 1187363))

explain: for point_selects :: explain SELECT c FROM sbtest%u WHERE id=%u
for point_selects
table 1 : explain SELECT c FROM sbtest1 WHERE id=9028671
	Index Scan using sbtest1_pkey on sbtest1  (cost=0.43..8.45 rows=1 width=121)
	  Index Cond: (id = 9028671)

table 2 : explain SELECT c FROM sbtest2 WHERE id=722279
	Index Scan using sbtest2_pkey on sbtest2  (cost=0.43..8.45 rows=1 width=121)
	  Index Cond: (id = 722279)

table 3 : explain SELECT c FROM sbtest3 WHERE id=3749647
	Index Scan using sbtest3_pkey on sbtest3  (cost=0.43..8.45 rows=1 width=121)
	  Index Cond: (id = 3749647)

table 4 : explain SELECT c FROM sbtest4 WHERE id=384128
	Index Scan using sbtest4_pkey on sbtest4  (cost=0.43..8.45 rows=1 width=121)
	  Index Cond: (id = 384128)

table 5 : explain SELECT c FROM sbtest5 WHERE id=9078675
	Index Scan using sbtest5_pkey on sbtest5  (cost=0.43..8.45 rows=1 width=121)
	  Index Cond: (id = 9078675)

table 6 : explain SELECT c FROM sbtest6 WHERE id=1623357
	Index Scan using sbtest6_pkey on sbtest6  (cost=0.43..8.45 rows=1 width=121)
	  Index Cond: (id = 1623357)

table 7 : explain SELECT c FROM sbtest7 WHERE id=3599672
	Index Scan using sbtest7_pkey on sbtest7  (cost=0.43..8.45 rows=1 width=121)
	  Index Cond: (id = 3599672)

table 8 : explain SELECT c FROM sbtest8 WHERE id=6231252
	Index Scan using sbtest8_pkey on sbtest8  (cost=0.43..8.45 rows=1 width=121)
	  Index Cond: (id = 6231252)

for point_selects
table 1 : explain SELECT c FROM sbtest1 WHERE id=48328
	Index Scan using sbtest1_pkey on sbtest1  (cost=0.43..8.45 rows=1 width=121)
	  Index Cond: (id = 48328)

table 2 : explain SELECT c FROM sbtest2 WHERE id=3361351
	Index Scan using sbtest2_pkey on sbtest2  (cost=0.43..8.45 rows=1 width=121)
	  Index Cond: (id = 3361351)

table 3 : explain SELECT c FROM sbtest3 WHERE id=2001241
	Index Scan using sbtest3_pkey on sbtest3  (cost=0.43..8.45 rows=1 width=121)
	  Index Cond: (id = 2001241)

table 4 : explain SELECT c FROM sbtest4 WHERE id=6763469
	Index Scan using sbtest4_pkey on sbtest4  (cost=0.43..8.45 rows=1 width=121)
	  Index Cond: (id = 6763469)

table 5 : explain SELECT c FROM sbtest5 WHERE id=8225877
	Index Scan using sbtest5_pkey on sbtest5  (cost=0.43..8.45 rows=1 width=121)
	  Index Cond: (id = 8225877)

table 6 : explain SELECT c FROM sbtest6 WHERE id=4318895
	Index Scan using sbtest6_pkey on sbtest6  (cost=0.43..8.45 rows=1 width=121)
	  Index Cond: (id = 4318895)

table 7 : explain SELECT c FROM sbtest7 WHERE id=7308294
	Index Scan using sbtest7_pkey on sbtest7  (cost=0.43..8.45 rows=1 width=121)
	  Index Cond: (id = 7308294)

table 8 : explain SELECT c FROM sbtest8 WHERE id=5929696
	Index Scan using sbtest8_pkey on sbtest8  (cost=0.43..8.45 rows=1 width=121)
	  Index Cond: (id = 5929696)

for point_selects
table 1 : explain SELECT c FROM sbtest1 WHERE id=3014403
	Index Scan using sbtest1_pkey on sbtest1  (cost=0.43..8.45 rows=1 width=121)
	  Index Cond: (id = 3014403)

table 2 : explain SELECT c FROM sbtest2 WHERE id=2855639
	Index Scan using sbtest2_pkey on sbtest2  (cost=0.43..8.45 rows=1 width=121)
	  Index Cond: (id = 2855639)

table 3 : explain SELECT c FROM sbtest3 WHERE id=483109
	Index Scan using sbtest3_pkey on sbtest3  (cost=0.43..8.45 rows=1 width=121)
	  Index Cond: (id = 483109)

table 4 : explain SELECT c FROM sbtest4 WHERE id=1670873
	Index Scan using sbtest4_pkey on sbtest4  (cost=0.43..8.45 rows=1 width=121)
	  Index Cond: (id = 1670873)

table 5 : explain SELECT c FROM sbtest5 WHERE id=1340266
	Index Scan using sbtest5_pkey on sbtest5  (cost=0.43..8.45 rows=1 width=121)
	  Index Cond: (id = 1340266)

table 6 : explain SELECT c FROM sbtest6 WHERE id=3806293
	Index Scan using sbtest6_pkey on sbtest6  (cost=0.43..8.45 rows=1 width=121)
	  Index Cond: (id = 3806293)

table 7 : explain SELECT c FROM sbtest7 WHERE id=9041566
	Index Scan using sbtest7_pkey on sbtest7  (cost=0.43..8.45 rows=1 width=121)
	  Index Cond: (id = 9041566)

table 8 : explain SELECT c FROM sbtest8 WHERE id=3271660
	Index Scan using sbtest8_pkey on sbtest8  (cost=0.43..8.45 rows=1 width=121)
	  Index Cond: (id = 3271660)

for point_selects
table 1 : explain SELECT c FROM sbtest1 WHERE id=957018
	Index Scan using sbtest1_pkey on sbtest1  (cost=0.43..8.45 rows=1 width=121)
	  Index Cond: (id = 957018)

table 2 : explain SELECT c FROM sbtest2 WHERE id=360129
	Index Scan using sbtest2_pkey on sbtest2  (cost=0.43..8.45 rows=1 width=121)
	  Index Cond: (id = 360129)

table 3 : explain SELECT c FROM sbtest3 WHERE id=3300933
	Index Scan using sbtest3_pkey on sbtest3  (cost=0.43..8.45 rows=1 width=121)
	  Index Cond: (id = 3300933)

table 4 : explain SELECT c FROM sbtest4 WHERE id=6437403
	Index Scan using sbtest4_pkey on sbtest4  (cost=0.43..8.45 rows=1 width=121)
	  Index Cond: (id = 6437403)

table 5 : explain SELECT c FROM sbtest5 WHERE id=7635481
	Index Scan using sbtest5_pkey on sbtest5  (cost=0.43..8.45 rows=1 width=121)
	  Index Cond: (id = 7635481)

table 6 : explain SELECT c FROM sbtest6 WHERE id=4472913
	Index Scan using sbtest6_pkey on sbtest6  (cost=0.43..8.45 rows=1 width=121)
	  Index Cond: (id = 4472913)

table 7 : explain SELECT c FROM sbtest7 WHERE id=6182823
	Index Scan using sbtest7_pkey on sbtest7  (cost=0.43..8.45 rows=1 width=121)
	  Index Cond: (id = 6182823)

table 8 : explain SELECT c FROM sbtest8 WHERE id=2912082
	Index Scan using sbtest8_pkey on sbtest8  (cost=0.43..8.45 rows=1 width=121)
	  Index Cond: (id = 2912082)

for point_selects
table 1 : explain SELECT c FROM sbtest1 WHERE id=8438416
	Index Scan using sbtest1_pkey on sbtest1  (cost=0.43..8.45 rows=1 width=121)
	  Index Cond: (id = 8438416)

table 2 : explain SELECT c FROM sbtest2 WHERE id=2721308
	Index Scan using sbtest2_pkey on sbtest2  (cost=0.43..8.45 rows=1 width=121)
	  Index Cond: (id = 2721308)

table 3 : explain SELECT c FROM sbtest3 WHERE id=1808861
	Index Scan using sbtest3_pkey on sbtest3  (cost=0.43..8.45 rows=1 width=121)
	  Index Cond: (id = 1808861)

table 4 : explain SELECT c FROM sbtest4 WHERE id=5280350
	Index Scan using sbtest4_pkey on sbtest4  (cost=0.43..8.45 rows=1 width=121)
	  Index Cond: (id = 5280350)

table 5 : explain SELECT c FROM sbtest5 WHERE id=2223850
	Index Scan using sbtest5_pkey on sbtest5  (cost=0.43..8.45 rows=1 width=121)
	  Index Cond: (id = 2223850)

table 6 : explain SELECT c FROM sbtest6 WHERE id=9668911
	Index Scan using sbtest6_pkey on sbtest6  (cost=0.43..8.45 rows=1 width=121)
	  Index Cond: (id = 9668911)

table 7 : explain SELECT c FROM sbtest7 WHERE id=5604676
	Index Scan using sbtest7_pkey on sbtest7  (cost=0.43..8.45 rows=1 width=121)
	  Index Cond: (id = 5604676)

table 8 : explain SELECT c FROM sbtest8 WHERE id=7321077
	Index Scan using sbtest8_pkey on sbtest8  (cost=0.43..8.45 rows=1 width=121)
	  Index Cond: (id = 7321077)

for: simple_ranges
table 1 : explain SELECT c FROM sbtest1 WHERE id BETWEEN 5965412 AND 5966411
	Bitmap Heap Scan on sbtest1  (cost=34.18..3690.25 rows=951 width=121)
	  Recheck Cond: ((id >= 5965412) AND (id <= 5966411))
	  ->  Bitmap Index Scan on sbtest1_pkey  (cost=0.00..33.95 rows=951 width=0)
	        Index Cond: ((id >= 5965412) AND (id <= 5966411))

table 2 : explain SELECT c FROM sbtest2 WHERE id BETWEEN 2812652 AND 2813651
	Bitmap Heap Scan on sbtest2  (cost=35.15..4048.93 rows=1045 width=121)
	  Recheck Cond: ((id >= 2812652) AND (id <= 2813651))
	  ->  Bitmap Index Scan on sbtest2_pkey  (cost=0.00..34.89 rows=1045 width=0)
	        Index Cond: ((id >= 2812652) AND (id <= 2813651))

table 3 : explain SELECT c FROM sbtest3 WHERE id BETWEEN 119568 AND 120567
	Bitmap Heap Scan on sbtest3  (cost=34.94..3972.57 rows=1025 width=121)
	  Recheck Cond: ((id >= 119568) AND (id <= 120567))
	  ->  Bitmap Index Scan on sbtest3_pkey  (cost=0.00..34.69 rows=1025 width=0)
	        Index Cond: ((id >= 119568) AND (id <= 120567))

table 4 : explain SELECT c FROM sbtest4 WHERE id BETWEEN 3916343 AND 3917342
	Index Scan using sbtest4_pkey on sbtest4  (cost=0.43..3852.33 rows=986 width=121)
	  Index Cond: ((id >= 3916343) AND (id <= 3917342))

table 5 : explain SELECT c FROM sbtest5 WHERE id BETWEEN 2414988 AND 2415987
	Bitmap Heap Scan on sbtest5  (cost=34.80..3923.10 rows=1011 width=121)
	  Recheck Cond: ((id >= 2414988) AND (id <= 2415987))
	  ->  Bitmap Index Scan on sbtest5_pkey  (cost=0.00..34.55 rows=1011 width=0)
	        Index Cond: ((id >= 2414988) AND (id <= 2415987))

table 6 : explain SELECT c FROM sbtest6 WHERE id BETWEEN 9692699 AND 9693698
	Bitmap Heap Scan on sbtest6  (cost=34.94..3976.45 rows=1025 width=121)
	  Recheck Cond: ((id >= 9692699) AND (id <= 9693698))
	  ->  Bitmap Index Scan on sbtest6_pkey  (cost=0.00..34.69 rows=1025 width=0)
	        Index Cond: ((id >= 9692699) AND (id <= 9693698))

table 7 : explain SELECT c FROM sbtest7 WHERE id BETWEEN 5327753 AND 5328752
	Index Scan using sbtest7_pkey on sbtest7  (cost=0.43..3845.42 rows=981 width=121)
	  Index Cond: ((id >= 5327753) AND (id <= 5328752))

table 8 : explain SELECT c FROM sbtest8 WHERE id BETWEEN 4307074 AND 4308073
	Bitmap Heap Scan on sbtest8  (cost=34.85..3942.58 rows=1016 width=121)
	  Recheck Cond: ((id >= 4307074) AND (id <= 4308073))
	  ->  Bitmap Index Scan on sbtest8_pkey  (cost=0.00..34.59 rows=1016 width=0)
	        Index Cond: ((id >= 4307074) AND (id <= 4308073))

for point_selects
table 1 : explain SELECT c FROM sbtest1 WHERE id=4488691
	Index Scan using sbtest1_pkey on sbtest1  (cost=0.43..8.45 rows=1 width=121)
	  Index Cond: (id = 4488691)

table 2 : explain SELECT c FROM sbtest2 WHERE id=1431219
	Index Scan using sbtest2_pkey on sbtest2  (cost=0.43..8.45 rows=1 width=121)
	  Index Cond: (id = 1431219)

table 3 : explain SELECT c FROM sbtest3 WHERE id=7326432
	Index Scan using sbtest3_pkey on sbtest3  (cost=0.43..8.45 rows=1 width=121)
	  Index Cond: (id = 7326432)

table 4 : explain SELECT c FROM sbtest4 WHERE id=5058940
	Index Scan using sbtest4_pkey on sbtest4  (cost=0.43..8.45 rows=1 width=121)
	  Index Cond: (id = 5058940)

table 5 : explain SELECT c FROM sbtest5 WHERE id=7713847
	Index Scan using sbtest5_pkey on sbtest5  (cost=0.43..8.45 rows=1 width=121)
	  Index Cond: (id = 7713847)

table 6 : explain SELECT c FROM sbtest6 WHERE id=1445185
	Index Scan using sbtest6_pkey on sbtest6  (cost=0.43..8.45 rows=1 width=121)
	  Index Cond: (id = 1445185)

table 7 : explain SELECT c FROM sbtest7 WHERE id=6592374
	Index Scan using sbtest7_pkey on sbtest7  (cost=0.43..8.45 rows=1 width=121)
	  Index Cond: (id = 6592374)

table 8 : explain SELECT c FROM sbtest8 WHERE id=9327562
	Index Scan using sbtest8_pkey on sbtest8  (cost=0.43..8.45 rows=1 width=121)
	  Index Cond: (id = 9327562)

for: simple_ranges
table 1 : explain SELECT c FROM sbtest1 WHERE id BETWEEN 5485293 AND 5486292
	Bitmap Heap Scan on sbtest1  (cost=34.28..3724.22 rows=960 width=121)
	  Recheck Cond: ((id >= 5485293) AND (id <= 5486292))
	  ->  Bitmap Index Scan on sbtest1_pkey  (cost=0.00..34.04 rows=960 width=0)
	        Index Cond: ((id >= 5485293) AND (id <= 5486292))

table 2 : explain SELECT c FROM sbtest2 WHERE id BETWEEN 6504609 AND 6505608
	Bitmap Heap Scan on sbtest2  (cost=33.85..3572.96 rows=919 width=121)
	  Recheck Cond: ((id >= 6504609) AND (id <= 6505608))
	  ->  Bitmap Index Scan on sbtest2_pkey  (cost=0.00..33.62 rows=919 width=0)
	        Index Cond: ((id >= 6504609) AND (id <= 6505608))

table 3 : explain SELECT c FROM sbtest3 WHERE id BETWEEN 854061 AND 855060
	Bitmap Heap Scan on sbtest3  (cost=35.47..4168.48 rows=1077 width=121)
	  Recheck Cond: ((id >= 854061) AND (id <= 855060))
	  ->  Bitmap Index Scan on sbtest3_pkey  (cost=0.00..35.20 rows=1077 width=0)
	        Index Cond: ((id >= 854061) AND (id <= 855060))

table 4 : explain SELECT c FROM sbtest4 WHERE id BETWEEN 6977310 AND 6978309
	Index Scan using sbtest4_pkey on sbtest4  (cost=0.43..3669.70 rows=939 width=121)
	  Index Cond: ((id >= 6977310) AND (id <= 6978309))

table 5 : explain SELECT c FROM sbtest5 WHERE id BETWEEN 2925125 AND 2926124
	Bitmap Heap Scan on sbtest5  (cost=33.98..3620.51 rows=931 width=121)
	  Recheck Cond: ((id >= 2925125) AND (id <= 2926124))
	  ->  Bitmap Index Scan on sbtest5_pkey  (cost=0.00..33.75 rows=931 width=0)
	        Index Cond: ((id >= 2925125) AND (id <= 2926124))

table 6 : explain SELECT c FROM sbtest6 WHERE id BETWEEN 2265612 AND 2266611
	Bitmap Heap Scan on sbtest6  (cost=34.31..3742.07 rows=963 width=121)
	  Recheck Cond: ((id >= 2265612) AND (id <= 2266611))
	  ->  Bitmap Index Scan on sbtest6_pkey  (cost=0.00..34.07 rows=963 width=0)
	        Index Cond: ((id >= 2265612) AND (id <= 2266611))

table 7 : explain SELECT c FROM sbtest7 WHERE id BETWEEN 1272035 AND 1273034
	Index Scan using sbtest7_pkey on sbtest7  (cost=0.43..3966.29 rows=1012 width=121)
	  Index Cond: ((id >= 1272035) AND (id <= 1273034))

table 8 : explain SELECT c FROM sbtest8 WHERE id BETWEEN 8618431 AND 8619430
	Index Scan using sbtest8_pkey on sbtest8  (cost=0.43..3682.16 rows=938 width=121)
	  Index Cond: ((id >= 8618431) AND (id <= 8619430))

for: simple_ranges
table 1 : explain SELECT c FROM sbtest1 WHERE id BETWEEN 4256484 AND 4257483
	Bitmap Heap Scan on sbtest1  (cost=34.32..3739.32 rows=964 width=121)
	  Recheck Cond: ((id >= 4256484) AND (id <= 4257483))
	  ->  Bitmap Index Scan on sbtest1_pkey  (cost=0.00..34.08 rows=964 width=0)
	        Index Cond: ((id >= 4256484) AND (id <= 4257483))

table 2 : explain SELECT c FROM sbtest2 WHERE id BETWEEN 2005150 AND 2006149
	Bitmap Heap Scan on sbtest2  (cost=34.37..3762.08 rows=969 width=121)
	  Recheck Cond: ((id >= 2005150) AND (id <= 2006149))
	  ->  Bitmap Index Scan on sbtest2_pkey  (cost=0.00..34.12 rows=969 width=0)
	        Index Cond: ((id >= 2005150) AND (id <= 2006149))

table 3 : explain SELECT c FROM sbtest3 WHERE id BETWEEN 1812840 AND 1813839
	Bitmap Heap Scan on sbtest3  (cost=35.34..4119.54 rows=1064 width=121)
	  Recheck Cond: ((id >= 1812840) AND (id <= 1813839))
	  ->  Bitmap Index Scan on sbtest3_pkey  (cost=0.00..35.08 rows=1064 width=0)
	        Index Cond: ((id >= 1812840) AND (id <= 1813839))

table 4 : explain SELECT c FROM sbtest4 WHERE id BETWEEN 2517358 AND 2518357
	Index Scan using sbtest4_pkey on sbtest4  (cost=0.43..4038.87 rows=1034 width=121)
	  Index Cond: ((id >= 2517358) AND (id <= 2518357))

table 5 : explain SELECT c FROM sbtest5 WHERE id BETWEEN 8835021 AND 8836020
	Bitmap Heap Scan on sbtest5  (cost=34.48..3805.94 rows=980 width=121)
	  Recheck Cond: ((id >= 8835021) AND (id <= 8836020))
	  ->  Bitmap Index Scan on sbtest5_pkey  (cost=0.00..34.23 rows=980 width=0)
	        Index Cond: ((id >= 8835021) AND (id <= 8836020))

table 6 : explain SELECT c FROM sbtest6 WHERE id BETWEEN 7284810 AND 7285809
	Bitmap Heap Scan on sbtest6  (cost=35.25..4089.68 rows=1055 width=121)
	  Recheck Cond: ((id >= 7284810) AND (id <= 7285809))
	  ->  Bitmap Index Scan on sbtest6_pkey  (cost=0.00..34.98 rows=1055 width=0)
	        Index Cond: ((id >= 7284810) AND (id <= 7285809))

table 7 : explain SELECT c FROM sbtest7 WHERE id BETWEEN 2529605 AND 2530604
	Index Scan using sbtest7_pkey on sbtest7  (cost=0.43..3705.04 rows=945 width=121)
	  Index Cond: ((id >= 2529605) AND (id <= 2530604))

table 8 : explain SELECT c FROM sbtest8 WHERE id BETWEEN 900412 AND 901411
	Bitmap Heap Scan on sbtest8  (cost=34.82..3931.25 rows=1013 width=121)
	  Recheck Cond: ((id >= 900412) AND (id <= 901411))
	  ->  Bitmap Index Scan on sbtest8_pkey  (cost=0.00..34.57 rows=1013 width=0)
	        Index Cond: ((id >= 900412) AND (id <= 901411))

for point_selects
table 1 : explain SELECT c FROM sbtest1 WHERE id=5310932
	Index Scan using sbtest1_pkey on sbtest1  (cost=0.43..8.45 rows=1 width=121)
	  Index Cond: (id = 5310932)

table 2 : explain SELECT c FROM sbtest2 WHERE id=5191809
	Index Scan using sbtest2_pkey on sbtest2  (cost=0.43..8.45 rows=1 width=121)
	  Index Cond: (id = 5191809)

table 3 : explain SELECT c FROM sbtest3 WHERE id=1509999
	Index Scan using sbtest3_pkey on sbtest3  (cost=0.43..8.45 rows=1 width=121)
	  Index Cond: (id = 1509999)

table 4 : explain SELECT c FROM sbtest4 WHERE id=317893
	Index Scan using sbtest4_pkey on sbtest4  (cost=0.43..8.45 rows=1 width=121)
	  Index Cond: (id = 317893)

table 5 : explain SELECT c FROM sbtest5 WHERE id=7506387
	Index Scan using sbtest5_pkey on sbtest5  (cost=0.43..8.45 rows=1 width=121)
	  Index Cond: (id = 7506387)

table 6 : explain SELECT c FROM sbtest6 WHERE id=3268367
	Index Scan using sbtest6_pkey on sbtest6  (cost=0.43..8.45 rows=1 width=121)
	  Index Cond: (id = 3268367)

table 7 : explain SELECT c FROM sbtest7 WHERE id=1283424
	Index Scan using sbtest7_pkey on sbtest7  (cost=0.43..8.45 rows=1 width=121)
	  Index Cond: (id = 1283424)

table 8 : explain SELECT c FROM sbtest8 WHERE id=8953071
	Index Scan using sbtest8_pkey on sbtest8  (cost=0.43..8.45 rows=1 width=121)
	  Index Cond: (id = 8953071)

for: simple_ranges
table 1 : explain SELECT c FROM sbtest1 WHERE id BETWEEN 698640 AND 699639
	Bitmap Heap Scan on sbtest1  (cost=29.58..3463.26 rows=892 width=121)
	  Recheck Cond: ((id >= 698640) AND (id <= 699639))
	  ->  Bitmap Index Scan on sbtest1_pkey  (cost=0.00..29.36 rows=892 width=0)
	        Index Cond: ((id >= 698640) AND (id <= 699639))

table 2 : explain SELECT c FROM sbtest2 WHERE id BETWEEN 8376132 AND 8377131
	Bitmap Heap Scan on sbtest2  (cost=39.83..4305.23 rows=1112 width=121)
	  Recheck Cond: ((id >= 8376132) AND (id <= 8377131))
	  ->  Bitmap Index Scan on sbtest2_pkey  (cost=0.00..39.56 rows=1112 width=0)
	        Index Cond: ((id >= 8376132) AND (id <= 8377131))

table 3 : explain SELECT c FROM sbtest3 WHERE id BETWEEN 7009180 AND 7010179
	Bitmap Heap Scan on sbtest3  (cost=35.01..3998.96 rows=1032 width=121)
	  Recheck Cond: ((id >= 7009180) AND (id <= 7010179))
	  ->  Bitmap Index Scan on sbtest3_pkey  (cost=0.00..34.76 rows=1032 width=0)
	        Index Cond: ((id >= 7009180) AND (id <= 7010179))

table 4 : explain SELECT c FROM sbtest4 WHERE id BETWEEN 4297704 AND 4298703
	Index Scan using sbtest4_pkey on sbtest4  (cost=0.43..4007.79 rows=1026 width=121)
	  Index Cond: ((id >= 4297704) AND (id <= 4298703))

table 5 : explain SELECT c FROM sbtest5 WHERE id BETWEEN 6187628 AND 6188627
	Bitmap Heap Scan on sbtest5  (cost=35.59..4213.60 rows=1088 width=121)
	  Recheck Cond: ((id >= 6187628) AND (id <= 6188627))
	  ->  Bitmap Index Scan on sbtest5_pkey  (cost=0.00..35.32 rows=1088 width=0)
	        Index Cond: ((id >= 6187628) AND (id <= 6188627))

table 6 : explain SELECT c FROM sbtest6 WHERE id BETWEEN 6419330 AND 6420329
	Bitmap Heap Scan on sbtest6  (cost=35.29..4104.77 rows=1059 width=121)
	  Recheck Cond: ((id >= 6419330) AND (id <= 6420329))
	  ->  Bitmap Index Scan on sbtest6_pkey  (cost=0.00..35.03 rows=1059 width=0)
	        Index Cond: ((id >= 6419330) AND (id <= 6420329))

table 7 : explain SELECT c FROM sbtest7 WHERE id BETWEEN 6743909 AND 6744908
	Index Scan using sbtest7_pkey on sbtest7  (cost=0.43..3724.53 rows=950 width=121)
	  Index Cond: ((id >= 6743909) AND (id <= 6744908))

table 8 : explain SELECT c FROM sbtest8 WHERE id BETWEEN 1679777 AND 1680776
	Index Scan using sbtest8_pkey on sbtest8  (cost=0.43..3588.47 rows=914 width=121)
	  Index Cond: ((id >= 1679777) AND (id <= 1680776))

for: simple_ranges
table 1 : explain SELECT c FROM sbtest1 WHERE id BETWEEN 1977969 AND 1978968
	Bitmap Heap Scan on sbtest1  (cost=34.73..3890.16 rows=1004 width=121)
	  Recheck Cond: ((id >= 1977969) AND (id <= 1978968))
	  ->  Bitmap Index Scan on sbtest1_pkey  (cost=0.00..34.48 rows=1004 width=0)
	        Index Cond: ((id >= 1977969) AND (id <= 1978968))

table 2 : explain SELECT c FROM sbtest2 WHERE id BETWEEN 4643185 AND 4644184
	Bitmap Heap Scan on sbtest2  (cost=35.01..3999.91 rows=1032 width=121)
	  Recheck Cond: ((id >= 4643185) AND (id <= 4644184))
	  ->  Bitmap Index Scan on sbtest2_pkey  (cost=0.00..34.76 rows=1032 width=0)
	        Index Cond: ((id >= 4643185) AND (id <= 4644184))

table 3 : explain SELECT c FROM sbtest3 WHERE id BETWEEN 3759379 AND 3760378
	Bitmap Heap Scan on sbtest3  (cost=34.43..3783.88 rows=975 width=121)
	  Recheck Cond: ((id >= 3759379) AND (id <= 3760378))
	  ->  Bitmap Index Scan on sbtest3_pkey  (cost=0.00..34.19 rows=975 width=0)
	        Index Cond: ((id >= 3759379) AND (id <= 3760378))

table 4 : explain SELECT c FROM sbtest4 WHERE id BETWEEN 9176322 AND 9177321
	Index Scan using sbtest4_pkey on sbtest4  (cost=0.43..4443.12 rows=1137 width=121)
	  Index Cond: ((id >= 9176322) AND (id <= 9177321))

table 5 : explain SELECT c FROM sbtest5 WHERE id BETWEEN 3834226 AND 3835225
	Bitmap Heap Scan on sbtest5  (cost=34.83..3934.43 rows=1014 width=121)
	  Recheck Cond: ((id >= 3834226) AND (id <= 3835225))
	  ->  Bitmap Index Scan on sbtest5_pkey  (cost=0.00..34.58 rows=1014 width=0)
	        Index Cond: ((id >= 3834226) AND (id <= 3835225))

table 6 : explain SELECT c FROM sbtest6 WHERE id BETWEEN 4288971 AND 4289970
	Bitmap Heap Scan on sbtest6  (cost=40.65..4605.72 rows=1192 width=121)
	  Recheck Cond: ((id >= 4288971) AND (id <= 4289970))
	  ->  Bitmap Index Scan on sbtest6_pkey  (cost=0.00..40.36 rows=1192 width=0)
	        Index Cond: ((id >= 4288971) AND (id <= 4289970))

table 7 : explain SELECT c FROM sbtest7 WHERE id BETWEEN 655763 AND 656762
	Index Scan using sbtest7_pkey on sbtest7  (cost=0.43..3833.70 rows=978 width=121)
	  Index Cond: ((id >= 655763) AND (id <= 656762))

table 8 : explain SELECT c FROM sbtest8 WHERE id BETWEEN 7553003 AND 7554002
	Index Scan using sbtest8_pkey on sbtest8  (cost=0.43..3748.53 rows=955 width=121)
	  Index Cond: ((id >= 7553003) AND (id <= 7554002))

for point_selects
table 1 : explain SELECT c FROM sbtest1 WHERE id=479912
	Index Scan using sbtest1_pkey on sbtest1  (cost=0.43..8.45 rows=1 width=121)
	  Index Cond: (id = 479912)

table 2 : explain SELECT c FROM sbtest2 WHERE id=1270638
	Index Scan using sbtest2_pkey on sbtest2  (cost=0.43..8.45 rows=1 width=121)
	  Index Cond: (id = 1270638)

table 3 : explain SELECT c FROM sbtest3 WHERE id=7087036
	Index Scan using sbtest3_pkey on sbtest3  (cost=0.43..8.45 rows=1 width=121)
	  Index Cond: (id = 7087036)

table 4 : explain SELECT c FROM sbtest4 WHERE id=9235803
	Index Scan using sbtest4_pkey on sbtest4  (cost=0.43..8.45 rows=1 width=121)
	  Index Cond: (id = 9235803)

table 5 : explain SELECT c FROM sbtest5 WHERE id=3763260
	Index Scan using sbtest5_pkey on sbtest5  (cost=0.43..8.45 rows=1 width=121)
	  Index Cond: (id = 3763260)

table 6 : explain SELECT c FROM sbtest6 WHERE id=1981166
	Index Scan using sbtest6_pkey on sbtest6  (cost=0.43..8.45 rows=1 width=121)
	  Index Cond: (id = 1981166)

table 7 : explain SELECT c FROM sbtest7 WHERE id=9401245
	Index Scan using sbtest7_pkey on sbtest7  (cost=0.43..8.45 rows=1 width=121)
	  Index Cond: (id = 9401245)

table 8 : explain SELECT c FROM sbtest8 WHERE id=6940913
	Index Scan using sbtest8_pkey on sbtest8  (cost=0.43..8.45 rows=1 width=121)
	  Index Cond: (id = 6940913)

for: simple_ranges
table 1 : explain SELECT c FROM sbtest1 WHERE id BETWEEN 3203614 AND 3204613
	Bitmap Heap Scan on sbtest1  (cost=29.72..3516.22 rows=906 width=121)
	  Recheck Cond: ((id >= 3203614) AND (id <= 3204613))
	  ->  Bitmap Index Scan on sbtest1_pkey  (cost=0.00..29.50 rows=906 width=0)
	        Index Cond: ((id >= 3203614) AND (id <= 3204613))

table 2 : explain SELECT c FROM sbtest2 WHERE id BETWEEN 7892753 AND 7893752
	Bitmap Heap Scan on sbtest2  (cost=34.48..3803.64 rows=980 width=121)
	  Recheck Cond: ((id >= 7892753) AND (id <= 7893752))
	  ->  Bitmap Index Scan on sbtest2_pkey  (cost=0.00..34.23 rows=980 width=0)
	        Index Cond: ((id >= 7892753) AND (id <= 7893752))

table 3 : explain SELECT c FROM sbtest3 WHERE id BETWEEN 560052 AND 561051
	Bitmap Heap Scan on sbtest3  (cost=33.88..3579.73 rows=921 width=121)
	  Recheck Cond: ((id >= 560052) AND (id <= 561051))
	  ->  Bitmap Index Scan on sbtest3_pkey  (cost=0.00..33.65 rows=921 width=0)
	        Index Cond: ((id >= 560052) AND (id <= 561051))

table 4 : explain SELECT c FROM sbtest4 WHERE id BETWEEN 9362361 AND 9363360
	Index Scan using sbtest4_pkey on sbtest4  (cost=0.43..3980.60 rows=1019 width=121)
	  Index Cond: ((id >= 9362361) AND (id <= 9363360))

table 5 : explain SELECT c FROM sbtest5 WHERE id BETWEEN 2232796 AND 2233795
	Bitmap Heap Scan on sbtest5  (cost=35.00..3998.63 rows=1031 width=121)
	  Recheck Cond: ((id >= 2232796) AND (id <= 2233795))
	  ->  Bitmap Index Scan on sbtest5_pkey  (cost=0.00..34.75 rows=1031 width=0)
	        Index Cond: ((id >= 2232796) AND (id <= 2233795))

table 6 : explain SELECT c FROM sbtest6 WHERE id BETWEEN 7257661 AND 7258660
	Bitmap Heap Scan on sbtest6  (cost=35.25..4089.68 rows=1055 width=121)
	  Recheck Cond: ((id >= 7257661) AND (id <= 7258660))
	  ->  Bitmap Index Scan on sbtest6_pkey  (cost=0.00..34.98 rows=1055 width=0)
	        Index Cond: ((id >= 7257661) AND (id <= 7258660))

table 7 : explain SELECT c FROM sbtest7 WHERE id BETWEEN 2265130 AND 2266129
	Bitmap Heap Scan on sbtest7  (cost=39.85..4316.32 rows=1114 width=121)
	  Recheck Cond: ((id >= 2265130) AND (id <= 2266129))
	  ->  Bitmap Index Scan on sbtest7_pkey  (cost=0.00..39.58 rows=1114 width=0)
	        Index Cond: ((id >= 2265130) AND (id <= 2266129))

table 8 : explain SELECT c FROM sbtest8 WHERE id BETWEEN 4813219 AND 4814218
	Bitmap Heap Scan on sbtest8  (cost=34.75..3904.80 rows=1006 width=121)
	  Recheck Cond: ((id >= 4813219) AND (id <= 4814218))
	  ->  Bitmap Index Scan on sbtest8_pkey  (cost=0.00..34.50 rows=1006 width=0)
	        Index Cond: ((id >= 4813219) AND (id <= 4814218))

for: simple_ranges
table 1 : explain SELECT c FROM sbtest1 WHERE id BETWEEN 8023567 AND 8024566
	Bitmap Heap Scan on sbtest1  (cost=34.47..3795.91 rows=979 width=121)
	  Recheck Cond: ((id >= 8023567) AND (id <= 8024566))
	  ->  Bitmap Index Scan on sbtest1_pkey  (cost=0.00..34.23 rows=979 width=0)
	        Index Cond: ((id >= 8023567) AND (id <= 8024566))

table 2 : explain SELECT c FROM sbtest2 WHERE id BETWEEN 7094170 AND 7095169
	Bitmap Heap Scan on sbtest2  (cost=29.69..3508.37 rows=903 width=121)
	  Recheck Cond: ((id >= 7094170) AND (id <= 7095169))
	  ->  Bitmap Index Scan on sbtest2_pkey  (cost=0.00..29.46 rows=903 width=0)
	        Index Cond: ((id >= 7094170) AND (id <= 7095169))

table 3 : explain SELECT c FROM sbtest3 WHERE id BETWEEN 3086608 AND 3087607
	Bitmap Heap Scan on sbtest3  (cost=34.22..3708.31 rows=955 width=121)
	  Recheck Cond: ((id >= 3086608) AND (id <= 3087607))
	  ->  Bitmap Index Scan on sbtest3_pkey  (cost=0.00..33.98 rows=955 width=0)
	        Index Cond: ((id >= 3086608) AND (id <= 3087607))

table 4 : explain SELECT c FROM sbtest4 WHERE id BETWEEN 1747799 AND 1748798
	Index Scan using sbtest4_pkey on sbtest4  (cost=0.43..4524.76 rows=1159 width=121)
	  Index Cond: ((id >= 1747799) AND (id <= 1748798))

table 5 : explain SELECT c FROM sbtest5 WHERE id BETWEEN 5904849 AND 5905848
	Bitmap Heap Scan on sbtest5  (cost=34.36..3760.56 rows=968 width=121)
	  Recheck Cond: ((id >= 5904849) AND (id <= 5905848))
	  ->  Bitmap Index Scan on sbtest5_pkey  (cost=0.00..34.12 rows=968 width=0)
	        Index Cond: ((id >= 5904849) AND (id <= 5905848))

table 6 : explain SELECT c FROM sbtest6 WHERE id BETWEEN 4037428 AND 4038427
	Bitmap Heap Scan on sbtest6  (cost=34.78..3916.01 rows=1009 width=121)
	  Recheck Cond: ((id >= 4037428) AND (id <= 4038427))
	  ->  Bitmap Index Scan on sbtest6_pkey  (cost=0.00..34.53 rows=1009 width=0)
	        Index Cond: ((id >= 4037428) AND (id <= 4038427))

table 7 : explain SELECT c FROM sbtest7 WHERE id BETWEEN 1092991 AND 1093990
	Index Scan using sbtest7_pkey on sbtest7  (cost=0.43..3580.28 rows=913 width=121)
	  Index Cond: ((id >= 1092991) AND (id <= 1093990))

table 8 : explain SELECT c FROM sbtest8 WHERE id BETWEEN 6317296 AND 6318295
	Bitmap Heap Scan on sbtest8  (cost=35.05..4018.11 rows=1036 width=121)
	  Recheck Cond: ((id >= 6317296) AND (id <= 6318295))
	  ->  Bitmap Index Scan on sbtest8_pkey  (cost=0.00..34.80 rows=1036 width=0)
	        Index Cond: ((id >= 6317296) AND (id <= 6318295))

explain: for point_selects :: explain SELECT c FROM sbtest%u WHERE id=%u
for: simple_ranges
table 1 : explain SELECT c FROM sbtest1 WHERE id BETWEEN 2276427 AND 2277426
	Bitmap Heap Scan on sbtest1  (cost=35.18..4055.86 rows=1048 width=121)
	  Recheck Cond: ((id >= 2276427) AND (id <= 2277426))
	  ->  Bitmap Index Scan on sbtest1_pkey  (cost=0.00..34.92 rows=1048 width=0)
	        Index Cond: ((id >= 2276427) AND (id <= 2277426))

table 2 : explain SELECT c FROM sbtest2 WHERE id BETWEEN 8924624 AND 8925623
	Bitmap Heap Scan on sbtest2  (cost=29.35..3383.31 rows=870 width=121)
	  Recheck Cond: ((id >= 8924624) AND (id <= 8925623))
	  ->  Bitmap Index Scan on sbtest2_pkey  (cost=0.00..29.14 rows=870 width=0)
	        Index Cond: ((id >= 8924624) AND (id <= 8925623))

table 3 : explain SELECT c FROM sbtest3 WHERE id BETWEEN 4882244 AND 4883243
	Bitmap Heap Scan on sbtest3  (cost=35.22..4074.34 rows=1052 width=121)
	  Recheck Cond: ((id >= 4882244) AND (id <= 4883243))
	  ->  Bitmap Index Scan on sbtest3_pkey  (cost=0.00..34.95 rows=1052 width=0)
	        Index Cond: ((id >= 4882244) AND (id <= 4883243))

table 4 : explain SELECT c FROM sbtest4 WHERE id BETWEEN 4693918 AND 4694917
	Index Scan using sbtest4_pkey on sbtest4  (cost=0.43..3945.60 rows=1010 width=121)
	  Index Cond: ((id >= 4693918) AND (id <= 4694917))

table 5 : explain SELECT c FROM sbtest5 WHERE id BETWEEN 5825668 AND 5826667
	Bitmap Heap Scan on sbtest5  (cost=35.60..4217.37 rows=1089 width=121)
	  Recheck Cond: ((id >= 5825668) AND (id <= 5826667))
	  ->  Bitmap Index Scan on sbtest5_pkey  (cost=0.00..35.33 rows=1089 width=0)
	        Index Cond: ((id >= 5825668) AND (id <= 5826667))

table 6 : explain SELECT c FROM sbtest6 WHERE id BETWEEN 9440400 AND 9441399
	Bitmap Heap Scan on sbtest6  (cost=35.48..4176.43 rows=1078 width=121)
	  Recheck Cond: ((id >= 9440400) AND (id <= 9441399))
	  ->  Bitmap Index Scan on sbtest6_pkey  (cost=0.00..35.22 rows=1078 width=0)
	        Index Cond: ((id >= 9440400) AND (id <= 9441399))

table 7 : explain SELECT c FROM sbtest7 WHERE id BETWEEN 8688759 AND 8689758
	Index Scan using sbtest7_pkey on sbtest7  (cost=0.43..3459.32 rows=883 width=121)
	  Index Cond: ((id >= 8688759) AND (id <= 8689758))

table 8 : explain SELECT c FROM sbtest8 WHERE id BETWEEN 6935244 AND 6936243
	Bitmap Heap Scan on sbtest8  (cost=34.51..3817.85 rows=983 width=121)
	  Recheck Cond: ((id >= 6935244) AND (id <= 6936243))
	  ->  Bitmap Index Scan on sbtest8_pkey  (cost=0.00..34.27 rows=983 width=0)
	        Index Cond: ((id >= 6935244) AND (id <= 6936243))

for: sum_ranges
table 1 : explain SELECT SUM(k) FROM sbtest1 WHERE id BETWEEN 6817118 AND 6818117
	Aggregate  (cost=4088.60..4088.61 rows=1 width=8)
	  ->  Bitmap Heap Scan on sbtest1  (cost=35.26..4085.96 rows=1056 width=4)
	        Recheck Cond: ((id >= 6817118) AND (id <= 6818117))
	        ->  Bitmap Index Scan on sbtest1_pkey  (cost=0.00..35.00 rows=1056 width=0)
	              Index Cond: ((id >= 6817118) AND (id <= 6818117))

table 2 : explain SELECT SUM(k) FROM sbtest2 WHERE id BETWEEN 1607996 AND 1608995
	Aggregate  (cost=3707.76..3707.77 rows=1 width=8)
	  ->  Bitmap Heap Scan on sbtest2  (cost=34.21..3705.38 rows=954 width=4)
	        Recheck Cond: ((id >= 1607996) AND (id <= 1608995))
	        ->  Bitmap Index Scan on sbtest2_pkey  (cost=0.00..33.98 rows=954 width=0)
	              Index Cond: ((id >= 1607996) AND (id <= 1608995))

table 3 : explain SELECT SUM(k) FROM sbtest3 WHERE id BETWEEN 7353148 AND 7354147
	Aggregate  (cost=3540.16..3540.17 rows=1 width=8)
	  ->  Bitmap Heap Scan on sbtest3  (cost=29.77..3537.88 rows=911 width=4)
	        Recheck Cond: ((id >= 7353148) AND (id <= 7354147))
	        ->  Bitmap Index Scan on sbtest3_pkey  (cost=0.00..29.54 rows=911 width=0)
	              Index Cond: ((id >= 7353148) AND (id <= 7354147))

table 4 : explain SELECT SUM(k) FROM sbtest4 WHERE id BETWEEN 8580626 AND 8581625
	Aggregate  (cost=3765.38..3765.39 rows=1 width=8)
	  ->  Index Scan using sbtest4_pkey on sbtest4  (cost=0.43..3762.98 rows=963 width=4)
	        Index Cond: ((id >= 8580626) AND (id <= 8581625))

table 5 : explain SELECT SUM(k) FROM sbtest5 WHERE id BETWEEN 5535593 AND 5536592
	Aggregate  (cost=3664.52..3664.53 rows=1 width=8)
	  ->  Bitmap Heap Scan on sbtest5  (cost=34.09..3662.16 rows=942 width=4)
	        Recheck Cond: ((id >= 5535593) AND (id <= 5536592))
	        ->  Bitmap Index Scan on sbtest5_pkey  (cost=0.00..33.86 rows=942 width=0)
	              Index Cond: ((id >= 5535593) AND (id <= 5536592))

table 6 : explain SELECT SUM(k) FROM sbtest6 WHERE id BETWEEN 7972343 AND 7973342
	Aggregate  (cost=4028.12..4028.13 rows=1 width=8)
	  ->  Bitmap Heap Scan on sbtest6  (cost=35.07..4025.53 rows=1038 width=4)
	        Recheck Cond: ((id >= 7972343) AND (id <= 7973342))
	        ->  Bitmap Index Scan on sbtest6_pkey  (cost=0.00..34.82 rows=1038 width=0)
	              Index Cond: ((id >= 7972343) AND (id <= 7973342))

table 7 : explain SELECT SUM(k) FROM sbtest7 WHERE id BETWEEN 2307964 AND 2308963
	Aggregate  (cost=3972.72..3972.73 rows=1 width=8)
	  ->  Index Scan using sbtest7_pkey on sbtest7  (cost=0.43..3970.18 rows=1013 width=4)
	        Index Cond: ((id >= 2307964) AND (id <= 2308963))

table 8 : explain SELECT SUM(k) FROM sbtest8 WHERE id BETWEEN 280367 AND 281366
	Aggregate  (cost=4115.11..4115.12 rows=1 width=8)
	  ->  Bitmap Heap Scan on sbtest8  (cost=35.31..4112.46 rows=1061 width=4)
	        Recheck Cond: ((id >= 280367) AND (id <= 281366))
	        ->  Bitmap Index Scan on sbtest8_pkey  (cost=0.00..35.05 rows=1061 width=0)
	              Index Cond: ((id >= 280367) AND (id <= 281366))

explain: for point_selects :: explain SELECT c FROM sbtest%u WHERE id=%u
explain: for point_selects :: explain SELECT c FROM sbtest%u WHERE id=%u
for: sum_ranges
table 1 : explain SELECT SUM(k) FROM sbtest1 WHERE id BETWEEN 5867869 AND 5868868
	Aggregate  (cost=3692.62..3692.63 rows=1 width=8)
	  ->  Bitmap Heap Scan on sbtest1  (cost=34.18..3690.25 rows=951 width=4)
	        Recheck Cond: ((id >= 5867869) AND (id <= 5868868))
	        ->  Bitmap Index Scan on sbtest1_pkey  (cost=0.00..33.95 rows=951 width=0)
	              Index Cond: ((id >= 5867869) AND (id <= 5868868))

table 2 : explain SELECT SUM(k) FROM sbtest2 WHERE id BETWEEN 6857949 AND 6858948
	Aggregate  (cost=3662.35..3662.36 rows=1 width=8)
	  ->  Bitmap Heap Scan on sbtest2  (cost=34.09..3659.99 rows=942 width=4)
	        Recheck Cond: ((id >= 6857949) AND (id <= 6858948))
	        ->  Bitmap Index Scan on sbtest2_pkey  (cost=0.00..33.86 rows=942 width=0)
	              Index Cond: ((id >= 6857949) AND (id <= 6858948))

table 3 : explain SELECT SUM(k) FROM sbtest3 WHERE id BETWEEN 5296691 AND 5297690
	Aggregate  (cost=3635.03..3635.04 rows=1 width=8)
	  ->  Bitmap Heap Scan on sbtest3  (cost=34.02..3632.69 rows=935 width=4)
	        Recheck Cond: ((id >= 5296691) AND (id <= 5297690))
	        ->  Bitmap Index Scan on sbtest3_pkey  (cost=0.00..33.79 rows=935 width=0)
	              Index Cond: ((id >= 5296691) AND (id <= 5297690))

table 4 : explain SELECT SUM(k) FROM sbtest4 WHERE id BETWEEN 7685891 AND 7686890
	Aggregate  (cost=4162.00..4162.01 rows=1 width=8)
	  ->  Index Scan using sbtest4_pkey on sbtest4  (cost=0.43..4159.34 rows=1065 width=4)
	        Index Cond: ((id >= 7685891) AND (id <= 7686890))

table 5 : explain SELECT SUM(k) FROM sbtest5 WHERE id BETWEEN 8615215 AND 8616214
	Aggregate  (cost=3940.75..3940.76 rows=1 width=8)
	  ->  Bitmap Heap Scan on sbtest5  (cost=34.84..3938.21 rows=1015 width=4)
	        Recheck Cond: ((id >= 8615215) AND (id <= 8616214))
	        ->  Bitmap Index Scan on sbtest5_pkey  (cost=0.00..34.59 rows=1015 width=0)
	              Index Cond: ((id >= 8615215) AND (id <= 8616214))

table 6 : explain SELECT SUM(k) FROM sbtest6 WHERE id BETWEEN 8454633 AND 8455632
	Aggregate  (cost=3842.89..3842.90 rows=1 width=8)
	  ->  Bitmap Heap Scan on sbtest6  (cost=34.57..3840.42 rows=989 width=4)
	        Recheck Cond: ((id >= 8454633) AND (id <= 8455632))
	        ->  Bitmap Index Scan on sbtest6_pkey  (cost=0.00..34.33 rows=989 width=0)
	              Index Cond: ((id >= 8454633) AND (id <= 8455632))

table 7 : explain SELECT SUM(k) FROM sbtest7 WHERE id BETWEEN 6563875 AND 6564874
	Aggregate  (cost=4156.71..4156.72 rows=1 width=8)
	  ->  Bitmap Heap Scan on sbtest7  (cost=35.42..4154.03 rows=1072 width=4)
	        Recheck Cond: ((id >= 6563875) AND (id <= 6564874))
	        ->  Bitmap Index Scan on sbtest7_pkey  (cost=0.00..35.16 rows=1072 width=0)
	              Index Cond: ((id >= 6563875) AND (id <= 6564874))

table 8 : explain SELECT SUM(k) FROM sbtest8 WHERE id BETWEEN 2717516 AND 2718515
	Aggregate  (cost=4484.71..4484.72 rows=1 width=8)
	  ->  Bitmap Heap Scan on sbtest8  (cost=40.30..4481.82 rows=1158 width=4)
	        Recheck Cond: ((id >= 2717516) AND (id <= 2718515))
	        ->  Bitmap Index Scan on sbtest8_pkey  (cost=0.00..40.02 rows=1158 width=0)
	              Index Cond: ((id >= 2717516) AND (id <= 2718515))

for point_selects
table 1 : explain SELECT c FROM sbtest1 WHERE id=2908064
	Index Scan using sbtest1_pkey on sbtest1  (cost=0.43..8.45 rows=1 width=121)
	  Index Cond: (id = 2908064)

table 2 : explain SELECT c FROM sbtest2 WHERE id=8631149
	Index Scan using sbtest2_pkey on sbtest2  (cost=0.43..8.45 rows=1 width=121)
	  Index Cond: (id = 8631149)

table 3 : explain SELECT c FROM sbtest3 WHERE id=5758654
	Index Scan using sbtest3_pkey on sbtest3  (cost=0.43..8.45 rows=1 width=121)
	  Index Cond: (id = 5758654)

table 4 : explain SELECT c FROM sbtest4 WHERE id=796059
	Index Scan using sbtest4_pkey on sbtest4  (cost=0.43..8.45 rows=1 width=121)
	  Index Cond: (id = 796059)

table 5 : explain SELECT c FROM sbtest5 WHERE id=914135
	Index Scan using sbtest5_pkey on sbtest5  (cost=0.43..8.45 rows=1 width=121)
	  Index Cond: (id = 914135)

table 6 : explain SELECT c FROM sbtest6 WHERE id=6515641
	Index Scan using sbtest6_pkey on sbtest6  (cost=0.43..8.45 rows=1 width=121)
	  Index Cond: (id = 6515641)

table 7 : explain SELECT c FROM sbtest7 WHERE id=9197456
	Index Scan using sbtest7_pkey on sbtest7  (cost=0.43..8.45 rows=1 width=121)
	  Index Cond: (id = 9197456)

table 8 : explain SELECT c FROM sbtest8 WHERE id=5347564
	Index Scan using sbtest8_pkey on sbtest8  (cost=0.43..8.45 rows=1 width=121)
	  Index Cond: (id = 5347564)

explain: for point_selects :: explain SELECT c FROM sbtest%u WHERE id=%u
explain: for point_selects :: explain SELECT c FROM sbtest%u WHERE id=%u
for: sum_ranges
table 1 : explain SELECT SUM(k) FROM sbtest1 WHERE id BETWEEN 9839013 AND 9840012
	Aggregate  (cost=3518.48..3518.49 rows=1 width=8)
	  ->  Bitmap Heap Scan on sbtest1  (cost=29.72..3516.22 rows=906 width=4)
	        Recheck Cond: ((id >= 9839013) AND (id <= 9840012))
	        ->  Bitmap Index Scan on sbtest1_pkey  (cost=0.00..29.50 rows=906 width=0)
	              Index Cond: ((id >= 9839013) AND (id <= 9840012))

table 2 : explain SELECT SUM(k) FROM sbtest2 WHERE id BETWEEN 6283790 AND 6284789
	Aggregate  (cost=3972.30..3972.31 rows=1 width=8)
	  ->  Bitmap Heap Scan on sbtest2  (cost=34.93..3969.74 rows=1024 width=4)
	        Recheck Cond: ((id >= 6283790) AND (id <= 6284789))
	        ->  Bitmap Index Scan on sbtest2_pkey  (cost=0.00..34.68 rows=1024 width=0)
	              Index Cond: ((id >= 6283790) AND (id <= 6284789))

table 3 : explain SELECT SUM(k) FROM sbtest3 WHERE id BETWEEN 7214596 AND 7215595
	Aggregate  (cost=3944.94..3944.95 rows=1 width=8)
	  ->  Bitmap Heap Scan on sbtest3  (cost=34.86..3942.40 rows=1017 width=4)
	        Recheck Cond: ((id >= 7214596) AND (id <= 7215595))
	        ->  Bitmap Index Scan on sbtest3_pkey  (cost=0.00..34.61 rows=1017 width=0)
	              Index Cond: ((id >= 7214596) AND (id <= 7215595))

table 4 : explain SELECT SUM(k) FROM sbtest4 WHERE id BETWEEN 4514940 AND 4515939
	Aggregate  (cost=3644.84..3644.85 rows=1 width=8)
	  ->  Index Scan using sbtest4_pkey on sbtest4  (cost=0.43..3642.51 rows=932 width=4)
	        Index Cond: ((id >= 4514940) AND (id <= 4515939))

table 5 : explain SELECT SUM(k) FROM sbtest5 WHERE id BETWEEN 563335 AND 564334
	Aggregate  (cost=3501.29..3501.30 rows=1 width=8)
	  ->  Bitmap Heap Scan on sbtest5  (cost=29.66..3499.04 rows=900 width=4)
	        Recheck Cond: ((id >= 563335) AND (id <= 564334))
	        ->  Bitmap Index Scan on sbtest5_pkey  (cost=0.00..29.43 rows=900 width=0)
	              Index Cond: ((id >= 563335) AND (id <= 564334))

table 6 : explain SELECT SUM(k) FROM sbtest6 WHERE id BETWEEN 5705398 AND 5706397
	Aggregate  (cost=4050.79..4050.80 rows=1 width=8)
	  ->  Bitmap Heap Scan on sbtest6  (cost=35.14..4048.18 rows=1044 width=4)
	        Recheck Cond: ((id >= 5705398) AND (id <= 5706397))
	        ->  Bitmap Index Scan on sbtest6_pkey  (cost=0.00..34.88 rows=1044 width=0)
	              Index Cond: ((id >= 5705398) AND (id <= 5706397))

table 7 : explain SELECT SUM(k) FROM sbtest7 WHERE id BETWEEN 9682942 AND 9683941
	Aggregate  (cost=4066.11..4066.12 rows=1 width=8)
	  ->  Bitmap Heap Scan on sbtest7  (cost=35.18..4063.49 rows=1048 width=4)
	        Recheck Cond: ((id >= 9682942) AND (id <= 9683941))
	        ->  Bitmap Index Scan on sbtest7_pkey  (cost=0.00..34.92 rows=1048 width=0)
	              Index Cond: ((id >= 9682942) AND (id <= 9683941))

table 8 : explain SELECT SUM(k) FROM sbtest8 WHERE id BETWEEN 8941188 AND 8942187
	Aggregate  (cost=3843.01..3843.02 rows=1 width=8)
	  ->  Bitmap Heap Scan on sbtest8  (cost=34.57..3840.54 rows=989 width=4)
	        Recheck Cond: ((id >= 8941188) AND (id <= 8942187))
	        ->  Bitmap Index Scan on sbtest8_pkey  (cost=0.00..34.33 rows=989 width=0)
	              Index Cond: ((id >= 8941188) AND (id <= 8942187))

for: sum_ranges
table 1 : explain SELECT SUM(k) FROM sbtest1 WHERE id BETWEEN 5042772 AND 5043771
	Aggregate  (cost=3941.68..3941.69 rows=1 width=8)
	  ->  Bitmap Heap Scan on sbtest1  (cost=34.86..3939.14 rows=1017 width=4)
	        Recheck Cond: ((id >= 5042772) AND (id <= 5043771))
	        ->  Bitmap Index Scan on sbtest1_pkey  (cost=0.00..34.61 rows=1017 width=0)
	              Index Cond: ((id >= 5042772) AND (id <= 5043771))

table 2 : explain SELECT SUM(k) FROM sbtest2 WHERE id BETWEEN 174721 AND 175720
	Aggregate  (cost=3650.99..3651.00 rows=1 width=8)
	  ->  Bitmap Heap Scan on sbtest2  (cost=34.06..3648.65 rows=939 width=4)
	        Recheck Cond: ((id >= 174721) AND (id <= 175720))
	        ->  Bitmap Index Scan on sbtest2_pkey  (cost=0.00..33.83 rows=939 width=0)
	              Index Cond: ((id >= 174721) AND (id <= 175720))

table 3 : explain SELECT SUM(k) FROM sbtest3 WHERE id BETWEEN 51020 AND 52019
	Aggregate  (cost=4058.11..4058.12 rows=1 width=8)
	  ->  Bitmap Heap Scan on sbtest3  (cost=35.17..4055.50 rows=1047 width=4)
	        Recheck Cond: ((id >= 51020) AND (id <= 52019))
	        ->  Bitmap Index Scan on sbtest3_pkey  (cost=0.00..34.91 rows=1047 width=0)
	              Index Cond: ((id >= 51020) AND (id <= 52019))

table 4 : explain SELECT SUM(k) FROM sbtest4 WHERE id BETWEEN 2194283 AND 2195282
	Aggregate  (cost=3602.04..3602.05 rows=1 width=8)
	  ->  Index Scan using sbtest4_pkey on sbtest4  (cost=0.43..3599.74 rows=921 width=4)
	        Index Cond: ((id >= 2194283) AND (id <= 2195282))

table 5 : explain SELECT SUM(k) FROM sbtest5 WHERE id BETWEEN 9692643 AND 9693642
	Aggregate  (cost=3899.17..3899.18 rows=1 width=8)
	  ->  Bitmap Heap Scan on sbtest5  (cost=34.73..3896.66 rows=1004 width=4)
	        Recheck Cond: ((id >= 9692643) AND (id <= 9693642))
	        ->  Bitmap Index Scan on sbtest5_pkey  (cost=0.00..34.48 rows=1004 width=0)
	              Index Cond: ((id >= 9692643) AND (id <= 9693642))

table 6 : explain SELECT SUM(k) FROM sbtest6 WHERE id BETWEEN 8995510 AND 8996509
	Aggregate  (cost=3695.24..3695.25 rows=1 width=8)
	  ->  Bitmap Heap Scan on sbtest6  (cost=34.17..3692.87 rows=950 width=4)
	        Recheck Cond: ((id >= 8995510) AND (id <= 8996509))
	        ->  Bitmap Index Scan on sbtest6_pkey  (cost=0.00..33.94 rows=950 width=0)
	              Index Cond: ((id >= 8995510) AND (id <= 8996509))

table 7 : explain SELECT SUM(k) FROM sbtest7 WHERE id BETWEEN 6020319 AND 6021318
	Aggregate  (cost=3828.34..3828.35 rows=1 width=8)
	  ->  Index Scan using sbtest7_pkey on sbtest7  (cost=0.43..3825.90 rows=976 width=4)
	        Index Cond: ((id >= 6020319) AND (id <= 6021318))

table 8 : explain SELECT SUM(k) FROM sbtest8 WHERE id BETWEEN 504739 AND 505738
	Aggregate  (cost=4001.81..4001.82 rows=1 width=8)
	  ->  Bitmap Heap Scan on sbtest8  (cost=35.00..3999.24 rows=1031 width=4)
	        Recheck Cond: ((id >= 504739) AND (id <= 505738))
	        ->  Bitmap Index Scan on sbtest8_pkey  (cost=0.00..34.75 rows=1031 width=0)
	              Index Cond: ((id >= 504739) AND (id <= 505738))

for: sum_ranges
table 1 : explain SELECT SUM(k) FROM sbtest1 WHERE id BETWEEN 3063605 AND 3064604
	Aggregate  (cost=3900.21..3900.22 rows=1 width=8)
	  ->  Bitmap Heap Scan on sbtest1  (cost=34.75..3897.70 rows=1006 width=4)
	        Recheck Cond: ((id >= 3063605) AND (id <= 3064604))
	        ->  Bitmap Index Scan on sbtest1_pkey  (cost=0.00..34.50 rows=1006 width=0)
	              Index Cond: ((id >= 3063605) AND (id <= 3064604))

table 2 : explain SELECT SUM(k) FROM sbtest2 WHERE id BETWEEN 3658160 AND 3659159
	Aggregate  (cost=3824.99..3825.00 rows=1 width=8)
	  ->  Bitmap Heap Scan on sbtest2  (cost=34.53..3822.53 rows=985 width=4)
	        Recheck Cond: ((id >= 3658160) AND (id <= 3659159))
	        ->  Bitmap Index Scan on sbtest2_pkey  (cost=0.00..34.29 rows=985 width=0)
	              Index Cond: ((id >= 3658160) AND (id <= 3659159))

table 3 : explain SELECT SUM(k) FROM sbtest3 WHERE id BETWEEN 6143579 AND 6144578
	Aggregate  (cost=4246.49..4246.50 rows=1 width=8)
	  ->  Bitmap Heap Scan on sbtest3  (cost=35.68..4243.75 rows=1097 width=4)
	        Recheck Cond: ((id >= 6143579) AND (id <= 6144578))
	        ->  Bitmap Index Scan on sbtest3_pkey  (cost=0.00..35.41 rows=1097 width=0)
	              Index Cond: ((id >= 6143579) AND (id <= 6144578))

table 4 : explain SELECT SUM(k) FROM sbtest4 WHERE id BETWEEN 5318926 AND 5319925
	Aggregate  (cost=3866.49..3866.50 rows=1 width=8)
	  ->  Index Scan using sbtest4_pkey on sbtest4  (cost=0.43..3864.02 rows=989 width=4)
	        Index Cond: ((id >= 5318926) AND (id <= 5319925))

table 5 : explain SELECT SUM(k) FROM sbtest5 WHERE id BETWEEN 6545895 AND 6546894
	Aggregate  (cost=3918.07..3918.08 rows=1 width=8)
	  ->  Bitmap Heap Scan on sbtest5  (cost=34.78..3915.55 rows=1009 width=4)
	        Recheck Cond: ((id >= 6545895) AND (id <= 6546894))
	        ->  Bitmap Index Scan on sbtest5_pkey  (cost=0.00..34.53 rows=1009 width=0)
	              Index Cond: ((id >= 6545895) AND (id <= 6546894))

table 6 : explain SELECT SUM(k) FROM sbtest6 WHERE id BETWEEN 4831166 AND 4832165
	Aggregate  (cost=3805.05..3805.06 rows=1 width=8)
	  ->  Bitmap Heap Scan on sbtest6  (cost=34.47..3802.60 rows=979 width=4)
	        Recheck Cond: ((id >= 4831166) AND (id <= 4832165))
	        ->  Bitmap Index Scan on sbtest6_pkey  (cost=0.00..34.23 rows=979 width=0)
	              Index Cond: ((id >= 4831166) AND (id <= 4832165))

table 7 : explain SELECT SUM(k) FROM sbtest7 WHERE id BETWEEN 2196393 AND 2197392
	Aggregate  (cost=3929.78..3929.79 rows=1 width=8)
	  ->  Index Scan using sbtest7_pkey on sbtest7  (cost=0.43..3927.28 rows=1002 width=4)
	        Index Cond: ((id >= 2196393) AND (id <= 2197392))

table 8 : explain SELECT SUM(k) FROM sbtest8 WHERE id BETWEEN 2845208 AND 2846207
	Aggregate  (cost=3672.79..3672.80 rows=1 width=8)
	  ->  Index Scan using sbtest8_pkey on sbtest8  (cost=0.43..3670.45 rows=935 width=4)
	        Index Cond: ((id >= 2845208) AND (id <= 2846207))

for: sum_ranges
table 1 : explain SELECT SUM(k) FROM sbtest1 WHERE id BETWEEN 6028052 AND 6029051
	Aggregate  (cost=3986.91..3986.92 rows=1 width=8)
	  ->  Bitmap Heap Scan on sbtest1  (cost=34.98..3984.34 rows=1029 width=4)
	        Recheck Cond: ((id >= 6028052) AND (id <= 6029051))
	        ->  Bitmap Index Scan on sbtest1_pkey  (cost=0.00..34.73 rows=1029 width=0)
	              Index Cond: ((id >= 6028052) AND (id <= 6029051))

table 2 : explain SELECT SUM(k) FROM sbtest2 WHERE id BETWEEN 1913711 AND 1914710
	Aggregate  (cost=3681.27..3681.28 rows=1 width=8)
	  ->  Bitmap Heap Scan on sbtest2  (cost=34.14..3678.91 rows=947 width=4)
	        Recheck Cond: ((id >= 1913711) AND (id <= 1914710))
	        ->  Bitmap Index Scan on sbtest2_pkey  (cost=0.00..33.91 rows=947 width=0)
	              Index Cond: ((id >= 1913711) AND (id <= 1914710))

table 3 : explain SELECT SUM(k) FROM sbtest3 WHERE id BETWEEN 3754091 AND 3755090
	Aggregate  (cost=3786.31..3786.32 rows=1 width=8)
	  ->  Bitmap Heap Scan on sbtest3  (cost=34.43..3783.88 rows=975 width=4)
	        Recheck Cond: ((id >= 3754091) AND (id <= 3755090))
	        ->  Bitmap Index Scan on sbtest3_pkey  (cost=0.00..34.19 rows=975 width=0)
	              Index Cond: ((id >= 3754091) AND (id <= 3755090))

table 4 : explain SELECT SUM(k) FROM sbtest4 WHERE id BETWEEN 8666204 AND 8667203
	Aggregate  (cost=4041.46..4041.47 rows=1 width=8)
	  ->  Index Scan using sbtest4_pkey on sbtest4  (cost=0.43..4038.87 rows=1034 width=4)
	        Index Cond: ((id >= 8666204) AND (id <= 8667203))

table 5 : explain SELECT SUM(k) FROM sbtest5 WHERE id BETWEEN 3295686 AND 3296685
	Aggregate  (cost=3952.09..3952.10 rows=1 width=8)
	  ->  Bitmap Heap Scan on sbtest5  (cost=34.87..3949.54 rows=1018 width=4)
	        Recheck Cond: ((id >= 3295686) AND (id <= 3296685))
	        ->  Bitmap Index Scan on sbtest5_pkey  (cost=0.00..34.62 rows=1018 width=0)
	              Index Cond: ((id >= 3295686) AND (id <= 3296685))

table 6 : explain SELECT SUM(k) FROM sbtest6 WHERE id BETWEEN 5250648 AND 5251647
	Aggregate  (cost=4114.97..4114.98 rows=1 width=8)
	  ->  Bitmap Heap Scan on sbtest6  (cost=35.31..4112.32 rows=1061 width=4)
	        Recheck Cond: ((id >= 5250648) AND (id <= 5251647))
	        ->  Bitmap Index Scan on sbtest6_pkey  (cost=0.00..35.05 rows=1061 width=0)
	              Index Cond: ((id >= 5250648) AND (id <= 5251647))

table 7 : explain SELECT SUM(k) FROM sbtest7 WHERE id BETWEEN 8724237 AND 8725236
	Aggregate  (cost=3812.74..3812.75 rows=1 width=8)
	  ->  Index Scan using sbtest7_pkey on sbtest7  (cost=0.43..3810.31 rows=972 width=4)
	        Index Cond: ((id >= 8724237) AND (id <= 8725236))

table 8 : explain SELECT SUM(k) FROM sbtest8 WHERE id BETWEEN 5271795 AND 5272794
	Aggregate  (cost=3625.93..3625.94 rows=1 width=8)
	  ->  Index Scan using sbtest8_pkey on sbtest8  (cost=0.43..3623.62 rows=923 width=4)
	        Index Cond: ((id >= 5271795) AND (id <= 5272794))

for: simple_ranges
table 1 : explain SELECT c FROM sbtest1 WHERE id BETWEEN 7350908 AND 7351907
	Bitmap Heap Scan on sbtest1  (cost=34.60..3844.93 rows=992 width=121)
	  Recheck Cond: ((id >= 7350908) AND (id <= 7351907))
	  ->  Bitmap Index Scan on sbtest1_pkey  (cost=0.00..34.36 rows=992 width=0)
	        Index Cond: ((id >= 7350908) AND (id <= 7351907))

table 2 : explain SELECT c FROM sbtest2 WHERE id BETWEEN 1370665 AND 1371664
	Bitmap Heap Scan on sbtest2  (cost=34.92..3965.97 rows=1023 width=121)
	  Recheck Cond: ((id >= 1370665) AND (id <= 1371664))
	  ->  Bitmap Index Scan on sbtest2_pkey  (cost=0.00..34.67 rows=1023 width=0)
	        Index Cond: ((id >= 1370665) AND (id <= 1371664))

table 3 : explain SELECT c FROM sbtest3 WHERE id BETWEEN 2491803 AND 2492802
	Bitmap Heap Scan on sbtest3  (cost=34.35..3753.66 rows=967 width=121)
	  Recheck Cond: ((id >= 2491803) AND (id <= 2492802))
	  ->  Bitmap Index Scan on sbtest3_pkey  (cost=0.00..34.11 rows=967 width=0)
	        Index Cond: ((id >= 2491803) AND (id <= 2492802))

table 4 : explain SELECT c FROM sbtest4 WHERE id BETWEEN 39808 AND 40807
	Index Scan using sbtest4_pkey on sbtest4  (cost=0.43..4085.49 rows=1046 width=121)
	  Index Cond: ((id >= 39808) AND (id <= 40807))

table 5 : explain SELECT c FROM sbtest5 WHERE id BETWEEN 1841956 AND 1842955
	Bitmap Heap Scan on sbtest5  (cost=34.75..3904.21 rows=1006 width=121)
	  Recheck Cond: ((id >= 1841956) AND (id <= 1842955))
	  ->  Bitmap Index Scan on sbtest5_pkey  (cost=0.00..34.50 rows=1006 width=0)
	        Index Cond: ((id >= 1841956) AND (id <= 1842955))

table 6 : explain SELECT c FROM sbtest6 WHERE id BETWEEN 2734399 AND 2735398
	Bitmap Heap Scan on sbtest6  (cost=34.86..3946.23 rows=1017 width=121)
	  Recheck Cond: ((id >= 2734399) AND (id <= 2735398))
	  ->  Bitmap Index Scan on sbtest6_pkey  (cost=0.00..34.61 rows=1017 width=0)
	        Index Cond: ((id >= 2734399) AND (id <= 2735398))

table 7 : explain SELECT c FROM sbtest7 WHERE id BETWEEN 7862150 AND 7863149
	Bitmap Heap Scan on sbtest7  (cost=35.11..4037.07 rows=1041 width=121)
	  Recheck Cond: ((id >= 7862150) AND (id <= 7863149))
	  ->  Bitmap Index Scan on sbtest7_pkey  (cost=0.00..34.84 rows=1041 width=0)
	        Index Cond: ((id >= 7862150) AND (id <= 7863149))

table 8 : explain SELECT c FROM sbtest8 WHERE id BETWEEN 8692381 AND 8693380
	Bitmap Heap Scan on sbtest8  (cost=34.54..3829.20 rows=986 width=121)
	  Recheck Cond: ((id >= 8692381) AND (id <= 8693380))
	  ->  Bitmap Index Scan on sbtest8_pkey  (cost=0.00..34.30 rows=986 width=0)
	        Index Cond: ((id >= 8692381) AND (id <= 8693380))

explain: for point_selects :: explain SELECT c FROM sbtest%u WHERE id=%u
for: sum_ranges
table 1 : explain SELECT SUM(k) FROM sbtest1 WHERE id BETWEEN 7091276 AND 7092275
	Aggregate  (cost=3994.44..3994.45 rows=1 width=8)
	  ->  Bitmap Heap Scan on sbtest1  (cost=35.00..3991.87 rows=1031 width=4)
	        Recheck Cond: ((id >= 7091276) AND (id <= 7092275))
	        ->  Bitmap Index Scan on sbtest1_pkey  (cost=0.00..34.75 rows=1031 width=0)
	              Index Cond: ((id >= 7091276) AND (id <= 7092275))

table 2 : explain SELECT SUM(k) FROM sbtest2 WHERE id BETWEEN 3971419 AND 3972418
	Aggregate  (cost=3926.99..3927.00 rows=1 width=8)
	  ->  Bitmap Heap Scan on sbtest2  (cost=34.81..3924.46 rows=1012 width=4)
	        Recheck Cond: ((id >= 3971419) AND (id <= 3972418))
	        ->  Bitmap Index Scan on sbtest2_pkey  (cost=0.00..34.56 rows=1012 width=0)
	              Index Cond: ((id >= 3971419) AND (id <= 3972418))

table 3 : explain SELECT SUM(k) FROM sbtest3 WHERE id BETWEEN 2141165 AND 2142164
	Aggregate  (cost=3744.73..3744.74 rows=1 width=8)
	  ->  Bitmap Heap Scan on sbtest3  (cost=34.32..3742.32 rows=964 width=4)
	        Recheck Cond: ((id >= 2141165) AND (id <= 2142164))
	        ->  Bitmap Index Scan on sbtest3_pkey  (cost=0.00..34.08 rows=964 width=0)
	              Index Cond: ((id >= 2141165) AND (id <= 2142164))

table 4 : explain SELECT SUM(k) FROM sbtest4 WHERE id BETWEEN 6337668 AND 6338667
	Aggregate  (cost=3773.16..3773.17 rows=1 width=8)
	  ->  Index Scan using sbtest4_pkey on sbtest4  (cost=0.43..3770.75 rows=965 width=4)
	        Index Cond: ((id >= 6337668) AND (id <= 6338667))

table 5 : explain SELECT SUM(k) FROM sbtest5 WHERE id BETWEEN 7372410 AND 7373409
	Aggregate  (cost=4186.16..4186.17 rows=1 width=8)
	  ->  Bitmap Heap Scan on sbtest5  (cost=35.51..4183.46 rows=1080 width=4)
	        Recheck Cond: ((id >= 7372410) AND (id <= 7373409))
	        ->  Bitmap Index Scan on sbtest5_pkey  (cost=0.00..35.23 rows=1080 width=0)
	              Index Cond: ((id >= 7372410) AND (id <= 7373409))

table 6 : explain SELECT SUM(k) FROM sbtest6 WHERE id BETWEEN 3912622 AND 3913621
	Aggregate  (cost=3634.62..3634.63 rows=1 width=8)
	  ->  Bitmap Heap Scan on sbtest6  (cost=34.01..3632.28 rows=934 width=4)
	        Recheck Cond: ((id >= 3912622) AND (id <= 3913621))
	        ->  Bitmap Index Scan on sbtest6_pkey  (cost=0.00..33.78 rows=934 width=0)
	              Index Cond: ((id >= 3912622) AND (id <= 3913621))

table 7 : explain SELECT SUM(k) FROM sbtest7 WHERE id BETWEEN 3051951 AND 3052950
	Aggregate  (cost=4247.48..4247.49 rows=1 width=8)
	  ->  Bitmap Heap Scan on sbtest7  (cost=39.66..4244.74 rows=1095 width=4)
	        Recheck Cond: ((id >= 3051951) AND (id <= 3052950))
	        ->  Bitmap Index Scan on sbtest7_pkey  (cost=0.00..39.39 rows=1095 width=0)
	              Index Cond: ((id >= 3051951) AND (id <= 3052950))

table 8 : explain SELECT SUM(k) FROM sbtest8 WHERE id BETWEEN 6160278 AND 6161277
	Aggregate  (cost=3778.68..3778.69 rows=1 width=8)
	  ->  Bitmap Heap Scan on sbtest8  (cost=34.40..3776.25 rows=972 width=4)
	        Recheck Cond: ((id >= 6160278) AND (id <= 6161277))
	        ->  Bitmap Index Scan on sbtest8_pkey  (cost=0.00..34.16 rows=972 width=0)
	              Index Cond: ((id >= 6160278) AND (id <= 6161277))

for: sum_ranges
table 1 : explain SELECT SUM(k) FROM sbtest1 WHERE id BETWEEN 1246473 AND 1247472
	Aggregate  (cost=3956.76..3956.77 rows=1 width=8)
	  ->  Bitmap Heap Scan on sbtest1  (cost=34.90..3954.21 rows=1021 width=4)
	        Recheck Cond: ((id >= 1246473) AND (id <= 1247472))
	        ->  Bitmap Index Scan on sbtest1_pkey  (cost=0.00..34.65 rows=1021 width=0)
	              Index Cond: ((id >= 1246473) AND (id <= 1247472))

table 2 : explain SELECT SUM(k) FROM sbtest2 WHERE id BETWEEN 1490482 AND 1491481
	Aggregate  (cost=3979.85..3979.86 rows=1 width=8)
	  ->  Bitmap Heap Scan on sbtest2  (cost=34.95..3977.28 rows=1026 width=4)
	        Recheck Cond: ((id >= 1490482) AND (id <= 1491481))
	        ->  Bitmap Index Scan on sbtest2_pkey  (cost=0.00..34.70 rows=1026 width=0)
	              Index Cond: ((id >= 1490482) AND (id <= 1491481))

table 3 : explain SELECT SUM(k) FROM sbtest3 WHERE id BETWEEN 2452430 AND 2453429
	Aggregate  (cost=3907.19..3907.20 rows=1 width=8)
	  ->  Bitmap Heap Scan on sbtest3  (cost=34.76..3904.68 rows=1007 width=4)
	        Recheck Cond: ((id >= 2452430) AND (id <= 2453429))
	        ->  Bitmap Index Scan on sbtest3_pkey  (cost=0.00..34.51 rows=1007 width=0)
	              Index Cond: ((id >= 2452430) AND (id <= 2453429))

table 4 : explain SELECT SUM(k) FROM sbtest4 WHERE id BETWEEN 6572278 AND 6573277
	Aggregate  (cost=4208.65..4208.66 rows=1 width=8)
	  ->  Index Scan using sbtest4_pkey on sbtest4  (cost=0.43..4205.96 rows=1077 width=4)
	        Index Cond: ((id >= 6572278) AND (id <= 6573277))

table 5 : explain SELECT SUM(k) FROM sbtest5 WHERE id BETWEEN 7873356 AND 7874355
	Aggregate  (cost=3997.43..3997.44 rows=1 width=8)
	  ->  Bitmap Heap Scan on sbtest5  (cost=34.99..3994.85 rows=1030 width=4)
	        Recheck Cond: ((id >= 7873356) AND (id <= 7874355))
	        ->  Bitmap Index Scan on sbtest5_pkey  (cost=0.00..34.73 rows=1030 width=0)
	              Index Cond: ((id >= 7873356) AND (id <= 7874355))

table 6 : explain SELECT SUM(k) FROM sbtest6 WHERE id BETWEEN 3255976 AND 3256975
	Aggregate  (cost=3918.53..3918.54 rows=1 width=8)
	  ->  Bitmap Heap Scan on sbtest6  (cost=34.78..3916.01 rows=1009 width=4)
	        Recheck Cond: ((id >= 3255976) AND (id <= 3256975))
	        ->  Bitmap Index Scan on sbtest6_pkey  (cost=0.00..34.53 rows=1009 width=0)
	              Index Cond: ((id >= 3255976) AND (id <= 3256975))

table 7 : explain SELECT SUM(k) FROM sbtest7 WHERE id BETWEEN 4754223 AND 4755222
	Aggregate  (cost=4013.23..4013.24 rows=1 width=8)
	  ->  Bitmap Heap Scan on sbtest7  (cost=35.03..4010.65 rows=1034 width=4)
	        Recheck Cond: ((id >= 4754223) AND (id <= 4755222))
	        ->  Bitmap Index Scan on sbtest7_pkey  (cost=0.00..34.78 rows=1034 width=0)
	              Index Cond: ((id >= 4754223) AND (id <= 4755222))

table 8 : explain SELECT SUM(k) FROM sbtest8 WHERE id BETWEEN 1397971 AND 1398970
	Aggregate  (cost=3990.48..3990.49 rows=1 width=8)
	  ->  Bitmap Heap Scan on sbtest8  (cost=34.97..3987.91 rows=1028 width=4)
	        Recheck Cond: ((id >= 1397971) AND (id <= 1398970))
	        ->  Bitmap Index Scan on sbtest8_pkey  (cost=0.00..34.72 rows=1028 width=0)
	              Index Cond: ((id >= 1397971) AND (id <= 1398970))

explain: for point_selects :: explain SELECT c FROM sbtest%u WHERE id=%u
for point_selects
table 1 : explain SELECT c FROM sbtest1 WHERE id=3819149
	Index Scan using sbtest1_pkey on sbtest1  (cost=0.43..8.45 rows=1 width=121)
	  Index Cond: (id = 3819149)

table 2 : explain SELECT c FROM sbtest2 WHERE id=8039565
	Index Scan using sbtest2_pkey on sbtest2  (cost=0.43..8.45 rows=1 width=121)
	  Index Cond: (id = 8039565)

table 3 : explain SELECT c FROM sbtest3 WHERE id=9041969
	Index Scan using sbtest3_pkey on sbtest3  (cost=0.43..8.45 rows=1 width=121)
	  Index Cond: (id = 9041969)

table 4 : explain SELECT c FROM sbtest4 WHERE id=2748900
	Index Scan using sbtest4_pkey on sbtest4  (cost=0.43..8.45 rows=1 width=121)
	  Index Cond: (id = 2748900)

table 5 : explain SELECT c FROM sbtest5 WHERE id=4091600
	Index Scan using sbtest5_pkey on sbtest5  (cost=0.43..8.45 rows=1 width=121)
	  Index Cond: (id = 4091600)

table 6 : explain SELECT c FROM sbtest6 WHERE id=1556002
	Index Scan using sbtest6_pkey on sbtest6  (cost=0.43..8.45 rows=1 width=121)
	  Index Cond: (id = 1556002)

table 7 : explain SELECT c FROM sbtest7 WHERE id=1977181
	Index Scan using sbtest7_pkey on sbtest7  (cost=0.43..8.45 rows=1 width=121)
	  Index Cond: (id = 1977181)

table 8 : explain SELECT c FROM sbtest8 WHERE id=5909813
	Index Scan using sbtest8_pkey on sbtest8  (cost=0.43..8.45 rows=1 width=121)
	  Index Cond: (id = 5909813)

for point_selects
table 1 : explain SELECT c FROM sbtest1 WHERE id=4106668
	Index Scan using sbtest1_pkey on sbtest1  (cost=0.43..8.45 rows=1 width=121)
	  Index Cond: (id = 4106668)

table 2 : explain SELECT c FROM sbtest2 WHERE id=2049997
	Index Scan using sbtest2_pkey on sbtest2  (cost=0.43..8.45 rows=1 width=121)
	  Index Cond: (id = 2049997)

table 3 : explain SELECT c FROM sbtest3 WHERE id=3080761
	Index Scan using sbtest3_pkey on sbtest3  (cost=0.43..8.45 rows=1 width=121)
	  Index Cond: (id = 3080761)

table 4 : explain SELECT c FROM sbtest4 WHERE id=1903555
	Index Scan using sbtest4_pkey on sbtest4  (cost=0.43..8.45 rows=1 width=121)
	  Index Cond: (id = 1903555)

table 5 : explain SELECT c FROM sbtest5 WHERE id=9907774
	Index Scan using sbtest5_pkey on sbtest5  (cost=0.43..8.45 rows=1 width=121)
	  Index Cond: (id = 9907774)

table 6 : explain SELECT c FROM sbtest6 WHERE id=571747
	Index Scan using sbtest6_pkey on sbtest6  (cost=0.43..8.45 rows=1 width=121)
	  Index Cond: (id = 571747)

table 7 : explain SELECT c FROM sbtest7 WHERE id=2468237
	Index Scan using sbtest7_pkey on sbtest7  (cost=0.43..8.45 rows=1 width=121)
	  Index Cond: (id = 2468237)

table 8 : explain SELECT c FROM sbtest8 WHERE id=5419784
	Index Scan using sbtest8_pkey on sbtest8  (cost=0.43..8.45 rows=1 width=121)
	  Index Cond: (id = 5419784)

for: sum_ranges
table 1 : explain SELECT SUM(k) FROM sbtest1 WHERE id BETWEEN 3019680 AND 3020679
	Aggregate  (cost=3900.21..3900.22 rows=1 width=8)
	  ->  Bitmap Heap Scan on sbtest1  (cost=34.75..3897.70 rows=1006 width=4)
	        Recheck Cond: ((id >= 3019680) AND (id <= 3020679))
	        ->  Bitmap Index Scan on sbtest1_pkey  (cost=0.00..34.50 rows=1006 width=0)
	              Index Cond: ((id >= 3019680) AND (id <= 3020679))

table 2 : explain SELECT SUM(k) FROM sbtest2 WHERE id BETWEEN 6169707 AND 6170706
	Aggregate  (cost=3779.63..3779.64 rows=1 width=8)
	  ->  Bitmap Heap Scan on sbtest2  (cost=34.41..3777.19 rows=973 width=4)
	        Recheck Cond: ((id >= 6169707) AND (id <= 6170706))
	        ->  Bitmap Index Scan on sbtest2_pkey  (cost=0.00..34.17 rows=973 width=0)
	              Index Cond: ((id >= 6169707) AND (id <= 6170706))

table 3 : explain SELECT SUM(k) FROM sbtest3 WHERE id BETWEEN 6150629 AND 6151628
	Aggregate  (cost=4246.49..4246.50 rows=1 width=8)
	  ->  Bitmap Heap Scan on sbtest3  (cost=35.68..4243.75 rows=1097 width=4)
	        Recheck Cond: ((id >= 6150629) AND (id <= 6151628))
	        ->  Bitmap Index Scan on sbtest3_pkey  (cost=0.00..35.41 rows=1097 width=0)
	              Index Cond: ((id >= 6150629) AND (id <= 6151628))

table 4 : explain SELECT SUM(k) FROM sbtest4 WHERE id BETWEEN 349440 AND 350439
	Aggregate  (cost=3800.37..3800.38 rows=1 width=8)
	  ->  Index Scan using sbtest4_pkey on sbtest4  (cost=0.43..3797.94 rows=972 width=4)
	        Index Cond: ((id >= 349440) AND (id <= 350439))

table 5 : explain SELECT SUM(k) FROM sbtest5 WHERE id BETWEEN 7633357 AND 7634356
	Aggregate  (cost=4208.78..4208.79 rows=1 width=8)
	  ->  Bitmap Heap Scan on sbtest5  (cost=35.57..4206.07 rows=1086 width=4)
	        Recheck Cond: ((id >= 7633357) AND (id <= 7634356))
	        ->  Bitmap Index Scan on sbtest5_pkey  (cost=0.00..35.30 rows=1086 width=0)
	              Index Cond: ((id >= 7633357) AND (id <= 7634356))

table 6 : explain SELECT SUM(k) FROM sbtest6 WHERE id BETWEEN 5666936 AND 5667935
	Aggregate  (cost=4050.79..4050.80 rows=1 width=8)
	  ->  Bitmap Heap Scan on sbtest6  (cost=35.14..4048.18 rows=1044 width=4)
	        Recheck Cond: ((id >= 5666936) AND (id <= 5667935))
	        ->  Bitmap Index Scan on sbtest6_pkey  (cost=0.00..34.88 rows=1044 width=0)
	              Index Cond: ((id >= 5666936) AND (id <= 5667935))

table 7 : explain SELECT SUM(k) FROM sbtest7 WHERE id BETWEEN 5427268 AND 5428267
	Aggregate  (cost=4115.20..4115.21 rows=1 width=8)
	  ->  Bitmap Heap Scan on sbtest7  (cost=35.31..4112.54 rows=1061 width=4)
	        Recheck Cond: ((id >= 5427268) AND (id <= 5428267))
	        ->  Bitmap Index Scan on sbtest7_pkey  (cost=0.00..35.05 rows=1061 width=0)
	              Index Cond: ((id >= 5427268) AND (id <= 5428267))

table 8 : explain SELECT SUM(k) FROM sbtest8 WHERE id BETWEEN 7868558 AND 7869557
	Aggregate  (cost=4024.48..4024.49 rows=1 width=8)
	  ->  Bitmap Heap Scan on sbtest8  (cost=35.06..4021.89 rows=1037 width=4)
	        Recheck Cond: ((id >= 7868558) AND (id <= 7869557))
	        ->  Bitmap Index Scan on sbtest8_pkey  (cost=0.00..34.81 rows=1037 width=0)
	              Index Cond: ((id >= 7868558) AND (id <= 7869557))

explain: for point_selects :: explain SELECT c FROM sbtest%u WHERE id=%u
for: sum_ranges
table 1 : explain SELECT SUM(k) FROM sbtest1 WHERE id BETWEEN 7577063 AND 7578062
	Aggregate  (cost=3692.62..3692.63 rows=1 width=8)
	  ->  Bitmap Heap Scan on sbtest1  (cost=34.18..3690.25 rows=951 width=4)
	        Recheck Cond: ((id >= 7577063) AND (id <= 7578062))
	        ->  Bitmap Index Scan on sbtest1_pkey  (cost=0.00..33.95 rows=951 width=0)
	              Index Cond: ((id >= 7577063) AND (id <= 7578062))

table 2 : explain SELECT SUM(k) FROM sbtest2 WHERE id BETWEEN 6071457 AND 6072456
	Aggregate  (cost=4123.19..4123.20 rows=1 width=8)
	  ->  Bitmap Heap Scan on sbtest2  (cost=35.34..4120.53 rows=1064 width=4)
	        Recheck Cond: ((id >= 6071457) AND (id <= 6072456))
	        ->  Bitmap Index Scan on sbtest2_pkey  (cost=0.00..35.08 rows=1064 width=0)
	              Index Cond: ((id >= 6071457) AND (id <= 6072456))

table 3 : explain SELECT SUM(k) FROM sbtest3 WHERE id BETWEEN 6410994 AND 6411993
	Aggregate  (cost=3922.30..3922.31 rows=1 width=8)
	  ->  Bitmap Heap Scan on sbtest3  (cost=34.80..3919.77 rows=1011 width=4)
	        Recheck Cond: ((id >= 6410994) AND (id <= 6411993))
	        ->  Bitmap Index Scan on sbtest3_pkey  (cost=0.00..34.55 rows=1011 width=0)
	              Index Cond: ((id >= 6410994) AND (id <= 6411993))

table 4 : explain SELECT SUM(k) FROM sbtest4 WHERE id BETWEEN 4199369 AND 4200368
	Aggregate  (cost=4348.78..4348.79 rows=1 width=8)
	  ->  Index Scan using sbtest4_pkey on sbtest4  (cost=0.43..4346.00 rows=1112 width=4)
	        Index Cond: ((id >= 4199369) AND (id <= 4200368))

table 5 : explain SELECT SUM(k) FROM sbtest5 WHERE id BETWEEN 6429743 AND 6430742
	Aggregate  (cost=4182.38..4182.39 rows=1 width=8)
	  ->  Bitmap Heap Scan on sbtest5  (cost=35.49..4179.69 rows=1079 width=4)
	        Recheck Cond: ((id >= 6429743) AND (id <= 6430742))
	        ->  Bitmap Index Scan on sbtest5_pkey  (cost=0.00..35.23 rows=1079 width=0)
	              Index Cond: ((id >= 6429743) AND (id <= 6430742))

table 6 : explain SELECT SUM(k) FROM sbtest6 WHERE id BETWEEN 4276345 AND 4277344
	Aggregate  (cost=4608.70..4608.71 rows=1 width=8)
	  ->  Bitmap Heap Scan on sbtest6  (cost=40.65..4605.72 rows=1192 width=4)
	        Recheck Cond: ((id >= 4276345) AND (id <= 4277344))
	        ->  Bitmap Index Scan on sbtest6_pkey  (cost=0.00..40.36 rows=1192 width=0)
	              Index Cond: ((id >= 4276345) AND (id <= 4277344))

table 7 : explain SELECT SUM(k) FROM sbtest7 WHERE id BETWEEN 8026255 AND 8027254
	Aggregate  (cost=4130.30..4130.31 rows=1 width=8)
	  ->  Bitmap Heap Scan on sbtest7  (cost=35.35..4127.63 rows=1065 width=4)
	        Recheck Cond: ((id >= 8026255) AND (id <= 8027254))
	        ->  Bitmap Index Scan on sbtest7_pkey  (cost=0.00..35.09 rows=1065 width=0)
	              Index Cond: ((id >= 8026255) AND (id <= 8027254))

table 8 : explain SELECT SUM(k) FROM sbtest8 WHERE id BETWEEN 4050143 AND 4051142
	Aggregate  (cost=3805.17..3805.18 rows=1 width=8)
	  ->  Bitmap Heap Scan on sbtest8  (cost=34.47..3802.72 rows=979 width=4)
	        Recheck Cond: ((id >= 4050143) AND (id <= 4051142))
	        ->  Bitmap Index Scan on sbtest8_pkey  (cost=0.00..34.23 rows=979 width=0)
	              Index Cond: ((id >= 4050143) AND (id <= 4051142))

for: order_ranges
table 1 : explain SELECT c FROM sbtest1 WHERE id BETWEEN 4233313 AND 4234312 ORDER BY c
	Sort  (cost=3787.10..3789.51 rows=964 width=121)
	  Sort Key: c
	  ->  Bitmap Heap Scan on sbtest1  (cost=34.32..3739.32 rows=964 width=121)
	        Recheck Cond: ((id >= 4233313) AND (id <= 4234312))
	        ->  Bitmap Index Scan on sbtest1_pkey  (cost=0.00..34.08 rows=964 width=0)
	              Index Cond: ((id >= 4233313) AND (id <= 4234312))

table 2 : explain SELECT c FROM sbtest2 WHERE id BETWEEN 8796259 AND 8797258 ORDER BY c
	Sort  (cost=4204.62..4207.30 rows=1072 width=121)
	  Sort Key: c
	  ->  Bitmap Heap Scan on sbtest2  (cost=35.42..4150.67 rows=1072 width=121)
	        Recheck Cond: ((id >= 8796259) AND (id <= 8797258))
	        ->  Bitmap Index Scan on sbtest2_pkey  (cost=0.00..35.16 rows=1072 width=0)
	              Index Cond: ((id >= 8796259) AND (id <= 8797258))

table 3 : explain SELECT c FROM sbtest3 WHERE id BETWEEN 2054881 AND 2055880 ORDER BY c
	Sort  (cost=4253.30..4256.01 rows=1085 width=121)
	  Sort Key: c
	  ->  Bitmap Heap Scan on sbtest3  (cost=35.56..4198.59 rows=1085 width=121)
	        Recheck Cond: ((id >= 2054881) AND (id <= 2055880))
	        ->  Bitmap Index Scan on sbtest3_pkey  (cost=0.00..35.29 rows=1085 width=0)
	              Index Cond: ((id >= 2054881) AND (id <= 2055880))

table 4 : explain SELECT c FROM sbtest4 WHERE id BETWEEN 7366961 AND 7367960 ORDER BY c
	Sort  (cost=3889.53..3891.99 rows=983 width=121)
	  Sort Key: c
	  ->  Index Scan using sbtest4_pkey on sbtest4  (cost=0.43..3840.67 rows=983 width=121)
	        Index Cond: ((id >= 7366961) AND (id <= 7367960))

table 5 : explain SELECT c FROM sbtest5 WHERE id BETWEEN 7325863 AND 7326862 ORDER BY c
	Sort  (cost=4237.87..4240.57 rows=1080 width=121)
	  Sort Key: c
	  ->  Bitmap Heap Scan on sbtest5  (cost=35.51..4183.46 rows=1080 width=121)
	        Recheck Cond: ((id >= 7325863) AND (id <= 7326862))
	        ->  Bitmap Index Scan on sbtest5_pkey  (cost=0.00..35.23 rows=1080 width=0)
	              Index Cond: ((id >= 7325863) AND (id <= 7326862))

table 6 : explain SELECT c FROM sbtest6 WHERE id BETWEEN 9400616 AND 9401615 ORDER BY c
	Sort  (cost=3878.10..3880.57 rows=986 width=121)
	  Sort Key: c
	  ->  Bitmap Heap Scan on sbtest6  (cost=34.54..3829.07 rows=986 width=121)
	        Recheck Cond: ((id >= 9400616) AND (id <= 9401615))
	        ->  Bitmap Index Scan on sbtest6_pkey  (cost=0.00..34.30 rows=986 width=0)
	              Index Cond: ((id >= 9400616) AND (id <= 9401615))

table 7 : explain SELECT c FROM sbtest7 WHERE id BETWEEN 3952884 AND 3953883 ORDER BY c
	Sort  (cost=4131.39..4134.02 rows=1052 width=121)
	  Sort Key: c
	  ->  Bitmap Heap Scan on sbtest7  (cost=35.22..4078.59 rows=1052 width=121)
	        Recheck Cond: ((id >= 3952884) AND (id <= 3953883))
	        ->  Bitmap Index Scan on sbtest7_pkey  (cost=0.00..34.95 rows=1052 width=0)
	              Index Cond: ((id >= 3952884) AND (id <= 3953883))

table 8 : explain SELECT c FROM sbtest8 WHERE id BETWEEN 1337362 AND 1338361 ORDER BY c
	Sort  (cost=3974.15..3976.68 rows=1011 width=121)
	  Sort Key: c
	  ->  Bitmap Heap Scan on sbtest8  (cost=34.80..3923.69 rows=1011 width=121)
	        Recheck Cond: ((id >= 1337362) AND (id <= 1338361))
	        ->  Bitmap Index Scan on sbtest8_pkey  (cost=0.00..34.55 rows=1011 width=0)
	              Index Cond: ((id >= 1337362) AND (id <= 1338361))

for point_selects
table 1 : explain SELECT c FROM sbtest1 WHERE id=6173888
	Index Scan using sbtest1_pkey on sbtest1  (cost=0.43..8.45 rows=1 width=121)
	  Index Cond: (id = 6173888)

table 2 : explain SELECT c FROM sbtest2 WHERE id=299246
	Index Scan using sbtest2_pkey on sbtest2  (cost=0.43..8.45 rows=1 width=121)
	  Index Cond: (id = 299246)

table 3 : explain SELECT c FROM sbtest3 WHERE id=9374908
	Index Scan using sbtest3_pkey on sbtest3  (cost=0.43..8.45 rows=1 width=121)
	  Index Cond: (id = 9374908)

table 4 : explain SELECT c FROM sbtest4 WHERE id=1972805
	Index Scan using sbtest4_pkey on sbtest4  (cost=0.43..8.45 rows=1 width=121)
	  Index Cond: (id = 1972805)

table 5 : explain SELECT c FROM sbtest5 WHERE id=5840133
	Index Scan using sbtest5_pkey on sbtest5  (cost=0.43..8.45 rows=1 width=121)
	  Index Cond: (id = 5840133)

table 6 : explain SELECT c FROM sbtest6 WHERE id=5478772
	Index Scan using sbtest6_pkey on sbtest6  (cost=0.43..8.45 rows=1 width=121)
	  Index Cond: (id = 5478772)

table 7 : explain SELECT c FROM sbtest7 WHERE id=2194192
	Index Scan using sbtest7_pkey on sbtest7  (cost=0.43..8.45 rows=1 width=121)
	  Index Cond: (id = 2194192)

table 8 : explain SELECT c FROM sbtest8 WHERE id=2447377
	Index Scan using sbtest8_pkey on sbtest8  (cost=0.43..8.45 rows=1 width=121)
	  Index Cond: (id = 2447377)

for: distinct_ranges
table 1 : explain SELECT DISTINCT c FROM sbtest1 WHERE id BETWEEN 4174536 AND 4175535 ORDER BY c
	Unique  (cost=3787.10..3791.92 rows=964 width=121)
	  ->  Sort  (cost=3787.10..3789.51 rows=964 width=121)
	        Sort Key: c
	        ->  Bitmap Heap Scan on sbtest1  (cost=34.32..3739.32 rows=964 width=121)
	              Recheck Cond: ((id >= 4174536) AND (id <= 4175535))
	              ->  Bitmap Index Scan on sbtest1_pkey  (cost=0.00..34.08 rows=964 width=0)
	                    Index Cond: ((id >= 4174536) AND (id <= 4175535))

table 2 : explain SELECT DISTINCT c FROM sbtest2 WHERE id BETWEEN 7309506 AND 7310505 ORDER BY c
	Unique  (cost=4246.68..4252.09 rows=1083 width=121)
	  ->  Sort  (cost=4246.68..4249.38 rows=1083 width=121)
	        Sort Key: c
	        ->  Bitmap Heap Scan on sbtest2  (cost=35.54..4192.09 rows=1083 width=121)
	              Recheck Cond: ((id >= 7309506) AND (id <= 7310505))
	              ->  Bitmap Index Scan on sbtest2_pkey  (cost=0.00..35.27 rows=1083 width=0)
	                    Index Cond: ((id >= 7309506) AND (id <= 7310505))

table 3 : explain SELECT DISTINCT c FROM sbtest3 WHERE id BETWEEN 8614401 AND 8615400 ORDER BY c
	Unique  (cost=3701.86..3706.57 rows=941 width=121)
	  ->  Sort  (cost=3701.86..3704.21 rows=941 width=121)
	        Sort Key: c
	        ->  Bitmap Heap Scan on sbtest3  (cost=34.08..3655.38 rows=941 width=121)
	              Recheck Cond: ((id >= 8614401) AND (id <= 8615400))
	              ->  Bitmap Index Scan on sbtest3_pkey  (cost=0.00..33.84 rows=941 width=0)
	                    Index Cond: ((id >= 8614401) AND (id <= 8615400))

table 4 : explain SELECT DISTINCT c FROM sbtest4 WHERE id BETWEEN 4658357 AND 4659356 ORDER BY c
	Unique  (cost=3996.00..4001.05 rows=1010 width=121)
	  ->  Sort  (cost=3996.00..3998.53 rows=1010 width=121)
	        Sort Key: c
	        ->  Index Scan using sbtest4_pkey on sbtest4  (cost=0.43..3945.60 rows=1010 width=121)
	              Index Cond: ((id >= 4658357) AND (id <= 4659356))

table 5 : explain SELECT DISTINCT c FROM sbtest5 WHERE id BETWEEN 8925869 AND 8926868 ORDER BY c
	Unique  (cost=4008.06..4013.16 rows=1020 width=121)
	  ->  Sort  (cost=4008.06..4010.61 rows=1020 width=121)
	        Sort Key: c
	        ->  Bitmap Heap Scan on sbtest5  (cost=34.89..3957.09 rows=1020 width=121)
	              Recheck Cond: ((id >= 8925869) AND (id <= 8926868))
	              ->  Bitmap Index Scan on sbtest5_pkey  (cost=0.00..34.64 rows=1020 width=0)
	                    Index Cond: ((id >= 8925869) AND (id <= 8926868))

table 6 : explain SELECT DISTINCT c FROM sbtest6 WHERE id BETWEEN 5907383 AND 5908382 ORDER BY c
	Unique  (cost=3447.49..3451.82 rows=867 width=121)
	  ->  Sort  (cost=3447.49..3449.65 rows=867 width=121)
	        Sort Key: c
	        ->  Index Scan using sbtest6_pkey on sbtest6  (cost=0.43..3405.18 rows=867 width=121)
	              Index Cond: ((id >= 5907383) AND (id <= 5908382))

table 7 : explain SELECT DISTINCT c FROM sbtest7 WHERE id BETWEEN 5109861 AND 5110860 ORDER BY c
	Unique  (cost=3834.82..3839.65 rows=966 width=121)
	  ->  Sort  (cost=3834.82..3837.24 rows=966 width=121)
	        Sort Key: c
	        ->  Index Scan using sbtest7_pkey on sbtest7  (cost=0.43..3786.93 rows=966 width=121)
	              Index Cond: ((id >= 5109861) AND (id <= 5110860))

table 8 : explain SELECT DISTINCT c FROM sbtest8 WHERE id BETWEEN 4615105 AND 4616104 ORDER BY c
	Unique  (cost=4219.39..4224.76 rows=1075 width=121)
	  ->  Sort  (cost=4219.39..4222.07 rows=1075 width=121)
	        Sort Key: c
	        ->  Bitmap Heap Scan on sbtest8  (cost=35.45..4165.26 rows=1075 width=121)
	              Recheck Cond: ((id >= 4615105) AND (id <= 4616104))
	              ->  Bitmap Index Scan on sbtest8_pkey  (cost=0.00..35.19 rows=1075 width=0)
	                    Index Cond: ((id >= 4615105) AND (id <= 4616104))

for: order_ranges
table 1 : explain SELECT c FROM sbtest1 WHERE id BETWEEN 4362278 AND 4363277 ORDER BY c
	Sort  (cost=3875.16..3877.63 rows=987 width=121)
	  Sort Key: c
	  ->  Bitmap Heap Scan on sbtest1  (cost=34.55..3826.08 rows=987 width=121)
	        Recheck Cond: ((id >= 4362278) AND (id <= 4363277))
	        ->  Bitmap Index Scan on sbtest1_pkey  (cost=0.00..34.31 rows=987 width=0)
	              Index Cond: ((id >= 4362278) AND (id <= 4363277))

table 2 : explain SELECT c FROM sbtest2 WHERE id BETWEEN 3633147 AND 3634146 ORDER BY c
	Sort  (cost=3871.50..3873.96 rows=985 width=121)
	  Sort Key: c
	  ->  Bitmap Heap Scan on sbtest2  (cost=34.53..3822.53 rows=985 width=121)
	        Recheck Cond: ((id >= 3633147) AND (id <= 3634146))
	        ->  Bitmap Index Scan on sbtest2_pkey  (cost=0.00..34.29 rows=985 width=0)
	              Index Cond: ((id >= 3633147) AND (id <= 3634146))

table 3 : explain SELECT c FROM sbtest3 WHERE id BETWEEN 2253006 AND 2254005 ORDER BY c
	Sort  (cost=4192.15..4194.82 rows=1069 width=121)
	  Sort Key: c
	  ->  Bitmap Heap Scan on sbtest3  (cost=35.39..4138.36 rows=1069 width=121)
	        Recheck Cond: ((id >= 2253006) AND (id <= 2254005))
	        ->  Bitmap Index Scan on sbtest3_pkey  (cost=0.00..35.12 rows=1069 width=0)
	              Index Cond: ((id >= 2253006) AND (id <= 2254005))

table 4 : explain SELECT c FROM sbtest4 WHERE id BETWEEN 5158109 AND 5159108 ORDER BY c
	Sort  (cost=3909.28..3911.75 rows=988 width=121)
	  Sort Key: c
	  ->  Index Scan using sbtest4_pkey on sbtest4  (cost=0.43..3860.13 rows=988 width=121)
	        Index Cond: ((id >= 5158109) AND (id <= 5159108))

table 5 : explain SELECT c FROM sbtest5 WHERE id BETWEEN 9464608 AND 9465607 ORDER BY c
	Sort  (cost=3651.04..3653.36 rows=927 width=121)
	  Sort Key: c
	  ->  Bitmap Heap Scan on sbtest5  (cost=33.94..3605.36 rows=927 width=121)
	        Recheck Cond: ((id >= 9464608) AND (id <= 9465607))
	        ->  Bitmap Index Scan on sbtest5_pkey  (cost=0.00..33.70 rows=927 width=0)
	              Index Cond: ((id >= 9464608) AND (id <= 9465607))

table 6 : explain SELECT c FROM sbtest6 WHERE id BETWEEN 7411187 AND 7412186 ORDER BY c
	Sort  (cost=3839.72..3842.16 rows=976 width=121)
	  Sort Key: c
	  ->  Bitmap Heap Scan on sbtest6  (cost=34.44..3791.25 rows=976 width=121)
	        Recheck Cond: ((id >= 7411187) AND (id <= 7412186))
	        ->  Bitmap Index Scan on sbtest6_pkey  (cost=0.00..34.20 rows=976 width=0)
	              Index Cond: ((id >= 7411187) AND (id <= 7412186))

table 7 : explain SELECT c FROM sbtest7 WHERE id BETWEEN 2450793 AND 2451792 ORDER BY c
	Sort  (cost=4000.95..4003.47 rows=1008 width=121)
	  Sort Key: c
	  ->  Index Scan using sbtest7_pkey on sbtest7  (cost=0.43..3950.66 rows=1008 width=121)
	        Index Cond: ((id >= 2450793) AND (id <= 2451792))

table 8 : explain SELECT c FROM sbtest8 WHERE id BETWEEN 3467645 AND 3468644 ORDER BY c
	Sort  (cost=3981.82..3984.35 rows=1013 width=121)
	  Sort Key: c
	  ->  Bitmap Heap Scan on sbtest8  (cost=34.82..3931.25 rows=1013 width=121)
	        Recheck Cond: ((id >= 3467645) AND (id <= 3468644))
	        ->  Bitmap Index Scan on sbtest8_pkey  (cost=0.00..34.57 rows=1013 width=0)
	              Index Cond: ((id >= 3467645) AND (id <= 3468644))

for: order_ranges
table 1 : explain SELECT c FROM sbtest1 WHERE id BETWEEN 1833726 AND 1834725 ORDER BY c
	Sort  (cost=3963.17..3965.70 rows=1010 width=121)
	  Sort Key: c
	  ->  Bitmap Heap Scan on sbtest1  (cost=34.79..3912.77 rows=1010 width=121)
	        Recheck Cond: ((id >= 1833726) AND (id <= 1834725))
	        ->  Bitmap Index Scan on sbtest1_pkey  (cost=0.00..34.54 rows=1010 width=0)
	              Index Cond: ((id >= 1833726) AND (id <= 1834725))

table 2 : explain SELECT c FROM sbtest2 WHERE id BETWEEN 1246089 AND 1247088 ORDER BY c
	Sort  (cost=3863.83..3866.29 rows=983 width=121)
	  Sort Key: c
	  ->  Bitmap Heap Scan on sbtest2  (cost=34.51..3814.97 rows=983 width=121)
	        Recheck Cond: ((id >= 1246089) AND (id <= 1247088))
	        ->  Bitmap Index Scan on sbtest2_pkey  (cost=0.00..34.27 rows=983 width=0)
	              Index Cond: ((id >= 1246089) AND (id <= 1247088))

table 3 : explain SELECT c FROM sbtest3 WHERE id BETWEEN 6749504 AND 6750503 ORDER BY c
	Sort  (cost=3920.43..3922.92 rows=998 width=121)
	  Sort Key: c
	  ->  Bitmap Heap Scan on sbtest3  (cost=34.66..3870.72 rows=998 width=121)
	        Recheck Cond: ((id >= 6749504) AND (id <= 6750503))
	        ->  Bitmap Index Scan on sbtest3_pkey  (cost=0.00..34.42 rows=998 width=0)
	              Index Cond: ((id >= 6749504) AND (id <= 6750503))

table 4 : explain SELECT c FROM sbtest4 WHERE id BETWEEN 6203228 AND 6204227 ORDER BY c
	Sort  (cost=3842.23..3844.66 rows=971 width=121)
	  Sort Key: c
	  ->  Index Scan using sbtest4_pkey on sbtest4  (cost=0.43..3794.05 rows=971 width=121)
	        Index Cond: ((id >= 6203228) AND (id <= 6204227))

table 5 : explain SELECT c FROM sbtest5 WHERE id BETWEEN 2709686 AND 2710685 ORDER BY c
	Sort  (cost=3477.77..3479.98 rows=883 width=121)
	  Sort Key: c
	  ->  Bitmap Heap Scan on sbtest5  (cost=29.49..3434.56 rows=883 width=121)
	        Recheck Cond: ((id >= 2709686) AND (id <= 2710685))
	        ->  Bitmap Index Scan on sbtest5_pkey  (cost=0.00..29.26 rows=883 width=0)
	              Index Cond: ((id >= 2709686) AND (id <= 2710685))

table 6 : explain SELECT c FROM sbtest6 WHERE id BETWEEN 7966247 AND 7967246 ORDER BY c
	Sort  (cost=4077.53..4080.12 rows=1038 width=121)
	  Sort Key: c
	  ->  Bitmap Heap Scan on sbtest6  (cost=35.07..4025.53 rows=1038 width=121)
	        Recheck Cond: ((id >= 7966247) AND (id <= 7967246))
	        ->  Bitmap Index Scan on sbtest6_pkey  (cost=0.00..34.82 rows=1038 width=0)
	              Index Cond: ((id >= 7966247) AND (id <= 7967246))

table 7 : explain SELECT c FROM sbtest7 WHERE id BETWEEN 1817869 AND 1818868 ORDER BY c
	Sort  (cost=4036.58..4039.12 rows=1017 width=121)
	  Sort Key: c
	  ->  Index Scan using sbtest7_pkey on sbtest7  (cost=0.43..3985.78 rows=1017 width=121)
	        Index Cond: ((id >= 1817869) AND (id <= 1818868))

table 8 : explain SELECT c FROM sbtest8 WHERE id BETWEEN 6729008 AND 6730007 ORDER BY c
	Sort  (cost=3912.77..3915.26 rows=995 width=121)
	  Sort Key: c
	  ->  Bitmap Heap Scan on sbtest8  (cost=34.63..3863.23 rows=995 width=121)
	        Recheck Cond: ((id >= 6729008) AND (id <= 6730007))
	        ->  Bitmap Index Scan on sbtest8_pkey  (cost=0.00..34.39 rows=995 width=0)
	              Index Cond: ((id >= 6729008) AND (id <= 6730007))

explain: for point_selects :: explain SELECT c FROM sbtest%u WHERE id=%u
for: order_ranges
table 1 : explain SELECT c FROM sbtest1 WHERE id BETWEEN 9134324 AND 9135323 ORDER BY c
	Sort  (cost=3978.47..3981.00 rows=1014 width=121)
	  Sort Key: c
	  ->  Bitmap Heap Scan on sbtest1  (cost=34.83..3927.84 rows=1014 width=121)
	        Recheck Cond: ((id >= 9134324) AND (id <= 9135323))
	        ->  Bitmap Index Scan on sbtest1_pkey  (cost=0.00..34.58 rows=1014 width=0)
	              Index Cond: ((id >= 9134324) AND (id <= 9135323))

table 2 : explain SELECT c FROM sbtest2 WHERE id BETWEEN 664975 AND 665974 ORDER BY c
	Sort  (cost=3833.16..3835.59 rows=975 width=121)
	  Sort Key: c
	  ->  Bitmap Heap Scan on sbtest2  (cost=34.43..3784.75 rows=975 width=121)
	        Recheck Cond: ((id >= 664975) AND (id <= 665974))
	        ->  Bitmap Index Scan on sbtest2_pkey  (cost=0.00..34.19 rows=975 width=0)
	              Index Cond: ((id >= 664975) AND (id <= 665974))

table 3 : explain SELECT c FROM sbtest3 WHERE id BETWEEN 9843376 AND 9844375 ORDER BY c
	Sort  (cost=4115.67..4118.29 rows=1049 width=121)
	  Sort Key: c
	  ->  Bitmap Heap Scan on sbtest3  (cost=35.19..4063.03 rows=1049 width=121)
	        Recheck Cond: ((id >= 9843376) AND (id <= 9844375))
	        ->  Bitmap Index Scan on sbtest3_pkey  (cost=0.00..34.93 rows=1049 width=0)
	              Index Cond: ((id >= 9843376) AND (id <= 9844375))

table 4 : explain SELECT c FROM sbtest4 WHERE id BETWEEN 9883259 AND 9884258 ORDER BY c
	Sort  (cost=4169.53..4172.16 rows=1054 width=121)
	  Sort Key: c
	  ->  Index Scan using sbtest4_pkey on sbtest4  (cost=0.43..4116.61 rows=1054 width=121)
	        Index Cond: ((id >= 9883259) AND (id <= 9884258))

table 5 : explain SELECT c FROM sbtest5 WHERE id BETWEEN 3188945 AND 3189944 ORDER BY c
	Sort  (cost=3942.88..3945.39 rows=1003 width=121)
	  Sort Key: c
	  ->  Bitmap Heap Scan on sbtest5  (cost=34.72..3892.88 rows=1003 width=121)
	        Recheck Cond: ((id >= 3188945) AND (id <= 3189944))
	        ->  Bitmap Index Scan on sbtest5_pkey  (cost=0.00..34.47 rows=1003 width=0)
	              Index Cond: ((id >= 3188945) AND (id <= 3189944))

table 6 : explain SELECT c FROM sbtest6 WHERE id BETWEEN 251521 AND 252520 ORDER BY c
	Sort  (cost=4054.54..4057.12 rows=1032 width=121)
	  Sort Key: c
	  ->  Bitmap Heap Scan on sbtest6  (cost=35.01..4002.88 rows=1032 width=121)
	        Recheck Cond: ((id >= 251521) AND (id <= 252520))
	        ->  Bitmap Index Scan on sbtest6_pkey  (cost=0.00..34.76 rows=1032 width=0)
	              Index Cond: ((id >= 251521) AND (id <= 252520))

table 7 : explain SELECT c FROM sbtest7 WHERE id BETWEEN 2872930 AND 2873929 ORDER BY c
	Sort  (cost=3993.04..3995.56 rows=1006 width=121)
	  Sort Key: c
	  ->  Index Scan using sbtest7_pkey on sbtest7  (cost=0.43..3942.87 rows=1006 width=121)
	        Index Cond: ((id >= 2872930) AND (id <= 2873929))

table 8 : explain SELECT c FROM sbtest8 WHERE id BETWEEN 8232512 AND 8233511 ORDER BY c
	Sort  (cost=3744.30..3746.66 rows=942 width=121)
	  Sort Key: c
	  ->  Index Scan using sbtest8_pkey on sbtest8  (cost=0.43..3697.77 rows=942 width=121)
	        Index Cond: ((id >= 8232512) AND (id <= 8233511))

for: order_ranges
table 1 : explain SELECT c FROM sbtest1 WHERE id BETWEEN 7526699 AND 7527698 ORDER BY c
	Sort  (cost=4028.18..4030.74 rows=1027 width=121)
	  Sort Key: c
	  ->  Bitmap Heap Scan on sbtest1  (cost=34.96..3976.81 rows=1027 width=121)
	        Recheck Cond: ((id >= 7526699) AND (id <= 7527698))
	        ->  Bitmap Index Scan on sbtest1_pkey  (cost=0.00..34.70 rows=1027 width=0)
	              Index Cond: ((id >= 7526699) AND (id <= 7527698))

table 2 : explain SELECT c FROM sbtest2 WHERE id BETWEEN 5620640 AND 5621639 ORDER BY c
	Sort  (cost=3986.47..3989.01 rows=1015 width=121)
	  Sort Key: c
	  ->  Bitmap Heap Scan on sbtest2  (cost=34.84..3935.78 rows=1015 width=121)
	        Recheck Cond: ((id >= 5620640) AND (id <= 5621639))
	        ->  Bitmap Index Scan on sbtest2_pkey  (cost=0.00..34.59 rows=1015 width=0)
	              Index Cond: ((id >= 5620640) AND (id <= 5621639))

table 3 : explain SELECT c FROM sbtest3 WHERE id BETWEEN 4442976 AND 4443975 ORDER BY c
	Sort  (cost=4287.68..4290.42 rows=1094 width=121)
	  Sort Key: c
	  ->  Bitmap Heap Scan on sbtest3  (cost=35.65..4232.46 rows=1094 width=121)
	        Recheck Cond: ((id >= 4442976) AND (id <= 4443975))
	        ->  Bitmap Index Scan on sbtest3_pkey  (cost=0.00..35.38 rows=1094 width=0)
	              Index Cond: ((id >= 4442976) AND (id <= 4443975))

table 4 : explain SELECT c FROM sbtest4 WHERE id BETWEEN 2094466 AND 2095465 ORDER BY c
	Sort  (cost=3645.09..3647.39 rows=921 width=121)
	  Sort Key: c
	  ->  Index Scan using sbtest4_pkey on sbtest4  (cost=0.43..3599.74 rows=921 width=121)
	        Index Cond: ((id >= 2094466) AND (id <= 2095465))

table 5 : explain SELECT c FROM sbtest5 WHERE id BETWEEN 4662789 AND 4663788 ORDER BY c
	Sort  (cost=4107.70..4110.31 rows=1046 width=121)
	  Sort Key: c
	  ->  Bitmap Heap Scan on sbtest5  (cost=35.16..4055.24 rows=1046 width=121)
	        Recheck Cond: ((id >= 4662789) AND (id <= 4663788))
	        ->  Bitmap Index Scan on sbtest5_pkey  (cost=0.00..34.90 rows=1046 width=0)
	              Index Cond: ((id >= 4662789) AND (id <= 4663788))

table 6 : explain SELECT c FROM sbtest6 WHERE id BETWEEN 2128564 AND 2129563 ORDER BY c
	Sort  (cost=3736.01..3738.38 rows=949 width=121)
	  Sort Key: c
	  ->  Bitmap Heap Scan on sbtest6  (cost=34.16..3689.08 rows=949 width=121)
	        Recheck Cond: ((id >= 2128564) AND (id <= 2129563))
	        ->  Bitmap Index Scan on sbtest6_pkey  (cost=0.00..33.93 rows=949 width=0)
	              Index Cond: ((id >= 2128564) AND (id <= 2129563))

table 7 : explain SELECT c FROM sbtest7 WHERE id BETWEEN 4005609 AND 4006608 ORDER BY c
	Sort  (cost=4039.42..4041.99 rows=1028 width=121)
	  Sort Key: c
	  ->  Bitmap Heap Scan on sbtest7  (cost=34.97..3987.99 rows=1028 width=121)
	        Recheck Cond: ((id >= 4005609) AND (id <= 4006608))
	        ->  Bitmap Index Scan on sbtest7_pkey  (cost=0.00..34.72 rows=1028 width=0)
	              Index Cond: ((id >= 4005609) AND (id <= 4006608))

table 8 : explain SELECT c FROM sbtest8 WHERE id BETWEEN 4149774 AND 4150773 ORDER BY c
	Sort  (cost=3787.85..3790.24 rows=953 width=121)
	  Sort Key: c
	  ->  Index Scan using sbtest8_pkey on sbtest8  (cost=0.43..3740.70 rows=953 width=121)
	        Index Cond: ((id >= 4149774) AND (id <= 4150773))

for: sum_ranges
table 1 : explain SELECT SUM(k) FROM sbtest1 WHERE id BETWEEN 3142564 AND 3143563
	Aggregate  (cost=3696.40..3696.41 rows=1 width=8)
	  ->  Bitmap Heap Scan on sbtest1  (cost=34.19..3694.02 rows=952 width=4)
	        Recheck Cond: ((id >= 3142564) AND (id <= 3143563))
	        ->  Bitmap Index Scan on sbtest1_pkey  (cost=0.00..33.95 rows=952 width=0)
	              Index Cond: ((id >= 3142564) AND (id <= 3143563))

table 2 : explain SELECT SUM(k) FROM sbtest2 WHERE id BETWEEN 761562 AND 762561
	Aggregate  (cost=3915.67..3915.68 rows=1 width=8)
	  ->  Bitmap Heap Scan on sbtest2  (cost=34.78..3913.14 rows=1009 width=4)
	        Recheck Cond: ((id >= 761562) AND (id <= 762561))
	        ->  Bitmap Index Scan on sbtest2_pkey  (cost=0.00..34.53 rows=1009 width=0)
	              Index Cond: ((id >= 761562) AND (id <= 762561))

table 3 : explain SELECT SUM(k) FROM sbtest3 WHERE id BETWEEN 2973924 AND 2974923
	Aggregate  (cost=3869.43..3869.44 rows=1 width=8)
	  ->  Bitmap Heap Scan on sbtest3  (cost=34.65..3866.94 rows=997 width=4)
	        Recheck Cond: ((id >= 2973924) AND (id <= 2974923))
	        ->  Bitmap Index Scan on sbtest3_pkey  (cost=0.00..34.41 rows=997 width=0)
	              Index Cond: ((id >= 2973924) AND (id <= 2974923))

table 4 : explain SELECT SUM(k) FROM sbtest4 WHERE id BETWEEN 1893147 AND 1894146
	Aggregate  (cost=3893.70..3893.71 rows=1 width=8)
	  ->  Index Scan using sbtest4_pkey on sbtest4  (cost=0.43..3891.21 rows=996 width=4)
	        Index Cond: ((id >= 1893147) AND (id <= 1894146))

table 5 : explain SELECT SUM(k) FROM sbtest5 WHERE id BETWEEN 4873912 AND 4874911
	Aggregate  (cost=3910.51..3910.52 rows=1 width=8)
	  ->  Bitmap Heap Scan on sbtest5  (cost=34.76..3907.99 rows=1007 width=4)
	        Recheck Cond: ((id >= 4873912) AND (id <= 4874911))
	        ->  Bitmap Index Scan on sbtest5_pkey  (cost=0.00..34.51 rows=1007 width=0)
	              Index Cond: ((id >= 4873912) AND (id <= 4874911))

table 6 : explain SELECT SUM(k) FROM sbtest6 WHERE id BETWEEN 7328823 AND 7329822
	Aggregate  (cost=4092.32..4092.33 rows=1 width=8)
	  ->  Bitmap Heap Scan on sbtest6  (cost=35.25..4089.68 rows=1055 width=4)
	        Recheck Cond: ((id >= 7328823) AND (id <= 7329822))
	        ->  Bitmap Index Scan on sbtest6_pkey  (cost=0.00..34.98 rows=1055 width=0)
	              Index Cond: ((id >= 7328823) AND (id <= 7329822))

table 7 : explain SELECT SUM(k) FROM sbtest7 WHERE id BETWEEN 5035042 AND 5036041
	Aggregate  (cost=3680.10..3680.11 rows=1 width=8)
	  ->  Index Scan using sbtest7_pkey on sbtest7  (cost=0.43..3677.76 rows=938 width=4)
	        Index Cond: ((id >= 5035042) AND (id <= 5036041))

table 8 : explain SELECT SUM(k) FROM sbtest8 WHERE id BETWEEN 3930723 AND 3931722
	Aggregate  (cost=4118.89..4118.90 rows=1 width=8)
	  ->  Bitmap Heap Scan on sbtest8  (cost=35.32..4116.23 rows=1062 width=4)
	        Recheck Cond: ((id >= 3930723) AND (id <= 3931722))
	        ->  Bitmap Index Scan on sbtest8_pkey  (cost=0.00..35.06 rows=1062 width=0)
	              Index Cond: ((id >= 3930723) AND (id <= 3931722))

for: order_ranges
table 1 : explain SELECT c FROM sbtest1 WHERE id BETWEEN 873020 AND 874019 ORDER BY c
	Sort  (cost=3936.39..3938.90 rows=1003 width=121)
	  Sort Key: c
	  ->  Bitmap Heap Scan on sbtest1  (cost=34.72..3886.39 rows=1003 width=121)
	        Recheck Cond: ((id >= 873020) AND (id <= 874019))
	        ->  Bitmap Index Scan on sbtest1_pkey  (cost=0.00..34.47 rows=1003 width=0)
	              Index Cond: ((id >= 873020) AND (id <= 874019))

table 2 : explain SELECT c FROM sbtest2 WHERE id BETWEEN 4812341 AND 4813340 ORDER BY c
	Sort  (cost=4093.68..4096.29 rows=1043 width=121)
	  Sort Key: c
	  ->  Bitmap Heap Scan on sbtest2  (cost=35.13..4041.39 rows=1043 width=121)
	        Recheck Cond: ((id >= 4812341) AND (id <= 4813340))
	        ->  Bitmap Index Scan on sbtest2_pkey  (cost=0.00..34.87 rows=1043 width=0)
	              Index Cond: ((id >= 4812341) AND (id <= 4813340))

table 3 : explain SELECT c FROM sbtest3 WHERE id BETWEEN 8337556 AND 8338555 ORDER BY c
	Sort  (cost=3935.75..3938.26 rows=1002 width=121)
	  Sort Key: c
	  ->  Bitmap Heap Scan on sbtest3  (cost=34.71..3885.81 rows=1002 width=121)
	        Recheck Cond: ((id >= 8337556) AND (id <= 8338555))
	        ->  Bitmap Index Scan on sbtest3_pkey  (cost=0.00..34.45 rows=1002 width=0)
	              Index Cond: ((id >= 8337556) AND (id <= 8338555))

table 4 : explain SELECT c FROM sbtest4 WHERE id BETWEEN 9286266 AND 9287265 ORDER BY c
	Sort  (cost=3889.53..3891.99 rows=983 width=121)
	  Sort Key: c
	  ->  Index Scan using sbtest4_pkey on sbtest4  (cost=0.43..3840.67 rows=983 width=121)
	        Index Cond: ((id >= 9286266) AND (id <= 9287265))

table 5 : explain SELECT c FROM sbtest5 WHERE id BETWEEN 5168373 AND 5169372 ORDER BY c
	Sort  (cost=3743.27..3745.65 rows=951 width=121)
	  Sort Key: c
	  ->  Bitmap Heap Scan on sbtest5  (cost=34.18..3696.23 rows=951 width=121)
	        Recheck Cond: ((id >= 5168373) AND (id <= 5169372))
	        ->  Bitmap Index Scan on sbtest5_pkey  (cost=0.00..33.95 rows=951 width=0)
	              Index Cond: ((id >= 5168373) AND (id <= 5169372))

table 6 : explain SELECT c FROM sbtest6 WHERE id BETWEEN 7715623 AND 7716622 ORDER BY c
	Sort  (cost=3985.53..3988.06 rows=1014 width=121)
	  Sort Key: c
	  ->  Bitmap Heap Scan on sbtest6  (cost=34.83..3934.90 rows=1014 width=121)
	        Recheck Cond: ((id >= 7715623) AND (id <= 7716622))
	        ->  Bitmap Index Scan on sbtest6_pkey  (cost=0.00..34.58 rows=1014 width=0)
	              Index Cond: ((id >= 7715623) AND (id <= 7716622))

table 7 : explain SELECT c FROM sbtest7 WHERE id BETWEEN 6700491 AND 6701490 ORDER BY c
	Sort  (cost=3771.52..3773.89 rows=950 width=121)
	  Sort Key: c
	  ->  Index Scan using sbtest7_pkey on sbtest7  (cost=0.43..3724.53 rows=950 width=121)
	        Index Cond: ((id >= 6700491) AND (id <= 6701490))

table 8 : explain SELECT c FROM sbtest8 WHERE id BETWEEN 4220199 AND 4221198 ORDER BY c
	Sort  (cost=3673.04..3675.35 rows=924 width=121)
	  Sort Key: c
	  ->  Index Scan using sbtest8_pkey on sbtest8  (cost=0.43..3627.52 rows=924 width=121)
	        Index Cond: ((id >= 4220199) AND (id <= 4221198))

for: distinct_ranges
table 1 : explain SELECT DISTINCT c FROM sbtest1 WHERE id BETWEEN 2079796 AND 2080795 ORDER BY c
	Unique  (cost=4444.45..4450.13 rows=1136 width=121)
	  ->  Sort  (cost=4444.45..4447.29 rows=1136 width=121)
	        Sort Key: c
	        ->  Bitmap Heap Scan on sbtest1  (cost=40.08..4386.80 rows=1136 width=121)
	              Recheck Cond: ((id >= 2079796) AND (id <= 2080795))
	              ->  Bitmap Index Scan on sbtest1_pkey  (cost=0.00..39.80 rows=1136 width=0)
	                    Index Cond: ((id >= 2079796) AND (id <= 2080795))

table 2 : explain SELECT DISTINCT c FROM sbtest2 WHERE id BETWEEN 7980590 AND 7981589 ORDER BY c
	Unique  (cost=3967.32..3972.37 rows=1010 width=121)
	  ->  Sort  (cost=3967.32..3969.84 rows=1010 width=121)
	        Sort Key: c
	        ->  Bitmap Heap Scan on sbtest2  (cost=34.79..3916.92 rows=1010 width=121)
	              Recheck Cond: ((id >= 7980590) AND (id <= 7981589))
	              ->  Bitmap Index Scan on sbtest2_pkey  (cost=0.00..34.54 rows=1010 width=0)
	                    Index Cond: ((id >= 7980590) AND (id <= 7981589))

table 3 : explain SELECT DISTINCT c FROM sbtest3 WHERE id BETWEEN 9392257 AND 9393256 ORDER BY c
	Unique  (cost=3855.28..3860.19 rows=981 width=121)
	  ->  Sort  (cost=3855.28..3857.74 rows=981 width=121)
	        Sort Key: c
	        ->  Bitmap Heap Scan on sbtest3  (cost=34.49..3806.54 rows=981 width=121)
	              Recheck Cond: ((id >= 9392257) AND (id <= 9393256))
	              ->  Bitmap Index Scan on sbtest3_pkey  (cost=0.00..34.25 rows=981 width=0)
	                    Index Cond: ((id >= 9392257) AND (id <= 9393256))

table 4 : explain SELECT DISTINCT c FROM sbtest4 WHERE id BETWEEN 2422269 AND 2423268 ORDER BY c
	Unique  (cost=3743.66..3748.39 rows=946 width=121)
	  ->  Sort  (cost=3743.66..3746.02 rows=946 width=121)
	        Sort Key: c
	        ->  Index Scan using sbtest4_pkey on sbtest4  (cost=0.43..3696.90 rows=946 width=121)
	              Index Cond: ((id >= 2422269) AND (id <= 2423268))

table 5 : explain SELECT DISTINCT c FROM sbtest5 WHERE id BETWEEN 4412935 AND 4413934 ORDER BY c
	Unique  (cost=4272.31..4277.75 rows=1089 width=121)
	  ->  Sort  (cost=4272.31..4275.03 rows=1089 width=121)
	        Sort Key: c
	        ->  Bitmap Heap Scan on sbtest5  (cost=35.60..4217.37 rows=1089 width=121)
	              Recheck Cond: ((id >= 4412935) AND (id <= 4413934))
	              ->  Bitmap Index Scan on sbtest5_pkey  (cost=0.00..35.33 rows=1089 width=0)
	                    Index Cond: ((id >= 4412935) AND (id <= 4413934))

table 6 : explain SELECT DISTINCT c FROM sbtest6 WHERE id BETWEEN 8900499 AND 8901498 ORDER BY c
	Unique  (cost=4142.66..4147.94 rows=1055 width=121)
	  ->  Sort  (cost=4142.66..4145.30 rows=1055 width=121)
	        Sort Key: c
	        ->  Bitmap Heap Scan on sbtest6  (cost=35.25..4089.68 rows=1055 width=121)
	              Recheck Cond: ((id >= 8900499) AND (id <= 8901498))
	              ->  Bitmap Index Scan on sbtest6_pkey  (cost=0.00..34.98 rows=1055 width=0)
	                    Index Cond: ((id >= 8900499) AND (id <= 8901498))

table 7 : explain SELECT DISTINCT c FROM sbtest7 WHERE id BETWEEN 9529089 AND 9530088 ORDER BY c
	Unique  (cost=3613.31..3617.86 rows=910 width=121)
	  ->  Sort  (cost=3613.31..3615.59 rows=910 width=121)
	        Sort Key: c
	        ->  Index Scan using sbtest7_pkey on sbtest7  (cost=0.43..3568.59 rows=910 width=121)
	              Index Cond: ((id >= 9529089) AND (id <= 9530088))

table 8 : explain SELECT DISTINCT c FROM sbtest8 WHERE id BETWEEN 9186289 AND 9187288 ORDER BY c
	Unique  (cost=4066.17..4071.34 rows=1035 width=121)
	  ->  Sort  (cost=4066.17..4068.76 rows=1035 width=121)
	        Sort Key: c
	        ->  Bitmap Heap Scan on sbtest8  (cost=35.04..4014.34 rows=1035 width=121)
	              Recheck Cond: ((id >= 9186289) AND (id <= 9187288))
	              ->  Bitmap Index Scan on sbtest8_pkey  (cost=0.00..34.79 rows=1035 width=0)
	                    Index Cond: ((id >= 9186289) AND (id <= 9187288))

for: order_ranges
table 1 : explain SELECT c FROM sbtest1 WHERE id BETWEEN 495032 AND 496031 ORDER BY c
	Sort  (cost=3783.26..3785.67 rows=963 width=121)
	  Sort Key: c
	  ->  Bitmap Heap Scan on sbtest1  (cost=34.31..3735.54 rows=963 width=121)
	        Recheck Cond: ((id >= 495032) AND (id <= 496031))
	        ->  Bitmap Index Scan on sbtest1_pkey  (cost=0.00..34.07 rows=963 width=0)
	              Index Cond: ((id >= 495032) AND (id <= 496031))

table 2 : explain SELECT c FROM sbtest2 WHERE id BETWEEN 6925010 AND 6926009 ORDER BY c
	Sort  (cost=3871.50..3873.96 rows=985 width=121)
	  Sort Key: c
	  ->  Bitmap Heap Scan on sbtest2  (cost=34.53..3822.53 rows=985 width=121)
	        Recheck Cond: ((id >= 6925010) AND (id <= 6926009))
	        ->  Bitmap Index Scan on sbtest2_pkey  (cost=0.00..34.29 rows=985 width=0)
	              Index Cond: ((id >= 6925010) AND (id <= 6926009))

table 3 : explain SELECT c FROM sbtest3 WHERE id BETWEEN 1267227 AND 1268226 ORDER BY c
	Sort  (cost=3901.27..3903.76 rows=993 width=121)
	  Sort Key: c
	  ->  Bitmap Heap Scan on sbtest3  (cost=34.61..3851.84 rows=993 width=121)
	        Recheck Cond: ((id >= 1267227) AND (id <= 1268226))
	        ->  Bitmap Index Scan on sbtest3_pkey  (cost=0.00..34.37 rows=993 width=0)
	              Index Cond: ((id >= 1267227) AND (id <= 1268226))

table 4 : explain SELECT c FROM sbtest4 WHERE id BETWEEN 1415235 AND 1416234 ORDER BY c
	Sort  (cost=3925.05..3927.53 rows=992 width=121)
	  Sort Key: c
	  ->  Index Scan using sbtest4_pkey on sbtest4  (cost=0.43..3875.67 rows=992 width=121)
	        Index Cond: ((id >= 1415235) AND (id <= 1416234))

table 5 : explain SELECT c FROM sbtest5 WHERE id BETWEEN 1687769 AND 1688768 ORDER BY c
	Sort  (cost=3969.72..3972.25 rows=1010 width=121)
	  Sort Key: c
	  ->  Bitmap Heap Scan on sbtest5  (cost=34.79..3919.32 rows=1010 width=121)
	        Recheck Cond: ((id >= 1687769) AND (id <= 1688768))
	        ->  Bitmap Index Scan on sbtest5_pkey  (cost=0.00..34.54 rows=1010 width=0)
	              Index Cond: ((id >= 1687769) AND (id <= 1688768))

table 6 : explain SELECT c FROM sbtest6 WHERE id BETWEEN 6413419 AND 6414418 ORDER BY c
	Sort  (cost=4157.98..4160.63 rows=1059 width=121)
	  Sort Key: c
	  ->  Bitmap Heap Scan on sbtest6  (cost=35.29..4104.77 rows=1059 width=121)
	        Recheck Cond: ((id >= 6413419) AND (id <= 6414418))
	        ->  Bitmap Index Scan on sbtest6_pkey  (cost=0.00..35.03 rows=1059 width=0)
	              Index Cond: ((id >= 6413419) AND (id <= 6414418))

table 7 : explain SELECT c FROM sbtest7 WHERE id BETWEEN 4834929 AND 4835928 ORDER BY c
	Sort  (cost=3925.81..3928.28 rows=989 width=121)
	  Sort Key: c
	  ->  Index Scan using sbtest7_pkey on sbtest7  (cost=0.43..3876.61 rows=989 width=121)
	        Index Cond: ((id >= 4834929) AND (id <= 4835928))

table 8 : explain SELECT c FROM sbtest8 WHERE id BETWEEN 5323119 AND 5324118 ORDER BY c
	Sort  (cost=3985.66..3988.19 rows=1014 width=121)
	  Sort Key: c
	  ->  Bitmap Heap Scan on sbtest8  (cost=34.83..3935.03 rows=1014 width=121)
	        Recheck Cond: ((id >= 5323119) AND (id <= 5324118))
	        ->  Bitmap Index Scan on sbtest8_pkey  (cost=0.00..34.58 rows=1014 width=0)
	              Index Cond: ((id >= 5323119) AND (id <= 5324118))

for point_selects
table 1 : explain SELECT c FROM sbtest1 WHERE id=128403
	Index Scan using sbtest1_pkey on sbtest1  (cost=0.43..8.45 rows=1 width=121)
	  Index Cond: (id = 128403)

table 2 : explain SELECT c FROM sbtest2 WHERE id=398689
	Index Scan using sbtest2_pkey on sbtest2  (cost=0.43..8.45 rows=1 width=121)
	  Index Cond: (id = 398689)

table 3 : explain SELECT c FROM sbtest3 WHERE id=5519634
	Index Scan using sbtest3_pkey on sbtest3  (cost=0.43..8.45 rows=1 width=121)
	  Index Cond: (id = 5519634)

table 4 : explain SELECT c FROM sbtest4 WHERE id=3455227
	Index Scan using sbtest4_pkey on sbtest4  (cost=0.43..8.45 rows=1 width=121)
	  Index Cond: (id = 3455227)

table 5 : explain SELECT c FROM sbtest5 WHERE id=320080
	Index Scan using sbtest5_pkey on sbtest5  (cost=0.43..8.45 rows=1 width=121)
	  Index Cond: (id = 320080)

table 6 : explain SELECT c FROM sbtest6 WHERE id=5541904
	Index Scan using sbtest6_pkey on sbtest6  (cost=0.43..8.45 rows=1 width=121)
	  Index Cond: (id = 5541904)

table 7 : explain SELECT c FROM sbtest7 WHERE id=2276543
	Index Scan using sbtest7_pkey on sbtest7  (cost=0.43..8.45 rows=1 width=121)
	  Index Cond: (id = 2276543)

table 8 : explain SELECT c FROM sbtest8 WHERE id=1241917
	Index Scan using sbtest8_pkey on sbtest8  (cost=0.43..8.45 rows=1 width=121)
	  Index Cond: (id = 1241917)

for: distinct_ranges
table 1 : explain SELECT DISTINCT c FROM sbtest1 WHERE id BETWEEN 8335958 AND 8336957 ORDER BY c
	Unique  (cost=3368.67..3372.95 rows=856 width=121)
	  ->  Sort  (cost=3368.67..3370.81 rows=856 width=121)
	        Sort Key: c
	        ->  Bitmap Heap Scan on sbtest1  (cost=29.21..3326.97 rows=856 width=121)
	              Recheck Cond: ((id >= 8335958) AND (id <= 8336957))
	              ->  Bitmap Index Scan on sbtest1_pkey  (cost=0.00..29.00 rows=856 width=0)
	                    Index Cond: ((id >= 8335958) AND (id <= 8336957))

table 2 : explain SELECT DISTINCT c FROM sbtest2 WHERE id BETWEEN 2290050 AND 2291049 ORDER BY c
	Unique  (cost=4246.68..4252.09 rows=1083 width=121)
	  ->  Sort  (cost=4246.68..4249.38 rows=1083 width=121)
	        Sort Key: c
	        ->  Bitmap Heap Scan on sbtest2  (cost=35.54..4192.09 rows=1083 width=121)
	              Recheck Cond: ((id >= 2290050) AND (id <= 2291049))
	              ->  Bitmap Index Scan on sbtest2_pkey  (cost=0.00..35.27 rows=1083 width=0)
	                    Index Cond: ((id >= 2290050) AND (id <= 2291049))

table 3 : explain SELECT DISTINCT c FROM sbtest3 WHERE id BETWEEN 9728894 AND 9729893 ORDER BY c
	Unique  (cost=3774.76..3779.56 rows=960 width=121)
	  ->  Sort  (cost=3774.76..3777.16 rows=960 width=121)
	        Sort Key: c
	        ->  Bitmap Heap Scan on sbtest3  (cost=34.28..3727.21 rows=960 width=121)
	              Recheck Cond: ((id >= 9728894) AND (id <= 9729893))
	              ->  Bitmap Index Scan on sbtest3_pkey  (cost=0.00..34.04 rows=960 width=0)
	                    Index Cond: ((id >= 9728894) AND (id <= 9729893))

table 4 : explain SELECT DISTINCT c FROM sbtest4 WHERE id BETWEEN 5122415 AND 5123414 ORDER BY c
	Unique  (cost=3909.28..3914.22 rows=988 width=121)
	  ->  Sort  (cost=3909.28..3911.75 rows=988 width=121)
	        Sort Key: c
	        ->  Index Scan using sbtest4_pkey on sbtest4  (cost=0.43..3860.13 rows=988 width=121)
	              Index Cond: ((id >= 5122415) AND (id <= 5123414))

table 5 : explain SELECT DISTINCT c FROM sbtest5 WHERE id BETWEEN 9331048 AND 9332047 ORDER BY c
	Unique  (cost=4004.23..4009.33 rows=1019 width=121)
	  ->  Sort  (cost=4004.23..4006.78 rows=1019 width=121)
	        Sort Key: c
	        ->  Bitmap Heap Scan on sbtest5  (cost=34.88..3953.32 rows=1019 width=121)
	              Recheck Cond: ((id >= 9331048) AND (id <= 9332047))
	              ->  Bitmap Index Scan on sbtest5_pkey  (cost=0.00..34.62 rows=1019 width=0)
	                    Index Cond: ((id >= 9331048) AND (id <= 9332047))

table 6 : explain SELECT DISTINCT c FROM sbtest6 WHERE id BETWEEN 3855727 AND 3856726 ORDER BY c
	Unique  (cost=3678.36..3683.03 rows=934 width=121)
	  ->  Sort  (cost=3678.36..3680.70 rows=934 width=121)
	        Sort Key: c
	        ->  Bitmap Heap Scan on sbtest6  (cost=34.01..3632.28 rows=934 width=121)
	              Recheck Cond: ((id >= 3855727) AND (id <= 3856726))
	              ->  Bitmap Index Scan on sbtest6_pkey  (cost=0.00..33.78 rows=934 width=0)
	                    Index Cond: ((id >= 3855727) AND (id <= 3856726))

table 7 : explain SELECT DISTINCT c FROM sbtest7 WHERE id BETWEEN 3886086 AND 3887085 ORDER BY c
	Unique  (cost=4131.39..4136.65 rows=1052 width=121)
	  ->  Sort  (cost=4131.39..4134.02 rows=1052 width=121)
	        Sort Key: c
	        ->  Bitmap Heap Scan on sbtest7  (cost=35.22..4078.59 rows=1052 width=121)
	              Recheck Cond: ((id >= 3886086) AND (id <= 3887085))
	              ->  Bitmap Index Scan on sbtest7_pkey  (cost=0.00..34.95 rows=1052 width=0)
	                    Index Cond: ((id >= 3886086) AND (id <= 3887085))

table 8 : explain SELECT DISTINCT c FROM sbtest8 WHERE id BETWEEN 1938901 AND 1939900 ORDER BY c
	Unique  (cost=4215.56..4220.93 rows=1074 width=121)
	  ->  Sort  (cost=4215.56..4218.24 rows=1074 width=121)
	        Sort Key: c
	        ->  Bitmap Heap Scan on sbtest8  (cost=35.44..4161.49 rows=1074 width=121)
	              Recheck Cond: ((id >= 1938901) AND (id <= 1939900))
	              ->  Bitmap Index Scan on sbtest8_pkey  (cost=0.00..35.18 rows=1074 width=0)
	                    Index Cond: ((id >= 1938901) AND (id <= 1939900))

for: distinct_ranges
table 1 : explain SELECT DISTINCT c FROM sbtest1 WHERE id BETWEEN 6699929 AND 6700928 ORDER BY c
	Unique  (cost=3836.88..3841.77 rows=977 width=121)
	  ->  Sort  (cost=3836.88..3839.32 rows=977 width=121)
	        Sort Key: c
	        ->  Bitmap Heap Scan on sbtest1  (cost=34.45..3788.36 rows=977 width=121)
	              Recheck Cond: ((id >= 6699929) AND (id <= 6700928))
	              ->  Bitmap Index Scan on sbtest1_pkey  (cost=0.00..34.20 rows=977 width=0)
	                    Index Cond: ((id >= 6699929) AND (id <= 6700928))

table 2 : explain SELECT DISTINCT c FROM sbtest2 WHERE id BETWEEN 7432318 AND 7433317 ORDER BY c
	Unique  (cost=3829.32..3834.19 rows=974 width=121)
	  ->  Sort  (cost=3829.32..3831.76 rows=974 width=121)
	        Sort Key: c
	        ->  Bitmap Heap Scan on sbtest2  (cost=34.42..3780.97 rows=974 width=121)
	              Recheck Cond: ((id >= 7432318) AND (id <= 7433317))
	              ->  Bitmap Index Scan on sbtest2_pkey  (cost=0.00..34.18 rows=974 width=0)
	                    Index Cond: ((id >= 7432318) AND (id <= 7433317))

table 3 : explain SELECT DISTINCT c FROM sbtest3 WHERE id BETWEEN 9013101 AND 9014100 ORDER BY c
	Unique  (cost=3839.95..3844.83 rows=977 width=121)
	  ->  Sort  (cost=3839.95..3842.39 rows=977 width=121)
	        Sort Key: c
	        ->  Bitmap Heap Scan on sbtest3  (cost=34.45..3791.43 rows=977 width=121)
	              Recheck Cond: ((id >= 9013101) AND (id <= 9014100))
	              ->  Bitmap Index Scan on sbtest3_pkey  (cost=0.00..34.20 rows=977 width=0)
	                    Index Cond: ((id >= 9013101) AND (id <= 9014100))

table 4 : explain SELECT DISTINCT c FROM sbtest4 WHERE id BETWEEN 9317261 AND 9318260 ORDER BY c
	Unique  (cost=4031.51..4036.61 rows=1019 width=121)
	  ->  Sort  (cost=4031.51..4034.06 rows=1019 width=121)
	        Sort Key: c
	        ->  Index Scan using sbtest4_pkey on sbtest4  (cost=0.43..3980.60 rows=1019 width=121)
	              Index Cond: ((id >= 9317261) AND (id <= 9318260))

table 5 : explain SELECT DISTINCT c FROM sbtest5 WHERE id BETWEEN 5886294 AND 5887293 ORDER BY c
	Unique  (cost=4272.31..4277.75 rows=1089 width=121)
	  ->  Sort  (cost=4272.31..4275.03 rows=1089 width=121)
	        Sort Key: c
	        ->  Bitmap Heap Scan on sbtest5  (cost=35.60..4217.37 rows=1089 width=121)
	              Recheck Cond: ((id >= 5886294) AND (id <= 5887293))
	              ->  Bitmap Index Scan on sbtest5_pkey  (cost=0.00..35.33 rows=1089 width=0)
	                    Index Cond: ((id >= 5886294) AND (id <= 5887293))

table 6 : explain SELECT DISTINCT c FROM sbtest6 WHERE id BETWEEN 1456132 AND 1457131 ORDER BY c
	Unique  (cost=3954.84..3959.87 rows=1006 width=121)
	  ->  Sort  (cost=3954.84..3957.36 rows=1006 width=121)
	        Sort Key: c
	        ->  Bitmap Heap Scan on sbtest6  (cost=34.75..3904.67 rows=1006 width=121)
	              Recheck Cond: ((id >= 1456132) AND (id <= 1457131))
	              ->  Bitmap Index Scan on sbtest6_pkey  (cost=0.00..34.50 rows=1006 width=0)
	                    Index Cond: ((id >= 1456132) AND (id <= 1457131))

table 7 : explain SELECT DISTINCT c FROM sbtest7 WHERE id BETWEEN 5170368 AND 5171367 ORDER BY c
	Unique  (cost=3834.82..3839.65 rows=966 width=121)
	  ->  Sort  (cost=3834.82..3837.24 rows=966 width=121)
	        Sort Key: c
	        ->  Index Scan using sbtest7_pkey on sbtest7  (cost=0.43..3786.93 rows=966 width=121)
	              Index Cond: ((id >= 5170368) AND (id <= 5171367))

table 8 : explain SELECT DISTINCT c FROM sbtest8 WHERE id BETWEEN 18505 AND 19504 ORDER BY c
	Unique  (cost=4418.48..4424.11 rows=1126 width=121)
	  ->  Sort  (cost=4418.48..4421.29 rows=1126 width=121)
	        Sort Key: c
	        ->  Bitmap Heap Scan on sbtest8  (cost=39.98..4361.41 rows=1126 width=121)
	              Recheck Cond: ((id >= 18505) AND (id <= 19504))
	              ->  Bitmap Index Scan on sbtest8_pkey  (cost=0.00..39.70 rows=1126 width=0)
	                    Index Cond: ((id >= 18505) AND (id <= 19504))

for: distinct_ranges
table 1 : explain SELECT DISTINCT c FROM sbtest1 WHERE id BETWEEN 4953318 AND 4954317 ORDER BY c
	Unique  (cost=3932.57..3937.58 rows=1002 width=121)
	  ->  Sort  (cost=3932.57..3935.07 rows=1002 width=121)
	        Sort Key: c
	        ->  Bitmap Heap Scan on sbtest1  (cost=34.71..3882.62 rows=1002 width=121)
	              Recheck Cond: ((id >= 4953318) AND (id <= 4954317))
	              ->  Bitmap Index Scan on sbtest1_pkey  (cost=0.00..34.45 rows=1002 width=0)
	                    Index Cond: ((id >= 4953318) AND (id <= 4954317))

table 2 : explain SELECT DISTINCT c FROM sbtest2 WHERE id BETWEEN 3553227 AND 3554226 ORDER BY c
	Unique  (cost=3921.33..3926.32 rows=998 width=121)
	  ->  Sort  (cost=3921.33..3923.83 rows=998 width=121)
	        Sort Key: c
	        ->  Bitmap Heap Scan on sbtest2  (cost=34.66..3871.62 rows=998 width=121)
	              Recheck Cond: ((id >= 3553227) AND (id <= 3554226))
	              ->  Bitmap Index Scan on sbtest2_pkey  (cost=0.00..34.42 rows=998 width=0)
	                    Index Cond: ((id >= 3553227) AND (id <= 3554226))

table 3 : explain SELECT DISTINCT c FROM sbtest3 WHERE id BETWEEN 9269145 AND 9270144 ORDER BY c
	Unique  (cost=3924.26..3929.26 rows=999 width=121)
	  ->  Sort  (cost=3924.26..3926.76 rows=999 width=121)
	        Sort Key: c
	        ->  Bitmap Heap Scan on sbtest3  (cost=34.67..3874.49 rows=999 width=121)
	              Recheck Cond: ((id >= 9269145) AND (id <= 9270144))
	              ->  Bitmap Index Scan on sbtest3_pkey  (cost=0.00..34.43 rows=999 width=0)
	                    Index Cond: ((id >= 9269145) AND (id <= 9270144))

table 4 : explain SELECT DISTINCT c FROM sbtest4 WHERE id BETWEEN 4930885 AND 4931884 ORDER BY c
	Unique  (cost=4011.77..4016.84 rows=1014 width=121)
	  ->  Sort  (cost=4011.77..4014.30 rows=1014 width=121)
	        Sort Key: c
	        ->  Index Scan using sbtest4_pkey on sbtest4  (cost=0.43..3961.14 rows=1014 width=121)
	              Index Cond: ((id >= 4930885) AND (id <= 4931884))

table 5 : explain SELECT DISTINCT c FROM sbtest5 WHERE id BETWEEN 8647619 AND 8648618 ORDER BY c
	Unique  (cost=3988.90..3993.97 rows=1015 width=121)
	  ->  Sort  (cost=3988.90..3991.43 rows=1015 width=121)
	        Sort Key: c
	        ->  Bitmap Heap Scan on sbtest5  (cost=34.84..3938.21 rows=1015 width=121)
	              Recheck Cond: ((id >= 8647619) AND (id <= 8648618))
	              ->  Bitmap Index Scan on sbtest5_pkey  (cost=0.00..34.59 rows=1015 width=0)
	                    Index Cond: ((id >= 8647619) AND (id <= 8648618))

table 6 : explain SELECT DISTINCT c FROM sbtest6 WHERE id BETWEEN 3453764 AND 3454763 ORDER BY c
	Unique  (cost=3962.51..3967.55 rows=1008 width=121)
	  ->  Sort  (cost=3962.51..3965.03 rows=1008 width=121)
	        Sort Key: c
	        ->  Bitmap Heap Scan on sbtest6  (cost=34.77..3912.23 rows=1008 width=121)
	              Recheck Cond: ((id >= 3453764) AND (id <= 3454763))
	              ->  Bitmap Index Scan on sbtest6_pkey  (cost=0.00..34.52 rows=1008 width=0)
	                    Index Cond: ((id >= 3453764) AND (id <= 3454763))

table 7 : explain SELECT DISTINCT c FROM sbtest7 WHERE id BETWEEN 6888602 AND 6889601 ORDER BY c
	Unique  (cost=3997.00..4002.03 rows=1007 width=121)
	  ->  Sort  (cost=3997.00..3999.51 rows=1007 width=121)
	        Sort Key: c
	        ->  Index Scan using sbtest7_pkey on sbtest7  (cost=0.43..3946.77 rows=1007 width=121)
	              Index Cond: ((id >= 6888602) AND (id <= 6889601))

table 8 : explain SELECT DISTINCT c FROM sbtest8 WHERE id BETWEEN 7339854 AND 7340853 ORDER BY c
	Unique  (cost=3859.04..3863.94 rows=981 width=121)
	  ->  Sort  (cost=3859.04..3861.49 rows=981 width=121)
	        Sort Key: c
	        ->  Bitmap Heap Scan on sbtest8  (cost=34.49..3810.29 rows=981 width=121)
	              Recheck Cond: ((id >= 7339854) AND (id <= 7340853))
	              ->  Bitmap Index Scan on sbtest8_pkey  (cost=0.00..34.25 rows=981 width=0)
	                    Index Cond: ((id >= 7339854) AND (id <= 7340853))

for: simple_ranges
table 1 : explain SELECT c FROM sbtest1 WHERE id BETWEEN 2001532 AND 2002531
	Bitmap Heap Scan on sbtest1  (cost=34.73..3890.16 rows=1004 width=121)
	  Recheck Cond: ((id >= 2001532) AND (id <= 2002531))
	  ->  Bitmap Index Scan on sbtest1_pkey  (cost=0.00..34.48 rows=1004 width=0)
	        Index Cond: ((id >= 2001532) AND (id <= 2002531))

table 2 : explain SELECT c FROM sbtest2 WHERE id BETWEEN 1523507 AND 1524506
	Bitmap Heap Scan on sbtest2  (cost=35.23..4079.08 rows=1053 width=121)
	  Recheck Cond: ((id >= 1523507) AND (id <= 1524506))
	  ->  Bitmap Index Scan on sbtest2_pkey  (cost=0.00..34.97 rows=1053 width=0)
	        Index Cond: ((id >= 1523507) AND (id <= 1524506))

table 3 : explain SELECT c FROM sbtest3 WHERE id BETWEEN 3147294 AND 3148293
	Bitmap Heap Scan on sbtest3  (cost=35.38..4134.60 rows=1068 width=121)
	  Recheck Cond: ((id >= 3147294) AND (id <= 3148293))
	  ->  Bitmap Index Scan on sbtest3_pkey  (cost=0.00..35.12 rows=1068 width=0)
	        Index Cond: ((id >= 3147294) AND (id <= 3148293))

table 4 : explain SELECT c FROM sbtest4 WHERE id BETWEEN 4857426 AND 4858425
	Index Scan using sbtest4_pkey on sbtest4  (cost=0.43..3961.14 rows=1014 width=121)
	  Index Cond: ((id >= 4857426) AND (id <= 4858425))

table 5 : explain SELECT c FROM sbtest5 WHERE id BETWEEN 3214133 AND 3215132
	Bitmap Heap Scan on sbtest5  (cost=35.00..3998.63 rows=1031 width=121)
	  Recheck Cond: ((id >= 3214133) AND (id <= 3215132))
	  ->  Bitmap Index Scan on sbtest5_pkey  (cost=0.00..34.75 rows=1031 width=0)
	        Index Cond: ((id >= 3214133) AND (id <= 3215132))

table 6 : explain SELECT c FROM sbtest6 WHERE id BETWEEN 123334 AND 124333
	Bitmap Heap Scan on sbtest6  (cost=34.85..3942.45 rows=1016 width=121)
	  Recheck Cond: ((id >= 123334) AND (id <= 124333))
	  ->  Bitmap Index Scan on sbtest6_pkey  (cost=0.00..34.59 rows=1016 width=0)
	        Index Cond: ((id >= 123334) AND (id <= 124333))

table 7 : explain SELECT c FROM sbtest7 WHERE id BETWEEN 5130644 AND 5131643
	Index Scan using sbtest7_pkey on sbtest7  (cost=0.43..3786.93 rows=966 width=121)
	  Index Cond: ((id >= 5130644) AND (id <= 5131643))

table 8 : explain SELECT c FROM sbtest8 WHERE id BETWEEN 9404336 AND 9405335
	Bitmap Heap Scan on sbtest8  (cost=34.66..3874.57 rows=998 width=121)
	  Recheck Cond: ((id >= 9404336) AND (id <= 9405335))
	  ->  Bitmap Index Scan on sbtest8_pkey  (cost=0.00..34.42 rows=998 width=0)
	        Index Cond: ((id >= 9404336) AND (id <= 9405335))

for: order_ranges
table 1 : explain SELECT c FROM sbtest1 WHERE id BETWEEN 4448744 AND 4449743 ORDER BY c
	Sort  (cost=3767.94..3770.34 rows=959 width=121)
	  Sort Key: c
	  ->  Bitmap Heap Scan on sbtest1  (cost=34.26..3720.44 rows=959 width=121)
	        Recheck Cond: ((id >= 4448744) AND (id <= 4449743))
	        ->  Bitmap Index Scan on sbtest1_pkey  (cost=0.00..34.03 rows=959 width=0)
	              Index Cond: ((id >= 4448744) AND (id <= 4449743))

table 2 : explain SELECT c FROM sbtest2 WHERE id BETWEEN 9147072 AND 9148071 ORDER BY c
	Sort  (cost=3948.16..3950.67 rows=1005 width=121)
	  Sort Key: c
	  ->  Bitmap Heap Scan on sbtest2  (cost=34.74..3898.05 rows=1005 width=121)
	        Recheck Cond: ((id >= 9147072) AND (id <= 9148071))
	        ->  Bitmap Index Scan on sbtest2_pkey  (cost=0.00..34.48 rows=1005 width=0)
	              Index Cond: ((id >= 9147072) AND (id <= 9148071))

table 3 : explain SELECT c FROM sbtest3 WHERE id BETWEEN 632194 AND 633193 ORDER BY c
	Sort  (cost=3885.94..3888.42 rows=989 width=121)
	  Sort Key: c
	  ->  Bitmap Heap Scan on sbtest3  (cost=34.57..3836.74 rows=989 width=121)
	        Recheck Cond: ((id >= 632194) AND (id <= 633193))
	        ->  Bitmap Index Scan on sbtest3_pkey  (cost=0.00..34.33 rows=989 width=0)
	              Index Cond: ((id >= 632194) AND (id <= 633193))

table 4 : explain SELECT c FROM sbtest4 WHERE id BETWEEN 8783685 AND 8784684 ORDER BY c
	Sort  (cost=4331.26..4333.99 rows=1094 width=121)
	  Sort Key: c
	  ->  Index Scan using sbtest4_pkey on sbtest4  (cost=0.43..4276.04 rows=1094 width=121)
	        Index Cond: ((id >= 8783685) AND (id <= 8784684))

table 5 : explain SELECT c FROM sbtest5 WHERE id BETWEEN 7166099 AND 7167098 ORDER BY c
	Sort  (cost=3407.08..3409.22 rows=856 width=121)
	  Sort Key: c
	  ->  Index Scan using sbtest5_pkey on sbtest5  (cost=0.43..3365.38 rows=856 width=121)
	        Index Cond: ((id >= 7166099) AND (id <= 7167098))

table 6 : explain SELECT c FROM sbtest6 WHERE id BETWEEN 6731472 AND 6732471 ORDER BY c
	Sort  (cost=3751.38..3753.76 rows=953 width=121)
	  Sort Key: c
	  ->  Bitmap Heap Scan on sbtest6  (cost=34.20..3704.22 rows=953 width=121)
	        Recheck Cond: ((id >= 6731472) AND (id <= 6732471))
	        ->  Bitmap Index Scan on sbtest6_pkey  (cost=0.00..33.97 rows=953 width=0)
	              Index Cond: ((id >= 6731472) AND (id <= 6732471))

table 7 : explain SELECT c FROM sbtest7 WHERE id BETWEEN 9550539 AND 9551538 ORDER BY c
	Sort  (cost=3613.31..3615.59 rows=910 width=121)
	  Sort Key: c
	  ->  Index Scan using sbtest7_pkey on sbtest7  (cost=0.43..3568.59 rows=910 width=121)
	        Index Cond: ((id >= 9550539) AND (id <= 9551538))

table 8 : explain SELECT c FROM sbtest8 WHERE id BETWEEN 1863525 AND 1864524 ORDER BY c
	Sort  (cost=3962.64..3965.16 rows=1008 width=121)
	  Sort Key: c
	  ->  Bitmap Heap Scan on sbtest8  (cost=34.77..3912.36 rows=1008 width=121)
	        Recheck Cond: ((id >= 1863525) AND (id <= 1864524))
	        ->  Bitmap Index Scan on sbtest8_pkey  (cost=0.00..34.52 rows=1008 width=0)
	              Index Cond: ((id >= 1863525) AND (id <= 1864524))

for: distinct_ranges
table 1 : explain SELECT DISTINCT c FROM sbtest1 WHERE id BETWEEN 6426029 AND 6427028 ORDER BY c
	Unique  (cost=3813.91..3818.76 rows=971 width=121)
	  ->  Sort  (cost=3813.91..3816.33 rows=971 width=121)
	        Sort Key: c
	        ->  Bitmap Heap Scan on sbtest1  (cost=34.39..3765.73 rows=971 width=121)
	              Recheck Cond: ((id >= 6426029) AND (id <= 6427028))
	              ->  Bitmap Index Scan on sbtest1_pkey  (cost=0.00..34.15 rows=971 width=0)
	                    Index Cond: ((id >= 6426029) AND (id <= 6427028))

table 2 : explain SELECT DISTINCT c FROM sbtest2 WHERE id BETWEEN 4276101 AND 4277100 ORDER BY c
	Unique  (cost=3829.32..3834.19 rows=974 width=121)
	  ->  Sort  (cost=3829.32..3831.76 rows=974 width=121)
	        Sort Key: c
	        ->  Bitmap Heap Scan on sbtest2  (cost=34.42..3780.97 rows=974 width=121)
	              Recheck Cond: ((id >= 4276101) AND (id <= 4277100))
	              ->  Bitmap Index Scan on sbtest2_pkey  (cost=0.00..34.18 rows=974 width=0)
	                    Index Cond: ((id >= 4276101) AND (id <= 4277100))

table 3 : explain SELECT DISTINCT c FROM sbtest3 WHERE id BETWEEN 6779886 AND 6780885 ORDER BY c
	Unique  (cost=3721.05..3725.78 rows=946 width=121)
	  ->  Sort  (cost=3721.05..3723.41 rows=946 width=121)
	        Sort Key: c
	        ->  Bitmap Heap Scan on sbtest3  (cost=34.13..3674.29 rows=946 width=121)
	              Recheck Cond: ((id >= 6779886) AND (id <= 6780885))
	              ->  Bitmap Index Scan on sbtest3_pkey  (cost=0.00..33.90 rows=946 width=0)
	                    Index Cond: ((id >= 6779886) AND (id <= 6780885))

table 4 : explain SELECT DISTINCT c FROM sbtest4 WHERE id BETWEEN 4398125 AND 4399124 ORDER BY c
	Unique  (cost=3790.96..3795.75 rows=958 width=121)
	  ->  Sort  (cost=3790.96..3793.35 rows=958 width=121)
	        Sort Key: c
	        ->  Index Scan using sbtest4_pkey on sbtest4  (cost=0.43..3743.52 rows=958 width=121)
	              Index Cond: ((id >= 4398125) AND (id <= 4399124))

table 5 : explain SELECT DISTINCT c FROM sbtest5 WHERE id BETWEEN 5497311 AND 5498310 ORDER BY c
	Unique  (cost=3739.43..3744.18 rows=950 width=121)
	  ->  Sort  (cost=3739.43..3741.81 rows=950 width=121)
	        Sort Key: c
	        ->  Bitmap Heap Scan on sbtest5  (cost=34.17..3692.45 rows=950 width=121)
	              Recheck Cond: ((id >= 5497311) AND (id <= 5498310))
	              ->  Bitmap Index Scan on sbtest5_pkey  (cost=0.00..33.94 rows=950 width=0)
	                    Index Cond: ((id >= 5497311) AND (id <= 5498310))

table 6 : explain SELECT DISTINCT c FROM sbtest6 WHERE id BETWEEN 8332149 AND 8333148 ORDER BY c
	Unique  (cost=4269.00..4274.44 rows=1088 width=121)
	  ->  Sort  (cost=4269.00..4271.72 rows=1088 width=121)
	        Sort Key: c
	        ->  Bitmap Heap Scan on sbtest6  (cost=35.59..4214.12 rows=1088 width=121)
	              Recheck Cond: ((id >= 8332149) AND (id <= 8333148))
	              ->  Bitmap Index Scan on sbtest6_pkey  (cost=0.00..35.32 rows=1088 width=0)
	                    Index Cond: ((id >= 8332149) AND (id <= 8333148))

table 7 : explain SELECT DISTINCT c FROM sbtest7 WHERE id BETWEEN 8535479 AND 8536478 ORDER BY c
	Unique  (cost=3720.11..3724.79 rows=937 width=121)
	  ->  Sort  (cost=3720.11..3722.45 rows=937 width=121)
	        Sort Key: c
	        ->  Index Scan using sbtest7_pkey on sbtest7  (cost=0.43..3673.86 rows=937 width=121)
	              Index Cond: ((id >= 8535479) AND (id <= 8536478))

table 8 : explain SELECT DISTINCT c FROM sbtest8 WHERE id BETWEEN 5932887 AND 5933886 ORDER BY c
	Unique  (cost=3882.07..3887.00 rows=987 width=121)
	  ->  Sort  (cost=3882.07..3884.53 rows=987 width=121)
	        Sort Key: c
	        ->  Bitmap Heap Scan on sbtest8  (cost=34.55..3832.98 rows=987 width=121)
	              Recheck Cond: ((id >= 5932887) AND (id <= 5933886))
	              ->  Bitmap Index Scan on sbtest8_pkey  (cost=0.00..34.31 rows=987 width=0)
	                    Index Cond: ((id >= 5932887) AND (id <= 5933886))

for: order_ranges
table 1 : explain SELECT c FROM sbtest1 WHERE id BETWEEN 5976731 AND 5977730 ORDER BY c
	Sort  (cost=4035.82..4038.39 rows=1029 width=121)
	  Sort Key: c
	  ->  Bitmap Heap Scan on sbtest1  (cost=34.98..3984.34 rows=1029 width=121)
	        Recheck Cond: ((id >= 5976731) AND (id <= 5977730))
	        ->  Bitmap Index Scan on sbtest1_pkey  (cost=0.00..34.73 rows=1029 width=0)
	              Index Cond: ((id >= 5976731) AND (id <= 5977730))

table 2 : explain SELECT c FROM sbtest2 WHERE id BETWEEN 4651323 AND 4652322 ORDER BY c
	Sort  (cost=4051.57..4054.15 rows=1032 width=121)
	  Sort Key: c
	  ->  Bitmap Heap Scan on sbtest2  (cost=35.01..3999.91 rows=1032 width=121)
	        Recheck Cond: ((id >= 4651323) AND (id <= 4652322))
	        ->  Bitmap Index Scan on sbtest2_pkey  (cost=0.00..34.76 rows=1032 width=0)
	              Index Cond: ((id >= 4651323) AND (id <= 4652322))

table 3 : explain SELECT c FROM sbtest3 WHERE id BETWEEN 3681662 AND 3682661 ORDER BY c
	Sort  (cost=3832.28..3834.72 rows=975 width=121)
	  Sort Key: c
	  ->  Bitmap Heap Scan on sbtest3  (cost=34.43..3783.88 rows=975 width=121)
	        Recheck Cond: ((id >= 3681662) AND (id <= 3682661))
	        ->  Bitmap Index Scan on sbtest3_pkey  (cost=0.00..34.19 rows=975 width=0)
	              Index Cond: ((id >= 3681662) AND (id <= 3682661))

table 4 : explain SELECT c FROM sbtest4 WHERE id BETWEEN 6813440 AND 6814439 ORDER BY c
	Sort  (cost=4023.60..4026.14 rows=1017 width=121)
	  Sort Key: c
	  ->  Index Scan using sbtest4_pkey on sbtest4  (cost=0.43..3972.80 rows=1017 width=121)
	        Index Cond: ((id >= 6813440) AND (id <= 6814439))

table 5 : explain SELECT c FROM sbtest5 WHERE id BETWEEN 4115380 AND 4116379 ORDER BY c
	Sort  (cost=3973.56..3976.09 rows=1011 width=121)
	  Sort Key: c
	  ->  Bitmap Heap Scan on sbtest5  (cost=34.80..3923.10 rows=1011 width=121)
	        Recheck Cond: ((id >= 4115380) AND (id <= 4116379))
	        ->  Bitmap Index Scan on sbtest5_pkey  (cost=0.00..34.55 rows=1011 width=0)
	              Index Cond: ((id >= 4115380) AND (id <= 4116379))

table 6 : explain SELECT c FROM sbtest6 WHERE id BETWEEN 8491994 AND 8492993 ORDER BY c
	Sort  (cost=3889.62..3892.09 rows=989 width=121)
	  Sort Key: c
	  ->  Bitmap Heap Scan on sbtest6  (cost=34.57..3840.42 rows=989 width=121)
	        Recheck Cond: ((id >= 8491994) AND (id <= 8492993))
	        ->  Bitmap Index Scan on sbtest6_pkey  (cost=0.00..34.33 rows=989 width=0)
	              Index Cond: ((id >= 8491994) AND (id <= 8492993))

table 7 : explain SELECT c FROM sbtest7 WHERE id BETWEEN 8454880 AND 8455879 ORDER BY c
	Sort  (cost=3676.61..3678.93 rows=926 width=121)
	  Sort Key: c
	  ->  Index Scan using sbtest7_pkey on sbtest7  (cost=0.43..3630.98 rows=926 width=121)
	        Index Cond: ((id >= 8454880) AND (id <= 8455879))

table 8 : explain SELECT c FROM sbtest8 WHERE id BETWEEN 5404600 AND 5405599 ORDER BY c
	Sort  (cost=4384.07..4386.86 rows=1117 width=121)
	  Sort Key: c
	  ->  Bitmap Heap Scan on sbtest8  (cost=39.88..4327.52 rows=1117 width=121)
	        Recheck Cond: ((id >= 5404600) AND (id <= 5405599))
	        ->  Bitmap Index Scan on sbtest8_pkey  (cost=0.00..39.61 rows=1117 width=0)
	              Index Cond: ((id >= 5404600) AND (id <= 5405599))

for: order_ranges
table 1 : explain SELECT c FROM sbtest1 WHERE id BETWEEN 6845440 AND 6846439 ORDER BY c
	Sort  (cost=4138.99..4141.63 rows=1056 width=121)
	  Sort Key: c
	  ->  Bitmap Heap Scan on sbtest1  (cost=35.26..4085.96 rows=1056 width=121)
	        Recheck Cond: ((id >= 6845440) AND (id <= 6846439))
	        ->  Bitmap Index Scan on sbtest1_pkey  (cost=0.00..35.00 rows=1056 width=0)
	              Index Cond: ((id >= 6845440) AND (id <= 6846439))

table 2 : explain SELECT c FROM sbtest2 WHERE id BETWEEN 5497733 AND 5498732 ORDER BY c
	Sort  (cost=4135.77..4138.41 rows=1054 width=121)
	  Sort Key: c
	  ->  Bitmap Heap Scan on sbtest2  (cost=35.24..4082.85 rows=1054 width=121)
	        Recheck Cond: ((id >= 5497733) AND (id <= 5498732))
	        ->  Bitmap Index Scan on sbtest2_pkey  (cost=0.00..34.98 rows=1054 width=0)
	              Index Cond: ((id >= 5497733) AND (id <= 5498732))

table 3 : explain SELECT c FROM sbtest3 WHERE id BETWEEN 8957154 AND 8958153 ORDER BY c
	Sort  (cost=3889.78..3892.25 rows=990 width=121)
	  Sort Key: c
	  ->  Bitmap Heap Scan on sbtest3  (cost=34.58..3840.52 rows=990 width=121)
	        Recheck Cond: ((id >= 8957154) AND (id <= 8958153))
	        ->  Bitmap Index Scan on sbtest3_pkey  (cost=0.00..34.34 rows=990 width=0)
	              Index Cond: ((id >= 8957154) AND (id <= 8958153))

table 4 : explain SELECT c FROM sbtest4 WHERE id BETWEEN 465590 AND 466589 ORDER BY c
	Sort  (cost=3767.31..3769.69 rows=952 width=121)
	  Sort Key: c
	  ->  Index Scan using sbtest4_pkey on sbtest4  (cost=0.43..3720.21 rows=952 width=121)
	        Index Cond: ((id >= 465590) AND (id <= 466589))

table 5 : explain SELECT c FROM sbtest5 WHERE id BETWEEN 2665623 AND 2666622 ORDER BY c
	Sort  (cost=3881.50..3883.96 rows=987 width=121)
	  Sort Key: c
	  ->  Bitmap Heap Scan on sbtest5  (cost=34.55..3832.41 rows=987 width=121)
	        Recheck Cond: ((id >= 2665623) AND (id <= 2666622))
	        ->  Bitmap Index Scan on sbtest5_pkey  (cost=0.00..34.31 rows=987 width=0)
	              Index Cond: ((id >= 2665623) AND (id <= 2666622))

table 6 : explain SELECT c FROM sbtest6 WHERE id BETWEEN 6003511 AND 6004510 ORDER BY c
	Sort  (cost=3578.34..3580.59 rows=900 width=121)
	  Sort Key: c
	  ->  Index Scan using sbtest6_pkey on sbtest6  (cost=0.43..3534.18 rows=900 width=121)
	        Index Cond: ((id >= 6003511) AND (id <= 6004510))

table 7 : explain SELECT c FROM sbtest7 WHERE id BETWEEN 6290400 AND 6291399 ORDER BY c
	Sort  (cost=4008.75..4011.30 rows=1020 width=121)
	  Sort Key: c
	  ->  Bitmap Heap Scan on sbtest7  (cost=34.89..3957.78 rows=1020 width=121)
	        Recheck Cond: ((id >= 6290400) AND (id <= 6291399))
	        ->  Bitmap Index Scan on sbtest7_pkey  (cost=0.00..34.64 rows=1020 width=0)
	              Index Cond: ((id >= 6290400) AND (id <= 6291399))

table 8 : explain SELECT c FROM sbtest8 WHERE id BETWEEN 1289480 AND 1290479 ORDER BY c
	Sort  (cost=3732.43..3734.77 rows=939 width=121)
	  Sort Key: c
	  ->  Index Scan using sbtest8_pkey on sbtest8  (cost=0.43..3686.06 rows=939 width=121)
	        Index Cond: ((id >= 1289480) AND (id <= 1290479))

for: distinct_ranges
table 1 : explain SELECT DISTINCT c FROM sbtest1 WHERE id BETWEEN 4760732 AND 4761731 ORDER BY c
	Unique  (cost=3649.12..3653.76 rows=928 width=121)
	  ->  Sort  (cost=3649.12..3651.44 rows=928 width=121)
	        Sort Key: c
	        ->  Bitmap Heap Scan on sbtest1  (cost=33.95..3603.37 rows=928 width=121)
	              Recheck Cond: ((id >= 4760732) AND (id <= 4761731))
	              ->  Bitmap Index Scan on sbtest1_pkey  (cost=0.00..33.72 rows=928 width=0)
	                    Index Cond: ((id >= 4760732) AND (id <= 4761731))

table 2 : explain SELECT DISTINCT c FROM sbtest2 WHERE id BETWEEN 7912642 AND 7913641 ORDER BY c
	Unique  (cost=3852.33..3857.23 rows=980 width=121)
	  ->  Sort  (cost=3852.33..3854.78 rows=980 width=121)
	        Sort Key: c
	        ->  Bitmap Heap Scan on sbtest2  (cost=34.48..3803.64 rows=980 width=121)
	              Recheck Cond: ((id >= 7912642) AND (id <= 7913641))
	              ->  Bitmap Index Scan on sbtest2_pkey  (cost=0.00..34.23 rows=980 width=0)
	                    Index Cond: ((id >= 7912642) AND (id <= 7913641))

table 3 : explain SELECT DISTINCT c FROM sbtest3 WHERE id BETWEEN 2171182 AND 2172181 ORDER BY c
	Unique  (cost=3790.10..3794.92 rows=964 width=121)
	  ->  Sort  (cost=3790.10..3792.51 rows=964 width=121)
	        Sort Key: c
	        ->  Bitmap Heap Scan on sbtest3  (cost=34.32..3742.32 rows=964 width=121)
	              Recheck Cond: ((id >= 2171182) AND (id <= 2172181))
	              ->  Bitmap Index Scan on sbtest3_pkey  (cost=0.00..34.08 rows=964 width=0)
	                    Index Cond: ((id >= 2171182) AND (id <= 2172181))

table 4 : explain SELECT DISTINCT c FROM sbtest4 WHERE id BETWEEN 8472195 AND 8473194 ORDER BY c
	Unique  (cost=4240.49..4245.85 rows=1072 width=121)
	  ->  Sort  (cost=4240.49..4243.17 rows=1072 width=121)
	        Sort Key: c
	        ->  Index Scan using sbtest4_pkey on sbtest4  (cost=0.43..4186.53 rows=1072 width=121)
	              Index Cond: ((id >= 8472195) AND (id <= 8473194))

table 5 : explain SELECT DISTINCT c FROM sbtest5 WHERE id BETWEEN 3831022 AND 3832021 ORDER BY c
	Unique  (cost=3985.06..3990.13 rows=1014 width=121)
	  ->  Sort  (cost=3985.06..3987.60 rows=1014 width=121)
	        Sort Key: c
	        ->  Bitmap Heap Scan on sbtest5  (cost=34.83..3934.43 rows=1014 width=121)
	              Recheck Cond: ((id >= 3831022) AND (id <= 3832021))
	              ->  Bitmap Index Scan on sbtest5_pkey  (cost=0.00..34.58 rows=1014 width=0)
	                    Index Cond: ((id >= 3831022) AND (id <= 3832021))

table 6 : explain SELECT DISTINCT c FROM sbtest6 WHERE id BETWEEN 6417385 AND 6418384 ORDER BY c
	Unique  (cost=4157.98..4163.28 rows=1059 width=121)
	  ->  Sort  (cost=4157.98..4160.63 rows=1059 width=121)
	        Sort Key: c
	        ->  Bitmap Heap Scan on sbtest6  (cost=35.29..4104.77 rows=1059 width=121)
	              Recheck Cond: ((id >= 6417385) AND (id <= 6418384))
	              ->  Bitmap Index Scan on sbtest6_pkey  (cost=0.00..35.03 rows=1059 width=0)
	                    Index Cond: ((id >= 6417385) AND (id <= 6418384))

table 7 : explain SELECT DISTINCT c FROM sbtest7 WHERE id BETWEEN 920979 AND 921978 ORDER BY c
	Unique  (cost=4165.87..4171.17 rows=1061 width=121)
	  ->  Sort  (cost=4165.87..4168.52 rows=1061 width=121)
	        Sort Key: c
	        ->  Bitmap Heap Scan on sbtest7  (cost=35.31..4112.54 rows=1061 width=121)
	              Recheck Cond: ((id >= 920979) AND (id <= 921978))
	              ->  Bitmap Index Scan on sbtest7_pkey  (cost=0.00..35.05 rows=1061 width=0)
	                    Index Cond: ((id >= 920979) AND (id <= 921978))

table 8 : explain SELECT DISTINCT c FROM sbtest8 WHERE id BETWEEN 9400251 AND 9401250 ORDER BY c
	Unique  (cost=3924.28..3929.27 rows=998 width=121)
	  ->  Sort  (cost=3924.28..3926.78 rows=998 width=121)
	        Sort Key: c
	        ->  Bitmap Heap Scan on sbtest8  (cost=34.66..3874.57 rows=998 width=121)
	              Recheck Cond: ((id >= 9400251) AND (id <= 9401250))
	              ->  Bitmap Index Scan on sbtest8_pkey  (cost=0.00..34.42 rows=998 width=0)
	                    Index Cond: ((id >= 9400251) AND (id <= 9401250))

for point_selects
table 1 : explain SELECT c FROM sbtest1 WHERE id=9705674
	Index Scan using sbtest1_pkey on sbtest1  (cost=0.43..8.45 rows=1 width=121)
	  Index Cond: (id = 9705674)

table 2 : explain SELECT c FROM sbtest2 WHERE id=2174660
	Index Scan using sbtest2_pkey on sbtest2  (cost=0.43..8.45 rows=1 width=121)
	  Index Cond: (id = 2174660)

table 3 : explain SELECT c FROM sbtest3 WHERE id=4321210
	Index Scan using sbtest3_pkey on sbtest3  (cost=0.43..8.45 rows=1 width=121)
	  Index Cond: (id = 4321210)

table 4 : explain SELECT c FROM sbtest4 WHERE id=5447380
	Index Scan using sbtest4_pkey on sbtest4  (cost=0.43..8.45 rows=1 width=121)
	  Index Cond: (id = 5447380)

table 5 : explain SELECT c FROM sbtest5 WHERE id=4694248
	Index Scan using sbtest5_pkey on sbtest5  (cost=0.43..8.45 rows=1 width=121)
	  Index Cond: (id = 4694248)

table 6 : explain SELECT c FROM sbtest6 WHERE id=5446842
	Index Scan using sbtest6_pkey on sbtest6  (cost=0.43..8.45 rows=1 width=121)
	  Index Cond: (id = 5446842)

table 7 : explain SELECT c FROM sbtest7 WHERE id=7644394
	Index Scan using sbtest7_pkey on sbtest7  (cost=0.43..8.45 rows=1 width=121)
	  Index Cond: (id = 7644394)

table 8 : explain SELECT c FROM sbtest8 WHERE id=299150
	Index Scan using sbtest8_pkey on sbtest8  (cost=0.43..8.45 rows=1 width=121)
	  Index Cond: (id = 299150)

for: simple_ranges
table 1 : explain SELECT c FROM sbtest1 WHERE id BETWEEN 7659410 AND 7660409
	Bitmap Heap Scan on sbtest1  (cost=34.18..3690.25 rows=951 width=121)
	  Recheck Cond: ((id >= 7659410) AND (id <= 7660409))
	  ->  Bitmap Index Scan on sbtest1_pkey  (cost=0.00..33.95 rows=951 width=0)
	        Index Cond: ((id >= 7659410) AND (id <= 7660409))

table 2 : explain SELECT c FROM sbtest2 WHERE id BETWEEN 1696254 AND 1697253
	Bitmap Heap Scan on sbtest2  (cost=34.21..3705.38 rows=954 width=121)
	  Recheck Cond: ((id >= 1696254) AND (id <= 1697253))
	  ->  Bitmap Index Scan on sbtest2_pkey  (cost=0.00..33.98 rows=954 width=0)
	        Index Cond: ((id >= 1696254) AND (id <= 1697253))

table 3 : explain SELECT c FROM sbtest3 WHERE id BETWEEN 5907361 AND 5908360
	Bitmap Heap Scan on sbtest3  (cost=34.87..3946.17 rows=1018 width=121)
	  Recheck Cond: ((id >= 5907361) AND (id <= 5908360))
	  ->  Bitmap Index Scan on sbtest3_pkey  (cost=0.00..34.62 rows=1018 width=0)
	        Index Cond: ((id >= 5907361) AND (id <= 5908360))

table 4 : explain SELECT c FROM sbtest4 WHERE id BETWEEN 234136 AND 235135
	Index Scan using sbtest4_pkey on sbtest4  (cost=0.43..3774.63 rows=966 width=121)
	  Index Cond: ((id >= 234136) AND (id <= 235135))

table 5 : explain SELECT c FROM sbtest5 WHERE id BETWEEN 3951952 AND 3952951
	Bitmap Heap Scan on sbtest5  (cost=34.63..3862.65 rows=995 width=121)
	  Recheck Cond: ((id >= 3951952) AND (id <= 3952951))
	  ->  Bitmap Index Scan on sbtest5_pkey  (cost=0.00..34.39 rows=995 width=0)
	        Index Cond: ((id >= 3951952) AND (id <= 3952951))

table 6 : explain SELECT c FROM sbtest6 WHERE id BETWEEN 7725389 AND 7726388
	Bitmap Heap Scan on sbtest6  (cost=34.83..3934.90 rows=1014 width=121)
	  Recheck Cond: ((id >= 7725389) AND (id <= 7726388))
	  ->  Bitmap Index Scan on sbtest6_pkey  (cost=0.00..34.58 rows=1014 width=0)
	        Index Cond: ((id >= 7725389) AND (id <= 7726388))

table 7 : explain SELECT c FROM sbtest7 WHERE id BETWEEN 4229802 AND 4230801
	Index Scan using sbtest7_pkey on sbtest7  (cost=0.43..3849.32 rows=982 width=121)
	  Index Cond: ((id >= 4229802) AND (id <= 4230801))

table 8 : explain SELECT c FROM sbtest8 WHERE id BETWEEN 7382790 AND 7383789
	Bitmap Heap Scan on sbtest8  (cost=34.49..3810.29 rows=981 width=121)
	  Recheck Cond: ((id >= 7382790) AND (id <= 7383789))
	  ->  Bitmap Index Scan on sbtest8_pkey  (cost=0.00..34.25 rows=981 width=0)
	        Index Cond: ((id >= 7382790) AND (id <= 7383789))

for: order_ranges
table 1 : explain SELECT c FROM sbtest1 WHERE id BETWEEN 5139012 AND 5140011 ORDER BY c
	Sort  (cost=3687.46..3689.80 rows=938 width=121)
	  Sort Key: c
	  ->  Bitmap Heap Scan on sbtest1  (cost=34.05..3641.15 rows=938 width=121)
	        Recheck Cond: ((id >= 5139012) AND (id <= 5140011))
	        ->  Bitmap Index Scan on sbtest1_pkey  (cost=0.00..33.82 rows=938 width=0)
	              Index Cond: ((id >= 5139012) AND (id <= 5140011))

table 2 : explain SELECT c FROM sbtest2 WHERE id BETWEEN 5125286 AND 5126285 ORDER BY c
	Sort  (cost=4066.89..4069.48 rows=1036 width=121)
	  Sort Key: c
	  ->  Bitmap Heap Scan on sbtest2  (cost=35.05..4015.00 rows=1036 width=121)
	        Recheck Cond: ((id >= 5125286) AND (id <= 5126285))
	        ->  Bitmap Index Scan on sbtest2_pkey  (cost=0.00..34.80 rows=1036 width=0)
	              Index Cond: ((id >= 5125286) AND (id <= 5126285))

table 3 : explain SELECT c FROM sbtest3 WHERE id BETWEEN 143253 AND 144252 ORDER BY c
	Sort  (cost=4023.83..4026.39 rows=1025 width=121)
	  Sort Key: c
	  ->  Bitmap Heap Scan on sbtest3  (cost=34.94..3972.57 rows=1025 width=121)
	        Recheck Cond: ((id >= 143253) AND (id <= 144252))
	        ->  Bitmap Index Scan on sbtest3_pkey  (cost=0.00..34.69 rows=1025 width=0)
	              Index Cond: ((id >= 143253) AND (id <= 144252))

table 4 : explain SELECT c FROM sbtest4 WHERE id BETWEEN 7810210 AND 7811209 ORDER BY c
	Sort  (cost=3534.64..3536.87 rows=894 width=121)
	  Sort Key: c
	  ->  Index Scan using sbtest4_pkey on sbtest4  (cost=0.43..3490.81 rows=894 width=121)
	        Index Cond: ((id >= 7810210) AND (id <= 7811209))

table 5 : explain SELECT c FROM sbtest5 WHERE id BETWEEN 3366307 AND 3367306 ORDER BY c
	Sort  (cost=4000.40..4002.94 rows=1018 width=121)
	  Sort Key: c
	  ->  Bitmap Heap Scan on sbtest5  (cost=34.87..3949.54 rows=1018 width=121)
	        Recheck Cond: ((id >= 3366307) AND (id <= 3367306))
	        ->  Bitmap Index Scan on sbtest5_pkey  (cost=0.00..34.62 rows=1018 width=0)
	              Index Cond: ((id >= 3366307) AND (id <= 3367306))

table 6 : explain SELECT c FROM sbtest6 WHERE id BETWEEN 9078634 AND 9079633 ORDER BY c
	Sort  (cost=4150.32..4152.96 rows=1057 width=121)
	  Sort Key: c
	  ->  Bitmap Heap Scan on sbtest6  (cost=35.27..4097.23 rows=1057 width=121)
	        Recheck Cond: ((id >= 9078634) AND (id <= 9079633))
	        ->  Bitmap Index Scan on sbtest6_pkey  (cost=0.00..35.01 rows=1057 width=0)
	              Index Cond: ((id >= 9078634) AND (id <= 9079633))

table 7 : explain SELECT c FROM sbtest7 WHERE id BETWEEN 8351042 AND 8352041 ORDER BY c
	Sort  (cost=3597.45..3599.72 rows=907 width=121)
	  Sort Key: c
	  ->  Index Scan using sbtest7_pkey on sbtest7  (cost=0.43..3552.90 rows=907 width=121)
	        Index Cond: ((id >= 8351042) AND (id <= 8352041))

table 8 : explain SELECT c FROM sbtest8 WHERE id BETWEEN 7411207 AND 7412206 ORDER BY c
	Sort  (cost=4161.95..4164.60 rows=1060 width=121)
	  Sort Key: c
	  ->  Bitmap Heap Scan on sbtest8  (cost=35.30..4108.69 rows=1060 width=121)
	        Recheck Cond: ((id >= 7411207) AND (id <= 7412206))
	        ->  Bitmap Index Scan on sbtest8_pkey  (cost=0.00..35.04 rows=1060 width=0)
	              Index Cond: ((id >= 7411207) AND (id <= 7412206))

for: distinct_ranges
table 1 : explain SELECT DISTINCT c FROM sbtest1 WHERE id BETWEEN 905961 AND 906960 ORDER BY c
	Unique  (cost=3936.39..3941.41 rows=1003 width=121)
	  ->  Sort  (cost=3936.39..3938.90 rows=1003 width=121)
	        Sort Key: c
	        ->  Bitmap Heap Scan on sbtest1  (cost=34.72..3886.39 rows=1003 width=121)
	              Recheck Cond: ((id >= 905961) AND (id <= 906960))
	              ->  Bitmap Index Scan on sbtest1_pkey  (cost=0.00..34.47 rows=1003 width=0)
	                    Index Cond: ((id >= 905961) AND (id <= 906960))

table 2 : explain SELECT DISTINCT c FROM sbtest2 WHERE id BETWEEN 3165860 AND 3166859 ORDER BY c
	Unique  (cost=4174.03..4179.35 rows=1064 width=121)
	  ->  Sort  (cost=4174.03..4176.69 rows=1064 width=121)
	        Sort Key: c
	        ->  Bitmap Heap Scan on sbtest2  (cost=35.34..4120.53 rows=1064 width=121)
	              Recheck Cond: ((id >= 3165860) AND (id <= 3166859))
	              ->  Bitmap Index Scan on sbtest2_pkey  (cost=0.00..35.08 rows=1064 width=0)
	                    Index Cond: ((id >= 3165860) AND (id <= 3166859))

table 3 : explain SELECT DISTINCT c FROM sbtest3 WHERE id BETWEEN 8015625 AND 8016624 ORDER BY c
	Unique  (cost=3659.63..3664.28 rows=930 width=121)
	  ->  Sort  (cost=3659.63..3661.96 rows=930 width=121)
	        Sort Key: c
	        ->  Bitmap Heap Scan on sbtest3  (cost=33.97..3613.78 rows=930 width=121)
	              Recheck Cond: ((id >= 8015625) AND (id <= 8016624))
	              ->  Bitmap Index Scan on sbtest3_pkey  (cost=0.00..33.73 rows=930 width=0)
	                    Index Cond: ((id >= 8015625) AND (id <= 8016624))

table 4 : explain SELECT DISTINCT c FROM sbtest4 WHERE id BETWEEN 3686177 AND 3687176 ORDER BY c
	Unique  (cost=4047.28..4052.40 rows=1023 width=121)
	  ->  Sort  (cost=4047.28..4049.84 rows=1023 width=121)
	        Sort Key: c
	        ->  Index Scan using sbtest4_pkey on sbtest4  (cost=0.43..3996.14 rows=1023 width=121)
	              Index Cond: ((id >= 3686177) AND (id <= 3687176))

table 5 : explain SELECT DISTINCT c FROM sbtest5 WHERE id BETWEEN 2970489 AND 2971488 ORDER BY c
	Unique  (cost=3666.42..3671.07 rows=931 width=121)
	  ->  Sort  (cost=3666.42..3668.75 rows=931 width=121)
	        Sort Key: c
	        ->  Bitmap Heap Scan on sbtest5  (cost=33.98..3620.51 rows=931 width=121)
	              Recheck Cond: ((id >= 2970489) AND (id <= 2971488))
	              ->  Bitmap Index Scan on sbtest5_pkey  (cost=0.00..33.75 rows=931 width=0)
	                    Index Cond: ((id >= 2970489) AND (id <= 2971488))

table 6 : explain SELECT DISTINCT c FROM sbtest6 WHERE id BETWEEN 3552363 AND 3553362 ORDER BY c
	Unique  (cost=3558.98..3563.50 rows=904 width=121)
	  ->  Sort  (cost=3558.98..3561.24 rows=904 width=121)
	        Sort Key: c
	        ->  Bitmap Heap Scan on sbtest6  (cost=29.70..3514.59 rows=904 width=121)
	              Recheck Cond: ((id >= 3552363) AND (id <= 3553362))
	              ->  Bitmap Index Scan on sbtest6_pkey  (cost=0.00..29.47 rows=904 width=0)
	                    Index Cond: ((id >= 3552363) AND (id <= 3553362))

table 7 : explain SELECT DISTINCT c FROM sbtest7 WHERE id BETWEEN 9225977 AND 9226976 ORDER BY c
	Unique  (cost=4119.90..4125.14 rows=1049 width=121)
	  ->  Sort  (cost=4119.90..4122.52 rows=1049 width=121)
	        Sort Key: c
	        ->  Bitmap Heap Scan on sbtest7  (cost=35.19..4067.27 rows=1049 width=121)
	              Recheck Cond: ((id >= 9225977) AND (id <= 9226976))
	              ->  Bitmap Index Scan on sbtest7_pkey  (cost=0.00..34.93 rows=1049 width=0)
	                    Index Cond: ((id >= 9225977) AND (id <= 9226976))

table 8 : explain SELECT DISTINCT c FROM sbtest8 WHERE id BETWEEN 8716320 AND 8717319 ORDER BY c
	Unique  (cost=3878.23..3883.16 rows=986 width=121)
	  ->  Sort  (cost=3878.23..3880.69 rows=986 width=121)
	        Sort Key: c
	        ->  Bitmap Heap Scan on sbtest8  (cost=34.54..3829.20 rows=986 width=121)
	              Recheck Cond: ((id >= 8716320) AND (id <= 8717319))
	              ->  Bitmap Index Scan on sbtest8_pkey  (cost=0.00..34.30 rows=986 width=0)
	                    Index Cond: ((id >= 8716320) AND (id <= 8717319))

for: simple_ranges
table 1 : explain SELECT c FROM sbtest1 WHERE id BETWEEN 5577688 AND 5578687
	Bitmap Heap Scan on sbtest1  (cost=34.81..3920.31 rows=1012 width=121)
	  Recheck Cond: ((id >= 5577688) AND (id <= 5578687))
	  ->  Bitmap Index Scan on sbtest1_pkey  (cost=0.00..34.56 rows=1012 width=0)
	        Index Cond: ((id >= 5577688) AND (id <= 5578687))

table 2 : explain SELECT c FROM sbtest2 WHERE id BETWEEN 2134786 AND 2135785
	Bitmap Heap Scan on sbtest2  (cost=34.46..3796.09 rows=978 width=121)
	  Recheck Cond: ((id >= 2134786) AND (id <= 2135785))
	  ->  Bitmap Index Scan on sbtest2_pkey  (cost=0.00..34.22 rows=978 width=0)
	        Index Cond: ((id >= 2134786) AND (id <= 2135785))

table 3 : explain SELECT c FROM sbtest3 WHERE id BETWEEN 5380122 AND 5381121
	Bitmap Heap Scan on sbtest3  (cost=34.28..3727.21 rows=960 width=121)
	  Recheck Cond: ((id >= 5380122) AND (id <= 5381121))
	  ->  Bitmap Index Scan on sbtest3_pkey  (cost=0.00..34.04 rows=960 width=0)
	        Index Cond: ((id >= 5380122) AND (id <= 5381121))

table 4 : explain SELECT c FROM sbtest4 WHERE id BETWEEN 7787948 AND 7788947
	Index Scan using sbtest4_pkey on sbtest4  (cost=0.43..3490.81 rows=894 width=121)
	  Index Cond: ((id >= 7787948) AND (id <= 7788947))

table 5 : explain SELECT c FROM sbtest5 WHERE id BETWEEN 4730924 AND 4731923
	Bitmap Heap Scan on sbtest5  (cost=34.21..3707.59 rows=954 width=121)
	  Recheck Cond: ((id >= 4730924) AND (id <= 4731923))
	  ->  Bitmap Index Scan on sbtest5_pkey  (cost=0.00..33.98 rows=954 width=0)
	        Index Cond: ((id >= 4730924) AND (id <= 4731923))

table 6 : explain SELECT c FROM sbtest6 WHERE id BETWEEN 9805398 AND 9806397
	Bitmap Heap Scan on sbtest6  (cost=35.03..4010.43 rows=1034 width=121)
	  Recheck Cond: ((id >= 9805398) AND (id <= 9806397))
	  ->  Bitmap Index Scan on sbtest6_pkey  (cost=0.00..34.78 rows=1034 width=0)
	        Index Cond: ((id >= 9805398) AND (id <= 9806397))

table 7 : explain SELECT c FROM sbtest7 WHERE id BETWEEN 4482164 AND 4483163
	Index Scan using sbtest7_pkey on sbtest7  (cost=0.43..3876.61 rows=989 width=121)
	  Index Cond: ((id >= 4482164) AND (id <= 4483163))

table 8 : explain SELECT c FROM sbtest8 WHERE id BETWEEN 9996533 AND 9997532
	Bitmap Heap Scan on sbtest8  (cost=34.62..3859.44 rows=994 width=121)
	  Recheck Cond: ((id >= 9996533) AND (id <= 9997532))
	  ->  Bitmap Index Scan on sbtest8_pkey  (cost=0.00..34.38 rows=994 width=0)
	        Index Cond: ((id >= 9996533) AND (id <= 9997532))

for: distinct_ranges
table 1 : explain SELECT DISTINCT c FROM sbtest1 WHERE id BETWEEN 182393 AND 183392 ORDER BY c
	Unique  (cost=3603.09..3607.67 rows=916 width=121)
	  ->  Sort  (cost=3603.09..3605.38 rows=916 width=121)
	        Sort Key: c
	        ->  Bitmap Heap Scan on sbtest1  (cost=33.82..3558.02 rows=916 width=121)
	              Recheck Cond: ((id >= 182393) AND (id <= 183392))
	              ->  Bitmap Index Scan on sbtest1_pkey  (cost=0.00..33.59 rows=916 width=0)
	                    Index Cond: ((id >= 182393) AND (id <= 183392))

table 2 : explain SELECT DISTINCT c FROM sbtest2 WHERE id BETWEEN 6906524 AND 6907523 ORDER BY c
	Unique  (cost=3871.50..3876.43 rows=985 width=121)
	  ->  Sort  (cost=3871.50..3873.96 rows=985 width=121)
	        Sort Key: c
	        ->  Bitmap Heap Scan on sbtest2  (cost=34.53..3822.53 rows=985 width=121)
	              Recheck Cond: ((id >= 6906524) AND (id <= 6907523))
	              ->  Bitmap Index Scan on sbtest2_pkey  (cost=0.00..34.29 rows=985 width=0)
	                    Index Cond: ((id >= 6906524) AND (id <= 6907523))

table 3 : explain SELECT DISTINCT c FROM sbtest3 WHERE id BETWEEN 2126679 AND 2127678 ORDER BY c
	Unique  (cost=3790.10..3794.92 rows=964 width=121)
	  ->  Sort  (cost=3790.10..3792.51 rows=964 width=121)
	        Sort Key: c
	        ->  Bitmap Heap Scan on sbtest3  (cost=34.32..3742.32 rows=964 width=121)
	              Recheck Cond: ((id >= 2126679) AND (id <= 2127678))
	              ->  Bitmap Index Scan on sbtest3_pkey  (cost=0.00..34.08 rows=964 width=0)
	                    Index Cond: ((id >= 2126679) AND (id <= 2127678))

table 4 : explain SELECT DISTINCT c FROM sbtest4 WHERE id BETWEEN 8659323 AND 8660322 ORDER BY c
	Unique  (cost=4090.65..4095.82 rows=1034 width=121)
	  ->  Sort  (cost=4090.65..4093.23 rows=1034 width=121)
	        Sort Key: c
	        ->  Index Scan using sbtest4_pkey on sbtest4  (cost=0.43..4038.87 rows=1034 width=121)
	              Index Cond: ((id >= 8659323) AND (id <= 8660322))

table 5 : explain SELECT DISTINCT c FROM sbtest5 WHERE id BETWEEN 2829003 AND 2830002 ORDER BY c
	Unique  (cost=4517.11..4522.87 rows=1152 width=121)
	  ->  Sort  (cost=4517.11..4519.99 rows=1152 width=121)
	        Sort Key: c
	        ->  Bitmap Heap Scan on sbtest5  (cost=40.24..4458.53 rows=1152 width=121)
	              Recheck Cond: ((id >= 2829003) AND (id <= 2830002))
	              ->  Bitmap Index Scan on sbtest5_pkey  (cost=0.00..39.95 rows=1152 width=0)
	                    Index Cond: ((id >= 2829003) AND (id <= 2830002))

table 6 : explain SELECT DISTINCT c FROM sbtest6 WHERE id BETWEEN 6853340 AND 6854339 ORDER BY c
	Unique  (cost=3632.22..3636.83 rows=922 width=121)
	  ->  Sort  (cost=3632.22..3634.53 rows=922 width=121)
	        Sort Key: c
	        ->  Bitmap Heap Scan on sbtest6  (cost=33.89..3586.82 rows=922 width=121)
	              Recheck Cond: ((id >= 6853340) AND (id <= 6854339))
	              ->  Bitmap Index Scan on sbtest6_pkey  (cost=0.00..33.66 rows=922 width=0)
	                    Index Cond: ((id >= 6853340) AND (id <= 6854339))

table 7 : explain SELECT DISTINCT c FROM sbtest7 WHERE id BETWEEN 5931490 AND 5932489 ORDER BY c
	Unique  (cost=3775.50..3780.26 rows=951 width=121)
	  ->  Sort  (cost=3775.50..3777.88 rows=951 width=121)
	        Sort Key: c
	        ->  Index Scan using sbtest7_pkey on sbtest7  (cost=0.43..3728.46 rows=951 width=121)
	              Index Cond: ((id >= 5931490) AND (id <= 5932489))

table 8 : explain SELECT DISTINCT c FROM sbtest8 WHERE id BETWEEN 2598713 AND 2599712 ORDER BY c
	Unique  (cost=3787.88..3792.65 rows=953 width=121)
	  ->  Sort  (cost=3787.88..3790.27 rows=953 width=121)
	        Sort Key: c
	        ->  Index Scan using sbtest8_pkey on sbtest8  (cost=0.43..3740.73 rows=953 width=121)
	              Index Cond: ((id >= 2598713) AND (id <= 2599712))

for: simple_ranges
table 1 : explain SELECT c FROM sbtest1 WHERE id BETWEEN 1779857 AND 1780856
	Bitmap Heap Scan on sbtest1  (cost=34.28..3724.22 rows=960 width=121)
	  Recheck Cond: ((id >= 1779857) AND (id <= 1780856))
	  ->  Bitmap Index Scan on sbtest1_pkey  (cost=0.00..34.04 rows=960 width=0)
	        Index Cond: ((id >= 1779857) AND (id <= 1780856))

table 2 : explain SELECT c FROM sbtest2 WHERE id BETWEEN 9900068 AND 9901067
	Bitmap Heap Scan on sbtest2  (cost=34.45..3792.31 rows=977 width=121)
	  Recheck Cond: ((id >= 9900068) AND (id <= 9901067))
	  ->  Bitmap Index Scan on sbtest2_pkey  (cost=0.00..34.20 rows=977 width=0)
	        Index Cond: ((id >= 9900068) AND (id <= 9901067))

table 3 : explain SELECT c FROM sbtest3 WHERE id BETWEEN 6416673 AND 6417672
	Bitmap Heap Scan on sbtest3  (cost=34.80..3919.77 rows=1011 width=121)
	  Recheck Cond: ((id >= 6416673) AND (id <= 6417672))
	  ->  Bitmap Index Scan on sbtest3_pkey  (cost=0.00..34.55 rows=1011 width=0)
	        Index Cond: ((id >= 6416673) AND (id <= 6417672))

table 4 : explain SELECT c FROM sbtest4 WHERE id BETWEEN 8948035 AND 8949034
	Index Scan using sbtest4_pkey on sbtest4  (cost=0.43..4034.99 rows=1033 width=121)
	  Index Cond: ((id >= 8948035) AND (id <= 8949034))

table 5 : explain SELECT c FROM sbtest5 WHERE id BETWEEN 7949220 AND 7950219
	Bitmap Heap Scan on sbtest5  (cost=34.70..3885.32 rows=1001 width=121)
	  Recheck Cond: ((id >= 7949220) AND (id <= 7950219))
	  ->  Bitmap Index Scan on sbtest5_pkey  (cost=0.00..34.45 rows=1001 width=0)
	        Index Cond: ((id >= 7949220) AND (id <= 7950219))

table 6 : explain SELECT c FROM sbtest6 WHERE id BETWEEN 2300895 AND 2301894
	Bitmap Heap Scan on sbtest6  (cost=34.65..3870.66 rows=997 width=121)
	  Recheck Cond: ((id >= 2300895) AND (id <= 2301894))
	  ->  Bitmap Index Scan on sbtest6_pkey  (cost=0.00..34.41 rows=997 width=0)
	        Index Cond: ((id >= 2300895) AND (id <= 2301894))

table 7 : explain SELECT c FROM sbtest7 WHERE id BETWEEN 883726 AND 884725
	Bitmap Heap Scan on sbtest7  (cost=35.13..4044.62 rows=1043 width=121)
	  Recheck Cond: ((id >= 883726) AND (id <= 884725))
	  ->  Bitmap Index Scan on sbtest7_pkey  (cost=0.00..34.87 rows=1043 width=0)
	        Index Cond: ((id >= 883726) AND (id <= 884725))

table 8 : explain SELECT c FROM sbtest8 WHERE id BETWEEN 272711 AND 273710
	Bitmap Heap Scan on sbtest8  (cost=35.31..4112.46 rows=1061 width=121)
	  Recheck Cond: ((id >= 272711) AND (id <= 273710))
	  ->  Bitmap Index Scan on sbtest8_pkey  (cost=0.00..35.05 rows=1061 width=0)
	        Index Cond: ((id >= 272711) AND (id <= 273710))

for point_selects
table 1 : explain SELECT c FROM sbtest1 WHERE id=7766101
	Index Scan using sbtest1_pkey on sbtest1  (cost=0.43..8.45 rows=1 width=121)
	  Index Cond: (id = 7766101)

table 2 : explain SELECT c FROM sbtest2 WHERE id=8592221
	Index Scan using sbtest2_pkey on sbtest2  (cost=0.43..8.45 rows=1 width=121)
	  Index Cond: (id = 8592221)

table 3 : explain SELECT c FROM sbtest3 WHERE id=6217549
	Index Scan using sbtest3_pkey on sbtest3  (cost=0.43..8.45 rows=1 width=121)
	  Index Cond: (id = 6217549)

table 4 : explain SELECT c FROM sbtest4 WHERE id=2300234
	Index Scan using sbtest4_pkey on sbtest4  (cost=0.43..8.45 rows=1 width=121)
	  Index Cond: (id = 2300234)

table 5 : explain SELECT c FROM sbtest5 WHERE id=4252991
	Index Scan using sbtest5_pkey on sbtest5  (cost=0.43..8.45 rows=1 width=121)
	  Index Cond: (id = 4252991)

table 6 : explain SELECT c FROM sbtest6 WHERE id=6903546
	Index Scan using sbtest6_pkey on sbtest6  (cost=0.43..8.45 rows=1 width=121)
	  Index Cond: (id = 6903546)

table 7 : explain SELECT c FROM sbtest7 WHERE id=7082626
	Index Scan using sbtest7_pkey on sbtest7  (cost=0.43..8.45 rows=1 width=121)
	  Index Cond: (id = 7082626)

table 8 : explain SELECT c FROM sbtest8 WHERE id=485142
	Index Scan using sbtest8_pkey on sbtest8  (cost=0.43..8.45 rows=1 width=121)
	  Index Cond: (id = 485142)

for: distinct_ranges
table 1 : explain SELECT DISTINCT c FROM sbtest1 WHERE id BETWEEN 4037959 AND 4038958 ORDER BY c
	Unique  (cost=4303.30..4308.79 rows=1098 width=121)
	  ->  Sort  (cost=4303.30..4306.05 rows=1098 width=121)
	        Sort Key: c
	        ->  Bitmap Heap Scan on sbtest1  (cost=39.69..4247.85 rows=1098 width=121)
	              Recheck Cond: ((id >= 4037959) AND (id <= 4038958))
	              ->  Bitmap Index Scan on sbtest1_pkey  (cost=0.00..39.42 rows=1098 width=0)
	                    Index Cond: ((id >= 4037959) AND (id <= 4038958))

table 2 : explain SELECT DISTINCT c FROM sbtest2 WHERE id BETWEEN 9635332 AND 9636331 ORDER BY c
	Unique  (cost=3852.33..3857.23 rows=980 width=121)
	  ->  Sort  (cost=3852.33..3854.78 rows=980 width=121)
	        Sort Key: c
	        ->  Bitmap Heap Scan on sbtest2  (cost=34.48..3803.64 rows=980 width=121)
	              Recheck Cond: ((id >= 9635332) AND (id <= 9636331))
	              ->  Bitmap Index Scan on sbtest2_pkey  (cost=0.00..34.23 rows=980 width=0)
	                    Index Cond: ((id >= 9635332) AND (id <= 9636331))

table 3 : explain SELECT DISTINCT c FROM sbtest3 WHERE id BETWEEN 3962154 AND 3963153 ORDER BY c
	Unique  (cost=3790.10..3794.92 rows=964 width=121)
	  ->  Sort  (cost=3790.10..3792.51 rows=964 width=121)
	        Sort Key: c
	        ->  Bitmap Heap Scan on sbtest3  (cost=34.32..3742.32 rows=964 width=121)
	              Recheck Cond: ((id >= 3962154) AND (id <= 3963153))
	              ->  Bitmap Index Scan on sbtest3_pkey  (cost=0.00..34.08 rows=964 width=0)
	                    Index Cond: ((id >= 3962154) AND (id <= 3963153))

table 4 : explain SELECT DISTINCT c FROM sbtest4 WHERE id BETWEEN 7471457 AND 7472456 ORDER BY c
	Unique  (cost=3826.47..3831.30 rows=967 width=121)
	  ->  Sort  (cost=3826.47..3828.88 rows=967 width=121)
	        Sort Key: c
	        ->  Index Scan using sbtest4_pkey on sbtest4  (cost=0.43..3778.52 rows=967 width=121)
	              Index Cond: ((id >= 7471457) AND (id <= 7472456))

table 5 : explain SELECT DISTINCT c FROM sbtest5 WHERE id BETWEEN 2735567 AND 2736566 ORDER BY c
	Unique  (cost=3477.77..3482.18 rows=883 width=121)
	  ->  Sort  (cost=3477.77..3479.98 rows=883 width=121)
	        Sort Key: c
	        ->  Bitmap Heap Scan on sbtest5  (cost=29.49..3434.56 rows=883 width=121)
	              Recheck Cond: ((id >= 2735567) AND (id <= 2736566))
	              ->  Bitmap Index Scan on sbtest5_pkey  (cost=0.00..29.26 rows=883 width=0)
	                    Index Cond: ((id >= 2735567) AND (id <= 2736566))

table 6 : explain SELECT DISTINCT c FROM sbtest6 WHERE id BETWEEN 4701734 AND 4702733 ORDER BY c
	Unique  (cost=3701.42..3706.12 rows=940 width=121)
	  ->  Sort  (cost=3701.42..3703.77 rows=940 width=121)
	        Sort Key: c
	        ->  Bitmap Heap Scan on sbtest6  (cost=34.07..3655.00 rows=940 width=121)
	              Recheck Cond: ((id >= 4701734) AND (id <= 4702733))
	              ->  Bitmap Index Scan on sbtest6_pkey  (cost=0.00..33.84 rows=940 width=0)
	                    Index Cond: ((id >= 4701734) AND (id <= 4702733))

table 7 : explain SELECT DISTINCT c FROM sbtest7 WHERE id BETWEEN 623926 AND 624925 ORDER BY c
	Unique  (cost=3882.28..3887.17 rows=978 width=121)
	  ->  Sort  (cost=3882.28..3884.72 rows=978 width=121)
	        Sort Key: c
	        ->  Index Scan using sbtest7_pkey on sbtest7  (cost=0.43..3833.70 rows=978 width=121)
	              Index Cond: ((id >= 623926) AND (id <= 624925))

table 8 : explain SELECT DISTINCT c FROM sbtest8 WHERE id BETWEEN 112514 AND 113513 ORDER BY c
	Unique  (cost=3629.46..3634.03 rows=913 width=121)
	  ->  Sort  (cost=3629.46..3631.74 rows=913 width=121)
	        Sort Key: c
	        ->  Index Scan using sbtest8_pkey on sbtest8  (cost=0.43..3584.57 rows=913 width=121)
	              Index Cond: ((id >= 112514) AND (id <= 113513))

for point_selects
table 1 : explain SELECT c FROM sbtest1 WHERE id=1341147
	Index Scan using sbtest1_pkey on sbtest1  (cost=0.43..8.45 rows=1 width=121)
	  Index Cond: (id = 1341147)

table 2 : explain SELECT c FROM sbtest2 WHERE id=739085
	Index Scan using sbtest2_pkey on sbtest2  (cost=0.43..8.45 rows=1 width=121)
	  Index Cond: (id = 739085)

table 3 : explain SELECT c FROM sbtest3 WHERE id=7880653
	Index Scan using sbtest3_pkey on sbtest3  (cost=0.43..8.45 rows=1 width=121)
	  Index Cond: (id = 7880653)

table 4 : explain SELECT c FROM sbtest4 WHERE id=7504435
	Index Scan using sbtest4_pkey on sbtest4  (cost=0.43..8.45 rows=1 width=121)
	  Index Cond: (id = 7504435)

table 5 : explain SELECT c FROM sbtest5 WHERE id=8976569
	Index Scan using sbtest5_pkey on sbtest5  (cost=0.43..8.45 rows=1 width=121)
	  Index Cond: (id = 8976569)

table 6 : explain SELECT c FROM sbtest6 WHERE id=5799295
	Index Scan using sbtest6_pkey on sbtest6  (cost=0.43..8.45 rows=1 width=121)
	  Index Cond: (id = 5799295)

table 7 : explain SELECT c FROM sbtest7 WHERE id=5366247
	Index Scan using sbtest7_pkey on sbtest7  (cost=0.43..8.45 rows=1 width=121)
	  Index Cond: (id = 5366247)

table 8 : explain SELECT c FROM sbtest8 WHERE id=5005454
	Index Scan using sbtest8_pkey on sbtest8  (cost=0.43..8.45 rows=1 width=121)
	  Index Cond: (id = 5005454)

for: distinct_ranges
table 1 : explain SELECT DISTINCT c FROM sbtest1 WHERE id BETWEEN 804795 AND 805794 ORDER BY c
	Unique  (cost=3894.30..3899.26 rows=992 width=121)
	  ->  Sort  (cost=3894.30..3896.78 rows=992 width=121)
	        Sort Key: c
	        ->  Bitmap Heap Scan on sbtest1  (cost=34.60..3844.93 rows=992 width=121)
	              Recheck Cond: ((id >= 804795) AND (id <= 805794))
	              ->  Bitmap Index Scan on sbtest1_pkey  (cost=0.00..34.36 rows=992 width=0)
	                    Index Cond: ((id >= 804795) AND (id <= 805794))

table 2 : explain SELECT DISTINCT c FROM sbtest2 WHERE id BETWEEN 3937186 AND 3938185 ORDER BY c
	Unique  (cost=3974.98..3980.04 rows=1012 width=121)
	  ->  Sort  (cost=3974.98..3977.51 rows=1012 width=121)
	        Sort Key: c
	        ->  Bitmap Heap Scan on sbtest2  (cost=34.81..3924.46 rows=1012 width=121)
	              Recheck Cond: ((id >= 3937186) AND (id <= 3938185))
	              ->  Bitmap Index Scan on sbtest2_pkey  (cost=0.00..34.56 rows=1012 width=0)
	                    Index Cond: ((id >= 3937186) AND (id <= 3938185))

table 3 : explain SELECT DISTINCT c FROM sbtest3 WHERE id BETWEEN 772877 AND 773876 ORDER BY c
	Unique  (cost=3532.71..3537.20 rows=898 width=121)
	  ->  Sort  (cost=3532.71..3534.96 rows=898 width=121)
	        Sort Key: c
	        ->  Bitmap Heap Scan on sbtest3  (cost=29.64..3488.66 rows=898 width=121)
	              Recheck Cond: ((id >= 772877) AND (id <= 773876))
	              ->  Bitmap Index Scan on sbtest3_pkey  (cost=0.00..29.41 rows=898 width=0)
	                    Index Cond: ((id >= 772877) AND (id <= 773876))

table 4 : explain SELECT DISTINCT c FROM sbtest4 WHERE id BETWEEN 5042787 AND 5043786 ORDER BY c
	Unique  (cost=4189.24..4194.53 rows=1059 width=121)
	  ->  Sort  (cost=4189.24..4191.88 rows=1059 width=121)
	        Sort Key: c
	        ->  Index Scan using sbtest4_pkey on sbtest4  (cost=0.43..4136.03 rows=1059 width=121)
	              Index Cond: ((id >= 5042787) AND (id <= 5043786))

table 5 : explain SELECT DISTINCT c FROM sbtest5 WHERE id BETWEEN 5065033 AND 5066032 ORDER BY c
	Unique  (cost=3731.75..3736.49 rows=948 width=121)
	  ->  Sort  (cost=3731.75..3734.12 rows=948 width=121)
	        Sort Key: c
	        ->  Bitmap Heap Scan on sbtest5  (cost=34.15..3684.88 rows=948 width=121)
	              Recheck Cond: ((id >= 5065033) AND (id <= 5066032))
	              ->  Bitmap Index Scan on sbtest5_pkey  (cost=0.00..33.92 rows=948 width=0)
	                    Index Cond: ((id >= 5065033) AND (id <= 5066032))

table 6 : explain SELECT DISTINCT c FROM sbtest6 WHERE id BETWEEN 5726661 AND 5727660 ORDER BY c
	Unique  (cost=3686.05..3690.73 rows=936 width=121)
	  ->  Sort  (cost=3686.05..3688.39 rows=936 width=121)
	        Sort Key: c
	        ->  Bitmap Heap Scan on sbtest6  (cost=34.03..3639.86 rows=936 width=121)
	              Recheck Cond: ((id >= 5726661) AND (id <= 5727660))
	              ->  Bitmap Index Scan on sbtest6_pkey  (cost=0.00..33.80 rows=936 width=0)
	                    Index Cond: ((id >= 5726661) AND (id <= 5727660))

table 7 : explain SELECT DISTINCT c FROM sbtest7 WHERE id BETWEEN 7499878 AND 7500877 ORDER BY c
	Unique  (cost=3913.94..3918.87 rows=986 width=121)
	  ->  Sort  (cost=3913.94..3916.41 rows=986 width=121)
	        Sort Key: c
	        ->  Index Scan using sbtest7_pkey on sbtest7  (cost=0.43..3864.91 rows=986 width=121)
	              Index Cond: ((id >= 7499878) AND (id <= 7500877))

table 8 : explain SELECT DISTINCT c FROM sbtest8 WHERE id BETWEEN 7845048 AND 7846047 ORDER BY c
	Unique  (cost=4073.83..4079.02 rows=1037 width=121)
	  ->  Sort  (cost=4073.83..4076.43 rows=1037 width=121)
	        Sort Key: c
	        ->  Bitmap Heap Scan on sbtest8  (cost=35.06..4021.89 rows=1037 width=121)
	              Recheck Cond: ((id >= 7845048) AND (id <= 7846047))
	              ->  Bitmap Index Scan on sbtest8_pkey  (cost=0.00..34.81 rows=1037 width=0)
	                    Index Cond: ((id >= 7845048) AND (id <= 7846047))

for: sum_ranges
table 1 : explain SELECT SUM(k) FROM sbtest1 WHERE id BETWEEN 4611524 AND 4612523
	Aggregate  (cost=3907.75..3907.76 rows=1 width=8)
	  ->  Bitmap Heap Scan on sbtest1  (cost=34.77..3905.23 rows=1008 width=4)
	        Recheck Cond: ((id >= 4611524) AND (id <= 4612523))
	        ->  Bitmap Index Scan on sbtest1_pkey  (cost=0.00..34.52 rows=1008 width=0)
	              Index Cond: ((id >= 4611524) AND (id <= 4612523))

table 2 : explain SELECT SUM(k) FROM sbtest2 WHERE id BETWEEN 4039349 AND 4040348
	Aggregate  (cost=3749.37..3749.38 rows=1 width=8)
	  ->  Bitmap Heap Scan on sbtest2  (cost=34.33..3746.96 rows=965 width=4)
	        Recheck Cond: ((id >= 4039349) AND (id <= 4040348))
	        ->  Bitmap Index Scan on sbtest2_pkey  (cost=0.00..34.09 rows=965 width=0)
	              Index Cond: ((id >= 4039349) AND (id <= 4040348))

table 3 : explain SELECT SUM(k) FROM sbtest3 WHERE id BETWEEN 3847654 AND 3848653
	Aggregate  (cost=4449.86..4449.87 rows=1 width=8)
	  ->  Bitmap Heap Scan on sbtest3  (cost=40.23..4446.99 rows=1151 width=4)
	        Recheck Cond: ((id >= 3847654) AND (id <= 3848653))
	        ->  Bitmap Index Scan on sbtest3_pkey  (cost=0.00..39.95 rows=1151 width=0)
	              Index Cond: ((id >= 3847654) AND (id <= 3848653))

table 4 : explain SELECT SUM(k) FROM sbtest4 WHERE id BETWEEN 2987432 AND 2988431
	Aggregate  (cost=3633.18..3633.19 rows=1 width=8)
	  ->  Index Scan using sbtest4_pkey on sbtest4  (cost=0.43..3630.85 rows=929 width=4)
	        Index Cond: ((id >= 2987432) AND (id <= 2988431))

table 5 : explain SELECT SUM(k) FROM sbtest5 WHERE id BETWEEN 4783150 AND 4784149
	Aggregate  (cost=3963.42..3963.43 rows=1 width=8)
	  ->  Bitmap Heap Scan on sbtest5  (cost=34.90..3960.87 rows=1021 width=4)
	        Recheck Cond: ((id >= 4783150) AND (id <= 4784149))
	        ->  Bitmap Index Scan on sbtest5_pkey  (cost=0.00..34.65 rows=1021 width=0)
	              Index Cond: ((id >= 4783150) AND (id <= 4784149))

table 6 : explain SELECT SUM(k) FROM sbtest6 WHERE id BETWEEN 5584421 AND 5585420
	Aggregate  (cost=3752.05..3752.06 rows=1 width=8)
	  ->  Bitmap Heap Scan on sbtest6  (cost=34.33..3749.64 rows=965 width=4)
	        Recheck Cond: ((id >= 5584421) AND (id <= 5585420))
	        ->  Bitmap Index Scan on sbtest6_pkey  (cost=0.00..34.09 rows=965 width=0)
	              Index Cond: ((id >= 5584421) AND (id <= 5585420))

table 7 : explain SELECT SUM(k) FROM sbtest7 WHERE id BETWEEN 4296331 AND 4297330
	Aggregate  (cost=3703.50..3703.51 rows=1 width=8)
	  ->  Index Scan using sbtest7_pkey on sbtest7  (cost=0.43..3701.14 rows=944 width=4)
	        Index Cond: ((id >= 4296331) AND (id <= 4297330))

table 8 : explain SELECT SUM(k) FROM sbtest8 WHERE id BETWEEN 6907803 AND 6908802
	Aggregate  (cost=3571.13..3571.14 rows=1 width=8)
	  ->  Index Scan using sbtest8_pkey on sbtest8  (cost=0.43..3568.86 rows=910 width=4)
	        Index Cond: ((id >= 6907803) AND (id <= 6908802))

explain: for point_selects :: explain SELECT c FROM sbtest%u WHERE id=%u
for point_selects
table 1 : explain SELECT c FROM sbtest1 WHERE id=3794265
	Index Scan using sbtest1_pkey on sbtest1  (cost=0.43..8.45 rows=1 width=121)
	  Index Cond: (id = 3794265)

table 2 : explain SELECT c FROM sbtest2 WHERE id=4943503
	Index Scan using sbtest2_pkey on sbtest2  (cost=0.43..8.45 rows=1 width=121)
	  Index Cond: (id = 4943503)

table 3 : explain SELECT c FROM sbtest3 WHERE id=5967228
	Index Scan using sbtest3_pkey on sbtest3  (cost=0.43..8.45 rows=1 width=121)
	  Index Cond: (id = 5967228)

table 4 : explain SELECT c FROM sbtest4 WHERE id=7359186
	Index Scan using sbtest4_pkey on sbtest4  (cost=0.43..8.45 rows=1 width=121)
	  Index Cond: (id = 7359186)

table 5 : explain SELECT c FROM sbtest5 WHERE id=4265848
	Index Scan using sbtest5_pkey on sbtest5  (cost=0.43..8.45 rows=1 width=121)
	  Index Cond: (id = 4265848)

table 6 : explain SELECT c FROM sbtest6 WHERE id=5353476
	Index Scan using sbtest6_pkey on sbtest6  (cost=0.43..8.45 rows=1 width=121)
	  Index Cond: (id = 5353476)

table 7 : explain SELECT c FROM sbtest7 WHERE id=367242
	Index Scan using sbtest7_pkey on sbtest7  (cost=0.43..8.45 rows=1 width=121)
	  Index Cond: (id = 367242)

table 8 : explain SELECT c FROM sbtest8 WHERE id=3813782
	Index Scan using sbtest8_pkey on sbtest8  (cost=0.43..8.45 rows=1 width=121)
	  Index Cond: (id = 3813782)

explain: for point_selects :: explain SELECT c FROM sbtest%u WHERE id=%u
for: simple_ranges
table 1 : explain SELECT c FROM sbtest1 WHERE id BETWEEN 7340003 AND 7341002
	Bitmap Heap Scan on sbtest1  (cost=34.60..3844.93 rows=992 width=121)
	  Recheck Cond: ((id >= 7340003) AND (id <= 7341002))
	  ->  Bitmap Index Scan on sbtest1_pkey  (cost=0.00..34.36 rows=992 width=0)
	        Index Cond: ((id >= 7340003) AND (id <= 7341002))

table 2 : explain SELECT c FROM sbtest2 WHERE id BETWEEN 4685585 AND 4686584
	Bitmap Heap Scan on sbtest2  (cost=35.01..3999.91 rows=1032 width=121)
	  Recheck Cond: ((id >= 4685585) AND (id <= 4686584))
	  ->  Bitmap Index Scan on sbtest2_pkey  (cost=0.00..34.76 rows=1032 width=0)
	        Index Cond: ((id >= 4685585) AND (id <= 4686584))

table 3 : explain SELECT c FROM sbtest3 WHERE id BETWEEN 5074426 AND 5075425
	Bitmap Heap Scan on sbtest3  (cost=33.84..3568.38 rows=918 width=121)
	  Recheck Cond: ((id >= 5074426) AND (id <= 5075425))
	  ->  Bitmap Index Scan on sbtest3_pkey  (cost=0.00..33.62 rows=918 width=0)
	        Index Cond: ((id >= 5074426) AND (id <= 5075425))

table 4 : explain SELECT c FROM sbtest4 WHERE id BETWEEN 3835599 AND 3836598
	Index Scan using sbtest4_pkey on sbtest4  (cost=0.43..3852.33 rows=986 width=121)
	  Index Cond: ((id >= 3835599) AND (id <= 3836598))

table 5 : explain SELECT c FROM sbtest5 WHERE id BETWEEN 9417796 AND 9418795
	Bitmap Heap Scan on sbtest5  (cost=33.94..3605.36 rows=927 width=121)
	  Recheck Cond: ((id >= 9417796) AND (id <= 9418795))
	  ->  Bitmap Index Scan on sbtest5_pkey  (cost=0.00..33.70 rows=927 width=0)
	        Index Cond: ((id >= 9417796) AND (id <= 9418795))

table 6 : explain SELECT c FROM sbtest6 WHERE id BETWEEN 3703915 AND 3704914
	Bitmap Heap Scan on sbtest6  (cost=34.74..3900.89 rows=1005 width=121)
	  Recheck Cond: ((id >= 3703915) AND (id <= 3704914))
	  ->  Bitmap Index Scan on sbtest6_pkey  (cost=0.00..34.48 rows=1005 width=0)
	        Index Cond: ((id >= 3703915) AND (id <= 3704914))

table 7 : explain SELECT c FROM sbtest7 WHERE id BETWEEN 3570922 AND 3571921
	Bitmap Heap Scan on sbtest7  (cost=35.02..4006.87 rows=1033 width=121)
	  Recheck Cond: ((id >= 3570922) AND (id <= 3571921))
	  ->  Bitmap Index Scan on sbtest7_pkey  (cost=0.00..34.77 rows=1033 width=0)
	        Index Cond: ((id >= 3570922) AND (id <= 3571921))

table 8 : explain SELECT c FROM sbtest8 WHERE id BETWEEN 1172343 AND 1173342
	Bitmap Heap Scan on sbtest8  (cost=34.99..3995.46 rows=1030 width=121)
	  Recheck Cond: ((id >= 1172343) AND (id <= 1173342))
	  ->  Bitmap Index Scan on sbtest8_pkey  (cost=0.00..34.73 rows=1030 width=0)
	        Index Cond: ((id >= 1172343) AND (id <= 1173342))

for: simple_ranges
table 1 : explain SELECT c FROM sbtest1 WHERE id BETWEEN 4686947 AND 4687946
	Bitmap Heap Scan on sbtest1  (cost=33.95..3603.37 rows=928 width=121)
	  Recheck Cond: ((id >= 4686947) AND (id <= 4687946))
	  ->  Bitmap Index Scan on sbtest1_pkey  (cost=0.00..33.72 rows=928 width=0)
	        Index Cond: ((id >= 4686947) AND (id <= 4687946))

table 2 : explain SELECT c FROM sbtest2 WHERE id BETWEEN 8768829 AND 8769828
	Bitmap Heap Scan on sbtest2  (cost=35.42..4150.67 rows=1072 width=121)
	  Recheck Cond: ((id >= 8768829) AND (id <= 8769828))
	  ->  Bitmap Index Scan on sbtest2_pkey  (cost=0.00..35.16 rows=1072 width=0)
	        Index Cond: ((id >= 8768829) AND (id <= 8769828))

table 3 : explain SELECT c FROM sbtest3 WHERE id BETWEEN 7343525 AND 7344524
	Bitmap Heap Scan on sbtest3  (cost=29.77..3537.88 rows=911 width=121)
	  Recheck Cond: ((id >= 7343525) AND (id <= 7344524))
	  ->  Bitmap Index Scan on sbtest3_pkey  (cost=0.00..29.54 rows=911 width=0)
	        Index Cond: ((id >= 7343525) AND (id <= 7344524))

table 4 : explain SELECT c FROM sbtest4 WHERE id BETWEEN 1995373 AND 1996372
	Index Scan using sbtest4_pkey on sbtest4  (cost=0.43..3521.93 rows=902 width=121)
	  Index Cond: ((id >= 1995373) AND (id <= 1996372))

table 5 : explain SELECT c FROM sbtest5 WHERE id BETWEEN 8610661 AND 8611660
	Bitmap Heap Scan on sbtest5  (cost=34.84..3938.21 rows=1015 width=121)
	  Recheck Cond: ((id >= 8610661) AND (id <= 8611660))
	  ->  Bitmap Index Scan on sbtest5_pkey  (cost=0.00..34.59 rows=1015 width=0)
	        Index Cond: ((id >= 8610661) AND (id <= 8611660))

table 6 : explain SELECT c FROM sbtest6 WHERE id BETWEEN 6961683 AND 6962682
	Bitmap Heap Scan on sbtest6  (cost=34.78..3916.01 rows=1009 width=121)
	  Recheck Cond: ((id >= 6961683) AND (id <= 6962682))
	  ->  Bitmap Index Scan on sbtest6_pkey  (cost=0.00..34.53 rows=1009 width=0)
	        Index Cond: ((id >= 6961683) AND (id <= 6962682))

table 7 : explain SELECT c FROM sbtest7 WHERE id BETWEEN 3362042 AND 3363041
	Bitmap Heap Scan on sbtest7  (cost=35.42..4154.03 rows=1072 width=121)
	  Recheck Cond: ((id >= 3362042) AND (id <= 3363041))
	  ->  Bitmap Index Scan on sbtest7_pkey  (cost=0.00..35.16 rows=1072 width=0)
	        Index Cond: ((id >= 3362042) AND (id <= 3363041))

table 8 : explain SELECT c FROM sbtest8 WHERE id BETWEEN 2793124 AND 2794123
	Index Scan using sbtest8_pkey on sbtest8  (cost=0.43..3670.45 rows=935 width=121)
	  Index Cond: ((id >= 2793124) AND (id <= 2794123))

for: sum_ranges
table 1 : explain SELECT SUM(k) FROM sbtest1 WHERE id BETWEEN 9383233 AND 9384232
	Aggregate  (cost=3949.22..3949.23 rows=1 width=8)
	  ->  Bitmap Heap Scan on sbtest1  (cost=34.88..3946.68 rows=1019 width=4)
	        Recheck Cond: ((id >= 9383233) AND (id <= 9384232))
	        ->  Bitmap Index Scan on sbtest1_pkey  (cost=0.00..34.62 rows=1019 width=0)
	              Index Cond: ((id >= 9383233) AND (id <= 9384232))

table 2 : explain SELECT SUM(k) FROM sbtest2 WHERE id BETWEEN 7642147 AND 7643146
	Aggregate  (cost=4142.04..4142.05 rows=1 width=8)
	  ->  Bitmap Heap Scan on sbtest2  (cost=35.39..4139.37 rows=1069 width=4)
	        Recheck Cond: ((id >= 7642147) AND (id <= 7643146))
	        ->  Bitmap Index Scan on sbtest2_pkey  (cost=0.00..35.12 rows=1069 width=0)
	              Index Cond: ((id >= 7642147) AND (id <= 7643146))

table 3 : explain SELECT SUM(k) FROM sbtest3 WHERE id BETWEEN 9842406 AND 9843405
	Aggregate  (cost=4065.66..4065.67 rows=1 width=8)
	  ->  Bitmap Heap Scan on sbtest3  (cost=35.19..4063.03 rows=1049 width=4)
	        Recheck Cond: ((id >= 9842406) AND (id <= 9843405))
	        ->  Bitmap Index Scan on sbtest3_pkey  (cost=0.00..34.93 rows=1049 width=0)
	              Index Cond: ((id >= 9842406) AND (id <= 9843405))

table 4 : explain SELECT SUM(k) FROM sbtest4 WHERE id BETWEEN 4441614 AND 4442613
	Aggregate  (cost=3644.84..3644.85 rows=1 width=8)
	  ->  Index Scan using sbtest4_pkey on sbtest4  (cost=0.43..3642.51 rows=932 width=4)
	        Index Cond: ((id >= 4441614) AND (id <= 4442613))

table 5 : explain SELECT SUM(k) FROM sbtest5 WHERE id BETWEEN 2803367 AND 2804366
	Aggregate  (cost=3436.77..3436.78 rows=1 width=8)
	  ->  Bitmap Heap Scan on sbtest5  (cost=29.49..3434.56 rows=883 width=4)
	        Recheck Cond: ((id >= 2803367) AND (id <= 2804366))
	        ->  Bitmap Index Scan on sbtest5_pkey  (cost=0.00..29.26 rows=883 width=0)
	              Index Cond: ((id >= 2803367) AND (id <= 2804366))

table 6 : explain SELECT SUM(k) FROM sbtest6 WHERE id BETWEEN 5910688 AND 5911687
	Aggregate  (cost=3407.34..3407.35 rows=1 width=8)
	  ->  Index Scan using sbtest6_pkey on sbtest6  (cost=0.43..3405.18 rows=867 width=4)
	        Index Cond: ((id >= 5910688) AND (id <= 5911687))

table 7 : explain SELECT SUM(k) FROM sbtest7 WHERE id BETWEEN 9268205 AND 9269204
	Aggregate  (cost=4069.89..4069.90 rows=1 width=8)
	  ->  Bitmap Heap Scan on sbtest7  (cost=35.19..4067.27 rows=1049 width=4)
	        Recheck Cond: ((id >= 9268205) AND (id <= 9269204))
	        ->  Bitmap Index Scan on sbtest7_pkey  (cost=0.00..34.93 rows=1049 width=0)
	              Index Cond: ((id >= 9268205) AND (id <= 9269204))

table 8 : explain SELECT SUM(k) FROM sbtest8 WHERE id BETWEEN 2631002 AND 2632001
	Aggregate  (cost=3743.11..3743.12 rows=1 width=8)
	  ->  Index Scan using sbtest8_pkey on sbtest8  (cost=0.43..3740.73 rows=953 width=4)
	        Index Cond: ((id >= 2631002) AND (id <= 2632001))

explain: for point_selects :: explain SELECT c FROM sbtest%u WHERE id=%u
for: simple_ranges
table 1 : explain SELECT c FROM sbtest1 WHERE id BETWEEN 959694 AND 960693
	Bitmap Heap Scan on sbtest1  (cost=34.38..3761.96 rows=970 width=121)
	  Recheck Cond: ((id >= 959694) AND (id <= 960693))
	  ->  Bitmap Index Scan on sbtest1_pkey  (cost=0.00..34.14 rows=970 width=0)
	        Index Cond: ((id >= 959694) AND (id <= 960693))

table 2 : explain SELECT c FROM sbtest2 WHERE id BETWEEN 5147612 AND 5148611
	Bitmap Heap Scan on sbtest2  (cost=35.05..4015.00 rows=1036 width=121)
	  Recheck Cond: ((id >= 5147612) AND (id <= 5148611))
	  ->  Bitmap Index Scan on sbtest2_pkey  (cost=0.00..34.80 rows=1036 width=0)
	        Index Cond: ((id >= 5147612) AND (id <= 5148611))

table 3 : explain SELECT c FROM sbtest3 WHERE id BETWEEN 5073607 AND 5074606
	Bitmap Heap Scan on sbtest3  (cost=33.84..3568.38 rows=918 width=121)
	  Recheck Cond: ((id >= 5073607) AND (id <= 5074606))
	  ->  Bitmap Index Scan on sbtest3_pkey  (cost=0.00..33.62 rows=918 width=0)
	        Index Cond: ((id >= 5073607) AND (id <= 5074606))

table 4 : explain SELECT c FROM sbtest4 WHERE id BETWEEN 6796779 AND 6797778
	Index Scan using sbtest4_pkey on sbtest4  (cost=0.43..3972.80 rows=1017 width=121)
	  Index Cond: ((id >= 6796779) AND (id <= 6797778))

table 5 : explain SELECT c FROM sbtest5 WHERE id BETWEEN 4648667 AND 4649666
	Bitmap Heap Scan on sbtest5  (cost=35.16..4055.24 rows=1046 width=121)
	  Recheck Cond: ((id >= 4648667) AND (id <= 4649666))
	  ->  Bitmap Index Scan on sbtest5_pkey  (cost=0.00..34.90 rows=1046 width=0)
	        Index Cond: ((id >= 4648667) AND (id <= 4649666))

table 6 : explain SELECT c FROM sbtest6 WHERE id BETWEEN 1564349 AND 1565348
	Bitmap Heap Scan on sbtest6  (cost=34.97..3987.77 rows=1028 width=121)
	  Recheck Cond: ((id >= 1564349) AND (id <= 1565348))
	  ->  Bitmap Index Scan on sbtest6_pkey  (cost=0.00..34.72 rows=1028 width=0)
	        Index Cond: ((id >= 1564349) AND (id <= 1565348))

table 7 : explain SELECT c FROM sbtest7 WHERE id BETWEEN 4873335 AND 4874334
	Index Scan using sbtest7_pkey on sbtest7  (cost=0.43..3985.78 rows=1017 width=121)
	  Index Cond: ((id >= 4873335) AND (id <= 4874334))

table 8 : explain SELECT c FROM sbtest8 WHERE id BETWEEN 1783674 AND 1784673
	Bitmap Heap Scan on sbtest8  (cost=35.28..4101.14 rows=1058 width=121)
	  Recheck Cond: ((id >= 1783674) AND (id <= 1784673))
	  ->  Bitmap Index Scan on sbtest8_pkey  (cost=0.00..35.02 rows=1058 width=0)
	        Index Cond: ((id >= 1783674) AND (id <= 1784673))

for: sum_ranges
table 1 : explain SELECT SUM(k) FROM sbtest1 WHERE id BETWEEN 295585 AND 296584
	Aggregate  (cost=3696.40..3696.41 rows=1 width=8)
	  ->  Bitmap Heap Scan on sbtest1  (cost=34.19..3694.02 rows=952 width=4)
	        Recheck Cond: ((id >= 295585) AND (id <= 296584))
	        ->  Bitmap Index Scan on sbtest1_pkey  (cost=0.00..33.95 rows=952 width=0)
	              Index Cond: ((id >= 295585) AND (id <= 296584))

table 2 : explain SELECT SUM(k) FROM sbtest2 WHERE id BETWEEN 7724998 AND 7725997
	Aggregate  (cost=3911.89..3911.90 rows=1 width=8)
	  ->  Bitmap Heap Scan on sbtest2  (cost=34.77..3909.37 rows=1008 width=4)
	        Recheck Cond: ((id >= 7724998) AND (id <= 7725997))
	        ->  Bitmap Index Scan on sbtest2_pkey  (cost=0.00..34.52 rows=1008 width=0)
	              Index Cond: ((id >= 7724998) AND (id <= 7725997))

table 3 : explain SELECT SUM(k) FROM sbtest3 WHERE id BETWEEN 6233552 AND 6234551
	Aggregate  (cost=3839.22..3839.23 rows=1 width=8)
	  ->  Bitmap Heap Scan on sbtest3  (cost=34.57..3836.74 rows=989 width=4)
	        Recheck Cond: ((id >= 6233552) AND (id <= 6234551))
	        ->  Bitmap Index Scan on sbtest3_pkey  (cost=0.00..34.33 rows=989 width=0)
	              Index Cond: ((id >= 6233552) AND (id <= 6234551))

table 4 : explain SELECT SUM(k) FROM sbtest4 WHERE id BETWEEN 863824 AND 864823
	Aggregate  (cost=4368.22..4368.23 rows=1 width=8)
	  ->  Index Scan using sbtest4_pkey on sbtest4  (cost=0.43..4365.42 rows=1117 width=4)
	        Index Cond: ((id >= 863824) AND (id <= 864823))

table 5 : explain SELECT SUM(k) FROM sbtest5 WHERE id BETWEEN 394273 AND 395272
	Aggregate  (cost=3751.62..3751.63 rows=1 width=8)
	  ->  Bitmap Heap Scan on sbtest5  (cost=34.33..3749.21 rows=965 width=4)
	        Recheck Cond: ((id >= 394273) AND (id <= 395272))
	        ->  Bitmap Index Scan on sbtest5_pkey  (cost=0.00..34.09 rows=965 width=0)
	              Index Cond: ((id >= 394273) AND (id <= 395272))

table 6 : explain SELECT SUM(k) FROM sbtest6 WHERE id BETWEEN 972609 AND 973608
	Aggregate  (cost=3710.39..3710.40 rows=1 width=8)
	  ->  Bitmap Heap Scan on sbtest6  (cost=34.21..3708.01 rows=954 width=4)
	        Recheck Cond: ((id >= 972609) AND (id <= 973608))
	        ->  Bitmap Index Scan on sbtest6_pkey  (cost=0.00..33.98 rows=954 width=0)
	              Index Cond: ((id >= 972609) AND (id <= 973608))

table 7 : explain SELECT SUM(k) FROM sbtest7 WHERE id BETWEEN 9628664 AND 9629663
	Aggregate  (cost=4066.11..4066.12 rows=1 width=8)
	  ->  Bitmap Heap Scan on sbtest7  (cost=35.18..4063.49 rows=1048 width=4)
	        Recheck Cond: ((id >= 9628664) AND (id <= 9629663))
	        ->  Bitmap Index Scan on sbtest7_pkey  (cost=0.00..34.92 rows=1048 width=0)
	              Index Cond: ((id >= 9628664) AND (id <= 9629663))

table 8 : explain SELECT SUM(k) FROM sbtest8 WHERE id BETWEEN 4760627 AND 4761626
	Aggregate  (cost=4201.90..4201.91 rows=1 width=8)
	  ->  Bitmap Heap Scan on sbtest8  (cost=35.55..4199.19 rows=1084 width=4)
	        Recheck Cond: ((id >= 4760627) AND (id <= 4761626))
	        ->  Bitmap Index Scan on sbtest8_pkey  (cost=0.00..35.28 rows=1084 width=0)
	              Index Cond: ((id >= 4760627) AND (id <= 4761626))

for: sum_ranges
table 1 : explain SELECT SUM(k) FROM sbtest1 WHERE id BETWEEN 8579529 AND 8580528
	Aggregate  (cost=3813.45..3813.46 rows=1 width=8)
	  ->  Bitmap Heap Scan on sbtest1  (cost=34.51..3810.99 rows=983 width=4)
	        Recheck Cond: ((id >= 8579529) AND (id <= 8580528))
	        ->  Bitmap Index Scan on sbtest1_pkey  (cost=0.00..34.27 rows=983 width=0)
	              Index Cond: ((id >= 8579529) AND (id <= 8580528))

table 2 : explain SELECT SUM(k) FROM sbtest2 WHERE id BETWEEN 2095032 AND 2096031
	Aggregate  (cost=3877.89..3877.90 rows=1 width=8)
	  ->  Bitmap Heap Scan on sbtest2  (cost=34.67..3875.40 rows=999 width=4)
	        Recheck Cond: ((id >= 2095032) AND (id <= 2096031))
	        ->  Bitmap Index Scan on sbtest2_pkey  (cost=0.00..34.43 rows=999 width=0)
	              Index Cond: ((id >= 2095032) AND (id <= 2096031))

table 3 : explain SELECT SUM(k) FROM sbtest3 WHERE id BETWEEN 751638 AND 752637
	Aggregate  (cost=3490.91..3490.92 rows=1 width=8)
	  ->  Bitmap Heap Scan on sbtest3  (cost=29.64..3488.66 rows=898 width=4)
	        Recheck Cond: ((id >= 751638) AND (id <= 752637))
	        ->  Bitmap Index Scan on sbtest3_pkey  (cost=0.00..29.41 rows=898 width=0)
	              Index Cond: ((id >= 751638) AND (id <= 752637))

table 4 : explain SELECT SUM(k) FROM sbtest4 WHERE id BETWEEN 3354236 AND 3355235
	Aggregate  (cost=4018.13..4018.14 rows=1 width=8)
	  ->  Index Scan using sbtest4_pkey on sbtest4  (cost=0.43..4015.56 rows=1028 width=4)
	        Index Cond: ((id >= 3354236) AND (id <= 3355235))

table 5 : explain SELECT SUM(k) FROM sbtest5 WHERE id BETWEEN 1796799 AND 1797798
	Aggregate  (cost=3895.39..3895.40 rows=1 width=8)
	  ->  Bitmap Heap Scan on sbtest5  (cost=34.72..3892.88 rows=1003 width=4)
	        Recheck Cond: ((id >= 1796799) AND (id <= 1797798))
	        ->  Bitmap Index Scan on sbtest5_pkey  (cost=0.00..34.47 rows=1003 width=0)
	              Index Cond: ((id >= 1796799) AND (id <= 1797798))

table 6 : explain SELECT SUM(k) FROM sbtest6 WHERE id BETWEEN 7546824 AND 7547823
	Aggregate  (cost=3528.23..3528.24 rows=1 width=8)
	  ->  Bitmap Heap Scan on sbtest6  (cost=29.73..3525.97 rows=907 width=4)
	        Recheck Cond: ((id >= 7546824) AND (id <= 7547823))
	        ->  Bitmap Index Scan on sbtest6_pkey  (cost=0.00..29.50 rows=907 width=0)
	              Index Cond: ((id >= 7546824) AND (id <= 7547823))

table 7 : explain SELECT SUM(k) FROM sbtest7 WHERE id BETWEEN 1092334 AND 1093333
	Aggregate  (cost=3582.56..3582.57 rows=1 width=8)
	  ->  Index Scan using sbtest7_pkey on sbtest7  (cost=0.43..3580.28 rows=913 width=4)
	        Index Cond: ((id >= 1092334) AND (id <= 1093333))

table 8 : explain SELECT SUM(k) FROM sbtest8 WHERE id BETWEEN 2361773 AND 2362772
	Aggregate  (cost=3808.96..3808.97 rows=1 width=8)
	  ->  Bitmap Heap Scan on sbtest8  (cost=34.48..3806.51 rows=980 width=4)
	        Recheck Cond: ((id >= 2361773) AND (id <= 2362772))
	        ->  Bitmap Index Scan on sbtest8_pkey  (cost=0.00..34.23 rows=980 width=0)
	              Index Cond: ((id >= 2361773) AND (id <= 2362772))

for point_selects
table 1 : explain SELECT c FROM sbtest1 WHERE id=7077085
	Index Scan using sbtest1_pkey on sbtest1  (cost=0.43..8.45 rows=1 width=121)
	  Index Cond: (id = 7077085)

table 2 : explain SELECT c FROM sbtest2 WHERE id=5045424
	Index Scan using sbtest2_pkey on sbtest2  (cost=0.43..8.45 rows=1 width=121)
	  Index Cond: (id = 5045424)

table 3 : explain SELECT c FROM sbtest3 WHERE id=4492768
	Index Scan using sbtest3_pkey on sbtest3  (cost=0.43..8.45 rows=1 width=121)
	  Index Cond: (id = 4492768)

table 4 : explain SELECT c FROM sbtest4 WHERE id=2208862
	Index Scan using sbtest4_pkey on sbtest4  (cost=0.43..8.45 rows=1 width=121)
	  Index Cond: (id = 2208862)

table 5 : explain SELECT c FROM sbtest5 WHERE id=4047755
	Index Scan using sbtest5_pkey on sbtest5  (cost=0.43..8.45 rows=1 width=121)
	  Index Cond: (id = 4047755)

table 6 : explain SELECT c FROM sbtest6 WHERE id=3044603
	Index Scan using sbtest6_pkey on sbtest6  (cost=0.43..8.45 rows=1 width=121)
	  Index Cond: (id = 3044603)

table 7 : explain SELECT c FROM sbtest7 WHERE id=3406376
	Index Scan using sbtest7_pkey on sbtest7  (cost=0.43..8.45 rows=1 width=121)
	  Index Cond: (id = 3406376)

table 8 : explain SELECT c FROM sbtest8 WHERE id=5857078
	Index Scan using sbtest8_pkey on sbtest8  (cost=0.43..8.45 rows=1 width=121)
	  Index Cond: (id = 5857078)

for: order_ranges
table 1 : explain SELECT c FROM sbtest1 WHERE id BETWEEN 5374886 AND 5375885 ORDER BY c
	Sort  (cost=3944.04..3946.56 rows=1005 width=121)
	  Sort Key: c
	  ->  Bitmap Heap Scan on sbtest1  (cost=34.74..3893.93 rows=1005 width=121)
	        Recheck Cond: ((id >= 5374886) AND (id <= 5375885))
	        ->  Bitmap Index Scan on sbtest1_pkey  (cost=0.00..34.48 rows=1005 width=0)
	              Index Cond: ((id >= 5374886) AND (id <= 5375885))

table 2 : explain SELECT c FROM sbtest2 WHERE id BETWEEN 4773087 AND 4774086 ORDER BY c
	Sort  (cost=4063.06..4065.64 rows=1035 width=121)
	  Sort Key: c
	  ->  Bitmap Heap Scan on sbtest2  (cost=35.04..4011.23 rows=1035 width=121)
	        Recheck Cond: ((id >= 4773087) AND (id <= 4774086))
	        ->  Bitmap Index Scan on sbtest2_pkey  (cost=0.00..34.79 rows=1035 width=0)
	              Index Cond: ((id >= 4773087) AND (id <= 4774086))

table 3 : explain SELECT c FROM sbtest3 WHERE id BETWEEN 1368693 AND 1369692 ORDER BY c
	Sort  (cost=4291.50..4294.24 rows=1095 width=121)
	  Sort Key: c
	  ->  Bitmap Heap Scan on sbtest3  (cost=35.66..4236.22 rows=1095 width=121)
	        Recheck Cond: ((id >= 1368693) AND (id <= 1369692))
	        ->  Bitmap Index Scan on sbtest3_pkey  (cost=0.00..35.39 rows=1095 width=0)
	              Index Cond: ((id >= 1368693) AND (id <= 1369692))

table 4 : explain SELECT c FROM sbtest4 WHERE id BETWEEN 6949368 AND 6950367 ORDER BY c
	Sort  (cost=3716.07..3718.41 rows=939 width=121)
	  Sort Key: c
	  ->  Index Scan using sbtest4_pkey on sbtest4  (cost=0.43..3669.70 rows=939 width=121)
	        Index Cond: ((id >= 6949368) AND (id <= 6950367))

table 5 : explain SELECT c FROM sbtest5 WHERE id BETWEEN 9362083 AND 9363082 ORDER BY c
	Sort  (cost=4004.23..4006.78 rows=1019 width=121)
	  Sort Key: c
	  ->  Bitmap Heap Scan on sbtest5  (cost=34.88..3953.32 rows=1019 width=121)
	        Recheck Cond: ((id >= 9362083) AND (id <= 9363082))
	        ->  Bitmap Index Scan on sbtest5_pkey  (cost=0.00..34.62 rows=1019 width=0)
	              Index Cond: ((id >= 9362083) AND (id <= 9363082))

table 6 : explain SELECT c FROM sbtest6 WHERE id BETWEEN 169213 AND 170212 ORDER BY c
	Sort  (cost=3993.20..3995.74 rows=1016 width=121)
	  Sort Key: c
	  ->  Bitmap Heap Scan on sbtest6  (cost=34.85..3942.45 rows=1016 width=121)
	        Recheck Cond: ((id >= 169213) AND (id <= 170212))
	        ->  Bitmap Index Scan on sbtest6_pkey  (cost=0.00..34.59 rows=1016 width=0)
	              Index Cond: ((id >= 169213) AND (id <= 170212))

table 7 : explain SELECT c FROM sbtest7 WHERE id BETWEEN 572643 AND 573642 ORDER BY c
	Sort  (cost=4040.53..4043.07 rows=1018 width=121)
	  Sort Key: c
	  ->  Index Scan using sbtest7_pkey on sbtest7  (cost=0.43..3989.67 rows=1018 width=121)
	        Index Cond: ((id >= 572643) AND (id <= 573642))

table 8 : explain SELECT c FROM sbtest8 WHERE id BETWEEN 9240209 AND 9241208 ORDER BY c
	Sort  (cost=4039.34..4041.91 rows=1028 width=121)
	  Sort Key: c
	  ->  Bitmap Heap Scan on sbtest8  (cost=34.97..3987.91 rows=1028 width=121)
	        Recheck Cond: ((id >= 9240209) AND (id <= 9241208))
	        ->  Bitmap Index Scan on sbtest8_pkey  (cost=0.00..34.72 rows=1028 width=0)
	              Index Cond: ((id >= 9240209) AND (id <= 9241208))

for: sum_ranges
table 1 : explain SELECT SUM(k) FROM sbtest1 WHERE id BETWEEN 7377686 AND 7378685
	Aggregate  (cost=3461.71..3461.72 rows=1 width=8)
	  ->  Bitmap Heap Scan on sbtest1  (cost=29.57..3459.48 rows=891 width=4)
	        Recheck Cond: ((id >= 7377686) AND (id <= 7378685))
	        ->  Bitmap Index Scan on sbtest1_pkey  (cost=0.00..29.34 rows=891 width=0)
	              Index Cond: ((id >= 7377686) AND (id <= 7378685))

table 2 : explain SELECT SUM(k) FROM sbtest2 WHERE id BETWEEN 2932752 AND 2933751
	Aggregate  (cost=3741.81..3741.82 rows=1 width=8)
	  ->  Bitmap Heap Scan on sbtest2  (cost=34.31..3739.40 rows=963 width=4)
	        Recheck Cond: ((id >= 2932752) AND (id <= 2933751))
	        ->  Bitmap Index Scan on sbtest2_pkey  (cost=0.00..34.07 rows=963 width=0)
	              Index Cond: ((id >= 2932752) AND (id <= 2933751))

table 3 : explain SELECT SUM(k) FROM sbtest3 WHERE id BETWEEN 4511216 AND 4512215
	Aggregate  (cost=4174.94..4174.95 rows=1 width=8)
	  ->  Bitmap Heap Scan on sbtest3  (cost=35.48..4172.25 rows=1078 width=4)
	        Recheck Cond: ((id >= 4511216) AND (id <= 4512215))
	        ->  Bitmap Index Scan on sbtest3_pkey  (cost=0.00..35.22 rows=1078 width=0)
	              Index Cond: ((id >= 4511216) AND (id <= 4512215))

table 4 : explain SELECT SUM(k) FROM sbtest4 WHERE id BETWEEN 957048 AND 958047
	Aggregate  (cost=3983.15..3983.16 rows=1 width=8)
	  ->  Index Scan using sbtest4_pkey on sbtest4  (cost=0.43..3980.60 rows=1019 width=4)
	        Index Cond: ((id >= 957048) AND (id <= 958047))

table 5 : explain SELECT SUM(k) FROM sbtest5 WHERE id BETWEEN 4379196 AND 4380195
	Aggregate  (cost=3914.29..3914.30 rows=1 width=8)
	  ->  Bitmap Heap Scan on sbtest5  (cost=34.77..3911.77 rows=1008 width=4)
	        Recheck Cond: ((id >= 4379196) AND (id <= 4380195))
	        ->  Bitmap Index Scan on sbtest5_pkey  (cost=0.00..34.52 rows=1008 width=0)
	              Index Cond: ((id >= 4379196) AND (id <= 4380195))

table 6 : explain SELECT SUM(k) FROM sbtest6 WHERE id BETWEEN 6325417 AND 6326416
	Aggregate  (cost=4231.93..4231.94 rows=1 width=8)
	  ->  Bitmap Heap Scan on sbtest6  (cost=35.63..4229.20 rows=1092 width=4)
	        Recheck Cond: ((id >= 6325417) AND (id <= 6326416))
	        ->  Bitmap Index Scan on sbtest6_pkey  (cost=0.00..35.36 rows=1092 width=0)
	              Index Cond: ((id >= 6325417) AND (id <= 6326416))

table 7 : explain SELECT SUM(k) FROM sbtest7 WHERE id BETWEEN 4968287 AND 4969286
	Aggregate  (cost=4039.68..4039.69 rows=1 width=8)
	  ->  Bitmap Heap Scan on sbtest7  (cost=35.11..4037.07 rows=1041 width=4)
	        Recheck Cond: ((id >= 4968287) AND (id <= 4969286))
	        ->  Bitmap Index Scan on sbtest7_pkey  (cost=0.00..34.84 rows=1041 width=0)
	              Index Cond: ((id >= 4968287) AND (id <= 4969286))

table 8 : explain SELECT SUM(k) FROM sbtest8 WHERE id BETWEEN 4640879 AND 4641878
	Aggregate  (cost=4167.95..4167.96 rows=1 width=8)
	  ->  Bitmap Heap Scan on sbtest8  (cost=35.45..4165.26 rows=1075 width=4)
	        Recheck Cond: ((id >= 4640879) AND (id <= 4641878))
	        ->  Bitmap Index Scan on sbtest8_pkey  (cost=0.00..35.19 rows=1075 width=0)
	              Index Cond: ((id >= 4640879) AND (id <= 4641878))

for: simple_ranges
table 1 : explain SELECT c FROM sbtest1 WHERE id BETWEEN 1855045 AND 1856044
	Bitmap Heap Scan on sbtest1  (cost=34.79..3912.77 rows=1010 width=121)
	  Recheck Cond: ((id >= 1855045) AND (id <= 1856044))
	  ->  Bitmap Index Scan on sbtest1_pkey  (cost=0.00..34.54 rows=1010 width=0)
	        Index Cond: ((id >= 1855045) AND (id <= 1856044))

table 2 : explain SELECT c FROM sbtest2 WHERE id BETWEEN 5662454 AND 5663453
	Bitmap Heap Scan on sbtest2  (cost=34.84..3935.78 rows=1015 width=121)
	  Recheck Cond: ((id >= 5662454) AND (id <= 5663453))
	  ->  Bitmap Index Scan on sbtest2_pkey  (cost=0.00..34.59 rows=1015 width=0)
	        Index Cond: ((id >= 5662454) AND (id <= 5663453))

table 3 : explain SELECT c FROM sbtest3 WHERE id BETWEEN 6706065 AND 6707064
	Bitmap Heap Scan on sbtest3  (cost=34.66..3870.72 rows=998 width=121)
	  Recheck Cond: ((id >= 6706065) AND (id <= 6707064))
	  ->  Bitmap Index Scan on sbtest3_pkey  (cost=0.00..34.42 rows=998 width=0)
	        Index Cond: ((id >= 6706065) AND (id <= 6707064))

table 4 : explain SELECT c FROM sbtest4 WHERE id BETWEEN 467600 AND 468599
	Index Scan using sbtest4_pkey on sbtest4  (cost=0.43..3720.21 rows=952 width=121)
	  Index Cond: ((id >= 467600) AND (id <= 468599))

table 5 : explain SELECT c FROM sbtest5 WHERE id BETWEEN 4203043 AND 4204042
	Bitmap Heap Scan on sbtest5  (cost=35.64..4232.44 rows=1093 width=121)
	  Recheck Cond: ((id >= 4203043) AND (id <= 4204042))
	  ->  Bitmap Index Scan on sbtest5_pkey  (cost=0.00..35.37 rows=1093 width=0)
	        Index Cond: ((id >= 4203043) AND (id <= 4204042))

table 6 : explain SELECT c FROM sbtest6 WHERE id BETWEEN 5349748 AND 5350747
	Bitmap Heap Scan on sbtest6  (cost=34.47..3802.60 rows=979 width=121)
	  Recheck Cond: ((id >= 5349748) AND (id <= 5350747))
	  ->  Bitmap Index Scan on sbtest6_pkey  (cost=0.00..34.23 rows=979 width=0)
	        Index Cond: ((id >= 5349748) AND (id <= 5350747))

table 7 : explain SELECT c FROM sbtest7 WHERE id BETWEEN 863991 AND 864990
	Bitmap Heap Scan on sbtest7  (cost=35.13..4044.62 rows=1043 width=121)
	  Recheck Cond: ((id >= 863991) AND (id <= 864990))
	  ->  Bitmap Index Scan on sbtest7_pkey  (cost=0.00..34.87 rows=1043 width=0)
	        Index Cond: ((id >= 863991) AND (id <= 864990))

table 8 : explain SELECT c FROM sbtest8 WHERE id BETWEEN 3617588 AND 3618587
	Index Scan using sbtest8_pkey on sbtest8  (cost=0.43..3514.22 rows=896 width=121)
	  Index Cond: ((id >= 3617588) AND (id <= 3618587))

for point_selects
table 1 : explain SELECT c FROM sbtest1 WHERE id=9087998
	Index Scan using sbtest1_pkey on sbtest1  (cost=0.43..8.45 rows=1 width=121)
	  Index Cond: (id = 9087998)

table 2 : explain SELECT c FROM sbtest2 WHERE id=7281232
	Index Scan using sbtest2_pkey on sbtest2  (cost=0.43..8.45 rows=1 width=121)
	  Index Cond: (id = 7281232)

table 3 : explain SELECT c FROM sbtest3 WHERE id=6009324
	Index Scan using sbtest3_pkey on sbtest3  (cost=0.43..8.45 rows=1 width=121)
	  Index Cond: (id = 6009324)

table 4 : explain SELECT c FROM sbtest4 WHERE id=7749835
	Index Scan using sbtest4_pkey on sbtest4  (cost=0.43..8.45 rows=1 width=121)
	  Index Cond: (id = 7749835)

table 5 : explain SELECT c FROM sbtest5 WHERE id=9882296
	Index Scan using sbtest5_pkey on sbtest5  (cost=0.43..8.45 rows=1 width=121)
	  Index Cond: (id = 9882296)

table 6 : explain SELECT c FROM sbtest6 WHERE id=9025641
	Index Scan using sbtest6_pkey on sbtest6  (cost=0.43..8.45 rows=1 width=121)
	  Index Cond: (id = 9025641)

table 7 : explain SELECT c FROM sbtest7 WHERE id=6999332
	Index Scan using sbtest7_pkey on sbtest7  (cost=0.43..8.45 rows=1 width=121)
	  Index Cond: (id = 6999332)

table 8 : explain SELECT c FROM sbtest8 WHERE id=5084504
	Index Scan using sbtest8_pkey on sbtest8  (cost=0.43..8.45 rows=1 width=121)
	  Index Cond: (id = 5084504)

for: sum_ranges
table 1 : explain SELECT SUM(k) FROM sbtest1 WHERE id BETWEEN 3627971 AND 3628970
	Aggregate  (cost=3824.77..3824.78 rows=1 width=8)
	  ->  Bitmap Heap Scan on sbtest1  (cost=34.54..3822.31 rows=986 width=4)
	        Recheck Cond: ((id >= 3627971) AND (id <= 3628970))
	        ->  Bitmap Index Scan on sbtest1_pkey  (cost=0.00..34.30 rows=986 width=0)
	              Index Cond: ((id >= 3627971) AND (id <= 3628970))

table 2 : explain SELECT SUM(k) FROM sbtest2 WHERE id BETWEEN 6746151 AND 6747150
	Aggregate  (cost=3832.55..3832.56 rows=1 width=8)
	  ->  Bitmap Heap Scan on sbtest2  (cost=34.55..3830.08 rows=987 width=4)
	        Recheck Cond: ((id >= 6746151) AND (id <= 6747150))
	        ->  Bitmap Index Scan on sbtest2_pkey  (cost=0.00..34.31 rows=987 width=0)
	              Index Cond: ((id >= 6746151) AND (id <= 6747150))

table 3 : explain SELECT SUM(k) FROM sbtest3 WHERE id BETWEEN 1094977 AND 1095976
	Aggregate  (cost=4076.97..4076.98 rows=1 width=8)
	  ->  Bitmap Heap Scan on sbtest3  (cost=35.22..4074.34 rows=1052 width=4)
	        Recheck Cond: ((id >= 1094977) AND (id <= 1095976))
	        ->  Bitmap Index Scan on sbtest3_pkey  (cost=0.00..34.95 rows=1052 width=0)
	              Index Cond: ((id >= 1094977) AND (id <= 1095976))

table 4 : explain SELECT SUM(k) FROM sbtest4 WHERE id BETWEEN 6194303 AND 6195302
	Aggregate  (cost=3796.48..3796.49 rows=1 width=8)
	  ->  Index Scan using sbtest4_pkey on sbtest4  (cost=0.43..3794.05 rows=971 width=4)
	        Index Cond: ((id >= 6194303) AND (id <= 6195302))

table 5 : explain SELECT SUM(k) FROM sbtest5 WHERE id BETWEEN 3866792 AND 3867791
	Aggregate  (cost=3936.97..3936.98 rows=1 width=8)
	  ->  Bitmap Heap Scan on sbtest5  (cost=34.83..3934.43 rows=1014 width=4)
	        Recheck Cond: ((id >= 3866792) AND (id <= 3867791))
	        ->  Bitmap Index Scan on sbtest5_pkey  (cost=0.00..34.58 rows=1014 width=0)
	              Index Cond: ((id >= 3866792) AND (id <= 3867791))

table 6 : explain SELECT SUM(k) FROM sbtest6 WHERE id BETWEEN 4407638 AND 4408637
	Aggregate  (cost=3907.19..3907.20 rows=1 width=8)
	  ->  Bitmap Heap Scan on sbtest6  (cost=34.75..3904.67 rows=1006 width=4)
	        Recheck Cond: ((id >= 4407638) AND (id <= 4408637))
	        ->  Bitmap Index Scan on sbtest6_pkey  (cost=0.00..34.50 rows=1006 width=0)
	              Index Cond: ((id >= 4407638) AND (id <= 4408637))

table 7 : explain SELECT SUM(k) FROM sbtest7 WHERE id BETWEEN 6816426 AND 6817425
	Aggregate  (cost=3949.28..3949.29 rows=1 width=8)
	  ->  Index Scan using sbtest7_pkey on sbtest7  (cost=0.43..3946.77 rows=1007 width=4)
	        Index Cond: ((id >= 6816426) AND (id <= 6817425))

table 8 : explain SELECT SUM(k) FROM sbtest8 WHERE id BETWEEN 6349345 AND 6350344
	Aggregate  (cost=4020.70..4020.71 rows=1 width=8)
	  ->  Bitmap Heap Scan on sbtest8  (cost=35.05..4018.11 rows=1036 width=4)
	        Recheck Cond: ((id >= 6349345) AND (id <= 6350344))
	        ->  Bitmap Index Scan on sbtest8_pkey  (cost=0.00..34.80 rows=1036 width=0)
	              Index Cond: ((id >= 6349345) AND (id <= 6350344))

for: simple_ranges
table 1 : explain SELECT c FROM sbtest1 WHERE id BETWEEN 5354771 AND 5355770
	Bitmap Heap Scan on sbtest1  (cost=34.74..3893.93 rows=1005 width=121)
	  Recheck Cond: ((id >= 5354771) AND (id <= 5355770))
	  ->  Bitmap Index Scan on sbtest1_pkey  (cost=0.00..34.48 rows=1005 width=0)
	        Index Cond: ((id >= 5354771) AND (id <= 5355770))

table 2 : explain SELECT c FROM sbtest2 WHERE id BETWEEN 8555389 AND 8556388
	Bitmap Heap Scan on sbtest2  (cost=34.03..3637.30 rows=936 width=121)
	  Recheck Cond: ((id >= 8555389) AND (id <= 8556388))
	  ->  Bitmap Index Scan on sbtest2_pkey  (cost=0.00..33.80 rows=936 width=0)
	        Index Cond: ((id >= 8555389) AND (id <= 8556388))

table 3 : explain SELECT c FROM sbtest3 WHERE id BETWEEN 1204595 AND 1205594
	Bitmap Heap Scan on sbtest3  (cost=34.61..3851.84 rows=993 width=121)
	  Recheck Cond: ((id >= 1204595) AND (id <= 1205594))
	  ->  Bitmap Index Scan on sbtest3_pkey  (cost=0.00..34.37 rows=993 width=0)
	        Index Cond: ((id >= 1204595) AND (id <= 1205594))

table 4 : explain SELECT c FROM sbtest4 WHERE id BETWEEN 7994007 AND 7995006
	Index Scan using sbtest4_pkey on sbtest4  (cost=0.43..4303.23 rows=1101 width=121)
	  Index Cond: ((id >= 7994007) AND (id <= 7995006))

table 5 : explain SELECT c FROM sbtest5 WHERE id BETWEEN 8646704 AND 8647703
	Bitmap Heap Scan on sbtest5  (cost=34.84..3938.21 rows=1015 width=121)
	  Recheck Cond: ((id >= 8646704) AND (id <= 8647703))
	  ->  Bitmap Index Scan on sbtest5_pkey  (cost=0.00..34.59 rows=1015 width=0)
	        Index Cond: ((id >= 8646704) AND (id <= 8647703))

table 6 : explain SELECT c FROM sbtest6 WHERE id BETWEEN 2891590 AND 2892589
	Bitmap Heap Scan on sbtest6  (cost=34.41..3779.91 rows=973 width=121)
	  Recheck Cond: ((id >= 2891590) AND (id <= 2892589))
	  ->  Bitmap Index Scan on sbtest6_pkey  (cost=0.00..34.17 rows=973 width=0)
	        Index Cond: ((id >= 2891590) AND (id <= 2892589))

table 7 : explain SELECT c FROM sbtest7 WHERE id BETWEEN 7145399 AND 7146398
	Bitmap Heap Scan on sbtest7  (cost=35.25..4089.91 rows=1055 width=121)
	  Recheck Cond: ((id >= 7145399) AND (id <= 7146398))
	  ->  Bitmap Index Scan on sbtest7_pkey  (cost=0.00..34.98 rows=1055 width=0)
	        Index Cond: ((id >= 7145399) AND (id <= 7146398))

table 8 : explain SELECT c FROM sbtest8 WHERE id BETWEEN 7615614 AND 7616613
	Index Scan using sbtest8_pkey on sbtest8  (cost=0.43..3752.43 rows=956 width=121)
	  Index Cond: ((id >= 7615614) AND (id <= 7616613))

for: order_ranges
table 1 : explain SELECT c FROM sbtest1 WHERE id BETWEEN 9685745 AND 9686744 ORDER BY c
	Sort  (cost=3744.95..3747.33 rows=953 width=121)
	  Sort Key: c
	  ->  Bitmap Heap Scan on sbtest1  (cost=34.20..3697.80 rows=953 width=121)
	        Recheck Cond: ((id >= 9685745) AND (id <= 9686744))
	        ->  Bitmap Index Scan on sbtest1_pkey  (cost=0.00..33.97 rows=953 width=0)
	              Index Cond: ((id >= 9685745) AND (id <= 9686744))

table 2 : explain SELECT c FROM sbtest2 WHERE id BETWEEN 9945898 AND 9946897 ORDER BY c
	Sort  (cost=3840.83..3843.27 rows=977 width=121)
	  Sort Key: c
	  ->  Bitmap Heap Scan on sbtest2  (cost=34.45..3792.31 rows=977 width=121)
	        Recheck Cond: ((id >= 9945898) AND (id <= 9946897))
	        ->  Bitmap Index Scan on sbtest2_pkey  (cost=0.00..34.20 rows=977 width=0)
	              Index Cond: ((id >= 9945898) AND (id <= 9946897))

table 3 : explain SELECT c FROM sbtest3 WHERE id BETWEEN 3303160 AND 3304159 ORDER BY c
	Sort  (cost=3916.60..3919.09 rows=997 width=121)
	  Sort Key: c
	  ->  Bitmap Heap Scan on sbtest3  (cost=34.65..3866.94 rows=997 width=121)
	        Recheck Cond: ((id >= 3303160) AND (id <= 3304159))
	        ->  Bitmap Index Scan on sbtest3_pkey  (cost=0.00..34.41 rows=997 width=0)
	              Index Cond: ((id >= 3303160) AND (id <= 3304159))

table 4 : explain SELECT c FROM sbtest4 WHERE id BETWEEN 2600301 AND 2601300 ORDER BY c
	Sort  (cost=3554.38..3556.63 rows=899 width=121)
	  Sort Key: c
	  ->  Index Scan using sbtest4_pkey on sbtest4  (cost=0.43..3510.27 rows=899 width=121)
	        Index Cond: ((id >= 2600301) AND (id <= 2601300))

table 5 : explain SELECT c FROM sbtest5 WHERE id BETWEEN 143024 AND 144023 ORDER BY c
	Sort  (cost=4364.27..4367.05 rows=1112 width=121)
	  Sort Key: c
	  ->  Bitmap Heap Scan on sbtest5  (cost=39.83..4308.01 rows=1112 width=121)
	        Recheck Cond: ((id >= 143024) AND (id <= 144023))
	        ->  Bitmap Index Scan on sbtest5_pkey  (cost=0.00..39.56 rows=1112 width=0)
	              Index Cond: ((id >= 143024) AND (id <= 144023))

table 6 : explain SELECT c FROM sbtest6 WHERE id BETWEEN 277769 AND 278768 ORDER BY c
	Sort  (cost=4054.54..4057.12 rows=1032 width=121)
	  Sort Key: c
	  ->  Bitmap Heap Scan on sbtest6  (cost=35.01..4002.88 rows=1032 width=121)
	        Recheck Cond: ((id >= 277769) AND (id <= 278768))
	        ->  Bitmap Index Scan on sbtest6_pkey  (cost=0.00..34.76 rows=1032 width=0)
	              Index Cond: ((id >= 277769) AND (id <= 278768))

table 7 : explain SELECT c FROM sbtest7 WHERE id BETWEEN 5202874 AND 5203873 ORDER BY c
	Sort  (cost=4036.58..4039.12 rows=1017 width=121)
	  Sort Key: c
	  ->  Index Scan using sbtest7_pkey on sbtest7  (cost=0.43..3985.78 rows=1017 width=121)
	        Index Cond: ((id >= 5202874) AND (id <= 5203873))

table 8 : explain SELECT c FROM sbtest8 WHERE id BETWEEN 8738757 AND 8739756 ORDER BY c
	Sort  (cost=4089.16..4091.76 rows=1041 width=121)
	  Sort Key: c
	  ->  Bitmap Heap Scan on sbtest8  (cost=35.11..4036.99 rows=1041 width=121)
	        Recheck Cond: ((id >= 8738757) AND (id <= 8739756))
	        ->  Bitmap Index Scan on sbtest8_pkey  (cost=0.00..34.84 rows=1041 width=0)
	              Index Cond: ((id >= 8738757) AND (id <= 8739756))

for: order_ranges
table 1 : explain SELECT c FROM sbtest1 WHERE id BETWEEN 2256852 AND 2257851 ORDER BY c
	Sort  (cost=4108.43..4111.05 rows=1048 width=121)
	  Sort Key: c
	  ->  Bitmap Heap Scan on sbtest1  (cost=35.18..4055.86 rows=1048 width=121)
	        Recheck Cond: ((id >= 2256852) AND (id <= 2257851))
	        ->  Bitmap Index Scan on sbtest1_pkey  (cost=0.00..34.92 rows=1048 width=0)
	              Index Cond: ((id >= 2256852) AND (id <= 2257851))

table 2 : explain SELECT c FROM sbtest2 WHERE id BETWEEN 4675540 AND 4676539 ORDER BY c
	Sort  (cost=4051.57..4054.15 rows=1032 width=121)
	  Sort Key: c
	  ->  Bitmap Heap Scan on sbtest2  (cost=35.01..3999.91 rows=1032 width=121)
	        Recheck Cond: ((id >= 4675540) AND (id <= 4676539))
	        ->  Bitmap Index Scan on sbtest2_pkey  (cost=0.00..34.76 rows=1032 width=0)
	              Index Cond: ((id >= 4675540) AND (id <= 4676539))

table 3 : explain SELECT c FROM sbtest3 WHERE id BETWEEN 1167500 AND 1168499 ORDER BY c
	Sort  (cost=3985.54..3988.08 rows=1015 width=121)
	  Sort Key: c
	  ->  Bitmap Heap Scan on sbtest3  (cost=34.84..3934.86 rows=1015 width=121)
	        Recheck Cond: ((id >= 1167500) AND (id <= 1168499))
	        ->  Bitmap Index Scan on sbtest3_pkey  (cost=0.00..34.59 rows=1015 width=0)
	              Index Cond: ((id >= 1167500) AND (id <= 1168499))

table 4 : explain SELECT c FROM sbtest4 WHERE id BETWEEN 8600504 AND 8601503 ORDER BY c
	Sort  (cost=3810.70..3813.11 rows=963 width=121)
	  Sort Key: c
	  ->  Index Scan using sbtest4_pkey on sbtest4  (cost=0.43..3762.98 rows=963 width=121)
	        Index Cond: ((id >= 8600504) AND (id <= 8601503))

table 5 : explain SELECT c FROM sbtest5 WHERE id BETWEEN 2248040 AND 2249039 ORDER BY c
	Sort  (cost=4050.23..4052.80 rows=1031 width=121)
	  Sort Key: c
	  ->  Bitmap Heap Scan on sbtest5  (cost=35.00..3998.63 rows=1031 width=121)
	        Recheck Cond: ((id >= 2248040) AND (id <= 2249039))
	        ->  Bitmap Index Scan on sbtest5_pkey  (cost=0.00..34.75 rows=1031 width=0)
	              Index Cond: ((id >= 2248040) AND (id <= 2249039))

table 6 : explain SELECT c FROM sbtest6 WHERE id BETWEEN 8588342 AND 8589341 ORDER BY c
	Sort  (cost=3874.26..3876.73 rows=985 width=121)
	  Sort Key: c
	  ->  Bitmap Heap Scan on sbtest6  (cost=34.53..3825.29 rows=985 width=121)
	        Recheck Cond: ((id >= 8588342) AND (id <= 8589341))
	        ->  Bitmap Index Scan on sbtest6_pkey  (cost=0.00..34.29 rows=985 width=0)
	              Index Cond: ((id >= 8588342) AND (id <= 8589341))

table 7 : explain SELECT c FROM sbtest7 WHERE id BETWEEN 4081314 AND 4082313 ORDER BY c
	Sort  (cost=3921.85..3924.32 rows=988 width=121)
	  Sort Key: c
	  ->  Index Scan using sbtest7_pkey on sbtest7  (cost=0.43..3872.71 rows=988 width=121)
	        Index Cond: ((id >= 4081314) AND (id <= 4082313))

table 8 : explain SELECT c FROM sbtest8 WHERE id BETWEEN 5785054 AND 5786053 ORDER BY c
	Sort  (cost=3633.42..3635.71 rows=914 width=121)
	  Sort Key: c
	  ->  Index Scan using sbtest8_pkey on sbtest8  (cost=0.43..3588.47 rows=914 width=121)
	        Index Cond: ((id >= 5785054) AND (id <= 5786053))

explain: for point_selects :: explain SELECT c FROM sbtest%u WHERE id=%u
for: distinct_ranges
table 1 : explain SELECT DISTINCT c FROM sbtest1 WHERE id BETWEEN 5414980 AND 5415979 ORDER BY c
	Unique  (cost=4165.72..4171.04 rows=1063 width=121)
	  ->  Sort  (cost=4165.72..4168.38 rows=1063 width=121)
	        Sort Key: c
	        ->  Bitmap Heap Scan on sbtest1  (cost=35.33..4112.29 rows=1063 width=121)
	              Recheck Cond: ((id >= 5414980) AND (id <= 5415979))
	              ->  Bitmap Index Scan on sbtest1_pkey  (cost=0.00..35.07 rows=1063 width=0)
	                    Index Cond: ((id >= 5414980) AND (id <= 5415979))

table 2 : explain SELECT DISTINCT c FROM sbtest2 WHERE id BETWEEN 7469004 AND 7470003 ORDER BY c
	Unique  (cost=3829.32..3834.19 rows=974 width=121)
	  ->  Sort  (cost=3829.32..3831.76 rows=974 width=121)
	        Sort Key: c
	        ->  Bitmap Heap Scan on sbtest2  (cost=34.42..3780.97 rows=974 width=121)
	              Recheck Cond: ((id >= 7469004) AND (id <= 7470003))
	              ->  Bitmap Index Scan on sbtest2_pkey  (cost=0.00..34.18 rows=974 width=0)
	                    Index Cond: ((id >= 7469004) AND (id <= 7470003))

table 3 : explain SELECT DISTINCT c FROM sbtest3 WHERE id BETWEEN 8175221 AND 8176220 ORDER BY c
	Unique  (cost=3747.91..3752.67 rows=953 width=121)
	  ->  Sort  (cost=3747.91..3750.29 rows=953 width=121)
	        Sort Key: c
	        ->  Bitmap Heap Scan on sbtest3  (cost=34.20..3700.75 rows=953 width=121)
	              Recheck Cond: ((id >= 8175221) AND (id <= 8176220))
	              ->  Bitmap Index Scan on sbtest3_pkey  (cost=0.00..33.97 rows=953 width=0)
	                    Index Cond: ((id >= 8175221) AND (id <= 8176220))

table 4 : explain SELECT DISTINCT c FROM sbtest4 WHERE id BETWEEN 4855616 AND 4856615 ORDER BY c
	Unique  (cost=4011.77..4016.84 rows=1014 width=121)
	  ->  Sort  (cost=4011.77..4014.30 rows=1014 width=121)
	        Sort Key: c
	        ->  Index Scan using sbtest4_pkey on sbtest4  (cost=0.43..3961.14 rows=1014 width=121)
	              Index Cond: ((id >= 4855616) AND (id <= 4856615))

table 5 : explain SELECT DISTINCT c FROM sbtest5 WHERE id BETWEEN 1233195 AND 1234194 ORDER BY c
	Unique  (cost=3612.59..3617.18 rows=917 width=121)
	  ->  Sort  (cost=3612.59..3614.88 rows=917 width=121)
	        Sort Key: c
	        ->  Bitmap Heap Scan on sbtest5  (cost=33.83..3567.47 rows=917 width=121)
	              Recheck Cond: ((id >= 1233195) AND (id <= 1234194))
	              ->  Bitmap Index Scan on sbtest5_pkey  (cost=0.00..33.61 rows=917 width=0)
	                    Index Cond: ((id >= 1233195) AND (id <= 1234194))

table 6 : explain SELECT DISTINCT c FROM sbtest6 WHERE id BETWEEN 1389875 AND 1390874 ORDER BY c
	Unique  (cost=3954.84..3959.87 rows=1006 width=121)
	  ->  Sort  (cost=3954.84..3957.36 rows=1006 width=121)
	        Sort Key: c
	        ->  Bitmap Heap Scan on sbtest6  (cost=34.75..3904.67 rows=1006 width=121)
	              Recheck Cond: ((id >= 1389875) AND (id <= 1390874))
	              ->  Bitmap Index Scan on sbtest6_pkey  (cost=0.00..34.50 rows=1006 width=0)
	                    Index Cond: ((id >= 1389875) AND (id <= 1390874))

table 7 : explain SELECT DISTINCT c FROM sbtest7 WHERE id BETWEEN 4175318 AND 4176317 ORDER BY c
	Unique  (cost=3898.13..3903.04 rows=982 width=121)
	  ->  Sort  (cost=3898.13..3900.58 rows=982 width=121)
	        Sort Key: c
	        ->  Index Scan using sbtest7_pkey on sbtest7  (cost=0.43..3849.32 rows=982 width=121)
	              Index Cond: ((id >= 4175318) AND (id <= 4176317))

table 8 : explain SELECT DISTINCT c FROM sbtest8 WHERE id BETWEEN 8207220 AND 8208219 ORDER BY c
	Unique  (cost=3977.99..3983.05 rows=1012 width=121)
	  ->  Sort  (cost=3977.99..3980.52 rows=1012 width=121)
	        Sort Key: c
	        ->  Bitmap Heap Scan on sbtest8  (cost=34.81..3927.47 rows=1012 width=121)
	              Recheck Cond: ((id >= 8207220) AND (id <= 8208219))
	              ->  Bitmap Index Scan on sbtest8_pkey  (cost=0.00..34.56 rows=1012 width=0)
	                    Index Cond: ((id >= 8207220) AND (id <= 8208219))

for: simple_ranges
table 1 : explain SELECT c FROM sbtest1 WHERE id BETWEEN 6326209 AND 6327208
	Bitmap Heap Scan on sbtest1  (cost=34.14..3675.14 rows=947 width=121)
	  Recheck Cond: ((id >= 6326209) AND (id <= 6327208))
	  ->  Bitmap Index Scan on sbtest1_pkey  (cost=0.00..33.91 rows=947 width=0)
	        Index Cond: ((id >= 6326209) AND (id <= 6327208))

table 2 : explain SELECT c FROM sbtest2 WHERE id BETWEEN 274358 AND 275357
	Bitmap Heap Scan on sbtest2  (cost=34.66..3871.62 rows=998 width=121)
	  Recheck Cond: ((id >= 274358) AND (id <= 275357))
	  ->  Bitmap Index Scan on sbtest2_pkey  (cost=0.00..34.42 rows=998 width=0)
	        Index Cond: ((id >= 274358) AND (id <= 275357))

table 3 : explain SELECT c FROM sbtest3 WHERE id BETWEEN 6865888 AND 6866887
	Bitmap Heap Scan on sbtest3  (cost=34.13..3674.29 rows=946 width=121)
	  Recheck Cond: ((id >= 6865888) AND (id <= 6866887))
	  ->  Bitmap Index Scan on sbtest3_pkey  (cost=0.00..33.90 rows=946 width=0)
	        Index Cond: ((id >= 6865888) AND (id <= 6866887))

table 4 : explain SELECT c FROM sbtest4 WHERE id BETWEEN 3663113 AND 3664112
	Index Scan using sbtest4_pkey on sbtest4  (cost=0.43..3996.14 rows=1023 width=121)
	  Index Cond: ((id >= 3663113) AND (id <= 3664112))

table 5 : explain SELECT c FROM sbtest5 WHERE id BETWEEN 303351 AND 304350
	Bitmap Heap Scan on sbtest5  (cost=34.82..3930.66 rows=1013 width=121)
	  Recheck Cond: ((id >= 303351) AND (id <= 304350))
	  ->  Bitmap Index Scan on sbtest5_pkey  (cost=0.00..34.57 rows=1013 width=0)
	        Index Cond: ((id >= 303351) AND (id <= 304350))

table 6 : explain SELECT c FROM sbtest6 WHERE id BETWEEN 893698 AND 894697
	Bitmap Heap Scan on sbtest6  (cost=34.21..3708.01 rows=954 width=121)
	  Recheck Cond: ((id >= 893698) AND (id <= 894697))
	  ->  Bitmap Index Scan on sbtest6_pkey  (cost=0.00..33.98 rows=954 width=0)
	        Index Cond: ((id >= 893698) AND (id <= 894697))

table 7 : explain SELECT c FROM sbtest7 WHERE id BETWEEN 8131405 AND 8132404
	Bitmap Heap Scan on sbtest7  (cost=34.88..3954.00 rows=1019 width=121)
	  Recheck Cond: ((id >= 8131405) AND (id <= 8132404))
	  ->  Bitmap Index Scan on sbtest7_pkey  (cost=0.00..34.62 rows=1019 width=0)
	        Index Cond: ((id >= 8131405) AND (id <= 8132404))

table 8 : explain SELECT c FROM sbtest8 WHERE id BETWEEN 7084959 AND 7085958
	Bitmap Heap Scan on sbtest8  (cost=35.40..4146.40 rows=1070 width=121)
	  Recheck Cond: ((id >= 7084959) AND (id <= 7085958))
	  ->  Bitmap Index Scan on sbtest8_pkey  (cost=0.00..35.14 rows=1070 width=0)
	        Index Cond: ((id >= 7084959) AND (id <= 7085958))

for: sum_ranges
table 1 : explain SELECT SUM(k) FROM sbtest1 WHERE id BETWEEN 4510913 AND 4511912
	Aggregate  (cost=3990.68..3990.69 rows=1 width=8)
	  ->  Bitmap Heap Scan on sbtest1  (cost=34.99..3988.10 rows=1030 width=4)
	        Recheck Cond: ((id >= 4510913) AND (id <= 4511912))
	        ->  Bitmap Index Scan on sbtest1_pkey  (cost=0.00..34.73 rows=1030 width=0)
	              Index Cond: ((id >= 4510913) AND (id <= 4511912))

table 2 : explain SELECT SUM(k) FROM sbtest2 WHERE id BETWEEN 2572059 AND 2573058
	Aggregate  (cost=3544.74..3544.75 rows=1 width=8)
	  ->  Bitmap Heap Scan on sbtest2  (cost=29.78..3542.46 rows=912 width=4)
	        Recheck Cond: ((id >= 2572059) AND (id <= 2573058))
	        ->  Bitmap Index Scan on sbtest2_pkey  (cost=0.00..29.55 rows=912 width=0)
	              Index Cond: ((id >= 2572059) AND (id <= 2573058))

table 3 : explain SELECT SUM(k) FROM sbtest3 WHERE id BETWEEN 8470633 AND 8471632
	Aggregate  (cost=4280.60..4280.61 rows=1 width=8)
	  ->  Bitmap Heap Scan on sbtest3  (cost=39.76..4277.84 rows=1105 width=4)
	        Recheck Cond: ((id >= 8470633) AND (id <= 8471632))
	        ->  Bitmap Index Scan on sbtest3_pkey  (cost=0.00..39.48 rows=1105 width=0)
	              Index Cond: ((id >= 8470633) AND (id <= 8471632))

table 4 : explain SELECT SUM(k) FROM sbtest4 WHERE id BETWEEN 3173323 AND 3174322
	Aggregate  (cost=3870.38..3870.39 rows=1 width=8)
	  ->  Index Scan using sbtest4_pkey on sbtest4  (cost=0.43..3867.90 rows=990 width=4)
	        Index Cond: ((id >= 3173323) AND (id <= 3174322))

table 5 : explain SELECT SUM(k) FROM sbtest5 WHERE id BETWEEN 1223674 AND 1224673
	Aggregate  (cost=3569.76..3569.77 rows=1 width=8)
	  ->  Bitmap Heap Scan on sbtest5  (cost=33.83..3567.47 rows=917 width=4)
	        Recheck Cond: ((id >= 1223674) AND (id <= 1224673))
	        ->  Bitmap Index Scan on sbtest5_pkey  (cost=0.00..33.61 rows=917 width=0)
	              Index Cond: ((id >= 1223674) AND (id <= 1224673))

table 6 : explain SELECT SUM(k) FROM sbtest6 WHERE id BETWEEN 6841512 AND 6842511
	Aggregate  (cost=3589.12..3589.13 rows=1 width=8)
	  ->  Bitmap Heap Scan on sbtest6  (cost=33.89..3586.82 rows=922 width=4)
	        Recheck Cond: ((id >= 6841512) AND (id <= 6842511))
	        ->  Bitmap Index Scan on sbtest6_pkey  (cost=0.00..33.66 rows=922 width=0)
	              Index Cond: ((id >= 6841512) AND (id <= 6842511))

table 7 : explain SELECT SUM(k) FROM sbtest7 WHERE id BETWEEN 1959751 AND 1960750
	Aggregate  (cost=3703.50..3703.51 rows=1 width=8)
	  ->  Index Scan using sbtest7_pkey on sbtest7  (cost=0.43..3701.14 rows=944 width=4)
	        Index Cond: ((id >= 1959751) AND (id <= 1960750))

table 8 : explain SELECT SUM(k) FROM sbtest8 WHERE id BETWEEN 7802367 AND 7803366
	Aggregate  (cost=3766.54..3766.55 rows=1 width=8)
	  ->  Index Scan using sbtest8_pkey on sbtest8  (cost=0.43..3764.14 rows=959 width=4)
	        Index Cond: ((id >= 7802367) AND (id <= 7803366))

for: order_ranges
table 1 : explain SELECT c FROM sbtest1 WHERE id BETWEEN 1035447 AND 1036446 ORDER BY c
	Sort  (cost=3626.10..3628.41 rows=922 width=121)
	  Sort Key: c
	  ->  Bitmap Heap Scan on sbtest1  (cost=33.89..3580.70 rows=922 width=121)
	        Recheck Cond: ((id >= 1035447) AND (id <= 1036446))
	        ->  Bitmap Index Scan on sbtest1_pkey  (cost=0.00..33.66 rows=922 width=0)
	              Index Cond: ((id >= 1035447) AND (id <= 1036446))

table 2 : explain SELECT c FROM sbtest2 WHERE id BETWEEN 1772182 AND 1773181 ORDER BY c
	Sort  (cost=3714.21..3716.57 rows=944 width=121)
	  Sort Key: c
	  ->  Bitmap Heap Scan on sbtest2  (cost=34.11..3667.56 rows=944 width=121)
	        Recheck Cond: ((id >= 1772182) AND (id <= 1773181))
	        ->  Bitmap Index Scan on sbtest2_pkey  (cost=0.00..33.88 rows=944 width=0)
	              Index Cond: ((id >= 1772182) AND (id <= 1773181))

table 3 : explain SELECT c FROM sbtest3 WHERE id BETWEEN 7462848 AND 7463847 ORDER BY c
	Sort  (cost=3617.39..3619.69 rows=919 width=121)
	  Sort Key: c
	  ->  Bitmap Heap Scan on sbtest3  (cost=33.85..3572.16 rows=919 width=121)
	        Recheck Cond: ((id >= 7462848) AND (id <= 7463847))
	        ->  Bitmap Index Scan on sbtest3_pkey  (cost=0.00..33.62 rows=919 width=0)
	              Index Cond: ((id >= 7462848) AND (id <= 7463847))

table 4 : explain SELECT c FROM sbtest4 WHERE id BETWEEN 2777464 AND 2778463 ORDER BY c
	Sort  (cost=3341.50..3343.61 rows=845 width=121)
	  Sort Key: c
	  ->  Index Scan using sbtest4_pkey on sbtest4  (cost=0.43..3300.42 rows=845 width=121)
	        Index Cond: ((id >= 2777464) AND (id <= 2778463))

table 5 : explain SELECT c FROM sbtest5 WHERE id BETWEEN 1587942 AND 1588941 ORDER BY c
	Sort  (cost=3912.19..3914.68 rows=995 width=121)
	  Sort Key: c
	  ->  Bitmap Heap Scan on sbtest5  (cost=34.63..3862.65 rows=995 width=121)
	        Recheck Cond: ((id >= 1587942) AND (id <= 1588941))
	        ->  Bitmap Index Scan on sbtest5_pkey  (cost=0.00..34.39 rows=995 width=0)
	              Index Cond: ((id >= 1587942) AND (id <= 1588941))

table 6 : explain SELECT c FROM sbtest6 WHERE id BETWEEN 4976457 AND 4977456 ORDER BY c
	Sort  (cost=4100.52..4103.13 rows=1044 width=121)
	  Sort Key: c
	  ->  Bitmap Heap Scan on sbtest6  (cost=35.14..4048.18 rows=1044 width=121)
	        Recheck Cond: ((id >= 4976457) AND (id <= 4977456))
	        ->  Bitmap Index Scan on sbtest6_pkey  (cost=0.00..34.88 rows=1044 width=0)
	              Index Cond: ((id >= 4976457) AND (id <= 4977456))

table 7 : explain SELECT c FROM sbtest7 WHERE id BETWEEN 6077980 AND 6078979 ORDER BY c
	Sort  (cost=3874.37..3876.81 rows=976 width=121)
	  Sort Key: c
	  ->  Index Scan using sbtest7_pkey on sbtest7  (cost=0.43..3825.90 rows=976 width=121)
	        Index Cond: ((id >= 6077980) AND (id <= 6078979))

table 8 : explain SELECT c FROM sbtest8 WHERE id BETWEEN 3383746 AND 3384745 ORDER BY c
	Sort  (cost=4280.62..4283.35 rows=1091 width=121)
	  Sort Key: c
	  ->  Bitmap Heap Scan on sbtest8  (cost=35.62..4225.57 rows=1091 width=121)
	        Recheck Cond: ((id >= 3383746) AND (id <= 3384745))
	        ->  Bitmap Index Scan on sbtest8_pkey  (cost=0.00..35.34 rows=1091 width=0)
	              Index Cond: ((id >= 3383746) AND (id <= 3384745))

for: distinct_ranges
table 1 : explain SELECT DISTINCT c FROM sbtest1 WHERE id BETWEEN 7926963 AND 7927962 ORDER BY c
	Unique  (cost=4081.69..4086.89 rows=1041 width=121)
	  ->  Sort  (cost=4081.69..4084.29 rows=1041 width=121)
	        Sort Key: c
	        ->  Bitmap Heap Scan on sbtest1  (cost=35.11..4029.51 rows=1041 width=121)
	              Recheck Cond: ((id >= 7926963) AND (id <= 7927962))
	              ->  Bitmap Index Scan on sbtest1_pkey  (cost=0.00..34.84 rows=1041 width=0)
	                    Index Cond: ((id >= 7926963) AND (id <= 7927962))

table 2 : explain SELECT DISTINCT c FROM sbtest2 WHERE id BETWEEN 7507898 AND 7508897 ORDER BY c
	Unique  (cost=4120.47..4125.72 rows=1050 width=121)
	  ->  Sort  (cost=4120.47..4123.09 rows=1050 width=121)
	        Sort Key: c
	        ->  Bitmap Heap Scan on sbtest2  (cost=35.20..4067.78 rows=1050 width=121)
	              Recheck Cond: ((id >= 7507898) AND (id <= 7508897))
	              ->  Bitmap Index Scan on sbtest2_pkey  (cost=0.00..34.94 rows=1050 width=0)
	                    Index Cond: ((id >= 7507898) AND (id <= 7508897))

table 3 : explain SELECT DISTINCT c FROM sbtest3 WHERE id BETWEEN 6094425 AND 6095424 ORDER BY c
	Unique  (cost=4299.14..4304.63 rows=1097 width=121)
	  ->  Sort  (cost=4299.14..4301.88 rows=1097 width=121)
	        Sort Key: c
	        ->  Bitmap Heap Scan on sbtest3  (cost=35.68..4243.75 rows=1097 width=121)
	              Recheck Cond: ((id >= 6094425) AND (id <= 6095424))
	              ->  Bitmap Index Scan on sbtest3_pkey  (cost=0.00..35.41 rows=1097 width=0)
	                    Index Cond: ((id >= 6094425) AND (id <= 6095424))

table 4 : explain SELECT DISTINCT c FROM sbtest4 WHERE id BETWEEN 9130752 AND 9131751 ORDER BY c
	Unique  (cost=4500.83..4506.52 rows=1137 width=121)
	  ->  Sort  (cost=4500.83..4503.67 rows=1137 width=121)
	        Sort Key: c
	        ->  Index Scan using sbtest4_pkey on sbtest4  (cost=0.43..4443.12 rows=1137 width=121)
	              Index Cond: ((id >= 9130752) AND (id <= 9131751))

table 5 : explain SELECT DISTINCT c FROM sbtest5 WHERE id BETWEEN 5769623 AND 5770622 ORDER BY c
	Unique  (cost=4161.31..4166.61 rows=1060 width=121)
	  ->  Sort  (cost=4161.31..4163.96 rows=1060 width=121)
	        Sort Key: c
	        ->  Bitmap Heap Scan on sbtest5  (cost=35.30..4108.05 rows=1060 width=121)
	              Recheck Cond: ((id >= 5769623) AND (id <= 5770622))
	              ->  Bitmap Index Scan on sbtest5_pkey  (cost=0.00..35.04 rows=1060 width=0)
	                    Index Cond: ((id >= 5769623) AND (id <= 5770622))

table 6 : explain SELECT DISTINCT c FROM sbtest6 WHERE id BETWEEN 7327365 AND 7328364 ORDER BY c
	Unique  (cost=4142.66..4147.94 rows=1055 width=121)
	  ->  Sort  (cost=4142.66..4145.30 rows=1055 width=121)
	        Sort Key: c
	        ->  Bitmap Heap Scan on sbtest6  (cost=35.25..4089.68 rows=1055 width=121)
	              Recheck Cond: ((id >= 7327365) AND (id <= 7328364))
	              ->  Bitmap Index Scan on sbtest6_pkey  (cost=0.00..34.98 rows=1055 width=0)
	                    Index Cond: ((id >= 7327365) AND (id <= 7328364))

table 7 : explain SELECT DISTINCT c FROM sbtest7 WHERE id BETWEEN 170248 AND 171247 ORDER BY c
	Unique  (cost=3909.99..3914.91 rows=985 width=121)
	  ->  Sort  (cost=3909.99..3912.45 rows=985 width=121)
	        Sort Key: c
	        ->  Index Scan using sbtest7_pkey on sbtest7  (cost=0.43..3861.02 rows=985 width=121)
	              Index Cond: ((id >= 170248) AND (id <= 171247))

table 8 : explain SELECT DISTINCT c FROM sbtest8 WHERE id BETWEEN 99815 AND 100814 ORDER BY c
	Unique  (cost=3629.46..3634.03 rows=913 width=121)
	  ->  Sort  (cost=3629.46..3631.74 rows=913 width=121)
	        Sort Key: c
	        ->  Index Scan using sbtest8_pkey on sbtest8  (cost=0.43..3584.57 rows=913 width=121)
	              Index Cond: ((id >= 99815) AND (id <= 100814))

for: order_ranges
table 1 : explain SELECT c FROM sbtest1 WHERE id BETWEEN 2144087 AND 2145086 ORDER BY c
	Sort  (cost=4322.38..4325.13 rows=1103 width=121)
	  Sort Key: c
	  ->  Bitmap Heap Scan on sbtest1  (cost=39.74..4266.63 rows=1103 width=121)
	        Recheck Cond: ((id >= 2144087) AND (id <= 2145086))
	        ->  Bitmap Index Scan on sbtest1_pkey  (cost=0.00..39.47 rows=1103 width=0)
	              Index Cond: ((id >= 2144087) AND (id <= 2145086))

table 2 : explain SELECT c FROM sbtest2 WHERE id BETWEEN 70344 AND 71343 ORDER BY c
	Sort  (cost=3844.66..3847.11 rows=978 width=121)
	  Sort Key: c
	  ->  Bitmap Heap Scan on sbtest2  (cost=34.46..3796.09 rows=978 width=121)
	        Recheck Cond: ((id >= 70344) AND (id <= 71343))
	        ->  Bitmap Index Scan on sbtest2_pkey  (cost=0.00..34.22 rows=978 width=0)
	              Index Cond: ((id >= 70344) AND (id <= 71343))

table 3 : explain SELECT c FROM sbtest3 WHERE id BETWEEN 8106388 AND 8107387 ORDER BY c
	Sort  (cost=3747.91..3750.29 rows=953 width=121)
	  Sort Key: c
	  ->  Bitmap Heap Scan on sbtest3  (cost=34.20..3700.75 rows=953 width=121)
	        Recheck Cond: ((id >= 8106388) AND (id <= 8107387))
	        ->  Bitmap Index Scan on sbtest3_pkey  (cost=0.00..33.97 rows=953 width=0)
	              Index Cond: ((id >= 8106388) AND (id <= 8107387))

table 4 : explain SELECT c FROM sbtest4 WHERE id BETWEEN 5251933 AND 5252932 ORDER BY c
	Sort  (cost=3913.22..3915.69 rows=989 width=121)
	  Sort Key: c
	  ->  Index Scan using sbtest4_pkey on sbtest4  (cost=0.43..3864.02 rows=989 width=121)
	        Index Cond: ((id >= 5251933) AND (id <= 5252932))

table 5 : explain SELECT c FROM sbtest5 WHERE id BETWEEN 3962808 AND 3963807 ORDER BY c
	Sort  (cost=3912.19..3914.68 rows=995 width=121)
	  Sort Key: c
	  ->  Bitmap Heap Scan on sbtest5  (cost=34.63..3862.65 rows=995 width=121)
	        Recheck Cond: ((id >= 3962808) AND (id <= 3963807))
	        ->  Bitmap Index Scan on sbtest5_pkey  (cost=0.00..34.39 rows=995 width=0)
	              Index Cond: ((id >= 3962808) AND (id <= 3963807))

table 6 : explain SELECT c FROM sbtest6 WHERE id BETWEEN 597290 AND 598289 ORDER BY c
	Sort  (cost=4027.70..4030.26 rows=1025 width=121)
	  Sort Key: c
	  ->  Bitmap Heap Scan on sbtest6  (cost=34.94..3976.45 rows=1025 width=121)
	        Recheck Cond: ((id >= 597290) AND (id <= 598289))
	        ->  Bitmap Index Scan on sbtest6_pkey  (cost=0.00..34.69 rows=1025 width=0)
	              Index Cond: ((id >= 597290) AND (id <= 598289))

table 7 : explain SELECT c FROM sbtest7 WHERE id BETWEEN 7407572 AND 7408571 ORDER BY c
	Sort  (cost=3913.94..3916.41 rows=986 width=121)
	  Sort Key: c
	  ->  Index Scan using sbtest7_pkey on sbtest7  (cost=0.43..3864.91 rows=986 width=121)
	        Index Cond: ((id >= 7407572) AND (id <= 7408571))

table 8 : explain SELECT c FROM sbtest8 WHERE id BETWEEN 7350344 AND 7351343 ORDER BY c
	Sort  (cost=3859.04..3861.49 rows=981 width=121)
	  Sort Key: c
	  ->  Bitmap Heap Scan on sbtest8  (cost=34.49..3810.29 rows=981 width=121)
	        Recheck Cond: ((id >= 7350344) AND (id <= 7351343))
	        ->  Bitmap Index Scan on sbtest8_pkey  (cost=0.00..34.25 rows=981 width=0)
	              Index Cond: ((id >= 7350344) AND (id <= 7351343))

for point_selects
table 1 : explain SELECT c FROM sbtest1 WHERE id=1658393
	Index Scan using sbtest1_pkey on sbtest1  (cost=0.43..8.45 rows=1 width=121)
	  Index Cond: (id = 1658393)

table 2 : explain SELECT c FROM sbtest2 WHERE id=916848
	Index Scan using sbtest2_pkey on sbtest2  (cost=0.43..8.45 rows=1 width=121)
	  Index Cond: (id = 916848)

table 3 : explain SELECT c FROM sbtest3 WHERE id=8900287
	Index Scan using sbtest3_pkey on sbtest3  (cost=0.43..8.45 rows=1 width=121)
	  Index Cond: (id = 8900287)

table 4 : explain SELECT c FROM sbtest4 WHERE id=5103426
	Index Scan using sbtest4_pkey on sbtest4  (cost=0.43..8.45 rows=1 width=121)
	  Index Cond: (id = 5103426)

table 5 : explain SELECT c FROM sbtest5 WHERE id=3559297
	Index Scan using sbtest5_pkey on sbtest5  (cost=0.43..8.45 rows=1 width=121)
	  Index Cond: (id = 3559297)

table 6 : explain SELECT c FROM sbtest6 WHERE id=8571268
	Index Scan using sbtest6_pkey on sbtest6  (cost=0.43..8.45 rows=1 width=121)
	  Index Cond: (id = 8571268)

table 7 : explain SELECT c FROM sbtest7 WHERE id=1885959
	Index Scan using sbtest7_pkey on sbtest7  (cost=0.43..8.45 rows=1 width=121)
	  Index Cond: (id = 1885959)

table 8 : explain SELECT c FROM sbtest8 WHERE id=2764223
	Index Scan using sbtest8_pkey on sbtest8  (cost=0.43..8.45 rows=1 width=121)
	  Index Cond: (id = 2764223)
for: sum_ranges
table 1 : explain SELECT SUM(k) FROM sbtest1 WHERE id BETWEEN 5890846 AND 5891845
	Aggregate  (cost=3692.62..3692.63 rows=1 width=8)
	  ->  Bitmap Heap Scan on sbtest1  (cost=34.18..3690.25 rows=951 width=4)
	        Recheck Cond: ((id >= 5890846) AND (id <= 5891845))
	        ->  Bitmap Index Scan on sbtest1_pkey  (cost=0.00..33.95 rows=951 width=0)
	              Index Cond: ((id >= 5890846) AND (id <= 5891845))

table 2 : explain SELECT SUM(k) FROM sbtest2 WHERE id BETWEEN 4613210 AND 4614209
	Aggregate  (cost=4002.49..4002.50 rows=1 width=8)
	  ->  Bitmap Heap Scan on sbtest2  (cost=35.01..3999.91 rows=1032 width=4)
	        Recheck Cond: ((id >= 4613210) AND (id <= 4614209))
	        ->  Bitmap Index Scan on sbtest2_pkey  (cost=0.00..34.76 rows=1032 width=0)
	              Index Cond: ((id >= 4613210) AND (id <= 4614209))

table 3 : explain SELECT SUM(k) FROM sbtest3 WHERE id BETWEEN 9484663 AND 9485662
	Aggregate  (cost=4076.97..4076.98 rows=1 width=8)
	  ->  Bitmap Heap Scan on sbtest3  (cost=35.22..4074.34 rows=1052 width=4)
	        Recheck Cond: ((id >= 9484663) AND (id <= 9485662))
	        ->  Bitmap Index Scan on sbtest3_pkey  (cost=0.00..34.95 rows=1052 width=0)
	              Index Cond: ((id >= 9484663) AND (id <= 9485662))

table 4 : explain SELECT SUM(k) FROM sbtest4 WHERE id BETWEEN 8169605 AND 8170604
	Aggregate  (cost=4196.99..4197.00 rows=1 width=8)
	  ->  Index Scan using sbtest4_pkey on sbtest4  (cost=0.43..4194.30 rows=1074 width=4)
	        Index Cond: ((id >= 8169605) AND (id <= 8170604))

table 5 : explain SELECT SUM(k) FROM sbtest5 WHERE id BETWEEN 1540106 AND 1541105
	Aggregate  (cost=3865.13..3865.14 rows=1 width=8)
	  ->  Bitmap Heap Scan on sbtest5  (cost=34.63..3862.65 rows=995 width=4)
	        Recheck Cond: ((id >= 1540106) AND (id <= 1541105))
	        ->  Bitmap Index Scan on sbtest5_pkey  (cost=0.00..34.39 rows=995 width=0)
	              Index Cond: ((id >= 1540106) AND (id <= 1541105))

table 6 : explain SELECT SUM(k) FROM sbtest6 WHERE id BETWEEN 2921548 AND 2922547
	Aggregate  (cost=4443.15..4443.16 rows=1 width=8)
	  ->  Bitmap Heap Scan on sbtest6  (cost=40.19..4440.28 rows=1147 width=4)
	        Recheck Cond: ((id >= 2921548) AND (id <= 2922547))
	        ->  Bitmap Index Scan on sbtest6_pkey  (cost=0.00..39.91 rows=1147 width=0)
	              Index Cond: ((id >= 2921548) AND (id <= 2922547))

table 7 : explain SELECT SUM(k) FROM sbtest7 WHERE id BETWEEN 2090377 AND 2091376
	Aggregate  (cost=4062.34..4062.35 rows=1 width=8)
	  ->  Bitmap Heap Scan on sbtest7  (cost=35.17..4059.72 rows=1047 width=4)
	        Recheck Cond: ((id >= 2090377) AND (id <= 2091376))
	        ->  Bitmap Index Scan on sbtest7_pkey  (cost=0.00..34.91 rows=1047 width=0)
	              Index Cond: ((id >= 2090377) AND (id <= 2091376))

table 8 : explain SELECT SUM(k) FROM sbtest8 WHERE id BETWEEN 8812852 AND 8813851
	Aggregate  (cost=4039.59..4039.60 rows=1 width=8)
	  ->  Bitmap Heap Scan on sbtest8  (cost=35.11..4036.99 rows=1041 width=4)
	        Recheck Cond: ((id >= 8812852) AND (id <= 8813851))
	        ->  Bitmap Index Scan on sbtest8_pkey  (cost=0.00..34.84 rows=1041 width=0)
	              Index Cond: ((id >= 8812852) AND (id <= 8813851))


explain: for point_selects :: explain SELECT c FROM sbtest%u WHERE id=%u
for point_selects
table 1 : explain SELECT c FROM sbtest1 WHERE id=1286963
	Index Scan using sbtest1_pkey on sbtest1  (cost=0.43..8.45 rows=1 width=121)
	  Index Cond: (id = 1286963)

table 2 : explain SELECT c FROM sbtest2 WHERE id=6532597
	Index Scan using sbtest2_pkey on sbtest2  (cost=0.43..8.45 rows=1 width=121)
	  Index Cond: (id = 6532597)

table 3 : explain SELECT c FROM sbtest3 WHERE id=6162370
	Index Scan using sbtest3_pkey on sbtest3  (cost=0.43..8.45 rows=1 width=121)
	  Index Cond: (id = 6162370)

table 4 : explain SELECT c FROM sbtest4 WHERE id=5461929
	Index Scan using sbtest4_pkey on sbtest4  (cost=0.43..8.45 rows=1 width=121)
	  Index Cond: (id = 5461929)

table 5 : explain SELECT c FROM sbtest5 WHERE id=4646325
	Index Scan using sbtest5_pkey on sbtest5  (cost=0.43..8.45 rows=1 width=121)
	  Index Cond: (id = 4646325)

table 6 : explain SELECT c FROM sbtest6 WHERE id=6148513
	Index Scan using sbtest6_pkey on sbtest6  (cost=0.43..8.45 rows=1 width=121)
	  Index Cond: (id = 6148513)

table 7 : explain SELECT c FROM sbtest7 WHERE id=3869036
	Index Scan using sbtest7_pkey on sbtest7  (cost=0.43..8.45 rows=1 width=121)
	  Index Cond: (id = 3869036)

table 8 : explain SELECT c FROM sbtest8 WHERE id=4094793
	Index Scan using sbtest8_pkey on sbtest8  (cost=0.43..8.45 rows=1 width=121)
	  Index Cond: (id = 4094793)

for: order_ranges
table 1 : explain SELECT c FROM sbtest1 WHERE id BETWEEN 5222299 AND 5223298 ORDER BY c
	Sort  (cost=4268.78..4271.51 rows=1090 width=121)
	  Sort Key: c
	  ->  Bitmap Heap Scan on sbtest1  (cost=35.61..4213.79 rows=1090 width=121)
	        Recheck Cond: ((id >= 5222299) AND (id <= 5223298))
	        ->  Bitmap Index Scan on sbtest1_pkey  (cost=0.00..35.34 rows=1090 width=0)
	              Index Cond: ((id >= 5222299) AND (id <= 5223298))

table 2 : explain SELECT c FROM sbtest2 WHERE id BETWEEN 2821483 AND 2822482 ORDER BY c
	Sort  (cost=4101.33..4103.95 rows=1045 width=121)
	  Sort Key: c
	  ->  Bitmap Heap Scan on sbtest2  (cost=35.15..4048.93 rows=1045 width=121)
	        Recheck Cond: ((id >= 2821483) AND (id <= 2822482))
	        ->  Bitmap Index Scan on sbtest2_pkey  (cost=0.00..34.89 rows=1045 width=0)
	              Index Cond: ((id >= 2821483) AND (id <= 2822482))

table 3 : explain SELECT c FROM sbtest3 WHERE id BETWEEN 4333136 AND 4334135 ORDER BY c
	Sort  (cost=4195.97..4198.64 rows=1070 width=121)
	  Sort Key: c
	  ->  Bitmap Heap Scan on sbtest3  (cost=35.40..4142.13 rows=1070 width=121)
	        Recheck Cond: ((id >= 4333136) AND (id <= 4334135))
	        ->  Bitmap Index Scan on sbtest3_pkey  (cost=0.00..35.14 rows=1070 width=0)
	              Index Cond: ((id >= 4333136) AND (id <= 4334135))

table 4 : explain SELECT c FROM sbtest4 WHERE id BETWEEN 8488497 AND 8489496 ORDER BY c
	Sort  (cost=4240.49..4243.17 rows=1072 width=121)
	  Sort Key: c
	  ->  Index Scan using sbtest4_pkey on sbtest4  (cost=0.43..4186.53 rows=1072 width=121)
	        Index Cond: ((id >= 8488497) AND (id <= 8489496))

table 5 : explain SELECT c FROM sbtest5 WHERE id BETWEEN 1655759 AND 1656758 ORDER BY c
	Sort  (cost=3969.72..3972.25 rows=1010 width=121)
	  Sort Key: c
	  ->  Bitmap Heap Scan on sbtest5  (cost=34.79..3919.32 rows=1010 width=121)
	        Recheck Cond: ((id >= 1655759) AND (id <= 1656758))
	        ->  Bitmap Index Scan on sbtest5_pkey  (cost=0.00..34.54 rows=1010 width=0)
	              Index Cond: ((id >= 1655759) AND (id <= 1656758))

table 6 : explain SELECT c FROM sbtest6 WHERE id BETWEEN 6892889 AND 6893888 ORDER BY c
	Sort  (cost=3632.22..3634.53 rows=922 width=121)
	  Sort Key: c
	  ->  Bitmap Heap Scan on sbtest6  (cost=33.89..3586.82 rows=922 width=121)
	        Recheck Cond: ((id >= 6892889) AND (id <= 6893888))
	        ->  Bitmap Index Scan on sbtest6_pkey  (cost=0.00..33.66 rows=922 width=0)
	              Index Cond: ((id >= 6892889) AND (id <= 6893888))

table 7 : explain SELECT c FROM sbtest7 WHERE id BETWEEN 1953256 AND 1954255 ORDER BY c
	Sort  (cost=3747.79..3750.15 rows=944 width=121)
	  Sort Key: c
	  ->  Index Scan using sbtest7_pkey on sbtest7  (cost=0.43..3701.14 rows=944 width=121)
	        Index Cond: ((id >= 1953256) AND (id <= 1954255))

table 8 : explain SELECT c FROM sbtest8 WHERE id BETWEEN 8683950 AND 8684949 ORDER BY c
	Sort  (cost=3878.23..3880.69 rows=986 width=121)
	  Sort Key: c
	  ->  Bitmap Heap Scan on sbtest8  (cost=34.54..3829.20 rows=986 width=121)
	        Recheck Cond: ((id >= 8683950) AND (id <= 8684949))
	        ->  Bitmap Index Scan on sbtest8_pkey  (cost=0.00..34.30 rows=986 width=0)
	              Index Cond: ((id >= 8683950) AND (id <= 8684949))

for: simple_ranges
table 1 : explain SELECT c FROM sbtest1 WHERE id BETWEEN 4323534 AND 4324533
	Bitmap Heap Scan on sbtest1  (cost=34.55..3826.08 rows=987 width=121)
	  Recheck Cond: ((id >= 4323534) AND (id <= 4324533))
	  ->  Bitmap Index Scan on sbtest1_pkey  (cost=0.00..34.31 rows=987 width=0)
	        Index Cond: ((id >= 4323534) AND (id <= 4324533))

table 2 : explain SELECT c FROM sbtest2 WHERE id BETWEEN 8561545 AND 8562544
	Bitmap Heap Scan on sbtest2  (cost=34.96..3981.06 rows=1027 width=121)
	  Recheck Cond: ((id >= 8561545) AND (id <= 8562544))
	  ->  Bitmap Index Scan on sbtest2_pkey  (cost=0.00..34.70 rows=1027 width=0)
	        Index Cond: ((id >= 8561545) AND (id <= 8562544))

table 3 : explain SELECT c FROM sbtest3 WHERE id BETWEEN 3098884 AND 3099883
	Bitmap Heap Scan on sbtest3  (cost=35.38..4134.60 rows=1068 width=121)
	  Recheck Cond: ((id >= 3098884) AND (id <= 3099883))
	  ->  Bitmap Index Scan on sbtest3_pkey  (cost=0.00..35.12 rows=1068 width=0)
	        Index Cond: ((id >= 3098884) AND (id <= 3099883))

table 4 : explain SELECT c FROM sbtest4 WHERE id BETWEEN 2843314 AND 2844313
	Index Scan using sbtest4_pkey on sbtest4  (cost=0.43..3965.03 rows=1015 width=121)
	  Index Cond: ((id >= 2843314) AND (id <= 2844313))

table 5 : explain SELECT c FROM sbtest5 WHERE id BETWEEN 8461364 AND 8462363
	Bitmap Heap Scan on sbtest5  (cost=34.72..3892.88 rows=1003 width=121)
	  Recheck Cond: ((id >= 8461364) AND (id <= 8462363))
	  ->  Bitmap Index Scan on sbtest5_pkey  (cost=0.00..34.47 rows=1003 width=0)
	        Index Cond: ((id >= 8461364) AND (id <= 8462363))

table 6 : explain SELECT c FROM sbtest6 WHERE id BETWEEN 1617527 AND 1618526
	Bitmap Heap Scan on sbtest6  (cost=34.12..3673.94 rows=945 width=121)
	  Recheck Cond: ((id >= 1617527) AND (id <= 1618526))
	  ->  Bitmap Index Scan on sbtest6_pkey  (cost=0.00..33.89 rows=945 width=0)
	        Index Cond: ((id >= 1617527) AND (id <= 1618526))

table 7 : explain SELECT c FROM sbtest7 WHERE id BETWEEN 4031389 AND 4032388
	Bitmap Heap Scan on sbtest7  (cost=34.97..3987.99 rows=1028 width=121)
	  Recheck Cond: ((id >= 4031389) AND (id <= 4032388))
	  ->  Bitmap Index Scan on sbtest7_pkey  (cost=0.00..34.72 rows=1028 width=0)
	        Index Cond: ((id >= 4031389) AND (id <= 4032388))

table 8 : explain SELECT c FROM sbtest8 WHERE id BETWEEN 3145182 AND 3146181
	Bitmap Heap Scan on sbtest8  (cost=34.74..3901.02 rows=1005 width=121)
	  Recheck Cond: ((id >= 3145182) AND (id <= 3146181))
	  ->  Bitmap Index Scan on sbtest8_pkey  (cost=0.00..34.48 rows=1005 width=0)
	        Index Cond: ((id >= 3145182) AND (id <= 3146181))

for: order_ranges
table 1 : explain SELECT c FROM sbtest1 WHERE id BETWEEN 1995842 AND 1996841 ORDER BY c
	Sort  (cost=3940.22..3942.73 rows=1004 width=121)
	  Sort Key: c
	  ->  Bitmap Heap Scan on sbtest1  (cost=34.73..3890.16 rows=1004 width=121)
	        Recheck Cond: ((id >= 1995842) AND (id <= 1996841))
	        ->  Bitmap Index Scan on sbtest1_pkey  (cost=0.00..34.48 rows=1004 width=0)
	              Index Cond: ((id >= 1995842) AND (id <= 1996841))

table 2 : explain SELECT c FROM sbtest2 WHERE id BETWEEN 3477238 AND 3478237 ORDER BY c
	Sort  (cost=3764.10..3766.49 rows=957 width=121)
	  Sort Key: c
	  ->  Bitmap Heap Scan on sbtest2  (cost=34.24..3716.72 rows=957 width=121)
	        Recheck Cond: ((id >= 3477238) AND (id <= 3478237))
	        ->  Bitmap Index Scan on sbtest2_pkey  (cost=0.00..34.01 rows=957 width=0)
	              Index Cond: ((id >= 3477238) AND (id <= 3478237))

table 3 : explain SELECT c FROM sbtest3 WHERE id BETWEEN 4800586 AND 4801585 ORDER BY c
	Sort  (cost=3674.99..3677.33 rows=934 width=121)
	  Sort Key: c
	  ->  Bitmap Heap Scan on sbtest3  (cost=34.01..3628.91 rows=934 width=121)
	        Recheck Cond: ((id >= 4800586) AND (id <= 4801585))
	        ->  Bitmap Index Scan on sbtest3_pkey  (cost=0.00..33.78 rows=934 width=0)
	              Index Cond: ((id >= 4800586) AND (id <= 4801585))

table 4 : explain SELECT c FROM sbtest4 WHERE id BETWEEN 4810516 AND 4811515 ORDER BY c
	Sort  (cost=3530.70..3532.93 rows=893 width=121)
	  Sort Key: c
	  ->  Index Scan using sbtest4_pkey on sbtest4  (cost=0.43..3486.93 rows=893 width=121)
	        Index Cond: ((id >= 4810516) AND (id <= 4811515))

table 5 : explain SELECT c FROM sbtest5 WHERE id BETWEEN 9828484 AND 9829483 ORDER BY c
	Sort  (cost=3831.60..3834.04 rows=974 width=121)
	  Sort Key: c
	  ->  Bitmap Heap Scan on sbtest5  (cost=34.42..3783.25 rows=974 width=121)
	        Recheck Cond: ((id >= 9828484) AND (id <= 9829483))
	        ->  Bitmap Index Scan on sbtest5_pkey  (cost=0.00..34.18 rows=974 width=0)
	              Index Cond: ((id >= 9828484) AND (id <= 9829483))

table 6 : explain SELECT c FROM sbtest6 WHERE id BETWEEN 1759702 AND 1760701 ORDER BY c
	Sort  (cost=3851.23..3853.68 rows=979 width=121)
	  Sort Key: c
	  ->  Bitmap Heap Scan on sbtest6  (cost=34.47..3802.60 rows=979 width=121)
	        Recheck Cond: ((id >= 1759702) AND (id <= 1760701))
	        ->  Bitmap Index Scan on sbtest6_pkey  (cost=0.00..34.23 rows=979 width=0)
	              Index Cond: ((id >= 1759702) AND (id <= 1760701))

table 7 : explain SELECT c FROM sbtest7 WHERE id BETWEEN 2882321 AND 2883320 ORDER BY c
	Sort  (cost=3993.04..3995.56 rows=1006 width=121)
	  Sort Key: c
	  ->  Index Scan using sbtest7_pkey on sbtest7  (cost=0.43..3942.87 rows=1006 width=121)
	        Index Cond: ((id >= 2882321) AND (id <= 2883320))

table 8 : explain SELECT c FROM sbtest8 WHERE id BETWEEN 2028297 AND 2029296 ORDER BY c
	Sort  (cost=4043.17..4045.74 rows=1029 width=121)
	  Sort Key: c
	  ->  Bitmap Heap Scan on sbtest8  (cost=34.98..3991.68 rows=1029 width=121)
	        Recheck Cond: ((id >= 2028297) AND (id <= 2029296))
	        ->  Bitmap Index Scan on sbtest8_pkey  (cost=0.00..34.73 rows=1029 width=0)
	              Index Cond: ((id >= 2028297) AND (id <= 2029296))

for: distinct_ranges
table 1 : explain SELECT DISTINCT c FROM sbtest1 WHERE id BETWEEN 2793872 AND 2794871 ORDER BY c
	Unique  (cost=3748.78..3753.55 rows=954 width=121)
	  ->  Sort  (cost=3748.78..3751.17 rows=954 width=121)
	        Sort Key: c
	        ->  Bitmap Heap Scan on sbtest1  (cost=34.21..3701.57 rows=954 width=121)
	              Recheck Cond: ((id >= 2793872) AND (id <= 2794871))
	              ->  Bitmap Index Scan on sbtest1_pkey  (cost=0.00..33.98 rows=954 width=0)
	                    Index Cond: ((id >= 2793872) AND (id <= 2794871))

table 2 : explain SELECT DISTINCT c FROM sbtest2 WHERE id BETWEEN 1865523 AND 1866522 ORDER BY c
	Unique  (cost=4239.03..4244.44 rows=1081 width=121)
	  ->  Sort  (cost=4239.03..4241.73 rows=1081 width=121)
	        Sort Key: c
	        ->  Bitmap Heap Scan on sbtest2  (cost=35.52..4184.56 rows=1081 width=121)
	              Recheck Cond: ((id >= 1865523) AND (id <= 1866522))
	              ->  Bitmap Index Scan on sbtest2_pkey  (cost=0.00..35.25 rows=1081 width=0)
	                    Index Cond: ((id >= 1865523) AND (id <= 1866522))

table 3 : explain SELECT DISTINCT c FROM sbtest3 WHERE id BETWEEN 3312645 AND 3313644 ORDER BY c
	Unique  (cost=3916.60..3921.58 rows=997 width=121)
	  ->  Sort  (cost=3916.60..3919.09 rows=997 width=121)
	        Sort Key: c
	        ->  Bitmap Heap Scan on sbtest3  (cost=34.65..3866.94 rows=997 width=121)
	              Recheck Cond: ((id >= 3312645) AND (id <= 3313644))
	              ->  Bitmap Index Scan on sbtest3_pkey  (cost=0.00..34.41 rows=997 width=0)
	                    Index Cond: ((id >= 3312645) AND (id <= 3313644))

table 4 : explain SELECT DISTINCT c FROM sbtest4 WHERE id BETWEEN 6519334 AND 6520333 ORDER BY c
	Unique  (cost=4256.26..4261.64 rows=1076 width=121)
	  ->  Sort  (cost=4256.26..4258.95 rows=1076 width=121)
	        Sort Key: c
	        ->  Index Scan using sbtest4_pkey on sbtest4  (cost=0.43..4202.07 rows=1076 width=121)
	              Index Cond: ((id >= 6519334) AND (id <= 6520333))

table 5 : explain SELECT DISTINCT c FROM sbtest5 WHERE id BETWEEN 2837087 AND 2838086 ORDER BY c
	Unique  (cost=4517.11..4522.87 rows=1152 width=121)
	  ->  Sort  (cost=4517.11..4519.99 rows=1152 width=121)
	        Sort Key: c
	        ->  Bitmap Heap Scan on sbtest5  (cost=40.24..4458.53 rows=1152 width=121)
	              Recheck Cond: ((id >= 2837087) AND (id <= 2838086))
	              ->  Bitmap Index Scan on sbtest5_pkey  (cost=0.00..39.95 rows=1152 width=0)
	                    Index Cond: ((id >= 2837087) AND (id <= 2838086))

table 6 : explain SELECT DISTINCT c FROM sbtest6 WHERE id BETWEEN 9446632 AND 9447631 ORDER BY c
	Unique  (cost=4230.73..4236.12 rows=1078 width=121)
	  ->  Sort  (cost=4230.73..4233.42 rows=1078 width=121)
	        Sort Key: c
	        ->  Bitmap Heap Scan on sbtest6  (cost=35.48..4176.43 rows=1078 width=121)
	              Recheck Cond: ((id >= 9446632) AND (id <= 9447631))
	              ->  Bitmap Index Scan on sbtest6_pkey  (cost=0.00..35.22 rows=1078 width=0)
	                    Index Cond: ((id >= 9446632) AND (id <= 9447631))

table 7 : explain SELECT DISTINCT c FROM sbtest7 WHERE id BETWEEN 7354693 AND 7355692 ORDER BY c
	Unique  (cost=3949.54..3954.51 rows=995 width=121)
	  ->  Sort  (cost=3949.54..3952.02 rows=995 width=121)
	        Sort Key: c
	        ->  Index Scan using sbtest7_pkey on sbtest7  (cost=0.43..3899.99 rows=995 width=121)
	              Index Cond: ((id >= 7354693) AND (id <= 7355692))

table 8 : explain SELECT DISTINCT c FROM sbtest8 WHERE id BETWEEN 4800775 AND 4801774 ORDER BY c
	Unique  (cost=3954.97..3960.00 rows=1006 width=121)
	  ->  Sort  (cost=3954.97..3957.49 rows=1006 width=121)
	        Sort Key: c
	        ->  Bitmap Heap Scan on sbtest8  (cost=34.75..3904.80 rows=1006 width=121)
	              Recheck Cond: ((id >= 4800775) AND (id <= 4801774))
	              ->  Bitmap Index Scan on sbtest8_pkey  (cost=0.00..34.50 rows=1006 width=0)
	                    Index Cond: ((id >= 4800775) AND (id <= 4801774))
for point_selects
table 1 : explain SELECT c FROM sbtest1 WHERE id=3764893
	Index Scan using sbtest1_pkey on sbtest1  (cost=0.43..8.45 rows=1 width=121)
	  Index Cond: (id = 3764893)

table 2 : explain SELECT c FROM sbtest2 WHERE id=1110145
	Index Scan using sbtest2_pkey on sbtest2  (cost=0.43..8.45 rows=1 width=121)
	  Index Cond: (id = 1110145)

table 3 : explain SELECT c FROM sbtest3 WHERE id=3806642
	Index Scan using sbtest3_pkey on sbtest3  (cost=0.43..8.45 rows=1 width=121)
	  Index Cond: (id = 3806642)

table 4 : explain SELECT c FROM sbtest4 WHERE id=8170532
	Index Scan using sbtest4_pkey on sbtest4  (cost=0.43..8.45 rows=1 width=121)
	  Index Cond: (id = 8170532)

table 5 : explain SELECT c FROM sbtest5 WHERE id=7371582
	Index Scan using sbtest5_pkey on sbtest5  (cost=0.43..8.45 rows=1 width=121)
	  Index Cond: (id = 7371582)

table 6 : explain SELECT c FROM sbtest6 WHERE id=6986327
	Index Scan using sbtest6_pkey on sbtest6  (cost=0.43..8.45 rows=1 width=121)
	  Index Cond: (id = 6986327)

table 7 : explain SELECT c FROM sbtest7 WHERE id=70557
	Index Scan using sbtest7_pkey on sbtest7  (cost=0.43..8.45 rows=1 width=121)
	  Index Cond: (id = 70557)

table 8 : explain SELECT c FROM sbtest8 WHERE id=3354983
	Index Scan using sbtest8_pkey on sbtest8  (cost=0.43..8.45 rows=1 width=121)
	  Index Cond: (id = 3354983)


explain: for point_selects :: explain SELECT c FROM sbtest%u WHERE id=%u
explain: for point_selects :: explain SELECT c FROM sbtest%u WHERE id=%u
for: sum_ranges
table 1 : explain SELECT SUM(k) FROM sbtest1 WHERE id BETWEEN 1682679 AND 1683678
	Aggregate  (cost=4096.12..4096.13 rows=1 width=8)
	  ->  Bitmap Heap Scan on sbtest1  (cost=35.28..4093.48 rows=1058 width=4)
	        Recheck Cond: ((id >= 1682679) AND (id <= 1683678))
	        ->  Bitmap Index Scan on sbtest1_pkey  (cost=0.00..35.02 rows=1058 width=0)
	              Index Cond: ((id >= 1682679) AND (id <= 1683678))

table 2 : explain SELECT SUM(k) FROM sbtest2 WHERE id BETWEEN 6617827 AND 6618826
	Aggregate  (cost=3715.33..3715.34 rows=1 width=8)
	  ->  Bitmap Heap Scan on sbtest2  (cost=34.23..3712.94 rows=956 width=4)
	        Recheck Cond: ((id >= 6617827) AND (id <= 6618826))
	        ->  Bitmap Index Scan on sbtest2_pkey  (cost=0.00..34.00 rows=956 width=0)
	              Index Cond: ((id >= 6617827) AND (id <= 6618826))

table 3 : explain SELECT SUM(k) FROM sbtest3 WHERE id BETWEEN 65281 AND 66280
	Aggregate  (cost=4058.11..4058.12 rows=1 width=8)
	  ->  Bitmap Heap Scan on sbtest3  (cost=35.17..4055.50 rows=1047 width=4)
	        Recheck Cond: ((id >= 65281) AND (id <= 66280))
	        ->  Bitmap Index Scan on sbtest3_pkey  (cost=0.00..34.91 rows=1047 width=0)
	              Index Cond: ((id >= 65281) AND (id <= 66280))

table 4 : explain SELECT SUM(k) FROM sbtest4 WHERE id BETWEEN 9468324 AND 9469323
	Aggregate  (cost=4091.99..4092.00 rows=1 width=8)
	  ->  Index Scan using sbtest4_pkey on sbtest4  (cost=0.43..4089.38 rows=1047 width=4)
	        Index Cond: ((id >= 9468324) AND (id <= 9469323))

table 5 : explain SELECT SUM(k) FROM sbtest5 WHERE id BETWEEN 7700825 AND 7701824
	Aggregate  (cost=4208.78..4208.79 rows=1 width=8)
	  ->  Bitmap Heap Scan on sbtest5  (cost=35.57..4206.07 rows=1086 width=4)
	        Recheck Cond: ((id >= 7700825) AND (id <= 7701824))
	        ->  Bitmap Index Scan on sbtest5_pkey  (cost=0.00..35.30 rows=1086 width=0)
	              Index Cond: ((id >= 7700825) AND (id <= 7701824))

table 6 : explain SELECT SUM(k) FROM sbtest6 WHERE id BETWEEN 1549460 AND 1550459
	Aggregate  (cost=3990.34..3990.35 rows=1 width=8)
	  ->  Bitmap Heap Scan on sbtest6  (cost=34.97..3987.77 rows=1028 width=4)
	        Recheck Cond: ((id >= 1549460) AND (id <= 1550459))
	        ->  Bitmap Index Scan on sbtest6_pkey  (cost=0.00..34.72 rows=1028 width=0)
	              Index Cond: ((id >= 1549460) AND (id <= 1550459))

table 7 : explain SELECT SUM(k) FROM sbtest7 WHERE id BETWEEN 4825556 AND 4826555
	Aggregate  (cost=3879.08..3879.09 rows=1 width=8)
	  ->  Index Scan using sbtest7_pkey on sbtest7  (cost=0.43..3876.61 rows=989 width=4)
	        Index Cond: ((id >= 4825556) AND (id <= 4826555))

table 8 : explain SELECT SUM(k) FROM sbtest8 WHERE id BETWEEN 5763115 AND 5764114
	Aggregate  (cost=3590.75..3590.76 rows=1 width=8)
	  ->  Index Scan using sbtest8_pkey on sbtest8  (cost=0.43..3588.47 rows=914 width=4)
	        Index Cond: ((id >= 5763115) AND (id <= 5764114))

for: sum_ranges
table 1 : explain SELECT SUM(k) FROM sbtest1 WHERE id BETWEEN 2222425 AND 2223424
	Aggregate  (cost=4058.48..4058.49 rows=1 width=8)
	  ->  Bitmap Heap Scan on sbtest1  (cost=35.18..4055.86 rows=1048 width=4)
	        Recheck Cond: ((id >= 2222425) AND (id <= 2223424))
	        ->  Bitmap Index Scan on sbtest1_pkey  (cost=0.00..34.92 rows=1048 width=0)
	              Index Cond: ((id >= 2222425) AND (id <= 2223424))

table 2 : explain SELECT SUM(k) FROM sbtest2 WHERE id BETWEEN 1367085 AND 1368084
	Aggregate  (cost=3968.53..3968.54 rows=1 width=8)
	  ->  Bitmap Heap Scan on sbtest2  (cost=34.92..3965.97 rows=1023 width=4)
	        Recheck Cond: ((id >= 1367085) AND (id <= 1368084))
	        ->  Bitmap Index Scan on sbtest2_pkey  (cost=0.00..34.67 rows=1023 width=0)
	              Index Cond: ((id >= 1367085) AND (id <= 1368084))

table 3 : explain SELECT SUM(k) FROM sbtest3 WHERE id BETWEEN 6962000 AND 6962999
	Aggregate  (cost=3627.46..3627.47 rows=1 width=8)
	  ->  Bitmap Heap Scan on sbtest3  (cost=34.00..3625.13 rows=933 width=4)
	        Recheck Cond: ((id >= 6962000) AND (id <= 6962999))
	        ->  Bitmap Index Scan on sbtest3_pkey  (cost=0.00..33.77 rows=933 width=0)
	              Index Cond: ((id >= 6962000) AND (id <= 6962999))

table 4 : explain SELECT SUM(k) FROM sbtest4 WHERE id BETWEEN 8663890 AND 8664889
	Aggregate  (cost=4041.46..4041.47 rows=1 width=8)
	  ->  Index Scan using sbtest4_pkey on sbtest4  (cost=0.43..4038.87 rows=1034 width=4)
	        Index Cond: ((id >= 8663890) AND (id <= 8664889))

table 5 : explain SELECT SUM(k) FROM sbtest5 WHERE id BETWEEN 8654182 AND 8655181
	Aggregate  (cost=3940.75..3940.76 rows=1 width=8)
	  ->  Bitmap Heap Scan on sbtest5  (cost=34.84..3938.21 rows=1015 width=4)
	        Recheck Cond: ((id >= 8654182) AND (id <= 8655181))
	        ->  Bitmap Index Scan on sbtest5_pkey  (cost=0.00..34.59 rows=1015 width=0)
	              Index Cond: ((id >= 8654182) AND (id <= 8655181))

table 6 : explain SELECT SUM(k) FROM sbtest6 WHERE id BETWEEN 4005312 AND 4006311
	Aggregate  (cost=4065.89..4065.90 rows=1 width=8)
	  ->  Bitmap Heap Scan on sbtest6  (cost=35.18..4063.27 rows=1048 width=4)
	        Recheck Cond: ((id >= 4005312) AND (id <= 4006311))
	        ->  Bitmap Index Scan on sbtest6_pkey  (cost=0.00..34.92 rows=1048 width=0)
	              Index Cond: ((id >= 4005312) AND (id <= 4006311))

table 7 : explain SELECT SUM(k) FROM sbtest7 WHERE id BETWEEN 848587 AND 849586
	Aggregate  (cost=4047.23..4047.24 rows=1 width=8)
	  ->  Bitmap Heap Scan on sbtest7  (cost=35.13..4044.62 rows=1043 width=4)
	        Recheck Cond: ((id >= 848587) AND (id <= 849586))
	        ->  Bitmap Index Scan on sbtest7_pkey  (cost=0.00..34.87 rows=1043 width=0)
	              Index Cond: ((id >= 848587) AND (id <= 849586))

table 8 : explain SELECT SUM(k) FROM sbtest8 WHERE id BETWEEN 9286448 AND 9287447
	Aggregate  (cost=3990.48..3990.49 rows=1 width=8)
	  ->  Bitmap Heap Scan on sbtest8  (cost=34.97..3987.91 rows=1028 width=4)
	        Recheck Cond: ((id >= 9286448) AND (id <= 9287447))
	        ->  Bitmap Index Scan on sbtest8_pkey  (cost=0.00..34.72 rows=1028 width=0)
	              Index Cond: ((id >= 9286448) AND (id <= 9287447))

for: simple_ranges
table 1 : explain SELECT c FROM sbtest1 WHERE id BETWEEN 9041262 AND 9042261
	Bitmap Heap Scan on sbtest1  (cost=35.21..4067.14 rows=1051 width=121)
	  Recheck Cond: ((id >= 9041262) AND (id <= 9042261))
	  ->  Bitmap Index Scan on sbtest1_pkey  (cost=0.00..34.95 rows=1051 width=0)
	        Index Cond: ((id >= 9041262) AND (id <= 9042261))

table 2 : explain SELECT c FROM sbtest2 WHERE id BETWEEN 7874031 AND 7875030
	Bitmap Heap Scan on sbtest2  (cost=34.48..3803.64 rows=980 width=121)
	  Recheck Cond: ((id >= 7874031) AND (id <= 7875030))
	  ->  Bitmap Index Scan on sbtest2_pkey  (cost=0.00..34.23 rows=980 width=0)
	        Index Cond: ((id >= 7874031) AND (id <= 7875030))

table 3 : explain SELECT c FROM sbtest3 WHERE id BETWEEN 6671186 AND 6672185
	Bitmap Heap Scan on sbtest3  (cost=34.66..3870.72 rows=998 width=121)
	  Recheck Cond: ((id >= 6671186) AND (id <= 6672185))
	  ->  Bitmap Index Scan on sbtest3_pkey  (cost=0.00..34.42 rows=998 width=0)
	        Index Cond: ((id >= 6671186) AND (id <= 6672185))

table 4 : explain SELECT c FROM sbtest4 WHERE id BETWEEN 320069 AND 321068
	Index Scan using sbtest4_pkey on sbtest4  (cost=0.43..3797.94 rows=972 width=121)
	  Index Cond: ((id >= 320069) AND (id <= 321068))

table 5 : explain SELECT c FROM sbtest5 WHERE id BETWEEN 5953718 AND 5954717
	Bitmap Heap Scan on sbtest5  (cost=34.36..3760.56 rows=968 width=121)
	  Recheck Cond: ((id >= 5953718) AND (id <= 5954717))
	  ->  Bitmap Index Scan on sbtest5_pkey  (cost=0.00..34.12 rows=968 width=0)
	        Index Cond: ((id >= 5953718) AND (id <= 5954717))

table 6 : explain SELECT c FROM sbtest6 WHERE id BETWEEN 1094617 AND 1095616
	Bitmap Heap Scan on sbtest6  (cost=34.06..3651.22 rows=939 width=121)
	  Recheck Cond: ((id >= 1094617) AND (id <= 1095616))
	  ->  Bitmap Index Scan on sbtest6_pkey  (cost=0.00..33.83 rows=939 width=0)
	        Index Cond: ((id >= 1094617) AND (id <= 1095616))

table 7 : explain SELECT c FROM sbtest7 WHERE id BETWEEN 5285331 AND 5286330
	Index Scan using sbtest7_pkey on sbtest7  (cost=0.43..3845.42 rows=981 width=121)
	  Index Cond: ((id >= 5285331) AND (id <= 5286330))

table 8 : explain SELECT c FROM sbtest8 WHERE id BETWEEN 7016908 AND 7017907
	Bitmap Heap Scan on sbtest8  (cost=34.51..3817.85 rows=983 width=121)
	  Recheck Cond: ((id >= 7016908) AND (id <= 7017907))
	  ->  Bitmap Index Scan on sbtest8_pkey  (cost=0.00..34.27 rows=983 width=0)
	        Index Cond: ((id >= 7016908) AND (id <= 7017907))

for: distinct_ranges
table 1 : explain SELECT DISTINCT c FROM sbtest1 WHERE id BETWEEN 9783139 AND 9784138 ORDER BY c
	Unique  (cost=4066.40..4071.58 rows=1037 width=121)
	  ->  Sort  (cost=4066.40..4068.99 rows=1037 width=121)
	        Sort Key: c
	        ->  Bitmap Heap Scan on sbtest1  (cost=35.06..4014.46 rows=1037 width=121)
	              Recheck Cond: ((id >= 9783139) AND (id <= 9784138))
	              ->  Bitmap Index Scan on sbtest1_pkey  (cost=0.00..34.81 rows=1037 width=0)
	                    Index Cond: ((id >= 9783139) AND (id <= 9784138))

table 2 : explain SELECT DISTINCT c FROM sbtest2 WHERE id BETWEEN 292292 AND 293291 ORDER BY c
	Unique  (cost=3921.33..3926.32 rows=998 width=121)
	  ->  Sort  (cost=3921.33..3923.83 rows=998 width=121)
	        Sort Key: c
	        ->  Bitmap Heap Scan on sbtest2  (cost=34.66..3871.62 rows=998 width=121)
	              Recheck Cond: ((id >= 292292) AND (id <= 293291))
	              ->  Bitmap Index Scan on sbtest2_pkey  (cost=0.00..34.42 rows=998 width=0)
	                    Index Cond: ((id >= 292292) AND (id <= 293291))

table 3 : explain SELECT DISTINCT c FROM sbtest3 WHERE id BETWEEN 3322737 AND 3323736 ORDER BY c
	Unique  (cost=3916.60..3921.58 rows=997 width=121)
	  ->  Sort  (cost=3916.60..3919.09 rows=997 width=121)
	        Sort Key: c
	        ->  Bitmap Heap Scan on sbtest3  (cost=34.65..3866.94 rows=997 width=121)
	              Recheck Cond: ((id >= 3322737) AND (id <= 3323736))
	              ->  Bitmap Index Scan on sbtest3_pkey  (cost=0.00..34.41 rows=997 width=0)
	                    Index Cond: ((id >= 3322737) AND (id <= 3323736))

table 4 : explain SELECT DISTINCT c FROM sbtest4 WHERE id BETWEEN 4766433 AND 4767432 ORDER BY c
	Unique  (cost=3530.70..3535.16 rows=893 width=121)
	  ->  Sort  (cost=3530.70..3532.93 rows=893 width=121)
	        Sort Key: c
	        ->  Index Scan using sbtest4_pkey on sbtest4  (cost=0.43..3486.93 rows=893 width=121)
	              Index Cond: ((id >= 4766433) AND (id <= 4767432))

table 5 : explain SELECT DISTINCT c FROM sbtest5 WHERE id BETWEEN 152606 AND 153605 ORDER BY c
	Unique  (cost=4364.27..4369.83 rows=1112 width=121)
	  ->  Sort  (cost=4364.27..4367.05 rows=1112 width=121)
	        Sort Key: c
	        ->  Bitmap Heap Scan on sbtest5  (cost=39.83..4308.01 rows=1112 width=121)
	              Recheck Cond: ((id >= 152606) AND (id <= 153605))
	              ->  Bitmap Index Scan on sbtest5_pkey  (cost=0.00..39.56 rows=1112 width=0)
	                    Index Cond: ((id >= 152606) AND (id <= 153605))

table 6 : explain SELECT DISTINCT c FROM sbtest6 WHERE id BETWEEN 7161049 AND 7162048 ORDER BY c
	Unique  (cost=3962.51..3967.55 rows=1008 width=121)
	  ->  Sort  (cost=3962.51..3965.03 rows=1008 width=121)
	        Sort Key: c
	        ->  Bitmap Heap Scan on sbtest6  (cost=34.77..3912.23 rows=1008 width=121)
	              Recheck Cond: ((id >= 7161049) AND (id <= 7162048))
	              ->  Bitmap Index Scan on sbtest6_pkey  (cost=0.00..34.52 rows=1008 width=0)
	                    Index Cond: ((id >= 7161049) AND (id <= 7162048))

table 7 : explain SELECT DISTINCT c FROM sbtest7 WHERE id BETWEEN 7473419 AND 7474418 ORDER BY c
	Unique  (cost=3913.94..3918.87 rows=986 width=121)
	  ->  Sort  (cost=3913.94..3916.41 rows=986 width=121)
	        Sort Key: c
	        ->  Index Scan using sbtest7_pkey on sbtest7  (cost=0.43..3864.91 rows=986 width=121)
	              Index Cond: ((id >= 7473419) AND (id <= 7474418))

table 8 : explain SELECT DISTINCT c FROM sbtest8 WHERE id BETWEEN 3424852 AND 3425851 ORDER BY c
	Unique  (cost=3981.82..3986.89 rows=1013 width=121)
	  ->  Sort  (cost=3981.82..3984.35 rows=1013 width=121)
	        Sort Key: c
	        ->  Bitmap Heap Scan on sbtest8  (cost=34.82..3931.25 rows=1013 width=121)
	              Recheck Cond: ((id >= 3424852) AND (id <= 3425851))
	              ->  Bitmap Index Scan on sbtest8_pkey  (cost=0.00..34.57 rows=1013 width=0)
	                    Index Cond: ((id >= 3424852) AND (id <= 3425851))

for: order_ranges
table 1 : explain SELECT c FROM sbtest1 WHERE id BETWEEN 5687421 AND 5688420 ORDER BY c
	Sort  (cost=4337.63..4340.40 rows=1107 width=121)
	  Sort Key: c
	  ->  Bitmap Heap Scan on sbtest1  (cost=39.78..4281.66 rows=1107 width=121)
	        Recheck Cond: ((id >= 5687421) AND (id <= 5688420))
	        ->  Bitmap Index Scan on sbtest1_pkey  (cost=0.00..39.51 rows=1107 width=0)
	              Index Cond: ((id >= 5687421) AND (id <= 5688420))

table 2 : explain SELECT c FROM sbtest2 WHERE id BETWEEN 84544 AND 85543 ORDER BY c
	Sort  (cost=3844.66..3847.11 rows=978 width=121)
	  Sort Key: c
	  ->  Bitmap Heap Scan on sbtest2  (cost=34.46..3796.09 rows=978 width=121)
	        Recheck Cond: ((id >= 84544) AND (id <= 85543))
	        ->  Bitmap Index Scan on sbtest2_pkey  (cost=0.00..34.22 rows=978 width=0)
	              Index Cond: ((id >= 84544) AND (id <= 85543))

table 3 : explain SELECT c FROM sbtest3 WHERE id BETWEEN 7591102 AND 7592101 ORDER BY c
	Sort  (cost=3882.11..3884.58 rows=988 width=121)
	  Sort Key: c
	  ->  Bitmap Heap Scan on sbtest3  (cost=34.56..3832.97 rows=988 width=121)
	        Recheck Cond: ((id >= 7591102) AND (id <= 7592101))
	        ->  Bitmap Index Scan on sbtest3_pkey  (cost=0.00..34.32 rows=988 width=0)
	              Index Cond: ((id >= 7591102) AND (id <= 7592101))

table 4 : explain SELECT c FROM sbtest4 WHERE id BETWEEN 3823692 AND 3824691 ORDER BY c
	Sort  (cost=3901.36..3903.82 rows=986 width=121)
	  Sort Key: c
	  ->  Index Scan using sbtest4_pkey on sbtest4  (cost=0.43..3852.33 rows=986 width=121)
	        Index Cond: ((id >= 3823692) AND (id <= 3824691))

table 5 : explain SELECT c FROM sbtest5 WHERE id BETWEEN 853144 AND 854143 ORDER BY c
	Sort  (cost=4042.56..4045.13 rows=1029 width=121)
	  Sort Key: c
	  ->  Bitmap Heap Scan on sbtest5  (cost=34.98..3991.08 rows=1029 width=121)
	        Recheck Cond: ((id >= 853144) AND (id <= 854143))
	        ->  Bitmap Index Scan on sbtest5_pkey  (cost=0.00..34.73 rows=1029 width=0)
	              Index Cond: ((id >= 853144) AND (id <= 854143))

table 6 : explain SELECT c FROM sbtest6 WHERE id BETWEEN 2973348 AND 2974347 ORDER BY c
	Sort  (cost=4498.57..4501.44 rows=1147 width=121)
	  Sort Key: c
	  ->  Bitmap Heap Scan on sbtest6  (cost=40.19..4440.28 rows=1147 width=121)
	        Recheck Cond: ((id >= 2973348) AND (id <= 2974347))
	        ->  Bitmap Index Scan on sbtest6_pkey  (cost=0.00..39.91 rows=1147 width=0)
	              Index Cond: ((id >= 2973348) AND (id <= 2974347))

table 7 : explain SELECT c FROM sbtest7 WHERE id BETWEEN 9808499 AND 9809498 ORDER BY c
	Sort  (cost=3834.82..3837.24 rows=966 width=121)
	  Sort Key: c
	  ->  Index Scan using sbtest7_pkey on sbtest7  (cost=0.43..3786.93 rows=966 width=121)
	        Index Cond: ((id >= 9808499) AND (id <= 9809498))

table 8 : explain SELECT c FROM sbtest8 WHERE id BETWEEN 6915520 AND 6916519 ORDER BY c
	Sort  (cost=3613.58..3615.86 rows=910 width=121)
	  Sort Key: c
	  ->  Index Scan using sbtest8_pkey on sbtest8  (cost=0.43..3568.86 rows=910 width=121)
	        Index Cond: ((id >= 6915520) AND (id <= 6916519))

for: distinct_ranges
table 1 : explain SELECT DISTINCT c FROM sbtest1 WHERE id BETWEEN 3414237 AND 3415236 ORDER BY c
	Unique  (cost=3859.85..3864.77 rows=983 width=121)
	  ->  Sort  (cost=3859.85..3862.31 rows=983 width=121)
	        Sort Key: c
	        ->  Bitmap Heap Scan on sbtest1  (cost=34.51..3810.99 rows=983 width=121)
	              Recheck Cond: ((id >= 3414237) AND (id <= 3415236))
	              ->  Bitmap Index Scan on sbtest1_pkey  (cost=0.00..34.27 rows=983 width=0)
	                    Index Cond: ((id >= 3414237) AND (id <= 3415236))

table 2 : explain SELECT DISTINCT c FROM sbtest2 WHERE id BETWEEN 6835237 AND 6836236 ORDER BY c
	Unique  (cost=3706.53..3711.24 rows=942 width=121)
	  ->  Sort  (cost=3706.53..3708.88 rows=942 width=121)
	        Sort Key: c
	        ->  Bitmap Heap Scan on sbtest2  (cost=34.09..3659.99 rows=942 width=121)
	              Recheck Cond: ((id >= 6835237) AND (id <= 6836236))
	              ->  Bitmap Index Scan on sbtest2_pkey  (cost=0.00..33.86 rows=942 width=0)
	                    Index Cond: ((id >= 6835237) AND (id <= 6836236))

table 3 : explain SELECT DISTINCT c FROM sbtest3 WHERE id BETWEEN 6478521 AND 6479520 ORDER BY c
	Unique  (cost=3908.94..3913.91 rows=995 width=121)
	  ->  Sort  (cost=3908.94..3911.42 rows=995 width=121)
	        Sort Key: c
	        ->  Bitmap Heap Scan on sbtest3  (cost=34.63..3859.39 rows=995 width=121)
	              Recheck Cond: ((id >= 6478521) AND (id <= 6479520))
	              ->  Bitmap Index Scan on sbtest3_pkey  (cost=0.00..34.39 rows=995 width=0)
	                    Index Cond: ((id >= 6478521) AND (id <= 6479520))

table 4 : explain SELECT DISTINCT c FROM sbtest4 WHERE id BETWEEN 6953031 AND 6954030 ORDER BY c
	Unique  (cost=3716.07..3720.76 rows=939 width=121)
	  ->  Sort  (cost=3716.07..3718.41 rows=939 width=121)
	        Sort Key: c
	        ->  Index Scan using sbtest4_pkey on sbtest4  (cost=0.43..3669.70 rows=939 width=121)
	              Index Cond: ((id >= 6953031) AND (id <= 6954030))

table 5 : explain SELECT DISTINCT c FROM sbtest5 WHERE id BETWEEN 2299785 AND 2300784 ORDER BY c
	Unique  (cost=3797.05..3801.87 rows=965 width=121)
	  ->  Sort  (cost=3797.05..3799.46 rows=965 width=121)
	        Sort Key: c
	        ->  Bitmap Heap Scan on sbtest5  (cost=34.33..3749.21 rows=965 width=121)
	              Recheck Cond: ((id >= 2299785) AND (id <= 2300784))
	              ->  Bitmap Index Scan on sbtest5_pkey  (cost=0.00..34.09 rows=965 width=0)
	                    Index Cond: ((id >= 2299785) AND (id <= 2300784))

table 6 : explain SELECT DISTINCT c FROM sbtest6 WHERE id BETWEEN 2840685 AND 2841684 ORDER BY c
	Unique  (cost=3828.20..3833.06 rows=973 width=121)
	  ->  Sort  (cost=3828.20..3830.63 rows=973 width=121)
	        Sort Key: c
	        ->  Bitmap Heap Scan on sbtest6  (cost=34.41..3779.91 rows=973 width=121)
	              Recheck Cond: ((id >= 2840685) AND (id <= 2841684))
	              ->  Bitmap Index Scan on sbtest6_pkey  (cost=0.00..34.17 rows=973 width=0)
	                    Index Cond: ((id >= 2840685) AND (id <= 2841684))

table 7 : explain SELECT DISTINCT c FROM sbtest7 WHERE id BETWEEN 3159190 AND 3160189 ORDER BY c
	Unique  (cost=4104.57..4109.80 rows=1045 width=121)
	  ->  Sort  (cost=4104.57..4107.19 rows=1045 width=121)
	        Sort Key: c
	        ->  Bitmap Heap Scan on sbtest7  (cost=35.15..4052.17 rows=1045 width=121)
	              Recheck Cond: ((id >= 3159190) AND (id <= 3160189))
	              ->  Bitmap Index Scan on sbtest7_pkey  (cost=0.00..34.89 rows=1045 width=0)
	                    Index Cond: ((id >= 3159190) AND (id <= 3160189))

table 8 : explain SELECT DISTINCT c FROM sbtest8 WHERE id BETWEEN 7643848 AND 7644847 ORDER BY c
	Unique  (cost=3799.76..3804.54 rows=956 width=121)
	  ->  Sort  (cost=3799.76..3802.15 rows=956 width=121)
	        Sort Key: c
	        ->  Index Scan using sbtest8_pkey on sbtest8  (cost=0.43..3752.43 rows=956 width=121)
	              Index Cond: ((id >= 7643848) AND (id <= 7644847))

for: sum_ranges
table 1 : explain SELECT SUM(k) FROM sbtest1 WHERE id BETWEEN 6899272 AND 6900271
	Aggregate  (cost=3771.93..3771.94 rows=1 width=8)
	  ->  Bitmap Heap Scan on sbtest1  (cost=34.40..3769.50 rows=972 width=4)
	        Recheck Cond: ((id >= 6899272) AND (id <= 6900271))
	        ->  Bitmap Index Scan on sbtest1_pkey  (cost=0.00..34.16 rows=972 width=0)
	              Index Cond: ((id >= 6899272) AND (id <= 6900271))

table 2 : explain SELECT SUM(k) FROM sbtest2 WHERE id BETWEEN 1060947 AND 1061946
	Aggregate  (cost=3824.99..3825.00 rows=1 width=8)
	  ->  Bitmap Heap Scan on sbtest2  (cost=34.53..3822.53 rows=985 width=4)
	        Recheck Cond: ((id >= 1060947) AND (id <= 1061946))
	        ->  Bitmap Index Scan on sbtest2_pkey  (cost=0.00..34.29 rows=985 width=0)
	              Index Cond: ((id >= 1060947) AND (id <= 1061946))

table 3 : explain SELECT SUM(k) FROM sbtest3 WHERE id BETWEEN 6976481 AND 6977480
	Aggregate  (cost=3627.46..3627.47 rows=1 width=8)
	  ->  Bitmap Heap Scan on sbtest3  (cost=34.00..3625.13 rows=933 width=4)
	        Recheck Cond: ((id >= 6976481) AND (id <= 6977480))
	        ->  Bitmap Index Scan on sbtest3_pkey  (cost=0.00..33.77 rows=933 width=0)
	              Index Cond: ((id >= 6976481) AND (id <= 6977480))

table 4 : explain SELECT SUM(k) FROM sbtest4 WHERE id BETWEEN 7354170 AND 7355169
	Aggregate  (cost=3843.13..3843.14 rows=1 width=8)
	  ->  Index Scan using sbtest4_pkey on sbtest4  (cost=0.43..3840.67 rows=983 width=4)
	        Index Cond: ((id >= 7354170) AND (id <= 7355169))

table 5 : explain SELECT SUM(k) FROM sbtest5 WHERE id BETWEEN 802068 AND 803067
	Aggregate  (cost=3993.65..3993.66 rows=1 width=8)
	  ->  Bitmap Heap Scan on sbtest5  (cost=34.98..3991.08 rows=1029 width=4)
	        Recheck Cond: ((id >= 802068) AND (id <= 803067))
	        ->  Bitmap Index Scan on sbtest5_pkey  (cost=0.00..34.73 rows=1029 width=0)
	              Index Cond: ((id >= 802068) AND (id <= 803067))

table 6 : explain SELECT SUM(k) FROM sbtest6 WHERE id BETWEEN 8533206 AND 8534205
	Aggregate  (cost=3827.75..3827.76 rows=1 width=8)
	  ->  Bitmap Heap Scan on sbtest6  (cost=34.53..3825.29 rows=985 width=4)
	        Recheck Cond: ((id >= 8533206) AND (id <= 8534205))
	        ->  Bitmap Index Scan on sbtest6_pkey  (cost=0.00..34.29 rows=985 width=0)
	              Index Cond: ((id >= 8533206) AND (id <= 8534205))

table 7 : explain SELECT SUM(k) FROM sbtest7 WHERE id BETWEEN 6613501 AND 6614500
	Aggregate  (cost=3746.44..3746.45 rows=1 width=8)
	  ->  Index Scan using sbtest7_pkey on sbtest7  (cost=0.43..3744.05 rows=955 width=4)
	        Index Cond: ((id >= 6613501) AND (id <= 6614500))

table 8 : explain SELECT SUM(k) FROM sbtest8 WHERE id BETWEEN 8127598 AND 8128597
	Aggregate  (cost=3930.00..3930.01 rows=1 width=8)
	  ->  Bitmap Heap Scan on sbtest8  (cost=34.81..3927.47 rows=1012 width=4)
	        Recheck Cond: ((id >= 8127598) AND (id <= 8128597))
	        ->  Bitmap Index Scan on sbtest8_pkey  (cost=0.00..34.56 rows=1012 width=0)
	              Index Cond: ((id >= 8127598) AND (id <= 8128597))

for: distinct_ranges
table 1 : explain SELECT DISTINCT c FROM sbtest1 WHERE id BETWEEN 8270017 AND 8271016 ORDER BY c
	Unique  (cost=4012.88..4018.00 rows=1023 width=121)
	  ->  Sort  (cost=4012.88..4015.44 rows=1023 width=121)
	        Sort Key: c
	        ->  Bitmap Heap Scan on sbtest1  (cost=34.92..3961.74 rows=1023 width=121)
	              Recheck Cond: ((id >= 8270017) AND (id <= 8271016))
	              ->  Bitmap Index Scan on sbtest1_pkey  (cost=0.00..34.67 rows=1023 width=0)
	                    Index Cond: ((id >= 8270017) AND (id <= 8271016))

table 2 : explain SELECT DISTINCT c FROM sbtest2 WHERE id BETWEEN 1049944 AND 1050943 ORDER BY c
	Unique  (cost=3871.50..3876.43 rows=985 width=121)
	  ->  Sort  (cost=3871.50..3873.96 rows=985 width=121)
	        Sort Key: c
	        ->  Bitmap Heap Scan on sbtest2  (cost=34.53..3822.53 rows=985 width=121)
	              Recheck Cond: ((id >= 1049944) AND (id <= 1050943))
	              ->  Bitmap Index Scan on sbtest2_pkey  (cost=0.00..34.29 rows=985 width=0)
	                    Index Cond: ((id >= 1049944) AND (id <= 1050943))

table 3 : explain SELECT DISTINCT c FROM sbtest3 WHERE id BETWEEN 9823162 AND 9824161 ORDER BY c
	Unique  (cost=4115.67..4120.91 rows=1049 width=121)
	  ->  Sort  (cost=4115.67..4118.29 rows=1049 width=121)
	        Sort Key: c
	        ->  Bitmap Heap Scan on sbtest3  (cost=35.19..4063.03 rows=1049 width=121)
	              Recheck Cond: ((id >= 9823162) AND (id <= 9824161))
	              ->  Bitmap Index Scan on sbtest3_pkey  (cost=0.00..34.93 rows=1049 width=0)
	                    Index Cond: ((id >= 9823162) AND (id <= 9824161))

table 4 : explain SELECT DISTINCT c FROM sbtest4 WHERE id BETWEEN 8247731 AND 8248730 ORDER BY c
	Unique  (cost=3479.46..3483.86 rows=880 width=121)
	  ->  Sort  (cost=3479.46..3481.66 rows=880 width=121)
	        Sort Key: c
	        ->  Index Scan using sbtest4_pkey on sbtest4  (cost=0.43..3436.42 rows=880 width=121)
	              Index Cond: ((id >= 8247731) AND (id <= 8248730))

table 5 : explain SELECT DISTINCT c FROM sbtest5 WHERE id BETWEEN 1102557 AND 1103556 ORDER BY c
	Unique  (cost=3854.63..3859.53 rows=980 width=121)
	  ->  Sort  (cost=3854.63..3857.08 rows=980 width=121)
	        Sort Key: c
	        ->  Bitmap Heap Scan on sbtest5  (cost=34.48..3805.94 rows=980 width=121)
	              Recheck Cond: ((id >= 1102557) AND (id <= 1103556))
	              ->  Bitmap Index Scan on sbtest5_pkey  (cost=0.00..34.23 rows=980 width=0)
	                    Index Cond: ((id >= 1102557) AND (id <= 1103556))

table 6 : explain SELECT DISTINCT c FROM sbtest6 WHERE id BETWEEN 1169251 AND 1170250 ORDER BY c
	Unique  (cost=3697.58..3702.28 rows=939 width=121)
	  ->  Sort  (cost=3697.58..3699.93 rows=939 width=121)
	        Sort Key: c
	        ->  Bitmap Heap Scan on sbtest6  (cost=34.06..3651.22 rows=939 width=121)
	              Recheck Cond: ((id >= 1169251) AND (id <= 1170250))
	              ->  Bitmap Index Scan on sbtest6_pkey  (cost=0.00..33.83 rows=939 width=0)
	                    Index Cond: ((id >= 1169251) AND (id <= 1170250))

table 7 : explain SELECT DISTINCT c FROM sbtest7 WHERE id BETWEEN 7833205 AND 7834204 ORDER BY c
	Unique  (cost=4089.25..4094.45 rows=1041 width=121)
	  ->  Sort  (cost=4089.25..4091.85 rows=1041 width=121)
	        Sort Key: c
	        ->  Bitmap Heap Scan on sbtest7  (cost=35.11..4037.07 rows=1041 width=121)
	              Recheck Cond: ((id >= 7833205) AND (id <= 7834204))
	              ->  Bitmap Index Scan on sbtest7_pkey  (cost=0.00..34.84 rows=1041 width=0)
	                    Index Cond: ((id >= 7833205) AND (id <= 7834204))

table 8 : explain SELECT DISTINCT c FROM sbtest8 WHERE id BETWEEN 109102 AND 110101 ORDER BY c
	Unique  (cost=3629.46..3634.03 rows=913 width=121)
	  ->  Sort  (cost=3629.46..3631.74 rows=913 width=121)
	        Sort Key: c
	        ->  Index Scan using sbtest8_pkey on sbtest8  (cost=0.43..3584.57 rows=913 width=121)
	              Index Cond: ((id >= 109102) AND (id <= 110101))

for: order_ranges
table 1 : explain SELECT c FROM sbtest1 WHERE id BETWEEN 9109340 AND 9110339 ORDER BY c
	Sort  (cost=3978.47..3981.00 rows=1014 width=121)
	  Sort Key: c
	  ->  Bitmap Heap Scan on sbtest1  (cost=34.83..3927.84 rows=1014 width=121)
	        Recheck Cond: ((id >= 9109340) AND (id <= 9110339))
	        ->  Bitmap Index Scan on sbtest1_pkey  (cost=0.00..34.58 rows=1014 width=0)
	              Index Cond: ((id >= 9109340) AND (id <= 9110339))

table 2 : explain SELECT c FROM sbtest2 WHERE id BETWEEN 3763975 AND 3764974 ORDER BY c
	Sort  (cost=4112.81..4115.43 rows=1048 width=121)
	  Sort Key: c
	  ->  Bitmap Heap Scan on sbtest2  (cost=35.18..4060.24 rows=1048 width=121)
	        Recheck Cond: ((id >= 3763975) AND (id <= 3764974))
	        ->  Bitmap Index Scan on sbtest2_pkey  (cost=0.00..34.92 rows=1048 width=0)
	              Index Cond: ((id >= 3763975) AND (id <= 3764974))

table 3 : explain SELECT c FROM sbtest3 WHERE id BETWEEN 104978 AND 105977 ORDER BY c
	Sort  (cost=4023.83..4026.39 rows=1025 width=121)
	  Sort Key: c
	  ->  Bitmap Heap Scan on sbtest3  (cost=34.94..3972.57 rows=1025 width=121)
	        Recheck Cond: ((id >= 104978) AND (id <= 105977))
	        ->  Bitmap Index Scan on sbtest3_pkey  (cost=0.00..34.69 rows=1025 width=0)
	              Index Cond: ((id >= 104978) AND (id <= 105977))

table 4 : explain SELECT c FROM sbtest4 WHERE id BETWEEN 1072795 AND 1073794 ORDER BY c
	Sort  (cost=3696.36..3698.69 rows=934 width=121)
	  Sort Key: c
	  ->  Index Scan using sbtest4_pkey on sbtest4  (cost=0.43..3650.28 rows=934 width=121)
	        Index Cond: ((id >= 1072795) AND (id <= 1073794))

table 5 : explain SELECT c FROM sbtest5 WHERE id BETWEEN 7418802 AND 7419801 ORDER BY c
	Sort  (cost=3977.39..3979.92 rows=1012 width=121)
	  Sort Key: c
	  ->  Bitmap Heap Scan on sbtest5  (cost=34.81..3926.88 rows=1012 width=121)
	        Recheck Cond: ((id >= 7418802) AND (id <= 7419801))
	        ->  Bitmap Index Scan on sbtest5_pkey  (cost=0.00..34.56 rows=1012 width=0)
	              Index Cond: ((id >= 7418802) AND (id <= 7419801))

table 6 : explain SELECT c FROM sbtest6 WHERE id BETWEEN 2399833 AND 2400832 ORDER BY c
	Sort  (cost=3655.29..3657.61 rows=928 width=121)
	  Sort Key: c
	  ->  Bitmap Heap Scan on sbtest6  (cost=33.95..3609.55 rows=928 width=121)
	        Recheck Cond: ((id >= 2399833) AND (id <= 2400832))
	        ->  Bitmap Index Scan on sbtest6_pkey  (cost=0.00..33.72 rows=928 width=0)
	              Index Cond: ((id >= 2399833) AND (id <= 2400832))

table 7 : explain SELECT c FROM sbtest7 WHERE id BETWEEN 210468 AND 211467 ORDER BY c
	Sort  (cost=3906.03..3908.49 rows=984 width=121)
	  Sort Key: c
	  ->  Index Scan using sbtest7_pkey on sbtest7  (cost=0.43..3857.12 rows=984 width=121)
	        Index Cond: ((id >= 210468) AND (id <= 211467))

table 8 : explain SELECT c FROM sbtest8 WHERE id BETWEEN 7617580 AND 7618579 ORDER BY c
	Sort  (cost=3799.76..3802.15 rows=956 width=121)
	  Sort Key: c
	  ->  Index Scan using sbtest8_pkey on sbtest8  (cost=0.43..3752.43 rows=956 width=121)
	        Index Cond: ((id >= 7617580) AND (id <= 7618579))

for point_selects
table 1 : explain SELECT c FROM sbtest1 WHERE id=543324
	Index Scan using sbtest1_pkey on sbtest1  (cost=0.43..8.45 rows=1 width=121)
	  Index Cond: (id = 543324)

table 2 : explain SELECT c FROM sbtest2 WHERE id=4383009
	Index Scan using sbtest2_pkey on sbtest2  (cost=0.43..8.45 rows=1 width=121)
	  Index Cond: (id = 4383009)

table 3 : explain SELECT c FROM sbtest3 WHERE id=9494615
	Index Scan using sbtest3_pkey on sbtest3  (cost=0.43..8.45 rows=1 width=121)
	  Index Cond: (id = 9494615)

table 4 : explain SELECT c FROM sbtest4 WHERE id=8740223
	Index Scan using sbtest4_pkey on sbtest4  (cost=0.43..8.45 rows=1 width=121)
	  Index Cond: (id = 8740223)

table 5 : explain SELECT c FROM sbtest5 WHERE id=6563201
	Index Scan using sbtest5_pkey on sbtest5  (cost=0.43..8.45 rows=1 width=121)
	  Index Cond: (id = 6563201)

table 6 : explain SELECT c FROM sbtest6 WHERE id=2635228
	Index Scan using sbtest6_pkey on sbtest6  (cost=0.43..8.45 rows=1 width=121)
	  Index Cond: (id = 2635228)

table 7 : explain SELECT c FROM sbtest7 WHERE id=147417
	Index Scan using sbtest7_pkey on sbtest7  (cost=0.43..8.45 rows=1 width=121)
	  Index Cond: (id = 147417)

table 8 : explain SELECT c FROM sbtest8 WHERE id=2133178
	Index Scan using sbtest8_pkey on sbtest8  (cost=0.43..8.45 rows=1 width=121)
	  Index Cond: (id = 2133178)

for: distinct_ranges
table 1 : explain SELECT DISTINCT c FROM sbtest1 WHERE id BETWEEN 4114456 AND 4115455 ORDER BY c
	Unique  (cost=3691.29..3695.99 rows=939 width=121)
	  ->  Sort  (cost=3691.29..3693.64 rows=939 width=121)
	        Sort Key: c
	        ->  Bitmap Heap Scan on sbtest1  (cost=34.06..3644.93 rows=939 width=121)
	              Recheck Cond: ((id >= 4114456) AND (id <= 4115455))
	              ->  Bitmap Index Scan on sbtest1_pkey  (cost=0.00..33.83 rows=939 width=0)
	                    Index Cond: ((id >= 4114456) AND (id <= 4115455))

table 2 : explain SELECT DISTINCT c FROM sbtest2 WHERE id BETWEEN 416472 AND 417471 ORDER BY c
	Unique  (cost=3810.14..3814.99 rows=969 width=121)
	  ->  Sort  (cost=3810.14..3812.56 rows=969 width=121)
	        Sort Key: c
	        ->  Bitmap Heap Scan on sbtest2  (cost=34.37..3762.08 rows=969 width=121)
	              Recheck Cond: ((id >= 416472) AND (id <= 417471))
	              ->  Bitmap Index Scan on sbtest2_pkey  (cost=0.00..34.12 rows=969 width=0)
	                    Index Cond: ((id >= 416472) AND (id <= 417471))

table 3 : explain SELECT DISTINCT c FROM sbtest3 WHERE id BETWEEN 2636658 AND 2637657 ORDER BY c
	Unique  (cost=3728.72..3733.46 rows=948 width=121)
	  ->  Sort  (cost=3728.72..3731.09 rows=948 width=121)
	        Sort Key: c
	        ->  Bitmap Heap Scan on sbtest3  (cost=34.15..3681.85 rows=948 width=121)
	              Recheck Cond: ((id >= 2636658) AND (id <= 2637657))
	              ->  Bitmap Index Scan on sbtest3_pkey  (cost=0.00..33.92 rows=948 width=0)
	                    Index Cond: ((id >= 2636658) AND (id <= 2637657))

table 4 : explain SELECT DISTINCT c FROM sbtest4 WHERE id BETWEEN 9739116 AND 9740115 ORDER BY c
	Unique  (cost=3885.59..3890.50 rows=982 width=121)
	  ->  Sort  (cost=3885.59..3888.05 rows=982 width=121)
	        Sort Key: c
	        ->  Index Scan using sbtest4_pkey on sbtest4  (cost=0.43..3836.79 rows=982 width=121)
	              Index Cond: ((id >= 9739116) AND (id <= 9740115))

table 5 : explain SELECT DISTINCT c FROM sbtest5 WHERE id BETWEEN 2804870 AND 2805869 ORDER BY c
	Unique  (cost=3877.66..3882.59 rows=986 width=121)
	  ->  Sort  (cost=3877.66..3880.12 rows=986 width=121)
	        Sort Key: c
	        ->  Bitmap Heap Scan on sbtest5  (cost=34.54..3828.63 rows=986 width=121)
	              Recheck Cond: ((id >= 2804870) AND (id <= 2805869))
	              ->  Bitmap Index Scan on sbtest5_pkey  (cost=0.00..34.30 rows=986 width=0)
	                    Index Cond: ((id >= 2804870) AND (id <= 2805869))

table 6 : explain SELECT DISTINCT c FROM sbtest6 WHERE id BETWEEN 4061575 AND 4062574 ORDER BY c
	Unique  (cost=3966.35..3971.39 rows=1009 width=121)
	  ->  Sort  (cost=3966.35..3968.87 rows=1009 width=121)
	        Sort Key: c
	        ->  Bitmap Heap Scan on sbtest6  (cost=34.78..3916.01 rows=1009 width=121)
	              Recheck Cond: ((id >= 4061575) AND (id <= 4062574))
	              ->  Bitmap Index Scan on sbtest6_pkey  (cost=0.00..34.53 rows=1009 width=0)
	                    Index Cond: ((id >= 4061575) AND (id <= 4062574))

table 7 : explain SELECT DISTINCT c FROM sbtest7 WHERE id BETWEEN 4307469 AND 4308468 ORDER BY c
	Unique  (cost=3747.79..3752.51 rows=944 width=121)
	  ->  Sort  (cost=3747.79..3750.15 rows=944 width=121)
	        Sort Key: c
	        ->  Index Scan using sbtest7_pkey on sbtest7  (cost=0.43..3701.14 rows=944 width=121)
	              Index Cond: ((id >= 4307469) AND (id <= 4308468))

table 8 : explain SELECT DISTINCT c FROM sbtest8 WHERE id BETWEEN 707088 AND 708087 ORDER BY c
	Unique  (cost=4020.17..4025.28 rows=1023 width=121)
	  ->  Sort  (cost=4020.17..4022.73 rows=1023 width=121)
	        Sort Key: c
	        ->  Bitmap Heap Scan on sbtest8  (cost=34.92..3969.02 rows=1023 width=121)
	              Recheck Cond: ((id >= 707088) AND (id <= 708087))
	              ->  Bitmap Index Scan on sbtest8_pkey  (cost=0.00..34.67 rows=1023 width=0)
	                    Index Cond: ((id >= 707088) AND (id <= 708087))

for point_selects
table 1 : explain SELECT c FROM sbtest1 WHERE id=9466559
	Index Scan using sbtest1_pkey on sbtest1  (cost=0.43..8.45 rows=1 width=121)
	  Index Cond: (id = 9466559)

table 2 : explain SELECT c FROM sbtest2 WHERE id=6759287
	Index Scan using sbtest2_pkey on sbtest2  (cost=0.43..8.45 rows=1 width=121)
	  Index Cond: (id = 6759287)

table 3 : explain SELECT c FROM sbtest3 WHERE id=9743142
	Index Scan using sbtest3_pkey on sbtest3  (cost=0.43..8.45 rows=1 width=121)
	  Index Cond: (id = 9743142)

table 4 : explain SELECT c FROM sbtest4 WHERE id=8615610
	Index Scan using sbtest4_pkey on sbtest4  (cost=0.43..8.45 rows=1 width=121)
	  Index Cond: (id = 8615610)

table 5 : explain SELECT c FROM sbtest5 WHERE id=800538
	Index Scan using sbtest5_pkey on sbtest5  (cost=0.43..8.45 rows=1 width=121)
	  Index Cond: (id = 800538)

table 6 : explain SELECT c FROM sbtest6 WHERE id=6236016
	Index Scan using sbtest6_pkey on sbtest6  (cost=0.43..8.45 rows=1 width=121)
	  Index Cond: (id = 6236016)

table 7 : explain SELECT c FROM sbtest7 WHERE id=4423426
	Index Scan using sbtest7_pkey on sbtest7  (cost=0.43..8.45 rows=1 width=121)
	  Index Cond: (id = 4423426)

table 8 : explain SELECT c FROM sbtest8 WHERE id=499321
	Index Scan using sbtest8_pkey on sbtest8  (cost=0.43..8.45 rows=1 width=121)
	  Index Cond: (id = 499321)

for point_selects
table 1 : explain SELECT c FROM sbtest1 WHERE id=5769023
	Index Scan using sbtest1_pkey on sbtest1  (cost=0.43..8.45 rows=1 width=121)
	  Index Cond: (id = 5769023)

table 2 : explain SELECT c FROM sbtest2 WHERE id=45245
	Index Scan using sbtest2_pkey on sbtest2  (cost=0.43..8.45 rows=1 width=121)
	  Index Cond: (id = 45245)

table 3 : explain SELECT c FROM sbtest3 WHERE id=643999
	Index Scan using sbtest3_pkey on sbtest3  (cost=0.43..8.45 rows=1 width=121)
	  Index Cond: (id = 643999)

table 4 : explain SELECT c FROM sbtest4 WHERE id=6972241
	Index Scan using sbtest4_pkey on sbtest4  (cost=0.43..8.45 rows=1 width=121)
	  Index Cond: (id = 6972241)

table 5 : explain SELECT c FROM sbtest5 WHERE id=2122201
	Index Scan using sbtest5_pkey on sbtest5  (cost=0.43..8.45 rows=1 width=121)
	  Index Cond: (id = 2122201)

table 6 : explain SELECT c FROM sbtest6 WHERE id=3540966
	Index Scan using sbtest6_pkey on sbtest6  (cost=0.43..8.45 rows=1 width=121)
	  Index Cond: (id = 3540966)

table 7 : explain SELECT c FROM sbtest7 WHERE id=7095851
	Index Scan using sbtest7_pkey on sbtest7  (cost=0.43..8.45 rows=1 width=121)
	  Index Cond: (id = 7095851)

table 8 : explain SELECT c FROM sbtest8 WHERE id=9307712
	Index Scan using sbtest8_pkey on sbtest8  (cost=0.43..8.45 rows=1 width=121)
	  Index Cond: (id = 9307712)

for: distinct_ranges
table 1 : explain SELECT DISTINCT c FROM sbtest1 WHERE id BETWEEN 7384625 AND 7385624 ORDER BY c
	Unique  (cost=3503.13..3507.59 rows=891 width=121)
	  ->  Sort  (cost=3503.13..3505.36 rows=891 width=121)
	        Sort Key: c
	        ->  Bitmap Heap Scan on sbtest1  (cost=29.57..3459.48 rows=891 width=121)
	              Recheck Cond: ((id >= 7384625) AND (id <= 7385624))
	              ->  Bitmap Index Scan on sbtest1_pkey  (cost=0.00..29.34 rows=891 width=0)
	                    Index Cond: ((id >= 7384625) AND (id <= 7385624))

table 2 : explain SELECT DISTINCT c FROM sbtest2 WHERE id BETWEEN 1277492 AND 1278491 ORDER BY c
	Unique  (cost=3863.83..3868.75 rows=983 width=121)
	  ->  Sort  (cost=3863.83..3866.29 rows=983 width=121)
	        Sort Key: c
	        ->  Bitmap Heap Scan on sbtest2  (cost=34.51..3814.97 rows=983 width=121)
	              Recheck Cond: ((id >= 1277492) AND (id <= 1278491))
	              ->  Bitmap Index Scan on sbtest2_pkey  (cost=0.00..34.27 rows=983 width=0)
	                    Index Cond: ((id >= 1277492) AND (id <= 1278491))

table 3 : explain SELECT DISTINCT c FROM sbtest3 WHERE id BETWEEN 4638294 AND 4639293 ORDER BY c
	Unique  (cost=3663.47..3668.13 rows=931 width=121)
	  ->  Sort  (cost=3663.47..3665.80 rows=931 width=121)
	        Sort Key: c
	        ->  Bitmap Heap Scan on sbtest3  (cost=33.98..3617.56 rows=931 width=121)
	              Recheck Cond: ((id >= 4638294) AND (id <= 4639293))
	              ->  Bitmap Index Scan on sbtest3_pkey  (cost=0.00..33.75 rows=931 width=0)
	                    Index Cond: ((id >= 4638294) AND (id <= 4639293))

table 4 : explain SELECT DISTINCT c FROM sbtest4 WHERE id BETWEEN 6358332 AND 6359331 ORDER BY c
	Unique  (cost=3818.58..3823.41 rows=965 width=121)
	  ->  Sort  (cost=3818.58..3820.99 rows=965 width=121)
	        Sort Key: c
	        ->  Index Scan using sbtest4_pkey on sbtest4  (cost=0.43..3770.75 rows=965 width=121)
	              Index Cond: ((id >= 6358332) AND (id <= 6359331))

table 5 : explain SELECT DISTINCT c FROM sbtest5 WHERE id BETWEEN 318269 AND 319268 ORDER BY c
	Unique  (cost=3981.23..3986.29 rows=1013 width=121)
	  ->  Sort  (cost=3981.23..3983.76 rows=1013 width=121)
	        Sort Key: c
	        ->  Bitmap Heap Scan on sbtest5  (cost=34.82..3930.66 rows=1013 width=121)
	              Recheck Cond: ((id >= 318269) AND (id <= 319268))
	              ->  Bitmap Index Scan on sbtest5_pkey  (cost=0.00..34.57 rows=1013 width=0)
	                    Index Cond: ((id >= 318269) AND (id <= 319268))

table 6 : explain SELECT DISTINCT c FROM sbtest6 WHERE id BETWEEN 748316 AND 749315 ORDER BY c
	Unique  (cost=3562.83..3567.35 rows=905 width=121)
	  ->  Sort  (cost=3562.83..3565.09 rows=905 width=121)
	        Sort Key: c
	        ->  Bitmap Heap Scan on sbtest6  (cost=29.71..3518.38 rows=905 width=121)
	              Recheck Cond: ((id >= 748316) AND (id <= 749315))
	              ->  Bitmap Index Scan on sbtest6_pkey  (cost=0.00..29.48 rows=905 width=0)
	                    Index Cond: ((id >= 748316) AND (id <= 749315))

table 7 : explain SELECT DISTINCT c FROM sbtest7 WHERE id BETWEEN 2473110 AND 2474109 ORDER BY c
	Unique  (cost=4000.95..4005.99 rows=1008 width=121)
	  ->  Sort  (cost=4000.95..4003.47 rows=1008 width=121)
	        Sort Key: c
	        ->  Index Scan using sbtest7_pkey on sbtest7  (cost=0.43..3950.66 rows=1008 width=121)
	              Index Cond: ((id >= 2473110) AND (id <= 2474109))

table 8 : explain SELECT DISTINCT c FROM sbtest8 WHERE id BETWEEN 8401670 AND 8402669 ORDER BY c
	Unique  (cost=3797.60..3802.42 rows=965 width=121)
	  ->  Sort  (cost=3797.60..3800.01 rows=965 width=121)
	        Sort Key: c
	        ->  Bitmap Heap Scan on sbtest8  (cost=34.33..3749.76 rows=965 width=121)
	              Recheck Cond: ((id >= 8401670) AND (id <= 8402669))
	              ->  Bitmap Index Scan on sbtest8_pkey  (cost=0.00..34.09 rows=965 width=0)
	                    Index Cond: ((id >= 8401670) AND (id <= 8402669))

for: simple_ranges
table 1 : explain SELECT c FROM sbtest1 WHERE id BETWEEN 8669837 AND 8670836
	Bitmap Heap Scan on sbtest1  (cost=34.16..3682.69 rows=949 width=121)
	  Recheck Cond: ((id >= 8669837) AND (id <= 8670836))
	  ->  Bitmap Index Scan on sbtest1_pkey  (cost=0.00..33.93 rows=949 width=0)
	        Index Cond: ((id >= 8669837) AND (id <= 8670836))

table 2 : explain SELECT c FROM sbtest2 WHERE id BETWEEN 5516540 AND 5517539
	Bitmap Heap Scan on sbtest2  (cost=35.24..4082.85 rows=1054 width=121)
	  Recheck Cond: ((id >= 5516540) AND (id <= 5517539))
	  ->  Bitmap Index Scan on sbtest2_pkey  (cost=0.00..34.98 rows=1054 width=0)
	        Index Cond: ((id >= 5516540) AND (id <= 5517539))

table 3 : explain SELECT c FROM sbtest3 WHERE id BETWEEN 6427348 AND 6428347
	Bitmap Heap Scan on sbtest3  (cost=34.80..3919.77 rows=1011 width=121)
	  Recheck Cond: ((id >= 6427348) AND (id <= 6428347))
	  ->  Bitmap Index Scan on sbtest3_pkey  (cost=0.00..34.55 rows=1011 width=0)
	        Index Cond: ((id >= 6427348) AND (id <= 6428347))

table 4 : explain SELECT c FROM sbtest4 WHERE id BETWEEN 4330993 AND 4331992
	Index Scan using sbtest4_pkey on sbtest4  (cost=0.43..3743.52 rows=958 width=121)
	  Index Cond: ((id >= 4330993) AND (id <= 4331992))

table 5 : explain SELECT c FROM sbtest5 WHERE id BETWEEN 7130923 AND 7131922
	Index Scan using sbtest5_pkey on sbtest5  (cost=0.43..3365.38 rows=856 width=121)
	  Index Cond: ((id >= 7130923) AND (id <= 7131922))

table 6 : explain SELECT c FROM sbtest6 WHERE id BETWEEN 8044709 AND 8045708
	Bitmap Heap Scan on sbtest6  (cost=34.78..3916.01 rows=1009 width=121)
	  Recheck Cond: ((id >= 8044709) AND (id <= 8045708))
	  ->  Bitmap Index Scan on sbtest6_pkey  (cost=0.00..34.53 rows=1009 width=0)
	        Index Cond: ((id >= 8044709) AND (id <= 8045708))

table 7 : explain SELECT c FROM sbtest7 WHERE id BETWEEN 7493689 AND 7494688
	Index Scan using sbtest7_pkey on sbtest7  (cost=0.43..3864.91 rows=986 width=121)
	  Index Cond: ((id >= 7493689) AND (id <= 7494688))

table 8 : explain SELECT c FROM sbtest8 WHERE id BETWEEN 3532888 AND 3533887
	Bitmap Heap Scan on sbtest8  (cost=40.01..4372.70 rows=1129 width=121)
	  Recheck Cond: ((id >= 3532888) AND (id <= 3533887))
	  ->  Bitmap Index Scan on sbtest8_pkey  (cost=0.00..39.73 rows=1129 width=0)
	        Index Cond: ((id >= 3532888) AND (id <= 3533887))

for: sum_ranges
table 1 : explain SELECT SUM(k) FROM sbtest1 WHERE id BETWEEN 6708741 AND 6709740
	Aggregate  (cost=3790.81..3790.82 rows=1 width=8)
	  ->  Bitmap Heap Scan on sbtest1  (cost=34.45..3788.36 rows=977 width=4)
	        Recheck Cond: ((id >= 6708741) AND (id <= 6709740))
	        ->  Bitmap Index Scan on sbtest1_pkey  (cost=0.00..34.20 rows=977 width=0)
	              Index Cond: ((id >= 6708741) AND (id <= 6709740))

table 2 : explain SELECT SUM(k) FROM sbtest2 WHERE id BETWEEN 6705553 AND 6706552
	Aggregate  (cost=3832.55..3832.56 rows=1 width=8)
	  ->  Bitmap Heap Scan on sbtest2  (cost=34.55..3830.08 rows=987 width=4)
	        Recheck Cond: ((id >= 6705553) AND (id <= 6706552))
	        ->  Bitmap Index Scan on sbtest2_pkey  (cost=0.00..34.31 rows=987 width=0)
	              Index Cond: ((id >= 6705553) AND (id <= 6706552))

table 3 : explain SELECT SUM(k) FROM sbtest3 WHERE id BETWEEN 4519372 AND 4520371
	Aggregate  (cost=4174.94..4174.95 rows=1 width=8)
	  ->  Bitmap Heap Scan on sbtest3  (cost=35.48..4172.25 rows=1078 width=4)
	        Recheck Cond: ((id >= 4519372) AND (id <= 4520371))
	        ->  Bitmap Index Scan on sbtest3_pkey  (cost=0.00..35.22 rows=1078 width=0)
	              Index Cond: ((id >= 4519372) AND (id <= 4520371))

table 4 : explain SELECT SUM(k) FROM sbtest4 WHERE id BETWEEN 1385886 AND 1386885
	Aggregate  (cost=3983.15..3983.16 rows=1 width=8)
	  ->  Index Scan using sbtest4_pkey on sbtest4  (cost=0.43..3980.60 rows=1019 width=4)
	        Index Cond: ((id >= 1385886) AND (id <= 1386885))

table 5 : explain SELECT SUM(k) FROM sbtest5 WHERE id BETWEEN 7973168 AND 7974167
	Aggregate  (cost=3887.82..3887.83 rows=1 width=8)
	  ->  Bitmap Heap Scan on sbtest5  (cost=34.70..3885.32 rows=1001 width=4)
	        Recheck Cond: ((id >= 7973168) AND (id <= 7974167))
	        ->  Bitmap Index Scan on sbtest5_pkey  (cost=0.00..34.45 rows=1001 width=0)
	              Index Cond: ((id >= 7973168) AND (id <= 7974167))

table 6 : explain SELECT SUM(k) FROM sbtest6 WHERE id BETWEEN 3146183 AND 3147182
	Aggregate  (cost=3532.52..3532.53 rows=1 width=8)
	  ->  Index Scan using sbtest6_pkey on sbtest6  (cost=0.43..3530.27 rows=899 width=4)
	        Index Cond: ((id >= 3146183) AND (id <= 3147182))

table 7 : explain SELECT SUM(k) FROM sbtest7 WHERE id BETWEEN 2916628 AND 2917627
	Aggregate  (cost=3680.10..3680.11 rows=1 width=8)
	  ->  Index Scan using sbtest7_pkey on sbtest7  (cost=0.43..3677.76 rows=938 width=4)
	        Index Cond: ((id >= 2916628) AND (id <= 2917627))

table 8 : explain SELECT SUM(k) FROM sbtest8 WHERE id BETWEEN 1187508 AND 1188507
	Aggregate  (cost=3998.03..3998.04 rows=1 width=8)
	  ->  Bitmap Heap Scan on sbtest8  (cost=34.99..3995.46 rows=1030 width=4)
	        Recheck Cond: ((id >= 1187508) AND (id <= 1188507))
	        ->  Bitmap Index Scan on sbtest8_pkey  (cost=0.00..34.73 rows=1030 width=0)
	              Index Cond: ((id >= 1187508) AND (id <= 1188507))

explain: for point_selects :: explain SELECT c FROM sbtest%u WHERE id=%u
for: order_ranges
table 1 : explain SELECT c FROM sbtest1 WHERE id BETWEEN 4461153 AND 4462152 ORDER BY c
	Sort  (cost=3767.94..3770.34 rows=959 width=121)
	  Sort Key: c
	  ->  Bitmap Heap Scan on sbtest1  (cost=34.26..3720.44 rows=959 width=121)
	        Recheck Cond: ((id >= 4461153) AND (id <= 4462152))
	        ->  Bitmap Index Scan on sbtest1_pkey  (cost=0.00..34.03 rows=959 width=0)
	              Index Cond: ((id >= 4461153) AND (id <= 4462152))

table 2 : explain SELECT c FROM sbtest2 WHERE id BETWEEN 8696914 AND 8697913 ORDER BY c
	Sort  (cost=3622.04..3624.34 rows=920 width=121)
	  Sort Key: c
	  ->  Bitmap Heap Scan on sbtest2  (cost=33.87..3576.75 rows=920 width=121)
	        Recheck Cond: ((id >= 8696914) AND (id <= 8697913))
	        ->  Bitmap Index Scan on sbtest2_pkey  (cost=0.00..33.64 rows=920 width=0)
	              Index Cond: ((id >= 8696914) AND (id <= 8697913))

table 3 : explain SELECT c FROM sbtest3 WHERE id BETWEEN 1268691 AND 1269690 ORDER BY c
	Sort  (cost=3901.27..3903.76 rows=993 width=121)
	  Sort Key: c
	  ->  Bitmap Heap Scan on sbtest3  (cost=34.61..3851.84 rows=993 width=121)
	        Recheck Cond: ((id >= 1268691) AND (id <= 1269690))
	        ->  Bitmap Index Scan on sbtest3_pkey  (cost=0.00..34.37 rows=993 width=0)
	              Index Cond: ((id >= 1268691) AND (id <= 1269690))

table 4 : explain SELECT c FROM sbtest4 WHERE id BETWEEN 9949430 AND 9950429 ORDER BY c
	Sort  (cost=3976.29..3978.80 rows=1005 width=121)
	  Sort Key: c
	  ->  Index Scan using sbtest4_pkey on sbtest4  (cost=0.43..3926.18 rows=1005 width=121)
	        Index Cond: ((id >= 9949430) AND (id <= 9950429))

table 5 : explain SELECT c FROM sbtest5 WHERE id BETWEEN 9622342 AND 9623341 ORDER BY c
	Sort  (cost=3985.06..3987.60 rows=1014 width=121)
	  Sort Key: c
	  ->  Bitmap Heap Scan on sbtest5  (cost=34.83..3934.43 rows=1014 width=121)
	        Recheck Cond: ((id >= 9622342) AND (id <= 9623341))
	        ->  Bitmap Index Scan on sbtest5_pkey  (cost=0.00..34.58 rows=1014 width=0)
	              Index Cond: ((id >= 9622342) AND (id <= 9623341))

table 6 : explain SELECT c FROM sbtest6 WHERE id BETWEEN 9076132 AND 9077131 ORDER BY c
	Sort  (cost=4150.32..4152.96 rows=1057 width=121)
	  Sort Key: c
	  ->  Bitmap Heap Scan on sbtest6  (cost=35.27..4097.23 rows=1057 width=121)
	        Recheck Cond: ((id >= 9076132) AND (id <= 9077131))
	        ->  Bitmap Index Scan on sbtest6_pkey  (cost=0.00..35.01 rows=1057 width=0)
	              Index Cond: ((id >= 9076132) AND (id <= 9077131))

table 7 : explain SELECT c FROM sbtest7 WHERE id BETWEEN 4633135 AND 4634134 ORDER BY c
	Sort  (cost=3688.48..3690.80 rows=929 width=121)
	  Sort Key: c
	  ->  Index Scan using sbtest7_pkey on sbtest7  (cost=0.43..3642.68 rows=929 width=121)
	        Index Cond: ((id >= 4633135) AND (id <= 4634134))

table 8 : explain SELECT c FROM sbtest8 WHERE id BETWEEN 4448994 AND 4449993 ORDER BY c
	Sort  (cost=3832.16..3834.60 rows=974 width=121)
	  Sort Key: c
	  ->  Bitmap Heap Scan on sbtest8  (cost=34.42..3783.81 rows=974 width=121)
	        Recheck Cond: ((id >= 4448994) AND (id <= 4449993))
	        ->  Bitmap Index Scan on sbtest8_pkey  (cost=0.00..34.18 rows=974 width=0)
	              Index Cond: ((id >= 4448994) AND (id <= 4449993))

for: distinct_ranges
table 1 : explain SELECT DISTINCT c FROM sbtest1 WHERE id BETWEEN 990662 AND 991661 ORDER BY c
	Unique  (cost=3810.08..3814.93 rows=970 width=121)
	  ->  Sort  (cost=3810.08..3812.50 rows=970 width=121)
	        Sort Key: c
	        ->  Bitmap Heap Scan on sbtest1  (cost=34.38..3761.96 rows=970 width=121)
	              Recheck Cond: ((id >= 990662) AND (id <= 991661))
	              ->  Bitmap Index Scan on sbtest1_pkey  (cost=0.00..34.14 rows=970 width=0)
	                    Index Cond: ((id >= 990662) AND (id <= 991661))

table 2 : explain SELECT DISTINCT c FROM sbtest2 WHERE id BETWEEN 6835535 AND 6836534 ORDER BY c
	Unique  (cost=3706.53..3711.24 rows=942 width=121)
	  ->  Sort  (cost=3706.53..3708.88 rows=942 width=121)
	        Sort Key: c
	        ->  Bitmap Heap Scan on sbtest2  (cost=34.09..3659.99 rows=942 width=121)
	              Recheck Cond: ((id >= 6835535) AND (id <= 6836534))
	              ->  Bitmap Index Scan on sbtest2_pkey  (cost=0.00..33.86 rows=942 width=0)
	                    Index Cond: ((id >= 6835535) AND (id <= 6836534))

table 3 : explain SELECT DISTINCT c FROM sbtest3 WHERE id BETWEEN 2562732 AND 2563731 ORDER BY c
	Unique  (cost=3801.61..3806.44 rows=967 width=121)
	  ->  Sort  (cost=3801.61..3804.02 rows=967 width=121)
	        Sort Key: c
	        ->  Bitmap Heap Scan on sbtest3  (cost=34.35..3753.66 rows=967 width=121)
	              Recheck Cond: ((id >= 2562732) AND (id <= 2563731))
	              ->  Bitmap Index Scan on sbtest3_pkey  (cost=0.00..34.11 rows=967 width=0)
	                    Index Cond: ((id >= 2562732) AND (id <= 2563731))

table 4 : explain SELECT DISTINCT c FROM sbtest4 WHERE id BETWEEN 6109563 AND 6110562 ORDER BY c
	Unique  (cost=3921.10..3926.06 rows=991 width=121)
	  ->  Sort  (cost=3921.10..3923.58 rows=991 width=121)
	        Sort Key: c
	        ->  Index Scan using sbtest4_pkey on sbtest4  (cost=0.43..3871.79 rows=991 width=121)
	              Index Cond: ((id >= 6109563) AND (id <= 6110562))

table 5 : explain SELECT DISTINCT c FROM sbtest5 WHERE id BETWEEN 1413847 AND 1414846 ORDER BY c
	Unique  (cost=3988.90..3993.97 rows=1015 width=121)
	  ->  Sort  (cost=3988.90..3991.43 rows=1015 width=121)
	        Sort Key: c
	        ->  Bitmap Heap Scan on sbtest5  (cost=34.84..3938.21 rows=1015 width=121)
	              Recheck Cond: ((id >= 1413847) AND (id <= 1414846))
	              ->  Bitmap Index Scan on sbtest5_pkey  (cost=0.00..34.59 rows=1015 width=0)
	                    Index Cond: ((id >= 1413847) AND (id <= 1414846))

table 6 : explain SELECT DISTINCT c FROM sbtest6 WHERE id BETWEEN 1557417 AND 1558416 ORDER BY c
	Unique  (cost=4039.20..4044.34 rows=1028 width=121)
	  ->  Sort  (cost=4039.20..4041.77 rows=1028 width=121)
	        Sort Key: c
	        ->  Bitmap Heap Scan on sbtest6  (cost=34.97..3987.77 rows=1028 width=121)
	              Recheck Cond: ((id >= 1557417) AND (id <= 1558416))
	              ->  Bitmap Index Scan on sbtest6_pkey  (cost=0.00..34.72 rows=1028 width=0)
	                    Index Cond: ((id >= 1557417) AND (id <= 1558416))

table 7 : explain SELECT DISTINCT c FROM sbtest7 WHERE id BETWEEN 7785487 AND 7786486 ORDER BY c
	Unique  (cost=4039.42..4044.56 rows=1028 width=121)
	  ->  Sort  (cost=4039.42..4041.99 rows=1028 width=121)
	        Sort Key: c
	        ->  Bitmap Heap Scan on sbtest7  (cost=34.97..3987.99 rows=1028 width=121)
	              Recheck Cond: ((id >= 7785487) AND (id <= 7786486))
	              ->  Bitmap Index Scan on sbtest7_pkey  (cost=0.00..34.72 rows=1028 width=0)
	                    Index Cond: ((id >= 7785487) AND (id <= 7786486))

table 8 : explain SELECT DISTINCT c FROM sbtest8 WHERE id BETWEEN 3198430 AND 3199429 ORDER BY c
	Unique  (cost=3951.14..3956.16 rows=1005 width=121)
	  ->  Sort  (cost=3951.14..3953.65 rows=1005 width=121)
	        Sort Key: c
	        ->  Bitmap Heap Scan on sbtest8  (cost=34.74..3901.02 rows=1005 width=121)
	              Recheck Cond: ((id >= 3198430) AND (id <= 3199429))
	              ->  Bitmap Index Scan on sbtest8_pkey  (cost=0.00..34.48 rows=1005 width=0)
	                    Index Cond: ((id >= 3198430) AND (id <= 3199429))

for: simple_ranges
table 1 : explain SELECT c FROM sbtest1 WHERE id BETWEEN 9510960 AND 9511959
	Bitmap Heap Scan on sbtest1  (cost=34.98..3984.34 rows=1029 width=121)
	  Recheck Cond: ((id >= 9510960) AND (id <= 9511959))
	  ->  Bitmap Index Scan on sbtest1_pkey  (cost=0.00..34.73 rows=1029 width=0)
	        Index Cond: ((id >= 9510960) AND (id <= 9511959))

table 2 : explain SELECT c FROM sbtest2 WHERE id BETWEEN 9903617 AND 9904616
	Bitmap Heap Scan on sbtest2  (cost=34.45..3792.31 rows=977 width=121)
	  Recheck Cond: ((id >= 9903617) AND (id <= 9904616))
	  ->  Bitmap Index Scan on sbtest2_pkey  (cost=0.00..34.20 rows=977 width=0)
	        Index Cond: ((id >= 9903617) AND (id <= 9904616))

table 3 : explain SELECT c FROM sbtest3 WHERE id BETWEEN 1421571 AND 1422570
	Bitmap Heap Scan on sbtest3  (cost=29.75..3530.31 rows=909 width=121)
	  Recheck Cond: ((id >= 1421571) AND (id <= 1422570))
	  ->  Bitmap Index Scan on sbtest3_pkey  (cost=0.00..29.52 rows=909 width=0)
	        Index Cond: ((id >= 1421571) AND (id <= 1422570))

table 4 : explain SELECT c FROM sbtest4 WHERE id BETWEEN 2093790 AND 2094789
	Index Scan using sbtest4_pkey on sbtest4  (cost=0.43..3599.74 rows=921 width=121)
	  Index Cond: ((id >= 2093790) AND (id <= 2094789))

table 5 : explain SELECT c FROM sbtest5 WHERE id BETWEEN 558460 AND 559459
	Bitmap Heap Scan on sbtest5  (cost=29.66..3499.04 rows=900 width=121)
	  Recheck Cond: ((id >= 558460) AND (id <= 559459))
	  ->  Bitmap Index Scan on sbtest5_pkey  (cost=0.00..29.43 rows=900 width=0)
	        Index Cond: ((id >= 558460) AND (id <= 559459))

table 6 : explain SELECT c FROM sbtest6 WHERE id BETWEEN 2728549 AND 2729548
	Bitmap Heap Scan on sbtest6  (cost=34.86..3946.23 rows=1017 width=121)
	  Recheck Cond: ((id >= 2728549) AND (id <= 2729548))
	  ->  Bitmap Index Scan on sbtest6_pkey  (cost=0.00..34.61 rows=1017 width=0)
	        Index Cond: ((id >= 2728549) AND (id <= 2729548))

table 7 : explain SELECT c FROM sbtest7 WHERE id BETWEEN 3288561 AND 3289560
	Bitmap Heap Scan on sbtest7  (cost=35.30..4108.77 rows=1060 width=121)
	  Recheck Cond: ((id >= 3288561) AND (id <= 3289560))
	  ->  Bitmap Index Scan on sbtest7_pkey  (cost=0.00..35.04 rows=1060 width=0)
	        Index Cond: ((id >= 3288561) AND (id <= 3289560))

table 8 : explain SELECT c FROM sbtest8 WHERE id BETWEEN 4758341 AND 4759340
	Bitmap Heap Scan on sbtest8  (cost=35.55..4199.19 rows=1084 width=121)
	  Recheck Cond: ((id >= 4758341) AND (id <= 4759340))
	  ->  Bitmap Index Scan on sbtest8_pkey  (cost=0.00..35.28 rows=1084 width=0)
	        Index Cond: ((id >= 4758341) AND (id <= 4759340))

for: simple_ranges
table 1 : explain SELECT c FROM sbtest1 WHERE id BETWEEN 4456007 AND 4457006
	Bitmap Heap Scan on sbtest1  (cost=34.26..3720.44 rows=959 width=121)
	  Recheck Cond: ((id >= 4456007) AND (id <= 4457006))
	  ->  Bitmap Index Scan on sbtest1_pkey  (cost=0.00..34.03 rows=959 width=0)
	        Index Cond: ((id >= 4456007) AND (id <= 4457006))

table 2 : explain SELECT c FROM sbtest2 WHERE id BETWEEN 4953788 AND 4954787
	Bitmap Heap Scan on sbtest2  (cost=35.37..4131.83 rows=1067 width=121)
	  Recheck Cond: ((id >= 4953788) AND (id <= 4954787))
	  ->  Bitmap Index Scan on sbtest2_pkey  (cost=0.00..35.11 rows=1067 width=0)
	        Index Cond: ((id >= 4953788) AND (id <= 4954787))

table 3 : explain SELECT c FROM sbtest3 WHERE id BETWEEN 2914417 AND 2915416
	Bitmap Heap Scan on sbtest3  (cost=34.65..3866.94 rows=997 width=121)
	  Recheck Cond: ((id >= 2914417) AND (id <= 2915416))
	  ->  Bitmap Index Scan on sbtest3_pkey  (cost=0.00..34.41 rows=997 width=0)
	        Index Cond: ((id >= 2914417) AND (id <= 2915416))

table 4 : explain SELECT c FROM sbtest4 WHERE id BETWEEN 7679270 AND 7680269
	Index Scan using sbtest4_pkey on sbtest4  (cost=0.43..4159.34 rows=1065 width=121)
	  Index Cond: ((id >= 7679270) AND (id <= 7680269))

table 5 : explain SELECT c FROM sbtest5 WHERE id BETWEEN 1303739 AND 1304738
	Bitmap Heap Scan on sbtest5  (cost=34.00..3628.08 rows=933 width=121)
	  Recheck Cond: ((id >= 1303739) AND (id <= 1304738))
	  ->  Bitmap Index Scan on sbtest5_pkey  (cost=0.00..33.77 rows=933 width=0)
	        Index Cond: ((id >= 1303739) AND (id <= 1304738))

table 6 : explain SELECT c FROM sbtest6 WHERE id BETWEEN 4229874 AND 4230873
	Bitmap Heap Scan on sbtest6  (cost=40.65..4605.72 rows=1192 width=121)
	  Recheck Cond: ((id >= 4229874) AND (id <= 4230873))
	  ->  Bitmap Index Scan on sbtest6_pkey  (cost=0.00..40.36 rows=1192 width=0)
	        Index Cond: ((id >= 4229874) AND (id <= 4230873))

table 7 : explain SELECT c FROM sbtest7 WHERE id BETWEEN 317540 AND 318539
	Index Scan using sbtest7_pkey on sbtest7  (cost=0.43..3732.36 rows=952 width=121)
	  Index Cond: ((id >= 317540) AND (id <= 318539))

table 8 : explain SELECT c FROM sbtest8 WHERE id BETWEEN 4602122 AND 4603121
	Index Scan using sbtest8_pkey on sbtest8  (cost=0.43..3740.73 rows=953 width=121)
	  Index Cond: ((id >= 4602122) AND (id <= 4603121))

for: simple_ranges
table 1 : explain SELECT c FROM sbtest1 WHERE id BETWEEN 5833721 AND 5834720
	Bitmap Heap Scan on sbtest1  (cost=34.52..3814.76 rows=984 width=121)
	  Recheck Cond: ((id >= 5833721) AND (id <= 5834720))
	  ->  Bitmap Index Scan on sbtest1_pkey  (cost=0.00..34.28 rows=984 width=0)
	        Index Cond: ((id >= 5833721) AND (id <= 5834720))

table 2 : explain SELECT c FROM sbtest2 WHERE id BETWEEN 9584414 AND 9585413
	Bitmap Heap Scan on sbtest2  (cost=34.25..3720.50 rows=958 width=121)
	  Recheck Cond: ((id >= 9584414) AND (id <= 9585413))
	  ->  Bitmap Index Scan on sbtest2_pkey  (cost=0.00..34.02 rows=958 width=0)
	        Index Cond: ((id >= 9584414) AND (id <= 9585413))

table 3 : explain SELECT c FROM sbtest3 WHERE id BETWEEN 1404929 AND 1405928
	Bitmap Heap Scan on sbtest3  (cost=29.75..3530.31 rows=909 width=121)
	  Recheck Cond: ((id >= 1404929) AND (id <= 1405928))
	  ->  Bitmap Index Scan on sbtest3_pkey  (cost=0.00..29.52 rows=909 width=0)
	        Index Cond: ((id >= 1404929) AND (id <= 1405928))

table 4 : explain SELECT c FROM sbtest4 WHERE id BETWEEN 3945230 AND 3946229
	Index Scan using sbtest4_pkey on sbtest4  (cost=0.43..3829.02 rows=980 width=121)
	  Index Cond: ((id >= 3945230) AND (id <= 3946229))

table 5 : explain SELECT c FROM sbtest5 WHERE id BETWEEN 8248273 AND 8249272
	Bitmap Heap Scan on sbtest5  (cost=35.37..4134.45 rows=1067 width=121)
	  Recheck Cond: ((id >= 8248273) AND (id <= 8249272))
	  ->  Bitmap Index Scan on sbtest5_pkey  (cost=0.00..35.11 rows=1067 width=0)
	        Index Cond: ((id >= 8248273) AND (id <= 8249272))

table 6 : explain SELECT c FROM sbtest6 WHERE id BETWEEN 1558621 AND 1559620
	Bitmap Heap Scan on sbtest6  (cost=34.97..3987.77 rows=1028 width=121)
	  Recheck Cond: ((id >= 1558621) AND (id <= 1559620))
	  ->  Bitmap Index Scan on sbtest6_pkey  (cost=0.00..34.72 rows=1028 width=0)
	        Index Cond: ((id >= 1558621) AND (id <= 1559620))

table 7 : explain SELECT c FROM sbtest7 WHERE id BETWEEN 876203 AND 877202
	Bitmap Heap Scan on sbtest7  (cost=35.13..4044.62 rows=1043 width=121)
	  Recheck Cond: ((id >= 876203) AND (id <= 877202))
	  ->  Bitmap Index Scan on sbtest7_pkey  (cost=0.00..34.87 rows=1043 width=0)
	        Index Cond: ((id >= 876203) AND (id <= 877202))

table 8 : explain SELECT c FROM sbtest8 WHERE id BETWEEN 8310798 AND 8311797
	Index Scan using sbtest8_pkey on sbtest8  (cost=0.43..3697.77 rows=942 width=121)
	  Index Cond: ((id >= 8310798) AND (id <= 8311797))

explain: for point_selects :: explain SELECT c FROM sbtest%u WHERE id=%u
for: order_ranges
table 1 : explain SELECT c FROM sbtest1 WHERE id BETWEEN 3417642 AND 3418641 ORDER BY c
	Sort  (cost=3859.85..3862.31 rows=983 width=121)
	  Sort Key: c
	  ->  Bitmap Heap Scan on sbtest1  (cost=34.51..3810.99 rows=983 width=121)
	        Recheck Cond: ((id >= 3417642) AND (id <= 3418641))
	        ->  Bitmap Index Scan on sbtest1_pkey  (cost=0.00..34.27 rows=983 width=0)
	              Index Cond: ((id >= 3417642) AND (id <= 3418641))

table 2 : explain SELECT c FROM sbtest2 WHERE id BETWEEN 418573 AND 419572 ORDER BY c
	Sort  (cost=3810.14..3812.56 rows=969 width=121)
	  Sort Key: c
	  ->  Bitmap Heap Scan on sbtest2  (cost=34.37..3762.08 rows=969 width=121)
	        Recheck Cond: ((id >= 418573) AND (id <= 419572))
	        ->  Bitmap Index Scan on sbtest2_pkey  (cost=0.00..34.12 rows=969 width=0)
	              Index Cond: ((id >= 418573) AND (id <= 419572))

table 3 : explain SELECT c FROM sbtest3 WHERE id BETWEEN 1276018 AND 1277017 ORDER BY c
	Sort  (cost=3901.27..3903.76 rows=993 width=121)
	  Sort Key: c
	  ->  Bitmap Heap Scan on sbtest3  (cost=34.61..3851.84 rows=993 width=121)
	        Recheck Cond: ((id >= 1276018) AND (id <= 1277017))
	        ->  Bitmap Index Scan on sbtest3_pkey  (cost=0.00..34.37 rows=993 width=0)
	              Index Cond: ((id >= 1276018) AND (id <= 1277017))

table 4 : explain SELECT c FROM sbtest4 WHERE id BETWEEN 133272 AND 134271 ORDER BY c
	Sort  (cost=3676.65..3678.97 rows=929 width=121)
	  Sort Key: c
	  ->  Index Scan using sbtest4_pkey on sbtest4  (cost=0.43..3630.85 rows=929 width=121)
	        Index Cond: ((id >= 133272) AND (id <= 134271))

table 5 : explain SELECT c FROM sbtest5 WHERE id BETWEEN 2366004 AND 2367003 ORDER BY c
	Sort  (cost=3797.05..3799.46 rows=965 width=121)
	  Sort Key: c
	  ->  Bitmap Heap Scan on sbtest5  (cost=34.33..3749.21 rows=965 width=121)
	        Recheck Cond: ((id >= 2366004) AND (id <= 2367003))
	        ->  Bitmap Index Scan on sbtest5_pkey  (cost=0.00..34.09 rows=965 width=0)
	              Index Cond: ((id >= 2366004) AND (id <= 2367003))

table 6 : explain SELECT c FROM sbtest6 WHERE id BETWEEN 5636970 AND 5637969 ORDER BY c
	Sort  (cost=4100.52..4103.13 rows=1044 width=121)
	  Sort Key: c
	  ->  Bitmap Heap Scan on sbtest6  (cost=35.14..4048.18 rows=1044 width=121)
	        Recheck Cond: ((id >= 5636970) AND (id <= 5637969))
	        ->  Bitmap Index Scan on sbtest6_pkey  (cost=0.00..34.88 rows=1044 width=0)
	              Index Cond: ((id >= 5636970) AND (id <= 5637969))

table 7 : explain SELECT c FROM sbtest7 WHERE id BETWEEN 6332643 AND 6333642 ORDER BY c
	Sort  (cost=3755.70..3758.06 rows=946 width=121)
	  Sort Key: c
	  ->  Index Scan using sbtest7_pkey on sbtest7  (cost=0.43..3708.94 rows=946 width=121)
	        Index Cond: ((id >= 6332643) AND (id <= 6333642))

table 8 : explain SELECT c FROM sbtest8 WHERE id BETWEEN 5758390 AND 5759389 ORDER BY c
	Sort  (cost=3633.42..3635.71 rows=914 width=121)
	  Sort Key: c
	  ->  Index Scan using sbtest8_pkey on sbtest8  (cost=0.43..3588.47 rows=914 width=121)
	        Index Cond: ((id >= 5758390) AND (id <= 5759389))

for: order_ranges
table 1 : explain SELECT c FROM sbtest1 WHERE id BETWEEN 827317 AND 828316 ORDER BY c
	Sort  (cost=3936.39..3938.90 rows=1003 width=121)
	  Sort Key: c
	  ->  Bitmap Heap Scan on sbtest1  (cost=34.72..3886.39 rows=1003 width=121)
	        Recheck Cond: ((id >= 827317) AND (id <= 828316))
	        ->  Bitmap Index Scan on sbtest1_pkey  (cost=0.00..34.47 rows=1003 width=0)
	              Index Cond: ((id >= 827317) AND (id <= 828316))

table 2 : explain SELECT c FROM sbtest2 WHERE id BETWEEN 2526650 AND 2527649 ORDER BY c
	Sort  (cost=3587.30..3589.58 rows=912 width=121)
	  Sort Key: c
	  ->  Bitmap Heap Scan on sbtest2  (cost=29.78..3542.46 rows=912 width=121)
	        Recheck Cond: ((id >= 2526650) AND (id <= 2527649))
	        ->  Bitmap Index Scan on sbtest2_pkey  (cost=0.00..29.55 rows=912 width=0)
	              Index Cond: ((id >= 2526650) AND (id <= 2527649))

table 3 : explain SELECT c FROM sbtest3 WHERE id BETWEEN 1917666 AND 1918665 ORDER BY c
	Sort  (cost=3912.77..3915.26 rows=996 width=121)
	  Sort Key: c
	  ->  Bitmap Heap Scan on sbtest3  (cost=34.64..3863.17 rows=996 width=121)
	        Recheck Cond: ((id >= 1917666) AND (id <= 1918665))
	        ->  Bitmap Index Scan on sbtest3_pkey  (cost=0.00..34.40 rows=996 width=0)
	              Index Cond: ((id >= 1917666) AND (id <= 1918665))

table 4 : explain SELECT c FROM sbtest4 WHERE id BETWEEN 8331118 AND 8332117 ORDER BY c
	Sort  (cost=4043.34..4045.89 rows=1022 width=121)
	  Sort Key: c
	  ->  Index Scan using sbtest4_pkey on sbtest4  (cost=0.43..3992.25 rows=1022 width=121)
	        Index Cond: ((id >= 8331118) AND (id <= 8332117))

table 5 : explain SELECT c FROM sbtest5 WHERE id BETWEEN 4393763 AND 4394762 ORDER BY c
	Sort  (cost=4272.31..4275.03 rows=1089 width=121)
	  Sort Key: c
	  ->  Bitmap Heap Scan on sbtest5  (cost=35.60..4217.37 rows=1089 width=121)
	        Recheck Cond: ((id >= 4393763) AND (id <= 4394762))
	        ->  Bitmap Index Scan on sbtest5_pkey  (cost=0.00..35.33 rows=1089 width=0)
	              Index Cond: ((id >= 4393763) AND (id <= 4394762))

table 6 : explain SELECT c FROM sbtest6 WHERE id BETWEEN 1279366 AND 1280365 ORDER BY c
	Sort  (cost=4081.36..4083.96 rows=1039 width=121)
	  Sort Key: c
	  ->  Bitmap Heap Scan on sbtest6  (cost=35.08..4029.30 rows=1039 width=121)
	        Recheck Cond: ((id >= 1279366) AND (id <= 1280365))
	        ->  Bitmap Index Scan on sbtest6_pkey  (cost=0.00..34.83 rows=1039 width=0)
	              Index Cond: ((id >= 1279366) AND (id <= 1280365))

table 7 : explain SELECT c FROM sbtest7 WHERE id BETWEEN 310053 AND 311052 ORDER BY c
	Sort  (cost=3779.46..3781.84 rows=952 width=121)
	  Sort Key: c
	  ->  Index Scan using sbtest7_pkey on sbtest7  (cost=0.43..3732.36 rows=952 width=121)
	        Index Cond: ((id >= 310053) AND (id <= 311052))

table 8 : explain SELECT c FROM sbtest8 WHERE id BETWEEN 8077156 AND 8078155 ORDER BY c
	Sort  (cost=3885.91..3888.38 rows=988 width=121)
	  Sort Key: c
	  ->  Bitmap Heap Scan on sbtest8  (cost=34.56..3836.76 rows=988 width=121)
	        Recheck Cond: ((id >= 8077156) AND (id <= 8078155))
	        ->  Bitmap Index Scan on sbtest8_pkey  (cost=0.00..34.32 rows=988 width=0)
	              Index Cond: ((id >= 8077156) AND (id <= 8078155))

for: distinct_ranges
table 1 : explain SELECT DISTINCT c FROM sbtest1 WHERE id BETWEEN 7419541 AND 7420540 ORDER BY c
	Unique  (cost=3503.13..3507.59 rows=891 width=121)
	  ->  Sort  (cost=3503.13..3505.36 rows=891 width=121)
	        Sort Key: c
	        ->  Bitmap Heap Scan on sbtest1  (cost=29.57..3459.48 rows=891 width=121)
	              Recheck Cond: ((id >= 7419541) AND (id <= 7420540))
	              ->  Bitmap Index Scan on sbtest1_pkey  (cost=0.00..29.34 rows=891 width=0)
	                    Index Cond: ((id >= 7419541) AND (id <= 7420540))

table 2 : explain SELECT DISTINCT c FROM sbtest2 WHERE id BETWEEN 3575666 AND 3576665 ORDER BY c
	Unique  (cost=3921.33..3926.32 rows=998 width=121)
	  ->  Sort  (cost=3921.33..3923.83 rows=998 width=121)
	        Sort Key: c
	        ->  Bitmap Heap Scan on sbtest2  (cost=34.66..3871.62 rows=998 width=121)
	              Recheck Cond: ((id >= 3575666) AND (id <= 3576665))
	              ->  Bitmap Index Scan on sbtest2_pkey  (cost=0.00..34.42 rows=998 width=0)
	                    Index Cond: ((id >= 3575666) AND (id <= 3576665))

table 3 : explain SELECT DISTINCT c FROM sbtest3 WHERE id BETWEEN 5561562 AND 5562561 ORDER BY c
	Unique  (cost=3793.94..3798.76 rows=965 width=121)
	  ->  Sort  (cost=3793.94..3796.35 rows=965 width=121)
	        Sort Key: c
	        ->  Bitmap Heap Scan on sbtest3  (cost=34.33..3746.10 rows=965 width=121)
	              Recheck Cond: ((id >= 5561562) AND (id <= 5562561))
	              ->  Bitmap Index Scan on sbtest3_pkey  (cost=0.00..34.09 rows=965 width=0)
	                    Index Cond: ((id >= 5561562) AND (id <= 5562561))

table 4 : explain SELECT DISTINCT c FROM sbtest4 WHERE id BETWEEN 2353987 AND 2354986 ORDER BY c
	Unique  (cost=4161.64..4166.90 rows=1052 width=121)
	  ->  Sort  (cost=4161.64..4164.27 rows=1052 width=121)
	        Sort Key: c
	        ->  Index Scan using sbtest4_pkey on sbtest4  (cost=0.43..4108.84 rows=1052 width=121)
	              Index Cond: ((id >= 2353987) AND (id <= 2354986))

table 5 : explain SELECT DISTINCT c FROM sbtest5 WHERE id BETWEEN 2577265 AND 2578264 ORDER BY c
	Unique  (cost=4046.39..4051.54 rows=1030 width=121)
	  ->  Sort  (cost=4046.39..4048.97 rows=1030 width=121)
	        Sort Key: c
	        ->  Bitmap Heap Scan on sbtest5  (cost=34.99..3994.85 rows=1030 width=121)
	              Recheck Cond: ((id >= 2577265) AND (id <= 2578264))
	              ->  Bitmap Index Scan on sbtest5_pkey  (cost=0.00..34.73 rows=1030 width=0)
	                    Index Cond: ((id >= 2577265) AND (id <= 2578264))

table 6 : explain SELECT DISTINCT c FROM sbtest6 WHERE id BETWEEN 9010114 AND 9011113 ORDER BY c
	Unique  (cost=3739.85..3744.60 rows=950 width=121)
	  ->  Sort  (cost=3739.85..3742.23 rows=950 width=121)
	        Sort Key: c
	        ->  Bitmap Heap Scan on sbtest6  (cost=34.17..3692.87 rows=950 width=121)
	              Recheck Cond: ((id >= 9010114) AND (id <= 9011113))
	              ->  Bitmap Index Scan on sbtest6_pkey  (cost=0.00..33.94 rows=950 width=0)
	                    Index Cond: ((id >= 9010114) AND (id <= 9011113))

table 7 : explain SELECT DISTINCT c FROM sbtest7 WHERE id BETWEEN 3613181 AND 3614180 ORDER BY c
	Unique  (cost=3902.08..3907.00 rows=983 width=121)
	  ->  Sort  (cost=3902.08..3904.54 rows=983 width=121)
	        Sort Key: c
	        ->  Index Scan using sbtest7_pkey on sbtest7  (cost=0.43..3853.22 rows=983 width=121)
	              Index Cond: ((id >= 3613181) AND (id <= 3614180))

table 8 : explain SELECT DISTINCT c FROM sbtest8 WHERE id BETWEEN 666866 AND 667865 ORDER BY c
	Unique  (cost=3882.07..3887.00 rows=987 width=121)
	  ->  Sort  (cost=3882.07..3884.53 rows=987 width=121)
	        Sort Key: c
	        ->  Bitmap Heap Scan on sbtest8  (cost=34.55..3832.98 rows=987 width=121)
	              Recheck Cond: ((id >= 666866) AND (id <= 667865))
	              ->  Bitmap Index Scan on sbtest8_pkey  (cost=0.00..34.31 rows=987 width=0)
	                    Index Cond: ((id >= 666866) AND (id <= 667865))

for point_selects
table 1 : explain SELECT c FROM sbtest1 WHERE id=255289
	Index Scan using sbtest1_pkey on sbtest1  (cost=0.43..8.45 rows=1 width=121)
	  Index Cond: (id = 255289)

table 2 : explain SELECT c FROM sbtest2 WHERE id=7043667
	Index Scan using sbtest2_pkey on sbtest2  (cost=0.43..8.45 rows=1 width=121)
	  Index Cond: (id = 7043667)

table 3 : explain SELECT c FROM sbtest3 WHERE id=636801
	Index Scan using sbtest3_pkey on sbtest3  (cost=0.43..8.45 rows=1 width=121)
	  Index Cond: (id = 636801)

table 4 : explain SELECT c FROM sbtest4 WHERE id=6454974
	Index Scan using sbtest4_pkey on sbtest4  (cost=0.43..8.45 rows=1 width=121)
	  Index Cond: (id = 6454974)

table 5 : explain SELECT c FROM sbtest5 WHERE id=8737520
	Index Scan using sbtest5_pkey on sbtest5  (cost=0.43..8.45 rows=1 width=121)
	  Index Cond: (id = 8737520)

table 6 : explain SELECT c FROM sbtest6 WHERE id=7192498
	Index Scan using sbtest6_pkey on sbtest6  (cost=0.43..8.45 rows=1 width=121)
	  Index Cond: (id = 7192498)

table 7 : explain SELECT c FROM sbtest7 WHERE id=4916715
	Index Scan using sbtest7_pkey on sbtest7  (cost=0.43..8.45 rows=1 width=121)
	  Index Cond: (id = 4916715)

table 8 : explain SELECT c FROM sbtest8 WHERE id=5750547
	Index Scan using sbtest8_pkey on sbtest8  (cost=0.43..8.45 rows=1 width=121)
	  Index Cond: (id = 5750547)

for: sum_ranges
table 1 : explain SELECT SUM(k) FROM sbtest1 WHERE id BETWEEN 3763694 AND 3764693
	Aggregate  (cost=4333.30..4333.31 rows=1 width=8)
	  ->  Bitmap Heap Scan on sbtest1  (cost=39.93..4330.50 rows=1121 width=4)
	        Recheck Cond: ((id >= 3763694) AND (id <= 3764693))
	        ->  Bitmap Index Scan on sbtest1_pkey  (cost=0.00..39.65 rows=1121 width=0)
	              Index Cond: ((id >= 3763694) AND (id <= 3764693))

table 2 : explain SELECT SUM(k) FROM sbtest2 WHERE id BETWEEN 7289521 AND 7290520
	Aggregate  (cost=4194.80..4194.81 rows=1 width=8)
	  ->  Bitmap Heap Scan on sbtest2  (cost=35.54..4192.09 rows=1083 width=4)
	        Recheck Cond: ((id >= 7289521) AND (id <= 7290520))
	        ->  Bitmap Index Scan on sbtest2_pkey  (cost=0.00..35.27 rows=1083 width=0)
	              Index Cond: ((id >= 7289521) AND (id <= 7290520))

table 3 : explain SELECT SUM(k) FROM sbtest3 WHERE id BETWEEN 9329411 AND 9330410
	Aggregate  (cost=3808.99..3809.00 rows=1 width=8)
	  ->  Bitmap Heap Scan on sbtest3  (cost=34.49..3806.54 rows=981 width=4)
	        Recheck Cond: ((id >= 9329411) AND (id <= 9330410))
	        ->  Bitmap Index Scan on sbtest3_pkey  (cost=0.00..34.25 rows=981 width=0)
	              Index Cond: ((id >= 9329411) AND (id <= 9330410))

table 4 : explain SELECT SUM(k) FROM sbtest4 WHERE id BETWEEN 1396869 AND 1397868
	Aggregate  (cost=3983.15..3983.16 rows=1 width=8)
	  ->  Index Scan using sbtest4_pkey on sbtest4  (cost=0.43..3980.60 rows=1019 width=4)
	        Index Cond: ((id >= 1396869) AND (id <= 1397868))

table 5 : explain SELECT SUM(k) FROM sbtest5 WHERE id BETWEEN 5585056 AND 5586055
	Aggregate  (cost=3664.52..3664.53 rows=1 width=8)
	  ->  Bitmap Heap Scan on sbtest5  (cost=34.09..3662.16 rows=942 width=4)
	        Recheck Cond: ((id >= 5585056) AND (id <= 5586055))
	        ->  Bitmap Index Scan on sbtest5_pkey  (cost=0.00..33.86 rows=942 width=0)
	              Index Cond: ((id >= 5585056) AND (id <= 5586055))

table 6 : explain SELECT SUM(k) FROM sbtest6 WHERE id BETWEEN 5105634 AND 5106633
	Aggregate  (cost=3543.41..3543.42 rows=1 width=8)
	  ->  Bitmap Heap Scan on sbtest6  (cost=29.77..3541.13 rows=911 width=4)
	        Recheck Cond: ((id >= 5105634) AND (id <= 5106633))
	        ->  Bitmap Index Scan on sbtest6_pkey  (cost=0.00..29.54 rows=911 width=0)
	              Index Cond: ((id >= 5105634) AND (id <= 5106633))

table 7 : explain SELECT SUM(k) FROM sbtest7 WHERE id BETWEEN 7091477 AND 7092476
	Aggregate  (cost=3871.28..3871.29 rows=1 width=8)
	  ->  Index Scan using sbtest7_pkey on sbtest7  (cost=0.43..3868.81 rows=987 width=4)
	        Index Cond: ((id >= 7091477) AND (id <= 7092476))

table 8 : explain SELECT SUM(k) FROM sbtest8 WHERE id BETWEEN 5271522 AND 5272521
	Aggregate  (cost=3625.93..3625.94 rows=1 width=8)
	  ->  Index Scan using sbtest8_pkey on sbtest8  (cost=0.43..3623.62 rows=923 width=4)
	        Index Cond: ((id >= 5271522) AND (id <= 5272521))

for: sum_ranges
table 1 : explain SELECT SUM(k) FROM sbtest1 WHERE id BETWEEN 1543569 AND 1544568
	Aggregate  (cost=4163.86..4163.87 rows=1 width=8)
	  ->  Bitmap Heap Scan on sbtest1  (cost=35.46..4161.17 rows=1076 width=4)
	        Recheck Cond: ((id >= 1543569) AND (id <= 1544568))
	        ->  Bitmap Index Scan on sbtest1_pkey  (cost=0.00..35.20 rows=1076 width=0)
	              Index Cond: ((id >= 1543569) AND (id <= 1544568))

table 2 : explain SELECT SUM(k) FROM sbtest2 WHERE id BETWEEN 6995642 AND 6996641
	Aggregate  (cost=4277.89..4277.90 rows=1 width=8)
	  ->  Bitmap Heap Scan on sbtest2  (cost=39.75..4275.13 rows=1104 width=4)
	        Recheck Cond: ((id >= 6995642) AND (id <= 6996641))
	        ->  Bitmap Index Scan on sbtest2_pkey  (cost=0.00..39.48 rows=1104 width=0)
	              Index Cond: ((id >= 6995642) AND (id <= 6996641))

table 3 : explain SELECT SUM(k) FROM sbtest3 WHERE id BETWEEN 6471486 AND 6472485
	Aggregate  (cost=3922.30..3922.31 rows=1 width=8)
	  ->  Bitmap Heap Scan on sbtest3  (cost=34.80..3919.77 rows=1011 width=4)
	        Recheck Cond: ((id >= 6471486) AND (id <= 6472485))
	        ->  Bitmap Index Scan on sbtest3_pkey  (cost=0.00..34.55 rows=1011 width=0)
	              Index Cond: ((id >= 6471486) AND (id <= 6472485))

table 4 : explain SELECT SUM(k) FROM sbtest4 WHERE id BETWEEN 3386420 AND 3387419
	Aggregate  (cost=4018.13..4018.14 rows=1 width=8)
	  ->  Index Scan using sbtest4_pkey on sbtest4  (cost=0.43..4015.56 rows=1028 width=4)
	        Index Cond: ((id >= 3386420) AND (id <= 3387419))

table 5 : explain SELECT SUM(k) FROM sbtest5 WHERE id BETWEEN 1787493 AND 1788492
	Aggregate  (cost=3895.39..3895.40 rows=1 width=8)
	  ->  Bitmap Heap Scan on sbtest5  (cost=34.72..3892.88 rows=1003 width=4)
	        Recheck Cond: ((id >= 1787493) AND (id <= 1788492))
	        ->  Bitmap Index Scan on sbtest5_pkey  (cost=0.00..34.47 rows=1003 width=0)
	              Index Cond: ((id >= 1787493) AND (id <= 1788492))

table 6 : explain SELECT SUM(k) FROM sbtest6 WHERE id BETWEEN 5643728 AND 5644727
	Aggregate  (cost=4050.79..4050.80 rows=1 width=8)
	  ->  Bitmap Heap Scan on sbtest6  (cost=35.14..4048.18 rows=1044 width=4)
	        Recheck Cond: ((id >= 5643728) AND (id <= 5644727))
	        ->  Bitmap Index Scan on sbtest6_pkey  (cost=0.00..34.88 rows=1044 width=0)
	              Index Cond: ((id >= 5643728) AND (id <= 5644727))

table 7 : explain SELECT SUM(k) FROM sbtest7 WHERE id BETWEEN 7196814 AND 7197813
	Aggregate  (cost=3547.36..3547.37 rows=1 width=8)
	  ->  Index Scan using sbtest7_pkey on sbtest7  (cost=0.43..3545.10 rows=905 width=4)
	        Index Cond: ((id >= 7196814) AND (id <= 7197813))

table 8 : explain SELECT SUM(k) FROM sbtest8 WHERE id BETWEEN 3754725 AND 3755724
	Aggregate  (cost=3489.10..3489.11 rows=1 width=8)
	  ->  Index Scan using sbtest8_pkey on sbtest8  (cost=0.43..3486.88 rows=889 width=4)
	        Index Cond: ((id >= 3754725) AND (id <= 3755724))

for: sum_ranges
table 1 : explain SELECT SUM(k) FROM sbtest1 WHERE id BETWEEN 674283 AND 675282
	Aggregate  (cost=3465.49..3465.50 rows=1 width=8)
	  ->  Bitmap Heap Scan on sbtest1  (cost=29.58..3463.26 rows=892 width=4)
	        Recheck Cond: ((id >= 674283) AND (id <= 675282))
	        ->  Bitmap Index Scan on sbtest1_pkey  (cost=0.00..29.36 rows=892 width=0)
	              Index Cond: ((id >= 674283) AND (id <= 675282))

table 2 : explain SELECT SUM(k) FROM sbtest2 WHERE id BETWEEN 3724196 AND 3725195
	Aggregate  (cost=4062.86..4062.87 rows=1 width=8)
	  ->  Bitmap Heap Scan on sbtest2  (cost=35.18..4060.24 rows=1048 width=4)
	        Recheck Cond: ((id >= 3724196) AND (id <= 3725195))
	        ->  Bitmap Index Scan on sbtest2_pkey  (cost=0.00..34.92 rows=1048 width=0)
	              Index Cond: ((id >= 3724196) AND (id <= 3725195))

table 3 : explain SELECT SUM(k) FROM sbtest3 WHERE id BETWEEN 8488017 AND 8489016
	Aggregate  (cost=4280.60..4280.61 rows=1 width=8)
	  ->  Bitmap Heap Scan on sbtest3  (cost=39.76..4277.84 rows=1105 width=4)
	        Recheck Cond: ((id >= 8488017) AND (id <= 8489016))
	        ->  Bitmap Index Scan on sbtest3_pkey  (cost=0.00..39.48 rows=1105 width=0)
	              Index Cond: ((id >= 8488017) AND (id <= 8489016))

table 4 : explain SELECT SUM(k) FROM sbtest4 WHERE id BETWEEN 3123329 AND 3124328
	Aggregate  (cost=3870.38..3870.39 rows=1 width=8)
	  ->  Index Scan using sbtest4_pkey on sbtest4  (cost=0.43..3867.90 rows=990 width=4)
	        Index Cond: ((id >= 3123329) AND (id <= 3124328))

table 5 : explain SELECT SUM(k) FROM sbtest5 WHERE id BETWEEN 17366 AND 18365
	Aggregate  (cost=3656.94..3656.95 rows=1 width=8)
	  ->  Bitmap Heap Scan on sbtest5  (cost=34.07..3654.59 rows=940 width=4)
	        Recheck Cond: ((id >= 17366) AND (id <= 18365))
	        ->  Bitmap Index Scan on sbtest5_pkey  (cost=0.00..33.84 rows=940 width=0)
	              Index Cond: ((id >= 17366) AND (id <= 18365))

table 6 : explain SELECT SUM(k) FROM sbtest6 WHERE id BETWEEN 9770409 AND 9771408
	Aggregate  (cost=3740.69..3740.70 rows=1 width=8)
	  ->  Bitmap Heap Scan on sbtest6  (cost=34.30..3738.29 rows=962 width=4)
	        Recheck Cond: ((id >= 9770409) AND (id <= 9771408))
	        ->  Bitmap Index Scan on sbtest6_pkey  (cost=0.00..34.06 rows=962 width=0)
	              Index Cond: ((id >= 9770409) AND (id <= 9771408))

table 7 : explain SELECT SUM(k) FROM sbtest7 WHERE id BETWEEN 1348905 AND 1349904
	Aggregate  (cost=3933.68..3933.69 rows=1 width=8)
	  ->  Index Scan using sbtest7_pkey on sbtest7  (cost=0.43..3931.18 rows=1003 width=4)
	        Index Cond: ((id >= 1348905) AND (id <= 1349904))

table 8 : explain SELECT SUM(k) FROM sbtest8 WHERE id BETWEEN 8320143 AND 8321142
	Aggregate  (cost=3700.12..3700.13 rows=1 width=8)
	  ->  Index Scan using sbtest8_pkey on sbtest8  (cost=0.43..3697.77 rows=942 width=4)
	        Index Cond: ((id >= 8320143) AND (id <= 8321142))

for: sum_ranges
table 1 : explain SELECT SUM(k) FROM sbtest1 WHERE id BETWEEN 7612269 AND 7613268
	Aggregate  (cost=3692.62..3692.63 rows=1 width=8)
	  ->  Bitmap Heap Scan on sbtest1  (cost=34.18..3690.25 rows=951 width=4)
	        Recheck Cond: ((id >= 7612269) AND (id <= 7613268))
	        ->  Bitmap Index Scan on sbtest1_pkey  (cost=0.00..33.95 rows=951 width=0)
	              Index Cond: ((id >= 7612269) AND (id <= 7613268))

table 2 : explain SELECT SUM(k) FROM sbtest2 WHERE id BETWEEN 9935094 AND 9936093
	Aggregate  (cost=3794.75..3794.76 rows=1 width=8)
	  ->  Bitmap Heap Scan on sbtest2  (cost=34.45..3792.31 rows=977 width=4)
	        Recheck Cond: ((id >= 9935094) AND (id <= 9936093))
	        ->  Bitmap Index Scan on sbtest2_pkey  (cost=0.00..34.20 rows=977 width=0)
	              Index Cond: ((id >= 9935094) AND (id <= 9936093))

table 3 : explain SELECT SUM(k) FROM sbtest3 WHERE id BETWEEN 9649610 AND 9650609
	Aggregate  (cost=3914.75..3914.76 rows=1 width=8)
	  ->  Bitmap Heap Scan on sbtest3  (cost=34.78..3912.22 rows=1009 width=4)
	        Recheck Cond: ((id >= 9649610) AND (id <= 9650609))
	        ->  Bitmap Index Scan on sbtest3_pkey  (cost=0.00..34.53 rows=1009 width=0)
	              Index Cond: ((id >= 9649610) AND (id <= 9650609))

table 4 : explain SELECT SUM(k) FROM sbtest4 WHERE id BETWEEN 7015180 AND 7016179
	Aggregate  (cost=3672.05..3672.06 rows=1 width=8)
	  ->  Index Scan using sbtest4_pkey on sbtest4  (cost=0.43..3669.70 rows=939 width=4)
	        Index Cond: ((id >= 7015180) AND (id <= 7016179))

table 5 : explain SELECT SUM(k) FROM sbtest5 WHERE id BETWEEN 8010143 AND 8011142
	Aggregate  (cost=3717.55..3717.56 rows=1 width=8)
	  ->  Bitmap Heap Scan on sbtest5  (cost=34.23..3715.16 rows=956 width=4)
	        Recheck Cond: ((id >= 8010143) AND (id <= 8011142))
	        ->  Bitmap Index Scan on sbtest5_pkey  (cost=0.00..34.00 rows=956 width=0)
	              Index Cond: ((id >= 8010143) AND (id <= 8011142))

table 6 : explain SELECT SUM(k) FROM sbtest6 WHERE id BETWEEN 3836135 AND 3837134
	Aggregate  (cost=3634.62..3634.63 rows=1 width=8)
	  ->  Bitmap Heap Scan on sbtest6  (cost=34.01..3632.28 rows=934 width=4)
	        Recheck Cond: ((id >= 3836135) AND (id <= 3837134))
	        ->  Bitmap Index Scan on sbtest6_pkey  (cost=0.00..33.78 rows=934 width=0)
	              Index Cond: ((id >= 3836135) AND (id <= 3837134))

table 7 : explain SELECT SUM(k) FROM sbtest7 WHERE id BETWEEN 4140232 AND 4141231
	Aggregate  (cost=3875.18..3875.19 rows=1 width=8)
	  ->  Index Scan using sbtest7_pkey on sbtest7  (cost=0.43..3872.71 rows=988 width=4)
	        Index Cond: ((id >= 4140232) AND (id <= 4141231))

table 8 : explain SELECT SUM(k) FROM sbtest8 WHERE id BETWEEN 1474195 AND 1475194
	Aggregate  (cost=3990.48..3990.49 rows=1 width=8)
	  ->  Bitmap Heap Scan on sbtest8  (cost=34.97..3987.91 rows=1028 width=4)
	        Recheck Cond: ((id >= 1474195) AND (id <= 1475194))
	        ->  Bitmap Index Scan on sbtest8_pkey  (cost=0.00..34.72 rows=1028 width=0)
	              Index Cond: ((id >= 1474195) AND (id <= 1475194))

for: distinct_ranges
table 1 : explain SELECT DISTINCT c FROM sbtest1 WHERE id BETWEEN 6501460 AND 6502459 ORDER BY c
	Unique  (cost=3706.63..3711.34 rows=943 width=121)
	  ->  Sort  (cost=3706.63..3708.98 rows=943 width=121)
	        Sort Key: c
	        ->  Bitmap Heap Scan on sbtest1  (cost=34.10..3660.04 rows=943 width=121)
	              Recheck Cond: ((id >= 6501460) AND (id <= 6502459))
	              ->  Bitmap Index Scan on sbtest1_pkey  (cost=0.00..33.87 rows=943 width=0)
	                    Index Cond: ((id >= 6501460) AND (id <= 6502459))

table 2 : explain SELECT DISTINCT c FROM sbtest2 WHERE id BETWEEN 3700298 AND 3701297 ORDER BY c
	Unique  (cost=4112.81..4118.05 rows=1048 width=121)
	  ->  Sort  (cost=4112.81..4115.43 rows=1048 width=121)
	        Sort Key: c
	        ->  Bitmap Heap Scan on sbtest2  (cost=35.18..4060.24 rows=1048 width=121)
	              Recheck Cond: ((id >= 3700298) AND (id <= 3701297))
	              ->  Bitmap Index Scan on sbtest2_pkey  (cost=0.00..34.92 rows=1048 width=0)
	                    Index Cond: ((id >= 3700298) AND (id <= 3701297))

table 3 : explain SELECT DISTINCT c FROM sbtest3 WHERE id BETWEEN 1699614 AND 1700613 ORDER BY c
	Unique  (cost=3862.95..3867.86 rows=983 width=121)
	  ->  Sort  (cost=3862.95..3865.41 rows=983 width=121)
	        Sort Key: c
	        ->  Bitmap Heap Scan on sbtest3  (cost=34.51..3814.09 rows=983 width=121)
	              Recheck Cond: ((id >= 1699614) AND (id <= 1700613))
	              ->  Bitmap Index Scan on sbtest3_pkey  (cost=0.00..34.27 rows=983 width=0)
	                    Index Cond: ((id >= 1699614) AND (id <= 1700613))

table 4 : explain SELECT DISTINCT c FROM sbtest4 WHERE id BETWEEN 7457713 AND 7458712 ORDER BY c
	Unique  (cost=3826.47..3831.30 rows=967 width=121)
	  ->  Sort  (cost=3826.47..3828.88 rows=967 width=121)
	        Sort Key: c
	        ->  Index Scan using sbtest4_pkey on sbtest4  (cost=0.43..3778.52 rows=967 width=121)
	              Index Cond: ((id >= 7457713) AND (id <= 7458712))

table 5 : explain SELECT DISTINCT c FROM sbtest5 WHERE id BETWEEN 886146 AND 887145 ORDER BY c
	Unique  (cost=4042.56..4047.71 rows=1029 width=121)
	  ->  Sort  (cost=4042.56..4045.13 rows=1029 width=121)
	        Sort Key: c
	        ->  Bitmap Heap Scan on sbtest5  (cost=34.98..3991.08 rows=1029 width=121)
	              Recheck Cond: ((id >= 886146) AND (id <= 887145))
	              ->  Bitmap Index Scan on sbtest5_pkey  (cost=0.00..34.73 rows=1029 width=0)
	                    Index Cond: ((id >= 886146) AND (id <= 887145))

table 6 : explain SELECT DISTINCT c FROM sbtest6 WHERE id BETWEEN 4214769 AND 4215768 ORDER BY c
	Unique  (cost=4666.63..4672.59 rows=1192 width=121)
	  ->  Sort  (cost=4666.63..4669.61 rows=1192 width=121)
	        Sort Key: c
	        ->  Bitmap Heap Scan on sbtest6  (cost=40.65..4605.72 rows=1192 width=121)
	              Recheck Cond: ((id >= 4214769) AND (id <= 4215768))
	              ->  Bitmap Index Scan on sbtest6_pkey  (cost=0.00..40.36 rows=1192 width=0)
	                    Index Cond: ((id >= 4214769) AND (id <= 4215768))

table 7 : explain SELECT DISTINCT c FROM sbtest7 WHERE id BETWEEN 1501534 AND 1502533 ORDER BY c
	Unique  (cost=3826.91..3831.73 rows=964 width=121)
	  ->  Sort  (cost=3826.91..3829.32 rows=964 width=121)
	        Sort Key: c
	        ->  Index Scan using sbtest7_pkey on sbtest7  (cost=0.43..3779.13 rows=964 width=121)
	              Index Cond: ((id >= 1501534) AND (id <= 1502533))

table 8 : explain SELECT DISTINCT c FROM sbtest8 WHERE id BETWEEN 3218536 AND 3219535 ORDER BY c
	Unique  (cost=3787.85..3792.62 rows=953 width=121)
	  ->  Sort  (cost=3787.85..3790.24 rows=953 width=121)
	        Sort Key: c
	        ->  Index Scan using sbtest8_pkey on sbtest8  (cost=0.43..3740.70 rows=953 width=121)
	              Index Cond: ((id >= 3218536) AND (id <= 3219535))

explain: for point_selects :: explain SELECT c FROM sbtest%u WHERE id=%u
for point_selects
table 1 : explain SELECT c FROM sbtest1 WHERE id=6906387
	Index Scan using sbtest1_pkey on sbtest1  (cost=0.43..8.45 rows=1 width=121)
	  Index Cond: (id = 6906387)

table 2 : explain SELECT c FROM sbtest2 WHERE id=6555072
	Index Scan using sbtest2_pkey on sbtest2  (cost=0.43..8.45 rows=1 width=121)
	  Index Cond: (id = 6555072)

table 3 : explain SELECT c FROM sbtest3 WHERE id=4762274
	Index Scan using sbtest3_pkey on sbtest3  (cost=0.43..8.45 rows=1 width=121)
	  Index Cond: (id = 4762274)

table 4 : explain SELECT c FROM sbtest4 WHERE id=1846876
	Index Scan using sbtest4_pkey on sbtest4  (cost=0.43..8.45 rows=1 width=121)
	  Index Cond: (id = 1846876)

table 5 : explain SELECT c FROM sbtest5 WHERE id=5001737
	Index Scan using sbtest5_pkey on sbtest5  (cost=0.43..8.45 rows=1 width=121)
	  Index Cond: (id = 5001737)

table 6 : explain SELECT c FROM sbtest6 WHERE id=9906508
	Index Scan using sbtest6_pkey on sbtest6  (cost=0.43..8.45 rows=1 width=121)
	  Index Cond: (id = 9906508)

table 7 : explain SELECT c FROM sbtest7 WHERE id=1962071
	Index Scan using sbtest7_pkey on sbtest7  (cost=0.43..8.45 rows=1 width=121)
	  Index Cond: (id = 1962071)

table 8 : explain SELECT c FROM sbtest8 WHERE id=5490686
	Index Scan using sbtest8_pkey on sbtest8  (cost=0.43..8.45 rows=1 width=121)
	  Index Cond: (id = 5490686)

explain: for point_selects :: explain SELECT c FROM sbtest%u WHERE id=%u
for: distinct_ranges
table 1 : explain SELECT DISTINCT c FROM sbtest1 WHERE id BETWEEN 5479774 AND 5480773 ORDER BY c
	Unique  (cost=3771.77..3776.57 rows=960 width=121)
	  ->  Sort  (cost=3771.77..3774.17 rows=960 width=121)
	        Sort Key: c
	        ->  Bitmap Heap Scan on sbtest1  (cost=34.28..3724.22 rows=960 width=121)
	              Recheck Cond: ((id >= 5479774) AND (id <= 5480773))
	              ->  Bitmap Index Scan on sbtest1_pkey  (cost=0.00..34.04 rows=960 width=0)
	                    Index Cond: ((id >= 5479774) AND (id <= 5480773))

table 2 : explain SELECT DISTINCT c FROM sbtest2 WHERE id BETWEEN 2395439 AND 2396438 ORDER BY c
	Unique  (cost=4032.43..4037.56 rows=1027 width=121)
	  ->  Sort  (cost=4032.43..4035.00 rows=1027 width=121)
	        Sort Key: c
	        ->  Bitmap Heap Scan on sbtest2  (cost=34.96..3981.06 rows=1027 width=121)
	              Recheck Cond: ((id >= 2395439) AND (id <= 2396438))
	              ->  Bitmap Index Scan on sbtest2_pkey  (cost=0.00..34.70 rows=1027 width=0)
	                    Index Cond: ((id >= 2395439) AND (id <= 2396438))

table 3 : explain SELECT DISTINCT c FROM sbtest3 WHERE id BETWEEN 9393757 AND 9394756 ORDER BY c
	Unique  (cost=3855.28..3860.19 rows=981 width=121)
	  ->  Sort  (cost=3855.28..3857.74 rows=981 width=121)
	        Sort Key: c
	        ->  Bitmap Heap Scan on sbtest3  (cost=34.49..3806.54 rows=981 width=121)
	              Recheck Cond: ((id >= 9393757) AND (id <= 9394756))
	              ->  Bitmap Index Scan on sbtest3_pkey  (cost=0.00..34.25 rows=981 width=0)
	                    Index Cond: ((id >= 9393757) AND (id <= 9394756))

table 4 : explain SELECT DISTINCT c FROM sbtest4 WHERE id BETWEEN 6375768 AND 6376767 ORDER BY c
	Unique  (cost=3818.58..3823.41 rows=965 width=121)
	  ->  Sort  (cost=3818.58..3820.99 rows=965 width=121)
	        Sort Key: c
	        ->  Index Scan using sbtest4_pkey on sbtest4  (cost=0.43..3770.75 rows=965 width=121)
	              Index Cond: ((id >= 6375768) AND (id <= 6376767))

table 5 : explain SELECT DISTINCT c FROM sbtest5 WHERE id BETWEEN 9997347 AND 9998346 ORDER BY c
	Unique  (cost=3762.48..3767.26 rows=956 width=121)
	  ->  Sort  (cost=3762.48..3764.87 rows=956 width=121)
	        Sort Key: c
	        ->  Bitmap Heap Scan on sbtest5  (cost=34.23..3715.16 rows=956 width=121)
	              Recheck Cond: ((id >= 9997347) AND (id <= 9998346))
	              ->  Bitmap Index Scan on sbtest5_pkey  (cost=0.00..34.00 rows=956 width=0)
	                    Index Cond: ((id >= 9997347) AND (id <= 9998346))

table 6 : explain SELECT DISTINCT c FROM sbtest6 WHERE id BETWEEN 2645519 AND 2646518 ORDER BY c
	Unique  (cost=4234.55..4239.95 rows=1079 width=121)
	  ->  Sort  (cost=4234.55..4237.25 rows=1079 width=121)
	        Sort Key: c
	        ->  Bitmap Heap Scan on sbtest6  (cost=35.49..4180.20 rows=1079 width=121)
	              Recheck Cond: ((id >= 2645519) AND (id <= 2646518))
	              ->  Bitmap Index Scan on sbtest6_pkey  (cost=0.00..35.23 rows=1079 width=0)
	                    Index Cond: ((id >= 2645519) AND (id <= 2646518))

table 7 : explain SELECT DISTINCT c FROM sbtest7 WHERE id BETWEEN 6677436 AND 6678435 ORDER BY c
	Unique  (cost=3791.32..3796.10 rows=955 width=121)
	  ->  Sort  (cost=3791.32..3793.71 rows=955 width=121)
	        Sort Key: c
	        ->  Index Scan using sbtest7_pkey on sbtest7  (cost=0.43..3744.05 rows=955 width=121)
	              Index Cond: ((id >= 6677436) AND (id <= 6678435))

table 8 : explain SELECT DISTINCT c FROM sbtest8 WHERE id BETWEEN 1998085 AND 1999084 ORDER BY c
	Unique  (cost=4043.17..4048.32 rows=1029 width=121)
	  ->  Sort  (cost=4043.17..4045.74 rows=1029 width=121)
	        Sort Key: c
	        ->  Bitmap Heap Scan on sbtest8  (cost=34.98..3991.68 rows=1029 width=121)
	              Recheck Cond: ((id >= 1998085) AND (id <= 1999084))
	              ->  Bitmap Index Scan on sbtest8_pkey  (cost=0.00..34.73 rows=1029 width=0)
	                    Index Cond: ((id >= 1998085) AND (id <= 1999084))

for: simple_ranges
table 1 : explain SELECT c FROM sbtest1 WHERE id BETWEEN 2910171 AND 2911170
	Bitmap Heap Scan on sbtest1  (cost=35.44..4153.65 rows=1074 width=121)
	  Recheck Cond: ((id >= 2910171) AND (id <= 2911170))
	  ->  Bitmap Index Scan on sbtest1_pkey  (cost=0.00..35.18 rows=1074 width=0)
	        Index Cond: ((id >= 2910171) AND (id <= 2911170))

table 2 : explain SELECT c FROM sbtest2 WHERE id BETWEEN 5878313 AND 5879312
	Bitmap Heap Scan on sbtest2  (cost=34.92..3965.97 rows=1023 width=121)
	  Recheck Cond: ((id >= 5878313) AND (id <= 5879312))
	  ->  Bitmap Index Scan on sbtest2_pkey  (cost=0.00..34.67 rows=1023 width=0)
	        Index Cond: ((id >= 5878313) AND (id <= 5879312))

table 3 : explain SELECT c FROM sbtest3 WHERE id BETWEEN 5287045 AND 5288044
	Bitmap Heap Scan on sbtest3  (cost=34.02..3632.69 rows=935 width=121)
	  Recheck Cond: ((id >= 5287045) AND (id <= 5288044))
	  ->  Bitmap Index Scan on sbtest3_pkey  (cost=0.00..33.79 rows=935 width=0)
	        Index Cond: ((id >= 5287045) AND (id <= 5288044))

table 4 : explain SELECT c FROM sbtest4 WHERE id BETWEEN 9623893 AND 9624892
	Index Scan using sbtest4_pkey on sbtest4  (cost=0.43..4198.19 rows=1075 width=121)
	  Index Cond: ((id >= 9623893) AND (id <= 9624892))

table 5 : explain SELECT c FROM sbtest5 WHERE id BETWEEN 7750541 AND 7751540
	Bitmap Heap Scan on sbtest5  (cost=35.18..4062.78 rows=1048 width=121)
	  Recheck Cond: ((id >= 7750541) AND (id <= 7751540))
	  ->  Bitmap Index Scan on sbtest5_pkey  (cost=0.00..34.92 rows=1048 width=0)
	        Index Cond: ((id >= 7750541) AND (id <= 7751540))

table 6 : explain SELECT c FROM sbtest6 WHERE id BETWEEN 5874701 AND 5875700
	Index Scan using sbtest6_pkey on sbtest6  (cost=0.43..3405.18 rows=867 width=121)
	  Index Cond: ((id >= 5874701) AND (id <= 5875700))

table 7 : explain SELECT c FROM sbtest7 WHERE id BETWEEN 9821654 AND 9822653
	Index Scan using sbtest7_pkey on sbtest7  (cost=0.43..3786.93 rows=966 width=121)
	  Index Cond: ((id >= 9821654) AND (id <= 9822653))

table 8 : explain SELECT c FROM sbtest8 WHERE id BETWEEN 8584810 AND 8585809
	Index Scan using sbtest8_pkey on sbtest8  (cost=0.43..3682.16 rows=938 width=121)
	  Index Cond: ((id >= 8584810) AND (id <= 8585809))

for: order_ranges
table 1 : explain SELECT c FROM sbtest1 WHERE id BETWEEN 4676903 AND 4677902 ORDER BY c
	Sort  (cost=3649.12..3651.44 rows=928 width=121)
	  Sort Key: c
	  ->  Bitmap Heap Scan on sbtest1  (cost=33.95..3603.37 rows=928 width=121)
	        Recheck Cond: ((id >= 4676903) AND (id <= 4677902))
	        ->  Bitmap Index Scan on sbtest1_pkey  (cost=0.00..33.72 rows=928 width=0)
	              Index Cond: ((id >= 4676903) AND (id <= 4677902))

table 2 : explain SELECT c FROM sbtest2 WHERE id BETWEEN 3266588 AND 3267587 ORDER BY c
	Sort  (cost=3545.02..3547.27 rows=901 width=121)
	  Sort Key: c
	  ->  Bitmap Heap Scan on sbtest2  (cost=29.67..3500.80 rows=901 width=121)
	        Recheck Cond: ((id >= 3266588) AND (id <= 3267587))
	        ->  Bitmap Index Scan on sbtest2_pkey  (cost=0.00..29.44 rows=901 width=0)
	              Index Cond: ((id >= 3266588) AND (id <= 3267587))

table 3 : explain SELECT c FROM sbtest3 WHERE id BETWEEN 6711115 AND 6712114 ORDER BY c
	Sort  (cost=3920.43..3922.92 rows=998 width=121)
	  Sort Key: c
	  ->  Bitmap Heap Scan on sbtest3  (cost=34.66..3870.72 rows=998 width=121)
	        Recheck Cond: ((id >= 6711115) AND (id <= 6712114))
	        ->  Bitmap Index Scan on sbtest3_pkey  (cost=0.00..34.42 rows=998 width=0)
	              Index Cond: ((id >= 6711115) AND (id <= 6712114))

table 4 : explain SELECT c FROM sbtest4 WHERE id BETWEEN 3223645 AND 3224644 ORDER BY c
	Sort  (cost=3775.19..3777.58 rows=954 width=121)
	  Sort Key: c
	  ->  Index Scan using sbtest4_pkey on sbtest4  (cost=0.43..3727.98 rows=954 width=121)
	        Index Cond: ((id >= 3223645) AND (id <= 3224644))

table 5 : explain SELECT c FROM sbtest5 WHERE id BETWEEN 4987300 AND 4988299 ORDER BY c
	Sort  (cost=3731.75..3734.12 rows=948 width=121)
	  Sort Key: c
	  ->  Bitmap Heap Scan on sbtest5  (cost=34.15..3684.88 rows=948 width=121)
	        Recheck Cond: ((id >= 4987300) AND (id <= 4988299))
	        ->  Bitmap Index Scan on sbtest5_pkey  (cost=0.00..33.92 rows=948 width=0)
	              Index Cond: ((id >= 4987300) AND (id <= 4988299))

table 6 : explain SELECT c FROM sbtest6 WHERE id BETWEEN 1864806 AND 1865805 ORDER BY c
	Sort  (cost=3659.14..3661.46 rows=929 width=121)
	  Sort Key: c
	  ->  Bitmap Heap Scan on sbtest6  (cost=33.96..3613.34 rows=929 width=121)
	        Recheck Cond: ((id >= 1864806) AND (id <= 1865805))
	        ->  Bitmap Index Scan on sbtest6_pkey  (cost=0.00..33.73 rows=929 width=0)
	              Index Cond: ((id >= 1864806) AND (id <= 1865805))

table 7 : explain SELECT c FROM sbtest7 WHERE id BETWEEN 4565009 AND 4566008 ORDER BY c
	Sort  (cost=3925.81..3928.28 rows=989 width=121)
	  Sort Key: c
	  ->  Index Scan using sbtest7_pkey on sbtest7  (cost=0.43..3876.61 rows=989 width=121)
	        Index Cond: ((id >= 4565009) AND (id <= 4566008))

table 8 : explain SELECT c FROM sbtest8 WHERE id BETWEEN 7239686 AND 7240685 ORDER BY c
	Sort  (cost=4215.56..4218.24 rows=1074 width=121)
	  Sort Key: c
	  ->  Bitmap Heap Scan on sbtest8  (cost=35.44..4161.49 rows=1074 width=121)
	        Recheck Cond: ((id >= 7239686) AND (id <= 7240685))
	        ->  Bitmap Index Scan on sbtest8_pkey  (cost=0.00..35.18 rows=1074 width=0)
	              Index Cond: ((id >= 7239686) AND (id <= 7240685))

for: order_ranges
table 1 : explain SELECT c FROM sbtest1 WHERE id BETWEEN 9747249 AND 9748248 ORDER BY c
	Sort  (cost=4066.40..4068.99 rows=1037 width=121)
	  Sort Key: c
	  ->  Bitmap Heap Scan on sbtest1  (cost=35.06..4014.46 rows=1037 width=121)
	        Recheck Cond: ((id >= 9747249) AND (id <= 9748248))
	        ->  Bitmap Index Scan on sbtest1_pkey  (cost=0.00..34.81 rows=1037 width=0)
	              Index Cond: ((id >= 9747249) AND (id <= 9748248))

table 2 : explain SELECT c FROM sbtest2 WHERE id BETWEEN 3139523 AND 3140522 ORDER BY c
	Sort  (cost=4174.03..4176.69 rows=1064 width=121)
	  Sort Key: c
	  ->  Bitmap Heap Scan on sbtest2  (cost=35.34..4120.53 rows=1064 width=121)
	        Recheck Cond: ((id >= 3139523) AND (id <= 3140522))
	        ->  Bitmap Index Scan on sbtest2_pkey  (cost=0.00..35.08 rows=1064 width=0)
	              Index Cond: ((id >= 3139523) AND (id <= 3140522))

table 3 : explain SELECT c FROM sbtest3 WHERE id BETWEEN 2533343 AND 2534342 ORDER BY c
	Sort  (cost=3801.61..3804.02 rows=967 width=121)
	  Sort Key: c
	  ->  Bitmap Heap Scan on sbtest3  (cost=34.35..3753.66 rows=967 width=121)
	        Recheck Cond: ((id >= 2533343) AND (id <= 2534342))
	        ->  Bitmap Index Scan on sbtest3_pkey  (cost=0.00..34.11 rows=967 width=0)
	              Index Cond: ((id >= 2533343) AND (id <= 2534342))

table 4 : explain SELECT c FROM sbtest4 WHERE id BETWEEN 1505613 AND 1506612 ORDER BY c
	Sort  (cost=3720.01..3722.36 rows=940 width=121)
	  Sort Key: c
	  ->  Index Scan using sbtest4_pkey on sbtest4  (cost=0.43..3673.59 rows=940 width=121)
	        Index Cond: ((id >= 1505613) AND (id <= 1506612))

table 5 : explain SELECT c FROM sbtest5 WHERE id BETWEEN 3574860 AND 3575859 ORDER BY c
	Sort  (cost=3516.26..3518.49 rows=893 width=121)
	  Sort Key: c
	  ->  Bitmap Heap Scan on sbtest5  (cost=29.59..3472.49 rows=893 width=121)
	        Recheck Cond: ((id >= 3574860) AND (id <= 3575859))
	        ->  Bitmap Index Scan on sbtest5_pkey  (cost=0.00..29.36 rows=893 width=0)
	              Index Cond: ((id >= 3574860) AND (id <= 3575859))

table 6 : explain SELECT c FROM sbtest6 WHERE id BETWEEN 9913983 AND 9914982 ORDER BY c
	Sort  (cost=3981.69..3984.22 rows=1013 width=121)
	  Sort Key: c
	  ->  Bitmap Heap Scan on sbtest6  (cost=34.82..3931.12 rows=1013 width=121)
	        Recheck Cond: ((id >= 9913983) AND (id <= 9914982))
	        ->  Bitmap Index Scan on sbtest6_pkey  (cost=0.00..34.57 rows=1013 width=0)
	              Index Cond: ((id >= 9913983) AND (id <= 9914982))

table 7 : explain SELECT c FROM sbtest7 WHERE id BETWEEN 2177685 AND 2178684 ORDER BY c
	Sort  (cost=3977.22..3979.73 rows=1002 width=121)
	  Sort Key: c
	  ->  Index Scan using sbtest7_pkey on sbtest7  (cost=0.43..3927.28 rows=1002 width=121)
	        Index Cond: ((id >= 2177685) AND (id <= 2178684))

table 8 : explain SELECT c FROM sbtest8 WHERE id BETWEEN 9096584 AND 9097583 ORDER BY c
	Sort  (cost=4211.73..4214.41 rows=1073 width=121)
	  Sort Key: c
	  ->  Bitmap Heap Scan on sbtest8  (cost=35.43..4157.72 rows=1073 width=121)
	        Recheck Cond: ((id >= 9096584) AND (id <= 9097583))
	        ->  Bitmap Index Scan on sbtest8_pkey  (cost=0.00..35.17 rows=1073 width=0)
	              Index Cond: ((id >= 9096584) AND (id <= 9097583))

for: order_ranges
table 1 : explain SELECT c FROM sbtest1 WHERE id BETWEEN 7029122 AND 7030121 ORDER BY c
	Sort  (cost=4161.91..4164.56 rows=1062 width=121)
	  Sort Key: c
	  ->  Bitmap Heap Scan on sbtest1  (cost=35.32..4108.53 rows=1062 width=121)
	        Recheck Cond: ((id >= 7029122) AND (id <= 7030121))
	        ->  Bitmap Index Scan on sbtest1_pkey  (cost=0.00..35.06 rows=1062 width=0)
	              Index Cond: ((id >= 7029122) AND (id <= 7030121))

table 2 : explain SELECT c FROM sbtest2 WHERE id BETWEEN 1737455 AND 1738454 ORDER BY c
	Sort  (cost=3714.21..3716.57 rows=944 width=121)
	  Sort Key: c
	  ->  Bitmap Heap Scan on sbtest2  (cost=34.11..3667.56 rows=944 width=121)
	        Recheck Cond: ((id >= 1737455) AND (id <= 1738454))
	        ->  Bitmap Index Scan on sbtest2_pkey  (cost=0.00..33.88 rows=944 width=0)
	              Index Cond: ((id >= 1737455) AND (id <= 1738454))

table 3 : explain SELECT c FROM sbtest3 WHERE id BETWEEN 7331775 AND 7332774 ORDER BY c
	Sort  (cost=3582.66..3584.94 rows=911 width=121)
	  Sort Key: c
	  ->  Bitmap Heap Scan on sbtest3  (cost=29.77..3537.88 rows=911 width=121)
	        Recheck Cond: ((id >= 7331775) AND (id <= 7332774))
	        ->  Bitmap Index Scan on sbtest3_pkey  (cost=0.00..29.54 rows=911 width=0)
	              Index Cond: ((id >= 7331775) AND (id <= 7332774))

table 4 : explain SELECT c FROM sbtest4 WHERE id BETWEEN 9542583 AND 9543582 ORDER BY c
	Sort  (cost=3629.32..3631.61 rows=917 width=121)
	  Sort Key: c
	  ->  Index Scan using sbtest4_pkey on sbtest4  (cost=0.43..3584.20 rows=917 width=121)
	        Index Cond: ((id >= 9542583) AND (id <= 9543582))

table 5 : explain SELECT c FROM sbtest5 WHERE id BETWEEN 3461006 AND 3462005 ORDER BY c
	Sort  (cost=3916.03..3918.52 rows=996 width=121)
	  Sort Key: c
	  ->  Bitmap Heap Scan on sbtest5  (cost=34.64..3866.43 rows=996 width=121)
	        Recheck Cond: ((id >= 3461006) AND (id <= 3462005))
	        ->  Bitmap Index Scan on sbtest5_pkey  (cost=0.00..34.40 rows=996 width=0)
	              Index Cond: ((id >= 3461006) AND (id <= 3462005))

table 6 : explain SELECT c FROM sbtest6 WHERE id BETWEEN 6538839 AND 6539838 ORDER BY c
	Sort  (cost=4169.47..4172.12 rows=1062 width=121)
	  Sort Key: c
	  ->  Bitmap Heap Scan on sbtest6  (cost=35.32..4116.09 rows=1062 width=121)
	        Recheck Cond: ((id >= 6538839) AND (id <= 6539838))
	        ->  Bitmap Index Scan on sbtest6_pkey  (cost=0.00..35.06 rows=1062 width=0)
	              Index Cond: ((id >= 6538839) AND (id <= 6539838))

table 7 : explain SELECT c FROM sbtest7 WHERE id BETWEEN 5406945 AND 5407944 ORDER BY c
	Sort  (cost=4165.87..4168.52 rows=1061 width=121)
	  Sort Key: c
	  ->  Bitmap Heap Scan on sbtest7  (cost=35.31..4112.54 rows=1061 width=121)
	        Recheck Cond: ((id >= 5406945) AND (id <= 5407944))
	        ->  Bitmap Index Scan on sbtest7_pkey  (cost=0.00..35.05 rows=1061 width=0)
	              Index Cond: ((id >= 5406945) AND (id <= 5407944))

table 8 : explain SELECT c FROM sbtest8 WHERE id BETWEEN 8216708 AND 8217707 ORDER BY c
	Sort  (cost=3977.99..3980.52 rows=1012 width=121)
	  Sort Key: c
	  ->  Bitmap Heap Scan on sbtest8  (cost=34.81..3927.47 rows=1012 width=121)
	        Recheck Cond: ((id >= 8216708) AND (id <= 8217707))
	        ->  Bitmap Index Scan on sbtest8_pkey  (cost=0.00..34.56 rows=1012 width=0)
	              Index Cond: ((id >= 8216708) AND (id <= 8217707))

explain: for point_selects :: explain SELECT c FROM sbtest%u WHERE id=%u
for: order_ranges
table 1 : explain SELECT c FROM sbtest1 WHERE id BETWEEN 8099860 AND 8100859 ORDER BY c
	Sort  (cost=3806.25..3808.67 rows=969 width=121)
	  Sort Key: c
	  ->  Bitmap Heap Scan on sbtest1  (cost=34.37..3758.18 rows=969 width=121)
	        Recheck Cond: ((id >= 8099860) AND (id <= 8100859))
	        ->  Bitmap Index Scan on sbtest1_pkey  (cost=0.00..34.12 rows=969 width=0)
	              Index Cond: ((id >= 8099860) AND (id <= 8100859))

table 2 : explain SELECT c FROM sbtest2 WHERE id BETWEEN 4930127 AND 4931126 ORDER BY c
	Sort  (cost=4185.50..4188.17 rows=1067 width=121)
	  Sort Key: c
	  ->  Bitmap Heap Scan on sbtest2  (cost=35.37..4131.83 rows=1067 width=121)
	        Recheck Cond: ((id >= 4930127) AND (id <= 4931126))
	        ->  Bitmap Index Scan on sbtest2_pkey  (cost=0.00..35.11 rows=1067 width=0)
	              Index Cond: ((id >= 4930127) AND (id <= 4931126))

table 3 : explain SELECT c FROM sbtest3 WHERE id BETWEEN 4008544 AND 4009543 ORDER BY c
	Sort  (cost=3790.10..3792.51 rows=964 width=121)
	  Sort Key: c
	  ->  Bitmap Heap Scan on sbtest3  (cost=34.32..3742.32 rows=964 width=121)
	        Recheck Cond: ((id >= 4008544) AND (id <= 4009543))
	        ->  Bitmap Index Scan on sbtest3_pkey  (cost=0.00..34.08 rows=964 width=0)
	              Index Cond: ((id >= 4008544) AND (id <= 4009543))

table 4 : explain SELECT c FROM sbtest4 WHERE id BETWEEN 4980416 AND 4981415 ORDER BY c
	Sort  (cost=4240.49..4243.17 rows=1072 width=121)
	  Sort Key: c
	  ->  Index Scan using sbtest4_pkey on sbtest4  (cost=0.43..4186.53 rows=1072 width=121)
	        Index Cond: ((id >= 4980416) AND (id <= 4981415))

table 5 : explain SELECT c FROM sbtest5 WHERE id BETWEEN 4295123 AND 4296122 ORDER BY c
	Sort  (cost=3962.05..3964.57 rows=1008 width=121)
	  Sort Key: c
	  ->  Bitmap Heap Scan on sbtest5  (cost=34.77..3911.77 rows=1008 width=121)
	        Recheck Cond: ((id >= 4295123) AND (id <= 4296122))
	        ->  Bitmap Index Scan on sbtest5_pkey  (cost=0.00..34.52 rows=1008 width=0)
	              Index Cond: ((id >= 4295123) AND (id <= 4296122))

table 6 : explain SELECT c FROM sbtest6 WHERE id BETWEEN 2618610 AND 2619609 ORDER BY c
	Sort  (cost=4234.55..4237.25 rows=1079 width=121)
	  Sort Key: c
	  ->  Bitmap Heap Scan on sbtest6  (cost=35.49..4180.20 rows=1079 width=121)
	        Recheck Cond: ((id >= 2618610) AND (id <= 2619609))
	        ->  Bitmap Index Scan on sbtest6_pkey  (cost=0.00..35.23 rows=1079 width=0)
	              Index Cond: ((id >= 2618610) AND (id <= 2619609))

table 7 : explain SELECT c FROM sbtest7 WHERE id BETWEEN 4206298 AND 4207297 ORDER BY c
	Sort  (cost=3898.13..3900.58 rows=982 width=121)
	  Sort Key: c
	  ->  Index Scan using sbtest7_pkey on sbtest7  (cost=0.43..3849.32 rows=982 width=121)
	        Index Cond: ((id >= 4206298) AND (id <= 4207297))

table 8 : explain SELECT c FROM sbtest8 WHERE id BETWEEN 4497598 AND 4498597 ORDER BY c
	Sort  (cost=3832.16..3834.60 rows=974 width=121)
	  Sort Key: c
	  ->  Bitmap Heap Scan on sbtest8  (cost=34.42..3783.81 rows=974 width=121)
	        Recheck Cond: ((id >= 4497598) AND (id <= 4498597))
	        ->  Bitmap Index Scan on sbtest8_pkey  (cost=0.00..34.18 rows=974 width=0)
	              Index Cond: ((id >= 4497598) AND (id <= 4498597))

for: simple_ranges
table 1 : explain SELECT c FROM sbtest1 WHERE id BETWEEN 3865529 AND 3866528
	Bitmap Heap Scan on sbtest1  (cost=39.99..4353.02 rows=1127 width=121)
	  Recheck Cond: ((id >= 3865529) AND (id <= 3866528))
	  ->  Bitmap Index Scan on sbtest1_pkey  (cost=0.00..39.70 rows=1127 width=0)
	        Index Cond: ((id >= 3865529) AND (id <= 3866528))

table 2 : explain SELECT c FROM sbtest2 WHERE id BETWEEN 7861510 AND 7862509
	Bitmap Heap Scan on sbtest2  (cost=34.48..3803.64 rows=980 width=121)
	  Recheck Cond: ((id >= 7861510) AND (id <= 7862509))
	  ->  Bitmap Index Scan on sbtest2_pkey  (cost=0.00..34.23 rows=980 width=0)
	        Index Cond: ((id >= 7861510) AND (id <= 7862509))

table 3 : explain SELECT c FROM sbtest3 WHERE id BETWEEN 479935 AND 480934
	Bitmap Heap Scan on sbtest3  (cost=34.25..3719.65 rows=958 width=121)
	  Recheck Cond: ((id >= 479935) AND (id <= 480934))
	  ->  Bitmap Index Scan on sbtest3_pkey  (cost=0.00..34.02 rows=958 width=0)
	        Index Cond: ((id >= 479935) AND (id <= 480934))

table 4 : explain SELECT c FROM sbtest4 WHERE id BETWEEN 4427224 AND 4428223
	Index Scan using sbtest4_pkey on sbtest4  (cost=0.43..3642.51 rows=932 width=121)
	  Index Cond: ((id >= 4427224) AND (id <= 4428223))

table 5 : explain SELECT c FROM sbtest5 WHERE id BETWEEN 5519240 AND 5520239
	Bitmap Heap Scan on sbtest5  (cost=34.09..3662.16 rows=942 width=121)
	  Recheck Cond: ((id >= 5519240) AND (id <= 5520239))
	  ->  Bitmap Index Scan on sbtest5_pkey  (cost=0.00..33.86 rows=942 width=0)
	        Index Cond: ((id >= 5519240) AND (id <= 5520239))

table 6 : explain SELECT c FROM sbtest6 WHERE id BETWEEN 6356065 AND 6357064
	Bitmap Heap Scan on sbtest6  (cost=35.29..4104.77 rows=1059 width=121)
	  Recheck Cond: ((id >= 6356065) AND (id <= 6357064))
	  ->  Bitmap Index Scan on sbtest6_pkey  (cost=0.00..35.03 rows=1059 width=0)
	        Index Cond: ((id >= 6356065) AND (id <= 6357064))

table 7 : explain SELECT c FROM sbtest7 WHERE id BETWEEN 1612535 AND 1613534
	Index Scan using sbtest7_pkey on sbtest7  (cost=0.43..3783.03 rows=965 width=121)
	  Index Cond: ((id >= 1612535) AND (id <= 1613534))

table 8 : explain SELECT c FROM sbtest8 WHERE id BETWEEN 226306 AND 227305
	Bitmap Heap Scan on sbtest8  (cost=35.31..4112.46 rows=1061 width=121)
	  Recheck Cond: ((id >= 226306) AND (id <= 227305))
	  ->  Bitmap Index Scan on sbtest8_pkey  (cost=0.00..35.05 rows=1061 width=0)
	        Index Cond: ((id >= 226306) AND (id <= 227305))

for: distinct_ranges
table 1 : explain SELECT DISTINCT c FROM sbtest1 WHERE id BETWEEN 5891356 AND 5892355 ORDER BY c
	Unique  (cost=3737.29..3742.04 rows=951 width=121)
	  ->  Sort  (cost=3737.29..3739.67 rows=951 width=121)
	        Sort Key: c
	        ->  Bitmap Heap Scan on sbtest1  (cost=34.18..3690.25 rows=951 width=121)
	              Recheck Cond: ((id >= 5891356) AND (id <= 5892355))
	              ->  Bitmap Index Scan on sbtest1_pkey  (cost=0.00..33.95 rows=951 width=0)
	                    Index Cond: ((id >= 5891356) AND (id <= 5892355))

table 2 : explain SELECT DISTINCT c FROM sbtest2 WHERE id BETWEEN 4763463 AND 4764462 ORDER BY c
	Unique  (cost=4063.06..4068.23 rows=1035 width=121)
	  ->  Sort  (cost=4063.06..4065.64 rows=1035 width=121)
	        Sort Key: c
	        ->  Bitmap Heap Scan on sbtest2  (cost=35.04..4011.23 rows=1035 width=121)
	              Recheck Cond: ((id >= 4763463) AND (id <= 4764462))
	              ->  Bitmap Index Scan on sbtest2_pkey  (cost=0.00..34.79 rows=1035 width=0)
	                    Index Cond: ((id >= 4763463) AND (id <= 4764462))

table 3 : explain SELECT DISTINCT c FROM sbtest3 WHERE id BETWEEN 1685276 AND 1686275 ORDER BY c
	Unique  (cost=3862.95..3867.86 rows=983 width=121)
	  ->  Sort  (cost=3862.95..3865.41 rows=983 width=121)
	        Sort Key: c
	        ->  Bitmap Heap Scan on sbtest3  (cost=34.51..3814.09 rows=983 width=121)
	              Recheck Cond: ((id >= 1685276) AND (id <= 1686275))
	              ->  Bitmap Index Scan on sbtest3_pkey  (cost=0.00..34.27 rows=983 width=0)
	                    Index Cond: ((id >= 1685276) AND (id <= 1686275))

table 4 : explain SELECT DISTINCT c FROM sbtest4 WHERE id BETWEEN 4265297 AND 4266296 ORDER BY c
	Unique  (cost=4059.11..4064.24 rows=1026 width=121)
	  ->  Sort  (cost=4059.11..4061.67 rows=1026 width=121)
	        Sort Key: c
	        ->  Index Scan using sbtest4_pkey on sbtest4  (cost=0.43..4007.79 rows=1026 width=121)
	              Index Cond: ((id >= 4265297) AND (id <= 4266296))

table 5 : explain SELECT DISTINCT c FROM sbtest5 WHERE id BETWEEN 2918633 AND 2919632 ORDER BY c
	Unique  (cost=3666.42..3671.07 rows=931 width=121)
	  ->  Sort  (cost=3666.42..3668.75 rows=931 width=121)
	        Sort Key: c
	        ->  Bitmap Heap Scan on sbtest5  (cost=33.98..3620.51 rows=931 width=121)
	              Recheck Cond: ((id >= 2918633) AND (id <= 2919632))
	              ->  Bitmap Index Scan on sbtest5_pkey  (cost=0.00..33.75 rows=931 width=0)
	                    Index Cond: ((id >= 2918633) AND (id <= 2919632))

table 6 : explain SELECT DISTINCT c FROM sbtest6 WHERE id BETWEEN 3662969 AND 3663968 ORDER BY c
	Unique  (cost=3951.01..3956.03 rows=1005 width=121)
	  ->  Sort  (cost=3951.01..3953.52 rows=1005 width=121)
	        Sort Key: c
	        ->  Bitmap Heap Scan on sbtest6  (cost=34.74..3900.89 rows=1005 width=121)
	              Recheck Cond: ((id >= 3662969) AND (id <= 3663968))
	              ->  Bitmap Index Scan on sbtest6_pkey  (cost=0.00..34.48 rows=1005 width=0)
	                    Index Cond: ((id >= 3662969) AND (id <= 3663968))

table 7 : explain SELECT DISTINCT c FROM sbtest7 WHERE id BETWEEN 6787802 AND 6788801 ORDER BY c
	Unique  (cost=3771.52..3776.27 rows=950 width=121)
	  ->  Sort  (cost=3771.52..3773.89 rows=950 width=121)
	        Sort Key: c
	        ->  Index Scan using sbtest7_pkey on sbtest7  (cost=0.43..3724.53 rows=950 width=121)
	              Index Cond: ((id >= 6787802) AND (id <= 6788801))

table 8 : explain SELECT DISTINCT c FROM sbtest8 WHERE id BETWEEN 2874071 AND 2875070 ORDER BY c
	Unique  (cost=3716.59..3721.26 rows=935 width=121)
	  ->  Sort  (cost=3716.59..3718.93 rows=935 width=121)
	        Sort Key: c
	        ->  Index Scan using sbtest8_pkey on sbtest8  (cost=0.43..3670.45 rows=935 width=121)
	              Index Cond: ((id >= 2874071) AND (id <= 2875070))

for: distinct_ranges
table 1 : explain SELECT DISTINCT c FROM sbtest1 WHERE id BETWEEN 286130 AND 287129 ORDER BY c
	Unique  (cost=3741.12..3745.88 rows=952 width=121)
	  ->  Sort  (cost=3741.12..3743.50 rows=952 width=121)
	        Sort Key: c
	        ->  Bitmap Heap Scan on sbtest1  (cost=34.19..3694.02 rows=952 width=121)
	              Recheck Cond: ((id >= 286130) AND (id <= 287129))
	              ->  Bitmap Index Scan on sbtest1_pkey  (cost=0.00..33.95 rows=952 width=0)
	                    Index Cond: ((id >= 286130) AND (id <= 287129))

table 2 : explain SELECT DISTINCT c FROM sbtest2 WHERE id BETWEEN 9629732 AND 9630731 ORDER BY c
	Unique  (cost=3852.33..3857.23 rows=980 width=121)
	  ->  Sort  (cost=3852.33..3854.78 rows=980 width=121)
	        Sort Key: c
	        ->  Bitmap Heap Scan on sbtest2  (cost=34.48..3803.64 rows=980 width=121)
	              Recheck Cond: ((id >= 9629732) AND (id <= 9630731))
	              ->  Bitmap Index Scan on sbtest2_pkey  (cost=0.00..34.23 rows=980 width=0)
	                    Index Cond: ((id >= 9629732) AND (id <= 9630731))

table 3 : explain SELECT DISTINCT c FROM sbtest3 WHERE id BETWEEN 7142666 AND 7143665 ORDER BY c
	Unique  (cost=4150.09..4155.38 rows=1058 width=121)
	  ->  Sort  (cost=4150.09..4152.73 rows=1058 width=121)
	        Sort Key: c
	        ->  Bitmap Heap Scan on sbtest3  (cost=35.28..4096.94 rows=1058 width=121)
	              Recheck Cond: ((id >= 7142666) AND (id <= 7143665))
	              ->  Bitmap Index Scan on sbtest3_pkey  (cost=0.00..35.02 rows=1058 width=0)
	                    Index Cond: ((id >= 7142666) AND (id <= 7143665))

table 4 : explain SELECT DISTINCT c FROM sbtest4 WHERE id BETWEEN 8515504 AND 8516503 ORDER BY c
	Unique  (cost=3810.70..3815.51 rows=963 width=121)
	  ->  Sort  (cost=3810.70..3813.11 rows=963 width=121)
	        Sort Key: c
	        ->  Index Scan using sbtest4_pkey on sbtest4  (cost=0.43..3762.98 rows=963 width=121)
	              Index Cond: ((id >= 8515504) AND (id <= 8516503))

table 5 : explain SELECT DISTINCT c FROM sbtest5 WHERE id BETWEEN 4374607 AND 4375606 ORDER BY c
	Unique  (cost=3962.05..3967.09 rows=1008 width=121)
	  ->  Sort  (cost=3962.05..3964.57 rows=1008 width=121)
	        Sort Key: c
	        ->  Bitmap Heap Scan on sbtest5  (cost=34.77..3911.77 rows=1008 width=121)
	              Recheck Cond: ((id >= 4374607) AND (id <= 4375606))
	              ->  Bitmap Index Scan on sbtest5_pkey  (cost=0.00..34.52 rows=1008 width=0)
	                    Index Cond: ((id >= 4374607) AND (id <= 4375606))

table 6 : explain SELECT DISTINCT c FROM sbtest6 WHERE id BETWEEN 8808371 AND 8809370 ORDER BY c
	Unique  (cost=4035.37..4040.50 rows=1027 width=121)
	  ->  Sort  (cost=4035.37..4037.94 rows=1027 width=121)
	        Sort Key: c
	        ->  Bitmap Heap Scan on sbtest6  (cost=34.96..3984.00 rows=1027 width=121)
	              Recheck Cond: ((id >= 8808371) AND (id <= 8809370))
	              ->  Bitmap Index Scan on sbtest6_pkey  (cost=0.00..34.70 rows=1027 width=0)
	                    Index Cond: ((id >= 8808371) AND (id <= 8809370))

table 7 : explain SELECT DISTINCT c FROM sbtest7 WHERE id BETWEEN 8524873 AND 8525872 ORDER BY c
	Unique  (cost=3720.11..3724.79 rows=937 width=121)
	  ->  Sort  (cost=3720.11..3722.45 rows=937 width=121)
	        Sort Key: c
	        ->  Index Scan using sbtest7_pkey on sbtest7  (cost=0.43..3673.86 rows=937 width=121)
	              Index Cond: ((id >= 8524873) AND (id <= 8525872))

table 8 : explain SELECT DISTINCT c FROM sbtest8 WHERE id BETWEEN 1791390 AND 1792389 ORDER BY c
	Unique  (cost=3962.64..3967.68 rows=1008 width=121)
	  ->  Sort  (cost=3962.64..3965.16 rows=1008 width=121)
	        Sort Key: c
	        ->  Bitmap Heap Scan on sbtest8  (cost=34.77..3912.36 rows=1008 width=121)
	              Recheck Cond: ((id >= 1791390) AND (id <= 1792389))
	              ->  Bitmap Index Scan on sbtest8_pkey  (cost=0.00..34.52 rows=1008 width=0)
	                    Index Cond: ((id >= 1791390) AND (id <= 1792389))
for: distinct_ranges
table 1 : explain SELECT DISTINCT c FROM sbtest1 WHERE id BETWEEN 557894 AND 558893 ORDER BY c
	Unique  (cost=4066.40..4071.58 rows=1037 width=121)
	  ->  Sort  (cost=4066.40..4068.99 rows=1037 width=121)
	        Sort Key: c
	        ->  Bitmap Heap Scan on sbtest1  (cost=35.06..4014.46 rows=1037 width=121)
	              Recheck Cond: ((id >= 557894) AND (id <= 558893))
	              ->  Bitmap Index Scan on sbtest1_pkey  (cost=0.00..34.81 rows=1037 width=0)
	                    Index Cond: ((id >= 557894) AND (id <= 558893))

table 2 : explain SELECT DISTINCT c FROM sbtest2 WHERE id BETWEEN 822429 AND 823428 ORDER BY c
	Unique  (cost=3675.81..3680.48 rows=934 width=121)
	  ->  Sort  (cost=3675.81..3678.15 rows=934 width=121)
	        Sort Key: c
	        ->  Bitmap Heap Scan on sbtest2  (cost=34.01..3629.73 rows=934 width=121)
	              Recheck Cond: ((id >= 822429) AND (id <= 823428))
	              ->  Bitmap Index Scan on sbtest2_pkey  (cost=0.00..33.78 rows=934 width=0)
	                    Index Cond: ((id >= 822429) AND (id <= 823428))

table 3 : explain SELECT DISTINCT c FROM sbtest3 WHERE id BETWEEN 5078077 AND 5079076 ORDER BY c
	Unique  (cost=3613.55..3618.14 rows=918 width=121)
	  ->  Sort  (cost=3613.55..3615.85 rows=918 width=121)
	        Sort Key: c
	        ->  Bitmap Heap Scan on sbtest3  (cost=33.84..3568.38 rows=918 width=121)
	              Recheck Cond: ((id >= 5078077) AND (id <= 5079076))
	              ->  Bitmap Index Scan on sbtest3_pkey  (cost=0.00..33.62 rows=918 width=0)
	                    Index Cond: ((id >= 5078077) AND (id <= 5079076))

table 4 : explain SELECT DISTINCT c FROM sbtest4 WHERE id BETWEEN 7691947 AND 7692946 ORDER BY c
	Unique  (cost=4212.89..4218.22 rows=1065 width=121)
	  ->  Sort  (cost=4212.89..4215.55 rows=1065 width=121)
	        Sort Key: c
	        ->  Index Scan using sbtest4_pkey on sbtest4  (cost=0.43..4159.34 rows=1065 width=121)
	              Index Cond: ((id >= 7691947) AND (id <= 7692946))

table 5 : explain SELECT DISTINCT c FROM sbtest5 WHERE id BETWEEN 2345772 AND 2346771 ORDER BY c
	Unique  (cost=3797.05..3801.87 rows=965 width=121)
	  ->  Sort  (cost=3797.05..3799.46 rows=965 width=121)
	        Sort Key: c
	        ->  Bitmap Heap Scan on sbtest5  (cost=34.33..3749.21 rows=965 width=121)
	              Recheck Cond: ((id >= 2345772) AND (id <= 2346771))
	              ->  Bitmap Index Scan on sbtest5_pkey  (cost=0.00..34.09 rows=965 width=0)
	                    Index Cond: ((id >= 2345772) AND (id <= 2346771))

table 6 : explain SELECT DISTINCT c FROM sbtest6 WHERE id BETWEEN 3711533 AND 3712532 ORDER BY c
	Unique  (cost=3977.86..3982.92 rows=1012 width=121)
	  ->  Sort  (cost=3977.86..3980.39 rows=1012 width=121)
	        Sort Key: c
	        ->  Bitmap Heap Scan on sbtest6  (cost=34.81..3927.34 rows=1012 width=121)
	              Recheck Cond: ((id >= 3711533) AND (id <= 3712532))
	              ->  Bitmap Index Scan on sbtest6_pkey  (cost=0.00..34.56 rows=1012 width=0)
	                    Index Cond: ((id >= 3711533) AND (id <= 3712532))

table 7 : explain SELECT DISTINCT c FROM sbtest7 WHERE id BETWEEN 4738358 AND 4739357 ORDER BY c
	Unique  (cost=4062.42..4067.59 rows=1034 width=121)
	  ->  Sort  (cost=4062.42..4065.00 rows=1034 width=121)
	        Sort Key: c
	        ->  Bitmap Heap Scan on sbtest7  (cost=35.03..4010.65 rows=1034 width=121)
	              Recheck Cond: ((id >= 4738358) AND (id <= 4739357))
	              ->  Bitmap Index Scan on sbtest7_pkey  (cost=0.00..34.78 rows=1034 width=0)
	                    Index Cond: ((id >= 4738358) AND (id <= 4739357))

table 8 : explain SELECT DISTINCT c FROM sbtest8 WHERE id BETWEEN 2706772 AND 2707771 ORDER BY c
	Unique  (cost=4540.74..4546.53 rows=1158 width=121)
	  ->  Sort  (cost=4540.74..4543.64 rows=1158 width=121)
	        Sort Key: c
	        ->  Bitmap Heap Scan on sbtest8  (cost=40.30..4481.82 rows=1158 width=121)
	              Recheck Cond: ((id >= 2706772) AND (id <= 2707771))
	              ->  Bitmap Index Scan on sbtest8_pkey  (cost=0.00..40.02 rows=1158 width=0)
	                    Index Cond: ((id >= 2706772) AND (id <= 2707771))


for: sum_ranges
table 1 : explain SELECT SUM(k) FROM sbtest1 WHERE id BETWEEN 6554718 AND 6555717
	Aggregate  (cost=3662.39..3662.40 rows=1 width=8)
	  ->  Bitmap Heap Scan on sbtest1  (cost=34.10..3660.04 rows=943 width=4)
	        Recheck Cond: ((id >= 6554718) AND (id <= 6555717))
	        ->  Bitmap Index Scan on sbtest1_pkey  (cost=0.00..33.87 rows=943 width=0)
	              Index Cond: ((id >= 6554718) AND (id <= 6555717))

table 2 : explain SELECT SUM(k) FROM sbtest2 WHERE id BETWEEN 2860694 AND 2861693
	Aggregate  (cost=4051.54..4051.55 rows=1 width=8)
	  ->  Bitmap Heap Scan on sbtest2  (cost=35.15..4048.93 rows=1045 width=4)
	        Recheck Cond: ((id >= 2860694) AND (id <= 2861693))
	        ->  Bitmap Index Scan on sbtest2_pkey  (cost=0.00..34.89 rows=1045 width=0)
	              Index Cond: ((id >= 2860694) AND (id <= 2861693))

table 3 : explain SELECT SUM(k) FROM sbtest3 WHERE id BETWEEN 1814669 AND 1815668
	Aggregate  (cost=4122.20..4122.21 rows=1 width=8)
	  ->  Bitmap Heap Scan on sbtest3  (cost=35.34..4119.54 rows=1064 width=4)
	        Recheck Cond: ((id >= 1814669) AND (id <= 1815668))
	        ->  Bitmap Index Scan on sbtest3_pkey  (cost=0.00..35.08 rows=1064 width=0)
	              Index Cond: ((id >= 1814669) AND (id <= 1815668))

table 4 : explain SELECT SUM(k) FROM sbtest4 WHERE id BETWEEN 8150480 AND 8151479
	Aggregate  (cost=4196.99..4197.00 rows=1 width=8)
	  ->  Index Scan using sbtest4_pkey on sbtest4  (cost=0.43..4194.30 rows=1074 width=4)
	        Index Cond: ((id >= 8150480) AND (id <= 8151479))

table 5 : explain SELECT SUM(k) FROM sbtest5 WHERE id BETWEEN 2222328 AND 2223327
	Aggregate  (cost=4001.20..4001.21 rows=1 width=8)
	  ->  Bitmap Heap Scan on sbtest5  (cost=35.00..3998.63 rows=1031 width=4)
	        Recheck Cond: ((id >= 2222328) AND (id <= 2223327))
	        ->  Bitmap Index Scan on sbtest5_pkey  (cost=0.00..34.75 rows=1031 width=0)
	              Index Cond: ((id >= 2222328) AND (id <= 2223327))

table 6 : explain SELECT SUM(k) FROM sbtest6 WHERE id BETWEEN 6625482 AND 6626481
	Aggregate  (cost=4201.75..4201.76 rows=1 width=8)
	  ->  Bitmap Heap Scan on sbtest6  (cost=35.55..4199.04 rows=1084 width=4)
	        Recheck Cond: ((id >= 6625482) AND (id <= 6626481))
	        ->  Bitmap Index Scan on sbtest6_pkey  (cost=0.00..35.28 rows=1084 width=0)
	              Index Cond: ((id >= 6625482) AND (id <= 6626481))

table 7 : explain SELECT SUM(k) FROM sbtest7 WHERE id BETWEEN 3596838 AND 3597837
	Aggregate  (cost=3855.68..3855.69 rows=1 width=8)
	  ->  Index Scan using sbtest7_pkey on sbtest7  (cost=0.43..3853.22 rows=983 width=4)
	        Index Cond: ((id >= 3596838) AND (id <= 3597837))

table 8 : explain SELECT SUM(k) FROM sbtest8 WHERE id BETWEEN 5260658 AND 5261657
	Aggregate  (cost=3625.93..3625.94 rows=1 width=8)
	  ->  Index Scan using sbtest8_pkey on sbtest8  (cost=0.43..3623.62 rows=923 width=4)
	        Index Cond: ((id >= 5260658) AND (id <= 5261657))

for point_selects
table 1 : explain SELECT c FROM sbtest1 WHERE id=9018258
	Index Scan using sbtest1_pkey on sbtest1  (cost=0.43..8.45 rows=1 width=121)
	  Index Cond: (id = 9018258)

table 2 : explain SELECT c FROM sbtest2 WHERE id=8846512
	Index Scan using sbtest2_pkey on sbtest2  (cost=0.43..8.45 rows=1 width=121)
	  Index Cond: (id = 8846512)

table 3 : explain SELECT c FROM sbtest3 WHERE id=9517426
	Index Scan using sbtest3_pkey on sbtest3  (cost=0.43..8.45 rows=1 width=121)
	  Index Cond: (id = 9517426)

table 4 : explain SELECT c FROM sbtest4 WHERE id=5251421
	Index Scan using sbtest4_pkey on sbtest4  (cost=0.43..8.45 rows=1 width=121)
	  Index Cond: (id = 5251421)

table 5 : explain SELECT c FROM sbtest5 WHERE id=2308223
	Index Scan using sbtest5_pkey on sbtest5  (cost=0.43..8.45 rows=1 width=121)
	  Index Cond: (id = 2308223)

table 6 : explain SELECT c FROM sbtest6 WHERE id=7660564
	Index Scan using sbtest6_pkey on sbtest6  (cost=0.43..8.45 rows=1 width=121)
	  Index Cond: (id = 7660564)

table 7 : explain SELECT c FROM sbtest7 WHERE id=8608442
	Index Scan using sbtest7_pkey on sbtest7  (cost=0.43..8.45 rows=1 width=121)
	  Index Cond: (id = 8608442)

table 8 : explain SELECT c FROM sbtest8 WHERE id=9047770
	Index Scan using sbtest8_pkey on sbtest8  (cost=0.43..8.45 rows=1 width=121)
	  Index Cond: (id = 9047770)

for: distinct_ranges
table 1 : explain SELECT DISTINCT c FROM sbtest1 WHERE id BETWEEN 8511582 AND 8512581 ORDER BY c
	Unique  (cost=3859.85..3864.77 rows=983 width=121)
	  ->  Sort  (cost=3859.85..3862.31 rows=983 width=121)
	        Sort Key: c
	        ->  Bitmap Heap Scan on sbtest1  (cost=34.51..3810.99 rows=983 width=121)
	              Recheck Cond: ((id >= 8511582) AND (id <= 8512581))
	              ->  Bitmap Index Scan on sbtest1_pkey  (cost=0.00..34.27 rows=983 width=0)
	                    Index Cond: ((id >= 8511582) AND (id <= 8512581))

table 2 : explain SELECT DISTINCT c FROM sbtest2 WHERE id BETWEEN 1220923 AND 1221922 ORDER BY c
	Unique  (cost=3863.83..3868.75 rows=983 width=121)
	  ->  Sort  (cost=3863.83..3866.29 rows=983 width=121)
	        Sort Key: c
	        ->  Bitmap Heap Scan on sbtest2  (cost=34.51..3814.97 rows=983 width=121)
	              Recheck Cond: ((id >= 1220923) AND (id <= 1221922))
	              ->  Bitmap Index Scan on sbtest2_pkey  (cost=0.00..34.27 rows=983 width=0)
	                    Index Cond: ((id >= 1220923) AND (id <= 1221922))

table 3 : explain SELECT DISTINCT c FROM sbtest3 WHERE id BETWEEN 9628727 AND 9629726 ORDER BY c
	Unique  (cost=3962.57..3967.61 rows=1009 width=121)
	  ->  Sort  (cost=3962.57..3965.09 rows=1009 width=121)
	        Sort Key: c
	        ->  Bitmap Heap Scan on sbtest3  (cost=34.78..3912.22 rows=1009 width=121)
	              Recheck Cond: ((id >= 9628727) AND (id <= 9629726))
	              ->  Bitmap Index Scan on sbtest3_pkey  (cost=0.00..34.53 rows=1009 width=0)
	                    Index Cond: ((id >= 9628727) AND (id <= 9629726))

table 4 : explain SELECT DISTINCT c FROM sbtest4 WHERE id BETWEEN 785757 AND 786756 ORDER BY c
	Unique  (cost=3700.30..3704.98 rows=935 width=121)
	  ->  Sort  (cost=3700.30..3702.64 rows=935 width=121)
	        Sort Key: c
	        ->  Index Scan using sbtest4_pkey on sbtest4  (cost=0.43..3654.16 rows=935 width=121)
	              Index Cond: ((id >= 785757) AND (id <= 786756))

table 5 : explain SELECT DISTINCT c FROM sbtest5 WHERE id BETWEEN 5698707 AND 5699706 ORDER BY c
	Unique  (cost=3804.73..3809.56 rows=967 width=121)
	  ->  Sort  (cost=3804.73..3807.14 rows=967 width=121)
	        Sort Key: c
	        ->  Bitmap Heap Scan on sbtest5  (cost=34.35..3756.77 rows=967 width=121)
	              Recheck Cond: ((id >= 5698707) AND (id <= 5699706))
	              ->  Bitmap Index Scan on sbtest5_pkey  (cost=0.00..34.11 rows=967 width=0)
	                    Index Cond: ((id >= 5698707) AND (id <= 5699706))

table 6 : explain SELECT DISTINCT c FROM sbtest6 WHERE id BETWEEN 9751318 AND 9752317 ORDER BY c
	Unique  (cost=3785.95..3790.76 rows=962 width=121)
	  ->  Sort  (cost=3785.95..3788.36 rows=962 width=121)
	        Sort Key: c
	        ->  Bitmap Heap Scan on sbtest6  (cost=34.30..3738.29 rows=962 width=121)
	              Recheck Cond: ((id >= 9751318) AND (id <= 9752317))
	              ->  Bitmap Index Scan on sbtest6_pkey  (cost=0.00..34.06 rows=962 width=0)
	                    Index Cond: ((id >= 9751318) AND (id <= 9752317))

table 7 : explain SELECT DISTINCT c FROM sbtest7 WHERE id BETWEEN 2177230 AND 2178229 ORDER BY c
	Unique  (cost=3977.22..3982.23 rows=1002 width=121)
	  ->  Sort  (cost=3977.22..3979.73 rows=1002 width=121)
	        Sort Key: c
	        ->  Index Scan using sbtest7_pkey on sbtest7  (cost=0.43..3927.28 rows=1002 width=121)
	              Index Cond: ((id >= 2177230) AND (id <= 2178229))

table 8 : explain SELECT DISTINCT c FROM sbtest8 WHERE id BETWEEN 3539059 AND 3540058 ORDER BY c
	Unique  (cost=4429.95..4435.59 rows=1129 width=121)
	  ->  Sort  (cost=4429.95..4432.77 rows=1129 width=121)
	        Sort Key: c
	        ->  Bitmap Heap Scan on sbtest8  (cost=40.01..4372.70 rows=1129 width=121)
	              Recheck Cond: ((id >= 3539059) AND (id <= 3540058))
	              ->  Bitmap Index Scan on sbtest8_pkey  (cost=0.00..39.73 rows=1129 width=0)
	                    Index Cond: ((id >= 3539059) AND (id <= 3540058))

for point_selects
table 1 : explain SELECT c FROM sbtest1 WHERE id=1232360
	Index Scan using sbtest1_pkey on sbtest1  (cost=0.43..8.45 rows=1 width=121)
	  Index Cond: (id = 1232360)

table 2 : explain SELECT c FROM sbtest2 WHERE id=9848833
	Index Scan using sbtest2_pkey on sbtest2  (cost=0.43..8.45 rows=1 width=121)
	  Index Cond: (id = 9848833)

table 3 : explain SELECT c FROM sbtest3 WHERE id=271352
	Index Scan using sbtest3_pkey on sbtest3  (cost=0.43..8.45 rows=1 width=121)
	  Index Cond: (id = 271352)

table 4 : explain SELECT c FROM sbtest4 WHERE id=2419437
	Index Scan using sbtest4_pkey on sbtest4  (cost=0.43..8.45 rows=1 width=121)
	  Index Cond: (id = 2419437)

table 5 : explain SELECT c FROM sbtest5 WHERE id=6586892
	Index Scan using sbtest5_pkey on sbtest5  (cost=0.43..8.45 rows=1 width=121)
	  Index Cond: (id = 6586892)

table 6 : explain SELECT c FROM sbtest6 WHERE id=1018936
	Index Scan using sbtest6_pkey on sbtest6  (cost=0.43..8.45 rows=1 width=121)
	  Index Cond: (id = 1018936)

table 7 : explain SELECT c FROM sbtest7 WHERE id=8468944
	Index Scan using sbtest7_pkey on sbtest7  (cost=0.43..8.45 rows=1 width=121)
	  Index Cond: (id = 8468944)

table 8 : explain SELECT c FROM sbtest8 WHERE id=2678193
	Index Scan using sbtest8_pkey on sbtest8  (cost=0.43..8.45 rows=1 width=121)
	  Index Cond: (id = 2678193)

for: sum_ranges
table 1 : explain SELECT SUM(k) FROM sbtest1 WHERE id BETWEEN 5445895 AND 5446894
	Aggregate  (cost=4114.94..4114.95 rows=1 width=8)
	  ->  Bitmap Heap Scan on sbtest1  (cost=35.33..4112.29 rows=1063 width=4)
	        Recheck Cond: ((id >= 5445895) AND (id <= 5446894))
	        ->  Bitmap Index Scan on sbtest1_pkey  (cost=0.00..35.07 rows=1063 width=0)
	              Index Cond: ((id >= 5445895) AND (id <= 5446894))

table 2 : explain SELECT SUM(k) FROM sbtest2 WHERE id BETWEEN 5252945 AND 5253944
	Aggregate  (cost=3643.42..3643.43 rows=1 width=8)
	  ->  Bitmap Heap Scan on sbtest2  (cost=34.04..3641.08 rows=937 width=4)
	        Recheck Cond: ((id >= 5252945) AND (id <= 5253944))
	        ->  Bitmap Index Scan on sbtest2_pkey  (cost=0.00..33.81 rows=937 width=0)
	              Index Cond: ((id >= 5252945) AND (id <= 5253944))

table 3 : explain SELECT SUM(k) FROM sbtest3 WHERE id BETWEEN 2852431 AND 2853430
	Aggregate  (cost=4186.24..4186.25 rows=1 width=8)
	  ->  Bitmap Heap Scan on sbtest3  (cost=35.52..4183.54 rows=1081 width=4)
	        Recheck Cond: ((id >= 2852431) AND (id <= 2853430))
	        ->  Bitmap Index Scan on sbtest3_pkey  (cost=0.00..35.25 rows=1081 width=0)
	              Index Cond: ((id >= 2852431) AND (id <= 2853430))

table 4 : explain SELECT SUM(k) FROM sbtest4 WHERE id BETWEEN 38355 AND 39354
	Aggregate  (cost=4088.11..4088.12 rows=1 width=8)
	  ->  Index Scan using sbtest4_pkey on sbtest4  (cost=0.43..4085.49 rows=1046 width=4)
	        Index Cond: ((id >= 38355) AND (id <= 39354))

table 5 : explain SELECT SUM(k) FROM sbtest5 WHERE id BETWEEN 110934 AND 111933
	Aggregate  (cost=4310.79..4310.80 rows=1 width=8)
	  ->  Bitmap Heap Scan on sbtest5  (cost=39.83..4308.01 rows=1112 width=4)
	        Recheck Cond: ((id >= 110934) AND (id <= 111933))
	        ->  Bitmap Index Scan on sbtest5_pkey  (cost=0.00..39.56 rows=1112 width=0)
	              Index Cond: ((id >= 110934) AND (id <= 111933))

table 6 : explain SELECT SUM(k) FROM sbtest6 WHERE id BETWEEN 9406909 AND 9407908
	Aggregate  (cost=3831.54..3831.55 rows=1 width=8)
	  ->  Bitmap Heap Scan on sbtest6  (cost=34.54..3829.07 rows=986 width=4)
	        Recheck Cond: ((id >= 9406909) AND (id <= 9407908))
	        ->  Bitmap Index Scan on sbtest6_pkey  (cost=0.00..34.30 rows=986 width=0)
	              Index Cond: ((id >= 9406909) AND (id <= 9407908))

table 7 : explain SELECT SUM(k) FROM sbtest7 WHERE id BETWEEN 4944287 AND 4945286
	Aggregate  (cost=4039.68..4039.69 rows=1 width=8)
	  ->  Bitmap Heap Scan on sbtest7  (cost=35.11..4037.07 rows=1041 width=4)
	        Recheck Cond: ((id >= 4944287) AND (id <= 4945286))
	        ->  Bitmap Index Scan on sbtest7_pkey  (cost=0.00..34.84 rows=1041 width=0)
	              Index Cond: ((id >= 4944287) AND (id <= 4945286))

table 8 : explain SELECT SUM(k) FROM sbtest8 WHERE id BETWEEN 8627180 AND 8628179
	Aggregate  (cost=3684.50..3684.51 rows=1 width=8)
	  ->  Index Scan using sbtest8_pkey on sbtest8  (cost=0.43..3682.16 rows=938 width=4)
	        Index Cond: ((id >= 8627180) AND (id <= 8628179))

for point_selects
table 1 : explain SELECT c FROM sbtest1 WHERE id=3971628
	Index Scan using sbtest1_pkey on sbtest1  (cost=0.43..8.45 rows=1 width=121)
	  Index Cond: (id = 3971628)

table 2 : explain SELECT c FROM sbtest2 WHERE id=7698270
	Index Scan using sbtest2_pkey on sbtest2  (cost=0.43..8.45 rows=1 width=121)
	  Index Cond: (id = 7698270)

table 3 : explain SELECT c FROM sbtest3 WHERE id=2085587
	Index Scan using sbtest3_pkey on sbtest3  (cost=0.43..8.45 rows=1 width=121)
	  Index Cond: (id = 2085587)

table 4 : explain SELECT c FROM sbtest4 WHERE id=2890915
	Index Scan using sbtest4_pkey on sbtest4  (cost=0.43..8.45 rows=1 width=121)
	  Index Cond: (id = 2890915)

table 5 : explain SELECT c FROM sbtest5 WHERE id=7732864
	Index Scan using sbtest5_pkey on sbtest5  (cost=0.43..8.45 rows=1 width=121)
	  Index Cond: (id = 7732864)

table 6 : explain SELECT c FROM sbtest6 WHERE id=4351428
	Index Scan using sbtest6_pkey on sbtest6  (cost=0.43..8.45 rows=1 width=121)
	  Index Cond: (id = 4351428)

table 7 : explain SELECT c FROM sbtest7 WHERE id=4778185
	Index Scan using sbtest7_pkey on sbtest7  (cost=0.43..8.45 rows=1 width=121)
	  Index Cond: (id = 4778185)

table 8 : explain SELECT c FROM sbtest8 WHERE id=9986872
	Index Scan using sbtest8_pkey on sbtest8  (cost=0.43..8.45 rows=1 width=121)
	  Index Cond: (id = 9986872)

explain: for point_selects :: explain SELECT c FROM sbtest%u WHERE id=%u
explain: for point_selects :: explain SELECT c FROM sbtest%u WHERE id=%u
explain: for point_selects :: explain SELECT c FROM sbtest%u WHERE id=%u
explain: for point_selects :: explain SELECT c FROM sbtest%u WHERE id=%u
for: order_ranges
table 1 : explain SELECT c FROM sbtest1 WHERE id BETWEEN 774408 AND 775407 ORDER BY c
	Sort  (cost=3894.30..3896.78 rows=992 width=121)
	  Sort Key: c
	  ->  Bitmap Heap Scan on sbtest1  (cost=34.60..3844.93 rows=992 width=121)
	        Recheck Cond: ((id >= 774408) AND (id <= 775407))
	        ->  Bitmap Index Scan on sbtest1_pkey  (cost=0.00..34.36 rows=992 width=0)
	              Index Cond: ((id >= 774408) AND (id <= 775407))

table 2 : explain SELECT c FROM sbtest2 WHERE id BETWEEN 740133 AND 741132 ORDER BY c
	Sort  (cost=3963.49..3966.01 rows=1009 width=121)
	  Sort Key: c
	  ->  Bitmap Heap Scan on sbtest2  (cost=34.78..3913.14 rows=1009 width=121)
	        Recheck Cond: ((id >= 740133) AND (id <= 741132))
	        ->  Bitmap Index Scan on sbtest2_pkey  (cost=0.00..34.53 rows=1009 width=0)
	              Index Cond: ((id >= 740133) AND (id <= 741132))

table 3 : explain SELECT c FROM sbtest3 WHERE id BETWEEN 8857793 AND 8858792 ORDER BY c
	Sort  (cost=4088.89..4091.49 rows=1042 width=121)
	  Sort Key: c
	  ->  Bitmap Heap Scan on sbtest3  (cost=35.12..4036.66 rows=1042 width=121)
	        Recheck Cond: ((id >= 8857793) AND (id <= 8858792))
	        ->  Bitmap Index Scan on sbtest3_pkey  (cost=0.00..34.86 rows=1042 width=0)
	              Index Cond: ((id >= 8857793) AND (id <= 8858792))

table 4 : explain SELECT c FROM sbtest4 WHERE id BETWEEN 6729019 AND 6730018 ORDER BY c
	Sort  (cost=4023.60..4026.14 rows=1017 width=121)
	  Sort Key: c
	  ->  Index Scan using sbtest4_pkey on sbtest4  (cost=0.43..3972.80 rows=1017 width=121)
	        Index Cond: ((id >= 6729019) AND (id <= 6730018))

table 5 : explain SELECT c FROM sbtest5 WHERE id BETWEEN 9112417 AND 9113416 ORDER BY c
	Sort  (cost=3804.73..3807.14 rows=967 width=121)
	  Sort Key: c
	  ->  Bitmap Heap Scan on sbtest5  (cost=34.35..3756.77 rows=967 width=121)
	        Recheck Cond: ((id >= 9112417) AND (id <= 9113416))
	        ->  Bitmap Index Scan on sbtest5_pkey  (cost=0.00..34.11 rows=967 width=0)
	              Index Cond: ((id >= 9112417) AND (id <= 9113416))

table 6 : explain SELECT c FROM sbtest6 WHERE id BETWEEN 5322679 AND 5323678 ORDER BY c
	Sort  (cost=3851.23..3853.68 rows=979 width=121)
	  Sort Key: c
	  ->  Bitmap Heap Scan on sbtest6  (cost=34.47..3802.60 rows=979 width=121)
	        Recheck Cond: ((id >= 5322679) AND (id <= 5323678))
	        ->  Bitmap Index Scan on sbtest6_pkey  (cost=0.00..34.23 rows=979 width=0)
	              Index Cond: ((id >= 5322679) AND (id <= 5323678))

table 7 : explain SELECT c FROM sbtest7 WHERE id BETWEEN 9559339 AND 9560338 ORDER BY c
	Sort  (cost=3613.31..3615.59 rows=910 width=121)
	  Sort Key: c
	  ->  Index Scan using sbtest7_pkey on sbtest7  (cost=0.43..3568.59 rows=910 width=121)
	        Index Cond: ((id >= 9559339) AND (id <= 9560338))

table 8 : explain SELECT c FROM sbtest8 WHERE id BETWEEN 2637089 AND 2638088 ORDER BY c
	Sort  (cost=3787.88..3790.27 rows=953 width=121)
	  Sort Key: c
	  ->  Index Scan using sbtest8_pkey on sbtest8  (cost=0.43..3740.73 rows=953 width=121)
	        Index Cond: ((id >= 2637089) AND (id <= 2638088))

explain: for point_selects :: explain SELECT c FROM sbtest%u WHERE id=%u
for: simple_ranges
table 1 : explain SELECT c FROM sbtest1 WHERE id BETWEEN 1951559 AND 1952558
	Bitmap Heap Scan on sbtest1  (cost=34.73..3890.16 rows=1004 width=121)
	  Recheck Cond: ((id >= 1951559) AND (id <= 1952558))
	  ->  Bitmap Index Scan on sbtest1_pkey  (cost=0.00..34.48 rows=1004 width=0)
	        Index Cond: ((id >= 1951559) AND (id <= 1952558))

table 2 : explain SELECT c FROM sbtest2 WHERE id BETWEEN 9291079 AND 9292078
	Bitmap Heap Scan on sbtest2  (cost=40.34..4485.67 rows=1161 width=121)
	  Recheck Cond: ((id >= 9291079) AND (id <= 9292078))
	  ->  Bitmap Index Scan on sbtest2_pkey  (cost=0.00..40.05 rows=1161 width=0)
	        Index Cond: ((id >= 9291079) AND (id <= 9292078))

table 3 : explain SELECT c FROM sbtest3 WHERE id BETWEEN 8110950 AND 8111949
	Bitmap Heap Scan on sbtest3  (cost=34.20..3700.75 rows=953 width=121)
	  Recheck Cond: ((id >= 8110950) AND (id <= 8111949))
	  ->  Bitmap Index Scan on sbtest3_pkey  (cost=0.00..33.97 rows=953 width=0)
	        Index Cond: ((id >= 8110950) AND (id <= 8111949))

table 4 : explain SELECT c FROM sbtest4 WHERE id BETWEEN 2299745 AND 2300744
	Index Scan using sbtest4_pkey on sbtest4  (cost=0.43..4108.84 rows=1052 width=121)
	  Index Cond: ((id >= 2299745) AND (id <= 2300744))

table 5 : explain SELECT c FROM sbtest5 WHERE id BETWEEN 4067120 AND 4068119
	Bitmap Heap Scan on sbtest5  (cost=35.54..4194.76 rows=1083 width=121)
	  Recheck Cond: ((id >= 4067120) AND (id <= 4068119))
	  ->  Bitmap Index Scan on sbtest5_pkey  (cost=0.00..35.27 rows=1083 width=0)
	        Index Cond: ((id >= 4067120) AND (id <= 4068119))

table 6 : explain SELECT c FROM sbtest6 WHERE id BETWEEN 7054725 AND 7055724
	Bitmap Heap Scan on sbtest6  (cost=34.74..3900.89 rows=1005 width=121)
	  Recheck Cond: ((id >= 7054725) AND (id <= 7055724))
	  ->  Bitmap Index Scan on sbtest6_pkey  (cost=0.00..34.48 rows=1005 width=0)
	        Index Cond: ((id >= 7054725) AND (id <= 7055724))

table 7 : explain SELECT c FROM sbtest7 WHERE id BETWEEN 9227389 AND 9228388
	Bitmap Heap Scan on sbtest7  (cost=35.19..4067.27 rows=1049 width=121)
	  Recheck Cond: ((id >= 9227389) AND (id <= 9228388))
	  ->  Bitmap Index Scan on sbtest7_pkey  (cost=0.00..34.93 rows=1049 width=0)
	        Index Cond: ((id >= 9227389) AND (id <= 9228388))

table 8 : explain SELECT c FROM sbtest8 WHERE id BETWEEN 8987219 AND 8988218
	Bitmap Heap Scan on sbtest8  (cost=34.57..3840.54 rows=989 width=121)
	  Recheck Cond: ((id >= 8987219) AND (id <= 8988218))
	  ->  Bitmap Index Scan on sbtest8_pkey  (cost=0.00..34.33 rows=989 width=0)
	        Index Cond: ((id >= 8987219) AND (id <= 8988218))

explain: for point_selects :: explain SELECT c FROM sbtest%u WHERE id=%u
for: simple_ranges
table 1 : explain SELECT c FROM sbtest1 WHERE id BETWEEN 577045 AND 578044
	Bitmap Heap Scan on sbtest1  (cost=35.06..4014.46 rows=1037 width=121)
	  Recheck Cond: ((id >= 577045) AND (id <= 578044))
	  ->  Bitmap Index Scan on sbtest1_pkey  (cost=0.00..34.81 rows=1037 width=0)
	        Index Cond: ((id >= 577045) AND (id <= 578044))

table 2 : explain SELECT c FROM sbtest2 WHERE id BETWEEN 1281887 AND 1282886
	Bitmap Heap Scan on sbtest2  (cost=34.51..3814.97 rows=983 width=121)
	  Recheck Cond: ((id >= 1281887) AND (id <= 1282886))
	  ->  Bitmap Index Scan on sbtest2_pkey  (cost=0.00..34.27 rows=983 width=0)
	        Index Cond: ((id >= 1281887) AND (id <= 1282886))

table 3 : explain SELECT c FROM sbtest3 WHERE id BETWEEN 9126517 AND 9127516
	Bitmap Heap Scan on sbtest3  (cost=39.85..4311.68 rows=1114 width=121)
	  Recheck Cond: ((id >= 9126517) AND (id <= 9127516))
	  ->  Bitmap Index Scan on sbtest3_pkey  (cost=0.00..39.58 rows=1114 width=0)
	        Index Cond: ((id >= 9126517) AND (id <= 9127516))

table 4 : explain SELECT c FROM sbtest4 WHERE id BETWEEN 9538315 AND 9539314
	Index Scan using sbtest4_pkey on sbtest4  (cost=0.43..3584.20 rows=917 width=121)
	  Index Cond: ((id >= 9538315) AND (id <= 9539314))

table 5 : explain SELECT c FROM sbtest5 WHERE id BETWEEN 4110013 AND 4111012
	Bitmap Heap Scan on sbtest5  (cost=34.80..3923.10 rows=1011 width=121)
	  Recheck Cond: ((id >= 4110013) AND (id <= 4111012))
	  ->  Bitmap Index Scan on sbtest5_pkey  (cost=0.00..34.55 rows=1011 width=0)
	        Index Cond: ((id >= 4110013) AND (id <= 4111012))

table 6 : explain SELECT c FROM sbtest6 WHERE id BETWEEN 3030099 AND 3031098
	Bitmap Heap Scan on sbtest6  (cost=35.27..4097.23 rows=1057 width=121)
	  Recheck Cond: ((id >= 3030099) AND (id <= 3031098))
	  ->  Bitmap Index Scan on sbtest6_pkey  (cost=0.00..35.01 rows=1057 width=0)
	        Index Cond: ((id >= 3030099) AND (id <= 3031098))

table 7 : explain SELECT c FROM sbtest7 WHERE id BETWEEN 5629684 AND 5630683
	Index Scan using sbtest7_pkey on sbtest7  (cost=0.43..3763.54 rows=960 width=121)
	  Index Cond: ((id >= 5629684) AND (id <= 5630683))

table 8 : explain SELECT c FROM sbtest8 WHERE id BETWEEN 596396 AND 597395
	Bitmap Heap Scan on sbtest8  (cost=34.55..3832.98 rows=987 width=121)
	  Recheck Cond: ((id >= 596396) AND (id <= 597395))
	  ->  Bitmap Index Scan on sbtest8_pkey  (cost=0.00..34.31 rows=987 width=0)
	        Index Cond: ((id >= 596396) AND (id <= 597395))

explain: for point_selects :: explain SELECT c FROM sbtest%u WHERE id=%u
explain: for point_selects :: explain SELECT c FROM sbtest%u WHERE id=%u
for: simple_ranges
table 1 : explain SELECT c FROM sbtest1 WHERE id BETWEEN 6488428 AND 6489427
	Bitmap Heap Scan on sbtest1  (cost=34.10..3660.04 rows=943 width=121)
	  Recheck Cond: ((id >= 6488428) AND (id <= 6489427))
	  ->  Bitmap Index Scan on sbtest1_pkey  (cost=0.00..33.87 rows=943 width=0)
	        Index Cond: ((id >= 6488428) AND (id <= 6489427))

table 2 : explain SELECT c FROM sbtest2 WHERE id BETWEEN 3597075 AND 3598074
	Bitmap Heap Scan on sbtest2  (cost=34.66..3871.62 rows=998 width=121)
	  Recheck Cond: ((id >= 3597075) AND (id <= 3598074))
	  ->  Bitmap Index Scan on sbtest2_pkey  (cost=0.00..34.42 rows=998 width=0)
	        Index Cond: ((id >= 3597075) AND (id <= 3598074))

table 3 : explain SELECT c FROM sbtest3 WHERE id BETWEEN 7125151 AND 7126150
	Bitmap Heap Scan on sbtest3  (cost=35.28..4096.94 rows=1058 width=121)
	  Recheck Cond: ((id >= 7125151) AND (id <= 7126150))
	  ->  Bitmap Index Scan on sbtest3_pkey  (cost=0.00..35.02 rows=1058 width=0)
	        Index Cond: ((id >= 7125151) AND (id <= 7126150))

table 4 : explain SELECT c FROM sbtest4 WHERE id BETWEEN 7598060 AND 7599059
	Index Scan using sbtest4_pkey on sbtest4  (cost=0.43..3976.71 rows=1018 width=121)
	  Index Cond: ((id >= 7598060) AND (id <= 7599059))

table 5 : explain SELECT c FROM sbtest5 WHERE id BETWEEN 7351743 AND 7352742
	Bitmap Heap Scan on sbtest5  (cost=35.51..4183.46 rows=1080 width=121)
	  Recheck Cond: ((id >= 7351743) AND (id <= 7352742))
	  ->  Bitmap Index Scan on sbtest5_pkey  (cost=0.00..35.23 rows=1080 width=0)
	        Index Cond: ((id >= 7351743) AND (id <= 7352742))

table 6 : explain SELECT c FROM sbtest6 WHERE id BETWEEN 1968023 AND 1969022
	Bitmap Heap Scan on sbtest6  (cost=34.52..3821.51 rows=984 width=121)
	  Recheck Cond: ((id >= 1968023) AND (id <= 1969022))
	  ->  Bitmap Index Scan on sbtest6_pkey  (cost=0.00..34.28 rows=984 width=0)
	        Index Cond: ((id >= 1968023) AND (id <= 1969022))

table 7 : explain SELECT c FROM sbtest7 WHERE id BETWEEN 9411675 AND 9412674
	Index Scan using sbtest7_pkey on sbtest7  (cost=0.43..3841.50 rows=980 width=121)
	  Index Cond: ((id >= 9411675) AND (id <= 9412674))

table 8 : explain SELECT c FROM sbtest8 WHERE id BETWEEN 4427778 AND 4428777
	Bitmap Heap Scan on sbtest8  (cost=34.42..3783.81 rows=974 width=121)
	  Recheck Cond: ((id >= 4427778) AND (id <= 4428777))
	  ->  Bitmap Index Scan on sbtest8_pkey  (cost=0.00..34.18 rows=974 width=0)
	        Index Cond: ((id >= 4427778) AND (id <= 4428777))

for: order_ranges
table 1 : explain SELECT c FROM sbtest1 WHERE id BETWEEN 3043621 AND 3044620 ORDER BY c
	Sort  (cost=3947.87..3950.38 rows=1006 width=121)
	  Sort Key: c
	  ->  Bitmap Heap Scan on sbtest1  (cost=34.75..3897.70 rows=1006 width=121)
	        Recheck Cond: ((id >= 3043621) AND (id <= 3044620))
	        ->  Bitmap Index Scan on sbtest1_pkey  (cost=0.00..34.50 rows=1006 width=0)
	              Index Cond: ((id >= 3043621) AND (id <= 3044620))

table 2 : explain SELECT c FROM sbtest2 WHERE id BETWEEN 139733 AND 140732 ORDER BY c
	Sort  (cost=3695.01..3697.36 rows=939 width=121)
	  Sort Key: c
	  ->  Bitmap Heap Scan on sbtest2  (cost=34.06..3648.65 rows=939 width=121)
	        Recheck Cond: ((id >= 139733) AND (id <= 140732))
	        ->  Bitmap Index Scan on sbtest2_pkey  (cost=0.00..33.83 rows=939 width=0)
	              Index Cond: ((id >= 139733) AND (id <= 140732))

table 3 : explain SELECT c FROM sbtest3 WHERE id BETWEEN 8937184 AND 8938183 ORDER BY c
	Sort  (cost=3889.78..3892.25 rows=990 width=121)
	  Sort Key: c
	  ->  Bitmap Heap Scan on sbtest3  (cost=34.58..3840.52 rows=990 width=121)
	        Recheck Cond: ((id >= 8937184) AND (id <= 8938183))
	        ->  Bitmap Index Scan on sbtest3_pkey  (cost=0.00..34.34 rows=990 width=0)
	              Index Cond: ((id >= 8937184) AND (id <= 8938183))

table 4 : explain SELECT c FROM sbtest4 WHERE id BETWEEN 4512883 AND 4513882 ORDER BY c
	Sort  (cost=3688.48..3690.81 rows=932 width=121)
	  Sort Key: c
	  ->  Index Scan using sbtest4_pkey on sbtest4  (cost=0.43..3642.51 rows=932 width=121)
	        Index Cond: ((id >= 4512883) AND (id <= 4513882))

table 5 : explain SELECT c FROM sbtest5 WHERE id BETWEEN 3410704 AND 3411703 ORDER BY c
	Sort  (cost=3916.03..3918.52 rows=996 width=121)
	  Sort Key: c
	  ->  Bitmap Heap Scan on sbtest5  (cost=34.64..3866.43 rows=996 width=121)
	        Recheck Cond: ((id >= 3410704) AND (id <= 3411703))
	        ->  Bitmap Index Scan on sbtest5_pkey  (cost=0.00..34.40 rows=996 width=0)
	              Index Cond: ((id >= 3410704) AND (id <= 3411703))

table 6 : explain SELECT c FROM sbtest6 WHERE id BETWEEN 2709606 AND 2710605 ORDER BY c
	Sort  (cost=3997.03..3999.57 rows=1017 width=121)
	  Sort Key: c
	  ->  Bitmap Heap Scan on sbtest6  (cost=34.86..3946.23 rows=1017 width=121)
	        Recheck Cond: ((id >= 2709606) AND (id <= 2710605))
	        ->  Bitmap Index Scan on sbtest6_pkey  (cost=0.00..34.61 rows=1017 width=0)
	              Index Cond: ((id >= 2709606) AND (id <= 2710605))

table 7 : explain SELECT c FROM sbtest7 WHERE id BETWEEN 4106567 AND 4107566 ORDER BY c
	Sort  (cost=3921.85..3924.32 rows=988 width=121)
	  Sort Key: c
	  ->  Index Scan using sbtest7_pkey on sbtest7  (cost=0.43..3872.71 rows=988 width=121)
	        Index Cond: ((id >= 4106567) AND (id <= 4107566))

table 8 : explain SELECT c FROM sbtest8 WHERE id BETWEEN 7639917 AND 7640916 ORDER BY c
	Sort  (cost=3799.76..3802.15 rows=956 width=121)
	  Sort Key: c
	  ->  Index Scan using sbtest8_pkey on sbtest8  (cost=0.43..3752.43 rows=956 width=121)
	        Index Cond: ((id >= 7639917) AND (id <= 7640916))

for: distinct_ranges
table 1 : explain SELECT DISTINCT c FROM sbtest1 WHERE id BETWEEN 6889162 AND 6890161 ORDER BY c
	Unique  (cost=3817.74..3822.60 rows=972 width=121)
	  ->  Sort  (cost=3817.74..3820.17 rows=972 width=121)
	        Sort Key: c
	        ->  Bitmap Heap Scan on sbtest1  (cost=34.40..3769.50 rows=972 width=121)
	              Recheck Cond: ((id >= 6889162) AND (id <= 6890161))
	              ->  Bitmap Index Scan on sbtest1_pkey  (cost=0.00..34.16 rows=972 width=0)
	                    Index Cond: ((id >= 6889162) AND (id <= 6890161))

table 2 : explain SELECT DISTINCT c FROM sbtest2 WHERE id BETWEEN 2330703 AND 2331702 ORDER BY c
	Unique  (cost=4296.54..4302.02 rows=1095 width=121)
	  ->  Sort  (cost=4296.54..4299.28 rows=1095 width=121)
	        Sort Key: c
	        ->  Bitmap Heap Scan on sbtest2  (cost=39.66..4241.26 rows=1095 width=121)
	              Recheck Cond: ((id >= 2330703) AND (id <= 2331702))
	              ->  Bitmap Index Scan on sbtest2_pkey  (cost=0.00..39.39 rows=1095 width=0)
	                    Index Cond: ((id >= 2330703) AND (id <= 2331702))

table 3 : explain SELECT DISTINCT c FROM sbtest3 WHERE id BETWEEN 1681280 AND 1682279 ORDER BY c
	Unique  (cost=3862.95..3867.86 rows=983 width=121)
	  ->  Sort  (cost=3862.95..3865.41 rows=983 width=121)
	        Sort Key: c
	        ->  Bitmap Heap Scan on sbtest3  (cost=34.51..3814.09 rows=983 width=121)
	              Recheck Cond: ((id >= 1681280) AND (id <= 1682279))
	              ->  Bitmap Index Scan on sbtest3_pkey  (cost=0.00..34.27 rows=983 width=0)
	                    Index Cond: ((id >= 1681280) AND (id <= 1682279))

table 4 : explain SELECT DISTINCT c FROM sbtest4 WHERE id BETWEEN 128504 AND 129503 ORDER BY c
	Unique  (cost=3676.65..3681.30 rows=929 width=121)
	  ->  Sort  (cost=3676.65..3678.97 rows=929 width=121)
	        Sort Key: c
	        ->  Index Scan using sbtest4_pkey on sbtest4  (cost=0.43..3630.85 rows=929 width=121)
	              Index Cond: ((id >= 128504) AND (id <= 129503))

table 5 : explain SELECT DISTINCT c FROM sbtest5 WHERE id BETWEEN 2357 AND 3356 ORDER BY c
	Unique  (cost=3701.01..3705.71 rows=940 width=121)
	  ->  Sort  (cost=3701.01..3703.36 rows=940 width=121)
	        Sort Key: c
	        ->  Bitmap Heap Scan on sbtest5  (cost=34.07..3654.59 rows=940 width=121)
	              Recheck Cond: ((id >= 2357) AND (id <= 3356))
	              ->  Bitmap Index Scan on sbtest5_pkey  (cost=0.00..33.84 rows=940 width=0)
	                    Index Cond: ((id >= 2357) AND (id <= 3356))

table 6 : explain SELECT DISTINCT c FROM sbtest6 WHERE id BETWEEN 7240599 AND 7241598 ORDER BY c
	Unique  (cost=4142.66..4147.94 rows=1055 width=121)
	  ->  Sort  (cost=4142.66..4145.30 rows=1055 width=121)
	        Sort Key: c
	        ->  Bitmap Heap Scan on sbtest6  (cost=35.25..4089.68 rows=1055 width=121)
	              Recheck Cond: ((id >= 7240599) AND (id <= 7241598))
	              ->  Bitmap Index Scan on sbtest6_pkey  (cost=0.00..34.98 rows=1055 width=0)
	                    Index Cond: ((id >= 7240599) AND (id <= 7241598))

table 7 : explain SELECT DISTINCT c FROM sbtest7 WHERE id BETWEEN 4739730 AND 4740729 ORDER BY c
	Unique  (cost=4062.42..4067.59 rows=1034 width=121)
	  ->  Sort  (cost=4062.42..4065.00 rows=1034 width=121)
	        Sort Key: c
	        ->  Bitmap Heap Scan on sbtest7  (cost=35.03..4010.65 rows=1034 width=121)
	              Recheck Cond: ((id >= 4739730) AND (id <= 4740729))
	              ->  Bitmap Index Scan on sbtest7_pkey  (cost=0.00..34.78 rows=1034 width=0)
	                    Index Cond: ((id >= 4739730) AND (id <= 4740729))

table 8 : explain SELECT DISTINCT c FROM sbtest8 WHERE id BETWEEN 8937364 AND 8938363 ORDER BY c
	Unique  (cost=3889.74..3894.69 rows=989 width=121)
	  ->  Sort  (cost=3889.74..3892.22 rows=989 width=121)
	        Sort Key: c
	        ->  Bitmap Heap Scan on sbtest8  (cost=34.57..3840.54 rows=989 width=121)
	              Recheck Cond: ((id >= 8937364) AND (id <= 8938363))
	              ->  Bitmap Index Scan on sbtest8_pkey  (cost=0.00..34.33 rows=989 width=0)
	                    Index Cond: ((id >= 8937364) AND (id <= 8938363))

for: sum_ranges
table 1 : explain SELECT SUM(k) FROM sbtest1 WHERE id BETWEEN 7869262 AND 7870261
	Aggregate  (cost=3583.01..3583.02 rows=1 width=8)
	  ->  Bitmap Heap Scan on sbtest1  (cost=33.89..3580.70 rows=922 width=4)
	        Recheck Cond: ((id >= 7869262) AND (id <= 7870261))
	        ->  Bitmap Index Scan on sbtest1_pkey  (cost=0.00..33.66 rows=922 width=0)
	              Index Cond: ((id >= 7869262) AND (id <= 7870261))

table 2 : explain SELECT SUM(k) FROM sbtest2 WHERE id BETWEEN 9788853 AND 9789852
	Aggregate  (cost=3654.78..3654.79 rows=1 width=8)
	  ->  Bitmap Heap Scan on sbtest2  (cost=34.07..3652.43 rows=940 width=4)
	        Recheck Cond: ((id >= 9788853) AND (id <= 9789852))
	        ->  Bitmap Index Scan on sbtest2_pkey  (cost=0.00..33.84 rows=940 width=0)
	              Index Cond: ((id >= 9788853) AND (id <= 9789852))

table 3 : explain SELECT SUM(k) FROM sbtest3 WHERE id BETWEEN 4598605 AND 4599604
	Aggregate  (cost=3619.89..3619.90 rows=1 width=8)
	  ->  Bitmap Heap Scan on sbtest3  (cost=33.98..3617.56 rows=931 width=4)
	        Recheck Cond: ((id >= 4598605) AND (id <= 4599604))
	        ->  Bitmap Index Scan on sbtest3_pkey  (cost=0.00..33.75 rows=931 width=0)
	              Index Cond: ((id >= 4598605) AND (id <= 4599604))

table 4 : explain SELECT SUM(k) FROM sbtest4 WHERE id BETWEEN 1343712 AND 1344711
	Aggregate  (cost=3983.15..3983.16 rows=1 width=8)
	  ->  Index Scan using sbtest4_pkey on sbtest4  (cost=0.43..3980.60 rows=1019 width=4)
	        Index Cond: ((id >= 1343712) AND (id <= 1344711))

table 5 : explain SELECT SUM(k) FROM sbtest5 WHERE id BETWEEN 5374972 AND 5375971
	Aggregate  (cost=3895.39..3895.40 rows=1 width=8)
	  ->  Bitmap Heap Scan on sbtest5  (cost=34.72..3892.88 rows=1003 width=4)
	        Recheck Cond: ((id >= 5374972) AND (id <= 5375971))
	        ->  Bitmap Index Scan on sbtest5_pkey  (cost=0.00..34.47 rows=1003 width=0)
	              Index Cond: ((id >= 5374972) AND (id <= 5375971))

table 6 : explain SELECT SUM(k) FROM sbtest6 WHERE id BETWEEN 8126903 AND 8127902
	Aggregate  (cost=3918.53..3918.54 rows=1 width=8)
	  ->  Bitmap Heap Scan on sbtest6  (cost=34.78..3916.01 rows=1009 width=4)
	        Recheck Cond: ((id >= 8126903) AND (id <= 8127902))
	        ->  Bitmap Index Scan on sbtest6_pkey  (cost=0.00..34.53 rows=1009 width=0)
	              Index Cond: ((id >= 8126903) AND (id <= 8127902))

table 7 : explain SELECT SUM(k) FROM sbtest7 WHERE id BETWEEN 9601117 AND 9602116
	Aggregate  (cost=4066.11..4066.12 rows=1 width=8)
	  ->  Bitmap Heap Scan on sbtest7  (cost=35.18..4063.49 rows=1048 width=4)
	        Recheck Cond: ((id >= 9601117) AND (id <= 9602116))
	        ->  Bitmap Index Scan on sbtest7_pkey  (cost=0.00..34.92 rows=1048 width=0)
	              Index Cond: ((id >= 9601117) AND (id <= 9602116))

table 8 : explain SELECT SUM(k) FROM sbtest8 WHERE id BETWEEN 7893201 AND 7894200
	Aggregate  (cost=4024.48..4024.49 rows=1 width=8)
	  ->  Bitmap Heap Scan on sbtest8  (cost=35.06..4021.89 rows=1037 width=4)
	        Recheck Cond: ((id >= 7893201) AND (id <= 7894200))
	        ->  Bitmap Index Scan on sbtest8_pkey  (cost=0.00..34.81 rows=1037 width=0)
	              Index Cond: ((id >= 7893201) AND (id <= 7894200))

for: sum_ranges
table 1 : explain SELECT SUM(k) FROM sbtest1 WHERE id BETWEEN 4542529 AND 4543528
	Aggregate  (cost=3990.68..3990.69 rows=1 width=8)
	  ->  Bitmap Heap Scan on sbtest1  (cost=34.99..3988.10 rows=1030 width=4)
	        Recheck Cond: ((id >= 4542529) AND (id <= 4543528))
	        ->  Bitmap Index Scan on sbtest1_pkey  (cost=0.00..34.73 rows=1030 width=0)
	              Index Cond: ((id >= 4542529) AND (id <= 4543528))

table 2 : explain SELECT SUM(k) FROM sbtest2 WHERE id BETWEEN 1445883 AND 1446882
	Aggregate  (cost=3979.85..3979.86 rows=1 width=8)
	  ->  Bitmap Heap Scan on sbtest2  (cost=34.95..3977.28 rows=1026 width=4)
	        Recheck Cond: ((id >= 1445883) AND (id <= 1446882))
	        ->  Bitmap Index Scan on sbtest2_pkey  (cost=0.00..34.70 rows=1026 width=0)
	              Index Cond: ((id >= 1445883) AND (id <= 1446882))

table 3 : explain SELECT SUM(k) FROM sbtest3 WHERE id BETWEEN 1494217 AND 1495216
	Aggregate  (cost=3532.58..3532.59 rows=1 width=8)
	  ->  Bitmap Heap Scan on sbtest3  (cost=29.75..3530.31 rows=909 width=4)
	        Recheck Cond: ((id >= 1494217) AND (id <= 1495216))
	        ->  Bitmap Index Scan on sbtest3_pkey  (cost=0.00..29.52 rows=909 width=0)
	              Index Cond: ((id >= 1494217) AND (id <= 1495216))

table 4 : explain SELECT SUM(k) FROM sbtest4 WHERE id BETWEEN 862553 AND 863552
	Aggregate  (cost=4368.22..4368.23 rows=1 width=8)
	  ->  Index Scan using sbtest4_pkey on sbtest4  (cost=0.43..4365.42 rows=1117 width=4)
	        Index Cond: ((id >= 862553) AND (id <= 863552))

table 5 : explain SELECT SUM(k) FROM sbtest5 WHERE id BETWEEN 570810 AND 571809
	Aggregate  (cost=3501.29..3501.30 rows=1 width=8)
	  ->  Bitmap Heap Scan on sbtest5  (cost=29.66..3499.04 rows=900 width=4)
	        Recheck Cond: ((id >= 570810) AND (id <= 571809))
	        ->  Bitmap Index Scan on sbtest5_pkey  (cost=0.00..29.43 rows=900 width=0)
	              Index Cond: ((id >= 570810) AND (id <= 571809))

table 6 : explain SELECT SUM(k) FROM sbtest6 WHERE id BETWEEN 3971226 AND 3972225
	Aggregate  (cost=4065.89..4065.90 rows=1 width=8)
	  ->  Bitmap Heap Scan on sbtest6  (cost=35.18..4063.27 rows=1048 width=4)
	        Recheck Cond: ((id >= 3971226) AND (id <= 3972225))
	        ->  Bitmap Index Scan on sbtest6_pkey  (cost=0.00..34.92 rows=1048 width=0)
	              Index Cond: ((id >= 3971226) AND (id <= 3972225))

table 7 : explain SELECT SUM(k) FROM sbtest7 WHERE id BETWEEN 4125580 AND 4126579
	Aggregate  (cost=3875.18..3875.19 rows=1 width=8)
	  ->  Index Scan using sbtest7_pkey on sbtest7  (cost=0.43..3872.71 rows=988 width=4)
	        Index Cond: ((id >= 4125580) AND (id <= 4126579))

table 8 : explain SELECT SUM(k) FROM sbtest8 WHERE id BETWEEN 2504971 AND 2505970
	Aggregate  (cost=3877.06..3877.07 rows=1 width=8)
	  ->  Bitmap Heap Scan on sbtest8  (cost=34.66..3874.57 rows=998 width=4)
	        Recheck Cond: ((id >= 2504971) AND (id <= 2505970))
	        ->  Bitmap Index Scan on sbtest8_pkey  (cost=0.00..34.42 rows=998 width=0)
	              Index Cond: ((id >= 2504971) AND (id <= 2505970))

for point_selects
table 1 : explain SELECT c FROM sbtest1 WHERE id=8194156
	Index Scan using sbtest1_pkey on sbtest1  (cost=0.43..8.45 rows=1 width=121)
	  Index Cond: (id = 8194156)

table 2 : explain SELECT c FROM sbtest2 WHERE id=9609957
	Index Scan using sbtest2_pkey on sbtest2  (cost=0.43..8.45 rows=1 width=121)
	  Index Cond: (id = 9609957)

table 3 : explain SELECT c FROM sbtest3 WHERE id=7032377
	Index Scan using sbtest3_pkey on sbtest3  (cost=0.43..8.45 rows=1 width=121)
	  Index Cond: (id = 7032377)

table 4 : explain SELECT c FROM sbtest4 WHERE id=9788167
	Index Scan using sbtest4_pkey on sbtest4  (cost=0.43..8.45 rows=1 width=121)
	  Index Cond: (id = 9788167)

table 5 : explain SELECT c FROM sbtest5 WHERE id=4895969
	Index Scan using sbtest5_pkey on sbtest5  (cost=0.43..8.45 rows=1 width=121)
	  Index Cond: (id = 4895969)

table 6 : explain SELECT c FROM sbtest6 WHERE id=5024476
	Index Scan using sbtest6_pkey on sbtest6  (cost=0.43..8.45 rows=1 width=121)
	  Index Cond: (id = 5024476)

table 7 : explain SELECT c FROM sbtest7 WHERE id=615953
	Index Scan using sbtest7_pkey on sbtest7  (cost=0.43..8.45 rows=1 width=121)
	  Index Cond: (id = 615953)

table 8 : explain SELECT c FROM sbtest8 WHERE id=7145631
	Index Scan using sbtest8_pkey on sbtest8  (cost=0.43..8.45 rows=1 width=121)
	  Index Cond: (id = 7145631)

for point_selects
table 1 : explain SELECT c FROM sbtest1 WHERE id=8424750
	Index Scan using sbtest1_pkey on sbtest1  (cost=0.43..8.45 rows=1 width=121)
	  Index Cond: (id = 8424750)

table 2 : explain SELECT c FROM sbtest2 WHERE id=9108382
	Index Scan using sbtest2_pkey on sbtest2  (cost=0.43..8.45 rows=1 width=121)
	  Index Cond: (id = 9108382)

table 3 : explain SELECT c FROM sbtest3 WHERE id=6220600
	Index Scan using sbtest3_pkey on sbtest3  (cost=0.43..8.45 rows=1 width=121)
	  Index Cond: (id = 6220600)

table 4 : explain SELECT c FROM sbtest4 WHERE id=3694503
	Index Scan using sbtest4_pkey on sbtest4  (cost=0.43..8.45 rows=1 width=121)
	  Index Cond: (id = 3694503)

table 5 : explain SELECT c FROM sbtest5 WHERE id=1179383
	Index Scan using sbtest5_pkey on sbtest5  (cost=0.43..8.45 rows=1 width=121)
	  Index Cond: (id = 1179383)

table 6 : explain SELECT c FROM sbtest6 WHERE id=4633861
	Index Scan using sbtest6_pkey on sbtest6  (cost=0.43..8.45 rows=1 width=121)
	  Index Cond: (id = 4633861)

table 7 : explain SELECT c FROM sbtest7 WHERE id=9148928
	Index Scan using sbtest7_pkey on sbtest7  (cost=0.43..8.45 rows=1 width=121)
	  Index Cond: (id = 9148928)

table 8 : explain SELECT c FROM sbtest8 WHERE id=63599
	Index Scan using sbtest8_pkey on sbtest8  (cost=0.43..8.45 rows=1 width=121)
	  Index Cond: (id = 63599)

for: distinct_ranges
table 1 : explain SELECT DISTINCT c FROM sbtest1 WHERE id BETWEEN 6466300 AND 6467299 ORDER BY c
	Unique  (cost=3706.63..3711.34 rows=943 width=121)
	  ->  Sort  (cost=3706.63..3708.98 rows=943 width=121)
	        Sort Key: c
	        ->  Bitmap Heap Scan on sbtest1  (cost=34.10..3660.04 rows=943 width=121)
	              Recheck Cond: ((id >= 6466300) AND (id <= 6467299))
	              ->  Bitmap Index Scan on sbtest1_pkey  (cost=0.00..33.87 rows=943 width=0)
	                    Index Cond: ((id >= 6466300) AND (id <= 6467299))

table 2 : explain SELECT DISTINCT c FROM sbtest2 WHERE id BETWEEN 1084645 AND 1085644 ORDER BY c
	Unique  (cost=3871.50..3876.43 rows=985 width=121)
	  ->  Sort  (cost=3871.50..3873.96 rows=985 width=121)
	        Sort Key: c
	        ->  Bitmap Heap Scan on sbtest2  (cost=34.53..3822.53 rows=985 width=121)
	              Recheck Cond: ((id >= 1084645) AND (id <= 1085644))
	              ->  Bitmap Index Scan on sbtest2_pkey  (cost=0.00..34.29 rows=985 width=0)
	                    Index Cond: ((id >= 1084645) AND (id <= 1085644))

table 3 : explain SELECT DISTINCT c FROM sbtest3 WHERE id BETWEEN 1644631 AND 1645630 ORDER BY c
	Unique  (cost=3862.95..3867.86 rows=983 width=121)
	  ->  Sort  (cost=3862.95..3865.41 rows=983 width=121)
	        Sort Key: c
	        ->  Bitmap Heap Scan on sbtest3  (cost=34.51..3814.09 rows=983 width=121)
	              Recheck Cond: ((id >= 1644631) AND (id <= 1645630))
	              ->  Bitmap Index Scan on sbtest3_pkey  (cost=0.00..34.27 rows=983 width=0)
	                    Index Cond: ((id >= 1644631) AND (id <= 1645630))

table 4 : explain SELECT DISTINCT c FROM sbtest4 WHERE id BETWEEN 4785034 AND 4786033 ORDER BY c
	Unique  (cost=3530.70..3535.16 rows=893 width=121)
	  ->  Sort  (cost=3530.70..3532.93 rows=893 width=121)
	        Sort Key: c
	        ->  Index Scan using sbtest4_pkey on sbtest4  (cost=0.43..3486.93 rows=893 width=121)
	              Index Cond: ((id >= 4785034) AND (id <= 4786033))

table 5 : explain SELECT DISTINCT c FROM sbtest5 WHERE id BETWEEN 2101220 AND 2102219 ORDER BY c
	Unique  (cost=4019.56..4024.68 rows=1023 width=121)
	  ->  Sort  (cost=4019.56..4022.12 rows=1023 width=121)
	        Sort Key: c
	        ->  Bitmap Heap Scan on sbtest5  (cost=34.92..3968.42 rows=1023 width=121)
	              Recheck Cond: ((id >= 2101220) AND (id <= 2102219))
	              ->  Bitmap Index Scan on sbtest5_pkey  (cost=0.00..34.67 rows=1023 width=0)
	                    Index Cond: ((id >= 2101220) AND (id <= 2102219))

table 6 : explain SELECT DISTINCT c FROM sbtest6 WHERE id BETWEEN 2446144 AND 2447143 ORDER BY c
	Unique  (cost=3655.29..3659.93 rows=928 width=121)
	  ->  Sort  (cost=3655.29..3657.61 rows=928 width=121)
	        Sort Key: c
	        ->  Bitmap Heap Scan on sbtest6  (cost=33.95..3609.55 rows=928 width=121)
	              Recheck Cond: ((id >= 2446144) AND (id <= 2447143))
	              ->  Bitmap Index Scan on sbtest6_pkey  (cost=0.00..33.72 rows=928 width=0)
	                    Index Cond: ((id >= 2446144) AND (id <= 2447143))

table 7 : explain SELECT DISTINCT c FROM sbtest7 WHERE id BETWEEN 6140619 AND 6141618 ORDER BY c
	Unique  (cost=3838.77..3843.61 rows=967 width=121)
	  ->  Sort  (cost=3838.77..3841.19 rows=967 width=121)
	        Sort Key: c
	        ->  Index Scan using sbtest7_pkey on sbtest7  (cost=0.43..3790.82 rows=967 width=121)
	              Index Cond: ((id >= 6140619) AND (id <= 6141618))

table 8 : explain SELECT DISTINCT c FROM sbtest8 WHERE id BETWEEN 5184461 AND 5185460 ORDER BY c
	Unique  (cost=3807.68..3812.47 rows=958 width=121)
	  ->  Sort  (cost=3807.68..3810.07 rows=958 width=121)
	        Sort Key: c
	        ->  Index Scan using sbtest8_pkey on sbtest8  (cost=0.43..3760.24 rows=958 width=121)
	              Index Cond: ((id >= 5184461) AND (id <= 5185460))

for point_selects
table 1 : explain SELECT c FROM sbtest1 WHERE id=4734668
	Index Scan using sbtest1_pkey on sbtest1  (cost=0.43..8.45 rows=1 width=121)
	  Index Cond: (id = 4734668)

table 2 : explain SELECT c FROM sbtest2 WHERE id=4197963
	Index Scan using sbtest2_pkey on sbtest2  (cost=0.43..8.45 rows=1 width=121)
	  Index Cond: (id = 4197963)

table 3 : explain SELECT c FROM sbtest3 WHERE id=4348862
	Index Scan using sbtest3_pkey on sbtest3  (cost=0.43..8.45 rows=1 width=121)
	  Index Cond: (id = 4348862)

table 4 : explain SELECT c FROM sbtest4 WHERE id=4348073
	Index Scan using sbtest4_pkey on sbtest4  (cost=0.43..8.45 rows=1 width=121)
	  Index Cond: (id = 4348073)

table 5 : explain SELECT c FROM sbtest5 WHERE id=3894695
	Index Scan using sbtest5_pkey on sbtest5  (cost=0.43..8.45 rows=1 width=121)
	  Index Cond: (id = 3894695)

table 6 : explain SELECT c FROM sbtest6 WHERE id=8798647
	Index Scan using sbtest6_pkey on sbtest6  (cost=0.43..8.45 rows=1 width=121)
	  Index Cond: (id = 8798647)

table 7 : explain SELECT c FROM sbtest7 WHERE id=6491595
	Index Scan using sbtest7_pkey on sbtest7  (cost=0.43..8.45 rows=1 width=121)
	  Index Cond: (id = 6491595)

table 8 : explain SELECT c FROM sbtest8 WHERE id=8403832
	Index Scan using sbtest8_pkey on sbtest8  (cost=0.43..8.45 rows=1 width=121)
	  Index Cond: (id = 8403832)

for point_selects
table 1 : explain SELECT c FROM sbtest1 WHERE id=7472571
	Index Scan using sbtest1_pkey on sbtest1  (cost=0.43..8.45 rows=1 width=121)
	  Index Cond: (id = 7472571)

table 2 : explain SELECT c FROM sbtest2 WHERE id=4356684
	Index Scan using sbtest2_pkey on sbtest2  (cost=0.43..8.45 rows=1 width=121)
	  Index Cond: (id = 4356684)

table 3 : explain SELECT c FROM sbtest3 WHERE id=9867499
	Index Scan using sbtest3_pkey on sbtest3  (cost=0.43..8.45 rows=1 width=121)
	  Index Cond: (id = 9867499)

table 4 : explain SELECT c FROM sbtest4 WHERE id=7580285
	Index Scan using sbtest4_pkey on sbtest4  (cost=0.43..8.45 rows=1 width=121)
	  Index Cond: (id = 7580285)

table 5 : explain SELECT c FROM sbtest5 WHERE id=2841049
	Index Scan using sbtest5_pkey on sbtest5  (cost=0.43..8.45 rows=1 width=121)
	  Index Cond: (id = 2841049)

table 6 : explain SELECT c FROM sbtest6 WHERE id=5512621
	Index Scan using sbtest6_pkey on sbtest6  (cost=0.43..8.45 rows=1 width=121)
	  Index Cond: (id = 5512621)

table 7 : explain SELECT c FROM sbtest7 WHERE id=3182300
	Index Scan using sbtest7_pkey on sbtest7  (cost=0.43..8.45 rows=1 width=121)
	  Index Cond: (id = 3182300)

table 8 : explain SELECT c FROM sbtest8 WHERE id=3478750
	Index Scan using sbtest8_pkey on sbtest8  (cost=0.43..8.45 rows=1 width=121)
	  Index Cond: (id = 3478750)

for point_selects
table 1 : explain SELECT c FROM sbtest1 WHERE id=4197857
	Index Scan using sbtest1_pkey on sbtest1  (cost=0.43..8.45 rows=1 width=121)
	  Index Cond: (id = 4197857)

table 2 : explain SELECT c FROM sbtest2 WHERE id=8215603
	Index Scan using sbtest2_pkey on sbtest2  (cost=0.43..8.45 rows=1 width=121)
	  Index Cond: (id = 8215603)

table 3 : explain SELECT c FROM sbtest3 WHERE id=8583966
	Index Scan using sbtest3_pkey on sbtest3  (cost=0.43..8.45 rows=1 width=121)
	  Index Cond: (id = 8583966)

table 4 : explain SELECT c FROM sbtest4 WHERE id=5767795
	Index Scan using sbtest4_pkey on sbtest4  (cost=0.43..8.45 rows=1 width=121)
	  Index Cond: (id = 5767795)

table 5 : explain SELECT c FROM sbtest5 WHERE id=9145554
	Index Scan using sbtest5_pkey on sbtest5  (cost=0.43..8.45 rows=1 width=121)
	  Index Cond: (id = 9145554)

table 6 : explain SELECT c FROM sbtest6 WHERE id=5839061
	Index Scan using sbtest6_pkey on sbtest6  (cost=0.43..8.45 rows=1 width=121)
	  Index Cond: (id = 5839061)

table 7 : explain SELECT c FROM sbtest7 WHERE id=7525952
	Index Scan using sbtest7_pkey on sbtest7  (cost=0.43..8.45 rows=1 width=121)
	  Index Cond: (id = 7525952)

table 8 : explain SELECT c FROM sbtest8 WHERE id=6575945
	Index Scan using sbtest8_pkey on sbtest8  (cost=0.43..8.45 rows=1 width=121)
	  Index Cond: (id = 6575945)

for: sum_ranges
table 1 : explain SELECT SUM(k) FROM sbtest1 WHERE id BETWEEN 6150097 AND 6151096
	Aggregate  (cost=3870.04..3870.05 rows=1 width=8)
	  ->  Bitmap Heap Scan on sbtest1  (cost=34.66..3867.55 rows=998 width=4)
	        Recheck Cond: ((id >= 6150097) AND (id <= 6151096))
	        ->  Bitmap Index Scan on sbtest1_pkey  (cost=0.00..34.42 rows=998 width=0)
	              Index Cond: ((id >= 6150097) AND (id <= 6151096))

table 2 : explain SELECT SUM(k) FROM sbtest2 WHERE id BETWEEN 2507805 AND 2508804
	Aggregate  (cost=3544.74..3544.75 rows=1 width=8)
	  ->  Bitmap Heap Scan on sbtest2  (cost=29.78..3542.46 rows=912 width=4)
	        Recheck Cond: ((id >= 2507805) AND (id <= 2508804))
	        ->  Bitmap Index Scan on sbtest2_pkey  (cost=0.00..29.55 rows=912 width=0)
	              Index Cond: ((id >= 2507805) AND (id <= 2508804))

table 3 : explain SELECT SUM(k) FROM sbtest3 WHERE id BETWEEN 4226660 AND 4227659
	Aggregate  (cost=3733.39..3733.40 rows=1 width=8)
	  ->  Bitmap Heap Scan on sbtest3  (cost=34.29..3730.99 rows=961 width=4)
	        Recheck Cond: ((id >= 4226660) AND (id <= 4227659))
	        ->  Bitmap Index Scan on sbtest3_pkey  (cost=0.00..34.05 rows=961 width=0)
	              Index Cond: ((id >= 4226660) AND (id <= 4227659))

table 4 : explain SELECT SUM(k) FROM sbtest4 WHERE id BETWEEN 5458207 AND 5459206
	Aggregate  (cost=3454.17..3454.18 rows=1 width=8)
	  ->  Index Scan using sbtest4_pkey on sbtest4  (cost=0.43..3451.96 rows=884 width=4)
	        Index Cond: ((id >= 5458207) AND (id <= 5459206))

table 5 : explain SELECT SUM(k) FROM sbtest5 WHERE id BETWEEN 618538 AND 619537
	Aggregate  (cost=3861.35..3861.36 rows=1 width=8)
	  ->  Bitmap Heap Scan on sbtest5  (cost=34.62..3858.87 rows=994 width=4)
	        Recheck Cond: ((id >= 618538) AND (id <= 619537))
	        ->  Bitmap Index Scan on sbtest5_pkey  (cost=0.00..34.38 rows=994 width=0)
	              Index Cond: ((id >= 618538) AND (id <= 619537))

table 6 : explain SELECT SUM(k) FROM sbtest6 WHERE id BETWEEN 573978 AND 574977
	Aggregate  (cost=4390.43..4390.44 rows=1 width=8)
	  ->  Bitmap Heap Scan on sbtest6  (cost=40.05..4387.60 rows=1133 width=4)
	        Recheck Cond: ((id >= 573978) AND (id <= 574977))
	        ->  Bitmap Index Scan on sbtest6_pkey  (cost=0.00..39.77 rows=1133 width=0)
	              Index Cond: ((id >= 573978) AND (id <= 574977))

table 7 : explain SELECT SUM(k) FROM sbtest7 WHERE id BETWEEN 1492333 AND 1493332
	Aggregate  (cost=3781.54..3781.55 rows=1 width=8)
	  ->  Index Scan using sbtest7_pkey on sbtest7  (cost=0.43..3779.13 rows=964 width=4)
	        Index Cond: ((id >= 1492333) AND (id <= 1493332))

table 8 : explain SELECT SUM(k) FROM sbtest8 WHERE id BETWEEN 3146843 AND 3147842
	Aggregate  (cost=3903.53..3903.54 rows=1 width=8)
	  ->  Bitmap Heap Scan on sbtest8  (cost=34.74..3901.02 rows=1005 width=4)
	        Recheck Cond: ((id >= 3146843) AND (id <= 3147842))
	        ->  Bitmap Index Scan on sbtest8_pkey  (cost=0.00..34.48 rows=1005 width=0)
	              Index Cond: ((id >= 3146843) AND (id <= 3147842))

for point_selects
table 1 : explain SELECT c FROM sbtest1 WHERE id=2135379
	Index Scan using sbtest1_pkey on sbtest1  (cost=0.43..8.45 rows=1 width=121)
	  Index Cond: (id = 2135379)

table 2 : explain SELECT c FROM sbtest2 WHERE id=5443992
	Index Scan using sbtest2_pkey on sbtest2  (cost=0.43..8.45 rows=1 width=121)
	  Index Cond: (id = 5443992)

table 3 : explain SELECT c FROM sbtest3 WHERE id=2943071
	Index Scan using sbtest3_pkey on sbtest3  (cost=0.43..8.45 rows=1 width=121)
	  Index Cond: (id = 2943071)

table 4 : explain SELECT c FROM sbtest4 WHERE id=1088302
	Index Scan using sbtest4_pkey on sbtest4  (cost=0.43..8.45 rows=1 width=121)
	  Index Cond: (id = 1088302)

table 5 : explain SELECT c FROM sbtest5 WHERE id=4934719
	Index Scan using sbtest5_pkey on sbtest5  (cost=0.43..8.45 rows=1 width=121)
	  Index Cond: (id = 4934719)

table 6 : explain SELECT c FROM sbtest6 WHERE id=1393907
	Index Scan using sbtest6_pkey on sbtest6  (cost=0.43..8.45 rows=1 width=121)
	  Index Cond: (id = 1393907)

table 7 : explain SELECT c FROM sbtest7 WHERE id=2969357
	Index Scan using sbtest7_pkey on sbtest7  (cost=0.43..8.45 rows=1 width=121)
	  Index Cond: (id = 2969357)

table 8 : explain SELECT c FROM sbtest8 WHERE id=6693556
	Index Scan using sbtest8_pkey on sbtest8  (cost=0.43..8.45 rows=1 width=121)
	  Index Cond: (id = 6693556)

for point_selects
table 1 : explain SELECT c FROM sbtest1 WHERE id=8972883
	Index Scan using sbtest1_pkey on sbtest1  (cost=0.43..8.45 rows=1 width=121)
	  Index Cond: (id = 8972883)

table 2 : explain SELECT c FROM sbtest2 WHERE id=7351361
	Index Scan using sbtest2_pkey on sbtest2  (cost=0.43..8.45 rows=1 width=121)
	  Index Cond: (id = 7351361)

table 3 : explain SELECT c FROM sbtest3 WHERE id=5225987
	Index Scan using sbtest3_pkey on sbtest3  (cost=0.43..8.45 rows=1 width=121)
	  Index Cond: (id = 5225987)

table 4 : explain SELECT c FROM sbtest4 WHERE id=1363920
	Index Scan using sbtest4_pkey on sbtest4  (cost=0.43..8.45 rows=1 width=121)
	  Index Cond: (id = 1363920)

table 5 : explain SELECT c FROM sbtest5 WHERE id=9957939
	Index Scan using sbtest5_pkey on sbtest5  (cost=0.43..8.45 rows=1 width=121)
	  Index Cond: (id = 9957939)

table 6 : explain SELECT c FROM sbtest6 WHERE id=4925256
	Index Scan using sbtest6_pkey on sbtest6  (cost=0.43..8.45 rows=1 width=121)
	  Index Cond: (id = 4925256)

table 7 : explain SELECT c FROM sbtest7 WHERE id=5099170
	Index Scan using sbtest7_pkey on sbtest7  (cost=0.43..8.45 rows=1 width=121)
	  Index Cond: (id = 5099170)

table 8 : explain SELECT c FROM sbtest8 WHERE id=703704
	Index Scan using sbtest8_pkey on sbtest8  (cost=0.43..8.45 rows=1 width=121)
	  Index Cond: (id = 703704)

for point_selects
table 1 : explain SELECT c FROM sbtest1 WHERE id=5052812
	Index Scan using sbtest1_pkey on sbtest1  (cost=0.43..8.45 rows=1 width=121)
	  Index Cond: (id = 5052812)

table 2 : explain SELECT c FROM sbtest2 WHERE id=6126343
	Index Scan using sbtest2_pkey on sbtest2  (cost=0.43..8.45 rows=1 width=121)
	  Index Cond: (id = 6126343)

table 3 : explain SELECT c FROM sbtest3 WHERE id=4932539
	Index Scan using sbtest3_pkey on sbtest3  (cost=0.43..8.45 rows=1 width=121)
	  Index Cond: (id = 4932539)

table 4 : explain SELECT c FROM sbtest4 WHERE id=3664910
	Index Scan using sbtest4_pkey on sbtest4  (cost=0.43..8.45 rows=1 width=121)
	  Index Cond: (id = 3664910)

table 5 : explain SELECT c FROM sbtest5 WHERE id=2308166
	Index Scan using sbtest5_pkey on sbtest5  (cost=0.43..8.45 rows=1 width=121)
	  Index Cond: (id = 2308166)

table 6 : explain SELECT c FROM sbtest6 WHERE id=5206313
	Index Scan using sbtest6_pkey on sbtest6  (cost=0.43..8.45 rows=1 width=121)
	  Index Cond: (id = 5206313)

table 7 : explain SELECT c FROM sbtest7 WHERE id=713831
	Index Scan using sbtest7_pkey on sbtest7  (cost=0.43..8.45 rows=1 width=121)
	  Index Cond: (id = 713831)

table 8 : explain SELECT c FROM sbtest8 WHERE id=2598267
	Index Scan using sbtest8_pkey on sbtest8  (cost=0.43..8.45 rows=1 width=121)
	  Index Cond: (id = 2598267)

for: order_ranges
table 1 : explain SELECT c FROM sbtest1 WHERE id BETWEEN 2836580 AND 2837579 ORDER BY c
	Sort  (cost=3909.61..3912.10 rows=996 width=121)
	  Sort Key: c
	  ->  Bitmap Heap Scan on sbtest1  (cost=34.64..3860.01 rows=996 width=121)
	        Recheck Cond: ((id >= 2836580) AND (id <= 2837579))
	        ->  Bitmap Index Scan on sbtest1_pkey  (cost=0.00..34.40 rows=996 width=0)
	              Index Cond: ((id >= 2836580) AND (id <= 2837579))

table 2 : explain SELECT c FROM sbtest2 WHERE id BETWEEN 3734437 AND 3735436 ORDER BY c
	Sort  (cost=4112.81..4115.43 rows=1048 width=121)
	  Sort Key: c
	  ->  Bitmap Heap Scan on sbtest2  (cost=35.18..4060.24 rows=1048 width=121)
	        Recheck Cond: ((id >= 3734437) AND (id <= 3735436))
	        ->  Bitmap Index Scan on sbtest2_pkey  (cost=0.00..34.92 rows=1048 width=0)
	              Index Cond: ((id >= 3734437) AND (id <= 3735436))

table 3 : explain SELECT c FROM sbtest3 WHERE id BETWEEN 3116946 AND 3117945 ORDER BY c
	Sort  (cost=4188.32..4190.99 rows=1068 width=121)
	  Sort Key: c
	  ->  Bitmap Heap Scan on sbtest3  (cost=35.38..4134.60 rows=1068 width=121)
	        Recheck Cond: ((id >= 3116946) AND (id <= 3117945))
	        ->  Bitmap Index Scan on sbtest3_pkey  (cost=0.00..35.12 rows=1068 width=0)
	              Index Cond: ((id >= 3116946) AND (id <= 3117945))

table 4 : explain SELECT c FROM sbtest4 WHERE id BETWEEN 8947837 AND 8948836 ORDER BY c
	Sort  (cost=4086.70..4089.29 rows=1033 width=121)
	  Sort Key: c
	  ->  Index Scan using sbtest4_pkey on sbtest4  (cost=0.43..4034.99 rows=1033 width=121)
	        Index Cond: ((id >= 8947837) AND (id <= 8948836))

table 5 : explain SELECT c FROM sbtest5 WHERE id BETWEEN 6126217 AND 6127216 ORDER BY c
	Sort  (cost=4268.48..4271.20 rows=1088 width=121)
	  Sort Key: c
	  ->  Bitmap Heap Scan on sbtest5  (cost=35.59..4213.60 rows=1088 width=121)
	        Recheck Cond: ((id >= 6126217) AND (id <= 6127216))
	        ->  Bitmap Index Scan on sbtest5_pkey  (cost=0.00..35.32 rows=1088 width=0)
	              Index Cond: ((id >= 6126217) AND (id <= 6127216))

table 6 : explain SELECT c FROM sbtest6 WHERE id BETWEEN 3841596 AND 3842595 ORDER BY c
	Sort  (cost=3678.36..3680.70 rows=934 width=121)
	  Sort Key: c
	  ->  Bitmap Heap Scan on sbtest6  (cost=34.01..3632.28 rows=934 width=121)
	        Recheck Cond: ((id >= 3841596) AND (id <= 3842595))
	        ->  Bitmap Index Scan on sbtest6_pkey  (cost=0.00..33.78 rows=934 width=0)
	              Index Cond: ((id >= 3841596) AND (id <= 3842595))

table 7 : explain SELECT c FROM sbtest7 WHERE id BETWEEN 6760388 AND 6761387 ORDER BY c
	Sort  (cost=3771.52..3773.89 rows=950 width=121)
	  Sort Key: c
	  ->  Index Scan using sbtest7_pkey on sbtest7  (cost=0.43..3724.53 rows=950 width=121)
	        Index Cond: ((id >= 6760388) AND (id <= 6761387))

table 8 : explain SELECT c FROM sbtest8 WHERE id BETWEEN 976042 AND 977041 ORDER BY c
	Sort  (cost=3981.82..3984.35 rows=1013 width=121)
	  Sort Key: c
	  ->  Bitmap Heap Scan on sbtest8  (cost=34.82..3931.25 rows=1013 width=121)
	        Recheck Cond: ((id >= 976042) AND (id <= 977041))
	        ->  Bitmap Index Scan on sbtest8_pkey  (cost=0.00..34.57 rows=1013 width=0)
	              Index Cond: ((id >= 976042) AND (id <= 977041))

for: simple_ranges
table 1 : explain SELECT c FROM sbtest1 WHERE id BETWEEN 809966 AND 810965
	Bitmap Heap Scan on sbtest1  (cost=34.60..3844.93 rows=992 width=121)
	  Recheck Cond: ((id >= 809966) AND (id <= 810965))
	  ->  Bitmap Index Scan on sbtest1_pkey  (cost=0.00..34.36 rows=992 width=0)
	        Index Cond: ((id >= 809966) AND (id <= 810965))

table 2 : explain SELECT c FROM sbtest2 WHERE id BETWEEN 4205738 AND 4206737
	Bitmap Heap Scan on sbtest2  (cost=34.42..3780.97 rows=974 width=121)
	  Recheck Cond: ((id >= 4205738) AND (id <= 4206737))
	  ->  Bitmap Index Scan on sbtest2_pkey  (cost=0.00..34.18 rows=974 width=0)
	        Index Cond: ((id >= 4205738) AND (id <= 4206737))

table 3 : explain SELECT c FROM sbtest3 WHERE id BETWEEN 7917654 AND 7918653
	Bitmap Heap Scan on sbtest3  (cost=34.77..3908.45 rows=1008 width=121)
	  Recheck Cond: ((id >= 7917654) AND (id <= 7918653))
	  ->  Bitmap Index Scan on sbtest3_pkey  (cost=0.00..34.52 rows=1008 width=0)
	        Index Cond: ((id >= 7917654) AND (id <= 7918653))

table 4 : explain SELECT c FROM sbtest4 WHERE id BETWEEN 9192223 AND 9193222
	Index Scan using sbtest4_pkey on sbtest4  (cost=0.43..4443.12 rows=1137 width=121)
	  Index Cond: ((id >= 9192223) AND (id <= 9193222))

table 5 : explain SELECT c FROM sbtest5 WHERE id BETWEEN 2505347 AND 2506346
	Bitmap Heap Scan on sbtest5  (cost=34.99..3994.85 rows=1030 width=121)
	  Recheck Cond: ((id >= 2505347) AND (id <= 2506346))
	  ->  Bitmap Index Scan on sbtest5_pkey  (cost=0.00..34.73 rows=1030 width=0)
	        Index Cond: ((id >= 2505347) AND (id <= 2506346))

table 6 : explain SELECT c FROM sbtest6 WHERE id BETWEEN 4682813 AND 4683812
	Bitmap Heap Scan on sbtest6  (cost=34.07..3655.00 rows=940 width=121)
	  Recheck Cond: ((id >= 4682813) AND (id <= 4683812))
	  ->  Bitmap Index Scan on sbtest6_pkey  (cost=0.00..33.84 rows=940 width=0)
	        Index Cond: ((id >= 4682813) AND (id <= 4683812))

table 7 : explain SELECT c FROM sbtest7 WHERE id BETWEEN 2749898 AND 2750897
	Index Scan using sbtest7_pkey on sbtest7  (cost=0.43..3810.31 rows=972 width=121)
	  Index Cond: ((id >= 2749898) AND (id <= 2750897))

table 8 : explain SELECT c FROM sbtest8 WHERE id BETWEEN 6363479 AND 6364478
	Bitmap Heap Scan on sbtest8  (cost=35.05..4018.11 rows=1036 width=121)
	  Recheck Cond: ((id >= 6363479) AND (id <= 6364478))
	  ->  Bitmap Index Scan on sbtest8_pkey  (cost=0.00..34.80 rows=1036 width=0)
	        Index Cond: ((id >= 6363479) AND (id <= 6364478))

for: simple_ranges
table 1 : explain SELECT c FROM sbtest1 WHERE id BETWEEN 1282562 AND 1283561
	Bitmap Heap Scan on sbtest1  (cost=34.90..3954.21 rows=1021 width=121)
	  Recheck Cond: ((id >= 1282562) AND (id <= 1283561))
	  ->  Bitmap Index Scan on sbtest1_pkey  (cost=0.00..34.65 rows=1021 width=0)
	        Index Cond: ((id >= 1282562) AND (id <= 1283561))

table 2 : explain SELECT c FROM sbtest2 WHERE id BETWEEN 6724418 AND 6725417
	Bitmap Heap Scan on sbtest2  (cost=34.55..3830.08 rows=987 width=121)
	  Recheck Cond: ((id >= 6724418) AND (id <= 6725417))
	  ->  Bitmap Index Scan on sbtest2_pkey  (cost=0.00..34.31 rows=987 width=0)
	        Index Cond: ((id >= 6724418) AND (id <= 6725417))

table 3 : explain SELECT c FROM sbtest3 WHERE id BETWEEN 5099161 AND 5100160
	Bitmap Heap Scan on sbtest3  (cost=33.84..3568.38 rows=918 width=121)
	  Recheck Cond: ((id >= 5099161) AND (id <= 5100160))
	  ->  Bitmap Index Scan on sbtest3_pkey  (cost=0.00..33.62 rows=918 width=0)
	        Index Cond: ((id >= 5099161) AND (id <= 5100160))

table 4 : explain SELECT c FROM sbtest4 WHERE id BETWEEN 1384407 AND 1385406
	Index Scan using sbtest4_pkey on sbtest4  (cost=0.43..3980.60 rows=1019 width=121)
	  Index Cond: ((id >= 1384407) AND (id <= 1385406))

table 5 : explain SELECT c FROM sbtest5 WHERE id BETWEEN 2150210 AND 2151209
	Bitmap Heap Scan on sbtest5  (cost=34.92..3968.42 rows=1023 width=121)
	  Recheck Cond: ((id >= 2150210) AND (id <= 2151209))
	  ->  Bitmap Index Scan on sbtest5_pkey  (cost=0.00..34.67 rows=1023 width=0)
	        Index Cond: ((id >= 2150210) AND (id <= 2151209))

table 6 : explain SELECT c FROM sbtest6 WHERE id BETWEEN 7297314 AND 7298313
	Bitmap Heap Scan on sbtest6  (cost=35.25..4089.68 rows=1055 width=121)
	  Recheck Cond: ((id >= 7297314) AND (id <= 7298313))
	  ->  Bitmap Index Scan on sbtest6_pkey  (cost=0.00..34.98 rows=1055 width=0)
	        Index Cond: ((id >= 7297314) AND (id <= 7298313))

table 7 : explain SELECT c FROM sbtest7 WHERE id BETWEEN 7892304 AND 7893303
	Bitmap Heap Scan on sbtest7  (cost=35.11..4037.07 rows=1041 width=121)
	  Recheck Cond: ((id >= 7892304) AND (id <= 7893303))
	  ->  Bitmap Index Scan on sbtest7_pkey  (cost=0.00..34.84 rows=1041 width=0)
	        Index Cond: ((id >= 7892304) AND (id <= 7893303))

table 8 : explain SELECT c FROM sbtest8 WHERE id BETWEEN 416628 AND 417627
	Index Scan using sbtest8_pkey on sbtest8  (cost=0.43..3674.35 rows=936 width=121)
	  Index Cond: ((id >= 416628) AND (id <= 417627))

for: order_ranges
table 1 : explain SELECT c FROM sbtest1 WHERE id BETWEEN 3412515 AND 3413514 ORDER BY c
	Sort  (cost=3859.85..3862.31 rows=983 width=121)
	  Sort Key: c
	  ->  Bitmap Heap Scan on sbtest1  (cost=34.51..3810.99 rows=983 width=121)
	        Recheck Cond: ((id >= 3412515) AND (id <= 3413514))
	        ->  Bitmap Index Scan on sbtest1_pkey  (cost=0.00..34.27 rows=983 width=0)
	              Index Cond: ((id >= 3412515) AND (id <= 3413514))

table 2 : explain SELECT c FROM sbtest2 WHERE id BETWEEN 9019856 AND 9020855 ORDER BY c
	Sort  (cost=3955.82..3958.34 rows=1007 width=121)
	  Sort Key: c
	  ->  Bitmap Heap Scan on sbtest2  (cost=34.76..3905.59 rows=1007 width=121)
	        Recheck Cond: ((id >= 9019856) AND (id <= 9020855))
	        ->  Bitmap Index Scan on sbtest2_pkey  (cost=0.00..34.51 rows=1007 width=0)
	              Index Cond: ((id >= 9019856) AND (id <= 9020855))

table 3 : explain SELECT c FROM sbtest3 WHERE id BETWEEN 501800 AND 502799 ORDER BY c
	Sort  (cost=3625.08..3627.38 rows=921 width=121)
	  Sort Key: c
	  ->  Bitmap Heap Scan on sbtest3  (cost=33.88..3579.73 rows=921 width=121)
	        Recheck Cond: ((id >= 501800) AND (id <= 502799))
	        ->  Bitmap Index Scan on sbtest3_pkey  (cost=0.00..33.65 rows=921 width=0)
	              Index Cond: ((id >= 501800) AND (id <= 502799))

table 4 : explain SELECT c FROM sbtest4 WHERE id BETWEEN 5211154 AND 5212153 ORDER BY c
	Sort  (cost=3909.28..3911.75 rows=988 width=121)
	  Sort Key: c
	  ->  Index Scan using sbtest4_pkey on sbtest4  (cost=0.43..3860.13 rows=988 width=121)
	        Index Cond: ((id >= 5211154) AND (id <= 5212153))

table 5 : explain SELECT c FROM sbtest5 WHERE id BETWEEN 4962505 AND 4963504 ORDER BY c
	Sort  (cost=3674.11..3676.44 rows=933 width=121)
	  Sort Key: c
	  ->  Bitmap Heap Scan on sbtest5  (cost=34.00..3628.08 rows=933 width=121)
	        Recheck Cond: ((id >= 4962505) AND (id <= 4963504))
	        ->  Bitmap Index Scan on sbtest5_pkey  (cost=0.00..33.77 rows=933 width=0)
	              Index Cond: ((id >= 4962505) AND (id <= 4963504))

table 6 : explain SELECT c FROM sbtest6 WHERE id BETWEEN 7144170 AND 7145169 ORDER BY c
	Sort  (cost=3962.51..3965.03 rows=1008 width=121)
	  Sort Key: c
	  ->  Bitmap Heap Scan on sbtest6  (cost=34.77..3912.23 rows=1008 width=121)
	        Recheck Cond: ((id >= 7144170) AND (id <= 7145169))
	        ->  Bitmap Index Scan on sbtest6_pkey  (cost=0.00..34.52 rows=1008 width=0)
	              Index Cond: ((id >= 7144170) AND (id <= 7145169))

table 7 : explain SELECT c FROM sbtest7 WHERE id BETWEEN 7531285 AND 7532284 ORDER BY c
	Sort  (cost=4319.15..4321.90 rows=1100 width=121)
	  Sort Key: c
	  ->  Bitmap Heap Scan on sbtest7  (cost=39.71..4263.58 rows=1100 width=121)
	        Recheck Cond: ((id >= 7531285) AND (id <= 7532284))
	        ->  Bitmap Index Scan on sbtest7_pkey  (cost=0.00..39.44 rows=1100 width=0)
	              Index Cond: ((id >= 7531285) AND (id <= 7532284))

table 8 : explain SELECT c FROM sbtest8 WHERE id BETWEEN 7639164 AND 7640163 ORDER BY c
	Sort  (cost=3799.76..3802.15 rows=956 width=121)
	  Sort Key: c
	  ->  Index Scan using sbtest8_pkey on sbtest8  (cost=0.43..3752.43 rows=956 width=121)
	        Index Cond: ((id >= 7639164) AND (id <= 7640163))

for: simple_ranges
table 1 : explain SELECT c FROM sbtest1 WHERE id BETWEEN 1103757 AND 1104756
	Bitmap Heap Scan on sbtest1  (cost=33.89..3580.70 rows=922 width=121)
	  Recheck Cond: ((id >= 1103757) AND (id <= 1104756))
	  ->  Bitmap Index Scan on sbtest1_pkey  (cost=0.00..33.66 rows=922 width=0)
	        Index Cond: ((id >= 1103757) AND (id <= 1104756))

table 2 : explain SELECT c FROM sbtest2 WHERE id BETWEEN 280379 AND 281378
	Bitmap Heap Scan on sbtest2  (cost=34.66..3871.62 rows=998 width=121)
	  Recheck Cond: ((id >= 280379) AND (id <= 281378))
	  ->  Bitmap Index Scan on sbtest2_pkey  (cost=0.00..34.42 rows=998 width=0)
	        Index Cond: ((id >= 280379) AND (id <= 281378))

table 3 : explain SELECT c FROM sbtest3 WHERE id BETWEEN 3705465 AND 3706464
	Bitmap Heap Scan on sbtest3  (cost=34.43..3783.88 rows=975 width=121)
	  Recheck Cond: ((id >= 3705465) AND (id <= 3706464))
	  ->  Bitmap Index Scan on sbtest3_pkey  (cost=0.00..34.19 rows=975 width=0)
	        Index Cond: ((id >= 3705465) AND (id <= 3706464))

table 4 : explain SELECT c FROM sbtest4 WHERE id BETWEEN 6013755 AND 6014754
	Index Scan using sbtest4_pkey on sbtest4  (cost=0.43..4062.18 rows=1040 width=121)
	  Index Cond: ((id >= 6013755) AND (id <= 6014754))

table 5 : explain SELECT c FROM sbtest5 WHERE id BETWEEN 2212313 AND 2213312
	Bitmap Heap Scan on sbtest5  (cost=35.00..3998.63 rows=1031 width=121)
	  Recheck Cond: ((id >= 2212313) AND (id <= 2213312))
	  ->  Bitmap Index Scan on sbtest5_pkey  (cost=0.00..34.75 rows=1031 width=0)
	        Index Cond: ((id >= 2212313) AND (id <= 2213312))

table 6 : explain SELECT c FROM sbtest6 WHERE id BETWEEN 6426820 AND 6427819
	Bitmap Heap Scan on sbtest6  (cost=35.29..4104.77 rows=1059 width=121)
	  Recheck Cond: ((id >= 6426820) AND (id <= 6427819))
	  ->  Bitmap Index Scan on sbtest6_pkey  (cost=0.00..35.03 rows=1059 width=0)
	        Index Cond: ((id >= 6426820) AND (id <= 6427819))

table 7 : explain SELECT c FROM sbtest7 WHERE id BETWEEN 4124385 AND 4125384
	Index Scan using sbtest7_pkey on sbtest7  (cost=0.43..3872.71 rows=988 width=121)
	  Index Cond: ((id >= 4124385) AND (id <= 4125384))

table 8 : explain SELECT c FROM sbtest8 WHERE id BETWEEN 8624960 AND 8625959
	Index Scan using sbtest8_pkey on sbtest8  (cost=0.43..3682.16 rows=938 width=121)
	  Index Cond: ((id >= 8624960) AND (id <= 8625959))

for: simple_ranges
table 1 : explain SELECT c FROM sbtest1 WHERE id BETWEEN 9527750 AND 9528749
	Bitmap Heap Scan on sbtest1  (cost=34.98..3984.34 rows=1029 width=121)
	  Recheck Cond: ((id >= 9527750) AND (id <= 9528749))
	  ->  Bitmap Index Scan on sbtest1_pkey  (cost=0.00..34.73 rows=1029 width=0)
	        Index Cond: ((id >= 9527750) AND (id <= 9528749))

table 2 : explain SELECT c FROM sbtest2 WHERE id BETWEEN 6113708 AND 6114707
	Bitmap Heap Scan on sbtest2  (cost=35.34..4120.53 rows=1064 width=121)
	  Recheck Cond: ((id >= 6113708) AND (id <= 6114707))
	  ->  Bitmap Index Scan on sbtest2_pkey  (cost=0.00..35.08 rows=1064 width=0)
	        Index Cond: ((id >= 6113708) AND (id <= 6114707))

table 3 : explain SELECT c FROM sbtest3 WHERE id BETWEEN 4738988 AND 4739987
	Bitmap Heap Scan on sbtest3  (cost=35.05..4014.04 rows=1036 width=121)
	  Recheck Cond: ((id >= 4738988) AND (id <= 4739987))
	  ->  Bitmap Index Scan on sbtest3_pkey  (cost=0.00..34.80 rows=1036 width=0)
	        Index Cond: ((id >= 4738988) AND (id <= 4739987))

table 4 : explain SELECT c FROM sbtest4 WHERE id BETWEEN 2584530 AND 2585529
	Index Scan using sbtest4_pkey on sbtest4  (cost=0.43..4038.87 rows=1034 width=121)
	  Index Cond: ((id >= 2584530) AND (id <= 2585529))

table 5 : explain SELECT c FROM sbtest5 WHERE id BETWEEN 7670116 AND 7671115
	Bitmap Heap Scan on sbtest5  (cost=35.57..4206.07 rows=1086 width=121)
	  Recheck Cond: ((id >= 7670116) AND (id <= 7671115))
	  ->  Bitmap Index Scan on sbtest5_pkey  (cost=0.00..35.30 rows=1086 width=0)
	        Index Cond: ((id >= 7670116) AND (id <= 7671115))

table 6 : explain SELECT c FROM sbtest6 WHERE id BETWEEN 6230675 AND 6231674
	Bitmap Heap Scan on sbtest6  (cost=34.42..3783.69 rows=974 width=121)
	  Recheck Cond: ((id >= 6230675) AND (id <= 6231674))
	  ->  Bitmap Index Scan on sbtest6_pkey  (cost=0.00..34.18 rows=974 width=0)
	        Index Cond: ((id >= 6230675) AND (id <= 6231674))

table 7 : explain SELECT c FROM sbtest7 WHERE id BETWEEN 6614807 AND 6615806
	Index Scan using sbtest7_pkey on sbtest7  (cost=0.43..3744.05 rows=955 width=121)
	  Index Cond: ((id >= 6614807) AND (id <= 6615806))

table 8 : explain SELECT c FROM sbtest8 WHERE id BETWEEN 2492962 AND 2493961
	Bitmap Heap Scan on sbtest8  (cost=34.66..3874.57 rows=998 width=121)
	  Recheck Cond: ((id >= 2492962) AND (id <= 2493961))
	  ->  Bitmap Index Scan on sbtest8_pkey  (cost=0.00..34.42 rows=998 width=0)
	        Index Cond: ((id >= 2492962) AND (id <= 2493961))

for: simple_ranges
table 1 : explain SELECT c FROM sbtest1 WHERE id BETWEEN 3975267 AND 3976266
	Bitmap Heap Scan on sbtest1  (cost=39.69..4247.85 rows=1098 width=121)
	  Recheck Cond: ((id >= 3975267) AND (id <= 3976266))
	  ->  Bitmap Index Scan on sbtest1_pkey  (cost=0.00..39.42 rows=1098 width=0)
	        Index Cond: ((id >= 3975267) AND (id <= 3976266))

table 2 : explain SELECT c FROM sbtest2 WHERE id BETWEEN 6346484 AND 6347483
	Bitmap Heap Scan on sbtest2  (cost=34.93..3969.74 rows=1024 width=121)
	  Recheck Cond: ((id >= 6346484) AND (id <= 6347483))
	  ->  Bitmap Index Scan on sbtest2_pkey  (cost=0.00..34.68 rows=1024 width=0)
	        Index Cond: ((id >= 6346484) AND (id <= 6347483))

table 3 : explain SELECT c FROM sbtest3 WHERE id BETWEEN 5667101 AND 5668100
	Bitmap Heap Scan on sbtest3  (cost=34.28..3727.21 rows=960 width=121)
	  Recheck Cond: ((id >= 5667101) AND (id <= 5668100))
	  ->  Bitmap Index Scan on sbtest3_pkey  (cost=0.00..34.04 rows=960 width=0)
	        Index Cond: ((id >= 5667101) AND (id <= 5668100))

table 4 : explain SELECT c FROM sbtest4 WHERE id BETWEEN 8329593 AND 8330592
	Index Scan using sbtest4_pkey on sbtest4  (cost=0.43..3992.25 rows=1022 width=121)
	  Index Cond: ((id >= 8329593) AND (id <= 8330592))

table 5 : explain SELECT c FROM sbtest5 WHERE id BETWEEN 6947148 AND 6948147
	Bitmap Heap Scan on sbtest5  (cost=35.23..4081.65 rows=1053 width=121)
	  Recheck Cond: ((id >= 6947148) AND (id <= 6948147))
	  ->  Bitmap Index Scan on sbtest5_pkey  (cost=0.00..34.97 rows=1053 width=0)
	        Index Cond: ((id >= 6947148) AND (id <= 6948147))

table 6 : explain SELECT c FROM sbtest6 WHERE id BETWEEN 1217165 AND 1218164
	Bitmap Heap Scan on sbtest6  (cost=35.08..4029.30 rows=1039 width=121)
	  Recheck Cond: ((id >= 1217165) AND (id <= 1218164))
	  ->  Bitmap Index Scan on sbtest6_pkey  (cost=0.00..34.83 rows=1039 width=0)
	        Index Cond: ((id >= 1217165) AND (id <= 1218164))

table 7 : explain SELECT c FROM sbtest7 WHERE id BETWEEN 5278434 AND 5279433
	Index Scan using sbtest7_pkey on sbtest7  (cost=0.43..3845.42 rows=981 width=121)
	  Index Cond: ((id >= 5278434) AND (id <= 5279433))

table 8 : explain SELECT c FROM sbtest8 WHERE id BETWEEN 3439327 AND 3440326
	Bitmap Heap Scan on sbtest8  (cost=34.82..3931.25 rows=1013 width=121)
	  Recheck Cond: ((id >= 3439327) AND (id <= 3440326))
	  ->  Bitmap Index Scan on sbtest8_pkey  (cost=0.00..34.57 rows=1013 width=0)
	        Index Cond: ((id >= 3439327) AND (id <= 3440326))

for: simple_ranges
table 1 : explain SELECT c FROM sbtest1 WHERE id BETWEEN 6682538 AND 6683537
	Bitmap Heap Scan on sbtest1  (cost=34.45..3788.36 rows=977 width=121)
	  Recheck Cond: ((id >= 6682538) AND (id <= 6683537))
	  ->  Bitmap Index Scan on sbtest1_pkey  (cost=0.00..34.20 rows=977 width=0)
	        Index Cond: ((id >= 6682538) AND (id <= 6683537))

table 2 : explain SELECT c FROM sbtest2 WHERE id BETWEEN 7198577 AND 7199576
	Bitmap Heap Scan on sbtest2  (cost=34.58..3841.41 rows=990 width=121)
	  Recheck Cond: ((id >= 7198577) AND (id <= 7199576))
	  ->  Bitmap Index Scan on sbtest2_pkey  (cost=0.00..34.34 rows=990 width=0)
	        Index Cond: ((id >= 7198577) AND (id <= 7199576))

table 3 : explain SELECT c FROM sbtest3 WHERE id BETWEEN 2217174 AND 2218173
	Bitmap Heap Scan on sbtest3  (cost=35.39..4138.36 rows=1069 width=121)
	  Recheck Cond: ((id >= 2217174) AND (id <= 2218173))
	  ->  Bitmap Index Scan on sbtest3_pkey  (cost=0.00..35.12 rows=1069 width=0)
	        Index Cond: ((id >= 2217174) AND (id <= 2218173))

table 4 : explain SELECT c FROM sbtest4 WHERE id BETWEEN 1675622 AND 1676621
	Index Scan using sbtest4_pkey on sbtest4  (cost=0.43..4151.57 rows=1063 width=121)
	  Index Cond: ((id >= 1675622) AND (id <= 1676621))

table 5 : explain SELECT c FROM sbtest5 WHERE id BETWEEN 8824077 AND 8825076
	Bitmap Heap Scan on sbtest5  (cost=34.48..3805.94 rows=980 width=121)
	  Recheck Cond: ((id >= 8824077) AND (id <= 8825076))
	  ->  Bitmap Index Scan on sbtest5_pkey  (cost=0.00..34.23 rows=980 width=0)
	        Index Cond: ((id >= 8824077) AND (id <= 8825076))

table 6 : explain SELECT c FROM sbtest6 WHERE id BETWEEN 639205 AND 640204
	Bitmap Heap Scan on sbtest6  (cost=34.94..3976.45 rows=1025 width=121)
	  Recheck Cond: ((id >= 639205) AND (id <= 640204))
	  ->  Bitmap Index Scan on sbtest6_pkey  (cost=0.00..34.69 rows=1025 width=0)
	        Index Cond: ((id >= 639205) AND (id <= 640204))

table 7 : explain SELECT c FROM sbtest7 WHERE id BETWEEN 8535027 AND 8536026
	Index Scan using sbtest7_pkey on sbtest7  (cost=0.43..3673.86 rows=937 width=121)
	  Index Cond: ((id >= 8535027) AND (id <= 8536026))

table 8 : explain SELECT c FROM sbtest8 WHERE id BETWEEN 6035223 AND 6036222
	Bitmap Heap Scan on sbtest8  (cost=34.63..3863.23 rows=995 width=121)
	  Recheck Cond: ((id >= 6035223) AND (id <= 6036222))
	  ->  Bitmap Index Scan on sbtest8_pkey  (cost=0.00..34.39 rows=995 width=0)
	        Index Cond: ((id >= 6035223) AND (id <= 6036222))

for: simple_ranges
table 1 : explain SELECT c FROM sbtest1 WHERE id BETWEEN 7780506 AND 7781505
	Bitmap Heap Scan on sbtest1  (cost=33.89..3580.70 rows=922 width=121)
	  Recheck Cond: ((id >= 7780506) AND (id <= 7781505))
	  ->  Bitmap Index Scan on sbtest1_pkey  (cost=0.00..33.66 rows=922 width=0)
	        Index Cond: ((id >= 7780506) AND (id <= 7781505))

table 2 : explain SELECT c FROM sbtest2 WHERE id BETWEEN 1562876 AND 1563875
	Bitmap Heap Scan on sbtest2  (cost=35.23..4079.08 rows=1053 width=121)
	  Recheck Cond: ((id >= 1562876) AND (id <= 1563875))
	  ->  Bitmap Index Scan on sbtest2_pkey  (cost=0.00..34.97 rows=1053 width=0)
	        Index Cond: ((id >= 1562876) AND (id <= 1563875))

table 3 : explain SELECT c FROM sbtest3 WHERE id BETWEEN 8173893 AND 8174892
	Bitmap Heap Scan on sbtest3  (cost=34.20..3700.75 rows=953 width=121)
	  Recheck Cond: ((id >= 8173893) AND (id <= 8174892))
	  ->  Bitmap Index Scan on sbtest3_pkey  (cost=0.00..33.97 rows=953 width=0)
	        Index Cond: ((id >= 8173893) AND (id <= 8174892))

table 4 : explain SELECT c FROM sbtest4 WHERE id BETWEEN 3435814 AND 3436813
	Index Scan using sbtest4_pkey on sbtest4  (cost=0.43..3712.44 rows=950 width=121)
	  Index Cond: ((id >= 3435814) AND (id <= 3436813))

table 5 : explain SELECT c FROM sbtest5 WHERE id BETWEEN 5058567 AND 5059566
	Bitmap Heap Scan on sbtest5  (cost=34.15..3684.88 rows=948 width=121)
	  Recheck Cond: ((id >= 5058567) AND (id <= 5059566))
	  ->  Bitmap Index Scan on sbtest5_pkey  (cost=0.00..33.92 rows=948 width=0)
	        Index Cond: ((id >= 5058567) AND (id <= 5059566))

table 6 : explain SELECT c FROM sbtest6 WHERE id BETWEEN 4910762 AND 4911761
	Bitmap Heap Scan on sbtest6  (cost=35.14..4048.18 rows=1044 width=121)
	  Recheck Cond: ((id >= 4910762) AND (id <= 4911761))
	  ->  Bitmap Index Scan on sbtest6_pkey  (cost=0.00..34.88 rows=1044 width=0)
	        Index Cond: ((id >= 4910762) AND (id <= 4911761))

table 7 : explain SELECT c FROM sbtest7 WHERE id BETWEEN 5898992 AND 5899991
	Index Scan using sbtest7_pkey on sbtest7  (cost=0.43..3728.46 rows=951 width=121)
	  Index Cond: ((id >= 5898992) AND (id <= 5899991))

table 8 : explain SELECT c FROM sbtest8 WHERE id BETWEEN 8742117 AND 8743116
	Bitmap Heap Scan on sbtest8  (cost=35.11..4036.99 rows=1041 width=121)
	  Recheck Cond: ((id >= 8742117) AND (id <= 8743116))
	  ->  Bitmap Index Scan on sbtest8_pkey  (cost=0.00..34.84 rows=1041 width=0)
	        Index Cond: ((id >= 8742117) AND (id <= 8743116))

for: simple_ranges
table 1 : explain SELECT c FROM sbtest1 WHERE id BETWEEN 911233 AND 912232
	Bitmap Heap Scan on sbtest1  (cost=34.72..3886.39 rows=1003 width=121)
	  Recheck Cond: ((id >= 911233) AND (id <= 912232))
	  ->  Bitmap Index Scan on sbtest1_pkey  (cost=0.00..34.47 rows=1003 width=0)
	        Index Cond: ((id >= 911233) AND (id <= 912232))

table 2 : explain SELECT c FROM sbtest2 WHERE id BETWEEN 9210584 AND 9211583
	Bitmap Heap Scan on sbtest2  (cost=29.48..3428.80 rows=882 width=121)
	  Recheck Cond: ((id >= 9210584) AND (id <= 9211583))
	  ->  Bitmap Index Scan on sbtest2_pkey  (cost=0.00..29.25 rows=882 width=0)
	        Index Cond: ((id >= 9210584) AND (id <= 9211583))

table 3 : explain SELECT c FROM sbtest3 WHERE id BETWEEN 2948806 AND 2949805
	Bitmap Heap Scan on sbtest3  (cost=34.65..3866.94 rows=997 width=121)
	  Recheck Cond: ((id >= 2948806) AND (id <= 2949805))
	  ->  Bitmap Index Scan on sbtest3_pkey  (cost=0.00..34.41 rows=997 width=0)
	        Index Cond: ((id >= 2948806) AND (id <= 2949805))

table 4 : explain SELECT c FROM sbtest4 WHERE id BETWEEN 1638539 AND 1639538
	Index Scan using sbtest4_pkey on sbtest4  (cost=0.43..4151.57 rows=1063 width=121)
	  Index Cond: ((id >= 1638539) AND (id <= 1639538))

table 5 : explain SELECT c FROM sbtest5 WHERE id BETWEEN 2541402 AND 2542401
	Bitmap Heap Scan on sbtest5  (cost=34.99..3994.85 rows=1030 width=121)
	  Recheck Cond: ((id >= 2541402) AND (id <= 2542401))
	  ->  Bitmap Index Scan on sbtest5_pkey  (cost=0.00..34.73 rows=1030 width=0)
	        Index Cond: ((id >= 2541402) AND (id <= 2542401))

table 6 : explain SELECT c FROM sbtest6 WHERE id BETWEEN 3294824 AND 3295823
	Bitmap Heap Scan on sbtest6  (cost=34.44..3791.25 rows=976 width=121)
	  Recheck Cond: ((id >= 3294824) AND (id <= 3295823))
	  ->  Bitmap Index Scan on sbtest6_pkey  (cost=0.00..34.20 rows=976 width=0)
	        Index Cond: ((id >= 3294824) AND (id <= 3295823))

table 7 : explain SELECT c FROM sbtest7 WHERE id BETWEEN 8861303 AND 8862302
	Bitmap Heap Scan on sbtest7  (cost=35.08..4029.52 rows=1039 width=121)
	  Recheck Cond: ((id >= 8861303) AND (id <= 8862302))
	  ->  Bitmap Index Scan on sbtest7_pkey  (cost=0.00..34.83 rows=1039 width=0)
	        Index Cond: ((id >= 8861303) AND (id <= 8862302))

table 8 : explain SELECT c FROM sbtest8 WHERE id BETWEEN 4002914 AND 4003913
	Bitmap Heap Scan on sbtest8  (cost=34.47..3802.72 rows=979 width=121)
	  Recheck Cond: ((id >= 4002914) AND (id <= 4003913))
	  ->  Bitmap Index Scan on sbtest8_pkey  (cost=0.00..34.23 rows=979 width=0)
	        Index Cond: ((id >= 4002914) AND (id <= 4003913))

for: distinct_ranges
table 1 : explain SELECT DISTINCT c FROM sbtest1 WHERE id BETWEEN 6922800 AND 6923799 ORDER BY c
	Unique  (cost=3817.74..3822.60 rows=972 width=121)
	  ->  Sort  (cost=3817.74..3820.17 rows=972 width=121)
	        Sort Key: c
	        ->  Bitmap Heap Scan on sbtest1  (cost=34.40..3769.50 rows=972 width=121)
	              Recheck Cond: ((id >= 6922800) AND (id <= 6923799))
	              ->  Bitmap Index Scan on sbtest1_pkey  (cost=0.00..34.16 rows=972 width=0)
	                    Index Cond: ((id >= 6922800) AND (id <= 6923799))

table 2 : explain SELECT DISTINCT c FROM sbtest2 WHERE id BETWEEN 125798 AND 126797 ORDER BY c
	Unique  (cost=3695.01..3699.70 rows=939 width=121)
	  ->  Sort  (cost=3695.01..3697.36 rows=939 width=121)
	        Sort Key: c
	        ->  Bitmap Heap Scan on sbtest2  (cost=34.06..3648.65 rows=939 width=121)
	              Recheck Cond: ((id >= 125798) AND (id <= 126797))
	              ->  Bitmap Index Scan on sbtest2_pkey  (cost=0.00..33.83 rows=939 width=0)
	                    Index Cond: ((id >= 125798) AND (id <= 126797))

table 3 : explain SELECT DISTINCT c FROM sbtest3 WHERE id BETWEEN 4250768 AND 4251767 ORDER BY c
	Unique  (cost=3778.60..3783.40 rows=961 width=121)
	  ->  Sort  (cost=3778.60..3781.00 rows=961 width=121)
	        Sort Key: c
	        ->  Bitmap Heap Scan on sbtest3  (cost=34.29..3730.99 rows=961 width=121)
	              Recheck Cond: ((id >= 4250768) AND (id <= 4251767))
	              ->  Bitmap Index Scan on sbtest3_pkey  (cost=0.00..34.05 rows=961 width=0)
	                    Index Cond: ((id >= 4250768) AND (id <= 4251767))

table 4 : explain SELECT DISTINCT c FROM sbtest4 WHERE id BETWEEN 3376960 AND 3377959 ORDER BY c
	Unique  (cost=4066.99..4072.13 rows=1028 width=121)
	  ->  Sort  (cost=4066.99..4069.56 rows=1028 width=121)
	        Sort Key: c
	        ->  Index Scan using sbtest4_pkey on sbtest4  (cost=0.43..4015.56 rows=1028 width=121)
	              Index Cond: ((id >= 3376960) AND (id <= 3377959))

table 5 : explain SELECT DISTINCT c FROM sbtest5 WHERE id BETWEEN 944839 AND 945838 ORDER BY c
	Unique  (cost=3762.48..3767.26 rows=956 width=121)
	  ->  Sort  (cost=3762.48..3764.87 rows=956 width=121)
	        Sort Key: c
	        ->  Bitmap Heap Scan on sbtest5  (cost=34.23..3715.16 rows=956 width=121)
	              Recheck Cond: ((id >= 944839) AND (id <= 945838))
	              ->  Bitmap Index Scan on sbtest5_pkey  (cost=0.00..34.00 rows=956 width=0)
	                    Index Cond: ((id >= 944839) AND (id <= 945838))

table 6 : explain SELECT DISTINCT c FROM sbtest6 WHERE id BETWEEN 5392577 AND 5393576 ORDER BY c
	Unique  (cost=3851.23..3856.13 rows=979 width=121)
	  ->  Sort  (cost=3851.23..3853.68 rows=979 width=121)
	        Sort Key: c
	        ->  Bitmap Heap Scan on sbtest6  (cost=34.47..3802.60 rows=979 width=121)
	              Recheck Cond: ((id >= 5392577) AND (id <= 5393576))
	              ->  Bitmap Index Scan on sbtest6_pkey  (cost=0.00..34.23 rows=979 width=0)
	                    Index Cond: ((id >= 5392577) AND (id <= 5393576))

table 7 : explain SELECT DISTINCT c FROM sbtest7 WHERE id BETWEEN 7271395 AND 7272394 ORDER BY c
	Unique  (cost=3589.54..3594.07 rows=905 width=121)
	  ->  Sort  (cost=3589.54..3591.81 rows=905 width=121)
	        Sort Key: c
	        ->  Index Scan using sbtest7_pkey on sbtest7  (cost=0.43..3545.10 rows=905 width=121)
	              Index Cond: ((id >= 7271395) AND (id <= 7272394))

table 8 : explain SELECT DISTINCT c FROM sbtest8 WHERE id BETWEEN 1548667 AND 1549666 ORDER BY c
	Unique  (cost=4280.62..4286.08 rows=1091 width=121)
	  ->  Sort  (cost=4280.62..4283.35 rows=1091 width=121)
	        Sort Key: c
	        ->  Bitmap Heap Scan on sbtest8  (cost=35.62..4225.57 rows=1091 width=121)
	              Recheck Cond: ((id >= 1548667) AND (id <= 1549666))
	              ->  Bitmap Index Scan on sbtest8_pkey  (cost=0.00..35.34 rows=1091 width=0)
	                    Index Cond: ((id >= 1548667) AND (id <= 1549666))

for: distinct_ranges
table 1 : explain SELECT DISTINCT c FROM sbtest1 WHERE id BETWEEN 6640488 AND 6641487 ORDER BY c
	Unique  (cost=3771.77..3776.57 rows=960 width=121)
	  ->  Sort  (cost=3771.77..3774.17 rows=960 width=121)
	        Sort Key: c
	        ->  Bitmap Heap Scan on sbtest1  (cost=34.28..3724.22 rows=960 width=121)
	              Recheck Cond: ((id >= 6640488) AND (id <= 6641487))
	              ->  Bitmap Index Scan on sbtest1_pkey  (cost=0.00..34.04 rows=960 width=0)
	                    Index Cond: ((id >= 6640488) AND (id <= 6641487))

table 2 : explain SELECT DISTINCT c FROM sbtest2 WHERE id BETWEEN 6972333 AND 6973332 ORDER BY c
	Unique  (cost=3871.50..3876.43 rows=985 width=121)
	  ->  Sort  (cost=3871.50..3873.96 rows=985 width=121)
	        Sort Key: c
	        ->  Bitmap Heap Scan on sbtest2  (cost=34.53..3822.53 rows=985 width=121)
	              Recheck Cond: ((id >= 6972333) AND (id <= 6973332))
	              ->  Bitmap Index Scan on sbtest2_pkey  (cost=0.00..34.29 rows=985 width=0)
	                    Index Cond: ((id >= 6972333) AND (id <= 6973332))

table 3 : explain SELECT DISTINCT c FROM sbtest3 WHERE id BETWEEN 1854893 AND 1855892 ORDER BY c
	Unique  (cost=4173.03..4178.35 rows=1064 width=121)
	  ->  Sort  (cost=4173.03..4175.69 rows=1064 width=121)
	        Sort Key: c
	        ->  Bitmap Heap Scan on sbtest3  (cost=35.34..4119.54 rows=1064 width=121)
	              Recheck Cond: ((id >= 1854893) AND (id <= 1855892))
	              ->  Bitmap Index Scan on sbtest3_pkey  (cost=0.00..35.08 rows=1064 width=0)
	                    Index Cond: ((id >= 1854893) AND (id <= 1855892))

table 4 : explain SELECT DISTINCT c FROM sbtest4 WHERE id BETWEEN 7369267 AND 7370266 ORDER BY c
	Unique  (cost=3889.53..3894.45 rows=983 width=121)
	  ->  Sort  (cost=3889.53..3891.99 rows=983 width=121)
	        Sort Key: c
	        ->  Index Scan using sbtest4_pkey on sbtest4  (cost=0.43..3840.67 rows=983 width=121)
	              Index Cond: ((id >= 7369267) AND (id <= 7370266))

table 5 : explain SELECT DISTINCT c FROM sbtest5 WHERE id BETWEEN 4788197 AND 4789196 ORDER BY c
	Unique  (cost=4011.90..4017.00 rows=1021 width=121)
	  ->  Sort  (cost=4011.90..4014.45 rows=1021 width=121)
	        Sort Key: c
	        ->  Bitmap Heap Scan on sbtest5  (cost=34.90..3960.87 rows=1021 width=121)
	              Recheck Cond: ((id >= 4788197) AND (id <= 4789196))
	              ->  Bitmap Index Scan on sbtest5_pkey  (cost=0.00..34.65 rows=1021 width=0)
	                    Index Cond: ((id >= 4788197) AND (id <= 4789196))

table 6 : explain SELECT DISTINCT c FROM sbtest6 WHERE id BETWEEN 1197011 AND 1198010 ORDER BY c
	Unique  (cost=4081.36..4086.56 rows=1039 width=121)
	  ->  Sort  (cost=4081.36..4083.96 rows=1039 width=121)
	        Sort Key: c
	        ->  Bitmap Heap Scan on sbtest6  (cost=35.08..4029.30 rows=1039 width=121)
	              Recheck Cond: ((id >= 1197011) AND (id <= 1198010))
	              ->  Bitmap Index Scan on sbtest6_pkey  (cost=0.00..34.83 rows=1039 width=0)
	                    Index Cond: ((id >= 1197011) AND (id <= 1198010))

table 7 : explain SELECT DISTINCT c FROM sbtest7 WHERE id BETWEEN 9702643 AND 9703642 ORDER BY c
	Unique  (cost=3842.73..3847.57 rows=968 width=121)
	  ->  Sort  (cost=3842.73..3845.15 rows=968 width=121)
	        Sort Key: c
	        ->  Index Scan using sbtest7_pkey on sbtest7  (cost=0.43..3794.72 rows=968 width=121)
	              Index Cond: ((id >= 9702643) AND (id <= 9703642))

table 8 : explain SELECT DISTINCT c FROM sbtest8 WHERE id BETWEEN 4674429 AND 4675428 ORDER BY c
	Unique  (cost=4219.39..4224.76 rows=1075 width=121)
	  ->  Sort  (cost=4219.39..4222.07 rows=1075 width=121)
	        Sort Key: c
	        ->  Bitmap Heap Scan on sbtest8  (cost=35.45..4165.26 rows=1075 width=121)
	              Recheck Cond: ((id >= 4674429) AND (id <= 4675428))
	              ->  Bitmap Index Scan on sbtest8_pkey  (cost=0.00..35.19 rows=1075 width=0)
	                    Index Cond: ((id >= 4674429) AND (id <= 4675428))

for: order_ranges
table 1 : explain SELECT c FROM sbtest1 WHERE id BETWEEN 4073198 AND 4074197 ORDER BY c
	Sort  (cost=3691.29..3693.64 rows=939 width=121)
	  Sort Key: c
	  ->  Bitmap Heap Scan on sbtest1  (cost=34.06..3644.93 rows=939 width=121)
	        Recheck Cond: ((id >= 4073198) AND (id <= 4074197))
	        ->  Bitmap Index Scan on sbtest1_pkey  (cost=0.00..33.83 rows=939 width=0)
	              Index Cond: ((id >= 4073198) AND (id <= 4074197))

table 2 : explain SELECT c FROM sbtest2 WHERE id BETWEEN 8827495 AND 8828494 ORDER BY c
	Sort  (cost=4204.62..4207.30 rows=1072 width=121)
	  Sort Key: c
	  ->  Bitmap Heap Scan on sbtest2  (cost=35.42..4150.67 rows=1072 width=121)
	        Recheck Cond: ((id >= 8827495) AND (id <= 8828494))
	        ->  Bitmap Index Scan on sbtest2_pkey  (cost=0.00..35.16 rows=1072 width=0)
	              Index Cond: ((id >= 8827495) AND (id <= 8828494))

table 3 : explain SELECT c FROM sbtest3 WHERE id BETWEEN 9415462 AND 9416461 ORDER BY c
	Sort  (cost=4127.14..4129.77 rows=1052 width=121)
	  Sort Key: c
	  ->  Bitmap Heap Scan on sbtest3  (cost=35.22..4074.34 rows=1052 width=121)
	        Recheck Cond: ((id >= 9415462) AND (id <= 9416461))
	        ->  Bitmap Index Scan on sbtest3_pkey  (cost=0.00..34.95 rows=1052 width=0)
	              Index Cond: ((id >= 9415462) AND (id <= 9416461))

table 4 : explain SELECT c FROM sbtest4 WHERE id BETWEEN 6005459 AND 6006458 ORDER BY c
	Sort  (cost=4114.30..4116.90 rows=1040 width=121)
	  Sort Key: c
	  ->  Index Scan using sbtest4_pkey on sbtest4  (cost=0.43..4062.18 rows=1040 width=121)
	        Index Cond: ((id >= 6005459) AND (id <= 6006458))

table 5 : explain SELECT c FROM sbtest5 WHERE id BETWEEN 8018299 AND 8019298 ORDER BY c
	Sort  (cost=3762.48..3764.87 rows=956 width=121)
	  Sort Key: c
	  ->  Bitmap Heap Scan on sbtest5  (cost=34.23..3715.16 rows=956 width=121)
	        Recheck Cond: ((id >= 8018299) AND (id <= 8019298))
	        ->  Bitmap Index Scan on sbtest5_pkey  (cost=0.00..34.00 rows=956 width=0)
	              Index Cond: ((id >= 8018299) AND (id <= 8019298))

table 6 : explain SELECT c FROM sbtest6 WHERE id BETWEEN 3942004 AND 3943003 ORDER BY c
	Sort  (cost=4115.85..4118.47 rows=1048 width=121)
	  Sort Key: c
	  ->  Bitmap Heap Scan on sbtest6  (cost=35.18..4063.27 rows=1048 width=121)
	        Recheck Cond: ((id >= 3942004) AND (id <= 3943003))
	        ->  Bitmap Index Scan on sbtest6_pkey  (cost=0.00..34.92 rows=1048 width=0)
	              Index Cond: ((id >= 3942004) AND (id <= 3943003))

table 7 : explain SELECT c FROM sbtest7 WHERE id BETWEEN 6698638 AND 6699637 ORDER BY c
	Sort  (cost=3791.32..3793.71 rows=955 width=121)
	  Sort Key: c
	  ->  Index Scan using sbtest7_pkey on sbtest7  (cost=0.43..3744.05 rows=955 width=121)
	        Index Cond: ((id >= 6698638) AND (id <= 6699637))

table 8 : explain SELECT c FROM sbtest8 WHERE id BETWEEN 3820114 AND 3821113 ORDER BY c
	Sort  (cost=4376.42..4379.21 rows=1115 width=121)
	  Sort Key: c
	  ->  Bitmap Heap Scan on sbtest8  (cost=39.86..4319.99 rows=1115 width=121)
	        Recheck Cond: ((id >= 3820114) AND (id <= 3821113))
	        ->  Bitmap Index Scan on sbtest8_pkey  (cost=0.00..39.59 rows=1115 width=0)
	              Index Cond: ((id >= 3820114) AND (id <= 3821113))

for: sum_ranges
table 1 : explain SELECT SUM(k) FROM sbtest1 WHERE id BETWEEN 3701683 AND 3702682
	Aggregate  (cost=4333.30..4333.31 rows=1 width=8)
	  ->  Bitmap Heap Scan on sbtest1  (cost=39.93..4330.50 rows=1121 width=4)
	        Recheck Cond: ((id >= 3701683) AND (id <= 3702682))
	        ->  Bitmap Index Scan on sbtest1_pkey  (cost=0.00..39.65 rows=1121 width=0)
	              Index Cond: ((id >= 3701683) AND (id <= 3702682))

table 2 : explain SELECT SUM(k) FROM sbtest2 WHERE id BETWEEN 6834527 AND 6835526
	Aggregate  (cost=3662.35..3662.36 rows=1 width=8)
	  ->  Bitmap Heap Scan on sbtest2  (cost=34.09..3659.99 rows=942 width=4)
	        Recheck Cond: ((id >= 6834527) AND (id <= 6835526))
	        ->  Bitmap Index Scan on sbtest2_pkey  (cost=0.00..33.86 rows=942 width=0)
	              Index Cond: ((id >= 6834527) AND (id <= 6835526))

table 3 : explain SELECT SUM(k) FROM sbtest3 WHERE id BETWEEN 7035941 AND 7036940
	Aggregate  (cost=4001.54..4001.55 rows=1 width=8)
	  ->  Bitmap Heap Scan on sbtest3  (cost=35.01..3998.96 rows=1032 width=4)
	        Recheck Cond: ((id >= 7035941) AND (id <= 7036940))
	        ->  Bitmap Index Scan on sbtest3_pkey  (cost=0.00..34.76 rows=1032 width=0)
	              Index Cond: ((id >= 7035941) AND (id <= 7036940))

table 4 : explain SELECT SUM(k) FROM sbtest4 WHERE id BETWEEN 1109166 AND 1110165
	Aggregate  (cost=3734.25..3734.26 rows=1 width=8)
	  ->  Index Scan using sbtest4_pkey on sbtest4  (cost=0.43..3731.86 rows=955 width=4)
	        Index Cond: ((id >= 1109166) AND (id <= 1110165))

table 5 : explain SELECT SUM(k) FROM sbtest5 WHERE id BETWEEN 1037417 AND 1038416
	Aggregate  (cost=3721.33..3721.34 rows=1 width=8)
	  ->  Bitmap Heap Scan on sbtest5  (cost=34.24..3718.94 rows=957 width=4)
	        Recheck Cond: ((id >= 1037417) AND (id <= 1038416))
	        ->  Bitmap Index Scan on sbtest5_pkey  (cost=0.00..34.01 rows=957 width=0)
	              Index Cond: ((id >= 1037417) AND (id <= 1038416))

table 6 : explain SELECT SUM(k) FROM sbtest6 WHERE id BETWEEN 4656770 AND 4657769
	Aggregate  (cost=3657.35..3657.36 rows=1 width=8)
	  ->  Bitmap Heap Scan on sbtest6  (cost=34.07..3655.00 rows=940 width=4)
	        Recheck Cond: ((id >= 4656770) AND (id <= 4657769))
	        ->  Bitmap Index Scan on sbtest6_pkey  (cost=0.00..33.84 rows=940 width=0)
	              Index Cond: ((id >= 4656770) AND (id <= 4657769))

table 7 : explain SELECT SUM(k) FROM sbtest7 WHERE id BETWEEN 4432438 AND 4433437
	Aggregate  (cost=3990.56..3990.57 rows=1 width=8)
	  ->  Bitmap Heap Scan on sbtest7  (cost=34.97..3987.99 rows=1028 width=4)
	        Recheck Cond: ((id >= 4432438) AND (id <= 4433437))
	        ->  Bitmap Index Scan on sbtest7_pkey  (cost=0.00..34.72 rows=1028 width=0)
	              Index Cond: ((id >= 4432438) AND (id <= 4433437))

table 8 : explain SELECT SUM(k) FROM sbtest8 WHERE id BETWEEN 2132080 AND 2133079
	Aggregate  (cost=3743.11..3743.12 rows=1 width=8)
	  ->  Index Scan using sbtest8_pkey on sbtest8  (cost=0.43..3740.73 rows=953 width=4)
	        Index Cond: ((id >= 2132080) AND (id <= 2133079))

for: sum_ranges
table 1 : explain SELECT SUM(k) FROM sbtest1 WHERE id BETWEEN 9012951 AND 9013950
	Aggregate  (cost=4069.77..4069.78 rows=1 width=8)
	  ->  Bitmap Heap Scan on sbtest1  (cost=35.21..4067.14 rows=1051 width=4)
	        Recheck Cond: ((id >= 9012951) AND (id <= 9013950))
	        ->  Bitmap Index Scan on sbtest1_pkey  (cost=0.00..34.95 rows=1051 width=0)
	              Index Cond: ((id >= 9012951) AND (id <= 9013950))

table 2 : explain SELECT SUM(k) FROM sbtest2 WHERE id BETWEEN 8570933 AND 8571932
	Aggregate  (cost=3983.62..3983.63 rows=1 width=8)
	  ->  Bitmap Heap Scan on sbtest2  (cost=34.96..3981.06 rows=1027 width=4)
	        Recheck Cond: ((id >= 8570933) AND (id <= 8571932))
	        ->  Bitmap Index Scan on sbtest2_pkey  (cost=0.00..34.70 rows=1027 width=0)
	              Index Cond: ((id >= 8570933) AND (id <= 8571932))

table 3 : explain SELECT SUM(k) FROM sbtest3 WHERE id BETWEEN 8716315 AND 8717314
	Aggregate  (cost=3631.25..3631.26 rows=1 width=8)
	  ->  Bitmap Heap Scan on sbtest3  (cost=34.01..3628.91 rows=934 width=4)
	        Recheck Cond: ((id >= 8716315) AND (id <= 8717314))
	        ->  Bitmap Index Scan on sbtest3_pkey  (cost=0.00..33.78 rows=934 width=0)
	              Index Cond: ((id >= 8716315) AND (id <= 8717314))

table 4 : explain SELECT SUM(k) FROM sbtest4 WHERE id BETWEEN 2762384 AND 2763383
	Aggregate  (cost=3302.53..3302.54 rows=1 width=8)
	  ->  Index Scan using sbtest4_pkey on sbtest4  (cost=0.43..3300.42 rows=845 width=4)
	        Index Cond: ((id >= 2762384) AND (id <= 2763383))

table 5 : explain SELECT SUM(k) FROM sbtest5 WHERE id BETWEEN 7348038 AND 7349037
	Aggregate  (cost=4186.16..4186.17 rows=1 width=8)
	  ->  Bitmap Heap Scan on sbtest5  (cost=35.51..4183.46 rows=1080 width=4)
	        Recheck Cond: ((id >= 7348038) AND (id <= 7349037))
	        ->  Bitmap Index Scan on sbtest5_pkey  (cost=0.00..35.23 rows=1080 width=0)
	              Index Cond: ((id >= 7348038) AND (id <= 7349037))

table 6 : explain SELECT SUM(k) FROM sbtest6 WHERE id BETWEEN 5267357 AND 5268356
	Aggregate  (cost=4114.97..4114.98 rows=1 width=8)
	  ->  Bitmap Heap Scan on sbtest6  (cost=35.31..4112.32 rows=1061 width=4)
	        Recheck Cond: ((id >= 5267357) AND (id <= 5268356))
	        ->  Bitmap Index Scan on sbtest6_pkey  (cost=0.00..35.05 rows=1061 width=0)
	              Index Cond: ((id >= 5267357) AND (id <= 5268356))

table 7 : explain SELECT SUM(k) FROM sbtest7 WHERE id BETWEEN 5911040 AND 5912039
	Aggregate  (cost=3730.84..3730.85 rows=1 width=8)
	  ->  Index Scan using sbtest7_pkey on sbtest7  (cost=0.43..3728.46 rows=951 width=4)
	        Index Cond: ((id >= 5911040) AND (id <= 5912039))

table 8 : explain SELECT SUM(k) FROM sbtest8 WHERE id BETWEEN 3803991 AND 3804990
	Aggregate  (cost=3489.10..3489.11 rows=1 width=8)
	  ->  Index Scan using sbtest8_pkey on sbtest8  (cost=0.43..3486.88 rows=889 width=4)
	        Index Cond: ((id >= 3803991) AND (id <= 3804990))

for: sum_ranges
table 1 : explain SELECT SUM(k) FROM sbtest1 WHERE id BETWEEN 1571054 AND 1572053
	Aggregate  (cost=4163.86..4163.87 rows=1 width=8)
	  ->  Bitmap Heap Scan on sbtest1  (cost=35.46..4161.17 rows=1076 width=4)
	        Recheck Cond: ((id >= 1571054) AND (id <= 1572053))
	        ->  Bitmap Index Scan on sbtest1_pkey  (cost=0.00..35.20 rows=1076 width=0)
	              Index Cond: ((id >= 1571054) AND (id <= 1572053))

table 2 : explain SELECT SUM(k) FROM sbtest2 WHERE id BETWEEN 2399763 AND 2400762
	Aggregate  (cost=3983.62..3983.63 rows=1 width=8)
	  ->  Bitmap Heap Scan on sbtest2  (cost=34.96..3981.06 rows=1027 width=4)
	        Recheck Cond: ((id >= 2399763) AND (id <= 2400762))
	        ->  Bitmap Index Scan on sbtest2_pkey  (cost=0.00..34.70 rows=1027 width=0)
	              Index Cond: ((id >= 2399763) AND (id <= 2400762))

table 3 : explain SELECT SUM(k) FROM sbtest3 WHERE id BETWEEN 3274677 AND 3275676
	Aggregate  (cost=4012.86..4012.87 rows=1 width=8)
	  ->  Bitmap Heap Scan on sbtest3  (cost=35.04..4010.27 rows=1035 width=4)
	        Recheck Cond: ((id >= 3274677) AND (id <= 3275676))
	        ->  Bitmap Index Scan on sbtest3_pkey  (cost=0.00..34.79 rows=1035 width=0)
	              Index Cond: ((id >= 3274677) AND (id <= 3275676))

table 4 : explain SELECT SUM(k) FROM sbtest4 WHERE id BETWEEN 1165630 AND 1166629
	Aggregate  (cost=3734.25..3734.26 rows=1 width=8)
	  ->  Index Scan using sbtest4_pkey on sbtest4  (cost=0.43..3731.86 rows=955 width=4)
	        Index Cond: ((id >= 1165630) AND (id <= 1166629))

table 5 : explain SELECT SUM(k) FROM sbtest5 WHERE id BETWEEN 609294 AND 610293
	Aggregate  (cost=3861.35..3861.36 rows=1 width=8)
	  ->  Bitmap Heap Scan on sbtest5  (cost=34.62..3858.87 rows=994 width=4)
	        Recheck Cond: ((id >= 609294) AND (id <= 610293))
	        ->  Bitmap Index Scan on sbtest5_pkey  (cost=0.00..34.38 rows=994 width=0)
	              Index Cond: ((id >= 609294) AND (id <= 610293))

table 6 : explain SELECT SUM(k) FROM sbtest6 WHERE id BETWEEN 6928495 AND 6929494
	Aggregate  (cost=3589.12..3589.13 rows=1 width=8)
	  ->  Bitmap Heap Scan on sbtest6  (cost=33.89..3586.82 rows=922 width=4)
	        Recheck Cond: ((id >= 6928495) AND (id <= 6929494))
	        ->  Bitmap Index Scan on sbtest6_pkey  (cost=0.00..33.66 rows=922 width=0)
	              Index Cond: ((id >= 6928495) AND (id <= 6929494))

table 7 : explain SELECT SUM(k) FROM sbtest7 WHERE id BETWEEN 24095 AND 25094
	Aggregate  (cost=3902.48..3902.49 rows=1 width=8)
	  ->  Index Scan using sbtest7_pkey on sbtest7  (cost=0.43..3899.99 rows=995 width=4)
	        Index Cond: ((id >= 24095) AND (id <= 25094))

table 8 : explain SELECT SUM(k) FROM sbtest8 WHERE id BETWEEN 6573657 AND 6574656
	Aggregate  (cost=3922.44..3922.45 rows=1 width=8)
	  ->  Bitmap Heap Scan on sbtest8  (cost=34.79..3919.92 rows=1010 width=4)
	        Recheck Cond: ((id >= 6573657) AND (id <= 6574656))
	        ->  Bitmap Index Scan on sbtest8_pkey  (cost=0.00..34.54 rows=1010 width=0)
	              Index Cond: ((id >= 6573657) AND (id <= 6574656))

for: sum_ranges
table 1 : explain SELECT SUM(k) FROM sbtest1 WHERE id BETWEEN 1529935 AND 1530934
	Aggregate  (cost=4163.86..4163.87 rows=1 width=8)
	  ->  Bitmap Heap Scan on sbtest1  (cost=35.46..4161.17 rows=1076 width=4)
	        Recheck Cond: ((id >= 1529935) AND (id <= 1530934))
	        ->  Bitmap Index Scan on sbtest1_pkey  (cost=0.00..35.20 rows=1076 width=0)
	              Index Cond: ((id >= 1529935) AND (id <= 1530934))

table 2 : explain SELECT SUM(k) FROM sbtest2 WHERE id BETWEEN 4896333 AND 4897332
	Aggregate  (cost=4044.00..4044.01 rows=1 width=8)
	  ->  Bitmap Heap Scan on sbtest2  (cost=35.13..4041.39 rows=1043 width=4)
	        Recheck Cond: ((id >= 4896333) AND (id <= 4897332))
	        ->  Bitmap Index Scan on sbtest2_pkey  (cost=0.00..34.87 rows=1043 width=0)
	              Index Cond: ((id >= 4896333) AND (id <= 4897332))

table 3 : explain SELECT SUM(k) FROM sbtest3 WHERE id BETWEEN 8220590 AND 8221589
	Aggregate  (cost=3676.65..3676.66 rows=1 width=8)
	  ->  Bitmap Heap Scan on sbtest3  (cost=34.13..3674.29 rows=946 width=4)
	        Recheck Cond: ((id >= 8220590) AND (id <= 8221589))
	        ->  Bitmap Index Scan on sbtest3_pkey  (cost=0.00..33.90 rows=946 width=0)
	              Index Cond: ((id >= 8220590) AND (id <= 8221589))

table 4 : explain SELECT SUM(k) FROM sbtest4 WHERE id BETWEEN 7518945 AND 7519944
	Aggregate  (cost=3780.93..3780.94 rows=1 width=8)
	  ->  Index Scan using sbtest4_pkey on sbtest4  (cost=0.43..3778.52 rows=967 width=4)
	        Index Cond: ((id >= 7518945) AND (id <= 7519944))

table 5 : explain SELECT SUM(k) FROM sbtest5 WHERE id BETWEEN 2975008 AND 2976007
	Aggregate  (cost=3622.84..3622.85 rows=1 width=8)
	  ->  Bitmap Heap Scan on sbtest5  (cost=33.98..3620.51 rows=931 width=4)
	        Recheck Cond: ((id >= 2975008) AND (id <= 2976007))
	        ->  Bitmap Index Scan on sbtest5_pkey  (cost=0.00..33.75 rows=931 width=0)
	              Index Cond: ((id >= 2975008) AND (id <= 2976007))

table 6 : explain SELECT SUM(k) FROM sbtest6 WHERE id BETWEEN 8703433 AND 8704432
	Aggregate  (cost=3770.98..3770.99 rows=1 width=8)
	  ->  Bitmap Heap Scan on sbtest6  (cost=34.38..3768.56 rows=970 width=4)
	        Recheck Cond: ((id >= 8703433) AND (id <= 8704432))
	        ->  Bitmap Index Scan on sbtest6_pkey  (cost=0.00..34.14 rows=970 width=0)
	              Index Cond: ((id >= 8703433) AND (id <= 8704432))

table 7 : explain SELECT SUM(k) FROM sbtest7 WHERE id BETWEEN 5072335 AND 5073334
	Aggregate  (cost=3680.10..3680.11 rows=1 width=8)
	  ->  Index Scan using sbtest7_pkey on sbtest7  (cost=0.43..3677.76 rows=938 width=4)
	        Index Cond: ((id >= 5072335) AND (id <= 5073334))

table 8 : explain SELECT SUM(k) FROM sbtest8 WHERE id BETWEEN 232204 AND 233203
	Aggregate  (cost=4115.11..4115.12 rows=1 width=8)
	  ->  Bitmap Heap Scan on sbtest8  (cost=35.31..4112.46 rows=1061 width=4)
	        Recheck Cond: ((id >= 232204) AND (id <= 233203))
	        ->  Bitmap Index Scan on sbtest8_pkey  (cost=0.00..35.05 rows=1061 width=0)
	              Index Cond: ((id >= 232204) AND (id <= 233203))
for: sum_ranges
table 1 : explain SELECT SUM(k) FROM sbtest1 WHERE id BETWEEN 6288060 AND 6289059
	Aggregate  (cost=3677.51..3677.52 rows=1 width=8)
	  ->  Bitmap Heap Scan on sbtest1  (cost=34.14..3675.14 rows=947 width=4)
	        Recheck Cond: ((id >= 6288060) AND (id <= 6289059))
	        ->  Bitmap Index Scan on sbtest1_pkey  (cost=0.00..33.91 rows=947 width=0)
	              Index Cond: ((id >= 6288060) AND (id <= 6289059))

table 2 : explain SELECT SUM(k) FROM sbtest2 WHERE id BETWEEN 8826451 AND 8827450
	Aggregate  (cost=4153.35..4153.36 rows=1 width=8)
	  ->  Bitmap Heap Scan on sbtest2  (cost=35.42..4150.67 rows=1072 width=4)
	        Recheck Cond: ((id >= 8826451) AND (id <= 8827450))
	        ->  Bitmap Index Scan on sbtest2_pkey  (cost=0.00..35.16 rows=1072 width=0)
	              Index Cond: ((id >= 8826451) AND (id <= 8827450))

table 3 : explain SELECT SUM(k) FROM sbtest3 WHERE id BETWEEN 27451 AND 28450
	Aggregate  (cost=4058.11..4058.12 rows=1 width=8)
	  ->  Bitmap Heap Scan on sbtest3  (cost=35.17..4055.50 rows=1047 width=4)
	        Recheck Cond: ((id >= 27451) AND (id <= 28450))
	        ->  Bitmap Index Scan on sbtest3_pkey  (cost=0.00..34.91 rows=1047 width=0)
	              Index Cond: ((id >= 27451) AND (id <= 28450))

table 4 : explain SELECT SUM(k) FROM sbtest4 WHERE id BETWEEN 4954347 AND 4955346
	Aggregate  (cost=4189.21..4189.22 rows=1 width=8)
	  ->  Index Scan using sbtest4_pkey on sbtest4  (cost=0.43..4186.53 rows=1072 width=4)
	        Index Cond: ((id >= 4954347) AND (id <= 4955346))

table 5 : explain SELECT SUM(k) FROM sbtest5 WHERE id BETWEEN 8338431 AND 8339430
	Aggregate  (cost=3827.31..3827.32 rows=1 width=8)
	  ->  Bitmap Heap Scan on sbtest5  (cost=34.53..3824.85 rows=985 width=4)
	        Recheck Cond: ((id >= 8338431) AND (id <= 8339430))
	        ->  Bitmap Index Scan on sbtest5_pkey  (cost=0.00..34.29 rows=985 width=0)
	              Index Cond: ((id >= 8338431) AND (id <= 8339430))

table 6 : explain SELECT SUM(k) FROM sbtest6 WHERE id BETWEEN 2153160 AND 2154159
	Aggregate  (cost=3691.45..3691.46 rows=1 width=8)
	  ->  Bitmap Heap Scan on sbtest6  (cost=34.16..3689.08 rows=949 width=4)
	        Recheck Cond: ((id >= 2153160) AND (id <= 2154159))
	        ->  Bitmap Index Scan on sbtest6_pkey  (cost=0.00..33.93 rows=949 width=0)
	              Index Cond: ((id >= 2153160) AND (id <= 2154159))

table 7 : explain SELECT SUM(k) FROM sbtest7 WHERE id BETWEEN 5807134 AND 5808133
	Aggregate  (cost=3984.42..3984.43 rows=1 width=8)
	  ->  Index Scan using sbtest7_pkey on sbtest7  (cost=0.43..3981.88 rows=1016 width=4)
	        Index Cond: ((id >= 5807134) AND (id <= 5808133))

table 8 : explain SELECT SUM(k) FROM sbtest8 WHERE id BETWEEN 3710238 AND 3711237
	Aggregate  (cost=3489.10..3489.11 rows=1 width=8)
	  ->  Index Scan using sbtest8_pkey on sbtest8  (cost=0.43..3486.88 rows=889 width=4)
	        Index Cond: ((id >= 3710238) AND (id <= 3711237))


for: sum_ranges
table 1 : explain SELECT SUM(k) FROM sbtest1 WHERE id BETWEEN 4923151 AND 4924150
	Aggregate  (cost=3885.13..3885.14 rows=1 width=8)
	  ->  Bitmap Heap Scan on sbtest1  (cost=34.71..3882.62 rows=1002 width=4)
	        Recheck Cond: ((id >= 4923151) AND (id <= 4924150))
	        ->  Bitmap Index Scan on sbtest1_pkey  (cost=0.00..34.45 rows=1002 width=0)
	              Index Cond: ((id >= 4923151) AND (id <= 4924150))

table 2 : explain SELECT SUM(k) FROM sbtest2 WHERE id BETWEEN 2508429 AND 2509428
	Aggregate  (cost=3544.74..3544.75 rows=1 width=8)
	  ->  Bitmap Heap Scan on sbtest2  (cost=29.78..3542.46 rows=912 width=4)
	        Recheck Cond: ((id >= 2508429) AND (id <= 2509428))
	        ->  Bitmap Index Scan on sbtest2_pkey  (cost=0.00..29.55 rows=912 width=0)
	              Index Cond: ((id >= 2508429) AND (id <= 2509428))

table 3 : explain SELECT SUM(k) FROM sbtest3 WHERE id BETWEEN 6637076 AND 6638075
	Aggregate  (cost=4238.96..4238.97 rows=1 width=8)
	  ->  Bitmap Heap Scan on sbtest3  (cost=35.66..4236.22 rows=1095 width=4)
	        Recheck Cond: ((id >= 6637076) AND (id <= 6638075))
	        ->  Bitmap Index Scan on sbtest3_pkey  (cost=0.00..35.39 rows=1095 width=0)
	              Index Cond: ((id >= 6637076) AND (id <= 6638075))

table 4 : explain SELECT SUM(k) FROM sbtest4 WHERE id BETWEEN 7495583 AND 7496582
	Aggregate  (cost=3780.93..3780.94 rows=1 width=8)
	  ->  Index Scan using sbtest4_pkey on sbtest4  (cost=0.43..3778.52 rows=967 width=4)
	        Index Cond: ((id >= 7495583) AND (id <= 7496582))

table 5 : explain SELECT SUM(k) FROM sbtest5 WHERE id BETWEEN 5231800 AND 5232799
	Aggregate  (cost=3675.88..3675.89 rows=1 width=8)
	  ->  Bitmap Heap Scan on sbtest5  (cost=34.12..3673.52 rows=945 width=4)
	        Recheck Cond: ((id >= 5231800) AND (id <= 5232799))
	        ->  Bitmap Index Scan on sbtest5_pkey  (cost=0.00..33.89 rows=945 width=0)
	              Index Cond: ((id >= 5231800) AND (id <= 5232799))

table 6 : explain SELECT SUM(k) FROM sbtest6 WHERE id BETWEEN 7638033 AND 7639032
	Aggregate  (cost=3664.93..3664.94 rows=1 width=8)
	  ->  Bitmap Heap Scan on sbtest6  (cost=34.09..3662.58 rows=942 width=4)
	        Recheck Cond: ((id >= 7638033) AND (id <= 7639032))
	        ->  Bitmap Index Scan on sbtest6_pkey  (cost=0.00..33.86 rows=942 width=0)
	              Index Cond: ((id >= 7638033) AND (id <= 7639032))

table 7 : explain SELECT SUM(k) FROM sbtest7 WHERE id BETWEEN 2996878 AND 2997877
	Aggregate  (cost=3680.10..3680.11 rows=1 width=8)
	  ->  Index Scan using sbtest7_pkey on sbtest7  (cost=0.43..3677.76 rows=938 width=4)
	        Index Cond: ((id >= 2996878) AND (id <= 2997877))

table 8 : explain SELECT SUM(k) FROM sbtest8 WHERE id BETWEEN 6656481 AND 6657480
	Aggregate  (cost=3895.97..3895.98 rows=1 width=8)
	  ->  Bitmap Heap Scan on sbtest8  (cost=34.72..3893.46 rows=1003 width=4)
	        Recheck Cond: ((id >= 6656481) AND (id <= 6657480))
	        ->  Bitmap Index Scan on sbtest8_pkey  (cost=0.00..34.47 rows=1003 width=0)
	              Index Cond: ((id >= 6656481) AND (id <= 6657480))

for: sum_ranges
table 1 : explain SELECT SUM(k) FROM sbtest1 WHERE id BETWEEN 2396998 AND 2397997
	Aggregate  (cost=3401.11..3401.12 rows=1 width=8)
	  ->  Bitmap Heap Scan on sbtest1  (cost=29.40..3398.93 rows=875 width=4)
	        Recheck Cond: ((id >= 2396998) AND (id <= 2397997))
	        ->  Bitmap Index Scan on sbtest1_pkey  (cost=0.00..29.18 rows=875 width=0)
	              Index Cond: ((id >= 2396998) AND (id <= 2397997))

table 2 : explain SELECT SUM(k) FROM sbtest2 WHERE id BETWEEN 687948 AND 688947
	Aggregate  (cost=3787.19..3787.20 rows=1 width=8)
	  ->  Bitmap Heap Scan on sbtest2  (cost=34.43..3784.75 rows=975 width=4)
	        Recheck Cond: ((id >= 687948) AND (id <= 688947))
	        ->  Bitmap Index Scan on sbtest2_pkey  (cost=0.00..34.19 rows=975 width=0)
	              Index Cond: ((id >= 687948) AND (id <= 688947))

table 3 : explain SELECT SUM(k) FROM sbtest3 WHERE id BETWEEN 9243558 AND 9244557
	Aggregate  (cost=3876.99..3877.00 rows=1 width=8)
	  ->  Bitmap Heap Scan on sbtest3  (cost=34.67..3874.49 rows=999 width=4)
	        Recheck Cond: ((id >= 9243558) AND (id <= 9244557))
	        ->  Bitmap Index Scan on sbtest3_pkey  (cost=0.00..34.43 rows=999 width=0)
	              Index Cond: ((id >= 9243558) AND (id <= 9244557))

table 4 : explain SELECT SUM(k) FROM sbtest4 WHERE id BETWEEN 4651669 AND 4652668
	Aggregate  (cost=3948.13..3948.14 rows=1 width=8)
	  ->  Index Scan using sbtest4_pkey on sbtest4  (cost=0.43..3945.60 rows=1010 width=4)
	        Index Cond: ((id >= 4651669) AND (id <= 4652668))

table 5 : explain SELECT SUM(k) FROM sbtest5 WHERE id BETWEEN 1500463 AND 1501462
	Aggregate  (cost=3865.13..3865.14 rows=1 width=8)
	  ->  Bitmap Heap Scan on sbtest5  (cost=34.63..3862.65 rows=995 width=4)
	        Recheck Cond: ((id >= 1500463) AND (id <= 1501462))
	        ->  Bitmap Index Scan on sbtest5_pkey  (cost=0.00..34.39 rows=995 width=0)
	              Index Cond: ((id >= 1500463) AND (id <= 1501462))

table 6 : explain SELECT SUM(k) FROM sbtest6 WHERE id BETWEEN 5041932 AND 5042931
	Aggregate  (cost=3914.75..3914.76 rows=1 width=8)
	  ->  Bitmap Heap Scan on sbtest6  (cost=34.77..3912.23 rows=1008 width=4)
	        Recheck Cond: ((id >= 5041932) AND (id <= 5042931))
	        ->  Bitmap Index Scan on sbtest6_pkey  (cost=0.00..34.52 rows=1008 width=0)
	              Index Cond: ((id >= 5041932) AND (id <= 5042931))

table 7 : explain SELECT SUM(k) FROM sbtest7 WHERE id BETWEEN 2713616 AND 2714615
	Aggregate  (cost=3812.74..3812.75 rows=1 width=8)
	  ->  Index Scan using sbtest7_pkey on sbtest7  (cost=0.43..3810.31 rows=972 width=4)
	        Index Cond: ((id >= 2713616) AND (id <= 2714615))

table 8 : explain SELECT SUM(k) FROM sbtest8 WHERE id BETWEEN 3970415 AND 3971414
	Aggregate  (cost=4118.89..4118.90 rows=1 width=8)
	  ->  Bitmap Heap Scan on sbtest8  (cost=35.32..4116.23 rows=1062 width=4)
	        Recheck Cond: ((id >= 3970415) AND (id <= 3971414))
	        ->  Bitmap Index Scan on sbtest8_pkey  (cost=0.00..35.06 rows=1062 width=0)
	              Index Cond: ((id >= 3970415) AND (id <= 3971414))

for: sum_ranges
table 1 : explain SELECT SUM(k) FROM sbtest1 WHERE id BETWEEN 9359654 AND 9360653
	Aggregate  (cost=3949.22..3949.23 rows=1 width=8)
	  ->  Bitmap Heap Scan on sbtest1  (cost=34.88..3946.68 rows=1019 width=4)
	        Recheck Cond: ((id >= 9359654) AND (id <= 9360653))
	        ->  Bitmap Index Scan on sbtest1_pkey  (cost=0.00..34.62 rows=1019 width=0)
	              Index Cond: ((id >= 9359654) AND (id <= 9360653))

table 2 : explain SELECT SUM(k) FROM sbtest2 WHERE id BETWEEN 918830 AND 919829
	Aggregate  (cost=4308.01..4308.02 rows=1 width=8)
	  ->  Bitmap Heap Scan on sbtest2  (cost=39.83..4305.23 rows=1112 width=4)
	        Recheck Cond: ((id >= 918830) AND (id <= 919829))
	        ->  Bitmap Index Scan on sbtest2_pkey  (cost=0.00..39.56 rows=1112 width=0)
	              Index Cond: ((id >= 918830) AND (id <= 919829))

table 3 : explain SELECT SUM(k) FROM sbtest3 WHERE id BETWEEN 5379903 AND 5380902
	Aggregate  (cost=3729.61..3729.62 rows=1 width=8)
	  ->  Bitmap Heap Scan on sbtest3  (cost=34.28..3727.21 rows=960 width=4)
	        Recheck Cond: ((id >= 5379903) AND (id <= 5380902))
	        ->  Bitmap Index Scan on sbtest3_pkey  (cost=0.00..34.04 rows=960 width=0)
	              Index Cond: ((id >= 5379903) AND (id <= 5380902))

table 4 : explain SELECT SUM(k) FROM sbtest4 WHERE id BETWEEN 2820249 AND 2821248
	Aggregate  (cost=3967.56..3967.57 rows=1 width=8)
	  ->  Index Scan using sbtest4_pkey on sbtest4  (cost=0.43..3965.03 rows=1015 width=4)
	        Index Cond: ((id >= 2820249) AND (id <= 2821248))

table 5 : explain SELECT SUM(k) FROM sbtest5 WHERE id BETWEEN 9988027 AND 9989026
	Aggregate  (cost=3717.55..3717.56 rows=1 width=8)
	  ->  Bitmap Heap Scan on sbtest5  (cost=34.23..3715.16 rows=956 width=4)
	        Recheck Cond: ((id >= 9988027) AND (id <= 9989026))
	        ->  Bitmap Index Scan on sbtest5_pkey  (cost=0.00..34.00 rows=956 width=0)
	              Index Cond: ((id >= 9988027) AND (id <= 9989026))

table 6 : explain SELECT SUM(k) FROM sbtest6 WHERE id BETWEEN 8492468 AND 8493467
	Aggregate  (cost=3842.89..3842.90 rows=1 width=8)
	  ->  Bitmap Heap Scan on sbtest6  (cost=34.57..3840.42 rows=989 width=4)
	        Recheck Cond: ((id >= 8492468) AND (id <= 8493467))
	        ->  Bitmap Index Scan on sbtest6_pkey  (cost=0.00..34.33 rows=989 width=0)
	              Index Cond: ((id >= 8492468) AND (id <= 8493467))

table 7 : explain SELECT SUM(k) FROM sbtest7 WHERE id BETWEEN 1904683 AND 1905682
	Aggregate  (cost=3988.32..3988.33 rows=1 width=8)
	  ->  Index Scan using sbtest7_pkey on sbtest7  (cost=0.43..3985.78 rows=1017 width=4)
	        Index Cond: ((id >= 1904683) AND (id <= 1905682))

table 8 : explain SELECT SUM(k) FROM sbtest8 WHERE id BETWEEN 4851601 AND 4852600
	Aggregate  (cost=3907.32..3907.33 rows=1 width=8)
	  ->  Bitmap Heap Scan on sbtest8  (cost=34.75..3904.80 rows=1006 width=4)
	        Recheck Cond: ((id >= 4851601) AND (id <= 4852600))
	        ->  Bitmap Index Scan on sbtest8_pkey  (cost=0.00..34.50 rows=1006 width=0)
	              Index Cond: ((id >= 4851601) AND (id <= 4852600))

for: order_ranges
table 1 : explain SELECT c FROM sbtest1 WHERE id BETWEEN 8628389 AND 8629388 ORDER BY c
	Sort  (cost=3729.62..3732.00 rows=949 width=121)
	  Sort Key: c
	  ->  Bitmap Heap Scan on sbtest1  (cost=34.16..3682.69 rows=949 width=121)
	        Recheck Cond: ((id >= 8628389) AND (id <= 8629388))
	        ->  Bitmap Index Scan on sbtest1_pkey  (cost=0.00..33.93 rows=949 width=0)
	              Index Cond: ((id >= 8628389) AND (id <= 8629388))

table 2 : explain SELECT c FROM sbtest2 WHERE id BETWEEN 7132720 AND 7133719 ORDER BY c
	Sort  (cost=3552.71..3554.96 rows=903 width=121)
	  Sort Key: c
	  ->  Bitmap Heap Scan on sbtest2  (cost=29.69..3508.37 rows=903 width=121)
	        Recheck Cond: ((id >= 7132720) AND (id <= 7133719))
	        ->  Bitmap Index Scan on sbtest2_pkey  (cost=0.00..29.46 rows=903 width=0)
	              Index Cond: ((id >= 7132720) AND (id <= 7133719))

table 3 : explain SELECT c FROM sbtest3 WHERE id BETWEEN 4064157 AND 4065156 ORDER BY c
	Sort  (cost=3997.03..3999.57 rows=1018 width=121)
	  Sort Key: c
	  ->  Bitmap Heap Scan on sbtest3  (cost=34.87..3946.17 rows=1018 width=121)
	        Recheck Cond: ((id >= 4064157) AND (id <= 4065156))
	        ->  Bitmap Index Scan on sbtest3_pkey  (cost=0.00..34.62 rows=1018 width=0)
	              Index Cond: ((id >= 4064157) AND (id <= 4065156))

table 4 : explain SELECT c FROM sbtest4 WHERE id BETWEEN 5583163 AND 5584162 ORDER BY c
	Sort  (cost=3901.36..3903.82 rows=986 width=121)
	  Sort Key: c
	  ->  Index Scan using sbtest4_pkey on sbtest4  (cost=0.43..3852.33 rows=986 width=121)
	        Index Cond: ((id >= 5583163) AND (id <= 5584162))

table 5 : explain SELECT c FROM sbtest5 WHERE id BETWEEN 3240176 AND 3241175 ORDER BY c
	Sort  (cost=4050.23..4052.80 rows=1031 width=121)
	  Sort Key: c
	  ->  Bitmap Heap Scan on sbtest5  (cost=35.00..3998.63 rows=1031 width=121)
	        Recheck Cond: ((id >= 3240176) AND (id <= 3241175))
	        ->  Bitmap Index Scan on sbtest5_pkey  (cost=0.00..34.75 rows=1031 width=0)
	              Index Cond: ((id >= 3240176) AND (id <= 3241175))

table 6 : explain SELECT c FROM sbtest6 WHERE id BETWEEN 3776231 AND 3777230 ORDER BY c
	Sort  (cost=3977.86..3980.39 rows=1012 width=121)
	  Sort Key: c
	  ->  Bitmap Heap Scan on sbtest6  (cost=34.81..3927.34 rows=1012 width=121)
	        Recheck Cond: ((id >= 3776231) AND (id <= 3777230))
	        ->  Bitmap Index Scan on sbtest6_pkey  (cost=0.00..34.56 rows=1012 width=0)
	              Index Cond: ((id >= 3776231) AND (id <= 3777230))

table 7 : explain SELECT c FROM sbtest7 WHERE id BETWEEN 9728342 AND 9729341 ORDER BY c
	Sort  (cost=3842.73..3845.15 rows=968 width=121)
	  Sort Key: c
	  ->  Index Scan using sbtest7_pkey on sbtest7  (cost=0.43..3794.72 rows=968 width=121)
	        Index Cond: ((id >= 9728342) AND (id <= 9729341))

table 8 : explain SELECT c FROM sbtest8 WHERE id BETWEEN 8944536 AND 8945535 ORDER BY c
	Sort  (cost=3889.74..3892.22 rows=989 width=121)
	  Sort Key: c
	  ->  Bitmap Heap Scan on sbtest8  (cost=34.57..3840.54 rows=989 width=121)
	        Recheck Cond: ((id >= 8944536) AND (id <= 8945535))
	        ->  Bitmap Index Scan on sbtest8_pkey  (cost=0.00..34.33 rows=989 width=0)
	              Index Cond: ((id >= 8944536) AND (id <= 8945535))

for: order_ranges
table 1 : explain SELECT c FROM sbtest1 WHERE id BETWEEN 596755 AND 597754 ORDER BY c
	Sort  (cost=4066.40..4068.99 rows=1037 width=121)
	  Sort Key: c
	  ->  Bitmap Heap Scan on sbtest1  (cost=35.06..4014.46 rows=1037 width=121)
	        Recheck Cond: ((id >= 596755) AND (id <= 597754))
	        ->  Bitmap Index Scan on sbtest1_pkey  (cost=0.00..34.81 rows=1037 width=0)
	              Index Cond: ((id >= 596755) AND (id <= 597754))

table 2 : explain SELECT c FROM sbtest2 WHERE id BETWEEN 8003924 AND 8004923 ORDER BY c
	Sort  (cost=3967.32..3969.84 rows=1010 width=121)
	  Sort Key: c
	  ->  Bitmap Heap Scan on sbtest2  (cost=34.79..3916.92 rows=1010 width=121)
	        Recheck Cond: ((id >= 8003924) AND (id <= 8004923))
	        ->  Bitmap Index Scan on sbtest2_pkey  (cost=0.00..34.54 rows=1010 width=0)
	              Index Cond: ((id >= 8003924) AND (id <= 8004923))

table 3 : explain SELECT c FROM sbtest3 WHERE id BETWEEN 2634404 AND 2635403 ORDER BY c
	Sort  (cost=3728.72..3731.09 rows=948 width=121)
	  Sort Key: c
	  ->  Bitmap Heap Scan on sbtest3  (cost=34.15..3681.85 rows=948 width=121)
	        Recheck Cond: ((id >= 2634404) AND (id <= 2635403))
	        ->  Bitmap Index Scan on sbtest3_pkey  (cost=0.00..33.92 rows=948 width=0)
	              Index Cond: ((id >= 2634404) AND (id <= 2635403))

table 4 : explain SELECT c FROM sbtest4 WHERE id BETWEEN 1028159 AND 1029158 ORDER BY c
	Sort  (cost=3696.36..3698.69 rows=934 width=121)
	  Sort Key: c
	  ->  Index Scan using sbtest4_pkey on sbtest4  (cost=0.43..3650.28 rows=934 width=121)
	        Index Cond: ((id >= 1028159) AND (id <= 1029158))

table 5 : explain SELECT c FROM sbtest5 WHERE id BETWEEN 5768527 AND 5769526 ORDER BY c
	Sort  (cost=4161.31..4163.96 rows=1060 width=121)
	  Sort Key: c
	  ->  Bitmap Heap Scan on sbtest5  (cost=35.30..4108.05 rows=1060 width=121)
	        Recheck Cond: ((id >= 5768527) AND (id <= 5769526))
	        ->  Bitmap Index Scan on sbtest5_pkey  (cost=0.00..35.04 rows=1060 width=0)
	              Index Cond: ((id >= 5768527) AND (id <= 5769526))

table 6 : explain SELECT c FROM sbtest6 WHERE id BETWEEN 4757075 AND 4758074 ORDER BY c
	Sort  (cost=4157.98..4160.63 rows=1059 width=121)
	  Sort Key: c
	  ->  Bitmap Heap Scan on sbtest6  (cost=35.29..4104.77 rows=1059 width=121)
	        Recheck Cond: ((id >= 4757075) AND (id <= 4758074))
	        ->  Bitmap Index Scan on sbtest6_pkey  (cost=0.00..35.03 rows=1059 width=0)
	              Index Cond: ((id >= 4757075) AND (id <= 4758074))

table 7 : explain SELECT c FROM sbtest7 WHERE id BETWEEN 1864278 AND 1865277 ORDER BY c
	Sort  (cost=4036.58..4039.12 rows=1017 width=121)
	  Sort Key: c
	  ->  Index Scan using sbtest7_pkey on sbtest7  (cost=0.43..3985.78 rows=1017 width=121)
	        Index Cond: ((id >= 1864278) AND (id <= 1865277))

table 8 : explain SELECT c FROM sbtest8 WHERE id BETWEEN 3327983 AND 3328982 ORDER BY c
	Sort  (cost=4280.62..4283.35 rows=1091 width=121)
	  Sort Key: c
	  ->  Bitmap Heap Scan on sbtest8  (cost=35.62..4225.57 rows=1091 width=121)
	        Recheck Cond: ((id >= 3327983) AND (id <= 3328982))
	        ->  Bitmap Index Scan on sbtest8_pkey  (cost=0.00..35.34 rows=1091 width=0)
	              Index Cond: ((id >= 3327983) AND (id <= 3328982))

for: order_ranges
table 1 : explain SELECT c FROM sbtest1 WHERE id BETWEEN 1513547 AND 1514546 ORDER BY c
	Sort  (cost=3867.51..3869.97 rows=985 width=121)
	  Sort Key: c
	  ->  Bitmap Heap Scan on sbtest1  (cost=34.53..3818.54 rows=985 width=121)
	        Recheck Cond: ((id >= 1513547) AND (id <= 1514546))
	        ->  Bitmap Index Scan on sbtest1_pkey  (cost=0.00..34.29 rows=985 width=0)
	              Index Cond: ((id >= 1513547) AND (id <= 1514546))

table 2 : explain SELECT c FROM sbtest2 WHERE id BETWEEN 5527305 AND 5528304 ORDER BY c
	Sort  (cost=4135.77..4138.41 rows=1054 width=121)
	  Sort Key: c
	  ->  Bitmap Heap Scan on sbtest2  (cost=35.24..4082.85 rows=1054 width=121)
	        Recheck Cond: ((id >= 5527305) AND (id <= 5528304))
	        ->  Bitmap Index Scan on sbtest2_pkey  (cost=0.00..34.98 rows=1054 width=0)
	              Index Cond: ((id >= 5527305) AND (id <= 5528304))

table 3 : explain SELECT c FROM sbtest3 WHERE id BETWEEN 3747970 AND 3748969 ORDER BY c
	Sort  (cost=3832.28..3834.72 rows=975 width=121)
	  Sort Key: c
	  ->  Bitmap Heap Scan on sbtest3  (cost=34.43..3783.88 rows=975 width=121)
	        Recheck Cond: ((id >= 3747970) AND (id <= 3748969))
	        ->  Bitmap Index Scan on sbtest3_pkey  (cost=0.00..34.19 rows=975 width=0)
	              Index Cond: ((id >= 3747970) AND (id <= 3748969))

table 4 : explain SELECT c FROM sbtest4 WHERE id BETWEEN 9930302 AND 9931301 ORDER BY c
	Sort  (cost=3976.29..3978.80 rows=1005 width=121)
	  Sort Key: c
	  ->  Index Scan using sbtest4_pkey on sbtest4  (cost=0.43..3926.18 rows=1005 width=121)
	        Index Cond: ((id >= 9930302) AND (id <= 9931301))

table 5 : explain SELECT c FROM sbtest5 WHERE id BETWEEN 9059757 AND 9060756 ORDER BY c
	Sort  (cost=4046.39..4048.97 rows=1030 width=121)
	  Sort Key: c
	  ->  Bitmap Heap Scan on sbtest5  (cost=34.99..3994.85 rows=1030 width=121)
	        Recheck Cond: ((id >= 9059757) AND (id <= 9060756))
	        ->  Bitmap Index Scan on sbtest5_pkey  (cost=0.00..34.73 rows=1030 width=0)
	              Index Cond: ((id >= 9059757) AND (id <= 9060756))

table 6 : explain SELECT c FROM sbtest6 WHERE id BETWEEN 8958003 AND 8959002 ORDER BY c
	Sort  (cost=3739.85..3742.23 rows=950 width=121)
	  Sort Key: c
	  ->  Bitmap Heap Scan on sbtest6  (cost=34.17..3692.87 rows=950 width=121)
	        Recheck Cond: ((id >= 8958003) AND (id <= 8959002))
	        ->  Bitmap Index Scan on sbtest6_pkey  (cost=0.00..33.94 rows=950 width=0)
	              Index Cond: ((id >= 8958003) AND (id <= 8959002))

table 7 : explain SELECT c FROM sbtest7 WHERE id BETWEEN 8369435 AND 8370434 ORDER BY c
	Sort  (cost=3597.45..3599.72 rows=907 width=121)
	  Sort Key: c
	  ->  Index Scan using sbtest7_pkey on sbtest7  (cost=0.43..3552.90 rows=907 width=121)
	        Index Cond: ((id >= 8369435) AND (id <= 8370434))

table 8 : explain SELECT c FROM sbtest8 WHERE id BETWEEN 7625680 AND 7626679 ORDER BY c
	Sort  (cost=3799.76..3802.15 rows=956 width=121)
	  Sort Key: c
	  ->  Index Scan using sbtest8_pkey on sbtest8  (cost=0.43..3752.43 rows=956 width=121)
	        Index Cond: ((id >= 7625680) AND (id <= 7626679))

for: order_ranges
table 1 : explain SELECT c FROM sbtest1 WHERE id BETWEEN 6524774 AND 6525773 ORDER BY c
	Sort  (cost=3706.63..3708.98 rows=943 width=121)
	  Sort Key: c
	  ->  Bitmap Heap Scan on sbtest1  (cost=34.10..3660.04 rows=943 width=121)
	        Recheck Cond: ((id >= 6524774) AND (id <= 6525773))
	        ->  Bitmap Index Scan on sbtest1_pkey  (cost=0.00..33.87 rows=943 width=0)
	              Index Cond: ((id >= 6524774) AND (id <= 6525773))

table 2 : explain SELECT c FROM sbtest2 WHERE id BETWEEN 6249222 AND 6250221 ORDER BY c
	Sort  (cost=3825.49..3827.92 rows=973 width=121)
	  Sort Key: c
	  ->  Bitmap Heap Scan on sbtest2  (cost=34.41..3777.19 rows=973 width=121)
	        Recheck Cond: ((id >= 6249222) AND (id <= 6250221))
	        ->  Bitmap Index Scan on sbtest2_pkey  (cost=0.00..34.17 rows=973 width=0)
	              Index Cond: ((id >= 6249222) AND (id <= 6250221))

table 3 : explain SELECT c FROM sbtest3 WHERE id BETWEEN 2487067 AND 2488066 ORDER BY c
	Sort  (cost=3954.91..3957.42 rows=1007 width=121)
	  Sort Key: c
	  ->  Bitmap Heap Scan on sbtest3  (cost=34.76..3904.68 rows=1007 width=121)
	        Recheck Cond: ((id >= 2487067) AND (id <= 2488066))
	        ->  Bitmap Index Scan on sbtest3_pkey  (cost=0.00..34.51 rows=1007 width=0)
	              Index Cond: ((id >= 2487067) AND (id <= 2488066))

table 4 : explain SELECT c FROM sbtest4 WHERE id BETWEEN 6074433 AND 6075432 ORDER BY c
	Sort  (cost=3921.10..3923.58 rows=991 width=121)
	  Sort Key: c
	  ->  Index Scan using sbtest4_pkey on sbtest4  (cost=0.43..3871.79 rows=991 width=121)
	        Index Cond: ((id >= 6074433) AND (id <= 6075432))

table 5 : explain SELECT c FROM sbtest5 WHERE id BETWEEN 4690719 AND 4691718 ORDER BY c
	Sort  (cost=3754.80..3757.18 rows=954 width=121)
	  Sort Key: c
	  ->  Bitmap Heap Scan on sbtest5  (cost=34.21..3707.59 rows=954 width=121)
	        Recheck Cond: ((id >= 4690719) AND (id <= 4691718))
	        ->  Bitmap Index Scan on sbtest5_pkey  (cost=0.00..33.98 rows=954 width=0)
	              Index Cond: ((id >= 4690719) AND (id <= 4691718))

table 6 : explain SELECT c FROM sbtest6 WHERE id BETWEEN 1062485 AND 1063484 ORDER BY c
	Sort  (cost=4096.69..4099.30 rows=1043 width=121)
	  Sort Key: c
	  ->  Bitmap Heap Scan on sbtest6  (cost=35.13..4044.40 rows=1043 width=121)
	        Recheck Cond: ((id >= 1062485) AND (id <= 1063484))
	        ->  Bitmap Index Scan on sbtest6_pkey  (cost=0.00..34.87 rows=1043 width=0)
	              Index Cond: ((id >= 1062485) AND (id <= 1063484))

table 7 : explain SELECT c FROM sbtest7 WHERE id BETWEEN 8537679 AND 8538678 ORDER BY c
	Sort  (cost=3720.11..3722.45 rows=937 width=121)
	  Sort Key: c
	  ->  Index Scan using sbtest7_pkey on sbtest7  (cost=0.43..3673.86 rows=937 width=121)
	        Index Cond: ((id >= 8537679) AND (id <= 8538678))

table 8 : explain SELECT c FROM sbtest8 WHERE id BETWEEN 1920842 AND 1921841 ORDER BY c
	Sort  (cost=4215.56..4218.24 rows=1074 width=121)
	  Sort Key: c
	  ->  Bitmap Heap Scan on sbtest8  (cost=35.44..4161.49 rows=1074 width=121)
	        Recheck Cond: ((id >= 1920842) AND (id <= 1921841))
	        ->  Bitmap Index Scan on sbtest8_pkey  (cost=0.00..35.18 rows=1074 width=0)
	              Index Cond: ((id >= 1920842) AND (id <= 1921841))

for: order_ranges
table 1 : explain SELECT c FROM sbtest1 WHERE id BETWEEN 2798089 AND 2799088 ORDER BY c
	Sort  (cost=3748.78..3751.17 rows=954 width=121)
	  Sort Key: c
	  ->  Bitmap Heap Scan on sbtest1  (cost=34.21..3701.57 rows=954 width=121)
	        Recheck Cond: ((id >= 2798089) AND (id <= 2799088))
	        ->  Bitmap Index Scan on sbtest1_pkey  (cost=0.00..33.98 rows=954 width=0)
	              Index Cond: ((id >= 2798089) AND (id <= 2799088))

table 2 : explain SELECT c FROM sbtest2 WHERE id BETWEEN 6222655 AND 6223654 ORDER BY c
	Sort  (cost=3825.49..3827.92 rows=973 width=121)
	  Sort Key: c
	  ->  Bitmap Heap Scan on sbtest2  (cost=34.41..3777.19 rows=973 width=121)
	        Recheck Cond: ((id >= 6222655) AND (id <= 6223654))
	        ->  Bitmap Index Scan on sbtest2_pkey  (cost=0.00..34.17 rows=973 width=0)
	              Index Cond: ((id >= 6222655) AND (id <= 6223654))

table 3 : explain SELECT c FROM sbtest3 WHERE id BETWEEN 4727578 AND 4728577 ORDER BY c
	Sort  (cost=4065.93..4068.52 rows=1036 width=121)
	  Sort Key: c
	  ->  Bitmap Heap Scan on sbtest3  (cost=35.05..4014.04 rows=1036 width=121)
	        Recheck Cond: ((id >= 4727578) AND (id <= 4728577))
	        ->  Bitmap Index Scan on sbtest3_pkey  (cost=0.00..34.80 rows=1036 width=0)
	              Index Cond: ((id >= 4727578) AND (id <= 4728577))

table 4 : explain SELECT c FROM sbtest4 WHERE id BETWEEN 9384938 AND 9385937 ORDER BY c
	Sort  (cost=4031.51..4034.06 rows=1019 width=121)
	  Sort Key: c
	  ->  Index Scan using sbtest4_pkey on sbtest4  (cost=0.43..3980.60 rows=1019 width=121)
	        Index Cond: ((id >= 9384938) AND (id <= 9385937))

table 5 : explain SELECT c FROM sbtest5 WHERE id BETWEEN 1617183 AND 1618182 ORDER BY c
	Sort  (cost=3969.72..3972.25 rows=1010 width=121)
	  Sort Key: c
	  ->  Bitmap Heap Scan on sbtest5  (cost=34.79..3919.32 rows=1010 width=121)
	        Recheck Cond: ((id >= 1617183) AND (id <= 1618182))
	        ->  Bitmap Index Scan on sbtest5_pkey  (cost=0.00..34.54 rows=1010 width=0)
	              Index Cond: ((id >= 1617183) AND (id <= 1618182))

table 6 : explain SELECT c FROM sbtest6 WHERE id BETWEEN 2431331 AND 2432330 ORDER BY c
	Sort  (cost=3655.29..3657.61 rows=928 width=121)
	  Sort Key: c
	  ->  Bitmap Heap Scan on sbtest6  (cost=33.95..3609.55 rows=928 width=121)
	        Recheck Cond: ((id >= 2431331) AND (id <= 2432330))
	        ->  Bitmap Index Scan on sbtest6_pkey  (cost=0.00..33.72 rows=928 width=0)
	              Index Cond: ((id >= 2431331) AND (id <= 2432330))

table 7 : explain SELECT c FROM sbtest7 WHERE id BETWEEN 7878987 AND 7879986 ORDER BY c
	Sort  (cost=4089.25..4091.85 rows=1041 width=121)
	  Sort Key: c
	  ->  Bitmap Heap Scan on sbtest7  (cost=35.11..4037.07 rows=1041 width=121)
	        Recheck Cond: ((id >= 7878987) AND (id <= 7879986))
	        ->  Bitmap Index Scan on sbtest7_pkey  (cost=0.00..34.84 rows=1041 width=0)
	              Index Cond: ((id >= 7878987) AND (id <= 7879986))

table 8 : explain SELECT c FROM sbtest8 WHERE id BETWEEN 4333479 AND 4334478 ORDER BY c
	Sort  (cost=3993.33..3995.87 rows=1016 width=121)
	  Sort Key: c
	  ->  Bitmap Heap Scan on sbtest8  (cost=34.85..3942.58 rows=1016 width=121)
	        Recheck Cond: ((id >= 4333479) AND (id <= 4334478))
	        ->  Bitmap Index Scan on sbtest8_pkey  (cost=0.00..34.59 rows=1016 width=0)
	              Index Cond: ((id >= 4333479) AND (id <= 4334478))

for: order_ranges
table 1 : explain SELECT c FROM sbtest1 WHERE id BETWEEN 6648608 AND 6649607 ORDER BY c
	Sort  (cost=3771.77..3774.17 rows=960 width=121)
	  Sort Key: c
	  ->  Bitmap Heap Scan on sbtest1  (cost=34.28..3724.22 rows=960 width=121)
	        Recheck Cond: ((id >= 6648608) AND (id <= 6649607))
	        ->  Bitmap Index Scan on sbtest1_pkey  (cost=0.00..34.04 rows=960 width=0)
	              Index Cond: ((id >= 6648608) AND (id <= 6649607))

table 2 : explain SELECT c FROM sbtest2 WHERE id BETWEEN 32553 AND 33552 ORDER BY c
	Sort  (cost=3844.66..3847.11 rows=978 width=121)
	  Sort Key: c
	  ->  Bitmap Heap Scan on sbtest2  (cost=34.46..3796.09 rows=978 width=121)
	        Recheck Cond: ((id >= 32553) AND (id <= 33552))
	        ->  Bitmap Index Scan on sbtest2_pkey  (cost=0.00..34.22 rows=978 width=0)
	              Index Cond: ((id >= 32553) AND (id <= 33552))

table 3 : explain SELECT c FROM sbtest3 WHERE id BETWEEN 4966264 AND 4967263 ORDER BY c
	Sort  (cost=4008.51..4011.07 rows=1021 width=121)
	  Sort Key: c
	  ->  Bitmap Heap Scan on sbtest3  (cost=34.90..3957.49 rows=1021 width=121)
	        Recheck Cond: ((id >= 4966264) AND (id <= 4967263))
	        ->  Bitmap Index Scan on sbtest3_pkey  (cost=0.00..34.65 rows=1021 width=0)
	              Index Cond: ((id >= 4966264) AND (id <= 4967263))

table 4 : explain SELECT c FROM sbtest4 WHERE id BETWEEN 6991924 AND 6992923 ORDER BY c
	Sort  (cost=3716.07..3718.41 rows=939 width=121)
	  Sort Key: c
	  ->  Index Scan using sbtest4_pkey on sbtest4  (cost=0.43..3669.70 rows=939 width=121)
	        Index Cond: ((id >= 6991924) AND (id <= 6992923))

table 5 : explain SELECT c FROM sbtest5 WHERE id BETWEEN 1556440 AND 1557439 ORDER BY c
	Sort  (cost=3912.19..3914.68 rows=995 width=121)
	  Sort Key: c
	  ->  Bitmap Heap Scan on sbtest5  (cost=34.63..3862.65 rows=995 width=121)
	        Recheck Cond: ((id >= 1556440) AND (id <= 1557439))
	        ->  Bitmap Index Scan on sbtest5_pkey  (cost=0.00..34.39 rows=995 width=0)
	              Index Cond: ((id >= 1556440) AND (id <= 1557439))

table 6 : explain SELECT c FROM sbtest6 WHERE id BETWEEN 9339795 AND 9340794 ORDER BY c
	Sort  (cost=3878.10..3880.57 rows=986 width=121)
	  Sort Key: c
	  ->  Bitmap Heap Scan on sbtest6  (cost=34.54..3829.07 rows=986 width=121)
	        Recheck Cond: ((id >= 9339795) AND (id <= 9340794))
	        ->  Bitmap Index Scan on sbtest6_pkey  (cost=0.00..34.30 rows=986 width=0)
	              Index Cond: ((id >= 9339795) AND (id <= 9340794))

table 7 : explain SELECT c FROM sbtest7 WHERE id BETWEEN 7393930 AND 7394929 ORDER BY c
	Sort  (cost=3949.54..3952.02 rows=995 width=121)
	  Sort Key: c
	  ->  Index Scan using sbtest7_pkey on sbtest7  (cost=0.43..3899.99 rows=995 width=121)
	        Index Cond: ((id >= 7393930) AND (id <= 7394929))

table 8 : explain SELECT c FROM sbtest8 WHERE id BETWEEN 2638972 AND 2639971 ORDER BY c
	Sort  (cost=3787.88..3790.27 rows=953 width=121)
	  Sort Key: c
	  ->  Index Scan using sbtest8_pkey on sbtest8  (cost=0.43..3740.73 rows=953 width=121)
	        Index Cond: ((id >= 2638972) AND (id <= 2639971))

for: order_ranges
table 1 : explain SELECT c FROM sbtest1 WHERE id BETWEEN 8172550 AND 8173549 ORDER BY c
	Sort  (cost=3806.25..3808.67 rows=969 width=121)
	  Sort Key: c
	  ->  Bitmap Heap Scan on sbtest1  (cost=34.37..3758.18 rows=969 width=121)
	        Recheck Cond: ((id >= 8172550) AND (id <= 8173549))
	        ->  Bitmap Index Scan on sbtest1_pkey  (cost=0.00..34.12 rows=969 width=0)
	              Index Cond: ((id >= 8172550) AND (id <= 8173549))

table 2 : explain SELECT c FROM sbtest2 WHERE id BETWEEN 5904992 AND 5905991 ORDER BY c
	Sort  (cost=4017.11..4019.67 rows=1023 width=121)
	  Sort Key: c
	  ->  Bitmap Heap Scan on sbtest2  (cost=34.92..3965.97 rows=1023 width=121)
	        Recheck Cond: ((id >= 5904992) AND (id <= 5905991))
	        ->  Bitmap Index Scan on sbtest2_pkey  (cost=0.00..34.67 rows=1023 width=0)
	              Index Cond: ((id >= 5904992) AND (id <= 5905991))

table 3 : explain SELECT c FROM sbtest3 WHERE id BETWEEN 4369946 AND 4370945 ORDER BY c
	Sort  (cost=4287.68..4290.42 rows=1094 width=121)
	  Sort Key: c
	  ->  Bitmap Heap Scan on sbtest3  (cost=35.65..4232.46 rows=1094 width=121)
	        Recheck Cond: ((id >= 4369946) AND (id <= 4370945))
	        ->  Bitmap Index Scan on sbtest3_pkey  (cost=0.00..35.38 rows=1094 width=0)
	              Index Cond: ((id >= 4369946) AND (id <= 4370945))

table 4 : explain SELECT c FROM sbtest4 WHERE id BETWEEN 5668437 AND 5669436 ORDER BY c
	Sort  (cost=4078.82..4081.40 rows=1031 width=121)
	  Sort Key: c
	  ->  Index Scan using sbtest4_pkey on sbtest4  (cost=0.43..4027.22 rows=1031 width=121)
	        Index Cond: ((id >= 5668437) AND (id <= 5669436))

table 5 : explain SELECT c FROM sbtest5 WHERE id BETWEEN 788023 AND 789022 ORDER BY c
	Sort  (cost=4203.43..4206.10 rows=1071 width=121)
	  Sort Key: c
	  ->  Bitmap Heap Scan on sbtest5  (cost=35.41..4149.53 rows=1071 width=121)
	        Recheck Cond: ((id >= 788023) AND (id <= 789022))
	        ->  Bitmap Index Scan on sbtest5_pkey  (cost=0.00..35.15 rows=1071 width=0)
	              Index Cond: ((id >= 788023) AND (id <= 789022))

table 6 : explain SELECT c FROM sbtest6 WHERE id BETWEEN 115817 AND 116816 ORDER BY c
	Sort  (cost=3993.20..3995.74 rows=1016 width=121)
	  Sort Key: c
	  ->  Bitmap Heap Scan on sbtest6  (cost=34.85..3942.45 rows=1016 width=121)
	        Recheck Cond: ((id >= 115817) AND (id <= 116816))
	        ->  Bitmap Index Scan on sbtest6_pkey  (cost=0.00..34.59 rows=1016 width=0)
	              Index Cond: ((id >= 115817) AND (id <= 116816))

table 7 : explain SELECT c FROM sbtest7 WHERE id BETWEEN 3351441 AND 3352440 ORDER BY c
	Sort  (cost=4207.99..4210.67 rows=1072 width=121)
	  Sort Key: c
	  ->  Bitmap Heap Scan on sbtest7  (cost=35.42..4154.03 rows=1072 width=121)
	        Recheck Cond: ((id >= 3351441) AND (id <= 3352440))
	        ->  Bitmap Index Scan on sbtest7_pkey  (cost=0.00..35.16 rows=1072 width=0)
	              Index Cond: ((id >= 3351441) AND (id <= 3352440))

table 8 : explain SELECT c FROM sbtest8 WHERE id BETWEEN 6964496 AND 6965495 ORDER BY c
	Sort  (cost=3866.71..3869.17 rows=983 width=121)
	  Sort Key: c
	  ->  Bitmap Heap Scan on sbtest8  (cost=34.51..3817.85 rows=983 width=121)
	        Recheck Cond: ((id >= 6964496) AND (id <= 6965495))
	        ->  Bitmap Index Scan on sbtest8_pkey  (cost=0.00..34.27 rows=983 width=0)
	              Index Cond: ((id >= 6964496) AND (id <= 6965495))

for: distinct_ranges
table 1 : explain SELECT DISTINCT c FROM sbtest1 WHERE id BETWEEN 3318022 AND 3319021 ORDER BY c
	Unique  (cost=4226.81..4232.20 rows=1079 width=121)
	  ->  Sort  (cost=4226.81..4229.50 rows=1079 width=121)
	        Sort Key: c
	        ->  Bitmap Heap Scan on sbtest1  (cost=35.49..4172.45 rows=1079 width=121)
	              Recheck Cond: ((id >= 3318022) AND (id <= 3319021))
	              ->  Bitmap Index Scan on sbtest1_pkey  (cost=0.00..35.23 rows=1079 width=0)
	                    Index Cond: ((id >= 3318022) AND (id <= 3319021))

table 2 : explain SELECT DISTINCT c FROM sbtest2 WHERE id BETWEEN 7100890 AND 7101889 ORDER BY c
	Unique  (cost=3552.71..3557.22 rows=903 width=121)
	  ->  Sort  (cost=3552.71..3554.96 rows=903 width=121)
	        Sort Key: c
	        ->  Bitmap Heap Scan on sbtest2  (cost=29.69..3508.37 rows=903 width=121)
	              Recheck Cond: ((id >= 7100890) AND (id <= 7101889))
	              ->  Bitmap Index Scan on sbtest2_pkey  (cost=0.00..29.46 rows=903 width=0)
	                    Index Cond: ((id >= 7100890) AND (id <= 7101889))

table 3 : explain SELECT DISTINCT c FROM sbtest3 WHERE id BETWEEN 4414272 AND 4415271 ORDER BY c
	Unique  (cost=4287.68..4293.15 rows=1094 width=121)
	  ->  Sort  (cost=4287.68..4290.42 rows=1094 width=121)
	        Sort Key: c
	        ->  Bitmap Heap Scan on sbtest3  (cost=35.65..4232.46 rows=1094 width=121)
	              Recheck Cond: ((id >= 4414272) AND (id <= 4415271))
	              ->  Bitmap Index Scan on sbtest3_pkey  (cost=0.00..35.38 rows=1094 width=0)
	                    Index Cond: ((id >= 4414272) AND (id <= 4415271))

table 4 : explain SELECT DISTINCT c FROM sbtest4 WHERE id BETWEEN 4166548 AND 4167547 ORDER BY c
	Unique  (cost=4402.26..4407.82 rows=1112 width=121)
	  ->  Sort  (cost=4402.26..4405.04 rows=1112 width=121)
	        Sort Key: c
	        ->  Index Scan using sbtest4_pkey on sbtest4  (cost=0.43..4346.00 rows=1112 width=121)
	              Index Cond: ((id >= 4166548) AND (id <= 4167547))

table 5 : explain SELECT DISTINCT c FROM sbtest5 WHERE id BETWEEN 2939884 AND 2940883 ORDER BY c
	Unique  (cost=3666.42..3671.07 rows=931 width=121)
	  ->  Sort  (cost=3666.42..3668.75 rows=931 width=121)
	        Sort Key: c
	        ->  Bitmap Heap Scan on sbtest5  (cost=33.98..3620.51 rows=931 width=121)
	              Recheck Cond: ((id >= 2939884) AND (id <= 2940883))
	              ->  Bitmap Index Scan on sbtest5_pkey  (cost=0.00..33.75 rows=931 width=0)
	                    Index Cond: ((id >= 2939884) AND (id <= 2940883))

table 6 : explain SELECT DISTINCT c FROM sbtest6 WHERE id BETWEEN 4028662 AND 4029661 ORDER BY c
	Unique  (cost=3966.35..3971.39 rows=1009 width=121)
	  ->  Sort  (cost=3966.35..3968.87 rows=1009 width=121)
	        Sort Key: c
	        ->  Bitmap Heap Scan on sbtest6  (cost=34.78..3916.01 rows=1009 width=121)
	              Recheck Cond: ((id >= 4028662) AND (id <= 4029661))
	              ->  Bitmap Index Scan on sbtest6_pkey  (cost=0.00..34.53 rows=1009 width=0)
	                    Index Cond: ((id >= 4028662) AND (id <= 4029661))

table 7 : explain SELECT DISTINCT c FROM sbtest7 WHERE id BETWEEN 9833999 AND 9834998 ORDER BY c
	Unique  (cost=3834.82..3839.65 rows=966 width=121)
	  ->  Sort  (cost=3834.82..3837.24 rows=966 width=121)
	        Sort Key: c
	        ->  Index Scan using sbtest7_pkey on sbtest7  (cost=0.43..3786.93 rows=966 width=121)
	              Index Cond: ((id >= 9833999) AND (id <= 9834998))

table 8 : explain SELECT DISTINCT c FROM sbtest8 WHERE id BETWEEN 2900969 AND 2901968 ORDER BY c
	Unique  (cost=3581.91..3586.42 rows=902 width=121)
	  ->  Sort  (cost=3581.91..3584.17 rows=902 width=121)
	        Sort Key: c
	        ->  Index Scan using sbtest8_pkey on sbtest8  (cost=0.43..3537.64 rows=902 width=121)
	              Index Cond: ((id >= 2900969) AND (id <= 2901968))

for: distinct_ranges
table 1 : explain SELECT DISTINCT c FROM sbtest1 WHERE id BETWEEN 1201836 AND 1202835 ORDER BY c
	Unique  (cost=4005.24..4010.34 rows=1021 width=121)
	  ->  Sort  (cost=4005.24..4007.79 rows=1021 width=121)
	        Sort Key: c
	        ->  Bitmap Heap Scan on sbtest1  (cost=34.90..3954.21 rows=1021 width=121)
	              Recheck Cond: ((id >= 1201836) AND (id <= 1202835))
	              ->  Bitmap Index Scan on sbtest1_pkey  (cost=0.00..34.65 rows=1021 width=0)
	                    Index Cond: ((id >= 1201836) AND (id <= 1202835))

table 2 : explain SELECT DISTINCT c FROM sbtest2 WHERE id BETWEEN 4336136 AND 4337135 ORDER BY c
	Unique  (cost=3925.17..3930.16 rows=999 width=121)
	  ->  Sort  (cost=3925.17..3927.66 rows=999 width=121)
	        Sort Key: c
	        ->  Bitmap Heap Scan on sbtest2  (cost=34.67..3875.40 rows=999 width=121)
	              Recheck Cond: ((id >= 4336136) AND (id <= 4337135))
	              ->  Bitmap Index Scan on sbtest2_pkey  (cost=0.00..34.43 rows=999 width=0)
	                    Index Cond: ((id >= 4336136) AND (id <= 4337135))

table 3 : explain SELECT DISTINCT c FROM sbtest3 WHERE id BETWEEN 3977355 AND 3978354 ORDER BY c
	Unique  (cost=3790.10..3794.92 rows=964 width=121)
	  ->  Sort  (cost=3790.10..3792.51 rows=964 width=121)
	        Sort Key: c
	        ->  Bitmap Heap Scan on sbtest3  (cost=34.32..3742.32 rows=964 width=121)
	              Recheck Cond: ((id >= 3977355) AND (id <= 3978354))
	              ->  Bitmap Index Scan on sbtest3_pkey  (cost=0.00..34.08 rows=964 width=0)
	                    Index Cond: ((id >= 3977355) AND (id <= 3978354))

table 4 : explain SELECT DISTINCT c FROM sbtest4 WHERE id BETWEEN 8135885 AND 8136884 ORDER BY c
	Unique  (cost=4248.37..4253.74 rows=1074 width=121)
	  ->  Sort  (cost=4248.37..4251.06 rows=1074 width=121)
	        Sort Key: c
	        ->  Index Scan using sbtest4_pkey on sbtest4  (cost=0.43..4194.30 rows=1074 width=121)
	              Index Cond: ((id >= 8135885) AND (id <= 8136884))

table 5 : explain SELECT DISTINCT c FROM sbtest5 WHERE id BETWEEN 7058837 AND 7059836 ORDER BY c
	Unique  (cost=3612.59..3617.18 rows=917 width=121)
	  ->  Sort  (cost=3612.59..3614.88 rows=917 width=121)
	        Sort Key: c
	        ->  Bitmap Heap Scan on sbtest5  (cost=33.83..3567.47 rows=917 width=121)
	              Recheck Cond: ((id >= 7058837) AND (id <= 7059836))
	              ->  Bitmap Index Scan on sbtest5_pkey  (cost=0.00..33.61 rows=917 width=0)
	                    Index Cond: ((id >= 7058837) AND (id <= 7059836))

table 6 : explain SELECT DISTINCT c FROM sbtest6 WHERE id BETWEEN 3980236 AND 3981235 ORDER BY c
	Unique  (cost=4115.85..4121.09 rows=1048 width=121)
	  ->  Sort  (cost=4115.85..4118.47 rows=1048 width=121)
	        Sort Key: c
	        ->  Bitmap Heap Scan on sbtest6  (cost=35.18..4063.27 rows=1048 width=121)
	              Recheck Cond: ((id >= 3980236) AND (id <= 3981235))
	              ->  Bitmap Index Scan on sbtest6_pkey  (cost=0.00..34.92 rows=1048 width=0)
	                    Index Cond: ((id >= 3980236) AND (id <= 3981235))

table 7 : explain SELECT DISTINCT c FROM sbtest7 WHERE id BETWEEN 1854795 AND 1855794 ORDER BY c
	Unique  (cost=4036.58..4041.66 rows=1017 width=121)
	  ->  Sort  (cost=4036.58..4039.12 rows=1017 width=121)
	        Sort Key: c
	        ->  Index Scan using sbtest7_pkey on sbtest7  (cost=0.43..3985.78 rows=1017 width=121)
	              Index Cond: ((id >= 1854795) AND (id <= 1855794))

table 8 : explain SELECT DISTINCT c FROM sbtest8 WHERE id BETWEEN 2653902 AND 2654901 ORDER BY c
	Unique  (cost=3787.88..3792.65 rows=953 width=121)
	  ->  Sort  (cost=3787.88..3790.27 rows=953 width=121)
	        Sort Key: c
	        ->  Index Scan using sbtest8_pkey on sbtest8  (cost=0.43..3740.73 rows=953 width=121)
	              Index Cond: ((id >= 2653902) AND (id <= 2654901))

for: distinct_ranges
table 1 : explain SELECT DISTINCT c FROM sbtest1 WHERE id BETWEEN 1988445 AND 1989444 ORDER BY c
	Unique  (cost=3940.22..3945.24 rows=1004 width=121)
	  ->  Sort  (cost=3940.22..3942.73 rows=1004 width=121)
	        Sort Key: c
	        ->  Bitmap Heap Scan on sbtest1  (cost=34.73..3890.16 rows=1004 width=121)
	              Recheck Cond: ((id >= 1988445) AND (id <= 1989444))
	              ->  Bitmap Index Scan on sbtest1_pkey  (cost=0.00..34.48 rows=1004 width=0)
	                    Index Cond: ((id >= 1988445) AND (id <= 1989444))

table 2 : explain SELECT DISTINCT c FROM sbtest2 WHERE id BETWEEN 3217327 AND 3218326 ORDER BY c
	Unique  (cost=3545.02..3549.52 rows=901 width=121)
	  ->  Sort  (cost=3545.02..3547.27 rows=901 width=121)
	        Sort Key: c
	        ->  Bitmap Heap Scan on sbtest2  (cost=29.67..3500.80 rows=901 width=121)
	              Recheck Cond: ((id >= 3217327) AND (id <= 3218326))
	              ->  Bitmap Index Scan on sbtest2_pkey  (cost=0.00..29.44 rows=901 width=0)
	                    Index Cond: ((id >= 3217327) AND (id <= 3218326))

table 3 : explain SELECT DISTINCT c FROM sbtest3 WHERE id BETWEEN 3350937 AND 3351936 ORDER BY c
	Unique  (cost=3916.60..3921.58 rows=997 width=121)
	  ->  Sort  (cost=3916.60..3919.09 rows=997 width=121)
	        Sort Key: c
	        ->  Bitmap Heap Scan on sbtest3  (cost=34.65..3866.94 rows=997 width=121)
	              Recheck Cond: ((id >= 3350937) AND (id <= 3351936))
	              ->  Bitmap Index Scan on sbtest3_pkey  (cost=0.00..34.41 rows=997 width=0)
	                    Index Cond: ((id >= 3350937) AND (id <= 3351936))

table 4 : explain SELECT DISTINCT c FROM sbtest4 WHERE id BETWEEN 1158752 AND 1159751 ORDER BY c
	Unique  (cost=3779.13..3783.91 rows=955 width=121)
	  ->  Sort  (cost=3779.13..3781.52 rows=955 width=121)
	        Sort Key: c
	        ->  Index Scan using sbtest4_pkey on sbtest4  (cost=0.43..3731.86 rows=955 width=121)
	              Index Cond: ((id >= 1158752) AND (id <= 1159751))

table 5 : explain SELECT DISTINCT c FROM sbtest5 WHERE id BETWEEN 9021357 AND 9022356 ORDER BY c
	Unique  (cost=4046.39..4051.54 rows=1030 width=121)
	  ->  Sort  (cost=4046.39..4048.97 rows=1030 width=121)
	        Sort Key: c
	        ->  Bitmap Heap Scan on sbtest5  (cost=34.99..3994.85 rows=1030 width=121)
	              Recheck Cond: ((id >= 9021357) AND (id <= 9022356))
	              ->  Bitmap Index Scan on sbtest5_pkey  (cost=0.00..34.73 rows=1030 width=0)
	                    Index Cond: ((id >= 9021357) AND (id <= 9022356))

table 6 : explain SELECT DISTINCT c FROM sbtest6 WHERE id BETWEEN 8868197 AND 8869196 ORDER BY c
	Unique  (cost=4142.66..4147.94 rows=1055 width=121)
	  ->  Sort  (cost=4142.66..4145.30 rows=1055 width=121)
	        Sort Key: c
	        ->  Bitmap Heap Scan on sbtest6  (cost=35.25..4089.68 rows=1055 width=121)
	              Recheck Cond: ((id >= 8868197) AND (id <= 8869196))
	              ->  Bitmap Index Scan on sbtest6_pkey  (cost=0.00..34.98 rows=1055 width=0)
	                    Index Cond: ((id >= 8868197) AND (id <= 8869196))

table 7 : explain SELECT DISTINCT c FROM sbtest7 WHERE id BETWEEN 4456787 AND 4457786 ORDER BY c
	Unique  (cost=4039.42..4044.56 rows=1028 width=121)
	  ->  Sort  (cost=4039.42..4041.99 rows=1028 width=121)
	        Sort Key: c
	        ->  Bitmap Heap Scan on sbtest7  (cost=34.97..3987.99 rows=1028 width=121)
	              Recheck Cond: ((id >= 4456787) AND (id <= 4457786))
	              ->  Bitmap Index Scan on sbtest7_pkey  (cost=0.00..34.72 rows=1028 width=0)
	                    Index Cond: ((id >= 4456787) AND (id <= 4457786))

table 8 : explain SELECT DISTINCT c FROM sbtest8 WHERE id BETWEEN 3879226 AND 3880225 ORDER BY c
	Unique  (cost=4376.42..4382.00 rows=1115 width=121)
	  ->  Sort  (cost=4376.42..4379.21 rows=1115 width=121)
	        Sort Key: c
	        ->  Bitmap Heap Scan on sbtest8  (cost=39.86..4319.99 rows=1115 width=121)
	              Recheck Cond: ((id >= 3879226) AND (id <= 3880225))
	              ->  Bitmap Index Scan on sbtest8_pkey  (cost=0.00..39.59 rows=1115 width=0)
	                    Index Cond: ((id >= 3879226) AND (id <= 3880225))

for: distinct_ranges
table 1 : explain SELECT DISTINCT c FROM sbtest1 WHERE id BETWEEN 4270988 AND 4271987 ORDER BY c
	Unique  (cost=3787.10..3791.92 rows=964 width=121)
	  ->  Sort  (cost=3787.10..3789.51 rows=964 width=121)
	        Sort Key: c
	        ->  Bitmap Heap Scan on sbtest1  (cost=34.32..3739.32 rows=964 width=121)
	              Recheck Cond: ((id >= 4270988) AND (id <= 4271987))
	              ->  Bitmap Index Scan on sbtest1_pkey  (cost=0.00..34.08 rows=964 width=0)
	                    Index Cond: ((id >= 4270988) AND (id <= 4271987))

table 2 : explain SELECT DISTINCT c FROM sbtest2 WHERE id BETWEEN 2940852 AND 2941851 ORDER BY c
	Unique  (cost=3787.12..3791.94 rows=963 width=121)
	  ->  Sort  (cost=3787.12..3789.53 rows=963 width=121)
	        Sort Key: c
	        ->  Bitmap Heap Scan on sbtest2  (cost=34.31..3739.40 rows=963 width=121)
	              Recheck Cond: ((id >= 2940852) AND (id <= 2941851))
	              ->  Bitmap Index Scan on sbtest2_pkey  (cost=0.00..34.07 rows=963 width=0)
	                    Index Cond: ((id >= 2940852) AND (id <= 2941851))

table 3 : explain SELECT DISTINCT c FROM sbtest3 WHERE id BETWEEN 3207329 AND 3208328 ORDER BY c
	Unique  (cost=4062.10..4067.28 rows=1035 width=121)
	  ->  Sort  (cost=4062.10..4064.69 rows=1035 width=121)
	        Sort Key: c
	        ->  Bitmap Heap Scan on sbtest3  (cost=35.04..4010.27 rows=1035 width=121)
	              Recheck Cond: ((id >= 3207329) AND (id <= 3208328))
	              ->  Bitmap Index Scan on sbtest3_pkey  (cost=0.00..34.79 rows=1035 width=0)
	                    Index Cond: ((id >= 3207329) AND (id <= 3208328))

table 4 : explain SELECT DISTINCT c FROM sbtest4 WHERE id BETWEEN 973580 AND 974579 ORDER BY c
	Unique  (cost=4031.51..4036.61 rows=1019 width=121)
	  ->  Sort  (cost=4031.51..4034.06 rows=1019 width=121)
	        Sort Key: c
	        ->  Index Scan using sbtest4_pkey on sbtest4  (cost=0.43..3980.60 rows=1019 width=121)
	              Index Cond: ((id >= 973580) AND (id <= 974579))

table 5 : explain SELECT DISTINCT c FROM sbtest5 WHERE id BETWEEN 5727461 AND 5728460 ORDER BY c
	Unique  (cost=4161.31..4166.61 rows=1060 width=121)
	  ->  Sort  (cost=4161.31..4163.96 rows=1060 width=121)
	        Sort Key: c
	        ->  Bitmap Heap Scan on sbtest5  (cost=35.30..4108.05 rows=1060 width=121)
	              Recheck Cond: ((id >= 5727461) AND (id <= 5728460))
	              ->  Bitmap Index Scan on sbtest5_pkey  (cost=0.00..35.04 rows=1060 width=0)
	                    Index Cond: ((id >= 5727461) AND (id <= 5728460))

table 6 : explain SELECT DISTINCT c FROM sbtest6 WHERE id BETWEEN 8070713 AND 8071712 ORDER BY c
	Unique  (cost=3966.35..3971.39 rows=1009 width=121)
	  ->  Sort  (cost=3966.35..3968.87 rows=1009 width=121)
	        Sort Key: c
	        ->  Bitmap Heap Scan on sbtest6  (cost=34.78..3916.01 rows=1009 width=121)
	              Recheck Cond: ((id >= 8070713) AND (id <= 8071712))
	              ->  Bitmap Index Scan on sbtest6_pkey  (cost=0.00..34.53 rows=1009 width=0)
	                    Index Cond: ((id >= 8070713) AND (id <= 8071712))

table 7 : explain SELECT DISTINCT c FROM sbtest7 WHERE id BETWEEN 4924393 AND 4925392 ORDER BY c
	Unique  (cost=4089.25..4094.45 rows=1041 width=121)
	  ->  Sort  (cost=4089.25..4091.85 rows=1041 width=121)
	        Sort Key: c
	        ->  Bitmap Heap Scan on sbtest7  (cost=35.11..4037.07 rows=1041 width=121)
	              Recheck Cond: ((id >= 4924393) AND (id <= 4925392))
	              ->  Bitmap Index Scan on sbtest7_pkey  (cost=0.00..34.84 rows=1041 width=0)
	                    Index Cond: ((id >= 4924393) AND (id <= 4925392))

table 8 : explain SELECT DISTINCT c FROM sbtest8 WHERE id BETWEEN 6307950 AND 6308949 ORDER BY c
	Unique  (cost=3799.76..3804.54 rows=956 width=121)
	  ->  Sort  (cost=3799.76..3802.15 rows=956 width=121)
	        Sort Key: c
	        ->  Index Scan using sbtest8_pkey on sbtest8  (cost=0.43..3752.43 rows=956 width=121)
	              Index Cond: ((id >= 6307950) AND (id <= 6308949))

for: order_ranges
table 1 : explain SELECT c FROM sbtest1 WHERE id BETWEEN 146913 AND 147912 ORDER BY c
	Sort  (cost=3603.09..3605.38 rows=916 width=121)
	  Sort Key: c
	  ->  Bitmap Heap Scan on sbtest1  (cost=33.82..3558.02 rows=916 width=121)
	        Recheck Cond: ((id >= 146913) AND (id <= 147912))
	        ->  Bitmap Index Scan on sbtest1_pkey  (cost=0.00..33.59 rows=916 width=0)
	              Index Cond: ((id >= 146913) AND (id <= 147912))

table 2 : explain SELECT c FROM sbtest2 WHERE id BETWEEN 6746705 AND 6747704 ORDER BY c
	Sort  (cost=3879.17..3881.64 rows=987 width=121)
	  Sort Key: c
	  ->  Bitmap Heap Scan on sbtest2  (cost=34.55..3830.08 rows=987 width=121)
	        Recheck Cond: ((id >= 6746705) AND (id <= 6747704))
	        ->  Bitmap Index Scan on sbtest2_pkey  (cost=0.00..34.31 rows=987 width=0)
	              Index Cond: ((id >= 6746705) AND (id <= 6747704))

table 3 : explain SELECT c FROM sbtest3 WHERE id BETWEEN 4614167 AND 4615166 ORDER BY c
	Sort  (cost=3663.47..3665.80 rows=931 width=121)
	  Sort Key: c
	  ->  Bitmap Heap Scan on sbtest3  (cost=33.98..3617.56 rows=931 width=121)
	        Recheck Cond: ((id >= 4614167) AND (id <= 4615166))
	        ->  Bitmap Index Scan on sbtest3_pkey  (cost=0.00..33.75 rows=931 width=0)
	              Index Cond: ((id >= 4614167) AND (id <= 4615166))

table 4 : explain SELECT c FROM sbtest4 WHERE id BETWEEN 6167174 AND 6168173 ORDER BY c
	Sort  (cost=3842.23..3844.66 rows=971 width=121)
	  Sort Key: c
	  ->  Index Scan using sbtest4_pkey on sbtest4  (cost=0.43..3794.05 rows=971 width=121)
	        Index Cond: ((id >= 6167174) AND (id <= 6168173))

table 5 : explain SELECT c FROM sbtest5 WHERE id BETWEEN 2760674 AND 2761673 ORDER BY c
	Sort  (cost=3477.77..3479.98 rows=883 width=121)
	  Sort Key: c
	  ->  Bitmap Heap Scan on sbtest5  (cost=29.49..3434.56 rows=883 width=121)
	        Recheck Cond: ((id >= 2760674) AND (id <= 2761673))
	        ->  Bitmap Index Scan on sbtest5_pkey  (cost=0.00..29.26 rows=883 width=0)
	              Index Cond: ((id >= 2760674) AND (id <= 2761673))

table 6 : explain SELECT c FROM sbtest6 WHERE id BETWEEN 8819278 AND 8820277 ORDER BY c
	Sort  (cost=4035.37..4037.94 rows=1027 width=121)
	  Sort Key: c
	  ->  Bitmap Heap Scan on sbtest6  (cost=34.96..3984.00 rows=1027 width=121)
	        Recheck Cond: ((id >= 8819278) AND (id <= 8820277))
	        ->  Bitmap Index Scan on sbtest6_pkey  (cost=0.00..34.70 rows=1027 width=0)
	              Index Cond: ((id >= 8819278) AND (id <= 8820277))

table 7 : explain SELECT c FROM sbtest7 WHERE id BETWEEN 7044913 AND 7045912 ORDER BY c
	Sort  (cost=3917.90..3920.37 rows=987 width=121)
	  Sort Key: c
	  ->  Index Scan using sbtest7_pkey on sbtest7  (cost=0.43..3868.81 rows=987 width=121)
	        Index Cond: ((id >= 7044913) AND (id <= 7045912))

table 8 : explain SELECT c FROM sbtest8 WHERE id BETWEEN 3563893 AND 3564892 ORDER BY c
	Sort  (cost=4429.95..4432.77 rows=1129 width=121)
	  Sort Key: c
	  ->  Bitmap Heap Scan on sbtest8  (cost=40.01..4372.70 rows=1129 width=121)
	        Recheck Cond: ((id >= 3563893) AND (id <= 3564892))
	        ->  Bitmap Index Scan on sbtest8_pkey  (cost=0.00..39.73 rows=1129 width=0)
	              Index Cond: ((id >= 3563893) AND (id <= 3564892))

for: distinct_ranges
table 1 : explain SELECT DISTINCT c FROM sbtest1 WHERE id BETWEEN 8470232 AND 8471231 ORDER BY c
	Unique  (cost=4001.41..4006.51 rows=1020 width=121)
	  ->  Sort  (cost=4001.41..4003.96 rows=1020 width=121)
	        Sort Key: c
	        ->  Bitmap Heap Scan on sbtest1  (cost=34.89..3950.44 rows=1020 width=121)
	              Recheck Cond: ((id >= 8470232) AND (id <= 8471231))
	              ->  Bitmap Index Scan on sbtest1_pkey  (cost=0.00..34.64 rows=1020 width=0)
	                    Index Cond: ((id >= 8470232) AND (id <= 8471231))

table 2 : explain SELECT DISTINCT c FROM sbtest2 WHERE id BETWEEN 835741 AND 836740 ORDER BY c
	Unique  (cost=3675.81..3680.48 rows=934 width=121)
	  ->  Sort  (cost=3675.81..3678.15 rows=934 width=121)
	        Sort Key: c
	        ->  Bitmap Heap Scan on sbtest2  (cost=34.01..3629.73 rows=934 width=121)
	              Recheck Cond: ((id >= 835741) AND (id <= 836740))
	              ->  Bitmap Index Scan on sbtest2_pkey  (cost=0.00..33.78 rows=934 width=0)
	                    Index Cond: ((id >= 835741) AND (id <= 836740))

table 3 : explain SELECT DISTINCT c FROM sbtest3 WHERE id BETWEEN 8813764 AND 8814763 ORDER BY c
	Unique  (cost=3674.99..3679.66 rows=934 width=121)
	  ->  Sort  (cost=3674.99..3677.33 rows=934 width=121)
	        Sort Key: c
	        ->  Bitmap Heap Scan on sbtest3  (cost=34.01..3628.91 rows=934 width=121)
	              Recheck Cond: ((id >= 8813764) AND (id <= 8814763))
	              ->  Bitmap Index Scan on sbtest3_pkey  (cost=0.00..33.78 rows=934 width=0)
	                    Index Cond: ((id >= 8813764) AND (id <= 8814763))

table 4 : explain SELECT DISTINCT c FROM sbtest4 WHERE id BETWEEN 7424799 AND 7425798 ORDER BY c
	Unique  (cost=3826.47..3831.30 rows=967 width=121)
	  ->  Sort  (cost=3826.47..3828.88 rows=967 width=121)
	        Sort Key: c
	        ->  Index Scan using sbtest4_pkey on sbtest4  (cost=0.43..3778.52 rows=967 width=121)
	              Index Cond: ((id >= 7424799) AND (id <= 7425798))

table 5 : explain SELECT DISTINCT c FROM sbtest5 WHERE id BETWEEN 184461 AND 185460 ORDER BY c
	Unique  (cost=4364.27..4369.83 rows=1112 width=121)
	  ->  Sort  (cost=4364.27..4367.05 rows=1112 width=121)
	        Sort Key: c
	        ->  Bitmap Heap Scan on sbtest5  (cost=39.83..4308.01 rows=1112 width=121)
	              Recheck Cond: ((id >= 184461) AND (id <= 185460))
	              ->  Bitmap Index Scan on sbtest5_pkey  (cost=0.00..39.56 rows=1112 width=0)
	                    Index Cond: ((id >= 184461) AND (id <= 185460))

table 6 : explain SELECT DISTINCT c FROM sbtest6 WHERE id BETWEEN 8315070 AND 8316069 ORDER BY c
	Unique  (cost=4196.27..4201.62 rows=1069 width=121)
	  ->  Sort  (cost=4196.27..4198.94 rows=1069 width=121)
	        Sort Key: c
	        ->  Bitmap Heap Scan on sbtest6  (cost=35.39..4142.49 rows=1069 width=121)
	              Recheck Cond: ((id >= 8315070) AND (id <= 8316069))
	              ->  Bitmap Index Scan on sbtest6_pkey  (cost=0.00..35.12 rows=1069 width=0)
	                    Index Cond: ((id >= 8315070) AND (id <= 8316069))

table 7 : explain SELECT DISTINCT c FROM sbtest7 WHERE id BETWEEN 1222869 AND 1223868 ORDER BY c
	Unique  (cost=4016.80..4021.86 rows=1012 width=121)
	  ->  Sort  (cost=4016.80..4019.33 rows=1012 width=121)
	        Sort Key: c
	        ->  Index Scan using sbtest7_pkey on sbtest7  (cost=0.43..3966.29 rows=1012 width=121)
	              Index Cond: ((id >= 1222869) AND (id <= 1223868))

table 8 : explain SELECT DISTINCT c FROM sbtest8 WHERE id BETWEEN 477300 AND 478299 ORDER BY c
	Unique  (cost=3720.55..3725.23 rows=936 width=121)
	  ->  Sort  (cost=3720.55..3722.89 rows=936 width=121)
	        Sort Key: c
	        ->  Index Scan using sbtest8_pkey on sbtest8  (cost=0.43..3674.35 rows=936 width=121)
	              Index Cond: ((id >= 477300) AND (id <= 478299))

for: distinct_ranges
table 1 : explain SELECT DISTINCT c FROM sbtest1 WHERE id BETWEEN 7049485 AND 7050484 ORDER BY c
	Unique  (cost=4161.91..4167.22 rows=1062 width=121)
	  ->  Sort  (cost=4161.91..4164.56 rows=1062 width=121)
	        Sort Key: c
	        ->  Bitmap Heap Scan on sbtest1  (cost=35.32..4108.53 rows=1062 width=121)
	              Recheck Cond: ((id >= 7049485) AND (id <= 7050484))
	              ->  Bitmap Index Scan on sbtest1_pkey  (cost=0.00..35.06 rows=1062 width=0)
	                    Index Cond: ((id >= 7049485) AND (id <= 7050484))

table 2 : explain SELECT DISTINCT c FROM sbtest2 WHERE id BETWEEN 3065414 AND 3066413 ORDER BY c
	Unique  (cost=3913.67..3918.65 rows=996 width=121)
	  ->  Sort  (cost=3913.67..3916.16 rows=996 width=121)
	        Sort Key: c
	        ->  Bitmap Heap Scan on sbtest2  (cost=34.64..3864.07 rows=996 width=121)
	              Recheck Cond: ((id >= 3065414) AND (id <= 3066413))
	              ->  Bitmap Index Scan on sbtest2_pkey  (cost=0.00..34.40 rows=996 width=0)
	                    Index Cond: ((id >= 3065414) AND (id <= 3066413))

table 3 : explain SELECT DISTINCT c FROM sbtest3 WHERE id BETWEEN 2783809 AND 2784808 ORDER BY c
	Unique  (cost=4264.76..4270.20 rows=1088 width=121)
	  ->  Sort  (cost=4264.76..4267.48 rows=1088 width=121)
	        Sort Key: c
	        ->  Bitmap Heap Scan on sbtest3  (cost=35.59..4209.88 rows=1088 width=121)
	              Recheck Cond: ((id >= 2783809) AND (id <= 2784808))
	              ->  Bitmap Index Scan on sbtest3_pkey  (cost=0.00..35.32 rows=1088 width=0)
	                    Index Cond: ((id >= 2783809) AND (id <= 2784808))

table 4 : explain SELECT DISTINCT c FROM sbtest4 WHERE id BETWEEN 8408904 AND 8409903 ORDER BY c
	Unique  (cost=4043.34..4048.45 rows=1022 width=121)
	  ->  Sort  (cost=4043.34..4045.89 rows=1022 width=121)
	        Sort Key: c
	        ->  Index Scan using sbtest4_pkey on sbtest4  (cost=0.43..3992.25 rows=1022 width=121)
	              Index Cond: ((id >= 8408904) AND (id <= 8409903))

table 5 : explain SELECT DISTINCT c FROM sbtest5 WHERE id BETWEEN 7045208 AND 7046207 ORDER BY c
	Unique  (cost=3612.59..3617.18 rows=917 width=121)
	  ->  Sort  (cost=3612.59..3614.88 rows=917 width=121)
	        Sort Key: c
	        ->  Bitmap Heap Scan on sbtest5  (cost=33.83..3567.47 rows=917 width=121)
	              Recheck Cond: ((id >= 7045208) AND (id <= 7046207))
	              ->  Bitmap Index Scan on sbtest5_pkey  (cost=0.00..33.61 rows=917 width=0)
	                    Index Cond: ((id >= 7045208) AND (id <= 7046207))

table 6 : explain SELECT DISTINCT c FROM sbtest6 WHERE id BETWEEN 5617569 AND 5618568 ORDER BY c
	Unique  (cost=4100.52..4105.74 rows=1044 width=121)
	  ->  Sort  (cost=4100.52..4103.13 rows=1044 width=121)
	        Sort Key: c
	        ->  Bitmap Heap Scan on sbtest6  (cost=35.14..4048.18 rows=1044 width=121)
	              Recheck Cond: ((id >= 5617569) AND (id <= 5618568))
	              ->  Bitmap Index Scan on sbtest6_pkey  (cost=0.00..34.88 rows=1044 width=0)
	                    Index Cond: ((id >= 5617569) AND (id <= 5618568))

table 7 : explain SELECT DISTINCT c FROM sbtest7 WHERE id BETWEEN 4419211 AND 4420210 ORDER BY c
	Unique  (cost=4039.42..4044.56 rows=1028 width=121)
	  ->  Sort  (cost=4039.42..4041.99 rows=1028 width=121)
	        Sort Key: c
	        ->  Bitmap Heap Scan on sbtest7  (cost=34.97..3987.99 rows=1028 width=121)
	              Recheck Cond: ((id >= 4419211) AND (id <= 4420210))
	              ->  Bitmap Index Scan on sbtest7_pkey  (cost=0.00..34.72 rows=1028 width=0)
	                    Index Cond: ((id >= 4419211) AND (id <= 4420210))

table 8 : explain SELECT DISTINCT c FROM sbtest8 WHERE id BETWEEN 4351080 AND 4352079 ORDER BY c
	Unique  (cost=3993.33..3998.41 rows=1016 width=121)
	  ->  Sort  (cost=3993.33..3995.87 rows=1016 width=121)
	        Sort Key: c
	        ->  Bitmap Heap Scan on sbtest8  (cost=34.85..3942.58 rows=1016 width=121)
	              Recheck Cond: ((id >= 4351080) AND (id <= 4352079))
	              ->  Bitmap Index Scan on sbtest8_pkey  (cost=0.00..34.59 rows=1016 width=0)
	                    Index Cond: ((id >= 4351080) AND (id <= 4352079))

for: distinct_ranges
table 1 : explain SELECT DISTINCT c FROM sbtest1 WHERE id BETWEEN 5637547 AND 5638546 ORDER BY c
	Unique  (cost=3970.82..3975.88 rows=1012 width=121)
	  ->  Sort  (cost=3970.82..3973.35 rows=1012 width=121)
	        Sort Key: c
	        ->  Bitmap Heap Scan on sbtest1  (cost=34.81..3920.31 rows=1012 width=121)
	              Recheck Cond: ((id >= 5637547) AND (id <= 5638546))
	              ->  Bitmap Index Scan on sbtest1_pkey  (cost=0.00..34.56 rows=1012 width=0)
	                    Index Cond: ((id >= 5637547) AND (id <= 5638546))

table 2 : explain SELECT DISTINCT c FROM sbtest2 WHERE id BETWEEN 6136065 AND 6137064 ORDER BY c
	Unique  (cost=4174.03..4179.35 rows=1064 width=121)
	  ->  Sort  (cost=4174.03..4176.69 rows=1064 width=121)
	        Sort Key: c
	        ->  Bitmap Heap Scan on sbtest2  (cost=35.34..4120.53 rows=1064 width=121)
	              Recheck Cond: ((id >= 6136065) AND (id <= 6137064))
	              ->  Bitmap Index Scan on sbtest2_pkey  (cost=0.00..35.08 rows=1064 width=0)
	                    Index Cond: ((id >= 6136065) AND (id <= 6137064))

table 3 : explain SELECT DISTINCT c FROM sbtest3 WHERE id BETWEEN 8394853 AND 8395852 ORDER BY c
	Unique  (cost=3935.75..3940.76 rows=1002 width=121)
	  ->  Sort  (cost=3935.75..3938.26 rows=1002 width=121)
	        Sort Key: c
	        ->  Bitmap Heap Scan on sbtest3  (cost=34.71..3885.81 rows=1002 width=121)
	              Recheck Cond: ((id >= 8394853) AND (id <= 8395852))
	              ->  Bitmap Index Scan on sbtest3_pkey  (cost=0.00..34.45 rows=1002 width=0)
	                    Index Cond: ((id >= 8394853) AND (id <= 8395852))

table 4 : explain SELECT DISTINCT c FROM sbtest4 WHERE id BETWEEN 3279351 AND 3280350 ORDER BY c
	Unique  (cost=3775.19..3779.96 rows=954 width=121)
	  ->  Sort  (cost=3775.19..3777.58 rows=954 width=121)
	        Sort Key: c
	        ->  Index Scan using sbtest4_pkey on sbtest4  (cost=0.43..3727.98 rows=954 width=121)
	              Index Cond: ((id >= 3279351) AND (id <= 3280350))

table 5 : explain SELECT DISTINCT c FROM sbtest5 WHERE id BETWEEN 8768082 AND 8769081 ORDER BY c
	Unique  (cost=3843.12..3848.00 rows=977 width=121)
	  ->  Sort  (cost=3843.12..3845.56 rows=977 width=121)
	        Sort Key: c
	        ->  Bitmap Heap Scan on sbtest5  (cost=34.45..3794.60 rows=977 width=121)
	              Recheck Cond: ((id >= 8768082) AND (id <= 8769081))
	              ->  Bitmap Index Scan on sbtest5_pkey  (cost=0.00..34.20 rows=977 width=0)
	                    Index Cond: ((id >= 8768082) AND (id <= 8769081))

table 6 : explain SELECT DISTINCT c FROM sbtest6 WHERE id BETWEEN 949154 AND 950153 ORDER BY c
	Unique  (cost=3755.22..3759.99 rows=954 width=121)
	  ->  Sort  (cost=3755.22..3757.61 rows=954 width=121)
	        Sort Key: c
	        ->  Bitmap Heap Scan on sbtest6  (cost=34.21..3708.01 rows=954 width=121)
	              Recheck Cond: ((id >= 949154) AND (id <= 950153))
	              ->  Bitmap Index Scan on sbtest6_pkey  (cost=0.00..33.98 rows=954 width=0)
	                    Index Cond: ((id >= 949154) AND (id <= 950153))

table 7 : explain SELECT DISTINCT c FROM sbtest7 WHERE id BETWEEN 693296 AND 694295 ORDER BY c
	Unique  (cost=3882.28..3887.17 rows=978 width=121)
	  ->  Sort  (cost=3882.28..3884.72 rows=978 width=121)
	        Sort Key: c
	        ->  Index Scan using sbtest7_pkey on sbtest7  (cost=0.43..3833.70 rows=978 width=121)
	              Index Cond: ((id >= 693296) AND (id <= 694295))

table 8 : explain SELECT DISTINCT c FROM sbtest8 WHERE id BETWEEN 9591419 AND 9592418 ORDER BY c
	Unique  (cost=4020.17..4025.28 rows=1023 width=121)
	  ->  Sort  (cost=4020.17..4022.73 rows=1023 width=121)
	        Sort Key: c
	        ->  Bitmap Heap Scan on sbtest8  (cost=34.92..3969.02 rows=1023 width=121)
	              Recheck Cond: ((id >= 9591419) AND (id <= 9592418))
	              ->  Bitmap Index Scan on sbtest8_pkey  (cost=0.00..34.67 rows=1023 width=0)
	                    Index Cond: ((id >= 9591419) AND (id <= 9592418))

for: distinct_ranges
table 1 : explain SELECT DISTINCT c FROM sbtest1 WHERE id BETWEEN 3509613 AND 3510612 ORDER BY c
	Unique  (cost=4005.24..4010.34 rows=1021 width=121)
	  ->  Sort  (cost=4005.24..4007.79 rows=1021 width=121)
	        Sort Key: c
	        ->  Bitmap Heap Scan on sbtest1  (cost=34.90..3954.21 rows=1021 width=121)
	              Recheck Cond: ((id >= 3509613) AND (id <= 3510612))
	              ->  Bitmap Index Scan on sbtest1_pkey  (cost=0.00..34.65 rows=1021 width=0)
	                    Index Cond: ((id >= 3509613) AND (id <= 3510612))

table 2 : explain SELECT DISTINCT c FROM sbtest2 WHERE id BETWEEN 2370687 AND 2371686 ORDER BY c
	Unique  (cost=4296.54..4302.02 rows=1095 width=121)
	  ->  Sort  (cost=4296.54..4299.28 rows=1095 width=121)
	        Sort Key: c
	        ->  Bitmap Heap Scan on sbtest2  (cost=39.66..4241.26 rows=1095 width=121)
	              Recheck Cond: ((id >= 2370687) AND (id <= 2371686))
	              ->  Bitmap Index Scan on sbtest2_pkey  (cost=0.00..39.39 rows=1095 width=0)
	                    Index Cond: ((id >= 2370687) AND (id <= 2371686))

table 3 : explain SELECT DISTINCT c FROM sbtest3 WHERE id BETWEEN 2739464 AND 2740463 ORDER BY c
	Unique  (cost=4264.76..4270.20 rows=1088 width=121)
	  ->  Sort  (cost=4264.76..4267.48 rows=1088 width=121)
	        Sort Key: c
	        ->  Bitmap Heap Scan on sbtest3  (cost=35.59..4209.88 rows=1088 width=121)
	              Recheck Cond: ((id >= 2739464) AND (id <= 2740463))
	              ->  Bitmap Index Scan on sbtest3_pkey  (cost=0.00..35.32 rows=1088 width=0)
	                    Index Cond: ((id >= 2739464) AND (id <= 2740463))

table 4 : explain SELECT DISTINCT c FROM sbtest4 WHERE id BETWEEN 7328256 AND 7329255 ORDER BY c
	Unique  (cost=3889.53..3894.45 rows=983 width=121)
	  ->  Sort  (cost=3889.53..3891.99 rows=983 width=121)
	        Sort Key: c
	        ->  Index Scan using sbtest4_pkey on sbtest4  (cost=0.43..3840.67 rows=983 width=121)
	              Index Cond: ((id >= 7328256) AND (id <= 7329255))

table 5 : explain SELECT DISTINCT c FROM sbtest5 WHERE id BETWEEN 9170661 AND 9171660 ORDER BY c
	Unique  (cost=3804.73..3809.56 rows=967 width=121)
	  ->  Sort  (cost=3804.73..3807.14 rows=967 width=121)
	        Sort Key: c
	        ->  Bitmap Heap Scan on sbtest5  (cost=34.35..3756.77 rows=967 width=121)
	              Recheck Cond: ((id >= 9170661) AND (id <= 9171660))
	              ->  Bitmap Index Scan on sbtest5_pkey  (cost=0.00..34.11 rows=967 width=0)
	                    Index Cond: ((id >= 9170661) AND (id <= 9171660))

table 6 : explain SELECT DISTINCT c FROM sbtest6 WHERE id BETWEEN 9871593 AND 9872592 ORDER BY c
	Unique  (cost=4062.20..4067.37 rows=1034 width=121)
	  ->  Sort  (cost=4062.20..4064.79 rows=1034 width=121)
	        Sort Key: c
	        ->  Bitmap Heap Scan on sbtest6  (cost=35.03..4010.43 rows=1034 width=121)
	              Recheck Cond: ((id >= 9871593) AND (id <= 9872592))
	              ->  Bitmap Index Scan on sbtest6_pkey  (cost=0.00..34.78 rows=1034 width=0)
	                    Index Cond: ((id >= 9871593) AND (id <= 9872592))

table 7 : explain SELECT DISTINCT c FROM sbtest7 WHERE id BETWEEN 5912863 AND 5913862 ORDER BY c
	Unique  (cost=3775.50..3780.26 rows=951 width=121)
	  ->  Sort  (cost=3775.50..3777.88 rows=951 width=121)
	        Sort Key: c
	        ->  Index Scan using sbtest7_pkey on sbtest7  (cost=0.43..3728.46 rows=951 width=121)
	              Index Cond: ((id >= 5912863) AND (id <= 5913862))

table 8 : explain SELECT DISTINCT c FROM sbtest8 WHERE id BETWEEN 2715289 AND 2716288 ORDER BY c
	Unique  (cost=4540.74..4546.53 rows=1158 width=121)
	  ->  Sort  (cost=4540.74..4543.64 rows=1158 width=121)
	        Sort Key: c
	        ->  Bitmap Heap Scan on sbtest8  (cost=40.30..4481.82 rows=1158 width=121)
	              Recheck Cond: ((id >= 2715289) AND (id <= 2716288))
	              ->  Bitmap Index Scan on sbtest8_pkey  (cost=0.00..40.02 rows=1158 width=0)
	                    Index Cond: ((id >= 2715289) AND (id <= 2716288))

for: distinct_ranges
table 1 : explain SELECT DISTINCT c FROM sbtest1 WHERE id BETWEEN 9807720 AND 9808719 ORDER BY c
	Unique  (cost=3560.72..3565.25 rows=906 width=121)
	  ->  Sort  (cost=3560.72..3562.98 rows=906 width=121)
	        Sort Key: c
	        ->  Bitmap Heap Scan on sbtest1  (cost=29.72..3516.22 rows=906 width=121)
	              Recheck Cond: ((id >= 9807720) AND (id <= 9808719))
	              ->  Bitmap Index Scan on sbtest1_pkey  (cost=0.00..29.50 rows=906 width=0)
	                    Index Cond: ((id >= 9807720) AND (id <= 9808719))

table 2 : explain SELECT DISTINCT c FROM sbtest2 WHERE id BETWEEN 9146869 AND 9147868 ORDER BY c
	Unique  (cost=3948.16..3953.18 rows=1005 width=121)
	  ->  Sort  (cost=3948.16..3950.67 rows=1005 width=121)
	        Sort Key: c
	        ->  Bitmap Heap Scan on sbtest2  (cost=34.74..3898.05 rows=1005 width=121)
	              Recheck Cond: ((id >= 9146869) AND (id <= 9147868))
	              ->  Bitmap Index Scan on sbtest2_pkey  (cost=0.00..34.48 rows=1005 width=0)
	                    Index Cond: ((id >= 9146869) AND (id <= 9147868))

table 3 : explain SELECT DISTINCT c FROM sbtest3 WHERE id BETWEEN 4251566 AND 4252565 ORDER BY c
	Unique  (cost=3778.60..3783.40 rows=961 width=121)
	  ->  Sort  (cost=3778.60..3781.00 rows=961 width=121)
	        Sort Key: c
	        ->  Bitmap Heap Scan on sbtest3  (cost=34.29..3730.99 rows=961 width=121)
	              Recheck Cond: ((id >= 4251566) AND (id <= 4252565))
	              ->  Bitmap Index Scan on sbtest3_pkey  (cost=0.00..34.05 rows=961 width=0)
	                    Index Cond: ((id >= 4251566) AND (id <= 4252565))

table 4 : explain SELECT DISTINCT c FROM sbtest4 WHERE id BETWEEN 9239412 AND 9240411 ORDER BY c
	Unique  (cost=3889.53..3894.45 rows=983 width=121)
	  ->  Sort  (cost=3889.53..3891.99 rows=983 width=121)
	        Sort Key: c
	        ->  Index Scan using sbtest4_pkey on sbtest4  (cost=0.43..3840.67 rows=983 width=121)
	              Index Cond: ((id >= 9239412) AND (id <= 9240411))

table 5 : explain SELECT DISTINCT c FROM sbtest5 WHERE id BETWEEN 6629143 AND 6630142 ORDER BY c
	Unique  (cost=3658.73..3663.38 rows=929 width=121)
	  ->  Sort  (cost=3658.73..3661.05 rows=929 width=121)
	        Sort Key: c
	        ->  Bitmap Heap Scan on sbtest5  (cost=33.96..3612.93 rows=929 width=121)
	              Recheck Cond: ((id >= 6629143) AND (id <= 6630142))
	              ->  Bitmap Index Scan on sbtest5_pkey  (cost=0.00..33.73 rows=929 width=0)
	                    Index Cond: ((id >= 6629143) AND (id <= 6630142))

table 6 : explain SELECT DISTINCT c FROM sbtest6 WHERE id BETWEEN 7312790 AND 7313789 ORDER BY c
	Unique  (cost=4142.66..4147.94 rows=1055 width=121)
	  ->  Sort  (cost=4142.66..4145.30 rows=1055 width=121)
	        Sort Key: c
	        ->  Bitmap Heap Scan on sbtest6  (cost=35.25..4089.68 rows=1055 width=121)
	              Recheck Cond: ((id >= 7312790) AND (id <= 7313789))
	              ->  Bitmap Index Scan on sbtest6_pkey  (cost=0.00..34.98 rows=1055 width=0)
	                    Index Cond: ((id >= 7312790) AND (id <= 7313789))

table 7 : explain SELECT DISTINCT c FROM sbtest7 WHERE id BETWEEN 51170 AND 52169 ORDER BY c
	Unique  (cost=3949.54..3954.51 rows=995 width=121)
	  ->  Sort  (cost=3949.54..3952.02 rows=995 width=121)
	        Sort Key: c
	        ->  Index Scan using sbtest7_pkey on sbtest7  (cost=0.43..3899.99 rows=995 width=121)
	              Index Cond: ((id >= 51170) AND (id <= 52169))

table 8 : explain SELECT DISTINCT c FROM sbtest8 WHERE id BETWEEN 771752 AND 772751 ORDER BY c
	Unique  (cost=4020.17..4025.28 rows=1023 width=121)
	  ->  Sort  (cost=4020.17..4022.73 rows=1023 width=121)
	        Sort Key: c
	        ->  Bitmap Heap Scan on sbtest8  (cost=34.92..3969.02 rows=1023 width=121)
	              Recheck Cond: ((id >= 771752) AND (id <= 772751))
	              ->  Bitmap Index Scan on sbtest8_pkey  (cost=0.00..34.67 rows=1023 width=0)
	                    Index Cond: ((id >= 771752) AND (id <= 772751))

Threads started!

Warming up for 5 seconds...

SQL statistics:
    queries performed:
        read:                            165062298
        write:                           0
        other:                           30011354
        total:                           195073652
    transactions:                        15005697 (23818.31 per sec.)
    queries:                             195073652 (309637.36 per sec.)
    ignored errors:                      0      (0.00 per sec.)
    reconnects:                          0      (0.00 per sec.)

Throughput:
    events/s (eps):                      23818.3081
    time elapsed:                        630.0070s
    total number of events:              15005697

Latency (ms):
         min:                                    0.52
         avg:                                    1.68
         max:                                   25.71
         95th percentile:                        1.82
         sum:                             25186319.40

Threads fairness:
    events (avg/stddev):           375142.0500/899.51
    execution time (avg/stddev):   629.6580/0.01

