LUA_PATH=/home/mdcallag/git/mytools/bench/sysbench.lua/lua/?.lua /home/mdcallag/git/mytools/bench/sysbench.lua/lua/sysbench --db-driver=pgsql --range-size=100 --table-size=10000000 --tables=8 --threads=40 --events=0 --warmup-time=5 --time=630 --pgsql_conn_id=true /home/mdcallag/git/mytools/bench/sysbench.lua/lua/oltp_point_select.lua run --pgsql-user=root --pgsql-password=pw --pgsql-host=127.0.0.1 --pgsql-db=ib --rand-type=uniform --skip-trx
48 CPUs
sysbench 1.1.0-9072687 (using bundled LuaJIT 2.1.0-beta3)

Running the test with following options:
Number of threads: 40
Warmup time: 5s
Initializing random number generator from current time


Initializing worker threads...

explain: for point_selects :: explain SELECT c FROM sbtest%u WHERE id=%u
explain: for point_selects :: explain SELECT c FROM sbtest%u WHERE id=%u
explain: for point_selects :: explain SELECT c FROM sbtest%u WHERE id=%u
explain: for point_selects :: explain SELECT c FROM sbtest%u WHERE id=%u
explain: for point_selects :: explain SELECT c FROM sbtest%u WHERE id=%u
for point_selects
table 1 : explain SELECT c FROM sbtest1 WHERE id=177769
	Index Scan using sbtest1_pkey on sbtest1  (cost=0.43..8.45 rows=1 width=121)
	  Index Cond: (id = 177769)

table 2 : explain SELECT c FROM sbtest2 WHERE id=5960321
	Index Scan using sbtest2_pkey on sbtest2  (cost=0.43..8.45 rows=1 width=121)
	  Index Cond: (id = 5960321)

table 3 : explain SELECT c FROM sbtest3 WHERE id=6621651
	Index Scan using sbtest3_pkey on sbtest3  (cost=0.43..8.45 rows=1 width=121)
	  Index Cond: (id = 6621651)

table 4 : explain SELECT c FROM sbtest4 WHERE id=7897287
	Index Scan using sbtest4_pkey on sbtest4  (cost=0.43..8.45 rows=1 width=121)
	  Index Cond: (id = 7897287)

table 5 : explain SELECT c FROM sbtest5 WHERE id=7481777
	Index Scan using sbtest5_pkey on sbtest5  (cost=0.43..8.45 rows=1 width=121)
	  Index Cond: (id = 7481777)

table 6 : explain SELECT c FROM sbtest6 WHERE id=5614234
	Index Scan using sbtest6_pkey on sbtest6  (cost=0.43..8.45 rows=1 width=121)
	  Index Cond: (id = 5614234)

table 7 : explain SELECT c FROM sbtest7 WHERE id=5394453
	Index Scan using sbtest7_pkey on sbtest7  (cost=0.43..8.45 rows=1 width=121)
	  Index Cond: (id = 5394453)

table 8 : explain SELECT c FROM sbtest8 WHERE id=5124392
	Index Scan using sbtest8_pkey on sbtest8  (cost=0.43..8.45 rows=1 width=121)
	  Index Cond: (id = 5124392)

explain: for point_selects :: explain SELECT c FROM sbtest%u WHERE id=%u
explain: for point_selects :: explain SELECT c FROM sbtest%u WHERE id=%u
for point_selects
table 1 : explain SELECT c FROM sbtest1 WHERE id=7093315
	Index Scan using sbtest1_pkey on sbtest1  (cost=0.43..8.45 rows=1 width=121)
	  Index Cond: (id = 7093315)

table 2 : explain SELECT c FROM sbtest2 WHERE id=868359
	Index Scan using sbtest2_pkey on sbtest2  (cost=0.43..8.45 rows=1 width=121)
	  Index Cond: (id = 868359)

table 3 : explain SELECT c FROM sbtest3 WHERE id=898090
	Index Scan using sbtest3_pkey on sbtest3  (cost=0.43..8.45 rows=1 width=121)
	  Index Cond: (id = 898090)

table 4 : explain SELECT c FROM sbtest4 WHERE id=7759648
	Index Scan using sbtest4_pkey on sbtest4  (cost=0.43..8.45 rows=1 width=121)
	  Index Cond: (id = 7759648)

table 5 : explain SELECT c FROM sbtest5 WHERE id=8969027
	Index Scan using sbtest5_pkey on sbtest5  (cost=0.43..8.45 rows=1 width=121)
	  Index Cond: (id = 8969027)

table 6 : explain SELECT c FROM sbtest6 WHERE id=5673513
	Index Scan using sbtest6_pkey on sbtest6  (cost=0.43..8.45 rows=1 width=121)
	  Index Cond: (id = 5673513)

table 7 : explain SELECT c FROM sbtest7 WHERE id=7517850
	Index Scan using sbtest7_pkey on sbtest7  (cost=0.43..8.45 rows=1 width=121)
	  Index Cond: (id = 7517850)

table 8 : explain SELECT c FROM sbtest8 WHERE id=1062967
	Index Scan using sbtest8_pkey on sbtest8  (cost=0.43..8.45 rows=1 width=121)
	  Index Cond: (id = 1062967)

for point_selects
table 1 : explain SELECT c FROM sbtest1 WHERE id=6055975
	Index Scan using sbtest1_pkey on sbtest1  (cost=0.43..8.45 rows=1 width=121)
	  Index Cond: (id = 6055975)

table 2 : explain SELECT c FROM sbtest2 WHERE id=8084059
	Index Scan using sbtest2_pkey on sbtest2  (cost=0.43..8.45 rows=1 width=121)
	  Index Cond: (id = 8084059)

table 3 : explain SELECT c FROM sbtest3 WHERE id=2968409
	Index Scan using sbtest3_pkey on sbtest3  (cost=0.43..8.45 rows=1 width=121)
	  Index Cond: (id = 2968409)

table 4 : explain SELECT c FROM sbtest4 WHERE id=7464150
	Index Scan using sbtest4_pkey on sbtest4  (cost=0.43..8.45 rows=1 width=121)
	  Index Cond: (id = 7464150)

table 5 : explain SELECT c FROM sbtest5 WHERE id=1504891
	Index Scan using sbtest5_pkey on sbtest5  (cost=0.43..8.45 rows=1 width=121)
	  Index Cond: (id = 1504891)

table 6 : explain SELECT c FROM sbtest6 WHERE id=7502231
	Index Scan using sbtest6_pkey on sbtest6  (cost=0.43..8.45 rows=1 width=121)
	  Index Cond: (id = 7502231)

table 7 : explain SELECT c FROM sbtest7 WHERE id=6915303
	Index Scan using sbtest7_pkey on sbtest7  (cost=0.43..8.45 rows=1 width=121)
	  Index Cond: (id = 6915303)

table 8 : explain SELECT c FROM sbtest8 WHERE id=6116450
	Index Scan using sbtest8_pkey on sbtest8  (cost=0.43..8.45 rows=1 width=121)
	  Index Cond: (id = 6116450)

for point_selects
table 1 : explain SELECT c FROM sbtest1 WHERE id=5035196
	Index Scan using sbtest1_pkey on sbtest1  (cost=0.43..8.45 rows=1 width=121)
	  Index Cond: (id = 5035196)

table 2 : explain SELECT c FROM sbtest2 WHERE id=307135
	Index Scan using sbtest2_pkey on sbtest2  (cost=0.43..8.45 rows=1 width=121)
	  Index Cond: (id = 307135)

table 3 : explain SELECT c FROM sbtest3 WHERE id=1666777
	Index Scan using sbtest3_pkey on sbtest3  (cost=0.43..8.45 rows=1 width=121)
	  Index Cond: (id = 1666777)

table 4 : explain SELECT c FROM sbtest4 WHERE id=795830
	Index Scan using sbtest4_pkey on sbtest4  (cost=0.43..8.45 rows=1 width=121)
	  Index Cond: (id = 795830)

table 5 : explain SELECT c FROM sbtest5 WHERE id=5312270
	Index Scan using sbtest5_pkey on sbtest5  (cost=0.43..8.45 rows=1 width=121)
	  Index Cond: (id = 5312270)

table 6 : explain SELECT c FROM sbtest6 WHERE id=5673645
	Index Scan using sbtest6_pkey on sbtest6  (cost=0.43..8.45 rows=1 width=121)
	  Index Cond: (id = 5673645)

table 7 : explain SELECT c FROM sbtest7 WHERE id=8669790
	Index Scan using sbtest7_pkey on sbtest7  (cost=0.43..8.45 rows=1 width=121)
	  Index Cond: (id = 8669790)

table 8 : explain SELECT c FROM sbtest8 WHERE id=2671831
	Index Scan using sbtest8_pkey on sbtest8  (cost=0.43..8.45 rows=1 width=121)
	  Index Cond: (id = 2671831)

for point_selects
table 1 : explain SELECT c FROM sbtest1 WHERE id=6800419
	Index Scan using sbtest1_pkey on sbtest1  (cost=0.43..8.45 rows=1 width=121)
	  Index Cond: (id = 6800419)

table 2 : explain SELECT c FROM sbtest2 WHERE id=536996
	Index Scan using sbtest2_pkey on sbtest2  (cost=0.43..8.45 rows=1 width=121)
	  Index Cond: (id = 536996)

table 3 : explain SELECT c FROM sbtest3 WHERE id=704739
	Index Scan using sbtest3_pkey on sbtest3  (cost=0.43..8.45 rows=1 width=121)
	  Index Cond: (id = 704739)

table 4 : explain SELECT c FROM sbtest4 WHERE id=4373444
	Index Scan using sbtest4_pkey on sbtest4  (cost=0.43..8.45 rows=1 width=121)
	  Index Cond: (id = 4373444)

table 5 : explain SELECT c FROM sbtest5 WHERE id=8057867
	Index Scan using sbtest5_pkey on sbtest5  (cost=0.43..8.45 rows=1 width=121)
	  Index Cond: (id = 8057867)

table 6 : explain SELECT c FROM sbtest6 WHERE id=3631056
	Index Scan using sbtest6_pkey on sbtest6  (cost=0.43..8.45 rows=1 width=121)
	  Index Cond: (id = 3631056)

table 7 : explain SELECT c FROM sbtest7 WHERE id=671896
	Index Scan using sbtest7_pkey on sbtest7  (cost=0.43..8.45 rows=1 width=121)
	  Index Cond: (id = 671896)

table 8 : explain SELECT c FROM sbtest8 WHERE id=3420971
	Index Scan using sbtest8_pkey on sbtest8  (cost=0.43..8.45 rows=1 width=121)
	  Index Cond: (id = 3420971)

for point_selects
table 1 : explain SELECT c FROM sbtest1 WHERE id=767491
	Index Scan using sbtest1_pkey on sbtest1  (cost=0.43..8.45 rows=1 width=121)
	  Index Cond: (id = 767491)

table 2 : explain SELECT c FROM sbtest2 WHERE id=9327085
	Index Scan using sbtest2_pkey on sbtest2  (cost=0.43..8.45 rows=1 width=121)
	  Index Cond: (id = 9327085)

table 3 : explain SELECT c FROM sbtest3 WHERE id=3367458
	Index Scan using sbtest3_pkey on sbtest3  (cost=0.43..8.45 rows=1 width=121)
	  Index Cond: (id = 3367458)

table 4 : explain SELECT c FROM sbtest4 WHERE id=608773
	Index Scan using sbtest4_pkey on sbtest4  (cost=0.43..8.45 rows=1 width=121)
	  Index Cond: (id = 608773)

table 5 : explain SELECT c FROM sbtest5 WHERE id=7361318
	Index Scan using sbtest5_pkey on sbtest5  (cost=0.43..8.45 rows=1 width=121)
	  Index Cond: (id = 7361318)

table 6 : explain SELECT c FROM sbtest6 WHERE id=1793372
	Index Scan using sbtest6_pkey on sbtest6  (cost=0.43..8.45 rows=1 width=121)
	  Index Cond: (id = 1793372)

table 7 : explain SELECT c FROM sbtest7 WHERE id=8128878
	Index Scan using sbtest7_pkey on sbtest7  (cost=0.43..8.45 rows=1 width=121)
	  Index Cond: (id = 8128878)

table 8 : explain SELECT c FROM sbtest8 WHERE id=1782933
	Index Scan using sbtest8_pkey on sbtest8  (cost=0.43..8.45 rows=1 width=121)
	  Index Cond: (id = 1782933)

explain: for point_selects :: explain SELECT c FROM sbtest%u WHERE id=%u
for point_selects
table 1 : explain SELECT c FROM sbtest1 WHERE id=532156
	Index Scan using sbtest1_pkey on sbtest1  (cost=0.43..8.45 rows=1 width=121)
	  Index Cond: (id = 532156)

table 2 : explain SELECT c FROM sbtest2 WHERE id=5782265
	Index Scan using sbtest2_pkey on sbtest2  (cost=0.43..8.45 rows=1 width=121)
	  Index Cond: (id = 5782265)

table 3 : explain SELECT c FROM sbtest3 WHERE id=7004012
	Index Scan using sbtest3_pkey on sbtest3  (cost=0.43..8.45 rows=1 width=121)
	  Index Cond: (id = 7004012)

table 4 : explain SELECT c FROM sbtest4 WHERE id=178968
	Index Scan using sbtest4_pkey on sbtest4  (cost=0.43..8.45 rows=1 width=121)
	  Index Cond: (id = 178968)

table 5 : explain SELECT c FROM sbtest5 WHERE id=5858354
	Index Scan using sbtest5_pkey on sbtest5  (cost=0.43..8.45 rows=1 width=121)
	  Index Cond: (id = 5858354)

table 6 : explain SELECT c FROM sbtest6 WHERE id=2898578
	Index Scan using sbtest6_pkey on sbtest6  (cost=0.43..8.45 rows=1 width=121)
	  Index Cond: (id = 2898578)

table 7 : explain SELECT c FROM sbtest7 WHERE id=8237093
	Index Scan using sbtest7_pkey on sbtest7  (cost=0.43..8.45 rows=1 width=121)
	  Index Cond: (id = 8237093)

table 8 : explain SELECT c FROM sbtest8 WHERE id=8671426
	Index Scan using sbtest8_pkey on sbtest8  (cost=0.43..8.45 rows=1 width=121)
	  Index Cond: (id = 8671426)

explain: for point_selects :: explain SELECT c FROM sbtest%u WHERE id=%u
for point_selects
table 1 : explain SELECT c FROM sbtest1 WHERE id=6491577
	Index Scan using sbtest1_pkey on sbtest1  (cost=0.43..8.45 rows=1 width=121)
	  Index Cond: (id = 6491577)

table 2 : explain SELECT c FROM sbtest2 WHERE id=1303095
	Index Scan using sbtest2_pkey on sbtest2  (cost=0.43..8.45 rows=1 width=121)
	  Index Cond: (id = 1303095)

table 3 : explain SELECT c FROM sbtest3 WHERE id=3970625
	Index Scan using sbtest3_pkey on sbtest3  (cost=0.43..8.45 rows=1 width=121)
	  Index Cond: (id = 3970625)

table 4 : explain SELECT c FROM sbtest4 WHERE id=6043480
	Index Scan using sbtest4_pkey on sbtest4  (cost=0.43..8.45 rows=1 width=121)
	  Index Cond: (id = 6043480)

table 5 : explain SELECT c FROM sbtest5 WHERE id=357871
	Index Scan using sbtest5_pkey on sbtest5  (cost=0.43..8.45 rows=1 width=121)
	  Index Cond: (id = 357871)

table 6 : explain SELECT c FROM sbtest6 WHERE id=4913070
	Index Scan using sbtest6_pkey on sbtest6  (cost=0.43..8.45 rows=1 width=121)
	  Index Cond: (id = 4913070)

table 7 : explain SELECT c FROM sbtest7 WHERE id=9463176
	Index Scan using sbtest7_pkey on sbtest7  (cost=0.43..8.45 rows=1 width=121)
	  Index Cond: (id = 9463176)

table 8 : explain SELECT c FROM sbtest8 WHERE id=9570856
	Index Scan using sbtest8_pkey on sbtest8  (cost=0.43..8.45 rows=1 width=121)
	  Index Cond: (id = 9570856)

for point_selects
table 1 : explain SELECT c FROM sbtest1 WHERE id=7405231
	Index Scan using sbtest1_pkey on sbtest1  (cost=0.43..8.45 rows=1 width=121)
	  Index Cond: (id = 7405231)

table 2 : explain SELECT c FROM sbtest2 WHERE id=4790934
	Index Scan using sbtest2_pkey on sbtest2  (cost=0.43..8.45 rows=1 width=121)
	  Index Cond: (id = 4790934)

table 3 : explain SELECT c FROM sbtest3 WHERE id=9964011
	Index Scan using sbtest3_pkey on sbtest3  (cost=0.43..8.45 rows=1 width=121)
	  Index Cond: (id = 9964011)

table 4 : explain SELECT c FROM sbtest4 WHERE id=4228761
	Index Scan using sbtest4_pkey on sbtest4  (cost=0.43..8.45 rows=1 width=121)
	  Index Cond: (id = 4228761)

table 5 : explain SELECT c FROM sbtest5 WHERE id=8604446
	Index Scan using sbtest5_pkey on sbtest5  (cost=0.43..8.45 rows=1 width=121)
	  Index Cond: (id = 8604446)

table 6 : explain SELECT c FROM sbtest6 WHERE id=3208443
	Index Scan using sbtest6_pkey on sbtest6  (cost=0.43..8.45 rows=1 width=121)
	  Index Cond: (id = 3208443)

table 7 : explain SELECT c FROM sbtest7 WHERE id=646226
	Index Scan using sbtest7_pkey on sbtest7  (cost=0.43..8.45 rows=1 width=121)
	  Index Cond: (id = 646226)

table 8 : explain SELECT c FROM sbtest8 WHERE id=468894
	Index Scan using sbtest8_pkey on sbtest8  (cost=0.43..8.45 rows=1 width=121)
	  Index Cond: (id = 468894)

explain: for point_selects :: explain SELECT c FROM sbtest%u WHERE id=%u
explain: for point_selects :: explain SELECT c FROM sbtest%u WHERE id=%u
explain: for point_selects :: explain SELECT c FROM sbtest%u WHERE id=%u
explain: for point_selects :: explain SELECT c FROM sbtest%u WHERE id=%u
for point_selects
table 1 : explain SELECT c FROM sbtest1 WHERE id=8508974
	Index Scan using sbtest1_pkey on sbtest1  (cost=0.43..8.45 rows=1 width=121)
	  Index Cond: (id = 8508974)

table 2 : explain SELECT c FROM sbtest2 WHERE id=557567
	Index Scan using sbtest2_pkey on sbtest2  (cost=0.43..8.45 rows=1 width=121)
	  Index Cond: (id = 557567)

table 3 : explain SELECT c FROM sbtest3 WHERE id=3625510
	Index Scan using sbtest3_pkey on sbtest3  (cost=0.43..8.45 rows=1 width=121)
	  Index Cond: (id = 3625510)

table 4 : explain SELECT c FROM sbtest4 WHERE id=3476308
	Index Scan using sbtest4_pkey on sbtest4  (cost=0.43..8.45 rows=1 width=121)
	  Index Cond: (id = 3476308)

table 5 : explain SELECT c FROM sbtest5 WHERE id=6621109
	Index Scan using sbtest5_pkey on sbtest5  (cost=0.43..8.45 rows=1 width=121)
	  Index Cond: (id = 6621109)

table 6 : explain SELECT c FROM sbtest6 WHERE id=8925115
	Index Scan using sbtest6_pkey on sbtest6  (cost=0.43..8.45 rows=1 width=121)
	  Index Cond: (id = 8925115)

table 7 : explain SELECT c FROM sbtest7 WHERE id=493373
	Index Scan using sbtest7_pkey on sbtest7  (cost=0.43..8.45 rows=1 width=121)
	  Index Cond: (id = 493373)

table 8 : explain SELECT c FROM sbtest8 WHERE id=8438044
	Index Scan using sbtest8_pkey on sbtest8  (cost=0.43..8.45 rows=1 width=121)
	  Index Cond: (id = 8438044)

for point_selects
table 1 : explain SELECT c FROM sbtest1 WHERE id=4598482
	Index Scan using sbtest1_pkey on sbtest1  (cost=0.43..8.45 rows=1 width=121)
	  Index Cond: (id = 4598482)

table 2 : explain SELECT c FROM sbtest2 WHERE id=2393909
	Index Scan using sbtest2_pkey on sbtest2  (cost=0.43..8.45 rows=1 width=121)
	  Index Cond: (id = 2393909)

table 3 : explain SELECT c FROM sbtest3 WHERE id=9678097
	Index Scan using sbtest3_pkey on sbtest3  (cost=0.43..8.45 rows=1 width=121)
	  Index Cond: (id = 9678097)

table 4 : explain SELECT c FROM sbtest4 WHERE id=9246014
	Index Scan using sbtest4_pkey on sbtest4  (cost=0.43..8.45 rows=1 width=121)
	  Index Cond: (id = 9246014)

table 5 : explain SELECT c FROM sbtest5 WHERE id=7748699
	Index Scan using sbtest5_pkey on sbtest5  (cost=0.43..8.45 rows=1 width=121)
	  Index Cond: (id = 7748699)

table 6 : explain SELECT c FROM sbtest6 WHERE id=3306758
	Index Scan using sbtest6_pkey on sbtest6  (cost=0.43..8.45 rows=1 width=121)
	  Index Cond: (id = 3306758)

table 7 : explain SELECT c FROM sbtest7 WHERE id=619588
	Index Scan using sbtest7_pkey on sbtest7  (cost=0.43..8.45 rows=1 width=121)
	  Index Cond: (id = 619588)

table 8 : explain SELECT c FROM sbtest8 WHERE id=9503554
	Index Scan using sbtest8_pkey on sbtest8  (cost=0.43..8.45 rows=1 width=121)
	  Index Cond: (id = 9503554)

explain: for point_selects :: explain SELECT c FROM sbtest%u WHERE id=%u
for point_selects
table 1 : explain SELECT c FROM sbtest1 WHERE id=5939558
	Index Scan using sbtest1_pkey on sbtest1  (cost=0.43..8.45 rows=1 width=121)
	  Index Cond: (id = 5939558)

table 2 : explain SELECT c FROM sbtest2 WHERE id=6041559
	Index Scan using sbtest2_pkey on sbtest2  (cost=0.43..8.45 rows=1 width=121)
	  Index Cond: (id = 6041559)

table 3 : explain SELECT c FROM sbtest3 WHERE id=4799442
	Index Scan using sbtest3_pkey on sbtest3  (cost=0.43..8.45 rows=1 width=121)
	  Index Cond: (id = 4799442)

table 4 : explain SELECT c FROM sbtest4 WHERE id=7457120
	Index Scan using sbtest4_pkey on sbtest4  (cost=0.43..8.45 rows=1 width=121)
	  Index Cond: (id = 7457120)

table 5 : explain SELECT c FROM sbtest5 WHERE id=5667876
	Index Scan using sbtest5_pkey on sbtest5  (cost=0.43..8.45 rows=1 width=121)
	  Index Cond: (id = 5667876)

table 6 : explain SELECT c FROM sbtest6 WHERE id=3398827
	Index Scan using sbtest6_pkey on sbtest6  (cost=0.43..8.45 rows=1 width=121)
	  Index Cond: (id = 3398827)

table 7 : explain SELECT c FROM sbtest7 WHERE id=1473870
	Index Scan using sbtest7_pkey on sbtest7  (cost=0.43..8.45 rows=1 width=121)
	  Index Cond: (id = 1473870)

table 8 : explain SELECT c FROM sbtest8 WHERE id=6564403
	Index Scan using sbtest8_pkey on sbtest8  (cost=0.43..8.45 rows=1 width=121)
	  Index Cond: (id = 6564403)

explain: for point_selects :: explain SELECT c FROM sbtest%u WHERE id=%u
for point_selects
table 1 : explain SELECT c FROM sbtest1 WHERE id=8912244
	Index Scan using sbtest1_pkey on sbtest1  (cost=0.43..8.45 rows=1 width=121)
	  Index Cond: (id = 8912244)

table 2 : explain SELECT c FROM sbtest2 WHERE id=7321915
	Index Scan using sbtest2_pkey on sbtest2  (cost=0.43..8.45 rows=1 width=121)
	  Index Cond: (id = 7321915)

table 3 : explain SELECT c FROM sbtest3 WHERE id=8069988
	Index Scan using sbtest3_pkey on sbtest3  (cost=0.43..8.45 rows=1 width=121)
	  Index Cond: (id = 8069988)

table 4 : explain SELECT c FROM sbtest4 WHERE id=9474937
	Index Scan using sbtest4_pkey on sbtest4  (cost=0.43..8.45 rows=1 width=121)
	  Index Cond: (id = 9474937)

table 5 : explain SELECT c FROM sbtest5 WHERE id=1479017
	Index Scan using sbtest5_pkey on sbtest5  (cost=0.43..8.45 rows=1 width=121)
	  Index Cond: (id = 1479017)

table 6 : explain SELECT c FROM sbtest6 WHERE id=139535
	Index Scan using sbtest6_pkey on sbtest6  (cost=0.43..8.45 rows=1 width=121)
	  Index Cond: (id = 139535)

table 7 : explain SELECT c FROM sbtest7 WHERE id=1200895
	Index Scan using sbtest7_pkey on sbtest7  (cost=0.43..8.45 rows=1 width=121)
	  Index Cond: (id = 1200895)

table 8 : explain SELECT c FROM sbtest8 WHERE id=505924
	Index Scan using sbtest8_pkey on sbtest8  (cost=0.43..8.45 rows=1 width=121)
	  Index Cond: (id = 505924)

explain: for point_selects :: explain SELECT c FROM sbtest%u WHERE id=%u
explain: for point_selects :: explain SELECT c FROM sbtest%u WHERE id=%u
explain: for point_selects :: explain SELECT c FROM sbtest%u WHERE id=%u
explain: for point_selects :: explain SELECT c FROM sbtest%u WHERE id=%u
for point_selects
table 1 : explain SELECT c FROM sbtest1 WHERE id=9721622
	Index Scan using sbtest1_pkey on sbtest1  (cost=0.43..8.45 rows=1 width=121)
	  Index Cond: (id = 9721622)

table 2 : explain SELECT c FROM sbtest2 WHERE id=4568772
	Index Scan using sbtest2_pkey on sbtest2  (cost=0.43..8.45 rows=1 width=121)
	  Index Cond: (id = 4568772)

table 3 : explain SELECT c FROM sbtest3 WHERE id=803280
	Index Scan using sbtest3_pkey on sbtest3  (cost=0.43..8.45 rows=1 width=121)
	  Index Cond: (id = 803280)

table 4 : explain SELECT c FROM sbtest4 WHERE id=2581021
	Index Scan using sbtest4_pkey on sbtest4  (cost=0.43..8.45 rows=1 width=121)
	  Index Cond: (id = 2581021)

table 5 : explain SELECT c FROM sbtest5 WHERE id=1557867
	Index Scan using sbtest5_pkey on sbtest5  (cost=0.43..8.45 rows=1 width=121)
	  Index Cond: (id = 1557867)

table 6 : explain SELECT c FROM sbtest6 WHERE id=937179
	Index Scan using sbtest6_pkey on sbtest6  (cost=0.43..8.45 rows=1 width=121)
	  Index Cond: (id = 937179)

table 7 : explain SELECT c FROM sbtest7 WHERE id=5307256
	Index Scan using sbtest7_pkey on sbtest7  (cost=0.43..8.45 rows=1 width=121)
	  Index Cond: (id = 5307256)

table 8 : explain SELECT c FROM sbtest8 WHERE id=1126619
	Index Scan using sbtest8_pkey on sbtest8  (cost=0.43..8.45 rows=1 width=121)
	  Index Cond: (id = 1126619)

for point_selects
table 1 : explain SELECT c FROM sbtest1 WHERE id=9788203
	Index Scan using sbtest1_pkey on sbtest1  (cost=0.43..8.45 rows=1 width=121)
	  Index Cond: (id = 9788203)

table 2 : explain SELECT c FROM sbtest2 WHERE id=7020364
	Index Scan using sbtest2_pkey on sbtest2  (cost=0.43..8.45 rows=1 width=121)
	  Index Cond: (id = 7020364)

table 3 : explain SELECT c FROM sbtest3 WHERE id=2033649
	Index Scan using sbtest3_pkey on sbtest3  (cost=0.43..8.45 rows=1 width=121)
	  Index Cond: (id = 2033649)

table 4 : explain SELECT c FROM sbtest4 WHERE id=2438275
	Index Scan using sbtest4_pkey on sbtest4  (cost=0.43..8.45 rows=1 width=121)
	  Index Cond: (id = 2438275)

table 5 : explain SELECT c FROM sbtest5 WHERE id=9303967
	Index Scan using sbtest5_pkey on sbtest5  (cost=0.43..8.45 rows=1 width=121)
	  Index Cond: (id = 9303967)

table 6 : explain SELECT c FROM sbtest6 WHERE id=8746740
	Index Scan using sbtest6_pkey on sbtest6  (cost=0.43..8.45 rows=1 width=121)
	  Index Cond: (id = 8746740)

table 7 : explain SELECT c FROM sbtest7 WHERE id=2543621
	Index Scan using sbtest7_pkey on sbtest7  (cost=0.43..8.45 rows=1 width=121)
	  Index Cond: (id = 2543621)

table 8 : explain SELECT c FROM sbtest8 WHERE id=1731553
	Index Scan using sbtest8_pkey on sbtest8  (cost=0.43..8.45 rows=1 width=121)
	  Index Cond: (id = 1731553)

for point_selects
table 1 : explain SELECT c FROM sbtest1 WHERE id=9228716
	Index Scan using sbtest1_pkey on sbtest1  (cost=0.43..8.45 rows=1 width=121)
	  Index Cond: (id = 9228716)

table 2 : explain SELECT c FROM sbtest2 WHERE id=1730449
	Index Scan using sbtest2_pkey on sbtest2  (cost=0.43..8.45 rows=1 width=121)
	  Index Cond: (id = 1730449)

table 3 : explain SELECT c FROM sbtest3 WHERE id=4522755
	Index Scan using sbtest3_pkey on sbtest3  (cost=0.43..8.45 rows=1 width=121)
	  Index Cond: (id = 4522755)

table 4 : explain SELECT c FROM sbtest4 WHERE id=189734
	Index Scan using sbtest4_pkey on sbtest4  (cost=0.43..8.45 rows=1 width=121)
	  Index Cond: (id = 189734)

table 5 : explain SELECT c FROM sbtest5 WHERE id=1822646
	Index Scan using sbtest5_pkey on sbtest5  (cost=0.43..8.45 rows=1 width=121)
	  Index Cond: (id = 1822646)

table 6 : explain SELECT c FROM sbtest6 WHERE id=951969
	Index Scan using sbtest6_pkey on sbtest6  (cost=0.43..8.45 rows=1 width=121)
	  Index Cond: (id = 951969)

table 7 : explain SELECT c FROM sbtest7 WHERE id=3216295
	Index Scan using sbtest7_pkey on sbtest7  (cost=0.43..8.45 rows=1 width=121)
	  Index Cond: (id = 3216295)

table 8 : explain SELECT c FROM sbtest8 WHERE id=5533676
	Index Scan using sbtest8_pkey on sbtest8  (cost=0.43..8.45 rows=1 width=121)
	  Index Cond: (id = 5533676)

explain: for point_selects :: explain SELECT c FROM sbtest%u WHERE id=%u
for point_selects
table 1 : explain SELECT c FROM sbtest1 WHERE id=8272052
	Index Scan using sbtest1_pkey on sbtest1  (cost=0.43..8.45 rows=1 width=121)
	  Index Cond: (id = 8272052)

table 2 : explain SELECT c FROM sbtest2 WHERE id=6535015
	Index Scan using sbtest2_pkey on sbtest2  (cost=0.43..8.45 rows=1 width=121)
	  Index Cond: (id = 6535015)

table 3 : explain SELECT c FROM sbtest3 WHERE id=4795119
	Index Scan using sbtest3_pkey on sbtest3  (cost=0.43..8.45 rows=1 width=121)
	  Index Cond: (id = 4795119)

table 4 : explain SELECT c FROM sbtest4 WHERE id=3028427
	Index Scan using sbtest4_pkey on sbtest4  (cost=0.43..8.45 rows=1 width=121)
	  Index Cond: (id = 3028427)

table 5 : explain SELECT c FROM sbtest5 WHERE id=5092177
	Index Scan using sbtest5_pkey on sbtest5  (cost=0.43..8.45 rows=1 width=121)
	  Index Cond: (id = 5092177)

table 6 : explain SELECT c FROM sbtest6 WHERE id=3226269
	Index Scan using sbtest6_pkey on sbtest6  (cost=0.43..8.45 rows=1 width=121)
	  Index Cond: (id = 3226269)

table 7 : explain SELECT c FROM sbtest7 WHERE id=5289165
	Index Scan using sbtest7_pkey on sbtest7  (cost=0.43..8.45 rows=1 width=121)
	  Index Cond: (id = 5289165)

table 8 : explain SELECT c FROM sbtest8 WHERE id=5622789
	Index Scan using sbtest8_pkey on sbtest8  (cost=0.43..8.45 rows=1 width=121)
	  Index Cond: (id = 5622789)

for point_selects
table 1 : explain SELECT c FROM sbtest1 WHERE id=2607131
	Index Scan using sbtest1_pkey on sbtest1  (cost=0.43..8.45 rows=1 width=121)
	  Index Cond: (id = 2607131)

table 2 : explain SELECT c FROM sbtest2 WHERE id=9743027
	Index Scan using sbtest2_pkey on sbtest2  (cost=0.43..8.45 rows=1 width=121)
	  Index Cond: (id = 9743027)

table 3 : explain SELECT c FROM sbtest3 WHERE id=4303133
	Index Scan using sbtest3_pkey on sbtest3  (cost=0.43..8.45 rows=1 width=121)
	  Index Cond: (id = 4303133)

table 4 : explain SELECT c FROM sbtest4 WHERE id=1943623
	Index Scan using sbtest4_pkey on sbtest4  (cost=0.43..8.45 rows=1 width=121)
	  Index Cond: (id = 1943623)

table 5 : explain SELECT c FROM sbtest5 WHERE id=7371696
	Index Scan using sbtest5_pkey on sbtest5  (cost=0.43..8.45 rows=1 width=121)
	  Index Cond: (id = 7371696)

table 6 : explain SELECT c FROM sbtest6 WHERE id=4345450
	Index Scan using sbtest6_pkey on sbtest6  (cost=0.43..8.45 rows=1 width=121)
	  Index Cond: (id = 4345450)

table 7 : explain SELECT c FROM sbtest7 WHERE id=3495376
	Index Scan using sbtest7_pkey on sbtest7  (cost=0.43..8.45 rows=1 width=121)
	  Index Cond: (id = 3495376)

table 8 : explain SELECT c FROM sbtest8 WHERE id=7961826
	Index Scan using sbtest8_pkey on sbtest8  (cost=0.43..8.45 rows=1 width=121)
	  Index Cond: (id = 7961826)

for point_selects
table 1 : explain SELECT c FROM sbtest1 WHERE id=2315517
	Index Scan using sbtest1_pkey on sbtest1  (cost=0.43..8.45 rows=1 width=121)
	  Index Cond: (id = 2315517)

table 2 : explain SELECT c FROM sbtest2 WHERE id=8515300
	Index Scan using sbtest2_pkey on sbtest2  (cost=0.43..8.45 rows=1 width=121)
	  Index Cond: (id = 8515300)

table 3 : explain SELECT c FROM sbtest3 WHERE id=3208803
	Index Scan using sbtest3_pkey on sbtest3  (cost=0.43..8.45 rows=1 width=121)
	  Index Cond: (id = 3208803)

table 4 : explain SELECT c FROM sbtest4 WHERE id=4174294
	Index Scan using sbtest4_pkey on sbtest4  (cost=0.43..8.45 rows=1 width=121)
	  Index Cond: (id = 4174294)

table 5 : explain SELECT c FROM sbtest5 WHERE id=2421795
	Index Scan using sbtest5_pkey on sbtest5  (cost=0.43..8.45 rows=1 width=121)
	  Index Cond: (id = 2421795)

table 6 : explain SELECT c FROM sbtest6 WHERE id=847812
	Index Scan using sbtest6_pkey on sbtest6  (cost=0.43..8.45 rows=1 width=121)
	  Index Cond: (id = 847812)

table 7 : explain SELECT c FROM sbtest7 WHERE id=1970508
	Index Scan using sbtest7_pkey on sbtest7  (cost=0.43..8.45 rows=1 width=121)
	  Index Cond: (id = 1970508)

table 8 : explain SELECT c FROM sbtest8 WHERE id=5689503
	Index Scan using sbtest8_pkey on sbtest8  (cost=0.43..8.45 rows=1 width=121)
	  Index Cond: (id = 5689503)

for point_selects
table 1 : explain SELECT c FROM sbtest1 WHERE id=1321670
	Index Scan using sbtest1_pkey on sbtest1  (cost=0.43..8.45 rows=1 width=121)
	  Index Cond: (id = 1321670)

table 2 : explain SELECT c FROM sbtest2 WHERE id=1176624
	Index Scan using sbtest2_pkey on sbtest2  (cost=0.43..8.45 rows=1 width=121)
	  Index Cond: (id = 1176624)

table 3 : explain SELECT c FROM sbtest3 WHERE id=6353743
	Index Scan using sbtest3_pkey on sbtest3  (cost=0.43..8.45 rows=1 width=121)
	  Index Cond: (id = 6353743)

table 4 : explain SELECT c FROM sbtest4 WHERE id=6814454
	Index Scan using sbtest4_pkey on sbtest4  (cost=0.43..8.45 rows=1 width=121)
	  Index Cond: (id = 6814454)

table 5 : explain SELECT c FROM sbtest5 WHERE id=5215352
	Index Scan using sbtest5_pkey on sbtest5  (cost=0.43..8.45 rows=1 width=121)
	  Index Cond: (id = 5215352)

table 6 : explain SELECT c FROM sbtest6 WHERE id=8761170
	Index Scan using sbtest6_pkey on sbtest6  (cost=0.43..8.45 rows=1 width=121)
	  Index Cond: (id = 8761170)

table 7 : explain SELECT c FROM sbtest7 WHERE id=2539628
	Index Scan using sbtest7_pkey on sbtest7  (cost=0.43..8.45 rows=1 width=121)
	  Index Cond: (id = 2539628)

table 8 : explain SELECT c FROM sbtest8 WHERE id=1643399
	Index Scan using sbtest8_pkey on sbtest8  (cost=0.43..8.45 rows=1 width=121)
	  Index Cond: (id = 1643399)

explain: for point_selects :: explain SELECT c FROM sbtest%u WHERE id=%u
explain: for point_selects :: explain SELECT c FROM sbtest%u WHERE id=%u
explain: for point_selects :: explain SELECT c FROM sbtest%u WHERE id=%u
explain: for point_selects :: explain SELECT c FROM sbtest%u WHERE id=%u
explain: for point_selects :: explain SELECT c FROM sbtest%u WHERE id=%u
explain: for point_selects :: explain SELECT c FROM sbtest%u WHERE id=%u
explain: for point_selects :: explain SELECT c FROM sbtest%u WHERE id=%u
for point_selects
table 1 : explain SELECT c FROM sbtest1 WHERE id=6357503
	Index Scan using sbtest1_pkey on sbtest1  (cost=0.43..8.45 rows=1 width=121)
	  Index Cond: (id = 6357503)

table 2 : explain SELECT c FROM sbtest2 WHERE id=9941184
	Index Scan using sbtest2_pkey on sbtest2  (cost=0.43..8.45 rows=1 width=121)
	  Index Cond: (id = 9941184)

table 3 : explain SELECT c FROM sbtest3 WHERE id=1407420
	Index Scan using sbtest3_pkey on sbtest3  (cost=0.43..8.45 rows=1 width=121)
	  Index Cond: (id = 1407420)

table 4 : explain SELECT c FROM sbtest4 WHERE id=8377355
	Index Scan using sbtest4_pkey on sbtest4  (cost=0.43..8.45 rows=1 width=121)
	  Index Cond: (id = 8377355)

table 5 : explain SELECT c FROM sbtest5 WHERE id=902985
	Index Scan using sbtest5_pkey on sbtest5  (cost=0.43..8.45 rows=1 width=121)
	  Index Cond: (id = 902985)

table 6 : explain SELECT c FROM sbtest6 WHERE id=9726826
	Index Scan using sbtest6_pkey on sbtest6  (cost=0.43..8.45 rows=1 width=121)
	  Index Cond: (id = 9726826)

table 7 : explain SELECT c FROM sbtest7 WHERE id=6193465
	Index Scan using sbtest7_pkey on sbtest7  (cost=0.43..8.45 rows=1 width=121)
	  Index Cond: (id = 6193465)

table 8 : explain SELECT c FROM sbtest8 WHERE id=6886562
	Index Scan using sbtest8_pkey on sbtest8  (cost=0.43..8.45 rows=1 width=121)
	  Index Cond: (id = 6886562)

for point_selects
table 1 : explain SELECT c FROM sbtest1 WHERE id=8885618
	Index Scan using sbtest1_pkey on sbtest1  (cost=0.43..8.45 rows=1 width=121)
	  Index Cond: (id = 8885618)

table 2 : explain SELECT c FROM sbtest2 WHERE id=1616685
	Index Scan using sbtest2_pkey on sbtest2  (cost=0.43..8.45 rows=1 width=121)
	  Index Cond: (id = 1616685)

table 3 : explain SELECT c FROM sbtest3 WHERE id=8168891
	Index Scan using sbtest3_pkey on sbtest3  (cost=0.43..8.45 rows=1 width=121)
	  Index Cond: (id = 8168891)

table 4 : explain SELECT c FROM sbtest4 WHERE id=5049293
	Index Scan using sbtest4_pkey on sbtest4  (cost=0.43..8.45 rows=1 width=121)
	  Index Cond: (id = 5049293)

table 5 : explain SELECT c FROM sbtest5 WHERE id=2698417
	Index Scan using sbtest5_pkey on sbtest5  (cost=0.43..8.45 rows=1 width=121)
	  Index Cond: (id = 2698417)

table 6 : explain SELECT c FROM sbtest6 WHERE id=9515763
	Index Scan using sbtest6_pkey on sbtest6  (cost=0.43..8.45 rows=1 width=121)
	  Index Cond: (id = 9515763)

table 7 : explain SELECT c FROM sbtest7 WHERE id=2943969
	Index Scan using sbtest7_pkey on sbtest7  (cost=0.43..8.45 rows=1 width=121)
	  Index Cond: (id = 2943969)

table 8 : explain SELECT c FROM sbtest8 WHERE id=8501909
	Index Scan using sbtest8_pkey on sbtest8  (cost=0.43..8.45 rows=1 width=121)
	  Index Cond: (id = 8501909)

for point_selects
table 1 : explain SELECT c FROM sbtest1 WHERE id=6556035
	Index Scan using sbtest1_pkey on sbtest1  (cost=0.43..8.45 rows=1 width=121)
	  Index Cond: (id = 6556035)

table 2 : explain SELECT c FROM sbtest2 WHERE id=4074211
	Index Scan using sbtest2_pkey on sbtest2  (cost=0.43..8.45 rows=1 width=121)
	  Index Cond: (id = 4074211)

table 3 : explain SELECT c FROM sbtest3 WHERE id=6847707
	Index Scan using sbtest3_pkey on sbtest3  (cost=0.43..8.45 rows=1 width=121)
	  Index Cond: (id = 6847707)

table 4 : explain SELECT c FROM sbtest4 WHERE id=9488719
	Index Scan using sbtest4_pkey on sbtest4  (cost=0.43..8.45 rows=1 width=121)
	  Index Cond: (id = 9488719)

table 5 : explain SELECT c FROM sbtest5 WHERE id=9156609
	Index Scan using sbtest5_pkey on sbtest5  (cost=0.43..8.45 rows=1 width=121)
	  Index Cond: (id = 9156609)

table 6 : explain SELECT c FROM sbtest6 WHERE id=855166
	Index Scan using sbtest6_pkey on sbtest6  (cost=0.43..8.45 rows=1 width=121)
	  Index Cond: (id = 855166)

table 7 : explain SELECT c FROM sbtest7 WHERE id=9018760
	Index Scan using sbtest7_pkey on sbtest7  (cost=0.43..8.45 rows=1 width=121)
	  Index Cond: (id = 9018760)

table 8 : explain SELECT c FROM sbtest8 WHERE id=3637189
	Index Scan using sbtest8_pkey on sbtest8  (cost=0.43..8.45 rows=1 width=121)
	  Index Cond: (id = 3637189)

explain: for point_selects :: explain SELECT c FROM sbtest%u WHERE id=%u
for point_selects
table 1 : explain SELECT c FROM sbtest1 WHERE id=7954769
	Index Scan using sbtest1_pkey on sbtest1  (cost=0.43..8.45 rows=1 width=121)
	  Index Cond: (id = 7954769)

table 2 : explain SELECT c FROM sbtest2 WHERE id=297274
	Index Scan using sbtest2_pkey on sbtest2  (cost=0.43..8.45 rows=1 width=121)
	  Index Cond: (id = 297274)

table 3 : explain SELECT c FROM sbtest3 WHERE id=715617
	Index Scan using sbtest3_pkey on sbtest3  (cost=0.43..8.45 rows=1 width=121)
	  Index Cond: (id = 715617)

table 4 : explain SELECT c FROM sbtest4 WHERE id=1026119
	Index Scan using sbtest4_pkey on sbtest4  (cost=0.43..8.45 rows=1 width=121)
	  Index Cond: (id = 1026119)

table 5 : explain SELECT c FROM sbtest5 WHERE id=8331642
	Index Scan using sbtest5_pkey on sbtest5  (cost=0.43..8.45 rows=1 width=121)
	  Index Cond: (id = 8331642)

table 6 : explain SELECT c FROM sbtest6 WHERE id=6990791
	Index Scan using sbtest6_pkey on sbtest6  (cost=0.43..8.45 rows=1 width=121)
	  Index Cond: (id = 6990791)

table 7 : explain SELECT c FROM sbtest7 WHERE id=5394336
	Index Scan using sbtest7_pkey on sbtest7  (cost=0.43..8.45 rows=1 width=121)
	  Index Cond: (id = 5394336)

table 8 : explain SELECT c FROM sbtest8 WHERE id=8219020
	Index Scan using sbtest8_pkey on sbtest8  (cost=0.43..8.45 rows=1 width=121)
	  Index Cond: (id = 8219020)

for point_selects
table 1 : explain SELECT c FROM sbtest1 WHERE id=9578080
	Index Scan using sbtest1_pkey on sbtest1  (cost=0.43..8.45 rows=1 width=121)
	  Index Cond: (id = 9578080)

table 2 : explain SELECT c FROM sbtest2 WHERE id=9324451
	Index Scan using sbtest2_pkey on sbtest2  (cost=0.43..8.45 rows=1 width=121)
	  Index Cond: (id = 9324451)

table 3 : explain SELECT c FROM sbtest3 WHERE id=7091817
	Index Scan using sbtest3_pkey on sbtest3  (cost=0.43..8.45 rows=1 width=121)
	  Index Cond: (id = 7091817)

table 4 : explain SELECT c FROM sbtest4 WHERE id=6807891
	Index Scan using sbtest4_pkey on sbtest4  (cost=0.43..8.45 rows=1 width=121)
	  Index Cond: (id = 6807891)

table 5 : explain SELECT c FROM sbtest5 WHERE id=115700
	Index Scan using sbtest5_pkey on sbtest5  (cost=0.43..8.45 rows=1 width=121)
	  Index Cond: (id = 115700)

table 6 : explain SELECT c FROM sbtest6 WHERE id=5793715
	Index Scan using sbtest6_pkey on sbtest6  (cost=0.43..8.45 rows=1 width=121)
	  Index Cond: (id = 5793715)

table 7 : explain SELECT c FROM sbtest7 WHERE id=2922778
	Index Scan using sbtest7_pkey on sbtest7  (cost=0.43..8.45 rows=1 width=121)
	  Index Cond: (id = 2922778)

table 8 : explain SELECT c FROM sbtest8 WHERE id=8932261
	Index Scan using sbtest8_pkey on sbtest8  (cost=0.43..8.45 rows=1 width=121)
	  Index Cond: (id = 8932261)

for point_selects
table 1 : explain SELECT c FROM sbtest1 WHERE id=1764659
	Index Scan using sbtest1_pkey on sbtest1  (cost=0.43..8.45 rows=1 width=121)
	  Index Cond: (id = 1764659)

table 2 : explain SELECT c FROM sbtest2 WHERE id=2190505
	Index Scan using sbtest2_pkey on sbtest2  (cost=0.43..8.45 rows=1 width=121)
	  Index Cond: (id = 2190505)

table 3 : explain SELECT c FROM sbtest3 WHERE id=7483119
	Index Scan using sbtest3_pkey on sbtest3  (cost=0.43..8.45 rows=1 width=121)
	  Index Cond: (id = 7483119)

table 4 : explain SELECT c FROM sbtest4 WHERE id=6066679
	Index Scan using sbtest4_pkey on sbtest4  (cost=0.43..8.45 rows=1 width=121)
	  Index Cond: (id = 6066679)

table 5 : explain SELECT c FROM sbtest5 WHERE id=6055166
	Index Scan using sbtest5_pkey on sbtest5  (cost=0.43..8.45 rows=1 width=121)
	  Index Cond: (id = 6055166)

table 6 : explain SELECT c FROM sbtest6 WHERE id=1968524
	Index Scan using sbtest6_pkey on sbtest6  (cost=0.43..8.45 rows=1 width=121)
	  Index Cond: (id = 1968524)

table 7 : explain SELECT c FROM sbtest7 WHERE id=4730613
	Index Scan using sbtest7_pkey on sbtest7  (cost=0.43..8.45 rows=1 width=121)
	  Index Cond: (id = 4730613)

table 8 : explain SELECT c FROM sbtest8 WHERE id=1023593
	Index Scan using sbtest8_pkey on sbtest8  (cost=0.43..8.45 rows=1 width=121)
	  Index Cond: (id = 1023593)

explain: for point_selects :: explain SELECT c FROM sbtest%u WHERE id=%u
for point_selects
table 1 : explain SELECT c FROM sbtest1 WHERE id=3518031
	Index Scan using sbtest1_pkey on sbtest1  (cost=0.43..8.45 rows=1 width=121)
	  Index Cond: (id = 3518031)

table 2 : explain SELECT c FROM sbtest2 WHERE id=6761351
	Index Scan using sbtest2_pkey on sbtest2  (cost=0.43..8.45 rows=1 width=121)
	  Index Cond: (id = 6761351)

table 3 : explain SELECT c FROM sbtest3 WHERE id=788268
	Index Scan using sbtest3_pkey on sbtest3  (cost=0.43..8.45 rows=1 width=121)
	  Index Cond: (id = 788268)

table 4 : explain SELECT c FROM sbtest4 WHERE id=5973202
	Index Scan using sbtest4_pkey on sbtest4  (cost=0.43..8.45 rows=1 width=121)
	  Index Cond: (id = 5973202)

table 5 : explain SELECT c FROM sbtest5 WHERE id=8346182
	Index Scan using sbtest5_pkey on sbtest5  (cost=0.43..8.45 rows=1 width=121)
	  Index Cond: (id = 8346182)

table 6 : explain SELECT c FROM sbtest6 WHERE id=5298519
	Index Scan using sbtest6_pkey on sbtest6  (cost=0.43..8.45 rows=1 width=121)
	  Index Cond: (id = 5298519)

table 7 : explain SELECT c FROM sbtest7 WHERE id=1616856
	Index Scan using sbtest7_pkey on sbtest7  (cost=0.43..8.45 rows=1 width=121)
	  Index Cond: (id = 1616856)

table 8 : explain SELECT c FROM sbtest8 WHERE id=8682287
	Index Scan using sbtest8_pkey on sbtest8  (cost=0.43..8.45 rows=1 width=121)
	  Index Cond: (id = 8682287)

for point_selects
table 1 : explain SELECT c FROM sbtest1 WHERE id=9910268
	Index Scan using sbtest1_pkey on sbtest1  (cost=0.43..8.45 rows=1 width=121)
	  Index Cond: (id = 9910268)

table 2 : explain SELECT c FROM sbtest2 WHERE id=9626852
	Index Scan using sbtest2_pkey on sbtest2  (cost=0.43..8.45 rows=1 width=121)
	  Index Cond: (id = 9626852)

table 3 : explain SELECT c FROM sbtest3 WHERE id=255234
	Index Scan using sbtest3_pkey on sbtest3  (cost=0.43..8.45 rows=1 width=121)
	  Index Cond: (id = 255234)

table 4 : explain SELECT c FROM sbtest4 WHERE id=9154720
	Index Scan using sbtest4_pkey on sbtest4  (cost=0.43..8.45 rows=1 width=121)
	  Index Cond: (id = 9154720)

table 5 : explain SELECT c FROM sbtest5 WHERE id=3095641
	Index Scan using sbtest5_pkey on sbtest5  (cost=0.43..8.45 rows=1 width=121)
	  Index Cond: (id = 3095641)

table 6 : explain SELECT c FROM sbtest6 WHERE id=910965
	Index Scan using sbtest6_pkey on sbtest6  (cost=0.43..8.45 rows=1 width=121)
	  Index Cond: (id = 910965)

table 7 : explain SELECT c FROM sbtest7 WHERE id=5698281
	Index Scan using sbtest7_pkey on sbtest7  (cost=0.43..8.45 rows=1 width=121)
	  Index Cond: (id = 5698281)

table 8 : explain SELECT c FROM sbtest8 WHERE id=1685790
	Index Scan using sbtest8_pkey on sbtest8  (cost=0.43..8.45 rows=1 width=121)
	  Index Cond: (id = 1685790)

explain: for point_selects :: explain SELECT c FROM sbtest%u WHERE id=%u
explain: for point_selects :: explain SELECT c FROM sbtest%u WHERE id=%u
explain: for point_selects :: explain SELECT c FROM sbtest%u WHERE id=%u
explain: for point_selects :: explain SELECT c FROM sbtest%u WHERE id=%u
explain: for point_selects :: explain SELECT c FROM sbtest%u WHERE id=%u
explain: for point_selects :: explain SELECT c FROM sbtest%u WHERE id=%u
explain: for point_selects :: explain SELECT c FROM sbtest%u WHERE id=%u
for point_selects
table 1 : explain SELECT c FROM sbtest1 WHERE id=9405363
	Index Scan using sbtest1_pkey on sbtest1  (cost=0.43..8.45 rows=1 width=121)
	  Index Cond: (id = 9405363)

table 2 : explain SELECT c FROM sbtest2 WHERE id=2847808
	Index Scan using sbtest2_pkey on sbtest2  (cost=0.43..8.45 rows=1 width=121)
	  Index Cond: (id = 2847808)

table 3 : explain SELECT c FROM sbtest3 WHERE id=727054
	Index Scan using sbtest3_pkey on sbtest3  (cost=0.43..8.45 rows=1 width=121)
	  Index Cond: (id = 727054)

table 4 : explain SELECT c FROM sbtest4 WHERE id=9099348
	Index Scan using sbtest4_pkey on sbtest4  (cost=0.43..8.45 rows=1 width=121)
	  Index Cond: (id = 9099348)

table 5 : explain SELECT c FROM sbtest5 WHERE id=4907754
	Index Scan using sbtest5_pkey on sbtest5  (cost=0.43..8.45 rows=1 width=121)
	  Index Cond: (id = 4907754)

table 6 : explain SELECT c FROM sbtest6 WHERE id=303190
	Index Scan using sbtest6_pkey on sbtest6  (cost=0.43..8.45 rows=1 width=121)
	  Index Cond: (id = 303190)

table 7 : explain SELECT c FROM sbtest7 WHERE id=9283129
	Index Scan using sbtest7_pkey on sbtest7  (cost=0.43..8.45 rows=1 width=121)
	  Index Cond: (id = 9283129)

table 8 : explain SELECT c FROM sbtest8 WHERE id=3268715
	Index Scan using sbtest8_pkey on sbtest8  (cost=0.43..8.45 rows=1 width=121)
	  Index Cond: (id = 3268715)

for point_selects
table 1 : explain SELECT c FROM sbtest1 WHERE id=9898764
	Index Scan using sbtest1_pkey on sbtest1  (cost=0.43..8.45 rows=1 width=121)
	  Index Cond: (id = 9898764)

table 2 : explain SELECT c FROM sbtest2 WHERE id=9660781
	Index Scan using sbtest2_pkey on sbtest2  (cost=0.43..8.45 rows=1 width=121)
	  Index Cond: (id = 9660781)

table 3 : explain SELECT c FROM sbtest3 WHERE id=942517
	Index Scan using sbtest3_pkey on sbtest3  (cost=0.43..8.45 rows=1 width=121)
	  Index Cond: (id = 942517)

table 4 : explain SELECT c FROM sbtest4 WHERE id=5249723
	Index Scan using sbtest4_pkey on sbtest4  (cost=0.43..8.45 rows=1 width=121)
	  Index Cond: (id = 5249723)

table 5 : explain SELECT c FROM sbtest5 WHERE id=9372461
	Index Scan using sbtest5_pkey on sbtest5  (cost=0.43..8.45 rows=1 width=121)
	  Index Cond: (id = 9372461)

table 6 : explain SELECT c FROM sbtest6 WHERE id=23710
	Index Scan using sbtest6_pkey on sbtest6  (cost=0.43..8.45 rows=1 width=121)
	  Index Cond: (id = 23710)

table 7 : explain SELECT c FROM sbtest7 WHERE id=9501810
	Index Scan using sbtest7_pkey on sbtest7  (cost=0.43..8.45 rows=1 width=121)
	  Index Cond: (id = 9501810)

table 8 : explain SELECT c FROM sbtest8 WHERE id=2231390
	Index Scan using sbtest8_pkey on sbtest8  (cost=0.43..8.45 rows=1 width=121)
	  Index Cond: (id = 2231390)

for point_selects
table 1 : explain SELECT c FROM sbtest1 WHERE id=1756230
	Index Scan using sbtest1_pkey on sbtest1  (cost=0.43..8.45 rows=1 width=121)
	  Index Cond: (id = 1756230)

table 2 : explain SELECT c FROM sbtest2 WHERE id=7930151
	Index Scan using sbtest2_pkey on sbtest2  (cost=0.43..8.45 rows=1 width=121)
	  Index Cond: (id = 7930151)

table 3 : explain SELECT c FROM sbtest3 WHERE id=2035243
	Index Scan using sbtest3_pkey on sbtest3  (cost=0.43..8.45 rows=1 width=121)
	  Index Cond: (id = 2035243)

table 4 : explain SELECT c FROM sbtest4 WHERE id=2691304
	Index Scan using sbtest4_pkey on sbtest4  (cost=0.43..8.45 rows=1 width=121)
	  Index Cond: (id = 2691304)

table 5 : explain SELECT c FROM sbtest5 WHERE id=8927345
	Index Scan using sbtest5_pkey on sbtest5  (cost=0.43..8.45 rows=1 width=121)
	  Index Cond: (id = 8927345)

table 6 : explain SELECT c FROM sbtest6 WHERE id=6735370
	Index Scan using sbtest6_pkey on sbtest6  (cost=0.43..8.45 rows=1 width=121)
	  Index Cond: (id = 6735370)

table 7 : explain SELECT c FROM sbtest7 WHERE id=6505245
	Index Scan using sbtest7_pkey on sbtest7  (cost=0.43..8.45 rows=1 width=121)
	  Index Cond: (id = 6505245)

table 8 : explain SELECT c FROM sbtest8 WHERE id=8621049
	Index Scan using sbtest8_pkey on sbtest8  (cost=0.43..8.45 rows=1 width=121)
	  Index Cond: (id = 8621049)

for point_selects
table 1 : explain SELECT c FROM sbtest1 WHERE id=386021
	Index Scan using sbtest1_pkey on sbtest1  (cost=0.43..8.45 rows=1 width=121)
	  Index Cond: (id = 386021)

table 2 : explain SELECT c FROM sbtest2 WHERE id=2638220
	Index Scan using sbtest2_pkey on sbtest2  (cost=0.43..8.45 rows=1 width=121)
	  Index Cond: (id = 2638220)

table 3 : explain SELECT c FROM sbtest3 WHERE id=1401234
	Index Scan using sbtest3_pkey on sbtest3  (cost=0.43..8.45 rows=1 width=121)
	  Index Cond: (id = 1401234)

table 4 : explain SELECT c FROM sbtest4 WHERE id=7002395
	Index Scan using sbtest4_pkey on sbtest4  (cost=0.43..8.45 rows=1 width=121)
	  Index Cond: (id = 7002395)

table 5 : explain SELECT c FROM sbtest5 WHERE id=5458196
	Index Scan using sbtest5_pkey on sbtest5  (cost=0.43..8.45 rows=1 width=121)
	  Index Cond: (id = 5458196)

table 6 : explain SELECT c FROM sbtest6 WHERE id=5779069
	Index Scan using sbtest6_pkey on sbtest6  (cost=0.43..8.45 rows=1 width=121)
	  Index Cond: (id = 5779069)

table 7 : explain SELECT c FROM sbtest7 WHERE id=4997512
	Index Scan using sbtest7_pkey on sbtest7  (cost=0.43..8.45 rows=1 width=121)
	  Index Cond: (id = 4997512)

table 8 : explain SELECT c FROM sbtest8 WHERE id=8008427
	Index Scan using sbtest8_pkey on sbtest8  (cost=0.43..8.45 rows=1 width=121)
	  Index Cond: (id = 8008427)

explain: for point_selects :: explain SELECT c FROM sbtest%u WHERE id=%u
for point_selects
table 1 : explain SELECT c FROM sbtest1 WHERE id=2929860
	Index Scan using sbtest1_pkey on sbtest1  (cost=0.43..8.45 rows=1 width=121)
	  Index Cond: (id = 2929860)

table 2 : explain SELECT c FROM sbtest2 WHERE id=827607
	Index Scan using sbtest2_pkey on sbtest2  (cost=0.43..8.45 rows=1 width=121)
	  Index Cond: (id = 827607)

table 3 : explain SELECT c FROM sbtest3 WHERE id=4182128
	Index Scan using sbtest3_pkey on sbtest3  (cost=0.43..8.45 rows=1 width=121)
	  Index Cond: (id = 4182128)

table 4 : explain SELECT c FROM sbtest4 WHERE id=456256
	Index Scan using sbtest4_pkey on sbtest4  (cost=0.43..8.45 rows=1 width=121)
	  Index Cond: (id = 456256)

table 5 : explain SELECT c FROM sbtest5 WHERE id=8496144
	Index Scan using sbtest5_pkey on sbtest5  (cost=0.43..8.45 rows=1 width=121)
	  Index Cond: (id = 8496144)

table 6 : explain SELECT c FROM sbtest6 WHERE id=9789127
	Index Scan using sbtest6_pkey on sbtest6  (cost=0.43..8.45 rows=1 width=121)
	  Index Cond: (id = 9789127)

table 7 : explain SELECT c FROM sbtest7 WHERE id=27262
	Index Scan using sbtest7_pkey on sbtest7  (cost=0.43..8.45 rows=1 width=121)
	  Index Cond: (id = 27262)

table 8 : explain SELECT c FROM sbtest8 WHERE id=1635359
	Index Scan using sbtest8_pkey on sbtest8  (cost=0.43..8.45 rows=1 width=121)
	  Index Cond: (id = 1635359)

explain: for point_selects :: explain SELECT c FROM sbtest%u WHERE id=%u
for point_selects
table 1 : explain SELECT c FROM sbtest1 WHERE id=6805316
	Index Scan using sbtest1_pkey on sbtest1  (cost=0.43..8.45 rows=1 width=121)
	  Index Cond: (id = 6805316)

table 2 : explain SELECT c FROM sbtest2 WHERE id=152339
	Index Scan using sbtest2_pkey on sbtest2  (cost=0.43..8.45 rows=1 width=121)
	  Index Cond: (id = 152339)

table 3 : explain SELECT c FROM sbtest3 WHERE id=860854
	Index Scan using sbtest3_pkey on sbtest3  (cost=0.43..8.45 rows=1 width=121)
	  Index Cond: (id = 860854)

table 4 : explain SELECT c FROM sbtest4 WHERE id=2949666
	Index Scan using sbtest4_pkey on sbtest4  (cost=0.43..8.45 rows=1 width=121)
	  Index Cond: (id = 2949666)

table 5 : explain SELECT c FROM sbtest5 WHERE id=4338420
	Index Scan using sbtest5_pkey on sbtest5  (cost=0.43..8.45 rows=1 width=121)
	  Index Cond: (id = 4338420)

table 6 : explain SELECT c FROM sbtest6 WHERE id=6366239
	Index Scan using sbtest6_pkey on sbtest6  (cost=0.43..8.45 rows=1 width=121)
	  Index Cond: (id = 6366239)

table 7 : explain SELECT c FROM sbtest7 WHERE id=3680863
	Index Scan using sbtest7_pkey on sbtest7  (cost=0.43..8.45 rows=1 width=121)
	  Index Cond: (id = 3680863)

table 8 : explain SELECT c FROM sbtest8 WHERE id=3158164
	Index Scan using sbtest8_pkey on sbtest8  (cost=0.43..8.45 rows=1 width=121)
	  Index Cond: (id = 3158164)

for point_selects
table 1 : explain SELECT c FROM sbtest1 WHERE id=2669155
	Index Scan using sbtest1_pkey on sbtest1  (cost=0.43..8.45 rows=1 width=121)
	  Index Cond: (id = 2669155)

table 2 : explain SELECT c FROM sbtest2 WHERE id=9087999
	Index Scan using sbtest2_pkey on sbtest2  (cost=0.43..8.45 rows=1 width=121)
	  Index Cond: (id = 9087999)

table 3 : explain SELECT c FROM sbtest3 WHERE id=3070867
	Index Scan using sbtest3_pkey on sbtest3  (cost=0.43..8.45 rows=1 width=121)
	  Index Cond: (id = 3070867)

table 4 : explain SELECT c FROM sbtest4 WHERE id=2936884
	Index Scan using sbtest4_pkey on sbtest4  (cost=0.43..8.45 rows=1 width=121)
	  Index Cond: (id = 2936884)

table 5 : explain SELECT c FROM sbtest5 WHERE id=1355330
	Index Scan using sbtest5_pkey on sbtest5  (cost=0.43..8.45 rows=1 width=121)
	  Index Cond: (id = 1355330)

table 6 : explain SELECT c FROM sbtest6 WHERE id=7645736
	Index Scan using sbtest6_pkey on sbtest6  (cost=0.43..8.45 rows=1 width=121)
	  Index Cond: (id = 7645736)

table 7 : explain SELECT c FROM sbtest7 WHERE id=7010829
	Index Scan using sbtest7_pkey on sbtest7  (cost=0.43..8.45 rows=1 width=121)
	  Index Cond: (id = 7010829)

table 8 : explain SELECT c FROM sbtest8 WHERE id=7520256
	Index Scan using sbtest8_pkey on sbtest8  (cost=0.43..8.45 rows=1 width=121)
	  Index Cond: (id = 7520256)

for point_selects
table 1 : explain SELECT c FROM sbtest1 WHERE id=8285165
	Index Scan using sbtest1_pkey on sbtest1  (cost=0.43..8.45 rows=1 width=121)
	  Index Cond: (id = 8285165)

table 2 : explain SELECT c FROM sbtest2 WHERE id=5561698
	Index Scan using sbtest2_pkey on sbtest2  (cost=0.43..8.45 rows=1 width=121)
	  Index Cond: (id = 5561698)

table 3 : explain SELECT c FROM sbtest3 WHERE id=1949031
	Index Scan using sbtest3_pkey on sbtest3  (cost=0.43..8.45 rows=1 width=121)
	  Index Cond: (id = 1949031)

table 4 : explain SELECT c FROM sbtest4 WHERE id=779965
	Index Scan using sbtest4_pkey on sbtest4  (cost=0.43..8.45 rows=1 width=121)
	  Index Cond: (id = 779965)

table 5 : explain SELECT c FROM sbtest5 WHERE id=6282980
	Index Scan using sbtest5_pkey on sbtest5  (cost=0.43..8.45 rows=1 width=121)
	  Index Cond: (id = 6282980)

table 6 : explain SELECT c FROM sbtest6 WHERE id=9717031
	Index Scan using sbtest6_pkey on sbtest6  (cost=0.43..8.45 rows=1 width=121)
	  Index Cond: (id = 9717031)

table 7 : explain SELECT c FROM sbtest7 WHERE id=3197120
	Index Scan using sbtest7_pkey on sbtest7  (cost=0.43..8.45 rows=1 width=121)
	  Index Cond: (id = 3197120)

table 8 : explain SELECT c FROM sbtest8 WHERE id=8831452
	Index Scan using sbtest8_pkey on sbtest8  (cost=0.43..8.45 rows=1 width=121)
	  Index Cond: (id = 8831452)

for point_selects
table 1 : explain SELECT c FROM sbtest1 WHERE id=1449918
	Index Scan using sbtest1_pkey on sbtest1  (cost=0.43..8.45 rows=1 width=121)
	  Index Cond: (id = 1449918)

table 2 : explain SELECT c FROM sbtest2 WHERE id=9400553
	Index Scan using sbtest2_pkey on sbtest2  (cost=0.43..8.45 rows=1 width=121)
	  Index Cond: (id = 9400553)

table 3 : explain SELECT c FROM sbtest3 WHERE id=1478006
	Index Scan using sbtest3_pkey on sbtest3  (cost=0.43..8.45 rows=1 width=121)
	  Index Cond: (id = 1478006)

table 4 : explain SELECT c FROM sbtest4 WHERE id=1078430
	Index Scan using sbtest4_pkey on sbtest4  (cost=0.43..8.45 rows=1 width=121)
	  Index Cond: (id = 1078430)

table 5 : explain SELECT c FROM sbtest5 WHERE id=2641968
	Index Scan using sbtest5_pkey on sbtest5  (cost=0.43..8.45 rows=1 width=121)
	  Index Cond: (id = 2641968)

table 6 : explain SELECT c FROM sbtest6 WHERE id=6835318
	Index Scan using sbtest6_pkey on sbtest6  (cost=0.43..8.45 rows=1 width=121)
	  Index Cond: (id = 6835318)

table 7 : explain SELECT c FROM sbtest7 WHERE id=1342758
	Index Scan using sbtest7_pkey on sbtest7  (cost=0.43..8.45 rows=1 width=121)
	  Index Cond: (id = 1342758)

table 8 : explain SELECT c FROM sbtest8 WHERE id=273568
	Index Scan using sbtest8_pkey on sbtest8  (cost=0.43..8.45 rows=1 width=121)
	  Index Cond: (id = 273568)

for point_selects
table 1 : explain SELECT c FROM sbtest1 WHERE id=9067174
	Index Scan using sbtest1_pkey on sbtest1  (cost=0.43..8.45 rows=1 width=121)
	  Index Cond: (id = 9067174)

table 2 : explain SELECT c FROM sbtest2 WHERE id=263981
	Index Scan using sbtest2_pkey on sbtest2  (cost=0.43..8.45 rows=1 width=121)
	  Index Cond: (id = 263981)

table 3 : explain SELECT c FROM sbtest3 WHERE id=8997996
	Index Scan using sbtest3_pkey on sbtest3  (cost=0.43..8.45 rows=1 width=121)
	  Index Cond: (id = 8997996)

table 4 : explain SELECT c FROM sbtest4 WHERE id=9649285
	Index Scan using sbtest4_pkey on sbtest4  (cost=0.43..8.45 rows=1 width=121)
	  Index Cond: (id = 9649285)

table 5 : explain SELECT c FROM sbtest5 WHERE id=8402916
	Index Scan using sbtest5_pkey on sbtest5  (cost=0.43..8.45 rows=1 width=121)
	  Index Cond: (id = 8402916)

table 6 : explain SELECT c FROM sbtest6 WHERE id=148454
	Index Scan using sbtest6_pkey on sbtest6  (cost=0.43..8.45 rows=1 width=121)
	  Index Cond: (id = 148454)

table 7 : explain SELECT c FROM sbtest7 WHERE id=3289997
	Index Scan using sbtest7_pkey on sbtest7  (cost=0.43..8.45 rows=1 width=121)
	  Index Cond: (id = 3289997)

table 8 : explain SELECT c FROM sbtest8 WHERE id=4270951
	Index Scan using sbtest8_pkey on sbtest8  (cost=0.43..8.45 rows=1 width=121)
	  Index Cond: (id = 4270951)

explain: for point_selects :: explain SELECT c FROM sbtest%u WHERE id=%u
explain: for point_selects :: explain SELECT c FROM sbtest%u WHERE id=%u
for point_selects
table 1 : explain SELECT c FROM sbtest1 WHERE id=4120096
	Index Scan using sbtest1_pkey on sbtest1  (cost=0.43..8.45 rows=1 width=121)
	  Index Cond: (id = 4120096)

table 2 : explain SELECT c FROM sbtest2 WHERE id=763716
	Index Scan using sbtest2_pkey on sbtest2  (cost=0.43..8.45 rows=1 width=121)
	  Index Cond: (id = 763716)

table 3 : explain SELECT c FROM sbtest3 WHERE id=8053129
	Index Scan using sbtest3_pkey on sbtest3  (cost=0.43..8.45 rows=1 width=121)
	  Index Cond: (id = 8053129)

table 4 : explain SELECT c FROM sbtest4 WHERE id=7092126
	Index Scan using sbtest4_pkey on sbtest4  (cost=0.43..8.45 rows=1 width=121)
	  Index Cond: (id = 7092126)

table 5 : explain SELECT c FROM sbtest5 WHERE id=9954052
	Index Scan using sbtest5_pkey on sbtest5  (cost=0.43..8.45 rows=1 width=121)
	  Index Cond: (id = 9954052)

table 6 : explain SELECT c FROM sbtest6 WHERE id=3884433
	Index Scan using sbtest6_pkey on sbtest6  (cost=0.43..8.45 rows=1 width=121)
	  Index Cond: (id = 3884433)

table 7 : explain SELECT c FROM sbtest7 WHERE id=6233275
	Index Scan using sbtest7_pkey on sbtest7  (cost=0.43..8.45 rows=1 width=121)
	  Index Cond: (id = 6233275)

table 8 : explain SELECT c FROM sbtest8 WHERE id=7559621
	Index Scan using sbtest8_pkey on sbtest8  (cost=0.43..8.45 rows=1 width=121)
	  Index Cond: (id = 7559621)

for point_selects
table 1 : explain SELECT c FROM sbtest1 WHERE id=2035662
	Index Scan using sbtest1_pkey on sbtest1  (cost=0.43..8.45 rows=1 width=121)
	  Index Cond: (id = 2035662)

table 2 : explain SELECT c FROM sbtest2 WHERE id=6691351
	Index Scan using sbtest2_pkey on sbtest2  (cost=0.43..8.45 rows=1 width=121)
	  Index Cond: (id = 6691351)

table 3 : explain SELECT c FROM sbtest3 WHERE id=8212329
	Index Scan using sbtest3_pkey on sbtest3  (cost=0.43..8.45 rows=1 width=121)
	  Index Cond: (id = 8212329)

table 4 : explain SELECT c FROM sbtest4 WHERE id=9467258
	Index Scan using sbtest4_pkey on sbtest4  (cost=0.43..8.45 rows=1 width=121)
	  Index Cond: (id = 9467258)

table 5 : explain SELECT c FROM sbtest5 WHERE id=9073371
	Index Scan using sbtest5_pkey on sbtest5  (cost=0.43..8.45 rows=1 width=121)
	  Index Cond: (id = 9073371)

table 6 : explain SELECT c FROM sbtest6 WHERE id=9990865
	Index Scan using sbtest6_pkey on sbtest6  (cost=0.43..8.45 rows=1 width=121)
	  Index Cond: (id = 9990865)

table 7 : explain SELECT c FROM sbtest7 WHERE id=574474
	Index Scan using sbtest7_pkey on sbtest7  (cost=0.43..8.45 rows=1 width=121)
	  Index Cond: (id = 574474)

table 8 : explain SELECT c FROM sbtest8 WHERE id=2254483
	Index Scan using sbtest8_pkey on sbtest8  (cost=0.43..8.45 rows=1 width=121)
	  Index Cond: (id = 2254483)

Threads started!

Warming up for 5 seconds...

SQL statistics:
    queries performed:
        read:                            612294869
        write:                           0
        other:                           0
        total:                           612294869
    transactions:                        612294869 (971887.44 per sec.)
    queries:                             612294869 (971887.44 per sec.)
    ignored errors:                      0      (0.00 per sec.)
    reconnects:                          0      (0.00 per sec.)

Throughput:
    events/s (eps):                      971887.4399
    time elapsed:                        630.0061s
    total number of events:              612294869

Latency (ms):
         min:                                    0.03
         avg:                                    0.04
         max:                                   20.05
         95th percentile:                        0.05
         sum:                             25035612.26

Threads fairness:
    events (avg/stddev):           15307359.8250/218979.70
    execution time (avg/stddev):   625.8903/0.09

