LUA_PATH=/home/mdcallag/git/mytools/bench/sysbench.lua/lua/?.lua /home/mdcallag/git/mytools/bench/sysbench.lua/lua/sysbench --db-driver=pgsql --range-size=10 --table-size=10000000 --tables=8 --threads=40 --events=0 --warmup-time=5 --time=930 --pgsql_conn_id=true /home/mdcallag/git/mytools/bench/sysbench.lua/lua/oltp_read_write.lua run --pgsql-user=root --pgsql-password=pw --pgsql-host=127.0.0.1 --pgsql-db=ib --rand-type=uniform
48 CPUs
sysbench 1.1.0-9072687 (using bundled LuaJIT 2.1.0-beta3)

Running the test with following options:
Number of threads: 40
Warmup time: 5s
Initializing random number generator from current time


Initializing worker threads...

explain: for point_selects :: explain SELECT c FROM sbtest%u WHERE id=%u
explain: for point_selects :: explain SELECT c FROM sbtest%u WHERE id=%u
explain: for point_selects :: explain SELECT c FROM sbtest%u WHERE id=%u
explain: for point_selects :: explain SELECT c FROM sbtest%u WHERE id=%u
for point_selects
table 1 : explain SELECT c FROM sbtest1 WHERE id=5854385
	Index Scan using sbtest1_pkey on sbtest1  (cost=0.43..8.45 rows=1 width=121)
	  Index Cond: (id = 5854385)

table 2 : explain SELECT c FROM sbtest2 WHERE id=6759776
	Index Scan using sbtest2_pkey on sbtest2  (cost=0.43..8.45 rows=1 width=121)
	  Index Cond: (id = 6759776)

table 3 : explain SELECT c FROM sbtest3 WHERE id=2282393
	Index Scan using sbtest3_pkey on sbtest3  (cost=0.43..8.45 rows=1 width=121)
	  Index Cond: (id = 2282393)

table 4 : explain SELECT c FROM sbtest4 WHERE id=1298423
	Index Scan using sbtest4_pkey on sbtest4  (cost=0.43..8.45 rows=1 width=121)
	  Index Cond: (id = 1298423)

table 5 : explain SELECT c FROM sbtest5 WHERE id=8171913
	Index Scan using sbtest5_pkey on sbtest5  (cost=0.43..8.45 rows=1 width=121)
	  Index Cond: (id = 8171913)

table 6 : explain SELECT c FROM sbtest6 WHERE id=7691535
	Index Scan using sbtest6_pkey on sbtest6  (cost=0.43..8.45 rows=1 width=121)
	  Index Cond: (id = 7691535)

table 7 : explain SELECT c FROM sbtest7 WHERE id=6406708
	Index Scan using sbtest7_pkey on sbtest7  (cost=0.43..8.45 rows=1 width=121)
	  Index Cond: (id = 6406708)

table 8 : explain SELECT c FROM sbtest8 WHERE id=2283941
	Index Scan using sbtest8_pkey on sbtest8  (cost=0.43..8.45 rows=1 width=121)
	  Index Cond: (id = 2283941)

for point_selects
table 1 : explain SELECT c FROM sbtest1 WHERE id=2485569
	Index Scan using sbtest1_pkey on sbtest1  (cost=0.43..8.45 rows=1 width=121)
	  Index Cond: (id = 2485569)

table 2 : explain SELECT c FROM sbtest2 WHERE id=3448914
	Index Scan using sbtest2_pkey on sbtest2  (cost=0.43..8.45 rows=1 width=121)
	  Index Cond: (id = 3448914)

table 3 : explain SELECT c FROM sbtest3 WHERE id=6151734
	Index Scan using sbtest3_pkey on sbtest3  (cost=0.43..8.45 rows=1 width=121)
	  Index Cond: (id = 6151734)

table 4 : explain SELECT c FROM sbtest4 WHERE id=263301
	Index Scan using sbtest4_pkey on sbtest4  (cost=0.43..8.45 rows=1 width=121)
	  Index Cond: (id = 263301)

table 5 : explain SELECT c FROM sbtest5 WHERE id=7199882
	Index Scan using sbtest5_pkey on sbtest5  (cost=0.43..8.45 rows=1 width=121)
	  Index Cond: (id = 7199882)

table 6 : explain SELECT c FROM sbtest6 WHERE id=8315475
	Index Scan using sbtest6_pkey on sbtest6  (cost=0.43..8.45 rows=1 width=121)
	  Index Cond: (id = 8315475)

table 7 : explain SELECT c FROM sbtest7 WHERE id=5298944
	Index Scan using sbtest7_pkey on sbtest7  (cost=0.43..8.45 rows=1 width=121)
	  Index Cond: (id = 5298944)

table 8 : explain SELECT c FROM sbtest8 WHERE id=655693
	Index Scan using sbtest8_pkey on sbtest8  (cost=0.43..8.45 rows=1 width=121)
	  Index Cond: (id = 655693)

explain: for point_selects :: explain SELECT c FROM sbtest%u WHERE id=%u
for: simple_ranges
table 1 : explain SELECT c FROM sbtest1 WHERE id BETWEEN 4851986 AND 4851995
	Index Scan using sbtest1_pkey on sbtest1  (cost=0.43..38.52 rows=10 width=121)
	  Index Cond: ((id >= 4851986) AND (id <= 4851995))

table 2 : explain SELECT c FROM sbtest2 WHERE id BETWEEN 866191 AND 866200
	Index Scan using sbtest2_pkey on sbtest2  (cost=0.43..35.09 rows=9 width=121)
	  Index Cond: ((id >= 866191) AND (id <= 866200))

table 3 : explain SELECT c FROM sbtest3 WHERE id BETWEEN 4402992 AND 4403001
	Index Scan using sbtest3_pkey on sbtest3  (cost=0.43..35.25 rows=9 width=121)
	  Index Cond: ((id >= 4402992) AND (id <= 4403001))

table 4 : explain SELECT c FROM sbtest4 WHERE id BETWEEN 5923469 AND 5923478
	Index Scan using sbtest4_pkey on sbtest4  (cost=0.43..38.73 rows=10 width=121)
	  Index Cond: ((id >= 5923469) AND (id <= 5923478))

table 5 : explain SELECT c FROM sbtest5 WHERE id BETWEEN 6854302 AND 6854311
	Index Scan using sbtest5_pkey on sbtest5  (cost=0.43..41.89 rows=11 width=121)
	  Index Cond: ((id >= 6854302) AND (id <= 6854311))

table 6 : explain SELECT c FROM sbtest6 WHERE id BETWEEN 2556004 AND 2556013
	Index Scan using sbtest6_pkey on sbtest6  (cost=0.43..42.60 rows=11 width=121)
	  Index Cond: ((id >= 2556004) AND (id <= 2556013))

table 7 : explain SELECT c FROM sbtest7 WHERE id BETWEEN 5872028 AND 5872037
	Index Scan using sbtest7_pkey on sbtest7  (cost=0.43..38.55 rows=10 width=121)
	  Index Cond: ((id >= 5872028) AND (id <= 5872037))

table 8 : explain SELECT c FROM sbtest8 WHERE id BETWEEN 8819801 AND 8819810
	Index Scan using sbtest8_pkey on sbtest8  (cost=0.43..38.30 rows=10 width=121)
	  Index Cond: ((id >= 8819801) AND (id <= 8819810))

for point_selects
table 1 : explain SELECT c FROM sbtest1 WHERE id=7940197
	Index Scan using sbtest1_pkey on sbtest1  (cost=0.43..8.45 rows=1 width=121)
	  Index Cond: (id = 7940197)

table 2 : explain SELECT c FROM sbtest2 WHERE id=4061646
	Index Scan using sbtest2_pkey on sbtest2  (cost=0.43..8.45 rows=1 width=121)
	  Index Cond: (id = 4061646)

table 3 : explain SELECT c FROM sbtest3 WHERE id=9973365
	Index Scan using sbtest3_pkey on sbtest3  (cost=0.43..8.45 rows=1 width=121)
	  Index Cond: (id = 9973365)

table 4 : explain SELECT c FROM sbtest4 WHERE id=3769711
	Index Scan using sbtest4_pkey on sbtest4  (cost=0.43..8.45 rows=1 width=121)
	  Index Cond: (id = 3769711)

table 5 : explain SELECT c FROM sbtest5 WHERE id=2882889
	Index Scan using sbtest5_pkey on sbtest5  (cost=0.43..8.45 rows=1 width=121)
	  Index Cond: (id = 2882889)

table 6 : explain SELECT c FROM sbtest6 WHERE id=6230867
	Index Scan using sbtest6_pkey on sbtest6  (cost=0.43..8.45 rows=1 width=121)
	  Index Cond: (id = 6230867)

table 7 : explain SELECT c FROM sbtest7 WHERE id=3507497
	Index Scan using sbtest7_pkey on sbtest7  (cost=0.43..8.45 rows=1 width=121)
	  Index Cond: (id = 3507497)

table 8 : explain SELECT c FROM sbtest8 WHERE id=5921095
	Index Scan using sbtest8_pkey on sbtest8  (cost=0.43..8.45 rows=1 width=121)
	  Index Cond: (id = 5921095)

for: simple_ranges
table 1 : explain SELECT c FROM sbtest1 WHERE id BETWEEN 7244275 AND 7244284
	Index Scan using sbtest1_pkey on sbtest1  (cost=0.43..41.86 rows=11 width=121)
	  Index Cond: ((id >= 7244275) AND (id <= 7244284))

table 2 : explain SELECT c FROM sbtest2 WHERE id BETWEEN 6718847 AND 6718856
	Index Scan using sbtest2_pkey on sbtest2  (cost=0.43..41.75 rows=11 width=121)
	  Index Cond: ((id >= 6718847) AND (id <= 6718856))

table 3 : explain SELECT c FROM sbtest3 WHERE id BETWEEN 9730208 AND 9730217
	Index Scan using sbtest3_pkey on sbtest3  (cost=0.43..41.95 rows=11 width=121)
	  Index Cond: ((id >= 9730208) AND (id <= 9730217))

table 4 : explain SELECT c FROM sbtest4 WHERE id BETWEEN 7737645 AND 7737654
	Index Scan using sbtest4_pkey on sbtest4  (cost=0.43..38.73 rows=10 width=121)
	  Index Cond: ((id >= 7737645) AND (id <= 7737654))

table 5 : explain SELECT c FROM sbtest5 WHERE id BETWEEN 723654 AND 723663
	Index Scan using sbtest5_pkey on sbtest5  (cost=0.43..38.54 rows=10 width=121)
	  Index Cond: ((id >= 723654) AND (id <= 723663))

table 6 : explain SELECT c FROM sbtest6 WHERE id BETWEEN 7497131 AND 7497140
	Index Scan using sbtest6_pkey on sbtest6  (cost=0.43..42.60 rows=11 width=121)
	  Index Cond: ((id >= 7497131) AND (id <= 7497140))

table 7 : explain SELECT c FROM sbtest7 WHERE id BETWEEN 6377423 AND 6377432
	Index Scan using sbtest7_pkey on sbtest7  (cost=0.43..38.55 rows=10 width=121)
	  Index Cond: ((id >= 6377423) AND (id <= 6377432))

table 8 : explain SELECT c FROM sbtest8 WHERE id BETWEEN 3773358 AND 3773367
	Index Scan using sbtest8_pkey on sbtest8  (cost=0.43..34.99 rows=9 width=121)
	  Index Cond: ((id >= 3773358) AND (id <= 3773367))

for point_selects
table 1 : explain SELECT c FROM sbtest1 WHERE id=4990115
	Index Scan using sbtest1_pkey on sbtest1  (cost=0.43..8.45 rows=1 width=121)
	  Index Cond: (id = 4990115)

table 2 : explain SELECT c FROM sbtest2 WHERE id=9659768
	Index Scan using sbtest2_pkey on sbtest2  (cost=0.43..8.45 rows=1 width=121)
	  Index Cond: (id = 9659768)

table 3 : explain SELECT c FROM sbtest3 WHERE id=651386
	Index Scan using sbtest3_pkey on sbtest3  (cost=0.43..8.45 rows=1 width=121)
	  Index Cond: (id = 651386)

table 4 : explain SELECT c FROM sbtest4 WHERE id=5807262
	Index Scan using sbtest4_pkey on sbtest4  (cost=0.43..8.45 rows=1 width=121)
	  Index Cond: (id = 5807262)

table 5 : explain SELECT c FROM sbtest5 WHERE id=4979856
	Index Scan using sbtest5_pkey on sbtest5  (cost=0.43..8.45 rows=1 width=121)
	  Index Cond: (id = 4979856)

table 6 : explain SELECT c FROM sbtest6 WHERE id=743546
	Index Scan using sbtest6_pkey on sbtest6  (cost=0.43..8.45 rows=1 width=121)
	  Index Cond: (id = 743546)

table 7 : explain SELECT c FROM sbtest7 WHERE id=5194739
	Index Scan using sbtest7_pkey on sbtest7  (cost=0.43..8.45 rows=1 width=121)
	  Index Cond: (id = 5194739)

table 8 : explain SELECT c FROM sbtest8 WHERE id=9168613
	Index Scan using sbtest8_pkey on sbtest8  (cost=0.43..8.45 rows=1 width=121)
	  Index Cond: (id = 9168613)

for: simple_ranges
table 1 : explain SELECT c FROM sbtest1 WHERE id BETWEEN 4186201 AND 4186210
	Index Scan using sbtest1_pkey on sbtest1  (cost=0.43..38.52 rows=10 width=121)
	  Index Cond: ((id >= 4186201) AND (id <= 4186210))

table 2 : explain SELECT c FROM sbtest2 WHERE id BETWEEN 7312809 AND 7312818
	Index Scan using sbtest2_pkey on sbtest2  (cost=0.43..38.42 rows=10 width=121)
	  Index Cond: ((id >= 7312809) AND (id <= 7312818))

table 3 : explain SELECT c FROM sbtest3 WHERE id BETWEEN 1461497 AND 1461506
	Index Scan using sbtest3_pkey on sbtest3  (cost=0.43..38.60 rows=10 width=121)
	  Index Cond: ((id >= 1461497) AND (id <= 1461506))

table 4 : explain SELECT c FROM sbtest4 WHERE id BETWEEN 4452693 AND 4452702
	Index Scan using sbtest4_pkey on sbtest4  (cost=0.43..38.73 rows=10 width=121)
	  Index Cond: ((id >= 4452693) AND (id <= 4452702))

table 5 : explain SELECT c FROM sbtest5 WHERE id BETWEEN 5061101 AND 5061110
	Index Scan using sbtest5_pkey on sbtest5  (cost=0.43..38.54 rows=10 width=121)
	  Index Cond: ((id >= 5061101) AND (id <= 5061110))

table 6 : explain SELECT c FROM sbtest6 WHERE id BETWEEN 280759 AND 280768
	Index Scan using sbtest6_pkey on sbtest6  (cost=0.43..39.19 rows=10 width=121)
	  Index Cond: ((id >= 280759) AND (id <= 280768))

table 7 : explain SELECT c FROM sbtest7 WHERE id BETWEEN 6084534 AND 6084543
	Index Scan using sbtest7_pkey on sbtest7  (cost=0.43..38.55 rows=10 width=121)
	  Index Cond: ((id >= 6084534) AND (id <= 6084543))

table 8 : explain SELECT c FROM sbtest8 WHERE id BETWEEN 5246167 AND 5246176
	Index Scan using sbtest8_pkey on sbtest8  (cost=0.43..38.30 rows=10 width=121)
	  Index Cond: ((id >= 5246167) AND (id <= 5246176))

explain: for point_selects :: explain SELECT c FROM sbtest%u WHERE id=%u
for: simple_ranges
table 1 : explain SELECT c FROM sbtest1 WHERE id BETWEEN 2740354 AND 2740363
	Index Scan using sbtest1_pkey on sbtest1  (cost=0.43..38.52 rows=10 width=121)
	  Index Cond: ((id >= 2740354) AND (id <= 2740363))

table 2 : explain SELECT c FROM sbtest2 WHERE id BETWEEN 4417367 AND 4417376
	Index Scan using sbtest2_pkey on sbtest2  (cost=0.43..38.42 rows=10 width=121)
	  Index Cond: ((id >= 4417367) AND (id <= 4417376))

table 3 : explain SELECT c FROM sbtest3 WHERE id BETWEEN 9444641 AND 9444650
	Index Scan using sbtest3_pkey on sbtest3  (cost=0.43..38.60 rows=10 width=121)
	  Index Cond: ((id >= 9444641) AND (id <= 9444650))

table 4 : explain SELECT c FROM sbtest4 WHERE id BETWEEN 4318179 AND 4318188
	Index Scan using sbtest4_pkey on sbtest4  (cost=0.43..35.37 rows=9 width=121)
	  Index Cond: ((id >= 4318179) AND (id <= 4318188))

table 5 : explain SELECT c FROM sbtest5 WHERE id BETWEEN 7084641 AND 7084650
	Index Scan using sbtest5_pkey on sbtest5  (cost=0.43..35.20 rows=9 width=121)
	  Index Cond: ((id >= 7084641) AND (id <= 7084650))

table 6 : explain SELECT c FROM sbtest6 WHERE id BETWEEN 1170998 AND 1171007
	Index Scan using sbtest6_pkey on sbtest6  (cost=0.43..39.19 rows=10 width=121)
	  Index Cond: ((id >= 1170998) AND (id <= 1171007))

table 7 : explain SELECT c FROM sbtest7 WHERE id BETWEEN 3350110 AND 3350119
	Index Scan using sbtest7_pkey on sbtest7  (cost=0.43..38.55 rows=10 width=121)
	  Index Cond: ((id >= 3350110) AND (id <= 3350119))

table 8 : explain SELECT c FROM sbtest8 WHERE id BETWEEN 4139879 AND 4139888
	Index Scan using sbtest8_pkey on sbtest8  (cost=0.43..38.30 rows=10 width=121)
	  Index Cond: ((id >= 4139879) AND (id <= 4139888))

for: sum_ranges
table 1 : explain SELECT SUM(k) FROM sbtest1 WHERE id BETWEEN 6539035 AND 6539044
	Aggregate  (cost=35.20..35.21 rows=1 width=8)
	  ->  Index Scan using sbtest1_pkey on sbtest1  (cost=0.43..35.18 rows=9 width=4)
	        Index Cond: ((id >= 6539035) AND (id <= 6539044))

table 2 : explain SELECT SUM(k) FROM sbtest2 WHERE id BETWEEN 6548404 AND 6548413
	Aggregate  (cost=38.44..38.45 rows=1 width=8)
	  ->  Index Scan using sbtest2_pkey on sbtest2  (cost=0.43..38.42 rows=10 width=4)
	        Index Cond: ((id >= 6548404) AND (id <= 6548413))

table 3 : explain SELECT SUM(k) FROM sbtest3 WHERE id BETWEEN 4866904 AND 4866913
	Aggregate  (cost=41.97..41.98 rows=1 width=8)
	  ->  Index Scan using sbtest3_pkey on sbtest3  (cost=0.43..41.95 rows=11 width=4)
	        Index Cond: ((id >= 4866904) AND (id <= 4866913))

table 4 : explain SELECT SUM(k) FROM sbtest4 WHERE id BETWEEN 167380 AND 167389
	Aggregate  (cost=38.76..38.77 rows=1 width=8)
	  ->  Index Scan using sbtest4_pkey on sbtest4  (cost=0.43..38.73 rows=10 width=4)
	        Index Cond: ((id >= 167380) AND (id <= 167389))

table 5 : explain SELECT SUM(k) FROM sbtest5 WHERE id BETWEEN 4695415 AND 4695424
	Aggregate  (cost=35.22..35.23 rows=1 width=8)
	  ->  Index Scan using sbtest5_pkey on sbtest5  (cost=0.43..35.20 rows=9 width=4)
	        Index Cond: ((id >= 4695415) AND (id <= 4695424))

table 6 : explain SELECT SUM(k) FROM sbtest6 WHERE id BETWEEN 9641596 AND 9641605
	Aggregate  (cost=42.63..42.64 rows=1 width=8)
	  ->  Index Scan using sbtest6_pkey on sbtest6  (cost=0.43..42.60 rows=11 width=4)
	        Index Cond: ((id >= 9641596) AND (id <= 9641605))

table 7 : explain SELECT SUM(k) FROM sbtest7 WHERE id BETWEEN 6073847 AND 6073856
	Aggregate  (cost=38.57..38.58 rows=1 width=8)
	  ->  Index Scan using sbtest7_pkey on sbtest7  (cost=0.43..38.55 rows=10 width=4)
	        Index Cond: ((id >= 6073847) AND (id <= 6073856))

table 8 : explain SELECT SUM(k) FROM sbtest8 WHERE id BETWEEN 3442134 AND 3442143
	Aggregate  (cost=35.01..35.02 rows=1 width=8)
	  ->  Index Scan using sbtest8_pkey on sbtest8  (cost=0.43..34.99 rows=9 width=4)
	        Index Cond: ((id >= 3442134) AND (id <= 3442143))

for: sum_ranges
table 1 : explain SELECT SUM(k) FROM sbtest1 WHERE id BETWEEN 4480281 AND 4480290
	Aggregate  (cost=38.54..38.55 rows=1 width=8)
	  ->  Index Scan using sbtest1_pkey on sbtest1  (cost=0.43..38.52 rows=10 width=4)
	        Index Cond: ((id >= 4480281) AND (id <= 4480290))

table 2 : explain SELECT SUM(k) FROM sbtest2 WHERE id BETWEEN 4130964 AND 4130973
	Aggregate  (cost=41.77..41.78 rows=1 width=8)
	  ->  Index Scan using sbtest2_pkey on sbtest2  (cost=0.43..41.75 rows=11 width=4)
	        Index Cond: ((id >= 4130964) AND (id <= 4130973))

table 3 : explain SELECT SUM(k) FROM sbtest3 WHERE id BETWEEN 8512482 AND 8512491
	Aggregate  (cost=38.62..38.63 rows=1 width=8)
	  ->  Index Scan using sbtest3_pkey on sbtest3  (cost=0.43..38.60 rows=10 width=4)
	        Index Cond: ((id >= 8512482) AND (id <= 8512491))

table 4 : explain SELECT SUM(k) FROM sbtest4 WHERE id BETWEEN 4763147 AND 4763156
	Aggregate  (cost=38.76..38.77 rows=1 width=8)
	  ->  Index Scan using sbtest4_pkey on sbtest4  (cost=0.43..38.73 rows=10 width=4)
	        Index Cond: ((id >= 4763147) AND (id <= 4763156))

table 5 : explain SELECT SUM(k) FROM sbtest5 WHERE id BETWEEN 8335549 AND 8335558
	Aggregate  (cost=38.57..38.58 rows=1 width=8)
	  ->  Index Scan using sbtest5_pkey on sbtest5  (cost=0.43..38.54 rows=10 width=4)
	        Index Cond: ((id >= 8335549) AND (id <= 8335558))

table 6 : explain SELECT SUM(k) FROM sbtest6 WHERE id BETWEEN 5289175 AND 5289184
	Aggregate  (cost=42.63..42.64 rows=1 width=8)
	  ->  Index Scan using sbtest6_pkey on sbtest6  (cost=0.43..42.60 rows=11 width=4)
	        Index Cond: ((id >= 5289175) AND (id <= 5289184))

table 7 : explain SELECT SUM(k) FROM sbtest7 WHERE id BETWEEN 271488 AND 271497
	Aggregate  (cost=38.57..38.58 rows=1 width=8)
	  ->  Index Scan using sbtest7_pkey on sbtest7  (cost=0.43..38.55 rows=10 width=4)
	        Index Cond: ((id >= 271488) AND (id <= 271497))

table 8 : explain SELECT SUM(k) FROM sbtest8 WHERE id BETWEEN 6011614 AND 6011623
	Aggregate  (cost=38.33..38.34 rows=1 width=8)
	  ->  Index Scan using sbtest8_pkey on sbtest8  (cost=0.43..38.30 rows=10 width=4)
	        Index Cond: ((id >= 6011614) AND (id <= 6011623))

explain: for point_selects :: explain SELECT c FROM sbtest%u WHERE id=%u
for: sum_ranges
table 1 : explain SELECT SUM(k) FROM sbtest1 WHERE id BETWEEN 1046773 AND 1046782
	Aggregate  (cost=38.54..38.55 rows=1 width=8)
	  ->  Index Scan using sbtest1_pkey on sbtest1  (cost=0.43..38.52 rows=10 width=4)
	        Index Cond: ((id >= 1046773) AND (id <= 1046782))

table 2 : explain SELECT SUM(k) FROM sbtest2 WHERE id BETWEEN 9851306 AND 9851315
	Aggregate  (cost=35.11..35.12 rows=1 width=8)
	  ->  Index Scan using sbtest2_pkey on sbtest2  (cost=0.43..35.09 rows=9 width=4)
	        Index Cond: ((id >= 9851306) AND (id <= 9851315))

table 3 : explain SELECT SUM(k) FROM sbtest3 WHERE id BETWEEN 4089666 AND 4089675
	Aggregate  (cost=35.27..35.28 rows=1 width=8)
	  ->  Index Scan using sbtest3_pkey on sbtest3  (cost=0.43..35.25 rows=9 width=4)
	        Index Cond: ((id >= 4089666) AND (id <= 4089675))

table 4 : explain SELECT SUM(k) FROM sbtest4 WHERE id BETWEEN 7244274 AND 7244283
	Aggregate  (cost=35.39..35.40 rows=1 width=8)
	  ->  Index Scan using sbtest4_pkey on sbtest4  (cost=0.43..35.37 rows=9 width=4)
	        Index Cond: ((id >= 7244274) AND (id <= 7244283))

table 5 : explain SELECT SUM(k) FROM sbtest5 WHERE id BETWEEN 2123244 AND 2123253
	Aggregate  (cost=38.57..38.58 rows=1 width=8)
	  ->  Index Scan using sbtest5_pkey on sbtest5  (cost=0.43..38.54 rows=10 width=4)
	        Index Cond: ((id >= 2123244) AND (id <= 2123253))

table 6 : explain SELECT SUM(k) FROM sbtest6 WHERE id BETWEEN 1286019 AND 1286028
	Aggregate  (cost=35.80..35.81 rows=1 width=8)
	  ->  Index Scan using sbtest6_pkey on sbtest6  (cost=0.43..35.77 rows=9 width=4)
	        Index Cond: ((id >= 1286019) AND (id <= 1286028))

table 7 : explain SELECT SUM(k) FROM sbtest7 WHERE id BETWEEN 7821997 AND 7822006
	Aggregate  (cost=38.57..38.58 rows=1 width=8)
	  ->  Index Scan using sbtest7_pkey on sbtest7  (cost=0.43..38.55 rows=10 width=4)
	        Index Cond: ((id >= 7821997) AND (id <= 7822006))

table 8 : explain SELECT SUM(k) FROM sbtest8 WHERE id BETWEEN 4691253 AND 4691262
	Aggregate  (cost=38.33..38.34 rows=1 width=8)
	  ->  Index Scan using sbtest8_pkey on sbtest8  (cost=0.43..38.30 rows=10 width=4)
	        Index Cond: ((id >= 4691253) AND (id <= 4691262))

for point_selects
table 1 : explain SELECT c FROM sbtest1 WHERE id=613018
	Index Scan using sbtest1_pkey on sbtest1  (cost=0.43..8.45 rows=1 width=121)
	  Index Cond: (id = 613018)

table 2 : explain SELECT c FROM sbtest2 WHERE id=6753385
	Index Scan using sbtest2_pkey on sbtest2  (cost=0.43..8.45 rows=1 width=121)
	  Index Cond: (id = 6753385)

table 3 : explain SELECT c FROM sbtest3 WHERE id=4575304
	Index Scan using sbtest3_pkey on sbtest3  (cost=0.43..8.45 rows=1 width=121)
	  Index Cond: (id = 4575304)

table 4 : explain SELECT c FROM sbtest4 WHERE id=4651209
	Index Scan using sbtest4_pkey on sbtest4  (cost=0.43..8.45 rows=1 width=121)
	  Index Cond: (id = 4651209)

table 5 : explain SELECT c FROM sbtest5 WHERE id=1721463
	Index Scan using sbtest5_pkey on sbtest5  (cost=0.43..8.45 rows=1 width=121)
	  Index Cond: (id = 1721463)

table 6 : explain SELECT c FROM sbtest6 WHERE id=9214219
	Index Scan using sbtest6_pkey on sbtest6  (cost=0.43..8.45 rows=1 width=121)
	  Index Cond: (id = 9214219)

table 7 : explain SELECT c FROM sbtest7 WHERE id=8233212
	Index Scan using sbtest7_pkey on sbtest7  (cost=0.43..8.45 rows=1 width=121)
	  Index Cond: (id = 8233212)

table 8 : explain SELECT c FROM sbtest8 WHERE id=5409029
	Index Scan using sbtest8_pkey on sbtest8  (cost=0.43..8.45 rows=1 width=121)
	  Index Cond: (id = 5409029)

explain: for point_selects :: explain SELECT c FROM sbtest%u WHERE id=%u
explain: for point_selects :: explain SELECT c FROM sbtest%u WHERE id=%u
for: sum_ranges
table 1 : explain SELECT SUM(k) FROM sbtest1 WHERE id BETWEEN 6178340 AND 6178349
	Aggregate  (cost=38.54..38.55 rows=1 width=8)
	  ->  Index Scan using sbtest1_pkey on sbtest1  (cost=0.43..38.52 rows=10 width=4)
	        Index Cond: ((id >= 6178340) AND (id <= 6178349))

table 2 : explain SELECT SUM(k) FROM sbtest2 WHERE id BETWEEN 9778371 AND 9778380
	Aggregate  (cost=41.77..41.78 rows=1 width=8)
	  ->  Index Scan using sbtest2_pkey on sbtest2  (cost=0.43..41.75 rows=11 width=4)
	        Index Cond: ((id >= 9778371) AND (id <= 9778380))

table 3 : explain SELECT SUM(k) FROM sbtest3 WHERE id BETWEEN 898180 AND 898189
	Aggregate  (cost=38.62..38.63 rows=1 width=8)
	  ->  Index Scan using sbtest3_pkey on sbtest3  (cost=0.43..38.60 rows=10 width=4)
	        Index Cond: ((id >= 898180) AND (id <= 898189))

table 4 : explain SELECT SUM(k) FROM sbtest4 WHERE id BETWEEN 6953245 AND 6953254
	Aggregate  (cost=38.76..38.77 rows=1 width=8)
	  ->  Index Scan using sbtest4_pkey on sbtest4  (cost=0.43..38.73 rows=10 width=4)
	        Index Cond: ((id >= 6953245) AND (id <= 6953254))

table 5 : explain SELECT SUM(k) FROM sbtest5 WHERE id BETWEEN 3071208 AND 3071217
	Aggregate  (cost=41.91..41.92 rows=1 width=8)
	  ->  Index Scan using sbtest5_pkey on sbtest5  (cost=0.43..41.89 rows=11 width=4)
	        Index Cond: ((id >= 3071208) AND (id <= 3071217))

table 6 : explain SELECT SUM(k) FROM sbtest6 WHERE id BETWEEN 4711041 AND 4711050
	Aggregate  (cost=39.21..39.22 rows=1 width=8)
	  ->  Index Scan using sbtest6_pkey on sbtest6  (cost=0.43..39.19 rows=10 width=4)
	        Index Cond: ((id >= 4711041) AND (id <= 4711050))

table 7 : explain SELECT SUM(k) FROM sbtest7 WHERE id BETWEEN 183090 AND 183099
	Aggregate  (cost=41.92..41.93 rows=1 width=8)
	  ->  Index Scan using sbtest7_pkey on sbtest7  (cost=0.43..41.89 rows=11 width=4)
	        Index Cond: ((id >= 183090) AND (id <= 183099))

table 8 : explain SELECT SUM(k) FROM sbtest8 WHERE id BETWEEN 9599956 AND 9599965
	Aggregate  (cost=38.33..38.34 rows=1 width=8)
	  ->  Index Scan using sbtest8_pkey on sbtest8  (cost=0.43..38.30 rows=10 width=4)
	        Index Cond: ((id >= 9599956) AND (id <= 9599965))

for point_selects
table 1 : explain SELECT c FROM sbtest1 WHERE id=1512899
	Index Scan using sbtest1_pkey on sbtest1  (cost=0.43..8.45 rows=1 width=121)
	  Index Cond: (id = 1512899)

table 2 : explain SELECT c FROM sbtest2 WHERE id=7380781
	Index Scan using sbtest2_pkey on sbtest2  (cost=0.43..8.45 rows=1 width=121)
	  Index Cond: (id = 7380781)

table 3 : explain SELECT c FROM sbtest3 WHERE id=7671975
	Index Scan using sbtest3_pkey on sbtest3  (cost=0.43..8.45 rows=1 width=121)
	  Index Cond: (id = 7671975)

table 4 : explain SELECT c FROM sbtest4 WHERE id=7648142
	Index Scan using sbtest4_pkey on sbtest4  (cost=0.43..8.45 rows=1 width=121)
	  Index Cond: (id = 7648142)

table 5 : explain SELECT c FROM sbtest5 WHERE id=573459
	Index Scan using sbtest5_pkey on sbtest5  (cost=0.43..8.45 rows=1 width=121)
	  Index Cond: (id = 573459)

table 6 : explain SELECT c FROM sbtest6 WHERE id=401694
	Index Scan using sbtest6_pkey on sbtest6  (cost=0.43..8.45 rows=1 width=121)
	  Index Cond: (id = 401694)

table 7 : explain SELECT c FROM sbtest7 WHERE id=6687988
	Index Scan using sbtest7_pkey on sbtest7  (cost=0.43..8.45 rows=1 width=121)
	  Index Cond: (id = 6687988)

table 8 : explain SELECT c FROM sbtest8 WHERE id=9782180
	Index Scan using sbtest8_pkey on sbtest8  (cost=0.43..8.45 rows=1 width=121)
	  Index Cond: (id = 9782180)

for: simple_ranges
table 1 : explain SELECT c FROM sbtest1 WHERE id BETWEEN 3571115 AND 3571124
	Index Scan using sbtest1_pkey on sbtest1  (cost=0.43..38.52 rows=10 width=121)
	  Index Cond: ((id >= 3571115) AND (id <= 3571124))

table 2 : explain SELECT c FROM sbtest2 WHERE id BETWEEN 9562433 AND 9562442
	Index Scan using sbtest2_pkey on sbtest2  (cost=0.43..41.75 rows=11 width=121)
	  Index Cond: ((id >= 9562433) AND (id <= 9562442))

table 3 : explain SELECT c FROM sbtest3 WHERE id BETWEEN 4904374 AND 4904383
	Index Scan using sbtest3_pkey on sbtest3  (cost=0.43..41.95 rows=11 width=121)
	  Index Cond: ((id >= 4904374) AND (id <= 4904383))

table 4 : explain SELECT c FROM sbtest4 WHERE id BETWEEN 8670448 AND 8670457
	Index Scan using sbtest4_pkey on sbtest4  (cost=0.43..42.10 rows=11 width=121)
	  Index Cond: ((id >= 8670448) AND (id <= 8670457))

table 5 : explain SELECT c FROM sbtest5 WHERE id BETWEEN 6619193 AND 6619202
	Index Scan using sbtest5_pkey on sbtest5  (cost=0.43..38.54 rows=10 width=121)
	  Index Cond: ((id >= 6619193) AND (id <= 6619202))

table 6 : explain SELECT c FROM sbtest6 WHERE id BETWEEN 9081212 AND 9081221
	Index Scan using sbtest6_pkey on sbtest6  (cost=0.43..35.77 rows=9 width=121)
	  Index Cond: ((id >= 9081212) AND (id <= 9081221))

table 7 : explain SELECT c FROM sbtest7 WHERE id BETWEEN 3986002 AND 3986011
	Index Scan using sbtest7_pkey on sbtest7  (cost=0.43..38.55 rows=10 width=121)
	  Index Cond: ((id >= 3986002) AND (id <= 3986011))

table 8 : explain SELECT c FROM sbtest8 WHERE id BETWEEN 9329751 AND 9329760
	Index Scan using sbtest8_pkey on sbtest8  (cost=0.43..34.99 rows=9 width=121)
	  Index Cond: ((id >= 9329751) AND (id <= 9329760))

explain: for point_selects :: explain SELECT c FROM sbtest%u WHERE id=%u
explain: for point_selects :: explain SELECT c FROM sbtest%u WHERE id=%u
for: sum_ranges
table 1 : explain SELECT SUM(k) FROM sbtest1 WHERE id BETWEEN 3896135 AND 3896144
	Aggregate  (cost=38.54..38.55 rows=1 width=8)
	  ->  Index Scan using sbtest1_pkey on sbtest1  (cost=0.43..38.52 rows=10 width=4)
	        Index Cond: ((id >= 3896135) AND (id <= 3896144))

table 2 : explain SELECT SUM(k) FROM sbtest2 WHERE id BETWEEN 3448626 AND 3448635
	Aggregate  (cost=38.44..38.45 rows=1 width=8)
	  ->  Index Scan using sbtest2_pkey on sbtest2  (cost=0.43..38.42 rows=10 width=4)
	        Index Cond: ((id >= 3448626) AND (id <= 3448635))

table 3 : explain SELECT SUM(k) FROM sbtest3 WHERE id BETWEEN 9057928 AND 9057937
	Aggregate  (cost=38.62..38.63 rows=1 width=8)
	  ->  Index Scan using sbtest3_pkey on sbtest3  (cost=0.43..38.60 rows=10 width=4)
	        Index Cond: ((id >= 9057928) AND (id <= 9057937))

table 4 : explain SELECT SUM(k) FROM sbtest4 WHERE id BETWEEN 5937733 AND 5937742
	Aggregate  (cost=38.76..38.77 rows=1 width=8)
	  ->  Index Scan using sbtest4_pkey on sbtest4  (cost=0.43..38.73 rows=10 width=4)
	        Index Cond: ((id >= 5937733) AND (id <= 5937742))

table 5 : explain SELECT SUM(k) FROM sbtest5 WHERE id BETWEEN 4938203 AND 4938212
	Aggregate  (cost=38.57..38.58 rows=1 width=8)
	  ->  Index Scan using sbtest5_pkey on sbtest5  (cost=0.43..38.54 rows=10 width=4)
	        Index Cond: ((id >= 4938203) AND (id <= 4938212))

table 6 : explain SELECT SUM(k) FROM sbtest6 WHERE id BETWEEN 3543175 AND 3543184
	Aggregate  (cost=42.63..42.64 rows=1 width=8)
	  ->  Index Scan using sbtest6_pkey on sbtest6  (cost=0.43..42.60 rows=11 width=4)
	        Index Cond: ((id >= 3543175) AND (id <= 3543184))

table 7 : explain SELECT SUM(k) FROM sbtest7 WHERE id BETWEEN 4418974 AND 4418983
	Aggregate  (cost=41.92..41.93 rows=1 width=8)
	  ->  Index Scan using sbtest7_pkey on sbtest7  (cost=0.43..41.89 rows=11 width=4)
	        Index Cond: ((id >= 4418974) AND (id <= 4418983))

table 8 : explain SELECT SUM(k) FROM sbtest8 WHERE id BETWEEN 9924017 AND 9924026
	Aggregate  (cost=38.33..38.34 rows=1 width=8)
	  ->  Index Scan using sbtest8_pkey on sbtest8  (cost=0.43..38.30 rows=10 width=4)
	        Index Cond: ((id >= 9924017) AND (id <= 9924026))

for point_selects
table 1 : explain SELECT c FROM sbtest1 WHERE id=277770
	Index Scan using sbtest1_pkey on sbtest1  (cost=0.43..8.45 rows=1 width=121)
	  Index Cond: (id = 277770)

table 2 : explain SELECT c FROM sbtest2 WHERE id=1697523
	Index Scan using sbtest2_pkey on sbtest2  (cost=0.43..8.45 rows=1 width=121)
	  Index Cond: (id = 1697523)

table 3 : explain SELECT c FROM sbtest3 WHERE id=6684648
	Index Scan using sbtest3_pkey on sbtest3  (cost=0.43..8.45 rows=1 width=121)
	  Index Cond: (id = 6684648)

table 4 : explain SELECT c FROM sbtest4 WHERE id=683294
	Index Scan using sbtest4_pkey on sbtest4  (cost=0.43..8.45 rows=1 width=121)
	  Index Cond: (id = 683294)

table 5 : explain SELECT c FROM sbtest5 WHERE id=7893688
	Index Scan using sbtest5_pkey on sbtest5  (cost=0.43..8.45 rows=1 width=121)
	  Index Cond: (id = 7893688)

table 6 : explain SELECT c FROM sbtest6 WHERE id=7760028
	Index Scan using sbtest6_pkey on sbtest6  (cost=0.43..8.45 rows=1 width=121)
	  Index Cond: (id = 7760028)

table 7 : explain SELECT c FROM sbtest7 WHERE id=6220996
	Index Scan using sbtest7_pkey on sbtest7  (cost=0.43..8.45 rows=1 width=121)
	  Index Cond: (id = 6220996)

table 8 : explain SELECT c FROM sbtest8 WHERE id=944906
	Index Scan using sbtest8_pkey on sbtest8  (cost=0.43..8.45 rows=1 width=121)
	  Index Cond: (id = 944906)

explain: for point_selects :: explain SELECT c FROM sbtest%u WHERE id=%u
for: order_ranges
table 1 : explain SELECT c FROM sbtest1 WHERE id BETWEEN 9648259 AND 9648268 ORDER BY c
	Sort  (cost=35.32..35.34 rows=9 width=121)
	  Sort Key: c
	  ->  Index Scan using sbtest1_pkey on sbtest1  (cost=0.43..35.18 rows=9 width=121)
	        Index Cond: ((id >= 9648259) AND (id <= 9648268))

table 2 : explain SELECT c FROM sbtest2 WHERE id BETWEEN 1928648 AND 1928657 ORDER BY c
	Sort  (cost=38.58..38.61 rows=10 width=121)
	  Sort Key: c
	  ->  Index Scan using sbtest2_pkey on sbtest2  (cost=0.43..38.42 rows=10 width=121)
	        Index Cond: ((id >= 1928648) AND (id <= 1928657))

table 3 : explain SELECT c FROM sbtest3 WHERE id BETWEEN 6804813 AND 6804822 ORDER BY c
	Sort  (cost=35.39..35.41 rows=9 width=121)
	  Sort Key: c
	  ->  Index Scan using sbtest3_pkey on sbtest3  (cost=0.43..35.25 rows=9 width=121)
	        Index Cond: ((id >= 6804813) AND (id <= 6804822))

table 4 : explain SELECT c FROM sbtest4 WHERE id BETWEEN 994445 AND 994454 ORDER BY c
	Sort  (cost=38.90..38.92 rows=10 width=121)
	  Sort Key: c
	  ->  Index Scan using sbtest4_pkey on sbtest4  (cost=0.43..38.73 rows=10 width=121)
	        Index Cond: ((id >= 994445) AND (id <= 994454))

table 5 : explain SELECT c FROM sbtest5 WHERE id BETWEEN 4521671 AND 4521680 ORDER BY c
	Sort  (cost=38.71..38.73 rows=10 width=121)
	  Sort Key: c
	  ->  Index Scan using sbtest5_pkey on sbtest5  (cost=0.43..38.54 rows=10 width=121)
	        Index Cond: ((id >= 4521671) AND (id <= 4521680))

table 6 : explain SELECT c FROM sbtest6 WHERE id BETWEEN 7404647 AND 7404656 ORDER BY c
	Sort  (cost=42.79..42.82 rows=11 width=121)
	  Sort Key: c
	  ->  Index Scan using sbtest6_pkey on sbtest6  (cost=0.43..42.60 rows=11 width=121)
	        Index Cond: ((id >= 7404647) AND (id <= 7404656))

table 7 : explain SELECT c FROM sbtest7 WHERE id BETWEEN 149078 AND 149087 ORDER BY c
	Sort  (cost=42.08..42.11 rows=11 width=121)
	  Sort Key: c
	  ->  Index Scan using sbtest7_pkey on sbtest7  (cost=0.43..41.89 rows=11 width=121)
	        Index Cond: ((id >= 149078) AND (id <= 149087))

table 8 : explain SELECT c FROM sbtest8 WHERE id BETWEEN 1682326 AND 1682335 ORDER BY c
	Sort  (cost=38.47..38.50 rows=10 width=121)
	  Sort Key: c
	  ->  Index Scan using sbtest8_pkey on sbtest8  (cost=0.43..38.30 rows=10 width=121)
	        Index Cond: ((id >= 1682326) AND (id <= 1682335))

for: order_ranges
table 1 : explain SELECT c FROM sbtest1 WHERE id BETWEEN 7886582 AND 7886591 ORDER BY c
	Sort  (cost=42.05..42.08 rows=11 width=121)
	  Sort Key: c
	  ->  Index Scan using sbtest1_pkey on sbtest1  (cost=0.43..41.86 rows=11 width=121)
	        Index Cond: ((id >= 7886582) AND (id <= 7886591))

table 2 : explain SELECT c FROM sbtest2 WHERE id BETWEEN 7208175 AND 7208184 ORDER BY c
	Sort  (cost=38.58..38.61 rows=10 width=121)
	  Sort Key: c
	  ->  Index Scan using sbtest2_pkey on sbtest2  (cost=0.43..38.42 rows=10 width=121)
	        Index Cond: ((id >= 7208175) AND (id <= 7208184))

table 3 : explain SELECT c FROM sbtest3 WHERE id BETWEEN 3946125 AND 3946134 ORDER BY c
	Sort  (cost=38.76..38.79 rows=10 width=121)
	  Sort Key: c
	  ->  Index Scan using sbtest3_pkey on sbtest3  (cost=0.43..38.60 rows=10 width=121)
	        Index Cond: ((id >= 3946125) AND (id <= 3946134))

table 4 : explain SELECT c FROM sbtest4 WHERE id BETWEEN 1703232 AND 1703241 ORDER BY c
	Sort  (cost=38.90..38.92 rows=10 width=121)
	  Sort Key: c
	  ->  Index Scan using sbtest4_pkey on sbtest4  (cost=0.43..38.73 rows=10 width=121)
	        Index Cond: ((id >= 1703232) AND (id <= 1703241))

table 5 : explain SELECT c FROM sbtest5 WHERE id BETWEEN 4425883 AND 4425892 ORDER BY c
	Sort  (cost=42.08..42.10 rows=11 width=121)
	  Sort Key: c
	  ->  Index Scan using sbtest5_pkey on sbtest5  (cost=0.43..41.89 rows=11 width=121)
	        Index Cond: ((id >= 4425883) AND (id <= 4425892))

table 6 : explain SELECT c FROM sbtest6 WHERE id BETWEEN 6795356 AND 6795365 ORDER BY c
	Sort  (cost=39.36..39.38 rows=10 width=121)
	  Sort Key: c
	  ->  Index Scan using sbtest6_pkey on sbtest6  (cost=0.43..39.19 rows=10 width=121)
	        Index Cond: ((id >= 6795356) AND (id <= 6795365))

table 7 : explain SELECT c FROM sbtest7 WHERE id BETWEEN 3854216 AND 3854225 ORDER BY c
	Sort  (cost=35.35..35.37 rows=9 width=121)
	  Sort Key: c
	  ->  Index Scan using sbtest7_pkey on sbtest7  (cost=0.43..35.20 rows=9 width=121)
	        Index Cond: ((id >= 3854216) AND (id <= 3854225))

table 8 : explain SELECT c FROM sbtest8 WHERE id BETWEEN 9556213 AND 9556222 ORDER BY c
	Sort  (cost=35.13..35.15 rows=9 width=121)
	  Sort Key: c
	  ->  Index Scan using sbtest8_pkey on sbtest8  (cost=0.43..34.99 rows=9 width=121)
	        Index Cond: ((id >= 9556213) AND (id <= 9556222))

for point_selects
table 1 : explain SELECT c FROM sbtest1 WHERE id=5197589
	Index Scan using sbtest1_pkey on sbtest1  (cost=0.43..8.45 rows=1 width=121)
	  Index Cond: (id = 5197589)

table 2 : explain SELECT c FROM sbtest2 WHERE id=5485729
	Index Scan using sbtest2_pkey on sbtest2  (cost=0.43..8.45 rows=1 width=121)
	  Index Cond: (id = 5485729)

table 3 : explain SELECT c FROM sbtest3 WHERE id=4939154
	Index Scan using sbtest3_pkey on sbtest3  (cost=0.43..8.45 rows=1 width=121)
	  Index Cond: (id = 4939154)

table 4 : explain SELECT c FROM sbtest4 WHERE id=8334816
	Index Scan using sbtest4_pkey on sbtest4  (cost=0.43..8.45 rows=1 width=121)
	  Index Cond: (id = 8334816)

table 5 : explain SELECT c FROM sbtest5 WHERE id=387318
	Index Scan using sbtest5_pkey on sbtest5  (cost=0.43..8.45 rows=1 width=121)
	  Index Cond: (id = 387318)

table 6 : explain SELECT c FROM sbtest6 WHERE id=8774967
	Index Scan using sbtest6_pkey on sbtest6  (cost=0.43..8.45 rows=1 width=121)
	  Index Cond: (id = 8774967)

table 7 : explain SELECT c FROM sbtest7 WHERE id=7940865
	Index Scan using sbtest7_pkey on sbtest7  (cost=0.43..8.45 rows=1 width=121)
	  Index Cond: (id = 7940865)

table 8 : explain SELECT c FROM sbtest8 WHERE id=1075694
	Index Scan using sbtest8_pkey on sbtest8  (cost=0.43..8.45 rows=1 width=121)
	  Index Cond: (id = 1075694)

for: simple_ranges
table 1 : explain SELECT c FROM sbtest1 WHERE id BETWEEN 8106224 AND 8106233
	Index Scan using sbtest1_pkey on sbtest1  (cost=0.43..35.18 rows=9 width=121)
	  Index Cond: ((id >= 8106224) AND (id <= 8106233))

table 2 : explain SELECT c FROM sbtest2 WHERE id BETWEEN 1129241 AND 1129250
	Index Scan using sbtest2_pkey on sbtest2  (cost=0.43..35.09 rows=9 width=121)
	  Index Cond: ((id >= 1129241) AND (id <= 1129250))

table 3 : explain SELECT c FROM sbtest3 WHERE id BETWEEN 3191498 AND 3191507
	Index Scan using sbtest3_pkey on sbtest3  (cost=0.43..35.25 rows=9 width=121)
	  Index Cond: ((id >= 3191498) AND (id <= 3191507))

table 4 : explain SELECT c FROM sbtest4 WHERE id BETWEEN 8988237 AND 8988246
	Index Scan using sbtest4_pkey on sbtest4  (cost=0.43..38.73 rows=10 width=121)
	  Index Cond: ((id >= 8988237) AND (id <= 8988246))

table 5 : explain SELECT c FROM sbtest5 WHERE id BETWEEN 7555412 AND 7555421
	Index Scan using sbtest5_pkey on sbtest5  (cost=0.43..38.54 rows=10 width=121)
	  Index Cond: ((id >= 7555412) AND (id <= 7555421))

table 6 : explain SELECT c FROM sbtest6 WHERE id BETWEEN 9178088 AND 9178097
	Index Scan using sbtest6_pkey on sbtest6  (cost=0.43..35.77 rows=9 width=121)
	  Index Cond: ((id >= 9178088) AND (id <= 9178097))

table 7 : explain SELECT c FROM sbtest7 WHERE id BETWEEN 9090034 AND 9090043
	Index Scan using sbtest7_pkey on sbtest7  (cost=0.43..38.55 rows=10 width=121)
	  Index Cond: ((id >= 9090034) AND (id <= 9090043))

table 8 : explain SELECT c FROM sbtest8 WHERE id BETWEEN 1017378 AND 1017387
	Index Scan using sbtest8_pkey on sbtest8  (cost=0.43..38.30 rows=10 width=121)
	  Index Cond: ((id >= 1017378) AND (id <= 1017387))

for: order_ranges
table 1 : explain SELECT c FROM sbtest1 WHERE id BETWEEN 8869643 AND 8869652 ORDER BY c
	Sort  (cost=38.68..38.71 rows=10 width=121)
	  Sort Key: c
	  ->  Index Scan using sbtest1_pkey on sbtest1  (cost=0.43..38.52 rows=10 width=121)
	        Index Cond: ((id >= 8869643) AND (id <= 8869652))

table 2 : explain SELECT c FROM sbtest2 WHERE id BETWEEN 9478532 AND 9478541 ORDER BY c
	Sort  (cost=38.58..38.61 rows=10 width=121)
	  Sort Key: c
	  ->  Index Scan using sbtest2_pkey on sbtest2  (cost=0.43..38.42 rows=10 width=121)
	        Index Cond: ((id >= 9478532) AND (id <= 9478541))

table 3 : explain SELECT c FROM sbtest3 WHERE id BETWEEN 2970363 AND 2970372 ORDER BY c
	Sort  (cost=35.39..35.41 rows=9 width=121)
	  Sort Key: c
	  ->  Index Scan using sbtest3_pkey on sbtest3  (cost=0.43..35.25 rows=9 width=121)
	        Index Cond: ((id >= 2970363) AND (id <= 2970372))

table 4 : explain SELECT c FROM sbtest4 WHERE id BETWEEN 8075927 AND 8075936 ORDER BY c
	Sort  (cost=35.51..35.53 rows=9 width=121)
	  Sort Key: c
	  ->  Index Scan using sbtest4_pkey on sbtest4  (cost=0.43..35.37 rows=9 width=121)
	        Index Cond: ((id >= 8075927) AND (id <= 8075936))

table 5 : explain SELECT c FROM sbtest5 WHERE id BETWEEN 6078473 AND 6078482 ORDER BY c
	Sort  (cost=35.34..35.37 rows=9 width=121)
	  Sort Key: c
	  ->  Index Scan using sbtest5_pkey on sbtest5  (cost=0.43..35.20 rows=9 width=121)
	        Index Cond: ((id >= 6078473) AND (id <= 6078482))

table 6 : explain SELECT c FROM sbtest6 WHERE id BETWEEN 6982680 AND 6982689 ORDER BY c
	Sort  (cost=35.92..35.94 rows=9 width=121)
	  Sort Key: c
	  ->  Index Scan using sbtest6_pkey on sbtest6  (cost=0.43..35.77 rows=9 width=121)
	        Index Cond: ((id >= 6982680) AND (id <= 6982689))

table 7 : explain SELECT c FROM sbtest7 WHERE id BETWEEN 5444328 AND 5444337 ORDER BY c
	Sort  (cost=38.71..38.74 rows=10 width=121)
	  Sort Key: c
	  ->  Index Scan using sbtest7_pkey on sbtest7  (cost=0.43..38.55 rows=10 width=121)
	        Index Cond: ((id >= 5444328) AND (id <= 5444337))

table 8 : explain SELECT c FROM sbtest8 WHERE id BETWEEN 4662444 AND 4662453 ORDER BY c
	Sort  (cost=38.47..38.50 rows=10 width=121)
	  Sort Key: c
	  ->  Index Scan using sbtest8_pkey on sbtest8  (cost=0.43..38.30 rows=10 width=121)
	        Index Cond: ((id >= 4662444) AND (id <= 4662453))

for: simple_ranges
table 1 : explain SELECT c FROM sbtest1 WHERE id BETWEEN 8097952 AND 8097961
	Index Scan using sbtest1_pkey on sbtest1  (cost=0.43..35.18 rows=9 width=121)
	  Index Cond: ((id >= 8097952) AND (id <= 8097961))

table 2 : explain SELECT c FROM sbtest2 WHERE id BETWEEN 5172681 AND 5172690
	Index Scan using sbtest2_pkey on sbtest2  (cost=0.43..38.42 rows=10 width=121)
	  Index Cond: ((id >= 5172681) AND (id <= 5172690))

table 3 : explain SELECT c FROM sbtest3 WHERE id BETWEEN 2583842 AND 2583851
	Index Scan using sbtest3_pkey on sbtest3  (cost=0.43..38.60 rows=10 width=121)
	  Index Cond: ((id >= 2583842) AND (id <= 2583851))

table 4 : explain SELECT c FROM sbtest4 WHERE id BETWEEN 2359736 AND 2359745
	Index Scan using sbtest4_pkey on sbtest4  (cost=0.43..42.10 rows=11 width=121)
	  Index Cond: ((id >= 2359736) AND (id <= 2359745))

table 5 : explain SELECT c FROM sbtest5 WHERE id BETWEEN 1352070 AND 1352079
	Index Scan using sbtest5_pkey on sbtest5  (cost=0.43..35.20 rows=9 width=121)
	  Index Cond: ((id >= 1352070) AND (id <= 1352079))

table 6 : explain SELECT c FROM sbtest6 WHERE id BETWEEN 7504620 AND 7504629
	Index Scan using sbtest6_pkey on sbtest6  (cost=0.43..42.60 rows=11 width=121)
	  Index Cond: ((id >= 7504620) AND (id <= 7504629))

table 7 : explain SELECT c FROM sbtest7 WHERE id BETWEEN 5378239 AND 5378248
	Index Scan using sbtest7_pkey on sbtest7  (cost=0.43..41.89 rows=11 width=121)
	  Index Cond: ((id >= 5378239) AND (id <= 5378248))

table 8 : explain SELECT c FROM sbtest8 WHERE id BETWEEN 8888132 AND 8888141
	Index Scan using sbtest8_pkey on sbtest8  (cost=0.43..38.30 rows=10 width=121)
	  Index Cond: ((id >= 8888132) AND (id <= 8888141))

for: order_ranges
table 1 : explain SELECT c FROM sbtest1 WHERE id BETWEEN 5754631 AND 5754640 ORDER BY c
	Sort  (cost=42.05..42.08 rows=11 width=121)
	  Sort Key: c
	  ->  Index Scan using sbtest1_pkey on sbtest1  (cost=0.43..41.86 rows=11 width=121)
	        Index Cond: ((id >= 5754631) AND (id <= 5754640))

table 2 : explain SELECT c FROM sbtest2 WHERE id BETWEEN 3018686 AND 3018695 ORDER BY c
	Sort  (cost=38.58..38.61 rows=10 width=121)
	  Sort Key: c
	  ->  Index Scan using sbtest2_pkey on sbtest2  (cost=0.43..38.42 rows=10 width=121)
	        Index Cond: ((id >= 3018686) AND (id <= 3018695))

table 3 : explain SELECT c FROM sbtest3 WHERE id BETWEEN 1924859 AND 1924868 ORDER BY c
	Sort  (cost=38.76..38.79 rows=10 width=121)
	  Sort Key: c
	  ->  Index Scan using sbtest3_pkey on sbtest3  (cost=0.43..38.60 rows=10 width=121)
	        Index Cond: ((id >= 1924859) AND (id <= 1924868))

table 4 : explain SELECT c FROM sbtest4 WHERE id BETWEEN 5279807 AND 5279816 ORDER BY c
	Sort  (cost=38.90..38.92 rows=10 width=121)
	  Sort Key: c
	  ->  Index Scan using sbtest4_pkey on sbtest4  (cost=0.43..38.73 rows=10 width=121)
	        Index Cond: ((id >= 5279807) AND (id <= 5279816))

table 5 : explain SELECT c FROM sbtest5 WHERE id BETWEEN 3379189 AND 3379198 ORDER BY c
	Sort  (cost=38.71..38.73 rows=10 width=121)
	  Sort Key: c
	  ->  Index Scan using sbtest5_pkey on sbtest5  (cost=0.43..38.54 rows=10 width=121)
	        Index Cond: ((id >= 3379189) AND (id <= 3379198))

table 6 : explain SELECT c FROM sbtest6 WHERE id BETWEEN 1529655 AND 1529664 ORDER BY c
	Sort  (cost=39.36..39.38 rows=10 width=121)
	  Sort Key: c
	  ->  Index Scan using sbtest6_pkey on sbtest6  (cost=0.43..39.19 rows=10 width=121)
	        Index Cond: ((id >= 1529655) AND (id <= 1529664))

table 7 : explain SELECT c FROM sbtest7 WHERE id BETWEEN 3470338 AND 3470347 ORDER BY c
	Sort  (cost=42.08..42.11 rows=11 width=121)
	  Sort Key: c
	  ->  Index Scan using sbtest7_pkey on sbtest7  (cost=0.43..41.89 rows=11 width=121)
	        Index Cond: ((id >= 3470338) AND (id <= 3470347))

table 8 : explain SELECT c FROM sbtest8 WHERE id BETWEEN 3999455 AND 3999464 ORDER BY c
	Sort  (cost=38.47..38.50 rows=10 width=121)
	  Sort Key: c
	  ->  Index Scan using sbtest8_pkey on sbtest8  (cost=0.43..38.30 rows=10 width=121)
	        Index Cond: ((id >= 3999455) AND (id <= 3999464))

for: simple_ranges
table 1 : explain SELECT c FROM sbtest1 WHERE id BETWEEN 3252585 AND 3252594
	Index Scan using sbtest1_pkey on sbtest1  (cost=0.43..35.18 rows=9 width=121)
	  Index Cond: ((id >= 3252585) AND (id <= 3252594))

table 2 : explain SELECT c FROM sbtest2 WHERE id BETWEEN 1058295 AND 1058304
	Index Scan using sbtest2_pkey on sbtest2  (cost=0.43..38.42 rows=10 width=121)
	  Index Cond: ((id >= 1058295) AND (id <= 1058304))

table 3 : explain SELECT c FROM sbtest3 WHERE id BETWEEN 6486135 AND 6486144
	Index Scan using sbtest3_pkey on sbtest3  (cost=0.43..41.95 rows=11 width=121)
	  Index Cond: ((id >= 6486135) AND (id <= 6486144))

table 4 : explain SELECT c FROM sbtest4 WHERE id BETWEEN 3804652 AND 3804661
	Index Scan using sbtest4_pkey on sbtest4  (cost=0.43..38.73 rows=10 width=121)
	  Index Cond: ((id >= 3804652) AND (id <= 3804661))

table 5 : explain SELECT c FROM sbtest5 WHERE id BETWEEN 4983152 AND 4983161
	Index Scan using sbtest5_pkey on sbtest5  (cost=0.43..38.54 rows=10 width=121)
	  Index Cond: ((id >= 4983152) AND (id <= 4983161))

table 6 : explain SELECT c FROM sbtest6 WHERE id BETWEEN 3220891 AND 3220900
	Index Scan using sbtest6_pkey on sbtest6  (cost=0.43..42.60 rows=11 width=121)
	  Index Cond: ((id >= 3220891) AND (id <= 3220900))

table 7 : explain SELECT c FROM sbtest7 WHERE id BETWEEN 7940282 AND 7940291
	Index Scan using sbtest7_pkey on sbtest7  (cost=0.43..38.55 rows=10 width=121)
	  Index Cond: ((id >= 7940282) AND (id <= 7940291))

table 8 : explain SELECT c FROM sbtest8 WHERE id BETWEEN 9547357 AND 9547366
	Index Scan using sbtest8_pkey on sbtest8  (cost=0.43..34.99 rows=9 width=121)
	  Index Cond: ((id >= 9547357) AND (id <= 9547366))

for: sum_ranges
table 1 : explain SELECT SUM(k) FROM sbtest1 WHERE id BETWEEN 3318121 AND 3318130
	Aggregate  (cost=35.20..35.21 rows=1 width=8)
	  ->  Index Scan using sbtest1_pkey on sbtest1  (cost=0.43..35.18 rows=9 width=4)
	        Index Cond: ((id >= 3318121) AND (id <= 3318130))

table 2 : explain SELECT SUM(k) FROM sbtest2 WHERE id BETWEEN 568088 AND 568097
	Aggregate  (cost=38.44..38.45 rows=1 width=8)
	  ->  Index Scan using sbtest2_pkey on sbtest2  (cost=0.43..38.42 rows=10 width=4)
	        Index Cond: ((id >= 568088) AND (id <= 568097))

table 3 : explain SELECT SUM(k) FROM sbtest3 WHERE id BETWEEN 5633392 AND 5633401
	Aggregate  (cost=38.62..38.63 rows=1 width=8)
	  ->  Index Scan using sbtest3_pkey on sbtest3  (cost=0.43..38.60 rows=10 width=4)
	        Index Cond: ((id >= 5633392) AND (id <= 5633401))

table 4 : explain SELECT SUM(k) FROM sbtest4 WHERE id BETWEEN 5305262 AND 5305271
	Aggregate  (cost=38.76..38.77 rows=1 width=8)
	  ->  Index Scan using sbtest4_pkey on sbtest4  (cost=0.43..38.73 rows=10 width=4)
	        Index Cond: ((id >= 5305262) AND (id <= 5305271))

table 5 : explain SELECT SUM(k) FROM sbtest5 WHERE id BETWEEN 9312741 AND 9312750
	Aggregate  (cost=35.22..35.23 rows=1 width=8)
	  ->  Index Scan using sbtest5_pkey on sbtest5  (cost=0.43..35.20 rows=9 width=4)
	        Index Cond: ((id >= 9312741) AND (id <= 9312750))

table 6 : explain SELECT SUM(k) FROM sbtest6 WHERE id BETWEEN 7389109 AND 7389118
	Aggregate  (cost=42.63..42.64 rows=1 width=8)
	  ->  Index Scan using sbtest6_pkey on sbtest6  (cost=0.43..42.60 rows=11 width=4)
	        Index Cond: ((id >= 7389109) AND (id <= 7389118))

table 7 : explain SELECT SUM(k) FROM sbtest7 WHERE id BETWEEN 1825574 AND 1825583
	Aggregate  (cost=38.57..38.58 rows=1 width=8)
	  ->  Index Scan using sbtest7_pkey on sbtest7  (cost=0.43..38.55 rows=10 width=4)
	        Index Cond: ((id >= 1825574) AND (id <= 1825583))

table 8 : explain SELECT SUM(k) FROM sbtest8 WHERE id BETWEEN 5504373 AND 5504382
	Aggregate  (cost=41.65..41.66 rows=1 width=8)
	  ->  Index Scan using sbtest8_pkey on sbtest8  (cost=0.43..41.62 rows=11 width=4)
	        Index Cond: ((id >= 5504373) AND (id <= 5504382))

for: distinct_ranges
table 1 : explain SELECT DISTINCT c FROM sbtest1 WHERE id BETWEEN 2646575 AND 2646584 ORDER BY c
	Unique  (cost=35.32..35.37 rows=9 width=121)
	  ->  Sort  (cost=35.32..35.34 rows=9 width=121)
	        Sort Key: c
	        ->  Index Scan using sbtest1_pkey on sbtest1  (cost=0.43..35.18 rows=9 width=121)
	              Index Cond: ((id >= 2646575) AND (id <= 2646584))

table 2 : explain SELECT DISTINCT c FROM sbtest2 WHERE id BETWEEN 1485616 AND 1485625 ORDER BY c
	Unique  (cost=41.94..41.99 rows=11 width=121)
	  ->  Sort  (cost=41.94..41.96 rows=11 width=121)
	        Sort Key: c
	        ->  Index Scan using sbtest2_pkey on sbtest2  (cost=0.43..41.75 rows=11 width=121)
	              Index Cond: ((id >= 1485616) AND (id <= 1485625))

table 3 : explain SELECT DISTINCT c FROM sbtest3 WHERE id BETWEEN 4251083 AND 4251092 ORDER BY c
	Unique  (cost=38.76..38.81 rows=10 width=121)
	  ->  Sort  (cost=38.76..38.79 rows=10 width=121)
	        Sort Key: c
	        ->  Index Scan using sbtest3_pkey on sbtest3  (cost=0.43..38.60 rows=10 width=121)
	              Index Cond: ((id >= 4251083) AND (id <= 4251092))

table 4 : explain SELECT DISTINCT c FROM sbtest4 WHERE id BETWEEN 5898363 AND 5898372 ORDER BY c
	Unique  (cost=38.90..38.95 rows=10 width=121)
	  ->  Sort  (cost=38.90..38.92 rows=10 width=121)
	        Sort Key: c
	        ->  Index Scan using sbtest4_pkey on sbtest4  (cost=0.43..38.73 rows=10 width=121)
	              Index Cond: ((id >= 5898363) AND (id <= 5898372))

table 5 : explain SELECT DISTINCT c FROM sbtest5 WHERE id BETWEEN 2936447 AND 2936456 ORDER BY c
	Unique  (cost=42.08..42.13 rows=11 width=121)
	  ->  Sort  (cost=42.08..42.10 rows=11 width=121)
	        Sort Key: c
	        ->  Index Scan using sbtest5_pkey on sbtest5  (cost=0.43..41.89 rows=11 width=121)
	              Index Cond: ((id >= 2936447) AND (id <= 2936456))

table 6 : explain SELECT DISTINCT c FROM sbtest6 WHERE id BETWEEN 9815679 AND 9815688 ORDER BY c
	Unique  (cost=39.36..39.41 rows=10 width=121)
	  ->  Sort  (cost=39.36..39.38 rows=10 width=121)
	        Sort Key: c
	        ->  Index Scan using sbtest6_pkey on sbtest6  (cost=0.43..39.19 rows=10 width=121)
	              Index Cond: ((id >= 9815679) AND (id <= 9815688))

table 7 : explain SELECT DISTINCT c FROM sbtest7 WHERE id BETWEEN 8800252 AND 8800261 ORDER BY c
	Unique  (cost=38.71..38.76 rows=10 width=121)
	  ->  Sort  (cost=38.71..38.74 rows=10 width=121)
	        Sort Key: c
	        ->  Index Scan using sbtest7_pkey on sbtest7  (cost=0.43..38.55 rows=10 width=121)
	              Index Cond: ((id >= 8800252) AND (id <= 8800261))

table 8 : explain SELECT DISTINCT c FROM sbtest8 WHERE id BETWEEN 4416704 AND 4416713 ORDER BY c
	Unique  (cost=38.47..38.52 rows=10 width=121)
	  ->  Sort  (cost=38.47..38.50 rows=10 width=121)
	        Sort Key: c
	        ->  Index Scan using sbtest8_pkey on sbtest8  (cost=0.43..38.30 rows=10 width=121)
	              Index Cond: ((id >= 4416704) AND (id <= 4416713))

for: order_ranges
table 1 : explain SELECT c FROM sbtest1 WHERE id BETWEEN 8210263 AND 8210272 ORDER BY c
	Sort  (cost=38.68..38.71 rows=10 width=121)
	  Sort Key: c
	  ->  Index Scan using sbtest1_pkey on sbtest1  (cost=0.43..38.52 rows=10 width=121)
	        Index Cond: ((id >= 8210263) AND (id <= 8210272))

table 2 : explain SELECT c FROM sbtest2 WHERE id BETWEEN 3122835 AND 3122844 ORDER BY c
	Sort  (cost=35.23..35.25 rows=9 width=121)
	  Sort Key: c
	  ->  Index Scan using sbtest2_pkey on sbtest2  (cost=0.43..35.09 rows=9 width=121)
	        Index Cond: ((id >= 3122835) AND (id <= 3122844))

table 3 : explain SELECT c FROM sbtest3 WHERE id BETWEEN 9644297 AND 9644306 ORDER BY c
	Sort  (cost=42.14..42.16 rows=11 width=121)
	  Sort Key: c
	  ->  Index Scan using sbtest3_pkey on sbtest3  (cost=0.43..41.95 rows=11 width=121)
	        Index Cond: ((id >= 9644297) AND (id <= 9644306))

table 4 : explain SELECT c FROM sbtest4 WHERE id BETWEEN 667006 AND 667015 ORDER BY c
	Sort  (cost=38.90..38.92 rows=10 width=121)
	  Sort Key: c
	  ->  Index Scan using sbtest4_pkey on sbtest4  (cost=0.43..38.73 rows=10 width=121)
	        Index Cond: ((id >= 667006) AND (id <= 667015))

table 5 : explain SELECT c FROM sbtest5 WHERE id BETWEEN 9131077 AND 9131086 ORDER BY c
	Sort  (cost=38.71..38.73 rows=10 width=121)
	  Sort Key: c
	  ->  Index Scan using sbtest5_pkey on sbtest5  (cost=0.43..38.54 rows=10 width=121)
	        Index Cond: ((id >= 9131077) AND (id <= 9131086))

table 6 : explain SELECT c FROM sbtest6 WHERE id BETWEEN 2343136 AND 2343145 ORDER BY c
	Sort  (cost=42.79..42.82 rows=11 width=121)
	  Sort Key: c
	  ->  Index Scan using sbtest6_pkey on sbtest6  (cost=0.43..42.60 rows=11 width=121)
	        Index Cond: ((id >= 2343136) AND (id <= 2343145))

table 7 : explain SELECT c FROM sbtest7 WHERE id BETWEEN 9362089 AND 9362098 ORDER BY c
	Sort  (cost=38.71..38.74 rows=10 width=121)
	  Sort Key: c
	  ->  Index Scan using sbtest7_pkey on sbtest7  (cost=0.43..38.55 rows=10 width=121)
	        Index Cond: ((id >= 9362089) AND (id <= 9362098))

table 8 : explain SELECT c FROM sbtest8 WHERE id BETWEEN 2420506 AND 2420515 ORDER BY c
	Sort  (cost=38.47..38.50 rows=10 width=121)
	  Sort Key: c
	  ->  Index Scan using sbtest8_pkey on sbtest8  (cost=0.43..38.30 rows=10 width=121)
	        Index Cond: ((id >= 2420506) AND (id <= 2420515))

for point_selects
table 1 : explain SELECT c FROM sbtest1 WHERE id=5588090
	Index Scan using sbtest1_pkey on sbtest1  (cost=0.43..8.45 rows=1 width=121)
	  Index Cond: (id = 5588090)

table 2 : explain SELECT c FROM sbtest2 WHERE id=3034995
	Index Scan using sbtest2_pkey on sbtest2  (cost=0.43..8.45 rows=1 width=121)
	  Index Cond: (id = 3034995)

table 3 : explain SELECT c FROM sbtest3 WHERE id=783723
	Index Scan using sbtest3_pkey on sbtest3  (cost=0.43..8.45 rows=1 width=121)
	  Index Cond: (id = 783723)

table 4 : explain SELECT c FROM sbtest4 WHERE id=8044671
	Index Scan using sbtest4_pkey on sbtest4  (cost=0.43..8.45 rows=1 width=121)
	  Index Cond: (id = 8044671)

table 5 : explain SELECT c FROM sbtest5 WHERE id=9325805
	Index Scan using sbtest5_pkey on sbtest5  (cost=0.43..8.45 rows=1 width=121)
	  Index Cond: (id = 9325805)

table 6 : explain SELECT c FROM sbtest6 WHERE id=161504
	Index Scan using sbtest6_pkey on sbtest6  (cost=0.43..8.45 rows=1 width=121)
	  Index Cond: (id = 161504)

table 7 : explain SELECT c FROM sbtest7 WHERE id=8228213
	Index Scan using sbtest7_pkey on sbtest7  (cost=0.43..8.45 rows=1 width=121)
	  Index Cond: (id = 8228213)

table 8 : explain SELECT c FROM sbtest8 WHERE id=9436465
	Index Scan using sbtest8_pkey on sbtest8  (cost=0.43..8.45 rows=1 width=121)
	  Index Cond: (id = 9436465)

explain: for index_updates :: explain UPDATE sbtest%u SET k=k+1 WHERE id=%u
for: distinct_ranges
table 1 : explain SELECT DISTINCT c FROM sbtest1 WHERE id BETWEEN 5455535 AND 5455544 ORDER BY c
	Unique  (cost=42.05..42.10 rows=11 width=121)
	  ->  Sort  (cost=42.05..42.08 rows=11 width=121)
	        Sort Key: c
	        ->  Index Scan using sbtest1_pkey on sbtest1  (cost=0.43..41.86 rows=11 width=121)
	              Index Cond: ((id >= 5455535) AND (id <= 5455544))

table 2 : explain SELECT DISTINCT c FROM sbtest2 WHERE id BETWEEN 6454863 AND 6454872 ORDER BY c
	Unique  (cost=35.23..35.28 rows=9 width=121)
	  ->  Sort  (cost=35.23..35.25 rows=9 width=121)
	        Sort Key: c
	        ->  Index Scan using sbtest2_pkey on sbtest2  (cost=0.43..35.09 rows=9 width=121)
	              Index Cond: ((id >= 6454863) AND (id <= 6454872))

table 3 : explain SELECT DISTINCT c FROM sbtest3 WHERE id BETWEEN 4560658 AND 4560667 ORDER BY c
	Unique  (cost=38.76..38.81 rows=10 width=121)
	  ->  Sort  (cost=38.76..38.79 rows=10 width=121)
	        Sort Key: c
	        ->  Index Scan using sbtest3_pkey on sbtest3  (cost=0.43..38.60 rows=10 width=121)
	              Index Cond: ((id >= 4560658) AND (id <= 4560667))

table 4 : explain SELECT DISTINCT c FROM sbtest4 WHERE id BETWEEN 8887738 AND 8887747 ORDER BY c
	Unique  (cost=38.90..38.95 rows=10 width=121)
	  ->  Sort  (cost=38.90..38.92 rows=10 width=121)
	        Sort Key: c
	        ->  Index Scan using sbtest4_pkey on sbtest4  (cost=0.43..38.73 rows=10 width=121)
	              Index Cond: ((id >= 8887738) AND (id <= 8887747))

table 5 : explain SELECT DISTINCT c FROM sbtest5 WHERE id BETWEEN 9331045 AND 9331054 ORDER BY c
	Unique  (cost=35.34..35.39 rows=9 width=121)
	  ->  Sort  (cost=35.34..35.37 rows=9 width=121)
	        Sort Key: c
	        ->  Index Scan using sbtest5_pkey on sbtest5  (cost=0.43..35.20 rows=9 width=121)
	              Index Cond: ((id >= 9331045) AND (id <= 9331054))

table 6 : explain SELECT DISTINCT c FROM sbtest6 WHERE id BETWEEN 171554 AND 171563 ORDER BY c
	Unique  (cost=39.36..39.41 rows=10 width=121)
	  ->  Sort  (cost=39.36..39.38 rows=10 width=121)
	        Sort Key: c
	        ->  Index Scan using sbtest6_pkey on sbtest6  (cost=0.43..39.19 rows=10 width=121)
	              Index Cond: ((id >= 171554) AND (id <= 171563))

table 7 : explain SELECT DISTINCT c FROM sbtest7 WHERE id BETWEEN 1172697 AND 1172706 ORDER BY c
	Unique  (cost=38.71..38.76 rows=10 width=121)
	  ->  Sort  (cost=38.71..38.74 rows=10 width=121)
	        Sort Key: c
	        ->  Index Scan using sbtest7_pkey on sbtest7  (cost=0.43..38.55 rows=10 width=121)
	              Index Cond: ((id >= 1172697) AND (id <= 1172706))

table 8 : explain SELECT DISTINCT c FROM sbtest8 WHERE id BETWEEN 7529486 AND 7529495 ORDER BY c
	Unique  (cost=38.47..38.52 rows=10 width=121)
	  ->  Sort  (cost=38.47..38.50 rows=10 width=121)
	        Sort Key: c
	        ->  Index Scan using sbtest8_pkey on sbtest8  (cost=0.43..38.30 rows=10 width=121)
	              Index Cond: ((id >= 7529486) AND (id <= 7529495))

for point_selects
table 1 : explain SELECT c FROM sbtest1 WHERE id=4057084
	Index Scan using sbtest1_pkey on sbtest1  (cost=0.43..8.45 rows=1 width=121)
	  Index Cond: (id = 4057084)

table 2 : explain SELECT c FROM sbtest2 WHERE id=4254691
	Index Scan using sbtest2_pkey on sbtest2  (cost=0.43..8.45 rows=1 width=121)
	  Index Cond: (id = 4254691)

table 3 : explain SELECT c FROM sbtest3 WHERE id=6303645
	Index Scan using sbtest3_pkey on sbtest3  (cost=0.43..8.45 rows=1 width=121)
	  Index Cond: (id = 6303645)

table 4 : explain SELECT c FROM sbtest4 WHERE id=8731940
	Index Scan using sbtest4_pkey on sbtest4  (cost=0.43..8.45 rows=1 width=121)
	  Index Cond: (id = 8731940)

table 5 : explain SELECT c FROM sbtest5 WHERE id=4714184
	Index Scan using sbtest5_pkey on sbtest5  (cost=0.43..8.45 rows=1 width=121)
	  Index Cond: (id = 4714184)

table 6 : explain SELECT c FROM sbtest6 WHERE id=3295567
	Index Scan using sbtest6_pkey on sbtest6  (cost=0.43..8.45 rows=1 width=121)
	  Index Cond: (id = 3295567)

table 7 : explain SELECT c FROM sbtest7 WHERE id=9529302
	Index Scan using sbtest7_pkey on sbtest7  (cost=0.43..8.45 rows=1 width=121)
	  Index Cond: (id = 9529302)

table 8 : explain SELECT c FROM sbtest8 WHERE id=649008
	Index Scan using sbtest8_pkey on sbtest8  (cost=0.43..8.45 rows=1 width=121)
	  Index Cond: (id = 649008)

for: sum_ranges
table 1 : explain SELECT SUM(k) FROM sbtest1 WHERE id BETWEEN 9164310 AND 9164319
	Aggregate  (cost=41.89..41.90 rows=1 width=8)
	  ->  Index Scan using sbtest1_pkey on sbtest1  (cost=0.43..41.86 rows=11 width=4)
	        Index Cond: ((id >= 9164310) AND (id <= 9164319))

table 2 : explain SELECT SUM(k) FROM sbtest2 WHERE id BETWEEN 3776688 AND 3776697
	Aggregate  (cost=38.44..38.45 rows=1 width=8)
	  ->  Index Scan using sbtest2_pkey on sbtest2  (cost=0.43..38.42 rows=10 width=4)
	        Index Cond: ((id >= 3776688) AND (id <= 3776697))

table 3 : explain SELECT SUM(k) FROM sbtest3 WHERE id BETWEEN 4970556 AND 4970565
	Aggregate  (cost=41.97..41.98 rows=1 width=8)
	  ->  Index Scan using sbtest3_pkey on sbtest3  (cost=0.43..41.95 rows=11 width=4)
	        Index Cond: ((id >= 4970556) AND (id <= 4970565))

table 4 : explain SELECT SUM(k) FROM sbtest4 WHERE id BETWEEN 7826430 AND 7826439
	Aggregate  (cost=42.13..42.14 rows=1 width=8)
	  ->  Index Scan using sbtest4_pkey on sbtest4  (cost=0.43..42.10 rows=11 width=4)
	        Index Cond: ((id >= 7826430) AND (id <= 7826439))

table 5 : explain SELECT SUM(k) FROM sbtest5 WHERE id BETWEEN 5994714 AND 5994723
	Aggregate  (cost=38.57..38.58 rows=1 width=8)
	  ->  Index Scan using sbtest5_pkey on sbtest5  (cost=0.43..38.54 rows=10 width=4)
	        Index Cond: ((id >= 5994714) AND (id <= 5994723))

table 6 : explain SELECT SUM(k) FROM sbtest6 WHERE id BETWEEN 2218246 AND 2218255
	Aggregate  (cost=39.21..39.22 rows=1 width=8)
	  ->  Index Scan using sbtest6_pkey on sbtest6  (cost=0.43..39.19 rows=10 width=4)
	        Index Cond: ((id >= 2218246) AND (id <= 2218255))

table 7 : explain SELECT SUM(k) FROM sbtest7 WHERE id BETWEEN 7900166 AND 7900175
	Aggregate  (cost=38.57..38.58 rows=1 width=8)
	  ->  Index Scan using sbtest7_pkey on sbtest7  (cost=0.43..38.55 rows=10 width=4)
	        Index Cond: ((id >= 7900166) AND (id <= 7900175))

table 8 : explain SELECT SUM(k) FROM sbtest8 WHERE id BETWEEN 7905740 AND 7905749
	Aggregate  (cost=35.01..35.02 rows=1 width=8)
	  ->  Index Scan using sbtest8_pkey on sbtest8  (cost=0.43..34.99 rows=9 width=4)
	        Index Cond: ((id >= 7905740) AND (id <= 7905749))

for: order_ranges
table 1 : explain SELECT c FROM sbtest1 WHERE id BETWEEN 9660056 AND 9660065 ORDER BY c
	Sort  (cost=35.32..35.34 rows=9 width=121)
	  Sort Key: c
	  ->  Index Scan using sbtest1_pkey on sbtest1  (cost=0.43..35.18 rows=9 width=121)
	        Index Cond: ((id >= 9660056) AND (id <= 9660065))

table 2 : explain SELECT c FROM sbtest2 WHERE id BETWEEN 9517357 AND 9517366 ORDER BY c
	Sort  (cost=41.94..41.96 rows=11 width=121)
	  Sort Key: c
	  ->  Index Scan using sbtest2_pkey on sbtest2  (cost=0.43..41.75 rows=11 width=121)
	        Index Cond: ((id >= 9517357) AND (id <= 9517366))

table 3 : explain SELECT c FROM sbtest3 WHERE id BETWEEN 17012 AND 17021 ORDER BY c
	Sort  (cost=42.14..42.16 rows=11 width=121)
	  Sort Key: c
	  ->  Index Scan using sbtest3_pkey on sbtest3  (cost=0.43..41.95 rows=11 width=121)
	        Index Cond: ((id >= 17012) AND (id <= 17021))

table 4 : explain SELECT c FROM sbtest4 WHERE id BETWEEN 1972667 AND 1972676 ORDER BY c
	Sort  (cost=42.29..42.32 rows=11 width=121)
	  Sort Key: c
	  ->  Index Scan using sbtest4_pkey on sbtest4  (cost=0.43..42.10 rows=11 width=121)
	        Index Cond: ((id >= 1972667) AND (id <= 1972676))

table 5 : explain SELECT c FROM sbtest5 WHERE id BETWEEN 2704045 AND 2704054 ORDER BY c
	Sort  (cost=38.71..38.73 rows=10 width=121)
	  Sort Key: c
	  ->  Index Scan using sbtest5_pkey on sbtest5  (cost=0.43..38.54 rows=10 width=121)
	        Index Cond: ((id >= 2704045) AND (id <= 2704054))

table 6 : explain SELECT c FROM sbtest6 WHERE id BETWEEN 4585531 AND 4585540 ORDER BY c
	Sort  (cost=39.36..39.38 rows=10 width=121)
	  Sort Key: c
	  ->  Index Scan using sbtest6_pkey on sbtest6  (cost=0.43..39.19 rows=10 width=121)
	        Index Cond: ((id >= 4585531) AND (id <= 4585540))

table 7 : explain SELECT c FROM sbtest7 WHERE id BETWEEN 8816009 AND 8816018 ORDER BY c
	Sort  (cost=38.71..38.74 rows=10 width=121)
	  Sort Key: c
	  ->  Index Scan using sbtest7_pkey on sbtest7  (cost=0.43..38.55 rows=10 width=121)
	        Index Cond: ((id >= 8816009) AND (id <= 8816018))

table 8 : explain SELECT c FROM sbtest8 WHERE id BETWEEN 7081105 AND 7081114 ORDER BY c
	Sort  (cost=41.81..41.84 rows=11 width=121)
	  Sort Key: c
	  ->  Index Scan using sbtest8_pkey on sbtest8  (cost=0.43..41.62 rows=11 width=121)
	        Index Cond: ((id >= 7081105) AND (id <= 7081114))

for: simple_ranges
table 1 : explain SELECT c FROM sbtest1 WHERE id BETWEEN 5337827 AND 5337836
	Index Scan using sbtest1_pkey on sbtest1  (cost=0.43..35.18 rows=9 width=121)
	  Index Cond: ((id >= 5337827) AND (id <= 5337836))

table 2 : explain SELECT c FROM sbtest2 WHERE id BETWEEN 7152521 AND 7152530
	Index Scan using sbtest2_pkey on sbtest2  (cost=0.43..41.75 rows=11 width=121)
	  Index Cond: ((id >= 7152521) AND (id <= 7152530))

table 3 : explain SELECT c FROM sbtest3 WHERE id BETWEEN 3944002 AND 3944011
	Index Scan using sbtest3_pkey on sbtest3  (cost=0.43..38.60 rows=10 width=121)
	  Index Cond: ((id >= 3944002) AND (id <= 3944011))

table 4 : explain SELECT c FROM sbtest4 WHERE id BETWEEN 2117333 AND 2117342
	Index Scan using sbtest4_pkey on sbtest4  (cost=0.43..35.37 rows=9 width=121)
	  Index Cond: ((id >= 2117333) AND (id <= 2117342))

table 5 : explain SELECT c FROM sbtest5 WHERE id BETWEEN 7919457 AND 7919466
	Index Scan using sbtest5_pkey on sbtest5  (cost=0.43..38.54 rows=10 width=121)
	  Index Cond: ((id >= 7919457) AND (id <= 7919466))

table 6 : explain SELECT c FROM sbtest6 WHERE id BETWEEN 9119216 AND 9119225
	Index Scan using sbtest6_pkey on sbtest6  (cost=0.43..35.77 rows=9 width=121)
	  Index Cond: ((id >= 9119216) AND (id <= 9119225))

table 7 : explain SELECT c FROM sbtest7 WHERE id BETWEEN 9380504 AND 9380513
	Index Scan using sbtest7_pkey on sbtest7  (cost=0.43..38.55 rows=10 width=121)
	  Index Cond: ((id >= 9380504) AND (id <= 9380513))

table 8 : explain SELECT c FROM sbtest8 WHERE id BETWEEN 7746491 AND 7746500
	Index Scan using sbtest8_pkey on sbtest8  (cost=0.43..38.30 rows=10 width=121)
	  Index Cond: ((id >= 7746491) AND (id <= 7746500))

for: distinct_ranges
table 1 : explain SELECT DISTINCT c FROM sbtest1 WHERE id BETWEEN 108684 AND 108693 ORDER BY c
	Unique  (cost=42.05..42.10 rows=11 width=121)
	  ->  Sort  (cost=42.05..42.08 rows=11 width=121)
	        Sort Key: c
	        ->  Index Scan using sbtest1_pkey on sbtest1  (cost=0.43..41.86 rows=11 width=121)
	              Index Cond: ((id >= 108684) AND (id <= 108693))

table 2 : explain SELECT DISTINCT c FROM sbtest2 WHERE id BETWEEN 7940559 AND 7940568 ORDER BY c
	Unique  (cost=38.58..38.63 rows=10 width=121)
	  ->  Sort  (cost=38.58..38.61 rows=10 width=121)
	        Sort Key: c
	        ->  Index Scan using sbtest2_pkey on sbtest2  (cost=0.43..38.42 rows=10 width=121)
	              Index Cond: ((id >= 7940559) AND (id <= 7940568))

table 3 : explain SELECT DISTINCT c FROM sbtest3 WHERE id BETWEEN 3037516 AND 3037525 ORDER BY c
	Unique  (cost=38.76..38.81 rows=10 width=121)
	  ->  Sort  (cost=38.76..38.79 rows=10 width=121)
	        Sort Key: c
	        ->  Index Scan using sbtest3_pkey on sbtest3  (cost=0.43..38.60 rows=10 width=121)
	              Index Cond: ((id >= 3037516) AND (id <= 3037525))

table 4 : explain SELECT DISTINCT c FROM sbtest4 WHERE id BETWEEN 3788859 AND 3788868 ORDER BY c
	Unique  (cost=38.90..38.95 rows=10 width=121)
	  ->  Sort  (cost=38.90..38.92 rows=10 width=121)
	        Sort Key: c
	        ->  Index Scan using sbtest4_pkey on sbtest4  (cost=0.43..38.73 rows=10 width=121)
	              Index Cond: ((id >= 3788859) AND (id <= 3788868))

table 5 : explain SELECT DISTINCT c FROM sbtest5 WHERE id BETWEEN 6241057 AND 6241066 ORDER BY c
	Unique  (cost=38.71..38.76 rows=10 width=121)
	  ->  Sort  (cost=38.71..38.73 rows=10 width=121)
	        Sort Key: c
	        ->  Index Scan using sbtest5_pkey on sbtest5  (cost=0.43..38.54 rows=10 width=121)
	              Index Cond: ((id >= 6241057) AND (id <= 6241066))

table 6 : explain SELECT DISTINCT c FROM sbtest6 WHERE id BETWEEN 9143515 AND 9143524 ORDER BY c
	Unique  (cost=35.92..35.96 rows=9 width=121)
	  ->  Sort  (cost=35.92..35.94 rows=9 width=121)
	        Sort Key: c
	        ->  Index Scan using sbtest6_pkey on sbtest6  (cost=0.43..35.77 rows=9 width=121)
	              Index Cond: ((id >= 9143515) AND (id <= 9143524))

table 7 : explain SELECT DISTINCT c FROM sbtest7 WHERE id BETWEEN 6966121 AND 6966130 ORDER BY c
	Unique  (cost=42.08..42.14 rows=11 width=121)
	  ->  Sort  (cost=42.08..42.11 rows=11 width=121)
	        Sort Key: c
	        ->  Index Scan using sbtest7_pkey on sbtest7  (cost=0.43..41.89 rows=11 width=121)
	              Index Cond: ((id >= 6966121) AND (id <= 6966130))

table 8 : explain SELECT DISTINCT c FROM sbtest8 WHERE id BETWEEN 2667299 AND 2667308 ORDER BY c
	Unique  (cost=38.47..38.52 rows=10 width=121)
	  ->  Sort  (cost=38.47..38.50 rows=10 width=121)
	        Sort Key: c
	        ->  Index Scan using sbtest8_pkey on sbtest8  (cost=0.43..38.30 rows=10 width=121)
	              Index Cond: ((id >= 2667299) AND (id <= 2667308))

for: distinct_ranges
table 1 : explain SELECT DISTINCT c FROM sbtest1 WHERE id BETWEEN 6812301 AND 6812310 ORDER BY c
	Unique  (cost=35.32..35.37 rows=9 width=121)
	  ->  Sort  (cost=35.32..35.34 rows=9 width=121)
	        Sort Key: c
	        ->  Index Scan using sbtest1_pkey on sbtest1  (cost=0.43..35.18 rows=9 width=121)
	              Index Cond: ((id >= 6812301) AND (id <= 6812310))

table 2 : explain SELECT DISTINCT c FROM sbtest2 WHERE id BETWEEN 8338420 AND 8338429 ORDER BY c
	Unique  (cost=38.58..38.63 rows=10 width=121)
	  ->  Sort  (cost=38.58..38.61 rows=10 width=121)
	        Sort Key: c
	        ->  Index Scan using sbtest2_pkey on sbtest2  (cost=0.43..38.42 rows=10 width=121)
	              Index Cond: ((id >= 8338420) AND (id <= 8338429))

table 3 : explain SELECT DISTINCT c FROM sbtest3 WHERE id BETWEEN 7289190 AND 7289199 ORDER BY c
	Unique  (cost=38.76..38.81 rows=10 width=121)
	  ->  Sort  (cost=38.76..38.79 rows=10 width=121)
	        Sort Key: c
	        ->  Index Scan using sbtest3_pkey on sbtest3  (cost=0.43..38.60 rows=10 width=121)
	              Index Cond: ((id >= 7289190) AND (id <= 7289199))

table 4 : explain SELECT DISTINCT c FROM sbtest4 WHERE id BETWEEN 5869603 AND 5869612 ORDER BY c
	Unique  (cost=38.90..38.95 rows=10 width=121)
	  ->  Sort  (cost=38.90..38.92 rows=10 width=121)
	        Sort Key: c
	        ->  Index Scan using sbtest4_pkey on sbtest4  (cost=0.43..38.73 rows=10 width=121)
	              Index Cond: ((id >= 5869603) AND (id <= 5869612))

table 5 : explain SELECT DISTINCT c FROM sbtest5 WHERE id BETWEEN 3455156 AND 3455165 ORDER BY c
	Unique  (cost=45.44..45.50 rows=12 width=121)
	  ->  Sort  (cost=45.44..45.47 rows=12 width=121)
	        Sort Key: c
	        ->  Index Scan using sbtest5_pkey on sbtest5  (cost=0.43..45.23 rows=12 width=121)
	              Index Cond: ((id >= 3455156) AND (id <= 3455165))

table 6 : explain SELECT DISTINCT c FROM sbtest6 WHERE id BETWEEN 1593623 AND 1593632 ORDER BY c
	Unique  (cost=39.36..39.41 rows=10 width=121)
	  ->  Sort  (cost=39.36..39.38 rows=10 width=121)
	        Sort Key: c
	        ->  Index Scan using sbtest6_pkey on sbtest6  (cost=0.43..39.19 rows=10 width=121)
	              Index Cond: ((id >= 1593623) AND (id <= 1593632))

table 7 : explain SELECT DISTINCT c FROM sbtest7 WHERE id BETWEEN 30618 AND 30627 ORDER BY c
	Unique  (cost=35.35..35.39 rows=9 width=121)
	  ->  Sort  (cost=35.35..35.37 rows=9 width=121)
	        Sort Key: c
	        ->  Index Scan using sbtest7_pkey on sbtest7  (cost=0.43..35.20 rows=9 width=121)
	              Index Cond: ((id >= 30618) AND (id <= 30627))

table 8 : explain SELECT DISTINCT c FROM sbtest8 WHERE id BETWEEN 1925185 AND 1925194 ORDER BY c
	Unique  (cost=41.81..41.87 rows=11 width=121)
	  ->  Sort  (cost=41.81..41.84 rows=11 width=121)
	        Sort Key: c
	        ->  Index Scan using sbtest8_pkey on sbtest8  (cost=0.43..41.62 rows=11 width=121)
	              Index Cond: ((id >= 1925185) AND (id <= 1925194))

for point_selects
table 1 : explain SELECT c FROM sbtest1 WHERE id=8168869
	Index Scan using sbtest1_pkey on sbtest1  (cost=0.43..8.45 rows=1 width=121)
	  Index Cond: (id = 8168869)

table 2 : explain SELECT c FROM sbtest2 WHERE id=438947
	Index Scan using sbtest2_pkey on sbtest2  (cost=0.43..8.45 rows=1 width=121)
	  Index Cond: (id = 438947)

table 3 : explain SELECT c FROM sbtest3 WHERE id=608048
	Index Scan using sbtest3_pkey on sbtest3  (cost=0.43..8.45 rows=1 width=121)
	  Index Cond: (id = 608048)

table 4 : explain SELECT c FROM sbtest4 WHERE id=1001065
	Index Scan using sbtest4_pkey on sbtest4  (cost=0.43..8.45 rows=1 width=121)
	  Index Cond: (id = 1001065)

table 5 : explain SELECT c FROM sbtest5 WHERE id=542915
	Index Scan using sbtest5_pkey on sbtest5  (cost=0.43..8.45 rows=1 width=121)
	  Index Cond: (id = 542915)

table 6 : explain SELECT c FROM sbtest6 WHERE id=6664487
	Index Scan using sbtest6_pkey on sbtest6  (cost=0.43..8.45 rows=1 width=121)
	  Index Cond: (id = 6664487)

table 7 : explain SELECT c FROM sbtest7 WHERE id=6006777
	Index Scan using sbtest7_pkey on sbtest7  (cost=0.43..8.45 rows=1 width=121)
	  Index Cond: (id = 6006777)

table 8 : explain SELECT c FROM sbtest8 WHERE id=8389762
	Index Scan using sbtest8_pkey on sbtest8  (cost=0.43..8.45 rows=1 width=121)
	  Index Cond: (id = 8389762)

for: distinct_ranges
table 1 : explain SELECT DISTINCT c FROM sbtest1 WHERE id BETWEEN 3726711 AND 3726720 ORDER BY c
	Unique  (cost=35.32..35.37 rows=9 width=121)
	  ->  Sort  (cost=35.32..35.34 rows=9 width=121)
	        Sort Key: c
	        ->  Index Scan using sbtest1_pkey on sbtest1  (cost=0.43..35.18 rows=9 width=121)
	              Index Cond: ((id >= 3726711) AND (id <= 3726720))

table 2 : explain SELECT DISTINCT c FROM sbtest2 WHERE id BETWEEN 4328088 AND 4328097 ORDER BY c
	Unique  (cost=41.94..41.99 rows=11 width=121)
	  ->  Sort  (cost=41.94..41.96 rows=11 width=121)
	        Sort Key: c
	        ->  Index Scan using sbtest2_pkey on sbtest2  (cost=0.43..41.75 rows=11 width=121)
	              Index Cond: ((id >= 4328088) AND (id <= 4328097))

table 3 : explain SELECT DISTINCT c FROM sbtest3 WHERE id BETWEEN 9987222 AND 9987231 ORDER BY c
	Unique  (cost=42.14..42.19 rows=11 width=121)
	  ->  Sort  (cost=42.14..42.16 rows=11 width=121)
	        Sort Key: c
	        ->  Index Scan using sbtest3_pkey on sbtest3  (cost=0.43..41.95 rows=11 width=121)
	              Index Cond: ((id >= 9987222) AND (id <= 9987231))

table 4 : explain SELECT DISTINCT c FROM sbtest4 WHERE id BETWEEN 2665511 AND 2665520 ORDER BY c
	Unique  (cost=38.90..38.95 rows=10 width=121)
	  ->  Sort  (cost=38.90..38.92 rows=10 width=121)
	        Sort Key: c
	        ->  Index Scan using sbtest4_pkey on sbtest4  (cost=0.43..38.73 rows=10 width=121)
	              Index Cond: ((id >= 2665511) AND (id <= 2665520))

table 5 : explain SELECT DISTINCT c FROM sbtest5 WHERE id BETWEEN 4820911 AND 4820920 ORDER BY c
	Unique  (cost=38.71..38.76 rows=10 width=121)
	  ->  Sort  (cost=38.71..38.73 rows=10 width=121)
	        Sort Key: c
	        ->  Index Scan using sbtest5_pkey on sbtest5  (cost=0.43..38.54 rows=10 width=121)
	              Index Cond: ((id >= 4820911) AND (id <= 4820920))

table 6 : explain SELECT DISTINCT c FROM sbtest6 WHERE id BETWEEN 470697 AND 470706 ORDER BY c
	Unique  (cost=39.36..39.41 rows=10 width=121)
	  ->  Sort  (cost=39.36..39.38 rows=10 width=121)
	        Sort Key: c
	        ->  Index Scan using sbtest6_pkey on sbtest6  (cost=0.43..39.19 rows=10 width=121)
	              Index Cond: ((id >= 470697) AND (id <= 470706))

table 7 : explain SELECT DISTINCT c FROM sbtest7 WHERE id BETWEEN 7328198 AND 7328207 ORDER BY c
	Unique  (cost=35.35..35.39 rows=9 width=121)
	  ->  Sort  (cost=35.35..35.37 rows=9 width=121)
	        Sort Key: c
	        ->  Index Scan using sbtest7_pkey on sbtest7  (cost=0.43..35.20 rows=9 width=121)
	              Index Cond: ((id >= 7328198) AND (id <= 7328207))

table 8 : explain SELECT DISTINCT c FROM sbtest8 WHERE id BETWEEN 8039792 AND 8039801 ORDER BY c
	Unique  (cost=35.13..35.18 rows=9 width=121)
	  ->  Sort  (cost=35.13..35.15 rows=9 width=121)
	        Sort Key: c
	        ->  Index Scan using sbtest8_pkey on sbtest8  (cost=0.43..34.99 rows=9 width=121)
	              Index Cond: ((id >= 8039792) AND (id <= 8039801))

explain: for index_updates :: explain UPDATE sbtest%u SET k=k+1 WHERE id=%u
for index_updates
table 1 : explain UPDATE sbtest1 SET k=k+1 WHERE id=6114272
	Update on sbtest1  (cost=0.43..8.46 rows=1 width=196)
	  ->  Index Scan using sbtest1_pkey on sbtest1  (cost=0.43..8.46 rows=1 width=196)
	        Index Cond: (id = 6114272)

table 2 : explain UPDATE sbtest2 SET k=k+1 WHERE id=5963739
	Update on sbtest2  (cost=0.43..8.46 rows=1 width=196)
	  ->  Index Scan using sbtest2_pkey on sbtest2  (cost=0.43..8.46 rows=1 width=196)
	        Index Cond: (id = 5963739)

table 3 : explain UPDATE sbtest3 SET k=k+1 WHERE id=4567711
	Update on sbtest3  (cost=0.43..8.46 rows=1 width=196)
	  ->  Index Scan using sbtest3_pkey on sbtest3  (cost=0.43..8.46 rows=1 width=196)
	        Index Cond: (id = 4567711)

table 4 : explain UPDATE sbtest4 SET k=k+1 WHERE id=9989136
	Update on sbtest4  (cost=0.43..8.46 rows=1 width=196)
	  ->  Index Scan using sbtest4_pkey on sbtest4  (cost=0.43..8.46 rows=1 width=196)
	        Index Cond: (id = 9989136)

table 5 : explain UPDATE sbtest5 SET k=k+1 WHERE id=9525121
	Update on sbtest5  (cost=0.43..8.46 rows=1 width=196)
	  ->  Index Scan using sbtest5_pkey on sbtest5  (cost=0.43..8.46 rows=1 width=196)
	        Index Cond: (id = 9525121)

table 6 : explain UPDATE sbtest6 SET k=k+1 WHERE id=7259153
	Update on sbtest6  (cost=0.43..8.46 rows=1 width=196)
	  ->  Index Scan using sbtest6_pkey on sbtest6  (cost=0.43..8.46 rows=1 width=196)
	        Index Cond: (id = 7259153)

table 7 : explain UPDATE sbtest7 SET k=k+1 WHERE id=5790784
	Update on sbtest7  (cost=0.43..8.46 rows=1 width=196)
	  ->  Index Scan using sbtest7_pkey on sbtest7  (cost=0.43..8.46 rows=1 width=196)
	        Index Cond: (id = 5790784)

table 8 : explain UPDATE sbtest8 SET k=k+1 WHERE id=5512771
	Update on sbtest8  (cost=0.43..8.46 rows=1 width=196)
	  ->  Index Scan using sbtest8_pkey on sbtest8  (cost=0.43..8.46 rows=1 width=196)
	        Index Cond: (id = 5512771)

for: sum_ranges
table 1 : explain SELECT SUM(k) FROM sbtest1 WHERE id BETWEEN 5135786 AND 5135795
	Aggregate  (cost=38.54..38.55 rows=1 width=8)
	  ->  Index Scan using sbtest1_pkey on sbtest1  (cost=0.43..38.52 rows=10 width=4)
	        Index Cond: ((id >= 5135786) AND (id <= 5135795))

table 2 : explain SELECT SUM(k) FROM sbtest2 WHERE id BETWEEN 6823629 AND 6823638
	Aggregate  (cost=38.44..38.45 rows=1 width=8)
	  ->  Index Scan using sbtest2_pkey on sbtest2  (cost=0.43..38.42 rows=10 width=4)
	        Index Cond: ((id >= 6823629) AND (id <= 6823638))

table 3 : explain SELECT SUM(k) FROM sbtest3 WHERE id BETWEEN 1921445 AND 1921454
	Aggregate  (cost=38.62..38.63 rows=1 width=8)
	  ->  Index Scan using sbtest3_pkey on sbtest3  (cost=0.43..38.60 rows=10 width=4)
	        Index Cond: ((id >= 1921445) AND (id <= 1921454))

table 4 : explain SELECT SUM(k) FROM sbtest4 WHERE id BETWEEN 3662444 AND 3662453
	Aggregate  (cost=38.76..38.77 rows=1 width=8)
	  ->  Index Scan using sbtest4_pkey on sbtest4  (cost=0.43..38.73 rows=10 width=4)
	        Index Cond: ((id >= 3662444) AND (id <= 3662453))

table 5 : explain SELECT SUM(k) FROM sbtest5 WHERE id BETWEEN 7890785 AND 7890794
	Aggregate  (cost=38.57..38.58 rows=1 width=8)
	  ->  Index Scan using sbtest5_pkey on sbtest5  (cost=0.43..38.54 rows=10 width=4)
	        Index Cond: ((id >= 7890785) AND (id <= 7890794))

table 6 : explain SELECT SUM(k) FROM sbtest6 WHERE id BETWEEN 5481857 AND 5481866
	Aggregate  (cost=39.21..39.22 rows=1 width=8)
	  ->  Index Scan using sbtest6_pkey on sbtest6  (cost=0.43..39.19 rows=10 width=4)
	        Index Cond: ((id >= 5481857) AND (id <= 5481866))

table 7 : explain SELECT SUM(k) FROM sbtest7 WHERE id BETWEEN 6152254 AND 6152263
	Aggregate  (cost=38.57..38.58 rows=1 width=8)
	  ->  Index Scan using sbtest7_pkey on sbtest7  (cost=0.43..38.55 rows=10 width=4)
	        Index Cond: ((id >= 6152254) AND (id <= 6152263))

table 8 : explain SELECT SUM(k) FROM sbtest8 WHERE id BETWEEN 4740443 AND 4740452
	Aggregate  (cost=38.33..38.34 rows=1 width=8)
	  ->  Index Scan using sbtest8_pkey on sbtest8  (cost=0.43..38.30 rows=10 width=4)
	        Index Cond: ((id >= 4740443) AND (id <= 4740452))

explain: for index_updates :: explain UPDATE sbtest%u SET k=k+1 WHERE id=%u
explain: for non_index_updates :: explain UPDATE sbtest%u SET c='foobar' WHERE id=%u
explain: for index_updates :: explain UPDATE sbtest%u SET k=k+1 WHERE id=%u
for: simple_ranges
table 1 : explain SELECT c FROM sbtest1 WHERE id BETWEEN 4584479 AND 4584488
	Index Scan using sbtest1_pkey on sbtest1  (cost=0.43..38.52 rows=10 width=121)
	  Index Cond: ((id >= 4584479) AND (id <= 4584488))

table 2 : explain SELECT c FROM sbtest2 WHERE id BETWEEN 9001995 AND 9002004
	Index Scan using sbtest2_pkey on sbtest2  (cost=0.43..38.42 rows=10 width=121)
	  Index Cond: ((id >= 9001995) AND (id <= 9002004))

table 3 : explain SELECT c FROM sbtest3 WHERE id BETWEEN 9231744 AND 9231753
	Index Scan using sbtest3_pkey on sbtest3  (cost=0.43..38.60 rows=10 width=121)
	  Index Cond: ((id >= 9231744) AND (id <= 9231753))

table 4 : explain SELECT c FROM sbtest4 WHERE id BETWEEN 8912999 AND 8913008
	Index Scan using sbtest4_pkey on sbtest4  (cost=0.43..38.73 rows=10 width=121)
	  Index Cond: ((id >= 8912999) AND (id <= 8913008))

table 5 : explain SELECT c FROM sbtest5 WHERE id BETWEEN 9988556 AND 9988565
	Index Scan using sbtest5_pkey on sbtest5  (cost=0.43..38.54 rows=10 width=121)
	  Index Cond: ((id >= 9988556) AND (id <= 9988565))

table 6 : explain SELECT c FROM sbtest6 WHERE id BETWEEN 9500293 AND 9500302
	Index Scan using sbtest6_pkey on sbtest6  (cost=0.43..35.77 rows=9 width=121)
	  Index Cond: ((id >= 9500293) AND (id <= 9500302))

table 7 : explain SELECT c FROM sbtest7 WHERE id BETWEEN 6233877 AND 6233886
	Index Scan using sbtest7_pkey on sbtest7  (cost=0.43..38.55 rows=10 width=121)
	  Index Cond: ((id >= 6233877) AND (id <= 6233886))

table 8 : explain SELECT c FROM sbtest8 WHERE id BETWEEN 5365421 AND 5365430
	Index Scan using sbtest8_pkey on sbtest8  (cost=0.43..34.99 rows=9 width=121)
	  Index Cond: ((id >= 5365421) AND (id <= 5365430))

for: distinct_ranges
table 1 : explain SELECT DISTINCT c FROM sbtest1 WHERE id BETWEEN 7603562 AND 7603571 ORDER BY c
	Unique  (cost=38.68..38.73 rows=10 width=121)
	  ->  Sort  (cost=38.68..38.71 rows=10 width=121)
	        Sort Key: c
	        ->  Index Scan using sbtest1_pkey on sbtest1  (cost=0.43..38.52 rows=10 width=121)
	              Index Cond: ((id >= 7603562) AND (id <= 7603571))

table 2 : explain SELECT DISTINCT c FROM sbtest2 WHERE id BETWEEN 6255281 AND 6255290 ORDER BY c
	Unique  (cost=38.58..38.63 rows=10 width=121)
	  ->  Sort  (cost=38.58..38.61 rows=10 width=121)
	        Sort Key: c
	        ->  Index Scan using sbtest2_pkey on sbtest2  (cost=0.43..38.42 rows=10 width=121)
	              Index Cond: ((id >= 6255281) AND (id <= 6255290))

table 3 : explain SELECT DISTINCT c FROM sbtest3 WHERE id BETWEEN 9467840 AND 9467849 ORDER BY c
	Unique  (cost=38.76..38.81 rows=10 width=121)
	  ->  Sort  (cost=38.76..38.79 rows=10 width=121)
	        Sort Key: c
	        ->  Index Scan using sbtest3_pkey on sbtest3  (cost=0.43..38.60 rows=10 width=121)
	              Index Cond: ((id >= 9467840) AND (id <= 9467849))

table 4 : explain SELECT DISTINCT c FROM sbtest4 WHERE id BETWEEN 680103 AND 680112 ORDER BY c
	Unique  (cost=38.90..38.95 rows=10 width=121)
	  ->  Sort  (cost=38.90..38.92 rows=10 width=121)
	        Sort Key: c
	        ->  Index Scan using sbtest4_pkey on sbtest4  (cost=0.43..38.73 rows=10 width=121)
	              Index Cond: ((id >= 680103) AND (id <= 680112))

table 5 : explain SELECT DISTINCT c FROM sbtest5 WHERE id BETWEEN 5766392 AND 5766401 ORDER BY c
	Unique  (cost=38.71..38.76 rows=10 width=121)
	  ->  Sort  (cost=38.71..38.73 rows=10 width=121)
	        Sort Key: c
	        ->  Index Scan using sbtest5_pkey on sbtest5  (cost=0.43..38.54 rows=10 width=121)
	              Index Cond: ((id >= 5766392) AND (id <= 5766401))

table 6 : explain SELECT DISTINCT c FROM sbtest6 WHERE id BETWEEN 6217191 AND 6217200 ORDER BY c
	Unique  (cost=35.92..35.96 rows=9 width=121)
	  ->  Sort  (cost=35.92..35.94 rows=9 width=121)
	        Sort Key: c
	        ->  Index Scan using sbtest6_pkey on sbtest6  (cost=0.43..35.77 rows=9 width=121)
	              Index Cond: ((id >= 6217191) AND (id <= 6217200))

table 7 : explain SELECT DISTINCT c FROM sbtest7 WHERE id BETWEEN 3778099 AND 3778108 ORDER BY c
	Unique  (cost=38.71..38.76 rows=10 width=121)
	  ->  Sort  (cost=38.71..38.74 rows=10 width=121)
	        Sort Key: c
	        ->  Index Scan using sbtest7_pkey on sbtest7  (cost=0.43..38.55 rows=10 width=121)
	              Index Cond: ((id >= 3778099) AND (id <= 3778108))

table 8 : explain SELECT DISTINCT c FROM sbtest8 WHERE id BETWEEN 7959374 AND 7959383 ORDER BY c
	Unique  (cost=35.13..35.18 rows=9 width=121)
	  ->  Sort  (cost=35.13..35.15 rows=9 width=121)
	        Sort Key: c
	        ->  Index Scan using sbtest8_pkey on sbtest8  (cost=0.43..34.99 rows=9 width=121)
	              Index Cond: ((id >= 7959374) AND (id <= 7959383))

for: sum_ranges
table 1 : explain SELECT SUM(k) FROM sbtest1 WHERE id BETWEEN 113606 AND 113615
	Aggregate  (cost=41.89..41.90 rows=1 width=8)
	  ->  Index Scan using sbtest1_pkey on sbtest1  (cost=0.43..41.86 rows=11 width=4)
	        Index Cond: ((id >= 113606) AND (id <= 113615))

table 2 : explain SELECT SUM(k) FROM sbtest2 WHERE id BETWEEN 7061205 AND 7061214
	Aggregate  (cost=38.44..38.45 rows=1 width=8)
	  ->  Index Scan using sbtest2_pkey on sbtest2  (cost=0.43..38.42 rows=10 width=4)
	        Index Cond: ((id >= 7061205) AND (id <= 7061214))

table 3 : explain SELECT SUM(k) FROM sbtest3 WHERE id BETWEEN 211188 AND 211197
	Aggregate  (cost=35.27..35.28 rows=1 width=8)
	  ->  Index Scan using sbtest3_pkey on sbtest3  (cost=0.43..35.25 rows=9 width=4)
	        Index Cond: ((id >= 211188) AND (id <= 211197))

table 4 : explain SELECT SUM(k) FROM sbtest4 WHERE id BETWEEN 2422539 AND 2422548
	Aggregate  (cost=42.13..42.14 rows=1 width=8)
	  ->  Index Scan using sbtest4_pkey on sbtest4  (cost=0.43..42.10 rows=11 width=4)
	        Index Cond: ((id >= 2422539) AND (id <= 2422548))

table 5 : explain SELECT SUM(k) FROM sbtest5 WHERE id BETWEEN 1848380 AND 1848389
	Aggregate  (cost=38.57..38.58 rows=1 width=8)
	  ->  Index Scan using sbtest5_pkey on sbtest5  (cost=0.43..38.54 rows=10 width=4)
	        Index Cond: ((id >= 1848380) AND (id <= 1848389))

table 6 : explain SELECT SUM(k) FROM sbtest6 WHERE id BETWEEN 5627872 AND 5627881
	Aggregate  (cost=39.21..39.22 rows=1 width=8)
	  ->  Index Scan using sbtest6_pkey on sbtest6  (cost=0.43..39.19 rows=10 width=4)
	        Index Cond: ((id >= 5627872) AND (id <= 5627881))

table 7 : explain SELECT SUM(k) FROM sbtest7 WHERE id BETWEEN 9102722 AND 9102731
	Aggregate  (cost=38.57..38.58 rows=1 width=8)
	  ->  Index Scan using sbtest7_pkey on sbtest7  (cost=0.43..38.55 rows=10 width=4)
	        Index Cond: ((id >= 9102722) AND (id <= 9102731))

table 8 : explain SELECT SUM(k) FROM sbtest8 WHERE id BETWEEN 3836294 AND 3836303
	Aggregate  (cost=35.01..35.02 rows=1 width=8)
	  ->  Index Scan using sbtest8_pkey on sbtest8  (cost=0.43..34.99 rows=9 width=4)
	        Index Cond: ((id >= 3836294) AND (id <= 3836303))

for index_updates
table 1 : explain UPDATE sbtest1 SET k=k+1 WHERE id=6592549
	Update on sbtest1  (cost=0.43..8.46 rows=1 width=196)
	  ->  Index Scan using sbtest1_pkey on sbtest1  (cost=0.43..8.46 rows=1 width=196)
	        Index Cond: (id = 6592549)

table 2 : explain UPDATE sbtest2 SET k=k+1 WHERE id=4733903
	Update on sbtest2  (cost=0.43..8.46 rows=1 width=196)
	  ->  Index Scan using sbtest2_pkey on sbtest2  (cost=0.43..8.46 rows=1 width=196)
	        Index Cond: (id = 4733903)

table 3 : explain UPDATE sbtest3 SET k=k+1 WHERE id=8692647
	Update on sbtest3  (cost=0.43..8.46 rows=1 width=196)
	  ->  Index Scan using sbtest3_pkey on sbtest3  (cost=0.43..8.46 rows=1 width=196)
	        Index Cond: (id = 8692647)

table 4 : explain UPDATE sbtest4 SET k=k+1 WHERE id=7128792
	Update on sbtest4  (cost=0.43..8.46 rows=1 width=196)
	  ->  Index Scan using sbtest4_pkey on sbtest4  (cost=0.43..8.46 rows=1 width=196)
	        Index Cond: (id = 7128792)

table 5 : explain UPDATE sbtest5 SET k=k+1 WHERE id=7949692
	Update on sbtest5  (cost=0.43..8.46 rows=1 width=196)
	  ->  Index Scan using sbtest5_pkey on sbtest5  (cost=0.43..8.46 rows=1 width=196)
	        Index Cond: (id = 7949692)

table 6 : explain UPDATE sbtest6 SET k=k+1 WHERE id=4306854
	Update on sbtest6  (cost=0.43..8.46 rows=1 width=196)
	  ->  Index Scan using sbtest6_pkey on sbtest6  (cost=0.43..8.46 rows=1 width=196)
	        Index Cond: (id = 4306854)

table 7 : explain UPDATE sbtest7 SET k=k+1 WHERE id=3121107
	Update on sbtest7  (cost=0.43..8.46 rows=1 width=196)
	  ->  Index Scan using sbtest7_pkey on sbtest7  (cost=0.43..8.46 rows=1 width=196)
	        Index Cond: (id = 3121107)

table 8 : explain UPDATE sbtest8 SET k=k+1 WHERE id=7530197
	Update on sbtest8  (cost=0.43..8.46 rows=1 width=196)
	  ->  Index Scan using sbtest8_pkey on sbtest8  (cost=0.43..8.46 rows=1 width=196)
	        Index Cond: (id = 7530197)

explain: for index_updates :: explain UPDATE sbtest%u SET k=k+1 WHERE id=%u
for non_index_updates
table 1 : explain UPDATE sbtest1 SET c='foobar' WHERE id=5470262
	Update on sbtest1  (cost=0.43..8.45 rows=1 width=559)
	  ->  Index Scan using sbtest1_pkey on sbtest1  (cost=0.43..8.45 rows=1 width=559)
	        Index Cond: (id = 5470262)

table 2 : explain UPDATE sbtest2 SET c='foobar' WHERE id=718515
	Update on sbtest2  (cost=0.43..8.45 rows=1 width=559)
	  ->  Index Scan using sbtest2_pkey on sbtest2  (cost=0.43..8.45 rows=1 width=559)
	        Index Cond: (id = 718515)

table 3 : explain UPDATE sbtest3 SET c='foobar' WHERE id=7453016
	Update on sbtest3  (cost=0.43..8.45 rows=1 width=559)
	  ->  Index Scan using sbtest3_pkey on sbtest3  (cost=0.43..8.45 rows=1 width=559)
	        Index Cond: (id = 7453016)

table 4 : explain UPDATE sbtest4 SET c='foobar' WHERE id=5664865
	Update on sbtest4  (cost=0.43..8.45 rows=1 width=559)
	  ->  Index Scan using sbtest4_pkey on sbtest4  (cost=0.43..8.45 rows=1 width=559)
	        Index Cond: (id = 5664865)

table 5 : explain UPDATE sbtest5 SET c='foobar' WHERE id=9040658
	Update on sbtest5  (cost=0.43..8.45 rows=1 width=559)
	  ->  Index Scan using sbtest5_pkey on sbtest5  (cost=0.43..8.45 rows=1 width=559)
	        Index Cond: (id = 9040658)

table 6 : explain UPDATE sbtest6 SET c='foobar' WHERE id=5451360
	Update on sbtest6  (cost=0.43..8.45 rows=1 width=559)
	  ->  Index Scan using sbtest6_pkey on sbtest6  (cost=0.43..8.45 rows=1 width=559)
	        Index Cond: (id = 5451360)

table 7 : explain UPDATE sbtest7 SET c='foobar' WHERE id=4582285
	Update on sbtest7  (cost=0.43..8.45 rows=1 width=559)
	  ->  Index Scan using sbtest7_pkey on sbtest7  (cost=0.43..8.45 rows=1 width=559)
	        Index Cond: (id = 4582285)

table 8 : explain UPDATE sbtest8 SET c='foobar' WHERE id=1084594
	Update on sbtest8  (cost=0.43..8.45 rows=1 width=559)
	  ->  Index Scan using sbtest8_pkey on sbtest8  (cost=0.43..8.45 rows=1 width=559)
	        Index Cond: (id = 1084594)

for index_updates
table 1 : explain UPDATE sbtest1 SET k=k+1 WHERE id=9713862
	Update on sbtest1  (cost=0.43..8.46 rows=1 width=196)
	  ->  Index Scan using sbtest1_pkey on sbtest1  (cost=0.43..8.46 rows=1 width=196)
	        Index Cond: (id = 9713862)

table 2 : explain UPDATE sbtest2 SET k=k+1 WHERE id=4862678
	Update on sbtest2  (cost=0.43..8.46 rows=1 width=196)
	  ->  Index Scan using sbtest2_pkey on sbtest2  (cost=0.43..8.46 rows=1 width=196)
	        Index Cond: (id = 4862678)

table 3 : explain UPDATE sbtest3 SET k=k+1 WHERE id=3097922
	Update on sbtest3  (cost=0.43..8.46 rows=1 width=196)
	  ->  Index Scan using sbtest3_pkey on sbtest3  (cost=0.43..8.46 rows=1 width=196)
	        Index Cond: (id = 3097922)

table 4 : explain UPDATE sbtest4 SET k=k+1 WHERE id=7507094
	Update on sbtest4  (cost=0.43..8.46 rows=1 width=196)
	  ->  Index Scan using sbtest4_pkey on sbtest4  (cost=0.43..8.46 rows=1 width=196)
	        Index Cond: (id = 7507094)

table 5 : explain UPDATE sbtest5 SET k=k+1 WHERE id=9150507
	Update on sbtest5  (cost=0.43..8.46 rows=1 width=196)
	  ->  Index Scan using sbtest5_pkey on sbtest5  (cost=0.43..8.46 rows=1 width=196)
	        Index Cond: (id = 9150507)

table 6 : explain UPDATE sbtest6 SET k=k+1 WHERE id=9943274
	Update on sbtest6  (cost=0.43..8.46 rows=1 width=196)
	  ->  Index Scan using sbtest6_pkey on sbtest6  (cost=0.43..8.46 rows=1 width=196)
	        Index Cond: (id = 9943274)

table 7 : explain UPDATE sbtest7 SET k=k+1 WHERE id=945651
	Update on sbtest7  (cost=0.43..8.46 rows=1 width=196)
	  ->  Index Scan using sbtest7_pkey on sbtest7  (cost=0.43..8.46 rows=1 width=196)
	        Index Cond: (id = 945651)

table 8 : explain UPDATE sbtest8 SET k=k+1 WHERE id=8907787
	Update on sbtest8  (cost=0.43..8.46 rows=1 width=196)
	  ->  Index Scan using sbtest8_pkey on sbtest8  (cost=0.43..8.46 rows=1 width=196)
	        Index Cond: (id = 8907787)

for: order_ranges
table 1 : explain SELECT c FROM sbtest1 WHERE id BETWEEN 9215627 AND 9215636 ORDER BY c
	Sort  (cost=38.68..38.71 rows=10 width=121)
	  Sort Key: c
	  ->  Index Scan using sbtest1_pkey on sbtest1  (cost=0.43..38.52 rows=10 width=121)
	        Index Cond: ((id >= 9215627) AND (id <= 9215636))

table 2 : explain SELECT c FROM sbtest2 WHERE id BETWEEN 5184025 AND 5184034 ORDER BY c
	Sort  (cost=38.58..38.61 rows=10 width=121)
	  Sort Key: c
	  ->  Index Scan using sbtest2_pkey on sbtest2  (cost=0.43..38.42 rows=10 width=121)
	        Index Cond: ((id >= 5184025) AND (id <= 5184034))

table 3 : explain SELECT c FROM sbtest3 WHERE id BETWEEN 5480171 AND 5480180 ORDER BY c
	Sort  (cost=38.76..38.79 rows=10 width=121)
	  Sort Key: c
	  ->  Index Scan using sbtest3_pkey on sbtest3  (cost=0.43..38.60 rows=10 width=121)
	        Index Cond: ((id >= 5480171) AND (id <= 5480180))

table 4 : explain SELECT c FROM sbtest4 WHERE id BETWEEN 3033165 AND 3033174 ORDER BY c
	Sort  (cost=35.51..35.53 rows=9 width=121)
	  Sort Key: c
	  ->  Index Scan using sbtest4_pkey on sbtest4  (cost=0.43..35.37 rows=9 width=121)
	        Index Cond: ((id >= 3033165) AND (id <= 3033174))

table 5 : explain SELECT c FROM sbtest5 WHERE id BETWEEN 5092359 AND 5092368 ORDER BY c
	Sort  (cost=38.71..38.73 rows=10 width=121)
	  Sort Key: c
	  ->  Index Scan using sbtest5_pkey on sbtest5  (cost=0.43..38.54 rows=10 width=121)
	        Index Cond: ((id >= 5092359) AND (id <= 5092368))

table 6 : explain SELECT c FROM sbtest6 WHERE id BETWEEN 6401489 AND 6401498 ORDER BY c
	Sort  (cost=39.36..39.38 rows=10 width=121)
	  Sort Key: c
	  ->  Index Scan using sbtest6_pkey on sbtest6  (cost=0.43..39.19 rows=10 width=121)
	        Index Cond: ((id >= 6401489) AND (id <= 6401498))

table 7 : explain SELECT c FROM sbtest7 WHERE id BETWEEN 7771664 AND 7771673 ORDER BY c
	Sort  (cost=38.71..38.74 rows=10 width=121)
	  Sort Key: c
	  ->  Index Scan using sbtest7_pkey on sbtest7  (cost=0.43..38.55 rows=10 width=121)
	        Index Cond: ((id >= 7771664) AND (id <= 7771673))

table 8 : explain SELECT c FROM sbtest8 WHERE id BETWEEN 9705993 AND 9706002 ORDER BY c
	Sort  (cost=38.47..38.50 rows=10 width=121)
	  Sort Key: c
	  ->  Index Scan using sbtest8_pkey on sbtest8  (cost=0.43..38.30 rows=10 width=121)
	        Index Cond: ((id >= 9705993) AND (id <= 9706002))

explain: for non_index_updates :: explain UPDATE sbtest%u SET c='foobar' WHERE id=%u
explain: for deletes :: explain DELETE FROM sbtest%u WHERE id=%u
for: order_ranges
table 1 : explain SELECT c FROM sbtest1 WHERE id BETWEEN 9747128 AND 9747137 ORDER BY c
	Sort  (cost=38.68..38.71 rows=10 width=121)
	  Sort Key: c
	  ->  Index Scan using sbtest1_pkey on sbtest1  (cost=0.43..38.52 rows=10 width=121)
	        Index Cond: ((id >= 9747128) AND (id <= 9747137))

table 2 : explain SELECT c FROM sbtest2 WHERE id BETWEEN 9082404 AND 9082413 ORDER BY c
	Sort  (cost=41.94..41.96 rows=11 width=121)
	  Sort Key: c
	  ->  Index Scan using sbtest2_pkey on sbtest2  (cost=0.43..41.75 rows=11 width=121)
	        Index Cond: ((id >= 9082404) AND (id <= 9082413))

table 3 : explain SELECT c FROM sbtest3 WHERE id BETWEEN 3768515 AND 3768524 ORDER BY c
	Sort  (cost=38.76..38.79 rows=10 width=121)
	  Sort Key: c
	  ->  Index Scan using sbtest3_pkey on sbtest3  (cost=0.43..38.60 rows=10 width=121)
	        Index Cond: ((id >= 3768515) AND (id <= 3768524))

table 4 : explain SELECT c FROM sbtest4 WHERE id BETWEEN 3955815 AND 3955824 ORDER BY c
	Sort  (cost=42.29..42.32 rows=11 width=121)
	  Sort Key: c
	  ->  Index Scan using sbtest4_pkey on sbtest4  (cost=0.43..42.10 rows=11 width=121)
	        Index Cond: ((id >= 3955815) AND (id <= 3955824))

table 5 : explain SELECT c FROM sbtest5 WHERE id BETWEEN 5205149 AND 5205158 ORDER BY c
	Sort  (cost=38.71..38.73 rows=10 width=121)
	  Sort Key: c
	  ->  Index Scan using sbtest5_pkey on sbtest5  (cost=0.43..38.54 rows=10 width=121)
	        Index Cond: ((id >= 5205149) AND (id <= 5205158))

table 6 : explain SELECT c FROM sbtest6 WHERE id BETWEEN 4392571 AND 4392580 ORDER BY c
	Sort  (cost=39.36..39.38 rows=10 width=121)
	  Sort Key: c
	  ->  Index Scan using sbtest6_pkey on sbtest6  (cost=0.43..39.19 rows=10 width=121)
	        Index Cond: ((id >= 4392571) AND (id <= 4392580))

table 7 : explain SELECT c FROM sbtest7 WHERE id BETWEEN 9023372 AND 9023381 ORDER BY c
	Sort  (cost=38.71..38.74 rows=10 width=121)
	  Sort Key: c
	  ->  Index Scan using sbtest7_pkey on sbtest7  (cost=0.43..38.55 rows=10 width=121)
	        Index Cond: ((id >= 9023372) AND (id <= 9023381))

table 8 : explain SELECT c FROM sbtest8 WHERE id BETWEEN 4080889 AND 4080898 ORDER BY c
	Sort  (cost=38.47..38.50 rows=10 width=121)
	  Sort Key: c
	  ->  Index Scan using sbtest8_pkey on sbtest8  (cost=0.43..38.30 rows=10 width=121)
	        Index Cond: ((id >= 4080889) AND (id <= 4080898))

explain: for non_index_updates :: explain UPDATE sbtest%u SET c='foobar' WHERE id=%u
for deletes
table 1 : explain DELETE FROM sbtest1 WHERE id=3447025
	Delete on sbtest1  (cost=0.43..8.45 rows=1 width=6)
	  ->  Index Scan using sbtest1_pkey on sbtest1  (cost=0.43..8.45 rows=1 width=6)
	        Index Cond: (id = 3447025)

table 2 : explain DELETE FROM sbtest2 WHERE id=9536731
	Delete on sbtest2  (cost=0.43..8.45 rows=1 width=6)
	  ->  Index Scan using sbtest2_pkey on sbtest2  (cost=0.43..8.45 rows=1 width=6)
	        Index Cond: (id = 9536731)

table 3 : explain DELETE FROM sbtest3 WHERE id=5568012
	Delete on sbtest3  (cost=0.43..8.45 rows=1 width=6)
	  ->  Index Scan using sbtest3_pkey on sbtest3  (cost=0.43..8.45 rows=1 width=6)
	        Index Cond: (id = 5568012)

table 4 : explain DELETE FROM sbtest4 WHERE id=3833911
	Delete on sbtest4  (cost=0.43..8.45 rows=1 width=6)
	  ->  Index Scan using sbtest4_pkey on sbtest4  (cost=0.43..8.45 rows=1 width=6)
	        Index Cond: (id = 3833911)

table 5 : explain DELETE FROM sbtest5 WHERE id=4028551
	Delete on sbtest5  (cost=0.43..8.45 rows=1 width=6)
	  ->  Index Scan using sbtest5_pkey on sbtest5  (cost=0.43..8.45 rows=1 width=6)
	        Index Cond: (id = 4028551)

table 6 : explain DELETE FROM sbtest6 WHERE id=9859797
	Delete on sbtest6  (cost=0.43..8.45 rows=1 width=6)
	  ->  Index Scan using sbtest6_pkey on sbtest6  (cost=0.43..8.45 rows=1 width=6)
	        Index Cond: (id = 9859797)

table 7 : explain DELETE FROM sbtest7 WHERE id=9387096
	Delete on sbtest7  (cost=0.43..8.45 rows=1 width=6)
	  ->  Index Scan using sbtest7_pkey on sbtest7  (cost=0.43..8.45 rows=1 width=6)
	        Index Cond: (id = 9387096)

table 8 : explain DELETE FROM sbtest8 WHERE id=61387
	Delete on sbtest8  (cost=0.43..8.45 rows=1 width=6)
	  ->  Index Scan using sbtest8_pkey on sbtest8  (cost=0.43..8.45 rows=1 width=6)
	        Index Cond: (id = 61387)

for: order_ranges
table 1 : explain SELECT c FROM sbtest1 WHERE id BETWEEN 7475407 AND 7475416 ORDER BY c
	Sort  (cost=42.05..42.08 rows=11 width=121)
	  Sort Key: c
	  ->  Index Scan using sbtest1_pkey on sbtest1  (cost=0.43..41.86 rows=11 width=121)
	        Index Cond: ((id >= 7475407) AND (id <= 7475416))

table 2 : explain SELECT c FROM sbtest2 WHERE id BETWEEN 5034745 AND 5034754 ORDER BY c
	Sort  (cost=38.58..38.61 rows=10 width=121)
	  Sort Key: c
	  ->  Index Scan using sbtest2_pkey on sbtest2  (cost=0.43..38.42 rows=10 width=121)
	        Index Cond: ((id >= 5034745) AND (id <= 5034754))

table 3 : explain SELECT c FROM sbtest3 WHERE id BETWEEN 8890810 AND 8890819 ORDER BY c
	Sort  (cost=35.39..35.41 rows=9 width=121)
	  Sort Key: c
	  ->  Index Scan using sbtest3_pkey on sbtest3  (cost=0.43..35.25 rows=9 width=121)
	        Index Cond: ((id >= 8890810) AND (id <= 8890819))

table 4 : explain SELECT c FROM sbtest4 WHERE id BETWEEN 5334592 AND 5334601 ORDER BY c
	Sort  (cost=38.90..38.92 rows=10 width=121)
	  Sort Key: c
	  ->  Index Scan using sbtest4_pkey on sbtest4  (cost=0.43..38.73 rows=10 width=121)
	        Index Cond: ((id >= 5334592) AND (id <= 5334601))

table 5 : explain SELECT c FROM sbtest5 WHERE id BETWEEN 6644571 AND 6644580 ORDER BY c
	Sort  (cost=38.71..38.73 rows=10 width=121)
	  Sort Key: c
	  ->  Index Scan using sbtest5_pkey on sbtest5  (cost=0.43..38.54 rows=10 width=121)
	        Index Cond: ((id >= 6644571) AND (id <= 6644580))

table 6 : explain SELECT c FROM sbtest6 WHERE id BETWEEN 4150564 AND 4150573 ORDER BY c
	Sort  (cost=39.36..39.38 rows=10 width=121)
	  Sort Key: c
	  ->  Index Scan using sbtest6_pkey on sbtest6  (cost=0.43..39.19 rows=10 width=121)
	        Index Cond: ((id >= 4150564) AND (id <= 4150573))

table 7 : explain SELECT c FROM sbtest7 WHERE id BETWEEN 4432977 AND 4432986 ORDER BY c
	Sort  (cost=38.71..38.74 rows=10 width=121)
	  Sort Key: c
	  ->  Index Scan using sbtest7_pkey on sbtest7  (cost=0.43..38.55 rows=10 width=121)
	        Index Cond: ((id >= 4432977) AND (id <= 4432986))

table 8 : explain SELECT c FROM sbtest8 WHERE id BETWEEN 6621475 AND 6621484 ORDER BY c
	Sort  (cost=38.47..38.50 rows=10 width=121)
	  Sort Key: c
	  ->  Index Scan using sbtest8_pkey on sbtest8  (cost=0.43..38.30 rows=10 width=121)
	        Index Cond: ((id >= 6621475) AND (id <= 6621484))

for index_updates
table 1 : explain UPDATE sbtest1 SET k=k+1 WHERE id=6578727
	Update on sbtest1  (cost=0.43..8.46 rows=1 width=196)
	  ->  Index Scan using sbtest1_pkey on sbtest1  (cost=0.43..8.46 rows=1 width=196)
	        Index Cond: (id = 6578727)

table 2 : explain UPDATE sbtest2 SET k=k+1 WHERE id=7379285
	Update on sbtest2  (cost=0.43..8.46 rows=1 width=196)
	  ->  Index Scan using sbtest2_pkey on sbtest2  (cost=0.43..8.46 rows=1 width=196)
	        Index Cond: (id = 7379285)

table 3 : explain UPDATE sbtest3 SET k=k+1 WHERE id=5807365
	Update on sbtest3  (cost=0.43..8.46 rows=1 width=196)
	  ->  Index Scan using sbtest3_pkey on sbtest3  (cost=0.43..8.46 rows=1 width=196)
	        Index Cond: (id = 5807365)

table 4 : explain UPDATE sbtest4 SET k=k+1 WHERE id=1077891
	Update on sbtest4  (cost=0.43..8.46 rows=1 width=196)
	  ->  Index Scan using sbtest4_pkey on sbtest4  (cost=0.43..8.46 rows=1 width=196)
	        Index Cond: (id = 1077891)

table 5 : explain UPDATE sbtest5 SET k=k+1 WHERE id=5625892
	Update on sbtest5  (cost=0.43..8.46 rows=1 width=196)
	  ->  Index Scan using sbtest5_pkey on sbtest5  (cost=0.43..8.46 rows=1 width=196)
	        Index Cond: (id = 5625892)

table 6 : explain UPDATE sbtest6 SET k=k+1 WHERE id=4783026
	Update on sbtest6  (cost=0.43..8.46 rows=1 width=196)
	  ->  Index Scan using sbtest6_pkey on sbtest6  (cost=0.43..8.46 rows=1 width=196)
	        Index Cond: (id = 4783026)

table 7 : explain UPDATE sbtest7 SET k=k+1 WHERE id=3753305
	Update on sbtest7  (cost=0.43..8.46 rows=1 width=196)
	  ->  Index Scan using sbtest7_pkey on sbtest7  (cost=0.43..8.46 rows=1 width=196)
	        Index Cond: (id = 3753305)

table 8 : explain UPDATE sbtest8 SET k=k+1 WHERE id=466225
	Update on sbtest8  (cost=0.43..8.46 rows=1 width=196)
	  ->  Index Scan using sbtest8_pkey on sbtest8  (cost=0.43..8.46 rows=1 width=196)
	        Index Cond: (id = 466225)

for index_updates
table 1 : explain UPDATE sbtest1 SET k=k+1 WHERE id=1591076
	Update on sbtest1  (cost=0.43..8.46 rows=1 width=196)
	  ->  Index Scan using sbtest1_pkey on sbtest1  (cost=0.43..8.46 rows=1 width=196)
	        Index Cond: (id = 1591076)

table 2 : explain UPDATE sbtest2 SET k=k+1 WHERE id=1372306
	Update on sbtest2  (cost=0.43..8.46 rows=1 width=196)
	  ->  Index Scan using sbtest2_pkey on sbtest2  (cost=0.43..8.46 rows=1 width=196)
	        Index Cond: (id = 1372306)

table 3 : explain UPDATE sbtest3 SET k=k+1 WHERE id=5590007
	Update on sbtest3  (cost=0.43..8.46 rows=1 width=196)
	  ->  Index Scan using sbtest3_pkey on sbtest3  (cost=0.43..8.46 rows=1 width=196)
	        Index Cond: (id = 5590007)

table 4 : explain UPDATE sbtest4 SET k=k+1 WHERE id=7833759
	Update on sbtest4  (cost=0.43..8.46 rows=1 width=196)
	  ->  Index Scan using sbtest4_pkey on sbtest4  (cost=0.43..8.46 rows=1 width=196)
	        Index Cond: (id = 7833759)

table 5 : explain UPDATE sbtest5 SET k=k+1 WHERE id=4911222
	Update on sbtest5  (cost=0.43..8.46 rows=1 width=196)
	  ->  Index Scan using sbtest5_pkey on sbtest5  (cost=0.43..8.46 rows=1 width=196)
	        Index Cond: (id = 4911222)

table 6 : explain UPDATE sbtest6 SET k=k+1 WHERE id=2209996
	Update on sbtest6  (cost=0.43..8.46 rows=1 width=196)
	  ->  Index Scan using sbtest6_pkey on sbtest6  (cost=0.43..8.46 rows=1 width=196)
	        Index Cond: (id = 2209996)

table 7 : explain UPDATE sbtest7 SET k=k+1 WHERE id=2713073
	Update on sbtest7  (cost=0.43..8.46 rows=1 width=196)
	  ->  Index Scan using sbtest7_pkey on sbtest7  (cost=0.43..8.46 rows=1 width=196)
	        Index Cond: (id = 2713073)

table 8 : explain UPDATE sbtest8 SET k=k+1 WHERE id=713628
	Update on sbtest8  (cost=0.43..8.46 rows=1 width=196)
	  ->  Index Scan using sbtest8_pkey on sbtest8  (cost=0.43..8.46 rows=1 width=196)
	        Index Cond: (id = 713628)

for non_index_updates
table 1 : explain UPDATE sbtest1 SET c='foobar' WHERE id=6630071
	Update on sbtest1  (cost=0.43..8.45 rows=1 width=559)
	  ->  Index Scan using sbtest1_pkey on sbtest1  (cost=0.43..8.45 rows=1 width=559)
	        Index Cond: (id = 6630071)

table 2 : explain UPDATE sbtest2 SET c='foobar' WHERE id=5736831
	Update on sbtest2  (cost=0.43..8.45 rows=1 width=559)
	  ->  Index Scan using sbtest2_pkey on sbtest2  (cost=0.43..8.45 rows=1 width=559)
	        Index Cond: (id = 5736831)

table 3 : explain UPDATE sbtest3 SET c='foobar' WHERE id=5966481
	Update on sbtest3  (cost=0.43..8.45 rows=1 width=559)
	  ->  Index Scan using sbtest3_pkey on sbtest3  (cost=0.43..8.45 rows=1 width=559)
	        Index Cond: (id = 5966481)

table 4 : explain UPDATE sbtest4 SET c='foobar' WHERE id=8479904
	Update on sbtest4  (cost=0.43..8.45 rows=1 width=559)
	  ->  Index Scan using sbtest4_pkey on sbtest4  (cost=0.43..8.45 rows=1 width=559)
	        Index Cond: (id = 8479904)

table 5 : explain UPDATE sbtest5 SET c='foobar' WHERE id=640981
	Update on sbtest5  (cost=0.43..8.45 rows=1 width=559)
	  ->  Index Scan using sbtest5_pkey on sbtest5  (cost=0.43..8.45 rows=1 width=559)
	        Index Cond: (id = 640981)

table 6 : explain UPDATE sbtest6 SET c='foobar' WHERE id=1393045
	Update on sbtest6  (cost=0.43..8.45 rows=1 width=559)
	  ->  Index Scan using sbtest6_pkey on sbtest6  (cost=0.43..8.45 rows=1 width=559)
	        Index Cond: (id = 1393045)

table 7 : explain UPDATE sbtest7 SET c='foobar' WHERE id=8501807
	Update on sbtest7  (cost=0.43..8.45 rows=1 width=559)
	  ->  Index Scan using sbtest7_pkey on sbtest7  (cost=0.43..8.45 rows=1 width=559)
	        Index Cond: (id = 8501807)

table 8 : explain UPDATE sbtest8 SET c='foobar' WHERE id=628738
	Update on sbtest8  (cost=0.43..8.45 rows=1 width=559)
	  ->  Index Scan using sbtest8_pkey on sbtest8  (cost=0.43..8.45 rows=1 width=559)
	        Index Cond: (id = 628738)

for non_index_updates
table 1 : explain UPDATE sbtest1 SET c='foobar' WHERE id=5189878
	Update on sbtest1  (cost=0.43..8.45 rows=1 width=559)
	  ->  Index Scan using sbtest1_pkey on sbtest1  (cost=0.43..8.45 rows=1 width=559)
	        Index Cond: (id = 5189878)

table 2 : explain UPDATE sbtest2 SET c='foobar' WHERE id=8455914
	Update on sbtest2  (cost=0.43..8.45 rows=1 width=559)
	  ->  Index Scan using sbtest2_pkey on sbtest2  (cost=0.43..8.45 rows=1 width=559)
	        Index Cond: (id = 8455914)

table 3 : explain UPDATE sbtest3 SET c='foobar' WHERE id=6507786
	Update on sbtest3  (cost=0.43..8.45 rows=1 width=559)
	  ->  Index Scan using sbtest3_pkey on sbtest3  (cost=0.43..8.45 rows=1 width=559)
	        Index Cond: (id = 6507786)

table 4 : explain UPDATE sbtest4 SET c='foobar' WHERE id=8379961
	Update on sbtest4  (cost=0.43..8.45 rows=1 width=559)
	  ->  Index Scan using sbtest4_pkey on sbtest4  (cost=0.43..8.45 rows=1 width=559)
	        Index Cond: (id = 8379961)

table 5 : explain UPDATE sbtest5 SET c='foobar' WHERE id=4408194
	Update on sbtest5  (cost=0.43..8.45 rows=1 width=559)
	  ->  Index Scan using sbtest5_pkey on sbtest5  (cost=0.43..8.45 rows=1 width=559)
	        Index Cond: (id = 4408194)

table 6 : explain UPDATE sbtest6 SET c='foobar' WHERE id=8381439
	Update on sbtest6  (cost=0.43..8.45 rows=1 width=559)
	  ->  Index Scan using sbtest6_pkey on sbtest6  (cost=0.43..8.45 rows=1 width=559)
	        Index Cond: (id = 8381439)

table 7 : explain UPDATE sbtest7 SET c='foobar' WHERE id=5518280
	Update on sbtest7  (cost=0.43..8.45 rows=1 width=559)
	  ->  Index Scan using sbtest7_pkey on sbtest7  (cost=0.43..8.45 rows=1 width=559)
	        Index Cond: (id = 5518280)

table 8 : explain UPDATE sbtest8 SET c='foobar' WHERE id=9580485
	Update on sbtest8  (cost=0.43..8.45 rows=1 width=559)
	  ->  Index Scan using sbtest8_pkey on sbtest8  (cost=0.43..8.45 rows=1 width=559)
	        Index Cond: (id = 9580485)

explain: for deletes :: explain DELETE FROM sbtest%u WHERE id=%u
for: simple_ranges
table 1 : explain SELECT c FROM sbtest1 WHERE id BETWEEN 6131326 AND 6131335
	Index Scan using sbtest1_pkey on sbtest1  (cost=0.43..35.18 rows=9 width=121)
	  Index Cond: ((id >= 6131326) AND (id <= 6131335))

table 2 : explain SELECT c FROM sbtest2 WHERE id BETWEEN 9072339 AND 9072348
	Index Scan using sbtest2_pkey on sbtest2  (cost=0.43..41.75 rows=11 width=121)
	  Index Cond: ((id >= 9072339) AND (id <= 9072348))

table 3 : explain SELECT c FROM sbtest3 WHERE id BETWEEN 3320152 AND 3320161
	Index Scan using sbtest3_pkey on sbtest3  (cost=0.43..35.25 rows=9 width=121)
	  Index Cond: ((id >= 3320152) AND (id <= 3320161))

table 4 : explain SELECT c FROM sbtest4 WHERE id BETWEEN 4500151 AND 4500160
	Index Scan using sbtest4_pkey on sbtest4  (cost=0.43..38.73 rows=10 width=121)
	  Index Cond: ((id >= 4500151) AND (id <= 4500160))

table 5 : explain SELECT c FROM sbtest5 WHERE id BETWEEN 9123352 AND 9123361
	Index Scan using sbtest5_pkey on sbtest5  (cost=0.43..38.54 rows=10 width=121)
	  Index Cond: ((id >= 9123352) AND (id <= 9123361))

table 6 : explain SELECT c FROM sbtest6 WHERE id BETWEEN 3561118 AND 3561127
	Index Scan using sbtest6_pkey on sbtest6  (cost=0.43..39.19 rows=10 width=121)
	  Index Cond: ((id >= 3561118) AND (id <= 3561127))

table 7 : explain SELECT c FROM sbtest7 WHERE id BETWEEN 9109258 AND 9109267
	Index Scan using sbtest7_pkey on sbtest7  (cost=0.43..38.55 rows=10 width=121)
	  Index Cond: ((id >= 9109258) AND (id <= 9109267))

table 8 : explain SELECT c FROM sbtest8 WHERE id BETWEEN 7896773 AND 7896782
	Index Scan using sbtest8_pkey on sbtest8  (cost=0.43..34.99 rows=9 width=121)
	  Index Cond: ((id >= 7896773) AND (id <= 7896782))

explain: for non_index_updates :: explain UPDATE sbtest%u SET c='foobar' WHERE id=%u
explain: for deletes :: explain DELETE FROM sbtest%u WHERE id=%u
explain: for non_index_updates :: explain UPDATE sbtest%u SET c='foobar' WHERE id=%u
for deletes
table 1 : explain DELETE FROM sbtest1 WHERE id=1277076
	Delete on sbtest1  (cost=0.43..8.45 rows=1 width=6)
	  ->  Index Scan using sbtest1_pkey on sbtest1  (cost=0.43..8.45 rows=1 width=6)
	        Index Cond: (id = 1277076)

table 2 : explain DELETE FROM sbtest2 WHERE id=7323768
	Delete on sbtest2  (cost=0.43..8.45 rows=1 width=6)
	  ->  Index Scan using sbtest2_pkey on sbtest2  (cost=0.43..8.45 rows=1 width=6)
	        Index Cond: (id = 7323768)

table 3 : explain DELETE FROM sbtest3 WHERE id=1666465
	Delete on sbtest3  (cost=0.43..8.45 rows=1 width=6)
	  ->  Index Scan using sbtest3_pkey on sbtest3  (cost=0.43..8.45 rows=1 width=6)
	        Index Cond: (id = 1666465)

table 4 : explain DELETE FROM sbtest4 WHERE id=1736465
	Delete on sbtest4  (cost=0.43..8.45 rows=1 width=6)
	  ->  Index Scan using sbtest4_pkey on sbtest4  (cost=0.43..8.45 rows=1 width=6)
	        Index Cond: (id = 1736465)

table 5 : explain DELETE FROM sbtest5 WHERE id=6730826
	Delete on sbtest5  (cost=0.43..8.45 rows=1 width=6)
	  ->  Index Scan using sbtest5_pkey on sbtest5  (cost=0.43..8.45 rows=1 width=6)
	        Index Cond: (id = 6730826)

table 6 : explain DELETE FROM sbtest6 WHERE id=3746939
	Delete on sbtest6  (cost=0.43..8.45 rows=1 width=6)
	  ->  Index Scan using sbtest6_pkey on sbtest6  (cost=0.43..8.45 rows=1 width=6)
	        Index Cond: (id = 3746939)

table 7 : explain DELETE FROM sbtest7 WHERE id=5261575
	Delete on sbtest7  (cost=0.43..8.45 rows=1 width=6)
	  ->  Index Scan using sbtest7_pkey on sbtest7  (cost=0.43..8.45 rows=1 width=6)
	        Index Cond: (id = 5261575)

table 8 : explain DELETE FROM sbtest8 WHERE id=9462222
	Delete on sbtest8  (cost=0.43..8.45 rows=1 width=6)
	  ->  Index Scan using sbtest8_pkey on sbtest8  (cost=0.43..8.45 rows=1 width=6)
	        Index Cond: (id = 9462222)

for: sum_ranges
table 1 : explain SELECT SUM(k) FROM sbtest1 WHERE id BETWEEN 2258599 AND 2258608
	Aggregate  (cost=41.89..41.90 rows=1 width=8)
	  ->  Index Scan using sbtest1_pkey on sbtest1  (cost=0.43..41.86 rows=11 width=4)
	        Index Cond: ((id >= 2258599) AND (id <= 2258608))

table 2 : explain SELECT SUM(k) FROM sbtest2 WHERE id BETWEEN 882059 AND 882068
	Aggregate  (cost=35.11..35.12 rows=1 width=8)
	  ->  Index Scan using sbtest2_pkey on sbtest2  (cost=0.43..35.09 rows=9 width=4)
	        Index Cond: ((id >= 882059) AND (id <= 882068))

table 3 : explain SELECT SUM(k) FROM sbtest3 WHERE id BETWEEN 8053659 AND 8053668
	Aggregate  (cost=38.62..38.63 rows=1 width=8)
	  ->  Index Scan using sbtest3_pkey on sbtest3  (cost=0.43..38.60 rows=10 width=4)
	        Index Cond: ((id >= 8053659) AND (id <= 8053668))

table 4 : explain SELECT SUM(k) FROM sbtest4 WHERE id BETWEEN 7681386 AND 7681395
	Aggregate  (cost=38.76..38.77 rows=1 width=8)
	  ->  Index Scan using sbtest4_pkey on sbtest4  (cost=0.43..38.73 rows=10 width=4)
	        Index Cond: ((id >= 7681386) AND (id <= 7681395))

table 5 : explain SELECT SUM(k) FROM sbtest5 WHERE id BETWEEN 6048825 AND 6048834
	Aggregate  (cost=35.22..35.23 rows=1 width=8)
	  ->  Index Scan using sbtest5_pkey on sbtest5  (cost=0.43..35.20 rows=9 width=4)
	        Index Cond: ((id >= 6048825) AND (id <= 6048834))

table 6 : explain SELECT SUM(k) FROM sbtest6 WHERE id BETWEEN 6670313 AND 6670322
	Aggregate  (cost=42.63..42.64 rows=1 width=8)
	  ->  Index Scan using sbtest6_pkey on sbtest6  (cost=0.43..42.60 rows=11 width=4)
	        Index Cond: ((id >= 6670313) AND (id <= 6670322))

table 7 : explain SELECT SUM(k) FROM sbtest7 WHERE id BETWEEN 8742835 AND 8742844
	Aggregate  (cost=38.57..38.58 rows=1 width=8)
	  ->  Index Scan using sbtest7_pkey on sbtest7  (cost=0.43..38.55 rows=10 width=4)
	        Index Cond: ((id >= 8742835) AND (id <= 8742844))

table 8 : explain SELECT SUM(k) FROM sbtest8 WHERE id BETWEEN 6278111 AND 6278120
	Aggregate  (cost=38.33..38.34 rows=1 width=8)
	  ->  Index Scan using sbtest8_pkey on sbtest8  (cost=0.43..38.30 rows=10 width=4)
	        Index Cond: ((id >= 6278111) AND (id <= 6278120))

for non_index_updates
table 1 : explain UPDATE sbtest1 SET c='foobar' WHERE id=7846714
	Update on sbtest1  (cost=0.43..8.45 rows=1 width=559)
	  ->  Index Scan using sbtest1_pkey on sbtest1  (cost=0.43..8.45 rows=1 width=559)
	        Index Cond: (id = 7846714)

table 2 : explain UPDATE sbtest2 SET c='foobar' WHERE id=7397587
	Update on sbtest2  (cost=0.43..8.45 rows=1 width=559)
	  ->  Index Scan using sbtest2_pkey on sbtest2  (cost=0.43..8.45 rows=1 width=559)
	        Index Cond: (id = 7397587)

table 3 : explain UPDATE sbtest3 SET c='foobar' WHERE id=5697338
	Update on sbtest3  (cost=0.43..8.45 rows=1 width=559)
	  ->  Index Scan using sbtest3_pkey on sbtest3  (cost=0.43..8.45 rows=1 width=559)
	        Index Cond: (id = 5697338)

table 4 : explain UPDATE sbtest4 SET c='foobar' WHERE id=4725061
	Update on sbtest4  (cost=0.43..8.45 rows=1 width=559)
	  ->  Index Scan using sbtest4_pkey on sbtest4  (cost=0.43..8.45 rows=1 width=559)
	        Index Cond: (id = 4725061)

table 5 : explain UPDATE sbtest5 SET c='foobar' WHERE id=6692835
	Update on sbtest5  (cost=0.43..8.45 rows=1 width=559)
	  ->  Index Scan using sbtest5_pkey on sbtest5  (cost=0.43..8.45 rows=1 width=559)
	        Index Cond: (id = 6692835)

table 6 : explain UPDATE sbtest6 SET c='foobar' WHERE id=8089804
	Update on sbtest6  (cost=0.43..8.45 rows=1 width=559)
	  ->  Index Scan using sbtest6_pkey on sbtest6  (cost=0.43..8.45 rows=1 width=559)
	        Index Cond: (id = 8089804)

table 7 : explain UPDATE sbtest7 SET c='foobar' WHERE id=8634862
	Update on sbtest7  (cost=0.43..8.45 rows=1 width=559)
	  ->  Index Scan using sbtest7_pkey on sbtest7  (cost=0.43..8.45 rows=1 width=559)
	        Index Cond: (id = 8634862)

table 8 : explain UPDATE sbtest8 SET c='foobar' WHERE id=5571326
	Update on sbtest8  (cost=0.43..8.45 rows=1 width=559)
	  ->  Index Scan using sbtest8_pkey on sbtest8  (cost=0.43..8.45 rows=1 width=559)
	        Index Cond: (id = 5571326)

explain: for inserts :: explain INSERT INTO sbtest%u (id, k, c, pad) VALUES (%u, 13, 'foobar', 'foobar')
explain: for inserts :: explain INSERT INTO sbtest%u (id, k, c, pad) VALUES (%u, 13, 'foobar', 'foobar')
explain: for deletes :: explain DELETE FROM sbtest%u WHERE id=%u
for deletes
table 1 : explain DELETE FROM sbtest1 WHERE id=3387975
	Delete on sbtest1  (cost=0.43..8.45 rows=1 width=6)
	  ->  Index Scan using sbtest1_pkey on sbtest1  (cost=0.43..8.45 rows=1 width=6)
	        Index Cond: (id = 3387975)

table 2 : explain DELETE FROM sbtest2 WHERE id=6847004
	Delete on sbtest2  (cost=0.43..8.45 rows=1 width=6)
	  ->  Index Scan using sbtest2_pkey on sbtest2  (cost=0.43..8.45 rows=1 width=6)
	        Index Cond: (id = 6847004)

table 3 : explain DELETE FROM sbtest3 WHERE id=1627702
	Delete on sbtest3  (cost=0.43..8.45 rows=1 width=6)
	  ->  Index Scan using sbtest3_pkey on sbtest3  (cost=0.43..8.45 rows=1 width=6)
	        Index Cond: (id = 1627702)

table 4 : explain DELETE FROM sbtest4 WHERE id=4544526
	Delete on sbtest4  (cost=0.43..8.45 rows=1 width=6)
	  ->  Index Scan using sbtest4_pkey on sbtest4  (cost=0.43..8.45 rows=1 width=6)
	        Index Cond: (id = 4544526)

table 5 : explain DELETE FROM sbtest5 WHERE id=6663205
	Delete on sbtest5  (cost=0.43..8.45 rows=1 width=6)
	  ->  Index Scan using sbtest5_pkey on sbtest5  (cost=0.43..8.45 rows=1 width=6)
	        Index Cond: (id = 6663205)

table 6 : explain DELETE FROM sbtest6 WHERE id=845017
	Delete on sbtest6  (cost=0.43..8.45 rows=1 width=6)
	  ->  Index Scan using sbtest6_pkey on sbtest6  (cost=0.43..8.45 rows=1 width=6)
	        Index Cond: (id = 845017)

table 7 : explain DELETE FROM sbtest7 WHERE id=8107940
	Delete on sbtest7  (cost=0.43..8.45 rows=1 width=6)
	  ->  Index Scan using sbtest7_pkey on sbtest7  (cost=0.43..8.45 rows=1 width=6)
	        Index Cond: (id = 8107940)

table 8 : explain DELETE FROM sbtest8 WHERE id=3863185
	Delete on sbtest8  (cost=0.43..8.45 rows=1 width=6)
	  ->  Index Scan using sbtest8_pkey on sbtest8  (cost=0.43..8.45 rows=1 width=6)
	        Index Cond: (id = 3863185)

for inserts
table 1 : explain INSERT INTO sbtest1 (id, k, c, pad) VALUES (7120938, 13, 'foobar', 'foobar')
	Insert on sbtest1  (cost=0.00..0.01 rows=1 width=736)
	  ->  Result  (cost=0.00..0.01 rows=1 width=736)

table 2 : explain INSERT INTO sbtest2 (id, k, c, pad) VALUES (6314692, 13, 'foobar', 'foobar')
	Insert on sbtest2  (cost=0.00..0.01 rows=1 width=736)
	  ->  Result  (cost=0.00..0.01 rows=1 width=736)

table 3 : explain INSERT INTO sbtest3 (id, k, c, pad) VALUES (1934189, 13, 'foobar', 'foobar')
	Insert on sbtest3  (cost=0.00..0.01 rows=1 width=736)
	  ->  Result  (cost=0.00..0.01 rows=1 width=736)

table 4 : explain INSERT INTO sbtest4 (id, k, c, pad) VALUES (36918, 13, 'foobar', 'foobar')
	Insert on sbtest4  (cost=0.00..0.01 rows=1 width=736)
	  ->  Result  (cost=0.00..0.01 rows=1 width=736)

table 5 : explain INSERT INTO sbtest5 (id, k, c, pad) VALUES (8103286, 13, 'foobar', 'foobar')
	Insert on sbtest5  (cost=0.00..0.01 rows=1 width=736)
	  ->  Result  (cost=0.00..0.01 rows=1 width=736)

table 6 : explain INSERT INTO sbtest6 (id, k, c, pad) VALUES (5685520, 13, 'foobar', 'foobar')
	Insert on sbtest6  (cost=0.00..0.01 rows=1 width=736)
	  ->  Result  (cost=0.00..0.01 rows=1 width=736)

table 7 : explain INSERT INTO sbtest7 (id, k, c, pad) VALUES (734106, 13, 'foobar', 'foobar')
	Insert on sbtest7  (cost=0.00..0.01 rows=1 width=736)
	  ->  Result  (cost=0.00..0.01 rows=1 width=736)

table 8 : explain INSERT INTO sbtest8 (id, k, c, pad) VALUES (3046002, 13, 'foobar', 'foobar')
	Insert on sbtest8  (cost=0.00..0.01 rows=1 width=736)
	  ->  Result  (cost=0.00..0.01 rows=1 width=736)

for: distinct_ranges
table 1 : explain SELECT DISTINCT c FROM sbtest1 WHERE id BETWEEN 950298 AND 950307 ORDER BY c
	Unique  (cost=42.05..42.10 rows=11 width=121)
	  ->  Sort  (cost=42.05..42.08 rows=11 width=121)
	        Sort Key: c
	        ->  Index Scan using sbtest1_pkey on sbtest1  (cost=0.43..41.86 rows=11 width=121)
	              Index Cond: ((id >= 950298) AND (id <= 950307))

table 2 : explain SELECT DISTINCT c FROM sbtest2 WHERE id BETWEEN 7814735 AND 7814744 ORDER BY c
	Unique  (cost=38.58..38.63 rows=10 width=121)
	  ->  Sort  (cost=38.58..38.61 rows=10 width=121)
	        Sort Key: c
	        ->  Index Scan using sbtest2_pkey on sbtest2  (cost=0.43..38.42 rows=10 width=121)
	              Index Cond: ((id >= 7814735) AND (id <= 7814744))

table 3 : explain SELECT DISTINCT c FROM sbtest3 WHERE id BETWEEN 8216053 AND 8216062 ORDER BY c
	Unique  (cost=42.14..42.19 rows=11 width=121)
	  ->  Sort  (cost=42.14..42.16 rows=11 width=121)
	        Sort Key: c
	        ->  Index Scan using sbtest3_pkey on sbtest3  (cost=0.43..41.95 rows=11 width=121)
	              Index Cond: ((id >= 8216053) AND (id <= 8216062))

table 4 : explain SELECT DISTINCT c FROM sbtest4 WHERE id BETWEEN 1598206 AND 1598215 ORDER BY c
	Unique  (cost=38.90..38.95 rows=10 width=121)
	  ->  Sort  (cost=38.90..38.92 rows=10 width=121)
	        Sort Key: c
	        ->  Index Scan using sbtest4_pkey on sbtest4  (cost=0.43..38.73 rows=10 width=121)
	              Index Cond: ((id >= 1598206) AND (id <= 1598215))

table 5 : explain SELECT DISTINCT c FROM sbtest5 WHERE id BETWEEN 917416 AND 917425 ORDER BY c
	Unique  (cost=38.71..38.76 rows=10 width=121)
	  ->  Sort  (cost=38.71..38.73 rows=10 width=121)
	        Sort Key: c
	        ->  Index Scan using sbtest5_pkey on sbtest5  (cost=0.43..38.54 rows=10 width=121)
	              Index Cond: ((id >= 917416) AND (id <= 917425))

table 6 : explain SELECT DISTINCT c FROM sbtest6 WHERE id BETWEEN 6332128 AND 6332137 ORDER BY c
	Unique  (cost=39.36..39.41 rows=10 width=121)
	  ->  Sort  (cost=39.36..39.38 rows=10 width=121)
	        Sort Key: c
	        ->  Index Scan using sbtest6_pkey on sbtest6  (cost=0.43..39.19 rows=10 width=121)
	              Index Cond: ((id >= 6332128) AND (id <= 6332137))

table 7 : explain SELECT DISTINCT c FROM sbtest7 WHERE id BETWEEN 4199134 AND 4199143 ORDER BY c
	Unique  (cost=42.08..42.14 rows=11 width=121)
	  ->  Sort  (cost=42.08..42.11 rows=11 width=121)
	        Sort Key: c
	        ->  Index Scan using sbtest7_pkey on sbtest7  (cost=0.43..41.89 rows=11 width=121)
	              Index Cond: ((id >= 4199134) AND (id <= 4199143))

table 8 : explain SELECT DISTINCT c FROM sbtest8 WHERE id BETWEEN 4648978 AND 4648987 ORDER BY c
	Unique  (cost=38.47..38.52 rows=10 width=121)
	  ->  Sort  (cost=38.47..38.50 rows=10 width=121)
	        Sort Key: c
	        ->  Index Scan using sbtest8_pkey on sbtest8  (cost=0.43..38.30 rows=10 width=121)
	              Index Cond: ((id >= 4648978) AND (id <= 4648987))

for: distinct_ranges
table 1 : explain SELECT DISTINCT c FROM sbtest1 WHERE id BETWEEN 1927094 AND 1927103 ORDER BY c
	Unique  (cost=38.68..38.73 rows=10 width=121)
	  ->  Sort  (cost=38.68..38.71 rows=10 width=121)
	        Sort Key: c
	        ->  Index Scan using sbtest1_pkey on sbtest1  (cost=0.43..38.52 rows=10 width=121)
	              Index Cond: ((id >= 1927094) AND (id <= 1927103))

table 2 : explain SELECT DISTINCT c FROM sbtest2 WHERE id BETWEEN 5860388 AND 5860397 ORDER BY c
	Unique  (cost=38.58..38.63 rows=10 width=121)
	  ->  Sort  (cost=38.58..38.61 rows=10 width=121)
	        Sort Key: c
	        ->  Index Scan using sbtest2_pkey on sbtest2  (cost=0.43..38.42 rows=10 width=121)
	              Index Cond: ((id >= 5860388) AND (id <= 5860397))

table 3 : explain SELECT DISTINCT c FROM sbtest3 WHERE id BETWEEN 6475639 AND 6475648 ORDER BY c
	Unique  (cost=42.14..42.19 rows=11 width=121)
	  ->  Sort  (cost=42.14..42.16 rows=11 width=121)
	        Sort Key: c
	        ->  Index Scan using sbtest3_pkey on sbtest3  (cost=0.43..41.95 rows=11 width=121)
	              Index Cond: ((id >= 6475639) AND (id <= 6475648))

table 4 : explain SELECT DISTINCT c FROM sbtest4 WHERE id BETWEEN 8937993 AND 8938002 ORDER BY c
	Unique  (cost=38.90..38.95 rows=10 width=121)
	  ->  Sort  (cost=38.90..38.92 rows=10 width=121)
	        Sort Key: c
	        ->  Index Scan using sbtest4_pkey on sbtest4  (cost=0.43..38.73 rows=10 width=121)
	              Index Cond: ((id >= 8937993) AND (id <= 8938002))

table 5 : explain SELECT DISTINCT c FROM sbtest5 WHERE id BETWEEN 7766702 AND 7766711 ORDER BY c
	Unique  (cost=38.71..38.76 rows=10 width=121)
	  ->  Sort  (cost=38.71..38.73 rows=10 width=121)
	        Sort Key: c
	        ->  Index Scan using sbtest5_pkey on sbtest5  (cost=0.43..38.54 rows=10 width=121)
	              Index Cond: ((id >= 7766702) AND (id <= 7766711))

table 6 : explain SELECT DISTINCT c FROM sbtest6 WHERE id BETWEEN 7189604 AND 7189613 ORDER BY c
	Unique  (cost=39.36..39.41 rows=10 width=121)
	  ->  Sort  (cost=39.36..39.38 rows=10 width=121)
	        Sort Key: c
	        ->  Index Scan using sbtest6_pkey on sbtest6  (cost=0.43..39.19 rows=10 width=121)
	              Index Cond: ((id >= 7189604) AND (id <= 7189613))

table 7 : explain SELECT DISTINCT c FROM sbtest7 WHERE id BETWEEN 2200914 AND 2200923 ORDER BY c
	Unique  (cost=38.71..38.76 rows=10 width=121)
	  ->  Sort  (cost=38.71..38.74 rows=10 width=121)
	        Sort Key: c
	        ->  Index Scan using sbtest7_pkey on sbtest7  (cost=0.43..38.55 rows=10 width=121)
	              Index Cond: ((id >= 2200914) AND (id <= 2200923))

table 8 : explain SELECT DISTINCT c FROM sbtest8 WHERE id BETWEEN 9881313 AND 9881322 ORDER BY c
	Unique  (cost=41.81..41.87 rows=11 width=121)
	  ->  Sort  (cost=41.81..41.84 rows=11 width=121)
	        Sort Key: c
	        ->  Index Scan using sbtest8_pkey on sbtest8  (cost=0.43..41.62 rows=11 width=121)
	              Index Cond: ((id >= 9881313) AND (id <= 9881322))

for non_index_updates
table 1 : explain UPDATE sbtest1 SET c='foobar' WHERE id=320544
	Update on sbtest1  (cost=0.43..8.45 rows=1 width=559)
	  ->  Index Scan using sbtest1_pkey on sbtest1  (cost=0.43..8.45 rows=1 width=559)
	        Index Cond: (id = 320544)

table 2 : explain UPDATE sbtest2 SET c='foobar' WHERE id=5397869
	Update on sbtest2  (cost=0.43..8.45 rows=1 width=559)
	  ->  Index Scan using sbtest2_pkey on sbtest2  (cost=0.43..8.45 rows=1 width=559)
	        Index Cond: (id = 5397869)

table 3 : explain UPDATE sbtest3 SET c='foobar' WHERE id=5557271
	Update on sbtest3  (cost=0.43..8.45 rows=1 width=559)
	  ->  Index Scan using sbtest3_pkey on sbtest3  (cost=0.43..8.45 rows=1 width=559)
	        Index Cond: (id = 5557271)

table 4 : explain UPDATE sbtest4 SET c='foobar' WHERE id=5531418
	Update on sbtest4  (cost=0.43..8.45 rows=1 width=559)
	  ->  Index Scan using sbtest4_pkey on sbtest4  (cost=0.43..8.45 rows=1 width=559)
	        Index Cond: (id = 5531418)

table 5 : explain UPDATE sbtest5 SET c='foobar' WHERE id=3623779
	Update on sbtest5  (cost=0.43..8.45 rows=1 width=559)
	  ->  Index Scan using sbtest5_pkey on sbtest5  (cost=0.43..8.45 rows=1 width=559)
	        Index Cond: (id = 3623779)

table 6 : explain UPDATE sbtest6 SET c='foobar' WHERE id=5363555
	Update on sbtest6  (cost=0.43..8.45 rows=1 width=559)
	  ->  Index Scan using sbtest6_pkey on sbtest6  (cost=0.43..8.45 rows=1 width=559)
	        Index Cond: (id = 5363555)

table 7 : explain UPDATE sbtest7 SET c='foobar' WHERE id=3864516
	Update on sbtest7  (cost=0.43..8.45 rows=1 width=559)
	  ->  Index Scan using sbtest7_pkey on sbtest7  (cost=0.43..8.45 rows=1 width=559)
	        Index Cond: (id = 3864516)

table 8 : explain UPDATE sbtest8 SET c='foobar' WHERE id=9376136
	Update on sbtest8  (cost=0.43..8.45 rows=1 width=559)
	  ->  Index Scan using sbtest8_pkey on sbtest8  (cost=0.43..8.45 rows=1 width=559)
	        Index Cond: (id = 9376136)

for inserts
table 1 : explain INSERT INTO sbtest1 (id, k, c, pad) VALUES (9753892, 13, 'foobar', 'foobar')
	Insert on sbtest1  (cost=0.00..0.01 rows=1 width=736)
	  ->  Result  (cost=0.00..0.01 rows=1 width=736)

table 2 : explain INSERT INTO sbtest2 (id, k, c, pad) VALUES (9488198, 13, 'foobar', 'foobar')
	Insert on sbtest2  (cost=0.00..0.01 rows=1 width=736)
	  ->  Result  (cost=0.00..0.01 rows=1 width=736)

table 3 : explain INSERT INTO sbtest3 (id, k, c, pad) VALUES (1188206, 13, 'foobar', 'foobar')
	Insert on sbtest3  (cost=0.00..0.01 rows=1 width=736)
	  ->  Result  (cost=0.00..0.01 rows=1 width=736)

table 4 : explain INSERT INTO sbtest4 (id, k, c, pad) VALUES (9683263, 13, 'foobar', 'foobar')
	Insert on sbtest4  (cost=0.00..0.01 rows=1 width=736)
	  ->  Result  (cost=0.00..0.01 rows=1 width=736)

table 5 : explain INSERT INTO sbtest5 (id, k, c, pad) VALUES (6126604, 13, 'foobar', 'foobar')
	Insert on sbtest5  (cost=0.00..0.01 rows=1 width=736)
	  ->  Result  (cost=0.00..0.01 rows=1 width=736)

table 6 : explain INSERT INTO sbtest6 (id, k, c, pad) VALUES (4679595, 13, 'foobar', 'foobar')
	Insert on sbtest6  (cost=0.00..0.01 rows=1 width=736)
	  ->  Result  (cost=0.00..0.01 rows=1 width=736)

table 7 : explain INSERT INTO sbtest7 (id, k, c, pad) VALUES (5867725, 13, 'foobar', 'foobar')
	Insert on sbtest7  (cost=0.00..0.01 rows=1 width=736)
	  ->  Result  (cost=0.00..0.01 rows=1 width=736)

table 8 : explain INSERT INTO sbtest8 (id, k, c, pad) VALUES (1702630, 13, 'foobar', 'foobar')
	Insert on sbtest8  (cost=0.00..0.01 rows=1 width=736)
	  ->  Result  (cost=0.00..0.01 rows=1 width=736)

for: distinct_ranges
table 1 : explain SELECT DISTINCT c FROM sbtest1 WHERE id BETWEEN 6351654 AND 6351663 ORDER BY c
	Unique  (cost=38.68..38.73 rows=10 width=121)
	  ->  Sort  (cost=38.68..38.71 rows=10 width=121)
	        Sort Key: c
	        ->  Index Scan using sbtest1_pkey on sbtest1  (cost=0.43..38.52 rows=10 width=121)
	              Index Cond: ((id >= 6351654) AND (id <= 6351663))

table 2 : explain SELECT DISTINCT c FROM sbtest2 WHERE id BETWEEN 1557435 AND 1557444 ORDER BY c
	Unique  (cost=38.58..38.63 rows=10 width=121)
	  ->  Sort  (cost=38.58..38.61 rows=10 width=121)
	        Sort Key: c
	        ->  Index Scan using sbtest2_pkey on sbtest2  (cost=0.43..38.42 rows=10 width=121)
	              Index Cond: ((id >= 1557435) AND (id <= 1557444))

table 3 : explain SELECT DISTINCT c FROM sbtest3 WHERE id BETWEEN 8562181 AND 8562190 ORDER BY c
	Unique  (cost=38.76..38.81 rows=10 width=121)
	  ->  Sort  (cost=38.76..38.79 rows=10 width=121)
	        Sort Key: c
	        ->  Index Scan using sbtest3_pkey on sbtest3  (cost=0.43..38.60 rows=10 width=121)
	              Index Cond: ((id >= 8562181) AND (id <= 8562190))

table 4 : explain SELECT DISTINCT c FROM sbtest4 WHERE id BETWEEN 3968271 AND 3968280 ORDER BY c
	Unique  (cost=42.29..42.34 rows=11 width=121)
	  ->  Sort  (cost=42.29..42.32 rows=11 width=121)
	        Sort Key: c
	        ->  Index Scan using sbtest4_pkey on sbtest4  (cost=0.43..42.10 rows=11 width=121)
	              Index Cond: ((id >= 3968271) AND (id <= 3968280))

table 5 : explain SELECT DISTINCT c FROM sbtest5 WHERE id BETWEEN 9831496 AND 9831505 ORDER BY c
	Unique  (cost=38.71..38.76 rows=10 width=121)
	  ->  Sort  (cost=38.71..38.73 rows=10 width=121)
	        Sort Key: c
	        ->  Index Scan using sbtest5_pkey on sbtest5  (cost=0.43..38.54 rows=10 width=121)
	              Index Cond: ((id >= 9831496) AND (id <= 9831505))

table 6 : explain SELECT DISTINCT c FROM sbtest6 WHERE id BETWEEN 9434387 AND 9434396 ORDER BY c
	Unique  (cost=35.92..35.96 rows=9 width=121)
	  ->  Sort  (cost=35.92..35.94 rows=9 width=121)
	        Sort Key: c
	        ->  Index Scan using sbtest6_pkey on sbtest6  (cost=0.43..35.77 rows=9 width=121)
	              Index Cond: ((id >= 9434387) AND (id <= 9434396))

table 7 : explain SELECT DISTINCT c FROM sbtest7 WHERE id BETWEEN 4900625 AND 4900634 ORDER BY c
	Unique  (cost=38.71..38.76 rows=10 width=121)
	  ->  Sort  (cost=38.71..38.74 rows=10 width=121)
	        Sort Key: c
	        ->  Index Scan using sbtest7_pkey on sbtest7  (cost=0.43..38.55 rows=10 width=121)
	              Index Cond: ((id >= 4900625) AND (id <= 4900634))

table 8 : explain SELECT DISTINCT c FROM sbtest8 WHERE id BETWEEN 9922796 AND 9922805 ORDER BY c
	Unique  (cost=38.47..38.52 rows=10 width=121)
	  ->  Sort  (cost=38.47..38.50 rows=10 width=121)
	        Sort Key: c
	        ->  Index Scan using sbtest8_pkey on sbtest8  (cost=0.43..38.30 rows=10 width=121)
	              Index Cond: ((id >= 9922796) AND (id <= 9922805))

explain: for point_selects :: explain SELECT c FROM sbtest%u WHERE id=%u
explain: for index_updates :: explain UPDATE sbtest%u SET k=k+1 WHERE id=%u
explain: for inserts :: explain INSERT INTO sbtest%u (id, k, c, pad) VALUES (%u, 13, 'foobar', 'foobar')
explain: for index_updates :: explain UPDATE sbtest%u SET k=k+1 WHERE id=%u
for deletes
table 1 : explain DELETE FROM sbtest1 WHERE id=7094489
	Delete on sbtest1  (cost=0.43..8.45 rows=1 width=6)
	  ->  Index Scan using sbtest1_pkey on sbtest1  (cost=0.43..8.45 rows=1 width=6)
	        Index Cond: (id = 7094489)

table 2 : explain DELETE FROM sbtest2 WHERE id=29526
	Delete on sbtest2  (cost=0.43..8.45 rows=1 width=6)
	  ->  Index Scan using sbtest2_pkey on sbtest2  (cost=0.43..8.45 rows=1 width=6)
	        Index Cond: (id = 29526)

table 3 : explain DELETE FROM sbtest3 WHERE id=6615531
	Delete on sbtest3  (cost=0.43..8.45 rows=1 width=6)
	  ->  Index Scan using sbtest3_pkey on sbtest3  (cost=0.43..8.45 rows=1 width=6)
	        Index Cond: (id = 6615531)

table 4 : explain DELETE FROM sbtest4 WHERE id=1469482
	Delete on sbtest4  (cost=0.43..8.45 rows=1 width=6)
	  ->  Index Scan using sbtest4_pkey on sbtest4  (cost=0.43..8.45 rows=1 width=6)
	        Index Cond: (id = 1469482)

table 5 : explain DELETE FROM sbtest5 WHERE id=9333737
	Delete on sbtest5  (cost=0.43..8.45 rows=1 width=6)
	  ->  Index Scan using sbtest5_pkey on sbtest5  (cost=0.43..8.45 rows=1 width=6)
	        Index Cond: (id = 9333737)

table 6 : explain DELETE FROM sbtest6 WHERE id=6804066
	Delete on sbtest6  (cost=0.43..8.45 rows=1 width=6)
	  ->  Index Scan using sbtest6_pkey on sbtest6  (cost=0.43..8.45 rows=1 width=6)
	        Index Cond: (id = 6804066)

table 7 : explain DELETE FROM sbtest7 WHERE id=5606355
	Delete on sbtest7  (cost=0.43..8.45 rows=1 width=6)
	  ->  Index Scan using sbtest7_pkey on sbtest7  (cost=0.43..8.45 rows=1 width=6)
	        Index Cond: (id = 5606355)

table 8 : explain DELETE FROM sbtest8 WHERE id=3743694
	Delete on sbtest8  (cost=0.43..8.45 rows=1 width=6)
	  ->  Index Scan using sbtest8_pkey on sbtest8  (cost=0.43..8.45 rows=1 width=6)
	        Index Cond: (id = 3743694)

explain: for deletes :: explain DELETE FROM sbtest%u WHERE id=%u
explain: for index_updates :: explain UPDATE sbtest%u SET k=k+1 WHERE id=%u
explain: for index_updates :: explain UPDATE sbtest%u SET k=k+1 WHERE id=%u
for point_selects
table 1 : explain SELECT c FROM sbtest1 WHERE id=2534772
	Index Scan using sbtest1_pkey on sbtest1  (cost=0.43..8.45 rows=1 width=121)
	  Index Cond: (id = 2534772)

table 2 : explain SELECT c FROM sbtest2 WHERE id=2801100
	Index Scan using sbtest2_pkey on sbtest2  (cost=0.43..8.45 rows=1 width=121)
	  Index Cond: (id = 2801100)

table 3 : explain SELECT c FROM sbtest3 WHERE id=4159035
	Index Scan using sbtest3_pkey on sbtest3  (cost=0.43..8.45 rows=1 width=121)
	  Index Cond: (id = 4159035)

table 4 : explain SELECT c FROM sbtest4 WHERE id=984779
	Index Scan using sbtest4_pkey on sbtest4  (cost=0.43..8.45 rows=1 width=121)
	  Index Cond: (id = 984779)

table 5 : explain SELECT c FROM sbtest5 WHERE id=112076
	Index Scan using sbtest5_pkey on sbtest5  (cost=0.43..8.45 rows=1 width=121)
	  Index Cond: (id = 112076)

table 6 : explain SELECT c FROM sbtest6 WHERE id=3633780
	Index Scan using sbtest6_pkey on sbtest6  (cost=0.43..8.45 rows=1 width=121)
	  Index Cond: (id = 3633780)

table 7 : explain SELECT c FROM sbtest7 WHERE id=3425071
	Index Scan using sbtest7_pkey on sbtest7  (cost=0.43..8.45 rows=1 width=121)
	  Index Cond: (id = 3425071)

table 8 : explain SELECT c FROM sbtest8 WHERE id=6993072
	Index Scan using sbtest8_pkey on sbtest8  (cost=0.43..8.45 rows=1 width=121)
	  Index Cond: (id = 6993072)

for: sum_ranges
table 1 : explain SELECT SUM(k) FROM sbtest1 WHERE id BETWEEN 2077840 AND 2077849
	Aggregate  (cost=35.20..35.21 rows=1 width=8)
	  ->  Index Scan using sbtest1_pkey on sbtest1  (cost=0.43..35.18 rows=9 width=4)
	        Index Cond: ((id >= 2077840) AND (id <= 2077849))

table 2 : explain SELECT SUM(k) FROM sbtest2 WHERE id BETWEEN 5899733 AND 5899742
	Aggregate  (cost=38.44..38.45 rows=1 width=8)
	  ->  Index Scan using sbtest2_pkey on sbtest2  (cost=0.43..38.42 rows=10 width=4)
	        Index Cond: ((id >= 5899733) AND (id <= 5899742))

table 3 : explain SELECT SUM(k) FROM sbtest3 WHERE id BETWEEN 5953321 AND 5953330
	Aggregate  (cost=35.27..35.28 rows=1 width=8)
	  ->  Index Scan using sbtest3_pkey on sbtest3  (cost=0.43..35.25 rows=9 width=4)
	        Index Cond: ((id >= 5953321) AND (id <= 5953330))

table 4 : explain SELECT SUM(k) FROM sbtest4 WHERE id BETWEEN 2715421 AND 2715430
	Aggregate  (cost=38.76..38.77 rows=1 width=8)
	  ->  Index Scan using sbtest4_pkey on sbtest4  (cost=0.43..38.73 rows=10 width=4)
	        Index Cond: ((id >= 2715421) AND (id <= 2715430))

table 5 : explain SELECT SUM(k) FROM sbtest5 WHERE id BETWEEN 1450497 AND 1450506
	Aggregate  (cost=35.22..35.23 rows=1 width=8)
	  ->  Index Scan using sbtest5_pkey on sbtest5  (cost=0.43..35.20 rows=9 width=4)
	        Index Cond: ((id >= 1450497) AND (id <= 1450506))

table 6 : explain SELECT SUM(k) FROM sbtest6 WHERE id BETWEEN 2048525 AND 2048534
	Aggregate  (cost=39.21..39.22 rows=1 width=8)
	  ->  Index Scan using sbtest6_pkey on sbtest6  (cost=0.43..39.19 rows=10 width=4)
	        Index Cond: ((id >= 2048525) AND (id <= 2048534))

table 7 : explain SELECT SUM(k) FROM sbtest7 WHERE id BETWEEN 8157368 AND 8157377
	Aggregate  (cost=38.57..38.58 rows=1 width=8)
	  ->  Index Scan using sbtest7_pkey on sbtest7  (cost=0.43..38.55 rows=10 width=4)
	        Index Cond: ((id >= 8157368) AND (id <= 8157377))

table 8 : explain SELECT SUM(k) FROM sbtest8 WHERE id BETWEEN 3630891 AND 3630900
	Aggregate  (cost=38.33..38.34 rows=1 width=8)
	  ->  Index Scan using sbtest8_pkey on sbtest8  (cost=0.43..38.30 rows=10 width=4)
	        Index Cond: ((id >= 3630891) AND (id <= 3630900))

for inserts
table 1 : explain INSERT INTO sbtest1 (id, k, c, pad) VALUES (5637417, 13, 'foobar', 'foobar')
	Insert on sbtest1  (cost=0.00..0.01 rows=1 width=736)
	  ->  Result  (cost=0.00..0.01 rows=1 width=736)

table 2 : explain INSERT INTO sbtest2 (id, k, c, pad) VALUES (7293595, 13, 'foobar', 'foobar')
	Insert on sbtest2  (cost=0.00..0.01 rows=1 width=736)
	  ->  Result  (cost=0.00..0.01 rows=1 width=736)

table 3 : explain INSERT INTO sbtest3 (id, k, c, pad) VALUES (3406587, 13, 'foobar', 'foobar')
	Insert on sbtest3  (cost=0.00..0.01 rows=1 width=736)
	  ->  Result  (cost=0.00..0.01 rows=1 width=736)

table 4 : explain INSERT INTO sbtest4 (id, k, c, pad) VALUES (326653, 13, 'foobar', 'foobar')
	Insert on sbtest4  (cost=0.00..0.01 rows=1 width=736)
	  ->  Result  (cost=0.00..0.01 rows=1 width=736)

table 5 : explain INSERT INTO sbtest5 (id, k, c, pad) VALUES (9271260, 13, 'foobar', 'foobar')
	Insert on sbtest5  (cost=0.00..0.01 rows=1 width=736)
	  ->  Result  (cost=0.00..0.01 rows=1 width=736)

table 6 : explain INSERT INTO sbtest6 (id, k, c, pad) VALUES (9459233, 13, 'foobar', 'foobar')
	Insert on sbtest6  (cost=0.00..0.01 rows=1 width=736)
	  ->  Result  (cost=0.00..0.01 rows=1 width=736)

table 7 : explain INSERT INTO sbtest7 (id, k, c, pad) VALUES (619500, 13, 'foobar', 'foobar')
	Insert on sbtest7  (cost=0.00..0.01 rows=1 width=736)
	  ->  Result  (cost=0.00..0.01 rows=1 width=736)

table 8 : explain INSERT INTO sbtest8 (id, k, c, pad) VALUES (3413550, 13, 'foobar', 'foobar')
	Insert on sbtest8  (cost=0.00..0.01 rows=1 width=736)
	  ->  Result  (cost=0.00..0.01 rows=1 width=736)

for index_updates
table 1 : explain UPDATE sbtest1 SET k=k+1 WHERE id=3041598
	Update on sbtest1  (cost=0.43..8.46 rows=1 width=196)
	  ->  Index Scan using sbtest1_pkey on sbtest1  (cost=0.43..8.46 rows=1 width=196)
	        Index Cond: (id = 3041598)

table 2 : explain UPDATE sbtest2 SET k=k+1 WHERE id=9437895
	Update on sbtest2  (cost=0.43..8.46 rows=1 width=196)
	  ->  Index Scan using sbtest2_pkey on sbtest2  (cost=0.43..8.46 rows=1 width=196)
	        Index Cond: (id = 9437895)

table 3 : explain UPDATE sbtest3 SET k=k+1 WHERE id=3562637
	Update on sbtest3  (cost=0.43..8.46 rows=1 width=196)
	  ->  Index Scan using sbtest3_pkey on sbtest3  (cost=0.43..8.46 rows=1 width=196)
	        Index Cond: (id = 3562637)

table 4 : explain UPDATE sbtest4 SET k=k+1 WHERE id=5161606
	Update on sbtest4  (cost=0.43..8.46 rows=1 width=196)
	  ->  Index Scan using sbtest4_pkey on sbtest4  (cost=0.43..8.46 rows=1 width=196)
	        Index Cond: (id = 5161606)

table 5 : explain UPDATE sbtest5 SET k=k+1 WHERE id=6773738
	Update on sbtest5  (cost=0.43..8.46 rows=1 width=196)
	  ->  Index Scan using sbtest5_pkey on sbtest5  (cost=0.43..8.46 rows=1 width=196)
	        Index Cond: (id = 6773738)

table 6 : explain UPDATE sbtest6 SET k=k+1 WHERE id=9240798
	Update on sbtest6  (cost=0.43..8.46 rows=1 width=196)
	  ->  Index Scan using sbtest6_pkey on sbtest6  (cost=0.43..8.46 rows=1 width=196)
	        Index Cond: (id = 9240798)

table 7 : explain UPDATE sbtest7 SET k=k+1 WHERE id=4264617
	Update on sbtest7  (cost=0.43..8.46 rows=1 width=196)
	  ->  Index Scan using sbtest7_pkey on sbtest7  (cost=0.43..8.46 rows=1 width=196)
	        Index Cond: (id = 4264617)

table 8 : explain UPDATE sbtest8 SET k=k+1 WHERE id=5968893
	Update on sbtest8  (cost=0.43..8.46 rows=1 width=196)
	  ->  Index Scan using sbtest8_pkey on sbtest8  (cost=0.43..8.46 rows=1 width=196)
	        Index Cond: (id = 5968893)

for index_updates
table 1 : explain UPDATE sbtest1 SET k=k+1 WHERE id=9031231
	Update on sbtest1  (cost=0.43..8.46 rows=1 width=196)
	  ->  Index Scan using sbtest1_pkey on sbtest1  (cost=0.43..8.46 rows=1 width=196)
	        Index Cond: (id = 9031231)

table 2 : explain UPDATE sbtest2 SET k=k+1 WHERE id=3556978
	Update on sbtest2  (cost=0.43..8.46 rows=1 width=196)
	  ->  Index Scan using sbtest2_pkey on sbtest2  (cost=0.43..8.46 rows=1 width=196)
	        Index Cond: (id = 3556978)

table 3 : explain UPDATE sbtest3 SET k=k+1 WHERE id=604568
	Update on sbtest3  (cost=0.43..8.46 rows=1 width=196)
	  ->  Index Scan using sbtest3_pkey on sbtest3  (cost=0.43..8.46 rows=1 width=196)
	        Index Cond: (id = 604568)

table 4 : explain UPDATE sbtest4 SET k=k+1 WHERE id=5353490
	Update on sbtest4  (cost=0.43..8.46 rows=1 width=196)
	  ->  Index Scan using sbtest4_pkey on sbtest4  (cost=0.43..8.46 rows=1 width=196)
	        Index Cond: (id = 5353490)

table 5 : explain UPDATE sbtest5 SET k=k+1 WHERE id=9649315
	Update on sbtest5  (cost=0.43..8.46 rows=1 width=196)
	  ->  Index Scan using sbtest5_pkey on sbtest5  (cost=0.43..8.46 rows=1 width=196)
	        Index Cond: (id = 9649315)

table 6 : explain UPDATE sbtest6 SET k=k+1 WHERE id=2479194
	Update on sbtest6  (cost=0.43..8.46 rows=1 width=196)
	  ->  Index Scan using sbtest6_pkey on sbtest6  (cost=0.43..8.46 rows=1 width=196)
	        Index Cond: (id = 2479194)

table 7 : explain UPDATE sbtest7 SET k=k+1 WHERE id=1042484
	Update on sbtest7  (cost=0.43..8.46 rows=1 width=196)
	  ->  Index Scan using sbtest7_pkey on sbtest7  (cost=0.43..8.46 rows=1 width=196)
	        Index Cond: (id = 1042484)

table 8 : explain UPDATE sbtest8 SET k=k+1 WHERE id=7522896
	Update on sbtest8  (cost=0.43..8.46 rows=1 width=196)
	  ->  Index Scan using sbtest8_pkey on sbtest8  (cost=0.43..8.46 rows=1 width=196)
	        Index Cond: (id = 7522896)

for: order_ranges
table 1 : explain SELECT c FROM sbtest1 WHERE id BETWEEN 5448369 AND 5448378 ORDER BY c
	Sort  (cost=42.05..42.08 rows=11 width=121)
	  Sort Key: c
	  ->  Index Scan using sbtest1_pkey on sbtest1  (cost=0.43..41.86 rows=11 width=121)
	        Index Cond: ((id >= 5448369) AND (id <= 5448378))

table 2 : explain SELECT c FROM sbtest2 WHERE id BETWEEN 3811685 AND 3811694 ORDER BY c
	Sort  (cost=38.58..38.61 rows=10 width=121)
	  Sort Key: c
	  ->  Index Scan using sbtest2_pkey on sbtest2  (cost=0.43..38.42 rows=10 width=121)
	        Index Cond: ((id >= 3811685) AND (id <= 3811694))

table 3 : explain SELECT c FROM sbtest3 WHERE id BETWEEN 4138958 AND 4138967 ORDER BY c
	Sort  (cost=38.76..38.79 rows=10 width=121)
	  Sort Key: c
	  ->  Index Scan using sbtest3_pkey on sbtest3  (cost=0.43..38.60 rows=10 width=121)
	        Index Cond: ((id >= 4138958) AND (id <= 4138967))

table 4 : explain SELECT c FROM sbtest4 WHERE id BETWEEN 2777186 AND 2777195 ORDER BY c
	Sort  (cost=38.90..38.92 rows=10 width=121)
	  Sort Key: c
	  ->  Index Scan using sbtest4_pkey on sbtest4  (cost=0.43..38.73 rows=10 width=121)
	        Index Cond: ((id >= 2777186) AND (id <= 2777195))

table 5 : explain SELECT c FROM sbtest5 WHERE id BETWEEN 7538687 AND 7538696 ORDER BY c
	Sort  (cost=38.71..38.73 rows=10 width=121)
	  Sort Key: c
	  ->  Index Scan using sbtest5_pkey on sbtest5  (cost=0.43..38.54 rows=10 width=121)
	        Index Cond: ((id >= 7538687) AND (id <= 7538696))

table 6 : explain SELECT c FROM sbtest6 WHERE id BETWEEN 9995712 AND 9995721 ORDER BY c
	Sort  (cost=35.92..35.94 rows=9 width=121)
	  Sort Key: c
	  ->  Index Scan using sbtest6_pkey on sbtest6  (cost=0.43..35.77 rows=9 width=121)
	        Index Cond: ((id >= 9995712) AND (id <= 9995721))

table 7 : explain SELECT c FROM sbtest7 WHERE id BETWEEN 7701701 AND 7701710 ORDER BY c
	Sort  (cost=38.71..38.74 rows=10 width=121)
	  Sort Key: c
	  ->  Index Scan using sbtest7_pkey on sbtest7  (cost=0.43..38.55 rows=10 width=121)
	        Index Cond: ((id >= 7701701) AND (id <= 7701710))

table 8 : explain SELECT c FROM sbtest8 WHERE id BETWEEN 1730712 AND 1730721 ORDER BY c
	Sort  (cost=38.47..38.50 rows=10 width=121)
	  Sort Key: c
	  ->  Index Scan using sbtest8_pkey on sbtest8  (cost=0.43..38.30 rows=10 width=121)
	        Index Cond: ((id >= 1730712) AND (id <= 1730721))

explain: for inserts :: explain INSERT INTO sbtest%u (id, k, c, pad) VALUES (%u, 13, 'foobar', 'foobar')
explain: for non_index_updates :: explain UPDATE sbtest%u SET c='foobar' WHERE id=%u
for index_updates
table 1 : explain UPDATE sbtest1 SET k=k+1 WHERE id=9940484
	Update on sbtest1  (cost=0.43..8.46 rows=1 width=196)
	  ->  Index Scan using sbtest1_pkey on sbtest1  (cost=0.43..8.46 rows=1 width=196)
	        Index Cond: (id = 9940484)

table 2 : explain UPDATE sbtest2 SET k=k+1 WHERE id=5735075
	Update on sbtest2  (cost=0.43..8.46 rows=1 width=196)
	  ->  Index Scan using sbtest2_pkey on sbtest2  (cost=0.43..8.46 rows=1 width=196)
	        Index Cond: (id = 5735075)

table 3 : explain UPDATE sbtest3 SET k=k+1 WHERE id=5580210
	Update on sbtest3  (cost=0.43..8.46 rows=1 width=196)
	  ->  Index Scan using sbtest3_pkey on sbtest3  (cost=0.43..8.46 rows=1 width=196)
	        Index Cond: (id = 5580210)

table 4 : explain UPDATE sbtest4 SET k=k+1 WHERE id=896961
	Update on sbtest4  (cost=0.43..8.46 rows=1 width=196)
	  ->  Index Scan using sbtest4_pkey on sbtest4  (cost=0.43..8.46 rows=1 width=196)
	        Index Cond: (id = 896961)

table 5 : explain UPDATE sbtest5 SET k=k+1 WHERE id=6956214
	Update on sbtest5  (cost=0.43..8.46 rows=1 width=196)
	  ->  Index Scan using sbtest5_pkey on sbtest5  (cost=0.43..8.46 rows=1 width=196)
	        Index Cond: (id = 6956214)

table 6 : explain UPDATE sbtest6 SET k=k+1 WHERE id=7465447
	Update on sbtest6  (cost=0.43..8.46 rows=1 width=196)
	  ->  Index Scan using sbtest6_pkey on sbtest6  (cost=0.43..8.46 rows=1 width=196)
	        Index Cond: (id = 7465447)

table 7 : explain UPDATE sbtest7 SET k=k+1 WHERE id=6395287
	Update on sbtest7  (cost=0.43..8.46 rows=1 width=196)
	  ->  Index Scan using sbtest7_pkey on sbtest7  (cost=0.43..8.46 rows=1 width=196)
	        Index Cond: (id = 6395287)

table 8 : explain UPDATE sbtest8 SET k=k+1 WHERE id=2883682
	Update on sbtest8  (cost=0.43..8.46 rows=1 width=196)
	  ->  Index Scan using sbtest8_pkey on sbtest8  (cost=0.43..8.46 rows=1 width=196)
	        Index Cond: (id = 2883682)

explain: for non_index_updates :: explain UPDATE sbtest%u SET c='foobar' WHERE id=%u
for deletes
table 1 : explain DELETE FROM sbtest1 WHERE id=1328187
	Delete on sbtest1  (cost=0.43..8.45 rows=1 width=6)
	  ->  Index Scan using sbtest1_pkey on sbtest1  (cost=0.43..8.45 rows=1 width=6)
	        Index Cond: (id = 1328187)

table 2 : explain DELETE FROM sbtest2 WHERE id=8729029
	Delete on sbtest2  (cost=0.43..8.45 rows=1 width=6)
	  ->  Index Scan using sbtest2_pkey on sbtest2  (cost=0.43..8.45 rows=1 width=6)
	        Index Cond: (id = 8729029)

table 3 : explain DELETE FROM sbtest3 WHERE id=6562859
	Delete on sbtest3  (cost=0.43..8.45 rows=1 width=6)
	  ->  Index Scan using sbtest3_pkey on sbtest3  (cost=0.43..8.45 rows=1 width=6)
	        Index Cond: (id = 6562859)

table 4 : explain DELETE FROM sbtest4 WHERE id=2841291
	Delete on sbtest4  (cost=0.43..8.45 rows=1 width=6)
	  ->  Index Scan using sbtest4_pkey on sbtest4  (cost=0.43..8.45 rows=1 width=6)
	        Index Cond: (id = 2841291)

table 5 : explain DELETE FROM sbtest5 WHERE id=1979727
	Delete on sbtest5  (cost=0.43..8.45 rows=1 width=6)
	  ->  Index Scan using sbtest5_pkey on sbtest5  (cost=0.43..8.45 rows=1 width=6)
	        Index Cond: (id = 1979727)

table 6 : explain DELETE FROM sbtest6 WHERE id=3486890
	Delete on sbtest6  (cost=0.43..8.45 rows=1 width=6)
	  ->  Index Scan using sbtest6_pkey on sbtest6  (cost=0.43..8.45 rows=1 width=6)
	        Index Cond: (id = 3486890)

table 7 : explain DELETE FROM sbtest7 WHERE id=7822542
	Delete on sbtest7  (cost=0.43..8.45 rows=1 width=6)
	  ->  Index Scan using sbtest7_pkey on sbtest7  (cost=0.43..8.45 rows=1 width=6)
	        Index Cond: (id = 7822542)

table 8 : explain DELETE FROM sbtest8 WHERE id=9768018
	Delete on sbtest8  (cost=0.43..8.45 rows=1 width=6)
	  ->  Index Scan using sbtest8_pkey on sbtest8  (cost=0.43..8.45 rows=1 width=6)
	        Index Cond: (id = 9768018)

for inserts
table 1 : explain INSERT INTO sbtest1 (id, k, c, pad) VALUES (7276781, 13, 'foobar', 'foobar')
	Insert on sbtest1  (cost=0.00..0.01 rows=1 width=736)
	  ->  Result  (cost=0.00..0.01 rows=1 width=736)

table 2 : explain INSERT INTO sbtest2 (id, k, c, pad) VALUES (3963627, 13, 'foobar', 'foobar')
	Insert on sbtest2  (cost=0.00..0.01 rows=1 width=736)
	  ->  Result  (cost=0.00..0.01 rows=1 width=736)

table 3 : explain INSERT INTO sbtest3 (id, k, c, pad) VALUES (9032489, 13, 'foobar', 'foobar')
	Insert on sbtest3  (cost=0.00..0.01 rows=1 width=736)
	  ->  Result  (cost=0.00..0.01 rows=1 width=736)

table 4 : explain INSERT INTO sbtest4 (id, k, c, pad) VALUES (6106202, 13, 'foobar', 'foobar')
	Insert on sbtest4  (cost=0.00..0.01 rows=1 width=736)
	  ->  Result  (cost=0.00..0.01 rows=1 width=736)

table 5 : explain INSERT INTO sbtest5 (id, k, c, pad) VALUES (6468541, 13, 'foobar', 'foobar')
	Insert on sbtest5  (cost=0.00..0.01 rows=1 width=736)
	  ->  Result  (cost=0.00..0.01 rows=1 width=736)

table 6 : explain INSERT INTO sbtest6 (id, k, c, pad) VALUES (812087, 13, 'foobar', 'foobar')
	Insert on sbtest6  (cost=0.00..0.01 rows=1 width=736)
	  ->  Result  (cost=0.00..0.01 rows=1 width=736)

table 7 : explain INSERT INTO sbtest7 (id, k, c, pad) VALUES (4151728, 13, 'foobar', 'foobar')
	Insert on sbtest7  (cost=0.00..0.01 rows=1 width=736)
	  ->  Result  (cost=0.00..0.01 rows=1 width=736)

table 8 : explain INSERT INTO sbtest8 (id, k, c, pad) VALUES (2611032, 13, 'foobar', 'foobar')
	Insert on sbtest8  (cost=0.00..0.01 rows=1 width=736)
	  ->  Result  (cost=0.00..0.01 rows=1 width=736)

for: simple_ranges
table 1 : explain SELECT c FROM sbtest1 WHERE id BETWEEN 875449 AND 875458
	Index Scan using sbtest1_pkey on sbtest1  (cost=0.43..38.52 rows=10 width=121)
	  Index Cond: ((id >= 875449) AND (id <= 875458))

table 2 : explain SELECT c FROM sbtest2 WHERE id BETWEEN 4176200 AND 4176209
	Index Scan using sbtest2_pkey on sbtest2  (cost=0.43..41.75 rows=11 width=121)
	  Index Cond: ((id >= 4176200) AND (id <= 4176209))

table 3 : explain SELECT c FROM sbtest3 WHERE id BETWEEN 8723746 AND 8723755
	Index Scan using sbtest3_pkey on sbtest3  (cost=0.43..41.95 rows=11 width=121)
	  Index Cond: ((id >= 8723746) AND (id <= 8723755))

table 4 : explain SELECT c FROM sbtest4 WHERE id BETWEEN 7291007 AND 7291016
	Index Scan using sbtest4_pkey on sbtest4  (cost=0.43..35.37 rows=9 width=121)
	  Index Cond: ((id >= 7291007) AND (id <= 7291016))

table 5 : explain SELECT c FROM sbtest5 WHERE id BETWEEN 1407956 AND 1407965
	Index Scan using sbtest5_pkey on sbtest5  (cost=0.43..35.20 rows=9 width=121)
	  Index Cond: ((id >= 1407956) AND (id <= 1407965))

table 6 : explain SELECT c FROM sbtest6 WHERE id BETWEEN 2493994 AND 2494003
	Index Scan using sbtest6_pkey on sbtest6  (cost=0.43..42.60 rows=11 width=121)
	  Index Cond: ((id >= 2493994) AND (id <= 2494003))

table 7 : explain SELECT c FROM sbtest7 WHERE id BETWEEN 3192612 AND 3192621
	Index Scan using sbtest7_pkey on sbtest7  (cost=0.43..38.55 rows=10 width=121)
	  Index Cond: ((id >= 3192612) AND (id <= 3192621))

table 8 : explain SELECT c FROM sbtest8 WHERE id BETWEEN 8104857 AND 8104866
	Index Scan using sbtest8_pkey on sbtest8  (cost=0.43..38.30 rows=10 width=121)
	  Index Cond: ((id >= 8104857) AND (id <= 8104866))

for non_index_updates
table 1 : explain UPDATE sbtest1 SET c='foobar' WHERE id=3319907
	Update on sbtest1  (cost=0.43..8.45 rows=1 width=559)
	  ->  Index Scan using sbtest1_pkey on sbtest1  (cost=0.43..8.45 rows=1 width=559)
	        Index Cond: (id = 3319907)

table 2 : explain UPDATE sbtest2 SET c='foobar' WHERE id=1609873
	Update on sbtest2  (cost=0.43..8.45 rows=1 width=559)
	  ->  Index Scan using sbtest2_pkey on sbtest2  (cost=0.43..8.45 rows=1 width=559)
	        Index Cond: (id = 1609873)

table 3 : explain UPDATE sbtest3 SET c='foobar' WHERE id=1504006
	Update on sbtest3  (cost=0.43..8.45 rows=1 width=559)
	  ->  Index Scan using sbtest3_pkey on sbtest3  (cost=0.43..8.45 rows=1 width=559)
	        Index Cond: (id = 1504006)

table 4 : explain UPDATE sbtest4 SET c='foobar' WHERE id=3367788
	Update on sbtest4  (cost=0.43..8.45 rows=1 width=559)
	  ->  Index Scan using sbtest4_pkey on sbtest4  (cost=0.43..8.45 rows=1 width=559)
	        Index Cond: (id = 3367788)

table 5 : explain UPDATE sbtest5 SET c='foobar' WHERE id=298663
	Update on sbtest5  (cost=0.43..8.45 rows=1 width=559)
	  ->  Index Scan using sbtest5_pkey on sbtest5  (cost=0.43..8.45 rows=1 width=559)
	        Index Cond: (id = 298663)

table 6 : explain UPDATE sbtest6 SET c='foobar' WHERE id=3469993
	Update on sbtest6  (cost=0.43..8.45 rows=1 width=559)
	  ->  Index Scan using sbtest6_pkey on sbtest6  (cost=0.43..8.45 rows=1 width=559)
	        Index Cond: (id = 3469993)

table 7 : explain UPDATE sbtest7 SET c='foobar' WHERE id=9563317
	Update on sbtest7  (cost=0.43..8.45 rows=1 width=559)
	  ->  Index Scan using sbtest7_pkey on sbtest7  (cost=0.43..8.45 rows=1 width=559)
	        Index Cond: (id = 9563317)

table 8 : explain UPDATE sbtest8 SET c='foobar' WHERE id=8485540
	Update on sbtest8  (cost=0.43..8.45 rows=1 width=559)
	  ->  Index Scan using sbtest8_pkey on sbtest8  (cost=0.43..8.45 rows=1 width=559)
	        Index Cond: (id = 8485540)

explain: for non_index_updates :: explain UPDATE sbtest%u SET c='foobar' WHERE id=%u
for non_index_updates
table 1 : explain UPDATE sbtest1 SET c='foobar' WHERE id=5621644
	Update on sbtest1  (cost=0.43..8.45 rows=1 width=559)
	  ->  Index Scan using sbtest1_pkey on sbtest1  (cost=0.43..8.45 rows=1 width=559)
	        Index Cond: (id = 5621644)

table 2 : explain UPDATE sbtest2 SET c='foobar' WHERE id=8319061
	Update on sbtest2  (cost=0.43..8.45 rows=1 width=559)
	  ->  Index Scan using sbtest2_pkey on sbtest2  (cost=0.43..8.45 rows=1 width=559)
	        Index Cond: (id = 8319061)

table 3 : explain UPDATE sbtest3 SET c='foobar' WHERE id=9081674
	Update on sbtest3  (cost=0.43..8.45 rows=1 width=559)
	  ->  Index Scan using sbtest3_pkey on sbtest3  (cost=0.43..8.45 rows=1 width=559)
	        Index Cond: (id = 9081674)

table 4 : explain UPDATE sbtest4 SET c='foobar' WHERE id=9906251
	Update on sbtest4  (cost=0.43..8.45 rows=1 width=559)
	  ->  Index Scan using sbtest4_pkey on sbtest4  (cost=0.43..8.45 rows=1 width=559)
	        Index Cond: (id = 9906251)

table 5 : explain UPDATE sbtest5 SET c='foobar' WHERE id=4735973
	Update on sbtest5  (cost=0.43..8.45 rows=1 width=559)
	  ->  Index Scan using sbtest5_pkey on sbtest5  (cost=0.43..8.45 rows=1 width=559)
	        Index Cond: (id = 4735973)

table 6 : explain UPDATE sbtest6 SET c='foobar' WHERE id=9495911
	Update on sbtest6  (cost=0.43..8.45 rows=1 width=559)
	  ->  Index Scan using sbtest6_pkey on sbtest6  (cost=0.43..8.45 rows=1 width=559)
	        Index Cond: (id = 9495911)

table 7 : explain UPDATE sbtest7 SET c='foobar' WHERE id=1026268
	Update on sbtest7  (cost=0.43..8.45 rows=1 width=559)
	  ->  Index Scan using sbtest7_pkey on sbtest7  (cost=0.43..8.45 rows=1 width=559)
	        Index Cond: (id = 1026268)

table 8 : explain UPDATE sbtest8 SET c='foobar' WHERE id=2953258
	Update on sbtest8  (cost=0.43..8.45 rows=1 width=559)
	  ->  Index Scan using sbtest8_pkey on sbtest8  (cost=0.43..8.45 rows=1 width=559)
	        Index Cond: (id = 2953258)

explain: for deletes :: explain DELETE FROM sbtest%u WHERE id=%u
explain: for deletes :: explain DELETE FROM sbtest%u WHERE id=%u
for index_updates
table 1 : explain UPDATE sbtest1 SET k=k+1 WHERE id=1182468
	Update on sbtest1  (cost=0.43..8.46 rows=1 width=196)
	  ->  Index Scan using sbtest1_pkey on sbtest1  (cost=0.43..8.46 rows=1 width=196)
	        Index Cond: (id = 1182468)

table 2 : explain UPDATE sbtest2 SET k=k+1 WHERE id=1727618
	Update on sbtest2  (cost=0.43..8.46 rows=1 width=196)
	  ->  Index Scan using sbtest2_pkey on sbtest2  (cost=0.43..8.46 rows=1 width=196)
	        Index Cond: (id = 1727618)

table 3 : explain UPDATE sbtest3 SET k=k+1 WHERE id=4023756
	Update on sbtest3  (cost=0.43..8.46 rows=1 width=196)
	  ->  Index Scan using sbtest3_pkey on sbtest3  (cost=0.43..8.46 rows=1 width=196)
	        Index Cond: (id = 4023756)

table 4 : explain UPDATE sbtest4 SET k=k+1 WHERE id=398586
	Update on sbtest4  (cost=0.43..8.46 rows=1 width=196)
	  ->  Index Scan using sbtest4_pkey on sbtest4  (cost=0.43..8.46 rows=1 width=196)
	        Index Cond: (id = 398586)

table 5 : explain UPDATE sbtest5 SET k=k+1 WHERE id=8186449
	Update on sbtest5  (cost=0.43..8.46 rows=1 width=196)
	  ->  Index Scan using sbtest5_pkey on sbtest5  (cost=0.43..8.46 rows=1 width=196)
	        Index Cond: (id = 8186449)

table 6 : explain UPDATE sbtest6 SET k=k+1 WHERE id=4197092
	Update on sbtest6  (cost=0.43..8.46 rows=1 width=196)
	  ->  Index Scan using sbtest6_pkey on sbtest6  (cost=0.43..8.46 rows=1 width=196)
	        Index Cond: (id = 4197092)

table 7 : explain UPDATE sbtest7 SET k=k+1 WHERE id=3377303
	Update on sbtest7  (cost=0.43..8.46 rows=1 width=196)
	  ->  Index Scan using sbtest7_pkey on sbtest7  (cost=0.43..8.46 rows=1 width=196)
	        Index Cond: (id = 3377303)

table 8 : explain UPDATE sbtest8 SET k=k+1 WHERE id=4579585
	Update on sbtest8  (cost=0.43..8.46 rows=1 width=196)
	  ->  Index Scan using sbtest8_pkey on sbtest8  (cost=0.43..8.46 rows=1 width=196)
	        Index Cond: (id = 4579585)

for point_selects
table 1 : explain SELECT c FROM sbtest1 WHERE id=2296977
	Index Scan using sbtest1_pkey on sbtest1  (cost=0.43..8.45 rows=1 width=121)
	  Index Cond: (id = 2296977)

table 2 : explain SELECT c FROM sbtest2 WHERE id=9660910
	Index Scan using sbtest2_pkey on sbtest2  (cost=0.43..8.45 rows=1 width=121)
	  Index Cond: (id = 9660910)

table 3 : explain SELECT c FROM sbtest3 WHERE id=5280443
	Index Scan using sbtest3_pkey on sbtest3  (cost=0.43..8.45 rows=1 width=121)
	  Index Cond: (id = 5280443)

table 4 : explain SELECT c FROM sbtest4 WHERE id=589619
	Index Scan using sbtest4_pkey on sbtest4  (cost=0.43..8.45 rows=1 width=121)
	  Index Cond: (id = 589619)

table 5 : explain SELECT c FROM sbtest5 WHERE id=3994013
	Index Scan using sbtest5_pkey on sbtest5  (cost=0.43..8.45 rows=1 width=121)
	  Index Cond: (id = 3994013)

table 6 : explain SELECT c FROM sbtest6 WHERE id=6532317
	Index Scan using sbtest6_pkey on sbtest6  (cost=0.43..8.45 rows=1 width=121)
	  Index Cond: (id = 6532317)

table 7 : explain SELECT c FROM sbtest7 WHERE id=7790082
	Index Scan using sbtest7_pkey on sbtest7  (cost=0.43..8.45 rows=1 width=121)
	  Index Cond: (id = 7790082)

table 8 : explain SELECT c FROM sbtest8 WHERE id=1534420
	Index Scan using sbtest8_pkey on sbtest8  (cost=0.43..8.45 rows=1 width=121)
	  Index Cond: (id = 1534420)

explain: for point_selects :: explain SELECT c FROM sbtest%u WHERE id=%u
explain: for inserts :: explain INSERT INTO sbtest%u (id, k, c, pad) VALUES (%u, 13, 'foobar', 'foobar')
for deletes
table 1 : explain DELETE FROM sbtest1 WHERE id=4699273
	Delete on sbtest1  (cost=0.43..8.45 rows=1 width=6)
	  ->  Index Scan using sbtest1_pkey on sbtest1  (cost=0.43..8.45 rows=1 width=6)
	        Index Cond: (id = 4699273)

table 2 : explain DELETE FROM sbtest2 WHERE id=3116768
	Delete on sbtest2  (cost=0.43..8.45 rows=1 width=6)
	  ->  Index Scan using sbtest2_pkey on sbtest2  (cost=0.43..8.45 rows=1 width=6)
	        Index Cond: (id = 3116768)

table 3 : explain DELETE FROM sbtest3 WHERE id=867067
	Delete on sbtest3  (cost=0.43..8.45 rows=1 width=6)
	  ->  Index Scan using sbtest3_pkey on sbtest3  (cost=0.43..8.45 rows=1 width=6)
	        Index Cond: (id = 867067)

table 4 : explain DELETE FROM sbtest4 WHERE id=2413875
	Delete on sbtest4  (cost=0.43..8.45 rows=1 width=6)
	  ->  Index Scan using sbtest4_pkey on sbtest4  (cost=0.43..8.45 rows=1 width=6)
	        Index Cond: (id = 2413875)

table 5 : explain DELETE FROM sbtest5 WHERE id=8246908
	Delete on sbtest5  (cost=0.43..8.45 rows=1 width=6)
	  ->  Index Scan using sbtest5_pkey on sbtest5  (cost=0.43..8.45 rows=1 width=6)
	        Index Cond: (id = 8246908)

table 6 : explain DELETE FROM sbtest6 WHERE id=4238204
	Delete on sbtest6  (cost=0.43..8.45 rows=1 width=6)
	  ->  Index Scan using sbtest6_pkey on sbtest6  (cost=0.43..8.45 rows=1 width=6)
	        Index Cond: (id = 4238204)

table 7 : explain DELETE FROM sbtest7 WHERE id=1332255
	Delete on sbtest7  (cost=0.43..8.45 rows=1 width=6)
	  ->  Index Scan using sbtest7_pkey on sbtest7  (cost=0.43..8.45 rows=1 width=6)
	        Index Cond: (id = 1332255)

table 8 : explain DELETE FROM sbtest8 WHERE id=6152226
	Delete on sbtest8  (cost=0.43..8.45 rows=1 width=6)
	  ->  Index Scan using sbtest8_pkey on sbtest8  (cost=0.43..8.45 rows=1 width=6)
	        Index Cond: (id = 6152226)

for deletes
table 1 : explain DELETE FROM sbtest1 WHERE id=6884490
	Delete on sbtest1  (cost=0.43..8.45 rows=1 width=6)
	  ->  Index Scan using sbtest1_pkey on sbtest1  (cost=0.43..8.45 rows=1 width=6)
	        Index Cond: (id = 6884490)

table 2 : explain DELETE FROM sbtest2 WHERE id=4467139
	Delete on sbtest2  (cost=0.43..8.45 rows=1 width=6)
	  ->  Index Scan using sbtest2_pkey on sbtest2  (cost=0.43..8.45 rows=1 width=6)
	        Index Cond: (id = 4467139)

table 3 : explain DELETE FROM sbtest3 WHERE id=7450447
	Delete on sbtest3  (cost=0.43..8.45 rows=1 width=6)
	  ->  Index Scan using sbtest3_pkey on sbtest3  (cost=0.43..8.45 rows=1 width=6)
	        Index Cond: (id = 7450447)

table 4 : explain DELETE FROM sbtest4 WHERE id=1240840
	Delete on sbtest4  (cost=0.43..8.45 rows=1 width=6)
	  ->  Index Scan using sbtest4_pkey on sbtest4  (cost=0.43..8.45 rows=1 width=6)
	        Index Cond: (id = 1240840)

table 5 : explain DELETE FROM sbtest5 WHERE id=2270551
	Delete on sbtest5  (cost=0.43..8.45 rows=1 width=6)
	  ->  Index Scan using sbtest5_pkey on sbtest5  (cost=0.43..8.45 rows=1 width=6)
	        Index Cond: (id = 2270551)

table 6 : explain DELETE FROM sbtest6 WHERE id=4170953
	Delete on sbtest6  (cost=0.43..8.45 rows=1 width=6)
	  ->  Index Scan using sbtest6_pkey on sbtest6  (cost=0.43..8.45 rows=1 width=6)
	        Index Cond: (id = 4170953)

table 7 : explain DELETE FROM sbtest7 WHERE id=1345583
	Delete on sbtest7  (cost=0.43..8.45 rows=1 width=6)
	  ->  Index Scan using sbtest7_pkey on sbtest7  (cost=0.43..8.45 rows=1 width=6)
	        Index Cond: (id = 1345583)

table 8 : explain DELETE FROM sbtest8 WHERE id=5185770
	Delete on sbtest8  (cost=0.43..8.45 rows=1 width=6)
	  ->  Index Scan using sbtest8_pkey on sbtest8  (cost=0.43..8.45 rows=1 width=6)
	        Index Cond: (id = 5185770)

for non_index_updates
table 1 : explain UPDATE sbtest1 SET c='foobar' WHERE id=7588811
	Update on sbtest1  (cost=0.43..8.45 rows=1 width=559)
	  ->  Index Scan using sbtest1_pkey on sbtest1  (cost=0.43..8.45 rows=1 width=559)
	        Index Cond: (id = 7588811)

table 2 : explain UPDATE sbtest2 SET c='foobar' WHERE id=625113
	Update on sbtest2  (cost=0.43..8.45 rows=1 width=559)
	  ->  Index Scan using sbtest2_pkey on sbtest2  (cost=0.43..8.45 rows=1 width=559)
	        Index Cond: (id = 625113)

table 3 : explain UPDATE sbtest3 SET c='foobar' WHERE id=7703953
	Update on sbtest3  (cost=0.43..8.45 rows=1 width=559)
	  ->  Index Scan using sbtest3_pkey on sbtest3  (cost=0.43..8.45 rows=1 width=559)
	        Index Cond: (id = 7703953)

table 4 : explain UPDATE sbtest4 SET c='foobar' WHERE id=1474909
	Update on sbtest4  (cost=0.43..8.45 rows=1 width=559)
	  ->  Index Scan using sbtest4_pkey on sbtest4  (cost=0.43..8.45 rows=1 width=559)
	        Index Cond: (id = 1474909)

table 5 : explain UPDATE sbtest5 SET c='foobar' WHERE id=903212
	Update on sbtest5  (cost=0.43..8.45 rows=1 width=559)
	  ->  Index Scan using sbtest5_pkey on sbtest5  (cost=0.43..8.45 rows=1 width=559)
	        Index Cond: (id = 903212)

table 6 : explain UPDATE sbtest6 SET c='foobar' WHERE id=3083434
	Update on sbtest6  (cost=0.43..8.45 rows=1 width=559)
	  ->  Index Scan using sbtest6_pkey on sbtest6  (cost=0.43..8.45 rows=1 width=559)
	        Index Cond: (id = 3083434)

table 7 : explain UPDATE sbtest7 SET c='foobar' WHERE id=1150994
	Update on sbtest7  (cost=0.43..8.45 rows=1 width=559)
	  ->  Index Scan using sbtest7_pkey on sbtest7  (cost=0.43..8.45 rows=1 width=559)
	        Index Cond: (id = 1150994)

table 8 : explain UPDATE sbtest8 SET c='foobar' WHERE id=4947477
	Update on sbtest8  (cost=0.43..8.45 rows=1 width=559)
	  ->  Index Scan using sbtest8_pkey on sbtest8  (cost=0.43..8.45 rows=1 width=559)
	        Index Cond: (id = 4947477)

explain: for point_selects :: explain SELECT c FROM sbtest%u WHERE id=%u
for: sum_ranges
table 1 : explain SELECT SUM(k) FROM sbtest1 WHERE id BETWEEN 5226933 AND 5226942
	Aggregate  (cost=38.54..38.55 rows=1 width=8)
	  ->  Index Scan using sbtest1_pkey on sbtest1  (cost=0.43..38.52 rows=10 width=4)
	        Index Cond: ((id >= 5226933) AND (id <= 5226942))

table 2 : explain SELECT SUM(k) FROM sbtest2 WHERE id BETWEEN 7210132 AND 7210141
	Aggregate  (cost=38.44..38.45 rows=1 width=8)
	  ->  Index Scan using sbtest2_pkey on sbtest2  (cost=0.43..38.42 rows=10 width=4)
	        Index Cond: ((id >= 7210132) AND (id <= 7210141))

table 3 : explain SELECT SUM(k) FROM sbtest3 WHERE id BETWEEN 8034773 AND 8034782
	Aggregate  (cost=38.62..38.63 rows=1 width=8)
	  ->  Index Scan using sbtest3_pkey on sbtest3  (cost=0.43..38.60 rows=10 width=4)
	        Index Cond: ((id >= 8034773) AND (id <= 8034782))

table 4 : explain SELECT SUM(k) FROM sbtest4 WHERE id BETWEEN 1541586 AND 1541595
	Aggregate  (cost=38.76..38.77 rows=1 width=8)
	  ->  Index Scan using sbtest4_pkey on sbtest4  (cost=0.43..38.73 rows=10 width=4)
	        Index Cond: ((id >= 1541586) AND (id <= 1541595))

table 5 : explain SELECT SUM(k) FROM sbtest5 WHERE id BETWEEN 6630245 AND 6630254
	Aggregate  (cost=38.57..38.58 rows=1 width=8)
	  ->  Index Scan using sbtest5_pkey on sbtest5  (cost=0.43..38.54 rows=10 width=4)
	        Index Cond: ((id >= 6630245) AND (id <= 6630254))

table 6 : explain SELECT SUM(k) FROM sbtest6 WHERE id BETWEEN 9182470 AND 9182479
	Aggregate  (cost=35.80..35.81 rows=1 width=8)
	  ->  Index Scan using sbtest6_pkey on sbtest6  (cost=0.43..35.77 rows=9 width=4)
	        Index Cond: ((id >= 9182470) AND (id <= 9182479))

table 7 : explain SELECT SUM(k) FROM sbtest7 WHERE id BETWEEN 1219069 AND 1219078
	Aggregate  (cost=38.57..38.58 rows=1 width=8)
	  ->  Index Scan using sbtest7_pkey on sbtest7  (cost=0.43..38.55 rows=10 width=4)
	        Index Cond: ((id >= 1219069) AND (id <= 1219078))

table 8 : explain SELECT SUM(k) FROM sbtest8 WHERE id BETWEEN 7279497 AND 7279506
	Aggregate  (cost=38.33..38.34 rows=1 width=8)
	  ->  Index Scan using sbtest8_pkey on sbtest8  (cost=0.43..38.30 rows=10 width=4)
	        Index Cond: ((id >= 7279497) AND (id <= 7279506))

for: distinct_ranges
table 1 : explain SELECT DISTINCT c FROM sbtest1 WHERE id BETWEEN 7114132 AND 7114141 ORDER BY c
	Unique  (cost=38.68..38.73 rows=10 width=121)
	  ->  Sort  (cost=38.68..38.71 rows=10 width=121)
	        Sort Key: c
	        ->  Index Scan using sbtest1_pkey on sbtest1  (cost=0.43..38.52 rows=10 width=121)
	              Index Cond: ((id >= 7114132) AND (id <= 7114141))

table 2 : explain SELECT DISTINCT c FROM sbtest2 WHERE id BETWEEN 9288224 AND 9288233 ORDER BY c
	Unique  (cost=38.58..38.63 rows=10 width=121)
	  ->  Sort  (cost=38.58..38.61 rows=10 width=121)
	        Sort Key: c
	        ->  Index Scan using sbtest2_pkey on sbtest2  (cost=0.43..38.42 rows=10 width=121)
	              Index Cond: ((id >= 9288224) AND (id <= 9288233))

table 3 : explain SELECT DISTINCT c FROM sbtest3 WHERE id BETWEEN 1041962 AND 1041971 ORDER BY c
	Unique  (cost=38.76..38.81 rows=10 width=121)
	  ->  Sort  (cost=38.76..38.79 rows=10 width=121)
	        Sort Key: c
	        ->  Index Scan using sbtest3_pkey on sbtest3  (cost=0.43..38.60 rows=10 width=121)
	              Index Cond: ((id >= 1041962) AND (id <= 1041971))

table 4 : explain SELECT DISTINCT c FROM sbtest4 WHERE id BETWEEN 678068 AND 678077 ORDER BY c
	Unique  (cost=38.90..38.95 rows=10 width=121)
	  ->  Sort  (cost=38.90..38.92 rows=10 width=121)
	        Sort Key: c
	        ->  Index Scan using sbtest4_pkey on sbtest4  (cost=0.43..38.73 rows=10 width=121)
	              Index Cond: ((id >= 678068) AND (id <= 678077))

table 5 : explain SELECT DISTINCT c FROM sbtest5 WHERE id BETWEEN 3822971 AND 3822980 ORDER BY c
	Unique  (cost=38.71..38.76 rows=10 width=121)
	  ->  Sort  (cost=38.71..38.73 rows=10 width=121)
	        Sort Key: c
	        ->  Index Scan using sbtest5_pkey on sbtest5  (cost=0.43..38.54 rows=10 width=121)
	              Index Cond: ((id >= 3822971) AND (id <= 3822980))

table 6 : explain SELECT DISTINCT c FROM sbtest6 WHERE id BETWEEN 9235162 AND 9235171 ORDER BY c
	Unique  (cost=35.92..35.96 rows=9 width=121)
	  ->  Sort  (cost=35.92..35.94 rows=9 width=121)
	        Sort Key: c
	        ->  Index Scan using sbtest6_pkey on sbtest6  (cost=0.43..35.77 rows=9 width=121)
	              Index Cond: ((id >= 9235162) AND (id <= 9235171))

table 7 : explain SELECT DISTINCT c FROM sbtest7 WHERE id BETWEEN 6131551 AND 6131560 ORDER BY c
	Unique  (cost=38.71..38.76 rows=10 width=121)
	  ->  Sort  (cost=38.71..38.74 rows=10 width=121)
	        Sort Key: c
	        ->  Index Scan using sbtest7_pkey on sbtest7  (cost=0.43..38.55 rows=10 width=121)
	              Index Cond: ((id >= 6131551) AND (id <= 6131560))

table 8 : explain SELECT DISTINCT c FROM sbtest8 WHERE id BETWEEN 8796425 AND 8796434 ORDER BY c
	Unique  (cost=38.47..38.52 rows=10 width=121)
	  ->  Sort  (cost=38.47..38.50 rows=10 width=121)
	        Sort Key: c
	        ->  Index Scan using sbtest8_pkey on sbtest8  (cost=0.43..38.30 rows=10 width=121)
	              Index Cond: ((id >= 8796425) AND (id <= 8796434))

explain: for non_index_updates :: explain UPDATE sbtest%u SET c='foobar' WHERE id=%u
explain: for inserts :: explain INSERT INTO sbtest%u (id, k, c, pad) VALUES (%u, 13, 'foobar', 'foobar')
explain: for deletes :: explain DELETE FROM sbtest%u WHERE id=%u
explain: for inserts :: explain INSERT INTO sbtest%u (id, k, c, pad) VALUES (%u, 13, 'foobar', 'foobar')
for: order_ranges
table 1 : explain SELECT c FROM sbtest1 WHERE id BETWEEN 3776452 AND 3776461 ORDER BY c
	Sort  (cost=38.68..38.71 rows=10 width=121)
	  Sort Key: c
	  ->  Index Scan using sbtest1_pkey on sbtest1  (cost=0.43..38.52 rows=10 width=121)
	        Index Cond: ((id >= 3776452) AND (id <= 3776461))

table 2 : explain SELECT c FROM sbtest2 WHERE id BETWEEN 9068513 AND 9068522 ORDER BY c
	Sort  (cost=41.94..41.96 rows=11 width=121)
	  Sort Key: c
	  ->  Index Scan using sbtest2_pkey on sbtest2  (cost=0.43..41.75 rows=11 width=121)
	        Index Cond: ((id >= 9068513) AND (id <= 9068522))

table 3 : explain SELECT c FROM sbtest3 WHERE id BETWEEN 6840690 AND 6840699 ORDER BY c
	Sort  (cost=35.39..35.41 rows=9 width=121)
	  Sort Key: c
	  ->  Index Scan using sbtest3_pkey on sbtest3  (cost=0.43..35.25 rows=9 width=121)
	        Index Cond: ((id >= 6840690) AND (id <= 6840699))

table 4 : explain SELECT c FROM sbtest4 WHERE id BETWEEN 4484348 AND 4484357 ORDER BY c
	Sort  (cost=38.90..38.92 rows=10 width=121)
	  Sort Key: c
	  ->  Index Scan using sbtest4_pkey on sbtest4  (cost=0.43..38.73 rows=10 width=121)
	        Index Cond: ((id >= 4484348) AND (id <= 4484357))

table 5 : explain SELECT c FROM sbtest5 WHERE id BETWEEN 2528215 AND 2528224 ORDER BY c
	Sort  (cost=42.08..42.10 rows=11 width=121)
	  Sort Key: c
	  ->  Index Scan using sbtest5_pkey on sbtest5  (cost=0.43..41.89 rows=11 width=121)
	        Index Cond: ((id >= 2528215) AND (id <= 2528224))

table 6 : explain SELECT c FROM sbtest6 WHERE id BETWEEN 9801040 AND 9801049 ORDER BY c
	Sort  (cost=39.36..39.38 rows=10 width=121)
	  Sort Key: c
	  ->  Index Scan using sbtest6_pkey on sbtest6  (cost=0.43..39.19 rows=10 width=121)
	        Index Cond: ((id >= 9801040) AND (id <= 9801049))

table 7 : explain SELECT c FROM sbtest7 WHERE id BETWEEN 9217591 AND 9217600 ORDER BY c
	Sort  (cost=38.71..38.74 rows=10 width=121)
	  Sort Key: c
	  ->  Index Scan using sbtest7_pkey on sbtest7  (cost=0.43..38.55 rows=10 width=121)
	        Index Cond: ((id >= 9217591) AND (id <= 9217600))

table 8 : explain SELECT c FROM sbtest8 WHERE id BETWEEN 6875713 AND 6875722 ORDER BY c
	Sort  (cost=38.47..38.50 rows=10 width=121)
	  Sort Key: c
	  ->  Index Scan using sbtest8_pkey on sbtest8  (cost=0.43..38.30 rows=10 width=121)
	        Index Cond: ((id >= 6875713) AND (id <= 6875722))

for inserts
table 1 : explain INSERT INTO sbtest1 (id, k, c, pad) VALUES (6672913, 13, 'foobar', 'foobar')
	Insert on sbtest1  (cost=0.00..0.01 rows=1 width=736)
	  ->  Result  (cost=0.00..0.01 rows=1 width=736)

table 2 : explain INSERT INTO sbtest2 (id, k, c, pad) VALUES (918022, 13, 'foobar', 'foobar')
	Insert on sbtest2  (cost=0.00..0.01 rows=1 width=736)
	  ->  Result  (cost=0.00..0.01 rows=1 width=736)

table 3 : explain INSERT INTO sbtest3 (id, k, c, pad) VALUES (9104067, 13, 'foobar', 'foobar')
	Insert on sbtest3  (cost=0.00..0.01 rows=1 width=736)
	  ->  Result  (cost=0.00..0.01 rows=1 width=736)

table 4 : explain INSERT INTO sbtest4 (id, k, c, pad) VALUES (9644887, 13, 'foobar', 'foobar')
	Insert on sbtest4  (cost=0.00..0.01 rows=1 width=736)
	  ->  Result  (cost=0.00..0.01 rows=1 width=736)

table 5 : explain INSERT INTO sbtest5 (id, k, c, pad) VALUES (2858196, 13, 'foobar', 'foobar')
	Insert on sbtest5  (cost=0.00..0.01 rows=1 width=736)
	  ->  Result  (cost=0.00..0.01 rows=1 width=736)

table 6 : explain INSERT INTO sbtest6 (id, k, c, pad) VALUES (8114424, 13, 'foobar', 'foobar')
	Insert on sbtest6  (cost=0.00..0.01 rows=1 width=736)
	  ->  Result  (cost=0.00..0.01 rows=1 width=736)

table 7 : explain INSERT INTO sbtest7 (id, k, c, pad) VALUES (1256051, 13, 'foobar', 'foobar')
	Insert on sbtest7  (cost=0.00..0.01 rows=1 width=736)
	  ->  Result  (cost=0.00..0.01 rows=1 width=736)

table 8 : explain INSERT INTO sbtest8 (id, k, c, pad) VALUES (8904440, 13, 'foobar', 'foobar')
	Insert on sbtest8  (cost=0.00..0.01 rows=1 width=736)
	  ->  Result  (cost=0.00..0.01 rows=1 width=736)

for inserts
table 1 : explain INSERT INTO sbtest1 (id, k, c, pad) VALUES (9372093, 13, 'foobar', 'foobar')
	Insert on sbtest1  (cost=0.00..0.01 rows=1 width=736)
	  ->  Result  (cost=0.00..0.01 rows=1 width=736)

table 2 : explain INSERT INTO sbtest2 (id, k, c, pad) VALUES (314547, 13, 'foobar', 'foobar')
	Insert on sbtest2  (cost=0.00..0.01 rows=1 width=736)
	  ->  Result  (cost=0.00..0.01 rows=1 width=736)

table 3 : explain INSERT INTO sbtest3 (id, k, c, pad) VALUES (1542911, 13, 'foobar', 'foobar')
	Insert on sbtest3  (cost=0.00..0.01 rows=1 width=736)
	  ->  Result  (cost=0.00..0.01 rows=1 width=736)

table 4 : explain INSERT INTO sbtest4 (id, k, c, pad) VALUES (9969386, 13, 'foobar', 'foobar')
	Insert on sbtest4  (cost=0.00..0.01 rows=1 width=736)
	  ->  Result  (cost=0.00..0.01 rows=1 width=736)

table 5 : explain INSERT INTO sbtest5 (id, k, c, pad) VALUES (3203157, 13, 'foobar', 'foobar')
	Insert on sbtest5  (cost=0.00..0.01 rows=1 width=736)
	  ->  Result  (cost=0.00..0.01 rows=1 width=736)

table 6 : explain INSERT INTO sbtest6 (id, k, c, pad) VALUES (5190007, 13, 'foobar', 'foobar')
	Insert on sbtest6  (cost=0.00..0.01 rows=1 width=736)
	  ->  Result  (cost=0.00..0.01 rows=1 width=736)

table 7 : explain INSERT INTO sbtest7 (id, k, c, pad) VALUES (2023757, 13, 'foobar', 'foobar')
	Insert on sbtest7  (cost=0.00..0.01 rows=1 width=736)
	  ->  Result  (cost=0.00..0.01 rows=1 width=736)

table 8 : explain INSERT INTO sbtest8 (id, k, c, pad) VALUES (3941173, 13, 'foobar', 'foobar')
	Insert on sbtest8  (cost=0.00..0.01 rows=1 width=736)
	  ->  Result  (cost=0.00..0.01 rows=1 width=736)

for: simple_ranges
table 1 : explain SELECT c FROM sbtest1 WHERE id BETWEEN 9256428 AND 9256437
	Index Scan using sbtest1_pkey on sbtest1  (cost=0.43..38.52 rows=10 width=121)
	  Index Cond: ((id >= 9256428) AND (id <= 9256437))

table 2 : explain SELECT c FROM sbtest2 WHERE id BETWEEN 2110876 AND 2110885
	Index Scan using sbtest2_pkey on sbtest2  (cost=0.43..41.75 rows=11 width=121)
	  Index Cond: ((id >= 2110876) AND (id <= 2110885))

table 3 : explain SELECT c FROM sbtest3 WHERE id BETWEEN 1875891 AND 1875900
	Index Scan using sbtest3_pkey on sbtest3  (cost=0.43..38.60 rows=10 width=121)
	  Index Cond: ((id >= 1875891) AND (id <= 1875900))

table 4 : explain SELECT c FROM sbtest4 WHERE id BETWEEN 5484265 AND 5484274
	Index Scan using sbtest4_pkey on sbtest4  (cost=0.43..38.73 rows=10 width=121)
	  Index Cond: ((id >= 5484265) AND (id <= 5484274))

table 5 : explain SELECT c FROM sbtest5 WHERE id BETWEEN 104230 AND 104239
	Index Scan using sbtest5_pkey on sbtest5  (cost=0.43..41.89 rows=11 width=121)
	  Index Cond: ((id >= 104230) AND (id <= 104239))

table 6 : explain SELECT c FROM sbtest6 WHERE id BETWEEN 6001456 AND 6001465
	Index Scan using sbtest6_pkey on sbtest6  (cost=0.43..32.36 rows=8 width=121)
	  Index Cond: ((id >= 6001456) AND (id <= 6001465))

table 7 : explain SELECT c FROM sbtest7 WHERE id BETWEEN 4735964 AND 4735973
	Index Scan using sbtest7_pkey on sbtest7  (cost=0.43..35.20 rows=9 width=121)
	  Index Cond: ((id >= 4735964) AND (id <= 4735973))

table 8 : explain SELECT c FROM sbtest8 WHERE id BETWEEN 3950892 AND 3950901
	Index Scan using sbtest8_pkey on sbtest8  (cost=0.43..38.30 rows=10 width=121)
	  Index Cond: ((id >= 3950892) AND (id <= 3950901))

explain: for index_updates :: explain UPDATE sbtest%u SET k=k+1 WHERE id=%u
explain: for point_selects :: explain SELECT c FROM sbtest%u WHERE id=%u
for deletes
table 1 : explain DELETE FROM sbtest1 WHERE id=3955666
	Delete on sbtest1  (cost=0.43..8.45 rows=1 width=6)
	  ->  Index Scan using sbtest1_pkey on sbtest1  (cost=0.43..8.45 rows=1 width=6)
	        Index Cond: (id = 3955666)

table 2 : explain DELETE FROM sbtest2 WHERE id=1352943
	Delete on sbtest2  (cost=0.43..8.45 rows=1 width=6)
	  ->  Index Scan using sbtest2_pkey on sbtest2  (cost=0.43..8.45 rows=1 width=6)
	        Index Cond: (id = 1352943)

table 3 : explain DELETE FROM sbtest3 WHERE id=5980452
	Delete on sbtest3  (cost=0.43..8.45 rows=1 width=6)
	  ->  Index Scan using sbtest3_pkey on sbtest3  (cost=0.43..8.45 rows=1 width=6)
	        Index Cond: (id = 5980452)

table 4 : explain DELETE FROM sbtest4 WHERE id=4850211
	Delete on sbtest4  (cost=0.43..8.45 rows=1 width=6)
	  ->  Index Scan using sbtest4_pkey on sbtest4  (cost=0.43..8.45 rows=1 width=6)
	        Index Cond: (id = 4850211)

table 5 : explain DELETE FROM sbtest5 WHERE id=9120007
	Delete on sbtest5  (cost=0.43..8.45 rows=1 width=6)
	  ->  Index Scan using sbtest5_pkey on sbtest5  (cost=0.43..8.45 rows=1 width=6)
	        Index Cond: (id = 9120007)

table 6 : explain DELETE FROM sbtest6 WHERE id=1882776
	Delete on sbtest6  (cost=0.43..8.45 rows=1 width=6)
	  ->  Index Scan using sbtest6_pkey on sbtest6  (cost=0.43..8.45 rows=1 width=6)
	        Index Cond: (id = 1882776)

table 7 : explain DELETE FROM sbtest7 WHERE id=1758208
	Delete on sbtest7  (cost=0.43..8.45 rows=1 width=6)
	  ->  Index Scan using sbtest7_pkey on sbtest7  (cost=0.43..8.45 rows=1 width=6)
	        Index Cond: (id = 1758208)

table 8 : explain DELETE FROM sbtest8 WHERE id=7393194
	Delete on sbtest8  (cost=0.43..8.45 rows=1 width=6)
	  ->  Index Scan using sbtest8_pkey on sbtest8  (cost=0.43..8.45 rows=1 width=6)
	        Index Cond: (id = 7393194)

for: order_ranges
table 1 : explain SELECT c FROM sbtest1 WHERE id BETWEEN 1353030 AND 1353039 ORDER BY c
	Sort  (cost=38.68..38.71 rows=10 width=121)
	  Sort Key: c
	  ->  Index Scan using sbtest1_pkey on sbtest1  (cost=0.43..38.52 rows=10 width=121)
	        Index Cond: ((id >= 1353030) AND (id <= 1353039))

table 2 : explain SELECT c FROM sbtest2 WHERE id BETWEEN 719871 AND 719880 ORDER BY c
	Sort  (cost=38.58..38.61 rows=10 width=121)
	  Sort Key: c
	  ->  Index Scan using sbtest2_pkey on sbtest2  (cost=0.43..38.42 rows=10 width=121)
	        Index Cond: ((id >= 719871) AND (id <= 719880))

table 3 : explain SELECT c FROM sbtest3 WHERE id BETWEEN 1758065 AND 1758074 ORDER BY c
	Sort  (cost=38.76..38.79 rows=10 width=121)
	  Sort Key: c
	  ->  Index Scan using sbtest3_pkey on sbtest3  (cost=0.43..38.60 rows=10 width=121)
	        Index Cond: ((id >= 1758065) AND (id <= 1758074))

table 4 : explain SELECT c FROM sbtest4 WHERE id BETWEEN 398673 AND 398682 ORDER BY c
	Sort  (cost=38.90..38.92 rows=10 width=121)
	  Sort Key: c
	  ->  Index Scan using sbtest4_pkey on sbtest4  (cost=0.43..38.73 rows=10 width=121)
	        Index Cond: ((id >= 398673) AND (id <= 398682))

table 5 : explain SELECT c FROM sbtest5 WHERE id BETWEEN 9404526 AND 9404535 ORDER BY c
	Sort  (cost=35.34..35.37 rows=9 width=121)
	  Sort Key: c
	  ->  Index Scan using sbtest5_pkey on sbtest5  (cost=0.43..35.20 rows=9 width=121)
	        Index Cond: ((id >= 9404526) AND (id <= 9404535))

table 6 : explain SELECT c FROM sbtest6 WHERE id BETWEEN 4984874 AND 4984883 ORDER BY c
	Sort  (cost=42.79..42.82 rows=11 width=121)
	  Sort Key: c
	  ->  Index Scan using sbtest6_pkey on sbtest6  (cost=0.43..42.60 rows=11 width=121)
	        Index Cond: ((id >= 4984874) AND (id <= 4984883))

table 7 : explain SELECT c FROM sbtest7 WHERE id BETWEEN 9501148 AND 9501157 ORDER BY c
	Sort  (cost=38.71..38.74 rows=10 width=121)
	  Sort Key: c
	  ->  Index Scan using sbtest7_pkey on sbtest7  (cost=0.43..38.55 rows=10 width=121)
	        Index Cond: ((id >= 9501148) AND (id <= 9501157))

table 8 : explain SELECT c FROM sbtest8 WHERE id BETWEEN 8013697 AND 8013706 ORDER BY c
	Sort  (cost=35.13..35.15 rows=9 width=121)
	  Sort Key: c
	  ->  Index Scan using sbtest8_pkey on sbtest8  (cost=0.43..34.99 rows=9 width=121)
	        Index Cond: ((id >= 8013697) AND (id <= 8013706))

for non_index_updates
table 1 : explain UPDATE sbtest1 SET c='foobar' WHERE id=4837399
	Update on sbtest1  (cost=0.43..8.45 rows=1 width=559)
	  ->  Index Scan using sbtest1_pkey on sbtest1  (cost=0.43..8.45 rows=1 width=559)
	        Index Cond: (id = 4837399)

table 2 : explain UPDATE sbtest2 SET c='foobar' WHERE id=3240499
	Update on sbtest2  (cost=0.43..8.45 rows=1 width=559)
	  ->  Index Scan using sbtest2_pkey on sbtest2  (cost=0.43..8.45 rows=1 width=559)
	        Index Cond: (id = 3240499)

table 3 : explain UPDATE sbtest3 SET c='foobar' WHERE id=8258982
	Update on sbtest3  (cost=0.43..8.45 rows=1 width=559)
	  ->  Index Scan using sbtest3_pkey on sbtest3  (cost=0.43..8.45 rows=1 width=559)
	        Index Cond: (id = 8258982)

table 4 : explain UPDATE sbtest4 SET c='foobar' WHERE id=4533974
	Update on sbtest4  (cost=0.43..8.45 rows=1 width=559)
	  ->  Index Scan using sbtest4_pkey on sbtest4  (cost=0.43..8.45 rows=1 width=559)
	        Index Cond: (id = 4533974)

table 5 : explain UPDATE sbtest5 SET c='foobar' WHERE id=1088977
	Update on sbtest5  (cost=0.43..8.45 rows=1 width=559)
	  ->  Index Scan using sbtest5_pkey on sbtest5  (cost=0.43..8.45 rows=1 width=559)
	        Index Cond: (id = 1088977)

table 6 : explain UPDATE sbtest6 SET c='foobar' WHERE id=6039284
	Update on sbtest6  (cost=0.43..8.45 rows=1 width=559)
	  ->  Index Scan using sbtest6_pkey on sbtest6  (cost=0.43..8.45 rows=1 width=559)
	        Index Cond: (id = 6039284)

table 7 : explain UPDATE sbtest7 SET c='foobar' WHERE id=3171378
	Update on sbtest7  (cost=0.43..8.45 rows=1 width=559)
	  ->  Index Scan using sbtest7_pkey on sbtest7  (cost=0.43..8.45 rows=1 width=559)
	        Index Cond: (id = 3171378)

table 8 : explain UPDATE sbtest8 SET c='foobar' WHERE id=5113885
	Update on sbtest8  (cost=0.43..8.45 rows=1 width=559)
	  ->  Index Scan using sbtest8_pkey on sbtest8  (cost=0.43..8.45 rows=1 width=559)
	        Index Cond: (id = 5113885)

explain: for inserts :: explain INSERT INTO sbtest%u (id, k, c, pad) VALUES (%u, 13, 'foobar', 'foobar')
for index_updates
table 1 : explain UPDATE sbtest1 SET k=k+1 WHERE id=2721812
	Update on sbtest1  (cost=0.43..8.46 rows=1 width=196)
	  ->  Index Scan using sbtest1_pkey on sbtest1  (cost=0.43..8.46 rows=1 width=196)
	        Index Cond: (id = 2721812)

table 2 : explain UPDATE sbtest2 SET k=k+1 WHERE id=5224100
	Update on sbtest2  (cost=0.43..8.46 rows=1 width=196)
	  ->  Index Scan using sbtest2_pkey on sbtest2  (cost=0.43..8.46 rows=1 width=196)
	        Index Cond: (id = 5224100)

table 3 : explain UPDATE sbtest3 SET k=k+1 WHERE id=8809682
	Update on sbtest3  (cost=0.43..8.46 rows=1 width=196)
	  ->  Index Scan using sbtest3_pkey on sbtest3  (cost=0.43..8.46 rows=1 width=196)
	        Index Cond: (id = 8809682)

table 4 : explain UPDATE sbtest4 SET k=k+1 WHERE id=8354823
	Update on sbtest4  (cost=0.43..8.46 rows=1 width=196)
	  ->  Index Scan using sbtest4_pkey on sbtest4  (cost=0.43..8.46 rows=1 width=196)
	        Index Cond: (id = 8354823)

table 5 : explain UPDATE sbtest5 SET k=k+1 WHERE id=6863329
	Update on sbtest5  (cost=0.43..8.46 rows=1 width=196)
	  ->  Index Scan using sbtest5_pkey on sbtest5  (cost=0.43..8.46 rows=1 width=196)
	        Index Cond: (id = 6863329)

table 6 : explain UPDATE sbtest6 SET k=k+1 WHERE id=8568042
	Update on sbtest6  (cost=0.43..8.46 rows=1 width=196)
	  ->  Index Scan using sbtest6_pkey on sbtest6  (cost=0.43..8.46 rows=1 width=196)
	        Index Cond: (id = 8568042)

table 7 : explain UPDATE sbtest7 SET k=k+1 WHERE id=1888082
	Update on sbtest7  (cost=0.43..8.46 rows=1 width=196)
	  ->  Index Scan using sbtest7_pkey on sbtest7  (cost=0.43..8.46 rows=1 width=196)
	        Index Cond: (id = 1888082)

table 8 : explain UPDATE sbtest8 SET k=k+1 WHERE id=4930173
	Update on sbtest8  (cost=0.43..8.46 rows=1 width=196)
	  ->  Index Scan using sbtest8_pkey on sbtest8  (cost=0.43..8.46 rows=1 width=196)
	        Index Cond: (id = 4930173)

for inserts
table 1 : explain INSERT INTO sbtest1 (id, k, c, pad) VALUES (961893, 13, 'foobar', 'foobar')
	Insert on sbtest1  (cost=0.00..0.01 rows=1 width=736)
	  ->  Result  (cost=0.00..0.01 rows=1 width=736)

table 2 : explain INSERT INTO sbtest2 (id, k, c, pad) VALUES (4598603, 13, 'foobar', 'foobar')
	Insert on sbtest2  (cost=0.00..0.01 rows=1 width=736)
	  ->  Result  (cost=0.00..0.01 rows=1 width=736)

table 3 : explain INSERT INTO sbtest3 (id, k, c, pad) VALUES (7820045, 13, 'foobar', 'foobar')
	Insert on sbtest3  (cost=0.00..0.01 rows=1 width=736)
	  ->  Result  (cost=0.00..0.01 rows=1 width=736)

table 4 : explain INSERT INTO sbtest4 (id, k, c, pad) VALUES (3975556, 13, 'foobar', 'foobar')
	Insert on sbtest4  (cost=0.00..0.01 rows=1 width=736)
	  ->  Result  (cost=0.00..0.01 rows=1 width=736)

table 5 : explain INSERT INTO sbtest5 (id, k, c, pad) VALUES (20389, 13, 'foobar', 'foobar')
	Insert on sbtest5  (cost=0.00..0.01 rows=1 width=736)
	  ->  Result  (cost=0.00..0.01 rows=1 width=736)

table 6 : explain INSERT INTO sbtest6 (id, k, c, pad) VALUES (3426941, 13, 'foobar', 'foobar')
	Insert on sbtest6  (cost=0.00..0.01 rows=1 width=736)
	  ->  Result  (cost=0.00..0.01 rows=1 width=736)

table 7 : explain INSERT INTO sbtest7 (id, k, c, pad) VALUES (6906487, 13, 'foobar', 'foobar')
	Insert on sbtest7  (cost=0.00..0.01 rows=1 width=736)
	  ->  Result  (cost=0.00..0.01 rows=1 width=736)

table 8 : explain INSERT INTO sbtest8 (id, k, c, pad) VALUES (7549245, 13, 'foobar', 'foobar')
	Insert on sbtest8  (cost=0.00..0.01 rows=1 width=736)
	  ->  Result  (cost=0.00..0.01 rows=1 width=736)

for point_selects
table 1 : explain SELECT c FROM sbtest1 WHERE id=3621642
	Index Scan using sbtest1_pkey on sbtest1  (cost=0.43..8.45 rows=1 width=121)
	  Index Cond: (id = 3621642)

table 2 : explain SELECT c FROM sbtest2 WHERE id=5051464
	Index Scan using sbtest2_pkey on sbtest2  (cost=0.43..8.45 rows=1 width=121)
	  Index Cond: (id = 5051464)

table 3 : explain SELECT c FROM sbtest3 WHERE id=8461715
	Index Scan using sbtest3_pkey on sbtest3  (cost=0.43..8.45 rows=1 width=121)
	  Index Cond: (id = 8461715)

table 4 : explain SELECT c FROM sbtest4 WHERE id=740912
	Index Scan using sbtest4_pkey on sbtest4  (cost=0.43..8.45 rows=1 width=121)
	  Index Cond: (id = 740912)

table 5 : explain SELECT c FROM sbtest5 WHERE id=7488696
	Index Scan using sbtest5_pkey on sbtest5  (cost=0.43..8.45 rows=1 width=121)
	  Index Cond: (id = 7488696)

table 6 : explain SELECT c FROM sbtest6 WHERE id=3115068
	Index Scan using sbtest6_pkey on sbtest6  (cost=0.43..8.45 rows=1 width=121)
	  Index Cond: (id = 3115068)

table 7 : explain SELECT c FROM sbtest7 WHERE id=8355620
	Index Scan using sbtest7_pkey on sbtest7  (cost=0.43..8.45 rows=1 width=121)
	  Index Cond: (id = 8355620)

table 8 : explain SELECT c FROM sbtest8 WHERE id=5709623
	Index Scan using sbtest8_pkey on sbtest8  (cost=0.43..8.45 rows=1 width=121)
	  Index Cond: (id = 5709623)

for point_selects
table 1 : explain SELECT c FROM sbtest1 WHERE id=2926321
	Index Scan using sbtest1_pkey on sbtest1  (cost=0.43..8.45 rows=1 width=121)
	  Index Cond: (id = 2926321)

table 2 : explain SELECT c FROM sbtest2 WHERE id=8047236
	Index Scan using sbtest2_pkey on sbtest2  (cost=0.43..8.45 rows=1 width=121)
	  Index Cond: (id = 8047236)

table 3 : explain SELECT c FROM sbtest3 WHERE id=3184996
	Index Scan using sbtest3_pkey on sbtest3  (cost=0.43..8.45 rows=1 width=121)
	  Index Cond: (id = 3184996)

table 4 : explain SELECT c FROM sbtest4 WHERE id=7239686
	Index Scan using sbtest4_pkey on sbtest4  (cost=0.43..8.45 rows=1 width=121)
	  Index Cond: (id = 7239686)

table 5 : explain SELECT c FROM sbtest5 WHERE id=2531755
	Index Scan using sbtest5_pkey on sbtest5  (cost=0.43..8.45 rows=1 width=121)
	  Index Cond: (id = 2531755)

table 6 : explain SELECT c FROM sbtest6 WHERE id=3004541
	Index Scan using sbtest6_pkey on sbtest6  (cost=0.43..8.45 rows=1 width=121)
	  Index Cond: (id = 3004541)

table 7 : explain SELECT c FROM sbtest7 WHERE id=7713850
	Index Scan using sbtest7_pkey on sbtest7  (cost=0.43..8.45 rows=1 width=121)
	  Index Cond: (id = 7713850)

table 8 : explain SELECT c FROM sbtest8 WHERE id=9211681
	Index Scan using sbtest8_pkey on sbtest8  (cost=0.43..8.45 rows=1 width=121)
	  Index Cond: (id = 9211681)

for: sum_ranges
table 1 : explain SELECT SUM(k) FROM sbtest1 WHERE id BETWEEN 4590471 AND 4590480
	Aggregate  (cost=38.54..38.55 rows=1 width=8)
	  ->  Index Scan using sbtest1_pkey on sbtest1  (cost=0.43..38.52 rows=10 width=4)
	        Index Cond: ((id >= 4590471) AND (id <= 4590480))

table 2 : explain SELECT SUM(k) FROM sbtest2 WHERE id BETWEEN 9235926 AND 9235935
	Aggregate  (cost=38.44..38.45 rows=1 width=8)
	  ->  Index Scan using sbtest2_pkey on sbtest2  (cost=0.43..38.42 rows=10 width=4)
	        Index Cond: ((id >= 9235926) AND (id <= 9235935))

table 3 : explain SELECT SUM(k) FROM sbtest3 WHERE id BETWEEN 5195667 AND 5195676
	Aggregate  (cost=38.62..38.63 rows=1 width=8)
	  ->  Index Scan using sbtest3_pkey on sbtest3  (cost=0.43..38.60 rows=10 width=4)
	        Index Cond: ((id >= 5195667) AND (id <= 5195676))

table 4 : explain SELECT SUM(k) FROM sbtest4 WHERE id BETWEEN 3481431 AND 3481440
	Aggregate  (cost=38.76..38.77 rows=1 width=8)
	  ->  Index Scan using sbtest4_pkey on sbtest4  (cost=0.43..38.73 rows=10 width=4)
	        Index Cond: ((id >= 3481431) AND (id <= 3481440))

table 5 : explain SELECT SUM(k) FROM sbtest5 WHERE id BETWEEN 2244217 AND 2244226
	Aggregate  (cost=41.91..41.92 rows=1 width=8)
	  ->  Index Scan using sbtest5_pkey on sbtest5  (cost=0.43..41.89 rows=11 width=4)
	        Index Cond: ((id >= 2244217) AND (id <= 2244226))

table 6 : explain SELECT SUM(k) FROM sbtest6 WHERE id BETWEEN 2594563 AND 2594572
	Aggregate  (cost=39.21..39.22 rows=1 width=8)
	  ->  Index Scan using sbtest6_pkey on sbtest6  (cost=0.43..39.19 rows=10 width=4)
	        Index Cond: ((id >= 2594563) AND (id <= 2594572))

table 7 : explain SELECT SUM(k) FROM sbtest7 WHERE id BETWEEN 7406815 AND 7406824
	Aggregate  (cost=38.57..38.58 rows=1 width=8)
	  ->  Index Scan using sbtest7_pkey on sbtest7  (cost=0.43..38.55 rows=10 width=4)
	        Index Cond: ((id >= 7406815) AND (id <= 7406824))

table 8 : explain SELECT SUM(k) FROM sbtest8 WHERE id BETWEEN 4606536 AND 4606545
	Aggregate  (cost=38.33..38.34 rows=1 width=8)
	  ->  Index Scan using sbtest8_pkey on sbtest8  (cost=0.43..38.30 rows=10 width=4)
	        Index Cond: ((id >= 4606536) AND (id <= 4606545))

explain: for non_index_updates :: explain UPDATE sbtest%u SET c='foobar' WHERE id=%u
for inserts
table 1 : explain INSERT INTO sbtest1 (id, k, c, pad) VALUES (5079186, 13, 'foobar', 'foobar')
	Insert on sbtest1  (cost=0.00..0.01 rows=1 width=736)
	  ->  Result  (cost=0.00..0.01 rows=1 width=736)

table 2 : explain INSERT INTO sbtest2 (id, k, c, pad) VALUES (3647481, 13, 'foobar', 'foobar')
	Insert on sbtest2  (cost=0.00..0.01 rows=1 width=736)
	  ->  Result  (cost=0.00..0.01 rows=1 width=736)

table 3 : explain INSERT INTO sbtest3 (id, k, c, pad) VALUES (2068335, 13, 'foobar', 'foobar')
	Insert on sbtest3  (cost=0.00..0.01 rows=1 width=736)
	  ->  Result  (cost=0.00..0.01 rows=1 width=736)

table 4 : explain INSERT INTO sbtest4 (id, k, c, pad) VALUES (591720, 13, 'foobar', 'foobar')
	Insert on sbtest4  (cost=0.00..0.01 rows=1 width=736)
	  ->  Result  (cost=0.00..0.01 rows=1 width=736)

table 5 : explain INSERT INTO sbtest5 (id, k, c, pad) VALUES (6231995, 13, 'foobar', 'foobar')
	Insert on sbtest5  (cost=0.00..0.01 rows=1 width=736)
	  ->  Result  (cost=0.00..0.01 rows=1 width=736)

table 6 : explain INSERT INTO sbtest6 (id, k, c, pad) VALUES (9473980, 13, 'foobar', 'foobar')
	Insert on sbtest6  (cost=0.00..0.01 rows=1 width=736)
	  ->  Result  (cost=0.00..0.01 rows=1 width=736)

table 7 : explain INSERT INTO sbtest7 (id, k, c, pad) VALUES (2216964, 13, 'foobar', 'foobar')
	Insert on sbtest7  (cost=0.00..0.01 rows=1 width=736)
	  ->  Result  (cost=0.00..0.01 rows=1 width=736)

table 8 : explain INSERT INTO sbtest8 (id, k, c, pad) VALUES (2896549, 13, 'foobar', 'foobar')
	Insert on sbtest8  (cost=0.00..0.01 rows=1 width=736)
	  ->  Result  (cost=0.00..0.01 rows=1 width=736)

explain: for deletes :: explain DELETE FROM sbtest%u WHERE id=%u
for: distinct_ranges
table 1 : explain SELECT DISTINCT c FROM sbtest1 WHERE id BETWEEN 6946247 AND 6946256 ORDER BY c
	Unique  (cost=38.68..38.73 rows=10 width=121)
	  ->  Sort  (cost=38.68..38.71 rows=10 width=121)
	        Sort Key: c
	        ->  Index Scan using sbtest1_pkey on sbtest1  (cost=0.43..38.52 rows=10 width=121)
	              Index Cond: ((id >= 6946247) AND (id <= 6946256))

table 2 : explain SELECT DISTINCT c FROM sbtest2 WHERE id BETWEEN 1492324 AND 1492333 ORDER BY c
	Unique  (cost=41.94..41.99 rows=11 width=121)
	  ->  Sort  (cost=41.94..41.96 rows=11 width=121)
	        Sort Key: c
	        ->  Index Scan using sbtest2_pkey on sbtest2  (cost=0.43..41.75 rows=11 width=121)
	              Index Cond: ((id >= 1492324) AND (id <= 1492333))

table 3 : explain SELECT DISTINCT c FROM sbtest3 WHERE id BETWEEN 1838775 AND 1838784 ORDER BY c
	Unique  (cost=38.76..38.81 rows=10 width=121)
	  ->  Sort  (cost=38.76..38.79 rows=10 width=121)
	        Sort Key: c
	        ->  Index Scan using sbtest3_pkey on sbtest3  (cost=0.43..38.60 rows=10 width=121)
	              Index Cond: ((id >= 1838775) AND (id <= 1838784))

table 4 : explain SELECT DISTINCT c FROM sbtest4 WHERE id BETWEEN 8348796 AND 8348805 ORDER BY c
	Unique  (cost=38.90..38.95 rows=10 width=121)
	  ->  Sort  (cost=38.90..38.92 rows=10 width=121)
	        Sort Key: c
	        ->  Index Scan using sbtest4_pkey on sbtest4  (cost=0.43..38.73 rows=10 width=121)
	              Index Cond: ((id >= 8348796) AND (id <= 8348805))

table 5 : explain SELECT DISTINCT c FROM sbtest5 WHERE id BETWEEN 846873 AND 846882 ORDER BY c
	Unique  (cost=38.71..38.76 rows=10 width=121)
	  ->  Sort  (cost=38.71..38.73 rows=10 width=121)
	        Sort Key: c
	        ->  Index Scan using sbtest5_pkey on sbtest5  (cost=0.43..38.54 rows=10 width=121)
	              Index Cond: ((id >= 846873) AND (id <= 846882))

table 6 : explain SELECT DISTINCT c FROM sbtest6 WHERE id BETWEEN 3154944 AND 3154953 ORDER BY c
	Unique  (cost=42.79..42.85 rows=11 width=121)
	  ->  Sort  (cost=42.79..42.82 rows=11 width=121)
	        Sort Key: c
	        ->  Index Scan using sbtest6_pkey on sbtest6  (cost=0.43..42.60 rows=11 width=121)
	              Index Cond: ((id >= 3154944) AND (id <= 3154953))

table 7 : explain SELECT DISTINCT c FROM sbtest7 WHERE id BETWEEN 1427 AND 1436 ORDER BY c
	Unique  (cost=35.35..35.39 rows=9 width=121)
	  ->  Sort  (cost=35.35..35.37 rows=9 width=121)
	        Sort Key: c
	        ->  Index Scan using sbtest7_pkey on sbtest7  (cost=0.43..35.20 rows=9 width=121)
	              Index Cond: ((id >= 1427) AND (id <= 1436))

table 8 : explain SELECT DISTINCT c FROM sbtest8 WHERE id BETWEEN 7362218 AND 7362227 ORDER BY c
	Unique  (cost=38.47..38.52 rows=10 width=121)
	  ->  Sort  (cost=38.47..38.50 rows=10 width=121)
	        Sort Key: c
	        ->  Index Scan using sbtest8_pkey on sbtest8  (cost=0.43..38.30 rows=10 width=121)
	              Index Cond: ((id >= 7362218) AND (id <= 7362227))

for non_index_updates
table 1 : explain UPDATE sbtest1 SET c='foobar' WHERE id=9594275
	Update on sbtest1  (cost=0.43..8.45 rows=1 width=559)
	  ->  Index Scan using sbtest1_pkey on sbtest1  (cost=0.43..8.45 rows=1 width=559)
	        Index Cond: (id = 9594275)

table 2 : explain UPDATE sbtest2 SET c='foobar' WHERE id=7875875
	Update on sbtest2  (cost=0.43..8.45 rows=1 width=559)
	  ->  Index Scan using sbtest2_pkey on sbtest2  (cost=0.43..8.45 rows=1 width=559)
	        Index Cond: (id = 7875875)

table 3 : explain UPDATE sbtest3 SET c='foobar' WHERE id=5997563
	Update on sbtest3  (cost=0.43..8.45 rows=1 width=559)
	  ->  Index Scan using sbtest3_pkey on sbtest3  (cost=0.43..8.45 rows=1 width=559)
	        Index Cond: (id = 5997563)

table 4 : explain UPDATE sbtest4 SET c='foobar' WHERE id=1947528
	Update on sbtest4  (cost=0.43..8.45 rows=1 width=559)
	  ->  Index Scan using sbtest4_pkey on sbtest4  (cost=0.43..8.45 rows=1 width=559)
	        Index Cond: (id = 1947528)

table 5 : explain UPDATE sbtest5 SET c='foobar' WHERE id=705459
	Update on sbtest5  (cost=0.43..8.45 rows=1 width=559)
	  ->  Index Scan using sbtest5_pkey on sbtest5  (cost=0.43..8.45 rows=1 width=559)
	        Index Cond: (id = 705459)

table 6 : explain UPDATE sbtest6 SET c='foobar' WHERE id=6909790
	Update on sbtest6  (cost=0.43..8.45 rows=1 width=559)
	  ->  Index Scan using sbtest6_pkey on sbtest6  (cost=0.43..8.45 rows=1 width=559)
	        Index Cond: (id = 6909790)

table 7 : explain UPDATE sbtest7 SET c='foobar' WHERE id=5666775
	Update on sbtest7  (cost=0.43..8.45 rows=1 width=559)
	  ->  Index Scan using sbtest7_pkey on sbtest7  (cost=0.43..8.45 rows=1 width=559)
	        Index Cond: (id = 5666775)

table 8 : explain UPDATE sbtest8 SET c='foobar' WHERE id=3402891
	Update on sbtest8  (cost=0.43..8.45 rows=1 width=559)
	  ->  Index Scan using sbtest8_pkey on sbtest8  (cost=0.43..8.45 rows=1 width=559)
	        Index Cond: (id = 3402891)

for: simple_ranges
table 1 : explain SELECT c FROM sbtest1 WHERE id BETWEEN 7629646 AND 7629655
	Index Scan using sbtest1_pkey on sbtest1  (cost=0.43..38.52 rows=10 width=121)
	  Index Cond: ((id >= 7629646) AND (id <= 7629655))

table 2 : explain SELECT c FROM sbtest2 WHERE id BETWEEN 1197188 AND 1197197
	Index Scan using sbtest2_pkey on sbtest2  (cost=0.43..35.09 rows=9 width=121)
	  Index Cond: ((id >= 1197188) AND (id <= 1197197))

table 3 : explain SELECT c FROM sbtest3 WHERE id BETWEEN 2353151 AND 2353160
	Index Scan using sbtest3_pkey on sbtest3  (cost=0.43..41.95 rows=11 width=121)
	  Index Cond: ((id >= 2353151) AND (id <= 2353160))

table 4 : explain SELECT c FROM sbtest4 WHERE id BETWEEN 8784338 AND 8784347
	Index Scan using sbtest4_pkey on sbtest4  (cost=0.43..38.73 rows=10 width=121)
	  Index Cond: ((id >= 8784338) AND (id <= 8784347))

table 5 : explain SELECT c FROM sbtest5 WHERE id BETWEEN 7197919 AND 7197928
	Index Scan using sbtest5_pkey on sbtest5  (cost=0.43..38.54 rows=10 width=121)
	  Index Cond: ((id >= 7197919) AND (id <= 7197928))

table 6 : explain SELECT c FROM sbtest6 WHERE id BETWEEN 8997789 AND 8997798
	Index Scan using sbtest6_pkey on sbtest6  (cost=0.43..35.77 rows=9 width=121)
	  Index Cond: ((id >= 8997789) AND (id <= 8997798))

table 7 : explain SELECT c FROM sbtest7 WHERE id BETWEEN 4771991 AND 4772000
	Index Scan using sbtest7_pkey on sbtest7  (cost=0.43..35.20 rows=9 width=121)
	  Index Cond: ((id >= 4771991) AND (id <= 4772000))

table 8 : explain SELECT c FROM sbtest8 WHERE id BETWEEN 6741878 AND 6741887
	Index Scan using sbtest8_pkey on sbtest8  (cost=0.43..41.62 rows=11 width=121)
	  Index Cond: ((id >= 6741878) AND (id <= 6741887))

for: distinct_ranges
table 1 : explain SELECT DISTINCT c FROM sbtest1 WHERE id BETWEEN 2512472 AND 2512481 ORDER BY c
	Unique  (cost=38.68..38.73 rows=10 width=121)
	  ->  Sort  (cost=38.68..38.71 rows=10 width=121)
	        Sort Key: c
	        ->  Index Scan using sbtest1_pkey on sbtest1  (cost=0.43..38.52 rows=10 width=121)
	              Index Cond: ((id >= 2512472) AND (id <= 2512481))

table 2 : explain SELECT DISTINCT c FROM sbtest2 WHERE id BETWEEN 986602 AND 986611 ORDER BY c
	Unique  (cost=35.23..35.28 rows=9 width=121)
	  ->  Sort  (cost=35.23..35.25 rows=9 width=121)
	        Sort Key: c
	        ->  Index Scan using sbtest2_pkey on sbtest2  (cost=0.43..35.09 rows=9 width=121)
	              Index Cond: ((id >= 986602) AND (id <= 986611))

table 3 : explain SELECT DISTINCT c FROM sbtest3 WHERE id BETWEEN 598554 AND 598563 ORDER BY c
	Unique  (cost=35.39..35.44 rows=9 width=121)
	  ->  Sort  (cost=35.39..35.41 rows=9 width=121)
	        Sort Key: c
	        ->  Index Scan using sbtest3_pkey on sbtest3  (cost=0.43..35.25 rows=9 width=121)
	              Index Cond: ((id >= 598554) AND (id <= 598563))

table 4 : explain SELECT DISTINCT c FROM sbtest4 WHERE id BETWEEN 379562 AND 379571 ORDER BY c
	Unique  (cost=38.90..38.95 rows=10 width=121)
	  ->  Sort  (cost=38.90..38.92 rows=10 width=121)
	        Sort Key: c
	        ->  Index Scan using sbtest4_pkey on sbtest4  (cost=0.43..38.73 rows=10 width=121)
	              Index Cond: ((id >= 379562) AND (id <= 379571))

table 5 : explain SELECT DISTINCT c FROM sbtest5 WHERE id BETWEEN 8729043 AND 8729052 ORDER BY c
	Unique  (cost=42.08..42.13 rows=11 width=121)
	  ->  Sort  (cost=42.08..42.10 rows=11 width=121)
	        Sort Key: c
	        ->  Index Scan using sbtest5_pkey on sbtest5  (cost=0.43..41.89 rows=11 width=121)
	              Index Cond: ((id >= 8729043) AND (id <= 8729052))

table 6 : explain SELECT DISTINCT c FROM sbtest6 WHERE id BETWEEN 4998370 AND 4998379 ORDER BY c
	Unique  (cost=42.79..42.85 rows=11 width=121)
	  ->  Sort  (cost=42.79..42.82 rows=11 width=121)
	        Sort Key: c
	        ->  Index Scan using sbtest6_pkey on sbtest6  (cost=0.43..42.60 rows=11 width=121)
	              Index Cond: ((id >= 4998370) AND (id <= 4998379))

table 7 : explain SELECT DISTINCT c FROM sbtest7 WHERE id BETWEEN 593927 AND 593936 ORDER BY c
	Unique  (cost=38.71..38.76 rows=10 width=121)
	  ->  Sort  (cost=38.71..38.74 rows=10 width=121)
	        Sort Key: c
	        ->  Index Scan using sbtest7_pkey on sbtest7  (cost=0.43..38.55 rows=10 width=121)
	              Index Cond: ((id >= 593927) AND (id <= 593936))

table 8 : explain SELECT DISTINCT c FROM sbtest8 WHERE id BETWEEN 2551806 AND 2551815 ORDER BY c
	Unique  (cost=38.47..38.52 rows=10 width=121)
	  ->  Sort  (cost=38.47..38.50 rows=10 width=121)
	        Sort Key: c
	        ->  Index Scan using sbtest8_pkey on sbtest8  (cost=0.43..38.30 rows=10 width=121)
	              Index Cond: ((id >= 2551806) AND (id <= 2551815))

explain: for deletes :: explain DELETE FROM sbtest%u WHERE id=%u
explain: for index_updates :: explain UPDATE sbtest%u SET k=k+1 WHERE id=%u
for: simple_ranges
table 1 : explain SELECT c FROM sbtest1 WHERE id BETWEEN 2604506 AND 2604515
	Index Scan using sbtest1_pkey on sbtest1  (cost=0.43..38.52 rows=10 width=121)
	  Index Cond: ((id >= 2604506) AND (id <= 2604515))

table 2 : explain SELECT c FROM sbtest2 WHERE id BETWEEN 4987818 AND 4987827
	Index Scan using sbtest2_pkey on sbtest2  (cost=0.43..38.42 rows=10 width=121)
	  Index Cond: ((id >= 4987818) AND (id <= 4987827))

table 3 : explain SELECT c FROM sbtest3 WHERE id BETWEEN 8677743 AND 8677752
	Index Scan using sbtest3_pkey on sbtest3  (cost=0.43..38.60 rows=10 width=121)
	  Index Cond: ((id >= 8677743) AND (id <= 8677752))

table 4 : explain SELECT c FROM sbtest4 WHERE id BETWEEN 9107852 AND 9107861
	Index Scan using sbtest4_pkey on sbtest4  (cost=0.43..38.73 rows=10 width=121)
	  Index Cond: ((id >= 9107852) AND (id <= 9107861))

table 5 : explain SELECT c FROM sbtest5 WHERE id BETWEEN 335421 AND 335430
	Index Scan using sbtest5_pkey on sbtest5  (cost=0.43..41.89 rows=11 width=121)
	  Index Cond: ((id >= 335421) AND (id <= 335430))

table 6 : explain SELECT c FROM sbtest6 WHERE id BETWEEN 9058433 AND 9058442
	Index Scan using sbtest6_pkey on sbtest6  (cost=0.43..35.77 rows=9 width=121)
	  Index Cond: ((id >= 9058433) AND (id <= 9058442))

table 7 : explain SELECT c FROM sbtest7 WHERE id BETWEEN 4910758 AND 4910767
	Index Scan using sbtest7_pkey on sbtest7  (cost=0.43..38.55 rows=10 width=121)
	  Index Cond: ((id >= 4910758) AND (id <= 4910767))

table 8 : explain SELECT c FROM sbtest8 WHERE id BETWEEN 3266993 AND 3267002
	Index Scan using sbtest8_pkey on sbtest8  (cost=0.43..41.62 rows=11 width=121)
	  Index Cond: ((id >= 3266993) AND (id <= 3267002))

for deletes
table 1 : explain DELETE FROM sbtest1 WHERE id=4152736
	Delete on sbtest1  (cost=0.43..8.45 rows=1 width=6)
	  ->  Index Scan using sbtest1_pkey on sbtest1  (cost=0.43..8.45 rows=1 width=6)
	        Index Cond: (id = 4152736)

table 2 : explain DELETE FROM sbtest2 WHERE id=1986463
	Delete on sbtest2  (cost=0.43..8.45 rows=1 width=6)
	  ->  Index Scan using sbtest2_pkey on sbtest2  (cost=0.43..8.45 rows=1 width=6)
	        Index Cond: (id = 1986463)

table 3 : explain DELETE FROM sbtest3 WHERE id=2039538
	Delete on sbtest3  (cost=0.43..8.45 rows=1 width=6)
	  ->  Index Scan using sbtest3_pkey on sbtest3  (cost=0.43..8.45 rows=1 width=6)
	        Index Cond: (id = 2039538)

table 4 : explain DELETE FROM sbtest4 WHERE id=3721582
	Delete on sbtest4  (cost=0.43..8.45 rows=1 width=6)
	  ->  Index Scan using sbtest4_pkey on sbtest4  (cost=0.43..8.45 rows=1 width=6)
	        Index Cond: (id = 3721582)

table 5 : explain DELETE FROM sbtest5 WHERE id=6682370
	Delete on sbtest5  (cost=0.43..8.45 rows=1 width=6)
	  ->  Index Scan using sbtest5_pkey on sbtest5  (cost=0.43..8.45 rows=1 width=6)
	        Index Cond: (id = 6682370)

table 6 : explain DELETE FROM sbtest6 WHERE id=1845894
	Delete on sbtest6  (cost=0.43..8.45 rows=1 width=6)
	  ->  Index Scan using sbtest6_pkey on sbtest6  (cost=0.43..8.45 rows=1 width=6)
	        Index Cond: (id = 1845894)

table 7 : explain DELETE FROM sbtest7 WHERE id=6698302
	Delete on sbtest7  (cost=0.43..8.45 rows=1 width=6)
	  ->  Index Scan using sbtest7_pkey on sbtest7  (cost=0.43..8.45 rows=1 width=6)
	        Index Cond: (id = 6698302)

table 8 : explain DELETE FROM sbtest8 WHERE id=594572
	Delete on sbtest8  (cost=0.43..8.45 rows=1 width=6)
	  ->  Index Scan using sbtest8_pkey on sbtest8  (cost=0.43..8.45 rows=1 width=6)
	        Index Cond: (id = 594572)

for deletes
table 1 : explain DELETE FROM sbtest1 WHERE id=9277107
	Delete on sbtest1  (cost=0.43..8.45 rows=1 width=6)
	  ->  Index Scan using sbtest1_pkey on sbtest1  (cost=0.43..8.45 rows=1 width=6)
	        Index Cond: (id = 9277107)

table 2 : explain DELETE FROM sbtest2 WHERE id=1546125
	Delete on sbtest2  (cost=0.43..8.45 rows=1 width=6)
	  ->  Index Scan using sbtest2_pkey on sbtest2  (cost=0.43..8.45 rows=1 width=6)
	        Index Cond: (id = 1546125)

table 3 : explain DELETE FROM sbtest3 WHERE id=4178349
	Delete on sbtest3  (cost=0.43..8.45 rows=1 width=6)
	  ->  Index Scan using sbtest3_pkey on sbtest3  (cost=0.43..8.45 rows=1 width=6)
	        Index Cond: (id = 4178349)

table 4 : explain DELETE FROM sbtest4 WHERE id=3635442
	Delete on sbtest4  (cost=0.43..8.45 rows=1 width=6)
	  ->  Index Scan using sbtest4_pkey on sbtest4  (cost=0.43..8.45 rows=1 width=6)
	        Index Cond: (id = 3635442)

table 5 : explain DELETE FROM sbtest5 WHERE id=549560
	Delete on sbtest5  (cost=0.43..8.45 rows=1 width=6)
	  ->  Index Scan using sbtest5_pkey on sbtest5  (cost=0.43..8.45 rows=1 width=6)
	        Index Cond: (id = 549560)

table 6 : explain DELETE FROM sbtest6 WHERE id=3800215
	Delete on sbtest6  (cost=0.43..8.45 rows=1 width=6)
	  ->  Index Scan using sbtest6_pkey on sbtest6  (cost=0.43..8.45 rows=1 width=6)
	        Index Cond: (id = 3800215)

table 7 : explain DELETE FROM sbtest7 WHERE id=7407118
	Delete on sbtest7  (cost=0.43..8.45 rows=1 width=6)
	  ->  Index Scan using sbtest7_pkey on sbtest7  (cost=0.43..8.45 rows=1 width=6)
	        Index Cond: (id = 7407118)

table 8 : explain DELETE FROM sbtest8 WHERE id=1033499
	Delete on sbtest8  (cost=0.43..8.45 rows=1 width=6)
	  ->  Index Scan using sbtest8_pkey on sbtest8  (cost=0.43..8.45 rows=1 width=6)
	        Index Cond: (id = 1033499)

for point_selects
table 1 : explain SELECT c FROM sbtest1 WHERE id=843174
	Index Scan using sbtest1_pkey on sbtest1  (cost=0.43..8.45 rows=1 width=121)
	  Index Cond: (id = 843174)

table 2 : explain SELECT c FROM sbtest2 WHERE id=5714472
	Index Scan using sbtest2_pkey on sbtest2  (cost=0.43..8.45 rows=1 width=121)
	  Index Cond: (id = 5714472)

table 3 : explain SELECT c FROM sbtest3 WHERE id=9890550
	Index Scan using sbtest3_pkey on sbtest3  (cost=0.43..8.45 rows=1 width=121)
	  Index Cond: (id = 9890550)

table 4 : explain SELECT c FROM sbtest4 WHERE id=8703680
	Index Scan using sbtest4_pkey on sbtest4  (cost=0.43..8.45 rows=1 width=121)
	  Index Cond: (id = 8703680)

table 5 : explain SELECT c FROM sbtest5 WHERE id=5084707
	Index Scan using sbtest5_pkey on sbtest5  (cost=0.43..8.45 rows=1 width=121)
	  Index Cond: (id = 5084707)

table 6 : explain SELECT c FROM sbtest6 WHERE id=6940875
	Index Scan using sbtest6_pkey on sbtest6  (cost=0.43..8.45 rows=1 width=121)
	  Index Cond: (id = 6940875)

table 7 : explain SELECT c FROM sbtest7 WHERE id=8657488
	Index Scan using sbtest7_pkey on sbtest7  (cost=0.43..8.45 rows=1 width=121)
	  Index Cond: (id = 8657488)

table 8 : explain SELECT c FROM sbtest8 WHERE id=671539
	Index Scan using sbtest8_pkey on sbtest8  (cost=0.43..8.45 rows=1 width=121)
	  Index Cond: (id = 671539)

explain: for index_updates :: explain UPDATE sbtest%u SET k=k+1 WHERE id=%u
for index_updates
table 1 : explain UPDATE sbtest1 SET k=k+1 WHERE id=8231575
	Update on sbtest1  (cost=0.43..8.46 rows=1 width=196)
	  ->  Index Scan using sbtest1_pkey on sbtest1  (cost=0.43..8.46 rows=1 width=196)
	        Index Cond: (id = 8231575)

table 2 : explain UPDATE sbtest2 SET k=k+1 WHERE id=1035394
	Update on sbtest2  (cost=0.43..8.46 rows=1 width=196)
	  ->  Index Scan using sbtest2_pkey on sbtest2  (cost=0.43..8.46 rows=1 width=196)
	        Index Cond: (id = 1035394)

table 3 : explain UPDATE sbtest3 SET k=k+1 WHERE id=4468440
	Update on sbtest3  (cost=0.43..8.46 rows=1 width=196)
	  ->  Index Scan using sbtest3_pkey on sbtest3  (cost=0.43..8.46 rows=1 width=196)
	        Index Cond: (id = 4468440)

table 4 : explain UPDATE sbtest4 SET k=k+1 WHERE id=1104219
	Update on sbtest4  (cost=0.43..8.46 rows=1 width=196)
	  ->  Index Scan using sbtest4_pkey on sbtest4  (cost=0.43..8.46 rows=1 width=196)
	        Index Cond: (id = 1104219)

table 5 : explain UPDATE sbtest5 SET k=k+1 WHERE id=5543457
	Update on sbtest5  (cost=0.43..8.46 rows=1 width=196)
	  ->  Index Scan using sbtest5_pkey on sbtest5  (cost=0.43..8.46 rows=1 width=196)
	        Index Cond: (id = 5543457)

table 6 : explain UPDATE sbtest6 SET k=k+1 WHERE id=3943551
	Update on sbtest6  (cost=0.43..8.46 rows=1 width=196)
	  ->  Index Scan using sbtest6_pkey on sbtest6  (cost=0.43..8.46 rows=1 width=196)
	        Index Cond: (id = 3943551)

table 7 : explain UPDATE sbtest7 SET k=k+1 WHERE id=2041503
	Update on sbtest7  (cost=0.43..8.46 rows=1 width=196)
	  ->  Index Scan using sbtest7_pkey on sbtest7  (cost=0.43..8.46 rows=1 width=196)
	        Index Cond: (id = 2041503)

table 8 : explain UPDATE sbtest8 SET k=k+1 WHERE id=828406
	Update on sbtest8  (cost=0.43..8.46 rows=1 width=196)
	  ->  Index Scan using sbtest8_pkey on sbtest8  (cost=0.43..8.46 rows=1 width=196)
	        Index Cond: (id = 828406)

for: sum_ranges
table 1 : explain SELECT SUM(k) FROM sbtest1 WHERE id BETWEEN 7243001 AND 7243010
	Aggregate  (cost=41.89..41.90 rows=1 width=8)
	  ->  Index Scan using sbtest1_pkey on sbtest1  (cost=0.43..41.86 rows=11 width=4)
	        Index Cond: ((id >= 7243001) AND (id <= 7243010))

table 2 : explain SELECT SUM(k) FROM sbtest2 WHERE id BETWEEN 7133224 AND 7133233
	Aggregate  (cost=41.77..41.78 rows=1 width=8)
	  ->  Index Scan using sbtest2_pkey on sbtest2  (cost=0.43..41.75 rows=11 width=4)
	        Index Cond: ((id >= 7133224) AND (id <= 7133233))

table 3 : explain SELECT SUM(k) FROM sbtest3 WHERE id BETWEEN 5651265 AND 5651274
	Aggregate  (cost=38.62..38.63 rows=1 width=8)
	  ->  Index Scan using sbtest3_pkey on sbtest3  (cost=0.43..38.60 rows=10 width=4)
	        Index Cond: ((id >= 5651265) AND (id <= 5651274))

table 4 : explain SELECT SUM(k) FROM sbtest4 WHERE id BETWEEN 7456384 AND 7456393
	Aggregate  (cost=38.76..38.77 rows=1 width=8)
	  ->  Index Scan using sbtest4_pkey on sbtest4  (cost=0.43..38.73 rows=10 width=4)
	        Index Cond: ((id >= 7456384) AND (id <= 7456393))

table 5 : explain SELECT SUM(k) FROM sbtest5 WHERE id BETWEEN 1565303 AND 1565312
	Aggregate  (cost=38.57..38.58 rows=1 width=8)
	  ->  Index Scan using sbtest5_pkey on sbtest5  (cost=0.43..38.54 rows=10 width=4)
	        Index Cond: ((id >= 1565303) AND (id <= 1565312))

table 6 : explain SELECT SUM(k) FROM sbtest6 WHERE id BETWEEN 1782624 AND 1782633
	Aggregate  (cost=39.21..39.22 rows=1 width=8)
	  ->  Index Scan using sbtest6_pkey on sbtest6  (cost=0.43..39.19 rows=10 width=4)
	        Index Cond: ((id >= 1782624) AND (id <= 1782633))

table 7 : explain SELECT SUM(k) FROM sbtest7 WHERE id BETWEEN 6908250 AND 6908259
	Aggregate  (cost=35.23..35.24 rows=1 width=8)
	  ->  Index Scan using sbtest7_pkey on sbtest7  (cost=0.43..35.20 rows=9 width=4)
	        Index Cond: ((id >= 6908250) AND (id <= 6908259))

table 8 : explain SELECT SUM(k) FROM sbtest8 WHERE id BETWEEN 7475037 AND 7475046
	Aggregate  (cost=38.33..38.34 rows=1 width=8)
	  ->  Index Scan using sbtest8_pkey on sbtest8  (cost=0.43..38.30 rows=10 width=4)
	        Index Cond: ((id >= 7475037) AND (id <= 7475046))

explain: for non_index_updates :: explain UPDATE sbtest%u SET c='foobar' WHERE id=%u
explain: for inserts :: explain INSERT INTO sbtest%u (id, k, c, pad) VALUES (%u, 13, 'foobar', 'foobar')
explain: for inserts :: explain INSERT INTO sbtest%u (id, k, c, pad) VALUES (%u, 13, 'foobar', 'foobar')
for: simple_ranges
table 1 : explain SELECT c FROM sbtest1 WHERE id BETWEEN 6615317 AND 6615326
	Index Scan using sbtest1_pkey on sbtest1  (cost=0.43..38.52 rows=10 width=121)
	  Index Cond: ((id >= 6615317) AND (id <= 6615326))

table 2 : explain SELECT c FROM sbtest2 WHERE id BETWEEN 4063942 AND 4063951
	Index Scan using sbtest2_pkey on sbtest2  (cost=0.43..35.09 rows=9 width=121)
	  Index Cond: ((id >= 4063942) AND (id <= 4063951))

table 3 : explain SELECT c FROM sbtest3 WHERE id BETWEEN 8338858 AND 8338867
	Index Scan using sbtest3_pkey on sbtest3  (cost=0.43..38.60 rows=10 width=121)
	  Index Cond: ((id >= 8338858) AND (id <= 8338867))

table 4 : explain SELECT c FROM sbtest4 WHERE id BETWEEN 2875207 AND 2875216
	Index Scan using sbtest4_pkey on sbtest4  (cost=0.43..38.73 rows=10 width=121)
	  Index Cond: ((id >= 2875207) AND (id <= 2875216))

table 5 : explain SELECT c FROM sbtest5 WHERE id BETWEEN 1865 AND 1874
	Index Scan using sbtest5_pkey on sbtest5  (cost=0.43..38.54 rows=10 width=121)
	  Index Cond: ((id >= 1865) AND (id <= 1874))

table 6 : explain SELECT c FROM sbtest6 WHERE id BETWEEN 5202052 AND 5202061
	Index Scan using sbtest6_pkey on sbtest6  (cost=0.43..42.60 rows=11 width=121)
	  Index Cond: ((id >= 5202052) AND (id <= 5202061))

table 7 : explain SELECT c FROM sbtest7 WHERE id BETWEEN 4744867 AND 4744876
	Index Scan using sbtest7_pkey on sbtest7  (cost=0.43..35.20 rows=9 width=121)
	  Index Cond: ((id >= 4744867) AND (id <= 4744876))

table 8 : explain SELECT c FROM sbtest8 WHERE id BETWEEN 8836392 AND 8836401
	Index Scan using sbtest8_pkey on sbtest8  (cost=0.43..38.30 rows=10 width=121)
	  Index Cond: ((id >= 8836392) AND (id <= 8836401))

explain: for point_selects :: explain SELECT c FROM sbtest%u WHERE id=%u
for: order_ranges
table 1 : explain SELECT c FROM sbtest1 WHERE id BETWEEN 5400112 AND 5400121 ORDER BY c
	Sort  (cost=35.32..35.34 rows=9 width=121)
	  Sort Key: c
	  ->  Index Scan using sbtest1_pkey on sbtest1  (cost=0.43..35.18 rows=9 width=121)
	        Index Cond: ((id >= 5400112) AND (id <= 5400121))

table 2 : explain SELECT c FROM sbtest2 WHERE id BETWEEN 4598332 AND 4598341 ORDER BY c
	Sort  (cost=41.94..41.96 rows=11 width=121)
	  Sort Key: c
	  ->  Index Scan using sbtest2_pkey on sbtest2  (cost=0.43..41.75 rows=11 width=121)
	        Index Cond: ((id >= 4598332) AND (id <= 4598341))

table 3 : explain SELECT c FROM sbtest3 WHERE id BETWEEN 1134397 AND 1134406 ORDER BY c
	Sort  (cost=38.76..38.79 rows=10 width=121)
	  Sort Key: c
	  ->  Index Scan using sbtest3_pkey on sbtest3  (cost=0.43..38.60 rows=10 width=121)
	        Index Cond: ((id >= 1134397) AND (id <= 1134406))

table 4 : explain SELECT c FROM sbtest4 WHERE id BETWEEN 1096220 AND 1096229 ORDER BY c
	Sort  (cost=38.90..38.92 rows=10 width=121)
	  Sort Key: c
	  ->  Index Scan using sbtest4_pkey on sbtest4  (cost=0.43..38.73 rows=10 width=121)
	        Index Cond: ((id >= 1096220) AND (id <= 1096229))

table 5 : explain SELECT c FROM sbtest5 WHERE id BETWEEN 7912988 AND 7912997 ORDER BY c
	Sort  (cost=38.71..38.73 rows=10 width=121)
	  Sort Key: c
	  ->  Index Scan using sbtest5_pkey on sbtest5  (cost=0.43..38.54 rows=10 width=121)
	        Index Cond: ((id >= 7912988) AND (id <= 7912997))

table 6 : explain SELECT c FROM sbtest6 WHERE id BETWEEN 6757329 AND 6757338 ORDER BY c
	Sort  (cost=39.36..39.38 rows=10 width=121)
	  Sort Key: c
	  ->  Index Scan using sbtest6_pkey on sbtest6  (cost=0.43..39.19 rows=10 width=121)
	        Index Cond: ((id >= 6757329) AND (id <= 6757338))

table 7 : explain SELECT c FROM sbtest7 WHERE id BETWEEN 2732167 AND 2732176 ORDER BY c
	Sort  (cost=38.71..38.74 rows=10 width=121)
	  Sort Key: c
	  ->  Index Scan using sbtest7_pkey on sbtest7  (cost=0.43..38.55 rows=10 width=121)
	        Index Cond: ((id >= 2732167) AND (id <= 2732176))

table 8 : explain SELECT c FROM sbtest8 WHERE id BETWEEN 7367670 AND 7367679 ORDER BY c
	Sort  (cost=38.47..38.50 rows=10 width=121)
	  Sort Key: c
	  ->  Index Scan using sbtest8_pkey on sbtest8  (cost=0.43..38.30 rows=10 width=121)
	        Index Cond: ((id >= 7367670) AND (id <= 7367679))

for non_index_updates
table 1 : explain UPDATE sbtest1 SET c='foobar' WHERE id=1582987
	Update on sbtest1  (cost=0.43..8.45 rows=1 width=559)
	  ->  Index Scan using sbtest1_pkey on sbtest1  (cost=0.43..8.45 rows=1 width=559)
	        Index Cond: (id = 1582987)

table 2 : explain UPDATE sbtest2 SET c='foobar' WHERE id=7596215
	Update on sbtest2  (cost=0.43..8.45 rows=1 width=559)
	  ->  Index Scan using sbtest2_pkey on sbtest2  (cost=0.43..8.45 rows=1 width=559)
	        Index Cond: (id = 7596215)

table 3 : explain UPDATE sbtest3 SET c='foobar' WHERE id=542320
	Update on sbtest3  (cost=0.43..8.45 rows=1 width=559)
	  ->  Index Scan using sbtest3_pkey on sbtest3  (cost=0.43..8.45 rows=1 width=559)
	        Index Cond: (id = 542320)

table 4 : explain UPDATE sbtest4 SET c='foobar' WHERE id=3004439
	Update on sbtest4  (cost=0.43..8.45 rows=1 width=559)
	  ->  Index Scan using sbtest4_pkey on sbtest4  (cost=0.43..8.45 rows=1 width=559)
	        Index Cond: (id = 3004439)

table 5 : explain UPDATE sbtest5 SET c='foobar' WHERE id=4606167
	Update on sbtest5  (cost=0.43..8.45 rows=1 width=559)
	  ->  Index Scan using sbtest5_pkey on sbtest5  (cost=0.43..8.45 rows=1 width=559)
	        Index Cond: (id = 4606167)

table 6 : explain UPDATE sbtest6 SET c='foobar' WHERE id=7755084
	Update on sbtest6  (cost=0.43..8.45 rows=1 width=559)
	  ->  Index Scan using sbtest6_pkey on sbtest6  (cost=0.43..8.45 rows=1 width=559)
	        Index Cond: (id = 7755084)

table 7 : explain UPDATE sbtest7 SET c='foobar' WHERE id=2351328
	Update on sbtest7  (cost=0.43..8.45 rows=1 width=559)
	  ->  Index Scan using sbtest7_pkey on sbtest7  (cost=0.43..8.45 rows=1 width=559)
	        Index Cond: (id = 2351328)

table 8 : explain UPDATE sbtest8 SET c='foobar' WHERE id=4686882
	Update on sbtest8  (cost=0.43..8.45 rows=1 width=559)
	  ->  Index Scan using sbtest8_pkey on sbtest8  (cost=0.43..8.45 rows=1 width=559)
	        Index Cond: (id = 4686882)

for inserts
table 1 : explain INSERT INTO sbtest1 (id, k, c, pad) VALUES (6749448, 13, 'foobar', 'foobar')
	Insert on sbtest1  (cost=0.00..0.01 rows=1 width=736)
	  ->  Result  (cost=0.00..0.01 rows=1 width=736)

table 2 : explain INSERT INTO sbtest2 (id, k, c, pad) VALUES (4990040, 13, 'foobar', 'foobar')
	Insert on sbtest2  (cost=0.00..0.01 rows=1 width=736)
	  ->  Result  (cost=0.00..0.01 rows=1 width=736)

table 3 : explain INSERT INTO sbtest3 (id, k, c, pad) VALUES (7815782, 13, 'foobar', 'foobar')
	Insert on sbtest3  (cost=0.00..0.01 rows=1 width=736)
	  ->  Result  (cost=0.00..0.01 rows=1 width=736)

table 4 : explain INSERT INTO sbtest4 (id, k, c, pad) VALUES (7075166, 13, 'foobar', 'foobar')
	Insert on sbtest4  (cost=0.00..0.01 rows=1 width=736)
	  ->  Result  (cost=0.00..0.01 rows=1 width=736)

table 5 : explain INSERT INTO sbtest5 (id, k, c, pad) VALUES (1061692, 13, 'foobar', 'foobar')
	Insert on sbtest5  (cost=0.00..0.01 rows=1 width=736)
	  ->  Result  (cost=0.00..0.01 rows=1 width=736)

table 6 : explain INSERT INTO sbtest6 (id, k, c, pad) VALUES (7669391, 13, 'foobar', 'foobar')
	Insert on sbtest6  (cost=0.00..0.01 rows=1 width=736)
	  ->  Result  (cost=0.00..0.01 rows=1 width=736)

table 7 : explain INSERT INTO sbtest7 (id, k, c, pad) VALUES (5791473, 13, 'foobar', 'foobar')
	Insert on sbtest7  (cost=0.00..0.01 rows=1 width=736)
	  ->  Result  (cost=0.00..0.01 rows=1 width=736)

table 8 : explain INSERT INTO sbtest8 (id, k, c, pad) VALUES (6878198, 13, 'foobar', 'foobar')
	Insert on sbtest8  (cost=0.00..0.01 rows=1 width=736)
	  ->  Result  (cost=0.00..0.01 rows=1 width=736)

explain: for deletes :: explain DELETE FROM sbtest%u WHERE id=%u
for inserts
table 1 : explain INSERT INTO sbtest1 (id, k, c, pad) VALUES (1230185, 13, 'foobar', 'foobar')
	Insert on sbtest1  (cost=0.00..0.01 rows=1 width=736)
	  ->  Result  (cost=0.00..0.01 rows=1 width=736)

table 2 : explain INSERT INTO sbtest2 (id, k, c, pad) VALUES (8800112, 13, 'foobar', 'foobar')
	Insert on sbtest2  (cost=0.00..0.01 rows=1 width=736)
	  ->  Result  (cost=0.00..0.01 rows=1 width=736)

table 3 : explain INSERT INTO sbtest3 (id, k, c, pad) VALUES (5271134, 13, 'foobar', 'foobar')
	Insert on sbtest3  (cost=0.00..0.01 rows=1 width=736)
	  ->  Result  (cost=0.00..0.01 rows=1 width=736)

table 4 : explain INSERT INTO sbtest4 (id, k, c, pad) VALUES (4445243, 13, 'foobar', 'foobar')
	Insert on sbtest4  (cost=0.00..0.01 rows=1 width=736)
	  ->  Result  (cost=0.00..0.01 rows=1 width=736)

table 5 : explain INSERT INTO sbtest5 (id, k, c, pad) VALUES (4154883, 13, 'foobar', 'foobar')
	Insert on sbtest5  (cost=0.00..0.01 rows=1 width=736)
	  ->  Result  (cost=0.00..0.01 rows=1 width=736)

table 6 : explain INSERT INTO sbtest6 (id, k, c, pad) VALUES (245156, 13, 'foobar', 'foobar')
	Insert on sbtest6  (cost=0.00..0.01 rows=1 width=736)
	  ->  Result  (cost=0.00..0.01 rows=1 width=736)

table 7 : explain INSERT INTO sbtest7 (id, k, c, pad) VALUES (8401006, 13, 'foobar', 'foobar')
	Insert on sbtest7  (cost=0.00..0.01 rows=1 width=736)
	  ->  Result  (cost=0.00..0.01 rows=1 width=736)

table 8 : explain INSERT INTO sbtest8 (id, k, c, pad) VALUES (8161284, 13, 'foobar', 'foobar')
	Insert on sbtest8  (cost=0.00..0.01 rows=1 width=736)
	  ->  Result  (cost=0.00..0.01 rows=1 width=736)

for deletes
table 1 : explain DELETE FROM sbtest1 WHERE id=519238
	Delete on sbtest1  (cost=0.43..8.45 rows=1 width=6)
	  ->  Index Scan using sbtest1_pkey on sbtest1  (cost=0.43..8.45 rows=1 width=6)
	        Index Cond: (id = 519238)

table 2 : explain DELETE FROM sbtest2 WHERE id=8436837
	Delete on sbtest2  (cost=0.43..8.45 rows=1 width=6)
	  ->  Index Scan using sbtest2_pkey on sbtest2  (cost=0.43..8.45 rows=1 width=6)
	        Index Cond: (id = 8436837)

table 3 : explain DELETE FROM sbtest3 WHERE id=1329115
	Delete on sbtest3  (cost=0.43..8.45 rows=1 width=6)
	  ->  Index Scan using sbtest3_pkey on sbtest3  (cost=0.43..8.45 rows=1 width=6)
	        Index Cond: (id = 1329115)

table 4 : explain DELETE FROM sbtest4 WHERE id=1422903
	Delete on sbtest4  (cost=0.43..8.45 rows=1 width=6)
	  ->  Index Scan using sbtest4_pkey on sbtest4  (cost=0.43..8.45 rows=1 width=6)
	        Index Cond: (id = 1422903)

table 5 : explain DELETE FROM sbtest5 WHERE id=4965906
	Delete on sbtest5  (cost=0.43..8.45 rows=1 width=6)
	  ->  Index Scan using sbtest5_pkey on sbtest5  (cost=0.43..8.45 rows=1 width=6)
	        Index Cond: (id = 4965906)

table 6 : explain DELETE FROM sbtest6 WHERE id=9071107
	Delete on sbtest6  (cost=0.43..8.45 rows=1 width=6)
	  ->  Index Scan using sbtest6_pkey on sbtest6  (cost=0.43..8.45 rows=1 width=6)
	        Index Cond: (id = 9071107)

table 7 : explain DELETE FROM sbtest7 WHERE id=9092137
	Delete on sbtest7  (cost=0.43..8.45 rows=1 width=6)
	  ->  Index Scan using sbtest7_pkey on sbtest7  (cost=0.43..8.45 rows=1 width=6)
	        Index Cond: (id = 9092137)

table 8 : explain DELETE FROM sbtest8 WHERE id=793910
	Delete on sbtest8  (cost=0.43..8.45 rows=1 width=6)
	  ->  Index Scan using sbtest8_pkey on sbtest8  (cost=0.43..8.45 rows=1 width=6)
	        Index Cond: (id = 793910)

explain: for point_selects :: explain SELECT c FROM sbtest%u WHERE id=%u
explain: for point_selects :: explain SELECT c FROM sbtest%u WHERE id=%u
explain: for point_selects :: explain SELECT c FROM sbtest%u WHERE id=%u
explain: for point_selects :: explain SELECT c FROM sbtest%u WHERE id=%u
explain: for point_selects :: explain SELECT c FROM sbtest%u WHERE id=%u
explain: for inserts :: explain INSERT INTO sbtest%u (id, k, c, pad) VALUES (%u, 13, 'foobar', 'foobar')
for: sum_ranges
table 1 : explain SELECT SUM(k) FROM sbtest1 WHERE id BETWEEN 17383 AND 17392
	Aggregate  (cost=35.20..35.21 rows=1 width=8)
	  ->  Index Scan using sbtest1_pkey on sbtest1  (cost=0.43..35.18 rows=9 width=4)
	        Index Cond: ((id >= 17383) AND (id <= 17392))

table 2 : explain SELECT SUM(k) FROM sbtest2 WHERE id BETWEEN 4674831 AND 4674840
	Aggregate  (cost=38.44..38.45 rows=1 width=8)
	  ->  Index Scan using sbtest2_pkey on sbtest2  (cost=0.43..38.42 rows=10 width=4)
	        Index Cond: ((id >= 4674831) AND (id <= 4674840))

table 3 : explain SELECT SUM(k) FROM sbtest3 WHERE id BETWEEN 8987989 AND 8987998
	Aggregate  (cost=35.27..35.28 rows=1 width=8)
	  ->  Index Scan using sbtest3_pkey on sbtest3  (cost=0.43..35.25 rows=9 width=4)
	        Index Cond: ((id >= 8987989) AND (id <= 8987998))

table 4 : explain SELECT SUM(k) FROM sbtest4 WHERE id BETWEEN 9046233 AND 9046242
	Aggregate  (cost=38.76..38.77 rows=1 width=8)
	  ->  Index Scan using sbtest4_pkey on sbtest4  (cost=0.43..38.73 rows=10 width=4)
	        Index Cond: ((id >= 9046233) AND (id <= 9046242))

table 5 : explain SELECT SUM(k) FROM sbtest5 WHERE id BETWEEN 1080190 AND 1080199
	Aggregate  (cost=38.57..38.58 rows=1 width=8)
	  ->  Index Scan using sbtest5_pkey on sbtest5  (cost=0.43..38.54 rows=10 width=4)
	        Index Cond: ((id >= 1080190) AND (id <= 1080199))

table 6 : explain SELECT SUM(k) FROM sbtest6 WHERE id BETWEEN 4246548 AND 4246557
	Aggregate  (cost=35.80..35.81 rows=1 width=8)
	  ->  Index Scan using sbtest6_pkey on sbtest6  (cost=0.43..35.77 rows=9 width=4)
	        Index Cond: ((id >= 4246548) AND (id <= 4246557))

table 7 : explain SELECT SUM(k) FROM sbtest7 WHERE id BETWEEN 2393185 AND 2393194
	Aggregate  (cost=35.23..35.24 rows=1 width=8)
	  ->  Index Scan using sbtest7_pkey on sbtest7  (cost=0.43..35.20 rows=9 width=4)
	        Index Cond: ((id >= 2393185) AND (id <= 2393194))

table 8 : explain SELECT SUM(k) FROM sbtest8 WHERE id BETWEEN 7895034 AND 7895043
	Aggregate  (cost=35.01..35.02 rows=1 width=8)
	  ->  Index Scan using sbtest8_pkey on sbtest8  (cost=0.43..34.99 rows=9 width=4)
	        Index Cond: ((id >= 7895034) AND (id <= 7895043))

explain: for point_selects :: explain SELECT c FROM sbtest%u WHERE id=%u
for: distinct_ranges
table 1 : explain SELECT DISTINCT c FROM sbtest1 WHERE id BETWEEN 1932744 AND 1932753 ORDER BY c
	Unique  (cost=38.68..38.73 rows=10 width=121)
	  ->  Sort  (cost=38.68..38.71 rows=10 width=121)
	        Sort Key: c
	        ->  Index Scan using sbtest1_pkey on sbtest1  (cost=0.43..38.52 rows=10 width=121)
	              Index Cond: ((id >= 1932744) AND (id <= 1932753))

table 2 : explain SELECT DISTINCT c FROM sbtest2 WHERE id BETWEEN 2249013 AND 2249022 ORDER BY c
	Unique  (cost=38.58..38.63 rows=10 width=121)
	  ->  Sort  (cost=38.58..38.61 rows=10 width=121)
	        Sort Key: c
	        ->  Index Scan using sbtest2_pkey on sbtest2  (cost=0.43..38.42 rows=10 width=121)
	              Index Cond: ((id >= 2249013) AND (id <= 2249022))

table 3 : explain SELECT DISTINCT c FROM sbtest3 WHERE id BETWEEN 2664005 AND 2664014 ORDER BY c
	Unique  (cost=45.51..45.57 rows=12 width=121)
	  ->  Sort  (cost=45.51..45.54 rows=12 width=121)
	        Sort Key: c
	        ->  Index Scan using sbtest3_pkey on sbtest3  (cost=0.43..45.30 rows=12 width=121)
	              Index Cond: ((id >= 2664005) AND (id <= 2664014))

table 4 : explain SELECT DISTINCT c FROM sbtest4 WHERE id BETWEEN 9039983 AND 9039992 ORDER BY c
	Unique  (cost=38.90..38.95 rows=10 width=121)
	  ->  Sort  (cost=38.90..38.92 rows=10 width=121)
	        Sort Key: c
	        ->  Index Scan using sbtest4_pkey on sbtest4  (cost=0.43..38.73 rows=10 width=121)
	              Index Cond: ((id >= 9039983) AND (id <= 9039992))

table 5 : explain SELECT DISTINCT c FROM sbtest5 WHERE id BETWEEN 5191232 AND 5191241 ORDER BY c
	Unique  (cost=38.71..38.76 rows=10 width=121)
	  ->  Sort  (cost=38.71..38.73 rows=10 width=121)
	        Sort Key: c
	        ->  Index Scan using sbtest5_pkey on sbtest5  (cost=0.43..38.54 rows=10 width=121)
	              Index Cond: ((id >= 5191232) AND (id <= 5191241))

table 6 : explain SELECT DISTINCT c FROM sbtest6 WHERE id BETWEEN 4508803 AND 4508812 ORDER BY c
	Unique  (cost=39.36..39.41 rows=10 width=121)
	  ->  Sort  (cost=39.36..39.38 rows=10 width=121)
	        Sort Key: c
	        ->  Index Scan using sbtest6_pkey on sbtest6  (cost=0.43..39.19 rows=10 width=121)
	              Index Cond: ((id >= 4508803) AND (id <= 4508812))

table 7 : explain SELECT DISTINCT c FROM sbtest7 WHERE id BETWEEN 4419649 AND 4419658 ORDER BY c
	Unique  (cost=42.08..42.14 rows=11 width=121)
	  ->  Sort  (cost=42.08..42.11 rows=11 width=121)
	        Sort Key: c
	        ->  Index Scan using sbtest7_pkey on sbtest7  (cost=0.43..41.89 rows=11 width=121)
	              Index Cond: ((id >= 4419649) AND (id <= 4419658))

table 8 : explain SELECT DISTINCT c FROM sbtest8 WHERE id BETWEEN 1099011 AND 1099020 ORDER BY c
	Unique  (cost=38.47..38.52 rows=10 width=121)
	  ->  Sort  (cost=38.47..38.50 rows=10 width=121)
	        Sort Key: c
	        ->  Index Scan using sbtest8_pkey on sbtest8  (cost=0.43..38.30 rows=10 width=121)
	              Index Cond: ((id >= 1099011) AND (id <= 1099020))

explain: for point_selects :: explain SELECT c FROM sbtest%u WHERE id=%u
for index_updates
table 1 : explain UPDATE sbtest1 SET k=k+1 WHERE id=5255763
	Update on sbtest1  (cost=0.43..8.46 rows=1 width=196)
	  ->  Index Scan using sbtest1_pkey on sbtest1  (cost=0.43..8.46 rows=1 width=196)
	        Index Cond: (id = 5255763)

table 2 : explain UPDATE sbtest2 SET k=k+1 WHERE id=2912583
	Update on sbtest2  (cost=0.43..8.46 rows=1 width=196)
	  ->  Index Scan using sbtest2_pkey on sbtest2  (cost=0.43..8.46 rows=1 width=196)
	        Index Cond: (id = 2912583)

table 3 : explain UPDATE sbtest3 SET k=k+1 WHERE id=206282
	Update on sbtest3  (cost=0.43..8.46 rows=1 width=196)
	  ->  Index Scan using sbtest3_pkey on sbtest3  (cost=0.43..8.46 rows=1 width=196)
	        Index Cond: (id = 206282)

table 4 : explain UPDATE sbtest4 SET k=k+1 WHERE id=6977108
	Update on sbtest4  (cost=0.43..8.46 rows=1 width=196)
	  ->  Index Scan using sbtest4_pkey on sbtest4  (cost=0.43..8.46 rows=1 width=196)
	        Index Cond: (id = 6977108)

table 5 : explain UPDATE sbtest5 SET k=k+1 WHERE id=9440646
	Update on sbtest5  (cost=0.43..8.46 rows=1 width=196)
	  ->  Index Scan using sbtest5_pkey on sbtest5  (cost=0.43..8.46 rows=1 width=196)
	        Index Cond: (id = 9440646)

table 6 : explain UPDATE sbtest6 SET k=k+1 WHERE id=1667340
	Update on sbtest6  (cost=0.43..8.46 rows=1 width=196)
	  ->  Index Scan using sbtest6_pkey on sbtest6  (cost=0.43..8.46 rows=1 width=196)
	        Index Cond: (id = 1667340)

table 7 : explain UPDATE sbtest7 SET k=k+1 WHERE id=2350401
	Update on sbtest7  (cost=0.43..8.46 rows=1 width=196)
	  ->  Index Scan using sbtest7_pkey on sbtest7  (cost=0.43..8.46 rows=1 width=196)
	        Index Cond: (id = 2350401)

table 8 : explain UPDATE sbtest8 SET k=k+1 WHERE id=6943894
	Update on sbtest8  (cost=0.43..8.46 rows=1 width=196)
	  ->  Index Scan using sbtest8_pkey on sbtest8  (cost=0.43..8.46 rows=1 width=196)
	        Index Cond: (id = 6943894)

for inserts
table 1 : explain INSERT INTO sbtest1 (id, k, c, pad) VALUES (2034438, 13, 'foobar', 'foobar')
	Insert on sbtest1  (cost=0.00..0.01 rows=1 width=736)
	  ->  Result  (cost=0.00..0.01 rows=1 width=736)

table 2 : explain INSERT INTO sbtest2 (id, k, c, pad) VALUES (293277, 13, 'foobar', 'foobar')
	Insert on sbtest2  (cost=0.00..0.01 rows=1 width=736)
	  ->  Result  (cost=0.00..0.01 rows=1 width=736)

table 3 : explain INSERT INTO sbtest3 (id, k, c, pad) VALUES (1732229, 13, 'foobar', 'foobar')
	Insert on sbtest3  (cost=0.00..0.01 rows=1 width=736)
	  ->  Result  (cost=0.00..0.01 rows=1 width=736)

table 4 : explain INSERT INTO sbtest4 (id, k, c, pad) VALUES (572436, 13, 'foobar', 'foobar')
	Insert on sbtest4  (cost=0.00..0.01 rows=1 width=736)
	  ->  Result  (cost=0.00..0.01 rows=1 width=736)

table 5 : explain INSERT INTO sbtest5 (id, k, c, pad) VALUES (6917051, 13, 'foobar', 'foobar')
	Insert on sbtest5  (cost=0.00..0.01 rows=1 width=736)
	  ->  Result  (cost=0.00..0.01 rows=1 width=736)

table 6 : explain INSERT INTO sbtest6 (id, k, c, pad) VALUES (4260956, 13, 'foobar', 'foobar')
	Insert on sbtest6  (cost=0.00..0.01 rows=1 width=736)
	  ->  Result  (cost=0.00..0.01 rows=1 width=736)

table 7 : explain INSERT INTO sbtest7 (id, k, c, pad) VALUES (5535276, 13, 'foobar', 'foobar')
	Insert on sbtest7  (cost=0.00..0.01 rows=1 width=736)
	  ->  Result  (cost=0.00..0.01 rows=1 width=736)

table 8 : explain INSERT INTO sbtest8 (id, k, c, pad) VALUES (3187362, 13, 'foobar', 'foobar')
	Insert on sbtest8  (cost=0.00..0.01 rows=1 width=736)
	  ->  Result  (cost=0.00..0.01 rows=1 width=736)

for point_selects
table 1 : explain SELECT c FROM sbtest1 WHERE id=9760983
	Index Scan using sbtest1_pkey on sbtest1  (cost=0.43..8.45 rows=1 width=121)
	  Index Cond: (id = 9760983)

table 2 : explain SELECT c FROM sbtest2 WHERE id=661798
	Index Scan using sbtest2_pkey on sbtest2  (cost=0.43..8.45 rows=1 width=121)
	  Index Cond: (id = 661798)

table 3 : explain SELECT c FROM sbtest3 WHERE id=7551488
	Index Scan using sbtest3_pkey on sbtest3  (cost=0.43..8.45 rows=1 width=121)
	  Index Cond: (id = 7551488)

table 4 : explain SELECT c FROM sbtest4 WHERE id=7760646
	Index Scan using sbtest4_pkey on sbtest4  (cost=0.43..8.45 rows=1 width=121)
	  Index Cond: (id = 7760646)

table 5 : explain SELECT c FROM sbtest5 WHERE id=2958681
	Index Scan using sbtest5_pkey on sbtest5  (cost=0.43..8.45 rows=1 width=121)
	  Index Cond: (id = 2958681)

table 6 : explain SELECT c FROM sbtest6 WHERE id=9053008
	Index Scan using sbtest6_pkey on sbtest6  (cost=0.43..8.45 rows=1 width=121)
	  Index Cond: (id = 9053008)

table 7 : explain SELECT c FROM sbtest7 WHERE id=6766790
	Index Scan using sbtest7_pkey on sbtest7  (cost=0.43..8.45 rows=1 width=121)
	  Index Cond: (id = 6766790)

table 8 : explain SELECT c FROM sbtest8 WHERE id=4955837
	Index Scan using sbtest8_pkey on sbtest8  (cost=0.43..8.45 rows=1 width=121)
	  Index Cond: (id = 4955837)

explain: for index_updates :: explain UPDATE sbtest%u SET k=k+1 WHERE id=%u
for: order_ranges
table 1 : explain SELECT c FROM sbtest1 WHERE id BETWEEN 5244530 AND 5244539 ORDER BY c
	Sort  (cost=42.05..42.08 rows=11 width=121)
	  Sort Key: c
	  ->  Index Scan using sbtest1_pkey on sbtest1  (cost=0.43..41.86 rows=11 width=121)
	        Index Cond: ((id >= 5244530) AND (id <= 5244539))

table 2 : explain SELECT c FROM sbtest2 WHERE id BETWEEN 9174284 AND 9174293 ORDER BY c
	Sort  (cost=38.58..38.61 rows=10 width=121)
	  Sort Key: c
	  ->  Index Scan using sbtest2_pkey on sbtest2  (cost=0.43..38.42 rows=10 width=121)
	        Index Cond: ((id >= 9174284) AND (id <= 9174293))

table 3 : explain SELECT c FROM sbtest3 WHERE id BETWEEN 4919189 AND 4919198 ORDER BY c
	Sort  (cost=42.14..42.16 rows=11 width=121)
	  Sort Key: c
	  ->  Index Scan using sbtest3_pkey on sbtest3  (cost=0.43..41.95 rows=11 width=121)
	        Index Cond: ((id >= 4919189) AND (id <= 4919198))

table 4 : explain SELECT c FROM sbtest4 WHERE id BETWEEN 2943224 AND 2943233 ORDER BY c
	Sort  (cost=35.51..35.53 rows=9 width=121)
	  Sort Key: c
	  ->  Index Scan using sbtest4_pkey on sbtest4  (cost=0.43..35.37 rows=9 width=121)
	        Index Cond: ((id >= 2943224) AND (id <= 2943233))

table 5 : explain SELECT c FROM sbtest5 WHERE id BETWEEN 4180085 AND 4180094 ORDER BY c
	Sort  (cost=38.71..38.73 rows=10 width=121)
	  Sort Key: c
	  ->  Index Scan using sbtest5_pkey on sbtest5  (cost=0.43..38.54 rows=10 width=121)
	        Index Cond: ((id >= 4180085) AND (id <= 4180094))

table 6 : explain SELECT c FROM sbtest6 WHERE id BETWEEN 1353663 AND 1353672 ORDER BY c
	Sort  (cost=39.36..39.38 rows=10 width=121)
	  Sort Key: c
	  ->  Index Scan using sbtest6_pkey on sbtest6  (cost=0.43..39.19 rows=10 width=121)
	        Index Cond: ((id >= 1353663) AND (id <= 1353672))

table 7 : explain SELECT c FROM sbtest7 WHERE id BETWEEN 516810 AND 516819 ORDER BY c
	Sort  (cost=38.71..38.74 rows=10 width=121)
	  Sort Key: c
	  ->  Index Scan using sbtest7_pkey on sbtest7  (cost=0.43..38.55 rows=10 width=121)
	        Index Cond: ((id >= 516810) AND (id <= 516819))

table 8 : explain SELECT c FROM sbtest8 WHERE id BETWEEN 8166466 AND 8166475 ORDER BY c
	Sort  (cost=38.47..38.50 rows=10 width=121)
	  Sort Key: c
	  ->  Index Scan using sbtest8_pkey on sbtest8  (cost=0.43..38.30 rows=10 width=121)
	        Index Cond: ((id >= 8166466) AND (id <= 8166475))

for: order_ranges
table 1 : explain SELECT c FROM sbtest1 WHERE id BETWEEN 9793228 AND 9793237 ORDER BY c
	Sort  (cost=38.68..38.71 rows=10 width=121)
	  Sort Key: c
	  ->  Index Scan using sbtest1_pkey on sbtest1  (cost=0.43..38.52 rows=10 width=121)
	        Index Cond: ((id >= 9793228) AND (id <= 9793237))

table 2 : explain SELECT c FROM sbtest2 WHERE id BETWEEN 5097880 AND 5097889 ORDER BY c
	Sort  (cost=38.58..38.61 rows=10 width=121)
	  Sort Key: c
	  ->  Index Scan using sbtest2_pkey on sbtest2  (cost=0.43..38.42 rows=10 width=121)
	        Index Cond: ((id >= 5097880) AND (id <= 5097889))

table 3 : explain SELECT c FROM sbtest3 WHERE id BETWEEN 2681654 AND 2681663 ORDER BY c
	Sort  (cost=45.51..45.54 rows=12 width=121)
	  Sort Key: c
	  ->  Index Scan using sbtest3_pkey on sbtest3  (cost=0.43..45.30 rows=12 width=121)
	        Index Cond: ((id >= 2681654) AND (id <= 2681663))

table 4 : explain SELECT c FROM sbtest4 WHERE id BETWEEN 7688750 AND 7688759 ORDER BY c
	Sort  (cost=38.90..38.92 rows=10 width=121)
	  Sort Key: c
	  ->  Index Scan using sbtest4_pkey on sbtest4  (cost=0.43..38.73 rows=10 width=121)
	        Index Cond: ((id >= 7688750) AND (id <= 7688759))

table 5 : explain SELECT c FROM sbtest5 WHERE id BETWEEN 5788760 AND 5788769 ORDER BY c
	Sort  (cost=38.71..38.73 rows=10 width=121)
	  Sort Key: c
	  ->  Index Scan using sbtest5_pkey on sbtest5  (cost=0.43..38.54 rows=10 width=121)
	        Index Cond: ((id >= 5788760) AND (id <= 5788769))

table 6 : explain SELECT c FROM sbtest6 WHERE id BETWEEN 2914484 AND 2914493 ORDER BY c
	Sort  (cost=42.79..42.82 rows=11 width=121)
	  Sort Key: c
	  ->  Index Scan using sbtest6_pkey on sbtest6  (cost=0.43..42.60 rows=11 width=121)
	        Index Cond: ((id >= 2914484) AND (id <= 2914493))

table 7 : explain SELECT c FROM sbtest7 WHERE id BETWEEN 5230632 AND 5230641 ORDER BY c
	Sort  (cost=38.71..38.74 rows=10 width=121)
	  Sort Key: c
	  ->  Index Scan using sbtest7_pkey on sbtest7  (cost=0.43..38.55 rows=10 width=121)
	        Index Cond: ((id >= 5230632) AND (id <= 5230641))

table 8 : explain SELECT c FROM sbtest8 WHERE id BETWEEN 1893568 AND 1893577 ORDER BY c
	Sort  (cost=38.47..38.50 rows=10 width=121)
	  Sort Key: c
	  ->  Index Scan using sbtest8_pkey on sbtest8  (cost=0.43..38.30 rows=10 width=121)
	        Index Cond: ((id >= 1893568) AND (id <= 1893577))

for point_selects
table 1 : explain SELECT c FROM sbtest1 WHERE id=1912109
	Index Scan using sbtest1_pkey on sbtest1  (cost=0.43..8.45 rows=1 width=121)
	  Index Cond: (id = 1912109)

table 2 : explain SELECT c FROM sbtest2 WHERE id=2788502
	Index Scan using sbtest2_pkey on sbtest2  (cost=0.43..8.45 rows=1 width=121)
	  Index Cond: (id = 2788502)

table 3 : explain SELECT c FROM sbtest3 WHERE id=6825924
	Index Scan using sbtest3_pkey on sbtest3  (cost=0.43..8.45 rows=1 width=121)
	  Index Cond: (id = 6825924)

table 4 : explain SELECT c FROM sbtest4 WHERE id=8478817
	Index Scan using sbtest4_pkey on sbtest4  (cost=0.43..8.45 rows=1 width=121)
	  Index Cond: (id = 8478817)

table 5 : explain SELECT c FROM sbtest5 WHERE id=652200
	Index Scan using sbtest5_pkey on sbtest5  (cost=0.43..8.45 rows=1 width=121)
	  Index Cond: (id = 652200)

table 6 : explain SELECT c FROM sbtest6 WHERE id=6374762
	Index Scan using sbtest6_pkey on sbtest6  (cost=0.43..8.45 rows=1 width=121)
	  Index Cond: (id = 6374762)

table 7 : explain SELECT c FROM sbtest7 WHERE id=4658839
	Index Scan using sbtest7_pkey on sbtest7  (cost=0.43..8.45 rows=1 width=121)
	  Index Cond: (id = 4658839)

table 8 : explain SELECT c FROM sbtest8 WHERE id=8488555
	Index Scan using sbtest8_pkey on sbtest8  (cost=0.43..8.45 rows=1 width=121)
	  Index Cond: (id = 8488555)

for: sum_ranges
table 1 : explain SELECT SUM(k) FROM sbtest1 WHERE id BETWEEN 6622999 AND 6623008
	Aggregate  (cost=38.54..38.55 rows=1 width=8)
	  ->  Index Scan using sbtest1_pkey on sbtest1  (cost=0.43..38.52 rows=10 width=4)
	        Index Cond: ((id >= 6622999) AND (id <= 6623008))

table 2 : explain SELECT SUM(k) FROM sbtest2 WHERE id BETWEEN 5404076 AND 5404085
	Aggregate  (cost=38.44..38.45 rows=1 width=8)
	  ->  Index Scan using sbtest2_pkey on sbtest2  (cost=0.43..38.42 rows=10 width=4)
	        Index Cond: ((id >= 5404076) AND (id <= 5404085))

table 3 : explain SELECT SUM(k) FROM sbtest3 WHERE id BETWEEN 4297575 AND 4297584
	Aggregate  (cost=38.62..38.63 rows=1 width=8)
	  ->  Index Scan using sbtest3_pkey on sbtest3  (cost=0.43..38.60 rows=10 width=4)
	        Index Cond: ((id >= 4297575) AND (id <= 4297584))

table 4 : explain SELECT SUM(k) FROM sbtest4 WHERE id BETWEEN 142667 AND 142676
	Aggregate  (cost=38.76..38.77 rows=1 width=8)
	  ->  Index Scan using sbtest4_pkey on sbtest4  (cost=0.43..38.73 rows=10 width=4)
	        Index Cond: ((id >= 142667) AND (id <= 142676))

table 5 : explain SELECT SUM(k) FROM sbtest5 WHERE id BETWEEN 4909371 AND 4909380
	Aggregate  (cost=38.57..38.58 rows=1 width=8)
	  ->  Index Scan using sbtest5_pkey on sbtest5  (cost=0.43..38.54 rows=10 width=4)
	        Index Cond: ((id >= 4909371) AND (id <= 4909380))

table 6 : explain SELECT SUM(k) FROM sbtest6 WHERE id BETWEEN 2109610 AND 2109619
	Aggregate  (cost=39.21..39.22 rows=1 width=8)
	  ->  Index Scan using sbtest6_pkey on sbtest6  (cost=0.43..39.19 rows=10 width=4)
	        Index Cond: ((id >= 2109610) AND (id <= 2109619))

table 7 : explain SELECT SUM(k) FROM sbtest7 WHERE id BETWEEN 4801803 AND 4801812
	Aggregate  (cost=35.23..35.24 rows=1 width=8)
	  ->  Index Scan using sbtest7_pkey on sbtest7  (cost=0.43..35.20 rows=9 width=4)
	        Index Cond: ((id >= 4801803) AND (id <= 4801812))

table 8 : explain SELECT SUM(k) FROM sbtest8 WHERE id BETWEEN 8710637 AND 8710646
	Aggregate  (cost=38.33..38.34 rows=1 width=8)
	  ->  Index Scan using sbtest8_pkey on sbtest8  (cost=0.43..38.30 rows=10 width=4)
	        Index Cond: ((id >= 8710637) AND (id <= 8710646))

explain: for point_selects :: explain SELECT c FROM sbtest%u WHERE id=%u
for: simple_ranges
table 1 : explain SELECT c FROM sbtest1 WHERE id BETWEEN 9919646 AND 9919655
	Index Scan using sbtest1_pkey on sbtest1  (cost=0.43..38.52 rows=10 width=121)
	  Index Cond: ((id >= 9919646) AND (id <= 9919655))

table 2 : explain SELECT c FROM sbtest2 WHERE id BETWEEN 6903834 AND 6903843
	Index Scan using sbtest2_pkey on sbtest2  (cost=0.43..38.42 rows=10 width=121)
	  Index Cond: ((id >= 6903834) AND (id <= 6903843))

table 3 : explain SELECT c FROM sbtest3 WHERE id BETWEEN 3850838 AND 3850847
	Index Scan using sbtest3_pkey on sbtest3  (cost=0.43..38.60 rows=10 width=121)
	  Index Cond: ((id >= 3850838) AND (id <= 3850847))

table 4 : explain SELECT c FROM sbtest4 WHERE id BETWEEN 9527448 AND 9527457
	Index Scan using sbtest4_pkey on sbtest4  (cost=0.43..42.10 rows=11 width=121)
	  Index Cond: ((id >= 9527448) AND (id <= 9527457))

table 5 : explain SELECT c FROM sbtest5 WHERE id BETWEEN 5538005 AND 5538014
	Index Scan using sbtest5_pkey on sbtest5  (cost=0.43..38.54 rows=10 width=121)
	  Index Cond: ((id >= 5538005) AND (id <= 5538014))

table 6 : explain SELECT c FROM sbtest6 WHERE id BETWEEN 3050144 AND 3050153
	Index Scan using sbtest6_pkey on sbtest6  (cost=0.43..39.19 rows=10 width=121)
	  Index Cond: ((id >= 3050144) AND (id <= 3050153))

table 7 : explain SELECT c FROM sbtest7 WHERE id BETWEEN 8939480 AND 8939489
	Index Scan using sbtest7_pkey on sbtest7  (cost=0.43..38.55 rows=10 width=121)
	  Index Cond: ((id >= 8939480) AND (id <= 8939489))

table 8 : explain SELECT c FROM sbtest8 WHERE id BETWEEN 4733358 AND 4733367
	Index Scan using sbtest8_pkey on sbtest8  (cost=0.43..38.30 rows=10 width=121)
	  Index Cond: ((id >= 4733358) AND (id <= 4733367))

explain: for point_selects :: explain SELECT c FROM sbtest%u WHERE id=%u
for point_selects
table 1 : explain SELECT c FROM sbtest1 WHERE id=1780046
	Index Scan using sbtest1_pkey on sbtest1  (cost=0.43..8.45 rows=1 width=121)
	  Index Cond: (id = 1780046)

table 2 : explain SELECT c FROM sbtest2 WHERE id=1627898
	Index Scan using sbtest2_pkey on sbtest2  (cost=0.43..8.45 rows=1 width=121)
	  Index Cond: (id = 1627898)

table 3 : explain SELECT c FROM sbtest3 WHERE id=2103969
	Index Scan using sbtest3_pkey on sbtest3  (cost=0.43..8.45 rows=1 width=121)
	  Index Cond: (id = 2103969)

table 4 : explain SELECT c FROM sbtest4 WHERE id=637783
	Index Scan using sbtest4_pkey on sbtest4  (cost=0.43..8.45 rows=1 width=121)
	  Index Cond: (id = 637783)

table 5 : explain SELECT c FROM sbtest5 WHERE id=5899416
	Index Scan using sbtest5_pkey on sbtest5  (cost=0.43..8.45 rows=1 width=121)
	  Index Cond: (id = 5899416)

table 6 : explain SELECT c FROM sbtest6 WHERE id=6345444
	Index Scan using sbtest6_pkey on sbtest6  (cost=0.43..8.45 rows=1 width=121)
	  Index Cond: (id = 6345444)

table 7 : explain SELECT c FROM sbtest7 WHERE id=1875092
	Index Scan using sbtest7_pkey on sbtest7  (cost=0.43..8.45 rows=1 width=121)
	  Index Cond: (id = 1875092)

table 8 : explain SELECT c FROM sbtest8 WHERE id=6368338
	Index Scan using sbtest8_pkey on sbtest8  (cost=0.43..8.45 rows=1 width=121)
	  Index Cond: (id = 6368338)

for point_selects
table 1 : explain SELECT c FROM sbtest1 WHERE id=3964186
	Index Scan using sbtest1_pkey on sbtest1  (cost=0.43..8.45 rows=1 width=121)
	  Index Cond: (id = 3964186)

table 2 : explain SELECT c FROM sbtest2 WHERE id=1980571
	Index Scan using sbtest2_pkey on sbtest2  (cost=0.43..8.45 rows=1 width=121)
	  Index Cond: (id = 1980571)

table 3 : explain SELECT c FROM sbtest3 WHERE id=4590947
	Index Scan using sbtest3_pkey on sbtest3  (cost=0.43..8.45 rows=1 width=121)
	  Index Cond: (id = 4590947)

table 4 : explain SELECT c FROM sbtest4 WHERE id=7341879
	Index Scan using sbtest4_pkey on sbtest4  (cost=0.43..8.45 rows=1 width=121)
	  Index Cond: (id = 7341879)

table 5 : explain SELECT c FROM sbtest5 WHERE id=8703997
	Index Scan using sbtest5_pkey on sbtest5  (cost=0.43..8.45 rows=1 width=121)
	  Index Cond: (id = 8703997)

table 6 : explain SELECT c FROM sbtest6 WHERE id=8983052
	Index Scan using sbtest6_pkey on sbtest6  (cost=0.43..8.45 rows=1 width=121)
	  Index Cond: (id = 8983052)

table 7 : explain SELECT c FROM sbtest7 WHERE id=9160801
	Index Scan using sbtest7_pkey on sbtest7  (cost=0.43..8.45 rows=1 width=121)
	  Index Cond: (id = 9160801)

table 8 : explain SELECT c FROM sbtest8 WHERE id=6775569
	Index Scan using sbtest8_pkey on sbtest8  (cost=0.43..8.45 rows=1 width=121)
	  Index Cond: (id = 6775569)

for point_selects
table 1 : explain SELECT c FROM sbtest1 WHERE id=3276150
	Index Scan using sbtest1_pkey on sbtest1  (cost=0.43..8.45 rows=1 width=121)
	  Index Cond: (id = 3276150)

table 2 : explain SELECT c FROM sbtest2 WHERE id=8000809
	Index Scan using sbtest2_pkey on sbtest2  (cost=0.43..8.45 rows=1 width=121)
	  Index Cond: (id = 8000809)

table 3 : explain SELECT c FROM sbtest3 WHERE id=3538571
	Index Scan using sbtest3_pkey on sbtest3  (cost=0.43..8.45 rows=1 width=121)
	  Index Cond: (id = 3538571)

table 4 : explain SELECT c FROM sbtest4 WHERE id=6608821
	Index Scan using sbtest4_pkey on sbtest4  (cost=0.43..8.45 rows=1 width=121)
	  Index Cond: (id = 6608821)

table 5 : explain SELECT c FROM sbtest5 WHERE id=4048533
	Index Scan using sbtest5_pkey on sbtest5  (cost=0.43..8.45 rows=1 width=121)
	  Index Cond: (id = 4048533)

table 6 : explain SELECT c FROM sbtest6 WHERE id=9262995
	Index Scan using sbtest6_pkey on sbtest6  (cost=0.43..8.45 rows=1 width=121)
	  Index Cond: (id = 9262995)

table 7 : explain SELECT c FROM sbtest7 WHERE id=4341070
	Index Scan using sbtest7_pkey on sbtest7  (cost=0.43..8.45 rows=1 width=121)
	  Index Cond: (id = 4341070)

table 8 : explain SELECT c FROM sbtest8 WHERE id=842675
	Index Scan using sbtest8_pkey on sbtest8  (cost=0.43..8.45 rows=1 width=121)
	  Index Cond: (id = 842675)

for point_selects
table 1 : explain SELECT c FROM sbtest1 WHERE id=2836247
	Index Scan using sbtest1_pkey on sbtest1  (cost=0.43..8.45 rows=1 width=121)
	  Index Cond: (id = 2836247)

table 2 : explain SELECT c FROM sbtest2 WHERE id=6882427
	Index Scan using sbtest2_pkey on sbtest2  (cost=0.43..8.45 rows=1 width=121)
	  Index Cond: (id = 6882427)

table 3 : explain SELECT c FROM sbtest3 WHERE id=3411882
	Index Scan using sbtest3_pkey on sbtest3  (cost=0.43..8.45 rows=1 width=121)
	  Index Cond: (id = 3411882)

table 4 : explain SELECT c FROM sbtest4 WHERE id=6606999
	Index Scan using sbtest4_pkey on sbtest4  (cost=0.43..8.45 rows=1 width=121)
	  Index Cond: (id = 6606999)

table 5 : explain SELECT c FROM sbtest5 WHERE id=2794621
	Index Scan using sbtest5_pkey on sbtest5  (cost=0.43..8.45 rows=1 width=121)
	  Index Cond: (id = 2794621)

table 6 : explain SELECT c FROM sbtest6 WHERE id=5322907
	Index Scan using sbtest6_pkey on sbtest6  (cost=0.43..8.45 rows=1 width=121)
	  Index Cond: (id = 5322907)

table 7 : explain SELECT c FROM sbtest7 WHERE id=6535547
	Index Scan using sbtest7_pkey on sbtest7  (cost=0.43..8.45 rows=1 width=121)
	  Index Cond: (id = 6535547)

table 8 : explain SELECT c FROM sbtest8 WHERE id=1140089
	Index Scan using sbtest8_pkey on sbtest8  (cost=0.43..8.45 rows=1 width=121)
	  Index Cond: (id = 1140089)

for point_selects
table 1 : explain SELECT c FROM sbtest1 WHERE id=2541976
	Index Scan using sbtest1_pkey on sbtest1  (cost=0.43..8.45 rows=1 width=121)
	  Index Cond: (id = 2541976)

table 2 : explain SELECT c FROM sbtest2 WHERE id=6543207
	Index Scan using sbtest2_pkey on sbtest2  (cost=0.43..8.45 rows=1 width=121)
	  Index Cond: (id = 6543207)

table 3 : explain SELECT c FROM sbtest3 WHERE id=2200676
	Index Scan using sbtest3_pkey on sbtest3  (cost=0.43..8.45 rows=1 width=121)
	  Index Cond: (id = 2200676)

table 4 : explain SELECT c FROM sbtest4 WHERE id=673558
	Index Scan using sbtest4_pkey on sbtest4  (cost=0.43..8.45 rows=1 width=121)
	  Index Cond: (id = 673558)

table 5 : explain SELECT c FROM sbtest5 WHERE id=6509268
	Index Scan using sbtest5_pkey on sbtest5  (cost=0.43..8.45 rows=1 width=121)
	  Index Cond: (id = 6509268)

table 6 : explain SELECT c FROM sbtest6 WHERE id=7434243
	Index Scan using sbtest6_pkey on sbtest6  (cost=0.43..8.45 rows=1 width=121)
	  Index Cond: (id = 7434243)

table 7 : explain SELECT c FROM sbtest7 WHERE id=7246850
	Index Scan using sbtest7_pkey on sbtest7  (cost=0.43..8.45 rows=1 width=121)
	  Index Cond: (id = 7246850)

table 8 : explain SELECT c FROM sbtest8 WHERE id=4882349
	Index Scan using sbtest8_pkey on sbtest8  (cost=0.43..8.45 rows=1 width=121)
	  Index Cond: (id = 4882349)

for: distinct_ranges
table 1 : explain SELECT DISTINCT c FROM sbtest1 WHERE id BETWEEN 8742008 AND 8742017 ORDER BY c
	Unique  (cost=38.68..38.73 rows=10 width=121)
	  ->  Sort  (cost=38.68..38.71 rows=10 width=121)
	        Sort Key: c
	        ->  Index Scan using sbtest1_pkey on sbtest1  (cost=0.43..38.52 rows=10 width=121)
	              Index Cond: ((id >= 8742008) AND (id <= 8742017))

table 2 : explain SELECT DISTINCT c FROM sbtest2 WHERE id BETWEEN 4228278 AND 4228287 ORDER BY c
	Unique  (cost=35.23..35.28 rows=9 width=121)
	  ->  Sort  (cost=35.23..35.25 rows=9 width=121)
	        Sort Key: c
	        ->  Index Scan using sbtest2_pkey on sbtest2  (cost=0.43..35.09 rows=9 width=121)
	              Index Cond: ((id >= 4228278) AND (id <= 4228287))

table 3 : explain SELECT DISTINCT c FROM sbtest3 WHERE id BETWEEN 2807097 AND 2807106 ORDER BY c
	Unique  (cost=38.76..38.81 rows=10 width=121)
	  ->  Sort  (cost=38.76..38.79 rows=10 width=121)
	        Sort Key: c
	        ->  Index Scan using sbtest3_pkey on sbtest3  (cost=0.43..38.60 rows=10 width=121)
	              Index Cond: ((id >= 2807097) AND (id <= 2807106))

table 4 : explain SELECT DISTINCT c FROM sbtest4 WHERE id BETWEEN 8267560 AND 8267569 ORDER BY c
	Unique  (cost=42.29..42.34 rows=11 width=121)
	  ->  Sort  (cost=42.29..42.32 rows=11 width=121)
	        Sort Key: c
	        ->  Index Scan using sbtest4_pkey on sbtest4  (cost=0.43..42.10 rows=11 width=121)
	              Index Cond: ((id >= 8267560) AND (id <= 8267569))

table 5 : explain SELECT DISTINCT c FROM sbtest5 WHERE id BETWEEN 2299604 AND 2299613 ORDER BY c
	Unique  (cost=42.08..42.13 rows=11 width=121)
	  ->  Sort  (cost=42.08..42.10 rows=11 width=121)
	        Sort Key: c
	        ->  Index Scan using sbtest5_pkey on sbtest5  (cost=0.43..41.89 rows=11 width=121)
	              Index Cond: ((id >= 2299604) AND (id <= 2299613))

table 6 : explain SELECT DISTINCT c FROM sbtest6 WHERE id BETWEEN 2654673 AND 2654682 ORDER BY c
	Unique  (cost=39.36..39.41 rows=10 width=121)
	  ->  Sort  (cost=39.36..39.38 rows=10 width=121)
	        Sort Key: c
	        ->  Index Scan using sbtest6_pkey on sbtest6  (cost=0.43..39.19 rows=10 width=121)
	              Index Cond: ((id >= 2654673) AND (id <= 2654682))

table 7 : explain SELECT DISTINCT c FROM sbtest7 WHERE id BETWEEN 1671925 AND 1671934 ORDER BY c
	Unique  (cost=38.71..38.76 rows=10 width=121)
	  ->  Sort  (cost=38.71..38.74 rows=10 width=121)
	        Sort Key: c
	        ->  Index Scan using sbtest7_pkey on sbtest7  (cost=0.43..38.55 rows=10 width=121)
	              Index Cond: ((id >= 1671925) AND (id <= 1671934))

table 8 : explain SELECT DISTINCT c FROM sbtest8 WHERE id BETWEEN 441941 AND 441950 ORDER BY c
	Unique  (cost=38.47..38.52 rows=10 width=121)
	  ->  Sort  (cost=38.47..38.50 rows=10 width=121)
	        Sort Key: c
	        ->  Index Scan using sbtest8_pkey on sbtest8  (cost=0.43..38.30 rows=10 width=121)
	              Index Cond: ((id >= 441941) AND (id <= 441950))

for point_selects
table 1 : explain SELECT c FROM sbtest1 WHERE id=3507561
	Index Scan using sbtest1_pkey on sbtest1  (cost=0.43..8.45 rows=1 width=121)
	  Index Cond: (id = 3507561)

table 2 : explain SELECT c FROM sbtest2 WHERE id=7197821
	Index Scan using sbtest2_pkey on sbtest2  (cost=0.43..8.45 rows=1 width=121)
	  Index Cond: (id = 7197821)

table 3 : explain SELECT c FROM sbtest3 WHERE id=4859828
	Index Scan using sbtest3_pkey on sbtest3  (cost=0.43..8.45 rows=1 width=121)
	  Index Cond: (id = 4859828)

table 4 : explain SELECT c FROM sbtest4 WHERE id=7930238
	Index Scan using sbtest4_pkey on sbtest4  (cost=0.43..8.45 rows=1 width=121)
	  Index Cond: (id = 7930238)

table 5 : explain SELECT c FROM sbtest5 WHERE id=4950586
	Index Scan using sbtest5_pkey on sbtest5  (cost=0.43..8.45 rows=1 width=121)
	  Index Cond: (id = 4950586)

table 6 : explain SELECT c FROM sbtest6 WHERE id=1892171
	Index Scan using sbtest6_pkey on sbtest6  (cost=0.43..8.45 rows=1 width=121)
	  Index Cond: (id = 1892171)

table 7 : explain SELECT c FROM sbtest7 WHERE id=5574302
	Index Scan using sbtest7_pkey on sbtest7  (cost=0.43..8.45 rows=1 width=121)
	  Index Cond: (id = 5574302)

table 8 : explain SELECT c FROM sbtest8 WHERE id=1552298
	Index Scan using sbtest8_pkey on sbtest8  (cost=0.43..8.45 rows=1 width=121)
	  Index Cond: (id = 1552298)

for: simple_ranges
table 1 : explain SELECT c FROM sbtest1 WHERE id BETWEEN 8219688 AND 8219697
	Index Scan using sbtest1_pkey on sbtest1  (cost=0.43..38.52 rows=10 width=121)
	  Index Cond: ((id >= 8219688) AND (id <= 8219697))

table 2 : explain SELECT c FROM sbtest2 WHERE id BETWEEN 7812652 AND 7812661
	Index Scan using sbtest2_pkey on sbtest2  (cost=0.43..38.42 rows=10 width=121)
	  Index Cond: ((id >= 7812652) AND (id <= 7812661))

table 3 : explain SELECT c FROM sbtest3 WHERE id BETWEEN 4736234 AND 4736243
	Index Scan using sbtest3_pkey on sbtest3  (cost=0.43..38.60 rows=10 width=121)
	  Index Cond: ((id >= 4736234) AND (id <= 4736243))

table 4 : explain SELECT c FROM sbtest4 WHERE id BETWEEN 3230894 AND 3230903
	Index Scan using sbtest4_pkey on sbtest4  (cost=0.43..35.37 rows=9 width=121)
	  Index Cond: ((id >= 3230894) AND (id <= 3230903))

table 5 : explain SELECT c FROM sbtest5 WHERE id BETWEEN 1637502 AND 1637511
	Index Scan using sbtest5_pkey on sbtest5  (cost=0.43..38.54 rows=10 width=121)
	  Index Cond: ((id >= 1637502) AND (id <= 1637511))

table 6 : explain SELECT c FROM sbtest6 WHERE id BETWEEN 9622768 AND 9622777
	Index Scan using sbtest6_pkey on sbtest6  (cost=0.43..42.60 rows=11 width=121)
	  Index Cond: ((id >= 9622768) AND (id <= 9622777))

table 7 : explain SELECT c FROM sbtest7 WHERE id BETWEEN 7732257 AND 7732266
	Index Scan using sbtest7_pkey on sbtest7  (cost=0.43..38.55 rows=10 width=121)
	  Index Cond: ((id >= 7732257) AND (id <= 7732266))

table 8 : explain SELECT c FROM sbtest8 WHERE id BETWEEN 3930854 AND 3930863
	Index Scan using sbtest8_pkey on sbtest8  (cost=0.43..38.30 rows=10 width=121)
	  Index Cond: ((id >= 3930854) AND (id <= 3930863))

explain: for index_updates :: explain UPDATE sbtest%u SET k=k+1 WHERE id=%u
for index_updates
table 1 : explain UPDATE sbtest1 SET k=k+1 WHERE id=5772946
	Update on sbtest1  (cost=0.43..8.46 rows=1 width=196)
	  ->  Index Scan using sbtest1_pkey on sbtest1  (cost=0.43..8.46 rows=1 width=196)
	        Index Cond: (id = 5772946)

table 2 : explain UPDATE sbtest2 SET k=k+1 WHERE id=9996093
	Update on sbtest2  (cost=0.43..8.46 rows=1 width=196)
	  ->  Index Scan using sbtest2_pkey on sbtest2  (cost=0.43..8.46 rows=1 width=196)
	        Index Cond: (id = 9996093)

table 3 : explain UPDATE sbtest3 SET k=k+1 WHERE id=3143856
	Update on sbtest3  (cost=0.43..8.46 rows=1 width=196)
	  ->  Index Scan using sbtest3_pkey on sbtest3  (cost=0.43..8.46 rows=1 width=196)
	        Index Cond: (id = 3143856)

table 4 : explain UPDATE sbtest4 SET k=k+1 WHERE id=5318837
	Update on sbtest4  (cost=0.43..8.46 rows=1 width=196)
	  ->  Index Scan using sbtest4_pkey on sbtest4  (cost=0.43..8.46 rows=1 width=196)
	        Index Cond: (id = 5318837)

table 5 : explain UPDATE sbtest5 SET k=k+1 WHERE id=8101461
	Update on sbtest5  (cost=0.43..8.46 rows=1 width=196)
	  ->  Index Scan using sbtest5_pkey on sbtest5  (cost=0.43..8.46 rows=1 width=196)
	        Index Cond: (id = 8101461)

table 6 : explain UPDATE sbtest6 SET k=k+1 WHERE id=1692143
	Update on sbtest6  (cost=0.43..8.46 rows=1 width=196)
	  ->  Index Scan using sbtest6_pkey on sbtest6  (cost=0.43..8.46 rows=1 width=196)
	        Index Cond: (id = 1692143)

table 7 : explain UPDATE sbtest7 SET k=k+1 WHERE id=9359333
	Update on sbtest7  (cost=0.43..8.46 rows=1 width=196)
	  ->  Index Scan using sbtest7_pkey on sbtest7  (cost=0.43..8.46 rows=1 width=196)
	        Index Cond: (id = 9359333)

table 8 : explain UPDATE sbtest8 SET k=k+1 WHERE id=6148113
	Update on sbtest8  (cost=0.43..8.46 rows=1 width=196)
	  ->  Index Scan using sbtest8_pkey on sbtest8  (cost=0.43..8.46 rows=1 width=196)
	        Index Cond: (id = 6148113)

for: simple_ranges
table 1 : explain SELECT c FROM sbtest1 WHERE id BETWEEN 8837020 AND 8837029
	Index Scan using sbtest1_pkey on sbtest1  (cost=0.43..38.52 rows=10 width=121)
	  Index Cond: ((id >= 8837020) AND (id <= 8837029))

table 2 : explain SELECT c FROM sbtest2 WHERE id BETWEEN 4814094 AND 4814103
	Index Scan using sbtest2_pkey on sbtest2  (cost=0.43..41.75 rows=11 width=121)
	  Index Cond: ((id >= 4814094) AND (id <= 4814103))

table 3 : explain SELECT c FROM sbtest3 WHERE id BETWEEN 8298866 AND 8298875
	Index Scan using sbtest3_pkey on sbtest3  (cost=0.43..38.60 rows=10 width=121)
	  Index Cond: ((id >= 8298866) AND (id <= 8298875))

table 4 : explain SELECT c FROM sbtest4 WHERE id BETWEEN 6308698 AND 6308707
	Index Scan using sbtest4_pkey on sbtest4  (cost=0.43..38.73 rows=10 width=121)
	  Index Cond: ((id >= 6308698) AND (id <= 6308707))

table 5 : explain SELECT c FROM sbtest5 WHERE id BETWEEN 9177449 AND 9177458
	Index Scan using sbtest5_pkey on sbtest5  (cost=0.43..38.54 rows=10 width=121)
	  Index Cond: ((id >= 9177449) AND (id <= 9177458))

table 6 : explain SELECT c FROM sbtest6 WHERE id BETWEEN 583753 AND 583762
	Index Scan using sbtest6_pkey on sbtest6  (cost=0.43..42.60 rows=11 width=121)
	  Index Cond: ((id >= 583753) AND (id <= 583762))

table 7 : explain SELECT c FROM sbtest7 WHERE id BETWEEN 8237785 AND 8237794
	Index Scan using sbtest7_pkey on sbtest7  (cost=0.43..41.89 rows=11 width=121)
	  Index Cond: ((id >= 8237785) AND (id <= 8237794))

table 8 : explain SELECT c FROM sbtest8 WHERE id BETWEEN 5917978 AND 5917987
	Index Scan using sbtest8_pkey on sbtest8  (cost=0.43..41.62 rows=11 width=121)
	  Index Cond: ((id >= 5917978) AND (id <= 5917987))

for: distinct_ranges
table 1 : explain SELECT DISTINCT c FROM sbtest1 WHERE id BETWEEN 4409033 AND 4409042 ORDER BY c
	Unique  (cost=38.68..38.73 rows=10 width=121)
	  ->  Sort  (cost=38.68..38.71 rows=10 width=121)
	        Sort Key: c
	        ->  Index Scan using sbtest1_pkey on sbtest1  (cost=0.43..38.52 rows=10 width=121)
	              Index Cond: ((id >= 4409033) AND (id <= 4409042))

table 2 : explain SELECT DISTINCT c FROM sbtest2 WHERE id BETWEEN 710204 AND 710213 ORDER BY c
	Unique  (cost=38.58..38.63 rows=10 width=121)
	  ->  Sort  (cost=38.58..38.61 rows=10 width=121)
	        Sort Key: c
	        ->  Index Scan using sbtest2_pkey on sbtest2  (cost=0.43..38.42 rows=10 width=121)
	              Index Cond: ((id >= 710204) AND (id <= 710213))

table 3 : explain SELECT DISTINCT c FROM sbtest3 WHERE id BETWEEN 1672084 AND 1672093 ORDER BY c
	Unique  (cost=38.76..38.81 rows=10 width=121)
	  ->  Sort  (cost=38.76..38.79 rows=10 width=121)
	        Sort Key: c
	        ->  Index Scan using sbtest3_pkey on sbtest3  (cost=0.43..38.60 rows=10 width=121)
	              Index Cond: ((id >= 1672084) AND (id <= 1672093))

table 4 : explain SELECT DISTINCT c FROM sbtest4 WHERE id BETWEEN 1573954 AND 1573963 ORDER BY c
	Unique  (cost=38.90..38.95 rows=10 width=121)
	  ->  Sort  (cost=38.90..38.92 rows=10 width=121)
	        Sort Key: c
	        ->  Index Scan using sbtest4_pkey on sbtest4  (cost=0.43..38.73 rows=10 width=121)
	              Index Cond: ((id >= 1573954) AND (id <= 1573963))

table 5 : explain SELECT DISTINCT c FROM sbtest5 WHERE id BETWEEN 8227981 AND 8227990 ORDER BY c
	Unique  (cost=38.71..38.76 rows=10 width=121)
	  ->  Sort  (cost=38.71..38.73 rows=10 width=121)
	        Sort Key: c
	        ->  Index Scan using sbtest5_pkey on sbtest5  (cost=0.43..38.54 rows=10 width=121)
	              Index Cond: ((id >= 8227981) AND (id <= 8227990))

table 6 : explain SELECT DISTINCT c FROM sbtest6 WHERE id BETWEEN 8061319 AND 8061328 ORDER BY c
	Unique  (cost=39.36..39.41 rows=10 width=121)
	  ->  Sort  (cost=39.36..39.38 rows=10 width=121)
	        Sort Key: c
	        ->  Index Scan using sbtest6_pkey on sbtest6  (cost=0.43..39.19 rows=10 width=121)
	              Index Cond: ((id >= 8061319) AND (id <= 8061328))

table 7 : explain SELECT DISTINCT c FROM sbtest7 WHERE id BETWEEN 1000789 AND 1000798 ORDER BY c
	Unique  (cost=38.71..38.76 rows=10 width=121)
	  ->  Sort  (cost=38.71..38.74 rows=10 width=121)
	        Sort Key: c
	        ->  Index Scan using sbtest7_pkey on sbtest7  (cost=0.43..38.55 rows=10 width=121)
	              Index Cond: ((id >= 1000789) AND (id <= 1000798))

table 8 : explain SELECT DISTINCT c FROM sbtest8 WHERE id BETWEEN 2549850 AND 2549859 ORDER BY c
	Unique  (cost=38.47..38.52 rows=10 width=121)
	  ->  Sort  (cost=38.47..38.50 rows=10 width=121)
	        Sort Key: c
	        ->  Index Scan using sbtest8_pkey on sbtest8  (cost=0.43..38.30 rows=10 width=121)
	              Index Cond: ((id >= 2549850) AND (id <= 2549859))

for: sum_ranges
table 1 : explain SELECT SUM(k) FROM sbtest1 WHERE id BETWEEN 9068385 AND 9068394
	Aggregate  (cost=41.89..41.90 rows=1 width=8)
	  ->  Index Scan using sbtest1_pkey on sbtest1  (cost=0.43..41.86 rows=11 width=4)
	        Index Cond: ((id >= 9068385) AND (id <= 9068394))

table 2 : explain SELECT SUM(k) FROM sbtest2 WHERE id BETWEEN 2948232 AND 2948241
	Aggregate  (cost=38.44..38.45 rows=1 width=8)
	  ->  Index Scan using sbtest2_pkey on sbtest2  (cost=0.43..38.42 rows=10 width=4)
	        Index Cond: ((id >= 2948232) AND (id <= 2948241))

table 3 : explain SELECT SUM(k) FROM sbtest3 WHERE id BETWEEN 3421042 AND 3421051
	Aggregate  (cost=38.62..38.63 rows=1 width=8)
	  ->  Index Scan using sbtest3_pkey on sbtest3  (cost=0.43..38.60 rows=10 width=4)
	        Index Cond: ((id >= 3421042) AND (id <= 3421051))

table 4 : explain SELECT SUM(k) FROM sbtest4 WHERE id BETWEEN 359398 AND 359407
	Aggregate  (cost=38.76..38.77 rows=1 width=8)
	  ->  Index Scan using sbtest4_pkey on sbtest4  (cost=0.43..38.73 rows=10 width=4)
	        Index Cond: ((id >= 359398) AND (id <= 359407))

table 5 : explain SELECT SUM(k) FROM sbtest5 WHERE id BETWEEN 491874 AND 491883
	Aggregate  (cost=41.91..41.92 rows=1 width=8)
	  ->  Index Scan using sbtest5_pkey on sbtest5  (cost=0.43..41.89 rows=11 width=4)
	        Index Cond: ((id >= 491874) AND (id <= 491883))

table 6 : explain SELECT SUM(k) FROM sbtest6 WHERE id BETWEEN 506653 AND 506662
	Aggregate  (cost=39.21..39.22 rows=1 width=8)
	  ->  Index Scan using sbtest6_pkey on sbtest6  (cost=0.43..39.19 rows=10 width=4)
	        Index Cond: ((id >= 506653) AND (id <= 506662))

table 7 : explain SELECT SUM(k) FROM sbtest7 WHERE id BETWEEN 7225152 AND 7225161
	Aggregate  (cost=38.57..38.58 rows=1 width=8)
	  ->  Index Scan using sbtest7_pkey on sbtest7  (cost=0.43..38.55 rows=10 width=4)
	        Index Cond: ((id >= 7225152) AND (id <= 7225161))

table 8 : explain SELECT SUM(k) FROM sbtest8 WHERE id BETWEEN 2803275 AND 2803284
	Aggregate  (cost=38.33..38.34 rows=1 width=8)
	  ->  Index Scan using sbtest8_pkey on sbtest8  (cost=0.43..38.30 rows=10 width=4)
	        Index Cond: ((id >= 2803275) AND (id <= 2803284))

for: simple_ranges
table 1 : explain SELECT c FROM sbtest1 WHERE id BETWEEN 1058796 AND 1058805
	Index Scan using sbtest1_pkey on sbtest1  (cost=0.43..38.52 rows=10 width=121)
	  Index Cond: ((id >= 1058796) AND (id <= 1058805))

table 2 : explain SELECT c FROM sbtest2 WHERE id BETWEEN 66317 AND 66326
	Index Scan using sbtest2_pkey on sbtest2  (cost=0.43..38.42 rows=10 width=121)
	  Index Cond: ((id >= 66317) AND (id <= 66326))

table 3 : explain SELECT c FROM sbtest3 WHERE id BETWEEN 1272951 AND 1272960
	Index Scan using sbtest3_pkey on sbtest3  (cost=0.43..38.60 rows=10 width=121)
	  Index Cond: ((id >= 1272951) AND (id <= 1272960))

table 4 : explain SELECT c FROM sbtest4 WHERE id BETWEEN 1052881 AND 1052890
	Index Scan using sbtest4_pkey on sbtest4  (cost=0.43..38.73 rows=10 width=121)
	  Index Cond: ((id >= 1052881) AND (id <= 1052890))

table 5 : explain SELECT c FROM sbtest5 WHERE id BETWEEN 1967799 AND 1967808
	Index Scan using sbtest5_pkey on sbtest5  (cost=0.43..38.54 rows=10 width=121)
	  Index Cond: ((id >= 1967799) AND (id <= 1967808))

table 6 : explain SELECT c FROM sbtest6 WHERE id BETWEEN 171074 AND 171083
	Index Scan using sbtest6_pkey on sbtest6  (cost=0.43..39.19 rows=10 width=121)
	  Index Cond: ((id >= 171074) AND (id <= 171083))

table 7 : explain SELECT c FROM sbtest7 WHERE id BETWEEN 6134330 AND 6134339
	Index Scan using sbtest7_pkey on sbtest7  (cost=0.43..38.55 rows=10 width=121)
	  Index Cond: ((id >= 6134330) AND (id <= 6134339))

table 8 : explain SELECT c FROM sbtest8 WHERE id BETWEEN 6081183 AND 6081192
	Index Scan using sbtest8_pkey on sbtest8  (cost=0.43..38.30 rows=10 width=121)
	  Index Cond: ((id >= 6081183) AND (id <= 6081192))

for: simple_ranges
table 1 : explain SELECT c FROM sbtest1 WHERE id BETWEEN 5754778 AND 5754787
	Index Scan using sbtest1_pkey on sbtest1  (cost=0.43..41.86 rows=11 width=121)
	  Index Cond: ((id >= 5754778) AND (id <= 5754787))

table 2 : explain SELECT c FROM sbtest2 WHERE id BETWEEN 3781926 AND 3781935
	Index Scan using sbtest2_pkey on sbtest2  (cost=0.43..38.42 rows=10 width=121)
	  Index Cond: ((id >= 3781926) AND (id <= 3781935))

table 3 : explain SELECT c FROM sbtest3 WHERE id BETWEEN 9506310 AND 9506319
	Index Scan using sbtest3_pkey on sbtest3  (cost=0.43..38.60 rows=10 width=121)
	  Index Cond: ((id >= 9506310) AND (id <= 9506319))

table 4 : explain SELECT c FROM sbtest4 WHERE id BETWEEN 9262536 AND 9262545
	Index Scan using sbtest4_pkey on sbtest4  (cost=0.43..38.73 rows=10 width=121)
	  Index Cond: ((id >= 9262536) AND (id <= 9262545))

table 5 : explain SELECT c FROM sbtest5 WHERE id BETWEEN 2213413 AND 2213422
	Index Scan using sbtest5_pkey on sbtest5  (cost=0.43..41.89 rows=11 width=121)
	  Index Cond: ((id >= 2213413) AND (id <= 2213422))

table 6 : explain SELECT c FROM sbtest6 WHERE id BETWEEN 7619081 AND 7619090
	Index Scan using sbtest6_pkey on sbtest6  (cost=0.43..39.19 rows=10 width=121)
	  Index Cond: ((id >= 7619081) AND (id <= 7619090))

table 7 : explain SELECT c FROM sbtest7 WHERE id BETWEEN 893328 AND 893337
	Index Scan using sbtest7_pkey on sbtest7  (cost=0.43..38.55 rows=10 width=121)
	  Index Cond: ((id >= 893328) AND (id <= 893337))

table 8 : explain SELECT c FROM sbtest8 WHERE id BETWEEN 8578441 AND 8578450
	Index Scan using sbtest8_pkey on sbtest8  (cost=0.43..34.99 rows=9 width=121)
	  Index Cond: ((id >= 8578441) AND (id <= 8578450))

for: simple_ranges
table 1 : explain SELECT c FROM sbtest1 WHERE id BETWEEN 7135982 AND 7135991
	Index Scan using sbtest1_pkey on sbtest1  (cost=0.43..38.52 rows=10 width=121)
	  Index Cond: ((id >= 7135982) AND (id <= 7135991))

table 2 : explain SELECT c FROM sbtest2 WHERE id BETWEEN 4830662 AND 4830671
	Index Scan using sbtest2_pkey on sbtest2  (cost=0.43..41.75 rows=11 width=121)
	  Index Cond: ((id >= 4830662) AND (id <= 4830671))

table 3 : explain SELECT c FROM sbtest3 WHERE id BETWEEN 5590082 AND 5590091
	Index Scan using sbtest3_pkey on sbtest3  (cost=0.43..38.60 rows=10 width=121)
	  Index Cond: ((id >= 5590082) AND (id <= 5590091))

table 4 : explain SELECT c FROM sbtest4 WHERE id BETWEEN 5460065 AND 5460074
	Index Scan using sbtest4_pkey on sbtest4  (cost=0.43..38.73 rows=10 width=121)
	  Index Cond: ((id >= 5460065) AND (id <= 5460074))

table 5 : explain SELECT c FROM sbtest5 WHERE id BETWEEN 1559703 AND 1559712
	Index Scan using sbtest5_pkey on sbtest5  (cost=0.43..38.54 rows=10 width=121)
	  Index Cond: ((id >= 1559703) AND (id <= 1559712))

table 6 : explain SELECT c FROM sbtest6 WHERE id BETWEEN 6128376 AND 6128385
	Index Scan using sbtest6_pkey on sbtest6  (cost=0.43..39.19 rows=10 width=121)
	  Index Cond: ((id >= 6128376) AND (id <= 6128385))

table 7 : explain SELECT c FROM sbtest7 WHERE id BETWEEN 8614 AND 8623
	Index Scan using sbtest7_pkey on sbtest7  (cost=0.43..35.20 rows=9 width=121)
	  Index Cond: ((id >= 8614) AND (id <= 8623))

table 8 : explain SELECT c FROM sbtest8 WHERE id BETWEEN 2937886 AND 2937895
	Index Scan using sbtest8_pkey on sbtest8  (cost=0.43..38.30 rows=10 width=121)
	  Index Cond: ((id >= 2937886) AND (id <= 2937895))

for: simple_ranges
table 1 : explain SELECT c FROM sbtest1 WHERE id BETWEEN 5059837 AND 5059846
	Index Scan using sbtest1_pkey on sbtest1  (cost=0.43..38.52 rows=10 width=121)
	  Index Cond: ((id >= 5059837) AND (id <= 5059846))

table 2 : explain SELECT c FROM sbtest2 WHERE id BETWEEN 9886954 AND 9886963
	Index Scan using sbtest2_pkey on sbtest2  (cost=0.43..35.09 rows=9 width=121)
	  Index Cond: ((id >= 9886954) AND (id <= 9886963))

table 3 : explain SELECT c FROM sbtest3 WHERE id BETWEEN 1479860 AND 1479869
	Index Scan using sbtest3_pkey on sbtest3  (cost=0.43..38.60 rows=10 width=121)
	  Index Cond: ((id >= 1479860) AND (id <= 1479869))

table 4 : explain SELECT c FROM sbtest4 WHERE id BETWEEN 4150179 AND 4150188
	Index Scan using sbtest4_pkey on sbtest4  (cost=0.43..35.37 rows=9 width=121)
	  Index Cond: ((id >= 4150179) AND (id <= 4150188))

table 5 : explain SELECT c FROM sbtest5 WHERE id BETWEEN 6341719 AND 6341728
	Index Scan using sbtest5_pkey on sbtest5  (cost=0.43..38.54 rows=10 width=121)
	  Index Cond: ((id >= 6341719) AND (id <= 6341728))

table 6 : explain SELECT c FROM sbtest6 WHERE id BETWEEN 8786522 AND 8786531
	Index Scan using sbtest6_pkey on sbtest6  (cost=0.43..39.19 rows=10 width=121)
	  Index Cond: ((id >= 8786522) AND (id <= 8786531))

table 7 : explain SELECT c FROM sbtest7 WHERE id BETWEEN 325062 AND 325071
	Index Scan using sbtest7_pkey on sbtest7  (cost=0.43..35.20 rows=9 width=121)
	  Index Cond: ((id >= 325062) AND (id <= 325071))

table 8 : explain SELECT c FROM sbtest8 WHERE id BETWEEN 8196574 AND 8196583
	Index Scan using sbtest8_pkey on sbtest8  (cost=0.43..38.30 rows=10 width=121)
	  Index Cond: ((id >= 8196574) AND (id <= 8196583))

explain: for index_updates :: explain UPDATE sbtest%u SET k=k+1 WHERE id=%u
for: simple_ranges
table 1 : explain SELECT c FROM sbtest1 WHERE id BETWEEN 71752 AND 71761
	Index Scan using sbtest1_pkey on sbtest1  (cost=0.43..35.18 rows=9 width=121)
	  Index Cond: ((id >= 71752) AND (id <= 71761))

table 2 : explain SELECT c FROM sbtest2 WHERE id BETWEEN 7750919 AND 7750928
	Index Scan using sbtest2_pkey on sbtest2  (cost=0.43..38.42 rows=10 width=121)
	  Index Cond: ((id >= 7750919) AND (id <= 7750928))

table 3 : explain SELECT c FROM sbtest3 WHERE id BETWEEN 3438292 AND 3438301
	Index Scan using sbtest3_pkey on sbtest3  (cost=0.43..38.60 rows=10 width=121)
	  Index Cond: ((id >= 3438292) AND (id <= 3438301))

table 4 : explain SELECT c FROM sbtest4 WHERE id BETWEEN 9738689 AND 9738698
	Index Scan using sbtest4_pkey on sbtest4  (cost=0.43..38.73 rows=10 width=121)
	  Index Cond: ((id >= 9738689) AND (id <= 9738698))

table 5 : explain SELECT c FROM sbtest5 WHERE id BETWEEN 5641749 AND 5641758
	Index Scan using sbtest5_pkey on sbtest5  (cost=0.43..35.20 rows=9 width=121)
	  Index Cond: ((id >= 5641749) AND (id <= 5641758))

table 6 : explain SELECT c FROM sbtest6 WHERE id BETWEEN 7812684 AND 7812693
	Index Scan using sbtest6_pkey on sbtest6  (cost=0.43..39.19 rows=10 width=121)
	  Index Cond: ((id >= 7812684) AND (id <= 7812693))

table 7 : explain SELECT c FROM sbtest7 WHERE id BETWEEN 8673303 AND 8673312
	Index Scan using sbtest7_pkey on sbtest7  (cost=0.43..38.55 rows=10 width=121)
	  Index Cond: ((id >= 8673303) AND (id <= 8673312))

table 8 : explain SELECT c FROM sbtest8 WHERE id BETWEEN 9334299 AND 9334308
	Index Scan using sbtest8_pkey on sbtest8  (cost=0.43..34.99 rows=9 width=121)
	  Index Cond: ((id >= 9334299) AND (id <= 9334308))

for point_selects
table 1 : explain SELECT c FROM sbtest1 WHERE id=3511738
	Index Scan using sbtest1_pkey on sbtest1  (cost=0.43..8.45 rows=1 width=121)
	  Index Cond: (id = 3511738)

table 2 : explain SELECT c FROM sbtest2 WHERE id=3805550
	Index Scan using sbtest2_pkey on sbtest2  (cost=0.43..8.45 rows=1 width=121)
	  Index Cond: (id = 3805550)

table 3 : explain SELECT c FROM sbtest3 WHERE id=2587109
	Index Scan using sbtest3_pkey on sbtest3  (cost=0.43..8.45 rows=1 width=121)
	  Index Cond: (id = 2587109)

table 4 : explain SELECT c FROM sbtest4 WHERE id=3108540
	Index Scan using sbtest4_pkey on sbtest4  (cost=0.43..8.45 rows=1 width=121)
	  Index Cond: (id = 3108540)

table 5 : explain SELECT c FROM sbtest5 WHERE id=9878125
	Index Scan using sbtest5_pkey on sbtest5  (cost=0.43..8.45 rows=1 width=121)
	  Index Cond: (id = 9878125)

table 6 : explain SELECT c FROM sbtest6 WHERE id=1473055
	Index Scan using sbtest6_pkey on sbtest6  (cost=0.43..8.45 rows=1 width=121)
	  Index Cond: (id = 1473055)

table 7 : explain SELECT c FROM sbtest7 WHERE id=2413825
	Index Scan using sbtest7_pkey on sbtest7  (cost=0.43..8.45 rows=1 width=121)
	  Index Cond: (id = 2413825)

table 8 : explain SELECT c FROM sbtest8 WHERE id=9989120
	Index Scan using sbtest8_pkey on sbtest8  (cost=0.43..8.45 rows=1 width=121)
	  Index Cond: (id = 9989120)

explain: for point_selects :: explain SELECT c FROM sbtest%u WHERE id=%u
explain: for non_index_updates :: explain UPDATE sbtest%u SET c='foobar' WHERE id=%u
explain: for point_selects :: explain SELECT c FROM sbtest%u WHERE id=%u
for: order_ranges
table 1 : explain SELECT c FROM sbtest1 WHERE id BETWEEN 668561 AND 668570 ORDER BY c
	Sort  (cost=35.32..35.34 rows=9 width=121)
	  Sort Key: c
	  ->  Index Scan using sbtest1_pkey on sbtest1  (cost=0.43..35.18 rows=9 width=121)
	        Index Cond: ((id >= 668561) AND (id <= 668570))

table 2 : explain SELECT c FROM sbtest2 WHERE id BETWEEN 5410217 AND 5410226 ORDER BY c
	Sort  (cost=38.58..38.61 rows=10 width=121)
	  Sort Key: c
	  ->  Index Scan using sbtest2_pkey on sbtest2  (cost=0.43..38.42 rows=10 width=121)
	        Index Cond: ((id >= 5410217) AND (id <= 5410226))

table 3 : explain SELECT c FROM sbtest3 WHERE id BETWEEN 7886405 AND 7886414 ORDER BY c
	Sort  (cost=38.76..38.79 rows=10 width=121)
	  Sort Key: c
	  ->  Index Scan using sbtest3_pkey on sbtest3  (cost=0.43..38.60 rows=10 width=121)
	        Index Cond: ((id >= 7886405) AND (id <= 7886414))

table 4 : explain SELECT c FROM sbtest4 WHERE id BETWEEN 5495834 AND 5495843 ORDER BY c
	Sort  (cost=38.90..38.92 rows=10 width=121)
	  Sort Key: c
	  ->  Index Scan using sbtest4_pkey on sbtest4  (cost=0.43..38.73 rows=10 width=121)
	        Index Cond: ((id >= 5495834) AND (id <= 5495843))

table 5 : explain SELECT c FROM sbtest5 WHERE id BETWEEN 6164096 AND 6164105 ORDER BY c
	Sort  (cost=42.08..42.10 rows=11 width=121)
	  Sort Key: c
	  ->  Index Scan using sbtest5_pkey on sbtest5  (cost=0.43..41.89 rows=11 width=121)
	        Index Cond: ((id >= 6164096) AND (id <= 6164105))

table 6 : explain SELECT c FROM sbtest6 WHERE id BETWEEN 8884740 AND 8884749 ORDER BY c
	Sort  (cost=39.36..39.38 rows=10 width=121)
	  Sort Key: c
	  ->  Index Scan using sbtest6_pkey on sbtest6  (cost=0.43..39.19 rows=10 width=121)
	        Index Cond: ((id >= 8884740) AND (id <= 8884749))

table 7 : explain SELECT c FROM sbtest7 WHERE id BETWEEN 2210767 AND 2210776 ORDER BY c
	Sort  (cost=38.71..38.74 rows=10 width=121)
	  Sort Key: c
	  ->  Index Scan using sbtest7_pkey on sbtest7  (cost=0.43..38.55 rows=10 width=121)
	        Index Cond: ((id >= 2210767) AND (id <= 2210776))

table 8 : explain SELECT c FROM sbtest8 WHERE id BETWEEN 7489879 AND 7489888 ORDER BY c
	Sort  (cost=38.47..38.50 rows=10 width=121)
	  Sort Key: c
	  ->  Index Scan using sbtest8_pkey on sbtest8  (cost=0.43..38.30 rows=10 width=121)
	        Index Cond: ((id >= 7489879) AND (id <= 7489888))

explain: for non_index_updates :: explain UPDATE sbtest%u SET c='foobar' WHERE id=%u
explain: for point_selects :: explain SELECT c FROM sbtest%u WHERE id=%u
explain: for point_selects :: explain SELECT c FROM sbtest%u WHERE id=%u
for index_updates
table 1 : explain UPDATE sbtest1 SET k=k+1 WHERE id=6264278
	Update on sbtest1  (cost=0.43..8.46 rows=1 width=196)
	  ->  Index Scan using sbtest1_pkey on sbtest1  (cost=0.43..8.46 rows=1 width=196)
	        Index Cond: (id = 6264278)

table 2 : explain UPDATE sbtest2 SET k=k+1 WHERE id=1801983
	Update on sbtest2  (cost=0.43..8.46 rows=1 width=196)
	  ->  Index Scan using sbtest2_pkey on sbtest2  (cost=0.43..8.46 rows=1 width=196)
	        Index Cond: (id = 1801983)

table 3 : explain UPDATE sbtest3 SET k=k+1 WHERE id=2114551
	Update on sbtest3  (cost=0.43..8.46 rows=1 width=196)
	  ->  Index Scan using sbtest3_pkey on sbtest3  (cost=0.43..8.46 rows=1 width=196)
	        Index Cond: (id = 2114551)

table 4 : explain UPDATE sbtest4 SET k=k+1 WHERE id=8549715
	Update on sbtest4  (cost=0.43..8.46 rows=1 width=196)
	  ->  Index Scan using sbtest4_pkey on sbtest4  (cost=0.43..8.46 rows=1 width=196)
	        Index Cond: (id = 8549715)

table 5 : explain UPDATE sbtest5 SET k=k+1 WHERE id=7889087
	Update on sbtest5  (cost=0.43..8.46 rows=1 width=196)
	  ->  Index Scan using sbtest5_pkey on sbtest5  (cost=0.43..8.46 rows=1 width=196)
	        Index Cond: (id = 7889087)

table 6 : explain UPDATE sbtest6 SET k=k+1 WHERE id=2327974
	Update on sbtest6  (cost=0.43..8.46 rows=1 width=196)
	  ->  Index Scan using sbtest6_pkey on sbtest6  (cost=0.43..8.46 rows=1 width=196)
	        Index Cond: (id = 2327974)

table 7 : explain UPDATE sbtest7 SET k=k+1 WHERE id=8391088
	Update on sbtest7  (cost=0.43..8.46 rows=1 width=196)
	  ->  Index Scan using sbtest7_pkey on sbtest7  (cost=0.43..8.46 rows=1 width=196)
	        Index Cond: (id = 8391088)

table 8 : explain UPDATE sbtest8 SET k=k+1 WHERE id=9809624
	Update on sbtest8  (cost=0.43..8.46 rows=1 width=196)
	  ->  Index Scan using sbtest8_pkey on sbtest8  (cost=0.43..8.46 rows=1 width=196)
	        Index Cond: (id = 9809624)

for: sum_ranges
table 1 : explain SELECT SUM(k) FROM sbtest1 WHERE id BETWEEN 3402679 AND 3402688
	Aggregate  (cost=41.89..41.90 rows=1 width=8)
	  ->  Index Scan using sbtest1_pkey on sbtest1  (cost=0.43..41.86 rows=11 width=4)
	        Index Cond: ((id >= 3402679) AND (id <= 3402688))

table 2 : explain SELECT SUM(k) FROM sbtest2 WHERE id BETWEEN 7864777 AND 7864786
	Aggregate  (cost=38.44..38.45 rows=1 width=8)
	  ->  Index Scan using sbtest2_pkey on sbtest2  (cost=0.43..38.42 rows=10 width=4)
	        Index Cond: ((id >= 7864777) AND (id <= 7864786))

table 3 : explain SELECT SUM(k) FROM sbtest3 WHERE id BETWEEN 5346088 AND 5346097
	Aggregate  (cost=38.62..38.63 rows=1 width=8)
	  ->  Index Scan using sbtest3_pkey on sbtest3  (cost=0.43..38.60 rows=10 width=4)
	        Index Cond: ((id >= 5346088) AND (id <= 5346097))

table 4 : explain SELECT SUM(k) FROM sbtest4 WHERE id BETWEEN 8786683 AND 8786692
	Aggregate  (cost=38.76..38.77 rows=1 width=8)
	  ->  Index Scan using sbtest4_pkey on sbtest4  (cost=0.43..38.73 rows=10 width=4)
	        Index Cond: ((id >= 8786683) AND (id <= 8786692))

table 5 : explain SELECT SUM(k) FROM sbtest5 WHERE id BETWEEN 1750756 AND 1750765
	Aggregate  (cost=35.22..35.23 rows=1 width=8)
	  ->  Index Scan using sbtest5_pkey on sbtest5  (cost=0.43..35.20 rows=9 width=4)
	        Index Cond: ((id >= 1750756) AND (id <= 1750765))

table 6 : explain SELECT SUM(k) FROM sbtest6 WHERE id BETWEEN 5368938 AND 5368947
	Aggregate  (cost=42.63..42.64 rows=1 width=8)
	  ->  Index Scan using sbtest6_pkey on sbtest6  (cost=0.43..42.60 rows=11 width=4)
	        Index Cond: ((id >= 5368938) AND (id <= 5368947))

table 7 : explain SELECT SUM(k) FROM sbtest7 WHERE id BETWEEN 7293897 AND 7293906
	Aggregate  (cost=35.23..35.24 rows=1 width=8)
	  ->  Index Scan using sbtest7_pkey on sbtest7  (cost=0.43..35.20 rows=9 width=4)
	        Index Cond: ((id >= 7293897) AND (id <= 7293906))

table 8 : explain SELECT SUM(k) FROM sbtest8 WHERE id BETWEEN 8208648 AND 8208657
	Aggregate  (cost=38.33..38.34 rows=1 width=8)
	  ->  Index Scan using sbtest8_pkey on sbtest8  (cost=0.43..38.30 rows=10 width=4)
	        Index Cond: ((id >= 8208648) AND (id <= 8208657))

for: sum_ranges
table 1 : explain SELECT SUM(k) FROM sbtest1 WHERE id BETWEEN 4509574 AND 4509583
	Aggregate  (cost=38.54..38.55 rows=1 width=8)
	  ->  Index Scan using sbtest1_pkey on sbtest1  (cost=0.43..38.52 rows=10 width=4)
	        Index Cond: ((id >= 4509574) AND (id <= 4509583))

table 2 : explain SELECT SUM(k) FROM sbtest2 WHERE id BETWEEN 8692541 AND 8692550
	Aggregate  (cost=38.44..38.45 rows=1 width=8)
	  ->  Index Scan using sbtest2_pkey on sbtest2  (cost=0.43..38.42 rows=10 width=4)
	        Index Cond: ((id >= 8692541) AND (id <= 8692550))

table 3 : explain SELECT SUM(k) FROM sbtest3 WHERE id BETWEEN 5864342 AND 5864351
	Aggregate  (cost=41.97..41.98 rows=1 width=8)
	  ->  Index Scan using sbtest3_pkey on sbtest3  (cost=0.43..41.95 rows=11 width=4)
	        Index Cond: ((id >= 5864342) AND (id <= 5864351))

table 4 : explain SELECT SUM(k) FROM sbtest4 WHERE id BETWEEN 418406 AND 418415
	Aggregate  (cost=38.76..38.77 rows=1 width=8)
	  ->  Index Scan using sbtest4_pkey on sbtest4  (cost=0.43..38.73 rows=10 width=4)
	        Index Cond: ((id >= 418406) AND (id <= 418415))

table 5 : explain SELECT SUM(k) FROM sbtest5 WHERE id BETWEEN 3767329 AND 3767338
	Aggregate  (cost=38.57..38.58 rows=1 width=8)
	  ->  Index Scan using sbtest5_pkey on sbtest5  (cost=0.43..38.54 rows=10 width=4)
	        Index Cond: ((id >= 3767329) AND (id <= 3767338))

table 6 : explain SELECT SUM(k) FROM sbtest6 WHERE id BETWEEN 1072241 AND 1072250
	Aggregate  (cost=35.80..35.81 rows=1 width=8)
	  ->  Index Scan using sbtest6_pkey on sbtest6  (cost=0.43..35.77 rows=9 width=4)
	        Index Cond: ((id >= 1072241) AND (id <= 1072250))

table 7 : explain SELECT SUM(k) FROM sbtest7 WHERE id BETWEEN 2732991 AND 2733000
	Aggregate  (cost=38.57..38.58 rows=1 width=8)
	  ->  Index Scan using sbtest7_pkey on sbtest7  (cost=0.43..38.55 rows=10 width=4)
	        Index Cond: ((id >= 2732991) AND (id <= 2733000))

table 8 : explain SELECT SUM(k) FROM sbtest8 WHERE id BETWEEN 5703372 AND 5703381
	Aggregate  (cost=41.65..41.66 rows=1 width=8)
	  ->  Index Scan using sbtest8_pkey on sbtest8  (cost=0.43..41.62 rows=11 width=4)
	        Index Cond: ((id >= 5703372) AND (id <= 5703381))

for index_updates
table 1 : explain UPDATE sbtest1 SET k=k+1 WHERE id=128158
	Update on sbtest1  (cost=0.43..8.46 rows=1 width=196)
	  ->  Index Scan using sbtest1_pkey on sbtest1  (cost=0.43..8.46 rows=1 width=196)
	        Index Cond: (id = 128158)

table 2 : explain UPDATE sbtest2 SET k=k+1 WHERE id=9920386
	Update on sbtest2  (cost=0.43..8.46 rows=1 width=196)
	  ->  Index Scan using sbtest2_pkey on sbtest2  (cost=0.43..8.46 rows=1 width=196)
	        Index Cond: (id = 9920386)

table 3 : explain UPDATE sbtest3 SET k=k+1 WHERE id=3057924
	Update on sbtest3  (cost=0.43..8.46 rows=1 width=196)
	  ->  Index Scan using sbtest3_pkey on sbtest3  (cost=0.43..8.46 rows=1 width=196)
	        Index Cond: (id = 3057924)

table 4 : explain UPDATE sbtest4 SET k=k+1 WHERE id=5506382
	Update on sbtest4  (cost=0.43..8.46 rows=1 width=196)
	  ->  Index Scan using sbtest4_pkey on sbtest4  (cost=0.43..8.46 rows=1 width=196)
	        Index Cond: (id = 5506382)

table 5 : explain UPDATE sbtest5 SET k=k+1 WHERE id=9199378
	Update on sbtest5  (cost=0.43..8.46 rows=1 width=196)
	  ->  Index Scan using sbtest5_pkey on sbtest5  (cost=0.43..8.46 rows=1 width=196)
	        Index Cond: (id = 9199378)

table 6 : explain UPDATE sbtest6 SET k=k+1 WHERE id=4303504
	Update on sbtest6  (cost=0.43..8.46 rows=1 width=196)
	  ->  Index Scan using sbtest6_pkey on sbtest6  (cost=0.43..8.46 rows=1 width=196)
	        Index Cond: (id = 4303504)

table 7 : explain UPDATE sbtest7 SET k=k+1 WHERE id=704839
	Update on sbtest7  (cost=0.43..8.46 rows=1 width=196)
	  ->  Index Scan using sbtest7_pkey on sbtest7  (cost=0.43..8.46 rows=1 width=196)
	        Index Cond: (id = 704839)

table 8 : explain UPDATE sbtest8 SET k=k+1 WHERE id=6730453
	Update on sbtest8  (cost=0.43..8.46 rows=1 width=196)
	  ->  Index Scan using sbtest8_pkey on sbtest8  (cost=0.43..8.46 rows=1 width=196)
	        Index Cond: (id = 6730453)

for: sum_ranges
table 1 : explain SELECT SUM(k) FROM sbtest1 WHERE id BETWEEN 2350295 AND 2350304
	Aggregate  (cost=38.54..38.55 rows=1 width=8)
	  ->  Index Scan using sbtest1_pkey on sbtest1  (cost=0.43..38.52 rows=10 width=4)
	        Index Cond: ((id >= 2350295) AND (id <= 2350304))

table 2 : explain SELECT SUM(k) FROM sbtest2 WHERE id BETWEEN 9803987 AND 9803996
	Aggregate  (cost=35.11..35.12 rows=1 width=8)
	  ->  Index Scan using sbtest2_pkey on sbtest2  (cost=0.43..35.09 rows=9 width=4)
	        Index Cond: ((id >= 9803987) AND (id <= 9803996))

table 3 : explain SELECT SUM(k) FROM sbtest3 WHERE id BETWEEN 5776549 AND 5776558
	Aggregate  (cost=38.62..38.63 rows=1 width=8)
	  ->  Index Scan using sbtest3_pkey on sbtest3  (cost=0.43..38.60 rows=10 width=4)
	        Index Cond: ((id >= 5776549) AND (id <= 5776558))

table 4 : explain SELECT SUM(k) FROM sbtest4 WHERE id BETWEEN 6787680 AND 6787689
	Aggregate  (cost=42.13..42.14 rows=1 width=8)
	  ->  Index Scan using sbtest4_pkey on sbtest4  (cost=0.43..42.10 rows=11 width=4)
	        Index Cond: ((id >= 6787680) AND (id <= 6787689))

table 5 : explain SELECT SUM(k) FROM sbtest5 WHERE id BETWEEN 329677 AND 329686
	Aggregate  (cost=41.91..41.92 rows=1 width=8)
	  ->  Index Scan using sbtest5_pkey on sbtest5  (cost=0.43..41.89 rows=11 width=4)
	        Index Cond: ((id >= 329677) AND (id <= 329686))

table 6 : explain SELECT SUM(k) FROM sbtest6 WHERE id BETWEEN 8311755 AND 8311764
	Aggregate  (cost=39.21..39.22 rows=1 width=8)
	  ->  Index Scan using sbtest6_pkey on sbtest6  (cost=0.43..39.19 rows=10 width=4)
	        Index Cond: ((id >= 8311755) AND (id <= 8311764))

table 7 : explain SELECT SUM(k) FROM sbtest7 WHERE id BETWEEN 502469 AND 502478
	Aggregate  (cost=38.57..38.58 rows=1 width=8)
	  ->  Index Scan using sbtest7_pkey on sbtest7  (cost=0.43..38.55 rows=10 width=4)
	        Index Cond: ((id >= 502469) AND (id <= 502478))

table 8 : explain SELECT SUM(k) FROM sbtest8 WHERE id BETWEEN 8081962 AND 8081971
	Aggregate  (cost=38.33..38.34 rows=1 width=8)
	  ->  Index Scan using sbtest8_pkey on sbtest8  (cost=0.43..38.30 rows=10 width=4)
	        Index Cond: ((id >= 8081962) AND (id <= 8081971))

for: sum_ranges
table 1 : explain SELECT SUM(k) FROM sbtest1 WHERE id BETWEEN 9791882 AND 9791891
	Aggregate  (cost=38.54..38.55 rows=1 width=8)
	  ->  Index Scan using sbtest1_pkey on sbtest1  (cost=0.43..38.52 rows=10 width=4)
	        Index Cond: ((id >= 9791882) AND (id <= 9791891))

table 2 : explain SELECT SUM(k) FROM sbtest2 WHERE id BETWEEN 2480070 AND 2480079
	Aggregate  (cost=38.44..38.45 rows=1 width=8)
	  ->  Index Scan using sbtest2_pkey on sbtest2  (cost=0.43..38.42 rows=10 width=4)
	        Index Cond: ((id >= 2480070) AND (id <= 2480079))

table 3 : explain SELECT SUM(k) FROM sbtest3 WHERE id BETWEEN 5962451 AND 5962460
	Aggregate  (cost=35.27..35.28 rows=1 width=8)
	  ->  Index Scan using sbtest3_pkey on sbtest3  (cost=0.43..35.25 rows=9 width=4)
	        Index Cond: ((id >= 5962451) AND (id <= 5962460))

table 4 : explain SELECT SUM(k) FROM sbtest4 WHERE id BETWEEN 7008239 AND 7008248
	Aggregate  (cost=38.76..38.77 rows=1 width=8)
	  ->  Index Scan using sbtest4_pkey on sbtest4  (cost=0.43..38.73 rows=10 width=4)
	        Index Cond: ((id >= 7008239) AND (id <= 7008248))

table 5 : explain SELECT SUM(k) FROM sbtest5 WHERE id BETWEEN 1886172 AND 1886181
	Aggregate  (cost=38.57..38.58 rows=1 width=8)
	  ->  Index Scan using sbtest5_pkey on sbtest5  (cost=0.43..38.54 rows=10 width=4)
	        Index Cond: ((id >= 1886172) AND (id <= 1886181))

table 6 : explain SELECT SUM(k) FROM sbtest6 WHERE id BETWEEN 3454775 AND 3454784
	Aggregate  (cost=39.21..39.22 rows=1 width=8)
	  ->  Index Scan using sbtest6_pkey on sbtest6  (cost=0.43..39.19 rows=10 width=4)
	        Index Cond: ((id >= 3454775) AND (id <= 3454784))

table 7 : explain SELECT SUM(k) FROM sbtest7 WHERE id BETWEEN 4350880 AND 4350889
	Aggregate  (cost=41.92..41.93 rows=1 width=8)
	  ->  Index Scan using sbtest7_pkey on sbtest7  (cost=0.43..41.89 rows=11 width=4)
	        Index Cond: ((id >= 4350880) AND (id <= 4350889))

table 8 : explain SELECT SUM(k) FROM sbtest8 WHERE id BETWEEN 961406 AND 961415
	Aggregate  (cost=38.33..38.34 rows=1 width=8)
	  ->  Index Scan using sbtest8_pkey on sbtest8  (cost=0.43..38.30 rows=10 width=4)
	        Index Cond: ((id >= 961406) AND (id <= 961415))

for: simple_ranges
table 1 : explain SELECT c FROM sbtest1 WHERE id BETWEEN 4781359 AND 4781368
	Index Scan using sbtest1_pkey on sbtest1  (cost=0.43..38.52 rows=10 width=121)
	  Index Cond: ((id >= 4781359) AND (id <= 4781368))

table 2 : explain SELECT c FROM sbtest2 WHERE id BETWEEN 7376997 AND 7377006
	Index Scan using sbtest2_pkey on sbtest2  (cost=0.43..38.42 rows=10 width=121)
	  Index Cond: ((id >= 7376997) AND (id <= 7377006))

table 3 : explain SELECT c FROM sbtest3 WHERE id BETWEEN 6656044 AND 6656053
	Index Scan using sbtest3_pkey on sbtest3  (cost=0.43..41.95 rows=11 width=121)
	  Index Cond: ((id >= 6656044) AND (id <= 6656053))

table 4 : explain SELECT c FROM sbtest4 WHERE id BETWEEN 8606313 AND 8606322
	Index Scan using sbtest4_pkey on sbtest4  (cost=0.43..38.73 rows=10 width=121)
	  Index Cond: ((id >= 8606313) AND (id <= 8606322))

table 5 : explain SELECT c FROM sbtest5 WHERE id BETWEEN 7987896 AND 7987905
	Index Scan using sbtest5_pkey on sbtest5  (cost=0.43..38.54 rows=10 width=121)
	  Index Cond: ((id >= 7987896) AND (id <= 7987905))

table 6 : explain SELECT c FROM sbtest6 WHERE id BETWEEN 2622867 AND 2622876
	Index Scan using sbtest6_pkey on sbtest6  (cost=0.43..39.19 rows=10 width=121)
	  Index Cond: ((id >= 2622867) AND (id <= 2622876))

table 7 : explain SELECT c FROM sbtest7 WHERE id BETWEEN 7859759 AND 7859768
	Index Scan using sbtest7_pkey on sbtest7  (cost=0.43..38.55 rows=10 width=121)
	  Index Cond: ((id >= 7859759) AND (id <= 7859768))

table 8 : explain SELECT c FROM sbtest8 WHERE id BETWEEN 4179671 AND 4179680
	Index Scan using sbtest8_pkey on sbtest8  (cost=0.43..38.30 rows=10 width=121)
	  Index Cond: ((id >= 4179671) AND (id <= 4179680))

explain: for point_selects :: explain SELECT c FROM sbtest%u WHERE id=%u
for: sum_ranges
table 1 : explain SELECT SUM(k) FROM sbtest1 WHERE id BETWEEN 3434301 AND 3434310
	Aggregate  (cost=41.89..41.90 rows=1 width=8)
	  ->  Index Scan using sbtest1_pkey on sbtest1  (cost=0.43..41.86 rows=11 width=4)
	        Index Cond: ((id >= 3434301) AND (id <= 3434310))

table 2 : explain SELECT SUM(k) FROM sbtest2 WHERE id BETWEEN 5131727 AND 5131736
	Aggregate  (cost=38.44..38.45 rows=1 width=8)
	  ->  Index Scan using sbtest2_pkey on sbtest2  (cost=0.43..38.42 rows=10 width=4)
	        Index Cond: ((id >= 5131727) AND (id <= 5131736))

table 3 : explain SELECT SUM(k) FROM sbtest3 WHERE id BETWEEN 8485745 AND 8485754
	Aggregate  (cost=41.97..41.98 rows=1 width=8)
	  ->  Index Scan using sbtest3_pkey on sbtest3  (cost=0.43..41.95 rows=11 width=4)
	        Index Cond: ((id >= 8485745) AND (id <= 8485754))

table 4 : explain SELECT SUM(k) FROM sbtest4 WHERE id BETWEEN 5795101 AND 5795110
	Aggregate  (cost=35.39..35.40 rows=1 width=8)
	  ->  Index Scan using sbtest4_pkey on sbtest4  (cost=0.43..35.37 rows=9 width=4)
	        Index Cond: ((id >= 5795101) AND (id <= 5795110))

table 5 : explain SELECT SUM(k) FROM sbtest5 WHERE id BETWEEN 4562292 AND 4562301
	Aggregate  (cost=38.57..38.58 rows=1 width=8)
	  ->  Index Scan using sbtest5_pkey on sbtest5  (cost=0.43..38.54 rows=10 width=4)
	        Index Cond: ((id >= 4562292) AND (id <= 4562301))

table 6 : explain SELECT SUM(k) FROM sbtest6 WHERE id BETWEEN 2312148 AND 2312157
	Aggregate  (cost=42.63..42.64 rows=1 width=8)
	  ->  Index Scan using sbtest6_pkey on sbtest6  (cost=0.43..42.60 rows=11 width=4)
	        Index Cond: ((id >= 2312148) AND (id <= 2312157))

table 7 : explain SELECT SUM(k) FROM sbtest7 WHERE id BETWEEN 283166 AND 283175
	Aggregate  (cost=38.57..38.58 rows=1 width=8)
	  ->  Index Scan using sbtest7_pkey on sbtest7  (cost=0.43..38.55 rows=10 width=4)
	        Index Cond: ((id >= 283166) AND (id <= 283175))

table 8 : explain SELECT SUM(k) FROM sbtest8 WHERE id BETWEEN 3664795 AND 3664804
	Aggregate  (cost=38.33..38.34 rows=1 width=8)
	  ->  Index Scan using sbtest8_pkey on sbtest8  (cost=0.43..38.30 rows=10 width=4)
	        Index Cond: ((id >= 3664795) AND (id <= 3664804))

explain: for non_index_updates :: explain UPDATE sbtest%u SET c='foobar' WHERE id=%u
explain: for non_index_updates :: explain UPDATE sbtest%u SET c='foobar' WHERE id=%u
for non_index_updates
table 1 : explain UPDATE sbtest1 SET c='foobar' WHERE id=1841028
	Update on sbtest1  (cost=0.43..8.45 rows=1 width=559)
	  ->  Index Scan using sbtest1_pkey on sbtest1  (cost=0.43..8.45 rows=1 width=559)
	        Index Cond: (id = 1841028)

table 2 : explain UPDATE sbtest2 SET c='foobar' WHERE id=2435507
	Update on sbtest2  (cost=0.43..8.45 rows=1 width=559)
	  ->  Index Scan using sbtest2_pkey on sbtest2  (cost=0.43..8.45 rows=1 width=559)
	        Index Cond: (id = 2435507)

table 3 : explain UPDATE sbtest3 SET c='foobar' WHERE id=7290328
	Update on sbtest3  (cost=0.43..8.45 rows=1 width=559)
	  ->  Index Scan using sbtest3_pkey on sbtest3  (cost=0.43..8.45 rows=1 width=559)
	        Index Cond: (id = 7290328)

table 4 : explain UPDATE sbtest4 SET c='foobar' WHERE id=7440845
	Update on sbtest4  (cost=0.43..8.45 rows=1 width=559)
	  ->  Index Scan using sbtest4_pkey on sbtest4  (cost=0.43..8.45 rows=1 width=559)
	        Index Cond: (id = 7440845)

table 5 : explain UPDATE sbtest5 SET c='foobar' WHERE id=7364599
	Update on sbtest5  (cost=0.43..8.45 rows=1 width=559)
	  ->  Index Scan using sbtest5_pkey on sbtest5  (cost=0.43..8.45 rows=1 width=559)
	        Index Cond: (id = 7364599)

table 6 : explain UPDATE sbtest6 SET c='foobar' WHERE id=6878346
	Update on sbtest6  (cost=0.43..8.45 rows=1 width=559)
	  ->  Index Scan using sbtest6_pkey on sbtest6  (cost=0.43..8.45 rows=1 width=559)
	        Index Cond: (id = 6878346)

table 7 : explain UPDATE sbtest7 SET c='foobar' WHERE id=502397
	Update on sbtest7  (cost=0.43..8.45 rows=1 width=559)
	  ->  Index Scan using sbtest7_pkey on sbtest7  (cost=0.43..8.45 rows=1 width=559)
	        Index Cond: (id = 502397)

table 8 : explain UPDATE sbtest8 SET c='foobar' WHERE id=6339220
	Update on sbtest8  (cost=0.43..8.45 rows=1 width=559)
	  ->  Index Scan using sbtest8_pkey on sbtest8  (cost=0.43..8.45 rows=1 width=559)
	        Index Cond: (id = 6339220)

explain: for point_selects :: explain SELECT c FROM sbtest%u WHERE id=%u
explain: for point_selects :: explain SELECT c FROM sbtest%u WHERE id=%u
for: order_ranges
table 1 : explain SELECT c FROM sbtest1 WHERE id BETWEEN 3623268 AND 3623277 ORDER BY c
	Sort  (cost=38.68..38.71 rows=10 width=121)
	  Sort Key: c
	  ->  Index Scan using sbtest1_pkey on sbtest1  (cost=0.43..38.52 rows=10 width=121)
	        Index Cond: ((id >= 3623268) AND (id <= 3623277))

table 2 : explain SELECT c FROM sbtest2 WHERE id BETWEEN 974474 AND 974483 ORDER BY c
	Sort  (cost=35.23..35.25 rows=9 width=121)
	  Sort Key: c
	  ->  Index Scan using sbtest2_pkey on sbtest2  (cost=0.43..35.09 rows=9 width=121)
	        Index Cond: ((id >= 974474) AND (id <= 974483))

table 3 : explain SELECT c FROM sbtest3 WHERE id BETWEEN 5428597 AND 5428606 ORDER BY c
	Sort  (cost=38.76..38.79 rows=10 width=121)
	  Sort Key: c
	  ->  Index Scan using sbtest3_pkey on sbtest3  (cost=0.43..38.60 rows=10 width=121)
	        Index Cond: ((id >= 5428597) AND (id <= 5428606))

table 4 : explain SELECT c FROM sbtest4 WHERE id BETWEEN 6183767 AND 6183776 ORDER BY c
	Sort  (cost=42.29..42.32 rows=11 width=121)
	  Sort Key: c
	  ->  Index Scan using sbtest4_pkey on sbtest4  (cost=0.43..42.10 rows=11 width=121)
	        Index Cond: ((id >= 6183767) AND (id <= 6183776))

table 5 : explain SELECT c FROM sbtest5 WHERE id BETWEEN 2174716 AND 2174725 ORDER BY c
	Sort  (cost=42.08..42.10 rows=11 width=121)
	  Sort Key: c
	  ->  Index Scan using sbtest5_pkey on sbtest5  (cost=0.43..41.89 rows=11 width=121)
	        Index Cond: ((id >= 2174716) AND (id <= 2174725))

table 6 : explain SELECT c FROM sbtest6 WHERE id BETWEEN 3287840 AND 3287849 ORDER BY c
	Sort  (cost=39.36..39.38 rows=10 width=121)
	  Sort Key: c
	  ->  Index Scan using sbtest6_pkey on sbtest6  (cost=0.43..39.19 rows=10 width=121)
	        Index Cond: ((id >= 3287840) AND (id <= 3287849))

table 7 : explain SELECT c FROM sbtest7 WHERE id BETWEEN 4641721 AND 4641730 ORDER BY c
	Sort  (cost=38.71..38.74 rows=10 width=121)
	  Sort Key: c
	  ->  Index Scan using sbtest7_pkey on sbtest7  (cost=0.43..38.55 rows=10 width=121)
	        Index Cond: ((id >= 4641721) AND (id <= 4641730))

table 8 : explain SELECT c FROM sbtest8 WHERE id BETWEEN 7099792 AND 7099801 ORDER BY c
	Sort  (cost=41.81..41.84 rows=11 width=121)
	  Sort Key: c
	  ->  Index Scan using sbtest8_pkey on sbtest8  (cost=0.43..41.62 rows=11 width=121)
	        Index Cond: ((id >= 7099792) AND (id <= 7099801))

for non_index_updates
table 1 : explain UPDATE sbtest1 SET c='foobar' WHERE id=214842
	Update on sbtest1  (cost=0.43..8.45 rows=1 width=559)
	  ->  Index Scan using sbtest1_pkey on sbtest1  (cost=0.43..8.45 rows=1 width=559)
	        Index Cond: (id = 214842)

table 2 : explain UPDATE sbtest2 SET c='foobar' WHERE id=5184176
	Update on sbtest2  (cost=0.43..8.45 rows=1 width=559)
	  ->  Index Scan using sbtest2_pkey on sbtest2  (cost=0.43..8.45 rows=1 width=559)
	        Index Cond: (id = 5184176)

table 3 : explain UPDATE sbtest3 SET c='foobar' WHERE id=1466791
	Update on sbtest3  (cost=0.43..8.45 rows=1 width=559)
	  ->  Index Scan using sbtest3_pkey on sbtest3  (cost=0.43..8.45 rows=1 width=559)
	        Index Cond: (id = 1466791)

table 4 : explain UPDATE sbtest4 SET c='foobar' WHERE id=6670682
	Update on sbtest4  (cost=0.43..8.45 rows=1 width=559)
	  ->  Index Scan using sbtest4_pkey on sbtest4  (cost=0.43..8.45 rows=1 width=559)
	        Index Cond: (id = 6670682)

table 5 : explain UPDATE sbtest5 SET c='foobar' WHERE id=3951335
	Update on sbtest5  (cost=0.43..8.45 rows=1 width=559)
	  ->  Index Scan using sbtest5_pkey on sbtest5  (cost=0.43..8.45 rows=1 width=559)
	        Index Cond: (id = 3951335)

table 6 : explain UPDATE sbtest6 SET c='foobar' WHERE id=2258575
	Update on sbtest6  (cost=0.43..8.45 rows=1 width=559)
	  ->  Index Scan using sbtest6_pkey on sbtest6  (cost=0.43..8.45 rows=1 width=559)
	        Index Cond: (id = 2258575)

table 7 : explain UPDATE sbtest7 SET c='foobar' WHERE id=7289206
	Update on sbtest7  (cost=0.43..8.45 rows=1 width=559)
	  ->  Index Scan using sbtest7_pkey on sbtest7  (cost=0.43..8.45 rows=1 width=559)
	        Index Cond: (id = 7289206)

table 8 : explain UPDATE sbtest8 SET c='foobar' WHERE id=1856265
	Update on sbtest8  (cost=0.43..8.45 rows=1 width=559)
	  ->  Index Scan using sbtest8_pkey on sbtest8  (cost=0.43..8.45 rows=1 width=559)
	        Index Cond: (id = 1856265)

for: sum_ranges
table 1 : explain SELECT SUM(k) FROM sbtest1 WHERE id BETWEEN 3141836 AND 3141845
	Aggregate  (cost=38.54..38.55 rows=1 width=8)
	  ->  Index Scan using sbtest1_pkey on sbtest1  (cost=0.43..38.52 rows=10 width=4)
	        Index Cond: ((id >= 3141836) AND (id <= 3141845))

table 2 : explain SELECT SUM(k) FROM sbtest2 WHERE id BETWEEN 1101470 AND 1101479
	Aggregate  (cost=35.11..35.12 rows=1 width=8)
	  ->  Index Scan using sbtest2_pkey on sbtest2  (cost=0.43..35.09 rows=9 width=4)
	        Index Cond: ((id >= 1101470) AND (id <= 1101479))

table 3 : explain SELECT SUM(k) FROM sbtest3 WHERE id BETWEEN 1075897 AND 1075906
	Aggregate  (cost=38.62..38.63 rows=1 width=8)
	  ->  Index Scan using sbtest3_pkey on sbtest3  (cost=0.43..38.60 rows=10 width=4)
	        Index Cond: ((id >= 1075897) AND (id <= 1075906))

table 4 : explain SELECT SUM(k) FROM sbtest4 WHERE id BETWEEN 899375 AND 899384
	Aggregate  (cost=38.76..38.77 rows=1 width=8)
	  ->  Index Scan using sbtest4_pkey on sbtest4  (cost=0.43..38.73 rows=10 width=4)
	        Index Cond: ((id >= 899375) AND (id <= 899384))

table 5 : explain SELECT SUM(k) FROM sbtest5 WHERE id BETWEEN 4514522 AND 4514531
	Aggregate  (cost=38.57..38.58 rows=1 width=8)
	  ->  Index Scan using sbtest5_pkey on sbtest5  (cost=0.43..38.54 rows=10 width=4)
	        Index Cond: ((id >= 4514522) AND (id <= 4514531))

table 6 : explain SELECT SUM(k) FROM sbtest6 WHERE id BETWEEN 4678970 AND 4678979
	Aggregate  (cost=39.21..39.22 rows=1 width=8)
	  ->  Index Scan using sbtest6_pkey on sbtest6  (cost=0.43..39.19 rows=10 width=4)
	        Index Cond: ((id >= 4678970) AND (id <= 4678979))

table 7 : explain SELECT SUM(k) FROM sbtest7 WHERE id BETWEEN 1659190 AND 1659199
	Aggregate  (cost=38.57..38.58 rows=1 width=8)
	  ->  Index Scan using sbtest7_pkey on sbtest7  (cost=0.43..38.55 rows=10 width=4)
	        Index Cond: ((id >= 1659190) AND (id <= 1659199))

table 8 : explain SELECT SUM(k) FROM sbtest8 WHERE id BETWEEN 5313671 AND 5313680
	Aggregate  (cost=38.33..38.34 rows=1 width=8)
	  ->  Index Scan using sbtest8_pkey on sbtest8  (cost=0.43..38.30 rows=10 width=4)
	        Index Cond: ((id >= 5313671) AND (id <= 5313680))

for: order_ranges
table 1 : explain SELECT c FROM sbtest1 WHERE id BETWEEN 8912078 AND 8912087 ORDER BY c
	Sort  (cost=38.68..38.71 rows=10 width=121)
	  Sort Key: c
	  ->  Index Scan using sbtest1_pkey on sbtest1  (cost=0.43..38.52 rows=10 width=121)
	        Index Cond: ((id >= 8912078) AND (id <= 8912087))

table 2 : explain SELECT c FROM sbtest2 WHERE id BETWEEN 737521 AND 737530 ORDER BY c
	Sort  (cost=38.58..38.61 rows=10 width=121)
	  Sort Key: c
	  ->  Index Scan using sbtest2_pkey on sbtest2  (cost=0.43..38.42 rows=10 width=121)
	        Index Cond: ((id >= 737521) AND (id <= 737530))

table 3 : explain SELECT c FROM sbtest3 WHERE id BETWEEN 2069203 AND 2069212 ORDER BY c
	Sort  (cost=42.14..42.16 rows=11 width=121)
	  Sort Key: c
	  ->  Index Scan using sbtest3_pkey on sbtest3  (cost=0.43..41.95 rows=11 width=121)
	        Index Cond: ((id >= 2069203) AND (id <= 2069212))

table 4 : explain SELECT c FROM sbtest4 WHERE id BETWEEN 3073609 AND 3073618 ORDER BY c
	Sort  (cost=35.51..35.53 rows=9 width=121)
	  Sort Key: c
	  ->  Index Scan using sbtest4_pkey on sbtest4  (cost=0.43..35.37 rows=9 width=121)
	        Index Cond: ((id >= 3073609) AND (id <= 3073618))

table 5 : explain SELECT c FROM sbtest5 WHERE id BETWEEN 5682054 AND 5682063 ORDER BY c
	Sort  (cost=35.34..35.37 rows=9 width=121)
	  Sort Key: c
	  ->  Index Scan using sbtest5_pkey on sbtest5  (cost=0.43..35.20 rows=9 width=121)
	        Index Cond: ((id >= 5682054) AND (id <= 5682063))

table 6 : explain SELECT c FROM sbtest6 WHERE id BETWEEN 4717500 AND 4717509 ORDER BY c
	Sort  (cost=39.36..39.38 rows=10 width=121)
	  Sort Key: c
	  ->  Index Scan using sbtest6_pkey on sbtest6  (cost=0.43..39.19 rows=10 width=121)
	        Index Cond: ((id >= 4717500) AND (id <= 4717509))

table 7 : explain SELECT c FROM sbtest7 WHERE id BETWEEN 1381871 AND 1381880 ORDER BY c
	Sort  (cost=42.08..42.11 rows=11 width=121)
	  Sort Key: c
	  ->  Index Scan using sbtest7_pkey on sbtest7  (cost=0.43..41.89 rows=11 width=121)
	        Index Cond: ((id >= 1381871) AND (id <= 1381880))

table 8 : explain SELECT c FROM sbtest8 WHERE id BETWEEN 1785177 AND 1785186 ORDER BY c
	Sort  (cost=38.47..38.50 rows=10 width=121)
	  Sort Key: c
	  ->  Index Scan using sbtest8_pkey on sbtest8  (cost=0.43..38.30 rows=10 width=121)
	        Index Cond: ((id >= 1785177) AND (id <= 1785186))

for: sum_ranges
table 1 : explain SELECT SUM(k) FROM sbtest1 WHERE id BETWEEN 6265050 AND 6265059
	Aggregate  (cost=38.54..38.55 rows=1 width=8)
	  ->  Index Scan using sbtest1_pkey on sbtest1  (cost=0.43..38.52 rows=10 width=4)
	        Index Cond: ((id >= 6265050) AND (id <= 6265059))

table 2 : explain SELECT SUM(k) FROM sbtest2 WHERE id BETWEEN 6486495 AND 6486504
	Aggregate  (cost=35.11..35.12 rows=1 width=8)
	  ->  Index Scan using sbtest2_pkey on sbtest2  (cost=0.43..35.09 rows=9 width=4)
	        Index Cond: ((id >= 6486495) AND (id <= 6486504))

table 3 : explain SELECT SUM(k) FROM sbtest3 WHERE id BETWEEN 8490337 AND 8490346
	Aggregate  (cost=41.97..41.98 rows=1 width=8)
	  ->  Index Scan using sbtest3_pkey on sbtest3  (cost=0.43..41.95 rows=11 width=4)
	        Index Cond: ((id >= 8490337) AND (id <= 8490346))

table 4 : explain SELECT SUM(k) FROM sbtest4 WHERE id BETWEEN 7985822 AND 7985831
	Aggregate  (cost=42.13..42.14 rows=1 width=8)
	  ->  Index Scan using sbtest4_pkey on sbtest4  (cost=0.43..42.10 rows=11 width=4)
	        Index Cond: ((id >= 7985822) AND (id <= 7985831))

table 5 : explain SELECT SUM(k) FROM sbtest5 WHERE id BETWEEN 8961416 AND 8961425
	Aggregate  (cost=38.57..38.58 rows=1 width=8)
	  ->  Index Scan using sbtest5_pkey on sbtest5  (cost=0.43..38.54 rows=10 width=4)
	        Index Cond: ((id >= 8961416) AND (id <= 8961425))

table 6 : explain SELECT SUM(k) FROM sbtest6 WHERE id BETWEEN 9082965 AND 9082974
	Aggregate  (cost=35.80..35.81 rows=1 width=8)
	  ->  Index Scan using sbtest6_pkey on sbtest6  (cost=0.43..35.77 rows=9 width=4)
	        Index Cond: ((id >= 9082965) AND (id <= 9082974))

table 7 : explain SELECT SUM(k) FROM sbtest7 WHERE id BETWEEN 6527686 AND 6527695
	Aggregate  (cost=35.23..35.24 rows=1 width=8)
	  ->  Index Scan using sbtest7_pkey on sbtest7  (cost=0.43..35.20 rows=9 width=4)
	        Index Cond: ((id >= 6527686) AND (id <= 6527695))

table 8 : explain SELECT SUM(k) FROM sbtest8 WHERE id BETWEEN 2349799 AND 2349808
	Aggregate  (cost=38.33..38.34 rows=1 width=8)
	  ->  Index Scan using sbtest8_pkey on sbtest8  (cost=0.43..38.30 rows=10 width=4)
	        Index Cond: ((id >= 2349799) AND (id <= 2349808))

for: order_ranges
table 1 : explain SELECT c FROM sbtest1 WHERE id BETWEEN 8105727 AND 8105736 ORDER BY c
	Sort  (cost=35.32..35.34 rows=9 width=121)
	  Sort Key: c
	  ->  Index Scan using sbtest1_pkey on sbtest1  (cost=0.43..35.18 rows=9 width=121)
	        Index Cond: ((id >= 8105727) AND (id <= 8105736))

table 2 : explain SELECT c FROM sbtest2 WHERE id BETWEEN 6591992 AND 6592001 ORDER BY c
	Sort  (cost=38.58..38.61 rows=10 width=121)
	  Sort Key: c
	  ->  Index Scan using sbtest2_pkey on sbtest2  (cost=0.43..38.42 rows=10 width=121)
	        Index Cond: ((id >= 6591992) AND (id <= 6592001))

table 3 : explain SELECT c FROM sbtest3 WHERE id BETWEEN 9935538 AND 9935547 ORDER BY c
	Sort  (cost=42.14..42.16 rows=11 width=121)
	  Sort Key: c
	  ->  Index Scan using sbtest3_pkey on sbtest3  (cost=0.43..41.95 rows=11 width=121)
	        Index Cond: ((id >= 9935538) AND (id <= 9935547))

table 4 : explain SELECT c FROM sbtest4 WHERE id BETWEEN 3071350 AND 3071359 ORDER BY c
	Sort  (cost=35.51..35.53 rows=9 width=121)
	  Sort Key: c
	  ->  Index Scan using sbtest4_pkey on sbtest4  (cost=0.43..35.37 rows=9 width=121)
	        Index Cond: ((id >= 3071350) AND (id <= 3071359))

table 5 : explain SELECT c FROM sbtest5 WHERE id BETWEEN 3785679 AND 3785688 ORDER BY c
	Sort  (cost=38.71..38.73 rows=10 width=121)
	  Sort Key: c
	  ->  Index Scan using sbtest5_pkey on sbtest5  (cost=0.43..38.54 rows=10 width=121)
	        Index Cond: ((id >= 3785679) AND (id <= 3785688))

table 6 : explain SELECT c FROM sbtest6 WHERE id BETWEEN 507546 AND 507555 ORDER BY c
	Sort  (cost=42.79..42.82 rows=11 width=121)
	  Sort Key: c
	  ->  Index Scan using sbtest6_pkey on sbtest6  (cost=0.43..42.60 rows=11 width=121)
	        Index Cond: ((id >= 507546) AND (id <= 507555))

table 7 : explain SELECT c FROM sbtest7 WHERE id BETWEEN 2367174 AND 2367183 ORDER BY c
	Sort  (cost=35.35..35.37 rows=9 width=121)
	  Sort Key: c
	  ->  Index Scan using sbtest7_pkey on sbtest7  (cost=0.43..35.20 rows=9 width=121)
	        Index Cond: ((id >= 2367174) AND (id <= 2367183))

table 8 : explain SELECT c FROM sbtest8 WHERE id BETWEEN 1739156 AND 1739165 ORDER BY c
	Sort  (cost=38.47..38.50 rows=10 width=121)
	  Sort Key: c
	  ->  Index Scan using sbtest8_pkey on sbtest8  (cost=0.43..38.30 rows=10 width=121)
	        Index Cond: ((id >= 1739156) AND (id <= 1739165))

for: order_ranges
table 1 : explain SELECT c FROM sbtest1 WHERE id BETWEEN 4864404 AND 4864413 ORDER BY c
	Sort  (cost=38.68..38.71 rows=10 width=121)
	  Sort Key: c
	  ->  Index Scan using sbtest1_pkey on sbtest1  (cost=0.43..38.52 rows=10 width=121)
	        Index Cond: ((id >= 4864404) AND (id <= 4864413))

table 2 : explain SELECT c FROM sbtest2 WHERE id BETWEEN 5865146 AND 5865155 ORDER BY c
	Sort  (cost=38.58..38.61 rows=10 width=121)
	  Sort Key: c
	  ->  Index Scan using sbtest2_pkey on sbtest2  (cost=0.43..38.42 rows=10 width=121)
	        Index Cond: ((id >= 5865146) AND (id <= 5865155))

table 3 : explain SELECT c FROM sbtest3 WHERE id BETWEEN 7320441 AND 7320450 ORDER BY c
	Sort  (cost=42.14..42.16 rows=11 width=121)
	  Sort Key: c
	  ->  Index Scan using sbtest3_pkey on sbtest3  (cost=0.43..41.95 rows=11 width=121)
	        Index Cond: ((id >= 7320441) AND (id <= 7320450))

table 4 : explain SELECT c FROM sbtest4 WHERE id BETWEEN 3145018 AND 3145027 ORDER BY c
	Sort  (cost=38.90..38.92 rows=10 width=121)
	  Sort Key: c
	  ->  Index Scan using sbtest4_pkey on sbtest4  (cost=0.43..38.73 rows=10 width=121)
	        Index Cond: ((id >= 3145018) AND (id <= 3145027))

table 5 : explain SELECT c FROM sbtest5 WHERE id BETWEEN 6141563 AND 6141572 ORDER BY c
	Sort  (cost=42.08..42.10 rows=11 width=121)
	  Sort Key: c
	  ->  Index Scan using sbtest5_pkey on sbtest5  (cost=0.43..41.89 rows=11 width=121)
	        Index Cond: ((id >= 6141563) AND (id <= 6141572))

table 6 : explain SELECT c FROM sbtest6 WHERE id BETWEEN 5246386 AND 5246395 ORDER BY c
	Sort  (cost=42.79..42.82 rows=11 width=121)
	  Sort Key: c
	  ->  Index Scan using sbtest6_pkey on sbtest6  (cost=0.43..42.60 rows=11 width=121)
	        Index Cond: ((id >= 5246386) AND (id <= 5246395))

table 7 : explain SELECT c FROM sbtest7 WHERE id BETWEEN 7007909 AND 7007918 ORDER BY c
	Sort  (cost=42.08..42.11 rows=11 width=121)
	  Sort Key: c
	  ->  Index Scan using sbtest7_pkey on sbtest7  (cost=0.43..41.89 rows=11 width=121)
	        Index Cond: ((id >= 7007909) AND (id <= 7007918))

table 8 : explain SELECT c FROM sbtest8 WHERE id BETWEEN 6323094 AND 6323103 ORDER BY c
	Sort  (cost=38.47..38.50 rows=10 width=121)
	  Sort Key: c
	  ->  Index Scan using sbtest8_pkey on sbtest8  (cost=0.43..38.30 rows=10 width=121)
	        Index Cond: ((id >= 6323094) AND (id <= 6323103))

for non_index_updates
table 1 : explain UPDATE sbtest1 SET c='foobar' WHERE id=9742507
	Update on sbtest1  (cost=0.43..8.45 rows=1 width=559)
	  ->  Index Scan using sbtest1_pkey on sbtest1  (cost=0.43..8.45 rows=1 width=559)
	        Index Cond: (id = 9742507)

table 2 : explain UPDATE sbtest2 SET c='foobar' WHERE id=5569552
	Update on sbtest2  (cost=0.43..8.45 rows=1 width=559)
	  ->  Index Scan using sbtest2_pkey on sbtest2  (cost=0.43..8.45 rows=1 width=559)
	        Index Cond: (id = 5569552)

table 3 : explain UPDATE sbtest3 SET c='foobar' WHERE id=4808900
	Update on sbtest3  (cost=0.43..8.45 rows=1 width=559)
	  ->  Index Scan using sbtest3_pkey on sbtest3  (cost=0.43..8.45 rows=1 width=559)
	        Index Cond: (id = 4808900)

table 4 : explain UPDATE sbtest4 SET c='foobar' WHERE id=8169260
	Update on sbtest4  (cost=0.43..8.45 rows=1 width=559)
	  ->  Index Scan using sbtest4_pkey on sbtest4  (cost=0.43..8.45 rows=1 width=559)
	        Index Cond: (id = 8169260)

table 5 : explain UPDATE sbtest5 SET c='foobar' WHERE id=27754
	Update on sbtest5  (cost=0.43..8.45 rows=1 width=559)
	  ->  Index Scan using sbtest5_pkey on sbtest5  (cost=0.43..8.45 rows=1 width=559)
	        Index Cond: (id = 27754)

table 6 : explain UPDATE sbtest6 SET c='foobar' WHERE id=562703
	Update on sbtest6  (cost=0.43..8.45 rows=1 width=559)
	  ->  Index Scan using sbtest6_pkey on sbtest6  (cost=0.43..8.45 rows=1 width=559)
	        Index Cond: (id = 562703)

table 7 : explain UPDATE sbtest7 SET c='foobar' WHERE id=8318743
	Update on sbtest7  (cost=0.43..8.45 rows=1 width=559)
	  ->  Index Scan using sbtest7_pkey on sbtest7  (cost=0.43..8.45 rows=1 width=559)
	        Index Cond: (id = 8318743)

table 8 : explain UPDATE sbtest8 SET c='foobar' WHERE id=1990619
	Update on sbtest8  (cost=0.43..8.45 rows=1 width=559)
	  ->  Index Scan using sbtest8_pkey on sbtest8  (cost=0.43..8.45 rows=1 width=559)
	        Index Cond: (id = 1990619)

for: order_ranges
table 1 : explain SELECT c FROM sbtest1 WHERE id BETWEEN 4241710 AND 4241719 ORDER BY c
	Sort  (cost=38.68..38.71 rows=10 width=121)
	  Sort Key: c
	  ->  Index Scan using sbtest1_pkey on sbtest1  (cost=0.43..38.52 rows=10 width=121)
	        Index Cond: ((id >= 4241710) AND (id <= 4241719))

table 2 : explain SELECT c FROM sbtest2 WHERE id BETWEEN 5471517 AND 5471526 ORDER BY c
	Sort  (cost=38.58..38.61 rows=10 width=121)
	  Sort Key: c
	  ->  Index Scan using sbtest2_pkey on sbtest2  (cost=0.43..38.42 rows=10 width=121)
	        Index Cond: ((id >= 5471517) AND (id <= 5471526))

table 3 : explain SELECT c FROM sbtest3 WHERE id BETWEEN 5567984 AND 5567993 ORDER BY c
	Sort  (cost=38.76..38.79 rows=10 width=121)
	  Sort Key: c
	  ->  Index Scan using sbtest3_pkey on sbtest3  (cost=0.43..38.60 rows=10 width=121)
	        Index Cond: ((id >= 5567984) AND (id <= 5567993))

table 4 : explain SELECT c FROM sbtest4 WHERE id BETWEEN 3685482 AND 3685491 ORDER BY c
	Sort  (cost=38.90..38.92 rows=10 width=121)
	  Sort Key: c
	  ->  Index Scan using sbtest4_pkey on sbtest4  (cost=0.43..38.73 rows=10 width=121)
	        Index Cond: ((id >= 3685482) AND (id <= 3685491))

table 5 : explain SELECT c FROM sbtest5 WHERE id BETWEEN 9610938 AND 9610947 ORDER BY c
	Sort  (cost=38.71..38.73 rows=10 width=121)
	  Sort Key: c
	  ->  Index Scan using sbtest5_pkey on sbtest5  (cost=0.43..38.54 rows=10 width=121)
	        Index Cond: ((id >= 9610938) AND (id <= 9610947))

table 6 : explain SELECT c FROM sbtest6 WHERE id BETWEEN 1515143 AND 1515152 ORDER BY c
	Sort  (cost=39.36..39.38 rows=10 width=121)
	  Sort Key: c
	  ->  Index Scan using sbtest6_pkey on sbtest6  (cost=0.43..39.19 rows=10 width=121)
	        Index Cond: ((id >= 1515143) AND (id <= 1515152))

table 7 : explain SELECT c FROM sbtest7 WHERE id BETWEEN 5511075 AND 5511084 ORDER BY c
	Sort  (cost=38.71..38.74 rows=10 width=121)
	  Sort Key: c
	  ->  Index Scan using sbtest7_pkey on sbtest7  (cost=0.43..38.55 rows=10 width=121)
	        Index Cond: ((id >= 5511075) AND (id <= 5511084))

table 8 : explain SELECT c FROM sbtest8 WHERE id BETWEEN 1055984 AND 1055993 ORDER BY c
	Sort  (cost=38.47..38.50 rows=10 width=121)
	  Sort Key: c
	  ->  Index Scan using sbtest8_pkey on sbtest8  (cost=0.43..38.30 rows=10 width=121)
	        Index Cond: ((id >= 1055984) AND (id <= 1055993))

for point_selects
table 1 : explain SELECT c FROM sbtest1 WHERE id=9816160
	Index Scan using sbtest1_pkey on sbtest1  (cost=0.43..8.45 rows=1 width=121)
	  Index Cond: (id = 9816160)

table 2 : explain SELECT c FROM sbtest2 WHERE id=6502834
	Index Scan using sbtest2_pkey on sbtest2  (cost=0.43..8.45 rows=1 width=121)
	  Index Cond: (id = 6502834)

table 3 : explain SELECT c FROM sbtest3 WHERE id=5434913
	Index Scan using sbtest3_pkey on sbtest3  (cost=0.43..8.45 rows=1 width=121)
	  Index Cond: (id = 5434913)

table 4 : explain SELECT c FROM sbtest4 WHERE id=5544615
	Index Scan using sbtest4_pkey on sbtest4  (cost=0.43..8.45 rows=1 width=121)
	  Index Cond: (id = 5544615)

table 5 : explain SELECT c FROM sbtest5 WHERE id=7704027
	Index Scan using sbtest5_pkey on sbtest5  (cost=0.43..8.45 rows=1 width=121)
	  Index Cond: (id = 7704027)

table 6 : explain SELECT c FROM sbtest6 WHERE id=2866690
	Index Scan using sbtest6_pkey on sbtest6  (cost=0.43..8.45 rows=1 width=121)
	  Index Cond: (id = 2866690)

table 7 : explain SELECT c FROM sbtest7 WHERE id=4112745
	Index Scan using sbtest7_pkey on sbtest7  (cost=0.43..8.45 rows=1 width=121)
	  Index Cond: (id = 4112745)

table 8 : explain SELECT c FROM sbtest8 WHERE id=5966768
	Index Scan using sbtest8_pkey on sbtest8  (cost=0.43..8.45 rows=1 width=121)
	  Index Cond: (id = 5966768)

for: distinct_ranges
table 1 : explain SELECT DISTINCT c FROM sbtest1 WHERE id BETWEEN 3756698 AND 3756707 ORDER BY c
	Unique  (cost=38.68..38.73 rows=10 width=121)
	  ->  Sort  (cost=38.68..38.71 rows=10 width=121)
	        Sort Key: c
	        ->  Index Scan using sbtest1_pkey on sbtest1  (cost=0.43..38.52 rows=10 width=121)
	              Index Cond: ((id >= 3756698) AND (id <= 3756707))

table 2 : explain SELECT DISTINCT c FROM sbtest2 WHERE id BETWEEN 776434 AND 776443 ORDER BY c
	Unique  (cost=38.58..38.63 rows=10 width=121)
	  ->  Sort  (cost=38.58..38.61 rows=10 width=121)
	        Sort Key: c
	        ->  Index Scan using sbtest2_pkey on sbtest2  (cost=0.43..38.42 rows=10 width=121)
	              Index Cond: ((id >= 776434) AND (id <= 776443))

table 3 : explain SELECT DISTINCT c FROM sbtest3 WHERE id BETWEEN 972491 AND 972500 ORDER BY c
	Unique  (cost=38.76..38.81 rows=10 width=121)
	  ->  Sort  (cost=38.76..38.79 rows=10 width=121)
	        Sort Key: c
	        ->  Index Scan using sbtest3_pkey on sbtest3  (cost=0.43..38.60 rows=10 width=121)
	              Index Cond: ((id >= 972491) AND (id <= 972500))

table 4 : explain SELECT DISTINCT c FROM sbtest4 WHERE id BETWEEN 399630 AND 399639 ORDER BY c
	Unique  (cost=38.90..38.95 rows=10 width=121)
	  ->  Sort  (cost=38.90..38.92 rows=10 width=121)
	        Sort Key: c
	        ->  Index Scan using sbtest4_pkey on sbtest4  (cost=0.43..38.73 rows=10 width=121)
	              Index Cond: ((id >= 399630) AND (id <= 399639))

table 5 : explain SELECT DISTINCT c FROM sbtest5 WHERE id BETWEEN 5386286 AND 5386295 ORDER BY c
	Unique  (cost=38.71..38.76 rows=10 width=121)
	  ->  Sort  (cost=38.71..38.73 rows=10 width=121)
	        Sort Key: c
	        ->  Index Scan using sbtest5_pkey on sbtest5  (cost=0.43..38.54 rows=10 width=121)
	              Index Cond: ((id >= 5386286) AND (id <= 5386295))

table 6 : explain SELECT DISTINCT c FROM sbtest6 WHERE id BETWEEN 5547774 AND 5547783 ORDER BY c
	Unique  (cost=39.36..39.41 rows=10 width=121)
	  ->  Sort  (cost=39.36..39.38 rows=10 width=121)
	        Sort Key: c
	        ->  Index Scan using sbtest6_pkey on sbtest6  (cost=0.43..39.19 rows=10 width=121)
	              Index Cond: ((id >= 5547774) AND (id <= 5547783))

table 7 : explain SELECT DISTINCT c FROM sbtest7 WHERE id BETWEEN 5914683 AND 5914692 ORDER BY c
	Unique  (cost=38.71..38.76 rows=10 width=121)
	  ->  Sort  (cost=38.71..38.74 rows=10 width=121)
	        Sort Key: c
	        ->  Index Scan using sbtest7_pkey on sbtest7  (cost=0.43..38.55 rows=10 width=121)
	              Index Cond: ((id >= 5914683) AND (id <= 5914692))

table 8 : explain SELECT DISTINCT c FROM sbtest8 WHERE id BETWEEN 1651474 AND 1651483 ORDER BY c
	Unique  (cost=38.47..38.52 rows=10 width=121)
	  ->  Sort  (cost=38.47..38.50 rows=10 width=121)
	        Sort Key: c
	        ->  Index Scan using sbtest8_pkey on sbtest8  (cost=0.43..38.30 rows=10 width=121)
	              Index Cond: ((id >= 1651474) AND (id <= 1651483))

for: sum_ranges
table 1 : explain SELECT SUM(k) FROM sbtest1 WHERE id BETWEEN 7463732 AND 7463741
	Aggregate  (cost=41.89..41.90 rows=1 width=8)
	  ->  Index Scan using sbtest1_pkey on sbtest1  (cost=0.43..41.86 rows=11 width=4)
	        Index Cond: ((id >= 7463732) AND (id <= 7463741))

table 2 : explain SELECT SUM(k) FROM sbtest2 WHERE id BETWEEN 8701352 AND 8701361
	Aggregate  (cost=38.44..38.45 rows=1 width=8)
	  ->  Index Scan using sbtest2_pkey on sbtest2  (cost=0.43..38.42 rows=10 width=4)
	        Index Cond: ((id >= 8701352) AND (id <= 8701361))

table 3 : explain SELECT SUM(k) FROM sbtest3 WHERE id BETWEEN 4028204 AND 4028213
	Aggregate  (cost=35.27..35.28 rows=1 width=8)
	  ->  Index Scan using sbtest3_pkey on sbtest3  (cost=0.43..35.25 rows=9 width=4)
	        Index Cond: ((id >= 4028204) AND (id <= 4028213))

table 4 : explain SELECT SUM(k) FROM sbtest4 WHERE id BETWEEN 2883148 AND 2883157
	Aggregate  (cost=38.76..38.77 rows=1 width=8)
	  ->  Index Scan using sbtest4_pkey on sbtest4  (cost=0.43..38.73 rows=10 width=4)
	        Index Cond: ((id >= 2883148) AND (id <= 2883157))

table 5 : explain SELECT SUM(k) FROM sbtest5 WHERE id BETWEEN 4865803 AND 4865812
	Aggregate  (cost=38.57..38.58 rows=1 width=8)
	  ->  Index Scan using sbtest5_pkey on sbtest5  (cost=0.43..38.54 rows=10 width=4)
	        Index Cond: ((id >= 4865803) AND (id <= 4865812))

table 6 : explain SELECT SUM(k) FROM sbtest6 WHERE id BETWEEN 6106962 AND 6106971
	Aggregate  (cost=39.21..39.22 rows=1 width=8)
	  ->  Index Scan using sbtest6_pkey on sbtest6  (cost=0.43..39.19 rows=10 width=4)
	        Index Cond: ((id >= 6106962) AND (id <= 6106971))

table 7 : explain SELECT SUM(k) FROM sbtest7 WHERE id BETWEEN 357665 AND 357674
	Aggregate  (cost=35.23..35.24 rows=1 width=8)
	  ->  Index Scan using sbtest7_pkey on sbtest7  (cost=0.43..35.20 rows=9 width=4)
	        Index Cond: ((id >= 357665) AND (id <= 357674))

table 8 : explain SELECT SUM(k) FROM sbtest8 WHERE id BETWEEN 7599897 AND 7599906
	Aggregate  (cost=38.33..38.34 rows=1 width=8)
	  ->  Index Scan using sbtest8_pkey on sbtest8  (cost=0.43..38.30 rows=10 width=4)
	        Index Cond: ((id >= 7599897) AND (id <= 7599906))

explain: for deletes :: explain DELETE FROM sbtest%u WHERE id=%u
explain: for deletes :: explain DELETE FROM sbtest%u WHERE id=%u
for point_selects
table 1 : explain SELECT c FROM sbtest1 WHERE id=6647300
	Index Scan using sbtest1_pkey on sbtest1  (cost=0.43..8.45 rows=1 width=121)
	  Index Cond: (id = 6647300)

table 2 : explain SELECT c FROM sbtest2 WHERE id=9525385
	Index Scan using sbtest2_pkey on sbtest2  (cost=0.43..8.45 rows=1 width=121)
	  Index Cond: (id = 9525385)

table 3 : explain SELECT c FROM sbtest3 WHERE id=530252
	Index Scan using sbtest3_pkey on sbtest3  (cost=0.43..8.45 rows=1 width=121)
	  Index Cond: (id = 530252)

table 4 : explain SELECT c FROM sbtest4 WHERE id=8873201
	Index Scan using sbtest4_pkey on sbtest4  (cost=0.43..8.45 rows=1 width=121)
	  Index Cond: (id = 8873201)

table 5 : explain SELECT c FROM sbtest5 WHERE id=7719265
	Index Scan using sbtest5_pkey on sbtest5  (cost=0.43..8.45 rows=1 width=121)
	  Index Cond: (id = 7719265)

table 6 : explain SELECT c FROM sbtest6 WHERE id=5050842
	Index Scan using sbtest6_pkey on sbtest6  (cost=0.43..8.45 rows=1 width=121)
	  Index Cond: (id = 5050842)

table 7 : explain SELECT c FROM sbtest7 WHERE id=5080995
	Index Scan using sbtest7_pkey on sbtest7  (cost=0.43..8.45 rows=1 width=121)
	  Index Cond: (id = 5080995)

table 8 : explain SELECT c FROM sbtest8 WHERE id=5817193
	Index Scan using sbtest8_pkey on sbtest8  (cost=0.43..8.45 rows=1 width=121)
	  Index Cond: (id = 5817193)

explain: for deletes :: explain DELETE FROM sbtest%u WHERE id=%u
for: order_ranges
table 1 : explain SELECT c FROM sbtest1 WHERE id BETWEEN 6817474 AND 6817483 ORDER BY c
	Sort  (cost=35.32..35.34 rows=9 width=121)
	  Sort Key: c
	  ->  Index Scan using sbtest1_pkey on sbtest1  (cost=0.43..35.18 rows=9 width=121)
	        Index Cond: ((id >= 6817474) AND (id <= 6817483))

table 2 : explain SELECT c FROM sbtest2 WHERE id BETWEEN 7603269 AND 7603278 ORDER BY c
	Sort  (cost=41.94..41.96 rows=11 width=121)
	  Sort Key: c
	  ->  Index Scan using sbtest2_pkey on sbtest2  (cost=0.43..41.75 rows=11 width=121)
	        Index Cond: ((id >= 7603269) AND (id <= 7603278))

table 3 : explain SELECT c FROM sbtest3 WHERE id BETWEEN 7541189 AND 7541198 ORDER BY c
	Sort  (cost=38.76..38.79 rows=10 width=121)
	  Sort Key: c
	  ->  Index Scan using sbtest3_pkey on sbtest3  (cost=0.43..38.60 rows=10 width=121)
	        Index Cond: ((id >= 7541189) AND (id <= 7541198))

table 4 : explain SELECT c FROM sbtest4 WHERE id BETWEEN 7133759 AND 7133768 ORDER BY c
	Sort  (cost=38.90..38.92 rows=10 width=121)
	  Sort Key: c
	  ->  Index Scan using sbtest4_pkey on sbtest4  (cost=0.43..38.73 rows=10 width=121)
	        Index Cond: ((id >= 7133759) AND (id <= 7133768))

table 5 : explain SELECT c FROM sbtest5 WHERE id BETWEEN 6359085 AND 6359094 ORDER BY c
	Sort  (cost=38.71..38.73 rows=10 width=121)
	  Sort Key: c
	  ->  Index Scan using sbtest5_pkey on sbtest5  (cost=0.43..38.54 rows=10 width=121)
	        Index Cond: ((id >= 6359085) AND (id <= 6359094))

table 6 : explain SELECT c FROM sbtest6 WHERE id BETWEEN 615487 AND 615496 ORDER BY c
	Sort  (cost=35.92..35.94 rows=9 width=121)
	  Sort Key: c
	  ->  Index Scan using sbtest6_pkey on sbtest6  (cost=0.43..35.77 rows=9 width=121)
	        Index Cond: ((id >= 615487) AND (id <= 615496))

table 7 : explain SELECT c FROM sbtest7 WHERE id BETWEEN 7429252 AND 7429261 ORDER BY c
	Sort  (cost=38.71..38.74 rows=10 width=121)
	  Sort Key: c
	  ->  Index Scan using sbtest7_pkey on sbtest7  (cost=0.43..38.55 rows=10 width=121)
	        Index Cond: ((id >= 7429252) AND (id <= 7429261))

table 8 : explain SELECT c FROM sbtest8 WHERE id BETWEEN 5339323 AND 5339332 ORDER BY c
	Sort  (cost=38.47..38.50 rows=10 width=121)
	  Sort Key: c
	  ->  Index Scan using sbtest8_pkey on sbtest8  (cost=0.43..38.30 rows=10 width=121)
	        Index Cond: ((id >= 5339323) AND (id <= 5339332))

explain: for index_updates :: explain UPDATE sbtest%u SET k=k+1 WHERE id=%u
for deletes
table 1 : explain DELETE FROM sbtest1 WHERE id=4708202
	Delete on sbtest1  (cost=0.43..8.45 rows=1 width=6)
	  ->  Index Scan using sbtest1_pkey on sbtest1  (cost=0.43..8.45 rows=1 width=6)
	        Index Cond: (id = 4708202)

table 2 : explain DELETE FROM sbtest2 WHERE id=8887864
	Delete on sbtest2  (cost=0.43..8.45 rows=1 width=6)
	  ->  Index Scan using sbtest2_pkey on sbtest2  (cost=0.43..8.45 rows=1 width=6)
	        Index Cond: (id = 8887864)

table 3 : explain DELETE FROM sbtest3 WHERE id=781173
	Delete on sbtest3  (cost=0.43..8.45 rows=1 width=6)
	  ->  Index Scan using sbtest3_pkey on sbtest3  (cost=0.43..8.45 rows=1 width=6)
	        Index Cond: (id = 781173)

table 4 : explain DELETE FROM sbtest4 WHERE id=174551
	Delete on sbtest4  (cost=0.43..8.45 rows=1 width=6)
	  ->  Index Scan using sbtest4_pkey on sbtest4  (cost=0.43..8.45 rows=1 width=6)
	        Index Cond: (id = 174551)

table 5 : explain DELETE FROM sbtest5 WHERE id=3301950
	Delete on sbtest5  (cost=0.43..8.45 rows=1 width=6)
	  ->  Index Scan using sbtest5_pkey on sbtest5  (cost=0.43..8.45 rows=1 width=6)
	        Index Cond: (id = 3301950)

table 6 : explain DELETE FROM sbtest6 WHERE id=9516013
	Delete on sbtest6  (cost=0.43..8.45 rows=1 width=6)
	  ->  Index Scan using sbtest6_pkey on sbtest6  (cost=0.43..8.45 rows=1 width=6)
	        Index Cond: (id = 9516013)

table 7 : explain DELETE FROM sbtest7 WHERE id=9910572
	Delete on sbtest7  (cost=0.43..8.45 rows=1 width=6)
	  ->  Index Scan using sbtest7_pkey on sbtest7  (cost=0.43..8.45 rows=1 width=6)
	        Index Cond: (id = 9910572)

table 8 : explain DELETE FROM sbtest8 WHERE id=460674
	Delete on sbtest8  (cost=0.43..8.45 rows=1 width=6)
	  ->  Index Scan using sbtest8_pkey on sbtest8  (cost=0.43..8.45 rows=1 width=6)
	        Index Cond: (id = 460674)

explain: for point_selects :: explain SELECT c FROM sbtest%u WHERE id=%u
for deletes
table 1 : explain DELETE FROM sbtest1 WHERE id=1493042
	Delete on sbtest1  (cost=0.43..8.45 rows=1 width=6)
	  ->  Index Scan using sbtest1_pkey on sbtest1  (cost=0.43..8.45 rows=1 width=6)
	        Index Cond: (id = 1493042)

table 2 : explain DELETE FROM sbtest2 WHERE id=6337129
	Delete on sbtest2  (cost=0.43..8.45 rows=1 width=6)
	  ->  Index Scan using sbtest2_pkey on sbtest2  (cost=0.43..8.45 rows=1 width=6)
	        Index Cond: (id = 6337129)

table 3 : explain DELETE FROM sbtest3 WHERE id=4909468
	Delete on sbtest3  (cost=0.43..8.45 rows=1 width=6)
	  ->  Index Scan using sbtest3_pkey on sbtest3  (cost=0.43..8.45 rows=1 width=6)
	        Index Cond: (id = 4909468)

table 4 : explain DELETE FROM sbtest4 WHERE id=9853756
	Delete on sbtest4  (cost=0.43..8.45 rows=1 width=6)
	  ->  Index Scan using sbtest4_pkey on sbtest4  (cost=0.43..8.45 rows=1 width=6)
	        Index Cond: (id = 9853756)

table 5 : explain DELETE FROM sbtest5 WHERE id=5436341
	Delete on sbtest5  (cost=0.43..8.45 rows=1 width=6)
	  ->  Index Scan using sbtest5_pkey on sbtest5  (cost=0.43..8.45 rows=1 width=6)
	        Index Cond: (id = 5436341)

table 6 : explain DELETE FROM sbtest6 WHERE id=636097
	Delete on sbtest6  (cost=0.43..8.45 rows=1 width=6)
	  ->  Index Scan using sbtest6_pkey on sbtest6  (cost=0.43..8.45 rows=1 width=6)
	        Index Cond: (id = 636097)

table 7 : explain DELETE FROM sbtest7 WHERE id=5903581
	Delete on sbtest7  (cost=0.43..8.45 rows=1 width=6)
	  ->  Index Scan using sbtest7_pkey on sbtest7  (cost=0.43..8.45 rows=1 width=6)
	        Index Cond: (id = 5903581)

table 8 : explain DELETE FROM sbtest8 WHERE id=2356826
	Delete on sbtest8  (cost=0.43..8.45 rows=1 width=6)
	  ->  Index Scan using sbtest8_pkey on sbtest8  (cost=0.43..8.45 rows=1 width=6)
	        Index Cond: (id = 2356826)

for: distinct_ranges
table 1 : explain SELECT DISTINCT c FROM sbtest1 WHERE id BETWEEN 9119055 AND 9119064 ORDER BY c
	Unique  (cost=42.05..42.10 rows=11 width=121)
	  ->  Sort  (cost=42.05..42.08 rows=11 width=121)
	        Sort Key: c
	        ->  Index Scan using sbtest1_pkey on sbtest1  (cost=0.43..41.86 rows=11 width=121)
	              Index Cond: ((id >= 9119055) AND (id <= 9119064))

table 2 : explain SELECT DISTINCT c FROM sbtest2 WHERE id BETWEEN 2022832 AND 2022841 ORDER BY c
	Unique  (cost=38.58..38.63 rows=10 width=121)
	  ->  Sort  (cost=38.58..38.61 rows=10 width=121)
	        Sort Key: c
	        ->  Index Scan using sbtest2_pkey on sbtest2  (cost=0.43..38.42 rows=10 width=121)
	              Index Cond: ((id >= 2022832) AND (id <= 2022841))

table 3 : explain SELECT DISTINCT c FROM sbtest3 WHERE id BETWEEN 8058052 AND 8058061 ORDER BY c
	Unique  (cost=38.76..38.81 rows=10 width=121)
	  ->  Sort  (cost=38.76..38.79 rows=10 width=121)
	        Sort Key: c
	        ->  Index Scan using sbtest3_pkey on sbtest3  (cost=0.43..38.60 rows=10 width=121)
	              Index Cond: ((id >= 8058052) AND (id <= 8058061))

table 4 : explain SELECT DISTINCT c FROM sbtest4 WHERE id BETWEEN 5350678 AND 5350687 ORDER BY c
	Unique  (cost=38.90..38.95 rows=10 width=121)
	  ->  Sort  (cost=38.90..38.92 rows=10 width=121)
	        Sort Key: c
	        ->  Index Scan using sbtest4_pkey on sbtest4  (cost=0.43..38.73 rows=10 width=121)
	              Index Cond: ((id >= 5350678) AND (id <= 5350687))

table 5 : explain SELECT DISTINCT c FROM sbtest5 WHERE id BETWEEN 8653120 AND 8653129 ORDER BY c
	Unique  (cost=45.44..45.50 rows=12 width=121)
	  ->  Sort  (cost=45.44..45.47 rows=12 width=121)
	        Sort Key: c
	        ->  Index Scan using sbtest5_pkey on sbtest5  (cost=0.43..45.23 rows=12 width=121)
	              Index Cond: ((id >= 8653120) AND (id <= 8653129))

table 6 : explain SELECT DISTINCT c FROM sbtest6 WHERE id BETWEEN 9529869 AND 9529878 ORDER BY c
	Unique  (cost=39.36..39.41 rows=10 width=121)
	  ->  Sort  (cost=39.36..39.38 rows=10 width=121)
	        Sort Key: c
	        ->  Index Scan using sbtest6_pkey on sbtest6  (cost=0.43..39.19 rows=10 width=121)
	              Index Cond: ((id >= 9529869) AND (id <= 9529878))

table 7 : explain SELECT DISTINCT c FROM sbtest7 WHERE id BETWEEN 461974 AND 461983 ORDER BY c
	Unique  (cost=38.71..38.76 rows=10 width=121)
	  ->  Sort  (cost=38.71..38.74 rows=10 width=121)
	        Sort Key: c
	        ->  Index Scan using sbtest7_pkey on sbtest7  (cost=0.43..38.55 rows=10 width=121)
	              Index Cond: ((id >= 461974) AND (id <= 461983))

table 8 : explain SELECT DISTINCT c FROM sbtest8 WHERE id BETWEEN 4293022 AND 4293031 ORDER BY c
	Unique  (cost=35.13..35.18 rows=9 width=121)
	  ->  Sort  (cost=35.13..35.15 rows=9 width=121)
	        Sort Key: c
	        ->  Index Scan using sbtest8_pkey on sbtest8  (cost=0.43..34.99 rows=9 width=121)
	              Index Cond: ((id >= 4293022) AND (id <= 4293031))

for: order_ranges
table 1 : explain SELECT c FROM sbtest1 WHERE id BETWEEN 4015466 AND 4015475 ORDER BY c
	Sort  (cost=42.05..42.08 rows=11 width=121)
	  Sort Key: c
	  ->  Index Scan using sbtest1_pkey on sbtest1  (cost=0.43..41.86 rows=11 width=121)
	        Index Cond: ((id >= 4015466) AND (id <= 4015475))

table 2 : explain SELECT c FROM sbtest2 WHERE id BETWEEN 3094823 AND 3094832 ORDER BY c
	Sort  (cost=38.58..38.61 rows=10 width=121)
	  Sort Key: c
	  ->  Index Scan using sbtest2_pkey on sbtest2  (cost=0.43..38.42 rows=10 width=121)
	        Index Cond: ((id >= 3094823) AND (id <= 3094832))

table 3 : explain SELECT c FROM sbtest3 WHERE id BETWEEN 8469915 AND 8469924 ORDER BY c
	Sort  (cost=42.14..42.16 rows=11 width=121)
	  Sort Key: c
	  ->  Index Scan using sbtest3_pkey on sbtest3  (cost=0.43..41.95 rows=11 width=121)
	        Index Cond: ((id >= 8469915) AND (id <= 8469924))

table 4 : explain SELECT c FROM sbtest4 WHERE id BETWEEN 899433 AND 899442 ORDER BY c
	Sort  (cost=38.90..38.92 rows=10 width=121)
	  Sort Key: c
	  ->  Index Scan using sbtest4_pkey on sbtest4  (cost=0.43..38.73 rows=10 width=121)
	        Index Cond: ((id >= 899433) AND (id <= 899442))

table 5 : explain SELECT c FROM sbtest5 WHERE id BETWEEN 2611320 AND 2611329 ORDER BY c
	Sort  (cost=42.08..42.10 rows=11 width=121)
	  Sort Key: c
	  ->  Index Scan using sbtest5_pkey on sbtest5  (cost=0.43..41.89 rows=11 width=121)
	        Index Cond: ((id >= 2611320) AND (id <= 2611329))

table 6 : explain SELECT c FROM sbtest6 WHERE id BETWEEN 8108597 AND 8108606 ORDER BY c
	Sort  (cost=39.36..39.38 rows=10 width=121)
	  Sort Key: c
	  ->  Index Scan using sbtest6_pkey on sbtest6  (cost=0.43..39.19 rows=10 width=121)
	        Index Cond: ((id >= 8108597) AND (id <= 8108606))

table 7 : explain SELECT c FROM sbtest7 WHERE id BETWEEN 7080972 AND 7080981 ORDER BY c
	Sort  (cost=38.71..38.74 rows=10 width=121)
	  Sort Key: c
	  ->  Index Scan using sbtest7_pkey on sbtest7  (cost=0.43..38.55 rows=10 width=121)
	        Index Cond: ((id >= 7080972) AND (id <= 7080981))

table 8 : explain SELECT c FROM sbtest8 WHERE id BETWEEN 3625395 AND 3625404 ORDER BY c
	Sort  (cost=38.47..38.50 rows=10 width=121)
	  Sort Key: c
	  ->  Index Scan using sbtest8_pkey on sbtest8  (cost=0.43..38.30 rows=10 width=121)
	        Index Cond: ((id >= 3625395) AND (id <= 3625404))

for: simple_ranges
table 1 : explain SELECT c FROM sbtest1 WHERE id BETWEEN 5546771 AND 5546780
	Index Scan using sbtest1_pkey on sbtest1  (cost=0.43..38.52 rows=10 width=121)
	  Index Cond: ((id >= 5546771) AND (id <= 5546780))

table 2 : explain SELECT c FROM sbtest2 WHERE id BETWEEN 1929456 AND 1929465
	Index Scan using sbtest2_pkey on sbtest2  (cost=0.43..38.42 rows=10 width=121)
	  Index Cond: ((id >= 1929456) AND (id <= 1929465))

table 3 : explain SELECT c FROM sbtest3 WHERE id BETWEEN 7606345 AND 7606354
	Index Scan using sbtest3_pkey on sbtest3  (cost=0.43..38.60 rows=10 width=121)
	  Index Cond: ((id >= 7606345) AND (id <= 7606354))

table 4 : explain SELECT c FROM sbtest4 WHERE id BETWEEN 7809115 AND 7809124
	Index Scan using sbtest4_pkey on sbtest4  (cost=0.43..42.10 rows=11 width=121)
	  Index Cond: ((id >= 7809115) AND (id <= 7809124))

table 5 : explain SELECT c FROM sbtest5 WHERE id BETWEEN 1945596 AND 1945605
	Index Scan using sbtest5_pkey on sbtest5  (cost=0.43..38.54 rows=10 width=121)
	  Index Cond: ((id >= 1945596) AND (id <= 1945605))

table 6 : explain SELECT c FROM sbtest6 WHERE id BETWEEN 6316491 AND 6316500
	Index Scan using sbtest6_pkey on sbtest6  (cost=0.43..39.19 rows=10 width=121)
	  Index Cond: ((id >= 6316491) AND (id <= 6316500))

table 7 : explain SELECT c FROM sbtest7 WHERE id BETWEEN 5774624 AND 5774633
	Index Scan using sbtest7_pkey on sbtest7  (cost=0.43..38.55 rows=10 width=121)
	  Index Cond: ((id >= 5774624) AND (id <= 5774633))

table 8 : explain SELECT c FROM sbtest8 WHERE id BETWEEN 6237101 AND 6237110
	Index Scan using sbtest8_pkey on sbtest8  (cost=0.43..38.30 rows=10 width=121)
	  Index Cond: ((id >= 6237101) AND (id <= 6237110))

for point_selects
table 1 : explain SELECT c FROM sbtest1 WHERE id=8517500
	Index Scan using sbtest1_pkey on sbtest1  (cost=0.43..8.45 rows=1 width=121)
	  Index Cond: (id = 8517500)

table 2 : explain SELECT c FROM sbtest2 WHERE id=3891992
	Index Scan using sbtest2_pkey on sbtest2  (cost=0.43..8.45 rows=1 width=121)
	  Index Cond: (id = 3891992)

table 3 : explain SELECT c FROM sbtest3 WHERE id=8070163
	Index Scan using sbtest3_pkey on sbtest3  (cost=0.43..8.45 rows=1 width=121)
	  Index Cond: (id = 8070163)

table 4 : explain SELECT c FROM sbtest4 WHERE id=8842603
	Index Scan using sbtest4_pkey on sbtest4  (cost=0.43..8.45 rows=1 width=121)
	  Index Cond: (id = 8842603)

table 5 : explain SELECT c FROM sbtest5 WHERE id=182397
	Index Scan using sbtest5_pkey on sbtest5  (cost=0.43..8.45 rows=1 width=121)
	  Index Cond: (id = 182397)

table 6 : explain SELECT c FROM sbtest6 WHERE id=1830
	Index Scan using sbtest6_pkey on sbtest6  (cost=0.43..8.45 rows=1 width=121)
	  Index Cond: (id = 1830)

table 7 : explain SELECT c FROM sbtest7 WHERE id=5690212
	Index Scan using sbtest7_pkey on sbtest7  (cost=0.43..8.45 rows=1 width=121)
	  Index Cond: (id = 5690212)

table 8 : explain SELECT c FROM sbtest8 WHERE id=1376451
	Index Scan using sbtest8_pkey on sbtest8  (cost=0.43..8.45 rows=1 width=121)
	  Index Cond: (id = 1376451)

for: distinct_ranges
table 1 : explain SELECT DISTINCT c FROM sbtest1 WHERE id BETWEEN 8237359 AND 8237368 ORDER BY c
	Unique  (cost=38.68..38.73 rows=10 width=121)
	  ->  Sort  (cost=38.68..38.71 rows=10 width=121)
	        Sort Key: c
	        ->  Index Scan using sbtest1_pkey on sbtest1  (cost=0.43..38.52 rows=10 width=121)
	              Index Cond: ((id >= 8237359) AND (id <= 8237368))

table 2 : explain SELECT DISTINCT c FROM sbtest2 WHERE id BETWEEN 3163459 AND 3163468 ORDER BY c
	Unique  (cost=35.23..35.28 rows=9 width=121)
	  ->  Sort  (cost=35.23..35.25 rows=9 width=121)
	        Sort Key: c
	        ->  Index Scan using sbtest2_pkey on sbtest2  (cost=0.43..35.09 rows=9 width=121)
	              Index Cond: ((id >= 3163459) AND (id <= 3163468))

table 3 : explain SELECT DISTINCT c FROM sbtest3 WHERE id BETWEEN 2512788 AND 2512797 ORDER BY c
	Unique  (cost=38.76..38.81 rows=10 width=121)
	  ->  Sort  (cost=38.76..38.79 rows=10 width=121)
	        Sort Key: c
	        ->  Index Scan using sbtest3_pkey on sbtest3  (cost=0.43..38.60 rows=10 width=121)
	              Index Cond: ((id >= 2512788) AND (id <= 2512797))

table 4 : explain SELECT DISTINCT c FROM sbtest4 WHERE id BETWEEN 8410450 AND 8410459 ORDER BY c
	Unique  (cost=38.90..38.95 rows=10 width=121)
	  ->  Sort  (cost=38.90..38.92 rows=10 width=121)
	        Sort Key: c
	        ->  Index Scan using sbtest4_pkey on sbtest4  (cost=0.43..38.73 rows=10 width=121)
	              Index Cond: ((id >= 8410450) AND (id <= 8410459))

table 5 : explain SELECT DISTINCT c FROM sbtest5 WHERE id BETWEEN 6132081 AND 6132090 ORDER BY c
	Unique  (cost=35.34..35.39 rows=9 width=121)
	  ->  Sort  (cost=35.34..35.37 rows=9 width=121)
	        Sort Key: c
	        ->  Index Scan using sbtest5_pkey on sbtest5  (cost=0.43..35.20 rows=9 width=121)
	              Index Cond: ((id >= 6132081) AND (id <= 6132090))

table 6 : explain SELECT DISTINCT c FROM sbtest6 WHERE id BETWEEN 5925360 AND 5925369 ORDER BY c
	Unique  (cost=32.48..32.52 rows=8 width=121)
	  ->  Sort  (cost=32.48..32.50 rows=8 width=121)
	        Sort Key: c
	        ->  Index Scan using sbtest6_pkey on sbtest6  (cost=0.43..32.36 rows=8 width=121)
	              Index Cond: ((id >= 5925360) AND (id <= 5925369))

table 7 : explain SELECT DISTINCT c FROM sbtest7 WHERE id BETWEEN 2263732 AND 2263741 ORDER BY c
	Unique  (cost=38.71..38.76 rows=10 width=121)
	  ->  Sort  (cost=38.71..38.74 rows=10 width=121)
	        Sort Key: c
	        ->  Index Scan using sbtest7_pkey on sbtest7  (cost=0.43..38.55 rows=10 width=121)
	              Index Cond: ((id >= 2263732) AND (id <= 2263741))

table 8 : explain SELECT DISTINCT c FROM sbtest8 WHERE id BETWEEN 8832199 AND 8832208 ORDER BY c
	Unique  (cost=38.47..38.52 rows=10 width=121)
	  ->  Sort  (cost=38.47..38.50 rows=10 width=121)
	        Sort Key: c
	        ->  Index Scan using sbtest8_pkey on sbtest8  (cost=0.43..38.30 rows=10 width=121)
	              Index Cond: ((id >= 8832199) AND (id <= 8832208))

for: distinct_ranges
table 1 : explain SELECT DISTINCT c FROM sbtest1 WHERE id BETWEEN 6446306 AND 6446315 ORDER BY c
	Unique  (cost=35.32..35.37 rows=9 width=121)
	  ->  Sort  (cost=35.32..35.34 rows=9 width=121)
	        Sort Key: c
	        ->  Index Scan using sbtest1_pkey on sbtest1  (cost=0.43..35.18 rows=9 width=121)
	              Index Cond: ((id >= 6446306) AND (id <= 6446315))

table 2 : explain SELECT DISTINCT c FROM sbtest2 WHERE id BETWEEN 9898585 AND 9898594 ORDER BY c
	Unique  (cost=35.23..35.28 rows=9 width=121)
	  ->  Sort  (cost=35.23..35.25 rows=9 width=121)
	        Sort Key: c
	        ->  Index Scan using sbtest2_pkey on sbtest2  (cost=0.43..35.09 rows=9 width=121)
	              Index Cond: ((id >= 9898585) AND (id <= 9898594))

table 3 : explain SELECT DISTINCT c FROM sbtest3 WHERE id BETWEEN 6407550 AND 6407559 ORDER BY c
	Unique  (cost=38.76..38.81 rows=10 width=121)
	  ->  Sort  (cost=38.76..38.79 rows=10 width=121)
	        Sort Key: c
	        ->  Index Scan using sbtest3_pkey on sbtest3  (cost=0.43..38.60 rows=10 width=121)
	              Index Cond: ((id >= 6407550) AND (id <= 6407559))

table 4 : explain SELECT DISTINCT c FROM sbtest4 WHERE id BETWEEN 1944584 AND 1944593 ORDER BY c
	Unique  (cost=42.29..42.34 rows=11 width=121)
	  ->  Sort  (cost=42.29..42.32 rows=11 width=121)
	        Sort Key: c
	        ->  Index Scan using sbtest4_pkey on sbtest4  (cost=0.43..42.10 rows=11 width=121)
	              Index Cond: ((id >= 1944584) AND (id <= 1944593))

table 5 : explain SELECT DISTINCT c FROM sbtest5 WHERE id BETWEEN 8133575 AND 8133584 ORDER BY c
	Unique  (cost=38.71..38.76 rows=10 width=121)
	  ->  Sort  (cost=38.71..38.73 rows=10 width=121)
	        Sort Key: c
	        ->  Index Scan using sbtest5_pkey on sbtest5  (cost=0.43..38.54 rows=10 width=121)
	              Index Cond: ((id >= 8133575) AND (id <= 8133584))

table 6 : explain SELECT DISTINCT c FROM sbtest6 WHERE id BETWEEN 2630710 AND 2630719 ORDER BY c
	Unique  (cost=39.36..39.41 rows=10 width=121)
	  ->  Sort  (cost=39.36..39.38 rows=10 width=121)
	        Sort Key: c
	        ->  Index Scan using sbtest6_pkey on sbtest6  (cost=0.43..39.19 rows=10 width=121)
	              Index Cond: ((id >= 2630710) AND (id <= 2630719))

table 7 : explain SELECT DISTINCT c FROM sbtest7 WHERE id BETWEEN 4378349 AND 4378358 ORDER BY c
	Unique  (cost=42.08..42.14 rows=11 width=121)
	  ->  Sort  (cost=42.08..42.11 rows=11 width=121)
	        Sort Key: c
	        ->  Index Scan using sbtest7_pkey on sbtest7  (cost=0.43..41.89 rows=11 width=121)
	              Index Cond: ((id >= 4378349) AND (id <= 4378358))

table 8 : explain SELECT DISTINCT c FROM sbtest8 WHERE id BETWEEN 8938136 AND 8938145 ORDER BY c
	Unique  (cost=38.47..38.52 rows=10 width=121)
	  ->  Sort  (cost=38.47..38.50 rows=10 width=121)
	        Sort Key: c
	        ->  Index Scan using sbtest8_pkey on sbtest8  (cost=0.43..38.30 rows=10 width=121)
	              Index Cond: ((id >= 8938136) AND (id <= 8938145))

for point_selects
table 1 : explain SELECT c FROM sbtest1 WHERE id=6851276
	Index Scan using sbtest1_pkey on sbtest1  (cost=0.43..8.45 rows=1 width=121)
	  Index Cond: (id = 6851276)

table 2 : explain SELECT c FROM sbtest2 WHERE id=2636828
	Index Scan using sbtest2_pkey on sbtest2  (cost=0.43..8.45 rows=1 width=121)
	  Index Cond: (id = 2636828)

table 3 : explain SELECT c FROM sbtest3 WHERE id=1065136
	Index Scan using sbtest3_pkey on sbtest3  (cost=0.43..8.45 rows=1 width=121)
	  Index Cond: (id = 1065136)

table 4 : explain SELECT c FROM sbtest4 WHERE id=2023458
	Index Scan using sbtest4_pkey on sbtest4  (cost=0.43..8.45 rows=1 width=121)
	  Index Cond: (id = 2023458)

table 5 : explain SELECT c FROM sbtest5 WHERE id=3400940
	Index Scan using sbtest5_pkey on sbtest5  (cost=0.43..8.45 rows=1 width=121)
	  Index Cond: (id = 3400940)

table 6 : explain SELECT c FROM sbtest6 WHERE id=6501525
	Index Scan using sbtest6_pkey on sbtest6  (cost=0.43..8.45 rows=1 width=121)
	  Index Cond: (id = 6501525)

table 7 : explain SELECT c FROM sbtest7 WHERE id=3280825
	Index Scan using sbtest7_pkey on sbtest7  (cost=0.43..8.45 rows=1 width=121)
	  Index Cond: (id = 3280825)

table 8 : explain SELECT c FROM sbtest8 WHERE id=9039169
	Index Scan using sbtest8_pkey on sbtest8  (cost=0.43..8.45 rows=1 width=121)
	  Index Cond: (id = 9039169)
for: distinct_ranges
table 1 : explain SELECT DISTINCT c FROM sbtest1 WHERE id BETWEEN 1503770 AND 1503779 ORDER BY c
	Unique  (cost=38.68..38.73 rows=10 width=121)
	  ->  Sort  (cost=38.68..38.71 rows=10 width=121)
	        Sort Key: c
	        ->  Index Scan using sbtest1_pkey on sbtest1  (cost=0.43..38.52 rows=10 width=121)
	              Index Cond: ((id >= 1503770) AND (id <= 1503779))

table 2 : explain SELECT DISTINCT c FROM sbtest2 WHERE id BETWEEN 1359278 AND 1359287 ORDER BY c
	Unique  (cost=38.58..38.63 rows=10 width=121)
	  ->  Sort  (cost=38.58..38.61 rows=10 width=121)
	        Sort Key: c
	        ->  Index Scan using sbtest2_pkey on sbtest2  (cost=0.43..38.42 rows=10 width=121)
	              Index Cond: ((id >= 1359278) AND (id <= 1359287))

table 3 : explain SELECT DISTINCT c FROM sbtest3 WHERE id BETWEEN 1574692 AND 1574701 ORDER BY c
	Unique  (cost=38.76..38.81 rows=10 width=121)
	  ->  Sort  (cost=38.76..38.79 rows=10 width=121)
	        Sort Key: c
	        ->  Index Scan using sbtest3_pkey on sbtest3  (cost=0.43..38.60 rows=10 width=121)
	              Index Cond: ((id >= 1574692) AND (id <= 1574701))

table 4 : explain SELECT DISTINCT c FROM sbtest4 WHERE id BETWEEN 5484003 AND 5484012 ORDER BY c
	Unique  (cost=38.90..38.95 rows=10 width=121)
	  ->  Sort  (cost=38.90..38.92 rows=10 width=121)
	        Sort Key: c
	        ->  Index Scan using sbtest4_pkey on sbtest4  (cost=0.43..38.73 rows=10 width=121)
	              Index Cond: ((id >= 5484003) AND (id <= 5484012))

table 5 : explain SELECT DISTINCT c FROM sbtest5 WHERE id BETWEEN 4115798 AND 4115807 ORDER BY c
	Unique  (cost=38.71..38.76 rows=10 width=121)
	  ->  Sort  (cost=38.71..38.73 rows=10 width=121)
	        Sort Key: c
	        ->  Index Scan using sbtest5_pkey on sbtest5  (cost=0.43..38.54 rows=10 width=121)
	              Index Cond: ((id >= 4115798) AND (id <= 4115807))

table 6 : explain SELECT DISTINCT c FROM sbtest6 WHERE id BETWEEN 8831496 AND 8831505 ORDER BY c
	Unique  (cost=39.36..39.41 rows=10 width=121)
	  ->  Sort  (cost=39.36..39.38 rows=10 width=121)
	        Sort Key: c
	        ->  Index Scan using sbtest6_pkey on sbtest6  (cost=0.43..39.19 rows=10 width=121)
	              Index Cond: ((id >= 8831496) AND (id <= 8831505))

table 7 : explain SELECT DISTINCT c FROM sbtest7 WHERE id BETWEEN 2281011 AND 2281020 ORDER BY c
	Unique  (cost=38.71..38.76 rows=10 width=121)
	  ->  Sort  (cost=38.71..38.74 rows=10 width=121)
	        Sort Key: c
	        ->  Index Scan using sbtest7_pkey on sbtest7  (cost=0.43..38.55 rows=10 width=121)
	              Index Cond: ((id >= 2281011) AND (id <= 2281020))

table 8 : explain SELECT DISTINCT c FROM sbtest8 WHERE id BETWEEN 187161 AND 187170 ORDER BY c
	Unique  (cost=38.47..38.52 rows=10 width=121)
	  ->  Sort  (cost=38.47..38.50 rows=10 width=121)
	        Sort Key: c
	        ->  Index Scan using sbtest8_pkey on sbtest8  (cost=0.43..38.30 rows=10 width=121)
	              Index Cond: ((id >= 187161) AND (id <= 187170))


for point_selects
table 1 : explain SELECT c FROM sbtest1 WHERE id=5108122
	Index Scan using sbtest1_pkey on sbtest1  (cost=0.43..8.45 rows=1 width=121)
	  Index Cond: (id = 5108122)

table 2 : explain SELECT c FROM sbtest2 WHERE id=5579314
	Index Scan using sbtest2_pkey on sbtest2  (cost=0.43..8.45 rows=1 width=121)
	  Index Cond: (id = 5579314)

table 3 : explain SELECT c FROM sbtest3 WHERE id=4914196
	Index Scan using sbtest3_pkey on sbtest3  (cost=0.43..8.45 rows=1 width=121)
	  Index Cond: (id = 4914196)

table 4 : explain SELECT c FROM sbtest4 WHERE id=6367545
	Index Scan using sbtest4_pkey on sbtest4  (cost=0.43..8.45 rows=1 width=121)
	  Index Cond: (id = 6367545)

table 5 : explain SELECT c FROM sbtest5 WHERE id=381583
	Index Scan using sbtest5_pkey on sbtest5  (cost=0.43..8.45 rows=1 width=121)
	  Index Cond: (id = 381583)

table 6 : explain SELECT c FROM sbtest6 WHERE id=1551915
	Index Scan using sbtest6_pkey on sbtest6  (cost=0.43..8.45 rows=1 width=121)
	  Index Cond: (id = 1551915)

table 7 : explain SELECT c FROM sbtest7 WHERE id=3565383
	Index Scan using sbtest7_pkey on sbtest7  (cost=0.43..8.45 rows=1 width=121)
	  Index Cond: (id = 3565383)

table 8 : explain SELECT c FROM sbtest8 WHERE id=226567
	Index Scan using sbtest8_pkey on sbtest8  (cost=0.43..8.45 rows=1 width=121)
	  Index Cond: (id = 226567)

for: simple_ranges
table 1 : explain SELECT c FROM sbtest1 WHERE id BETWEEN 549751 AND 549760
	Index Scan using sbtest1_pkey on sbtest1  (cost=0.43..35.18 rows=9 width=121)
	  Index Cond: ((id >= 549751) AND (id <= 549760))

table 2 : explain SELECT c FROM sbtest2 WHERE id BETWEEN 5712130 AND 5712139
	Index Scan using sbtest2_pkey on sbtest2  (cost=0.43..41.75 rows=11 width=121)
	  Index Cond: ((id >= 5712130) AND (id <= 5712139))

table 3 : explain SELECT c FROM sbtest3 WHERE id BETWEEN 2272889 AND 2272898
	Index Scan using sbtest3_pkey on sbtest3  (cost=0.43..38.60 rows=10 width=121)
	  Index Cond: ((id >= 2272889) AND (id <= 2272898))

table 4 : explain SELECT c FROM sbtest4 WHERE id BETWEEN 7256280 AND 7256289
	Index Scan using sbtest4_pkey on sbtest4  (cost=0.43..35.37 rows=9 width=121)
	  Index Cond: ((id >= 7256280) AND (id <= 7256289))

table 5 : explain SELECT c FROM sbtest5 WHERE id BETWEEN 3214675 AND 3214684
	Index Scan using sbtest5_pkey on sbtest5  (cost=0.43..38.54 rows=10 width=121)
	  Index Cond: ((id >= 3214675) AND (id <= 3214684))

table 6 : explain SELECT c FROM sbtest6 WHERE id BETWEEN 1701203 AND 1701212
	Index Scan using sbtest6_pkey on sbtest6  (cost=0.43..35.77 rows=9 width=121)
	  Index Cond: ((id >= 1701203) AND (id <= 1701212))

table 7 : explain SELECT c FROM sbtest7 WHERE id BETWEEN 4750179 AND 4750188
	Index Scan using sbtest7_pkey on sbtest7  (cost=0.43..35.20 rows=9 width=121)
	  Index Cond: ((id >= 4750179) AND (id <= 4750188))

table 8 : explain SELECT c FROM sbtest8 WHERE id BETWEEN 6147241 AND 6147250
	Index Scan using sbtest8_pkey on sbtest8  (cost=0.43..38.30 rows=10 width=121)
	  Index Cond: ((id >= 6147241) AND (id <= 6147250))

for: order_ranges
table 1 : explain SELECT c FROM sbtest1 WHERE id BETWEEN 9693046 AND 9693055 ORDER BY c
	Sort  (cost=35.32..35.34 rows=9 width=121)
	  Sort Key: c
	  ->  Index Scan using sbtest1_pkey on sbtest1  (cost=0.43..35.18 rows=9 width=121)
	        Index Cond: ((id >= 9693046) AND (id <= 9693055))

table 2 : explain SELECT c FROM sbtest2 WHERE id BETWEEN 2445770 AND 2445779 ORDER BY c
	Sort  (cost=38.58..38.61 rows=10 width=121)
	  Sort Key: c
	  ->  Index Scan using sbtest2_pkey on sbtest2  (cost=0.43..38.42 rows=10 width=121)
	        Index Cond: ((id >= 2445770) AND (id <= 2445779))

table 3 : explain SELECT c FROM sbtest3 WHERE id BETWEEN 2218816 AND 2218825 ORDER BY c
	Sort  (cost=38.76..38.79 rows=10 width=121)
	  Sort Key: c
	  ->  Index Scan using sbtest3_pkey on sbtest3  (cost=0.43..38.60 rows=10 width=121)
	        Index Cond: ((id >= 2218816) AND (id <= 2218825))

table 4 : explain SELECT c FROM sbtest4 WHERE id BETWEEN 2151167 AND 2151176 ORDER BY c
	Sort  (cost=35.51..35.53 rows=9 width=121)
	  Sort Key: c
	  ->  Index Scan using sbtest4_pkey on sbtest4  (cost=0.43..35.37 rows=9 width=121)
	        Index Cond: ((id >= 2151167) AND (id <= 2151176))

table 5 : explain SELECT c FROM sbtest5 WHERE id BETWEEN 5057194 AND 5057203 ORDER BY c
	Sort  (cost=38.71..38.73 rows=10 width=121)
	  Sort Key: c
	  ->  Index Scan using sbtest5_pkey on sbtest5  (cost=0.43..38.54 rows=10 width=121)
	        Index Cond: ((id >= 5057194) AND (id <= 5057203))

table 6 : explain SELECT c FROM sbtest6 WHERE id BETWEEN 7975168 AND 7975177 ORDER BY c
	Sort  (cost=39.36..39.38 rows=10 width=121)
	  Sort Key: c
	  ->  Index Scan using sbtest6_pkey on sbtest6  (cost=0.43..39.19 rows=10 width=121)
	        Index Cond: ((id >= 7975168) AND (id <= 7975177))

table 7 : explain SELECT c FROM sbtest7 WHERE id BETWEEN 8758213 AND 8758222 ORDER BY c
	Sort  (cost=38.71..38.74 rows=10 width=121)
	  Sort Key: c
	  ->  Index Scan using sbtest7_pkey on sbtest7  (cost=0.43..38.55 rows=10 width=121)
	        Index Cond: ((id >= 8758213) AND (id <= 8758222))

table 8 : explain SELECT c FROM sbtest8 WHERE id BETWEEN 4111329 AND 4111338 ORDER BY c
	Sort  (cost=38.47..38.50 rows=10 width=121)
	  Sort Key: c
	  ->  Index Scan using sbtest8_pkey on sbtest8  (cost=0.43..38.30 rows=10 width=121)
	        Index Cond: ((id >= 4111329) AND (id <= 4111338))

for deletes
table 1 : explain DELETE FROM sbtest1 WHERE id=199038
	Delete on sbtest1  (cost=0.43..8.45 rows=1 width=6)
	  ->  Index Scan using sbtest1_pkey on sbtest1  (cost=0.43..8.45 rows=1 width=6)
	        Index Cond: (id = 199038)

table 2 : explain DELETE FROM sbtest2 WHERE id=5528063
	Delete on sbtest2  (cost=0.43..8.45 rows=1 width=6)
	  ->  Index Scan using sbtest2_pkey on sbtest2  (cost=0.43..8.45 rows=1 width=6)
	        Index Cond: (id = 5528063)

table 3 : explain DELETE FROM sbtest3 WHERE id=6555262
	Delete on sbtest3  (cost=0.43..8.45 rows=1 width=6)
	  ->  Index Scan using sbtest3_pkey on sbtest3  (cost=0.43..8.45 rows=1 width=6)
	        Index Cond: (id = 6555262)

table 4 : explain DELETE FROM sbtest4 WHERE id=267990
	Delete on sbtest4  (cost=0.43..8.45 rows=1 width=6)
	  ->  Index Scan using sbtest4_pkey on sbtest4  (cost=0.43..8.45 rows=1 width=6)
	        Index Cond: (id = 267990)

table 5 : explain DELETE FROM sbtest5 WHERE id=4201223
	Delete on sbtest5  (cost=0.43..8.45 rows=1 width=6)
	  ->  Index Scan using sbtest5_pkey on sbtest5  (cost=0.43..8.45 rows=1 width=6)
	        Index Cond: (id = 4201223)

table 6 : explain DELETE FROM sbtest6 WHERE id=1595227
	Delete on sbtest6  (cost=0.43..8.45 rows=1 width=6)
	  ->  Index Scan using sbtest6_pkey on sbtest6  (cost=0.43..8.45 rows=1 width=6)
	        Index Cond: (id = 1595227)

table 7 : explain DELETE FROM sbtest7 WHERE id=544764
	Delete on sbtest7  (cost=0.43..8.45 rows=1 width=6)
	  ->  Index Scan using sbtest7_pkey on sbtest7  (cost=0.43..8.45 rows=1 width=6)
	        Index Cond: (id = 544764)

table 8 : explain DELETE FROM sbtest8 WHERE id=3291272
	Delete on sbtest8  (cost=0.43..8.45 rows=1 width=6)
	  ->  Index Scan using sbtest8_pkey on sbtest8  (cost=0.43..8.45 rows=1 width=6)
	        Index Cond: (id = 3291272)
explain: for index_updates :: explain UPDATE sbtest%u SET k=k+1 WHERE id=%u
explain: for inserts :: explain INSERT INTO sbtest%u (id, k, c, pad) VALUES (%u, 13, 'foobar', 'foobar')

for index_updates
table 1 : explain UPDATE sbtest1 SET k=k+1 WHERE id=4224776
	Update on sbtest1  (cost=0.43..8.46 rows=1 width=196)
	  ->  Index Scan using sbtest1_pkey on sbtest1  (cost=0.43..8.46 rows=1 width=196)
	        Index Cond: (id = 4224776)

table 2 : explain UPDATE sbtest2 SET k=k+1 WHERE id=3426171
	Update on sbtest2  (cost=0.43..8.46 rows=1 width=196)
	  ->  Index Scan using sbtest2_pkey on sbtest2  (cost=0.43..8.46 rows=1 width=196)
	        Index Cond: (id = 3426171)

table 3 : explain UPDATE sbtest3 SET k=k+1 WHERE id=493228
	Update on sbtest3  (cost=0.43..8.46 rows=1 width=196)
	  ->  Index Scan using sbtest3_pkey on sbtest3  (cost=0.43..8.46 rows=1 width=196)
	        Index Cond: (id = 493228)

table 4 : explain UPDATE sbtest4 SET k=k+1 WHERE id=6851445
	Update on sbtest4  (cost=0.43..8.46 rows=1 width=196)
	  ->  Index Scan using sbtest4_pkey on sbtest4  (cost=0.43..8.46 rows=1 width=196)
	        Index Cond: (id = 6851445)

table 5 : explain UPDATE sbtest5 SET k=k+1 WHERE id=4472368
	Update on sbtest5  (cost=0.43..8.46 rows=1 width=196)
	  ->  Index Scan using sbtest5_pkey on sbtest5  (cost=0.43..8.46 rows=1 width=196)
	        Index Cond: (id = 4472368)

table 6 : explain UPDATE sbtest6 SET k=k+1 WHERE id=931464
	Update on sbtest6  (cost=0.43..8.46 rows=1 width=196)
	  ->  Index Scan using sbtest6_pkey on sbtest6  (cost=0.43..8.46 rows=1 width=196)
	        Index Cond: (id = 931464)

table 7 : explain UPDATE sbtest7 SET k=k+1 WHERE id=602070
	Update on sbtest7  (cost=0.43..8.46 rows=1 width=196)
	  ->  Index Scan using sbtest7_pkey on sbtest7  (cost=0.43..8.46 rows=1 width=196)
	        Index Cond: (id = 602070)

table 8 : explain UPDATE sbtest8 SET k=k+1 WHERE id=5446210
	Update on sbtest8  (cost=0.43..8.46 rows=1 width=196)
	  ->  Index Scan using sbtest8_pkey on sbtest8  (cost=0.43..8.46 rows=1 width=196)
	        Index Cond: (id = 5446210)

for point_selects
table 1 : explain SELECT c FROM sbtest1 WHERE id=672766
	Index Scan using sbtest1_pkey on sbtest1  (cost=0.43..8.45 rows=1 width=121)
	  Index Cond: (id = 672766)

table 2 : explain SELECT c FROM sbtest2 WHERE id=1101820
	Index Scan using sbtest2_pkey on sbtest2  (cost=0.43..8.45 rows=1 width=121)
	  Index Cond: (id = 1101820)

table 3 : explain SELECT c FROM sbtest3 WHERE id=1478577
	Index Scan using sbtest3_pkey on sbtest3  (cost=0.43..8.45 rows=1 width=121)
	  Index Cond: (id = 1478577)

table 4 : explain SELECT c FROM sbtest4 WHERE id=8559554
	Index Scan using sbtest4_pkey on sbtest4  (cost=0.43..8.45 rows=1 width=121)
	  Index Cond: (id = 8559554)

table 5 : explain SELECT c FROM sbtest5 WHERE id=6923904
	Index Scan using sbtest5_pkey on sbtest5  (cost=0.43..8.45 rows=1 width=121)
	  Index Cond: (id = 6923904)

table 6 : explain SELECT c FROM sbtest6 WHERE id=6389428
	Index Scan using sbtest6_pkey on sbtest6  (cost=0.43..8.45 rows=1 width=121)
	  Index Cond: (id = 6389428)

table 7 : explain SELECT c FROM sbtest7 WHERE id=2660907
	Index Scan using sbtest7_pkey on sbtest7  (cost=0.43..8.45 rows=1 width=121)
	  Index Cond: (id = 2660907)

table 8 : explain SELECT c FROM sbtest8 WHERE id=3493619
	Index Scan using sbtest8_pkey on sbtest8  (cost=0.43..8.45 rows=1 width=121)
	  Index Cond: (id = 3493619)

explain: for index_updates :: explain UPDATE sbtest%u SET k=k+1 WHERE id=%u
explain: for index_updates :: explain UPDATE sbtest%u SET k=k+1 WHERE id=%u
explain: for index_updates :: explain UPDATE sbtest%u SET k=k+1 WHERE id=%u
for point_selects
table 1 : explain SELECT c FROM sbtest1 WHERE id=9195722
	Index Scan using sbtest1_pkey on sbtest1  (cost=0.43..8.45 rows=1 width=121)
	  Index Cond: (id = 9195722)

table 2 : explain SELECT c FROM sbtest2 WHERE id=3239943
	Index Scan using sbtest2_pkey on sbtest2  (cost=0.43..8.45 rows=1 width=121)
	  Index Cond: (id = 3239943)

table 3 : explain SELECT c FROM sbtest3 WHERE id=6957996
	Index Scan using sbtest3_pkey on sbtest3  (cost=0.43..8.45 rows=1 width=121)
	  Index Cond: (id = 6957996)

table 4 : explain SELECT c FROM sbtest4 WHERE id=1051835
	Index Scan using sbtest4_pkey on sbtest4  (cost=0.43..8.45 rows=1 width=121)
	  Index Cond: (id = 1051835)

table 5 : explain SELECT c FROM sbtest5 WHERE id=6982614
	Index Scan using sbtest5_pkey on sbtest5  (cost=0.43..8.45 rows=1 width=121)
	  Index Cond: (id = 6982614)

table 6 : explain SELECT c FROM sbtest6 WHERE id=4986767
	Index Scan using sbtest6_pkey on sbtest6  (cost=0.43..8.45 rows=1 width=121)
	  Index Cond: (id = 4986767)

table 7 : explain SELECT c FROM sbtest7 WHERE id=377721
	Index Scan using sbtest7_pkey on sbtest7  (cost=0.43..8.45 rows=1 width=121)
	  Index Cond: (id = 377721)

table 8 : explain SELECT c FROM sbtest8 WHERE id=1141795
	Index Scan using sbtest8_pkey on sbtest8  (cost=0.43..8.45 rows=1 width=121)
	  Index Cond: (id = 1141795)

explain: for inserts :: explain INSERT INTO sbtest%u (id, k, c, pad) VALUES (%u, 13, 'foobar', 'foobar')
explain: for non_index_updates :: explain UPDATE sbtest%u SET c='foobar' WHERE id=%u
for: distinct_ranges
table 1 : explain SELECT DISTINCT c FROM sbtest1 WHERE id BETWEEN 2623545 AND 2623554 ORDER BY c
	Unique  (cost=35.32..35.37 rows=9 width=121)
	  ->  Sort  (cost=35.32..35.34 rows=9 width=121)
	        Sort Key: c
	        ->  Index Scan using sbtest1_pkey on sbtest1  (cost=0.43..35.18 rows=9 width=121)
	              Index Cond: ((id >= 2623545) AND (id <= 2623554))

table 2 : explain SELECT DISTINCT c FROM sbtest2 WHERE id BETWEEN 7419758 AND 7419767 ORDER BY c
	Unique  (cost=35.23..35.28 rows=9 width=121)
	  ->  Sort  (cost=35.23..35.25 rows=9 width=121)
	        Sort Key: c
	        ->  Index Scan using sbtest2_pkey on sbtest2  (cost=0.43..35.09 rows=9 width=121)
	              Index Cond: ((id >= 7419758) AND (id <= 7419767))

table 3 : explain SELECT DISTINCT c FROM sbtest3 WHERE id BETWEEN 6631130 AND 6631139 ORDER BY c
	Unique  (cost=42.14..42.19 rows=11 width=121)
	  ->  Sort  (cost=42.14..42.16 rows=11 width=121)
	        Sort Key: c
	        ->  Index Scan using sbtest3_pkey on sbtest3  (cost=0.43..41.95 rows=11 width=121)
	              Index Cond: ((id >= 6631130) AND (id <= 6631139))

table 4 : explain SELECT DISTINCT c FROM sbtest4 WHERE id BETWEEN 9188161 AND 9188170 ORDER BY c
	Unique  (cost=38.90..38.95 rows=10 width=121)
	  ->  Sort  (cost=38.90..38.92 rows=10 width=121)
	        Sort Key: c
	        ->  Index Scan using sbtest4_pkey on sbtest4  (cost=0.43..38.73 rows=10 width=121)
	              Index Cond: ((id >= 9188161) AND (id <= 9188170))

table 5 : explain SELECT DISTINCT c FROM sbtest5 WHERE id BETWEEN 2560841 AND 2560850 ORDER BY c
	Unique  (cost=42.08..42.13 rows=11 width=121)
	  ->  Sort  (cost=42.08..42.10 rows=11 width=121)
	        Sort Key: c
	        ->  Index Scan using sbtest5_pkey on sbtest5  (cost=0.43..41.89 rows=11 width=121)
	              Index Cond: ((id >= 2560841) AND (id <= 2560850))

table 6 : explain SELECT DISTINCT c FROM sbtest6 WHERE id BETWEEN 6905676 AND 6905685 ORDER BY c
	Unique  (cost=39.36..39.41 rows=10 width=121)
	  ->  Sort  (cost=39.36..39.38 rows=10 width=121)
	        Sort Key: c
	        ->  Index Scan using sbtest6_pkey on sbtest6  (cost=0.43..39.19 rows=10 width=121)
	              Index Cond: ((id >= 6905676) AND (id <= 6905685))

table 7 : explain SELECT DISTINCT c FROM sbtest7 WHERE id BETWEEN 2346119 AND 2346128 ORDER BY c
	Unique  (cost=35.35..35.39 rows=9 width=121)
	  ->  Sort  (cost=35.35..35.37 rows=9 width=121)
	        Sort Key: c
	        ->  Index Scan using sbtest7_pkey on sbtest7  (cost=0.43..35.20 rows=9 width=121)
	              Index Cond: ((id >= 2346119) AND (id <= 2346128))

table 8 : explain SELECT DISTINCT c FROM sbtest8 WHERE id BETWEEN 326538 AND 326547 ORDER BY c
	Unique  (cost=41.81..41.87 rows=11 width=121)
	  ->  Sort  (cost=41.81..41.84 rows=11 width=121)
	        Sort Key: c
	        ->  Index Scan using sbtest8_pkey on sbtest8  (cost=0.43..41.62 rows=11 width=121)
	              Index Cond: ((id >= 326538) AND (id <= 326547))

for inserts
table 1 : explain INSERT INTO sbtest1 (id, k, c, pad) VALUES (1259680, 13, 'foobar', 'foobar')
	Insert on sbtest1  (cost=0.00..0.01 rows=1 width=736)
	  ->  Result  (cost=0.00..0.01 rows=1 width=736)

table 2 : explain INSERT INTO sbtest2 (id, k, c, pad) VALUES (4696375, 13, 'foobar', 'foobar')
	Insert on sbtest2  (cost=0.00..0.01 rows=1 width=736)
	  ->  Result  (cost=0.00..0.01 rows=1 width=736)

table 3 : explain INSERT INTO sbtest3 (id, k, c, pad) VALUES (3573770, 13, 'foobar', 'foobar')
	Insert on sbtest3  (cost=0.00..0.01 rows=1 width=736)
	  ->  Result  (cost=0.00..0.01 rows=1 width=736)

table 4 : explain INSERT INTO sbtest4 (id, k, c, pad) VALUES (2390121, 13, 'foobar', 'foobar')
	Insert on sbtest4  (cost=0.00..0.01 rows=1 width=736)
	  ->  Result  (cost=0.00..0.01 rows=1 width=736)

table 5 : explain INSERT INTO sbtest5 (id, k, c, pad) VALUES (2413473, 13, 'foobar', 'foobar')
	Insert on sbtest5  (cost=0.00..0.01 rows=1 width=736)
	  ->  Result  (cost=0.00..0.01 rows=1 width=736)

table 6 : explain INSERT INTO sbtest6 (id, k, c, pad) VALUES (962533, 13, 'foobar', 'foobar')
	Insert on sbtest6  (cost=0.00..0.01 rows=1 width=736)
	  ->  Result  (cost=0.00..0.01 rows=1 width=736)

table 7 : explain INSERT INTO sbtest7 (id, k, c, pad) VALUES (7057574, 13, 'foobar', 'foobar')
	Insert on sbtest7  (cost=0.00..0.01 rows=1 width=736)
	  ->  Result  (cost=0.00..0.01 rows=1 width=736)

table 8 : explain INSERT INTO sbtest8 (id, k, c, pad) VALUES (2728790, 13, 'foobar', 'foobar')
	Insert on sbtest8  (cost=0.00..0.01 rows=1 width=736)
	  ->  Result  (cost=0.00..0.01 rows=1 width=736)

explain: for point_selects :: explain SELECT c FROM sbtest%u WHERE id=%u
for non_index_updates
table 1 : explain UPDATE sbtest1 SET c='foobar' WHERE id=281167
	Update on sbtest1  (cost=0.43..8.45 rows=1 width=559)
	  ->  Index Scan using sbtest1_pkey on sbtest1  (cost=0.43..8.45 rows=1 width=559)
	        Index Cond: (id = 281167)

table 2 : explain UPDATE sbtest2 SET c='foobar' WHERE id=1638671
	Update on sbtest2  (cost=0.43..8.45 rows=1 width=559)
	  ->  Index Scan using sbtest2_pkey on sbtest2  (cost=0.43..8.45 rows=1 width=559)
	        Index Cond: (id = 1638671)

table 3 : explain UPDATE sbtest3 SET c='foobar' WHERE id=695491
	Update on sbtest3  (cost=0.43..8.45 rows=1 width=559)
	  ->  Index Scan using sbtest3_pkey on sbtest3  (cost=0.43..8.45 rows=1 width=559)
	        Index Cond: (id = 695491)

table 4 : explain UPDATE sbtest4 SET c='foobar' WHERE id=217858
	Update on sbtest4  (cost=0.43..8.45 rows=1 width=559)
	  ->  Index Scan using sbtest4_pkey on sbtest4  (cost=0.43..8.45 rows=1 width=559)
	        Index Cond: (id = 217858)

table 5 : explain UPDATE sbtest5 SET c='foobar' WHERE id=5089237
	Update on sbtest5  (cost=0.43..8.45 rows=1 width=559)
	  ->  Index Scan using sbtest5_pkey on sbtest5  (cost=0.43..8.45 rows=1 width=559)
	        Index Cond: (id = 5089237)

table 6 : explain UPDATE sbtest6 SET c='foobar' WHERE id=8938127
	Update on sbtest6  (cost=0.43..8.45 rows=1 width=559)
	  ->  Index Scan using sbtest6_pkey on sbtest6  (cost=0.43..8.45 rows=1 width=559)
	        Index Cond: (id = 8938127)

table 7 : explain UPDATE sbtest7 SET c='foobar' WHERE id=7564456
	Update on sbtest7  (cost=0.43..8.45 rows=1 width=559)
	  ->  Index Scan using sbtest7_pkey on sbtest7  (cost=0.43..8.45 rows=1 width=559)
	        Index Cond: (id = 7564456)

table 8 : explain UPDATE sbtest8 SET c='foobar' WHERE id=2059794
	Update on sbtest8  (cost=0.43..8.45 rows=1 width=559)
	  ->  Index Scan using sbtest8_pkey on sbtest8  (cost=0.43..8.45 rows=1 width=559)
	        Index Cond: (id = 2059794)

for inserts
table 1 : explain INSERT INTO sbtest1 (id, k, c, pad) VALUES (4780524, 13, 'foobar', 'foobar')
	Insert on sbtest1  (cost=0.00..0.01 rows=1 width=736)
	  ->  Result  (cost=0.00..0.01 rows=1 width=736)

table 2 : explain INSERT INTO sbtest2 (id, k, c, pad) VALUES (1337668, 13, 'foobar', 'foobar')
	Insert on sbtest2  (cost=0.00..0.01 rows=1 width=736)
	  ->  Result  (cost=0.00..0.01 rows=1 width=736)

table 3 : explain INSERT INTO sbtest3 (id, k, c, pad) VALUES (6093635, 13, 'foobar', 'foobar')
	Insert on sbtest3  (cost=0.00..0.01 rows=1 width=736)
	  ->  Result  (cost=0.00..0.01 rows=1 width=736)

table 4 : explain INSERT INTO sbtest4 (id, k, c, pad) VALUES (6393978, 13, 'foobar', 'foobar')
	Insert on sbtest4  (cost=0.00..0.01 rows=1 width=736)
	  ->  Result  (cost=0.00..0.01 rows=1 width=736)

table 5 : explain INSERT INTO sbtest5 (id, k, c, pad) VALUES (3809811, 13, 'foobar', 'foobar')
	Insert on sbtest5  (cost=0.00..0.01 rows=1 width=736)
	  ->  Result  (cost=0.00..0.01 rows=1 width=736)

table 6 : explain INSERT INTO sbtest6 (id, k, c, pad) VALUES (442075, 13, 'foobar', 'foobar')
	Insert on sbtest6  (cost=0.00..0.01 rows=1 width=736)
	  ->  Result  (cost=0.00..0.01 rows=1 width=736)

table 7 : explain INSERT INTO sbtest7 (id, k, c, pad) VALUES (2991853, 13, 'foobar', 'foobar')
	Insert on sbtest7  (cost=0.00..0.01 rows=1 width=736)
	  ->  Result  (cost=0.00..0.01 rows=1 width=736)

table 8 : explain INSERT INTO sbtest8 (id, k, c, pad) VALUES (3993060, 13, 'foobar', 'foobar')
	Insert on sbtest8  (cost=0.00..0.01 rows=1 width=736)
	  ->  Result  (cost=0.00..0.01 rows=1 width=736)

for: simple_ranges
table 1 : explain SELECT c FROM sbtest1 WHERE id BETWEEN 5434951 AND 5434960
	Index Scan using sbtest1_pkey on sbtest1  (cost=0.43..41.86 rows=11 width=121)
	  Index Cond: ((id >= 5434951) AND (id <= 5434960))

table 2 : explain SELECT c FROM sbtest2 WHERE id BETWEEN 7809575 AND 7809584
	Index Scan using sbtest2_pkey on sbtest2  (cost=0.43..38.42 rows=10 width=121)
	  Index Cond: ((id >= 7809575) AND (id <= 7809584))

table 3 : explain SELECT c FROM sbtest3 WHERE id BETWEEN 156763 AND 156772
	Index Scan using sbtest3_pkey on sbtest3  (cost=0.43..38.60 rows=10 width=121)
	  Index Cond: ((id >= 156763) AND (id <= 156772))

table 4 : explain SELECT c FROM sbtest4 WHERE id BETWEEN 4114387 AND 4114396
	Index Scan using sbtest4_pkey on sbtest4  (cost=0.43..35.37 rows=9 width=121)
	  Index Cond: ((id >= 4114387) AND (id <= 4114396))

table 5 : explain SELECT c FROM sbtest5 WHERE id BETWEEN 5973240 AND 5973249
	Index Scan using sbtest5_pkey on sbtest5  (cost=0.43..38.54 rows=10 width=121)
	  Index Cond: ((id >= 5973240) AND (id <= 5973249))

table 6 : explain SELECT c FROM sbtest6 WHERE id BETWEEN 8833983 AND 8833992
	Index Scan using sbtest6_pkey on sbtest6  (cost=0.43..39.19 rows=10 width=121)
	  Index Cond: ((id >= 8833983) AND (id <= 8833992))

table 7 : explain SELECT c FROM sbtest7 WHERE id BETWEEN 7530373 AND 7530382
	Index Scan using sbtest7_pkey on sbtest7  (cost=0.43..35.20 rows=9 width=121)
	  Index Cond: ((id >= 7530373) AND (id <= 7530382))

table 8 : explain SELECT c FROM sbtest8 WHERE id BETWEEN 5958835 AND 5958844
	Index Scan using sbtest8_pkey on sbtest8  (cost=0.43..41.62 rows=11 width=121)
	  Index Cond: ((id >= 5958835) AND (id <= 5958844))

for: simple_ranges
table 1 : explain SELECT c FROM sbtest1 WHERE id BETWEEN 4525946 AND 4525955
	Index Scan using sbtest1_pkey on sbtest1  (cost=0.43..38.52 rows=10 width=121)
	  Index Cond: ((id >= 4525946) AND (id <= 4525955))

table 2 : explain SELECT c FROM sbtest2 WHERE id BETWEEN 3398364 AND 3398373
	Index Scan using sbtest2_pkey on sbtest2  (cost=0.43..38.42 rows=10 width=121)
	  Index Cond: ((id >= 3398364) AND (id <= 3398373))

table 3 : explain SELECT c FROM sbtest3 WHERE id BETWEEN 4284174 AND 4284183
	Index Scan using sbtest3_pkey on sbtest3  (cost=0.43..38.60 rows=10 width=121)
	  Index Cond: ((id >= 4284174) AND (id <= 4284183))

table 4 : explain SELECT c FROM sbtest4 WHERE id BETWEEN 8444654 AND 8444663
	Index Scan using sbtest4_pkey on sbtest4  (cost=0.43..38.73 rows=10 width=121)
	  Index Cond: ((id >= 8444654) AND (id <= 8444663))

table 5 : explain SELECT c FROM sbtest5 WHERE id BETWEEN 8053943 AND 8053952
	Index Scan using sbtest5_pkey on sbtest5  (cost=0.43..38.54 rows=10 width=121)
	  Index Cond: ((id >= 8053943) AND (id <= 8053952))

table 6 : explain SELECT c FROM sbtest6 WHERE id BETWEEN 9351944 AND 9351953
	Index Scan using sbtest6_pkey on sbtest6  (cost=0.43..35.77 rows=9 width=121)
	  Index Cond: ((id >= 9351944) AND (id <= 9351953))

table 7 : explain SELECT c FROM sbtest7 WHERE id BETWEEN 6425093 AND 6425102
	Index Scan using sbtest7_pkey on sbtest7  (cost=0.43..41.89 rows=11 width=121)
	  Index Cond: ((id >= 6425093) AND (id <= 6425102))

table 8 : explain SELECT c FROM sbtest8 WHERE id BETWEEN 7899829 AND 7899838
	Index Scan using sbtest8_pkey on sbtest8  (cost=0.43..34.99 rows=9 width=121)
	  Index Cond: ((id >= 7899829) AND (id <= 7899838))

for: sum_ranges
table 1 : explain SELECT SUM(k) FROM sbtest1 WHERE id BETWEEN 2239332 AND 2239341
	Aggregate  (cost=41.89..41.90 rows=1 width=8)
	  ->  Index Scan using sbtest1_pkey on sbtest1  (cost=0.43..41.86 rows=11 width=4)
	        Index Cond: ((id >= 2239332) AND (id <= 2239341))

table 2 : explain SELECT SUM(k) FROM sbtest2 WHERE id BETWEEN 8453869 AND 8453878
	Aggregate  (cost=35.11..35.12 rows=1 width=8)
	  ->  Index Scan using sbtest2_pkey on sbtest2  (cost=0.43..35.09 rows=9 width=4)
	        Index Cond: ((id >= 8453869) AND (id <= 8453878))

table 3 : explain SELECT SUM(k) FROM sbtest3 WHERE id BETWEEN 5349787 AND 5349796
	Aggregate  (cost=38.62..38.63 rows=1 width=8)
	  ->  Index Scan using sbtest3_pkey on sbtest3  (cost=0.43..38.60 rows=10 width=4)
	        Index Cond: ((id >= 5349787) AND (id <= 5349796))

table 4 : explain SELECT SUM(k) FROM sbtest4 WHERE id BETWEEN 197023 AND 197032
	Aggregate  (cost=38.76..38.77 rows=1 width=8)
	  ->  Index Scan using sbtest4_pkey on sbtest4  (cost=0.43..38.73 rows=10 width=4)
	        Index Cond: ((id >= 197023) AND (id <= 197032))

table 5 : explain SELECT SUM(k) FROM sbtest5 WHERE id BETWEEN 4226731 AND 4226740
	Aggregate  (cost=38.57..38.58 rows=1 width=8)
	  ->  Index Scan using sbtest5_pkey on sbtest5  (cost=0.43..38.54 rows=10 width=4)
	        Index Cond: ((id >= 4226731) AND (id <= 4226740))

table 6 : explain SELECT SUM(k) FROM sbtest6 WHERE id BETWEEN 2335242 AND 2335251
	Aggregate  (cost=42.63..42.64 rows=1 width=8)
	  ->  Index Scan using sbtest6_pkey on sbtest6  (cost=0.43..42.60 rows=11 width=4)
	        Index Cond: ((id >= 2335242) AND (id <= 2335251))

table 7 : explain SELECT SUM(k) FROM sbtest7 WHERE id BETWEEN 9573820 AND 9573829
	Aggregate  (cost=38.57..38.58 rows=1 width=8)
	  ->  Index Scan using sbtest7_pkey on sbtest7  (cost=0.43..38.55 rows=10 width=4)
	        Index Cond: ((id >= 9573820) AND (id <= 9573829))

table 8 : explain SELECT SUM(k) FROM sbtest8 WHERE id BETWEEN 1906414 AND 1906423
	Aggregate  (cost=41.65..41.66 rows=1 width=8)
	  ->  Index Scan using sbtest8_pkey on sbtest8  (cost=0.43..41.62 rows=11 width=4)
	        Index Cond: ((id >= 1906414) AND (id <= 1906423))
for index_updates
table 1 : explain UPDATE sbtest1 SET k=k+1 WHERE id=7025608
	Update on sbtest1  (cost=0.43..8.46 rows=1 width=196)
	  ->  Index Scan using sbtest1_pkey on sbtest1  (cost=0.43..8.46 rows=1 width=196)
	        Index Cond: (id = 7025608)

table 2 : explain UPDATE sbtest2 SET k=k+1 WHERE id=4757370
	Update on sbtest2  (cost=0.43..8.46 rows=1 width=196)
	  ->  Index Scan using sbtest2_pkey on sbtest2  (cost=0.43..8.46 rows=1 width=196)
	        Index Cond: (id = 4757370)

table 3 : explain UPDATE sbtest3 SET k=k+1 WHERE id=8695147
	Update on sbtest3  (cost=0.43..8.46 rows=1 width=196)
	  ->  Index Scan using sbtest3_pkey on sbtest3  (cost=0.43..8.46 rows=1 width=196)
	        Index Cond: (id = 8695147)

table 4 : explain UPDATE sbtest4 SET k=k+1 WHERE id=9442434
	Update on sbtest4  (cost=0.43..8.46 rows=1 width=196)
	  ->  Index Scan using sbtest4_pkey on sbtest4  (cost=0.43..8.46 rows=1 width=196)
	        Index Cond: (id = 9442434)

table 5 : explain UPDATE sbtest5 SET k=k+1 WHERE id=5334045
	Update on sbtest5  (cost=0.43..8.46 rows=1 width=196)
	  ->  Index Scan using sbtest5_pkey on sbtest5  (cost=0.43..8.46 rows=1 width=196)
	        Index Cond: (id = 5334045)

table 6 : explain UPDATE sbtest6 SET k=k+1 WHERE id=5308981
	Update on sbtest6  (cost=0.43..8.46 rows=1 width=196)
	  ->  Index Scan using sbtest6_pkey on sbtest6  (cost=0.43..8.46 rows=1 width=196)
	        Index Cond: (id = 5308981)

table 7 : explain UPDATE sbtest7 SET k=k+1 WHERE id=789678
	Update on sbtest7  (cost=0.43..8.46 rows=1 width=196)
	  ->  Index Scan using sbtest7_pkey on sbtest7  (cost=0.43..8.46 rows=1 width=196)
	        Index Cond: (id = 789678)

table 8 : explain UPDATE sbtest8 SET k=k+1 WHERE id=1076990
	Update on sbtest8  (cost=0.43..8.46 rows=1 width=196)
	  ->  Index Scan using sbtest8_pkey on sbtest8  (cost=0.43..8.46 rows=1 width=196)
	        Index Cond: (id = 1076990)

for index_updates
table 1 : explain UPDATE sbtest1 SET k=k+1 WHERE id=3067514
	Update on sbtest1  (cost=0.43..8.46 rows=1 width=196)
	  ->  Index Scan using sbtest1_pkey on sbtest1  (cost=0.43..8.46 rows=1 width=196)
	        Index Cond: (id = 3067514)

table 2 : explain UPDATE sbtest2 SET k=k+1 WHERE id=8787549
	Update on sbtest2  (cost=0.43..8.46 rows=1 width=196)
	  ->  Index Scan using sbtest2_pkey on sbtest2  (cost=0.43..8.46 rows=1 width=196)
	        Index Cond: (id = 8787549)

table 3 : explain UPDATE sbtest3 SET k=k+1 WHERE id=8594605
	Update on sbtest3  (cost=0.43..8.46 rows=1 width=196)
	  ->  Index Scan using sbtest3_pkey on sbtest3  (cost=0.43..8.46 rows=1 width=196)
	        Index Cond: (id = 8594605)

table 4 : explain UPDATE sbtest4 SET k=k+1 WHERE id=8411886
	Update on sbtest4  (cost=0.43..8.46 rows=1 width=196)
	  ->  Index Scan using sbtest4_pkey on sbtest4  (cost=0.43..8.46 rows=1 width=196)
	        Index Cond: (id = 8411886)

table 5 : explain UPDATE sbtest5 SET k=k+1 WHERE id=4263761
	Update on sbtest5  (cost=0.43..8.46 rows=1 width=196)
	  ->  Index Scan using sbtest5_pkey on sbtest5  (cost=0.43..8.46 rows=1 width=196)
	        Index Cond: (id = 4263761)

table 6 : explain UPDATE sbtest6 SET k=k+1 WHERE id=4565061
	Update on sbtest6  (cost=0.43..8.46 rows=1 width=196)
	  ->  Index Scan using sbtest6_pkey on sbtest6  (cost=0.43..8.46 rows=1 width=196)
	        Index Cond: (id = 4565061)

table 7 : explain UPDATE sbtest7 SET k=k+1 WHERE id=3333794
	Update on sbtest7  (cost=0.43..8.46 rows=1 width=196)
	  ->  Index Scan using sbtest7_pkey on sbtest7  (cost=0.43..8.46 rows=1 width=196)
	        Index Cond: (id = 3333794)

table 8 : explain UPDATE sbtest8 SET k=k+1 WHERE id=9077728
	Update on sbtest8  (cost=0.43..8.46 rows=1 width=196)
	  ->  Index Scan using sbtest8_pkey on sbtest8  (cost=0.43..8.46 rows=1 width=196)
	        Index Cond: (id = 9077728)


for index_updates
table 1 : explain UPDATE sbtest1 SET k=k+1 WHERE id=9630328
	Update on sbtest1  (cost=0.43..8.46 rows=1 width=196)
	  ->  Index Scan using sbtest1_pkey on sbtest1  (cost=0.43..8.46 rows=1 width=196)
	        Index Cond: (id = 9630328)

table 2 : explain UPDATE sbtest2 SET k=k+1 WHERE id=598176
	Update on sbtest2  (cost=0.43..8.46 rows=1 width=196)
	  ->  Index Scan using sbtest2_pkey on sbtest2  (cost=0.43..8.46 rows=1 width=196)
	        Index Cond: (id = 598176)

table 3 : explain UPDATE sbtest3 SET k=k+1 WHERE id=3542081
	Update on sbtest3  (cost=0.43..8.46 rows=1 width=196)
	  ->  Index Scan using sbtest3_pkey on sbtest3  (cost=0.43..8.46 rows=1 width=196)
	        Index Cond: (id = 3542081)

table 4 : explain UPDATE sbtest4 SET k=k+1 WHERE id=9938183
	Update on sbtest4  (cost=0.43..8.46 rows=1 width=196)
	  ->  Index Scan using sbtest4_pkey on sbtest4  (cost=0.43..8.46 rows=1 width=196)
	        Index Cond: (id = 9938183)

table 5 : explain UPDATE sbtest5 SET k=k+1 WHERE id=7839334
	Update on sbtest5  (cost=0.43..8.46 rows=1 width=196)
	  ->  Index Scan using sbtest5_pkey on sbtest5  (cost=0.43..8.46 rows=1 width=196)
	        Index Cond: (id = 7839334)

table 6 : explain UPDATE sbtest6 SET k=k+1 WHERE id=79889
	Update on sbtest6  (cost=0.43..8.46 rows=1 width=196)
	  ->  Index Scan using sbtest6_pkey on sbtest6  (cost=0.43..8.46 rows=1 width=196)
	        Index Cond: (id = 79889)

table 7 : explain UPDATE sbtest7 SET k=k+1 WHERE id=3623380
	Update on sbtest7  (cost=0.43..8.46 rows=1 width=196)
	  ->  Index Scan using sbtest7_pkey on sbtest7  (cost=0.43..8.46 rows=1 width=196)
	        Index Cond: (id = 3623380)

table 8 : explain UPDATE sbtest8 SET k=k+1 WHERE id=8403979
	Update on sbtest8  (cost=0.43..8.46 rows=1 width=196)
	  ->  Index Scan using sbtest8_pkey on sbtest8  (cost=0.43..8.46 rows=1 width=196)
	        Index Cond: (id = 8403979)

for non_index_updates
table 1 : explain UPDATE sbtest1 SET c='foobar' WHERE id=1275959
	Update on sbtest1  (cost=0.43..8.45 rows=1 width=559)
	  ->  Index Scan using sbtest1_pkey on sbtest1  (cost=0.43..8.45 rows=1 width=559)
	        Index Cond: (id = 1275959)

table 2 : explain UPDATE sbtest2 SET c='foobar' WHERE id=2640405
	Update on sbtest2  (cost=0.43..8.45 rows=1 width=559)
	  ->  Index Scan using sbtest2_pkey on sbtest2  (cost=0.43..8.45 rows=1 width=559)
	        Index Cond: (id = 2640405)

table 3 : explain UPDATE sbtest3 SET c='foobar' WHERE id=6724403
	Update on sbtest3  (cost=0.43..8.45 rows=1 width=559)
	  ->  Index Scan using sbtest3_pkey on sbtest3  (cost=0.43..8.45 rows=1 width=559)
	        Index Cond: (id = 6724403)

table 4 : explain UPDATE sbtest4 SET c='foobar' WHERE id=6180496
	Update on sbtest4  (cost=0.43..8.45 rows=1 width=559)
	  ->  Index Scan using sbtest4_pkey on sbtest4  (cost=0.43..8.45 rows=1 width=559)
	        Index Cond: (id = 6180496)

table 5 : explain UPDATE sbtest5 SET c='foobar' WHERE id=1485796
	Update on sbtest5  (cost=0.43..8.45 rows=1 width=559)
	  ->  Index Scan using sbtest5_pkey on sbtest5  (cost=0.43..8.45 rows=1 width=559)
	        Index Cond: (id = 1485796)

table 6 : explain UPDATE sbtest6 SET c='foobar' WHERE id=4382602
	Update on sbtest6  (cost=0.43..8.45 rows=1 width=559)
	  ->  Index Scan using sbtest6_pkey on sbtest6  (cost=0.43..8.45 rows=1 width=559)
	        Index Cond: (id = 4382602)

table 7 : explain UPDATE sbtest7 SET c='foobar' WHERE id=2423385
	Update on sbtest7  (cost=0.43..8.45 rows=1 width=559)
	  ->  Index Scan using sbtest7_pkey on sbtest7  (cost=0.43..8.45 rows=1 width=559)
	        Index Cond: (id = 2423385)

table 8 : explain UPDATE sbtest8 SET c='foobar' WHERE id=6256710
	Update on sbtest8  (cost=0.43..8.45 rows=1 width=559)
	  ->  Index Scan using sbtest8_pkey on sbtest8  (cost=0.43..8.45 rows=1 width=559)
	        Index Cond: (id = 6256710)
explain: for point_selects :: explain SELECT c FROM sbtest%u WHERE id=%ufor: distinct_ranges
table 1 : explain SELECT DISTINCT c FROM sbtest1 WHERE id BETWEEN 1286640 AND 1286649 ORDER BY c
	Unique  (cost=38.68..38.73 rows=10 width=121)
	  ->  Sort  (cost=38.68..38.71 rows=10 width=121)
	        Sort Key: c
	        ->  Index Scan using sbtest1_pkey on sbtest1  (cost=0.43..38.52 rows=10 width=121)
	              Index Cond: ((id >= 1286640) AND (id <= 1286649))

table 2 : explain SELECT DISTINCT c FROM sbtest2 WHERE id BETWEEN 8013247 AND 8013256 ORDER BY c
	Unique  (cost=35.23..35.28 rows=9 width=121)
	  ->  Sort  (cost=35.23..35.25 rows=9 width=121)
	        Sort Key: c
	        ->  Index Scan using sbtest2_pkey on sbtest2  (cost=0.43..35.09 rows=9 width=121)
	              Index Cond: ((id >= 8013247) AND (id <= 8013256))

table 3 : explain SELECT DISTINCT c FROM sbtest3 WHERE id BETWEEN 4270856 AND 4270865 ORDER BY c
	Unique  (cost=38.76..38.81 rows=10 width=121)
	  ->  Sort  (cost=38.76..38.79 rows=10 width=121)
	        Sort Key: c
	        ->  Index Scan using sbtest3_pkey on sbtest3  (cost=0.43..38.60 rows=10 width=121)
	              Index Cond: ((id >= 4270856) AND (id <= 4270865))

table 4 : explain SELECT DISTINCT c FROM sbtest4 WHERE id BETWEEN 1117975 AND 1117984 ORDER BY c
	Unique  (cost=38.90..38.95 rows=10 width=121)
	  ->  Sort  (cost=38.90..38.92 rows=10 width=121)
	        Sort Key: c
	        ->  Index Scan using sbtest4_pkey on sbtest4  (cost=0.43..38.73 rows=10 width=121)
	              Index Cond: ((id >= 1117975) AND (id <= 1117984))

table 5 : explain SELECT DISTINCT c FROM sbtest5 WHERE id BETWEEN 7366753 AND 7366762 ORDER BY c
	Unique  (cost=38.71..38.76 rows=10 width=121)
	  ->  Sort  (cost=38.71..38.73 rows=10 width=121)
	        Sort Key: c
	        ->  Index Scan using sbtest5_pkey on sbtest5  (cost=0.43..38.54 rows=10 width=121)
	              Index Cond: ((id >= 7366753) AND (id <= 7366762))

table 6 : explain SELECT DISTINCT c FROM sbtest6 WHERE id BETWEEN 5654721 AND 5654730 ORDER BY c
	Unique  (cost=39.36..39.41 rows=10 width=121)
	  ->  Sort  (cost=39.36..39.38 rows=10 width=121)
	        Sort Key: c
	        ->  Index Scan using sbtest6_pkey on sbtest6  (cost=0.43..39.19 rows=10 width=121)
	              Index Cond: ((id >= 5654721) AND (id <= 5654730))

table 7 : explain SELECT DISTINCT c FROM sbtest7 WHERE id BETWEEN 9005576 AND 9005585 ORDER BY c
	Unique  (cost=38.71..38.76 rows=10 width=121)
	  ->  Sort  (cost=38.71..38.74 rows=10 width=121)
	        Sort Key: c
	        ->  Index Scan using sbtest7_pkey on sbtest7  (cost=0.43..38.55 rows=10 width=121)
	              Index Cond: ((id >= 9005576) AND (id <= 9005585))

table 8 : explain SELECT DISTINCT c FROM sbtest8 WHERE id BETWEEN 4809555 AND 4809564 ORDER BY c
	Unique  (cost=38.47..38.52 rows=10 width=121)
	  ->  Sort  (cost=38.47..38.50 rows=10 width=121)
	        Sort Key: c
	        ->  Index Scan using sbtest8_pkey on sbtest8  (cost=0.43..38.30 rows=10 width=121)
	              Index Cond: ((id >= 4809555) AND (id <= 4809564))



for: simple_ranges
table 1 : explain SELECT c FROM sbtest1 WHERE id BETWEEN 5807047 AND 5807056
	Index Scan using sbtest1_pkey on sbtest1  (cost=0.43..41.86 rows=11 width=121)
	  Index Cond: ((id >= 5807047) AND (id <= 5807056))

table 2 : explain SELECT c FROM sbtest2 WHERE id BETWEEN 6679970 AND 6679979
	Index Scan using sbtest2_pkey on sbtest2  (cost=0.43..41.75 rows=11 width=121)
	  Index Cond: ((id >= 6679970) AND (id <= 6679979))

table 3 : explain SELECT c FROM sbtest3 WHERE id BETWEEN 1756741 AND 1756750
	Index Scan using sbtest3_pkey on sbtest3  (cost=0.43..38.60 rows=10 width=121)
	  Index Cond: ((id >= 1756741) AND (id <= 1756750))

table 4 : explain SELECT c FROM sbtest4 WHERE id BETWEEN 7896367 AND 7896376
	Index Scan using sbtest4_pkey on sbtest4  (cost=0.43..35.37 rows=9 width=121)
	  Index Cond: ((id >= 7896367) AND (id <= 7896376))

table 5 : explain SELECT c FROM sbtest5 WHERE id BETWEEN 2542865 AND 2542874
	Index Scan using sbtest5_pkey on sbtest5  (cost=0.43..41.89 rows=11 width=121)
	  Index Cond: ((id >= 2542865) AND (id <= 2542874))

table 6 : explain SELECT c FROM sbtest6 WHERE id BETWEEN 1746851 AND 1746860
	Index Scan using sbtest6_pkey on sbtest6  (cost=0.43..39.19 rows=10 width=121)
	  Index Cond: ((id >= 1746851) AND (id <= 1746860))

table 7 : explain SELECT c FROM sbtest7 WHERE id BETWEEN 5446 AND 5455
	Index Scan using sbtest7_pkey on sbtest7  (cost=0.43..35.20 rows=9 width=121)
	  Index Cond: ((id >= 5446) AND (id <= 5455))

table 8 : explain SELECT c FROM sbtest8 WHERE id BETWEEN 3993464 AND 3993473
	Index Scan using sbtest8_pkey on sbtest8  (cost=0.43..38.30 rows=10 width=121)
	  Index Cond: ((id >= 3993464) AND (id <= 3993473))

for: sum_ranges
table 1 : explain SELECT SUM(k) FROM sbtest1 WHERE id BETWEEN 5945469 AND 5945478
	Aggregate  (cost=38.54..38.55 rows=1 width=8)
	  ->  Index Scan using sbtest1_pkey on sbtest1  (cost=0.43..38.52 rows=10 width=4)
	        Index Cond: ((id >= 5945469) AND (id <= 5945478))

table 2 : explain SELECT SUM(k) FROM sbtest2 WHERE id BETWEEN 1300308 AND 1300317
	Aggregate  (cost=38.44..38.45 rows=1 width=8)
	  ->  Index Scan using sbtest2_pkey on sbtest2  (cost=0.43..38.42 rows=10 width=4)
	        Index Cond: ((id >= 1300308) AND (id <= 1300317))

table 3 : explain SELECT SUM(k) FROM sbtest3 WHERE id BETWEEN 9172678 AND 9172687
	Aggregate  (cost=38.62..38.63 rows=1 width=8)
	  ->  Index Scan using sbtest3_pkey on sbtest3  (cost=0.43..38.60 rows=10 width=4)
	        Index Cond: ((id >= 9172678) AND (id <= 9172687))

table 4 : explain SELECT SUM(k) FROM sbtest4 WHERE id BETWEEN 5000890 AND 5000899
	Aggregate  (cost=38.76..38.77 rows=1 width=8)
	  ->  Index Scan using sbtest4_pkey on sbtest4  (cost=0.43..38.73 rows=10 width=4)
	        Index Cond: ((id >= 5000890) AND (id <= 5000899))

table 5 : explain SELECT SUM(k) FROM sbtest5 WHERE id BETWEEN 3356316 AND 3356325
	Aggregate  (cost=38.57..38.58 rows=1 width=8)
	  ->  Index Scan using sbtest5_pkey on sbtest5  (cost=0.43..38.54 rows=10 width=4)
	        Index Cond: ((id >= 3356316) AND (id <= 3356325))

table 6 : explain SELECT SUM(k) FROM sbtest6 WHERE id BETWEEN 9568951 AND 9568960
	Aggregate  (cost=39.21..39.22 rows=1 width=8)
	  ->  Index Scan using sbtest6_pkey on sbtest6  (cost=0.43..39.19 rows=10 width=4)
	        Index Cond: ((id >= 9568951) AND (id <= 9568960))

table 7 : explain SELECT SUM(k) FROM sbtest7 WHERE id BETWEEN 943450 AND 943459
	Aggregate  (cost=38.57..38.58 rows=1 width=8)
	  ->  Index Scan using sbtest7_pkey on sbtest7  (cost=0.43..38.55 rows=10 width=4)
	        Index Cond: ((id >= 943450) AND (id <= 943459))

table 8 : explain SELECT SUM(k) FROM sbtest8 WHERE id BETWEEN 8508683 AND 8508692
	Aggregate  (cost=35.01..35.02 rows=1 width=8)
	  ->  Index Scan using sbtest8_pkey on sbtest8  (cost=0.43..34.99 rows=9 width=4)
	        Index Cond: ((id >= 8508683) AND (id <= 8508692))

explain: for inserts :: explain INSERT INTO sbtest%u (id, k, c, pad) VALUES (%u, 13, 'foobar', 'foobar')
explain: for point_selects :: explain SELECT c FROM sbtest%u WHERE id=%u
explain: for deletes :: explain DELETE FROM sbtest%u WHERE id=%u
explain: for non_index_updates :: explain UPDATE sbtest%u SET c='foobar' WHERE id=%u
explain: for non_index_updates :: explain UPDATE sbtest%u SET c='foobar' WHERE id=%u
explain: for non_index_updates :: explain UPDATE sbtest%u SET c='foobar' WHERE id=%u
explain: for index_updates :: explain UPDATE sbtest%u SET k=k+1 WHERE id=%u
for point_selects
table 1 : explain SELECT c FROM sbtest1 WHERE id=1417448
	Index Scan using sbtest1_pkey on sbtest1  (cost=0.43..8.45 rows=1 width=121)
	  Index Cond: (id = 1417448)

table 2 : explain SELECT c FROM sbtest2 WHERE id=6794997
	Index Scan using sbtest2_pkey on sbtest2  (cost=0.43..8.45 rows=1 width=121)
	  Index Cond: (id = 6794997)

table 3 : explain SELECT c FROM sbtest3 WHERE id=8651103
	Index Scan using sbtest3_pkey on sbtest3  (cost=0.43..8.45 rows=1 width=121)
	  Index Cond: (id = 8651103)

table 4 : explain SELECT c FROM sbtest4 WHERE id=9424557
	Index Scan using sbtest4_pkey on sbtest4  (cost=0.43..8.45 rows=1 width=121)
	  Index Cond: (id = 9424557)

table 5 : explain SELECT c FROM sbtest5 WHERE id=7275861
	Index Scan using sbtest5_pkey on sbtest5  (cost=0.43..8.45 rows=1 width=121)
	  Index Cond: (id = 7275861)

table 6 : explain SELECT c FROM sbtest6 WHERE id=8720652
	Index Scan using sbtest6_pkey on sbtest6  (cost=0.43..8.45 rows=1 width=121)
	  Index Cond: (id = 8720652)

table 7 : explain SELECT c FROM sbtest7 WHERE id=2076317
	Index Scan using sbtest7_pkey on sbtest7  (cost=0.43..8.45 rows=1 width=121)
	  Index Cond: (id = 2076317)

table 8 : explain SELECT c FROM sbtest8 WHERE id=1257564
	Index Scan using sbtest8_pkey on sbtest8  (cost=0.43..8.45 rows=1 width=121)
	  Index Cond: (id = 1257564)

explain: for index_updates :: explain UPDATE sbtest%u SET k=k+1 WHERE id=%u
for: distinct_ranges
table 1 : explain SELECT DISTINCT c FROM sbtest1 WHERE id BETWEEN 8358641 AND 8358650 ORDER BY c
	Unique  (cost=35.32..35.37 rows=9 width=121)
	  ->  Sort  (cost=35.32..35.34 rows=9 width=121)
	        Sort Key: c
	        ->  Index Scan using sbtest1_pkey on sbtest1  (cost=0.43..35.18 rows=9 width=121)
	              Index Cond: ((id >= 8358641) AND (id <= 8358650))

table 2 : explain SELECT DISTINCT c FROM sbtest2 WHERE id BETWEEN 5482344 AND 5482353 ORDER BY c
	Unique  (cost=38.58..38.63 rows=10 width=121)
	  ->  Sort  (cost=38.58..38.61 rows=10 width=121)
	        Sort Key: c
	        ->  Index Scan using sbtest2_pkey on sbtest2  (cost=0.43..38.42 rows=10 width=121)
	              Index Cond: ((id >= 5482344) AND (id <= 5482353))

table 3 : explain SELECT DISTINCT c FROM sbtest3 WHERE id BETWEEN 6464018 AND 6464027 ORDER BY c
	Unique  (cost=42.14..42.19 rows=11 width=121)
	  ->  Sort  (cost=42.14..42.16 rows=11 width=121)
	        Sort Key: c
	        ->  Index Scan using sbtest3_pkey on sbtest3  (cost=0.43..41.95 rows=11 width=121)
	              Index Cond: ((id >= 6464018) AND (id <= 6464027))

table 4 : explain SELECT DISTINCT c FROM sbtest4 WHERE id BETWEEN 3333492 AND 3333501 ORDER BY c
	Unique  (cost=35.51..35.56 rows=9 width=121)
	  ->  Sort  (cost=35.51..35.53 rows=9 width=121)
	        Sort Key: c
	        ->  Index Scan using sbtest4_pkey on sbtest4  (cost=0.43..35.37 rows=9 width=121)
	              Index Cond: ((id >= 3333492) AND (id <= 3333501))

table 5 : explain SELECT DISTINCT c FROM sbtest5 WHERE id BETWEEN 3886698 AND 3886707 ORDER BY c
	Unique  (cost=38.71..38.76 rows=10 width=121)
	  ->  Sort  (cost=38.71..38.73 rows=10 width=121)
	        Sort Key: c
	        ->  Index Scan using sbtest5_pkey on sbtest5  (cost=0.43..38.54 rows=10 width=121)
	              Index Cond: ((id >= 3886698) AND (id <= 3886707))

table 6 : explain SELECT DISTINCT c FROM sbtest6 WHERE id BETWEEN 942027 AND 942036 ORDER BY c
	Unique  (cost=42.79..42.85 rows=11 width=121)
	  ->  Sort  (cost=42.79..42.82 rows=11 width=121)
	        Sort Key: c
	        ->  Index Scan using sbtest6_pkey on sbtest6  (cost=0.43..42.60 rows=11 width=121)
	              Index Cond: ((id >= 942027) AND (id <= 942036))

table 7 : explain SELECT DISTINCT c FROM sbtest7 WHERE id BETWEEN 1513335 AND 1513344 ORDER BY c
	Unique  (cost=35.35..35.39 rows=9 width=121)
	  ->  Sort  (cost=35.35..35.37 rows=9 width=121)
	        Sort Key: c
	        ->  Index Scan using sbtest7_pkey on sbtest7  (cost=0.43..35.20 rows=9 width=121)
	              Index Cond: ((id >= 1513335) AND (id <= 1513344))

table 8 : explain SELECT DISTINCT c FROM sbtest8 WHERE id BETWEEN 5936881 AND 5936890 ORDER BY c
	Unique  (cost=41.81..41.87 rows=11 width=121)
	  ->  Sort  (cost=41.81..41.84 rows=11 width=121)
	        Sort Key: c
	        ->  Index Scan using sbtest8_pkey on sbtest8  (cost=0.43..41.62 rows=11 width=121)
	              Index Cond: ((id >= 5936881) AND (id <= 5936890))

for deletes
table 1 : explain DELETE FROM sbtest1 WHERE id=5956294
	Delete on sbtest1  (cost=0.43..8.45 rows=1 width=6)
	  ->  Index Scan using sbtest1_pkey on sbtest1  (cost=0.43..8.45 rows=1 width=6)
	        Index Cond: (id = 5956294)

table 2 : explain DELETE FROM sbtest2 WHERE id=8596843
	Delete on sbtest2  (cost=0.43..8.45 rows=1 width=6)
	  ->  Index Scan using sbtest2_pkey on sbtest2  (cost=0.43..8.45 rows=1 width=6)
	        Index Cond: (id = 8596843)

table 3 : explain DELETE FROM sbtest3 WHERE id=2102963
	Delete on sbtest3  (cost=0.43..8.45 rows=1 width=6)
	  ->  Index Scan using sbtest3_pkey on sbtest3  (cost=0.43..8.45 rows=1 width=6)
	        Index Cond: (id = 2102963)

table 4 : explain DELETE FROM sbtest4 WHERE id=2123169
	Delete on sbtest4  (cost=0.43..8.45 rows=1 width=6)
	  ->  Index Scan using sbtest4_pkey on sbtest4  (cost=0.43..8.45 rows=1 width=6)
	        Index Cond: (id = 2123169)

table 5 : explain DELETE FROM sbtest5 WHERE id=8101380
	Delete on sbtest5  (cost=0.43..8.45 rows=1 width=6)
	  ->  Index Scan using sbtest5_pkey on sbtest5  (cost=0.43..8.45 rows=1 width=6)
	        Index Cond: (id = 8101380)

table 6 : explain DELETE FROM sbtest6 WHERE id=1928273
	Delete on sbtest6  (cost=0.43..8.45 rows=1 width=6)
	  ->  Index Scan using sbtest6_pkey on sbtest6  (cost=0.43..8.45 rows=1 width=6)
	        Index Cond: (id = 1928273)

table 7 : explain DELETE FROM sbtest7 WHERE id=8918595
	Delete on sbtest7  (cost=0.43..8.45 rows=1 width=6)
	  ->  Index Scan using sbtest7_pkey on sbtest7  (cost=0.43..8.45 rows=1 width=6)
	        Index Cond: (id = 8918595)

table 8 : explain DELETE FROM sbtest8 WHERE id=27441
	Delete on sbtest8  (cost=0.43..8.45 rows=1 width=6)
	  ->  Index Scan using sbtest8_pkey on sbtest8  (cost=0.43..8.45 rows=1 width=6)
	        Index Cond: (id = 27441)

for non_index_updates
table 1 : explain UPDATE sbtest1 SET c='foobar' WHERE id=6290782
	Update on sbtest1  (cost=0.43..8.45 rows=1 width=559)
	  ->  Index Scan using sbtest1_pkey on sbtest1  (cost=0.43..8.45 rows=1 width=559)
	        Index Cond: (id = 6290782)

table 2 : explain UPDATE sbtest2 SET c='foobar' WHERE id=207084
	Update on sbtest2  (cost=0.43..8.45 rows=1 width=559)
	  ->  Index Scan using sbtest2_pkey on sbtest2  (cost=0.43..8.45 rows=1 width=559)
	        Index Cond: (id = 207084)

table 3 : explain UPDATE sbtest3 SET c='foobar' WHERE id=3958833
	Update on sbtest3  (cost=0.43..8.45 rows=1 width=559)
	  ->  Index Scan using sbtest3_pkey on sbtest3  (cost=0.43..8.45 rows=1 width=559)
	        Index Cond: (id = 3958833)

table 4 : explain UPDATE sbtest4 SET c='foobar' WHERE id=3536192
	Update on sbtest4  (cost=0.43..8.45 rows=1 width=559)
	  ->  Index Scan using sbtest4_pkey on sbtest4  (cost=0.43..8.45 rows=1 width=559)
	        Index Cond: (id = 3536192)

table 5 : explain UPDATE sbtest5 SET c='foobar' WHERE id=2399241
	Update on sbtest5  (cost=0.43..8.45 rows=1 width=559)
	  ->  Index Scan using sbtest5_pkey on sbtest5  (cost=0.43..8.45 rows=1 width=559)
	        Index Cond: (id = 2399241)

table 6 : explain UPDATE sbtest6 SET c='foobar' WHERE id=6175592
	Update on sbtest6  (cost=0.43..8.45 rows=1 width=559)
	  ->  Index Scan using sbtest6_pkey on sbtest6  (cost=0.43..8.45 rows=1 width=559)
	        Index Cond: (id = 6175592)

table 7 : explain UPDATE sbtest7 SET c='foobar' WHERE id=3984845
	Update on sbtest7  (cost=0.43..8.45 rows=1 width=559)
	  ->  Index Scan using sbtest7_pkey on sbtest7  (cost=0.43..8.45 rows=1 width=559)
	        Index Cond: (id = 3984845)

table 8 : explain UPDATE sbtest8 SET c='foobar' WHERE id=4319713
	Update on sbtest8  (cost=0.43..8.45 rows=1 width=559)
	  ->  Index Scan using sbtest8_pkey on sbtest8  (cost=0.43..8.45 rows=1 width=559)
	        Index Cond: (id = 4319713)

for non_index_updates
table 1 : explain UPDATE sbtest1 SET c='foobar' WHERE id=5785162
	Update on sbtest1  (cost=0.43..8.45 rows=1 width=559)
	  ->  Index Scan using sbtest1_pkey on sbtest1  (cost=0.43..8.45 rows=1 width=559)
	        Index Cond: (id = 5785162)

table 2 : explain UPDATE sbtest2 SET c='foobar' WHERE id=4353878
	Update on sbtest2  (cost=0.43..8.45 rows=1 width=559)
	  ->  Index Scan using sbtest2_pkey on sbtest2  (cost=0.43..8.45 rows=1 width=559)
	        Index Cond: (id = 4353878)

table 3 : explain UPDATE sbtest3 SET c='foobar' WHERE id=869053
	Update on sbtest3  (cost=0.43..8.45 rows=1 width=559)
	  ->  Index Scan using sbtest3_pkey on sbtest3  (cost=0.43..8.45 rows=1 width=559)
	        Index Cond: (id = 869053)

table 4 : explain UPDATE sbtest4 SET c='foobar' WHERE id=3088599
	Update on sbtest4  (cost=0.43..8.45 rows=1 width=559)
	  ->  Index Scan using sbtest4_pkey on sbtest4  (cost=0.43..8.45 rows=1 width=559)
	        Index Cond: (id = 3088599)

table 5 : explain UPDATE sbtest5 SET c='foobar' WHERE id=9473542
	Update on sbtest5  (cost=0.43..8.45 rows=1 width=559)
	  ->  Index Scan using sbtest5_pkey on sbtest5  (cost=0.43..8.45 rows=1 width=559)
	        Index Cond: (id = 9473542)

table 6 : explain UPDATE sbtest6 SET c='foobar' WHERE id=2170858
	Update on sbtest6  (cost=0.43..8.45 rows=1 width=559)
	  ->  Index Scan using sbtest6_pkey on sbtest6  (cost=0.43..8.45 rows=1 width=559)
	        Index Cond: (id = 2170858)

table 7 : explain UPDATE sbtest7 SET c='foobar' WHERE id=2635001
	Update on sbtest7  (cost=0.43..8.45 rows=1 width=559)
	  ->  Index Scan using sbtest7_pkey on sbtest7  (cost=0.43..8.45 rows=1 width=559)
	        Index Cond: (id = 2635001)

table 8 : explain UPDATE sbtest8 SET c='foobar' WHERE id=753643
	Update on sbtest8  (cost=0.43..8.45 rows=1 width=559)
	  ->  Index Scan using sbtest8_pkey on sbtest8  (cost=0.43..8.45 rows=1 width=559)
	        Index Cond: (id = 753643)

for non_index_updates
table 1 : explain UPDATE sbtest1 SET c='foobar' WHERE id=258443
	Update on sbtest1  (cost=0.43..8.45 rows=1 width=559)
	  ->  Index Scan using sbtest1_pkey on sbtest1  (cost=0.43..8.45 rows=1 width=559)
	        Index Cond: (id = 258443)

table 2 : explain UPDATE sbtest2 SET c='foobar' WHERE id=7628848
	Update on sbtest2  (cost=0.43..8.45 rows=1 width=559)
	  ->  Index Scan using sbtest2_pkey on sbtest2  (cost=0.43..8.45 rows=1 width=559)
	        Index Cond: (id = 7628848)

table 3 : explain UPDATE sbtest3 SET c='foobar' WHERE id=3958718
	Update on sbtest3  (cost=0.43..8.45 rows=1 width=559)
	  ->  Index Scan using sbtest3_pkey on sbtest3  (cost=0.43..8.45 rows=1 width=559)
	        Index Cond: (id = 3958718)

table 4 : explain UPDATE sbtest4 SET c='foobar' WHERE id=899965
	Update on sbtest4  (cost=0.43..8.45 rows=1 width=559)
	  ->  Index Scan using sbtest4_pkey on sbtest4  (cost=0.43..8.45 rows=1 width=559)
	        Index Cond: (id = 899965)

table 5 : explain UPDATE sbtest5 SET c='foobar' WHERE id=7597059
	Update on sbtest5  (cost=0.43..8.45 rows=1 width=559)
	  ->  Index Scan using sbtest5_pkey on sbtest5  (cost=0.43..8.45 rows=1 width=559)
	        Index Cond: (id = 7597059)

table 6 : explain UPDATE sbtest6 SET c='foobar' WHERE id=9029437
	Update on sbtest6  (cost=0.43..8.45 rows=1 width=559)
	  ->  Index Scan using sbtest6_pkey on sbtest6  (cost=0.43..8.45 rows=1 width=559)
	        Index Cond: (id = 9029437)

table 7 : explain UPDATE sbtest7 SET c='foobar' WHERE id=7161007
	Update on sbtest7  (cost=0.43..8.45 rows=1 width=559)
	  ->  Index Scan using sbtest7_pkey on sbtest7  (cost=0.43..8.45 rows=1 width=559)
	        Index Cond: (id = 7161007)

table 8 : explain UPDATE sbtest8 SET c='foobar' WHERE id=7385498
	Update on sbtest8  (cost=0.43..8.45 rows=1 width=559)
	  ->  Index Scan using sbtest8_pkey on sbtest8  (cost=0.43..8.45 rows=1 width=559)
	        Index Cond: (id = 7385498)

for: simple_ranges
table 1 : explain SELECT c FROM sbtest1 WHERE id BETWEEN 4410712 AND 4410721
	Index Scan using sbtest1_pkey on sbtest1  (cost=0.43..38.52 rows=10 width=121)
	  Index Cond: ((id >= 4410712) AND (id <= 4410721))

table 2 : explain SELECT c FROM sbtest2 WHERE id BETWEEN 5274495 AND 5274504
	Index Scan using sbtest2_pkey on sbtest2  (cost=0.43..38.42 rows=10 width=121)
	  Index Cond: ((id >= 5274495) AND (id <= 5274504))

table 3 : explain SELECT c FROM sbtest3 WHERE id BETWEEN 3883818 AND 3883827
	Index Scan using sbtest3_pkey on sbtest3  (cost=0.43..38.60 rows=10 width=121)
	  Index Cond: ((id >= 3883818) AND (id <= 3883827))

table 4 : explain SELECT c FROM sbtest4 WHERE id BETWEEN 6573624 AND 6573633
	Index Scan using sbtest4_pkey on sbtest4  (cost=0.43..35.37 rows=9 width=121)
	  Index Cond: ((id >= 6573624) AND (id <= 6573633))

table 5 : explain SELECT c FROM sbtest5 WHERE id BETWEEN 5062077 AND 5062086
	Index Scan using sbtest5_pkey on sbtest5  (cost=0.43..38.54 rows=10 width=121)
	  Index Cond: ((id >= 5062077) AND (id <= 5062086))

table 6 : explain SELECT c FROM sbtest6 WHERE id BETWEEN 3540350 AND 3540359
	Index Scan using sbtest6_pkey on sbtest6  (cost=0.43..42.60 rows=11 width=121)
	  Index Cond: ((id >= 3540350) AND (id <= 3540359))

table 7 : explain SELECT c FROM sbtest7 WHERE id BETWEEN 9709422 AND 9709431
	Index Scan using sbtest7_pkey on sbtest7  (cost=0.43..38.55 rows=10 width=121)
	  Index Cond: ((id >= 9709422) AND (id <= 9709431))

table 8 : explain SELECT c FROM sbtest8 WHERE id BETWEEN 5368343 AND 5368352
	Index Scan using sbtest8_pkey on sbtest8  (cost=0.43..34.99 rows=9 width=121)
	  Index Cond: ((id >= 5368343) AND (id <= 5368352))

explain: for deletes :: explain DELETE FROM sbtest%u WHERE id=%u
for: sum_ranges
table 1 : explain SELECT SUM(k) FROM sbtest1 WHERE id BETWEEN 4505377 AND 4505386
	Aggregate  (cost=38.54..38.55 rows=1 width=8)
	  ->  Index Scan using sbtest1_pkey on sbtest1  (cost=0.43..38.52 rows=10 width=4)
	        Index Cond: ((id >= 4505377) AND (id <= 4505386))

table 2 : explain SELECT SUM(k) FROM sbtest2 WHERE id BETWEEN 8215610 AND 8215619
	Aggregate  (cost=38.44..38.45 rows=1 width=8)
	  ->  Index Scan using sbtest2_pkey on sbtest2  (cost=0.43..38.42 rows=10 width=4)
	        Index Cond: ((id >= 8215610) AND (id <= 8215619))

table 3 : explain SELECT SUM(k) FROM sbtest3 WHERE id BETWEEN 8767824 AND 8767833
	Aggregate  (cost=41.97..41.98 rows=1 width=8)
	  ->  Index Scan using sbtest3_pkey on sbtest3  (cost=0.43..41.95 rows=11 width=4)
	        Index Cond: ((id >= 8767824) AND (id <= 8767833))

table 4 : explain SELECT SUM(k) FROM sbtest4 WHERE id BETWEEN 935938 AND 935947
	Aggregate  (cost=38.76..38.77 rows=1 width=8)
	  ->  Index Scan using sbtest4_pkey on sbtest4  (cost=0.43..38.73 rows=10 width=4)
	        Index Cond: ((id >= 935938) AND (id <= 935947))

table 5 : explain SELECT SUM(k) FROM sbtest5 WHERE id BETWEEN 9644896 AND 9644905
	Aggregate  (cost=38.57..38.58 rows=1 width=8)
	  ->  Index Scan using sbtest5_pkey on sbtest5  (cost=0.43..38.54 rows=10 width=4)
	        Index Cond: ((id >= 9644896) AND (id <= 9644905))

table 6 : explain SELECT SUM(k) FROM sbtest6 WHERE id BETWEEN 1913120 AND 1913129
	Aggregate  (cost=39.21..39.22 rows=1 width=8)
	  ->  Index Scan using sbtest6_pkey on sbtest6  (cost=0.43..39.19 rows=10 width=4)
	        Index Cond: ((id >= 1913120) AND (id <= 1913129))

table 7 : explain SELECT SUM(k) FROM sbtest7 WHERE id BETWEEN 8467015 AND 8467024
	Aggregate  (cost=38.57..38.58 rows=1 width=8)
	  ->  Index Scan using sbtest7_pkey on sbtest7  (cost=0.43..38.55 rows=10 width=4)
	        Index Cond: ((id >= 8467015) AND (id <= 8467024))

table 8 : explain SELECT SUM(k) FROM sbtest8 WHERE id BETWEEN 2237743 AND 2237752
	Aggregate  (cost=38.33..38.34 rows=1 width=8)
	  ->  Index Scan using sbtest8_pkey on sbtest8  (cost=0.43..38.30 rows=10 width=4)
	        Index Cond: ((id >= 2237743) AND (id <= 2237752))

for: simple_ranges
table 1 : explain SELECT c FROM sbtest1 WHERE id BETWEEN 4259571 AND 4259580
	Index Scan using sbtest1_pkey on sbtest1  (cost=0.43..38.52 rows=10 width=121)
	  Index Cond: ((id >= 4259571) AND (id <= 4259580))

table 2 : explain SELECT c FROM sbtest2 WHERE id BETWEEN 1674237 AND 1674246
	Index Scan using sbtest2_pkey on sbtest2  (cost=0.43..41.75 rows=11 width=121)
	  Index Cond: ((id >= 1674237) AND (id <= 1674246))

table 3 : explain SELECT c FROM sbtest3 WHERE id BETWEEN 6128585 AND 6128594
	Index Scan using sbtest3_pkey on sbtest3  (cost=0.43..35.25 rows=9 width=121)
	  Index Cond: ((id >= 6128585) AND (id <= 6128594))

table 4 : explain SELECT c FROM sbtest4 WHERE id BETWEEN 8606636 AND 8606645
	Index Scan using sbtest4_pkey on sbtest4  (cost=0.43..38.73 rows=10 width=121)
	  Index Cond: ((id >= 8606636) AND (id <= 8606645))

table 5 : explain SELECT c FROM sbtest5 WHERE id BETWEEN 6480269 AND 6480278
	Index Scan using sbtest5_pkey on sbtest5  (cost=0.43..38.54 rows=10 width=121)
	  Index Cond: ((id >= 6480269) AND (id <= 6480278))

table 6 : explain SELECT c FROM sbtest6 WHERE id BETWEEN 4479240 AND 4479249
	Index Scan using sbtest6_pkey on sbtest6  (cost=0.43..39.19 rows=10 width=121)
	  Index Cond: ((id >= 4479240) AND (id <= 4479249))

table 7 : explain SELECT c FROM sbtest7 WHERE id BETWEEN 7714137 AND 7714146
	Index Scan using sbtest7_pkey on sbtest7  (cost=0.43..38.55 rows=10 width=121)
	  Index Cond: ((id >= 7714137) AND (id <= 7714146))

table 8 : explain SELECT c FROM sbtest8 WHERE id BETWEEN 8051 AND 8060
	Index Scan using sbtest8_pkey on sbtest8  (cost=0.43..38.30 rows=10 width=121)
	  Index Cond: ((id >= 8051) AND (id <= 8060))

for inserts
table 1 : explain INSERT INTO sbtest1 (id, k, c, pad) VALUES (2696627, 13, 'foobar', 'foobar')
	Insert on sbtest1  (cost=0.00..0.01 rows=1 width=736)
	  ->  Result  (cost=0.00..0.01 rows=1 width=736)

table 2 : explain INSERT INTO sbtest2 (id, k, c, pad) VALUES (6053303, 13, 'foobar', 'foobar')
	Insert on sbtest2  (cost=0.00..0.01 rows=1 width=736)
	  ->  Result  (cost=0.00..0.01 rows=1 width=736)

table 3 : explain INSERT INTO sbtest3 (id, k, c, pad) VALUES (7729111, 13, 'foobar', 'foobar')
	Insert on sbtest3  (cost=0.00..0.01 rows=1 width=736)
	  ->  Result  (cost=0.00..0.01 rows=1 width=736)

table 4 : explain INSERT INTO sbtest4 (id, k, c, pad) VALUES (3304675, 13, 'foobar', 'foobar')
	Insert on sbtest4  (cost=0.00..0.01 rows=1 width=736)
	  ->  Result  (cost=0.00..0.01 rows=1 width=736)

table 5 : explain INSERT INTO sbtest5 (id, k, c, pad) VALUES (6710765, 13, 'foobar', 'foobar')
	Insert on sbtest5  (cost=0.00..0.01 rows=1 width=736)
	  ->  Result  (cost=0.00..0.01 rows=1 width=736)

table 6 : explain INSERT INTO sbtest6 (id, k, c, pad) VALUES (5827024, 13, 'foobar', 'foobar')
	Insert on sbtest6  (cost=0.00..0.01 rows=1 width=736)
	  ->  Result  (cost=0.00..0.01 rows=1 width=736)

table 7 : explain INSERT INTO sbtest7 (id, k, c, pad) VALUES (8193766, 13, 'foobar', 'foobar')
	Insert on sbtest7  (cost=0.00..0.01 rows=1 width=736)
	  ->  Result  (cost=0.00..0.01 rows=1 width=736)

table 8 : explain INSERT INTO sbtest8 (id, k, c, pad) VALUES (398667, 13, 'foobar', 'foobar')
	Insert on sbtest8  (cost=0.00..0.01 rows=1 width=736)
	  ->  Result  (cost=0.00..0.01 rows=1 width=736)

explain: for deletes :: explain DELETE FROM sbtest%u WHERE id=%u
explain: for deletes :: explain DELETE FROM sbtest%u WHERE id=%u
explain: for deletes :: explain DELETE FROM sbtest%u WHERE id=%u
for: order_ranges
table 1 : explain SELECT c FROM sbtest1 WHERE id BETWEEN 6448800 AND 6448809 ORDER BY c
	Sort  (cost=35.32..35.34 rows=9 width=121)
	  Sort Key: c
	  ->  Index Scan using sbtest1_pkey on sbtest1  (cost=0.43..35.18 rows=9 width=121)
	        Index Cond: ((id >= 6448800) AND (id <= 6448809))

table 2 : explain SELECT c FROM sbtest2 WHERE id BETWEEN 4035838 AND 4035847 ORDER BY c
	Sort  (cost=35.23..35.25 rows=9 width=121)
	  Sort Key: c
	  ->  Index Scan using sbtest2_pkey on sbtest2  (cost=0.43..35.09 rows=9 width=121)
	        Index Cond: ((id >= 4035838) AND (id <= 4035847))

table 3 : explain SELECT c FROM sbtest3 WHERE id BETWEEN 6559729 AND 6559738 ORDER BY c
	Sort  (cost=42.14..42.16 rows=11 width=121)
	  Sort Key: c
	  ->  Index Scan using sbtest3_pkey on sbtest3  (cost=0.43..41.95 rows=11 width=121)
	        Index Cond: ((id >= 6559729) AND (id <= 6559738))

table 4 : explain SELECT c FROM sbtest4 WHERE id BETWEEN 7557775 AND 7557784 ORDER BY c
	Sort  (cost=38.90..38.92 rows=10 width=121)
	  Sort Key: c
	  ->  Index Scan using sbtest4_pkey on sbtest4  (cost=0.43..38.73 rows=10 width=121)
	        Index Cond: ((id >= 7557775) AND (id <= 7557784))

table 5 : explain SELECT c FROM sbtest5 WHERE id BETWEEN 810799 AND 810808 ORDER BY c
	Sort  (cost=38.71..38.73 rows=10 width=121)
	  Sort Key: c
	  ->  Index Scan using sbtest5_pkey on sbtest5  (cost=0.43..38.54 rows=10 width=121)
	        Index Cond: ((id >= 810799) AND (id <= 810808))

table 6 : explain SELECT c FROM sbtest6 WHERE id BETWEEN 2323750 AND 2323759 ORDER BY c
	Sort  (cost=42.79..42.82 rows=11 width=121)
	  Sort Key: c
	  ->  Index Scan using sbtest6_pkey on sbtest6  (cost=0.43..42.60 rows=11 width=121)
	        Index Cond: ((id >= 2323750) AND (id <= 2323759))

table 7 : explain SELECT c FROM sbtest7 WHERE id BETWEEN 3440850 AND 3440859 ORDER BY c
	Sort  (cost=42.08..42.11 rows=11 width=121)
	  Sort Key: c
	  ->  Index Scan using sbtest7_pkey on sbtest7  (cost=0.43..41.89 rows=11 width=121)
	        Index Cond: ((id >= 3440850) AND (id <= 3440859))

table 8 : explain SELECT c FROM sbtest8 WHERE id BETWEEN 4571086 AND 4571095 ORDER BY c
	Sort  (cost=38.47..38.50 rows=10 width=121)
	  Sort Key: c
	  ->  Index Scan using sbtest8_pkey on sbtest8  (cost=0.43..38.30 rows=10 width=121)
	        Index Cond: ((id >= 4571086) AND (id <= 4571095))

for: order_ranges
table 1 : explain SELECT c FROM sbtest1 WHERE id BETWEEN 1735929 AND 1735938 ORDER BY c
	Sort  (cost=38.68..38.71 rows=10 width=121)
	  Sort Key: c
	  ->  Index Scan using sbtest1_pkey on sbtest1  (cost=0.43..38.52 rows=10 width=121)
	        Index Cond: ((id >= 1735929) AND (id <= 1735938))

table 2 : explain SELECT c FROM sbtest2 WHERE id BETWEEN 3557487 AND 3557496 ORDER BY c
	Sort  (cost=38.58..38.61 rows=10 width=121)
	  Sort Key: c
	  ->  Index Scan using sbtest2_pkey on sbtest2  (cost=0.43..38.42 rows=10 width=121)
	        Index Cond: ((id >= 3557487) AND (id <= 3557496))

table 3 : explain SELECT c FROM sbtest3 WHERE id BETWEEN 4494366 AND 4494375 ORDER BY c
	Sort  (cost=38.76..38.79 rows=10 width=121)
	  Sort Key: c
	  ->  Index Scan using sbtest3_pkey on sbtest3  (cost=0.43..38.60 rows=10 width=121)
	        Index Cond: ((id >= 4494366) AND (id <= 4494375))

table 4 : explain SELECT c FROM sbtest4 WHERE id BETWEEN 9476972 AND 9476981 ORDER BY c
	Sort  (cost=38.90..38.92 rows=10 width=121)
	  Sort Key: c
	  ->  Index Scan using sbtest4_pkey on sbtest4  (cost=0.43..38.73 rows=10 width=121)
	        Index Cond: ((id >= 9476972) AND (id <= 9476981))

table 5 : explain SELECT c FROM sbtest5 WHERE id BETWEEN 6849573 AND 6849582 ORDER BY c
	Sort  (cost=42.08..42.10 rows=11 width=121)
	  Sort Key: c
	  ->  Index Scan using sbtest5_pkey on sbtest5  (cost=0.43..41.89 rows=11 width=121)
	        Index Cond: ((id >= 6849573) AND (id <= 6849582))

table 6 : explain SELECT c FROM sbtest6 WHERE id BETWEEN 113815 AND 113824 ORDER BY c
	Sort  (cost=39.36..39.38 rows=10 width=121)
	  Sort Key: c
	  ->  Index Scan using sbtest6_pkey on sbtest6  (cost=0.43..39.19 rows=10 width=121)
	        Index Cond: ((id >= 113815) AND (id <= 113824))

table 7 : explain SELECT c FROM sbtest7 WHERE id BETWEEN 9945718 AND 9945727 ORDER BY c
	Sort  (cost=38.71..38.74 rows=10 width=121)
	  Sort Key: c
	  ->  Index Scan using sbtest7_pkey on sbtest7  (cost=0.43..38.55 rows=10 width=121)
	        Index Cond: ((id >= 9945718) AND (id <= 9945727))

table 8 : explain SELECT c FROM sbtest8 WHERE id BETWEEN 1143802 AND 1143811 ORDER BY c
	Sort  (cost=38.47..38.50 rows=10 width=121)
	  Sort Key: c
	  ->  Index Scan using sbtest8_pkey on sbtest8  (cost=0.43..38.30 rows=10 width=121)
	        Index Cond: ((id >= 1143802) AND (id <= 1143811))

for index_updates
table 1 : explain UPDATE sbtest1 SET k=k+1 WHERE id=6105453
	Update on sbtest1  (cost=0.43..8.46 rows=1 width=196)
	  ->  Index Scan using sbtest1_pkey on sbtest1  (cost=0.43..8.46 rows=1 width=196)
	        Index Cond: (id = 6105453)

table 2 : explain UPDATE sbtest2 SET k=k+1 WHERE id=7518102
	Update on sbtest2  (cost=0.43..8.46 rows=1 width=196)
	  ->  Index Scan using sbtest2_pkey on sbtest2  (cost=0.43..8.46 rows=1 width=196)
	        Index Cond: (id = 7518102)

table 3 : explain UPDATE sbtest3 SET k=k+1 WHERE id=1794084
	Update on sbtest3  (cost=0.43..8.46 rows=1 width=196)
	  ->  Index Scan using sbtest3_pkey on sbtest3  (cost=0.43..8.46 rows=1 width=196)
	        Index Cond: (id = 1794084)

table 4 : explain UPDATE sbtest4 SET k=k+1 WHERE id=4549269
	Update on sbtest4  (cost=0.43..8.46 rows=1 width=196)
	  ->  Index Scan using sbtest4_pkey on sbtest4  (cost=0.43..8.46 rows=1 width=196)
	        Index Cond: (id = 4549269)

table 5 : explain UPDATE sbtest5 SET k=k+1 WHERE id=6194617
	Update on sbtest5  (cost=0.43..8.46 rows=1 width=196)
	  ->  Index Scan using sbtest5_pkey on sbtest5  (cost=0.43..8.46 rows=1 width=196)
	        Index Cond: (id = 6194617)

table 6 : explain UPDATE sbtest6 SET k=k+1 WHERE id=6181490
	Update on sbtest6  (cost=0.43..8.46 rows=1 width=196)
	  ->  Index Scan using sbtest6_pkey on sbtest6  (cost=0.43..8.46 rows=1 width=196)
	        Index Cond: (id = 6181490)

table 7 : explain UPDATE sbtest7 SET k=k+1 WHERE id=6010263
	Update on sbtest7  (cost=0.43..8.46 rows=1 width=196)
	  ->  Index Scan using sbtest7_pkey on sbtest7  (cost=0.43..8.46 rows=1 width=196)
	        Index Cond: (id = 6010263)

table 8 : explain UPDATE sbtest8 SET k=k+1 WHERE id=4070006
	Update on sbtest8  (cost=0.43..8.46 rows=1 width=196)
	  ->  Index Scan using sbtest8_pkey on sbtest8  (cost=0.43..8.46 rows=1 width=196)
	        Index Cond: (id = 4070006)

explain: for index_updates :: explain UPDATE sbtest%u SET k=k+1 WHERE id=%u
for: sum_ranges
table 1 : explain SELECT SUM(k) FROM sbtest1 WHERE id BETWEEN 1731306 AND 1731315
	Aggregate  (cost=38.54..38.55 rows=1 width=8)
	  ->  Index Scan using sbtest1_pkey on sbtest1  (cost=0.43..38.52 rows=10 width=4)
	        Index Cond: ((id >= 1731306) AND (id <= 1731315))

table 2 : explain SELECT SUM(k) FROM sbtest2 WHERE id BETWEEN 8829100 AND 8829109
	Aggregate  (cost=38.44..38.45 rows=1 width=8)
	  ->  Index Scan using sbtest2_pkey on sbtest2  (cost=0.43..38.42 rows=10 width=4)
	        Index Cond: ((id >= 8829100) AND (id <= 8829109))

table 3 : explain SELECT SUM(k) FROM sbtest3 WHERE id BETWEEN 5855885 AND 5855894
	Aggregate  (cost=41.97..41.98 rows=1 width=8)
	  ->  Index Scan using sbtest3_pkey on sbtest3  (cost=0.43..41.95 rows=11 width=4)
	        Index Cond: ((id >= 5855885) AND (id <= 5855894))

table 4 : explain SELECT SUM(k) FROM sbtest4 WHERE id BETWEEN 7874175 AND 7874184
	Aggregate  (cost=35.39..35.40 rows=1 width=8)
	  ->  Index Scan using sbtest4_pkey on sbtest4  (cost=0.43..35.37 rows=9 width=4)
	        Index Cond: ((id >= 7874175) AND (id <= 7874184))

table 5 : explain SELECT SUM(k) FROM sbtest5 WHERE id BETWEEN 9288744 AND 9288753
	Aggregate  (cost=38.57..38.58 rows=1 width=8)
	  ->  Index Scan using sbtest5_pkey on sbtest5  (cost=0.43..38.54 rows=10 width=4)
	        Index Cond: ((id >= 9288744) AND (id <= 9288753))

table 6 : explain SELECT SUM(k) FROM sbtest6 WHERE id BETWEEN 176110 AND 176119
	Aggregate  (cost=39.21..39.22 rows=1 width=8)
	  ->  Index Scan using sbtest6_pkey on sbtest6  (cost=0.43..39.19 rows=10 width=4)
	        Index Cond: ((id >= 176110) AND (id <= 176119))

table 7 : explain SELECT SUM(k) FROM sbtest7 WHERE id BETWEEN 4266278 AND 4266287
	Aggregate  (cost=35.23..35.24 rows=1 width=8)
	  ->  Index Scan using sbtest7_pkey on sbtest7  (cost=0.43..35.20 rows=9 width=4)
	        Index Cond: ((id >= 4266278) AND (id <= 4266287))

table 8 : explain SELECT SUM(k) FROM sbtest8 WHERE id BETWEEN 4184420 AND 4184429
	Aggregate  (cost=38.33..38.34 rows=1 width=8)
	  ->  Index Scan using sbtest8_pkey on sbtest8  (cost=0.43..38.30 rows=10 width=4)
	        Index Cond: ((id >= 4184420) AND (id <= 4184429))

explain: for inserts :: explain INSERT INTO sbtest%u (id, k, c, pad) VALUES (%u, 13, 'foobar', 'foobar')
for: simple_ranges
table 1 : explain SELECT c FROM sbtest1 WHERE id BETWEEN 7545983 AND 7545992
	Index Scan using sbtest1_pkey on sbtest1  (cost=0.43..38.52 rows=10 width=121)
	  Index Cond: ((id >= 7545983) AND (id <= 7545992))

table 2 : explain SELECT c FROM sbtest2 WHERE id BETWEEN 829038 AND 829047
	Index Scan using sbtest2_pkey on sbtest2  (cost=0.43..35.09 rows=9 width=121)
	  Index Cond: ((id >= 829038) AND (id <= 829047))

table 3 : explain SELECT c FROM sbtest3 WHERE id BETWEEN 3393981 AND 3393990
	Index Scan using sbtest3_pkey on sbtest3  (cost=0.43..35.25 rows=9 width=121)
	  Index Cond: ((id >= 3393981) AND (id <= 3393990))

table 4 : explain SELECT c FROM sbtest4 WHERE id BETWEEN 7979126 AND 7979135
	Index Scan using sbtest4_pkey on sbtest4  (cost=0.43..42.10 rows=11 width=121)
	  Index Cond: ((id >= 7979126) AND (id <= 7979135))

table 5 : explain SELECT c FROM sbtest5 WHERE id BETWEEN 8889997 AND 8890006
	Index Scan using sbtest5_pkey on sbtest5  (cost=0.43..41.89 rows=11 width=121)
	  Index Cond: ((id >= 8889997) AND (id <= 8890006))

table 6 : explain SELECT c FROM sbtest6 WHERE id BETWEEN 6209952 AND 6209961
	Index Scan using sbtest6_pkey on sbtest6  (cost=0.43..35.77 rows=9 width=121)
	  Index Cond: ((id >= 6209952) AND (id <= 6209961))

table 7 : explain SELECT c FROM sbtest7 WHERE id BETWEEN 7511045 AND 7511054
	Index Scan using sbtest7_pkey on sbtest7  (cost=0.43..35.20 rows=9 width=121)
	  Index Cond: ((id >= 7511045) AND (id <= 7511054))

table 8 : explain SELECT c FROM sbtest8 WHERE id BETWEEN 8665449 AND 8665458
	Index Scan using sbtest8_pkey on sbtest8  (cost=0.43..38.30 rows=10 width=121)
	  Index Cond: ((id >= 8665449) AND (id <= 8665458))

for point_selects
table 1 : explain SELECT c FROM sbtest1 WHERE id=1086676
	Index Scan using sbtest1_pkey on sbtest1  (cost=0.43..8.45 rows=1 width=121)
	  Index Cond: (id = 1086676)

table 2 : explain SELECT c FROM sbtest2 WHERE id=5339080
	Index Scan using sbtest2_pkey on sbtest2  (cost=0.43..8.45 rows=1 width=121)
	  Index Cond: (id = 5339080)

table 3 : explain SELECT c FROM sbtest3 WHERE id=8826693
	Index Scan using sbtest3_pkey on sbtest3  (cost=0.43..8.45 rows=1 width=121)
	  Index Cond: (id = 8826693)

table 4 : explain SELECT c FROM sbtest4 WHERE id=395425
	Index Scan using sbtest4_pkey on sbtest4  (cost=0.43..8.45 rows=1 width=121)
	  Index Cond: (id = 395425)

table 5 : explain SELECT c FROM sbtest5 WHERE id=3243009
	Index Scan using sbtest5_pkey on sbtest5  (cost=0.43..8.45 rows=1 width=121)
	  Index Cond: (id = 3243009)

table 6 : explain SELECT c FROM sbtest6 WHERE id=4422386
	Index Scan using sbtest6_pkey on sbtest6  (cost=0.43..8.45 rows=1 width=121)
	  Index Cond: (id = 4422386)

table 7 : explain SELECT c FROM sbtest7 WHERE id=8246435
	Index Scan using sbtest7_pkey on sbtest7  (cost=0.43..8.45 rows=1 width=121)
	  Index Cond: (id = 8246435)

table 8 : explain SELECT c FROM sbtest8 WHERE id=9420040
	Index Scan using sbtest8_pkey on sbtest8  (cost=0.43..8.45 rows=1 width=121)
	  Index Cond: (id = 9420040)

explain: for non_index_updates :: explain UPDATE sbtest%u SET c='foobar' WHERE id=%ufor deletes
table 1 : explain DELETE FROM sbtest1 WHERE id=9585429
	Delete on sbtest1  (cost=0.43..8.45 rows=1 width=6)
	  ->  Index Scan using sbtest1_pkey on sbtest1  (cost=0.43..8.45 rows=1 width=6)
	        Index Cond: (id = 9585429)

table 2 : explain DELETE FROM sbtest2 WHERE id=3502078
	Delete on sbtest2  (cost=0.43..8.45 rows=1 width=6)
	  ->  Index Scan using sbtest2_pkey on sbtest2  (cost=0.43..8.45 rows=1 width=6)
	        Index Cond: (id = 3502078)

table 3 : explain DELETE FROM sbtest3 WHERE id=8700905
	Delete on sbtest3  (cost=0.43..8.45 rows=1 width=6)
	  ->  Index Scan using sbtest3_pkey on sbtest3  (cost=0.43..8.45 rows=1 width=6)
	        Index Cond: (id = 8700905)

table 4 : explain DELETE FROM sbtest4 WHERE id=9838719
	Delete on sbtest4  (cost=0.43..8.45 rows=1 width=6)
	  ->  Index Scan using sbtest4_pkey on sbtest4  (cost=0.43..8.45 rows=1 width=6)
	        Index Cond: (id = 9838719)

table 5 : explain DELETE FROM sbtest5 WHERE id=9920055
	Delete on sbtest5  (cost=0.43..8.45 rows=1 width=6)
	  ->  Index Scan using sbtest5_pkey on sbtest5  (cost=0.43..8.45 rows=1 width=6)
	        Index Cond: (id = 9920055)

table 6 : explain DELETE FROM sbtest6 WHERE id=8140293
	Delete on sbtest6  (cost=0.43..8.45 rows=1 width=6)
	  ->  Index Scan using sbtest6_pkey on sbtest6  (cost=0.43..8.45 rows=1 width=6)
	        Index Cond: (id = 8140293)

table 7 : explain DELETE FROM sbtest7 WHERE id=9759319
	Delete on sbtest7  (cost=0.43..8.45 rows=1 width=6)
	  ->  Index Scan using sbtest7_pkey on sbtest7  (cost=0.43..8.45 rows=1 width=6)
	        Index Cond: (id = 9759319)

table 8 : explain DELETE FROM sbtest8 WHERE id=6048907
	Delete on sbtest8  (cost=0.43..8.45 rows=1 width=6)
	  ->  Index Scan using sbtest8_pkey on sbtest8  (cost=0.43..8.45 rows=1 width=6)
	        Index Cond: (id = 6048907)
for: sum_ranges
table 1 : explain SELECT SUM(k) FROM sbtest1 WHERE id BETWEEN 3246037 AND 3246046
	Aggregate  (cost=35.20..35.21 rows=1 width=8)
	  ->  Index Scan using sbtest1_pkey on sbtest1  (cost=0.43..35.18 rows=9 width=4)
	        Index Cond: ((id >= 3246037) AND (id <= 3246046))

table 2 : explain SELECT SUM(k) FROM sbtest2 WHERE id BETWEEN 9622359 AND 9622368
	Aggregate  (cost=38.44..38.45 rows=1 width=8)
	  ->  Index Scan using sbtest2_pkey on sbtest2  (cost=0.43..38.42 rows=10 width=4)
	        Index Cond: ((id >= 9622359) AND (id <= 9622368))

table 3 : explain SELECT SUM(k) FROM sbtest3 WHERE id BETWEEN 1697821 AND 1697830
	Aggregate  (cost=38.62..38.63 rows=1 width=8)
	  ->  Index Scan using sbtest3_pkey on sbtest3  (cost=0.43..38.60 rows=10 width=4)
	        Index Cond: ((id >= 1697821) AND (id <= 1697830))

table 4 : explain SELECT SUM(k) FROM sbtest4 WHERE id BETWEEN 7929816 AND 7929825
	Aggregate  (cost=35.39..35.40 rows=1 width=8)
	  ->  Index Scan using sbtest4_pkey on sbtest4  (cost=0.43..35.37 rows=9 width=4)
	        Index Cond: ((id >= 7929816) AND (id <= 7929825))

table 5 : explain SELECT SUM(k) FROM sbtest5 WHERE id BETWEEN 6066643 AND 6066652
	Aggregate  (cost=35.22..35.23 rows=1 width=8)
	  ->  Index Scan using sbtest5_pkey on sbtest5  (cost=0.43..35.20 rows=9 width=4)
	        Index Cond: ((id >= 6066643) AND (id <= 6066652))

table 6 : explain SELECT SUM(k) FROM sbtest6 WHERE id BETWEEN 4943192 AND 4943201
	Aggregate  (cost=42.63..42.64 rows=1 width=8)
	  ->  Index Scan using sbtest6_pkey on sbtest6  (cost=0.43..42.60 rows=11 width=4)
	        Index Cond: ((id >= 4943192) AND (id <= 4943201))

table 7 : explain SELECT SUM(k) FROM sbtest7 WHERE id BETWEEN 9982981 AND 9982990
	Aggregate  (cost=38.57..38.58 rows=1 width=8)
	  ->  Index Scan using sbtest7_pkey on sbtest7  (cost=0.43..38.55 rows=10 width=4)
	        Index Cond: ((id >= 9982981) AND (id <= 9982990))

table 8 : explain SELECT SUM(k) FROM sbtest8 WHERE id BETWEEN 3917660 AND 3917669
	Aggregate  (cost=38.33..38.34 rows=1 width=8)
	  ->  Index Scan using sbtest8_pkey on sbtest8  (cost=0.43..38.30 rows=10 width=4)
	        Index Cond: ((id >= 3917660) AND (id <= 3917669))

for: order_ranges
table 1 : explain SELECT c FROM sbtest1 WHERE id BETWEEN 9544360 AND 9544369 ORDER BY c
	Sort  (cost=38.68..38.71 rows=10 width=121)
	  Sort Key: c
	  ->  Index Scan using sbtest1_pkey on sbtest1  (cost=0.43..38.52 rows=10 width=121)
	        Index Cond: ((id >= 9544360) AND (id <= 9544369))

table 2 : explain SELECT c FROM sbtest2 WHERE id BETWEEN 9318144 AND 9318153 ORDER BY c
	Sort  (cost=38.58..38.61 rows=10 width=121)
	  Sort Key: c
	  ->  Index Scan using sbtest2_pkey on sbtest2  (cost=0.43..38.42 rows=10 width=121)
	        Index Cond: ((id >= 9318144) AND (id <= 9318153))

table 3 : explain SELECT c FROM sbtest3 WHERE id BETWEEN 8248417 AND 8248426 ORDER BY c
	Sort  (cost=42.14..42.16 rows=11 width=121)
	  Sort Key: c
	  ->  Index Scan using sbtest3_pkey on sbtest3  (cost=0.43..41.95 rows=11 width=121)
	        Index Cond: ((id >= 8248417) AND (id <= 8248426))

table 4 : explain SELECT c FROM sbtest4 WHERE id BETWEEN 7426219 AND 7426228 ORDER BY c
	Sort  (cost=38.90..38.92 rows=10 width=121)
	  Sort Key: c
	  ->  Index Scan using sbtest4_pkey on sbtest4  (cost=0.43..38.73 rows=10 width=121)
	        Index Cond: ((id >= 7426219) AND (id <= 7426228))

table 5 : explain SELECT c FROM sbtest5 WHERE id BETWEEN 9835627 AND 9835636 ORDER BY c
	Sort  (cost=38.71..38.73 rows=10 width=121)
	  Sort Key: c
	  ->  Index Scan using sbtest5_pkey on sbtest5  (cost=0.43..38.54 rows=10 width=121)
	        Index Cond: ((id >= 9835627) AND (id <= 9835636))

table 6 : explain SELECT c FROM sbtest6 WHERE id BETWEEN 2422818 AND 2422827 ORDER BY c
	Sort  (cost=42.79..42.82 rows=11 width=121)
	  Sort Key: c
	  ->  Index Scan using sbtest6_pkey on sbtest6  (cost=0.43..42.60 rows=11 width=121)
	        Index Cond: ((id >= 2422818) AND (id <= 2422827))

table 7 : explain SELECT c FROM sbtest7 WHERE id BETWEEN 4783979 AND 4783988 ORDER BY c
	Sort  (cost=35.35..35.37 rows=9 width=121)
	  Sort Key: c
	  ->  Index Scan using sbtest7_pkey on sbtest7  (cost=0.43..35.20 rows=9 width=121)
	        Index Cond: ((id >= 4783979) AND (id <= 4783988))

table 8 : explain SELECT c FROM sbtest8 WHERE id BETWEEN 252670 AND 252679 ORDER BY c
	Sort  (cost=35.13..35.15 rows=9 width=121)
	  Sort Key: c
	  ->  Index Scan using sbtest8_pkey on sbtest8  (cost=0.43..34.99 rows=9 width=121)
	        Index Cond: ((id >= 252670) AND (id <= 252679))


for point_selects
table 1 : explain SELECT c FROM sbtest1 WHERE id=6145751
	Index Scan using sbtest1_pkey on sbtest1  (cost=0.43..8.45 rows=1 width=121)
	  Index Cond: (id = 6145751)

table 2 : explain SELECT c FROM sbtest2 WHERE id=9227197
	Index Scan using sbtest2_pkey on sbtest2  (cost=0.43..8.45 rows=1 width=121)
	  Index Cond: (id = 9227197)

table 3 : explain SELECT c FROM sbtest3 WHERE id=1309995
	Index Scan using sbtest3_pkey on sbtest3  (cost=0.43..8.45 rows=1 width=121)
	  Index Cond: (id = 1309995)

table 4 : explain SELECT c FROM sbtest4 WHERE id=1045927
	Index Scan using sbtest4_pkey on sbtest4  (cost=0.43..8.45 rows=1 width=121)
	  Index Cond: (id = 1045927)

table 5 : explain SELECT c FROM sbtest5 WHERE id=9183829
	Index Scan using sbtest5_pkey on sbtest5  (cost=0.43..8.45 rows=1 width=121)
	  Index Cond: (id = 9183829)

table 6 : explain SELECT c FROM sbtest6 WHERE id=8569510
	Index Scan using sbtest6_pkey on sbtest6  (cost=0.43..8.45 rows=1 width=121)
	  Index Cond: (id = 8569510)

table 7 : explain SELECT c FROM sbtest7 WHERE id=7364569
	Index Scan using sbtest7_pkey on sbtest7  (cost=0.43..8.45 rows=1 width=121)
	  Index Cond: (id = 7364569)

table 8 : explain SELECT c FROM sbtest8 WHERE id=6874402
	Index Scan using sbtest8_pkey on sbtest8  (cost=0.43..8.45 rows=1 width=121)
	  Index Cond: (id = 6874402)


for inserts
table 1 : explain INSERT INTO sbtest1 (id, k, c, pad) VALUES (6877844, 13, 'foobar', 'foobar')
	Insert on sbtest1  (cost=0.00..0.01 rows=1 width=736)
	  ->  Result  (cost=0.00..0.01 rows=1 width=736)

table 2 : explain INSERT INTO sbtest2 (id, k, c, pad) VALUES (2084319, 13, 'foobar', 'foobar')
	Insert on sbtest2  (cost=0.00..0.01 rows=1 width=736)
	  ->  Result  (cost=0.00..0.01 rows=1 width=736)

table 3 : explain INSERT INTO sbtest3 (id, k, c, pad) VALUES (2286787, 13, 'foobar', 'foobar')
	Insert on sbtest3  (cost=0.00..0.01 rows=1 width=736)
	  ->  Result  (cost=0.00..0.01 rows=1 width=736)

table 4 : explain INSERT INTO sbtest4 (id, k, c, pad) VALUES (3028520, 13, 'foobar', 'foobar')
	Insert on sbtest4  (cost=0.00..0.01 rows=1 width=736)
	  ->  Result  (cost=0.00..0.01 rows=1 width=736)

table 5 : explain INSERT INTO sbtest5 (id, k, c, pad) VALUES (9461526, 13, 'foobar', 'foobar')
	Insert on sbtest5  (cost=0.00..0.01 rows=1 width=736)
	  ->  Result  (cost=0.00..0.01 rows=1 width=736)

table 6 : explain INSERT INTO sbtest6 (id, k, c, pad) VALUES (2559811, 13, 'foobar', 'foobar')
	Insert on sbtest6  (cost=0.00..0.01 rows=1 width=736)
	  ->  Result  (cost=0.00..0.01 rows=1 width=736)

table 7 : explain INSERT INTO sbtest7 (id, k, c, pad) VALUES (4116396, 13, 'foobar', 'foobar')
	Insert on sbtest7  (cost=0.00..0.01 rows=1 width=736)
	  ->  Result  (cost=0.00..0.01 rows=1 width=736)

table 8 : explain INSERT INTO sbtest8 (id, k, c, pad) VALUES (8580603, 13, 'foobar', 'foobar')
	Insert on sbtest8  (cost=0.00..0.01 rows=1 width=736)
	  ->  Result  (cost=0.00..0.01 rows=1 width=736)

for point_selects
table 1 : explain SELECT c FROM sbtest1 WHERE id=6731872
	Index Scan using sbtest1_pkey on sbtest1  (cost=0.43..8.45 rows=1 width=121)
	  Index Cond: (id = 6731872)

table 2 : explain SELECT c FROM sbtest2 WHERE id=2792345
	Index Scan using sbtest2_pkey on sbtest2  (cost=0.43..8.45 rows=1 width=121)
	  Index Cond: (id = 2792345)

table 3 : explain SELECT c FROM sbtest3 WHERE id=8091247
	Index Scan using sbtest3_pkey on sbtest3  (cost=0.43..8.45 rows=1 width=121)
	  Index Cond: (id = 8091247)

table 4 : explain SELECT c FROM sbtest4 WHERE id=3976331
	Index Scan using sbtest4_pkey on sbtest4  (cost=0.43..8.45 rows=1 width=121)
	  Index Cond: (id = 3976331)

table 5 : explain SELECT c FROM sbtest5 WHERE id=2642355
	Index Scan using sbtest5_pkey on sbtest5  (cost=0.43..8.45 rows=1 width=121)
	  Index Cond: (id = 2642355)

table 6 : explain SELECT c FROM sbtest6 WHERE id=299154
	Index Scan using sbtest6_pkey on sbtest6  (cost=0.43..8.45 rows=1 width=121)
	  Index Cond: (id = 299154)

table 7 : explain SELECT c FROM sbtest7 WHERE id=6488893
	Index Scan using sbtest7_pkey on sbtest7  (cost=0.43..8.45 rows=1 width=121)
	  Index Cond: (id = 6488893)

table 8 : explain SELECT c FROM sbtest8 WHERE id=348233
	Index Scan using sbtest8_pkey on sbtest8  (cost=0.43..8.45 rows=1 width=121)
	  Index Cond: (id = 348233)

for index_updates
table 1 : explain UPDATE sbtest1 SET k=k+1 WHERE id=2658553
	Update on sbtest1  (cost=0.43..8.46 rows=1 width=196)
	  ->  Index Scan using sbtest1_pkey on sbtest1  (cost=0.43..8.46 rows=1 width=196)
	        Index Cond: (id = 2658553)

table 2 : explain UPDATE sbtest2 SET k=k+1 WHERE id=2128739
	Update on sbtest2  (cost=0.43..8.46 rows=1 width=196)
	  ->  Index Scan using sbtest2_pkey on sbtest2  (cost=0.43..8.46 rows=1 width=196)
	        Index Cond: (id = 2128739)

table 3 : explain UPDATE sbtest3 SET k=k+1 WHERE id=6003618
	Update on sbtest3  (cost=0.43..8.46 rows=1 width=196)
	  ->  Index Scan using sbtest3_pkey on sbtest3  (cost=0.43..8.46 rows=1 width=196)
	        Index Cond: (id = 6003618)

table 4 : explain UPDATE sbtest4 SET k=k+1 WHERE id=2437857
	Update on sbtest4  (cost=0.43..8.46 rows=1 width=196)
	  ->  Index Scan using sbtest4_pkey on sbtest4  (cost=0.43..8.46 rows=1 width=196)
	        Index Cond: (id = 2437857)

table 5 : explain UPDATE sbtest5 SET k=k+1 WHERE id=3367058
	Update on sbtest5  (cost=0.43..8.46 rows=1 width=196)
	  ->  Index Scan using sbtest5_pkey on sbtest5  (cost=0.43..8.46 rows=1 width=196)
	        Index Cond: (id = 3367058)

table 6 : explain UPDATE sbtest6 SET k=k+1 WHERE id=4581920
	Update on sbtest6  (cost=0.43..8.46 rows=1 width=196)
	  ->  Index Scan using sbtest6_pkey on sbtest6  (cost=0.43..8.46 rows=1 width=196)
	        Index Cond: (id = 4581920)

table 7 : explain UPDATE sbtest7 SET k=k+1 WHERE id=312301
	Update on sbtest7  (cost=0.43..8.46 rows=1 width=196)
	  ->  Index Scan using sbtest7_pkey on sbtest7  (cost=0.43..8.46 rows=1 width=196)
	        Index Cond: (id = 312301)

table 8 : explain UPDATE sbtest8 SET k=k+1 WHERE id=9040284
	Update on sbtest8  (cost=0.43..8.46 rows=1 width=196)
	  ->  Index Scan using sbtest8_pkey on sbtest8  (cost=0.43..8.46 rows=1 width=196)
	        Index Cond: (id = 9040284)

for point_selects
table 1 : explain SELECT c FROM sbtest1 WHERE id=3449156
	Index Scan using sbtest1_pkey on sbtest1  (cost=0.43..8.45 rows=1 width=121)
	  Index Cond: (id = 3449156)

table 2 : explain SELECT c FROM sbtest2 WHERE id=1351755
	Index Scan using sbtest2_pkey on sbtest2  (cost=0.43..8.45 rows=1 width=121)
	  Index Cond: (id = 1351755)

table 3 : explain SELECT c FROM sbtest3 WHERE id=813857
	Index Scan using sbtest3_pkey on sbtest3  (cost=0.43..8.45 rows=1 width=121)
	  Index Cond: (id = 813857)

table 4 : explain SELECT c FROM sbtest4 WHERE id=3859821
	Index Scan using sbtest4_pkey on sbtest4  (cost=0.43..8.45 rows=1 width=121)
	  Index Cond: (id = 3859821)

table 5 : explain SELECT c FROM sbtest5 WHERE id=1804842
	Index Scan using sbtest5_pkey on sbtest5  (cost=0.43..8.45 rows=1 width=121)
	  Index Cond: (id = 1804842)

table 6 : explain SELECT c FROM sbtest6 WHERE id=6505326
	Index Scan using sbtest6_pkey on sbtest6  (cost=0.43..8.45 rows=1 width=121)
	  Index Cond: (id = 6505326)

table 7 : explain SELECT c FROM sbtest7 WHERE id=1791339
	Index Scan using sbtest7_pkey on sbtest7  (cost=0.43..8.45 rows=1 width=121)
	  Index Cond: (id = 1791339)

table 8 : explain SELECT c FROM sbtest8 WHERE id=7385231
	Index Scan using sbtest8_pkey on sbtest8  (cost=0.43..8.45 rows=1 width=121)
	  Index Cond: (id = 7385231)

for index_updates
table 1 : explain UPDATE sbtest1 SET k=k+1 WHERE id=3724530
	Update on sbtest1  (cost=0.43..8.46 rows=1 width=196)
	  ->  Index Scan using sbtest1_pkey on sbtest1  (cost=0.43..8.46 rows=1 width=196)
	        Index Cond: (id = 3724530)

table 2 : explain UPDATE sbtest2 SET k=k+1 WHERE id=4835563
	Update on sbtest2  (cost=0.43..8.46 rows=1 width=196)
	  ->  Index Scan using sbtest2_pkey on sbtest2  (cost=0.43..8.46 rows=1 width=196)
	        Index Cond: (id = 4835563)

table 3 : explain UPDATE sbtest3 SET k=k+1 WHERE id=3945331
	Update on sbtest3  (cost=0.43..8.46 rows=1 width=196)
	  ->  Index Scan using sbtest3_pkey on sbtest3  (cost=0.43..8.46 rows=1 width=196)
	        Index Cond: (id = 3945331)

table 4 : explain UPDATE sbtest4 SET k=k+1 WHERE id=7848230
	Update on sbtest4  (cost=0.43..8.46 rows=1 width=196)
	  ->  Index Scan using sbtest4_pkey on sbtest4  (cost=0.43..8.46 rows=1 width=196)
	        Index Cond: (id = 7848230)

table 5 : explain UPDATE sbtest5 SET k=k+1 WHERE id=2469705
	Update on sbtest5  (cost=0.43..8.46 rows=1 width=196)
	  ->  Index Scan using sbtest5_pkey on sbtest5  (cost=0.43..8.46 rows=1 width=196)
	        Index Cond: (id = 2469705)

table 6 : explain UPDATE sbtest6 SET k=k+1 WHERE id=4111423
	Update on sbtest6  (cost=0.43..8.46 rows=1 width=196)
	  ->  Index Scan using sbtest6_pkey on sbtest6  (cost=0.43..8.46 rows=1 width=196)
	        Index Cond: (id = 4111423)

table 7 : explain UPDATE sbtest7 SET k=k+1 WHERE id=6073971
	Update on sbtest7  (cost=0.43..8.46 rows=1 width=196)
	  ->  Index Scan using sbtest7_pkey on sbtest7  (cost=0.43..8.46 rows=1 width=196)
	        Index Cond: (id = 6073971)

table 8 : explain UPDATE sbtest8 SET k=k+1 WHERE id=6013688
	Update on sbtest8  (cost=0.43..8.46 rows=1 width=196)
	  ->  Index Scan using sbtest8_pkey on sbtest8  (cost=0.43..8.46 rows=1 width=196)
	        Index Cond: (id = 6013688)

for: order_ranges
table 1 : explain SELECT c FROM sbtest1 WHERE id BETWEEN 8199508 AND 8199517 ORDER BY c
	Sort  (cost=38.68..38.71 rows=10 width=121)
	  Sort Key: c
	  ->  Index Scan using sbtest1_pkey on sbtest1  (cost=0.43..38.52 rows=10 width=121)
	        Index Cond: ((id >= 8199508) AND (id <= 8199517))

table 2 : explain SELECT c FROM sbtest2 WHERE id BETWEEN 1548221 AND 1548230 ORDER BY c
	Sort  (cost=38.58..38.61 rows=10 width=121)
	  Sort Key: c
	  ->  Index Scan using sbtest2_pkey on sbtest2  (cost=0.43..38.42 rows=10 width=121)
	        Index Cond: ((id >= 1548221) AND (id <= 1548230))

table 3 : explain SELECT c FROM sbtest3 WHERE id BETWEEN 386602 AND 386611 ORDER BY c
	Sort  (cost=42.14..42.16 rows=11 width=121)
	  Sort Key: c
	  ->  Index Scan using sbtest3_pkey on sbtest3  (cost=0.43..41.95 rows=11 width=121)
	        Index Cond: ((id >= 386602) AND (id <= 386611))

table 4 : explain SELECT c FROM sbtest4 WHERE id BETWEEN 2246354 AND 2246363 ORDER BY c
	Sort  (cost=38.90..38.92 rows=10 width=121)
	  Sort Key: c
	  ->  Index Scan using sbtest4_pkey on sbtest4  (cost=0.43..38.73 rows=10 width=121)
	        Index Cond: ((id >= 2246354) AND (id <= 2246363))

table 5 : explain SELECT c FROM sbtest5 WHERE id BETWEEN 5525314 AND 5525323 ORDER BY c
	Sort  (cost=38.71..38.73 rows=10 width=121)
	  Sort Key: c
	  ->  Index Scan using sbtest5_pkey on sbtest5  (cost=0.43..38.54 rows=10 width=121)
	        Index Cond: ((id >= 5525314) AND (id <= 5525323))

table 6 : explain SELECT c FROM sbtest6 WHERE id BETWEEN 2897268 AND 2897277 ORDER BY c
	Sort  (cost=42.79..42.82 rows=11 width=121)
	  Sort Key: c
	  ->  Index Scan using sbtest6_pkey on sbtest6  (cost=0.43..42.60 rows=11 width=121)
	        Index Cond: ((id >= 2897268) AND (id <= 2897277))

table 7 : explain SELECT c FROM sbtest7 WHERE id BETWEEN 743634 AND 743643 ORDER BY c
	Sort  (cost=38.71..38.74 rows=10 width=121)
	  Sort Key: c
	  ->  Index Scan using sbtest7_pkey on sbtest7  (cost=0.43..38.55 rows=10 width=121)
	        Index Cond: ((id >= 743634) AND (id <= 743643))

table 8 : explain SELECT c FROM sbtest8 WHERE id BETWEEN 5454831 AND 5454840 ORDER BY c
	Sort  (cost=35.13..35.15 rows=9 width=121)
	  Sort Key: c
	  ->  Index Scan using sbtest8_pkey on sbtest8  (cost=0.43..34.99 rows=9 width=121)
	        Index Cond: ((id >= 5454831) AND (id <= 5454840))

explain: for point_selects :: explain SELECT c FROM sbtest%u WHERE id=%u
for deletes
table 1 : explain DELETE FROM sbtest1 WHERE id=1301876
	Delete on sbtest1  (cost=0.43..8.45 rows=1 width=6)
	  ->  Index Scan using sbtest1_pkey on sbtest1  (cost=0.43..8.45 rows=1 width=6)
	        Index Cond: (id = 1301876)

table 2 : explain DELETE FROM sbtest2 WHERE id=5118044
	Delete on sbtest2  (cost=0.43..8.45 rows=1 width=6)
	  ->  Index Scan using sbtest2_pkey on sbtest2  (cost=0.43..8.45 rows=1 width=6)
	        Index Cond: (id = 5118044)

table 3 : explain DELETE FROM sbtest3 WHERE id=9042664
	Delete on sbtest3  (cost=0.43..8.45 rows=1 width=6)
	  ->  Index Scan using sbtest3_pkey on sbtest3  (cost=0.43..8.45 rows=1 width=6)
	        Index Cond: (id = 9042664)

table 4 : explain DELETE FROM sbtest4 WHERE id=9797393
	Delete on sbtest4  (cost=0.43..8.45 rows=1 width=6)
	  ->  Index Scan using sbtest4_pkey on sbtest4  (cost=0.43..8.45 rows=1 width=6)
	        Index Cond: (id = 9797393)

table 5 : explain DELETE FROM sbtest5 WHERE id=9147619
	Delete on sbtest5  (cost=0.43..8.45 rows=1 width=6)
	  ->  Index Scan using sbtest5_pkey on sbtest5  (cost=0.43..8.45 rows=1 width=6)
	        Index Cond: (id = 9147619)

table 6 : explain DELETE FROM sbtest6 WHERE id=6422111
	Delete on sbtest6  (cost=0.43..8.45 rows=1 width=6)
	  ->  Index Scan using sbtest6_pkey on sbtest6  (cost=0.43..8.45 rows=1 width=6)
	        Index Cond: (id = 6422111)

table 7 : explain DELETE FROM sbtest7 WHERE id=731817
	Delete on sbtest7  (cost=0.43..8.45 rows=1 width=6)
	  ->  Index Scan using sbtest7_pkey on sbtest7  (cost=0.43..8.45 rows=1 width=6)
	        Index Cond: (id = 731817)

table 8 : explain DELETE FROM sbtest8 WHERE id=4910125
	Delete on sbtest8  (cost=0.43..8.45 rows=1 width=6)
	  ->  Index Scan using sbtest8_pkey on sbtest8  (cost=0.43..8.45 rows=1 width=6)
	        Index Cond: (id = 4910125)

for: distinct_ranges
table 1 : explain SELECT DISTINCT c FROM sbtest1 WHERE id BETWEEN 4592248 AND 4592257 ORDER BY c
	Unique  (cost=38.68..38.73 rows=10 width=121)
	  ->  Sort  (cost=38.68..38.71 rows=10 width=121)
	        Sort Key: c
	        ->  Index Scan using sbtest1_pkey on sbtest1  (cost=0.43..38.52 rows=10 width=121)
	              Index Cond: ((id >= 4592248) AND (id <= 4592257))

table 2 : explain SELECT DISTINCT c FROM sbtest2 WHERE id BETWEEN 5856136 AND 5856145 ORDER BY c
	Unique  (cost=38.58..38.63 rows=10 width=121)
	  ->  Sort  (cost=38.58..38.61 rows=10 width=121)
	        Sort Key: c
	        ->  Index Scan using sbtest2_pkey on sbtest2  (cost=0.43..38.42 rows=10 width=121)
	              Index Cond: ((id >= 5856136) AND (id <= 5856145))

table 3 : explain SELECT DISTINCT c FROM sbtest3 WHERE id BETWEEN 4591570 AND 4591579 ORDER BY c
	Unique  (cost=38.76..38.81 rows=10 width=121)
	  ->  Sort  (cost=38.76..38.79 rows=10 width=121)
	        Sort Key: c
	        ->  Index Scan using sbtest3_pkey on sbtest3  (cost=0.43..38.60 rows=10 width=121)
	              Index Cond: ((id >= 4591570) AND (id <= 4591579))

table 4 : explain SELECT DISTINCT c FROM sbtest4 WHERE id BETWEEN 2840311 AND 2840320 ORDER BY c
	Unique  (cost=38.90..38.95 rows=10 width=121)
	  ->  Sort  (cost=38.90..38.92 rows=10 width=121)
	        Sort Key: c
	        ->  Index Scan using sbtest4_pkey on sbtest4  (cost=0.43..38.73 rows=10 width=121)
	              Index Cond: ((id >= 2840311) AND (id <= 2840320))

table 5 : explain SELECT DISTINCT c FROM sbtest5 WHERE id BETWEEN 4967211 AND 4967220 ORDER BY c
	Unique  (cost=38.71..38.76 rows=10 width=121)
	  ->  Sort  (cost=38.71..38.73 rows=10 width=121)
	        Sort Key: c
	        ->  Index Scan using sbtest5_pkey on sbtest5  (cost=0.43..38.54 rows=10 width=121)
	              Index Cond: ((id >= 4967211) AND (id <= 4967220))

table 6 : explain SELECT DISTINCT c FROM sbtest6 WHERE id BETWEEN 5093662 AND 5093671 ORDER BY c
	Unique  (cost=39.36..39.41 rows=10 width=121)
	  ->  Sort  (cost=39.36..39.38 rows=10 width=121)
	        Sort Key: c
	        ->  Index Scan using sbtest6_pkey on sbtest6  (cost=0.43..39.19 rows=10 width=121)
	              Index Cond: ((id >= 5093662) AND (id <= 5093671))

table 7 : explain SELECT DISTINCT c FROM sbtest7 WHERE id BETWEEN 6308237 AND 6308246 ORDER BY c
	Unique  (cost=38.71..38.76 rows=10 width=121)
	  ->  Sort  (cost=38.71..38.74 rows=10 width=121)
	        Sort Key: c
	        ->  Index Scan using sbtest7_pkey on sbtest7  (cost=0.43..38.55 rows=10 width=121)
	              Index Cond: ((id >= 6308237) AND (id <= 6308246))

table 8 : explain SELECT DISTINCT c FROM sbtest8 WHERE id BETWEEN 6957010 AND 6957019 ORDER BY c
	Unique  (cost=38.47..38.52 rows=10 width=121)
	  ->  Sort  (cost=38.47..38.50 rows=10 width=121)
	        Sort Key: c
	        ->  Index Scan using sbtest8_pkey on sbtest8  (cost=0.43..38.30 rows=10 width=121)
	              Index Cond: ((id >= 6957010) AND (id <= 6957019))

for: distinct_ranges
table 1 : explain SELECT DISTINCT c FROM sbtest1 WHERE id BETWEEN 5680191 AND 5680200 ORDER BY c
	Unique  (cost=42.05..42.10 rows=11 width=121)
	  ->  Sort  (cost=42.05..42.08 rows=11 width=121)
	        Sort Key: c
	        ->  Index Scan using sbtest1_pkey on sbtest1  (cost=0.43..41.86 rows=11 width=121)
	              Index Cond: ((id >= 5680191) AND (id <= 5680200))

table 2 : explain SELECT DISTINCT c FROM sbtest2 WHERE id BETWEEN 9577064 AND 9577073 ORDER BY c
	Unique  (cost=41.94..41.99 rows=11 width=121)
	  ->  Sort  (cost=41.94..41.96 rows=11 width=121)
	        Sort Key: c
	        ->  Index Scan using sbtest2_pkey on sbtest2  (cost=0.43..41.75 rows=11 width=121)
	              Index Cond: ((id >= 9577064) AND (id <= 9577073))

table 3 : explain SELECT DISTINCT c FROM sbtest3 WHERE id BETWEEN 2581435 AND 2581444 ORDER BY c
	Unique  (cost=38.76..38.81 rows=10 width=121)
	  ->  Sort  (cost=38.76..38.79 rows=10 width=121)
	        Sort Key: c
	        ->  Index Scan using sbtest3_pkey on sbtest3  (cost=0.43..38.60 rows=10 width=121)
	              Index Cond: ((id >= 2581435) AND (id <= 2581444))

table 4 : explain SELECT DISTINCT c FROM sbtest4 WHERE id BETWEEN 5614782 AND 5614791 ORDER BY c
	Unique  (cost=35.51..35.56 rows=9 width=121)
	  ->  Sort  (cost=35.51..35.53 rows=9 width=121)
	        Sort Key: c
	        ->  Index Scan using sbtest4_pkey on sbtest4  (cost=0.43..35.37 rows=9 width=121)
	              Index Cond: ((id >= 5614782) AND (id <= 5614791))

table 5 : explain SELECT DISTINCT c FROM sbtest5 WHERE id BETWEEN 6966906 AND 6966915 ORDER BY c
	Unique  (cost=38.71..38.76 rows=10 width=121)
	  ->  Sort  (cost=38.71..38.73 rows=10 width=121)
	        Sort Key: c
	        ->  Index Scan using sbtest5_pkey on sbtest5  (cost=0.43..38.54 rows=10 width=121)
	              Index Cond: ((id >= 6966906) AND (id <= 6966915))

table 6 : explain SELECT DISTINCT c FROM sbtest6 WHERE id BETWEEN 6507652 AND 6507661 ORDER BY c
	Unique  (cost=39.36..39.41 rows=10 width=121)
	  ->  Sort  (cost=39.36..39.38 rows=10 width=121)
	        Sort Key: c
	        ->  Index Scan using sbtest6_pkey on sbtest6  (cost=0.43..39.19 rows=10 width=121)
	              Index Cond: ((id >= 6507652) AND (id <= 6507661))

table 7 : explain SELECT DISTINCT c FROM sbtest7 WHERE id BETWEEN 4274467 AND 4274476 ORDER BY c
	Unique  (cost=35.35..35.39 rows=9 width=121)
	  ->  Sort  (cost=35.35..35.37 rows=9 width=121)
	        Sort Key: c
	        ->  Index Scan using sbtest7_pkey on sbtest7  (cost=0.43..35.20 rows=9 width=121)
	              Index Cond: ((id >= 4274467) AND (id <= 4274476))

table 8 : explain SELECT DISTINCT c FROM sbtest8 WHERE id BETWEEN 6490920 AND 6490929 ORDER BY c
	Unique  (cost=38.47..38.52 rows=10 width=121)
	  ->  Sort  (cost=38.47..38.50 rows=10 width=121)
	        Sort Key: c
	        ->  Index Scan using sbtest8_pkey on sbtest8  (cost=0.43..38.30 rows=10 width=121)
	              Index Cond: ((id >= 6490920) AND (id <= 6490929))

for: simple_ranges
table 1 : explain SELECT c FROM sbtest1 WHERE id BETWEEN 1538557 AND 1538566
	Index Scan using sbtest1_pkey on sbtest1  (cost=0.43..38.52 rows=10 width=121)
	  Index Cond: ((id >= 1538557) AND (id <= 1538566))

table 2 : explain SELECT c FROM sbtest2 WHERE id BETWEEN 1241805 AND 1241814
	Index Scan using sbtest2_pkey on sbtest2  (cost=0.43..38.42 rows=10 width=121)
	  Index Cond: ((id >= 1241805) AND (id <= 1241814))

table 3 : explain SELECT c FROM sbtest3 WHERE id BETWEEN 3648173 AND 3648182
	Index Scan using sbtest3_pkey on sbtest3  (cost=0.43..38.60 rows=10 width=121)
	  Index Cond: ((id >= 3648173) AND (id <= 3648182))

table 4 : explain SELECT c FROM sbtest4 WHERE id BETWEEN 1851759 AND 1851768
	Index Scan using sbtest4_pkey on sbtest4  (cost=0.43..38.73 rows=10 width=121)
	  Index Cond: ((id >= 1851759) AND (id <= 1851768))

table 5 : explain SELECT c FROM sbtest5 WHERE id BETWEEN 2027401 AND 2027410
	Index Scan using sbtest5_pkey on sbtest5  (cost=0.43..38.54 rows=10 width=121)
	  Index Cond: ((id >= 2027401) AND (id <= 2027410))

table 6 : explain SELECT c FROM sbtest6 WHERE id BETWEEN 9715812 AND 9715821
	Index Scan using sbtest6_pkey on sbtest6  (cost=0.43..42.60 rows=11 width=121)
	  Index Cond: ((id >= 9715812) AND (id <= 9715821))

table 7 : explain SELECT c FROM sbtest7 WHERE id BETWEEN 1735989 AND 1735998
	Index Scan using sbtest7_pkey on sbtest7  (cost=0.43..38.55 rows=10 width=121)
	  Index Cond: ((id >= 1735989) AND (id <= 1735998))

table 8 : explain SELECT c FROM sbtest8 WHERE id BETWEEN 277382 AND 277391
	Index Scan using sbtest8_pkey on sbtest8  (cost=0.43..34.99 rows=9 width=121)
	  Index Cond: ((id >= 277382) AND (id <= 277391))

for: sum_ranges
table 1 : explain SELECT SUM(k) FROM sbtest1 WHERE id BETWEEN 5619598 AND 5619607
	Aggregate  (cost=38.54..38.55 rows=1 width=8)
	  ->  Index Scan using sbtest1_pkey on sbtest1  (cost=0.43..38.52 rows=10 width=4)
	        Index Cond: ((id >= 5619598) AND (id <= 5619607))

table 2 : explain SELECT SUM(k) FROM sbtest2 WHERE id BETWEEN 5554239 AND 5554248
	Aggregate  (cost=38.44..38.45 rows=1 width=8)
	  ->  Index Scan using sbtest2_pkey on sbtest2  (cost=0.43..38.42 rows=10 width=4)
	        Index Cond: ((id >= 5554239) AND (id <= 5554248))

table 3 : explain SELECT SUM(k) FROM sbtest3 WHERE id BETWEEN 8281312 AND 8281321
	Aggregate  (cost=41.97..41.98 rows=1 width=8)
	  ->  Index Scan using sbtest3_pkey on sbtest3  (cost=0.43..41.95 rows=11 width=4)
	        Index Cond: ((id >= 8281312) AND (id <= 8281321))

table 4 : explain SELECT SUM(k) FROM sbtest4 WHERE id BETWEEN 1807294 AND 1807303
	Aggregate  (cost=38.76..38.77 rows=1 width=8)
	  ->  Index Scan using sbtest4_pkey on sbtest4  (cost=0.43..38.73 rows=10 width=4)
	        Index Cond: ((id >= 1807294) AND (id <= 1807303))

table 5 : explain SELECT SUM(k) FROM sbtest5 WHERE id BETWEEN 3814734 AND 3814743
	Aggregate  (cost=38.57..38.58 rows=1 width=8)
	  ->  Index Scan using sbtest5_pkey on sbtest5  (cost=0.43..38.54 rows=10 width=4)
	        Index Cond: ((id >= 3814734) AND (id <= 3814743))

table 6 : explain SELECT SUM(k) FROM sbtest6 WHERE id BETWEEN 1618402 AND 1618411
	Aggregate  (cost=35.80..35.81 rows=1 width=8)
	  ->  Index Scan using sbtest6_pkey on sbtest6  (cost=0.43..35.77 rows=9 width=4)
	        Index Cond: ((id >= 1618402) AND (id <= 1618411))

table 7 : explain SELECT SUM(k) FROM sbtest7 WHERE id BETWEEN 416521 AND 416530
	Aggregate  (cost=38.57..38.58 rows=1 width=8)
	  ->  Index Scan using sbtest7_pkey on sbtest7  (cost=0.43..38.55 rows=10 width=4)
	        Index Cond: ((id >= 416521) AND (id <= 416530))

table 8 : explain SELECT SUM(k) FROM sbtest8 WHERE id BETWEEN 7124580 AND 7124589
	Aggregate  (cost=41.65..41.66 rows=1 width=8)
	  ->  Index Scan using sbtest8_pkey on sbtest8  (cost=0.43..41.62 rows=11 width=4)
	        Index Cond: ((id >= 7124580) AND (id <= 7124589))

for: order_ranges
table 1 : explain SELECT c FROM sbtest1 WHERE id BETWEEN 1519415 AND 1519424 ORDER BY c
	Sort  (cost=38.68..38.71 rows=10 width=121)
	  Sort Key: c
	  ->  Index Scan using sbtest1_pkey on sbtest1  (cost=0.43..38.52 rows=10 width=121)
	        Index Cond: ((id >= 1519415) AND (id <= 1519424))

table 2 : explain SELECT c FROM sbtest2 WHERE id BETWEEN 7839785 AND 7839794 ORDER BY c
	Sort  (cost=38.58..38.61 rows=10 width=121)
	  Sort Key: c
	  ->  Index Scan using sbtest2_pkey on sbtest2  (cost=0.43..38.42 rows=10 width=121)
	        Index Cond: ((id >= 7839785) AND (id <= 7839794))

table 3 : explain SELECT c FROM sbtest3 WHERE id BETWEEN 2955594 AND 2955603 ORDER BY c
	Sort  (cost=35.39..35.41 rows=9 width=121)
	  Sort Key: c
	  ->  Index Scan using sbtest3_pkey on sbtest3  (cost=0.43..35.25 rows=9 width=121)
	        Index Cond: ((id >= 2955594) AND (id <= 2955603))

table 4 : explain SELECT c FROM sbtest4 WHERE id BETWEEN 3397102 AND 3397111 ORDER BY c
	Sort  (cost=35.51..35.53 rows=9 width=121)
	  Sort Key: c
	  ->  Index Scan using sbtest4_pkey on sbtest4  (cost=0.43..35.37 rows=9 width=121)
	        Index Cond: ((id >= 3397102) AND (id <= 3397111))

table 5 : explain SELECT c FROM sbtest5 WHERE id BETWEEN 6977244 AND 6977253 ORDER BY c
	Sort  (cost=38.71..38.73 rows=10 width=121)
	  Sort Key: c
	  ->  Index Scan using sbtest5_pkey on sbtest5  (cost=0.43..38.54 rows=10 width=121)
	        Index Cond: ((id >= 6977244) AND (id <= 6977253))

table 6 : explain SELECT c FROM sbtest6 WHERE id BETWEEN 4202463 AND 4202472 ORDER BY c
	Sort  (cost=35.92..35.94 rows=9 width=121)
	  Sort Key: c
	  ->  Index Scan using sbtest6_pkey on sbtest6  (cost=0.43..35.77 rows=9 width=121)
	        Index Cond: ((id >= 4202463) AND (id <= 4202472))

table 7 : explain SELECT c FROM sbtest7 WHERE id BETWEEN 2613987 AND 2613996 ORDER BY c
	Sort  (cost=35.35..35.37 rows=9 width=121)
	  Sort Key: c
	  ->  Index Scan using sbtest7_pkey on sbtest7  (cost=0.43..35.20 rows=9 width=121)
	        Index Cond: ((id >= 2613987) AND (id <= 2613996))

table 8 : explain SELECT c FROM sbtest8 WHERE id BETWEEN 5582869 AND 5582878 ORDER BY c
	Sort  (cost=38.47..38.50 rows=10 width=121)
	  Sort Key: c
	  ->  Index Scan using sbtest8_pkey on sbtest8  (cost=0.43..38.30 rows=10 width=121)
	        Index Cond: ((id >= 5582869) AND (id <= 5582878))

explain: for index_updates :: explain UPDATE sbtest%u SET k=k+1 WHERE id=%u
explain: for index_updates :: explain UPDATE sbtest%u SET k=k+1 WHERE id=%u
for: order_ranges
table 1 : explain SELECT c FROM sbtest1 WHERE id BETWEEN 5608261 AND 5608270 ORDER BY c
	Sort  (cost=38.68..38.71 rows=10 width=121)
	  Sort Key: c
	  ->  Index Scan using sbtest1_pkey on sbtest1  (cost=0.43..38.52 rows=10 width=121)
	        Index Cond: ((id >= 5608261) AND (id <= 5608270))

table 2 : explain SELECT c FROM sbtest2 WHERE id BETWEEN 8713766 AND 8713775 ORDER BY c
	Sort  (cost=38.58..38.61 rows=10 width=121)
	  Sort Key: c
	  ->  Index Scan using sbtest2_pkey on sbtest2  (cost=0.43..38.42 rows=10 width=121)
	        Index Cond: ((id >= 8713766) AND (id <= 8713775))

table 3 : explain SELECT c FROM sbtest3 WHERE id BETWEEN 5747214 AND 5747223 ORDER BY c
	Sort  (cost=38.76..38.79 rows=10 width=121)
	  Sort Key: c
	  ->  Index Scan using sbtest3_pkey on sbtest3  (cost=0.43..38.60 rows=10 width=121)
	        Index Cond: ((id >= 5747214) AND (id <= 5747223))

table 4 : explain SELECT c FROM sbtest4 WHERE id BETWEEN 8441180 AND 8441189 ORDER BY c
	Sort  (cost=38.90..38.92 rows=10 width=121)
	  Sort Key: c
	  ->  Index Scan using sbtest4_pkey on sbtest4  (cost=0.43..38.73 rows=10 width=121)
	        Index Cond: ((id >= 8441180) AND (id <= 8441189))

table 5 : explain SELECT c FROM sbtest5 WHERE id BETWEEN 6816088 AND 6816097 ORDER BY c
	Sort  (cost=38.71..38.73 rows=10 width=121)
	  Sort Key: c
	  ->  Index Scan using sbtest5_pkey on sbtest5  (cost=0.43..38.54 rows=10 width=121)
	        Index Cond: ((id >= 6816088) AND (id <= 6816097))

table 6 : explain SELECT c FROM sbtest6 WHERE id BETWEEN 7487095 AND 7487104 ORDER BY c
	Sort  (cost=42.79..42.82 rows=11 width=121)
	  Sort Key: c
	  ->  Index Scan using sbtest6_pkey on sbtest6  (cost=0.43..42.60 rows=11 width=121)
	        Index Cond: ((id >= 7487095) AND (id <= 7487104))

table 7 : explain SELECT c FROM sbtest7 WHERE id BETWEEN 8250045 AND 8250054 ORDER BY c
	Sort  (cost=42.08..42.11 rows=11 width=121)
	  Sort Key: c
	  ->  Index Scan using sbtest7_pkey on sbtest7  (cost=0.43..41.89 rows=11 width=121)
	        Index Cond: ((id >= 8250045) AND (id <= 8250054))

table 8 : explain SELECT c FROM sbtest8 WHERE id BETWEEN 8947536 AND 8947545 ORDER BY c
	Sort  (cost=38.47..38.50 rows=10 width=121)
	  Sort Key: c
	  ->  Index Scan using sbtest8_pkey on sbtest8  (cost=0.43..38.30 rows=10 width=121)
	        Index Cond: ((id >= 8947536) AND (id <= 8947545))

explain: for non_index_updates :: explain UPDATE sbtest%u SET c='foobar' WHERE id=%u
explain: for inserts :: explain INSERT INTO sbtest%u (id, k, c, pad) VALUES (%u, 13, 'foobar', 'foobar')
for: sum_ranges
table 1 : explain SELECT SUM(k) FROM sbtest1 WHERE id BETWEEN 7353502 AND 7353511
	Aggregate  (cost=38.54..38.55 rows=1 width=8)
	  ->  Index Scan using sbtest1_pkey on sbtest1  (cost=0.43..38.52 rows=10 width=4)
	        Index Cond: ((id >= 7353502) AND (id <= 7353511))

table 2 : explain SELECT SUM(k) FROM sbtest2 WHERE id BETWEEN 3171792 AND 3171801
	Aggregate  (cost=35.11..35.12 rows=1 width=8)
	  ->  Index Scan using sbtest2_pkey on sbtest2  (cost=0.43..35.09 rows=9 width=4)
	        Index Cond: ((id >= 3171792) AND (id <= 3171801))

table 3 : explain SELECT SUM(k) FROM sbtest3 WHERE id BETWEEN 390658 AND 390667
	Aggregate  (cost=41.97..41.98 rows=1 width=8)
	  ->  Index Scan using sbtest3_pkey on sbtest3  (cost=0.43..41.95 rows=11 width=4)
	        Index Cond: ((id >= 390658) AND (id <= 390667))

table 4 : explain SELECT SUM(k) FROM sbtest4 WHERE id BETWEEN 1140019 AND 1140028
	Aggregate  (cost=38.76..38.77 rows=1 width=8)
	  ->  Index Scan using sbtest4_pkey on sbtest4  (cost=0.43..38.73 rows=10 width=4)
	        Index Cond: ((id >= 1140019) AND (id <= 1140028))

table 5 : explain SELECT SUM(k) FROM sbtest5 WHERE id BETWEEN 8122125 AND 8122134
	Aggregate  (cost=38.57..38.58 rows=1 width=8)
	  ->  Index Scan using sbtest5_pkey on sbtest5  (cost=0.43..38.54 rows=10 width=4)
	        Index Cond: ((id >= 8122125) AND (id <= 8122134))

table 6 : explain SELECT SUM(k) FROM sbtest6 WHERE id BETWEEN 4788522 AND 4788531
	Aggregate  (cost=42.63..42.64 rows=1 width=8)
	  ->  Index Scan using sbtest6_pkey on sbtest6  (cost=0.43..42.60 rows=11 width=4)
	        Index Cond: ((id >= 4788522) AND (id <= 4788531))

table 7 : explain SELECT SUM(k) FROM sbtest7 WHERE id BETWEEN 9191401 AND 9191410
	Aggregate  (cost=41.92..41.93 rows=1 width=8)
	  ->  Index Scan using sbtest7_pkey on sbtest7  (cost=0.43..41.89 rows=11 width=4)
	        Index Cond: ((id >= 9191401) AND (id <= 9191410))

table 8 : explain SELECT SUM(k) FROM sbtest8 WHERE id BETWEEN 4382648 AND 4382657
	Aggregate  (cost=35.01..35.02 rows=1 width=8)
	  ->  Index Scan using sbtest8_pkey on sbtest8  (cost=0.43..34.99 rows=9 width=4)
	        Index Cond: ((id >= 4382648) AND (id <= 4382657))

for: simple_ranges
table 1 : explain SELECT c FROM sbtest1 WHERE id BETWEEN 3428144 AND 3428153
	Index Scan using sbtest1_pkey on sbtest1  (cost=0.43..41.86 rows=11 width=121)
	  Index Cond: ((id >= 3428144) AND (id <= 3428153))

table 2 : explain SELECT c FROM sbtest2 WHERE id BETWEEN 8829407 AND 8829416
	Index Scan using sbtest2_pkey on sbtest2  (cost=0.43..38.42 rows=10 width=121)
	  Index Cond: ((id >= 8829407) AND (id <= 8829416))

table 3 : explain SELECT c FROM sbtest3 WHERE id BETWEEN 2620965 AND 2620974
	Index Scan using sbtest3_pkey on sbtest3  (cost=0.43..45.30 rows=12 width=121)
	  Index Cond: ((id >= 2620965) AND (id <= 2620974))

table 4 : explain SELECT c FROM sbtest4 WHERE id BETWEEN 1644445 AND 1644454
	Index Scan using sbtest4_pkey on sbtest4  (cost=0.43..38.73 rows=10 width=121)
	  Index Cond: ((id >= 1644445) AND (id <= 1644454))

table 5 : explain SELECT c FROM sbtest5 WHERE id BETWEEN 9265034 AND 9265043
	Index Scan using sbtest5_pkey on sbtest5  (cost=0.43..38.54 rows=10 width=121)
	  Index Cond: ((id >= 9265034) AND (id <= 9265043))

table 6 : explain SELECT c FROM sbtest6 WHERE id BETWEEN 2295429 AND 2295438
	Index Scan using sbtest6_pkey on sbtest6  (cost=0.43..39.19 rows=10 width=121)
	  Index Cond: ((id >= 2295429) AND (id <= 2295438))

table 7 : explain SELECT c FROM sbtest7 WHERE id BETWEEN 3196293 AND 3196302
	Index Scan using sbtest7_pkey on sbtest7  (cost=0.43..38.55 rows=10 width=121)
	  Index Cond: ((id >= 3196293) AND (id <= 3196302))

table 8 : explain SELECT c FROM sbtest8 WHERE id BETWEEN 7674908 AND 7674917
	Index Scan using sbtest8_pkey on sbtest8  (cost=0.43..38.30 rows=10 width=121)
	  Index Cond: ((id >= 7674908) AND (id <= 7674917))

for inserts
table 1 : explain INSERT INTO sbtest1 (id, k, c, pad) VALUES (3188750, 13, 'foobar', 'foobar')
	Insert on sbtest1  (cost=0.00..0.01 rows=1 width=736)
	  ->  Result  (cost=0.00..0.01 rows=1 width=736)

table 2 : explain INSERT INTO sbtest2 (id, k, c, pad) VALUES (4140059, 13, 'foobar', 'foobar')
	Insert on sbtest2  (cost=0.00..0.01 rows=1 width=736)
	  ->  Result  (cost=0.00..0.01 rows=1 width=736)

table 3 : explain INSERT INTO sbtest3 (id, k, c, pad) VALUES (6144750, 13, 'foobar', 'foobar')
	Insert on sbtest3  (cost=0.00..0.01 rows=1 width=736)
	  ->  Result  (cost=0.00..0.01 rows=1 width=736)

table 4 : explain INSERT INTO sbtest4 (id, k, c, pad) VALUES (5638562, 13, 'foobar', 'foobar')
	Insert on sbtest4  (cost=0.00..0.01 rows=1 width=736)
	  ->  Result  (cost=0.00..0.01 rows=1 width=736)

table 5 : explain INSERT INTO sbtest5 (id, k, c, pad) VALUES (426744, 13, 'foobar', 'foobar')
	Insert on sbtest5  (cost=0.00..0.01 rows=1 width=736)
	  ->  Result  (cost=0.00..0.01 rows=1 width=736)

table 6 : explain INSERT INTO sbtest6 (id, k, c, pad) VALUES (7801519, 13, 'foobar', 'foobar')
	Insert on sbtest6  (cost=0.00..0.01 rows=1 width=736)
	  ->  Result  (cost=0.00..0.01 rows=1 width=736)

table 7 : explain INSERT INTO sbtest7 (id, k, c, pad) VALUES (443812, 13, 'foobar', 'foobar')
	Insert on sbtest7  (cost=0.00..0.01 rows=1 width=736)
	  ->  Result  (cost=0.00..0.01 rows=1 width=736)

table 8 : explain INSERT INTO sbtest8 (id, k, c, pad) VALUES (7048491, 13, 'foobar', 'foobar')
	Insert on sbtest8  (cost=0.00..0.01 rows=1 width=736)
	  ->  Result  (cost=0.00..0.01 rows=1 width=736)

for index_updates
table 1 : explain UPDATE sbtest1 SET k=k+1 WHERE id=472475
	Update on sbtest1  (cost=0.43..8.46 rows=1 width=196)
	  ->  Index Scan using sbtest1_pkey on sbtest1  (cost=0.43..8.46 rows=1 width=196)
	        Index Cond: (id = 472475)

table 2 : explain UPDATE sbtest2 SET k=k+1 WHERE id=4619019
	Update on sbtest2  (cost=0.43..8.46 rows=1 width=196)
	  ->  Index Scan using sbtest2_pkey on sbtest2  (cost=0.43..8.46 rows=1 width=196)
	        Index Cond: (id = 4619019)

table 3 : explain UPDATE sbtest3 SET k=k+1 WHERE id=5502310
	Update on sbtest3  (cost=0.43..8.46 rows=1 width=196)
	  ->  Index Scan using sbtest3_pkey on sbtest3  (cost=0.43..8.46 rows=1 width=196)
	        Index Cond: (id = 5502310)

table 4 : explain UPDATE sbtest4 SET k=k+1 WHERE id=5413401
	Update on sbtest4  (cost=0.43..8.46 rows=1 width=196)
	  ->  Index Scan using sbtest4_pkey on sbtest4  (cost=0.43..8.46 rows=1 width=196)
	        Index Cond: (id = 5413401)

table 5 : explain UPDATE sbtest5 SET k=k+1 WHERE id=5512835
	Update on sbtest5  (cost=0.43..8.46 rows=1 width=196)
	  ->  Index Scan using sbtest5_pkey on sbtest5  (cost=0.43..8.46 rows=1 width=196)
	        Index Cond: (id = 5512835)

table 6 : explain UPDATE sbtest6 SET k=k+1 WHERE id=9650752
	Update on sbtest6  (cost=0.43..8.46 rows=1 width=196)
	  ->  Index Scan using sbtest6_pkey on sbtest6  (cost=0.43..8.46 rows=1 width=196)
	        Index Cond: (id = 9650752)

table 7 : explain UPDATE sbtest7 SET k=k+1 WHERE id=9500734
	Update on sbtest7  (cost=0.43..8.46 rows=1 width=196)
	  ->  Index Scan using sbtest7_pkey on sbtest7  (cost=0.43..8.46 rows=1 width=196)
	        Index Cond: (id = 9500734)

table 8 : explain UPDATE sbtest8 SET k=k+1 WHERE id=9562997
	Update on sbtest8  (cost=0.43..8.46 rows=1 width=196)
	  ->  Index Scan using sbtest8_pkey on sbtest8  (cost=0.43..8.46 rows=1 width=196)
	        Index Cond: (id = 9562997)

for: sum_ranges
table 1 : explain SELECT SUM(k) FROM sbtest1 WHERE id BETWEEN 6306657 AND 6306666
	Aggregate  (cost=38.54..38.55 rows=1 width=8)
	  ->  Index Scan using sbtest1_pkey on sbtest1  (cost=0.43..38.52 rows=10 width=4)
	        Index Cond: ((id >= 6306657) AND (id <= 6306666))

table 2 : explain SELECT SUM(k) FROM sbtest2 WHERE id BETWEEN 5330162 AND 5330171
	Aggregate  (cost=38.44..38.45 rows=1 width=8)
	  ->  Index Scan using sbtest2_pkey on sbtest2  (cost=0.43..38.42 rows=10 width=4)
	        Index Cond: ((id >= 5330162) AND (id <= 5330171))

table 3 : explain SELECT SUM(k) FROM sbtest3 WHERE id BETWEEN 5376981 AND 5376990
	Aggregate  (cost=38.62..38.63 rows=1 width=8)
	  ->  Index Scan using sbtest3_pkey on sbtest3  (cost=0.43..38.60 rows=10 width=4)
	        Index Cond: ((id >= 5376981) AND (id <= 5376990))

table 4 : explain SELECT SUM(k) FROM sbtest4 WHERE id BETWEEN 9607620 AND 9607629
	Aggregate  (cost=42.13..42.14 rows=1 width=8)
	  ->  Index Scan using sbtest4_pkey on sbtest4  (cost=0.43..42.10 rows=11 width=4)
	        Index Cond: ((id >= 9607620) AND (id <= 9607629))

table 5 : explain SELECT SUM(k) FROM sbtest5 WHERE id BETWEEN 3427506 AND 3427515
	Aggregate  (cost=45.26..45.27 rows=1 width=8)
	  ->  Index Scan using sbtest5_pkey on sbtest5  (cost=0.43..45.23 rows=12 width=4)
	        Index Cond: ((id >= 3427506) AND (id <= 3427515))

table 6 : explain SELECT SUM(k) FROM sbtest6 WHERE id BETWEEN 9717427 AND 9717436
	Aggregate  (cost=42.63..42.64 rows=1 width=8)
	  ->  Index Scan using sbtest6_pkey on sbtest6  (cost=0.43..42.60 rows=11 width=4)
	        Index Cond: ((id >= 9717427) AND (id <= 9717436))

table 7 : explain SELECT SUM(k) FROM sbtest7 WHERE id BETWEEN 9479153 AND 9479162
	Aggregate  (cost=38.57..38.58 rows=1 width=8)
	  ->  Index Scan using sbtest7_pkey on sbtest7  (cost=0.43..38.55 rows=10 width=4)
	        Index Cond: ((id >= 9479153) AND (id <= 9479162))

table 8 : explain SELECT SUM(k) FROM sbtest8 WHERE id BETWEEN 9005858 AND 9005867
	Aggregate  (cost=41.65..41.66 rows=1 width=8)
	  ->  Index Scan using sbtest8_pkey on sbtest8  (cost=0.43..41.62 rows=11 width=4)
	        Index Cond: ((id >= 9005858) AND (id <= 9005867))

for index_updates
table 1 : explain UPDATE sbtest1 SET k=k+1 WHERE id=760595
	Update on sbtest1  (cost=0.43..8.46 rows=1 width=196)
	  ->  Index Scan using sbtest1_pkey on sbtest1  (cost=0.43..8.46 rows=1 width=196)
	        Index Cond: (id = 760595)

table 2 : explain UPDATE sbtest2 SET k=k+1 WHERE id=9451993
	Update on sbtest2  (cost=0.43..8.46 rows=1 width=196)
	  ->  Index Scan using sbtest2_pkey on sbtest2  (cost=0.43..8.46 rows=1 width=196)
	        Index Cond: (id = 9451993)

table 3 : explain UPDATE sbtest3 SET k=k+1 WHERE id=5031567
	Update on sbtest3  (cost=0.43..8.46 rows=1 width=196)
	  ->  Index Scan using sbtest3_pkey on sbtest3  (cost=0.43..8.46 rows=1 width=196)
	        Index Cond: (id = 5031567)

table 4 : explain UPDATE sbtest4 SET k=k+1 WHERE id=4735756
	Update on sbtest4  (cost=0.43..8.46 rows=1 width=196)
	  ->  Index Scan using sbtest4_pkey on sbtest4  (cost=0.43..8.46 rows=1 width=196)
	        Index Cond: (id = 4735756)

table 5 : explain UPDATE sbtest5 SET k=k+1 WHERE id=2540697
	Update on sbtest5  (cost=0.43..8.46 rows=1 width=196)
	  ->  Index Scan using sbtest5_pkey on sbtest5  (cost=0.43..8.46 rows=1 width=196)
	        Index Cond: (id = 2540697)

table 6 : explain UPDATE sbtest6 SET k=k+1 WHERE id=1327744
	Update on sbtest6  (cost=0.43..8.46 rows=1 width=196)
	  ->  Index Scan using sbtest6_pkey on sbtest6  (cost=0.43..8.46 rows=1 width=196)
	        Index Cond: (id = 1327744)

table 7 : explain UPDATE sbtest7 SET k=k+1 WHERE id=2490107
	Update on sbtest7  (cost=0.43..8.46 rows=1 width=196)
	  ->  Index Scan using sbtest7_pkey on sbtest7  (cost=0.43..8.46 rows=1 width=196)
	        Index Cond: (id = 2490107)

table 8 : explain UPDATE sbtest8 SET k=k+1 WHERE id=1257300
	Update on sbtest8  (cost=0.43..8.46 rows=1 width=196)
	  ->  Index Scan using sbtest8_pkey on sbtest8  (cost=0.43..8.46 rows=1 width=196)
	        Index Cond: (id = 1257300)

for: distinct_ranges
table 1 : explain SELECT DISTINCT c FROM sbtest1 WHERE id BETWEEN 5120861 AND 5120870 ORDER BY c
	Unique  (cost=38.68..38.73 rows=10 width=121)
	  ->  Sort  (cost=38.68..38.71 rows=10 width=121)
	        Sort Key: c
	        ->  Index Scan using sbtest1_pkey on sbtest1  (cost=0.43..38.52 rows=10 width=121)
	              Index Cond: ((id >= 5120861) AND (id <= 5120870))

table 2 : explain SELECT DISTINCT c FROM sbtest2 WHERE id BETWEEN 6617606 AND 6617615 ORDER BY c
	Unique  (cost=41.94..41.99 rows=11 width=121)
	  ->  Sort  (cost=41.94..41.96 rows=11 width=121)
	        Sort Key: c
	        ->  Index Scan using sbtest2_pkey on sbtest2  (cost=0.43..41.75 rows=11 width=121)
	              Index Cond: ((id >= 6617606) AND (id <= 6617615))

table 3 : explain SELECT DISTINCT c FROM sbtest3 WHERE id BETWEEN 7864361 AND 7864370 ORDER BY c
	Unique  (cost=38.76..38.81 rows=10 width=121)
	  ->  Sort  (cost=38.76..38.79 rows=10 width=121)
	        Sort Key: c
	        ->  Index Scan using sbtest3_pkey on sbtest3  (cost=0.43..38.60 rows=10 width=121)
	              Index Cond: ((id >= 7864361) AND (id <= 7864370))

table 4 : explain SELECT DISTINCT c FROM sbtest4 WHERE id BETWEEN 7867152 AND 7867161 ORDER BY c
	Unique  (cost=35.51..35.56 rows=9 width=121)
	  ->  Sort  (cost=35.51..35.53 rows=9 width=121)
	        Sort Key: c
	        ->  Index Scan using sbtest4_pkey on sbtest4  (cost=0.43..35.37 rows=9 width=121)
	              Index Cond: ((id >= 7867152) AND (id <= 7867161))

table 5 : explain SELECT DISTINCT c FROM sbtest5 WHERE id BETWEEN 3596372 AND 3596381 ORDER BY c
	Unique  (cost=42.08..42.13 rows=11 width=121)
	  ->  Sort  (cost=42.08..42.10 rows=11 width=121)
	        Sort Key: c
	        ->  Index Scan using sbtest5_pkey on sbtest5  (cost=0.43..41.89 rows=11 width=121)
	              Index Cond: ((id >= 3596372) AND (id <= 3596381))

table 6 : explain SELECT DISTINCT c FROM sbtest6 WHERE id BETWEEN 1595840 AND 1595849 ORDER BY c
	Unique  (cost=39.36..39.41 rows=10 width=121)
	  ->  Sort  (cost=39.36..39.38 rows=10 width=121)
	        Sort Key: c
	        ->  Index Scan using sbtest6_pkey on sbtest6  (cost=0.43..39.19 rows=10 width=121)
	              Index Cond: ((id >= 1595840) AND (id <= 1595849))

table 7 : explain SELECT DISTINCT c FROM sbtest7 WHERE id BETWEEN 3836857 AND 3836866 ORDER BY c
	Unique  (cost=35.35..35.39 rows=9 width=121)
	  ->  Sort  (cost=35.35..35.37 rows=9 width=121)
	        Sort Key: c
	        ->  Index Scan using sbtest7_pkey on sbtest7  (cost=0.43..35.20 rows=9 width=121)
	              Index Cond: ((id >= 3836857) AND (id <= 3836866))

table 8 : explain SELECT DISTINCT c FROM sbtest8 WHERE id BETWEEN 6345080 AND 6345089 ORDER BY c
	Unique  (cost=38.47..38.52 rows=10 width=121)
	  ->  Sort  (cost=38.47..38.50 rows=10 width=121)
	        Sort Key: c
	        ->  Index Scan using sbtest8_pkey on sbtest8  (cost=0.43..38.30 rows=10 width=121)
	              Index Cond: ((id >= 6345080) AND (id <= 6345089))

for: distinct_ranges
table 1 : explain SELECT DISTINCT c FROM sbtest1 WHERE id BETWEEN 7692752 AND 7692761 ORDER BY c
	Unique  (cost=38.68..38.73 rows=10 width=121)
	  ->  Sort  (cost=38.68..38.71 rows=10 width=121)
	        Sort Key: c
	        ->  Index Scan using sbtest1_pkey on sbtest1  (cost=0.43..38.52 rows=10 width=121)
	              Index Cond: ((id >= 7692752) AND (id <= 7692761))

table 2 : explain SELECT DISTINCT c FROM sbtest2 WHERE id BETWEEN 1552287 AND 1552296 ORDER BY c
	Unique  (cost=38.58..38.63 rows=10 width=121)
	  ->  Sort  (cost=38.58..38.61 rows=10 width=121)
	        Sort Key: c
	        ->  Index Scan using sbtest2_pkey on sbtest2  (cost=0.43..38.42 rows=10 width=121)
	              Index Cond: ((id >= 1552287) AND (id <= 1552296))

table 3 : explain SELECT DISTINCT c FROM sbtest3 WHERE id BETWEEN 1823744 AND 1823753 ORDER BY c
	Unique  (cost=38.76..38.81 rows=10 width=121)
	  ->  Sort  (cost=38.76..38.79 rows=10 width=121)
	        Sort Key: c
	        ->  Index Scan using sbtest3_pkey on sbtest3  (cost=0.43..38.60 rows=10 width=121)
	              Index Cond: ((id >= 1823744) AND (id <= 1823753))

table 4 : explain SELECT DISTINCT c FROM sbtest4 WHERE id BETWEEN 9510105 AND 9510114 ORDER BY c
	Unique  (cost=38.90..38.95 rows=10 width=121)
	  ->  Sort  (cost=38.90..38.92 rows=10 width=121)
	        Sort Key: c
	        ->  Index Scan using sbtest4_pkey on sbtest4  (cost=0.43..38.73 rows=10 width=121)
	              Index Cond: ((id >= 9510105) AND (id <= 9510114))

table 5 : explain SELECT DISTINCT c FROM sbtest5 WHERE id BETWEEN 9559628 AND 9559637 ORDER BY c
	Unique  (cost=38.71..38.76 rows=10 width=121)
	  ->  Sort  (cost=38.71..38.73 rows=10 width=121)
	        Sort Key: c
	        ->  Index Scan using sbtest5_pkey on sbtest5  (cost=0.43..38.54 rows=10 width=121)
	              Index Cond: ((id >= 9559628) AND (id <= 9559637))

table 6 : explain SELECT DISTINCT c FROM sbtest6 WHERE id BETWEEN 7526021 AND 7526030 ORDER BY c
	Unique  (cost=39.36..39.41 rows=10 width=121)
	  ->  Sort  (cost=39.36..39.38 rows=10 width=121)
	        Sort Key: c
	        ->  Index Scan using sbtest6_pkey on sbtest6  (cost=0.43..39.19 rows=10 width=121)
	              Index Cond: ((id >= 7526021) AND (id <= 7526030))

table 7 : explain SELECT DISTINCT c FROM sbtest7 WHERE id BETWEEN 6726616 AND 6726625 ORDER BY c
	Unique  (cost=38.71..38.76 rows=10 width=121)
	  ->  Sort  (cost=38.71..38.74 rows=10 width=121)
	        Sort Key: c
	        ->  Index Scan using sbtest7_pkey on sbtest7  (cost=0.43..38.55 rows=10 width=121)
	              Index Cond: ((id >= 6726616) AND (id <= 6726625))

table 8 : explain SELECT DISTINCT c FROM sbtest8 WHERE id BETWEEN 3883711 AND 3883720 ORDER BY c
	Unique  (cost=38.47..38.52 rows=10 width=121)
	  ->  Sort  (cost=38.47..38.50 rows=10 width=121)
	        Sort Key: c
	        ->  Index Scan using sbtest8_pkey on sbtest8  (cost=0.43..38.30 rows=10 width=121)
	              Index Cond: ((id >= 3883711) AND (id <= 3883720))

for: order_ranges
table 1 : explain SELECT c FROM sbtest1 WHERE id BETWEEN 4662297 AND 4662306 ORDER BY c
	Sort  (cost=38.68..38.71 rows=10 width=121)
	  Sort Key: c
	  ->  Index Scan using sbtest1_pkey on sbtest1  (cost=0.43..38.52 rows=10 width=121)
	        Index Cond: ((id >= 4662297) AND (id <= 4662306))

table 2 : explain SELECT c FROM sbtest2 WHERE id BETWEEN 7755859 AND 7755868 ORDER BY c
	Sort  (cost=38.58..38.61 rows=10 width=121)
	  Sort Key: c
	  ->  Index Scan using sbtest2_pkey on sbtest2  (cost=0.43..38.42 rows=10 width=121)
	        Index Cond: ((id >= 7755859) AND (id <= 7755868))

table 3 : explain SELECT c FROM sbtest3 WHERE id BETWEEN 6258092 AND 6258101 ORDER BY c
	Sort  (cost=38.76..38.79 rows=10 width=121)
	  Sort Key: c
	  ->  Index Scan using sbtest3_pkey on sbtest3  (cost=0.43..38.60 rows=10 width=121)
	        Index Cond: ((id >= 6258092) AND (id <= 6258101))

table 4 : explain SELECT c FROM sbtest4 WHERE id BETWEEN 4287222 AND 4287231 ORDER BY c
	Sort  (cost=35.51..35.53 rows=9 width=121)
	  Sort Key: c
	  ->  Index Scan using sbtest4_pkey on sbtest4  (cost=0.43..35.37 rows=9 width=121)
	        Index Cond: ((id >= 4287222) AND (id <= 4287231))

table 5 : explain SELECT c FROM sbtest5 WHERE id BETWEEN 3677034 AND 3677043 ORDER BY c
	Sort  (cost=42.08..42.10 rows=11 width=121)
	  Sort Key: c
	  ->  Index Scan using sbtest5_pkey on sbtest5  (cost=0.43..41.89 rows=11 width=121)
	        Index Cond: ((id >= 3677034) AND (id <= 3677043))

table 6 : explain SELECT c FROM sbtest6 WHERE id BETWEEN 1023902 AND 1023911 ORDER BY c
	Sort  (cost=35.92..35.94 rows=9 width=121)
	  Sort Key: c
	  ->  Index Scan using sbtest6_pkey on sbtest6  (cost=0.43..35.77 rows=9 width=121)
	        Index Cond: ((id >= 1023902) AND (id <= 1023911))

table 7 : explain SELECT c FROM sbtest7 WHERE id BETWEEN 7567569 AND 7567578 ORDER BY c
	Sort  (cost=38.71..38.74 rows=10 width=121)
	  Sort Key: c
	  ->  Index Scan using sbtest7_pkey on sbtest7  (cost=0.43..38.55 rows=10 width=121)
	        Index Cond: ((id >= 7567569) AND (id <= 7567578))

table 8 : explain SELECT c FROM sbtest8 WHERE id BETWEEN 2588538 AND 2588547 ORDER BY c
	Sort  (cost=38.47..38.50 rows=10 width=121)
	  Sort Key: c
	  ->  Index Scan using sbtest8_pkey on sbtest8  (cost=0.43..38.30 rows=10 width=121)
	        Index Cond: ((id >= 2588538) AND (id <= 2588547))

explain: for non_index_updates :: explain UPDATE sbtest%u SET c='foobar' WHERE id=%u
for non_index_updates
table 1 : explain UPDATE sbtest1 SET c='foobar' WHERE id=66092
	Update on sbtest1  (cost=0.43..8.45 rows=1 width=559)
	  ->  Index Scan using sbtest1_pkey on sbtest1  (cost=0.43..8.45 rows=1 width=559)
	        Index Cond: (id = 66092)

table 2 : explain UPDATE sbtest2 SET c='foobar' WHERE id=175476
	Update on sbtest2  (cost=0.43..8.45 rows=1 width=559)
	  ->  Index Scan using sbtest2_pkey on sbtest2  (cost=0.43..8.45 rows=1 width=559)
	        Index Cond: (id = 175476)

table 3 : explain UPDATE sbtest3 SET c='foobar' WHERE id=338632
	Update on sbtest3  (cost=0.43..8.45 rows=1 width=559)
	  ->  Index Scan using sbtest3_pkey on sbtest3  (cost=0.43..8.45 rows=1 width=559)
	        Index Cond: (id = 338632)

table 4 : explain UPDATE sbtest4 SET c='foobar' WHERE id=4623755
	Update on sbtest4  (cost=0.43..8.45 rows=1 width=559)
	  ->  Index Scan using sbtest4_pkey on sbtest4  (cost=0.43..8.45 rows=1 width=559)
	        Index Cond: (id = 4623755)

table 5 : explain UPDATE sbtest5 SET c='foobar' WHERE id=4518902
	Update on sbtest5  (cost=0.43..8.45 rows=1 width=559)
	  ->  Index Scan using sbtest5_pkey on sbtest5  (cost=0.43..8.45 rows=1 width=559)
	        Index Cond: (id = 4518902)

table 6 : explain UPDATE sbtest6 SET c='foobar' WHERE id=8712661
	Update on sbtest6  (cost=0.43..8.45 rows=1 width=559)
	  ->  Index Scan using sbtest6_pkey on sbtest6  (cost=0.43..8.45 rows=1 width=559)
	        Index Cond: (id = 8712661)

table 7 : explain UPDATE sbtest7 SET c='foobar' WHERE id=7515442
	Update on sbtest7  (cost=0.43..8.45 rows=1 width=559)
	  ->  Index Scan using sbtest7_pkey on sbtest7  (cost=0.43..8.45 rows=1 width=559)
	        Index Cond: (id = 7515442)

table 8 : explain UPDATE sbtest8 SET c='foobar' WHERE id=3536371
	Update on sbtest8  (cost=0.43..8.45 rows=1 width=559)
	  ->  Index Scan using sbtest8_pkey on sbtest8  (cost=0.43..8.45 rows=1 width=559)
	        Index Cond: (id = 3536371)

for: distinct_ranges
table 1 : explain SELECT DISTINCT c FROM sbtest1 WHERE id BETWEEN 5199691 AND 5199700 ORDER BY c
	Unique  (cost=38.68..38.73 rows=10 width=121)
	  ->  Sort  (cost=38.68..38.71 rows=10 width=121)
	        Sort Key: c
	        ->  Index Scan using sbtest1_pkey on sbtest1  (cost=0.43..38.52 rows=10 width=121)
	              Index Cond: ((id >= 5199691) AND (id <= 5199700))

table 2 : explain SELECT DISTINCT c FROM sbtest2 WHERE id BETWEEN 1421534 AND 1421543 ORDER BY c
	Unique  (cost=41.94..41.99 rows=11 width=121)
	  ->  Sort  (cost=41.94..41.96 rows=11 width=121)
	        Sort Key: c
	        ->  Index Scan using sbtest2_pkey on sbtest2  (cost=0.43..41.75 rows=11 width=121)
	              Index Cond: ((id >= 1421534) AND (id <= 1421543))

table 3 : explain SELECT DISTINCT c FROM sbtest3 WHERE id BETWEEN 4821630 AND 4821639 ORDER BY c
	Unique  (cost=38.76..38.81 rows=10 width=121)
	  ->  Sort  (cost=38.76..38.79 rows=10 width=121)
	        Sort Key: c
	        ->  Index Scan using sbtest3_pkey on sbtest3  (cost=0.43..38.60 rows=10 width=121)
	              Index Cond: ((id >= 4821630) AND (id <= 4821639))

table 4 : explain SELECT DISTINCT c FROM sbtest4 WHERE id BETWEEN 4224772 AND 4224781 ORDER BY c
	Unique  (cost=35.51..35.56 rows=9 width=121)
	  ->  Sort  (cost=35.51..35.53 rows=9 width=121)
	        Sort Key: c
	        ->  Index Scan using sbtest4_pkey on sbtest4  (cost=0.43..35.37 rows=9 width=121)
	              Index Cond: ((id >= 4224772) AND (id <= 4224781))

table 5 : explain SELECT DISTINCT c FROM sbtest5 WHERE id BETWEEN 8177373 AND 8177382 ORDER BY c
	Unique  (cost=38.71..38.76 rows=10 width=121)
	  ->  Sort  (cost=38.71..38.73 rows=10 width=121)
	        Sort Key: c
	        ->  Index Scan using sbtest5_pkey on sbtest5  (cost=0.43..38.54 rows=10 width=121)
	              Index Cond: ((id >= 8177373) AND (id <= 8177382))

table 6 : explain SELECT DISTINCT c FROM sbtest6 WHERE id BETWEEN 5938918 AND 5938927 ORDER BY c
	Unique  (cost=32.48..32.52 rows=8 width=121)
	  ->  Sort  (cost=32.48..32.50 rows=8 width=121)
	        Sort Key: c
	        ->  Index Scan using sbtest6_pkey on sbtest6  (cost=0.43..32.36 rows=8 width=121)
	              Index Cond: ((id >= 5938918) AND (id <= 5938927))

table 7 : explain SELECT DISTINCT c FROM sbtest7 WHERE id BETWEEN 9563379 AND 9563388 ORDER BY c
	Unique  (cost=38.71..38.76 rows=10 width=121)
	  ->  Sort  (cost=38.71..38.74 rows=10 width=121)
	        Sort Key: c
	        ->  Index Scan using sbtest7_pkey on sbtest7  (cost=0.43..38.55 rows=10 width=121)
	              Index Cond: ((id >= 9563379) AND (id <= 9563388))

table 8 : explain SELECT DISTINCT c FROM sbtest8 WHERE id BETWEEN 1565982 AND 1565991 ORDER BY c
	Unique  (cost=41.81..41.87 rows=11 width=121)
	  ->  Sort  (cost=41.81..41.84 rows=11 width=121)
	        Sort Key: c
	        ->  Index Scan using sbtest8_pkey on sbtest8  (cost=0.43..41.62 rows=11 width=121)
	              Index Cond: ((id >= 1565982) AND (id <= 1565991))

explain: for non_index_updates :: explain UPDATE sbtest%u SET c='foobar' WHERE id=%u
for: sum_ranges
table 1 : explain SELECT SUM(k) FROM sbtest1 WHERE id BETWEEN 5760750 AND 5760759
	Aggregate  (cost=41.89..41.90 rows=1 width=8)
	  ->  Index Scan using sbtest1_pkey on sbtest1  (cost=0.43..41.86 rows=11 width=4)
	        Index Cond: ((id >= 5760750) AND (id <= 5760759))

table 2 : explain SELECT SUM(k) FROM sbtest2 WHERE id BETWEEN 297650 AND 297659
	Aggregate  (cost=38.44..38.45 rows=1 width=8)
	  ->  Index Scan using sbtest2_pkey on sbtest2  (cost=0.43..38.42 rows=10 width=4)
	        Index Cond: ((id >= 297650) AND (id <= 297659))

table 3 : explain SELECT SUM(k) FROM sbtest3 WHERE id BETWEEN 8086736 AND 8086745
	Aggregate  (cost=38.62..38.63 rows=1 width=8)
	  ->  Index Scan using sbtest3_pkey on sbtest3  (cost=0.43..38.60 rows=10 width=4)
	        Index Cond: ((id >= 8086736) AND (id <= 8086745))

table 4 : explain SELECT SUM(k) FROM sbtest4 WHERE id BETWEEN 5298205 AND 5298214
	Aggregate  (cost=38.76..38.77 rows=1 width=8)
	  ->  Index Scan using sbtest4_pkey on sbtest4  (cost=0.43..38.73 rows=10 width=4)
	        Index Cond: ((id >= 5298205) AND (id <= 5298214))

table 5 : explain SELECT SUM(k) FROM sbtest5 WHERE id BETWEEN 4596796 AND 4596805
	Aggregate  (cost=35.22..35.23 rows=1 width=8)
	  ->  Index Scan using sbtest5_pkey on sbtest5  (cost=0.43..35.20 rows=9 width=4)
	        Index Cond: ((id >= 4596796) AND (id <= 4596805))

table 6 : explain SELECT SUM(k) FROM sbtest6 WHERE id BETWEEN 584900 AND 584909
	Aggregate  (cost=42.63..42.64 rows=1 width=8)
	  ->  Index Scan using sbtest6_pkey on sbtest6  (cost=0.43..42.60 rows=11 width=4)
	        Index Cond: ((id >= 584900) AND (id <= 584909))

table 7 : explain SELECT SUM(k) FROM sbtest7 WHERE id BETWEEN 2360586 AND 2360595
	Aggregate  (cost=35.23..35.24 rows=1 width=8)
	  ->  Index Scan using sbtest7_pkey on sbtest7  (cost=0.43..35.20 rows=9 width=4)
	        Index Cond: ((id >= 2360586) AND (id <= 2360595))

table 8 : explain SELECT SUM(k) FROM sbtest8 WHERE id BETWEEN 1897420 AND 1897429
	Aggregate  (cost=38.33..38.34 rows=1 width=8)
	  ->  Index Scan using sbtest8_pkey on sbtest8  (cost=0.43..38.30 rows=10 width=4)
	        Index Cond: ((id >= 1897420) AND (id <= 1897429))

explain: for index_updates :: explain UPDATE sbtest%u SET k=k+1 WHERE id=%u
for: simple_ranges
table 1 : explain SELECT c FROM sbtest1 WHERE id BETWEEN 8455844 AND 8455853
	Index Scan using sbtest1_pkey on sbtest1  (cost=0.43..41.86 rows=11 width=121)
	  Index Cond: ((id >= 8455844) AND (id <= 8455853))

table 2 : explain SELECT c FROM sbtest2 WHERE id BETWEEN 8363475 AND 8363484
	Index Scan using sbtest2_pkey on sbtest2  (cost=0.43..38.42 rows=10 width=121)
	  Index Cond: ((id >= 8363475) AND (id <= 8363484))

table 3 : explain SELECT c FROM sbtest3 WHERE id BETWEEN 9082340 AND 9082349
	Index Scan using sbtest3_pkey on sbtest3  (cost=0.43..38.60 rows=10 width=121)
	  Index Cond: ((id >= 9082340) AND (id <= 9082349))

table 4 : explain SELECT c FROM sbtest4 WHERE id BETWEEN 1988908 AND 1988917
	Index Scan using sbtest4_pkey on sbtest4  (cost=0.43..42.10 rows=11 width=121)
	  Index Cond: ((id >= 1988908) AND (id <= 1988917))

table 5 : explain SELECT c FROM sbtest5 WHERE id BETWEEN 1679878 AND 1679887
	Index Scan using sbtest5_pkey on sbtest5  (cost=0.43..38.54 rows=10 width=121)
	  Index Cond: ((id >= 1679878) AND (id <= 1679887))

table 6 : explain SELECT c FROM sbtest6 WHERE id BETWEEN 3837539 AND 3837548
	Index Scan using sbtest6_pkey on sbtest6  (cost=0.43..39.19 rows=10 width=121)
	  Index Cond: ((id >= 3837539) AND (id <= 3837548))

table 7 : explain SELECT c FROM sbtest7 WHERE id BETWEEN 3475911 AND 3475920
	Index Scan using sbtest7_pkey on sbtest7  (cost=0.43..41.89 rows=11 width=121)
	  Index Cond: ((id >= 3475911) AND (id <= 3475920))

table 8 : explain SELECT c FROM sbtest8 WHERE id BETWEEN 9144017 AND 9144026
	Index Scan using sbtest8_pkey on sbtest8  (cost=0.43..38.30 rows=10 width=121)
	  Index Cond: ((id >= 9144017) AND (id <= 9144026))

for point_selects
table 1 : explain SELECT c FROM sbtest1 WHERE id=1446290
	Index Scan using sbtest1_pkey on sbtest1  (cost=0.43..8.45 rows=1 width=121)
	  Index Cond: (id = 1446290)

table 2 : explain SELECT c FROM sbtest2 WHERE id=48425
	Index Scan using sbtest2_pkey on sbtest2  (cost=0.43..8.45 rows=1 width=121)
	  Index Cond: (id = 48425)

table 3 : explain SELECT c FROM sbtest3 WHERE id=4388432
	Index Scan using sbtest3_pkey on sbtest3  (cost=0.43..8.45 rows=1 width=121)
	  Index Cond: (id = 4388432)

table 4 : explain SELECT c FROM sbtest4 WHERE id=3797593
	Index Scan using sbtest4_pkey on sbtest4  (cost=0.43..8.45 rows=1 width=121)
	  Index Cond: (id = 3797593)

table 5 : explain SELECT c FROM sbtest5 WHERE id=68617
	Index Scan using sbtest5_pkey on sbtest5  (cost=0.43..8.45 rows=1 width=121)
	  Index Cond: (id = 68617)

table 6 : explain SELECT c FROM sbtest6 WHERE id=9190851
	Index Scan using sbtest6_pkey on sbtest6  (cost=0.43..8.45 rows=1 width=121)
	  Index Cond: (id = 9190851)

table 7 : explain SELECT c FROM sbtest7 WHERE id=3053014
	Index Scan using sbtest7_pkey on sbtest7  (cost=0.43..8.45 rows=1 width=121)
	  Index Cond: (id = 3053014)

table 8 : explain SELECT c FROM sbtest8 WHERE id=8955404
	Index Scan using sbtest8_pkey on sbtest8  (cost=0.43..8.45 rows=1 width=121)
	  Index Cond: (id = 8955404)

for: distinct_ranges
table 1 : explain SELECT DISTINCT c FROM sbtest1 WHERE id BETWEEN 8161251 AND 8161260 ORDER BY c
	Unique  (cost=38.68..38.73 rows=10 width=121)
	  ->  Sort  (cost=38.68..38.71 rows=10 width=121)
	        Sort Key: c
	        ->  Index Scan using sbtest1_pkey on sbtest1  (cost=0.43..38.52 rows=10 width=121)
	              Index Cond: ((id >= 8161251) AND (id <= 8161260))

table 2 : explain SELECT DISTINCT c FROM sbtest2 WHERE id BETWEEN 1333524 AND 1333533 ORDER BY c
	Unique  (cost=38.58..38.63 rows=10 width=121)
	  ->  Sort  (cost=38.58..38.61 rows=10 width=121)
	        Sort Key: c
	        ->  Index Scan using sbtest2_pkey on sbtest2  (cost=0.43..38.42 rows=10 width=121)
	              Index Cond: ((id >= 1333524) AND (id <= 1333533))

table 3 : explain SELECT DISTINCT c FROM sbtest3 WHERE id BETWEEN 9970983 AND 9970992 ORDER BY c
	Unique  (cost=42.14..42.19 rows=11 width=121)
	  ->  Sort  (cost=42.14..42.16 rows=11 width=121)
	        Sort Key: c
	        ->  Index Scan using sbtest3_pkey on sbtest3  (cost=0.43..41.95 rows=11 width=121)
	              Index Cond: ((id >= 9970983) AND (id <= 9970992))

table 4 : explain SELECT DISTINCT c FROM sbtest4 WHERE id BETWEEN 6657151 AND 6657160 ORDER BY c
	Unique  (cost=38.90..38.95 rows=10 width=121)
	  ->  Sort  (cost=38.90..38.92 rows=10 width=121)
	        Sort Key: c
	        ->  Index Scan using sbtest4_pkey on sbtest4  (cost=0.43..38.73 rows=10 width=121)
	              Index Cond: ((id >= 6657151) AND (id <= 6657160))

table 5 : explain SELECT DISTINCT c FROM sbtest5 WHERE id BETWEEN 788287 AND 788296 ORDER BY c
	Unique  (cost=38.71..38.76 rows=10 width=121)
	  ->  Sort  (cost=38.71..38.73 rows=10 width=121)
	        Sort Key: c
	        ->  Index Scan using sbtest5_pkey on sbtest5  (cost=0.43..38.54 rows=10 width=121)
	              Index Cond: ((id >= 788287) AND (id <= 788296))

table 6 : explain SELECT DISTINCT c FROM sbtest6 WHERE id BETWEEN 6523270 AND 6523279 ORDER BY c
	Unique  (cost=39.36..39.41 rows=10 width=121)
	  ->  Sort  (cost=39.36..39.38 rows=10 width=121)
	        Sort Key: c
	        ->  Index Scan using sbtest6_pkey on sbtest6  (cost=0.43..39.19 rows=10 width=121)
	              Index Cond: ((id >= 6523270) AND (id <= 6523279))

table 7 : explain SELECT DISTINCT c FROM sbtest7 WHERE id BETWEEN 50536 AND 50545 ORDER BY c
	Unique  (cost=35.35..35.39 rows=9 width=121)
	  ->  Sort  (cost=35.35..35.37 rows=9 width=121)
	        Sort Key: c
	        ->  Index Scan using sbtest7_pkey on sbtest7  (cost=0.43..35.20 rows=9 width=121)
	              Index Cond: ((id >= 50536) AND (id <= 50545))

table 8 : explain SELECT DISTINCT c FROM sbtest8 WHERE id BETWEEN 2154750 AND 2154759 ORDER BY c
	Unique  (cost=35.13..35.18 rows=9 width=121)
	  ->  Sort  (cost=35.13..35.15 rows=9 width=121)
	        Sort Key: c
	        ->  Index Scan using sbtest8_pkey on sbtest8  (cost=0.43..34.99 rows=9 width=121)
	              Index Cond: ((id >= 2154750) AND (id <= 2154759))

explain: for deletes :: explain DELETE FROM sbtest%u WHERE id=%u
explain: for index_updates :: explain UPDATE sbtest%u SET k=k+1 WHERE id=%u
for: simple_ranges
table 1 : explain SELECT c FROM sbtest1 WHERE id BETWEEN 1514012 AND 1514021
	Index Scan using sbtest1_pkey on sbtest1  (cost=0.43..38.52 rows=10 width=121)
	  Index Cond: ((id >= 1514012) AND (id <= 1514021))

table 2 : explain SELECT c FROM sbtest2 WHERE id BETWEEN 2709165 AND 2709174
	Index Scan using sbtest2_pkey on sbtest2  (cost=0.43..38.42 rows=10 width=121)
	  Index Cond: ((id >= 2709165) AND (id <= 2709174))

table 3 : explain SELECT c FROM sbtest3 WHERE id BETWEEN 2107290 AND 2107299
	Index Scan using sbtest3_pkey on sbtest3  (cost=0.43..41.95 rows=11 width=121)
	  Index Cond: ((id >= 2107290) AND (id <= 2107299))

table 4 : explain SELECT c FROM sbtest4 WHERE id BETWEEN 5015839 AND 5015848
	Index Scan using sbtest4_pkey on sbtest4  (cost=0.43..38.73 rows=10 width=121)
	  Index Cond: ((id >= 5015839) AND (id <= 5015848))

table 5 : explain SELECT c FROM sbtest5 WHERE id BETWEEN 736558 AND 736567
	Index Scan using sbtest5_pkey on sbtest5  (cost=0.43..38.54 rows=10 width=121)
	  Index Cond: ((id >= 736558) AND (id <= 736567))

table 6 : explain SELECT c FROM sbtest6 WHERE id BETWEEN 5518406 AND 5518415
	Index Scan using sbtest6_pkey on sbtest6  (cost=0.43..39.19 rows=10 width=121)
	  Index Cond: ((id >= 5518406) AND (id <= 5518415))

table 7 : explain SELECT c FROM sbtest7 WHERE id BETWEEN 9661347 AND 9661356
	Index Scan using sbtest7_pkey on sbtest7  (cost=0.43..38.55 rows=10 width=121)
	  Index Cond: ((id >= 9661347) AND (id <= 9661356))

table 8 : explain SELECT c FROM sbtest8 WHERE id BETWEEN 8933394 AND 8933403
	Index Scan using sbtest8_pkey on sbtest8  (cost=0.43..38.30 rows=10 width=121)
	  Index Cond: ((id >= 8933394) AND (id <= 8933403))

explain: for index_updates :: explain UPDATE sbtest%u SET k=k+1 WHERE id=%u
for non_index_updates
table 1 : explain UPDATE sbtest1 SET c='foobar' WHERE id=5899945
	Update on sbtest1  (cost=0.43..8.45 rows=1 width=559)
	  ->  Index Scan using sbtest1_pkey on sbtest1  (cost=0.43..8.45 rows=1 width=559)
	        Index Cond: (id = 5899945)

table 2 : explain UPDATE sbtest2 SET c='foobar' WHERE id=4624935
	Update on sbtest2  (cost=0.43..8.45 rows=1 width=559)
	  ->  Index Scan using sbtest2_pkey on sbtest2  (cost=0.43..8.45 rows=1 width=559)
	        Index Cond: (id = 4624935)

table 3 : explain UPDATE sbtest3 SET c='foobar' WHERE id=6158394
	Update on sbtest3  (cost=0.43..8.45 rows=1 width=559)
	  ->  Index Scan using sbtest3_pkey on sbtest3  (cost=0.43..8.45 rows=1 width=559)
	        Index Cond: (id = 6158394)

table 4 : explain UPDATE sbtest4 SET c='foobar' WHERE id=5527047
	Update on sbtest4  (cost=0.43..8.45 rows=1 width=559)
	  ->  Index Scan using sbtest4_pkey on sbtest4  (cost=0.43..8.45 rows=1 width=559)
	        Index Cond: (id = 5527047)

table 5 : explain UPDATE sbtest5 SET c='foobar' WHERE id=7995888
	Update on sbtest5  (cost=0.43..8.45 rows=1 width=559)
	  ->  Index Scan using sbtest5_pkey on sbtest5  (cost=0.43..8.45 rows=1 width=559)
	        Index Cond: (id = 7995888)

table 6 : explain UPDATE sbtest6 SET c='foobar' WHERE id=4108401
	Update on sbtest6  (cost=0.43..8.45 rows=1 width=559)
	  ->  Index Scan using sbtest6_pkey on sbtest6  (cost=0.43..8.45 rows=1 width=559)
	        Index Cond: (id = 4108401)

table 7 : explain UPDATE sbtest7 SET c='foobar' WHERE id=8572952
	Update on sbtest7  (cost=0.43..8.45 rows=1 width=559)
	  ->  Index Scan using sbtest7_pkey on sbtest7  (cost=0.43..8.45 rows=1 width=559)
	        Index Cond: (id = 8572952)

table 8 : explain UPDATE sbtest8 SET c='foobar' WHERE id=1491077
	Update on sbtest8  (cost=0.43..8.45 rows=1 width=559)
	  ->  Index Scan using sbtest8_pkey on sbtest8  (cost=0.43..8.45 rows=1 width=559)
	        Index Cond: (id = 1491077)

for non_index_updates
table 1 : explain UPDATE sbtest1 SET c='foobar' WHERE id=9581475
	Update on sbtest1  (cost=0.43..8.45 rows=1 width=559)
	  ->  Index Scan using sbtest1_pkey on sbtest1  (cost=0.43..8.45 rows=1 width=559)
	        Index Cond: (id = 9581475)

table 2 : explain UPDATE sbtest2 SET c='foobar' WHERE id=1459431
	Update on sbtest2  (cost=0.43..8.45 rows=1 width=559)
	  ->  Index Scan using sbtest2_pkey on sbtest2  (cost=0.43..8.45 rows=1 width=559)
	        Index Cond: (id = 1459431)

table 3 : explain UPDATE sbtest3 SET c='foobar' WHERE id=891728
	Update on sbtest3  (cost=0.43..8.45 rows=1 width=559)
	  ->  Index Scan using sbtest3_pkey on sbtest3  (cost=0.43..8.45 rows=1 width=559)
	        Index Cond: (id = 891728)

table 4 : explain UPDATE sbtest4 SET c='foobar' WHERE id=59398
	Update on sbtest4  (cost=0.43..8.45 rows=1 width=559)
	  ->  Index Scan using sbtest4_pkey on sbtest4  (cost=0.43..8.45 rows=1 width=559)
	        Index Cond: (id = 59398)

table 5 : explain UPDATE sbtest5 SET c='foobar' WHERE id=4675373
	Update on sbtest5  (cost=0.43..8.45 rows=1 width=559)
	  ->  Index Scan using sbtest5_pkey on sbtest5  (cost=0.43..8.45 rows=1 width=559)
	        Index Cond: (id = 4675373)

table 6 : explain UPDATE sbtest6 SET c='foobar' WHERE id=4150086
	Update on sbtest6  (cost=0.43..8.45 rows=1 width=559)
	  ->  Index Scan using sbtest6_pkey on sbtest6  (cost=0.43..8.45 rows=1 width=559)
	        Index Cond: (id = 4150086)

table 7 : explain UPDATE sbtest7 SET c='foobar' WHERE id=810890
	Update on sbtest7  (cost=0.43..8.45 rows=1 width=559)
	  ->  Index Scan using sbtest7_pkey on sbtest7  (cost=0.43..8.45 rows=1 width=559)
	        Index Cond: (id = 810890)

table 8 : explain UPDATE sbtest8 SET c='foobar' WHERE id=2883658
	Update on sbtest8  (cost=0.43..8.45 rows=1 width=559)
	  ->  Index Scan using sbtest8_pkey on sbtest8  (cost=0.43..8.45 rows=1 width=559)
	        Index Cond: (id = 2883658)

explain: for index_updates :: explain UPDATE sbtest%u SET k=k+1 WHERE id=%u
for: sum_ranges
table 1 : explain SELECT SUM(k) FROM sbtest1 WHERE id BETWEEN 2778516 AND 2778525
	Aggregate  (cost=38.54..38.55 rows=1 width=8)
	  ->  Index Scan using sbtest1_pkey on sbtest1  (cost=0.43..38.52 rows=10 width=4)
	        Index Cond: ((id >= 2778516) AND (id <= 2778525))

table 2 : explain SELECT SUM(k) FROM sbtest2 WHERE id BETWEEN 2880396 AND 2880405
	Aggregate  (cost=38.44..38.45 rows=1 width=8)
	  ->  Index Scan using sbtest2_pkey on sbtest2  (cost=0.43..38.42 rows=10 width=4)
	        Index Cond: ((id >= 2880396) AND (id <= 2880405))

table 3 : explain SELECT SUM(k) FROM sbtest3 WHERE id BETWEEN 1505565 AND 1505574
	Aggregate  (cost=38.62..38.63 rows=1 width=8)
	  ->  Index Scan using sbtest3_pkey on sbtest3  (cost=0.43..38.60 rows=10 width=4)
	        Index Cond: ((id >= 1505565) AND (id <= 1505574))

table 4 : explain SELECT SUM(k) FROM sbtest4 WHERE id BETWEEN 7033655 AND 7033664
	Aggregate  (cost=38.76..38.77 rows=1 width=8)
	  ->  Index Scan using sbtest4_pkey on sbtest4  (cost=0.43..38.73 rows=10 width=4)
	        Index Cond: ((id >= 7033655) AND (id <= 7033664))

table 5 : explain SELECT SUM(k) FROM sbtest5 WHERE id BETWEEN 3203942 AND 3203951
	Aggregate  (cost=35.22..35.23 rows=1 width=8)
	  ->  Index Scan using sbtest5_pkey on sbtest5  (cost=0.43..35.20 rows=9 width=4)
	        Index Cond: ((id >= 3203942) AND (id <= 3203951))

table 6 : explain SELECT SUM(k) FROM sbtest6 WHERE id BETWEEN 8715403 AND 8715412
	Aggregate  (cost=42.63..42.64 rows=1 width=8)
	  ->  Index Scan using sbtest6_pkey on sbtest6  (cost=0.43..42.60 rows=11 width=4)
	        Index Cond: ((id >= 8715403) AND (id <= 8715412))

table 7 : explain SELECT SUM(k) FROM sbtest7 WHERE id BETWEEN 5075655 AND 5075664
	Aggregate  (cost=38.57..38.58 rows=1 width=8)
	  ->  Index Scan using sbtest7_pkey on sbtest7  (cost=0.43..38.55 rows=10 width=4)
	        Index Cond: ((id >= 5075655) AND (id <= 5075664))

table 8 : explain SELECT SUM(k) FROM sbtest8 WHERE id BETWEEN 4403874 AND 4403883
	Aggregate  (cost=38.33..38.34 rows=1 width=8)
	  ->  Index Scan using sbtest8_pkey on sbtest8  (cost=0.43..38.30 rows=10 width=4)
	        Index Cond: ((id >= 4403874) AND (id <= 4403883))

explain: for deletes :: explain DELETE FROM sbtest%u WHERE id=%u
explain: for deletes :: explain DELETE FROM sbtest%u WHERE id=%u
explain: for point_selects :: explain SELECT c FROM sbtest%u WHERE id=%u
for: order_ranges
table 1 : explain SELECT c FROM sbtest1 WHERE id BETWEEN 6455524 AND 6455533 ORDER BY c
	Sort  (cost=35.32..35.34 rows=9 width=121)
	  Sort Key: c
	  ->  Index Scan using sbtest1_pkey on sbtest1  (cost=0.43..35.18 rows=9 width=121)
	        Index Cond: ((id >= 6455524) AND (id <= 6455533))

table 2 : explain SELECT c FROM sbtest2 WHERE id BETWEEN 3149634 AND 3149643 ORDER BY c
	Sort  (cost=35.23..35.25 rows=9 width=121)
	  Sort Key: c
	  ->  Index Scan using sbtest2_pkey on sbtest2  (cost=0.43..35.09 rows=9 width=121)
	        Index Cond: ((id >= 3149634) AND (id <= 3149643))

table 3 : explain SELECT c FROM sbtest3 WHERE id BETWEEN 8976200 AND 8976209 ORDER BY c
	Sort  (cost=35.39..35.41 rows=9 width=121)
	  Sort Key: c
	  ->  Index Scan using sbtest3_pkey on sbtest3  (cost=0.43..35.25 rows=9 width=121)
	        Index Cond: ((id >= 8976200) AND (id <= 8976209))

table 4 : explain SELECT c FROM sbtest4 WHERE id BETWEEN 8759559 AND 8759568 ORDER BY c
	Sort  (cost=38.90..38.92 rows=10 width=121)
	  Sort Key: c
	  ->  Index Scan using sbtest4_pkey on sbtest4  (cost=0.43..38.73 rows=10 width=121)
	        Index Cond: ((id >= 8759559) AND (id <= 8759568))

table 5 : explain SELECT c FROM sbtest5 WHERE id BETWEEN 8552367 AND 8552376 ORDER BY c
	Sort  (cost=38.71..38.73 rows=10 width=121)
	  Sort Key: c
	  ->  Index Scan using sbtest5_pkey on sbtest5  (cost=0.43..38.54 rows=10 width=121)
	        Index Cond: ((id >= 8552367) AND (id <= 8552376))

table 6 : explain SELECT c FROM sbtest6 WHERE id BETWEEN 6466050 AND 6466059 ORDER BY c
	Sort  (cost=39.36..39.38 rows=10 width=121)
	  Sort Key: c
	  ->  Index Scan using sbtest6_pkey on sbtest6  (cost=0.43..39.19 rows=10 width=121)
	        Index Cond: ((id >= 6466050) AND (id <= 6466059))

table 7 : explain SELECT c FROM sbtest7 WHERE id BETWEEN 3343446 AND 3343455 ORDER BY c
	Sort  (cost=38.71..38.74 rows=10 width=121)
	  Sort Key: c
	  ->  Index Scan using sbtest7_pkey on sbtest7  (cost=0.43..38.55 rows=10 width=121)
	        Index Cond: ((id >= 3343446) AND (id <= 3343455))

table 8 : explain SELECT c FROM sbtest8 WHERE id BETWEEN 3778066 AND 3778075 ORDER BY c
	Sort  (cost=35.13..35.15 rows=9 width=121)
	  Sort Key: c
	  ->  Index Scan using sbtest8_pkey on sbtest8  (cost=0.43..34.99 rows=9 width=121)
	        Index Cond: ((id >= 3778066) AND (id <= 3778075))

for index_updates
table 1 : explain UPDATE sbtest1 SET k=k+1 WHERE id=5179616
	Update on sbtest1  (cost=0.43..8.46 rows=1 width=196)
	  ->  Index Scan using sbtest1_pkey on sbtest1  (cost=0.43..8.46 rows=1 width=196)
	        Index Cond: (id = 5179616)

table 2 : explain UPDATE sbtest2 SET k=k+1 WHERE id=2312642
	Update on sbtest2  (cost=0.43..8.46 rows=1 width=196)
	  ->  Index Scan using sbtest2_pkey on sbtest2  (cost=0.43..8.46 rows=1 width=196)
	        Index Cond: (id = 2312642)

table 3 : explain UPDATE sbtest3 SET k=k+1 WHERE id=4682316
	Update on sbtest3  (cost=0.43..8.46 rows=1 width=196)
	  ->  Index Scan using sbtest3_pkey on sbtest3  (cost=0.43..8.46 rows=1 width=196)
	        Index Cond: (id = 4682316)

table 4 : explain UPDATE sbtest4 SET k=k+1 WHERE id=695511
	Update on sbtest4  (cost=0.43..8.46 rows=1 width=196)
	  ->  Index Scan using sbtest4_pkey on sbtest4  (cost=0.43..8.46 rows=1 width=196)
	        Index Cond: (id = 695511)

table 5 : explain UPDATE sbtest5 SET k=k+1 WHERE id=426939
	Update on sbtest5  (cost=0.43..8.46 rows=1 width=196)
	  ->  Index Scan using sbtest5_pkey on sbtest5  (cost=0.43..8.46 rows=1 width=196)
	        Index Cond: (id = 426939)

table 6 : explain UPDATE sbtest6 SET k=k+1 WHERE id=4994977
	Update on sbtest6  (cost=0.43..8.46 rows=1 width=196)
	  ->  Index Scan using sbtest6_pkey on sbtest6  (cost=0.43..8.46 rows=1 width=196)
	        Index Cond: (id = 4994977)

table 7 : explain UPDATE sbtest7 SET k=k+1 WHERE id=6300505
	Update on sbtest7  (cost=0.43..8.46 rows=1 width=196)
	  ->  Index Scan using sbtest7_pkey on sbtest7  (cost=0.43..8.46 rows=1 width=196)
	        Index Cond: (id = 6300505)

table 8 : explain UPDATE sbtest8 SET k=k+1 WHERE id=2182806
	Update on sbtest8  (cost=0.43..8.46 rows=1 width=196)
	  ->  Index Scan using sbtest8_pkey on sbtest8  (cost=0.43..8.46 rows=1 width=196)
	        Index Cond: (id = 2182806)

for: distinct_ranges
table 1 : explain SELECT DISTINCT c FROM sbtest1 WHERE id BETWEEN 6772257 AND 6772266 ORDER BY c
	Unique  (cost=35.32..35.37 rows=9 width=121)
	  ->  Sort  (cost=35.32..35.34 rows=9 width=121)
	        Sort Key: c
	        ->  Index Scan using sbtest1_pkey on sbtest1  (cost=0.43..35.18 rows=9 width=121)
	              Index Cond: ((id >= 6772257) AND (id <= 6772266))

table 2 : explain SELECT DISTINCT c FROM sbtest2 WHERE id BETWEEN 9341981 AND 9341990 ORDER BY c
	Unique  (cost=38.58..38.63 rows=10 width=121)
	  ->  Sort  (cost=38.58..38.61 rows=10 width=121)
	        Sort Key: c
	        ->  Index Scan using sbtest2_pkey on sbtest2  (cost=0.43..38.42 rows=10 width=121)
	              Index Cond: ((id >= 9341981) AND (id <= 9341990))

table 3 : explain SELECT DISTINCT c FROM sbtest3 WHERE id BETWEEN 8512652 AND 8512661 ORDER BY c
	Unique  (cost=38.76..38.81 rows=10 width=121)
	  ->  Sort  (cost=38.76..38.79 rows=10 width=121)
	        Sort Key: c
	        ->  Index Scan using sbtest3_pkey on sbtest3  (cost=0.43..38.60 rows=10 width=121)
	              Index Cond: ((id >= 8512652) AND (id <= 8512661))

table 4 : explain SELECT DISTINCT c FROM sbtest4 WHERE id BETWEEN 6651971 AND 6651980 ORDER BY c
	Unique  (cost=35.51..35.56 rows=9 width=121)
	  ->  Sort  (cost=35.51..35.53 rows=9 width=121)
	        Sort Key: c
	        ->  Index Scan using sbtest4_pkey on sbtest4  (cost=0.43..35.37 rows=9 width=121)
	              Index Cond: ((id >= 6651971) AND (id <= 6651980))

table 5 : explain SELECT DISTINCT c FROM sbtest5 WHERE id BETWEEN 1896381 AND 1896390 ORDER BY c
	Unique  (cost=38.71..38.76 rows=10 width=121)
	  ->  Sort  (cost=38.71..38.73 rows=10 width=121)
	        Sort Key: c
	        ->  Index Scan using sbtest5_pkey on sbtest5  (cost=0.43..38.54 rows=10 width=121)
	              Index Cond: ((id >= 1896381) AND (id <= 1896390))

table 6 : explain SELECT DISTINCT c FROM sbtest6 WHERE id BETWEEN 9007421 AND 9007430 ORDER BY c
	Unique  (cost=35.92..35.96 rows=9 width=121)
	  ->  Sort  (cost=35.92..35.94 rows=9 width=121)
	        Sort Key: c
	        ->  Index Scan using sbtest6_pkey on sbtest6  (cost=0.43..35.77 rows=9 width=121)
	              Index Cond: ((id >= 9007421) AND (id <= 9007430))

table 7 : explain SELECT DISTINCT c FROM sbtest7 WHERE id BETWEEN 2522064 AND 2522073 ORDER BY c
	Unique  (cost=38.71..38.76 rows=10 width=121)
	  ->  Sort  (cost=38.71..38.74 rows=10 width=121)
	        Sort Key: c
	        ->  Index Scan using sbtest7_pkey on sbtest7  (cost=0.43..38.55 rows=10 width=121)
	              Index Cond: ((id >= 2522064) AND (id <= 2522073))

table 8 : explain SELECT DISTINCT c FROM sbtest8 WHERE id BETWEEN 5988216 AND 5988225 ORDER BY c
	Unique  (cost=38.47..38.52 rows=10 width=121)
	  ->  Sort  (cost=38.47..38.50 rows=10 width=121)
	        Sort Key: c
	        ->  Index Scan using sbtest8_pkey on sbtest8  (cost=0.43..38.30 rows=10 width=121)
	              Index Cond: ((id >= 5988216) AND (id <= 5988225))

for index_updates
table 1 : explain UPDATE sbtest1 SET k=k+1 WHERE id=1429724
	Update on sbtest1  (cost=0.43..8.46 rows=1 width=196)
	  ->  Index Scan using sbtest1_pkey on sbtest1  (cost=0.43..8.46 rows=1 width=196)
	        Index Cond: (id = 1429724)

table 2 : explain UPDATE sbtest2 SET k=k+1 WHERE id=6590295
	Update on sbtest2  (cost=0.43..8.46 rows=1 width=196)
	  ->  Index Scan using sbtest2_pkey on sbtest2  (cost=0.43..8.46 rows=1 width=196)
	        Index Cond: (id = 6590295)

table 3 : explain UPDATE sbtest3 SET k=k+1 WHERE id=6867707
	Update on sbtest3  (cost=0.43..8.46 rows=1 width=196)
	  ->  Index Scan using sbtest3_pkey on sbtest3  (cost=0.43..8.46 rows=1 width=196)
	        Index Cond: (id = 6867707)

table 4 : explain UPDATE sbtest4 SET k=k+1 WHERE id=1497209
	Update on sbtest4  (cost=0.43..8.46 rows=1 width=196)
	  ->  Index Scan using sbtest4_pkey on sbtest4  (cost=0.43..8.46 rows=1 width=196)
	        Index Cond: (id = 1497209)

table 5 : explain UPDATE sbtest5 SET k=k+1 WHERE id=6451106
	Update on sbtest5  (cost=0.43..8.46 rows=1 width=196)
	  ->  Index Scan using sbtest5_pkey on sbtest5  (cost=0.43..8.46 rows=1 width=196)
	        Index Cond: (id = 6451106)

table 6 : explain UPDATE sbtest6 SET k=k+1 WHERE id=7748484
	Update on sbtest6  (cost=0.43..8.46 rows=1 width=196)
	  ->  Index Scan using sbtest6_pkey on sbtest6  (cost=0.43..8.46 rows=1 width=196)
	        Index Cond: (id = 7748484)

table 7 : explain UPDATE sbtest7 SET k=k+1 WHERE id=3373561
	Update on sbtest7  (cost=0.43..8.46 rows=1 width=196)
	  ->  Index Scan using sbtest7_pkey on sbtest7  (cost=0.43..8.46 rows=1 width=196)
	        Index Cond: (id = 3373561)

table 8 : explain UPDATE sbtest8 SET k=k+1 WHERE id=5094810
	Update on sbtest8  (cost=0.43..8.46 rows=1 width=196)
	  ->  Index Scan using sbtest8_pkey on sbtest8  (cost=0.43..8.46 rows=1 width=196)
	        Index Cond: (id = 5094810)
for: order_ranges
table 1 : explain SELECT c FROM sbtest1 WHERE id BETWEEN 194271 AND 194280 ORDER BY c
	Sort  (cost=42.05..42.08 rows=11 width=121)
	  Sort Key: c
	  ->  Index Scan using sbtest1_pkey on sbtest1  (cost=0.43..41.86 rows=11 width=121)
	        Index Cond: ((id >= 194271) AND (id <= 194280))

table 2 : explain SELECT c FROM sbtest2 WHERE id BETWEEN 1832869 AND 1832878 ORDER BY c
	Sort  (cost=38.58..38.61 rows=10 width=121)
	  Sort Key: c
	  ->  Index Scan using sbtest2_pkey on sbtest2  (cost=0.43..38.42 rows=10 width=121)
	        Index Cond: ((id >= 1832869) AND (id <= 1832878))

table 3 : explain SELECT c FROM sbtest3 WHERE id BETWEEN 1758410 AND 1758419 ORDER BY c
	Sort  (cost=38.76..38.79 rows=10 width=121)
	  Sort Key: c
	  ->  Index Scan using sbtest3_pkey on sbtest3  (cost=0.43..38.60 rows=10 width=121)
	        Index Cond: ((id >= 1758410) AND (id <= 1758419))

table 4 : explain SELECT c FROM sbtest4 WHERE id BETWEEN 6131850 AND 6131859 ORDER BY c
	Sort  (cost=38.90..38.92 rows=10 width=121)
	  Sort Key: c
	  ->  Index Scan using sbtest4_pkey on sbtest4  (cost=0.43..38.73 rows=10 width=121)
	        Index Cond: ((id >= 6131850) AND (id <= 6131859))

table 5 : explain SELECT c FROM sbtest5 WHERE id BETWEEN 285713 AND 285722 ORDER BY c
	Sort  (cost=35.34..35.37 rows=9 width=121)
	  Sort Key: c
	  ->  Index Scan using sbtest5_pkey on sbtest5  (cost=0.43..35.20 rows=9 width=121)
	        Index Cond: ((id >= 285713) AND (id <= 285722))

table 6 : explain SELECT c FROM sbtest6 WHERE id BETWEEN 1765661 AND 1765670 ORDER BY c
	Sort  (cost=39.36..39.38 rows=10 width=121)
	  Sort Key: c
	  ->  Index Scan using sbtest6_pkey on sbtest6  (cost=0.43..39.19 rows=10 width=121)
	        Index Cond: ((id >= 1765661) AND (id <= 1765670))

table 7 : explain SELECT c FROM sbtest7 WHERE id BETWEEN 4379895 AND 4379904 ORDER BY c
	Sort  (cost=42.08..42.11 rows=11 width=121)
	  Sort Key: c
	  ->  Index Scan using sbtest7_pkey on sbtest7  (cost=0.43..41.89 rows=11 width=121)
	        Index Cond: ((id >= 4379895) AND (id <= 4379904))

table 8 : explain SELECT c FROM sbtest8 WHERE id BETWEEN 2297583 AND 2297592 ORDER BY c
	Sort  (cost=38.47..38.50 rows=10 width=121)
	  Sort Key: c
	  ->  Index Scan using sbtest8_pkey on sbtest8  (cost=0.43..38.30 rows=10 width=121)
	        Index Cond: ((id >= 2297583) AND (id <= 2297592))


for deletes
table 1 : explain DELETE FROM sbtest1 WHERE id=6697711
	Delete on sbtest1  (cost=0.43..8.45 rows=1 width=6)
	  ->  Index Scan using sbtest1_pkey on sbtest1  (cost=0.43..8.45 rows=1 width=6)
	        Index Cond: (id = 6697711)

table 2 : explain DELETE FROM sbtest2 WHERE id=4166316
	Delete on sbtest2  (cost=0.43..8.45 rows=1 width=6)
	  ->  Index Scan using sbtest2_pkey on sbtest2  (cost=0.43..8.45 rows=1 width=6)
	        Index Cond: (id = 4166316)

table 3 : explain DELETE FROM sbtest3 WHERE id=3175906
	Delete on sbtest3  (cost=0.43..8.45 rows=1 width=6)
	  ->  Index Scan using sbtest3_pkey on sbtest3  (cost=0.43..8.45 rows=1 width=6)
	        Index Cond: (id = 3175906)

table 4 : explain DELETE FROM sbtest4 WHERE id=6127490
	Delete on sbtest4  (cost=0.43..8.45 rows=1 width=6)
	  ->  Index Scan using sbtest4_pkey on sbtest4  (cost=0.43..8.45 rows=1 width=6)
	        Index Cond: (id = 6127490)

table 5 : explain DELETE FROM sbtest5 WHERE id=1470142
	Delete on sbtest5  (cost=0.43..8.45 rows=1 width=6)
	  ->  Index Scan using sbtest5_pkey on sbtest5  (cost=0.43..8.45 rows=1 width=6)
	        Index Cond: (id = 1470142)

table 6 : explain DELETE FROM sbtest6 WHERE id=1481662
	Delete on sbtest6  (cost=0.43..8.45 rows=1 width=6)
	  ->  Index Scan using sbtest6_pkey on sbtest6  (cost=0.43..8.45 rows=1 width=6)
	        Index Cond: (id = 1481662)

table 7 : explain DELETE FROM sbtest7 WHERE id=6038588
	Delete on sbtest7  (cost=0.43..8.45 rows=1 width=6)
	  ->  Index Scan using sbtest7_pkey on sbtest7  (cost=0.43..8.45 rows=1 width=6)
	        Index Cond: (id = 6038588)

table 8 : explain DELETE FROM sbtest8 WHERE id=3024347
	Delete on sbtest8  (cost=0.43..8.45 rows=1 width=6)
	  ->  Index Scan using sbtest8_pkey on sbtest8  (cost=0.43..8.45 rows=1 width=6)
	        Index Cond: (id = 3024347)

for: simple_ranges
table 1 : explain SELECT c FROM sbtest1 WHERE id BETWEEN 7089004 AND 7089013
	Index Scan using sbtest1_pkey on sbtest1  (cost=0.43..38.52 rows=10 width=121)
	  Index Cond: ((id >= 7089004) AND (id <= 7089013))

table 2 : explain SELECT c FROM sbtest2 WHERE id BETWEEN 558885 AND 558894
	Index Scan using sbtest2_pkey on sbtest2  (cost=0.43..38.42 rows=10 width=121)
	  Index Cond: ((id >= 558885) AND (id <= 558894))

table 3 : explain SELECT c FROM sbtest3 WHERE id BETWEEN 4313010 AND 4313019
	Index Scan using sbtest3_pkey on sbtest3  (cost=0.43..38.60 rows=10 width=121)
	  Index Cond: ((id >= 4313010) AND (id <= 4313019))

table 4 : explain SELECT c FROM sbtest4 WHERE id BETWEEN 1285106 AND 1285115
	Index Scan using sbtest4_pkey on sbtest4  (cost=0.43..35.37 rows=9 width=121)
	  Index Cond: ((id >= 1285106) AND (id <= 1285115))

table 5 : explain SELECT c FROM sbtest5 WHERE id BETWEEN 4246136 AND 4246145
	Index Scan using sbtest5_pkey on sbtest5  (cost=0.43..38.54 rows=10 width=121)
	  Index Cond: ((id >= 4246136) AND (id <= 4246145))

table 6 : explain SELECT c FROM sbtest6 WHERE id BETWEEN 6950336 AND 6950345
	Index Scan using sbtest6_pkey on sbtest6  (cost=0.43..35.77 rows=9 width=121)
	  Index Cond: ((id >= 6950336) AND (id <= 6950345))

table 7 : explain SELECT c FROM sbtest7 WHERE id BETWEEN 3674796 AND 3674805
	Index Scan using sbtest7_pkey on sbtest7  (cost=0.43..38.55 rows=10 width=121)
	  Index Cond: ((id >= 3674796) AND (id <= 3674805))

table 8 : explain SELECT c FROM sbtest8 WHERE id BETWEEN 7010267 AND 7010276
	Index Scan using sbtest8_pkey on sbtest8  (cost=0.43..41.62 rows=11 width=121)
	  Index Cond: ((id >= 7010267) AND (id <= 7010276))

for deletes
table 1 : explain DELETE FROM sbtest1 WHERE id=5669927
	Delete on sbtest1  (cost=0.43..8.45 rows=1 width=6)
	  ->  Index Scan using sbtest1_pkey on sbtest1  (cost=0.43..8.45 rows=1 width=6)
	        Index Cond: (id = 5669927)

table 2 : explain DELETE FROM sbtest2 WHERE id=7564948
	Delete on sbtest2  (cost=0.43..8.45 rows=1 width=6)
	  ->  Index Scan using sbtest2_pkey on sbtest2  (cost=0.43..8.45 rows=1 width=6)
	        Index Cond: (id = 7564948)

table 3 : explain DELETE FROM sbtest3 WHERE id=9623176
	Delete on sbtest3  (cost=0.43..8.45 rows=1 width=6)
	  ->  Index Scan using sbtest3_pkey on sbtest3  (cost=0.43..8.45 rows=1 width=6)
	        Index Cond: (id = 9623176)

table 4 : explain DELETE FROM sbtest4 WHERE id=7639437
	Delete on sbtest4  (cost=0.43..8.45 rows=1 width=6)
	  ->  Index Scan using sbtest4_pkey on sbtest4  (cost=0.43..8.45 rows=1 width=6)
	        Index Cond: (id = 7639437)

table 5 : explain DELETE FROM sbtest5 WHERE id=8802919
	Delete on sbtest5  (cost=0.43..8.45 rows=1 width=6)
	  ->  Index Scan using sbtest5_pkey on sbtest5  (cost=0.43..8.45 rows=1 width=6)
	        Index Cond: (id = 8802919)

table 6 : explain DELETE FROM sbtest6 WHERE id=5576636
	Delete on sbtest6  (cost=0.43..8.45 rows=1 width=6)
	  ->  Index Scan using sbtest6_pkey on sbtest6  (cost=0.43..8.45 rows=1 width=6)
	        Index Cond: (id = 5576636)

table 7 : explain DELETE FROM sbtest7 WHERE id=6938704
	Delete on sbtest7  (cost=0.43..8.45 rows=1 width=6)
	  ->  Index Scan using sbtest7_pkey on sbtest7  (cost=0.43..8.45 rows=1 width=6)
	        Index Cond: (id = 6938704)

table 8 : explain DELETE FROM sbtest8 WHERE id=2566651
	Delete on sbtest8  (cost=0.43..8.45 rows=1 width=6)
	  ->  Index Scan using sbtest8_pkey on sbtest8  (cost=0.43..8.45 rows=1 width=6)
	        Index Cond: (id = 2566651)

for deletes
table 1 : explain DELETE FROM sbtest1 WHERE id=6387228
	Delete on sbtest1  (cost=0.43..8.45 rows=1 width=6)
	  ->  Index Scan using sbtest1_pkey on sbtest1  (cost=0.43..8.45 rows=1 width=6)
	        Index Cond: (id = 6387228)

table 2 : explain DELETE FROM sbtest2 WHERE id=9271741
	Delete on sbtest2  (cost=0.43..8.45 rows=1 width=6)
	  ->  Index Scan using sbtest2_pkey on sbtest2  (cost=0.43..8.45 rows=1 width=6)
	        Index Cond: (id = 9271741)

table 3 : explain DELETE FROM sbtest3 WHERE id=1506659
	Delete on sbtest3  (cost=0.43..8.45 rows=1 width=6)
	  ->  Index Scan using sbtest3_pkey on sbtest3  (cost=0.43..8.45 rows=1 width=6)
	        Index Cond: (id = 1506659)

table 4 : explain DELETE FROM sbtest4 WHERE id=9186233
	Delete on sbtest4  (cost=0.43..8.45 rows=1 width=6)
	  ->  Index Scan using sbtest4_pkey on sbtest4  (cost=0.43..8.45 rows=1 width=6)
	        Index Cond: (id = 9186233)

table 5 : explain DELETE FROM sbtest5 WHERE id=9926230
	Delete on sbtest5  (cost=0.43..8.45 rows=1 width=6)
	  ->  Index Scan using sbtest5_pkey on sbtest5  (cost=0.43..8.45 rows=1 width=6)
	        Index Cond: (id = 9926230)

table 6 : explain DELETE FROM sbtest6 WHERE id=6754656
	Delete on sbtest6  (cost=0.43..8.45 rows=1 width=6)
	  ->  Index Scan using sbtest6_pkey on sbtest6  (cost=0.43..8.45 rows=1 width=6)
	        Index Cond: (id = 6754656)

table 7 : explain DELETE FROM sbtest7 WHERE id=4323410
	Delete on sbtest7  (cost=0.43..8.45 rows=1 width=6)
	  ->  Index Scan using sbtest7_pkey on sbtest7  (cost=0.43..8.45 rows=1 width=6)
	        Index Cond: (id = 4323410)

table 8 : explain DELETE FROM sbtest8 WHERE id=27897
	Delete on sbtest8  (cost=0.43..8.45 rows=1 width=6)
	  ->  Index Scan using sbtest8_pkey on sbtest8  (cost=0.43..8.45 rows=1 width=6)
	        Index Cond: (id = 27897)

explain: for non_index_updates :: explain UPDATE sbtest%u SET c='foobar' WHERE id=%u
for index_updates
table 1 : explain UPDATE sbtest1 SET k=k+1 WHERE id=9059944
	Update on sbtest1  (cost=0.43..8.46 rows=1 width=196)
	  ->  Index Scan using sbtest1_pkey on sbtest1  (cost=0.43..8.46 rows=1 width=196)
	        Index Cond: (id = 9059944)

table 2 : explain UPDATE sbtest2 SET k=k+1 WHERE id=4582410
	Update on sbtest2  (cost=0.43..8.46 rows=1 width=196)
	  ->  Index Scan using sbtest2_pkey on sbtest2  (cost=0.43..8.46 rows=1 width=196)
	        Index Cond: (id = 4582410)

table 3 : explain UPDATE sbtest3 SET k=k+1 WHERE id=1587118
	Update on sbtest3  (cost=0.43..8.46 rows=1 width=196)
	  ->  Index Scan using sbtest3_pkey on sbtest3  (cost=0.43..8.46 rows=1 width=196)
	        Index Cond: (id = 1587118)

table 4 : explain UPDATE sbtest4 SET k=k+1 WHERE id=8328569
	Update on sbtest4  (cost=0.43..8.46 rows=1 width=196)
	  ->  Index Scan using sbtest4_pkey on sbtest4  (cost=0.43..8.46 rows=1 width=196)
	        Index Cond: (id = 8328569)

table 5 : explain UPDATE sbtest5 SET k=k+1 WHERE id=6047211
	Update on sbtest5  (cost=0.43..8.46 rows=1 width=196)
	  ->  Index Scan using sbtest5_pkey on sbtest5  (cost=0.43..8.46 rows=1 width=196)
	        Index Cond: (id = 6047211)

table 6 : explain UPDATE sbtest6 SET k=k+1 WHERE id=7671260
	Update on sbtest6  (cost=0.43..8.46 rows=1 width=196)
	  ->  Index Scan using sbtest6_pkey on sbtest6  (cost=0.43..8.46 rows=1 width=196)
	        Index Cond: (id = 7671260)

table 7 : explain UPDATE sbtest7 SET k=k+1 WHERE id=7783043
	Update on sbtest7  (cost=0.43..8.46 rows=1 width=196)
	  ->  Index Scan using sbtest7_pkey on sbtest7  (cost=0.43..8.46 rows=1 width=196)
	        Index Cond: (id = 7783043)

table 8 : explain UPDATE sbtest8 SET k=k+1 WHERE id=6902146
	Update on sbtest8  (cost=0.43..8.46 rows=1 width=196)
	  ->  Index Scan using sbtest8_pkey on sbtest8  (cost=0.43..8.46 rows=1 width=196)
	        Index Cond: (id = 6902146)
explain: for index_updates :: explain UPDATE sbtest%u SET k=k+1 WHERE id=%u

explain: for non_index_updates :: explain UPDATE sbtest%u SET c='foobar' WHERE id=%u
for: sum_ranges
table 1 : explain SELECT SUM(k) FROM sbtest1 WHERE id BETWEEN 5924572 AND 5924581
	Aggregate  (cost=35.20..35.21 rows=1 width=8)
	  ->  Index Scan using sbtest1_pkey on sbtest1  (cost=0.43..35.18 rows=9 width=4)
	        Index Cond: ((id >= 5924572) AND (id <= 5924581))

table 2 : explain SELECT SUM(k) FROM sbtest2 WHERE id BETWEEN 1189403 AND 1189412
	Aggregate  (cost=35.11..35.12 rows=1 width=8)
	  ->  Index Scan using sbtest2_pkey on sbtest2  (cost=0.43..35.09 rows=9 width=4)
	        Index Cond: ((id >= 1189403) AND (id <= 1189412))

table 3 : explain SELECT SUM(k) FROM sbtest3 WHERE id BETWEEN 9181434 AND 9181443
	Aggregate  (cost=38.62..38.63 rows=1 width=8)
	  ->  Index Scan using sbtest3_pkey on sbtest3  (cost=0.43..38.60 rows=10 width=4)
	        Index Cond: ((id >= 9181434) AND (id <= 9181443))

table 4 : explain SELECT SUM(k) FROM sbtest4 WHERE id BETWEEN 879197 AND 879206
	Aggregate  (cost=38.76..38.77 rows=1 width=8)
	  ->  Index Scan using sbtest4_pkey on sbtest4  (cost=0.43..38.73 rows=10 width=4)
	        Index Cond: ((id >= 879197) AND (id <= 879206))

table 5 : explain SELECT SUM(k) FROM sbtest5 WHERE id BETWEEN 4207460 AND 4207469
	Aggregate  (cost=38.57..38.58 rows=1 width=8)
	  ->  Index Scan using sbtest5_pkey on sbtest5  (cost=0.43..38.54 rows=10 width=4)
	        Index Cond: ((id >= 4207460) AND (id <= 4207469))

table 6 : explain SELECT SUM(k) FROM sbtest6 WHERE id BETWEEN 4649262 AND 4649271
	Aggregate  (cost=39.21..39.22 rows=1 width=8)
	  ->  Index Scan using sbtest6_pkey on sbtest6  (cost=0.43..39.19 rows=10 width=4)
	        Index Cond: ((id >= 4649262) AND (id <= 4649271))

table 7 : explain SELECT SUM(k) FROM sbtest7 WHERE id BETWEEN 3706433 AND 3706442
	Aggregate  (cost=38.57..38.58 rows=1 width=8)
	  ->  Index Scan using sbtest7_pkey on sbtest7  (cost=0.43..38.55 rows=10 width=4)
	        Index Cond: ((id >= 3706433) AND (id <= 3706442))

table 8 : explain SELECT SUM(k) FROM sbtest8 WHERE id BETWEEN 4257357 AND 4257366
	Aggregate  (cost=38.33..38.34 rows=1 width=8)
	  ->  Index Scan using sbtest8_pkey on sbtest8  (cost=0.43..38.30 rows=10 width=4)
	        Index Cond: ((id >= 4257357) AND (id <= 4257366))

for index_updates
table 1 : explain UPDATE sbtest1 SET k=k+1 WHERE id=1818764
	Update on sbtest1  (cost=0.43..8.46 rows=1 width=196)
	  ->  Index Scan using sbtest1_pkey on sbtest1  (cost=0.43..8.46 rows=1 width=196)
	        Index Cond: (id = 1818764)

table 2 : explain UPDATE sbtest2 SET k=k+1 WHERE id=2532910
	Update on sbtest2  (cost=0.43..8.46 rows=1 width=196)
	  ->  Index Scan using sbtest2_pkey on sbtest2  (cost=0.43..8.46 rows=1 width=196)
	        Index Cond: (id = 2532910)

table 3 : explain UPDATE sbtest3 SET k=k+1 WHERE id=8487790
	Update on sbtest3  (cost=0.43..8.46 rows=1 width=196)
	  ->  Index Scan using sbtest3_pkey on sbtest3  (cost=0.43..8.46 rows=1 width=196)
	        Index Cond: (id = 8487790)

table 4 : explain UPDATE sbtest4 SET k=k+1 WHERE id=3504786
	Update on sbtest4  (cost=0.43..8.46 rows=1 width=196)
	  ->  Index Scan using sbtest4_pkey on sbtest4  (cost=0.43..8.46 rows=1 width=196)
	        Index Cond: (id = 3504786)

table 5 : explain UPDATE sbtest5 SET k=k+1 WHERE id=1093267
	Update on sbtest5  (cost=0.43..8.46 rows=1 width=196)
	  ->  Index Scan using sbtest5_pkey on sbtest5  (cost=0.43..8.46 rows=1 width=196)
	        Index Cond: (id = 1093267)

table 6 : explain UPDATE sbtest6 SET k=k+1 WHERE id=574945
	Update on sbtest6  (cost=0.43..8.46 rows=1 width=196)
	  ->  Index Scan using sbtest6_pkey on sbtest6  (cost=0.43..8.46 rows=1 width=196)
	        Index Cond: (id = 574945)

table 7 : explain UPDATE sbtest7 SET k=k+1 WHERE id=8846072
	Update on sbtest7  (cost=0.43..8.46 rows=1 width=196)
	  ->  Index Scan using sbtest7_pkey on sbtest7  (cost=0.43..8.46 rows=1 width=196)
	        Index Cond: (id = 8846072)

table 8 : explain UPDATE sbtest8 SET k=k+1 WHERE id=8395356
	Update on sbtest8  (cost=0.43..8.46 rows=1 width=196)
	  ->  Index Scan using sbtest8_pkey on sbtest8  (cost=0.43..8.46 rows=1 width=196)
	        Index Cond: (id = 8395356)

explain: for inserts :: explain INSERT INTO sbtest%u (id, k, c, pad) VALUES (%u, 13, 'foobar', 'foobar')
explain: for non_index_updates :: explain UPDATE sbtest%u SET c='foobar' WHERE id=%u
for: order_ranges
table 1 : explain SELECT c FROM sbtest1 WHERE id BETWEEN 4180394 AND 4180403 ORDER BY c
	Sort  (cost=38.68..38.71 rows=10 width=121)
	  Sort Key: c
	  ->  Index Scan using sbtest1_pkey on sbtest1  (cost=0.43..38.52 rows=10 width=121)
	        Index Cond: ((id >= 4180394) AND (id <= 4180403))

table 2 : explain SELECT c FROM sbtest2 WHERE id BETWEEN 8987601 AND 8987610 ORDER BY c
	Sort  (cost=38.58..38.61 rows=10 width=121)
	  Sort Key: c
	  ->  Index Scan using sbtest2_pkey on sbtest2  (cost=0.43..38.42 rows=10 width=121)
	        Index Cond: ((id >= 8987601) AND (id <= 8987610))

table 3 : explain SELECT c FROM sbtest3 WHERE id BETWEEN 2045617 AND 2045626 ORDER BY c
	Sort  (cost=42.14..42.16 rows=11 width=121)
	  Sort Key: c
	  ->  Index Scan using sbtest3_pkey on sbtest3  (cost=0.43..41.95 rows=11 width=121)
	        Index Cond: ((id >= 2045617) AND (id <= 2045626))

table 4 : explain SELECT c FROM sbtest4 WHERE id BETWEEN 1578003 AND 1578012 ORDER BY c
	Sort  (cost=38.90..38.92 rows=10 width=121)
	  Sort Key: c
	  ->  Index Scan using sbtest4_pkey on sbtest4  (cost=0.43..38.73 rows=10 width=121)
	        Index Cond: ((id >= 1578003) AND (id <= 1578012))

table 5 : explain SELECT c FROM sbtest5 WHERE id BETWEEN 2444810 AND 2444819 ORDER BY c
	Sort  (cost=38.71..38.73 rows=10 width=121)
	  Sort Key: c
	  ->  Index Scan using sbtest5_pkey on sbtest5  (cost=0.43..38.54 rows=10 width=121)
	        Index Cond: ((id >= 2444810) AND (id <= 2444819))

table 6 : explain SELECT c FROM sbtest6 WHERE id BETWEEN 2027 AND 2036 ORDER BY c
	Sort  (cost=39.36..39.38 rows=10 width=121)
	  Sort Key: c
	  ->  Index Scan using sbtest6_pkey on sbtest6  (cost=0.43..39.19 rows=10 width=121)
	        Index Cond: ((id >= 2027) AND (id <= 2036))

table 7 : explain SELECT c FROM sbtest7 WHERE id BETWEEN 8566302 AND 8566311 ORDER BY c
	Sort  (cost=42.08..42.11 rows=11 width=121)
	  Sort Key: c
	  ->  Index Scan using sbtest7_pkey on sbtest7  (cost=0.43..41.89 rows=11 width=121)
	        Index Cond: ((id >= 8566302) AND (id <= 8566311))

table 8 : explain SELECT c FROM sbtest8 WHERE id BETWEEN 3385215 AND 3385224 ORDER BY c
	Sort  (cost=35.13..35.15 rows=9 width=121)
	  Sort Key: c
	  ->  Index Scan using sbtest8_pkey on sbtest8  (cost=0.43..34.99 rows=9 width=121)
	        Index Cond: ((id >= 3385215) AND (id <= 3385224))

explain: for inserts :: explain INSERT INTO sbtest%u (id, k, c, pad) VALUES (%u, 13, 'foobar', 'foobar')
for non_index_updates
table 1 : explain UPDATE sbtest1 SET c='foobar' WHERE id=6043529
	Update on sbtest1  (cost=0.43..8.45 rows=1 width=559)
	  ->  Index Scan using sbtest1_pkey on sbtest1  (cost=0.43..8.45 rows=1 width=559)
	        Index Cond: (id = 6043529)

table 2 : explain UPDATE sbtest2 SET c='foobar' WHERE id=3908181
	Update on sbtest2  (cost=0.43..8.45 rows=1 width=559)
	  ->  Index Scan using sbtest2_pkey on sbtest2  (cost=0.43..8.45 rows=1 width=559)
	        Index Cond: (id = 3908181)

table 3 : explain UPDATE sbtest3 SET c='foobar' WHERE id=8711193
	Update on sbtest3  (cost=0.43..8.45 rows=1 width=559)
	  ->  Index Scan using sbtest3_pkey on sbtest3  (cost=0.43..8.45 rows=1 width=559)
	        Index Cond: (id = 8711193)

table 4 : explain UPDATE sbtest4 SET c='foobar' WHERE id=2837549
	Update on sbtest4  (cost=0.43..8.45 rows=1 width=559)
	  ->  Index Scan using sbtest4_pkey on sbtest4  (cost=0.43..8.45 rows=1 width=559)
	        Index Cond: (id = 2837549)

table 5 : explain UPDATE sbtest5 SET c='foobar' WHERE id=7072047
	Update on sbtest5  (cost=0.43..8.45 rows=1 width=559)
	  ->  Index Scan using sbtest5_pkey on sbtest5  (cost=0.43..8.45 rows=1 width=559)
	        Index Cond: (id = 7072047)

table 6 : explain UPDATE sbtest6 SET c='foobar' WHERE id=8910029
	Update on sbtest6  (cost=0.43..8.45 rows=1 width=559)
	  ->  Index Scan using sbtest6_pkey on sbtest6  (cost=0.43..8.45 rows=1 width=559)
	        Index Cond: (id = 8910029)

table 7 : explain UPDATE sbtest7 SET c='foobar' WHERE id=4681124
	Update on sbtest7  (cost=0.43..8.45 rows=1 width=559)
	  ->  Index Scan using sbtest7_pkey on sbtest7  (cost=0.43..8.45 rows=1 width=559)
	        Index Cond: (id = 4681124)

table 8 : explain UPDATE sbtest8 SET c='foobar' WHERE id=5483148
	Update on sbtest8  (cost=0.43..8.45 rows=1 width=559)
	  ->  Index Scan using sbtest8_pkey on sbtest8  (cost=0.43..8.45 rows=1 width=559)
	        Index Cond: (id = 5483148)

explain: for non_index_updates :: explain UPDATE sbtest%u SET c='foobar' WHERE id=%u
for: order_ranges
table 1 : explain SELECT c FROM sbtest1 WHERE id BETWEEN 4374670 AND 4374679 ORDER BY c
	Sort  (cost=38.68..38.71 rows=10 width=121)
	  Sort Key: c
	  ->  Index Scan using sbtest1_pkey on sbtest1  (cost=0.43..38.52 rows=10 width=121)
	        Index Cond: ((id >= 4374670) AND (id <= 4374679))

table 2 : explain SELECT c FROM sbtest2 WHERE id BETWEEN 2911977 AND 2911986 ORDER BY c
	Sort  (cost=38.58..38.61 rows=10 width=121)
	  Sort Key: c
	  ->  Index Scan using sbtest2_pkey on sbtest2  (cost=0.43..38.42 rows=10 width=121)
	        Index Cond: ((id >= 2911977) AND (id <= 2911986))

table 3 : explain SELECT c FROM sbtest3 WHERE id BETWEEN 263777 AND 263786 ORDER BY c
	Sort  (cost=35.39..35.41 rows=9 width=121)
	  Sort Key: c
	  ->  Index Scan using sbtest3_pkey on sbtest3  (cost=0.43..35.25 rows=9 width=121)
	        Index Cond: ((id >= 263777) AND (id <= 263786))

table 4 : explain SELECT c FROM sbtest4 WHERE id BETWEEN 67189 AND 67198 ORDER BY c
	Sort  (cost=38.90..38.92 rows=10 width=121)
	  Sort Key: c
	  ->  Index Scan using sbtest4_pkey on sbtest4  (cost=0.43..38.73 rows=10 width=121)
	        Index Cond: ((id >= 67189) AND (id <= 67198))

table 5 : explain SELECT c FROM sbtest5 WHERE id BETWEEN 4846615 AND 4846624 ORDER BY c
	Sort  (cost=38.71..38.73 rows=10 width=121)
	  Sort Key: c
	  ->  Index Scan using sbtest5_pkey on sbtest5  (cost=0.43..38.54 rows=10 width=121)
	        Index Cond: ((id >= 4846615) AND (id <= 4846624))

table 6 : explain SELECT c FROM sbtest6 WHERE id BETWEEN 5474387 AND 5474396 ORDER BY c
	Sort  (cost=39.36..39.38 rows=10 width=121)
	  Sort Key: c
	  ->  Index Scan using sbtest6_pkey on sbtest6  (cost=0.43..39.19 rows=10 width=121)
	        Index Cond: ((id >= 5474387) AND (id <= 5474396))

table 7 : explain SELECT c FROM sbtest7 WHERE id BETWEEN 2648830 AND 2648839 ORDER BY c
	Sort  (cost=38.71..38.74 rows=10 width=121)
	  Sort Key: c
	  ->  Index Scan using sbtest7_pkey on sbtest7  (cost=0.43..38.55 rows=10 width=121)
	        Index Cond: ((id >= 2648830) AND (id <= 2648839))

table 8 : explain SELECT c FROM sbtest8 WHERE id BETWEEN 1622115 AND 1622124 ORDER BY c
	Sort  (cost=38.47..38.50 rows=10 width=121)
	  Sort Key: c
	  ->  Index Scan using sbtest8_pkey on sbtest8  (cost=0.43..38.30 rows=10 width=121)
	        Index Cond: ((id >= 1622115) AND (id <= 1622124))

for index_updates
table 1 : explain UPDATE sbtest1 SET k=k+1 WHERE id=3566560
	Update on sbtest1  (cost=0.43..8.46 rows=1 width=196)
	  ->  Index Scan using sbtest1_pkey on sbtest1  (cost=0.43..8.46 rows=1 width=196)
	        Index Cond: (id = 3566560)

table 2 : explain UPDATE sbtest2 SET k=k+1 WHERE id=9748937
	Update on sbtest2  (cost=0.43..8.46 rows=1 width=196)
	  ->  Index Scan using sbtest2_pkey on sbtest2  (cost=0.43..8.46 rows=1 width=196)
	        Index Cond: (id = 9748937)

table 3 : explain UPDATE sbtest3 SET k=k+1 WHERE id=2676175
	Update on sbtest3  (cost=0.43..8.46 rows=1 width=196)
	  ->  Index Scan using sbtest3_pkey on sbtest3  (cost=0.43..8.46 rows=1 width=196)
	        Index Cond: (id = 2676175)

table 4 : explain UPDATE sbtest4 SET k=k+1 WHERE id=5854378
	Update on sbtest4  (cost=0.43..8.46 rows=1 width=196)
	  ->  Index Scan using sbtest4_pkey on sbtest4  (cost=0.43..8.46 rows=1 width=196)
	        Index Cond: (id = 5854378)

table 5 : explain UPDATE sbtest5 SET k=k+1 WHERE id=5499731
	Update on sbtest5  (cost=0.43..8.46 rows=1 width=196)
	  ->  Index Scan using sbtest5_pkey on sbtest5  (cost=0.43..8.46 rows=1 width=196)
	        Index Cond: (id = 5499731)

table 6 : explain UPDATE sbtest6 SET k=k+1 WHERE id=6780403
	Update on sbtest6  (cost=0.43..8.46 rows=1 width=196)
	  ->  Index Scan using sbtest6_pkey on sbtest6  (cost=0.43..8.46 rows=1 width=196)
	        Index Cond: (id = 6780403)

table 7 : explain UPDATE sbtest7 SET k=k+1 WHERE id=330024
	Update on sbtest7  (cost=0.43..8.46 rows=1 width=196)
	  ->  Index Scan using sbtest7_pkey on sbtest7  (cost=0.43..8.46 rows=1 width=196)
	        Index Cond: (id = 330024)

table 8 : explain UPDATE sbtest8 SET k=k+1 WHERE id=4985293
	Update on sbtest8  (cost=0.43..8.46 rows=1 width=196)
	  ->  Index Scan using sbtest8_pkey on sbtest8  (cost=0.43..8.46 rows=1 width=196)
	        Index Cond: (id = 4985293)

explain: for deletes :: explain DELETE FROM sbtest%u WHERE id=%u
for: distinct_ranges
table 1 : explain SELECT DISTINCT c FROM sbtest1 WHERE id BETWEEN 823173 AND 823182 ORDER BY c
	Unique  (cost=35.32..35.37 rows=9 width=121)
	  ->  Sort  (cost=35.32..35.34 rows=9 width=121)
	        Sort Key: c
	        ->  Index Scan using sbtest1_pkey on sbtest1  (cost=0.43..35.18 rows=9 width=121)
	              Index Cond: ((id >= 823173) AND (id <= 823182))

table 2 : explain SELECT DISTINCT c FROM sbtest2 WHERE id BETWEEN 2671119 AND 2671128 ORDER BY c
	Unique  (cost=38.58..38.63 rows=10 width=121)
	  ->  Sort  (cost=38.58..38.61 rows=10 width=121)
	        Sort Key: c
	        ->  Index Scan using sbtest2_pkey on sbtest2  (cost=0.43..38.42 rows=10 width=121)
	              Index Cond: ((id >= 2671119) AND (id <= 2671128))

table 3 : explain SELECT DISTINCT c FROM sbtest3 WHERE id BETWEEN 4433461 AND 4433470 ORDER BY c
	Unique  (cost=38.76..38.81 rows=10 width=121)
	  ->  Sort  (cost=38.76..38.79 rows=10 width=121)
	        Sort Key: c
	        ->  Index Scan using sbtest3_pkey on sbtest3  (cost=0.43..38.60 rows=10 width=121)
	              Index Cond: ((id >= 4433461) AND (id <= 4433470))

table 4 : explain SELECT DISTINCT c FROM sbtest4 WHERE id BETWEEN 2159178 AND 2159187 ORDER BY c
	Unique  (cost=35.51..35.56 rows=9 width=121)
	  ->  Sort  (cost=35.51..35.53 rows=9 width=121)
	        Sort Key: c
	        ->  Index Scan using sbtest4_pkey on sbtest4  (cost=0.43..35.37 rows=9 width=121)
	              Index Cond: ((id >= 2159178) AND (id <= 2159187))

table 5 : explain SELECT DISTINCT c FROM sbtest5 WHERE id BETWEEN 9693246 AND 9693255 ORDER BY c
	Unique  (cost=38.71..38.76 rows=10 width=121)
	  ->  Sort  (cost=38.71..38.73 rows=10 width=121)
	        Sort Key: c
	        ->  Index Scan using sbtest5_pkey on sbtest5  (cost=0.43..38.54 rows=10 width=121)
	              Index Cond: ((id >= 9693246) AND (id <= 9693255))

table 6 : explain SELECT DISTINCT c FROM sbtest6 WHERE id BETWEEN 9994716 AND 9994725 ORDER BY c
	Unique  (cost=35.92..35.96 rows=9 width=121)
	  ->  Sort  (cost=35.92..35.94 rows=9 width=121)
	        Sort Key: c
	        ->  Index Scan using sbtest6_pkey on sbtest6  (cost=0.43..35.77 rows=9 width=121)
	              Index Cond: ((id >= 9994716) AND (id <= 9994725))

table 7 : explain SELECT DISTINCT c FROM sbtest7 WHERE id BETWEEN 4383511 AND 4383520 ORDER BY c
	Unique  (cost=42.08..42.14 rows=11 width=121)
	  ->  Sort  (cost=42.08..42.11 rows=11 width=121)
	        Sort Key: c
	        ->  Index Scan using sbtest7_pkey on sbtest7  (cost=0.43..41.89 rows=11 width=121)
	              Index Cond: ((id >= 4383511) AND (id <= 4383520))

table 8 : explain SELECT DISTINCT c FROM sbtest8 WHERE id BETWEEN 7917006 AND 7917015 ORDER BY c
	Unique  (cost=35.13..35.18 rows=9 width=121)
	  ->  Sort  (cost=35.13..35.15 rows=9 width=121)
	        Sort Key: c
	        ->  Index Scan using sbtest8_pkey on sbtest8  (cost=0.43..34.99 rows=9 width=121)
	              Index Cond: ((id >= 7917006) AND (id <= 7917015))

for non_index_updates
table 1 : explain UPDATE sbtest1 SET c='foobar' WHERE id=4005991
	Update on sbtest1  (cost=0.43..8.45 rows=1 width=559)
	  ->  Index Scan using sbtest1_pkey on sbtest1  (cost=0.43..8.45 rows=1 width=559)
	        Index Cond: (id = 4005991)

table 2 : explain UPDATE sbtest2 SET c='foobar' WHERE id=7448386
	Update on sbtest2  (cost=0.43..8.45 rows=1 width=559)
	  ->  Index Scan using sbtest2_pkey on sbtest2  (cost=0.43..8.45 rows=1 width=559)
	        Index Cond: (id = 7448386)

table 3 : explain UPDATE sbtest3 SET c='foobar' WHERE id=9169779
	Update on sbtest3  (cost=0.43..8.45 rows=1 width=559)
	  ->  Index Scan using sbtest3_pkey on sbtest3  (cost=0.43..8.45 rows=1 width=559)
	        Index Cond: (id = 9169779)

table 4 : explain UPDATE sbtest4 SET c='foobar' WHERE id=1106531
	Update on sbtest4  (cost=0.43..8.45 rows=1 width=559)
	  ->  Index Scan using sbtest4_pkey on sbtest4  (cost=0.43..8.45 rows=1 width=559)
	        Index Cond: (id = 1106531)

table 5 : explain UPDATE sbtest5 SET c='foobar' WHERE id=3724854
	Update on sbtest5  (cost=0.43..8.45 rows=1 width=559)
	  ->  Index Scan using sbtest5_pkey on sbtest5  (cost=0.43..8.45 rows=1 width=559)
	        Index Cond: (id = 3724854)

table 6 : explain UPDATE sbtest6 SET c='foobar' WHERE id=1200478
	Update on sbtest6  (cost=0.43..8.45 rows=1 width=559)
	  ->  Index Scan using sbtest6_pkey on sbtest6  (cost=0.43..8.45 rows=1 width=559)
	        Index Cond: (id = 1200478)

table 7 : explain UPDATE sbtest7 SET c='foobar' WHERE id=5872319
	Update on sbtest7  (cost=0.43..8.45 rows=1 width=559)
	  ->  Index Scan using sbtest7_pkey on sbtest7  (cost=0.43..8.45 rows=1 width=559)
	        Index Cond: (id = 5872319)

table 8 : explain UPDATE sbtest8 SET c='foobar' WHERE id=1899918
	Update on sbtest8  (cost=0.43..8.45 rows=1 width=559)
	  ->  Index Scan using sbtest8_pkey on sbtest8  (cost=0.43..8.45 rows=1 width=559)
	        Index Cond: (id = 1899918)

for non_index_updates
table 1 : explain UPDATE sbtest1 SET c='foobar' WHERE id=2603632
	Update on sbtest1  (cost=0.43..8.45 rows=1 width=559)
	  ->  Index Scan using sbtest1_pkey on sbtest1  (cost=0.43..8.45 rows=1 width=559)
	        Index Cond: (id = 2603632)

table 2 : explain UPDATE sbtest2 SET c='foobar' WHERE id=7021110
	Update on sbtest2  (cost=0.43..8.45 rows=1 width=559)
	  ->  Index Scan using sbtest2_pkey on sbtest2  (cost=0.43..8.45 rows=1 width=559)
	        Index Cond: (id = 7021110)

table 3 : explain UPDATE sbtest3 SET c='foobar' WHERE id=5592584
	Update on sbtest3  (cost=0.43..8.45 rows=1 width=559)
	  ->  Index Scan using sbtest3_pkey on sbtest3  (cost=0.43..8.45 rows=1 width=559)
	        Index Cond: (id = 5592584)

table 4 : explain UPDATE sbtest4 SET c='foobar' WHERE id=6731022
	Update on sbtest4  (cost=0.43..8.45 rows=1 width=559)
	  ->  Index Scan using sbtest4_pkey on sbtest4  (cost=0.43..8.45 rows=1 width=559)
	        Index Cond: (id = 6731022)

table 5 : explain UPDATE sbtest5 SET c='foobar' WHERE id=3969364
	Update on sbtest5  (cost=0.43..8.45 rows=1 width=559)
	  ->  Index Scan using sbtest5_pkey on sbtest5  (cost=0.43..8.45 rows=1 width=559)
	        Index Cond: (id = 3969364)

table 6 : explain UPDATE sbtest6 SET c='foobar' WHERE id=7073284
	Update on sbtest6  (cost=0.43..8.45 rows=1 width=559)
	  ->  Index Scan using sbtest6_pkey on sbtest6  (cost=0.43..8.45 rows=1 width=559)
	        Index Cond: (id = 7073284)

table 7 : explain UPDATE sbtest7 SET c='foobar' WHERE id=6066835
	Update on sbtest7  (cost=0.43..8.45 rows=1 width=559)
	  ->  Index Scan using sbtest7_pkey on sbtest7  (cost=0.43..8.45 rows=1 width=559)
	        Index Cond: (id = 6066835)

table 8 : explain UPDATE sbtest8 SET c='foobar' WHERE id=1406161
	Update on sbtest8  (cost=0.43..8.45 rows=1 width=559)
	  ->  Index Scan using sbtest8_pkey on sbtest8  (cost=0.43..8.45 rows=1 width=559)
	        Index Cond: (id = 1406161)

for: sum_ranges
table 1 : explain SELECT SUM(k) FROM sbtest1 WHERE id BETWEEN 4840474 AND 4840483
	Aggregate  (cost=38.54..38.55 rows=1 width=8)
	  ->  Index Scan using sbtest1_pkey on sbtest1  (cost=0.43..38.52 rows=10 width=4)
	        Index Cond: ((id >= 4840474) AND (id <= 4840483))

table 2 : explain SELECT SUM(k) FROM sbtest2 WHERE id BETWEEN 1841644 AND 1841653
	Aggregate  (cost=38.44..38.45 rows=1 width=8)
	  ->  Index Scan using sbtest2_pkey on sbtest2  (cost=0.43..38.42 rows=10 width=4)
	        Index Cond: ((id >= 1841644) AND (id <= 1841653))

table 3 : explain SELECT SUM(k) FROM sbtest3 WHERE id BETWEEN 2217728 AND 2217737
	Aggregate  (cost=38.62..38.63 rows=1 width=8)
	  ->  Index Scan using sbtest3_pkey on sbtest3  (cost=0.43..38.60 rows=10 width=4)
	        Index Cond: ((id >= 2217728) AND (id <= 2217737))

table 4 : explain SELECT SUM(k) FROM sbtest4 WHERE id BETWEEN 7456975 AND 7456984
	Aggregate  (cost=38.76..38.77 rows=1 width=8)
	  ->  Index Scan using sbtest4_pkey on sbtest4  (cost=0.43..38.73 rows=10 width=4)
	        Index Cond: ((id >= 7456975) AND (id <= 7456984))

table 5 : explain SELECT SUM(k) FROM sbtest5 WHERE id BETWEEN 979496 AND 979505
	Aggregate  (cost=38.57..38.58 rows=1 width=8)
	  ->  Index Scan using sbtest5_pkey on sbtest5  (cost=0.43..38.54 rows=10 width=4)
	        Index Cond: ((id >= 979496) AND (id <= 979505))

table 6 : explain SELECT SUM(k) FROM sbtest6 WHERE id BETWEEN 404774 AND 404783
	Aggregate  (cost=39.21..39.22 rows=1 width=8)
	  ->  Index Scan using sbtest6_pkey on sbtest6  (cost=0.43..39.19 rows=10 width=4)
	        Index Cond: ((id >= 404774) AND (id <= 404783))

table 7 : explain SELECT SUM(k) FROM sbtest7 WHERE id BETWEEN 1383841 AND 1383850
	Aggregate  (cost=41.92..41.93 rows=1 width=8)
	  ->  Index Scan using sbtest7_pkey on sbtest7  (cost=0.43..41.89 rows=11 width=4)
	        Index Cond: ((id >= 1383841) AND (id <= 1383850))

table 8 : explain SELECT SUM(k) FROM sbtest8 WHERE id BETWEEN 3918571 AND 3918580
	Aggregate  (cost=38.33..38.34 rows=1 width=8)
	  ->  Index Scan using sbtest8_pkey on sbtest8  (cost=0.43..38.30 rows=10 width=4)
	        Index Cond: ((id >= 3918571) AND (id <= 3918580))

for point_selects
table 1 : explain SELECT c FROM sbtest1 WHERE id=3970878
	Index Scan using sbtest1_pkey on sbtest1  (cost=0.43..8.45 rows=1 width=121)
	  Index Cond: (id = 3970878)

table 2 : explain SELECT c FROM sbtest2 WHERE id=8446475
	Index Scan using sbtest2_pkey on sbtest2  (cost=0.43..8.45 rows=1 width=121)
	  Index Cond: (id = 8446475)

table 3 : explain SELECT c FROM sbtest3 WHERE id=1617588
	Index Scan using sbtest3_pkey on sbtest3  (cost=0.43..8.45 rows=1 width=121)
	  Index Cond: (id = 1617588)

table 4 : explain SELECT c FROM sbtest4 WHERE id=8836034
	Index Scan using sbtest4_pkey on sbtest4  (cost=0.43..8.45 rows=1 width=121)
	  Index Cond: (id = 8836034)

table 5 : explain SELECT c FROM sbtest5 WHERE id=6459148
	Index Scan using sbtest5_pkey on sbtest5  (cost=0.43..8.45 rows=1 width=121)
	  Index Cond: (id = 6459148)

table 6 : explain SELECT c FROM sbtest6 WHERE id=2200296
	Index Scan using sbtest6_pkey on sbtest6  (cost=0.43..8.45 rows=1 width=121)
	  Index Cond: (id = 2200296)

table 7 : explain SELECT c FROM sbtest7 WHERE id=2890970
	Index Scan using sbtest7_pkey on sbtest7  (cost=0.43..8.45 rows=1 width=121)
	  Index Cond: (id = 2890970)

table 8 : explain SELECT c FROM sbtest8 WHERE id=2163149
	Index Scan using sbtest8_pkey on sbtest8  (cost=0.43..8.45 rows=1 width=121)
	  Index Cond: (id = 2163149)

explain: for index_updates :: explain UPDATE sbtest%u SET k=k+1 WHERE id=%u
explain: for deletes :: explain DELETE FROM sbtest%u WHERE id=%u
for non_index_updates
table 1 : explain UPDATE sbtest1 SET c='foobar' WHERE id=6601787
	Update on sbtest1  (cost=0.43..8.45 rows=1 width=559)
	  ->  Index Scan using sbtest1_pkey on sbtest1  (cost=0.43..8.45 rows=1 width=559)
	        Index Cond: (id = 6601787)

table 2 : explain UPDATE sbtest2 SET c='foobar' WHERE id=9652725
	Update on sbtest2  (cost=0.43..8.45 rows=1 width=559)
	  ->  Index Scan using sbtest2_pkey on sbtest2  (cost=0.43..8.45 rows=1 width=559)
	        Index Cond: (id = 9652725)

table 3 : explain UPDATE sbtest3 SET c='foobar' WHERE id=6301773
	Update on sbtest3  (cost=0.43..8.45 rows=1 width=559)
	  ->  Index Scan using sbtest3_pkey on sbtest3  (cost=0.43..8.45 rows=1 width=559)
	        Index Cond: (id = 6301773)

table 4 : explain UPDATE sbtest4 SET c='foobar' WHERE id=1189250
	Update on sbtest4  (cost=0.43..8.45 rows=1 width=559)
	  ->  Index Scan using sbtest4_pkey on sbtest4  (cost=0.43..8.45 rows=1 width=559)
	        Index Cond: (id = 1189250)

table 5 : explain UPDATE sbtest5 SET c='foobar' WHERE id=7109656
	Update on sbtest5  (cost=0.43..8.45 rows=1 width=559)
	  ->  Index Scan using sbtest5_pkey on sbtest5  (cost=0.43..8.45 rows=1 width=559)
	        Index Cond: (id = 7109656)

table 6 : explain UPDATE sbtest6 SET c='foobar' WHERE id=5610709
	Update on sbtest6  (cost=0.43..8.45 rows=1 width=559)
	  ->  Index Scan using sbtest6_pkey on sbtest6  (cost=0.43..8.45 rows=1 width=559)
	        Index Cond: (id = 5610709)

table 7 : explain UPDATE sbtest7 SET c='foobar' WHERE id=2935304
	Update on sbtest7  (cost=0.43..8.45 rows=1 width=559)
	  ->  Index Scan using sbtest7_pkey on sbtest7  (cost=0.43..8.45 rows=1 width=559)
	        Index Cond: (id = 2935304)

table 8 : explain UPDATE sbtest8 SET c='foobar' WHERE id=273175
	Update on sbtest8  (cost=0.43..8.45 rows=1 width=559)
	  ->  Index Scan using sbtest8_pkey on sbtest8  (cost=0.43..8.45 rows=1 width=559)
	        Index Cond: (id = 273175)

for inserts
table 1 : explain INSERT INTO sbtest1 (id, k, c, pad) VALUES (2984865, 13, 'foobar', 'foobar')
	Insert on sbtest1  (cost=0.00..0.01 rows=1 width=736)
	  ->  Result  (cost=0.00..0.01 rows=1 width=736)

table 2 : explain INSERT INTO sbtest2 (id, k, c, pad) VALUES (7145272, 13, 'foobar', 'foobar')
	Insert on sbtest2  (cost=0.00..0.01 rows=1 width=736)
	  ->  Result  (cost=0.00..0.01 rows=1 width=736)

table 3 : explain INSERT INTO sbtest3 (id, k, c, pad) VALUES (5190338, 13, 'foobar', 'foobar')
	Insert on sbtest3  (cost=0.00..0.01 rows=1 width=736)
	  ->  Result  (cost=0.00..0.01 rows=1 width=736)

table 4 : explain INSERT INTO sbtest4 (id, k, c, pad) VALUES (3592530, 13, 'foobar', 'foobar')
	Insert on sbtest4  (cost=0.00..0.01 rows=1 width=736)
	  ->  Result  (cost=0.00..0.01 rows=1 width=736)

table 5 : explain INSERT INTO sbtest5 (id, k, c, pad) VALUES (5823232, 13, 'foobar', 'foobar')
	Insert on sbtest5  (cost=0.00..0.01 rows=1 width=736)
	  ->  Result  (cost=0.00..0.01 rows=1 width=736)

table 6 : explain INSERT INTO sbtest6 (id, k, c, pad) VALUES (8965776, 13, 'foobar', 'foobar')
	Insert on sbtest6  (cost=0.00..0.01 rows=1 width=736)
	  ->  Result  (cost=0.00..0.01 rows=1 width=736)

table 7 : explain INSERT INTO sbtest7 (id, k, c, pad) VALUES (1939465, 13, 'foobar', 'foobar')
	Insert on sbtest7  (cost=0.00..0.01 rows=1 width=736)
	  ->  Result  (cost=0.00..0.01 rows=1 width=736)

table 8 : explain INSERT INTO sbtest8 (id, k, c, pad) VALUES (88625, 13, 'foobar', 'foobar')
	Insert on sbtest8  (cost=0.00..0.01 rows=1 width=736)
	  ->  Result  (cost=0.00..0.01 rows=1 width=736)

for deletes
table 1 : explain DELETE FROM sbtest1 WHERE id=3560084
	Delete on sbtest1  (cost=0.43..8.45 rows=1 width=6)
	  ->  Index Scan using sbtest1_pkey on sbtest1  (cost=0.43..8.45 rows=1 width=6)
	        Index Cond: (id = 3560084)

table 2 : explain DELETE FROM sbtest2 WHERE id=674279
	Delete on sbtest2  (cost=0.43..8.45 rows=1 width=6)
	  ->  Index Scan using sbtest2_pkey on sbtest2  (cost=0.43..8.45 rows=1 width=6)
	        Index Cond: (id = 674279)

table 3 : explain DELETE FROM sbtest3 WHERE id=4138818
	Delete on sbtest3  (cost=0.43..8.45 rows=1 width=6)
	  ->  Index Scan using sbtest3_pkey on sbtest3  (cost=0.43..8.45 rows=1 width=6)
	        Index Cond: (id = 4138818)

table 4 : explain DELETE FROM sbtest4 WHERE id=7506864
	Delete on sbtest4  (cost=0.43..8.45 rows=1 width=6)
	  ->  Index Scan using sbtest4_pkey on sbtest4  (cost=0.43..8.45 rows=1 width=6)
	        Index Cond: (id = 7506864)

table 5 : explain DELETE FROM sbtest5 WHERE id=2256025
	Delete on sbtest5  (cost=0.43..8.45 rows=1 width=6)
	  ->  Index Scan using sbtest5_pkey on sbtest5  (cost=0.43..8.45 rows=1 width=6)
	        Index Cond: (id = 2256025)

table 6 : explain DELETE FROM sbtest6 WHERE id=6975022
	Delete on sbtest6  (cost=0.43..8.45 rows=1 width=6)
	  ->  Index Scan using sbtest6_pkey on sbtest6  (cost=0.43..8.45 rows=1 width=6)
	        Index Cond: (id = 6975022)

table 7 : explain DELETE FROM sbtest7 WHERE id=1091785
	Delete on sbtest7  (cost=0.43..8.45 rows=1 width=6)
	  ->  Index Scan using sbtest7_pkey on sbtest7  (cost=0.43..8.45 rows=1 width=6)
	        Index Cond: (id = 1091785)

table 8 : explain DELETE FROM sbtest8 WHERE id=1729594
	Delete on sbtest8  (cost=0.43..8.45 rows=1 width=6)
	  ->  Index Scan using sbtest8_pkey on sbtest8  (cost=0.43..8.45 rows=1 width=6)
	        Index Cond: (id = 1729594)

for: distinct_ranges
table 1 : explain SELECT DISTINCT c FROM sbtest1 WHERE id BETWEEN 3355237 AND 3355246 ORDER BY c
	Unique  (cost=42.05..42.10 rows=11 width=121)
	  ->  Sort  (cost=42.05..42.08 rows=11 width=121)
	        Sort Key: c
	        ->  Index Scan using sbtest1_pkey on sbtest1  (cost=0.43..41.86 rows=11 width=121)
	              Index Cond: ((id >= 3355237) AND (id <= 3355246))

table 2 : explain SELECT DISTINCT c FROM sbtest2 WHERE id BETWEEN 5701842 AND 5701851 ORDER BY c
	Unique  (cost=38.58..38.63 rows=10 width=121)
	  ->  Sort  (cost=38.58..38.61 rows=10 width=121)
	        Sort Key: c
	        ->  Index Scan using sbtest2_pkey on sbtest2  (cost=0.43..38.42 rows=10 width=121)
	              Index Cond: ((id >= 5701842) AND (id <= 5701851))

table 3 : explain SELECT DISTINCT c FROM sbtest3 WHERE id BETWEEN 3184670 AND 3184679 ORDER BY c
	Unique  (cost=35.39..35.44 rows=9 width=121)
	  ->  Sort  (cost=35.39..35.41 rows=9 width=121)
	        Sort Key: c
	        ->  Index Scan using sbtest3_pkey on sbtest3  (cost=0.43..35.25 rows=9 width=121)
	              Index Cond: ((id >= 3184670) AND (id <= 3184679))

table 4 : explain SELECT DISTINCT c FROM sbtest4 WHERE id BETWEEN 4784551 AND 4784560 ORDER BY c
	Unique  (cost=38.90..38.95 rows=10 width=121)
	  ->  Sort  (cost=38.90..38.92 rows=10 width=121)
	        Sort Key: c
	        ->  Index Scan using sbtest4_pkey on sbtest4  (cost=0.43..38.73 rows=10 width=121)
	              Index Cond: ((id >= 4784551) AND (id <= 4784560))

table 5 : explain SELECT DISTINCT c FROM sbtest5 WHERE id BETWEEN 6166941 AND 6166950 ORDER BY c
	Unique  (cost=42.08..42.13 rows=11 width=121)
	  ->  Sort  (cost=42.08..42.10 rows=11 width=121)
	        Sort Key: c
	        ->  Index Scan using sbtest5_pkey on sbtest5  (cost=0.43..41.89 rows=11 width=121)
	              Index Cond: ((id >= 6166941) AND (id <= 6166950))

table 6 : explain SELECT DISTINCT c FROM sbtest6 WHERE id BETWEEN 2323137 AND 2323146 ORDER BY c
	Unique  (cost=42.79..42.85 rows=11 width=121)
	  ->  Sort  (cost=42.79..42.82 rows=11 width=121)
	        Sort Key: c
	        ->  Index Scan using sbtest6_pkey on sbtest6  (cost=0.43..42.60 rows=11 width=121)
	              Index Cond: ((id >= 2323137) AND (id <= 2323146))

table 7 : explain SELECT DISTINCT c FROM sbtest7 WHERE id BETWEEN 7151308 AND 7151317 ORDER BY c
	Unique  (cost=38.71..38.76 rows=10 width=121)
	  ->  Sort  (cost=38.71..38.74 rows=10 width=121)
	        Sort Key: c
	        ->  Index Scan using sbtest7_pkey on sbtest7  (cost=0.43..38.55 rows=10 width=121)
	              Index Cond: ((id >= 7151308) AND (id <= 7151317))

table 8 : explain SELECT DISTINCT c FROM sbtest8 WHERE id BETWEEN 9994893 AND 9994902 ORDER BY c
	Unique  (cost=38.47..38.52 rows=10 width=121)
	  ->  Sort  (cost=38.47..38.50 rows=10 width=121)
	        Sort Key: c
	        ->  Index Scan using sbtest8_pkey on sbtest8  (cost=0.43..38.30 rows=10 width=121)
	              Index Cond: ((id >= 9994893) AND (id <= 9994902))

for: order_ranges
table 1 : explain SELECT c FROM sbtest1 WHERE id BETWEEN 5474167 AND 5474176 ORDER BY c
	Sort  (cost=42.05..42.08 rows=11 width=121)
	  Sort Key: c
	  ->  Index Scan using sbtest1_pkey on sbtest1  (cost=0.43..41.86 rows=11 width=121)
	        Index Cond: ((id >= 5474167) AND (id <= 5474176))

table 2 : explain SELECT c FROM sbtest2 WHERE id BETWEEN 9856524 AND 9856533 ORDER BY c
	Sort  (cost=35.23..35.25 rows=9 width=121)
	  Sort Key: c
	  ->  Index Scan using sbtest2_pkey on sbtest2  (cost=0.43..35.09 rows=9 width=121)
	        Index Cond: ((id >= 9856524) AND (id <= 9856533))

table 3 : explain SELECT c FROM sbtest3 WHERE id BETWEEN 8232219 AND 8232228 ORDER BY c
	Sort  (cost=42.14..42.16 rows=11 width=121)
	  Sort Key: c
	  ->  Index Scan using sbtest3_pkey on sbtest3  (cost=0.43..41.95 rows=11 width=121)
	        Index Cond: ((id >= 8232219) AND (id <= 8232228))

table 4 : explain SELECT c FROM sbtest4 WHERE id BETWEEN 7622615 AND 7622624 ORDER BY c
	Sort  (cost=38.90..38.92 rows=10 width=121)
	  Sort Key: c
	  ->  Index Scan using sbtest4_pkey on sbtest4  (cost=0.43..38.73 rows=10 width=121)
	        Index Cond: ((id >= 7622615) AND (id <= 7622624))

table 5 : explain SELECT c FROM sbtest5 WHERE id BETWEEN 5290119 AND 5290128 ORDER BY c
	Sort  (cost=38.71..38.73 rows=10 width=121)
	  Sort Key: c
	  ->  Index Scan using sbtest5_pkey on sbtest5  (cost=0.43..38.54 rows=10 width=121)
	        Index Cond: ((id >= 5290119) AND (id <= 5290128))

table 6 : explain SELECT c FROM sbtest6 WHERE id BETWEEN 3450265 AND 3450274 ORDER BY c
	Sort  (cost=39.36..39.38 rows=10 width=121)
	  Sort Key: c
	  ->  Index Scan using sbtest6_pkey on sbtest6  (cost=0.43..39.19 rows=10 width=121)
	        Index Cond: ((id >= 3450265) AND (id <= 3450274))

table 7 : explain SELECT c FROM sbtest7 WHERE id BETWEEN 1039355 AND 1039364 ORDER BY c
	Sort  (cost=38.71..38.74 rows=10 width=121)
	  Sort Key: c
	  ->  Index Scan using sbtest7_pkey on sbtest7  (cost=0.43..38.55 rows=10 width=121)
	        Index Cond: ((id >= 1039355) AND (id <= 1039364))

table 8 : explain SELECT c FROM sbtest8 WHERE id BETWEEN 8597475 AND 8597484 ORDER BY c
	Sort  (cost=38.47..38.50 rows=10 width=121)
	  Sort Key: c
	  ->  Index Scan using sbtest8_pkey on sbtest8  (cost=0.43..38.30 rows=10 width=121)
	        Index Cond: ((id >= 8597475) AND (id <= 8597484))

for: sum_ranges
table 1 : explain SELECT SUM(k) FROM sbtest1 WHERE id BETWEEN 5086067 AND 5086076
	Aggregate  (cost=38.54..38.55 rows=1 width=8)
	  ->  Index Scan using sbtest1_pkey on sbtest1  (cost=0.43..38.52 rows=10 width=4)
	        Index Cond: ((id >= 5086067) AND (id <= 5086076))

table 2 : explain SELECT SUM(k) FROM sbtest2 WHERE id BETWEEN 4742366 AND 4742375
	Aggregate  (cost=38.44..38.45 rows=1 width=8)
	  ->  Index Scan using sbtest2_pkey on sbtest2  (cost=0.43..38.42 rows=10 width=4)
	        Index Cond: ((id >= 4742366) AND (id <= 4742375))

table 3 : explain SELECT SUM(k) FROM sbtest3 WHERE id BETWEEN 3933927 AND 3933936
	Aggregate  (cost=38.62..38.63 rows=1 width=8)
	  ->  Index Scan using sbtest3_pkey on sbtest3  (cost=0.43..38.60 rows=10 width=4)
	        Index Cond: ((id >= 3933927) AND (id <= 3933936))

table 4 : explain SELECT SUM(k) FROM sbtest4 WHERE id BETWEEN 5847008 AND 5847017
	Aggregate  (cost=35.39..35.40 rows=1 width=8)
	  ->  Index Scan using sbtest4_pkey on sbtest4  (cost=0.43..35.37 rows=9 width=4)
	        Index Cond: ((id >= 5847008) AND (id <= 5847017))

table 5 : explain SELECT SUM(k) FROM sbtest5 WHERE id BETWEEN 8449160 AND 8449169
	Aggregate  (cost=38.57..38.58 rows=1 width=8)
	  ->  Index Scan using sbtest5_pkey on sbtest5  (cost=0.43..38.54 rows=10 width=4)
	        Index Cond: ((id >= 8449160) AND (id <= 8449169))

table 6 : explain SELECT SUM(k) FROM sbtest6 WHERE id BETWEEN 7165074 AND 7165083
	Aggregate  (cost=39.21..39.22 rows=1 width=8)
	  ->  Index Scan using sbtest6_pkey on sbtest6  (cost=0.43..39.19 rows=10 width=4)
	        Index Cond: ((id >= 7165074) AND (id <= 7165083))

table 7 : explain SELECT SUM(k) FROM sbtest7 WHERE id BETWEEN 6147293 AND 6147302
	Aggregate  (cost=38.57..38.58 rows=1 width=8)
	  ->  Index Scan using sbtest7_pkey on sbtest7  (cost=0.43..38.55 rows=10 width=4)
	        Index Cond: ((id >= 6147293) AND (id <= 6147302))

table 8 : explain SELECT SUM(k) FROM sbtest8 WHERE id BETWEEN 7231631 AND 7231640
	Aggregate  (cost=38.33..38.34 rows=1 width=8)
	  ->  Index Scan using sbtest8_pkey on sbtest8  (cost=0.43..38.30 rows=10 width=4)
	        Index Cond: ((id >= 7231631) AND (id <= 7231640))

explain: for deletes :: explain DELETE FROM sbtest%u WHERE id=%u
explain: for non_index_updates :: explain UPDATE sbtest%u SET c='foobar' WHERE id=%ufor: distinct_ranges
table 1 : explain SELECT DISTINCT c FROM sbtest1 WHERE id BETWEEN 647491 AND 647500 ORDER BY c
	Unique  (cost=35.32..35.37 rows=9 width=121)
	  ->  Sort  (cost=35.32..35.34 rows=9 width=121)
	        Sort Key: c
	        ->  Index Scan using sbtest1_pkey on sbtest1  (cost=0.43..35.18 rows=9 width=121)
	              Index Cond: ((id >= 647491) AND (id <= 647500))

table 2 : explain SELECT DISTINCT c FROM sbtest2 WHERE id BETWEEN 9244385 AND 9244394 ORDER BY c
	Unique  (cost=38.58..38.63 rows=10 width=121)
	  ->  Sort  (cost=38.58..38.61 rows=10 width=121)
	        Sort Key: c
	        ->  Index Scan using sbtest2_pkey on sbtest2  (cost=0.43..38.42 rows=10 width=121)
	              Index Cond: ((id >= 9244385) AND (id <= 9244394))

table 3 : explain SELECT DISTINCT c FROM sbtest3 WHERE id BETWEEN 9510922 AND 9510931 ORDER BY c
	Unique  (cost=35.39..35.44 rows=9 width=121)
	  ->  Sort  (cost=35.39..35.41 rows=9 width=121)
	        Sort Key: c
	        ->  Index Scan using sbtest3_pkey on sbtest3  (cost=0.43..35.25 rows=9 width=121)
	              Index Cond: ((id >= 9510922) AND (id <= 9510931))

table 4 : explain SELECT DISTINCT c FROM sbtest4 WHERE id BETWEEN 3329158 AND 3329167 ORDER BY c
	Unique  (cost=35.51..35.56 rows=9 width=121)
	  ->  Sort  (cost=35.51..35.53 rows=9 width=121)
	        Sort Key: c
	        ->  Index Scan using sbtest4_pkey on sbtest4  (cost=0.43..35.37 rows=9 width=121)
	              Index Cond: ((id >= 3329158) AND (id <= 3329167))

table 5 : explain SELECT DISTINCT c FROM sbtest5 WHERE id BETWEEN 2520905 AND 2520914 ORDER BY c
	Unique  (cost=42.08..42.13 rows=11 width=121)
	  ->  Sort  (cost=42.08..42.10 rows=11 width=121)
	        Sort Key: c
	        ->  Index Scan using sbtest5_pkey on sbtest5  (cost=0.43..41.89 rows=11 width=121)
	              Index Cond: ((id >= 2520905) AND (id <= 2520914))

table 6 : explain SELECT DISTINCT c FROM sbtest6 WHERE id BETWEEN 5379182 AND 5379191 ORDER BY c
	Unique  (cost=42.79..42.85 rows=11 width=121)
	  ->  Sort  (cost=42.79..42.82 rows=11 width=121)
	        Sort Key: c
	        ->  Index Scan using sbtest6_pkey on sbtest6  (cost=0.43..42.60 rows=11 width=121)
	              Index Cond: ((id >= 5379182) AND (id <= 5379191))

table 7 : explain SELECT DISTINCT c FROM sbtest7 WHERE id BETWEEN 6827059 AND 6827068 ORDER BY c
	Unique  (cost=35.35..35.39 rows=9 width=121)
	  ->  Sort  (cost=35.35..35.37 rows=9 width=121)
	        Sort Key: c
	        ->  Index Scan using sbtest7_pkey on sbtest7  (cost=0.43..35.20 rows=9 width=121)
	              Index Cond: ((id >= 6827059) AND (id <= 6827068))

table 8 : explain SELECT DISTINCT c FROM sbtest8 WHERE id BETWEEN 625281 AND 625290 ORDER BY c
	Unique  (cost=38.47..38.52 rows=10 width=121)
	  ->  Sort  (cost=38.47..38.50 rows=10 width=121)
	        Sort Key: c
	        ->  Index Scan using sbtest8_pkey on sbtest8  (cost=0.43..38.30 rows=10 width=121)
	              Index Cond: ((id >= 625281) AND (id <= 625290))


for deletes
table 1 : explain DELETE FROM sbtest1 WHERE id=2582240
	Delete on sbtest1  (cost=0.43..8.45 rows=1 width=6)
	  ->  Index Scan using sbtest1_pkey on sbtest1  (cost=0.43..8.45 rows=1 width=6)
	        Index Cond: (id = 2582240)

table 2 : explain DELETE FROM sbtest2 WHERE id=4092797
	Delete on sbtest2  (cost=0.43..8.45 rows=1 width=6)
	  ->  Index Scan using sbtest2_pkey on sbtest2  (cost=0.43..8.45 rows=1 width=6)
	        Index Cond: (id = 4092797)

table 3 : explain DELETE FROM sbtest3 WHERE id=1533073
	Delete on sbtest3  (cost=0.43..8.45 rows=1 width=6)
	  ->  Index Scan using sbtest3_pkey on sbtest3  (cost=0.43..8.45 rows=1 width=6)
	        Index Cond: (id = 1533073)

table 4 : explain DELETE FROM sbtest4 WHERE id=64897
	Delete on sbtest4  (cost=0.43..8.45 rows=1 width=6)
	  ->  Index Scan using sbtest4_pkey on sbtest4  (cost=0.43..8.45 rows=1 width=6)
	        Index Cond: (id = 64897)

table 5 : explain DELETE FROM sbtest5 WHERE id=8683303
	Delete on sbtest5  (cost=0.43..8.45 rows=1 width=6)
	  ->  Index Scan using sbtest5_pkey on sbtest5  (cost=0.43..8.45 rows=1 width=6)
	        Index Cond: (id = 8683303)

table 6 : explain DELETE FROM sbtest6 WHERE id=8890624
	Delete on sbtest6  (cost=0.43..8.45 rows=1 width=6)
	  ->  Index Scan using sbtest6_pkey on sbtest6  (cost=0.43..8.45 rows=1 width=6)
	        Index Cond: (id = 8890624)

table 7 : explain DELETE FROM sbtest7 WHERE id=1213619
	Delete on sbtest7  (cost=0.43..8.45 rows=1 width=6)
	  ->  Index Scan using sbtest7_pkey on sbtest7  (cost=0.43..8.45 rows=1 width=6)
	        Index Cond: (id = 1213619)

table 8 : explain DELETE FROM sbtest8 WHERE id=3088063
	Delete on sbtest8  (cost=0.43..8.45 rows=1 width=6)
	  ->  Index Scan using sbtest8_pkey on sbtest8  (cost=0.43..8.45 rows=1 width=6)
	        Index Cond: (id = 3088063)

explain: for index_updates :: explain UPDATE sbtest%u SET k=k+1 WHERE id=%u
explain: for deletes :: explain DELETE FROM sbtest%u WHERE id=%u
explain: for inserts :: explain INSERT INTO sbtest%u (id, k, c, pad) VALUES (%u, 13, 'foobar', 'foobar')
explain: for index_updates :: explain UPDATE sbtest%u SET k=k+1 WHERE id=%u
for index_updates
table 1 : explain UPDATE sbtest1 SET k=k+1 WHERE id=1272286
	Update on sbtest1  (cost=0.43..8.46 rows=1 width=196)
	  ->  Index Scan using sbtest1_pkey on sbtest1  (cost=0.43..8.46 rows=1 width=196)
	        Index Cond: (id = 1272286)

table 2 : explain UPDATE sbtest2 SET k=k+1 WHERE id=6989910
	Update on sbtest2  (cost=0.43..8.46 rows=1 width=196)
	  ->  Index Scan using sbtest2_pkey on sbtest2  (cost=0.43..8.46 rows=1 width=196)
	        Index Cond: (id = 6989910)

table 3 : explain UPDATE sbtest3 SET k=k+1 WHERE id=8777017
	Update on sbtest3  (cost=0.43..8.46 rows=1 width=196)
	  ->  Index Scan using sbtest3_pkey on sbtest3  (cost=0.43..8.46 rows=1 width=196)
	        Index Cond: (id = 8777017)

table 4 : explain UPDATE sbtest4 SET k=k+1 WHERE id=5964777
	Update on sbtest4  (cost=0.43..8.46 rows=1 width=196)
	  ->  Index Scan using sbtest4_pkey on sbtest4  (cost=0.43..8.46 rows=1 width=196)
	        Index Cond: (id = 5964777)

table 5 : explain UPDATE sbtest5 SET k=k+1 WHERE id=891717
	Update on sbtest5  (cost=0.43..8.46 rows=1 width=196)
	  ->  Index Scan using sbtest5_pkey on sbtest5  (cost=0.43..8.46 rows=1 width=196)
	        Index Cond: (id = 891717)

table 6 : explain UPDATE sbtest6 SET k=k+1 WHERE id=8003888
	Update on sbtest6  (cost=0.43..8.46 rows=1 width=196)
	  ->  Index Scan using sbtest6_pkey on sbtest6  (cost=0.43..8.46 rows=1 width=196)
	        Index Cond: (id = 8003888)

table 7 : explain UPDATE sbtest7 SET k=k+1 WHERE id=5588790
	Update on sbtest7  (cost=0.43..8.46 rows=1 width=196)
	  ->  Index Scan using sbtest7_pkey on sbtest7  (cost=0.43..8.46 rows=1 width=196)
	        Index Cond: (id = 5588790)

table 8 : explain UPDATE sbtest8 SET k=k+1 WHERE id=7402722
	Update on sbtest8  (cost=0.43..8.46 rows=1 width=196)
	  ->  Index Scan using sbtest8_pkey on sbtest8  (cost=0.43..8.46 rows=1 width=196)
	        Index Cond: (id = 7402722)

for: simple_ranges
table 1 : explain SELECT c FROM sbtest1 WHERE id BETWEEN 1754660 AND 1754669
	Index Scan using sbtest1_pkey on sbtest1  (cost=0.43..38.52 rows=10 width=121)
	  Index Cond: ((id >= 1754660) AND (id <= 1754669))

table 2 : explain SELECT c FROM sbtest2 WHERE id BETWEEN 374557 AND 374566
	Index Scan using sbtest2_pkey on sbtest2  (cost=0.43..38.42 rows=10 width=121)
	  Index Cond: ((id >= 374557) AND (id <= 374566))

table 3 : explain SELECT c FROM sbtest3 WHERE id BETWEEN 811960 AND 811969
	Index Scan using sbtest3_pkey on sbtest3  (cost=0.43..38.60 rows=10 width=121)
	  Index Cond: ((id >= 811960) AND (id <= 811969))

table 4 : explain SELECT c FROM sbtest4 WHERE id BETWEEN 1828128 AND 1828137
	Index Scan using sbtest4_pkey on sbtest4  (cost=0.43..38.73 rows=10 width=121)
	  Index Cond: ((id >= 1828128) AND (id <= 1828137))

table 5 : explain SELECT c FROM sbtest5 WHERE id BETWEEN 9596555 AND 9596564
	Index Scan using sbtest5_pkey on sbtest5  (cost=0.43..38.54 rows=10 width=121)
	  Index Cond: ((id >= 9596555) AND (id <= 9596564))

table 6 : explain SELECT c FROM sbtest6 WHERE id BETWEEN 4115045 AND 4115054
	Index Scan using sbtest6_pkey on sbtest6  (cost=0.43..39.19 rows=10 width=121)
	  Index Cond: ((id >= 4115045) AND (id <= 4115054))

table 7 : explain SELECT c FROM sbtest7 WHERE id BETWEEN 8466998 AND 8467007
	Index Scan using sbtest7_pkey on sbtest7  (cost=0.43..38.55 rows=10 width=121)
	  Index Cond: ((id >= 8466998) AND (id <= 8467007))

table 8 : explain SELECT c FROM sbtest8 WHERE id BETWEEN 854222 AND 854231
	Index Scan using sbtest8_pkey on sbtest8  (cost=0.43..41.62 rows=11 width=121)
	  Index Cond: ((id >= 854222) AND (id <= 854231))

for: order_ranges
table 1 : explain SELECT c FROM sbtest1 WHERE id BETWEEN 1960815 AND 1960824 ORDER BY c
	Sort  (cost=38.68..38.71 rows=10 width=121)
	  Sort Key: c
	  ->  Index Scan using sbtest1_pkey on sbtest1  (cost=0.43..38.52 rows=10 width=121)
	        Index Cond: ((id >= 1960815) AND (id <= 1960824))

table 2 : explain SELECT c FROM sbtest2 WHERE id BETWEEN 4015582 AND 4015591 ORDER BY c
	Sort  (cost=35.23..35.25 rows=9 width=121)
	  Sort Key: c
	  ->  Index Scan using sbtest2_pkey on sbtest2  (cost=0.43..35.09 rows=9 width=121)
	        Index Cond: ((id >= 4015582) AND (id <= 4015591))

table 3 : explain SELECT c FROM sbtest3 WHERE id BETWEEN 3026897 AND 3026906 ORDER BY c
	Sort  (cost=38.76..38.79 rows=10 width=121)
	  Sort Key: c
	  ->  Index Scan using sbtest3_pkey on sbtest3  (cost=0.43..38.60 rows=10 width=121)
	        Index Cond: ((id >= 3026897) AND (id <= 3026906))

table 4 : explain SELECT c FROM sbtest4 WHERE id BETWEEN 3379599 AND 3379608 ORDER BY c
	Sort  (cost=35.51..35.53 rows=9 width=121)
	  Sort Key: c
	  ->  Index Scan using sbtest4_pkey on sbtest4  (cost=0.43..35.37 rows=9 width=121)
	        Index Cond: ((id >= 3379599) AND (id <= 3379608))

table 5 : explain SELECT c FROM sbtest5 WHERE id BETWEEN 3972622 AND 3972631 ORDER BY c
	Sort  (cost=38.71..38.73 rows=10 width=121)
	  Sort Key: c
	  ->  Index Scan using sbtest5_pkey on sbtest5  (cost=0.43..38.54 rows=10 width=121)
	        Index Cond: ((id >= 3972622) AND (id <= 3972631))

table 6 : explain SELECT c FROM sbtest6 WHERE id BETWEEN 1099541 AND 1099550 ORDER BY c
	Sort  (cost=35.92..35.94 rows=9 width=121)
	  Sort Key: c
	  ->  Index Scan using sbtest6_pkey on sbtest6  (cost=0.43..35.77 rows=9 width=121)
	        Index Cond: ((id >= 1099541) AND (id <= 1099550))

table 7 : explain SELECT c FROM sbtest7 WHERE id BETWEEN 6262972 AND 6262981 ORDER BY c
	Sort  (cost=38.71..38.74 rows=10 width=121)
	  Sort Key: c
	  ->  Index Scan using sbtest7_pkey on sbtest7  (cost=0.43..38.55 rows=10 width=121)
	        Index Cond: ((id >= 6262972) AND (id <= 6262981))

table 8 : explain SELECT c FROM sbtest8 WHERE id BETWEEN 3175597 AND 3175606 ORDER BY c
	Sort  (cost=38.47..38.50 rows=10 width=121)
	  Sort Key: c
	  ->  Index Scan using sbtest8_pkey on sbtest8  (cost=0.43..38.30 rows=10 width=121)
	        Index Cond: ((id >= 3175597) AND (id <= 3175606))

for: distinct_ranges
table 1 : explain SELECT DISTINCT c FROM sbtest1 WHERE id BETWEEN 4805720 AND 4805729 ORDER BY c
	Unique  (cost=38.68..38.73 rows=10 width=121)
	  ->  Sort  (cost=38.68..38.71 rows=10 width=121)
	        Sort Key: c
	        ->  Index Scan using sbtest1_pkey on sbtest1  (cost=0.43..38.52 rows=10 width=121)
	              Index Cond: ((id >= 4805720) AND (id <= 4805729))

table 2 : explain SELECT DISTINCT c FROM sbtest2 WHERE id BETWEEN 5808924 AND 5808933 ORDER BY c
	Unique  (cost=38.58..38.63 rows=10 width=121)
	  ->  Sort  (cost=38.58..38.61 rows=10 width=121)
	        Sort Key: c
	        ->  Index Scan using sbtest2_pkey on sbtest2  (cost=0.43..38.42 rows=10 width=121)
	              Index Cond: ((id >= 5808924) AND (id <= 5808933))

table 3 : explain SELECT DISTINCT c FROM sbtest3 WHERE id BETWEEN 2073368 AND 2073377 ORDER BY c
	Unique  (cost=42.14..42.19 rows=11 width=121)
	  ->  Sort  (cost=42.14..42.16 rows=11 width=121)
	        Sort Key: c
	        ->  Index Scan using sbtest3_pkey on sbtest3  (cost=0.43..41.95 rows=11 width=121)
	              Index Cond: ((id >= 2073368) AND (id <= 2073377))

table 4 : explain SELECT DISTINCT c FROM sbtest4 WHERE id BETWEEN 8328698 AND 8328707 ORDER BY c
	Unique  (cost=42.29..42.34 rows=11 width=121)
	  ->  Sort  (cost=42.29..42.32 rows=11 width=121)
	        Sort Key: c
	        ->  Index Scan using sbtest4_pkey on sbtest4  (cost=0.43..42.10 rows=11 width=121)
	              Index Cond: ((id >= 8328698) AND (id <= 8328707))

table 5 : explain SELECT DISTINCT c FROM sbtest5 WHERE id BETWEEN 5373146 AND 5373155 ORDER BY c
	Unique  (cost=38.71..38.76 rows=10 width=121)
	  ->  Sort  (cost=38.71..38.73 rows=10 width=121)
	        Sort Key: c
	        ->  Index Scan using sbtest5_pkey on sbtest5  (cost=0.43..38.54 rows=10 width=121)
	              Index Cond: ((id >= 5373146) AND (id <= 5373155))

table 6 : explain SELECT DISTINCT c FROM sbtest6 WHERE id BETWEEN 3540931 AND 3540940 ORDER BY c
	Unique  (cost=42.79..42.85 rows=11 width=121)
	  ->  Sort  (cost=42.79..42.82 rows=11 width=121)
	        Sort Key: c
	        ->  Index Scan using sbtest6_pkey on sbtest6  (cost=0.43..42.60 rows=11 width=121)
	              Index Cond: ((id >= 3540931) AND (id <= 3540940))

table 7 : explain SELECT DISTINCT c FROM sbtest7 WHERE id BETWEEN 7731548 AND 7731557 ORDER BY c
	Unique  (cost=38.71..38.76 rows=10 width=121)
	  ->  Sort  (cost=38.71..38.74 rows=10 width=121)
	        Sort Key: c
	        ->  Index Scan using sbtest7_pkey on sbtest7  (cost=0.43..38.55 rows=10 width=121)
	              Index Cond: ((id >= 7731548) AND (id <= 7731557))

table 8 : explain SELECT DISTINCT c FROM sbtest8 WHERE id BETWEEN 4901390 AND 4901399 ORDER BY c
	Unique  (cost=41.81..41.87 rows=11 width=121)
	  ->  Sort  (cost=41.81..41.84 rows=11 width=121)
	        Sort Key: c
	        ->  Index Scan using sbtest8_pkey on sbtest8  (cost=0.43..41.62 rows=11 width=121)
	              Index Cond: ((id >= 4901390) AND (id <= 4901399))

for deletes
table 1 : explain DELETE FROM sbtest1 WHERE id=2947641
	Delete on sbtest1  (cost=0.43..8.45 rows=1 width=6)
	  ->  Index Scan using sbtest1_pkey on sbtest1  (cost=0.43..8.45 rows=1 width=6)
	        Index Cond: (id = 2947641)

table 2 : explain DELETE FROM sbtest2 WHERE id=9002757
	Delete on sbtest2  (cost=0.43..8.45 rows=1 width=6)
	  ->  Index Scan using sbtest2_pkey on sbtest2  (cost=0.43..8.45 rows=1 width=6)
	        Index Cond: (id = 9002757)

table 3 : explain DELETE FROM sbtest3 WHERE id=461581
	Delete on sbtest3  (cost=0.43..8.45 rows=1 width=6)
	  ->  Index Scan using sbtest3_pkey on sbtest3  (cost=0.43..8.45 rows=1 width=6)
	        Index Cond: (id = 461581)

table 4 : explain DELETE FROM sbtest4 WHERE id=8948260
	Delete on sbtest4  (cost=0.43..8.45 rows=1 width=6)
	  ->  Index Scan using sbtest4_pkey on sbtest4  (cost=0.43..8.45 rows=1 width=6)
	        Index Cond: (id = 8948260)

table 5 : explain DELETE FROM sbtest5 WHERE id=3361361
	Delete on sbtest5  (cost=0.43..8.45 rows=1 width=6)
	  ->  Index Scan using sbtest5_pkey on sbtest5  (cost=0.43..8.45 rows=1 width=6)
	        Index Cond: (id = 3361361)

table 6 : explain DELETE FROM sbtest6 WHERE id=2075674
	Delete on sbtest6  (cost=0.43..8.45 rows=1 width=6)
	  ->  Index Scan using sbtest6_pkey on sbtest6  (cost=0.43..8.45 rows=1 width=6)
	        Index Cond: (id = 2075674)

table 7 : explain DELETE FROM sbtest7 WHERE id=5623132
	Delete on sbtest7  (cost=0.43..8.45 rows=1 width=6)
	  ->  Index Scan using sbtest7_pkey on sbtest7  (cost=0.43..8.45 rows=1 width=6)
	        Index Cond: (id = 5623132)

table 8 : explain DELETE FROM sbtest8 WHERE id=1418594
	Delete on sbtest8  (cost=0.43..8.45 rows=1 width=6)
	  ->  Index Scan using sbtest8_pkey on sbtest8  (cost=0.43..8.45 rows=1 width=6)
	        Index Cond: (id = 1418594)

for non_index_updates
table 1 : explain UPDATE sbtest1 SET c='foobar' WHERE id=7730865
	Update on sbtest1  (cost=0.43..8.45 rows=1 width=559)
	  ->  Index Scan using sbtest1_pkey on sbtest1  (cost=0.43..8.45 rows=1 width=559)
	        Index Cond: (id = 7730865)

table 2 : explain UPDATE sbtest2 SET c='foobar' WHERE id=3159973
	Update on sbtest2  (cost=0.43..8.45 rows=1 width=559)
	  ->  Index Scan using sbtest2_pkey on sbtest2  (cost=0.43..8.45 rows=1 width=559)
	        Index Cond: (id = 3159973)

table 3 : explain UPDATE sbtest3 SET c='foobar' WHERE id=6984900
	Update on sbtest3  (cost=0.43..8.45 rows=1 width=559)
	  ->  Index Scan using sbtest3_pkey on sbtest3  (cost=0.43..8.45 rows=1 width=559)
	        Index Cond: (id = 6984900)

table 4 : explain UPDATE sbtest4 SET c='foobar' WHERE id=3467282
	Update on sbtest4  (cost=0.43..8.45 rows=1 width=559)
	  ->  Index Scan using sbtest4_pkey on sbtest4  (cost=0.43..8.45 rows=1 width=559)
	        Index Cond: (id = 3467282)

table 5 : explain UPDATE sbtest5 SET c='foobar' WHERE id=4803588
	Update on sbtest5  (cost=0.43..8.45 rows=1 width=559)
	  ->  Index Scan using sbtest5_pkey on sbtest5  (cost=0.43..8.45 rows=1 width=559)
	        Index Cond: (id = 4803588)

table 6 : explain UPDATE sbtest6 SET c='foobar' WHERE id=9569993
	Update on sbtest6  (cost=0.43..8.45 rows=1 width=559)
	  ->  Index Scan using sbtest6_pkey on sbtest6  (cost=0.43..8.45 rows=1 width=559)
	        Index Cond: (id = 9569993)

table 7 : explain UPDATE sbtest7 SET c='foobar' WHERE id=4728530
	Update on sbtest7  (cost=0.43..8.45 rows=1 width=559)
	  ->  Index Scan using sbtest7_pkey on sbtest7  (cost=0.43..8.45 rows=1 width=559)
	        Index Cond: (id = 4728530)

table 8 : explain UPDATE sbtest8 SET c='foobar' WHERE id=5390284
	Update on sbtest8  (cost=0.43..8.45 rows=1 width=559)
	  ->  Index Scan using sbtest8_pkey on sbtest8  (cost=0.43..8.45 rows=1 width=559)
	        Index Cond: (id = 5390284)

for inserts
table 1 : explain INSERT INTO sbtest1 (id, k, c, pad) VALUES (8176009, 13, 'foobar', 'foobar')
	Insert on sbtest1  (cost=0.00..0.01 rows=1 width=736)
	  ->  Result  (cost=0.00..0.01 rows=1 width=736)

table 2 : explain INSERT INTO sbtest2 (id, k, c, pad) VALUES (3110715, 13, 'foobar', 'foobar')
	Insert on sbtest2  (cost=0.00..0.01 rows=1 width=736)
	  ->  Result  (cost=0.00..0.01 rows=1 width=736)

table 3 : explain INSERT INTO sbtest3 (id, k, c, pad) VALUES (9177279, 13, 'foobar', 'foobar')
	Insert on sbtest3  (cost=0.00..0.01 rows=1 width=736)
	  ->  Result  (cost=0.00..0.01 rows=1 width=736)

table 4 : explain INSERT INTO sbtest4 (id, k, c, pad) VALUES (3696032, 13, 'foobar', 'foobar')
	Insert on sbtest4  (cost=0.00..0.01 rows=1 width=736)
	  ->  Result  (cost=0.00..0.01 rows=1 width=736)

table 5 : explain INSERT INTO sbtest5 (id, k, c, pad) VALUES (8441064, 13, 'foobar', 'foobar')
	Insert on sbtest5  (cost=0.00..0.01 rows=1 width=736)
	  ->  Result  (cost=0.00..0.01 rows=1 width=736)

table 6 : explain INSERT INTO sbtest6 (id, k, c, pad) VALUES (4043803, 13, 'foobar', 'foobar')
	Insert on sbtest6  (cost=0.00..0.01 rows=1 width=736)
	  ->  Result  (cost=0.00..0.01 rows=1 width=736)

table 7 : explain INSERT INTO sbtest7 (id, k, c, pad) VALUES (5876269, 13, 'foobar', 'foobar')
	Insert on sbtest7  (cost=0.00..0.01 rows=1 width=736)
	  ->  Result  (cost=0.00..0.01 rows=1 width=736)

table 8 : explain INSERT INTO sbtest8 (id, k, c, pad) VALUES (4360055, 13, 'foobar', 'foobar')
	Insert on sbtest8  (cost=0.00..0.01 rows=1 width=736)
	  ->  Result  (cost=0.00..0.01 rows=1 width=736)

explain: for inserts :: explain INSERT INTO sbtest%u (id, k, c, pad) VALUES (%u, 13, 'foobar', 'foobar')
explain: for point_selects :: explain SELECT c FROM sbtest%u WHERE id=%u
explain: for non_index_updates :: explain UPDATE sbtest%u SET c='foobar' WHERE id=%u
for index_updates
table 1 : explain UPDATE sbtest1 SET k=k+1 WHERE id=1614175
	Update on sbtest1  (cost=0.43..8.46 rows=1 width=196)
	  ->  Index Scan using sbtest1_pkey on sbtest1  (cost=0.43..8.46 rows=1 width=196)
	        Index Cond: (id = 1614175)

table 2 : explain UPDATE sbtest2 SET k=k+1 WHERE id=222996
	Update on sbtest2  (cost=0.43..8.46 rows=1 width=196)
	  ->  Index Scan using sbtest2_pkey on sbtest2  (cost=0.43..8.46 rows=1 width=196)
	        Index Cond: (id = 222996)

table 3 : explain UPDATE sbtest3 SET k=k+1 WHERE id=528531
	Update on sbtest3  (cost=0.43..8.46 rows=1 width=196)
	  ->  Index Scan using sbtest3_pkey on sbtest3  (cost=0.43..8.46 rows=1 width=196)
	        Index Cond: (id = 528531)

table 4 : explain UPDATE sbtest4 SET k=k+1 WHERE id=2861461
	Update on sbtest4  (cost=0.43..8.46 rows=1 width=196)
	  ->  Index Scan using sbtest4_pkey on sbtest4  (cost=0.43..8.46 rows=1 width=196)
	        Index Cond: (id = 2861461)

table 5 : explain UPDATE sbtest5 SET k=k+1 WHERE id=8812002
	Update on sbtest5  (cost=0.43..8.46 rows=1 width=196)
	  ->  Index Scan using sbtest5_pkey on sbtest5  (cost=0.43..8.46 rows=1 width=196)
	        Index Cond: (id = 8812002)

table 6 : explain UPDATE sbtest6 SET k=k+1 WHERE id=7314484
	Update on sbtest6  (cost=0.43..8.46 rows=1 width=196)
	  ->  Index Scan using sbtest6_pkey on sbtest6  (cost=0.43..8.46 rows=1 width=196)
	        Index Cond: (id = 7314484)

table 7 : explain UPDATE sbtest7 SET k=k+1 WHERE id=6750444
	Update on sbtest7  (cost=0.43..8.46 rows=1 width=196)
	  ->  Index Scan using sbtest7_pkey on sbtest7  (cost=0.43..8.46 rows=1 width=196)
	        Index Cond: (id = 6750444)

table 8 : explain UPDATE sbtest8 SET k=k+1 WHERE id=5700707
	Update on sbtest8  (cost=0.43..8.46 rows=1 width=196)
	  ->  Index Scan using sbtest8_pkey on sbtest8  (cost=0.43..8.46 rows=1 width=196)
	        Index Cond: (id = 5700707)

for index_updates
table 1 : explain UPDATE sbtest1 SET k=k+1 WHERE id=1375416
	Update on sbtest1  (cost=0.43..8.46 rows=1 width=196)
	  ->  Index Scan using sbtest1_pkey on sbtest1  (cost=0.43..8.46 rows=1 width=196)
	        Index Cond: (id = 1375416)

table 2 : explain UPDATE sbtest2 SET k=k+1 WHERE id=4026637
	Update on sbtest2  (cost=0.43..8.46 rows=1 width=196)
	  ->  Index Scan using sbtest2_pkey on sbtest2  (cost=0.43..8.46 rows=1 width=196)
	        Index Cond: (id = 4026637)

table 3 : explain UPDATE sbtest3 SET k=k+1 WHERE id=6443441
	Update on sbtest3  (cost=0.43..8.46 rows=1 width=196)
	  ->  Index Scan using sbtest3_pkey on sbtest3  (cost=0.43..8.46 rows=1 width=196)
	        Index Cond: (id = 6443441)

table 4 : explain UPDATE sbtest4 SET k=k+1 WHERE id=1665215
	Update on sbtest4  (cost=0.43..8.46 rows=1 width=196)
	  ->  Index Scan using sbtest4_pkey on sbtest4  (cost=0.43..8.46 rows=1 width=196)
	        Index Cond: (id = 1665215)

table 5 : explain UPDATE sbtest5 SET k=k+1 WHERE id=6572472
	Update on sbtest5  (cost=0.43..8.46 rows=1 width=196)
	  ->  Index Scan using sbtest5_pkey on sbtest5  (cost=0.43..8.46 rows=1 width=196)
	        Index Cond: (id = 6572472)

table 6 : explain UPDATE sbtest6 SET k=k+1 WHERE id=4162423
	Update on sbtest6  (cost=0.43..8.46 rows=1 width=196)
	  ->  Index Scan using sbtest6_pkey on sbtest6  (cost=0.43..8.46 rows=1 width=196)
	        Index Cond: (id = 4162423)

table 7 : explain UPDATE sbtest7 SET k=k+1 WHERE id=4789659
	Update on sbtest7  (cost=0.43..8.46 rows=1 width=196)
	  ->  Index Scan using sbtest7_pkey on sbtest7  (cost=0.43..8.46 rows=1 width=196)
	        Index Cond: (id = 4789659)

table 8 : explain UPDATE sbtest8 SET k=k+1 WHERE id=1638690
	Update on sbtest8  (cost=0.43..8.46 rows=1 width=196)
	  ->  Index Scan using sbtest8_pkey on sbtest8  (cost=0.43..8.46 rows=1 width=196)
	        Index Cond: (id = 1638690)

explain: for index_updates :: explain UPDATE sbtest%u SET k=k+1 WHERE id=%u
explain: for inserts :: explain INSERT INTO sbtest%u (id, k, c, pad) VALUES (%u, 13, 'foobar', 'foobar')
explain: for deletes :: explain DELETE FROM sbtest%u WHERE id=%u
explain: for non_index_updates :: explain UPDATE sbtest%u SET c='foobar' WHERE id=%u
for: distinct_ranges
table 1 : explain SELECT DISTINCT c FROM sbtest1 WHERE id BETWEEN 1225207 AND 1225216 ORDER BY c
	Unique  (cost=38.68..38.73 rows=10 width=121)
	  ->  Sort  (cost=38.68..38.71 rows=10 width=121)
	        Sort Key: c
	        ->  Index Scan using sbtest1_pkey on sbtest1  (cost=0.43..38.52 rows=10 width=121)
	              Index Cond: ((id >= 1225207) AND (id <= 1225216))

table 2 : explain SELECT DISTINCT c FROM sbtest2 WHERE id BETWEEN 6185554 AND 6185563 ORDER BY c
	Unique  (cost=38.58..38.63 rows=10 width=121)
	  ->  Sort  (cost=38.58..38.61 rows=10 width=121)
	        Sort Key: c
	        ->  Index Scan using sbtest2_pkey on sbtest2  (cost=0.43..38.42 rows=10 width=121)
	              Index Cond: ((id >= 6185554) AND (id <= 6185563))

table 3 : explain SELECT DISTINCT c FROM sbtest3 WHERE id BETWEEN 3432919 AND 3432928 ORDER BY c
	Unique  (cost=38.76..38.81 rows=10 width=121)
	  ->  Sort  (cost=38.76..38.79 rows=10 width=121)
	        Sort Key: c
	        ->  Index Scan using sbtest3_pkey on sbtest3  (cost=0.43..38.60 rows=10 width=121)
	              Index Cond: ((id >= 3432919) AND (id <= 3432928))

table 4 : explain SELECT DISTINCT c FROM sbtest4 WHERE id BETWEEN 5932922 AND 5932931 ORDER BY c
	Unique  (cost=38.90..38.95 rows=10 width=121)
	  ->  Sort  (cost=38.90..38.92 rows=10 width=121)
	        Sort Key: c
	        ->  Index Scan using sbtest4_pkey on sbtest4  (cost=0.43..38.73 rows=10 width=121)
	              Index Cond: ((id >= 5932922) AND (id <= 5932931))

table 5 : explain SELECT DISTINCT c FROM sbtest5 WHERE id BETWEEN 5521881 AND 5521890 ORDER BY c
	Unique  (cost=38.71..38.76 rows=10 width=121)
	  ->  Sort  (cost=38.71..38.73 rows=10 width=121)
	        Sort Key: c
	        ->  Index Scan using sbtest5_pkey on sbtest5  (cost=0.43..38.54 rows=10 width=121)
	              Index Cond: ((id >= 5521881) AND (id <= 5521890))

table 6 : explain SELECT DISTINCT c FROM sbtest6 WHERE id BETWEEN 9950215 AND 9950224 ORDER BY c
	Unique  (cost=35.92..35.96 rows=9 width=121)
	  ->  Sort  (cost=35.92..35.94 rows=9 width=121)
	        Sort Key: c
	        ->  Index Scan using sbtest6_pkey on sbtest6  (cost=0.43..35.77 rows=9 width=121)
	              Index Cond: ((id >= 9950215) AND (id <= 9950224))

table 7 : explain SELECT DISTINCT c FROM sbtest7 WHERE id BETWEEN 177982 AND 177991 ORDER BY c
	Unique  (cost=42.08..42.14 rows=11 width=121)
	  ->  Sort  (cost=42.08..42.11 rows=11 width=121)
	        Sort Key: c
	        ->  Index Scan using sbtest7_pkey on sbtest7  (cost=0.43..41.89 rows=11 width=121)
	              Index Cond: ((id >= 177982) AND (id <= 177991))

table 8 : explain SELECT DISTINCT c FROM sbtest8 WHERE id BETWEEN 2721750 AND 2721759 ORDER BY c
	Unique  (cost=38.47..38.52 rows=10 width=121)
	  ->  Sort  (cost=38.47..38.50 rows=10 width=121)
	        Sort Key: c
	        ->  Index Scan using sbtest8_pkey on sbtest8  (cost=0.43..38.30 rows=10 width=121)
	              Index Cond: ((id >= 2721750) AND (id <= 2721759))

for non_index_updates
table 1 : explain UPDATE sbtest1 SET c='foobar' WHERE id=3250726
	Update on sbtest1  (cost=0.43..8.45 rows=1 width=559)
	  ->  Index Scan using sbtest1_pkey on sbtest1  (cost=0.43..8.45 rows=1 width=559)
	        Index Cond: (id = 3250726)

table 2 : explain UPDATE sbtest2 SET c='foobar' WHERE id=5535872
	Update on sbtest2  (cost=0.43..8.45 rows=1 width=559)
	  ->  Index Scan using sbtest2_pkey on sbtest2  (cost=0.43..8.45 rows=1 width=559)
	        Index Cond: (id = 5535872)

table 3 : explain UPDATE sbtest3 SET c='foobar' WHERE id=4186356
	Update on sbtest3  (cost=0.43..8.45 rows=1 width=559)
	  ->  Index Scan using sbtest3_pkey on sbtest3  (cost=0.43..8.45 rows=1 width=559)
	        Index Cond: (id = 4186356)

table 4 : explain UPDATE sbtest4 SET c='foobar' WHERE id=6833785
	Update on sbtest4  (cost=0.43..8.45 rows=1 width=559)
	  ->  Index Scan using sbtest4_pkey on sbtest4  (cost=0.43..8.45 rows=1 width=559)
	        Index Cond: (id = 6833785)

table 5 : explain UPDATE sbtest5 SET c='foobar' WHERE id=2220524
	Update on sbtest5  (cost=0.43..8.45 rows=1 width=559)
	  ->  Index Scan using sbtest5_pkey on sbtest5  (cost=0.43..8.45 rows=1 width=559)
	        Index Cond: (id = 2220524)

table 6 : explain UPDATE sbtest6 SET c='foobar' WHERE id=1881402
	Update on sbtest6  (cost=0.43..8.45 rows=1 width=559)
	  ->  Index Scan using sbtest6_pkey on sbtest6  (cost=0.43..8.45 rows=1 width=559)
	        Index Cond: (id = 1881402)

table 7 : explain UPDATE sbtest7 SET c='foobar' WHERE id=1455411
	Update on sbtest7  (cost=0.43..8.45 rows=1 width=559)
	  ->  Index Scan using sbtest7_pkey on sbtest7  (cost=0.43..8.45 rows=1 width=559)
	        Index Cond: (id = 1455411)

table 8 : explain UPDATE sbtest8 SET c='foobar' WHERE id=3258185
	Update on sbtest8  (cost=0.43..8.45 rows=1 width=559)
	  ->  Index Scan using sbtest8_pkey on sbtest8  (cost=0.43..8.45 rows=1 width=559)
	        Index Cond: (id = 3258185)

explain: for non_index_updates :: explain UPDATE sbtest%u SET c='foobar' WHERE id=%u
for inserts
table 1 : explain INSERT INTO sbtest1 (id, k, c, pad) VALUES (9513619, 13, 'foobar', 'foobar')
	Insert on sbtest1  (cost=0.00..0.01 rows=1 width=736)
	  ->  Result  (cost=0.00..0.01 rows=1 width=736)

table 2 : explain INSERT INTO sbtest2 (id, k, c, pad) VALUES (3338717, 13, 'foobar', 'foobar')
	Insert on sbtest2  (cost=0.00..0.01 rows=1 width=736)
	  ->  Result  (cost=0.00..0.01 rows=1 width=736)

table 3 : explain INSERT INTO sbtest3 (id, k, c, pad) VALUES (8435172, 13, 'foobar', 'foobar')
	Insert on sbtest3  (cost=0.00..0.01 rows=1 width=736)
	  ->  Result  (cost=0.00..0.01 rows=1 width=736)

table 4 : explain INSERT INTO sbtest4 (id, k, c, pad) VALUES (8813917, 13, 'foobar', 'foobar')
	Insert on sbtest4  (cost=0.00..0.01 rows=1 width=736)
	  ->  Result  (cost=0.00..0.01 rows=1 width=736)

table 5 : explain INSERT INTO sbtest5 (id, k, c, pad) VALUES (4810286, 13, 'foobar', 'foobar')
	Insert on sbtest5  (cost=0.00..0.01 rows=1 width=736)
	  ->  Result  (cost=0.00..0.01 rows=1 width=736)

table 6 : explain INSERT INTO sbtest6 (id, k, c, pad) VALUES (599500, 13, 'foobar', 'foobar')
	Insert on sbtest6  (cost=0.00..0.01 rows=1 width=736)
	  ->  Result  (cost=0.00..0.01 rows=1 width=736)

table 7 : explain INSERT INTO sbtest7 (id, k, c, pad) VALUES (1025056, 13, 'foobar', 'foobar')
	Insert on sbtest7  (cost=0.00..0.01 rows=1 width=736)
	  ->  Result  (cost=0.00..0.01 rows=1 width=736)

table 8 : explain INSERT INTO sbtest8 (id, k, c, pad) VALUES (4118019, 13, 'foobar', 'foobar')
	Insert on sbtest8  (cost=0.00..0.01 rows=1 width=736)
	  ->  Result  (cost=0.00..0.01 rows=1 width=736)

explain: for non_index_updates :: explain UPDATE sbtest%u SET c='foobar' WHERE id=%u
for inserts
table 1 : explain INSERT INTO sbtest1 (id, k, c, pad) VALUES (2183362, 13, 'foobar', 'foobar')
	Insert on sbtest1  (cost=0.00..0.01 rows=1 width=736)
	  ->  Result  (cost=0.00..0.01 rows=1 width=736)

table 2 : explain INSERT INTO sbtest2 (id, k, c, pad) VALUES (1325733, 13, 'foobar', 'foobar')
	Insert on sbtest2  (cost=0.00..0.01 rows=1 width=736)
	  ->  Result  (cost=0.00..0.01 rows=1 width=736)

table 3 : explain INSERT INTO sbtest3 (id, k, c, pad) VALUES (3848800, 13, 'foobar', 'foobar')
	Insert on sbtest3  (cost=0.00..0.01 rows=1 width=736)
	  ->  Result  (cost=0.00..0.01 rows=1 width=736)

table 4 : explain INSERT INTO sbtest4 (id, k, c, pad) VALUES (6681444, 13, 'foobar', 'foobar')
	Insert on sbtest4  (cost=0.00..0.01 rows=1 width=736)
	  ->  Result  (cost=0.00..0.01 rows=1 width=736)

table 5 : explain INSERT INTO sbtest5 (id, k, c, pad) VALUES (3410373, 13, 'foobar', 'foobar')
	Insert on sbtest5  (cost=0.00..0.01 rows=1 width=736)
	  ->  Result  (cost=0.00..0.01 rows=1 width=736)

table 6 : explain INSERT INTO sbtest6 (id, k, c, pad) VALUES (363656, 13, 'foobar', 'foobar')
	Insert on sbtest6  (cost=0.00..0.01 rows=1 width=736)
	  ->  Result  (cost=0.00..0.01 rows=1 width=736)

table 7 : explain INSERT INTO sbtest7 (id, k, c, pad) VALUES (396025, 13, 'foobar', 'foobar')
	Insert on sbtest7  (cost=0.00..0.01 rows=1 width=736)
	  ->  Result  (cost=0.00..0.01 rows=1 width=736)

table 8 : explain INSERT INTO sbtest8 (id, k, c, pad) VALUES (2912235, 13, 'foobar', 'foobar')
	Insert on sbtest8  (cost=0.00..0.01 rows=1 width=736)
	  ->  Result  (cost=0.00..0.01 rows=1 width=736)

explain: for deletes :: explain DELETE FROM sbtest%u WHERE id=%u
for: sum_ranges
table 1 : explain SELECT SUM(k) FROM sbtest1 WHERE id BETWEEN 7555882 AND 7555891
	Aggregate  (cost=38.54..38.55 rows=1 width=8)
	  ->  Index Scan using sbtest1_pkey on sbtest1  (cost=0.43..38.52 rows=10 width=4)
	        Index Cond: ((id >= 7555882) AND (id <= 7555891))

table 2 : explain SELECT SUM(k) FROM sbtest2 WHERE id BETWEEN 1765289 AND 1765298
	Aggregate  (cost=35.11..35.12 rows=1 width=8)
	  ->  Index Scan using sbtest2_pkey on sbtest2  (cost=0.43..35.09 rows=9 width=4)
	        Index Cond: ((id >= 1765289) AND (id <= 1765298))

table 3 : explain SELECT SUM(k) FROM sbtest3 WHERE id BETWEEN 1367892 AND 1367901
	Aggregate  (cost=35.27..35.28 rows=1 width=8)
	  ->  Index Scan using sbtest3_pkey on sbtest3  (cost=0.43..35.25 rows=9 width=4)
	        Index Cond: ((id >= 1367892) AND (id <= 1367901))

table 4 : explain SELECT SUM(k) FROM sbtest4 WHERE id BETWEEN 4790294 AND 4790303
	Aggregate  (cost=38.76..38.77 rows=1 width=8)
	  ->  Index Scan using sbtest4_pkey on sbtest4  (cost=0.43..38.73 rows=10 width=4)
	        Index Cond: ((id >= 4790294) AND (id <= 4790303))

table 5 : explain SELECT SUM(k) FROM sbtest5 WHERE id BETWEEN 3556315 AND 3556324
	Aggregate  (cost=38.57..38.58 rows=1 width=8)
	  ->  Index Scan using sbtest5_pkey on sbtest5  (cost=0.43..38.54 rows=10 width=4)
	        Index Cond: ((id >= 3556315) AND (id <= 3556324))

table 6 : explain SELECT SUM(k) FROM sbtest6 WHERE id BETWEEN 787188 AND 787197
	Aggregate  (cost=39.21..39.22 rows=1 width=8)
	  ->  Index Scan using sbtest6_pkey on sbtest6  (cost=0.43..39.19 rows=10 width=4)
	        Index Cond: ((id >= 787188) AND (id <= 787197))

table 7 : explain SELECT SUM(k) FROM sbtest7 WHERE id BETWEEN 8090490 AND 8090499
	Aggregate  (cost=41.92..41.93 rows=1 width=8)
	  ->  Index Scan using sbtest7_pkey on sbtest7  (cost=0.43..41.89 rows=11 width=4)
	        Index Cond: ((id >= 8090490) AND (id <= 8090499))

table 8 : explain SELECT SUM(k) FROM sbtest8 WHERE id BETWEEN 9132951 AND 9132960
	Aggregate  (cost=38.33..38.34 rows=1 width=8)
	  ->  Index Scan using sbtest8_pkey on sbtest8  (cost=0.43..38.30 rows=10 width=4)
	        Index Cond: ((id >= 9132951) AND (id <= 9132960))

for deletes
table 1 : explain DELETE FROM sbtest1 WHERE id=4466579
	Delete on sbtest1  (cost=0.43..8.45 rows=1 width=6)
	  ->  Index Scan using sbtest1_pkey on sbtest1  (cost=0.43..8.45 rows=1 width=6)
	        Index Cond: (id = 4466579)

table 2 : explain DELETE FROM sbtest2 WHERE id=3785194
	Delete on sbtest2  (cost=0.43..8.45 rows=1 width=6)
	  ->  Index Scan using sbtest2_pkey on sbtest2  (cost=0.43..8.45 rows=1 width=6)
	        Index Cond: (id = 3785194)

table 3 : explain DELETE FROM sbtest3 WHERE id=5995965
	Delete on sbtest3  (cost=0.43..8.45 rows=1 width=6)
	  ->  Index Scan using sbtest3_pkey on sbtest3  (cost=0.43..8.45 rows=1 width=6)
	        Index Cond: (id = 5995965)

table 4 : explain DELETE FROM sbtest4 WHERE id=4252598
	Delete on sbtest4  (cost=0.43..8.45 rows=1 width=6)
	  ->  Index Scan using sbtest4_pkey on sbtest4  (cost=0.43..8.45 rows=1 width=6)
	        Index Cond: (id = 4252598)

table 5 : explain DELETE FROM sbtest5 WHERE id=8744818
	Delete on sbtest5  (cost=0.43..8.45 rows=1 width=6)
	  ->  Index Scan using sbtest5_pkey on sbtest5  (cost=0.43..8.45 rows=1 width=6)
	        Index Cond: (id = 8744818)

table 6 : explain DELETE FROM sbtest6 WHERE id=3297514
	Delete on sbtest6  (cost=0.43..8.45 rows=1 width=6)
	  ->  Index Scan using sbtest6_pkey on sbtest6  (cost=0.43..8.45 rows=1 width=6)
	        Index Cond: (id = 3297514)

table 7 : explain DELETE FROM sbtest7 WHERE id=3373464
	Delete on sbtest7  (cost=0.43..8.45 rows=1 width=6)
	  ->  Index Scan using sbtest7_pkey on sbtest7  (cost=0.43..8.45 rows=1 width=6)
	        Index Cond: (id = 3373464)

table 8 : explain DELETE FROM sbtest8 WHERE id=3645232
	Delete on sbtest8  (cost=0.43..8.45 rows=1 width=6)
	  ->  Index Scan using sbtest8_pkey on sbtest8  (cost=0.43..8.45 rows=1 width=6)
	        Index Cond: (id = 3645232)

explain: for index_updates :: explain UPDATE sbtest%u SET k=k+1 WHERE id=%u
for: distinct_ranges
table 1 : explain SELECT DISTINCT c FROM sbtest1 WHERE id BETWEEN 4363701 AND 4363710 ORDER BY c
	Unique  (cost=38.68..38.73 rows=10 width=121)
	  ->  Sort  (cost=38.68..38.71 rows=10 width=121)
	        Sort Key: c
	        ->  Index Scan using sbtest1_pkey on sbtest1  (cost=0.43..38.52 rows=10 width=121)
	              Index Cond: ((id >= 4363701) AND (id <= 4363710))

table 2 : explain SELECT DISTINCT c FROM sbtest2 WHERE id BETWEEN 9060461 AND 9060470 ORDER BY c
	Unique  (cost=41.94..41.99 rows=11 width=121)
	  ->  Sort  (cost=41.94..41.96 rows=11 width=121)
	        Sort Key: c
	        ->  Index Scan using sbtest2_pkey on sbtest2  (cost=0.43..41.75 rows=11 width=121)
	              Index Cond: ((id >= 9060461) AND (id <= 9060470))

table 3 : explain SELECT DISTINCT c FROM sbtest3 WHERE id BETWEEN 8421780 AND 8421789 ORDER BY c
	Unique  (cost=42.14..42.19 rows=11 width=121)
	  ->  Sort  (cost=42.14..42.16 rows=11 width=121)
	        Sort Key: c
	        ->  Index Scan using sbtest3_pkey on sbtest3  (cost=0.43..41.95 rows=11 width=121)
	              Index Cond: ((id >= 8421780) AND (id <= 8421789))

table 4 : explain SELECT DISTINCT c FROM sbtest4 WHERE id BETWEEN 3173590 AND 3173599 ORDER BY c
	Unique  (cost=38.90..38.95 rows=10 width=121)
	  ->  Sort  (cost=38.90..38.92 rows=10 width=121)
	        Sort Key: c
	        ->  Index Scan using sbtest4_pkey on sbtest4  (cost=0.43..38.73 rows=10 width=121)
	              Index Cond: ((id >= 3173590) AND (id <= 3173599))

table 5 : explain SELECT DISTINCT c FROM sbtest5 WHERE id BETWEEN 6832447 AND 6832456 ORDER BY c
	Unique  (cost=42.08..42.13 rows=11 width=121)
	  ->  Sort  (cost=42.08..42.10 rows=11 width=121)
	        Sort Key: c
	        ->  Index Scan using sbtest5_pkey on sbtest5  (cost=0.43..41.89 rows=11 width=121)
	              Index Cond: ((id >= 6832447) AND (id <= 6832456))

table 6 : explain SELECT DISTINCT c FROM sbtest6 WHERE id BETWEEN 7821455 AND 7821464 ORDER BY c
	Unique  (cost=39.36..39.41 rows=10 width=121)
	  ->  Sort  (cost=39.36..39.38 rows=10 width=121)
	        Sort Key: c
	        ->  Index Scan using sbtest6_pkey on sbtest6  (cost=0.43..39.19 rows=10 width=121)
	              Index Cond: ((id >= 7821455) AND (id <= 7821464))

table 7 : explain SELECT DISTINCT c FROM sbtest7 WHERE id BETWEEN 4178892 AND 4178901 ORDER BY c
	Unique  (cost=42.08..42.14 rows=11 width=121)
	  ->  Sort  (cost=42.08..42.11 rows=11 width=121)
	        Sort Key: c
	        ->  Index Scan using sbtest7_pkey on sbtest7  (cost=0.43..41.89 rows=11 width=121)
	              Index Cond: ((id >= 4178892) AND (id <= 4178901))

table 8 : explain SELECT DISTINCT c FROM sbtest8 WHERE id BETWEEN 3581846 AND 3581855 ORDER BY c
	Unique  (cost=38.47..38.52 rows=10 width=121)
	  ->  Sort  (cost=38.47..38.50 rows=10 width=121)
	        Sort Key: c
	        ->  Index Scan using sbtest8_pkey on sbtest8  (cost=0.43..38.30 rows=10 width=121)
	              Index Cond: ((id >= 3581846) AND (id <= 3581855))

for non_index_updates
table 1 : explain UPDATE sbtest1 SET c='foobar' WHERE id=7912930
	Update on sbtest1  (cost=0.43..8.45 rows=1 width=559)
	  ->  Index Scan using sbtest1_pkey on sbtest1  (cost=0.43..8.45 rows=1 width=559)
	        Index Cond: (id = 7912930)

table 2 : explain UPDATE sbtest2 SET c='foobar' WHERE id=8314127
	Update on sbtest2  (cost=0.43..8.45 rows=1 width=559)
	  ->  Index Scan using sbtest2_pkey on sbtest2  (cost=0.43..8.45 rows=1 width=559)
	        Index Cond: (id = 8314127)

table 3 : explain UPDATE sbtest3 SET c='foobar' WHERE id=7986264
	Update on sbtest3  (cost=0.43..8.45 rows=1 width=559)
	  ->  Index Scan using sbtest3_pkey on sbtest3  (cost=0.43..8.45 rows=1 width=559)
	        Index Cond: (id = 7986264)

table 4 : explain UPDATE sbtest4 SET c='foobar' WHERE id=1616587
	Update on sbtest4  (cost=0.43..8.45 rows=1 width=559)
	  ->  Index Scan using sbtest4_pkey on sbtest4  (cost=0.43..8.45 rows=1 width=559)
	        Index Cond: (id = 1616587)

table 5 : explain UPDATE sbtest5 SET c='foobar' WHERE id=1654693
	Update on sbtest5  (cost=0.43..8.45 rows=1 width=559)
	  ->  Index Scan using sbtest5_pkey on sbtest5  (cost=0.43..8.45 rows=1 width=559)
	        Index Cond: (id = 1654693)

table 6 : explain UPDATE sbtest6 SET c='foobar' WHERE id=2931245
	Update on sbtest6  (cost=0.43..8.45 rows=1 width=559)
	  ->  Index Scan using sbtest6_pkey on sbtest6  (cost=0.43..8.45 rows=1 width=559)
	        Index Cond: (id = 2931245)

table 7 : explain UPDATE sbtest7 SET c='foobar' WHERE id=3831514
	Update on sbtest7  (cost=0.43..8.45 rows=1 width=559)
	  ->  Index Scan using sbtest7_pkey on sbtest7  (cost=0.43..8.45 rows=1 width=559)
	        Index Cond: (id = 3831514)

table 8 : explain UPDATE sbtest8 SET c='foobar' WHERE id=3065435
	Update on sbtest8  (cost=0.43..8.45 rows=1 width=559)
	  ->  Index Scan using sbtest8_pkey on sbtest8  (cost=0.43..8.45 rows=1 width=559)
	        Index Cond: (id = 3065435)

for: distinct_ranges
table 1 : explain SELECT DISTINCT c FROM sbtest1 WHERE id BETWEEN 7570619 AND 7570628 ORDER BY c
	Unique  (cost=38.68..38.73 rows=10 width=121)
	  ->  Sort  (cost=38.68..38.71 rows=10 width=121)
	        Sort Key: c
	        ->  Index Scan using sbtest1_pkey on sbtest1  (cost=0.43..38.52 rows=10 width=121)
	              Index Cond: ((id >= 7570619) AND (id <= 7570628))

table 2 : explain SELECT DISTINCT c FROM sbtest2 WHERE id BETWEEN 9528352 AND 9528361 ORDER BY c
	Unique  (cost=41.94..41.99 rows=11 width=121)
	  ->  Sort  (cost=41.94..41.96 rows=11 width=121)
	        Sort Key: c
	        ->  Index Scan using sbtest2_pkey on sbtest2  (cost=0.43..41.75 rows=11 width=121)
	              Index Cond: ((id >= 9528352) AND (id <= 9528361))

table 3 : explain SELECT DISTINCT c FROM sbtest3 WHERE id BETWEEN 9601119 AND 9601128 ORDER BY c
	Unique  (cost=35.39..35.44 rows=9 width=121)
	  ->  Sort  (cost=35.39..35.41 rows=9 width=121)
	        Sort Key: c
	        ->  Index Scan using sbtest3_pkey on sbtest3  (cost=0.43..35.25 rows=9 width=121)
	              Index Cond: ((id >= 9601119) AND (id <= 9601128))

table 4 : explain SELECT DISTINCT c FROM sbtest4 WHERE id BETWEEN 5262973 AND 5262982 ORDER BY c
	Unique  (cost=38.90..38.95 rows=10 width=121)
	  ->  Sort  (cost=38.90..38.92 rows=10 width=121)
	        Sort Key: c
	        ->  Index Scan using sbtest4_pkey on sbtest4  (cost=0.43..38.73 rows=10 width=121)
	              Index Cond: ((id >= 5262973) AND (id <= 5262982))

table 5 : explain SELECT DISTINCT c FROM sbtest5 WHERE id BETWEEN 6159692 AND 6159701 ORDER BY c
	Unique  (cost=42.08..42.13 rows=11 width=121)
	  ->  Sort  (cost=42.08..42.10 rows=11 width=121)
	        Sort Key: c
	        ->  Index Scan using sbtest5_pkey on sbtest5  (cost=0.43..41.89 rows=11 width=121)
	              Index Cond: ((id >= 6159692) AND (id <= 6159701))

table 6 : explain SELECT DISTINCT c FROM sbtest6 WHERE id BETWEEN 8479768 AND 8479777 ORDER BY c
	Unique  (cost=39.36..39.41 rows=10 width=121)
	  ->  Sort  (cost=39.36..39.38 rows=10 width=121)
	        Sort Key: c
	        ->  Index Scan using sbtest6_pkey on sbtest6  (cost=0.43..39.19 rows=10 width=121)
	              Index Cond: ((id >= 8479768) AND (id <= 8479777))

table 7 : explain SELECT DISTINCT c FROM sbtest7 WHERE id BETWEEN 4438656 AND 4438665 ORDER BY c
	Unique  (cost=38.71..38.76 rows=10 width=121)
	  ->  Sort  (cost=38.71..38.74 rows=10 width=121)
	        Sort Key: c
	        ->  Index Scan using sbtest7_pkey on sbtest7  (cost=0.43..38.55 rows=10 width=121)
	              Index Cond: ((id >= 4438656) AND (id <= 4438665))

table 8 : explain SELECT DISTINCT c FROM sbtest8 WHERE id BETWEEN 1359404 AND 1359413 ORDER BY c
	Unique  (cost=35.13..35.18 rows=9 width=121)
	  ->  Sort  (cost=35.13..35.15 rows=9 width=121)
	        Sort Key: c
	        ->  Index Scan using sbtest8_pkey on sbtest8  (cost=0.43..34.99 rows=9 width=121)
	              Index Cond: ((id >= 1359404) AND (id <= 1359413))

explain: for index_updates :: explain UPDATE sbtest%u SET k=k+1 WHERE id=%u
for deletes
table 1 : explain DELETE FROM sbtest1 WHERE id=924545
	Delete on sbtest1  (cost=0.43..8.45 rows=1 width=6)
	  ->  Index Scan using sbtest1_pkey on sbtest1  (cost=0.43..8.45 rows=1 width=6)
	        Index Cond: (id = 924545)

table 2 : explain DELETE FROM sbtest2 WHERE id=8225274
	Delete on sbtest2  (cost=0.43..8.45 rows=1 width=6)
	  ->  Index Scan using sbtest2_pkey on sbtest2  (cost=0.43..8.45 rows=1 width=6)
	        Index Cond: (id = 8225274)

table 3 : explain DELETE FROM sbtest3 WHERE id=3623921
	Delete on sbtest3  (cost=0.43..8.45 rows=1 width=6)
	  ->  Index Scan using sbtest3_pkey on sbtest3  (cost=0.43..8.45 rows=1 width=6)
	        Index Cond: (id = 3623921)

table 4 : explain DELETE FROM sbtest4 WHERE id=8323006
	Delete on sbtest4  (cost=0.43..8.45 rows=1 width=6)
	  ->  Index Scan using sbtest4_pkey on sbtest4  (cost=0.43..8.45 rows=1 width=6)
	        Index Cond: (id = 8323006)

table 5 : explain DELETE FROM sbtest5 WHERE id=5987298
	Delete on sbtest5  (cost=0.43..8.45 rows=1 width=6)
	  ->  Index Scan using sbtest5_pkey on sbtest5  (cost=0.43..8.45 rows=1 width=6)
	        Index Cond: (id = 5987298)

table 6 : explain DELETE FROM sbtest6 WHERE id=948356
	Delete on sbtest6  (cost=0.43..8.45 rows=1 width=6)
	  ->  Index Scan using sbtest6_pkey on sbtest6  (cost=0.43..8.45 rows=1 width=6)
	        Index Cond: (id = 948356)

table 7 : explain DELETE FROM sbtest7 WHERE id=7850474
	Delete on sbtest7  (cost=0.43..8.45 rows=1 width=6)
	  ->  Index Scan using sbtest7_pkey on sbtest7  (cost=0.43..8.45 rows=1 width=6)
	        Index Cond: (id = 7850474)

table 8 : explain DELETE FROM sbtest8 WHERE id=4131875
	Delete on sbtest8  (cost=0.43..8.45 rows=1 width=6)
	  ->  Index Scan using sbtest8_pkey on sbtest8  (cost=0.43..8.45 rows=1 width=6)
	        Index Cond: (id = 4131875)

explain: for deletes :: explain DELETE FROM sbtest%u WHERE id=%u
for non_index_updates
table 1 : explain UPDATE sbtest1 SET c='foobar' WHERE id=4788701
	Update on sbtest1  (cost=0.43..8.45 rows=1 width=559)
	  ->  Index Scan using sbtest1_pkey on sbtest1  (cost=0.43..8.45 rows=1 width=559)
	        Index Cond: (id = 4788701)

table 2 : explain UPDATE sbtest2 SET c='foobar' WHERE id=2787105
	Update on sbtest2  (cost=0.43..8.45 rows=1 width=559)
	  ->  Index Scan using sbtest2_pkey on sbtest2  (cost=0.43..8.45 rows=1 width=559)
	        Index Cond: (id = 2787105)

table 3 : explain UPDATE sbtest3 SET c='foobar' WHERE id=3676180
	Update on sbtest3  (cost=0.43..8.45 rows=1 width=559)
	  ->  Index Scan using sbtest3_pkey on sbtest3  (cost=0.43..8.45 rows=1 width=559)
	        Index Cond: (id = 3676180)

table 4 : explain UPDATE sbtest4 SET c='foobar' WHERE id=6011032
	Update on sbtest4  (cost=0.43..8.45 rows=1 width=559)
	  ->  Index Scan using sbtest4_pkey on sbtest4  (cost=0.43..8.45 rows=1 width=559)
	        Index Cond: (id = 6011032)

table 5 : explain UPDATE sbtest5 SET c='foobar' WHERE id=829876
	Update on sbtest5  (cost=0.43..8.45 rows=1 width=559)
	  ->  Index Scan using sbtest5_pkey on sbtest5  (cost=0.43..8.45 rows=1 width=559)
	        Index Cond: (id = 829876)

table 6 : explain UPDATE sbtest6 SET c='foobar' WHERE id=8886777
	Update on sbtest6  (cost=0.43..8.45 rows=1 width=559)
	  ->  Index Scan using sbtest6_pkey on sbtest6  (cost=0.43..8.45 rows=1 width=559)
	        Index Cond: (id = 8886777)

table 7 : explain UPDATE sbtest7 SET c='foobar' WHERE id=5295833
	Update on sbtest7  (cost=0.43..8.45 rows=1 width=559)
	  ->  Index Scan using sbtest7_pkey on sbtest7  (cost=0.43..8.45 rows=1 width=559)
	        Index Cond: (id = 5295833)

table 8 : explain UPDATE sbtest8 SET c='foobar' WHERE id=6948528
	Update on sbtest8  (cost=0.43..8.45 rows=1 width=559)
	  ->  Index Scan using sbtest8_pkey on sbtest8  (cost=0.43..8.45 rows=1 width=559)
	        Index Cond: (id = 6948528)

explain: for inserts :: explain INSERT INTO sbtest%u (id, k, c, pad) VALUES (%u, 13, 'foobar', 'foobar')
for: order_ranges
table 1 : explain SELECT c FROM sbtest1 WHERE id BETWEEN 9031638 AND 9031647 ORDER BY c
	Sort  (cost=42.05..42.08 rows=11 width=121)
	  Sort Key: c
	  ->  Index Scan using sbtest1_pkey on sbtest1  (cost=0.43..41.86 rows=11 width=121)
	        Index Cond: ((id >= 9031638) AND (id <= 9031647))

table 2 : explain SELECT c FROM sbtest2 WHERE id BETWEEN 4446271 AND 4446280 ORDER BY c
	Sort  (cost=38.58..38.61 rows=10 width=121)
	  Sort Key: c
	  ->  Index Scan using sbtest2_pkey on sbtest2  (cost=0.43..38.42 rows=10 width=121)
	        Index Cond: ((id >= 4446271) AND (id <= 4446280))

table 3 : explain SELECT c FROM sbtest3 WHERE id BETWEEN 9699100 AND 9699109 ORDER BY c
	Sort  (cost=42.14..42.16 rows=11 width=121)
	  Sort Key: c
	  ->  Index Scan using sbtest3_pkey on sbtest3  (cost=0.43..41.95 rows=11 width=121)
	        Index Cond: ((id >= 9699100) AND (id <= 9699109))

table 4 : explain SELECT c FROM sbtest4 WHERE id BETWEEN 96923 AND 96932 ORDER BY c
	Sort  (cost=38.90..38.92 rows=10 width=121)
	  Sort Key: c
	  ->  Index Scan using sbtest4_pkey on sbtest4  (cost=0.43..38.73 rows=10 width=121)
	        Index Cond: ((id >= 96923) AND (id <= 96932))

table 5 : explain SELECT c FROM sbtest5 WHERE id BETWEEN 5308278 AND 5308287 ORDER BY c
	Sort  (cost=38.71..38.73 rows=10 width=121)
	  Sort Key: c
	  ->  Index Scan using sbtest5_pkey on sbtest5  (cost=0.43..38.54 rows=10 width=121)
	        Index Cond: ((id >= 5308278) AND (id <= 5308287))

table 6 : explain SELECT c FROM sbtest6 WHERE id BETWEEN 8556828 AND 8556837 ORDER BY c
	Sort  (cost=39.36..39.38 rows=10 width=121)
	  Sort Key: c
	  ->  Index Scan using sbtest6_pkey on sbtest6  (cost=0.43..39.19 rows=10 width=121)
	        Index Cond: ((id >= 8556828) AND (id <= 8556837))

table 7 : explain SELECT c FROM sbtest7 WHERE id BETWEEN 6577912 AND 6577921 ORDER BY c
	Sort  (cost=35.35..35.37 rows=9 width=121)
	  Sort Key: c
	  ->  Index Scan using sbtest7_pkey on sbtest7  (cost=0.43..35.20 rows=9 width=121)
	        Index Cond: ((id >= 6577912) AND (id <= 6577921))

table 8 : explain SELECT c FROM sbtest8 WHERE id BETWEEN 3708904 AND 3708913 ORDER BY c
	Sort  (cost=41.81..41.84 rows=11 width=121)
	  Sort Key: c
	  ->  Index Scan using sbtest8_pkey on sbtest8  (cost=0.43..41.62 rows=11 width=121)
	        Index Cond: ((id >= 3708904) AND (id <= 3708913))

for index_updates
table 1 : explain UPDATE sbtest1 SET k=k+1 WHERE id=8489366
	Update on sbtest1  (cost=0.43..8.46 rows=1 width=196)
	  ->  Index Scan using sbtest1_pkey on sbtest1  (cost=0.43..8.46 rows=1 width=196)
	        Index Cond: (id = 8489366)

table 2 : explain UPDATE sbtest2 SET k=k+1 WHERE id=4075604
	Update on sbtest2  (cost=0.43..8.46 rows=1 width=196)
	  ->  Index Scan using sbtest2_pkey on sbtest2  (cost=0.43..8.46 rows=1 width=196)
	        Index Cond: (id = 4075604)

table 3 : explain UPDATE sbtest3 SET k=k+1 WHERE id=2818409
	Update on sbtest3  (cost=0.43..8.46 rows=1 width=196)
	  ->  Index Scan using sbtest3_pkey on sbtest3  (cost=0.43..8.46 rows=1 width=196)
	        Index Cond: (id = 2818409)

table 4 : explain UPDATE sbtest4 SET k=k+1 WHERE id=7498467
	Update on sbtest4  (cost=0.43..8.46 rows=1 width=196)
	  ->  Index Scan using sbtest4_pkey on sbtest4  (cost=0.43..8.46 rows=1 width=196)
	        Index Cond: (id = 7498467)

table 5 : explain UPDATE sbtest5 SET k=k+1 WHERE id=1318176
	Update on sbtest5  (cost=0.43..8.46 rows=1 width=196)
	  ->  Index Scan using sbtest5_pkey on sbtest5  (cost=0.43..8.46 rows=1 width=196)
	        Index Cond: (id = 1318176)

table 6 : explain UPDATE sbtest6 SET k=k+1 WHERE id=1668841
	Update on sbtest6  (cost=0.43..8.46 rows=1 width=196)
	  ->  Index Scan using sbtest6_pkey on sbtest6  (cost=0.43..8.46 rows=1 width=196)
	        Index Cond: (id = 1668841)

table 7 : explain UPDATE sbtest7 SET k=k+1 WHERE id=6689930
	Update on sbtest7  (cost=0.43..8.46 rows=1 width=196)
	  ->  Index Scan using sbtest7_pkey on sbtest7  (cost=0.43..8.46 rows=1 width=196)
	        Index Cond: (id = 6689930)

table 8 : explain UPDATE sbtest8 SET k=k+1 WHERE id=7499604
	Update on sbtest8  (cost=0.43..8.46 rows=1 width=196)
	  ->  Index Scan using sbtest8_pkey on sbtest8  (cost=0.43..8.46 rows=1 width=196)
	        Index Cond: (id = 7499604)

explain: for deletes :: explain DELETE FROM sbtest%u WHERE id=%u
for index_updates
table 1 : explain UPDATE sbtest1 SET k=k+1 WHERE id=4738899
	Update on sbtest1  (cost=0.43..8.46 rows=1 width=196)
	  ->  Index Scan using sbtest1_pkey on sbtest1  (cost=0.43..8.46 rows=1 width=196)
	        Index Cond: (id = 4738899)

table 2 : explain UPDATE sbtest2 SET k=k+1 WHERE id=4389133
	Update on sbtest2  (cost=0.43..8.46 rows=1 width=196)
	  ->  Index Scan using sbtest2_pkey on sbtest2  (cost=0.43..8.46 rows=1 width=196)
	        Index Cond: (id = 4389133)

table 3 : explain UPDATE sbtest3 SET k=k+1 WHERE id=1403387
	Update on sbtest3  (cost=0.43..8.46 rows=1 width=196)
	  ->  Index Scan using sbtest3_pkey on sbtest3  (cost=0.43..8.46 rows=1 width=196)
	        Index Cond: (id = 1403387)

table 4 : explain UPDATE sbtest4 SET k=k+1 WHERE id=6164189
	Update on sbtest4  (cost=0.43..8.46 rows=1 width=196)
	  ->  Index Scan using sbtest4_pkey on sbtest4  (cost=0.43..8.46 rows=1 width=196)
	        Index Cond: (id = 6164189)

table 5 : explain UPDATE sbtest5 SET k=k+1 WHERE id=2699004
	Update on sbtest5  (cost=0.43..8.46 rows=1 width=196)
	  ->  Index Scan using sbtest5_pkey on sbtest5  (cost=0.43..8.46 rows=1 width=196)
	        Index Cond: (id = 2699004)

table 6 : explain UPDATE sbtest6 SET k=k+1 WHERE id=22072
	Update on sbtest6  (cost=0.43..8.46 rows=1 width=196)
	  ->  Index Scan using sbtest6_pkey on sbtest6  (cost=0.43..8.46 rows=1 width=196)
	        Index Cond: (id = 22072)

table 7 : explain UPDATE sbtest7 SET k=k+1 WHERE id=6111858
	Update on sbtest7  (cost=0.43..8.46 rows=1 width=196)
	  ->  Index Scan using sbtest7_pkey on sbtest7  (cost=0.43..8.46 rows=1 width=196)
	        Index Cond: (id = 6111858)

table 8 : explain UPDATE sbtest8 SET k=k+1 WHERE id=3957112
	Update on sbtest8  (cost=0.43..8.46 rows=1 width=196)
	  ->  Index Scan using sbtest8_pkey on sbtest8  (cost=0.43..8.46 rows=1 width=196)
	        Index Cond: (id = 3957112)

explain: for inserts :: explain INSERT INTO sbtest%u (id, k, c, pad) VALUES (%u, 13, 'foobar', 'foobar')
for deletes
table 1 : explain DELETE FROM sbtest1 WHERE id=2441596
	Delete on sbtest1  (cost=0.43..8.45 rows=1 width=6)
	  ->  Index Scan using sbtest1_pkey on sbtest1  (cost=0.43..8.45 rows=1 width=6)
	        Index Cond: (id = 2441596)

table 2 : explain DELETE FROM sbtest2 WHERE id=8701104
	Delete on sbtest2  (cost=0.43..8.45 rows=1 width=6)
	  ->  Index Scan using sbtest2_pkey on sbtest2  (cost=0.43..8.45 rows=1 width=6)
	        Index Cond: (id = 8701104)

table 3 : explain DELETE FROM sbtest3 WHERE id=758088
	Delete on sbtest3  (cost=0.43..8.45 rows=1 width=6)
	  ->  Index Scan using sbtest3_pkey on sbtest3  (cost=0.43..8.45 rows=1 width=6)
	        Index Cond: (id = 758088)

table 4 : explain DELETE FROM sbtest4 WHERE id=2411859
	Delete on sbtest4  (cost=0.43..8.45 rows=1 width=6)
	  ->  Index Scan using sbtest4_pkey on sbtest4  (cost=0.43..8.45 rows=1 width=6)
	        Index Cond: (id = 2411859)

table 5 : explain DELETE FROM sbtest5 WHERE id=794477
	Delete on sbtest5  (cost=0.43..8.45 rows=1 width=6)
	  ->  Index Scan using sbtest5_pkey on sbtest5  (cost=0.43..8.45 rows=1 width=6)
	        Index Cond: (id = 794477)

table 6 : explain DELETE FROM sbtest6 WHERE id=5091844
	Delete on sbtest6  (cost=0.43..8.45 rows=1 width=6)
	  ->  Index Scan using sbtest6_pkey on sbtest6  (cost=0.43..8.45 rows=1 width=6)
	        Index Cond: (id = 5091844)

table 7 : explain DELETE FROM sbtest7 WHERE id=7212650
	Delete on sbtest7  (cost=0.43..8.45 rows=1 width=6)
	  ->  Index Scan using sbtest7_pkey on sbtest7  (cost=0.43..8.45 rows=1 width=6)
	        Index Cond: (id = 7212650)

table 8 : explain DELETE FROM sbtest8 WHERE id=9386605
	Delete on sbtest8  (cost=0.43..8.45 rows=1 width=6)
	  ->  Index Scan using sbtest8_pkey on sbtest8  (cost=0.43..8.45 rows=1 width=6)
	        Index Cond: (id = 9386605)

for inserts
table 1 : explain INSERT INTO sbtest1 (id, k, c, pad) VALUES (1662180, 13, 'foobar', 'foobar')
	Insert on sbtest1  (cost=0.00..0.01 rows=1 width=736)
	  ->  Result  (cost=0.00..0.01 rows=1 width=736)

table 2 : explain INSERT INTO sbtest2 (id, k, c, pad) VALUES (9085864, 13, 'foobar', 'foobar')
	Insert on sbtest2  (cost=0.00..0.01 rows=1 width=736)
	  ->  Result  (cost=0.00..0.01 rows=1 width=736)

table 3 : explain INSERT INTO sbtest3 (id, k, c, pad) VALUES (407984, 13, 'foobar', 'foobar')
	Insert on sbtest3  (cost=0.00..0.01 rows=1 width=736)
	  ->  Result  (cost=0.00..0.01 rows=1 width=736)

table 4 : explain INSERT INTO sbtest4 (id, k, c, pad) VALUES (5877412, 13, 'foobar', 'foobar')
	Insert on sbtest4  (cost=0.00..0.01 rows=1 width=736)
	  ->  Result  (cost=0.00..0.01 rows=1 width=736)

table 5 : explain INSERT INTO sbtest5 (id, k, c, pad) VALUES (2471191, 13, 'foobar', 'foobar')
	Insert on sbtest5  (cost=0.00..0.01 rows=1 width=736)
	  ->  Result  (cost=0.00..0.01 rows=1 width=736)

table 6 : explain INSERT INTO sbtest6 (id, k, c, pad) VALUES (5653394, 13, 'foobar', 'foobar')
	Insert on sbtest6  (cost=0.00..0.01 rows=1 width=736)
	  ->  Result  (cost=0.00..0.01 rows=1 width=736)

table 7 : explain INSERT INTO sbtest7 (id, k, c, pad) VALUES (9567028, 13, 'foobar', 'foobar')
	Insert on sbtest7  (cost=0.00..0.01 rows=1 width=736)
	  ->  Result  (cost=0.00..0.01 rows=1 width=736)

table 8 : explain INSERT INTO sbtest8 (id, k, c, pad) VALUES (8480791, 13, 'foobar', 'foobar')
	Insert on sbtest8  (cost=0.00..0.01 rows=1 width=736)
	  ->  Result  (cost=0.00..0.01 rows=1 width=736)

for point_selects
table 1 : explain SELECT c FROM sbtest1 WHERE id=8858005
	Index Scan using sbtest1_pkey on sbtest1  (cost=0.43..8.45 rows=1 width=121)
	  Index Cond: (id = 8858005)

table 2 : explain SELECT c FROM sbtest2 WHERE id=9882128
	Index Scan using sbtest2_pkey on sbtest2  (cost=0.43..8.45 rows=1 width=121)
	  Index Cond: (id = 9882128)

table 3 : explain SELECT c FROM sbtest3 WHERE id=3531300
	Index Scan using sbtest3_pkey on sbtest3  (cost=0.43..8.45 rows=1 width=121)
	  Index Cond: (id = 3531300)

table 4 : explain SELECT c FROM sbtest4 WHERE id=6660365
	Index Scan using sbtest4_pkey on sbtest4  (cost=0.43..8.45 rows=1 width=121)
	  Index Cond: (id = 6660365)

table 5 : explain SELECT c FROM sbtest5 WHERE id=3814872
	Index Scan using sbtest5_pkey on sbtest5  (cost=0.43..8.45 rows=1 width=121)
	  Index Cond: (id = 3814872)

table 6 : explain SELECT c FROM sbtest6 WHERE id=4558843
	Index Scan using sbtest6_pkey on sbtest6  (cost=0.43..8.45 rows=1 width=121)
	  Index Cond: (id = 4558843)

table 7 : explain SELECT c FROM sbtest7 WHERE id=7441882
	Index Scan using sbtest7_pkey on sbtest7  (cost=0.43..8.45 rows=1 width=121)
	  Index Cond: (id = 7441882)

table 8 : explain SELECT c FROM sbtest8 WHERE id=9421006
	Index Scan using sbtest8_pkey on sbtest8  (cost=0.43..8.45 rows=1 width=121)
	  Index Cond: (id = 9421006)

for: order_ranges
table 1 : explain SELECT c FROM sbtest1 WHERE id BETWEEN 7334328 AND 7334337 ORDER BY c
	Sort  (cost=38.68..38.71 rows=10 width=121)
	  Sort Key: c
	  ->  Index Scan using sbtest1_pkey on sbtest1  (cost=0.43..38.52 rows=10 width=121)
	        Index Cond: ((id >= 7334328) AND (id <= 7334337))

table 2 : explain SELECT c FROM sbtest2 WHERE id BETWEEN 6978617 AND 6978626 ORDER BY c
	Sort  (cost=38.58..38.61 rows=10 width=121)
	  Sort Key: c
	  ->  Index Scan using sbtest2_pkey on sbtest2  (cost=0.43..38.42 rows=10 width=121)
	        Index Cond: ((id >= 6978617) AND (id <= 6978626))

table 3 : explain SELECT c FROM sbtest3 WHERE id BETWEEN 1389655 AND 1389664 ORDER BY c
	Sort  (cost=35.39..35.41 rows=9 width=121)
	  Sort Key: c
	  ->  Index Scan using sbtest3_pkey on sbtest3  (cost=0.43..35.25 rows=9 width=121)
	        Index Cond: ((id >= 1389655) AND (id <= 1389664))

table 4 : explain SELECT c FROM sbtest4 WHERE id BETWEEN 172290 AND 172299 ORDER BY c
	Sort  (cost=38.90..38.92 rows=10 width=121)
	  Sort Key: c
	  ->  Index Scan using sbtest4_pkey on sbtest4  (cost=0.43..38.73 rows=10 width=121)
	        Index Cond: ((id >= 172290) AND (id <= 172299))

table 5 : explain SELECT c FROM sbtest5 WHERE id BETWEEN 9495077 AND 9495086 ORDER BY c
	Sort  (cost=38.71..38.73 rows=10 width=121)
	  Sort Key: c
	  ->  Index Scan using sbtest5_pkey on sbtest5  (cost=0.43..38.54 rows=10 width=121)
	        Index Cond: ((id >= 9495077) AND (id <= 9495086))

table 6 : explain SELECT c FROM sbtest6 WHERE id BETWEEN 3039875 AND 3039884 ORDER BY c
	Sort  (cost=39.36..39.38 rows=10 width=121)
	  Sort Key: c
	  ->  Index Scan using sbtest6_pkey on sbtest6  (cost=0.43..39.19 rows=10 width=121)
	        Index Cond: ((id >= 3039875) AND (id <= 3039884))

table 7 : explain SELECT c FROM sbtest7 WHERE id BETWEEN 5609144 AND 5609153 ORDER BY c
	Sort  (cost=42.08..42.11 rows=11 width=121)
	  Sort Key: c
	  ->  Index Scan using sbtest7_pkey on sbtest7  (cost=0.43..41.89 rows=11 width=121)
	        Index Cond: ((id >= 5609144) AND (id <= 5609153))

table 8 : explain SELECT c FROM sbtest8 WHERE id BETWEEN 3202447 AND 3202456 ORDER BY c
	Sort  (cost=41.81..41.84 rows=11 width=121)
	  Sort Key: c
	  ->  Index Scan using sbtest8_pkey on sbtest8  (cost=0.43..41.62 rows=11 width=121)
	        Index Cond: ((id >= 3202447) AND (id <= 3202456))

explain: for index_updates :: explain UPDATE sbtest%u SET k=k+1 WHERE id=%u
for index_updates
table 1 : explain UPDATE sbtest1 SET k=k+1 WHERE id=9437314
	Update on sbtest1  (cost=0.43..8.46 rows=1 width=196)
	  ->  Index Scan using sbtest1_pkey on sbtest1  (cost=0.43..8.46 rows=1 width=196)
	        Index Cond: (id = 9437314)

table 2 : explain UPDATE sbtest2 SET k=k+1 WHERE id=775118
	Update on sbtest2  (cost=0.43..8.46 rows=1 width=196)
	  ->  Index Scan using sbtest2_pkey on sbtest2  (cost=0.43..8.46 rows=1 width=196)
	        Index Cond: (id = 775118)

table 3 : explain UPDATE sbtest3 SET k=k+1 WHERE id=4119811
	Update on sbtest3  (cost=0.43..8.46 rows=1 width=196)
	  ->  Index Scan using sbtest3_pkey on sbtest3  (cost=0.43..8.46 rows=1 width=196)
	        Index Cond: (id = 4119811)

table 4 : explain UPDATE sbtest4 SET k=k+1 WHERE id=5293264
	Update on sbtest4  (cost=0.43..8.46 rows=1 width=196)
	  ->  Index Scan using sbtest4_pkey on sbtest4  (cost=0.43..8.46 rows=1 width=196)
	        Index Cond: (id = 5293264)

table 5 : explain UPDATE sbtest5 SET k=k+1 WHERE id=9349248
	Update on sbtest5  (cost=0.43..8.46 rows=1 width=196)
	  ->  Index Scan using sbtest5_pkey on sbtest5  (cost=0.43..8.46 rows=1 width=196)
	        Index Cond: (id = 9349248)

table 6 : explain UPDATE sbtest6 SET k=k+1 WHERE id=6961936
	Update on sbtest6  (cost=0.43..8.46 rows=1 width=196)
	  ->  Index Scan using sbtest6_pkey on sbtest6  (cost=0.43..8.46 rows=1 width=196)
	        Index Cond: (id = 6961936)

table 7 : explain UPDATE sbtest7 SET k=k+1 WHERE id=3813083
	Update on sbtest7  (cost=0.43..8.46 rows=1 width=196)
	  ->  Index Scan using sbtest7_pkey on sbtest7  (cost=0.43..8.46 rows=1 width=196)
	        Index Cond: (id = 3813083)

table 8 : explain UPDATE sbtest8 SET k=k+1 WHERE id=3672941
	Update on sbtest8  (cost=0.43..8.46 rows=1 width=196)
	  ->  Index Scan using sbtest8_pkey on sbtest8  (cost=0.43..8.46 rows=1 width=196)
	        Index Cond: (id = 3672941)

for deletes
table 1 : explain DELETE FROM sbtest1 WHERE id=9498279
	Delete on sbtest1  (cost=0.43..8.45 rows=1 width=6)
	  ->  Index Scan using sbtest1_pkey on sbtest1  (cost=0.43..8.45 rows=1 width=6)
	        Index Cond: (id = 9498279)

table 2 : explain DELETE FROM sbtest2 WHERE id=3954813
	Delete on sbtest2  (cost=0.43..8.45 rows=1 width=6)
	  ->  Index Scan using sbtest2_pkey on sbtest2  (cost=0.43..8.45 rows=1 width=6)
	        Index Cond: (id = 3954813)

table 3 : explain DELETE FROM sbtest3 WHERE id=7837492
	Delete on sbtest3  (cost=0.43..8.45 rows=1 width=6)
	  ->  Index Scan using sbtest3_pkey on sbtest3  (cost=0.43..8.45 rows=1 width=6)
	        Index Cond: (id = 7837492)

table 4 : explain DELETE FROM sbtest4 WHERE id=8736250
	Delete on sbtest4  (cost=0.43..8.45 rows=1 width=6)
	  ->  Index Scan using sbtest4_pkey on sbtest4  (cost=0.43..8.45 rows=1 width=6)
	        Index Cond: (id = 8736250)

table 5 : explain DELETE FROM sbtest5 WHERE id=9285627
	Delete on sbtest5  (cost=0.43..8.45 rows=1 width=6)
	  ->  Index Scan using sbtest5_pkey on sbtest5  (cost=0.43..8.45 rows=1 width=6)
	        Index Cond: (id = 9285627)

table 6 : explain DELETE FROM sbtest6 WHERE id=4727657
	Delete on sbtest6  (cost=0.43..8.45 rows=1 width=6)
	  ->  Index Scan using sbtest6_pkey on sbtest6  (cost=0.43..8.45 rows=1 width=6)
	        Index Cond: (id = 4727657)

table 7 : explain DELETE FROM sbtest7 WHERE id=8185500
	Delete on sbtest7  (cost=0.43..8.45 rows=1 width=6)
	  ->  Index Scan using sbtest7_pkey on sbtest7  (cost=0.43..8.45 rows=1 width=6)
	        Index Cond: (id = 8185500)

table 8 : explain DELETE FROM sbtest8 WHERE id=5641698
	Delete on sbtest8  (cost=0.43..8.45 rows=1 width=6)
	  ->  Index Scan using sbtest8_pkey on sbtest8  (cost=0.43..8.45 rows=1 width=6)
	        Index Cond: (id = 5641698)

explain: for non_index_updates :: explain UPDATE sbtest%u SET c='foobar' WHERE id=%u
for inserts
table 1 : explain INSERT INTO sbtest1 (id, k, c, pad) VALUES (8356361, 13, 'foobar', 'foobar')
	Insert on sbtest1  (cost=0.00..0.01 rows=1 width=736)
	  ->  Result  (cost=0.00..0.01 rows=1 width=736)

table 2 : explain INSERT INTO sbtest2 (id, k, c, pad) VALUES (3702159, 13, 'foobar', 'foobar')
	Insert on sbtest2  (cost=0.00..0.01 rows=1 width=736)
	  ->  Result  (cost=0.00..0.01 rows=1 width=736)

table 3 : explain INSERT INTO sbtest3 (id, k, c, pad) VALUES (5675956, 13, 'foobar', 'foobar')
	Insert on sbtest3  (cost=0.00..0.01 rows=1 width=736)
	  ->  Result  (cost=0.00..0.01 rows=1 width=736)

table 4 : explain INSERT INTO sbtest4 (id, k, c, pad) VALUES (4967059, 13, 'foobar', 'foobar')
	Insert on sbtest4  (cost=0.00..0.01 rows=1 width=736)
	  ->  Result  (cost=0.00..0.01 rows=1 width=736)

table 5 : explain INSERT INTO sbtest5 (id, k, c, pad) VALUES (9266078, 13, 'foobar', 'foobar')
	Insert on sbtest5  (cost=0.00..0.01 rows=1 width=736)
	  ->  Result  (cost=0.00..0.01 rows=1 width=736)

table 6 : explain INSERT INTO sbtest6 (id, k, c, pad) VALUES (1811837, 13, 'foobar', 'foobar')
	Insert on sbtest6  (cost=0.00..0.01 rows=1 width=736)
	  ->  Result  (cost=0.00..0.01 rows=1 width=736)

table 7 : explain INSERT INTO sbtest7 (id, k, c, pad) VALUES (7055594, 13, 'foobar', 'foobar')
	Insert on sbtest7  (cost=0.00..0.01 rows=1 width=736)
	  ->  Result  (cost=0.00..0.01 rows=1 width=736)

table 8 : explain INSERT INTO sbtest8 (id, k, c, pad) VALUES (6565170, 13, 'foobar', 'foobar')
	Insert on sbtest8  (cost=0.00..0.01 rows=1 width=736)
	  ->  Result  (cost=0.00..0.01 rows=1 width=736)

for deletes
table 1 : explain DELETE FROM sbtest1 WHERE id=6317700
	Delete on sbtest1  (cost=0.43..8.45 rows=1 width=6)
	  ->  Index Scan using sbtest1_pkey on sbtest1  (cost=0.43..8.45 rows=1 width=6)
	        Index Cond: (id = 6317700)

table 2 : explain DELETE FROM sbtest2 WHERE id=8204926
	Delete on sbtest2  (cost=0.43..8.45 rows=1 width=6)
	  ->  Index Scan using sbtest2_pkey on sbtest2  (cost=0.43..8.45 rows=1 width=6)
	        Index Cond: (id = 8204926)

table 3 : explain DELETE FROM sbtest3 WHERE id=8521394
	Delete on sbtest3  (cost=0.43..8.45 rows=1 width=6)
	  ->  Index Scan using sbtest3_pkey on sbtest3  (cost=0.43..8.45 rows=1 width=6)
	        Index Cond: (id = 8521394)

table 4 : explain DELETE FROM sbtest4 WHERE id=9051265
	Delete on sbtest4  (cost=0.43..8.45 rows=1 width=6)
	  ->  Index Scan using sbtest4_pkey on sbtest4  (cost=0.43..8.45 rows=1 width=6)
	        Index Cond: (id = 9051265)

table 5 : explain DELETE FROM sbtest5 WHERE id=3315351
	Delete on sbtest5  (cost=0.43..8.45 rows=1 width=6)
	  ->  Index Scan using sbtest5_pkey on sbtest5  (cost=0.43..8.45 rows=1 width=6)
	        Index Cond: (id = 3315351)

table 6 : explain DELETE FROM sbtest6 WHERE id=9353837
	Delete on sbtest6  (cost=0.43..8.45 rows=1 width=6)
	  ->  Index Scan using sbtest6_pkey on sbtest6  (cost=0.43..8.45 rows=1 width=6)
	        Index Cond: (id = 9353837)

table 7 : explain DELETE FROM sbtest7 WHERE id=3778998
	Delete on sbtest7  (cost=0.43..8.45 rows=1 width=6)
	  ->  Index Scan using sbtest7_pkey on sbtest7  (cost=0.43..8.45 rows=1 width=6)
	        Index Cond: (id = 3778998)

table 8 : explain DELETE FROM sbtest8 WHERE id=1798510
	Delete on sbtest8  (cost=0.43..8.45 rows=1 width=6)
	  ->  Index Scan using sbtest8_pkey on sbtest8  (cost=0.43..8.45 rows=1 width=6)
	        Index Cond: (id = 1798510)

explain: for inserts :: explain INSERT INTO sbtest%u (id, k, c, pad) VALUES (%u, 13, 'foobar', 'foobar')
for deletes
table 1 : explain DELETE FROM sbtest1 WHERE id=7425462
	Delete on sbtest1  (cost=0.43..8.45 rows=1 width=6)
	  ->  Index Scan using sbtest1_pkey on sbtest1  (cost=0.43..8.45 rows=1 width=6)
	        Index Cond: (id = 7425462)

table 2 : explain DELETE FROM sbtest2 WHERE id=8315445
	Delete on sbtest2  (cost=0.43..8.45 rows=1 width=6)
	  ->  Index Scan using sbtest2_pkey on sbtest2  (cost=0.43..8.45 rows=1 width=6)
	        Index Cond: (id = 8315445)

table 3 : explain DELETE FROM sbtest3 WHERE id=1564841
	Delete on sbtest3  (cost=0.43..8.45 rows=1 width=6)
	  ->  Index Scan using sbtest3_pkey on sbtest3  (cost=0.43..8.45 rows=1 width=6)
	        Index Cond: (id = 1564841)

table 4 : explain DELETE FROM sbtest4 WHERE id=8711870
	Delete on sbtest4  (cost=0.43..8.45 rows=1 width=6)
	  ->  Index Scan using sbtest4_pkey on sbtest4  (cost=0.43..8.45 rows=1 width=6)
	        Index Cond: (id = 8711870)

table 5 : explain DELETE FROM sbtest5 WHERE id=7236188
	Delete on sbtest5  (cost=0.43..8.45 rows=1 width=6)
	  ->  Index Scan using sbtest5_pkey on sbtest5  (cost=0.43..8.45 rows=1 width=6)
	        Index Cond: (id = 7236188)

table 6 : explain DELETE FROM sbtest6 WHERE id=1363410
	Delete on sbtest6  (cost=0.43..8.45 rows=1 width=6)
	  ->  Index Scan using sbtest6_pkey on sbtest6  (cost=0.43..8.45 rows=1 width=6)
	        Index Cond: (id = 1363410)

table 7 : explain DELETE FROM sbtest7 WHERE id=2845661
	Delete on sbtest7  (cost=0.43..8.45 rows=1 width=6)
	  ->  Index Scan using sbtest7_pkey on sbtest7  (cost=0.43..8.45 rows=1 width=6)
	        Index Cond: (id = 2845661)

table 8 : explain DELETE FROM sbtest8 WHERE id=3556173
	Delete on sbtest8  (cost=0.43..8.45 rows=1 width=6)
	  ->  Index Scan using sbtest8_pkey on sbtest8  (cost=0.43..8.45 rows=1 width=6)
	        Index Cond: (id = 3556173)

explain: for non_index_updates :: explain UPDATE sbtest%u SET c='foobar' WHERE id=%u
explain: for non_index_updates :: explain UPDATE sbtest%u SET c='foobar' WHERE id=%u
explain: for inserts :: explain INSERT INTO sbtest%u (id, k, c, pad) VALUES (%u, 13, 'foobar', 'foobar')
for non_index_updates
table 1 : explain UPDATE sbtest1 SET c='foobar' WHERE id=5366124
	Update on sbtest1  (cost=0.43..8.45 rows=1 width=559)
	  ->  Index Scan using sbtest1_pkey on sbtest1  (cost=0.43..8.45 rows=1 width=559)
	        Index Cond: (id = 5366124)

table 2 : explain UPDATE sbtest2 SET c='foobar' WHERE id=699260
	Update on sbtest2  (cost=0.43..8.45 rows=1 width=559)
	  ->  Index Scan using sbtest2_pkey on sbtest2  (cost=0.43..8.45 rows=1 width=559)
	        Index Cond: (id = 699260)

table 3 : explain UPDATE sbtest3 SET c='foobar' WHERE id=51244
	Update on sbtest3  (cost=0.43..8.45 rows=1 width=559)
	  ->  Index Scan using sbtest3_pkey on sbtest3  (cost=0.43..8.45 rows=1 width=559)
	        Index Cond: (id = 51244)

table 4 : explain UPDATE sbtest4 SET c='foobar' WHERE id=6776569
	Update on sbtest4  (cost=0.43..8.45 rows=1 width=559)
	  ->  Index Scan using sbtest4_pkey on sbtest4  (cost=0.43..8.45 rows=1 width=559)
	        Index Cond: (id = 6776569)

table 5 : explain UPDATE sbtest5 SET c='foobar' WHERE id=2555265
	Update on sbtest5  (cost=0.43..8.45 rows=1 width=559)
	  ->  Index Scan using sbtest5_pkey on sbtest5  (cost=0.43..8.45 rows=1 width=559)
	        Index Cond: (id = 2555265)

table 6 : explain UPDATE sbtest6 SET c='foobar' WHERE id=7719657
	Update on sbtest6  (cost=0.43..8.45 rows=1 width=559)
	  ->  Index Scan using sbtest6_pkey on sbtest6  (cost=0.43..8.45 rows=1 width=559)
	        Index Cond: (id = 7719657)

table 7 : explain UPDATE sbtest7 SET c='foobar' WHERE id=5137535
	Update on sbtest7  (cost=0.43..8.45 rows=1 width=559)
	  ->  Index Scan using sbtest7_pkey on sbtest7  (cost=0.43..8.45 rows=1 width=559)
	        Index Cond: (id = 5137535)

table 8 : explain UPDATE sbtest8 SET c='foobar' WHERE id=6937387
	Update on sbtest8  (cost=0.43..8.45 rows=1 width=559)
	  ->  Index Scan using sbtest8_pkey on sbtest8  (cost=0.43..8.45 rows=1 width=559)
	        Index Cond: (id = 6937387)

explain: for inserts :: explain INSERT INTO sbtest%u (id, k, c, pad) VALUES (%u, 13, 'foobar', 'foobar')
for inserts
table 1 : explain INSERT INTO sbtest1 (id, k, c, pad) VALUES (9245242, 13, 'foobar', 'foobar')
	Insert on sbtest1  (cost=0.00..0.01 rows=1 width=736)
	  ->  Result  (cost=0.00..0.01 rows=1 width=736)

table 2 : explain INSERT INTO sbtest2 (id, k, c, pad) VALUES (111435, 13, 'foobar', 'foobar')
	Insert on sbtest2  (cost=0.00..0.01 rows=1 width=736)
	  ->  Result  (cost=0.00..0.01 rows=1 width=736)

table 3 : explain INSERT INTO sbtest3 (id, k, c, pad) VALUES (8237986, 13, 'foobar', 'foobar')
	Insert on sbtest3  (cost=0.00..0.01 rows=1 width=736)
	  ->  Result  (cost=0.00..0.01 rows=1 width=736)

table 4 : explain INSERT INTO sbtest4 (id, k, c, pad) VALUES (5286247, 13, 'foobar', 'foobar')
	Insert on sbtest4  (cost=0.00..0.01 rows=1 width=736)
	  ->  Result  (cost=0.00..0.01 rows=1 width=736)

table 5 : explain INSERT INTO sbtest5 (id, k, c, pad) VALUES (2464259, 13, 'foobar', 'foobar')
	Insert on sbtest5  (cost=0.00..0.01 rows=1 width=736)
	  ->  Result  (cost=0.00..0.01 rows=1 width=736)

table 6 : explain INSERT INTO sbtest6 (id, k, c, pad) VALUES (270952, 13, 'foobar', 'foobar')
	Insert on sbtest6  (cost=0.00..0.01 rows=1 width=736)
	  ->  Result  (cost=0.00..0.01 rows=1 width=736)

table 7 : explain INSERT INTO sbtest7 (id, k, c, pad) VALUES (5392392, 13, 'foobar', 'foobar')
	Insert on sbtest7  (cost=0.00..0.01 rows=1 width=736)
	  ->  Result  (cost=0.00..0.01 rows=1 width=736)

table 8 : explain INSERT INTO sbtest8 (id, k, c, pad) VALUES (7271891, 13, 'foobar', 'foobar')
	Insert on sbtest8  (cost=0.00..0.01 rows=1 width=736)
	  ->  Result  (cost=0.00..0.01 rows=1 width=736)

for non_index_updates
table 1 : explain UPDATE sbtest1 SET c='foobar' WHERE id=3819596
	Update on sbtest1  (cost=0.43..8.45 rows=1 width=559)
	  ->  Index Scan using sbtest1_pkey on sbtest1  (cost=0.43..8.45 rows=1 width=559)
	        Index Cond: (id = 3819596)

table 2 : explain UPDATE sbtest2 SET c='foobar' WHERE id=782337
	Update on sbtest2  (cost=0.43..8.45 rows=1 width=559)
	  ->  Index Scan using sbtest2_pkey on sbtest2  (cost=0.43..8.45 rows=1 width=559)
	        Index Cond: (id = 782337)

table 3 : explain UPDATE sbtest3 SET c='foobar' WHERE id=5524282
	Update on sbtest3  (cost=0.43..8.45 rows=1 width=559)
	  ->  Index Scan using sbtest3_pkey on sbtest3  (cost=0.43..8.45 rows=1 width=559)
	        Index Cond: (id = 5524282)

table 4 : explain UPDATE sbtest4 SET c='foobar' WHERE id=6983339
	Update on sbtest4  (cost=0.43..8.45 rows=1 width=559)
	  ->  Index Scan using sbtest4_pkey on sbtest4  (cost=0.43..8.45 rows=1 width=559)
	        Index Cond: (id = 6983339)

table 5 : explain UPDATE sbtest5 SET c='foobar' WHERE id=3109227
	Update on sbtest5  (cost=0.43..8.45 rows=1 width=559)
	  ->  Index Scan using sbtest5_pkey on sbtest5  (cost=0.43..8.45 rows=1 width=559)
	        Index Cond: (id = 3109227)

table 6 : explain UPDATE sbtest6 SET c='foobar' WHERE id=5432209
	Update on sbtest6  (cost=0.43..8.45 rows=1 width=559)
	  ->  Index Scan using sbtest6_pkey on sbtest6  (cost=0.43..8.45 rows=1 width=559)
	        Index Cond: (id = 5432209)

table 7 : explain UPDATE sbtest7 SET c='foobar' WHERE id=8990850
	Update on sbtest7  (cost=0.43..8.45 rows=1 width=559)
	  ->  Index Scan using sbtest7_pkey on sbtest7  (cost=0.43..8.45 rows=1 width=559)
	        Index Cond: (id = 8990850)

table 8 : explain UPDATE sbtest8 SET c='foobar' WHERE id=5773157
	Update on sbtest8  (cost=0.43..8.45 rows=1 width=559)
	  ->  Index Scan using sbtest8_pkey on sbtest8  (cost=0.43..8.45 rows=1 width=559)
	        Index Cond: (id = 5773157)

for: simple_ranges
table 1 : explain SELECT c FROM sbtest1 WHERE id BETWEEN 4798751 AND 4798760
	Index Scan using sbtest1_pkey on sbtest1  (cost=0.43..38.52 rows=10 width=121)
	  Index Cond: ((id >= 4798751) AND (id <= 4798760))

table 2 : explain SELECT c FROM sbtest2 WHERE id BETWEEN 8732240 AND 8732249
	Index Scan using sbtest2_pkey on sbtest2  (cost=0.43..38.42 rows=10 width=121)
	  Index Cond: ((id >= 8732240) AND (id <= 8732249))

table 3 : explain SELECT c FROM sbtest3 WHERE id BETWEEN 563235 AND 563244
	Index Scan using sbtest3_pkey on sbtest3  (cost=0.43..38.60 rows=10 width=121)
	  Index Cond: ((id >= 563235) AND (id <= 563244))

table 4 : explain SELECT c FROM sbtest4 WHERE id BETWEEN 3186418 AND 3186427
	Index Scan using sbtest4_pkey on sbtest4  (cost=0.43..38.73 rows=10 width=121)
	  Index Cond: ((id >= 3186418) AND (id <= 3186427))

table 5 : explain SELECT c FROM sbtest5 WHERE id BETWEEN 1076351 AND 1076360
	Index Scan using sbtest5_pkey on sbtest5  (cost=0.43..38.54 rows=10 width=121)
	  Index Cond: ((id >= 1076351) AND (id <= 1076360))

table 6 : explain SELECT c FROM sbtest6 WHERE id BETWEEN 4583487 AND 4583496
	Index Scan using sbtest6_pkey on sbtest6  (cost=0.43..39.19 rows=10 width=121)
	  Index Cond: ((id >= 4583487) AND (id <= 4583496))

table 7 : explain SELECT c FROM sbtest7 WHERE id BETWEEN 596502 AND 596511
	Index Scan using sbtest7_pkey on sbtest7  (cost=0.43..38.55 rows=10 width=121)
	  Index Cond: ((id >= 596502) AND (id <= 596511))

table 8 : explain SELECT c FROM sbtest8 WHERE id BETWEEN 3581872 AND 3581881
	Index Scan using sbtest8_pkey on sbtest8  (cost=0.43..38.30 rows=10 width=121)
	  Index Cond: ((id >= 3581872) AND (id <= 3581881))

explain: for deletes :: explain DELETE FROM sbtest%u WHERE id=%u
for non_index_updates
table 1 : explain UPDATE sbtest1 SET c='foobar' WHERE id=9435769
	Update on sbtest1  (cost=0.43..8.45 rows=1 width=559)
	  ->  Index Scan using sbtest1_pkey on sbtest1  (cost=0.43..8.45 rows=1 width=559)
	        Index Cond: (id = 9435769)

table 2 : explain UPDATE sbtest2 SET c='foobar' WHERE id=9729349
	Update on sbtest2  (cost=0.43..8.45 rows=1 width=559)
	  ->  Index Scan using sbtest2_pkey on sbtest2  (cost=0.43..8.45 rows=1 width=559)
	        Index Cond: (id = 9729349)

table 3 : explain UPDATE sbtest3 SET c='foobar' WHERE id=8117895
	Update on sbtest3  (cost=0.43..8.45 rows=1 width=559)
	  ->  Index Scan using sbtest3_pkey on sbtest3  (cost=0.43..8.45 rows=1 width=559)
	        Index Cond: (id = 8117895)

table 4 : explain UPDATE sbtest4 SET c='foobar' WHERE id=7360662
	Update on sbtest4  (cost=0.43..8.45 rows=1 width=559)
	  ->  Index Scan using sbtest4_pkey on sbtest4  (cost=0.43..8.45 rows=1 width=559)
	        Index Cond: (id = 7360662)

table 5 : explain UPDATE sbtest5 SET c='foobar' WHERE id=3495939
	Update on sbtest5  (cost=0.43..8.45 rows=1 width=559)
	  ->  Index Scan using sbtest5_pkey on sbtest5  (cost=0.43..8.45 rows=1 width=559)
	        Index Cond: (id = 3495939)

table 6 : explain UPDATE sbtest6 SET c='foobar' WHERE id=6115187
	Update on sbtest6  (cost=0.43..8.45 rows=1 width=559)
	  ->  Index Scan using sbtest6_pkey on sbtest6  (cost=0.43..8.45 rows=1 width=559)
	        Index Cond: (id = 6115187)

table 7 : explain UPDATE sbtest7 SET c='foobar' WHERE id=7894131
	Update on sbtest7  (cost=0.43..8.45 rows=1 width=559)
	  ->  Index Scan using sbtest7_pkey on sbtest7  (cost=0.43..8.45 rows=1 width=559)
	        Index Cond: (id = 7894131)

table 8 : explain UPDATE sbtest8 SET c='foobar' WHERE id=8629054
	Update on sbtest8  (cost=0.43..8.45 rows=1 width=559)
	  ->  Index Scan using sbtest8_pkey on sbtest8  (cost=0.43..8.45 rows=1 width=559)
	        Index Cond: (id = 8629054)

for inserts
table 1 : explain INSERT INTO sbtest1 (id, k, c, pad) VALUES (8363974, 13, 'foobar', 'foobar')
	Insert on sbtest1  (cost=0.00..0.01 rows=1 width=736)
	  ->  Result  (cost=0.00..0.01 rows=1 width=736)

table 2 : explain INSERT INTO sbtest2 (id, k, c, pad) VALUES (5967092, 13, 'foobar', 'foobar')
	Insert on sbtest2  (cost=0.00..0.01 rows=1 width=736)
	  ->  Result  (cost=0.00..0.01 rows=1 width=736)

table 3 : explain INSERT INTO sbtest3 (id, k, c, pad) VALUES (8917209, 13, 'foobar', 'foobar')
	Insert on sbtest3  (cost=0.00..0.01 rows=1 width=736)
	  ->  Result  (cost=0.00..0.01 rows=1 width=736)

table 4 : explain INSERT INTO sbtest4 (id, k, c, pad) VALUES (5336300, 13, 'foobar', 'foobar')
	Insert on sbtest4  (cost=0.00..0.01 rows=1 width=736)
	  ->  Result  (cost=0.00..0.01 rows=1 width=736)

table 5 : explain INSERT INTO sbtest5 (id, k, c, pad) VALUES (8945491, 13, 'foobar', 'foobar')
	Insert on sbtest5  (cost=0.00..0.01 rows=1 width=736)
	  ->  Result  (cost=0.00..0.01 rows=1 width=736)

table 6 : explain INSERT INTO sbtest6 (id, k, c, pad) VALUES (6179303, 13, 'foobar', 'foobar')
	Insert on sbtest6  (cost=0.00..0.01 rows=1 width=736)
	  ->  Result  (cost=0.00..0.01 rows=1 width=736)

table 7 : explain INSERT INTO sbtest7 (id, k, c, pad) VALUES (7309343, 13, 'foobar', 'foobar')
	Insert on sbtest7  (cost=0.00..0.01 rows=1 width=736)
	  ->  Result  (cost=0.00..0.01 rows=1 width=736)

table 8 : explain INSERT INTO sbtest8 (id, k, c, pad) VALUES (1646817, 13, 'foobar', 'foobar')
	Insert on sbtest8  (cost=0.00..0.01 rows=1 width=736)
	  ->  Result  (cost=0.00..0.01 rows=1 width=736)

for deletes
table 1 : explain DELETE FROM sbtest1 WHERE id=7565510
	Delete on sbtest1  (cost=0.43..8.45 rows=1 width=6)
	  ->  Index Scan using sbtest1_pkey on sbtest1  (cost=0.43..8.45 rows=1 width=6)
	        Index Cond: (id = 7565510)

table 2 : explain DELETE FROM sbtest2 WHERE id=6412106
	Delete on sbtest2  (cost=0.43..8.45 rows=1 width=6)
	  ->  Index Scan using sbtest2_pkey on sbtest2  (cost=0.43..8.45 rows=1 width=6)
	        Index Cond: (id = 6412106)

table 3 : explain DELETE FROM sbtest3 WHERE id=9157261
	Delete on sbtest3  (cost=0.43..8.45 rows=1 width=6)
	  ->  Index Scan using sbtest3_pkey on sbtest3  (cost=0.43..8.45 rows=1 width=6)
	        Index Cond: (id = 9157261)

table 4 : explain DELETE FROM sbtest4 WHERE id=9763480
	Delete on sbtest4  (cost=0.43..8.45 rows=1 width=6)
	  ->  Index Scan using sbtest4_pkey on sbtest4  (cost=0.43..8.45 rows=1 width=6)
	        Index Cond: (id = 9763480)

table 5 : explain DELETE FROM sbtest5 WHERE id=446337
	Delete on sbtest5  (cost=0.43..8.45 rows=1 width=6)
	  ->  Index Scan using sbtest5_pkey on sbtest5  (cost=0.43..8.45 rows=1 width=6)
	        Index Cond: (id = 446337)

table 6 : explain DELETE FROM sbtest6 WHERE id=1303221
	Delete on sbtest6  (cost=0.43..8.45 rows=1 width=6)
	  ->  Index Scan using sbtest6_pkey on sbtest6  (cost=0.43..8.45 rows=1 width=6)
	        Index Cond: (id = 1303221)

table 7 : explain DELETE FROM sbtest7 WHERE id=6857852
	Delete on sbtest7  (cost=0.43..8.45 rows=1 width=6)
	  ->  Index Scan using sbtest7_pkey on sbtest7  (cost=0.43..8.45 rows=1 width=6)
	        Index Cond: (id = 6857852)

table 8 : explain DELETE FROM sbtest8 WHERE id=9649517
	Delete on sbtest8  (cost=0.43..8.45 rows=1 width=6)
	  ->  Index Scan using sbtest8_pkey on sbtest8  (cost=0.43..8.45 rows=1 width=6)
	        Index Cond: (id = 9649517)

for: distinct_ranges
table 1 : explain SELECT DISTINCT c FROM sbtest1 WHERE id BETWEEN 3571582 AND 3571591 ORDER BY c
	Unique  (cost=38.68..38.73 rows=10 width=121)
	  ->  Sort  (cost=38.68..38.71 rows=10 width=121)
	        Sort Key: c
	        ->  Index Scan using sbtest1_pkey on sbtest1  (cost=0.43..38.52 rows=10 width=121)
	              Index Cond: ((id >= 3571582) AND (id <= 3571591))

table 2 : explain SELECT DISTINCT c FROM sbtest2 WHERE id BETWEEN 8071248 AND 8071257 ORDER BY c
	Unique  (cost=35.23..35.28 rows=9 width=121)
	  ->  Sort  (cost=35.23..35.25 rows=9 width=121)
	        Sort Key: c
	        ->  Index Scan using sbtest2_pkey on sbtest2  (cost=0.43..35.09 rows=9 width=121)
	              Index Cond: ((id >= 8071248) AND (id <= 8071257))

table 3 : explain SELECT DISTINCT c FROM sbtest3 WHERE id BETWEEN 4697536 AND 4697545 ORDER BY c
	Unique  (cost=35.39..35.44 rows=9 width=121)
	  ->  Sort  (cost=35.39..35.41 rows=9 width=121)
	        Sort Key: c
	        ->  Index Scan using sbtest3_pkey on sbtest3  (cost=0.43..35.25 rows=9 width=121)
	              Index Cond: ((id >= 4697536) AND (id <= 4697545))

table 4 : explain SELECT DISTINCT c FROM sbtest4 WHERE id BETWEEN 5445049 AND 5445058 ORDER BY c
	Unique  (cost=38.90..38.95 rows=10 width=121)
	  ->  Sort  (cost=38.90..38.92 rows=10 width=121)
	        Sort Key: c
	        ->  Index Scan using sbtest4_pkey on sbtest4  (cost=0.43..38.73 rows=10 width=121)
	              Index Cond: ((id >= 5445049) AND (id <= 5445058))

table 5 : explain SELECT DISTINCT c FROM sbtest5 WHERE id BETWEEN 4062408 AND 4062417 ORDER BY c
	Unique  (cost=35.34..35.39 rows=9 width=121)
	  ->  Sort  (cost=35.34..35.37 rows=9 width=121)
	        Sort Key: c
	        ->  Index Scan using sbtest5_pkey on sbtest5  (cost=0.43..35.20 rows=9 width=121)
	              Index Cond: ((id >= 4062408) AND (id <= 4062417))

table 6 : explain SELECT DISTINCT c FROM sbtest6 WHERE id BETWEEN 8057470 AND 8057479 ORDER BY c
	Unique  (cost=39.36..39.41 rows=10 width=121)
	  ->  Sort  (cost=39.36..39.38 rows=10 width=121)
	        Sort Key: c
	        ->  Index Scan using sbtest6_pkey on sbtest6  (cost=0.43..39.19 rows=10 width=121)
	              Index Cond: ((id >= 8057470) AND (id <= 8057479))

table 7 : explain SELECT DISTINCT c FROM sbtest7 WHERE id BETWEEN 7923329 AND 7923338 ORDER BY c
	Unique  (cost=38.71..38.76 rows=10 width=121)
	  ->  Sort  (cost=38.71..38.74 rows=10 width=121)
	        Sort Key: c
	        ->  Index Scan using sbtest7_pkey on sbtest7  (cost=0.43..38.55 rows=10 width=121)
	              Index Cond: ((id >= 7923329) AND (id <= 7923338))

table 8 : explain SELECT DISTINCT c FROM sbtest8 WHERE id BETWEEN 6875960 AND 6875969 ORDER BY c
	Unique  (cost=38.47..38.52 rows=10 width=121)
	  ->  Sort  (cost=38.47..38.50 rows=10 width=121)
	        Sort Key: c
	        ->  Index Scan using sbtest8_pkey on sbtest8  (cost=0.43..38.30 rows=10 width=121)
	              Index Cond: ((id >= 6875960) AND (id <= 6875969))

for inserts
table 1 : explain INSERT INTO sbtest1 (id, k, c, pad) VALUES (2522115, 13, 'foobar', 'foobar')
	Insert on sbtest1  (cost=0.00..0.01 rows=1 width=736)
	  ->  Result  (cost=0.00..0.01 rows=1 width=736)

table 2 : explain INSERT INTO sbtest2 (id, k, c, pad) VALUES (9036519, 13, 'foobar', 'foobar')
	Insert on sbtest2  (cost=0.00..0.01 rows=1 width=736)
	  ->  Result  (cost=0.00..0.01 rows=1 width=736)

table 3 : explain INSERT INTO sbtest3 (id, k, c, pad) VALUES (3532071, 13, 'foobar', 'foobar')
	Insert on sbtest3  (cost=0.00..0.01 rows=1 width=736)
	  ->  Result  (cost=0.00..0.01 rows=1 width=736)

table 4 : explain INSERT INTO sbtest4 (id, k, c, pad) VALUES (4898655, 13, 'foobar', 'foobar')
	Insert on sbtest4  (cost=0.00..0.01 rows=1 width=736)
	  ->  Result  (cost=0.00..0.01 rows=1 width=736)

table 5 : explain INSERT INTO sbtest5 (id, k, c, pad) VALUES (2933312, 13, 'foobar', 'foobar')
	Insert on sbtest5  (cost=0.00..0.01 rows=1 width=736)
	  ->  Result  (cost=0.00..0.01 rows=1 width=736)

table 6 : explain INSERT INTO sbtest6 (id, k, c, pad) VALUES (8012716, 13, 'foobar', 'foobar')
	Insert on sbtest6  (cost=0.00..0.01 rows=1 width=736)
	  ->  Result  (cost=0.00..0.01 rows=1 width=736)

table 7 : explain INSERT INTO sbtest7 (id, k, c, pad) VALUES (3336622, 13, 'foobar', 'foobar')
	Insert on sbtest7  (cost=0.00..0.01 rows=1 width=736)
	  ->  Result  (cost=0.00..0.01 rows=1 width=736)

table 8 : explain INSERT INTO sbtest8 (id, k, c, pad) VALUES (1125307, 13, 'foobar', 'foobar')
	Insert on sbtest8  (cost=0.00..0.01 rows=1 width=736)
	  ->  Result  (cost=0.00..0.01 rows=1 width=736)

explain: for deletes :: explain DELETE FROM sbtest%u WHERE id=%u
explain: for inserts :: explain INSERT INTO sbtest%u (id, k, c, pad) VALUES (%u, 13, 'foobar', 'foobar')
explain: for inserts :: explain INSERT INTO sbtest%u (id, k, c, pad) VALUES (%u, 13, 'foobar', 'foobar')
for index_updates
table 1 : explain UPDATE sbtest1 SET k=k+1 WHERE id=9016020
	Update on sbtest1  (cost=0.43..8.46 rows=1 width=196)
	  ->  Index Scan using sbtest1_pkey on sbtest1  (cost=0.43..8.46 rows=1 width=196)
	        Index Cond: (id = 9016020)

table 2 : explain UPDATE sbtest2 SET k=k+1 WHERE id=1126424
	Update on sbtest2  (cost=0.43..8.46 rows=1 width=196)
	  ->  Index Scan using sbtest2_pkey on sbtest2  (cost=0.43..8.46 rows=1 width=196)
	        Index Cond: (id = 1126424)

table 3 : explain UPDATE sbtest3 SET k=k+1 WHERE id=744841
	Update on sbtest3  (cost=0.43..8.46 rows=1 width=196)
	  ->  Index Scan using sbtest3_pkey on sbtest3  (cost=0.43..8.46 rows=1 width=196)
	        Index Cond: (id = 744841)

table 4 : explain UPDATE sbtest4 SET k=k+1 WHERE id=1678338
	Update on sbtest4  (cost=0.43..8.46 rows=1 width=196)
	  ->  Index Scan using sbtest4_pkey on sbtest4  (cost=0.43..8.46 rows=1 width=196)
	        Index Cond: (id = 1678338)

table 5 : explain UPDATE sbtest5 SET k=k+1 WHERE id=6608658
	Update on sbtest5  (cost=0.43..8.46 rows=1 width=196)
	  ->  Index Scan using sbtest5_pkey on sbtest5  (cost=0.43..8.46 rows=1 width=196)
	        Index Cond: (id = 6608658)

table 6 : explain UPDATE sbtest6 SET k=k+1 WHERE id=4379154
	Update on sbtest6  (cost=0.43..8.46 rows=1 width=196)
	  ->  Index Scan using sbtest6_pkey on sbtest6  (cost=0.43..8.46 rows=1 width=196)
	        Index Cond: (id = 4379154)

table 7 : explain UPDATE sbtest7 SET k=k+1 WHERE id=2313171
	Update on sbtest7  (cost=0.43..8.46 rows=1 width=196)
	  ->  Index Scan using sbtest7_pkey on sbtest7  (cost=0.43..8.46 rows=1 width=196)
	        Index Cond: (id = 2313171)

table 8 : explain UPDATE sbtest8 SET k=k+1 WHERE id=7674732
	Update on sbtest8  (cost=0.43..8.46 rows=1 width=196)
	  ->  Index Scan using sbtest8_pkey on sbtest8  (cost=0.43..8.46 rows=1 width=196)
	        Index Cond: (id = 7674732)

for non_index_updates
table 1 : explain UPDATE sbtest1 SET c='foobar' WHERE id=7101583
	Update on sbtest1  (cost=0.43..8.45 rows=1 width=559)
	  ->  Index Scan using sbtest1_pkey on sbtest1  (cost=0.43..8.45 rows=1 width=559)
	        Index Cond: (id = 7101583)

table 2 : explain UPDATE sbtest2 SET c='foobar' WHERE id=5598276
	Update on sbtest2  (cost=0.43..8.45 rows=1 width=559)
	  ->  Index Scan using sbtest2_pkey on sbtest2  (cost=0.43..8.45 rows=1 width=559)
	        Index Cond: (id = 5598276)

table 3 : explain UPDATE sbtest3 SET c='foobar' WHERE id=3550837
	Update on sbtest3  (cost=0.43..8.45 rows=1 width=559)
	  ->  Index Scan using sbtest3_pkey on sbtest3  (cost=0.43..8.45 rows=1 width=559)
	        Index Cond: (id = 3550837)

table 4 : explain UPDATE sbtest4 SET c='foobar' WHERE id=9788345
	Update on sbtest4  (cost=0.43..8.45 rows=1 width=559)
	  ->  Index Scan using sbtest4_pkey on sbtest4  (cost=0.43..8.45 rows=1 width=559)
	        Index Cond: (id = 9788345)

table 5 : explain UPDATE sbtest5 SET c='foobar' WHERE id=1140349
	Update on sbtest5  (cost=0.43..8.45 rows=1 width=559)
	  ->  Index Scan using sbtest5_pkey on sbtest5  (cost=0.43..8.45 rows=1 width=559)
	        Index Cond: (id = 1140349)

table 6 : explain UPDATE sbtest6 SET c='foobar' WHERE id=9527678
	Update on sbtest6  (cost=0.43..8.45 rows=1 width=559)
	  ->  Index Scan using sbtest6_pkey on sbtest6  (cost=0.43..8.45 rows=1 width=559)
	        Index Cond: (id = 9527678)

table 7 : explain UPDATE sbtest7 SET c='foobar' WHERE id=6233749
	Update on sbtest7  (cost=0.43..8.45 rows=1 width=559)
	  ->  Index Scan using sbtest7_pkey on sbtest7  (cost=0.43..8.45 rows=1 width=559)
	        Index Cond: (id = 6233749)

table 8 : explain UPDATE sbtest8 SET c='foobar' WHERE id=6729333
	Update on sbtest8  (cost=0.43..8.45 rows=1 width=559)
	  ->  Index Scan using sbtest8_pkey on sbtest8  (cost=0.43..8.45 rows=1 width=559)
	        Index Cond: (id = 6729333)

for non_index_updates
table 1 : explain UPDATE sbtest1 SET c='foobar' WHERE id=1937716
	Update on sbtest1  (cost=0.43..8.45 rows=1 width=559)
	  ->  Index Scan using sbtest1_pkey on sbtest1  (cost=0.43..8.45 rows=1 width=559)
	        Index Cond: (id = 1937716)

table 2 : explain UPDATE sbtest2 SET c='foobar' WHERE id=3394578
	Update on sbtest2  (cost=0.43..8.45 rows=1 width=559)
	  ->  Index Scan using sbtest2_pkey on sbtest2  (cost=0.43..8.45 rows=1 width=559)
	        Index Cond: (id = 3394578)

table 3 : explain UPDATE sbtest3 SET c='foobar' WHERE id=2991412
	Update on sbtest3  (cost=0.43..8.45 rows=1 width=559)
	  ->  Index Scan using sbtest3_pkey on sbtest3  (cost=0.43..8.45 rows=1 width=559)
	        Index Cond: (id = 2991412)

table 4 : explain UPDATE sbtest4 SET c='foobar' WHERE id=8388292
	Update on sbtest4  (cost=0.43..8.45 rows=1 width=559)
	  ->  Index Scan using sbtest4_pkey on sbtest4  (cost=0.43..8.45 rows=1 width=559)
	        Index Cond: (id = 8388292)

table 5 : explain UPDATE sbtest5 SET c='foobar' WHERE id=4412802
	Update on sbtest5  (cost=0.43..8.45 rows=1 width=559)
	  ->  Index Scan using sbtest5_pkey on sbtest5  (cost=0.43..8.45 rows=1 width=559)
	        Index Cond: (id = 4412802)

table 6 : explain UPDATE sbtest6 SET c='foobar' WHERE id=5858716
	Update on sbtest6  (cost=0.43..8.45 rows=1 width=559)
	  ->  Index Scan using sbtest6_pkey on sbtest6  (cost=0.43..8.45 rows=1 width=559)
	        Index Cond: (id = 5858716)

table 7 : explain UPDATE sbtest7 SET c='foobar' WHERE id=1477
	Update on sbtest7  (cost=0.43..8.45 rows=1 width=559)
	  ->  Index Scan using sbtest7_pkey on sbtest7  (cost=0.43..8.45 rows=1 width=559)
	        Index Cond: (id = 1477)

table 8 : explain UPDATE sbtest8 SET c='foobar' WHERE id=3474972
	Update on sbtest8  (cost=0.43..8.45 rows=1 width=559)
	  ->  Index Scan using sbtest8_pkey on sbtest8  (cost=0.43..8.45 rows=1 width=559)
	        Index Cond: (id = 3474972)

for deletes
table 1 : explain DELETE FROM sbtest1 WHERE id=3105020
	Delete on sbtest1  (cost=0.43..8.45 rows=1 width=6)
	  ->  Index Scan using sbtest1_pkey on sbtest1  (cost=0.43..8.45 rows=1 width=6)
	        Index Cond: (id = 3105020)

table 2 : explain DELETE FROM sbtest2 WHERE id=118849
	Delete on sbtest2  (cost=0.43..8.45 rows=1 width=6)
	  ->  Index Scan using sbtest2_pkey on sbtest2  (cost=0.43..8.45 rows=1 width=6)
	        Index Cond: (id = 118849)

table 3 : explain DELETE FROM sbtest3 WHERE id=1603876
	Delete on sbtest3  (cost=0.43..8.45 rows=1 width=6)
	  ->  Index Scan using sbtest3_pkey on sbtest3  (cost=0.43..8.45 rows=1 width=6)
	        Index Cond: (id = 1603876)

table 4 : explain DELETE FROM sbtest4 WHERE id=8823533
	Delete on sbtest4  (cost=0.43..8.45 rows=1 width=6)
	  ->  Index Scan using sbtest4_pkey on sbtest4  (cost=0.43..8.45 rows=1 width=6)
	        Index Cond: (id = 8823533)

table 5 : explain DELETE FROM sbtest5 WHERE id=3734522
	Delete on sbtest5  (cost=0.43..8.45 rows=1 width=6)
	  ->  Index Scan using sbtest5_pkey on sbtest5  (cost=0.43..8.45 rows=1 width=6)
	        Index Cond: (id = 3734522)

table 6 : explain DELETE FROM sbtest6 WHERE id=4602090
	Delete on sbtest6  (cost=0.43..8.45 rows=1 width=6)
	  ->  Index Scan using sbtest6_pkey on sbtest6  (cost=0.43..8.45 rows=1 width=6)
	        Index Cond: (id = 4602090)

table 7 : explain DELETE FROM sbtest7 WHERE id=2241268
	Delete on sbtest7  (cost=0.43..8.45 rows=1 width=6)
	  ->  Index Scan using sbtest7_pkey on sbtest7  (cost=0.43..8.45 rows=1 width=6)
	        Index Cond: (id = 2241268)

table 8 : explain DELETE FROM sbtest8 WHERE id=3998689
	Delete on sbtest8  (cost=0.43..8.45 rows=1 width=6)
	  ->  Index Scan using sbtest8_pkey on sbtest8  (cost=0.43..8.45 rows=1 width=6)
	        Index Cond: (id = 3998689)

explain: for deletes :: explain DELETE FROM sbtest%u WHERE id=%u
explain: for index_updates :: explain UPDATE sbtest%u SET k=k+1 WHERE id=%u
explain: for inserts :: explain INSERT INTO sbtest%u (id, k, c, pad) VALUES (%u, 13, 'foobar', 'foobar')
explain: for deletes :: explain DELETE FROM sbtest%u WHERE id=%u
for deletes
table 1 : explain DELETE FROM sbtest1 WHERE id=4647588
	Delete on sbtest1  (cost=0.43..8.45 rows=1 width=6)
	  ->  Index Scan using sbtest1_pkey on sbtest1  (cost=0.43..8.45 rows=1 width=6)
	        Index Cond: (id = 4647588)

table 2 : explain DELETE FROM sbtest2 WHERE id=402210
	Delete on sbtest2  (cost=0.43..8.45 rows=1 width=6)
	  ->  Index Scan using sbtest2_pkey on sbtest2  (cost=0.43..8.45 rows=1 width=6)
	        Index Cond: (id = 402210)

table 3 : explain DELETE FROM sbtest3 WHERE id=8672799
	Delete on sbtest3  (cost=0.43..8.45 rows=1 width=6)
	  ->  Index Scan using sbtest3_pkey on sbtest3  (cost=0.43..8.45 rows=1 width=6)
	        Index Cond: (id = 8672799)

table 4 : explain DELETE FROM sbtest4 WHERE id=8393313
	Delete on sbtest4  (cost=0.43..8.45 rows=1 width=6)
	  ->  Index Scan using sbtest4_pkey on sbtest4  (cost=0.43..8.45 rows=1 width=6)
	        Index Cond: (id = 8393313)

table 5 : explain DELETE FROM sbtest5 WHERE id=5568819
	Delete on sbtest5  (cost=0.43..8.45 rows=1 width=6)
	  ->  Index Scan using sbtest5_pkey on sbtest5  (cost=0.43..8.45 rows=1 width=6)
	        Index Cond: (id = 5568819)

table 6 : explain DELETE FROM sbtest6 WHERE id=6723999
	Delete on sbtest6  (cost=0.43..8.45 rows=1 width=6)
	  ->  Index Scan using sbtest6_pkey on sbtest6  (cost=0.43..8.45 rows=1 width=6)
	        Index Cond: (id = 6723999)

table 7 : explain DELETE FROM sbtest7 WHERE id=5494259
	Delete on sbtest7  (cost=0.43..8.45 rows=1 width=6)
	  ->  Index Scan using sbtest7_pkey on sbtest7  (cost=0.43..8.45 rows=1 width=6)
	        Index Cond: (id = 5494259)

table 8 : explain DELETE FROM sbtest8 WHERE id=5063617
	Delete on sbtest8  (cost=0.43..8.45 rows=1 width=6)
	  ->  Index Scan using sbtest8_pkey on sbtest8  (cost=0.43..8.45 rows=1 width=6)
	        Index Cond: (id = 5063617)

explain: for deletes :: explain DELETE FROM sbtest%u WHERE id=%u
for inserts
table 1 : explain INSERT INTO sbtest1 (id, k, c, pad) VALUES (1740557, 13, 'foobar', 'foobar')
	Insert on sbtest1  (cost=0.00..0.01 rows=1 width=736)
	  ->  Result  (cost=0.00..0.01 rows=1 width=736)

table 2 : explain INSERT INTO sbtest2 (id, k, c, pad) VALUES (3698359, 13, 'foobar', 'foobar')
	Insert on sbtest2  (cost=0.00..0.01 rows=1 width=736)
	  ->  Result  (cost=0.00..0.01 rows=1 width=736)

table 3 : explain INSERT INTO sbtest3 (id, k, c, pad) VALUES (3097660, 13, 'foobar', 'foobar')
	Insert on sbtest3  (cost=0.00..0.01 rows=1 width=736)
	  ->  Result  (cost=0.00..0.01 rows=1 width=736)

table 4 : explain INSERT INTO sbtest4 (id, k, c, pad) VALUES (3142865, 13, 'foobar', 'foobar')
	Insert on sbtest4  (cost=0.00..0.01 rows=1 width=736)
	  ->  Result  (cost=0.00..0.01 rows=1 width=736)

table 5 : explain INSERT INTO sbtest5 (id, k, c, pad) VALUES (3806128, 13, 'foobar', 'foobar')
	Insert on sbtest5  (cost=0.00..0.01 rows=1 width=736)
	  ->  Result  (cost=0.00..0.01 rows=1 width=736)

table 6 : explain INSERT INTO sbtest6 (id, k, c, pad) VALUES (1318274, 13, 'foobar', 'foobar')
	Insert on sbtest6  (cost=0.00..0.01 rows=1 width=736)
	  ->  Result  (cost=0.00..0.01 rows=1 width=736)

table 7 : explain INSERT INTO sbtest7 (id, k, c, pad) VALUES (6442034, 13, 'foobar', 'foobar')
	Insert on sbtest7  (cost=0.00..0.01 rows=1 width=736)
	  ->  Result  (cost=0.00..0.01 rows=1 width=736)

table 8 : explain INSERT INTO sbtest8 (id, k, c, pad) VALUES (3558234, 13, 'foobar', 'foobar')
	Insert on sbtest8  (cost=0.00..0.01 rows=1 width=736)
	  ->  Result  (cost=0.00..0.01 rows=1 width=736)

for: distinct_ranges
table 1 : explain SELECT DISTINCT c FROM sbtest1 WHERE id BETWEEN 7517252 AND 7517261 ORDER BY c
	Unique  (cost=42.05..42.10 rows=11 width=121)
	  ->  Sort  (cost=42.05..42.08 rows=11 width=121)
	        Sort Key: c
	        ->  Index Scan using sbtest1_pkey on sbtest1  (cost=0.43..41.86 rows=11 width=121)
	              Index Cond: ((id >= 7517252) AND (id <= 7517261))

table 2 : explain SELECT DISTINCT c FROM sbtest2 WHERE id BETWEEN 2659751 AND 2659760 ORDER BY c
	Unique  (cost=38.58..38.63 rows=10 width=121)
	  ->  Sort  (cost=38.58..38.61 rows=10 width=121)
	        Sort Key: c
	        ->  Index Scan using sbtest2_pkey on sbtest2  (cost=0.43..38.42 rows=10 width=121)
	              Index Cond: ((id >= 2659751) AND (id <= 2659760))

table 3 : explain SELECT DISTINCT c FROM sbtest3 WHERE id BETWEEN 7401051 AND 7401060 ORDER BY c
	Unique  (cost=42.14..42.19 rows=11 width=121)
	  ->  Sort  (cost=42.14..42.16 rows=11 width=121)
	        Sort Key: c
	        ->  Index Scan using sbtest3_pkey on sbtest3  (cost=0.43..41.95 rows=11 width=121)
	              Index Cond: ((id >= 7401051) AND (id <= 7401060))

table 4 : explain SELECT DISTINCT c FROM sbtest4 WHERE id BETWEEN 7434975 AND 7434984 ORDER BY c
	Unique  (cost=38.90..38.95 rows=10 width=121)
	  ->  Sort  (cost=38.90..38.92 rows=10 width=121)
	        Sort Key: c
	        ->  Index Scan using sbtest4_pkey on sbtest4  (cost=0.43..38.73 rows=10 width=121)
	              Index Cond: ((id >= 7434975) AND (id <= 7434984))

table 5 : explain SELECT DISTINCT c FROM sbtest5 WHERE id BETWEEN 2491371 AND 2491380 ORDER BY c
	Unique  (cost=38.71..38.76 rows=10 width=121)
	  ->  Sort  (cost=38.71..38.73 rows=10 width=121)
	        Sort Key: c
	        ->  Index Scan using sbtest5_pkey on sbtest5  (cost=0.43..38.54 rows=10 width=121)
	              Index Cond: ((id >= 2491371) AND (id <= 2491380))

table 6 : explain SELECT DISTINCT c FROM sbtest6 WHERE id BETWEEN 8508090 AND 8508099 ORDER BY c
	Unique  (cost=39.36..39.41 rows=10 width=121)
	  ->  Sort  (cost=39.36..39.38 rows=10 width=121)
	        Sort Key: c
	        ->  Index Scan using sbtest6_pkey on sbtest6  (cost=0.43..39.19 rows=10 width=121)
	              Index Cond: ((id >= 8508090) AND (id <= 8508099))

table 7 : explain SELECT DISTINCT c FROM sbtest7 WHERE id BETWEEN 2526353 AND 2526362 ORDER BY c
	Unique  (cost=35.35..35.39 rows=9 width=121)
	  ->  Sort  (cost=35.35..35.37 rows=9 width=121)
	        Sort Key: c
	        ->  Index Scan using sbtest7_pkey on sbtest7  (cost=0.43..35.20 rows=9 width=121)
	              Index Cond: ((id >= 2526353) AND (id <= 2526362))

table 8 : explain SELECT DISTINCT c FROM sbtest8 WHERE id BETWEEN 7470027 AND 7470036 ORDER BY c
	Unique  (cost=38.47..38.52 rows=10 width=121)
	  ->  Sort  (cost=38.47..38.50 rows=10 width=121)
	        Sort Key: c
	        ->  Index Scan using sbtest8_pkey on sbtest8  (cost=0.43..38.30 rows=10 width=121)
	              Index Cond: ((id >= 7470027) AND (id <= 7470036))

explain: for inserts :: explain INSERT INTO sbtest%u (id, k, c, pad) VALUES (%u, 13, 'foobar', 'foobar')
explain: for non_index_updates :: explain UPDATE sbtest%u SET c='foobar' WHERE id=%u
for inserts
table 1 : explain INSERT INTO sbtest1 (id, k, c, pad) VALUES (5998744, 13, 'foobar', 'foobar')
	Insert on sbtest1  (cost=0.00..0.01 rows=1 width=736)
	  ->  Result  (cost=0.00..0.01 rows=1 width=736)

table 2 : explain INSERT INTO sbtest2 (id, k, c, pad) VALUES (978707, 13, 'foobar', 'foobar')
	Insert on sbtest2  (cost=0.00..0.01 rows=1 width=736)
	  ->  Result  (cost=0.00..0.01 rows=1 width=736)

table 3 : explain INSERT INTO sbtest3 (id, k, c, pad) VALUES (685632, 13, 'foobar', 'foobar')
	Insert on sbtest3  (cost=0.00..0.01 rows=1 width=736)
	  ->  Result  (cost=0.00..0.01 rows=1 width=736)

table 4 : explain INSERT INTO sbtest4 (id, k, c, pad) VALUES (9744343, 13, 'foobar', 'foobar')
	Insert on sbtest4  (cost=0.00..0.01 rows=1 width=736)
	  ->  Result  (cost=0.00..0.01 rows=1 width=736)

table 5 : explain INSERT INTO sbtest5 (id, k, c, pad) VALUES (1999195, 13, 'foobar', 'foobar')
	Insert on sbtest5  (cost=0.00..0.01 rows=1 width=736)
	  ->  Result  (cost=0.00..0.01 rows=1 width=736)

table 6 : explain INSERT INTO sbtest6 (id, k, c, pad) VALUES (5741043, 13, 'foobar', 'foobar')
	Insert on sbtest6  (cost=0.00..0.01 rows=1 width=736)
	  ->  Result  (cost=0.00..0.01 rows=1 width=736)

table 7 : explain INSERT INTO sbtest7 (id, k, c, pad) VALUES (7057060, 13, 'foobar', 'foobar')
	Insert on sbtest7  (cost=0.00..0.01 rows=1 width=736)
	  ->  Result  (cost=0.00..0.01 rows=1 width=736)

table 8 : explain INSERT INTO sbtest8 (id, k, c, pad) VALUES (3534686, 13, 'foobar', 'foobar')
	Insert on sbtest8  (cost=0.00..0.01 rows=1 width=736)
	  ->  Result  (cost=0.00..0.01 rows=1 width=736)

for: sum_ranges
table 1 : explain SELECT SUM(k) FROM sbtest1 WHERE id BETWEEN 132866 AND 132875
	Aggregate  (cost=41.89..41.90 rows=1 width=8)
	  ->  Index Scan using sbtest1_pkey on sbtest1  (cost=0.43..41.86 rows=11 width=4)
	        Index Cond: ((id >= 132866) AND (id <= 132875))

table 2 : explain SELECT SUM(k) FROM sbtest2 WHERE id BETWEEN 9609449 AND 9609458
	Aggregate  (cost=38.44..38.45 rows=1 width=8)
	  ->  Index Scan using sbtest2_pkey on sbtest2  (cost=0.43..38.42 rows=10 width=4)
	        Index Cond: ((id >= 9609449) AND (id <= 9609458))

table 3 : explain SELECT SUM(k) FROM sbtest3 WHERE id BETWEEN 1594592 AND 1594601
	Aggregate  (cost=38.62..38.63 rows=1 width=8)
	  ->  Index Scan using sbtest3_pkey on sbtest3  (cost=0.43..38.60 rows=10 width=4)
	        Index Cond: ((id >= 1594592) AND (id <= 1594601))

table 4 : explain SELECT SUM(k) FROM sbtest4 WHERE id BETWEEN 7461470 AND 7461479
	Aggregate  (cost=38.76..38.77 rows=1 width=8)
	  ->  Index Scan using sbtest4_pkey on sbtest4  (cost=0.43..38.73 rows=10 width=4)
	        Index Cond: ((id >= 7461470) AND (id <= 7461479))

table 5 : explain SELECT SUM(k) FROM sbtest5 WHERE id BETWEEN 7897871 AND 7897880
	Aggregate  (cost=38.57..38.58 rows=1 width=8)
	  ->  Index Scan using sbtest5_pkey on sbtest5  (cost=0.43..38.54 rows=10 width=4)
	        Index Cond: ((id >= 7897871) AND (id <= 7897880))

table 6 : explain SELECT SUM(k) FROM sbtest6 WHERE id BETWEEN 3185916 AND 3185925
	Aggregate  (cost=42.63..42.64 rows=1 width=8)
	  ->  Index Scan using sbtest6_pkey on sbtest6  (cost=0.43..42.60 rows=11 width=4)
	        Index Cond: ((id >= 3185916) AND (id <= 3185925))

table 7 : explain SELECT SUM(k) FROM sbtest7 WHERE id BETWEEN 2547813 AND 2547822
	Aggregate  (cost=35.23..35.24 rows=1 width=8)
	  ->  Index Scan using sbtest7_pkey on sbtest7  (cost=0.43..35.20 rows=9 width=4)
	        Index Cond: ((id >= 2547813) AND (id <= 2547822))

table 8 : explain SELECT SUM(k) FROM sbtest8 WHERE id BETWEEN 5911997 AND 5912006
	Aggregate  (cost=41.65..41.66 rows=1 width=8)
	  ->  Index Scan using sbtest8_pkey on sbtest8  (cost=0.43..41.62 rows=11 width=4)
	        Index Cond: ((id >= 5911997) AND (id <= 5912006))

for deletes
table 1 : explain DELETE FROM sbtest1 WHERE id=6713981
	Delete on sbtest1  (cost=0.43..8.45 rows=1 width=6)
	  ->  Index Scan using sbtest1_pkey on sbtest1  (cost=0.43..8.45 rows=1 width=6)
	        Index Cond: (id = 6713981)

table 2 : explain DELETE FROM sbtest2 WHERE id=1201243
	Delete on sbtest2  (cost=0.43..8.45 rows=1 width=6)
	  ->  Index Scan using sbtest2_pkey on sbtest2  (cost=0.43..8.45 rows=1 width=6)
	        Index Cond: (id = 1201243)

table 3 : explain DELETE FROM sbtest3 WHERE id=6458898
	Delete on sbtest3  (cost=0.43..8.45 rows=1 width=6)
	  ->  Index Scan using sbtest3_pkey on sbtest3  (cost=0.43..8.45 rows=1 width=6)
	        Index Cond: (id = 6458898)

table 4 : explain DELETE FROM sbtest4 WHERE id=7213156
	Delete on sbtest4  (cost=0.43..8.45 rows=1 width=6)
	  ->  Index Scan using sbtest4_pkey on sbtest4  (cost=0.43..8.45 rows=1 width=6)
	        Index Cond: (id = 7213156)

table 5 : explain DELETE FROM sbtest5 WHERE id=627698
	Delete on sbtest5  (cost=0.43..8.45 rows=1 width=6)
	  ->  Index Scan using sbtest5_pkey on sbtest5  (cost=0.43..8.45 rows=1 width=6)
	        Index Cond: (id = 627698)

table 6 : explain DELETE FROM sbtest6 WHERE id=1844500
	Delete on sbtest6  (cost=0.43..8.45 rows=1 width=6)
	  ->  Index Scan using sbtest6_pkey on sbtest6  (cost=0.43..8.45 rows=1 width=6)
	        Index Cond: (id = 1844500)

table 7 : explain DELETE FROM sbtest7 WHERE id=9189313
	Delete on sbtest7  (cost=0.43..8.45 rows=1 width=6)
	  ->  Index Scan using sbtest7_pkey on sbtest7  (cost=0.43..8.45 rows=1 width=6)
	        Index Cond: (id = 9189313)

table 8 : explain DELETE FROM sbtest8 WHERE id=9068950
	Delete on sbtest8  (cost=0.43..8.45 rows=1 width=6)
	  ->  Index Scan using sbtest8_pkey on sbtest8  (cost=0.43..8.45 rows=1 width=6)
	        Index Cond: (id = 9068950)

for inserts
table 1 : explain INSERT INTO sbtest1 (id, k, c, pad) VALUES (3312520, 13, 'foobar', 'foobar')
	Insert on sbtest1  (cost=0.00..0.01 rows=1 width=736)
	  ->  Result  (cost=0.00..0.01 rows=1 width=736)

table 2 : explain INSERT INTO sbtest2 (id, k, c, pad) VALUES (1581262, 13, 'foobar', 'foobar')
	Insert on sbtest2  (cost=0.00..0.01 rows=1 width=736)
	  ->  Result  (cost=0.00..0.01 rows=1 width=736)

table 3 : explain INSERT INTO sbtest3 (id, k, c, pad) VALUES (6612373, 13, 'foobar', 'foobar')
	Insert on sbtest3  (cost=0.00..0.01 rows=1 width=736)
	  ->  Result  (cost=0.00..0.01 rows=1 width=736)

table 4 : explain INSERT INTO sbtest4 (id, k, c, pad) VALUES (785195, 13, 'foobar', 'foobar')
	Insert on sbtest4  (cost=0.00..0.01 rows=1 width=736)
	  ->  Result  (cost=0.00..0.01 rows=1 width=736)

table 5 : explain INSERT INTO sbtest5 (id, k, c, pad) VALUES (3586670, 13, 'foobar', 'foobar')
	Insert on sbtest5  (cost=0.00..0.01 rows=1 width=736)
	  ->  Result  (cost=0.00..0.01 rows=1 width=736)

table 6 : explain INSERT INTO sbtest6 (id, k, c, pad) VALUES (3333210, 13, 'foobar', 'foobar')
	Insert on sbtest6  (cost=0.00..0.01 rows=1 width=736)
	  ->  Result  (cost=0.00..0.01 rows=1 width=736)

table 7 : explain INSERT INTO sbtest7 (id, k, c, pad) VALUES (5258769, 13, 'foobar', 'foobar')
	Insert on sbtest7  (cost=0.00..0.01 rows=1 width=736)
	  ->  Result  (cost=0.00..0.01 rows=1 width=736)

table 8 : explain INSERT INTO sbtest8 (id, k, c, pad) VALUES (8837955, 13, 'foobar', 'foobar')
	Insert on sbtest8  (cost=0.00..0.01 rows=1 width=736)
	  ->  Result  (cost=0.00..0.01 rows=1 width=736)

for index_updates
table 1 : explain UPDATE sbtest1 SET k=k+1 WHERE id=1338030
	Update on sbtest1  (cost=0.43..8.46 rows=1 width=196)
	  ->  Index Scan using sbtest1_pkey on sbtest1  (cost=0.43..8.46 rows=1 width=196)
	        Index Cond: (id = 1338030)

table 2 : explain UPDATE sbtest2 SET k=k+1 WHERE id=7516101
	Update on sbtest2  (cost=0.43..8.46 rows=1 width=196)
	  ->  Index Scan using sbtest2_pkey on sbtest2  (cost=0.43..8.46 rows=1 width=196)
	        Index Cond: (id = 7516101)

table 3 : explain UPDATE sbtest3 SET k=k+1 WHERE id=5493946
	Update on sbtest3  (cost=0.43..8.46 rows=1 width=196)
	  ->  Index Scan using sbtest3_pkey on sbtest3  (cost=0.43..8.46 rows=1 width=196)
	        Index Cond: (id = 5493946)

table 4 : explain UPDATE sbtest4 SET k=k+1 WHERE id=7483509
	Update on sbtest4  (cost=0.43..8.46 rows=1 width=196)
	  ->  Index Scan using sbtest4_pkey on sbtest4  (cost=0.43..8.46 rows=1 width=196)
	        Index Cond: (id = 7483509)

table 5 : explain UPDATE sbtest5 SET k=k+1 WHERE id=5925853
	Update on sbtest5  (cost=0.43..8.46 rows=1 width=196)
	  ->  Index Scan using sbtest5_pkey on sbtest5  (cost=0.43..8.46 rows=1 width=196)
	        Index Cond: (id = 5925853)

table 6 : explain UPDATE sbtest6 SET k=k+1 WHERE id=9618927
	Update on sbtest6  (cost=0.43..8.46 rows=1 width=196)
	  ->  Index Scan using sbtest6_pkey on sbtest6  (cost=0.43..8.46 rows=1 width=196)
	        Index Cond: (id = 9618927)

table 7 : explain UPDATE sbtest7 SET k=k+1 WHERE id=3552091
	Update on sbtest7  (cost=0.43..8.46 rows=1 width=196)
	  ->  Index Scan using sbtest7_pkey on sbtest7  (cost=0.43..8.46 rows=1 width=196)
	        Index Cond: (id = 3552091)

table 8 : explain UPDATE sbtest8 SET k=k+1 WHERE id=6885551
	Update on sbtest8  (cost=0.43..8.46 rows=1 width=196)
	  ->  Index Scan using sbtest8_pkey on sbtest8  (cost=0.43..8.46 rows=1 width=196)
	        Index Cond: (id = 6885551)

explain: for inserts :: explain INSERT INTO sbtest%u (id, k, c, pad) VALUES (%u, 13, 'foobar', 'foobar')
explain: for index_updates :: explain UPDATE sbtest%u SET k=k+1 WHERE id=%u
for inserts
table 1 : explain INSERT INTO sbtest1 (id, k, c, pad) VALUES (6955981, 13, 'foobar', 'foobar')
	Insert on sbtest1  (cost=0.00..0.01 rows=1 width=736)
	  ->  Result  (cost=0.00..0.01 rows=1 width=736)

table 2 : explain INSERT INTO sbtest2 (id, k, c, pad) VALUES (3419486, 13, 'foobar', 'foobar')
	Insert on sbtest2  (cost=0.00..0.01 rows=1 width=736)
	  ->  Result  (cost=0.00..0.01 rows=1 width=736)

table 3 : explain INSERT INTO sbtest3 (id, k, c, pad) VALUES (85139, 13, 'foobar', 'foobar')
	Insert on sbtest3  (cost=0.00..0.01 rows=1 width=736)
	  ->  Result  (cost=0.00..0.01 rows=1 width=736)

table 4 : explain INSERT INTO sbtest4 (id, k, c, pad) VALUES (9200962, 13, 'foobar', 'foobar')
	Insert on sbtest4  (cost=0.00..0.01 rows=1 width=736)
	  ->  Result  (cost=0.00..0.01 rows=1 width=736)

table 5 : explain INSERT INTO sbtest5 (id, k, c, pad) VALUES (1699970, 13, 'foobar', 'foobar')
	Insert on sbtest5  (cost=0.00..0.01 rows=1 width=736)
	  ->  Result  (cost=0.00..0.01 rows=1 width=736)

table 6 : explain INSERT INTO sbtest6 (id, k, c, pad) VALUES (2239068, 13, 'foobar', 'foobar')
	Insert on sbtest6  (cost=0.00..0.01 rows=1 width=736)
	  ->  Result  (cost=0.00..0.01 rows=1 width=736)

table 7 : explain INSERT INTO sbtest7 (id, k, c, pad) VALUES (5736534, 13, 'foobar', 'foobar')
	Insert on sbtest7  (cost=0.00..0.01 rows=1 width=736)
	  ->  Result  (cost=0.00..0.01 rows=1 width=736)

table 8 : explain INSERT INTO sbtest8 (id, k, c, pad) VALUES (8290702, 13, 'foobar', 'foobar')
	Insert on sbtest8  (cost=0.00..0.01 rows=1 width=736)
	  ->  Result  (cost=0.00..0.01 rows=1 width=736)

for deletes
table 1 : explain DELETE FROM sbtest1 WHERE id=8725395
	Delete on sbtest1  (cost=0.43..8.45 rows=1 width=6)
	  ->  Index Scan using sbtest1_pkey on sbtest1  (cost=0.43..8.45 rows=1 width=6)
	        Index Cond: (id = 8725395)

table 2 : explain DELETE FROM sbtest2 WHERE id=4249945
	Delete on sbtest2  (cost=0.43..8.45 rows=1 width=6)
	  ->  Index Scan using sbtest2_pkey on sbtest2  (cost=0.43..8.45 rows=1 width=6)
	        Index Cond: (id = 4249945)

table 3 : explain DELETE FROM sbtest3 WHERE id=5971539
	Delete on sbtest3  (cost=0.43..8.45 rows=1 width=6)
	  ->  Index Scan using sbtest3_pkey on sbtest3  (cost=0.43..8.45 rows=1 width=6)
	        Index Cond: (id = 5971539)

table 4 : explain DELETE FROM sbtest4 WHERE id=4801670
	Delete on sbtest4  (cost=0.43..8.45 rows=1 width=6)
	  ->  Index Scan using sbtest4_pkey on sbtest4  (cost=0.43..8.45 rows=1 width=6)
	        Index Cond: (id = 4801670)

table 5 : explain DELETE FROM sbtest5 WHERE id=9252381
	Delete on sbtest5  (cost=0.43..8.45 rows=1 width=6)
	  ->  Index Scan using sbtest5_pkey on sbtest5  (cost=0.43..8.45 rows=1 width=6)
	        Index Cond: (id = 9252381)

table 6 : explain DELETE FROM sbtest6 WHERE id=4104108
	Delete on sbtest6  (cost=0.43..8.45 rows=1 width=6)
	  ->  Index Scan using sbtest6_pkey on sbtest6  (cost=0.43..8.45 rows=1 width=6)
	        Index Cond: (id = 4104108)

table 7 : explain DELETE FROM sbtest7 WHERE id=7721667
	Delete on sbtest7  (cost=0.43..8.45 rows=1 width=6)
	  ->  Index Scan using sbtest7_pkey on sbtest7  (cost=0.43..8.45 rows=1 width=6)
	        Index Cond: (id = 7721667)

table 8 : explain DELETE FROM sbtest8 WHERE id=9536082
	Delete on sbtest8  (cost=0.43..8.45 rows=1 width=6)
	  ->  Index Scan using sbtest8_pkey on sbtest8  (cost=0.43..8.45 rows=1 width=6)
	        Index Cond: (id = 9536082)

for deletes
table 1 : explain DELETE FROM sbtest1 WHERE id=3926634
	Delete on sbtest1  (cost=0.43..8.45 rows=1 width=6)
	  ->  Index Scan using sbtest1_pkey on sbtest1  (cost=0.43..8.45 rows=1 width=6)
	        Index Cond: (id = 3926634)

table 2 : explain DELETE FROM sbtest2 WHERE id=8357670
	Delete on sbtest2  (cost=0.43..8.45 rows=1 width=6)
	  ->  Index Scan using sbtest2_pkey on sbtest2  (cost=0.43..8.45 rows=1 width=6)
	        Index Cond: (id = 8357670)

table 3 : explain DELETE FROM sbtest3 WHERE id=2332778
	Delete on sbtest3  (cost=0.43..8.45 rows=1 width=6)
	  ->  Index Scan using sbtest3_pkey on sbtest3  (cost=0.43..8.45 rows=1 width=6)
	        Index Cond: (id = 2332778)

table 4 : explain DELETE FROM sbtest4 WHERE id=7525713
	Delete on sbtest4  (cost=0.43..8.45 rows=1 width=6)
	  ->  Index Scan using sbtest4_pkey on sbtest4  (cost=0.43..8.45 rows=1 width=6)
	        Index Cond: (id = 7525713)

table 5 : explain DELETE FROM sbtest5 WHERE id=2919786
	Delete on sbtest5  (cost=0.43..8.45 rows=1 width=6)
	  ->  Index Scan using sbtest5_pkey on sbtest5  (cost=0.43..8.45 rows=1 width=6)
	        Index Cond: (id = 2919786)

table 6 : explain DELETE FROM sbtest6 WHERE id=6718676
	Delete on sbtest6  (cost=0.43..8.45 rows=1 width=6)
	  ->  Index Scan using sbtest6_pkey on sbtest6  (cost=0.43..8.45 rows=1 width=6)
	        Index Cond: (id = 6718676)

table 7 : explain DELETE FROM sbtest7 WHERE id=7680293
	Delete on sbtest7  (cost=0.43..8.45 rows=1 width=6)
	  ->  Index Scan using sbtest7_pkey on sbtest7  (cost=0.43..8.45 rows=1 width=6)
	        Index Cond: (id = 7680293)

table 8 : explain DELETE FROM sbtest8 WHERE id=8924209
	Delete on sbtest8  (cost=0.43..8.45 rows=1 width=6)
	  ->  Index Scan using sbtest8_pkey on sbtest8  (cost=0.43..8.45 rows=1 width=6)
	        Index Cond: (id = 8924209)

explain: for non_index_updates :: explain UPDATE sbtest%u SET c='foobar' WHERE id=%u
for inserts
table 1 : explain INSERT INTO sbtest1 (id, k, c, pad) VALUES (1348450, 13, 'foobar', 'foobar')
	Insert on sbtest1  (cost=0.00..0.01 rows=1 width=736)
	  ->  Result  (cost=0.00..0.01 rows=1 width=736)

table 2 : explain INSERT INTO sbtest2 (id, k, c, pad) VALUES (7046795, 13, 'foobar', 'foobar')
	Insert on sbtest2  (cost=0.00..0.01 rows=1 width=736)
	  ->  Result  (cost=0.00..0.01 rows=1 width=736)

table 3 : explain INSERT INTO sbtest3 (id, k, c, pad) VALUES (9028896, 13, 'foobar', 'foobar')
	Insert on sbtest3  (cost=0.00..0.01 rows=1 width=736)
	  ->  Result  (cost=0.00..0.01 rows=1 width=736)

table 4 : explain INSERT INTO sbtest4 (id, k, c, pad) VALUES (1037264, 13, 'foobar', 'foobar')
	Insert on sbtest4  (cost=0.00..0.01 rows=1 width=736)
	  ->  Result  (cost=0.00..0.01 rows=1 width=736)

table 5 : explain INSERT INTO sbtest5 (id, k, c, pad) VALUES (1767024, 13, 'foobar', 'foobar')
	Insert on sbtest5  (cost=0.00..0.01 rows=1 width=736)
	  ->  Result  (cost=0.00..0.01 rows=1 width=736)

table 6 : explain INSERT INTO sbtest6 (id, k, c, pad) VALUES (1156988, 13, 'foobar', 'foobar')
	Insert on sbtest6  (cost=0.00..0.01 rows=1 width=736)
	  ->  Result  (cost=0.00..0.01 rows=1 width=736)

table 7 : explain INSERT INTO sbtest7 (id, k, c, pad) VALUES (2879916, 13, 'foobar', 'foobar')
	Insert on sbtest7  (cost=0.00..0.01 rows=1 width=736)
	  ->  Result  (cost=0.00..0.01 rows=1 width=736)

table 8 : explain INSERT INTO sbtest8 (id, k, c, pad) VALUES (7820750, 13, 'foobar', 'foobar')
	Insert on sbtest8  (cost=0.00..0.01 rows=1 width=736)
	  ->  Result  (cost=0.00..0.01 rows=1 width=736)

explain: for inserts :: explain INSERT INTO sbtest%u (id, k, c, pad) VALUES (%u, 13, 'foobar', 'foobar')
for inserts
table 1 : explain INSERT INTO sbtest1 (id, k, c, pad) VALUES (621598, 13, 'foobar', 'foobar')
	Insert on sbtest1  (cost=0.00..0.01 rows=1 width=736)
	  ->  Result  (cost=0.00..0.01 rows=1 width=736)

table 2 : explain INSERT INTO sbtest2 (id, k, c, pad) VALUES (1530776, 13, 'foobar', 'foobar')
	Insert on sbtest2  (cost=0.00..0.01 rows=1 width=736)
	  ->  Result  (cost=0.00..0.01 rows=1 width=736)

table 3 : explain INSERT INTO sbtest3 (id, k, c, pad) VALUES (7276672, 13, 'foobar', 'foobar')
	Insert on sbtest3  (cost=0.00..0.01 rows=1 width=736)
	  ->  Result  (cost=0.00..0.01 rows=1 width=736)

table 4 : explain INSERT INTO sbtest4 (id, k, c, pad) VALUES (8456444, 13, 'foobar', 'foobar')
	Insert on sbtest4  (cost=0.00..0.01 rows=1 width=736)
	  ->  Result  (cost=0.00..0.01 rows=1 width=736)

table 5 : explain INSERT INTO sbtest5 (id, k, c, pad) VALUES (3197863, 13, 'foobar', 'foobar')
	Insert on sbtest5  (cost=0.00..0.01 rows=1 width=736)
	  ->  Result  (cost=0.00..0.01 rows=1 width=736)

table 6 : explain INSERT INTO sbtest6 (id, k, c, pad) VALUES (711433, 13, 'foobar', 'foobar')
	Insert on sbtest6  (cost=0.00..0.01 rows=1 width=736)
	  ->  Result  (cost=0.00..0.01 rows=1 width=736)

table 7 : explain INSERT INTO sbtest7 (id, k, c, pad) VALUES (4292470, 13, 'foobar', 'foobar')
	Insert on sbtest7  (cost=0.00..0.01 rows=1 width=736)
	  ->  Result  (cost=0.00..0.01 rows=1 width=736)

table 8 : explain INSERT INTO sbtest8 (id, k, c, pad) VALUES (2988142, 13, 'foobar', 'foobar')
	Insert on sbtest8  (cost=0.00..0.01 rows=1 width=736)
	  ->  Result  (cost=0.00..0.01 rows=1 width=736)

explain: for inserts :: explain INSERT INTO sbtest%u (id, k, c, pad) VALUES (%u, 13, 'foobar', 'foobar')
for non_index_updates
table 1 : explain UPDATE sbtest1 SET c='foobar' WHERE id=4766245
	Update on sbtest1  (cost=0.43..8.45 rows=1 width=559)
	  ->  Index Scan using sbtest1_pkey on sbtest1  (cost=0.43..8.45 rows=1 width=559)
	        Index Cond: (id = 4766245)

table 2 : explain UPDATE sbtest2 SET c='foobar' WHERE id=8472084
	Update on sbtest2  (cost=0.43..8.45 rows=1 width=559)
	  ->  Index Scan using sbtest2_pkey on sbtest2  (cost=0.43..8.45 rows=1 width=559)
	        Index Cond: (id = 8472084)

table 3 : explain UPDATE sbtest3 SET c='foobar' WHERE id=4920642
	Update on sbtest3  (cost=0.43..8.45 rows=1 width=559)
	  ->  Index Scan using sbtest3_pkey on sbtest3  (cost=0.43..8.45 rows=1 width=559)
	        Index Cond: (id = 4920642)

table 4 : explain UPDATE sbtest4 SET c='foobar' WHERE id=6228456
	Update on sbtest4  (cost=0.43..8.45 rows=1 width=559)
	  ->  Index Scan using sbtest4_pkey on sbtest4  (cost=0.43..8.45 rows=1 width=559)
	        Index Cond: (id = 6228456)

table 5 : explain UPDATE sbtest5 SET c='foobar' WHERE id=1595197
	Update on sbtest5  (cost=0.43..8.45 rows=1 width=559)
	  ->  Index Scan using sbtest5_pkey on sbtest5  (cost=0.43..8.45 rows=1 width=559)
	        Index Cond: (id = 1595197)

table 6 : explain UPDATE sbtest6 SET c='foobar' WHERE id=7244918
	Update on sbtest6  (cost=0.43..8.45 rows=1 width=559)
	  ->  Index Scan using sbtest6_pkey on sbtest6  (cost=0.43..8.45 rows=1 width=559)
	        Index Cond: (id = 7244918)

table 7 : explain UPDATE sbtest7 SET c='foobar' WHERE id=3725888
	Update on sbtest7  (cost=0.43..8.45 rows=1 width=559)
	  ->  Index Scan using sbtest7_pkey on sbtest7  (cost=0.43..8.45 rows=1 width=559)
	        Index Cond: (id = 3725888)

table 8 : explain UPDATE sbtest8 SET c='foobar' WHERE id=7040349
	Update on sbtest8  (cost=0.43..8.45 rows=1 width=559)
	  ->  Index Scan using sbtest8_pkey on sbtest8  (cost=0.43..8.45 rows=1 width=559)
	        Index Cond: (id = 7040349)

for non_index_updates
table 1 : explain UPDATE sbtest1 SET c='foobar' WHERE id=5187249
	Update on sbtest1  (cost=0.43..8.45 rows=1 width=559)
	  ->  Index Scan using sbtest1_pkey on sbtest1  (cost=0.43..8.45 rows=1 width=559)
	        Index Cond: (id = 5187249)

table 2 : explain UPDATE sbtest2 SET c='foobar' WHERE id=7849929
	Update on sbtest2  (cost=0.43..8.45 rows=1 width=559)
	  ->  Index Scan using sbtest2_pkey on sbtest2  (cost=0.43..8.45 rows=1 width=559)
	        Index Cond: (id = 7849929)

table 3 : explain UPDATE sbtest3 SET c='foobar' WHERE id=3847142
	Update on sbtest3  (cost=0.43..8.45 rows=1 width=559)
	  ->  Index Scan using sbtest3_pkey on sbtest3  (cost=0.43..8.45 rows=1 width=559)
	        Index Cond: (id = 3847142)

table 4 : explain UPDATE sbtest4 SET c='foobar' WHERE id=1220807
	Update on sbtest4  (cost=0.43..8.45 rows=1 width=559)
	  ->  Index Scan using sbtest4_pkey on sbtest4  (cost=0.43..8.45 rows=1 width=559)
	        Index Cond: (id = 1220807)

table 5 : explain UPDATE sbtest5 SET c='foobar' WHERE id=9715092
	Update on sbtest5  (cost=0.43..8.45 rows=1 width=559)
	  ->  Index Scan using sbtest5_pkey on sbtest5  (cost=0.43..8.45 rows=1 width=559)
	        Index Cond: (id = 9715092)

table 6 : explain UPDATE sbtest6 SET c='foobar' WHERE id=441475
	Update on sbtest6  (cost=0.43..8.45 rows=1 width=559)
	  ->  Index Scan using sbtest6_pkey on sbtest6  (cost=0.43..8.45 rows=1 width=559)
	        Index Cond: (id = 441475)

table 7 : explain UPDATE sbtest7 SET c='foobar' WHERE id=824633
	Update on sbtest7  (cost=0.43..8.45 rows=1 width=559)
	  ->  Index Scan using sbtest7_pkey on sbtest7  (cost=0.43..8.45 rows=1 width=559)
	        Index Cond: (id = 824633)

table 8 : explain UPDATE sbtest8 SET c='foobar' WHERE id=8764359
	Update on sbtest8  (cost=0.43..8.45 rows=1 width=559)
	  ->  Index Scan using sbtest8_pkey on sbtest8  (cost=0.43..8.45 rows=1 width=559)
	        Index Cond: (id = 8764359)

for inserts
table 1 : explain INSERT INTO sbtest1 (id, k, c, pad) VALUES (7780978, 13, 'foobar', 'foobar')
	Insert on sbtest1  (cost=0.00..0.01 rows=1 width=736)
	  ->  Result  (cost=0.00..0.01 rows=1 width=736)

table 2 : explain INSERT INTO sbtest2 (id, k, c, pad) VALUES (848349, 13, 'foobar', 'foobar')
	Insert on sbtest2  (cost=0.00..0.01 rows=1 width=736)
	  ->  Result  (cost=0.00..0.01 rows=1 width=736)

table 3 : explain INSERT INTO sbtest3 (id, k, c, pad) VALUES (6611192, 13, 'foobar', 'foobar')
	Insert on sbtest3  (cost=0.00..0.01 rows=1 width=736)
	  ->  Result  (cost=0.00..0.01 rows=1 width=736)

table 4 : explain INSERT INTO sbtest4 (id, k, c, pad) VALUES (6741928, 13, 'foobar', 'foobar')
	Insert on sbtest4  (cost=0.00..0.01 rows=1 width=736)
	  ->  Result  (cost=0.00..0.01 rows=1 width=736)

table 5 : explain INSERT INTO sbtest5 (id, k, c, pad) VALUES (3414368, 13, 'foobar', 'foobar')
	Insert on sbtest5  (cost=0.00..0.01 rows=1 width=736)
	  ->  Result  (cost=0.00..0.01 rows=1 width=736)

table 6 : explain INSERT INTO sbtest6 (id, k, c, pad) VALUES (9067214, 13, 'foobar', 'foobar')
	Insert on sbtest6  (cost=0.00..0.01 rows=1 width=736)
	  ->  Result  (cost=0.00..0.01 rows=1 width=736)

table 7 : explain INSERT INTO sbtest7 (id, k, c, pad) VALUES (8870012, 13, 'foobar', 'foobar')
	Insert on sbtest7  (cost=0.00..0.01 rows=1 width=736)
	  ->  Result  (cost=0.00..0.01 rows=1 width=736)

table 8 : explain INSERT INTO sbtest8 (id, k, c, pad) VALUES (9398275, 13, 'foobar', 'foobar')
	Insert on sbtest8  (cost=0.00..0.01 rows=1 width=736)
	  ->  Result  (cost=0.00..0.01 rows=1 width=736)

for: order_ranges
table 1 : explain SELECT c FROM sbtest1 WHERE id BETWEEN 2025066 AND 2025075 ORDER BY c
	Sort  (cost=35.32..35.34 rows=9 width=121)
	  Sort Key: c
	  ->  Index Scan using sbtest1_pkey on sbtest1  (cost=0.43..35.18 rows=9 width=121)
	        Index Cond: ((id >= 2025066) AND (id <= 2025075))

table 2 : explain SELECT c FROM sbtest2 WHERE id BETWEEN 4462085 AND 4462094 ORDER BY c
	Sort  (cost=38.58..38.61 rows=10 width=121)
	  Sort Key: c
	  ->  Index Scan using sbtest2_pkey on sbtest2  (cost=0.43..38.42 rows=10 width=121)
	        Index Cond: ((id >= 4462085) AND (id <= 4462094))

table 3 : explain SELECT c FROM sbtest3 WHERE id BETWEEN 5009124 AND 5009133 ORDER BY c
	Sort  (cost=38.76..38.79 rows=10 width=121)
	  Sort Key: c
	  ->  Index Scan using sbtest3_pkey on sbtest3  (cost=0.43..38.60 rows=10 width=121)
	        Index Cond: ((id >= 5009124) AND (id <= 5009133))

table 4 : explain SELECT c FROM sbtest4 WHERE id BETWEEN 5985503 AND 5985512 ORDER BY c
	Sort  (cost=38.90..38.92 rows=10 width=121)
	  Sort Key: c
	  ->  Index Scan using sbtest4_pkey on sbtest4  (cost=0.43..38.73 rows=10 width=121)
	        Index Cond: ((id >= 5985503) AND (id <= 5985512))

table 5 : explain SELECT c FROM sbtest5 WHERE id BETWEEN 3863087 AND 3863096 ORDER BY c
	Sort  (cost=38.71..38.73 rows=10 width=121)
	  Sort Key: c
	  ->  Index Scan using sbtest5_pkey on sbtest5  (cost=0.43..38.54 rows=10 width=121)
	        Index Cond: ((id >= 3863087) AND (id <= 3863096))

table 6 : explain SELECT c FROM sbtest6 WHERE id BETWEEN 9254398 AND 9254407 ORDER BY c
	Sort  (cost=35.92..35.94 rows=9 width=121)
	  Sort Key: c
	  ->  Index Scan using sbtest6_pkey on sbtest6  (cost=0.43..35.77 rows=9 width=121)
	        Index Cond: ((id >= 9254398) AND (id <= 9254407))

table 7 : explain SELECT c FROM sbtest7 WHERE id BETWEEN 1182067 AND 1182076 ORDER BY c
	Sort  (cost=38.71..38.74 rows=10 width=121)
	  Sort Key: c
	  ->  Index Scan using sbtest7_pkey on sbtest7  (cost=0.43..38.55 rows=10 width=121)
	        Index Cond: ((id >= 1182067) AND (id <= 1182076))

table 8 : explain SELECT c FROM sbtest8 WHERE id BETWEEN 3655028 AND 3655037 ORDER BY c
	Sort  (cost=38.47..38.50 rows=10 width=121)
	  Sort Key: c
	  ->  Index Scan using sbtest8_pkey on sbtest8  (cost=0.43..38.30 rows=10 width=121)
	        Index Cond: ((id >= 3655028) AND (id <= 3655037))

for index_updates
table 1 : explain UPDATE sbtest1 SET k=k+1 WHERE id=598429
	Update on sbtest1  (cost=0.43..8.46 rows=1 width=196)
	  ->  Index Scan using sbtest1_pkey on sbtest1  (cost=0.43..8.46 rows=1 width=196)
	        Index Cond: (id = 598429)

table 2 : explain UPDATE sbtest2 SET k=k+1 WHERE id=7341665
	Update on sbtest2  (cost=0.43..8.46 rows=1 width=196)
	  ->  Index Scan using sbtest2_pkey on sbtest2  (cost=0.43..8.46 rows=1 width=196)
	        Index Cond: (id = 7341665)

table 3 : explain UPDATE sbtest3 SET k=k+1 WHERE id=6705475
	Update on sbtest3  (cost=0.43..8.46 rows=1 width=196)
	  ->  Index Scan using sbtest3_pkey on sbtest3  (cost=0.43..8.46 rows=1 width=196)
	        Index Cond: (id = 6705475)

table 4 : explain UPDATE sbtest4 SET k=k+1 WHERE id=7437928
	Update on sbtest4  (cost=0.43..8.46 rows=1 width=196)
	  ->  Index Scan using sbtest4_pkey on sbtest4  (cost=0.43..8.46 rows=1 width=196)
	        Index Cond: (id = 7437928)

table 5 : explain UPDATE sbtest5 SET k=k+1 WHERE id=3633702
	Update on sbtest5  (cost=0.43..8.46 rows=1 width=196)
	  ->  Index Scan using sbtest5_pkey on sbtest5  (cost=0.43..8.46 rows=1 width=196)
	        Index Cond: (id = 3633702)

table 6 : explain UPDATE sbtest6 SET k=k+1 WHERE id=5537422
	Update on sbtest6  (cost=0.43..8.46 rows=1 width=196)
	  ->  Index Scan using sbtest6_pkey on sbtest6  (cost=0.43..8.46 rows=1 width=196)
	        Index Cond: (id = 5537422)

table 7 : explain UPDATE sbtest7 SET k=k+1 WHERE id=262799
	Update on sbtest7  (cost=0.43..8.46 rows=1 width=196)
	  ->  Index Scan using sbtest7_pkey on sbtest7  (cost=0.43..8.46 rows=1 width=196)
	        Index Cond: (id = 262799)

table 8 : explain UPDATE sbtest8 SET k=k+1 WHERE id=6377787
	Update on sbtest8  (cost=0.43..8.46 rows=1 width=196)
	  ->  Index Scan using sbtest8_pkey on sbtest8  (cost=0.43..8.46 rows=1 width=196)
	        Index Cond: (id = 6377787)

explain: for inserts :: explain INSERT INTO sbtest%u (id, k, c, pad) VALUES (%u, 13, 'foobar', 'foobar')
explain: for deletes :: explain DELETE FROM sbtest%u WHERE id=%u
explain: for inserts :: explain INSERT INTO sbtest%u (id, k, c, pad) VALUES (%u, 13, 'foobar', 'foobar')
for inserts
table 1 : explain INSERT INTO sbtest1 (id, k, c, pad) VALUES (9637786, 13, 'foobar', 'foobar')
	Insert on sbtest1  (cost=0.00..0.01 rows=1 width=736)
	  ->  Result  (cost=0.00..0.01 rows=1 width=736)

table 2 : explain INSERT INTO sbtest2 (id, k, c, pad) VALUES (3080401, 13, 'foobar', 'foobar')
	Insert on sbtest2  (cost=0.00..0.01 rows=1 width=736)
	  ->  Result  (cost=0.00..0.01 rows=1 width=736)

table 3 : explain INSERT INTO sbtest3 (id, k, c, pad) VALUES (3698151, 13, 'foobar', 'foobar')
	Insert on sbtest3  (cost=0.00..0.01 rows=1 width=736)
	  ->  Result  (cost=0.00..0.01 rows=1 width=736)

table 4 : explain INSERT INTO sbtest4 (id, k, c, pad) VALUES (3258638, 13, 'foobar', 'foobar')
	Insert on sbtest4  (cost=0.00..0.01 rows=1 width=736)
	  ->  Result  (cost=0.00..0.01 rows=1 width=736)

table 5 : explain INSERT INTO sbtest5 (id, k, c, pad) VALUES (7572594, 13, 'foobar', 'foobar')
	Insert on sbtest5  (cost=0.00..0.01 rows=1 width=736)
	  ->  Result  (cost=0.00..0.01 rows=1 width=736)

table 6 : explain INSERT INTO sbtest6 (id, k, c, pad) VALUES (7900550, 13, 'foobar', 'foobar')
	Insert on sbtest6  (cost=0.00..0.01 rows=1 width=736)
	  ->  Result  (cost=0.00..0.01 rows=1 width=736)

table 7 : explain INSERT INTO sbtest7 (id, k, c, pad) VALUES (8744834, 13, 'foobar', 'foobar')
	Insert on sbtest7  (cost=0.00..0.01 rows=1 width=736)
	  ->  Result  (cost=0.00..0.01 rows=1 width=736)

table 8 : explain INSERT INTO sbtest8 (id, k, c, pad) VALUES (606775, 13, 'foobar', 'foobar')
	Insert on sbtest8  (cost=0.00..0.01 rows=1 width=736)
	  ->  Result  (cost=0.00..0.01 rows=1 width=736)

explain: for non_index_updates :: explain UPDATE sbtest%u SET c='foobar' WHERE id=%u
explain: for deletes :: explain DELETE FROM sbtest%u WHERE id=%u
for deletes
table 1 : explain DELETE FROM sbtest1 WHERE id=8936508
	Delete on sbtest1  (cost=0.43..8.45 rows=1 width=6)
	  ->  Index Scan using sbtest1_pkey on sbtest1  (cost=0.43..8.45 rows=1 width=6)
	        Index Cond: (id = 8936508)

table 2 : explain DELETE FROM sbtest2 WHERE id=2296891
	Delete on sbtest2  (cost=0.43..8.45 rows=1 width=6)
	  ->  Index Scan using sbtest2_pkey on sbtest2  (cost=0.43..8.45 rows=1 width=6)
	        Index Cond: (id = 2296891)

table 3 : explain DELETE FROM sbtest3 WHERE id=2292038
	Delete on sbtest3  (cost=0.43..8.45 rows=1 width=6)
	  ->  Index Scan using sbtest3_pkey on sbtest3  (cost=0.43..8.45 rows=1 width=6)
	        Index Cond: (id = 2292038)

table 4 : explain DELETE FROM sbtest4 WHERE id=1799588
	Delete on sbtest4  (cost=0.43..8.45 rows=1 width=6)
	  ->  Index Scan using sbtest4_pkey on sbtest4  (cost=0.43..8.45 rows=1 width=6)
	        Index Cond: (id = 1799588)

table 5 : explain DELETE FROM sbtest5 WHERE id=1875129
	Delete on sbtest5  (cost=0.43..8.45 rows=1 width=6)
	  ->  Index Scan using sbtest5_pkey on sbtest5  (cost=0.43..8.45 rows=1 width=6)
	        Index Cond: (id = 1875129)

table 6 : explain DELETE FROM sbtest6 WHERE id=3497938
	Delete on sbtest6  (cost=0.43..8.45 rows=1 width=6)
	  ->  Index Scan using sbtest6_pkey on sbtest6  (cost=0.43..8.45 rows=1 width=6)
	        Index Cond: (id = 3497938)

table 7 : explain DELETE FROM sbtest7 WHERE id=2994736
	Delete on sbtest7  (cost=0.43..8.45 rows=1 width=6)
	  ->  Index Scan using sbtest7_pkey on sbtest7  (cost=0.43..8.45 rows=1 width=6)
	        Index Cond: (id = 2994736)

table 8 : explain DELETE FROM sbtest8 WHERE id=3995681
	Delete on sbtest8  (cost=0.43..8.45 rows=1 width=6)
	  ->  Index Scan using sbtest8_pkey on sbtest8  (cost=0.43..8.45 rows=1 width=6)
	        Index Cond: (id = 3995681)

for inserts
table 1 : explain INSERT INTO sbtest1 (id, k, c, pad) VALUES (2733535, 13, 'foobar', 'foobar')
	Insert on sbtest1  (cost=0.00..0.01 rows=1 width=736)
	  ->  Result  (cost=0.00..0.01 rows=1 width=736)

table 2 : explain INSERT INTO sbtest2 (id, k, c, pad) VALUES (9851704, 13, 'foobar', 'foobar')
	Insert on sbtest2  (cost=0.00..0.01 rows=1 width=736)
	  ->  Result  (cost=0.00..0.01 rows=1 width=736)

table 3 : explain INSERT INTO sbtest3 (id, k, c, pad) VALUES (5838528, 13, 'foobar', 'foobar')
	Insert on sbtest3  (cost=0.00..0.01 rows=1 width=736)
	  ->  Result  (cost=0.00..0.01 rows=1 width=736)

table 4 : explain INSERT INTO sbtest4 (id, k, c, pad) VALUES (2221358, 13, 'foobar', 'foobar')
	Insert on sbtest4  (cost=0.00..0.01 rows=1 width=736)
	  ->  Result  (cost=0.00..0.01 rows=1 width=736)

table 5 : explain INSERT INTO sbtest5 (id, k, c, pad) VALUES (1649249, 13, 'foobar', 'foobar')
	Insert on sbtest5  (cost=0.00..0.01 rows=1 width=736)
	  ->  Result  (cost=0.00..0.01 rows=1 width=736)

table 6 : explain INSERT INTO sbtest6 (id, k, c, pad) VALUES (3367307, 13, 'foobar', 'foobar')
	Insert on sbtest6  (cost=0.00..0.01 rows=1 width=736)
	  ->  Result  (cost=0.00..0.01 rows=1 width=736)

table 7 : explain INSERT INTO sbtest7 (id, k, c, pad) VALUES (3077917, 13, 'foobar', 'foobar')
	Insert on sbtest7  (cost=0.00..0.01 rows=1 width=736)
	  ->  Result  (cost=0.00..0.01 rows=1 width=736)

table 8 : explain INSERT INTO sbtest8 (id, k, c, pad) VALUES (8601887, 13, 'foobar', 'foobar')
	Insert on sbtest8  (cost=0.00..0.01 rows=1 width=736)
	  ->  Result  (cost=0.00..0.01 rows=1 width=736)

for inserts
table 1 : explain INSERT INTO sbtest1 (id, k, c, pad) VALUES (8673143, 13, 'foobar', 'foobar')
	Insert on sbtest1  (cost=0.00..0.01 rows=1 width=736)
	  ->  Result  (cost=0.00..0.01 rows=1 width=736)

table 2 : explain INSERT INTO sbtest2 (id, k, c, pad) VALUES (6643306, 13, 'foobar', 'foobar')
	Insert on sbtest2  (cost=0.00..0.01 rows=1 width=736)
	  ->  Result  (cost=0.00..0.01 rows=1 width=736)

table 3 : explain INSERT INTO sbtest3 (id, k, c, pad) VALUES (7920669, 13, 'foobar', 'foobar')
	Insert on sbtest3  (cost=0.00..0.01 rows=1 width=736)
	  ->  Result  (cost=0.00..0.01 rows=1 width=736)

table 4 : explain INSERT INTO sbtest4 (id, k, c, pad) VALUES (5542716, 13, 'foobar', 'foobar')
	Insert on sbtest4  (cost=0.00..0.01 rows=1 width=736)
	  ->  Result  (cost=0.00..0.01 rows=1 width=736)

table 5 : explain INSERT INTO sbtest5 (id, k, c, pad) VALUES (169895, 13, 'foobar', 'foobar')
	Insert on sbtest5  (cost=0.00..0.01 rows=1 width=736)
	  ->  Result  (cost=0.00..0.01 rows=1 width=736)

table 6 : explain INSERT INTO sbtest6 (id, k, c, pad) VALUES (6877760, 13, 'foobar', 'foobar')
	Insert on sbtest6  (cost=0.00..0.01 rows=1 width=736)
	  ->  Result  (cost=0.00..0.01 rows=1 width=736)

table 7 : explain INSERT INTO sbtest7 (id, k, c, pad) VALUES (8865016, 13, 'foobar', 'foobar')
	Insert on sbtest7  (cost=0.00..0.01 rows=1 width=736)
	  ->  Result  (cost=0.00..0.01 rows=1 width=736)

table 8 : explain INSERT INTO sbtest8 (id, k, c, pad) VALUES (3875244, 13, 'foobar', 'foobar')
	Insert on sbtest8  (cost=0.00..0.01 rows=1 width=736)
	  ->  Result  (cost=0.00..0.01 rows=1 width=736)

for non_index_updates
table 1 : explain UPDATE sbtest1 SET c='foobar' WHERE id=9264424
	Update on sbtest1  (cost=0.43..8.45 rows=1 width=559)
	  ->  Index Scan using sbtest1_pkey on sbtest1  (cost=0.43..8.45 rows=1 width=559)
	        Index Cond: (id = 9264424)

table 2 : explain UPDATE sbtest2 SET c='foobar' WHERE id=4406985
	Update on sbtest2  (cost=0.43..8.45 rows=1 width=559)
	  ->  Index Scan using sbtest2_pkey on sbtest2  (cost=0.43..8.45 rows=1 width=559)
	        Index Cond: (id = 4406985)

table 3 : explain UPDATE sbtest3 SET c='foobar' WHERE id=7907709
	Update on sbtest3  (cost=0.43..8.45 rows=1 width=559)
	  ->  Index Scan using sbtest3_pkey on sbtest3  (cost=0.43..8.45 rows=1 width=559)
	        Index Cond: (id = 7907709)

table 4 : explain UPDATE sbtest4 SET c='foobar' WHERE id=7878616
	Update on sbtest4  (cost=0.43..8.45 rows=1 width=559)
	  ->  Index Scan using sbtest4_pkey on sbtest4  (cost=0.43..8.45 rows=1 width=559)
	        Index Cond: (id = 7878616)

table 5 : explain UPDATE sbtest5 SET c='foobar' WHERE id=4319832
	Update on sbtest5  (cost=0.43..8.45 rows=1 width=559)
	  ->  Index Scan using sbtest5_pkey on sbtest5  (cost=0.43..8.45 rows=1 width=559)
	        Index Cond: (id = 4319832)

table 6 : explain UPDATE sbtest6 SET c='foobar' WHERE id=4810850
	Update on sbtest6  (cost=0.43..8.45 rows=1 width=559)
	  ->  Index Scan using sbtest6_pkey on sbtest6  (cost=0.43..8.45 rows=1 width=559)
	        Index Cond: (id = 4810850)

table 7 : explain UPDATE sbtest7 SET c='foobar' WHERE id=9005186
	Update on sbtest7  (cost=0.43..8.45 rows=1 width=559)
	  ->  Index Scan using sbtest7_pkey on sbtest7  (cost=0.43..8.45 rows=1 width=559)
	        Index Cond: (id = 9005186)

table 8 : explain UPDATE sbtest8 SET c='foobar' WHERE id=5260472
	Update on sbtest8  (cost=0.43..8.45 rows=1 width=559)
	  ->  Index Scan using sbtest8_pkey on sbtest8  (cost=0.43..8.45 rows=1 width=559)
	        Index Cond: (id = 5260472)

explain: for inserts :: explain INSERT INTO sbtest%u (id, k, c, pad) VALUES (%u, 13, 'foobar', 'foobar')
for: distinct_ranges
table 1 : explain SELECT DISTINCT c FROM sbtest1 WHERE id BETWEEN 1273588 AND 1273597 ORDER BY c
	Unique  (cost=38.68..38.73 rows=10 width=121)
	  ->  Sort  (cost=38.68..38.71 rows=10 width=121)
	        Sort Key: c
	        ->  Index Scan using sbtest1_pkey on sbtest1  (cost=0.43..38.52 rows=10 width=121)
	              Index Cond: ((id >= 1273588) AND (id <= 1273597))

table 2 : explain SELECT DISTINCT c FROM sbtest2 WHERE id BETWEEN 5009644 AND 5009653 ORDER BY c
	Unique  (cost=38.58..38.63 rows=10 width=121)
	  ->  Sort  (cost=38.58..38.61 rows=10 width=121)
	        Sort Key: c
	        ->  Index Scan using sbtest2_pkey on sbtest2  (cost=0.43..38.42 rows=10 width=121)
	              Index Cond: ((id >= 5009644) AND (id <= 5009653))

table 3 : explain SELECT DISTINCT c FROM sbtest3 WHERE id BETWEEN 7283812 AND 7283821 ORDER BY c
	Unique  (cost=38.76..38.81 rows=10 width=121)
	  ->  Sort  (cost=38.76..38.79 rows=10 width=121)
	        Sort Key: c
	        ->  Index Scan using sbtest3_pkey on sbtest3  (cost=0.43..38.60 rows=10 width=121)
	              Index Cond: ((id >= 7283812) AND (id <= 7283821))

table 4 : explain SELECT DISTINCT c FROM sbtest4 WHERE id BETWEEN 4420966 AND 4420975 ORDER BY c
	Unique  (cost=38.90..38.95 rows=10 width=121)
	  ->  Sort  (cost=38.90..38.92 rows=10 width=121)
	        Sort Key: c
	        ->  Index Scan using sbtest4_pkey on sbtest4  (cost=0.43..38.73 rows=10 width=121)
	              Index Cond: ((id >= 4420966) AND (id <= 4420975))

table 5 : explain SELECT DISTINCT c FROM sbtest5 WHERE id BETWEEN 6221829 AND 6221838 ORDER BY c
	Unique  (cost=42.08..42.13 rows=11 width=121)
	  ->  Sort  (cost=42.08..42.10 rows=11 width=121)
	        Sort Key: c
	        ->  Index Scan using sbtest5_pkey on sbtest5  (cost=0.43..41.89 rows=11 width=121)
	              Index Cond: ((id >= 6221829) AND (id <= 6221838))

table 6 : explain SELECT DISTINCT c FROM sbtest6 WHERE id BETWEEN 1889684 AND 1889693 ORDER BY c
	Unique  (cost=39.36..39.41 rows=10 width=121)
	  ->  Sort  (cost=39.36..39.38 rows=10 width=121)
	        Sort Key: c
	        ->  Index Scan using sbtest6_pkey on sbtest6  (cost=0.43..39.19 rows=10 width=121)
	              Index Cond: ((id >= 1889684) AND (id <= 1889693))

table 7 : explain SELECT DISTINCT c FROM sbtest7 WHERE id BETWEEN 1454047 AND 1454056 ORDER BY c
	Unique  (cost=35.35..35.39 rows=9 width=121)
	  ->  Sort  (cost=35.35..35.37 rows=9 width=121)
	        Sort Key: c
	        ->  Index Scan using sbtest7_pkey on sbtest7  (cost=0.43..35.20 rows=9 width=121)
	              Index Cond: ((id >= 1454047) AND (id <= 1454056))

table 8 : explain SELECT DISTINCT c FROM sbtest8 WHERE id BETWEEN 5469393 AND 5469402 ORDER BY c
	Unique  (cost=35.13..35.18 rows=9 width=121)
	  ->  Sort  (cost=35.13..35.15 rows=9 width=121)
	        Sort Key: c
	        ->  Index Scan using sbtest8_pkey on sbtest8  (cost=0.43..34.99 rows=9 width=121)
	              Index Cond: ((id >= 5469393) AND (id <= 5469402))

for deletes
table 1 : explain DELETE FROM sbtest1 WHERE id=7734834
	Delete on sbtest1  (cost=0.43..8.45 rows=1 width=6)
	  ->  Index Scan using sbtest1_pkey on sbtest1  (cost=0.43..8.45 rows=1 width=6)
	        Index Cond: (id = 7734834)

table 2 : explain DELETE FROM sbtest2 WHERE id=9624471
	Delete on sbtest2  (cost=0.43..8.45 rows=1 width=6)
	  ->  Index Scan using sbtest2_pkey on sbtest2  (cost=0.43..8.45 rows=1 width=6)
	        Index Cond: (id = 9624471)

table 3 : explain DELETE FROM sbtest3 WHERE id=5834121
	Delete on sbtest3  (cost=0.43..8.45 rows=1 width=6)
	  ->  Index Scan using sbtest3_pkey on sbtest3  (cost=0.43..8.45 rows=1 width=6)
	        Index Cond: (id = 5834121)

table 4 : explain DELETE FROM sbtest4 WHERE id=5941556
	Delete on sbtest4  (cost=0.43..8.45 rows=1 width=6)
	  ->  Index Scan using sbtest4_pkey on sbtest4  (cost=0.43..8.45 rows=1 width=6)
	        Index Cond: (id = 5941556)

table 5 : explain DELETE FROM sbtest5 WHERE id=1949451
	Delete on sbtest5  (cost=0.43..8.45 rows=1 width=6)
	  ->  Index Scan using sbtest5_pkey on sbtest5  (cost=0.43..8.45 rows=1 width=6)
	        Index Cond: (id = 1949451)

table 6 : explain DELETE FROM sbtest6 WHERE id=853707
	Delete on sbtest6  (cost=0.43..8.45 rows=1 width=6)
	  ->  Index Scan using sbtest6_pkey on sbtest6  (cost=0.43..8.45 rows=1 width=6)
	        Index Cond: (id = 853707)

table 7 : explain DELETE FROM sbtest7 WHERE id=8552680
	Delete on sbtest7  (cost=0.43..8.45 rows=1 width=6)
	  ->  Index Scan using sbtest7_pkey on sbtest7  (cost=0.43..8.45 rows=1 width=6)
	        Index Cond: (id = 8552680)

table 8 : explain DELETE FROM sbtest8 WHERE id=2452735
	Delete on sbtest8  (cost=0.43..8.45 rows=1 width=6)
	  ->  Index Scan using sbtest8_pkey on sbtest8  (cost=0.43..8.45 rows=1 width=6)
	        Index Cond: (id = 2452735)

explain: for deletes :: explain DELETE FROM sbtest%u WHERE id=%u
explain: for index_updates :: explain UPDATE sbtest%u SET k=k+1 WHERE id=%u
for inserts
table 1 : explain INSERT INTO sbtest1 (id, k, c, pad) VALUES (5665131, 13, 'foobar', 'foobar')
	Insert on sbtest1  (cost=0.00..0.01 rows=1 width=736)
	  ->  Result  (cost=0.00..0.01 rows=1 width=736)

table 2 : explain INSERT INTO sbtest2 (id, k, c, pad) VALUES (7302319, 13, 'foobar', 'foobar')
	Insert on sbtest2  (cost=0.00..0.01 rows=1 width=736)
	  ->  Result  (cost=0.00..0.01 rows=1 width=736)

table 3 : explain INSERT INTO sbtest3 (id, k, c, pad) VALUES (9306630, 13, 'foobar', 'foobar')
	Insert on sbtest3  (cost=0.00..0.01 rows=1 width=736)
	  ->  Result  (cost=0.00..0.01 rows=1 width=736)

table 4 : explain INSERT INTO sbtest4 (id, k, c, pad) VALUES (2176602, 13, 'foobar', 'foobar')
	Insert on sbtest4  (cost=0.00..0.01 rows=1 width=736)
	  ->  Result  (cost=0.00..0.01 rows=1 width=736)

table 5 : explain INSERT INTO sbtest5 (id, k, c, pad) VALUES (9303006, 13, 'foobar', 'foobar')
	Insert on sbtest5  (cost=0.00..0.01 rows=1 width=736)
	  ->  Result  (cost=0.00..0.01 rows=1 width=736)

table 6 : explain INSERT INTO sbtest6 (id, k, c, pad) VALUES (6173635, 13, 'foobar', 'foobar')
	Insert on sbtest6  (cost=0.00..0.01 rows=1 width=736)
	  ->  Result  (cost=0.00..0.01 rows=1 width=736)

table 7 : explain INSERT INTO sbtest7 (id, k, c, pad) VALUES (7351458, 13, 'foobar', 'foobar')
	Insert on sbtest7  (cost=0.00..0.01 rows=1 width=736)
	  ->  Result  (cost=0.00..0.01 rows=1 width=736)

table 8 : explain INSERT INTO sbtest8 (id, k, c, pad) VALUES (2226340, 13, 'foobar', 'foobar')
	Insert on sbtest8  (cost=0.00..0.01 rows=1 width=736)
	  ->  Result  (cost=0.00..0.01 rows=1 width=736)

explain: for inserts :: explain INSERT INTO sbtest%u (id, k, c, pad) VALUES (%u, 13, 'foobar', 'foobar')
for inserts
table 1 : explain INSERT INTO sbtest1 (id, k, c, pad) VALUES (977292, 13, 'foobar', 'foobar')
	Insert on sbtest1  (cost=0.00..0.01 rows=1 width=736)
	  ->  Result  (cost=0.00..0.01 rows=1 width=736)

table 2 : explain INSERT INTO sbtest2 (id, k, c, pad) VALUES (1067956, 13, 'foobar', 'foobar')
	Insert on sbtest2  (cost=0.00..0.01 rows=1 width=736)
	  ->  Result  (cost=0.00..0.01 rows=1 width=736)

table 3 : explain INSERT INTO sbtest3 (id, k, c, pad) VALUES (9165654, 13, 'foobar', 'foobar')
	Insert on sbtest3  (cost=0.00..0.01 rows=1 width=736)
	  ->  Result  (cost=0.00..0.01 rows=1 width=736)

table 4 : explain INSERT INTO sbtest4 (id, k, c, pad) VALUES (3238946, 13, 'foobar', 'foobar')
	Insert on sbtest4  (cost=0.00..0.01 rows=1 width=736)
	  ->  Result  (cost=0.00..0.01 rows=1 width=736)

table 5 : explain INSERT INTO sbtest5 (id, k, c, pad) VALUES (1418265, 13, 'foobar', 'foobar')
	Insert on sbtest5  (cost=0.00..0.01 rows=1 width=736)
	  ->  Result  (cost=0.00..0.01 rows=1 width=736)

table 6 : explain INSERT INTO sbtest6 (id, k, c, pad) VALUES (63967, 13, 'foobar', 'foobar')
	Insert on sbtest6  (cost=0.00..0.01 rows=1 width=736)
	  ->  Result  (cost=0.00..0.01 rows=1 width=736)

table 7 : explain INSERT INTO sbtest7 (id, k, c, pad) VALUES (4623620, 13, 'foobar', 'foobar')
	Insert on sbtest7  (cost=0.00..0.01 rows=1 width=736)
	  ->  Result  (cost=0.00..0.01 rows=1 width=736)

table 8 : explain INSERT INTO sbtest8 (id, k, c, pad) VALUES (8486368, 13, 'foobar', 'foobar')
	Insert on sbtest8  (cost=0.00..0.01 rows=1 width=736)
	  ->  Result  (cost=0.00..0.01 rows=1 width=736)

for index_updates
table 1 : explain UPDATE sbtest1 SET k=k+1 WHERE id=6692451
	Update on sbtest1  (cost=0.43..8.46 rows=1 width=196)
	  ->  Index Scan using sbtest1_pkey on sbtest1  (cost=0.43..8.46 rows=1 width=196)
	        Index Cond: (id = 6692451)

table 2 : explain UPDATE sbtest2 SET k=k+1 WHERE id=7837274
	Update on sbtest2  (cost=0.43..8.46 rows=1 width=196)
	  ->  Index Scan using sbtest2_pkey on sbtest2  (cost=0.43..8.46 rows=1 width=196)
	        Index Cond: (id = 7837274)

table 3 : explain UPDATE sbtest3 SET k=k+1 WHERE id=8262576
	Update on sbtest3  (cost=0.43..8.46 rows=1 width=196)
	  ->  Index Scan using sbtest3_pkey on sbtest3  (cost=0.43..8.46 rows=1 width=196)
	        Index Cond: (id = 8262576)

table 4 : explain UPDATE sbtest4 SET k=k+1 WHERE id=8978009
	Update on sbtest4  (cost=0.43..8.46 rows=1 width=196)
	  ->  Index Scan using sbtest4_pkey on sbtest4  (cost=0.43..8.46 rows=1 width=196)
	        Index Cond: (id = 8978009)

table 5 : explain UPDATE sbtest5 SET k=k+1 WHERE id=930411
	Update on sbtest5  (cost=0.43..8.46 rows=1 width=196)
	  ->  Index Scan using sbtest5_pkey on sbtest5  (cost=0.43..8.46 rows=1 width=196)
	        Index Cond: (id = 930411)

table 6 : explain UPDATE sbtest6 SET k=k+1 WHERE id=2427903
	Update on sbtest6  (cost=0.43..8.46 rows=1 width=196)
	  ->  Index Scan using sbtest6_pkey on sbtest6  (cost=0.43..8.46 rows=1 width=196)
	        Index Cond: (id = 2427903)

table 7 : explain UPDATE sbtest7 SET k=k+1 WHERE id=7585231
	Update on sbtest7  (cost=0.43..8.46 rows=1 width=196)
	  ->  Index Scan using sbtest7_pkey on sbtest7  (cost=0.43..8.46 rows=1 width=196)
	        Index Cond: (id = 7585231)

table 8 : explain UPDATE sbtest8 SET k=k+1 WHERE id=9163383
	Update on sbtest8  (cost=0.43..8.46 rows=1 width=196)
	  ->  Index Scan using sbtest8_pkey on sbtest8  (cost=0.43..8.46 rows=1 width=196)
	        Index Cond: (id = 9163383)

for deletes
table 1 : explain DELETE FROM sbtest1 WHERE id=3815217
	Delete on sbtest1  (cost=0.43..8.45 rows=1 width=6)
	  ->  Index Scan using sbtest1_pkey on sbtest1  (cost=0.43..8.45 rows=1 width=6)
	        Index Cond: (id = 3815217)

table 2 : explain DELETE FROM sbtest2 WHERE id=4801560
	Delete on sbtest2  (cost=0.43..8.45 rows=1 width=6)
	  ->  Index Scan using sbtest2_pkey on sbtest2  (cost=0.43..8.45 rows=1 width=6)
	        Index Cond: (id = 4801560)

table 3 : explain DELETE FROM sbtest3 WHERE id=9702255
	Delete on sbtest3  (cost=0.43..8.45 rows=1 width=6)
	  ->  Index Scan using sbtest3_pkey on sbtest3  (cost=0.43..8.45 rows=1 width=6)
	        Index Cond: (id = 9702255)

table 4 : explain DELETE FROM sbtest4 WHERE id=6563047
	Delete on sbtest4  (cost=0.43..8.45 rows=1 width=6)
	  ->  Index Scan using sbtest4_pkey on sbtest4  (cost=0.43..8.45 rows=1 width=6)
	        Index Cond: (id = 6563047)

table 5 : explain DELETE FROM sbtest5 WHERE id=1830759
	Delete on sbtest5  (cost=0.43..8.45 rows=1 width=6)
	  ->  Index Scan using sbtest5_pkey on sbtest5  (cost=0.43..8.45 rows=1 width=6)
	        Index Cond: (id = 1830759)

table 6 : explain DELETE FROM sbtest6 WHERE id=9023498
	Delete on sbtest6  (cost=0.43..8.45 rows=1 width=6)
	  ->  Index Scan using sbtest6_pkey on sbtest6  (cost=0.43..8.45 rows=1 width=6)
	        Index Cond: (id = 9023498)

table 7 : explain DELETE FROM sbtest7 WHERE id=3342609
	Delete on sbtest7  (cost=0.43..8.45 rows=1 width=6)
	  ->  Index Scan using sbtest7_pkey on sbtest7  (cost=0.43..8.45 rows=1 width=6)
	        Index Cond: (id = 3342609)

table 8 : explain DELETE FROM sbtest8 WHERE id=838336
	Delete on sbtest8  (cost=0.43..8.45 rows=1 width=6)
	  ->  Index Scan using sbtest8_pkey on sbtest8  (cost=0.43..8.45 rows=1 width=6)
	        Index Cond: (id = 838336)

explain: for non_index_updates :: explain UPDATE sbtest%u SET c='foobar' WHERE id=%u
explain: for inserts :: explain INSERT INTO sbtest%u (id, k, c, pad) VALUES (%u, 13, 'foobar', 'foobar')
for index_updates
table 1 : explain UPDATE sbtest1 SET k=k+1 WHERE id=7727329
	Update on sbtest1  (cost=0.43..8.46 rows=1 width=196)
	  ->  Index Scan using sbtest1_pkey on sbtest1  (cost=0.43..8.46 rows=1 width=196)
	        Index Cond: (id = 7727329)

table 2 : explain UPDATE sbtest2 SET k=k+1 WHERE id=3608075
	Update on sbtest2  (cost=0.43..8.46 rows=1 width=196)
	  ->  Index Scan using sbtest2_pkey on sbtest2  (cost=0.43..8.46 rows=1 width=196)
	        Index Cond: (id = 3608075)

table 3 : explain UPDATE sbtest3 SET k=k+1 WHERE id=6445106
	Update on sbtest3  (cost=0.43..8.46 rows=1 width=196)
	  ->  Index Scan using sbtest3_pkey on sbtest3  (cost=0.43..8.46 rows=1 width=196)
	        Index Cond: (id = 6445106)

table 4 : explain UPDATE sbtest4 SET k=k+1 WHERE id=9854557
	Update on sbtest4  (cost=0.43..8.46 rows=1 width=196)
	  ->  Index Scan using sbtest4_pkey on sbtest4  (cost=0.43..8.46 rows=1 width=196)
	        Index Cond: (id = 9854557)

table 5 : explain UPDATE sbtest5 SET k=k+1 WHERE id=7235420
	Update on sbtest5  (cost=0.43..8.46 rows=1 width=196)
	  ->  Index Scan using sbtest5_pkey on sbtest5  (cost=0.43..8.46 rows=1 width=196)
	        Index Cond: (id = 7235420)

table 6 : explain UPDATE sbtest6 SET k=k+1 WHERE id=1493677
	Update on sbtest6  (cost=0.43..8.46 rows=1 width=196)
	  ->  Index Scan using sbtest6_pkey on sbtest6  (cost=0.43..8.46 rows=1 width=196)
	        Index Cond: (id = 1493677)

table 7 : explain UPDATE sbtest7 SET k=k+1 WHERE id=4348331
	Update on sbtest7  (cost=0.43..8.46 rows=1 width=196)
	  ->  Index Scan using sbtest7_pkey on sbtest7  (cost=0.43..8.46 rows=1 width=196)
	        Index Cond: (id = 4348331)

table 8 : explain UPDATE sbtest8 SET k=k+1 WHERE id=2635696
	Update on sbtest8  (cost=0.43..8.46 rows=1 width=196)
	  ->  Index Scan using sbtest8_pkey on sbtest8  (cost=0.43..8.46 rows=1 width=196)
	        Index Cond: (id = 2635696)

for non_index_updates
table 1 : explain UPDATE sbtest1 SET c='foobar' WHERE id=4166212
	Update on sbtest1  (cost=0.43..8.45 rows=1 width=559)
	  ->  Index Scan using sbtest1_pkey on sbtest1  (cost=0.43..8.45 rows=1 width=559)
	        Index Cond: (id = 4166212)

table 2 : explain UPDATE sbtest2 SET c='foobar' WHERE id=4429732
	Update on sbtest2  (cost=0.43..8.45 rows=1 width=559)
	  ->  Index Scan using sbtest2_pkey on sbtest2  (cost=0.43..8.45 rows=1 width=559)
	        Index Cond: (id = 4429732)

table 3 : explain UPDATE sbtest3 SET c='foobar' WHERE id=6584225
	Update on sbtest3  (cost=0.43..8.45 rows=1 width=559)
	  ->  Index Scan using sbtest3_pkey on sbtest3  (cost=0.43..8.45 rows=1 width=559)
	        Index Cond: (id = 6584225)

table 4 : explain UPDATE sbtest4 SET c='foobar' WHERE id=3647957
	Update on sbtest4  (cost=0.43..8.45 rows=1 width=559)
	  ->  Index Scan using sbtest4_pkey on sbtest4  (cost=0.43..8.45 rows=1 width=559)
	        Index Cond: (id = 3647957)

table 5 : explain UPDATE sbtest5 SET c='foobar' WHERE id=8750971
	Update on sbtest5  (cost=0.43..8.45 rows=1 width=559)
	  ->  Index Scan using sbtest5_pkey on sbtest5  (cost=0.43..8.45 rows=1 width=559)
	        Index Cond: (id = 8750971)

table 6 : explain UPDATE sbtest6 SET c='foobar' WHERE id=6694597
	Update on sbtest6  (cost=0.43..8.45 rows=1 width=559)
	  ->  Index Scan using sbtest6_pkey on sbtest6  (cost=0.43..8.45 rows=1 width=559)
	        Index Cond: (id = 6694597)

table 7 : explain UPDATE sbtest7 SET c='foobar' WHERE id=9080437
	Update on sbtest7  (cost=0.43..8.45 rows=1 width=559)
	  ->  Index Scan using sbtest7_pkey on sbtest7  (cost=0.43..8.45 rows=1 width=559)
	        Index Cond: (id = 9080437)

table 8 : explain UPDATE sbtest8 SET c='foobar' WHERE id=7083079
	Update on sbtest8  (cost=0.43..8.45 rows=1 width=559)
	  ->  Index Scan using sbtest8_pkey on sbtest8  (cost=0.43..8.45 rows=1 width=559)
	        Index Cond: (id = 7083079)

for inserts
table 1 : explain INSERT INTO sbtest1 (id, k, c, pad) VALUES (412059, 13, 'foobar', 'foobar')
	Insert on sbtest1  (cost=0.00..0.01 rows=1 width=736)
	  ->  Result  (cost=0.00..0.01 rows=1 width=736)

table 2 : explain INSERT INTO sbtest2 (id, k, c, pad) VALUES (9920611, 13, 'foobar', 'foobar')
	Insert on sbtest2  (cost=0.00..0.01 rows=1 width=736)
	  ->  Result  (cost=0.00..0.01 rows=1 width=736)

table 3 : explain INSERT INTO sbtest3 (id, k, c, pad) VALUES (9366435, 13, 'foobar', 'foobar')
	Insert on sbtest3  (cost=0.00..0.01 rows=1 width=736)
	  ->  Result  (cost=0.00..0.01 rows=1 width=736)

table 4 : explain INSERT INTO sbtest4 (id, k, c, pad) VALUES (4826531, 13, 'foobar', 'foobar')
	Insert on sbtest4  (cost=0.00..0.01 rows=1 width=736)
	  ->  Result  (cost=0.00..0.01 rows=1 width=736)

table 5 : explain INSERT INTO sbtest5 (id, k, c, pad) VALUES (8544426, 13, 'foobar', 'foobar')
	Insert on sbtest5  (cost=0.00..0.01 rows=1 width=736)
	  ->  Result  (cost=0.00..0.01 rows=1 width=736)

table 6 : explain INSERT INTO sbtest6 (id, k, c, pad) VALUES (99363, 13, 'foobar', 'foobar')
	Insert on sbtest6  (cost=0.00..0.01 rows=1 width=736)
	  ->  Result  (cost=0.00..0.01 rows=1 width=736)

table 7 : explain INSERT INTO sbtest7 (id, k, c, pad) VALUES (9678634, 13, 'foobar', 'foobar')
	Insert on sbtest7  (cost=0.00..0.01 rows=1 width=736)
	  ->  Result  (cost=0.00..0.01 rows=1 width=736)

table 8 : explain INSERT INTO sbtest8 (id, k, c, pad) VALUES (8088920, 13, 'foobar', 'foobar')
	Insert on sbtest8  (cost=0.00..0.01 rows=1 width=736)
	  ->  Result  (cost=0.00..0.01 rows=1 width=736)

explain: for non_index_updates :: explain UPDATE sbtest%u SET c='foobar' WHERE id=%u
explain: for deletes :: explain DELETE FROM sbtest%u WHERE id=%u
for deletes
table 1 : explain DELETE FROM sbtest1 WHERE id=9111606
	Delete on sbtest1  (cost=0.43..8.45 rows=1 width=6)
	  ->  Index Scan using sbtest1_pkey on sbtest1  (cost=0.43..8.45 rows=1 width=6)
	        Index Cond: (id = 9111606)

table 2 : explain DELETE FROM sbtest2 WHERE id=6156072
	Delete on sbtest2  (cost=0.43..8.45 rows=1 width=6)
	  ->  Index Scan using sbtest2_pkey on sbtest2  (cost=0.43..8.45 rows=1 width=6)
	        Index Cond: (id = 6156072)

table 3 : explain DELETE FROM sbtest3 WHERE id=7082449
	Delete on sbtest3  (cost=0.43..8.45 rows=1 width=6)
	  ->  Index Scan using sbtest3_pkey on sbtest3  (cost=0.43..8.45 rows=1 width=6)
	        Index Cond: (id = 7082449)

table 4 : explain DELETE FROM sbtest4 WHERE id=9512457
	Delete on sbtest4  (cost=0.43..8.45 rows=1 width=6)
	  ->  Index Scan using sbtest4_pkey on sbtest4  (cost=0.43..8.45 rows=1 width=6)
	        Index Cond: (id = 9512457)

table 5 : explain DELETE FROM sbtest5 WHERE id=757870
	Delete on sbtest5  (cost=0.43..8.45 rows=1 width=6)
	  ->  Index Scan using sbtest5_pkey on sbtest5  (cost=0.43..8.45 rows=1 width=6)
	        Index Cond: (id = 757870)

table 6 : explain DELETE FROM sbtest6 WHERE id=3056375
	Delete on sbtest6  (cost=0.43..8.45 rows=1 width=6)
	  ->  Index Scan using sbtest6_pkey on sbtest6  (cost=0.43..8.45 rows=1 width=6)
	        Index Cond: (id = 3056375)

table 7 : explain DELETE FROM sbtest7 WHERE id=1383261
	Delete on sbtest7  (cost=0.43..8.45 rows=1 width=6)
	  ->  Index Scan using sbtest7_pkey on sbtest7  (cost=0.43..8.45 rows=1 width=6)
	        Index Cond: (id = 1383261)

table 8 : explain DELETE FROM sbtest8 WHERE id=6335795
	Delete on sbtest8  (cost=0.43..8.45 rows=1 width=6)
	  ->  Index Scan using sbtest8_pkey on sbtest8  (cost=0.43..8.45 rows=1 width=6)
	        Index Cond: (id = 6335795)

for non_index_updates
table 1 : explain UPDATE sbtest1 SET c='foobar' WHERE id=8333904
	Update on sbtest1  (cost=0.43..8.45 rows=1 width=559)
	  ->  Index Scan using sbtest1_pkey on sbtest1  (cost=0.43..8.45 rows=1 width=559)
	        Index Cond: (id = 8333904)

table 2 : explain UPDATE sbtest2 SET c='foobar' WHERE id=4529508
	Update on sbtest2  (cost=0.43..8.45 rows=1 width=559)
	  ->  Index Scan using sbtest2_pkey on sbtest2  (cost=0.43..8.45 rows=1 width=559)
	        Index Cond: (id = 4529508)

table 3 : explain UPDATE sbtest3 SET c='foobar' WHERE id=6962682
	Update on sbtest3  (cost=0.43..8.45 rows=1 width=559)
	  ->  Index Scan using sbtest3_pkey on sbtest3  (cost=0.43..8.45 rows=1 width=559)
	        Index Cond: (id = 6962682)

table 4 : explain UPDATE sbtest4 SET c='foobar' WHERE id=9740741
	Update on sbtest4  (cost=0.43..8.45 rows=1 width=559)
	  ->  Index Scan using sbtest4_pkey on sbtest4  (cost=0.43..8.45 rows=1 width=559)
	        Index Cond: (id = 9740741)

table 5 : explain UPDATE sbtest5 SET c='foobar' WHERE id=8839361
	Update on sbtest5  (cost=0.43..8.45 rows=1 width=559)
	  ->  Index Scan using sbtest5_pkey on sbtest5  (cost=0.43..8.45 rows=1 width=559)
	        Index Cond: (id = 8839361)

table 6 : explain UPDATE sbtest6 SET c='foobar' WHERE id=6125115
	Update on sbtest6  (cost=0.43..8.45 rows=1 width=559)
	  ->  Index Scan using sbtest6_pkey on sbtest6  (cost=0.43..8.45 rows=1 width=559)
	        Index Cond: (id = 6125115)

table 7 : explain UPDATE sbtest7 SET c='foobar' WHERE id=168958
	Update on sbtest7  (cost=0.43..8.45 rows=1 width=559)
	  ->  Index Scan using sbtest7_pkey on sbtest7  (cost=0.43..8.45 rows=1 width=559)
	        Index Cond: (id = 168958)

table 8 : explain UPDATE sbtest8 SET c='foobar' WHERE id=3169772
	Update on sbtest8  (cost=0.43..8.45 rows=1 width=559)
	  ->  Index Scan using sbtest8_pkey on sbtest8  (cost=0.43..8.45 rows=1 width=559)
	        Index Cond: (id = 3169772)

explain: for deletes :: explain DELETE FROM sbtest%u WHERE id=%u
explain: for inserts :: explain INSERT INTO sbtest%u (id, k, c, pad) VALUES (%u, 13, 'foobar', 'foobar')
for deletes
table 1 : explain DELETE FROM sbtest1 WHERE id=8996844
	Delete on sbtest1  (cost=0.43..8.45 rows=1 width=6)
	  ->  Index Scan using sbtest1_pkey on sbtest1  (cost=0.43..8.45 rows=1 width=6)
	        Index Cond: (id = 8996844)

table 2 : explain DELETE FROM sbtest2 WHERE id=5561920
	Delete on sbtest2  (cost=0.43..8.45 rows=1 width=6)
	  ->  Index Scan using sbtest2_pkey on sbtest2  (cost=0.43..8.45 rows=1 width=6)
	        Index Cond: (id = 5561920)

table 3 : explain DELETE FROM sbtest3 WHERE id=7812593
	Delete on sbtest3  (cost=0.43..8.45 rows=1 width=6)
	  ->  Index Scan using sbtest3_pkey on sbtest3  (cost=0.43..8.45 rows=1 width=6)
	        Index Cond: (id = 7812593)

table 4 : explain DELETE FROM sbtest4 WHERE id=1464262
	Delete on sbtest4  (cost=0.43..8.45 rows=1 width=6)
	  ->  Index Scan using sbtest4_pkey on sbtest4  (cost=0.43..8.45 rows=1 width=6)
	        Index Cond: (id = 1464262)

table 5 : explain DELETE FROM sbtest5 WHERE id=7870109
	Delete on sbtest5  (cost=0.43..8.45 rows=1 width=6)
	  ->  Index Scan using sbtest5_pkey on sbtest5  (cost=0.43..8.45 rows=1 width=6)
	        Index Cond: (id = 7870109)

table 6 : explain DELETE FROM sbtest6 WHERE id=5508598
	Delete on sbtest6  (cost=0.43..8.45 rows=1 width=6)
	  ->  Index Scan using sbtest6_pkey on sbtest6  (cost=0.43..8.45 rows=1 width=6)
	        Index Cond: (id = 5508598)

table 7 : explain DELETE FROM sbtest7 WHERE id=8644153
	Delete on sbtest7  (cost=0.43..8.45 rows=1 width=6)
	  ->  Index Scan using sbtest7_pkey on sbtest7  (cost=0.43..8.45 rows=1 width=6)
	        Index Cond: (id = 8644153)

table 8 : explain DELETE FROM sbtest8 WHERE id=4328583
	Delete on sbtest8  (cost=0.43..8.45 rows=1 width=6)
	  ->  Index Scan using sbtest8_pkey on sbtest8  (cost=0.43..8.45 rows=1 width=6)
	        Index Cond: (id = 4328583)

for inserts
table 1 : explain INSERT INTO sbtest1 (id, k, c, pad) VALUES (4619090, 13, 'foobar', 'foobar')
	Insert on sbtest1  (cost=0.00..0.01 rows=1 width=736)
	  ->  Result  (cost=0.00..0.01 rows=1 width=736)

table 2 : explain INSERT INTO sbtest2 (id, k, c, pad) VALUES (8983569, 13, 'foobar', 'foobar')
	Insert on sbtest2  (cost=0.00..0.01 rows=1 width=736)
	  ->  Result  (cost=0.00..0.01 rows=1 width=736)

table 3 : explain INSERT INTO sbtest3 (id, k, c, pad) VALUES (6769440, 13, 'foobar', 'foobar')
	Insert on sbtest3  (cost=0.00..0.01 rows=1 width=736)
	  ->  Result  (cost=0.00..0.01 rows=1 width=736)

table 4 : explain INSERT INTO sbtest4 (id, k, c, pad) VALUES (6887962, 13, 'foobar', 'foobar')
	Insert on sbtest4  (cost=0.00..0.01 rows=1 width=736)
	  ->  Result  (cost=0.00..0.01 rows=1 width=736)

table 5 : explain INSERT INTO sbtest5 (id, k, c, pad) VALUES (997056, 13, 'foobar', 'foobar')
	Insert on sbtest5  (cost=0.00..0.01 rows=1 width=736)
	  ->  Result  (cost=0.00..0.01 rows=1 width=736)

table 6 : explain INSERT INTO sbtest6 (id, k, c, pad) VALUES (4872864, 13, 'foobar', 'foobar')
	Insert on sbtest6  (cost=0.00..0.01 rows=1 width=736)
	  ->  Result  (cost=0.00..0.01 rows=1 width=736)

table 7 : explain INSERT INTO sbtest7 (id, k, c, pad) VALUES (2350344, 13, 'foobar', 'foobar')
	Insert on sbtest7  (cost=0.00..0.01 rows=1 width=736)
	  ->  Result  (cost=0.00..0.01 rows=1 width=736)

table 8 : explain INSERT INTO sbtest8 (id, k, c, pad) VALUES (3661159, 13, 'foobar', 'foobar')
	Insert on sbtest8  (cost=0.00..0.01 rows=1 width=736)
	  ->  Result  (cost=0.00..0.01 rows=1 width=736)

explain: for inserts :: explain INSERT INTO sbtest%u (id, k, c, pad) VALUES (%u, 13, 'foobar', 'foobar')
for inserts
table 1 : explain INSERT INTO sbtest1 (id, k, c, pad) VALUES (6332188, 13, 'foobar', 'foobar')
	Insert on sbtest1  (cost=0.00..0.01 rows=1 width=736)
	  ->  Result  (cost=0.00..0.01 rows=1 width=736)

table 2 : explain INSERT INTO sbtest2 (id, k, c, pad) VALUES (2979636, 13, 'foobar', 'foobar')
	Insert on sbtest2  (cost=0.00..0.01 rows=1 width=736)
	  ->  Result  (cost=0.00..0.01 rows=1 width=736)

table 3 : explain INSERT INTO sbtest3 (id, k, c, pad) VALUES (5747553, 13, 'foobar', 'foobar')
	Insert on sbtest3  (cost=0.00..0.01 rows=1 width=736)
	  ->  Result  (cost=0.00..0.01 rows=1 width=736)

table 4 : explain INSERT INTO sbtest4 (id, k, c, pad) VALUES (52039, 13, 'foobar', 'foobar')
	Insert on sbtest4  (cost=0.00..0.01 rows=1 width=736)
	  ->  Result  (cost=0.00..0.01 rows=1 width=736)

table 5 : explain INSERT INTO sbtest5 (id, k, c, pad) VALUES (8392181, 13, 'foobar', 'foobar')
	Insert on sbtest5  (cost=0.00..0.01 rows=1 width=736)
	  ->  Result  (cost=0.00..0.01 rows=1 width=736)

table 6 : explain INSERT INTO sbtest6 (id, k, c, pad) VALUES (9249215, 13, 'foobar', 'foobar')
	Insert on sbtest6  (cost=0.00..0.01 rows=1 width=736)
	  ->  Result  (cost=0.00..0.01 rows=1 width=736)

table 7 : explain INSERT INTO sbtest7 (id, k, c, pad) VALUES (4939290, 13, 'foobar', 'foobar')
	Insert on sbtest7  (cost=0.00..0.01 rows=1 width=736)
	  ->  Result  (cost=0.00..0.01 rows=1 width=736)

table 8 : explain INSERT INTO sbtest8 (id, k, c, pad) VALUES (2560892, 13, 'foobar', 'foobar')
	Insert on sbtest8  (cost=0.00..0.01 rows=1 width=736)
	  ->  Result  (cost=0.00..0.01 rows=1 width=736)

Threads started!

Warming up for 5 seconds...

SQL statistics:
    queries performed:
        read:                            447740881
        write:                           127926052
        other:                           63962995
        total:                           639629928
    transactions:                        31981514 (34388.31 per sec.)
    queries:                             639629928 (687765.72 per sec.)
    ignored errors:                      2      (0.00 per sec.)
    reconnects:                          0      (0.00 per sec.)

Throughput:
    events/s (eps):                      34388.3051
    time elapsed:                        930.0114s
    total number of events:              31981514

Latency (ms):
         min:                                    0.91
         avg:                                    1.16
         max:                                   39.40
         95th percentile:                        1.58
         sum:                             37166926.74

Threads fairness:
    events (avg/stddev):           799537.6750/7623.58
    execution time (avg/stddev):   929.1732/0.01

