LUA_PATH=/home/mdcallag/git/mytools/bench/sysbench.lua/lua/?.lua /home/mdcallag/git/mytools/bench/sysbench.lua/lua/sysbench --db-driver=pgsql --range-size=100 --table-size=10000000 --tables=8 --threads=40 --events=0 --warmup-time=5 --time=630 --pgsql_conn_id=true /home/mdcallag/git/mytools/bench/sysbench.lua/lua/oltp_read_only.lua run --pgsql-user=root --pgsql-password=pw --pgsql-host=127.0.0.1 --pgsql-db=ib --rand-type=uniform
48 CPUs
sysbench 1.1.0-9072687 (using bundled LuaJIT 2.1.0-beta3)

Running the test with following options:
Number of threads: 40
Warmup time: 5s
Initializing random number generator from current time


Initializing worker threads...

explain: for point_selects :: explain SELECT c FROM sbtest%u WHERE id=%u
explain: for point_selects :: explain SELECT c FROM sbtest%u WHERE id=%u
explain: for point_selects :: explain SELECT c FROM sbtest%u WHERE id=%u
explain: for point_selects :: explain SELECT c FROM sbtest%u WHERE id=%u
explain: for point_selects :: explain SELECT c FROM sbtest%u WHERE id=%u
for point_selects
table 1 : explain SELECT c FROM sbtest1 WHERE id=9925412
	Index Scan using sbtest1_pkey on sbtest1  (cost=0.43..8.45 rows=1 width=121)
	  Index Cond: (id = 9925412)

table 2 : explain SELECT c FROM sbtest2 WHERE id=2888904
	Index Scan using sbtest2_pkey on sbtest2  (cost=0.43..8.45 rows=1 width=121)
	  Index Cond: (id = 2888904)

table 3 : explain SELECT c FROM sbtest3 WHERE id=5968765
	Index Scan using sbtest3_pkey on sbtest3  (cost=0.43..8.45 rows=1 width=121)
	  Index Cond: (id = 5968765)

table 4 : explain SELECT c FROM sbtest4 WHERE id=768204
	Index Scan using sbtest4_pkey on sbtest4  (cost=0.43..8.45 rows=1 width=121)
	  Index Cond: (id = 768204)

table 5 : explain SELECT c FROM sbtest5 WHERE id=9398207
	Index Scan using sbtest5_pkey on sbtest5  (cost=0.43..8.45 rows=1 width=121)
	  Index Cond: (id = 9398207)

table 6 : explain SELECT c FROM sbtest6 WHERE id=1235123
	Index Scan using sbtest6_pkey on sbtest6  (cost=0.43..8.45 rows=1 width=121)
	  Index Cond: (id = 1235123)

table 7 : explain SELECT c FROM sbtest7 WHERE id=4190857
	Index Scan using sbtest7_pkey on sbtest7  (cost=0.43..8.45 rows=1 width=121)
	  Index Cond: (id = 4190857)

table 8 : explain SELECT c FROM sbtest8 WHERE id=1914776
	Index Scan using sbtest8_pkey on sbtest8  (cost=0.43..8.45 rows=1 width=121)
	  Index Cond: (id = 1914776)

explain: for point_selects :: explain SELECT c FROM sbtest%u WHERE id=%u
explain: for point_selects :: explain SELECT c FROM sbtest%u WHERE id=%u
for point_selects
table 1 : explain SELECT c FROM sbtest1 WHERE id=8618839
	Index Scan using sbtest1_pkey on sbtest1  (cost=0.43..8.45 rows=1 width=121)
	  Index Cond: (id = 8618839)

table 2 : explain SELECT c FROM sbtest2 WHERE id=9798692
	Index Scan using sbtest2_pkey on sbtest2  (cost=0.43..8.45 rows=1 width=121)
	  Index Cond: (id = 9798692)

table 3 : explain SELECT c FROM sbtest3 WHERE id=4770607
	Index Scan using sbtest3_pkey on sbtest3  (cost=0.43..8.45 rows=1 width=121)
	  Index Cond: (id = 4770607)

table 4 : explain SELECT c FROM sbtest4 WHERE id=4328376
	Index Scan using sbtest4_pkey on sbtest4  (cost=0.43..8.45 rows=1 width=121)
	  Index Cond: (id = 4328376)

table 5 : explain SELECT c FROM sbtest5 WHERE id=4502845
	Index Scan using sbtest5_pkey on sbtest5  (cost=0.43..8.45 rows=1 width=121)
	  Index Cond: (id = 4502845)

table 6 : explain SELECT c FROM sbtest6 WHERE id=2511470
	Index Scan using sbtest6_pkey on sbtest6  (cost=0.43..8.45 rows=1 width=121)
	  Index Cond: (id = 2511470)

table 7 : explain SELECT c FROM sbtest7 WHERE id=4389453
	Index Scan using sbtest7_pkey on sbtest7  (cost=0.43..8.45 rows=1 width=121)
	  Index Cond: (id = 4389453)

table 8 : explain SELECT c FROM sbtest8 WHERE id=7691076
	Index Scan using sbtest8_pkey on sbtest8  (cost=0.43..8.45 rows=1 width=121)
	  Index Cond: (id = 7691076)

for point_selects
table 1 : explain SELECT c FROM sbtest1 WHERE id=1800084
	Index Scan using sbtest1_pkey on sbtest1  (cost=0.43..8.45 rows=1 width=121)
	  Index Cond: (id = 1800084)

table 2 : explain SELECT c FROM sbtest2 WHERE id=8565498
	Index Scan using sbtest2_pkey on sbtest2  (cost=0.43..8.45 rows=1 width=121)
	  Index Cond: (id = 8565498)

table 3 : explain SELECT c FROM sbtest3 WHERE id=2984873
	Index Scan using sbtest3_pkey on sbtest3  (cost=0.43..8.45 rows=1 width=121)
	  Index Cond: (id = 2984873)

table 4 : explain SELECT c FROM sbtest4 WHERE id=1190286
	Index Scan using sbtest4_pkey on sbtest4  (cost=0.43..8.45 rows=1 width=121)
	  Index Cond: (id = 1190286)

table 5 : explain SELECT c FROM sbtest5 WHERE id=1640203
	Index Scan using sbtest5_pkey on sbtest5  (cost=0.43..8.45 rows=1 width=121)
	  Index Cond: (id = 1640203)

table 6 : explain SELECT c FROM sbtest6 WHERE id=7848458
	Index Scan using sbtest6_pkey on sbtest6  (cost=0.43..8.45 rows=1 width=121)
	  Index Cond: (id = 7848458)

table 7 : explain SELECT c FROM sbtest7 WHERE id=4618526
	Index Scan using sbtest7_pkey on sbtest7  (cost=0.43..8.45 rows=1 width=121)
	  Index Cond: (id = 4618526)

table 8 : explain SELECT c FROM sbtest8 WHERE id=8867546
	Index Scan using sbtest8_pkey on sbtest8  (cost=0.43..8.45 rows=1 width=121)
	  Index Cond: (id = 8867546)

for: simple_ranges
table 1 : explain SELECT c FROM sbtest1 WHERE id BETWEEN 6795212 AND 6795311
	Index Scan using sbtest1_pkey on sbtest1  (cost=0.43..419.99 rows=106 width=121)
	  Index Cond: ((id >= 6795212) AND (id <= 6795311))

table 2 : explain SELECT c FROM sbtest2 WHERE id BETWEEN 3690759 AND 3690858
	Index Scan using sbtest2_pkey on sbtest2  (cost=0.43..392.67 rows=99 width=121)
	  Index Cond: ((id >= 3690759) AND (id <= 3690858))

table 3 : explain SELECT c FROM sbtest3 WHERE id BETWEEN 2662028 AND 2662127
	Index Scan using sbtest3_pkey on sbtest3  (cost=0.43..375.68 rows=95 width=121)
	  Index Cond: ((id >= 2662028) AND (id <= 2662127))

table 4 : explain SELECT c FROM sbtest4 WHERE id BETWEEN 2727186 AND 2727285
	Index Scan using sbtest4_pkey on sbtest4  (cost=0.43..334.86 rows=85 width=121)
	  Index Cond: ((id >= 2727186) AND (id <= 2727285))

table 5 : explain SELECT c FROM sbtest5 WHERE id BETWEEN 6633813 AND 6633912
	Index Scan using sbtest5_pkey on sbtest5  (cost=0.43..368.37 rows=93 width=121)
	  Index Cond: ((id >= 6633813) AND (id <= 6633912))

table 6 : explain SELECT c FROM sbtest6 WHERE id BETWEEN 3078417 AND 3078516
	Index Scan using sbtest6_pkey on sbtest6  (cost=0.43..418.82 rows=106 width=121)
	  Index Cond: ((id >= 3078417) AND (id <= 3078516))

table 7 : explain SELECT c FROM sbtest7 WHERE id BETWEEN 6803680 AND 6803779
	Index Scan using sbtest7_pkey on sbtest7  (cost=0.43..374.94 rows=95 width=121)
	  Index Cond: ((id >= 6803680) AND (id <= 6803779))

table 8 : explain SELECT c FROM sbtest8 WHERE id BETWEEN 3302582 AND 3302681
	Index Scan using sbtest8_pkey on sbtest8  (cost=0.43..375.38 rows=95 width=121)
	  Index Cond: ((id >= 3302582) AND (id <= 3302681))

for point_selects
table 1 : explain SELECT c FROM sbtest1 WHERE id=1799676
	Index Scan using sbtest1_pkey on sbtest1  (cost=0.43..8.45 rows=1 width=121)
	  Index Cond: (id = 1799676)

table 2 : explain SELECT c FROM sbtest2 WHERE id=6508301
	Index Scan using sbtest2_pkey on sbtest2  (cost=0.43..8.45 rows=1 width=121)
	  Index Cond: (id = 6508301)

table 3 : explain SELECT c FROM sbtest3 WHERE id=8288641
	Index Scan using sbtest3_pkey on sbtest3  (cost=0.43..8.45 rows=1 width=121)
	  Index Cond: (id = 8288641)

table 4 : explain SELECT c FROM sbtest4 WHERE id=2120044
	Index Scan using sbtest4_pkey on sbtest4  (cost=0.43..8.45 rows=1 width=121)
	  Index Cond: (id = 2120044)

table 5 : explain SELECT c FROM sbtest5 WHERE id=6283723
	Index Scan using sbtest5_pkey on sbtest5  (cost=0.43..8.45 rows=1 width=121)
	  Index Cond: (id = 6283723)

table 6 : explain SELECT c FROM sbtest6 WHERE id=7098281
	Index Scan using sbtest6_pkey on sbtest6  (cost=0.43..8.45 rows=1 width=121)
	  Index Cond: (id = 7098281)

table 7 : explain SELECT c FROM sbtest7 WHERE id=3086975
	Index Scan using sbtest7_pkey on sbtest7  (cost=0.43..8.45 rows=1 width=121)
	  Index Cond: (id = 3086975)

table 8 : explain SELECT c FROM sbtest8 WHERE id=9290577
	Index Scan using sbtest8_pkey on sbtest8  (cost=0.43..8.45 rows=1 width=121)
	  Index Cond: (id = 9290577)

for: simple_ranges
table 1 : explain SELECT c FROM sbtest1 WHERE id BETWEEN 1536162 AND 1536261
	Index Scan using sbtest1_pkey on sbtest1  (cost=0.43..427.83 rows=108 width=121)
	  Index Cond: ((id >= 1536162) AND (id <= 1536261))

table 2 : explain SELECT c FROM sbtest2 WHERE id BETWEEN 3731200 AND 3731299
	Index Scan using sbtest2_pkey on sbtest2  (cost=0.43..416.18 rows=105 width=121)
	  Index Cond: ((id >= 3731200) AND (id <= 3731299))

table 3 : explain SELECT c FROM sbtest3 WHERE id BETWEEN 928448 AND 928547
	Index Scan using sbtest3_pkey on sbtest3  (cost=0.43..418.64 rows=106 width=121)
	  Index Cond: ((id >= 928448) AND (id <= 928547))

table 4 : explain SELECT c FROM sbtest4 WHERE id BETWEEN 9443790 AND 9443889
	Index Scan using sbtest4_pkey on sbtest4  (cost=0.43..412.59 rows=105 width=121)
	  Index Cond: ((id >= 9443790) AND (id <= 9443889))

table 5 : explain SELECT c FROM sbtest5 WHERE id BETWEEN 7187456 AND 7187555
	Index Scan using sbtest5_pkey on sbtest5  (cost=0.43..340.96 rows=86 width=121)
	  Index Cond: ((id >= 7187456) AND (id <= 7187555))

table 6 : explain SELECT c FROM sbtest6 WHERE id BETWEEN 5229123 AND 5229222
	Index Scan using sbtest6_pkey on sbtest6  (cost=0.43..418.82 rows=106 width=121)
	  Index Cond: ((id >= 5229123) AND (id <= 5229222))

table 7 : explain SELECT c FROM sbtest7 WHERE id BETWEEN 3552645 AND 3552744
	Index Scan using sbtest7_pkey on sbtest7  (cost=0.43..406.12 rows=103 width=121)
	  Index Cond: ((id >= 3552645) AND (id <= 3552744))

table 8 : explain SELECT c FROM sbtest8 WHERE id BETWEEN 2109941 AND 2110040
	Index Scan using sbtest8_pkey on sbtest8  (cost=0.43..375.38 rows=95 width=121)
	  Index Cond: ((id >= 2109941) AND (id <= 2110040))

for: simple_ranges
table 1 : explain SELECT c FROM sbtest1 WHERE id BETWEEN 4759603 AND 4759702
	Index Scan using sbtest1_pkey on sbtest1  (cost=0.43..369.02 rows=93 width=121)
	  Index Cond: ((id >= 4759603) AND (id <= 4759702))

table 2 : explain SELECT c FROM sbtest2 WHERE id BETWEEN 3662926 AND 3663025
	Index Scan using sbtest2_pkey on sbtest2  (cost=0.43..392.67 rows=99 width=121)
	  Index Cond: ((id >= 3662926) AND (id <= 3663025))

table 3 : explain SELECT c FROM sbtest3 WHERE id BETWEEN 5666766 AND 5666865
	Index Scan using sbtest3_pkey on sbtest3  (cost=0.43..379.58 rows=96 width=121)
	  Index Cond: ((id >= 5666766) AND (id <= 5666865))

table 4 : explain SELECT c FROM sbtest4 WHERE id BETWEEN 3359199 AND 3359298
	Index Scan using sbtest4_pkey on sbtest4  (cost=0.43..404.82 rows=103 width=121)
	  Index Cond: ((id >= 3359199) AND (id <= 3359298))

table 5 : explain SELECT c FROM sbtest5 WHERE id BETWEEN 811586 AND 811685
	Index Scan using sbtest5_pkey on sbtest5  (cost=0.43..407.48 rows=103 width=121)
	  Index Cond: ((id >= 811586) AND (id <= 811685))

table 6 : explain SELECT c FROM sbtest6 WHERE id BETWEEN 9870507 AND 9870606
	Index Scan using sbtest6_pkey on sbtest6  (cost=0.43..407.10 rows=103 width=121)
	  Index Cond: ((id >= 9870507) AND (id <= 9870606))

table 7 : explain SELECT c FROM sbtest7 WHERE id BETWEEN 2311960 AND 2312059
	Index Scan using sbtest7_pkey on sbtest7  (cost=0.43..398.33 rows=101 width=121)
	  Index Cond: ((id >= 2311960) AND (id <= 2312059))

table 8 : explain SELECT c FROM sbtest8 WHERE id BETWEEN 9044246 AND 9044345
	Index Scan using sbtest8_pkey on sbtest8  (cost=0.43..422.21 rows=107 width=121)
	  Index Cond: ((id >= 9044246) AND (id <= 9044345))

for point_selects
table 1 : explain SELECT c FROM sbtest1 WHERE id=5636971
	Index Scan using sbtest1_pkey on sbtest1  (cost=0.43..8.45 rows=1 width=121)
	  Index Cond: (id = 5636971)

table 2 : explain SELECT c FROM sbtest2 WHERE id=26510
	Index Scan using sbtest2_pkey on sbtest2  (cost=0.43..8.45 rows=1 width=121)
	  Index Cond: (id = 26510)

table 3 : explain SELECT c FROM sbtest3 WHERE id=4143063
	Index Scan using sbtest3_pkey on sbtest3  (cost=0.43..8.45 rows=1 width=121)
	  Index Cond: (id = 4143063)

table 4 : explain SELECT c FROM sbtest4 WHERE id=8904168
	Index Scan using sbtest4_pkey on sbtest4  (cost=0.43..8.45 rows=1 width=121)
	  Index Cond: (id = 8904168)

table 5 : explain SELECT c FROM sbtest5 WHERE id=7741022
	Index Scan using sbtest5_pkey on sbtest5  (cost=0.43..8.45 rows=1 width=121)
	  Index Cond: (id = 7741022)

table 6 : explain SELECT c FROM sbtest6 WHERE id=198732
	Index Scan using sbtest6_pkey on sbtest6  (cost=0.43..8.45 rows=1 width=121)
	  Index Cond: (id = 198732)

table 7 : explain SELECT c FROM sbtest7 WHERE id=453387
	Index Scan using sbtest7_pkey on sbtest7  (cost=0.43..8.45 rows=1 width=121)
	  Index Cond: (id = 453387)

table 8 : explain SELECT c FROM sbtest8 WHERE id=3436273
	Index Scan using sbtest8_pkey on sbtest8  (cost=0.43..8.45 rows=1 width=121)
	  Index Cond: (id = 3436273)

for point_selects
table 1 : explain SELECT c FROM sbtest1 WHERE id=5088843
	Index Scan using sbtest1_pkey on sbtest1  (cost=0.43..8.45 rows=1 width=121)
	  Index Cond: (id = 5088843)

table 2 : explain SELECT c FROM sbtest2 WHERE id=9555901
	Index Scan using sbtest2_pkey on sbtest2  (cost=0.43..8.45 rows=1 width=121)
	  Index Cond: (id = 9555901)

table 3 : explain SELECT c FROM sbtest3 WHERE id=3197454
	Index Scan using sbtest3_pkey on sbtest3  (cost=0.43..8.45 rows=1 width=121)
	  Index Cond: (id = 3197454)

table 4 : explain SELECT c FROM sbtest4 WHERE id=6195109
	Index Scan using sbtest4_pkey on sbtest4  (cost=0.43..8.45 rows=1 width=121)
	  Index Cond: (id = 6195109)

table 5 : explain SELECT c FROM sbtest5 WHERE id=103528
	Index Scan using sbtest5_pkey on sbtest5  (cost=0.43..8.45 rows=1 width=121)
	  Index Cond: (id = 103528)

table 6 : explain SELECT c FROM sbtest6 WHERE id=8330176
	Index Scan using sbtest6_pkey on sbtest6  (cost=0.43..8.45 rows=1 width=121)
	  Index Cond: (id = 8330176)

table 7 : explain SELECT c FROM sbtest7 WHERE id=7443319
	Index Scan using sbtest7_pkey on sbtest7  (cost=0.43..8.45 rows=1 width=121)
	  Index Cond: (id = 7443319)

table 8 : explain SELECT c FROM sbtest8 WHERE id=3203544
	Index Scan using sbtest8_pkey on sbtest8  (cost=0.43..8.45 rows=1 width=121)
	  Index Cond: (id = 3203544)

for: simple_ranges
table 1 : explain SELECT c FROM sbtest1 WHERE id BETWEEN 4493602 AND 4493701
	Index Scan using sbtest1_pkey on sbtest1  (cost=0.43..408.23 rows=103 width=121)
	  Index Cond: ((id >= 4493602) AND (id <= 4493701))

table 2 : explain SELECT c FROM sbtest2 WHERE id BETWEEN 678857 AND 678956
	Index Scan using sbtest2_pkey on sbtest2  (cost=0.43..388.75 rows=98 width=121)
	  Index Cond: ((id >= 678857) AND (id <= 678956))

table 3 : explain SELECT c FROM sbtest3 WHERE id BETWEEN 9642537 AND 9642636
	Index Scan using sbtest3_pkey on sbtest3  (cost=0.43..399.11 rows=101 width=121)
	  Index Cond: ((id >= 9642537) AND (id <= 9642636))

table 4 : explain SELECT c FROM sbtest4 WHERE id BETWEEN 4247849 AND 4247948
	Index Scan using sbtest4_pkey on sbtest4  (cost=0.43..404.82 rows=103 width=121)
	  Index Cond: ((id >= 4247849) AND (id <= 4247948))

table 5 : explain SELECT c FROM sbtest5 WHERE id BETWEEN 3080981 AND 3081080
	Index Scan using sbtest5_pkey on sbtest5  (cost=0.43..407.48 rows=103 width=121)
	  Index Cond: ((id >= 3080981) AND (id <= 3081080))

table 6 : explain SELECT c FROM sbtest6 WHERE id BETWEEN 8821584 AND 8821683
	Index Scan using sbtest6_pkey on sbtest6  (cost=0.43..407.10 rows=103 width=121)
	  Index Cond: ((id >= 8821584) AND (id <= 8821683))

table 7 : explain SELECT c FROM sbtest7 WHERE id BETWEEN 4595460 AND 4595559
	Index Scan using sbtest7_pkey on sbtest7  (cost=0.43..367.14 rows=93 width=121)
	  Index Cond: ((id >= 4595460) AND (id <= 4595559))

table 8 : explain SELECT c FROM sbtest8 WHERE id BETWEEN 838080 AND 838179
	Index Scan using sbtest8_pkey on sbtest8  (cost=0.43..394.89 rows=100 width=121)
	  Index Cond: ((id >= 838080) AND (id <= 838179))

for point_selects
table 1 : explain SELECT c FROM sbtest1 WHERE id=7664574
	Index Scan using sbtest1_pkey on sbtest1  (cost=0.43..8.45 rows=1 width=121)
	  Index Cond: (id = 7664574)

table 2 : explain SELECT c FROM sbtest2 WHERE id=759125
	Index Scan using sbtest2_pkey on sbtest2  (cost=0.43..8.45 rows=1 width=121)
	  Index Cond: (id = 759125)

table 3 : explain SELECT c FROM sbtest3 WHERE id=3739156
	Index Scan using sbtest3_pkey on sbtest3  (cost=0.43..8.45 rows=1 width=121)
	  Index Cond: (id = 3739156)

table 4 : explain SELECT c FROM sbtest4 WHERE id=7816713
	Index Scan using sbtest4_pkey on sbtest4  (cost=0.43..8.45 rows=1 width=121)
	  Index Cond: (id = 7816713)

table 5 : explain SELECT c FROM sbtest5 WHERE id=3449450
	Index Scan using sbtest5_pkey on sbtest5  (cost=0.43..8.45 rows=1 width=121)
	  Index Cond: (id = 3449450)

table 6 : explain SELECT c FROM sbtest6 WHERE id=7041615
	Index Scan using sbtest6_pkey on sbtest6  (cost=0.43..8.45 rows=1 width=121)
	  Index Cond: (id = 7041615)

table 7 : explain SELECT c FROM sbtest7 WHERE id=7696907
	Index Scan using sbtest7_pkey on sbtest7  (cost=0.43..8.45 rows=1 width=121)
	  Index Cond: (id = 7696907)

table 8 : explain SELECT c FROM sbtest8 WHERE id=9673714
	Index Scan using sbtest8_pkey on sbtest8  (cost=0.43..8.45 rows=1 width=121)
	  Index Cond: (id = 9673714)

for: simple_ranges
table 1 : explain SELECT c FROM sbtest1 WHERE id BETWEEN 510372 AND 510471
	Index Scan using sbtest1_pkey on sbtest1  (cost=0.43..380.78 rows=96 width=121)
	  Index Cond: ((id >= 510372) AND (id <= 510471))

table 2 : explain SELECT c FROM sbtest2 WHERE id BETWEEN 5926217 AND 5926316
	Index Scan using sbtest2_pkey on sbtest2  (cost=0.43..404.42 rows=102 width=121)
	  Index Cond: ((id >= 5926217) AND (id <= 5926316))

table 3 : explain SELECT c FROM sbtest3 WHERE id BETWEEN 3859580 AND 3859679
	Index Scan using sbtest3_pkey on sbtest3  (cost=0.43..453.79 rows=115 width=121)
	  Index Cond: ((id >= 3859580) AND (id <= 3859679))

table 4 : explain SELECT c FROM sbtest4 WHERE id BETWEEN 6488826 AND 6488925
	Index Scan using sbtest4_pkey on sbtest4  (cost=0.43..424.24 rows=108 width=121)
	  Index Cond: ((id >= 6488826) AND (id <= 6488925))

table 5 : explain SELECT c FROM sbtest5 WHERE id BETWEEN 2765932 AND 2766031
	Index Scan using sbtest5_pkey on sbtest5  (cost=0.43..348.78 rows=88 width=121)
	  Index Cond: ((id >= 2765932) AND (id <= 2766031))

table 6 : explain SELECT c FROM sbtest6 WHERE id BETWEEN 2208548 AND 2208647
	Index Scan using sbtest6_pkey on sbtest6  (cost=0.43..379.74 rows=96 width=121)
	  Index Cond: ((id >= 2208548) AND (id <= 2208647))

table 7 : explain SELECT c FROM sbtest7 WHERE id BETWEEN 1553121 AND 1553220
	Index Scan using sbtest7_pkey on sbtest7  (cost=0.43..378.84 rows=96 width=121)
	  Index Cond: ((id >= 1553121) AND (id <= 1553220))

table 8 : explain SELECT c FROM sbtest8 WHERE id BETWEEN 4860559 AND 4860658
	Index Scan using sbtest8_pkey on sbtest8  (cost=0.43..398.80 rows=101 width=121)
	  Index Cond: ((id >= 4860559) AND (id <= 4860658))

for: sum_ranges
table 1 : explain SELECT SUM(k) FROM sbtest1 WHERE id BETWEEN 8398102 AND 8398201
	Aggregate  (cost=404.57..404.58 rows=1 width=8)
	  ->  Index Scan using sbtest1_pkey on sbtest1  (cost=0.43..404.32 rows=102 width=4)
	        Index Cond: ((id >= 8398102) AND (id <= 8398201))

table 2 : explain SELECT SUM(k) FROM sbtest2 WHERE id BETWEEN 4440714 AND 4440813
	Aggregate  (cost=388.99..389.00 rows=1 width=8)
	  ->  Index Scan using sbtest2_pkey on sbtest2  (cost=0.43..388.75 rows=98 width=4)
	        Index Cond: ((id >= 4440714) AND (id <= 4440813))

table 3 : explain SELECT SUM(k) FROM sbtest3 WHERE id BETWEEN 201397 AND 201496
	Aggregate  (cost=407.18..407.19 rows=1 width=8)
	  ->  Index Scan using sbtest3_pkey on sbtest3  (cost=0.43..406.92 rows=103 width=4)
	        Index Cond: ((id >= 201397) AND (id <= 201496))

table 4 : explain SELECT SUM(k) FROM sbtest4 WHERE id BETWEEN 4417814 AND 4417913
	Aggregate  (cost=366.20..366.21 rows=1 width=8)
	  ->  Index Scan using sbtest4_pkey on sbtest4  (cost=0.43..365.97 rows=93 width=4)
	        Index Cond: ((id >= 4417814) AND (id <= 4417913))

table 5 : explain SELECT SUM(k) FROM sbtest5 WHERE id BETWEEN 9018682 AND 9018781
	Aggregate  (cost=407.73..407.74 rows=1 width=8)
	  ->  Index Scan using sbtest5_pkey on sbtest5  (cost=0.43..407.48 rows=103 width=4)
	        Index Cond: ((id >= 9018682) AND (id <= 9018781))

table 6 : explain SELECT SUM(k) FROM sbtest6 WHERE id BETWEEN 1900288 AND 1900387
	Aggregate  (cost=387.80..387.81 rows=1 width=8)
	  ->  Index Scan using sbtest6_pkey on sbtest6  (cost=0.43..387.56 rows=98 width=4)
	        Index Cond: ((id >= 1900288) AND (id <= 1900387))

table 7 : explain SELECT SUM(k) FROM sbtest7 WHERE id BETWEEN 2876870 AND 2876969
	Aggregate  (cost=398.58..398.59 rows=1 width=8)
	  ->  Index Scan using sbtest7_pkey on sbtest7  (cost=0.43..398.33 rows=101 width=4)
	        Index Cond: ((id >= 2876870) AND (id <= 2876969))

table 8 : explain SELECT SUM(k) FROM sbtest8 WHERE id BETWEEN 7281801 AND 7281900
	Aggregate  (cost=422.48..422.49 rows=1 width=8)
	  ->  Index Scan using sbtest8_pkey on sbtest8  (cost=0.43..422.21 rows=107 width=4)
	        Index Cond: ((id >= 7281801) AND (id <= 7281900))

for: simple_ranges
table 1 : explain SELECT c FROM sbtest1 WHERE id BETWEEN 8406432 AND 8406531
	Index Scan using sbtest1_pkey on sbtest1  (cost=0.43..404.32 rows=102 width=121)
	  Index Cond: ((id >= 8406432) AND (id <= 8406531))

table 2 : explain SELECT c FROM sbtest2 WHERE id BETWEEN 6872089 AND 6872188
	Index Scan using sbtest2_pkey on sbtest2  (cost=0.43..373.07 rows=94 width=121)
	  Index Cond: ((id >= 6872089) AND (id <= 6872188))

table 3 : explain SELECT c FROM sbtest3 WHERE id BETWEEN 688124 AND 688223
	Index Scan using sbtest3_pkey on sbtest3  (cost=0.43..391.30 rows=99 width=121)
	  Index Cond: ((id >= 688124) AND (id <= 688223))

table 4 : explain SELECT c FROM sbtest4 WHERE id BETWEEN 6642804 AND 6642903
	Index Scan using sbtest4_pkey on sbtest4  (cost=0.43..381.51 rows=97 width=121)
	  Index Cond: ((id >= 6642804) AND (id <= 6642903))

table 5 : explain SELECT c FROM sbtest5 WHERE id BETWEEN 7185702 AND 7185801
	Index Scan using sbtest5_pkey on sbtest5  (cost=0.43..340.96 rows=86 width=121)
	  Index Cond: ((id >= 7185702) AND (id <= 7185801))

table 6 : explain SELECT c FROM sbtest6 WHERE id BETWEEN 3161557 AND 3161656
	Index Scan using sbtest6_pkey on sbtest6  (cost=0.43..356.30 rows=90 width=121)
	  Index Cond: ((id >= 3161557) AND (id <= 3161656))

table 7 : explain SELECT c FROM sbtest7 WHERE id BETWEEN 8648542 AND 8648641
	Index Scan using sbtest7_pkey on sbtest7  (cost=0.43..347.62 rows=88 width=121)
	  Index Cond: ((id >= 8648542) AND (id <= 8648641))

table 8 : explain SELECT c FROM sbtest8 WHERE id BETWEEN 8030771 AND 8030870
	Index Scan using sbtest8_pkey on sbtest8  (cost=0.43..390.99 rows=99 width=121)
	  Index Cond: ((id >= 8030771) AND (id <= 8030870))

for: sum_ranges
table 1 : explain SELECT SUM(k) FROM sbtest1 WHERE id BETWEEN 7129061 AND 7129160
	Aggregate  (cost=408.49..408.50 rows=1 width=8)
	  ->  Index Scan using sbtest1_pkey on sbtest1  (cost=0.43..408.23 rows=103 width=4)
	        Index Cond: ((id >= 7129061) AND (id <= 7129160))

table 2 : explain SELECT SUM(k) FROM sbtest2 WHERE id BETWEEN 8820436 AND 8820535
	Aggregate  (cost=424.29..424.30 rows=1 width=8)
	  ->  Index Scan using sbtest2_pkey on sbtest2  (cost=0.43..424.02 rows=107 width=4)
	        Index Cond: ((id >= 8820436) AND (id <= 8820535))

table 3 : explain SELECT SUM(k) FROM sbtest3 WHERE id BETWEEN 3589695 AND 3589794
	Aggregate  (cost=415.00..415.01 rows=1 width=8)
	  ->  Index Scan using sbtest3_pkey on sbtest3  (cost=0.43..414.73 rows=105 width=4)
	        Index Cond: ((id >= 3589695) AND (id <= 3589794))

table 4 : explain SELECT SUM(k) FROM sbtest4 WHERE id BETWEEN 1664304 AND 1664403
	Aggregate  (cost=416.74..416.75 rows=1 width=8)
	  ->  Index Scan using sbtest4_pkey on sbtest4  (cost=0.43..416.47 rows=106 width=4)
	        Index Cond: ((id >= 1664304) AND (id <= 1664403))

table 5 : explain SELECT SUM(k) FROM sbtest5 WHERE id BETWEEN 8076923 AND 8077022
	Aggregate  (cost=380.34..380.35 rows=1 width=8)
	  ->  Index Scan using sbtest5_pkey on sbtest5  (cost=0.43..380.10 rows=96 width=4)
	        Index Cond: ((id >= 8076923) AND (id <= 8077022))

table 6 : explain SELECT SUM(k) FROM sbtest6 WHERE id BETWEEN 9809492 AND 9809591
	Aggregate  (cost=407.35..407.36 rows=1 width=8)
	  ->  Index Scan using sbtest6_pkey on sbtest6  (cost=0.43..407.10 rows=103 width=4)
	        Index Cond: ((id >= 9809492) AND (id <= 9809591))

table 7 : explain SELECT SUM(k) FROM sbtest7 WHERE id BETWEEN 8752259 AND 8752358
	Aggregate  (cost=382.98..382.99 rows=1 width=8)
	  ->  Index Scan using sbtest7_pkey on sbtest7  (cost=0.43..382.73 rows=97 width=4)
	        Index Cond: ((id >= 8752259) AND (id <= 8752358))

table 8 : explain SELECT SUM(k) FROM sbtest8 WHERE id BETWEEN 8091266 AND 8091365
	Aggregate  (cost=391.24..391.25 rows=1 width=8)
	  ->  Index Scan using sbtest8_pkey on sbtest8  (cost=0.43..390.99 rows=99 width=4)
	        Index Cond: ((id >= 8091266) AND (id <= 8091365))

for: sum_ranges
table 1 : explain SELECT SUM(k) FROM sbtest1 WHERE id BETWEEN 6858781 AND 6858880
	Aggregate  (cost=420.25..420.26 rows=1 width=8)
	  ->  Index Scan using sbtest1_pkey on sbtest1  (cost=0.43..419.99 rows=106 width=4)
	        Index Cond: ((id >= 6858781) AND (id <= 6858880))

table 2 : explain SELECT SUM(k) FROM sbtest2 WHERE id BETWEEN 3962699 AND 3962798
	Aggregate  (cost=400.76..400.77 rows=1 width=8)
	  ->  Index Scan using sbtest2_pkey on sbtest2  (cost=0.43..400.50 rows=101 width=4)
	        Index Cond: ((id >= 3962699) AND (id <= 3962798))

table 3 : explain SELECT SUM(k) FROM sbtest3 WHERE id BETWEEN 3958119 AND 3958218
	Aggregate  (cost=379.82..379.83 rows=1 width=8)
	  ->  Index Scan using sbtest3_pkey on sbtest3  (cost=0.43..379.58 rows=96 width=4)
	        Index Cond: ((id >= 3958119) AND (id <= 3958218))

table 4 : explain SELECT SUM(k) FROM sbtest4 WHERE id BETWEEN 9815336 AND 9815435
	Aggregate  (cost=412.85..412.86 rows=1 width=8)
	  ->  Index Scan using sbtest4_pkey on sbtest4  (cost=0.43..412.59 rows=105 width=4)
	        Index Cond: ((id >= 9815336) AND (id <= 9815435))

table 5 : explain SELECT SUM(k) FROM sbtest5 WHERE id BETWEEN 1185167 AND 1185266
	Aggregate  (cost=427.30..427.31 rows=1 width=8)
	  ->  Index Scan using sbtest5_pkey on sbtest5  (cost=0.43..427.03 rows=108 width=4)
	        Index Cond: ((id >= 1185167) AND (id <= 1185266))

table 6 : explain SELECT SUM(k) FROM sbtest6 WHERE id BETWEEN 3318229 AND 3318328
	Aggregate  (cost=383.89..383.90 rows=1 width=8)
	  ->  Index Scan using sbtest6_pkey on sbtest6  (cost=0.43..383.65 rows=97 width=4)
	        Index Cond: ((id >= 3318229) AND (id <= 3318328))

table 7 : explain SELECT SUM(k) FROM sbtest7 WHERE id BETWEEN 9930841 AND 9930940
	Aggregate  (cost=394.68..394.69 rows=1 width=8)
	  ->  Index Scan using sbtest7_pkey on sbtest7  (cost=0.43..394.43 rows=100 width=4)
	        Index Cond: ((id >= 9930841) AND (id <= 9930940))

table 8 : explain SELECT SUM(k) FROM sbtest8 WHERE id BETWEEN 8559579 AND 8559678
	Aggregate  (cost=371.71..371.72 rows=1 width=8)
	  ->  Index Scan using sbtest8_pkey on sbtest8  (cost=0.43..371.48 rows=94 width=4)
	        Index Cond: ((id >= 8559579) AND (id <= 8559678))

for: sum_ranges
table 1 : explain SELECT SUM(k) FROM sbtest1 WHERE id BETWEEN 5780463 AND 5780562
	Aggregate  (cost=388.89..388.90 rows=1 width=8)
	  ->  Index Scan using sbtest1_pkey on sbtest1  (cost=0.43..388.64 rows=98 width=4)
	        Index Cond: ((id >= 5780463) AND (id <= 5780562))

table 2 : explain SELECT SUM(k) FROM sbtest2 WHERE id BETWEEN 3331243 AND 3331342
	Aggregate  (cost=420.37..420.38 rows=1 width=8)
	  ->  Index Scan using sbtest2_pkey on sbtest2  (cost=0.43..420.10 rows=106 width=4)
	        Index Cond: ((id >= 3331243) AND (id <= 3331342))

table 3 : explain SELECT SUM(k) FROM sbtest3 WHERE id BETWEEN 8449615 AND 8449714
	Aggregate  (cost=434.54..434.55 rows=1 width=8)
	  ->  Index Scan using sbtest3_pkey on sbtest3  (cost=0.43..434.26 rows=110 width=4)
	        Index Cond: ((id >= 8449615) AND (id <= 8449714))

table 4 : explain SELECT SUM(k) FROM sbtest4 WHERE id BETWEEN 8438850 AND 8438949
	Aggregate  (cost=420.63..420.64 rows=1 width=8)
	  ->  Index Scan using sbtest4_pkey on sbtest4  (cost=0.43..420.36 rows=107 width=4)
	        Index Cond: ((id >= 8438850) AND (id <= 8438949))

table 5 : explain SELECT SUM(k) FROM sbtest5 WHERE id BETWEEN 3906656 AND 3906755
	Aggregate  (cost=395.99..396.00 rows=1 width=8)
	  ->  Index Scan using sbtest5_pkey on sbtest5  (cost=0.43..395.74 rows=100 width=4)
	        Index Cond: ((id >= 3906656) AND (id <= 3906755))

table 6 : explain SELECT SUM(k) FROM sbtest6 WHERE id BETWEEN 94936 AND 95035
	Aggregate  (cost=403.44..403.45 rows=1 width=8)
	  ->  Index Scan using sbtest6_pkey on sbtest6  (cost=0.43..403.19 rows=102 width=4)
	        Index Cond: ((id >= 94936) AND (id <= 95035))

table 7 : explain SELECT SUM(k) FROM sbtest7 WHERE id BETWEEN 6549775 AND 6549874
	Aggregate  (cost=421.98..421.99 rows=1 width=8)
	  ->  Index Scan using sbtest7_pkey on sbtest7  (cost=0.43..421.71 rows=107 width=4)
	        Index Cond: ((id >= 6549775) AND (id <= 6549874))

table 8 : explain SELECT SUM(k) FROM sbtest8 WHERE id BETWEEN 3078753 AND 3078852
	Aggregate  (cost=371.71..371.72 rows=1 width=8)
	  ->  Index Scan using sbtest8_pkey on sbtest8  (cost=0.43..371.48 rows=94 width=4)
	        Index Cond: ((id >= 3078753) AND (id <= 3078852))

explain: for point_selects :: explain SELECT c FROM sbtest%u WHERE id=%u
for: sum_ranges
table 1 : explain SELECT SUM(k) FROM sbtest1 WHERE id BETWEEN 3669639 AND 3669738
	Aggregate  (cost=392.81..392.82 rows=1 width=8)
	  ->  Index Scan using sbtest1_pkey on sbtest1  (cost=0.43..392.56 rows=99 width=4)
	        Index Cond: ((id >= 3669639) AND (id <= 3669738))

table 2 : explain SELECT SUM(k) FROM sbtest2 WHERE id BETWEEN 3246691 AND 3246790
	Aggregate  (cost=357.59..357.60 rows=1 width=8)
	  ->  Index Scan using sbtest2_pkey on sbtest2  (cost=0.43..357.36 rows=90 width=4)
	        Index Cond: ((id >= 3246691) AND (id <= 3246790))

table 3 : explain SELECT SUM(k) FROM sbtest3 WHERE id BETWEEN 796335 AND 796434
	Aggregate  (cost=356.35..356.36 rows=1 width=8)
	  ->  Index Scan using sbtest3_pkey on sbtest3  (cost=0.43..356.12 rows=90 width=4)
	        Index Cond: ((id >= 796335) AND (id <= 796434))

table 4 : explain SELECT SUM(k) FROM sbtest4 WHERE id BETWEEN 4430416 AND 4430515
	Aggregate  (cost=366.20..366.21 rows=1 width=8)
	  ->  Index Scan using sbtest4_pkey on sbtest4  (cost=0.43..365.97 rows=93 width=4)
	        Index Cond: ((id >= 4430416) AND (id <= 4430515))

table 5 : explain SELECT SUM(k) FROM sbtest5 WHERE id BETWEEN 1978756 AND 1978855
	Aggregate  (cost=395.99..396.00 rows=1 width=8)
	  ->  Index Scan using sbtest5_pkey on sbtest5  (cost=0.43..395.74 rows=100 width=4)
	        Index Cond: ((id >= 1978756) AND (id <= 1978855))

table 6 : explain SELECT SUM(k) FROM sbtest6 WHERE id BETWEEN 7774198 AND 7774297
	Aggregate  (cost=387.80..387.81 rows=1 width=8)
	  ->  Index Scan using sbtest6_pkey on sbtest6  (cost=0.43..387.56 rows=98 width=4)
	        Index Cond: ((id >= 7774198) AND (id <= 7774297))

table 7 : explain SELECT SUM(k) FROM sbtest7 WHERE id BETWEEN 8771445 AND 8771544
	Aggregate  (cost=382.98..382.99 rows=1 width=8)
	  ->  Index Scan using sbtest7_pkey on sbtest7  (cost=0.43..382.73 rows=97 width=4)
	        Index Cond: ((id >= 8771445) AND (id <= 8771544))

table 8 : explain SELECT SUM(k) FROM sbtest8 WHERE id BETWEEN 4427725 AND 4427824
	Aggregate  (cost=383.43..383.44 rows=1 width=8)
	  ->  Index Scan using sbtest8_pkey on sbtest8  (cost=0.43..383.19 rows=97 width=4)
	        Index Cond: ((id >= 4427725) AND (id <= 4427824))

for: sum_ranges
table 1 : explain SELECT SUM(k) FROM sbtest1 WHERE id BETWEEN 3113057 AND 3113156
	Aggregate  (cost=377.10..377.11 rows=1 width=8)
	  ->  Index Scan using sbtest1_pkey on sbtest1  (cost=0.43..376.86 rows=95 width=4)
	        Index Cond: ((id >= 3113057) AND (id <= 3113156))

table 2 : explain SELECT SUM(k) FROM sbtest2 WHERE id BETWEEN 3300520 AND 3300619
	Aggregate  (cost=420.37..420.38 rows=1 width=8)
	  ->  Index Scan using sbtest2_pkey on sbtest2  (cost=0.43..420.10 rows=106 width=4)
	        Index Cond: ((id >= 3300520) AND (id <= 3300619))

table 3 : explain SELECT SUM(k) FROM sbtest3 WHERE id BETWEEN 13052 AND 13151
	Aggregate  (cost=415.00..415.01 rows=1 width=8)
	  ->  Index Scan using sbtest3_pkey on sbtest3  (cost=0.43..414.73 rows=105 width=4)
	        Index Cond: ((id >= 13052) AND (id <= 13151))

table 4 : explain SELECT SUM(k) FROM sbtest4 WHERE id BETWEEN 2577699 AND 2577798
	Aggregate  (cost=405.08..405.09 rows=1 width=8)
	  ->  Index Scan using sbtest4_pkey on sbtest4  (cost=0.43..404.82 rows=103 width=4)
	        Index Cond: ((id >= 2577699) AND (id <= 2577798))

table 5 : explain SELECT SUM(k) FROM sbtest5 WHERE id BETWEEN 7762133 AND 7762232
	Aggregate  (cost=415.56..415.57 rows=1 width=8)
	  ->  Index Scan using sbtest5_pkey on sbtest5  (cost=0.43..415.30 rows=105 width=4)
	        Index Cond: ((id >= 7762133) AND (id <= 7762232))

table 6 : explain SELECT SUM(k) FROM sbtest6 WHERE id BETWEEN 8545592 AND 8545691
	Aggregate  (cost=391.71..391.72 rows=1 width=8)
	  ->  Index Scan using sbtest6_pkey on sbtest6  (cost=0.43..391.47 rows=99 width=4)
	        Index Cond: ((id >= 8545592) AND (id <= 8545691))

table 7 : explain SELECT SUM(k) FROM sbtest7 WHERE id BETWEEN 806731 AND 806830
	Aggregate  (cost=410.28..410.29 rows=1 width=8)
	  ->  Index Scan using sbtest7_pkey on sbtest7  (cost=0.43..410.02 rows=104 width=4)
	        Index Cond: ((id >= 806731) AND (id <= 806830))

table 8 : explain SELECT SUM(k) FROM sbtest8 WHERE id BETWEEN 453852 AND 453951
	Aggregate  (cost=371.71..371.72 rows=1 width=8)
	  ->  Index Scan using sbtest8_pkey on sbtest8  (cost=0.43..371.48 rows=94 width=4)
	        Index Cond: ((id >= 453852) AND (id <= 453951))

for: simple_ranges
table 1 : explain SELECT c FROM sbtest1 WHERE id BETWEEN 1049346 AND 1049445
	Index Scan using sbtest1_pkey on sbtest1  (cost=0.43..365.10 rows=92 width=121)
	  Index Cond: ((id >= 1049346) AND (id <= 1049445))

table 2 : explain SELECT c FROM sbtest2 WHERE id BETWEEN 3481864 AND 3481963
	Index Scan using sbtest2_pkey on sbtest2  (cost=0.43..380.91 rows=96 width=121)
	  Index Cond: ((id >= 3481864) AND (id <= 3481963))

table 3 : explain SELECT c FROM sbtest3 WHERE id BETWEEN 8614903 AND 8615002
	Index Scan using sbtest3_pkey on sbtest3  (cost=0.43..371.77 rows=94 width=121)
	  Index Cond: ((id >= 8614903) AND (id <= 8615002))

table 4 : explain SELECT c FROM sbtest4 WHERE id BETWEEN 5709294 AND 5709393
	Index Scan using sbtest4_pkey on sbtest4  (cost=0.43..404.82 rows=103 width=121)
	  Index Cond: ((id >= 5709294) AND (id <= 5709393))

table 5 : explain SELECT c FROM sbtest5 WHERE id BETWEEN 8035109 AND 8035208
	Index Scan using sbtest5_pkey on sbtest5  (cost=0.43..380.10 rows=96 width=121)
	  Index Cond: ((id >= 8035109) AND (id <= 8035208))

table 6 : explain SELECT c FROM sbtest6 WHERE id BETWEEN 5358075 AND 5358174
	Index Scan using sbtest6_pkey on sbtest6  (cost=0.43..387.56 rows=98 width=121)
	  Index Cond: ((id >= 5358075) AND (id <= 5358174))

table 7 : explain SELECT c FROM sbtest7 WHERE id BETWEEN 2798325 AND 2798424
	Index Scan using sbtest7_pkey on sbtest7  (cost=0.43..382.73 rows=97 width=121)
	  Index Cond: ((id >= 2798325) AND (id <= 2798424))

table 8 : explain SELECT c FROM sbtest8 WHERE id BETWEEN 5212158 AND 5212257
	Index Scan using sbtest8_pkey on sbtest8  (cost=0.43..363.67 rows=92 width=121)
	  Index Cond: ((id >= 5212158) AND (id <= 5212257))

explain: for point_selects :: explain SELECT c FROM sbtest%u WHERE id=%u
for: order_ranges
table 1 : explain SELECT c FROM sbtest1 WHERE id BETWEEN 3070108 AND 3070207 ORDER BY c
	Sort  (cost=403.76..404.01 rows=101 width=121)
	  Sort Key: c
	  ->  Index Scan using sbtest1_pkey on sbtest1  (cost=0.43..400.40 rows=101 width=121)
	        Index Cond: ((id >= 3070108) AND (id <= 3070207))

table 2 : explain SELECT c FROM sbtest2 WHERE id BETWEEN 1448505 AND 1448604 ORDER BY c
	Sort  (cost=411.79..412.05 rows=103 width=121)
	  Sort Key: c
	  ->  Index Scan using sbtest2_pkey on sbtest2  (cost=0.43..408.34 rows=103 width=121)
	        Index Cond: ((id >= 1448505) AND (id <= 1448604))

table 3 : explain SELECT c FROM sbtest3 WHERE id BETWEEN 7536996 AND 7537095 ORDER BY c
	Sort  (cost=410.37..410.62 rows=103 width=121)
	  Sort Key: c
	  ->  Index Scan using sbtest3_pkey on sbtest3  (cost=0.43..406.92 rows=103 width=121)
	        Index Cond: ((id >= 7536996) AND (id <= 7537095))

table 4 : explain SELECT c FROM sbtest4 WHERE id BETWEEN 1620564 AND 1620663 ORDER BY c
	Sort  (cost=420.04..420.30 rows=106 width=121)
	  Sort Key: c
	  ->  Index Scan using sbtest4_pkey on sbtest4  (cost=0.43..416.47 rows=106 width=121)
	        Index Cond: ((id >= 1620564) AND (id <= 1620663))

table 5 : explain SELECT c FROM sbtest5 WHERE id BETWEEN 3214667 AND 3214766 ORDER BY c
	Sort  (cost=410.92..411.18 rows=103 width=121)
	  Sort Key: c
	  ->  Index Scan using sbtest5_pkey on sbtest5  (cost=0.43..407.48 rows=103 width=121)
	        Index Cond: ((id >= 3214667) AND (id <= 3214766))

table 6 : explain SELECT c FROM sbtest6 WHERE id BETWEEN 979382 AND 979481 ORDER BY c
	Sort  (cost=378.96..379.19 rows=95 width=121)
	  Sort Key: c
	  ->  Index Scan using sbtest6_pkey on sbtest6  (cost=0.43..375.84 rows=95 width=121)
	        Index Cond: ((id >= 979382) AND (id <= 979481))

table 7 : explain SELECT c FROM sbtest7 WHERE id BETWEEN 4977215 AND 4977314 ORDER BY c
	Sort  (cost=374.12..374.36 rows=94 width=121)
	  Sort Key: c
	  ->  Index Scan using sbtest7_pkey on sbtest7  (cost=0.43..371.04 rows=94 width=121)
	        Index Cond: ((id >= 4977215) AND (id <= 4977314))

table 8 : explain SELECT c FROM sbtest8 WHERE id BETWEEN 6291845 AND 6291944 ORDER BY c
	Sort  (cost=382.44..382.68 rows=96 width=121)
	  Sort Key: c
	  ->  Index Scan using sbtest8_pkey on sbtest8  (cost=0.43..379.28 rows=96 width=121)
	        Index Cond: ((id >= 6291845) AND (id <= 6291944))

for: order_ranges
table 1 : explain SELECT c FROM sbtest1 WHERE id BETWEEN 2784743 AND 2784842 ORDER BY c
	Sort  (cost=379.98..380.22 rows=95 width=121)
	  Sort Key: c
	  ->  Index Scan using sbtest1_pkey on sbtest1  (cost=0.43..376.86 rows=95 width=121)
	        Index Cond: ((id >= 2784743) AND (id <= 2784842))

table 2 : explain SELECT c FROM sbtest2 WHERE id BETWEEN 7319219 AND 7319318 ORDER BY c
	Sort  (cost=431.59..431.86 rows=108 width=121)
	  Sort Key: c
	  ->  Index Scan using sbtest2_pkey on sbtest2  (cost=0.43..427.94 rows=108 width=121)
	        Index Cond: ((id >= 7319219) AND (id <= 7319318))

table 3 : explain SELECT c FROM sbtest3 WHERE id BETWEEN 176957 AND 177056 ORDER BY c
	Sort  (cost=406.42..406.68 rows=102 width=121)
	  Sort Key: c
	  ->  Index Scan using sbtest3_pkey on sbtest3  (cost=0.43..403.02 rows=102 width=121)
	        Index Cond: ((id >= 176957) AND (id <= 177056))

table 4 : explain SELECT c FROM sbtest4 WHERE id BETWEEN 5171333 AND 5171432 ORDER BY c
	Sort  (cost=392.56..392.81 rows=99 width=121)
	  Sort Key: c
	  ->  Index Scan using sbtest4_pkey on sbtest4  (cost=0.43..389.28 rows=99 width=121)
	        Index Cond: ((id >= 5171333) AND (id <= 5171432))

table 5 : explain SELECT c FROM sbtest5 WHERE id BETWEEN 9066597 AND 9066696 ORDER BY c
	Sort  (cost=410.92..411.18 rows=103 width=121)
	  Sort Key: c
	  ->  Index Scan using sbtest5_pkey on sbtest5  (cost=0.43..407.48 rows=103 width=121)
	        Index Cond: ((id >= 9066597) AND (id <= 9066696))

table 6 : explain SELECT c FROM sbtest6 WHERE id BETWEEN 5614013 AND 5614112 ORDER BY c
	Sort  (cost=414.49..414.75 rows=104 width=121)
	  Sort Key: c
	  ->  Index Scan using sbtest6_pkey on sbtest6  (cost=0.43..411.00 rows=104 width=121)
	        Index Cond: ((id >= 5614013) AND (id <= 5614112))

table 7 : explain SELECT c FROM sbtest7 WHERE id BETWEEN 8867868 AND 8867967 ORDER BY c
	Sort  (cost=413.50..413.76 rows=104 width=121)
	  Sort Key: c
	  ->  Index Scan using sbtest7_pkey on sbtest7  (cost=0.43..410.02 rows=104 width=121)
	        Index Cond: ((id >= 8867868) AND (id <= 8867967))

table 8 : explain SELECT c FROM sbtest8 WHERE id BETWEEN 2656255 AND 2656354 ORDER BY c
	Sort  (cost=378.50..378.74 rows=95 width=121)
	  Sort Key: c
	  ->  Index Scan using sbtest8_pkey on sbtest8  (cost=0.43..375.38 rows=95 width=121)
	        Index Cond: ((id >= 2656255) AND (id <= 2656354))

explain: for point_selects :: explain SELECT c FROM sbtest%u WHERE id=%u
explain: for point_selects :: explain SELECT c FROM sbtest%u WHERE id=%u
for point_selects
table 1 : explain SELECT c FROM sbtest1 WHERE id=6150328
	Index Scan using sbtest1_pkey on sbtest1  (cost=0.43..8.45 rows=1 width=121)
	  Index Cond: (id = 6150328)

table 2 : explain SELECT c FROM sbtest2 WHERE id=2603846
	Index Scan using sbtest2_pkey on sbtest2  (cost=0.43..8.45 rows=1 width=121)
	  Index Cond: (id = 2603846)

table 3 : explain SELECT c FROM sbtest3 WHERE id=8953499
	Index Scan using sbtest3_pkey on sbtest3  (cost=0.43..8.45 rows=1 width=121)
	  Index Cond: (id = 8953499)

table 4 : explain SELECT c FROM sbtest4 WHERE id=2281746
	Index Scan using sbtest4_pkey on sbtest4  (cost=0.43..8.45 rows=1 width=121)
	  Index Cond: (id = 2281746)

table 5 : explain SELECT c FROM sbtest5 WHERE id=4822525
	Index Scan using sbtest5_pkey on sbtest5  (cost=0.43..8.45 rows=1 width=121)
	  Index Cond: (id = 4822525)

table 6 : explain SELECT c FROM sbtest6 WHERE id=3514869
	Index Scan using sbtest6_pkey on sbtest6  (cost=0.43..8.45 rows=1 width=121)
	  Index Cond: (id = 3514869)

table 7 : explain SELECT c FROM sbtest7 WHERE id=8880168
	Index Scan using sbtest7_pkey on sbtest7  (cost=0.43..8.45 rows=1 width=121)
	  Index Cond: (id = 8880168)

table 8 : explain SELECT c FROM sbtest8 WHERE id=6889049
	Index Scan using sbtest8_pkey on sbtest8  (cost=0.43..8.45 rows=1 width=121)
	  Index Cond: (id = 6889049)

for: order_ranges
table 1 : explain SELECT c FROM sbtest1 WHERE id BETWEEN 5216267 AND 5216366 ORDER BY c
	Sort  (cost=435.43..435.71 rows=109 width=121)
	  Sort Key: c
	  ->  Index Scan using sbtest1_pkey on sbtest1  (cost=0.43..431.75 rows=109 width=121)
	        Index Cond: ((id >= 5216267) AND (id <= 5216366))

table 2 : explain SELECT c FROM sbtest2 WHERE id BETWEEN 1644461 AND 1644560 ORDER BY c
	Sort  (cost=380.11..380.34 rows=95 width=121)
	  Sort Key: c
	  ->  Index Scan using sbtest2_pkey on sbtest2  (cost=0.43..376.99 rows=95 width=121)
	        Index Cond: ((id >= 1644461) AND (id <= 1644560))

table 3 : explain SELECT c FROM sbtest3 WHERE id BETWEEN 300116 AND 300215 ORDER BY c
	Sort  (cost=402.47..402.73 rows=101 width=121)
	  Sort Key: c
	  ->  Index Scan using sbtest3_pkey on sbtest3  (cost=0.43..399.11 rows=101 width=121)
	        Index Cond: ((id >= 300116) AND (id <= 300215))

table 4 : explain SELECT c FROM sbtest4 WHERE id BETWEEN 5812698 AND 5812797 ORDER BY c
	Sort  (cost=412.19..412.45 rows=104 width=121)
	  Sort Key: c
	  ->  Index Scan using sbtest4_pkey on sbtest4  (cost=0.43..408.70 rows=104 width=121)
	        Index Cond: ((id >= 5812698) AND (id <= 5812797))

table 5 : explain SELECT c FROM sbtest5 WHERE id BETWEEN 9380979 AND 9381078 ORDER BY c
	Sort  (cost=406.97..407.22 rows=102 width=121)
	  Sort Key: c
	  ->  Index Scan using sbtest5_pkey on sbtest5  (cost=0.43..403.57 rows=102 width=121)
	        Index Cond: ((id >= 9380979) AND (id <= 9381078))

table 6 : explain SELECT c FROM sbtest6 WHERE id BETWEEN 5138846 AND 5138945 ORDER BY c
	Sort  (cost=363.17..363.40 rows=91 width=121)
	  Sort Key: c
	  ->  Index Scan using sbtest6_pkey on sbtest6  (cost=0.43..360.21 rows=91 width=121)
	        Index Cond: ((id >= 5138846) AND (id <= 5138945))

table 7 : explain SELECT c FROM sbtest7 WHERE id BETWEEN 1673392 AND 1673491 ORDER BY c
	Sort  (cost=385.94..386.18 rows=97 width=121)
	  Sort Key: c
	  ->  Index Scan using sbtest7_pkey on sbtest7  (cost=0.43..382.73 rows=97 width=121)
	        Index Cond: ((id >= 1673392) AND (id <= 1673491))

table 8 : explain SELECT c FROM sbtest8 WHERE id BETWEEN 2633763 AND 2633862 ORDER BY c
	Sort  (cost=378.50..378.74 rows=95 width=121)
	  Sort Key: c
	  ->  Index Scan using sbtest8_pkey on sbtest8  (cost=0.43..375.38 rows=95 width=121)
	        Index Cond: ((id >= 2633763) AND (id <= 2633862))

explain: for point_selects :: explain SELECT c FROM sbtest%u WHERE id=%u
explain: for point_selects :: explain SELECT c FROM sbtest%u WHERE id=%u
for: order_ranges
table 1 : explain SELECT c FROM sbtest1 WHERE id BETWEEN 4731351 AND 4731450 ORDER BY c
	Sort  (cost=372.06..372.30 rows=93 width=121)
	  Sort Key: c
	  ->  Index Scan using sbtest1_pkey on sbtest1  (cost=0.43..369.02 rows=93 width=121)
	        Index Cond: ((id >= 4731351) AND (id <= 4731450))

table 2 : explain SELECT c FROM sbtest2 WHERE id BETWEEN 9028065 AND 9028164 ORDER BY c
	Sort  (cost=403.87..404.12 rows=101 width=121)
	  Sort Key: c
	  ->  Index Scan using sbtest2_pkey on sbtest2  (cost=0.43..400.50 rows=101 width=121)
	        Index Cond: ((id >= 9028065) AND (id <= 9028164))

table 3 : explain SELECT c FROM sbtest3 WHERE id BETWEEN 4001557 AND 4001656 ORDER BY c
	Sort  (cost=382.74..382.98 rows=96 width=121)
	  Sort Key: c
	  ->  Index Scan using sbtest3_pkey on sbtest3  (cost=0.43..379.58 rows=96 width=121)
	        Index Cond: ((id >= 4001557) AND (id <= 4001656))

table 4 : explain SELECT c FROM sbtest4 WHERE id BETWEEN 1799251 AND 1799350 ORDER BY c
	Sort  (cost=451.45..451.73 rows=114 width=121)
	  Sort Key: c
	  ->  Index Scan using sbtest4_pkey on sbtest4  (cost=0.43..447.55 rows=114 width=121)
	        Index Cond: ((id >= 1799251) AND (id <= 1799350))

table 5 : explain SELECT c FROM sbtest5 WHERE id BETWEEN 4981645 AND 4981744 ORDER BY c
	Sort  (cost=371.41..371.64 rows=93 width=121)
	  Sort Key: c
	  ->  Index Scan using sbtest5_pkey on sbtest5  (cost=0.43..368.37 rows=93 width=121)
	        Index Cond: ((id >= 4981645) AND (id <= 4981744))

table 6 : explain SELECT c FROM sbtest6 WHERE id BETWEEN 4698977 AND 4699076 ORDER BY c
	Sort  (cost=375.01..375.24 rows=94 width=121)
	  Sort Key: c
	  ->  Index Scan using sbtest6_pkey on sbtest6  (cost=0.43..371.93 rows=94 width=121)
	        Index Cond: ((id >= 4698977) AND (id <= 4699076))

table 7 : explain SELECT c FROM sbtest7 WHERE id BETWEEN 3828224 AND 3828323 ORDER BY c
	Sort  (cost=401.69..401.94 rows=101 width=121)
	  Sort Key: c
	  ->  Index Scan using sbtest7_pkey on sbtest7  (cost=0.43..398.33 rows=101 width=121)
	        Index Cond: ((id >= 3828224) AND (id <= 3828323))

table 8 : explain SELECT c FROM sbtest8 WHERE id BETWEEN 7415325 AND 7415424 ORDER BY c
	Sort  (cost=421.88..422.14 rows=106 width=121)
	  Sort Key: c
	  ->  Index Scan using sbtest8_pkey on sbtest8  (cost=0.43..418.31 rows=106 width=121)
	        Index Cond: ((id >= 7415325) AND (id <= 7415424))

for: order_ranges
table 1 : explain SELECT c FROM sbtest1 WHERE id BETWEEN 9087397 AND 9087496 ORDER BY c
	Sort  (cost=419.60..419.86 rows=105 width=121)
	  Sort Key: c
	  ->  Index Scan using sbtest1_pkey on sbtest1  (cost=0.43..416.07 rows=105 width=121)
	        Index Cond: ((id >= 9087397) AND (id <= 9087496))

table 2 : explain SELECT c FROM sbtest2 WHERE id BETWEEN 5988619 AND 5988718 ORDER BY c
	Sort  (cost=423.67..423.93 rows=106 width=121)
	  Sort Key: c
	  ->  Index Scan using sbtest2_pkey on sbtest2  (cost=0.43..420.10 rows=106 width=121)
	        Index Cond: ((id >= 5988619) AND (id <= 5988718))

table 3 : explain SELECT c FROM sbtest3 WHERE id BETWEEN 6074762 AND 6074861 ORDER BY c
	Sort  (cost=394.58..394.83 rows=99 width=121)
	  Sort Key: c
	  ->  Index Scan using sbtest3_pkey on sbtest3  (cost=0.43..391.30 rows=99 width=121)
	        Index Cond: ((id >= 6074762) AND (id <= 6074861))

table 4 : explain SELECT c FROM sbtest4 WHERE id BETWEEN 8082901 AND 8083000 ORDER BY c
	Sort  (cost=455.37..455.66 rows=115 width=121)
	  Sort Key: c
	  ->  Index Scan using sbtest4_pkey on sbtest4  (cost=0.43..451.44 rows=115 width=121)
	        Index Cond: ((id >= 8082901) AND (id <= 8083000))

table 5 : explain SELECT c FROM sbtest5 WHERE id BETWEEN 4066778 AND 4066877 ORDER BY c
	Sort  (cost=430.68..430.95 rows=108 width=121)
	  Sort Key: c
	  ->  Index Scan using sbtest5_pkey on sbtest5  (cost=0.43..427.03 rows=108 width=121)
	        Index Cond: ((id >= 4066778) AND (id <= 4066877))

table 6 : explain SELECT c FROM sbtest6 WHERE id BETWEEN 3344190 AND 3344289 ORDER BY c
	Sort  (cost=386.85..387.09 rows=97 width=121)
	  Sort Key: c
	  ->  Index Scan using sbtest6_pkey on sbtest6  (cost=0.43..383.65 rows=97 width=121)
	        Index Cond: ((id >= 3344190) AND (id <= 3344289))

table 7 : explain SELECT c FROM sbtest7 WHERE id BETWEEN 818743 AND 818842 ORDER BY c
	Sort  (cost=413.50..413.76 rows=104 width=121)
	  Sort Key: c
	  ->  Index Scan using sbtest7_pkey on sbtest7  (cost=0.43..410.02 rows=104 width=121)
	        Index Cond: ((id >= 818743) AND (id <= 818842))

table 8 : explain SELECT c FROM sbtest8 WHERE id BETWEEN 502736 AND 502835 ORDER BY c
	Sort  (cost=410.05..410.30 rows=103 width=121)
	  Sort Key: c
	  ->  Index Scan using sbtest8_pkey on sbtest8  (cost=0.43..406.60 rows=103 width=121)
	        Index Cond: ((id >= 502736) AND (id <= 502835))

for: simple_ranges
table 1 : explain SELECT c FROM sbtest1 WHERE id BETWEEN 6947132 AND 6947231
	Index Scan using sbtest1_pkey on sbtest1  (cost=0.43..384.72 rows=97 width=121)
	  Index Cond: ((id >= 6947132) AND (id <= 6947231))

table 2 : explain SELECT c FROM sbtest2 WHERE id BETWEEN 1961689 AND 1961788
	Index Scan using sbtest2_pkey on sbtest2  (cost=0.43..376.99 rows=95 width=121)
	  Index Cond: ((id >= 1961689) AND (id <= 1961788))

table 3 : explain SELECT c FROM sbtest3 WHERE id BETWEEN 9843467 AND 9843566
	Index Scan using sbtest3_pkey on sbtest3  (cost=0.43..414.73 rows=105 width=121)
	  Index Cond: ((id >= 9843467) AND (id <= 9843566))

table 4 : explain SELECT c FROM sbtest4 WHERE id BETWEEN 1237554 AND 1237653
	Index Scan using sbtest4_pkey on sbtest4  (cost=0.43..412.59 rows=105 width=121)
	  Index Cond: ((id >= 1237554) AND (id <= 1237653))

table 5 : explain SELECT c FROM sbtest5 WHERE id BETWEEN 5994248 AND 5994347
	Index Scan using sbtest5_pkey on sbtest5  (cost=0.43..384.01 rows=97 width=121)
	  Index Cond: ((id >= 5994248) AND (id <= 5994347))

table 6 : explain SELECT c FROM sbtest6 WHERE id BETWEEN 7377704 AND 7377803
	Index Scan using sbtest6_pkey on sbtest6  (cost=0.43..387.56 rows=98 width=121)
	  Index Cond: ((id >= 7377704) AND (id <= 7377803))

table 7 : explain SELECT c FROM sbtest7 WHERE id BETWEEN 4993011 AND 4993110
	Index Scan using sbtest7_pkey on sbtest7  (cost=0.43..371.04 rows=94 width=121)
	  Index Cond: ((id >= 4993011) AND (id <= 4993110))

table 8 : explain SELECT c FROM sbtest8 WHERE id BETWEEN 6934110 AND 6934209
	Index Scan using sbtest8_pkey on sbtest8  (cost=0.43..387.09 rows=98 width=121)
	  Index Cond: ((id >= 6934110) AND (id <= 6934209))

for: order_ranges
table 1 : explain SELECT c FROM sbtest1 WHERE id BETWEEN 8589737 AND 8589836 ORDER BY c
	Sort  (cost=391.88..392.13 rows=98 width=121)
	  Sort Key: c
	  ->  Index Scan using sbtest1_pkey on sbtest1  (cost=0.43..388.64 rows=98 width=121)
	        Index Cond: ((id >= 8589737) AND (id <= 8589836))

table 2 : explain SELECT c FROM sbtest2 WHERE id BETWEEN 4322580 AND 4322679 ORDER BY c
	Sort  (cost=399.91..400.16 rows=100 width=121)
	  Sort Key: c
	  ->  Index Scan using sbtest2_pkey on sbtest2  (cost=0.43..396.58 rows=100 width=121)
	        Index Cond: ((id >= 4322580) AND (id <= 4322679))

table 3 : explain SELECT c FROM sbtest3 WHERE id BETWEEN 4411654 AND 4411753 ORDER BY c
	Sort  (cost=434.05..434.32 rows=109 width=121)
	  Sort Key: c
	  ->  Index Scan using sbtest3_pkey on sbtest3  (cost=0.43..430.36 rows=109 width=121)
	        Index Cond: ((id >= 4411654) AND (id <= 4411753))

table 4 : explain SELECT c FROM sbtest4 WHERE id BETWEEN 6504410 AND 6504509 ORDER BY c
	Sort  (cost=427.89..428.16 rows=108 width=121)
	  Sort Key: c
	  ->  Index Scan using sbtest4_pkey on sbtest4  (cost=0.43..424.24 rows=108 width=121)
	        Index Cond: ((id >= 6504410) AND (id <= 6504509))

table 5 : explain SELECT c FROM sbtest5 WHERE id BETWEEN 3434340 AND 3434439 ORDER BY c
	Sort  (cost=399.07..399.32 rows=100 width=121)
	  Sort Key: c
	  ->  Index Scan using sbtest5_pkey on sbtest5  (cost=0.43..395.74 rows=100 width=121)
	        Index Cond: ((id >= 3434340) AND (id <= 3434439))

table 6 : explain SELECT c FROM sbtest6 WHERE id BETWEEN 3241556 AND 3241655 ORDER BY c
	Sort  (cost=402.64..402.90 rows=101 width=121)
	  Sort Key: c
	  ->  Index Scan using sbtest6_pkey on sbtest6  (cost=0.43..399.28 rows=101 width=121)
	        Index Cond: ((id >= 3241556) AND (id <= 3241655))

table 7 : explain SELECT c FROM sbtest7 WHERE id BETWEEN 753436 AND 753535 ORDER BY c
	Sort  (cost=389.87..390.12 rows=98 width=121)
	  Sort Key: c
	  ->  Index Scan using sbtest7_pkey on sbtest7  (cost=0.43..386.63 rows=98 width=121)
	        Index Cond: ((id >= 753436) AND (id <= 753535))

table 8 : explain SELECT c FROM sbtest8 WHERE id BETWEEN 7512243 AND 7512342 ORDER BY c
	Sort  (cost=382.44..382.68 rows=96 width=121)
	  Sort Key: c
	  ->  Index Scan using sbtest8_pkey on sbtest8  (cost=0.43..379.28 rows=96 width=121)
	        Index Cond: ((id >= 7512243) AND (id <= 7512342))

explain: for point_selects :: explain SELECT c FROM sbtest%u WHERE id=%u
explain: for point_selects :: explain SELECT c FROM sbtest%u WHERE id=%u
for point_selects
table 1 : explain SELECT c FROM sbtest1 WHERE id=4585124
	Index Scan using sbtest1_pkey on sbtest1  (cost=0.43..8.45 rows=1 width=121)
	  Index Cond: (id = 4585124)

table 2 : explain SELECT c FROM sbtest2 WHERE id=7954477
	Index Scan using sbtest2_pkey on sbtest2  (cost=0.43..8.45 rows=1 width=121)
	  Index Cond: (id = 7954477)

table 3 : explain SELECT c FROM sbtest3 WHERE id=4410330
	Index Scan using sbtest3_pkey on sbtest3  (cost=0.43..8.45 rows=1 width=121)
	  Index Cond: (id = 4410330)

table 4 : explain SELECT c FROM sbtest4 WHERE id=6063244
	Index Scan using sbtest4_pkey on sbtest4  (cost=0.43..8.45 rows=1 width=121)
	  Index Cond: (id = 6063244)

table 5 : explain SELECT c FROM sbtest5 WHERE id=2619819
	Index Scan using sbtest5_pkey on sbtest5  (cost=0.43..8.45 rows=1 width=121)
	  Index Cond: (id = 2619819)

table 6 : explain SELECT c FROM sbtest6 WHERE id=5005983
	Index Scan using sbtest6_pkey on sbtest6  (cost=0.43..8.45 rows=1 width=121)
	  Index Cond: (id = 5005983)

table 7 : explain SELECT c FROM sbtest7 WHERE id=2592408
	Index Scan using sbtest7_pkey on sbtest7  (cost=0.43..8.45 rows=1 width=121)
	  Index Cond: (id = 2592408)

table 8 : explain SELECT c FROM sbtest8 WHERE id=3844833
	Index Scan using sbtest8_pkey on sbtest8  (cost=0.43..8.45 rows=1 width=121)
	  Index Cond: (id = 3844833)

for: distinct_ranges
table 1 : explain SELECT DISTINCT c FROM sbtest1 WHERE id BETWEEN 6856107 AND 6856206 ORDER BY c
	Unique  (cost=423.56..424.09 rows=106 width=121)
	  ->  Sort  (cost=423.56..423.82 rows=106 width=121)
	        Sort Key: c
	        ->  Index Scan using sbtest1_pkey on sbtest1  (cost=0.43..419.99 rows=106 width=121)
	              Index Cond: ((id >= 6856107) AND (id <= 6856206))

table 2 : explain SELECT DISTINCT c FROM sbtest2 WHERE id BETWEEN 5680132 AND 5680231 ORDER BY c
	Unique  (cost=388.03..388.51 rows=97 width=121)
	  ->  Sort  (cost=388.03..388.27 rows=97 width=121)
	        Sort Key: c
	        ->  Index Scan using sbtest2_pkey on sbtest2  (cost=0.43..384.83 rows=97 width=121)
	              Index Cond: ((id >= 5680132) AND (id <= 5680231))

table 3 : explain SELECT DISTINCT c FROM sbtest3 WHERE id BETWEEN 7427817 AND 7427916 ORDER BY c
	Unique  (cost=366.93..367.39 rows=92 width=121)
	  ->  Sort  (cost=366.93..367.16 rows=92 width=121)
	        Sort Key: c
	        ->  Index Scan using sbtest3_pkey on sbtest3  (cost=0.43..363.93 rows=92 width=121)
	              Index Cond: ((id >= 7427817) AND (id <= 7427916))

table 4 : explain SELECT DISTINCT c FROM sbtest4 WHERE id BETWEEN 6085914 AND 6086013 ORDER BY c
	Unique  (cost=392.56..393.06 rows=99 width=121)
	  ->  Sort  (cost=392.56..392.81 rows=99 width=121)
	        Sort Key: c
	        ->  Index Scan using sbtest4_pkey on sbtest4  (cost=0.43..389.28 rows=99 width=121)
	              Index Cond: ((id >= 6085914) AND (id <= 6086013))

table 5 : explain SELECT DISTINCT c FROM sbtest5 WHERE id BETWEEN 6311136 AND 6311235 ORDER BY c
	Unique  (cost=418.82..419.35 rows=105 width=121)
	  ->  Sort  (cost=418.82..419.09 rows=105 width=121)
	        Sort Key: c
	        ->  Index Scan using sbtest5_pkey on sbtest5  (cost=0.43..415.30 rows=105 width=121)
	              Index Cond: ((id >= 6311136) AND (id <= 6311235))

table 6 : explain SELECT DISTINCT c FROM sbtest6 WHERE id BETWEEN 687660 AND 687759 ORDER BY c
	Unique  (cost=363.17..363.62 rows=91 width=121)
	  ->  Sort  (cost=363.17..363.40 rows=91 width=121)
	        Sort Key: c
	        ->  Index Scan using sbtest6_pkey on sbtest6  (cost=0.43..360.21 rows=91 width=121)
	              Index Cond: ((id >= 687660) AND (id <= 687759))

table 7 : explain SELECT DISTINCT c FROM sbtest7 WHERE id BETWEEN 4148189 AND 4148288 ORDER BY c
	Unique  (cost=393.81..394.31 rows=99 width=121)
	  ->  Sort  (cost=393.81..394.06 rows=99 width=121)
	        Sort Key: c
	        ->  Index Scan using sbtest7_pkey on sbtest7  (cost=0.43..390.53 rows=99 width=121)
	              Index Cond: ((id >= 4148189) AND (id <= 4148288))

table 8 : explain SELECT DISTINCT c FROM sbtest8 WHERE id BETWEEN 7388380 AND 7388479 ORDER BY c
	Unique  (cost=390.33..390.82 rows=98 width=121)
	  ->  Sort  (cost=390.33..390.58 rows=98 width=121)
	        Sort Key: c
	        ->  Index Scan using sbtest8_pkey on sbtest8  (cost=0.43..387.09 rows=98 width=121)
	              Index Cond: ((id >= 7388380) AND (id <= 7388479))

for: distinct_ranges
table 1 : explain SELECT DISTINCT c FROM sbtest1 WHERE id BETWEEN 410967 AND 411066 ORDER BY c
	Unique  (cost=383.94..384.42 rows=96 width=121)
	  ->  Sort  (cost=383.94..384.18 rows=96 width=121)
	        Sort Key: c
	        ->  Index Scan using sbtest1_pkey on sbtest1  (cost=0.43..380.78 rows=96 width=121)
	              Index Cond: ((id >= 410967) AND (id <= 411066))

table 2 : explain SELECT DISTINCT c FROM sbtest2 WHERE id BETWEEN 9274133 AND 9274232 ORDER BY c
	Unique  (cost=352.36..352.80 rows=88 width=121)
	  ->  Sort  (cost=352.36..352.58 rows=88 width=121)
	        Sort Key: c
	        ->  Index Scan using sbtest2_pkey on sbtest2  (cost=0.43..349.52 rows=88 width=121)
	              Index Cond: ((id >= 9274133) AND (id <= 9274232))

table 3 : explain SELECT DISTINCT c FROM sbtest3 WHERE id BETWEEN 4443473 AND 4443572 ORDER BY c
	Unique  (cost=434.05..434.59 rows=109 width=121)
	  ->  Sort  (cost=434.05..434.32 rows=109 width=121)
	        Sort Key: c
	        ->  Index Scan using sbtest3_pkey on sbtest3  (cost=0.43..430.36 rows=109 width=121)
	              Index Cond: ((id >= 4443473) AND (id <= 4443572))

table 4 : explain SELECT DISTINCT c FROM sbtest4 WHERE id BETWEEN 5049764 AND 5049863 ORDER BY c
	Unique  (cost=420.04..420.57 rows=106 width=121)
	  ->  Sort  (cost=420.04..420.30 rows=106 width=121)
	        Sort Key: c
	        ->  Index Scan using sbtest4_pkey on sbtest4  (cost=0.43..416.47 rows=106 width=121)
	              Index Cond: ((id >= 5049764) AND (id <= 5049863))

table 5 : explain SELECT DISTINCT c FROM sbtest5 WHERE id BETWEEN 4977939 AND 4978038 ORDER BY c
	Unique  (cost=371.41..371.87 rows=93 width=121)
	  ->  Sort  (cost=371.41..371.64 rows=93 width=121)
	        Sort Key: c
	        ->  Index Scan using sbtest5_pkey on sbtest5  (cost=0.43..368.37 rows=93 width=121)
	              Index Cond: ((id >= 4977939) AND (id <= 4978038))

table 6 : explain SELECT DISTINCT c FROM sbtest6 WHERE id BETWEEN 8694022 AND 8694121 ORDER BY c
	Unique  (cost=386.85..387.34 rows=97 width=121)
	  ->  Sort  (cost=386.85..387.09 rows=97 width=121)
	        Sort Key: c
	        ->  Index Scan using sbtest6_pkey on sbtest6  (cost=0.43..383.65 rows=97 width=121)
	              Index Cond: ((id >= 8694022) AND (id <= 8694121))

table 7 : explain SELECT DISTINCT c FROM sbtest7 WHERE id BETWEEN 8359798 AND 8359897 ORDER BY c
	Unique  (cost=362.31..362.76 rows=91 width=121)
	  ->  Sort  (cost=362.31..362.54 rows=91 width=121)
	        Sort Key: c
	        ->  Index Scan using sbtest7_pkey on sbtest7  (cost=0.43..359.35 rows=91 width=121)
	              Index Cond: ((id >= 8359798) AND (id <= 8359897))

table 8 : explain SELECT DISTINCT c FROM sbtest8 WHERE id BETWEEN 285140 AND 285239 ORDER BY c
	Unique  (cost=421.88..422.41 rows=106 width=121)
	  ->  Sort  (cost=421.88..422.14 rows=106 width=121)
	        Sort Key: c
	        ->  Index Scan using sbtest8_pkey on sbtest8  (cost=0.43..418.31 rows=106 width=121)
	              Index Cond: ((id >= 285140) AND (id <= 285239))

for: distinct_ranges
table 1 : explain SELECT DISTINCT c FROM sbtest1 WHERE id BETWEEN 1313339 AND 1313438 ORDER BY c
	Unique  (cost=407.72..408.23 rows=102 width=121)
	  ->  Sort  (cost=407.72..407.97 rows=102 width=121)
	        Sort Key: c
	        ->  Index Scan using sbtest1_pkey on sbtest1  (cost=0.43..404.32 rows=102 width=121)
	              Index Cond: ((id >= 1313339) AND (id <= 1313438))

table 2 : explain SELECT DISTINCT c FROM sbtest2 WHERE id BETWEEN 6806842 AND 6806941 ORDER BY c
	Unique  (cost=376.15..376.62 rows=94 width=121)
	  ->  Sort  (cost=376.15..376.38 rows=94 width=121)
	        Sort Key: c
	        ->  Index Scan using sbtest2_pkey on sbtest2  (cost=0.43..373.07 rows=94 width=121)
	              Index Cond: ((id >= 6806842) AND (id <= 6806941))

table 3 : explain SELECT DISTINCT c FROM sbtest3 WHERE id BETWEEN 1391944 AND 1392043 ORDER BY c
	Unique  (cost=362.99..363.44 rows=91 width=121)
	  ->  Sort  (cost=362.99..363.21 rows=91 width=121)
	        Sort Key: c
	        ->  Index Scan using sbtest3_pkey on sbtest3  (cost=0.43..360.03 rows=91 width=121)
	              Index Cond: ((id >= 1391944) AND (id <= 1392043))

table 4 : explain SELECT DISTINCT c FROM sbtest4 WHERE id BETWEEN 4214130 AND 4214229 ORDER BY c
	Unique  (cost=408.26..408.78 rows=103 width=121)
	  ->  Sort  (cost=408.26..408.52 rows=103 width=121)
	        Sort Key: c
	        ->  Index Scan using sbtest4_pkey on sbtest4  (cost=0.43..404.82 rows=103 width=121)
	              Index Cond: ((id >= 4214130) AND (id <= 4214229))

table 5 : explain SELECT DISTINCT c FROM sbtest5 WHERE id BETWEEN 4043591 AND 4043690 ORDER BY c
	Unique  (cost=430.68..431.22 rows=108 width=121)
	  ->  Sort  (cost=430.68..430.95 rows=108 width=121)
	        Sort Key: c
	        ->  Index Scan using sbtest5_pkey on sbtest5  (cost=0.43..427.03 rows=108 width=121)
	              Index Cond: ((id >= 4043591) AND (id <= 4043690))

table 6 : explain SELECT DISTINCT c FROM sbtest6 WHERE id BETWEEN 5368525 AND 5368624 ORDER BY c
	Unique  (cost=390.80..391.29 rows=98 width=121)
	  ->  Sort  (cost=390.80..391.04 rows=98 width=121)
	        Sort Key: c
	        ->  Index Scan using sbtest6_pkey on sbtest6  (cost=0.43..387.56 rows=98 width=121)
	              Index Cond: ((id >= 5368525) AND (id <= 5368624))

table 7 : explain SELECT DISTINCT c FROM sbtest7 WHERE id BETWEEN 7499313 AND 7499412 ORDER BY c
	Unique  (cost=393.81..394.31 rows=99 width=121)
	  ->  Sort  (cost=393.81..394.06 rows=99 width=121)
	        Sort Key: c
	        ->  Index Scan using sbtest7_pkey on sbtest7  (cost=0.43..390.53 rows=99 width=121)
	              Index Cond: ((id >= 7499313) AND (id <= 7499412))

table 8 : explain SELECT DISTINCT c FROM sbtest8 WHERE id BETWEEN 56529 AND 56628 ORDER BY c
	Unique  (cost=449.48..450.05 rows=113 width=121)
	  ->  Sort  (cost=449.48..449.76 rows=113 width=121)
	        Sort Key: c
	        ->  Index Scan using sbtest8_pkey on sbtest8  (cost=0.43..445.63 rows=113 width=121)
	              Index Cond: ((id >= 56529) AND (id <= 56628))

for: distinct_ranges
table 1 : explain SELECT DISTINCT c FROM sbtest1 WHERE id BETWEEN 9932833 AND 9932932 ORDER BY c
	Unique  (cost=419.60..420.12 rows=105 width=121)
	  ->  Sort  (cost=419.60..419.86 rows=105 width=121)
	        Sort Key: c
	        ->  Index Scan using sbtest1_pkey on sbtest1  (cost=0.43..416.07 rows=105 width=121)
	              Index Cond: ((id >= 9932833) AND (id <= 9932932))

table 2 : explain SELECT DISTINCT c FROM sbtest2 WHERE id BETWEEN 3243527 AND 3243626 ORDER BY c
	Unique  (cost=360.28..360.73 rows=90 width=121)
	  ->  Sort  (cost=360.28..360.51 rows=90 width=121)
	        Sort Key: c
	        ->  Index Scan using sbtest2_pkey on sbtest2  (cost=0.43..357.36 rows=90 width=121)
	              Index Cond: ((id >= 3243527) AND (id <= 3243626))

table 3 : explain SELECT DISTINCT c FROM sbtest3 WHERE id BETWEEN 3393291 AND 3393390 ORDER BY c
	Unique  (cost=398.53..399.03 rows=100 width=121)
	  ->  Sort  (cost=398.53..398.78 rows=100 width=121)
	        Sort Key: c
	        ->  Index Scan using sbtest3_pkey on sbtest3  (cost=0.43..395.21 rows=100 width=121)
	              Index Cond: ((id >= 3393291) AND (id <= 3393390))

table 4 : explain SELECT DISTINCT c FROM sbtest4 WHERE id BETWEEN 4965498 AND 4965597 ORDER BY c
	Unique  (cost=423.97..424.50 rows=107 width=121)
	  ->  Sort  (cost=423.97..424.23 rows=107 width=121)
	        Sort Key: c
	        ->  Index Scan using sbtest4_pkey on sbtest4  (cost=0.43..420.36 rows=107 width=121)
	              Index Cond: ((id >= 4965498) AND (id <= 4965597))

table 5 : explain SELECT DISTINCT c FROM sbtest5 WHERE id BETWEEN 2343945 AND 2344044 ORDER BY c
	Unique  (cost=387.21..387.70 rows=97 width=121)
	  ->  Sort  (cost=387.21..387.45 rows=97 width=121)
	        Sort Key: c
	        ->  Index Scan using sbtest5_pkey on sbtest5  (cost=0.43..384.01 rows=97 width=121)
	              Index Cond: ((id >= 2343945) AND (id <= 2344044))

table 6 : explain SELECT DISTINCT c FROM sbtest6 WHERE id BETWEEN 3499461 AND 3499560 ORDER BY c
	Unique  (cost=363.17..363.62 rows=91 width=121)
	  ->  Sort  (cost=363.17..363.40 rows=91 width=121)
	        Sort Key: c
	        ->  Index Scan using sbtest6_pkey on sbtest6  (cost=0.43..360.21 rows=91 width=121)
	              Index Cond: ((id >= 3499461) AND (id <= 3499560))

table 7 : explain SELECT DISTINCT c FROM sbtest7 WHERE id BETWEEN 1653413 AND 1653512 ORDER BY c
	Unique  (cost=385.94..386.42 rows=97 width=121)
	  ->  Sort  (cost=385.94..386.18 rows=97 width=121)
	        Sort Key: c
	        ->  Index Scan using sbtest7_pkey on sbtest7  (cost=0.43..382.73 rows=97 width=121)
	              Index Cond: ((id >= 1653413) AND (id <= 1653512))

table 8 : explain SELECT DISTINCT c FROM sbtest8 WHERE id BETWEEN 1188430 AND 1188529 ORDER BY c
	Unique  (cost=410.05..410.56 rows=103 width=121)
	  ->  Sort  (cost=410.05..410.30 rows=103 width=121)
	        Sort Key: c
	        ->  Index Scan using sbtest8_pkey on sbtest8  (cost=0.43..406.60 rows=103 width=121)
	              Index Cond: ((id >= 1188430) AND (id <= 1188529))

for point_selects
table 1 : explain SELECT c FROM sbtest1 WHERE id=7688736
	Index Scan using sbtest1_pkey on sbtest1  (cost=0.43..8.45 rows=1 width=121)
	  Index Cond: (id = 7688736)

table 2 : explain SELECT c FROM sbtest2 WHERE id=6412668
	Index Scan using sbtest2_pkey on sbtest2  (cost=0.43..8.45 rows=1 width=121)
	  Index Cond: (id = 6412668)

table 3 : explain SELECT c FROM sbtest3 WHERE id=5914542
	Index Scan using sbtest3_pkey on sbtest3  (cost=0.43..8.45 rows=1 width=121)
	  Index Cond: (id = 5914542)

table 4 : explain SELECT c FROM sbtest4 WHERE id=4475802
	Index Scan using sbtest4_pkey on sbtest4  (cost=0.43..8.45 rows=1 width=121)
	  Index Cond: (id = 4475802)

table 5 : explain SELECT c FROM sbtest5 WHERE id=1202282
	Index Scan using sbtest5_pkey on sbtest5  (cost=0.43..8.45 rows=1 width=121)
	  Index Cond: (id = 1202282)

table 6 : explain SELECT c FROM sbtest6 WHERE id=7993729
	Index Scan using sbtest6_pkey on sbtest6  (cost=0.43..8.45 rows=1 width=121)
	  Index Cond: (id = 7993729)

table 7 : explain SELECT c FROM sbtest7 WHERE id=7831969
	Index Scan using sbtest7_pkey on sbtest7  (cost=0.43..8.45 rows=1 width=121)
	  Index Cond: (id = 7831969)

table 8 : explain SELECT c FROM sbtest8 WHERE id=9076808
	Index Scan using sbtest8_pkey on sbtest8  (cost=0.43..8.45 rows=1 width=121)
	  Index Cond: (id = 9076808)

for: sum_ranges
table 1 : explain SELECT SUM(k) FROM sbtest1 WHERE id BETWEEN 6727082 AND 6727181
	Aggregate  (cost=388.89..388.90 rows=1 width=8)
	  ->  Index Scan using sbtest1_pkey on sbtest1  (cost=0.43..388.64 rows=98 width=4)
	        Index Cond: ((id >= 6727082) AND (id <= 6727181))

table 2 : explain SELECT SUM(k) FROM sbtest2 WHERE id BETWEEN 2135825 AND 2135924
	Aggregate  (cost=388.99..389.00 rows=1 width=8)
	  ->  Index Scan using sbtest2_pkey on sbtest2  (cost=0.43..388.75 rows=98 width=4)
	        Index Cond: ((id >= 2135825) AND (id <= 2135924))

table 3 : explain SELECT SUM(k) FROM sbtest3 WHERE id BETWEEN 7804986 AND 7805085
	Aggregate  (cost=407.18..407.19 rows=1 width=8)
	  ->  Index Scan using sbtest3_pkey on sbtest3  (cost=0.43..406.92 rows=103 width=4)
	        Index Cond: ((id >= 7804986) AND (id <= 7805085))

table 4 : explain SELECT SUM(k) FROM sbtest4 WHERE id BETWEEN 1755049 AND 1755148
	Aggregate  (cost=455.61..455.62 rows=1 width=8)
	  ->  Index Scan using sbtest4_pkey on sbtest4  (cost=0.43..455.32 rows=116 width=4)
	        Index Cond: ((id >= 1755049) AND (id <= 1755148))

table 5 : explain SELECT SUM(k) FROM sbtest5 WHERE id BETWEEN 1835650 AND 1835749
	Aggregate  (cost=399.91..399.92 rows=1 width=8)
	  ->  Index Scan using sbtest5_pkey on sbtest5  (cost=0.43..399.65 rows=101 width=4)
	        Index Cond: ((id >= 1835650) AND (id <= 1835749))

table 6 : explain SELECT SUM(k) FROM sbtest6 WHERE id BETWEEN 2335733 AND 2335832
	Aggregate  (cost=395.62..395.63 rows=1 width=8)
	  ->  Index Scan using sbtest6_pkey on sbtest6  (cost=0.43..395.37 rows=100 width=4)
	        Index Cond: ((id >= 2335733) AND (id <= 2335832))

table 7 : explain SELECT SUM(k) FROM sbtest7 WHERE id BETWEEN 1245093 AND 1245192
	Aggregate  (cost=398.58..398.59 rows=1 width=8)
	  ->  Index Scan using sbtest7_pkey on sbtest7  (cost=0.43..398.33 rows=101 width=4)
	        Index Cond: ((id >= 1245093) AND (id <= 1245192))

table 8 : explain SELECT SUM(k) FROM sbtest8 WHERE id BETWEEN 8727756 AND 8727855
	Aggregate  (cost=391.24..391.25 rows=1 width=8)
	  ->  Index Scan using sbtest8_pkey on sbtest8  (cost=0.43..390.99 rows=99 width=4)
	        Index Cond: ((id >= 8727756) AND (id <= 8727855))

for: simple_ranges
table 1 : explain SELECT c FROM sbtest1 WHERE id BETWEEN 9369954 AND 9370053
	Index Scan using sbtest1_pkey on sbtest1  (cost=0.43..404.32 rows=102 width=121)
	  Index Cond: ((id >= 9369954) AND (id <= 9370053))

table 2 : explain SELECT c FROM sbtest2 WHERE id BETWEEN 310391 AND 310490
	Index Scan using sbtest2_pkey on sbtest2  (cost=0.43..416.18 rows=105 width=121)
	  Index Cond: ((id >= 310391) AND (id <= 310490))

table 3 : explain SELECT c FROM sbtest3 WHERE id BETWEEN 6378457 AND 6378556
	Index Scan using sbtest3_pkey on sbtest3  (cost=0.43..399.11 rows=101 width=121)
	  Index Cond: ((id >= 6378457) AND (id <= 6378556))

table 4 : explain SELECT c FROM sbtest4 WHERE id BETWEEN 5974521 AND 5974620
	Index Scan using sbtest4_pkey on sbtest4  (cost=0.43..408.70 rows=104 width=121)
	  Index Cond: ((id >= 5974521) AND (id <= 5974620))

table 5 : explain SELECT c FROM sbtest5 WHERE id BETWEEN 6751406 AND 6751505
	Index Scan using sbtest5_pkey on sbtest5  (cost=0.43..376.19 rows=95 width=121)
	  Index Cond: ((id >= 6751406) AND (id <= 6751505))

table 6 : explain SELECT c FROM sbtest6 WHERE id BETWEEN 3484460 AND 3484559
	Index Scan using sbtest6_pkey on sbtest6  (cost=0.43..399.28 rows=101 width=121)
	  Index Cond: ((id >= 3484460) AND (id <= 3484559))

table 7 : explain SELECT c FROM sbtest7 WHERE id BETWEEN 1430430 AND 1430529
	Index Scan using sbtest7_pkey on sbtest7  (cost=0.43..445.10 rows=113 width=121)
	  Index Cond: ((id >= 1430430) AND (id <= 1430529))

table 8 : explain SELECT c FROM sbtest8 WHERE id BETWEEN 1670737 AND 1670836
	Index Scan using sbtest8_pkey on sbtest8  (cost=0.43..359.77 rows=91 width=121)
	  Index Cond: ((id >= 1670737) AND (id <= 1670836))

for: distinct_ranges
table 1 : explain SELECT DISTINCT c FROM sbtest1 WHERE id BETWEEN 2398798 AND 2398897 ORDER BY c
	Unique  (cost=352.27..352.71 rows=88 width=121)
	  ->  Sort  (cost=352.27..352.49 rows=88 width=121)
	        Sort Key: c
	        ->  Index Scan using sbtest1_pkey on sbtest1  (cost=0.43..349.43 rows=88 width=121)
	              Index Cond: ((id >= 2398798) AND (id <= 2398897))

table 2 : explain SELECT DISTINCT c FROM sbtest2 WHERE id BETWEEN 5400394 AND 5400493 ORDER BY c
	Unique  (cost=435.55..436.10 rows=109 width=121)
	  ->  Sort  (cost=435.55..435.82 rows=109 width=121)
	        Sort Key: c
	        ->  Index Scan using sbtest2_pkey on sbtest2  (cost=0.43..431.86 rows=109 width=121)
	              Index Cond: ((id >= 5400394) AND (id <= 5400493))

table 3 : explain SELECT DISTINCT c FROM sbtest3 WHERE id BETWEEN 1815464 AND 1815563 ORDER BY c
	Unique  (cost=422.21..422.74 rows=106 width=121)
	  ->  Sort  (cost=422.21..422.47 rows=106 width=121)
	        Sort Key: c
	        ->  Index Scan using sbtest3_pkey on sbtest3  (cost=0.43..418.64 rows=106 width=121)
	              Index Cond: ((id >= 1815464) AND (id <= 1815563))

table 4 : explain SELECT DISTINCT c FROM sbtest4 WHERE id BETWEEN 5153760 AND 5153859 ORDER BY c
	Unique  (cost=392.56..393.06 rows=99 width=121)
	  ->  Sort  (cost=392.56..392.81 rows=99 width=121)
	        Sort Key: c
	        ->  Index Scan using sbtest4_pkey on sbtest4  (cost=0.43..389.28 rows=99 width=121)
	              Index Cond: ((id >= 5153760) AND (id <= 5153859))

table 5 : explain SELECT DISTINCT c FROM sbtest5 WHERE id BETWEEN 3539957 AND 3540056 ORDER BY c
	Unique  (cost=355.57..356.02 rows=89 width=121)
	  ->  Sort  (cost=355.57..355.80 rows=89 width=121)
	        Sort Key: c
	        ->  Index Scan using sbtest5_pkey on sbtest5  (cost=0.43..352.69 rows=89 width=121)
	              Index Cond: ((id >= 3539957) AND (id <= 3540056))

table 6 : explain SELECT DISTINCT c FROM sbtest6 WHERE id BETWEEN 1683572 AND 1683671 ORDER BY c
	Unique  (cost=378.96..379.43 rows=95 width=121)
	  ->  Sort  (cost=378.96..379.19 rows=95 width=121)
	        Sort Key: c
	        ->  Index Scan using sbtest6_pkey on sbtest6  (cost=0.43..375.84 rows=95 width=121)
	              Index Cond: ((id >= 1683572) AND (id <= 1683671))

table 7 : explain SELECT DISTINCT c FROM sbtest7 WHERE id BETWEEN 5129809 AND 5129908 ORDER BY c
	Unique  (cost=385.94..386.42 rows=97 width=121)
	  ->  Sort  (cost=385.94..386.18 rows=97 width=121)
	        Sort Key: c
	        ->  Index Scan using sbtest7_pkey on sbtest7  (cost=0.43..382.73 rows=97 width=121)
	              Index Cond: ((id >= 5129809) AND (id <= 5129908))

table 8 : explain SELECT DISTINCT c FROM sbtest8 WHERE id BETWEEN 9008687 AND 9008786 ORDER BY c
	Unique  (cost=394.27..394.77 rows=99 width=121)
	  ->  Sort  (cost=394.27..394.52 rows=99 width=121)
	        Sort Key: c
	        ->  Index Scan using sbtest8_pkey on sbtest8  (cost=0.43..390.99 rows=99 width=121)
	              Index Cond: ((id >= 9008687) AND (id <= 9008786))

for: distinct_ranges
table 1 : explain SELECT DISTINCT c FROM sbtest1 WHERE id BETWEEN 9965860 AND 9965959 ORDER BY c
	Unique  (cost=419.60..420.12 rows=105 width=121)
	  ->  Sort  (cost=419.60..419.86 rows=105 width=121)
	        Sort Key: c
	        ->  Index Scan using sbtest1_pkey on sbtest1  (cost=0.43..416.07 rows=105 width=121)
	              Index Cond: ((id >= 9965860) AND (id <= 9965959))

table 2 : explain SELECT DISTINCT c FROM sbtest2 WHERE id BETWEEN 6047977 AND 6048076 ORDER BY c
	Unique  (cost=423.67..424.20 rows=106 width=121)
	  ->  Sort  (cost=423.67..423.93 rows=106 width=121)
	        Sort Key: c
	        ->  Index Scan using sbtest2_pkey on sbtest2  (cost=0.43..420.10 rows=106 width=121)
	              Index Cond: ((id >= 6047977) AND (id <= 6048076))

table 3 : explain SELECT DISTINCT c FROM sbtest3 WHERE id BETWEEN 5024770 AND 5024869 ORDER BY c
	Unique  (cost=406.42..406.93 rows=102 width=121)
	  ->  Sort  (cost=406.42..406.68 rows=102 width=121)
	        Sort Key: c
	        ->  Index Scan using sbtest3_pkey on sbtest3  (cost=0.43..403.02 rows=102 width=121)
	              Index Cond: ((id >= 5024770) AND (id <= 5024869))

table 4 : explain SELECT DISTINCT c FROM sbtest4 WHERE id BETWEEN 4069629 AND 4069728 ORDER BY c
	Unique  (cost=404.34..404.85 rows=102 width=121)
	  ->  Sort  (cost=404.34..404.59 rows=102 width=121)
	        Sort Key: c
	        ->  Index Scan using sbtest4_pkey on sbtest4  (cost=0.43..400.93 rows=102 width=121)
	              Index Cond: ((id >= 4069629) AND (id <= 4069728))

table 5 : explain SELECT DISTINCT c FROM sbtest5 WHERE id BETWEEN 5170975 AND 5171074 ORDER BY c
	Unique  (cost=379.31..379.78 rows=95 width=121)
	  ->  Sort  (cost=379.31..379.55 rows=95 width=121)
	        Sort Key: c
	        ->  Index Scan using sbtest5_pkey on sbtest5  (cost=0.43..376.19 rows=95 width=121)
	              Index Cond: ((id >= 5170975) AND (id <= 5171074))

table 6 : explain SELECT DISTINCT c FROM sbtest6 WHERE id BETWEEN 1730602 AND 1730701 ORDER BY c
	Unique  (cost=390.80..391.29 rows=98 width=121)
	  ->  Sort  (cost=390.80..391.04 rows=98 width=121)
	        Sort Key: c
	        ->  Index Scan using sbtest6_pkey on sbtest6  (cost=0.43..387.56 rows=98 width=121)
	              Index Cond: ((id >= 1730602) AND (id <= 1730701))

table 7 : explain SELECT DISTINCT c FROM sbtest7 WHERE id BETWEEN 9571632 AND 9571731 ORDER BY c
	Unique  (cost=362.31..362.76 rows=91 width=121)
	  ->  Sort  (cost=362.31..362.54 rows=91 width=121)
	        Sort Key: c
	        ->  Index Scan using sbtest7_pkey on sbtest7  (cost=0.43..359.35 rows=91 width=121)
	              Index Cond: ((id >= 9571632) AND (id <= 9571731))

table 8 : explain SELECT DISTINCT c FROM sbtest8 WHERE id BETWEEN 4500399 AND 4500498 ORDER BY c
	Unique  (cost=386.39..386.87 rows=97 width=121)
	  ->  Sort  (cost=386.39..386.63 rows=97 width=121)
	        Sort Key: c
	        ->  Index Scan using sbtest8_pkey on sbtest8  (cost=0.43..383.19 rows=97 width=121)
	              Index Cond: ((id >= 4500399) AND (id <= 4500498))

for point_selects
table 1 : explain SELECT c FROM sbtest1 WHERE id=9240198
	Index Scan using sbtest1_pkey on sbtest1  (cost=0.43..8.45 rows=1 width=121)
	  Index Cond: (id = 9240198)

table 2 : explain SELECT c FROM sbtest2 WHERE id=7408023
	Index Scan using sbtest2_pkey on sbtest2  (cost=0.43..8.45 rows=1 width=121)
	  Index Cond: (id = 7408023)

table 3 : explain SELECT c FROM sbtest3 WHERE id=7764043
	Index Scan using sbtest3_pkey on sbtest3  (cost=0.43..8.45 rows=1 width=121)
	  Index Cond: (id = 7764043)

table 4 : explain SELECT c FROM sbtest4 WHERE id=690277
	Index Scan using sbtest4_pkey on sbtest4  (cost=0.43..8.45 rows=1 width=121)
	  Index Cond: (id = 690277)

table 5 : explain SELECT c FROM sbtest5 WHERE id=6941764
	Index Scan using sbtest5_pkey on sbtest5  (cost=0.43..8.45 rows=1 width=121)
	  Index Cond: (id = 6941764)

table 6 : explain SELECT c FROM sbtest6 WHERE id=5626235
	Index Scan using sbtest6_pkey on sbtest6  (cost=0.43..8.45 rows=1 width=121)
	  Index Cond: (id = 5626235)

table 7 : explain SELECT c FROM sbtest7 WHERE id=5184190
	Index Scan using sbtest7_pkey on sbtest7  (cost=0.43..8.45 rows=1 width=121)
	  Index Cond: (id = 5184190)

table 8 : explain SELECT c FROM sbtest8 WHERE id=8981051
	Index Scan using sbtest8_pkey on sbtest8  (cost=0.43..8.45 rows=1 width=121)
	  Index Cond: (id = 8981051)

for point_selects
table 1 : explain SELECT c FROM sbtest1 WHERE id=2762328
	Index Scan using sbtest1_pkey on sbtest1  (cost=0.43..8.45 rows=1 width=121)
	  Index Cond: (id = 2762328)

table 2 : explain SELECT c FROM sbtest2 WHERE id=7195118
	Index Scan using sbtest2_pkey on sbtest2  (cost=0.43..8.45 rows=1 width=121)
	  Index Cond: (id = 7195118)

table 3 : explain SELECT c FROM sbtest3 WHERE id=9500417
	Index Scan using sbtest3_pkey on sbtest3  (cost=0.43..8.45 rows=1 width=121)
	  Index Cond: (id = 9500417)

table 4 : explain SELECT c FROM sbtest4 WHERE id=4557898
	Index Scan using sbtest4_pkey on sbtest4  (cost=0.43..8.45 rows=1 width=121)
	  Index Cond: (id = 4557898)

table 5 : explain SELECT c FROM sbtest5 WHERE id=2836852
	Index Scan using sbtest5_pkey on sbtest5  (cost=0.43..8.45 rows=1 width=121)
	  Index Cond: (id = 2836852)

table 6 : explain SELECT c FROM sbtest6 WHERE id=7146985
	Index Scan using sbtest6_pkey on sbtest6  (cost=0.43..8.45 rows=1 width=121)
	  Index Cond: (id = 7146985)

table 7 : explain SELECT c FROM sbtest7 WHERE id=5852348
	Index Scan using sbtest7_pkey on sbtest7  (cost=0.43..8.45 rows=1 width=121)
	  Index Cond: (id = 5852348)

table 8 : explain SELECT c FROM sbtest8 WHERE id=5072182
	Index Scan using sbtest8_pkey on sbtest8  (cost=0.43..8.45 rows=1 width=121)
	  Index Cond: (id = 5072182)

for point_selects
table 1 : explain SELECT c FROM sbtest1 WHERE id=9896912
	Index Scan using sbtest1_pkey on sbtest1  (cost=0.43..8.45 rows=1 width=121)
	  Index Cond: (id = 9896912)

table 2 : explain SELECT c FROM sbtest2 WHERE id=7872868
	Index Scan using sbtest2_pkey on sbtest2  (cost=0.43..8.45 rows=1 width=121)
	  Index Cond: (id = 7872868)

table 3 : explain SELECT c FROM sbtest3 WHERE id=4557146
	Index Scan using sbtest3_pkey on sbtest3  (cost=0.43..8.45 rows=1 width=121)
	  Index Cond: (id = 4557146)

table 4 : explain SELECT c FROM sbtest4 WHERE id=9142070
	Index Scan using sbtest4_pkey on sbtest4  (cost=0.43..8.45 rows=1 width=121)
	  Index Cond: (id = 9142070)

table 5 : explain SELECT c FROM sbtest5 WHERE id=9798332
	Index Scan using sbtest5_pkey on sbtest5  (cost=0.43..8.45 rows=1 width=121)
	  Index Cond: (id = 9798332)

table 6 : explain SELECT c FROM sbtest6 WHERE id=1664
	Index Scan using sbtest6_pkey on sbtest6  (cost=0.43..8.45 rows=1 width=121)
	  Index Cond: (id = 1664)

table 7 : explain SELECT c FROM sbtest7 WHERE id=5617754
	Index Scan using sbtest7_pkey on sbtest7  (cost=0.43..8.45 rows=1 width=121)
	  Index Cond: (id = 5617754)

table 8 : explain SELECT c FROM sbtest8 WHERE id=7834536
	Index Scan using sbtest8_pkey on sbtest8  (cost=0.43..8.45 rows=1 width=121)
	  Index Cond: (id = 7834536)

for point_selects
table 1 : explain SELECT c FROM sbtest1 WHERE id=7932908
	Index Scan using sbtest1_pkey on sbtest1  (cost=0.43..8.45 rows=1 width=121)
	  Index Cond: (id = 7932908)

table 2 : explain SELECT c FROM sbtest2 WHERE id=4873
	Index Scan using sbtest2_pkey on sbtest2  (cost=0.43..8.45 rows=1 width=121)
	  Index Cond: (id = 4873)

table 3 : explain SELECT c FROM sbtest3 WHERE id=5290746
	Index Scan using sbtest3_pkey on sbtest3  (cost=0.43..8.45 rows=1 width=121)
	  Index Cond: (id = 5290746)

table 4 : explain SELECT c FROM sbtest4 WHERE id=2643030
	Index Scan using sbtest4_pkey on sbtest4  (cost=0.43..8.45 rows=1 width=121)
	  Index Cond: (id = 2643030)

table 5 : explain SELECT c FROM sbtest5 WHERE id=1446444
	Index Scan using sbtest5_pkey on sbtest5  (cost=0.43..8.45 rows=1 width=121)
	  Index Cond: (id = 1446444)

table 6 : explain SELECT c FROM sbtest6 WHERE id=8576575
	Index Scan using sbtest6_pkey on sbtest6  (cost=0.43..8.45 rows=1 width=121)
	  Index Cond: (id = 8576575)

table 7 : explain SELECT c FROM sbtest7 WHERE id=9570618
	Index Scan using sbtest7_pkey on sbtest7  (cost=0.43..8.45 rows=1 width=121)
	  Index Cond: (id = 9570618)

table 8 : explain SELECT c FROM sbtest8 WHERE id=7922854
	Index Scan using sbtest8_pkey on sbtest8  (cost=0.43..8.45 rows=1 width=121)
	  Index Cond: (id = 7922854)

for: order_ranges
table 1 : explain SELECT c FROM sbtest1 WHERE id BETWEEN 1431779 AND 1431878 ORDER BY c
	Sort  (cost=395.84..396.09 rows=99 width=121)
	  Sort Key: c
	  ->  Index Scan using sbtest1_pkey on sbtest1  (cost=0.43..392.56 rows=99 width=121)
	        Index Cond: ((id >= 1431779) AND (id <= 1431878))

table 2 : explain SELECT c FROM sbtest2 WHERE id BETWEEN 2420785 AND 2420884 ORDER BY c
	Sort  (cost=411.79..412.05 rows=103 width=121)
	  Sort Key: c
	  ->  Index Scan using sbtest2_pkey on sbtest2  (cost=0.43..408.34 rows=103 width=121)
	        Index Cond: ((id >= 2420785) AND (id <= 2420884))

table 3 : explain SELECT c FROM sbtest3 WHERE id BETWEEN 2152017 AND 2152116 ORDER BY c
	Sort  (cost=382.74..382.98 rows=96 width=121)
	  Sort Key: c
	  ->  Index Scan using sbtest3_pkey on sbtest3  (cost=0.43..379.58 rows=96 width=121)
	        Index Cond: ((id >= 2152017) AND (id <= 2152116))

table 4 : explain SELECT c FROM sbtest4 WHERE id BETWEEN 2999069 AND 2999168 ORDER BY c
	Sort  (cost=369.01..369.24 rows=93 width=121)
	  Sort Key: c
	  ->  Index Scan using sbtest4_pkey on sbtest4  (cost=0.43..365.97 rows=93 width=121)
	        Index Cond: ((id >= 2999069) AND (id <= 2999168))

table 5 : explain SELECT c FROM sbtest5 WHERE id BETWEEN 4258441 AND 4258540 ORDER BY c
	Sort  (cost=434.63..434.91 rows=109 width=121)
	  Sort Key: c
	  ->  Index Scan using sbtest5_pkey on sbtest5  (cost=0.43..430.94 rows=109 width=121)
	        Index Cond: ((id >= 4258441) AND (id <= 4258540))

table 6 : explain SELECT c FROM sbtest6 WHERE id BETWEEN 8639027 AND 8639126 ORDER BY c
	Sort  (cost=386.85..387.09 rows=97 width=121)
	  Sort Key: c
	  ->  Index Scan using sbtest6_pkey on sbtest6  (cost=0.43..383.65 rows=97 width=121)
	        Index Cond: ((id >= 8639027) AND (id <= 8639126))

table 7 : explain SELECT c FROM sbtest7 WHERE id BETWEEN 9007023 AND 9007122 ORDER BY c
	Sort  (cost=413.50..413.76 rows=104 width=121)
	  Sort Key: c
	  ->  Index Scan using sbtest7_pkey on sbtest7  (cost=0.43..410.02 rows=104 width=121)
	        Index Cond: ((id >= 9007023) AND (id <= 9007122))

table 8 : explain SELECT c FROM sbtest8 WHERE id BETWEEN 961411 AND 961510 ORDER BY c
	Sort  (cost=402.16..402.41 rows=101 width=121)
	  Sort Key: c
	  ->  Index Scan using sbtest8_pkey on sbtest8  (cost=0.43..398.80 rows=101 width=121)
	        Index Cond: ((id >= 961411) AND (id <= 961510))

for: sum_ranges
table 1 : explain SELECT SUM(k) FROM sbtest1 WHERE id BETWEEN 5156033 AND 5156132
	Aggregate  (cost=373.18..373.19 rows=1 width=8)
	  ->  Index Scan using sbtest1_pkey on sbtest1  (cost=0.43..372.94 rows=94 width=4)
	        Index Cond: ((id >= 5156033) AND (id <= 5156132))

table 2 : explain SELECT SUM(k) FROM sbtest2 WHERE id BETWEEN 8312004 AND 8312103
	Aggregate  (cost=381.15..381.16 rows=1 width=8)
	  ->  Index Scan using sbtest2_pkey on sbtest2  (cost=0.43..380.91 rows=96 width=4)
	        Index Cond: ((id >= 8312004) AND (id <= 8312103))

table 3 : explain SELECT SUM(k) FROM sbtest3 WHERE id BETWEEN 2513928 AND 2514027
	Aggregate  (cost=383.73..383.74 rows=1 width=8)
	  ->  Index Scan using sbtest3_pkey on sbtest3  (cost=0.43..383.49 rows=97 width=4)
	        Index Cond: ((id >= 2513928) AND (id <= 2514027))

table 4 : explain SELECT SUM(k) FROM sbtest4 WHERE id BETWEEN 2447485 AND 2447584
	Aggregate  (cost=373.98..373.99 rows=1 width=8)
	  ->  Index Scan using sbtest4_pkey on sbtest4  (cost=0.43..373.74 rows=95 width=4)
	        Index Cond: ((id >= 2447485) AND (id <= 2447584))

table 5 : explain SELECT SUM(k) FROM sbtest5 WHERE id BETWEEN 1469591 AND 1469690
	Aggregate  (cost=403.82..403.83 rows=1 width=8)
	  ->  Index Scan using sbtest5_pkey on sbtest5  (cost=0.43..403.57 rows=102 width=4)
	        Index Cond: ((id >= 1469591) AND (id <= 1469690))

table 6 : explain SELECT SUM(k) FROM sbtest6 WHERE id BETWEEN 5809690 AND 5809789
	Aggregate  (cost=372.16..372.17 rows=1 width=8)
	  ->  Index Scan using sbtest6_pkey on sbtest6  (cost=0.43..371.93 rows=94 width=4)
	        Index Cond: ((id >= 5809690) AND (id <= 5809789))

table 7 : explain SELECT SUM(k) FROM sbtest7 WHERE id BETWEEN 2160331 AND 2160430
	Aggregate  (cost=394.68..394.69 rows=1 width=8)
	  ->  Index Scan using sbtest7_pkey on sbtest7  (cost=0.43..394.43 rows=100 width=4)
	        Index Cond: ((id >= 2160331) AND (id <= 2160430))

table 8 : explain SELECT SUM(k) FROM sbtest8 WHERE id BETWEEN 3392995 AND 3393094
	Aggregate  (cost=430.29..430.30 rows=1 width=8)
	  ->  Index Scan using sbtest8_pkey on sbtest8  (cost=0.43..430.02 rows=109 width=4)
	        Index Cond: ((id >= 3392995) AND (id <= 3393094))

for: simple_ranges
table 1 : explain SELECT c FROM sbtest1 WHERE id BETWEEN 1780052 AND 1780151
	Index Scan using sbtest1_pkey on sbtest1  (cost=0.43..380.78 rows=96 width=121)
	  Index Cond: ((id >= 1780052) AND (id <= 1780151))

table 2 : explain SELECT c FROM sbtest2 WHERE id BETWEEN 3951971 AND 3952070
	Index Scan using sbtest2_pkey on sbtest2  (cost=0.43..400.50 rows=101 width=121)
	  Index Cond: ((id >= 3951971) AND (id <= 3952070))

table 3 : explain SELECT c FROM sbtest3 WHERE id BETWEEN 9398137 AND 9398236
	Index Scan using sbtest3_pkey on sbtest3  (cost=0.43..387.39 rows=98 width=121)
	  Index Cond: ((id >= 9398137) AND (id <= 9398236))

table 4 : explain SELECT c FROM sbtest4 WHERE id BETWEEN 3610755 AND 3610854
	Index Scan using sbtest4_pkey on sbtest4  (cost=0.43..377.62 rows=96 width=121)
	  Index Cond: ((id >= 3610755) AND (id <= 3610854))

table 5 : explain SELECT c FROM sbtest5 WHERE id BETWEEN 8143510 AND 8143609
	Index Scan using sbtest5_pkey on sbtest5  (cost=0.43..380.10 rows=96 width=121)
	  Index Cond: ((id >= 8143510) AND (id <= 8143609))

table 6 : explain SELECT c FROM sbtest6 WHERE id BETWEEN 3282620 AND 3282719
	Index Scan using sbtest6_pkey on sbtest6  (cost=0.43..399.28 rows=101 width=121)
	  Index Cond: ((id >= 3282620) AND (id <= 3282719))

table 7 : explain SELECT c FROM sbtest7 WHERE id BETWEEN 9360739 AND 9360838
	Index Scan using sbtest7_pkey on sbtest7  (cost=0.43..406.12 rows=103 width=121)
	  Index Cond: ((id >= 9360739) AND (id <= 9360838))

table 8 : explain SELECT c FROM sbtest8 WHERE id BETWEEN 919910 AND 920009
	Index Scan using sbtest8_pkey on sbtest8  (cost=0.43..398.80 rows=101 width=121)
	  Index Cond: ((id >= 919910) AND (id <= 920009))

for: sum_ranges
table 1 : explain SELECT SUM(k) FROM sbtest1 WHERE id BETWEEN 294030 AND 294129
	Aggregate  (cost=377.10..377.11 rows=1 width=8)
	  ->  Index Scan using sbtest1_pkey on sbtest1  (cost=0.43..376.86 rows=95 width=4)
	        Index Cond: ((id >= 294030) AND (id <= 294129))

table 2 : explain SELECT SUM(k) FROM sbtest2 WHERE id BETWEEN 2714727 AND 2714826
	Aggregate  (cost=428.21..428.22 rows=1 width=8)
	  ->  Index Scan using sbtest2_pkey on sbtest2  (cost=0.43..427.94 rows=108 width=4)
	        Index Cond: ((id >= 2714727) AND (id <= 2714826))

table 3 : explain SELECT SUM(k) FROM sbtest3 WHERE id BETWEEN 1371092 AND 1371191
	Aggregate  (cost=430.63..430.64 rows=1 width=8)
	  ->  Index Scan using sbtest3_pkey on sbtest3  (cost=0.43..430.36 rows=109 width=4)
	        Index Cond: ((id >= 1371092) AND (id <= 1371191))

table 4 : explain SELECT SUM(k) FROM sbtest4 WHERE id BETWEEN 7446988 AND 7447087
	Aggregate  (cost=381.75..381.76 rows=1 width=8)
	  ->  Index Scan using sbtest4_pkey on sbtest4  (cost=0.43..381.51 rows=97 width=4)
	        Index Cond: ((id >= 7446988) AND (id <= 7447087))

table 5 : explain SELECT SUM(k) FROM sbtest5 WHERE id BETWEEN 4950080 AND 4950179
	Aggregate  (cost=368.60..368.61 rows=1 width=8)
	  ->  Index Scan using sbtest5_pkey on sbtest5  (cost=0.43..368.37 rows=93 width=4)
	        Index Cond: ((id >= 4950080) AND (id <= 4950179))

table 6 : explain SELECT SUM(k) FROM sbtest6 WHERE id BETWEEN 9224875 AND 9224974
	Aggregate  (cost=415.17..415.18 rows=1 width=8)
	  ->  Index Scan using sbtest6_pkey on sbtest6  (cost=0.43..414.91 rows=105 width=4)
	        Index Cond: ((id >= 9224875) AND (id <= 9224974))

table 7 : explain SELECT SUM(k) FROM sbtest7 WHERE id BETWEEN 527254 AND 527353
	Aggregate  (cost=402.48..402.49 rows=1 width=8)
	  ->  Index Scan using sbtest7_pkey on sbtest7  (cost=0.43..402.22 rows=102 width=4)
	        Index Cond: ((id >= 527254) AND (id <= 527353))

table 8 : explain SELECT SUM(k) FROM sbtest8 WHERE id BETWEEN 4412115 AND 4412214
	Aggregate  (cost=383.43..383.44 rows=1 width=8)
	  ->  Index Scan using sbtest8_pkey on sbtest8  (cost=0.43..383.19 rows=97 width=4)
	        Index Cond: ((id >= 4412115) AND (id <= 4412214))

for: simple_ranges
table 1 : explain SELECT c FROM sbtest1 WHERE id BETWEEN 9523206 AND 9523305
	Index Scan using sbtest1_pkey on sbtest1  (cost=0.43..408.23 rows=103 width=121)
	  Index Cond: ((id >= 9523206) AND (id <= 9523305))

table 2 : explain SELECT c FROM sbtest2 WHERE id BETWEEN 5415172 AND 5415271
	Index Scan using sbtest2_pkey on sbtest2  (cost=0.43..431.86 rows=109 width=121)
	  Index Cond: ((id >= 5415172) AND (id <= 5415271))

table 3 : explain SELECT c FROM sbtest3 WHERE id BETWEEN 2306954 AND 2307053
	Index Scan using sbtest3_pkey on sbtest3  (cost=0.43..379.58 rows=96 width=121)
	  Index Cond: ((id >= 2306954) AND (id <= 2307053))

table 4 : explain SELECT c FROM sbtest4 WHERE id BETWEEN 2765988 AND 2766087
	Index Scan using sbtest4_pkey on sbtest4  (cost=0.43..334.86 rows=85 width=121)
	  Index Cond: ((id >= 2765988) AND (id <= 2766087))

table 5 : explain SELECT c FROM sbtest5 WHERE id BETWEEN 5596696 AND 5596795
	Index Scan using sbtest5_pkey on sbtest5  (cost=0.43..372.28 rows=94 width=121)
	  Index Cond: ((id >= 5596696) AND (id <= 5596795))

table 6 : explain SELECT c FROM sbtest6 WHERE id BETWEEN 362618 AND 362717
	Index Scan using sbtest6_pkey on sbtest6  (cost=0.43..379.74 rows=96 width=121)
	  Index Cond: ((id >= 362618) AND (id <= 362717))

table 7 : explain SELECT c FROM sbtest7 WHERE id BETWEEN 880264 AND 880363
	Index Scan using sbtest7_pkey on sbtest7  (cost=0.43..410.02 rows=104 width=121)
	  Index Cond: ((id >= 880264) AND (id <= 880363))

table 8 : explain SELECT c FROM sbtest8 WHERE id BETWEEN 5975459 AND 5975558
	Index Scan using sbtest8_pkey on sbtest8  (cost=0.43..390.99 rows=99 width=121)
	  Index Cond: ((id >= 5975459) AND (id <= 5975558))

explain: for point_selects :: explain SELECT c FROM sbtest%u WHERE id=%u
for: distinct_ranges
table 1 : explain SELECT DISTINCT c FROM sbtest1 WHERE id BETWEEN 3862282 AND 3862381 ORDER BY c
	Unique  (cost=451.27..451.84 rows=113 width=121)
	  ->  Sort  (cost=451.27..451.56 rows=113 width=121)
	        Sort Key: c
	        ->  Index Scan using sbtest1_pkey on sbtest1  (cost=0.43..447.42 rows=113 width=121)
	              Index Cond: ((id >= 3862282) AND (id <= 3862381))

table 2 : explain SELECT DISTINCT c FROM sbtest2 WHERE id BETWEEN 9017534 AND 9017633 ORDER BY c
	Unique  (cost=403.87..404.37 rows=101 width=121)
	  ->  Sort  (cost=403.87..404.12 rows=101 width=121)
	        Sort Key: c
	        ->  Index Scan using sbtest2_pkey on sbtest2  (cost=0.43..400.50 rows=101 width=121)
	              Index Cond: ((id >= 9017534) AND (id <= 9017633))

table 3 : explain SELECT DISTINCT c FROM sbtest3 WHERE id BETWEEN 5175222 AND 5175321 ORDER BY c
	Unique  (cost=410.37..410.88 rows=103 width=121)
	  ->  Sort  (cost=410.37..410.62 rows=103 width=121)
	        Sort Key: c
	        ->  Index Scan using sbtest3_pkey on sbtest3  (cost=0.43..406.92 rows=103 width=121)
	              Index Cond: ((id >= 5175222) AND (id <= 5175321))

table 4 : explain SELECT DISTINCT c FROM sbtest4 WHERE id BETWEEN 4706593 AND 4706692 ORDER BY c
	Unique  (cost=400.41..400.92 rows=101 width=121)
	  ->  Sort  (cost=400.41..400.66 rows=101 width=121)
	        Sort Key: c
	        ->  Index Scan using sbtest4_pkey on sbtest4  (cost=0.43..397.05 rows=101 width=121)
	              Index Cond: ((id >= 4706593) AND (id <= 4706692))

table 5 : explain SELECT DISTINCT c FROM sbtest5 WHERE id BETWEEN 3344740 AND 3344839 ORDER BY c
	Unique  (cost=406.97..407.48 rows=102 width=121)
	  ->  Sort  (cost=406.97..407.22 rows=102 width=121)
	        Sort Key: c
	        ->  Index Scan using sbtest5_pkey on sbtest5  (cost=0.43..403.57 rows=102 width=121)
	              Index Cond: ((id >= 3344740) AND (id <= 3344839))

table 6 : explain SELECT DISTINCT c FROM sbtest6 WHERE id BETWEEN 1408505 AND 1408604 ORDER BY c
	Unique  (cost=402.64..403.15 rows=101 width=121)
	  ->  Sort  (cost=402.64..402.90 rows=101 width=121)
	        Sort Key: c
	        ->  Index Scan using sbtest6_pkey on sbtest6  (cost=0.43..399.28 rows=101 width=121)
	              Index Cond: ((id >= 1408505) AND (id <= 1408604))

table 7 : explain SELECT DISTINCT c FROM sbtest7 WHERE id BETWEEN 1955770 AND 1955869 ORDER BY c
	Unique  (cost=374.12..374.59 rows=94 width=121)
	  ->  Sort  (cost=374.12..374.36 rows=94 width=121)
	        Sort Key: c
	        ->  Index Scan using sbtest7_pkey on sbtest7  (cost=0.43..371.04 rows=94 width=121)
	              Index Cond: ((id >= 1955770) AND (id <= 1955869))

table 8 : explain SELECT DISTINCT c FROM sbtest8 WHERE id BETWEEN 4321811 AND 4321910 ORDER BY c
	Unique  (cost=406.10..406.61 rows=102 width=121)
	  ->  Sort  (cost=406.10..406.36 rows=102 width=121)
	        Sort Key: c
	        ->  Index Scan using sbtest8_pkey on sbtest8  (cost=0.43..402.70 rows=102 width=121)
	              Index Cond: ((id >= 4321811) AND (id <= 4321910))

for point_selects
table 1 : explain SELECT c FROM sbtest1 WHERE id=7903229
	Index Scan using sbtest1_pkey on sbtest1  (cost=0.43..8.45 rows=1 width=121)
	  Index Cond: (id = 7903229)

table 2 : explain SELECT c FROM sbtest2 WHERE id=190752
	Index Scan using sbtest2_pkey on sbtest2  (cost=0.43..8.45 rows=1 width=121)
	  Index Cond: (id = 190752)

table 3 : explain SELECT c FROM sbtest3 WHERE id=1579943
	Index Scan using sbtest3_pkey on sbtest3  (cost=0.43..8.45 rows=1 width=121)
	  Index Cond: (id = 1579943)

table 4 : explain SELECT c FROM sbtest4 WHERE id=4408236
	Index Scan using sbtest4_pkey on sbtest4  (cost=0.43..8.45 rows=1 width=121)
	  Index Cond: (id = 4408236)

table 5 : explain SELECT c FROM sbtest5 WHERE id=9721834
	Index Scan using sbtest5_pkey on sbtest5  (cost=0.43..8.45 rows=1 width=121)
	  Index Cond: (id = 9721834)

table 6 : explain SELECT c FROM sbtest6 WHERE id=4154453
	Index Scan using sbtest6_pkey on sbtest6  (cost=0.43..8.45 rows=1 width=121)
	  Index Cond: (id = 4154453)

table 7 : explain SELECT c FROM sbtest7 WHERE id=7804625
	Index Scan using sbtest7_pkey on sbtest7  (cost=0.43..8.45 rows=1 width=121)
	  Index Cond: (id = 7804625)

table 8 : explain SELECT c FROM sbtest8 WHERE id=364160
	Index Scan using sbtest8_pkey on sbtest8  (cost=0.43..8.45 rows=1 width=121)
	  Index Cond: (id = 364160)

for: simple_ranges
table 1 : explain SELECT c FROM sbtest1 WHERE id BETWEEN 1640592 AND 1640691
	Index Scan using sbtest1_pkey on sbtest1  (cost=0.43..419.99 rows=106 width=121)
	  Index Cond: ((id >= 1640592) AND (id <= 1640691))

table 2 : explain SELECT c FROM sbtest2 WHERE id BETWEEN 9425350 AND 9425449
	Index Scan using sbtest2_pkey on sbtest2  (cost=0.43..353.44 rows=89 width=121)
	  Index Cond: ((id >= 9425350) AND (id <= 9425449))

table 3 : explain SELECT c FROM sbtest3 WHERE id BETWEEN 2699452 AND 2699551
	Index Scan using sbtest3_pkey on sbtest3  (cost=0.43..430.36 rows=109 width=121)
	  Index Cond: ((id >= 2699452) AND (id <= 2699551))

table 4 : explain SELECT c FROM sbtest4 WHERE id BETWEEN 7300880 AND 7300979
	Index Scan using sbtest4_pkey on sbtest4  (cost=0.43..424.24 rows=108 width=121)
	  Index Cond: ((id >= 7300880) AND (id <= 7300979))

table 5 : explain SELECT c FROM sbtest5 WHERE id BETWEEN 4446410 AND 4446509
	Index Scan using sbtest5_pkey on sbtest5  (cost=0.43..430.94 rows=109 width=121)
	  Index Cond: ((id >= 4446410) AND (id <= 4446509))

table 6 : explain SELECT c FROM sbtest6 WHERE id BETWEEN 3871140 AND 3871239
	Index Scan using sbtest6_pkey on sbtest6  (cost=0.43..368.02 rows=93 width=121)
	  Index Cond: ((id >= 3871140) AND (id <= 3871239))

table 7 : explain SELECT c FROM sbtest7 WHERE id BETWEEN 8904372 AND 8904471
	Index Scan using sbtest7_pkey on sbtest7  (cost=0.43..410.02 rows=104 width=121)
	  Index Cond: ((id >= 8904372) AND (id <= 8904471))

table 8 : explain SELECT c FROM sbtest8 WHERE id BETWEEN 6340320 AND 6340419
	Index Scan using sbtest8_pkey on sbtest8  (cost=0.43..410.50 rows=104 width=121)
	  Index Cond: ((id >= 6340320) AND (id <= 6340419))

for: order_ranges
table 1 : explain SELECT c FROM sbtest1 WHERE id BETWEEN 4612773 AND 4612872 ORDER BY c
	Sort  (cost=403.76..404.01 rows=101 width=121)
	  Sort Key: c
	  ->  Index Scan using sbtest1_pkey on sbtest1  (cost=0.43..400.40 rows=101 width=121)
	        Index Cond: ((id >= 4612773) AND (id <= 4612872))

table 2 : explain SELECT c FROM sbtest2 WHERE id BETWEEN 1244107 AND 1244206 ORDER BY c
	Sort  (cost=391.99..392.23 rows=98 width=121)
	  Sort Key: c
	  ->  Index Scan using sbtest2_pkey on sbtest2  (cost=0.43..388.75 rows=98 width=121)
	        Index Cond: ((id >= 1244107) AND (id <= 1244206))

table 3 : explain SELECT c FROM sbtest3 WHERE id BETWEEN 7959832 AND 7959931 ORDER BY c
	Sort  (cost=402.47..402.73 rows=101 width=121)
	  Sort Key: c
	  ->  Index Scan using sbtest3_pkey on sbtest3  (cost=0.43..399.11 rows=101 width=121)
	        Index Cond: ((id >= 7959832) AND (id <= 7959931))

table 4 : explain SELECT c FROM sbtest4 WHERE id BETWEEN 3896722 AND 3896821 ORDER BY c
	Sort  (cost=392.56..392.81 rows=99 width=121)
	  Sort Key: c
	  ->  Index Scan using sbtest4_pkey on sbtest4  (cost=0.43..389.28 rows=99 width=121)
	        Index Cond: ((id >= 3896722) AND (id <= 3896821))

table 5 : explain SELECT c FROM sbtest5 WHERE id BETWEEN 6421309 AND 6421408 ORDER BY c
	Sort  (cost=430.68..430.95 rows=108 width=121)
	  Sort Key: c
	  ->  Index Scan using sbtest5_pkey on sbtest5  (cost=0.43..427.03 rows=108 width=121)
	        Index Cond: ((id >= 6421309) AND (id <= 6421408))

table 6 : explain SELECT c FROM sbtest6 WHERE id BETWEEN 8708914 AND 8709013 ORDER BY c
	Sort  (cost=386.85..387.09 rows=97 width=121)
	  Sort Key: c
	  ->  Index Scan using sbtest6_pkey on sbtest6  (cost=0.43..383.65 rows=97 width=121)
	        Index Cond: ((id >= 8708914) AND (id <= 8709013))

table 7 : explain SELECT c FROM sbtest7 WHERE id BETWEEN 5012707 AND 5012806 ORDER BY c
	Sort  (cost=374.12..374.36 rows=94 width=121)
	  Sort Key: c
	  ->  Index Scan using sbtest7_pkey on sbtest7  (cost=0.43..371.04 rows=94 width=121)
	        Index Cond: ((id >= 5012707) AND (id <= 5012806))

table 8 : explain SELECT c FROM sbtest8 WHERE id BETWEEN 6815846 AND 6815945 ORDER BY c
	Sort  (cost=362.73..362.96 rows=91 width=121)
	  Sort Key: c
	  ->  Index Scan using sbtest8_pkey on sbtest8  (cost=0.43..359.77 rows=91 width=121)
	        Index Cond: ((id >= 6815846) AND (id <= 6815945))

for: simple_ranges
table 1 : explain SELECT c FROM sbtest1 WHERE id BETWEEN 6981323 AND 6981422
	Index Scan using sbtest1_pkey on sbtest1  (cost=0.43..419.99 rows=106 width=121)
	  Index Cond: ((id >= 6981323) AND (id <= 6981422))

table 2 : explain SELECT c FROM sbtest2 WHERE id BETWEEN 92948 AND 93047
	Index Scan using sbtest2_pkey on sbtest2  (cost=0.43..388.75 rows=98 width=121)
	  Index Cond: ((id >= 92948) AND (id <= 93047))

table 3 : explain SELECT c FROM sbtest3 WHERE id BETWEEN 5031636 AND 5031735
	Index Scan using sbtest3_pkey on sbtest3  (cost=0.43..403.02 rows=102 width=121)
	  Index Cond: ((id >= 5031636) AND (id <= 5031735))

table 4 : explain SELECT c FROM sbtest4 WHERE id BETWEEN 1455732 AND 1455831
	Index Scan using sbtest4_pkey on sbtest4  (cost=0.43..389.28 rows=99 width=121)
	  Index Cond: ((id >= 1455732) AND (id <= 1455831))

table 5 : explain SELECT c FROM sbtest5 WHERE id BETWEEN 5026223 AND 5026322
	Index Scan using sbtest5_pkey on sbtest5  (cost=0.43..376.19 rows=95 width=121)
	  Index Cond: ((id >= 5026223) AND (id <= 5026322))

table 6 : explain SELECT c FROM sbtest6 WHERE id BETWEEN 5780836 AND 5780935
	Index Scan using sbtest6_pkey on sbtest6  (cost=0.43..371.93 rows=94 width=121)
	  Index Cond: ((id >= 5780836) AND (id <= 5780935))

table 7 : explain SELECT c FROM sbtest7 WHERE id BETWEEN 7720477 AND 7720576
	Index Scan using sbtest7_pkey on sbtest7  (cost=0.43..406.12 rows=103 width=121)
	  Index Cond: ((id >= 7720477) AND (id <= 7720576))

table 8 : explain SELECT c FROM sbtest8 WHERE id BETWEEN 875852 AND 875951
	Index Scan using sbtest8_pkey on sbtest8  (cost=0.43..394.89 rows=100 width=121)
	  Index Cond: ((id >= 875852) AND (id <= 875951))

for: sum_ranges
table 1 : explain SELECT SUM(k) FROM sbtest1 WHERE id BETWEEN 2128677 AND 2128776
	Aggregate  (cost=435.94..435.95 rows=1 width=8)
	  ->  Index Scan using sbtest1_pkey on sbtest1  (cost=0.43..435.66 rows=110 width=4)
	        Index Cond: ((id >= 2128677) AND (id <= 2128776))

table 2 : explain SELECT SUM(k) FROM sbtest2 WHERE id BETWEEN 8509905 AND 8510004
	Aggregate  (cost=373.30..373.31 rows=1 width=8)
	  ->  Index Scan using sbtest2_pkey on sbtest2  (cost=0.43..373.07 rows=94 width=4)
	        Index Cond: ((id >= 8509905) AND (id <= 8510004))

table 3 : explain SELECT SUM(k) FROM sbtest3 WHERE id BETWEEN 1255317 AND 1255416
	Aggregate  (cost=391.55..391.56 rows=1 width=8)
	  ->  Index Scan using sbtest3_pkey on sbtest3  (cost=0.43..391.30 rows=99 width=4)
	        Index Cond: ((id >= 1255317) AND (id <= 1255416))

table 4 : explain SELECT SUM(k) FROM sbtest4 WHERE id BETWEEN 7619547 AND 7619646
	Aggregate  (cost=401.19..401.20 rows=1 width=8)
	  ->  Index Scan using sbtest4_pkey on sbtest4  (cost=0.43..400.93 rows=102 width=4)
	        Index Cond: ((id >= 7619547) AND (id <= 7619646))

table 5 : explain SELECT SUM(k) FROM sbtest5 WHERE id BETWEEN 3442109 AND 3442208
	Aggregate  (cost=395.99..396.00 rows=1 width=8)
	  ->  Index Scan using sbtest5_pkey on sbtest5  (cost=0.43..395.74 rows=100 width=4)
	        Index Cond: ((id >= 3442109) AND (id <= 3442208))

table 6 : explain SELECT SUM(k) FROM sbtest6 WHERE id BETWEEN 7427013 AND 7427112
	Aggregate  (cost=387.80..387.81 rows=1 width=8)
	  ->  Index Scan using sbtest6_pkey on sbtest6  (cost=0.43..387.56 rows=98 width=4)
	        Index Cond: ((id >= 7427013) AND (id <= 7427112))

table 7 : explain SELECT SUM(k) FROM sbtest7 WHERE id BETWEEN 6133960 AND 6134059
	Aggregate  (cost=382.98..382.99 rows=1 width=8)
	  ->  Index Scan using sbtest7_pkey on sbtest7  (cost=0.43..382.73 rows=97 width=4)
	        Index Cond: ((id >= 6133960) AND (id <= 6134059))

table 8 : explain SELECT SUM(k) FROM sbtest8 WHERE id BETWEEN 8972029 AND 8972128
	Aggregate  (cost=391.24..391.25 rows=1 width=8)
	  ->  Index Scan using sbtest8_pkey on sbtest8  (cost=0.43..390.99 rows=99 width=4)
	        Index Cond: ((id >= 8972029) AND (id <= 8972128))

explain: for point_selects :: explain SELECT c FROM sbtest%u WHERE id=%u
explain: for point_selects :: explain SELECT c FROM sbtest%u WHERE id=%u
for: simple_ranges
table 1 : explain SELECT c FROM sbtest1 WHERE id BETWEEN 8900606 AND 8900705
	Index Scan using sbtest1_pkey on sbtest1  (cost=0.43..400.40 rows=101 width=121)
	  Index Cond: ((id >= 8900606) AND (id <= 8900705))

table 2 : explain SELECT c FROM sbtest2 WHERE id BETWEEN 7863190 AND 7863289
	Index Scan using sbtest2_pkey on sbtest2  (cost=0.43..388.75 rows=98 width=121)
	  Index Cond: ((id >= 7863190) AND (id <= 7863289))

table 3 : explain SELECT c FROM sbtest3 WHERE id BETWEEN 1168059 AND 1168158
	Index Scan using sbtest3_pkey on sbtest3  (cost=0.43..403.02 rows=102 width=121)
	  Index Cond: ((id >= 1168059) AND (id <= 1168158))

table 4 : explain SELECT c FROM sbtest4 WHERE id BETWEEN 9865033 AND 9865132
	Index Scan using sbtest4_pkey on sbtest4  (cost=0.43..412.59 rows=105 width=121)
	  Index Cond: ((id >= 9865033) AND (id <= 9865132))

table 5 : explain SELECT c FROM sbtest5 WHERE id BETWEEN 3103442 AND 3103541
	Index Scan using sbtest5_pkey on sbtest5  (cost=0.43..395.74 rows=100 width=121)
	  Index Cond: ((id >= 3103442) AND (id <= 3103541))

table 6 : explain SELECT c FROM sbtest6 WHERE id BETWEEN 5954011 AND 5954110
	Index Scan using sbtest6_pkey on sbtest6  (cost=0.43..356.30 rows=90 width=121)
	  Index Cond: ((id >= 5954011) AND (id <= 5954110))

table 7 : explain SELECT c FROM sbtest7 WHERE id BETWEEN 9963629 AND 9963728
	Index Scan using sbtest7_pkey on sbtest7  (cost=0.43..394.43 rows=100 width=121)
	  Index Cond: ((id >= 9963629) AND (id <= 9963728))

table 8 : explain SELECT c FROM sbtest8 WHERE id BETWEEN 2681223 AND 2681322
	Index Scan using sbtest8_pkey on sbtest8  (cost=0.43..375.38 rows=95 width=121)
	  Index Cond: ((id >= 2681223) AND (id <= 2681322))

explain: for point_selects :: explain SELECT c FROM sbtest%u WHERE id=%u
explain: for point_selects :: explain SELECT c FROM sbtest%u WHERE id=%u
for: order_ranges
table 1 : explain SELECT c FROM sbtest1 WHERE id BETWEEN 4884062 AND 4884161 ORDER BY c
	Sort  (cost=399.80..400.05 rows=100 width=121)
	  Sort Key: c
	  ->  Index Scan using sbtest1_pkey on sbtest1  (cost=0.43..396.48 rows=100 width=121)
	        Index Cond: ((id >= 4884062) AND (id <= 4884161))

table 2 : explain SELECT c FROM sbtest2 WHERE id BETWEEN 5739097 AND 5739196 ORDER BY c
	Sort  (cost=388.03..388.27 rows=97 width=121)
	  Sort Key: c
	  ->  Index Scan using sbtest2_pkey on sbtest2  (cost=0.43..384.83 rows=97 width=121)
	        Index Cond: ((id >= 5739097) AND (id <= 5739196))

table 3 : explain SELECT c FROM sbtest3 WHERE id BETWEEN 4128629 AND 4128728 ORDER BY c
	Sort  (cost=406.42..406.68 rows=102 width=121)
	  Sort Key: c
	  ->  Index Scan using sbtest3_pkey on sbtest3  (cost=0.43..403.02 rows=102 width=121)
	        Index Cond: ((id >= 4128629) AND (id <= 4128728))

table 4 : explain SELECT c FROM sbtest4 WHERE id BETWEEN 2488493 AND 2488592 ORDER BY c
	Sort  (cost=376.86..377.10 rows=95 width=121)
	  Sort Key: c
	  ->  Index Scan using sbtest4_pkey on sbtest4  (cost=0.43..373.74 rows=95 width=121)
	        Index Cond: ((id >= 2488493) AND (id <= 2488592))

table 5 : explain SELECT c FROM sbtest5 WHERE id BETWEEN 3424945 AND 3425044 ORDER BY c
	Sort  (cost=399.07..399.32 rows=100 width=121)
	  Sort Key: c
	  ->  Index Scan using sbtest5_pkey on sbtest5  (cost=0.43..395.74 rows=100 width=121)
	        Index Cond: ((id >= 3424945) AND (id <= 3425044))

table 6 : explain SELECT c FROM sbtest6 WHERE id BETWEEN 7941632 AND 7941731 ORDER BY c
	Sort  (cost=414.49..414.75 rows=104 width=121)
	  Sort Key: c
	  ->  Index Scan using sbtest6_pkey on sbtest6  (cost=0.43..411.00 rows=104 width=121)
	        Index Cond: ((id >= 7941632) AND (id <= 7941731))

table 7 : explain SELECT c FROM sbtest7 WHERE id BETWEEN 9654464 AND 9654563 ORDER BY c
	Sort  (cost=417.44..417.70 rows=105 width=121)
	  Sort Key: c
	  ->  Index Scan using sbtest7_pkey on sbtest7  (cost=0.43..413.92 rows=105 width=121)
	        Index Cond: ((id >= 9654464) AND (id <= 9654563))

table 8 : explain SELECT c FROM sbtest8 WHERE id BETWEEN 4217377 AND 4217476 ORDER BY c
	Sort  (cost=366.67..366.90 rows=92 width=121)
	  Sort Key: c
	  ->  Index Scan using sbtest8_pkey on sbtest8  (cost=0.43..363.67 rows=92 width=121)
	        Index Cond: ((id >= 4217377) AND (id <= 4217476))

for: simple_ranges
table 1 : explain SELECT c FROM sbtest1 WHERE id BETWEEN 7994199 AND 7994298
	Index Scan using sbtest1_pkey on sbtest1  (cost=0.43..388.64 rows=98 width=121)
	  Index Cond: ((id >= 7994199) AND (id <= 7994298))

table 2 : explain SELECT c FROM sbtest2 WHERE id BETWEEN 1560308 AND 1560407
	Index Scan using sbtest2_pkey on sbtest2  (cost=0.43..416.18 rows=105 width=121)
	  Index Cond: ((id >= 1560308) AND (id <= 1560407))

table 3 : explain SELECT c FROM sbtest3 WHERE id BETWEEN 4465883 AND 4465982
	Index Scan using sbtest3_pkey on sbtest3  (cost=0.43..426.45 rows=108 width=121)
	  Index Cond: ((id >= 4465883) AND (id <= 4465982))

table 4 : explain SELECT c FROM sbtest4 WHERE id BETWEEN 8627993 AND 8628092
	Index Scan using sbtest4_pkey on sbtest4  (cost=0.43..404.82 rows=103 width=121)
	  Index Cond: ((id >= 8627993) AND (id <= 8628092))

table 5 : explain SELECT c FROM sbtest5 WHERE id BETWEEN 3111341 AND 3111440
	Index Scan using sbtest5_pkey on sbtest5  (cost=0.43..395.74 rows=100 width=121)
	  Index Cond: ((id >= 3111341) AND (id <= 3111440))

table 6 : explain SELECT c FROM sbtest6 WHERE id BETWEEN 4420403 AND 4420502
	Index Scan using sbtest6_pkey on sbtest6  (cost=0.43..399.28 rows=101 width=121)
	  Index Cond: ((id >= 4420403) AND (id <= 4420502))

table 7 : explain SELECT c FROM sbtest7 WHERE id BETWEEN 5577816 AND 5577915
	Index Scan using sbtest7_pkey on sbtest7  (cost=0.43..378.84 rows=96 width=121)
	  Index Cond: ((id >= 5577816) AND (id <= 5577915))

table 8 : explain SELECT c FROM sbtest8 WHERE id BETWEEN 3833983 AND 3834082
	Index Scan using sbtest8_pkey on sbtest8  (cost=0.43..437.82 rows=111 width=121)
	  Index Cond: ((id >= 3833983) AND (id <= 3834082))

for: sum_ranges
table 1 : explain SELECT SUM(k) FROM sbtest1 WHERE id BETWEEN 6148577 AND 6148676
	Aggregate  (cost=396.73..396.74 rows=1 width=8)
	  ->  Index Scan using sbtest1_pkey on sbtest1  (cost=0.43..396.48 rows=100 width=4)
	        Index Cond: ((id >= 6148577) AND (id <= 6148676))

table 2 : explain SELECT SUM(k) FROM sbtest2 WHERE id BETWEEN 4336252 AND 4336351
	Aggregate  (cost=396.83..396.84 rows=1 width=8)
	  ->  Index Scan using sbtest2_pkey on sbtest2  (cost=0.43..396.58 rows=100 width=4)
	        Index Cond: ((id >= 4336252) AND (id <= 4336351))

table 3 : explain SELECT SUM(k) FROM sbtest3 WHERE id BETWEEN 9075836 AND 9075935
	Aggregate  (cost=383.73..383.74 rows=1 width=8)
	  ->  Index Scan using sbtest3_pkey on sbtest3  (cost=0.43..383.49 rows=97 width=4)
	        Index Cond: ((id >= 9075836) AND (id <= 9075935))

table 4 : explain SELECT SUM(k) FROM sbtest4 WHERE id BETWEEN 1335984 AND 1336083
	Aggregate  (cost=401.19..401.20 rows=1 width=8)
	  ->  Index Scan using sbtest4_pkey on sbtest4  (cost=0.43..400.93 rows=102 width=4)
	        Index Cond: ((id >= 1335984) AND (id <= 1336083))

table 5 : explain SELECT SUM(k) FROM sbtest5 WHERE id BETWEEN 7765184 AND 7765283
	Aggregate  (cost=415.56..415.57 rows=1 width=8)
	  ->  Index Scan using sbtest5_pkey on sbtest5  (cost=0.43..415.30 rows=105 width=4)
	        Index Cond: ((id >= 7765184) AND (id <= 7765283))

table 6 : explain SELECT SUM(k) FROM sbtest6 WHERE id BETWEEN 885988 AND 886087
	Aggregate  (cost=376.07..376.08 rows=1 width=8)
	  ->  Index Scan using sbtest6_pkey on sbtest6  (cost=0.43..375.84 rows=95 width=4)
	        Index Cond: ((id >= 885988) AND (id <= 886087))

table 7 : explain SELECT SUM(k) FROM sbtest7 WHERE id BETWEEN 4095067 AND 4095166
	Aggregate  (cost=390.78..390.79 rows=1 width=8)
	  ->  Index Scan using sbtest7_pkey on sbtest7  (cost=0.43..390.53 rows=99 width=4)
	        Index Cond: ((id >= 4095067) AND (id <= 4095166))

table 8 : explain SELECT SUM(k) FROM sbtest8 WHERE id BETWEEN 7894771 AND 7894870
	Aggregate  (cost=410.76..410.77 rows=1 width=8)
	  ->  Index Scan using sbtest8_pkey on sbtest8  (cost=0.43..410.50 rows=104 width=4)
	        Index Cond: ((id >= 7894771) AND (id <= 7894870))

explain: for point_selects :: explain SELECT c FROM sbtest%u WHERE id=%u
for point_selects
table 1 : explain SELECT c FROM sbtest1 WHERE id=6613776
	Index Scan using sbtest1_pkey on sbtest1  (cost=0.43..8.45 rows=1 width=121)
	  Index Cond: (id = 6613776)

table 2 : explain SELECT c FROM sbtest2 WHERE id=2038316
	Index Scan using sbtest2_pkey on sbtest2  (cost=0.43..8.45 rows=1 width=121)
	  Index Cond: (id = 2038316)

table 3 : explain SELECT c FROM sbtest3 WHERE id=3925680
	Index Scan using sbtest3_pkey on sbtest3  (cost=0.43..8.45 rows=1 width=121)
	  Index Cond: (id = 3925680)

table 4 : explain SELECT c FROM sbtest4 WHERE id=6127353
	Index Scan using sbtest4_pkey on sbtest4  (cost=0.43..8.45 rows=1 width=121)
	  Index Cond: (id = 6127353)

table 5 : explain SELECT c FROM sbtest5 WHERE id=9697000
	Index Scan using sbtest5_pkey on sbtest5  (cost=0.43..8.45 rows=1 width=121)
	  Index Cond: (id = 9697000)

table 6 : explain SELECT c FROM sbtest6 WHERE id=7221636
	Index Scan using sbtest6_pkey on sbtest6  (cost=0.43..8.45 rows=1 width=121)
	  Index Cond: (id = 7221636)

table 7 : explain SELECT c FROM sbtest7 WHERE id=1965952
	Index Scan using sbtest7_pkey on sbtest7  (cost=0.43..8.45 rows=1 width=121)
	  Index Cond: (id = 1965952)

table 8 : explain SELECT c FROM sbtest8 WHERE id=7525886
	Index Scan using sbtest8_pkey on sbtest8  (cost=0.43..8.45 rows=1 width=121)
	  Index Cond: (id = 7525886)

for: distinct_ranges
table 1 : explain SELECT DISTINCT c FROM sbtest1 WHERE id BETWEEN 4465897 AND 4465996 ORDER BY c
	Unique  (cost=383.94..384.42 rows=96 width=121)
	  ->  Sort  (cost=383.94..384.18 rows=96 width=121)
	        Sort Key: c
	        ->  Index Scan using sbtest1_pkey on sbtest1  (cost=0.43..380.78 rows=96 width=121)
	              Index Cond: ((id >= 4465897) AND (id <= 4465996))

table 2 : explain SELECT DISTINCT c FROM sbtest2 WHERE id BETWEEN 9768232 AND 9768331 ORDER BY c
	Unique  (cost=376.15..376.62 rows=94 width=121)
	  ->  Sort  (cost=376.15..376.38 rows=94 width=121)
	        Sort Key: c
	        ->  Index Scan using sbtest2_pkey on sbtest2  (cost=0.43..373.07 rows=94 width=121)
	              Index Cond: ((id >= 9768232) AND (id <= 9768331))

table 3 : explain SELECT DISTINCT c FROM sbtest3 WHERE id BETWEEN 7005474 AND 7005573 ORDER BY c
	Unique  (cost=410.37..410.88 rows=103 width=121)
	  ->  Sort  (cost=410.37..410.62 rows=103 width=121)
	        Sort Key: c
	        ->  Index Scan using sbtest3_pkey on sbtest3  (cost=0.43..406.92 rows=103 width=121)
	              Index Cond: ((id >= 7005474) AND (id <= 7005573))

table 4 : explain SELECT DISTINCT c FROM sbtest4 WHERE id BETWEEN 5368914 AND 5369013 ORDER BY c
	Unique  (cost=412.19..412.71 rows=104 width=121)
	  ->  Sort  (cost=412.19..412.45 rows=104 width=121)
	        Sort Key: c
	        ->  Index Scan using sbtest4_pkey on sbtest4  (cost=0.43..408.70 rows=104 width=121)
	              Index Cond: ((id >= 5368914) AND (id <= 5369013))

table 5 : explain SELECT DISTINCT c FROM sbtest5 WHERE id BETWEEN 1845269 AND 1845368 ORDER BY c
	Unique  (cost=403.02..403.52 rows=101 width=121)
	  ->  Sort  (cost=403.02..403.27 rows=101 width=121)
	        Sort Key: c
	        ->  Index Scan using sbtest5_pkey on sbtest5  (cost=0.43..399.65 rows=101 width=121)
	              Index Cond: ((id >= 1845269) AND (id <= 1845368))

table 6 : explain SELECT DISTINCT c FROM sbtest6 WHERE id BETWEEN 1816044 AND 1816143 ORDER BY c
	Unique  (cost=371.06..371.53 rows=93 width=121)
	  ->  Sort  (cost=371.06..371.29 rows=93 width=121)
	        Sort Key: c
	        ->  Index Scan using sbtest6_pkey on sbtest6  (cost=0.43..368.02 rows=93 width=121)
	              Index Cond: ((id >= 1816044) AND (id <= 1816143))

table 7 : explain SELECT DISTINCT c FROM sbtest7 WHERE id BETWEEN 7975590 AND 7975689 ORDER BY c
	Unique  (cost=425.32..425.85 rows=107 width=121)
	  ->  Sort  (cost=425.32..425.59 rows=107 width=121)
	        Sort Key: c
	        ->  Index Scan using sbtest7_pkey on sbtest7  (cost=0.43..421.71 rows=107 width=121)
	              Index Cond: ((id >= 7975590) AND (id <= 7975689))

table 8 : explain SELECT DISTINCT c FROM sbtest8 WHERE id BETWEEN 1662928 AND 1663027 ORDER BY c
	Unique  (cost=362.73..363.19 rows=91 width=121)
	  ->  Sort  (cost=362.73..362.96 rows=91 width=121)
	        Sort Key: c
	        ->  Index Scan using sbtest8_pkey on sbtest8  (cost=0.43..359.77 rows=91 width=121)
	              Index Cond: ((id >= 1662928) AND (id <= 1663027))

for: simple_ranges
table 1 : explain SELECT c FROM sbtest1 WHERE id BETWEEN 5188790 AND 5188889
	Index Scan using sbtest1_pkey on sbtest1  (cost=0.43..431.75 rows=109 width=121)
	  Index Cond: ((id >= 5188790) AND (id <= 5188889))

table 2 : explain SELECT c FROM sbtest2 WHERE id BETWEEN 1960683 AND 1960782
	Index Scan using sbtest2_pkey on sbtest2  (cost=0.43..376.99 rows=95 width=121)
	  Index Cond: ((id >= 1960683) AND (id <= 1960782))

table 3 : explain SELECT c FROM sbtest3 WHERE id BETWEEN 1344767 AND 1344866
	Index Scan using sbtest3_pkey on sbtest3  (cost=0.43..430.36 rows=109 width=121)
	  Index Cond: ((id >= 1344767) AND (id <= 1344866))

table 4 : explain SELECT c FROM sbtest4 WHERE id BETWEEN 4287207 AND 4287306
	Index Scan using sbtest4_pkey on sbtest4  (cost=0.43..404.82 rows=103 width=121)
	  Index Cond: ((id >= 4287207) AND (id <= 4287306))

table 5 : explain SELECT c FROM sbtest5 WHERE id BETWEEN 8547750 AND 8547849
	Index Scan using sbtest5_pkey on sbtest5  (cost=0.43..395.74 rows=100 width=121)
	  Index Cond: ((id >= 8547750) AND (id <= 8547849))

table 6 : explain SELECT c FROM sbtest6 WHERE id BETWEEN 5304673 AND 5304772
	Index Scan using sbtest6_pkey on sbtest6  (cost=0.43..387.56 rows=98 width=121)
	  Index Cond: ((id >= 5304673) AND (id <= 5304772))

table 7 : explain SELECT c FROM sbtest7 WHERE id BETWEEN 5090794 AND 5090893
	Index Scan using sbtest7_pkey on sbtest7  (cost=0.43..382.73 rows=97 width=121)
	  Index Cond: ((id >= 5090794) AND (id <= 5090893))

table 8 : explain SELECT c FROM sbtest8 WHERE id BETWEEN 4604499 AND 4604598
	Index Scan using sbtest8_pkey on sbtest8  (cost=0.43..375.38 rows=95 width=121)
	  Index Cond: ((id >= 4604499) AND (id <= 4604598))

for: sum_ranges
table 1 : explain SELECT SUM(k) FROM sbtest1 WHERE id BETWEEN 125879 AND 125978
	Aggregate  (cost=365.33..365.34 rows=1 width=8)
	  ->  Index Scan using sbtest1_pkey on sbtest1  (cost=0.43..365.10 rows=92 width=4)
	        Index Cond: ((id >= 125879) AND (id <= 125978))

table 2 : explain SELECT SUM(k) FROM sbtest2 WHERE id BETWEEN 690400 AND 690499
	Aggregate  (cost=388.99..389.00 rows=1 width=8)
	  ->  Index Scan using sbtest2_pkey on sbtest2  (cost=0.43..388.75 rows=98 width=4)
	        Index Cond: ((id >= 690400) AND (id <= 690499))

table 3 : explain SELECT SUM(k) FROM sbtest3 WHERE id BETWEEN 5150828 AND 5150927
	Aggregate  (cost=364.16..364.17 rows=1 width=8)
	  ->  Index Scan using sbtest3_pkey on sbtest3  (cost=0.43..363.93 rows=92 width=4)
	        Index Cond: ((id >= 5150828) AND (id <= 5150927))

table 4 : explain SELECT SUM(k) FROM sbtest4 WHERE id BETWEEN 6534747 AND 6534846
	Aggregate  (cost=424.51..424.52 rows=1 width=8)
	  ->  Index Scan using sbtest4_pkey on sbtest4  (cost=0.43..424.24 rows=108 width=4)
	        Index Cond: ((id >= 6534747) AND (id <= 6534846))

table 5 : explain SELECT SUM(k) FROM sbtest5 WHERE id BETWEEN 5970085 AND 5970184
	Aggregate  (cost=384.25..384.26 rows=1 width=8)
	  ->  Index Scan using sbtest5_pkey on sbtest5  (cost=0.43..384.01 rows=97 width=4)
	        Index Cond: ((id >= 5970085) AND (id <= 5970184))

table 6 : explain SELECT SUM(k) FROM sbtest6 WHERE id BETWEEN 6148472 AND 6148571
	Aggregate  (cost=356.52..356.53 rows=1 width=8)
	  ->  Index Scan using sbtest6_pkey on sbtest6  (cost=0.43..356.30 rows=90 width=4)
	        Index Cond: ((id >= 6148472) AND (id <= 6148571))

table 7 : explain SELECT SUM(k) FROM sbtest7 WHERE id BETWEEN 4689496 AND 4689595
	Aggregate  (cost=406.38..406.39 rows=1 width=8)
	  ->  Index Scan using sbtest7_pkey on sbtest7  (cost=0.43..406.12 rows=103 width=4)
	        Index Cond: ((id >= 4689496) AND (id <= 4689595))

table 8 : explain SELECT SUM(k) FROM sbtest8 WHERE id BETWEEN 6945965 AND 6946064
	Aggregate  (cost=387.33..387.34 rows=1 width=8)
	  ->  Index Scan using sbtest8_pkey on sbtest8  (cost=0.43..387.09 rows=98 width=4)
	        Index Cond: ((id >= 6945965) AND (id <= 6946064))

for point_selects
table 1 : explain SELECT c FROM sbtest1 WHERE id=780369
	Index Scan using sbtest1_pkey on sbtest1  (cost=0.43..8.45 rows=1 width=121)
	  Index Cond: (id = 780369)

table 2 : explain SELECT c FROM sbtest2 WHERE id=3677191
	Index Scan using sbtest2_pkey on sbtest2  (cost=0.43..8.45 rows=1 width=121)
	  Index Cond: (id = 3677191)

table 3 : explain SELECT c FROM sbtest3 WHERE id=4544909
	Index Scan using sbtest3_pkey on sbtest3  (cost=0.43..8.45 rows=1 width=121)
	  Index Cond: (id = 4544909)

table 4 : explain SELECT c FROM sbtest4 WHERE id=3368542
	Index Scan using sbtest4_pkey on sbtest4  (cost=0.43..8.45 rows=1 width=121)
	  Index Cond: (id = 3368542)

table 5 : explain SELECT c FROM sbtest5 WHERE id=6318817
	Index Scan using sbtest5_pkey on sbtest5  (cost=0.43..8.45 rows=1 width=121)
	  Index Cond: (id = 6318817)

table 6 : explain SELECT c FROM sbtest6 WHERE id=1629020
	Index Scan using sbtest6_pkey on sbtest6  (cost=0.43..8.45 rows=1 width=121)
	  Index Cond: (id = 1629020)

table 7 : explain SELECT c FROM sbtest7 WHERE id=4998884
	Index Scan using sbtest7_pkey on sbtest7  (cost=0.43..8.45 rows=1 width=121)
	  Index Cond: (id = 4998884)

table 8 : explain SELECT c FROM sbtest8 WHERE id=3357871
	Index Scan using sbtest8_pkey on sbtest8  (cost=0.43..8.45 rows=1 width=121)
	  Index Cond: (id = 3357871)

for: order_ranges
table 1 : explain SELECT c FROM sbtest1 WHERE id BETWEEN 5249667 AND 5249766 ORDER BY c
	Sort  (cost=435.43..435.71 rows=109 width=121)
	  Sort Key: c
	  ->  Index Scan using sbtest1_pkey on sbtest1  (cost=0.43..431.75 rows=109 width=121)
	        Index Cond: ((id >= 5249667) AND (id <= 5249766))

table 2 : explain SELECT c FROM sbtest2 WHERE id BETWEEN 8012403 AND 8012502 ORDER BY c
	Sort  (cost=403.87..404.12 rows=101 width=121)
	  Sort Key: c
	  ->  Index Scan using sbtest2_pkey on sbtest2  (cost=0.43..400.50 rows=101 width=121)
	        Index Cond: ((id >= 8012403) AND (id <= 8012502))

table 3 : explain SELECT c FROM sbtest3 WHERE id BETWEEN 1916338 AND 1916437 ORDER BY c
	Sort  (cost=398.53..398.78 rows=100 width=121)
	  Sort Key: c
	  ->  Index Scan using sbtest3_pkey on sbtest3  (cost=0.43..395.21 rows=100 width=121)
	        Index Cond: ((id >= 1916338) AND (id <= 1916437))

table 4 : explain SELECT c FROM sbtest4 WHERE id BETWEEN 2525764 AND 2525863 ORDER BY c
	Sort  (cost=408.26..408.52 rows=103 width=121)
	  Sort Key: c
	  ->  Index Scan using sbtest4_pkey on sbtest4  (cost=0.43..404.82 rows=103 width=121)
	        Index Cond: ((id >= 2525764) AND (id <= 2525863))

table 5 : explain SELECT c FROM sbtest5 WHERE id BETWEEN 5005536 AND 5005635 ORDER BY c
	Sort  (cost=379.31..379.55 rows=95 width=121)
	  Sort Key: c
	  ->  Index Scan using sbtest5_pkey on sbtest5  (cost=0.43..376.19 rows=95 width=121)
	        Index Cond: ((id >= 5005536) AND (id <= 5005635))

table 6 : explain SELECT c FROM sbtest6 WHERE id BETWEEN 4348091 AND 4348190 ORDER BY c
	Sort  (cost=386.85..387.09 rows=97 width=121)
	  Sort Key: c
	  ->  Index Scan using sbtest6_pkey on sbtest6  (cost=0.43..383.65 rows=97 width=121)
	        Index Cond: ((id >= 4348091) AND (id <= 4348190))

table 7 : explain SELECT c FROM sbtest7 WHERE id BETWEEN 6665014 AND 6665113 ORDER BY c
	Sort  (cost=382.00..382.24 rows=96 width=121)
	  Sort Key: c
	  ->  Index Scan using sbtest7_pkey on sbtest7  (cost=0.43..378.84 rows=96 width=121)
	        Index Cond: ((id >= 6665014) AND (id <= 6665113))

table 8 : explain SELECT c FROM sbtest8 WHERE id BETWEEN 5986350 AND 5986449 ORDER BY c
	Sort  (cost=394.27..394.52 rows=99 width=121)
	  Sort Key: c
	  ->  Index Scan using sbtest8_pkey on sbtest8  (cost=0.43..390.99 rows=99 width=121)
	        Index Cond: ((id >= 5986350) AND (id <= 5986449))

for: order_ranges
table 1 : explain SELECT c FROM sbtest1 WHERE id BETWEEN 8241374 AND 8241473 ORDER BY c
	Sort  (cost=407.72..407.97 rows=102 width=121)
	  Sort Key: c
	  ->  Index Scan using sbtest1_pkey on sbtest1  (cost=0.43..404.32 rows=102 width=121)
	        Index Cond: ((id >= 8241374) AND (id <= 8241473))

table 2 : explain SELECT c FROM sbtest2 WHERE id BETWEEN 6810701 AND 6810800 ORDER BY c
	Sort  (cost=376.15..376.38 rows=94 width=121)
	  Sort Key: c
	  ->  Index Scan using sbtest2_pkey on sbtest2  (cost=0.43..373.07 rows=94 width=121)
	        Index Cond: ((id >= 6810701) AND (id <= 6810800))

table 3 : explain SELECT c FROM sbtest3 WHERE id BETWEEN 6977181 AND 6977280 ORDER BY c
	Sort  (cost=370.88..371.11 rows=93 width=121)
	  Sort Key: c
	  ->  Index Scan using sbtest3_pkey on sbtest3  (cost=0.43..367.84 rows=93 width=121)
	        Index Cond: ((id >= 6977181) AND (id <= 6977280))

table 4 : explain SELECT c FROM sbtest4 WHERE id BETWEEN 6523222 AND 6523321 ORDER BY c
	Sort  (cost=427.89..428.16 rows=108 width=121)
	  Sort Key: c
	  ->  Index Scan using sbtest4_pkey on sbtest4  (cost=0.43..424.24 rows=108 width=121)
	        Index Cond: ((id >= 6523222) AND (id <= 6523321))

table 5 : explain SELECT c FROM sbtest5 WHERE id BETWEEN 3219876 AND 3219975 ORDER BY c
	Sort  (cost=410.92..411.18 rows=103 width=121)
	  Sort Key: c
	  ->  Index Scan using sbtest5_pkey on sbtest5  (cost=0.43..407.48 rows=103 width=121)
	        Index Cond: ((id >= 3219876) AND (id <= 3219975))

table 6 : explain SELECT c FROM sbtest6 WHERE id BETWEEN 1880318 AND 1880417 ORDER BY c
	Sort  (cost=371.06..371.29 rows=93 width=121)
	  Sort Key: c
	  ->  Index Scan using sbtest6_pkey on sbtest6  (cost=0.43..368.02 rows=93 width=121)
	        Index Cond: ((id >= 1880318) AND (id <= 1880417))

table 7 : explain SELECT c FROM sbtest7 WHERE id BETWEEN 251730 AND 251829 ORDER BY c
	Sort  (cost=389.87..390.12 rows=98 width=121)
	  Sort Key: c
	  ->  Index Scan using sbtest7_pkey on sbtest7  (cost=0.43..386.63 rows=98 width=121)
	        Index Cond: ((id >= 251730) AND (id <= 251829))

table 8 : explain SELECT c FROM sbtest8 WHERE id BETWEEN 1559434 AND 1559533 ORDER BY c
	Sort  (cost=433.71..433.98 rows=109 width=121)
	  Sort Key: c
	  ->  Index Scan using sbtest8_pkey on sbtest8  (cost=0.43..430.02 rows=109 width=121)
	        Index Cond: ((id >= 1559434) AND (id <= 1559533))

for point_selects
table 1 : explain SELECT c FROM sbtest1 WHERE id=8068529
	Index Scan using sbtest1_pkey on sbtest1  (cost=0.43..8.45 rows=1 width=121)
	  Index Cond: (id = 8068529)

table 2 : explain SELECT c FROM sbtest2 WHERE id=4454540
	Index Scan using sbtest2_pkey on sbtest2  (cost=0.43..8.45 rows=1 width=121)
	  Index Cond: (id = 4454540)

table 3 : explain SELECT c FROM sbtest3 WHERE id=3432796
	Index Scan using sbtest3_pkey on sbtest3  (cost=0.43..8.45 rows=1 width=121)
	  Index Cond: (id = 3432796)

table 4 : explain SELECT c FROM sbtest4 WHERE id=7518215
	Index Scan using sbtest4_pkey on sbtest4  (cost=0.43..8.45 rows=1 width=121)
	  Index Cond: (id = 7518215)

table 5 : explain SELECT c FROM sbtest5 WHERE id=3327682
	Index Scan using sbtest5_pkey on sbtest5  (cost=0.43..8.45 rows=1 width=121)
	  Index Cond: (id = 3327682)

table 6 : explain SELECT c FROM sbtest6 WHERE id=1553281
	Index Scan using sbtest6_pkey on sbtest6  (cost=0.43..8.45 rows=1 width=121)
	  Index Cond: (id = 1553281)

table 7 : explain SELECT c FROM sbtest7 WHERE id=6838154
	Index Scan using sbtest7_pkey on sbtest7  (cost=0.43..8.45 rows=1 width=121)
	  Index Cond: (id = 6838154)

table 8 : explain SELECT c FROM sbtest8 WHERE id=7312149
	Index Scan using sbtest8_pkey on sbtest8  (cost=0.43..8.45 rows=1 width=121)
	  Index Cond: (id = 7312149)

for: sum_ranges
table 1 : explain SELECT SUM(k) FROM sbtest1 WHERE id BETWEEN 1501656 AND 1501755
	Aggregate  (cost=392.81..392.82 rows=1 width=8)
	  ->  Index Scan using sbtest1_pkey on sbtest1  (cost=0.43..392.56 rows=99 width=4)
	        Index Cond: ((id >= 1501656) AND (id <= 1501755))

table 2 : explain SELECT SUM(k) FROM sbtest2 WHERE id BETWEEN 6686054 AND 6686153
	Aggregate  (cost=392.91..392.92 rows=1 width=8)
	  ->  Index Scan using sbtest2_pkey on sbtest2  (cost=0.43..392.67 rows=99 width=4)
	        Index Cond: ((id >= 6686054) AND (id <= 6686153))

table 3 : explain SELECT SUM(k) FROM sbtest3 WHERE id BETWEEN 1692674 AND 1692773
	Aggregate  (cost=387.64..387.65 rows=1 width=8)
	  ->  Index Scan using sbtest3_pkey on sbtest3  (cost=0.43..387.39 rows=98 width=4)
	        Index Cond: ((id >= 1692674) AND (id <= 1692773))

table 4 : explain SELECT SUM(k) FROM sbtest4 WHERE id BETWEEN 8729634 AND 8729733
	Aggregate  (cost=428.40..428.41 rows=1 width=8)
	  ->  Index Scan using sbtest4_pkey on sbtest4  (cost=0.43..428.13 rows=109 width=4)
	        Index Cond: ((id >= 8729634) AND (id <= 8729733))

table 5 : explain SELECT SUM(k) FROM sbtest5 WHERE id BETWEEN 7356842 AND 7356941
	Aggregate  (cost=427.30..427.31 rows=1 width=8)
	  ->  Index Scan using sbtest5_pkey on sbtest5  (cost=0.43..427.03 rows=108 width=4)
	        Index Cond: ((id >= 7356842) AND (id <= 7356941))

table 6 : explain SELECT SUM(k) FROM sbtest6 WHERE id BETWEEN 6186533 AND 6186632
	Aggregate  (cost=383.89..383.90 rows=1 width=8)
	  ->  Index Scan using sbtest6_pkey on sbtest6  (cost=0.43..383.65 rows=97 width=4)
	        Index Cond: ((id >= 6186533) AND (id <= 6186632))

table 7 : explain SELECT SUM(k) FROM sbtest7 WHERE id BETWEEN 2923576 AND 2923675
	Aggregate  (cost=371.28..371.29 rows=1 width=8)
	  ->  Index Scan using sbtest7_pkey on sbtest7  (cost=0.43..371.04 rows=94 width=4)
	        Index Cond: ((id >= 2923576) AND (id <= 2923675))

table 8 : explain SELECT SUM(k) FROM sbtest8 WHERE id BETWEEN 2568424 AND 2568523
	Aggregate  (cost=395.14..395.15 rows=1 width=8)
	  ->  Index Scan using sbtest8_pkey on sbtest8  (cost=0.43..394.89 rows=100 width=4)
	        Index Cond: ((id >= 2568424) AND (id <= 2568523))

explain: for point_selects :: explain SELECT c FROM sbtest%u WHERE id=%u
for point_selects
table 1 : explain SELECT c FROM sbtest1 WHERE id=3036224
	Index Scan using sbtest1_pkey on sbtest1  (cost=0.43..8.45 rows=1 width=121)
	  Index Cond: (id = 3036224)

table 2 : explain SELECT c FROM sbtest2 WHERE id=6690186
	Index Scan using sbtest2_pkey on sbtest2  (cost=0.43..8.45 rows=1 width=121)
	  Index Cond: (id = 6690186)

table 3 : explain SELECT c FROM sbtest3 WHERE id=7063411
	Index Scan using sbtest3_pkey on sbtest3  (cost=0.43..8.45 rows=1 width=121)
	  Index Cond: (id = 7063411)

table 4 : explain SELECT c FROM sbtest4 WHERE id=9897290
	Index Scan using sbtest4_pkey on sbtest4  (cost=0.43..8.45 rows=1 width=121)
	  Index Cond: (id = 9897290)

table 5 : explain SELECT c FROM sbtest5 WHERE id=7743296
	Index Scan using sbtest5_pkey on sbtest5  (cost=0.43..8.45 rows=1 width=121)
	  Index Cond: (id = 7743296)

table 6 : explain SELECT c FROM sbtest6 WHERE id=2193931
	Index Scan using sbtest6_pkey on sbtest6  (cost=0.43..8.45 rows=1 width=121)
	  Index Cond: (id = 2193931)

table 7 : explain SELECT c FROM sbtest7 WHERE id=8618816
	Index Scan using sbtest7_pkey on sbtest7  (cost=0.43..8.45 rows=1 width=121)
	  Index Cond: (id = 8618816)

table 8 : explain SELECT c FROM sbtest8 WHERE id=5935682
	Index Scan using sbtest8_pkey on sbtest8  (cost=0.43..8.45 rows=1 width=121)
	  Index Cond: (id = 5935682)

for: sum_ranges
table 1 : explain SELECT SUM(k) FROM sbtest1 WHERE id BETWEEN 4089357 AND 4089456
	Aggregate  (cost=373.18..373.19 rows=1 width=8)
	  ->  Index Scan using sbtest1_pkey on sbtest1  (cost=0.43..372.94 rows=94 width=4)
	        Index Cond: ((id >= 4089357) AND (id <= 4089456))

table 2 : explain SELECT SUM(k) FROM sbtest2 WHERE id BETWEEN 7800463 AND 7800562
	Aggregate  (cost=404.68..404.69 rows=1 width=8)
	  ->  Index Scan using sbtest2_pkey on sbtest2  (cost=0.43..404.42 rows=102 width=4)
	        Index Cond: ((id >= 7800463) AND (id <= 7800562))

table 3 : explain SELECT SUM(k) FROM sbtest3 WHERE id BETWEEN 5629365 AND 5629464
	Aggregate  (cost=379.82..379.83 rows=1 width=8)
	  ->  Index Scan using sbtest3_pkey on sbtest3  (cost=0.43..379.58 rows=96 width=4)
	        Index Cond: ((id >= 5629365) AND (id <= 5629464))

table 4 : explain SELECT SUM(k) FROM sbtest4 WHERE id BETWEEN 4285253 AND 4285352
	Aggregate  (cost=405.08..405.09 rows=1 width=8)
	  ->  Index Scan using sbtest4_pkey on sbtest4  (cost=0.43..404.82 rows=103 width=4)
	        Index Cond: ((id >= 4285253) AND (id <= 4285352))

table 5 : explain SELECT SUM(k) FROM sbtest5 WHERE id BETWEEN 3106841 AND 3106940
	Aggregate  (cost=395.99..396.00 rows=1 width=8)
	  ->  Index Scan using sbtest5_pkey on sbtest5  (cost=0.43..395.74 rows=100 width=4)
	        Index Cond: ((id >= 3106841) AND (id <= 3106940))

table 6 : explain SELECT SUM(k) FROM sbtest6 WHERE id BETWEEN 7070740 AND 7070839
	Aggregate  (cost=395.62..395.63 rows=1 width=8)
	  ->  Index Scan using sbtest6_pkey on sbtest6  (cost=0.43..395.37 rows=100 width=4)
	        Index Cond: ((id >= 7070740) AND (id <= 7070839))

table 7 : explain SELECT SUM(k) FROM sbtest7 WHERE id BETWEEN 5976067 AND 5976166
	Aggregate  (cost=375.18..375.19 rows=1 width=8)
	  ->  Index Scan using sbtest7_pkey on sbtest7  (cost=0.43..374.94 rows=95 width=4)
	        Index Cond: ((id >= 5976067) AND (id <= 5976166))

table 8 : explain SELECT SUM(k) FROM sbtest8 WHERE id BETWEEN 1236807 AND 1236906
	Aggregate  (cost=371.71..371.72 rows=1 width=8)
	  ->  Index Scan using sbtest8_pkey on sbtest8  (cost=0.43..371.48 rows=94 width=4)
	        Index Cond: ((id >= 1236807) AND (id <= 1236906))

for: sum_ranges
table 1 : explain SELECT SUM(k) FROM sbtest1 WHERE id BETWEEN 9063354 AND 9063453
	Aggregate  (cost=416.33..416.34 rows=1 width=8)
	  ->  Index Scan using sbtest1_pkey on sbtest1  (cost=0.43..416.07 rows=105 width=4)
	        Index Cond: ((id >= 9063354) AND (id <= 9063453))

table 2 : explain SELECT SUM(k) FROM sbtest2 WHERE id BETWEEN 4383020 AND 4383119
	Aggregate  (cost=396.83..396.84 rows=1 width=8)
	  ->  Index Scan using sbtest2_pkey on sbtest2  (cost=0.43..396.58 rows=100 width=4)
	        Index Cond: ((id >= 4383020) AND (id <= 4383119))

table 3 : explain SELECT SUM(k) FROM sbtest3 WHERE id BETWEEN 1247230 AND 1247329
	Aggregate  (cost=391.55..391.56 rows=1 width=8)
	  ->  Index Scan using sbtest3_pkey on sbtest3  (cost=0.43..391.30 rows=99 width=4)
	        Index Cond: ((id >= 1247230) AND (id <= 1247329))

table 4 : explain SELECT SUM(k) FROM sbtest4 WHERE id BETWEEN 7362275 AND 7362374
	Aggregate  (cost=385.64..385.65 rows=1 width=8)
	  ->  Index Scan using sbtest4_pkey on sbtest4  (cost=0.43..385.39 rows=98 width=4)
	        Index Cond: ((id >= 7362275) AND (id <= 7362374))

table 5 : explain SELECT SUM(k) FROM sbtest5 WHERE id BETWEEN 7967335 AND 7967434
	Aggregate  (cost=395.99..396.00 rows=1 width=8)
	  ->  Index Scan using sbtest5_pkey on sbtest5  (cost=0.43..395.74 rows=100 width=4)
	        Index Cond: ((id >= 7967335) AND (id <= 7967434))

table 6 : explain SELECT SUM(k) FROM sbtest6 WHERE id BETWEEN 6811344 AND 6811443
	Aggregate  (cost=415.17..415.18 rows=1 width=8)
	  ->  Index Scan using sbtest6_pkey on sbtest6  (cost=0.43..414.91 rows=105 width=4)
	        Index Cond: ((id >= 6811344) AND (id <= 6811443))

table 7 : explain SELECT SUM(k) FROM sbtest7 WHERE id BETWEEN 9622351 AND 9622450
	Aggregate  (cost=414.18..414.19 rows=1 width=8)
	  ->  Index Scan using sbtest7_pkey on sbtest7  (cost=0.43..413.92 rows=105 width=4)
	        Index Cond: ((id >= 9622351) AND (id <= 9622450))

table 8 : explain SELECT SUM(k) FROM sbtest8 WHERE id BETWEEN 2013218 AND 2013317
	Aggregate  (cost=406.86..406.87 rows=1 width=8)
	  ->  Index Scan using sbtest8_pkey on sbtest8  (cost=0.43..406.60 rows=103 width=4)
	        Index Cond: ((id >= 2013218) AND (id <= 2013317))

for: sum_ranges
table 1 : explain SELECT SUM(k) FROM sbtest1 WHERE id BETWEEN 3473768 AND 3473867
	Aggregate  (cost=388.89..388.90 rows=1 width=8)
	  ->  Index Scan using sbtest1_pkey on sbtest1  (cost=0.43..388.64 rows=98 width=4)
	        Index Cond: ((id >= 3473768) AND (id <= 3473867))

table 2 : explain SELECT SUM(k) FROM sbtest2 WHERE id BETWEEN 842212 AND 842311
	Aggregate  (cost=369.38..369.39 rows=1 width=8)
	  ->  Index Scan using sbtest2_pkey on sbtest2  (cost=0.43..369.15 rows=93 width=4)
	        Index Cond: ((id >= 842212) AND (id <= 842311))

table 3 : explain SELECT SUM(k) FROM sbtest3 WHERE id BETWEEN 4343736 AND 4343835
	Aggregate  (cost=422.81..422.82 rows=1 width=8)
	  ->  Index Scan using sbtest3_pkey on sbtest3  (cost=0.43..422.55 rows=107 width=4)
	        Index Cond: ((id >= 4343736) AND (id <= 4343835))

table 4 : explain SELECT SUM(k) FROM sbtest4 WHERE id BETWEEN 1531461 AND 1531560
	Aggregate  (cost=370.09..370.10 rows=1 width=8)
	  ->  Index Scan using sbtest4_pkey on sbtest4  (cost=0.43..369.86 rows=94 width=4)
	        Index Cond: ((id >= 1531461) AND (id <= 1531560))

table 5 : explain SELECT SUM(k) FROM sbtest5 WHERE id BETWEEN 3490651 AND 3490750
	Aggregate  (cost=395.99..396.00 rows=1 width=8)
	  ->  Index Scan using sbtest5_pkey on sbtest5  (cost=0.43..395.74 rows=100 width=4)
	        Index Cond: ((id >= 3490651) AND (id <= 3490750))

table 6 : explain SELECT SUM(k) FROM sbtest6 WHERE id BETWEEN 9688850 AND 9688949
	Aggregate  (cost=403.44..403.45 rows=1 width=8)
	  ->  Index Scan using sbtest6_pkey on sbtest6  (cost=0.43..403.19 rows=102 width=4)
	        Index Cond: ((id >= 9688850) AND (id <= 9688949))

table 7 : explain SELECT SUM(k) FROM sbtest7 WHERE id BETWEEN 339412 AND 339511
	Aggregate  (cost=375.18..375.19 rows=1 width=8)
	  ->  Index Scan using sbtest7_pkey on sbtest7  (cost=0.43..374.94 rows=95 width=4)
	        Index Cond: ((id >= 339412) AND (id <= 339511))

table 8 : explain SELECT SUM(k) FROM sbtest8 WHERE id BETWEEN 9427179 AND 9427278
	Aggregate  (cost=406.86..406.87 rows=1 width=8)
	  ->  Index Scan using sbtest8_pkey on sbtest8  (cost=0.43..406.60 rows=103 width=4)
	        Index Cond: ((id >= 9427179) AND (id <= 9427278))

explain: for point_selects :: explain SELECT c FROM sbtest%u WHERE id=%u
for: simple_ranges
table 1 : explain SELECT c FROM sbtest1 WHERE id BETWEEN 334160 AND 334259
	Index Scan using sbtest1_pkey on sbtest1  (cost=0.43..419.99 rows=106 width=121)
	  Index Cond: ((id >= 334160) AND (id <= 334259))

table 2 : explain SELECT c FROM sbtest2 WHERE id BETWEEN 8131114 AND 8131213
	Index Scan using sbtest2_pkey on sbtest2  (cost=0.43..380.91 rows=96 width=121)
	  Index Cond: ((id >= 8131114) AND (id <= 8131213))

table 3 : explain SELECT c FROM sbtest3 WHERE id BETWEEN 6638599 AND 6638698
	Index Scan using sbtest3_pkey on sbtest3  (cost=0.43..430.36 rows=109 width=121)
	  Index Cond: ((id >= 6638599) AND (id <= 6638698))

table 4 : explain SELECT c FROM sbtest4 WHERE id BETWEEN 6504593 AND 6504692
	Index Scan using sbtest4_pkey on sbtest4  (cost=0.43..424.24 rows=108 width=121)
	  Index Cond: ((id >= 6504593) AND (id <= 6504692))

table 5 : explain SELECT c FROM sbtest5 WHERE id BETWEEN 783051 AND 783150
	Index Scan using sbtest5_pkey on sbtest5  (cost=0.43..423.12 rows=107 width=121)
	  Index Cond: ((id >= 783051) AND (id <= 783150))

table 6 : explain SELECT c FROM sbtest6 WHERE id BETWEEN 1454958 AND 1455057
	Index Scan using sbtest6_pkey on sbtest6  (cost=0.43..399.28 rows=101 width=121)
	  Index Cond: ((id >= 1454958) AND (id <= 1455057))

table 7 : explain SELECT c FROM sbtest7 WHERE id BETWEEN 8457757 AND 8457856
	Index Scan using sbtest7_pkey on sbtest7  (cost=0.43..367.14 rows=93 width=121)
	  Index Cond: ((id >= 8457757) AND (id <= 8457856))

table 8 : explain SELECT c FROM sbtest8 WHERE id BETWEEN 1470406 AND 1470505
	Index Scan using sbtest8_pkey on sbtest8  (cost=0.43..406.60 rows=103 width=121)
	  Index Cond: ((id >= 1470406) AND (id <= 1470505))

for: distinct_ranges
table 1 : explain SELECT DISTINCT c FROM sbtest1 WHERE id BETWEEN 7720048 AND 7720147 ORDER BY c
	Unique  (cost=423.56..424.09 rows=106 width=121)
	  ->  Sort  (cost=423.56..423.82 rows=106 width=121)
	        Sort Key: c
	        ->  Index Scan using sbtest1_pkey on sbtest1  (cost=0.43..419.99 rows=106 width=121)
	              Index Cond: ((id >= 7720048) AND (id <= 7720147))

table 2 : explain SELECT DISTINCT c FROM sbtest2 WHERE id BETWEEN 6385682 AND 6385781 ORDER BY c
	Unique  (cost=388.03..388.51 rows=97 width=121)
	  ->  Sort  (cost=388.03..388.27 rows=97 width=121)
	        Sort Key: c
	        ->  Index Scan using sbtest2_pkey on sbtest2  (cost=0.43..384.83 rows=97 width=121)
	              Index Cond: ((id >= 6385682) AND (id <= 6385781))

table 3 : explain SELECT DISTINCT c FROM sbtest3 WHERE id BETWEEN 9642490 AND 9642589 ORDER BY c
	Unique  (cost=402.47..402.98 rows=101 width=121)
	  ->  Sort  (cost=402.47..402.73 rows=101 width=121)
	        Sort Key: c
	        ->  Index Scan using sbtest3_pkey on sbtest3  (cost=0.43..399.11 rows=101 width=121)
	              Index Cond: ((id >= 9642490) AND (id <= 9642589))

table 4 : explain SELECT DISTINCT c FROM sbtest4 WHERE id BETWEEN 8039093 AND 8039192 ORDER BY c
	Unique  (cost=455.37..455.95 rows=115 width=121)
	  ->  Sort  (cost=455.37..455.66 rows=115 width=121)
	        Sort Key: c
	        ->  Index Scan using sbtest4_pkey on sbtest4  (cost=0.43..451.44 rows=115 width=121)
	              Index Cond: ((id >= 8039093) AND (id <= 8039192))

table 5 : explain SELECT DISTINCT c FROM sbtest5 WHERE id BETWEEN 8925011 AND 8925110 ORDER BY c
	Unique  (cost=406.97..407.48 rows=102 width=121)
	  ->  Sort  (cost=406.97..407.22 rows=102 width=121)
	        Sort Key: c
	        ->  Index Scan using sbtest5_pkey on sbtest5  (cost=0.43..403.57 rows=102 width=121)
	              Index Cond: ((id >= 8925011) AND (id <= 8925110))

table 6 : explain SELECT DISTINCT c FROM sbtest6 WHERE id BETWEEN 5464828 AND 5464927 ORDER BY c
	Unique  (cost=386.85..387.34 rows=97 width=121)
	  ->  Sort  (cost=386.85..387.09 rows=97 width=121)
	        Sort Key: c
	        ->  Index Scan using sbtest6_pkey on sbtest6  (cost=0.43..383.65 rows=97 width=121)
	              Index Cond: ((id >= 5464828) AND (id <= 5464927))

table 7 : explain SELECT DISTINCT c FROM sbtest7 WHERE id BETWEEN 2875847 AND 2875946 ORDER BY c
	Unique  (cost=401.69..402.19 rows=101 width=121)
	  ->  Sort  (cost=401.69..401.94 rows=101 width=121)
	        Sort Key: c
	        ->  Index Scan using sbtest7_pkey on sbtest7  (cost=0.43..398.33 rows=101 width=121)
	              Index Cond: ((id >= 2875847) AND (id <= 2875946))

table 8 : explain SELECT DISTINCT c FROM sbtest8 WHERE id BETWEEN 9489027 AND 9489126 ORDER BY c
	Unique  (cost=410.05..410.56 rows=103 width=121)
	  ->  Sort  (cost=410.05..410.30 rows=103 width=121)
	        Sort Key: c
	        ->  Index Scan using sbtest8_pkey on sbtest8  (cost=0.43..406.60 rows=103 width=121)
	              Index Cond: ((id >= 9489027) AND (id <= 9489126))

for point_selects
table 1 : explain SELECT c FROM sbtest1 WHERE id=768146
	Index Scan using sbtest1_pkey on sbtest1  (cost=0.43..8.45 rows=1 width=121)
	  Index Cond: (id = 768146)

table 2 : explain SELECT c FROM sbtest2 WHERE id=2997745
	Index Scan using sbtest2_pkey on sbtest2  (cost=0.43..8.45 rows=1 width=121)
	  Index Cond: (id = 2997745)

table 3 : explain SELECT c FROM sbtest3 WHERE id=174287
	Index Scan using sbtest3_pkey on sbtest3  (cost=0.43..8.45 rows=1 width=121)
	  Index Cond: (id = 174287)

table 4 : explain SELECT c FROM sbtest4 WHERE id=9791555
	Index Scan using sbtest4_pkey on sbtest4  (cost=0.43..8.45 rows=1 width=121)
	  Index Cond: (id = 9791555)

table 5 : explain SELECT c FROM sbtest5 WHERE id=1902270
	Index Scan using sbtest5_pkey on sbtest5  (cost=0.43..8.45 rows=1 width=121)
	  Index Cond: (id = 1902270)

table 6 : explain SELECT c FROM sbtest6 WHERE id=5167619
	Index Scan using sbtest6_pkey on sbtest6  (cost=0.43..8.45 rows=1 width=121)
	  Index Cond: (id = 5167619)

table 7 : explain SELECT c FROM sbtest7 WHERE id=6320780
	Index Scan using sbtest7_pkey on sbtest7  (cost=0.43..8.45 rows=1 width=121)
	  Index Cond: (id = 6320780)

table 8 : explain SELECT c FROM sbtest8 WHERE id=283165
	Index Scan using sbtest8_pkey on sbtest8  (cost=0.43..8.45 rows=1 width=121)
	  Index Cond: (id = 283165)

for: simple_ranges
table 1 : explain SELECT c FROM sbtest1 WHERE id BETWEEN 8669993 AND 8670092
	Index Scan using sbtest1_pkey on sbtest1  (cost=0.43..376.86 rows=95 width=121)
	  Index Cond: ((id >= 8669993) AND (id <= 8670092))

table 2 : explain SELECT c FROM sbtest2 WHERE id BETWEEN 7511603 AND 7511702
	Index Scan using sbtest2_pkey on sbtest2  (cost=0.43..416.18 rows=105 width=121)
	  Index Cond: ((id >= 7511603) AND (id <= 7511702))

table 3 : explain SELECT c FROM sbtest3 WHERE id BETWEEN 5029237 AND 5029336
	Index Scan using sbtest3_pkey on sbtest3  (cost=0.43..403.02 rows=102 width=121)
	  Index Cond: ((id >= 5029237) AND (id <= 5029336))

table 4 : explain SELECT c FROM sbtest4 WHERE id BETWEEN 2882500 AND 2882599
	Index Scan using sbtest4_pkey on sbtest4  (cost=0.43..400.93 rows=102 width=121)
	  Index Cond: ((id >= 2882500) AND (id <= 2882599))

table 5 : explain SELECT c FROM sbtest5 WHERE id BETWEEN 8208695 AND 8208794
	Index Scan using sbtest5_pkey on sbtest5  (cost=0.43..423.12 rows=107 width=121)
	  Index Cond: ((id >= 8208695) AND (id <= 8208794))

table 6 : explain SELECT c FROM sbtest6 WHERE id BETWEEN 8842818 AND 8842917
	Index Scan using sbtest6_pkey on sbtest6  (cost=0.43..414.91 rows=105 width=121)
	  Index Cond: ((id >= 8842818) AND (id <= 8842917))

table 7 : explain SELECT c FROM sbtest7 WHERE id BETWEEN 7507493 AND 7507592
	Index Scan using sbtest7_pkey on sbtest7  (cost=0.43..390.53 rows=99 width=121)
	  Index Cond: ((id >= 7507493) AND (id <= 7507592))

table 8 : explain SELECT c FROM sbtest8 WHERE id BETWEEN 2869138 AND 2869237
	Index Scan using sbtest8_pkey on sbtest8  (cost=0.43..371.48 rows=94 width=121)
	  Index Cond: ((id >= 2869138) AND (id <= 2869237))

for: simple_ranges
table 1 : explain SELECT c FROM sbtest1 WHERE id BETWEEN 1473105 AND 1473204
	Index Scan using sbtest1_pkey on sbtest1  (cost=0.43..392.56 rows=99 width=121)
	  Index Cond: ((id >= 1473105) AND (id <= 1473204))

table 2 : explain SELECT c FROM sbtest2 WHERE id BETWEEN 8772387 AND 8772486
	Index Scan using sbtest2_pkey on sbtest2  (cost=0.43..424.02 rows=107 width=121)
	  Index Cond: ((id >= 8772387) AND (id <= 8772486))

table 3 : explain SELECT c FROM sbtest3 WHERE id BETWEEN 9583755 AND 9583854
	Index Scan using sbtest3_pkey on sbtest3  (cost=0.43..395.21 rows=100 width=121)
	  Index Cond: ((id >= 9583755) AND (id <= 9583854))

table 4 : explain SELECT c FROM sbtest4 WHERE id BETWEEN 8310313 AND 8310412
	Index Scan using sbtest4_pkey on sbtest4  (cost=0.43..346.51 rows=88 width=121)
	  Index Cond: ((id >= 8310313) AND (id <= 8310412))

table 5 : explain SELECT c FROM sbtest5 WHERE id BETWEEN 9400471 AND 9400570
	Index Scan using sbtest5_pkey on sbtest5  (cost=0.43..368.37 rows=93 width=121)
	  Index Cond: ((id >= 9400471) AND (id <= 9400570))

table 6 : explain SELECT c FROM sbtest6 WHERE id BETWEEN 8830878 AND 8830977
	Index Scan using sbtest6_pkey on sbtest6  (cost=0.43..414.91 rows=105 width=121)
	  Index Cond: ((id >= 8830878) AND (id <= 8830977))

table 7 : explain SELECT c FROM sbtest7 WHERE id BETWEEN 6236033 AND 6236132
	Index Scan using sbtest7_pkey on sbtest7  (cost=0.43..402.22 rows=102 width=121)
	  Index Cond: ((id >= 6236033) AND (id <= 6236132))

table 8 : explain SELECT c FROM sbtest8 WHERE id BETWEEN 2042308 AND 2042407
	Index Scan using sbtest8_pkey on sbtest8  (cost=0.43..406.60 rows=103 width=121)
	  Index Cond: ((id >= 2042308) AND (id <= 2042407))

for point_selects
table 1 : explain SELECT c FROM sbtest1 WHERE id=1598704
	Index Scan using sbtest1_pkey on sbtest1  (cost=0.43..8.45 rows=1 width=121)
	  Index Cond: (id = 1598704)

table 2 : explain SELECT c FROM sbtest2 WHERE id=7788158
	Index Scan using sbtest2_pkey on sbtest2  (cost=0.43..8.45 rows=1 width=121)
	  Index Cond: (id = 7788158)

table 3 : explain SELECT c FROM sbtest3 WHERE id=5161608
	Index Scan using sbtest3_pkey on sbtest3  (cost=0.43..8.45 rows=1 width=121)
	  Index Cond: (id = 5161608)

table 4 : explain SELECT c FROM sbtest4 WHERE id=5019700
	Index Scan using sbtest4_pkey on sbtest4  (cost=0.43..8.45 rows=1 width=121)
	  Index Cond: (id = 5019700)

table 5 : explain SELECT c FROM sbtest5 WHERE id=6442895
	Index Scan using sbtest5_pkey on sbtest5  (cost=0.43..8.45 rows=1 width=121)
	  Index Cond: (id = 6442895)

table 6 : explain SELECT c FROM sbtest6 WHERE id=959016
	Index Scan using sbtest6_pkey on sbtest6  (cost=0.43..8.45 rows=1 width=121)
	  Index Cond: (id = 959016)

table 7 : explain SELECT c FROM sbtest7 WHERE id=1238089
	Index Scan using sbtest7_pkey on sbtest7  (cost=0.43..8.45 rows=1 width=121)
	  Index Cond: (id = 1238089)

table 8 : explain SELECT c FROM sbtest8 WHERE id=9905331
	Index Scan using sbtest8_pkey on sbtest8  (cost=0.43..8.45 rows=1 width=121)
	  Index Cond: (id = 9905331)

for: order_ranges
table 1 : explain SELECT c FROM sbtest1 WHERE id BETWEEN 2880396 AND 2880495 ORDER BY c
	Sort  (cost=399.80..400.05 rows=100 width=121)
	  Sort Key: c
	  ->  Index Scan using sbtest1_pkey on sbtest1  (cost=0.43..396.48 rows=100 width=121)
	        Index Cond: ((id >= 2880396) AND (id <= 2880495))

table 2 : explain SELECT c FROM sbtest2 WHERE id BETWEEN 1405412 AND 1405511 ORDER BY c
	Sort  (cost=411.79..412.05 rows=103 width=121)
	  Sort Key: c
	  ->  Index Scan using sbtest2_pkey on sbtest2  (cost=0.43..408.34 rows=103 width=121)
	        Index Cond: ((id >= 1405412) AND (id <= 1405511))

table 3 : explain SELECT c FROM sbtest3 WHERE id BETWEEN 3658218 AND 3658317 ORDER BY c
	Sort  (cost=418.26..418.52 rows=105 width=121)
	  Sort Key: c
	  ->  Index Scan using sbtest3_pkey on sbtest3  (cost=0.43..414.73 rows=105 width=121)
	        Index Cond: ((id >= 3658218) AND (id <= 3658317))

table 4 : explain SELECT c FROM sbtest4 WHERE id BETWEEN 986585 AND 986684 ORDER BY c
	Sort  (cost=404.34..404.59 rows=102 width=121)
	  Sort Key: c
	  ->  Index Scan using sbtest4_pkey on sbtest4  (cost=0.43..400.93 rows=102 width=121)
	        Index Cond: ((id >= 986585) AND (id <= 986684))

table 5 : explain SELECT c FROM sbtest5 WHERE id BETWEEN 7587809 AND 7587908 ORDER BY c
	Sort  (cost=363.50..363.73 rows=91 width=121)
	  Sort Key: c
	  ->  Index Scan using sbtest5_pkey on sbtest5  (cost=0.43..360.54 rows=91 width=121)
	        Index Cond: ((id >= 7587809) AND (id <= 7587908))

table 6 : explain SELECT c FROM sbtest6 WHERE id BETWEEN 3614219 AND 3614318 ORDER BY c
	Sort  (cost=398.70..398.95 rows=100 width=121)
	  Sort Key: c
	  ->  Index Scan using sbtest6_pkey on sbtest6  (cost=0.43..395.37 rows=100 width=121)
	        Index Cond: ((id >= 3614219) AND (id <= 3614318))

table 7 : explain SELECT c FROM sbtest7 WHERE id BETWEEN 818622 AND 818721 ORDER BY c
	Sort  (cost=413.50..413.76 rows=104 width=121)
	  Sort Key: c
	  ->  Index Scan using sbtest7_pkey on sbtest7  (cost=0.43..410.02 rows=104 width=121)
	        Index Cond: ((id >= 818622) AND (id <= 818721))

table 8 : explain SELECT c FROM sbtest8 WHERE id BETWEEN 7084626 AND 7084725 ORDER BY c
	Sort  (cost=425.82..426.09 rows=107 width=121)
	  Sort Key: c
	  ->  Index Scan using sbtest8_pkey on sbtest8  (cost=0.43..422.21 rows=107 width=121)
	        Index Cond: ((id >= 7084626) AND (id <= 7084725))

explain: for point_selects :: explain SELECT c FROM sbtest%u WHERE id=%u
explain: for point_selects :: explain SELECT c FROM sbtest%u WHERE id=%u
for: order_ranges
table 1 : explain SELECT c FROM sbtest1 WHERE id BETWEEN 1434951 AND 1435050 ORDER BY c
	Sort  (cost=395.84..396.09 rows=99 width=121)
	  Sort Key: c
	  ->  Index Scan using sbtest1_pkey on sbtest1  (cost=0.43..392.56 rows=99 width=121)
	        Index Cond: ((id >= 1434951) AND (id <= 1435050))

table 2 : explain SELECT c FROM sbtest2 WHERE id BETWEEN 5643884 AND 5643983 ORDER BY c
	Sort  (cost=407.83..408.08 rows=102 width=121)
	  Sort Key: c
	  ->  Index Scan using sbtest2_pkey on sbtest2  (cost=0.43..404.42 rows=102 width=121)
	        Index Cond: ((id >= 5643884) AND (id <= 5643983))

table 3 : explain SELECT c FROM sbtest3 WHERE id BETWEEN 7971892 AND 7971991 ORDER BY c
	Sort  (cost=402.47..402.73 rows=101 width=121)
	  Sort Key: c
	  ->  Index Scan using sbtest3_pkey on sbtest3  (cost=0.43..399.11 rows=101 width=121)
	        Index Cond: ((id >= 7971892) AND (id <= 7971991))

table 4 : explain SELECT c FROM sbtest4 WHERE id BETWEEN 7349356 AND 7349455 ORDER BY c
	Sort  (cost=388.64..388.88 rows=98 width=121)
	  Sort Key: c
	  ->  Index Scan using sbtest4_pkey on sbtest4  (cost=0.43..385.39 rows=98 width=121)
	        Index Cond: ((id >= 7349356) AND (id <= 7349455))

table 5 : explain SELECT c FROM sbtest5 WHERE id BETWEEN 9321709 AND 9321808 ORDER BY c
	Sort  (cost=406.97..407.22 rows=102 width=121)
	  Sort Key: c
	  ->  Index Scan using sbtest5_pkey on sbtest5  (cost=0.43..403.57 rows=102 width=121)
	        Index Cond: ((id >= 9321709) AND (id <= 9321808))

table 6 : explain SELECT c FROM sbtest6 WHERE id BETWEEN 2446747 AND 2446846 ORDER BY c
	Sort  (cost=371.06..371.29 rows=93 width=121)
	  Sort Key: c
	  ->  Index Scan using sbtest6_pkey on sbtest6  (cost=0.43..368.02 rows=93 width=121)
	        Index Cond: ((id >= 2446747) AND (id <= 2446846))

table 7 : explain SELECT c FROM sbtest7 WHERE id BETWEEN 8021586 AND 8021685 ORDER BY c
	Sort  (cost=421.38..421.65 rows=106 width=121)
	  Sort Key: c
	  ->  Index Scan using sbtest7_pkey on sbtest7  (cost=0.43..417.82 rows=106 width=121)
	        Index Cond: ((id >= 8021586) AND (id <= 8021685))

table 8 : explain SELECT c FROM sbtest8 WHERE id BETWEEN 7014194 AND 7014293 ORDER BY c
	Sort  (cost=390.33..390.58 rows=98 width=121)
	  Sort Key: c
	  ->  Index Scan using sbtest8_pkey on sbtest8  (cost=0.43..387.09 rows=98 width=121)
	        Index Cond: ((id >= 7014194) AND (id <= 7014293))

for: distinct_ranges
table 1 : explain SELECT DISTINCT c FROM sbtest1 WHERE id BETWEEN 2933529 AND 2933628 ORDER BY c
	Unique  (cost=427.52..428.05 rows=107 width=121)
	  ->  Sort  (cost=427.52..427.78 rows=107 width=121)
	        Sort Key: c
	        ->  Index Scan using sbtest1_pkey on sbtest1  (cost=0.43..423.91 rows=107 width=121)
	              Index Cond: ((id >= 2933529) AND (id <= 2933628))

table 2 : explain SELECT DISTINCT c FROM sbtest2 WHERE id BETWEEN 578259 AND 578358 ORDER BY c
	Unique  (cost=431.59..432.13 rows=108 width=121)
	  ->  Sort  (cost=431.59..431.86 rows=108 width=121)
	        Sort Key: c
	        ->  Index Scan using sbtest2_pkey on sbtest2  (cost=0.43..427.94 rows=108 width=121)
	              Index Cond: ((id >= 578259) AND (id <= 578358))

table 3 : explain SELECT DISTINCT c FROM sbtest3 WHERE id BETWEEN 1700456 AND 1700555 ORDER BY c
	Unique  (cost=390.64..391.13 rows=98 width=121)
	  ->  Sort  (cost=390.64..390.88 rows=98 width=121)
	        Sort Key: c
	        ->  Index Scan using sbtest3_pkey on sbtest3  (cost=0.43..387.39 rows=98 width=121)
	              Index Cond: ((id >= 1700456) AND (id <= 1700555))

table 4 : explain SELECT DISTINCT c FROM sbtest4 WHERE id BETWEEN 6429541 AND 6429640 ORDER BY c
	Unique  (cost=384.71..385.20 rows=97 width=121)
	  ->  Sort  (cost=384.71..384.95 rows=97 width=121)
	        Sort Key: c
	        ->  Index Scan using sbtest4_pkey on sbtest4  (cost=0.43..381.51 rows=97 width=121)
	              Index Cond: ((id >= 6429541) AND (id <= 6429640))

table 5 : explain SELECT DISTINCT c FROM sbtest5 WHERE id BETWEEN 6437850 AND 6437949 ORDER BY c
	Unique  (cost=430.68..431.22 rows=108 width=121)
	  ->  Sort  (cost=430.68..430.95 rows=108 width=121)
	        Sort Key: c
	        ->  Index Scan using sbtest5_pkey on sbtest5  (cost=0.43..427.03 rows=108 width=121)
	              Index Cond: ((id >= 6437850) AND (id <= 6437949))

table 6 : explain SELECT DISTINCT c FROM sbtest6 WHERE id BETWEEN 5983838 AND 5983937 ORDER BY c
	Unique  (cost=359.22..359.67 rows=90 width=121)
	  ->  Sort  (cost=359.22..359.45 rows=90 width=121)
	        Sort Key: c
	        ->  Index Scan using sbtest6_pkey on sbtest6  (cost=0.43..356.30 rows=90 width=121)
	              Index Cond: ((id >= 5983838) AND (id <= 5983937))

table 7 : explain SELECT DISTINCT c FROM sbtest7 WHERE id BETWEEN 1433270 AND 1433369 ORDER BY c
	Unique  (cost=448.95..449.52 rows=113 width=121)
	  ->  Sort  (cost=448.95..449.24 rows=113 width=121)
	        Sort Key: c
	        ->  Index Scan using sbtest7_pkey on sbtest7  (cost=0.43..445.10 rows=113 width=121)
	              Index Cond: ((id >= 1433270) AND (id <= 1433369))

table 8 : explain SELECT DISTINCT c FROM sbtest8 WHERE id BETWEEN 4575517 AND 4575616 ORDER BY c
	Unique  (cost=378.50..378.98 rows=95 width=121)
	  ->  Sort  (cost=378.50..378.74 rows=95 width=121)
	        Sort Key: c
	        ->  Index Scan using sbtest8_pkey on sbtest8  (cost=0.43..375.38 rows=95 width=121)
	              Index Cond: ((id >= 4575517) AND (id <= 4575616))

for: simple_ranges
table 1 : explain SELECT c FROM sbtest1 WHERE id BETWEEN 1210255 AND 1210354
	Index Scan using sbtest1_pkey on sbtest1  (cost=0.43..404.32 rows=102 width=121)
	  Index Cond: ((id >= 1210255) AND (id <= 1210354))

table 2 : explain SELECT c FROM sbtest2 WHERE id BETWEEN 2442555 AND 2442654
	Index Scan using sbtest2_pkey on sbtest2  (cost=0.43..408.34 rows=103 width=121)
	  Index Cond: ((id >= 2442555) AND (id <= 2442654))

table 3 : explain SELECT c FROM sbtest3 WHERE id BETWEEN 2812057 AND 2812156
	Index Scan using sbtest3_pkey on sbtest3  (cost=0.43..426.45 rows=108 width=121)
	  Index Cond: ((id >= 2812057) AND (id <= 2812156))

table 4 : explain SELECT c FROM sbtest4 WHERE id BETWEEN 3823201 AND 3823300
	Index Scan using sbtest4_pkey on sbtest4  (cost=0.43..389.28 rows=99 width=121)
	  Index Cond: ((id >= 3823201) AND (id <= 3823300))

table 5 : explain SELECT c FROM sbtest5 WHERE id BETWEEN 9875146 AND 9875245
	Index Scan using sbtest5_pkey on sbtest5  (cost=0.43..384.01 rows=97 width=121)
	  Index Cond: ((id >= 9875146) AND (id <= 9875245))

table 6 : explain SELECT c FROM sbtest6 WHERE id BETWEEN 1220839 AND 1220938
	Index Scan using sbtest6_pkey on sbtest6  (cost=0.43..411.00 rows=104 width=121)
	  Index Cond: ((id >= 1220839) AND (id <= 1220938))

table 7 : explain SELECT c FROM sbtest7 WHERE id BETWEEN 2578688 AND 2578787
	Index Scan using sbtest7_pkey on sbtest7  (cost=0.43..374.94 rows=95 width=121)
	  Index Cond: ((id >= 2578688) AND (id <= 2578787))

table 8 : explain SELECT c FROM sbtest8 WHERE id BETWEEN 1668528 AND 1668627
	Index Scan using sbtest8_pkey on sbtest8  (cost=0.43..359.77 rows=91 width=121)
	  Index Cond: ((id >= 1668528) AND (id <= 1668627))

explain: for point_selects :: explain SELECT c FROM sbtest%u WHERE id=%u
for: distinct_ranges
table 1 : explain SELECT DISTINCT c FROM sbtest1 WHERE id BETWEEN 4289250 AND 4289349 ORDER BY c
	Unique  (cost=395.84..396.34 rows=99 width=121)
	  ->  Sort  (cost=395.84..396.09 rows=99 width=121)
	        Sort Key: c
	        ->  Index Scan using sbtest1_pkey on sbtest1  (cost=0.43..392.56 rows=99 width=121)
	              Index Cond: ((id >= 4289250) AND (id <= 4289349))

table 2 : explain SELECT DISTINCT c FROM sbtest2 WHERE id BETWEEN 1867726 AND 1867825 ORDER BY c
	Unique  (cost=431.59..432.13 rows=108 width=121)
	  ->  Sort  (cost=431.59..431.86 rows=108 width=121)
	        Sort Key: c
	        ->  Index Scan using sbtest2_pkey on sbtest2  (cost=0.43..427.94 rows=108 width=121)
	              Index Cond: ((id >= 1867726) AND (id <= 1867825))

table 3 : explain SELECT DISTINCT c FROM sbtest3 WHERE id BETWEEN 1486261 AND 1486360 ORDER BY c
	Unique  (cost=362.99..363.44 rows=91 width=121)
	  ->  Sort  (cost=362.99..363.21 rows=91 width=121)
	        Sort Key: c
	        ->  Index Scan using sbtest3_pkey on sbtest3  (cost=0.43..360.03 rows=91 width=121)
	              Index Cond: ((id >= 1486261) AND (id <= 1486360))

table 4 : explain SELECT DISTINCT c FROM sbtest4 WHERE id BETWEEN 7568566 AND 7568665 ORDER BY c
	Unique  (cost=404.34..404.85 rows=102 width=121)
	  ->  Sort  (cost=404.34..404.59 rows=102 width=121)
	        Sort Key: c
	        ->  Index Scan using sbtest4_pkey on sbtest4  (cost=0.43..400.93 rows=102 width=121)
	              Index Cond: ((id >= 7568566) AND (id <= 7568665))

table 5 : explain SELECT DISTINCT c FROM sbtest5 WHERE id BETWEEN 9995281 AND 9995380 ORDER BY c
	Unique  (cost=383.26..383.74 rows=96 width=121)
	  ->  Sort  (cost=383.26..383.50 rows=96 width=121)
	        Sort Key: c
	        ->  Index Scan using sbtest5_pkey on sbtest5  (cost=0.43..380.10 rows=96 width=121)
	              Index Cond: ((id >= 9995281) AND (id <= 9995380))

table 6 : explain SELECT DISTINCT c FROM sbtest6 WHERE id BETWEEN 9305399 AND 9305498 ORDER BY c
	Unique  (cost=418.44..418.96 rows=105 width=121)
	  ->  Sort  (cost=418.44..418.70 rows=105 width=121)
	        Sort Key: c
	        ->  Index Scan using sbtest6_pkey on sbtest6  (cost=0.43..414.91 rows=105 width=121)
	              Index Cond: ((id >= 9305399) AND (id <= 9305498))

table 7 : explain SELECT DISTINCT c FROM sbtest7 WHERE id BETWEEN 2840855 AND 2840954 ORDER BY c
	Unique  (cost=401.69..402.19 rows=101 width=121)
	  ->  Sort  (cost=401.69..401.94 rows=101 width=121)
	        Sort Key: c
	        ->  Index Scan using sbtest7_pkey on sbtest7  (cost=0.43..398.33 rows=101 width=121)
	              Index Cond: ((id >= 2840855) AND (id <= 2840954))

table 8 : explain SELECT DISTINCT c FROM sbtest8 WHERE id BETWEEN 569353 AND 569452 ORDER BY c
	Unique  (cost=410.05..410.56 rows=103 width=121)
	  ->  Sort  (cost=410.05..410.30 rows=103 width=121)
	        Sort Key: c
	        ->  Index Scan using sbtest8_pkey on sbtest8  (cost=0.43..406.60 rows=103 width=121)
	              Index Cond: ((id >= 569353) AND (id <= 569452))

for point_selects
table 1 : explain SELECT c FROM sbtest1 WHERE id=3259296
	Index Scan using sbtest1_pkey on sbtest1  (cost=0.43..8.45 rows=1 width=121)
	  Index Cond: (id = 3259296)

table 2 : explain SELECT c FROM sbtest2 WHERE id=7967697
	Index Scan using sbtest2_pkey on sbtest2  (cost=0.43..8.45 rows=1 width=121)
	  Index Cond: (id = 7967697)

table 3 : explain SELECT c FROM sbtest3 WHERE id=66331
	Index Scan using sbtest3_pkey on sbtest3  (cost=0.43..8.45 rows=1 width=121)
	  Index Cond: (id = 66331)

table 4 : explain SELECT c FROM sbtest4 WHERE id=6324499
	Index Scan using sbtest4_pkey on sbtest4  (cost=0.43..8.45 rows=1 width=121)
	  Index Cond: (id = 6324499)

table 5 : explain SELECT c FROM sbtest5 WHERE id=9292309
	Index Scan using sbtest5_pkey on sbtest5  (cost=0.43..8.45 rows=1 width=121)
	  Index Cond: (id = 9292309)

table 6 : explain SELECT c FROM sbtest6 WHERE id=4720616
	Index Scan using sbtest6_pkey on sbtest6  (cost=0.43..8.45 rows=1 width=121)
	  Index Cond: (id = 4720616)

table 7 : explain SELECT c FROM sbtest7 WHERE id=6720904
	Index Scan using sbtest7_pkey on sbtest7  (cost=0.43..8.45 rows=1 width=121)
	  Index Cond: (id = 6720904)

table 8 : explain SELECT c FROM sbtest8 WHERE id=3530262
	Index Scan using sbtest8_pkey on sbtest8  (cost=0.43..8.45 rows=1 width=121)
	  Index Cond: (id = 3530262)

for: simple_ranges
table 1 : explain SELECT c FROM sbtest1 WHERE id BETWEEN 5225252 AND 5225351
	Index Scan using sbtest1_pkey on sbtest1  (cost=0.43..431.75 rows=109 width=121)
	  Index Cond: ((id >= 5225252) AND (id <= 5225351))

table 2 : explain SELECT c FROM sbtest2 WHERE id BETWEEN 2958838 AND 2958937
	Index Scan using sbtest2_pkey on sbtest2  (cost=0.43..380.91 rows=96 width=121)
	  Index Cond: ((id >= 2958838) AND (id <= 2958937))

table 3 : explain SELECT c FROM sbtest3 WHERE id BETWEEN 9803046 AND 9803145
	Index Scan using sbtest3_pkey on sbtest3  (cost=0.43..379.58 rows=96 width=121)
	  Index Cond: ((id >= 9803046) AND (id <= 9803145))

table 4 : explain SELECT c FROM sbtest4 WHERE id BETWEEN 8770044 AND 8770143
	Index Scan using sbtest4_pkey on sbtest4  (cost=0.43..428.13 rows=109 width=121)
	  Index Cond: ((id >= 8770044) AND (id <= 8770143))

table 5 : explain SELECT c FROM sbtest5 WHERE id BETWEEN 1854953 AND 1855052
	Index Scan using sbtest5_pkey on sbtest5  (cost=0.43..399.65 rows=101 width=121)
	  Index Cond: ((id >= 1854953) AND (id <= 1855052))

table 6 : explain SELECT c FROM sbtest6 WHERE id BETWEEN 8454336 AND 8454435
	Index Scan using sbtest6_pkey on sbtest6  (cost=0.43..391.47 rows=99 width=121)
	  Index Cond: ((id >= 8454336) AND (id <= 8454435))

table 7 : explain SELECT c FROM sbtest7 WHERE id BETWEEN 1484240 AND 1484339
	Index Scan using sbtest7_pkey on sbtest7  (cost=0.43..445.10 rows=113 width=121)
	  Index Cond: ((id >= 1484240) AND (id <= 1484339))

table 8 : explain SELECT c FROM sbtest8 WHERE id BETWEEN 6690208 AND 6690307
	Index Scan using sbtest8_pkey on sbtest8  (cost=0.43..394.89 rows=100 width=121)
	  Index Cond: ((id >= 6690208) AND (id <= 6690307))

for: order_ranges
table 1 : explain SELECT c FROM sbtest1 WHERE id BETWEEN 7056167 AND 7056266 ORDER BY c
	Sort  (cost=423.56..423.82 rows=106 width=121)
	  Sort Key: c
	  ->  Index Scan using sbtest1_pkey on sbtest1  (cost=0.43..419.99 rows=106 width=121)
	        Index Cond: ((id >= 7056167) AND (id <= 7056266))

table 2 : explain SELECT c FROM sbtest2 WHERE id BETWEEN 1923705 AND 1923804 ORDER BY c
	Sort  (cost=380.11..380.34 rows=95 width=121)
	  Sort Key: c
	  ->  Index Scan using sbtest2_pkey on sbtest2  (cost=0.43..376.99 rows=95 width=121)
	        Index Cond: ((id >= 1923705) AND (id <= 1923804))

table 3 : explain SELECT c FROM sbtest3 WHERE id BETWEEN 5122647 AND 5122746 ORDER BY c
	Sort  (cost=366.93..367.16 rows=92 width=121)
	  Sort Key: c
	  ->  Index Scan using sbtest3_pkey on sbtest3  (cost=0.43..363.93 rows=92 width=121)
	        Index Cond: ((id >= 5122647) AND (id <= 5122746))

table 4 : explain SELECT c FROM sbtest4 WHERE id BETWEEN 6555298 AND 6555397 ORDER BY c
	Sort  (cost=427.89..428.16 rows=108 width=121)
	  Sort Key: c
	  ->  Index Scan using sbtest4_pkey on sbtest4  (cost=0.43..424.24 rows=108 width=121)
	        Index Cond: ((id >= 6555298) AND (id <= 6555397))

table 5 : explain SELECT c FROM sbtest5 WHERE id BETWEEN 8378403 AND 8378502 ORDER BY c
	Sort  (cost=391.16..391.41 rows=98 width=121)
	  Sort Key: c
	  ->  Index Scan using sbtest5_pkey on sbtest5  (cost=0.43..387.92 rows=98 width=121)
	        Index Cond: ((id >= 8378403) AND (id <= 8378502))

table 6 : explain SELECT c FROM sbtest6 WHERE id BETWEEN 2662361 AND 2662460 ORDER BY c
	Sort  (cost=430.28..430.55 rows=108 width=121)
	  Sort Key: c
	  ->  Index Scan using sbtest6_pkey on sbtest6  (cost=0.43..426.63 rows=108 width=121)
	        Index Cond: ((id >= 2662361) AND (id <= 2662460))

table 7 : explain SELECT c FROM sbtest7 WHERE id BETWEEN 2415287 AND 2415386 ORDER BY c
	Sort  (cost=401.69..401.94 rows=101 width=121)
	  Sort Key: c
	  ->  Index Scan using sbtest7_pkey on sbtest7  (cost=0.43..398.33 rows=101 width=121)
	        Index Cond: ((id >= 2415287) AND (id <= 2415386))

table 8 : explain SELECT c FROM sbtest8 WHERE id BETWEEN 7764680 AND 7764779 ORDER BY c
	Sort  (cost=382.44..382.68 rows=96 width=121)
	  Sort Key: c
	  ->  Index Scan using sbtest8_pkey on sbtest8  (cost=0.43..379.28 rows=96 width=121)
	        Index Cond: ((id >= 7764680) AND (id <= 7764779))

for: order_ranges
table 1 : explain SELECT c FROM sbtest1 WHERE id BETWEEN 2698322 AND 2698421 ORDER BY c
	Sort  (cost=379.98..380.22 rows=95 width=121)
	  Sort Key: c
	  ->  Index Scan using sbtest1_pkey on sbtest1  (cost=0.43..376.86 rows=95 width=121)
	        Index Cond: ((id >= 2698322) AND (id <= 2698421))

table 2 : explain SELECT c FROM sbtest2 WHERE id BETWEEN 6872705 AND 6872804 ORDER BY c
	Sort  (cost=376.15..376.38 rows=94 width=121)
	  Sort Key: c
	  ->  Index Scan using sbtest2_pkey on sbtest2  (cost=0.43..373.07 rows=94 width=121)
	        Index Cond: ((id >= 6872705) AND (id <= 6872804))

table 3 : explain SELECT c FROM sbtest3 WHERE id BETWEEN 9729724 AND 9729823 ORDER BY c
	Sort  (cost=382.74..382.98 rows=96 width=121)
	  Sort Key: c
	  ->  Index Scan using sbtest3_pkey on sbtest3  (cost=0.43..379.58 rows=96 width=121)
	        Index Cond: ((id >= 9729724) AND (id <= 9729823))

table 4 : explain SELECT c FROM sbtest4 WHERE id BETWEEN 2149575 AND 2149674 ORDER BY c
	Sort  (cost=365.09..365.32 rows=92 width=121)
	  Sort Key: c
	  ->  Index Scan using sbtest4_pkey on sbtest4  (cost=0.43..362.09 rows=92 width=121)
	        Index Cond: ((id >= 2149575) AND (id <= 2149674))

table 5 : explain SELECT c FROM sbtest5 WHERE id BETWEEN 6381914 AND 6382013 ORDER BY c
	Sort  (cost=418.82..419.09 rows=105 width=121)
	  Sort Key: c
	  ->  Index Scan using sbtest5_pkey on sbtest5  (cost=0.43..415.30 rows=105 width=121)
	        Index Cond: ((id >= 6381914) AND (id <= 6382013))

table 6 : explain SELECT c FROM sbtest6 WHERE id BETWEEN 538464 AND 538563 ORDER BY c
	Sort  (cost=450.02..450.31 rows=113 width=121)
	  Sort Key: c
	  ->  Index Scan using sbtest6_pkey on sbtest6  (cost=0.43..446.17 rows=113 width=121)
	        Index Cond: ((id >= 538464) AND (id <= 538563))

table 7 : explain SELECT c FROM sbtest7 WHERE id BETWEEN 6408983 AND 6409082 ORDER BY c
	Sort  (cost=382.00..382.24 rows=96 width=121)
	  Sort Key: c
	  ->  Index Scan using sbtest7_pkey on sbtest7  (cost=0.43..378.84 rows=96 width=121)
	        Index Cond: ((id >= 6408983) AND (id <= 6409082))

table 8 : explain SELECT c FROM sbtest8 WHERE id BETWEEN 3803734 AND 3803833 ORDER BY c
	Sort  (cost=354.82..355.04 rows=89 width=121)
	  Sort Key: c
	  ->  Index Scan using sbtest8_pkey on sbtest8  (cost=0.43..351.94 rows=89 width=121)
	        Index Cond: ((id >= 3803734) AND (id <= 3803833))

explain: for point_selects :: explain SELECT c FROM sbtest%u WHERE id=%u
explain: for point_selects :: explain SELECT c FROM sbtest%u WHERE id=%u
for: sum_ranges
table 1 : explain SELECT SUM(k) FROM sbtest1 WHERE id BETWEEN 7340042 AND 7340141
	Aggregate  (cost=392.81..392.82 rows=1 width=8)
	  ->  Index Scan using sbtest1_pkey on sbtest1  (cost=0.43..392.56 rows=99 width=4)
	        Index Cond: ((id >= 7340042) AND (id <= 7340141))

table 2 : explain SELECT SUM(k) FROM sbtest2 WHERE id BETWEEN 5432013 AND 5432112
	Aggregate  (cost=432.14..432.15 rows=1 width=8)
	  ->  Index Scan using sbtest2_pkey on sbtest2  (cost=0.43..431.86 rows=109 width=4)
	        Index Cond: ((id >= 5432013) AND (id <= 5432112))

table 3 : explain SELECT SUM(k) FROM sbtest3 WHERE id BETWEEN 6062249 AND 6062348
	Aggregate  (cost=391.55..391.56 rows=1 width=8)
	  ->  Index Scan using sbtest3_pkey on sbtest3  (cost=0.43..391.30 rows=99 width=4)
	        Index Cond: ((id >= 6062249) AND (id <= 6062348))

table 4 : explain SELECT SUM(k) FROM sbtest4 WHERE id BETWEEN 4191885 AND 4191984
	Aggregate  (cost=436.18..436.19 rows=1 width=8)
	  ->  Index Scan using sbtest4_pkey on sbtest4  (cost=0.43..435.90 rows=111 width=4)
	        Index Cond: ((id >= 4191885) AND (id <= 4191984))

table 5 : explain SELECT SUM(k) FROM sbtest5 WHERE id BETWEEN 9842692 AND 9842791
	Aggregate  (cost=384.25..384.26 rows=1 width=8)
	  ->  Index Scan using sbtest5_pkey on sbtest5  (cost=0.43..384.01 rows=97 width=4)
	        Index Cond: ((id >= 9842692) AND (id <= 9842791))

table 6 : explain SELECT SUM(k) FROM sbtest6 WHERE id BETWEEN 7170814 AND 7170913
	Aggregate  (cost=399.53..399.54 rows=1 width=8)
	  ->  Index Scan using sbtest6_pkey on sbtest6  (cost=0.43..399.28 rows=101 width=4)
	        Index Cond: ((id >= 7170814) AND (id <= 7170913))

table 7 : explain SELECT SUM(k) FROM sbtest7 WHERE id BETWEEN 8682191 AND 8682290
	Aggregate  (cost=347.84..347.85 rows=1 width=8)
	  ->  Index Scan using sbtest7_pkey on sbtest7  (cost=0.43..347.62 rows=88 width=4)
	        Index Cond: ((id >= 8682191) AND (id <= 8682290))

table 8 : explain SELECT SUM(k) FROM sbtest8 WHERE id BETWEEN 3257514 AND 3257613
	Aggregate  (cost=375.62..375.63 rows=1 width=8)
	  ->  Index Scan using sbtest8_pkey on sbtest8  (cost=0.43..375.38 rows=95 width=4)
	        Index Cond: ((id >= 3257514) AND (id <= 3257613))

for: order_ranges
table 1 : explain SELECT c FROM sbtest1 WHERE id BETWEEN 1212715 AND 1212814 ORDER BY c
	Sort  (cost=407.72..407.97 rows=102 width=121)
	  Sort Key: c
	  ->  Index Scan using sbtest1_pkey on sbtest1  (cost=0.43..404.32 rows=102 width=121)
	        Index Cond: ((id >= 1212715) AND (id <= 1212814))

table 2 : explain SELECT c FROM sbtest2 WHERE id BETWEEN 6856419 AND 6856518 ORDER BY c
	Sort  (cost=376.15..376.38 rows=94 width=121)
	  Sort Key: c
	  ->  Index Scan using sbtest2_pkey on sbtest2  (cost=0.43..373.07 rows=94 width=121)
	        Index Cond: ((id >= 6856419) AND (id <= 6856518))

table 3 : explain SELECT c FROM sbtest3 WHERE id BETWEEN 8738262 AND 8738361 ORDER BY c
	Sort  (cost=370.88..371.11 rows=93 width=121)
	  Sort Key: c
	  ->  Index Scan using sbtest3_pkey on sbtest3  (cost=0.43..367.84 rows=93 width=121)
	        Index Cond: ((id >= 8738262) AND (id <= 8738361))

table 4 : explain SELECT c FROM sbtest4 WHERE id BETWEEN 2508553 AND 2508652 ORDER BY c
	Sort  (cost=408.26..408.52 rows=103 width=121)
	  Sort Key: c
	  ->  Index Scan using sbtest4_pkey on sbtest4  (cost=0.43..404.82 rows=103 width=121)
	        Index Cond: ((id >= 2508553) AND (id <= 2508652))

table 5 : explain SELECT c FROM sbtest5 WHERE id BETWEEN 8267910 AND 8268009 ORDER BY c
	Sort  (cost=426.73..427.00 rows=107 width=121)
	  Sort Key: c
	  ->  Index Scan using sbtest5_pkey on sbtest5  (cost=0.43..423.12 rows=107 width=121)
	        Index Cond: ((id >= 8267910) AND (id <= 8268009))

table 6 : explain SELECT c FROM sbtest6 WHERE id BETWEEN 7751978 AND 7752077 ORDER BY c
	Sort  (cost=390.80..391.04 rows=98 width=121)
	  Sort Key: c
	  ->  Index Scan using sbtest6_pkey on sbtest6  (cost=0.43..387.56 rows=98 width=121)
	        Index Cond: ((id >= 7751978) AND (id <= 7752077))

table 7 : explain SELECT c FROM sbtest7 WHERE id BETWEEN 522032 AND 522131 ORDER BY c
	Sort  (cost=405.63..405.88 rows=102 width=121)
	  Sort Key: c
	  ->  Index Scan using sbtest7_pkey on sbtest7  (cost=0.43..402.22 rows=102 width=121)
	        Index Cond: ((id >= 522032) AND (id <= 522131))

table 8 : explain SELECT c FROM sbtest8 WHERE id BETWEEN 1702893 AND 1702992 ORDER BY c
	Sort  (cost=421.88..422.14 rows=106 width=121)
	  Sort Key: c
	  ->  Index Scan using sbtest8_pkey on sbtest8  (cost=0.43..418.31 rows=106 width=121)
	        Index Cond: ((id >= 1702893) AND (id <= 1702992))

for: sum_ranges
table 1 : explain SELECT SUM(k) FROM sbtest1 WHERE id BETWEEN 3859016 AND 3859115
	Aggregate  (cost=447.70..447.71 rows=1 width=8)
	  ->  Index Scan using sbtest1_pkey on sbtest1  (cost=0.43..447.42 rows=113 width=4)
	        Index Cond: ((id >= 3859016) AND (id <= 3859115))

table 2 : explain SELECT SUM(k) FROM sbtest2 WHERE id BETWEEN 2331926 AND 2332025
	Aggregate  (cost=432.14..432.15 rows=1 width=8)
	  ->  Index Scan using sbtest2_pkey on sbtest2  (cost=0.43..431.86 rows=109 width=4)
	        Index Cond: ((id >= 2331926) AND (id <= 2332025))

table 3 : explain SELECT SUM(k) FROM sbtest3 WHERE id BETWEEN 600397 AND 600496
	Aggregate  (cost=364.16..364.17 rows=1 width=8)
	  ->  Index Scan using sbtest3_pkey on sbtest3  (cost=0.43..363.93 rows=92 width=4)
	        Index Cond: ((id >= 600397) AND (id <= 600496))

table 4 : explain SELECT SUM(k) FROM sbtest4 WHERE id BETWEEN 1202941 AND 1203040
	Aggregate  (cost=373.98..373.99 rows=1 width=8)
	  ->  Index Scan using sbtest4_pkey on sbtest4  (cost=0.43..373.74 rows=95 width=4)
	        Index Cond: ((id >= 1202941) AND (id <= 1203040))

table 5 : explain SELECT SUM(k) FROM sbtest5 WHERE id BETWEEN 5531828 AND 5531927
	Aggregate  (cost=372.51..372.52 rows=1 width=8)
	  ->  Index Scan using sbtest5_pkey on sbtest5  (cost=0.43..372.28 rows=94 width=4)
	        Index Cond: ((id >= 5531828) AND (id <= 5531927))

table 6 : explain SELECT SUM(k) FROM sbtest6 WHERE id BETWEEN 7875129 AND 7875228
	Aggregate  (cost=407.35..407.36 rows=1 width=8)
	  ->  Index Scan using sbtest6_pkey on sbtest6  (cost=0.43..407.10 rows=103 width=4)
	        Index Cond: ((id >= 7875129) AND (id <= 7875228))

table 7 : explain SELECT SUM(k) FROM sbtest7 WHERE id BETWEEN 1908428 AND 1908527
	Aggregate  (cost=371.28..371.29 rows=1 width=8)
	  ->  Index Scan using sbtest7_pkey on sbtest7  (cost=0.43..371.04 rows=94 width=4)
	        Index Cond: ((id >= 1908428) AND (id <= 1908527))

table 8 : explain SELECT SUM(k) FROM sbtest8 WHERE id BETWEEN 5621093 AND 5621192
	Aggregate  (cost=434.19..434.20 rows=1 width=8)
	  ->  Index Scan using sbtest8_pkey on sbtest8  (cost=0.43..433.92 rows=110 width=4)
	        Index Cond: ((id >= 5621093) AND (id <= 5621192))

for: sum_ranges
table 1 : explain SELECT SUM(k) FROM sbtest1 WHERE id BETWEEN 4561443 AND 4561542
	Aggregate  (cost=408.49..408.50 rows=1 width=8)
	  ->  Index Scan using sbtest1_pkey on sbtest1  (cost=0.43..408.23 rows=103 width=4)
	        Index Cond: ((id >= 4561443) AND (id <= 4561542))

table 2 : explain SELECT SUM(k) FROM sbtest2 WHERE id BETWEEN 2017919 AND 2018018
	Aggregate  (cost=396.83..396.84 rows=1 width=8)
	  ->  Index Scan using sbtest2_pkey on sbtest2  (cost=0.43..396.58 rows=100 width=4)
	        Index Cond: ((id >= 2017919) AND (id <= 2018018))

table 3 : explain SELECT SUM(k) FROM sbtest3 WHERE id BETWEEN 6194810 AND 6194909
	Aggregate  (cost=391.55..391.56 rows=1 width=8)
	  ->  Index Scan using sbtest3_pkey on sbtest3  (cost=0.43..391.30 rows=99 width=4)
	        Index Cond: ((id >= 6194810) AND (id <= 6194909))

table 4 : explain SELECT SUM(k) FROM sbtest4 WHERE id BETWEEN 8523481 AND 8523580
	Aggregate  (cost=377.86..377.87 rows=1 width=8)
	  ->  Index Scan using sbtest4_pkey on sbtest4  (cost=0.43..377.62 rows=96 width=4)
	        Index Cond: ((id >= 8523481) AND (id <= 8523580))

table 5 : explain SELECT SUM(k) FROM sbtest5 WHERE id BETWEEN 4478801 AND 4478900
	Aggregate  (cost=431.22..431.23 rows=1 width=8)
	  ->  Index Scan using sbtest5_pkey on sbtest5  (cost=0.43..430.94 rows=109 width=4)
	        Index Cond: ((id >= 4478801) AND (id <= 4478900))

table 6 : explain SELECT SUM(k) FROM sbtest6 WHERE id BETWEEN 2006934 AND 2007033
	Aggregate  (cost=450.36..450.37 rows=1 width=8)
	  ->  Index Scan using sbtest6_pkey on sbtest6  (cost=0.43..450.08 rows=114 width=4)
	        Index Cond: ((id >= 2006934) AND (id <= 2007033))

table 7 : explain SELECT SUM(k) FROM sbtest7 WHERE id BETWEEN 6017585 AND 6017684
	Aggregate  (cost=386.88..386.89 rows=1 width=8)
	  ->  Index Scan using sbtest7_pkey on sbtest7  (cost=0.43..386.63 rows=98 width=4)
	        Index Cond: ((id >= 6017585) AND (id <= 6017684))

table 8 : explain SELECT SUM(k) FROM sbtest8 WHERE id BETWEEN 3175393 AND 3175492
	Aggregate  (cost=395.14..395.15 rows=1 width=8)
	  ->  Index Scan using sbtest8_pkey on sbtest8  (cost=0.43..394.89 rows=100 width=4)
	        Index Cond: ((id >= 3175393) AND (id <= 3175492))

for: sum_ranges
table 1 : explain SELECT SUM(k) FROM sbtest1 WHERE id BETWEEN 9024113 AND 9024212
	Aggregate  (cost=416.33..416.34 rows=1 width=8)
	  ->  Index Scan using sbtest1_pkey on sbtest1  (cost=0.43..416.07 rows=105 width=4)
	        Index Cond: ((id >= 9024113) AND (id <= 9024212))

table 2 : explain SELECT SUM(k) FROM sbtest2 WHERE id BETWEEN 6700785 AND 6700884
	Aggregate  (cost=392.91..392.92 rows=1 width=8)
	  ->  Index Scan using sbtest2_pkey on sbtest2  (cost=0.43..392.67 rows=99 width=4)
	        Index Cond: ((id >= 6700785) AND (id <= 6700884))

table 3 : explain SELECT SUM(k) FROM sbtest3 WHERE id BETWEEN 645585 AND 645684
	Aggregate  (cost=391.55..391.56 rows=1 width=8)
	  ->  Index Scan using sbtest3_pkey on sbtest3  (cost=0.43..391.30 rows=99 width=4)
	        Index Cond: ((id >= 645585) AND (id <= 645684))

table 4 : explain SELECT SUM(k) FROM sbtest4 WHERE id BETWEEN 5109127 AND 5109226
	Aggregate  (cost=416.74..416.75 rows=1 width=8)
	  ->  Index Scan using sbtest4_pkey on sbtest4  (cost=0.43..416.47 rows=106 width=4)
	        Index Cond: ((id >= 5109127) AND (id <= 5109226))

table 5 : explain SELECT SUM(k) FROM sbtest5 WHERE id BETWEEN 4774262 AND 4774361
	Aggregate  (cost=376.42..376.43 rows=1 width=8)
	  ->  Index Scan using sbtest5_pkey on sbtest5  (cost=0.43..376.19 rows=95 width=4)
	        Index Cond: ((id >= 4774262) AND (id <= 4774361))

table 6 : explain SELECT SUM(k) FROM sbtest6 WHERE id BETWEEN 7088308 AND 7088407
	Aggregate  (cost=395.62..395.63 rows=1 width=8)
	  ->  Index Scan using sbtest6_pkey on sbtest6  (cost=0.43..395.37 rows=100 width=4)
	        Index Cond: ((id >= 7088308) AND (id <= 7088407))

table 7 : explain SELECT SUM(k) FROM sbtest7 WHERE id BETWEEN 4752716 AND 4752815
	Aggregate  (cost=406.38..406.39 rows=1 width=8)
	  ->  Index Scan using sbtest7_pkey on sbtest7  (cost=0.43..406.12 rows=103 width=4)
	        Index Cond: ((id >= 4752716) AND (id <= 4752815))

table 8 : explain SELECT SUM(k) FROM sbtest8 WHERE id BETWEEN 1201502 AND 1201601
	Aggregate  (cost=371.71..371.72 rows=1 width=8)
	  ->  Index Scan using sbtest8_pkey on sbtest8  (cost=0.43..371.48 rows=94 width=4)
	        Index Cond: ((id >= 1201502) AND (id <= 1201601))

explain: for point_selects :: explain SELECT c FROM sbtest%u WHERE id=%u
for: distinct_ranges
table 1 : explain SELECT DISTINCT c FROM sbtest1 WHERE id BETWEEN 5574829 AND 5574928 ORDER BY c
	Unique  (cost=403.76..404.26 rows=101 width=121)
	  ->  Sort  (cost=403.76..404.01 rows=101 width=121)
	        Sort Key: c
	        ->  Index Scan using sbtest1_pkey on sbtest1  (cost=0.43..400.40 rows=101 width=121)
	              Index Cond: ((id >= 5574829) AND (id <= 5574928))

table 2 : explain SELECT DISTINCT c FROM sbtest2 WHERE id BETWEEN 6273349 AND 6273448 ORDER BY c
	Unique  (cost=407.83..408.34 rows=102 width=121)
	  ->  Sort  (cost=407.83..408.08 rows=102 width=121)
	        Sort Key: c
	        ->  Index Scan using sbtest2_pkey on sbtest2  (cost=0.43..404.42 rows=102 width=121)
	              Index Cond: ((id >= 6273349) AND (id <= 6273448))

table 3 : explain SELECT DISTINCT c FROM sbtest3 WHERE id BETWEEN 3597781 AND 3597880 ORDER BY c
	Unique  (cost=418.26..418.78 rows=105 width=121)
	  ->  Sort  (cost=418.26..418.52 rows=105 width=121)
	        Sort Key: c
	        ->  Index Scan using sbtest3_pkey on sbtest3  (cost=0.43..414.73 rows=105 width=121)
	              Index Cond: ((id >= 3597781) AND (id <= 3597880))

table 4 : explain SELECT DISTINCT c FROM sbtest4 WHERE id BETWEEN 6642034 AND 6642133 ORDER BY c
	Unique  (cost=384.71..385.20 rows=97 width=121)
	  ->  Sort  (cost=384.71..384.95 rows=97 width=121)
	        Sort Key: c
	        ->  Index Scan using sbtest4_pkey on sbtest4  (cost=0.43..381.51 rows=97 width=121)
	              Index Cond: ((id >= 6642034) AND (id <= 6642133))

table 5 : explain SELECT DISTINCT c FROM sbtest5 WHERE id BETWEEN 5067841 AND 5067940 ORDER BY c
	Unique  (cost=379.31..379.78 rows=95 width=121)
	  ->  Sort  (cost=379.31..379.55 rows=95 width=121)
	        Sort Key: c
	        ->  Index Scan using sbtest5_pkey on sbtest5  (cost=0.43..376.19 rows=95 width=121)
	              Index Cond: ((id >= 5067841) AND (id <= 5067940))

table 6 : explain SELECT DISTINCT c FROM sbtest6 WHERE id BETWEEN 3278775 AND 3278874 ORDER BY c
	Unique  (cost=402.64..403.15 rows=101 width=121)
	  ->  Sort  (cost=402.64..402.90 rows=101 width=121)
	        Sort Key: c
	        ->  Index Scan using sbtest6_pkey on sbtest6  (cost=0.43..399.28 rows=101 width=121)
	              Index Cond: ((id >= 3278775) AND (id <= 3278874))

table 7 : explain SELECT DISTINCT c FROM sbtest7 WHERE id BETWEEN 3065316 AND 3065415 ORDER BY c
	Unique  (cost=433.20..433.74 rows=109 width=121)
	  ->  Sort  (cost=433.20..433.47 rows=109 width=121)
	        Sort Key: c
	        ->  Index Scan using sbtest7_pkey on sbtest7  (cost=0.43..429.51 rows=109 width=121)
	              Index Cond: ((id >= 3065316) AND (id <= 3065415))

table 8 : explain SELECT DISTINCT c FROM sbtest8 WHERE id BETWEEN 2129833 AND 2129932 ORDER BY c
	Unique  (cost=378.50..378.98 rows=95 width=121)
	  ->  Sort  (cost=378.50..378.74 rows=95 width=121)
	        Sort Key: c
	        ->  Index Scan using sbtest8_pkey on sbtest8  (cost=0.43..375.38 rows=95 width=121)
	              Index Cond: ((id >= 2129833) AND (id <= 2129932))

for point_selects
table 1 : explain SELECT c FROM sbtest1 WHERE id=272548
	Index Scan using sbtest1_pkey on sbtest1  (cost=0.43..8.45 rows=1 width=121)
	  Index Cond: (id = 272548)

table 2 : explain SELECT c FROM sbtest2 WHERE id=8171454
	Index Scan using sbtest2_pkey on sbtest2  (cost=0.43..8.45 rows=1 width=121)
	  Index Cond: (id = 8171454)

table 3 : explain SELECT c FROM sbtest3 WHERE id=5884769
	Index Scan using sbtest3_pkey on sbtest3  (cost=0.43..8.45 rows=1 width=121)
	  Index Cond: (id = 5884769)

table 4 : explain SELECT c FROM sbtest4 WHERE id=4336818
	Index Scan using sbtest4_pkey on sbtest4  (cost=0.43..8.45 rows=1 width=121)
	  Index Cond: (id = 4336818)

table 5 : explain SELECT c FROM sbtest5 WHERE id=4379945
	Index Scan using sbtest5_pkey on sbtest5  (cost=0.43..8.45 rows=1 width=121)
	  Index Cond: (id = 4379945)

table 6 : explain SELECT c FROM sbtest6 WHERE id=1264355
	Index Scan using sbtest6_pkey on sbtest6  (cost=0.43..8.45 rows=1 width=121)
	  Index Cond: (id = 1264355)

table 7 : explain SELECT c FROM sbtest7 WHERE id=6536147
	Index Scan using sbtest7_pkey on sbtest7  (cost=0.43..8.45 rows=1 width=121)
	  Index Cond: (id = 6536147)

table 8 : explain SELECT c FROM sbtest8 WHERE id=4754136
	Index Scan using sbtest8_pkey on sbtest8  (cost=0.43..8.45 rows=1 width=121)
	  Index Cond: (id = 4754136)

for: distinct_ranges
table 1 : explain SELECT DISTINCT c FROM sbtest1 WHERE id BETWEEN 545429 AND 545528 ORDER BY c
	Unique  (cost=415.64..416.16 rows=104 width=121)
	  ->  Sort  (cost=415.64..415.90 rows=104 width=121)
	        Sort Key: c
	        ->  Index Scan using sbtest1_pkey on sbtest1  (cost=0.43..412.15 rows=104 width=121)
	              Index Cond: ((id >= 545429) AND (id <= 545528))

table 2 : explain SELECT DISTINCT c FROM sbtest2 WHERE id BETWEEN 6783637 AND 6783736 ORDER BY c
	Unique  (cost=376.15..376.62 rows=94 width=121)
	  ->  Sort  (cost=376.15..376.38 rows=94 width=121)
	        Sort Key: c
	        ->  Index Scan using sbtest2_pkey on sbtest2  (cost=0.43..373.07 rows=94 width=121)
	              Index Cond: ((id >= 6783637) AND (id <= 6783736))

table 3 : explain SELECT DISTINCT c FROM sbtest3 WHERE id BETWEEN 2081915 AND 2082014 ORDER BY c
	Unique  (cost=430.10..430.64 rows=108 width=121)
	  ->  Sort  (cost=430.10..430.37 rows=108 width=121)
	        Sort Key: c
	        ->  Index Scan using sbtest3_pkey on sbtest3  (cost=0.43..426.45 rows=108 width=121)
	              Index Cond: ((id >= 2081915) AND (id <= 2082014))

table 4 : explain SELECT DISTINCT c FROM sbtest4 WHERE id BETWEEN 2882386 AND 2882485 ORDER BY c
	Unique  (cost=404.34..404.85 rows=102 width=121)
	  ->  Sort  (cost=404.34..404.59 rows=102 width=121)
	        Sort Key: c
	        ->  Index Scan using sbtest4_pkey on sbtest4  (cost=0.43..400.93 rows=102 width=121)
	              Index Cond: ((id >= 2882386) AND (id <= 2882485))

table 5 : explain SELECT DISTINCT c FROM sbtest5 WHERE id BETWEEN 982760 AND 982859 ORDER BY c
	Unique  (cost=383.26..383.74 rows=96 width=121)
	  ->  Sort  (cost=383.26..383.50 rows=96 width=121)
	        Sort Key: c
	        ->  Index Scan using sbtest5_pkey on sbtest5  (cost=0.43..380.10 rows=96 width=121)
	              Index Cond: ((id >= 982760) AND (id <= 982859))

table 6 : explain SELECT DISTINCT c FROM sbtest6 WHERE id BETWEEN 3170074 AND 3170173 ORDER BY c
	Unique  (cost=359.22..359.67 rows=90 width=121)
	  ->  Sort  (cost=359.22..359.45 rows=90 width=121)
	        Sort Key: c
	        ->  Index Scan using sbtest6_pkey on sbtest6  (cost=0.43..356.30 rows=90 width=121)
	              Index Cond: ((id >= 3170074) AND (id <= 3170173))

table 7 : explain SELECT DISTINCT c FROM sbtest7 WHERE id BETWEEN 2659652 AND 2659751 ORDER BY c
	Unique  (cost=401.69..402.19 rows=101 width=121)
	  ->  Sort  (cost=401.69..401.94 rows=101 width=121)
	        Sort Key: c
	        ->  Index Scan using sbtest7_pkey on sbtest7  (cost=0.43..398.33 rows=101 width=121)
	              Index Cond: ((id >= 2659652) AND (id <= 2659751))

table 8 : explain SELECT DISTINCT c FROM sbtest8 WHERE id BETWEEN 5068613 AND 5068712 ORDER BY c
	Unique  (cost=378.50..378.98 rows=95 width=121)
	  ->  Sort  (cost=378.50..378.74 rows=95 width=121)
	        Sort Key: c
	        ->  Index Scan using sbtest8_pkey on sbtest8  (cost=0.43..375.38 rows=95 width=121)
	              Index Cond: ((id >= 5068613) AND (id <= 5068712))

for point_selects
table 1 : explain SELECT c FROM sbtest1 WHERE id=5278714
	Index Scan using sbtest1_pkey on sbtest1  (cost=0.43..8.45 rows=1 width=121)
	  Index Cond: (id = 5278714)

table 2 : explain SELECT c FROM sbtest2 WHERE id=5613059
	Index Scan using sbtest2_pkey on sbtest2  (cost=0.43..8.45 rows=1 width=121)
	  Index Cond: (id = 5613059)

table 3 : explain SELECT c FROM sbtest3 WHERE id=7178587
	Index Scan using sbtest3_pkey on sbtest3  (cost=0.43..8.45 rows=1 width=121)
	  Index Cond: (id = 7178587)

table 4 : explain SELECT c FROM sbtest4 WHERE id=8920271
	Index Scan using sbtest4_pkey on sbtest4  (cost=0.43..8.45 rows=1 width=121)
	  Index Cond: (id = 8920271)

table 5 : explain SELECT c FROM sbtest5 WHERE id=2688579
	Index Scan using sbtest5_pkey on sbtest5  (cost=0.43..8.45 rows=1 width=121)
	  Index Cond: (id = 2688579)

table 6 : explain SELECT c FROM sbtest6 WHERE id=3027972
	Index Scan using sbtest6_pkey on sbtest6  (cost=0.43..8.45 rows=1 width=121)
	  Index Cond: (id = 3027972)

table 7 : explain SELECT c FROM sbtest7 WHERE id=7053785
	Index Scan using sbtest7_pkey on sbtest7  (cost=0.43..8.45 rows=1 width=121)
	  Index Cond: (id = 7053785)

table 8 : explain SELECT c FROM sbtest8 WHERE id=1882852
	Index Scan using sbtest8_pkey on sbtest8  (cost=0.43..8.45 rows=1 width=121)
	  Index Cond: (id = 1882852)

for point_selects
table 1 : explain SELECT c FROM sbtest1 WHERE id=7791370
	Index Scan using sbtest1_pkey on sbtest1  (cost=0.43..8.45 rows=1 width=121)
	  Index Cond: (id = 7791370)

table 2 : explain SELECT c FROM sbtest2 WHERE id=982445
	Index Scan using sbtest2_pkey on sbtest2  (cost=0.43..8.45 rows=1 width=121)
	  Index Cond: (id = 982445)

table 3 : explain SELECT c FROM sbtest3 WHERE id=4594433
	Index Scan using sbtest3_pkey on sbtest3  (cost=0.43..8.45 rows=1 width=121)
	  Index Cond: (id = 4594433)

table 4 : explain SELECT c FROM sbtest4 WHERE id=4346924
	Index Scan using sbtest4_pkey on sbtest4  (cost=0.43..8.45 rows=1 width=121)
	  Index Cond: (id = 4346924)

table 5 : explain SELECT c FROM sbtest5 WHERE id=6831287
	Index Scan using sbtest5_pkey on sbtest5  (cost=0.43..8.45 rows=1 width=121)
	  Index Cond: (id = 6831287)

table 6 : explain SELECT c FROM sbtest6 WHERE id=3267506
	Index Scan using sbtest6_pkey on sbtest6  (cost=0.43..8.45 rows=1 width=121)
	  Index Cond: (id = 3267506)

table 7 : explain SELECT c FROM sbtest7 WHERE id=3810134
	Index Scan using sbtest7_pkey on sbtest7  (cost=0.43..8.45 rows=1 width=121)
	  Index Cond: (id = 3810134)

table 8 : explain SELECT c FROM sbtest8 WHERE id=7881458
	Index Scan using sbtest8_pkey on sbtest8  (cost=0.43..8.45 rows=1 width=121)
	  Index Cond: (id = 7881458)

explain: for point_selects :: explain SELECT c FROM sbtest%u WHERE id=%u
for: simple_ranges
table 1 : explain SELECT c FROM sbtest1 WHERE id BETWEEN 964331 AND 964430
	Index Scan using sbtest1_pkey on sbtest1  (cost=0.43..384.70 rows=97 width=121)
	  Index Cond: ((id >= 964331) AND (id <= 964430))

table 2 : explain SELECT c FROM sbtest2 WHERE id BETWEEN 6804334 AND 6804433
	Index Scan using sbtest2_pkey on sbtest2  (cost=0.43..373.07 rows=94 width=121)
	  Index Cond: ((id >= 6804334) AND (id <= 6804433))

table 3 : explain SELECT c FROM sbtest3 WHERE id BETWEEN 846123 AND 846222
	Index Scan using sbtest3_pkey on sbtest3  (cost=0.43..426.45 rows=108 width=121)
	  Index Cond: ((id >= 846123) AND (id <= 846222))

table 4 : explain SELECT c FROM sbtest4 WHERE id BETWEEN 124854 AND 124953
	Index Scan using sbtest4_pkey on sbtest4  (cost=0.43..365.97 rows=93 width=121)
	  Index Cond: ((id >= 124854) AND (id <= 124953))

table 5 : explain SELECT c FROM sbtest5 WHERE id BETWEEN 3427521 AND 3427620
	Index Scan using sbtest5_pkey on sbtest5  (cost=0.43..395.74 rows=100 width=121)
	  Index Cond: ((id >= 3427521) AND (id <= 3427620))

table 6 : explain SELECT c FROM sbtest6 WHERE id BETWEEN 8388583 AND 8388682
	Index Scan using sbtest6_pkey on sbtest6  (cost=0.43..430.54 rows=109 width=121)
	  Index Cond: ((id >= 8388583) AND (id <= 8388682))

table 7 : explain SELECT c FROM sbtest7 WHERE id BETWEEN 7573264 AND 7573363
	Index Scan using sbtest7_pkey on sbtest7  (cost=0.43..433.41 rows=110 width=121)
	  Index Cond: ((id >= 7573264) AND (id <= 7573363))

table 8 : explain SELECT c FROM sbtest8 WHERE id BETWEEN 801123 AND 801222
	Index Scan using sbtest8_pkey on sbtest8  (cost=0.43..394.89 rows=100 width=121)
	  Index Cond: ((id >= 801123) AND (id <= 801222))

for: distinct_ranges
table 1 : explain SELECT DISTINCT c FROM sbtest1 WHERE id BETWEEN 8663990 AND 8664089 ORDER BY c
	Unique  (cost=379.98..380.45 rows=95 width=121)
	  ->  Sort  (cost=379.98..380.22 rows=95 width=121)
	        Sort Key: c
	        ->  Index Scan using sbtest1_pkey on sbtest1  (cost=0.43..376.86 rows=95 width=121)
	              Index Cond: ((id >= 8663990) AND (id <= 8664089))

table 2 : explain SELECT DISTINCT c FROM sbtest2 WHERE id BETWEEN 9336265 AND 9336364 ORDER BY c
	Unique  (cost=463.28..463.86 rows=116 width=121)
	  ->  Sort  (cost=463.28..463.57 rows=116 width=121)
	        Sort Key: c
	        ->  Index Scan using sbtest2_pkey on sbtest2  (cost=0.43..459.30 rows=116 width=121)
	              Index Cond: ((id >= 9336265) AND (id <= 9336364))

table 3 : explain SELECT DISTINCT c FROM sbtest3 WHERE id BETWEEN 368941 AND 369040 ORDER BY c
	Unique  (cost=402.47..402.98 rows=101 width=121)
	  ->  Sort  (cost=402.47..402.73 rows=101 width=121)
	        Sort Key: c
	        ->  Index Scan using sbtest3_pkey on sbtest3  (cost=0.43..399.11 rows=101 width=121)
	              Index Cond: ((id >= 368941) AND (id <= 369040))

table 4 : explain SELECT DISTINCT c FROM sbtest4 WHERE id BETWEEN 7690488 AND 7690587 ORDER BY c
	Unique  (cost=420.04..420.57 rows=106 width=121)
	  ->  Sort  (cost=420.04..420.30 rows=106 width=121)
	        Sort Key: c
	        ->  Index Scan using sbtest4_pkey on sbtest4  (cost=0.43..416.47 rows=106 width=121)
	              Index Cond: ((id >= 7690488) AND (id <= 7690587))

table 5 : explain SELECT DISTINCT c FROM sbtest5 WHERE id BETWEEN 3596499 AND 3596598 ORDER BY c
	Unique  (cost=355.57..356.02 rows=89 width=121)
	  ->  Sort  (cost=355.57..355.80 rows=89 width=121)
	        Sort Key: c
	        ->  Index Scan using sbtest5_pkey on sbtest5  (cost=0.43..352.69 rows=89 width=121)
	              Index Cond: ((id >= 3596499) AND (id <= 3596598))

table 6 : explain SELECT DISTINCT c FROM sbtest6 WHERE id BETWEEN 1222932 AND 1223031 ORDER BY c
	Unique  (cost=414.49..415.01 rows=104 width=121)
	  ->  Sort  (cost=414.49..414.75 rows=104 width=121)
	        Sort Key: c
	        ->  Index Scan using sbtest6_pkey on sbtest6  (cost=0.43..411.00 rows=104 width=121)
	              Index Cond: ((id >= 1222932) AND (id <= 1223031))

table 7 : explain SELECT DISTINCT c FROM sbtest7 WHERE id BETWEEN 7489138 AND 7489237 ORDER BY c
	Unique  (cost=393.81..394.31 rows=99 width=121)
	  ->  Sort  (cost=393.81..394.06 rows=99 width=121)
	        Sort Key: c
	        ->  Index Scan using sbtest7_pkey on sbtest7  (cost=0.43..390.53 rows=99 width=121)
	              Index Cond: ((id >= 7489138) AND (id <= 7489237))

table 8 : explain SELECT DISTINCT c FROM sbtest8 WHERE id BETWEEN 8084497 AND 8084596 ORDER BY c
	Unique  (cost=394.27..394.77 rows=99 width=121)
	  ->  Sort  (cost=394.27..394.52 rows=99 width=121)
	        Sort Key: c
	        ->  Index Scan using sbtest8_pkey on sbtest8  (cost=0.43..390.99 rows=99 width=121)
	              Index Cond: ((id >= 8084497) AND (id <= 8084596))

for point_selects
table 1 : explain SELECT c FROM sbtest1 WHERE id=2715190
	Index Scan using sbtest1_pkey on sbtest1  (cost=0.43..8.45 rows=1 width=121)
	  Index Cond: (id = 2715190)

table 2 : explain SELECT c FROM sbtest2 WHERE id=3046035
	Index Scan using sbtest2_pkey on sbtest2  (cost=0.43..8.45 rows=1 width=121)
	  Index Cond: (id = 3046035)

table 3 : explain SELECT c FROM sbtest3 WHERE id=1021620
	Index Scan using sbtest3_pkey on sbtest3  (cost=0.43..8.45 rows=1 width=121)
	  Index Cond: (id = 1021620)

table 4 : explain SELECT c FROM sbtest4 WHERE id=9354467
	Index Scan using sbtest4_pkey on sbtest4  (cost=0.43..8.45 rows=1 width=121)
	  Index Cond: (id = 9354467)

table 5 : explain SELECT c FROM sbtest5 WHERE id=7339172
	Index Scan using sbtest5_pkey on sbtest5  (cost=0.43..8.45 rows=1 width=121)
	  Index Cond: (id = 7339172)

table 6 : explain SELECT c FROM sbtest6 WHERE id=6733948
	Index Scan using sbtest6_pkey on sbtest6  (cost=0.43..8.45 rows=1 width=121)
	  Index Cond: (id = 6733948)

table 7 : explain SELECT c FROM sbtest7 WHERE id=4039723
	Index Scan using sbtest7_pkey on sbtest7  (cost=0.43..8.45 rows=1 width=121)
	  Index Cond: (id = 4039723)

table 8 : explain SELECT c FROM sbtest8 WHERE id=9090293
	Index Scan using sbtest8_pkey on sbtest8  (cost=0.43..8.45 rows=1 width=121)
	  Index Cond: (id = 9090293)

for: order_ranges
table 1 : explain SELECT c FROM sbtest1 WHERE id BETWEEN 6161920 AND 6162019 ORDER BY c
	Sort  (cost=399.80..400.05 rows=100 width=121)
	  Sort Key: c
	  ->  Index Scan using sbtest1_pkey on sbtest1  (cost=0.43..396.48 rows=100 width=121)
	        Index Cond: ((id >= 6161920) AND (id <= 6162019))

table 2 : explain SELECT c FROM sbtest2 WHERE id BETWEEN 4071918 AND 4072017 ORDER BY c
	Sort  (cost=388.03..388.27 rows=97 width=121)
	  Sort Key: c
	  ->  Index Scan using sbtest2_pkey on sbtest2  (cost=0.43..384.83 rows=97 width=121)
	        Index Cond: ((id >= 4071918) AND (id <= 4072017))

table 3 : explain SELECT c FROM sbtest3 WHERE id BETWEEN 7141468 AND 7141567 ORDER BY c
	Sort  (cost=422.21..422.47 rows=106 width=121)
	  Sort Key: c
	  ->  Index Scan using sbtest3_pkey on sbtest3  (cost=0.43..418.64 rows=106 width=121)
	        Index Cond: ((id >= 7141468) AND (id <= 7141567))

table 4 : explain SELECT c FROM sbtest4 WHERE id BETWEEN 3338215 AND 3338314 ORDER BY c
	Sort  (cost=408.26..408.52 rows=103 width=121)
	  Sort Key: c
	  ->  Index Scan using sbtest4_pkey on sbtest4  (cost=0.43..404.82 rows=103 width=121)
	        Index Cond: ((id >= 3338215) AND (id <= 3338314))

table 5 : explain SELECT c FROM sbtest5 WHERE id BETWEEN 1145560 AND 1145659 ORDER BY c
	Sort  (cost=430.68..430.95 rows=108 width=121)
	  Sort Key: c
	  ->  Index Scan using sbtest5_pkey on sbtest5  (cost=0.43..427.03 rows=108 width=121)
	        Index Cond: ((id >= 1145560) AND (id <= 1145659))

table 6 : explain SELECT c FROM sbtest6 WHERE id BETWEEN 5066761 AND 5066860 ORDER BY c
	Sort  (cost=402.64..402.90 rows=101 width=121)
	  Sort Key: c
	  ->  Index Scan using sbtest6_pkey on sbtest6  (cost=0.43..399.28 rows=101 width=121)
	        Index Cond: ((id >= 5066761) AND (id <= 5066860))

table 7 : explain SELECT c FROM sbtest7 WHERE id BETWEEN 8987629 AND 8987728 ORDER BY c
	Sort  (cost=405.63..405.88 rows=102 width=121)
	  Sort Key: c
	  ->  Index Scan using sbtest7_pkey on sbtest7  (cost=0.43..402.22 rows=102 width=121)
	        Index Cond: ((id >= 8987629) AND (id <= 8987728))

table 8 : explain SELECT c FROM sbtest8 WHERE id BETWEEN 3526356 AND 3526455 ORDER BY c
	Sort  (cost=449.48..449.76 rows=113 width=121)
	  Sort Key: c
	  ->  Index Scan using sbtest8_pkey on sbtest8  (cost=0.43..445.63 rows=113 width=121)
	        Index Cond: ((id >= 3526356) AND (id <= 3526455))

explain: for point_selects :: explain SELECT c FROM sbtest%u WHERE id=%u
for: distinct_ranges
table 1 : explain SELECT DISTINCT c FROM sbtest1 WHERE id BETWEEN 6622713 AND 6622812 ORDER BY c
	Unique  (cost=383.94..384.42 rows=96 width=121)
	  ->  Sort  (cost=383.94..384.18 rows=96 width=121)
	        Sort Key: c
	        ->  Index Scan using sbtest1_pkey on sbtest1  (cost=0.43..380.78 rows=96 width=121)
	              Index Cond: ((id >= 6622713) AND (id <= 6622812))

table 2 : explain SELECT DISTINCT c FROM sbtest2 WHERE id BETWEEN 205227 AND 205326 ORDER BY c
	Unique  (cost=376.15..376.62 rows=94 width=121)
	  ->  Sort  (cost=376.15..376.38 rows=94 width=121)
	        Sort Key: c
	        ->  Index Scan using sbtest2_pkey on sbtest2  (cost=0.43..373.07 rows=94 width=121)
	              Index Cond: ((id >= 205227) AND (id <= 205326))

table 3 : explain SELECT DISTINCT c FROM sbtest3 WHERE id BETWEEN 2636025 AND 2636124 ORDER BY c
	Unique  (cost=378.80..379.27 rows=95 width=121)
	  ->  Sort  (cost=378.80..379.04 rows=95 width=121)
	        Sort Key: c
	        ->  Index Scan using sbtest3_pkey on sbtest3  (cost=0.43..375.68 rows=95 width=121)
	              Index Cond: ((id >= 2636025) AND (id <= 2636124))

table 4 : explain SELECT DISTINCT c FROM sbtest4 WHERE id BETWEEN 1408445 AND 1408544 ORDER BY c
	Unique  (cost=392.56..393.06 rows=99 width=121)
	  ->  Sort  (cost=392.56..392.81 rows=99 width=121)
	        Sort Key: c
	        ->  Index Scan using sbtest4_pkey on sbtest4  (cost=0.43..389.28 rows=99 width=121)
	              Index Cond: ((id >= 1408445) AND (id <= 1408544))

table 5 : explain SELECT DISTINCT c FROM sbtest5 WHERE id BETWEEN 719824 AND 719923 ORDER BY c
	Unique  (cost=426.73..427.26 rows=107 width=121)
	  ->  Sort  (cost=426.73..427.00 rows=107 width=121)
	        Sort Key: c
	        ->  Index Scan using sbtest5_pkey on sbtest5  (cost=0.43..423.12 rows=107 width=121)
	              Index Cond: ((id >= 719824) AND (id <= 719923))

table 6 : explain SELECT DISTINCT c FROM sbtest6 WHERE id BETWEEN 8261843 AND 8261942 ORDER BY c
	Unique  (cost=426.33..426.87 rows=107 width=121)
	  ->  Sort  (cost=426.33..426.60 rows=107 width=121)
	        Sort Key: c
	        ->  Index Scan using sbtest6_pkey on sbtest6  (cost=0.43..422.73 rows=107 width=121)
	              Index Cond: ((id >= 8261843) AND (id <= 8261942))

table 7 : explain SELECT DISTINCT c FROM sbtest7 WHERE id BETWEEN 8042777 AND 8042876 ORDER BY c
	Unique  (cost=421.38..421.91 rows=106 width=121)
	  ->  Sort  (cost=421.38..421.65 rows=106 width=121)
	        Sort Key: c
	        ->  Index Scan using sbtest7_pkey on sbtest7  (cost=0.43..417.82 rows=106 width=121)
	              Index Cond: ((id >= 8042777) AND (id <= 8042876))

table 8 : explain SELECT DISTINCT c FROM sbtest8 WHERE id BETWEEN 7655710 AND 7655809 ORDER BY c
	Unique  (cost=382.44..382.92 rows=96 width=121)
	  ->  Sort  (cost=382.44..382.68 rows=96 width=121)
	        Sort Key: c
	        ->  Index Scan using sbtest8_pkey on sbtest8  (cost=0.43..379.28 rows=96 width=121)
	              Index Cond: ((id >= 7655710) AND (id <= 7655809))

for: distinct_ranges
table 1 : explain SELECT DISTINCT c FROM sbtest1 WHERE id BETWEEN 4287121 AND 4287220 ORDER BY c
	Unique  (cost=395.84..396.34 rows=99 width=121)
	  ->  Sort  (cost=395.84..396.09 rows=99 width=121)
	        Sort Key: c
	        ->  Index Scan using sbtest1_pkey on sbtest1  (cost=0.43..392.56 rows=99 width=121)
	              Index Cond: ((id >= 4287121) AND (id <= 4287220))

table 2 : explain SELECT DISTINCT c FROM sbtest2 WHERE id BETWEEN 4384527 AND 4384626 ORDER BY c
	Unique  (cost=399.91..400.41 rows=100 width=121)
	  ->  Sort  (cost=399.91..400.16 rows=100 width=121)
	        Sort Key: c
	        ->  Index Scan using sbtest2_pkey on sbtest2  (cost=0.43..396.58 rows=100 width=121)
	              Index Cond: ((id >= 4384527) AND (id <= 4384626))

table 3 : explain SELECT DISTINCT c FROM sbtest3 WHERE id BETWEEN 4101548 AND 4101647 ORDER BY c
	Unique  (cost=406.42..406.93 rows=102 width=121)
	  ->  Sort  (cost=406.42..406.68 rows=102 width=121)
	        Sort Key: c
	        ->  Index Scan using sbtest3_pkey on sbtest3  (cost=0.43..403.02 rows=102 width=121)
	              Index Cond: ((id >= 4101548) AND (id <= 4101647))

table 4 : explain SELECT DISTINCT c FROM sbtest4 WHERE id BETWEEN 3086597 AND 3086696 ORDER BY c
	Unique  (cost=420.04..420.57 rows=106 width=121)
	  ->  Sort  (cost=420.04..420.30 rows=106 width=121)
	        Sort Key: c
	        ->  Index Scan using sbtest4_pkey on sbtest4  (cost=0.43..416.47 rows=106 width=121)
	              Index Cond: ((id >= 3086597) AND (id <= 3086696))

table 5 : explain SELECT DISTINCT c FROM sbtest5 WHERE id BETWEEN 2369009 AND 2369108 ORDER BY c
	Unique  (cost=387.21..387.70 rows=97 width=121)
	  ->  Sort  (cost=387.21..387.45 rows=97 width=121)
	        Sort Key: c
	        ->  Index Scan using sbtest5_pkey on sbtest5  (cost=0.43..384.01 rows=97 width=121)
	              Index Cond: ((id >= 2369009) AND (id <= 2369108))

table 6 : explain SELECT DISTINCT c FROM sbtest6 WHERE id BETWEEN 948702 AND 948801 ORDER BY c
	Unique  (cost=378.96..379.43 rows=95 width=121)
	  ->  Sort  (cost=378.96..379.19 rows=95 width=121)
	        Sort Key: c
	        ->  Index Scan using sbtest6_pkey on sbtest6  (cost=0.43..375.84 rows=95 width=121)
	              Index Cond: ((id >= 948702) AND (id <= 948801))

table 7 : explain SELECT DISTINCT c FROM sbtest7 WHERE id BETWEEN 2018301 AND 2018400 ORDER BY c
	Unique  (cost=417.44..417.97 rows=105 width=121)
	  ->  Sort  (cost=417.44..417.70 rows=105 width=121)
	        Sort Key: c
	        ->  Index Scan using sbtest7_pkey on sbtest7  (cost=0.43..413.92 rows=105 width=121)
	              Index Cond: ((id >= 2018301) AND (id <= 2018400))

table 8 : explain SELECT DISTINCT c FROM sbtest8 WHERE id BETWEEN 3728837 AND 3728936 ORDER BY c
	Unique  (cost=354.82..355.26 rows=89 width=121)
	  ->  Sort  (cost=354.82..355.04 rows=89 width=121)
	        Sort Key: c
	        ->  Index Scan using sbtest8_pkey on sbtest8  (cost=0.43..351.94 rows=89 width=121)
	              Index Cond: ((id >= 3728837) AND (id <= 3728936))

for: order_ranges
table 1 : explain SELECT c FROM sbtest1 WHERE id BETWEEN 8936338 AND 8936437 ORDER BY c
	Sort  (cost=379.98..380.22 rows=95 width=121)
	  Sort Key: c
	  ->  Index Scan using sbtest1_pkey on sbtest1  (cost=0.43..376.86 rows=95 width=121)
	        Index Cond: ((id >= 8936338) AND (id <= 8936437))

table 2 : explain SELECT c FROM sbtest2 WHERE id BETWEEN 7544089 AND 7544188 ORDER BY c
	Sort  (cost=419.71..419.97 rows=105 width=121)
	  Sort Key: c
	  ->  Index Scan using sbtest2_pkey on sbtest2  (cost=0.43..416.18 rows=105 width=121)
	        Index Cond: ((id >= 7544089) AND (id <= 7544188))

table 3 : explain SELECT c FROM sbtest3 WHERE id BETWEEN 4688773 AND 4688872 ORDER BY c
	Sort  (cost=414.31..414.57 rows=104 width=121)
	  Sort Key: c
	  ->  Index Scan using sbtest3_pkey on sbtest3  (cost=0.43..410.83 rows=104 width=121)
	        Index Cond: ((id >= 4688773) AND (id <= 4688872))

table 4 : explain SELECT c FROM sbtest4 WHERE id BETWEEN 6474140 AND 6474239 ORDER BY c
	Sort  (cost=427.89..428.16 rows=108 width=121)
	  Sort Key: c
	  ->  Index Scan using sbtest4_pkey on sbtest4  (cost=0.43..424.24 rows=108 width=121)
	        Index Cond: ((id >= 6474140) AND (id <= 6474239))

table 5 : explain SELECT c FROM sbtest5 WHERE id BETWEEN 9152949 AND 9153048 ORDER BY c
	Sort  (cost=387.21..387.45 rows=97 width=121)
	  Sort Key: c
	  ->  Index Scan using sbtest5_pkey on sbtest5  (cost=0.43..384.01 rows=97 width=121)
	        Index Cond: ((id >= 9152949) AND (id <= 9153048))

table 6 : explain SELECT c FROM sbtest6 WHERE id BETWEEN 8920977 AND 8921076 ORDER BY c
	Sort  (cost=418.44..418.70 rows=105 width=121)
	  Sort Key: c
	  ->  Index Scan using sbtest6_pkey on sbtest6  (cost=0.43..414.91 rows=105 width=121)
	        Index Cond: ((id >= 8920977) AND (id <= 8921076))

table 7 : explain SELECT c FROM sbtest7 WHERE id BETWEEN 2719473 AND 2719572 ORDER BY c
	Sort  (cost=385.94..386.18 rows=97 width=121)
	  Sort Key: c
	  ->  Index Scan using sbtest7_pkey on sbtest7  (cost=0.43..382.73 rows=97 width=121)
	        Index Cond: ((id >= 2719473) AND (id <= 2719572))

table 8 : explain SELECT c FROM sbtest8 WHERE id BETWEEN 6876825 AND 6876924 ORDER BY c
	Sort  (cost=362.73..362.96 rows=91 width=121)
	  Sort Key: c
	  ->  Index Scan using sbtest8_pkey on sbtest8  (cost=0.43..359.77 rows=91 width=121)
	        Index Cond: ((id >= 6876825) AND (id <= 6876924))

for: simple_ranges
table 1 : explain SELECT c FROM sbtest1 WHERE id BETWEEN 9831498 AND 9831597
	Index Scan using sbtest1_pkey on sbtest1  (cost=0.43..361.18 rows=91 width=121)
	  Index Cond: ((id >= 9831498) AND (id <= 9831597))

table 2 : explain SELECT c FROM sbtest2 WHERE id BETWEEN 9727554 AND 9727653
	Index Scan using sbtest2_pkey on sbtest2  (cost=0.43..373.07 rows=94 width=121)
	  Index Cond: ((id >= 9727554) AND (id <= 9727653))

table 3 : explain SELECT c FROM sbtest3 WHERE id BETWEEN 8065683 AND 8065782
	Index Scan using sbtest3_pkey on sbtest3  (cost=0.43..367.84 rows=93 width=121)
	  Index Cond: ((id >= 8065683) AND (id <= 8065782))

table 4 : explain SELECT c FROM sbtest4 WHERE id BETWEEN 7386740 AND 7386839
	Index Scan using sbtest4_pkey on sbtest4  (cost=0.43..385.39 rows=98 width=121)
	  Index Cond: ((id >= 7386740) AND (id <= 7386839))

table 5 : explain SELECT c FROM sbtest5 WHERE id BETWEEN 6634275 AND 6634374
	Index Scan using sbtest5_pkey on sbtest5  (cost=0.43..368.37 rows=93 width=121)
	  Index Cond: ((id >= 6634275) AND (id <= 6634374))

table 6 : explain SELECT c FROM sbtest6 WHERE id BETWEEN 246736 AND 246835
	Index Scan using sbtest6_pkey on sbtest6  (cost=0.43..407.10 rows=103 width=121)
	  Index Cond: ((id >= 246736) AND (id <= 246835))

table 7 : explain SELECT c FROM sbtest7 WHERE id BETWEEN 3649280 AND 3649379
	Index Scan using sbtest7_pkey on sbtest7  (cost=0.43..386.63 rows=98 width=121)
	  Index Cond: ((id >= 3649280) AND (id <= 3649379))

table 8 : explain SELECT c FROM sbtest8 WHERE id BETWEEN 943604 AND 943703
	Index Scan using sbtest8_pkey on sbtest8  (cost=0.43..398.80 rows=101 width=121)
	  Index Cond: ((id >= 943604) AND (id <= 943703))

for point_selects
table 1 : explain SELECT c FROM sbtest1 WHERE id=5517588
	Index Scan using sbtest1_pkey on sbtest1  (cost=0.43..8.45 rows=1 width=121)
	  Index Cond: (id = 5517588)

table 2 : explain SELECT c FROM sbtest2 WHERE id=1352714
	Index Scan using sbtest2_pkey on sbtest2  (cost=0.43..8.45 rows=1 width=121)
	  Index Cond: (id = 1352714)

table 3 : explain SELECT c FROM sbtest3 WHERE id=8437165
	Index Scan using sbtest3_pkey on sbtest3  (cost=0.43..8.45 rows=1 width=121)
	  Index Cond: (id = 8437165)

table 4 : explain SELECT c FROM sbtest4 WHERE id=8589913
	Index Scan using sbtest4_pkey on sbtest4  (cost=0.43..8.45 rows=1 width=121)
	  Index Cond: (id = 8589913)

table 5 : explain SELECT c FROM sbtest5 WHERE id=2031656
	Index Scan using sbtest5_pkey on sbtest5  (cost=0.43..8.45 rows=1 width=121)
	  Index Cond: (id = 2031656)

table 6 : explain SELECT c FROM sbtest6 WHERE id=3540691
	Index Scan using sbtest6_pkey on sbtest6  (cost=0.43..8.45 rows=1 width=121)
	  Index Cond: (id = 3540691)

table 7 : explain SELECT c FROM sbtest7 WHERE id=2725447
	Index Scan using sbtest7_pkey on sbtest7  (cost=0.43..8.45 rows=1 width=121)
	  Index Cond: (id = 2725447)

table 8 : explain SELECT c FROM sbtest8 WHERE id=8026337
	Index Scan using sbtest8_pkey on sbtest8  (cost=0.43..8.45 rows=1 width=121)
	  Index Cond: (id = 8026337)

for: order_ranges
table 1 : explain SELECT c FROM sbtest1 WHERE id BETWEEN 1473712 AND 1473811 ORDER BY c
	Sort  (cost=395.84..396.09 rows=99 width=121)
	  Sort Key: c
	  ->  Index Scan using sbtest1_pkey on sbtest1  (cost=0.43..392.56 rows=99 width=121)
	        Index Cond: ((id >= 1473712) AND (id <= 1473811))

table 2 : explain SELECT c FROM sbtest2 WHERE id BETWEEN 4136586 AND 4136685 ORDER BY c
	Sort  (cost=395.95..396.19 rows=99 width=121)
	  Sort Key: c
	  ->  Index Scan using sbtest2_pkey on sbtest2  (cost=0.43..392.67 rows=99 width=121)
	        Index Cond: ((id >= 4136586) AND (id <= 4136685))

table 3 : explain SELECT c FROM sbtest3 WHERE id BETWEEN 9095357 AND 9095456 ORDER BY c
	Sort  (cost=386.69..386.93 rows=97 width=121)
	  Sort Key: c
	  ->  Index Scan using sbtest3_pkey on sbtest3  (cost=0.43..383.49 rows=97 width=121)
	        Index Cond: ((id >= 9095357) AND (id <= 9095456))

table 4 : explain SELECT c FROM sbtest4 WHERE id BETWEEN 4825534 AND 4825633 ORDER BY c
	Sort  (cost=353.28..353.50 rows=89 width=121)
	  Sort Key: c
	  ->  Index Scan using sbtest4_pkey on sbtest4  (cost=0.43..350.40 rows=89 width=121)
	        Index Cond: ((id >= 4825534) AND (id <= 4825633))

table 5 : explain SELECT c FROM sbtest5 WHERE id BETWEEN 5440667 AND 5440766 ORDER BY c
	Sort  (cost=379.31..379.55 rows=95 width=121)
	  Sort Key: c
	  ->  Index Scan using sbtest5_pkey on sbtest5  (cost=0.43..376.19 rows=95 width=121)
	        Index Cond: ((id >= 5440667) AND (id <= 5440766))

table 6 : explain SELECT c FROM sbtest6 WHERE id BETWEEN 8367764 AND 8367863 ORDER BY c
	Sort  (cost=434.23..434.50 rows=109 width=121)
	  Sort Key: c
	  ->  Index Scan using sbtest6_pkey on sbtest6  (cost=0.43..430.54 rows=109 width=121)
	        Index Cond: ((id >= 8367764) AND (id <= 8367863))

table 7 : explain SELECT c FROM sbtest7 WHERE id BETWEEN 6118126 AND 6118225 ORDER BY c
	Sort  (cost=385.94..386.18 rows=97 width=121)
	  Sort Key: c
	  ->  Index Scan using sbtest7_pkey on sbtest7  (cost=0.43..382.73 rows=97 width=121)
	        Index Cond: ((id >= 6118126) AND (id <= 6118225))

table 8 : explain SELECT c FROM sbtest8 WHERE id BETWEEN 1394007 AND 1394106 ORDER BY c
	Sort  (cost=402.16..402.41 rows=101 width=121)
	  Sort Key: c
	  ->  Index Scan using sbtest8_pkey on sbtest8  (cost=0.43..398.80 rows=101 width=121)
	        Index Cond: ((id >= 1394007) AND (id <= 1394106))

for: simple_ranges
table 1 : explain SELECT c FROM sbtest1 WHERE id BETWEEN 3430372 AND 3430471
	Index Scan using sbtest1_pkey on sbtest1  (cost=0.43..388.64 rows=98 width=121)
	  Index Cond: ((id >= 3430372) AND (id <= 3430471))

table 2 : explain SELECT c FROM sbtest2 WHERE id BETWEEN 6415469 AND 6415568
	Index Scan using sbtest2_pkey on sbtest2  (cost=0.43..384.83 rows=97 width=121)
	  Index Cond: ((id >= 6415469) AND (id <= 6415568))

table 3 : explain SELECT c FROM sbtest3 WHERE id BETWEEN 480625 AND 480724
	Index Scan using sbtest3_pkey on sbtest3  (cost=0.43..379.58 rows=96 width=121)
	  Index Cond: ((id >= 480625) AND (id <= 480724))

table 4 : explain SELECT c FROM sbtest4 WHERE id BETWEEN 3699898 AND 3699997
	Index Scan using sbtest4_pkey on sbtest4  (cost=0.43..400.93 rows=102 width=121)
	  Index Cond: ((id >= 3699898) AND (id <= 3699997))

table 5 : explain SELECT c FROM sbtest5 WHERE id BETWEEN 2248700 AND 2248799
	Index Scan using sbtest5_pkey on sbtest5  (cost=0.43..407.48 rows=103 width=121)
	  Index Cond: ((id >= 2248700) AND (id <= 2248799))

table 6 : explain SELECT c FROM sbtest6 WHERE id BETWEEN 5332384 AND 5332483
	Index Scan using sbtest6_pkey on sbtest6  (cost=0.43..387.56 rows=98 width=121)
	  Index Cond: ((id >= 5332384) AND (id <= 5332483))

table 7 : explain SELECT c FROM sbtest7 WHERE id BETWEEN 3498219 AND 3498318
	Index Scan using sbtest7_pkey on sbtest7  (cost=0.43..406.12 rows=103 width=121)
	  Index Cond: ((id >= 3498219) AND (id <= 3498318))

table 8 : explain SELECT c FROM sbtest8 WHERE id BETWEEN 2250270 AND 2250369
	Index Scan using sbtest8_pkey on sbtest8  (cost=0.43..410.50 rows=104 width=121)
	  Index Cond: ((id >= 2250270) AND (id <= 2250369))

for: sum_ranges
table 1 : explain SELECT SUM(k) FROM sbtest1 WHERE id BETWEEN 2165164 AND 2165263
	Aggregate  (cost=435.94..435.95 rows=1 width=8)
	  ->  Index Scan using sbtest1_pkey on sbtest1  (cost=0.43..435.66 rows=110 width=4)
	        Index Cond: ((id >= 2165164) AND (id <= 2165263))

table 2 : explain SELECT SUM(k) FROM sbtest2 WHERE id BETWEEN 7509434 AND 7509533
	Aggregate  (cost=416.45..416.46 rows=1 width=8)
	  ->  Index Scan using sbtest2_pkey on sbtest2  (cost=0.43..416.18 rows=105 width=4)
	        Index Cond: ((id >= 7509434) AND (id <= 7509533))

table 3 : explain SELECT SUM(k) FROM sbtest3 WHERE id BETWEEN 3577342 AND 3577441
	Aggregate  (cost=399.36..399.37 rows=1 width=8)
	  ->  Index Scan using sbtest3_pkey on sbtest3  (cost=0.43..399.11 rows=101 width=4)
	        Index Cond: ((id >= 3577342) AND (id <= 3577441))

table 4 : explain SELECT SUM(k) FROM sbtest4 WHERE id BETWEEN 8846824 AND 8846923
	Aggregate  (cost=358.43..358.44 rows=1 width=8)
	  ->  Index Scan using sbtest4_pkey on sbtest4  (cost=0.43..358.20 rows=91 width=4)
	        Index Cond: ((id >= 8846824) AND (id <= 8846923))

table 5 : explain SELECT SUM(k) FROM sbtest5 WHERE id BETWEEN 7395992 AND 7396091
	Aggregate  (cost=427.30..427.31 rows=1 width=8)
	  ->  Index Scan using sbtest5_pkey on sbtest5  (cost=0.43..427.03 rows=108 width=4)
	        Index Cond: ((id >= 7395992) AND (id <= 7396091))

table 6 : explain SELECT SUM(k) FROM sbtest6 WHERE id BETWEEN 3121624 AND 3121723
	Aggregate  (cost=356.52..356.53 rows=1 width=8)
	  ->  Index Scan using sbtest6_pkey on sbtest6  (cost=0.43..356.30 rows=90 width=4)
	        Index Cond: ((id >= 3121624) AND (id <= 3121723))

table 7 : explain SELECT SUM(k) FROM sbtest7 WHERE id BETWEEN 4554243 AND 4554342
	Aggregate  (cost=390.78..390.79 rows=1 width=8)
	  ->  Index Scan using sbtest7_pkey on sbtest7  (cost=0.43..390.53 rows=99 width=4)
	        Index Cond: ((id >= 4554243) AND (id <= 4554342))

table 8 : explain SELECT SUM(k) FROM sbtest8 WHERE id BETWEEN 7686078 AND 7686177
	Aggregate  (cost=379.52..379.53 rows=1 width=8)
	  ->  Index Scan using sbtest8_pkey on sbtest8  (cost=0.43..379.28 rows=96 width=4)
	        Index Cond: ((id >= 7686078) AND (id <= 7686177))

explain: for point_selects :: explain SELECT c FROM sbtest%u WHERE id=%u
for: simple_ranges
table 1 : explain SELECT c FROM sbtest1 WHERE id BETWEEN 4168398 AND 4168497
	Index Scan using sbtest1_pkey on sbtest1  (cost=0.43..372.94 rows=94 width=121)
	  Index Cond: ((id >= 4168398) AND (id <= 4168497))

table 2 : explain SELECT c FROM sbtest2 WHERE id BETWEEN 4353587 AND 4353686
	Index Scan using sbtest2_pkey on sbtest2  (cost=0.43..396.58 rows=100 width=121)
	  Index Cond: ((id >= 4353587) AND (id <= 4353686))

table 3 : explain SELECT c FROM sbtest3 WHERE id BETWEEN 8371101 AND 8371200
	Index Scan using sbtest3_pkey on sbtest3  (cost=0.43..395.21 rows=100 width=121)
	  Index Cond: ((id >= 8371101) AND (id <= 8371200))

table 4 : explain SELECT c FROM sbtest4 WHERE id BETWEEN 1519225 AND 1519324
	Index Scan using sbtest4_pkey on sbtest4  (cost=0.43..369.86 rows=94 width=121)
	  Index Cond: ((id >= 1519225) AND (id <= 1519324))

table 5 : explain SELECT c FROM sbtest5 WHERE id BETWEEN 4957111 AND 4957210
	Index Scan using sbtest5_pkey on sbtest5  (cost=0.43..368.37 rows=93 width=121)
	  Index Cond: ((id >= 4957111) AND (id <= 4957210))

table 6 : explain SELECT c FROM sbtest6 WHERE id BETWEEN 7717232 AND 7717331
	Index Scan using sbtest6_pkey on sbtest6  (cost=0.43..399.28 rows=101 width=121)
	  Index Cond: ((id >= 7717232) AND (id <= 7717331))

table 7 : explain SELECT c FROM sbtest7 WHERE id BETWEEN 9711835 AND 9711934
	Index Scan using sbtest7_pkey on sbtest7  (cost=0.43..382.73 rows=97 width=121)
	  Index Cond: ((id >= 9711835) AND (id <= 9711934))

table 8 : explain SELECT c FROM sbtest8 WHERE id BETWEEN 880542 AND 880641
	Index Scan using sbtest8_pkey on sbtest8  (cost=0.43..394.89 rows=100 width=121)
	  Index Cond: ((id >= 880542) AND (id <= 880641))

for point_selects
table 1 : explain SELECT c FROM sbtest1 WHERE id=687266
	Index Scan using sbtest1_pkey on sbtest1  (cost=0.43..8.45 rows=1 width=121)
	  Index Cond: (id = 687266)

table 2 : explain SELECT c FROM sbtest2 WHERE id=8432808
	Index Scan using sbtest2_pkey on sbtest2  (cost=0.43..8.45 rows=1 width=121)
	  Index Cond: (id = 8432808)

table 3 : explain SELECT c FROM sbtest3 WHERE id=7377298
	Index Scan using sbtest3_pkey on sbtest3  (cost=0.43..8.45 rows=1 width=121)
	  Index Cond: (id = 7377298)

table 4 : explain SELECT c FROM sbtest4 WHERE id=7747681
	Index Scan using sbtest4_pkey on sbtest4  (cost=0.43..8.45 rows=1 width=121)
	  Index Cond: (id = 7747681)

table 5 : explain SELECT c FROM sbtest5 WHERE id=9618174
	Index Scan using sbtest5_pkey on sbtest5  (cost=0.43..8.45 rows=1 width=121)
	  Index Cond: (id = 9618174)

table 6 : explain SELECT c FROM sbtest6 WHERE id=5331287
	Index Scan using sbtest6_pkey on sbtest6  (cost=0.43..8.45 rows=1 width=121)
	  Index Cond: (id = 5331287)

table 7 : explain SELECT c FROM sbtest7 WHERE id=5570211
	Index Scan using sbtest7_pkey on sbtest7  (cost=0.43..8.45 rows=1 width=121)
	  Index Cond: (id = 5570211)

table 8 : explain SELECT c FROM sbtest8 WHERE id=2282935
	Index Scan using sbtest8_pkey on sbtest8  (cost=0.43..8.45 rows=1 width=121)
	  Index Cond: (id = 2282935)

for: simple_ranges
table 1 : explain SELECT c FROM sbtest1 WHERE id BETWEEN 899219 AND 899318
	Index Scan using sbtest1_pkey on sbtest1  (cost=0.43..396.48 rows=100 width=121)
	  Index Cond: ((id >= 899219) AND (id <= 899318))

table 2 : explain SELECT c FROM sbtest2 WHERE id BETWEEN 7467394 AND 7467493
	Index Scan using sbtest2_pkey on sbtest2  (cost=0.43..384.83 rows=97 width=121)
	  Index Cond: ((id >= 7467394) AND (id <= 7467493))

table 3 : explain SELECT c FROM sbtest3 WHERE id BETWEEN 7903358 AND 7903457
	Index Scan using sbtest3_pkey on sbtest3  (cost=0.43..399.11 rows=101 width=121)
	  Index Cond: ((id >= 7903358) AND (id <= 7903457))

table 4 : explain SELECT c FROM sbtest4 WHERE id BETWEEN 3373174 AND 3373273
	Index Scan using sbtest4_pkey on sbtest4  (cost=0.43..404.82 rows=103 width=121)
	  Index Cond: ((id >= 3373174) AND (id <= 3373273))

table 5 : explain SELECT c FROM sbtest5 WHERE id BETWEEN 263038 AND 263137
	Index Scan using sbtest5_pkey on sbtest5  (cost=0.43..423.12 rows=107 width=121)
	  Index Cond: ((id >= 263038) AND (id <= 263137))

table 6 : explain SELECT c FROM sbtest6 WHERE id BETWEEN 7591268 AND 7591367
	Index Scan using sbtest6_pkey on sbtest6  (cost=0.43..360.21 rows=91 width=121)
	  Index Cond: ((id >= 7591268) AND (id <= 7591367))

table 7 : explain SELECT c FROM sbtest7 WHERE id BETWEEN 935552 AND 935651
	Index Scan using sbtest7_pkey on sbtest7  (cost=0.43..417.82 rows=106 width=121)
	  Index Cond: ((id >= 935552) AND (id <= 935651))

table 8 : explain SELECT c FROM sbtest8 WHERE id BETWEEN 6606363 AND 6606462
	Index Scan using sbtest8_pkey on sbtest8  (cost=0.43..398.80 rows=101 width=121)
	  Index Cond: ((id >= 6606363) AND (id <= 6606462))

for: order_ranges
table 1 : explain SELECT c FROM sbtest1 WHERE id BETWEEN 9164249 AND 9164348 ORDER BY c
	Sort  (cost=403.76..404.01 rows=101 width=121)
	  Sort Key: c
	  ->  Index Scan using sbtest1_pkey on sbtest1  (cost=0.43..400.40 rows=101 width=121)
	        Index Cond: ((id >= 9164249) AND (id <= 9164348))

table 2 : explain SELECT c FROM sbtest2 WHERE id BETWEEN 4522433 AND 4522532 ORDER BY c
	Sort  (cost=384.07..384.31 rows=96 width=121)
	  Sort Key: c
	  ->  Index Scan using sbtest2_pkey on sbtest2  (cost=0.43..380.91 rows=96 width=121)
	        Index Cond: ((id >= 4522433) AND (id <= 4522532))

table 3 : explain SELECT c FROM sbtest3 WHERE id BETWEEN 9701600 AND 9701699 ORDER BY c
	Sort  (cost=402.47..402.73 rows=101 width=121)
	  Sort Key: c
	  ->  Index Scan using sbtest3_pkey on sbtest3  (cost=0.43..399.11 rows=101 width=121)
	        Index Cond: ((id >= 9701600) AND (id <= 9701699))

table 4 : explain SELECT c FROM sbtest4 WHERE id BETWEEN 8051721 AND 8051820 ORDER BY c
	Sort  (cost=455.37..455.66 rows=115 width=121)
	  Sort Key: c
	  ->  Index Scan using sbtest4_pkey on sbtest4  (cost=0.43..451.44 rows=115 width=121)
	        Index Cond: ((id >= 8051721) AND (id <= 8051820))

table 5 : explain SELECT c FROM sbtest5 WHERE id BETWEEN 3253789 AND 3253888 ORDER BY c
	Sort  (cost=410.92..411.18 rows=103 width=121)
	  Sort Key: c
	  ->  Index Scan using sbtest5_pkey on sbtest5  (cost=0.43..407.48 rows=103 width=121)
	        Index Cond: ((id >= 3253789) AND (id <= 3253888))

table 6 : explain SELECT c FROM sbtest6 WHERE id BETWEEN 9791764 AND 9791863 ORDER BY c
	Sort  (cost=382.90..383.14 rows=96 width=121)
	  Sort Key: c
	  ->  Index Scan using sbtest6_pkey on sbtest6  (cost=0.43..379.74 rows=96 width=121)
	        Index Cond: ((id >= 9791764) AND (id <= 9791863))

table 7 : explain SELECT c FROM sbtest7 WHERE id BETWEEN 5043578 AND 5043677 ORDER BY c
	Sort  (cost=374.12..374.36 rows=94 width=121)
	  Sort Key: c
	  ->  Index Scan using sbtest7_pkey on sbtest7  (cost=0.43..371.04 rows=94 width=121)
	        Index Cond: ((id >= 5043578) AND (id <= 5043677))

table 8 : explain SELECT c FROM sbtest8 WHERE id BETWEEN 218556 AND 218655 ORDER BY c
	Sort  (cost=421.88..422.14 rows=106 width=121)
	  Sort Key: c
	  ->  Index Scan using sbtest8_pkey on sbtest8  (cost=0.43..418.31 rows=106 width=121)
	        Index Cond: ((id >= 218556) AND (id <= 218655))

for: simple_ranges
table 1 : explain SELECT c FROM sbtest1 WHERE id BETWEEN 1340186 AND 1340285
	Index Scan using sbtest1_pkey on sbtest1  (cost=0.43..392.56 rows=99 width=121)
	  Index Cond: ((id >= 1340186) AND (id <= 1340285))

table 2 : explain SELECT c FROM sbtest2 WHERE id BETWEEN 2529833 AND 2529932
	Index Scan using sbtest2_pkey on sbtest2  (cost=0.43..361.28 rows=91 width=121)
	  Index Cond: ((id >= 2529833) AND (id <= 2529932))

table 3 : explain SELECT c FROM sbtest3 WHERE id BETWEEN 8786662 AND 8786761
	Index Scan using sbtest3_pkey on sbtest3  (cost=0.43..367.84 rows=93 width=121)
	  Index Cond: ((id >= 8786662) AND (id <= 8786761))

table 4 : explain SELECT c FROM sbtest4 WHERE id BETWEEN 9220205 AND 9220304
	Index Scan using sbtest4_pkey on sbtest4  (cost=0.43..385.39 rows=98 width=121)
	  Index Cond: ((id >= 9220205) AND (id <= 9220304))

table 5 : explain SELECT c FROM sbtest5 WHERE id BETWEEN 9363214 AND 9363313
	Index Scan using sbtest5_pkey on sbtest5  (cost=0.43..403.57 rows=102 width=121)
	  Index Cond: ((id >= 9363214) AND (id <= 9363313))

table 6 : explain SELECT c FROM sbtest6 WHERE id BETWEEN 4704866 AND 4704965
	Index Scan using sbtest6_pkey on sbtest6  (cost=0.43..375.84 rows=95 width=121)
	  Index Cond: ((id >= 4704866) AND (id <= 4704965))

table 7 : explain SELECT c FROM sbtest7 WHERE id BETWEEN 4821101 AND 4821200
	Index Scan using sbtest7_pkey on sbtest7  (cost=0.43..390.53 rows=99 width=121)
	  Index Cond: ((id >= 4821101) AND (id <= 4821200))

table 8 : explain SELECT c FROM sbtest8 WHERE id BETWEEN 3036067 AND 3036166
	Index Scan using sbtest8_pkey on sbtest8  (cost=0.43..371.48 rows=94 width=121)
	  Index Cond: ((id >= 3036067) AND (id <= 3036166))

for point_selects
table 1 : explain SELECT c FROM sbtest1 WHERE id=6267217
	Index Scan using sbtest1_pkey on sbtest1  (cost=0.43..8.45 rows=1 width=121)
	  Index Cond: (id = 6267217)

table 2 : explain SELECT c FROM sbtest2 WHERE id=7210710
	Index Scan using sbtest2_pkey on sbtest2  (cost=0.43..8.45 rows=1 width=121)
	  Index Cond: (id = 7210710)

table 3 : explain SELECT c FROM sbtest3 WHERE id=6179227
	Index Scan using sbtest3_pkey on sbtest3  (cost=0.43..8.45 rows=1 width=121)
	  Index Cond: (id = 6179227)

table 4 : explain SELECT c FROM sbtest4 WHERE id=5886383
	Index Scan using sbtest4_pkey on sbtest4  (cost=0.43..8.45 rows=1 width=121)
	  Index Cond: (id = 5886383)

table 5 : explain SELECT c FROM sbtest5 WHERE id=2399680
	Index Scan using sbtest5_pkey on sbtest5  (cost=0.43..8.45 rows=1 width=121)
	  Index Cond: (id = 2399680)

table 6 : explain SELECT c FROM sbtest6 WHERE id=7141758
	Index Scan using sbtest6_pkey on sbtest6  (cost=0.43..8.45 rows=1 width=121)
	  Index Cond: (id = 7141758)

table 7 : explain SELECT c FROM sbtest7 WHERE id=5567632
	Index Scan using sbtest7_pkey on sbtest7  (cost=0.43..8.45 rows=1 width=121)
	  Index Cond: (id = 5567632)

table 8 : explain SELECT c FROM sbtest8 WHERE id=3471618
	Index Scan using sbtest8_pkey on sbtest8  (cost=0.43..8.45 rows=1 width=121)
	  Index Cond: (id = 3471618)

for: sum_ranges
table 1 : explain SELECT SUM(k) FROM sbtest1 WHERE id BETWEEN 2299274 AND 2299373
	Aggregate  (cost=349.65..349.66 rows=1 width=8)
	  ->  Index Scan using sbtest1_pkey on sbtest1  (cost=0.43..349.43 rows=88 width=4)
	        Index Cond: ((id >= 2299274) AND (id <= 2299373))

table 2 : explain SELECT SUM(k) FROM sbtest2 WHERE id BETWEEN 8227201 AND 8227300
	Aggregate  (cost=416.45..416.46 rows=1 width=8)
	  ->  Index Scan using sbtest2_pkey on sbtest2  (cost=0.43..416.18 rows=105 width=4)
	        Index Cond: ((id >= 8227201) AND (id <= 8227300))

table 3 : explain SELECT SUM(k) FROM sbtest3 WHERE id BETWEEN 1058290 AND 1058389
	Aggregate  (cost=434.54..434.55 rows=1 width=8)
	  ->  Index Scan using sbtest3_pkey on sbtest3  (cost=0.43..434.26 rows=110 width=4)
	        Index Cond: ((id >= 1058290) AND (id <= 1058389))

table 4 : explain SELECT SUM(k) FROM sbtest4 WHERE id BETWEEN 6336323 AND 6336422
	Aggregate  (cost=381.75..381.76 rows=1 width=8)
	  ->  Index Scan using sbtest4_pkey on sbtest4  (cost=0.43..381.51 rows=97 width=4)
	        Index Cond: ((id >= 6336323) AND (id <= 6336422))

table 5 : explain SELECT SUM(k) FROM sbtest5 WHERE id BETWEEN 3349249 AND 3349348
	Aggregate  (cost=403.82..403.83 rows=1 width=8)
	  ->  Index Scan using sbtest5_pkey on sbtest5  (cost=0.43..403.57 rows=102 width=4)
	        Index Cond: ((id >= 3349249) AND (id <= 3349348))

table 6 : explain SELECT SUM(k) FROM sbtest6 WHERE id BETWEEN 8324742 AND 8324841
	Aggregate  (cost=422.99..423.00 rows=1 width=8)
	  ->  Index Scan using sbtest6_pkey on sbtest6  (cost=0.43..422.73 rows=107 width=4)
	        Index Cond: ((id >= 8324742) AND (id <= 8324841))

table 7 : explain SELECT SUM(k) FROM sbtest7 WHERE id BETWEEN 8318277 AND 8318376
	Aggregate  (cost=359.58..359.59 rows=1 width=8)
	  ->  Index Scan using sbtest7_pkey on sbtest7  (cost=0.43..359.35 rows=91 width=4)
	        Index Cond: ((id >= 8318277) AND (id <= 8318376))

table 8 : explain SELECT SUM(k) FROM sbtest8 WHERE id BETWEEN 3226392 AND 3226491
	Aggregate  (cost=375.62..375.63 rows=1 width=8)
	  ->  Index Scan using sbtest8_pkey on sbtest8  (cost=0.43..375.38 rows=95 width=4)
	        Index Cond: ((id >= 3226392) AND (id <= 3226491))

for point_selects
table 1 : explain SELECT c FROM sbtest1 WHERE id=4910459
	Index Scan using sbtest1_pkey on sbtest1  (cost=0.43..8.45 rows=1 width=121)
	  Index Cond: (id = 4910459)

table 2 : explain SELECT c FROM sbtest2 WHERE id=149059
	Index Scan using sbtest2_pkey on sbtest2  (cost=0.43..8.45 rows=1 width=121)
	  Index Cond: (id = 149059)

table 3 : explain SELECT c FROM sbtest3 WHERE id=3466371
	Index Scan using sbtest3_pkey on sbtest3  (cost=0.43..8.45 rows=1 width=121)
	  Index Cond: (id = 3466371)

table 4 : explain SELECT c FROM sbtest4 WHERE id=7711515
	Index Scan using sbtest4_pkey on sbtest4  (cost=0.43..8.45 rows=1 width=121)
	  Index Cond: (id = 7711515)

table 5 : explain SELECT c FROM sbtest5 WHERE id=8604299
	Index Scan using sbtest5_pkey on sbtest5  (cost=0.43..8.45 rows=1 width=121)
	  Index Cond: (id = 8604299)

table 6 : explain SELECT c FROM sbtest6 WHERE id=418227
	Index Scan using sbtest6_pkey on sbtest6  (cost=0.43..8.45 rows=1 width=121)
	  Index Cond: (id = 418227)

table 7 : explain SELECT c FROM sbtest7 WHERE id=5191040
	Index Scan using sbtest7_pkey on sbtest7  (cost=0.43..8.45 rows=1 width=121)
	  Index Cond: (id = 5191040)

table 8 : explain SELECT c FROM sbtest8 WHERE id=2346716
	Index Scan using sbtest8_pkey on sbtest8  (cost=0.43..8.45 rows=1 width=121)
	  Index Cond: (id = 2346716)

for: sum_ranges
table 1 : explain SELECT SUM(k) FROM sbtest1 WHERE id BETWEEN 9627264 AND 9627363
	Aggregate  (cost=377.10..377.11 rows=1 width=8)
	  ->  Index Scan using sbtest1_pkey on sbtest1  (cost=0.43..376.86 rows=95 width=4)
	        Index Cond: ((id >= 9627264) AND (id <= 9627363))

table 2 : explain SELECT SUM(k) FROM sbtest2 WHERE id BETWEEN 6650181 AND 6650280
	Aggregate  (cost=381.15..381.16 rows=1 width=8)
	  ->  Index Scan using sbtest2_pkey on sbtest2  (cost=0.43..380.91 rows=96 width=4)
	        Index Cond: ((id >= 6650181) AND (id <= 6650280))

table 3 : explain SELECT SUM(k) FROM sbtest3 WHERE id BETWEEN 1218383 AND 1218482
	Aggregate  (cost=391.55..391.56 rows=1 width=8)
	  ->  Index Scan using sbtest3_pkey on sbtest3  (cost=0.43..391.30 rows=99 width=4)
	        Index Cond: ((id >= 1218383) AND (id <= 1218482))

table 4 : explain SELECT SUM(k) FROM sbtest4 WHERE id BETWEEN 5179546 AND 5179645
	Aggregate  (cost=389.53..389.54 rows=1 width=8)
	  ->  Index Scan using sbtest4_pkey on sbtest4  (cost=0.43..389.28 rows=99 width=4)
	        Index Cond: ((id >= 5179546) AND (id <= 5179645))

table 5 : explain SELECT SUM(k) FROM sbtest5 WHERE id BETWEEN 7953144 AND 7953243
	Aggregate  (cost=395.99..396.00 rows=1 width=8)
	  ->  Index Scan using sbtest5_pkey on sbtest5  (cost=0.43..395.74 rows=100 width=4)
	        Index Cond: ((id >= 7953144) AND (id <= 7953243))

table 6 : explain SELECT SUM(k) FROM sbtest6 WHERE id BETWEEN 7799398 AND 7799497
	Aggregate  (cost=387.80..387.81 rows=1 width=8)
	  ->  Index Scan using sbtest6_pkey on sbtest6  (cost=0.43..387.56 rows=98 width=4)
	        Index Cond: ((id >= 7799398) AND (id <= 7799497))

table 7 : explain SELECT SUM(k) FROM sbtest7 WHERE id BETWEEN 4323438 AND 4323537
	Aggregate  (cost=371.28..371.29 rows=1 width=8)
	  ->  Index Scan using sbtest7_pkey on sbtest7  (cost=0.43..371.04 rows=94 width=4)
	        Index Cond: ((id >= 4323438) AND (id <= 4323537))

table 8 : explain SELECT SUM(k) FROM sbtest8 WHERE id BETWEEN 3339795 AND 3339894
	Aggregate  (cost=430.29..430.30 rows=1 width=8)
	  ->  Index Scan using sbtest8_pkey on sbtest8  (cost=0.43..430.02 rows=109 width=4)
	        Index Cond: ((id >= 3339795) AND (id <= 3339894))

for: order_ranges
table 1 : explain SELECT c FROM sbtest1 WHERE id BETWEEN 9843580 AND 9843679 ORDER BY c
	Sort  (cost=364.15..364.37 rows=91 width=121)
	  Sort Key: c
	  ->  Index Scan using sbtest1_pkey on sbtest1  (cost=0.43..361.18 rows=91 width=121)
	        Index Cond: ((id >= 9843580) AND (id <= 9843679))

table 2 : explain SELECT c FROM sbtest2 WHERE id BETWEEN 2661306 AND 2661405 ORDER BY c
	Sort  (cost=395.95..396.19 rows=99 width=121)
	  Sort Key: c
	  ->  Index Scan using sbtest2_pkey on sbtest2  (cost=0.43..392.67 rows=99 width=121)
	        Index Cond: ((id >= 2661306) AND (id <= 2661405))

table 3 : explain SELECT c FROM sbtest3 WHERE id BETWEEN 3357595 AND 3357694 ORDER BY c
	Sort  (cost=398.53..398.78 rows=100 width=121)
	  Sort Key: c
	  ->  Index Scan using sbtest3_pkey on sbtest3  (cost=0.43..395.21 rows=100 width=121)
	        Index Cond: ((id >= 3357595) AND (id <= 3357694))

table 4 : explain SELECT c FROM sbtest4 WHERE id BETWEEN 1652374 AND 1652473 ORDER BY c
	Sort  (cost=420.04..420.30 rows=106 width=121)
	  Sort Key: c
	  ->  Index Scan using sbtest4_pkey on sbtest4  (cost=0.43..416.47 rows=106 width=121)
	        Index Cond: ((id >= 1652374) AND (id <= 1652473))

table 5 : explain SELECT c FROM sbtest5 WHERE id BETWEEN 1927441 AND 1927540 ORDER BY c
	Sort  (cost=399.07..399.32 rows=100 width=121)
	  Sort Key: c
	  ->  Index Scan using sbtest5_pkey on sbtest5  (cost=0.43..395.74 rows=100 width=121)
	        Index Cond: ((id >= 1927441) AND (id <= 1927540))

table 6 : explain SELECT c FROM sbtest6 WHERE id BETWEEN 443169 AND 443268 ORDER BY c
	Sort  (cost=390.80..391.04 rows=98 width=121)
	  Sort Key: c
	  ->  Index Scan using sbtest6_pkey on sbtest6  (cost=0.43..387.56 rows=98 width=121)
	        Index Cond: ((id >= 443169) AND (id <= 443268))

table 7 : explain SELECT c FROM sbtest7 WHERE id BETWEEN 7894482 AND 7894581 ORDER BY c
	Sort  (cost=413.50..413.76 rows=104 width=121)
	  Sort Key: c
	  ->  Index Scan using sbtest7_pkey on sbtest7  (cost=0.43..410.02 rows=104 width=121)
	        Index Cond: ((id >= 7894482) AND (id <= 7894581))

table 8 : explain SELECT c FROM sbtest8 WHERE id BETWEEN 994903 AND 995002 ORDER BY c
	Sort  (cost=402.16..402.41 rows=101 width=121)
	  Sort Key: c
	  ->  Index Scan using sbtest8_pkey on sbtest8  (cost=0.43..398.80 rows=101 width=121)
	        Index Cond: ((id >= 994903) AND (id <= 995002))

for: distinct_ranges
table 1 : explain SELECT DISTINCT c FROM sbtest1 WHERE id BETWEEN 6041639 AND 6041738 ORDER BY c
	Unique  (cost=411.68..412.19 rows=103 width=121)
	  ->  Sort  (cost=411.68..411.93 rows=103 width=121)
	        Sort Key: c
	        ->  Index Scan using sbtest1_pkey on sbtest1  (cost=0.43..408.23 rows=103 width=121)
	              Index Cond: ((id >= 6041639) AND (id <= 6041738))

table 2 : explain SELECT DISTINCT c FROM sbtest2 WHERE id BETWEEN 1969059 AND 1969158 ORDER BY c
	Unique  (cost=380.11..380.58 rows=95 width=121)
	  ->  Sort  (cost=380.11..380.34 rows=95 width=121)
	        Sort Key: c
	        ->  Index Scan using sbtest2_pkey on sbtest2  (cost=0.43..376.99 rows=95 width=121)
	              Index Cond: ((id >= 1969059) AND (id <= 1969158))

table 3 : explain SELECT DISTINCT c FROM sbtest3 WHERE id BETWEEN 6668127 AND 6668226 ORDER BY c
	Unique  (cost=398.53..399.03 rows=100 width=121)
	  ->  Sort  (cost=398.53..398.78 rows=100 width=121)
	        Sort Key: c
	        ->  Index Scan using sbtest3_pkey on sbtest3  (cost=0.43..395.21 rows=100 width=121)
	              Index Cond: ((id >= 6668127) AND (id <= 6668226))

table 4 : explain SELECT DISTINCT c FROM sbtest4 WHERE id BETWEEN 2883273 AND 2883372 ORDER BY c
	Unique  (cost=404.34..404.85 rows=102 width=121)
	  ->  Sort  (cost=404.34..404.59 rows=102 width=121)
	        Sort Key: c
	        ->  Index Scan using sbtest4_pkey on sbtest4  (cost=0.43..400.93 rows=102 width=121)
	              Index Cond: ((id >= 2883273) AND (id <= 2883372))

table 5 : explain SELECT DISTINCT c FROM sbtest5 WHERE id BETWEEN 3156530 AND 3156629 ORDER BY c
	Unique  (cost=399.07..399.57 rows=100 width=121)
	  ->  Sort  (cost=399.07..399.32 rows=100 width=121)
	        Sort Key: c
	        ->  Index Scan using sbtest5_pkey on sbtest5  (cost=0.43..395.74 rows=100 width=121)
	              Index Cond: ((id >= 3156530) AND (id <= 3156629))

table 6 : explain SELECT DISTINCT c FROM sbtest6 WHERE id BETWEEN 4735257 AND 4735356 ORDER BY c
	Unique  (cost=422.38..422.91 rows=106 width=121)
	  ->  Sort  (cost=422.38..422.65 rows=106 width=121)
	        Sort Key: c
	        ->  Index Scan using sbtest6_pkey on sbtest6  (cost=0.43..418.82 rows=106 width=121)
	              Index Cond: ((id >= 4735257) AND (id <= 4735356))

table 7 : explain SELECT DISTINCT c FROM sbtest7 WHERE id BETWEEN 5314676 AND 5314775 ORDER BY c
	Unique  (cost=389.87..390.36 rows=98 width=121)
	  ->  Sort  (cost=389.87..390.12 rows=98 width=121)
	        Sort Key: c
	        ->  Index Scan using sbtest7_pkey on sbtest7  (cost=0.43..386.63 rows=98 width=121)
	              Index Cond: ((id >= 5314676) AND (id <= 5314775))

table 8 : explain SELECT DISTINCT c FROM sbtest8 WHERE id BETWEEN 8547583 AND 8547682 ORDER BY c
	Unique  (cost=374.56..375.03 rows=94 width=121)
	  ->  Sort  (cost=374.56..374.79 rows=94 width=121)
	        Sort Key: c
	        ->  Index Scan using sbtest8_pkey on sbtest8  (cost=0.43..371.48 rows=94 width=121)
	              Index Cond: ((id >= 8547583) AND (id <= 8547682))

for: simple_ranges
table 1 : explain SELECT c FROM sbtest1 WHERE id BETWEEN 8211054 AND 8211153
	Index Scan using sbtest1_pkey on sbtest1  (cost=0.43..404.32 rows=102 width=121)
	  Index Cond: ((id >= 8211054) AND (id <= 8211153))

table 2 : explain SELECT c FROM sbtest2 WHERE id BETWEEN 9116291 AND 9116390
	Index Scan using sbtest2_pkey on sbtest2  (cost=0.43..396.58 rows=100 width=121)
	  Index Cond: ((id >= 9116291) AND (id <= 9116390))

table 3 : explain SELECT c FROM sbtest3 WHERE id BETWEEN 7227942 AND 7228041
	Index Scan using sbtest3_pkey on sbtest3  (cost=0.43..403.02 rows=102 width=121)
	  Index Cond: ((id >= 7227942) AND (id <= 7228041))

table 4 : explain SELECT c FROM sbtest4 WHERE id BETWEEN 5645513 AND 5645612
	Index Scan using sbtest4_pkey on sbtest4  (cost=0.43..404.82 rows=103 width=121)
	  Index Cond: ((id >= 5645513) AND (id <= 5645612))

table 5 : explain SELECT c FROM sbtest5 WHERE id BETWEEN 3837569 AND 3837668
	Index Scan using sbtest5_pkey on sbtest5  (cost=0.43..399.65 rows=101 width=121)
	  Index Cond: ((id >= 3837569) AND (id <= 3837668))

table 6 : explain SELECT c FROM sbtest6 WHERE id BETWEEN 3356844 AND 3356943
	Index Scan using sbtest6_pkey on sbtest6  (cost=0.43..383.65 rows=97 width=121)
	  Index Cond: ((id >= 3356844) AND (id <= 3356943))

table 7 : explain SELECT c FROM sbtest7 WHERE id BETWEEN 3399942 AND 3400041
	Index Scan using sbtest7_pkey on sbtest7  (cost=0.43..410.02 rows=104 width=121)
	  Index Cond: ((id >= 3399942) AND (id <= 3400041))

table 8 : explain SELECT c FROM sbtest8 WHERE id BETWEEN 1860061 AND 1860160
	Index Scan using sbtest8_pkey on sbtest8  (cost=0.43..398.80 rows=101 width=121)
	  Index Cond: ((id >= 1860061) AND (id <= 1860160))

for point_selects
table 1 : explain SELECT c FROM sbtest1 WHERE id=6138112
	Index Scan using sbtest1_pkey on sbtest1  (cost=0.43..8.45 rows=1 width=121)
	  Index Cond: (id = 6138112)

table 2 : explain SELECT c FROM sbtest2 WHERE id=1293251
	Index Scan using sbtest2_pkey on sbtest2  (cost=0.43..8.45 rows=1 width=121)
	  Index Cond: (id = 1293251)

table 3 : explain SELECT c FROM sbtest3 WHERE id=9876001
	Index Scan using sbtest3_pkey on sbtest3  (cost=0.43..8.45 rows=1 width=121)
	  Index Cond: (id = 9876001)

table 4 : explain SELECT c FROM sbtest4 WHERE id=2652595
	Index Scan using sbtest4_pkey on sbtest4  (cost=0.43..8.45 rows=1 width=121)
	  Index Cond: (id = 2652595)

table 5 : explain SELECT c FROM sbtest5 WHERE id=3114554
	Index Scan using sbtest5_pkey on sbtest5  (cost=0.43..8.45 rows=1 width=121)
	  Index Cond: (id = 3114554)

table 6 : explain SELECT c FROM sbtest6 WHERE id=1065919
	Index Scan using sbtest6_pkey on sbtest6  (cost=0.43..8.45 rows=1 width=121)
	  Index Cond: (id = 1065919)

table 7 : explain SELECT c FROM sbtest7 WHERE id=9386186
	Index Scan using sbtest7_pkey on sbtest7  (cost=0.43..8.45 rows=1 width=121)
	  Index Cond: (id = 9386186)

table 8 : explain SELECT c FROM sbtest8 WHERE id=2776482
	Index Scan using sbtest8_pkey on sbtest8  (cost=0.43..8.45 rows=1 width=121)
	  Index Cond: (id = 2776482)

for: simple_ranges
table 1 : explain SELECT c FROM sbtest1 WHERE id BETWEEN 5954111 AND 5954210
	Index Scan using sbtest1_pkey on sbtest1  (cost=0.43..376.86 rows=95 width=121)
	  Index Cond: ((id >= 5954111) AND (id <= 5954210))

table 2 : explain SELECT c FROM sbtest2 WHERE id BETWEEN 4664488 AND 4664587
	Index Scan using sbtest2_pkey on sbtest2  (cost=0.43..408.34 rows=103 width=121)
	  Index Cond: ((id >= 4664488) AND (id <= 4664587))

table 3 : explain SELECT c FROM sbtest3 WHERE id BETWEEN 1049417 AND 1049516
	Index Scan using sbtest3_pkey on sbtest3  (cost=0.43..434.26 rows=110 width=121)
	  Index Cond: ((id >= 1049417) AND (id <= 1049516))

table 4 : explain SELECT c FROM sbtest4 WHERE id BETWEEN 9050546 AND 9050645
	Index Scan using sbtest4_pkey on sbtest4  (cost=0.43..373.74 rows=95 width=121)
	  Index Cond: ((id >= 9050546) AND (id <= 9050645))

table 5 : explain SELECT c FROM sbtest5 WHERE id BETWEEN 9047808 AND 9047907
	Index Scan using sbtest5_pkey on sbtest5  (cost=0.43..407.48 rows=103 width=121)
	  Index Cond: ((id >= 9047808) AND (id <= 9047907))

table 6 : explain SELECT c FROM sbtest6 WHERE id BETWEEN 5358108 AND 5358207
	Index Scan using sbtest6_pkey on sbtest6  (cost=0.43..387.56 rows=98 width=121)
	  Index Cond: ((id >= 5358108) AND (id <= 5358207))

table 7 : explain SELECT c FROM sbtest7 WHERE id BETWEEN 4051095 AND 4051194
	Index Scan using sbtest7_pkey on sbtest7  (cost=0.43..406.12 rows=103 width=121)
	  Index Cond: ((id >= 4051095) AND (id <= 4051194))

table 8 : explain SELECT c FROM sbtest8 WHERE id BETWEEN 3001152 AND 3001251
	Index Scan using sbtest8_pkey on sbtest8  (cost=0.43..371.48 rows=94 width=121)
	  Index Cond: ((id >= 3001152) AND (id <= 3001251))

for: sum_ranges
table 1 : explain SELECT SUM(k) FROM sbtest1 WHERE id BETWEEN 8541023 AND 8541122
	Aggregate  (cost=388.89..388.90 rows=1 width=8)
	  ->  Index Scan using sbtest1_pkey on sbtest1  (cost=0.43..388.64 rows=98 width=4)
	        Index Cond: ((id >= 8541023) AND (id <= 8541122))

table 2 : explain SELECT SUM(k) FROM sbtest2 WHERE id BETWEEN 4369317 AND 4369416
	Aggregate  (cost=396.83..396.84 rows=1 width=8)
	  ->  Index Scan using sbtest2_pkey on sbtest2  (cost=0.43..396.58 rows=100 width=4)
	        Index Cond: ((id >= 4369317) AND (id <= 4369416))

table 3 : explain SELECT SUM(k) FROM sbtest3 WHERE id BETWEEN 637159 AND 637258
	Aggregate  (cost=391.55..391.56 rows=1 width=8)
	  ->  Index Scan using sbtest3_pkey on sbtest3  (cost=0.43..391.30 rows=99 width=4)
	        Index Cond: ((id >= 637159) AND (id <= 637258))

table 4 : explain SELECT SUM(k) FROM sbtest4 WHERE id BETWEEN 3481383 AND 3481482
	Aggregate  (cost=373.98..373.99 rows=1 width=8)
	  ->  Index Scan using sbtest4_pkey on sbtest4  (cost=0.43..373.74 rows=95 width=4)
	        Index Cond: ((id >= 3481383) AND (id <= 3481482))

table 5 : explain SELECT SUM(k) FROM sbtest5 WHERE id BETWEEN 1797880 AND 1797979
	Aggregate  (cost=395.99..396.00 rows=1 width=8)
	  ->  Index Scan using sbtest5_pkey on sbtest5  (cost=0.43..395.74 rows=100 width=4)
	        Index Cond: ((id >= 1797880) AND (id <= 1797979))

table 6 : explain SELECT SUM(k) FROM sbtest6 WHERE id BETWEEN 1640927 AND 1641026
	Aggregate  (cost=376.07..376.08 rows=1 width=8)
	  ->  Index Scan using sbtest6_pkey on sbtest6  (cost=0.43..375.84 rows=95 width=4)
	        Index Cond: ((id >= 1640927) AND (id <= 1641026))

table 7 : explain SELECT SUM(k) FROM sbtest7 WHERE id BETWEEN 869726 AND 869825
	Aggregate  (cost=410.28..410.29 rows=1 width=8)
	  ->  Index Scan using sbtest7_pkey on sbtest7  (cost=0.43..410.02 rows=104 width=4)
	        Index Cond: ((id >= 869726) AND (id <= 869825))

table 8 : explain SELECT SUM(k) FROM sbtest8 WHERE id BETWEEN 4597992 AND 4598091
	Aggregate  (cost=375.62..375.63 rows=1 width=8)
	  ->  Index Scan using sbtest8_pkey on sbtest8  (cost=0.43..375.38 rows=95 width=4)
	        Index Cond: ((id >= 4597992) AND (id <= 4598091))

for: distinct_ranges
table 1 : explain SELECT DISTINCT c FROM sbtest1 WHERE id BETWEEN 109466 AND 109565 ORDER BY c
	Unique  (cost=368.10..368.56 rows=92 width=121)
	  ->  Sort  (cost=368.10..368.33 rows=92 width=121)
	        Sort Key: c
	        ->  Index Scan using sbtest1_pkey on sbtest1  (cost=0.43..365.10 rows=92 width=121)
	              Index Cond: ((id >= 109466) AND (id <= 109565))

table 2 : explain SELECT DISTINCT c FROM sbtest2 WHERE id BETWEEN 3499891 AND 3499990 ORDER BY c
	Unique  (cost=399.91..400.41 rows=100 width=121)
	  ->  Sort  (cost=399.91..400.16 rows=100 width=121)
	        Sort Key: c
	        ->  Index Scan using sbtest2_pkey on sbtest2  (cost=0.43..396.58 rows=100 width=121)
	              Index Cond: ((id >= 3499891) AND (id <= 3499990))

table 3 : explain SELECT DISTINCT c FROM sbtest3 WHERE id BETWEEN 3703292 AND 3703391 ORDER BY c
	Unique  (cost=390.64..391.13 rows=98 width=121)
	  ->  Sort  (cost=390.64..390.88 rows=98 width=121)
	        Sort Key: c
	        ->  Index Scan using sbtest3_pkey on sbtest3  (cost=0.43..387.39 rows=98 width=121)
	              Index Cond: ((id >= 3703292) AND (id <= 3703391))

table 4 : explain SELECT DISTINCT c FROM sbtest4 WHERE id BETWEEN 2201597 AND 2201696 ORDER BY c
	Unique  (cost=420.04..420.57 rows=106 width=121)
	  ->  Sort  (cost=420.04..420.30 rows=106 width=121)
	        Sort Key: c
	        ->  Index Scan using sbtest4_pkey on sbtest4  (cost=0.43..416.47 rows=106 width=121)
	              Index Cond: ((id >= 2201597) AND (id <= 2201696))

table 5 : explain SELECT DISTINCT c FROM sbtest5 WHERE id BETWEEN 9658537 AND 9658636 ORDER BY c
	Unique  (cost=403.02..403.52 rows=101 width=121)
	  ->  Sort  (cost=403.02..403.27 rows=101 width=121)
	        Sort Key: c
	        ->  Index Scan using sbtest5_pkey on sbtest5  (cost=0.43..399.65 rows=101 width=121)
	              Index Cond: ((id >= 9658537) AND (id <= 9658636))

table 6 : explain SELECT DISTINCT c FROM sbtest6 WHERE id BETWEEN 6534994 AND 6535093 ORDER BY c
	Unique  (cost=406.59..407.10 rows=102 width=121)
	  ->  Sort  (cost=406.59..406.85 rows=102 width=121)
	        Sort Key: c
	        ->  Index Scan using sbtest6_pkey on sbtest6  (cost=0.43..403.19 rows=102 width=121)
	              Index Cond: ((id >= 6534994) AND (id <= 6535093))

table 7 : explain SELECT DISTINCT c FROM sbtest7 WHERE id BETWEEN 9641183 AND 9641282 ORDER BY c
	Unique  (cost=417.44..417.97 rows=105 width=121)
	  ->  Sort  (cost=417.44..417.70 rows=105 width=121)
	        Sort Key: c
	        ->  Index Scan using sbtest7_pkey on sbtest7  (cost=0.43..413.92 rows=105 width=121)
	              Index Cond: ((id >= 9641183) AND (id <= 9641282))

table 8 : explain SELECT DISTINCT c FROM sbtest8 WHERE id BETWEEN 5505299 AND 5505398 ORDER BY c
	Unique  (cost=370.62..371.08 rows=93 width=121)
	  ->  Sort  (cost=370.62..370.85 rows=93 width=121)
	        Sort Key: c
	        ->  Index Scan using sbtest8_pkey on sbtest8  (cost=0.43..367.58 rows=93 width=121)
	              Index Cond: ((id >= 5505299) AND (id <= 5505398))

for: simple_ranges
table 1 : explain SELECT c FROM sbtest1 WHERE id BETWEEN 7632366 AND 7632465
	Index Scan using sbtest1_pkey on sbtest1  (cost=0.43..376.86 rows=95 width=121)
	  Index Cond: ((id >= 7632366) AND (id <= 7632465))

table 2 : explain SELECT c FROM sbtest2 WHERE id BETWEEN 6770759 AND 6770858
	Index Scan using sbtest2_pkey on sbtest2  (cost=0.43..373.07 rows=94 width=121)
	  Index Cond: ((id >= 6770759) AND (id <= 6770858))

table 3 : explain SELECT c FROM sbtest3 WHERE id BETWEEN 8184587 AND 8184686
	Index Scan using sbtest3_pkey on sbtest3  (cost=0.43..375.68 rows=95 width=121)
	  Index Cond: ((id >= 8184587) AND (id <= 8184686))

table 4 : explain SELECT c FROM sbtest4 WHERE id BETWEEN 9573156 AND 9573255
	Index Scan using sbtest4_pkey on sbtest4  (cost=0.43..362.09 rows=92 width=121)
	  Index Cond: ((id >= 9573156) AND (id <= 9573255))

table 5 : explain SELECT c FROM sbtest5 WHERE id BETWEEN 5576929 AND 5577028
	Index Scan using sbtest5_pkey on sbtest5  (cost=0.43..372.28 rows=94 width=121)
	  Index Cond: ((id >= 5576929) AND (id <= 5577028))

table 6 : explain SELECT c FROM sbtest6 WHERE id BETWEEN 3815395 AND 3815494
	Index Scan using sbtest6_pkey on sbtest6  (cost=0.43..368.02 rows=93 width=121)
	  Index Cond: ((id >= 3815395) AND (id <= 3815494))

table 7 : explain SELECT c FROM sbtest7 WHERE id BETWEEN 3580359 AND 3580458
	Index Scan using sbtest7_pkey on sbtest7  (cost=0.43..386.63 rows=98 width=121)
	  Index Cond: ((id >= 3580359) AND (id <= 3580458))

table 8 : explain SELECT c FROM sbtest8 WHERE id BETWEEN 632300 AND 632399
	Index Scan using sbtest8_pkey on sbtest8  (cost=0.43..390.99 rows=99 width=121)
	  Index Cond: ((id >= 632300) AND (id <= 632399))

explain: for point_selects :: explain SELECT c FROM sbtest%u WHERE id=%u
for: order_ranges
table 1 : explain SELECT c FROM sbtest1 WHERE id BETWEEN 1127910 AND 1128009 ORDER BY c
	Sort  (cost=368.10..368.33 rows=92 width=121)
	  Sort Key: c
	  ->  Index Scan using sbtest1_pkey on sbtest1  (cost=0.43..365.10 rows=92 width=121)
	        Index Cond: ((id >= 1127910) AND (id <= 1128009))

table 2 : explain SELECT c FROM sbtest2 WHERE id BETWEEN 7685923 AND 7686022 ORDER BY c
	Sort  (cost=403.87..404.12 rows=101 width=121)
	  Sort Key: c
	  ->  Index Scan using sbtest2_pkey on sbtest2  (cost=0.43..400.50 rows=101 width=121)
	        Index Cond: ((id >= 7685923) AND (id <= 7686022))

table 3 : explain SELECT c FROM sbtest3 WHERE id BETWEEN 9580486 AND 9580585 ORDER BY c
	Sort  (cost=398.53..398.78 rows=100 width=121)
	  Sort Key: c
	  ->  Index Scan using sbtest3_pkey on sbtest3  (cost=0.43..395.21 rows=100 width=121)
	        Index Cond: ((id >= 9580486) AND (id <= 9580585))

table 4 : explain SELECT c FROM sbtest4 WHERE id BETWEEN 5100482 AND 5100581 ORDER BY c
	Sort  (cost=420.04..420.30 rows=106 width=121)
	  Sort Key: c
	  ->  Index Scan using sbtest4_pkey on sbtest4  (cost=0.43..416.47 rows=106 width=121)
	        Index Cond: ((id >= 5100482) AND (id <= 5100581))

table 5 : explain SELECT c FROM sbtest5 WHERE id BETWEEN 82494 AND 82593 ORDER BY c
	Sort  (cost=375.36..375.59 rows=94 width=121)
	  Sort Key: c
	  ->  Index Scan using sbtest5_pkey on sbtest5  (cost=0.43..372.28 rows=94 width=121)
	        Index Cond: ((id >= 82494) AND (id <= 82593))

table 6 : explain SELECT c FROM sbtest6 WHERE id BETWEEN 8887495 AND 8887594 ORDER BY c
	Sort  (cost=418.44..418.70 rows=105 width=121)
	  Sort Key: c
	  ->  Index Scan using sbtest6_pkey on sbtest6  (cost=0.43..414.91 rows=105 width=121)
	        Index Cond: ((id >= 8887495) AND (id <= 8887594))

table 7 : explain SELECT c FROM sbtest7 WHERE id BETWEEN 6048549 AND 6048648 ORDER BY c
	Sort  (cost=389.87..390.12 rows=98 width=121)
	  Sort Key: c
	  ->  Index Scan using sbtest7_pkey on sbtest7  (cost=0.43..386.63 rows=98 width=121)
	        Index Cond: ((id >= 6048549) AND (id <= 6048648))

table 8 : explain SELECT c FROM sbtest8 WHERE id BETWEEN 8392132 AND 8392231 ORDER BY c
	Sort  (cost=386.39..386.63 rows=97 width=121)
	  Sort Key: c
	  ->  Index Scan using sbtest8_pkey on sbtest8  (cost=0.43..383.19 rows=97 width=121)
	        Index Cond: ((id >= 8392132) AND (id <= 8392231))

for: order_ranges
table 1 : explain SELECT c FROM sbtest1 WHERE id BETWEEN 6202209 AND 6202308 ORDER BY c
	Sort  (cost=435.43..435.71 rows=109 width=121)
	  Sort Key: c
	  ->  Index Scan using sbtest1_pkey on sbtest1  (cost=0.43..431.75 rows=109 width=121)
	        Index Cond: ((id >= 6202209) AND (id <= 6202308))

table 2 : explain SELECT c FROM sbtest2 WHERE id BETWEEN 432591 AND 432690 ORDER BY c
	Sort  (cost=388.03..388.27 rows=97 width=121)
	  Sort Key: c
	  ->  Index Scan using sbtest2_pkey on sbtest2  (cost=0.43..384.83 rows=97 width=121)
	        Index Cond: ((id >= 432591) AND (id <= 432690))

table 3 : explain SELECT c FROM sbtest3 WHERE id BETWEEN 5246188 AND 5246287 ORDER BY c
	Sort  (cost=410.37..410.62 rows=103 width=121)
	  Sort Key: c
	  ->  Index Scan using sbtest3_pkey on sbtest3  (cost=0.43..406.92 rows=103 width=121)
	        Index Cond: ((id >= 5246188) AND (id <= 5246287))

table 4 : explain SELECT c FROM sbtest4 WHERE id BETWEEN 8183718 AND 8183817 ORDER BY c
	Sort  (cost=423.97..424.23 rows=107 width=121)
	  Sort Key: c
	  ->  Index Scan using sbtest4_pkey on sbtest4  (cost=0.43..420.36 rows=107 width=121)
	        Index Cond: ((id >= 8183718) AND (id <= 8183817))

table 5 : explain SELECT c FROM sbtest5 WHERE id BETWEEN 2381641 AND 2381740 ORDER BY c
	Sort  (cost=387.21..387.45 rows=97 width=121)
	  Sort Key: c
	  ->  Index Scan using sbtest5_pkey on sbtest5  (cost=0.43..384.01 rows=97 width=121)
	        Index Cond: ((id >= 2381641) AND (id <= 2381740))

table 6 : explain SELECT c FROM sbtest6 WHERE id BETWEEN 1867028 AND 1867127 ORDER BY c
	Sort  (cost=371.06..371.29 rows=93 width=121)
	  Sort Key: c
	  ->  Index Scan using sbtest6_pkey on sbtest6  (cost=0.43..368.02 rows=93 width=121)
	        Index Cond: ((id >= 1867028) AND (id <= 1867127))

table 7 : explain SELECT c FROM sbtest7 WHERE id BETWEEN 8695477 AND 8695576 ORDER BY c
	Sort  (cost=350.47..350.69 rows=88 width=121)
	  Sort Key: c
	  ->  Index Scan using sbtest7_pkey on sbtest7  (cost=0.43..347.62 rows=88 width=121)
	        Index Cond: ((id >= 8695477) AND (id <= 8695576))

table 8 : explain SELECT c FROM sbtest8 WHERE id BETWEEN 1858241 AND 1858340 ORDER BY c
	Sort  (cost=402.16..402.41 rows=101 width=121)
	  Sort Key: c
	  ->  Index Scan using sbtest8_pkey on sbtest8  (cost=0.43..398.80 rows=101 width=121)
	        Index Cond: ((id >= 1858241) AND (id <= 1858340))

for: distinct_ranges
table 1 : explain SELECT DISTINCT c FROM sbtest1 WHERE id BETWEEN 2240603 AND 2240702 ORDER BY c
	Unique  (cost=419.60..420.12 rows=105 width=121)
	  ->  Sort  (cost=419.60..419.86 rows=105 width=121)
	        Sort Key: c
	        ->  Index Scan using sbtest1_pkey on sbtest1  (cost=0.43..416.07 rows=105 width=121)
	              Index Cond: ((id >= 2240603) AND (id <= 2240702))

table 2 : explain SELECT DISTINCT c FROM sbtest2 WHERE id BETWEEN 8686182 AND 8686281 ORDER BY c
	Unique  (cost=368.20..368.66 rows=92 width=121)
	  ->  Sort  (cost=368.20..368.43 rows=92 width=121)
	        Sort Key: c
	        ->  Index Scan using sbtest2_pkey on sbtest2  (cost=0.43..365.20 rows=92 width=121)
	              Index Cond: ((id >= 8686182) AND (id <= 8686281))

table 3 : explain SELECT DISTINCT c FROM sbtest3 WHERE id BETWEEN 897480 AND 897579 ORDER BY c
	Unique  (cost=430.10..430.64 rows=108 width=121)
	  ->  Sort  (cost=430.10..430.37 rows=108 width=121)
	        Sort Key: c
	        ->  Index Scan using sbtest3_pkey on sbtest3  (cost=0.43..426.45 rows=108 width=121)
	              Index Cond: ((id >= 897480) AND (id <= 897579))

table 4 : explain SELECT DISTINCT c FROM sbtest4 WHERE id BETWEEN 7938195 AND 7938294 ORDER BY c
	Unique  (cost=361.16..361.62 rows=91 width=121)
	  ->  Sort  (cost=361.16..361.39 rows=91 width=121)
	        Sort Key: c
	        ->  Index Scan using sbtest4_pkey on sbtest4  (cost=0.43..358.20 rows=91 width=121)
	              Index Cond: ((id >= 7938195) AND (id <= 7938294))

table 5 : explain SELECT DISTINCT c FROM sbtest5 WHERE id BETWEEN 9067426 AND 9067525 ORDER BY c
	Unique  (cost=410.92..411.44 rows=103 width=121)
	  ->  Sort  (cost=410.92..411.18 rows=103 width=121)
	        Sort Key: c
	        ->  Index Scan using sbtest5_pkey on sbtest5  (cost=0.43..407.48 rows=103 width=121)
	              Index Cond: ((id >= 9067426) AND (id <= 9067525))

table 6 : explain SELECT DISTINCT c FROM sbtest6 WHERE id BETWEEN 3346909 AND 3347008 ORDER BY c
	Unique  (cost=386.85..387.34 rows=97 width=121)
	  ->  Sort  (cost=386.85..387.09 rows=97 width=121)
	        Sort Key: c
	        ->  Index Scan using sbtest6_pkey on sbtest6  (cost=0.43..383.65 rows=97 width=121)
	              Index Cond: ((id >= 3346909) AND (id <= 3347008))

table 7 : explain SELECT DISTINCT c FROM sbtest7 WHERE id BETWEEN 9926843 AND 9926942 ORDER BY c
	Unique  (cost=397.75..398.25 rows=100 width=121)
	  ->  Sort  (cost=397.75..398.00 rows=100 width=121)
	        Sort Key: c
	        ->  Index Scan using sbtest7_pkey on sbtest7  (cost=0.43..394.43 rows=100 width=121)
	              Index Cond: ((id >= 9926843) AND (id <= 9926942))

table 8 : explain SELECT DISTINCT c FROM sbtest8 WHERE id BETWEEN 4482972 AND 4483071 ORDER BY c
	Unique  (cost=386.39..386.87 rows=97 width=121)
	  ->  Sort  (cost=386.39..386.63 rows=97 width=121)
	        Sort Key: c
	        ->  Index Scan using sbtest8_pkey on sbtest8  (cost=0.43..383.19 rows=97 width=121)
	              Index Cond: ((id >= 4482972) AND (id <= 4483071))

explain: for point_selects :: explain SELECT c FROM sbtest%u WHERE id=%u
for: distinct_ranges
table 1 : explain SELECT DISTINCT c FROM sbtest1 WHERE id BETWEEN 512233 AND 512332 ORDER BY c
	Unique  (cost=415.64..416.16 rows=104 width=121)
	  ->  Sort  (cost=415.64..415.90 rows=104 width=121)
	        Sort Key: c
	        ->  Index Scan using sbtest1_pkey on sbtest1  (cost=0.43..412.15 rows=104 width=121)
	              Index Cond: ((id >= 512233) AND (id <= 512332))

table 2 : explain SELECT DISTINCT c FROM sbtest2 WHERE id BETWEEN 3988909 AND 3989008 ORDER BY c
	Unique  (cost=403.87..404.37 rows=101 width=121)
	  ->  Sort  (cost=403.87..404.12 rows=101 width=121)
	        Sort Key: c
	        ->  Index Scan using sbtest2_pkey on sbtest2  (cost=0.43..400.50 rows=101 width=121)
	              Index Cond: ((id >= 3988909) AND (id <= 3989008))

table 3 : explain SELECT DISTINCT c FROM sbtest3 WHERE id BETWEEN 6098932 AND 6099031 ORDER BY c
	Unique  (cost=437.99..438.54 rows=110 width=121)
	  ->  Sort  (cost=437.99..438.27 rows=110 width=121)
	        Sort Key: c
	        ->  Index Scan using sbtest3_pkey on sbtest3  (cost=0.43..434.26 rows=110 width=121)
	              Index Cond: ((id >= 6098932) AND (id <= 6099031))

table 4 : explain SELECT DISTINCT c FROM sbtest4 WHERE id BETWEEN 1702269 AND 1702368 ORDER BY c
	Unique  (cost=447.52..448.09 rows=113 width=121)
	  ->  Sort  (cost=447.52..447.80 rows=113 width=121)
	        Sort Key: c
	        ->  Index Scan using sbtest4_pkey on sbtest4  (cost=0.43..443.67 rows=113 width=121)
	              Index Cond: ((id >= 1702269) AND (id <= 1702368))

table 5 : explain SELECT DISTINCT c FROM sbtest5 WHERE id BETWEEN 9248268 AND 9248367 ORDER BY c
	Unique  (cost=422.78..423.31 rows=106 width=121)
	  ->  Sort  (cost=422.78..423.04 rows=106 width=121)
	        Sort Key: c
	        ->  Index Scan using sbtest5_pkey on sbtest5  (cost=0.43..419.21 rows=106 width=121)
	              Index Cond: ((id >= 9248268) AND (id <= 9248367))

table 6 : explain SELECT DISTINCT c FROM sbtest6 WHERE id BETWEEN 8154634 AND 8154733 ORDER BY c
	Unique  (cost=382.90..383.38 rows=96 width=121)
	  ->  Sort  (cost=382.90..383.14 rows=96 width=121)
	        Sort Key: c
	        ->  Index Scan using sbtest6_pkey on sbtest6  (cost=0.43..379.74 rows=96 width=121)
	              Index Cond: ((id >= 8154634) AND (id <= 8154733))

table 7 : explain SELECT DISTINCT c FROM sbtest7 WHERE id BETWEEN 6109219 AND 6109318 ORDER BY c
	Unique  (cost=385.94..386.42 rows=97 width=121)
	  ->  Sort  (cost=385.94..386.18 rows=97 width=121)
	        Sort Key: c
	        ->  Index Scan using sbtest7_pkey on sbtest7  (cost=0.43..382.73 rows=97 width=121)
	              Index Cond: ((id >= 6109219) AND (id <= 6109318))

table 8 : explain SELECT DISTINCT c FROM sbtest8 WHERE id BETWEEN 9958341 AND 9958440 ORDER BY c
	Unique  (cost=394.27..394.77 rows=99 width=121)
	  ->  Sort  (cost=394.27..394.52 rows=99 width=121)
	        Sort Key: c
	        ->  Index Scan using sbtest8_pkey on sbtest8  (cost=0.43..390.99 rows=99 width=121)
	              Index Cond: ((id >= 9958341) AND (id <= 9958440))

for: sum_ranges
table 1 : explain SELECT SUM(k) FROM sbtest1 WHERE id BETWEEN 6120461 AND 6120560
	Aggregate  (cost=396.73..396.74 rows=1 width=8)
	  ->  Index Scan using sbtest1_pkey on sbtest1  (cost=0.43..396.48 rows=100 width=4)
	        Index Cond: ((id >= 6120461) AND (id <= 6120560))

table 2 : explain SELECT SUM(k) FROM sbtest2 WHERE id BETWEEN 2613749 AND 2613848
	Aggregate  (cost=392.91..392.92 rows=1 width=8)
	  ->  Index Scan using sbtest2_pkey on sbtest2  (cost=0.43..392.67 rows=99 width=4)
	        Index Cond: ((id >= 2613749) AND (id <= 2613848))

table 3 : explain SELECT SUM(k) FROM sbtest3 WHERE id BETWEEN 2445183 AND 2445282
	Aggregate  (cost=399.36..399.37 rows=1 width=8)
	  ->  Index Scan using sbtest3_pkey on sbtest3  (cost=0.43..399.11 rows=101 width=4)
	        Index Cond: ((id >= 2445183) AND (id <= 2445282))

table 4 : explain SELECT SUM(k) FROM sbtest4 WHERE id BETWEEN 4731628 AND 4731727
	Aggregate  (cost=350.62..350.63 rows=1 width=8)
	  ->  Index Scan using sbtest4_pkey on sbtest4  (cost=0.43..350.40 rows=89 width=4)
	        Index Cond: ((id >= 4731628) AND (id <= 4731727))

table 5 : explain SELECT SUM(k) FROM sbtest5 WHERE id BETWEEN 233452 AND 233551
	Aggregate  (cost=423.39..423.40 rows=1 width=8)
	  ->  Index Scan using sbtest5_pkey on sbtest5  (cost=0.43..423.12 rows=107 width=4)
	        Index Cond: ((id >= 233452) AND (id <= 233551))

table 6 : explain SELECT SUM(k) FROM sbtest6 WHERE id BETWEEN 5255574 AND 5255673
	Aggregate  (cost=419.08..419.09 rows=1 width=8)
	  ->  Index Scan using sbtest6_pkey on sbtest6  (cost=0.43..418.82 rows=106 width=4)
	        Index Cond: ((id >= 5255574) AND (id <= 5255673))

table 7 : explain SELECT SUM(k) FROM sbtest7 WHERE id BETWEEN 4365366 AND 4365465
	Aggregate  (cost=371.28..371.29 rows=1 width=8)
	  ->  Index Scan using sbtest7_pkey on sbtest7  (cost=0.43..371.04 rows=94 width=4)
	        Index Cond: ((id >= 4365366) AND (id <= 4365465))

table 8 : explain SELECT SUM(k) FROM sbtest8 WHERE id BETWEEN 1090690 AND 1090789
	Aggregate  (cost=399.05..399.06 rows=1 width=8)
	  ->  Index Scan using sbtest8_pkey on sbtest8  (cost=0.43..398.80 rows=101 width=4)
	        Index Cond: ((id >= 1090690) AND (id <= 1090789))

for: sum_ranges
table 1 : explain SELECT SUM(k) FROM sbtest1 WHERE id BETWEEN 3015333 AND 3015432
	Aggregate  (cost=400.65..400.66 rows=1 width=8)
	  ->  Index Scan using sbtest1_pkey on sbtest1  (cost=0.43..400.40 rows=101 width=4)
	        Index Cond: ((id >= 3015333) AND (id <= 3015432))

table 2 : explain SELECT SUM(k) FROM sbtest2 WHERE id BETWEEN 2067235 AND 2067334
	Aggregate  (cost=396.83..396.84 rows=1 width=8)
	  ->  Index Scan using sbtest2_pkey on sbtest2  (cost=0.43..396.58 rows=100 width=4)
	        Index Cond: ((id >= 2067235) AND (id <= 2067334))

table 3 : explain SELECT SUM(k) FROM sbtest3 WHERE id BETWEEN 2469199 AND 2469298
	Aggregate  (cost=399.36..399.37 rows=1 width=8)
	  ->  Index Scan using sbtest3_pkey on sbtest3  (cost=0.43..399.11 rows=101 width=4)
	        Index Cond: ((id >= 2469199) AND (id <= 2469298))

table 4 : explain SELECT SUM(k) FROM sbtest4 WHERE id BETWEEN 7657223 AND 7657322
	Aggregate  (cost=416.74..416.75 rows=1 width=8)
	  ->  Index Scan using sbtest4_pkey on sbtest4  (cost=0.43..416.47 rows=106 width=4)
	        Index Cond: ((id >= 7657223) AND (id <= 7657322))

table 5 : explain SELECT SUM(k) FROM sbtest5 WHERE id BETWEEN 3392196 AND 3392295
	Aggregate  (cost=399.91..399.92 rows=1 width=8)
	  ->  Index Scan using sbtest5_pkey on sbtest5  (cost=0.43..399.65 rows=101 width=4)
	        Index Cond: ((id >= 3392196) AND (id <= 3392295))

table 6 : explain SELECT SUM(k) FROM sbtest6 WHERE id BETWEEN 4230022 AND 4230121
	Aggregate  (cost=469.91..469.92 rows=1 width=8)
	  ->  Index Scan using sbtest6_pkey on sbtest6  (cost=0.43..469.61 rows=119 width=4)
	        Index Cond: ((id >= 4230022) AND (id <= 4230121))

table 7 : explain SELECT SUM(k) FROM sbtest7 WHERE id BETWEEN 8909180 AND 8909279
	Aggregate  (cost=402.48..402.49 rows=1 width=8)
	  ->  Index Scan using sbtest7_pkey on sbtest7  (cost=0.43..402.22 rows=102 width=4)
	        Index Cond: ((id >= 8909180) AND (id <= 8909279))

table 8 : explain SELECT SUM(k) FROM sbtest8 WHERE id BETWEEN 3855210 AND 3855309
	Aggregate  (cost=438.10..438.11 rows=1 width=8)
	  ->  Index Scan using sbtest8_pkey on sbtest8  (cost=0.43..437.82 rows=111 width=4)
	        Index Cond: ((id >= 3855210) AND (id <= 3855309))

for: sum_ranges
table 1 : explain SELECT SUM(k) FROM sbtest1 WHERE id BETWEEN 8330282 AND 8330381
	Aggregate  (cost=341.81..341.82 rows=1 width=8)
	  ->  Index Scan using sbtest1_pkey on sbtest1  (cost=0.43..341.59 rows=86 width=4)
	        Index Cond: ((id >= 8330282) AND (id <= 8330381))

table 2 : explain SELECT SUM(k) FROM sbtest2 WHERE id BETWEEN 8329236 AND 8329335
	Aggregate  (cost=381.15..381.16 rows=1 width=8)
	  ->  Index Scan using sbtest2_pkey on sbtest2  (cost=0.43..380.91 rows=96 width=4)
	        Index Cond: ((id >= 8329236) AND (id <= 8329335))

table 3 : explain SELECT SUM(k) FROM sbtest3 WHERE id BETWEEN 5303730 AND 5303829
	Aggregate  (cost=371.98..371.99 rows=1 width=8)
	  ->  Index Scan using sbtest3_pkey on sbtest3  (cost=0.43..371.74 rows=94 width=4)
	        Index Cond: ((id >= 5303730) AND (id <= 5303829))

table 4 : explain SELECT SUM(k) FROM sbtest4 WHERE id BETWEEN 6754014 AND 6754113
	Aggregate  (cost=401.19..401.20 rows=1 width=8)
	  ->  Index Scan using sbtest4_pkey on sbtest4  (cost=0.43..400.93 rows=102 width=4)
	        Index Cond: ((id >= 6754014) AND (id <= 6754113))

table 5 : explain SELECT SUM(k) FROM sbtest5 WHERE id BETWEEN 8278091 AND 8278190
	Aggregate  (cost=423.39..423.40 rows=1 width=8)
	  ->  Index Scan using sbtest5_pkey on sbtest5  (cost=0.43..423.12 rows=107 width=4)
	        Index Cond: ((id >= 8278091) AND (id <= 8278190))

table 6 : explain SELECT SUM(k) FROM sbtest6 WHERE id BETWEEN 1340923 AND 1341022
	Aggregate  (cost=407.35..407.36 rows=1 width=8)
	  ->  Index Scan using sbtest6_pkey on sbtest6  (cost=0.43..407.10 rows=103 width=4)
	        Index Cond: ((id >= 1340923) AND (id <= 1341022))

table 7 : explain SELECT SUM(k) FROM sbtest7 WHERE id BETWEEN 7136674 AND 7136773
	Aggregate  (cost=414.18..414.19 rows=1 width=8)
	  ->  Index Scan using sbtest7_pkey on sbtest7  (cost=0.43..413.92 rows=105 width=4)
	        Index Cond: ((id >= 7136674) AND (id <= 7136773))

table 8 : explain SELECT SUM(k) FROM sbtest8 WHERE id BETWEEN 2401227 AND 2401326
	Aggregate  (cost=367.81..367.82 rows=1 width=8)
	  ->  Index Scan using sbtest8_pkey on sbtest8  (cost=0.43..367.58 rows=93 width=4)
	        Index Cond: ((id >= 2401227) AND (id <= 2401326))

for: sum_ranges
table 1 : explain SELECT SUM(k) FROM sbtest1 WHERE id BETWEEN 491092 AND 491191
	Aggregate  (cost=381.02..381.03 rows=1 width=8)
	  ->  Index Scan using sbtest1_pkey on sbtest1  (cost=0.43..380.78 rows=96 width=4)
	        Index Cond: ((id >= 491092) AND (id <= 491191))

table 2 : explain SELECT SUM(k) FROM sbtest2 WHERE id BETWEEN 8138018 AND 8138117
	Aggregate  (cost=381.15..381.16 rows=1 width=8)
	  ->  Index Scan using sbtest2_pkey on sbtest2  (cost=0.43..380.91 rows=96 width=4)
	        Index Cond: ((id >= 8138018) AND (id <= 8138117))

table 3 : explain SELECT SUM(k) FROM sbtest3 WHERE id BETWEEN 5499476 AND 5499575
	Aggregate  (cost=383.73..383.74 rows=1 width=8)
	  ->  Index Scan using sbtest3_pkey on sbtest3  (cost=0.43..383.49 rows=97 width=4)
	        Index Cond: ((id >= 5499476) AND (id <= 5499575))

table 4 : explain SELECT SUM(k) FROM sbtest4 WHERE id BETWEEN 5271491 AND 5271590
	Aggregate  (cost=389.53..389.54 rows=1 width=8)
	  ->  Index Scan using sbtest4_pkey on sbtest4  (cost=0.43..389.28 rows=99 width=4)
	        Index Cond: ((id >= 5271491) AND (id <= 5271590))

table 5 : explain SELECT SUM(k) FROM sbtest5 WHERE id BETWEEN 6091580 AND 6091679
	Aggregate  (cost=388.17..388.18 rows=1 width=8)
	  ->  Index Scan using sbtest5_pkey on sbtest5  (cost=0.43..387.92 rows=98 width=4)
	        Index Cond: ((id >= 6091580) AND (id <= 6091679))

table 6 : explain SELECT SUM(k) FROM sbtest6 WHERE id BETWEEN 8430162 AND 8430261
	Aggregate  (cost=391.71..391.72 rows=1 width=8)
	  ->  Index Scan using sbtest6_pkey on sbtest6  (cost=0.43..391.47 rows=99 width=4)
	        Index Cond: ((id >= 8430162) AND (id <= 8430261))

table 7 : explain SELECT SUM(k) FROM sbtest7 WHERE id BETWEEN 7952223 AND 7952322
	Aggregate  (cost=421.98..421.99 rows=1 width=8)
	  ->  Index Scan using sbtest7_pkey on sbtest7  (cost=0.43..421.71 rows=107 width=4)
	        Index Cond: ((id >= 7952223) AND (id <= 7952322))

table 8 : explain SELECT SUM(k) FROM sbtest8 WHERE id BETWEEN 1938242 AND 1938341
	Aggregate  (cost=422.48..422.49 rows=1 width=8)
	  ->  Index Scan using sbtest8_pkey on sbtest8  (cost=0.43..422.21 rows=107 width=4)
	        Index Cond: ((id >= 1938242) AND (id <= 1938341))

for: order_ranges
table 1 : explain SELECT c FROM sbtest1 WHERE id BETWEEN 927014 AND 927113 ORDER BY c
	Sort  (cost=387.90..388.14 rows=97 width=121)
	  Sort Key: c
	  ->  Index Scan using sbtest1_pkey on sbtest1  (cost=0.43..384.70 rows=97 width=121)
	        Index Cond: ((id >= 927014) AND (id <= 927113))

table 2 : explain SELECT c FROM sbtest2 WHERE id BETWEEN 6007441 AND 6007540 ORDER BY c
	Sort  (cost=423.67..423.93 rows=106 width=121)
	  Sort Key: c
	  ->  Index Scan using sbtest2_pkey on sbtest2  (cost=0.43..420.10 rows=106 width=121)
	        Index Cond: ((id >= 6007441) AND (id <= 6007540))

table 3 : explain SELECT c FROM sbtest3 WHERE id BETWEEN 740718 AND 740817 ORDER BY c
	Sort  (cost=359.04..359.27 rows=90 width=121)
	  Sort Key: c
	  ->  Index Scan using sbtest3_pkey on sbtest3  (cost=0.43..356.12 rows=90 width=121)
	        Index Cond: ((id >= 740718) AND (id <= 740817))

table 4 : explain SELECT c FROM sbtest4 WHERE id BETWEEN 9955152 AND 9955251 ORDER BY c
	Sort  (cost=396.49..396.74 rows=100 width=121)
	  Sort Key: c
	  ->  Index Scan using sbtest4_pkey on sbtest4  (cost=0.43..393.16 rows=100 width=121)
	        Index Cond: ((id >= 9955152) AND (id <= 9955251))

table 5 : explain SELECT c FROM sbtest5 WHERE id BETWEEN 2138971 AND 2139070 ORDER BY c
	Sort  (cost=406.97..407.22 rows=102 width=121)
	  Sort Key: c
	  ->  Index Scan using sbtest5_pkey on sbtest5  (cost=0.43..403.57 rows=102 width=121)
	        Index Cond: ((id >= 2138971) AND (id <= 2139070))

table 6 : explain SELECT c FROM sbtest6 WHERE id BETWEEN 6852784 AND 6852883 ORDER BY c
	Sort  (cost=367.12..367.35 rows=92 width=121)
	  Sort Key: c
	  ->  Index Scan using sbtest6_pkey on sbtest6  (cost=0.43..364.11 rows=92 width=121)
	        Index Cond: ((id >= 6852784) AND (id <= 6852883))

table 7 : explain SELECT c FROM sbtest7 WHERE id BETWEEN 5294827 AND 5294926 ORDER BY c
	Sort  (cost=389.87..390.12 rows=98 width=121)
	  Sort Key: c
	  ->  Index Scan using sbtest7_pkey on sbtest7  (cost=0.43..386.63 rows=98 width=121)
	        Index Cond: ((id >= 5294827) AND (id <= 5294926))

table 8 : explain SELECT c FROM sbtest8 WHERE id BETWEEN 4606779 AND 4606878 ORDER BY c
	Sort  (cost=378.50..378.74 rows=95 width=121)
	  Sort Key: c
	  ->  Index Scan using sbtest8_pkey on sbtest8  (cost=0.43..375.38 rows=95 width=121)
	        Index Cond: ((id >= 4606779) AND (id <= 4606878))

for: sum_ranges
table 1 : explain SELECT SUM(k) FROM sbtest1 WHERE id BETWEEN 1515674 AND 1515773
	Aggregate  (cost=392.81..392.82 rows=1 width=8)
	  ->  Index Scan using sbtest1_pkey on sbtest1  (cost=0.43..392.56 rows=99 width=4)
	        Index Cond: ((id >= 1515674) AND (id <= 1515773))

table 2 : explain SELECT SUM(k) FROM sbtest2 WHERE id BETWEEN 6641796 AND 6641895
	Aggregate  (cost=381.15..381.16 rows=1 width=8)
	  ->  Index Scan using sbtest2_pkey on sbtest2  (cost=0.43..380.91 rows=96 width=4)
	        Index Cond: ((id >= 6641796) AND (id <= 6641895))

table 3 : explain SELECT SUM(k) FROM sbtest3 WHERE id BETWEEN 4624378 AND 4624477
	Aggregate  (cost=368.07..368.08 rows=1 width=8)
	  ->  Index Scan using sbtest3_pkey on sbtest3  (cost=0.43..367.84 rows=93 width=4)
	        Index Cond: ((id >= 4624378) AND (id <= 4624477))

table 4 : explain SELECT SUM(k) FROM sbtest4 WHERE id BETWEEN 1932513 AND 1932612
	Aggregate  (cost=393.41..393.42 rows=1 width=8)
	  ->  Index Scan using sbtest4_pkey on sbtest4  (cost=0.43..393.16 rows=100 width=4)
	        Index Cond: ((id >= 1932513) AND (id <= 1932612))

table 5 : explain SELECT SUM(k) FROM sbtest5 WHERE id BETWEEN 8973914 AND 8974013
	Aggregate  (cost=403.82..403.83 rows=1 width=8)
	  ->  Index Scan using sbtest5_pkey on sbtest5  (cost=0.43..403.57 rows=102 width=4)
	        Index Cond: ((id >= 8973914) AND (id <= 8974013))

table 6 : explain SELECT SUM(k) FROM sbtest6 WHERE id BETWEEN 6632222 AND 6632321
	Aggregate  (cost=376.07..376.08 rows=1 width=8)
	  ->  Index Scan using sbtest6_pkey on sbtest6  (cost=0.43..375.84 rows=95 width=4)
	        Index Cond: ((id >= 6632222) AND (id <= 6632321))

table 7 : explain SELECT SUM(k) FROM sbtest7 WHERE id BETWEEN 8558550 AND 8558649
	Aggregate  (cost=371.28..371.29 rows=1 width=8)
	  ->  Index Scan using sbtest7_pkey on sbtest7  (cost=0.43..371.04 rows=94 width=4)
	        Index Cond: ((id >= 8558550) AND (id <= 8558649))

table 8 : explain SELECT SUM(k) FROM sbtest8 WHERE id BETWEEN 2179828 AND 2179927
	Aggregate  (cost=375.62..375.63 rows=1 width=8)
	  ->  Index Scan using sbtest8_pkey on sbtest8  (cost=0.43..375.38 rows=95 width=4)
	        Index Cond: ((id >= 2179828) AND (id <= 2179927))

for: distinct_ranges
table 1 : explain SELECT DISTINCT c FROM sbtest1 WHERE id BETWEEN 9649399 AND 9649498 ORDER BY c
	Unique  (cost=379.98..380.45 rows=95 width=121)
	  ->  Sort  (cost=379.98..380.22 rows=95 width=121)
	        Sort Key: c
	        ->  Index Scan using sbtest1_pkey on sbtest1  (cost=0.43..376.86 rows=95 width=121)
	              Index Cond: ((id >= 9649399) AND (id <= 9649498))

table 2 : explain SELECT DISTINCT c FROM sbtest2 WHERE id BETWEEN 6229089 AND 6229188 ORDER BY c
	Unique  (cost=388.03..388.51 rows=97 width=121)
	  ->  Sort  (cost=388.03..388.27 rows=97 width=121)
	        Sort Key: c
	        ->  Index Scan using sbtest2_pkey on sbtest2  (cost=0.43..384.83 rows=97 width=121)
	              Index Cond: ((id >= 6229089) AND (id <= 6229188))

table 3 : explain SELECT DISTINCT c FROM sbtest3 WHERE id BETWEEN 9824230 AND 9824329 ORDER BY c
	Unique  (cost=418.26..418.78 rows=105 width=121)
	  ->  Sort  (cost=418.26..418.52 rows=105 width=121)
	        Sort Key: c
	        ->  Index Scan using sbtest3_pkey on sbtest3  (cost=0.43..414.73 rows=105 width=121)
	              Index Cond: ((id >= 9824230) AND (id <= 9824329))

table 4 : explain SELECT DISTINCT c FROM sbtest4 WHERE id BETWEEN 361274 AND 361373 ORDER BY c
	Unique  (cost=384.71..385.20 rows=97 width=121)
	  ->  Sort  (cost=384.71..384.95 rows=97 width=121)
	        Sort Key: c
	        ->  Index Scan using sbtest4_pkey on sbtest4  (cost=0.43..381.51 rows=97 width=121)
	              Index Cond: ((id >= 361274) AND (id <= 361373))

table 5 : explain SELECT DISTINCT c FROM sbtest5 WHERE id BETWEEN 4612495 AND 4612594 ORDER BY c
	Unique  (cost=418.82..419.35 rows=105 width=121)
	  ->  Sort  (cost=418.82..419.09 rows=105 width=121)
	        Sort Key: c
	        ->  Index Scan using sbtest5_pkey on sbtest5  (cost=0.43..415.30 rows=105 width=121)
	              Index Cond: ((id >= 4612495) AND (id <= 4612594))

table 6 : explain SELECT DISTINCT c FROM sbtest6 WHERE id BETWEEN 2131771 AND 2131870 ORDER BY c
	Unique  (cost=378.96..379.43 rows=95 width=121)
	  ->  Sort  (cost=378.96..379.19 rows=95 width=121)
	        Sort Key: c
	        ->  Index Scan using sbtest6_pkey on sbtest6  (cost=0.43..375.84 rows=95 width=121)
	              Index Cond: ((id >= 2131771) AND (id <= 2131870))

table 7 : explain SELECT DISTINCT c FROM sbtest7 WHERE id BETWEEN 5294341 AND 5294440 ORDER BY c
	Unique  (cost=389.87..390.36 rows=98 width=121)
	  ->  Sort  (cost=389.87..390.12 rows=98 width=121)
	        Sort Key: c
	        ->  Index Scan using sbtest7_pkey on sbtest7  (cost=0.43..386.63 rows=98 width=121)
	              Index Cond: ((id >= 5294341) AND (id <= 5294440))

table 8 : explain SELECT DISTINCT c FROM sbtest8 WHERE id BETWEEN 7756790 AND 7756889 ORDER BY c
	Unique  (cost=382.44..382.92 rows=96 width=121)
	  ->  Sort  (cost=382.44..382.68 rows=96 width=121)
	        Sort Key: c
	        ->  Index Scan using sbtest8_pkey on sbtest8  (cost=0.43..379.28 rows=96 width=121)
	              Index Cond: ((id >= 7756790) AND (id <= 7756889))

for: distinct_ranges
table 1 : explain SELECT DISTINCT c FROM sbtest1 WHERE id BETWEEN 4104343 AND 4104442 ORDER BY c
	Unique  (cost=376.02..376.49 rows=94 width=121)
	  ->  Sort  (cost=376.02..376.26 rows=94 width=121)
	        Sort Key: c
	        ->  Index Scan using sbtest1_pkey on sbtest1  (cost=0.43..372.94 rows=94 width=121)
	              Index Cond: ((id >= 4104343) AND (id <= 4104442))

table 2 : explain SELECT DISTINCT c FROM sbtest2 WHERE id BETWEEN 5930448 AND 5930547 ORDER BY c
	Unique  (cost=407.83..408.34 rows=102 width=121)
	  ->  Sort  (cost=407.83..408.08 rows=102 width=121)
	        Sort Key: c
	        ->  Index Scan using sbtest2_pkey on sbtest2  (cost=0.43..404.42 rows=102 width=121)
	              Index Cond: ((id >= 5930448) AND (id <= 5930547))

table 3 : explain SELECT DISTINCT c FROM sbtest3 WHERE id BETWEEN 2056714 AND 2056813 ORDER BY c
	Unique  (cost=430.10..430.64 rows=108 width=121)
	  ->  Sort  (cost=430.10..430.37 rows=108 width=121)
	        Sort Key: c
	        ->  Index Scan using sbtest3_pkey on sbtest3  (cost=0.43..426.45 rows=108 width=121)
	              Index Cond: ((id >= 2056714) AND (id <= 2056813))

table 4 : explain SELECT DISTINCT c FROM sbtest4 WHERE id BETWEEN 6786717 AND 6786816 ORDER BY c
	Unique  (cost=404.34..404.85 rows=102 width=121)
	  ->  Sort  (cost=404.34..404.59 rows=102 width=121)
	        Sort Key: c
	        ->  Index Scan using sbtest4_pkey on sbtest4  (cost=0.43..400.93 rows=102 width=121)
	              Index Cond: ((id >= 6786717) AND (id <= 6786816))

table 5 : explain SELECT DISTINCT c FROM sbtest5 WHERE id BETWEEN 2322147 AND 2322246 ORDER BY c
	Unique  (cost=387.21..387.70 rows=97 width=121)
	  ->  Sort  (cost=387.21..387.45 rows=97 width=121)
	        Sort Key: c
	        ->  Index Scan using sbtest5_pkey on sbtest5  (cost=0.43..384.01 rows=97 width=121)
	              Index Cond: ((id >= 2322147) AND (id <= 2322246))

table 6 : explain SELECT DISTINCT c FROM sbtest6 WHERE id BETWEEN 7717762 AND 7717861 ORDER BY c
	Unique  (cost=402.64..403.15 rows=101 width=121)
	  ->  Sort  (cost=402.64..402.90 rows=101 width=121)
	        Sort Key: c
	        ->  Index Scan using sbtest6_pkey on sbtest6  (cost=0.43..399.28 rows=101 width=121)
	              Index Cond: ((id >= 7717762) AND (id <= 7717861))

table 7 : explain SELECT DISTINCT c FROM sbtest7 WHERE id BETWEEN 7216905 AND 7217004 ORDER BY c
	Unique  (cost=362.31..362.76 rows=91 width=121)
	  ->  Sort  (cost=362.31..362.54 rows=91 width=121)
	        Sort Key: c
	        ->  Index Scan using sbtest7_pkey on sbtest7  (cost=0.43..359.35 rows=91 width=121)
	              Index Cond: ((id >= 7216905) AND (id <= 7217004))

table 8 : explain SELECT DISTINCT c FROM sbtest8 WHERE id BETWEEN 9106462 AND 9106561 ORDER BY c
	Unique  (cost=425.82..426.35 rows=107 width=121)
	  ->  Sort  (cost=425.82..426.09 rows=107 width=121)
	        Sort Key: c
	        ->  Index Scan using sbtest8_pkey on sbtest8  (cost=0.43..422.21 rows=107 width=121)
	              Index Cond: ((id >= 9106462) AND (id <= 9106561))

for: order_ranges
table 1 : explain SELECT c FROM sbtest1 WHERE id BETWEEN 5820916 AND 5821015 ORDER BY c
	Sort  (cost=391.88..392.13 rows=98 width=121)
	  Sort Key: c
	  ->  Index Scan using sbtest1_pkey on sbtest1  (cost=0.43..388.64 rows=98 width=121)
	        Index Cond: ((id >= 5820916) AND (id <= 5821015))

table 2 : explain SELECT c FROM sbtest2 WHERE id BETWEEN 8830092 AND 8830191 ORDER BY c
	Sort  (cost=427.63..427.90 rows=107 width=121)
	  Sort Key: c
	  ->  Index Scan using sbtest2_pkey on sbtest2  (cost=0.43..424.02 rows=107 width=121)
	        Index Cond: ((id >= 8830092) AND (id <= 8830191))

table 3 : explain SELECT c FROM sbtest3 WHERE id BETWEEN 4772153 AND 4772252 ORDER BY c
	Sort  (cost=370.88..371.11 rows=93 width=121)
	  Sort Key: c
	  ->  Index Scan using sbtest3_pkey on sbtest3  (cost=0.43..367.84 rows=93 width=121)
	        Index Cond: ((id >= 4772153) AND (id <= 4772252))

table 4 : explain SELECT c FROM sbtest4 WHERE id BETWEEN 6401593 AND 6401692 ORDER BY c
	Sort  (cost=384.71..384.95 rows=97 width=121)
	  Sort Key: c
	  ->  Index Scan using sbtest4_pkey on sbtest4  (cost=0.43..381.51 rows=97 width=121)
	        Index Cond: ((id >= 6401593) AND (id <= 6401692))

table 5 : explain SELECT c FROM sbtest5 WHERE id BETWEEN 6163777 AND 6163876 ORDER BY c
	Sort  (cost=434.63..434.91 rows=109 width=121)
	  Sort Key: c
	  ->  Index Scan using sbtest5_pkey on sbtest5  (cost=0.43..430.94 rows=109 width=121)
	        Index Cond: ((id >= 6163777) AND (id <= 6163876))

table 6 : explain SELECT c FROM sbtest6 WHERE id BETWEEN 9519458 AND 9519557 ORDER BY c
	Sort  (cost=410.54..410.80 rows=103 width=121)
	  Sort Key: c
	  ->  Index Scan using sbtest6_pkey on sbtest6  (cost=0.43..407.10 rows=103 width=121)
	        Index Cond: ((id >= 9519458) AND (id <= 9519557))

table 7 : explain SELECT c FROM sbtest7 WHERE id BETWEEN 2290931 AND 2291030 ORDER BY c
	Sort  (cost=441.07..441.35 rows=111 width=121)
	  Sort Key: c
	  ->  Index Scan using sbtest7_pkey on sbtest7  (cost=0.43..437.30 rows=111 width=121)
	        Index Cond: ((id >= 2290931) AND (id <= 2291030))

table 8 : explain SELECT c FROM sbtest8 WHERE id BETWEEN 4082574 AND 4082673 ORDER BY c
	Sort  (cost=390.33..390.58 rows=98 width=121)
	  Sort Key: c
	  ->  Index Scan using sbtest8_pkey on sbtest8  (cost=0.43..387.09 rows=98 width=121)
	        Index Cond: ((id >= 4082574) AND (id <= 4082673))

for: distinct_ranges
table 1 : explain SELECT DISTINCT c FROM sbtest1 WHERE id BETWEEN 8630880 AND 8630979 ORDER BY c
	Unique  (cost=379.98..380.45 rows=95 width=121)
	  ->  Sort  (cost=379.98..380.22 rows=95 width=121)
	        Sort Key: c
	        ->  Index Scan using sbtest1_pkey on sbtest1  (cost=0.43..376.86 rows=95 width=121)
	              Index Cond: ((id >= 8630880) AND (id <= 8630979))

table 2 : explain SELECT DISTINCT c FROM sbtest2 WHERE id BETWEEN 1791447 AND 1791546 ORDER BY c
	Unique  (cost=376.15..376.62 rows=94 width=121)
	  ->  Sort  (cost=376.15..376.38 rows=94 width=121)
	        Sort Key: c
	        ->  Index Scan using sbtest2_pkey on sbtest2  (cost=0.43..373.07 rows=94 width=121)
	              Index Cond: ((id >= 1791447) AND (id <= 1791546))

table 3 : explain SELECT DISTINCT c FROM sbtest3 WHERE id BETWEEN 841793 AND 841892 ORDER BY c
	Unique  (cost=430.10..430.64 rows=108 width=121)
	  ->  Sort  (cost=430.10..430.37 rows=108 width=121)
	        Sort Key: c
	        ->  Index Scan using sbtest3_pkey on sbtest3  (cost=0.43..426.45 rows=108 width=121)
	              Index Cond: ((id >= 841793) AND (id <= 841892))

table 4 : explain SELECT DISTINCT c FROM sbtest4 WHERE id BETWEEN 5046845 AND 5046944 ORDER BY c
	Unique  (cost=420.04..420.57 rows=106 width=121)
	  ->  Sort  (cost=420.04..420.30 rows=106 width=121)
	        Sort Key: c
	        ->  Index Scan using sbtest4_pkey on sbtest4  (cost=0.43..416.47 rows=106 width=121)
	              Index Cond: ((id >= 5046845) AND (id <= 5046944))

table 5 : explain SELECT DISTINCT c FROM sbtest5 WHERE id BETWEEN 8225079 AND 8225178 ORDER BY c
	Unique  (cost=426.73..427.26 rows=107 width=121)
	  ->  Sort  (cost=426.73..427.00 rows=107 width=121)
	        Sort Key: c
	        ->  Index Scan using sbtest5_pkey on sbtest5  (cost=0.43..423.12 rows=107 width=121)
	              Index Cond: ((id >= 8225079) AND (id <= 8225178))

table 6 : explain SELECT DISTINCT c FROM sbtest6 WHERE id BETWEEN 6270479 AND 6270578 ORDER BY c
	Unique  (cost=434.23..434.77 rows=109 width=121)
	  ->  Sort  (cost=434.23..434.50 rows=109 width=121)
	        Sort Key: c
	        ->  Index Scan using sbtest6_pkey on sbtest6  (cost=0.43..430.54 rows=109 width=121)
	              Index Cond: ((id >= 6270479) AND (id <= 6270578))

table 7 : explain SELECT DISTINCT c FROM sbtest7 WHERE id BETWEEN 384878 AND 384977 ORDER BY c
	Unique  (cost=378.06..378.54 rows=95 width=121)
	  ->  Sort  (cost=378.06..378.30 rows=95 width=121)
	        Sort Key: c
	        ->  Index Scan using sbtest7_pkey on sbtest7  (cost=0.43..374.94 rows=95 width=121)
	              Index Cond: ((id >= 384878) AND (id <= 384977))

table 8 : explain SELECT DISTINCT c FROM sbtest8 WHERE id BETWEEN 812652 AND 812751 ORDER BY c
	Unique  (cost=398.22..398.72 rows=100 width=121)
	  ->  Sort  (cost=398.22..398.47 rows=100 width=121)
	        Sort Key: c
	        ->  Index Scan using sbtest8_pkey on sbtest8  (cost=0.43..394.89 rows=100 width=121)
	              Index Cond: ((id >= 812652) AND (id <= 812751))

for point_selects
table 1 : explain SELECT c FROM sbtest1 WHERE id=3966779
	Index Scan using sbtest1_pkey on sbtest1  (cost=0.43..8.45 rows=1 width=121)
	  Index Cond: (id = 3966779)

table 2 : explain SELECT c FROM sbtest2 WHERE id=8481417
	Index Scan using sbtest2_pkey on sbtest2  (cost=0.43..8.45 rows=1 width=121)
	  Index Cond: (id = 8481417)

table 3 : explain SELECT c FROM sbtest3 WHERE id=5900773
	Index Scan using sbtest3_pkey on sbtest3  (cost=0.43..8.45 rows=1 width=121)
	  Index Cond: (id = 5900773)

table 4 : explain SELECT c FROM sbtest4 WHERE id=2345946
	Index Scan using sbtest4_pkey on sbtest4  (cost=0.43..8.45 rows=1 width=121)
	  Index Cond: (id = 2345946)

table 5 : explain SELECT c FROM sbtest5 WHERE id=3984097
	Index Scan using sbtest5_pkey on sbtest5  (cost=0.43..8.45 rows=1 width=121)
	  Index Cond: (id = 3984097)

table 6 : explain SELECT c FROM sbtest6 WHERE id=6337210
	Index Scan using sbtest6_pkey on sbtest6  (cost=0.43..8.45 rows=1 width=121)
	  Index Cond: (id = 6337210)

table 7 : explain SELECT c FROM sbtest7 WHERE id=5049940
	Index Scan using sbtest7_pkey on sbtest7  (cost=0.43..8.45 rows=1 width=121)
	  Index Cond: (id = 5049940)

table 8 : explain SELECT c FROM sbtest8 WHERE id=2006614
	Index Scan using sbtest8_pkey on sbtest8  (cost=0.43..8.45 rows=1 width=121)
	  Index Cond: (id = 2006614)

explain: for point_selects :: explain SELECT c FROM sbtest%u WHERE id=%u
for: order_ranges
table 1 : explain SELECT c FROM sbtest1 WHERE id BETWEEN 7148556 AND 7148655 ORDER BY c
	Sort  (cost=411.68..411.93 rows=103 width=121)
	  Sort Key: c
	  ->  Index Scan using sbtest1_pkey on sbtest1  (cost=0.43..408.23 rows=103 width=121)
	        Index Cond: ((id >= 7148556) AND (id <= 7148655))

table 2 : explain SELECT c FROM sbtest2 WHERE id BETWEEN 4802624 AND 4802723 ORDER BY c
	Sort  (cost=415.75..416.01 rows=104 width=121)
	  Sort Key: c
	  ->  Index Scan using sbtest2_pkey on sbtest2  (cost=0.43..412.26 rows=104 width=121)
	        Index Cond: ((id >= 4802624) AND (id <= 4802723))

table 3 : explain SELECT c FROM sbtest3 WHERE id BETWEEN 108092 AND 108191 ORDER BY c
	Sort  (cost=406.42..406.68 rows=102 width=121)
	  Sort Key: c
	  ->  Index Scan using sbtest3_pkey on sbtest3  (cost=0.43..403.02 rows=102 width=121)
	        Index Cond: ((id >= 108092) AND (id <= 108191))

table 4 : explain SELECT c FROM sbtest4 WHERE id BETWEEN 155862 AND 155961 ORDER BY c
	Sort  (cost=369.01..369.24 rows=93 width=121)
	  Sort Key: c
	  ->  Index Scan using sbtest4_pkey on sbtest4  (cost=0.43..365.97 rows=93 width=121)
	        Index Cond: ((id >= 155862) AND (id <= 155961))

table 5 : explain SELECT c FROM sbtest5 WHERE id BETWEEN 6833129 AND 6833228 ORDER BY c
	Sort  (cost=418.82..419.09 rows=105 width=121)
	  Sort Key: c
	  ->  Index Scan using sbtest5_pkey on sbtest5  (cost=0.43..415.30 rows=105 width=121)
	        Index Cond: ((id >= 6833129) AND (id <= 6833228))

table 6 : explain SELECT c FROM sbtest6 WHERE id BETWEEN 5817387 AND 5817486 ORDER BY c
	Sort  (cost=347.35..347.57 rows=87 width=121)
	  Sort Key: c
	  ->  Index Scan using sbtest6_pkey on sbtest6  (cost=0.43..344.55 rows=87 width=121)
	        Index Cond: ((id >= 5817387) AND (id <= 5817486))

table 7 : explain SELECT c FROM sbtest7 WHERE id BETWEEN 2965358 AND 2965457 ORDER BY c
	Sort  (cost=374.12..374.36 rows=94 width=121)
	  Sort Key: c
	  ->  Index Scan using sbtest7_pkey on sbtest7  (cost=0.43..371.04 rows=94 width=121)
	        Index Cond: ((id >= 2965358) AND (id <= 2965457))

table 8 : explain SELECT c FROM sbtest8 WHERE id BETWEEN 5199405 AND 5199504 ORDER BY c
	Sort  (cost=366.67..366.90 rows=92 width=121)
	  Sort Key: c
	  ->  Index Scan using sbtest8_pkey on sbtest8  (cost=0.43..363.67 rows=92 width=121)
	        Index Cond: ((id >= 5199405) AND (id <= 5199504))

for: distinct_ranges
table 1 : explain SELECT DISTINCT c FROM sbtest1 WHERE id BETWEEN 9802323 AND 9802422 ORDER BY c
	Unique  (cost=364.15..364.60 rows=91 width=121)
	  ->  Sort  (cost=364.15..364.37 rows=91 width=121)
	        Sort Key: c
	        ->  Index Scan using sbtest1_pkey on sbtest1  (cost=0.43..361.18 rows=91 width=121)
	              Index Cond: ((id >= 9802323) AND (id <= 9802422))

table 2 : explain SELECT DISTINCT c FROM sbtest2 WHERE id BETWEEN 2981071 AND 2981170 ORDER BY c
	Unique  (cost=384.07..384.55 rows=96 width=121)
	  ->  Sort  (cost=384.07..384.31 rows=96 width=121)
	        Sort Key: c
	        ->  Index Scan using sbtest2_pkey on sbtest2  (cost=0.43..380.91 rows=96 width=121)
	              Index Cond: ((id >= 2981071) AND (id <= 2981170))

table 3 : explain SELECT DISTINCT c FROM sbtest3 WHERE id BETWEEN 8791354 AND 8791453 ORDER BY c
	Unique  (cost=370.88..371.34 rows=93 width=121)
	  ->  Sort  (cost=370.88..371.11 rows=93 width=121)
	        Sort Key: c
	        ->  Index Scan using sbtest3_pkey on sbtest3  (cost=0.43..367.84 rows=93 width=121)
	              Index Cond: ((id >= 8791354) AND (id <= 8791453))

table 4 : explain SELECT DISTINCT c FROM sbtest4 WHERE id BETWEEN 3422183 AND 3422282 ORDER BY c
	Unique  (cost=376.86..377.34 rows=95 width=121)
	  ->  Sort  (cost=376.86..377.10 rows=95 width=121)
	        Sort Key: c
	        ->  Index Scan using sbtest4_pkey on sbtest4  (cost=0.43..373.74 rows=95 width=121)
	              Index Cond: ((id >= 3422183) AND (id <= 3422282))

table 5 : explain SELECT DISTINCT c FROM sbtest5 WHERE id BETWEEN 1630264 AND 1630363 ORDER BY c
	Unique  (cost=403.02..403.52 rows=101 width=121)
	  ->  Sort  (cost=403.02..403.27 rows=101 width=121)
	        Sort Key: c
	        ->  Index Scan using sbtest5_pkey on sbtest5  (cost=0.43..399.65 rows=101 width=121)
	              Index Cond: ((id >= 1630264) AND (id <= 1630363))

table 6 : explain SELECT DISTINCT c FROM sbtest6 WHERE id BETWEEN 3494110 AND 3494209 ORDER BY c
	Unique  (cost=402.64..403.15 rows=101 width=121)
	  ->  Sort  (cost=402.64..402.90 rows=101 width=121)
	        Sort Key: c
	        ->  Index Scan using sbtest6_pkey on sbtest6  (cost=0.43..399.28 rows=101 width=121)
	              Index Cond: ((id >= 3494110) AND (id <= 3494209))

table 7 : explain SELECT DISTINCT c FROM sbtest7 WHERE id BETWEEN 484865 AND 484964 ORDER BY c
	Unique  (cost=409.57..410.08 rows=103 width=121)
	  ->  Sort  (cost=409.57..409.82 rows=103 width=121)
	        Sort Key: c
	        ->  Index Scan using sbtest7_pkey on sbtest7  (cost=0.43..406.12 rows=103 width=121)
	              Index Cond: ((id >= 484865) AND (id <= 484964))

table 8 : explain SELECT DISTINCT c FROM sbtest8 WHERE id BETWEEN 7794328 AND 7794427 ORDER BY c
	Unique  (cost=382.44..382.92 rows=96 width=121)
	  ->  Sort  (cost=382.44..382.68 rows=96 width=121)
	        Sort Key: c
	        ->  Index Scan using sbtest8_pkey on sbtest8  (cost=0.43..379.28 rows=96 width=121)
	              Index Cond: ((id >= 7794328) AND (id <= 7794427))

for: order_ranges
table 1 : explain SELECT c FROM sbtest1 WHERE id BETWEEN 400143 AND 400242 ORDER BY c
	Sort  (cost=423.56..423.82 rows=106 width=121)
	  Sort Key: c
	  ->  Index Scan using sbtest1_pkey on sbtest1  (cost=0.43..419.99 rows=106 width=121)
	        Index Cond: ((id >= 400143) AND (id <= 400242))

table 2 : explain SELECT c FROM sbtest2 WHERE id BETWEEN 7370892 AND 7370991 ORDER BY c
	Sort  (cost=388.03..388.27 rows=97 width=121)
	  Sort Key: c
	  ->  Index Scan using sbtest2_pkey on sbtest2  (cost=0.43..384.83 rows=97 width=121)
	        Index Cond: ((id >= 7370892) AND (id <= 7370991))

table 3 : explain SELECT c FROM sbtest3 WHERE id BETWEEN 4965185 AND 4965284 ORDER BY c
	Sort  (cost=406.42..406.68 rows=102 width=121)
	  Sort Key: c
	  ->  Index Scan using sbtest3_pkey on sbtest3  (cost=0.43..403.02 rows=102 width=121)
	        Index Cond: ((id >= 4965185) AND (id <= 4965284))

table 4 : explain SELECT c FROM sbtest4 WHERE id BETWEEN 1631335 AND 1631434 ORDER BY c
	Sort  (cost=420.04..420.30 rows=106 width=121)
	  Sort Key: c
	  ->  Index Scan using sbtest4_pkey on sbtest4  (cost=0.43..416.47 rows=106 width=121)
	        Index Cond: ((id >= 1631335) AND (id <= 1631434))

table 5 : explain SELECT c FROM sbtest5 WHERE id BETWEEN 2930404 AND 2930503 ORDER BY c
	Sort  (cost=371.41..371.64 rows=93 width=121)
	  Sort Key: c
	  ->  Index Scan using sbtest5_pkey on sbtest5  (cost=0.43..368.37 rows=93 width=121)
	        Index Cond: ((id >= 2930404) AND (id <= 2930503))

table 6 : explain SELECT c FROM sbtest6 WHERE id BETWEEN 6796137 AND 6796236 ORDER BY c
	Sort  (cost=418.44..418.70 rows=105 width=121)
	  Sort Key: c
	  ->  Index Scan using sbtest6_pkey on sbtest6  (cost=0.43..414.91 rows=105 width=121)
	        Index Cond: ((id >= 6796137) AND (id <= 6796236))

table 7 : explain SELECT c FROM sbtest7 WHERE id BETWEEN 7039930 AND 7040029 ORDER BY c
	Sort  (cost=393.81..394.06 rows=99 width=121)
	  Sort Key: c
	  ->  Index Scan using sbtest7_pkey on sbtest7  (cost=0.43..390.53 rows=99 width=121)
	        Index Cond: ((id >= 7039930) AND (id <= 7040029))

table 8 : explain SELECT c FROM sbtest8 WHERE id BETWEEN 5446052 AND 5446151 ORDER BY c
	Sort  (cost=449.48..449.76 rows=113 width=121)
	  Sort Key: c
	  ->  Index Scan using sbtest8_pkey on sbtest8  (cost=0.43..445.63 rows=113 width=121)
	        Index Cond: ((id >= 5446052) AND (id <= 5446151))

for point_selects
table 1 : explain SELECT c FROM sbtest1 WHERE id=2701681
	Index Scan using sbtest1_pkey on sbtest1  (cost=0.43..8.45 rows=1 width=121)
	  Index Cond: (id = 2701681)

table 2 : explain SELECT c FROM sbtest2 WHERE id=3357531
	Index Scan using sbtest2_pkey on sbtest2  (cost=0.43..8.45 rows=1 width=121)
	  Index Cond: (id = 3357531)

table 3 : explain SELECT c FROM sbtest3 WHERE id=1413139
	Index Scan using sbtest3_pkey on sbtest3  (cost=0.43..8.45 rows=1 width=121)
	  Index Cond: (id = 1413139)

table 4 : explain SELECT c FROM sbtest4 WHERE id=2628936
	Index Scan using sbtest4_pkey on sbtest4  (cost=0.43..8.45 rows=1 width=121)
	  Index Cond: (id = 2628936)

table 5 : explain SELECT c FROM sbtest5 WHERE id=6383685
	Index Scan using sbtest5_pkey on sbtest5  (cost=0.43..8.45 rows=1 width=121)
	  Index Cond: (id = 6383685)

table 6 : explain SELECT c FROM sbtest6 WHERE id=1014573
	Index Scan using sbtest6_pkey on sbtest6  (cost=0.43..8.45 rows=1 width=121)
	  Index Cond: (id = 1014573)

table 7 : explain SELECT c FROM sbtest7 WHERE id=9724391
	Index Scan using sbtest7_pkey on sbtest7  (cost=0.43..8.45 rows=1 width=121)
	  Index Cond: (id = 9724391)

table 8 : explain SELECT c FROM sbtest8 WHERE id=4526674
	Index Scan using sbtest8_pkey on sbtest8  (cost=0.43..8.45 rows=1 width=121)
	  Index Cond: (id = 4526674)
explain: for point_selects :: explain SELECT c FROM sbtest%u WHERE id=%u

for: simple_ranges
table 1 : explain SELECT c FROM sbtest1 WHERE id BETWEEN 98446 AND 98545
	Index Scan using sbtest1_pkey on sbtest1  (cost=0.43..400.40 rows=101 width=121)
	  Index Cond: ((id >= 98446) AND (id <= 98545))

table 2 : explain SELECT c FROM sbtest2 WHERE id BETWEEN 917960 AND 918059
	Index Scan using sbtest2_pkey on sbtest2  (cost=0.43..439.70 rows=111 width=121)
	  Index Cond: ((id >= 917960) AND (id <= 918059))

table 3 : explain SELECT c FROM sbtest3 WHERE id BETWEEN 4981899 AND 4981998
	Index Scan using sbtest3_pkey on sbtest3  (cost=0.43..403.02 rows=102 width=121)
	  Index Cond: ((id >= 4981899) AND (id <= 4981998))

table 4 : explain SELECT c FROM sbtest4 WHERE id BETWEEN 8344764 AND 8344863
	Index Scan using sbtest4_pkey on sbtest4  (cost=0.43..400.93 rows=102 width=121)
	  Index Cond: ((id >= 8344764) AND (id <= 8344863))

table 5 : explain SELECT c FROM sbtest5 WHERE id BETWEEN 3550374 AND 3550473
	Index Scan using sbtest5_pkey on sbtest5  (cost=0.43..352.69 rows=89 width=121)
	  Index Cond: ((id >= 3550374) AND (id <= 3550473))

table 6 : explain SELECT c FROM sbtest6 WHERE id BETWEEN 842457 AND 842556
	Index Scan using sbtest6_pkey on sbtest6  (cost=0.43..411.00 rows=104 width=121)
	  Index Cond: ((id >= 842457) AND (id <= 842556))

table 7 : explain SELECT c FROM sbtest7 WHERE id BETWEEN 5111883 AND 5111982
	Index Scan using sbtest7_pkey on sbtest7  (cost=0.43..382.73 rows=97 width=121)
	  Index Cond: ((id >= 5111883) AND (id <= 5111982))

table 8 : explain SELECT c FROM sbtest8 WHERE id BETWEEN 8061214 AND 8061313
	Index Scan using sbtest8_pkey on sbtest8  (cost=0.43..390.99 rows=99 width=121)
	  Index Cond: ((id >= 8061214) AND (id <= 8061313))

explain: for point_selects :: explain SELECT c FROM sbtest%u WHERE id=%u
for: distinct_ranges
table 1 : explain SELECT DISTINCT c FROM sbtest1 WHERE id BETWEEN 4964087 AND 4964186 ORDER BY c
	Unique  (cost=399.80..400.30 rows=100 width=121)
	  ->  Sort  (cost=399.80..400.05 rows=100 width=121)
	        Sort Key: c
	        ->  Index Scan using sbtest1_pkey on sbtest1  (cost=0.43..396.48 rows=100 width=121)
	              Index Cond: ((id >= 4964087) AND (id <= 4964186))

table 2 : explain SELECT DISTINCT c FROM sbtest2 WHERE id BETWEEN 8802778 AND 8802877 ORDER BY c
	Unique  (cost=427.63..428.16 rows=107 width=121)
	  ->  Sort  (cost=427.63..427.90 rows=107 width=121)
	        Sort Key: c
	        ->  Index Scan using sbtest2_pkey on sbtest2  (cost=0.43..424.02 rows=107 width=121)
	              Index Cond: ((id >= 8802778) AND (id <= 8802877))

table 3 : explain SELECT DISTINCT c FROM sbtest3 WHERE id BETWEEN 6243818 AND 6243917 ORDER BY c
	Unique  (cost=394.58..395.08 rows=99 width=121)
	  ->  Sort  (cost=394.58..394.83 rows=99 width=121)
	        Sort Key: c
	        ->  Index Scan using sbtest3_pkey on sbtest3  (cost=0.43..391.30 rows=99 width=121)
	              Index Cond: ((id >= 6243818) AND (id <= 6243917))

table 4 : explain SELECT DISTINCT c FROM sbtest4 WHERE id BETWEEN 8848161 AND 8848260 ORDER BY c
	Unique  (cost=361.16..361.62 rows=91 width=121)
	  ->  Sort  (cost=361.16..361.39 rows=91 width=121)
	        Sort Key: c
	        ->  Index Scan using sbtest4_pkey on sbtest4  (cost=0.43..358.20 rows=91 width=121)
	              Index Cond: ((id >= 8848161) AND (id <= 8848260))

table 5 : explain SELECT DISTINCT c FROM sbtest5 WHERE id BETWEEN 4148688 AND 4148787 ORDER BY c
	Unique  (cost=403.02..403.52 rows=101 width=121)
	  ->  Sort  (cost=403.02..403.27 rows=101 width=121)
	        Sort Key: c
	        ->  Index Scan using sbtest5_pkey on sbtest5  (cost=0.43..399.65 rows=101 width=121)
	              Index Cond: ((id >= 4148688) AND (id <= 4148787))

table 6 : explain SELECT DISTINCT c FROM sbtest6 WHERE id BETWEEN 6840641 AND 6840740 ORDER BY c
	Unique  (cost=367.12..367.58 rows=92 width=121)
	  ->  Sort  (cost=367.12..367.35 rows=92 width=121)
	        Sort Key: c
	        ->  Index Scan using sbtest6_pkey on sbtest6  (cost=0.43..364.11 rows=92 width=121)
	              Index Cond: ((id >= 6840641) AND (id <= 6840740))

table 7 : explain SELECT DISTINCT c FROM sbtest7 WHERE id BETWEEN 5676974 AND 5677073 ORDER BY c
	Unique  (cost=382.00..382.48 rows=96 width=121)
	  ->  Sort  (cost=382.00..382.24 rows=96 width=121)
	        Sort Key: c
	        ->  Index Scan using sbtest7_pkey on sbtest7  (cost=0.43..378.84 rows=96 width=121)
	              Index Cond: ((id >= 5676974) AND (id <= 5677073))

table 8 : explain SELECT DISTINCT c FROM sbtest8 WHERE id BETWEEN 4515079 AND 4515178 ORDER BY c
	Unique  (cost=378.50..378.98 rows=95 width=121)
	  ->  Sort  (cost=378.50..378.74 rows=95 width=121)
	        Sort Key: c
	        ->  Index Scan using sbtest8_pkey on sbtest8  (cost=0.43..375.38 rows=95 width=121)
	              Index Cond: ((id >= 4515079) AND (id <= 4515178))

for: simple_ranges
table 1 : explain SELECT c FROM sbtest1 WHERE id BETWEEN 4584945 AND 4585044
	Index Scan using sbtest1_pkey on sbtest1  (cost=0.43..400.40 rows=101 width=121)
	  Index Cond: ((id >= 4584945) AND (id <= 4585044))

table 2 : explain SELECT c FROM sbtest2 WHERE id BETWEEN 4871071 AND 4871170
	Index Scan using sbtest2_pkey on sbtest2  (cost=0.43..412.26 rows=104 width=121)
	  Index Cond: ((id >= 4871071) AND (id <= 4871170))

table 3 : explain SELECT c FROM sbtest3 WHERE id BETWEEN 9965880 AND 9965979
	Index Scan using sbtest3_pkey on sbtest3  (cost=0.43..418.64 rows=106 width=121)
	  Index Cond: ((id >= 9965880) AND (id <= 9965979))

table 4 : explain SELECT c FROM sbtest4 WHERE id BETWEEN 2932036 AND 2932135
	Index Scan using sbtest4_pkey on sbtest4  (cost=0.43..365.97 rows=93 width=121)
	  Index Cond: ((id >= 2932036) AND (id <= 2932135))

table 5 : explain SELECT c FROM sbtest5 WHERE id BETWEEN 5006912 AND 5007011
	Index Scan using sbtest5_pkey on sbtest5  (cost=0.43..376.19 rows=95 width=121)
	  Index Cond: ((id >= 5006912) AND (id <= 5007011))

table 6 : explain SELECT c FROM sbtest6 WHERE id BETWEEN 5937283 AND 5937382
	Index Scan using sbtest6_pkey on sbtest6  (cost=0.43..356.30 rows=90 width=121)
	  Index Cond: ((id >= 5937283) AND (id <= 5937382))

table 7 : explain SELECT c FROM sbtest7 WHERE id BETWEEN 1694677 AND 1694776
	Index Scan using sbtest7_pkey on sbtest7  (cost=0.43..382.73 rows=97 width=121)
	  Index Cond: ((id >= 1694677) AND (id <= 1694776))

table 8 : explain SELECT c FROM sbtest8 WHERE id BETWEEN 8928352 AND 8928451
	Index Scan using sbtest8_pkey on sbtest8  (cost=0.43..418.31 rows=106 width=121)
	  Index Cond: ((id >= 8928352) AND (id <= 8928451))

explain: for point_selects :: explain SELECT c FROM sbtest%u WHERE id=%u
for: order_ranges
table 1 : explain SELECT c FROM sbtest1 WHERE id BETWEEN 5034410 AND 5034509 ORDER BY c
	Sort  (cost=407.72..407.97 rows=102 width=121)
	  Sort Key: c
	  ->  Index Scan using sbtest1_pkey on sbtest1  (cost=0.43..404.32 rows=102 width=121)
	        Index Cond: ((id >= 5034410) AND (id <= 5034509))

table 2 : explain SELECT c FROM sbtest2 WHERE id BETWEEN 527528 AND 527627 ORDER BY c
	Sort  (cost=431.59..431.86 rows=108 width=121)
	  Sort Key: c
	  ->  Index Scan using sbtest2_pkey on sbtest2  (cost=0.43..427.94 rows=108 width=121)
	        Index Cond: ((id >= 527528) AND (id <= 527627))

table 3 : explain SELECT c FROM sbtest3 WHERE id BETWEEN 4209902 AND 4210001 ORDER BY c
	Sort  (cost=382.74..382.98 rows=96 width=121)
	  Sort Key: c
	  ->  Index Scan using sbtest3_pkey on sbtest3  (cost=0.43..379.58 rows=96 width=121)
	        Index Cond: ((id >= 4209902) AND (id <= 4210001))

table 4 : explain SELECT c FROM sbtest4 WHERE id BETWEEN 4361860 AND 4361959 ORDER BY c
	Sort  (cost=380.79..381.03 rows=96 width=121)
	  Sort Key: c
	  ->  Index Scan using sbtest4_pkey on sbtest4  (cost=0.43..377.62 rows=96 width=121)
	        Index Cond: ((id >= 4361860) AND (id <= 4361959))

table 5 : explain SELECT c FROM sbtest5 WHERE id BETWEEN 4017962 AND 4018061 ORDER BY c
	Sort  (cost=430.68..430.95 rows=108 width=121)
	  Sort Key: c
	  ->  Index Scan using sbtest5_pkey on sbtest5  (cost=0.43..427.03 rows=108 width=121)
	        Index Cond: ((id >= 4017962) AND (id <= 4018061))

table 6 : explain SELECT c FROM sbtest6 WHERE id BETWEEN 6625792 AND 6625891 ORDER BY c
	Sort  (cost=430.28..430.55 rows=108 width=121)
	  Sort Key: c
	  ->  Index Scan using sbtest6_pkey on sbtest6  (cost=0.43..426.63 rows=108 width=121)
	        Index Cond: ((id >= 6625792) AND (id <= 6625891))

table 7 : explain SELECT c FROM sbtest7 WHERE id BETWEEN 4724568 AND 4724667 ORDER BY c
	Sort  (cost=409.57..409.82 rows=103 width=121)
	  Sort Key: c
	  ->  Index Scan using sbtest7_pkey on sbtest7  (cost=0.43..406.12 rows=103 width=121)
	        Index Cond: ((id >= 4724568) AND (id <= 4724667))

table 8 : explain SELECT c FROM sbtest8 WHERE id BETWEEN 6382611 AND 6382710 ORDER BY c
	Sort  (cost=413.99..414.25 rows=104 width=121)
	  Sort Key: c
	  ->  Index Scan using sbtest8_pkey on sbtest8  (cost=0.43..410.50 rows=104 width=121)
	        Index Cond: ((id >= 6382611) AND (id <= 6382710))

explain: for point_selects :: explain SELECT c FROM sbtest%u WHERE id=%u
for: order_ranges
table 1 : explain SELECT c FROM sbtest1 WHERE id BETWEEN 1644126 AND 1644225 ORDER BY c
	Sort  (cost=423.56..423.82 rows=106 width=121)
	  Sort Key: c
	  ->  Index Scan using sbtest1_pkey on sbtest1  (cost=0.43..419.99 rows=106 width=121)
	        Index Cond: ((id >= 1644126) AND (id <= 1644225))

table 2 : explain SELECT c FROM sbtest2 WHERE id BETWEEN 6453962 AND 6454061 ORDER BY c
	Sort  (cost=368.20..368.43 rows=92 width=121)
	  Sort Key: c
	  ->  Index Scan using sbtest2_pkey on sbtest2  (cost=0.43..365.20 rows=92 width=121)
	        Index Cond: ((id >= 6453962) AND (id <= 6454061))

table 3 : explain SELECT c FROM sbtest3 WHERE id BETWEEN 342704 AND 342803 ORDER BY c
	Sort  (cost=402.47..402.73 rows=101 width=121)
	  Sort Key: c
	  ->  Index Scan using sbtest3_pkey on sbtest3  (cost=0.43..399.11 rows=101 width=121)
	        Index Cond: ((id >= 342704) AND (id <= 342803))

table 4 : explain SELECT c FROM sbtest4 WHERE id BETWEEN 3580078 AND 3580177 ORDER BY c
	Sort  (cost=380.79..381.03 rows=96 width=121)
	  Sort Key: c
	  ->  Index Scan using sbtest4_pkey on sbtest4  (cost=0.43..377.62 rows=96 width=121)
	        Index Cond: ((id >= 3580078) AND (id <= 3580177))

table 5 : explain SELECT c FROM sbtest5 WHERE id BETWEEN 9635765 AND 9635864 ORDER BY c
	Sort  (cost=403.02..403.27 rows=101 width=121)
	  Sort Key: c
	  ->  Index Scan using sbtest5_pkey on sbtest5  (cost=0.43..399.65 rows=101 width=121)
	        Index Cond: ((id >= 9635765) AND (id <= 9635864))

table 6 : explain SELECT c FROM sbtest6 WHERE id BETWEEN 5449335 AND 5449434 ORDER BY c
	Sort  (cost=386.85..387.09 rows=97 width=121)
	  Sort Key: c
	  ->  Index Scan using sbtest6_pkey on sbtest6  (cost=0.43..383.65 rows=97 width=121)
	        Index Cond: ((id >= 5449335) AND (id <= 5449434))

table 7 : explain SELECT c FROM sbtest7 WHERE id BETWEEN 2596700 AND 2596799 ORDER BY c
	Sort  (cost=378.06..378.30 rows=95 width=121)
	  Sort Key: c
	  ->  Index Scan using sbtest7_pkey on sbtest7  (cost=0.43..374.94 rows=95 width=121)
	        Index Cond: ((id >= 2596700) AND (id <= 2596799))

table 8 : explain SELECT c FROM sbtest8 WHERE id BETWEEN 3640468 AND 3640567 ORDER BY c
	Sort  (cost=358.79..359.02 rows=90 width=121)
	  Sort Key: c
	  ->  Index Scan using sbtest8_pkey on sbtest8  (cost=0.43..355.87 rows=90 width=121)
	        Index Cond: ((id >= 3640468) AND (id <= 3640567))

for: distinct_ranges
table 1 : explain SELECT DISTINCT c FROM sbtest1 WHERE id BETWEEN 1163939 AND 1164038 ORDER BY c
	Unique  (cost=407.72..408.23 rows=102 width=121)
	  ->  Sort  (cost=407.72..407.97 rows=102 width=121)
	        Sort Key: c
	        ->  Index Scan using sbtest1_pkey on sbtest1  (cost=0.43..404.32 rows=102 width=121)
	              Index Cond: ((id >= 1163939) AND (id <= 1164038))

table 2 : explain SELECT DISTINCT c FROM sbtest2 WHERE id BETWEEN 4096338 AND 4096437 ORDER BY c
	Unique  (cost=388.03..388.51 rows=97 width=121)
	  ->  Sort  (cost=388.03..388.27 rows=97 width=121)
	        Sort Key: c
	        ->  Index Scan using sbtest2_pkey on sbtest2  (cost=0.43..384.83 rows=97 width=121)
	              Index Cond: ((id >= 4096338) AND (id <= 4096437))

table 3 : explain SELECT DISTINCT c FROM sbtest3 WHERE id BETWEEN 405213 AND 405312 ORDER BY c
	Unique  (cost=382.74..383.22 rows=96 width=121)
	  ->  Sort  (cost=382.74..382.98 rows=96 width=121)
	        Sort Key: c
	        ->  Index Scan using sbtest3_pkey on sbtest3  (cost=0.43..379.58 rows=96 width=121)
	              Index Cond: ((id >= 405213) AND (id <= 405312))

table 4 : explain SELECT DISTINCT c FROM sbtest4 WHERE id BETWEEN 5114258 AND 5114357 ORDER BY c
	Unique  (cost=420.04..420.57 rows=106 width=121)
	  ->  Sort  (cost=420.04..420.30 rows=106 width=121)
	        Sort Key: c
	        ->  Index Scan using sbtest4_pkey on sbtest4  (cost=0.43..416.47 rows=106 width=121)
	              Index Cond: ((id >= 5114258) AND (id <= 5114357))

table 5 : explain SELECT DISTINCT c FROM sbtest5 WHERE id BETWEEN 3398258 AND 3398357 ORDER BY c
	Unique  (cost=399.07..399.57 rows=100 width=121)
	  ->  Sort  (cost=399.07..399.32 rows=100 width=121)
	        Sort Key: c
	        ->  Index Scan using sbtest5_pkey on sbtest5  (cost=0.43..395.74 rows=100 width=121)
	              Index Cond: ((id >= 3398258) AND (id <= 3398357))

table 6 : explain SELECT DISTINCT c FROM sbtest6 WHERE id BETWEEN 9958488 AND 9958587 ORDER BY c
	Unique  (cost=402.64..403.15 rows=101 width=121)
	  ->  Sort  (cost=402.64..402.90 rows=101 width=121)
	        Sort Key: c
	        ->  Index Scan using sbtest6_pkey on sbtest6  (cost=0.43..399.28 rows=101 width=121)
	              Index Cond: ((id >= 9958488) AND (id <= 9958587))

table 7 : explain SELECT DISTINCT c FROM sbtest7 WHERE id BETWEEN 8291107 AND 8291206 ORDER BY c
	Unique  (cost=362.31..362.76 rows=91 width=121)
	  ->  Sort  (cost=362.31..362.54 rows=91 width=121)
	        Sort Key: c
	        ->  Index Scan using sbtest7_pkey on sbtest7  (cost=0.43..359.35 rows=91 width=121)
	              Index Cond: ((id >= 8291107) AND (id <= 8291206))

table 8 : explain SELECT DISTINCT c FROM sbtest8 WHERE id BETWEEN 3516598 AND 3516697 ORDER BY c
	Unique  (cost=449.48..450.05 rows=113 width=121)
	  ->  Sort  (cost=449.48..449.76 rows=113 width=121)
	        Sort Key: c
	        ->  Index Scan using sbtest8_pkey on sbtest8  (cost=0.43..445.63 rows=113 width=121)
	              Index Cond: ((id >= 3516598) AND (id <= 3516697))

for: distinct_ranges
table 1 : explain SELECT DISTINCT c FROM sbtest1 WHERE id BETWEEN 6706629 AND 6706728 ORDER BY c
	Unique  (cost=391.88..392.37 rows=98 width=121)
	  ->  Sort  (cost=391.88..392.13 rows=98 width=121)
	        Sort Key: c
	        ->  Index Scan using sbtest1_pkey on sbtest1  (cost=0.43..388.64 rows=98 width=121)
	              Index Cond: ((id >= 6706629) AND (id <= 6706728))

table 2 : explain SELECT DISTINCT c FROM sbtest2 WHERE id BETWEEN 1145109 AND 1145208 ORDER BY c
	Unique  (cost=388.03..388.51 rows=97 width=121)
	  ->  Sort  (cost=388.03..388.27 rows=97 width=121)
	        Sort Key: c
	        ->  Index Scan using sbtest2_pkey on sbtest2  (cost=0.43..384.83 rows=97 width=121)
	              Index Cond: ((id >= 1145109) AND (id <= 1145208))

table 3 : explain SELECT DISTINCT c FROM sbtest3 WHERE id BETWEEN 1031361 AND 1031460 ORDER BY c
	Unique  (cost=437.99..438.54 rows=110 width=121)
	  ->  Sort  (cost=437.99..438.27 rows=110 width=121)
	        Sort Key: c
	        ->  Index Scan using sbtest3_pkey on sbtest3  (cost=0.43..434.26 rows=110 width=121)
	              Index Cond: ((id >= 1031361) AND (id <= 1031460))

table 4 : explain SELECT DISTINCT c FROM sbtest4 WHERE id BETWEEN 470574 AND 470673 ORDER BY c
	Unique  (cost=376.86..377.34 rows=95 width=121)
	  ->  Sort  (cost=376.86..377.10 rows=95 width=121)
	        Sort Key: c
	        ->  Index Scan using sbtest4_pkey on sbtest4  (cost=0.43..373.74 rows=95 width=121)
	              Index Cond: ((id >= 470574) AND (id <= 470673))

table 5 : explain SELECT DISTINCT c FROM sbtest5 WHERE id BETWEEN 6416603 AND 6416702 ORDER BY c
	Unique  (cost=430.68..431.22 rows=108 width=121)
	  ->  Sort  (cost=430.68..430.95 rows=108 width=121)
	        Sort Key: c
	        ->  Index Scan using sbtest5_pkey on sbtest5  (cost=0.43..427.03 rows=108 width=121)
	              Index Cond: ((id >= 6416603) AND (id <= 6416702))

table 6 : explain SELECT DISTINCT c FROM sbtest6 WHERE id BETWEEN 6559584 AND 6559683 ORDER BY c
	Unique  (cost=430.28..430.82 rows=108 width=121)
	  ->  Sort  (cost=430.28..430.55 rows=108 width=121)
	        Sort Key: c
	        ->  Index Scan using sbtest6_pkey on sbtest6  (cost=0.43..426.63 rows=108 width=121)
	              Index Cond: ((id >= 6559584) AND (id <= 6559683))

table 7 : explain SELECT DISTINCT c FROM sbtest7 WHERE id BETWEEN 7007743 AND 7007842 ORDER BY c
	Unique  (cost=393.81..394.31 rows=99 width=121)
	  ->  Sort  (cost=393.81..394.06 rows=99 width=121)
	        Sort Key: c
	        ->  Index Scan using sbtest7_pkey on sbtest7  (cost=0.43..390.53 rows=99 width=121)
	              Index Cond: ((id >= 7007743) AND (id <= 7007842))

table 8 : explain SELECT DISTINCT c FROM sbtest8 WHERE id BETWEEN 6777400 AND 6777499 ORDER BY c
	Unique  (cost=398.22..398.72 rows=100 width=121)
	  ->  Sort  (cost=398.22..398.47 rows=100 width=121)
	        Sort Key: c
	        ->  Index Scan using sbtest8_pkey on sbtest8  (cost=0.43..394.89 rows=100 width=121)
	              Index Cond: ((id >= 6777400) AND (id <= 6777499))
for: simple_ranges
table 1 : explain SELECT c FROM sbtest1 WHERE id BETWEEN 1832983 AND 1833082
	Index Scan using sbtest1_pkey on sbtest1  (cost=0.43..400.40 rows=101 width=121)
	  Index Cond: ((id >= 1832983) AND (id <= 1833082))

table 2 : explain SELECT c FROM sbtest2 WHERE id BETWEEN 7884275 AND 7884374
	Index Scan using sbtest2_pkey on sbtest2  (cost=0.43..388.75 rows=98 width=121)
	  Index Cond: ((id >= 7884275) AND (id <= 7884374))

table 3 : explain SELECT c FROM sbtest3 WHERE id BETWEEN 2174947 AND 2175046
	Index Scan using sbtest3_pkey on sbtest3  (cost=0.43..379.58 rows=96 width=121)
	  Index Cond: ((id >= 2174947) AND (id <= 2175046))

table 4 : explain SELECT c FROM sbtest4 WHERE id BETWEEN 5045039 AND 5045138
	Index Scan using sbtest4_pkey on sbtest4  (cost=0.43..416.47 rows=106 width=121)
	  Index Cond: ((id >= 5045039) AND (id <= 5045138))

table 5 : explain SELECT c FROM sbtest5 WHERE id BETWEEN 5916476 AND 5916575
	Index Scan using sbtest5_pkey on sbtest5  (cost=0.43..384.01 rows=97 width=121)
	  Index Cond: ((id >= 5916476) AND (id <= 5916575))

table 6 : explain SELECT c FROM sbtest6 WHERE id BETWEEN 7814038 AND 7814137
	Index Scan using sbtest6_pkey on sbtest6  (cost=0.43..387.56 rows=98 width=121)
	  Index Cond: ((id >= 7814038) AND (id <= 7814137))

table 7 : explain SELECT c FROM sbtest7 WHERE id BETWEEN 8429784 AND 8429883
	Index Scan using sbtest7_pkey on sbtest7  (cost=0.43..367.14 rows=93 width=121)
	  Index Cond: ((id >= 8429784) AND (id <= 8429883))

table 8 : explain SELECT c FROM sbtest8 WHERE id BETWEEN 4520753 AND 4520852
	Index Scan using sbtest8_pkey on sbtest8  (cost=0.43..375.38 rows=95 width=121)
	  Index Cond: ((id >= 4520753) AND (id <= 4520852))


for point_selects
table 1 : explain SELECT c FROM sbtest1 WHERE id=7514509
	Index Scan using sbtest1_pkey on sbtest1  (cost=0.43..8.45 rows=1 width=121)
	  Index Cond: (id = 7514509)

table 2 : explain SELECT c FROM sbtest2 WHERE id=6833393
	Index Scan using sbtest2_pkey on sbtest2  (cost=0.43..8.45 rows=1 width=121)
	  Index Cond: (id = 6833393)

table 3 : explain SELECT c FROM sbtest3 WHERE id=3696592
	Index Scan using sbtest3_pkey on sbtest3  (cost=0.43..8.45 rows=1 width=121)
	  Index Cond: (id = 3696592)

table 4 : explain SELECT c FROM sbtest4 WHERE id=6117853
	Index Scan using sbtest4_pkey on sbtest4  (cost=0.43..8.45 rows=1 width=121)
	  Index Cond: (id = 6117853)

table 5 : explain SELECT c FROM sbtest5 WHERE id=8545040
	Index Scan using sbtest5_pkey on sbtest5  (cost=0.43..8.45 rows=1 width=121)
	  Index Cond: (id = 8545040)

table 6 : explain SELECT c FROM sbtest6 WHERE id=3325557
	Index Scan using sbtest6_pkey on sbtest6  (cost=0.43..8.45 rows=1 width=121)
	  Index Cond: (id = 3325557)

table 7 : explain SELECT c FROM sbtest7 WHERE id=4119415
	Index Scan using sbtest7_pkey on sbtest7  (cost=0.43..8.45 rows=1 width=121)
	  Index Cond: (id = 4119415)

table 8 : explain SELECT c FROM sbtest8 WHERE id=3014351
	Index Scan using sbtest8_pkey on sbtest8  (cost=0.43..8.45 rows=1 width=121)
	  Index Cond: (id = 3014351)

for: sum_ranges
table 1 : explain SELECT SUM(k) FROM sbtest1 WHERE id BETWEEN 2369020 AND 2369119
	Aggregate  (cost=349.65..349.66 rows=1 width=8)
	  ->  Index Scan using sbtest1_pkey on sbtest1  (cost=0.43..349.43 rows=88 width=4)
	        Index Cond: ((id >= 2369020) AND (id <= 2369119))

table 2 : explain SELECT SUM(k) FROM sbtest2 WHERE id BETWEEN 3884654 AND 3884753
	Aggregate  (cost=396.83..396.84 rows=1 width=8)
	  ->  Index Scan using sbtest2_pkey on sbtest2  (cost=0.43..396.58 rows=100 width=4)
	        Index Cond: ((id >= 3884654) AND (id <= 3884753))

table 3 : explain SELECT SUM(k) FROM sbtest3 WHERE id BETWEEN 7814312 AND 7814411
	Aggregate  (cost=407.18..407.19 rows=1 width=8)
	  ->  Index Scan using sbtest3_pkey on sbtest3  (cost=0.43..406.92 rows=103 width=4)
	        Index Cond: ((id >= 7814312) AND (id <= 7814411))

table 4 : explain SELECT SUM(k) FROM sbtest4 WHERE id BETWEEN 7643313 AND 7643412
	Aggregate  (cost=416.74..416.75 rows=1 width=8)
	  ->  Index Scan using sbtest4_pkey on sbtest4  (cost=0.43..416.47 rows=106 width=4)
	        Index Cond: ((id >= 7643313) AND (id <= 7643412))

table 5 : explain SELECT SUM(k) FROM sbtest5 WHERE id BETWEEN 319522 AND 319621
	Aggregate  (cost=399.91..399.92 rows=1 width=8)
	  ->  Index Scan using sbtest5_pkey on sbtest5  (cost=0.43..399.65 rows=101 width=4)
	        Index Cond: ((id >= 319522) AND (id <= 319621))

table 6 : explain SELECT SUM(k) FROM sbtest6 WHERE id BETWEEN 1946111 AND 1946210
	Aggregate  (cost=387.80..387.81 rows=1 width=8)
	  ->  Index Scan using sbtest6_pkey on sbtest6  (cost=0.43..387.56 rows=98 width=4)
	        Index Cond: ((id >= 1946111) AND (id <= 1946210))

table 7 : explain SELECT SUM(k) FROM sbtest7 WHERE id BETWEEN 3860307 AND 3860406
	Aggregate  (cost=398.58..398.59 rows=1 width=8)
	  ->  Index Scan using sbtest7_pkey on sbtest7  (cost=0.43..398.33 rows=101 width=4)
	        Index Cond: ((id >= 3860307) AND (id <= 3860406))

table 8 : explain SELECT SUM(k) FROM sbtest8 WHERE id BETWEEN 5225189 AND 5225288
	Aggregate  (cost=363.90..363.91 rows=1 width=8)
	  ->  Index Scan using sbtest8_pkey on sbtest8  (cost=0.43..363.67 rows=92 width=4)
	        Index Cond: ((id >= 5225189) AND (id <= 5225288))

for: sum_ranges
table 1 : explain SELECT SUM(k) FROM sbtest1 WHERE id BETWEEN 4832766 AND 4832865
	Aggregate  (cost=404.57..404.58 rows=1 width=8)
	  ->  Index Scan using sbtest1_pkey on sbtest1  (cost=0.43..404.32 rows=102 width=4)
	        Index Cond: ((id >= 4832766) AND (id <= 4832865))

table 2 : explain SELECT SUM(k) FROM sbtest2 WHERE id BETWEEN 6355732 AND 6355831
	Aggregate  (cost=385.07..385.08 rows=1 width=8)
	  ->  Index Scan using sbtest2_pkey on sbtest2  (cost=0.43..384.83 rows=97 width=4)
	        Index Cond: ((id >= 6355732) AND (id <= 6355831))

table 3 : explain SELECT SUM(k) FROM sbtest3 WHERE id BETWEEN 1732821 AND 1732920
	Aggregate  (cost=434.54..434.55 rows=1 width=8)
	  ->  Index Scan using sbtest3_pkey on sbtest3  (cost=0.43..434.26 rows=110 width=4)
	        Index Cond: ((id >= 1732821) AND (id <= 1732920))

table 4 : explain SELECT SUM(k) FROM sbtest4 WHERE id BETWEEN 2622834 AND 2622933
	Aggregate  (cost=354.54..354.55 rows=1 width=8)
	  ->  Index Scan using sbtest4_pkey on sbtest4  (cost=0.43..354.32 rows=90 width=4)
	        Index Cond: ((id >= 2622834) AND (id <= 2622933))

table 5 : explain SELECT SUM(k) FROM sbtest5 WHERE id BETWEEN 5092284 AND 5092383
	Aggregate  (cost=376.42..376.43 rows=1 width=8)
	  ->  Index Scan using sbtest5_pkey on sbtest5  (cost=0.43..376.19 rows=95 width=4)
	        Index Cond: ((id >= 5092284) AND (id <= 5092383))

table 6 : explain SELECT SUM(k) FROM sbtest6 WHERE id BETWEEN 998525 AND 998624
	Aggregate  (cost=411.26..411.27 rows=1 width=8)
	  ->  Index Scan using sbtest6_pkey on sbtest6  (cost=0.43..411.00 rows=104 width=4)
	        Index Cond: ((id >= 998525) AND (id <= 998624))

table 7 : explain SELECT SUM(k) FROM sbtest7 WHERE id BETWEEN 9204317 AND 9204416
	Aggregate  (cost=414.18..414.19 rows=1 width=8)
	  ->  Index Scan using sbtest7_pkey on sbtest7  (cost=0.43..413.92 rows=105 width=4)
	        Index Cond: ((id >= 9204317) AND (id <= 9204416))

table 8 : explain SELECT SUM(k) FROM sbtest8 WHERE id BETWEEN 7671379 AND 7671478
	Aggregate  (cost=379.52..379.53 rows=1 width=8)
	  ->  Index Scan using sbtest8_pkey on sbtest8  (cost=0.43..379.28 rows=96 width=4)
	        Index Cond: ((id >= 7671379) AND (id <= 7671478))

explain: for point_selects :: explain SELECT c FROM sbtest%u WHERE id=%u
for: order_ranges
table 1 : explain SELECT c FROM sbtest1 WHERE id BETWEEN 7059400 AND 7059499 ORDER BY c
	Sort  (cost=423.56..423.82 rows=106 width=121)
	  Sort Key: c
	  ->  Index Scan using sbtest1_pkey on sbtest1  (cost=0.43..419.99 rows=106 width=121)
	        Index Cond: ((id >= 7059400) AND (id <= 7059499))

table 2 : explain SELECT c FROM sbtest2 WHERE id BETWEEN 893394 AND 893493 ORDER BY c
	Sort  (cost=372.19..372.42 rows=93 width=121)
	  Sort Key: c
	  ->  Index Scan using sbtest2_pkey on sbtest2  (cost=0.43..369.15 rows=93 width=121)
	        Index Cond: ((id >= 893394) AND (id <= 893493))

table 3 : explain SELECT c FROM sbtest3 WHERE id BETWEEN 9403016 AND 9403115 ORDER BY c
	Sort  (cost=390.64..390.88 rows=98 width=121)
	  Sort Key: c
	  ->  Index Scan using sbtest3_pkey on sbtest3  (cost=0.43..387.39 rows=98 width=121)
	        Index Cond: ((id >= 9403016) AND (id <= 9403115))

table 4 : explain SELECT c FROM sbtest4 WHERE id BETWEEN 3478680 AND 3478779 ORDER BY c
	Sort  (cost=376.86..377.10 rows=95 width=121)
	  Sort Key: c
	  ->  Index Scan using sbtest4_pkey on sbtest4  (cost=0.43..373.74 rows=95 width=121)
	        Index Cond: ((id >= 3478680) AND (id <= 3478779))

table 5 : explain SELECT c FROM sbtest5 WHERE id BETWEEN 9081337 AND 9081436 ORDER BY c
	Sort  (cost=410.92..411.18 rows=103 width=121)
	  Sort Key: c
	  ->  Index Scan using sbtest5_pkey on sbtest5  (cost=0.43..407.48 rows=103 width=121)
	        Index Cond: ((id >= 9081337) AND (id <= 9081436))

table 6 : explain SELECT c FROM sbtest6 WHERE id BETWEEN 5779626 AND 5779725 ORDER BY c
	Sort  (cost=375.01..375.24 rows=94 width=121)
	  Sort Key: c
	  ->  Index Scan using sbtest6_pkey on sbtest6  (cost=0.43..371.93 rows=94 width=121)
	        Index Cond: ((id >= 5779626) AND (id <= 5779725))

table 7 : explain SELECT c FROM sbtest7 WHERE id BETWEEN 6303556 AND 6303655 ORDER BY c
	Sort  (cost=378.06..378.30 rows=95 width=121)
	  Sort Key: c
	  ->  Index Scan using sbtest7_pkey on sbtest7  (cost=0.43..374.94 rows=95 width=121)
	        Index Cond: ((id >= 6303556) AND (id <= 6303655))

table 8 : explain SELECT c FROM sbtest8 WHERE id BETWEEN 45093 AND 45192 ORDER BY c
	Sort  (cost=449.48..449.76 rows=113 width=121)
	  Sort Key: c
	  ->  Index Scan using sbtest8_pkey on sbtest8  (cost=0.43..445.63 rows=113 width=121)
	        Index Cond: ((id >= 45093) AND (id <= 45192))

for: distinct_ranges
table 1 : explain SELECT DISTINCT c FROM sbtest1 WHERE id BETWEEN 3090429 AND 3090528 ORDER BY c
	Unique  (cost=403.76..404.26 rows=101 width=121)
	  ->  Sort  (cost=403.76..404.01 rows=101 width=121)
	        Sort Key: c
	        ->  Index Scan using sbtest1_pkey on sbtest1  (cost=0.43..400.40 rows=101 width=121)
	              Index Cond: ((id >= 3090429) AND (id <= 3090528))

table 2 : explain SELECT DISTINCT c FROM sbtest2 WHERE id BETWEEN 6483477 AND 6483576 ORDER BY c
	Unique  (cost=368.20..368.66 rows=92 width=121)
	  ->  Sort  (cost=368.20..368.43 rows=92 width=121)
	        Sort Key: c
	        ->  Index Scan using sbtest2_pkey on sbtest2  (cost=0.43..365.20 rows=92 width=121)
	              Index Cond: ((id >= 6483477) AND (id <= 6483576))

table 3 : explain SELECT DISTINCT c FROM sbtest3 WHERE id BETWEEN 35552 AND 35651 ORDER BY c
	Unique  (cost=418.26..418.78 rows=105 width=121)
	  ->  Sort  (cost=418.26..418.52 rows=105 width=121)
	        Sort Key: c
	        ->  Index Scan using sbtest3_pkey on sbtest3  (cost=0.43..414.73 rows=105 width=121)
	              Index Cond: ((id >= 35552) AND (id <= 35651))

table 4 : explain SELECT DISTINCT c FROM sbtest4 WHERE id BETWEEN 3733019 AND 3733118 ORDER BY c
	Unique  (cost=420.04..420.57 rows=106 width=121)
	  ->  Sort  (cost=420.04..420.30 rows=106 width=121)
	        Sort Key: c
	        ->  Index Scan using sbtest4_pkey on sbtest4  (cost=0.43..416.47 rows=106 width=121)
	              Index Cond: ((id >= 3733019) AND (id <= 3733118))

table 5 : explain SELECT DISTINCT c FROM sbtest5 WHERE id BETWEEN 8721348 AND 8721447 ORDER BY c
	Unique  (cost=391.16..391.65 rows=98 width=121)
	  ->  Sort  (cost=391.16..391.41 rows=98 width=121)
	        Sort Key: c
	        ->  Index Scan using sbtest5_pkey on sbtest5  (cost=0.43..387.92 rows=98 width=121)
	              Index Cond: ((id >= 8721348) AND (id <= 8721447))

table 6 : explain SELECT DISTINCT c FROM sbtest6 WHERE id BETWEEN 8465725 AND 8465824 ORDER BY c
	Unique  (cost=394.75..395.24 rows=99 width=121)
	  ->  Sort  (cost=394.75..395.00 rows=99 width=121)
	        Sort Key: c
	        ->  Index Scan using sbtest6_pkey on sbtest6  (cost=0.43..391.47 rows=99 width=121)
	              Index Cond: ((id >= 8465725) AND (id <= 8465824))

table 7 : explain SELECT DISTINCT c FROM sbtest7 WHERE id BETWEEN 9582463 AND 9582562 ORDER BY c
	Unique  (cost=362.31..362.76 rows=91 width=121)
	  ->  Sort  (cost=362.31..362.54 rows=91 width=121)
	        Sort Key: c
	        ->  Index Scan using sbtest7_pkey on sbtest7  (cost=0.43..359.35 rows=91 width=121)
	              Index Cond: ((id >= 9582463) AND (id <= 9582562))

table 8 : explain SELECT DISTINCT c FROM sbtest8 WHERE id BETWEEN 4398966 AND 4399065 ORDER BY c
	Unique  (cost=406.10..406.61 rows=102 width=121)
	  ->  Sort  (cost=406.10..406.36 rows=102 width=121)
	        Sort Key: c
	        ->  Index Scan using sbtest8_pkey on sbtest8  (cost=0.43..402.70 rows=102 width=121)
	              Index Cond: ((id >= 4398966) AND (id <= 4399065))

for point_selects
table 1 : explain SELECT c FROM sbtest1 WHERE id=1183926
	Index Scan using sbtest1_pkey on sbtest1  (cost=0.43..8.45 rows=1 width=121)
	  Index Cond: (id = 1183926)

table 2 : explain SELECT c FROM sbtest2 WHERE id=8726483
	Index Scan using sbtest2_pkey on sbtest2  (cost=0.43..8.45 rows=1 width=121)
	  Index Cond: (id = 8726483)

table 3 : explain SELECT c FROM sbtest3 WHERE id=8704663
	Index Scan using sbtest3_pkey on sbtest3  (cost=0.43..8.45 rows=1 width=121)
	  Index Cond: (id = 8704663)

table 4 : explain SELECT c FROM sbtest4 WHERE id=626157
	Index Scan using sbtest4_pkey on sbtest4  (cost=0.43..8.45 rows=1 width=121)
	  Index Cond: (id = 626157)

table 5 : explain SELECT c FROM sbtest5 WHERE id=1773629
	Index Scan using sbtest5_pkey on sbtest5  (cost=0.43..8.45 rows=1 width=121)
	  Index Cond: (id = 1773629)

table 6 : explain SELECT c FROM sbtest6 WHERE id=9398891
	Index Scan using sbtest6_pkey on sbtest6  (cost=0.43..8.45 rows=1 width=121)
	  Index Cond: (id = 9398891)

table 7 : explain SELECT c FROM sbtest7 WHERE id=9706534
	Index Scan using sbtest7_pkey on sbtest7  (cost=0.43..8.45 rows=1 width=121)
	  Index Cond: (id = 9706534)

table 8 : explain SELECT c FROM sbtest8 WHERE id=9103180
	Index Scan using sbtest8_pkey on sbtest8  (cost=0.43..8.45 rows=1 width=121)
	  Index Cond: (id = 9103180)

for: distinct_ranges
table 1 : explain SELECT DISTINCT c FROM sbtest1 WHERE id BETWEEN 9247665 AND 9247764 ORDER BY c
	Unique  (cost=451.27..451.84 rows=113 width=121)
	  ->  Sort  (cost=451.27..451.56 rows=113 width=121)
	        Sort Key: c
	        ->  Index Scan using sbtest1_pkey on sbtest1  (cost=0.43..447.42 rows=113 width=121)
	              Index Cond: ((id >= 9247665) AND (id <= 9247764))

table 2 : explain SELECT DISTINCT c FROM sbtest2 WHERE id BETWEEN 8195023 AND 8195122 ORDER BY c
	Unique  (cost=419.71..420.23 rows=105 width=121)
	  ->  Sort  (cost=419.71..419.97 rows=105 width=121)
	        Sort Key: c
	        ->  Index Scan using sbtest2_pkey on sbtest2  (cost=0.43..416.18 rows=105 width=121)
	              Index Cond: ((id >= 8195023) AND (id <= 8195122))

table 3 : explain SELECT DISTINCT c FROM sbtest3 WHERE id BETWEEN 6916382 AND 6916481 ORDER BY c
	Unique  (cost=370.88..371.34 rows=93 width=121)
	  ->  Sort  (cost=370.88..371.11 rows=93 width=121)
	        Sort Key: c
	        ->  Index Scan using sbtest3_pkey on sbtest3  (cost=0.43..367.84 rows=93 width=121)
	              Index Cond: ((id >= 6916382) AND (id <= 6916481))

table 4 : explain SELECT DISTINCT c FROM sbtest4 WHERE id BETWEEN 5674097 AND 5674196 ORDER BY c
	Unique  (cost=408.26..408.78 rows=103 width=121)
	  ->  Sort  (cost=408.26..408.52 rows=103 width=121)
	        Sort Key: c
	        ->  Index Scan using sbtest4_pkey on sbtest4  (cost=0.43..404.82 rows=103 width=121)
	              Index Cond: ((id >= 5674097) AND (id <= 5674196))

table 5 : explain SELECT DISTINCT c FROM sbtest5 WHERE id BETWEEN 1752660 AND 1752759 ORDER BY c
	Unique  (cost=399.07..399.57 rows=100 width=121)
	  ->  Sort  (cost=399.07..399.32 rows=100 width=121)
	        Sort Key: c
	        ->  Index Scan using sbtest5_pkey on sbtest5  (cost=0.43..395.74 rows=100 width=121)
	              Index Cond: ((id >= 1752660) AND (id <= 1752759))

table 6 : explain SELECT DISTINCT c FROM sbtest6 WHERE id BETWEEN 3375061 AND 3375160 ORDER BY c
	Unique  (cost=386.85..387.34 rows=97 width=121)
	  ->  Sort  (cost=386.85..387.09 rows=97 width=121)
	        Sort Key: c
	        ->  Index Scan using sbtest6_pkey on sbtest6  (cost=0.43..383.65 rows=97 width=121)
	              Index Cond: ((id >= 3375061) AND (id <= 3375160))

table 7 : explain SELECT DISTINCT c FROM sbtest7 WHERE id BETWEEN 9926200 AND 9926299 ORDER BY c
	Unique  (cost=397.75..398.25 rows=100 width=121)
	  ->  Sort  (cost=397.75..398.00 rows=100 width=121)
	        Sort Key: c
	        ->  Index Scan using sbtest7_pkey on sbtest7  (cost=0.43..394.43 rows=100 width=121)
	              Index Cond: ((id >= 9926200) AND (id <= 9926299))

table 8 : explain SELECT DISTINCT c FROM sbtest8 WHERE id BETWEEN 141647 AND 141746 ORDER BY c
	Unique  (cost=362.73..363.19 rows=91 width=121)
	  ->  Sort  (cost=362.73..362.96 rows=91 width=121)
	        Sort Key: c
	        ->  Index Scan using sbtest8_pkey on sbtest8  (cost=0.43..359.77 rows=91 width=121)
	              Index Cond: ((id >= 141647) AND (id <= 141746))

for: sum_ranges
table 1 : explain SELECT SUM(k) FROM sbtest1 WHERE id BETWEEN 7409501 AND 7409600
	Aggregate  (cost=353.57..353.58 rows=1 width=8)
	  ->  Index Scan using sbtest1_pkey on sbtest1  (cost=0.43..353.35 rows=89 width=4)
	        Index Cond: ((id >= 7409501) AND (id <= 7409600))

table 2 : explain SELECT SUM(k) FROM sbtest2 WHERE id BETWEEN 4735692 AND 4735791
	Aggregate  (cost=412.52..412.53 rows=1 width=8)
	  ->  Index Scan using sbtest2_pkey on sbtest2  (cost=0.43..412.26 rows=104 width=4)
	        Index Cond: ((id >= 4735692) AND (id <= 4735791))

table 3 : explain SELECT SUM(k) FROM sbtest3 WHERE id BETWEEN 6614436 AND 6614535
	Aggregate  (cost=430.63..430.64 rows=1 width=8)
	  ->  Index Scan using sbtest3_pkey on sbtest3  (cost=0.43..430.36 rows=109 width=4)
	        Index Cond: ((id >= 6614436) AND (id <= 6614535))

table 4 : explain SELECT SUM(k) FROM sbtest4 WHERE id BETWEEN 9006747 AND 9006846
	Aggregate  (cost=405.08..405.09 rows=1 width=8)
	  ->  Index Scan using sbtest4_pkey on sbtest4  (cost=0.43..404.82 rows=103 width=4)
	        Index Cond: ((id >= 9006747) AND (id <= 9006846))

table 5 : explain SELECT SUM(k) FROM sbtest5 WHERE id BETWEEN 7558746 AND 7558845
	Aggregate  (cost=360.77..360.78 rows=1 width=8)
	  ->  Index Scan using sbtest5_pkey on sbtest5  (cost=0.43..360.54 rows=91 width=4)
	        Index Cond: ((id >= 7558746) AND (id <= 7558845))

table 6 : explain SELECT SUM(k) FROM sbtest6 WHERE id BETWEEN 1739849 AND 1739948
	Aggregate  (cost=387.80..387.81 rows=1 width=8)
	  ->  Index Scan using sbtest6_pkey on sbtest6  (cost=0.43..387.56 rows=98 width=4)
	        Index Cond: ((id >= 1739849) AND (id <= 1739948))

table 7 : explain SELECT SUM(k) FROM sbtest7 WHERE id BETWEEN 1350043 AND 1350142
	Aggregate  (cost=394.68..394.69 rows=1 width=8)
	  ->  Index Scan using sbtest7_pkey on sbtest7  (cost=0.43..394.43 rows=100 width=4)
	        Index Cond: ((id >= 1350043) AND (id <= 1350142))

table 8 : explain SELECT SUM(k) FROM sbtest8 WHERE id BETWEEN 7287326 AND 7287425
	Aggregate  (cost=422.48..422.49 rows=1 width=8)
	  ->  Index Scan using sbtest8_pkey on sbtest8  (cost=0.43..422.21 rows=107 width=4)
	        Index Cond: ((id >= 7287326) AND (id <= 7287425))

for point_selects
table 1 : explain SELECT c FROM sbtest1 WHERE id=7337501
	Index Scan using sbtest1_pkey on sbtest1  (cost=0.43..8.45 rows=1 width=121)
	  Index Cond: (id = 7337501)

table 2 : explain SELECT c FROM sbtest2 WHERE id=1944283
	Index Scan using sbtest2_pkey on sbtest2  (cost=0.43..8.45 rows=1 width=121)
	  Index Cond: (id = 1944283)

table 3 : explain SELECT c FROM sbtest3 WHERE id=435619
	Index Scan using sbtest3_pkey on sbtest3  (cost=0.43..8.45 rows=1 width=121)
	  Index Cond: (id = 435619)

table 4 : explain SELECT c FROM sbtest4 WHERE id=4902435
	Index Scan using sbtest4_pkey on sbtest4  (cost=0.43..8.45 rows=1 width=121)
	  Index Cond: (id = 4902435)

table 5 : explain SELECT c FROM sbtest5 WHERE id=3820779
	Index Scan using sbtest5_pkey on sbtest5  (cost=0.43..8.45 rows=1 width=121)
	  Index Cond: (id = 3820779)

table 6 : explain SELECT c FROM sbtest6 WHERE id=5154835
	Index Scan using sbtest6_pkey on sbtest6  (cost=0.43..8.45 rows=1 width=121)
	  Index Cond: (id = 5154835)

table 7 : explain SELECT c FROM sbtest7 WHERE id=9644635
	Index Scan using sbtest7_pkey on sbtest7  (cost=0.43..8.45 rows=1 width=121)
	  Index Cond: (id = 9644635)

table 8 : explain SELECT c FROM sbtest8 WHERE id=7172474
	Index Scan using sbtest8_pkey on sbtest8  (cost=0.43..8.45 rows=1 width=121)
	  Index Cond: (id = 7172474)

for: order_ranges
table 1 : explain SELECT c FROM sbtest1 WHERE id BETWEEN 197465 AND 197564 ORDER BY c
	Sort  (cost=368.10..368.33 rows=92 width=121)
	  Sort Key: c
	  ->  Index Scan using sbtest1_pkey on sbtest1  (cost=0.43..365.10 rows=92 width=121)
	        Index Cond: ((id >= 197465) AND (id <= 197564))

table 2 : explain SELECT c FROM sbtest2 WHERE id BETWEEN 9460356 AND 9460455 ORDER BY c
	Sort  (cost=356.32..356.55 rows=89 width=121)
	  Sort Key: c
	  ->  Index Scan using sbtest2_pkey on sbtest2  (cost=0.43..353.44 rows=89 width=121)
	        Index Cond: ((id >= 9460356) AND (id <= 9460455))

table 3 : explain SELECT c FROM sbtest3 WHERE id BETWEEN 7559942 AND 7560041 ORDER BY c
	Sort  (cost=410.37..410.62 rows=103 width=121)
	  Sort Key: c
	  ->  Index Scan using sbtest3_pkey on sbtest3  (cost=0.43..406.92 rows=103 width=121)
	        Index Cond: ((id >= 7559942) AND (id <= 7560041))

table 4 : explain SELECT c FROM sbtest4 WHERE id BETWEEN 5086484 AND 5086583 ORDER BY c
	Sort  (cost=420.04..420.30 rows=106 width=121)
	  Sort Key: c
	  ->  Index Scan using sbtest4_pkey on sbtest4  (cost=0.43..416.47 rows=106 width=121)
	        Index Cond: ((id >= 5086484) AND (id <= 5086583))

table 5 : explain SELECT c FROM sbtest5 WHERE id BETWEEN 3063667 AND 3063766 ORDER BY c
	Sort  (cost=410.92..411.18 rows=103 width=121)
	  Sort Key: c
	  ->  Index Scan using sbtest5_pkey on sbtest5  (cost=0.43..407.48 rows=103 width=121)
	        Index Cond: ((id >= 3063667) AND (id <= 3063766))

table 6 : explain SELECT c FROM sbtest6 WHERE id BETWEEN 3920368 AND 3920467 ORDER BY c
	Sort  (cost=418.44..418.70 rows=105 width=121)
	  Sort Key: c
	  ->  Index Scan using sbtest6_pkey on sbtest6  (cost=0.43..414.91 rows=105 width=121)
	        Index Cond: ((id >= 3920368) AND (id <= 3920467))

table 7 : explain SELECT c FROM sbtest7 WHERE id BETWEEN 6509315 AND 6509414 ORDER BY c
	Sort  (cost=425.32..425.59 rows=107 width=121)
	  Sort Key: c
	  ->  Index Scan using sbtest7_pkey on sbtest7  (cost=0.43..421.71 rows=107 width=121)
	        Index Cond: ((id >= 6509315) AND (id <= 6509414))

table 8 : explain SELECT c FROM sbtest8 WHERE id BETWEEN 9100657 AND 9100756 ORDER BY c
	Sort  (cost=425.82..426.09 rows=107 width=121)
	  Sort Key: c
	  ->  Index Scan using sbtest8_pkey on sbtest8  (cost=0.43..422.21 rows=107 width=121)
	        Index Cond: ((id >= 9100657) AND (id <= 9100756))

for: simple_ranges
table 1 : explain SELECT c FROM sbtest1 WHERE id BETWEEN 1529989 AND 1530088
	Index Scan using sbtest1_pkey on sbtest1  (cost=0.43..427.83 rows=108 width=121)
	  Index Cond: ((id >= 1529989) AND (id <= 1530088))

table 2 : explain SELECT c FROM sbtest2 WHERE id BETWEEN 6390734 AND 6390833
	Index Scan using sbtest2_pkey on sbtest2  (cost=0.43..384.83 rows=97 width=121)
	  Index Cond: ((id >= 6390734) AND (id <= 6390833))

table 3 : explain SELECT c FROM sbtest3 WHERE id BETWEEN 1707052 AND 1707151
	Index Scan using sbtest3_pkey on sbtest3  (cost=0.43..387.39 rows=98 width=121)
	  Index Cond: ((id >= 1707052) AND (id <= 1707151))

table 4 : explain SELECT c FROM sbtest4 WHERE id BETWEEN 9626213 AND 9626312
	Index Scan using sbtest4_pkey on sbtest4  (cost=0.43..420.36 rows=107 width=121)
	  Index Cond: ((id >= 9626213) AND (id <= 9626312))

table 5 : explain SELECT c FROM sbtest5 WHERE id BETWEEN 4966840 AND 4966939
	Index Scan using sbtest5_pkey on sbtest5  (cost=0.43..368.37 rows=93 width=121)
	  Index Cond: ((id >= 4966840) AND (id <= 4966939))

table 6 : explain SELECT c FROM sbtest6 WHERE id BETWEEN 9875033 AND 9875132
	Index Scan using sbtest6_pkey on sbtest6  (cost=0.43..407.10 rows=103 width=121)
	  Index Cond: ((id >= 9875033) AND (id <= 9875132))

table 7 : explain SELECT c FROM sbtest7 WHERE id BETWEEN 4370777 AND 4370876
	Index Scan using sbtest7_pkey on sbtest7  (cost=0.43..371.04 rows=94 width=121)
	  Index Cond: ((id >= 4370777) AND (id <= 4370876))

table 8 : explain SELECT c FROM sbtest8 WHERE id BETWEEN 1128092 AND 1128191
	Index Scan using sbtest8_pkey on sbtest8  (cost=0.43..406.60 rows=103 width=121)
	  Index Cond: ((id >= 1128092) AND (id <= 1128191))

for: distinct_ranges
table 1 : explain SELECT DISTINCT c FROM sbtest1 WHERE id BETWEEN 5911741 AND 5911840 ORDER BY c
	Unique  (cost=379.98..380.45 rows=95 width=121)
	  ->  Sort  (cost=379.98..380.22 rows=95 width=121)
	        Sort Key: c
	        ->  Index Scan using sbtest1_pkey on sbtest1  (cost=0.43..376.86 rows=95 width=121)
	              Index Cond: ((id >= 5911741) AND (id <= 5911840))

table 2 : explain SELECT DISTINCT c FROM sbtest2 WHERE id BETWEEN 7507725 AND 7507824 ORDER BY c
	Unique  (cost=419.71..420.23 rows=105 width=121)
	  ->  Sort  (cost=419.71..419.97 rows=105 width=121)
	        Sort Key: c
	        ->  Index Scan using sbtest2_pkey on sbtest2  (cost=0.43..416.18 rows=105 width=121)
	              Index Cond: ((id >= 7507725) AND (id <= 7507824))

table 3 : explain SELECT DISTINCT c FROM sbtest3 WHERE id BETWEEN 1454741 AND 1454840 ORDER BY c
	Unique  (cost=362.99..363.44 rows=91 width=121)
	  ->  Sort  (cost=362.99..363.21 rows=91 width=121)
	        Sort Key: c
	        ->  Index Scan using sbtest3_pkey on sbtest3  (cost=0.43..360.03 rows=91 width=121)
	              Index Cond: ((id >= 1454741) AND (id <= 1454840))

table 4 : explain SELECT DISTINCT c FROM sbtest4 WHERE id BETWEEN 2883148 AND 2883247 ORDER BY c
	Unique  (cost=404.34..404.85 rows=102 width=121)
	  ->  Sort  (cost=404.34..404.59 rows=102 width=121)
	        Sort Key: c
	        ->  Index Scan using sbtest4_pkey on sbtest4  (cost=0.43..400.93 rows=102 width=121)
	              Index Cond: ((id >= 2883148) AND (id <= 2883247))

table 5 : explain SELECT DISTINCT c FROM sbtest5 WHERE id BETWEEN 8852799 AND 8852898 ORDER BY c
	Unique  (cost=391.16..391.65 rows=98 width=121)
	  ->  Sort  (cost=391.16..391.41 rows=98 width=121)
	        Sort Key: c
	        ->  Index Scan using sbtest5_pkey on sbtest5  (cost=0.43..387.92 rows=98 width=121)
	              Index Cond: ((id >= 8852799) AND (id <= 8852898))

table 6 : explain SELECT DISTINCT c FROM sbtest6 WHERE id BETWEEN 5453094 AND 5453193 ORDER BY c
	Unique  (cost=386.85..387.34 rows=97 width=121)
	  ->  Sort  (cost=386.85..387.09 rows=97 width=121)
	        Sort Key: c
	        ->  Index Scan using sbtest6_pkey on sbtest6  (cost=0.43..383.65 rows=97 width=121)
	              Index Cond: ((id >= 5453094) AND (id <= 5453193))

table 7 : explain SELECT DISTINCT c FROM sbtest7 WHERE id BETWEEN 5793019 AND 5793118 ORDER BY c
	Unique  (cost=405.63..406.14 rows=102 width=121)
	  ->  Sort  (cost=405.63..405.88 rows=102 width=121)
	        Sort Key: c
	        ->  Index Scan using sbtest7_pkey on sbtest7  (cost=0.43..402.22 rows=102 width=121)
	              Index Cond: ((id >= 5793019) AND (id <= 5793118))

table 8 : explain SELECT DISTINCT c FROM sbtest8 WHERE id BETWEEN 6994875 AND 6994974 ORDER BY c
	Unique  (cost=390.33..390.82 rows=98 width=121)
	  ->  Sort  (cost=390.33..390.58 rows=98 width=121)
	        Sort Key: c
	        ->  Index Scan using sbtest8_pkey on sbtest8  (cost=0.43..387.09 rows=98 width=121)
	              Index Cond: ((id >= 6994875) AND (id <= 6994974))

for point_selects
table 1 : explain SELECT c FROM sbtest1 WHERE id=7663468
	Index Scan using sbtest1_pkey on sbtest1  (cost=0.43..8.45 rows=1 width=121)
	  Index Cond: (id = 7663468)

table 2 : explain SELECT c FROM sbtest2 WHERE id=4035912
	Index Scan using sbtest2_pkey on sbtest2  (cost=0.43..8.45 rows=1 width=121)
	  Index Cond: (id = 4035912)

table 3 : explain SELECT c FROM sbtest3 WHERE id=9257095
	Index Scan using sbtest3_pkey on sbtest3  (cost=0.43..8.45 rows=1 width=121)
	  Index Cond: (id = 9257095)

table 4 : explain SELECT c FROM sbtest4 WHERE id=4473064
	Index Scan using sbtest4_pkey on sbtest4  (cost=0.43..8.45 rows=1 width=121)
	  Index Cond: (id = 4473064)

table 5 : explain SELECT c FROM sbtest5 WHERE id=8896196
	Index Scan using sbtest5_pkey on sbtest5  (cost=0.43..8.45 rows=1 width=121)
	  Index Cond: (id = 8896196)

table 6 : explain SELECT c FROM sbtest6 WHERE id=7722461
	Index Scan using sbtest6_pkey on sbtest6  (cost=0.43..8.45 rows=1 width=121)
	  Index Cond: (id = 7722461)

table 7 : explain SELECT c FROM sbtest7 WHERE id=2167402
	Index Scan using sbtest7_pkey on sbtest7  (cost=0.43..8.45 rows=1 width=121)
	  Index Cond: (id = 2167402)

table 8 : explain SELECT c FROM sbtest8 WHERE id=46324
	Index Scan using sbtest8_pkey on sbtest8  (cost=0.43..8.45 rows=1 width=121)
	  Index Cond: (id = 46324)

for: simple_ranges
table 1 : explain SELECT c FROM sbtest1 WHERE id BETWEEN 3217788 AND 3217887
	Index Scan using sbtest1_pkey on sbtest1  (cost=0.43..361.18 rows=91 width=121)
	  Index Cond: ((id >= 3217788) AND (id <= 3217887))

table 2 : explain SELECT c FROM sbtest2 WHERE id BETWEEN 9379527 AND 9379626
	Index Scan using sbtest2_pkey on sbtest2  (cost=0.43..353.44 rows=89 width=121)
	  Index Cond: ((id >= 9379527) AND (id <= 9379626))

table 3 : explain SELECT c FROM sbtest3 WHERE id BETWEEN 2394823 AND 2394922
	Index Scan using sbtest3_pkey on sbtest3  (cost=0.43..399.11 rows=101 width=121)
	  Index Cond: ((id >= 2394823) AND (id <= 2394922))

table 4 : explain SELECT c FROM sbtest4 WHERE id BETWEEN 7794155 AND 7794254
	Index Scan using sbtest4_pkey on sbtest4  (cost=0.43..354.28 rows=90 width=121)
	  Index Cond: ((id >= 7794155) AND (id <= 7794254))

table 5 : explain SELECT c FROM sbtest5 WHERE id BETWEEN 4819815 AND 4819914
	Index Scan using sbtest5_pkey on sbtest5  (cost=0.43..403.57 rows=102 width=121)
	  Index Cond: ((id >= 4819815) AND (id <= 4819914))

table 6 : explain SELECT c FROM sbtest6 WHERE id BETWEEN 8457738 AND 8457837
	Index Scan using sbtest6_pkey on sbtest6  (cost=0.43..391.47 rows=99 width=121)
	  Index Cond: ((id >= 8457738) AND (id <= 8457837))

table 7 : explain SELECT c FROM sbtest7 WHERE id BETWEEN 5192513 AND 5192612
	Index Scan using sbtest7_pkey on sbtest7  (cost=0.43..402.22 rows=102 width=121)
	  Index Cond: ((id >= 5192513) AND (id <= 5192612))

table 8 : explain SELECT c FROM sbtest8 WHERE id BETWEEN 7912571 AND 7912670
	Index Scan using sbtest8_pkey on sbtest8  (cost=0.43..410.50 rows=104 width=121)
	  Index Cond: ((id >= 7912571) AND (id <= 7912670))

for: simple_ranges
table 1 : explain SELECT c FROM sbtest1 WHERE id BETWEEN 4610176 AND 4610275
	Index Scan using sbtest1_pkey on sbtest1  (cost=0.43..400.40 rows=101 width=121)
	  Index Cond: ((id >= 4610176) AND (id <= 4610275))

table 2 : explain SELECT c FROM sbtest2 WHERE id BETWEEN 2075965 AND 2076064
	Index Scan using sbtest2_pkey on sbtest2  (cost=0.43..396.58 rows=100 width=121)
	  Index Cond: ((id >= 2075965) AND (id <= 2076064))

table 3 : explain SELECT c FROM sbtest3 WHERE id BETWEEN 2633211 AND 2633310
	Index Scan using sbtest3_pkey on sbtest3  (cost=0.43..375.68 rows=95 width=121)
	  Index Cond: ((id >= 2633211) AND (id <= 2633310))

table 4 : explain SELECT c FROM sbtest4 WHERE id BETWEEN 5199755 AND 5199854
	Index Scan using sbtest4_pkey on sbtest4  (cost=0.43..389.28 rows=99 width=121)
	  Index Cond: ((id >= 5199755) AND (id <= 5199854))

table 5 : explain SELECT c FROM sbtest5 WHERE id BETWEEN 7273128 AND 7273227
	Index Scan using sbtest5_pkey on sbtest5  (cost=0.43..380.10 rows=96 width=121)
	  Index Cond: ((id >= 7273128) AND (id <= 7273227))

table 6 : explain SELECT c FROM sbtest6 WHERE id BETWEEN 9656797 AND 9656896
	Index Scan using sbtest6_pkey on sbtest6  (cost=0.43..403.19 rows=102 width=121)
	  Index Cond: ((id >= 9656797) AND (id <= 9656896))

table 7 : explain SELECT c FROM sbtest7 WHERE id BETWEEN 7461649 AND 7461748
	Index Scan using sbtest7_pkey on sbtest7  (cost=0.43..390.53 rows=99 width=121)
	  Index Cond: ((id >= 7461649) AND (id <= 7461748))

table 8 : explain SELECT c FROM sbtest8 WHERE id BETWEEN 1128157 AND 1128256
	Index Scan using sbtest8_pkey on sbtest8  (cost=0.43..406.60 rows=103 width=121)
	  Index Cond: ((id >= 1128157) AND (id <= 1128256))

for: simple_ranges
table 1 : explain SELECT c FROM sbtest1 WHERE id BETWEEN 2152991 AND 2153090
	Index Scan using sbtest1_pkey on sbtest1  (cost=0.43..435.66 rows=110 width=121)
	  Index Cond: ((id >= 2152991) AND (id <= 2153090))

table 2 : explain SELECT c FROM sbtest2 WHERE id BETWEEN 8961437 AND 8961536
	Index Scan using sbtest2_pkey on sbtest2  (cost=0.43..345.60 rows=87 width=121)
	  Index Cond: ((id >= 8961437) AND (id <= 8961536))

table 3 : explain SELECT c FROM sbtest3 WHERE id BETWEEN 8479674 AND 8479773
	Index Scan using sbtest3_pkey on sbtest3  (cost=0.43..434.26 rows=110 width=121)
	  Index Cond: ((id >= 8479674) AND (id <= 8479773))

table 4 : explain SELECT c FROM sbtest4 WHERE id BETWEEN 4332126 AND 4332225
	Index Scan using sbtest4_pkey on sbtest4  (cost=0.43..377.62 rows=96 width=121)
	  Index Cond: ((id >= 4332126) AND (id <= 4332225))

table 5 : explain SELECT c FROM sbtest5 WHERE id BETWEEN 9671223 AND 9671322
	Index Scan using sbtest5_pkey on sbtest5  (cost=0.43..399.65 rows=101 width=121)
	  Index Cond: ((id >= 9671223) AND (id <= 9671322))

table 6 : explain SELECT c FROM sbtest6 WHERE id BETWEEN 2449259 AND 2449358
	Index Scan using sbtest6_pkey on sbtest6  (cost=0.43..368.02 rows=93 width=121)
	  Index Cond: ((id >= 2449259) AND (id <= 2449358))

table 7 : explain SELECT c FROM sbtest7 WHERE id BETWEEN 4771472 AND 4771571
	Index Scan using sbtest7_pkey on sbtest7  (cost=0.43..406.12 rows=103 width=121)
	  Index Cond: ((id >= 4771472) AND (id <= 4771571))

table 8 : explain SELECT c FROM sbtest8 WHERE id BETWEEN 1399048 AND 1399147
	Index Scan using sbtest8_pkey on sbtest8  (cost=0.43..406.60 rows=103 width=121)
	  Index Cond: ((id >= 1399048) AND (id <= 1399147))

for point_selects
table 1 : explain SELECT c FROM sbtest1 WHERE id=1376125
	Index Scan using sbtest1_pkey on sbtest1  (cost=0.43..8.45 rows=1 width=121)
	  Index Cond: (id = 1376125)

table 2 : explain SELECT c FROM sbtest2 WHERE id=5371732
	Index Scan using sbtest2_pkey on sbtest2  (cost=0.43..8.45 rows=1 width=121)
	  Index Cond: (id = 5371732)

table 3 : explain SELECT c FROM sbtest3 WHERE id=4061923
	Index Scan using sbtest3_pkey on sbtest3  (cost=0.43..8.45 rows=1 width=121)
	  Index Cond: (id = 4061923)

table 4 : explain SELECT c FROM sbtest4 WHERE id=758142
	Index Scan using sbtest4_pkey on sbtest4  (cost=0.43..8.45 rows=1 width=121)
	  Index Cond: (id = 758142)

table 5 : explain SELECT c FROM sbtest5 WHERE id=821112
	Index Scan using sbtest5_pkey on sbtest5  (cost=0.43..8.45 rows=1 width=121)
	  Index Cond: (id = 821112)

table 6 : explain SELECT c FROM sbtest6 WHERE id=4088521
	Index Scan using sbtest6_pkey on sbtest6  (cost=0.43..8.45 rows=1 width=121)
	  Index Cond: (id = 4088521)

table 7 : explain SELECT c FROM sbtest7 WHERE id=5578881
	Index Scan using sbtest7_pkey on sbtest7  (cost=0.43..8.45 rows=1 width=121)
	  Index Cond: (id = 5578881)

table 8 : explain SELECT c FROM sbtest8 WHERE id=787570
	Index Scan using sbtest8_pkey on sbtest8  (cost=0.43..8.45 rows=1 width=121)
	  Index Cond: (id = 787570)

for: order_ranges
table 1 : explain SELECT c FROM sbtest1 WHERE id BETWEEN 6921813 AND 6921912 ORDER BY c
	Sort  (cost=387.92..388.17 rows=97 width=121)
	  Sort Key: c
	  ->  Index Scan using sbtest1_pkey on sbtest1  (cost=0.43..384.72 rows=97 width=121)
	        Index Cond: ((id >= 6921813) AND (id <= 6921912))

table 2 : explain SELECT c FROM sbtest2 WHERE id BETWEEN 4578886 AND 4578985 ORDER BY c
	Sort  (cost=384.07..384.31 rows=96 width=121)
	  Sort Key: c
	  ->  Index Scan using sbtest2_pkey on sbtest2  (cost=0.43..380.91 rows=96 width=121)
	        Index Cond: ((id >= 4578886) AND (id <= 4578985))

table 3 : explain SELECT c FROM sbtest3 WHERE id BETWEEN 5299883 AND 5299982 ORDER BY c
	Sort  (cost=374.82..375.06 rows=94 width=121)
	  Sort Key: c
	  ->  Index Scan using sbtest3_pkey on sbtest3  (cost=0.43..371.74 rows=94 width=121)
	        Index Cond: ((id >= 5299883) AND (id <= 5299982))

table 4 : explain SELECT c FROM sbtest4 WHERE id BETWEEN 1651558 AND 1651657 ORDER BY c
	Sort  (cost=420.04..420.30 rows=106 width=121)
	  Sort Key: c
	  ->  Index Scan using sbtest4_pkey on sbtest4  (cost=0.43..416.47 rows=106 width=121)
	        Index Cond: ((id >= 1651558) AND (id <= 1651657))

table 5 : explain SELECT c FROM sbtest5 WHERE id BETWEEN 9727236 AND 9727335 ORDER BY c
	Sort  (cost=399.07..399.32 rows=100 width=121)
	  Sort Key: c
	  ->  Index Scan using sbtest5_pkey on sbtest5  (cost=0.43..395.74 rows=100 width=121)
	        Index Cond: ((id >= 9727236) AND (id <= 9727335))

table 6 : explain SELECT c FROM sbtest6 WHERE id BETWEEN 3085274 AND 3085373 ORDER BY c
	Sort  (cost=359.22..359.45 rows=90 width=121)
	  Sort Key: c
	  ->  Index Scan using sbtest6_pkey on sbtest6  (cost=0.43..356.30 rows=90 width=121)
	        Index Cond: ((id >= 3085274) AND (id <= 3085373))

table 7 : explain SELECT c FROM sbtest7 WHERE id BETWEEN 624533 AND 624632 ORDER BY c
	Sort  (cost=389.87..390.12 rows=98 width=121)
	  Sort Key: c
	  ->  Index Scan using sbtest7_pkey on sbtest7  (cost=0.43..386.63 rows=98 width=121)
	        Index Cond: ((id >= 624533) AND (id <= 624632))

table 8 : explain SELECT c FROM sbtest8 WHERE id BETWEEN 1815914 AND 1816013 ORDER BY c
	Sort  (cost=402.16..402.41 rows=101 width=121)
	  Sort Key: c
	  ->  Index Scan using sbtest8_pkey on sbtest8  (cost=0.43..398.80 rows=101 width=121)
	        Index Cond: ((id >= 1815914) AND (id <= 1816013))

for: sum_ranges
table 1 : explain SELECT SUM(k) FROM sbtest1 WHERE id BETWEEN 99942 AND 100041
	Aggregate  (cost=365.33..365.34 rows=1 width=8)
	  ->  Index Scan using sbtest1_pkey on sbtest1  (cost=0.43..365.10 rows=92 width=4)
	        Index Cond: ((id >= 99942) AND (id <= 100041))

table 2 : explain SELECT SUM(k) FROM sbtest2 WHERE id BETWEEN 6418165 AND 6418264
	Aggregate  (cost=385.07..385.08 rows=1 width=8)
	  ->  Index Scan using sbtest2_pkey on sbtest2  (cost=0.43..384.83 rows=97 width=4)
	        Index Cond: ((id >= 6418165) AND (id <= 6418264))

table 3 : explain SELECT SUM(k) FROM sbtest3 WHERE id BETWEEN 8975817 AND 8975916
	Aggregate  (cost=391.55..391.56 rows=1 width=8)
	  ->  Index Scan using sbtest3_pkey on sbtest3  (cost=0.43..391.30 rows=99 width=4)
	        Index Cond: ((id >= 8975817) AND (id <= 8975916))

table 4 : explain SELECT SUM(k) FROM sbtest4 WHERE id BETWEEN 5528194 AND 5528293
	Aggregate  (cost=350.62..350.63 rows=1 width=8)
	  ->  Index Scan using sbtest4_pkey on sbtest4  (cost=0.43..350.40 rows=89 width=4)
	        Index Cond: ((id >= 5528194) AND (id <= 5528293))

table 5 : explain SELECT SUM(k) FROM sbtest5 WHERE id BETWEEN 2575694 AND 2575793
	Aggregate  (cost=407.73..407.74 rows=1 width=8)
	  ->  Index Scan using sbtest5_pkey on sbtest5  (cost=0.43..407.48 rows=103 width=4)
	        Index Cond: ((id >= 2575694) AND (id <= 2575793))

table 6 : explain SELECT SUM(k) FROM sbtest6 WHERE id BETWEEN 7519486 AND 7519585
	Aggregate  (cost=434.72..434.73 rows=1 width=8)
	  ->  Index Scan using sbtest6_pkey on sbtest6  (cost=0.43..434.45 rows=110 width=4)
	        Index Cond: ((id >= 7519486) AND (id <= 7519585))

table 7 : explain SELECT SUM(k) FROM sbtest7 WHERE id BETWEEN 5217669 AND 5217768
	Aggregate  (cost=402.48..402.49 rows=1 width=8)
	  ->  Index Scan using sbtest7_pkey on sbtest7  (cost=0.43..402.22 rows=102 width=4)
	        Index Cond: ((id >= 5217669) AND (id <= 5217768))

table 8 : explain SELECT SUM(k) FROM sbtest8 WHERE id BETWEEN 8747741 AND 8747840
	Aggregate  (cost=410.76..410.77 rows=1 width=8)
	  ->  Index Scan using sbtest8_pkey on sbtest8  (cost=0.43..410.50 rows=104 width=4)
	        Index Cond: ((id >= 8747741) AND (id <= 8747840))

for: distinct_ranges
table 1 : explain SELECT DISTINCT c FROM sbtest1 WHERE id BETWEEN 9753454 AND 9753553 ORDER BY c
	Unique  (cost=415.64..416.16 rows=104 width=121)
	  ->  Sort  (cost=415.64..415.90 rows=104 width=121)
	        Sort Key: c
	        ->  Index Scan using sbtest1_pkey on sbtest1  (cost=0.43..412.15 rows=104 width=121)
	              Index Cond: ((id >= 9753454) AND (id <= 9753553))

table 2 : explain SELECT DISTINCT c FROM sbtest2 WHERE id BETWEEN 540102 AND 540201 ORDER BY c
	Unique  (cost=431.59..432.13 rows=108 width=121)
	  ->  Sort  (cost=431.59..431.86 rows=108 width=121)
	        Sort Key: c
	        ->  Index Scan using sbtest2_pkey on sbtest2  (cost=0.43..427.94 rows=108 width=121)
	              Index Cond: ((id >= 540102) AND (id <= 540201))

table 3 : explain SELECT DISTINCT c FROM sbtest3 WHERE id BETWEEN 9770401 AND 9770500 ORDER BY c
	Unique  (cost=382.74..383.22 rows=96 width=121)
	  ->  Sort  (cost=382.74..382.98 rows=96 width=121)
	        Sort Key: c
	        ->  Index Scan using sbtest3_pkey on sbtest3  (cost=0.43..379.58 rows=96 width=121)
	              Index Cond: ((id >= 9770401) AND (id <= 9770500))

table 4 : explain SELECT DISTINCT c FROM sbtest4 WHERE id BETWEEN 3119233 AND 3119332 ORDER BY c
	Unique  (cost=392.56..393.06 rows=99 width=121)
	  ->  Sort  (cost=392.56..392.81 rows=99 width=121)
	        Sort Key: c
	        ->  Index Scan using sbtest4_pkey on sbtest4  (cost=0.43..389.28 rows=99 width=121)
	              Index Cond: ((id >= 3119233) AND (id <= 3119332))

table 5 : explain SELECT DISTINCT c FROM sbtest5 WHERE id BETWEEN 107589 AND 107688 ORDER BY c
	Unique  (cost=442.54..443.09 rows=111 width=121)
	  ->  Sort  (cost=442.54..442.81 rows=111 width=121)
	        Sort Key: c
	        ->  Index Scan using sbtest5_pkey on sbtest5  (cost=0.43..438.77 rows=111 width=121)
	              Index Cond: ((id >= 107589) AND (id <= 107688))

table 6 : explain SELECT DISTINCT c FROM sbtest6 WHERE id BETWEEN 5422429 AND 5422528 ORDER BY c
	Unique  (cost=386.85..387.34 rows=97 width=121)
	  ->  Sort  (cost=386.85..387.09 rows=97 width=121)
	        Sort Key: c
	        ->  Index Scan using sbtest6_pkey on sbtest6  (cost=0.43..383.65 rows=97 width=121)
	              Index Cond: ((id >= 5422429) AND (id <= 5422528))

table 7 : explain SELECT DISTINCT c FROM sbtest7 WHERE id BETWEEN 4864812 AND 4864911 ORDER BY c
	Unique  (cost=393.81..394.31 rows=99 width=121)
	  ->  Sort  (cost=393.81..394.06 rows=99 width=121)
	        Sort Key: c
	        ->  Index Scan using sbtest7_pkey on sbtest7  (cost=0.43..390.53 rows=99 width=121)
	              Index Cond: ((id >= 4864812) AND (id <= 4864911))

table 8 : explain SELECT DISTINCT c FROM sbtest8 WHERE id BETWEEN 9204991 AND 9205090 ORDER BY c
	Unique  (cost=410.05..410.56 rows=103 width=121)
	  ->  Sort  (cost=410.05..410.30 rows=103 width=121)
	        Sort Key: c
	        ->  Index Scan using sbtest8_pkey on sbtest8  (cost=0.43..406.60 rows=103 width=121)
	              Index Cond: ((id >= 9204991) AND (id <= 9205090))

for: sum_ranges
table 1 : explain SELECT SUM(k) FROM sbtest1 WHERE id BETWEEN 5735284 AND 5735383
	Aggregate  (cost=439.86..439.87 rows=1 width=8)
	  ->  Index Scan using sbtest1_pkey on sbtest1  (cost=0.43..439.58 rows=111 width=4)
	        Index Cond: ((id >= 5735284) AND (id <= 5735383))

table 2 : explain SELECT SUM(k) FROM sbtest2 WHERE id BETWEEN 8546335 AND 8546434
	Aggregate  (cost=373.30..373.31 rows=1 width=8)
	  ->  Index Scan using sbtest2_pkey on sbtest2  (cost=0.43..373.07 rows=94 width=4)
	        Index Cond: ((id >= 8546335) AND (id <= 8546434))

table 3 : explain SELECT SUM(k) FROM sbtest3 WHERE id BETWEEN 8239005 AND 8239104
	Aggregate  (cost=375.92..375.93 rows=1 width=8)
	  ->  Index Scan using sbtest3_pkey on sbtest3  (cost=0.43..375.68 rows=95 width=4)
	        Index Cond: ((id >= 8239005) AND (id <= 8239104))

table 4 : explain SELECT SUM(k) FROM sbtest4 WHERE id BETWEEN 1331188 AND 1331287
	Aggregate  (cost=401.19..401.20 rows=1 width=8)
	  ->  Index Scan using sbtest4_pkey on sbtest4  (cost=0.43..400.93 rows=102 width=4)
	        Index Cond: ((id >= 1331188) AND (id <= 1331287))

table 5 : explain SELECT SUM(k) FROM sbtest5 WHERE id BETWEEN 2426969 AND 2427068
	Aggregate  (cost=399.91..399.92 rows=1 width=8)
	  ->  Index Scan using sbtest5_pkey on sbtest5  (cost=0.43..399.65 rows=101 width=4)
	        Index Cond: ((id >= 2426969) AND (id <= 2427068))

table 6 : explain SELECT SUM(k) FROM sbtest6 WHERE id BETWEEN 803296 AND 803395
	Aggregate  (cost=411.26..411.27 rows=1 width=8)
	  ->  Index Scan using sbtest6_pkey on sbtest6  (cost=0.43..411.00 rows=104 width=4)
	        Index Cond: ((id >= 803296) AND (id <= 803395))

table 7 : explain SELECT SUM(k) FROM sbtest7 WHERE id BETWEEN 749089 AND 749188
	Aggregate  (cost=386.88..386.89 rows=1 width=8)
	  ->  Index Scan using sbtest7_pkey on sbtest7  (cost=0.43..386.63 rows=98 width=4)
	        Index Cond: ((id >= 749089) AND (id <= 749188))

table 8 : explain SELECT SUM(k) FROM sbtest8 WHERE id BETWEEN 9941206 AND 9941305
	Aggregate  (cost=391.24..391.25 rows=1 width=8)
	  ->  Index Scan using sbtest8_pkey on sbtest8  (cost=0.43..390.99 rows=99 width=4)
	        Index Cond: ((id >= 9941206) AND (id <= 9941305))

for: sum_ranges
table 1 : explain SELECT SUM(k) FROM sbtest1 WHERE id BETWEEN 1282752 AND 1282851
	Aggregate  (cost=404.57..404.58 rows=1 width=8)
	  ->  Index Scan using sbtest1_pkey on sbtest1  (cost=0.43..404.32 rows=102 width=4)
	        Index Cond: ((id >= 1282752) AND (id <= 1282851))

table 2 : explain SELECT SUM(k) FROM sbtest2 WHERE id BETWEEN 8410467 AND 8410566
	Aggregate  (cost=439.98..439.99 rows=1 width=8)
	  ->  Index Scan using sbtest2_pkey on sbtest2  (cost=0.43..439.70 rows=111 width=4)
	        Index Cond: ((id >= 8410467) AND (id <= 8410566))

table 3 : explain SELECT SUM(k) FROM sbtest3 WHERE id BETWEEN 8505354 AND 8505453
	Aggregate  (cost=407.18..407.19 rows=1 width=8)
	  ->  Index Scan using sbtest3_pkey on sbtest3  (cost=0.43..406.92 rows=103 width=4)
	        Index Cond: ((id >= 8505354) AND (id <= 8505453))

table 4 : explain SELECT SUM(k) FROM sbtest4 WHERE id BETWEEN 7552063 AND 7552162
	Aggregate  (cost=401.19..401.20 rows=1 width=8)
	  ->  Index Scan using sbtest4_pkey on sbtest4  (cost=0.43..400.93 rows=102 width=4)
	        Index Cond: ((id >= 7552063) AND (id <= 7552162))

table 5 : explain SELECT SUM(k) FROM sbtest5 WHERE id BETWEEN 4842219 AND 4842318
	Aggregate  (cost=403.82..403.83 rows=1 width=8)
	  ->  Index Scan using sbtest5_pkey on sbtest5  (cost=0.43..403.57 rows=102 width=4)
	        Index Cond: ((id >= 4842219) AND (id <= 4842318))

table 6 : explain SELECT SUM(k) FROM sbtest6 WHERE id BETWEEN 20509 AND 20608
	Aggregate  (cost=442.54..442.55 rows=1 width=8)
	  ->  Index Scan using sbtest6_pkey on sbtest6  (cost=0.43..442.26 rows=112 width=4)
	        Index Cond: ((id >= 20509) AND (id <= 20608))

table 7 : explain SELECT SUM(k) FROM sbtest7 WHERE id BETWEEN 1347166 AND 1347265
	Aggregate  (cost=394.68..394.69 rows=1 width=8)
	  ->  Index Scan using sbtest7_pkey on sbtest7  (cost=0.43..394.43 rows=100 width=4)
	        Index Cond: ((id >= 1347166) AND (id <= 1347265))

table 8 : explain SELECT SUM(k) FROM sbtest8 WHERE id BETWEEN 8538693 AND 8538792
	Aggregate  (cost=371.71..371.72 rows=1 width=8)
	  ->  Index Scan using sbtest8_pkey on sbtest8  (cost=0.43..371.48 rows=94 width=4)
	        Index Cond: ((id >= 8538693) AND (id <= 8538792))

for point_selects
table 1 : explain SELECT c FROM sbtest1 WHERE id=2322811
	Index Scan using sbtest1_pkey on sbtest1  (cost=0.43..8.45 rows=1 width=121)
	  Index Cond: (id = 2322811)

table 2 : explain SELECT c FROM sbtest2 WHERE id=6038379
	Index Scan using sbtest2_pkey on sbtest2  (cost=0.43..8.45 rows=1 width=121)
	  Index Cond: (id = 6038379)

table 3 : explain SELECT c FROM sbtest3 WHERE id=3852435
	Index Scan using sbtest3_pkey on sbtest3  (cost=0.43..8.45 rows=1 width=121)
	  Index Cond: (id = 3852435)

table 4 : explain SELECT c FROM sbtest4 WHERE id=7067879
	Index Scan using sbtest4_pkey on sbtest4  (cost=0.43..8.45 rows=1 width=121)
	  Index Cond: (id = 7067879)

table 5 : explain SELECT c FROM sbtest5 WHERE id=8526744
	Index Scan using sbtest5_pkey on sbtest5  (cost=0.43..8.45 rows=1 width=121)
	  Index Cond: (id = 8526744)

table 6 : explain SELECT c FROM sbtest6 WHERE id=3917485
	Index Scan using sbtest6_pkey on sbtest6  (cost=0.43..8.45 rows=1 width=121)
	  Index Cond: (id = 3917485)

table 7 : explain SELECT c FROM sbtest7 WHERE id=3665409
	Index Scan using sbtest7_pkey on sbtest7  (cost=0.43..8.45 rows=1 width=121)
	  Index Cond: (id = 3665409)

table 8 : explain SELECT c FROM sbtest8 WHERE id=6210964
	Index Scan using sbtest8_pkey on sbtest8  (cost=0.43..8.45 rows=1 width=121)
	  Index Cond: (id = 6210964)

for: order_ranges
table 1 : explain SELECT c FROM sbtest1 WHERE id BETWEEN 8499496 AND 8499595 ORDER BY c
	Sort  (cost=391.88..392.13 rows=98 width=121)
	  Sort Key: c
	  ->  Index Scan using sbtest1_pkey on sbtest1  (cost=0.43..388.64 rows=98 width=121)
	        Index Cond: ((id >= 8499496) AND (id <= 8499595))

table 2 : explain SELECT c FROM sbtest2 WHERE id BETWEEN 7324162 AND 7324261 ORDER BY c
	Sort  (cost=431.59..431.86 rows=108 width=121)
	  Sort Key: c
	  ->  Index Scan using sbtest2_pkey on sbtest2  (cost=0.43..427.94 rows=108 width=121)
	        Index Cond: ((id >= 7324162) AND (id <= 7324261))

table 3 : explain SELECT c FROM sbtest3 WHERE id BETWEEN 5321434 AND 5321533 ORDER BY c
	Sort  (cost=374.82..375.06 rows=94 width=121)
	  Sort Key: c
	  ->  Index Scan using sbtest3_pkey on sbtest3  (cost=0.43..371.74 rows=94 width=121)
	        Index Cond: ((id >= 5321434) AND (id <= 5321533))

table 4 : explain SELECT c FROM sbtest4 WHERE id BETWEEN 4557178 AND 4557277 ORDER BY c
	Sort  (cost=384.71..384.95 rows=97 width=121)
	  Sort Key: c
	  ->  Index Scan using sbtest4_pkey on sbtest4  (cost=0.43..381.51 rows=97 width=121)
	        Index Cond: ((id >= 4557178) AND (id <= 4557277))

table 5 : explain SELECT c FROM sbtest5 WHERE id BETWEEN 6759548 AND 6759647 ORDER BY c
	Sort  (cost=379.31..379.55 rows=95 width=121)
	  Sort Key: c
	  ->  Index Scan using sbtest5_pkey on sbtest5  (cost=0.43..376.19 rows=95 width=121)
	        Index Cond: ((id >= 6759548) AND (id <= 6759647))

table 6 : explain SELECT c FROM sbtest6 WHERE id BETWEEN 8848257 AND 8848356 ORDER BY c
	Sort  (cost=418.44..418.70 rows=105 width=121)
	  Sort Key: c
	  ->  Index Scan using sbtest6_pkey on sbtest6  (cost=0.43..414.91 rows=105 width=121)
	        Index Cond: ((id >= 8848257) AND (id <= 8848356))

table 7 : explain SELECT c FROM sbtest7 WHERE id BETWEEN 1505575 AND 1505674 ORDER BY c
	Sort  (cost=382.00..382.24 rows=96 width=121)
	  Sort Key: c
	  ->  Index Scan using sbtest7_pkey on sbtest7  (cost=0.43..378.84 rows=96 width=121)
	        Index Cond: ((id >= 1505575) AND (id <= 1505674))

table 8 : explain SELECT c FROM sbtest8 WHERE id BETWEEN 3421928 AND 3422027 ORDER BY c
	Sort  (cost=402.16..402.41 rows=101 width=121)
	  Sort Key: c
	  ->  Index Scan using sbtest8_pkey on sbtest8  (cost=0.43..398.80 rows=101 width=121)
	        Index Cond: ((id >= 3421928) AND (id <= 3422027))

for: distinct_ranges
table 1 : explain SELECT DISTINCT c FROM sbtest1 WHERE id BETWEEN 7296253 AND 7296352 ORDER BY c
	Unique  (cost=395.84..396.34 rows=99 width=121)
	  ->  Sort  (cost=395.84..396.09 rows=99 width=121)
	        Sort Key: c
	        ->  Index Scan using sbtest1_pkey on sbtest1  (cost=0.43..392.56 rows=99 width=121)
	              Index Cond: ((id >= 7296253) AND (id <= 7296352))

table 2 : explain SELECT DISTINCT c FROM sbtest2 WHERE id BETWEEN 8093215 AND 8093314 ORDER BY c
	Unique  (cost=384.07..384.55 rows=96 width=121)
	  ->  Sort  (cost=384.07..384.31 rows=96 width=121)
	        Sort Key: c
	        ->  Index Scan using sbtest2_pkey on sbtest2  (cost=0.43..380.91 rows=96 width=121)
	              Index Cond: ((id >= 8093215) AND (id <= 8093314))

table 3 : explain SELECT DISTINCT c FROM sbtest3 WHERE id BETWEEN 7275821 AND 7275920 ORDER BY c
	Unique  (cost=362.99..363.44 rows=91 width=121)
	  ->  Sort  (cost=362.99..363.21 rows=91 width=121)
	        Sort Key: c
	        ->  Index Scan using sbtest3_pkey on sbtest3  (cost=0.43..360.03 rows=91 width=121)
	              Index Cond: ((id >= 7275821) AND (id <= 7275920))

table 4 : explain SELECT DISTINCT c FROM sbtest4 WHERE id BETWEEN 8717188 AND 8717287 ORDER BY c
	Unique  (cost=431.82..432.36 rows=109 width=121)
	  ->  Sort  (cost=431.82..432.09 rows=109 width=121)
	        Sort Key: c
	        ->  Index Scan using sbtest4_pkey on sbtest4  (cost=0.43..428.13 rows=109 width=121)
	              Index Cond: ((id >= 8717188) AND (id <= 8717287))

table 5 : explain SELECT DISTINCT c FROM sbtest5 WHERE id BETWEEN 5037284 AND 5037383 ORDER BY c
	Unique  (cost=379.31..379.78 rows=95 width=121)
	  ->  Sort  (cost=379.31..379.55 rows=95 width=121)
	        Sort Key: c
	        ->  Index Scan using sbtest5_pkey on sbtest5  (cost=0.43..376.19 rows=95 width=121)
	              Index Cond: ((id >= 5037284) AND (id <= 5037383))

table 6 : explain SELECT DISTINCT c FROM sbtest6 WHERE id BETWEEN 1307275 AND 1307374 ORDER BY c
	Unique  (cost=410.54..411.05 rows=103 width=121)
	  ->  Sort  (cost=410.54..410.80 rows=103 width=121)
	        Sort Key: c
	        ->  Index Scan using sbtest6_pkey on sbtest6  (cost=0.43..407.10 rows=103 width=121)
	              Index Cond: ((id >= 1307275) AND (id <= 1307374))

table 7 : explain SELECT DISTINCT c FROM sbtest7 WHERE id BETWEEN 276036 AND 276135 ORDER BY c
	Unique  (cost=389.87..390.36 rows=98 width=121)
	  ->  Sort  (cost=389.87..390.12 rows=98 width=121)
	        Sort Key: c
	        ->  Index Scan using sbtest7_pkey on sbtest7  (cost=0.43..386.63 rows=98 width=121)
	              Index Cond: ((id >= 276036) AND (id <= 276135))

table 8 : explain SELECT DISTINCT c FROM sbtest8 WHERE id BETWEEN 6318047 AND 6318146 ORDER BY c
	Unique  (cost=413.99..414.51 rows=104 width=121)
	  ->  Sort  (cost=413.99..414.25 rows=104 width=121)
	        Sort Key: c
	        ->  Index Scan using sbtest8_pkey on sbtest8  (cost=0.43..410.50 rows=104 width=121)
	              Index Cond: ((id >= 6318047) AND (id <= 6318146))

for: simple_ranges
table 1 : explain SELECT c FROM sbtest1 WHERE id BETWEEN 7263441 AND 7263540
	Index Scan using sbtest1_pkey on sbtest1  (cost=0.43..392.56 rows=99 width=121)
	  Index Cond: ((id >= 7263441) AND (id <= 7263540))

table 2 : explain SELECT c FROM sbtest2 WHERE id BETWEEN 623504 AND 623603
	Index Scan using sbtest2_pkey on sbtest2  (cost=0.43..388.75 rows=98 width=121)
	  Index Cond: ((id >= 623504) AND (id <= 623603))

table 3 : explain SELECT c FROM sbtest3 WHERE id BETWEEN 241515 AND 241614
	Index Scan using sbtest3_pkey on sbtest3  (cost=0.43..406.92 rows=103 width=121)
	  Index Cond: ((id >= 241515) AND (id <= 241614))

table 4 : explain SELECT c FROM sbtest4 WHERE id BETWEEN 8886910 AND 8887009
	Index Scan using sbtest4_pkey on sbtest4  (cost=0.43..358.20 rows=91 width=121)
	  Index Cond: ((id >= 8886910) AND (id <= 8887009))

table 5 : explain SELECT c FROM sbtest5 WHERE id BETWEEN 2107000 AND 2107099
	Index Scan using sbtest5_pkey on sbtest5  (cost=0.43..403.57 rows=102 width=121)
	  Index Cond: ((id >= 2107000) AND (id <= 2107099))

table 6 : explain SELECT c FROM sbtest6 WHERE id BETWEEN 4640682 AND 4640781
	Index Scan using sbtest6_pkey on sbtest6  (cost=0.43..371.93 rows=94 width=121)
	  Index Cond: ((id >= 4640682) AND (id <= 4640781))

table 7 : explain SELECT c FROM sbtest7 WHERE id BETWEEN 4855058 AND 4855157
	Index Scan using sbtest7_pkey on sbtest7  (cost=0.43..390.53 rows=99 width=121)
	  Index Cond: ((id >= 4855058) AND (id <= 4855157))

table 8 : explain SELECT c FROM sbtest8 WHERE id BETWEEN 2363498 AND 2363597
	Index Scan using sbtest8_pkey on sbtest8  (cost=0.43..387.09 rows=98 width=121)
	  Index Cond: ((id >= 2363498) AND (id <= 2363597))

for: sum_ranges
table 1 : explain SELECT SUM(k) FROM sbtest1 WHERE id BETWEEN 9148003 AND 9148102
	Aggregate  (cost=400.65..400.66 rows=1 width=8)
	  ->  Index Scan using sbtest1_pkey on sbtest1  (cost=0.43..400.40 rows=101 width=4)
	        Index Cond: ((id >= 9148003) AND (id <= 9148102))

table 2 : explain SELECT SUM(k) FROM sbtest2 WHERE id BETWEEN 3020112 AND 3020211
	Aggregate  (cost=396.83..396.84 rows=1 width=8)
	  ->  Index Scan using sbtest2_pkey on sbtest2  (cost=0.43..396.58 rows=100 width=4)
	        Index Cond: ((id >= 3020112) AND (id <= 3020211))

table 3 : explain SELECT SUM(k) FROM sbtest3 WHERE id BETWEEN 9235000 AND 9235099
	Aggregate  (cost=395.46..395.47 rows=1 width=8)
	  ->  Index Scan using sbtest3_pkey on sbtest3  (cost=0.43..395.21 rows=100 width=4)
	        Index Cond: ((id >= 9235000) AND (id <= 9235099))

table 4 : explain SELECT SUM(k) FROM sbtest4 WHERE id BETWEEN 1486345 AND 1486444
	Aggregate  (cost=389.53..389.54 rows=1 width=8)
	  ->  Index Scan using sbtest4_pkey on sbtest4  (cost=0.43..389.28 rows=99 width=4)
	        Index Cond: ((id >= 1486345) AND (id <= 1486444))

table 5 : explain SELECT SUM(k) FROM sbtest5 WHERE id BETWEEN 9326736 AND 9326835
	Aggregate  (cost=403.82..403.83 rows=1 width=8)
	  ->  Index Scan using sbtest5_pkey on sbtest5  (cost=0.43..403.57 rows=102 width=4)
	        Index Cond: ((id >= 9326736) AND (id <= 9326835))

table 6 : explain SELECT SUM(k) FROM sbtest6 WHERE id BETWEEN 2363075 AND 2363174
	Aggregate  (cost=395.62..395.63 rows=1 width=8)
	  ->  Index Scan using sbtest6_pkey on sbtest6  (cost=0.43..395.37 rows=100 width=4)
	        Index Cond: ((id >= 2363075) AND (id <= 2363174))

table 7 : explain SELECT SUM(k) FROM sbtest7 WHERE id BETWEEN 6965484 AND 6965583
	Aggregate  (cost=406.38..406.39 rows=1 width=8)
	  ->  Index Scan using sbtest7_pkey on sbtest7  (cost=0.43..406.12 rows=103 width=4)
	        Index Cond: ((id >= 6965484) AND (id <= 6965583))

table 8 : explain SELECT SUM(k) FROM sbtest8 WHERE id BETWEEN 7321346 AND 7321445
	Aggregate  (cost=387.33..387.34 rows=1 width=8)
	  ->  Index Scan using sbtest8_pkey on sbtest8  (cost=0.43..387.09 rows=98 width=4)
	        Index Cond: ((id >= 7321346) AND (id <= 7321445))

for: order_ranges
table 1 : explain SELECT c FROM sbtest1 WHERE id BETWEEN 8829524 AND 8829623 ORDER BY c
	Sort  (cost=403.76..404.01 rows=101 width=121)
	  Sort Key: c
	  ->  Index Scan using sbtest1_pkey on sbtest1  (cost=0.43..400.40 rows=101 width=121)
	        Index Cond: ((id >= 8829524) AND (id <= 8829623))

table 2 : explain SELECT c FROM sbtest2 WHERE id BETWEEN 9763843 AND 9763942 ORDER BY c
	Sort  (cost=376.15..376.38 rows=94 width=121)
	  Sort Key: c
	  ->  Index Scan using sbtest2_pkey on sbtest2  (cost=0.43..373.07 rows=94 width=121)
	        Index Cond: ((id >= 9763843) AND (id <= 9763942))

table 3 : explain SELECT c FROM sbtest3 WHERE id BETWEEN 4320104 AND 4320203 ORDER BY c
	Sort  (cost=426.15..426.42 rows=107 width=121)
	  Sort Key: c
	  ->  Index Scan using sbtest3_pkey on sbtest3  (cost=0.43..422.55 rows=107 width=121)
	        Index Cond: ((id >= 4320104) AND (id <= 4320203))

table 4 : explain SELECT c FROM sbtest4 WHERE id BETWEEN 6055563 AND 6055662 ORDER BY c
	Sort  (cost=392.56..392.81 rows=99 width=121)
	  Sort Key: c
	  ->  Index Scan using sbtest4_pkey on sbtest4  (cost=0.43..389.28 rows=99 width=121)
	        Index Cond: ((id >= 6055563) AND (id <= 6055662))

table 5 : explain SELECT c FROM sbtest5 WHERE id BETWEEN 4630689 AND 4630788 ORDER BY c
	Sort  (cost=418.82..419.09 rows=105 width=121)
	  Sort Key: c
	  ->  Index Scan using sbtest5_pkey on sbtest5  (cost=0.43..415.30 rows=105 width=121)
	        Index Cond: ((id >= 4630689) AND (id <= 4630788))

table 6 : explain SELECT c FROM sbtest6 WHERE id BETWEEN 3990983 AND 3991082 ORDER BY c
	Sort  (cost=418.44..418.70 rows=105 width=121)
	  Sort Key: c
	  ->  Index Scan using sbtest6_pkey on sbtest6  (cost=0.43..414.91 rows=105 width=121)
	        Index Cond: ((id >= 3990983) AND (id <= 3991082))

table 7 : explain SELECT c FROM sbtest7 WHERE id BETWEEN 416133 AND 416232 ORDER BY c
	Sort  (cost=409.57..409.82 rows=103 width=121)
	  Sort Key: c
	  ->  Index Scan using sbtest7_pkey on sbtest7  (cost=0.43..406.12 rows=103 width=121)
	        Index Cond: ((id >= 416133) AND (id <= 416232))

table 8 : explain SELECT c FROM sbtest8 WHERE id BETWEEN 1490227 AND 1490326 ORDER BY c
	Sort  (cost=410.05..410.30 rows=103 width=121)
	  Sort Key: c
	  ->  Index Scan using sbtest8_pkey on sbtest8  (cost=0.43..406.60 rows=103 width=121)
	        Index Cond: ((id >= 1490227) AND (id <= 1490326))

for: sum_ranges
table 1 : explain SELECT SUM(k) FROM sbtest1 WHERE id BETWEEN 1357110 AND 1357209
	Aggregate  (cost=392.81..392.82 rows=1 width=8)
	  ->  Index Scan using sbtest1_pkey on sbtest1  (cost=0.43..392.56 rows=99 width=4)
	        Index Cond: ((id >= 1357110) AND (id <= 1357209))

table 2 : explain SELECT SUM(k) FROM sbtest2 WHERE id BETWEEN 2015297 AND 2015396
	Aggregate  (cost=396.83..396.84 rows=1 width=8)
	  ->  Index Scan using sbtest2_pkey on sbtest2  (cost=0.43..396.58 rows=100 width=4)
	        Index Cond: ((id >= 2015297) AND (id <= 2015396))

table 3 : explain SELECT SUM(k) FROM sbtest3 WHERE id BETWEEN 2371718 AND 2371817
	Aggregate  (cost=379.82..379.83 rows=1 width=8)
	  ->  Index Scan using sbtest3_pkey on sbtest3  (cost=0.43..379.58 rows=96 width=4)
	        Index Cond: ((id >= 2371718) AND (id <= 2371817))

table 4 : explain SELECT SUM(k) FROM sbtest4 WHERE id BETWEEN 7346103 AND 7346202
	Aggregate  (cost=385.64..385.65 rows=1 width=8)
	  ->  Index Scan using sbtest4_pkey on sbtest4  (cost=0.43..385.39 rows=98 width=4)
	        Index Cond: ((id >= 7346103) AND (id <= 7346202))

table 5 : explain SELECT SUM(k) FROM sbtest5 WHERE id BETWEEN 4185488 AND 4185587
	Aggregate  (cost=399.91..399.92 rows=1 width=8)
	  ->  Index Scan using sbtest5_pkey on sbtest5  (cost=0.43..399.65 rows=101 width=4)
	        Index Cond: ((id >= 4185488) AND (id <= 4185587))

table 6 : explain SELECT SUM(k) FROM sbtest6 WHERE id BETWEEN 7072295 AND 7072394
	Aggregate  (cost=395.62..395.63 rows=1 width=8)
	  ->  Index Scan using sbtest6_pkey on sbtest6  (cost=0.43..395.37 rows=100 width=4)
	        Index Cond: ((id >= 7072295) AND (id <= 7072394))

table 7 : explain SELECT SUM(k) FROM sbtest7 WHERE id BETWEEN 9984727 AND 9984826
	Aggregate  (cost=394.68..394.69 rows=1 width=8)
	  ->  Index Scan using sbtest7_pkey on sbtest7  (cost=0.43..394.43 rows=100 width=4)
	        Index Cond: ((id >= 9984727) AND (id <= 9984826))

table 8 : explain SELECT SUM(k) FROM sbtest8 WHERE id BETWEEN 8581371 AND 8581470
	Aggregate  (cost=371.71..371.72 rows=1 width=8)
	  ->  Index Scan using sbtest8_pkey on sbtest8  (cost=0.43..371.48 rows=94 width=4)
	        Index Cond: ((id >= 8581371) AND (id <= 8581470))

for: simple_ranges
table 1 : explain SELECT c FROM sbtest1 WHERE id BETWEEN 2586598 AND 2586697
	Index Scan using sbtest1_pkey on sbtest1  (cost=0.43..396.48 rows=100 width=121)
	  Index Cond: ((id >= 2586598) AND (id <= 2586697))

table 2 : explain SELECT c FROM sbtest2 WHERE id BETWEEN 6344180 AND 6344279
	Index Scan using sbtest2_pkey on sbtest2  (cost=0.43..404.42 rows=102 width=121)
	  Index Cond: ((id >= 6344180) AND (id <= 6344279))

table 3 : explain SELECT c FROM sbtest3 WHERE id BETWEEN 9860231 AND 9860330
	Index Scan using sbtest3_pkey on sbtest3  (cost=0.43..414.73 rows=105 width=121)
	  Index Cond: ((id >= 9860231) AND (id <= 9860330))

table 4 : explain SELECT c FROM sbtest4 WHERE id BETWEEN 275750 AND 275849
	Index Scan using sbtest4_pkey on sbtest4  (cost=0.43..381.51 rows=97 width=121)
	  Index Cond: ((id >= 275750) AND (id <= 275849))

table 5 : explain SELECT c FROM sbtest5 WHERE id BETWEEN 9229573 AND 9229672
	Index Scan using sbtest5_pkey on sbtest5  (cost=0.43..419.21 rows=106 width=121)
	  Index Cond: ((id >= 9229573) AND (id <= 9229672))

table 6 : explain SELECT c FROM sbtest6 WHERE id BETWEEN 9709445 AND 9709544
	Index Scan using sbtest6_pkey on sbtest6  (cost=0.43..379.74 rows=96 width=121)
	  Index Cond: ((id >= 9709445) AND (id <= 9709544))

table 7 : explain SELECT c FROM sbtest7 WHERE id BETWEEN 7438010 AND 7438109
	Index Scan using sbtest7_pkey on sbtest7  (cost=0.43..390.53 rows=99 width=121)
	  Index Cond: ((id >= 7438010) AND (id <= 7438109))

table 8 : explain SELECT c FROM sbtest8 WHERE id BETWEEN 9738437 AND 9738536
	Index Scan using sbtest8_pkey on sbtest8  (cost=0.43..402.70 rows=102 width=121)
	  Index Cond: ((id >= 9738437) AND (id <= 9738536))

for: distinct_ranges
table 1 : explain SELECT DISTINCT c FROM sbtest1 WHERE id BETWEEN 1360599 AND 1360698 ORDER BY c
	Unique  (cost=395.84..396.34 rows=99 width=121)
	  ->  Sort  (cost=395.84..396.09 rows=99 width=121)
	        Sort Key: c
	        ->  Index Scan using sbtest1_pkey on sbtest1  (cost=0.43..392.56 rows=99 width=121)
	              Index Cond: ((id >= 1360599) AND (id <= 1360698))

table 2 : explain SELECT DISTINCT c FROM sbtest2 WHERE id BETWEEN 6292729 AND 6292828 ORDER BY c
	Unique  (cost=407.83..408.34 rows=102 width=121)
	  ->  Sort  (cost=407.83..408.08 rows=102 width=121)
	        Sort Key: c
	        ->  Index Scan using sbtest2_pkey on sbtest2  (cost=0.43..404.42 rows=102 width=121)
	              Index Cond: ((id >= 6292729) AND (id <= 6292828))

table 3 : explain SELECT DISTINCT c FROM sbtest3 WHERE id BETWEEN 1180408 AND 1180507 ORDER BY c
	Unique  (cost=406.42..406.93 rows=102 width=121)
	  ->  Sort  (cost=406.42..406.68 rows=102 width=121)
	        Sort Key: c
	        ->  Index Scan using sbtest3_pkey on sbtest3  (cost=0.43..403.02 rows=102 width=121)
	              Index Cond: ((id >= 1180408) AND (id <= 1180507))

table 4 : explain SELECT DISTINCT c FROM sbtest4 WHERE id BETWEEN 8719821 AND 8719920 ORDER BY c
	Unique  (cost=431.82..432.36 rows=109 width=121)
	  ->  Sort  (cost=431.82..432.09 rows=109 width=121)
	        Sort Key: c
	        ->  Index Scan using sbtest4_pkey on sbtest4  (cost=0.43..428.13 rows=109 width=121)
	              Index Cond: ((id >= 8719821) AND (id <= 8719920))

table 5 : explain SELECT DISTINCT c FROM sbtest5 WHERE id BETWEEN 4676868 AND 4676967 ORDER BY c
	Unique  (cost=379.31..379.78 rows=95 width=121)
	  ->  Sort  (cost=379.31..379.55 rows=95 width=121)
	        Sort Key: c
	        ->  Index Scan using sbtest5_pkey on sbtest5  (cost=0.43..376.19 rows=95 width=121)
	              Index Cond: ((id >= 4676868) AND (id <= 4676967))

table 6 : explain SELECT DISTINCT c FROM sbtest6 WHERE id BETWEEN 4571344 AND 4571443 ORDER BY c
	Unique  (cost=394.75..395.24 rows=99 width=121)
	  ->  Sort  (cost=394.75..395.00 rows=99 width=121)
	        Sort Key: c
	        ->  Index Scan using sbtest6_pkey on sbtest6  (cost=0.43..391.47 rows=99 width=121)
	              Index Cond: ((id >= 4571344) AND (id <= 4571443))

table 7 : explain SELECT DISTINCT c FROM sbtest7 WHERE id BETWEEN 8024435 AND 8024534 ORDER BY c
	Unique  (cost=421.38..421.91 rows=106 width=121)
	  ->  Sort  (cost=421.38..421.65 rows=106 width=121)
	        Sort Key: c
	        ->  Index Scan using sbtest7_pkey on sbtest7  (cost=0.43..417.82 rows=106 width=121)
	              Index Cond: ((id >= 8024435) AND (id <= 8024534))

table 8 : explain SELECT DISTINCT c FROM sbtest8 WHERE id BETWEEN 9154566 AND 9154665 ORDER BY c
	Unique  (cost=410.05..410.56 rows=103 width=121)
	  ->  Sort  (cost=410.05..410.30 rows=103 width=121)
	        Sort Key: c
	        ->  Index Scan using sbtest8_pkey on sbtest8  (cost=0.43..406.60 rows=103 width=121)
	              Index Cond: ((id >= 9154566) AND (id <= 9154665))

for: order_ranges
table 1 : explain SELECT c FROM sbtest1 WHERE id BETWEEN 7119613 AND 7119712 ORDER BY c
	Sort  (cost=411.68..411.93 rows=103 width=121)
	  Sort Key: c
	  ->  Index Scan using sbtest1_pkey on sbtest1  (cost=0.43..408.23 rows=103 width=121)
	        Index Cond: ((id >= 7119613) AND (id <= 7119712))

table 2 : explain SELECT c FROM sbtest2 WHERE id BETWEEN 355538 AND 355637 ORDER BY c
	Sort  (cost=419.71..419.97 rows=105 width=121)
	  Sort Key: c
	  ->  Index Scan using sbtest2_pkey on sbtest2  (cost=0.43..416.18 rows=105 width=121)
	        Index Cond: ((id >= 355538) AND (id <= 355637))

table 3 : explain SELECT c FROM sbtest3 WHERE id BETWEEN 31334 AND 31433 ORDER BY c
	Sort  (cost=418.26..418.52 rows=105 width=121)
	  Sort Key: c
	  ->  Index Scan using sbtest3_pkey on sbtest3  (cost=0.43..414.73 rows=105 width=121)
	        Index Cond: ((id >= 31334) AND (id <= 31433))

table 4 : explain SELECT c FROM sbtest4 WHERE id BETWEEN 8663473 AND 8663572 ORDER BY c
	Sort  (cost=408.26..408.52 rows=103 width=121)
	  Sort Key: c
	  ->  Index Scan using sbtest4_pkey on sbtest4  (cost=0.43..404.82 rows=103 width=121)
	        Index Cond: ((id >= 8663473) AND (id <= 8663572))

table 5 : explain SELECT c FROM sbtest5 WHERE id BETWEEN 424801 AND 424900 ORDER BY c
	Sort  (cost=387.21..387.45 rows=97 width=121)
	  Sort Key: c
	  ->  Index Scan using sbtest5_pkey on sbtest5  (cost=0.43..384.01 rows=97 width=121)
	        Index Cond: ((id >= 424801) AND (id <= 424900))

table 6 : explain SELECT c FROM sbtest6 WHERE id BETWEEN 6344556 AND 6344655 ORDER BY c
	Sort  (cost=434.23..434.50 rows=109 width=121)
	  Sort Key: c
	  ->  Index Scan using sbtest6_pkey on sbtest6  (cost=0.43..430.54 rows=109 width=121)
	        Index Cond: ((id >= 6344556) AND (id <= 6344655))

table 7 : explain SELECT c FROM sbtest7 WHERE id BETWEEN 5076481 AND 5076580 ORDER BY c
	Sort  (cost=385.94..386.18 rows=97 width=121)
	  Sort Key: c
	  ->  Index Scan using sbtest7_pkey on sbtest7  (cost=0.43..382.73 rows=97 width=121)
	        Index Cond: ((id >= 5076481) AND (id <= 5076580))

table 8 : explain SELECT c FROM sbtest8 WHERE id BETWEEN 2194280 AND 2194379 ORDER BY c
	Sort  (cost=413.99..414.25 rows=104 width=121)
	  Sort Key: c
	  ->  Index Scan using sbtest8_pkey on sbtest8  (cost=0.43..410.50 rows=104 width=121)
	        Index Cond: ((id >= 2194280) AND (id <= 2194379))

for: distinct_ranges
table 1 : explain SELECT DISTINCT c FROM sbtest1 WHERE id BETWEEN 7150312 AND 7150411 ORDER BY c
	Unique  (cost=411.68..412.19 rows=103 width=121)
	  ->  Sort  (cost=411.68..411.93 rows=103 width=121)
	        Sort Key: c
	        ->  Index Scan using sbtest1_pkey on sbtest1  (cost=0.43..408.23 rows=103 width=121)
	              Index Cond: ((id >= 7150312) AND (id <= 7150411))

table 2 : explain SELECT DISTINCT c FROM sbtest2 WHERE id BETWEEN 1698748 AND 1698847 ORDER BY c
	Unique  (cost=380.11..380.58 rows=95 width=121)
	  ->  Sort  (cost=380.11..380.34 rows=95 width=121)
	        Sort Key: c
	        ->  Index Scan using sbtest2_pkey on sbtest2  (cost=0.43..376.99 rows=95 width=121)
	              Index Cond: ((id >= 1698748) AND (id <= 1698847))

table 3 : explain SELECT DISTINCT c FROM sbtest3 WHERE id BETWEEN 1233986 AND 1234085 ORDER BY c
	Unique  (cost=394.58..395.08 rows=99 width=121)
	  ->  Sort  (cost=394.58..394.83 rows=99 width=121)
	        Sort Key: c
	        ->  Index Scan using sbtest3_pkey on sbtest3  (cost=0.43..391.30 rows=99 width=121)
	              Index Cond: ((id >= 1233986) AND (id <= 1234085))

table 4 : explain SELECT DISTINCT c FROM sbtest4 WHERE id BETWEEN 2915114 AND 2915213 ORDER BY c
	Unique  (cost=369.01..369.48 rows=93 width=121)
	  ->  Sort  (cost=369.01..369.24 rows=93 width=121)
	        Sort Key: c
	        ->  Index Scan using sbtest4_pkey on sbtest4  (cost=0.43..365.97 rows=93 width=121)
	              Index Cond: ((id >= 2915114) AND (id <= 2915213))

table 5 : explain SELECT DISTINCT c FROM sbtest5 WHERE id BETWEEN 7586113 AND 7586212 ORDER BY c
	Unique  (cost=363.50..363.96 rows=91 width=121)
	  ->  Sort  (cost=363.50..363.73 rows=91 width=121)
	        Sort Key: c
	        ->  Index Scan using sbtest5_pkey on sbtest5  (cost=0.43..360.54 rows=91 width=121)
	              Index Cond: ((id >= 7586113) AND (id <= 7586212))

table 6 : explain SELECT DISTINCT c FROM sbtest6 WHERE id BETWEEN 2956101 AND 2956200 ORDER BY c
	Unique  (cost=457.92..458.50 rows=115 width=121)
	  ->  Sort  (cost=457.92..458.21 rows=115 width=121)
	        Sort Key: c
	        ->  Index Scan using sbtest6_pkey on sbtest6  (cost=0.43..453.98 rows=115 width=121)
	              Index Cond: ((id >= 2956101) AND (id <= 2956200))

table 7 : explain SELECT DISTINCT c FROM sbtest7 WHERE id BETWEEN 9257309 AND 9257408 ORDER BY c
	Unique  (cost=417.44..417.97 rows=105 width=121)
	  ->  Sort  (cost=417.44..417.70 rows=105 width=121)
	        Sort Key: c
	        ->  Index Scan using sbtest7_pkey on sbtest7  (cost=0.43..413.92 rows=105 width=121)
	              Index Cond: ((id >= 9257309) AND (id <= 9257408))

table 8 : explain SELECT DISTINCT c FROM sbtest8 WHERE id BETWEEN 7962989 AND 7963088 ORDER BY c
	Unique  (cost=374.56..375.03 rows=94 width=121)
	  ->  Sort  (cost=374.56..374.79 rows=94 width=121)
	        Sort Key: c
	        ->  Index Scan using sbtest8_pkey on sbtest8  (cost=0.43..371.48 rows=94 width=121)
	              Index Cond: ((id >= 7962989) AND (id <= 7963088))

for: order_ranges
table 1 : explain SELECT c FROM sbtest1 WHERE id BETWEEN 5703392 AND 5703491 ORDER BY c
	Sort  (cost=443.35..443.63 rows=111 width=121)
	  Sort Key: c
	  ->  Index Scan using sbtest1_pkey on sbtest1  (cost=0.43..439.58 rows=111 width=121)
	        Index Cond: ((id >= 5703392) AND (id <= 5703491))

table 2 : explain SELECT c FROM sbtest2 WHERE id BETWEEN 353058 AND 353157 ORDER BY c
	Sort  (cost=419.71..419.97 rows=105 width=121)
	  Sort Key: c
	  ->  Index Scan using sbtest2_pkey on sbtest2  (cost=0.43..416.18 rows=105 width=121)
	        Index Cond: ((id >= 353058) AND (id <= 353157))

table 3 : explain SELECT c FROM sbtest3 WHERE id BETWEEN 4746144 AND 4746243 ORDER BY c
	Sort  (cost=370.88..371.11 rows=93 width=121)
	  Sort Key: c
	  ->  Index Scan using sbtest3_pkey on sbtest3  (cost=0.43..367.84 rows=93 width=121)
	        Index Cond: ((id >= 4746144) AND (id <= 4746243))

table 4 : explain SELECT c FROM sbtest4 WHERE id BETWEEN 4551009 AND 4551108 ORDER BY c
	Sort  (cost=384.71..384.95 rows=97 width=121)
	  Sort Key: c
	  ->  Index Scan using sbtest4_pkey on sbtest4  (cost=0.43..381.51 rows=97 width=121)
	        Index Cond: ((id >= 4551009) AND (id <= 4551108))

table 5 : explain SELECT c FROM sbtest5 WHERE id BETWEEN 3468389 AND 3468488 ORDER BY c
	Sort  (cost=399.07..399.32 rows=100 width=121)
	  Sort Key: c
	  ->  Index Scan using sbtest5_pkey on sbtest5  (cost=0.43..395.74 rows=100 width=121)
	        Index Cond: ((id >= 3468389) AND (id <= 3468488))

table 6 : explain SELECT c FROM sbtest6 WHERE id BETWEEN 954492 AND 954591 ORDER BY c
	Sort  (cost=378.96..379.19 rows=95 width=121)
	  Sort Key: c
	  ->  Index Scan using sbtest6_pkey on sbtest6  (cost=0.43..375.84 rows=95 width=121)
	        Index Cond: ((id >= 954492) AND (id <= 954591))

table 7 : explain SELECT c FROM sbtest7 WHERE id BETWEEN 9069417 AND 9069516 ORDER BY c
	Sort  (cost=413.50..413.76 rows=104 width=121)
	  Sort Key: c
	  ->  Index Scan using sbtest7_pkey on sbtest7  (cost=0.43..410.02 rows=104 width=121)
	        Index Cond: ((id >= 9069417) AND (id <= 9069516))

table 8 : explain SELECT c FROM sbtest8 WHERE id BETWEEN 7979171 AND 7979270 ORDER BY c
	Sort  (cost=374.56..374.79 rows=94 width=121)
	  Sort Key: c
	  ->  Index Scan using sbtest8_pkey on sbtest8  (cost=0.43..371.48 rows=94 width=121)
	        Index Cond: ((id >= 7979171) AND (id <= 7979270))

for point_selects
table 1 : explain SELECT c FROM sbtest1 WHERE id=5011112
	Index Scan using sbtest1_pkey on sbtest1  (cost=0.43..8.45 rows=1 width=121)
	  Index Cond: (id = 5011112)

table 2 : explain SELECT c FROM sbtest2 WHERE id=2839875
	Index Scan using sbtest2_pkey on sbtest2  (cost=0.43..8.45 rows=1 width=121)
	  Index Cond: (id = 2839875)

table 3 : explain SELECT c FROM sbtest3 WHERE id=2868502
	Index Scan using sbtest3_pkey on sbtest3  (cost=0.43..8.45 rows=1 width=121)
	  Index Cond: (id = 2868502)

table 4 : explain SELECT c FROM sbtest4 WHERE id=8516231
	Index Scan using sbtest4_pkey on sbtest4  (cost=0.43..8.45 rows=1 width=121)
	  Index Cond: (id = 8516231)

table 5 : explain SELECT c FROM sbtest5 WHERE id=7718110
	Index Scan using sbtest5_pkey on sbtest5  (cost=0.43..8.45 rows=1 width=121)
	  Index Cond: (id = 7718110)

table 6 : explain SELECT c FROM sbtest6 WHERE id=2259216
	Index Scan using sbtest6_pkey on sbtest6  (cost=0.43..8.45 rows=1 width=121)
	  Index Cond: (id = 2259216)

table 7 : explain SELECT c FROM sbtest7 WHERE id=9314712
	Index Scan using sbtest7_pkey on sbtest7  (cost=0.43..8.45 rows=1 width=121)
	  Index Cond: (id = 9314712)

table 8 : explain SELECT c FROM sbtest8 WHERE id=8083841
	Index Scan using sbtest8_pkey on sbtest8  (cost=0.43..8.45 rows=1 width=121)
	  Index Cond: (id = 8083841)

for: sum_ranges
table 1 : explain SELECT SUM(k) FROM sbtest1 WHERE id BETWEEN 6160667 AND 6160766
	Aggregate  (cost=396.73..396.74 rows=1 width=8)
	  ->  Index Scan using sbtest1_pkey on sbtest1  (cost=0.43..396.48 rows=100 width=4)
	        Index Cond: ((id >= 6160667) AND (id <= 6160766))

table 2 : explain SELECT SUM(k) FROM sbtest2 WHERE id BETWEEN 3027002 AND 3027101
	Aggregate  (cost=396.83..396.84 rows=1 width=8)
	  ->  Index Scan using sbtest2_pkey on sbtest2  (cost=0.43..396.58 rows=100 width=4)
	        Index Cond: ((id >= 3027002) AND (id <= 3027101))

table 3 : explain SELECT SUM(k) FROM sbtest3 WHERE id BETWEEN 6718617 AND 6718716
	Aggregate  (cost=395.46..395.47 rows=1 width=8)
	  ->  Index Scan using sbtest3_pkey on sbtest3  (cost=0.43..395.21 rows=100 width=4)
	        Index Cond: ((id >= 6718617) AND (id <= 6718716))

table 4 : explain SELECT SUM(k) FROM sbtest4 WHERE id BETWEEN 6098373 AND 6098472
	Aggregate  (cost=389.53..389.54 rows=1 width=8)
	  ->  Index Scan using sbtest4_pkey on sbtest4  (cost=0.43..389.28 rows=99 width=4)
	        Index Cond: ((id >= 6098373) AND (id <= 6098472))

table 5 : explain SELECT SUM(k) FROM sbtest5 WHERE id BETWEEN 7629607 AND 7629706
	Aggregate  (cost=431.22..431.23 rows=1 width=8)
	  ->  Index Scan using sbtest5_pkey on sbtest5  (cost=0.43..430.94 rows=109 width=4)
	        Index Cond: ((id >= 7629607) AND (id <= 7629706))

table 6 : explain SELECT SUM(k) FROM sbtest6 WHERE id BETWEEN 234677 AND 234776
	Aggregate  (cost=407.35..407.36 rows=1 width=8)
	  ->  Index Scan using sbtest6_pkey on sbtest6  (cost=0.43..407.10 rows=103 width=4)
	        Index Cond: ((id >= 234677) AND (id <= 234776))

table 7 : explain SELECT SUM(k) FROM sbtest7 WHERE id BETWEEN 5644678 AND 5644777
	Aggregate  (cost=379.08..379.09 rows=1 width=8)
	  ->  Index Scan using sbtest7_pkey on sbtest7  (cost=0.43..378.84 rows=96 width=4)
	        Index Cond: ((id >= 5644678) AND (id <= 5644777))

table 8 : explain SELECT SUM(k) FROM sbtest8 WHERE id BETWEEN 4324139 AND 4324238
	Aggregate  (cost=402.95..402.96 rows=1 width=8)
	  ->  Index Scan using sbtest8_pkey on sbtest8  (cost=0.43..402.70 rows=102 width=4)
	        Index Cond: ((id >= 4324139) AND (id <= 4324238))

for: order_ranges
table 1 : explain SELECT c FROM sbtest1 WHERE id BETWEEN 6071385 AND 6071484 ORDER BY c
	Sort  (cost=399.80..400.05 rows=100 width=121)
	  Sort Key: c
	  ->  Index Scan using sbtest1_pkey on sbtest1  (cost=0.43..396.48 rows=100 width=121)
	        Index Cond: ((id >= 6071385) AND (id <= 6071484))

table 2 : explain SELECT c FROM sbtest2 WHERE id BETWEEN 1905540 AND 1905639 ORDER BY c
	Sort  (cost=380.11..380.34 rows=95 width=121)
	  Sort Key: c
	  ->  Index Scan using sbtest2_pkey on sbtest2  (cost=0.43..376.99 rows=95 width=121)
	        Index Cond: ((id >= 1905540) AND (id <= 1905639))

table 3 : explain SELECT c FROM sbtest3 WHERE id BETWEEN 652825 AND 652924 ORDER BY c
	Sort  (cost=394.58..394.83 rows=99 width=121)
	  Sort Key: c
	  ->  Index Scan using sbtest3_pkey on sbtest3  (cost=0.43..391.30 rows=99 width=121)
	        Index Cond: ((id >= 652825) AND (id <= 652924))

table 4 : explain SELECT c FROM sbtest4 WHERE id BETWEEN 4956889 AND 4956988 ORDER BY c
	Sort  (cost=423.97..424.23 rows=107 width=121)
	  Sort Key: c
	  ->  Index Scan using sbtest4_pkey on sbtest4  (cost=0.43..420.36 rows=107 width=121)
	        Index Cond: ((id >= 4956889) AND (id <= 4956988))

table 5 : explain SELECT c FROM sbtest5 WHERE id BETWEEN 4928148 AND 4928247 ORDER BY c
	Sort  (cost=371.41..371.64 rows=93 width=121)
	  Sort Key: c
	  ->  Index Scan using sbtest5_pkey on sbtest5  (cost=0.43..368.37 rows=93 width=121)
	        Index Cond: ((id >= 4928148) AND (id <= 4928247))

table 6 : explain SELECT c FROM sbtest6 WHERE id BETWEEN 6004808 AND 6004907 ORDER BY c
	Sort  (cost=359.22..359.45 rows=90 width=121)
	  Sort Key: c
	  ->  Index Scan using sbtest6_pkey on sbtest6  (cost=0.43..356.30 rows=90 width=121)
	        Index Cond: ((id >= 6004808) AND (id <= 6004907))

table 7 : explain SELECT c FROM sbtest7 WHERE id BETWEEN 5079093 AND 5079192 ORDER BY c
	Sort  (cost=385.94..386.18 rows=97 width=121)
	  Sort Key: c
	  ->  Index Scan using sbtest7_pkey on sbtest7  (cost=0.43..382.73 rows=97 width=121)
	        Index Cond: ((id >= 5079093) AND (id <= 5079192))

table 8 : explain SELECT c FROM sbtest8 WHERE id BETWEEN 465949 AND 466048 ORDER BY c
	Sort  (cost=374.56..374.79 rows=94 width=121)
	  Sort Key: c
	  ->  Index Scan using sbtest8_pkey on sbtest8  (cost=0.43..371.48 rows=94 width=121)
	        Index Cond: ((id >= 465949) AND (id <= 466048))

for: distinct_ranges
table 1 : explain SELECT DISTINCT c FROM sbtest1 WHERE id BETWEEN 6187550 AND 6187649 ORDER BY c
	Unique  (cost=435.43..435.98 rows=109 width=121)
	  ->  Sort  (cost=435.43..435.71 rows=109 width=121)
	        Sort Key: c
	        ->  Index Scan using sbtest1_pkey on sbtest1  (cost=0.43..431.75 rows=109 width=121)
	              Index Cond: ((id >= 6187550) AND (id <= 6187649))

table 2 : explain SELECT DISTINCT c FROM sbtest2 WHERE id BETWEEN 440898 AND 440997 ORDER BY c
	Unique  (cost=388.03..388.51 rows=97 width=121)
	  ->  Sort  (cost=388.03..388.27 rows=97 width=121)
	        Sort Key: c
	        ->  Index Scan using sbtest2_pkey on sbtest2  (cost=0.43..384.83 rows=97 width=121)
	              Index Cond: ((id >= 440898) AND (id <= 440997))

table 3 : explain SELECT DISTINCT c FROM sbtest3 WHERE id BETWEEN 4992189 AND 4992288 ORDER BY c
	Unique  (cost=406.42..406.93 rows=102 width=121)
	  ->  Sort  (cost=406.42..406.68 rows=102 width=121)
	        Sort Key: c
	        ->  Index Scan using sbtest3_pkey on sbtest3  (cost=0.43..403.02 rows=102 width=121)
	              Index Cond: ((id >= 4992189) AND (id <= 4992288))

table 4 : explain SELECT DISTINCT c FROM sbtest4 WHERE id BETWEEN 2438897 AND 2438996 ORDER BY c
	Unique  (cost=376.86..377.34 rows=95 width=121)
	  ->  Sort  (cost=376.86..377.10 rows=95 width=121)
	        Sort Key: c
	        ->  Index Scan using sbtest4_pkey on sbtest4  (cost=0.43..373.74 rows=95 width=121)
	              Index Cond: ((id >= 2438897) AND (id <= 2438996))

table 5 : explain SELECT DISTINCT c FROM sbtest5 WHERE id BETWEEN 6298372 AND 6298471 ORDER BY c
	Unique  (cost=418.82..419.35 rows=105 width=121)
	  ->  Sort  (cost=418.82..419.09 rows=105 width=121)
	        Sort Key: c
	        ->  Index Scan using sbtest5_pkey on sbtest5  (cost=0.43..415.30 rows=105 width=121)
	              Index Cond: ((id >= 6298372) AND (id <= 6298471))

table 6 : explain SELECT DISTINCT c FROM sbtest6 WHERE id BETWEEN 9294557 AND 9294656 ORDER BY c
	Unique  (cost=418.44..418.96 rows=105 width=121)
	  ->  Sort  (cost=418.44..418.70 rows=105 width=121)
	        Sort Key: c
	        ->  Index Scan using sbtest6_pkey on sbtest6  (cost=0.43..414.91 rows=105 width=121)
	              Index Cond: ((id >= 9294557) AND (id <= 9294656))

table 7 : explain SELECT DISTINCT c FROM sbtest7 WHERE id BETWEEN 7009547 AND 7009646 ORDER BY c
	Unique  (cost=393.81..394.31 rows=99 width=121)
	  ->  Sort  (cost=393.81..394.06 rows=99 width=121)
	        Sort Key: c
	        ->  Index Scan using sbtest7_pkey on sbtest7  (cost=0.43..390.53 rows=99 width=121)
	              Index Cond: ((id >= 7009547) AND (id <= 7009646))

table 8 : explain SELECT DISTINCT c FROM sbtest8 WHERE id BETWEEN 3680409 AND 3680508 ORDER BY c
	Unique  (cost=358.79..359.24 rows=90 width=121)
	  ->  Sort  (cost=358.79..359.02 rows=90 width=121)
	        Sort Key: c
	        ->  Index Scan using sbtest8_pkey on sbtest8  (cost=0.43..355.87 rows=90 width=121)
	              Index Cond: ((id >= 3680409) AND (id <= 3680508))

for: simple_ranges
table 1 : explain SELECT c FROM sbtest1 WHERE id BETWEEN 1700235 AND 1700334
	Index Scan using sbtest1_pkey on sbtest1  (cost=0.43..419.99 rows=106 width=121)
	  Index Cond: ((id >= 1700235) AND (id <= 1700334))

table 2 : explain SELECT c FROM sbtest2 WHERE id BETWEEN 3716590 AND 3716689
	Index Scan using sbtest2_pkey on sbtest2  (cost=0.43..416.18 rows=105 width=121)
	  Index Cond: ((id >= 3716590) AND (id <= 3716689))

table 3 : explain SELECT c FROM sbtest3 WHERE id BETWEEN 967244 AND 967343
	Index Scan using sbtest3_pkey on sbtest3  (cost=0.43..418.64 rows=106 width=121)
	  Index Cond: ((id >= 967244) AND (id <= 967343))

table 4 : explain SELECT c FROM sbtest4 WHERE id BETWEEN 3432739 AND 3432838
	Index Scan using sbtest4_pkey on sbtest4  (cost=0.43..373.74 rows=95 width=121)
	  Index Cond: ((id >= 3432739) AND (id <= 3432838))

table 5 : explain SELECT c FROM sbtest5 WHERE id BETWEEN 6857846 AND 6857945
	Index Scan using sbtest5_pkey on sbtest5  (cost=0.43..415.30 rows=105 width=121)
	  Index Cond: ((id >= 6857846) AND (id <= 6857945))

table 6 : explain SELECT c FROM sbtest6 WHERE id BETWEEN 4643829 AND 4643928
	Index Scan using sbtest6_pkey on sbtest6  (cost=0.43..371.93 rows=94 width=121)
	  Index Cond: ((id >= 4643829) AND (id <= 4643928))

table 7 : explain SELECT c FROM sbtest7 WHERE id BETWEEN 8582381 AND 8582480
	Index Scan using sbtest7_pkey on sbtest7  (cost=0.43..371.04 rows=94 width=121)
	  Index Cond: ((id >= 8582381) AND (id <= 8582480))

table 8 : explain SELECT c FROM sbtest8 WHERE id BETWEEN 4185870 AND 4185969
	Index Scan using sbtest8_pkey on sbtest8  (cost=0.43..375.38 rows=95 width=121)
	  Index Cond: ((id >= 4185870) AND (id <= 4185969))

for: sum_ranges
table 1 : explain SELECT SUM(k) FROM sbtest1 WHERE id BETWEEN 2004779 AND 2004878
	Aggregate  (cost=396.73..396.74 rows=1 width=8)
	  ->  Index Scan using sbtest1_pkey on sbtest1  (cost=0.43..396.48 rows=100 width=4)
	        Index Cond: ((id >= 2004779) AND (id <= 2004878))

table 2 : explain SELECT SUM(k) FROM sbtest2 WHERE id BETWEEN 8999412 AND 8999511
	Aggregate  (cost=400.76..400.77 rows=1 width=8)
	  ->  Index Scan using sbtest2_pkey on sbtest2  (cost=0.43..400.50 rows=101 width=4)
	        Index Cond: ((id >= 8999412) AND (id <= 8999511))

table 3 : explain SELECT SUM(k) FROM sbtest3 WHERE id BETWEEN 6682946 AND 6683045
	Aggregate  (cost=395.46..395.47 rows=1 width=8)
	  ->  Index Scan using sbtest3_pkey on sbtest3  (cost=0.43..395.21 rows=100 width=4)
	        Index Cond: ((id >= 6682946) AND (id <= 6683045))

table 4 : explain SELECT SUM(k) FROM sbtest4 WHERE id BETWEEN 1013909 AND 1014008
	Aggregate  (cost=366.20..366.21 rows=1 width=8)
	  ->  Index Scan using sbtest4_pkey on sbtest4  (cost=0.43..365.97 rows=93 width=4)
	        Index Cond: ((id >= 1013909) AND (id <= 1014008))

table 5 : explain SELECT SUM(k) FROM sbtest5 WHERE id BETWEEN 7815154 AND 7815253
	Aggregate  (cost=407.73..407.74 rows=1 width=8)
	  ->  Index Scan using sbtest5_pkey on sbtest5  (cost=0.43..407.48 rows=103 width=4)
	        Index Cond: ((id >= 7815154) AND (id <= 7815253))

table 6 : explain SELECT SUM(k) FROM sbtest6 WHERE id BETWEEN 6027617 AND 6027716
	Aggregate  (cost=356.52..356.53 rows=1 width=8)
	  ->  Index Scan using sbtest6_pkey on sbtest6  (cost=0.43..356.30 rows=90 width=4)
	        Index Cond: ((id >= 6027617) AND (id <= 6027716))

table 7 : explain SELECT SUM(k) FROM sbtest7 WHERE id BETWEEN 8736878 AND 8736977
	Aggregate  (cost=382.98..382.99 rows=1 width=8)
	  ->  Index Scan using sbtest7_pkey on sbtest7  (cost=0.43..382.73 rows=97 width=4)
	        Index Cond: ((id >= 8736878) AND (id <= 8736977))

table 8 : explain SELECT SUM(k) FROM sbtest8 WHERE id BETWEEN 3527810 AND 3527909
	Aggregate  (cost=445.91..445.92 rows=1 width=8)
	  ->  Index Scan using sbtest8_pkey on sbtest8  (cost=0.43..445.63 rows=113 width=4)
	        Index Cond: ((id >= 3527810) AND (id <= 3527909))

for: order_ranges
table 1 : explain SELECT c FROM sbtest1 WHERE id BETWEEN 3823667 AND 3823766 ORDER BY c
	Sort  (cost=451.27..451.56 rows=113 width=121)
	  Sort Key: c
	  ->  Index Scan using sbtest1_pkey on sbtest1  (cost=0.43..447.42 rows=113 width=121)
	        Index Cond: ((id >= 3823667) AND (id <= 3823766))

table 2 : explain SELECT c FROM sbtest2 WHERE id BETWEEN 4941260 AND 4941359 ORDER BY c
	Sort  (cost=427.63..427.90 rows=107 width=121)
	  Sort Key: c
	  ->  Index Scan using sbtest2_pkey on sbtest2  (cost=0.43..424.02 rows=107 width=121)
	        Index Cond: ((id >= 4941260) AND (id <= 4941359))

table 3 : explain SELECT c FROM sbtest3 WHERE id BETWEEN 2828634 AND 2828733 ORDER BY c
	Sort  (cost=430.10..430.37 rows=108 width=121)
	  Sort Key: c
	  ->  Index Scan using sbtest3_pkey on sbtest3  (cost=0.43..426.45 rows=108 width=121)
	        Index Cond: ((id >= 2828634) AND (id <= 2828733))

table 4 : explain SELECT c FROM sbtest4 WHERE id BETWEEN 8979477 AND 8979576 ORDER BY c
	Sort  (cost=408.26..408.52 rows=103 width=121)
	  Sort Key: c
	  ->  Index Scan using sbtest4_pkey on sbtest4  (cost=0.43..404.82 rows=103 width=121)
	        Index Cond: ((id >= 8979477) AND (id <= 8979576))

table 5 : explain SELECT c FROM sbtest5 WHERE id BETWEEN 8935525 AND 8935624 ORDER BY c
	Sort  (cost=406.97..407.22 rows=102 width=121)
	  Sort Key: c
	  ->  Index Scan using sbtest5_pkey on sbtest5  (cost=0.43..403.57 rows=102 width=121)
	        Index Cond: ((id >= 8935525) AND (id <= 8935624))

table 6 : explain SELECT c FROM sbtest6 WHERE id BETWEEN 9309172 AND 9309271 ORDER BY c
	Sort  (cost=418.44..418.70 rows=105 width=121)
	  Sort Key: c
	  ->  Index Scan using sbtest6_pkey on sbtest6  (cost=0.43..414.91 rows=105 width=121)
	        Index Cond: ((id >= 9309172) AND (id <= 9309271))

table 7 : explain SELECT c FROM sbtest7 WHERE id BETWEEN 6620294 AND 6620393 ORDER BY c
	Sort  (cost=382.00..382.24 rows=96 width=121)
	  Sort Key: c
	  ->  Index Scan using sbtest7_pkey on sbtest7  (cost=0.43..378.84 rows=96 width=121)
	        Index Cond: ((id >= 6620294) AND (id <= 6620393))

table 8 : explain SELECT c FROM sbtest8 WHERE id BETWEEN 9712277 AND 9712376 ORDER BY c
	Sort  (cost=406.10..406.36 rows=102 width=121)
	  Sort Key: c
	  ->  Index Scan using sbtest8_pkey on sbtest8  (cost=0.43..402.70 rows=102 width=121)
	        Index Cond: ((id >= 9712277) AND (id <= 9712376))

for: distinct_ranges
table 1 : explain SELECT DISTINCT c FROM sbtest1 WHERE id BETWEEN 1574085 AND 1574184 ORDER BY c
	Unique  (cost=431.47..432.01 rows=108 width=121)
	  ->  Sort  (cost=431.47..431.74 rows=108 width=121)
	        Sort Key: c
	        ->  Index Scan using sbtest1_pkey on sbtest1  (cost=0.43..427.83 rows=108 width=121)
	              Index Cond: ((id >= 1574085) AND (id <= 1574184))

table 2 : explain SELECT DISTINCT c FROM sbtest2 WHERE id BETWEEN 6995985 AND 6996084 ORDER BY c
	Unique  (cost=439.51..440.06 rows=110 width=121)
	  ->  Sort  (cost=439.51..439.79 rows=110 width=121)
	        Sort Key: c
	        ->  Index Scan using sbtest2_pkey on sbtest2  (cost=0.43..435.78 rows=110 width=121)
	              Index Cond: ((id >= 6995985) AND (id <= 6996084))

table 3 : explain SELECT DISTINCT c FROM sbtest3 WHERE id BETWEEN 4846089 AND 4846188 ORDER BY c
	Unique  (cost=370.88..371.34 rows=93 width=121)
	  ->  Sort  (cost=370.88..371.11 rows=93 width=121)
	        Sort Key: c
	        ->  Index Scan using sbtest3_pkey on sbtest3  (cost=0.43..367.84 rows=93 width=121)
	              Index Cond: ((id >= 4846089) AND (id <= 4846188))

table 4 : explain SELECT DISTINCT c FROM sbtest4 WHERE id BETWEEN 4914077 AND 4914176 ORDER BY c
	Unique  (cost=400.41..400.92 rows=101 width=121)
	  ->  Sort  (cost=400.41..400.66 rows=101 width=121)
	        Sort Key: c
	        ->  Index Scan using sbtest4_pkey on sbtest4  (cost=0.43..397.05 rows=101 width=121)
	              Index Cond: ((id >= 4914077) AND (id <= 4914176))

table 5 : explain SELECT DISTINCT c FROM sbtest5 WHERE id BETWEEN 3806401 AND 3806500 ORDER BY c
	Unique  (cost=403.02..403.52 rows=101 width=121)
	  ->  Sort  (cost=403.02..403.27 rows=101 width=121)
	        Sort Key: c
	        ->  Index Scan using sbtest5_pkey on sbtest5  (cost=0.43..399.65 rows=101 width=121)
	              Index Cond: ((id >= 3806401) AND (id <= 3806500))

table 6 : explain SELECT DISTINCT c FROM sbtest6 WHERE id BETWEEN 2518876 AND 2518975 ORDER BY c
	Unique  (cost=394.75..395.24 rows=99 width=121)
	  ->  Sort  (cost=394.75..395.00 rows=99 width=121)
	        Sort Key: c
	        ->  Index Scan using sbtest6_pkey on sbtest6  (cost=0.43..391.47 rows=99 width=121)
	              Index Cond: ((id >= 2518876) AND (id <= 2518975))

table 7 : explain SELECT DISTINCT c FROM sbtest7 WHERE id BETWEEN 5601566 AND 5601665 ORDER BY c
	Unique  (cost=382.00..382.48 rows=96 width=121)
	  ->  Sort  (cost=382.00..382.24 rows=96 width=121)
	        Sort Key: c
	        ->  Index Scan using sbtest7_pkey on sbtest7  (cost=0.43..378.84 rows=96 width=121)
	              Index Cond: ((id >= 5601566) AND (id <= 5601665))

table 8 : explain SELECT DISTINCT c FROM sbtest8 WHERE id BETWEEN 5982226 AND 5982325 ORDER BY c
	Unique  (cost=394.27..394.77 rows=99 width=121)
	  ->  Sort  (cost=394.27..394.52 rows=99 width=121)
	        Sort Key: c
	        ->  Index Scan using sbtest8_pkey on sbtest8  (cost=0.43..390.99 rows=99 width=121)
	              Index Cond: ((id >= 5982226) AND (id <= 5982325))

for: distinct_ranges
table 1 : explain SELECT DISTINCT c FROM sbtest1 WHERE id BETWEEN 4583868 AND 4583967 ORDER BY c
	Unique  (cost=403.76..404.26 rows=101 width=121)
	  ->  Sort  (cost=403.76..404.01 rows=101 width=121)
	        Sort Key: c
	        ->  Index Scan using sbtest1_pkey on sbtest1  (cost=0.43..400.40 rows=101 width=121)
	              Index Cond: ((id >= 4583868) AND (id <= 4583967))

table 2 : explain SELECT DISTINCT c FROM sbtest2 WHERE id BETWEEN 5634955 AND 5635054 ORDER BY c
	Unique  (cost=407.83..408.34 rows=102 width=121)
	  ->  Sort  (cost=407.83..408.08 rows=102 width=121)
	        Sort Key: c
	        ->  Index Scan using sbtest2_pkey on sbtest2  (cost=0.43..404.42 rows=102 width=121)
	              Index Cond: ((id >= 5634955) AND (id <= 5635054))

table 3 : explain SELECT DISTINCT c FROM sbtest3 WHERE id BETWEEN 9498981 AND 9499080 ORDER BY c
	Unique  (cost=418.26..418.78 rows=105 width=121)
	  ->  Sort  (cost=418.26..418.52 rows=105 width=121)
	        Sort Key: c
	        ->  Index Scan using sbtest3_pkey on sbtest3  (cost=0.43..414.73 rows=105 width=121)
	              Index Cond: ((id >= 9498981) AND (id <= 9499080))

table 4 : explain SELECT DISTINCT c FROM sbtest4 WHERE id BETWEEN 62353 AND 62452 ORDER BY c
	Unique  (cost=416.11..416.64 rows=105 width=121)
	  ->  Sort  (cost=416.11..416.38 rows=105 width=121)
	        Sort Key: c
	        ->  Index Scan using sbtest4_pkey on sbtest4  (cost=0.43..412.59 rows=105 width=121)
	              Index Cond: ((id >= 62353) AND (id <= 62452))

table 5 : explain SELECT DISTINCT c FROM sbtest5 WHERE id BETWEEN 2537009 AND 2537108 ORDER BY c
	Unique  (cost=410.92..411.44 rows=103 width=121)
	  ->  Sort  (cost=410.92..411.18 rows=103 width=121)
	        Sort Key: c
	        ->  Index Scan using sbtest5_pkey on sbtest5  (cost=0.43..407.48 rows=103 width=121)
	              Index Cond: ((id >= 2537009) AND (id <= 2537108))

table 6 : explain SELECT DISTINCT c FROM sbtest6 WHERE id BETWEEN 6803730 AND 6803829 ORDER BY c
	Unique  (cost=418.44..418.96 rows=105 width=121)
	  ->  Sort  (cost=418.44..418.70 rows=105 width=121)
	        Sort Key: c
	        ->  Index Scan using sbtest6_pkey on sbtest6  (cost=0.43..414.91 rows=105 width=121)
	              Index Cond: ((id >= 6803730) AND (id <= 6803829))

table 7 : explain SELECT DISTINCT c FROM sbtest7 WHERE id BETWEEN 1807818 AND 1807917 ORDER BY c
	Unique  (cost=358.37..358.82 rows=90 width=121)
	  ->  Sort  (cost=358.37..358.60 rows=90 width=121)
	        Sort Key: c
	        ->  Index Scan using sbtest7_pkey on sbtest7  (cost=0.43..355.45 rows=90 width=121)
	              Index Cond: ((id >= 1807818) AND (id <= 1807917))

table 8 : explain SELECT DISTINCT c FROM sbtest8 WHERE id BETWEEN 3858437 AND 3858536 ORDER BY c
	Unique  (cost=441.59..442.15 rows=111 width=121)
	  ->  Sort  (cost=441.59..441.87 rows=111 width=121)
	        Sort Key: c
	        ->  Index Scan using sbtest8_pkey on sbtest8  (cost=0.43..437.82 rows=111 width=121)
	              Index Cond: ((id >= 3858437) AND (id <= 3858536))

for: distinct_ranges
table 1 : explain SELECT DISTINCT c FROM sbtest1 WHERE id BETWEEN 1755753 AND 1755852 ORDER BY c
	Unique  (cost=383.94..384.42 rows=96 width=121)
	  ->  Sort  (cost=383.94..384.18 rows=96 width=121)
	        Sort Key: c
	        ->  Index Scan using sbtest1_pkey on sbtest1  (cost=0.43..380.78 rows=96 width=121)
	              Index Cond: ((id >= 1755753) AND (id <= 1755852))

table 2 : explain SELECT DISTINCT c FROM sbtest2 WHERE id BETWEEN 8455627 AND 8455726 ORDER BY c
	Unique  (cost=376.15..376.62 rows=94 width=121)
	  ->  Sort  (cost=376.15..376.38 rows=94 width=121)
	        Sort Key: c
	        ->  Index Scan using sbtest2_pkey on sbtest2  (cost=0.43..373.07 rows=94 width=121)
	              Index Cond: ((id >= 8455627) AND (id <= 8455726))

table 3 : explain SELECT DISTINCT c FROM sbtest3 WHERE id BETWEEN 2976811 AND 2976910 ORDER BY c
	Unique  (cost=398.53..399.03 rows=100 width=121)
	  ->  Sort  (cost=398.53..398.78 rows=100 width=121)
	        Sort Key: c
	        ->  Index Scan using sbtest3_pkey on sbtest3  (cost=0.43..395.21 rows=100 width=121)
	              Index Cond: ((id >= 2976811) AND (id <= 2976910))

table 4 : explain SELECT DISTINCT c FROM sbtest4 WHERE id BETWEEN 7152451 AND 7152550 ORDER BY c
	Unique  (cost=412.19..412.71 rows=104 width=121)
	  ->  Sort  (cost=412.19..412.45 rows=104 width=121)
	        Sort Key: c
	        ->  Index Scan using sbtest4_pkey on sbtest4  (cost=0.43..408.70 rows=104 width=121)
	              Index Cond: ((id >= 7152451) AND (id <= 7152550))

table 5 : explain SELECT DISTINCT c FROM sbtest5 WHERE id BETWEEN 2326780 AND 2326879 ORDER BY c
	Unique  (cost=387.21..387.70 rows=97 width=121)
	  ->  Sort  (cost=387.21..387.45 rows=97 width=121)
	        Sort Key: c
	        ->  Index Scan using sbtest5_pkey on sbtest5  (cost=0.43..384.01 rows=97 width=121)
	              Index Cond: ((id >= 2326780) AND (id <= 2326879))

table 6 : explain SELECT DISTINCT c FROM sbtest6 WHERE id BETWEEN 1305490 AND 1305589 ORDER BY c
	Unique  (cost=410.54..411.05 rows=103 width=121)
	  ->  Sort  (cost=410.54..410.80 rows=103 width=121)
	        Sort Key: c
	        ->  Index Scan using sbtest6_pkey on sbtest6  (cost=0.43..407.10 rows=103 width=121)
	              Index Cond: ((id >= 1305490) AND (id <= 1305589))

table 7 : explain SELECT DISTINCT c FROM sbtest7 WHERE id BETWEEN 1076634 AND 1076733 ORDER BY c
	Unique  (cost=362.31..362.76 rows=91 width=121)
	  ->  Sort  (cost=362.31..362.54 rows=91 width=121)
	        Sort Key: c
	        ->  Index Scan using sbtest7_pkey on sbtest7  (cost=0.43..359.35 rows=91 width=121)
	              Index Cond: ((id >= 1076634) AND (id <= 1076733))

table 8 : explain SELECT DISTINCT c FROM sbtest8 WHERE id BETWEEN 296235 AND 296334 ORDER BY c
	Unique  (cost=398.22..398.72 rows=100 width=121)
	  ->  Sort  (cost=398.22..398.47 rows=100 width=121)
	        Sort Key: c
	        ->  Index Scan using sbtest8_pkey on sbtest8  (cost=0.43..394.89 rows=100 width=121)
	              Index Cond: ((id >= 296235) AND (id <= 296334))

for: sum_ranges
table 1 : explain SELECT SUM(k) FROM sbtest1 WHERE id BETWEEN 65721 AND 65820
	Aggregate  (cost=400.65..400.66 rows=1 width=8)
	  ->  Index Scan using sbtest1_pkey on sbtest1  (cost=0.43..400.40 rows=101 width=4)
	        Index Cond: ((id >= 65721) AND (id <= 65820))

table 2 : explain SELECT SUM(k) FROM sbtest2 WHERE id BETWEEN 9214780 AND 9214879
	Aggregate  (cost=349.74..349.75 rows=1 width=8)
	  ->  Index Scan using sbtest2_pkey on sbtest2  (cost=0.43..349.52 rows=88 width=4)
	        Index Cond: ((id >= 9214780) AND (id <= 9214879))

table 3 : explain SELECT SUM(k) FROM sbtest3 WHERE id BETWEEN 1791191 AND 1791290
	Aggregate  (cost=434.54..434.55 rows=1 width=8)
	  ->  Index Scan using sbtest3_pkey on sbtest3  (cost=0.43..434.26 rows=110 width=4)
	        Index Cond: ((id >= 1791191) AND (id <= 1791290))

table 4 : explain SELECT SUM(k) FROM sbtest4 WHERE id BETWEEN 6700296 AND 6700395
	Aggregate  (cost=381.75..381.76 rows=1 width=8)
	  ->  Index Scan using sbtest4_pkey on sbtest4  (cost=0.43..381.51 rows=97 width=4)
	        Index Cond: ((id >= 6700296) AND (id <= 6700395))

table 5 : explain SELECT SUM(k) FROM sbtest5 WHERE id BETWEEN 3549223 AND 3549322
	Aggregate  (cost=352.92..352.93 rows=1 width=8)
	  ->  Index Scan using sbtest5_pkey on sbtest5  (cost=0.43..352.69 rows=89 width=4)
	        Index Cond: ((id >= 3549223) AND (id <= 3549322))

table 6 : explain SELECT SUM(k) FROM sbtest6 WHERE id BETWEEN 1980001 AND 1980100
	Aggregate  (cost=387.80..387.81 rows=1 width=8)
	  ->  Index Scan using sbtest6_pkey on sbtest6  (cost=0.43..387.56 rows=98 width=4)
	        Index Cond: ((id >= 1980001) AND (id <= 1980100))

table 7 : explain SELECT SUM(k) FROM sbtest7 WHERE id BETWEEN 5616088 AND 5616187
	Aggregate  (cost=379.08..379.09 rows=1 width=8)
	  ->  Index Scan using sbtest7_pkey on sbtest7  (cost=0.43..378.84 rows=96 width=4)
	        Index Cond: ((id >= 5616088) AND (id <= 5616187))

table 8 : explain SELECT SUM(k) FROM sbtest8 WHERE id BETWEEN 6768746 AND 6768845
	Aggregate  (cost=395.14..395.15 rows=1 width=8)
	  ->  Index Scan using sbtest8_pkey on sbtest8  (cost=0.43..394.89 rows=100 width=4)
	        Index Cond: ((id >= 6768746) AND (id <= 6768845))

for: order_ranges
table 1 : explain SELECT c FROM sbtest1 WHERE id BETWEEN 3658767 AND 3658866 ORDER BY c
	Sort  (cost=395.84..396.09 rows=99 width=121)
	  Sort Key: c
	  ->  Index Scan using sbtest1_pkey on sbtest1  (cost=0.43..392.56 rows=99 width=121)
	        Index Cond: ((id >= 3658767) AND (id <= 3658866))

table 2 : explain SELECT c FROM sbtest2 WHERE id BETWEEN 6862361 AND 6862460 ORDER BY c
	Sort  (cost=376.15..376.38 rows=94 width=121)
	  Sort Key: c
	  ->  Index Scan using sbtest2_pkey on sbtest2  (cost=0.43..373.07 rows=94 width=121)
	        Index Cond: ((id >= 6862361) AND (id <= 6862460))

table 3 : explain SELECT c FROM sbtest3 WHERE id BETWEEN 2514534 AND 2514633 ORDER BY c
	Sort  (cost=386.69..386.93 rows=97 width=121)
	  Sort Key: c
	  ->  Index Scan using sbtest3_pkey on sbtest3  (cost=0.43..383.49 rows=97 width=121)
	        Index Cond: ((id >= 2514534) AND (id <= 2514633))

table 4 : explain SELECT c FROM sbtest4 WHERE id BETWEEN 4160305 AND 4160404 ORDER BY c
	Sort  (cost=439.67..439.95 rows=111 width=121)
	  Sort Key: c
	  ->  Index Scan using sbtest4_pkey on sbtest4  (cost=0.43..435.90 rows=111 width=121)
	        Index Cond: ((id >= 4160305) AND (id <= 4160404))

table 5 : explain SELECT c FROM sbtest5 WHERE id BETWEEN 9890556 AND 9890655 ORDER BY c
	Sort  (cost=387.21..387.45 rows=97 width=121)
	  Sort Key: c
	  ->  Index Scan using sbtest5_pkey on sbtest5  (cost=0.43..384.01 rows=97 width=121)
	        Index Cond: ((id >= 9890556) AND (id <= 9890655))

table 6 : explain SELECT c FROM sbtest6 WHERE id BETWEEN 8353400 AND 8353499 ORDER BY c
	Sort  (cost=434.23..434.50 rows=109 width=121)
	  Sort Key: c
	  ->  Index Scan using sbtest6_pkey on sbtest6  (cost=0.43..430.54 rows=109 width=121)
	        Index Cond: ((id >= 8353400) AND (id <= 8353499))

table 7 : explain SELECT c FROM sbtest7 WHERE id BETWEEN 7366714 AND 7366813 ORDER BY c
	Sort  (cost=393.81..394.06 rows=99 width=121)
	  Sort Key: c
	  ->  Index Scan using sbtest7_pkey on sbtest7  (cost=0.43..390.53 rows=99 width=121)
	        Index Cond: ((id >= 7366714) AND (id <= 7366813))

table 8 : explain SELECT c FROM sbtest8 WHERE id BETWEEN 2768682 AND 2768781 ORDER BY c
	Sort  (cost=461.31..461.60 rows=116 width=121)
	  Sort Key: c
	  ->  Index Scan using sbtest8_pkey on sbtest8  (cost=0.43..457.33 rows=116 width=121)
	        Index Cond: ((id >= 2768682) AND (id <= 2768781))

for: order_ranges
table 1 : explain SELECT c FROM sbtest1 WHERE id BETWEEN 3723222 AND 3723321 ORDER BY c
	Sort  (cost=447.31..447.59 rows=112 width=121)
	  Sort Key: c
	  ->  Index Scan using sbtest1_pkey on sbtest1  (cost=0.43..443.50 rows=112 width=121)
	        Index Cond: ((id >= 3723222) AND (id <= 3723321))

table 2 : explain SELECT c FROM sbtest2 WHERE id BETWEEN 8214613 AND 8214712 ORDER BY c
	Sort  (cost=419.71..419.97 rows=105 width=121)
	  Sort Key: c
	  ->  Index Scan using sbtest2_pkey on sbtest2  (cost=0.43..416.18 rows=105 width=121)
	        Index Cond: ((id >= 8214613) AND (id <= 8214712))

table 3 : explain SELECT c FROM sbtest3 WHERE id BETWEEN 4203342 AND 4203441 ORDER BY c
	Sort  (cost=382.74..382.98 rows=96 width=121)
	  Sort Key: c
	  ->  Index Scan using sbtest3_pkey on sbtest3  (cost=0.43..379.58 rows=96 width=121)
	        Index Cond: ((id >= 4203342) AND (id <= 4203441))

table 4 : explain SELECT c FROM sbtest4 WHERE id BETWEEN 6338498 AND 6338597 ORDER BY c
	Sort  (cost=384.71..384.95 rows=97 width=121)
	  Sort Key: c
	  ->  Index Scan using sbtest4_pkey on sbtest4  (cost=0.43..381.51 rows=97 width=121)
	        Index Cond: ((id >= 6338498) AND (id <= 6338597))

table 5 : explain SELECT c FROM sbtest5 WHERE id BETWEEN 791912 AND 792011 ORDER BY c
	Sort  (cost=426.73..427.00 rows=107 width=121)
	  Sort Key: c
	  ->  Index Scan using sbtest5_pkey on sbtest5  (cost=0.43..423.12 rows=107 width=121)
	        Index Cond: ((id >= 791912) AND (id <= 792011))

table 6 : explain SELECT c FROM sbtest6 WHERE id BETWEEN 3009273 AND 3009372 ORDER BY c
	Sort  (cost=422.38..422.65 rows=106 width=121)
	  Sort Key: c
	  ->  Index Scan using sbtest6_pkey on sbtest6  (cost=0.43..418.82 rows=106 width=121)
	        Index Cond: ((id >= 3009273) AND (id <= 3009372))

table 7 : explain SELECT c FROM sbtest7 WHERE id BETWEEN 2626378 AND 2626477 ORDER BY c
	Sort  (cost=401.69..401.94 rows=101 width=121)
	  Sort Key: c
	  ->  Index Scan using sbtest7_pkey on sbtest7  (cost=0.43..398.33 rows=101 width=121)
	        Index Cond: ((id >= 2626378) AND (id <= 2626477))

table 8 : explain SELECT c FROM sbtest8 WHERE id BETWEEN 4069136 AND 4069235 ORDER BY c
	Sort  (cost=390.33..390.58 rows=98 width=121)
	  Sort Key: c
	  ->  Index Scan using sbtest8_pkey on sbtest8  (cost=0.43..387.09 rows=98 width=121)
	        Index Cond: ((id >= 4069136) AND (id <= 4069235))

for: distinct_ranges
table 1 : explain SELECT DISTINCT c FROM sbtest1 WHERE id BETWEEN 9179137 AND 9179236 ORDER BY c
	Unique  (cost=403.76..404.26 rows=101 width=121)
	  ->  Sort  (cost=403.76..404.01 rows=101 width=121)
	        Sort Key: c
	        ->  Index Scan using sbtest1_pkey on sbtest1  (cost=0.43..400.40 rows=101 width=121)
	              Index Cond: ((id >= 9179137) AND (id <= 9179236))

table 2 : explain SELECT DISTINCT c FROM sbtest2 WHERE id BETWEEN 7424607 AND 7424706 ORDER BY c
	Unique  (cost=388.03..388.51 rows=97 width=121)
	  ->  Sort  (cost=388.03..388.27 rows=97 width=121)
	        Sort Key: c
	        ->  Index Scan using sbtest2_pkey on sbtest2  (cost=0.43..384.83 rows=97 width=121)
	              Index Cond: ((id >= 7424607) AND (id <= 7424706))

table 3 : explain SELECT DISTINCT c FROM sbtest3 WHERE id BETWEEN 9695909 AND 9696008 ORDER BY c
	Unique  (cost=402.47..402.98 rows=101 width=121)
	  ->  Sort  (cost=402.47..402.73 rows=101 width=121)
	        Sort Key: c
	        ->  Index Scan using sbtest3_pkey on sbtest3  (cost=0.43..399.11 rows=101 width=121)
	              Index Cond: ((id >= 9695909) AND (id <= 9696008))

table 4 : explain SELECT DISTINCT c FROM sbtest4 WHERE id BETWEEN 7832116 AND 7832215 ORDER BY c
	Unique  (cost=361.16..361.62 rows=91 width=121)
	  ->  Sort  (cost=361.16..361.39 rows=91 width=121)
	        Sort Key: c
	        ->  Index Scan using sbtest4_pkey on sbtest4  (cost=0.43..358.20 rows=91 width=121)
	              Index Cond: ((id >= 7832116) AND (id <= 7832215))

table 5 : explain SELECT DISTINCT c FROM sbtest5 WHERE id BETWEEN 1135376 AND 1135475 ORDER BY c
	Unique  (cost=430.68..431.22 rows=108 width=121)
	  ->  Sort  (cost=430.68..430.95 rows=108 width=121)
	        Sort Key: c
	        ->  Index Scan using sbtest5_pkey on sbtest5  (cost=0.43..427.03 rows=108 width=121)
	              Index Cond: ((id >= 1135376) AND (id <= 1135475))

table 6 : explain SELECT DISTINCT c FROM sbtest6 WHERE id BETWEEN 9435122 AND 9435221 ORDER BY c
	Unique  (cost=430.28..430.82 rows=108 width=121)
	  ->  Sort  (cost=430.28..430.55 rows=108 width=121)
	        Sort Key: c
	        ->  Index Scan using sbtest6_pkey on sbtest6  (cost=0.43..426.63 rows=108 width=121)
	              Index Cond: ((id >= 9435122) AND (id <= 9435221))

table 7 : explain SELECT DISTINCT c FROM sbtest7 WHERE id BETWEEN 4539790 AND 4539889 ORDER BY c
	Unique  (cost=393.81..394.31 rows=99 width=121)
	  ->  Sort  (cost=393.81..394.06 rows=99 width=121)
	        Sort Key: c
	        ->  Index Scan using sbtest7_pkey on sbtest7  (cost=0.43..390.53 rows=99 width=121)
	              Index Cond: ((id >= 4539790) AND (id <= 4539889))

table 8 : explain SELECT DISTINCT c FROM sbtest8 WHERE id BETWEEN 47274 AND 47373 ORDER BY c
	Unique  (cost=449.48..450.05 rows=113 width=121)
	  ->  Sort  (cost=449.48..449.76 rows=113 width=121)
	        Sort Key: c
	        ->  Index Scan using sbtest8_pkey on sbtest8  (cost=0.43..445.63 rows=113 width=121)
	              Index Cond: ((id >= 47274) AND (id <= 47373))

for: distinct_ranges
table 1 : explain SELECT DISTINCT c FROM sbtest1 WHERE id BETWEEN 7845570 AND 7845669 ORDER BY c
	Unique  (cost=368.10..368.56 rows=92 width=121)
	  ->  Sort  (cost=368.10..368.33 rows=92 width=121)
	        Sort Key: c
	        ->  Index Scan using sbtest1_pkey on sbtest1  (cost=0.43..365.10 rows=92 width=121)
	              Index Cond: ((id >= 7845570) AND (id <= 7845669))

table 2 : explain SELECT DISTINCT c FROM sbtest2 WHERE id BETWEEN 2500423 AND 2500522 ORDER BY c
	Unique  (cost=364.24..364.70 rows=91 width=121)
	  ->  Sort  (cost=364.24..364.47 rows=91 width=121)
	        Sort Key: c
	        ->  Index Scan using sbtest2_pkey on sbtest2  (cost=0.43..361.28 rows=91 width=121)
	              Index Cond: ((id >= 2500423) AND (id <= 2500522))

table 3 : explain SELECT DISTINCT c FROM sbtest3 WHERE id BETWEEN 7603124 AND 7603223 ORDER BY c
	Unique  (cost=394.58..395.08 rows=99 width=121)
	  ->  Sort  (cost=394.58..394.83 rows=99 width=121)
	        Sort Key: c
	        ->  Index Scan using sbtest3_pkey on sbtest3  (cost=0.43..391.30 rows=99 width=121)
	              Index Cond: ((id >= 7603124) AND (id <= 7603223))

table 4 : explain SELECT DISTINCT c FROM sbtest4 WHERE id BETWEEN 4553916 AND 4554015 ORDER BY c
	Unique  (cost=384.71..385.20 rows=97 width=121)
	  ->  Sort  (cost=384.71..384.95 rows=97 width=121)
	        Sort Key: c
	        ->  Index Scan using sbtest4_pkey on sbtest4  (cost=0.43..381.51 rows=97 width=121)
	              Index Cond: ((id >= 4553916) AND (id <= 4554015))

table 5 : explain SELECT DISTINCT c FROM sbtest5 WHERE id BETWEEN 8523870 AND 8523969 ORDER BY c
	Unique  (cost=399.07..399.57 rows=100 width=121)
	  ->  Sort  (cost=399.07..399.32 rows=100 width=121)
	        Sort Key: c
	        ->  Index Scan using sbtest5_pkey on sbtest5  (cost=0.43..395.74 rows=100 width=121)
	              Index Cond: ((id >= 8523870) AND (id <= 8523969))

table 6 : explain SELECT DISTINCT c FROM sbtest6 WHERE id BETWEEN 6672658 AND 6672757 ORDER BY c
	Unique  (cost=378.96..379.43 rows=95 width=121)
	  ->  Sort  (cost=378.96..379.19 rows=95 width=121)
	        Sort Key: c
	        ->  Index Scan using sbtest6_pkey on sbtest6  (cost=0.43..375.84 rows=95 width=121)
	              Index Cond: ((id >= 6672658) AND (id <= 6672757))

table 7 : explain SELECT DISTINCT c FROM sbtest7 WHERE id BETWEEN 5898111 AND 5898210 ORDER BY c
	Unique  (cost=378.06..378.54 rows=95 width=121)
	  ->  Sort  (cost=378.06..378.30 rows=95 width=121)
	        Sort Key: c
	        ->  Index Scan using sbtest7_pkey on sbtest7  (cost=0.43..374.94 rows=95 width=121)
	              Index Cond: ((id >= 5898111) AND (id <= 5898210))

table 8 : explain SELECT DISTINCT c FROM sbtest8 WHERE id BETWEEN 4529839 AND 4529938 ORDER BY c
	Unique  (cost=378.50..378.98 rows=95 width=121)
	  ->  Sort  (cost=378.50..378.74 rows=95 width=121)
	        Sort Key: c
	        ->  Index Scan using sbtest8_pkey on sbtest8  (cost=0.43..375.38 rows=95 width=121)
	              Index Cond: ((id >= 4529839) AND (id <= 4529938))

Threads started!

Warming up for 5 seconds...

SQL statistics:
    queries performed:
        read:                            253331186
        write:                           0
        other:                           36190179
        total:                           289521365
    transactions:                        18095109 (28722.07 per sec.)
    queries:                             289521365 (459552.56 per sec.)
    ignored errors:                      0      (0.00 per sec.)
    reconnects:                          0      (0.00 per sec.)

Throughput:
    events/s (eps):                      28722.0726
    time elapsed:                        630.0072s
    total number of events:              18095109

Latency (ms):
         min:                                    1.12
         avg:                                    1.39
         max:                                   24.91
         95th percentile:                        1.44
         sum:                             25182110.67

Threads fairness:
    events (avg/stddev):           452377.4250/2306.72
    execution time (avg/stddev):   629.5528/0.01

