LUA_PATH=/home/mdcallag/git/mytools/bench/sysbench.lua/lua/?.lua /home/mdcallag/git/mytools/bench/sysbench.lua/lua/sysbench --db-driver=pgsql --range-size=10000 --table-size=10000000 --tables=8 --threads=40 --events=0 --warmup-time=5 --time=630 --pgsql_conn_id=true /home/mdcallag/git/mytools/bench/sysbench.lua/lua/oltp_read_only.lua run --pgsql-user=root --pgsql-password=pw --pgsql-host=127.0.0.1 --pgsql-db=ib --rand-type=uniform
48 CPUs
sysbench 1.1.0-9072687 (using bundled LuaJIT 2.1.0-beta3)

Running the test with following options:
Number of threads: 40
Warmup time: 5s
Initializing random number generator from current time


Initializing worker threads...

explain: for point_selects :: explain SELECT c FROM sbtest%u WHERE id=%u
explain: for point_selects :: explain SELECT c FROM sbtest%u WHERE id=%u
explain: for point_selects :: explain SELECT c FROM sbtest%u WHERE id=%u
explain: for point_selects :: explain SELECT c FROM sbtest%u WHERE id=%u
for point_selects
table 1 : explain SELECT c FROM sbtest1 WHERE id=2485146
	Index Scan using sbtest1_pkey on sbtest1  (cost=0.43..8.45 rows=1 width=121)
	  Index Cond: (id = 2485146)

table 2 : explain SELECT c FROM sbtest2 WHERE id=2711365
	Index Scan using sbtest2_pkey on sbtest2  (cost=0.43..8.45 rows=1 width=121)
	  Index Cond: (id = 2711365)

table 3 : explain SELECT c FROM sbtest3 WHERE id=4838894
	Index Scan using sbtest3_pkey on sbtest3  (cost=0.43..8.45 rows=1 width=121)
	  Index Cond: (id = 4838894)

table 4 : explain SELECT c FROM sbtest4 WHERE id=1726356
	Index Scan using sbtest4_pkey on sbtest4  (cost=0.43..8.45 rows=1 width=121)
	  Index Cond: (id = 1726356)

table 5 : explain SELECT c FROM sbtest5 WHERE id=9062040
	Index Scan using sbtest5_pkey on sbtest5  (cost=0.43..8.45 rows=1 width=121)
	  Index Cond: (id = 9062040)

table 6 : explain SELECT c FROM sbtest6 WHERE id=4848329
	Index Scan using sbtest6_pkey on sbtest6  (cost=0.43..8.45 rows=1 width=121)
	  Index Cond: (id = 4848329)

table 7 : explain SELECT c FROM sbtest7 WHERE id=6325753
	Index Scan using sbtest7_pkey on sbtest7  (cost=0.43..8.45 rows=1 width=121)
	  Index Cond: (id = 6325753)

table 8 : explain SELECT c FROM sbtest8 WHERE id=7671994
	Index Scan using sbtest8_pkey on sbtest8  (cost=0.43..8.45 rows=1 width=121)
	  Index Cond: (id = 7671994)

for point_selects
table 1 : explain SELECT c FROM sbtest1 WHERE id=8266746
	Index Scan using sbtest1_pkey on sbtest1  (cost=0.43..8.45 rows=1 width=121)
	  Index Cond: (id = 8266746)

table 2 : explain SELECT c FROM sbtest2 WHERE id=327108
	Index Scan using sbtest2_pkey on sbtest2  (cost=0.43..8.45 rows=1 width=121)
	  Index Cond: (id = 327108)

table 3 : explain SELECT c FROM sbtest3 WHERE id=8147484
	Index Scan using sbtest3_pkey on sbtest3  (cost=0.43..8.45 rows=1 width=121)
	  Index Cond: (id = 8147484)

table 4 : explain SELECT c FROM sbtest4 WHERE id=1535031
	Index Scan using sbtest4_pkey on sbtest4  (cost=0.43..8.45 rows=1 width=121)
	  Index Cond: (id = 1535031)

table 5 : explain SELECT c FROM sbtest5 WHERE id=4740959
	Index Scan using sbtest5_pkey on sbtest5  (cost=0.43..8.45 rows=1 width=121)
	  Index Cond: (id = 4740959)

table 6 : explain SELECT c FROM sbtest6 WHERE id=1446454
	Index Scan using sbtest6_pkey on sbtest6  (cost=0.43..8.45 rows=1 width=121)
	  Index Cond: (id = 1446454)

table 7 : explain SELECT c FROM sbtest7 WHERE id=6343908
	Index Scan using sbtest7_pkey on sbtest7  (cost=0.43..8.45 rows=1 width=121)
	  Index Cond: (id = 6343908)

table 8 : explain SELECT c FROM sbtest8 WHERE id=3098409
	Index Scan using sbtest8_pkey on sbtest8  (cost=0.43..8.45 rows=1 width=121)
	  Index Cond: (id = 3098409)

explain: for point_selects :: explain SELECT c FROM sbtest%u WHERE id=%u
explain: for point_selects :: explain SELECT c FROM sbtest%u WHERE id=%u
for: simple_ranges
table 1 : explain SELECT c FROM sbtest1 WHERE id BETWEEN 5944004 AND 5954003
	Bitmap Heap Scan on sbtest1  (cost=309.93..33025.71 rows=9512 width=121)
	  Recheck Cond: ((id >= 5944004) AND (id <= 5954003))
	  ->  Bitmap Index Scan on sbtest1_pkey  (cost=0.00..307.56 rows=9512 width=0)
	        Index Cond: ((id >= 5944004) AND (id <= 5954003))

table 2 : explain SELECT c FROM sbtest2 WHERE id BETWEEN 5492190 AND 5502189
	Bitmap Heap Scan on sbtest2  (cost=340.52..36428.93 rows=10545 width=121)
	  Recheck Cond: ((id >= 5492190) AND (id <= 5502189))
	  ->  Bitmap Index Scan on sbtest2_pkey  (cost=0.00..337.88 rows=10545 width=0)
	        Index Cond: ((id >= 5492190) AND (id <= 5502189))

table 3 : explain SELECT c FROM sbtest3 WHERE id BETWEEN 9553122 AND 9563121
	Bitmap Heap Scan on sbtest3  (cost=322.95..34683.09 rows=10001 width=121)
	  Recheck Cond: ((id >= 9553122) AND (id <= 9563121))
	  ->  Bitmap Index Scan on sbtest3_pkey  (cost=0.00..320.44 rows=10001 width=0)
	        Index Cond: ((id >= 9553122) AND (id <= 9563121))

table 4 : explain SELECT c FROM sbtest4 WHERE id BETWEEN 8766365 AND 8776364
	Bitmap Heap Scan on sbtest4  (cost=356.60..37786.87 rows=10943 width=121)
	  Recheck Cond: ((id >= 8766365) AND (id <= 8776364))
	  ->  Bitmap Index Scan on sbtest4_pkey  (cost=0.00..353.87 rows=10943 width=0)
	        Index Cond: ((id >= 8766365) AND (id <= 8776364))

table 5 : explain SELECT c FROM sbtest5 WHERE id BETWEEN 8433187 AND 8443186
	Bitmap Heap Scan on sbtest5  (cost=327.26..34905.49 rows=10032 width=121)
	  Recheck Cond: ((id >= 8433187) AND (id <= 8443186))
	  ->  Bitmap Index Scan on sbtest5_pkey  (cost=0.00..324.75 rows=10032 width=0)
	        Index Cond: ((id >= 8433187) AND (id <= 8443186))

table 6 : explain SELECT c FROM sbtest6 WHERE id BETWEEN 8480731 AND 8490730
	Bitmap Heap Scan on sbtest6  (cost=321.81..34469.59 rows=9890 width=121)
	  Recheck Cond: ((id >= 8480731) AND (id <= 8490730))
	  ->  Bitmap Index Scan on sbtest6_pkey  (cost=0.00..319.33 rows=9890 width=0)
	        Index Cond: ((id >= 8480731) AND (id <= 8490730))

table 7 : explain SELECT c FROM sbtest7 WHERE id BETWEEN 8421000 AND 8430999
	Bitmap Heap Scan on sbtest7  (cost=299.32..32447.96 rows=9257 width=121)
	  Recheck Cond: ((id >= 8421000) AND (id <= 8430999))
	  ->  Bitmap Index Scan on sbtest7_pkey  (cost=0.00..297.00 rows=9257 width=0)
	        Index Cond: ((id >= 8421000) AND (id <= 8430999))

table 8 : explain SELECT c FROM sbtest8 WHERE id BETWEEN 3558264 AND 3568263
	Bitmap Heap Scan on sbtest8  (cost=364.14..38882.04 rows=11288 width=121)
	  Recheck Cond: ((id >= 3558264) AND (id <= 3568263))
	  ->  Bitmap Index Scan on sbtest8_pkey  (cost=0.00..361.31 rows=11288 width=0)
	        Index Cond: ((id >= 3558264) AND (id <= 3568263))

for: simple_ranges
table 1 : explain SELECT c FROM sbtest1 WHERE id BETWEEN 4534699 AND 4544698
	Bitmap Heap Scan on sbtest1  (cost=333.98..35493.45 rows=10297 width=121)
	  Recheck Cond: ((id >= 4534699) AND (id <= 4544698))
	  ->  Bitmap Index Scan on sbtest1_pkey  (cost=0.00..331.41 rows=10297 width=0)
	        Index Cond: ((id >= 4534699) AND (id <= 4544698))

table 2 : explain SELECT c FROM sbtest2 WHERE id BETWEEN 7631014 AND 7641013
	Bitmap Heap Scan on sbtest2  (cost=345.98..36876.95 rows=10687 width=121)
	  Recheck Cond: ((id >= 7631014) AND (id <= 7641013))
	  ->  Bitmap Index Scan on sbtest2_pkey  (cost=0.00..343.31 rows=10687 width=0)
	        Index Cond: ((id >= 7631014) AND (id <= 7641013))

table 3 : explain SELECT c FROM sbtest3 WHERE id BETWEEN 8615458 AND 8625457
	Bitmap Heap Scan on sbtest3  (cost=304.90..32809.81 rows=9411 width=121)
	  Recheck Cond: ((id >= 8615458) AND (id <= 8625457))
	  ->  Bitmap Index Scan on sbtest3_pkey  (cost=0.00..302.55 rows=9411 width=0)
	        Index Cond: ((id >= 8615458) AND (id <= 8625457))

table 4 : explain SELECT c FROM sbtest4 WHERE id BETWEEN 3814091 AND 3824090
	Bitmap Heap Scan on sbtest4  (cost=338.97..36057.66 rows=10394 width=121)
	  Recheck Cond: ((id >= 3814091) AND (id <= 3824090))
	  ->  Bitmap Index Scan on sbtest4_pkey  (cost=0.00..336.38 rows=10394 width=0)
	        Index Cond: ((id >= 3814091) AND (id <= 3824090))

table 5 : explain SELECT c FROM sbtest5 WHERE id BETWEEN 5205516 AND 5215515
	Bitmap Heap Scan on sbtest5  (cost=305.29..33039.96 rows=9449 width=121)
	  Recheck Cond: ((id >= 5205516) AND (id <= 5215515))
	  ->  Bitmap Index Scan on sbtest5_pkey  (cost=0.00..302.93 rows=9449 width=0)
	        Index Cond: ((id >= 5205516) AND (id <= 5215515))

table 6 : explain SELECT c FROM sbtest6 WHERE id BETWEEN 3828582 AND 3838581
	Bitmap Heap Scan on sbtest6  (cost=304.16..32705.46 rows=9339 width=121)
	  Recheck Cond: ((id >= 3828582) AND (id <= 3838581))
	  ->  Bitmap Index Scan on sbtest6_pkey  (cost=0.00..301.82 rows=9339 width=0)
	        Index Cond: ((id >= 3828582) AND (id <= 3838581))

table 7 : explain SELECT c FROM sbtest7 WHERE id BETWEEN 1404251 AND 1414250
	Bitmap Heap Scan on sbtest7  (cost=368.57..39020.46 rows=11330 width=121)
	  Recheck Cond: ((id >= 1404251) AND (id <= 1414250))
	  ->  Bitmap Index Scan on sbtest7_pkey  (cost=0.00..365.74 rows=11330 width=0)
	        Index Cond: ((id >= 1404251) AND (id <= 1414250))

table 8 : explain SELECT c FROM sbtest8 WHERE id BETWEEN 6396904 AND 6406903
	Bitmap Heap Scan on sbtest8  (cost=334.61..35960.27 rows=10359 width=121)
	  Recheck Cond: ((id >= 6396904) AND (id <= 6406903))
	  ->  Bitmap Index Scan on sbtest8_pkey  (cost=0.00..332.03 rows=10359 width=0)
	        Index Cond: ((id >= 6396904) AND (id <= 6406903))

for point_selects
table 1 : explain SELECT c FROM sbtest1 WHERE id=3079583
	Index Scan using sbtest1_pkey on sbtest1  (cost=0.43..8.45 rows=1 width=121)
	  Index Cond: (id = 3079583)

table 2 : explain SELECT c FROM sbtest2 WHERE id=3767854
	Index Scan using sbtest2_pkey on sbtest2  (cost=0.43..8.45 rows=1 width=121)
	  Index Cond: (id = 3767854)

table 3 : explain SELECT c FROM sbtest3 WHERE id=9084068
	Index Scan using sbtest3_pkey on sbtest3  (cost=0.43..8.45 rows=1 width=121)
	  Index Cond: (id = 9084068)

table 4 : explain SELECT c FROM sbtest4 WHERE id=573939
	Index Scan using sbtest4_pkey on sbtest4  (cost=0.43..8.45 rows=1 width=121)
	  Index Cond: (id = 573939)

table 5 : explain SELECT c FROM sbtest5 WHERE id=2832427
	Index Scan using sbtest5_pkey on sbtest5  (cost=0.43..8.45 rows=1 width=121)
	  Index Cond: (id = 2832427)

table 6 : explain SELECT c FROM sbtest6 WHERE id=869381
	Index Scan using sbtest6_pkey on sbtest6  (cost=0.43..8.45 rows=1 width=121)
	  Index Cond: (id = 869381)

table 7 : explain SELECT c FROM sbtest7 WHERE id=2304459
	Index Scan using sbtest7_pkey on sbtest7  (cost=0.43..8.45 rows=1 width=121)
	  Index Cond: (id = 2304459)

table 8 : explain SELECT c FROM sbtest8 WHERE id=8100430
	Index Scan using sbtest8_pkey on sbtest8  (cost=0.43..8.45 rows=1 width=121)
	  Index Cond: (id = 8100430)

explain: for point_selects :: explain SELECT c FROM sbtest%u WHERE id=%u
explain: for point_selects :: explain SELECT c FROM sbtest%u WHERE id=%u
explain: for point_selects :: explain SELECT c FROM sbtest%u WHERE id=%u
explain: for point_selects :: explain SELECT c FROM sbtest%u WHERE id=%u
for point_selects
table 1 : explain SELECT c FROM sbtest1 WHERE id=1040831
	Index Scan using sbtest1_pkey on sbtest1  (cost=0.43..8.45 rows=1 width=121)
	  Index Cond: (id = 1040831)

table 2 : explain SELECT c FROM sbtest2 WHERE id=8638424
	Index Scan using sbtest2_pkey on sbtest2  (cost=0.43..8.45 rows=1 width=121)
	  Index Cond: (id = 8638424)

table 3 : explain SELECT c FROM sbtest3 WHERE id=2731065
	Index Scan using sbtest3_pkey on sbtest3  (cost=0.43..8.45 rows=1 width=121)
	  Index Cond: (id = 2731065)

table 4 : explain SELECT c FROM sbtest4 WHERE id=8017808
	Index Scan using sbtest4_pkey on sbtest4  (cost=0.43..8.45 rows=1 width=121)
	  Index Cond: (id = 8017808)

table 5 : explain SELECT c FROM sbtest5 WHERE id=575971
	Index Scan using sbtest5_pkey on sbtest5  (cost=0.43..8.45 rows=1 width=121)
	  Index Cond: (id = 575971)

table 6 : explain SELECT c FROM sbtest6 WHERE id=561541
	Index Scan using sbtest6_pkey on sbtest6  (cost=0.43..8.45 rows=1 width=121)
	  Index Cond: (id = 561541)

table 7 : explain SELECT c FROM sbtest7 WHERE id=140135
	Index Scan using sbtest7_pkey on sbtest7  (cost=0.43..8.45 rows=1 width=121)
	  Index Cond: (id = 140135)

table 8 : explain SELECT c FROM sbtest8 WHERE id=7551192
	Index Scan using sbtest8_pkey on sbtest8  (cost=0.43..8.45 rows=1 width=121)
	  Index Cond: (id = 7551192)

explain: for point_selects :: explain SELECT c FROM sbtest%u WHERE id=%u
explain: for point_selects :: explain SELECT c FROM sbtest%u WHERE id=%u
for: simple_ranges
table 1 : explain SELECT c FROM sbtest1 WHERE id BETWEEN 2930732 AND 2940731
	Bitmap Heap Scan on sbtest1  (cost=350.52..36879.06 rows=10740 width=121)
	  Recheck Cond: ((id >= 2930732) AND (id <= 2940731))
	  ->  Bitmap Index Scan on sbtest1_pkey  (cost=0.00..347.83 rows=10740 width=0)
	        Index Cond: ((id >= 2930732) AND (id <= 2940731))

table 2 : explain SELECT c FROM sbtest2 WHERE id BETWEEN 1459019 AND 1469018
	Bitmap Heap Scan on sbtest2  (cost=333.64..35547.56 rows=10264 width=121)
	  Recheck Cond: ((id >= 1459019) AND (id <= 1469018))
	  ->  Bitmap Index Scan on sbtest2_pkey  (cost=0.00..331.07 rows=10264 width=0)
	        Index Cond: ((id >= 1459019) AND (id <= 1469018))

table 3 : explain SELECT c FROM sbtest3 WHERE id BETWEEN 1138599 AND 1148598
	Bitmap Heap Scan on sbtest3  (cost=328.50..35162.48 rows=10153 width=121)
	  Recheck Cond: ((id >= 1138599) AND (id <= 1148598))
	  ->  Bitmap Index Scan on sbtest3_pkey  (cost=0.00..325.96 rows=10153 width=0)
	        Index Cond: ((id >= 1138599) AND (id <= 1148598))

table 4 : explain SELECT c FROM sbtest4 WHERE id BETWEEN 5556791 AND 5566790
	Bitmap Heap Scan on sbtest4  (cost=321.49..34359.93 rows=9859 width=121)
	  Recheck Cond: ((id >= 5556791) AND (id <= 5566790))
	  ->  Bitmap Index Scan on sbtest4_pkey  (cost=0.00..319.03 rows=9859 width=0)
	        Index Cond: ((id >= 5556791) AND (id <= 5566790))

table 5 : explain SELECT c FROM sbtest5 WHERE id BETWEEN 9849728 AND 9859727
	Bitmap Heap Scan on sbtest5  (cost=316.26..33969.43 rows=9739 width=121)
	  Recheck Cond: ((id >= 9849728) AND (id <= 9859727))
	  ->  Bitmap Index Scan on sbtest5_pkey  (cost=0.00..313.82 rows=9739 width=0)
	        Index Cond: ((id >= 9849728) AND (id <= 9859727))

table 6 : explain SELECT c FROM sbtest6 WHERE id BETWEEN 126032 AND 136031
	Bitmap Heap Scan on sbtest6  (cost=328.60..35332.42 rows=10162 width=121)
	  Recheck Cond: ((id >= 126032) AND (id <= 136031))
	  ->  Bitmap Index Scan on sbtest6_pkey  (cost=0.00..326.06 rows=10162 width=0)
	        Index Cond: ((id >= 126032) AND (id <= 136031))

table 7 : explain SELECT c FROM sbtest7 WHERE id BETWEEN 1452028 AND 1462027
	Bitmap Heap Scan on sbtest7  (cost=368.57..39020.46 rows=11330 width=121)
	  Recheck Cond: ((id >= 1452028) AND (id <= 1462027))
	  ->  Bitmap Index Scan on sbtest7_pkey  (cost=0.00..365.74 rows=11330 width=0)
	        Index Cond: ((id >= 1452028) AND (id <= 1462027))

table 8 : explain SELECT c FROM sbtest8 WHERE id BETWEEN 2968654 AND 2978653
	Bitmap Heap Scan on sbtest8  (cost=292.87..31675.63 rows=9018 width=121)
	  Recheck Cond: ((id >= 2968654) AND (id <= 2978653))
	  ->  Bitmap Index Scan on sbtest8_pkey  (cost=0.00..290.62 rows=9018 width=0)
	        Index Cond: ((id >= 2968654) AND (id <= 2978653))

explain: for point_selects :: explain SELECT c FROM sbtest%u WHERE id=%u
for point_selects
table 1 : explain SELECT c FROM sbtest1 WHERE id=1741298
	Index Scan using sbtest1_pkey on sbtest1  (cost=0.43..8.45 rows=1 width=121)
	  Index Cond: (id = 1741298)

table 2 : explain SELECT c FROM sbtest2 WHERE id=7794097
	Index Scan using sbtest2_pkey on sbtest2  (cost=0.43..8.45 rows=1 width=121)
	  Index Cond: (id = 7794097)

table 3 : explain SELECT c FROM sbtest3 WHERE id=4310170
	Index Scan using sbtest3_pkey on sbtest3  (cost=0.43..8.45 rows=1 width=121)
	  Index Cond: (id = 4310170)

table 4 : explain SELECT c FROM sbtest4 WHERE id=7711043
	Index Scan using sbtest4_pkey on sbtest4  (cost=0.43..8.45 rows=1 width=121)
	  Index Cond: (id = 7711043)

table 5 : explain SELECT c FROM sbtest5 WHERE id=5419548
	Index Scan using sbtest5_pkey on sbtest5  (cost=0.43..8.45 rows=1 width=121)
	  Index Cond: (id = 5419548)

table 6 : explain SELECT c FROM sbtest6 WHERE id=360321
	Index Scan using sbtest6_pkey on sbtest6  (cost=0.43..8.45 rows=1 width=121)
	  Index Cond: (id = 360321)

table 7 : explain SELECT c FROM sbtest7 WHERE id=7742481
	Index Scan using sbtest7_pkey on sbtest7  (cost=0.43..8.45 rows=1 width=121)
	  Index Cond: (id = 7742481)

table 8 : explain SELECT c FROM sbtest8 WHERE id=5059509
	Index Scan using sbtest8_pkey on sbtest8  (cost=0.43..8.45 rows=1 width=121)
	  Index Cond: (id = 5059509)

for: simple_ranges
table 1 : explain SELECT c FROM sbtest1 WHERE id BETWEEN 8917605 AND 8927604
	Bitmap Heap Scan on sbtest1  (cost=310.23..33116.47 rows=9541 width=121)
	  Recheck Cond: ((id >= 8917605) AND (id <= 8927604))
	  ->  Bitmap Index Scan on sbtest1_pkey  (cost=0.00..307.84 rows=9541 width=0)
	        Index Cond: ((id >= 8917605) AND (id <= 8927604))

table 2 : explain SELECT c FROM sbtest2 WHERE id BETWEEN 6015770 AND 6025769
	Bitmap Heap Scan on sbtest2  (cost=345.63..36770.84 rows=10653 width=121)
	  Recheck Cond: ((id >= 6015770) AND (id <= 6025769))
	  ->  Bitmap Index Scan on sbtest2_pkey  (cost=0.00..342.96 rows=10653 width=0)
	        Index Cond: ((id >= 6015770) AND (id <= 6025769))

table 3 : explain SELECT c FROM sbtest3 WHERE id BETWEEN 8635446 AND 8645445
	Bitmap Heap Scan on sbtest3  (cost=304.90..32809.81 rows=9411 width=121)
	  Recheck Cond: ((id >= 8635446) AND (id <= 8645445))
	  ->  Bitmap Index Scan on sbtest3_pkey  (cost=0.00..302.55 rows=9411 width=0)
	        Index Cond: ((id >= 8635446) AND (id <= 8645445))

table 4 : explain SELECT c FROM sbtest4 WHERE id BETWEEN 1798455 AND 1808454
	Bitmap Heap Scan on sbtest4  (cost=368.92..39101.44 rows=11364 width=121)
	  Recheck Cond: ((id >= 1798455) AND (id <= 1808454))
	  ->  Bitmap Index Scan on sbtest4_pkey  (cost=0.00..366.07 rows=11364 width=0)
	        Index Cond: ((id >= 1798455) AND (id <= 1808454))

table 5 : explain SELECT c FROM sbtest5 WHERE id BETWEEN 2651425 AND 2661424
	Bitmap Heap Scan on sbtest5  (cost=321.62..34393.90 rows=9872 width=121)
	  Recheck Cond: ((id >= 2651425) AND (id <= 2661424))
	  ->  Bitmap Index Scan on sbtest5_pkey  (cost=0.00..319.16 rows=9872 width=0)
	        Index Cond: ((id >= 2651425) AND (id <= 2661424))

table 6 : explain SELECT c FROM sbtest6 WHERE id BETWEEN 4697039 AND 4707038
	Bitmap Heap Scan on sbtest6  (cost=311.36..33701.36 rows=9651 width=121)
	  Recheck Cond: ((id >= 4697039) AND (id <= 4707038))
	  ->  Bitmap Index Scan on sbtest6_pkey  (cost=0.00..308.94 rows=9651 width=0)
	        Index Cond: ((id >= 4697039) AND (id <= 4707038))

table 7 : explain SELECT c FROM sbtest7 WHERE id BETWEEN 7550759 AND 7560758
	Bitmap Heap Scan on sbtest7  (cost=357.20..37987.79 rows=11001 width=121)
	  Recheck Cond: ((id >= 7550759) AND (id <= 7560758))
	  ->  Bitmap Index Scan on sbtest7_pkey  (cost=0.00..354.44 rows=11001 width=0)
	        Index Cond: ((id >= 7550759) AND (id <= 7560758))

table 8 : explain SELECT c FROM sbtest8 WHERE id BETWEEN 7411960 AND 7421959
	Bitmap Heap Scan on sbtest8  (cost=345.14..36738.61 rows=10605 width=121)
	  Recheck Cond: ((id >= 7411960) AND (id <= 7421959))
	  ->  Bitmap Index Scan on sbtest8_pkey  (cost=0.00..342.49 rows=10605 width=0)
	        Index Cond: ((id >= 7411960) AND (id <= 7421959))

explain: for point_selects :: explain SELECT c FROM sbtest%u WHERE id=%u
for point_selects
table 1 : explain SELECT c FROM sbtest1 WHERE id=39798
	Index Scan using sbtest1_pkey on sbtest1  (cost=0.43..8.45 rows=1 width=121)
	  Index Cond: (id = 39798)

table 2 : explain SELECT c FROM sbtest2 WHERE id=8634421
	Index Scan using sbtest2_pkey on sbtest2  (cost=0.43..8.45 rows=1 width=121)
	  Index Cond: (id = 8634421)

table 3 : explain SELECT c FROM sbtest3 WHERE id=756788
	Index Scan using sbtest3_pkey on sbtest3  (cost=0.43..8.45 rows=1 width=121)
	  Index Cond: (id = 756788)

table 4 : explain SELECT c FROM sbtest4 WHERE id=4036839
	Index Scan using sbtest4_pkey on sbtest4  (cost=0.43..8.45 rows=1 width=121)
	  Index Cond: (id = 4036839)

table 5 : explain SELECT c FROM sbtest5 WHERE id=7190823
	Index Scan using sbtest5_pkey on sbtest5  (cost=0.43..8.45 rows=1 width=121)
	  Index Cond: (id = 7190823)

table 6 : explain SELECT c FROM sbtest6 WHERE id=2593669
	Index Scan using sbtest6_pkey on sbtest6  (cost=0.43..8.45 rows=1 width=121)
	  Index Cond: (id = 2593669)

table 7 : explain SELECT c FROM sbtest7 WHERE id=9301263
	Index Scan using sbtest7_pkey on sbtest7  (cost=0.43..8.45 rows=1 width=121)
	  Index Cond: (id = 9301263)

table 8 : explain SELECT c FROM sbtest8 WHERE id=4996172
	Index Scan using sbtest8_pkey on sbtest8  (cost=0.43..8.45 rows=1 width=121)
	  Index Cond: (id = 4996172)

for: simple_ranges
table 1 : explain SELECT c FROM sbtest1 WHERE id BETWEEN 7404089 AND 7414088
	Bitmap Heap Scan on sbtest1  (cost=287.79..31119.19 rows=8913 width=121)
	  Recheck Cond: ((id >= 7404089) AND (id <= 7414088))
	  ->  Bitmap Index Scan on sbtest1_pkey  (cost=0.00..285.56 rows=8913 width=0)
	        Index Cond: ((id >= 7404089) AND (id <= 7414088))

table 2 : explain SELECT c FROM sbtest2 WHERE id BETWEEN 9452449 AND 9462448
	Bitmap Heap Scan on sbtest2  (cost=287.82..31251.88 rows=8916 width=121)
	  Recheck Cond: ((id >= 9452449) AND (id <= 9462448))
	  ->  Bitmap Index Scan on sbtest2_pkey  (cost=0.00..285.59 rows=8916 width=0)
	        Index Cond: ((id >= 9452449) AND (id <= 9462448))

table 3 : explain SELECT c FROM sbtest3 WHERE id BETWEEN 8889974 AND 8899973
	Bitmap Heap Scan on sbtest3  (cost=335.20..35989.07 rows=10416 width=121)
	  Recheck Cond: ((id >= 8889974) AND (id <= 8899973))
	  ->  Bitmap Index Scan on sbtest3_pkey  (cost=0.00..332.59 rows=10416 width=0)
	        Index Cond: ((id >= 8889974) AND (id <= 8899973))

table 4 : explain SELECT c FROM sbtest4 WHERE id BETWEEN 4886223 AND 4896222
	Bitmap Heap Scan on sbtest4  (cost=328.34..35242.20 rows=10137 width=121)
	  Recheck Cond: ((id >= 4886223) AND (id <= 4896222))
	  ->  Bitmap Index Scan on sbtest4_pkey  (cost=0.00..325.81 rows=10137 width=0)
	        Index Cond: ((id >= 4886223) AND (id <= 4896222))

table 5 : explain SELECT c FROM sbtest5 WHERE id BETWEEN 9347405 AND 9357404
	Bitmap Heap Scan on sbtest5  (cost=328.89..35405.65 rows=10191 width=121)
	  Recheck Cond: ((id >= 9347405) AND (id <= 9357404))
	  ->  Bitmap Index Scan on sbtest5_pkey  (cost=0.00..326.34 rows=10191 width=0)
	        Index Cond: ((id >= 9347405) AND (id <= 9357404))

table 6 : explain SELECT c FROM sbtest6 WHERE id BETWEEN 3653710 AND 3663709
	Bitmap Heap Scan on sbtest6  (cost=327.44..34974.91 rows=10049 width=121)
	  Recheck Cond: ((id >= 3653710) AND (id <= 3663709))
	  ->  Bitmap Index Scan on sbtest6_pkey  (cost=0.00..324.93 rows=10049 width=0)
	        Index Cond: ((id >= 3653710) AND (id <= 3663709))

table 7 : explain SELECT c FROM sbtest7 WHERE id BETWEEN 9408414 AND 9418413
	Bitmap Heap Scan on sbtest7  (cost=316.83..34171.89 rows=9795 width=121)
	  Recheck Cond: ((id >= 9408414) AND (id <= 9418413))
	  ->  Bitmap Index Scan on sbtest7_pkey  (cost=0.00..314.38 rows=9795 width=0)
	        Index Cond: ((id >= 9408414) AND (id <= 9418413))

table 8 : explain SELECT c FROM sbtest8 WHERE id BETWEEN 6886079 AND 6896078
	Bitmap Heap Scan on sbtest8  (cost=293.75..31952.09 rows=9104 width=121)
	  Recheck Cond: ((id >= 6886079) AND (id <= 6896078))
	  ->  Bitmap Index Scan on sbtest8_pkey  (cost=0.00..291.48 rows=9104 width=0)
	        Index Cond: ((id >= 6886079) AND (id <= 6896078))

for: simple_ranges
table 1 : explain SELECT c FROM sbtest1 WHERE id BETWEEN 4062127 AND 4072126
	Bitmap Heap Scan on sbtest1  (cost=321.60..34156.06 rows=9870 width=121)
	  Recheck Cond: ((id >= 4062127) AND (id <= 4072126))
	  ->  Bitmap Index Scan on sbtest1_pkey  (cost=0.00..319.13 rows=9870 width=0)
	        Index Cond: ((id >= 4062127) AND (id <= 4072126))

table 2 : explain SELECT c FROM sbtest2 WHERE id BETWEEN 854361 AND 864360
	Bitmap Heap Scan on sbtest2  (cost=304.14..32606.84 rows=9337 width=121)
	  Recheck Cond: ((id >= 854361) AND (id <= 864360))
	  ->  Bitmap Index Scan on sbtest2_pkey  (cost=0.00..301.81 rows=9337 width=0)
	        Index Cond: ((id >= 854361) AND (id <= 864360))

table 3 : explain SELECT c FROM sbtest3 WHERE id BETWEEN 8126499 AND 8136498
	Bitmap Heap Scan on sbtest3  (cost=310.10..33185.17 rows=9528 width=121)
	  Recheck Cond: ((id >= 8126499) AND (id <= 8136498))
	  ->  Bitmap Index Scan on sbtest3_pkey  (cost=0.00..307.71 rows=9528 width=0)
	        Index Cond: ((id >= 8126499) AND (id <= 8136498))

table 4 : explain SELECT c FROM sbtest4 WHERE id BETWEEN 4621926 AND 4631925
	Bitmap Heap Scan on sbtest4  (cost=322.95..34809.18 rows=10001 width=121)
	  Recheck Cond: ((id >= 4621926) AND (id <= 4631925))
	  ->  Bitmap Index Scan on sbtest4_pkey  (cost=0.00..320.44 rows=10001 width=0)
	        Index Cond: ((id >= 4621926) AND (id <= 4631925))

table 5 : explain SELECT c FROM sbtest5 WHERE id BETWEEN 7520774 AND 7530773
	Bitmap Heap Scan on sbtest5  (cost=293.37..31814.75 rows=9067 width=121)
	  Recheck Cond: ((id >= 7520774) AND (id <= 7530773))
	  ->  Bitmap Index Scan on sbtest5_pkey  (cost=0.00..291.11 rows=9067 width=0)
	        Index Cond: ((id >= 7520774) AND (id <= 7530773))

table 6 : explain SELECT c FROM sbtest6 WHERE id BETWEEN 3393444 AND 3403443
	Bitmap Heap Scan on sbtest6  (cost=317.52..34374.36 rows=9862 width=121)
	  Recheck Cond: ((id >= 3393444) AND (id <= 3403443))
	  ->  Bitmap Index Scan on sbtest6_pkey  (cost=0.00..315.06 rows=9862 width=0)
	        Index Cond: ((id >= 3393444) AND (id <= 3403443))

table 7 : explain SELECT c FROM sbtest7 WHERE id BETWEEN 7659295 AND 7669294
	Bitmap Heap Scan on sbtest7  (cost=304.44..32799.81 rows=9366 width=121)
	  Recheck Cond: ((id >= 7659295) AND (id <= 7669294))
	  ->  Bitmap Index Scan on sbtest7_pkey  (cost=0.00..302.09 rows=9366 width=0)
	        Index Cond: ((id >= 7659295) AND (id <= 7669294))

table 8 : explain SELECT c FROM sbtest8 WHERE id BETWEEN 497453 AND 507452
	Bitmap Heap Scan on sbtest8  (cost=328.52..35313.75 rows=10155 width=121)
	  Recheck Cond: ((id >= 497453) AND (id <= 507452))
	  ->  Bitmap Index Scan on sbtest8_pkey  (cost=0.00..325.99 rows=10155 width=0)
	        Index Cond: ((id >= 497453) AND (id <= 507452))

for point_selects
table 1 : explain SELECT c FROM sbtest1 WHERE id=3635562
	Index Scan using sbtest1_pkey on sbtest1  (cost=0.43..8.45 rows=1 width=121)
	  Index Cond: (id = 3635562)

table 2 : explain SELECT c FROM sbtest2 WHERE id=5454238
	Index Scan using sbtest2_pkey on sbtest2  (cost=0.43..8.45 rows=1 width=121)
	  Index Cond: (id = 5454238)

table 3 : explain SELECT c FROM sbtest3 WHERE id=6863038
	Index Scan using sbtest3_pkey on sbtest3  (cost=0.43..8.45 rows=1 width=121)
	  Index Cond: (id = 6863038)

table 4 : explain SELECT c FROM sbtest4 WHERE id=1233179
	Index Scan using sbtest4_pkey on sbtest4  (cost=0.43..8.45 rows=1 width=121)
	  Index Cond: (id = 1233179)

table 5 : explain SELECT c FROM sbtest5 WHERE id=7893069
	Index Scan using sbtest5_pkey on sbtest5  (cost=0.43..8.45 rows=1 width=121)
	  Index Cond: (id = 7893069)

table 6 : explain SELECT c FROM sbtest6 WHERE id=4107060
	Index Scan using sbtest6_pkey on sbtest6  (cost=0.43..8.45 rows=1 width=121)
	  Index Cond: (id = 4107060)

table 7 : explain SELECT c FROM sbtest7 WHERE id=4408762
	Index Scan using sbtest7_pkey on sbtest7  (cost=0.43..8.45 rows=1 width=121)
	  Index Cond: (id = 4408762)

table 8 : explain SELECT c FROM sbtest8 WHERE id=6889174
	Index Scan using sbtest8_pkey on sbtest8  (cost=0.43..8.45 rows=1 width=121)
	  Index Cond: (id = 6889174)

for point_selects
table 1 : explain SELECT c FROM sbtest1 WHERE id=3927660
	Index Scan using sbtest1_pkey on sbtest1  (cost=0.43..8.45 rows=1 width=121)
	  Index Cond: (id = 3927660)

table 2 : explain SELECT c FROM sbtest2 WHERE id=4549895
	Index Scan using sbtest2_pkey on sbtest2  (cost=0.43..8.45 rows=1 width=121)
	  Index Cond: (id = 4549895)

table 3 : explain SELECT c FROM sbtest3 WHERE id=1938007
	Index Scan using sbtest3_pkey on sbtest3  (cost=0.43..8.45 rows=1 width=121)
	  Index Cond: (id = 1938007)

table 4 : explain SELECT c FROM sbtest4 WHERE id=7781669
	Index Scan using sbtest4_pkey on sbtest4  (cost=0.43..8.45 rows=1 width=121)
	  Index Cond: (id = 7781669)

table 5 : explain SELECT c FROM sbtest5 WHERE id=2014473
	Index Scan using sbtest5_pkey on sbtest5  (cost=0.43..8.45 rows=1 width=121)
	  Index Cond: (id = 2014473)

table 6 : explain SELECT c FROM sbtest6 WHERE id=3001238
	Index Scan using sbtest6_pkey on sbtest6  (cost=0.43..8.45 rows=1 width=121)
	  Index Cond: (id = 3001238)

table 7 : explain SELECT c FROM sbtest7 WHERE id=3244496
	Index Scan using sbtest7_pkey on sbtest7  (cost=0.43..8.45 rows=1 width=121)
	  Index Cond: (id = 3244496)

table 8 : explain SELECT c FROM sbtest8 WHERE id=2196052
	Index Scan using sbtest8_pkey on sbtest8  (cost=0.43..8.45 rows=1 width=121)
	  Index Cond: (id = 2196052)

explain: for point_selects :: explain SELECT c FROM sbtest%u WHERE id=%u
for point_selects
table 1 : explain SELECT c FROM sbtest1 WHERE id=2895008
	Index Scan using sbtest1_pkey on sbtest1  (cost=0.43..8.45 rows=1 width=121)
	  Index Cond: (id = 2895008)

table 2 : explain SELECT c FROM sbtest2 WHERE id=4899113
	Index Scan using sbtest2_pkey on sbtest2  (cost=0.43..8.45 rows=1 width=121)
	  Index Cond: (id = 4899113)

table 3 : explain SELECT c FROM sbtest3 WHERE id=1526745
	Index Scan using sbtest3_pkey on sbtest3  (cost=0.43..8.45 rows=1 width=121)
	  Index Cond: (id = 1526745)

table 4 : explain SELECT c FROM sbtest4 WHERE id=5831654
	Index Scan using sbtest4_pkey on sbtest4  (cost=0.43..8.45 rows=1 width=121)
	  Index Cond: (id = 5831654)

table 5 : explain SELECT c FROM sbtest5 WHERE id=8071448
	Index Scan using sbtest5_pkey on sbtest5  (cost=0.43..8.45 rows=1 width=121)
	  Index Cond: (id = 8071448)

table 6 : explain SELECT c FROM sbtest6 WHERE id=3413504
	Index Scan using sbtest6_pkey on sbtest6  (cost=0.43..8.45 rows=1 width=121)
	  Index Cond: (id = 3413504)

table 7 : explain SELECT c FROM sbtest7 WHERE id=428247
	Index Scan using sbtest7_pkey on sbtest7  (cost=0.43..8.45 rows=1 width=121)
	  Index Cond: (id = 428247)

table 8 : explain SELECT c FROM sbtest8 WHERE id=1865539
	Index Scan using sbtest8_pkey on sbtest8  (cost=0.43..8.45 rows=1 width=121)
	  Index Cond: (id = 1865539)

for point_selects
table 1 : explain SELECT c FROM sbtest1 WHERE id=7520930
	Index Scan using sbtest1_pkey on sbtest1  (cost=0.43..8.45 rows=1 width=121)
	  Index Cond: (id = 7520930)

table 2 : explain SELECT c FROM sbtest2 WHERE id=1638375
	Index Scan using sbtest2_pkey on sbtest2  (cost=0.43..8.45 rows=1 width=121)
	  Index Cond: (id = 1638375)

table 3 : explain SELECT c FROM sbtest3 WHERE id=8729235
	Index Scan using sbtest3_pkey on sbtest3  (cost=0.43..8.45 rows=1 width=121)
	  Index Cond: (id = 8729235)

table 4 : explain SELECT c FROM sbtest4 WHERE id=6403166
	Index Scan using sbtest4_pkey on sbtest4  (cost=0.43..8.45 rows=1 width=121)
	  Index Cond: (id = 6403166)

table 5 : explain SELECT c FROM sbtest5 WHERE id=5508743
	Index Scan using sbtest5_pkey on sbtest5  (cost=0.43..8.45 rows=1 width=121)
	  Index Cond: (id = 5508743)

table 6 : explain SELECT c FROM sbtest6 WHERE id=6668728
	Index Scan using sbtest6_pkey on sbtest6  (cost=0.43..8.45 rows=1 width=121)
	  Index Cond: (id = 6668728)

table 7 : explain SELECT c FROM sbtest7 WHERE id=5476964
	Index Scan using sbtest7_pkey on sbtest7  (cost=0.43..8.45 rows=1 width=121)
	  Index Cond: (id = 5476964)

table 8 : explain SELECT c FROM sbtest8 WHERE id=1286544
	Index Scan using sbtest8_pkey on sbtest8  (cost=0.43..8.45 rows=1 width=121)
	  Index Cond: (id = 1286544)

for point_selects
table 1 : explain SELECT c FROM sbtest1 WHERE id=7083418
	Index Scan using sbtest1_pkey on sbtest1  (cost=0.43..8.45 rows=1 width=121)
	  Index Cond: (id = 7083418)

table 2 : explain SELECT c FROM sbtest2 WHERE id=3016545
	Index Scan using sbtest2_pkey on sbtest2  (cost=0.43..8.45 rows=1 width=121)
	  Index Cond: (id = 3016545)

table 3 : explain SELECT c FROM sbtest3 WHERE id=5346460
	Index Scan using sbtest3_pkey on sbtest3  (cost=0.43..8.45 rows=1 width=121)
	  Index Cond: (id = 5346460)

table 4 : explain SELECT c FROM sbtest4 WHERE id=9401438
	Index Scan using sbtest4_pkey on sbtest4  (cost=0.43..8.45 rows=1 width=121)
	  Index Cond: (id = 9401438)

table 5 : explain SELECT c FROM sbtest5 WHERE id=5987661
	Index Scan using sbtest5_pkey on sbtest5  (cost=0.43..8.45 rows=1 width=121)
	  Index Cond: (id = 5987661)

table 6 : explain SELECT c FROM sbtest6 WHERE id=6417697
	Index Scan using sbtest6_pkey on sbtest6  (cost=0.43..8.45 rows=1 width=121)
	  Index Cond: (id = 6417697)

table 7 : explain SELECT c FROM sbtest7 WHERE id=5894553
	Index Scan using sbtest7_pkey on sbtest7  (cost=0.43..8.45 rows=1 width=121)
	  Index Cond: (id = 5894553)

table 8 : explain SELECT c FROM sbtest8 WHERE id=1196610
	Index Scan using sbtest8_pkey on sbtest8  (cost=0.43..8.45 rows=1 width=121)
	  Index Cond: (id = 1196610)

for: simple_ranges
table 1 : explain SELECT c FROM sbtest1 WHERE id BETWEEN 3078884 AND 3088883
	Bitmap Heap Scan on sbtest1  (cost=327.54..34749.96 rows=10059 width=121)
	  Recheck Cond: ((id >= 3078884) AND (id <= 3088883))
	  ->  Bitmap Index Scan on sbtest1_pkey  (cost=0.00..325.03 rows=10059 width=0)
	        Index Cond: ((id >= 3078884) AND (id <= 3088883))

table 2 : explain SELECT c FROM sbtest2 WHERE id BETWEEN 3186747 AND 3196746
	Bitmap Heap Scan on sbtest2  (cost=297.99..31935.50 rows=9127 width=121)
	  Recheck Cond: ((id >= 3186747) AND (id <= 3196746))
	  ->  Bitmap Index Scan on sbtest2_pkey  (cost=0.00..295.70 rows=9127 width=0)
	        Index Cond: ((id >= 3186747) AND (id <= 3196746))

table 3 : explain SELECT c FROM sbtest3 WHERE id BETWEEN 339124 AND 349123
	Bitmap Heap Scan on sbtest3  (cost=328.40..35130.17 rows=10143 width=121)
	  Recheck Cond: ((id >= 339124) AND (id <= 349123))
	  ->  Bitmap Index Scan on sbtest3_pkey  (cost=0.00..325.87 rows=10143 width=0)
	        Index Cond: ((id >= 339124) AND (id <= 349123))

table 4 : explain SELECT c FROM sbtest4 WHERE id BETWEEN 4067152 AND 4077151
	Bitmap Heap Scan on sbtest4  (cost=328.93..35424.01 rows=10195 width=121)
	  Recheck Cond: ((id >= 4067152) AND (id <= 4077151))
	  ->  Bitmap Index Scan on sbtest4_pkey  (cost=0.00..326.38 rows=10195 width=0)
	        Index Cond: ((id >= 4067152) AND (id <= 4077151))

table 5 : explain SELECT c FROM sbtest5 WHERE id BETWEEN 3386753 AND 3396752
	Bitmap Heap Scan on sbtest5  (cost=327.77..35058.24 rows=10081 width=121)
	  Recheck Cond: ((id >= 3386753) AND (id <= 3396752))
	  ->  Bitmap Index Scan on sbtest5_pkey  (cost=0.00..325.25 rows=10081 width=0)
	        Index Cond: ((id >= 3386753) AND (id <= 3396752))

table 6 : explain SELECT c FROM sbtest6 WHERE id BETWEEN 5205322 AND 5215321
	Bitmap Heap Scan on sbtest6  (cost=334.28..35852.36 rows=10326 width=121)
	  Recheck Cond: ((id >= 5205322) AND (id <= 5215321))
	  ->  Bitmap Index Scan on sbtest6_pkey  (cost=0.00..331.69 rows=10326 width=0)
	        Index Cond: ((id >= 5205322) AND (id <= 5215321))

table 7 : explain SELECT c FROM sbtest7 WHERE id BETWEEN 437638 AND 447637
	Bitmap Heap Scan on sbtest7  (cost=334.37..35888.28 rows=10335 width=121)
	  Recheck Cond: ((id >= 437638) AND (id <= 447637))
	  ->  Bitmap Index Scan on sbtest7_pkey  (cost=0.00..331.79 rows=10335 width=0)
	        Index Cond: ((id >= 437638) AND (id <= 447637))

table 8 : explain SELECT c FROM sbtest8 WHERE id BETWEEN 5036936 AND 5046935
	Bitmap Heap Scan on sbtest8  (cost=309.99..33283.21 rows=9518 width=121)
	  Recheck Cond: ((id >= 5036936) AND (id <= 5046935))
	  ->  Bitmap Index Scan on sbtest8_pkey  (cost=0.00..307.62 rows=9518 width=0)
	        Index Cond: ((id >= 5036936) AND (id <= 5046935))

for point_selects
table 1 : explain SELECT c FROM sbtest1 WHERE id=443737
	Index Scan using sbtest1_pkey on sbtest1  (cost=0.43..8.45 rows=1 width=121)
	  Index Cond: (id = 443737)

table 2 : explain SELECT c FROM sbtest2 WHERE id=9105096
	Index Scan using sbtest2_pkey on sbtest2  (cost=0.43..8.45 rows=1 width=121)
	  Index Cond: (id = 9105096)

table 3 : explain SELECT c FROM sbtest3 WHERE id=3411740
	Index Scan using sbtest3_pkey on sbtest3  (cost=0.43..8.45 rows=1 width=121)
	  Index Cond: (id = 3411740)

table 4 : explain SELECT c FROM sbtest4 WHERE id=6705703
	Index Scan using sbtest4_pkey on sbtest4  (cost=0.43..8.45 rows=1 width=121)
	  Index Cond: (id = 6705703)

table 5 : explain SELECT c FROM sbtest5 WHERE id=6077415
	Index Scan using sbtest5_pkey on sbtest5  (cost=0.43..8.45 rows=1 width=121)
	  Index Cond: (id = 6077415)

table 6 : explain SELECT c FROM sbtest6 WHERE id=1952682
	Index Scan using sbtest6_pkey on sbtest6  (cost=0.43..8.45 rows=1 width=121)
	  Index Cond: (id = 1952682)

table 7 : explain SELECT c FROM sbtest7 WHERE id=3161388
	Index Scan using sbtest7_pkey on sbtest7  (cost=0.43..8.45 rows=1 width=121)
	  Index Cond: (id = 3161388)

table 8 : explain SELECT c FROM sbtest8 WHERE id=5703381
	Index Scan using sbtest8_pkey on sbtest8  (cost=0.43..8.45 rows=1 width=121)
	  Index Cond: (id = 5703381)

for point_selects
table 1 : explain SELECT c FROM sbtest1 WHERE id=5098488
	Index Scan using sbtest1_pkey on sbtest1  (cost=0.43..8.45 rows=1 width=121)
	  Index Cond: (id = 5098488)

table 2 : explain SELECT c FROM sbtest2 WHERE id=330340
	Index Scan using sbtest2_pkey on sbtest2  (cost=0.43..8.45 rows=1 width=121)
	  Index Cond: (id = 330340)

table 3 : explain SELECT c FROM sbtest3 WHERE id=5743123
	Index Scan using sbtest3_pkey on sbtest3  (cost=0.43..8.45 rows=1 width=121)
	  Index Cond: (id = 5743123)

table 4 : explain SELECT c FROM sbtest4 WHERE id=2642434
	Index Scan using sbtest4_pkey on sbtest4  (cost=0.43..8.45 rows=1 width=121)
	  Index Cond: (id = 2642434)

table 5 : explain SELECT c FROM sbtest5 WHERE id=3472284
	Index Scan using sbtest5_pkey on sbtest5  (cost=0.43..8.45 rows=1 width=121)
	  Index Cond: (id = 3472284)

table 6 : explain SELECT c FROM sbtest6 WHERE id=4424707
	Index Scan using sbtest6_pkey on sbtest6  (cost=0.43..8.45 rows=1 width=121)
	  Index Cond: (id = 4424707)

table 7 : explain SELECT c FROM sbtest7 WHERE id=1899144
	Index Scan using sbtest7_pkey on sbtest7  (cost=0.43..8.45 rows=1 width=121)
	  Index Cond: (id = 1899144)

table 8 : explain SELECT c FROM sbtest8 WHERE id=7665582
	Index Scan using sbtest8_pkey on sbtest8  (cost=0.43..8.45 rows=1 width=121)
	  Index Cond: (id = 7665582)

for: sum_ranges
table 1 : explain SELECT SUM(k) FROM sbtest1 WHERE id BETWEEN 8003504 AND 8013503
	Aggregate  (cost=33934.39..33934.40 rows=1 width=8)
	  ->  Bitmap Heap Scan on sbtest1  (cost=316.81..33909.91 rows=9793 width=4)
	        Recheck Cond: ((id >= 8003504) AND (id <= 8013503))
	        ->  Bitmap Index Scan on sbtest1_pkey  (cost=0.00..314.37 rows=9793 width=0)
	              Index Cond: ((id >= 8003504) AND (id <= 8013503))

table 2 : explain SELECT SUM(k) FROM sbtest2 WHERE id BETWEEN 2612574 AND 2622573
	Aggregate  (cost=34424.59..34424.60 rows=1 width=8)
	  ->  Bitmap Heap Scan on sbtest2  (cost=321.92..34399.83 rows=9901 width=4)
	        Recheck Cond: ((id >= 2612574) AND (id <= 2622573))
	        ->  Bitmap Index Scan on sbtest2_pkey  (cost=0.00..319.44 rows=9901 width=0)
	              Index Cond: ((id >= 2612574) AND (id <= 2622573))

table 3 : explain SELECT SUM(k) FROM sbtest3 WHERE id BETWEEN 4886610 AND 4896609
	Aggregate  (cost=36338.03..36338.04 rows=1 width=8)
	  ->  Bitmap Heap Scan on sbtest3  (cost=340.24..36311.73 rows=10518 width=4)
	        Recheck Cond: ((id >= 4886610) AND (id <= 4896609))
	        ->  Bitmap Index Scan on sbtest3_pkey  (cost=0.00..337.62 rows=10518 width=0)
	              Index Cond: ((id >= 4886610) AND (id <= 4896609))

table 4 : explain SELECT SUM(k) FROM sbtest4 WHERE id BETWEEN 562849 AND 572848
	Aggregate  (cost=36307.15..36307.16 rows=1 width=8)
	  ->  Bitmap Heap Scan on sbtest4  (cost=339.70..36280.99 rows=10465 width=4)
	        Recheck Cond: ((id >= 562849) AND (id <= 572848))
	        ->  Bitmap Index Scan on sbtest4_pkey  (cost=0.00..337.08 rows=10465 width=0)
	              Index Cond: ((id >= 562849) AND (id <= 572848))

table 5 : explain SELECT SUM(k) FROM sbtest5 WHERE id BETWEEN 250049 AND 260048
	Aggregate  (cost=37171.73..37171.74 rows=1 width=8)
	  ->  Bitmap Heap Scan on sbtest5  (cost=346.54..37144.88 rows=10742 width=4)
	        Recheck Cond: ((id >= 250049) AND (id <= 260048))
	        ->  Bitmap Index Scan on sbtest5_pkey  (cost=0.00..343.86 rows=10742 width=0)
	              Index Cond: ((id >= 250049) AND (id <= 260048))

table 6 : explain SELECT SUM(k) FROM sbtest6 WHERE id BETWEEN 6390807 AND 6400806
	Aggregate  (cost=36727.66..36727.67 rows=1 width=8)
	  ->  Bitmap Heap Scan on sbtest6  (cost=341.03..36701.17 rows=10595 width=4)
	        Recheck Cond: ((id >= 6390807) AND (id <= 6400806))
	        ->  Bitmap Index Scan on sbtest6_pkey  (cost=0.00..338.38 rows=10595 width=0)
	              Index Cond: ((id >= 6390807) AND (id <= 6400806))

table 7 : explain SELECT SUM(k) FROM sbtest7 WHERE id BETWEEN 1114758 AND 1124757
	Aggregate  (cost=34670.22..34670.23 rows=1 width=8)
	  ->  Bitmap Heap Scan on sbtest7  (cost=322.36..34645.36 rows=9944 width=4)
	        Recheck Cond: ((id >= 1114758) AND (id <= 1124757))
	        ->  Bitmap Index Scan on sbtest7_pkey  (cost=0.00..319.88 rows=9944 width=0)
	              Index Cond: ((id >= 1114758) AND (id <= 1124757))

table 8 : explain SELECT SUM(k) FROM sbtest8 WHERE id BETWEEN 1836625 AND 1846624
	Aggregate  (cost=35111.45..35111.46 rows=1 width=8)
	  ->  Bitmap Heap Scan on sbtest8  (cost=327.79..35086.24 rows=10083 width=4)
	        Recheck Cond: ((id >= 1836625) AND (id <= 1846624))
	        ->  Bitmap Index Scan on sbtest8_pkey  (cost=0.00..325.26 rows=10083 width=0)
	              Index Cond: ((id >= 1836625) AND (id <= 1846624))

for: sum_ranges
table 1 : explain SELECT SUM(k) FROM sbtest1 WHERE id BETWEEN 1326355 AND 1336354
	Aggregate  (cost=34229.16..34229.17 rows=1 width=8)
	  ->  Bitmap Heap Scan on sbtest1  (cost=321.76..34204.45 rows=9885 width=4)
	        Recheck Cond: ((id >= 1326355) AND (id <= 1336354))
	        ->  Bitmap Index Scan on sbtest1_pkey  (cost=0.00..319.29 rows=9885 width=0)
	              Index Cond: ((id >= 1326355) AND (id <= 1336354))

table 2 : explain SELECT SUM(k) FROM sbtest2 WHERE id BETWEEN 4394926 AND 4404925
	Aggregate  (cost=34499.25..34499.26 rows=1 width=8)
	  ->  Bitmap Heap Scan on sbtest2  (cost=322.16..34474.44 rows=9924 width=4)
	        Recheck Cond: ((id >= 4394926) AND (id <= 4404925))
	        ->  Bitmap Index Scan on sbtest2_pkey  (cost=0.00..319.68 rows=9924 width=0)
	              Index Cond: ((id >= 4394926) AND (id <= 4404925))

table 3 : explain SELECT SUM(k) FROM sbtest3 WHERE id BETWEEN 6013891 AND 6023890
	Aggregate  (cost=34246.96..34246.97 rows=1 width=8)
	  ->  Bitmap Heap Scan on sbtest3  (cost=317.46..34222.32 rows=9856 width=4)
	        Recheck Cond: ((id >= 6013891) AND (id <= 6023890))
	        ->  Bitmap Index Scan on sbtest3_pkey  (cost=0.00..315.00 rows=9856 width=0)
	              Index Cond: ((id >= 6013891) AND (id <= 6023890))

table 4 : explain SELECT SUM(k) FROM sbtest4 WHERE id BETWEEN 3359706 AND 3369705
	Aggregate  (cost=35716.45..35716.46 rows=1 width=8)
	  ->  Bitmap Heap Scan on sbtest4  (cost=333.78..35690.75 rows=10278 width=4)
	        Recheck Cond: ((id >= 3359706) AND (id <= 3369705))
	        ->  Bitmap Index Scan on sbtest4_pkey  (cost=0.00..331.21 rows=10278 width=0)
	              Index Cond: ((id >= 3359706) AND (id <= 3369705))

table 5 : explain SELECT SUM(k) FROM sbtest5 WHERE id BETWEEN 9529209 AND 9539208
	Aggregate  (cost=36865.01..36865.02 rows=1 width=8)
	  ->  Bitmap Heap Scan on sbtest5  (cost=345.54..36838.40 rows=10644 width=4)
	        Recheck Cond: ((id >= 9529209) AND (id <= 9539208))
	        ->  Bitmap Index Scan on sbtest5_pkey  (cost=0.00..342.88 rows=10644 width=0)
	              Index Cond: ((id >= 9529209) AND (id <= 9539208))

table 6 : explain SELECT SUM(k) FROM sbtest6 WHERE id BETWEEN 3749058 AND 3759057
	Aggregate  (cost=35224.52..35224.53 rows=1 width=8)
	  ->  Bitmap Heap Scan on sbtest6  (cost=328.16..35199.22 rows=10120 width=4)
	        Recheck Cond: ((id >= 3749058) AND (id <= 3759057))
	        ->  Bitmap Index Scan on sbtest6_pkey  (cost=0.00..325.63 rows=10120 width=0)
	              Index Cond: ((id >= 3749058) AND (id <= 3759057))

table 7 : explain SELECT SUM(k) FROM sbtest7 WHERE id BETWEEN 5121529 AND 5131528
	Aggregate  (cost=33761.72..33761.73 rows=1 width=8)
	  ->  Bitmap Heap Scan on sbtest7  (cost=315.43..33737.57 rows=9658 width=4)
	        Recheck Cond: ((id >= 5121529) AND (id <= 5131528))
	        ->  Bitmap Index Scan on sbtest7_pkey  (cost=0.00..313.01 rows=9658 width=0)
	              Index Cond: ((id >= 5121529) AND (id <= 5131528))

table 8 : explain SELECT SUM(k) FROM sbtest8 WHERE id BETWEEN 1074893 AND 1084892
	Aggregate  (cost=35134.22..35134.23 rows=1 width=8)
	  ->  Bitmap Heap Scan on sbtest8  (cost=327.86..35109.00 rows=10090 width=4)
	        Recheck Cond: ((id >= 1074893) AND (id <= 1084892))
	        ->  Bitmap Index Scan on sbtest8_pkey  (cost=0.00..325.33 rows=10090 width=0)
	              Index Cond: ((id >= 1074893) AND (id <= 1084892))

for point_selects
table 1 : explain SELECT c FROM sbtest1 WHERE id=9459099
	Index Scan using sbtest1_pkey on sbtest1  (cost=0.43..8.45 rows=1 width=121)
	  Index Cond: (id = 9459099)

table 2 : explain SELECT c FROM sbtest2 WHERE id=5356435
	Index Scan using sbtest2_pkey on sbtest2  (cost=0.43..8.45 rows=1 width=121)
	  Index Cond: (id = 5356435)

table 3 : explain SELECT c FROM sbtest3 WHERE id=2631399
	Index Scan using sbtest3_pkey on sbtest3  (cost=0.43..8.45 rows=1 width=121)
	  Index Cond: (id = 2631399)

table 4 : explain SELECT c FROM sbtest4 WHERE id=7506194
	Index Scan using sbtest4_pkey on sbtest4  (cost=0.43..8.45 rows=1 width=121)
	  Index Cond: (id = 7506194)

table 5 : explain SELECT c FROM sbtest5 WHERE id=2826767
	Index Scan using sbtest5_pkey on sbtest5  (cost=0.43..8.45 rows=1 width=121)
	  Index Cond: (id = 2826767)

table 6 : explain SELECT c FROM sbtest6 WHERE id=2404301
	Index Scan using sbtest6_pkey on sbtest6  (cost=0.43..8.45 rows=1 width=121)
	  Index Cond: (id = 2404301)

table 7 : explain SELECT c FROM sbtest7 WHERE id=6517153
	Index Scan using sbtest7_pkey on sbtest7  (cost=0.43..8.45 rows=1 width=121)
	  Index Cond: (id = 6517153)

table 8 : explain SELECT c FROM sbtest8 WHERE id=6943539
	Index Scan using sbtest8_pkey on sbtest8  (cost=0.43..8.45 rows=1 width=121)
	  Index Cond: (id = 6943539)

for: simple_ranges
table 1 : explain SELECT c FROM sbtest1 WHERE id BETWEEN 8031568 AND 8041567
	Bitmap Heap Scan on sbtest1  (cost=316.81..33909.91 rows=9793 width=121)
	  Recheck Cond: ((id >= 8031568) AND (id <= 8041567))
	  ->  Bitmap Index Scan on sbtest1_pkey  (cost=0.00..314.37 rows=9793 width=0)
	        Index Cond: ((id >= 8031568) AND (id <= 8041567))

table 2 : explain SELECT c FROM sbtest2 WHERE id BETWEEN 2112492 AND 2122491
	Bitmap Heap Scan on sbtest2  (cost=316.68..34015.90 rows=9780 width=121)
	  Recheck Cond: ((id >= 2112492) AND (id <= 2122491))
	  ->  Bitmap Index Scan on sbtest2_pkey  (cost=0.00..314.24 rows=9780 width=0)
	        Index Cond: ((id >= 2112492) AND (id <= 2122491))

table 3 : explain SELECT c FROM sbtest3 WHERE id BETWEEN 9617035 AND 9627034
	Bitmap Heap Scan on sbtest3  (cost=327.89..34975.01 rows=10093 width=121)
	  Recheck Cond: ((id >= 9617035) AND (id <= 9627034))
	  ->  Bitmap Index Scan on sbtest3_pkey  (cost=0.00..325.37 rows=10093 width=0)
	        Index Cond: ((id >= 9617035) AND (id <= 9627034))

table 4 : explain SELECT c FROM sbtest4 WHERE id BETWEEN 8754913 AND 8764912
	Bitmap Heap Scan on sbtest4  (cost=356.60..37786.87 rows=10943 width=121)
	  Recheck Cond: ((id >= 8754913) AND (id <= 8764912))
	  ->  Bitmap Index Scan on sbtest4_pkey  (cost=0.00..353.87 rows=10943 width=0)
	        Index Cond: ((id >= 8754913) AND (id <= 8764912))

table 5 : explain SELECT c FROM sbtest5 WHERE id BETWEEN 1392779 AND 1402778
	Bitmap Heap Scan on sbtest5  (cost=334.15..35795.51 rows=10314 width=121)
	  Recheck Cond: ((id >= 1392779) AND (id <= 1402778))
	  ->  Bitmap Index Scan on sbtest5_pkey  (cost=0.00..331.57 rows=10314 width=0)
	        Index Cond: ((id >= 1392779) AND (id <= 1402778))

table 6 : explain SELECT c FROM sbtest6 WHERE id BETWEEN 2369848 AND 2379847
	Bitmap Heap Scan on sbtest6  (cost=322.68..34736.65 rows=9975 width=121)
	  Recheck Cond: ((id >= 2369848) AND (id <= 2379847))
	  ->  Bitmap Index Scan on sbtest6_pkey  (cost=0.00..320.19 rows=9975 width=0)
	        Index Cond: ((id >= 2369848) AND (id <= 2379847))

table 7 : explain SELECT c FROM sbtest7 WHERE id BETWEEN 8988123 AND 8998122
	Bitmap Heap Scan on sbtest7  (cost=333.24..35541.12 rows=10225 width=121)
	  Recheck Cond: ((id >= 8988123) AND (id <= 8998122))
	  ->  Bitmap Index Scan on sbtest7_pkey  (cost=0.00..330.69 rows=10225 width=0)
	        Index Cond: ((id >= 8988123) AND (id <= 8998122))

table 8 : explain SELECT c FROM sbtest8 WHERE id BETWEEN 6449417 AND 6459416
	Bitmap Heap Scan on sbtest8  (cost=310.82..33541.66 rows=9599 width=121)
	  Recheck Cond: ((id >= 6449417) AND (id <= 6459416))
	  ->  Bitmap Index Scan on sbtest8_pkey  (cost=0.00..308.43 rows=9599 width=0)
	        Index Cond: ((id >= 6449417) AND (id <= 6459416))

for: simple_ranges
table 1 : explain SELECT c FROM sbtest1 WHERE id BETWEEN 9525334 AND 9535333
	Bitmap Heap Scan on sbtest1  (cost=333.88..35464.54 rows=10287 width=121)
	  Recheck Cond: ((id >= 9525334) AND (id <= 9535333))
	  ->  Bitmap Index Scan on sbtest1_pkey  (cost=0.00..331.31 rows=10287 width=0)
	        Index Cond: ((id >= 9525334) AND (id <= 9535333))

table 2 : explain SELECT c FROM sbtest2 WHERE id BETWEEN 1621533 AND 1631532
	Bitmap Heap Scan on sbtest2  (cost=310.25..33263.43 rows=9543 width=121)
	  Recheck Cond: ((id >= 1621533) AND (id <= 1631532))
	  ->  Bitmap Index Scan on sbtest2_pkey  (cost=0.00..307.87 rows=9543 width=0)
	        Index Cond: ((id >= 1621533) AND (id <= 1631532))

table 3 : explain SELECT c FROM sbtest3 WHERE id BETWEEN 6124109 AND 6134108
	Bitmap Heap Scan on sbtest3  (cost=356.92..37738.66 rows=10974 width=121)
	  Recheck Cond: ((id >= 6124109) AND (id <= 6134108))
	  ->  Bitmap Index Scan on sbtest3_pkey  (cost=0.00..354.18 rows=10974 width=0)
	        Index Cond: ((id >= 6124109) AND (id <= 6134108))

table 4 : explain SELECT c FROM sbtest4 WHERE id BETWEEN 6649042 AND 6659041
	Bitmap Heap Scan on sbtest4  (cost=311.36..33692.97 rows=9651 width=121)
	  Recheck Cond: ((id >= 6649042) AND (id <= 6659041))
	  ->  Bitmap Index Scan on sbtest4_pkey  (cost=0.00..308.94 rows=9651 width=0)
	        Index Cond: ((id >= 6649042) AND (id <= 6659041))

table 5 : explain SELECT c FROM sbtest5 WHERE id BETWEEN 2747341 AND 2757340
	Bitmap Heap Scan on sbtest5  (cost=286.92..31043.44 rows=8828 width=121)
	  Recheck Cond: ((id >= 2747341) AND (id <= 2757340))
	  ->  Bitmap Index Scan on sbtest5_pkey  (cost=0.00..284.71 rows=8828 width=0)
	        Index Cond: ((id >= 2747341) AND (id <= 2757340))

table 6 : explain SELECT c FROM sbtest6 WHERE id BETWEEN 8840194 AND 8850193
	Bitmap Heap Scan on sbtest6  (cost=340.53..36546.01 rows=10546 width=121)
	  Recheck Cond: ((id >= 8840194) AND (id <= 8850193))
	  ->  Bitmap Index Scan on sbtest6_pkey  (cost=0.00..337.90 rows=10546 width=0)
	        Index Cond: ((id >= 8840194) AND (id <= 8850193))

table 7 : explain SELECT c FROM sbtest7 WHERE id BETWEEN 1782491 AND 1792490
	Bitmap Heap Scan on sbtest7  (cost=293.02..31727.12 rows=9033 width=121)
	  Recheck Cond: ((id >= 1782491) AND (id <= 1792490))
	  ->  Bitmap Index Scan on sbtest7_pkey  (cost=0.00..290.76 rows=9033 width=0)
	        Index Cond: ((id >= 1782491) AND (id <= 1792490))

table 8 : explain SELECT c FROM sbtest8 WHERE id BETWEEN 6821744 AND 6831743
	Bitmap Heap Scan on sbtest8  (cost=293.75..31952.09 rows=9104 width=121)
	  Recheck Cond: ((id >= 6821744) AND (id <= 6831743))
	  ->  Bitmap Index Scan on sbtest8_pkey  (cost=0.00..291.48 rows=9104 width=0)
	        Index Cond: ((id >= 6821744) AND (id <= 6831743))

for: sum_ranges
table 1 : explain SELECT SUM(k) FROM sbtest1 WHERE id BETWEEN 4392895 AND 4402894
	Aggregate  (cost=33289.44..33289.45 rows=1 width=8)
	  ->  Bitmap Heap Scan on sbtest1  (cost=310.71..33265.47 rows=9588 width=4)
	        Recheck Cond: ((id >= 4392895) AND (id <= 4402894))
	        ->  Bitmap Index Scan on sbtest1_pkey  (cost=0.00..308.31 rows=9588 width=0)
	              Index Cond: ((id >= 4392895) AND (id <= 4402894))

table 2 : explain SELECT SUM(k) FROM sbtest2 WHERE id BETWEEN 238069 AND 248068
	Aggregate  (cost=34681.00..34681.01 rows=1 width=8)
	  ->  Bitmap Heap Scan on sbtest2  (cost=322.75..34656.04 rows=9982 width=4)
	        Recheck Cond: ((id >= 238069) AND (id <= 248068))
	        ->  Bitmap Index Scan on sbtest2_pkey  (cost=0.00..320.25 rows=9982 width=0)
	              Index Cond: ((id >= 238069) AND (id <= 248068))

table 3 : explain SELECT SUM(k) FROM sbtest3 WHERE id BETWEEN 7684784 AND 7694783
	Aggregate  (cost=33238.33..33238.34 rows=1 width=8)
	  ->  Bitmap Heap Scan on sbtest3  (cost=310.20..33214.49 rows=9538 width=4)
	        Recheck Cond: ((id >= 7684784) AND (id <= 7694783))
	        ->  Bitmap Index Scan on sbtest3_pkey  (cost=0.00..307.81 rows=9538 width=0)
	              Index Cond: ((id >= 7684784) AND (id <= 7694783))

table 4 : explain SELECT SUM(k) FROM sbtest4 WHERE id BETWEEN 8797439 AND 8807438
	Aggregate  (cost=37571.83..37571.84 rows=1 width=8)
	  ->  Bitmap Heap Scan on sbtest4  (cost=351.82..37544.66 rows=10867 width=4)
	        Recheck Cond: ((id >= 8797439) AND (id <= 8807438))
	        ->  Bitmap Index Scan on sbtest4_pkey  (cost=0.00..349.11 rows=10867 width=0)
	              Index Cond: ((id >= 8797439) AND (id <= 8807438))

table 5 : explain SELECT SUM(k) FROM sbtest5 WHERE id BETWEEN 5990024 AND 6000023
	Aggregate  (cost=33820.68..33820.69 rows=1 width=8)
	  ->  Bitmap Heap Scan on sbtest5  (cost=315.70..33796.47 rows=9684 width=4)
	        Recheck Cond: ((id >= 5990024) AND (id <= 6000023))
	        ->  Bitmap Index Scan on sbtest5_pkey  (cost=0.00..313.28 rows=9684 width=0)
	              Index Cond: ((id >= 5990024) AND (id <= 6000023))

table 6 : explain SELECT SUM(k) FROM sbtest6 WHERE id BETWEEN 701835 AND 711834
	Aggregate  (cost=31796.89..31796.90 rows=1 width=8)
	  ->  Bitmap Heap Scan on sbtest6  (cost=293.20..31774.26 rows=9050 width=4)
	        Recheck Cond: ((id >= 701835) AND (id <= 711834))
	        ->  Bitmap Index Scan on sbtest6_pkey  (cost=0.00..290.94 rows=9050 width=0)
	              Index Cond: ((id >= 701835) AND (id <= 711834))

table 7 : explain SELECT SUM(k) FROM sbtest7 WHERE id BETWEEN 2068947 AND 2078946
	Aggregate  (cost=36346.13..36346.14 rows=1 width=8)
	  ->  Bitmap Heap Scan on sbtest7  (cost=339.76..36319.95 rows=10471 width=4)
	        Recheck Cond: ((id >= 2068947) AND (id <= 2078946))
	        ->  Bitmap Index Scan on sbtest7_pkey  (cost=0.00..337.15 rows=10471 width=0)
	              Index Cond: ((id >= 2068947) AND (id <= 2078946))

table 8 : explain SELECT SUM(k) FROM sbtest8 WHERE id BETWEEN 4410750 AND 4420749
	Aggregate  (cost=34007.84..34007.85 rows=1 width=8)
	  ->  Bitmap Heap Scan on sbtest8  (cost=316.24..33983.50 rows=9737 width=4)
	        Recheck Cond: ((id >= 4410750) AND (id <= 4420749))
	        ->  Bitmap Index Scan on sbtest8_pkey  (cost=0.00..313.81 rows=9737 width=0)
	              Index Cond: ((id >= 4410750) AND (id <= 4420749))

explain: for point_selects :: explain SELECT c FROM sbtest%u WHERE id=%u
explain: for point_selects :: explain SELECT c FROM sbtest%u WHERE id=%u
for: simple_ranges
table 1 : explain SELECT c FROM sbtest1 WHERE id BETWEEN 3594823 AND 3604822
	Bitmap Heap Scan on sbtest1  (cost=327.26..34666.23 rows=10032 width=121)
	  Recheck Cond: ((id >= 3594823) AND (id <= 3604822))
	  ->  Bitmap Index Scan on sbtest1_pkey  (cost=0.00..324.75 rows=10032 width=0)
	        Index Cond: ((id >= 3594823) AND (id <= 3604822))

table 2 : explain SELECT c FROM sbtest2 WHERE id BETWEEN 4720423 AND 4730422
	Bitmap Heap Scan on sbtest2  (cost=334.56..35828.51 rows=10354 width=121)
	  Recheck Cond: ((id >= 4720423) AND (id <= 4730422))
	  ->  Bitmap Index Scan on sbtest2_pkey  (cost=0.00..331.98 rows=10354 width=0)
	        Index Cond: ((id >= 4720423) AND (id <= 4730422))

table 3 : explain SELECT c FROM sbtest3 WHERE id BETWEEN 5130095 AND 5140094
	Bitmap Heap Scan on sbtest3  (cost=298.56..32084.32 rows=9183 width=121)
	  Recheck Cond: ((id >= 5130095) AND (id <= 5140094))
	  ->  Bitmap Index Scan on sbtest3_pkey  (cost=0.00..296.26 rows=9183 width=0)
	        Index Cond: ((id >= 5130095) AND (id <= 5140094))

table 4 : explain SELECT c FROM sbtest4 WHERE id BETWEEN 1737151 AND 1747150
	Bitmap Heap Scan on sbtest4  (cost=375.25..39812.32 rows=11592 width=121)
	  Recheck Cond: ((id >= 1737151) AND (id <= 1747150))
	  ->  Bitmap Index Scan on sbtest4_pkey  (cost=0.00..372.36 rows=11592 width=0)
	        Index Cond: ((id >= 1737151) AND (id <= 1747150))

table 5 : explain SELECT c FROM sbtest5 WHERE id BETWEEN 1553255 AND 1563254
	Bitmap Heap Scan on sbtest5  (cost=322.39..34631.55 rows=9947 width=121)
	  Recheck Cond: ((id >= 1553255) AND (id <= 1563254))
	  ->  Bitmap Index Scan on sbtest5_pkey  (cost=0.00..319.91 rows=9947 width=0)
	        Index Cond: ((id >= 1553255) AND (id <= 1563254))

table 6 : explain SELECT c FROM sbtest6 WHERE id BETWEEN 8488787 AND 8498786
	Bitmap Heap Scan on sbtest6  (cost=321.81..34469.59 rows=9890 width=121)
	  Recheck Cond: ((id >= 8488787) AND (id <= 8498786))
	  ->  Bitmap Index Scan on sbtest6_pkey  (cost=0.00..319.33 rows=9890 width=0)
	        Index Cond: ((id >= 8488787) AND (id <= 8498786))

table 7 : explain SELECT c FROM sbtest7 WHERE id BETWEEN 3560011 AND 3570010
	Bitmap Heap Scan on sbtest7  (cost=334.34..35878.55 rows=10332 width=121)
	  Recheck Cond: ((id >= 3560011) AND (id <= 3570010))
	  ->  Bitmap Index Scan on sbtest7_pkey  (cost=0.00..331.75 rows=10332 width=0)
	        Index Cond: ((id >= 3560011) AND (id <= 3570010))

table 8 : explain SELECT c FROM sbtest8 WHERE id BETWEEN 5461983 AND 5471982
	Bitmap Heap Scan on sbtest8  (cost=368.29..38930.96 rows=11303 width=121)
	  Recheck Cond: ((id >= 5461983) AND (id <= 5471982))
	  ->  Bitmap Index Scan on sbtest8_pkey  (cost=0.00..365.46 rows=11303 width=0)
	        Index Cond: ((id >= 5461983) AND (id <= 5471982))

for: simple_ranges
table 1 : explain SELECT c FROM sbtest1 WHERE id BETWEEN 8159385 AND 8169384
	Bitmap Heap Scan on sbtest1  (cost=315.73..33580.18 rows=9687 width=121)
	  Recheck Cond: ((id >= 8159385) AND (id <= 8169384))
	  ->  Bitmap Index Scan on sbtest1_pkey  (cost=0.00..313.31 rows=9687 width=0)
	        Index Cond: ((id >= 8159385) AND (id <= 8169384))

table 2 : explain SELECT c FROM sbtest2 WHERE id BETWEEN 1984228 AND 1994227
	Bitmap Heap Scan on sbtest2  (cost=305.51..33031.21 rows=9471 width=121)
	  Recheck Cond: ((id >= 1984228) AND (id <= 1994227))
	  ->  Bitmap Index Scan on sbtest2_pkey  (cost=0.00..303.15 rows=9471 width=0)
	        Index Cond: ((id >= 1984228) AND (id <= 1994227))

table 3 : explain SELECT c FROM sbtest3 WHERE id BETWEEN 8760572 AND 8770571
	Bitmap Heap Scan on sbtest3  (cost=304.14..32574.98 rows=9337 width=121)
	  Recheck Cond: ((id >= 8760572) AND (id <= 8770571))
	  ->  Bitmap Index Scan on sbtest3_pkey  (cost=0.00..301.81 rows=9337 width=0)
	        Index Cond: ((id >= 8760572) AND (id <= 8770571))

table 4 : explain SELECT c FROM sbtest4 WHERE id BETWEEN 7568114 AND 7578113
	Bitmap Heap Scan on sbtest4  (cost=328.83..35391.56 rows=10185 width=121)
	  Recheck Cond: ((id >= 7568114) AND (id <= 7578113))
	  ->  Bitmap Index Scan on sbtest4_pkey  (cost=0.00..326.29 rows=10185 width=0)
	        Index Cond: ((id >= 7568114) AND (id <= 7578113))

table 5 : explain SELECT c FROM sbtest5 WHERE id BETWEEN 4992263 AND 5002262
	Bitmap Heap Scan on sbtest5  (cost=305.64..33147.95 rows=9483 width=121)
	  Recheck Cond: ((id >= 4992263) AND (id <= 5002262))
	  ->  Bitmap Index Scan on sbtest5_pkey  (cost=0.00..303.26 rows=9483 width=0)
	        Index Cond: ((id >= 4992263) AND (id <= 5002262))

table 6 : explain SELECT c FROM sbtest6 WHERE id BETWEEN 8111617 AND 8121616
	Bitmap Heap Scan on sbtest6  (cost=327.86..35104.96 rows=10090 width=121)
	  Recheck Cond: ((id >= 8111617) AND (id <= 8121616))
	  ->  Bitmap Index Scan on sbtest6_pkey  (cost=0.00..325.33 rows=10090 width=0)
	        Index Cond: ((id >= 8111617) AND (id <= 8121616))

table 7 : explain SELECT c FROM sbtest7 WHERE id BETWEEN 4717691 AND 4727690
	Bitmap Heap Scan on sbtest7  (cost=334.39..35894.76 rows=10337 width=121)
	  Recheck Cond: ((id >= 4717691) AND (id <= 4727690))
	  ->  Bitmap Index Scan on sbtest7_pkey  (cost=0.00..331.81 rows=10337 width=0)
	        Index Cond: ((id >= 4717691) AND (id <= 4727690))

table 8 : explain SELECT c FROM sbtest8 WHERE id BETWEEN 7351829 AND 7361828
	Bitmap Heap Scan on sbtest8  (cost=317.02..34224.98 rows=9813 width=121)
	  Recheck Cond: ((id >= 7351829) AND (id <= 7361828))
	  ->  Bitmap Index Scan on sbtest8_pkey  (cost=0.00..314.56 rows=9813 width=0)
	        Index Cond: ((id >= 7351829) AND (id <= 7361828))

for: simple_ranges
table 1 : explain SELECT c FROM sbtest1 WHERE id BETWEEN 4319767 AND 4329766
	Bitmap Heap Scan on sbtest1  (cost=321.56..34143.15 rows=9866 width=121)
	  Recheck Cond: ((id >= 4319767) AND (id <= 4329766))
	  ->  Bitmap Index Scan on sbtest1_pkey  (cost=0.00..319.09 rows=9866 width=0)
	        Index Cond: ((id >= 4319767) AND (id <= 4329766))

table 2 : explain SELECT c FROM sbtest2 WHERE id BETWEEN 6224834 AND 6234833
	Bitmap Heap Scan on sbtest2  (cost=316.16..33853.39 rows=9729 width=121)
	  Recheck Cond: ((id >= 6224834) AND (id <= 6234833))
	  ->  Bitmap Index Scan on sbtest2_pkey  (cost=0.00..313.73 rows=9729 width=0)
	        Index Cond: ((id >= 6224834) AND (id <= 6234833))

table 3 : explain SELECT c FROM sbtest3 WHERE id BETWEEN 8729901 AND 8739900
	Bitmap Heap Scan on sbtest3  (cost=304.14..32574.98 rows=9337 width=121)
	  Recheck Cond: ((id >= 8729901) AND (id <= 8739900))
	  ->  Bitmap Index Scan on sbtest3_pkey  (cost=0.00..301.81 rows=9337 width=0)
	        Index Cond: ((id >= 8729901) AND (id <= 8739900))

table 4 : explain SELECT c FROM sbtest4 WHERE id BETWEEN 8541315 AND 8551314
	Bitmap Heap Scan on sbtest4  (cost=311.16..33630.92 rows=9632 width=121)
	  Recheck Cond: ((id >= 8541315) AND (id <= 8551314))
	  ->  Bitmap Index Scan on sbtest4_pkey  (cost=0.00..308.75 rows=9632 width=0)
	        Index Cond: ((id >= 8541315) AND (id <= 8551314))

table 5 : explain SELECT c FROM sbtest5 WHERE id BETWEEN 1102944 AND 1112943
	Bitmap Heap Scan on sbtest5  (cost=351.12..37326.16 rows=10799 width=121)
	  Recheck Cond: ((id >= 1102944) AND (id <= 1112943))
	  ->  Bitmap Index Scan on sbtest5_pkey  (cost=0.00..348.43 rows=10799 width=0)
	        Index Cond: ((id >= 1102944) AND (id <= 1112943))

table 6 : explain SELECT c FROM sbtest6 WHERE id BETWEEN 6577366 AND 6587365
	Bitmap Heap Scan on sbtest6  (cost=351.57..37480.51 rows=10842 width=121)
	  Recheck Cond: ((id >= 6577366) AND (id <= 6587365))
	  ->  Bitmap Index Scan on sbtest6_pkey  (cost=0.00..348.86 rows=10842 width=0)
	        Index Cond: ((id >= 6577366) AND (id <= 6587365))

table 7 : explain SELECT c FROM sbtest7 WHERE id BETWEEN 1961103 AND 1971102
	Bitmap Heap Scan on sbtest7  (cost=305.14..33019.45 rows=9435 width=121)
	  Recheck Cond: ((id >= 1961103) AND (id <= 1971102))
	  ->  Bitmap Index Scan on sbtest7_pkey  (cost=0.00..302.79 rows=9435 width=0)
	        Index Cond: ((id >= 1961103) AND (id <= 1971102))

table 8 : explain SELECT c FROM sbtest8 WHERE id BETWEEN 1509706 AND 1519705
	Bitmap Heap Scan on sbtest8  (cost=352.25..37694.44 rows=10909 width=121)
	  Recheck Cond: ((id >= 1509706) AND (id <= 1519705))
	  ->  Bitmap Index Scan on sbtest8_pkey  (cost=0.00..349.53 rows=10909 width=0)
	        Index Cond: ((id >= 1509706) AND (id <= 1519705))

explain: for point_selects :: explain SELECT c FROM sbtest%u WHERE id=%u
for: simple_ranges
table 1 : explain SELECT c FROM sbtest1 WHERE id BETWEEN 1114754 AND 1124753
	Bitmap Heap Scan on sbtest1  (cost=298.92..32092.14 rows=9218 width=121)
	  Recheck Cond: ((id >= 1114754) AND (id <= 1124753))
	  ->  Bitmap Index Scan on sbtest1_pkey  (cost=0.00..296.62 rows=9218 width=0)
	        Index Cond: ((id >= 1114754) AND (id <= 1124753))

table 2 : explain SELECT c FROM sbtest2 WHERE id BETWEEN 7667130 AND 7677129
	Bitmap Heap Scan on sbtest2  (cost=327.75..34967.83 rows=10080 width=121)
	  Recheck Cond: ((id >= 7667130) AND (id <= 7677129))
	  ->  Bitmap Index Scan on sbtest2_pkey  (cost=0.00..325.24 rows=10080 width=0)
	        Index Cond: ((id >= 7667130) AND (id <= 7677129))

table 3 : explain SELECT c FROM sbtest3 WHERE id BETWEEN 8934619 AND 8944618
	Bitmap Heap Scan on sbtest3  (cost=321.95..34378.66 rows=9904 width=121)
	  Recheck Cond: ((id >= 8934619) AND (id <= 8944618))
	  ->  Bitmap Index Scan on sbtest3_pkey  (cost=0.00..319.48 rows=9904 width=0)
	        Index Cond: ((id >= 8934619) AND (id <= 8944618))

table 4 : explain SELECT c FROM sbtest4 WHERE id BETWEEN 4458245 AND 4468244
	Bitmap Heap Scan on sbtest4  (cost=304.01..32648.30 rows=9324 width=121)
	  Recheck Cond: ((id >= 4458245) AND (id <= 4468244))
	  ->  Bitmap Index Scan on sbtest4_pkey  (cost=0.00..301.68 rows=9324 width=0)
	        Index Cond: ((id >= 4458245) AND (id <= 4468244))

table 5 : explain SELECT c FROM sbtest5 WHERE id BETWEEN 3854979 AND 3864978
	Bitmap Heap Scan on sbtest5  (cost=328.40..35253.11 rows=10143 width=121)
	  Recheck Cond: ((id >= 3854979) AND (id <= 3864978))
	  ->  Bitmap Index Scan on sbtest5_pkey  (cost=0.00..325.87 rows=10143 width=0)
	        Index Cond: ((id >= 3854979) AND (id <= 3864978))

table 6 : explain SELECT c FROM sbtest6 WHERE id BETWEEN 4874208 AND 4884207
	Bitmap Heap Scan on sbtest6  (cost=316.74..34136.30 rows=9786 width=121)
	  Recheck Cond: ((id >= 4874208) AND (id <= 4884207))
	  ->  Bitmap Index Scan on sbtest6_pkey  (cost=0.00..314.30 rows=9786 width=0)
	        Index Cond: ((id >= 4874208) AND (id <= 4884207))

table 7 : explain SELECT c FROM sbtest7 WHERE id BETWEEN 5236417 AND 5246416
	Bitmap Heap Scan on sbtest7  (cost=328.73..35381.22 rows=10175 width=121)
	  Recheck Cond: ((id >= 5236417) AND (id <= 5246416))
	  ->  Bitmap Index Scan on sbtest7_pkey  (cost=0.00..326.19 rows=10175 width=0)
	        Index Cond: ((id >= 5236417) AND (id <= 5246416))

table 8 : explain SELECT c FROM sbtest8 WHERE id BETWEEN 9643192 AND 9653191
	Bitmap Heap Scan on sbtest8  (cost=333.72..35687.86 rows=10272 width=121)
	  Recheck Cond: ((id >= 9643192) AND (id <= 9653191))
	  ->  Bitmap Index Scan on sbtest8_pkey  (cost=0.00..331.16 rows=10272 width=0)
	        Index Cond: ((id >= 9643192) AND (id <= 9653191))
for: sum_ranges
table 1 : explain SELECT SUM(k) FROM sbtest1 WHERE id BETWEEN 4040064 AND 4050063
	Aggregate  (cost=37663.10..37663.11 rows=1 width=8)
	  ->  Bitmap Heap Scan on sbtest1  (cost=357.03..37635.64 rows=10985 width=4)
	        Recheck Cond: ((id >= 4040064) AND (id <= 4050063))
	        ->  Bitmap Index Scan on sbtest1_pkey  (cost=0.00..354.29 rows=10985 width=0)
	              Index Cond: ((id >= 4040064) AND (id <= 4050063))

table 2 : explain SELECT SUM(k) FROM sbtest2 WHERE id BETWEEN 2182693 AND 2192692
	Aggregate  (cost=34040.35..34040.36 rows=1 width=8)
	  ->  Bitmap Heap Scan on sbtest2  (cost=316.68..34015.90 rows=9780 width=4)
	        Recheck Cond: ((id >= 2182693) AND (id <= 2192692))
	        ->  Bitmap Index Scan on sbtest2_pkey  (cost=0.00..314.24 rows=9780 width=0)
	              Index Cond: ((id >= 2182693) AND (id <= 2192692))

table 3 : explain SELECT SUM(k) FROM sbtest3 WHERE id BETWEEN 1753739 AND 1763738
	Aggregate  (cost=37996.59..37996.60 rows=1 width=8)
	  ->  Bitmap Heap Scan on sbtest3  (cost=357.69..37968.97 rows=11049 width=4)
	        Recheck Cond: ((id >= 1753739) AND (id <= 1763738))
	        ->  Bitmap Index Scan on sbtest3_pkey  (cost=0.00..354.93 rows=11049 width=0)
	              Index Cond: ((id >= 1753739) AND (id <= 1763738))

table 4 : explain SELECT SUM(k) FROM sbtest4 WHERE id BETWEEN 2507724 AND 2517723
	Aggregate  (cost=35901.35..35901.36 rows=1 width=8)
	  ->  Bitmap Heap Scan on sbtest4  (cost=334.39..35875.51 rows=10337 width=4)
	        Recheck Cond: ((id >= 2507724) AND (id <= 2517723))
	        ->  Bitmap Index Scan on sbtest4_pkey  (cost=0.00..331.81 rows=10337 width=0)
	              Index Cond: ((id >= 2507724) AND (id <= 2517723))

table 5 : explain SELECT SUM(k) FROM sbtest5 WHERE id BETWEEN 5190970 AND 5200969
	Aggregate  (cost=33096.33..33096.34 rows=1 width=8)
	  ->  Bitmap Heap Scan on sbtest5  (cost=305.39..33072.68 rows=9459 width=4)
	        Recheck Cond: ((id >= 5190970) AND (id <= 5200969))
	        ->  Bitmap Index Scan on sbtest5_pkey  (cost=0.00..303.03 rows=9459 width=0)
	              Index Cond: ((id >= 5190970) AND (id <= 5200969))

table 6 : explain SELECT SUM(k) FROM sbtest6 WHERE id BETWEEN 2591373 AND 2601372
	Aggregate  (cost=34667.10..34667.11 rows=1 width=8)
	  ->  Bitmap Heap Scan on sbtest6  (cost=322.37..34642.23 rows=9945 width=4)
	        Recheck Cond: ((id >= 2591373) AND (id <= 2601372))
	        ->  Bitmap Index Scan on sbtest6_pkey  (cost=0.00..319.88 rows=9945 width=0)
	              Index Cond: ((id >= 2591373) AND (id <= 2601372))

table 7 : explain SELECT SUM(k) FROM sbtest7 WHERE id BETWEEN 9910310 AND 9920309
	Aggregate  (cost=34738.64..34738.65 rows=1 width=8)
	  ->  Bitmap Heap Scan on sbtest7  (cost=322.58..34713.73 rows=9965 width=4)
	        Recheck Cond: ((id >= 9910310) AND (id <= 9920309))
	        ->  Bitmap Index Scan on sbtest7_pkey  (cost=0.00..320.08 rows=9965 width=0)
	              Index Cond: ((id >= 9910310) AND (id <= 9920309))

table 8 : explain SELECT SUM(k) FROM sbtest8 WHERE id BETWEEN 2151504 AND 2161503
	Aggregate  (cost=33346.30..33346.31 rows=1 width=8)
	  ->  Bitmap Heap Scan on sbtest8  (cost=310.12..33322.47 rows=9530 width=4)
	        Recheck Cond: ((id >= 2151504) AND (id <= 2161503))
	        ->  Bitmap Index Scan on sbtest8_pkey  (cost=0.00..307.74 rows=9530 width=0)
	              Index Cond: ((id >= 2151504) AND (id <= 2161503))

for: sum_ranges
table 1 : explain SELECT SUM(k) FROM sbtest1 WHERE id BETWEEN 3679096 AND 3689095
	Aggregate  (cost=34161.36..34161.37 rows=1 width=8)
	  ->  Bitmap Heap Scan on sbtest1  (cost=321.54..34136.70 rows=9864 width=4)
	        Recheck Cond: ((id >= 3679096) AND (id <= 3689095))
	        ->  Bitmap Index Scan on sbtest1_pkey  (cost=0.00..319.07 rows=9864 width=0)
	              Index Cond: ((id >= 3679096) AND (id <= 3689095))

table 2 : explain SELECT SUM(k) FROM sbtest2 WHERE id BETWEEN 6236841 AND 6246840
	Aggregate  (cost=33877.71..33877.72 rows=1 width=8)
	  ->  Bitmap Heap Scan on sbtest2  (cost=316.16..33853.39 rows=9729 width=4)
	        Recheck Cond: ((id >= 6236841) AND (id <= 6246840))
	        ->  Bitmap Index Scan on sbtest2_pkey  (cost=0.00..313.73 rows=9729 width=0)
	              Index Cond: ((id >= 6236841) AND (id <= 6246840))

table 3 : explain SELECT SUM(k) FROM sbtest3 WHERE id BETWEEN 9458501 AND 9468500
	Aggregate  (cost=36334.81..36334.82 rows=1 width=8)
	  ->  Bitmap Heap Scan on sbtest3  (cost=340.23..36308.52 rows=10517 width=4)
	        Recheck Cond: ((id >= 9458501) AND (id <= 9468500))
	        ->  Bitmap Index Scan on sbtest3_pkey  (cost=0.00..337.61 rows=10517 width=0)
	              Index Cond: ((id >= 9458501) AND (id <= 9468500))

table 4 : explain SELECT SUM(k) FROM sbtest4 WHERE id BETWEEN 4939980 AND 4949979
	Aggregate  (cost=37112.98..37112.99 rows=1 width=8)
	  ->  Bitmap Heap Scan on sbtest4  (cost=346.33..37086.18 rows=10721 width=4)
	        Recheck Cond: ((id >= 4939980) AND (id <= 4949979))
	        ->  Bitmap Index Scan on sbtest4_pkey  (cost=0.00..343.65 rows=10721 width=0)
	              Index Cond: ((id >= 4939980) AND (id <= 4949979))

table 5 : explain SELECT SUM(k) FROM sbtest5 WHERE id BETWEEN 5595429 AND 5605428
	Aggregate  (cost=32968.56..32968.57 rows=1 width=8)
	  ->  Bitmap Heap Scan on sbtest5  (cost=304.98..32945.01 rows=9419 width=4)
	        Recheck Cond: ((id >= 5595429) AND (id <= 5605428))
	        ->  Bitmap Index Scan on sbtest5_pkey  (cost=0.00..302.62 rows=9419 width=0)
	              Index Cond: ((id >= 5595429) AND (id <= 5605428))

table 6 : explain SELECT SUM(k) FROM sbtest6 WHERE id BETWEEN 5545987 AND 5555986
	Aggregate  (cost=33715.65..33715.66 rows=1 width=8)
	  ->  Bitmap Heap Scan on sbtest6  (cost=311.32..33691.53 rows=9647 width=4)
	        Recheck Cond: ((id >= 5545987) AND (id <= 5555986))
	        ->  Bitmap Index Scan on sbtest6_pkey  (cost=0.00..308.91 rows=9647 width=0)
	              Index Cond: ((id >= 5545987) AND (id <= 5555986))

table 7 : explain SELECT SUM(k) FROM sbtest7 WHERE id BETWEEN 1098439 AND 1108438
	Aggregate  (cost=33000.41..33000.42 rows=1 width=8)
	  ->  Bitmap Heap Scan on sbtest7  (cost=305.01..32976.86 rows=9422 width=4)
	        Recheck Cond: ((id >= 1098439) AND (id <= 1108438))
	        ->  Bitmap Index Scan on sbtest7_pkey  (cost=0.00..302.66 rows=9422 width=0)
	              Index Cond: ((id >= 1098439) AND (id <= 1108438))

table 8 : explain SELECT SUM(k) FROM sbtest8 WHERE id BETWEEN 3605793 AND 3615792
	Aggregate  (cost=31516.87..31516.88 rows=1 width=8)
	  ->  Bitmap Heap Scan on sbtest8  (cost=292.30..31494.47 rows=8962 width=4)
	        Recheck Cond: ((id >= 3605793) AND (id <= 3615792))
	        ->  Bitmap Index Scan on sbtest8_pkey  (cost=0.00..290.06 rows=8962 width=0)
	              Index Cond: ((id >= 3605793) AND (id <= 3615792))


explain: for point_selects :: explain SELECT c FROM sbtest%u WHERE id=%u
explain: for point_selects :: explain SELECT c FROM sbtest%u WHERE id=%u
for: simple_ranges
table 1 : explain SELECT c FROM sbtest1 WHERE id BETWEEN 9741076 AND 9751075
	Bitmap Heap Scan on sbtest1  (cost=334.73..35721.29 rows=10370 width=121)
	  Recheck Cond: ((id >= 9741076) AND (id <= 9751075))
	  ->  Bitmap Index Scan on sbtest1_pkey  (cost=0.00..332.13 rows=10370 width=0)
	        Index Cond: ((id >= 9741076) AND (id <= 9751075))

table 2 : explain SELECT c FROM sbtest2 WHERE id BETWEEN 6586164 AND 6596163
	Bitmap Heap Scan on sbtest2  (cost=310.41..33312.32 rows=9559 width=121)
	  Recheck Cond: ((id >= 6586164) AND (id <= 6596163))
	  ->  Bitmap Index Scan on sbtest2_pkey  (cost=0.00..308.03 rows=9559 width=0)
	        Index Cond: ((id >= 6586164) AND (id <= 6596163))

table 3 : explain SELECT c FROM sbtest3 WHERE id BETWEEN 8991903 AND 9001902
	Bitmap Heap Scan on sbtest3  (cost=321.95..34378.66 rows=9904 width=121)
	  Recheck Cond: ((id >= 8991903) AND (id <= 9001902))
	  ->  Bitmap Index Scan on sbtest3_pkey  (cost=0.00..319.48 rows=9904 width=0)
	        Index Cond: ((id >= 8991903) AND (id <= 9001902))

table 4 : explain SELECT c FROM sbtest4 WHERE id BETWEEN 6136159 AND 6146158
	Bitmap Heap Scan on sbtest4  (cost=315.99..33892.87 rows=9713 width=121)
	  Recheck Cond: ((id >= 6136159) AND (id <= 6146158))
	  ->  Bitmap Index Scan on sbtest4_pkey  (cost=0.00..313.56 rows=9713 width=0)
	        Index Cond: ((id >= 6136159) AND (id <= 6146158))

table 5 : explain SELECT c FROM sbtest5 WHERE id BETWEEN 2385483 AND 2395482
	Bitmap Heap Scan on sbtest5  (cost=315.68..33789.95 rows=9682 width=121)
	  Recheck Cond: ((id >= 2385483) AND (id <= 2395482))
	  ->  Bitmap Index Scan on sbtest5_pkey  (cost=0.00..313.25 rows=9682 width=0)
	        Index Cond: ((id >= 2385483) AND (id <= 2395482))

table 6 : explain SELECT c FROM sbtest6 WHERE id BETWEEN 8995746 AND 9005745
	Bitmap Heap Scan on sbtest6  (cost=305.79..33213.31 rows=9498 width=121)
	  Recheck Cond: ((id >= 8995746) AND (id <= 9005745))
	  ->  Bitmap Index Scan on sbtest6_pkey  (cost=0.00..303.42 rows=9498 width=0)
	        Index Cond: ((id >= 8995746) AND (id <= 9005745))

table 7 : explain SELECT c FROM sbtest7 WHERE id BETWEEN 2024322 AND 2034321
	Bitmap Heap Scan on sbtest7  (cost=339.76..36319.95 rows=10471 width=121)
	  Recheck Cond: ((id >= 2024322) AND (id <= 2034321))
	  ->  Bitmap Index Scan on sbtest7_pkey  (cost=0.00..337.15 rows=10471 width=0)
	        Index Cond: ((id >= 2024322) AND (id <= 2034321))

table 8 : explain SELECT c FROM sbtest8 WHERE id BETWEEN 4123865 AND 4133864
	Bitmap Heap Scan on sbtest8  (cost=310.12..33322.47 rows=9530 width=121)
	  Recheck Cond: ((id >= 4123865) AND (id <= 4133864))
	  ->  Bitmap Index Scan on sbtest8_pkey  (cost=0.00..307.74 rows=9530 width=0)
	        Index Cond: ((id >= 4123865) AND (id <= 4133864))

for: sum_ranges
table 1 : explain SELECT SUM(k) FROM sbtest1 WHERE id BETWEEN 3858709 AND 3868708
	Aggregate  (cost=38554.70..38554.71 rows=1 width=8)
	  ->  Bitmap Heap Scan on sbtest1  (cost=363.99..38526.52 rows=11274 width=4)
	        Recheck Cond: ((id >= 3858709) AND (id <= 3868708))
	        ->  Bitmap Index Scan on sbtest1_pkey  (cost=0.00..361.18 rows=11274 width=0)
	              Index Cond: ((id >= 3858709) AND (id <= 3868708))

table 2 : explain SELECT SUM(k) FROM sbtest2 WHERE id BETWEEN 313724 AND 323723
	Aggregate  (cost=36358.59..36358.60 rows=1 width=8)
	  ->  Bitmap Heap Scan on sbtest2  (cost=340.20..36332.31 rows=10514 width=4)
	        Recheck Cond: ((id >= 313724) AND (id <= 323723))
	        ->  Bitmap Index Scan on sbtest2_pkey  (cost=0.00..337.57 rows=10514 width=0)
	              Index Cond: ((id >= 313724) AND (id <= 323723))

table 3 : explain SELECT SUM(k) FROM sbtest3 WHERE id BETWEEN 1995330 AND 2005329
	Aggregate  (cost=37364.69..37364.70 rows=1 width=8)
	  ->  Bitmap Heap Scan on sbtest3  (cost=351.61..37337.57 rows=10846 width=4)
	        Recheck Cond: ((id >= 1995330) AND (id <= 2005329))
	        ->  Bitmap Index Scan on sbtest3_pkey  (cost=0.00..348.90 rows=10846 width=0)
	              Index Cond: ((id >= 1995330) AND (id <= 2005329))

table 4 : explain SELECT SUM(k) FROM sbtest4 WHERE id BETWEEN 2983290 AND 2993289
	Aggregate  (cost=32556.01..32556.02 rows=1 width=8)
	  ->  Bitmap Heap Scan on sbtest4  (cost=299.65..32532.79 rows=9289 width=4)
	        Recheck Cond: ((id >= 2983290) AND (id <= 2993289))
	        ->  Bitmap Index Scan on sbtest4_pkey  (cost=0.00..297.32 rows=9289 width=0)
	              Index Cond: ((id >= 2983290) AND (id <= 2993289))

table 5 : explain SELECT SUM(k) FROM sbtest5 WHERE id BETWEEN 8768893 AND 8778892
	Aggregate  (cost=34085.17..34085.18 rows=1 width=8)
	  ->  Bitmap Heap Scan on sbtest5  (cost=316.56..34060.75 rows=9768 width=4)
	        Recheck Cond: ((id >= 8768893) AND (id <= 8778892))
	        ->  Bitmap Index Scan on sbtest5_pkey  (cost=0.00..314.12 rows=9768 width=0)
	              Index Cond: ((id >= 8768893) AND (id <= 8778892))

table 6 : explain SELECT SUM(k) FROM sbtest6 WHERE id BETWEEN 6873135 AND 6883134
	Aggregate  (cost=32340.51..32340.52 rows=1 width=8)
	  ->  Bitmap Heap Scan on sbtest6  (cost=298.93..32317.47 rows=9219 width=4)
	        Recheck Cond: ((id >= 6873135) AND (id <= 6883134))
	        ->  Bitmap Index Scan on sbtest6_pkey  (cost=0.00..296.62 rows=9219 width=0)
	              Index Cond: ((id >= 6873135) AND (id <= 6883134))

table 7 : explain SELECT SUM(k) FROM sbtest7 WHERE id BETWEEN 3395753 AND 3405752
	Aggregate  (cost=36125.72..36125.73 rows=1 width=8)
	  ->  Bitmap Heap Scan on sbtest7  (cost=339.05..36099.72 rows=10401 width=4)
	        Recheck Cond: ((id >= 3395753) AND (id <= 3405752))
	        ->  Bitmap Index Scan on sbtest7_pkey  (cost=0.00..336.44 rows=10401 width=0)
	              Index Cond: ((id >= 3395753) AND (id <= 3405752))

table 8 : explain SELECT SUM(k) FROM sbtest8 WHERE id BETWEEN 2049973 AND 2059972
	Aggregate  (cost=35784.97..35784.98 rows=1 width=8)
	  ->  Bitmap Heap Scan on sbtest8  (cost=333.96..35759.24 rows=10295 width=4)
	        Recheck Cond: ((id >= 2049973) AND (id <= 2059972))
	        ->  Bitmap Index Scan on sbtest8_pkey  (cost=0.00..331.38 rows=10295 width=0)
	              Index Cond: ((id >= 2049973) AND (id <= 2059972))

for: order_ranges
table 1 : explain SELECT c FROM sbtest1 WHERE id BETWEEN 6582896 AND 6592895 ORDER BY c
	Sort  (cost=33939.40..33963.41 rows=9601 width=121)
	  Sort Key: c
	  ->  Bitmap Heap Scan on sbtest1  (cost=310.85..33304.35 rows=9601 width=121)
	        Recheck Cond: ((id >= 6582896) AND (id <= 6592895))
	        ->  Bitmap Index Scan on sbtest1_pkey  (cost=0.00..308.44 rows=9601 width=0)
	              Index Cond: ((id >= 6582896) AND (id <= 6592895))

table 2 : explain SELECT c FROM sbtest2 WHERE id BETWEEN 1108913 AND 1118912 ORDER BY c
	Sort  (cost=34437.90..34462.17 rows=9710 width=121)
	  Sort Key: c
	  ->  Bitmap Heap Scan on sbtest2  (cost=315.96..33794.84 rows=9710 width=121)
	        Recheck Cond: ((id >= 1108913) AND (id <= 1118912))
	        ->  Bitmap Index Scan on sbtest2_pkey  (cost=0.00..313.54 rows=9710 width=0)
	              Index Cond: ((id >= 1108913) AND (id <= 1118912))

table 3 : explain SELECT c FROM sbtest3 WHERE id BETWEEN 9449395 AND 9459394 ORDER BY c
	Sort  (cost=37011.08..37037.37 rows=10517 width=121)
	  Sort Key: c
	  ->  Bitmap Heap Scan on sbtest3  (cost=340.23..36308.52 rows=10517 width=121)
	        Recheck Cond: ((id >= 9449395) AND (id <= 9459394))
	        ->  Bitmap Index Scan on sbtest3_pkey  (cost=0.00..337.61 rows=10517 width=0)
	              Index Cond: ((id >= 9449395) AND (id <= 9459394))

table 4 : explain SELECT c FROM sbtest4 WHERE id BETWEEN 9759891 AND 9769890 ORDER BY c
	Sort  (cost=34873.23..34897.78 rows=9817 width=121)
	  Sort Key: c
	  ->  Bitmap Heap Scan on sbtest4  (cost=317.06..34222.31 rows=9817 width=121)
	        Recheck Cond: ((id >= 9759891) AND (id <= 9769890))
	        ->  Bitmap Index Scan on sbtest4_pkey  (cost=0.00..314.61 rows=9817 width=0)
	              Index Cond: ((id >= 9759891) AND (id <= 9769890))

table 5 : explain SELECT c FROM sbtest5 WHERE id BETWEEN 9558140 AND 9568139 ORDER BY c
	Sort  (cost=37550.36..37576.97 rows=10644 width=121)
	  Sort Key: c
	  ->  Bitmap Heap Scan on sbtest5  (cost=345.54..36838.40 rows=10644 width=121)
	        Recheck Cond: ((id >= 9558140) AND (id <= 9568139))
	        ->  Bitmap Index Scan on sbtest5_pkey  (cost=0.00..342.88 rows=10644 width=0)
	              Index Cond: ((id >= 9558140) AND (id <= 9568139))

table 6 : explain SELECT c FROM sbtest6 WHERE id BETWEEN 9248556 AND 9258555 ORDER BY c
	Sort  (cost=37141.47..37167.75 rows=10512 width=121)
	  Sort Key: c
	  ->  Bitmap Heap Scan on sbtest6  (cost=340.18..36439.28 rows=10512 width=121)
	        Recheck Cond: ((id >= 9248556) AND (id <= 9258555))
	        ->  Bitmap Index Scan on sbtest6_pkey  (cost=0.00..337.56 rows=10512 width=0)
	              Index Cond: ((id >= 9248556) AND (id <= 9258555))

table 7 : explain SELECT c FROM sbtest7 WHERE id BETWEEN 5726126 AND 5736125 ORDER BY c
	Sort  (cost=33256.61..33279.90 rows=9317 width=121)
	  Sort Key: c
	  ->  Bitmap Heap Scan on sbtest7  (cost=303.93..32642.36 rows=9317 width=121)
	        Recheck Cond: ((id >= 5726126) AND (id <= 5736125))
	        ->  Bitmap Index Scan on sbtest7_pkey  (cost=0.00..301.61 rows=9317 width=0)
	              Index Cond: ((id >= 5726126) AND (id <= 5736125))

table 8 : explain SELECT c FROM sbtest8 WHERE id BETWEEN 6685888 AND 6695887 ORDER BY c
	Sort  (cost=35590.27..35615.35 rows=10031 width=121)
	  Sort Key: c
	  ->  Bitmap Heap Scan on sbtest8  (cost=327.25..34923.60 rows=10031 width=121)
	        Recheck Cond: ((id >= 6685888) AND (id <= 6695887))
	        ->  Bitmap Index Scan on sbtest8_pkey  (cost=0.00..324.75 rows=10031 width=0)
	              Index Cond: ((id >= 6685888) AND (id <= 6695887))

for point_selects
table 1 : explain SELECT c FROM sbtest1 WHERE id=8383127
	Index Scan using sbtest1_pkey on sbtest1  (cost=0.43..8.45 rows=1 width=121)
	  Index Cond: (id = 8383127)

table 2 : explain SELECT c FROM sbtest2 WHERE id=9934429
	Index Scan using sbtest2_pkey on sbtest2  (cost=0.43..8.45 rows=1 width=121)
	  Index Cond: (id = 9934429)

table 3 : explain SELECT c FROM sbtest3 WHERE id=1239376
	Index Scan using sbtest3_pkey on sbtest3  (cost=0.43..8.45 rows=1 width=121)
	  Index Cond: (id = 1239376)

table 4 : explain SELECT c FROM sbtest4 WHERE id=5142425
	Index Scan using sbtest4_pkey on sbtest4  (cost=0.43..8.45 rows=1 width=121)
	  Index Cond: (id = 5142425)

table 5 : explain SELECT c FROM sbtest5 WHERE id=2919471
	Index Scan using sbtest5_pkey on sbtest5  (cost=0.43..8.45 rows=1 width=121)
	  Index Cond: (id = 2919471)

table 6 : explain SELECT c FROM sbtest6 WHERE id=8939879
	Index Scan using sbtest6_pkey on sbtest6  (cost=0.43..8.45 rows=1 width=121)
	  Index Cond: (id = 8939879)

table 7 : explain SELECT c FROM sbtest7 WHERE id=2591296
	Index Scan using sbtest7_pkey on sbtest7  (cost=0.43..8.45 rows=1 width=121)
	  Index Cond: (id = 2591296)

table 8 : explain SELECT c FROM sbtest8 WHERE id=1960593
	Index Scan using sbtest8_pkey on sbtest8  (cost=0.43..8.45 rows=1 width=121)
	  Index Cond: (id = 1960593)

for: order_ranges
table 1 : explain SELECT c FROM sbtest1 WHERE id BETWEEN 1935611 AND 1945610 ORDER BY c
	Sort  (cost=35346.15..35371.24 rows=10036 width=121)
	  Sort Key: c
	  ->  Bitmap Heap Scan on sbtest1  (cost=327.30..34679.11 rows=10036 width=121)
	        Recheck Cond: ((id >= 1935611) AND (id <= 1945610))
	        ->  Bitmap Index Scan on sbtest1_pkey  (cost=0.00..324.80 rows=10036 width=0)
	              Index Cond: ((id >= 1935611) AND (id <= 1945610))

table 2 : explain SELECT c FROM sbtest2 WHERE id BETWEEN 9707724 AND 9717723 ORDER BY c
	Sort  (cost=33426.39..33449.89 rows=9400 width=121)
	  Sort Key: c
	  ->  Bitmap Heap Scan on sbtest2  (cost=304.79..32806.06 rows=9400 width=121)
	        Recheck Cond: ((id >= 9707724) AND (id <= 9717723))
	        ->  Bitmap Index Scan on sbtest2_pkey  (cost=0.00..302.44 rows=9400 width=0)
	              Index Cond: ((id >= 9707724) AND (id <= 9717723))

table 3 : explain SELECT c FROM sbtest3 WHERE id BETWEEN 4606233 AND 4616232 ORDER BY c
	Sort  (cost=33083.18..33106.45 rows=9305 width=121)
	  Sort Key: c
	  ->  Bitmap Heap Scan on sbtest3  (cost=299.81..32469.81 rows=9305 width=121)
	        Recheck Cond: ((id >= 4606233) AND (id <= 4616232))
	        ->  Bitmap Index Scan on sbtest3_pkey  (cost=0.00..297.49 rows=9305 width=0)
	              Index Cond: ((id >= 4606233) AND (id <= 4616232))

table 4 : explain SELECT c FROM sbtest4 WHERE id BETWEEN 6720838 AND 6730837 ORDER BY c
	Sort  (cost=35730.47..35755.67 rows=10079 width=121)
	  Sort Key: c
	  ->  Bitmap Heap Scan on sbtest4  (cost=327.74..35060.27 rows=10079 width=121)
	        Recheck Cond: ((id >= 6720838) AND (id <= 6730837))
	        ->  Bitmap Index Scan on sbtest4_pkey  (cost=0.00..325.23 rows=10079 width=0)
	              Index Cond: ((id >= 6720838) AND (id <= 6730837))

table 5 : explain SELECT c FROM sbtest5 WHERE id BETWEEN 2885660 AND 2895659 ORDER BY c
	Sort  (cost=37996.79..38023.74 rows=10782 width=121)
	  Sort Key: c
	  ->  Bitmap Heap Scan on sbtest5  (cost=350.95..37274.59 rows=10782 width=121)
	        Recheck Cond: ((id >= 2885660) AND (id <= 2895659))
	        ->  Bitmap Index Scan on sbtest5_pkey  (cost=0.00..348.25 rows=10782 width=0)
	              Index Cond: ((id >= 2885660) AND (id <= 2895659))

table 6 : explain SELECT c FROM sbtest6 WHERE id BETWEEN 5970741 AND 5980740 ORDER BY c
	Sort  (cost=32217.53..32240.04 rows=9004 width=121)
	  Sort Key: c
	  ->  Bitmap Heap Scan on sbtest6  (cost=292.73..31626.13 rows=9004 width=121)
	        Recheck Cond: ((id >= 5970741) AND (id <= 5980740))
	        ->  Bitmap Index Scan on sbtest6_pkey  (cost=0.00..290.48 rows=9004 width=0)
	              Index Cond: ((id >= 5970741) AND (id <= 5980740))

table 7 : explain SELECT c FROM sbtest7 WHERE id BETWEEN 7085987 AND 7095986 ORDER BY c
	Sort  (cost=35062.12..35086.79 rows=9868 width=121)
	  Sort Key: c
	  ->  Bitmap Heap Scan on sbtest7  (cost=321.58..34407.45 rows=9868 width=121)
	        Recheck Cond: ((id >= 7085987) AND (id <= 7095986))
	        ->  Bitmap Index Scan on sbtest7_pkey  (cost=0.00..319.12 rows=9868 width=0)
	              Index Cond: ((id >= 7085987) AND (id <= 7095986))

table 8 : explain SELECT c FROM sbtest8 WHERE id BETWEEN 2886805 AND 2896804 ORDER BY c
	Sort  (cost=32268.05..32290.59 rows=9018 width=121)
	  Sort Key: c
	  ->  Bitmap Heap Scan on sbtest8  (cost=292.87..31675.63 rows=9018 width=121)
	        Recheck Cond: ((id >= 2886805) AND (id <= 2896804))
	        ->  Bitmap Index Scan on sbtest8_pkey  (cost=0.00..290.62 rows=9018 width=0)
	              Index Cond: ((id >= 2886805) AND (id <= 2896804))

for point_selects
table 1 : explain SELECT c FROM sbtest1 WHERE id=696173
	Index Scan using sbtest1_pkey on sbtest1  (cost=0.43..8.45 rows=1 width=121)
	  Index Cond: (id = 696173)

table 2 : explain SELECT c FROM sbtest2 WHERE id=2305818
	Index Scan using sbtest2_pkey on sbtest2  (cost=0.43..8.45 rows=1 width=121)
	  Index Cond: (id = 2305818)

table 3 : explain SELECT c FROM sbtest3 WHERE id=3131292
	Index Scan using sbtest3_pkey on sbtest3  (cost=0.43..8.45 rows=1 width=121)
	  Index Cond: (id = 3131292)

table 4 : explain SELECT c FROM sbtest4 WHERE id=8702164
	Index Scan using sbtest4_pkey on sbtest4  (cost=0.43..8.45 rows=1 width=121)
	  Index Cond: (id = 8702164)

table 5 : explain SELECT c FROM sbtest5 WHERE id=626964
	Index Scan using sbtest5_pkey on sbtest5  (cost=0.43..8.45 rows=1 width=121)
	  Index Cond: (id = 626964)

table 6 : explain SELECT c FROM sbtest6 WHERE id=5806217
	Index Scan using sbtest6_pkey on sbtest6  (cost=0.43..8.45 rows=1 width=121)
	  Index Cond: (id = 5806217)

table 7 : explain SELECT c FROM sbtest7 WHERE id=2488344
	Index Scan using sbtest7_pkey on sbtest7  (cost=0.43..8.45 rows=1 width=121)
	  Index Cond: (id = 2488344)

table 8 : explain SELECT c FROM sbtest8 WHERE id=9581952
	Index Scan using sbtest8_pkey on sbtest8  (cost=0.43..8.45 rows=1 width=121)
	  Index Cond: (id = 9581952)

for point_selects
table 1 : explain SELECT c FROM sbtest1 WHERE id=7211437
	Index Scan using sbtest1_pkey on sbtest1  (cost=0.43..8.45 rows=1 width=121)
	  Index Cond: (id = 7211437)

table 2 : explain SELECT c FROM sbtest2 WHERE id=2822839
	Index Scan using sbtest2_pkey on sbtest2  (cost=0.43..8.45 rows=1 width=121)
	  Index Cond: (id = 2822839)

table 3 : explain SELECT c FROM sbtest3 WHERE id=6365775
	Index Scan using sbtest3_pkey on sbtest3  (cost=0.43..8.45 rows=1 width=121)
	  Index Cond: (id = 6365775)

table 4 : explain SELECT c FROM sbtest4 WHERE id=1353087
	Index Scan using sbtest4_pkey on sbtest4  (cost=0.43..8.45 rows=1 width=121)
	  Index Cond: (id = 1353087)

table 5 : explain SELECT c FROM sbtest5 WHERE id=4122150
	Index Scan using sbtest5_pkey on sbtest5  (cost=0.43..8.45 rows=1 width=121)
	  Index Cond: (id = 4122150)

table 6 : explain SELECT c FROM sbtest6 WHERE id=1411136
	Index Scan using sbtest6_pkey on sbtest6  (cost=0.43..8.45 rows=1 width=121)
	  Index Cond: (id = 1411136)

table 7 : explain SELECT c FROM sbtest7 WHERE id=8523835
	Index Scan using sbtest7_pkey on sbtest7  (cost=0.43..8.45 rows=1 width=121)
	  Index Cond: (id = 8523835)

table 8 : explain SELECT c FROM sbtest8 WHERE id=2051401
	Index Scan using sbtest8_pkey on sbtest8  (cost=0.43..8.45 rows=1 width=121)
	  Index Cond: (id = 2051401)

for: sum_ranges
table 1 : explain SELECT SUM(k) FROM sbtest1 WHERE id BETWEEN 8940379 AND 8950378
	Aggregate  (cost=33140.32..33140.33 rows=1 width=8)
	  ->  Bitmap Heap Scan on sbtest1  (cost=310.23..33116.47 rows=9541 width=4)
	        Recheck Cond: ((id >= 8940379) AND (id <= 8950378))
	        ->  Bitmap Index Scan on sbtest1_pkey  (cost=0.00..307.84 rows=9541 width=0)
	              Index Cond: ((id >= 8940379) AND (id <= 8950378))

table 2 : explain SELECT SUM(k) FROM sbtest2 WHERE id BETWEEN 7142223 AND 7152222
	Aggregate  (cost=31636.17..31636.18 rows=1 width=8)
	  ->  Bitmap Heap Scan on sbtest2  (cost=292.97..31613.60 rows=9028 width=4)
	        Recheck Cond: ((id >= 7142223) AND (id <= 7152222))
	        ->  Bitmap Index Scan on sbtest2_pkey  (cost=0.00..290.71 rows=9028 width=0)
	              Index Cond: ((id >= 7142223) AND (id <= 7152222))

table 3 : explain SELECT SUM(k) FROM sbtest3 WHERE id BETWEEN 7709265 AND 7719264
	Aggregate  (cost=32326.39..32326.40 rows=1 width=8)
	  ->  Bitmap Heap Scan on sbtest3  (cost=299.27..32303.26 rows=9252 width=4)
	        Recheck Cond: ((id >= 7709265) AND (id <= 7719264))
	        ->  Bitmap Index Scan on sbtest3_pkey  (cost=0.00..296.95 rows=9252 width=0)
	              Index Cond: ((id >= 7709265) AND (id <= 7719264))

table 4 : explain SELECT SUM(k) FROM sbtest4 WHERE id BETWEEN 4780285 AND 4790284
	Aggregate  (cost=31397.18..31397.19 rows=1 width=8)
	  ->  Bitmap Heap Scan on sbtest4  (cost=291.95..31374.86 rows=8928 width=4)
	        Recheck Cond: ((id >= 4780285) AND (id <= 4790284))
	        ->  Bitmap Index Scan on sbtest4_pkey  (cost=0.00..289.71 rows=8928 width=0)
	              Index Cond: ((id >= 4780285) AND (id <= 4790284))

table 5 : explain SELECT SUM(k) FROM sbtest5 WHERE id BETWEEN 6951042 AND 6961041
	Aggregate  (cost=36518.37..36518.38 rows=1 width=8)
	  ->  Bitmap Heap Scan on sbtest5  (cost=340.42..36492.04 rows=10535 width=4)
	        Recheck Cond: ((id >= 6951042) AND (id <= 6961041))
	        ->  Bitmap Index Scan on sbtest5_pkey  (cost=0.00..337.79 rows=10535 width=0)
	              Index Cond: ((id >= 6951042) AND (id <= 6961041))

table 6 : explain SELECT SUM(k) FROM sbtest6 WHERE id BETWEEN 165885 AND 175884
	Aggregate  (cost=35357.82..35357.83 rows=1 width=8)
	  ->  Bitmap Heap Scan on sbtest6  (cost=328.60..35332.42 rows=10162 width=4)
	        Recheck Cond: ((id >= 165885) AND (id <= 175884))
	        ->  Bitmap Index Scan on sbtest6_pkey  (cost=0.00..326.06 rows=10162 width=0)
	              Index Cond: ((id >= 165885) AND (id <= 175884))

table 7 : explain SELECT SUM(k) FROM sbtest7 WHERE id BETWEEN 3886440 AND 3896439
	Aggregate  (cost=36482.19..36482.20 rows=1 width=8)
	  ->  Bitmap Heap Scan on sbtest7  (cost=340.21..36455.91 rows=10515 width=4)
	        Recheck Cond: ((id >= 3886440) AND (id <= 3896439))
	        ->  Bitmap Index Scan on sbtest7_pkey  (cost=0.00..337.58 rows=10515 width=0)
	              Index Cond: ((id >= 3886440) AND (id <= 3896439))

table 8 : explain SELECT SUM(k) FROM sbtest8 WHERE id BETWEEN 1460949 AND 1470948
	Aggregate  (cost=35752.52..35752.53 rows=1 width=8)
	  ->  Bitmap Heap Scan on sbtest8  (cost=333.86..35726.81 rows=10285 width=4)
	        Recheck Cond: ((id >= 1460949) AND (id <= 1470948))
	        ->  Bitmap Index Scan on sbtest8_pkey  (cost=0.00..331.29 rows=10285 width=0)
	              Index Cond: ((id >= 1460949) AND (id <= 1470948))

for point_selects
table 1 : explain SELECT c FROM sbtest1 WHERE id=213199
	Index Scan using sbtest1_pkey on sbtest1  (cost=0.43..8.45 rows=1 width=121)
	  Index Cond: (id = 213199)

table 2 : explain SELECT c FROM sbtest2 WHERE id=1799458
	Index Scan using sbtest2_pkey on sbtest2  (cost=0.43..8.45 rows=1 width=121)
	  Index Cond: (id = 1799458)

table 3 : explain SELECT c FROM sbtest3 WHERE id=4710767
	Index Scan using sbtest3_pkey on sbtest3  (cost=0.43..8.45 rows=1 width=121)
	  Index Cond: (id = 4710767)

table 4 : explain SELECT c FROM sbtest4 WHERE id=1046384
	Index Scan using sbtest4_pkey on sbtest4  (cost=0.43..8.45 rows=1 width=121)
	  Index Cond: (id = 1046384)

table 5 : explain SELECT c FROM sbtest5 WHERE id=974724
	Index Scan using sbtest5_pkey on sbtest5  (cost=0.43..8.45 rows=1 width=121)
	  Index Cond: (id = 974724)

table 6 : explain SELECT c FROM sbtest6 WHERE id=4154823
	Index Scan using sbtest6_pkey on sbtest6  (cost=0.43..8.45 rows=1 width=121)
	  Index Cond: (id = 4154823)

table 7 : explain SELECT c FROM sbtest7 WHERE id=3860853
	Index Scan using sbtest7_pkey on sbtest7  (cost=0.43..8.45 rows=1 width=121)
	  Index Cond: (id = 3860853)

table 8 : explain SELECT c FROM sbtest8 WHERE id=1225900
	Index Scan using sbtest8_pkey on sbtest8  (cost=0.43..8.45 rows=1 width=121)
	  Index Cond: (id = 1225900)

for: simple_ranges
table 1 : explain SELECT c FROM sbtest1 WHERE id BETWEEN 6361946 AND 6371945
	Bitmap Heap Scan on sbtest1  (cost=315.68..33564.01 rows=9682 width=121)
	  Recheck Cond: ((id >= 6361946) AND (id <= 6371945))
	  ->  Bitmap Index Scan on sbtest1_pkey  (cost=0.00..313.25 rows=9682 width=0)
	        Index Cond: ((id >= 6361946) AND (id <= 6371945))

table 2 : explain SELECT c FROM sbtest2 WHERE id BETWEEN 8387339 AND 8397338
	Bitmap Heap Scan on sbtest2  (cost=358.46..38241.46 rows=11124 width=121)
	  Recheck Cond: ((id >= 8387339) AND (id <= 8397338))
	  ->  Bitmap Index Scan on sbtest2_pkey  (cost=0.00..355.68 rows=11124 width=0)
	        Index Cond: ((id >= 8387339) AND (id <= 8397338))

table 3 : explain SELECT c FROM sbtest3 WHERE id BETWEEN 4231321 AND 4241320
	Bitmap Heap Scan on sbtest3  (cost=310.92..33435.73 rows=9608 width=121)
	  Recheck Cond: ((id >= 4231321) AND (id <= 4241320))
	  ->  Bitmap Index Scan on sbtest3_pkey  (cost=0.00..308.51 rows=9608 width=0)
	        Index Cond: ((id >= 4231321) AND (id <= 4241320))

table 4 : explain SELECT c FROM sbtest4 WHERE id BETWEEN 7020925 AND 7030924
	Bitmap Heap Scan on sbtest4  (cost=299.58..32509.83 rows=9282 width=121)
	  Recheck Cond: ((id >= 7020925) AND (id <= 7030924))
	  ->  Bitmap Index Scan on sbtest4_pkey  (cost=0.00..297.25 rows=9282 width=0)
	        Index Cond: ((id >= 7020925) AND (id <= 7030924))

table 5 : explain SELECT c FROM sbtest5 WHERE id BETWEEN 268445 AND 278444
	Bitmap Heap Scan on sbtest5  (cost=346.54..37144.88 rows=10742 width=121)
	  Recheck Cond: ((id >= 268445) AND (id <= 278444))
	  ->  Bitmap Index Scan on sbtest5_pkey  (cost=0.00..343.86 rows=10742 width=0)
	        Index Cond: ((id >= 268445) AND (id <= 278444))

table 6 : explain SELECT c FROM sbtest6 WHERE id BETWEEN 5802087 AND 5812086
	Bitmap Heap Scan on sbtest6  (cost=304.33..32761.19 rows=9356 width=121)
	  Recheck Cond: ((id >= 5802087) AND (id <= 5812086))
	  ->  Bitmap Index Scan on sbtest6_pkey  (cost=0.00..302.00 rows=9356 width=0)
	        Index Cond: ((id >= 5802087) AND (id <= 5812086))

table 7 : explain SELECT c FROM sbtest7 WHERE id BETWEEN 4898743 AND 4908742
	Bitmap Heap Scan on sbtest7  (cost=339.16..36135.35 rows=10412 width=121)
	  Recheck Cond: ((id >= 4898743) AND (id <= 4908742))
	  ->  Bitmap Index Scan on sbtest7_pkey  (cost=0.00..336.56 rows=10412 width=0)
	        Index Cond: ((id >= 4898743) AND (id <= 4908742))

table 8 : explain SELECT c FROM sbtest8 WHERE id BETWEEN 4142849 AND 4152848
	Bitmap Heap Scan on sbtest8  (cost=310.12..33322.47 rows=9530 width=121)
	  Recheck Cond: ((id >= 4142849) AND (id <= 4152848))
	  ->  Bitmap Index Scan on sbtest8_pkey  (cost=0.00..307.74 rows=9530 width=0)
	        Index Cond: ((id >= 4142849) AND (id <= 4152848))

for point_selects
table 1 : explain SELECT c FROM sbtest1 WHERE id=4376283
	Index Scan using sbtest1_pkey on sbtest1  (cost=0.43..8.45 rows=1 width=121)
	  Index Cond: (id = 4376283)

table 2 : explain SELECT c FROM sbtest2 WHERE id=8663741
	Index Scan using sbtest2_pkey on sbtest2  (cost=0.43..8.45 rows=1 width=121)
	  Index Cond: (id = 8663741)

table 3 : explain SELECT c FROM sbtest3 WHERE id=4159336
	Index Scan using sbtest3_pkey on sbtest3  (cost=0.43..8.45 rows=1 width=121)
	  Index Cond: (id = 4159336)

table 4 : explain SELECT c FROM sbtest4 WHERE id=4991978
	Index Scan using sbtest4_pkey on sbtest4  (cost=0.43..8.45 rows=1 width=121)
	  Index Cond: (id = 4991978)

table 5 : explain SELECT c FROM sbtest5 WHERE id=5786453
	Index Scan using sbtest5_pkey on sbtest5  (cost=0.43..8.45 rows=1 width=121)
	  Index Cond: (id = 5786453)

table 6 : explain SELECT c FROM sbtest6 WHERE id=9864092
	Index Scan using sbtest6_pkey on sbtest6  (cost=0.43..8.45 rows=1 width=121)
	  Index Cond: (id = 9864092)

table 7 : explain SELECT c FROM sbtest7 WHERE id=7909698
	Index Scan using sbtest7_pkey on sbtest7  (cost=0.43..8.45 rows=1 width=121)
	  Index Cond: (id = 7909698)

table 8 : explain SELECT c FROM sbtest8 WHERE id=6651127
	Index Scan using sbtest8_pkey on sbtest8  (cost=0.43..8.45 rows=1 width=121)
	  Index Cond: (id = 6651127)

for: sum_ranges
table 1 : explain SELECT SUM(k) FROM sbtest1 WHERE id BETWEEN 8240633 AND 8250632
	Aggregate  (cost=35300.59..35300.60 rows=1 width=8)
	  ->  Bitmap Heap Scan on sbtest1  (cost=333.25..35275.03 rows=10226 width=4)
	        Recheck Cond: ((id >= 8240633) AND (id <= 8250632))
	        ->  Bitmap Index Scan on sbtest1_pkey  (cost=0.00..330.69 rows=10226 width=0)
	              Index Cond: ((id >= 8240633) AND (id <= 8250632))

table 2 : explain SELECT SUM(k) FROM sbtest2 WHERE id BETWEEN 8054896 AND 8064895
	Aggregate  (cost=34466.79..34466.80 rows=1 width=8)
	  ->  Bitmap Heap Scan on sbtest2  (cost=322.05..34442.00 rows=9914 width=4)
	        Recheck Cond: ((id >= 8054896) AND (id <= 8064895))
	        ->  Bitmap Index Scan on sbtest2_pkey  (cost=0.00..319.57 rows=9914 width=0)
	              Index Cond: ((id >= 8054896) AND (id <= 8064895))

table 3 : explain SELECT SUM(k) FROM sbtest3 WHERE id BETWEEN 7323587 AND 7333586
	Aggregate  (cost=31851.23..31851.24 rows=1 width=8)
	  ->  Bitmap Heap Scan on sbtest3  (cost=293.75..31828.47 rows=9104 width=4)
	        Recheck Cond: ((id >= 7323587) AND (id <= 7333586))
	        ->  Bitmap Index Scan on sbtest3_pkey  (cost=0.00..291.48 rows=9104 width=0)
	              Index Cond: ((id >= 7323587) AND (id <= 7333586))

table 4 : explain SELECT SUM(k) FROM sbtest4 WHERE id BETWEEN 4548262 AND 4558261
	Aggregate  (cost=33858.34..33858.35 rows=1 width=8)
	  ->  Bitmap Heap Scan on sbtest4  (cost=315.80..33834.11 rows=9694 width=4)
	        Recheck Cond: ((id >= 4548262) AND (id <= 4558261))
	        ->  Bitmap Index Scan on sbtest4_pkey  (cost=0.00..313.38 rows=9694 width=0)
	              Index Cond: ((id >= 4548262) AND (id <= 4558261))

table 5 : explain SELECT SUM(k) FROM sbtest5 WHERE id BETWEEN 6205787 AND 6215786
	Aggregate  (cost=38274.69..38274.70 rows=1 width=8)
	  ->  Bitmap Heap Scan on sbtest5  (cost=358.14..38246.96 rows=11093 width=4)
	        Recheck Cond: ((id >= 6205787) AND (id <= 6215786))
	        ->  Bitmap Index Scan on sbtest5_pkey  (cost=0.00..355.37 rows=11093 width=0)
	              Index Cond: ((id >= 6205787) AND (id <= 6215786))

table 6 : explain SELECT SUM(k) FROM sbtest6 WHERE id BETWEEN 4781495 AND 4791494
	Aggregate  (cost=36717.96..36717.97 rows=1 width=8)
	  ->  Bitmap Heap Scan on sbtest6  (cost=341.00..36691.48 rows=10592 width=4)
	        Recheck Cond: ((id >= 4781495) AND (id <= 4791494))
	        ->  Bitmap Index Scan on sbtest6_pkey  (cost=0.00..338.36 rows=10592 width=0)
	              Index Cond: ((id >= 4781495) AND (id <= 4791494))

table 7 : explain SELECT SUM(k) FROM sbtest7 WHERE id BETWEEN 326155 AND 336154
	Aggregate  (cost=33319.11..33319.12 rows=1 width=8)
	  ->  Bitmap Heap Scan on sbtest7  (cost=310.03..33295.31 rows=9521 width=4)
	        Recheck Cond: ((id >= 326155) AND (id <= 336154))
	        ->  Bitmap Index Scan on sbtest7_pkey  (cost=0.00..307.65 rows=9521 width=0)
	              Index Cond: ((id >= 326155) AND (id <= 336154))

table 8 : explain SELECT SUM(k) FROM sbtest8 WHERE id BETWEEN 635224 AND 645223
	Aggregate  (cost=34433.01..34433.02 rows=1 width=8)
	  ->  Bitmap Heap Scan on sbtest8  (cost=321.60..34408.33 rows=9870 width=4)
	        Recheck Cond: ((id >= 635224) AND (id <= 645223))
	        ->  Bitmap Index Scan on sbtest8_pkey  (cost=0.00..319.13 rows=9870 width=0)
	              Index Cond: ((id >= 635224) AND (id <= 645223))

for point_selects
table 1 : explain SELECT c FROM sbtest1 WHERE id=17856
	Index Scan using sbtest1_pkey on sbtest1  (cost=0.43..8.45 rows=1 width=121)
	  Index Cond: (id = 17856)

table 2 : explain SELECT c FROM sbtest2 WHERE id=5074370
	Index Scan using sbtest2_pkey on sbtest2  (cost=0.43..8.45 rows=1 width=121)
	  Index Cond: (id = 5074370)

table 3 : explain SELECT c FROM sbtest3 WHERE id=8985743
	Index Scan using sbtest3_pkey on sbtest3  (cost=0.43..8.45 rows=1 width=121)
	  Index Cond: (id = 8985743)

table 4 : explain SELECT c FROM sbtest4 WHERE id=6458961
	Index Scan using sbtest4_pkey on sbtest4  (cost=0.43..8.45 rows=1 width=121)
	  Index Cond: (id = 6458961)

table 5 : explain SELECT c FROM sbtest5 WHERE id=7260706
	Index Scan using sbtest5_pkey on sbtest5  (cost=0.43..8.45 rows=1 width=121)
	  Index Cond: (id = 7260706)

table 6 : explain SELECT c FROM sbtest6 WHERE id=6587217
	Index Scan using sbtest6_pkey on sbtest6  (cost=0.43..8.45 rows=1 width=121)
	  Index Cond: (id = 6587217)

table 7 : explain SELECT c FROM sbtest7 WHERE id=1150402
	Index Scan using sbtest7_pkey on sbtest7  (cost=0.43..8.45 rows=1 width=121)
	  Index Cond: (id = 1150402)

table 8 : explain SELECT c FROM sbtest8 WHERE id=9384548
	Index Scan using sbtest8_pkey on sbtest8  (cost=0.43..8.45 rows=1 width=121)
	  Index Cond: (id = 9384548)

for: sum_ranges
table 1 : explain SELECT SUM(k) FROM sbtest1 WHERE id BETWEEN 6518085 AND 6528084
	Aggregate  (cost=32789.08..32789.09 rows=1 width=8)
	  ->  Bitmap Heap Scan on sbtest1  (cost=305.10..32765.51 rows=9431 width=4)
	        Recheck Cond: ((id >= 6518085) AND (id <= 6528084))
	        ->  Bitmap Index Scan on sbtest1_pkey  (cost=0.00..302.75 rows=9431 width=0)
	              Index Cond: ((id >= 6518085) AND (id <= 6528084))

table 2 : explain SELECT SUM(k) FROM sbtest2 WHERE id BETWEEN 8087285 AND 8097284
	Aggregate  (cost=33564.38..33564.39 rows=1 width=8)
	  ->  Bitmap Heap Scan on sbtest2  (cost=311.15..33540.30 rows=9631 width=4)
	        Recheck Cond: ((id >= 8087285) AND (id <= 8097284))
	        ->  Bitmap Index Scan on sbtest2_pkey  (cost=0.00..308.75 rows=9631 width=0)
	              Index Cond: ((id >= 8087285) AND (id <= 8097284))

table 3 : explain SELECT SUM(k) FROM sbtest3 WHERE id BETWEEN 4115920 AND 4125919
	Aggregate  (cost=35258.99..35259.00 rows=1 width=8)
	  ->  Bitmap Heap Scan on sbtest3  (cost=328.74..35233.55 rows=10176 width=4)
	        Recheck Cond: ((id >= 4115920) AND (id <= 4125919))
	        ->  Bitmap Index Scan on sbtest3_pkey  (cost=0.00..326.19 rows=10176 width=0)
	              Index Cond: ((id >= 4115920) AND (id <= 4125919))

table 4 : explain SELECT SUM(k) FROM sbtest4 WHERE id BETWEEN 9150357 AND 9160356
	Aggregate  (cost=39165.10..39165.11 rows=1 width=8)
	  ->  Bitmap Heap Scan on sbtest4  (cost=369.03..39136.66 rows=11375 width=4)
	        Recheck Cond: ((id >= 9150357) AND (id <= 9160356))
	        ->  Bitmap Index Scan on sbtest4_pkey  (cost=0.00..366.19 rows=11375 width=0)
	              Index Cond: ((id >= 9150357) AND (id <= 9160356))

table 5 : explain SELECT SUM(k) FROM sbtest5 WHERE id BETWEEN 668463 AND 678462
	Aggregate  (cost=34636.88..34636.89 rows=1 width=8)
	  ->  Bitmap Heap Scan on sbtest5  (cost=322.33..34612.03 rows=9941 width=4)
	        Recheck Cond: ((id >= 668463) AND (id <= 678462))
	        ->  Bitmap Index Scan on sbtest5_pkey  (cost=0.00..319.84 rows=9941 width=0)
	              Index Cond: ((id >= 668463) AND (id <= 678462))

table 6 : explain SELECT SUM(k) FROM sbtest6 WHERE id BETWEEN 9905484 AND 9915483
	Aggregate  (cost=35253.78..35253.79 rows=1 width=8)
	  ->  Bitmap Heap Scan on sbtest6  (cost=328.26..35228.46 rows=10129 width=4)
	        Recheck Cond: ((id >= 9905484) AND (id <= 9915483))
	        ->  Bitmap Index Scan on sbtest6_pkey  (cost=0.00..325.73 rows=10129 width=0)
	              Index Cond: ((id >= 9905484) AND (id <= 9915483))

table 7 : explain SELECT SUM(k) FROM sbtest7 WHERE id BETWEEN 3816328 AND 3826327
	Aggregate  (cost=35322.14..35322.15 rows=1 width=8)
	  ->  Bitmap Heap Scan on sbtest7  (cost=328.46..35296.77 rows=10149 width=4)
	        Recheck Cond: ((id >= 3816328) AND (id <= 3826327))
	        ->  Bitmap Index Scan on sbtest7_pkey  (cost=0.00..325.93 rows=10149 width=0)
	              Index Cond: ((id >= 3816328) AND (id <= 3826327))

table 8 : explain SELECT SUM(k) FROM sbtest8 WHERE id BETWEEN 1891973 AND 1901972
	Aggregate  (cost=37188.54..37188.55 rows=1 width=8)
	  ->  Bitmap Heap Scan on sbtest8  (cost=346.52..37161.69 rows=10740 width=4)
	        Recheck Cond: ((id >= 1891973) AND (id <= 1901972))
	        ->  Bitmap Index Scan on sbtest8_pkey  (cost=0.00..343.83 rows=10740 width=0)
	              Index Cond: ((id >= 1891973) AND (id <= 1901972))

for: sum_ranges
table 1 : explain SELECT SUM(k) FROM sbtest1 WHERE id BETWEEN 6376431 AND 6386430
	Aggregate  (cost=33688.55..33688.56 rows=1 width=8)
	  ->  Bitmap Heap Scan on sbtest1  (cost=316.00..33664.27 rows=9714 width=4)
	        Recheck Cond: ((id >= 6376431) AND (id <= 6386430))
	        ->  Bitmap Index Scan on sbtest1_pkey  (cost=0.00..313.57 rows=9714 width=0)
	              Index Cond: ((id >= 6376431) AND (id <= 6386430))

table 2 : explain SELECT SUM(k) FROM sbtest2 WHERE id BETWEEN 6994202 AND 7004201
	Aggregate  (cost=38013.06..38013.07 rows=1 width=8)
	  ->  Bitmap Heap Scan on sbtest2  (cost=357.62..37985.45 rows=11042 width=4)
	        Recheck Cond: ((id >= 6994202) AND (id <= 7004201))
	        ->  Bitmap Index Scan on sbtest2_pkey  (cost=0.00..354.86 rows=11042 width=0)
	              Index Cond: ((id >= 6994202) AND (id <= 7004201))

table 3 : explain SELECT SUM(k) FROM sbtest3 WHERE id BETWEEN 8781306 AND 8791305
	Aggregate  (cost=32598.32..32598.33 rows=1 width=8)
	  ->  Bitmap Heap Scan on sbtest3  (cost=304.14..32574.98 rows=9337 width=4)
	        Recheck Cond: ((id >= 8781306) AND (id <= 8791305))
	        ->  Bitmap Index Scan on sbtest3_pkey  (cost=0.00..301.81 rows=9337 width=0)
	              Index Cond: ((id >= 8781306) AND (id <= 8791305))

table 4 : explain SELECT SUM(k) FROM sbtest4 WHERE id BETWEEN 8832187 AND 8842186
	Aggregate  (cost=31967.00..31967.01 rows=1 width=8)
	  ->  Bitmap Heap Scan on sbtest4  (cost=293.77..31944.24 rows=9106 width=4)
	        Recheck Cond: ((id >= 8832187) AND (id <= 8842186))
	        ->  Bitmap Index Scan on sbtest4_pkey  (cost=0.00..291.50 rows=9106 width=0)
	              Index Cond: ((id >= 8832187) AND (id <= 8842186))

table 5 : explain SELECT SUM(k) FROM sbtest5 WHERE id BETWEEN 5480167 AND 5490166
	Aggregate  (cost=33244.40..33244.41 rows=1 width=8)
	  ->  Bitmap Heap Scan on sbtest5  (cost=309.85..33220.64 rows=9504 width=4)
	        Recheck Cond: ((id >= 5480167) AND (id <= 5490166))
	        ->  Bitmap Index Scan on sbtest5_pkey  (cost=0.00..307.48 rows=9504 width=0)
	              Index Cond: ((id >= 5480167) AND (id <= 5490166))

table 6 : explain SELECT SUM(k) FROM sbtest6 WHERE id BETWEEN 6312662 AND 6322661
	Aggregate  (cost=37762.32..37762.33 rows=1 width=8)
	  ->  Bitmap Heap Scan on sbtest6  (cost=352.41..37735.01 rows=10924 width=4)
	        Recheck Cond: ((id >= 6312662) AND (id <= 6322661))
	        ->  Bitmap Index Scan on sbtest6_pkey  (cost=0.00..349.68 rows=10924 width=0)
	              Index Cond: ((id >= 6312662) AND (id <= 6322661))

table 7 : explain SELECT SUM(k) FROM sbtest7 WHERE id BETWEEN 6079939 AND 6089938
	Aggregate  (cost=34098.39..34098.40 rows=1 width=8)
	  ->  Bitmap Heap Scan on sbtest7  (cost=316.52..34073.98 rows=9764 width=4)
	        Recheck Cond: ((id >= 6079939) AND (id <= 6089938))
	        ->  Bitmap Index Scan on sbtest7_pkey  (cost=0.00..314.07 rows=9764 width=0)
	              Index Cond: ((id >= 6079939) AND (id <= 6089938))

table 8 : explain SELECT SUM(k) FROM sbtest8 WHERE id BETWEEN 9968299 AND 9978298
	Aggregate  (cost=34644.97..34644.98 rows=1 width=8)
	  ->  Bitmap Heap Scan on sbtest8  (cost=322.29..34620.13 rows=9937 width=4)
	        Recheck Cond: ((id >= 9968299) AND (id <= 9978298))
	        ->  Bitmap Index Scan on sbtest8_pkey  (cost=0.00..319.81 rows=9937 width=0)
	              Index Cond: ((id >= 9968299) AND (id <= 9978298))

for: simple_ranges
table 1 : explain SELECT c FROM sbtest1 WHERE id BETWEEN 7313984 AND 7323983
	Bitmap Heap Scan on sbtest1  (cost=322.12..34310.93 rows=9920 width=121)
	  Recheck Cond: ((id >= 7313984) AND (id <= 7323983))
	  ->  Bitmap Index Scan on sbtest1_pkey  (cost=0.00..319.63 rows=9920 width=0)
	        Index Cond: ((id >= 7313984) AND (id <= 7323983))

table 2 : explain SELECT c FROM sbtest2 WHERE id BETWEEN 2357480 AND 2367479
	Bitmap Heap Scan on sbtest2  (cost=352.65..37689.92 rows=10948 width=121)
	  Recheck Cond: ((id >= 2357480) AND (id <= 2367479))
	  ->  Bitmap Index Scan on sbtest2_pkey  (cost=0.00..349.92 rows=10948 width=0)
	        Index Cond: ((id >= 2357480) AND (id <= 2367479))

table 3 : explain SELECT c FROM sbtest3 WHERE id BETWEEN 7257823 AND 7267822
	Bitmap Heap Scan on sbtest3  (cost=328.71..35223.87 rows=10173 width=121)
	  Recheck Cond: ((id >= 7257823) AND (id <= 7267822))
	  ->  Bitmap Index Scan on sbtest3_pkey  (cost=0.00..326.17 rows=10173 width=0)
	        Index Cond: ((id >= 7257823) AND (id <= 7267822))

table 4 : explain SELECT c FROM sbtest4 WHERE id BETWEEN 3400479 AND 3410478
	Bitmap Heap Scan on sbtest4  (cost=333.78..35690.75 rows=10278 width=121)
	  Recheck Cond: ((id >= 3400479) AND (id <= 3410478))
	  ->  Bitmap Index Scan on sbtest4_pkey  (cost=0.00..331.21 rows=10278 width=0)
	        Index Cond: ((id >= 3400479) AND (id <= 3410478))

table 5 : explain SELECT c FROM sbtest5 WHERE id BETWEEN 8554970 AND 8564969
	Bitmap Heap Scan on sbtest5  (cost=322.69..34722.65 rows=9976 width=121)
	  Recheck Cond: ((id >= 8554970) AND (id <= 8564969))
	  ->  Bitmap Index Scan on sbtest5_pkey  (cost=0.00..320.19 rows=9976 width=0)
	        Index Cond: ((id >= 8554970) AND (id <= 8564969))

table 6 : explain SELECT c FROM sbtest6 WHERE id BETWEEN 6316483 AND 6326482
	Bitmap Heap Scan on sbtest6  (cost=352.41..37735.01 rows=10924 width=121)
	  Recheck Cond: ((id >= 6316483) AND (id <= 6326482))
	  ->  Bitmap Index Scan on sbtest6_pkey  (cost=0.00..349.68 rows=10924 width=0)
	        Index Cond: ((id >= 6316483) AND (id <= 6326482))

table 7 : explain SELECT c FROM sbtest7 WHERE id BETWEEN 1173033 AND 1183032
	Bitmap Heap Scan on sbtest7  (cost=322.36..34645.36 rows=9944 width=121)
	  Recheck Cond: ((id >= 1173033) AND (id <= 1183032))
	  ->  Bitmap Index Scan on sbtest7_pkey  (cost=0.00..319.88 rows=9944 width=0)
	        Index Cond: ((id >= 1173033) AND (id <= 1183032))

table 8 : explain SELECT c FROM sbtest8 WHERE id BETWEEN 8129343 AND 8139342
	Bitmap Heap Scan on sbtest8  (cost=328.22..35219.52 rows=10125 width=121)
	  Recheck Cond: ((id >= 8129343) AND (id <= 8139342))
	  ->  Bitmap Index Scan on sbtest8_pkey  (cost=0.00..325.69 rows=10125 width=0)
	        Index Cond: ((id >= 8129343) AND (id <= 8139342))

explain: for point_selects :: explain SELECT c FROM sbtest%u WHERE id=%u
for: order_ranges
table 1 : explain SELECT c FROM sbtest1 WHERE id BETWEEN 753237 AND 763236 ORDER BY c
	Sort  (cost=34966.13..34990.93 rows=9919 width=121)
	  Sort Key: c
	  ->  Bitmap Heap Scan on sbtest1  (cost=322.10..34307.71 rows=9919 width=121)
	        Recheck Cond: ((id >= 753237) AND (id <= 763236))
	        ->  Bitmap Index Scan on sbtest1_pkey  (cost=0.00..319.62 rows=9919 width=0)
	              Index Cond: ((id >= 753237) AND (id <= 763236))

table 2 : explain SELECT c FROM sbtest2 WHERE id BETWEEN 9636588 AND 9646587 ORDER BY c
	Sort  (cost=34717.35..34741.84 rows=9797 width=121)
	  Sort Key: c
	  ->  Bitmap Heap Scan on sbtest2  (cost=316.85..34067.90 rows=9797 width=121)
	        Recheck Cond: ((id >= 9636588) AND (id <= 9646587))
	        ->  Bitmap Index Scan on sbtest2_pkey  (cost=0.00..314.41 rows=9797 width=0)
	              Index Cond: ((id >= 9636588) AND (id <= 9646587))

table 3 : explain SELECT c FROM sbtest3 WHERE id BETWEEN 43942 AND 53941 ORDER BY c
	Sort  (cost=36843.13..36869.29 rows=10465 width=121)
	  Sort Key: c
	  ->  Bitmap Heap Scan on sbtest3  (cost=339.70..36144.42 rows=10465 width=121)
	        Recheck Cond: ((id >= 43942) AND (id <= 53941))
	        ->  Bitmap Index Scan on sbtest3_pkey  (cost=0.00..337.08 rows=10465 width=0)
	              Index Cond: ((id >= 43942) AND (id <= 53941))

table 4 : explain SELECT c FROM sbtest4 WHERE id BETWEEN 5242478 AND 5252477 ORDER BY c
	Sort  (cost=35113.95..35138.67 rows=9890 width=121)
	  Sort Key: c
	  ->  Bitmap Heap Scan on sbtest4  (cost=321.81..34457.66 rows=9890 width=121)
	        Recheck Cond: ((id >= 5242478) AND (id <= 5252477))
	        ->  Bitmap Index Scan on sbtest4_pkey  (cost=0.00..319.33 rows=9890 width=0)
	              Index Cond: ((id >= 5242478) AND (id <= 5252477))

table 5 : explain SELECT c FROM sbtest5 WHERE id BETWEEN 2623410 AND 2633409 ORDER BY c
	Sort  (cost=35048.87..35073.55 rows=9872 width=121)
	  Sort Key: c
	  ->  Bitmap Heap Scan on sbtest5  (cost=321.62..34393.90 rows=9872 width=121)
	        Recheck Cond: ((id >= 2623410) AND (id <= 2633409))
	        ->  Bitmap Index Scan on sbtest5_pkey  (cost=0.00..319.16 rows=9872 width=0)
	              Index Cond: ((id >= 2623410) AND (id <= 2633409))

table 6 : explain SELECT c FROM sbtest6 WHERE id BETWEEN 7019814 AND 7029813 ORDER BY c
	Sort  (cost=35782.63..35807.86 rows=10092 width=121)
	  Sort Key: c
	  ->  Bitmap Heap Scan on sbtest6  (cost=327.88..35111.46 rows=10092 width=121)
	        Recheck Cond: ((id >= 7019814) AND (id <= 7029813))
	        ->  Bitmap Index Scan on sbtest6_pkey  (cost=0.00..325.36 rows=10092 width=0)
	              Index Cond: ((id >= 7019814) AND (id <= 7029813))

table 7 : explain SELECT c FROM sbtest7 WHERE id BETWEEN 6824757 AND 6834756 ORDER BY c
	Sort  (cost=35715.90..35741.07 rows=10069 width=121)
	  Sort Key: c
	  ->  Bitmap Heap Scan on sbtest7  (cost=327.64..35046.43 rows=10069 width=121)
	        Recheck Cond: ((id >= 6824757) AND (id <= 6834756))
	        ->  Bitmap Index Scan on sbtest7_pkey  (cost=0.00..325.12 rows=10069 width=0)
	              Index Cond: ((id >= 6824757) AND (id <= 6834756))

table 8 : explain SELECT c FROM sbtest8 WHERE id BETWEEN 5298878 AND 5308877 ORDER BY c
	Sort  (cost=33771.42..33795.11 rows=9474 width=121)
	  Sort Key: c
	  ->  Bitmap Heap Scan on sbtest8  (cost=309.54..33145.67 rows=9474 width=121)
	        Recheck Cond: ((id >= 5298878) AND (id <= 5308877))
	        ->  Bitmap Index Scan on sbtest8_pkey  (cost=0.00..307.18 rows=9474 width=0)
	              Index Cond: ((id >= 5298878) AND (id <= 5308877))

for: order_ranges
table 1 : explain SELECT c FROM sbtest1 WHERE id BETWEEN 159814 AND 169813 ORDER BY c
	Sort  (cost=32509.41..32532.31 rows=9160 width=121)
	  Sort Key: c
	  ->  Bitmap Heap Scan on sbtest1  (cost=298.33..31906.63 rows=9160 width=121)
	        Recheck Cond: ((id >= 159814) AND (id <= 169813))
	        ->  Bitmap Index Scan on sbtest1_pkey  (cost=0.00..296.04 rows=9160 width=0)
	              Index Cond: ((id >= 159814) AND (id <= 169813))

table 2 : explain SELECT c FROM sbtest2 WHERE id BETWEEN 2578578 AND 2588577 ORDER BY c
	Sort  (cost=32518.48..32541.29 rows=9123 width=121)
	  Sort Key: c
	  ->  Bitmap Heap Scan on sbtest2  (cost=293.95..31918.40 rows=9123 width=121)
	        Recheck Cond: ((id >= 2578578) AND (id <= 2588577))
	        ->  Bitmap Index Scan on sbtest2_pkey  (cost=0.00..291.67 rows=9123 width=0)
	              Index Cond: ((id >= 2578578) AND (id <= 2588577))

table 3 : explain SELECT c FROM sbtest3 WHERE id BETWEEN 2896811 AND 2906810 ORDER BY c
	Sort  (cost=35234.90..35259.82 rows=9966 width=121)
	  Sort Key: c
	  ->  Bitmap Heap Scan on sbtest3  (cost=322.59..34573.02 rows=9966 width=121)
	        Recheck Cond: ((id >= 2896811) AND (id <= 2906810))
	        ->  Bitmap Index Scan on sbtest3_pkey  (cost=0.00..320.09 rows=9966 width=0)
	              Index Cond: ((id >= 2896811) AND (id <= 2906810))

table 4 : explain SELECT c FROM sbtest4 WHERE id BETWEEN 1805333 AND 1815332 ORDER BY c
	Sort  (cost=39866.93..39895.34 rows=11364 width=121)
	  Sort Key: c
	  ->  Bitmap Heap Scan on sbtest4  (cost=368.92..39101.44 rows=11364 width=121)
	        Recheck Cond: ((id >= 1805333) AND (id <= 1815332))
	        ->  Bitmap Index Scan on sbtest4_pkey  (cost=0.00..366.07 rows=11364 width=0)
	              Index Cond: ((id >= 1805333) AND (id <= 1815332))

table 5 : explain SELECT c FROM sbtest5 WHERE id BETWEEN 6499095 AND 6509094 ORDER BY c
	Sort  (cost=35768.46..35793.69 rows=10093 width=121)
	  Sort Key: c
	  ->  Bitmap Heap Scan on sbtest5  (cost=327.89..35097.22 rows=10093 width=121)
	        Recheck Cond: ((id >= 6499095) AND (id <= 6509094))
	        ->  Bitmap Index Scan on sbtest5_pkey  (cost=0.00..325.37 rows=10093 width=0)
	              Index Cond: ((id >= 6499095) AND (id <= 6509094))

table 6 : explain SELECT c FROM sbtest6 WHERE id BETWEEN 2039766 AND 2049765 ORDER BY c
	Sort  (cost=40087.42..40115.99 rows=11429 width=121)
	  Sort Key: c
	  ->  Bitmap Heap Scan on sbtest6  (cost=369.58..39317.08 rows=11429 width=121)
	        Recheck Cond: ((id >= 2039766) AND (id <= 2049765))
	        ->  Bitmap Index Scan on sbtest6_pkey  (cost=0.00..366.73 rows=11429 width=0)
	              Index Cond: ((id >= 2039766) AND (id <= 2049765))

table 7 : explain SELECT c FROM sbtest7 WHERE id BETWEEN 6474176 AND 6484175 ORDER BY c
	Sort  (cost=34172.19..34196.19 rows=9597 width=121)
	  Sort Key: c
	  ->  Bitmap Heap Scan on sbtest7  (cost=310.80..33537.43 rows=9597 width=121)
	        Recheck Cond: ((id >= 6474176) AND (id <= 6484175))
	        ->  Bitmap Index Scan on sbtest7_pkey  (cost=0.00..308.41 rows=9597 width=0)
	              Index Cond: ((id >= 6474176) AND (id <= 6484175))

table 8 : explain SELECT c FROM sbtest8 WHERE id BETWEEN 547411 AND 557410 ORDER BY c
	Sort  (cost=36481.86..36507.63 rows=10306 width=121)
	  Sort Key: c
	  ->  Bitmap Heap Scan on sbtest8  (cost=334.07..35794.91 rows=10306 width=121)
	        Recheck Cond: ((id >= 547411) AND (id <= 557410))
	        ->  Bitmap Index Scan on sbtest8_pkey  (cost=0.00..331.50 rows=10306 width=0)
	              Index Cond: ((id >= 547411) AND (id <= 557410))

for: sum_ranges
table 1 : explain SELECT SUM(k) FROM sbtest1 WHERE id BETWEEN 8348303 AND 8358302
	Aggregate  (cost=30010.44..30010.45 rows=1 width=8)
	  ->  Bitmap Heap Scan on sbtest1  (cost=280.18..29989.04 rows=8560 width=4)
	        Recheck Cond: ((id >= 8348303) AND (id <= 8358302))
	        ->  Bitmap Index Scan on sbtest1_pkey  (cost=0.00..278.04 rows=8560 width=0)
	              Index Cond: ((id >= 8348303) AND (id <= 8358302))

table 2 : explain SELECT SUM(k) FROM sbtest2 WHERE id BETWEEN 8750245 AND 8760244
	Aggregate  (cost=32174.58..32174.59 rows=1 width=8)
	  ->  Bitmap Heap Scan on sbtest2  (cost=298.68..32151.59 rows=9195 width=4)
	        Recheck Cond: ((id >= 8750245) AND (id <= 8760244))
	        ->  Bitmap Index Scan on sbtest2_pkey  (cost=0.00..296.38 rows=9195 width=0)
	              Index Cond: ((id >= 8750245) AND (id <= 8760244))

table 3 : explain SELECT SUM(k) FROM sbtest3 WHERE id BETWEEN 6065869 AND 6075868
	Aggregate  (cost=34246.96..34246.97 rows=1 width=8)
	  ->  Bitmap Heap Scan on sbtest3  (cost=317.46..34222.32 rows=9856 width=4)
	        Recheck Cond: ((id >= 6065869) AND (id <= 6075868))
	        ->  Bitmap Index Scan on sbtest3_pkey  (cost=0.00..315.00 rows=9856 width=0)
	              Index Cond: ((id >= 6065869) AND (id <= 6075868))

table 4 : explain SELECT SUM(k) FROM sbtest4 WHERE id BETWEEN 1092259 AND 1102258
	Aggregate  (cost=32724.09..32724.10 rows=1 width=8)
	  ->  Bitmap Heap Scan on sbtest4  (cost=304.17..32700.74 rows=9340 width=4)
	        Recheck Cond: ((id >= 1092259) AND (id <= 1102258))
	        ->  Bitmap Index Scan on sbtest4_pkey  (cost=0.00..301.83 rows=9340 width=0)
	              Index Cond: ((id >= 1092259) AND (id <= 1102258))

table 5 : explain SELECT SUM(k) FROM sbtest5 WHERE id BETWEEN 9401340 AND 9411339
	Aggregate  (cost=32475.83..32475.84 rows=1 width=8)
	  ->  Bitmap Heap Scan on sbtest5  (cost=299.41..32452.67 rows=9266 width=4)
	        Recheck Cond: ((id >= 9401340) AND (id <= 9411339))
	        ->  Bitmap Index Scan on sbtest5_pkey  (cost=0.00..297.09 rows=9266 width=0)
	              Index Cond: ((id >= 9401340) AND (id <= 9411339))

table 6 : explain SELECT SUM(k) FROM sbtest6 WHERE id BETWEEN 4945744 AND 4955743
	Aggregate  (cost=36251.80..36251.81 rows=1 width=8)
	  ->  Bitmap Heap Scan on sbtest6  (cost=339.49..36225.69 rows=10444 width=4)
	        Recheck Cond: ((id >= 4945744) AND (id <= 4955743))
	        ->  Bitmap Index Scan on sbtest6_pkey  (cost=0.00..336.88 rows=10444 width=0)
	              Index Cond: ((id >= 4945744) AND (id <= 4955743))

table 7 : explain SELECT SUM(k) FROM sbtest7 WHERE id BETWEEN 5500409 AND 5510408
	Aggregate  (cost=33509.03..33509.04 rows=1 width=8)
	  ->  Bitmap Heap Scan on sbtest7  (cost=310.63..33485.08 rows=9580 width=4)
	        Recheck Cond: ((id >= 5500409) AND (id <= 5510408))
	        ->  Bitmap Index Scan on sbtest7_pkey  (cost=0.00..308.24 rows=9580 width=0)
	              Index Cond: ((id >= 5500409) AND (id <= 5510408))

table 8 : explain SELECT SUM(k) FROM sbtest8 WHERE id BETWEEN 9546499 AND 9556498
	Aggregate  (cost=35593.38..35593.39 rows=1 width=8)
	  ->  Bitmap Heap Scan on sbtest8  (cost=333.33..35567.79 rows=10234 width=4)
	        Recheck Cond: ((id >= 9546499) AND (id <= 9556498))
	        ->  Bitmap Index Scan on sbtest8_pkey  (cost=0.00..330.78 rows=10234 width=0)
	              Index Cond: ((id >= 9546499) AND (id <= 9556498))

explain: for point_selects :: explain SELECT c FROM sbtest%u WHERE id=%u
for: simple_ranges
table 1 : explain SELECT c FROM sbtest1 WHERE id BETWEEN 8334714 AND 8344713
	Bitmap Heap Scan on sbtest1  (cost=280.18..29989.04 rows=8560 width=121)
	  Recheck Cond: ((id >= 8334714) AND (id <= 8344713))
	  ->  Bitmap Index Scan on sbtest1_pkey  (cost=0.00..278.04 rows=8560 width=0)
	        Index Cond: ((id >= 8334714) AND (id <= 8344713))

table 2 : explain SELECT c FROM sbtest2 WHERE id BETWEEN 7585801 AND 7595800
	Bitmap Heap Scan on sbtest2  (cost=345.98..36876.95 rows=10687 width=121)
	  Recheck Cond: ((id >= 7585801) AND (id <= 7595800))
	  ->  Bitmap Index Scan on sbtest2_pkey  (cost=0.00..343.31 rows=10687 width=0)
	        Index Cond: ((id >= 7585801) AND (id <= 7595800))

table 3 : explain SELECT c FROM sbtest3 WHERE id BETWEEN 4689424 AND 4699423
	Bitmap Heap Scan on sbtest3  (cost=334.67..35824.77 rows=10364 width=121)
	  Recheck Cond: ((id >= 4689424) AND (id <= 4699423))
	  ->  Bitmap Index Scan on sbtest3_pkey  (cost=0.00..332.07 rows=10364 width=0)
	        Index Cond: ((id >= 4689424) AND (id <= 4699423))

table 4 : explain SELECT c FROM sbtest4 WHERE id BETWEEN 6109399 AND 6119398
	Bitmap Heap Scan on sbtest4  (cost=322.00..34519.52 rows=9909 width=121)
	  Recheck Cond: ((id >= 6109399) AND (id <= 6119398))
	  ->  Bitmap Index Scan on sbtest4_pkey  (cost=0.00..319.53 rows=9909 width=0)
	        Index Cond: ((id >= 6109399) AND (id <= 6119398))

table 5 : explain SELECT c FROM sbtest5 WHERE id BETWEEN 8743036 AND 8753035
	Bitmap Heap Scan on sbtest5  (cost=316.56..34060.75 rows=9768 width=121)
	  Recheck Cond: ((id >= 8743036) AND (id <= 8753035))
	  ->  Bitmap Index Scan on sbtest5_pkey  (cost=0.00..314.12 rows=9768 width=0)
	        Index Cond: ((id >= 8743036) AND (id <= 8753035))

table 6 : explain SELECT c FROM sbtest6 WHERE id BETWEEN 4185890 AND 4195889
	Bitmap Heap Scan on sbtest6  (cost=323.14..34879.83 rows=10020 width=121)
	  Recheck Cond: ((id >= 4185890) AND (id <= 4195889))
	  ->  Bitmap Index Scan on sbtest6_pkey  (cost=0.00..320.63 rows=10020 width=0)
	        Index Cond: ((id >= 4185890) AND (id <= 4195889))

table 7 : explain SELECT c FROM sbtest7 WHERE id BETWEEN 830363 AND 840362
	Bitmap Heap Scan on sbtest7  (cost=339.30..36177.48 rows=10426 width=121)
	  Recheck Cond: ((id >= 830363) AND (id <= 840362))
	  ->  Bitmap Index Scan on sbtest7_pkey  (cost=0.00..336.69 rows=10426 width=0)
	        Index Cond: ((id >= 830363) AND (id <= 840362))

table 8 : explain SELECT c FROM sbtest8 WHERE id BETWEEN 897144 AND 907143
	Bitmap Heap Scan on sbtest8  (cost=328.26..35232.51 rows=10129 width=121)
	  Recheck Cond: ((id >= 897144) AND (id <= 907143))
	  ->  Bitmap Index Scan on sbtest8_pkey  (cost=0.00..325.73 rows=10129 width=0)
	        Index Cond: ((id >= 897144) AND (id <= 907143))

for: sum_ranges
table 1 : explain SELECT SUM(k) FROM sbtest1 WHERE id BETWEEN 7949214 AND 7959213
	Aggregate  (cost=35879.58..35879.59 rows=1 width=8)
	  ->  Bitmap Heap Scan on sbtest1  (cost=339.15..35853.55 rows=10411 width=4)
	        Recheck Cond: ((id >= 7949214) AND (id <= 7959213))
	        ->  Bitmap Index Scan on sbtest1_pkey  (cost=0.00..336.55 rows=10411 width=0)
	              Index Cond: ((id >= 7949214) AND (id <= 7959213))

table 2 : explain SELECT SUM(k) FROM sbtest2 WHERE id BETWEEN 9907328 AND 9917327
	Aggregate  (cost=34001.33..34001.34 rows=1 width=8)
	  ->  Bitmap Heap Scan on sbtest2  (cost=316.56..33976.91 rows=9768 width=4)
	        Recheck Cond: ((id >= 9907328) AND (id <= 9917327))
	        ->  Bitmap Index Scan on sbtest2_pkey  (cost=0.00..314.12 rows=9768 width=0)
	              Index Cond: ((id >= 9907328) AND (id <= 9917327))

table 3 : explain SELECT SUM(k) FROM sbtest3 WHERE id BETWEEN 8350336 AND 8360335
	Aggregate  (cost=34763.17..34763.18 rows=1 width=8)
	  ->  Bitmap Heap Scan on sbtest3  (cost=323.13..34738.12 rows=10019 width=4)
	        Recheck Cond: ((id >= 8350336) AND (id <= 8360335))
	        ->  Bitmap Index Scan on sbtest3_pkey  (cost=0.00..320.62 rows=10019 width=0)
	              Index Cond: ((id >= 8350336) AND (id <= 8360335))

table 4 : explain SELECT SUM(k) FROM sbtest4 WHERE id BETWEEN 5035203 AND 5045202
	Aggregate  (cost=36718.82..36718.83 rows=1 width=8)
	  ->  Bitmap Heap Scan on sbtest4  (cost=345.03..36692.33 rows=10595 width=4)
	        Recheck Cond: ((id >= 5035203) AND (id <= 5045202))
	        ->  Bitmap Index Scan on sbtest4_pkey  (cost=0.00..342.38 rows=10595 width=0)
	              Index Cond: ((id >= 5035203) AND (id <= 5045202))

table 5 : explain SELECT SUM(k) FROM sbtest5 WHERE id BETWEEN 5735894 AND 5745893
	Aggregate  (cost=36739.00..36739.01 rows=1 width=8)
	  ->  Bitmap Heap Scan on sbtest5  (cost=345.13..36712.49 rows=10604 width=4)
	        Recheck Cond: ((id >= 5735894) AND (id <= 5745893))
	        ->  Bitmap Index Scan on sbtest5_pkey  (cost=0.00..342.48 rows=10604 width=0)
	              Index Cond: ((id >= 5735894) AND (id <= 5745893))

table 6 : explain SELECT SUM(k) FROM sbtest6 WHERE id BETWEEN 9997298 AND 10007297
	Aggregate  (cost=10306.18..10306.19 rows=1 width=8)
	  ->  Bitmap Heap Scan on sbtest6  (cost=88.50..10299.33 rows=2738 width=4)
	        Recheck Cond: ((id >= 9997298) AND (id <= 10007297))
	        ->  Bitmap Index Scan on sbtest6_pkey  (cost=0.00..87.81 rows=2738 width=0)
	              Index Cond: ((id >= 9997298) AND (id <= 10007297))

table 7 : explain SELECT SUM(k) FROM sbtest7 WHERE id BETWEEN 5048579 AND 5058578
	Aggregate  (cost=32856.07..32856.08 rows=1 width=8)
	  ->  Bitmap Heap Scan on sbtest7  (cost=304.55..32832.62 rows=9377 width=4)
	        Recheck Cond: ((id >= 5048579) AND (id <= 5058578))
	        ->  Bitmap Index Scan on sbtest7_pkey  (cost=0.00..302.20 rows=9377 width=0)
	              Index Cond: ((id >= 5048579) AND (id <= 5058578))

table 8 : explain SELECT SUM(k) FROM sbtest8 WHERE id BETWEEN 7444798 AND 7454797
	Aggregate  (cost=36765.12..36765.13 rows=1 width=8)
	  ->  Bitmap Heap Scan on sbtest8  (cost=345.14..36738.61 rows=10605 width=4)
	        Recheck Cond: ((id >= 7444798) AND (id <= 7454797))
	        ->  Bitmap Index Scan on sbtest8_pkey  (cost=0.00..342.49 rows=10605 width=0)
	              Index Cond: ((id >= 7444798) AND (id <= 7454797))

for: sum_ranges
table 1 : explain SELECT SUM(k) FROM sbtest1 WHERE id BETWEEN 1806625 AND 1816624
	Aggregate  (cost=33334.83..33334.84 rows=1 width=8)
	  ->  Bitmap Heap Scan on sbtest1  (cost=310.87..33310.82 rows=9603 width=4)
	        Recheck Cond: ((id >= 1806625) AND (id <= 1816624))
	        ->  Bitmap Index Scan on sbtest1_pkey  (cost=0.00..308.46 rows=9603 width=0)
	              Index Cond: ((id >= 1806625) AND (id <= 1816624))

table 2 : explain SELECT SUM(k) FROM sbtest2 WHERE id BETWEEN 1804147 AND 1814146
	Aggregate  (cost=35860.85..35860.86 rows=1 width=8)
	  ->  Bitmap Heap Scan on sbtest2  (cost=334.58..35834.96 rows=10356 width=4)
	        Recheck Cond: ((id >= 1804147) AND (id <= 1814146))
	        ->  Bitmap Index Scan on sbtest2_pkey  (cost=0.00..332.00 rows=10356 width=0)
	              Index Cond: ((id >= 1804147) AND (id <= 1814146))

table 3 : explain SELECT SUM(k) FROM sbtest3 WHERE id BETWEEN 8364974 AND 8374973
	Aggregate  (cost=34763.17..34763.18 rows=1 width=8)
	  ->  Bitmap Heap Scan on sbtest3  (cost=323.13..34738.12 rows=10019 width=4)
	        Recheck Cond: ((id >= 8364974) AND (id <= 8374973))
	        ->  Bitmap Index Scan on sbtest3_pkey  (cost=0.00..320.62 rows=10019 width=0)
	              Index Cond: ((id >= 8364974) AND (id <= 8374973))

table 4 : explain SELECT SUM(k) FROM sbtest4 WHERE id BETWEEN 7995897 AND 8005896
	Aggregate  (cost=38017.04..38017.05 rows=1 width=8)
	  ->  Bitmap Heap Scan on sbtest4  (cost=357.27..37989.52 rows=11008 width=4)
	        Recheck Cond: ((id >= 7995897) AND (id <= 8005896))
	        ->  Bitmap Index Scan on sbtest4_pkey  (cost=0.00..354.51 rows=11008 width=0)
	              Index Cond: ((id >= 7995897) AND (id <= 8005896))

table 5 : explain SELECT SUM(k) FROM sbtest5 WHERE id BETWEEN 6081221 AND 6091220
	Aggregate  (cost=34085.17..34085.18 rows=1 width=8)
	  ->  Bitmap Heap Scan on sbtest5  (cost=316.56..34060.75 rows=9768 width=4)
	        Recheck Cond: ((id >= 6081221) AND (id <= 6091220))
	        ->  Bitmap Index Scan on sbtest5_pkey  (cost=0.00..314.12 rows=9768 width=0)
	              Index Cond: ((id >= 6081221) AND (id <= 6091220))

table 6 : explain SELECT SUM(k) FROM sbtest6 WHERE id BETWEEN 564129 AND 574128
	Aggregate  (cost=39037.87..39037.88 rows=1 width=8)
	  ->  Bitmap Heap Scan on sbtest6  (cost=368.57..39009.54 rows=11330 width=4)
	        Recheck Cond: ((id >= 564129) AND (id <= 574128))
	        ->  Bitmap Index Scan on sbtest6_pkey  (cost=0.00..365.74 rows=11330 width=0)
	              Index Cond: ((id >= 564129) AND (id <= 574128))

table 7 : explain SELECT SUM(k) FROM sbtest7 WHERE id BETWEEN 6812537 AND 6822536
	Aggregate  (cost=35071.60..35071.61 rows=1 width=8)
	  ->  Bitmap Heap Scan on sbtest7  (cost=327.64..35046.43 rows=10069 width=4)
	        Recheck Cond: ((id >= 6812537) AND (id <= 6822536))
	        ->  Bitmap Index Scan on sbtest7_pkey  (cost=0.00..325.12 rows=10069 width=0)
	              Index Cond: ((id >= 6812537) AND (id <= 6822536))

table 8 : explain SELECT SUM(k) FROM sbtest8 WHERE id BETWEEN 4869402 AND 4879401
	Aggregate  (cost=35026.82..35026.83 rows=1 width=8)
	  ->  Bitmap Heap Scan on sbtest8  (cost=327.51..35001.68 rows=10056 width=4)
	        Recheck Cond: ((id >= 4869402) AND (id <= 4879401))
	        ->  Bitmap Index Scan on sbtest8_pkey  (cost=0.00..325.00 rows=10056 width=0)
	              Index Cond: ((id >= 4869402) AND (id <= 4879401))

for: order_ranges
table 1 : explain SELECT c FROM sbtest1 WHERE id BETWEEN 4353718 AND 4363717 ORDER BY c
	Sort  (cost=34797.67..34822.34 rows=9866 width=121)
	  Sort Key: c
	  ->  Bitmap Heap Scan on sbtest1  (cost=321.56..34143.15 rows=9866 width=121)
	        Recheck Cond: ((id >= 4353718) AND (id <= 4363717))
	        ->  Bitmap Index Scan on sbtest1_pkey  (cost=0.00..319.09 rows=9866 width=0)
	              Index Cond: ((id >= 4353718) AND (id <= 4363717))

table 2 : explain SELECT c FROM sbtest2 WHERE id BETWEEN 296155 AND 306154 ORDER BY c
	Sort  (cost=35319.10..35344.06 rows=9982 width=121)
	  Sort Key: c
	  ->  Bitmap Heap Scan on sbtest2  (cost=322.75..34656.04 rows=9982 width=121)
	        Recheck Cond: ((id >= 296155) AND (id <= 306154))
	        ->  Bitmap Index Scan on sbtest2_pkey  (cost=0.00..320.25 rows=9982 width=0)
	              Index Cond: ((id >= 296155) AND (id <= 306154))

table 3 : explain SELECT c FROM sbtest3 WHERE id BETWEEN 9792028 AND 9802027 ORDER BY c
	Sort  (cost=34047.93..34071.93 rows=9600 width=121)
	  Sort Key: c
	  ->  Bitmap Heap Scan on sbtest3  (cost=310.83..33412.94 rows=9600 width=121)
	        Recheck Cond: ((id >= 9792028) AND (id <= 9802027))
	        ->  Bitmap Index Scan on sbtest3_pkey  (cost=0.00..308.44 rows=9600 width=0)
	              Index Cond: ((id >= 9792028) AND (id <= 9802027))

table 4 : explain SELECT c FROM sbtest4 WHERE id BETWEEN 8264556 AND 8274555 ORDER BY c
	Sort  (cost=31538.62..31560.62 rows=8801 width=121)
	  Sort Key: c
	  ->  Bitmap Heap Scan on sbtest4  (cost=286.65..30962.00 rows=8801 width=121)
	        Recheck Cond: ((id >= 8264556) AND (id <= 8274555))
	        ->  Bitmap Index Scan on sbtest4_pkey  (cost=0.00..284.44 rows=8801 width=0)
	              Index Cond: ((id >= 8264556) AND (id <= 8274555))

table 5 : explain SELECT c FROM sbtest5 WHERE id BETWEEN 1834612 AND 1844611 ORDER BY c
	Sort  (cost=35675.34..35700.50 rows=10064 width=121)
	  Sort Key: c
	  ->  Bitmap Heap Scan on sbtest5  (cost=327.59..35006.24 rows=10064 width=121)
	        Recheck Cond: ((id >= 1834612) AND (id <= 1844611))
	        ->  Bitmap Index Scan on sbtest5_pkey  (cost=0.00..325.07 rows=10064 width=0)
	              Index Cond: ((id >= 1834612) AND (id <= 1844611))

table 6 : explain SELECT c FROM sbtest6 WHERE id BETWEEN 9940988 AND 9950987 ORDER BY c
	Sort  (cost=35902.35..35927.67 rows=10129 width=121)
	  Sort Key: c
	  ->  Bitmap Heap Scan on sbtest6  (cost=328.26..35228.46 rows=10129 width=121)
	        Recheck Cond: ((id >= 9940988) AND (id <= 9950987))
	        ->  Bitmap Index Scan on sbtest6_pkey  (cost=0.00..325.73 rows=10129 width=0)
	              Index Cond: ((id >= 9940988) AND (id <= 9950987))

table 7 : explain SELECT c FROM sbtest7 WHERE id BETWEEN 7057667 AND 7067666 ORDER BY c
	Sort  (cost=35062.12..35086.79 rows=9868 width=121)
	  Sort Key: c
	  ->  Bitmap Heap Scan on sbtest7  (cost=321.58..34407.45 rows=9868 width=121)
	        Recheck Cond: ((id >= 7057667) AND (id <= 7067666))
	        ->  Bitmap Index Scan on sbtest7_pkey  (cost=0.00..319.12 rows=9868 width=0)
	              Index Cond: ((id >= 7057667) AND (id <= 7067666))

table 8 : explain SELECT c FROM sbtest8 WHERE id BETWEEN 3589444 AND 3599443 ORDER BY c
	Sort  (cost=32082.80..32105.21 rows=8962 width=121)
	  Sort Key: c
	  ->  Bitmap Heap Scan on sbtest8  (cost=292.30..31494.47 rows=8962 width=121)
	        Recheck Cond: ((id >= 3589444) AND (id <= 3599443))
	        ->  Bitmap Index Scan on sbtest8_pkey  (cost=0.00..290.06 rows=8962 width=0)
	              Index Cond: ((id >= 3589444) AND (id <= 3599443))

for: simple_ranges
table 1 : explain SELECT c FROM sbtest1 WHERE id BETWEEN 4524576 AND 4534575
	Bitmap Heap Scan on sbtest1  (cost=333.98..35493.45 rows=10297 width=121)
	  Recheck Cond: ((id >= 4524576) AND (id <= 4534575))
	  ->  Bitmap Index Scan on sbtest1_pkey  (cost=0.00..331.41 rows=10297 width=0)
	        Index Cond: ((id >= 4524576) AND (id <= 4534575))

table 2 : explain SELECT c FROM sbtest2 WHERE id BETWEEN 180981 AND 190980
	Bitmap Heap Scan on sbtest2  (cost=304.68..32773.42 rows=9390 width=121)
	  Recheck Cond: ((id >= 180981) AND (id <= 190980))
	  ->  Bitmap Index Scan on sbtest2_pkey  (cost=0.00..302.33 rows=9390 width=0)
	        Index Cond: ((id >= 180981) AND (id <= 190980))

table 3 : explain SELECT c FROM sbtest3 WHERE id BETWEEN 3282625 AND 3292624
	Bitmap Heap Scan on sbtest3  (cost=322.65..34592.45 rows=9972 width=121)
	  Recheck Cond: ((id >= 3282625) AND (id <= 3292624))
	  ->  Bitmap Index Scan on sbtest3_pkey  (cost=0.00..320.16 rows=9972 width=0)
	        Index Cond: ((id >= 3282625) AND (id <= 3292624))

table 4 : explain SELECT c FROM sbtest4 WHERE id BETWEEN 5473239 AND 5483238
	Bitmap Heap Scan on sbtest4  (cost=287.07..31093.96 rows=8842 width=121)
	  Recheck Cond: ((id >= 5473239) AND (id <= 5483238))
	  ->  Bitmap Index Scan on sbtest4_pkey  (cost=0.00..284.86 rows=8842 width=0)
	        Index Cond: ((id >= 5473239) AND (id <= 5483238))

table 5 : explain SELECT c FROM sbtest5 WHERE id BETWEEN 1457821 AND 1467820
	Bitmap Heap Scan on sbtest5  (cost=328.51..35288.82 rows=10154 width=121)
	  Recheck Cond: ((id >= 1457821) AND (id <= 1467820))
	  ->  Bitmap Index Scan on sbtest5_pkey  (cost=0.00..325.98 rows=10154 width=0)
	        Index Cond: ((id >= 1457821) AND (id <= 1467820))

table 6 : explain SELECT c FROM sbtest6 WHERE id BETWEEN 6287935 AND 6297934
	Bitmap Heap Scan on sbtest6  (cost=352.41..37735.01 rows=10924 width=121)
	  Recheck Cond: ((id >= 6287935) AND (id <= 6297934))
	  ->  Bitmap Index Scan on sbtest6_pkey  (cost=0.00..349.68 rows=10924 width=0)
	        Index Cond: ((id >= 6287935) AND (id <= 6297934))

table 7 : explain SELECT c FROM sbtest7 WHERE id BETWEEN 1134825 AND 1144824
	Bitmap Heap Scan on sbtest7  (cost=322.36..34645.36 rows=9944 width=121)
	  Recheck Cond: ((id >= 1134825) AND (id <= 1144824))
	  ->  Bitmap Index Scan on sbtest7_pkey  (cost=0.00..319.88 rows=9944 width=0)
	        Index Cond: ((id >= 1134825) AND (id <= 1144824))

table 8 : explain SELECT c FROM sbtest8 WHERE id BETWEEN 2826417 AND 2836416
	Bitmap Heap Scan on sbtest8  (cost=304.30..32754.96 rows=9353 width=121)
	  Recheck Cond: ((id >= 2826417) AND (id <= 2836416))
	  ->  Bitmap Index Scan on sbtest8_pkey  (cost=0.00..301.96 rows=9353 width=0)
	        Index Cond: ((id >= 2826417) AND (id <= 2836416))

for: distinct_ranges
table 1 : explain SELECT DISTINCT c FROM sbtest1 WHERE id BETWEEN 4602780 AND 4612779 ORDER BY c
	Unique  (cost=35484.64..35535.04 rows=10080 width=121)
	  ->  Sort  (cost=35484.64..35509.84 rows=10080 width=121)
	        Sort Key: c
	        ->  Bitmap Heap Scan on sbtest1  (cost=327.75..34814.36 rows=10080 width=121)
	              Recheck Cond: ((id >= 4602780) AND (id <= 4612779))
	              ->  Bitmap Index Scan on sbtest1_pkey  (cost=0.00..325.24 rows=10080 width=0)
	                    Index Cond: ((id >= 4602780) AND (id <= 4612779))

table 2 : explain SELECT DISTINCT c FROM sbtest2 WHERE id BETWEEN 8895315 AND 8905314 ORDER BY c
	Unique  (cost=31109.73..31153.21 rows=8695 width=121)
	  ->  Sort  (cost=31109.73..31131.47 rows=8695 width=121)
	        Sort Key: c
	        ->  Bitmap Heap Scan on sbtest2  (cost=281.56..30540.82 rows=8695 width=121)
	              Recheck Cond: ((id >= 8895315) AND (id <= 8905314))
	              ->  Bitmap Index Scan on sbtest2_pkey  (cost=0.00..279.38 rows=8695 width=0)
	                    Index Cond: ((id >= 8895315) AND (id <= 8905314))

table 3 : explain SELECT DISTINCT c FROM sbtest3 WHERE id BETWEEN 5838050 AND 5848049 ORDER BY c
	Unique  (cost=34461.00..34509.64 rows=9727 width=121)
	  ->  Sort  (cost=34461.00..34485.32 rows=9727 width=121)
	        Sort Key: c
	        ->  Bitmap Heap Scan on sbtest3  (cost=316.14..33816.70 rows=9727 width=121)
	              Recheck Cond: ((id >= 5838050) AND (id <= 5848049))
	              ->  Bitmap Index Scan on sbtest3_pkey  (cost=0.00..313.70 rows=9727 width=0)
	                    Index Cond: ((id >= 5838050) AND (id <= 5848049))

table 4 : explain SELECT DISTINCT c FROM sbtest4 WHERE id BETWEEN 20150 AND 30149 ORDER BY c
	Unique  (cost=36973.08..37025.39 rows=10463 width=121)
	  ->  Sort  (cost=36973.08..36999.24 rows=10463 width=121)
	        Sort Key: c
	        ->  Bitmap Heap Scan on sbtest4  (cost=339.68..36274.52 rows=10463 width=121)
	              Recheck Cond: ((id >= 20150) AND (id <= 30149))
	              ->  Bitmap Index Scan on sbtest4_pkey  (cost=0.00..337.06 rows=10463 width=0)
	                    Index Cond: ((id >= 20150) AND (id <= 30149))

table 5 : explain SELECT DISTINCT c FROM sbtest5 WHERE id BETWEEN 2968017 AND 2978016 ORDER BY c
	Unique  (cost=33224.83..33271.40 rows=9314 width=121)
	  ->  Sort  (cost=33224.83..33248.12 rows=9314 width=121)
	        Sort Key: c
	        ->  Bitmap Heap Scan on sbtest5  (cost=303.90..32610.80 rows=9314 width=121)
	              Recheck Cond: ((id >= 2968017) AND (id <= 2978016))
	              ->  Bitmap Index Scan on sbtest5_pkey  (cost=0.00..301.57 rows=9314 width=0)
	                    Index Cond: ((id >= 2968017) AND (id <= 2978016))

table 6 : explain SELECT DISTINCT c FROM sbtest6 WHERE id BETWEEN 26948 AND 36947 ORDER BY c
	Unique  (cost=39538.68..39594.97 rows=11258 width=121)
	  ->  Sort  (cost=39538.68..39566.83 rows=11258 width=121)
	        Sort Key: c
	        ->  Bitmap Heap Scan on sbtest6  (cost=363.83..38781.09 rows=11258 width=121)
	              Recheck Cond: ((id >= 26948) AND (id <= 36947))
	              ->  Bitmap Index Scan on sbtest6_pkey  (cost=0.00..361.01 rows=11258 width=0)
	                    Index Cond: ((id >= 26948) AND (id <= 36947))

table 7 : explain SELECT DISTINCT c FROM sbtest7 WHERE id BETWEEN 6226066 AND 6236065 ORDER BY c
	Unique  (cost=36138.99..36189.99 rows=10199 width=121)
	  ->  Sort  (cost=36138.99..36164.49 rows=10199 width=121)
	        Sort Key: c
	        ->  Bitmap Heap Scan on sbtest7  (cost=332.97..35459.94 rows=10199 width=121)
	              Recheck Cond: ((id >= 6226066) AND (id <= 6236065))
	              ->  Bitmap Index Scan on sbtest7_pkey  (cost=0.00..330.43 rows=10199 width=0)
	                    Index Cond: ((id >= 6226066) AND (id <= 6236065))

table 8 : explain SELECT DISTINCT c FROM sbtest8 WHERE id BETWEEN 8129835 AND 8139834 ORDER BY c
	Unique  (cost=35893.11..35943.74 rows=10125 width=121)
	  ->  Sort  (cost=35893.11..35918.43 rows=10125 width=121)
	        Sort Key: c
	        ->  Bitmap Heap Scan on sbtest8  (cost=328.22..35219.52 rows=10125 width=121)
	              Recheck Cond: ((id >= 8129835) AND (id <= 8139834))
	              ->  Bitmap Index Scan on sbtest8_pkey  (cost=0.00..325.69 rows=10125 width=0)
	                    Index Cond: ((id >= 8129835) AND (id <= 8139834))

for: distinct_ranges
table 1 : explain SELECT DISTINCT c FROM sbtest1 WHERE id BETWEEN 3378206 AND 3388205 ORDER BY c
	Unique  (cost=37751.84..37805.78 rows=10789 width=121)
	  ->  Sort  (cost=37751.84..37778.81 rows=10789 width=121)
	        Sort Key: c
	        ->  Bitmap Heap Scan on sbtest1  (cost=351.02..37029.12 rows=10789 width=121)
	              Recheck Cond: ((id >= 3378206) AND (id <= 3388205))
	              ->  Bitmap Index Scan on sbtest1_pkey  (cost=0.00..348.32 rows=10789 width=0)
	                    Index Cond: ((id >= 3378206) AND (id <= 3388205))

table 2 : explain SELECT DISTINCT c FROM sbtest2 WHERE id BETWEEN 3974818 AND 3984817 ORDER BY c
	Unique  (cost=35760.68..35811.27 rows=10118 width=121)
	  ->  Sort  (cost=35760.68..35785.98 rows=10118 width=121)
	        Sort Key: c
	        ->  Bitmap Heap Scan on sbtest2  (cost=328.14..35087.60 rows=10118 width=121)
	              Recheck Cond: ((id >= 3974818) AND (id <= 3984817))
	              ->  Bitmap Index Scan on sbtest2_pkey  (cost=0.00..325.62 rows=10118 width=0)
	                    Index Cond: ((id >= 3974818) AND (id <= 3984817))

table 3 : explain SELECT DISTINCT c FROM sbtest3 WHERE id BETWEEN 150718 AND 160717 ORDER BY c
	Unique  (cost=36146.23..36197.47 rows=10248 width=121)
	  ->  Sort  (cost=36146.23..36171.85 rows=10248 width=121)
	        Sort Key: c
	        ->  Bitmap Heap Scan on sbtest3  (cost=333.48..35463.55 rows=10248 width=121)
	              Recheck Cond: ((id >= 150718) AND (id <= 160717))
	              ->  Bitmap Index Scan on sbtest3_pkey  (cost=0.00..330.92 rows=10248 width=0)
	                    Index Cond: ((id >= 150718) AND (id <= 160717))

table 4 : explain SELECT DISTINCT c FROM sbtest4 WHERE id BETWEEN 6020577 AND 6030576 ORDER BY c
	Unique  (cost=35273.83..35323.53 rows=9939 width=121)
	  ->  Sort  (cost=35273.83..35298.68 rows=9939 width=121)
	        Sort Key: c
	        ->  Bitmap Heap Scan on sbtest4  (cost=322.31..34613.94 rows=9939 width=121)
	              Recheck Cond: ((id >= 6020577) AND (id <= 6030576))
	              ->  Bitmap Index Scan on sbtest4_pkey  (cost=0.00..319.82 rows=9939 width=0)
	                    Index Cond: ((id >= 6020577) AND (id <= 6030576))

table 5 : explain SELECT DISTINCT c FROM sbtest5 WHERE id BETWEEN 5231412 AND 5241411 ORDER BY c
	Unique  (cost=33663.87..33711.12 rows=9449 width=121)
	  ->  Sort  (cost=33663.87..33687.49 rows=9449 width=121)
	        Sort Key: c
	        ->  Bitmap Heap Scan on sbtest5  (cost=305.29..33039.96 rows=9449 width=121)
	              Recheck Cond: ((id >= 5231412) AND (id <= 5241411))
	              ->  Bitmap Index Scan on sbtest5_pkey  (cost=0.00..302.93 rows=9449 width=0)
	                    Index Cond: ((id >= 5231412) AND (id <= 5241411))

table 6 : explain SELECT DISTINCT c FROM sbtest6 WHERE id BETWEEN 1572110 AND 1582109 ORDER BY c
	Unique  (cost=36394.80..36446.20 rows=10281 width=121)
	  ->  Sort  (cost=36394.80..36420.50 rows=10281 width=121)
	        Sort Key: c
	        ->  Bitmap Heap Scan on sbtest6  (cost=333.82..35709.69 rows=10281 width=121)
	              Recheck Cond: ((id >= 1572110) AND (id <= 1582109))
	              ->  Bitmap Index Scan on sbtest6_pkey  (cost=0.00..331.25 rows=10281 width=0)
	                    Index Cond: ((id >= 1572110) AND (id <= 1582109))

table 7 : explain SELECT DISTINCT c FROM sbtest7 WHERE id BETWEEN 2169029 AND 2179028 ORDER BY c
	Unique  (cost=35559.46..35609.57 rows=10021 width=121)
	  ->  Sort  (cost=35559.46..35584.52 rows=10021 width=121)
	        Sort Key: c
	        ->  Bitmap Heap Scan on sbtest7  (cost=327.15..34893.53 rows=10021 width=121)
	              Recheck Cond: ((id >= 2169029) AND (id <= 2179028))
	              ->  Bitmap Index Scan on sbtest7_pkey  (cost=0.00..324.65 rows=10021 width=0)
	                    Index Cond: ((id >= 2169029) AND (id <= 2179028))

table 8 : explain SELECT DISTINCT c FROM sbtest8 WHERE id BETWEEN 2172880 AND 2182879 ORDER BY c
	Unique  (cost=34377.92..34426.22 rows=9660 width=121)
	  ->  Sort  (cost=34377.92..34402.07 rows=9660 width=121)
	        Sort Key: c
	        ->  Bitmap Heap Scan on sbtest8  (cost=315.45..33738.53 rows=9660 width=121)
	              Recheck Cond: ((id >= 2172880) AND (id <= 2182879))
	              ->  Bitmap Index Scan on sbtest8_pkey  (cost=0.00..313.04 rows=9660 width=0)
	                    Index Cond: ((id >= 2172880) AND (id <= 2182879))

for: simple_ranges
table 1 : explain SELECT c FROM sbtest1 WHERE id BETWEEN 2209526 AND 2219525
	Bitmap Heap Scan on sbtest1  (cost=339.86..36065.08 rows=10480 width=121)
	  Recheck Cond: ((id >= 2209526) AND (id <= 2219525))
	  ->  Bitmap Index Scan on sbtest1_pkey  (cost=0.00..337.24 rows=10480 width=0)
	        Index Cond: ((id >= 2209526) AND (id <= 2219525))

table 2 : explain SELECT c FROM sbtest2 WHERE id BETWEEN 9976632 AND 9986631
	Bitmap Heap Scan on sbtest2  (cost=316.56..33976.91 rows=9768 width=121)
	  Recheck Cond: ((id >= 9976632) AND (id <= 9986631))
	  ->  Bitmap Index Scan on sbtest2_pkey  (cost=0.00..314.12 rows=9768 width=0)
	        Index Cond: ((id >= 9976632) AND (id <= 9986631))

table 3 : explain SELECT c FROM sbtest3 WHERE id BETWEEN 2912382 AND 2922381
	Bitmap Heap Scan on sbtest3  (cost=322.59..34573.02 rows=9966 width=121)
	  Recheck Cond: ((id >= 2912382) AND (id <= 2922381))
	  ->  Bitmap Index Scan on sbtest3_pkey  (cost=0.00..320.09 rows=9966 width=0)
	        Index Cond: ((id >= 2912382) AND (id <= 2922381))

table 4 : explain SELECT c FROM sbtest4 WHERE id BETWEEN 3436911 AND 3446910
	Bitmap Heap Scan on sbtest4  (cost=309.80..33209.14 rows=9499 width=121)
	  Recheck Cond: ((id >= 3436911) AND (id <= 3446910))
	  ->  Bitmap Index Scan on sbtest4_pkey  (cost=0.00..307.43 rows=9499 width=0)
	        Index Cond: ((id >= 3436911) AND (id <= 3446910))

table 5 : explain SELECT c FROM sbtest5 WHERE id BETWEEN 4039288 AND 4049287
	Bitmap Heap Scan on sbtest5  (cost=351.42..37416.37 rows=10828 width=121)
	  Recheck Cond: ((id >= 4039288) AND (id <= 4049287))
	  ->  Bitmap Index Scan on sbtest5_pkey  (cost=0.00..348.71 rows=10828 width=0)
	        Index Cond: ((id >= 4039288) AND (id <= 4049287))

table 6 : explain SELECT c FROM sbtest6 WHERE id BETWEEN 4115486 AND 4125485
	Bitmap Heap Scan on sbtest6  (cost=323.14..34879.83 rows=10020 width=121)
	  Recheck Cond: ((id >= 4115486) AND (id <= 4125485))
	  ->  Bitmap Index Scan on sbtest6_pkey  (cost=0.00..320.63 rows=10020 width=0)
	        Index Cond: ((id >= 4115486) AND (id <= 4125485))

table 7 : explain SELECT c FROM sbtest7 WHERE id BETWEEN 11574 AND 21573
	Bitmap Heap Scan on sbtest7  (cost=322.40..34658.38 rows=9948 width=121)
	  Recheck Cond: ((id >= 11574) AND (id <= 21573))
	  ->  Bitmap Index Scan on sbtest7_pkey  (cost=0.00..319.92 rows=9948 width=0)
	        Index Cond: ((id >= 11574) AND (id <= 21573))

table 8 : explain SELECT c FROM sbtest8 WHERE id BETWEEN 247416 AND 257415
	Bitmap Heap Scan on sbtest8  (cost=345.19..36754.77 rows=10610 width=121)
	  Recheck Cond: ((id >= 247416) AND (id <= 257415))
	  ->  Bitmap Index Scan on sbtest8_pkey  (cost=0.00..342.54 rows=10610 width=0)
	        Index Cond: ((id >= 247416) AND (id <= 257415))

for: order_ranges
table 1 : explain SELECT c FROM sbtest1 WHERE id BETWEEN 2424493 AND 2434492 ORDER BY c
	Sort  (cost=36110.68..36136.37 rows=10275 width=121)
	  Sort Key: c
	  ->  Bitmap Heap Scan on sbtest1  (cost=333.75..35426.02 rows=10275 width=121)
	        Recheck Cond: ((id >= 2424493) AND (id <= 2434492))
	        ->  Bitmap Index Scan on sbtest1_pkey  (cost=0.00..331.19 rows=10275 width=0)
	              Index Cond: ((id >= 2424493) AND (id <= 2434492))

table 2 : explain SELECT c FROM sbtest2 WHERE id BETWEEN 1408384 AND 1418383 ORDER BY c
	Sort  (cost=36231.42..36257.08 rows=10264 width=121)
	  Sort Key: c
	  ->  Bitmap Heap Scan on sbtest2  (cost=333.64..35547.56 rows=10264 width=121)
	        Recheck Cond: ((id >= 1408384) AND (id <= 1418383))
	        ->  Bitmap Index Scan on sbtest2_pkey  (cost=0.00..331.07 rows=10264 width=0)
	              Index Cond: ((id >= 1408384) AND (id <= 1418383))

table 3 : explain SELECT c FROM sbtest3 WHERE id BETWEEN 6058990 AND 6068989 ORDER BY c
	Sort  (cost=34876.11..34900.75 rows=9856 width=121)
	  Sort Key: c
	  ->  Bitmap Heap Scan on sbtest3  (cost=317.46..34222.32 rows=9856 width=121)
	        Recheck Cond: ((id >= 6058990) AND (id <= 6068989))
	        ->  Bitmap Index Scan on sbtest3_pkey  (cost=0.00..315.00 rows=9856 width=0)
	              Index Cond: ((id >= 6058990) AND (id <= 6068989))

table 4 : explain SELECT c FROM sbtest4 WHERE id BETWEEN 6386119 AND 6396118 ORDER BY c
	Sort  (cost=34318.34..34342.45 rows=9647 width=121)
	  Sort Key: c
	  ->  Bitmap Heap Scan on sbtest4  (cost=311.32..33679.90 rows=9647 width=121)
	        Recheck Cond: ((id >= 6386119) AND (id <= 6396118))
	        ->  Bitmap Index Scan on sbtest4_pkey  (cost=0.00..308.91 rows=9647 width=0)
	              Index Cond: ((id >= 6386119) AND (id <= 6396118))

table 5 : explain SELECT c FROM sbtest5 WHERE id BETWEEN 2112382 AND 2122381 ORDER BY c
	Sort  (cost=36210.95..36236.52 rows=10229 width=121)
	  Sort Key: c
	  ->  Bitmap Heap Scan on sbtest5  (cost=333.28..35529.68 rows=10229 width=121)
	        Recheck Cond: ((id >= 2112382) AND (id <= 2122381))
	        ->  Bitmap Index Scan on sbtest5_pkey  (cost=0.00..330.73 rows=10229 width=0)
	              Index Cond: ((id >= 2112382) AND (id <= 2122381))

table 6 : explain SELECT c FROM sbtest6 WHERE id BETWEEN 69914 AND 79913 ORDER BY c
	Sort  (cost=39538.68..39566.83 rows=11258 width=121)
	  Sort Key: c
	  ->  Bitmap Heap Scan on sbtest6  (cost=363.83..38781.09 rows=11258 width=121)
	        Recheck Cond: ((id >= 69914) AND (id <= 79913))
	        ->  Bitmap Index Scan on sbtest6_pkey  (cost=0.00..361.01 rows=11258 width=0)
	              Index Cond: ((id >= 69914) AND (id <= 79913))

table 7 : explain SELECT c FROM sbtest7 WHERE id BETWEEN 4990411 AND 5000410 ORDER BY c
	Sort  (cost=33451.27..33474.71 rows=9377 width=121)
	  Sort Key: c
	  ->  Bitmap Heap Scan on sbtest7  (cost=304.55..32832.62 rows=9377 width=121)
	        Recheck Cond: ((id >= 4990411) AND (id <= 5000410))
	        ->  Bitmap Index Scan on sbtest7_pkey  (cost=0.00..302.20 rows=9377 width=0)
	              Index Cond: ((id >= 4990411) AND (id <= 5000410))

table 8 : explain SELECT c FROM sbtest8 WHERE id BETWEEN 2391923 AND 2401922 ORDER BY c
	Sort  (cost=33331.62..33354.97 rows=9341 width=121)
	  Sort Key: c
	  ->  Bitmap Heap Scan on sbtest8  (cost=304.18..32715.61 rows=9341 width=121)
	        Recheck Cond: ((id >= 2391923) AND (id <= 2401922))
	        ->  Bitmap Index Scan on sbtest8_pkey  (cost=0.00..301.84 rows=9341 width=0)
	              Index Cond: ((id >= 2391923) AND (id <= 2401922))

for: simple_ranges
table 1 : explain SELECT c FROM sbtest1 WHERE id BETWEEN 5226830 AND 5236829
	Bitmap Heap Scan on sbtest1  (cost=352.17..37373.59 rows=10901 width=121)
	  Recheck Cond: ((id >= 5226830) AND (id <= 5236829))
	  ->  Bitmap Index Scan on sbtest1_pkey  (cost=0.00..349.44 rows=10901 width=0)
	        Index Cond: ((id >= 5226830) AND (id <= 5236829))

table 2 : explain SELECT c FROM sbtest2 WHERE id BETWEEN 2636670 AND 2646669
	Bitmap Heap Scan on sbtest2  (cost=321.92..34399.83 rows=9901 width=121)
	  Recheck Cond: ((id >= 2636670) AND (id <= 2646669))
	  ->  Bitmap Index Scan on sbtest2_pkey  (cost=0.00..319.44 rows=9901 width=0)
	        Index Cond: ((id >= 2636670) AND (id <= 2646669))

table 3 : explain SELECT c FROM sbtest3 WHERE id BETWEEN 3422454 AND 3432453
	Bitmap Heap Scan on sbtest3  (cost=322.96..34686.33 rows=10002 width=121)
	  Recheck Cond: ((id >= 3422454) AND (id <= 3432453))
	  ->  Bitmap Index Scan on sbtest3_pkey  (cost=0.00..320.45 rows=10002 width=0)
	        Index Cond: ((id >= 3422454) AND (id <= 3432453))

table 4 : explain SELECT c FROM sbtest4 WHERE id BETWEEN 9510260 AND 9520259
	Bitmap Heap Scan on sbtest4  (cost=298.45..32158.57 rows=9172 width=121)
	  Recheck Cond: ((id >= 9510260) AND (id <= 9520259))
	  ->  Bitmap Index Scan on sbtest4_pkey  (cost=0.00..296.16 rows=9172 width=0)
	        Index Cond: ((id >= 9510260) AND (id <= 9520259))

table 5 : explain SELECT c FROM sbtest5 WHERE id BETWEEN 753689 AND 763688
	Bitmap Heap Scan on sbtest5  (cost=346.23..37051.35 rows=10712 width=121)
	  Recheck Cond: ((id >= 753689) AND (id <= 763688))
	  ->  Bitmap Index Scan on sbtest5_pkey  (cost=0.00..343.56 rows=10712 width=0)
	        Index Cond: ((id >= 753689) AND (id <= 763688))

table 6 : explain SELECT c FROM sbtest6 WHERE id BETWEEN 5974903 AND 5984902
	Bitmap Heap Scan on sbtest6  (cost=292.73..31626.13 rows=9004 width=121)
	  Recheck Cond: ((id >= 5974903) AND (id <= 5984902))
	  ->  Bitmap Index Scan on sbtest6_pkey  (cost=0.00..290.48 rows=9004 width=0)
	        Index Cond: ((id >= 5974903) AND (id <= 5984902))

table 7 : explain SELECT c FROM sbtest7 WHERE id BETWEEN 1992422 AND 2002421
	Bitmap Heap Scan on sbtest7  (cost=305.14..33019.45 rows=9435 width=121)
	  Recheck Cond: ((id >= 1992422) AND (id <= 2002421))
	  ->  Bitmap Index Scan on sbtest7_pkey  (cost=0.00..302.79 rows=9435 width=0)
	        Index Cond: ((id >= 1992422) AND (id <= 2002421))

table 8 : explain SELECT c FROM sbtest8 WHERE id BETWEEN 1976194 AND 1986193
	Bitmap Heap Scan on sbtest8  (cost=339.47..36223.46 rows=10442 width=121)
	  Recheck Cond: ((id >= 1976194) AND (id <= 1986193))
	  ->  Bitmap Index Scan on sbtest8_pkey  (cost=0.00..336.86 rows=10442 width=0)
	        Index Cond: ((id >= 1976194) AND (id <= 1986193))

for: distinct_ranges
table 1 : explain SELECT DISTINCT c FROM sbtest1 WHERE id BETWEEN 2311511 AND 2321510 ORDER BY c
	Unique  (cost=31155.50..31199.23 rows=8745 width=121)
	  ->  Sort  (cost=31155.50..31177.36 rows=8745 width=121)
	        Sort Key: c
	        ->  Bitmap Heap Scan on sbtest1  (cost=286.07..30582.96 rows=8745 width=121)
	              Recheck Cond: ((id >= 2311511) AND (id <= 2321510))
	              ->  Bitmap Index Scan on sbtest1_pkey  (cost=0.00..283.88 rows=8745 width=0)
	                    Index Cond: ((id >= 2311511) AND (id <= 2321510))

table 2 : explain SELECT DISTINCT c FROM sbtest2 WHERE id BETWEEN 5776785 AND 5786784 ORDER BY c
	Unique  (cost=39592.00..39648.57 rows=11314 width=121)
	  ->  Sort  (cost=39592.00..39620.28 rows=11314 width=121)
	        Sort Key: c
	        ->  Bitmap Heap Scan on sbtest2  (cost=364.40..38830.24 rows=11314 width=121)
	              Recheck Cond: ((id >= 5776785) AND (id <= 5786784))
	              ->  Bitmap Index Scan on sbtest2_pkey  (cost=0.00..361.57 rows=11314 width=0)
	                    Index Cond: ((id >= 5776785) AND (id <= 5786784))

table 3 : explain SELECT DISTINCT c FROM sbtest3 WHERE id BETWEEN 1841577 AND 1851576 ORDER BY c
	Unique  (cost=37410.02..37463.23 rows=10641 width=121)
	  ->  Sort  (cost=37410.02..37436.62 rows=10641 width=121)
	        Sort Key: c
	        ->  Bitmap Heap Scan on sbtest3  (cost=345.51..36698.28 rows=10641 width=121)
	              Recheck Cond: ((id >= 1841577) AND (id <= 1851576))
	              ->  Bitmap Index Scan on sbtest3_pkey  (cost=0.00..342.84 rows=10641 width=0)
	                    Index Cond: ((id >= 1841577) AND (id <= 1851576))

table 4 : explain SELECT DISTINCT c FROM sbtest4 WHERE id BETWEEN 7621278 AND 7631277 ORDER BY c
	Unique  (cost=37022.70..37075.09 rows=10478 width=121)
	  ->  Sort  (cost=37022.70..37048.90 rows=10478 width=121)
	        Sort Key: c
	        ->  Bitmap Heap Scan on sbtest4  (cost=339.83..36323.03 rows=10478 width=121)
	              Recheck Cond: ((id >= 7621278) AND (id <= 7631277))
	              ->  Bitmap Index Scan on sbtest4_pkey  (cost=0.00..337.21 rows=10478 width=0)
	                    Index Cond: ((id >= 7621278) AND (id <= 7631277))

table 5 : explain SELECT DISTINCT c FROM sbtest5 WHERE id BETWEEN 7681334 AND 7691333 ORDER BY c
	Unique  (cost=38254.08..38308.39 rows=10863 width=121)
	  ->  Sort  (cost=38254.08..38281.23 rows=10863 width=121)
	        Sort Key: c
	        ->  Bitmap Heap Scan on sbtest5  (cost=351.78..37525.87 rows=10863 width=121)
	              Recheck Cond: ((id >= 7681334) AND (id <= 7691333))
	              ->  Bitmap Index Scan on sbtest5_pkey  (cost=0.00..349.06 rows=10863 width=0)
	                    Index Cond: ((id >= 7681334) AND (id <= 7691333))

table 6 : explain SELECT DISTINCT c FROM sbtest6 WHERE id BETWEEN 7600812 AND 7610811 ORDER BY c
	Unique  (cost=32443.10..32488.46 rows=9073 width=121)
	  ->  Sort  (cost=32443.10..32465.78 rows=9073 width=121)
	        Sort Key: c
	        ->  Bitmap Heap Scan on sbtest6  (cost=293.43..31846.67 rows=9073 width=121)
	              Recheck Cond: ((id >= 7600812) AND (id <= 7610811))
	              ->  Bitmap Index Scan on sbtest6_pkey  (cost=0.00..291.17 rows=9073 width=0)
	                    Index Cond: ((id >= 7600812) AND (id <= 7610811))

table 7 : explain SELECT DISTINCT c FROM sbtest7 WHERE id BETWEEN 5564695 AND 5574694 ORDER BY c
	Unique  (cost=34118.60..34166.50 rows=9580 width=121)
	  ->  Sort  (cost=34118.60..34142.55 rows=9580 width=121)
	        Sort Key: c
	        ->  Bitmap Heap Scan on sbtest7  (cost=310.63..33485.08 rows=9580 width=121)
	              Recheck Cond: ((id >= 5564695) AND (id <= 5574694))
	              ->  Bitmap Index Scan on sbtest7_pkey  (cost=0.00..308.24 rows=9580 width=0)
	                    Index Cond: ((id >= 5564695) AND (id <= 5574694))

table 8 : explain SELECT DISTINCT c FROM sbtest8 WHERE id BETWEEN 2153649 AND 2163648 ORDER BY c
	Unique  (cost=33952.32..33999.97 rows=9530 width=121)
	  ->  Sort  (cost=33952.32..33976.15 rows=9530 width=121)
	        Sort Key: c
	        ->  Bitmap Heap Scan on sbtest8  (cost=310.12..33322.47 rows=9530 width=121)
	              Recheck Cond: ((id >= 2153649) AND (id <= 2163648))
	              ->  Bitmap Index Scan on sbtest8_pkey  (cost=0.00..307.74 rows=9530 width=0)
	                    Index Cond: ((id >= 2153649) AND (id <= 2163648))

for: sum_ranges
table 1 : explain SELECT SUM(k) FROM sbtest1 WHERE id BETWEEN 1417684 AND 1427683
	Aggregate  (cost=34219.48..34219.49 rows=1 width=8)
	  ->  Bitmap Heap Scan on sbtest1  (cost=321.73..34194.77 rows=9882 width=4)
	        Recheck Cond: ((id >= 1417684) AND (id <= 1427683))
	        ->  Bitmap Index Scan on sbtest1_pkey  (cost=0.00..319.25 rows=9882 width=0)
	              Index Cond: ((id >= 1417684) AND (id <= 1427683))

table 2 : explain SELECT SUM(k) FROM sbtest2 WHERE id BETWEEN 3207180 AND 3217179
	Aggregate  (cost=31573.79..31573.80 rows=1 width=8)
	  ->  Bitmap Heap Scan on sbtest2  (cost=292.77..31551.27 rows=9008 width=4)
	        Recheck Cond: ((id >= 3207180) AND (id <= 3217179))
	        ->  Bitmap Index Scan on sbtest2_pkey  (cost=0.00..290.51 rows=9008 width=0)
	              Index Cond: ((id >= 3207180) AND (id <= 3217179))

table 3 : explain SELECT SUM(k) FROM sbtest3 WHERE id BETWEEN 8437315 AND 8447314
	Aggregate  (cost=38015.78..38015.79 rows=1 width=8)
	  ->  Bitmap Heap Scan on sbtest3  (cost=357.75..37988.15 rows=11055 width=4)
	        Recheck Cond: ((id >= 8437315) AND (id <= 8447314))
	        ->  Bitmap Index Scan on sbtest3_pkey  (cost=0.00..354.99 rows=11055 width=0)
	              Index Cond: ((id >= 8437315) AND (id <= 8447314))

table 4 : explain SELECT SUM(k) FROM sbtest4 WHERE id BETWEEN 7367447 AND 7377446
	Aggregate  (cost=34279.47..34279.48 rows=1 width=8)
	  ->  Bitmap Heap Scan on sbtest4  (cost=317.16..34254.90 rows=9827 width=4)
	        Recheck Cond: ((id >= 7367447) AND (id <= 7377446))
	        ->  Bitmap Index Scan on sbtest4_pkey  (cost=0.00..314.70 rows=9827 width=0)
	              Index Cond: ((id >= 7367447) AND (id <= 7377446))

table 5 : explain SELECT SUM(k) FROM sbtest5 WHERE id BETWEEN 6547034 AND 6557033
	Aggregate  (cost=35122.45..35122.46 rows=1 width=8)
	  ->  Bitmap Heap Scan on sbtest5  (cost=327.89..35097.22 rows=10093 width=4)
	        Recheck Cond: ((id >= 6547034) AND (id <= 6557033))
	        ->  Bitmap Index Scan on sbtest5_pkey  (cost=0.00..325.37 rows=10093 width=0)
	              Index Cond: ((id >= 6547034) AND (id <= 6557033))

table 6 : explain SELECT SUM(k) FROM sbtest6 WHERE id BETWEEN 6793503 AND 6803502
	Aggregate  (cost=36342.51..36342.52 rows=1 width=8)
	  ->  Bitmap Heap Scan on sbtest6  (cost=339.78..36316.33 rows=10473 width=4)
	        Recheck Cond: ((id >= 6793503) AND (id <= 6803502))
	        ->  Bitmap Index Scan on sbtest6_pkey  (cost=0.00..337.17 rows=10473 width=0)
	              Index Cond: ((id >= 6793503) AND (id <= 6803502))

table 7 : explain SELECT SUM(k) FROM sbtest7 WHERE id BETWEEN 5441459 AND 5451458
	Aggregate  (cost=36796.90..36796.91 rows=1 width=8)
	  ->  Bitmap Heap Scan on sbtest7  (cost=345.23..36770.37 rows=10614 width=4)
	        Recheck Cond: ((id >= 5441459) AND (id <= 5451458))
	        ->  Bitmap Index Scan on sbtest7_pkey  (cost=0.00..342.57 rows=10614 width=0)
	              Index Cond: ((id >= 5441459) AND (id <= 5451458))

table 8 : explain SELECT SUM(k) FROM sbtest8 WHERE id BETWEEN 5461734 AND 5471733
	Aggregate  (cost=38959.21..38959.22 rows=1 width=8)
	  ->  Bitmap Heap Scan on sbtest8  (cost=368.29..38930.96 rows=11303 width=4)
	        Recheck Cond: ((id >= 5461734) AND (id <= 5471733))
	        ->  Bitmap Index Scan on sbtest8_pkey  (cost=0.00..365.46 rows=11303 width=0)
	              Index Cond: ((id >= 5461734) AND (id <= 5471733))

for: sum_ranges
table 1 : explain SELECT SUM(k) FROM sbtest1 WHERE id BETWEEN 5939862 AND 5949861
	Aggregate  (cost=33049.49..33049.50 rows=1 width=8)
	  ->  Bitmap Heap Scan on sbtest1  (cost=309.93..33025.71 rows=9512 width=4)
	        Recheck Cond: ((id >= 5939862) AND (id <= 5949861))
	        ->  Bitmap Index Scan on sbtest1_pkey  (cost=0.00..307.56 rows=9512 width=0)
	              Index Cond: ((id >= 5939862) AND (id <= 5949861))

table 2 : explain SELECT SUM(k) FROM sbtest2 WHERE id BETWEEN 1372343 AND 1382342
	Aggregate  (cost=35476.20..35476.21 rows=1 width=8)
	  ->  Bitmap Heap Scan on sbtest2  (cost=333.32..35450.62 rows=10233 width=4)
	        Recheck Cond: ((id >= 1372343) AND (id <= 1382342))
	        ->  Bitmap Index Scan on sbtest2_pkey  (cost=0.00..330.76 rows=10233 width=0)
	              Index Cond: ((id >= 1372343) AND (id <= 1382342))

table 3 : explain SELECT SUM(k) FROM sbtest3 WHERE id BETWEEN 9784188 AND 9794187
	Aggregate  (cost=33436.94..33436.95 rows=1 width=8)
	  ->  Bitmap Heap Scan on sbtest3  (cost=310.83..33412.94 rows=9600 width=4)
	        Recheck Cond: ((id >= 9784188) AND (id <= 9794187))
	        ->  Bitmap Index Scan on sbtest3_pkey  (cost=0.00..308.44 rows=9600 width=0)
	              Index Cond: ((id >= 9784188) AND (id <= 9794187))

table 4 : explain SELECT SUM(k) FROM sbtest4 WHERE id BETWEEN 3239863 AND 3249862
	Aggregate  (cost=33373.66..33373.67 rows=1 width=8)
	  ->  Bitmap Heap Scan on sbtest4  (cost=310.25..33349.80 rows=9543 width=4)
	        Recheck Cond: ((id >= 3239863) AND (id <= 3249862))
	        ->  Bitmap Index Scan on sbtest4_pkey  (cost=0.00..307.87 rows=9543 width=0)
	              Index Cond: ((id >= 3239863) AND (id <= 3249862))

table 5 : explain SELECT SUM(k) FROM sbtest5 WHERE id BETWEEN 1762766 AND 1772765
	Aggregate  (cost=34910.30..34910.31 rows=1 width=8)
	  ->  Bitmap Heap Scan on sbtest5  (cost=323.21..34885.23 rows=10027 width=4)
	        Recheck Cond: ((id >= 1762766) AND (id <= 1772765))
	        ->  Bitmap Index Scan on sbtest5_pkey  (cost=0.00..320.70 rows=10027 width=0)
	              Index Cond: ((id >= 1762766) AND (id <= 1772765))

table 6 : explain SELECT SUM(k) FROM sbtest6 WHERE id BETWEEN 1735964 AND 1745963
	Aggregate  (cost=34180.38..34180.39 rows=1 width=8)
	  ->  Bitmap Heap Scan on sbtest6  (cost=316.81..34155.89 rows=9793 width=4)
	        Recheck Cond: ((id >= 1735964) AND (id <= 1745963))
	        ->  Bitmap Index Scan on sbtest6_pkey  (cost=0.00..314.37 rows=9793 width=0)
	              Index Cond: ((id >= 1735964) AND (id <= 1745963))

table 7 : explain SELECT SUM(k) FROM sbtest7 WHERE id BETWEEN 3985122 AND 3995121
	Aggregate  (cost=35738.84..35738.85 rows=1 width=8)
	  ->  Bitmap Heap Scan on sbtest7  (cost=333.81..35713.14 rows=10280 width=4)
	        Recheck Cond: ((id >= 3985122) AND (id <= 3995121))
	        ->  Bitmap Index Scan on sbtest7_pkey  (cost=0.00..331.24 rows=10280 width=0)
	              Index Cond: ((id >= 3985122) AND (id <= 3995121))

table 8 : explain SELECT SUM(k) FROM sbtest8 WHERE id BETWEEN 8254293 AND 8264292
	Aggregate  (cost=32978.49..32978.50 rows=1 width=8)
	  ->  Bitmap Heap Scan on sbtest8  (cost=304.95..32954.95 rows=9416 width=4)
	        Recheck Cond: ((id >= 8254293) AND (id <= 8264292))
	        ->  Bitmap Index Scan on sbtest8_pkey  (cost=0.00..302.59 rows=9416 width=0)
	              Index Cond: ((id >= 8254293) AND (id <= 8264292))

for: order_ranges
table 1 : explain SELECT c FROM sbtest1 WHERE id BETWEEN 5430252 AND 5440251 ORDER BY c
	Sort  (cost=37257.17..37283.75 rows=10634 width=121)
	  Sort Key: c
	  ->  Bitmap Heap Scan on sbtest1  (cost=345.43..36545.94 rows=10634 width=121)
	        Recheck Cond: ((id >= 5430252) AND (id <= 5440251))
	        ->  Bitmap Index Scan on sbtest1_pkey  (cost=0.00..342.78 rows=10634 width=0)
	              Index Cond: ((id >= 5430252) AND (id <= 5440251))

table 2 : explain SELECT c FROM sbtest2 WHERE id BETWEEN 9646195 AND 9656194 ORDER BY c
	Sort  (cost=34717.35..34741.84 rows=9797 width=121)
	  Sort Key: c
	  ->  Bitmap Heap Scan on sbtest2  (cost=316.85..34067.90 rows=9797 width=121)
	        Recheck Cond: ((id >= 9646195) AND (id <= 9656194))
	        ->  Bitmap Index Scan on sbtest2_pkey  (cost=0.00..314.41 rows=9797 width=0)
	              Index Cond: ((id >= 9646195) AND (id <= 9656194))

table 3 : explain SELECT c FROM sbtest3 WHERE id BETWEEN 163078 AND 173077 ORDER BY c
	Sort  (cost=36146.23..36171.85 rows=10248 width=121)
	  Sort Key: c
	  ->  Bitmap Heap Scan on sbtest3  (cost=333.48..35463.55 rows=10248 width=121)
	        Recheck Cond: ((id >= 163078) AND (id <= 173077))
	        ->  Bitmap Index Scan on sbtest3_pkey  (cost=0.00..330.92 rows=10248 width=0)
	              Index Cond: ((id >= 163078) AND (id <= 173077))

table 4 : explain SELECT c FROM sbtest4 WHERE id BETWEEN 6107668 AND 6117667 ORDER BY c
	Sort  (cost=35177.21..35201.98 rows=9909 width=121)
	  Sort Key: c
	  ->  Bitmap Heap Scan on sbtest4  (cost=322.00..34519.52 rows=9909 width=121)
	        Recheck Cond: ((id >= 6107668) AND (id <= 6117667))
	        ->  Bitmap Index Scan on sbtest4_pkey  (cost=0.00..319.53 rows=9909 width=0)
	              Index Cond: ((id >= 6107668) AND (id <= 6117667))

table 5 : explain SELECT c FROM sbtest5 WHERE id BETWEEN 8719424 AND 8729423 ORDER BY c
	Sort  (cost=34708.07..34732.49 rows=9768 width=121)
	  Sort Key: c
	  ->  Bitmap Heap Scan on sbtest5  (cost=316.56..34060.75 rows=9768 width=121)
	        Recheck Cond: ((id >= 8719424) AND (id <= 8729423))
	        ->  Bitmap Index Scan on sbtest5_pkey  (cost=0.00..314.12 rows=9768 width=0)
	              Index Cond: ((id >= 8719424) AND (id <= 8729423))

table 6 : explain SELECT c FROM sbtest6 WHERE id BETWEEN 3593383 AND 3603382 ORDER BY c
	Sort  (cost=32338.74..32361.35 rows=9041 width=121)
	  Sort Key: c
	  ->  Bitmap Heap Scan on sbtest6  (cost=293.11..31744.65 rows=9041 width=121)
	        Recheck Cond: ((id >= 3593383) AND (id <= 3603382))
	        ->  Bitmap Index Scan on sbtest6_pkey  (cost=0.00..290.84 rows=9041 width=0)
	              Index Cond: ((id >= 3593383) AND (id <= 3603382))

table 7 : explain SELECT c FROM sbtest7 WHERE id BETWEEN 4506644 AND 4516643 ORDER BY c
	Sort  (cost=35145.53..35170.27 rows=9894 width=121)
	  Sort Key: c
	  ->  Bitmap Heap Scan on sbtest7  (cost=321.85..34488.95 rows=9894 width=121)
	        Recheck Cond: ((id >= 4506644) AND (id <= 4516643))
	        ->  Bitmap Index Scan on sbtest7_pkey  (cost=0.00..319.38 rows=9894 width=0)
	              Index Cond: ((id >= 4506644) AND (id <= 4516643))

table 8 : explain SELECT c FROM sbtest8 WHERE id BETWEEN 1261181 AND 1271180 ORDER BY c
	Sort  (cost=33495.95..33519.43 rows=9391 width=121)
	  Sort Key: c
	  ->  Bitmap Heap Scan on sbtest8  (cost=304.69..32876.28 rows=9391 width=121)
	        Recheck Cond: ((id >= 1261181) AND (id <= 1271180))
	        ->  Bitmap Index Scan on sbtest8_pkey  (cost=0.00..302.34 rows=9391 width=0)
	              Index Cond: ((id >= 1261181) AND (id <= 1271180))

for: order_ranges
table 1 : explain SELECT c FROM sbtest1 WHERE id BETWEEN 8069601 AND 8079600 ORDER BY c
	Sort  (cost=34512.72..34537.16 rows=9778 width=121)
	  Sort Key: c
	  ->  Bitmap Heap Scan on sbtest1  (cost=316.66..33864.67 rows=9778 width=121)
	        Recheck Cond: ((id >= 8069601) AND (id <= 8079600))
	        ->  Bitmap Index Scan on sbtest1_pkey  (cost=0.00..314.21 rows=9778 width=0)
	              Index Cond: ((id >= 8069601) AND (id <= 8079600))

table 2 : explain SELECT c FROM sbtest2 WHERE id BETWEEN 9111502 AND 9121501 ORDER BY c
	Sort  (cost=35528.73..35553.84 rows=10046 width=121)
	  Sort Key: c
	  ->  Bitmap Heap Scan on sbtest2  (cost=327.41..34860.95 rows=10046 width=121)
	        Recheck Cond: ((id >= 9111502) AND (id <= 9121501))
	        ->  Bitmap Index Scan on sbtest2_pkey  (cost=0.00..324.90 rows=10046 width=0)
	              Index Cond: ((id >= 9111502) AND (id <= 9121501))

table 3 : explain SELECT c FROM sbtest3 WHERE id BETWEEN 4738575 AND 4748574 ORDER BY c
	Sort  (cost=35576.71..35601.89 rows=10071 width=121)
	  Sort Key: c
	  ->  Bitmap Heap Scan on sbtest3  (cost=327.66..34907.10 rows=10071 width=121)
	        Recheck Cond: ((id >= 4738575) AND (id <= 4748574))
	        ->  Bitmap Index Scan on sbtest3_pkey  (cost=0.00..325.15 rows=10071 width=0)
	              Index Cond: ((id >= 4738575) AND (id <= 4748574))

table 4 : explain SELECT c FROM sbtest4 WHERE id BETWEEN 9156202 AND 9166201 ORDER BY c
	Sort  (cost=39902.97..39931.41 rows=11375 width=121)
	  Sort Key: c
	  ->  Bitmap Heap Scan on sbtest4  (cost=369.03..39136.66 rows=11375 width=121)
	        Recheck Cond: ((id >= 9156202) AND (id <= 9166201))
	        ->  Bitmap Index Scan on sbtest4_pkey  (cost=0.00..366.19 rows=11375 width=0)
	              Index Cond: ((id >= 9156202) AND (id <= 9166201))

table 5 : explain SELECT c FROM sbtest5 WHERE id BETWEEN 8972015 AND 8982014 ORDER BY c
	Sort  (cost=36107.34..36132.84 rows=10198 width=121)
	  Sort Key: c
	  ->  Bitmap Heap Scan on sbtest5  (cost=328.96..35428.36 rows=10198 width=121)
	        Recheck Cond: ((id >= 8972015) AND (id <= 8982014))
	        ->  Bitmap Index Scan on sbtest5_pkey  (cost=0.00..326.42 rows=10198 width=0)
	              Index Cond: ((id >= 8972015) AND (id <= 8982014))

table 6 : explain SELECT c FROM sbtest6 WHERE id BETWEEN 893065 AND 903064 ORDER BY c
	Sort  (cost=33965.34..33989.18 rows=9535 width=121)
	  Sort Key: c
	  ->  Bitmap Heap Scan on sbtest6  (cost=310.17..33335.13 rows=9535 width=121)
	        Recheck Cond: ((id >= 893065) AND (id <= 903064))
	        ->  Bitmap Index Scan on sbtest6_pkey  (cost=0.00..307.79 rows=9535 width=0)
	              Index Cond: ((id >= 893065) AND (id <= 903064))

table 7 : explain SELECT c FROM sbtest7 WHERE id BETWEEN 1937923 AND 1947922 ORDER BY c
	Sort  (cost=33642.34..33665.93 rows=9435 width=121)
	  Sort Key: c
	  ->  Bitmap Heap Scan on sbtest7  (cost=305.14..33019.45 rows=9435 width=121)
	        Recheck Cond: ((id >= 1937923) AND (id <= 1947922))
	        ->  Bitmap Index Scan on sbtest7_pkey  (cost=0.00..302.79 rows=9435 width=0)
	              Index Cond: ((id >= 1937923) AND (id <= 1947922))

table 8 : explain SELECT c FROM sbtest8 WHERE id BETWEEN 2594743 AND 2604742 ORDER BY c
	Sort  (cost=33965.71..33989.54 rows=9534 width=121)
	  Sort Key: c
	  ->  Bitmap Heap Scan on sbtest8  (cost=310.16..33335.56 rows=9534 width=121)
	        Recheck Cond: ((id >= 2594743) AND (id <= 2604742))
	        ->  Bitmap Index Scan on sbtest8_pkey  (cost=0.00..307.78 rows=9534 width=0)
	              Index Cond: ((id >= 2594743) AND (id <= 2604742))

for: order_ranges
table 1 : explain SELECT c FROM sbtest1 WHERE id BETWEEN 5176939 AND 5186938 ORDER BY c
	Sort  (cost=34002.30..34026.35 rows=9620 width=121)
	  Sort Key: c
	  ->  Bitmap Heap Scan on sbtest1  (cost=311.04..33365.85 rows=9620 width=121)
	        Recheck Cond: ((id >= 5176939) AND (id <= 5186938))
	        ->  Bitmap Index Scan on sbtest1_pkey  (cost=0.00..308.63 rows=9620 width=0)
	              Index Cond: ((id >= 5176939) AND (id <= 5186938))

table 2 : explain SELECT c FROM sbtest2 WHERE id BETWEEN 162202 AND 172201 ORDER BY c
	Sort  (cost=33393.01..33416.49 rows=9390 width=121)
	  Sort Key: c
	  ->  Bitmap Heap Scan on sbtest2  (cost=304.68..32773.42 rows=9390 width=121)
	        Recheck Cond: ((id >= 162202) AND (id <= 172201))
	        ->  Bitmap Index Scan on sbtest2_pkey  (cost=0.00..302.33 rows=9390 width=0)
	              Index Cond: ((id >= 162202) AND (id <= 172201))

table 3 : explain SELECT c FROM sbtest3 WHERE id BETWEEN 7716146 AND 7726145 ORDER BY c
	Sort  (cost=32912.76..32935.89 rows=9252 width=121)
	  Sort Key: c
	  ->  Bitmap Heap Scan on sbtest3  (cost=299.27..32303.26 rows=9252 width=121)
	        Recheck Cond: ((id >= 7716146) AND (id <= 7726145))
	        ->  Bitmap Index Scan on sbtest3_pkey  (cost=0.00..296.95 rows=9252 width=0)
	              Index Cond: ((id >= 7716146) AND (id <= 7726145))

table 4 : explain SELECT c FROM sbtest4 WHERE id BETWEEN 4587087 AND 4597086 ORDER BY c
	Sort  (cost=34475.99..34500.22 rows=9694 width=121)
	  Sort Key: c
	  ->  Bitmap Heap Scan on sbtest4  (cost=315.80..33834.11 rows=9694 width=121)
	        Recheck Cond: ((id >= 4587087) AND (id <= 4597086))
	        ->  Bitmap Index Scan on sbtest4_pkey  (cost=0.00..313.38 rows=9694 width=0)
	              Index Cond: ((id >= 4587087) AND (id <= 4597086))

table 5 : explain SELECT c FROM sbtest5 WHERE id BETWEEN 2589065 AND 2599064 ORDER BY c
	Sort  (cost=35295.36..35320.23 rows=9948 width=121)
	  Sort Key: c
	  ->  Bitmap Heap Scan on sbtest5  (cost=322.40..34634.80 rows=9948 width=121)
	        Recheck Cond: ((id >= 2589065) AND (id <= 2599064))
	        ->  Bitmap Index Scan on sbtest5_pkey  (cost=0.00..319.92 rows=9948 width=0)
	              Index Cond: ((id >= 2589065) AND (id <= 2599064))

table 6 : explain SELECT c FROM sbtest6 WHERE id BETWEEN 8140216 AND 8150215 ORDER BY c
	Sort  (cost=34109.32..34133.27 rows=9580 width=121)
	  Sort Key: c
	  ->  Bitmap Heap Scan on sbtest6  (cost=310.63..33475.80 rows=9580 width=121)
	        Recheck Cond: ((id >= 8140216) AND (id <= 8150215))
	        ->  Bitmap Index Scan on sbtest6_pkey  (cost=0.00..308.24 rows=9580 width=0)
	              Index Cond: ((id >= 8140216) AND (id <= 8150215))

table 7 : explain SELECT c FROM sbtest7 WHERE id BETWEEN 5941916 AND 5951915 ORDER BY c
	Sort  (cost=33904.32..33928.10 rows=9514 width=121)
	  Sort Key: c
	  ->  Bitmap Heap Scan on sbtest7  (cost=309.95..33275.64 rows=9514 width=121)
	        Recheck Cond: ((id >= 5941916) AND (id <= 5951915))
	        ->  Bitmap Index Scan on sbtest7_pkey  (cost=0.00..307.57 rows=9514 width=0)
	              Index Cond: ((id >= 5941916) AND (id <= 5951915))

table 8 : explain SELECT c FROM sbtest8 WHERE id BETWEEN 477776 AND 487775 ORDER BY c
	Sort  (cost=33391.96..33415.36 rows=9359 width=121)
	  Sort Key: c
	  ->  Bitmap Heap Scan on sbtest8  (cost=304.36..32774.63 rows=9359 width=121)
	        Recheck Cond: ((id >= 477776) AND (id <= 487775))
	        ->  Bitmap Index Scan on sbtest8_pkey  (cost=0.00..302.03 rows=9359 width=0)
	              Index Cond: ((id >= 477776) AND (id <= 487775))

for: order_ranges
table 1 : explain SELECT c FROM sbtest1 WHERE id BETWEEN 8158947 AND 8168946 ORDER BY c
	Sort  (cost=34221.55..34245.77 rows=9687 width=121)
	  Sort Key: c
	  ->  Bitmap Heap Scan on sbtest1  (cost=315.73..33580.18 rows=9687 width=121)
	        Recheck Cond: ((id >= 8158947) AND (id <= 8168946))
	        ->  Bitmap Index Scan on sbtest1_pkey  (cost=0.00..313.31 rows=9687 width=0)
	              Index Cond: ((id >= 8158947) AND (id <= 8168946))

table 2 : explain SELECT c FROM sbtest2 WHERE id BETWEEN 656431 AND 666430 ORDER BY c
	Sort  (cost=34564.31..34588.69 rows=9749 width=121)
	  Sort Key: c
	  ->  Bitmap Heap Scan on sbtest2  (cost=316.36..33918.39 rows=9749 width=121)
	        Recheck Cond: ((id >= 656431) AND (id <= 666430))
	        ->  Bitmap Index Scan on sbtest2_pkey  (cost=0.00..313.93 rows=9749 width=0)
	              Index Cond: ((id >= 656431) AND (id <= 666430))

table 3 : explain SELECT c FROM sbtest3 WHERE id BETWEEN 6532723 AND 6542722 ORDER BY c
	Sort  (cost=35191.86..35216.74 rows=9953 width=121)
	  Sort Key: c
	  ->  Bitmap Heap Scan on sbtest3  (cost=322.45..34530.93 rows=9953 width=121)
	        Recheck Cond: ((id >= 6532723) AND (id <= 6542722))
	        ->  Bitmap Index Scan on sbtest3_pkey  (cost=0.00..319.96 rows=9953 width=0)
	              Index Cond: ((id >= 6532723) AND (id <= 6542722))

table 4 : explain SELECT c FROM sbtest4 WHERE id BETWEEN 4131564 AND 4141563 ORDER BY c
	Sort  (cost=39074.75..39102.54 rows=11116 width=121)
	  Sort Key: c
	  ->  Bitmap Heap Scan on sbtest4  (cost=362.37..38327.73 rows=11116 width=121)
	        Recheck Cond: ((id >= 4131564) AND (id <= 4141563))
	        ->  Bitmap Index Scan on sbtest4_pkey  (cost=0.00..359.59 rows=11116 width=0)
	              Index Cond: ((id >= 4131564) AND (id <= 4141563))

table 5 : explain SELECT c FROM sbtest5 WHERE id BETWEEN 9236359 AND 9246358 ORDER BY c
	Sort  (cost=37504.04..37530.61 rows=10629 width=121)
	  Sort Key: c
	  ->  Bitmap Heap Scan on sbtest5  (cost=345.38..36793.19 rows=10629 width=121)
	        Recheck Cond: ((id >= 9236359) AND (id <= 9246358))
	        ->  Bitmap Index Scan on sbtest5_pkey  (cost=0.00..342.73 rows=10629 width=0)
	              Index Cond: ((id >= 9236359) AND (id <= 9246358))

table 6 : explain SELECT c FROM sbtest6 WHERE id BETWEEN 1443735 AND 1453734 ORDER BY c
	Sort  (cost=35669.51..35694.65 rows=10057 width=121)
	  Sort Key: c
	  ->  Bitmap Heap Scan on sbtest6  (cost=327.52..35000.92 rows=10057 width=121)
	        Recheck Cond: ((id >= 1443735) AND (id <= 1453734))
	        ->  Bitmap Index Scan on sbtest6_pkey  (cost=0.00..325.00 rows=10057 width=0)
	              Index Cond: ((id >= 1443735) AND (id <= 1453734))

table 7 : explain SELECT c FROM sbtest7 WHERE id BETWEEN 7220708 AND 7230707 ORDER BY c
	Sort  (cost=32381.29..32403.92 rows=9052 width=121)
	  Sort Key: c
	  ->  Bitmap Heap Scan on sbtest7  (cost=293.22..31786.39 rows=9052 width=121)
	        Recheck Cond: ((id >= 7220708) AND (id <= 7230707))
	        ->  Bitmap Index Scan on sbtest7_pkey  (cost=0.00..290.95 rows=9052 width=0)
	              Index Cond: ((id >= 7220708) AND (id <= 7230707))

table 8 : explain SELECT c FROM sbtest8 WHERE id BETWEEN 7952749 AND 7962748 ORDER BY c
	Sort  (cost=33653.49..33677.08 rows=9439 width=121)
	  Sort Key: c
	  ->  Bitmap Heap Scan on sbtest8  (cost=305.18..33030.30 rows=9439 width=121)
	        Recheck Cond: ((id >= 7952749) AND (id <= 7962748))
	        ->  Bitmap Index Scan on sbtest8_pkey  (cost=0.00..302.82 rows=9439 width=0)
	              Index Cond: ((id >= 7952749) AND (id <= 7962748))

for: sum_ranges
table 1 : explain SELECT SUM(k) FROM sbtest1 WHERE id BETWEEN 8523706 AND 8533705
	Aggregate  (cost=34054.75..34054.76 rows=1 width=8)
	  ->  Bitmap Heap Scan on sbtest1  (cost=321.19..34030.17 rows=9830 width=4)
	        Recheck Cond: ((id >= 8523706) AND (id <= 8533705))
	        ->  Bitmap Index Scan on sbtest1_pkey  (cost=0.00..318.74 rows=9830 width=0)
	              Index Cond: ((id >= 8523706) AND (id <= 8533705))

table 2 : explain SELECT SUM(k) FROM sbtest2 WHERE id BETWEEN 3461042 AND 3471041
	Aggregate  (cost=33378.60..33378.61 rows=1 width=8)
	  ->  Bitmap Heap Scan on sbtest2  (cost=310.55..33354.67 rows=9572 width=4)
	        Recheck Cond: ((id >= 3461042) AND (id <= 3471041))
	        ->  Bitmap Index Scan on sbtest2_pkey  (cost=0.00..308.16 rows=9572 width=0)
	              Index Cond: ((id >= 3461042) AND (id <= 3471041))

table 3 : explain SELECT SUM(k) FROM sbtest3 WHERE id BETWEEN 4655620 AND 4665619
	Aggregate  (cost=35850.68..35850.69 rows=1 width=8)
	  ->  Bitmap Heap Scan on sbtest3  (cost=334.67..35824.77 rows=10364 width=4)
	        Recheck Cond: ((id >= 4655620) AND (id <= 4665619))
	        ->  Bitmap Index Scan on sbtest3_pkey  (cost=0.00..332.07 rows=10364 width=0)
	              Index Cond: ((id >= 4655620) AND (id <= 4665619))

table 4 : explain SELECT SUM(k) FROM sbtest4 WHERE id BETWEEN 7027170 AND 7037169
	Aggregate  (cost=32326.10..32326.11 rows=1 width=8)
	  ->  Bitmap Heap Scan on sbtest4  (cost=298.91..32303.06 rows=9217 width=4)
	        Recheck Cond: ((id >= 7027170) AND (id <= 7037169))
	        ->  Bitmap Index Scan on sbtest4_pkey  (cost=0.00..296.61 rows=9217 width=0)
	              Index Cond: ((id >= 7027170) AND (id <= 7037169))

table 5 : explain SELECT SUM(k) FROM sbtest5 WHERE id BETWEEN 7599624 AND 7609623
	Aggregate  (cost=31837.42..31837.43 rows=1 width=8)
	  ->  Bitmap Heap Scan on sbtest5  (cost=293.37..31814.75 rows=9067 width=4)
	        Recheck Cond: ((id >= 7599624) AND (id <= 7609623))
	        ->  Bitmap Index Scan on sbtest5_pkey  (cost=0.00..291.11 rows=9067 width=0)
	              Index Cond: ((id >= 7599624) AND (id <= 7609623))

table 6 : explain SELECT SUM(k) FROM sbtest6 WHERE id BETWEEN 654003 AND 664002
	Aggregate  (cost=35637.99..35638.00 rows=1 width=8)
	  ->  Bitmap Heap Scan on sbtest6  (cost=333.50..35612.36 rows=10250 width=4)
	        Recheck Cond: ((id >= 654003) AND (id <= 664002))
	        ->  Bitmap Index Scan on sbtest6_pkey  (cost=0.00..330.94 rows=10250 width=0)
	              Index Cond: ((id >= 654003) AND (id <= 664002))

table 7 : explain SELECT SUM(k) FROM sbtest7 WHERE id BETWEEN 6905278 AND 6915277
	Aggregate  (cost=35953.07..35953.08 rows=1 width=8)
	  ->  Bitmap Heap Scan on sbtest7  (cost=334.50..35927.20 rows=10348 width=4)
	        Recheck Cond: ((id >= 6905278) AND (id <= 6915277))
	        ->  Bitmap Index Scan on sbtest7_pkey  (cost=0.00..331.92 rows=10348 width=0)
	              Index Cond: ((id >= 6905278) AND (id <= 6915277))

table 8 : explain SELECT SUM(k) FROM sbtest8 WHERE id BETWEEN 8733360 AND 8743359
	Aggregate  (cost=35261.09..35261.10 rows=1 width=8)
	  ->  Bitmap Heap Scan on sbtest8  (cost=328.27..35235.76 rows=10130 width=4)
	        Recheck Cond: ((id >= 8733360) AND (id <= 8743359))
	        ->  Bitmap Index Scan on sbtest8_pkey  (cost=0.00..325.74 rows=10130 width=0)
	              Index Cond: ((id >= 8733360) AND (id <= 8743359))

for point_selects
table 1 : explain SELECT c FROM sbtest1 WHERE id=5640554
	Index Scan using sbtest1_pkey on sbtest1  (cost=0.43..8.45 rows=1 width=121)
	  Index Cond: (id = 5640554)

table 2 : explain SELECT c FROM sbtest2 WHERE id=6970842
	Index Scan using sbtest2_pkey on sbtest2  (cost=0.43..8.45 rows=1 width=121)
	  Index Cond: (id = 6970842)

table 3 : explain SELECT c FROM sbtest3 WHERE id=1756902
	Index Scan using sbtest3_pkey on sbtest3  (cost=0.43..8.45 rows=1 width=121)
	  Index Cond: (id = 1756902)

table 4 : explain SELECT c FROM sbtest4 WHERE id=8518272
	Index Scan using sbtest4_pkey on sbtest4  (cost=0.43..8.45 rows=1 width=121)
	  Index Cond: (id = 8518272)

table 5 : explain SELECT c FROM sbtest5 WHERE id=140979
	Index Scan using sbtest5_pkey on sbtest5  (cost=0.43..8.45 rows=1 width=121)
	  Index Cond: (id = 140979)

table 6 : explain SELECT c FROM sbtest6 WHERE id=6449569
	Index Scan using sbtest6_pkey on sbtest6  (cost=0.43..8.45 rows=1 width=121)
	  Index Cond: (id = 6449569)

table 7 : explain SELECT c FROM sbtest7 WHERE id=6658300
	Index Scan using sbtest7_pkey on sbtest7  (cost=0.43..8.45 rows=1 width=121)
	  Index Cond: (id = 6658300)

table 8 : explain SELECT c FROM sbtest8 WHERE id=9057749
	Index Scan using sbtest8_pkey on sbtest8  (cost=0.43..8.45 rows=1 width=121)
	  Index Cond: (id = 9057749)

for: distinct_ranges
table 1 : explain SELECT DISTINCT c FROM sbtest1 WHERE id BETWEEN 8684133 AND 8694132 ORDER BY c
	Unique  (cost=33587.86..33635.31 rows=9491 width=121)
	  ->  Sort  (cost=33587.86..33611.58 rows=9491 width=121)
	        Sort Key: c
	        ->  Bitmap Heap Scan on sbtest1  (cost=309.72..32960.86 rows=9491 width=121)
	              Recheck Cond: ((id >= 8684133) AND (id <= 8694132))
	              ->  Bitmap Index Scan on sbtest1_pkey  (cost=0.00..307.34 rows=9491 width=0)
	                    Index Cond: ((id >= 8684133) AND (id <= 8694132))

table 2 : explain SELECT DISTINCT c FROM sbtest2 WHERE id BETWEEN 6874879 AND 6884878 ORDER BY c
	Unique  (cost=34876.84..34926.07 rows=9846 width=121)
	  ->  Sort  (cost=34876.84..34901.46 rows=9846 width=121)
	        Sort Key: c
	        ->  Bitmap Heap Scan on sbtest2  (cost=317.36..34223.79 rows=9846 width=121)
	              Recheck Cond: ((id >= 6874879) AND (id <= 6884878))
	              ->  Bitmap Index Scan on sbtest2_pkey  (cost=0.00..314.90 rows=9846 width=0)
	                    Index Cond: ((id >= 6874879) AND (id <= 6884878))

table 3 : explain SELECT DISTINCT c FROM sbtest3 WHERE id BETWEEN 7590373 AND 7600372 ORDER BY c
	Unique  (cost=34949.82..34999.21 rows=9878 width=121)
	  ->  Sort  (cost=34949.82..34974.51 rows=9878 width=121)
	        Sort Key: c
	        ->  Bitmap Heap Scan on sbtest3  (cost=321.68..34294.41 rows=9878 width=121)
	              Recheck Cond: ((id >= 7590373) AND (id <= 7600372))
	              ->  Bitmap Index Scan on sbtest3_pkey  (cost=0.00..319.21 rows=9878 width=0)
	                    Index Cond: ((id >= 7590373) AND (id <= 7600372))

table 4 : explain SELECT DISTINCT c FROM sbtest4 WHERE id BETWEEN 2390671 AND 2400670 ORDER BY c
	Unique  (cost=33688.76..33736.04 rows=9455 width=121)
	  ->  Sort  (cost=33688.76..33712.40 rows=9455 width=121)
	        Sort Key: c
	        ->  Bitmap Heap Scan on sbtest4  (cost=305.35..33064.41 rows=9455 width=121)
	              Recheck Cond: ((id >= 2390671) AND (id <= 2400670))
	              ->  Bitmap Index Scan on sbtest4_pkey  (cost=0.00..302.99 rows=9455 width=0)
	                    Index Cond: ((id >= 2390671) AND (id <= 2400670))

table 5 : explain SELECT DISTINCT c FROM sbtest5 WHERE id BETWEEN 2670212 AND 2680211 ORDER BY c
	Unique  (cost=35048.87..35098.23 rows=9872 width=121)
	  ->  Sort  (cost=35048.87..35073.55 rows=9872 width=121)
	        Sort Key: c
	        ->  Bitmap Heap Scan on sbtest5  (cost=321.62..34393.90 rows=9872 width=121)
	              Recheck Cond: ((id >= 2670212) AND (id <= 2680211))
	              ->  Bitmap Index Scan on sbtest5_pkey  (cost=0.00..319.16 rows=9872 width=0)
	                    Index Cond: ((id >= 2670212) AND (id <= 2680211))

table 6 : explain SELECT DISTINCT c FROM sbtest6 WHERE id BETWEEN 1563821 AND 1573820 ORDER BY c
	Unique  (cost=36394.80..36446.20 rows=10281 width=121)
	  ->  Sort  (cost=36394.80..36420.50 rows=10281 width=121)
	        Sort Key: c
	        ->  Bitmap Heap Scan on sbtest6  (cost=333.82..35709.69 rows=10281 width=121)
	              Recheck Cond: ((id >= 1563821) AND (id <= 1573820))
	              ->  Bitmap Index Scan on sbtest6_pkey  (cost=0.00..331.25 rows=10281 width=0)
	                    Index Cond: ((id >= 1563821) AND (id <= 1573820))

table 7 : explain SELECT DISTINCT c FROM sbtest7 WHERE id BETWEEN 2680425 AND 2690424 ORDER BY c
	Unique  (cost=35832.36..35882.89 rows=10105 width=121)
	  ->  Sort  (cost=35832.36..35857.63 rows=10105 width=121)
	        Sort Key: c
	        ->  Bitmap Heap Scan on sbtest7  (cost=328.01..35160.24 rows=10105 width=121)
	              Recheck Cond: ((id >= 2680425) AND (id <= 2690424))
	              ->  Bitmap Index Scan on sbtest7_pkey  (cost=0.00..325.49 rows=10105 width=0)
	                    Index Cond: ((id >= 2680425) AND (id <= 2690424))

table 8 : explain SELECT DISTINCT c FROM sbtest8 WHERE id BETWEEN 5558087 AND 5568086 ORDER BY c
	Unique  (cost=33187.32..33233.81 rows=9297 width=121)
	  ->  Sort  (cost=33187.32..33210.57 rows=9297 width=121)
	        Sort Key: c
	        ->  Bitmap Heap Scan on sbtest8  (cost=303.73..32574.53 rows=9297 width=121)
	              Recheck Cond: ((id >= 5558087) AND (id <= 5568086))
	              ->  Bitmap Index Scan on sbtest8_pkey  (cost=0.00..301.41 rows=9297 width=0)
	                    Index Cond: ((id >= 5558087) AND (id <= 5568086))

for: distinct_ranges
table 1 : explain SELECT DISTINCT c FROM sbtest1 WHERE id BETWEEN 354578 AND 364577 ORDER BY c
	Unique  (cost=37145.84..37198.84 rows=10599 width=121)
	  ->  Sort  (cost=37145.84..37172.34 rows=10599 width=121)
	        Sort Key: c
	        ->  Bitmap Heap Scan on sbtest1  (cost=345.07..36437.21 rows=10599 width=121)
	              Recheck Cond: ((id >= 354578) AND (id <= 364577))
	              ->  Bitmap Index Scan on sbtest1_pkey  (cost=0.00..342.43 rows=10599 width=0)
	                    Index Cond: ((id >= 354578) AND (id <= 364577))

table 2 : explain SELECT DISTINCT c FROM sbtest2 WHERE id BETWEEN 3624864 AND 3634863 ORDER BY c
	Unique  (cost=34893.44..34942.70 rows=9851 width=121)
	  ->  Sort  (cost=34893.44..34918.07 rows=9851 width=121)
	        Sort Key: c
	        ->  Bitmap Heap Scan on sbtest2  (cost=317.41..34240.02 rows=9851 width=121)
	              Recheck Cond: ((id >= 3624864) AND (id <= 3634863))
	              ->  Bitmap Index Scan on sbtest2_pkey  (cost=0.00..314.94 rows=9851 width=0)
	                    Index Cond: ((id >= 3624864) AND (id <= 3634863))

table 3 : explain SELECT DISTINCT c FROM sbtest3 WHERE id BETWEEN 5895026 AND 5905025 ORDER BY c
	Unique  (cost=35927.43..35978.33 rows=10181 width=121)
	  ->  Sort  (cost=35927.43..35952.88 rows=10181 width=121)
	        Sort Key: c
	        ->  Bitmap Heap Scan on sbtest3  (cost=328.79..35249.70 rows=10181 width=121)
	              Recheck Cond: ((id >= 5895026) AND (id <= 5905025))
	              ->  Bitmap Index Scan on sbtest3_pkey  (cost=0.00..326.25 rows=10181 width=0)
	                    Index Cond: ((id >= 5895026) AND (id <= 5905025))

table 4 : explain SELECT DISTINCT c FROM sbtest4 WHERE id BETWEEN 7769113 AND 7779112 ORDER BY c
	Unique  (cost=31997.85..32042.55 rows=8940 width=121)
	  ->  Sort  (cost=31997.85..32020.20 rows=8940 width=121)
	        Sort Key: c
	        ->  Bitmap Heap Scan on sbtest4  (cost=292.07..31411.12 rows=8940 width=121)
	              Recheck Cond: ((id >= 7769113) AND (id <= 7779112))
	              ->  Bitmap Index Scan on sbtest4_pkey  (cost=0.00..289.83 rows=8940 width=0)
	                    Index Cond: ((id >= 7769113) AND (id <= 7779112))

table 5 : explain SELECT DISTINCT c FROM sbtest5 WHERE id BETWEEN 7254773 AND 7264772 ORDER BY c
	Unique  (cost=34012.58..34060.35 rows=9555 width=121)
	  ->  Sort  (cost=34012.58..34036.46 rows=9555 width=121)
	        Sort Key: c
	        ->  Bitmap Heap Scan on sbtest5  (cost=310.37..33380.89 rows=9555 width=121)
	              Recheck Cond: ((id >= 7254773) AND (id <= 7264772))
	              ->  Bitmap Index Scan on sbtest5_pkey  (cost=0.00..307.99 rows=9555 width=0)
	                    Index Cond: ((id >= 7254773) AND (id <= 7264772))

table 6 : explain SELECT DISTINCT c FROM sbtest6 WHERE id BETWEEN 9883786 AND 9893785 ORDER BY c
	Unique  (cost=36590.61..36642.32 rows=10342 width=121)
	  ->  Sort  (cost=36590.61..36616.47 rows=10342 width=121)
	        Sort Key: c
	        ->  Bitmap Heap Scan on sbtest6  (cost=334.44..35901.00 rows=10342 width=121)
	              Recheck Cond: ((id >= 9883786) AND (id <= 9893785))
	              ->  Bitmap Index Scan on sbtest6_pkey  (cost=0.00..331.86 rows=10342 width=0)
	                    Index Cond: ((id >= 9883786) AND (id <= 9893785))

table 7 : explain SELECT DISTINCT c FROM sbtest7 WHERE id BETWEEN 7661686 AND 7671685 ORDER BY c
	Unique  (cost=33417.65..33464.48 rows=9366 width=121)
	  ->  Sort  (cost=33417.65..33441.07 rows=9366 width=121)
	        Sort Key: c
	        ->  Bitmap Heap Scan on sbtest7  (cost=304.44..32799.81 rows=9366 width=121)
	              Recheck Cond: ((id >= 7661686) AND (id <= 7671685))
	              ->  Bitmap Index Scan on sbtest7_pkey  (cost=0.00..302.09 rows=9366 width=0)
	                    Index Cond: ((id >= 7661686) AND (id <= 7671685))

table 8 : explain SELECT DISTINCT c FROM sbtest8 WHERE id BETWEEN 652686 AND 662685 ORDER BY c
	Unique  (cost=35063.15..35112.50 rows=9870 width=121)
	  ->  Sort  (cost=35063.15..35087.82 rows=9870 width=121)
	        Sort Key: c
	        ->  Bitmap Heap Scan on sbtest8  (cost=321.60..34408.33 rows=9870 width=121)
	              Recheck Cond: ((id >= 652686) AND (id <= 662685))
	              ->  Bitmap Index Scan on sbtest8_pkey  (cost=0.00..319.13 rows=9870 width=0)
	                    Index Cond: ((id >= 652686) AND (id <= 662685))

for: order_ranges
table 1 : explain SELECT c FROM sbtest1 WHERE id BETWEEN 6173250 AND 6183249 ORDER BY c
	Sort  (cost=38068.65..38095.87 rows=10889 width=121)
	  Sort Key: c
	  ->  Bitmap Heap Scan on sbtest1  (cost=352.05..37338.51 rows=10889 width=121)
	        Recheck Cond: ((id >= 6173250) AND (id <= 6183249))
	        ->  Bitmap Index Scan on sbtest1_pkey  (cost=0.00..349.32 rows=10889 width=0)
	              Index Cond: ((id >= 6173250) AND (id <= 6183249))

table 2 : explain SELECT c FROM sbtest2 WHERE id BETWEEN 4032221 AND 4042220 ORDER BY c
	Sort  (cost=34244.11..34268.24 rows=9651 width=121)
	  Sort Key: c
	  ->  Bitmap Heap Scan on sbtest2  (cost=311.36..33605.39 rows=9651 width=121)
	        Recheck Cond: ((id >= 4032221) AND (id <= 4042220))
	        ->  Bitmap Index Scan on sbtest2_pkey  (cost=0.00..308.94 rows=9651 width=0)
	              Index Cond: ((id >= 4032221) AND (id <= 4042220))

table 3 : explain SELECT c FROM sbtest3 WHERE id BETWEEN 1256339 AND 1266338 ORDER BY c
	Sort  (cost=35115.58..35140.41 rows=9929 width=121)
	  Sort Key: c
	  ->  Bitmap Heap Scan on sbtest3  (cost=322.21..34456.43 rows=9929 width=121)
	        Recheck Cond: ((id >= 1256339) AND (id <= 1266338))
	        ->  Bitmap Index Scan on sbtest3_pkey  (cost=0.00..319.73 rows=9929 width=0)
	              Index Cond: ((id >= 1256339) AND (id <= 1266338))

table 4 : explain SELECT c FROM sbtest4 WHERE id BETWEEN 9785289 AND 9795288 ORDER BY c
	Sort  (cost=34873.23..34897.78 rows=9817 width=121)
	  Sort Key: c
	  ->  Bitmap Heap Scan on sbtest4  (cost=317.06..34222.31 rows=9817 width=121)
	        Recheck Cond: ((id >= 9785289) AND (id <= 9795288))
	        ->  Bitmap Index Scan on sbtest4_pkey  (cost=0.00..314.61 rows=9817 width=0)
	              Index Cond: ((id >= 9785289) AND (id <= 9795288))

table 5 : explain SELECT c FROM sbtest5 WHERE id BETWEEN 678751 AND 688750 ORDER BY c
	Sort  (cost=35272.07..35296.92 rows=9941 width=121)
	  Sort Key: c
	  ->  Bitmap Heap Scan on sbtest5  (cost=322.33..34612.03 rows=9941 width=121)
	        Recheck Cond: ((id >= 678751) AND (id <= 688750))
	        ->  Bitmap Index Scan on sbtest5_pkey  (cost=0.00..319.84 rows=9941 width=0)
	              Index Cond: ((id >= 678751) AND (id <= 688750))

table 6 : explain SELECT c FROM sbtest6 WHERE id BETWEEN 4093599 AND 4103598 ORDER BY c
	Sort  (cost=35782.63..35807.86 rows=10092 width=121)
	  Sort Key: c
	  ->  Bitmap Heap Scan on sbtest6  (cost=327.88..35111.46 rows=10092 width=121)
	        Recheck Cond: ((id >= 4093599) AND (id <= 4103598))
	        ->  Bitmap Index Scan on sbtest6_pkey  (cost=0.00..325.36 rows=10092 width=0)
	              Index Cond: ((id >= 4093599) AND (id <= 4103598))

table 7 : explain SELECT c FROM sbtest7 WHERE id BETWEEN 24757 AND 34756 ORDER BY c
	Sort  (cost=35318.94..35343.81 rows=9948 width=121)
	  Sort Key: c
	  ->  Bitmap Heap Scan on sbtest7  (cost=322.40..34658.38 rows=9948 width=121)
	        Recheck Cond: ((id >= 24757) AND (id <= 34756))
	        ->  Bitmap Index Scan on sbtest7_pkey  (cost=0.00..319.92 rows=9948 width=0)
	              Index Cond: ((id >= 24757) AND (id <= 34756))

table 8 : explain SELECT c FROM sbtest8 WHERE id BETWEEN 5384912 AND 5394911 ORDER BY c
	Sort  (cost=35949.70..35975.06 rows=10143 width=121)
	  Sort Key: c
	  ->  Bitmap Heap Scan on sbtest8  (cost=328.40..35274.77 rows=10143 width=121)
	        Recheck Cond: ((id >= 5384912) AND (id <= 5394911))
	        ->  Bitmap Index Scan on sbtest8_pkey  (cost=0.00..325.87 rows=10143 width=0)
	              Index Cond: ((id >= 5384912) AND (id <= 5394911))

for: distinct_ranges
table 1 : explain SELECT DISTINCT c FROM sbtest1 WHERE id BETWEEN 5655637 AND 5665636 ORDER BY c
	Unique  (cost=35616.38..35666.99 rows=10121 width=121)
	  ->  Sort  (cost=35616.38..35641.68 rows=10121 width=121)
	        Sort Key: c
	        ->  Bitmap Heap Scan on sbtest1  (cost=328.18..34943.08 rows=10121 width=121)
	              Recheck Cond: ((id >= 5655637) AND (id <= 5665636))
	              ->  Bitmap Index Scan on sbtest1_pkey  (cost=0.00..325.65 rows=10121 width=0)
	                    Index Cond: ((id >= 5655637) AND (id <= 5665636))

table 2 : explain SELECT DISTINCT c FROM sbtest2 WHERE id BETWEEN 8732724 AND 8742723 ORDER BY c
	Unique  (cost=32756.93..32802.91 rows=9195 width=121)
	  ->  Sort  (cost=32756.93..32779.92 rows=9195 width=121)
	        Sort Key: c
	        ->  Bitmap Heap Scan on sbtest2  (cost=298.68..32151.59 rows=9195 width=121)
	              Recheck Cond: ((id >= 8732724) AND (id <= 8742723))
	              ->  Bitmap Index Scan on sbtest2_pkey  (cost=0.00..296.38 rows=9195 width=0)
	                    Index Cond: ((id >= 8732724) AND (id <= 8742723))

table 3 : explain SELECT DISTINCT c FROM sbtest3 WHERE id BETWEEN 6051368 AND 6061367 ORDER BY c
	Unique  (cost=34876.11..34925.39 rows=9856 width=121)
	  ->  Sort  (cost=34876.11..34900.75 rows=9856 width=121)
	        Sort Key: c
	        ->  Bitmap Heap Scan on sbtest3  (cost=317.46..34222.32 rows=9856 width=121)
	              Recheck Cond: ((id >= 6051368) AND (id <= 6061367))
	              ->  Bitmap Index Scan on sbtest3_pkey  (cost=0.00..315.00 rows=9856 width=0)
	                    Index Cond: ((id >= 6051368) AND (id <= 6061367))

table 4 : explain SELECT DISTINCT c FROM sbtest4 WHERE id BETWEEN 4770609 AND 4780608 ORDER BY c
	Unique  (cost=31960.72..32005.36 rows=8928 width=121)
	  ->  Sort  (cost=31960.72..31983.04 rows=8928 width=121)
	        Sort Key: c
	        ->  Bitmap Heap Scan on sbtest4  (cost=291.95..31374.86 rows=8928 width=121)
	              Recheck Cond: ((id >= 4770609) AND (id <= 4780608))
	              ->  Bitmap Index Scan on sbtest4_pkey  (cost=0.00..289.71 rows=8928 width=0)
	                    Index Cond: ((id >= 4770609) AND (id <= 4780608))

table 5 : explain SELECT DISTINCT c FROM sbtest5 WHERE id BETWEEN 4681931 AND 4691930 ORDER BY c
	Unique  (cost=33969.03..34016.74 rows=9541 width=121)
	  ->  Sort  (cost=33969.03..33992.88 rows=9541 width=121)
	        Sort Key: c
	        ->  Bitmap Heap Scan on sbtest5  (cost=310.23..33338.37 rows=9541 width=121)
	              Recheck Cond: ((id >= 4681931) AND (id <= 4691930))
	              ->  Bitmap Index Scan on sbtest5_pkey  (cost=0.00..307.84 rows=9541 width=0)
	                    Index Cond: ((id >= 4681931) AND (id <= 4691930))

table 6 : explain SELECT DISTINCT c FROM sbtest6 WHERE id BETWEEN 6557490 AND 6567489 ORDER BY c
	Unique  (cost=38207.16..38261.37 rows=10842 width=121)
	  ->  Sort  (cost=38207.16..38234.27 rows=10842 width=121)
	        Sort Key: c
	        ->  Bitmap Heap Scan on sbtest6  (cost=351.57..37480.51 rows=10842 width=121)
	              Recheck Cond: ((id >= 6557490) AND (id <= 6567489))
	              ->  Bitmap Index Scan on sbtest6_pkey  (cost=0.00..348.86 rows=10842 width=0)
	                    Index Cond: ((id >= 6557490) AND (id <= 6567489))

table 7 : explain SELECT DISTINCT c FROM sbtest7 WHERE id BETWEEN 4321202 AND 4331201 ORDER BY c
	Unique  (cost=33655.74..33702.93 rows=9439 width=121)
	  ->  Sort  (cost=33655.74..33679.34 rows=9439 width=121)
	        Sort Key: c
	        ->  Bitmap Heap Scan on sbtest7  (cost=305.18..33032.56 rows=9439 width=121)
	              Recheck Cond: ((id >= 4321202) AND (id <= 4331201))
	              ->  Bitmap Index Scan on sbtest7_pkey  (cost=0.00..302.82 rows=9439 width=0)
	                    Index Cond: ((id >= 4321202) AND (id <= 4331201))

table 8 : explain SELECT DISTINCT c FROM sbtest8 WHERE id BETWEEN 7850435 AND 7860434 ORDER BY c
	Unique  (cost=36674.34..36726.17 rows=10366 width=121)
	  ->  Sort  (cost=36674.34..36700.26 rows=10366 width=121)
	        Sort Key: c
	        ->  Bitmap Heap Scan on sbtest8  (cost=334.69..35982.95 rows=10366 width=121)
	              Recheck Cond: ((id >= 7850435) AND (id <= 7860434))
	              ->  Bitmap Index Scan on sbtest8_pkey  (cost=0.00..332.09 rows=10366 width=0)
	                    Index Cond: ((id >= 7850435) AND (id <= 7860434))

for: distinct_ranges
table 1 : explain SELECT DISTINCT c FROM sbtest1 WHERE id BETWEEN 1313060 AND 1323059 ORDER BY c
	Unique  (cost=35893.63..35944.67 rows=10207 width=121)
	  ->  Sort  (cost=35893.63..35919.15 rows=10207 width=121)
	        Sort Key: c
	        ->  Bitmap Heap Scan on sbtest1  (cost=333.06..35213.98 rows=10207 width=121)
	              Recheck Cond: ((id >= 1313060) AND (id <= 1323059))
	              ->  Bitmap Index Scan on sbtest1_pkey  (cost=0.00..330.50 rows=10207 width=0)
	                    Index Cond: ((id >= 1313060) AND (id <= 1323059))

table 2 : explain SELECT DISTINCT c FROM sbtest2 WHERE id BETWEEN 5608971 AND 5618970 ORDER BY c
	Unique  (cost=35879.89..35930.67 rows=10155 width=121)
	  ->  Sort  (cost=35879.89..35905.28 rows=10155 width=121)
	        Sort Key: c
	        ->  Bitmap Heap Scan on sbtest2  (cost=328.52..35204.08 rows=10155 width=121)
	              Recheck Cond: ((id >= 5608971) AND (id <= 5618970))
	              ->  Bitmap Index Scan on sbtest2_pkey  (cost=0.00..325.99 rows=10155 width=0)
	                    Index Cond: ((id >= 5608971) AND (id <= 5618970))

table 3 : explain SELECT DISTINCT c FROM sbtest3 WHERE id BETWEEN 7820926 AND 7830925 ORDER BY c
	Unique  (cost=36248.62..36300.02 rows=10280 width=121)
	  ->  Sort  (cost=36248.62..36274.32 rows=10280 width=121)
	        Sort Key: c
	        ->  Bitmap Heap Scan on sbtest3  (cost=333.81..35563.58 rows=10280 width=121)
	              Recheck Cond: ((id >= 7820926) AND (id <= 7830925))
	              ->  Bitmap Index Scan on sbtest3_pkey  (cost=0.00..331.24 rows=10280 width=0)
	                    Index Cond: ((id >= 7820926) AND (id <= 7830925))

table 4 : explain SELECT DISTINCT c FROM sbtest4 WHERE id BETWEEN 7680600 AND 7690599 ORDER BY c
	Unique  (cost=37566.01..37619.24 rows=10647 width=121)
	  ->  Sort  (cost=37566.01..37592.63 rows=10647 width=121)
	        Sort Key: c
	        ->  Bitmap Heap Scan on sbtest4  (cost=345.57..36853.82 rows=10647 width=121)
	              Recheck Cond: ((id >= 7680600) AND (id <= 7690599))
	              ->  Bitmap Index Scan on sbtest4_pkey  (cost=0.00..342.91 rows=10647 width=0)
	                    Index Cond: ((id >= 7680600) AND (id <= 7690599))

table 5 : explain SELECT DISTINCT c FROM sbtest5 WHERE id BETWEEN 615640 AND 625639 ORDER BY c
	Unique  (cost=35272.07..35321.77 rows=9941 width=121)
	  ->  Sort  (cost=35272.07..35296.92 rows=9941 width=121)
	        Sort Key: c
	        ->  Bitmap Heap Scan on sbtest5  (cost=322.33..34612.03 rows=9941 width=121)
	              Recheck Cond: ((id >= 615640) AND (id <= 625639))
	              ->  Bitmap Index Scan on sbtest5_pkey  (cost=0.00..319.84 rows=9941 width=0)
	                    Index Cond: ((id >= 615640) AND (id <= 625639))

table 6 : explain SELECT DISTINCT c FROM sbtest6 WHERE id BETWEEN 2400360 AND 2410359 ORDER BY c
	Unique  (cost=33139.41..33185.83 rows=9284 width=121)
	  ->  Sort  (cost=33139.41..33162.62 rows=9284 width=121)
	        Sort Key: c
	        ->  Bitmap Heap Scan on sbtest6  (cost=299.60..32527.57 rows=9284 width=121)
	              Recheck Cond: ((id >= 2400360) AND (id <= 2410359))
	              ->  Bitmap Index Scan on sbtest6_pkey  (cost=0.00..297.28 rows=9284 width=0)
	                    Index Cond: ((id >= 2400360) AND (id <= 2410359))

table 7 : explain SELECT DISTINCT c FROM sbtest7 WHERE id BETWEEN 4484545 AND 4494544 ORDER BY c
	Unique  (cost=35145.53..35195.00 rows=9894 width=121)
	  ->  Sort  (cost=35145.53..35170.27 rows=9894 width=121)
	        Sort Key: c
	        ->  Bitmap Heap Scan on sbtest7  (cost=321.85..34488.95 rows=9894 width=121)
	              Recheck Cond: ((id >= 4484545) AND (id <= 4494544))
	              ->  Bitmap Index Scan on sbtest7_pkey  (cost=0.00..319.38 rows=9894 width=0)
	                    Index Cond: ((id >= 4484545) AND (id <= 4494544))

table 8 : explain SELECT DISTINCT c FROM sbtest8 WHERE id BETWEEN 2424832 AND 2434831 ORDER BY c
	Unique  (cost=33331.62..33378.33 rows=9341 width=121)
	  ->  Sort  (cost=33331.62..33354.97 rows=9341 width=121)
	        Sort Key: c
	        ->  Bitmap Heap Scan on sbtest8  (cost=304.18..32715.61 rows=9341 width=121)
	              Recheck Cond: ((id >= 2424832) AND (id <= 2434831))
	              ->  Bitmap Index Scan on sbtest8_pkey  (cost=0.00..301.84 rows=9341 width=0)
	                    Index Cond: ((id >= 2424832) AND (id <= 2434831))

for: distinct_ranges
table 1 : explain SELECT DISTINCT c FROM sbtest1 WHERE id BETWEEN 2630918 AND 2640917 ORDER BY c
	Unique  (cost=37397.87..37451.26 rows=10678 width=121)
	  ->  Sort  (cost=37397.87..37424.57 rows=10678 width=121)
	        Sort Key: c
	        ->  Bitmap Heap Scan on sbtest1  (cost=345.88..36683.39 rows=10678 width=121)
	              Recheck Cond: ((id >= 2630918) AND (id <= 2640917))
	              ->  Bitmap Index Scan on sbtest1_pkey  (cost=0.00..343.21 rows=10678 width=0)
	                    Index Cond: ((id >= 2630918) AND (id <= 2640917))

table 2 : explain SELECT DISTINCT c FROM sbtest2 WHERE id BETWEEN 9918773 AND 9928772 ORDER BY c
	Unique  (cost=34624.23..34673.07 rows=9768 width=121)
	  ->  Sort  (cost=34624.23..34648.65 rows=9768 width=121)
	        Sort Key: c
	        ->  Bitmap Heap Scan on sbtest2  (cost=316.56..33976.91 rows=9768 width=121)
	              Recheck Cond: ((id >= 9918773) AND (id <= 9928772))
	              ->  Bitmap Index Scan on sbtest2_pkey  (cost=0.00..314.12 rows=9768 width=0)
	                    Index Cond: ((id >= 9918773) AND (id <= 9928772))

table 3 : explain SELECT DISTINCT c FROM sbtest3 WHERE id BETWEEN 9223357 AND 9233356 ORDER BY c
	Unique  (cost=35314.45..35364.41 rows=9991 width=121)
	  ->  Sort  (cost=35314.45..35339.43 rows=9991 width=121)
	        Sort Key: c
	        ->  Bitmap Heap Scan on sbtest3  (cost=322.84..34650.73 rows=9991 width=121)
	              Recheck Cond: ((id >= 9223357) AND (id <= 9233356))
	              ->  Bitmap Index Scan on sbtest3_pkey  (cost=0.00..320.34 rows=9991 width=0)
	                    Index Cond: ((id >= 9223357) AND (id <= 9233356))

table 4 : explain SELECT DISTINCT c FROM sbtest4 WHERE id BETWEEN 9970877 AND 9980876 ORDER BY c
	Unique  (cost=35620.70..35670.93 rows=10045 width=121)
	  ->  Sort  (cost=35620.70..35645.82 rows=10045 width=121)
	        Sort Key: c
	        ->  Bitmap Heap Scan on sbtest4  (cost=327.40..34953.00 rows=10045 width=121)
	              Recheck Cond: ((id >= 9970877) AND (id <= 9980876))
	              ->  Bitmap Index Scan on sbtest4_pkey  (cost=0.00..324.88 rows=10045 width=0)
	                    Index Cond: ((id >= 9970877) AND (id <= 9980876))

table 5 : explain SELECT DISTINCT c FROM sbtest5 WHERE id BETWEEN 8333279 AND 8343278 ORDER BY c
	Unique  (cost=34964.84..35014.08 rows=9847 width=121)
	  ->  Sort  (cost=34964.84..34989.46 rows=9847 width=121)
	        Sort Key: c
	        ->  Bitmap Heap Scan on sbtest5  (cost=317.37..34311.72 rows=9847 width=121)
	              Recheck Cond: ((id >= 8333279) AND (id <= 8343278))
	              ->  Bitmap Index Scan on sbtest5_pkey  (cost=0.00..314.91 rows=9847 width=0)
	                    Index Cond: ((id >= 8333279) AND (id <= 8343278))

table 6 : explain SELECT DISTINCT c FROM sbtest6 WHERE id BETWEEN 3361639 AND 3371638 ORDER BY c
	Unique  (cost=34390.18..34438.51 rows=9666 width=121)
	  ->  Sort  (cost=34390.18..34414.35 rows=9666 width=121)
	        Sort Key: c
	        ->  Bitmap Heap Scan on sbtest6  (cost=311.51..33750.35 rows=9666 width=121)
	              Recheck Cond: ((id >= 3361639) AND (id <= 3371638))
	              ->  Bitmap Index Scan on sbtest6_pkey  (cost=0.00..309.09 rows=9666 width=0)
	                    Index Cond: ((id >= 3361639) AND (id <= 3371638))

table 7 : explain SELECT DISTINCT c FROM sbtest7 WHERE id BETWEEN 5079550 AND 5089549 ORDER BY c
	Unique  (cost=34376.81..34425.10 rows=9658 width=121)
	  ->  Sort  (cost=34376.81..34400.96 rows=9658 width=121)
	        Sort Key: c
	        ->  Bitmap Heap Scan on sbtest7  (cost=315.43..33737.57 rows=9658 width=121)
	              Recheck Cond: ((id >= 5079550) AND (id <= 5089549))
	              ->  Bitmap Index Scan on sbtest7_pkey  (cost=0.00..313.01 rows=9658 width=0)
	                    Index Cond: ((id >= 5079550) AND (id <= 5089549))

table 8 : explain SELECT DISTINCT c FROM sbtest8 WHERE id BETWEEN 9566177 AND 9576176 ORDER BY c
	Unique  (cost=36249.43..36300.60 rows=10234 width=121)
	  ->  Sort  (cost=36249.43..36275.02 rows=10234 width=121)
	        Sort Key: c
	        ->  Bitmap Heap Scan on sbtest8  (cost=333.33..35567.79 rows=10234 width=121)
	              Recheck Cond: ((id >= 9566177) AND (id <= 9576176))
	              ->  Bitmap Index Scan on sbtest8_pkey  (cost=0.00..330.78 rows=10234 width=0)
	                    Index Cond: ((id >= 9566177) AND (id <= 9576176))

for: distinct_ranges
table 1 : explain SELECT DISTINCT c FROM sbtest1 WHERE id BETWEEN 2987742 AND 2997741 ORDER BY c
	Unique  (cost=36702.54..36754.84 rows=10460 width=121)
	  ->  Sort  (cost=36702.54..36728.69 rows=10460 width=121)
	        Sort Key: c
	        ->  Bitmap Heap Scan on sbtest1  (cost=339.65..36004.20 rows=10460 width=121)
	              Recheck Cond: ((id >= 2987742) AND (id <= 2997741))
	              ->  Bitmap Index Scan on sbtest1_pkey  (cost=0.00..337.04 rows=10460 width=0)
	                    Index Cond: ((id >= 2987742) AND (id <= 2997741))

table 2 : explain SELECT DISTINCT c FROM sbtest2 WHERE id BETWEEN 6558250 AND 6568249 ORDER BY c
	Unique  (cost=33509.90..33557.03 rows=9426 width=121)
	  ->  Sort  (cost=33509.90..33533.46 rows=9426 width=121)
	        Sort Key: c
	        ->  Bitmap Heap Scan on sbtest2  (cost=305.05..32887.67 rows=9426 width=121)
	              Recheck Cond: ((id >= 6558250) AND (id <= 6568249))
	              ->  Bitmap Index Scan on sbtest2_pkey  (cost=0.00..302.69 rows=9426 width=0)
	                    Index Cond: ((id >= 6558250) AND (id <= 6568249))

table 3 : explain SELECT DISTINCT c FROM sbtest3 WHERE id BETWEEN 678982 AND 688981 ORDER BY c
	Unique  (cost=34986.27..35035.72 rows=9889 width=121)
	  ->  Sort  (cost=34986.27..35011.00 rows=9889 width=121)
	        Sort Key: c
	        ->  Bitmap Heap Scan on sbtest3  (cost=321.80..34330.06 rows=9889 width=121)
	              Recheck Cond: ((id >= 678982) AND (id <= 688981))
	              ->  Bitmap Index Scan on sbtest3_pkey  (cost=0.00..319.32 rows=9889 width=0)
	                    Index Cond: ((id >= 678982) AND (id <= 688981))

table 4 : explain SELECT DISTINCT c FROM sbtest4 WHERE id BETWEEN 1505981 AND 1515980 ORDER BY c
	Unique  (cost=33511.15..33558.15 rows=9400 width=121)
	  ->  Sort  (cost=33511.15..33534.65 rows=9400 width=121)
	        Sort Key: c
	        ->  Bitmap Heap Scan on sbtest4  (cost=304.79..32890.83 rows=9400 width=121)
	              Recheck Cond: ((id >= 1505981) AND (id <= 1515980))
	              ->  Bitmap Index Scan on sbtest4_pkey  (cost=0.00..302.44 rows=9400 width=0)
	                    Index Cond: ((id >= 1505981) AND (id <= 1515980))

table 5 : explain SELECT DISTINCT c FROM sbtest5 WHERE id BETWEEN 6473453 AND 6483452 ORDER BY c
	Unique  (cost=36194.37..36245.49 rows=10224 width=121)
	  ->  Sort  (cost=36194.37..36219.93 rows=10224 width=121)
	        Sort Key: c
	        ->  Bitmap Heap Scan on sbtest5  (cost=333.23..35513.46 rows=10224 width=121)
	              Recheck Cond: ((id >= 6473453) AND (id <= 6483452))
	              ->  Bitmap Index Scan on sbtest5_pkey  (cost=0.00..330.68 rows=10224 width=0)
	                    Index Cond: ((id >= 6473453) AND (id <= 6483452))

table 6 : explain SELECT DISTINCT c FROM sbtest6 WHERE id BETWEEN 4781829 AND 4791828 ORDER BY c
	Unique  (cost=37399.59..37452.55 rows=10592 width=121)
	  ->  Sort  (cost=37399.59..37426.07 rows=10592 width=121)
	        Sort Key: c
	        ->  Bitmap Heap Scan on sbtest6  (cost=341.00..36691.48 rows=10592 width=121)
	              Recheck Cond: ((id >= 4781829) AND (id <= 4791828))
	              ->  Bitmap Index Scan on sbtest6_pkey  (cost=0.00..338.36 rows=10592 width=0)
	                    Index Cond: ((id >= 4781829) AND (id <= 4791828))

table 7 : explain SELECT DISTINCT c FROM sbtest7 WHERE id BETWEEN 1784502 AND 1794501 ORDER BY c
	Unique  (cost=32320.63..32365.80 rows=9033 width=121)
	  ->  Sort  (cost=32320.63..32343.21 rows=9033 width=121)
	        Sort Key: c
	        ->  Bitmap Heap Scan on sbtest7  (cost=293.02..31727.12 rows=9033 width=121)
	              Recheck Cond: ((id >= 1784502) AND (id <= 1794501))
	              ->  Bitmap Index Scan on sbtest7_pkey  (cost=0.00..290.76 rows=9033 width=0)
	                    Index Cond: ((id >= 1784502) AND (id <= 1794501))

table 8 : explain SELECT DISTINCT c FROM sbtest8 WHERE id BETWEEN 2104722 AND 2114721 ORDER BY c
	Unique  (cost=33952.32..33999.97 rows=9530 width=121)
	  ->  Sort  (cost=33952.32..33976.15 rows=9530 width=121)
	        Sort Key: c
	        ->  Bitmap Heap Scan on sbtest8  (cost=310.12..33322.47 rows=9530 width=121)
	              Recheck Cond: ((id >= 2104722) AND (id <= 2114721))
	              ->  Bitmap Index Scan on sbtest8_pkey  (cost=0.00..307.74 rows=9530 width=0)
	                    Index Cond: ((id >= 2104722) AND (id <= 2114721))

for: sum_ranges
table 1 : explain SELECT SUM(k) FROM sbtest1 WHERE id BETWEEN 7312069 AND 7322068
	Aggregate  (cost=34335.73..34335.74 rows=1 width=8)
	  ->  Bitmap Heap Scan on sbtest1  (cost=322.12..34310.93 rows=9920 width=4)
	        Recheck Cond: ((id >= 7312069) AND (id <= 7322068))
	        ->  Bitmap Index Scan on sbtest1_pkey  (cost=0.00..319.63 rows=9920 width=0)
	              Index Cond: ((id >= 7312069) AND (id <= 7322068))

table 2 : explain SELECT SUM(k) FROM sbtest2 WHERE id BETWEEN 5322854 AND 5332853
	Aggregate  (cost=37328.83..37328.84 rows=1 width=8)
	  ->  Bitmap Heap Scan on sbtest2  (cost=351.36..37301.78 rows=10822 width=4)
	        Recheck Cond: ((id >= 5322854) AND (id <= 5332853))
	        ->  Bitmap Index Scan on sbtest2_pkey  (cost=0.00..348.66 rows=10822 width=0)
	              Index Cond: ((id >= 5322854) AND (id <= 5332853))

table 3 : explain SELECT SUM(k) FROM sbtest3 WHERE id BETWEEN 2467354 AND 2477353
	Aggregate  (cost=34935.54..34935.55 rows=1 width=8)
	  ->  Bitmap Heap Scan on sbtest3  (cost=327.68..34910.36 rows=10073 width=4)
	        Recheck Cond: ((id >= 2467354) AND (id <= 2477353))
	        ->  Bitmap Index Scan on sbtest3_pkey  (cost=0.00..325.17 rows=10073 width=0)
	              Index Cond: ((id >= 2467354) AND (id <= 2477353))

table 4 : explain SELECT SUM(k) FROM sbtest4 WHERE id BETWEEN 8364027 AND 8374026
	Aggregate  (cost=35518.46..35518.47 rows=1 width=8)
	  ->  Bitmap Heap Scan on sbtest4  (cost=333.15..35492.92 rows=10216 width=4)
	        Recheck Cond: ((id >= 8364027) AND (id <= 8374026))
	        ->  Bitmap Index Scan on sbtest4_pkey  (cost=0.00..330.59 rows=10216 width=0)
	              Index Cond: ((id >= 8364027) AND (id <= 8374026))

table 5 : explain SELECT SUM(k) FROM sbtest5 WHERE id BETWEEN 745484 AND 755483
	Aggregate  (cost=37078.13..37078.14 rows=1 width=8)
	  ->  Bitmap Heap Scan on sbtest5  (cost=346.23..37051.35 rows=10712 width=4)
	        Recheck Cond: ((id >= 745484) AND (id <= 755483))
	        ->  Bitmap Index Scan on sbtest5_pkey  (cost=0.00..343.56 rows=10712 width=0)
	              Index Cond: ((id >= 745484) AND (id <= 755483))

table 6 : explain SELECT SUM(k) FROM sbtest6 WHERE id BETWEEN 9786582 AND 9796581
	Aggregate  (cost=33637.17..33637.18 rows=1 width=8)
	  ->  Bitmap Heap Scan on sbtest6  (cost=311.07..33613.11 rows=9623 width=4)
	        Recheck Cond: ((id >= 9786582) AND (id <= 9796581))
	        ->  Bitmap Index Scan on sbtest6_pkey  (cost=0.00..308.67 rows=9623 width=0)
	              Index Cond: ((id >= 9786582) AND (id <= 9796581))

table 7 : explain SELECT SUM(k) FROM sbtest7 WHERE id BETWEEN 1203775 AND 1213774
	Aggregate  (cost=35159.48..35159.49 rows=1 width=8)
	  ->  Bitmap Heap Scan on sbtest7  (cost=327.93..35134.24 rows=10097 width=4)
	        Recheck Cond: ((id >= 1203775) AND (id <= 1213774))
	        ->  Bitmap Index Scan on sbtest7_pkey  (cost=0.00..325.41 rows=10097 width=0)
	              Index Cond: ((id >= 1203775) AND (id <= 1213774))

table 8 : explain SELECT SUM(k) FROM sbtest8 WHERE id BETWEEN 1115727 AND 1125726
	Aggregate  (cost=35788.22..35788.23 rows=1 width=8)
	  ->  Bitmap Heap Scan on sbtest8  (cost=333.97..35762.48 rows=10296 width=4)
	        Recheck Cond: ((id >= 1115727) AND (id <= 1125726))
	        ->  Bitmap Index Scan on sbtest8_pkey  (cost=0.00..331.40 rows=10296 width=0)
	              Index Cond: ((id >= 1115727) AND (id <= 1125726))

for: order_ranges
table 1 : explain SELECT c FROM sbtest1 WHERE id BETWEEN 2402875 AND 2412874 ORDER BY c
	Sort  (cost=35068.45..35093.33 rows=9951 width=121)
	  Sort Key: c
	  ->  Bitmap Heap Scan on sbtest1  (cost=322.43..34407.67 rows=9951 width=121)
	        Recheck Cond: ((id >= 2402875) AND (id <= 2412874))
	        ->  Bitmap Index Scan on sbtest1_pkey  (cost=0.00..319.94 rows=9951 width=0)
	              Index Cond: ((id >= 2402875) AND (id <= 2412874))

table 2 : explain SELECT c FROM sbtest2 WHERE id BETWEEN 2977951 AND 2987950 ORDER BY c
	Sort  (cost=34177.56..34201.64 rows=9631 width=121)
	  Sort Key: c
	  ->  Bitmap Heap Scan on sbtest2  (cost=311.15..33540.30 rows=9631 width=121)
	        Recheck Cond: ((id >= 2977951) AND (id <= 2987950))
	        ->  Bitmap Index Scan on sbtest2_pkey  (cost=0.00..308.75 rows=9631 width=0)
	              Index Cond: ((id >= 2977951) AND (id <= 2987950))

table 3 : explain SELECT c FROM sbtest3 WHERE id BETWEEN 2253210 AND 2263209 ORDER BY c
	Sort  (cost=37554.75..37581.47 rows=10687 width=121)
	  Sort Key: c
	  ->  Bitmap Heap Scan on sbtest3  (cost=345.98..36839.60 rows=10687 width=121)
	        Recheck Cond: ((id >= 2253210) AND (id <= 2263209))
	        ->  Bitmap Index Scan on sbtest3_pkey  (cost=0.00..343.31 rows=10687 width=0)
	              Index Cond: ((id >= 2253210) AND (id <= 2263209))

table 4 : explain SELECT c FROM sbtest4 WHERE id BETWEEN 4477430 AND 4487429 ORDER BY c
	Sort  (cost=33263.06..33286.37 rows=9324 width=121)
	  Sort Key: c
	  ->  Bitmap Heap Scan on sbtest4  (cost=304.01..32648.30 rows=9324 width=121)
	        Recheck Cond: ((id >= 4477430) AND (id <= 4487429))
	        ->  Bitmap Index Scan on sbtest4_pkey  (cost=0.00..301.68 rows=9324 width=0)
	              Index Cond: ((id >= 4477430) AND (id <= 4487429))

table 5 : explain SELECT c FROM sbtest5 WHERE id BETWEEN 6306521 AND 6316520 ORDER BY c
	Sort  (cost=36994.04..37020.22 rows=10472 width=121)
	  Sort Key: c
	  ->  Bitmap Heap Scan on sbtest5  (cost=339.77..36294.81 rows=10472 width=121)
	        Recheck Cond: ((id >= 6306521) AND (id <= 6316520))
	        ->  Bitmap Index Scan on sbtest5_pkey  (cost=0.00..337.16 rows=10472 width=0)
	              Index Cond: ((id >= 6306521) AND (id <= 6316520))

table 6 : explain SELECT c FROM sbtest6 WHERE id BETWEEN 1753252 AND 1763251 ORDER BY c
	Sort  (cost=34805.05..34829.53 rows=9793 width=121)
	  Sort Key: c
	  ->  Bitmap Heap Scan on sbtest6  (cost=316.81..34155.89 rows=9793 width=121)
	        Recheck Cond: ((id >= 1753252) AND (id <= 1763251))
	        ->  Bitmap Index Scan on sbtest6_pkey  (cost=0.00..314.37 rows=9793 width=0)
	              Index Cond: ((id >= 1753252) AND (id <= 1763251))

table 7 : explain SELECT c FROM sbtest7 WHERE id BETWEEN 6075266 AND 6085265 ORDER BY c
	Sort  (cost=34721.01..34745.42 rows=9764 width=121)
	  Sort Key: c
	  ->  Bitmap Heap Scan on sbtest7  (cost=316.52..34073.98 rows=9764 width=121)
	        Recheck Cond: ((id >= 6075266) AND (id <= 6085265))
	        ->  Bitmap Index Scan on sbtest7_pkey  (cost=0.00..314.07 rows=9764 width=0)
	              Index Cond: ((id >= 6075266) AND (id <= 6085265))

table 8 : explain SELECT c FROM sbtest8 WHERE id BETWEEN 9197261 AND 9207260 ORDER BY c
	Sort  (cost=36608.05..36633.92 rows=10346 width=121)
	  Sort Key: c
	  ->  Bitmap Heap Scan on sbtest8  (cost=334.48..35918.14 rows=10346 width=121)
	        Recheck Cond: ((id >= 9197261) AND (id <= 9207260))
	        ->  Bitmap Index Scan on sbtest8_pkey  (cost=0.00..331.90 rows=10346 width=0)
	              Index Cond: ((id >= 9197261) AND (id <= 9207260))

for point_selects
table 1 : explain SELECT c FROM sbtest1 WHERE id=9619787
	Index Scan using sbtest1_pkey on sbtest1  (cost=0.43..8.45 rows=1 width=121)
	  Index Cond: (id = 9619787)

table 2 : explain SELECT c FROM sbtest2 WHERE id=5225410
	Index Scan using sbtest2_pkey on sbtest2  (cost=0.43..8.45 rows=1 width=121)
	  Index Cond: (id = 5225410)

table 3 : explain SELECT c FROM sbtest3 WHERE id=3895388
	Index Scan using sbtest3_pkey on sbtest3  (cost=0.43..8.45 rows=1 width=121)
	  Index Cond: (id = 3895388)

table 4 : explain SELECT c FROM sbtest4 WHERE id=7197401
	Index Scan using sbtest4_pkey on sbtest4  (cost=0.43..8.45 rows=1 width=121)
	  Index Cond: (id = 7197401)

table 5 : explain SELECT c FROM sbtest5 WHERE id=9764270
	Index Scan using sbtest5_pkey on sbtest5  (cost=0.43..8.45 rows=1 width=121)
	  Index Cond: (id = 9764270)

table 6 : explain SELECT c FROM sbtest6 WHERE id=4927789
	Index Scan using sbtest6_pkey on sbtest6  (cost=0.43..8.45 rows=1 width=121)
	  Index Cond: (id = 4927789)

table 7 : explain SELECT c FROM sbtest7 WHERE id=4101536
	Index Scan using sbtest7_pkey on sbtest7  (cost=0.43..8.45 rows=1 width=121)
	  Index Cond: (id = 4101536)

table 8 : explain SELECT c FROM sbtest8 WHERE id=5253330
	Index Scan using sbtest8_pkey on sbtest8  (cost=0.43..8.45 rows=1 width=121)
	  Index Cond: (id = 5253330)

explain: for point_selects :: explain SELECT c FROM sbtest%u WHERE id=%u
for: distinct_ranges
table 1 : explain SELECT DISTINCT c FROM sbtest1 WHERE id BETWEEN 7580263 AND 7590262 ORDER BY c
	Unique  (cost=33640.99..33688.53 rows=9508 width=121)
	  ->  Sort  (cost=33640.99..33664.76 rows=9508 width=121)
	        Sort Key: c
	        ->  Bitmap Heap Scan on sbtest1  (cost=309.89..33012.75 rows=9508 width=121)
	              Recheck Cond: ((id >= 7580263) AND (id <= 7590262))
	              ->  Bitmap Index Scan on sbtest1_pkey  (cost=0.00..307.51 rows=9508 width=0)
	                    Index Cond: ((id >= 7580263) AND (id <= 7590262))

table 2 : explain SELECT DISTINCT c FROM sbtest2 WHERE id BETWEEN 6130384 AND 6140383 ORDER BY c
	Unique  (cost=37443.99..37497.20 rows=10641 width=121)
	  ->  Sort  (cost=37443.99..37470.60 rows=10641 width=121)
	        Sort Key: c
	        ->  Bitmap Heap Scan on sbtest2  (cost=345.51..36732.25 rows=10641 width=121)
	              Recheck Cond: ((id >= 6130384) AND (id <= 6140383))
	              ->  Bitmap Index Scan on sbtest2_pkey  (cost=0.00..342.84 rows=10641 width=0)
	                    Index Cond: ((id >= 6130384) AND (id <= 6140383))

table 3 : explain SELECT DISTINCT c FROM sbtest3 WHERE id BETWEEN 7456420 AND 7466419 ORDER BY c
	Unique  (cost=32702.14..32748.08 rows=9187 width=121)
	  ->  Sort  (cost=32702.14..32725.11 rows=9187 width=121)
	        Sort Key: c
	        ->  Bitmap Heap Scan on sbtest3  (cost=298.60..32097.39 rows=9187 width=121)
	              Recheck Cond: ((id >= 7456420) AND (id <= 7466419))
	              ->  Bitmap Index Scan on sbtest3_pkey  (cost=0.00..296.31 rows=9187 width=0)
	                    Index Cond: ((id >= 7456420) AND (id <= 7466419))

table 4 : explain SELECT DISTINCT c FROM sbtest4 WHERE id BETWEEN 3301689 AND 3311688 ORDER BY c
	Unique  (cost=33980.60..34028.32 rows=9543 width=121)
	  ->  Sort  (cost=33980.60..34004.46 rows=9543 width=121)
	        Sort Key: c
	        ->  Bitmap Heap Scan on sbtest4  (cost=310.25..33349.80 rows=9543 width=121)
	              Recheck Cond: ((id >= 3301689) AND (id <= 3311688))
	              ->  Bitmap Index Scan on sbtest4_pkey  (cost=0.00..307.87 rows=9543 width=0)
	                    Index Cond: ((id >= 3301689) AND (id <= 3311688))

table 5 : explain SELECT DISTINCT c FROM sbtest5 WHERE id BETWEEN 798783 AND 808782 ORDER BY c
	Unique  (cost=36400.12..36451.56 rows=10288 width=121)
	  ->  Sort  (cost=36400.12..36425.84 rows=10288 width=121)
	        Sort Key: c
	        ->  Bitmap Heap Scan on sbtest5  (cost=333.89..35714.49 rows=10288 width=121)
	              Recheck Cond: ((id >= 798783) AND (id <= 808782))
	              ->  Bitmap Index Scan on sbtest5_pkey  (cost=0.00..331.31 rows=10288 width=0)
	                    Index Cond: ((id >= 798783) AND (id <= 808782))

table 6 : explain SELECT DISTINCT c FROM sbtest6 WHERE id BETWEEN 2540481 AND 2550480 ORDER BY c
	Unique  (cost=35302.57..35352.29 rows=9945 width=121)
	  ->  Sort  (cost=35302.57..35327.43 rows=9945 width=121)
	        Sort Key: c
	        ->  Bitmap Heap Scan on sbtest6  (cost=322.37..34642.23 rows=9945 width=121)
	              Recheck Cond: ((id >= 2540481) AND (id <= 2550480))
	              ->  Bitmap Index Scan on sbtest6_pkey  (cost=0.00..319.88 rows=9945 width=0)
	                    Index Cond: ((id >= 2540481) AND (id <= 2550480))

table 7 : explain SELECT DISTINCT c FROM sbtest7 WHERE id BETWEEN 4325022 AND 4335021 ORDER BY c
	Unique  (cost=33655.74..33702.93 rows=9439 width=121)
	  ->  Sort  (cost=33655.74..33679.34 rows=9439 width=121)
	        Sort Key: c
	        ->  Bitmap Heap Scan on sbtest7  (cost=305.18..33032.56 rows=9439 width=121)
	              Recheck Cond: ((id >= 4325022) AND (id <= 4335021))
	              ->  Bitmap Index Scan on sbtest7_pkey  (cost=0.00..302.82 rows=9439 width=0)
	                    Index Cond: ((id >= 4325022) AND (id <= 4335021))

table 8 : explain SELECT DISTINCT c FROM sbtest8 WHERE id BETWEEN 9434434 AND 9444433 ORDER BY c
	Unique  (cost=36631.25..36683.02 rows=10353 width=121)
	  ->  Sort  (cost=36631.25..36657.14 rows=10353 width=121)
	        Sort Key: c
	        ->  Bitmap Heap Scan on sbtest8  (cost=334.55..35940.83 rows=10353 width=121)
	              Recheck Cond: ((id >= 9434434) AND (id <= 9444433))
	              ->  Bitmap Index Scan on sbtest8_pkey  (cost=0.00..331.96 rows=10353 width=0)
	                    Index Cond: ((id >= 9434434) AND (id <= 9444433))

for: distinct_ranges
table 1 : explain SELECT DISTINCT c FROM sbtest1 WHERE id BETWEEN 4995518 AND 5005517 ORDER BY c
	Unique  (cost=35764.50..35815.34 rows=10167 width=121)
	  ->  Sort  (cost=35764.50..35789.92 rows=10167 width=121)
	        Sort Key: c
	        ->  Bitmap Heap Scan on sbtest1  (cost=328.65..35087.81 rows=10167 width=121)
	              Recheck Cond: ((id >= 4995518) AND (id <= 5005517))
	              ->  Bitmap Index Scan on sbtest1_pkey  (cost=0.00..326.11 rows=10167 width=0)
	                    Index Cond: ((id >= 4995518) AND (id <= 5005517))

table 2 : explain SELECT DISTINCT c FROM sbtest2 WHERE id BETWEEN 6162260 AND 6172259 ORDER BY c
	Unique  (cost=34497.84..34546.48 rows=9729 width=121)
	  ->  Sort  (cost=34497.84..34522.16 rows=9729 width=121)
	        Sort Key: c
	        ->  Bitmap Heap Scan on sbtest2  (cost=316.16..33853.39 rows=9729 width=121)
	              Recheck Cond: ((id >= 6162260) AND (id <= 6172259))
	              ->  Bitmap Index Scan on sbtest2_pkey  (cost=0.00..313.73 rows=9729 width=0)
	                    Index Cond: ((id >= 6162260) AND (id <= 6172259))

table 3 : explain SELECT DISTINCT c FROM sbtest3 WHERE id BETWEEN 3605868 AND 3615867 ORDER BY c
	Unique  (cost=37034.20..37086.83 rows=10525 width=121)
	  ->  Sort  (cost=37034.20..37060.52 rows=10525 width=121)
	        Sort Key: c
	        ->  Bitmap Heap Scan on sbtest3  (cost=340.32..36331.05 rows=10525 width=121)
	              Recheck Cond: ((id >= 3605868) AND (id <= 3615867))
	              ->  Bitmap Index Scan on sbtest3_pkey  (cost=0.00..337.69 rows=10525 width=0)
	                    Index Cond: ((id >= 3605868) AND (id <= 3615867))

table 4 : explain SELECT DISTINCT c FROM sbtest4 WHERE id BETWEEN 3235739 AND 3245738 ORDER BY c
	Unique  (cost=33980.60..34028.32 rows=9543 width=121)
	  ->  Sort  (cost=33980.60..34004.46 rows=9543 width=121)
	        Sort Key: c
	        ->  Bitmap Heap Scan on sbtest4  (cost=310.25..33349.80 rows=9543 width=121)
	              Recheck Cond: ((id >= 3235739) AND (id <= 3245738))
	              ->  Bitmap Index Scan on sbtest4_pkey  (cost=0.00..307.87 rows=9543 width=0)
	                    Index Cond: ((id >= 3235739) AND (id <= 3245738))

table 5 : explain SELECT DISTINCT c FROM sbtest5 WHERE id BETWEEN 6840417 AND 6850416 ORDER BY c
	Unique  (cost=36980.71..37033.05 rows=10467 width=121)
	  ->  Sort  (cost=36980.71..37006.88 rows=10467 width=121)
	        Sort Key: c
	        ->  Bitmap Heap Scan on sbtest5  (cost=339.72..36281.85 rows=10467 width=121)
	              Recheck Cond: ((id >= 6840417) AND (id <= 6850416))
	              ->  Bitmap Index Scan on sbtest5_pkey  (cost=0.00..337.11 rows=10467 width=0)
	                    Index Cond: ((id >= 6840417) AND (id <= 6850416))

table 6 : explain SELECT DISTINCT c FROM sbtest6 WHERE id BETWEEN 1938584 AND 1948583 ORDER BY c
	Unique  (cost=34945.17..34994.35 rows=9836 width=121)
	  ->  Sort  (cost=34945.17..34969.76 rows=9836 width=121)
	        Sort Key: c
	        ->  Bitmap Heap Scan on sbtest6  (cost=317.25..34292.86 rows=9836 width=121)
	              Recheck Cond: ((id >= 1938584) AND (id <= 1948583))
	              ->  Bitmap Index Scan on sbtest6_pkey  (cost=0.00..314.80 rows=9836 width=0)
	                    Index Cond: ((id >= 1938584) AND (id <= 1948583))

table 7 : explain SELECT DISTINCT c FROM sbtest7 WHERE id BETWEEN 1958607 AND 1968606 ORDER BY c
	Unique  (cost=33642.34..33689.52 rows=9435 width=121)
	  ->  Sort  (cost=33642.34..33665.93 rows=9435 width=121)
	        Sort Key: c
	        ->  Bitmap Heap Scan on sbtest7  (cost=305.14..33019.45 rows=9435 width=121)
	              Recheck Cond: ((id >= 1958607) AND (id <= 1968606))
	              ->  Bitmap Index Scan on sbtest7_pkey  (cost=0.00..302.79 rows=9435 width=0)
	                    Index Cond: ((id >= 1958607) AND (id <= 1968606))

table 8 : explain SELECT DISTINCT c FROM sbtest8 WHERE id BETWEEN 9644415 AND 9654414 ORDER BY c
	Unique  (cost=36372.31..36423.67 rows=10272 width=121)
	  ->  Sort  (cost=36372.31..36397.99 rows=10272 width=121)
	        Sort Key: c
	        ->  Bitmap Heap Scan on sbtest8  (cost=333.72..35687.86 rows=10272 width=121)
	              Recheck Cond: ((id >= 9644415) AND (id <= 9654414))
	              ->  Bitmap Index Scan on sbtest8_pkey  (cost=0.00..331.16 rows=10272 width=0)
	                    Index Cond: ((id >= 9644415) AND (id <= 9654414))

for: sum_ranges
table 1 : explain SELECT SUM(k) FROM sbtest1 WHERE id BETWEEN 5433834 AND 5443833
	Aggregate  (cost=36572.53..36572.54 rows=1 width=8)
	  ->  Bitmap Heap Scan on sbtest1  (cost=345.43..36545.94 rows=10634 width=4)
	        Recheck Cond: ((id >= 5433834) AND (id <= 5443833))
	        ->  Bitmap Index Scan on sbtest1_pkey  (cost=0.00..342.78 rows=10634 width=0)
	              Index Cond: ((id >= 5433834) AND (id <= 5443833))

table 2 : explain SELECT SUM(k) FROM sbtest2 WHERE id BETWEEN 7908150 AND 7918149
	Aggregate  (cost=34092.39..34092.40 rows=1 width=8)
	  ->  Bitmap Heap Scan on sbtest2  (cost=316.85..34067.90 rows=9797 width=4)
	        Recheck Cond: ((id >= 7908150) AND (id <= 7918149))
	        ->  Bitmap Index Scan on sbtest2_pkey  (cost=0.00..314.41 rows=9797 width=0)
	              Index Cond: ((id >= 7908150) AND (id <= 7918149))

table 3 : explain SELECT SUM(k) FROM sbtest3 WHERE id BETWEEN 1818541 AND 1828540
	Aggregate  (cost=36724.88..36724.89 rows=1 width=8)
	  ->  Bitmap Heap Scan on sbtest3  (cost=345.51..36698.28 rows=10641 width=4)
	        Recheck Cond: ((id >= 1818541) AND (id <= 1828540))
	        ->  Bitmap Index Scan on sbtest3_pkey  (cost=0.00..342.84 rows=10641 width=0)
	              Index Cond: ((id >= 1818541) AND (id <= 1828540))

table 4 : explain SELECT SUM(k) FROM sbtest4 WHERE id BETWEEN 4697771 AND 4707770
	Aggregate  (cost=35137.51..35137.52 rows=1 width=8)
	  ->  Bitmap Heap Scan on sbtest4  (cost=327.92..35112.27 rows=10096 width=4)
	        Recheck Cond: ((id >= 4697771) AND (id <= 4707770))
	        ->  Bitmap Index Scan on sbtest4_pkey  (cost=0.00..325.40 rows=10096 width=0)
	              Index Cond: ((id >= 4697771) AND (id <= 4707770))

table 5 : explain SELECT SUM(k) FROM sbtest5 WHERE id BETWEEN 8586149 AND 8596148
	Aggregate  (cost=34747.59..34747.60 rows=1 width=8)
	  ->  Bitmap Heap Scan on sbtest5  (cost=322.69..34722.65 rows=9976 width=4)
	        Recheck Cond: ((id >= 8586149) AND (id <= 8596148))
	        ->  Bitmap Index Scan on sbtest5_pkey  (cost=0.00..320.19 rows=9976 width=0)
	              Index Cond: ((id >= 8586149) AND (id <= 8596148))

table 6 : explain SELECT SUM(k) FROM sbtest6 WHERE id BETWEEN 1988697 AND 1998696
	Aggregate  (cost=34317.45..34317.46 rows=1 width=8)
	  ->  Bitmap Heap Scan on sbtest6  (cost=317.25..34292.86 rows=9836 width=4)
	        Recheck Cond: ((id >= 1988697) AND (id <= 1998696))
	        ->  Bitmap Index Scan on sbtest6_pkey  (cost=0.00..314.80 rows=9836 width=0)
	              Index Cond: ((id >= 1988697) AND (id <= 1998696))

table 7 : explain SELECT SUM(k) FROM sbtest7 WHERE id BETWEEN 3285408 AND 3295407
	Aggregate  (cost=36716.02..36716.03 rows=1 width=8)
	  ->  Bitmap Heap Scan on sbtest7  (cost=344.96..36689.55 rows=10588 width=4)
	        Recheck Cond: ((id >= 3285408) AND (id <= 3295407))
	        ->  Bitmap Index Scan on sbtest7_pkey  (cost=0.00..342.31 rows=10588 width=0)
	              Index Cond: ((id >= 3285408) AND (id <= 3295407))

table 8 : explain SELECT SUM(k) FROM sbtest8 WHERE id BETWEEN 7918557 AND 7928556
	Aggregate  (cost=33053.90..33053.91 rows=1 width=8)
	  ->  Bitmap Heap Scan on sbtest8  (cost=305.18..33030.30 rows=9439 width=4)
	        Recheck Cond: ((id >= 7918557) AND (id <= 7928556))
	        ->  Bitmap Index Scan on sbtest8_pkey  (cost=0.00..302.82 rows=9439 width=0)
	              Index Cond: ((id >= 7918557) AND (id <= 7928556))

for: simple_ranges
table 1 : explain SELECT c FROM sbtest1 WHERE id BETWEEN 6447336 AND 6457335
	Bitmap Heap Scan on sbtest1  (cost=316.00..33664.27 rows=9714 width=121)
	  Recheck Cond: ((id >= 6447336) AND (id <= 6457335))
	  ->  Bitmap Index Scan on sbtest1_pkey  (cost=0.00..313.57 rows=9714 width=0)
	        Index Cond: ((id >= 6447336) AND (id <= 6457335))

table 2 : explain SELECT c FROM sbtest2 WHERE id BETWEEN 480734 AND 490733
	Bitmap Heap Scan on sbtest2  (cost=315.76..33733.03 rows=9690 width=121)
	  Recheck Cond: ((id >= 480734) AND (id <= 490733))
	  ->  Bitmap Index Scan on sbtest2_pkey  (cost=0.00..313.33 rows=9690 width=0)
	        Index Cond: ((id >= 480734) AND (id <= 490733))

table 3 : explain SELECT c FROM sbtest3 WHERE id BETWEEN 5906172 AND 5916171
	Bitmap Heap Scan on sbtest3  (cost=328.79..35249.70 rows=10181 width=121)
	  Recheck Cond: ((id >= 5906172) AND (id <= 5916171))
	  ->  Bitmap Index Scan on sbtest3_pkey  (cost=0.00..326.25 rows=10181 width=0)
	        Index Cond: ((id >= 5906172) AND (id <= 5916171))

table 4 : explain SELECT c FROM sbtest4 WHERE id BETWEEN 8961061 AND 8971060
	Bitmap Heap Scan on sbtest4  (cost=334.29..35843.11 rows=10327 width=121)
	  Recheck Cond: ((id >= 8961061) AND (id <= 8971060))
	  ->  Bitmap Index Scan on sbtest4_pkey  (cost=0.00..331.70 rows=10327 width=0)
	        Index Cond: ((id >= 8961061) AND (id <= 8971060))

table 5 : explain SELECT c FROM sbtest5 WHERE id BETWEEN 2943901 AND 2953900
	Bitmap Heap Scan on sbtest5  (cost=303.90..32610.80 rows=9314 width=121)
	  Recheck Cond: ((id >= 2943901) AND (id <= 2953900))
	  ->  Bitmap Index Scan on sbtest5_pkey  (cost=0.00..301.57 rows=9314 width=0)
	        Index Cond: ((id >= 2943901) AND (id <= 2953900))

table 6 : explain SELECT c FROM sbtest6 WHERE id BETWEEN 9748562 AND 9758561
	Bitmap Heap Scan on sbtest6  (cost=311.07..33613.11 rows=9623 width=121)
	  Recheck Cond: ((id >= 9748562) AND (id <= 9758561))
	  ->  Bitmap Index Scan on sbtest6_pkey  (cost=0.00..308.67 rows=9623 width=0)
	        Index Cond: ((id >= 9748562) AND (id <= 9758561))

table 7 : explain SELECT c FROM sbtest7 WHERE id BETWEEN 6557771 AND 6567770
	Bitmap Heap Scan on sbtest7  (cost=346.29..37096.62 rows=10718 width=121)
	  Recheck Cond: ((id >= 6557771) AND (id <= 6567770))
	  ->  Bitmap Index Scan on sbtest7_pkey  (cost=0.00..343.62 rows=10718 width=0)
	        Index Cond: ((id >= 6557771) AND (id <= 6567770))

table 8 : explain SELECT c FROM sbtest8 WHERE id BETWEEN 9109305 AND 9119304
	Bitmap Heap Scan on sbtest8  (cost=346.47..37145.56 rows=10735 width=121)
	  Recheck Cond: ((id >= 9109305) AND (id <= 9119304))
	  ->  Bitmap Index Scan on sbtest8_pkey  (cost=0.00..343.79 rows=10735 width=0)
	        Index Cond: ((id >= 9109305) AND (id <= 9119304))

for: distinct_ranges
table 1 : explain SELECT DISTINCT c FROM sbtest1 WHERE id BETWEEN 4730591 AND 4740590 ORDER BY c
	Unique  (cost=32892.19..32938.58 rows=9278 width=121)
	  ->  Sort  (cost=32892.19..32915.38 rows=9278 width=121)
	        Sort Key: c
	        ->  Bitmap Heap Scan on sbtest1  (cost=299.53..32280.78 rows=9278 width=121)
	              Recheck Cond: ((id >= 4730591) AND (id <= 4740590))
	              ->  Bitmap Index Scan on sbtest1_pkey  (cost=0.00..297.21 rows=9278 width=0)
	                    Index Cond: ((id >= 4730591) AND (id <= 4740590))

table 2 : explain SELECT DISTINCT c FROM sbtest2 WHERE id BETWEEN 4973858 AND 4983857 ORDER BY c
	Unique  (cost=37532.91..37586.25 rows=10669 width=121)
	  ->  Sort  (cost=37532.91..37559.58 rows=10669 width=121)
	        Sort Key: c
	        ->  Bitmap Heap Scan on sbtest2  (cost=345.79..36819.09 rows=10669 width=121)
	              Recheck Cond: ((id >= 4973858) AND (id <= 4983857))
	              ->  Bitmap Index Scan on sbtest2_pkey  (cost=0.00..343.12 rows=10669 width=0)
	                    Index Cond: ((id >= 4973858) AND (id <= 4983857))

table 3 : explain SELECT DISTINCT c FROM sbtest3 WHERE id BETWEEN 7542111 AND 7552110 ORDER BY c
	Unique  (cost=36334.48..36386.01 rows=10307 width=121)
	  ->  Sort  (cost=36334.48..36360.25 rows=10307 width=121)
	        Sort Key: c
	        ->  Bitmap Heap Scan on sbtest3  (cost=334.08..35647.45 rows=10307 width=121)
	              Recheck Cond: ((id >= 7542111) AND (id <= 7552110))
	              ->  Bitmap Index Scan on sbtest3_pkey  (cost=0.00..331.50 rows=10307 width=0)
	                    Index Cond: ((id >= 7542111) AND (id <= 7552110))

table 4 : explain SELECT DISTINCT c FROM sbtest4 WHERE id BETWEEN 6690715 AND 6700714 ORDER BY c
	Unique  (cost=34331.69..34379.95 rows=9651 width=121)
	  ->  Sort  (cost=34331.69..34355.82 rows=9651 width=121)
	        Sort Key: c
	        ->  Bitmap Heap Scan on sbtest4  (cost=311.36..33692.97 rows=9651 width=121)
	              Recheck Cond: ((id >= 6690715) AND (id <= 6700714))
	              ->  Bitmap Index Scan on sbtest4_pkey  (cost=0.00..308.94 rows=9651 width=0)
	                    Index Cond: ((id >= 6690715) AND (id <= 6700714))

table 5 : explain SELECT DISTINCT c FROM sbtest5 WHERE id BETWEEN 4971577 AND 4981576 ORDER BY c
	Unique  (cost=33268.39..33315.03 rows=9327 width=121)
	  ->  Sort  (cost=33268.39..33291.71 rows=9327 width=121)
	        Sort Key: c
	        ->  Bitmap Heap Scan on sbtest5  (cost=304.04..32653.41 rows=9327 width=121)
	              Recheck Cond: ((id >= 4971577) AND (id <= 4981576))
	              ->  Bitmap Index Scan on sbtest5_pkey  (cost=0.00..301.70 rows=9327 width=0)
	                    Index Cond: ((id >= 4971577) AND (id <= 4981576))

table 6 : explain SELECT DISTINCT c FROM sbtest6 WHERE id BETWEEN 7674489 AND 7684488 ORDER BY c
	Unique  (cost=35942.31..35993.02 rows=10142 width=121)
	  ->  Sort  (cost=35942.31..35967.67 rows=10142 width=121)
	        Sort Key: c
	        ->  Bitmap Heap Scan on sbtest6  (cost=328.39..35267.46 rows=10142 width=121)
	              Recheck Cond: ((id >= 7674489) AND (id <= 7684488))
	              ->  Bitmap Index Scan on sbtest6_pkey  (cost=0.00..325.86 rows=10142 width=0)
	                    Index Cond: ((id >= 7674489) AND (id <= 7684488))

table 7 : explain SELECT DISTINCT c FROM sbtest7 WHERE id BETWEEN 2266533 AND 2276532 ORDER BY c
	Unique  (cost=39191.11..39246.84 rows=11145 width=121)
	  ->  Sort  (cost=39191.11..39218.98 rows=11145 width=121)
	        Sort Key: c
	        ->  Bitmap Heap Scan on sbtest7  (cost=362.67..38441.94 rows=11145 width=121)
	              Recheck Cond: ((id >= 2266533) AND (id <= 2276532))
	              ->  Bitmap Index Scan on sbtest7_pkey  (cost=0.00..359.88 rows=11145 width=0)
	                    Index Cond: ((id >= 2266533) AND (id <= 2276532))

table 8 : explain SELECT DISTINCT c FROM sbtest8 WHERE id BETWEEN 8025538 AND 8035537 ORDER BY c
	Unique  (cost=35093.14..35142.53 rows=9879 width=121)
	  ->  Sort  (cost=35093.14..35117.84 rows=9879 width=121)
	        Sort Key: c
	        ->  Bitmap Heap Scan on sbtest8  (cost=321.69..34437.66 rows=9879 width=121)
	              Recheck Cond: ((id >= 8025538) AND (id <= 8035537))
	              ->  Bitmap Index Scan on sbtest8_pkey  (cost=0.00..319.23 rows=9879 width=0)
	                    Index Cond: ((id >= 8025538) AND (id <= 8035537))

for: order_ranges
table 1 : explain SELECT c FROM sbtest1 WHERE id BETWEEN 4636008 AND 4646007 ORDER BY c
	Sort  (cost=35484.64..35509.84 rows=10080 width=121)
	  Sort Key: c
	  ->  Bitmap Heap Scan on sbtest1  (cost=327.75..34814.36 rows=10080 width=121)
	        Recheck Cond: ((id >= 4636008) AND (id <= 4646007))
	        ->  Bitmap Index Scan on sbtest1_pkey  (cost=0.00..325.24 rows=10080 width=0)
	              Index Cond: ((id >= 4636008) AND (id <= 4646007))

table 2 : explain SELECT c FROM sbtest2 WHERE id BETWEEN 2239718 AND 2249717 ORDER BY c
	Sort  (cost=38059.87..38086.96 rows=10833 width=121)
	  Sort Key: c
	  ->  Bitmap Heap Scan on sbtest2  (cost=351.47..37333.89 rows=10833 width=121)
	        Recheck Cond: ((id >= 2239718) AND (id <= 2249717))
	        ->  Bitmap Index Scan on sbtest2_pkey  (cost=0.00..348.76 rows=10833 width=0)
	              Index Cond: ((id >= 2239718) AND (id <= 2249717))

table 3 : explain SELECT c FROM sbtest3 WHERE id BETWEEN 8960126 AND 8970125 ORDER BY c
	Sort  (cost=35035.98..35060.74 rows=9904 width=121)
	  Sort Key: c
	  ->  Bitmap Heap Scan on sbtest3  (cost=321.95..34378.66 rows=9904 width=121)
	        Recheck Cond: ((id >= 8960126) AND (id <= 8970125))
	        ->  Bitmap Index Scan on sbtest3_pkey  (cost=0.00..319.48 rows=9904 width=0)
	              Index Cond: ((id >= 8960126) AND (id <= 8970125))

table 4 : explain SELECT c FROM sbtest4 WHERE id BETWEEN 9145805 AND 9155804 ORDER BY c
	Sort  (cost=39902.97..39931.41 rows=11375 width=121)
	  Sort Key: c
	  ->  Bitmap Heap Scan on sbtest4  (cost=369.03..39136.66 rows=11375 width=121)
	        Recheck Cond: ((id >= 9145805) AND (id <= 9155804))
	        ->  Bitmap Index Scan on sbtest4_pkey  (cost=0.00..366.19 rows=11375 width=0)
	              Index Cond: ((id >= 9145805) AND (id <= 9155804))

table 5 : explain SELECT c FROM sbtest5 WHERE id BETWEEN 7101435 AND 7111434 ORDER BY c
	Sort  (cost=30728.94..30750.34 rows=8559 width=121)
	  Sort Key: c
	  ->  Bitmap Heap Scan on sbtest5  (cost=276.16..30169.90 rows=8559 width=121)
	        Recheck Cond: ((id >= 7101435) AND (id <= 7111434))
	        ->  Bitmap Index Scan on sbtest5_pkey  (cost=0.00..274.03 rows=8559 width=0)
	              Index Cond: ((id >= 7101435) AND (id <= 7111434))

table 6 : explain SELECT c FROM sbtest6 WHERE id BETWEEN 1661441 AND 1671440 ORDER BY c
	Sort  (cost=33690.11..33713.74 rows=9452 width=121)
	  Sort Key: c
	  ->  Bitmap Heap Scan on sbtest6  (cost=305.32..33065.97 rows=9452 width=121)
	        Recheck Cond: ((id >= 1661441) AND (id <= 1671440))
	        ->  Bitmap Index Scan on sbtest6_pkey  (cost=0.00..302.95 rows=9452 width=0)
	              Index Cond: ((id >= 1661441) AND (id <= 1671440))

table 7 : explain SELECT c FROM sbtest7 WHERE id BETWEEN 5104949 AND 5114948 ORDER BY c
	Sort  (cost=34376.81..34400.96 rows=9658 width=121)
	  Sort Key: c
	  ->  Bitmap Heap Scan on sbtest7  (cost=315.43..33737.57 rows=9658 width=121)
	        Recheck Cond: ((id >= 5104949) AND (id <= 5114948))
	        ->  Bitmap Index Scan on sbtest7_pkey  (cost=0.00..313.01 rows=9658 width=0)
	              Index Cond: ((id >= 5104949) AND (id <= 5114948))

table 8 : explain SELECT c FROM sbtest8 WHERE id BETWEEN 1681773 AND 1691772 ORDER BY c
	Sort  (cost=32652.35..32675.19 rows=9134 width=121)
	  Sort Key: c
	  ->  Bitmap Heap Scan on sbtest8  (cost=298.06..32051.47 rows=9134 width=121)
	        Recheck Cond: ((id >= 1681773) AND (id <= 1691772))
	        ->  Bitmap Index Scan on sbtest8_pkey  (cost=0.00..295.78 rows=9134 width=0)
	              Index Cond: ((id >= 1681773) AND (id <= 1691772))
for: order_ranges
table 1 : explain SELECT c FROM sbtest1 WHERE id BETWEEN 6983918 AND 6993917 ORDER BY c
	Sort  (cost=37208.00..37234.55 rows=10618 width=121)
	  Sort Key: c
	  ->  Bitmap Heap Scan on sbtest1  (cost=345.27..36497.97 rows=10618 width=121)
	        Recheck Cond: ((id >= 6983918) AND (id <= 6993917))
	        ->  Bitmap Index Scan on sbtest1_pkey  (cost=0.00..342.62 rows=10618 width=0)
	              Index Cond: ((id >= 6983918) AND (id <= 6993917))

table 2 : explain SELECT c FROM sbtest2 WHERE id BETWEEN 7917142 AND 7927141 ORDER BY c
	Sort  (cost=34717.35..34741.84 rows=9797 width=121)
	  Sort Key: c
	  ->  Bitmap Heap Scan on sbtest2  (cost=316.85..34067.90 rows=9797 width=121)
	        Recheck Cond: ((id >= 7917142) AND (id <= 7927141))
	        ->  Bitmap Index Scan on sbtest2_pkey  (cost=0.00..314.41 rows=9797 width=0)
	              Index Cond: ((id >= 7917142) AND (id <= 7927141))

table 3 : explain SELECT c FROM sbtest3 WHERE id BETWEEN 1721180 AND 1731179 ORDER BY c
	Sort  (cost=38711.00..38738.62 rows=11049 width=121)
	  Sort Key: c
	  ->  Bitmap Heap Scan on sbtest3  (cost=357.69..37968.97 rows=11049 width=121)
	        Recheck Cond: ((id >= 1721180) AND (id <= 1731179))
	        ->  Bitmap Index Scan on sbtest3_pkey  (cost=0.00..354.93 rows=11049 width=0)
	              Index Cond: ((id >= 1721180) AND (id <= 1731179))

table 4 : explain SELECT c FROM sbtest4 WHERE id BETWEEN 5642864 AND 5652863 ORDER BY c
	Sort  (cost=36488.44..36514.22 rows=10313 width=121)
	  Sort Key: c
	  ->  Bitmap Heap Scan on sbtest4  (cost=334.14..35800.97 rows=10313 width=121)
	        Recheck Cond: ((id >= 5642864) AND (id <= 5652863))
	        ->  Bitmap Index Scan on sbtest4_pkey  (cost=0.00..331.56 rows=10313 width=0)
	              Index Cond: ((id >= 5642864) AND (id <= 5652863))

table 5 : explain SELECT c FROM sbtest5 WHERE id BETWEEN 173341 AND 183340 ORDER BY c
	Sort  (cost=39077.76..39105.56 rows=11120 width=121)
	  Sort Key: c
	  ->  Bitmap Heap Scan on sbtest5  (cost=358.41..38330.45 rows=11120 width=121)
	        Recheck Cond: ((id >= 173341) AND (id <= 183340))
	        ->  Bitmap Index Scan on sbtest5_pkey  (cost=0.00..355.63 rows=11120 width=0)
	              Index Cond: ((id >= 173341) AND (id <= 183340))

table 6 : explain SELECT c FROM sbtest6 WHERE id BETWEEN 7053569 AND 7063568 ORDER BY c
	Sort  (cost=35635.58..35660.70 rows=10048 width=121)
	  Sort Key: c
	  ->  Bitmap Heap Scan on sbtest6  (cost=323.43..34967.66 rows=10048 width=121)
	        Recheck Cond: ((id >= 7053569) AND (id <= 7063568))
	        ->  Bitmap Index Scan on sbtest6_pkey  (cost=0.00..320.92 rows=10048 width=0)
	              Index Cond: ((id >= 7053569) AND (id <= 7063568))

table 7 : explain SELECT c FROM sbtest7 WHERE id BETWEEN 6889091 AND 6899090 ORDER BY c
	Sort  (cost=35715.90..35741.07 rows=10069 width=121)
	  Sort Key: c
	  ->  Bitmap Heap Scan on sbtest7  (cost=327.64..35046.43 rows=10069 width=121)
	        Recheck Cond: ((id >= 6889091) AND (id <= 6899090))
	        ->  Bitmap Index Scan on sbtest7_pkey  (cost=0.00..325.12 rows=10069 width=0)
	              Index Cond: ((id >= 6889091) AND (id <= 6899090))

table 8 : explain SELECT c FROM sbtest8 WHERE id BETWEEN 5781246 AND 5791245 ORDER BY c
	Sort  (cost=32662.43..32685.27 rows=9137 width=121)
	  Sort Key: c
	  ->  Bitmap Heap Scan on sbtest8  (cost=298.09..32061.33 rows=9137 width=121)
	        Recheck Cond: ((id >= 5781246) AND (id <= 5791245))
	        ->  Bitmap Index Scan on sbtest8_pkey  (cost=0.00..295.81 rows=9137 width=0)
	              Index Cond: ((id >= 5781246) AND (id <= 5791245))


for: sum_ranges
table 1 : explain SELECT SUM(k) FROM sbtest1 WHERE id BETWEEN 8480846 AND 8490845
	Aggregate  (cost=35213.75..35213.76 rows=1 width=8)
	  ->  Bitmap Heap Scan on sbtest1  (cost=332.96..35188.25 rows=10198 width=4)
	        Recheck Cond: ((id >= 8480846) AND (id <= 8490845))
	        ->  Bitmap Index Scan on sbtest1_pkey  (cost=0.00..330.42 rows=10198 width=0)
	              Index Cond: ((id >= 8480846) AND (id <= 8490845))

table 2 : explain SELECT SUM(k) FROM sbtest2 WHERE id BETWEEN 5899403 AND 5909402
	Aggregate  (cost=35482.67..35482.68 rows=1 width=8)
	  ->  Bitmap Heap Scan on sbtest2  (cost=333.34..35457.08 rows=10235 width=4)
	        Recheck Cond: ((id >= 5899403) AND (id <= 5909402))
	        ->  Bitmap Index Scan on sbtest2_pkey  (cost=0.00..330.79 rows=10235 width=0)
	              Index Cond: ((id >= 5899403) AND (id <= 5909402))

table 3 : explain SELECT SUM(k) FROM sbtest3 WHERE id BETWEEN 2256146 AND 2266145
	Aggregate  (cost=36866.32..36866.33 rows=1 width=8)
	  ->  Bitmap Heap Scan on sbtest3  (cost=345.98..36839.60 rows=10687 width=4)
	        Recheck Cond: ((id >= 2256146) AND (id <= 2266145))
	        ->  Bitmap Index Scan on sbtest3_pkey  (cost=0.00..343.31 rows=10687 width=0)
	              Index Cond: ((id >= 2256146) AND (id <= 2266145))

table 4 : explain SELECT SUM(k) FROM sbtest4 WHERE id BETWEEN 793587 AND 803586
	Aggregate  (cost=32753.64..32753.65 rows=1 width=8)
	  ->  Bitmap Heap Scan on sbtest4  (cost=304.27..32730.27 rows=9350 width=4)
	        Recheck Cond: ((id >= 793587) AND (id <= 803586))
	        ->  Bitmap Index Scan on sbtest4_pkey  (cost=0.00..301.94 rows=9350 width=0)
	              Index Cond: ((id >= 793587) AND (id <= 803586))

table 5 : explain SELECT SUM(k) FROM sbtest5 WHERE id BETWEEN 9972681 AND 9982680
	Aggregate  (cost=33430.95..33430.96 rows=1 width=8)
	  ->  Bitmap Heap Scan on sbtest5  (cost=310.46..33407.04 rows=9563 width=4)
	        Recheck Cond: ((id >= 9972681) AND (id <= 9982680))
	        ->  Bitmap Index Scan on sbtest5_pkey  (cost=0.00..308.06 rows=9563 width=0)
	              Index Cond: ((id >= 9972681) AND (id <= 9982680))

table 6 : explain SELECT SUM(k) FROM sbtest6 WHERE id BETWEEN 7140123 AND 7150122
	Aggregate  (cost=35091.16..35091.17 rows=1 width=8)
	  ->  Bitmap Heap Scan on sbtest6  (cost=327.73..35065.96 rows=10078 width=4)
	        Recheck Cond: ((id >= 7140123) AND (id <= 7150122))
	        ->  Bitmap Index Scan on sbtest6_pkey  (cost=0.00..325.21 rows=10078 width=0)
	              Index Cond: ((id >= 7140123) AND (id <= 7150122))

table 7 : explain SELECT SUM(k) FROM sbtest7 WHERE id BETWEEN 1264769 AND 1274768
	Aggregate  (cost=35231.07..35231.08 rows=1 width=8)
	  ->  Bitmap Heap Scan on sbtest7  (cost=328.16..35205.77 rows=10120 width=4)
	        Recheck Cond: ((id >= 1264769) AND (id <= 1274768))
	        ->  Bitmap Index Scan on sbtest7_pkey  (cost=0.00..325.63 rows=10120 width=0)
	              Index Cond: ((id >= 1264769) AND (id <= 1274768))

table 8 : explain SELECT SUM(k) FROM sbtest8 WHERE id BETWEEN 1424996 AND 1434995
	Aggregate  (cost=35752.52..35752.53 rows=1 width=8)
	  ->  Bitmap Heap Scan on sbtest8  (cost=333.86..35726.81 rows=10285 width=4)
	        Recheck Cond: ((id >= 1424996) AND (id <= 1434995))
	        ->  Bitmap Index Scan on sbtest8_pkey  (cost=0.00..331.29 rows=10285 width=0)
	              Index Cond: ((id >= 1424996) AND (id <= 1434995))

for: simple_ranges
table 1 : explain SELECT c FROM sbtest1 WHERE id BETWEEN 7222518 AND 7232517
	Bitmap Heap Scan on sbtest1  (cost=333.48..35342.50 rows=10248 width=121)
	  Recheck Cond: ((id >= 7222518) AND (id <= 7232517))
	  ->  Bitmap Index Scan on sbtest1_pkey  (cost=0.00..330.92 rows=10248 width=0)
	        Index Cond: ((id >= 7222518) AND (id <= 7232517))

table 2 : explain SELECT c FROM sbtest2 WHERE id BETWEEN 65945 AND 75944
	Bitmap Heap Scan on sbtest2  (cost=316.72..34028.89 rows=9784 width=121)
	  Recheck Cond: ((id >= 65945) AND (id <= 75944))
	  ->  Bitmap Index Scan on sbtest2_pkey  (cost=0.00..314.28 rows=9784 width=0)
	        Index Cond: ((id >= 65945) AND (id <= 75944))

table 3 : explain SELECT c FROM sbtest3 WHERE id BETWEEN 551216 AND 561215
	Bitmap Heap Scan on sbtest3  (cost=298.88..32182.38 rows=9214 width=121)
	  Recheck Cond: ((id >= 551216) AND (id <= 561215))
	  ->  Bitmap Index Scan on sbtest3_pkey  (cost=0.00..296.57 rows=9214 width=0)
	        Index Cond: ((id >= 551216) AND (id <= 561215))

table 4 : explain SELECT c FROM sbtest4 WHERE id BETWEEN 331595 AND 341594
	Bitmap Heap Scan on sbtest4  (cost=316.02..33902.66 rows=9716 width=121)
	  Recheck Cond: ((id >= 331595) AND (id <= 341594))
	  ->  Bitmap Index Scan on sbtest4_pkey  (cost=0.00..313.59 rows=9716 width=0)
	        Index Cond: ((id >= 331595) AND (id <= 341594))

table 5 : explain SELECT c FROM sbtest5 WHERE id BETWEEN 1374777 AND 1384776
	Bitmap Heap Scan on sbtest5  (cost=334.43..35879.75 rows=10341 width=121)
	  Recheck Cond: ((id >= 1374777) AND (id <= 1384776))
	  ->  Bitmap Index Scan on sbtest5_pkey  (cost=0.00..331.84 rows=10341 width=0)
	        Index Cond: ((id >= 1374777) AND (id <= 1384776))

table 6 : explain SELECT c FROM sbtest6 WHERE id BETWEEN 5311937 AND 5321936
	Bitmap Heap Scan on sbtest6  (cost=316.78..34146.11 rows=9790 width=121)
	  Recheck Cond: ((id >= 5311937) AND (id <= 5321936))
	  ->  Bitmap Index Scan on sbtest6_pkey  (cost=0.00..314.33 rows=9790 width=0)
	        Index Cond: ((id >= 5311937) AND (id <= 5321936))

table 7 : explain SELECT c FROM sbtest7 WHERE id BETWEEN 226147 AND 236146
	Bitmap Heap Scan on sbtest7  (cost=321.26..34306.39 rows=9837 width=121)
	  Recheck Cond: ((id >= 226147) AND (id <= 236146))
	  ->  Bitmap Index Scan on sbtest7_pkey  (cost=0.00..318.81 rows=9837 width=0)
	        Index Cond: ((id >= 226147) AND (id <= 236146))

table 8 : explain SELECT c FROM sbtest8 WHERE id BETWEEN 4130059 AND 4140058
	Bitmap Heap Scan on sbtest8  (cost=310.12..33322.47 rows=9530 width=121)
	  Recheck Cond: ((id >= 4130059) AND (id <= 4140058))
	  ->  Bitmap Index Scan on sbtest8_pkey  (cost=0.00..307.74 rows=9530 width=0)
	        Index Cond: ((id >= 4130059) AND (id <= 4140058))

for: order_ranges
table 1 : explain SELECT c FROM sbtest1 WHERE id BETWEEN 5469752 AND 5479751 ORDER BY c
	Sort  (cost=34028.87..34052.95 rows=9629 width=121)
	  Sort Key: c
	  ->  Bitmap Heap Scan on sbtest1  (cost=311.13..33391.76 rows=9629 width=121)
	        Recheck Cond: ((id >= 5469752) AND (id <= 5479751))
	        ->  Bitmap Index Scan on sbtest1_pkey  (cost=0.00..308.73 rows=9629 width=0)
	              Index Cond: ((id >= 5469752) AND (id <= 5479751))

table 2 : explain SELECT c FROM sbtest2 WHERE id BETWEEN 7313367 AND 7323366 ORDER BY c
	Sort  (cost=38059.87..38086.96 rows=10833 width=121)
	  Sort Key: c
	  ->  Bitmap Heap Scan on sbtest2  (cost=351.47..37333.89 rows=10833 width=121)
	        Recheck Cond: ((id >= 7313367) AND (id <= 7323366))
	        ->  Bitmap Index Scan on sbtest2_pkey  (cost=0.00..348.76 rows=10833 width=0)
	              Index Cond: ((id >= 7313367) AND (id <= 7323366))

table 3 : explain SELECT c FROM sbtest3 WHERE id BETWEEN 1642119 AND 1652118 ORDER BY c
	Sort  (cost=34786.48..34811.05 rows=9828 width=121)
	  Sort Key: c
	  ->  Bitmap Heap Scan on sbtest3  (cost=317.17..34134.76 rows=9828 width=121)
	        Recheck Cond: ((id >= 1642119) AND (id <= 1652118))
	        ->  Bitmap Index Scan on sbtest3_pkey  (cost=0.00..314.71 rows=9828 width=0)
	              Index Cond: ((id >= 1642119) AND (id <= 1652118))

table 4 : explain SELECT c FROM sbtest4 WHERE id BETWEEN 4906096 AND 4916095 ORDER BY c
	Sort  (cost=35916.68..35942.03 rows=10137 width=121)
	  Sort Key: c
	  ->  Bitmap Heap Scan on sbtest4  (cost=328.34..35242.20 rows=10137 width=121)
	        Recheck Cond: ((id >= 4906096) AND (id <= 4916095))
	        ->  Bitmap Index Scan on sbtest4_pkey  (cost=0.00..325.81 rows=10137 width=0)
	              Index Cond: ((id >= 4906096) AND (id <= 4916095))

table 5 : explain SELECT c FROM sbtest5 WHERE id BETWEEN 7919817 AND 7929816 ORDER BY c
	Sort  (cost=35495.10..35520.12 rows=10010 width=121)
	  Sort Key: c
	  ->  Bitmap Heap Scan on sbtest5  (cost=323.04..34829.98 rows=10010 width=121)
	        Recheck Cond: ((id >= 7919817) AND (id <= 7929816))
	        ->  Bitmap Index Scan on sbtest5_pkey  (cost=0.00..320.54 rows=10010 width=0)
	              Index Cond: ((id >= 7919817) AND (id <= 7929816))

table 6 : explain SELECT c FROM sbtest6 WHERE id BETWEEN 2355228 AND 2365227 ORDER BY c
	Sort  (cost=35399.20..35424.13 rows=9975 width=121)
	  Sort Key: c
	  ->  Bitmap Heap Scan on sbtest6  (cost=322.68..34736.65 rows=9975 width=121)
	        Recheck Cond: ((id >= 2355228) AND (id <= 2365227))
	        ->  Bitmap Index Scan on sbtest6_pkey  (cost=0.00..320.19 rows=9975 width=0)
	              Index Cond: ((id >= 2355228) AND (id <= 2365227))

table 7 : explain SELECT c FROM sbtest7 WHERE id BETWEEN 7232525 AND 7242524 ORDER BY c
	Sort  (cost=32381.29..32403.92 rows=9052 width=121)
	  Sort Key: c
	  ->  Bitmap Heap Scan on sbtest7  (cost=293.22..31786.39 rows=9052 width=121)
	        Recheck Cond: ((id >= 7232525) AND (id <= 7242524))
	        ->  Bitmap Index Scan on sbtest7_pkey  (cost=0.00..290.95 rows=9052 width=0)
	              Index Cond: ((id >= 7232525) AND (id <= 7242524))

table 8 : explain SELECT c FROM sbtest8 WHERE id BETWEEN 8799530 AND 8809529 ORDER BY c
	Sort  (cost=36817.70..36843.72 rows=10410 width=121)
	  Sort Key: c
	  ->  Bitmap Heap Scan on sbtest8  (cost=339.14..36123.05 rows=10410 width=121)
	        Recheck Cond: ((id >= 8799530) AND (id <= 8809529))
	        ->  Bitmap Index Scan on sbtest8_pkey  (cost=0.00..336.54 rows=10410 width=0)
	              Index Cond: ((id >= 8799530) AND (id <= 8809529))

for: order_ranges
table 1 : explain SELECT c FROM sbtest1 WHERE id BETWEEN 1092307 AND 1102306 ORDER BY c
	Sort  (cost=32699.15..32722.20 rows=9218 width=121)
	  Sort Key: c
	  ->  Bitmap Heap Scan on sbtest1  (cost=298.92..32092.14 rows=9218 width=121)
	        Recheck Cond: ((id >= 1092307) AND (id <= 1102306))
	        ->  Bitmap Index Scan on sbtest1_pkey  (cost=0.00..296.62 rows=9218 width=0)
	              Index Cond: ((id >= 1092307) AND (id <= 1102306))

table 2 : explain SELECT c FROM sbtest2 WHERE id BETWEEN 9025184 AND 9035183 ORDER BY c
	Sort  (cost=35588.44..35613.60 rows=10065 width=121)
	  Sort Key: c
	  ->  Bitmap Heap Scan on sbtest2  (cost=327.60..34919.27 rows=10065 width=121)
	        Recheck Cond: ((id >= 9025184) AND (id <= 9035183))
	        ->  Bitmap Index Scan on sbtest2_pkey  (cost=0.00..325.08 rows=10065 width=0)
	              Index Cond: ((id >= 9025184) AND (id <= 9035183))

table 3 : explain SELECT c FROM sbtest3 WHERE id BETWEEN 9562296 AND 9572295 ORDER BY c
	Sort  (cost=35347.55..35372.56 rows=10001 width=121)
	  Sort Key: c
	  ->  Bitmap Heap Scan on sbtest3  (cost=322.95..34683.09 rows=10001 width=121)
	        Recheck Cond: ((id >= 9562296) AND (id <= 9572295))
	        ->  Bitmap Index Scan on sbtest3_pkey  (cost=0.00..320.44 rows=10001 width=0)
	              Index Cond: ((id >= 9562296) AND (id <= 9572295))

table 4 : explain SELECT c FROM sbtest4 WHERE id BETWEEN 8388733 AND 8398732 ORDER BY c
	Sort  (cost=36173.24..36198.78 rows=10216 width=121)
	  Sort Key: c
	  ->  Bitmap Heap Scan on sbtest4  (cost=333.15..35492.92 rows=10216 width=121)
	        Recheck Cond: ((id >= 8388733) AND (id <= 8398732))
	        ->  Bitmap Index Scan on sbtest4_pkey  (cost=0.00..330.59 rows=10216 width=0)
	              Index Cond: ((id >= 8388733) AND (id <= 8398732))

table 5 : explain SELECT c FROM sbtest5 WHERE id BETWEEN 1645448 AND 1655447 ORDER BY c
	Sort  (cost=35791.71..35816.96 rows=10100 width=121)
	  Sort Key: c
	  ->  Bitmap Heap Scan on sbtest5  (cost=327.96..35119.95 rows=10100 width=121)
	        Recheck Cond: ((id >= 1645448) AND (id <= 1655447))
	        ->  Bitmap Index Scan on sbtest5_pkey  (cost=0.00..325.44 rows=10100 width=0)
	              Index Cond: ((id >= 1645448) AND (id <= 1655447))

table 6 : explain SELECT c FROM sbtest6 WHERE id BETWEEN 6488131 AND 6498130 ORDER BY c
	Sort  (cost=36278.60..36304.21 rows=10245 width=121)
	  Sort Key: c
	  ->  Bitmap Heap Scan on sbtest6  (cost=333.45..35596.14 rows=10245 width=121)
	        Recheck Cond: ((id >= 6488131) AND (id <= 6498130))
	        ->  Bitmap Index Scan on sbtest6_pkey  (cost=0.00..330.88 rows=10245 width=0)
	              Index Cond: ((id >= 6488131) AND (id <= 6498130))

table 7 : explain SELECT c FROM sbtest7 WHERE id BETWEEN 3675747 AND 3685746 ORDER BY c
	Sort  (cost=36321.77..36347.41 rows=10256 width=121)
	  Sort Key: c
	  ->  Bitmap Heap Scan on sbtest7  (cost=333.56..35638.50 rows=10256 width=121)
	        Recheck Cond: ((id >= 3675747) AND (id <= 3685746))
	        ->  Bitmap Index Scan on sbtest7_pkey  (cost=0.00..331.00 rows=10256 width=0)
	              Index Cond: ((id >= 3675747) AND (id <= 3685746))

table 8 : explain SELECT c FROM sbtest8 WHERE id BETWEEN 864946 AND 874945 ORDER BY c
	Sort  (cost=35349.80..35374.69 rows=9958 width=121)
	  Sort Key: c
	  ->  Bitmap Heap Scan on sbtest8  (cost=322.50..34688.50 rows=9958 width=121)
	        Recheck Cond: ((id >= 864946) AND (id <= 874945))
	        ->  Bitmap Index Scan on sbtest8_pkey  (cost=0.00..320.01 rows=9958 width=0)
	              Index Cond: ((id >= 864946) AND (id <= 874945))

for: distinct_ranges
table 1 : explain SELECT DISTINCT c FROM sbtest1 WHERE id BETWEEN 5473374 AND 5483373 ORDER BY c
	Unique  (cost=33922.85..33970.83 rows=9596 width=121)
	  ->  Sort  (cost=33922.85..33946.84 rows=9596 width=121)
	        Sort Key: c
	        ->  Bitmap Heap Scan on sbtest1  (cost=310.79..33288.16 rows=9596 width=121)
	              Recheck Cond: ((id >= 5473374) AND (id <= 5483373))
	              ->  Bitmap Index Scan on sbtest1_pkey  (cost=0.00..308.40 rows=9596 width=0)
	                    Index Cond: ((id >= 5473374) AND (id <= 5483373))

table 2 : explain SELECT DISTINCT c FROM sbtest2 WHERE id BETWEEN 2438942 AND 2448941 ORDER BY c
	Unique  (cost=36247.94..36299.28 rows=10269 width=121)
	  ->  Sort  (cost=36247.94..36273.61 rows=10269 width=121)
	        Sort Key: c
	        ->  Bitmap Heap Scan on sbtest2  (cost=333.69..35563.71 rows=10269 width=121)
	              Recheck Cond: ((id >= 2438942) AND (id <= 2448941))
	              ->  Bitmap Index Scan on sbtest2_pkey  (cost=0.00..331.12 rows=10269 width=0)
	                    Index Cond: ((id >= 2438942) AND (id <= 2448941))

table 3 : explain SELECT DISTINCT c FROM sbtest3 WHERE id BETWEEN 6247253 AND 6257252 ORDER BY c
	Unique  (cost=34982.96..35032.40 rows=9888 width=121)
	  ->  Sort  (cost=34982.96..35007.68 rows=9888 width=121)
	        Sort Key: c
	        ->  Bitmap Heap Scan on sbtest3  (cost=321.79..34326.82 rows=9888 width=121)
	              Recheck Cond: ((id >= 6247253) AND (id <= 6257252))
	              ->  Bitmap Index Scan on sbtest3_pkey  (cost=0.00..319.31 rows=9888 width=0)
	                    Index Cond: ((id >= 6247253) AND (id <= 6257252))

table 4 : explain SELECT DISTINCT c FROM sbtest4 WHERE id BETWEEN 3313261 AND 3323260 ORDER BY c
	Unique  (cost=34171.28..34219.29 rows=9602 width=121)
	  ->  Sort  (cost=34171.28..34195.29 rows=9602 width=121)
	        Sort Key: c
	        ->  Bitmap Heap Scan on sbtest4  (cost=310.86..33536.15 rows=9602 width=121)
	              Recheck Cond: ((id >= 3313261) AND (id <= 3323260))
	              ->  Bitmap Index Scan on sbtest4_pkey  (cost=0.00..308.45 rows=9602 width=0)
	                    Index Cond: ((id >= 3313261) AND (id <= 3323260))

table 5 : explain SELECT DISTINCT c FROM sbtest5 WHERE id BETWEEN 628651 AND 638650 ORDER BY c
	Unique  (cost=35272.07..35321.77 rows=9941 width=121)
	  ->  Sort  (cost=35272.07..35296.92 rows=9941 width=121)
	        Sort Key: c
	        ->  Bitmap Heap Scan on sbtest5  (cost=322.33..34612.03 rows=9941 width=121)
	              Recheck Cond: ((id >= 628651) AND (id <= 638650))
	              ->  Bitmap Index Scan on sbtest5_pkey  (cost=0.00..319.84 rows=9941 width=0)
	                    Index Cond: ((id >= 628651) AND (id <= 638650))

table 6 : explain SELECT DISTINCT c FROM sbtest6 WHERE id BETWEEN 460038 AND 470037 ORDER BY c
	Unique  (cost=34851.73..34900.77 rows=9807 width=121)
	  ->  Sort  (cost=34851.73..34876.25 rows=9807 width=121)
	        Sort Key: c
	        ->  Bitmap Heap Scan on sbtest6  (cost=316.96..34201.55 rows=9807 width=121)
	              Recheck Cond: ((id >= 460038) AND (id <= 470037))
	              ->  Bitmap Index Scan on sbtest6_pkey  (cost=0.00..314.50 rows=9807 width=0)
	                    Index Cond: ((id >= 460038) AND (id <= 470037))

table 7 : explain SELECT DISTINCT c FROM sbtest7 WHERE id BETWEEN 516535 AND 526534 ORDER BY c
	Unique  (cost=36068.47..36119.36 rows=10178 width=121)
	  ->  Sort  (cost=36068.47..36093.92 rows=10178 width=121)
	        Sort Key: c
	        ->  Bitmap Heap Scan on sbtest7  (cost=328.76..35390.97 rows=10178 width=121)
	              Recheck Cond: ((id >= 516535) AND (id <= 526534))
	              ->  Bitmap Index Scan on sbtest7_pkey  (cost=0.00..326.21 rows=10178 width=0)
	                    Index Cond: ((id >= 516535) AND (id <= 526534))

table 8 : explain SELECT DISTINCT c FROM sbtest8 WHERE id BETWEEN 6782364 AND 6792363 ORDER BY c
	Unique  (cost=35329.82..35379.58 rows=9952 width=121)
	  ->  Sort  (cost=35329.82..35354.70 rows=9952 width=121)
	        Sort Key: c
	        ->  Bitmap Heap Scan on sbtest8  (cost=322.44..34668.97 rows=9952 width=121)
	              Recheck Cond: ((id >= 6782364) AND (id <= 6792363))
	              ->  Bitmap Index Scan on sbtest8_pkey  (cost=0.00..319.95 rows=9952 width=0)
	                    Index Cond: ((id >= 6782364) AND (id <= 6792363))

for: order_ranges
table 1 : explain SELECT c FROM sbtest1 WHERE id BETWEEN 8602854 AND 8612853 ORDER BY c
	Sort  (cost=33587.86..33611.58 rows=9491 width=121)
	  Sort Key: c
	  ->  Bitmap Heap Scan on sbtest1  (cost=309.72..32960.86 rows=9491 width=121)
	        Recheck Cond: ((id >= 8602854) AND (id <= 8612853))
	        ->  Bitmap Index Scan on sbtest1_pkey  (cost=0.00..307.34 rows=9491 width=0)
	              Index Cond: ((id >= 8602854) AND (id <= 8612853))

table 2 : explain SELECT c FROM sbtest2 WHERE id BETWEEN 5203285 AND 5213284 ORDER BY c
	Sort  (cost=33316.14..33339.56 rows=9366 width=121)
	  Sort Key: c
	  ->  Bitmap Heap Scan on sbtest2  (cost=304.44..32698.31 rows=9366 width=121)
	        Recheck Cond: ((id >= 5203285) AND (id <= 5213284))
	        ->  Bitmap Index Scan on sbtest2_pkey  (cost=0.00..302.09 rows=9366 width=0)
	              Index Cond: ((id >= 5203285) AND (id <= 5213284))

table 3 : explain SELECT c FROM sbtest3 WHERE id BETWEEN 6213040 AND 6223039 ORDER BY c
	Sort  (cost=34982.96..35007.68 rows=9888 width=121)
	  Sort Key: c
	  ->  Bitmap Heap Scan on sbtest3  (cost=321.79..34326.82 rows=9888 width=121)
	        Recheck Cond: ((id >= 6213040) AND (id <= 6223039))
	        ->  Bitmap Index Scan on sbtest3_pkey  (cost=0.00..319.31 rows=9888 width=0)
	              Index Cond: ((id >= 6213040) AND (id <= 6223039))

table 4 : explain SELECT c FROM sbtest4 WHERE id BETWEEN 8535331 AND 8545330 ORDER BY c
	Sort  (cost=34268.25..34292.33 rows=9632 width=121)
	  Sort Key: c
	  ->  Bitmap Heap Scan on sbtest4  (cost=311.16..33630.92 rows=9632 width=121)
	        Recheck Cond: ((id >= 8535331) AND (id <= 8545330))
	        ->  Bitmap Index Scan on sbtest4_pkey  (cost=0.00..308.75 rows=9632 width=0)
	              Index Cond: ((id >= 8535331) AND (id <= 8545330))

table 5 : explain SELECT c FROM sbtest5 WHERE id BETWEEN 8393167 AND 8403166 ORDER BY c
	Sort  (cost=35252.01..35276.84 rows=9934 width=121)
	  Sort Key: c
	  ->  Bitmap Heap Scan on sbtest5  (cost=322.26..34592.48 rows=9934 width=121)
	        Recheck Cond: ((id >= 8393167) AND (id <= 8403166))
	        ->  Bitmap Index Scan on sbtest5_pkey  (cost=0.00..319.78 rows=9934 width=0)
	              Index Cond: ((id >= 8393167) AND (id <= 8403166))

table 6 : explain SELECT c FROM sbtest6 WHERE id BETWEEN 4787491 AND 4797490 ORDER BY c
	Sort  (cost=37399.59..37426.07 rows=10592 width=121)
	  Sort Key: c
	  ->  Bitmap Heap Scan on sbtest6  (cost=341.00..36691.48 rows=10592 width=121)
	        Recheck Cond: ((id >= 4787491) AND (id <= 4797490))
	        ->  Bitmap Index Scan on sbtest6_pkey  (cost=0.00..338.36 rows=10592 width=0)
	              Index Cond: ((id >= 4787491) AND (id <= 4797490))

table 7 : explain SELECT c FROM sbtest7 WHERE id BETWEEN 4642959 AND 4652958 ORDER BY c
	Sort  (cost=33149.17..33172.38 rows=9284 width=121)
	  Sort Key: c
	  ->  Bitmap Heap Scan on sbtest7  (cost=303.60..32537.33 rows=9284 width=121)
	        Recheck Cond: ((id >= 4642959) AND (id <= 4652958))
	        ->  Bitmap Index Scan on sbtest7_pkey  (cost=0.00..301.28 rows=9284 width=0)
	              Index Cond: ((id >= 4642959) AND (id <= 4652958))

table 8 : explain SELECT c FROM sbtest8 WHERE id BETWEEN 4928585 AND 4938584 ORDER BY c
	Sort  (cost=38290.86..38318.03 rows=10867 width=121)
	  Sort Key: c
	  ->  Bitmap Heap Scan on sbtest8  (cost=351.82..37562.35 rows=10867 width=121)
	        Recheck Cond: ((id >= 4928585) AND (id <= 4938584))
	        ->  Bitmap Index Scan on sbtest8_pkey  (cost=0.00..349.11 rows=10867 width=0)
	              Index Cond: ((id >= 4928585) AND (id <= 4938584))

for: sum_ranges
table 1 : explain SELECT SUM(k) FROM sbtest1 WHERE id BETWEEN 764082 AND 774081
	Aggregate  (cost=34332.50..34332.51 rows=1 width=8)
	  ->  Bitmap Heap Scan on sbtest1  (cost=322.10..34307.71 rows=9919 width=4)
	        Recheck Cond: ((id >= 764082) AND (id <= 774081))
	        ->  Bitmap Index Scan on sbtest1_pkey  (cost=0.00..319.62 rows=9919 width=0)
	              Index Cond: ((id >= 764082) AND (id <= 774081))

table 2 : explain SELECT SUM(k) FROM sbtest2 WHERE id BETWEEN 97214 AND 107213
	Aggregate  (cost=33434.03..33434.04 rows=1 width=8)
	  ->  Bitmap Heap Scan on sbtest2  (cost=310.73..33410.06 rows=9590 width=4)
	        Recheck Cond: ((id >= 97214) AND (id <= 107213))
	        ->  Bitmap Index Scan on sbtest2_pkey  (cost=0.00..308.33 rows=9590 width=0)
	              Index Cond: ((id >= 97214) AND (id <= 107213))

table 3 : explain SELECT SUM(k) FROM sbtest3 WHERE id BETWEEN 1028380 AND 1038379
	Aggregate  (cost=37772.52..37772.53 rows=1 width=8)
	  ->  Bitmap Heap Scan on sbtest3  (cost=356.95..37745.08 rows=10977 width=4)
	        Recheck Cond: ((id >= 1028380) AND (id <= 1038379))
	        ->  Bitmap Index Scan on sbtest3_pkey  (cost=0.00..354.20 rows=10977 width=0)
	              Index Cond: ((id >= 1028380) AND (id <= 1038379))

table 4 : explain SELECT SUM(k) FROM sbtest4 WHERE id BETWEEN 710946 AND 720945
	Aggregate  (cost=32753.64..32753.65 rows=1 width=8)
	  ->  Bitmap Heap Scan on sbtest4  (cost=304.27..32730.27 rows=9350 width=4)
	        Recheck Cond: ((id >= 710946) AND (id <= 720945))
	        ->  Bitmap Index Scan on sbtest4_pkey  (cost=0.00..301.94 rows=9350 width=0)
	              Index Cond: ((id >= 710946) AND (id <= 720945))

table 5 : explain SELECT SUM(k) FROM sbtest5 WHERE id BETWEEN 4258539 AND 4268538
	Aggregate  (cost=37762.40..37762.41 rows=1 width=8)
	  ->  Bitmap Heap Scan on sbtest5  (cost=352.47..37735.08 rows=10930 width=4)
	        Recheck Cond: ((id >= 4258539) AND (id <= 4268538))
	        ->  Bitmap Index Scan on sbtest5_pkey  (cost=0.00..349.74 rows=10930 width=0)
	              Index Cond: ((id >= 4258539) AND (id <= 4268538))

table 6 : explain SELECT SUM(k) FROM sbtest6 WHERE id BETWEEN 3352969 AND 3362968
	Aggregate  (cost=33774.52..33774.53 rows=1 width=8)
	  ->  Bitmap Heap Scan on sbtest6  (cost=311.51..33750.35 rows=9666 width=4)
	        Recheck Cond: ((id >= 3352969) AND (id <= 3362968))
	        ->  Bitmap Index Scan on sbtest6_pkey  (cost=0.00..309.09 rows=9666 width=0)
	              Index Cond: ((id >= 3352969) AND (id <= 3362968))

table 7 : explain SELECT SUM(k) FROM sbtest7 WHERE id BETWEEN 3241545 AND 3251544
	Aggregate  (cost=35894.65..35894.66 rows=1 width=8)
	  ->  Bitmap Heap Scan on sbtest7  (cost=334.31..35868.83 rows=10329 width=4)
	        Recheck Cond: ((id >= 3241545) AND (id <= 3251544))
	        ->  Bitmap Index Scan on sbtest7_pkey  (cost=0.00..331.73 rows=10329 width=0)
	              Index Cond: ((id >= 3241545) AND (id <= 3251544))

table 8 : explain SELECT SUM(k) FROM sbtest8 WHERE id BETWEEN 6756890 AND 6766889
	Aggregate  (cost=34693.85..34693.86 rows=1 width=8)
	  ->  Bitmap Heap Scan on sbtest8  (cost=322.44..34668.97 rows=9952 width=4)
	        Recheck Cond: ((id >= 6756890) AND (id <= 6766889))
	        ->  Bitmap Index Scan on sbtest8_pkey  (cost=0.00..319.95 rows=9952 width=0)
	              Index Cond: ((id >= 6756890) AND (id <= 6766889))

for: order_ranges
table 1 : explain SELECT c FROM sbtest1 WHERE id BETWEEN 5698031 AND 5708030 ORDER BY c
	Sort  (cost=38649.97..38677.65 rows=11073 width=121)
	  Sort Key: c
	  ->  Bitmap Heap Scan on sbtest1  (cost=357.93..37906.15 rows=11073 width=121)
	        Recheck Cond: ((id >= 5698031) AND (id <= 5708030))
	        ->  Bitmap Index Scan on sbtest1_pkey  (cost=0.00..355.17 rows=11073 width=0)
	              Index Cond: ((id >= 5698031) AND (id <= 5708030))

table 2 : explain SELECT c FROM sbtest2 WHERE id BETWEEN 3539021 AND 3549020 ORDER BY c
	Sort  (cost=35319.10..35344.06 rows=9982 width=121)
	  Sort Key: c
	  ->  Bitmap Heap Scan on sbtest2  (cost=322.75..34656.04 rows=9982 width=121)
	        Recheck Cond: ((id >= 3539021) AND (id <= 3549020))
	        ->  Bitmap Index Scan on sbtest2_pkey  (cost=0.00..320.25 rows=9982 width=0)
	              Index Cond: ((id >= 3539021) AND (id <= 3549020))

table 3 : explain SELECT c FROM sbtest3 WHERE id BETWEEN 2546134 AND 2556133 ORDER BY c
	Sort  (cost=34274.14..34298.31 rows=9670 width=121)
	  Sort Key: c
	  ->  Bitmap Heap Scan on sbtest3  (cost=311.55..33634.02 rows=9670 width=121)
	        Recheck Cond: ((id >= 2546134) AND (id <= 2556133))
	        ->  Bitmap Index Scan on sbtest3_pkey  (cost=0.00..309.13 rows=9670 width=0)
	              Index Cond: ((id >= 2546134) AND (id <= 2556133))

table 4 : explain SELECT c FROM sbtest4 WHERE id BETWEEN 2143364 AND 2153363 ORDER BY c
	Sort  (cost=32879.80..32902.82 rows=9208 width=121)
	  Sort Key: c
	  ->  Bitmap Heap Scan on sbtest4  (cost=298.82..32273.52 rows=9208 width=121)
	        Recheck Cond: ((id >= 2143364) AND (id <= 2153363))
	        ->  Bitmap Index Scan on sbtest4_pkey  (cost=0.00..296.51 rows=9208 width=0)
	              Index Cond: ((id >= 2143364) AND (id <= 2153363))

table 5 : explain SELECT c FROM sbtest5 WHERE id BETWEEN 1431365 AND 1441364 ORDER BY c
	Sort  (cost=35964.55..35989.94 rows=10154 width=121)
	  Sort Key: c
	  ->  Bitmap Heap Scan on sbtest5  (cost=328.51..35288.82 rows=10154 width=121)
	        Recheck Cond: ((id >= 1431365) AND (id <= 1441364))
	        ->  Bitmap Index Scan on sbtest5_pkey  (cost=0.00..325.98 rows=10154 width=0)
	              Index Cond: ((id >= 1431365) AND (id <= 1441364))

table 6 : explain SELECT c FROM sbtest6 WHERE id BETWEEN 3930907 AND 3940906 ORDER BY c
	Sort  (cost=37035.49..37061.68 rows=10479 width=121)
	  Sort Key: c
	  ->  Bitmap Heap Scan on sbtest6  (cost=339.84..36335.74 rows=10479 width=121)
	        Recheck Cond: ((id >= 3930907) AND (id <= 3940906))
	        ->  Bitmap Index Scan on sbtest6_pkey  (cost=0.00..337.23 rows=10479 width=0)
	              Index Cond: ((id >= 3930907) AND (id <= 3940906))

table 7 : explain SELECT c FROM sbtest7 WHERE id BETWEEN 697483 AND 707482 ORDER BY c
	Sort  (cost=34791.17..34815.63 rows=9786 width=121)
	  Sort Key: c
	  ->  Bitmap Heap Scan on sbtest7  (cost=316.74..34142.53 rows=9786 width=121)
	        Recheck Cond: ((id >= 697483) AND (id <= 707482))
	        ->  Bitmap Index Scan on sbtest7_pkey  (cost=0.00..314.30 rows=9786 width=0)
	              Index Cond: ((id >= 697483) AND (id <= 707482))

table 8 : explain SELECT c FROM sbtest8 WHERE id BETWEEN 2287720 AND 2297719 ORDER BY c
	Sort  (cost=34832.25..34856.75 rows=9800 width=121)
	  Sort Key: c
	  ->  Bitmap Heap Scan on sbtest8  (cost=316.88..34182.58 rows=9800 width=121)
	        Recheck Cond: ((id >= 2287720) AND (id <= 2297719))
	        ->  Bitmap Index Scan on sbtest8_pkey  (cost=0.00..314.44 rows=9800 width=0)
	              Index Cond: ((id >= 2287720) AND (id <= 2297719))

explain: for point_selects :: explain SELECT c FROM sbtest%u WHERE id=%u
for: distinct_ranges
table 1 : explain SELECT DISTINCT c FROM sbtest1 WHERE id BETWEEN 5839410 AND 5849409 ORDER BY c
	Unique  (cost=34705.16..34754.34 rows=9837 width=121)
	  ->  Sort  (cost=34705.16..34729.75 rows=9837 width=121)
	        Sort Key: c
	        ->  Bitmap Heap Scan on sbtest1  (cost=321.26..34052.77 rows=9837 width=121)
	              Recheck Cond: ((id >= 5839410) AND (id <= 5849409))
	              ->  Bitmap Index Scan on sbtest1_pkey  (cost=0.00..318.81 rows=9837 width=0)
	                    Index Cond: ((id >= 5839410) AND (id <= 5849409))

table 2 : explain SELECT DISTINCT c FROM sbtest2 WHERE id BETWEEN 8412452 AND 8422451 ORDER BY c
	Unique  (cost=38989.07..39044.69 rows=11124 width=121)
	  ->  Sort  (cost=38989.07..39016.88 rows=11124 width=121)
	        Sort Key: c
	        ->  Bitmap Heap Scan on sbtest2  (cost=358.46..38241.46 rows=11124 width=121)
	              Recheck Cond: ((id >= 8412452) AND (id <= 8422451))
	              ->  Bitmap Index Scan on sbtest2_pkey  (cost=0.00..355.68 rows=11124 width=0)
	                    Index Cond: ((id >= 8412452) AND (id <= 8422451))

table 3 : explain SELECT DISTINCT c FROM sbtest3 WHERE id BETWEEN 3739994 AND 3749993 ORDER BY c
	Unique  (cost=34527.50..34576.24 rows=9748 width=121)
	  ->  Sort  (cost=34527.50..34551.87 rows=9748 width=121)
	        Sort Key: c
	        ->  Bitmap Heap Scan on sbtest3  (cost=316.35..33881.65 rows=9748 width=121)
	              Recheck Cond: ((id >= 3739994) AND (id <= 3749993))
	              ->  Bitmap Index Scan on sbtest3_pkey  (cost=0.00..313.92 rows=9748 width=0)
	                    Index Cond: ((id >= 3739994) AND (id <= 3749993))

table 4 : explain SELECT DISTINCT c FROM sbtest4 WHERE id BETWEEN 8663915 AND 8673914 ORDER BY c
	Unique  (cost=36574.69..36626.39 rows=10340 width=121)
	  ->  Sort  (cost=36574.69..36600.54 rows=10340 width=121)
	        Sort Key: c
	        ->  Bitmap Heap Scan on sbtest4  (cost=334.42..35885.22 rows=10340 width=121)
	              Recheck Cond: ((id >= 8663915) AND (id <= 8673914))
	              ->  Bitmap Index Scan on sbtest4_pkey  (cost=0.00..331.83 rows=10340 width=0)
	                    Index Cond: ((id >= 8663915) AND (id <= 8673914))

table 5 : explain SELECT DISTINCT c FROM sbtest5 WHERE id BETWEEN 4787595 AND 4797594 ORDER BY c
	Unique  (cost=36130.66..36181.69 rows=10206 width=121)
	  ->  Sort  (cost=36130.66..36156.18 rows=10206 width=121)
	        Sort Key: c
	        ->  Bitmap Heap Scan on sbtest5  (cost=329.05..35451.09 rows=10206 width=121)
	              Recheck Cond: ((id >= 4787595) AND (id <= 4797594))
	              ->  Bitmap Index Scan on sbtest5_pkey  (cost=0.00..326.50 rows=10206 width=0)
	                    Index Cond: ((id >= 4787595) AND (id <= 4797594))

table 6 : explain SELECT DISTINCT c FROM sbtest6 WHERE id BETWEEN 453526 AND 463525 ORDER BY c
	Unique  (cost=34851.73..34900.77 rows=9807 width=121)
	  ->  Sort  (cost=34851.73..34876.25 rows=9807 width=121)
	        Sort Key: c
	        ->  Bitmap Heap Scan on sbtest6  (cost=316.96..34201.55 rows=9807 width=121)
	              Recheck Cond: ((id >= 453526) AND (id <= 463525))
	              ->  Bitmap Index Scan on sbtest6_pkey  (cost=0.00..314.50 rows=9807 width=0)
	                    Index Cond: ((id >= 453526) AND (id <= 463525))

table 7 : explain SELECT DISTINCT c FROM sbtest7 WHERE id BETWEEN 1480986 AND 1490985 ORDER BY c
	Unique  (cost=39783.41..39840.06 rows=11330 width=121)
	  ->  Sort  (cost=39783.41..39811.74 rows=11330 width=121)
	        Sort Key: c
	        ->  Bitmap Heap Scan on sbtest7  (cost=368.57..39020.46 rows=11330 width=121)
	              Recheck Cond: ((id >= 1480986) AND (id <= 1490985))
	              ->  Bitmap Index Scan on sbtest7_pkey  (cost=0.00..365.74 rows=11330 width=0)
	                    Index Cond: ((id >= 1480986) AND (id <= 1490985))

table 8 : explain SELECT DISTINCT c FROM sbtest8 WHERE id BETWEEN 7563864 AND 7573863 ORDER BY c
	Unique  (cost=34022.67..34070.43 rows=9552 width=121)
	  ->  Sort  (cost=34022.67..34046.55 rows=9552 width=121)
	        Sort Key: c
	        ->  Bitmap Heap Scan on sbtest8  (cost=310.34..33391.20 rows=9552 width=121)
	              Recheck Cond: ((id >= 7563864) AND (id <= 7573863))
	              ->  Bitmap Index Scan on sbtest8_pkey  (cost=0.00..307.95 rows=9552 width=0)
	                    Index Cond: ((id >= 7563864) AND (id <= 7573863))

for: distinct_ranges
table 1 : explain SELECT DISTINCT c FROM sbtest1 WHERE id BETWEEN 7071056 AND 7081055 ORDER BY c
	Unique  (cost=36235.56..36287.13 rows=10314 width=121)
	  ->  Sort  (cost=36235.56..36261.34 rows=10314 width=121)
	        Sort Key: c
	        ->  Bitmap Heap Scan on sbtest1  (cost=334.15..35548.01 rows=10314 width=121)
	              Recheck Cond: ((id >= 7071056) AND (id <= 7081055))
	              ->  Bitmap Index Scan on sbtest1_pkey  (cost=0.00..331.57 rows=10314 width=0)
	                    Index Cond: ((id >= 7071056) AND (id <= 7081055))

table 2 : explain SELECT DISTINCT c FROM sbtest2 WHERE id BETWEEN 7155064 AND 7165063 ORDER BY c
	Unique  (cost=32206.75..32251.89 rows=9028 width=121)
	  ->  Sort  (cost=32206.75..32229.32 rows=9028 width=121)
	        Sort Key: c
	        ->  Bitmap Heap Scan on sbtest2  (cost=292.97..31613.60 rows=9028 width=121)
	              Recheck Cond: ((id >= 7155064) AND (id <= 7165063))
	              ->  Bitmap Index Scan on sbtest2_pkey  (cost=0.00..290.71 rows=9028 width=0)
	                    Index Cond: ((id >= 7155064) AND (id <= 7165063))

table 3 : explain SELECT DISTINCT c FROM sbtest3 WHERE id BETWEEN 874778 AND 884777 ORDER BY c
	Unique  (cost=37811.08..37864.92 rows=10768 width=121)
	  ->  Sort  (cost=37811.08..37838.00 rows=10768 width=121)
	        Sort Key: c
	        ->  Bitmap Heap Scan on sbtest3  (cost=346.81..37089.92 rows=10768 width=121)
	              Recheck Cond: ((id >= 874778) AND (id <= 884777))
	              ->  Bitmap Index Scan on sbtest3_pkey  (cost=0.00..344.12 rows=10768 width=0)
	                    Index Cond: ((id >= 874778) AND (id <= 884777))

table 4 : explain SELECT DISTINCT c FROM sbtest4 WHERE id BETWEEN 5166499 AND 5176498 ORDER BY c
	Unique  (cost=35093.97..35143.39 rows=9884 width=121)
	  ->  Sort  (cost=35093.97..35118.68 rows=9884 width=121)
	        Sort Key: c
	        ->  Bitmap Heap Scan on sbtest4  (cost=321.75..34438.12 rows=9884 width=121)
	              Recheck Cond: ((id >= 5166499) AND (id <= 5176498))
	              ->  Bitmap Index Scan on sbtest4_pkey  (cost=0.00..319.28 rows=9884 width=0)
	                    Index Cond: ((id >= 5166499) AND (id <= 5176498))

table 5 : explain SELECT DISTINCT c FROM sbtest5 WHERE id BETWEEN 4508678 AND 4518677 ORDER BY c
	Unique  (cost=36423.32..36474.79 rows=10295 width=121)
	  ->  Sort  (cost=36423.32..36449.05 rows=10295 width=121)
	        Sort Key: c
	        ->  Bitmap Heap Scan on sbtest5  (cost=333.96..35737.17 rows=10295 width=121)
	              Recheck Cond: ((id >= 4508678) AND (id <= 4518677))
	              ->  Bitmap Index Scan on sbtest5_pkey  (cost=0.00..331.38 rows=10295 width=0)
	                    Index Cond: ((id >= 4508678) AND (id <= 4518677))

table 6 : explain SELECT DISTINCT c FROM sbtest6 WHERE id BETWEEN 1976806 AND 1986805 ORDER BY c
	Unique  (cost=34945.17..34994.35 rows=9836 width=121)
	  ->  Sort  (cost=34945.17..34969.76 rows=9836 width=121)
	        Sort Key: c
	        ->  Bitmap Heap Scan on sbtest6  (cost=317.25..34292.86 rows=9836 width=121)
	              Recheck Cond: ((id >= 1976806) AND (id <= 1986805))
	              ->  Bitmap Index Scan on sbtest6_pkey  (cost=0.00..314.80 rows=9836 width=0)
	                    Index Cond: ((id >= 1976806) AND (id <= 1986805))

table 7 : explain SELECT DISTINCT c FROM sbtest7 WHERE id BETWEEN 781760 AND 791759 ORDER BY c
	Unique  (cost=34831.20..34880.19 rows=9798 width=121)
	  ->  Sort  (cost=34831.20..34855.69 rows=9798 width=121)
	        Sort Key: c
	        ->  Bitmap Heap Scan on sbtest7  (cost=316.86..34181.68 rows=9798 width=121)
	              Recheck Cond: ((id >= 781760) AND (id <= 791759))
	              ->  Bitmap Index Scan on sbtest7_pkey  (cost=0.00..314.42 rows=9798 width=0)
	                    Index Cond: ((id >= 781760) AND (id <= 791759))

table 8 : explain SELECT DISTINCT c FROM sbtest8 WHERE id BETWEEN 6131081 AND 6141080 ORDER BY c
	Unique  (cost=34571.70..34620.29 rows=9719 width=121)
	  ->  Sort  (cost=34571.70..34596.00 rows=9719 width=121)
	        Sort Key: c
	        ->  Bitmap Heap Scan on sbtest8  (cost=316.05..33927.98 rows=9719 width=121)
	              Recheck Cond: ((id >= 6131081) AND (id <= 6141080))
	              ->  Bitmap Index Scan on sbtest8_pkey  (cost=0.00..313.62 rows=9719 width=0)
	                    Index Cond: ((id >= 6131081) AND (id <= 6141080))

explain: for point_selects :: explain SELECT c FROM sbtest%u WHERE id=%u
explain: for point_selects :: explain SELECT c FROM sbtest%u WHERE id=%u
for: distinct_ranges
table 1 : explain SELECT DISTINCT c FROM sbtest1 WHERE id BETWEEN 3041903 AND 3051902 ORDER BY c
	Unique  (cost=35418.70..35468.99 rows=10059 width=121)
	  ->  Sort  (cost=35418.70..35443.84 rows=10059 width=121)
	        Sort Key: c
	        ->  Bitmap Heap Scan on sbtest1  (cost=327.54..34749.96 rows=10059 width=121)
	              Recheck Cond: ((id >= 3041903) AND (id <= 3051902))
	              ->  Bitmap Index Scan on sbtest1_pkey  (cost=0.00..325.03 rows=10059 width=0)
	                    Index Cond: ((id >= 3041903) AND (id <= 3051902))

table 2 : explain SELECT DISTINCT c FROM sbtest2 WHERE id BETWEEN 617699 AND 627698 ORDER BY c
	Unique  (cost=34564.31..34613.06 rows=9749 width=121)
	  ->  Sort  (cost=34564.31..34588.69 rows=9749 width=121)
	        Sort Key: c
	        ->  Bitmap Heap Scan on sbtest2  (cost=316.36..33918.39 rows=9749 width=121)
	              Recheck Cond: ((id >= 617699) AND (id <= 627698))
	              ->  Bitmap Index Scan on sbtest2_pkey  (cost=0.00..313.93 rows=9749 width=0)
	                    Index Cond: ((id >= 617699) AND (id <= 627698))

table 3 : explain SELECT DISTINCT c FROM sbtest3 WHERE id BETWEEN 6599613 AND 6609612 ORDER BY c
	Unique  (cost=38382.72..38437.45 rows=10947 width=121)
	  ->  Sort  (cost=38382.72..38410.08 rows=10947 width=121)
	        Sort Key: c
	        ->  Bitmap Heap Scan on sbtest3  (cost=352.64..37648.27 rows=10947 width=121)
	              Recheck Cond: ((id >= 6599613) AND (id <= 6609612))
	              ->  Bitmap Index Scan on sbtest3_pkey  (cost=0.00..349.91 rows=10947 width=0)
	                    Index Cond: ((id >= 6599613) AND (id <= 6609612))

table 4 : explain SELECT DISTINCT c FROM sbtest4 WHERE id BETWEEN 4155283 AND 4165282 ORDER BY c
	Unique  (cost=39074.75..39130.33 rows=11116 width=121)
	  ->  Sort  (cost=39074.75..39102.54 rows=11116 width=121)
	        Sort Key: c
	        ->  Bitmap Heap Scan on sbtest4  (cost=362.37..38327.73 rows=11116 width=121)
	              Recheck Cond: ((id >= 4155283) AND (id <= 4165282))
	              ->  Bitmap Index Scan on sbtest4_pkey  (cost=0.00..359.59 rows=11116 width=0)
	                    Index Cond: ((id >= 4155283) AND (id <= 4165282))

table 5 : explain SELECT DISTINCT c FROM sbtest5 WHERE id BETWEEN 9863569 AND 9873568 ORDER BY c
	Unique  (cost=34614.61..34663.31 rows=9739 width=121)
	  ->  Sort  (cost=34614.61..34638.96 rows=9739 width=121)
	        Sort Key: c
	        ->  Bitmap Heap Scan on sbtest5  (cost=316.26..33969.43 rows=9739 width=121)
	              Recheck Cond: ((id >= 9863569) AND (id <= 9873568))
	              ->  Bitmap Index Scan on sbtest5_pkey  (cost=0.00..313.82 rows=9739 width=0)
	                    Index Cond: ((id >= 9863569) AND (id <= 9873568))

table 6 : explain SELECT DISTINCT c FROM sbtest6 WHERE id BETWEEN 1743740 AND 1753739 ORDER BY c
	Unique  (cost=34805.05..34854.01 rows=9793 width=121)
	  ->  Sort  (cost=34805.05..34829.53 rows=9793 width=121)
	        Sort Key: c
	        ->  Bitmap Heap Scan on sbtest6  (cost=316.81..34155.89 rows=9793 width=121)
	              Recheck Cond: ((id >= 1743740) AND (id <= 1753739))
	              ->  Bitmap Index Scan on sbtest6_pkey  (cost=0.00..314.37 rows=9793 width=0)
	                    Index Cond: ((id >= 1743740) AND (id <= 1753739))

table 7 : explain SELECT DISTINCT c FROM sbtest7 WHERE id BETWEEN 6604553 AND 6614552 ORDER BY c
	Unique  (cost=34021.51..34069.26 rows=9550 width=121)
	  ->  Sort  (cost=34021.51..34045.39 rows=9550 width=121)
	        Sort Key: c
	        ->  Bitmap Heap Scan on sbtest7  (cost=310.32..33390.20 rows=9550 width=121)
	              Recheck Cond: ((id >= 6604553) AND (id <= 6614552))
	              ->  Bitmap Index Scan on sbtest7_pkey  (cost=0.00..307.94 rows=9550 width=0)
	                    Index Cond: ((id >= 6604553) AND (id <= 6614552))

table 8 : explain SELECT DISTINCT c FROM sbtest8 WHERE id BETWEEN 7136108 AND 7146107 ORDER BY c
	Unique  (cost=35166.54..35216.05 rows=9902 width=121)
	  ->  Sort  (cost=35166.54..35191.29 rows=9902 width=121)
	        Sort Key: c
	        ->  Bitmap Heap Scan on sbtest8  (cost=321.93..34509.36 rows=9902 width=121)
	              Recheck Cond: ((id >= 7136108) AND (id <= 7146107))
	              ->  Bitmap Index Scan on sbtest8_pkey  (cost=0.00..319.45 rows=9902 width=0)
	                    Index Cond: ((id >= 7136108) AND (id <= 7146107))

for: order_ranges
table 1 : explain SELECT c FROM sbtest1 WHERE id BETWEEN 3984910 AND 3994909 ORDER BY c
	Sort  (cost=38372.91..38400.37 rows=10985 width=121)
	  Sort Key: c
	  ->  Bitmap Heap Scan on sbtest1  (cost=357.03..37635.64 rows=10985 width=121)
	        Recheck Cond: ((id >= 3984910) AND (id <= 3994909))
	        ->  Bitmap Index Scan on sbtest1_pkey  (cost=0.00..354.29 rows=10985 width=0)
	              Index Cond: ((id >= 3984910) AND (id <= 3994909))

table 2 : explain SELECT c FROM sbtest2 WHERE id BETWEEN 3079168 AND 3089167 ORDER BY c
	Sort  (cost=35249.39..35274.29 rows=9960 width=121)
	  Sort Key: c
	  ->  Bitmap Heap Scan on sbtest2  (cost=322.53..34587.95 rows=9960 width=121)
	        Recheck Cond: ((id >= 3079168) AND (id <= 3089167))
	        ->  Bitmap Index Scan on sbtest2_pkey  (cost=0.00..320.04 rows=9960 width=0)
	              Index Cond: ((id >= 3079168) AND (id <= 3089167))

table 3 : explain SELECT c FROM sbtest3 WHERE id BETWEEN 7359109 AND 7369108 ORDER BY c
	Sort  (cost=32427.16..32449.92 rows=9104 width=121)
	  Sort Key: c
	  ->  Bitmap Heap Scan on sbtest3  (cost=293.75..31828.47 rows=9104 width=121)
	        Recheck Cond: ((id >= 7359109) AND (id <= 7369108))
	        ->  Bitmap Index Scan on sbtest3_pkey  (cost=0.00..291.48 rows=9104 width=0)
	              Index Cond: ((id >= 7359109) AND (id <= 7369108))

table 4 : explain SELECT c FROM sbtest4 WHERE id BETWEEN 5345857 AND 5355856 ORDER BY c
	Sort  (cost=36850.54..36876.60 rows=10425 width=121)
	  Sort Key: c
	  ->  Bitmap Heap Scan on sbtest4  (cost=339.29..36154.78 rows=10425 width=121)
	        Recheck Cond: ((id >= 5345857) AND (id <= 5355856))
	        ->  Bitmap Index Scan on sbtest4_pkey  (cost=0.00..336.69 rows=10425 width=0)
	              Index Cond: ((id >= 5345857) AND (id <= 5355856))

table 5 : explain SELECT c FROM sbtest5 WHERE id BETWEEN 2901624 AND 2911623 ORDER BY c
	Sort  (cost=33224.83..33248.12 rows=9314 width=121)
	  Sort Key: c
	  ->  Bitmap Heap Scan on sbtest5  (cost=303.90..32610.80 rows=9314 width=121)
	        Recheck Cond: ((id >= 2901624) AND (id <= 2911623))
	        ->  Bitmap Index Scan on sbtest5_pkey  (cost=0.00..301.57 rows=9314 width=0)
	              Index Cond: ((id >= 2901624) AND (id <= 2911623))

table 6 : explain SELECT c FROM sbtest6 WHERE id BETWEEN 9867364 AND 9877363 ORDER BY c
	Sort  (cost=36590.61..36616.47 rows=10342 width=121)
	  Sort Key: c
	  ->  Bitmap Heap Scan on sbtest6  (cost=334.44..35901.00 rows=10342 width=121)
	        Recheck Cond: ((id >= 9867364) AND (id <= 9877363))
	        ->  Bitmap Index Scan on sbtest6_pkey  (cost=0.00..331.86 rows=10342 width=0)
	              Index Cond: ((id >= 9867364) AND (id <= 9877363))

table 7 : explain SELECT c FROM sbtest7 WHERE id BETWEEN 859909 AND 869908 ORDER BY c
	Sort  (cost=36873.30..36899.37 rows=10426 width=121)
	  Sort Key: c
	  ->  Bitmap Heap Scan on sbtest7  (cost=339.30..36177.48 rows=10426 width=121)
	        Recheck Cond: ((id >= 859909) AND (id <= 869908))
	        ->  Bitmap Index Scan on sbtest7_pkey  (cost=0.00..336.69 rows=10426 width=0)
	              Index Cond: ((id >= 859909) AND (id <= 869908))

table 8 : explain SELECT c FROM sbtest8 WHERE id BETWEEN 8701857 AND 8711856 ORDER BY c
	Sort  (cost=35049.72..35074.38 rows=9865 width=121)
	  Sort Key: c
	  ->  Bitmap Heap Scan on sbtest8  (cost=321.55..34395.27 rows=9865 width=121)
	        Recheck Cond: ((id >= 8701857) AND (id <= 8711856))
	        ->  Bitmap Index Scan on sbtest8_pkey  (cost=0.00..319.08 rows=9865 width=0)
	              Index Cond: ((id >= 8701857) AND (id <= 8711856))

for: sum_ranges
table 1 : explain SELECT SUM(k) FROM sbtest1 WHERE id BETWEEN 6097004 AND 6107003
	Aggregate  (cost=34509.96..34509.97 rows=1 width=8)
	  ->  Bitmap Heap Scan on sbtest1  (cost=322.68..34485.02 rows=9975 width=4)
	        Recheck Cond: ((id >= 6097004) AND (id <= 6107003))
	        ->  Bitmap Index Scan on sbtest1_pkey  (cost=0.00..320.19 rows=9975 width=0)
	              Index Cond: ((id >= 6097004) AND (id <= 6107003))

table 2 : explain SELECT SUM(k) FROM sbtest2 WHERE id BETWEEN 8097931 AND 8107930
	Aggregate  (cost=33564.38..33564.39 rows=1 width=8)
	  ->  Bitmap Heap Scan on sbtest2  (cost=311.15..33540.30 rows=9631 width=4)
	        Recheck Cond: ((id >= 8097931) AND (id <= 8107930))
	        ->  Bitmap Index Scan on sbtest2_pkey  (cost=0.00..308.75 rows=9631 width=0)
	              Index Cond: ((id >= 8097931) AND (id <= 8107930))

table 3 : explain SELECT SUM(k) FROM sbtest3 WHERE id BETWEEN 2624711 AND 2634710
	Aggregate  (cost=33051.84..33051.85 rows=1 width=8)
	  ->  Bitmap Heap Scan on sbtest3  (cost=305.61..33028.14 rows=9480 width=4)
	        Recheck Cond: ((id >= 2624711) AND (id <= 2634710))
	        ->  Bitmap Index Scan on sbtest3_pkey  (cost=0.00..303.24 rows=9480 width=0)
	              Index Cond: ((id >= 2624711) AND (id <= 2634710))

table 4 : explain SELECT SUM(k) FROM sbtest4 WHERE id BETWEEN 7904222 AND 7914221
	Aggregate  (cost=32043.39..32043.40 rows=1 width=8)
	  ->  Bitmap Heap Scan on sbtest4  (cost=298.01..32020.57 rows=9129 width=4)
	        Recheck Cond: ((id >= 7904222) AND (id <= 7914221))
	        ->  Bitmap Index Scan on sbtest4_pkey  (cost=0.00..295.73 rows=9129 width=0)
	              Index Cond: ((id >= 7904222) AND (id <= 7914221))

table 5 : explain SELECT SUM(k) FROM sbtest5 WHERE id BETWEEN 6642766 AND 6652765
	Aggregate  (cost=32567.72..32567.73 rows=1 width=8)
	  ->  Bitmap Heap Scan on sbtest5  (cost=299.70..32544.49 rows=9294 width=4)
	        Recheck Cond: ((id >= 6642766) AND (id <= 6652765))
	        ->  Bitmap Index Scan on sbtest5_pkey  (cost=0.00..297.38 rows=9294 width=0)
	              Index Cond: ((id >= 6642766) AND (id <= 6652765))

table 6 : explain SELECT SUM(k) FROM sbtest6 WHERE id BETWEEN 2682766 AND 2692765
	Aggregate  (cost=37349.54..37349.55 rows=1 width=8)
	  ->  Bitmap Heap Scan on sbtest6  (cost=351.05..37322.56 rows=10792 width=4)
	        Recheck Cond: ((id >= 2682766) AND (id <= 2692765))
	        ->  Bitmap Index Scan on sbtest6_pkey  (cost=0.00..348.36 rows=10792 width=0)
	              Index Cond: ((id >= 2682766) AND (id <= 2692765))

table 7 : explain SELECT SUM(k) FROM sbtest7 WHERE id BETWEEN 2775542 AND 2785541
	Aggregate  (cost=33964.43..33964.44 rows=1 width=8)
	  ->  Bitmap Heap Scan on sbtest7  (cost=316.09..33940.13 rows=9722 width=4)
	        Recheck Cond: ((id >= 2775542) AND (id <= 2785541))
	        ->  Bitmap Index Scan on sbtest7_pkey  (cost=0.00..313.66 rows=9722 width=0)
	              Index Cond: ((id >= 2775542) AND (id <= 2785541))

table 8 : explain SELECT SUM(k) FROM sbtest8 WHERE id BETWEEN 5491103 AND 5501102
	Aggregate  (cost=33873.85..33873.86 rows=1 width=8)
	  ->  Bitmap Heap Scan on sbtest8  (cost=315.81..33849.62 rows=9695 width=4)
	        Recheck Cond: ((id >= 5491103) AND (id <= 5501102))
	        ->  Bitmap Index Scan on sbtest8_pkey  (cost=0.00..313.38 rows=9695 width=0)
	              Index Cond: ((id >= 5491103) AND (id <= 5501102))

for: order_ranges
table 1 : explain SELECT c FROM sbtest1 WHERE id BETWEEN 4341977 AND 4351976 ORDER BY c
	Sort  (cost=34797.67..34822.34 rows=9866 width=121)
	  Sort Key: c
	  ->  Bitmap Heap Scan on sbtest1  (cost=321.56..34143.15 rows=9866 width=121)
	        Recheck Cond: ((id >= 4341977) AND (id <= 4351976))
	        ->  Bitmap Index Scan on sbtest1_pkey  (cost=0.00..319.09 rows=9866 width=0)
	              Index Cond: ((id >= 4341977) AND (id <= 4351976))

table 2 : explain SELECT c FROM sbtest2 WHERE id BETWEEN 5312924 AND 5322923 ORDER BY c
	Sort  (cost=38026.94..38054.00 rows=10822 width=121)
	  Sort Key: c
	  ->  Bitmap Heap Scan on sbtest2  (cost=351.36..37301.78 rows=10822 width=121)
	        Recheck Cond: ((id >= 5312924) AND (id <= 5322923))
	        ->  Bitmap Index Scan on sbtest2_pkey  (cost=0.00..348.66 rows=10822 width=0)
	              Index Cond: ((id >= 5312924) AND (id <= 5322923))

table 3 : explain SELECT c FROM sbtest3 WHERE id BETWEEN 8128917 AND 8138916 ORDER BY c
	Sort  (cost=33814.88..33838.70 rows=9528 width=121)
	  Sort Key: c
	  ->  Bitmap Heap Scan on sbtest3  (cost=310.10..33185.17 rows=9528 width=121)
	        Recheck Cond: ((id >= 8128917) AND (id <= 8138916))
	        ->  Bitmap Index Scan on sbtest3_pkey  (cost=0.00..307.71 rows=9528 width=0)
	              Index Cond: ((id >= 8128917) AND (id <= 8138916))

table 4 : explain SELECT c FROM sbtest4 WHERE id BETWEEN 9839388 AND 9849387 ORDER BY c
	Sort  (cost=37221.32..37247.67 rows=10540 width=121)
	  Sort Key: c
	  ->  Bitmap Heap Scan on sbtest4  (cost=340.47..36517.06 rows=10540 width=121)
	        Recheck Cond: ((id >= 9839388) AND (id <= 9849387))
	        ->  Bitmap Index Scan on sbtest4_pkey  (cost=0.00..337.83 rows=10540 width=0)
	              Index Cond: ((id >= 9839388) AND (id <= 9849387))

table 5 : explain SELECT c FROM sbtest5 WHERE id BETWEEN 5808192 AND 5818191 ORDER BY c
	Sort  (cost=38329.91..38357.13 rows=10887 width=121)
	  Sort Key: c
	  ->  Bitmap Heap Scan on sbtest5  (cost=352.03..37599.92 rows=10887 width=121)
	        Recheck Cond: ((id >= 5808192) AND (id <= 5818191))
	        ->  Bitmap Index Scan on sbtest5_pkey  (cost=0.00..349.31 rows=10887 width=0)
	              Index Cond: ((id >= 5808192) AND (id <= 5818191))

table 6 : explain SELECT c FROM sbtest6 WHERE id BETWEEN 5744869 AND 5754868 ORDER BY c
	Sort  (cost=33378.30..33401.69 rows=9356 width=121)
	  Sort Key: c
	  ->  Bitmap Heap Scan on sbtest6  (cost=304.33..32761.19 rows=9356 width=121)
	        Recheck Cond: ((id >= 5744869) AND (id <= 5754868))
	        ->  Bitmap Index Scan on sbtest6_pkey  (cost=0.00..302.00 rows=9356 width=0)
	              Index Cond: ((id >= 5744869) AND (id <= 5754868))

table 7 : explain SELECT c FROM sbtest7 WHERE id BETWEEN 5819050 AND 5829049 ORDER BY c
	Sort  (cost=36025.29..36050.71 rows=10165 width=121)
	  Sort Key: c
	  ->  Bitmap Heap Scan on sbtest7  (cost=328.63..35348.74 rows=10165 width=121)
	        Recheck Cond: ((id >= 5819050) AND (id <= 5829049))
	        ->  Bitmap Index Scan on sbtest7_pkey  (cost=0.00..326.08 rows=10165 width=0)
	              Index Cond: ((id >= 5819050) AND (id <= 5829049))

table 8 : explain SELECT c FROM sbtest8 WHERE id BETWEEN 2133256 AND 2143255 ORDER BY c
	Sort  (cost=33952.32..33976.15 rows=9530 width=121)
	  Sort Key: c
	  ->  Bitmap Heap Scan on sbtest8  (cost=310.12..33322.47 rows=9530 width=121)
	        Recheck Cond: ((id >= 2133256) AND (id <= 2143255))
	        ->  Bitmap Index Scan on sbtest8_pkey  (cost=0.00..307.74 rows=9530 width=0)
	              Index Cond: ((id >= 2133256) AND (id <= 2143255))

explain: for point_selects :: explain SELECT c FROM sbtest%u WHERE id=%u
explain: for point_selects :: explain SELECT c FROM sbtest%u WHERE id=%u
for: distinct_ranges
table 1 : explain SELECT DISTINCT c FROM sbtest1 WHERE id BETWEEN 5761258 AND 5771257 ORDER BY c
	Unique  (cost=35339.56..35389.73 rows=10034 width=121)
	  ->  Sort  (cost=35339.56..35364.65 rows=10034 width=121)
	        Sort Key: c
	        ->  Bitmap Heap Scan on sbtest1  (cost=327.28..34672.67 rows=10034 width=121)
	              Recheck Cond: ((id >= 5761258) AND (id <= 5771257))
	              ->  Bitmap Index Scan on sbtest1_pkey  (cost=0.00..324.78 rows=10034 width=0)
	                    Index Cond: ((id >= 5761258) AND (id <= 5771257))

table 2 : explain SELECT DISTINCT c FROM sbtest2 WHERE id BETWEEN 5321853 AND 5331852 ORDER BY c
	Unique  (cost=38026.94..38081.05 rows=10822 width=121)
	  ->  Sort  (cost=38026.94..38054.00 rows=10822 width=121)
	        Sort Key: c
	        ->  Bitmap Heap Scan on sbtest2  (cost=351.36..37301.78 rows=10822 width=121)
	              Recheck Cond: ((id >= 5321853) AND (id <= 5331852))
	              ->  Bitmap Index Scan on sbtest2_pkey  (cost=0.00..348.66 rows=10822 width=0)
	                    Index Cond: ((id >= 5321853) AND (id <= 5331852))

table 3 : explain SELECT DISTINCT c FROM sbtest3 WHERE id BETWEEN 3527444 AND 3537443 ORDER BY c
	Unique  (cost=35719.08..35769.66 rows=10116 width=121)
	  ->  Sort  (cost=35719.08..35744.37 rows=10116 width=121)
	        Sort Key: c
	        ->  Bitmap Heap Scan on sbtest3  (cost=328.12..35046.14 rows=10116 width=121)
	              Recheck Cond: ((id >= 3527444) AND (id <= 3537443))
	              ->  Bitmap Index Scan on sbtest3_pkey  (cost=0.00..325.59 rows=10116 width=0)
	                    Index Cond: ((id >= 3527444) AND (id <= 3537443))

table 4 : explain SELECT DISTINCT c FROM sbtest4 WHERE id BETWEEN 9380703 AND 9390702 ORDER BY c
	Unique  (cost=36072.91..36123.84 rows=10186 width=121)
	  ->  Sort  (cost=36072.91..36098.37 rows=10186 width=121)
	        Sort Key: c
	        ->  Bitmap Heap Scan on sbtest4  (cost=328.84..35394.81 rows=10186 width=121)
	              Recheck Cond: ((id >= 9380703) AND (id <= 9390702))
	              ->  Bitmap Index Scan on sbtest4_pkey  (cost=0.00..326.30 rows=10186 width=0)
	                    Index Cond: ((id >= 9380703) AND (id <= 9390702))

table 5 : explain SELECT DISTINCT c FROM sbtest5 WHERE id BETWEEN 7370769 AND 7380768 ORDER BY c
	Unique  (cost=38066.10..38120.12 rows=10804 width=121)
	  ->  Sort  (cost=38066.10..38093.11 rows=10804 width=121)
	        Sort Key: c
	        ->  Bitmap Heap Scan on sbtest5  (cost=351.18..37342.27 rows=10804 width=121)
	              Recheck Cond: ((id >= 7370769) AND (id <= 7380768))
	              ->  Bitmap Index Scan on sbtest5_pkey  (cost=0.00..348.48 rows=10804 width=0)
	                    Index Cond: ((id >= 7370769) AND (id <= 7380768))

table 6 : explain SELECT DISTINCT c FROM sbtest6 WHERE id BETWEEN 2970662 AND 2980661 ORDER BY c
	Unique  (cost=40218.61..40275.96 rows=11471 width=121)
	  ->  Sort  (cost=40218.61..40247.29 rows=11471 width=121)
	        Sort Key: c
	        ->  Bitmap Heap Scan on sbtest6  (cost=370.01..39445.14 rows=11471 width=121)
	              Recheck Cond: ((id >= 2970662) AND (id <= 2980661))
	              ->  Bitmap Index Scan on sbtest6_pkey  (cost=0.00..367.15 rows=11471 width=0)
	                    Index Cond: ((id >= 2970662) AND (id <= 2980661))

table 7 : explain SELECT DISTINCT c FROM sbtest7 WHERE id BETWEEN 9649669 AND 9659668 ORDER BY c
	Unique  (cost=37035.66..37088.04 rows=10476 width=121)
	  ->  Sort  (cost=37035.66..37061.85 rows=10476 width=121)
	        Sort Key: c
	        ->  Bitmap Heap Scan on sbtest7  (cost=339.81..36336.13 rows=10476 width=121)
	              Recheck Cond: ((id >= 9649669) AND (id <= 9659668))
	              ->  Bitmap Index Scan on sbtest7_pkey  (cost=0.00..337.19 rows=10476 width=0)
	                    Index Cond: ((id >= 9649669) AND (id <= 9659668))

table 8 : explain SELECT DISTINCT c FROM sbtest8 WHERE id BETWEEN 222152 AND 232151 ORDER BY c
	Unique  (cost=37464.21..37517.26 rows=10610 width=121)
	  ->  Sort  (cost=37464.21..37490.74 rows=10610 width=121)
	        Sort Key: c
	        ->  Bitmap Heap Scan on sbtest8  (cost=345.19..36754.77 rows=10610 width=121)
	              Recheck Cond: ((id >= 222152) AND (id <= 232151))
	              ->  Bitmap Index Scan on sbtest8_pkey  (cost=0.00..342.54 rows=10610 width=0)
	                    Index Cond: ((id >= 222152) AND (id <= 232151))

for: sum_ranges
table 1 : explain SELECT SUM(k) FROM sbtest1 WHERE id BETWEEN 4463128 AND 4473127
	Aggregate  (cost=33289.44..33289.45 rows=1 width=8)
	  ->  Bitmap Heap Scan on sbtest1  (cost=310.71..33265.47 rows=9588 width=4)
	        Recheck Cond: ((id >= 4463128) AND (id <= 4473127))
	        ->  Bitmap Index Scan on sbtest1_pkey  (cost=0.00..308.31 rows=9588 width=0)
	              Index Cond: ((id >= 4463128) AND (id <= 4473127))

table 2 : explain SELECT SUM(k) FROM sbtest2 WHERE id BETWEEN 4807697 AND 4817696
	Aggregate  (cost=36097.30..36097.31 rows=1 width=8)
	  ->  Bitmap Heap Scan on sbtest2  (cost=339.34..36071.23 rows=10430 width=4)
	        Recheck Cond: ((id >= 4807697) AND (id <= 4817696))
	        ->  Bitmap Index Scan on sbtest2_pkey  (cost=0.00..336.74 rows=10430 width=0)
	              Index Cond: ((id >= 4807697) AND (id <= 4817696))

table 3 : explain SELECT SUM(k) FROM sbtest3 WHERE id BETWEEN 2996056 AND 3006055
	Aggregate  (cost=33261.13..33261.14 rows=1 width=8)
	  ->  Bitmap Heap Scan on sbtest3  (cost=310.27..33237.27 rows=9545 width=4)
	        Recheck Cond: ((id >= 2996056) AND (id <= 3006055))
	        ->  Bitmap Index Scan on sbtest3_pkey  (cost=0.00..307.88 rows=9545 width=0)
	              Index Cond: ((id >= 2996056) AND (id <= 3006055))

table 4 : explain SELECT SUM(k) FROM sbtest4 WHERE id BETWEEN 6801562 AND 6811561
	Aggregate  (cost=35368.28..35368.29 rows=1 width=8)
	  ->  Bitmap Heap Scan on sbtest4  (cost=328.67..35342.86 rows=10169 width=4)
	        Recheck Cond: ((id >= 6801562) AND (id <= 6811561))
	        ->  Bitmap Index Scan on sbtest4_pkey  (cost=0.00..326.12 rows=10169 width=0)
	              Index Cond: ((id >= 6801562) AND (id <= 6811561))

table 5 : explain SELECT SUM(k) FROM sbtest5 WHERE id BETWEEN 815019 AND 825018
	Aggregate  (cost=35740.21..35740.22 rows=1 width=8)
	  ->  Bitmap Heap Scan on sbtest5  (cost=333.89..35714.49 rows=10288 width=4)
	        Recheck Cond: ((id >= 815019) AND (id <= 825018))
	        ->  Bitmap Index Scan on sbtest5_pkey  (cost=0.00..331.31 rows=10288 width=0)
	              Index Cond: ((id >= 815019) AND (id <= 825018))

table 6 : explain SELECT SUM(k) FROM sbtest6 WHERE id BETWEEN 918563 AND 928562
	Aggregate  (cost=33358.96..33358.97 rows=1 width=8)
	  ->  Bitmap Heap Scan on sbtest6  (cost=310.17..33335.13 rows=9535 width=4)
	        Recheck Cond: ((id >= 918563) AND (id <= 928562))
	        ->  Bitmap Index Scan on sbtest6_pkey  (cost=0.00..307.79 rows=9535 width=0)
	              Index Cond: ((id >= 918563) AND (id <= 928562))

table 7 : explain SELECT SUM(k) FROM sbtest7 WHERE id BETWEEN 6749680 AND 6759679
	Aggregate  (cost=33247.01..33247.02 rows=1 width=8)
	  ->  Bitmap Heap Scan on sbtest7  (cost=309.79..33223.27 rows=9498 width=4)
	        Recheck Cond: ((id >= 6749680) AND (id <= 6759679))
	        ->  Bitmap Index Scan on sbtest7_pkey  (cost=0.00..307.42 rows=9498 width=0)
	              Index Cond: ((id >= 6749680) AND (id <= 6759679))

table 8 : explain SELECT SUM(k) FROM sbtest8 WHERE id BETWEEN 1849563 AND 1859562
	Aggregate  (cost=35111.45..35111.46 rows=1 width=8)
	  ->  Bitmap Heap Scan on sbtest8  (cost=327.79..35086.24 rows=10083 width=4)
	        Recheck Cond: ((id >= 1849563) AND (id <= 1859562))
	        ->  Bitmap Index Scan on sbtest8_pkey  (cost=0.00..325.26 rows=10083 width=0)
	              Index Cond: ((id >= 1849563) AND (id <= 1859562))

for point_selects
table 1 : explain SELECT c FROM sbtest1 WHERE id=7553680
	Index Scan using sbtest1_pkey on sbtest1  (cost=0.43..8.45 rows=1 width=121)
	  Index Cond: (id = 7553680)

table 2 : explain SELECT c FROM sbtest2 WHERE id=2083522
	Index Scan using sbtest2_pkey on sbtest2  (cost=0.43..8.45 rows=1 width=121)
	  Index Cond: (id = 2083522)

table 3 : explain SELECT c FROM sbtest3 WHERE id=3721588
	Index Scan using sbtest3_pkey on sbtest3  (cost=0.43..8.45 rows=1 width=121)
	  Index Cond: (id = 3721588)

table 4 : explain SELECT c FROM sbtest4 WHERE id=5492699
	Index Scan using sbtest4_pkey on sbtest4  (cost=0.43..8.45 rows=1 width=121)
	  Index Cond: (id = 5492699)

table 5 : explain SELECT c FROM sbtest5 WHERE id=4859231
	Index Scan using sbtest5_pkey on sbtest5  (cost=0.43..8.45 rows=1 width=121)
	  Index Cond: (id = 4859231)

table 6 : explain SELECT c FROM sbtest6 WHERE id=6219717
	Index Scan using sbtest6_pkey on sbtest6  (cost=0.43..8.45 rows=1 width=121)
	  Index Cond: (id = 6219717)

table 7 : explain SELECT c FROM sbtest7 WHERE id=5779867
	Index Scan using sbtest7_pkey on sbtest7  (cost=0.43..8.45 rows=1 width=121)
	  Index Cond: (id = 5779867)

table 8 : explain SELECT c FROM sbtest8 WHERE id=5499540
	Index Scan using sbtest8_pkey on sbtest8  (cost=0.43..8.45 rows=1 width=121)
	  Index Cond: (id = 5499540)

for: distinct_ranges
table 1 : explain SELECT DISTINCT c FROM sbtest1 WHERE id BETWEEN 62546 AND 72545 ORDER BY c
	Unique  (cost=35484.64..35535.04 rows=10080 width=121)
	  ->  Sort  (cost=35484.64..35509.84 rows=10080 width=121)
	        Sort Key: c
	        ->  Bitmap Heap Scan on sbtest1  (cost=327.75..34814.36 rows=10080 width=121)
	              Recheck Cond: ((id >= 62546) AND (id <= 72545))
	              ->  Bitmap Index Scan on sbtest1_pkey  (cost=0.00..325.24 rows=10080 width=0)
	                    Index Cond: ((id >= 62546) AND (id <= 72545))

table 2 : explain SELECT DISTINCT c FROM sbtest2 WHERE id BETWEEN 660311 AND 670310 ORDER BY c
	Unique  (cost=34564.31..34613.06 rows=9749 width=121)
	  ->  Sort  (cost=34564.31..34588.69 rows=9749 width=121)
	        Sort Key: c
	        ->  Bitmap Heap Scan on sbtest2  (cost=316.36..33918.39 rows=9749 width=121)
	              Recheck Cond: ((id >= 660311) AND (id <= 670310))
	              ->  Bitmap Index Scan on sbtest2_pkey  (cost=0.00..313.93 rows=9749 width=0)
	                    Index Cond: ((id >= 660311) AND (id <= 670310))

table 3 : explain SELECT DISTINCT c FROM sbtest3 WHERE id BETWEEN 8571652 AND 8581651 ORDER BY c
	Unique  (cost=36314.69..36366.19 rows=10301 width=121)
	  ->  Sort  (cost=36314.69..36340.44 rows=10301 width=121)
	        Sort Key: c
	        ->  Bitmap Heap Scan on sbtest3  (cost=334.02..35628.10 rows=10301 width=121)
	              Recheck Cond: ((id >= 8571652) AND (id <= 8581651))
	              ->  Bitmap Index Scan on sbtest3_pkey  (cost=0.00..331.44 rows=10301 width=0)
	                    Index Cond: ((id >= 8571652) AND (id <= 8581651))

table 4 : explain SELECT DISTINCT c FROM sbtest4 WHERE id BETWEEN 6725428 AND 6735427 ORDER BY c
	Unique  (cost=36019.70..36070.55 rows=10169 width=121)
	  ->  Sort  (cost=36019.70..36045.13 rows=10169 width=121)
	        Sort Key: c
	        ->  Bitmap Heap Scan on sbtest4  (cost=328.67..35342.86 rows=10169 width=121)
	              Recheck Cond: ((id >= 6725428) AND (id <= 6735427))
	              ->  Bitmap Index Scan on sbtest4_pkey  (cost=0.00..326.12 rows=10169 width=0)
	                    Index Cond: ((id >= 6725428) AND (id <= 6735427))

table 5 : explain SELECT DISTINCT c FROM sbtest5 WHERE id BETWEEN 1441596 AND 1451595 ORDER BY c
	Unique  (cost=35964.55..36015.32 rows=10154 width=121)
	  ->  Sort  (cost=35964.55..35989.94 rows=10154 width=121)
	        Sort Key: c
	        ->  Bitmap Heap Scan on sbtest5  (cost=328.51..35288.82 rows=10154 width=121)
	              Recheck Cond: ((id >= 1441596) AND (id <= 1451595))
	              ->  Bitmap Index Scan on sbtest5_pkey  (cost=0.00..325.98 rows=10154 width=0)
	                    Index Cond: ((id >= 1441596) AND (id <= 1451595))

table 6 : explain SELECT DISTINCT c FROM sbtest6 WHERE id BETWEEN 7872523 AND 7882522 ORDER BY c
	Unique  (cost=36404.75..36456.17 rows=10284 width=121)
	  ->  Sort  (cost=36404.75..36430.46 rows=10284 width=121)
	        Sort Key: c
	        ->  Bitmap Heap Scan on sbtest6  (cost=333.85..35719.42 rows=10284 width=121)
	              Recheck Cond: ((id >= 7872523) AND (id <= 7882522))
	              ->  Bitmap Index Scan on sbtest6_pkey  (cost=0.00..331.28 rows=10284 width=0)
	                    Index Cond: ((id >= 7872523) AND (id <= 7882522))

table 7 : explain SELECT DISTINCT c FROM sbtest7 WHERE id BETWEEN 6324679 AND 6334678 ORDER BY c
	Unique  (cost=33736.86..33784.17 rows=9463 width=121)
	  ->  Sort  (cost=33736.86..33760.51 rows=9463 width=121)
	        Sort Key: c
	        ->  Bitmap Heap Scan on sbtest7  (cost=309.43..33111.92 rows=9463 width=121)
	              Recheck Cond: ((id >= 6324679) AND (id <= 6334678))
	              ->  Bitmap Index Scan on sbtest7_pkey  (cost=0.00..307.06 rows=9463 width=0)
	                    Index Cond: ((id >= 6324679) AND (id <= 6334678))

table 8 : explain SELECT DISTINCT c FROM sbtest8 WHERE id BETWEEN 6488222 AND 6498221 ORDER BY c
	Unique  (cost=34176.57..34224.57 rows=9599 width=121)
	  ->  Sort  (cost=34176.57..34200.57 rows=9599 width=121)
	        Sort Key: c
	        ->  Bitmap Heap Scan on sbtest8  (cost=310.82..33541.66 rows=9599 width=121)
	              Recheck Cond: ((id >= 6488222) AND (id <= 6498221))
	              ->  Bitmap Index Scan on sbtest8_pkey  (cost=0.00..308.43 rows=9599 width=0)
	                    Index Cond: ((id >= 6488222) AND (id <= 6498221))

for: distinct_ranges
table 1 : explain SELECT DISTINCT c FROM sbtest1 WHERE id BETWEEN 432767 AND 442766 ORDER BY c
	Unique  (cost=34018.85..34066.97 rows=9625 width=121)
	  ->  Sort  (cost=34018.85..34042.91 rows=9625 width=121)
	        Sort Key: c
	        ->  Bitmap Heap Scan on sbtest1  (cost=311.09..33382.03 rows=9625 width=121)
	              Recheck Cond: ((id >= 432767) AND (id <= 442766))
	              ->  Bitmap Index Scan on sbtest1_pkey  (cost=0.00..308.69 rows=9625 width=0)
	                    Index Cond: ((id >= 432767) AND (id <= 442766))

table 2 : explain SELECT DISTINCT c FROM sbtest2 WHERE id BETWEEN 4625078 AND 4635077 ORDER BY c
	Unique  (cost=36409.87..36461.47 rows=10319 width=121)
	  ->  Sort  (cost=36409.87..36435.67 rows=10319 width=121)
	        Sort Key: c
	        ->  Bitmap Heap Scan on sbtest2  (cost=334.20..35721.96 rows=10319 width=121)
	              Recheck Cond: ((id >= 4625078) AND (id <= 4635077))
	              ->  Bitmap Index Scan on sbtest2_pkey  (cost=0.00..331.62 rows=10319 width=0)
	                    Index Cond: ((id >= 4625078) AND (id <= 4635077))

table 3 : explain SELECT DISTINCT c FROM sbtest3 WHERE id BETWEEN 354268 AND 364267 ORDER BY c
	Unique  (cost=35805.10..35855.81 rows=10143 width=121)
	  ->  Sort  (cost=35805.10..35830.46 rows=10143 width=121)
	        Sort Key: c
	        ->  Bitmap Heap Scan on sbtest3  (cost=328.40..35130.17 rows=10143 width=121)
	              Recheck Cond: ((id >= 354268) AND (id <= 364267))
	              ->  Bitmap Index Scan on sbtest3_pkey  (cost=0.00..325.87 rows=10143 width=0)
	                    Index Cond: ((id >= 354268) AND (id <= 364267))

table 4 : explain SELECT DISTINCT c FROM sbtest4 WHERE id BETWEEN 2881093 AND 2891092 ORDER BY c
	Unique  (cost=35966.59..36017.35 rows=10153 width=121)
	  ->  Sort  (cost=35966.59..35991.97 rows=10153 width=121)
	        Sort Key: c
	        ->  Bitmap Heap Scan on sbtest4  (cost=328.50..35290.92 rows=10153 width=121)
	              Recheck Cond: ((id >= 2881093) AND (id <= 2891092))
	              ->  Bitmap Index Scan on sbtest4_pkey  (cost=0.00..325.96 rows=10153 width=0)
	                    Index Cond: ((id >= 2881093) AND (id <= 2891092))

table 5 : explain SELECT DISTINCT c FROM sbtest5 WHERE id BETWEEN 740517 AND 750516 ORDER BY c
	Unique  (cost=37768.36..37821.92 rows=10712 width=121)
	  ->  Sort  (cost=37768.36..37795.14 rows=10712 width=121)
	        Sort Key: c
	        ->  Bitmap Heap Scan on sbtest5  (cost=346.23..37051.35 rows=10712 width=121)
	              Recheck Cond: ((id >= 740517) AND (id <= 750516))
	              ->  Bitmap Index Scan on sbtest5_pkey  (cost=0.00..343.56 rows=10712 width=0)
	                    Index Cond: ((id >= 740517) AND (id <= 750516))

table 6 : explain SELECT DISTINCT c FROM sbtest6 WHERE id BETWEEN 844168 AND 854167 ORDER BY c
	Unique  (cost=36633.70..36685.47 rows=10355 width=121)
	  ->  Sort  (cost=36633.70..36659.58 rows=10355 width=121)
	        Sort Key: c
	        ->  Bitmap Heap Scan on sbtest6  (cost=334.57..35943.12 rows=10355 width=121)
	              Recheck Cond: ((id >= 844168) AND (id <= 854167))
	              ->  Bitmap Index Scan on sbtest6_pkey  (cost=0.00..331.99 rows=10355 width=0)
	                    Index Cond: ((id >= 844168) AND (id <= 854167))

table 7 : explain SELECT DISTINCT c FROM sbtest7 WHERE id BETWEEN 1634771 AND 1644770 ORDER BY c
	Unique  (cost=34356.77..34405.03 rows=9652 width=121)
	  ->  Sort  (cost=34356.77..34380.90 rows=9652 width=121)
	        Sort Key: c
	        ->  Bitmap Heap Scan on sbtest7  (cost=315.37..33717.97 rows=9652 width=121)
	              Recheck Cond: ((id >= 1634771) AND (id <= 1644770))
	              ->  Bitmap Index Scan on sbtest7_pkey  (cost=0.00..312.95 rows=9652 width=0)
	                    Index Cond: ((id >= 1634771) AND (id <= 1644770))

table 8 : explain SELECT DISTINCT c FROM sbtest8 WHERE id BETWEEN 1193748 AND 1203747 ORDER BY c
	Unique  (cost=33495.95..33542.90 rows=9391 width=121)
	  ->  Sort  (cost=33495.95..33519.43 rows=9391 width=121)
	        Sort Key: c
	        ->  Bitmap Heap Scan on sbtest8  (cost=304.69..32876.28 rows=9391 width=121)
	              Recheck Cond: ((id >= 1193748) AND (id <= 1203747))
	              ->  Bitmap Index Scan on sbtest8_pkey  (cost=0.00..302.34 rows=9391 width=0)
	                    Index Cond: ((id >= 1193748) AND (id <= 1203747))

for point_selects
table 1 : explain SELECT c FROM sbtest1 WHERE id=8366146
	Index Scan using sbtest1_pkey on sbtest1  (cost=0.43..8.45 rows=1 width=121)
	  Index Cond: (id = 8366146)

table 2 : explain SELECT c FROM sbtest2 WHERE id=6332152
	Index Scan using sbtest2_pkey on sbtest2  (cost=0.43..8.45 rows=1 width=121)
	  Index Cond: (id = 6332152)

table 3 : explain SELECT c FROM sbtest3 WHERE id=1554021
	Index Scan using sbtest3_pkey on sbtest3  (cost=0.43..8.45 rows=1 width=121)
	  Index Cond: (id = 1554021)

table 4 : explain SELECT c FROM sbtest4 WHERE id=4286917
	Index Scan using sbtest4_pkey on sbtest4  (cost=0.43..8.45 rows=1 width=121)
	  Index Cond: (id = 4286917)

table 5 : explain SELECT c FROM sbtest5 WHERE id=1072091
	Index Scan using sbtest5_pkey on sbtest5  (cost=0.43..8.45 rows=1 width=121)
	  Index Cond: (id = 1072091)

table 6 : explain SELECT c FROM sbtest6 WHERE id=1947194
	Index Scan using sbtest6_pkey on sbtest6  (cost=0.43..8.45 rows=1 width=121)
	  Index Cond: (id = 1947194)

table 7 : explain SELECT c FROM sbtest7 WHERE id=9320318
	Index Scan using sbtest7_pkey on sbtest7  (cost=0.43..8.45 rows=1 width=121)
	  Index Cond: (id = 9320318)

table 8 : explain SELECT c FROM sbtest8 WHERE id=1420797
	Index Scan using sbtest8_pkey on sbtest8  (cost=0.43..8.45 rows=1 width=121)
	  Index Cond: (id = 1420797)

explain: for point_selects :: explain SELECT c FROM sbtest%u WHERE id=%u
for: simple_ranges
table 1 : explain SELECT c FROM sbtest1 WHERE id BETWEEN 8913214 AND 8923213
	Bitmap Heap Scan on sbtest1  (cost=310.23..33116.47 rows=9541 width=121)
	  Recheck Cond: ((id >= 8913214) AND (id <= 8923213))
	  ->  Bitmap Index Scan on sbtest1_pkey  (cost=0.00..307.84 rows=9541 width=0)
	        Index Cond: ((id >= 8913214) AND (id <= 8923213))

table 2 : explain SELECT c FROM sbtest2 WHERE id BETWEEN 7356186 AND 7366185
	Bitmap Heap Scan on sbtest2  (cost=351.47..37333.89 rows=10833 width=121)
	  Recheck Cond: ((id >= 7356186) AND (id <= 7366185))
	  ->  Bitmap Index Scan on sbtest2_pkey  (cost=0.00..348.76 rows=10833 width=0)
	        Index Cond: ((id >= 7356186) AND (id <= 7366185))

table 3 : explain SELECT c FROM sbtest3 WHERE id BETWEEN 995294 AND 1005293
	Bitmap Heap Scan on sbtest3  (cost=345.63..36733.63 rows=10653 width=121)
	  Recheck Cond: ((id >= 995294) AND (id <= 1005293))
	  ->  Bitmap Index Scan on sbtest3_pkey  (cost=0.00..342.96 rows=10653 width=0)
	        Index Cond: ((id >= 995294) AND (id <= 1005293))

table 4 : explain SELECT c FROM sbtest4 WHERE id BETWEEN 9149925 AND 9159924
	Bitmap Heap Scan on sbtest4  (cost=369.03..39136.66 rows=11375 width=121)
	  Recheck Cond: ((id >= 9149925) AND (id <= 9159924))
	  ->  Bitmap Index Scan on sbtest4_pkey  (cost=0.00..366.19 rows=11375 width=0)
	        Index Cond: ((id >= 9149925) AND (id <= 9159924))

table 5 : explain SELECT c FROM sbtest5 WHERE id BETWEEN 7869706 AND 7879705
	Bitmap Heap Scan on sbtest5  (cost=334.00..35750.13 rows=10299 width=121)
	  Recheck Cond: ((id >= 7869706) AND (id <= 7879705))
	  ->  Bitmap Index Scan on sbtest5_pkey  (cost=0.00..331.43 rows=10299 width=0)
	        Index Cond: ((id >= 7869706) AND (id <= 7879705))

table 6 : explain SELECT c FROM sbtest6 WHERE id BETWEEN 1315510 AND 1325509
	Bitmap Heap Scan on sbtest6  (cost=334.11..35800.50 rows=10310 width=121)
	  Recheck Cond: ((id >= 1315510) AND (id <= 1325509))
	  ->  Bitmap Index Scan on sbtest6_pkey  (cost=0.00..331.54 rows=10310 width=0)
	        Index Cond: ((id >= 1315510) AND (id <= 1325509))

table 7 : explain SELECT c FROM sbtest7 WHERE id BETWEEN 988566 AND 998565
	Bitmap Heap Scan on sbtest7  (cost=328.50..35309.77 rows=10153 width=121)
	  Recheck Cond: ((id >= 988566) AND (id <= 998565))
	  ->  Bitmap Index Scan on sbtest7_pkey  (cost=0.00..325.96 rows=10153 width=0)
	        Index Cond: ((id >= 988566) AND (id <= 998565))

table 8 : explain SELECT c FROM sbtest8 WHERE id BETWEEN 4157655 AND 4167654
	Bitmap Heap Scan on sbtest8  (cost=310.12..33322.47 rows=9530 width=121)
	  Recheck Cond: ((id >= 4157655) AND (id <= 4167654))
	  ->  Bitmap Index Scan on sbtest8_pkey  (cost=0.00..307.74 rows=9530 width=0)
	        Index Cond: ((id >= 4157655) AND (id <= 4167654))

for: distinct_ranges
table 1 : explain SELECT DISTINCT c FROM sbtest1 WHERE id BETWEEN 9877010 AND 9887009 ORDER BY c
	Unique  (cost=32175.41..32220.70 rows=9058 width=121)
	  ->  Sort  (cost=32175.41..32198.05 rows=9058 width=121)
	        Sort Key: c
	        ->  Bitmap Heap Scan on sbtest1  (cost=293.28..31580.07 rows=9058 width=121)
	              Recheck Cond: ((id >= 9877010) AND (id <= 9887009))
	              ->  Bitmap Index Scan on sbtest1_pkey  (cost=0.00..291.01 rows=9058 width=0)
	                    Index Cond: ((id >= 9877010) AND (id <= 9887009))

table 2 : explain SELECT DISTINCT c FROM sbtest2 WHERE id BETWEEN 1022514 AND 1032513 ORDER BY c
	Unique  (cost=34900.08..34949.34 rows=9853 width=121)
	  ->  Sort  (cost=34900.08..34924.71 rows=9853 width=121)
	        Sort Key: c
	        ->  Bitmap Heap Scan on sbtest2  (cost=317.43..34246.51 rows=9853 width=121)
	              Recheck Cond: ((id >= 1022514) AND (id <= 1032513))
	              ->  Bitmap Index Scan on sbtest2_pkey  (cost=0.00..314.96 rows=9853 width=0)
	                    Index Cond: ((id >= 1022514) AND (id <= 1032513))

table 3 : explain SELECT DISTINCT c FROM sbtest3 WHERE id BETWEEN 8671173 AND 8681172 ORDER BY c
	Unique  (cost=33430.94..33478.00 rows=9411 width=121)
	  ->  Sort  (cost=33430.94..33454.47 rows=9411 width=121)
	        Sort Key: c
	        ->  Bitmap Heap Scan on sbtest3  (cost=304.90..32809.81 rows=9411 width=121)
	              Recheck Cond: ((id >= 8671173) AND (id <= 8681172))
	              ->  Bitmap Index Scan on sbtest3_pkey  (cost=0.00..302.55 rows=9411 width=0)
	                    Index Cond: ((id >= 8671173) AND (id <= 8681172))

table 4 : explain SELECT DISTINCT c FROM sbtest4 WHERE id BETWEEN 5937947 AND 5947946 ORDER BY c
	Unique  (cost=36774.30..36826.30 rows=10401 width=121)
	  ->  Sort  (cost=36774.30..36800.30 rows=10401 width=121)
	        Sort Key: c
	        ->  Bitmap Heap Scan on sbtest4  (cost=339.05..36080.32 rows=10401 width=121)
	              Recheck Cond: ((id >= 5937947) AND (id <= 5947946))
	              ->  Bitmap Index Scan on sbtest4_pkey  (cost=0.00..336.44 rows=10401 width=0)
	                    Index Cond: ((id >= 5937947) AND (id <= 5947946))

table 5 : explain SELECT DISTINCT c FROM sbtest5 WHERE id BETWEEN 3284398 AND 3294397 ORDER BY c
	Unique  (cost=36453.14..36504.66 rows=10304 width=121)
	  ->  Sort  (cost=36453.14..36478.90 rows=10304 width=121)
	        Sort Key: c
	        ->  Bitmap Heap Scan on sbtest5  (cost=334.05..35766.33 rows=10304 width=121)
	              Recheck Cond: ((id >= 3284398) AND (id <= 3294397))
	              ->  Bitmap Index Scan on sbtest5_pkey  (cost=0.00..331.48 rows=10304 width=0)
	                    Index Cond: ((id >= 3284398) AND (id <= 3294397))

table 6 : explain SELECT DISTINCT c FROM sbtest6 WHERE id BETWEEN 5885120 AND 5895119 ORDER BY c
	Unique  (cost=31116.19..31159.55 rows=8671 width=121)
	  ->  Sort  (cost=31116.19..31137.87 rows=8671 width=121)
	        Sort Key: c
	        ->  Bitmap Heap Scan on sbtest6  (cost=281.31..30549.02 rows=8671 width=121)
	              Recheck Cond: ((id >= 5885120) AND (id <= 5895119))
	              ->  Bitmap Index Scan on sbtest6_pkey  (cost=0.00..279.15 rows=8671 width=0)
	                    Index Cond: ((id >= 5885120) AND (id <= 5895119))

table 7 : explain SELECT DISTINCT c FROM sbtest7 WHERE id BETWEEN 2422246 AND 2432245 ORDER BY c
	Unique  (cost=35762.55..35812.97 rows=10084 width=121)
	  ->  Sort  (cost=35762.55..35787.76 rows=10084 width=121)
	        Sort Key: c
	        ->  Bitmap Heap Scan on sbtest7  (cost=327.80..35091.97 rows=10084 width=121)
	              Recheck Cond: ((id >= 2422246) AND (id <= 2432245))
	              ->  Bitmap Index Scan on sbtest7_pkey  (cost=0.00..325.28 rows=10084 width=0)
	                    Index Cond: ((id >= 2422246) AND (id <= 2432245))

table 8 : explain SELECT DISTINCT c FROM sbtest8 WHERE id BETWEEN 6524229 AND 6534228 ORDER BY c
	Unique  (cost=35796.63..35847.11 rows=10095 width=121)
	  ->  Sort  (cost=35796.63..35821.87 rows=10095 width=121)
	        Sort Key: c
	        ->  Bitmap Heap Scan on sbtest8  (cost=327.91..35125.25 rows=10095 width=121)
	              Recheck Cond: ((id >= 6524229) AND (id <= 6534228))
	              ->  Bitmap Index Scan on sbtest8_pkey  (cost=0.00..325.38 rows=10095 width=0)
	                    Index Cond: ((id >= 6524229) AND (id <= 6534228))

for point_selects
table 1 : explain SELECT c FROM sbtest1 WHERE id=1181405
	Index Scan using sbtest1_pkey on sbtest1  (cost=0.43..8.45 rows=1 width=121)
	  Index Cond: (id = 1181405)

table 2 : explain SELECT c FROM sbtest2 WHERE id=2412750
	Index Scan using sbtest2_pkey on sbtest2  (cost=0.43..8.45 rows=1 width=121)
	  Index Cond: (id = 2412750)

table 3 : explain SELECT c FROM sbtest3 WHERE id=816568
	Index Scan using sbtest3_pkey on sbtest3  (cost=0.43..8.45 rows=1 width=121)
	  Index Cond: (id = 816568)

table 4 : explain SELECT c FROM sbtest4 WHERE id=2777130
	Index Scan using sbtest4_pkey on sbtest4  (cost=0.43..8.45 rows=1 width=121)
	  Index Cond: (id = 2777130)

table 5 : explain SELECT c FROM sbtest5 WHERE id=4446842
	Index Scan using sbtest5_pkey on sbtest5  (cost=0.43..8.45 rows=1 width=121)
	  Index Cond: (id = 4446842)

table 6 : explain SELECT c FROM sbtest6 WHERE id=8172789
	Index Scan using sbtest6_pkey on sbtest6  (cost=0.43..8.45 rows=1 width=121)
	  Index Cond: (id = 8172789)

table 7 : explain SELECT c FROM sbtest7 WHERE id=7147873
	Index Scan using sbtest7_pkey on sbtest7  (cost=0.43..8.45 rows=1 width=121)
	  Index Cond: (id = 7147873)

table 8 : explain SELECT c FROM sbtest8 WHERE id=1681548
	Index Scan using sbtest8_pkey on sbtest8  (cost=0.43..8.45 rows=1 width=121)
	  Index Cond: (id = 1681548)

for point_selects
table 1 : explain SELECT c FROM sbtest1 WHERE id=1869453
	Index Scan using sbtest1_pkey on sbtest1  (cost=0.43..8.45 rows=1 width=121)
	  Index Cond: (id = 1869453)

table 2 : explain SELECT c FROM sbtest2 WHERE id=4820951
	Index Scan using sbtest2_pkey on sbtest2  (cost=0.43..8.45 rows=1 width=121)
	  Index Cond: (id = 4820951)

table 3 : explain SELECT c FROM sbtest3 WHERE id=4323792
	Index Scan using sbtest3_pkey on sbtest3  (cost=0.43..8.45 rows=1 width=121)
	  Index Cond: (id = 4323792)

table 4 : explain SELECT c FROM sbtest4 WHERE id=5632873
	Index Scan using sbtest4_pkey on sbtest4  (cost=0.43..8.45 rows=1 width=121)
	  Index Cond: (id = 5632873)

table 5 : explain SELECT c FROM sbtest5 WHERE id=5111018
	Index Scan using sbtest5_pkey on sbtest5  (cost=0.43..8.45 rows=1 width=121)
	  Index Cond: (id = 5111018)

table 6 : explain SELECT c FROM sbtest6 WHERE id=1633767
	Index Scan using sbtest6_pkey on sbtest6  (cost=0.43..8.45 rows=1 width=121)
	  Index Cond: (id = 1633767)

table 7 : explain SELECT c FROM sbtest7 WHERE id=681201
	Index Scan using sbtest7_pkey on sbtest7  (cost=0.43..8.45 rows=1 width=121)
	  Index Cond: (id = 681201)

table 8 : explain SELECT c FROM sbtest8 WHERE id=473949
	Index Scan using sbtest8_pkey on sbtest8  (cost=0.43..8.45 rows=1 width=121)
	  Index Cond: (id = 473949)

for point_selects
table 1 : explain SELECT c FROM sbtest1 WHERE id=7828210
	Index Scan using sbtest1_pkey on sbtest1  (cost=0.43..8.45 rows=1 width=121)
	  Index Cond: (id = 7828210)

table 2 : explain SELECT c FROM sbtest2 WHERE id=6045766
	Index Scan using sbtest2_pkey on sbtest2  (cost=0.43..8.45 rows=1 width=121)
	  Index Cond: (id = 6045766)

table 3 : explain SELECT c FROM sbtest3 WHERE id=6836620
	Index Scan using sbtest3_pkey on sbtest3  (cost=0.43..8.45 rows=1 width=121)
	  Index Cond: (id = 6836620)

table 4 : explain SELECT c FROM sbtest4 WHERE id=1620487
	Index Scan using sbtest4_pkey on sbtest4  (cost=0.43..8.45 rows=1 width=121)
	  Index Cond: (id = 1620487)

table 5 : explain SELECT c FROM sbtest5 WHERE id=4254000
	Index Scan using sbtest5_pkey on sbtest5  (cost=0.43..8.45 rows=1 width=121)
	  Index Cond: (id = 4254000)

table 6 : explain SELECT c FROM sbtest6 WHERE id=3790616
	Index Scan using sbtest6_pkey on sbtest6  (cost=0.43..8.45 rows=1 width=121)
	  Index Cond: (id = 3790616)

table 7 : explain SELECT c FROM sbtest7 WHERE id=8106056
	Index Scan using sbtest7_pkey on sbtest7  (cost=0.43..8.45 rows=1 width=121)
	  Index Cond: (id = 8106056)

table 8 : explain SELECT c FROM sbtest8 WHERE id=6548502
	Index Scan using sbtest8_pkey on sbtest8  (cost=0.43..8.45 rows=1 width=121)
	  Index Cond: (id = 6548502)

explain: for point_selects :: explain SELECT c FROM sbtest%u WHERE id=%u
for point_selects
table 1 : explain SELECT c FROM sbtest1 WHERE id=8991805
	Index Scan using sbtest1_pkey on sbtest1  (cost=0.43..8.45 rows=1 width=121)
	  Index Cond: (id = 8991805)

table 2 : explain SELECT c FROM sbtest2 WHERE id=4429262
	Index Scan using sbtest2_pkey on sbtest2  (cost=0.43..8.45 rows=1 width=121)
	  Index Cond: (id = 4429262)

table 3 : explain SELECT c FROM sbtest3 WHERE id=6305462
	Index Scan using sbtest3_pkey on sbtest3  (cost=0.43..8.45 rows=1 width=121)
	  Index Cond: (id = 6305462)

table 4 : explain SELECT c FROM sbtest4 WHERE id=1302180
	Index Scan using sbtest4_pkey on sbtest4  (cost=0.43..8.45 rows=1 width=121)
	  Index Cond: (id = 1302180)

table 5 : explain SELECT c FROM sbtest5 WHERE id=575036
	Index Scan using sbtest5_pkey on sbtest5  (cost=0.43..8.45 rows=1 width=121)
	  Index Cond: (id = 575036)

table 6 : explain SELECT c FROM sbtest6 WHERE id=4642472
	Index Scan using sbtest6_pkey on sbtest6  (cost=0.43..8.45 rows=1 width=121)
	  Index Cond: (id = 4642472)

table 7 : explain SELECT c FROM sbtest7 WHERE id=2924688
	Index Scan using sbtest7_pkey on sbtest7  (cost=0.43..8.45 rows=1 width=121)
	  Index Cond: (id = 2924688)

table 8 : explain SELECT c FROM sbtest8 WHERE id=3035722
	Index Scan using sbtest8_pkey on sbtest8  (cost=0.43..8.45 rows=1 width=121)
	  Index Cond: (id = 3035722)

for: simple_ranges
table 1 : explain SELECT c FROM sbtest1 WHERE id BETWEEN 1601715 AND 1611714
	Bitmap Heap Scan on sbtest1  (cost=350.70..36933.36 rows=10758 width=121)
	  Recheck Cond: ((id >= 1601715) AND (id <= 1611714))
	  ->  Bitmap Index Scan on sbtest1_pkey  (cost=0.00..348.01 rows=10758 width=0)
	        Index Cond: ((id >= 1601715) AND (id <= 1611714))

table 2 : explain SELECT c FROM sbtest2 WHERE id BETWEEN 5500906 AND 5510905
	Bitmap Heap Scan on sbtest2  (cost=340.52..36428.93 rows=10545 width=121)
	  Recheck Cond: ((id >= 5500906) AND (id <= 5510905))
	  ->  Bitmap Index Scan on sbtest2_pkey  (cost=0.00..337.88 rows=10545 width=0)
	        Index Cond: ((id >= 5500906) AND (id <= 5510905))

table 3 : explain SELECT c FROM sbtest3 WHERE id BETWEEN 5755904 AND 5765903
	Bitmap Heap Scan on sbtest3  (cost=305.77..33080.24 rows=9496 width=121)
	  Recheck Cond: ((id >= 5755904) AND (id <= 5765903))
	  ->  Bitmap Index Scan on sbtest3_pkey  (cost=0.00..303.40 rows=9496 width=0)
	        Index Cond: ((id >= 5755904) AND (id <= 5765903))

table 4 : explain SELECT c FROM sbtest4 WHERE id BETWEEN 9999584 AND 10009583
	Index Scan using sbtest4_pkey on sbtest4  (cost=0.43..1640.80 rows=419 width=121)
	  Index Cond: ((id >= 9999584) AND (id <= 10009583))

table 5 : explain SELECT c FROM sbtest5 WHERE id BETWEEN 6895307 AND 6905306
	Bitmap Heap Scan on sbtest5  (cost=340.42..36492.04 rows=10535 width=121)
	  Recheck Cond: ((id >= 6895307) AND (id <= 6905306))
	  ->  Bitmap Index Scan on sbtest5_pkey  (cost=0.00..337.79 rows=10535 width=0)
	        Index Cond: ((id >= 6895307) AND (id <= 6905306))

table 6 : explain SELECT c FROM sbtest6 WHERE id BETWEEN 2649943 AND 2659942
	Bitmap Heap Scan on sbtest6  (cost=351.05..37322.56 rows=10792 width=121)
	  Recheck Cond: ((id >= 2649943) AND (id <= 2659942))
	  ->  Bitmap Index Scan on sbtest6_pkey  (cost=0.00..348.36 rows=10792 width=0)
	        Index Cond: ((id >= 2649943) AND (id <= 2659942))

table 7 : explain SELECT c FROM sbtest7 WHERE id BETWEEN 5864396 AND 5874395
	Bitmap Heap Scan on sbtest7  (cost=328.63..35348.74 rows=10165 width=121)
	  Recheck Cond: ((id >= 5864396) AND (id <= 5874395))
	  ->  Bitmap Index Scan on sbtest7_pkey  (cost=0.00..326.08 rows=10165 width=0)
	        Index Cond: ((id >= 5864396) AND (id <= 5874395))

table 8 : explain SELECT c FROM sbtest8 WHERE id BETWEEN 6493717 AND 6503716
	Bitmap Heap Scan on sbtest8  (cost=310.82..33541.66 rows=9599 width=121)
	  Recheck Cond: ((id >= 6493717) AND (id <= 6503716))
	  ->  Bitmap Index Scan on sbtest8_pkey  (cost=0.00..308.43 rows=9599 width=0)
	        Index Cond: ((id >= 6493717) AND (id <= 6503716))

for: order_ranges
table 1 : explain SELECT c FROM sbtest1 WHERE id BETWEEN 9454833 AND 9464832 ORDER BY c
	Sort  (cost=33866.46..33890.41 rows=9578 width=121)
	  Sort Key: c
	  ->  Bitmap Heap Scan on sbtest1  (cost=310.61..33233.09 rows=9578 width=121)
	        Recheck Cond: ((id >= 9454833) AND (id <= 9464832))
	        ->  Bitmap Index Scan on sbtest1_pkey  (cost=0.00..308.21 rows=9578 width=0)
	              Index Cond: ((id >= 9454833) AND (id <= 9464832))

table 2 : explain SELECT c FROM sbtest2 WHERE id BETWEEN 3576207 AND 3586206 ORDER BY c
	Sort  (cost=35319.10..35344.06 rows=9982 width=121)
	  Sort Key: c
	  ->  Bitmap Heap Scan on sbtest2  (cost=322.75..34656.04 rows=9982 width=121)
	        Recheck Cond: ((id >= 3576207) AND (id <= 3586206))
	        ->  Bitmap Index Scan on sbtest2_pkey  (cost=0.00..320.25 rows=9982 width=0)
	              Index Cond: ((id >= 3576207) AND (id <= 3586206))

table 3 : explain SELECT c FROM sbtest3 WHERE id BETWEEN 2305027 AND 2315026 ORDER BY c
	Sort  (cost=33904.81..33928.70 rows=9556 width=121)
	  Sort Key: c
	  ->  Bitmap Heap Scan on sbtest3  (cost=310.38..33273.06 rows=9556 width=121)
	        Recheck Cond: ((id >= 2305027) AND (id <= 2315026))
	        ->  Bitmap Index Scan on sbtest3_pkey  (cost=0.00..308.00 rows=9556 width=0)
	              Index Cond: ((id >= 2305027) AND (id <= 2315026))

table 4 : explain SELECT c FROM sbtest4 WHERE id BETWEEN 5353751 AND 5363750 ORDER BY c
	Sort  (cost=36850.54..36876.60 rows=10425 width=121)
	  Sort Key: c
	  ->  Bitmap Heap Scan on sbtest4  (cost=339.29..36154.78 rows=10425 width=121)
	        Recheck Cond: ((id >= 5353751) AND (id <= 5363750))
	        ->  Bitmap Index Scan on sbtest4_pkey  (cost=0.00..336.69 rows=10425 width=0)
	              Index Cond: ((id >= 5353751) AND (id <= 5363750))

table 5 : explain SELECT c FROM sbtest5 WHERE id BETWEEN 5740107 AND 5750106 ORDER BY c
	Sort  (cost=37421.49..37448.00 rows=10604 width=121)
	  Sort Key: c
	  ->  Bitmap Heap Scan on sbtest5  (cost=345.13..36712.49 rows=10604 width=121)
	        Recheck Cond: ((id >= 5740107) AND (id <= 5750106))
	        ->  Bitmap Index Scan on sbtest5_pkey  (cost=0.00..342.48 rows=10604 width=0)
	              Index Cond: ((id >= 5740107) AND (id <= 5750106))

table 6 : explain SELECT c FROM sbtest6 WHERE id BETWEEN 3480031 AND 3490030 ORDER BY c
	Sort  (cost=35742.74..35767.94 rows=10080 width=121)
	  Sort Key: c
	  ->  Bitmap Heap Scan on sbtest6  (cost=327.75..35072.46 rows=10080 width=121)
	        Recheck Cond: ((id >= 3480031) AND (id <= 3490030))
	        ->  Bitmap Index Scan on sbtest6_pkey  (cost=0.00..325.24 rows=10080 width=0)
	              Index Cond: ((id >= 3480031) AND (id <= 3490030))

table 7 : explain SELECT c FROM sbtest7 WHERE id BETWEEN 603777 AND 613776 ORDER BY c
	Sort  (cost=34767.82..34792.26 rows=9779 width=121)
	  Sort Key: c
	  ->  Bitmap Heap Scan on sbtest7  (cost=316.67..34119.69 rows=9779 width=121)
	        Recheck Cond: ((id >= 603777) AND (id <= 613776))
	        ->  Bitmap Index Scan on sbtest7_pkey  (cost=0.00..314.23 rows=9779 width=0)
	              Index Cond: ((id >= 603777) AND (id <= 613776))

table 8 : explain SELECT c FROM sbtest8 WHERE id BETWEEN 1988079 AND 1998078 ORDER BY c
	Sort  (cost=36445.38..36471.12 rows=10295 width=121)
	  Sort Key: c
	  ->  Bitmap Heap Scan on sbtest8  (cost=333.96..35759.24 rows=10295 width=121)
	        Recheck Cond: ((id >= 1988079) AND (id <= 1998078))
	        ->  Bitmap Index Scan on sbtest8_pkey  (cost=0.00..331.38 rows=10295 width=0)
	              Index Cond: ((id >= 1988079) AND (id <= 1998078))

explain: for point_selects :: explain SELECT c FROM sbtest%u WHERE id=%u
for: sum_ranges
table 1 : explain SELECT SUM(k) FROM sbtest1 WHERE id BETWEEN 3637516 AND 3647515
	Aggregate  (cost=34161.36..34161.37 rows=1 width=8)
	  ->  Bitmap Heap Scan on sbtest1  (cost=321.54..34136.70 rows=9864 width=4)
	        Recheck Cond: ((id >= 3637516) AND (id <= 3647515))
	        ->  Bitmap Index Scan on sbtest1_pkey  (cost=0.00..319.07 rows=9864 width=0)
	              Index Cond: ((id >= 3637516) AND (id <= 3647515))

table 2 : explain SELECT SUM(k) FROM sbtest2 WHERE id BETWEEN 6095482 AND 6105481
	Aggregate  (cost=36758.86..36758.87 rows=1 width=8)
	  ->  Bitmap Heap Scan on sbtest2  (cost=345.51..36732.25 rows=10641 width=4)
	        Recheck Cond: ((id >= 6095482) AND (id <= 6105481))
	        ->  Bitmap Index Scan on sbtest2_pkey  (cost=0.00..342.84 rows=10641 width=0)
	              Index Cond: ((id >= 6095482) AND (id <= 6105481))

table 3 : explain SELECT SUM(k) FROM sbtest3 WHERE id BETWEEN 1792837 AND 1802836
	Aggregate  (cost=37585.92..37585.93 rows=1 width=8)
	  ->  Bitmap Heap Scan on sbtest3  (cost=352.34..37558.62 rows=10918 width=4)
	        Recheck Cond: ((id >= 1792837) AND (id <= 1802836))
	        ->  Bitmap Index Scan on sbtest3_pkey  (cost=0.00..349.62 rows=10918 width=0)
	              Index Cond: ((id >= 1792837) AND (id <= 1802836))

table 4 : explain SELECT SUM(k) FROM sbtest4 WHERE id BETWEEN 2532277 AND 2542276
	Aggregate  (cost=35901.35..35901.36 rows=1 width=8)
	  ->  Bitmap Heap Scan on sbtest4  (cost=334.39..35875.51 rows=10337 width=4)
	        Recheck Cond: ((id >= 2532277) AND (id <= 2542276))
	        ->  Bitmap Index Scan on sbtest4_pkey  (cost=0.00..331.81 rows=10337 width=0)
	              Index Cond: ((id >= 2532277) AND (id <= 2542276))

table 5 : explain SELECT SUM(k) FROM sbtest5 WHERE id BETWEEN 9833693 AND 9843692
	Aggregate  (cost=33993.77..33993.78 rows=1 width=8)
	  ->  Bitmap Heap Scan on sbtest5  (cost=316.26..33969.43 rows=9739 width=4)
	        Recheck Cond: ((id >= 9833693) AND (id <= 9843692))
	        ->  Bitmap Index Scan on sbtest5_pkey  (cost=0.00..313.82 rows=9739 width=0)
	              Index Cond: ((id >= 9833693) AND (id <= 9843692))

table 6 : explain SELECT SUM(k) FROM sbtest6 WHERE id BETWEEN 1871906 AND 1881905
	Aggregate  (cost=32557.34..32557.35 rows=1 width=8)
	  ->  Bitmap Heap Scan on sbtest6  (cost=299.62..32534.13 rows=9286 width=4)
	        Recheck Cond: ((id >= 1871906) AND (id <= 1881905))
	        ->  Bitmap Index Scan on sbtest6_pkey  (cost=0.00..297.30 rows=9286 width=0)
	              Index Cond: ((id >= 1871906) AND (id <= 1881905))

table 7 : explain SELECT SUM(k) FROM sbtest7 WHERE id BETWEEN 6381615 AND 6391614
	Aggregate  (cost=33135.57..33135.58 rows=1 width=8)
	  ->  Bitmap Heap Scan on sbtest7  (cost=309.43..33111.92 rows=9463 width=4)
	        Recheck Cond: ((id >= 6381615) AND (id <= 6391614))
	        ->  Bitmap Index Scan on sbtest7_pkey  (cost=0.00..307.06 rows=9463 width=0)
	              Index Cond: ((id >= 6381615) AND (id <= 6391614))

table 8 : explain SELECT SUM(k) FROM sbtest8 WHERE id BETWEEN 4583758 AND 4593757
	Aggregate  (cost=33359.40..33359.41 rows=1 width=8)
	  ->  Bitmap Heap Scan on sbtest8  (cost=310.16..33335.56 rows=9534 width=4)
	        Recheck Cond: ((id >= 4583758) AND (id <= 4593757))
	        ->  Bitmap Index Scan on sbtest8_pkey  (cost=0.00..307.78 rows=9534 width=0)
	              Index Cond: ((id >= 4583758) AND (id <= 4593757))

for: order_ranges
table 1 : explain SELECT c FROM sbtest1 WHERE id BETWEEN 4464018 AND 4474017 ORDER BY c
	Sort  (cost=33899.58..33923.55 rows=9588 width=121)
	  Sort Key: c
	  ->  Bitmap Heap Scan on sbtest1  (cost=310.71..33265.47 rows=9588 width=121)
	        Recheck Cond: ((id >= 4464018) AND (id <= 4474017))
	        ->  Bitmap Index Scan on sbtest1_pkey  (cost=0.00..308.31 rows=9588 width=0)
	              Index Cond: ((id >= 4464018) AND (id <= 4474017))

table 2 : explain SELECT c FROM sbtest2 WHERE id BETWEEN 6821194 AND 6831193 ORDER BY c
	Sort  (cost=33496.55..33520.11 rows=9422 width=121)
	  Sort Key: c
	  ->  Bitmap Heap Scan on sbtest2  (cost=305.01..32874.61 rows=9422 width=121)
	        Recheck Cond: ((id >= 6821194) AND (id <= 6831193))
	        ->  Bitmap Index Scan on sbtest2_pkey  (cost=0.00..302.66 rows=9422 width=0)
	              Index Cond: ((id >= 6821194) AND (id <= 6831193))

table 3 : explain SELECT c FROM sbtest3 WHERE id BETWEEN 2058998 AND 2068997 ORDER BY c
	Sort  (cost=38064.52..38091.64 rows=10846 width=121)
	  Sort Key: c
	  ->  Bitmap Heap Scan on sbtest3  (cost=351.61..37337.57 rows=10846 width=121)
	        Recheck Cond: ((id >= 2058998) AND (id <= 2068997))
	        ->  Bitmap Index Scan on sbtest3_pkey  (cost=0.00..348.90 rows=10846 width=0)
	              Index Cond: ((id >= 2058998) AND (id <= 2068997))

table 4 : explain SELECT c FROM sbtest4 WHERE id BETWEEN 3188035 AND 3198034 ORDER BY c
	Sort  (cost=35137.25..35162.00 rows=9897 width=121)
	  Sort Key: c
	  ->  Bitmap Heap Scan on sbtest4  (cost=321.88..34480.45 rows=9897 width=121)
	        Recheck Cond: ((id >= 3188035) AND (id <= 3198034))
	        ->  Bitmap Index Scan on sbtest4_pkey  (cost=0.00..319.41 rows=9897 width=0)
	              Index Cond: ((id >= 3188035) AND (id <= 3198034))

table 5 : explain SELECT c FROM sbtest5 WHERE id BETWEEN 8126243 AND 8136242 ORDER BY c
	Sort  (cost=34293.34..34317.44 rows=9641 width=121)
	  Sort Key: c
	  ->  Bitmap Heap Scan on sbtest5  (cost=311.26..33655.35 rows=9641 width=121)
	        Recheck Cond: ((id >= 8126243) AND (id <= 8136242))
	        ->  Bitmap Index Scan on sbtest5_pkey  (cost=0.00..308.84 rows=9641 width=0)
	              Index Cond: ((id >= 8126243) AND (id <= 8136242))

table 6 : explain SELECT c FROM sbtest6 WHERE id BETWEEN 3202948 AND 3212947 ORDER BY c
	Sort  (cost=35769.33..35794.55 rows=10088 width=121)
	  Sort Key: c
	  ->  Bitmap Heap Scan on sbtest6  (cost=327.84..35098.46 rows=10088 width=121)
	        Recheck Cond: ((id >= 3202948) AND (id <= 3212947))
	        ->  Bitmap Index Scan on sbtest6_pkey  (cost=0.00..325.31 rows=10088 width=0)
	              Index Cond: ((id >= 3202948) AND (id <= 3212947))

table 7 : explain SELECT c FROM sbtest7 WHERE id BETWEEN 2939773 AND 2949772 ORDER BY c
	Sort  (cost=33468.02..33491.48 rows=9382 width=121)
	  Sort Key: c
	  ->  Bitmap Heap Scan on sbtest7  (cost=304.60..32849.01 rows=9382 width=121)
	        Recheck Cond: ((id >= 2939773) AND (id <= 2949772))
	        ->  Bitmap Index Scan on sbtest7_pkey  (cost=0.00..302.25 rows=9382 width=0)
	              Index Cond: ((id >= 2939773) AND (id <= 2949772))

table 8 : explain SELECT c FROM sbtest8 WHERE id BETWEEN 7392237 AND 7402236 ORDER BY c
	Sort  (cost=34875.61..34900.14 rows=9813 width=121)
	  Sort Key: c
	  ->  Bitmap Heap Scan on sbtest8  (cost=317.02..34224.98 rows=9813 width=121)
	        Recheck Cond: ((id >= 7392237) AND (id <= 7402236))
	        ->  Bitmap Index Scan on sbtest8_pkey  (cost=0.00..314.56 rows=9813 width=0)
	              Index Cond: ((id >= 7392237) AND (id <= 7402236))

for: simple_ranges
table 1 : explain SELECT c FROM sbtest1 WHERE id BETWEEN 6577366 AND 6587365
	Bitmap Heap Scan on sbtest1  (cost=310.85..33304.35 rows=9601 width=121)
	  Recheck Cond: ((id >= 6577366) AND (id <= 6587365))
	  ->  Bitmap Index Scan on sbtest1_pkey  (cost=0.00..308.44 rows=9601 width=0)
	        Index Cond: ((id >= 6577366) AND (id <= 6587365))

table 2 : explain SELECT c FROM sbtest2 WHERE id BETWEEN 7332825 AND 7342824
	Bitmap Heap Scan on sbtest2  (cost=351.47..37333.89 rows=10833 width=121)
	  Recheck Cond: ((id >= 7332825) AND (id <= 7342824))
	  ->  Bitmap Index Scan on sbtest2_pkey  (cost=0.00..348.76 rows=10833 width=0)
	        Index Cond: ((id >= 7332825) AND (id <= 7342824))

table 3 : explain SELECT c FROM sbtest3 WHERE id BETWEEN 7902724 AND 7912723
	Bitmap Heap Scan on sbtest3  (cost=327.75..34932.99 rows=10080 width=121)
	  Recheck Cond: ((id >= 7902724) AND (id <= 7912723))
	  ->  Bitmap Index Scan on sbtest3_pkey  (cost=0.00..325.24 rows=10080 width=0)
	        Index Cond: ((id >= 7902724) AND (id <= 7912723))

table 4 : explain SELECT c FROM sbtest4 WHERE id BETWEEN 3024493 AND 3034492
	Bitmap Heap Scan on sbtest4  (cost=344.93..36660.04 rows=10585 width=121)
	  Recheck Cond: ((id >= 3024493) AND (id <= 3034492))
	  ->  Bitmap Index Scan on sbtest4_pkey  (cost=0.00..342.29 rows=10585 width=0)
	        Index Cond: ((id >= 3024493) AND (id <= 3034492))

table 5 : explain SELECT c FROM sbtest5 WHERE id BETWEEN 1733976 AND 1743975
	Bitmap Heap Scan on sbtest5  (cost=323.21..34885.23 rows=10027 width=121)
	  Recheck Cond: ((id >= 1733976) AND (id <= 1743975))
	  ->  Bitmap Index Scan on sbtest5_pkey  (cost=0.00..320.70 rows=10027 width=0)
	        Index Cond: ((id >= 1733976) AND (id <= 1743975))

table 6 : explain SELECT c FROM sbtest6 WHERE id BETWEEN 7795512 AND 7805511
	Bitmap Heap Scan on sbtest6  (cost=316.85..34168.94 rows=9797 width=121)
	  Recheck Cond: ((id >= 7795512) AND (id <= 7805511))
	  ->  Bitmap Index Scan on sbtest6_pkey  (cost=0.00..314.41 rows=9797 width=0)
	        Index Cond: ((id >= 7795512) AND (id <= 7805511))

table 7 : explain SELECT c FROM sbtest7 WHERE id BETWEEN 3559282 AND 3569281
	Bitmap Heap Scan on sbtest7  (cost=334.34..35878.55 rows=10332 width=121)
	  Recheck Cond: ((id >= 3559282) AND (id <= 3569281))
	  ->  Bitmap Index Scan on sbtest7_pkey  (cost=0.00..331.75 rows=10332 width=0)
	        Index Cond: ((id >= 3559282) AND (id <= 3569281))

table 8 : explain SELECT c FROM sbtest8 WHERE id BETWEEN 2559376 AND 2569375
	Bitmap Heap Scan on sbtest8  (cost=322.76..34766.65 rows=9983 width=121)
	  Recheck Cond: ((id >= 2559376) AND (id <= 2569375))
	  ->  Bitmap Index Scan on sbtest8_pkey  (cost=0.00..320.26 rows=9983 width=0)
	        Index Cond: ((id >= 2559376) AND (id <= 2569375))

for: simple_ranges
table 1 : explain SELECT c FROM sbtest1 WHERE id BETWEEN 3923398 AND 3933397
	Bitmap Heap Scan on sbtest1  (cost=339.11..35840.73 rows=10407 width=121)
	  Recheck Cond: ((id >= 3923398) AND (id <= 3933397))
	  ->  Bitmap Index Scan on sbtest1_pkey  (cost=0.00..336.50 rows=10407 width=0)
	        Index Cond: ((id >= 3923398) AND (id <= 3933397))

table 2 : explain SELECT c FROM sbtest2 WHERE id BETWEEN 4030112 AND 4040111
	Bitmap Heap Scan on sbtest2  (cost=311.36..33605.39 rows=9651 width=121)
	  Recheck Cond: ((id >= 4030112) AND (id <= 4040111))
	  ->  Bitmap Index Scan on sbtest2_pkey  (cost=0.00..308.94 rows=9651 width=0)
	        Index Cond: ((id >= 4030112) AND (id <= 4040111))

table 3 : explain SELECT c FROM sbtest3 WHERE id BETWEEN 6506835 AND 6516834
	Bitmap Heap Scan on sbtest3  (cost=322.45..34530.93 rows=9953 width=121)
	  Recheck Cond: ((id >= 6506835) AND (id <= 6516834))
	  ->  Bitmap Index Scan on sbtest3_pkey  (cost=0.00..319.96 rows=9953 width=0)
	        Index Cond: ((id >= 6506835) AND (id <= 6516834))

table 4 : explain SELECT c FROM sbtest4 WHERE id BETWEEN 4502817 AND 4512816
	Bitmap Heap Scan on sbtest4  (cost=304.01..32648.30 rows=9324 width=121)
	  Recheck Cond: ((id >= 4502817) AND (id <= 4512816))
	  ->  Bitmap Index Scan on sbtest4_pkey  (cost=0.00..301.68 rows=9324 width=0)
	        Index Cond: ((id >= 4502817) AND (id <= 4512816))

table 5 : explain SELECT c FROM sbtest5 WHERE id BETWEEN 1727743 AND 1737742
	Bitmap Heap Scan on sbtest5  (cost=323.21..34885.23 rows=10027 width=121)
	  Recheck Cond: ((id >= 1727743) AND (id <= 1737742))
	  ->  Bitmap Index Scan on sbtest5_pkey  (cost=0.00..320.70 rows=10027 width=0)
	        Index Cond: ((id >= 1727743) AND (id <= 1737742))

table 6 : explain SELECT c FROM sbtest6 WHERE id BETWEEN 1940960 AND 1950959
	Bitmap Heap Scan on sbtest6  (cost=317.25..34292.86 rows=9836 width=121)
	  Recheck Cond: ((id >= 1940960) AND (id <= 1950959))
	  ->  Bitmap Index Scan on sbtest6_pkey  (cost=0.00..314.80 rows=9836 width=0)
	        Index Cond: ((id >= 1940960) AND (id <= 1950959))

table 7 : explain SELECT c FROM sbtest7 WHERE id BETWEEN 1574592 AND 1584591
	Bitmap Heap Scan on sbtest7  (cost=315.29..33691.83 rows=9644 width=121)
	  Recheck Cond: ((id >= 1574592) AND (id <= 1584591))
	  ->  Bitmap Index Scan on sbtest7_pkey  (cost=0.00..312.88 rows=9644 width=0)
	        Index Cond: ((id >= 1574592) AND (id <= 1584591))

table 8 : explain SELECT c FROM sbtest8 WHERE id BETWEEN 5095463 AND 5105462
	Bitmap Heap Scan on sbtest8  (cost=310.63..33482.78 rows=9580 width=121)
	  Recheck Cond: ((id >= 5095463) AND (id <= 5105462))
	  ->  Bitmap Index Scan on sbtest8_pkey  (cost=0.00..308.24 rows=9580 width=0)
	        Index Cond: ((id >= 5095463) AND (id <= 5105462))

explain: for point_selects :: explain SELECT c FROM sbtest%u WHERE id=%u
for: sum_ranges
table 1 : explain SELECT SUM(k) FROM sbtest1 WHERE id BETWEEN 5591187 AND 5601186
	Aggregate  (cost=34968.38..34968.39 rows=1 width=8)
	  ->  Bitmap Heap Scan on sbtest1  (cost=328.18..34943.08 rows=10121 width=4)
	        Recheck Cond: ((id >= 5591187) AND (id <= 5601186))
	        ->  Bitmap Index Scan on sbtest1_pkey  (cost=0.00..325.65 rows=10121 width=0)
	              Index Cond: ((id >= 5591187) AND (id <= 5601186))

table 2 : explain SELECT SUM(k) FROM sbtest2 WHERE id BETWEEN 4548596 AND 4558595
	Aggregate  (cost=33564.38..33564.39 rows=1 width=8)
	  ->  Bitmap Heap Scan on sbtest2  (cost=311.15..33540.30 rows=9631 width=4)
	        Recheck Cond: ((id >= 4548596) AND (id <= 4558595))
	        ->  Bitmap Index Scan on sbtest2_pkey  (cost=0.00..308.75 rows=9631 width=0)
	              Index Cond: ((id >= 4548596) AND (id <= 4558595))

table 3 : explain SELECT SUM(k) FROM sbtest3 WHERE id BETWEEN 7600449 AND 7610448
	Aggregate  (cost=34319.11..34319.12 rows=1 width=8)
	  ->  Bitmap Heap Scan on sbtest3  (cost=321.68..34294.41 rows=9878 width=4)
	        Recheck Cond: ((id >= 7600449) AND (id <= 7610448))
	        ->  Bitmap Index Scan on sbtest3_pkey  (cost=0.00..319.21 rows=9878 width=0)
	              Index Cond: ((id >= 7600449) AND (id <= 7610448))

table 4 : explain SELECT SUM(k) FROM sbtest4 WHERE id BETWEEN 7035676 AND 7045675
	Aggregate  (cost=32326.10..32326.11 rows=1 width=8)
	  ->  Bitmap Heap Scan on sbtest4  (cost=298.91..32303.06 rows=9217 width=4)
	        Recheck Cond: ((id >= 7035676) AND (id <= 7045675))
	        ->  Bitmap Index Scan on sbtest4_pkey  (cost=0.00..296.61 rows=9217 width=0)
	              Index Cond: ((id >= 7035676) AND (id <= 7045675))

table 5 : explain SELECT SUM(k) FROM sbtest5 WHERE id BETWEEN 7428040 AND 7438039
	Aggregate  (cost=35193.97..35193.98 rows=1 width=8)
	  ->  Bitmap Heap Scan on sbtest5  (cost=328.12..35168.68 rows=10116 width=4)
	        Recheck Cond: ((id >= 7428040) AND (id <= 7438039))
	        ->  Bitmap Index Scan on sbtest5_pkey  (cost=0.00..325.59 rows=10116 width=0)
	              Index Cond: ((id >= 7428040) AND (id <= 7438039))

table 6 : explain SELECT SUM(k) FROM sbtest6 WHERE id BETWEEN 8966919 AND 8976918
	Aggregate  (cost=33237.06..33237.07 rows=1 width=8)
	  ->  Bitmap Heap Scan on sbtest6  (cost=305.79..33213.31 rows=9498 width=4)
	        Recheck Cond: ((id >= 8966919) AND (id <= 8976918))
	        ->  Bitmap Index Scan on sbtest6_pkey  (cost=0.00..303.42 rows=9498 width=0)
	              Index Cond: ((id >= 8966919) AND (id <= 8976918))

table 7 : explain SELECT SUM(k) FROM sbtest7 WHERE id BETWEEN 8201763 AND 8211762
	Aggregate  (cost=38974.99..38975.00 rows=1 width=8)
	  ->  Bitmap Heap Scan on sbtest7  (cost=368.33..38946.72 rows=11307 width=4)
	        Recheck Cond: ((id >= 8201763) AND (id <= 8211762))
	        ->  Bitmap Index Scan on sbtest7_pkey  (cost=0.00..365.50 rows=11307 width=0)
	              Index Cond: ((id >= 8201763) AND (id <= 8211762))

table 8 : explain SELECT SUM(k) FROM sbtest8 WHERE id BETWEEN 775604 AND 785603
	Aggregate  (cost=35590.13..35590.14 rows=1 width=8)
	  ->  Bitmap Heap Scan on sbtest8  (cost=333.32..35564.55 rows=10233 width=4)
	        Recheck Cond: ((id >= 775604) AND (id <= 785603))
	        ->  Bitmap Index Scan on sbtest8_pkey  (cost=0.00..330.76 rows=10233 width=0)
	              Index Cond: ((id >= 775604) AND (id <= 785603))

for point_selects
table 1 : explain SELECT c FROM sbtest1 WHERE id=5515905
	Index Scan using sbtest1_pkey on sbtest1  (cost=0.43..8.45 rows=1 width=121)
	  Index Cond: (id = 5515905)

table 2 : explain SELECT c FROM sbtest2 WHERE id=5299903
	Index Scan using sbtest2_pkey on sbtest2  (cost=0.43..8.45 rows=1 width=121)
	  Index Cond: (id = 5299903)

table 3 : explain SELECT c FROM sbtest3 WHERE id=866155
	Index Scan using sbtest3_pkey on sbtest3  (cost=0.43..8.45 rows=1 width=121)
	  Index Cond: (id = 866155)

table 4 : explain SELECT c FROM sbtest4 WHERE id=8755859
	Index Scan using sbtest4_pkey on sbtest4  (cost=0.43..8.45 rows=1 width=121)
	  Index Cond: (id = 8755859)

table 5 : explain SELECT c FROM sbtest5 WHERE id=761261
	Index Scan using sbtest5_pkey on sbtest5  (cost=0.43..8.45 rows=1 width=121)
	  Index Cond: (id = 761261)

table 6 : explain SELECT c FROM sbtest6 WHERE id=5560050
	Index Scan using sbtest6_pkey on sbtest6  (cost=0.43..8.45 rows=1 width=121)
	  Index Cond: (id = 5560050)

table 7 : explain SELECT c FROM sbtest7 WHERE id=2620201
	Index Scan using sbtest7_pkey on sbtest7  (cost=0.43..8.45 rows=1 width=121)
	  Index Cond: (id = 2620201)

table 8 : explain SELECT c FROM sbtest8 WHERE id=5767504
	Index Scan using sbtest8_pkey on sbtest8  (cost=0.43..8.45 rows=1 width=121)
	  Index Cond: (id = 5767504)

for: order_ranges
table 1 : explain SELECT c FROM sbtest1 WHERE id BETWEEN 4486545 AND 4496544 ORDER BY c
	Sort  (cost=36179.74..36205.49 rows=10297 width=121)
	  Sort Key: c
	  ->  Bitmap Heap Scan on sbtest1  (cost=333.98..35493.45 rows=10297 width=121)
	        Recheck Cond: ((id >= 4486545) AND (id <= 4496544))
	        ->  Bitmap Index Scan on sbtest1_pkey  (cost=0.00..331.41 rows=10297 width=0)
	              Index Cond: ((id >= 4486545) AND (id <= 4496544))

table 2 : explain SELECT c FROM sbtest2 WHERE id BETWEEN 784344 AND 794343 ORDER BY c
	Sort  (cost=35654.66..35679.87 rows=10085 width=121)
	  Sort Key: c
	  ->  Bitmap Heap Scan on sbtest2  (cost=327.81..34984.01 rows=10085 width=121)
	        Recheck Cond: ((id >= 784344) AND (id <= 794343))
	        ->  Bitmap Index Scan on sbtest2_pkey  (cost=0.00..325.29 rows=10085 width=0)
	              Index Cond: ((id >= 784344) AND (id <= 794343))

table 3 : explain SELECT c FROM sbtest3 WHERE id BETWEEN 536391 AND 546390 ORDER BY c
	Sort  (cost=32789.10..32812.14 rows=9214 width=121)
	  Sort Key: c
	  ->  Bitmap Heap Scan on sbtest3  (cost=298.88..32182.38 rows=9214 width=121)
	        Recheck Cond: ((id >= 536391) AND (id <= 546390))
	        ->  Bitmap Index Scan on sbtest3_pkey  (cost=0.00..296.57 rows=9214 width=0)
	              Index Cond: ((id >= 536391) AND (id <= 546390))

table 4 : explain SELECT c FROM sbtest4 WHERE id BETWEEN 1011601 AND 1021600 ORDER BY c
	Sort  (cost=33316.68..33340.03 rows=9340 width=121)
	  Sort Key: c
	  ->  Bitmap Heap Scan on sbtest4  (cost=304.17..32700.74 rows=9340 width=121)
	        Recheck Cond: ((id >= 1011601) AND (id <= 1021600))
	        ->  Bitmap Index Scan on sbtest4_pkey  (cost=0.00..301.83 rows=9340 width=0)
	              Index Cond: ((id >= 1011601) AND (id <= 1021600))

table 5 : explain SELECT c FROM sbtest5 WHERE id BETWEEN 4353019 AND 4363018 ORDER BY c
	Sort  (cost=35718.63..35743.83 rows=10078 width=121)
	  Sort Key: c
	  ->  Bitmap Heap Scan on sbtest5  (cost=327.73..35048.50 rows=10078 width=121)
	        Recheck Cond: ((id >= 4353019) AND (id <= 4363018))
	        ->  Bitmap Index Scan on sbtest5_pkey  (cost=0.00..325.21 rows=10078 width=0)
	              Index Cond: ((id >= 4353019) AND (id <= 4363018))

table 6 : explain SELECT c FROM sbtest6 WHERE id BETWEEN 5817651 AND 5827650 ORDER BY c
	Sort  (cost=31116.19..31137.87 rows=8671 width=121)
	  Sort Key: c
	  ->  Bitmap Heap Scan on sbtest6  (cost=281.31..30549.02 rows=8671 width=121)
	        Recheck Cond: ((id >= 5817651) AND (id <= 5827650))
	        ->  Bitmap Index Scan on sbtest6_pkey  (cost=0.00..279.15 rows=8671 width=0)
	              Index Cond: ((id >= 5817651) AND (id <= 5827650))

table 7 : explain SELECT c FROM sbtest7 WHERE id BETWEEN 9619983 AND 9629982 ORDER BY c
	Sort  (cost=37035.66..37061.85 rows=10476 width=121)
	  Sort Key: c
	  ->  Bitmap Heap Scan on sbtest7  (cost=339.81..36336.13 rows=10476 width=121)
	        Recheck Cond: ((id >= 9619983) AND (id <= 9629982))
	        ->  Bitmap Index Scan on sbtest7_pkey  (cost=0.00..337.19 rows=10476 width=0)
	              Index Cond: ((id >= 9619983) AND (id <= 9629982))

table 8 : explain SELECT c FROM sbtest8 WHERE id BETWEEN 6570694 AND 6580693 ORDER BY c
	Sort  (cost=35796.63..35821.87 rows=10095 width=121)
	  Sort Key: c
	  ->  Bitmap Heap Scan on sbtest8  (cost=327.91..35125.25 rows=10095 width=121)
	        Recheck Cond: ((id >= 6570694) AND (id <= 6580693))
	        ->  Bitmap Index Scan on sbtest8_pkey  (cost=0.00..325.38 rows=10095 width=0)
	              Index Cond: ((id >= 6570694) AND (id <= 6580693))

for: simple_ranges
table 1 : explain SELECT c FROM sbtest1 WHERE id BETWEEN 7697645 AND 7707644
	Bitmap Heap Scan on sbtest1  (cost=345.23..36485.18 rows=10614 width=121)
	  Recheck Cond: ((id >= 7697645) AND (id <= 7707644))
	  ->  Bitmap Index Scan on sbtest1_pkey  (cost=0.00..342.57 rows=10614 width=0)
	        Index Cond: ((id >= 7697645) AND (id <= 7707644))

table 2 : explain SELECT c FROM sbtest2 WHERE id BETWEEN 552304 AND 562303
	Bitmap Heap Scan on sbtest2  (cost=346.74..37108.32 rows=10761 width=121)
	  Recheck Cond: ((id >= 552304) AND (id <= 562303))
	  ->  Bitmap Index Scan on sbtest2_pkey  (cost=0.00..344.05 rows=10761 width=0)
	        Index Cond: ((id >= 552304) AND (id <= 562303))

table 3 : explain SELECT c FROM sbtest3 WHERE id BETWEEN 8764290 AND 8774289
	Bitmap Heap Scan on sbtest3  (cost=304.14..32574.98 rows=9337 width=121)
	  Recheck Cond: ((id >= 8764290) AND (id <= 8774289))
	  ->  Bitmap Index Scan on sbtest3_pkey  (cost=0.00..301.81 rows=9337 width=0)
	        Index Cond: ((id >= 8764290) AND (id <= 8774289))

table 4 : explain SELECT c FROM sbtest4 WHERE id BETWEEN 5468148 AND 5478147
	Bitmap Heap Scan on sbtest4  (cost=287.07..31093.96 rows=8842 width=121)
	  Recheck Cond: ((id >= 5468148) AND (id <= 5478147))
	  ->  Bitmap Index Scan on sbtest4_pkey  (cost=0.00..284.86 rows=8842 width=0)
	        Index Cond: ((id >= 5468148) AND (id <= 5478147))

table 5 : explain SELECT c FROM sbtest5 WHERE id BETWEEN 2777302 AND 2787301
	Bitmap Heap Scan on sbtest5  (cost=286.92..31043.44 rows=8828 width=121)
	  Recheck Cond: ((id >= 2777302) AND (id <= 2787301))
	  ->  Bitmap Index Scan on sbtest5_pkey  (cost=0.00..284.71 rows=8828 width=0)
	        Index Cond: ((id >= 2777302) AND (id <= 2787301))

table 6 : explain SELECT c FROM sbtest6 WHERE id BETWEEN 7489397 AND 7499396
	Bitmap Heap Scan on sbtest6  (cost=357.24..37993.25 rows=11005 width=121)
	  Recheck Cond: ((id >= 7489397) AND (id <= 7499396))
	  ->  Bitmap Index Scan on sbtest6_pkey  (cost=0.00..354.49 rows=11005 width=0)
	        Index Cond: ((id >= 7489397) AND (id <= 7499396))

table 7 : explain SELECT c FROM sbtest7 WHERE id BETWEEN 6893029 AND 6903028
	Bitmap Heap Scan on sbtest7  (cost=327.64..35046.43 rows=10069 width=121)
	  Recheck Cond: ((id >= 6893029) AND (id <= 6903028))
	  ->  Bitmap Index Scan on sbtest7_pkey  (cost=0.00..325.12 rows=10069 width=0)
	        Index Cond: ((id >= 6893029) AND (id <= 6903028))

table 8 : explain SELECT c FROM sbtest8 WHERE id BETWEEN 4186699 AND 4196698
	Bitmap Heap Scan on sbtest8  (cost=310.12..33322.47 rows=9530 width=121)
	  Recheck Cond: ((id >= 4186699) AND (id <= 4196698))
	  ->  Bitmap Index Scan on sbtest8_pkey  (cost=0.00..307.74 rows=9530 width=0)
	        Index Cond: ((id >= 4186699) AND (id <= 4196698))

for: distinct_ranges
table 1 : explain SELECT DISTINCT c FROM sbtest1 WHERE id BETWEEN 8519658 AND 8529657 ORDER BY c
	Unique  (cost=34682.05..34731.20 rows=9830 width=121)
	  ->  Sort  (cost=34682.05..34706.62 rows=9830 width=121)
	        Sort Key: c
	        ->  Bitmap Heap Scan on sbtest1  (cost=321.19..34030.17 rows=9830 width=121)
	              Recheck Cond: ((id >= 8519658) AND (id <= 8529657))
	              ->  Bitmap Index Scan on sbtest1_pkey  (cost=0.00..318.74 rows=9830 width=0)
	                    Index Cond: ((id >= 8519658) AND (id <= 8529657))

table 2 : explain SELECT DISTINCT c FROM sbtest2 WHERE id BETWEEN 8959999 AND 8969998 ORDER BY c
	Unique  (cost=31109.73..31153.21 rows=8695 width=121)
	  ->  Sort  (cost=31109.73..31131.47 rows=8695 width=121)
	        Sort Key: c
	        ->  Bitmap Heap Scan on sbtest2  (cost=281.56..30540.82 rows=8695 width=121)
	              Recheck Cond: ((id >= 8959999) AND (id <= 8969998))
	              ->  Bitmap Index Scan on sbtest2_pkey  (cost=0.00..279.38 rows=8695 width=0)
	                    Index Cond: ((id >= 8959999) AND (id <= 8969998))

table 3 : explain SELECT DISTINCT c FROM sbtest3 WHERE id BETWEEN 1508500 AND 1518499 ORDER BY c
	Unique  (cost=32537.61..32583.30 rows=9138 width=121)
	  ->  Sort  (cost=32537.61..32560.46 rows=9138 width=121)
	        Sort Key: c
	        ->  Bitmap Heap Scan on sbtest3  (cost=294.10..31936.44 rows=9138 width=121)
	              Recheck Cond: ((id >= 1508500) AND (id <= 1518499))
	              ->  Bitmap Index Scan on sbtest3_pkey  (cost=0.00..291.81 rows=9138 width=0)
	                    Index Cond: ((id >= 1508500) AND (id <= 1518499))

table 4 : explain SELECT DISTINCT c FROM sbtest4 WHERE id BETWEEN 9561619 AND 9571618 ORDER BY c
	Unique  (cost=32762.22..32808.08 rows=9172 width=121)
	  ->  Sort  (cost=32762.22..32785.15 rows=9172 width=121)
	        Sort Key: c
	        ->  Bitmap Heap Scan on sbtest4  (cost=298.45..32158.57 rows=9172 width=121)
	              Recheck Cond: ((id >= 9561619) AND (id <= 9571618))
	              ->  Bitmap Index Scan on sbtest4_pkey  (cost=0.00..296.16 rows=9172 width=0)
	                    Index Cond: ((id >= 9561619) AND (id <= 9571618))

table 5 : explain SELECT DISTINCT c FROM sbtest5 WHERE id BETWEEN 3201040 AND 3211039 ORDER BY c
	Unique  (cost=36466.49..36518.04 rows=10309 width=121)
	  ->  Sort  (cost=36466.49..36492.27 rows=10309 width=121)
	        Sort Key: c
	        ->  Bitmap Heap Scan on sbtest5  (cost=334.10..35779.32 rows=10309 width=121)
	              Recheck Cond: ((id >= 3201040) AND (id <= 3211039))
	              ->  Bitmap Index Scan on sbtest5_pkey  (cost=0.00..331.53 rows=10309 width=0)
	                    Index Cond: ((id >= 3201040) AND (id <= 3211039))

table 6 : explain SELECT DISTINCT c FROM sbtest6 WHERE id BETWEEN 8105237 AND 8115236 ORDER BY c
	Unique  (cost=35775.98..35826.43 rows=10090 width=121)
	  ->  Sort  (cost=35775.98..35801.21 rows=10090 width=121)
	        Sort Key: c
	        ->  Bitmap Heap Scan on sbtest6  (cost=327.86..35104.96 rows=10090 width=121)
	              Recheck Cond: ((id >= 8105237) AND (id <= 8115236))
	              ->  Bitmap Index Scan on sbtest6_pkey  (cost=0.00..325.33 rows=10090 width=0)
	                    Index Cond: ((id >= 8105237) AND (id <= 8115236))

table 7 : explain SELECT DISTINCT c FROM sbtest7 WHERE id BETWEEN 6744688 AND 6754687 ORDER BY c
	Unique  (cost=33850.77..33898.26 rows=9498 width=121)
	  ->  Sort  (cost=33850.77..33874.52 rows=9498 width=121)
	        Sort Key: c
	        ->  Bitmap Heap Scan on sbtest7  (cost=309.79..33223.27 rows=9498 width=121)
	              Recheck Cond: ((id >= 6744688) AND (id <= 6754687))
	              ->  Bitmap Index Scan on sbtest7_pkey  (cost=0.00..307.42 rows=9498 width=0)
	                    Index Cond: ((id >= 6744688) AND (id <= 6754687))

table 8 : explain SELECT DISTINCT c FROM sbtest8 WHERE id BETWEEN 7604140 AND 7614139 ORDER BY c
	Unique  (cost=34039.39..34087.17 rows=9557 width=121)
	  ->  Sort  (cost=34039.39..34063.28 rows=9557 width=121)
	        Sort Key: c
	        ->  Bitmap Heap Scan on sbtest8  (cost=310.39..33407.56 rows=9557 width=121)
	              Recheck Cond: ((id >= 7604140) AND (id <= 7614139))
	              ->  Bitmap Index Scan on sbtest8_pkey  (cost=0.00..308.00 rows=9557 width=0)
	                    Index Cond: ((id >= 7604140) AND (id <= 7614139))

for: sum_ranges
table 1 : explain SELECT SUM(k) FROM sbtest1 WHERE id BETWEEN 768784 AND 778783
	Aggregate  (cost=34332.50..34332.51 rows=1 width=8)
	  ->  Bitmap Heap Scan on sbtest1  (cost=322.10..34307.71 rows=9919 width=4)
	        Recheck Cond: ((id >= 768784) AND (id <= 778783))
	        ->  Bitmap Index Scan on sbtest1_pkey  (cost=0.00..319.62 rows=9919 width=0)
	              Index Cond: ((id >= 768784) AND (id <= 778783))

table 2 : explain SELECT SUM(k) FROM sbtest2 WHERE id BETWEEN 8929782 AND 8939781
	Aggregate  (cost=30562.56..30562.57 rows=1 width=8)
	  ->  Bitmap Heap Scan on sbtest2  (cost=281.56..30540.82 rows=8695 width=4)
	        Recheck Cond: ((id >= 8929782) AND (id <= 8939781))
	        ->  Bitmap Index Scan on sbtest2_pkey  (cost=0.00..279.38 rows=8695 width=0)
	              Index Cond: ((id >= 8929782) AND (id <= 8939781))

table 3 : explain SELECT SUM(k) FROM sbtest3 WHERE id BETWEEN 1562063 AND 1572062
	Aggregate  (cost=31959.29..31959.30 rows=1 width=8)
	  ->  Bitmap Heap Scan on sbtest3  (cost=294.10..31936.44 rows=9138 width=4)
	        Recheck Cond: ((id >= 1562063) AND (id <= 1572062))
	        ->  Bitmap Index Scan on sbtest3_pkey  (cost=0.00..291.81 rows=9138 width=0)
	              Index Cond: ((id >= 1562063) AND (id <= 1572062))

table 4 : explain SELECT SUM(k) FROM sbtest4 WHERE id BETWEEN 2202477 AND 2212476
	Aggregate  (cost=36822.26..36822.27 rows=1 width=8)
	  ->  Bitmap Heap Scan on sbtest4  (cost=345.37..36795.69 rows=10628 width=4)
	        Recheck Cond: ((id >= 2202477) AND (id <= 2212476))
	        ->  Bitmap Index Scan on sbtest4_pkey  (cost=0.00..342.71 rows=10628 width=0)
	              Index Cond: ((id >= 2202477) AND (id <= 2212476))

table 5 : explain SELECT SUM(k) FROM sbtest5 WHERE id BETWEEN 2642132 AND 2652131
	Aggregate  (cost=34418.58..34418.59 rows=1 width=8)
	  ->  Bitmap Heap Scan on sbtest5  (cost=321.62..34393.90 rows=9872 width=4)
	        Recheck Cond: ((id >= 2642132) AND (id <= 2652131))
	        ->  Bitmap Index Scan on sbtest5_pkey  (cost=0.00..319.16 rows=9872 width=0)
	              Index Cond: ((id >= 2642132) AND (id <= 2652131))

table 6 : explain SELECT SUM(k) FROM sbtest6 WHERE id BETWEEN 1654065 AND 1664064
	Aggregate  (cost=33089.60..33089.61 rows=1 width=8)
	  ->  Bitmap Heap Scan on sbtest6  (cost=305.32..33065.97 rows=9452 width=4)
	        Recheck Cond: ((id >= 1654065) AND (id <= 1664064))
	        ->  Bitmap Index Scan on sbtest6_pkey  (cost=0.00..302.95 rows=9452 width=0)
	              Index Cond: ((id >= 1654065) AND (id <= 1664064))

table 7 : explain SELECT SUM(k) FROM sbtest7 WHERE id BETWEEN 3429538 AND 3439537
	Aggregate  (cost=36125.72..36125.73 rows=1 width=8)
	  ->  Bitmap Heap Scan on sbtest7  (cost=339.05..36099.72 rows=10401 width=4)
	        Recheck Cond: ((id >= 3429538) AND (id <= 3439537))
	        ->  Bitmap Index Scan on sbtest7_pkey  (cost=0.00..336.44 rows=10401 width=0)
	              Index Cond: ((id >= 3429538) AND (id <= 3439537))

table 8 : explain SELECT SUM(k) FROM sbtest8 WHERE id BETWEEN 4759933 AND 4769932
	Aggregate  (cost=37495.97..37495.98 rows=1 width=8)
	  ->  Bitmap Heap Scan on sbtest8  (cost=351.51..37468.88 rows=10837 width=4)
	        Recheck Cond: ((id >= 4759933) AND (id <= 4769932))
	        ->  Bitmap Index Scan on sbtest8_pkey  (cost=0.00..348.81 rows=10837 width=0)
	              Index Cond: ((id >= 4759933) AND (id <= 4769932))

for: sum_ranges
table 1 : explain SELECT SUM(k) FROM sbtest1 WHERE id BETWEEN 234564 AND 244563
	Aggregate  (cost=33085.17..33085.18 rows=1 width=8)
	  ->  Bitmap Heap Scan on sbtest1  (cost=310.05..33061.36 rows=9523 width=4)
	        Recheck Cond: ((id >= 234564) AND (id <= 244563))
	        ->  Bitmap Index Scan on sbtest1_pkey  (cost=0.00..307.67 rows=9523 width=0)
	              Index Cond: ((id >= 234564) AND (id <= 244563))

table 2 : explain SELECT SUM(k) FROM sbtest2 WHERE id BETWEEN 9199970 AND 9209969
	Aggregate  (cost=30978.19..30978.20 rows=1 width=8)
	  ->  Bitmap Heap Scan on sbtest2  (cost=286.87..30956.13 rows=8823 width=4)
	        Recheck Cond: ((id >= 9199970) AND (id <= 9209969))
	        ->  Bitmap Index Scan on sbtest2_pkey  (cost=0.00..284.67 rows=8823 width=0)
	              Index Cond: ((id >= 9199970) AND (id <= 9209969))

table 3 : explain SELECT SUM(k) FROM sbtest3 WHERE id BETWEEN 6008790 AND 6018789
	Aggregate  (cost=34246.96..34246.97 rows=1 width=8)
	  ->  Bitmap Heap Scan on sbtest3  (cost=317.46..34222.32 rows=9856 width=4)
	        Recheck Cond: ((id >= 6008790) AND (id <= 6018789))
	        ->  Bitmap Index Scan on sbtest3_pkey  (cost=0.00..315.00 rows=9856 width=0)
	              Index Cond: ((id >= 6008790) AND (id <= 6018789))

table 4 : explain SELECT SUM(k) FROM sbtest4 WHERE id BETWEEN 6333292 AND 6343291
	Aggregate  (cost=33704.02..33704.03 rows=1 width=8)
	  ->  Bitmap Heap Scan on sbtest4  (cost=311.32..33679.90 rows=9647 width=4)
	        Recheck Cond: ((id >= 6333292) AND (id <= 6343291))
	        ->  Bitmap Index Scan on sbtest4_pkey  (cost=0.00..308.91 rows=9647 width=0)
	              Index Cond: ((id >= 6333292) AND (id <= 6343291))

table 5 : explain SELECT SUM(k) FROM sbtest5 WHERE id BETWEEN 5260505 AND 5270504
	Aggregate  (cost=33063.58..33063.59 rows=1 width=8)
	  ->  Bitmap Heap Scan on sbtest5  (cost=305.29..33039.96 rows=9449 width=4)
	        Recheck Cond: ((id >= 5260505) AND (id <= 5270504))
	        ->  Bitmap Index Scan on sbtest5_pkey  (cost=0.00..302.93 rows=9449 width=0)
	              Index Cond: ((id >= 5260505) AND (id <= 5270504))

table 6 : explain SELECT SUM(k) FROM sbtest6 WHERE id BETWEEN 2317924 AND 2327923
	Aggregate  (cost=34761.59..34761.60 rows=1 width=8)
	  ->  Bitmap Heap Scan on sbtest6  (cost=322.68..34736.65 rows=9975 width=4)
	        Recheck Cond: ((id >= 2317924) AND (id <= 2327923))
	        ->  Bitmap Index Scan on sbtest6_pkey  (cost=0.00..320.19 rows=9975 width=0)
	              Index Cond: ((id >= 2317924) AND (id <= 2327923))

table 7 : explain SELECT SUM(k) FROM sbtest7 WHERE id BETWEEN 9671759 AND 9681758
	Aggregate  (cost=36362.32..36362.33 rows=1 width=8)
	  ->  Bitmap Heap Scan on sbtest7  (cost=339.81..36336.13 rows=10476 width=4)
	        Recheck Cond: ((id >= 9671759) AND (id <= 9681758))
	        ->  Bitmap Index Scan on sbtest7_pkey  (cost=0.00..337.19 rows=10476 width=0)
	              Index Cond: ((id >= 9671759) AND (id <= 9681758))

table 8 : explain SELECT SUM(k) FROM sbtest8 WHERE id BETWEEN 9927752 AND 9937751
	Aggregate  (cost=34644.97..34644.98 rows=1 width=8)
	  ->  Bitmap Heap Scan on sbtest8  (cost=322.29..34620.13 rows=9937 width=4)
	        Recheck Cond: ((id >= 9927752) AND (id <= 9937751))
	        ->  Bitmap Index Scan on sbtest8_pkey  (cost=0.00..319.81 rows=9937 width=0)
	              Index Cond: ((id >= 9927752) AND (id <= 9937751))

for point_selects
table 1 : explain SELECT c FROM sbtest1 WHERE id=4541160
	Index Scan using sbtest1_pkey on sbtest1  (cost=0.43..8.45 rows=1 width=121)
	  Index Cond: (id = 4541160)

table 2 : explain SELECT c FROM sbtest2 WHERE id=4940357
	Index Scan using sbtest2_pkey on sbtest2  (cost=0.43..8.45 rows=1 width=121)
	  Index Cond: (id = 4940357)

table 3 : explain SELECT c FROM sbtest3 WHERE id=989163
	Index Scan using sbtest3_pkey on sbtest3  (cost=0.43..8.45 rows=1 width=121)
	  Index Cond: (id = 989163)

table 4 : explain SELECT c FROM sbtest4 WHERE id=6930858
	Index Scan using sbtest4_pkey on sbtest4  (cost=0.43..8.45 rows=1 width=121)
	  Index Cond: (id = 6930858)

table 5 : explain SELECT c FROM sbtest5 WHERE id=3626016
	Index Scan using sbtest5_pkey on sbtest5  (cost=0.43..8.45 rows=1 width=121)
	  Index Cond: (id = 3626016)

table 6 : explain SELECT c FROM sbtest6 WHERE id=8252362
	Index Scan using sbtest6_pkey on sbtest6  (cost=0.43..8.45 rows=1 width=121)
	  Index Cond: (id = 8252362)

table 7 : explain SELECT c FROM sbtest7 WHERE id=4259817
	Index Scan using sbtest7_pkey on sbtest7  (cost=0.43..8.45 rows=1 width=121)
	  Index Cond: (id = 4259817)

table 8 : explain SELECT c FROM sbtest8 WHERE id=6302828
	Index Scan using sbtest8_pkey on sbtest8  (cost=0.43..8.45 rows=1 width=121)
	  Index Cond: (id = 6302828)

for: simple_ranges
table 1 : explain SELECT c FROM sbtest1 WHERE id BETWEEN 6975958 AND 6985957
	Bitmap Heap Scan on sbtest1  (cost=345.27..36497.97 rows=10618 width=121)
	  Recheck Cond: ((id >= 6975958) AND (id <= 6985957))
	  ->  Bitmap Index Scan on sbtest1_pkey  (cost=0.00..342.62 rows=10618 width=0)
	        Index Cond: ((id >= 6975958) AND (id <= 6985957))

table 2 : explain SELECT c FROM sbtest2 WHERE id BETWEEN 5757237 AND 5767236
	Bitmap Heap Scan on sbtest2  (cost=316.34..33911.89 rows=9747 width=121)
	  Recheck Cond: ((id >= 5757237) AND (id <= 5767236))
	  ->  Bitmap Index Scan on sbtest2_pkey  (cost=0.00..313.91 rows=9747 width=0)
	        Index Cond: ((id >= 5757237) AND (id <= 5767236))

table 3 : explain SELECT c FROM sbtest3 WHERE id BETWEEN 2239502 AND 2249501
	Bitmap Heap Scan on sbtest3  (cost=345.98..36839.60 rows=10687 width=121)
	  Recheck Cond: ((id >= 2239502) AND (id <= 2249501))
	  ->  Bitmap Index Scan on sbtest3_pkey  (cost=0.00..343.31 rows=10687 width=0)
	        Index Cond: ((id >= 2239502) AND (id <= 2249501))

table 4 : explain SELECT c FROM sbtest4 WHERE id BETWEEN 8167445 AND 8177444
	Bitmap Heap Scan on sbtest4  (cost=346.50..37137.80 rows=10738 width=121)
	  Recheck Cond: ((id >= 8167445) AND (id <= 8177444))
	  ->  Bitmap Index Scan on sbtest4_pkey  (cost=0.00..343.81 rows=10738 width=0)
	        Index Cond: ((id >= 8167445) AND (id <= 8177444))

table 5 : explain SELECT c FROM sbtest5 WHERE id BETWEEN 3842764 AND 3852763
	Bitmap Heap Scan on sbtest5  (cost=328.40..35253.11 rows=10143 width=121)
	  Recheck Cond: ((id >= 3842764) AND (id <= 3852763))
	  ->  Bitmap Index Scan on sbtest5_pkey  (cost=0.00..325.87 rows=10143 width=0)
	        Index Cond: ((id >= 3842764) AND (id <= 3852763))

table 6 : explain SELECT c FROM sbtest6 WHERE id BETWEEN 4722867 AND 4732866
	Bitmap Heap Scan on sbtest6  (cost=341.00..36691.48 rows=10592 width=121)
	  Recheck Cond: ((id >= 4722867) AND (id <= 4732866))
	  ->  Bitmap Index Scan on sbtest6_pkey  (cost=0.00..338.36 rows=10592 width=0)
	        Index Cond: ((id >= 4722867) AND (id <= 4732866))

table 7 : explain SELECT c FROM sbtest7 WHERE id BETWEEN 5505278 AND 5515277
	Bitmap Heap Scan on sbtest7  (cost=310.63..33485.08 rows=9580 width=121)
	  Recheck Cond: ((id >= 5505278) AND (id <= 5515277))
	  ->  Bitmap Index Scan on sbtest7_pkey  (cost=0.00..308.24 rows=9580 width=0)
	        Index Cond: ((id >= 5505278) AND (id <= 5515277))

table 8 : explain SELECT c FROM sbtest8 WHERE id BETWEEN 9355844 AND 9365843
	Bitmap Heap Scan on sbtest8  (cost=322.73..34756.89 rows=9980 width=121)
	  Recheck Cond: ((id >= 9355844) AND (id <= 9365843))
	  ->  Bitmap Index Scan on sbtest8_pkey  (cost=0.00..320.24 rows=9980 width=0)
	        Index Cond: ((id >= 9355844) AND (id <= 9365843))

for: order_ranges
table 1 : explain SELECT c FROM sbtest1 WHERE id BETWEEN 415352 AND 425351 ORDER BY c
	Sort  (cost=34018.85..34042.91 rows=9625 width=121)
	  Sort Key: c
	  ->  Bitmap Heap Scan on sbtest1  (cost=311.09..33382.03 rows=9625 width=121)
	        Recheck Cond: ((id >= 415352) AND (id <= 425351))
	        ->  Bitmap Index Scan on sbtest1_pkey  (cost=0.00..308.69 rows=9625 width=0)
	              Index Cond: ((id >= 415352) AND (id <= 425351))

table 2 : explain SELECT c FROM sbtest2 WHERE id BETWEEN 4297042 AND 4307041 ORDER BY c
	Sort  (cost=34950.65..34975.32 rows=9868 width=121)
	  Sort Key: c
	  ->  Bitmap Heap Scan on sbtest2  (cost=321.58..34295.98 rows=9868 width=121)
	        Recheck Cond: ((id >= 4297042) AND (id <= 4307041))
	        ->  Bitmap Index Scan on sbtest2_pkey  (cost=0.00..319.12 rows=9868 width=0)
	              Index Cond: ((id >= 4297042) AND (id <= 4307041))

table 3 : explain SELECT c FROM sbtest3 WHERE id BETWEEN 4994136 AND 5004135 ORDER BY c
	Sort  (cost=36019.99..36045.52 rows=10210 width=121)
	  Sort Key: c
	  ->  Bitmap Heap Scan on sbtest3  (cost=329.09..35340.12 rows=10210 width=121)
	        Recheck Cond: ((id >= 4994136) AND (id <= 5004135))
	        ->  Bitmap Index Scan on sbtest3_pkey  (cost=0.00..326.54 rows=10210 width=0)
	              Index Cond: ((id >= 4994136) AND (id <= 5004135))

table 4 : explain SELECT c FROM sbtest4 WHERE id BETWEEN 2018894 AND 2028893 ORDER BY c
	Sort  (cost=32270.60..32293.15 rows=9023 width=121)
	  Sort Key: c
	  ->  Bitmap Heap Scan on sbtest4  (cost=292.92..31677.81 rows=9023 width=121)
	        Recheck Cond: ((id >= 2018894) AND (id <= 2028893))
	        ->  Bitmap Index Scan on sbtest4_pkey  (cost=0.00..290.67 rows=9023 width=0)
	              Index Cond: ((id >= 2018894) AND (id <= 2028893))

table 5 : explain SELECT c FROM sbtest5 WHERE id BETWEEN 508024 AND 518023 ORDER BY c
	Sort  (cost=32178.56..32201.05 rows=8996 width=121)
	  Sort Key: c
	  ->  Bitmap Heap Scan on sbtest5  (cost=292.64..31587.75 rows=8996 width=121)
	        Recheck Cond: ((id >= 508024) AND (id <= 518023))
	        ->  Bitmap Index Scan on sbtest5_pkey  (cost=0.00..290.40 rows=8996 width=0)
	              Index Cond: ((id >= 508024) AND (id <= 518023))

table 6 : explain SELECT c FROM sbtest6 WHERE id BETWEEN 5936641 AND 5946640 ORDER BY c
	Sort  (cost=32217.53..32240.04 rows=9004 width=121)
	  Sort Key: c
	  ->  Bitmap Heap Scan on sbtest6  (cost=292.73..31626.13 rows=9004 width=121)
	        Recheck Cond: ((id >= 5936641) AND (id <= 5946640))
	        ->  Bitmap Index Scan on sbtest6_pkey  (cost=0.00..290.48 rows=9004 width=0)
	              Index Cond: ((id >= 5936641) AND (id <= 5946640))

table 7 : explain SELECT c FROM sbtest7 WHERE id BETWEEN 4117286 AND 4127285 ORDER BY c
	Sort  (cost=35082.22..35106.91 rows=9875 width=121)
	  Sort Key: c
	  ->  Bitmap Heap Scan on sbtest7  (cost=321.65..34427.03 rows=9875 width=121)
	        Recheck Cond: ((id >= 4117286) AND (id <= 4127285))
	        ->  Bitmap Index Scan on sbtest7_pkey  (cost=0.00..319.19 rows=9875 width=0)
	              Index Cond: ((id >= 4117286) AND (id <= 4127285))

table 8 : explain SELECT c FROM sbtest8 WHERE id BETWEEN 564967 AND 574966 ORDER BY c
	Sort  (cost=36481.86..36507.63 rows=10306 width=121)
	  Sort Key: c
	  ->  Bitmap Heap Scan on sbtest8  (cost=334.07..35794.91 rows=10306 width=121)
	        Recheck Cond: ((id >= 564967) AND (id <= 574966))
	        ->  Bitmap Index Scan on sbtest8_pkey  (cost=0.00..331.50 rows=10306 width=0)
	              Index Cond: ((id >= 564967) AND (id <= 574966))

for: simple_ranges
table 1 : explain SELECT c FROM sbtest1 WHERE id BETWEEN 5603999 AND 5613998
	Bitmap Heap Scan on sbtest1  (cost=328.18..34943.08 rows=10121 width=121)
	  Recheck Cond: ((id >= 5603999) AND (id <= 5613998))
	  ->  Bitmap Index Scan on sbtest1_pkey  (cost=0.00..325.65 rows=10121 width=0)
	        Index Cond: ((id >= 5603999) AND (id <= 5613998))

table 2 : explain SELECT c FROM sbtest2 WHERE id BETWEEN 4735435 AND 4745434
	Bitmap Heap Scan on sbtest2  (cost=334.56..35828.51 rows=10354 width=121)
	  Recheck Cond: ((id >= 4735435) AND (id <= 4745434))
	  ->  Bitmap Index Scan on sbtest2_pkey  (cost=0.00..331.98 rows=10354 width=0)
	        Index Cond: ((id >= 4735435) AND (id <= 4745434))

table 3 : explain SELECT c FROM sbtest3 WHERE id BETWEEN 4020475 AND 4030474
	Bitmap Heap Scan on sbtest3  (cost=311.21..33530.01 rows=9637 width=121)
	  Recheck Cond: ((id >= 4020475) AND (id <= 4030474))
	  ->  Bitmap Index Scan on sbtest3_pkey  (cost=0.00..308.81 rows=9637 width=0)
	        Index Cond: ((id >= 4020475) AND (id <= 4030474))

table 4 : explain SELECT c FROM sbtest4 WHERE id BETWEEN 3126573 AND 3136572
	Bitmap Heap Scan on sbtest4  (cost=321.88..34480.45 rows=9897 width=121)
	  Recheck Cond: ((id >= 3126573) AND (id <= 3136572))
	  ->  Bitmap Index Scan on sbtest4_pkey  (cost=0.00..319.41 rows=9897 width=0)
	        Index Cond: ((id >= 3126573) AND (id <= 3136572))

table 5 : explain SELECT c FROM sbtest5 WHERE id BETWEEN 2800750 AND 2810749
	Bitmap Heap Scan on sbtest5  (cost=333.44..35575.09 rows=10244 width=121)
	  Recheck Cond: ((id >= 2800750) AND (id <= 2810749))
	  ->  Bitmap Index Scan on sbtest5_pkey  (cost=0.00..330.88 rows=10244 width=0)
	        Index Cond: ((id >= 2800750) AND (id <= 2810749))

table 6 : explain SELECT c FROM sbtest6 WHERE id BETWEEN 1193458 AND 1203457
	Bitmap Heap Scan on sbtest6  (cost=334.93..36053.28 rows=10390 width=121)
	  Recheck Cond: ((id >= 1193458) AND (id <= 1203457))
	  ->  Bitmap Index Scan on sbtest6_pkey  (cost=0.00..332.33 rows=10390 width=0)
	        Index Cond: ((id >= 1193458) AND (id <= 1203457))

table 7 : explain SELECT c FROM sbtest7 WHERE id BETWEEN 8555242 AND 8565241
	Bitmap Heap Scan on sbtest7  (cost=304.44..32799.81 rows=9366 width=121)
	  Recheck Cond: ((id >= 8555242) AND (id <= 8565241))
	  ->  Bitmap Index Scan on sbtest7_pkey  (cost=0.00..302.09 rows=9366 width=0)
	        Index Cond: ((id >= 8555242) AND (id <= 8565241))

table 8 : explain SELECT c FROM sbtest8 WHERE id BETWEEN 1230960 AND 1240959
	Bitmap Heap Scan on sbtest8  (cost=304.69..32876.28 rows=9391 width=121)
	  Recheck Cond: ((id >= 1230960) AND (id <= 1240959))
	  ->  Bitmap Index Scan on sbtest8_pkey  (cost=0.00..302.34 rows=9391 width=0)
	        Index Cond: ((id >= 1230960) AND (id <= 1240959))

for: distinct_ranges
table 1 : explain SELECT DISTINCT c FROM sbtest1 WHERE id BETWEEN 1319923 AND 1329922 ORDER BY c
	Unique  (cost=35458.20..35508.56 rows=10071 width=121)
	  ->  Sort  (cost=35458.20..35483.38 rows=10071 width=121)
	        Sort Key: c
	        ->  Bitmap Heap Scan on sbtest1  (cost=327.66..34788.59 rows=10071 width=121)
	              Recheck Cond: ((id >= 1319923) AND (id <= 1329922))
	              ->  Bitmap Index Scan on sbtest1_pkey  (cost=0.00..325.15 rows=10071 width=0)
	                    Index Cond: ((id >= 1319923) AND (id <= 1329922))

table 2 : explain SELECT DISTINCT c FROM sbtest2 WHERE id BETWEEN 6786266 AND 6796265 ORDER BY c
	Unique  (cost=33496.55..33543.66 rows=9422 width=121)
	  ->  Sort  (cost=33496.55..33520.11 rows=9422 width=121)
	        Sort Key: c
	        ->  Bitmap Heap Scan on sbtest2  (cost=305.01..32874.61 rows=9422 width=121)
	              Recheck Cond: ((id >= 6786266) AND (id <= 6796265))
	              ->  Bitmap Index Scan on sbtest2_pkey  (cost=0.00..302.66 rows=9422 width=0)
	                    Index Cond: ((id >= 6786266) AND (id <= 6796265))

table 3 : explain SELECT DISTINCT c FROM sbtest3 WHERE id BETWEEN 5938901 AND 5948900 ORDER BY c
	Unique  (cost=35927.43..35978.33 rows=10181 width=121)
	  ->  Sort  (cost=35927.43..35952.88 rows=10181 width=121)
	        Sort Key: c
	        ->  Bitmap Heap Scan on sbtest3  (cost=328.79..35249.70 rows=10181 width=121)
	              Recheck Cond: ((id >= 5938901) AND (id <= 5948900))
	              ->  Bitmap Index Scan on sbtest3_pkey  (cost=0.00..326.25 rows=10181 width=0)
	                    Index Cond: ((id >= 5938901) AND (id <= 5948900))

table 4 : explain SELECT DISTINCT c FROM sbtest4 WHERE id BETWEEN 4603596 AND 4613595 ORDER BY c
	Unique  (cost=34475.99..34524.46 rows=9694 width=121)
	  ->  Sort  (cost=34475.99..34500.22 rows=9694 width=121)
	        Sort Key: c
	        ->  Bitmap Heap Scan on sbtest4  (cost=315.80..33834.11 rows=9694 width=121)
	              Recheck Cond: ((id >= 4603596) AND (id <= 4613595))
	              ->  Bitmap Index Scan on sbtest4_pkey  (cost=0.00..313.38 rows=9694 width=0)
	                    Index Cond: ((id >= 4603596) AND (id <= 4613595))

table 5 : explain SELECT DISTINCT c FROM sbtest5 WHERE id BETWEEN 7994618 AND 8004617 ORDER BY c
	Unique  (cost=34056.02..34103.86 rows=9568 width=121)
	  ->  Sort  (cost=34056.02..34079.94 rows=9568 width=121)
	        Sort Key: c
	        ->  Bitmap Heap Scan on sbtest5  (cost=310.51..33423.38 rows=9568 width=121)
	              Recheck Cond: ((id >= 7994618) AND (id <= 8004617))
	              ->  Bitmap Index Scan on sbtest5_pkey  (cost=0.00..308.12 rows=9568 width=0)
	                    Index Cond: ((id >= 7994618) AND (id <= 8004617))

table 6 : explain SELECT DISTINCT c FROM sbtest6 WHERE id BETWEEN 9456781 AND 9466780 ORDER BY c
	Unique  (cost=38012.42..38066.32 rows=10781 width=121)
	  ->  Sort  (cost=38012.42..38039.37 rows=10781 width=121)
	        Sort Key: c
	        ->  Bitmap Heap Scan on sbtest6  (cost=350.94..37290.30 rows=10781 width=121)
	              Recheck Cond: ((id >= 9456781) AND (id <= 9466780))
	              ->  Bitmap Index Scan on sbtest6_pkey  (cost=0.00..348.25 rows=10781 width=0)
	                    Index Cond: ((id >= 9456781) AND (id <= 9466780))

table 7 : explain SELECT DISTINCT c FROM sbtest7 WHERE id BETWEEN 5443309 AND 5453308 ORDER BY c
	Unique  (cost=37480.11..37533.18 rows=10614 width=121)
	  ->  Sort  (cost=37480.11..37506.65 rows=10614 width=121)
	        Sort Key: c
	        ->  Bitmap Heap Scan on sbtest7  (cost=345.23..36770.37 rows=10614 width=121)
	              Recheck Cond: ((id >= 5443309) AND (id <= 5453308))
	              ->  Bitmap Index Scan on sbtest7_pkey  (cost=0.00..342.57 rows=10614 width=0)
	                    Index Cond: ((id >= 5443309) AND (id <= 5453308))

table 8 : explain SELECT DISTINCT c FROM sbtest8 WHERE id BETWEEN 7119328 AND 7129327 ORDER BY c
	Unique  (cost=35166.54..35216.05 rows=9902 width=121)
	  ->  Sort  (cost=35166.54..35191.29 rows=9902 width=121)
	        Sort Key: c
	        ->  Bitmap Heap Scan on sbtest8  (cost=321.93..34509.36 rows=9902 width=121)
	              Recheck Cond: ((id >= 7119328) AND (id <= 7129327))
	              ->  Bitmap Index Scan on sbtest8_pkey  (cost=0.00..319.45 rows=9902 width=0)
	                    Index Cond: ((id >= 7119328) AND (id <= 7129327))

for: distinct_ranges
table 1 : explain SELECT DISTINCT c FROM sbtest1 WHERE id BETWEEN 2572179 AND 2582178 ORDER BY c
	Unique  (cost=35091.53..35141.32 rows=9958 width=121)
	  ->  Sort  (cost=35091.53..35116.42 rows=9958 width=121)
	        Sort Key: c
	        ->  Bitmap Heap Scan on sbtest1  (cost=322.50..34430.23 rows=9958 width=121)
	              Recheck Cond: ((id >= 2572179) AND (id <= 2582178))
	              ->  Bitmap Index Scan on sbtest1_pkey  (cost=0.00..320.01 rows=9958 width=0)
	                    Index Cond: ((id >= 2572179) AND (id <= 2582178))

table 2 : explain SELECT DISTINCT c FROM sbtest2 WHERE id BETWEEN 2233921 AND 2243920 ORDER BY c
	Unique  (cost=38059.87..38114.04 rows=10833 width=121)
	  ->  Sort  (cost=38059.87..38086.96 rows=10833 width=121)
	        Sort Key: c
	        ->  Bitmap Heap Scan on sbtest2  (cost=351.47..37333.89 rows=10833 width=121)
	              Recheck Cond: ((id >= 2233921) AND (id <= 2243920))
	              ->  Bitmap Index Scan on sbtest2_pkey  (cost=0.00..348.76 rows=10833 width=0)
	                    Index Cond: ((id >= 2233921) AND (id <= 2243920))

table 3 : explain SELECT DISTINCT c FROM sbtest3 WHERE id BETWEEN 2042124 AND 2052123 ORDER BY c
	Unique  (cost=38064.52..38118.75 rows=10846 width=121)
	  ->  Sort  (cost=38064.52..38091.64 rows=10846 width=121)
	        Sort Key: c
	        ->  Bitmap Heap Scan on sbtest3  (cost=351.61..37337.57 rows=10846 width=121)
	              Recheck Cond: ((id >= 2042124) AND (id <= 2052123))
	              ->  Bitmap Index Scan on sbtest3_pkey  (cost=0.00..348.90 rows=10846 width=0)
	                    Index Cond: ((id >= 2042124) AND (id <= 2052123))

table 4 : explain SELECT DISTINCT c FROM sbtest4 WHERE id BETWEEN 3345207 AND 3355206 ORDER BY c
	Unique  (cost=36375.64..36427.03 rows=10278 width=121)
	  ->  Sort  (cost=36375.64..36401.34 rows=10278 width=121)
	        Sort Key: c
	        ->  Bitmap Heap Scan on sbtest4  (cost=333.78..35690.75 rows=10278 width=121)
	              Recheck Cond: ((id >= 3345207) AND (id <= 3355206))
	              ->  Bitmap Index Scan on sbtest4_pkey  (cost=0.00..331.21 rows=10278 width=0)
	                    Index Cond: ((id >= 3345207) AND (id <= 3355206))

table 5 : explain SELECT DISTINCT c FROM sbtest5 WHERE id BETWEEN 2444070 AND 2454069 ORDER BY c
	Unique  (cost=35831.66..35882.22 rows=10113 width=121)
	  ->  Sort  (cost=35831.66..35856.94 rows=10113 width=121)
	        Sort Key: c
	        ->  Bitmap Heap Scan on sbtest5  (cost=328.09..35158.94 rows=10113 width=121)
	              Recheck Cond: ((id >= 2444070) AND (id <= 2454069))
	              ->  Bitmap Index Scan on sbtest5_pkey  (cost=0.00..325.56 rows=10113 width=0)
	                    Index Cond: ((id >= 2444070) AND (id <= 2454069))

table 6 : explain SELECT DISTINCT c FROM sbtest6 WHERE id BETWEEN 4561626 AND 4571625 ORDER BY c
	Unique  (cost=35215.90..35265.49 rows=9918 width=121)
	  ->  Sort  (cost=35215.90..35240.70 rows=9918 width=121)
	        Sort Key: c
	        ->  Bitmap Heap Scan on sbtest6  (cost=322.09..34557.55 rows=9918 width=121)
	              Recheck Cond: ((id >= 4561626) AND (id <= 4571625))
	              ->  Bitmap Index Scan on sbtest6_pkey  (cost=0.00..319.62 rows=9918 width=0)
	                    Index Cond: ((id >= 4561626) AND (id <= 4571625))

table 7 : explain SELECT DISTINCT c FROM sbtest7 WHERE id BETWEEN 8358875 AND 8368874 ORDER BY c
	Unique  (cost=32435.11..32480.45 rows=9068 width=121)
	  ->  Sort  (cost=32435.11..32457.78 rows=9068 width=121)
	        Sort Key: c
	        ->  Bitmap Heap Scan on sbtest7  (cost=293.38..31839.05 rows=9068 width=121)
	              Recheck Cond: ((id >= 8358875) AND (id <= 8368874))
	              ->  Bitmap Index Scan on sbtest7_pkey  (cost=0.00..291.12 rows=9068 width=0)
	                    Index Cond: ((id >= 8358875) AND (id <= 8368874))

table 8 : explain SELECT DISTINCT c FROM sbtest8 WHERE id BETWEEN 8201878 AND 8211877 ORDER BY c
	Unique  (cost=35893.11..35943.74 rows=10125 width=121)
	  ->  Sort  (cost=35893.11..35918.43 rows=10125 width=121)
	        Sort Key: c
	        ->  Bitmap Heap Scan on sbtest8  (cost=328.22..35219.52 rows=10125 width=121)
	              Recheck Cond: ((id >= 8201878) AND (id <= 8211877))
	              ->  Bitmap Index Scan on sbtest8_pkey  (cost=0.00..325.69 rows=10125 width=0)
	                    Index Cond: ((id >= 8201878) AND (id <= 8211877))

for: simple_ranges
table 1 : explain SELECT c FROM sbtest1 WHERE id BETWEEN 7381229 AND 7391228
	Bitmap Heap Scan on sbtest1  (cost=287.79..31119.19 rows=8913 width=121)
	  Recheck Cond: ((id >= 7381229) AND (id <= 7391228))
	  ->  Bitmap Index Scan on sbtest1_pkey  (cost=0.00..285.56 rows=8913 width=0)
	        Index Cond: ((id >= 7381229) AND (id <= 7391228))

table 2 : explain SELECT c FROM sbtest2 WHERE id BETWEEN 8833214 AND 8843213
	Bitmap Heap Scan on sbtest2  (cost=346.35..36989.45 rows=10723 width=121)
	  Recheck Cond: ((id >= 8833214) AND (id <= 8843213))
	  ->  Bitmap Index Scan on sbtest2_pkey  (cost=0.00..343.67 rows=10723 width=0)
	        Index Cond: ((id >= 8833214) AND (id <= 8843213))

table 3 : explain SELECT c FROM sbtest3 WHERE id BETWEEN 557279 AND 567278
	Bitmap Heap Scan on sbtest3  (cost=298.88..32182.38 rows=9214 width=121)
	  Recheck Cond: ((id >= 557279) AND (id <= 567278))
	  ->  Bitmap Index Scan on sbtest3_pkey  (cost=0.00..296.57 rows=9214 width=0)
	        Index Cond: ((id >= 557279) AND (id <= 567278))

table 4 : explain SELECT c FROM sbtest4 WHERE id BETWEEN 4102635 AND 4112634
	Bitmap Heap Scan on sbtest4  (cost=328.93..35424.01 rows=10195 width=121)
	  Recheck Cond: ((id >= 4102635) AND (id <= 4112634))
	  ->  Bitmap Index Scan on sbtest4_pkey  (cost=0.00..326.38 rows=10195 width=0)
	        Index Cond: ((id >= 4102635) AND (id <= 4112634))

table 5 : explain SELECT c FROM sbtest5 WHERE id BETWEEN 2946156 AND 2956155
	Bitmap Heap Scan on sbtest5  (cost=303.90..32610.80 rows=9314 width=121)
	  Recheck Cond: ((id >= 2946156) AND (id <= 2956155))
	  ->  Bitmap Index Scan on sbtest5_pkey  (cost=0.00..301.57 rows=9314 width=0)
	        Index Cond: ((id >= 2946156) AND (id <= 2956155))

table 6 : explain SELECT c FROM sbtest6 WHERE id BETWEEN 3187880 AND 3197879
	Bitmap Heap Scan on sbtest6  (cost=299.02..32347.02 rows=9228 width=121)
	  Recheck Cond: ((id >= 3187880) AND (id <= 3197879))
	  ->  Bitmap Index Scan on sbtest6_pkey  (cost=0.00..296.71 rows=9228 width=0)
	        Index Cond: ((id >= 3187880) AND (id <= 3197879))

table 7 : explain SELECT c FROM sbtest7 WHERE id BETWEEN 5332908 AND 5342907
	Bitmap Heap Scan on sbtest7  (cost=317.00..34220.84 rows=9811 width=121)
	  Recheck Cond: ((id >= 5332908) AND (id <= 5342907))
	  ->  Bitmap Index Scan on sbtest7_pkey  (cost=0.00..314.55 rows=9811 width=0)
	        Index Cond: ((id >= 5332908) AND (id <= 5342907))

table 8 : explain SELECT c FROM sbtest8 WHERE id BETWEEN 6225954 AND 6235953
	Bitmap Heap Scan on sbtest8  (cost=310.38..33404.29 rows=9556 width=121)
	  Recheck Cond: ((id >= 6225954) AND (id <= 6235953))
	  ->  Bitmap Index Scan on sbtest8_pkey  (cost=0.00..308.00 rows=9556 width=0)
	        Index Cond: ((id >= 6225954) AND (id <= 6235953))

for: sum_ranges
table 1 : explain SELECT SUM(k) FROM sbtest1 WHERE id BETWEEN 9332639 AND 9342638
	Aggregate  (cost=35184.02..35184.03 rows=1 width=8)
	  ->  Bitmap Heap Scan on sbtest1  (cost=328.88..35158.54 rows=10190 width=4)
	        Recheck Cond: ((id >= 9332639) AND (id <= 9342638))
	        ->  Bitmap Index Scan on sbtest1_pkey  (cost=0.00..326.33 rows=10190 width=0)
	              Index Cond: ((id >= 9332639) AND (id <= 9342638))

table 2 : explain SELECT SUM(k) FROM sbtest2 WHERE id BETWEEN 9106074 AND 9116073
	Aggregate  (cost=34886.07..34886.08 rows=1 width=8)
	  ->  Bitmap Heap Scan on sbtest2  (cost=327.41..34860.95 rows=10046 width=4)
	        Recheck Cond: ((id >= 9106074) AND (id <= 9116073))
	        ->  Bitmap Index Scan on sbtest2_pkey  (cost=0.00..324.90 rows=10046 width=0)
	              Index Cond: ((id >= 9106074) AND (id <= 9116073))

table 3 : explain SELECT SUM(k) FROM sbtest3 WHERE id BETWEEN 2080264 AND 2090263
	Aggregate  (cost=36151.25..36151.26 rows=1 width=8)
	  ->  Bitmap Heap Scan on sbtest3  (cost=339.64..36125.11 rows=10459 width=4)
	        Recheck Cond: ((id >= 2080264) AND (id <= 2090263))
	        ->  Bitmap Index Scan on sbtest3_pkey  (cost=0.00..337.03 rows=10459 width=0)
	              Index Cond: ((id >= 2080264) AND (id <= 2090263))

table 4 : explain SELECT SUM(k) FROM sbtest4 WHERE id BETWEEN 8371746 AND 8381745
	Aggregate  (cost=35518.46..35518.47 rows=1 width=8)
	  ->  Bitmap Heap Scan on sbtest4  (cost=333.15..35492.92 rows=10216 width=4)
	        Recheck Cond: ((id >= 8371746) AND (id <= 8381745))
	        ->  Bitmap Index Scan on sbtest4_pkey  (cost=0.00..330.59 rows=10216 width=0)
	              Index Cond: ((id >= 8371746) AND (id <= 8381745))

table 5 : explain SELECT SUM(k) FROM sbtest5 WHERE id BETWEEN 737220 AND 747219
	Aggregate  (cost=37078.13..37078.14 rows=1 width=8)
	  ->  Bitmap Heap Scan on sbtest5  (cost=346.23..37051.35 rows=10712 width=4)
	        Recheck Cond: ((id >= 737220) AND (id <= 747219))
	        ->  Bitmap Index Scan on sbtest5_pkey  (cost=0.00..343.56 rows=10712 width=0)
	              Index Cond: ((id >= 737220) AND (id <= 747219))

table 6 : explain SELECT SUM(k) FROM sbtest6 WHERE id BETWEEN 2873206 AND 2883205
	Aggregate  (cost=33977.89..33977.90 rows=1 width=8)
	  ->  Bitmap Heap Scan on sbtest6  (cost=316.16..33953.57 rows=9729 width=4)
	        Recheck Cond: ((id >= 2873206) AND (id <= 2883205))
	        ->  Bitmap Index Scan on sbtest6_pkey  (cost=0.00..313.73 rows=9729 width=0)
	              Index Cond: ((id >= 2873206) AND (id <= 2883205))

table 7 : explain SELECT SUM(k) FROM sbtest7 WHERE id BETWEEN 5430289 AND 5440288
	Aggregate  (cost=36796.90..36796.91 rows=1 width=8)
	  ->  Bitmap Heap Scan on sbtest7  (cost=345.23..36770.37 rows=10614 width=4)
	        Recheck Cond: ((id >= 5430289) AND (id <= 5440288))
	        ->  Bitmap Index Scan on sbtest7_pkey  (cost=0.00..342.57 rows=10614 width=0)
	              Index Cond: ((id >= 5430289) AND (id <= 5440288))

table 8 : explain SELECT SUM(k) FROM sbtest8 WHERE id BETWEEN 4636368 AND 4646367
	Aggregate  (cost=37231.29..37231.30 rows=1 width=8)
	  ->  Bitmap Heap Scan on sbtest8  (cost=350.64..37204.41 rows=10752 width=4)
	        Recheck Cond: ((id >= 4636368) AND (id <= 4646367))
	        ->  Bitmap Index Scan on sbtest8_pkey  (cost=0.00..347.95 rows=10752 width=0)
	              Index Cond: ((id >= 4636368) AND (id <= 4646367))

for: order_ranges
table 1 : explain SELECT c FROM sbtest1 WHERE id BETWEEN 3625794 AND 3635793 ORDER BY c
	Sort  (cost=34791.07..34815.73 rows=9864 width=121)
	  Sort Key: c
	  ->  Bitmap Heap Scan on sbtest1  (cost=321.54..34136.70 rows=9864 width=121)
	        Recheck Cond: ((id >= 3625794) AND (id <= 3635793))
	        ->  Bitmap Index Scan on sbtest1_pkey  (cost=0.00..319.07 rows=9864 width=0)
	              Index Cond: ((id >= 3625794) AND (id <= 3635793))

table 2 : explain SELECT c FROM sbtest2 WHERE id BETWEEN 7738637 AND 7748636 ORDER BY c
	Sort  (cost=35638.11..35663.31 rows=10080 width=121)
	  Sort Key: c
	  ->  Bitmap Heap Scan on sbtest2  (cost=327.75..34967.83 rows=10080 width=121)
	        Recheck Cond: ((id >= 7738637) AND (id <= 7748636))
	        ->  Bitmap Index Scan on sbtest2_pkey  (cost=0.00..325.24 rows=10080 width=0)
	              Index Cond: ((id >= 7738637) AND (id <= 7748636))

table 3 : explain SELECT c FROM sbtest3 WHERE id BETWEEN 8152634 AND 8162633 ORDER BY c
	Sort  (cost=33814.88..33838.70 rows=9528 width=121)
	  Sort Key: c
	  ->  Bitmap Heap Scan on sbtest3  (cost=310.10..33185.17 rows=9528 width=121)
	        Recheck Cond: ((id >= 8152634) AND (id <= 8162633))
	        ->  Bitmap Index Scan on sbtest3_pkey  (cost=0.00..307.71 rows=9528 width=0)
	              Index Cond: ((id >= 8152634) AND (id <= 8162633))

table 4 : explain SELECT c FROM sbtest4 WHERE id BETWEEN 931001 AND 941000 ORDER BY c
	Sort  (cost=36082.86..36108.34 rows=10189 width=121)
	  Sort Key: c
	  ->  Bitmap Heap Scan on sbtest4  (cost=328.87..35404.54 rows=10189 width=121)
	        Recheck Cond: ((id >= 931001) AND (id <= 941000))
	        ->  Bitmap Index Scan on sbtest4_pkey  (cost=0.00..326.32 rows=10189 width=0)
	              Index Cond: ((id >= 931001) AND (id <= 941000))

table 5 : explain SELECT c FROM sbtest5 WHERE id BETWEEN 5229246 AND 5239245 ORDER BY c
	Sort  (cost=33663.87..33687.49 rows=9449 width=121)
	  Sort Key: c
	  ->  Bitmap Heap Scan on sbtest5  (cost=305.29..33039.96 rows=9449 width=121)
	        Recheck Cond: ((id >= 5229246) AND (id <= 5239245))
	        ->  Bitmap Index Scan on sbtest5_pkey  (cost=0.00..302.93 rows=9449 width=0)
	              Index Cond: ((id >= 5229246) AND (id <= 5239245))

table 6 : explain SELECT c FROM sbtest6 WHERE id BETWEEN 1381028 AND 1391027 ORDER BY c
	Sort  (cost=36088.53..36114.00 rows=10187 width=121)
	  Sort Key: c
	  ->  Bitmap Heap Scan on sbtest6  (cost=328.85..35410.36 rows=10187 width=121)
	        Recheck Cond: ((id >= 1381028) AND (id <= 1391027))
	        ->  Bitmap Index Scan on sbtest6_pkey  (cost=0.00..326.31 rows=10187 width=0)
	              Index Cond: ((id >= 1381028) AND (id <= 1391027))

table 7 : explain SELECT c FROM sbtest7 WHERE id BETWEEN 8408063 AND 8418062 ORDER BY c
	Sort  (cost=33057.82..33080.96 rows=9257 width=121)
	  Sort Key: c
	  ->  Bitmap Heap Scan on sbtest7  (cost=299.32..32447.96 rows=9257 width=121)
	        Recheck Cond: ((id >= 8408063) AND (id <= 8418062))
	        ->  Bitmap Index Scan on sbtest7_pkey  (cost=0.00..297.00 rows=9257 width=0)
	              Index Cond: ((id >= 8408063) AND (id <= 8418062))

table 8 : explain SELECT c FROM sbtest8 WHERE id BETWEEN 8689538 AND 8699537 ORDER BY c
	Sort  (cost=35049.72..35074.38 rows=9865 width=121)
	  Sort Key: c
	  ->  Bitmap Heap Scan on sbtest8  (cost=321.55..34395.27 rows=9865 width=121)
	        Recheck Cond: ((id >= 8689538) AND (id <= 8699537))
	        ->  Bitmap Index Scan on sbtest8_pkey  (cost=0.00..319.08 rows=9865 width=0)
	              Index Cond: ((id >= 8689538) AND (id <= 8699537))

for: order_ranges
table 1 : explain SELECT c FROM sbtest1 WHERE id BETWEEN 5812381 AND 5822380 ORDER BY c
	Sort  (cost=34705.16..34729.75 rows=9837 width=121)
	  Sort Key: c
	  ->  Bitmap Heap Scan on sbtest1  (cost=321.26..34052.77 rows=9837 width=121)
	        Recheck Cond: ((id >= 5812381) AND (id <= 5822380))
	        ->  Bitmap Index Scan on sbtest1_pkey  (cost=0.00..318.81 rows=9837 width=0)
	              Index Cond: ((id >= 5812381) AND (id <= 5822380))

table 2 : explain SELECT c FROM sbtest2 WHERE id BETWEEN 2573180 AND 2583179 ORDER BY c
	Sort  (cost=32518.48..32541.29 rows=9123 width=121)
	  Sort Key: c
	  ->  Bitmap Heap Scan on sbtest2  (cost=293.95..31918.40 rows=9123 width=121)
	        Recheck Cond: ((id >= 2573180) AND (id <= 2583179))
	        ->  Bitmap Index Scan on sbtest2_pkey  (cost=0.00..291.67 rows=9123 width=0)
	              Index Cond: ((id >= 2573180) AND (id <= 2583179))

table 3 : explain SELECT c FROM sbtest3 WHERE id BETWEEN 4237287 AND 4247286 ORDER BY c
	Sort  (cost=34071.30..34095.32 rows=9608 width=121)
	  Sort Key: c
	  ->  Bitmap Heap Scan on sbtest3  (cost=310.92..33435.73 rows=9608 width=121)
	        Recheck Cond: ((id >= 4237287) AND (id <= 4247286))
	        ->  Bitmap Index Scan on sbtest3_pkey  (cost=0.00..308.51 rows=9608 width=0)
	              Index Cond: ((id >= 4237287) AND (id <= 4247286))

table 4 : explain SELECT c FROM sbtest4 WHERE id BETWEEN 9456174 AND 9466173 ORDER BY c
	Sort  (cost=36986.31..37012.48 rows=10467 width=121)
	  Sort Key: c
	  ->  Bitmap Heap Scan on sbtest4  (cost=339.72..36287.45 rows=10467 width=121)
	        Recheck Cond: ((id >= 9456174) AND (id <= 9466173))
	        ->  Bitmap Index Scan on sbtest4_pkey  (cost=0.00..337.11 rows=10467 width=0)
	              Index Cond: ((id >= 9456174) AND (id <= 9466173))

table 5 : explain SELECT c FROM sbtest5 WHERE id BETWEEN 4430768 AND 4440767 ORDER BY c
	Sort  (cost=38346.37..38373.60 rows=10892 width=121)
	  Sort Key: c
	  ->  Bitmap Heap Scan on sbtest5  (cost=352.08..37616.01 rows=10892 width=121)
	        Recheck Cond: ((id >= 4430768) AND (id <= 4440767))
	        ->  Bitmap Index Scan on sbtest5_pkey  (cost=0.00..349.36 rows=10892 width=0)
	              Index Cond: ((id >= 4430768) AND (id <= 4440767))

table 6 : explain SELECT c FROM sbtest6 WHERE id BETWEEN 862337 AND 872336 ORDER BY c
	Sort  (cost=36633.70..36659.58 rows=10355 width=121)
	  Sort Key: c
	  ->  Bitmap Heap Scan on sbtest6  (cost=334.57..35943.12 rows=10355 width=121)
	        Recheck Cond: ((id >= 862337) AND (id <= 872336))
	        ->  Bitmap Index Scan on sbtest6_pkey  (cost=0.00..331.99 rows=10355 width=0)
	              Index Cond: ((id >= 862337) AND (id <= 872336))

table 7 : explain SELECT c FROM sbtest7 WHERE id BETWEEN 2110872 AND 2120871 ORDER BY c
	Sort  (cost=35559.46..35584.52 rows=10021 width=121)
	  Sort Key: c
	  ->  Bitmap Heap Scan on sbtest7  (cost=327.15..34893.53 rows=10021 width=121)
	        Recheck Cond: ((id >= 2110872) AND (id <= 2120871))
	        ->  Bitmap Index Scan on sbtest7_pkey  (cost=0.00..324.65 rows=10021 width=0)
	              Index Cond: ((id >= 2110872) AND (id <= 2120871))

table 8 : explain SELECT c FROM sbtest8 WHERE id BETWEEN 6430303 AND 6440302 ORDER BY c
	Sort  (cost=34176.57..34200.57 rows=9599 width=121)
	  Sort Key: c
	  ->  Bitmap Heap Scan on sbtest8  (cost=310.82..33541.66 rows=9599 width=121)
	        Recheck Cond: ((id >= 6430303) AND (id <= 6440302))
	        ->  Bitmap Index Scan on sbtest8_pkey  (cost=0.00..308.43 rows=9599 width=0)
	              Index Cond: ((id >= 6430303) AND (id <= 6440302))

for: distinct_ranges
table 1 : explain SELECT DISTINCT c FROM sbtest1 WHERE id BETWEEN 5910177 AND 5920176 ORDER BY c
	Unique  (cost=33654.24..33701.80 rows=9512 width=121)
	  ->  Sort  (cost=33654.24..33678.02 rows=9512 width=121)
	        Sort Key: c
	        ->  Bitmap Heap Scan on sbtest1  (cost=309.93..33025.71 rows=9512 width=121)
	              Recheck Cond: ((id >= 5910177) AND (id <= 5920176))
	              ->  Bitmap Index Scan on sbtest1_pkey  (cost=0.00..307.56 rows=9512 width=0)
	                    Index Cond: ((id >= 5910177) AND (id <= 5920176))

table 2 : explain SELECT DISTINCT c FROM sbtest2 WHERE id BETWEEN 1292352 AND 1302351 ORDER BY c
	Unique  (cost=34830.36..34879.52 rows=9832 width=121)
	  ->  Sort  (cost=34830.36..34854.94 rows=9832 width=121)
	        Sort Key: c
	        ->  Bitmap Heap Scan on sbtest2  (cost=317.21..34178.34 rows=9832 width=121)
	              Recheck Cond: ((id >= 1292352) AND (id <= 1302351))
	              ->  Bitmap Index Scan on sbtest2_pkey  (cost=0.00..314.75 rows=9832 width=0)
	                    Index Cond: ((id >= 1292352) AND (id <= 1302351))

table 3 : explain SELECT DISTINCT c FROM sbtest3 WHERE id BETWEEN 159730 AND 169729 ORDER BY c
	Unique  (cost=36146.23..36197.47 rows=10248 width=121)
	  ->  Sort  (cost=36146.23..36171.85 rows=10248 width=121)
	        Sort Key: c
	        ->  Bitmap Heap Scan on sbtest3  (cost=333.48..35463.55 rows=10248 width=121)
	              Recheck Cond: ((id >= 159730) AND (id <= 169729))
	              ->  Bitmap Index Scan on sbtest3_pkey  (cost=0.00..330.92 rows=10248 width=0)
	                    Index Cond: ((id >= 159730) AND (id <= 169729))

table 4 : explain SELECT DISTINCT c FROM sbtest4 WHERE id BETWEEN 6112856 AND 6122855 ORDER BY c
	Unique  (cost=35123.94..35173.40 rows=9893 width=121)
	  ->  Sort  (cost=35123.94..35148.67 rows=9893 width=121)
	        Sort Key: c
	        ->  Bitmap Heap Scan on sbtest4  (cost=321.84..34467.43 rows=9893 width=121)
	              Recheck Cond: ((id >= 6112856) AND (id <= 6122855))
	              ->  Bitmap Index Scan on sbtest4_pkey  (cost=0.00..319.37 rows=9893 width=0)
	                    Index Cond: ((id >= 6112856) AND (id <= 6122855))

table 5 : explain SELECT DISTINCT c FROM sbtest5 WHERE id BETWEEN 8869814 AND 8879813 ORDER BY c
	Unique  (cost=34811.49..34860.49 rows=9800 width=121)
	  ->  Sort  (cost=34811.49..34835.99 rows=9800 width=121)
	        Sort Key: c
	        ->  Bitmap Heap Scan on sbtest5  (cost=316.88..34161.82 rows=9800 width=121)
	              Recheck Cond: ((id >= 8869814) AND (id <= 8879813))
	              ->  Bitmap Index Scan on sbtest5_pkey  (cost=0.00..314.44 rows=9800 width=0)
	                    Index Cond: ((id >= 8869814) AND (id <= 8879813))

table 6 : explain SELECT DISTINCT c FROM sbtest6 WHERE id BETWEEN 9201305 AND 9211304 ORDER BY c
	Unique  (cost=38226.94..38281.18 rows=10848 width=121)
	  ->  Sort  (cost=38226.94..38254.06 rows=10848 width=121)
	        Sort Key: c
	        ->  Bitmap Heap Scan on sbtest6  (cost=351.63..37499.84 rows=10848 width=121)
	              Recheck Cond: ((id >= 9201305) AND (id <= 9211304))
	              ->  Bitmap Index Scan on sbtest6_pkey  (cost=0.00..348.92 rows=10848 width=0)
	                    Index Cond: ((id >= 9201305) AND (id <= 9211304))

table 7 : explain SELECT DISTINCT c FROM sbtest7 WHERE id BETWEEN 8768074 AND 8778073 ORDER BY c
	Unique  (cost=34584.07..34632.68 rows=9722 width=121)
	  ->  Sort  (cost=34584.07..34608.37 rows=9722 width=121)
	        Sort Key: c
	        ->  Bitmap Heap Scan on sbtest7  (cost=316.09..33940.13 rows=9722 width=121)
	              Recheck Cond: ((id >= 8768074) AND (id <= 8778073))
	              ->  Bitmap Index Scan on sbtest7_pkey  (cost=0.00..313.66 rows=9722 width=0)
	                    Index Cond: ((id >= 8768074) AND (id <= 8778073))

table 8 : explain SELECT DISTINCT c FROM sbtest8 WHERE id BETWEEN 5446596 AND 5456595 ORDER BY c
	Unique  (cost=39691.90..39748.41 rows=11303 width=121)
	  ->  Sort  (cost=39691.90..39720.16 rows=11303 width=121)
	        Sort Key: c
	        ->  Bitmap Heap Scan on sbtest8  (cost=368.29..38930.96 rows=11303 width=121)
	              Recheck Cond: ((id >= 5446596) AND (id <= 5456595))
	              ->  Bitmap Index Scan on sbtest8_pkey  (cost=0.00..365.46 rows=11303 width=0)
	                    Index Cond: ((id >= 5446596) AND (id <= 5456595))

for point_selects
table 1 : explain SELECT c FROM sbtest1 WHERE id=3626043
	Index Scan using sbtest1_pkey on sbtest1  (cost=0.43..8.45 rows=1 width=121)
	  Index Cond: (id = 3626043)

table 2 : explain SELECT c FROM sbtest2 WHERE id=8219879
	Index Scan using sbtest2_pkey on sbtest2  (cost=0.43..8.45 rows=1 width=121)
	  Index Cond: (id = 8219879)

table 3 : explain SELECT c FROM sbtest3 WHERE id=6811821
	Index Scan using sbtest3_pkey on sbtest3  (cost=0.43..8.45 rows=1 width=121)
	  Index Cond: (id = 6811821)

table 4 : explain SELECT c FROM sbtest4 WHERE id=6512555
	Index Scan using sbtest4_pkey on sbtest4  (cost=0.43..8.45 rows=1 width=121)
	  Index Cond: (id = 6512555)

table 5 : explain SELECT c FROM sbtest5 WHERE id=7323766
	Index Scan using sbtest5_pkey on sbtest5  (cost=0.43..8.45 rows=1 width=121)
	  Index Cond: (id = 7323766)

table 6 : explain SELECT c FROM sbtest6 WHERE id=5291500
	Index Scan using sbtest6_pkey on sbtest6  (cost=0.43..8.45 rows=1 width=121)
	  Index Cond: (id = 5291500)

table 7 : explain SELECT c FROM sbtest7 WHERE id=2670939
	Index Scan using sbtest7_pkey on sbtest7  (cost=0.43..8.45 rows=1 width=121)
	  Index Cond: (id = 2670939)

table 8 : explain SELECT c FROM sbtest8 WHERE id=6411652
	Index Scan using sbtest8_pkey on sbtest8  (cost=0.43..8.45 rows=1 width=121)
	  Index Cond: (id = 6411652)

for: sum_ranges
table 1 : explain SELECT SUM(k) FROM sbtest1 WHERE id BETWEEN 2540932 AND 2550931
	Aggregate  (cost=34455.13..34455.14 rows=1 width=8)
	  ->  Bitmap Heap Scan on sbtest1  (cost=322.50..34430.23 rows=9958 width=4)
	        Recheck Cond: ((id >= 2540932) AND (id <= 2550931))
	        ->  Bitmap Index Scan on sbtest1_pkey  (cost=0.00..320.01 rows=9958 width=0)
	              Index Cond: ((id >= 2540932) AND (id <= 2550931))

table 2 : explain SELECT SUM(k) FROM sbtest2 WHERE id BETWEEN 5232819 AND 5242818
	Aggregate  (cost=32721.72..32721.73 rows=1 width=8)
	  ->  Bitmap Heap Scan on sbtest2  (cost=304.44..32698.31 rows=9366 width=4)
	        Recheck Cond: ((id >= 5232819) AND (id <= 5242818))
	        ->  Bitmap Index Scan on sbtest2_pkey  (cost=0.00..302.09 rows=9366 width=0)
	              Index Cond: ((id >= 5232819) AND (id <= 5242818))

table 3 : explain SELECT SUM(k) FROM sbtest3 WHERE id BETWEEN 6823572 AND 6833571
	Aggregate  (cost=32993.14..32993.15 rows=1 width=8)
	  ->  Bitmap Heap Scan on sbtest3  (cost=305.41..32969.49 rows=9461 width=4)
	        Recheck Cond: ((id >= 6823572) AND (id <= 6833571))
	        ->  Bitmap Index Scan on sbtest3_pkey  (cost=0.00..303.05 rows=9461 width=0)
	              Index Cond: ((id >= 6823572) AND (id <= 6833571))

table 4 : explain SELECT SUM(k) FROM sbtest4 WHERE id BETWEEN 9600297 AND 9610296
	Aggregate  (cost=32181.50..32181.51 rows=1 width=8)
	  ->  Bitmap Heap Scan on sbtest4  (cost=298.45..32158.57 rows=9172 width=4)
	        Recheck Cond: ((id >= 9600297) AND (id <= 9610296))
	        ->  Bitmap Index Scan on sbtest4_pkey  (cost=0.00..296.16 rows=9172 width=0)
	              Index Cond: ((id >= 9600297) AND (id <= 9610296))

table 5 : explain SELECT SUM(k) FROM sbtest5 WHERE id BETWEEN 3623859 AND 3633858
	Aggregate  (cost=32344.48..32344.49 rows=1 width=8)
	  ->  Bitmap Heap Scan on sbtest5  (cost=298.99..32321.42 rows=9225 width=4)
	        Recheck Cond: ((id >= 3623859) AND (id <= 3633858))
	        ->  Bitmap Index Scan on sbtest5_pkey  (cost=0.00..296.69 rows=9225 width=0)
	              Index Cond: ((id >= 3623859) AND (id <= 3633858))

table 6 : explain SELECT SUM(k) FROM sbtest6 WHERE id BETWEEN 6534634 AND 6544633
	Aggregate  (cost=36640.34..36640.35 rows=1 width=8)
	  ->  Bitmap Heap Scan on sbtest6  (cost=340.76..36613.92 rows=10568 width=4)
	        Recheck Cond: ((id >= 6534634) AND (id <= 6544633))
	        ->  Bitmap Index Scan on sbtest6_pkey  (cost=0.00..338.12 rows=10568 width=0)
	              Index Cond: ((id >= 6534634) AND (id <= 6544633))

table 7 : explain SELECT SUM(k) FROM sbtest7 WHERE id BETWEEN 7622264 AND 7632263
	Aggregate  (cost=32823.23..32823.24 rows=1 width=8)
	  ->  Bitmap Heap Scan on sbtest7  (cost=304.44..32799.81 rows=9366 width=4)
	        Recheck Cond: ((id >= 7622264) AND (id <= 7632263))
	        ->  Bitmap Index Scan on sbtest7_pkey  (cost=0.00..302.09 rows=9366 width=0)
	              Index Cond: ((id >= 7622264) AND (id <= 7632263))

table 8 : explain SELECT SUM(k) FROM sbtest8 WHERE id BETWEEN 2731893 AND 2741892
	Aggregate  (cost=39818.84..39818.85 rows=1 width=8)
	  ->  Bitmap Heap Scan on sbtest8  (cost=375.12..39789.89 rows=11579 width=4)
	        Recheck Cond: ((id >= 2731893) AND (id <= 2741892))
	        ->  Bitmap Index Scan on sbtest8_pkey  (cost=0.00..372.23 rows=11579 width=0)
	              Index Cond: ((id >= 2731893) AND (id <= 2741892))

for: sum_ranges
table 1 : explain SELECT SUM(k) FROM sbtest1 WHERE id BETWEEN 2929723 AND 2939722
	Aggregate  (cost=36905.91..36905.92 rows=1 width=8)
	  ->  Bitmap Heap Scan on sbtest1  (cost=350.52..36879.06 rows=10740 width=4)
	        Recheck Cond: ((id >= 2929723) AND (id <= 2939722))
	        ->  Bitmap Index Scan on sbtest1_pkey  (cost=0.00..347.83 rows=10740 width=0)
	              Index Cond: ((id >= 2929723) AND (id <= 2939722))

table 2 : explain SELECT SUM(k) FROM sbtest2 WHERE id BETWEEN 3951370 AND 3961369
	Aggregate  (cost=35112.89..35112.90 rows=1 width=8)
	  ->  Bitmap Heap Scan on sbtest2  (cost=328.14..35087.60 rows=10118 width=4)
	        Recheck Cond: ((id >= 3951370) AND (id <= 3961369))
	        ->  Bitmap Index Scan on sbtest2_pkey  (cost=0.00..325.62 rows=10118 width=0)
	              Index Cond: ((id >= 3951370) AND (id <= 3961369))

table 3 : explain SELECT SUM(k) FROM sbtest3 WHERE id BETWEEN 5407529 AND 5417528
	Aggregate  (cost=33440.20..33440.21 rows=1 width=8)
	  ->  Bitmap Heap Scan on sbtest3  (cost=310.85..33416.20 rows=9601 width=4)
	        Recheck Cond: ((id >= 5407529) AND (id <= 5417528))
	        ->  Bitmap Index Scan on sbtest3_pkey  (cost=0.00..308.44 rows=9601 width=0)
	              Index Cond: ((id >= 5407529) AND (id <= 5417528))

table 4 : explain SELECT SUM(k) FROM sbtest4 WHERE id BETWEEN 6197324 AND 6207323
	Aggregate  (cost=33917.16..33917.17 rows=1 width=8)
	  ->  Bitmap Heap Scan on sbtest4  (cost=315.99..33892.87 rows=9713 width=4)
	        Recheck Cond: ((id >= 6197324) AND (id <= 6207323))
	        ->  Bitmap Index Scan on sbtest4_pkey  (cost=0.00..313.56 rows=9713 width=0)
	              Index Cond: ((id >= 6197324) AND (id <= 6207323))

table 5 : explain SELECT SUM(k) FROM sbtest5 WHERE id BETWEEN 2337760 AND 2347759
	Aggregate  (cost=33718.66..33718.67 rows=1 width=8)
	  ->  Bitmap Heap Scan on sbtest5  (cost=311.38..33694.53 rows=9653 width=4)
	        Recheck Cond: ((id >= 2337760) AND (id <= 2347759))
	        ->  Bitmap Index Scan on sbtest5_pkey  (cost=0.00..308.96 rows=9653 width=0)
	              Index Cond: ((id >= 2337760) AND (id <= 2347759))

table 6 : explain SELECT SUM(k) FROM sbtest6 WHERE id BETWEEN 4014330 AND 4024329
	Aggregate  (cost=35136.69..35136.70 rows=1 width=8)
	  ->  Bitmap Heap Scan on sbtest6  (cost=327.88..35111.46 rows=10092 width=4)
	        Recheck Cond: ((id >= 4014330) AND (id <= 4024329))
	        ->  Bitmap Index Scan on sbtest6_pkey  (cost=0.00..325.36 rows=10092 width=0)
	              Index Cond: ((id >= 4014330) AND (id <= 4024329))

table 7 : explain SELECT SUM(k) FROM sbtest7 WHERE id BETWEEN 9816841 AND 9826840
	Aggregate  (cost=33755.18..33755.19 rows=1 width=8)
	  ->  Bitmap Heap Scan on sbtest7  (cost=315.41..33731.04 rows=9656 width=4)
	        Recheck Cond: ((id >= 9816841) AND (id <= 9826840))
	        ->  Bitmap Index Scan on sbtest7_pkey  (cost=0.00..313.00 rows=9656 width=0)
	              Index Cond: ((id >= 9816841) AND (id <= 9826840))

table 8 : explain SELECT SUM(k) FROM sbtest8 WHERE id BETWEEN 5876431 AND 5886430
	Aggregate  (cost=34560.20..34560.21 rows=1 width=8)
	  ->  Bitmap Heap Scan on sbtest8  (cost=322.01..34535.42 rows=9910 width=4)
	        Recheck Cond: ((id >= 5876431) AND (id <= 5886430))
	        ->  Bitmap Index Scan on sbtest8_pkey  (cost=0.00..319.54 rows=9910 width=0)
	              Index Cond: ((id >= 5876431) AND (id <= 5886430))

for: simple_ranges
table 1 : explain SELECT c FROM sbtest1 WHERE id BETWEEN 7183084 AND 7193083
	Bitmap Heap Scan on sbtest1  (cost=333.48..35342.50 rows=10248 width=121)
	  Recheck Cond: ((id >= 7183084) AND (id <= 7193083))
	  ->  Bitmap Index Scan on sbtest1_pkey  (cost=0.00..330.92 rows=10248 width=0)
	        Index Cond: ((id >= 7183084) AND (id <= 7193083))

table 2 : explain SELECT c FROM sbtest2 WHERE id BETWEEN 1349864 AND 1359863
	Bitmap Heap Scan on sbtest2  (cost=333.32..35450.62 rows=10233 width=121)
	  Recheck Cond: ((id >= 1349864) AND (id <= 1359863))
	  ->  Bitmap Index Scan on sbtest2_pkey  (cost=0.00..330.76 rows=10233 width=0)
	        Index Cond: ((id >= 1349864) AND (id <= 1359863))

table 3 : explain SELECT c FROM sbtest3 WHERE id BETWEEN 6725176 AND 6735175
	Bitmap Heap Scan on sbtest3  (cost=322.76..34624.84 rows=9983 width=121)
	  Recheck Cond: ((id >= 6725176) AND (id <= 6735175))
	  ->  Bitmap Index Scan on sbtest3_pkey  (cost=0.00..320.26 rows=9983 width=0)
	        Index Cond: ((id >= 6725176) AND (id <= 6735175))

table 4 : explain SELECT c FROM sbtest4 WHERE id BETWEEN 198241 AND 208240
	Bitmap Heap Scan on sbtest4  (cost=309.58..33143.68 rows=9478 width=121)
	  Recheck Cond: ((id >= 198241) AND (id <= 208240))
	  ->  Bitmap Index Scan on sbtest4_pkey  (cost=0.00..307.21 rows=9478 width=0)
	        Index Cond: ((id >= 198241) AND (id <= 208240))

table 5 : explain SELECT c FROM sbtest5 WHERE id BETWEEN 4452018 AND 4462017
	Bitmap Heap Scan on sbtest5  (cost=352.08..37616.01 rows=10892 width=121)
	  Recheck Cond: ((id >= 4452018) AND (id <= 4462017))
	  ->  Bitmap Index Scan on sbtest5_pkey  (cost=0.00..349.36 rows=10892 width=0)
	        Index Cond: ((id >= 4452018) AND (id <= 4462017))

table 6 : explain SELECT c FROM sbtest6 WHERE id BETWEEN 5056545 AND 5066544
	Bitmap Heap Scan on sbtest6  (cost=327.80..35085.46 rows=10084 width=121)
	  Recheck Cond: ((id >= 5056545) AND (id <= 5066544))
	  ->  Bitmap Index Scan on sbtest6_pkey  (cost=0.00..325.28 rows=10084 width=0)
	        Index Cond: ((id >= 5056545) AND (id <= 5066544))

table 7 : explain SELECT c FROM sbtest7 WHERE id BETWEEN 1460569 AND 1470568
	Bitmap Heap Scan on sbtest7  (cost=368.57..39020.46 rows=11330 width=121)
	  Recheck Cond: ((id >= 1460569) AND (id <= 1470568))
	  ->  Bitmap Index Scan on sbtest7_pkey  (cost=0.00..365.74 rows=11330 width=0)
	        Index Cond: ((id >= 1460569) AND (id <= 1470568))

table 8 : explain SELECT c FROM sbtest8 WHERE id BETWEEN 2169382 AND 2179381
	Bitmap Heap Scan on sbtest8  (cost=310.12..33322.47 rows=9530 width=121)
	  Recheck Cond: ((id >= 2169382) AND (id <= 2179381))
	  ->  Bitmap Index Scan on sbtest8_pkey  (cost=0.00..307.74 rows=9530 width=0)
	        Index Cond: ((id >= 2169382) AND (id <= 2179381))

explain: for point_selects :: explain SELECT c FROM sbtest%u WHERE id=%u
for: sum_ranges
table 1 : explain SELECT SUM(k) FROM sbtest1 WHERE id BETWEEN 8257720 AND 8267719
	Aggregate  (cost=35300.59..35300.60 rows=1 width=8)
	  ->  Bitmap Heap Scan on sbtest1  (cost=333.25..35275.03 rows=10226 width=4)
	        Recheck Cond: ((id >= 8257720) AND (id <= 8267719))
	        ->  Bitmap Index Scan on sbtest1_pkey  (cost=0.00..330.69 rows=10226 width=0)
	              Index Cond: ((id >= 8257720) AND (id <= 8267719))

table 2 : explain SELECT SUM(k) FROM sbtest2 WHERE id BETWEEN 3016271 AND 3026270
	Aggregate  (cost=34612.85..34612.86 rows=1 width=8)
	  ->  Bitmap Heap Scan on sbtest2  (cost=322.53..34587.95 rows=9960 width=4)
	        Recheck Cond: ((id >= 3016271) AND (id <= 3026270))
	        ->  Bitmap Index Scan on sbtest2_pkey  (cost=0.00..320.04 rows=9960 width=0)
	              Index Cond: ((id >= 3016271) AND (id <= 3026270))

table 3 : explain SELECT SUM(k) FROM sbtest3 WHERE id BETWEEN 6494619 AND 6504618
	Aggregate  (cost=34555.82..34555.83 rows=1 width=8)
	  ->  Bitmap Heap Scan on sbtest3  (cost=322.45..34530.93 rows=9953 width=4)
	        Recheck Cond: ((id >= 6494619) AND (id <= 6504618))
	        ->  Bitmap Index Scan on sbtest3_pkey  (cost=0.00..319.96 rows=9953 width=0)
	              Index Cond: ((id >= 6494619) AND (id <= 6504618))

table 4 : explain SELECT SUM(k) FROM sbtest4 WHERE id BETWEEN 1826048 AND 1836047
	Aggregate  (cost=39129.85..39129.86 rows=1 width=8)
	  ->  Bitmap Heap Scan on sbtest4  (cost=368.92..39101.44 rows=11364 width=4)
	        Recheck Cond: ((id >= 1826048) AND (id <= 1836047))
	        ->  Bitmap Index Scan on sbtest4_pkey  (cost=0.00..366.07 rows=11364 width=0)
	              Index Cond: ((id >= 1826048) AND (id <= 1836047))

table 5 : explain SELECT SUM(k) FROM sbtest5 WHERE id BETWEEN 3348732 AND 3358731
	Aggregate  (cost=35388.92..35388.93 rows=1 width=8)
	  ->  Bitmap Heap Scan on sbtest5  (cost=328.76..35363.48 rows=10178 width=4)
	        Recheck Cond: ((id >= 3348732) AND (id <= 3358731))
	        ->  Bitmap Index Scan on sbtest5_pkey  (cost=0.00..326.21 rows=10178 width=0)
	              Index Cond: ((id >= 3348732) AND (id <= 3358731))

table 6 : explain SELECT SUM(k) FROM sbtest6 WHERE id BETWEEN 2528732 AND 2538731
	Aggregate  (cost=34667.10..34667.11 rows=1 width=8)
	  ->  Bitmap Heap Scan on sbtest6  (cost=322.37..34642.23 rows=9945 width=4)
	        Recheck Cond: ((id >= 2528732) AND (id <= 2538731))
	        ->  Bitmap Index Scan on sbtest6_pkey  (cost=0.00..319.88 rows=9945 width=0)
	              Index Cond: ((id >= 2528732) AND (id <= 2538731))

table 7 : explain SELECT SUM(k) FROM sbtest7 WHERE id BETWEEN 2085442 AND 2095441
	Aggregate  (cost=36346.13..36346.14 rows=1 width=8)
	  ->  Bitmap Heap Scan on sbtest7  (cost=339.76..36319.95 rows=10471 width=4)
	        Recheck Cond: ((id >= 2085442) AND (id <= 2095441))
	        ->  Bitmap Index Scan on sbtest7_pkey  (cost=0.00..337.15 rows=10471 width=0)
	              Index Cond: ((id >= 2085442) AND (id <= 2095441))

table 8 : explain SELECT SUM(k) FROM sbtest8 WHERE id BETWEEN 3467693 AND 3477692
	Aggregate  (cost=35248.08..35248.09 rows=1 width=8)
	  ->  Bitmap Heap Scan on sbtest8  (cost=328.23..35222.77 rows=10126 width=4)
	        Recheck Cond: ((id >= 3467693) AND (id <= 3477692))
	        ->  Bitmap Index Scan on sbtest8_pkey  (cost=0.00..325.69 rows=10126 width=0)
	              Index Cond: ((id >= 3467693) AND (id <= 3477692))

for: order_ranges
table 1 : explain SELECT c FROM sbtest1 WHERE id BETWEEN 384315 AND 394314 ORDER BY c
	Sort  (cost=37145.84..37172.34 rows=10599 width=121)
	  Sort Key: c
	  ->  Bitmap Heap Scan on sbtest1  (cost=345.07..36437.21 rows=10599 width=121)
	        Recheck Cond: ((id >= 384315) AND (id <= 394314))
	        ->  Bitmap Index Scan on sbtest1_pkey  (cost=0.00..342.43 rows=10599 width=0)
	              Index Cond: ((id >= 384315) AND (id <= 394314))

table 2 : explain SELECT c FROM sbtest2 WHERE id BETWEEN 366432 AND 376431 ORDER BY c
	Sort  (cost=37034.64..37060.93 rows=10514 width=121)
	  Sort Key: c
	  ->  Bitmap Heap Scan on sbtest2  (cost=340.20..36332.31 rows=10514 width=121)
	        Recheck Cond: ((id >= 366432) AND (id <= 376431))
	        ->  Bitmap Index Scan on sbtest2_pkey  (cost=0.00..337.57 rows=10514 width=0)
	              Index Cond: ((id >= 366432) AND (id <= 376431))

table 3 : explain SELECT c FROM sbtest3 WHERE id BETWEEN 4701837 AND 4711836 ORDER BY c
	Sort  (cost=36516.01..36541.92 rows=10364 width=121)
	  Sort Key: c
	  ->  Bitmap Heap Scan on sbtest3  (cost=334.67..35824.77 rows=10364 width=121)
	        Recheck Cond: ((id >= 4701837) AND (id <= 4711836))
	        ->  Bitmap Index Scan on sbtest3_pkey  (cost=0.00..332.07 rows=10364 width=0)
	              Index Cond: ((id >= 4701837) AND (id <= 4711836))

table 4 : explain SELECT c FROM sbtest4 WHERE id BETWEEN 1624037 AND 1634036 ORDER BY c
	Sort  (cost=37513.07..37539.65 rows=10630 width=121)
	  Sort Key: c
	  ->  Bitmap Heap Scan on sbtest4  (cost=345.39..36802.15 rows=10630 width=121)
	        Recheck Cond: ((id >= 1624037) AND (id <= 1634036))
	        ->  Bitmap Index Scan on sbtest4_pkey  (cost=0.00..342.74 rows=10630 width=0)
	              Index Cond: ((id >= 1624037) AND (id <= 1634036))

table 5 : explain SELECT c FROM sbtest5 WHERE id BETWEEN 2948937 AND 2958936 ORDER BY c
	Sort  (cost=33224.83..33248.12 rows=9314 width=121)
	  Sort Key: c
	  ->  Bitmap Heap Scan on sbtest5  (cost=303.90..32610.80 rows=9314 width=121)
	        Recheck Cond: ((id >= 2948937) AND (id <= 2958936))
	        ->  Bitmap Index Scan on sbtest5_pkey  (cost=0.00..301.57 rows=9314 width=0)
	              Index Cond: ((id >= 2948937) AND (id <= 2958936))

table 6 : explain SELECT c FROM sbtest6 WHERE id BETWEEN 2556554 AND 2566553 ORDER BY c
	Sort  (cost=35302.57..35327.43 rows=9945 width=121)
	  Sort Key: c
	  ->  Bitmap Heap Scan on sbtest6  (cost=322.37..34642.23 rows=9945 width=121)
	        Recheck Cond: ((id >= 2556554) AND (id <= 2566553))
	        ->  Bitmap Index Scan on sbtest6_pkey  (cost=0.00..319.88 rows=9945 width=0)
	              Index Cond: ((id >= 2556554) AND (id <= 2566553))

table 7 : explain SELECT c FROM sbtest7 WHERE id BETWEEN 1110003 AND 1120002 ORDER BY c
	Sort  (cost=35305.62..35330.48 rows=9944 width=121)
	  Sort Key: c
	  ->  Bitmap Heap Scan on sbtest7  (cost=322.36..34645.36 rows=9944 width=121)
	        Recheck Cond: ((id >= 1110003) AND (id <= 1120002))
	        ->  Bitmap Index Scan on sbtest7_pkey  (cost=0.00..319.88 rows=9944 width=0)
	              Index Cond: ((id >= 1110003) AND (id <= 1120002))

table 8 : explain SELECT c FROM sbtest8 WHERE id BETWEEN 6793545 AND 6803544 ORDER BY c
	Sort  (cost=35329.82..35354.70 rows=9952 width=121)
	  Sort Key: c
	  ->  Bitmap Heap Scan on sbtest8  (cost=322.44..34668.97 rows=9952 width=121)
	        Recheck Cond: ((id >= 6793545) AND (id <= 6803544))
	        ->  Bitmap Index Scan on sbtest8_pkey  (cost=0.00..319.95 rows=9952 width=0)
	              Index Cond: ((id >= 6793545) AND (id <= 6803544))

for: distinct_ranges
table 1 : explain SELECT DISTINCT c FROM sbtest1 WHERE id BETWEEN 2257503 AND 2267502 ORDER BY c
	Unique  (cost=36764.90..36817.30 rows=10480 width=121)
	  ->  Sort  (cost=36764.90..36791.10 rows=10480 width=121)
	        Sort Key: c
	        ->  Bitmap Heap Scan on sbtest1  (cost=339.86..36065.08 rows=10480 width=121)
	              Recheck Cond: ((id >= 2257503) AND (id <= 2267502))
	              ->  Bitmap Index Scan on sbtest1_pkey  (cost=0.00..337.24 rows=10480 width=0)
	                    Index Cond: ((id >= 2257503) AND (id <= 2267502))

table 2 : explain SELECT DISTINCT c FROM sbtest2 WHERE id BETWEEN 2686980 AND 2696979 ORDER BY c
	Unique  (cost=35056.93..35106.44 rows=9901 width=121)
	  ->  Sort  (cost=35056.93..35081.68 rows=9901 width=121)
	        Sort Key: c
	        ->  Bitmap Heap Scan on sbtest2  (cost=321.92..34399.83 rows=9901 width=121)
	              Recheck Cond: ((id >= 2686980) AND (id <= 2696979))
	              ->  Bitmap Index Scan on sbtest2_pkey  (cost=0.00..319.44 rows=9901 width=0)
	                    Index Cond: ((id >= 2686980) AND (id <= 2696979))

table 3 : explain SELECT DISTINCT c FROM sbtest3 WHERE id BETWEEN 4071145 AND 4081144 ORDER BY c
	Unique  (cost=35910.91..35961.79 rows=10176 width=121)
	  ->  Sort  (cost=35910.91..35936.35 rows=10176 width=121)
	        Sort Key: c
	        ->  Bitmap Heap Scan on sbtest3  (cost=328.74..35233.55 rows=10176 width=121)
	              Recheck Cond: ((id >= 4071145) AND (id <= 4081144))
	              ->  Bitmap Index Scan on sbtest3_pkey  (cost=0.00..326.19 rows=10176 width=0)
	                    Index Cond: ((id >= 4071145) AND (id <= 4081144))

table 4 : explain SELECT DISTINCT c FROM sbtest4 WHERE id BETWEEN 7965491 AND 7975490 ORDER BY c
	Unique  (cost=38728.50..38783.54 rows=11008 width=121)
	  ->  Sort  (cost=38728.50..38756.02 rows=11008 width=121)
	        Sort Key: c
	        ->  Bitmap Heap Scan on sbtest4  (cost=357.27..37989.52 rows=11008 width=121)
	              Recheck Cond: ((id >= 7965491) AND (id <= 7975490))
	              ->  Bitmap Index Scan on sbtest4_pkey  (cost=0.00..354.51 rows=11008 width=0)
	                    Index Cond: ((id >= 7965491) AND (id <= 7975490))

table 5 : explain SELECT DISTINCT c FROM sbtest5 WHERE id BETWEEN 5299695 AND 5309694 ORDER BY c
	Unique  (cost=35558.26..35608.40 rows=10029 width=121)
	  ->  Sort  (cost=35558.26..35583.33 rows=10029 width=121)
	        Sort Key: c
	        ->  Bitmap Heap Scan on sbtest5  (cost=323.23..34891.73 rows=10029 width=121)
	              Recheck Cond: ((id >= 5299695) AND (id <= 5309694))
	              ->  Bitmap Index Scan on sbtest5_pkey  (cost=0.00..320.73 rows=10029 width=0)
	                    Index Cond: ((id >= 5299695) AND (id <= 5309694))

table 6 : explain SELECT DISTINCT c FROM sbtest6 WHERE id BETWEEN 492402 AND 502401 ORDER BY c
	Unique  (cost=39772.50..39829.15 rows=11330 width=121)
	  ->  Sort  (cost=39772.50..39800.82 rows=11330 width=121)
	        Sort Key: c
	        ->  Bitmap Heap Scan on sbtest6  (cost=368.57..39009.54 rows=11330 width=121)
	              Recheck Cond: ((id >= 492402) AND (id <= 502401))
	              ->  Bitmap Index Scan on sbtest6_pkey  (cost=0.00..365.74 rows=11330 width=0)
	                    Index Cond: ((id >= 492402) AND (id <= 502401))

table 7 : explain SELECT DISTINCT c FROM sbtest7 WHERE id BETWEEN 58748 AND 68747 ORDER BY c
	Unique  (cost=35318.94..35368.68 rows=9948 width=121)
	  ->  Sort  (cost=35318.94..35343.81 rows=9948 width=121)
	        Sort Key: c
	        ->  Bitmap Heap Scan on sbtest7  (cost=322.40..34658.38 rows=9948 width=121)
	              Recheck Cond: ((id >= 58748) AND (id <= 68747))
	              ->  Bitmap Index Scan on sbtest7_pkey  (cost=0.00..319.92 rows=9948 width=0)
	                    Index Cond: ((id >= 58748) AND (id <= 68747))

table 8 : explain SELECT DISTINCT c FROM sbtest8 WHERE id BETWEEN 1773397 AND 1783396 ORDER BY c
	Unique  (cost=37371.55..37424.46 rows=10581 width=121)
	  ->  Sort  (cost=37371.55..37398.00 rows=10581 width=121)
	        Sort Key: c
	        ->  Bitmap Heap Scan on sbtest8  (cost=344.89..36664.25 rows=10581 width=121)
	              Recheck Cond: ((id >= 1773397) AND (id <= 1783396))
	              ->  Bitmap Index Scan on sbtest8_pkey  (cost=0.00..342.25 rows=10581 width=0)
	                    Index Cond: ((id >= 1773397) AND (id <= 1783396))

for: order_ranges
table 1 : explain SELECT c FROM sbtest1 WHERE id BETWEEN 6259914 AND 6269913 ORDER BY c
	Sort  (cost=33531.50..33555.18 rows=9474 width=121)
	  Sort Key: c
	  ->  Bitmap Heap Scan on sbtest1  (cost=309.54..32905.75 rows=9474 width=121)
	        Recheck Cond: ((id >= 6259914) AND (id <= 6269913))
	        ->  Bitmap Index Scan on sbtest1_pkey  (cost=0.00..307.18 rows=9474 width=0)
	              Index Cond: ((id >= 6259914) AND (id <= 6269913))

table 2 : explain SELECT c FROM sbtest2 WHERE id BETWEEN 6904358 AND 6914357 ORDER BY c
	Sort  (cost=34876.84..34901.46 rows=9846 width=121)
	  Sort Key: c
	  ->  Bitmap Heap Scan on sbtest2  (cost=317.36..34223.79 rows=9846 width=121)
	        Recheck Cond: ((id >= 6904358) AND (id <= 6914357))
	        ->  Bitmap Index Scan on sbtest2_pkey  (cost=0.00..314.90 rows=9846 width=0)
	              Index Cond: ((id >= 6904358) AND (id <= 6914357))

table 3 : explain SELECT c FROM sbtest3 WHERE id BETWEEN 1996271 AND 2006270 ORDER BY c
	Sort  (cost=38064.52..38091.64 rows=10846 width=121)
	  Sort Key: c
	  ->  Bitmap Heap Scan on sbtest3  (cost=351.61..37337.57 rows=10846 width=121)
	        Recheck Cond: ((id >= 1996271) AND (id <= 2006270))
	        ->  Bitmap Index Scan on sbtest3_pkey  (cost=0.00..348.90 rows=10846 width=0)
	              Index Cond: ((id >= 1996271) AND (id <= 2006270))

table 4 : explain SELECT c FROM sbtest4 WHERE id BETWEEN 7624745 AND 7634744 ORDER BY c
	Sort  (cost=37539.49..37566.09 rows=10638 width=121)
	  Sort Key: c
	  ->  Bitmap Heap Scan on sbtest4  (cost=345.47..36827.97 rows=10638 width=121)
	        Recheck Cond: ((id >= 7624745) AND (id <= 7634744))
	        ->  Bitmap Index Scan on sbtest4_pkey  (cost=0.00..342.81 rows=10638 width=0)
	              Index Cond: ((id >= 7624745) AND (id <= 7634744))

table 5 : explain SELECT c FROM sbtest5 WHERE id BETWEEN 3437176 AND 3447175 ORDER BY c
	Sort  (cost=35341.93..35366.83 rows=9962 width=121)
	  Sort Key: c
	  ->  Bitmap Heap Scan on sbtest5  (cost=322.55..34680.34 rows=9962 width=121)
	        Recheck Cond: ((id >= 3437176) AND (id <= 3447175))
	        ->  Bitmap Index Scan on sbtest5_pkey  (cost=0.00..320.06 rows=9962 width=0)
	              Index Cond: ((id >= 3437176) AND (id <= 3447175))

table 6 : explain SELECT c FROM sbtest6 WHERE id BETWEEN 3780444 AND 3790443 ORDER BY c
	Sort  (cost=35872.45..35897.75 rows=10120 width=121)
	  Sort Key: c
	  ->  Bitmap Heap Scan on sbtest6  (cost=328.16..35199.22 rows=10120 width=121)
	        Recheck Cond: ((id >= 3780444) AND (id <= 3790443))
	        ->  Bitmap Index Scan on sbtest6_pkey  (cost=0.00..325.63 rows=10120 width=0)
	              Index Cond: ((id >= 3780444) AND (id <= 3790443))

table 7 : explain SELECT c FROM sbtest7 WHERE id BETWEEN 7843260 AND 7853259 ORDER BY c
	Sort  (cost=36816.89..36842.91 rows=10408 width=121)
	  Sort Key: c
	  ->  Bitmap Heap Scan on sbtest7  (cost=339.12..36122.39 rows=10408 width=121)
	        Recheck Cond: ((id >= 7843260) AND (id <= 7853259))
	        ->  Bitmap Index Scan on sbtest7_pkey  (cost=0.00..336.51 rows=10408 width=0)
	              Index Cond: ((id >= 7843260) AND (id <= 7853259))

table 8 : explain SELECT c FROM sbtest8 WHERE id BETWEEN 497801 AND 507800 ORDER BY c
	Sort  (cost=36095.94..36121.41 rows=10188 width=121)
	  Sort Key: c
	  ->  Bitmap Heap Scan on sbtest8  (cost=328.86..35417.70 rows=10188 width=121)
	        Recheck Cond: ((id >= 497801) AND (id <= 507800))
	        ->  Bitmap Index Scan on sbtest8_pkey  (cost=0.00..326.31 rows=10188 width=0)
	              Index Cond: ((id >= 497801) AND (id <= 507800))

explain: for point_selects :: explain SELECT c FROM sbtest%u WHERE id=%u
explain: for point_selects :: explain SELECT c FROM sbtest%u WHERE id=%u
explain: for point_selects :: explain SELECT c FROM sbtest%u WHERE id=%u
for: distinct_ranges
table 1 : explain SELECT DISTINCT c FROM sbtest1 WHERE id BETWEEN 2571420 AND 2581419 ORDER BY c
	Unique  (cost=35091.53..35141.32 rows=9958 width=121)
	  ->  Sort  (cost=35091.53..35116.42 rows=9958 width=121)
	        Sort Key: c
	        ->  Bitmap Heap Scan on sbtest1  (cost=322.50..34430.23 rows=9958 width=121)
	              Recheck Cond: ((id >= 2571420) AND (id <= 2581419))
	              ->  Bitmap Index Scan on sbtest1_pkey  (cost=0.00..320.01 rows=9958 width=0)
	                    Index Cond: ((id >= 2571420) AND (id <= 2581419))

table 2 : explain SELECT DISTINCT c FROM sbtest2 WHERE id BETWEEN 343519 AND 353518 ORDER BY c
	Unique  (cost=37034.64..37087.21 rows=10514 width=121)
	  ->  Sort  (cost=37034.64..37060.93 rows=10514 width=121)
	        Sort Key: c
	        ->  Bitmap Heap Scan on sbtest2  (cost=340.20..36332.31 rows=10514 width=121)
	              Recheck Cond: ((id >= 343519) AND (id <= 353518))
	              ->  Bitmap Index Scan on sbtest2_pkey  (cost=0.00..337.57 rows=10514 width=0)
	                    Index Cond: ((id >= 343519) AND (id <= 353518))

table 3 : explain SELECT DISTINCT c FROM sbtest3 WHERE id BETWEEN 7185240 AND 7195239 ORDER BY c
	Unique  (cost=35901.00..35951.87 rows=10173 width=121)
	  ->  Sort  (cost=35901.00..35926.44 rows=10173 width=121)
	        Sort Key: c
	        ->  Bitmap Heap Scan on sbtest3  (cost=328.71..35223.87 rows=10173 width=121)
	              Recheck Cond: ((id >= 7185240) AND (id <= 7195239))
	              ->  Bitmap Index Scan on sbtest3_pkey  (cost=0.00..326.17 rows=10173 width=0)
	                    Index Cond: ((id >= 7185240) AND (id <= 7195239))

table 4 : explain SELECT DISTINCT c FROM sbtest4 WHERE id BETWEEN 2902336 AND 2912335 ORDER BY c
	Unique  (cost=35966.59..36017.35 rows=10153 width=121)
	  ->  Sort  (cost=35966.59..35991.97 rows=10153 width=121)
	        Sort Key: c
	        ->  Bitmap Heap Scan on sbtest4  (cost=328.50..35290.92 rows=10153 width=121)
	              Recheck Cond: ((id >= 2902336) AND (id <= 2912335))
	              ->  Bitmap Index Scan on sbtest4_pkey  (cost=0.00..325.96 rows=10153 width=0)
	                    Index Cond: ((id >= 2902336) AND (id <= 2912335))

table 5 : explain SELECT DISTINCT c FROM sbtest5 WHERE id BETWEEN 963752 AND 973751 ORDER BY c
	Unique  (cost=34035.97..34083.78 rows=9562 width=121)
	  ->  Sort  (cost=34035.97..34059.87 rows=9562 width=121)
	        Sort Key: c
	        ->  Bitmap Heap Scan on sbtest5  (cost=310.45..33403.77 rows=9562 width=121)
	              Recheck Cond: ((id >= 963752) AND (id <= 973751))
	              ->  Bitmap Index Scan on sbtest5_pkey  (cost=0.00..308.06 rows=9562 width=0)
	                    Index Cond: ((id >= 963752) AND (id <= 973751))

table 6 : explain SELECT DISTINCT c FROM sbtest6 WHERE id BETWEEN 2642268 AND 2652267 ORDER BY c
	Unique  (cost=38045.50..38099.46 rows=10792 width=121)
	  ->  Sort  (cost=38045.50..38072.48 rows=10792 width=121)
	        Sort Key: c
	        ->  Bitmap Heap Scan on sbtest6  (cost=351.05..37322.56 rows=10792 width=121)
	              Recheck Cond: ((id >= 2642268) AND (id <= 2652267))
	              ->  Bitmap Index Scan on sbtest6_pkey  (cost=0.00..348.36 rows=10792 width=0)
	                    Index Cond: ((id >= 2642268) AND (id <= 2652267))

table 7 : explain SELECT DISTINCT c FROM sbtest7 WHERE id BETWEEN 6968660 AND 6978659 ORDER BY c
	Unique  (cost=36617.26..36669.00 rows=10348 width=121)
	  ->  Sort  (cost=36617.26..36643.13 rows=10348 width=121)
	        Sort Key: c
	        ->  Bitmap Heap Scan on sbtest7  (cost=334.50..35927.20 rows=10348 width=121)
	              Recheck Cond: ((id >= 6968660) AND (id <= 6978659))
	              ->  Bitmap Index Scan on sbtest7_pkey  (cost=0.00..331.92 rows=10348 width=0)
	                    Index Cond: ((id >= 6968660) AND (id <= 6978659))

table 8 : explain SELECT DISTINCT c FROM sbtest8 WHERE id BETWEEN 5701894 AND 5711893 ORDER BY c
	Unique  (cost=32662.43..32708.12 rows=9137 width=121)
	  ->  Sort  (cost=32662.43..32685.27 rows=9137 width=121)
	        Sort Key: c
	        ->  Bitmap Heap Scan on sbtest8  (cost=298.09..32061.33 rows=9137 width=121)
	              Recheck Cond: ((id >= 5701894) AND (id <= 5711893))
	              ->  Bitmap Index Scan on sbtest8_pkey  (cost=0.00..295.81 rows=9137 width=0)
	                    Index Cond: ((id >= 5701894) AND (id <= 5711893))

for point_selects
table 1 : explain SELECT c FROM sbtest1 WHERE id=3006272
	Index Scan using sbtest1_pkey on sbtest1  (cost=0.43..8.45 rows=1 width=121)
	  Index Cond: (id = 3006272)

table 2 : explain SELECT c FROM sbtest2 WHERE id=7272559
	Index Scan using sbtest2_pkey on sbtest2  (cost=0.43..8.45 rows=1 width=121)
	  Index Cond: (id = 7272559)

table 3 : explain SELECT c FROM sbtest3 WHERE id=5002975
	Index Scan using sbtest3_pkey on sbtest3  (cost=0.43..8.45 rows=1 width=121)
	  Index Cond: (id = 5002975)

table 4 : explain SELECT c FROM sbtest4 WHERE id=3411907
	Index Scan using sbtest4_pkey on sbtest4  (cost=0.43..8.45 rows=1 width=121)
	  Index Cond: (id = 3411907)

table 5 : explain SELECT c FROM sbtest5 WHERE id=5674903
	Index Scan using sbtest5_pkey on sbtest5  (cost=0.43..8.45 rows=1 width=121)
	  Index Cond: (id = 5674903)

table 6 : explain SELECT c FROM sbtest6 WHERE id=1928710
	Index Scan using sbtest6_pkey on sbtest6  (cost=0.43..8.45 rows=1 width=121)
	  Index Cond: (id = 1928710)

table 7 : explain SELECT c FROM sbtest7 WHERE id=5069841
	Index Scan using sbtest7_pkey on sbtest7  (cost=0.43..8.45 rows=1 width=121)
	  Index Cond: (id = 5069841)

table 8 : explain SELECT c FROM sbtest8 WHERE id=8914447
	Index Scan using sbtest8_pkey on sbtest8  (cost=0.43..8.45 rows=1 width=121)
	  Index Cond: (id = 8914447)

for: order_ranges
table 1 : explain SELECT c FROM sbtest1 WHERE id BETWEEN 315289 AND 325288 ORDER BY c
	Sort  (cost=37145.84..37172.34 rows=10599 width=121)
	  Sort Key: c
	  ->  Bitmap Heap Scan on sbtest1  (cost=345.07..36437.21 rows=10599 width=121)
	        Recheck Cond: ((id >= 315289) AND (id <= 325288))
	        ->  Bitmap Index Scan on sbtest1_pkey  (cost=0.00..342.43 rows=10599 width=0)
	              Index Cond: ((id >= 315289) AND (id <= 325288))

table 2 : explain SELECT c FROM sbtest2 WHERE id BETWEEN 4669900 AND 4679899 ORDER BY c
	Sort  (cost=36409.87..36435.67 rows=10319 width=121)
	  Sort Key: c
	  ->  Bitmap Heap Scan on sbtest2  (cost=334.20..35721.96 rows=10319 width=121)
	        Recheck Cond: ((id >= 4669900) AND (id <= 4679899))
	        ->  Bitmap Index Scan on sbtest2_pkey  (cost=0.00..331.62 rows=10319 width=0)
	              Index Cond: ((id >= 4669900) AND (id <= 4679899))

table 3 : explain SELECT c FROM sbtest3 WHERE id BETWEEN 4835994 AND 4845993 ORDER BY c
	Sort  (cost=33210.71..33234.07 rows=9343 width=121)
	  Sort Key: c
	  ->  Bitmap Heap Scan on sbtest3  (cost=304.20..32594.56 rows=9343 width=121)
	        Recheck Cond: ((id >= 4835994) AND (id <= 4845993))
	        ->  Bitmap Index Scan on sbtest3_pkey  (cost=0.00..301.87 rows=9343 width=0)
	              Index Cond: ((id >= 4835994) AND (id <= 4845993))

table 4 : explain SELECT c FROM sbtest4 WHERE id BETWEEN 2527710 AND 2537709 ORDER BY c
	Sort  (cost=36564.75..36590.60 rows=10337 width=121)
	  Sort Key: c
	  ->  Bitmap Heap Scan on sbtest4  (cost=334.39..35875.51 rows=10337 width=121)
	        Recheck Cond: ((id >= 2527710) AND (id <= 2537709))
	        ->  Bitmap Index Scan on sbtest4_pkey  (cost=0.00..331.81 rows=10337 width=0)
	              Index Cond: ((id >= 2527710) AND (id <= 2537709))

table 5 : explain SELECT c FROM sbtest5 WHERE id BETWEEN 1195253 AND 1205252 ORDER BY c
	Sort  (cost=32895.30..32918.33 rows=9214 width=121)
	  Sort Key: c
	  ->  Bitmap Heap Scan on sbtest5  (cost=298.88..32288.58 rows=9214 width=121)
	        Recheck Cond: ((id >= 1195253) AND (id <= 1205252))
	        ->  Bitmap Index Scan on sbtest5_pkey  (cost=0.00..296.57 rows=9214 width=0)
	              Index Cond: ((id >= 1195253) AND (id <= 1205252))

table 6 : explain SELECT c FROM sbtest6 WHERE id BETWEEN 5128115 AND 5138114 ORDER BY c
	Sort  (cost=32560.86..32583.63 rows=9109 width=121)
	  Sort Key: c
	  ->  Bitmap Heap Scan on sbtest6  (cost=293.80..31961.80 rows=9109 width=121)
	        Recheck Cond: ((id >= 5128115) AND (id <= 5138114))
	        ->  Bitmap Index Scan on sbtest6_pkey  (cost=0.00..291.53 rows=9109 width=0)
	              Index Cond: ((id >= 5128115) AND (id <= 5138114))

table 7 : explain SELECT c FROM sbtest7 WHERE id BETWEEN 7985188 AND 7995187 ORDER BY c
	Sort  (cost=37665.26..37691.94 rows=10671 width=121)
	  Sort Key: c
	  ->  Bitmap Heap Scan on sbtest7  (cost=345.81..36951.29 rows=10671 width=121)
	        Recheck Cond: ((id >= 7985188) AND (id <= 7995187))
	        ->  Bitmap Index Scan on sbtest7_pkey  (cost=0.00..343.15 rows=10671 width=0)
	              Index Cond: ((id >= 7985188) AND (id <= 7995187))

table 8 : explain SELECT c FROM sbtest8 WHERE id BETWEEN 5745441 AND 5755440 ORDER BY c
	Sort  (cost=32662.43..32685.27 rows=9137 width=121)
	  Sort Key: c
	  ->  Bitmap Heap Scan on sbtest8  (cost=298.09..32061.33 rows=9137 width=121)
	        Recheck Cond: ((id >= 5745441) AND (id <= 5755440))
	        ->  Bitmap Index Scan on sbtest8_pkey  (cost=0.00..295.81 rows=9137 width=0)
	              Index Cond: ((id >= 5745441) AND (id <= 5755440))

for: sum_ranges
table 1 : explain SELECT SUM(k) FROM sbtest1 WHERE id BETWEEN 8305436 AND 8315435
	Aggregate  (cost=30010.44..30010.45 rows=1 width=8)
	  ->  Bitmap Heap Scan on sbtest1  (cost=280.18..29989.04 rows=8560 width=4)
	        Recheck Cond: ((id >= 8305436) AND (id <= 8315435))
	        ->  Bitmap Index Scan on sbtest1_pkey  (cost=0.00..278.04 rows=8560 width=0)
	              Index Cond: ((id >= 8305436) AND (id <= 8315435))

table 2 : explain SELECT SUM(k) FROM sbtest2 WHERE id BETWEEN 845231 AND 855230
	Aggregate  (cost=32630.18..32630.19 rows=1 width=8)
	  ->  Bitmap Heap Scan on sbtest2  (cost=304.14..32606.84 rows=9337 width=4)
	        Recheck Cond: ((id >= 845231) AND (id <= 855230))
	        ->  Bitmap Index Scan on sbtest2_pkey  (cost=0.00..301.81 rows=9337 width=0)
	              Index Cond: ((id >= 845231) AND (id <= 855230))

table 3 : explain SELECT SUM(k) FROM sbtest3 WHERE id BETWEEN 3161481 AND 3171480
	Aggregate  (cost=36859.89..36859.90 rows=1 width=8)
	  ->  Bitmap Heap Scan on sbtest3  (cost=345.96..36833.18 rows=10685 width=4)
	        Recheck Cond: ((id >= 3161481) AND (id <= 3171480))
	        ->  Bitmap Index Scan on sbtest3_pkey  (cost=0.00..343.29 rows=10685 width=0)
	              Index Cond: ((id >= 3161481) AND (id <= 3171480))

table 4 : explain SELECT SUM(k) FROM sbtest4 WHERE id BETWEEN 7186487 AND 7196486
	Aggregate  (cost=36077.17..36077.18 rows=1 width=8)
	  ->  Bitmap Heap Scan on sbtest4  (cost=338.95..36051.19 rows=10392 width=4)
	        Recheck Cond: ((id >= 7186487) AND (id <= 7196486))
	        ->  Bitmap Index Scan on sbtest4_pkey  (cost=0.00..336.36 rows=10392 width=0)
	              Index Cond: ((id >= 7186487) AND (id <= 7196486))

table 5 : explain SELECT SUM(k) FROM sbtest5 WHERE id BETWEEN 4842605 AND 4852604
	Aggregate  (cost=35476.60..35476.61 rows=1 width=8)
	  ->  Bitmap Heap Scan on sbtest5  (cost=329.05..35451.09 rows=10206 width=4)
	        Recheck Cond: ((id >= 4842605) AND (id <= 4852604))
	        ->  Bitmap Index Scan on sbtest5_pkey  (cost=0.00..326.50 rows=10206 width=0)
	              Index Cond: ((id >= 4842605) AND (id <= 4852604))

table 6 : explain SELECT SUM(k) FROM sbtest6 WHERE id BETWEEN 7840418 AND 7850417
	Aggregate  (cost=35745.13..35745.14 rows=1 width=8)
	  ->  Bitmap Heap Scan on sbtest6  (cost=333.85..35719.42 rows=10284 width=4)
	        Recheck Cond: ((id >= 7840418) AND (id <= 7850417))
	        ->  Bitmap Index Scan on sbtest6_pkey  (cost=0.00..331.28 rows=10284 width=0)
	              Index Cond: ((id >= 7840418) AND (id <= 7850417))

table 7 : explain SELECT SUM(k) FROM sbtest7 WHERE id BETWEEN 9869860 AND 9879859
	Aggregate  (cost=33755.18..33755.19 rows=1 width=8)
	  ->  Bitmap Heap Scan on sbtest7  (cost=315.41..33731.04 rows=9656 width=4)
	        Recheck Cond: ((id >= 9869860) AND (id <= 9879859))
	        ->  Bitmap Index Scan on sbtest7_pkey  (cost=0.00..313.00 rows=9656 width=0)
	              Index Cond: ((id >= 9869860) AND (id <= 9879859))

table 8 : explain SELECT SUM(k) FROM sbtest8 WHERE id BETWEEN 398140 AND 408139
	Aggregate  (cost=32798.03..32798.04 rows=1 width=8)
	  ->  Bitmap Heap Scan on sbtest8  (cost=304.36..32774.63 rows=9359 width=4)
	        Recheck Cond: ((id >= 398140) AND (id <= 408139))
	        ->  Bitmap Index Scan on sbtest8_pkey  (cost=0.00..302.03 rows=9359 width=0)
	              Index Cond: ((id >= 398140) AND (id <= 408139))

for: distinct_ranges
table 1 : explain SELECT DISTINCT c FROM sbtest1 WHERE id BETWEEN 4522367 AND 4532366 ORDER BY c
	Unique  (cost=36179.74..36231.23 rows=10297 width=121)
	  ->  Sort  (cost=36179.74..36205.49 rows=10297 width=121)
	        Sort Key: c
	        ->  Bitmap Heap Scan on sbtest1  (cost=333.98..35493.45 rows=10297 width=121)
	              Recheck Cond: ((id >= 4522367) AND (id <= 4532366))
	              ->  Bitmap Index Scan on sbtest1_pkey  (cost=0.00..331.41 rows=10297 width=0)
	                    Index Cond: ((id >= 4522367) AND (id <= 4532366))

table 2 : explain SELECT DISTINCT c FROM sbtest2 WHERE id BETWEEN 4568182 AND 4578181 ORDER BY c
	Unique  (cost=34177.56..34225.71 rows=9631 width=121)
	  ->  Sort  (cost=34177.56..34201.64 rows=9631 width=121)
	        Sort Key: c
	        ->  Bitmap Heap Scan on sbtest2  (cost=311.15..33540.30 rows=9631 width=121)
	              Recheck Cond: ((id >= 4568182) AND (id <= 4578181))
	              ->  Bitmap Index Scan on sbtest2_pkey  (cost=0.00..308.75 rows=9631 width=0)
	                    Index Cond: ((id >= 4568182) AND (id <= 4578181))

table 3 : explain SELECT DISTINCT c FROM sbtest3 WHERE id BETWEEN 1978037 AND 1988036 ORDER BY c
	Unique  (cost=35201.79..35251.57 rows=9956 width=121)
	  ->  Sort  (cost=35201.79..35226.68 rows=9956 width=121)
	        Sort Key: c
	        ->  Bitmap Heap Scan on sbtest3  (cost=322.48..34540.65 rows=9956 width=121)
	              Recheck Cond: ((id >= 1978037) AND (id <= 1988036))
	              ->  Bitmap Index Scan on sbtest3_pkey  (cost=0.00..320.00 rows=9956 width=0)
	                    Index Cond: ((id >= 1978037) AND (id <= 1988036))

table 4 : explain SELECT DISTINCT c FROM sbtest4 WHERE id BETWEEN 8904840 AND 8914839 ORDER BY c
	Unique  (cost=32543.08..32588.61 rows=9106 width=121)
	  ->  Sort  (cost=32543.08..32565.84 rows=9106 width=121)
	        Sort Key: c
	        ->  Bitmap Heap Scan on sbtest4  (cost=293.77..31944.24 rows=9106 width=121)
	              Recheck Cond: ((id >= 8904840) AND (id <= 8914839))
	              ->  Bitmap Index Scan on sbtest4_pkey  (cost=0.00..291.50 rows=9106 width=0)
	                    Index Cond: ((id >= 8904840) AND (id <= 8914839))

table 5 : explain SELECT DISTINCT c FROM sbtest5 WHERE id BETWEEN 7947025 AND 7957024 ORDER BY c
	Unique  (cost=35495.10..35545.15 rows=10010 width=121)
	  ->  Sort  (cost=35495.10..35520.12 rows=10010 width=121)
	        Sort Key: c
	        ->  Bitmap Heap Scan on sbtest5  (cost=323.04..34829.98 rows=10010 width=121)
	              Recheck Cond: ((id >= 7947025) AND (id <= 7957024))
	              ->  Bitmap Index Scan on sbtest5_pkey  (cost=0.00..320.54 rows=10010 width=0)
	                    Index Cond: ((id >= 7947025) AND (id <= 7957024))

table 6 : explain SELECT DISTINCT c FROM sbtest6 WHERE id BETWEEN 9537912 AND 9547911 ORDER BY c
	Unique  (cost=36391.48..36442.88 rows=10280 width=121)
	  ->  Sort  (cost=36391.48..36417.18 rows=10280 width=121)
	        Sort Key: c
	        ->  Bitmap Heap Scan on sbtest6  (cost=333.81..35706.45 rows=10280 width=121)
	              Recheck Cond: ((id >= 9537912) AND (id <= 9547911))
	              ->  Bitmap Index Scan on sbtest6_pkey  (cost=0.00..331.24 rows=10280 width=0)
	                    Index Cond: ((id >= 9537912) AND (id <= 9547911))

table 7 : explain SELECT DISTINCT c FROM sbtest7 WHERE id BETWEEN 7556841 AND 7566840 ORDER BY c
	Unique  (cost=38726.25..38781.25 rows=11001 width=121)
	  ->  Sort  (cost=38726.25..38753.75 rows=11001 width=121)
	        Sort Key: c
	        ->  Bitmap Heap Scan on sbtest7  (cost=357.20..37987.79 rows=11001 width=121)
	              Recheck Cond: ((id >= 7556841) AND (id <= 7566840))
	              ->  Bitmap Index Scan on sbtest7_pkey  (cost=0.00..354.44 rows=11001 width=0)
	                    Index Cond: ((id >= 7556841) AND (id <= 7566840))

table 8 : explain SELECT DISTINCT c FROM sbtest8 WHERE id BETWEEN 5370084 AND 5380083 ORDER BY c
	Unique  (cost=35949.70..36000.41 rows=10143 width=121)
	  ->  Sort  (cost=35949.70..35975.06 rows=10143 width=121)
	        Sort Key: c
	        ->  Bitmap Heap Scan on sbtest8  (cost=328.40..35274.77 rows=10143 width=121)
	              Recheck Cond: ((id >= 5370084) AND (id <= 5380083))
	              ->  Bitmap Index Scan on sbtest8_pkey  (cost=0.00..325.87 rows=10143 width=0)
	                    Index Cond: ((id >= 5370084) AND (id <= 5380083))

explain: for point_selects :: explain SELECT c FROM sbtest%u WHERE id=%u
for: simple_ranges
table 1 : explain SELECT c FROM sbtest1 WHERE id BETWEEN 4924772 AND 4934771
	Bitmap Heap Scan on sbtest1  (cost=327.10..34614.71 rows=10016 width=121)
	  Recheck Cond: ((id >= 4924772) AND (id <= 4934771))
	  ->  Bitmap Index Scan on sbtest1_pkey  (cost=0.00..324.59 rows=10016 width=0)
	        Index Cond: ((id >= 4924772) AND (id <= 4934771))

table 2 : explain SELECT c FROM sbtest2 WHERE id BETWEEN 1213470 AND 1223469
	Bitmap Heap Scan on sbtest2  (cost=317.21..34178.34 rows=9832 width=121)
	  Recheck Cond: ((id >= 1213470) AND (id <= 1223469))
	  ->  Bitmap Index Scan on sbtest2_pkey  (cost=0.00..314.75 rows=9832 width=0)
	        Index Cond: ((id >= 1213470) AND (id <= 1223469))

table 3 : explain SELECT c FROM sbtest3 WHERE id BETWEEN 6341157 AND 6351156
	Bitmap Heap Scan on sbtest3  (cost=323.05..34712.24 rows=10011 width=121)
	  Recheck Cond: ((id >= 6341157) AND (id <= 6351156))
	  ->  Bitmap Index Scan on sbtest3_pkey  (cost=0.00..320.55 rows=10011 width=0)
	        Index Cond: ((id >= 6341157) AND (id <= 6351156))

table 4 : explain SELECT c FROM sbtest4 WHERE id BETWEEN 2681953 AND 2691952
	Bitmap Heap Scan on sbtest4  (cost=292.59..31575.77 rows=8991 width=121)
	  Recheck Cond: ((id >= 2681953) AND (id <= 2691952))
	  ->  Bitmap Index Scan on sbtest4_pkey  (cost=0.00..290.34 rows=8991 width=0)
	        Index Cond: ((id >= 2681953) AND (id <= 2691952))

table 5 : explain SELECT c FROM sbtest5 WHERE id BETWEEN 6533076 AND 6543075
	Bitmap Heap Scan on sbtest5  (cost=327.89..35097.22 rows=10093 width=121)
	  Recheck Cond: ((id >= 6533076) AND (id <= 6543075))
	  ->  Bitmap Index Scan on sbtest5_pkey  (cost=0.00..325.37 rows=10093 width=0)
	        Index Cond: ((id >= 6533076) AND (id <= 6543075))

table 6 : explain SELECT c FROM sbtest6 WHERE id BETWEEN 3461886 AND 3471885
	Bitmap Heap Scan on sbtest6  (cost=327.75..35072.46 rows=10080 width=121)
	  Recheck Cond: ((id >= 3461886) AND (id <= 3471885))
	  ->  Bitmap Index Scan on sbtest6_pkey  (cost=0.00..325.24 rows=10080 width=0)
	        Index Cond: ((id >= 3461886) AND (id <= 3471885))

table 7 : explain SELECT c FROM sbtest7 WHERE id BETWEEN 1182718 AND 1192717
	Bitmap Heap Scan on sbtest7  (cost=322.36..34645.36 rows=9944 width=121)
	  Recheck Cond: ((id >= 1182718) AND (id <= 1192717))
	  ->  Bitmap Index Scan on sbtest7_pkey  (cost=0.00..319.88 rows=9944 width=0)
	        Index Cond: ((id >= 1182718) AND (id <= 1192717))

table 8 : explain SELECT c FROM sbtest8 WHERE id BETWEEN 1722487 AND 1732486
	Bitmap Heap Scan on sbtest8  (cost=344.89..36664.25 rows=10581 width=121)
	  Recheck Cond: ((id >= 1722487) AND (id <= 1732486))
	  ->  Bitmap Index Scan on sbtest8_pkey  (cost=0.00..342.25 rows=10581 width=0)
	        Index Cond: ((id >= 1722487) AND (id <= 1732486))

for point_selects
table 1 : explain SELECT c FROM sbtest1 WHERE id=3784145
	Index Scan using sbtest1_pkey on sbtest1  (cost=0.43..8.45 rows=1 width=121)
	  Index Cond: (id = 3784145)

table 2 : explain SELECT c FROM sbtest2 WHERE id=8917649
	Index Scan using sbtest2_pkey on sbtest2  (cost=0.43..8.45 rows=1 width=121)
	  Index Cond: (id = 8917649)

table 3 : explain SELECT c FROM sbtest3 WHERE id=553010
	Index Scan using sbtest3_pkey on sbtest3  (cost=0.43..8.45 rows=1 width=121)
	  Index Cond: (id = 553010)

table 4 : explain SELECT c FROM sbtest4 WHERE id=8001797
	Index Scan using sbtest4_pkey on sbtest4  (cost=0.43..8.45 rows=1 width=121)
	  Index Cond: (id = 8001797)

table 5 : explain SELECT c FROM sbtest5 WHERE id=2642693
	Index Scan using sbtest5_pkey on sbtest5  (cost=0.43..8.45 rows=1 width=121)
	  Index Cond: (id = 2642693)

table 6 : explain SELECT c FROM sbtest6 WHERE id=2785781
	Index Scan using sbtest6_pkey on sbtest6  (cost=0.43..8.45 rows=1 width=121)
	  Index Cond: (id = 2785781)

table 7 : explain SELECT c FROM sbtest7 WHERE id=9277457
	Index Scan using sbtest7_pkey on sbtest7  (cost=0.43..8.45 rows=1 width=121)
	  Index Cond: (id = 9277457)

table 8 : explain SELECT c FROM sbtest8 WHERE id=9513368
	Index Scan using sbtest8_pkey on sbtest8  (cost=0.43..8.45 rows=1 width=121)
	  Index Cond: (id = 9513368)

for: distinct_ranges
table 1 : explain SELECT DISTINCT c FROM sbtest1 WHERE id BETWEEN 4650227 AND 4660226 ORDER BY c
	Unique  (cost=35484.64..35535.04 rows=10080 width=121)
	  ->  Sort  (cost=35484.64..35509.84 rows=10080 width=121)
	        Sort Key: c
	        ->  Bitmap Heap Scan on sbtest1  (cost=327.75..34814.36 rows=10080 width=121)
	              Recheck Cond: ((id >= 4650227) AND (id <= 4660226))
	              ->  Bitmap Index Scan on sbtest1_pkey  (cost=0.00..325.24 rows=10080 width=0)
	                    Index Cond: ((id >= 4650227) AND (id <= 4660226))

table 2 : explain SELECT DISTINCT c FROM sbtest2 WHERE id BETWEEN 6777301 AND 6787300 ORDER BY c
	Unique  (cost=33496.55..33543.66 rows=9422 width=121)
	  ->  Sort  (cost=33496.55..33520.11 rows=9422 width=121)
	        Sort Key: c
	        ->  Bitmap Heap Scan on sbtest2  (cost=305.01..32874.61 rows=9422 width=121)
	              Recheck Cond: ((id >= 6777301) AND (id <= 6787300))
	              ->  Bitmap Index Scan on sbtest2_pkey  (cost=0.00..302.66 rows=9422 width=0)
	                    Index Cond: ((id >= 6777301) AND (id <= 6787300))

table 3 : explain SELECT DISTINCT c FROM sbtest3 WHERE id BETWEEN 3866812 AND 3876811 ORDER BY c
	Unique  (cost=38874.69..38930.19 rows=11101 width=121)
	  ->  Sort  (cost=38874.69..38902.44 rows=11101 width=121)
	        Sort Key: c
	        ->  Bitmap Heap Scan on sbtest3  (cost=358.22..38128.79 rows=11101 width=121)
	              Recheck Cond: ((id >= 3866812) AND (id <= 3876811))
	              ->  Bitmap Index Scan on sbtest3_pkey  (cost=0.00..355.44 rows=11101 width=0)
	                    Index Cond: ((id >= 3866812) AND (id <= 3876811))

table 4 : explain SELECT DISTINCT c FROM sbtest4 WHERE id BETWEEN 6292268 AND 6302267 ORDER BY c
	Unique  (cost=33883.54..33931.11 rows=9513 width=121)
	  ->  Sort  (cost=33883.54..33907.32 rows=9513 width=121)
	        Sort Key: c
	        ->  Bitmap Heap Scan on sbtest4  (cost=309.94..33254.94 rows=9513 width=121)
	              Recheck Cond: ((id >= 6292268) AND (id <= 6302267))
	              ->  Bitmap Index Scan on sbtest4_pkey  (cost=0.00..307.56 rows=9513 width=0)
	                    Index Cond: ((id >= 6292268) AND (id <= 6302267))

table 5 : explain SELECT DISTINCT c FROM sbtest5 WHERE id BETWEEN 4354045 AND 4364044 ORDER BY c
	Unique  (cost=35718.63..35769.02 rows=10078 width=121)
	  ->  Sort  (cost=35718.63..35743.83 rows=10078 width=121)
	        Sort Key: c
	        ->  Bitmap Heap Scan on sbtest5  (cost=327.73..35048.50 rows=10078 width=121)
	              Recheck Cond: ((id >= 4354045) AND (id <= 4364044))
	              ->  Bitmap Index Scan on sbtest5_pkey  (cost=0.00..325.21 rows=10078 width=0)
	                    Index Cond: ((id >= 4354045) AND (id <= 4364044))

table 6 : explain SELECT DISTINCT c FROM sbtest6 WHERE id BETWEEN 3560538 AND 3570537 ORDER BY c
	Unique  (cost=32338.74..32383.95 rows=9041 width=121)
	  ->  Sort  (cost=32338.74..32361.35 rows=9041 width=121)
	        Sort Key: c
	        ->  Bitmap Heap Scan on sbtest6  (cost=293.11..31744.65 rows=9041 width=121)
	              Recheck Cond: ((id >= 3560538) AND (id <= 3570537))
	              ->  Bitmap Index Scan on sbtest6_pkey  (cost=0.00..290.84 rows=9041 width=0)
	                    Index Cond: ((id >= 3560538) AND (id <= 3570537))

table 7 : explain SELECT DISTINCT c FROM sbtest7 WHERE id BETWEEN 8951343 AND 8961342 ORDER BY c
	Unique  (cost=36222.09..36273.22 rows=10225 width=121)
	  ->  Sort  (cost=36222.09..36247.66 rows=10225 width=121)
	        Sort Key: c
	        ->  Bitmap Heap Scan on sbtest7  (cost=333.24..35541.12 rows=10225 width=121)
	              Recheck Cond: ((id >= 8951343) AND (id <= 8961342))
	              ->  Bitmap Index Scan on sbtest7_pkey  (cost=0.00..330.69 rows=10225 width=0)
	                    Index Cond: ((id >= 8951343) AND (id <= 8961342))

table 8 : explain SELECT DISTINCT c FROM sbtest8 WHERE id BETWEEN 4116110 AND 4126109 ORDER BY c
	Unique  (cost=33952.32..33999.97 rows=9530 width=121)
	  ->  Sort  (cost=33952.32..33976.15 rows=9530 width=121)
	        Sort Key: c
	        ->  Bitmap Heap Scan on sbtest8  (cost=310.12..33322.47 rows=9530 width=121)
	              Recheck Cond: ((id >= 4116110) AND (id <= 4126109))
	              ->  Bitmap Index Scan on sbtest8_pkey  (cost=0.00..307.74 rows=9530 width=0)
	                    Index Cond: ((id >= 4116110) AND (id <= 4126109))

for: order_ranges
table 1 : explain SELECT c FROM sbtest1 WHERE id BETWEEN 2712962 AND 2722961 ORDER BY c
	Sort  (cost=33750.44..33774.29 rows=9542 width=121)
	  Sort Key: c
	  ->  Bitmap Heap Scan on sbtest1  (cost=310.24..33119.71 rows=9542 width=121)
	        Recheck Cond: ((id >= 2712962) AND (id <= 2722961))
	        ->  Bitmap Index Scan on sbtest1_pkey  (cost=0.00..307.86 rows=9542 width=0)
	              Index Cond: ((id >= 2712962) AND (id <= 2722961))

table 2 : explain SELECT c FROM sbtest2 WHERE id BETWEEN 4242293 AND 4252292 ORDER BY c
	Sort  (cost=34521.11..34545.45 rows=9736 width=121)
	  Sort Key: c
	  ->  Bitmap Heap Scan on sbtest2  (cost=316.23..33876.14 rows=9736 width=121)
	        Recheck Cond: ((id >= 4242293) AND (id <= 4252292))
	        ->  Bitmap Index Scan on sbtest2_pkey  (cost=0.00..313.80 rows=9736 width=0)
	              Index Cond: ((id >= 4242293) AND (id <= 4252292))

table 3 : explain SELECT c FROM sbtest3 WHERE id BETWEEN 8543884 AND 8553883 ORDER BY c
	Sort  (cost=36314.69..36340.44 rows=10301 width=121)
	  Sort Key: c
	  ->  Bitmap Heap Scan on sbtest3  (cost=334.02..35628.10 rows=10301 width=121)
	        Recheck Cond: ((id >= 8543884) AND (id <= 8553883))
	        ->  Bitmap Index Scan on sbtest3_pkey  (cost=0.00..331.44 rows=10301 width=0)
	              Index Cond: ((id >= 8543884) AND (id <= 8553883))

table 4 : explain SELECT c FROM sbtest4 WHERE id BETWEEN 5312888 AND 5322887 ORDER BY c
	Sort  (cost=35113.95..35138.67 rows=9890 width=121)
	  Sort Key: c
	  ->  Bitmap Heap Scan on sbtest4  (cost=321.81..34457.66 rows=9890 width=121)
	        Recheck Cond: ((id >= 5312888) AND (id <= 5322887))
	        ->  Bitmap Index Scan on sbtest4_pkey  (cost=0.00..319.33 rows=9890 width=0)
	              Index Cond: ((id >= 5312888) AND (id <= 5322887))

table 5 : explain SELECT c FROM sbtest5 WHERE id BETWEEN 3479467 AND 3489466 ORDER BY c
	Sort  (cost=35341.93..35366.83 rows=9962 width=121)
	  Sort Key: c
	  ->  Bitmap Heap Scan on sbtest5  (cost=322.55..34680.34 rows=9962 width=121)
	        Recheck Cond: ((id >= 3479467) AND (id <= 3489466))
	        ->  Bitmap Index Scan on sbtest5_pkey  (cost=0.00..320.06 rows=9962 width=0)
	              Index Cond: ((id >= 3479467) AND (id <= 3489466))

table 6 : explain SELECT c FROM sbtest6 WHERE id BETWEEN 8991053 AND 9001052 ORDER BY c
	Sort  (cost=33840.82..33864.56 rows=9498 width=121)
	  Sort Key: c
	  ->  Bitmap Heap Scan on sbtest6  (cost=305.79..33213.31 rows=9498 width=121)
	        Recheck Cond: ((id >= 8991053) AND (id <= 9001052))
	        ->  Bitmap Index Scan on sbtest6_pkey  (cost=0.00..303.42 rows=9498 width=0)
	              Index Cond: ((id >= 8991053) AND (id <= 9001052))

table 7 : explain SELECT c FROM sbtest7 WHERE id BETWEEN 523026 AND 533025 ORDER BY c
	Sort  (cost=36068.47..36093.92 rows=10178 width=121)
	  Sort Key: c
	  ->  Bitmap Heap Scan on sbtest7  (cost=328.76..35390.97 rows=10178 width=121)
	        Recheck Cond: ((id >= 523026) AND (id <= 533025))
	        ->  Bitmap Index Scan on sbtest7_pkey  (cost=0.00..326.21 rows=10178 width=0)
	              Index Cond: ((id >= 523026) AND (id <= 533025))

table 8 : explain SELECT c FROM sbtest8 WHERE id BETWEEN 2439293 AND 2449292 ORDER BY c
	Sort  (cost=33331.62..33354.97 rows=9341 width=121)
	  Sort Key: c
	  ->  Bitmap Heap Scan on sbtest8  (cost=304.18..32715.61 rows=9341 width=121)
	        Recheck Cond: ((id >= 2439293) AND (id <= 2449292))
	        ->  Bitmap Index Scan on sbtest8_pkey  (cost=0.00..301.84 rows=9341 width=0)
	              Index Cond: ((id >= 2439293) AND (id <= 2449292))

for point_selects
table 1 : explain SELECT c FROM sbtest1 WHERE id=6834809
	Index Scan using sbtest1_pkey on sbtest1  (cost=0.43..8.45 rows=1 width=121)
	  Index Cond: (id = 6834809)

table 2 : explain SELECT c FROM sbtest2 WHERE id=8854298
	Index Scan using sbtest2_pkey on sbtest2  (cost=0.43..8.45 rows=1 width=121)
	  Index Cond: (id = 8854298)

table 3 : explain SELECT c FROM sbtest3 WHERE id=5386907
	Index Scan using sbtest3_pkey on sbtest3  (cost=0.43..8.45 rows=1 width=121)
	  Index Cond: (id = 5386907)

table 4 : explain SELECT c FROM sbtest4 WHERE id=1073226
	Index Scan using sbtest4_pkey on sbtest4  (cost=0.43..8.45 rows=1 width=121)
	  Index Cond: (id = 1073226)

table 5 : explain SELECT c FROM sbtest5 WHERE id=2463567
	Index Scan using sbtest5_pkey on sbtest5  (cost=0.43..8.45 rows=1 width=121)
	  Index Cond: (id = 2463567)

table 6 : explain SELECT c FROM sbtest6 WHERE id=8211234
	Index Scan using sbtest6_pkey on sbtest6  (cost=0.43..8.45 rows=1 width=121)
	  Index Cond: (id = 8211234)

table 7 : explain SELECT c FROM sbtest7 WHERE id=8161157
	Index Scan using sbtest7_pkey on sbtest7  (cost=0.43..8.45 rows=1 width=121)
	  Index Cond: (id = 8161157)

table 8 : explain SELECT c FROM sbtest8 WHERE id=3707630
	Index Scan using sbtest8_pkey on sbtest8  (cost=0.43..8.45 rows=1 width=121)
	  Index Cond: (id = 3707630)

for: distinct_ranges
table 1 : explain SELECT DISTINCT c FROM sbtest1 WHERE id BETWEEN 9064419 AND 9074418 ORDER BY c
	Unique  (cost=36866.55..36919.11 rows=10512 width=121)
	  ->  Sort  (cost=36866.55..36892.83 rows=10512 width=121)
	        Sort Key: c
	        ->  Bitmap Heap Scan on sbtest1  (cost=340.18..36164.37 rows=10512 width=121)
	              Recheck Cond: ((id >= 9064419) AND (id <= 9074418))
	              ->  Bitmap Index Scan on sbtest1_pkey  (cost=0.00..337.56 rows=10512 width=0)
	                    Index Cond: ((id >= 9064419) AND (id <= 9074418))

table 2 : explain SELECT DISTINCT c FROM sbtest2 WHERE id BETWEEN 1844080 AND 1854079 ORDER BY c
	Unique  (cost=38000.67..38054.74 rows=10814 width=121)
	  ->  Sort  (cost=38000.67..38027.71 rows=10814 width=121)
	        Sort Key: c
	        ->  Bitmap Heap Scan on sbtest2  (cost=351.28..37276.10 rows=10814 width=121)
	              Recheck Cond: ((id >= 1844080) AND (id <= 1854079))
	              ->  Bitmap Index Scan on sbtest2_pkey  (cost=0.00..348.57 rows=10814 width=0)
	                    Index Cond: ((id >= 1844080) AND (id <= 1854079))

table 3 : explain SELECT DISTINCT c FROM sbtest3 WHERE id BETWEEN 8382327 AND 8392326 ORDER BY c
	Unique  (cost=35403.91..35454.00 rows=10019 width=121)
	  ->  Sort  (cost=35403.91..35428.96 rows=10019 width=121)
	        Sort Key: c
	        ->  Bitmap Heap Scan on sbtest3  (cost=323.13..34738.12 rows=10019 width=121)
	              Recheck Cond: ((id >= 8382327) AND (id <= 8392326))
	              ->  Bitmap Index Scan on sbtest3_pkey  (cost=0.00..320.62 rows=10019 width=0)
	                    Index Cond: ((id >= 8382327) AND (id <= 8392326))

table 4 : explain SELECT DISTINCT c FROM sbtest4 WHERE id BETWEEN 6838699 AND 6848698 ORDER BY c
	Unique  (cost=36266.12..36317.34 rows=10244 width=121)
	  ->  Sort  (cost=36266.12..36291.73 rows=10244 width=121)
	        Sort Key: c
	        ->  Bitmap Heap Scan on sbtest4  (cost=333.44..35583.74 rows=10244 width=121)
	              Recheck Cond: ((id >= 6838699) AND (id <= 6848698))
	              ->  Bitmap Index Scan on sbtest4_pkey  (cost=0.00..330.88 rows=10244 width=0)
	                    Index Cond: ((id >= 6838699) AND (id <= 6848698))

table 5 : explain SELECT DISTINCT c FROM sbtest5 WHERE id BETWEEN 7436714 AND 7446713 ORDER BY c
	Unique  (cost=35841.62..35892.20 rows=10116 width=121)
	  ->  Sort  (cost=35841.62..35866.91 rows=10116 width=121)
	        Sort Key: c
	        ->  Bitmap Heap Scan on sbtest5  (cost=328.12..35168.68 rows=10116 width=121)
	              Recheck Cond: ((id >= 7436714) AND (id <= 7446713))
	              ->  Bitmap Index Scan on sbtest5_pkey  (cost=0.00..325.59 rows=10116 width=0)
	                    Index Cond: ((id >= 7436714) AND (id <= 7446713))

table 6 : explain SELECT DISTINCT c FROM sbtest6 WHERE id BETWEEN 1931629 AND 1941628 ORDER BY c
	Unique  (cost=34945.17..34994.35 rows=9836 width=121)
	  ->  Sort  (cost=34945.17..34969.76 rows=9836 width=121)
	        Sort Key: c
	        ->  Bitmap Heap Scan on sbtest6  (cost=317.25..34292.86 rows=9836 width=121)
	              Recheck Cond: ((id >= 1931629) AND (id <= 1941628))
	              ->  Bitmap Index Scan on sbtest6_pkey  (cost=0.00..314.80 rows=9836 width=0)
	                    Index Cond: ((id >= 1931629) AND (id <= 1941628))

table 7 : explain SELECT DISTINCT c FROM sbtest7 WHERE id BETWEEN 9163573 AND 9173572 ORDER BY c
	Unique  (cost=37268.29..37321.03 rows=10548 width=121)
	  ->  Sort  (cost=37268.29..37294.66 rows=10548 width=121)
	        Sort Key: c
	        ->  Bitmap Heap Scan on sbtest7  (cost=344.55..36563.43 rows=10548 width=121)
	              Recheck Cond: ((id >= 9163573) AND (id <= 9173572))
	              ->  Bitmap Index Scan on sbtest7_pkey  (cost=0.00..341.92 rows=10548 width=0)
	                    Index Cond: ((id >= 9163573) AND (id <= 9173572))

table 8 : explain SELECT DISTINCT c FROM sbtest8 WHERE id BETWEEN 7894465 AND 7904464 ORDER BY c
	Unique  (cost=36674.34..36726.17 rows=10366 width=121)
	  ->  Sort  (cost=36674.34..36700.26 rows=10366 width=121)
	        Sort Key: c
	        ->  Bitmap Heap Scan on sbtest8  (cost=334.69..35982.95 rows=10366 width=121)
	              Recheck Cond: ((id >= 7894465) AND (id <= 7904464))
	              ->  Bitmap Index Scan on sbtest8_pkey  (cost=0.00..332.09 rows=10366 width=0)
	                    Index Cond: ((id >= 7894465) AND (id <= 7904464))

for: order_ranges
table 1 : explain SELECT c FROM sbtest1 WHERE id BETWEEN 1622045 AND 1632044 ORDER BY c
	Sort  (cost=37093.38..37119.84 rows=10582 width=121)
	  Sort Key: c
	  ->  Bitmap Heap Scan on sbtest1  (cost=344.90..36386.01 rows=10582 width=121)
	        Recheck Cond: ((id >= 1622045) AND (id <= 1632044))
	        ->  Bitmap Index Scan on sbtest1_pkey  (cost=0.00..342.25 rows=10582 width=0)
	              Index Cond: ((id >= 1622045) AND (id <= 1632044))

table 2 : explain SELECT c FROM sbtest2 WHERE id BETWEEN 4223742 AND 4233741 ORDER BY c
	Sort  (cost=34521.11..34545.45 rows=9736 width=121)
	  Sort Key: c
	  ->  Bitmap Heap Scan on sbtest2  (cost=316.23..33876.14 rows=9736 width=121)
	        Recheck Cond: ((id >= 4223742) AND (id <= 4233741))
	        ->  Bitmap Index Scan on sbtest2_pkey  (cost=0.00..313.80 rows=9736 width=0)
	              Index Cond: ((id >= 4223742) AND (id <= 4233741))

table 3 : explain SELECT c FROM sbtest3 WHERE id BETWEEN 5182063 AND 5192062 ORDER BY c
	Sort  (cost=36324.58..36350.34 rows=10304 width=121)
	  Sort Key: c
	  ->  Bitmap Heap Scan on sbtest3  (cost=334.05..35637.77 rows=10304 width=121)
	        Recheck Cond: ((id >= 5182063) AND (id <= 5192062))
	        ->  Bitmap Index Scan on sbtest3_pkey  (cost=0.00..331.48 rows=10304 width=0)
	              Index Cond: ((id >= 5182063) AND (id <= 5192062))

table 4 : explain SELECT c FROM sbtest4 WHERE id BETWEEN 8967451 AND 8977450 ORDER BY c
	Sort  (cost=36531.62..36557.44 rows=10327 width=121)
	  Sort Key: c
	  ->  Bitmap Heap Scan on sbtest4  (cost=334.29..35843.11 rows=10327 width=121)
	        Recheck Cond: ((id >= 8967451) AND (id <= 8977450))
	        ->  Bitmap Index Scan on sbtest4_pkey  (cost=0.00..331.70 rows=10327 width=0)
	              Index Cond: ((id >= 8967451) AND (id <= 8977450))

table 5 : explain SELECT c FROM sbtest5 WHERE id BETWEEN 8466631 AND 8476630 ORDER BY c
	Sort  (cost=35572.23..35597.31 rows=10032 width=121)
	  Sort Key: c
	  ->  Bitmap Heap Scan on sbtest5  (cost=327.26..34905.49 rows=10032 width=121)
	        Recheck Cond: ((id >= 8466631) AND (id <= 8476630))
	        ->  Bitmap Index Scan on sbtest5_pkey  (cost=0.00..324.75 rows=10032 width=0)
	              Index Cond: ((id >= 8466631) AND (id <= 8476630))

table 6 : explain SELECT c FROM sbtest6 WHERE id BETWEEN 4428152 AND 4438151 ORDER BY c
	Sort  (cost=35679.48..35704.63 rows=10060 width=121)
	  Sort Key: c
	  ->  Bitmap Heap Scan on sbtest6  (cost=327.55..35010.67 rows=10060 width=121)
	        Recheck Cond: ((id >= 4428152) AND (id <= 4438151))
	        ->  Bitmap Index Scan on sbtest6_pkey  (cost=0.00..325.04 rows=10060 width=0)
	              Index Cond: ((id >= 4428152) AND (id <= 4438151))

table 7 : explain SELECT c FROM sbtest7 WHERE id BETWEEN 8657074 AND 8667073 ORDER BY c
	Sort  (cost=31645.72..31667.79 rows=8829 width=121)
	  Sort Key: c
	  ->  Bitmap Heap Scan on sbtest7  (cost=286.93..31067.07 rows=8829 width=121)
	        Recheck Cond: ((id >= 8657074) AND (id <= 8667073))
	        ->  Bitmap Index Scan on sbtest7_pkey  (cost=0.00..284.73 rows=8829 width=0)
	              Index Cond: ((id >= 8657074) AND (id <= 8667073))

table 8 : explain SELECT c FROM sbtest8 WHERE id BETWEEN 5401469 AND 5411468 ORDER BY c
	Sort  (cost=38482.16..38509.48 rows=10927 width=121)
	  Sort Key: c
	  ->  Bitmap Heap Scan on sbtest8  (cost=352.44..37749.20 rows=10927 width=121)
	        Recheck Cond: ((id >= 5401469) AND (id <= 5411468))
	        ->  Bitmap Index Scan on sbtest8_pkey  (cost=0.00..349.70 rows=10927 width=0)
	              Index Cond: ((id >= 5401469) AND (id <= 5411468))

for point_selects
table 1 : explain SELECT c FROM sbtest1 WHERE id=4670646
	Index Scan using sbtest1_pkey on sbtest1  (cost=0.43..8.45 rows=1 width=121)
	  Index Cond: (id = 4670646)

table 2 : explain SELECT c FROM sbtest2 WHERE id=5711109
	Index Scan using sbtest2_pkey on sbtest2  (cost=0.43..8.45 rows=1 width=121)
	  Index Cond: (id = 5711109)

table 3 : explain SELECT c FROM sbtest3 WHERE id=130279
	Index Scan using sbtest3_pkey on sbtest3  (cost=0.43..8.45 rows=1 width=121)
	  Index Cond: (id = 130279)

table 4 : explain SELECT c FROM sbtest4 WHERE id=9145916
	Index Scan using sbtest4_pkey on sbtest4  (cost=0.43..8.45 rows=1 width=121)
	  Index Cond: (id = 9145916)

table 5 : explain SELECT c FROM sbtest5 WHERE id=1575167
	Index Scan using sbtest5_pkey on sbtest5  (cost=0.43..8.45 rows=1 width=121)
	  Index Cond: (id = 1575167)

table 6 : explain SELECT c FROM sbtest6 WHERE id=9225302
	Index Scan using sbtest6_pkey on sbtest6  (cost=0.43..8.45 rows=1 width=121)
	  Index Cond: (id = 9225302)

table 7 : explain SELECT c FROM sbtest7 WHERE id=8453341
	Index Scan using sbtest7_pkey on sbtest7  (cost=0.43..8.45 rows=1 width=121)
	  Index Cond: (id = 8453341)

table 8 : explain SELECT c FROM sbtest8 WHERE id=2737006
	Index Scan using sbtest8_pkey on sbtest8  (cost=0.43..8.45 rows=1 width=121)
	  Index Cond: (id = 2737006)

explain: for point_selects :: explain SELECT c FROM sbtest%u WHERE id=%u
for: simple_ranges
table 1 : explain SELECT c FROM sbtest1 WHERE id BETWEEN 4937109 AND 4947108
	Bitmap Heap Scan on sbtest1  (cost=327.10..34614.71 rows=10016 width=121)
	  Recheck Cond: ((id >= 4937109) AND (id <= 4947108))
	  ->  Bitmap Index Scan on sbtest1_pkey  (cost=0.00..324.59 rows=10016 width=0)
	        Index Cond: ((id >= 4937109) AND (id <= 4947108))

table 2 : explain SELECT c FROM sbtest2 WHERE id BETWEEN 3024079 AND 3034078
	Bitmap Heap Scan on sbtest2  (cost=322.53..34587.95 rows=9960 width=121)
	  Recheck Cond: ((id >= 3024079) AND (id <= 3034078))
	  ->  Bitmap Index Scan on sbtest2_pkey  (cost=0.00..320.04 rows=9960 width=0)
	        Index Cond: ((id >= 3024079) AND (id <= 3034078))

table 3 : explain SELECT c FROM sbtest3 WHERE id BETWEEN 4199422 AND 4209421
	Bitmap Heap Scan on sbtest3  (cost=310.92..33435.73 rows=9608 width=121)
	  Recheck Cond: ((id >= 4199422) AND (id <= 4209421))
	  ->  Bitmap Index Scan on sbtest3_pkey  (cost=0.00..308.51 rows=9608 width=0)
	        Index Cond: ((id >= 4199422) AND (id <= 4209421))

table 4 : explain SELECT c FROM sbtest4 WHERE id BETWEEN 8525568 AND 8535567
	Bitmap Heap Scan on sbtest4  (cost=311.16..33630.92 rows=9632 width=121)
	  Recheck Cond: ((id >= 8525568) AND (id <= 8535567))
	  ->  Bitmap Index Scan on sbtest4_pkey  (cost=0.00..308.75 rows=9632 width=0)
	        Index Cond: ((id >= 8525568) AND (id <= 8535567))

table 5 : explain SELECT c FROM sbtest5 WHERE id BETWEEN 8106020 AND 8116019
	Bitmap Heap Scan on sbtest5  (cost=311.26..33655.35 rows=9641 width=121)
	  Recheck Cond: ((id >= 8106020) AND (id <= 8116019))
	  ->  Bitmap Index Scan on sbtest5_pkey  (cost=0.00..308.84 rows=9641 width=0)
	        Index Cond: ((id >= 8106020) AND (id <= 8116019))

table 6 : explain SELECT c FROM sbtest6 WHERE id BETWEEN 2422786 AND 2432785
	Bitmap Heap Scan on sbtest6  (cost=299.60..32527.57 rows=9284 width=121)
	  Recheck Cond: ((id >= 2422786) AND (id <= 2432785))
	  ->  Bitmap Index Scan on sbtest6_pkey  (cost=0.00..297.28 rows=9284 width=0)
	        Index Cond: ((id >= 2422786) AND (id <= 2432785))

table 7 : explain SELECT c FROM sbtest7 WHERE id BETWEEN 3635111 AND 3645110
	Bitmap Heap Scan on sbtest7  (cost=321.24..34303.11 rows=9835 width=121)
	  Recheck Cond: ((id >= 3635111) AND (id <= 3645110))
	  ->  Bitmap Index Scan on sbtest7_pkey  (cost=0.00..318.79 rows=9835 width=0)
	        Index Cond: ((id >= 3635111) AND (id <= 3645110))

table 8 : explain SELECT c FROM sbtest8 WHERE id BETWEEN 9494577 AND 9504576
	Bitmap Heap Scan on sbtest8  (cost=334.55..35940.83 rows=10353 width=121)
	  Recheck Cond: ((id >= 9494577) AND (id <= 9504576))
	  ->  Bitmap Index Scan on sbtest8_pkey  (cost=0.00..331.96 rows=10353 width=0)
	        Index Cond: ((id >= 9494577) AND (id <= 9504576))

for: distinct_ranges
table 1 : explain SELECT DISTINCT c FROM sbtest1 WHERE id BETWEEN 2074005 AND 2084004 ORDER BY c
	Unique  (cost=39555.72..39612.52 rows=11359 width=121)
	  ->  Sort  (cost=39555.72..39584.12 rows=11359 width=121)
	        Sort Key: c
	        ->  Bitmap Heap Scan on sbtest1  (cost=368.86..38790.61 rows=11359 width=121)
	              Recheck Cond: ((id >= 2074005) AND (id <= 2084004))
	              ->  Bitmap Index Scan on sbtest1_pkey  (cost=0.00..366.03 rows=11359 width=0)
	                    Index Cond: ((id >= 2074005) AND (id <= 2084004))

table 2 : explain SELECT DISTINCT c FROM sbtest2 WHERE id BETWEEN 7127886 AND 7137885 ORDER BY c
	Unique  (cost=32206.75..32251.89 rows=9028 width=121)
	  ->  Sort  (cost=32206.75..32229.32 rows=9028 width=121)
	        Sort Key: c
	        ->  Bitmap Heap Scan on sbtest2  (cost=292.97..31613.60 rows=9028 width=121)
	              Recheck Cond: ((id >= 7127886) AND (id <= 7137885))
	              ->  Bitmap Index Scan on sbtest2_pkey  (cost=0.00..290.71 rows=9028 width=0)
	                    Index Cond: ((id >= 7127886) AND (id <= 7137885))

table 3 : explain SELECT DISTINCT c FROM sbtest3 WHERE id BETWEEN 1369502 AND 1379501 ORDER BY c
	Unique  (cost=38399.09..38453.85 rows=10952 width=121)
	  ->  Sort  (cost=38399.09..38426.47 rows=10952 width=121)
	        Sort Key: c
	        ->  Bitmap Heap Scan on sbtest3  (cost=352.69..37664.27 rows=10952 width=121)
	              Recheck Cond: ((id >= 1369502) AND (id <= 1379501))
	              ->  Bitmap Index Scan on sbtest3_pkey  (cost=0.00..349.95 rows=10952 width=0)
	                    Index Cond: ((id >= 1369502) AND (id <= 1379501))

table 4 : explain SELECT DISTINCT c FROM sbtest4 WHERE id BETWEEN 1002419 AND 1012418 ORDER BY c
	Unique  (cost=33316.68..33363.38 rows=9340 width=121)
	  ->  Sort  (cost=33316.68..33340.03 rows=9340 width=121)
	        Sort Key: c
	        ->  Bitmap Heap Scan on sbtest4  (cost=304.17..32700.74 rows=9340 width=121)
	              Recheck Cond: ((id >= 1002419) AND (id <= 1012418))
	              ->  Bitmap Index Scan on sbtest4_pkey  (cost=0.00..301.83 rows=9340 width=0)
	                    Index Cond: ((id >= 1002419) AND (id <= 1012418))

table 5 : explain SELECT DISTINCT c FROM sbtest5 WHERE id BETWEEN 3855845 AND 3865844 ORDER BY c
	Unique  (cost=35928.04..35978.75 rows=10143 width=121)
	  ->  Sort  (cost=35928.04..35953.40 rows=10143 width=121)
	        Sort Key: c
	        ->  Bitmap Heap Scan on sbtest5  (cost=328.40..35253.11 rows=10143 width=121)
	              Recheck Cond: ((id >= 3855845) AND (id <= 3865844))
	              ->  Bitmap Index Scan on sbtest5_pkey  (cost=0.00..325.87 rows=10143 width=0)
	                    Index Cond: ((id >= 3855845) AND (id <= 3865844))

table 6 : explain SELECT DISTINCT c FROM sbtest6 WHERE id BETWEEN 5024952 AND 5034951 ORDER BY c
	Unique  (cost=35756.04..35806.46 rows=10084 width=121)
	  ->  Sort  (cost=35756.04..35781.25 rows=10084 width=121)
	        Sort Key: c
	        ->  Bitmap Heap Scan on sbtest6  (cost=327.80..35085.46 rows=10084 width=121)
	              Recheck Cond: ((id >= 5024952) AND (id <= 5034951))
	              ->  Bitmap Index Scan on sbtest6_pkey  (cost=0.00..325.28 rows=10084 width=0)
	                    Index Cond: ((id >= 5024952) AND (id <= 5034951))

table 7 : explain SELECT DISTINCT c FROM sbtest7 WHERE id BETWEEN 3704521 AND 3714520 ORDER BY c
	Unique  (cost=36321.77..36373.05 rows=10256 width=121)
	  ->  Sort  (cost=36321.77..36347.41 rows=10256 width=121)
	        Sort Key: c
	        ->  Bitmap Heap Scan on sbtest7  (cost=333.56..35638.50 rows=10256 width=121)
	              Recheck Cond: ((id >= 3704521) AND (id <= 3714520))
	              ->  Bitmap Index Scan on sbtest7_pkey  (cost=0.00..331.00 rows=10256 width=0)
	                    Index Cond: ((id >= 3704521) AND (id <= 3714520))

table 8 : explain SELECT DISTINCT c FROM sbtest8 WHERE id BETWEEN 2306666 AND 2316665 ORDER BY c
	Unique  (cost=34832.25..34881.25 rows=9800 width=121)
	  ->  Sort  (cost=34832.25..34856.75 rows=9800 width=121)
	        Sort Key: c
	        ->  Bitmap Heap Scan on sbtest8  (cost=316.88..34182.58 rows=9800 width=121)
	              Recheck Cond: ((id >= 2306666) AND (id <= 2316665))
	              ->  Bitmap Index Scan on sbtest8_pkey  (cost=0.00..314.44 rows=9800 width=0)
	                    Index Cond: ((id >= 2306666) AND (id <= 2316665))

for: sum_ranges
table 1 : explain SELECT SUM(k) FROM sbtest1 WHERE id BETWEEN 6785021 AND 6795020
	Aggregate  (cost=36358.02..36358.03 rows=1 width=8)
	  ->  Bitmap Heap Scan on sbtest1  (cost=344.72..36331.61 rows=10564 width=4)
	        Recheck Cond: ((id >= 6785021) AND (id <= 6795020))
	        ->  Bitmap Index Scan on sbtest1_pkey  (cost=0.00..342.07 rows=10564 width=0)
	              Index Cond: ((id >= 6785021) AND (id <= 6795020))

table 2 : explain SELECT SUM(k) FROM sbtest2 WHERE id BETWEEN 1070867 AND 1080866
	Aggregate  (cost=34271.15..34271.16 rows=1 width=8)
	  ->  Bitmap Heap Scan on sbtest2  (cost=317.43..34246.51 rows=9853 width=4)
	        Recheck Cond: ((id >= 1070867) AND (id <= 1080866))
	        ->  Bitmap Index Scan on sbtest2_pkey  (cost=0.00..314.96 rows=9853 width=0)
	              Index Cond: ((id >= 1070867) AND (id <= 1080866))

table 3 : explain SELECT SUM(k) FROM sbtest3 WHERE id BETWEEN 8401727 AND 8411726
	Aggregate  (cost=34763.17..34763.18 rows=1 width=8)
	  ->  Bitmap Heap Scan on sbtest3  (cost=323.13..34738.12 rows=10019 width=4)
	        Recheck Cond: ((id >= 8401727) AND (id <= 8411726))
	        ->  Bitmap Index Scan on sbtest3_pkey  (cost=0.00..320.62 rows=10019 width=0)
	              Index Cond: ((id >= 8401727) AND (id <= 8411726))

table 4 : explain SELECT SUM(k) FROM sbtest4 WHERE id BETWEEN 4766023 AND 4776022
	Aggregate  (cost=31397.18..31397.19 rows=1 width=8)
	  ->  Bitmap Heap Scan on sbtest4  (cost=291.95..31374.86 rows=8928 width=4)
	        Recheck Cond: ((id >= 4766023) AND (id <= 4776022))
	        ->  Bitmap Index Scan on sbtest4_pkey  (cost=0.00..289.71 rows=8928 width=0)
	              Index Cond: ((id >= 4766023) AND (id <= 4776022))

table 5 : explain SELECT SUM(k) FROM sbtest5 WHERE id BETWEEN 1098444 AND 1108443
	Aggregate  (cost=35532.53..35532.54 rows=1 width=8)
	  ->  Bitmap Heap Scan on sbtest5  (cost=333.21..35506.98 rows=10222 width=4)
	        Recheck Cond: ((id >= 1098444) AND (id <= 1108443))
	        ->  Bitmap Index Scan on sbtest5_pkey  (cost=0.00..330.66 rows=10222 width=0)
	              Index Cond: ((id >= 1098444) AND (id <= 1108443))

table 6 : explain SELECT SUM(k) FROM sbtest6 WHERE id BETWEEN 7684261 AND 7694260
	Aggregate  (cost=35292.82..35292.83 rows=1 width=8)
	  ->  Bitmap Heap Scan on sbtest6  (cost=328.39..35267.46 rows=10142 width=4)
	        Recheck Cond: ((id >= 7684261) AND (id <= 7694260))
	        ->  Bitmap Index Scan on sbtest6_pkey  (cost=0.00..325.86 rows=10142 width=0)
	              Index Cond: ((id >= 7684261) AND (id <= 7694260))

table 7 : explain SELECT SUM(k) FROM sbtest7 WHERE id BETWEEN 6624731 AND 6634730
	Aggregate  (cost=33414.07..33414.08 rows=1 width=8)
	  ->  Bitmap Heap Scan on sbtest7  (cost=310.32..33390.20 rows=9550 width=4)
	        Recheck Cond: ((id >= 6624731) AND (id <= 6634730))
	        ->  Bitmap Index Scan on sbtest7_pkey  (cost=0.00..307.94 rows=9550 width=0)
	              Index Cond: ((id >= 6624731) AND (id <= 6634730))

table 8 : explain SELECT SUM(k) FROM sbtest8 WHERE id BETWEEN 5476204 AND 5486203
	Aggregate  (cost=38959.21..38959.22 rows=1 width=8)
	  ->  Bitmap Heap Scan on sbtest8  (cost=368.29..38930.96 rows=11303 width=4)
	        Recheck Cond: ((id >= 5476204) AND (id <= 5486203))
	        ->  Bitmap Index Scan on sbtest8_pkey  (cost=0.00..365.46 rows=11303 width=0)
	              Index Cond: ((id >= 5476204) AND (id <= 5486203))

for: simple_ranges
table 1 : explain SELECT c FROM sbtest1 WHERE id BETWEEN 1855693 AND 1865692
	Bitmap Heap Scan on sbtest1  (cost=328.00..34891.58 rows=10104 width=121)
	  Recheck Cond: ((id >= 1855693) AND (id <= 1865692))
	  ->  Bitmap Index Scan on sbtest1_pkey  (cost=0.00..325.48 rows=10104 width=0)
	        Index Cond: ((id >= 1855693) AND (id <= 1865692))

table 2 : explain SELECT c FROM sbtest2 WHERE id BETWEEN 1262364 AND 1272363
	Bitmap Heap Scan on sbtest2  (cost=317.21..34178.34 rows=9832 width=121)
	  Recheck Cond: ((id >= 1262364) AND (id <= 1272363))
	  ->  Bitmap Index Scan on sbtest2_pkey  (cost=0.00..314.75 rows=9832 width=0)
	        Index Cond: ((id >= 1262364) AND (id <= 1272363))

table 3 : explain SELECT c FROM sbtest3 WHERE id BETWEEN 9080838 AND 9090837
	Bitmap Heap Scan on sbtest3  (cost=311.45..33601.53 rows=9660 width=121)
	  Recheck Cond: ((id >= 9080838) AND (id <= 9090837))
	  ->  Bitmap Index Scan on sbtest3_pkey  (cost=0.00..309.04 rows=9660 width=0)
	        Index Cond: ((id >= 9080838) AND (id <= 9090837))

table 4 : explain SELECT c FROM sbtest4 WHERE id BETWEEN 7820565 AND 7830564
	Bitmap Heap Scan on sbtest4  (cost=292.07..31411.12 rows=8940 width=121)
	  Recheck Cond: ((id >= 7820565) AND (id <= 7830564))
	  ->  Bitmap Index Scan on sbtest4_pkey  (cost=0.00..289.83 rows=8940 width=0)
	        Index Cond: ((id >= 7820565) AND (id <= 7830564))

table 5 : explain SELECT c FROM sbtest5 WHERE id BETWEEN 6052828 AND 6062827
	Bitmap Heap Scan on sbtest5  (cost=316.56..34060.75 rows=9768 width=121)
	  Recheck Cond: ((id >= 6052828) AND (id <= 6062827))
	  ->  Bitmap Index Scan on sbtest5_pkey  (cost=0.00..314.12 rows=9768 width=0)
	        Index Cond: ((id >= 6052828) AND (id <= 6062827))

table 6 : explain SELECT c FROM sbtest6 WHERE id BETWEEN 7897195 AND 7907194
	Bitmap Heap Scan on sbtest6  (cost=333.85..35719.42 rows=10284 width=121)
	  Recheck Cond: ((id >= 7897195) AND (id <= 7907194))
	  ->  Bitmap Index Scan on sbtest6_pkey  (cost=0.00..331.28 rows=10284 width=0)
	        Index Cond: ((id >= 7897195) AND (id <= 7907194))

table 7 : explain SELECT c FROM sbtest7 WHERE id BETWEEN 4712097 AND 4722096
	Bitmap Heap Scan on sbtest7  (cost=334.39..35894.76 rows=10337 width=121)
	  Recheck Cond: ((id >= 4712097) AND (id <= 4722096))
	  ->  Bitmap Index Scan on sbtest7_pkey  (cost=0.00..331.81 rows=10337 width=0)
	        Index Cond: ((id >= 4712097) AND (id <= 4722096))

table 8 : explain SELECT c FROM sbtest8 WHERE id BETWEEN 4548401 AND 4558400
	Bitmap Heap Scan on sbtest8  (cost=310.16..33335.56 rows=9534 width=121)
	  Recheck Cond: ((id >= 4548401) AND (id <= 4558400))
	  ->  Bitmap Index Scan on sbtest8_pkey  (cost=0.00..307.78 rows=9534 width=0)
	        Index Cond: ((id >= 4548401) AND (id <= 4558400))

for: distinct_ranges
table 1 : explain SELECT DISTINCT c FROM sbtest1 WHERE id BETWEEN 2288637 AND 2298636 ORDER BY c
	Unique  (cost=32419.43..32465.09 rows=9132 width=121)
	  ->  Sort  (cost=32419.43..32442.26 rows=9132 width=121)
	        Sort Key: c
	        ->  Bitmap Heap Scan on sbtest1  (cost=298.04..31818.70 rows=9132 width=121)
	              Recheck Cond: ((id >= 2288637) AND (id <= 2298636))
	              ->  Bitmap Index Scan on sbtest1_pkey  (cost=0.00..295.75 rows=9132 width=0)
	                    Index Cond: ((id >= 2288637) AND (id <= 2298636))

table 2 : explain SELECT DISTINCT c FROM sbtest2 WHERE id BETWEEN 873459 AND 883458 ORDER BY c
	Unique  (cost=33222.56..33269.24 rows=9337 width=121)
	  ->  Sort  (cost=33222.56..33245.90 rows=9337 width=121)
	        Sort Key: c
	        ->  Bitmap Heap Scan on sbtest2  (cost=304.14..32606.84 rows=9337 width=121)
	              Recheck Cond: ((id >= 873459) AND (id <= 883458))
	              ->  Bitmap Index Scan on sbtest2_pkey  (cost=0.00..301.81 rows=9337 width=0)
	                    Index Cond: ((id >= 873459) AND (id <= 883458))

table 3 : explain SELECT DISTINCT c FROM sbtest3 WHERE id BETWEEN 831065 AND 841064 ORDER BY c
	Unique  (cost=37811.08..37864.92 rows=10768 width=121)
	  ->  Sort  (cost=37811.08..37838.00 rows=10768 width=121)
	        Sort Key: c
	        ->  Bitmap Heap Scan on sbtest3  (cost=346.81..37089.92 rows=10768 width=121)
	              Recheck Cond: ((id >= 831065) AND (id <= 841064))
	              ->  Bitmap Index Scan on sbtest3_pkey  (cost=0.00..344.12 rows=10768 width=0)
	                    Index Cond: ((id >= 831065) AND (id <= 841064))

table 4 : explain SELECT DISTINCT c FROM sbtest4 WHERE id BETWEEN 9228715 AND 9238714 ORDER BY c
	Unique  (cost=34919.89..34969.04 rows=9831 width=121)
	  ->  Sort  (cost=34919.89..34944.46 rows=9831 width=121)
	        Sort Key: c
	        ->  Bitmap Heap Scan on sbtest4  (cost=317.20..34267.94 rows=9831 width=121)
	              Recheck Cond: ((id >= 9228715) AND (id <= 9238714))
	              ->  Bitmap Index Scan on sbtest4_pkey  (cost=0.00..314.75 rows=9831 width=0)
	                    Index Cond: ((id >= 9228715) AND (id <= 9238714))

table 5 : explain SELECT DISTINCT c FROM sbtest5 WHERE id BETWEEN 2424741 AND 2434740 ORDER BY c
	Unique  (cost=35831.66..35882.22 rows=10113 width=121)
	  ->  Sort  (cost=35831.66..35856.94 rows=10113 width=121)
	        Sort Key: c
	        ->  Bitmap Heap Scan on sbtest5  (cost=328.09..35158.94 rows=10113 width=121)
	              Recheck Cond: ((id >= 2424741) AND (id <= 2434740))
	              ->  Bitmap Index Scan on sbtest5_pkey  (cost=0.00..325.56 rows=10113 width=0)
	                    Index Cond: ((id >= 2424741) AND (id <= 2434740))

table 6 : explain SELECT DISTINCT c FROM sbtest6 WHERE id BETWEEN 6735650 AND 6745649 ORDER BY c
	Unique  (cost=36656.89..36708.70 rows=10362 width=121)
	  ->  Sort  (cost=36656.89..36682.80 rows=10362 width=121)
	        Sort Key: c
	        ->  Bitmap Heap Scan on sbtest6  (cost=334.65..35965.80 rows=10362 width=121)
	              Recheck Cond: ((id >= 6735650) AND (id <= 6745649))
	              ->  Bitmap Index Scan on sbtest6_pkey  (cost=0.00..332.06 rows=10362 width=0)
	                    Index Cond: ((id >= 6735650) AND (id <= 6745649))

table 7 : explain SELECT DISTINCT c FROM sbtest7 WHERE id BETWEEN 1205457 AND 1215456 ORDER BY c
	Unique  (cost=35879.00..35929.60 rows=10120 width=121)
	  ->  Sort  (cost=35879.00..35904.30 rows=10120 width=121)
	        Sort Key: c
	        ->  Bitmap Heap Scan on sbtest7  (cost=328.16..35205.77 rows=10120 width=121)
	              Recheck Cond: ((id >= 1205457) AND (id <= 1215456))
	              ->  Bitmap Index Scan on sbtest7_pkey  (cost=0.00..325.63 rows=10120 width=0)
	                    Index Cond: ((id >= 1205457) AND (id <= 1215456))

table 8 : explain SELECT DISTINCT c FROM sbtest8 WHERE id BETWEEN 8516838 AND 8526837 ORDER BY c
	Unique  (cost=35049.72..35099.04 rows=9865 width=121)
	  ->  Sort  (cost=35049.72..35074.38 rows=9865 width=121)
	        Sort Key: c
	        ->  Bitmap Heap Scan on sbtest8  (cost=321.55..34395.27 rows=9865 width=121)
	              Recheck Cond: ((id >= 8516838) AND (id <= 8526837))
	              ->  Bitmap Index Scan on sbtest8_pkey  (cost=0.00..319.08 rows=9865 width=0)
	                    Index Cond: ((id >= 8516838) AND (id <= 8526837))

explain: for point_selects :: explain SELECT c FROM sbtest%u WHERE id=%u
for: simple_ranges
table 1 : explain SELECT c FROM sbtest1 WHERE id BETWEEN 6351063 AND 6361062
	Bitmap Heap Scan on sbtest1  (cost=309.54..32905.75 rows=9474 width=121)
	  Recheck Cond: ((id >= 6351063) AND (id <= 6361062))
	  ->  Bitmap Index Scan on sbtest1_pkey  (cost=0.00..307.18 rows=9474 width=0)
	        Index Cond: ((id >= 6351063) AND (id <= 6361062))

table 2 : explain SELECT c FROM sbtest2 WHERE id BETWEEN 5688405 AND 5698404
	Bitmap Heap Scan on sbtest2  (cost=316.34..33911.89 rows=9747 width=121)
	  Recheck Cond: ((id >= 5688405) AND (id <= 5698404))
	  ->  Bitmap Index Scan on sbtest2_pkey  (cost=0.00..313.91 rows=9747 width=0)
	        Index Cond: ((id >= 5688405) AND (id <= 5698404))

table 3 : explain SELECT c FROM sbtest3 WHERE id BETWEEN 5743613 AND 5753612
	Bitmap Heap Scan on sbtest3  (cost=305.77..33080.24 rows=9496 width=121)
	  Recheck Cond: ((id >= 5743613) AND (id <= 5753612))
	  ->  Bitmap Index Scan on sbtest3_pkey  (cost=0.00..303.40 rows=9496 width=0)
	        Index Cond: ((id >= 5743613) AND (id <= 5753612))

table 4 : explain SELECT c FROM sbtest4 WHERE id BETWEEN 9675580 AND 9685579
	Bitmap Heap Scan on sbtest4  (cost=350.64..37186.94 rows=10752 width=121)
	  Recheck Cond: ((id >= 9675580) AND (id <= 9685579))
	  ->  Bitmap Index Scan on sbtest4_pkey  (cost=0.00..347.95 rows=10752 width=0)
	        Index Cond: ((id >= 9675580) AND (id <= 9685579))

table 5 : explain SELECT c FROM sbtest5 WHERE id BETWEEN 5227934 AND 5237933
	Bitmap Heap Scan on sbtest5  (cost=305.29..33039.96 rows=9449 width=121)
	  Recheck Cond: ((id >= 5227934) AND (id <= 5237933))
	  ->  Bitmap Index Scan on sbtest5_pkey  (cost=0.00..302.93 rows=9449 width=0)
	        Index Cond: ((id >= 5227934) AND (id <= 5237933))

table 6 : explain SELECT c FROM sbtest6 WHERE id BETWEEN 9273214 AND 9283213
	Bitmap Heap Scan on sbtest6  (cost=340.18..36439.28 rows=10512 width=121)
	  Recheck Cond: ((id >= 9273214) AND (id <= 9283213))
	  ->  Bitmap Index Scan on sbtest6_pkey  (cost=0.00..337.56 rows=10512 width=0)
	        Index Cond: ((id >= 9273214) AND (id <= 9283213))

table 7 : explain SELECT c FROM sbtest7 WHERE id BETWEEN 6171752 AND 6181751
	Bitmap Heap Scan on sbtest7  (cost=315.51..33760.47 rows=9666 width=121)
	  Recheck Cond: ((id >= 6171752) AND (id <= 6181751))
	  ->  Bitmap Index Scan on sbtest7_pkey  (cost=0.00..313.09 rows=9666 width=0)
	        Index Cond: ((id >= 6171752) AND (id <= 6181751))

table 8 : explain SELECT c FROM sbtest8 WHERE id BETWEEN 3092072 AND 3102071
	Bitmap Heap Scan on sbtest8  (cost=305.46..33115.48 rows=9466 width=121)
	  Recheck Cond: ((id >= 3092072) AND (id <= 3102071))
	  ->  Bitmap Index Scan on sbtest8_pkey  (cost=0.00..303.09 rows=9466 width=0)
	        Index Cond: ((id >= 3092072) AND (id <= 3102071))

for point_selects
table 1 : explain SELECT c FROM sbtest1 WHERE id=4906202
	Index Scan using sbtest1_pkey on sbtest1  (cost=0.43..8.45 rows=1 width=121)
	  Index Cond: (id = 4906202)

table 2 : explain SELECT c FROM sbtest2 WHERE id=1754252
	Index Scan using sbtest2_pkey on sbtest2  (cost=0.43..8.45 rows=1 width=121)
	  Index Cond: (id = 1754252)

table 3 : explain SELECT c FROM sbtest3 WHERE id=1363538
	Index Scan using sbtest3_pkey on sbtest3  (cost=0.43..8.45 rows=1 width=121)
	  Index Cond: (id = 1363538)

table 4 : explain SELECT c FROM sbtest4 WHERE id=6565860
	Index Scan using sbtest4_pkey on sbtest4  (cost=0.43..8.45 rows=1 width=121)
	  Index Cond: (id = 6565860)

table 5 : explain SELECT c FROM sbtest5 WHERE id=294924
	Index Scan using sbtest5_pkey on sbtest5  (cost=0.43..8.45 rows=1 width=121)
	  Index Cond: (id = 294924)

table 6 : explain SELECT c FROM sbtest6 WHERE id=355086
	Index Scan using sbtest6_pkey on sbtest6  (cost=0.43..8.45 rows=1 width=121)
	  Index Cond: (id = 355086)

table 7 : explain SELECT c FROM sbtest7 WHERE id=537729
	Index Scan using sbtest7_pkey on sbtest7  (cost=0.43..8.45 rows=1 width=121)
	  Index Cond: (id = 537729)

table 8 : explain SELECT c FROM sbtest8 WHERE id=4551864
	Index Scan using sbtest8_pkey on sbtest8  (cost=0.43..8.45 rows=1 width=121)
	  Index Cond: (id = 4551864)

for point_selects
table 1 : explain SELECT c FROM sbtest1 WHERE id=4396891
	Index Scan using sbtest1_pkey on sbtest1  (cost=0.43..8.45 rows=1 width=121)
	  Index Cond: (id = 4396891)

table 2 : explain SELECT c FROM sbtest2 WHERE id=6975228
	Index Scan using sbtest2_pkey on sbtest2  (cost=0.43..8.45 rows=1 width=121)
	  Index Cond: (id = 6975228)

table 3 : explain SELECT c FROM sbtest3 WHERE id=7936323
	Index Scan using sbtest3_pkey on sbtest3  (cost=0.43..8.45 rows=1 width=121)
	  Index Cond: (id = 7936323)

table 4 : explain SELECT c FROM sbtest4 WHERE id=5671660
	Index Scan using sbtest4_pkey on sbtest4  (cost=0.43..8.45 rows=1 width=121)
	  Index Cond: (id = 5671660)

table 5 : explain SELECT c FROM sbtest5 WHERE id=4300600
	Index Scan using sbtest5_pkey on sbtest5  (cost=0.43..8.45 rows=1 width=121)
	  Index Cond: (id = 4300600)

table 6 : explain SELECT c FROM sbtest6 WHERE id=1377251
	Index Scan using sbtest6_pkey on sbtest6  (cost=0.43..8.45 rows=1 width=121)
	  Index Cond: (id = 1377251)

table 7 : explain SELECT c FROM sbtest7 WHERE id=1349584
	Index Scan using sbtest7_pkey on sbtest7  (cost=0.43..8.45 rows=1 width=121)
	  Index Cond: (id = 1349584)

table 8 : explain SELECT c FROM sbtest8 WHERE id=5522232
	Index Scan using sbtest8_pkey on sbtest8  (cost=0.43..8.45 rows=1 width=121)
	  Index Cond: (id = 5522232)

for: sum_ranges
table 1 : explain SELECT SUM(k) FROM sbtest1 WHERE id BETWEEN 1383960 AND 1393959
	Aggregate  (cost=34229.16..34229.17 rows=1 width=8)
	  ->  Bitmap Heap Scan on sbtest1  (cost=321.76..34204.45 rows=9885 width=4)
	        Recheck Cond: ((id >= 1383960) AND (id <= 1393959))
	        ->  Bitmap Index Scan on sbtest1_pkey  (cost=0.00..319.29 rows=9885 width=0)
	              Index Cond: ((id >= 1383960) AND (id <= 1393959))

table 2 : explain SELECT SUM(k) FROM sbtest2 WHERE id BETWEEN 5495529 AND 5505528
	Aggregate  (cost=36455.30..36455.31 rows=1 width=8)
	  ->  Bitmap Heap Scan on sbtest2  (cost=340.52..36428.93 rows=10545 width=4)
	        Recheck Cond: ((id >= 5495529) AND (id <= 5505528))
	        ->  Bitmap Index Scan on sbtest2_pkey  (cost=0.00..337.88 rows=10545 width=0)
	              Index Cond: ((id >= 5495529) AND (id <= 5505528))

table 3 : explain SELECT SUM(k) FROM sbtest3 WHERE id BETWEEN 9470062 AND 9480061
	Aggregate  (cost=36334.81..36334.82 rows=1 width=8)
	  ->  Bitmap Heap Scan on sbtest3  (cost=340.23..36308.52 rows=10517 width=4)
	        Recheck Cond: ((id >= 9470062) AND (id <= 9480061))
	        ->  Bitmap Index Scan on sbtest3_pkey  (cost=0.00..337.61 rows=10517 width=0)
	              Index Cond: ((id >= 9470062) AND (id <= 9480061))

table 4 : explain SELECT SUM(k) FROM sbtest4 WHERE id BETWEEN 7713559 AND 7723558
	Aggregate  (cost=34289.25..34289.26 rows=1 width=8)
	  ->  Bitmap Heap Scan on sbtest4  (cost=317.19..34264.68 rows=9830 width=4)
	        Recheck Cond: ((id >= 7713559) AND (id <= 7723558))
	        ->  Bitmap Index Scan on sbtest4_pkey  (cost=0.00..314.74 rows=9830 width=0)
	              Index Cond: ((id >= 7713559) AND (id <= 7723558))

table 5 : explain SELECT SUM(k) FROM sbtest5 WHERE id BETWEEN 3228691 AND 3238690
	Aggregate  (cost=35805.09..35805.10 rows=1 width=8)
	  ->  Bitmap Heap Scan on sbtest5  (cost=334.10..35779.32 rows=10309 width=4)
	        Recheck Cond: ((id >= 3228691) AND (id <= 3238690))
	        ->  Bitmap Index Scan on sbtest5_pkey  (cost=0.00..331.53 rows=10309 width=0)
	              Index Cond: ((id >= 3228691) AND (id <= 3238690))

table 6 : explain SELECT SUM(k) FROM sbtest6 WHERE id BETWEEN 2466342 AND 2476341
	Aggregate  (cost=32550.78..32550.79 rows=1 width=8)
	  ->  Bitmap Heap Scan on sbtest6  (cost=299.60..32527.57 rows=9284 width=4)
	        Recheck Cond: ((id >= 2466342) AND (id <= 2476341))
	        ->  Bitmap Index Scan on sbtest6_pkey  (cost=0.00..297.28 rows=9284 width=0)
	              Index Cond: ((id >= 2466342) AND (id <= 2476341))

table 7 : explain SELECT SUM(k) FROM sbtest7 WHERE id BETWEEN 7831504 AND 7841503
	Aggregate  (cost=36148.41..36148.42 rows=1 width=8)
	  ->  Bitmap Heap Scan on sbtest7  (cost=339.12..36122.39 rows=10408 width=4)
	        Recheck Cond: ((id >= 7831504) AND (id <= 7841503))
	        ->  Bitmap Index Scan on sbtest7_pkey  (cost=0.00..336.51 rows=10408 width=0)
	              Index Cond: ((id >= 7831504) AND (id <= 7841503))

table 8 : explain SELECT SUM(k) FROM sbtest8 WHERE id BETWEEN 7874296 AND 7884295
	Aggregate  (cost=36008.87..36008.88 rows=1 width=8)
	  ->  Bitmap Heap Scan on sbtest8  (cost=334.69..35982.95 rows=10366 width=4)
	        Recheck Cond: ((id >= 7874296) AND (id <= 7884295))
	        ->  Bitmap Index Scan on sbtest8_pkey  (cost=0.00..332.09 rows=10366 width=0)
	              Index Cond: ((id >= 7874296) AND (id <= 7884295))

for: order_ranges
table 1 : explain SELECT c FROM sbtest1 WHERE id BETWEEN 8547075 AND 8557074 ORDER BY c
	Sort  (cost=34682.05..34706.62 rows=9830 width=121)
	  Sort Key: c
	  ->  Bitmap Heap Scan on sbtest1  (cost=321.19..34030.17 rows=9830 width=121)
	        Recheck Cond: ((id >= 8547075) AND (id <= 8557074))
	        ->  Bitmap Index Scan on sbtest1_pkey  (cost=0.00..318.74 rows=9830 width=0)
	              Index Cond: ((id >= 8547075) AND (id <= 8557074))

table 2 : explain SELECT c FROM sbtest2 WHERE id BETWEEN 664503 AND 674502 ORDER BY c
	Sort  (cost=34564.31..34588.69 rows=9749 width=121)
	  Sort Key: c
	  ->  Bitmap Heap Scan on sbtest2  (cost=316.36..33918.39 rows=9749 width=121)
	        Recheck Cond: ((id >= 664503) AND (id <= 674502))
	        ->  Bitmap Index Scan on sbtest2_pkey  (cost=0.00..313.93 rows=9749 width=0)
	              Index Cond: ((id >= 664503) AND (id <= 674502))

table 3 : explain SELECT c FROM sbtest3 WHERE id BETWEEN 968913 AND 978912 ORDER BY c
	Sort  (cost=37304.76..37331.28 rows=10608 width=121)
	  Sort Key: c
	  ->  Bitmap Heap Scan on sbtest3  (cost=345.17..36595.47 rows=10608 width=121)
	        Recheck Cond: ((id >= 968913) AND (id <= 978912))
	        ->  Bitmap Index Scan on sbtest3_pkey  (cost=0.00..342.51 rows=10608 width=0)
	              Index Cond: ((id >= 968913) AND (id <= 978912))

table 4 : explain SELECT c FROM sbtest4 WHERE id BETWEEN 7836058 AND 7846057 ORDER BY c
	Sort  (cost=32621.08..32643.90 rows=9129 width=121)
	  Sort Key: c
	  ->  Bitmap Heap Scan on sbtest4  (cost=298.01..32020.57 rows=9129 width=121)
	        Recheck Cond: ((id >= 7836058) AND (id <= 7846057))
	        ->  Bitmap Index Scan on sbtest4_pkey  (cost=0.00..295.73 rows=9129 width=0)
	              Index Cond: ((id >= 7836058) AND (id <= 7846057))

table 5 : explain SELECT c FROM sbtest5 WHERE id BETWEEN 2469156 AND 2479155 ORDER BY c
	Sort  (cost=35831.66..35856.94 rows=10113 width=121)
	  Sort Key: c
	  ->  Bitmap Heap Scan on sbtest5  (cost=328.09..35158.94 rows=10113 width=121)
	        Recheck Cond: ((id >= 2469156) AND (id <= 2479155))
	        ->  Bitmap Index Scan on sbtest5_pkey  (cost=0.00..325.56 rows=10113 width=0)
	              Index Cond: ((id >= 2469156) AND (id <= 2479155))

table 6 : explain SELECT c FROM sbtest6 WHERE id BETWEEN 6264879 AND 6274878 ORDER BY c
	Sort  (cost=38467.75..38495.06 rows=10924 width=121)
	  Sort Key: c
	  ->  Bitmap Heap Scan on sbtest6  (cost=352.41..37735.01 rows=10924 width=121)
	        Recheck Cond: ((id >= 6264879) AND (id <= 6274878))
	        ->  Bitmap Index Scan on sbtest6_pkey  (cost=0.00..349.68 rows=10924 width=0)
	              Index Cond: ((id >= 6264879) AND (id <= 6274878))

table 7 : explain SELECT c FROM sbtest7 WHERE id BETWEEN 3120095 AND 3130094 ORDER BY c
	Sort  (cost=36962.82..36988.95 rows=10454 width=121)
	  Sort Key: c
	  ->  Bitmap Heap Scan on sbtest7  (cost=339.59..36264.92 rows=10454 width=121)
	        Recheck Cond: ((id >= 3120095) AND (id <= 3130094))
	        ->  Bitmap Index Scan on sbtest7_pkey  (cost=0.00..336.98 rows=10454 width=0)
	              Index Cond: ((id >= 3120095) AND (id <= 3130094))

table 8 : explain SELECT c FROM sbtest8 WHERE id BETWEEN 9665885 AND 9675884 ORDER BY c
	Sort  (cost=36372.31..36397.99 rows=10272 width=121)
	  Sort Key: c
	  ->  Bitmap Heap Scan on sbtest8  (cost=333.72..35687.86 rows=10272 width=121)
	        Recheck Cond: ((id >= 9665885) AND (id <= 9675884))
	        ->  Bitmap Index Scan on sbtest8_pkey  (cost=0.00..331.16 rows=10272 width=0)
	              Index Cond: ((id >= 9665885) AND (id <= 9675884))

for: sum_ranges
table 1 : explain SELECT SUM(k) FROM sbtest1 WHERE id BETWEEN 3837017 AND 3847016
	Aggregate  (cost=38554.70..38554.71 rows=1 width=8)
	  ->  Bitmap Heap Scan on sbtest1  (cost=363.99..38526.52 rows=11274 width=4)
	        Recheck Cond: ((id >= 3837017) AND (id <= 3847016))
	        ->  Bitmap Index Scan on sbtest1_pkey  (cost=0.00..361.18 rows=11274 width=0)
	              Index Cond: ((id >= 3837017) AND (id <= 3847016))

table 2 : explain SELECT SUM(k) FROM sbtest2 WHERE id BETWEEN 2403418 AND 2413417
	Aggregate  (cost=35589.39..35589.40 rows=1 width=8)
	  ->  Bitmap Heap Scan on sbtest2  (cost=333.69..35563.71 rows=10269 width=4)
	        Recheck Cond: ((id >= 2403418) AND (id <= 2413417))
	        ->  Bitmap Index Scan on sbtest2_pkey  (cost=0.00..331.12 rows=10269 width=0)
	              Index Cond: ((id >= 2403418) AND (id <= 2413417))

table 3 : explain SELECT SUM(k) FROM sbtest3 WHERE id BETWEEN 5388815 AND 5398814
	Aggregate  (cost=33440.20..33440.21 rows=1 width=8)
	  ->  Bitmap Heap Scan on sbtest3  (cost=310.85..33416.20 rows=9601 width=4)
	        Recheck Cond: ((id >= 5388815) AND (id <= 5398814))
	        ->  Bitmap Index Scan on sbtest3_pkey  (cost=0.00..308.44 rows=9601 width=0)
	              Index Cond: ((id >= 5388815) AND (id <= 5398814))

table 4 : explain SELECT SUM(k) FROM sbtest4 WHERE id BETWEEN 658858 AND 668857
	Aggregate  (cost=37297.72..37297.73 rows=1 width=8)
	  ->  Bitmap Heap Scan on sbtest4  (cost=350.92..37270.77 rows=10779 width=4)
	        Recheck Cond: ((id >= 658858) AND (id <= 668857))
	        ->  Bitmap Index Scan on sbtest4_pkey  (cost=0.00..348.23 rows=10779 width=0)
	              Index Cond: ((id >= 658858) AND (id <= 668857))

table 5 : explain SELECT SUM(k) FROM sbtest5 WHERE id BETWEEN 3053760 AND 3063759
	Aggregate  (cost=35629.90..35629.91 rows=1 width=8)
	  ->  Bitmap Heap Scan on sbtest5  (cost=333.53..35604.27 rows=10253 width=4)
	        Recheck Cond: ((id >= 3053760) AND (id <= 3063759))
	        ->  Bitmap Index Scan on sbtest5_pkey  (cost=0.00..330.96 rows=10253 width=0)
	              Index Cond: ((id >= 3053760) AND (id <= 3063759))

table 6 : explain SELECT SUM(k) FROM sbtest6 WHERE id BETWEEN 5996130 AND 6006129
	Aggregate  (cost=31648.64..31648.65 rows=1 width=8)
	  ->  Bitmap Heap Scan on sbtest6  (cost=292.73..31626.13 rows=9004 width=4)
	        Recheck Cond: ((id >= 5996130) AND (id <= 6006129))
	        ->  Bitmap Index Scan on sbtest6_pkey  (cost=0.00..290.48 rows=9004 width=0)
	              Index Cond: ((id >= 5996130) AND (id <= 6006129))

table 7 : explain SELECT SUM(k) FROM sbtest7 WHERE id BETWEEN 861543 AND 871542
	Aggregate  (cost=36203.54..36203.55 rows=1 width=8)
	  ->  Bitmap Heap Scan on sbtest7  (cost=339.30..36177.48 rows=10426 width=4)
	        Recheck Cond: ((id >= 861543) AND (id <= 871542))
	        ->  Bitmap Index Scan on sbtest7_pkey  (cost=0.00..336.69 rows=10426 width=0)
	              Index Cond: ((id >= 861543) AND (id <= 871542))

table 8 : explain SELECT SUM(k) FROM sbtest8 WHERE id BETWEEN 1313969 AND 1323968
	Aggregate  (cost=35199.30..35199.31 rows=1 width=8)
	  ->  Bitmap Heap Scan on sbtest8  (cost=328.07..35174.02 rows=10111 width=4)
	        Recheck Cond: ((id >= 1313969) AND (id <= 1323968))
	        ->  Bitmap Index Scan on sbtest8_pkey  (cost=0.00..325.55 rows=10111 width=0)
	              Index Cond: ((id >= 1313969) AND (id <= 1323968))

for: simple_ranges
table 1 : explain SELECT c FROM sbtest1 WHERE id BETWEEN 3947812 AND 3957811
	Bitmap Heap Scan on sbtest1  (cost=339.11..35840.73 rows=10407 width=121)
	  Recheck Cond: ((id >= 3947812) AND (id <= 3957811))
	  ->  Bitmap Index Scan on sbtest1_pkey  (cost=0.00..336.50 rows=10407 width=0)
	        Index Cond: ((id >= 3947812) AND (id <= 3957811))

table 2 : explain SELECT c FROM sbtest2 WHERE id BETWEEN 2887894 AND 2897893
	Bitmap Heap Scan on sbtest2  (cost=316.04..33820.85 rows=9718 width=121)
	  Recheck Cond: ((id >= 2887894) AND (id <= 2897893))
	  ->  Bitmap Index Scan on sbtest2_pkey  (cost=0.00..313.62 rows=9718 width=0)
	        Index Cond: ((id >= 2887894) AND (id <= 2897893))

table 3 : explain SELECT c FROM sbtest3 WHERE id BETWEEN 7272715 AND 7282714
	Bitmap Heap Scan on sbtest3  (cost=293.75..31828.47 rows=9104 width=121)
	  Recheck Cond: ((id >= 7272715) AND (id <= 7282714))
	  ->  Bitmap Index Scan on sbtest3_pkey  (cost=0.00..291.48 rows=9104 width=0)
	        Index Cond: ((id >= 7272715) AND (id <= 7282714))

table 4 : explain SELECT c FROM sbtest4 WHERE id BETWEEN 2186422 AND 2196421
	Bitmap Heap Scan on sbtest4  (cost=299.59..32513.11 rows=9283 width=121)
	  Recheck Cond: ((id >= 2186422) AND (id <= 2196421))
	  ->  Bitmap Index Scan on sbtest4_pkey  (cost=0.00..297.26 rows=9283 width=0)
	        Index Cond: ((id >= 2186422) AND (id <= 2196421))

table 5 : explain SELECT c FROM sbtest5 WHERE id BETWEEN 263848 AND 273847
	Bitmap Heap Scan on sbtest5  (cost=346.54..37144.88 rows=10742 width=121)
	  Recheck Cond: ((id >= 263848) AND (id <= 273847))
	  ->  Bitmap Index Scan on sbtest5_pkey  (cost=0.00..343.86 rows=10742 width=0)
	        Index Cond: ((id >= 263848) AND (id <= 273847))

table 6 : explain SELECT c FROM sbtest6 WHERE id BETWEEN 801974 AND 811973
	Bitmap Heap Scan on sbtest6  (cost=334.57..35943.12 rows=10355 width=121)
	  Recheck Cond: ((id >= 801974) AND (id <= 811973))
	  ->  Bitmap Index Scan on sbtest6_pkey  (cost=0.00..331.99 rows=10355 width=0)
	        Index Cond: ((id >= 801974) AND (id <= 811973))

table 7 : explain SELECT c FROM sbtest7 WHERE id BETWEEN 6118294 AND 6128293
	Bitmap Heap Scan on sbtest7  (cost=315.51..33760.47 rows=9666 width=121)
	  Recheck Cond: ((id >= 6118294) AND (id <= 6128293))
	  ->  Bitmap Index Scan on sbtest7_pkey  (cost=0.00..313.09 rows=9666 width=0)
	        Index Cond: ((id >= 6118294) AND (id <= 6128293))

table 8 : explain SELECT c FROM sbtest8 WHERE id BETWEEN 5465618 AND 5475617
	Bitmap Heap Scan on sbtest8  (cost=368.29..38930.96 rows=11303 width=121)
	  Recheck Cond: ((id >= 5465618) AND (id <= 5475617))
	  ->  Bitmap Index Scan on sbtest8_pkey  (cost=0.00..365.46 rows=11303 width=0)
	        Index Cond: ((id >= 5465618) AND (id <= 5475617))

for: simple_ranges
table 1 : explain SELECT c FROM sbtest1 WHERE id BETWEEN 4699603 AND 4709602
	Bitmap Heap Scan on sbtest1  (cost=299.53..32280.78 rows=9278 width=121)
	  Recheck Cond: ((id >= 4699603) AND (id <= 4709602))
	  ->  Bitmap Index Scan on sbtest1_pkey  (cost=0.00..297.21 rows=9278 width=0)
	        Index Cond: ((id >= 4699603) AND (id <= 4709602))

table 2 : explain SELECT c FROM sbtest2 WHERE id BETWEEN 7183014 AND 7193013
	Bitmap Heap Scan on sbtest2  (cost=321.92..34399.83 rows=9901 width=121)
	  Recheck Cond: ((id >= 7183014) AND (id <= 7193013))
	  ->  Bitmap Index Scan on sbtest2_pkey  (cost=0.00..319.44 rows=9901 width=0)
	        Index Cond: ((id >= 7183014) AND (id <= 7193013))

table 3 : explain SELECT c FROM sbtest3 WHERE id BETWEEN 7795500 AND 7805499
	Bitmap Heap Scan on sbtest3  (cost=323.44..34831.96 rows=10049 width=121)
	  Recheck Cond: ((id >= 7795500) AND (id <= 7805499))
	  ->  Bitmap Index Scan on sbtest3_pkey  (cost=0.00..320.93 rows=10049 width=0)
	        Index Cond: ((id >= 7795500) AND (id <= 7805499))

table 4 : explain SELECT c FROM sbtest4 WHERE id BETWEEN 3772466 AND 3782465
	Bitmap Heap Scan on sbtest4  (cost=345.15..36727.86 rows=10606 width=121)
	  Recheck Cond: ((id >= 3772466) AND (id <= 3782465))
	  ->  Bitmap Index Scan on sbtest4_pkey  (cost=0.00..342.50 rows=10606 width=0)
	        Index Cond: ((id >= 3772466) AND (id <= 3782465))

table 5 : explain SELECT c FROM sbtest5 WHERE id BETWEEN 3750427 AND 3760426
	Bitmap Heap Scan on sbtest5  (cost=350.73..37203.70 rows=10760 width=121)
	  Recheck Cond: ((id >= 3750427) AND (id <= 3760426))
	  ->  Bitmap Index Scan on sbtest5_pkey  (cost=0.00..348.04 rows=10760 width=0)
	        Index Cond: ((id >= 3750427) AND (id <= 3760426))

table 6 : explain SELECT c FROM sbtest6 WHERE id BETWEEN 6985925 AND 6995924
	Bitmap Heap Scan on sbtest6  (cost=327.88..35111.46 rows=10092 width=121)
	  Recheck Cond: ((id >= 6985925) AND (id <= 6995924))
	  ->  Bitmap Index Scan on sbtest6_pkey  (cost=0.00..325.36 rows=10092 width=0)
	        Index Cond: ((id >= 6985925) AND (id <= 6995924))

table 7 : explain SELECT c FROM sbtest7 WHERE id BETWEEN 8774696 AND 8784695
	Bitmap Heap Scan on sbtest7  (cost=316.09..33940.13 rows=9722 width=121)
	  Recheck Cond: ((id >= 8774696) AND (id <= 8784695))
	  ->  Bitmap Index Scan on sbtest7_pkey  (cost=0.00..313.66 rows=9722 width=0)
	        Index Cond: ((id >= 8774696) AND (id <= 8784695))

table 8 : explain SELECT c FROM sbtest8 WHERE id BETWEEN 3937938 AND 3947937
	Bitmap Heap Scan on sbtest8  (cost=345.30..36790.31 rows=10621 width=121)
	  Recheck Cond: ((id >= 3937938) AND (id <= 3947937))
	  ->  Bitmap Index Scan on sbtest8_pkey  (cost=0.00..342.65 rows=10621 width=0)
	        Index Cond: ((id >= 3937938) AND (id <= 3947937))

for point_selects
table 1 : explain SELECT c FROM sbtest1 WHERE id=8398620
	Index Scan using sbtest1_pkey on sbtest1  (cost=0.43..8.45 rows=1 width=121)
	  Index Cond: (id = 8398620)

table 2 : explain SELECT c FROM sbtest2 WHERE id=6439982
	Index Scan using sbtest2_pkey on sbtest2  (cost=0.43..8.45 rows=1 width=121)
	  Index Cond: (id = 6439982)

table 3 : explain SELECT c FROM sbtest3 WHERE id=9767533
	Index Scan using sbtest3_pkey on sbtest3  (cost=0.43..8.45 rows=1 width=121)
	  Index Cond: (id = 9767533)

table 4 : explain SELECT c FROM sbtest4 WHERE id=5827868
	Index Scan using sbtest4_pkey on sbtest4  (cost=0.43..8.45 rows=1 width=121)
	  Index Cond: (id = 5827868)

table 5 : explain SELECT c FROM sbtest5 WHERE id=7599881
	Index Scan using sbtest5_pkey on sbtest5  (cost=0.43..8.45 rows=1 width=121)
	  Index Cond: (id = 7599881)

table 6 : explain SELECT c FROM sbtest6 WHERE id=2725102
	Index Scan using sbtest6_pkey on sbtest6  (cost=0.43..8.45 rows=1 width=121)
	  Index Cond: (id = 2725102)

table 7 : explain SELECT c FROM sbtest7 WHERE id=3692353
	Index Scan using sbtest7_pkey on sbtest7  (cost=0.43..8.45 rows=1 width=121)
	  Index Cond: (id = 3692353)

table 8 : explain SELECT c FROM sbtest8 WHERE id=4812896
	Index Scan using sbtest8_pkey on sbtest8  (cost=0.43..8.45 rows=1 width=121)
	  Index Cond: (id = 4812896)

for: sum_ranges
table 1 : explain SELECT SUM(k) FROM sbtest1 WHERE id BETWEEN 2272299 AND 2282298
	Aggregate  (cost=36091.28..36091.29 rows=1 width=8)
	  ->  Bitmap Heap Scan on sbtest1  (cost=339.86..36065.08 rows=10480 width=4)
	        Recheck Cond: ((id >= 2272299) AND (id <= 2282298))
	        ->  Bitmap Index Scan on sbtest1_pkey  (cost=0.00..337.24 rows=10480 width=0)
	              Index Cond: ((id >= 2272299) AND (id <= 2282298))

table 2 : explain SELECT SUM(k) FROM sbtest2 WHERE id BETWEEN 3947588 AND 3957587
	Aggregate  (cost=35112.89..35112.90 rows=1 width=8)
	  ->  Bitmap Heap Scan on sbtest2  (cost=328.14..35087.60 rows=10118 width=4)
	        Recheck Cond: ((id >= 3947588) AND (id <= 3957587))
	        ->  Bitmap Index Scan on sbtest2_pkey  (cost=0.00..325.62 rows=10118 width=0)
	              Index Cond: ((id >= 3947588) AND (id <= 3957587))

table 3 : explain SELECT SUM(k) FROM sbtest3 WHERE id BETWEEN 9819624 AND 9829623
	Aggregate  (cost=36238.20..36238.21 rows=1 width=8)
	  ->  Bitmap Heap Scan on sbtest3  (cost=339.92..36211.99 rows=10486 width=4)
	        Recheck Cond: ((id >= 9819624) AND (id <= 9829623))
	        ->  Bitmap Index Scan on sbtest3_pkey  (cost=0.00..337.30 rows=10486 width=0)
	              Index Cond: ((id >= 9819624) AND (id <= 9829623))

table 4 : explain SELECT SUM(k) FROM sbtest4 WHERE id BETWEEN 97946 AND 107945
	Aggregate  (cost=32546.16..32546.17 rows=1 width=8)
	  ->  Bitmap Heap Scan on sbtest4  (cost=299.62..32522.95 rows=9286 width=4)
	        Recheck Cond: ((id >= 97946) AND (id <= 107945))
	        ->  Bitmap Index Scan on sbtest4_pkey  (cost=0.00..297.30 rows=9286 width=0)
	              Index Cond: ((id >= 97946) AND (id <= 107945))

table 5 : explain SELECT SUM(k) FROM sbtest5 WHERE id BETWEEN 5512813 AND 5522812
	Aggregate  (cost=32968.56..32968.57 rows=1 width=8)
	  ->  Bitmap Heap Scan on sbtest5  (cost=304.98..32945.01 rows=9419 width=4)
	        Recheck Cond: ((id >= 5512813) AND (id <= 5522812))
	        ->  Bitmap Index Scan on sbtest5_pkey  (cost=0.00..302.62 rows=9419 width=0)
	              Index Cond: ((id >= 5512813) AND (id <= 5522812))

table 6 : explain SELECT SUM(k) FROM sbtest6 WHERE id BETWEEN 6513491 AND 6523490
	Aggregate  (cost=35621.76..35621.77 rows=1 width=8)
	  ->  Bitmap Heap Scan on sbtest6  (cost=333.45..35596.14 rows=10245 width=4)
	        Recheck Cond: ((id >= 6513491) AND (id <= 6523490))
	        ->  Bitmap Index Scan on sbtest6_pkey  (cost=0.00..330.88 rows=10245 width=0)
	              Index Cond: ((id >= 6513491) AND (id <= 6523490))

table 7 : explain SELECT SUM(k) FROM sbtest7 WHERE id BETWEEN 2731143 AND 2741142
	Aggregate  (cost=33964.43..33964.44 rows=1 width=8)
	  ->  Bitmap Heap Scan on sbtest7  (cost=316.09..33940.13 rows=9722 width=4)
	        Recheck Cond: ((id >= 2731143) AND (id <= 2741142))
	        ->  Bitmap Index Scan on sbtest7_pkey  (cost=0.00..313.66 rows=9722 width=0)
	              Index Cond: ((id >= 2731143) AND (id <= 2741142))

table 8 : explain SELECT SUM(k) FROM sbtest8 WHERE id BETWEEN 1763256 AND 1773255
	Aggregate  (cost=36690.71..36690.72 rows=1 width=8)
	  ->  Bitmap Heap Scan on sbtest8  (cost=344.89..36664.25 rows=10581 width=4)
	        Recheck Cond: ((id >= 1763256) AND (id <= 1773255))
	        ->  Bitmap Index Scan on sbtest8_pkey  (cost=0.00..342.25 rows=10581 width=0)
	              Index Cond: ((id >= 1763256) AND (id <= 1773255))

for point_selects
table 1 : explain SELECT c FROM sbtest1 WHERE id=8276248
	Index Scan using sbtest1_pkey on sbtest1  (cost=0.43..8.45 rows=1 width=121)
	  Index Cond: (id = 8276248)

table 2 : explain SELECT c FROM sbtest2 WHERE id=7426868
	Index Scan using sbtest2_pkey on sbtest2  (cost=0.43..8.45 rows=1 width=121)
	  Index Cond: (id = 7426868)

table 3 : explain SELECT c FROM sbtest3 WHERE id=1923944
	Index Scan using sbtest3_pkey on sbtest3  (cost=0.43..8.45 rows=1 width=121)
	  Index Cond: (id = 1923944)

table 4 : explain SELECT c FROM sbtest4 WHERE id=1566062
	Index Scan using sbtest4_pkey on sbtest4  (cost=0.43..8.45 rows=1 width=121)
	  Index Cond: (id = 1566062)

table 5 : explain SELECT c FROM sbtest5 WHERE id=9029049
	Index Scan using sbtest5_pkey on sbtest5  (cost=0.43..8.45 rows=1 width=121)
	  Index Cond: (id = 9029049)

table 6 : explain SELECT c FROM sbtest6 WHERE id=1313338
	Index Scan using sbtest6_pkey on sbtest6  (cost=0.43..8.45 rows=1 width=121)
	  Index Cond: (id = 1313338)

table 7 : explain SELECT c FROM sbtest7 WHERE id=1999396
	Index Scan using sbtest7_pkey on sbtest7  (cost=0.43..8.45 rows=1 width=121)
	  Index Cond: (id = 1999396)

table 8 : explain SELECT c FROM sbtest8 WHERE id=858321
	Index Scan using sbtest8_pkey on sbtest8  (cost=0.43..8.45 rows=1 width=121)
	  Index Cond: (id = 858321)

for: order_ranges
table 1 : explain SELECT c FROM sbtest1 WHERE id BETWEEN 7642876 AND 7652875 ORDER BY c
	Sort  (cost=33640.99..33664.76 rows=9508 width=121)
	  Sort Key: c
	  ->  Bitmap Heap Scan on sbtest1  (cost=309.89..33012.75 rows=9508 width=121)
	        Recheck Cond: ((id >= 7642876) AND (id <= 7652875))
	        ->  Bitmap Index Scan on sbtest1_pkey  (cost=0.00..307.51 rows=9508 width=0)
	              Index Cond: ((id >= 7642876) AND (id <= 7652875))

table 2 : explain SELECT c FROM sbtest2 WHERE id BETWEEN 908315 AND 918314 ORDER BY c
	Sort  (cost=38145.32..38172.47 rows=10860 width=121)
	  Sort Key: c
	  ->  Bitmap Heap Scan on sbtest2  (cost=351.75..37417.33 rows=10860 width=121)
	        Recheck Cond: ((id >= 908315) AND (id <= 918314))
	        ->  Bitmap Index Scan on sbtest2_pkey  (cost=0.00..349.04 rows=10860 width=0)
	              Index Cond: ((id >= 908315) AND (id <= 918314))

table 3 : explain SELECT c FROM sbtest3 WHERE id BETWEEN 4296019 AND 4306018 ORDER BY c
	Sort  (cost=37587.59..37614.33 rows=10697 width=121)
	  Sort Key: c
	  ->  Bitmap Heap Scan on sbtest3  (cost=346.08..36871.69 rows=10697 width=121)
	        Recheck Cond: ((id >= 4296019) AND (id <= 4306018))
	        ->  Bitmap Index Scan on sbtest3_pkey  (cost=0.00..343.41 rows=10697 width=0)
	              Index Cond: ((id >= 4296019) AND (id <= 4306018))

table 4 : explain SELECT c FROM sbtest4 WHERE id BETWEEN 1341132 AND 1351131 ORDER BY c
	Sort  (cost=36076.23..36101.69 rows=10187 width=121)
	  Sort Key: c
	  ->  Bitmap Heap Scan on sbtest4  (cost=328.85..35398.05 rows=10187 width=121)
	        Recheck Cond: ((id >= 1341132) AND (id <= 1351131))
	        ->  Bitmap Index Scan on sbtest4_pkey  (cost=0.00..326.31 rows=10187 width=0)
	              Index Cond: ((id >= 1341132) AND (id <= 1351131))

table 5 : explain SELECT c FROM sbtest5 WHERE id BETWEEN 4675143 AND 4685142 ORDER BY c
	Sort  (cost=33969.03..33992.88 rows=9541 width=121)
	  Sort Key: c
	  ->  Bitmap Heap Scan on sbtest5  (cost=310.23..33338.37 rows=9541 width=121)
	        Recheck Cond: ((id >= 4675143) AND (id <= 4685142))
	        ->  Bitmap Index Scan on sbtest5_pkey  (cost=0.00..307.84 rows=9541 width=0)
	              Index Cond: ((id >= 4675143) AND (id <= 4685142))

table 6 : explain SELECT c FROM sbtest6 WHERE id BETWEEN 6848710 AND 6858709 ORDER BY c
	Sort  (cost=32924.56..32947.60 rows=9219 width=121)
	  Sort Key: c
	  ->  Bitmap Heap Scan on sbtest6  (cost=298.93..32317.47 rows=9219 width=121)
	        Recheck Cond: ((id >= 6848710) AND (id <= 6858709))
	        ->  Bitmap Index Scan on sbtest6_pkey  (cost=0.00..296.62 rows=9219 width=0)
	              Index Cond: ((id >= 6848710) AND (id <= 6858709))

table 7 : explain SELECT c FROM sbtest7 WHERE id BETWEEN 4495928 AND 4505927 ORDER BY c
	Sort  (cost=35145.53..35170.27 rows=9894 width=121)
	  Sort Key: c
	  ->  Bitmap Heap Scan on sbtest7  (cost=321.85..34488.95 rows=9894 width=121)
	        Recheck Cond: ((id >= 4495928) AND (id <= 4505927))
	        ->  Bitmap Index Scan on sbtest7_pkey  (cost=0.00..319.38 rows=9894 width=0)
	              Index Cond: ((id >= 4495928) AND (id <= 4505927))

table 8 : explain SELECT c FROM sbtest8 WHERE id BETWEEN 7672514 AND 7682513 ORDER BY c
	Sort  (cost=34059.45..34083.36 rows=9563 width=121)
	  Sort Key: c
	  ->  Bitmap Heap Scan on sbtest8  (cost=310.46..33427.18 rows=9563 width=121)
	        Recheck Cond: ((id >= 7672514) AND (id <= 7682513))
	        ->  Bitmap Index Scan on sbtest8_pkey  (cost=0.00..308.06 rows=9563 width=0)
	              Index Cond: ((id >= 7672514) AND (id <= 7682513))

for: order_ranges
table 1 : explain SELECT c FROM sbtest1 WHERE id BETWEEN 4527632 AND 4537631 ORDER BY c
	Sort  (cost=36179.74..36205.49 rows=10297 width=121)
	  Sort Key: c
	  ->  Bitmap Heap Scan on sbtest1  (cost=333.98..35493.45 rows=10297 width=121)
	        Recheck Cond: ((id >= 4527632) AND (id <= 4537631))
	        ->  Bitmap Index Scan on sbtest1_pkey  (cost=0.00..331.41 rows=10297 width=0)
	              Index Cond: ((id >= 4527632) AND (id <= 4537631))

table 2 : explain SELECT c FROM sbtest2 WHERE id BETWEEN 6452621 AND 6462620 ORDER BY c
	Sort  (cost=32793.82..32816.84 rows=9207 width=121)
	  Sort Key: c
	  ->  Bitmap Heap Scan on sbtest2  (cost=298.81..32187.61 rows=9207 width=121)
	        Recheck Cond: ((id >= 6452621) AND (id <= 6462620))
	        ->  Bitmap Index Scan on sbtest2_pkey  (cost=0.00..296.50 rows=9207 width=0)
	              Index Cond: ((id >= 6452621) AND (id <= 6462620))

table 3 : explain SELECT c FROM sbtest3 WHERE id BETWEEN 3486743 AND 3496742 ORDER BY c
	Sort  (cost=35719.08..35744.37 rows=10116 width=121)
	  Sort Key: c
	  ->  Bitmap Heap Scan on sbtest3  (cost=328.12..35046.14 rows=10116 width=121)
	        Recheck Cond: ((id >= 3486743) AND (id <= 3496742))
	        ->  Bitmap Index Scan on sbtest3_pkey  (cost=0.00..325.59 rows=10116 width=0)
	              Index Cond: ((id >= 3486743) AND (id <= 3496742))

table 4 : explain SELECT c FROM sbtest4 WHERE id BETWEEN 8234190 AND 8244189 ORDER BY c
	Sort  (cost=31538.62..31560.62 rows=8801 width=121)
	  Sort Key: c
	  ->  Bitmap Heap Scan on sbtest4  (cost=286.65..30962.00 rows=8801 width=121)
	        Recheck Cond: ((id >= 8234190) AND (id <= 8244189))
	        ->  Bitmap Index Scan on sbtest4_pkey  (cost=0.00..284.44 rows=8801 width=0)
	              Index Cond: ((id >= 8234190) AND (id <= 8244189))

table 5 : explain SELECT c FROM sbtest5 WHERE id BETWEEN 4273940 AND 4283939 ORDER BY c
	Sort  (cost=38468.26..38495.59 rows=10930 width=121)
	  Sort Key: c
	  ->  Bitmap Heap Scan on sbtest5  (cost=352.47..37735.08 rows=10930 width=121)
	        Recheck Cond: ((id >= 4273940) AND (id <= 4283939))
	        ->  Bitmap Index Scan on sbtest5_pkey  (cost=0.00..349.74 rows=10930 width=0)
	              Index Cond: ((id >= 4273940) AND (id <= 4283939))

table 6 : explain SELECT c FROM sbtest6 WHERE id BETWEEN 8276218 AND 8286217 ORDER BY c
	Sort  (cost=37721.02..37747.75 rows=10691 width=121)
	  Sort Key: c
	  ->  Bitmap Heap Scan on sbtest6  (cost=346.02..37005.57 rows=10691 width=121)
	        Recheck Cond: ((id >= 8276218) AND (id <= 8286217))
	        ->  Bitmap Index Scan on sbtest6_pkey  (cost=0.00..343.34 rows=10691 width=0)
	              Index Cond: ((id >= 8276218) AND (id <= 8286217))

table 7 : explain SELECT c FROM sbtest7 WHERE id BETWEEN 6764449 AND 6774448 ORDER BY c
	Sort  (cost=33850.77..33874.52 rows=9498 width=121)
	  Sort Key: c
	  ->  Bitmap Heap Scan on sbtest7  (cost=309.79..33223.27 rows=9498 width=121)
	        Recheck Cond: ((id >= 6764449) AND (id <= 6774448))
	        ->  Bitmap Index Scan on sbtest7_pkey  (cost=0.00..307.42 rows=9498 width=0)
	              Index Cond: ((id >= 6764449) AND (id <= 6774448))

table 8 : explain SELECT c FROM sbtest8 WHERE id BETWEEN 5252923 AND 5262922 ORDER BY c
	Sort  (cost=32975.08..32998.16 rows=9233 width=121)
	  Sort Key: c
	  ->  Bitmap Heap Scan on sbtest8  (cost=299.07..32366.97 rows=9233 width=121)
	        Recheck Cond: ((id >= 5252923) AND (id <= 5262922))
	        ->  Bitmap Index Scan on sbtest8_pkey  (cost=0.00..296.76 rows=9233 width=0)
	              Index Cond: ((id >= 5252923) AND (id <= 5262922))

for: distinct_ranges
table 1 : explain SELECT DISTINCT c FROM sbtest1 WHERE id BETWEEN 701175 AND 711174 ORDER BY c
	Unique  (cost=31707.40..31751.97 rows=8915 width=121)
	  ->  Sort  (cost=31707.40..31729.68 rows=8915 width=121)
	        Sort Key: c
	        ->  Bitmap Heap Scan on sbtest1  (cost=287.81..31122.48 rows=8915 width=121)
	              Recheck Cond: ((id >= 701175) AND (id <= 711174))
	              ->  Bitmap Index Scan on sbtest1_pkey  (cost=0.00..285.58 rows=8915 width=0)
	                    Index Cond: ((id >= 701175) AND (id <= 711174))

table 2 : explain SELECT DISTINCT c FROM sbtest2 WHERE id BETWEEN 7066889 AND 7076888 ORDER BY c
	Unique  (cost=32206.75..32251.89 rows=9028 width=121)
	  ->  Sort  (cost=32206.75..32229.32 rows=9028 width=121)
	        Sort Key: c
	        ->  Bitmap Heap Scan on sbtest2  (cost=292.97..31613.60 rows=9028 width=121)
	              Recheck Cond: ((id >= 7066889) AND (id <= 7076888))
	              ->  Bitmap Index Scan on sbtest2_pkey  (cost=0.00..290.71 rows=9028 width=0)
	                    Index Cond: ((id >= 7066889) AND (id <= 7076888))

table 3 : explain SELECT DISTINCT c FROM sbtest3 WHERE id BETWEEN 6655507 AND 6665506 ORDER BY c
	Unique  (cost=38382.72..38437.45 rows=10947 width=121)
	  ->  Sort  (cost=38382.72..38410.08 rows=10947 width=121)
	        Sort Key: c
	        ->  Bitmap Heap Scan on sbtest3  (cost=352.64..37648.27 rows=10947 width=121)
	              Recheck Cond: ((id >= 6655507) AND (id <= 6665506))
	              ->  Bitmap Index Scan on sbtest3_pkey  (cost=0.00..349.91 rows=10947 width=0)
	                    Index Cond: ((id >= 6655507) AND (id <= 6665506))

table 4 : explain SELECT DISTINCT c FROM sbtest4 WHERE id BETWEEN 5051550 AND 5061549 ORDER BY c
	Unique  (cost=37400.67..37453.64 rows=10595 width=121)
	  ->  Sort  (cost=37400.67..37427.16 rows=10595 width=121)
	        Sort Key: c
	        ->  Bitmap Heap Scan on sbtest4  (cost=345.03..36692.33 rows=10595 width=121)
	              Recheck Cond: ((id >= 5051550) AND (id <= 5061549))
	              ->  Bitmap Index Scan on sbtest4_pkey  (cost=0.00..342.38 rows=10595 width=0)
	                    Index Cond: ((id >= 5051550) AND (id <= 5061549))

table 5 : explain SELECT DISTINCT c FROM sbtest5 WHERE id BETWEEN 6332724 AND 6342723 ORDER BY c
	Unique  (cost=36994.04..37046.40 rows=10472 width=121)
	  ->  Sort  (cost=36994.04..37020.22 rows=10472 width=121)
	        Sort Key: c
	        ->  Bitmap Heap Scan on sbtest5  (cost=339.77..36294.81 rows=10472 width=121)
	              Recheck Cond: ((id >= 6332724) AND (id <= 6342723))
	              ->  Bitmap Index Scan on sbtest5_pkey  (cost=0.00..337.16 rows=10472 width=0)
	                    Index Cond: ((id >= 6332724) AND (id <= 6342723))

table 6 : explain SELECT DISTINCT c FROM sbtest6 WHERE id BETWEEN 4047006 AND 4057005 ORDER BY c
	Unique  (cost=35782.63..35833.09 rows=10092 width=121)
	  ->  Sort  (cost=35782.63..35807.86 rows=10092 width=121)
	        Sort Key: c
	        ->  Bitmap Heap Scan on sbtest6  (cost=327.88..35111.46 rows=10092 width=121)
	              Recheck Cond: ((id >= 4047006) AND (id <= 4057005))
	              ->  Bitmap Index Scan on sbtest6_pkey  (cost=0.00..325.36 rows=10092 width=0)
	                    Index Cond: ((id >= 4047006) AND (id <= 4057005))

table 7 : explain SELECT DISTINCT c FROM sbtest7 WHERE id BETWEEN 2223309 AND 2233308 ORDER BY c
	Unique  (cost=39191.11..39246.84 rows=11145 width=121)
	  ->  Sort  (cost=39191.11..39218.98 rows=11145 width=121)
	        Sort Key: c
	        ->  Bitmap Heap Scan on sbtest7  (cost=362.67..38441.94 rows=11145 width=121)
	              Recheck Cond: ((id >= 2223309) AND (id <= 2233308))
	              ->  Bitmap Index Scan on sbtest7_pkey  (cost=0.00..359.88 rows=11145 width=0)
	                    Index Cond: ((id >= 2223309) AND (id <= 2233308))

table 8 : explain SELECT DISTINCT c FROM sbtest8 WHERE id BETWEEN 1636215 AND 1646214 ORDER BY c
	Unique  (cost=32652.35..32698.02 rows=9134 width=121)
	  ->  Sort  (cost=32652.35..32675.19 rows=9134 width=121)
	        Sort Key: c
	        ->  Bitmap Heap Scan on sbtest8  (cost=298.06..32051.47 rows=9134 width=121)
	              Recheck Cond: ((id >= 1636215) AND (id <= 1646214))
	              ->  Bitmap Index Scan on sbtest8_pkey  (cost=0.00..295.78 rows=9134 width=0)
	                    Index Cond: ((id >= 1636215) AND (id <= 1646214))

for: simple_ranges
table 1 : explain SELECT c FROM sbtest1 WHERE id BETWEEN 630660 AND 640659
	Bitmap Heap Scan on sbtest1  (cost=287.81..31122.48 rows=8915 width=121)
	  Recheck Cond: ((id >= 630660) AND (id <= 640659))
	  ->  Bitmap Index Scan on sbtest1_pkey  (cost=0.00..285.58 rows=8915 width=0)
	        Index Cond: ((id >= 630660) AND (id <= 640659))

table 2 : explain SELECT c FROM sbtest2 WHERE id BETWEEN 4316498 AND 4326497
	Bitmap Heap Scan on sbtest2  (cost=322.79..34669.01 rows=9986 width=121)
	  Recheck Cond: ((id >= 4316498) AND (id <= 4326497))
	  ->  Bitmap Index Scan on sbtest2_pkey  (cost=0.00..320.30 rows=9986 width=0)
	        Index Cond: ((id >= 4316498) AND (id <= 4326497))

table 3 : explain SELECT c FROM sbtest3 WHERE id BETWEEN 6149151 AND 6159150
	Bitmap Heap Scan on sbtest3  (cost=356.92..37738.66 rows=10974 width=121)
	  Recheck Cond: ((id >= 6149151) AND (id <= 6159150))
	  ->  Bitmap Index Scan on sbtest3_pkey  (cost=0.00..354.18 rows=10974 width=0)
	        Index Cond: ((id >= 6149151) AND (id <= 6159150))

table 4 : explain SELECT c FROM sbtest4 WHERE id BETWEEN 4559303 AND 4569302
	Bitmap Heap Scan on sbtest4  (cost=315.80..33834.11 rows=9694 width=121)
	  Recheck Cond: ((id >= 4559303) AND (id <= 4569302))
	  ->  Bitmap Index Scan on sbtest4_pkey  (cost=0.00..313.38 rows=9694 width=0)
	        Index Cond: ((id >= 4559303) AND (id <= 4569302))

table 5 : explain SELECT c FROM sbtest5 WHERE id BETWEEN 6847904 AND 6857903
	Bitmap Heap Scan on sbtest5  (cost=339.72..36281.85 rows=10467 width=121)
	  Recheck Cond: ((id >= 6847904) AND (id <= 6857903))
	  ->  Bitmap Index Scan on sbtest5_pkey  (cost=0.00..337.11 rows=10467 width=0)
	        Index Cond: ((id >= 6847904) AND (id <= 6857903))

table 6 : explain SELECT c FROM sbtest6 WHERE id BETWEEN 7620086 AND 7630085
	Bitmap Heap Scan on sbtest6  (cost=293.43..31846.67 rows=9073 width=121)
	  Recheck Cond: ((id >= 7620086) AND (id <= 7630085))
	  ->  Bitmap Index Scan on sbtest6_pkey  (cost=0.00..291.17 rows=9073 width=0)
	        Index Cond: ((id >= 7620086) AND (id <= 7630085))

table 7 : explain SELECT c FROM sbtest7 WHERE id BETWEEN 8766057 AND 8776056
	Bitmap Heap Scan on sbtest7  (cost=316.09..33940.13 rows=9722 width=121)
	  Recheck Cond: ((id >= 8766057) AND (id <= 8776056))
	  ->  Bitmap Index Scan on sbtest7_pkey  (cost=0.00..313.66 rows=9722 width=0)
	        Index Cond: ((id >= 8766057) AND (id <= 8776056))

table 8 : explain SELECT c FROM sbtest8 WHERE id BETWEEN 9316945 AND 9326944
	Bitmap Heap Scan on sbtest8  (cost=322.73..34756.89 rows=9980 width=121)
	  Recheck Cond: ((id >= 9316945) AND (id <= 9326944))
	  ->  Bitmap Index Scan on sbtest8_pkey  (cost=0.00..320.24 rows=9980 width=0)
	        Index Cond: ((id >= 9316945) AND (id <= 9326944))

for: sum_ranges
table 1 : explain SELECT SUM(k) FROM sbtest1 WHERE id BETWEEN 8315307 AND 8325306
	Aggregate  (cost=30010.44..30010.45 rows=1 width=8)
	  ->  Bitmap Heap Scan on sbtest1  (cost=280.18..29989.04 rows=8560 width=4)
	        Recheck Cond: ((id >= 8315307) AND (id <= 8325306))
	        ->  Bitmap Index Scan on sbtest1_pkey  (cost=0.00..278.04 rows=8560 width=0)
	              Index Cond: ((id >= 8315307) AND (id <= 8325306))

table 2 : explain SELECT SUM(k) FROM sbtest2 WHERE id BETWEEN 4272879 AND 4282878
	Aggregate  (cost=33900.48..33900.49 rows=1 width=8)
	  ->  Bitmap Heap Scan on sbtest2  (cost=316.23..33876.14 rows=9736 width=4)
	        Recheck Cond: ((id >= 4272879) AND (id <= 4282878))
	        ->  Bitmap Index Scan on sbtest2_pkey  (cost=0.00..313.80 rows=9736 width=0)
	              Index Cond: ((id >= 4272879) AND (id <= 4282878))

table 3 : explain SELECT SUM(k) FROM sbtest3 WHERE id BETWEEN 1914900 AND 1924899
	Aggregate  (cost=34565.54..34565.55 rows=1 width=8)
	  ->  Bitmap Heap Scan on sbtest3  (cost=322.48..34540.65 rows=9956 width=4)
	        Recheck Cond: ((id >= 1914900) AND (id <= 1924899))
	        ->  Bitmap Index Scan on sbtest3_pkey  (cost=0.00..320.00 rows=9956 width=0)
	              Index Cond: ((id >= 1914900) AND (id <= 1924899))

table 4 : explain SELECT SUM(k) FROM sbtest4 WHERE id BETWEEN 4138397 AND 4148396
	Aggregate  (cost=38355.52..38355.53 rows=1 width=8)
	  ->  Bitmap Heap Scan on sbtest4  (cost=362.37..38327.73 rows=11116 width=4)
	        Recheck Cond: ((id >= 4138397) AND (id <= 4148396))
	        ->  Bitmap Index Scan on sbtest4_pkey  (cost=0.00..359.59 rows=11116 width=0)
	              Index Cond: ((id >= 4138397) AND (id <= 4148396))

table 5 : explain SELECT SUM(k) FROM sbtest5 WHERE id BETWEEN 8006935 AND 8016934
	Aggregate  (cost=33421.13..33421.14 rows=1 width=8)
	  ->  Bitmap Heap Scan on sbtest5  (cost=310.43..33397.23 rows=9560 width=4)
	        Recheck Cond: ((id >= 8006935) AND (id <= 8016934))
	        ->  Bitmap Index Scan on sbtest5_pkey  (cost=0.00..308.04 rows=9560 width=0)
	              Index Cond: ((id >= 8006935) AND (id <= 8016934))

table 6 : explain SELECT SUM(k) FROM sbtest6 WHERE id BETWEEN 4572257 AND 4582256
	Aggregate  (cost=34582.35..34582.36 rows=1 width=8)
	  ->  Bitmap Heap Scan on sbtest6  (cost=322.09..34557.55 rows=9918 width=4)
	        Recheck Cond: ((id >= 4572257) AND (id <= 4582256))
	        ->  Bitmap Index Scan on sbtest6_pkey  (cost=0.00..319.62 rows=9918 width=0)
	              Index Cond: ((id >= 4572257) AND (id <= 4582256))

table 7 : explain SELECT SUM(k) FROM sbtest7 WHERE id BETWEEN 5832539 AND 5842538
	Aggregate  (cost=35374.16..35374.17 rows=1 width=8)
	  ->  Bitmap Heap Scan on sbtest7  (cost=328.63..35348.74 rows=10165 width=4)
	        Recheck Cond: ((id >= 5832539) AND (id <= 5842538))
	        ->  Bitmap Index Scan on sbtest7_pkey  (cost=0.00..326.08 rows=10165 width=0)
	              Index Cond: ((id >= 5832539) AND (id <= 5842538))

table 8 : explain SELECT SUM(k) FROM sbtest8 WHERE id BETWEEN 4916902 AND 4926901
	Aggregate  (cost=37589.52..37589.53 rows=1 width=8)
	  ->  Bitmap Heap Scan on sbtest8  (cost=351.82..37562.35 rows=10867 width=4)
	        Recheck Cond: ((id >= 4916902) AND (id <= 4926901))
	        ->  Bitmap Index Scan on sbtest8_pkey  (cost=0.00..349.11 rows=10867 width=0)
	              Index Cond: ((id >= 4916902) AND (id <= 4926901))

for: sum_ranges
table 1 : explain SELECT SUM(k) FROM sbtest1 WHERE id BETWEEN 4801946 AND 4811945
	Aggregate  (cost=35339.20..35339.21 rows=1 width=8)
	  ->  Bitmap Heap Scan on sbtest1  (cost=333.38..35313.60 rows=10239 width=4)
	        Recheck Cond: ((id >= 4801946) AND (id <= 4811945))
	        ->  Bitmap Index Scan on sbtest1_pkey  (cost=0.00..330.82 rows=10239 width=0)
	              Index Cond: ((id >= 4801946) AND (id <= 4811945))

table 2 : explain SELECT SUM(k) FROM sbtest2 WHERE id BETWEEN 7526995 AND 7536994
	Aggregate  (cost=36313.44..36313.45 rows=1 width=8)
	  ->  Bitmap Heap Scan on sbtest2  (cost=340.05..36287.19 rows=10499 width=4)
	        Recheck Cond: ((id >= 7526995) AND (id <= 7536994))
	        ->  Bitmap Index Scan on sbtest2_pkey  (cost=0.00..337.43 rows=10499 width=0)
	              Index Cond: ((id >= 7526995) AND (id <= 7536994))

table 3 : explain SELECT SUM(k) FROM sbtest3 WHERE id BETWEEN 9382451 AND 9392450
	Aggregate  (cost=34104.15..34104.16 rows=1 width=8)
	  ->  Bitmap Heap Scan on sbtest3  (cost=317.00..34079.62 rows=9811 width=4)
	        Recheck Cond: ((id >= 9382451) AND (id <= 9392450))
	        ->  Bitmap Index Scan on sbtest3_pkey  (cost=0.00..314.55 rows=9811 width=0)
	              Index Cond: ((id >= 9382451) AND (id <= 9392450))

table 4 : explain SELECT SUM(k) FROM sbtest4 WHERE id BETWEEN 9355822 AND 9365821
	Aggregate  (cost=35420.27..35420.28 rows=1 width=8)
	  ->  Bitmap Heap Scan on sbtest4  (cost=328.84..35394.81 rows=10186 width=4)
	        Recheck Cond: ((id >= 9355822) AND (id <= 9365821))
	        ->  Bitmap Index Scan on sbtest4_pkey  (cost=0.00..326.30 rows=10186 width=0)
	              Index Cond: ((id >= 9355822) AND (id <= 9365821))

table 5 : explain SELECT SUM(k) FROM sbtest5 WHERE id BETWEEN 7104395 AND 7114394
	Aggregate  (cost=30191.30..30191.31 rows=1 width=8)
	  ->  Bitmap Heap Scan on sbtest5  (cost=276.16..30169.90 rows=8559 width=4)
	        Recheck Cond: ((id >= 7104395) AND (id <= 7114394))
	        ->  Bitmap Index Scan on sbtest5_pkey  (cost=0.00..274.03 rows=8559 width=0)
	              Index Cond: ((id >= 7104395) AND (id <= 7114394))

table 6 : explain SELECT SUM(k) FROM sbtest6 WHERE id BETWEEN 4835100 AND 4845099
	Aggregate  (cost=34160.77..34160.78 rows=1 width=8)
	  ->  Bitmap Heap Scan on sbtest6  (cost=316.74..34136.30 rows=9786 width=4)
	        Recheck Cond: ((id >= 4835100) AND (id <= 4845099))
	        ->  Bitmap Index Scan on sbtest6_pkey  (cost=0.00..314.30 rows=9786 width=0)
	              Index Cond: ((id >= 4835100) AND (id <= 4845099))

table 7 : explain SELECT SUM(k) FROM sbtest7 WHERE id BETWEEN 2924697 AND 2934696
	Aggregate  (cost=32872.47..32872.48 rows=1 width=8)
	  ->  Bitmap Heap Scan on sbtest7  (cost=304.60..32849.01 rows=9382 width=4)
	        Recheck Cond: ((id >= 2924697) AND (id <= 2934696))
	        ->  Bitmap Index Scan on sbtest7_pkey  (cost=0.00..302.25 rows=9382 width=0)
	              Index Cond: ((id >= 2924697) AND (id <= 2934696))

table 8 : explain SELECT SUM(k) FROM sbtest8 WHERE id BETWEEN 3713878 AND 3723877
	Aggregate  (cost=31285.22..31285.23 rows=1 width=8)
	  ->  Bitmap Heap Scan on sbtest8  (cost=287.57..31262.99 rows=8891 width=4)
	        Recheck Cond: ((id >= 3713878) AND (id <= 3723877))
	        ->  Bitmap Index Scan on sbtest8_pkey  (cost=0.00..285.34 rows=8891 width=0)
	              Index Cond: ((id >= 3713878) AND (id <= 3723877))

for: order_ranges
table 1 : explain SELECT c FROM sbtest1 WHERE id BETWEEN 845063 AND 855062 ORDER BY c
	Sort  (cost=35316.50..35341.57 rows=10027 width=121)
	  Sort Key: c
	  ->  Bitmap Heap Scan on sbtest1  (cost=327.21..34650.13 rows=10027 width=121)
	        Recheck Cond: ((id >= 845063) AND (id <= 855062))
	        ->  Bitmap Index Scan on sbtest1_pkey  (cost=0.00..324.70 rows=10027 width=0)
	              Index Cond: ((id >= 845063) AND (id <= 855062))

table 2 : explain SELECT c FROM sbtest2 WHERE id BETWEEN 8166227 AND 8176226 ORDER BY c
	Sort  (cost=37061.00..37087.30 rows=10522 width=121)
	  Sort Key: c
	  ->  Bitmap Heap Scan on sbtest2  (cost=340.29..36358.07 rows=10522 width=121)
	        Recheck Cond: ((id >= 8166227) AND (id <= 8176226))
	        ->  Bitmap Index Scan on sbtest2_pkey  (cost=0.00..337.66 rows=10522 width=0)
	              Index Cond: ((id >= 8166227) AND (id <= 8176226))

table 3 : explain SELECT c FROM sbtest3 WHERE id BETWEEN 5579018 AND 5589017 ORDER BY c
	Sort  (cost=34034.63..34058.62 rows=9596 width=121)
	  Sort Key: c
	  ->  Bitmap Heap Scan on sbtest3  (cost=310.79..33399.94 rows=9596 width=121)
	        Recheck Cond: ((id >= 5579018) AND (id <= 5589017))
	        ->  Bitmap Index Scan on sbtest3_pkey  (cost=0.00..308.40 rows=9596 width=0)
	              Index Cond: ((id >= 5579018) AND (id <= 5589017))

table 4 : explain SELECT c FROM sbtest4 WHERE id BETWEEN 8000394 AND 8010393 ORDER BY c
	Sort  (cost=38728.50..38756.02 rows=11008 width=121)
	  Sort Key: c
	  ->  Bitmap Heap Scan on sbtest4  (cost=357.27..37989.52 rows=11008 width=121)
	        Recheck Cond: ((id >= 8000394) AND (id <= 8010393))
	        ->  Bitmap Index Scan on sbtest4_pkey  (cost=0.00..354.51 rows=11008 width=0)
	              Index Cond: ((id >= 8000394) AND (id <= 8010393))

table 5 : explain SELECT c FROM sbtest5 WHERE id BETWEEN 5982219 AND 5992218 ORDER BY c
	Sort  (cost=34437.62..34461.83 rows=9684 width=121)
	  Sort Key: c
	  ->  Bitmap Heap Scan on sbtest5  (cost=315.70..33796.47 rows=9684 width=121)
	        Recheck Cond: ((id >= 5982219) AND (id <= 5992218))
	        ->  Bitmap Index Scan on sbtest5_pkey  (cost=0.00..313.28 rows=9684 width=0)
	              Index Cond: ((id >= 5982219) AND (id <= 5992218))

table 6 : explain SELECT c FROM sbtest6 WHERE id BETWEEN 2470532 AND 2480531 ORDER BY c
	Sort  (cost=33139.41..33162.62 rows=9284 width=121)
	  Sort Key: c
	  ->  Bitmap Heap Scan on sbtest6  (cost=299.60..32527.57 rows=9284 width=121)
	        Recheck Cond: ((id >= 2470532) AND (id <= 2480531))
	        ->  Bitmap Index Scan on sbtest6_pkey  (cost=0.00..297.28 rows=9284 width=0)
	              Index Cond: ((id >= 2470532) AND (id <= 2480531))

table 7 : explain SELECT c FROM sbtest7 WHERE id BETWEEN 3979051 AND 3989050 ORDER BY c
	Sort  (cost=36398.18..36423.88 rows=10280 width=121)
	  Sort Key: c
	  ->  Bitmap Heap Scan on sbtest7  (cost=333.81..35713.14 rows=10280 width=121)
	        Recheck Cond: ((id >= 3979051) AND (id <= 3989050))
	        ->  Bitmap Index Scan on sbtest7_pkey  (cost=0.00..331.24 rows=10280 width=0)
	              Index Cond: ((id >= 3979051) AND (id <= 3989050))

table 8 : explain SELECT c FROM sbtest8 WHERE id BETWEEN 4700444 AND 4710443 ORDER BY c
	Sort  (cost=38063.05..38090.04 rows=10795 width=121)
	  Sort Key: c
	  ->  Bitmap Heap Scan on sbtest8  (cost=351.08..37339.89 rows=10795 width=121)
	        Recheck Cond: ((id >= 4700444) AND (id <= 4710443))
	        ->  Bitmap Index Scan on sbtest8_pkey  (cost=0.00..348.38 rows=10795 width=0)
	              Index Cond: ((id >= 4700444) AND (id <= 4710443))

for: simple_ranges
table 1 : explain SELECT c FROM sbtest1 WHERE id BETWEEN 5014622 AND 5024621
	Bitmap Heap Scan on sbtest1  (cost=328.65..35087.81 rows=10167 width=121)
	  Recheck Cond: ((id >= 5014622) AND (id <= 5024621))
	  ->  Bitmap Index Scan on sbtest1_pkey  (cost=0.00..326.11 rows=10167 width=0)
	        Index Cond: ((id >= 5014622) AND (id <= 5024621))

table 2 : explain SELECT c FROM sbtest2 WHERE id BETWEEN 7267838 AND 7277837
	Bitmap Heap Scan on sbtest2  (cost=321.92..34399.83 rows=9901 width=121)
	  Recheck Cond: ((id >= 7267838) AND (id <= 7277837))
	  ->  Bitmap Index Scan on sbtest2_pkey  (cost=0.00..319.44 rows=9901 width=0)
	        Index Cond: ((id >= 7267838) AND (id <= 7277837))

table 3 : explain SELECT c FROM sbtest3 WHERE id BETWEEN 6096391 AND 6106390
	Bitmap Heap Scan on sbtest3  (cost=356.92..37738.66 rows=10974 width=121)
	  Recheck Cond: ((id >= 6096391) AND (id <= 6106390))
	  ->  Bitmap Index Scan on sbtest3_pkey  (cost=0.00..354.18 rows=10974 width=0)
	        Index Cond: ((id >= 6096391) AND (id <= 6106390))

table 4 : explain SELECT c FROM sbtest4 WHERE id BETWEEN 3671074 AND 3681073
	Bitmap Heap Scan on sbtest4  (cost=333.34..35554.55 rows=10235 width=121)
	  Recheck Cond: ((id >= 3671074) AND (id <= 3681073))
	  ->  Bitmap Index Scan on sbtest4_pkey  (cost=0.00..330.79 rows=10235 width=0)
	        Index Cond: ((id >= 3671074) AND (id <= 3681073))

table 5 : explain SELECT c FROM sbtest5 WHERE id BETWEEN 1107384 AND 1117383
	Bitmap Heap Scan on sbtest5  (cost=351.70..37500.11 rows=10855 width=121)
	  Recheck Cond: ((id >= 1107384) AND (id <= 1117383))
	  ->  Bitmap Index Scan on sbtest5_pkey  (cost=0.00..348.99 rows=10855 width=0)
	        Index Cond: ((id >= 1107384) AND (id <= 1117383))

table 6 : explain SELECT c FROM sbtest6 WHERE id BETWEEN 6026712 AND 6036711
	Bitmap Heap Scan on sbtest6  (cost=292.73..31626.13 rows=9004 width=121)
	  Recheck Cond: ((id >= 6026712) AND (id <= 6036711))
	  ->  Bitmap Index Scan on sbtest6_pkey  (cost=0.00..290.48 rows=9004 width=0)
	        Index Cond: ((id >= 6026712) AND (id <= 6036711))

table 7 : explain SELECT c FROM sbtest7 WHERE id BETWEEN 1537627 AND 1547626
	Bitmap Heap Scan on sbtest7  (cost=315.29..33691.83 rows=9644 width=121)
	  Recheck Cond: ((id >= 1537627) AND (id <= 1547626))
	  ->  Bitmap Index Scan on sbtest7_pkey  (cost=0.00..312.88 rows=9644 width=0)
	        Index Cond: ((id >= 1537627) AND (id <= 1547626))

table 8 : explain SELECT c FROM sbtest8 WHERE id BETWEEN 1432818 AND 1442817
	Bitmap Heap Scan on sbtest8  (cost=333.86..35726.81 rows=10285 width=121)
	  Recheck Cond: ((id >= 1432818) AND (id <= 1442817))
	  ->  Bitmap Index Scan on sbtest8_pkey  (cost=0.00..331.29 rows=10285 width=0)
	        Index Cond: ((id >= 1432818) AND (id <= 1442817))

for: distinct_ranges
table 1 : explain SELECT DISTINCT c FROM sbtest1 WHERE id BETWEEN 4885758 AND 4895757 ORDER BY c
	Unique  (cost=35280.27..35330.35 rows=10016 width=121)
	  ->  Sort  (cost=35280.27..35305.31 rows=10016 width=121)
	        Sort Key: c
	        ->  Bitmap Heap Scan on sbtest1  (cost=327.10..34614.71 rows=10016 width=121)
	              Recheck Cond: ((id >= 4885758) AND (id <= 4895757))
	              ->  Bitmap Index Scan on sbtest1_pkey  (cost=0.00..324.59 rows=10016 width=0)
	                    Index Cond: ((id >= 4885758) AND (id <= 4895757))

table 2 : explain SELECT DISTINCT c FROM sbtest2 WHERE id BETWEEN 7340215 AND 7350214 ORDER BY c
	Unique  (cost=38059.87..38114.04 rows=10833 width=121)
	  ->  Sort  (cost=38059.87..38086.96 rows=10833 width=121)
	        Sort Key: c
	        ->  Bitmap Heap Scan on sbtest2  (cost=351.47..37333.89 rows=10833 width=121)
	              Recheck Cond: ((id >= 7340215) AND (id <= 7350214))
	              ->  Bitmap Index Scan on sbtest2_pkey  (cost=0.00..348.76 rows=10833 width=0)
	                    Index Cond: ((id >= 7340215) AND (id <= 7350214))

table 3 : explain SELECT DISTINCT c FROM sbtest3 WHERE id BETWEEN 2985206 AND 2995205 ORDER BY c
	Unique  (cost=33868.22..33915.94 rows=9545 width=121)
	  ->  Sort  (cost=33868.22..33892.08 rows=9545 width=121)
	        Sort Key: c
	        ->  Bitmap Heap Scan on sbtest3  (cost=310.27..33237.27 rows=9545 width=121)
	              Recheck Cond: ((id >= 2985206) AND (id <= 2995205))
	              ->  Bitmap Index Scan on sbtest3_pkey  (cost=0.00..307.88 rows=9545 width=0)
	                    Index Cond: ((id >= 2985206) AND (id <= 2995205))

table 4 : explain SELECT DISTINCT c FROM sbtest4 WHERE id BETWEEN 1055325 AND 1065324 ORDER BY c
	Unique  (cost=33316.68..33363.38 rows=9340 width=121)
	  ->  Sort  (cost=33316.68..33340.03 rows=9340 width=121)
	        Sort Key: c
	        ->  Bitmap Heap Scan on sbtest4  (cost=304.17..32700.74 rows=9340 width=121)
	              Recheck Cond: ((id >= 1055325) AND (id <= 1065324))
	              ->  Bitmap Index Scan on sbtest4_pkey  (cost=0.00..301.83 rows=9340 width=0)
	                    Index Cond: ((id >= 1055325) AND (id <= 1065324))

table 5 : explain SELECT DISTINCT c FROM sbtest5 WHERE id BETWEEN 5669366 AND 5679365 ORDER BY c
	Unique  (cost=34387.56..34435.91 rows=9669 width=121)
	  ->  Sort  (cost=34387.56..34411.74 rows=9669 width=121)
	        Sort Key: c
	        ->  Bitmap Heap Scan on sbtest5  (cost=315.54..33747.52 rows=9669 width=121)
	              Recheck Cond: ((id >= 5669366) AND (id <= 5679365))
	              ->  Bitmap Index Scan on sbtest5_pkey  (cost=0.00..313.12 rows=9669 width=0)
	                    Index Cond: ((id >= 5669366) AND (id <= 5679365))

table 6 : explain SELECT DISTINCT c FROM sbtest6 WHERE id BETWEEN 2617541 AND 2627540 ORDER BY c
	Unique  (cost=38045.50..38099.46 rows=10792 width=121)
	  ->  Sort  (cost=38045.50..38072.48 rows=10792 width=121)
	        Sort Key: c
	        ->  Bitmap Heap Scan on sbtest6  (cost=351.05..37322.56 rows=10792 width=121)
	              Recheck Cond: ((id >= 2617541) AND (id <= 2627540))
	              ->  Bitmap Index Scan on sbtest6_pkey  (cost=0.00..348.36 rows=10792 width=0)
	                    Index Cond: ((id >= 2617541) AND (id <= 2627540))

table 7 : explain SELECT DISTINCT c FROM sbtest7 WHERE id BETWEEN 2994221 AND 3004220 ORDER BY c
	Unique  (cost=33468.02..33514.93 rows=9382 width=121)
	  ->  Sort  (cost=33468.02..33491.48 rows=9382 width=121)
	        Sort Key: c
	        ->  Bitmap Heap Scan on sbtest7  (cost=304.60..32849.01 rows=9382 width=121)
	              Recheck Cond: ((id >= 2994221) AND (id <= 3004220))
	              ->  Bitmap Index Scan on sbtest7_pkey  (cost=0.00..302.25 rows=9382 width=0)
	                    Index Cond: ((id >= 2994221) AND (id <= 3004220))

table 8 : explain SELECT DISTINCT c FROM sbtest8 WHERE id BETWEEN 5016177 AND 5026176 ORDER BY c
	Unique  (cost=33912.18..33959.77 rows=9518 width=121)
	  ->  Sort  (cost=33912.18..33935.97 rows=9518 width=121)
	        Sort Key: c
	        ->  Bitmap Heap Scan on sbtest8  (cost=309.99..33283.21 rows=9518 width=121)
	              Recheck Cond: ((id >= 5016177) AND (id <= 5026176))
	              ->  Bitmap Index Scan on sbtest8_pkey  (cost=0.00..307.62 rows=9518 width=0)
	                    Index Cond: ((id >= 5016177) AND (id <= 5026176))

for: distinct_ranges
table 1 : explain SELECT DISTINCT c FROM sbtest1 WHERE id BETWEEN 7550797 AND 7560796 ORDER BY c
	Unique  (cost=36090.98..36142.32 rows=10269 width=121)
	  ->  Sort  (cost=36090.98..36116.65 rows=10269 width=121)
	        Sort Key: c
	        ->  Bitmap Heap Scan on sbtest1  (cost=333.69..35406.75 rows=10269 width=121)
	              Recheck Cond: ((id >= 7550797) AND (id <= 7560796))
	              ->  Bitmap Index Scan on sbtest1_pkey  (cost=0.00..331.12 rows=10269 width=0)
	                    Index Cond: ((id >= 7550797) AND (id <= 7560796))

table 2 : explain SELECT DISTINCT c FROM sbtest2 WHERE id BETWEEN 9796210 AND 9806209 ORDER BY c
	Unique  (cost=35146.59..35196.24 rows=9929 width=121)
	  ->  Sort  (cost=35146.59..35171.42 rows=9929 width=121)
	        Sort Key: c
	        ->  Bitmap Heap Scan on sbtest2  (cost=322.21..34487.43 rows=9929 width=121)
	              Recheck Cond: ((id >= 9796210) AND (id <= 9806209))
	              ->  Bitmap Index Scan on sbtest2_pkey  (cost=0.00..319.73 rows=9929 width=0)
	                    Index Cond: ((id >= 9796210) AND (id <= 9806209))

table 3 : explain SELECT DISTINCT c FROM sbtest3 WHERE id BETWEEN 2147867 AND 2157866 ORDER BY c
	Unique  (cost=34171.03..34219.22 rows=9638 width=121)
	  ->  Sort  (cost=34171.03..34195.12 rows=9638 width=121)
	        Sort Key: c
	        ->  Bitmap Heap Scan on sbtest3  (cost=311.22..33533.26 rows=9638 width=121)
	              Recheck Cond: ((id >= 2147867) AND (id <= 2157866))
	              ->  Bitmap Index Scan on sbtest3_pkey  (cost=0.00..308.81 rows=9638 width=0)
	                    Index Cond: ((id >= 2147867) AND (id <= 2157866))

table 4 : explain SELECT DISTINCT c FROM sbtest4 WHERE id BETWEEN 9883361 AND 9893360 ORDER BY c
	Unique  (cost=37221.32..37274.02 rows=10540 width=121)
	  ->  Sort  (cost=37221.32..37247.67 rows=10540 width=121)
	        Sort Key: c
	        ->  Bitmap Heap Scan on sbtest4  (cost=340.47..36517.06 rows=10540 width=121)
	              Recheck Cond: ((id >= 9883361) AND (id <= 9893360))
	              ->  Bitmap Index Scan on sbtest4_pkey  (cost=0.00..337.83 rows=10540 width=0)
	                    Index Cond: ((id >= 9883361) AND (id <= 9893360))

table 5 : explain SELECT DISTINCT c FROM sbtest5 WHERE id BETWEEN 9721951 AND 9731950 ORDER BY c
	Unique  (cost=35505.07..35555.14 rows=10013 width=121)
	  ->  Sort  (cost=35505.07..35530.10 rows=10013 width=121)
	        Sort Key: c
	        ->  Bitmap Heap Scan on sbtest5  (cost=323.07..34839.73 rows=10013 width=121)
	              Recheck Cond: ((id >= 9721951) AND (id <= 9731950))
	              ->  Bitmap Index Scan on sbtest5_pkey  (cost=0.00..320.56 rows=10013 width=0)
	                    Index Cond: ((id >= 9721951) AND (id <= 9731950))

table 6 : explain SELECT DISTINCT c FROM sbtest6 WHERE id BETWEEN 7169206 AND 7179205 ORDER BY c
	Unique  (cost=35736.10..35786.49 rows=10078 width=121)
	  ->  Sort  (cost=35736.10..35761.29 rows=10078 width=121)
	        Sort Key: c
	        ->  Bitmap Heap Scan on sbtest6  (cost=327.73..35065.96 rows=10078 width=121)
	              Recheck Cond: ((id >= 7169206) AND (id <= 7179205))
	              ->  Bitmap Index Scan on sbtest6_pkey  (cost=0.00..325.21 rows=10078 width=0)
	                    Index Cond: ((id >= 7169206) AND (id <= 7179205))

table 7 : explain SELECT DISTINCT c FROM sbtest7 WHERE id BETWEEN 7080158 AND 7090157 ORDER BY c
	Unique  (cost=35062.12..35111.46 rows=9868 width=121)
	  ->  Sort  (cost=35062.12..35086.79 rows=9868 width=121)
	        Sort Key: c
	        ->  Bitmap Heap Scan on sbtest7  (cost=321.58..34407.45 rows=9868 width=121)
	              Recheck Cond: ((id >= 7080158) AND (id <= 7090157))
	              ->  Bitmap Index Scan on sbtest7_pkey  (cost=0.00..319.12 rows=9868 width=0)
	                    Index Cond: ((id >= 7080158) AND (id <= 7090157))

table 8 : explain SELECT DISTINCT c FROM sbtest8 WHERE id BETWEEN 8361928 AND 8371927 ORDER BY c
	Unique  (cost=34333.73..34381.97 rows=9647 width=121)
	  ->  Sort  (cost=34333.73..34357.85 rows=9647 width=121)
	        Sort Key: c
	        ->  Bitmap Heap Scan on sbtest8  (cost=311.32..33695.30 rows=9647 width=121)
	              Recheck Cond: ((id >= 8361928) AND (id <= 8371927))
	              ->  Bitmap Index Scan on sbtest8_pkey  (cost=0.00..308.91 rows=9647 width=0)
	                    Index Cond: ((id >= 8361928) AND (id <= 8371927))

for: sum_ranges
table 1 : explain SELECT SUM(k) FROM sbtest1 WHERE id BETWEEN 3789978 AND 3799977
	Aggregate  (cost=38554.70..38554.71 rows=1 width=8)
	  ->  Bitmap Heap Scan on sbtest1  (cost=363.99..38526.52 rows=11274 width=4)
	        Recheck Cond: ((id >= 3789978) AND (id <= 3799977))
	        ->  Bitmap Index Scan on sbtest1_pkey  (cost=0.00..361.18 rows=11274 width=0)
	              Index Cond: ((id >= 3789978) AND (id <= 3799977))

table 2 : explain SELECT SUM(k) FROM sbtest2 WHERE id BETWEEN 6452933 AND 6462932
	Aggregate  (cost=32161.48..32161.49 rows=1 width=8)
	  ->  Bitmap Heap Scan on sbtest2  (cost=298.64..32138.51 rows=9191 width=4)
	        Recheck Cond: ((id >= 6452933) AND (id <= 6462932))
	        ->  Bitmap Index Scan on sbtest2_pkey  (cost=0.00..296.34 rows=9191 width=0)
	              Index Cond: ((id >= 6452933) AND (id <= 6462932))

table 3 : explain SELECT SUM(k) FROM sbtest3 WHERE id BETWEEN 1474956 AND 1484955
	Aggregate  (cost=31805.39..31805.40 rows=1 width=8)
	  ->  Bitmap Heap Scan on sbtest3  (cost=293.61..31782.66 rows=9090 width=4)
	        Recheck Cond: ((id >= 1474956) AND (id <= 1484955))
	        ->  Bitmap Index Scan on sbtest3_pkey  (cost=0.00..291.33 rows=9090 width=0)
	              Index Cond: ((id >= 1474956) AND (id <= 1484955))

table 4 : explain SELECT SUM(k) FROM sbtest4 WHERE id BETWEEN 3275487 AND 3285486
	Aggregate  (cost=33373.66..33373.67 rows=1 width=8)
	  ->  Bitmap Heap Scan on sbtest4  (cost=310.25..33349.80 rows=9543 width=4)
	        Recheck Cond: ((id >= 3275487) AND (id <= 3285486))
	        ->  Bitmap Index Scan on sbtest4_pkey  (cost=0.00..307.87 rows=9543 width=0)
	              Index Cond: ((id >= 3275487) AND (id <= 3285486))

table 5 : explain SELECT SUM(k) FROM sbtest5 WHERE id BETWEEN 6554549 AND 6564548
	Aggregate  (cost=35122.45..35122.46 rows=1 width=8)
	  ->  Bitmap Heap Scan on sbtest5  (cost=327.89..35097.22 rows=10093 width=4)
	        Recheck Cond: ((id >= 6554549) AND (id <= 6564548))
	        ->  Bitmap Index Scan on sbtest5_pkey  (cost=0.00..325.37 rows=10093 width=0)
	              Index Cond: ((id >= 6554549) AND (id <= 6564548))

table 6 : explain SELECT SUM(k) FROM sbtest6 WHERE id BETWEEN 2903005 AND 2913004
	Aggregate  (cost=39473.81..39473.82 rows=1 width=8)
	  ->  Bitmap Heap Scan on sbtest6  (cost=370.01..39445.14 rows=11471 width=4)
	        Recheck Cond: ((id >= 2903005) AND (id <= 2913004))
	        ->  Bitmap Index Scan on sbtest6_pkey  (cost=0.00..367.15 rows=11471 width=0)
	              Index Cond: ((id >= 2903005) AND (id <= 2913004))

table 7 : explain SELECT SUM(k) FROM sbtest7 WHERE id BETWEEN 5922910 AND 5932909
	Aggregate  (cost=33299.43..33299.44 rows=1 width=8)
	  ->  Bitmap Heap Scan on sbtest7  (cost=309.95..33275.64 rows=9514 width=4)
	        Recheck Cond: ((id >= 5922910) AND (id <= 5932909))
	        ->  Bitmap Index Scan on sbtest7_pkey  (cost=0.00..307.57 rows=9514 width=0)
	              Index Cond: ((id >= 5922910) AND (id <= 5932909))

table 8 : explain SELECT SUM(k) FROM sbtest8 WHERE id BETWEEN 361834 AND 371833
	Aggregate  (cost=34798.12..34798.13 rows=1 width=8)
	  ->  Bitmap Heap Scan on sbtest8  (cost=322.78..34773.16 rows=9985 width=4)
	        Recheck Cond: ((id >= 361834) AND (id <= 371833))
	        ->  Bitmap Index Scan on sbtest8_pkey  (cost=0.00..320.29 rows=9985 width=0)
	              Index Cond: ((id >= 361834) AND (id <= 371833))

for: distinct_ranges
table 1 : explain SELECT DISTINCT c FROM sbtest1 WHERE id BETWEEN 7529943 AND 7539942 ORDER BY c
	Unique  (cost=36090.98..36142.32 rows=10269 width=121)
	  ->  Sort  (cost=36090.98..36116.65 rows=10269 width=121)
	        Sort Key: c
	        ->  Bitmap Heap Scan on sbtest1  (cost=333.69..35406.75 rows=10269 width=121)
	              Recheck Cond: ((id >= 7529943) AND (id <= 7539942))
	              ->  Bitmap Index Scan on sbtest1_pkey  (cost=0.00..331.12 rows=10269 width=0)
	                    Index Cond: ((id >= 7529943) AND (id <= 7539942))

table 2 : explain SELECT DISTINCT c FROM sbtest2 WHERE id BETWEEN 238196 AND 248195 ORDER BY c
	Unique  (cost=35319.10..35369.01 rows=9982 width=121)
	  ->  Sort  (cost=35319.10..35344.06 rows=9982 width=121)
	        Sort Key: c
	        ->  Bitmap Heap Scan on sbtest2  (cost=322.75..34656.04 rows=9982 width=121)
	              Recheck Cond: ((id >= 238196) AND (id <= 248195))
	              ->  Bitmap Index Scan on sbtest2_pkey  (cost=0.00..320.25 rows=9982 width=0)
	                    Index Cond: ((id >= 238196) AND (id <= 248195))

table 3 : explain SELECT DISTINCT c FROM sbtest3 WHERE id BETWEEN 8599899 AND 8609898 ORDER BY c
	Unique  (cost=34051.25..34099.26 rows=9601 width=121)
	  ->  Sort  (cost=34051.25..34075.26 rows=9601 width=121)
	        Sort Key: c
	        ->  Bitmap Heap Scan on sbtest3  (cost=310.85..33416.20 rows=9601 width=121)
	              Recheck Cond: ((id >= 8599899) AND (id <= 8609898))
	              ->  Bitmap Index Scan on sbtest3_pkey  (cost=0.00..308.44 rows=9601 width=0)
	                    Index Cond: ((id >= 8599899) AND (id <= 8609898))

table 4 : explain SELECT DISTINCT c FROM sbtest4 WHERE id BETWEEN 7168367 AND 7178366 ORDER BY c
	Unique  (cost=36744.50..36796.46 rows=10392 width=121)
	  ->  Sort  (cost=36744.50..36770.48 rows=10392 width=121)
	        Sort Key: c
	        ->  Bitmap Heap Scan on sbtest4  (cost=338.95..36051.19 rows=10392 width=121)
	              Recheck Cond: ((id >= 7168367) AND (id <= 7178366))
	              ->  Bitmap Index Scan on sbtest4_pkey  (cost=0.00..336.36 rows=10392 width=0)
	                    Index Cond: ((id >= 7168367) AND (id <= 7178366))

table 5 : explain SELECT DISTINCT c FROM sbtest5 WHERE id BETWEEN 3069779 AND 3079778 ORDER BY c
	Unique  (cost=36287.31..36338.58 rows=10253 width=121)
	  ->  Sort  (cost=36287.31..36312.95 rows=10253 width=121)
	        Sort Key: c
	        ->  Bitmap Heap Scan on sbtest5  (cost=333.53..35604.27 rows=10253 width=121)
	              Recheck Cond: ((id >= 3069779) AND (id <= 3079778))
	              ->  Bitmap Index Scan on sbtest5_pkey  (cost=0.00..330.96 rows=10253 width=0)
	                    Index Cond: ((id >= 3069779) AND (id <= 3079778))

table 6 : explain SELECT DISTINCT c FROM sbtest6 WHERE id BETWEEN 4049619 AND 4059618 ORDER BY c
	Unique  (cost=35782.63..35833.09 rows=10092 width=121)
	  ->  Sort  (cost=35782.63..35807.86 rows=10092 width=121)
	        Sort Key: c
	        ->  Bitmap Heap Scan on sbtest6  (cost=327.88..35111.46 rows=10092 width=121)
	              Recheck Cond: ((id >= 4049619) AND (id <= 4059618))
	              ->  Bitmap Index Scan on sbtest6_pkey  (cost=0.00..325.36 rows=10092 width=0)
	                    Index Cond: ((id >= 4049619) AND (id <= 4059618))

table 7 : explain SELECT DISTINCT c FROM sbtest7 WHERE id BETWEEN 7587984 AND 7597983 ORDER BY c
	Unique  (cost=38726.25..38781.25 rows=11001 width=121)
	  ->  Sort  (cost=38726.25..38753.75 rows=11001 width=121)
	        Sort Key: c
	        ->  Bitmap Heap Scan on sbtest7  (cost=357.20..37987.79 rows=11001 width=121)
	              Recheck Cond: ((id >= 7587984) AND (id <= 7597983))
	              ->  Bitmap Index Scan on sbtest7_pkey  (cost=0.00..354.44 rows=11001 width=0)
	                    Index Cond: ((id >= 7587984) AND (id <= 7597983))

table 8 : explain SELECT DISTINCT c FROM sbtest8 WHERE id BETWEEN 5411943 AND 5421942 ORDER BY c
	Unique  (cost=39691.90..39748.41 rows=11303 width=121)
	  ->  Sort  (cost=39691.90..39720.16 rows=11303 width=121)
	        Sort Key: c
	        ->  Bitmap Heap Scan on sbtest8  (cost=368.29..38930.96 rows=11303 width=121)
	              Recheck Cond: ((id >= 5411943) AND (id <= 5421942))
	              ->  Bitmap Index Scan on sbtest8_pkey  (cost=0.00..365.46 rows=11303 width=0)
	                    Index Cond: ((id >= 5411943) AND (id <= 5421942))

for: order_ranges
table 1 : explain SELECT c FROM sbtest1 WHERE id BETWEEN 4239700 AND 4249699 ORDER BY c
	Sort  (cost=34075.20..34099.31 rows=9643 width=121)
	  Sort Key: c
	  ->  Bitmap Heap Scan on sbtest1  (cost=311.28..33437.06 rows=9643 width=121)
	        Recheck Cond: ((id >= 4239700) AND (id <= 4249699))
	        ->  Bitmap Index Scan on sbtest1_pkey  (cost=0.00..308.87 rows=9643 width=0)
	              Index Cond: ((id >= 4239700) AND (id <= 4249699))

table 2 : explain SELECT c FROM sbtest2 WHERE id BETWEEN 4196023 AND 4206022 ORDER BY c
	Sort  (cost=34647.49..34671.93 rows=9775 width=121)
	  Sort Key: c
	  ->  Bitmap Heap Scan on sbtest2  (cost=316.63..33999.66 rows=9775 width=121)
	        Recheck Cond: ((id >= 4196023) AND (id <= 4206022))
	        ->  Bitmap Index Scan on sbtest2_pkey  (cost=0.00..314.19 rows=9775 width=0)
	              Index Cond: ((id >= 4196023) AND (id <= 4206022))

table 3 : explain SELECT c FROM sbtest3 WHERE id BETWEEN 8898892 AND 8908891 ORDER BY c
	Sort  (cost=36684.15..36710.19 rows=10416 width=121)
	  Sort Key: c
	  ->  Bitmap Heap Scan on sbtest3  (cost=335.20..35989.07 rows=10416 width=121)
	        Recheck Cond: ((id >= 8898892) AND (id <= 8908891))
	        ->  Bitmap Index Scan on sbtest3_pkey  (cost=0.00..332.59 rows=10416 width=0)
	              Index Cond: ((id >= 8898892) AND (id <= 8908891))

table 4 : explain SELECT c FROM sbtest4 WHERE id BETWEEN 5190330 AND 5200329 ORDER BY c
	Sort  (cost=35093.97..35118.68 rows=9884 width=121)
	  Sort Key: c
	  ->  Bitmap Heap Scan on sbtest4  (cost=321.75..34438.12 rows=9884 width=121)
	        Recheck Cond: ((id >= 5190330) AND (id <= 5200329))
	        ->  Bitmap Index Scan on sbtest4_pkey  (cost=0.00..319.28 rows=9884 width=0)
	              Index Cond: ((id >= 5190330) AND (id <= 5200329))

table 5 : explain SELECT c FROM sbtest5 WHERE id BETWEEN 960781 AND 970780 ORDER BY c
	Sort  (cost=34035.97..34059.87 rows=9562 width=121)
	  Sort Key: c
	  ->  Bitmap Heap Scan on sbtest5  (cost=310.45..33403.77 rows=9562 width=121)
	        Recheck Cond: ((id >= 960781) AND (id <= 970780))
	        ->  Bitmap Index Scan on sbtest5_pkey  (cost=0.00..308.06 rows=9562 width=0)
	              Index Cond: ((id >= 960781) AND (id <= 970780))

table 6 : explain SELECT c FROM sbtest6 WHERE id BETWEEN 4926264 AND 4936263 ORDER BY c
	Sort  (cost=36922.85..36948.96 rows=10444 width=121)
	  Sort Key: c
	  ->  Bitmap Heap Scan on sbtest6  (cost=339.49..36225.69 rows=10444 width=121)
	        Recheck Cond: ((id >= 4926264) AND (id <= 4936263))
	        ->  Bitmap Index Scan on sbtest6_pkey  (cost=0.00..336.88 rows=10444 width=0)
	              Index Cond: ((id >= 4926264) AND (id <= 4936263))

table 7 : explain SELECT c FROM sbtest7 WHERE id BETWEEN 1850147 AND 1860146 ORDER BY c
	Sort  (cost=36028.61..36054.03 rows=10166 width=121)
	  Sort Key: c
	  ->  Bitmap Heap Scan on sbtest7  (cost=328.64..35351.99 rows=10166 width=121)
	        Recheck Cond: ((id >= 1850147) AND (id <= 1860146))
	        ->  Bitmap Index Scan on sbtest7_pkey  (cost=0.00..326.09 rows=10166 width=0)
	              Index Cond: ((id >= 1850147) AND (id <= 1860146))

table 8 : explain SELECT c FROM sbtest8 WHERE id BETWEEN 1526167 AND 1536166 ORDER BY c
	Sort  (cost=38426.06..38453.33 rows=10909 width=121)
	  Sort Key: c
	  ->  Bitmap Heap Scan on sbtest8  (cost=352.25..37694.44 rows=10909 width=121)
	        Recheck Cond: ((id >= 1526167) AND (id <= 1536166))
	        ->  Bitmap Index Scan on sbtest8_pkey  (cost=0.00..349.53 rows=10909 width=0)
	              Index Cond: ((id >= 1526167) AND (id <= 1536166))

for: order_ranges
table 1 : explain SELECT c FROM sbtest1 WHERE id BETWEEN 7035093 AND 7045092 ORDER BY c
	Sort  (cost=37208.00..37234.55 rows=10618 width=121)
	  Sort Key: c
	  ->  Bitmap Heap Scan on sbtest1  (cost=345.27..36497.97 rows=10618 width=121)
	        Recheck Cond: ((id >= 7035093) AND (id <= 7045092))
	        ->  Bitmap Index Scan on sbtest1_pkey  (cost=0.00..342.62 rows=10618 width=0)
	              Index Cond: ((id >= 7035093) AND (id <= 7045092))

table 2 : explain SELECT c FROM sbtest2 WHERE id BETWEEN 2460904 AND 2470903 ORDER BY c
	Sort  (cost=36247.94..36273.61 rows=10269 width=121)
	  Sort Key: c
	  ->  Bitmap Heap Scan on sbtest2  (cost=333.69..35563.71 rows=10269 width=121)
	        Recheck Cond: ((id >= 2460904) AND (id <= 2470903))
	        ->  Bitmap Index Scan on sbtest2_pkey  (cost=0.00..331.12 rows=10269 width=0)
	              Index Cond: ((id >= 2460904) AND (id <= 2470903))

table 3 : explain SELECT c FROM sbtest3 WHERE id BETWEEN 1161545 AND 1171544 ORDER BY c
	Sort  (cost=35838.14..35863.52 rows=10153 width=121)
	  Sort Key: c
	  ->  Bitmap Heap Scan on sbtest3  (cost=328.50..35162.48 rows=10153 width=121)
	        Recheck Cond: ((id >= 1161545) AND (id <= 1171544))
	        ->  Bitmap Index Scan on sbtest3_pkey  (cost=0.00..325.96 rows=10153 width=0)
	              Index Cond: ((id >= 1161545) AND (id <= 1171544))

table 4 : explain SELECT c FROM sbtest4 WHERE id BETWEEN 760095 AND 770094 ORDER BY c
	Sort  (cost=33346.93..33370.31 rows=9350 width=121)
	  Sort Key: c
	  ->  Bitmap Heap Scan on sbtest4  (cost=304.27..32730.27 rows=9350 width=121)
	        Recheck Cond: ((id >= 760095) AND (id <= 770094))
	        ->  Bitmap Index Scan on sbtest4_pkey  (cost=0.00..301.94 rows=9350 width=0)
	              Index Cond: ((id >= 760095) AND (id <= 770094))

table 5 : explain SELECT c FROM sbtest5 WHERE id BETWEEN 2640272 AND 2650271 ORDER BY c
	Sort  (cost=35048.87..35073.55 rows=9872 width=121)
	  Sort Key: c
	  ->  Bitmap Heap Scan on sbtest5  (cost=321.62..34393.90 rows=9872 width=121)
	        Recheck Cond: ((id >= 2640272) AND (id <= 2650271))
	        ->  Bitmap Index Scan on sbtest5_pkey  (cost=0.00..319.16 rows=9872 width=0)
	              Index Cond: ((id >= 2640272) AND (id <= 2650271))

table 6 : explain SELECT c FROM sbtest6 WHERE id BETWEEN 7571649 AND 7581648 ORDER BY c
	Sort  (cost=32443.10..32465.78 rows=9073 width=121)
	  Sort Key: c
	  ->  Bitmap Heap Scan on sbtest6  (cost=293.43..31846.67 rows=9073 width=121)
	        Recheck Cond: ((id >= 7571649) AND (id <= 7581648))
	        ->  Bitmap Index Scan on sbtest6_pkey  (cost=0.00..291.17 rows=9073 width=0)
	              Index Cond: ((id >= 7571649) AND (id <= 7581648))

table 7 : explain SELECT c FROM sbtest7 WHERE id BETWEEN 9451217 AND 9461216 ORDER BY c
	Sort  (cost=34821.19..34845.68 rows=9795 width=121)
	  Sort Key: c
	  ->  Bitmap Heap Scan on sbtest7  (cost=316.83..34171.89 rows=9795 width=121)
	        Recheck Cond: ((id >= 9451217) AND (id <= 9461216))
	        ->  Bitmap Index Scan on sbtest7_pkey  (cost=0.00..314.38 rows=9795 width=0)
	              Index Cond: ((id >= 9451217) AND (id <= 9461216))

table 8 : explain SELECT c FROM sbtest8 WHERE id BETWEEN 6502089 AND 6512088 ORDER BY c
	Sort  (cost=34337.08..34361.20 rows=9648 width=121)
	  Sort Key: c
	  ->  Bitmap Heap Scan on sbtest8  (cost=311.33..33698.57 rows=9648 width=121)
	        Recheck Cond: ((id >= 6502089) AND (id <= 6512088))
	        ->  Bitmap Index Scan on sbtest8_pkey  (cost=0.00..308.92 rows=9648 width=0)
	              Index Cond: ((id >= 6502089) AND (id <= 6512088))

for: sum_ranges
table 1 : explain SELECT SUM(k) FROM sbtest1 WHERE id BETWEEN 6294597 AND 6304596
	Aggregate  (cost=32929.43..32929.44 rows=1 width=8)
	  ->  Bitmap Heap Scan on sbtest1  (cost=309.54..32905.75 rows=9474 width=4)
	        Recheck Cond: ((id >= 6294597) AND (id <= 6304596))
	        ->  Bitmap Index Scan on sbtest1_pkey  (cost=0.00..307.18 rows=9474 width=0)
	              Index Cond: ((id >= 6294597) AND (id <= 6304596))

table 2 : explain SELECT SUM(k) FROM sbtest2 WHERE id BETWEEN 3149559 AND 3159558
	Aggregate  (cost=36749.17..36749.18 rows=1 width=8)
	  ->  Bitmap Heap Scan on sbtest2  (cost=345.46..36722.58 rows=10637 width=4)
	        Recheck Cond: ((id >= 3149559) AND (id <= 3159558))
	        ->  Bitmap Index Scan on sbtest2_pkey  (cost=0.00..342.81 rows=10637 width=0)
	              Index Cond: ((id >= 3149559) AND (id <= 3159558))

table 3 : explain SELECT SUM(k) FROM sbtest3 WHERE id BETWEEN 1754928 AND 1764927
	Aggregate  (cost=37996.59..37996.60 rows=1 width=8)
	  ->  Bitmap Heap Scan on sbtest3  (cost=357.69..37968.97 rows=11049 width=4)
	        Recheck Cond: ((id >= 1754928) AND (id <= 1764927))
	        ->  Bitmap Index Scan on sbtest3_pkey  (cost=0.00..354.93 rows=11049 width=0)
	              Index Cond: ((id >= 1754928) AND (id <= 1764927))

table 4 : explain SELECT SUM(k) FROM sbtest4 WHERE id BETWEEN 6768232 AND 6778231
	Aggregate  (cost=35368.28..35368.29 rows=1 width=8)
	  ->  Bitmap Heap Scan on sbtest4  (cost=328.67..35342.86 rows=10169 width=4)
	        Recheck Cond: ((id >= 6768232) AND (id <= 6778231))
	        ->  Bitmap Index Scan on sbtest4_pkey  (cost=0.00..326.12 rows=10169 width=0)
	              Index Cond: ((id >= 6768232) AND (id <= 6778231))

table 5 : explain SELECT SUM(k) FROM sbtest5 WHERE id BETWEEN 4996485 AND 5006484
	Aggregate  (cost=33171.66..33171.67 rows=1 width=8)
	  ->  Bitmap Heap Scan on sbtest5  (cost=305.64..33147.95 rows=9483 width=4)
	        Recheck Cond: ((id >= 4996485) AND (id <= 5006484))
	        ->  Bitmap Index Scan on sbtest5_pkey  (cost=0.00..303.26 rows=9483 width=0)
	              Index Cond: ((id >= 4996485) AND (id <= 5006484))

table 6 : explain SELECT SUM(k) FROM sbtest6 WHERE id BETWEEN 3204507 AND 3214506
	Aggregate  (cost=35123.68..35123.69 rows=1 width=8)
	  ->  Bitmap Heap Scan on sbtest6  (cost=327.84..35098.46 rows=10088 width=4)
	        Recheck Cond: ((id >= 3204507) AND (id <= 3214506))
	        ->  Bitmap Index Scan on sbtest6_pkey  (cost=0.00..325.31 rows=10088 width=0)
	              Index Cond: ((id >= 3204507) AND (id <= 3214506))

table 7 : explain SELECT SUM(k) FROM sbtest7 WHERE id BETWEEN 4642864 AND 4652863
	Aggregate  (cost=32560.54..32560.55 rows=1 width=8)
	  ->  Bitmap Heap Scan on sbtest7  (cost=303.60..32537.33 rows=9284 width=4)
	        Recheck Cond: ((id >= 4642864) AND (id <= 4652863))
	        ->  Bitmap Index Scan on sbtest7_pkey  (cost=0.00..301.28 rows=9284 width=0)
	              Index Cond: ((id >= 4642864) AND (id <= 4652863))

table 8 : explain SELECT SUM(k) FROM sbtest8 WHERE id BETWEEN 6237415 AND 6247414
	Aggregate  (cost=33428.18..33428.19 rows=1 width=8)
	  ->  Bitmap Heap Scan on sbtest8  (cost=310.38..33404.29 rows=9556 width=4)
	        Recheck Cond: ((id >= 6237415) AND (id <= 6247414))
	        ->  Bitmap Index Scan on sbtest8_pkey  (cost=0.00..308.00 rows=9556 width=0)
	              Index Cond: ((id >= 6237415) AND (id <= 6247414))

for: distinct_ranges
table 1 : explain SELECT DISTINCT c FROM sbtest1 WHERE id BETWEEN 8620590 AND 8630589 ORDER BY c
	Unique  (cost=33587.86..33635.31 rows=9491 width=121)
	  ->  Sort  (cost=33587.86..33611.58 rows=9491 width=121)
	        Sort Key: c
	        ->  Bitmap Heap Scan on sbtest1  (cost=309.72..32960.86 rows=9491 width=121)
	              Recheck Cond: ((id >= 8620590) AND (id <= 8630589))
	              ->  Bitmap Index Scan on sbtest1_pkey  (cost=0.00..307.34 rows=9491 width=0)
	                    Index Cond: ((id >= 8620590) AND (id <= 8630589))

table 2 : explain SELECT DISTINCT c FROM sbtest2 WHERE id BETWEEN 5764822 AND 5774821 ORDER BY c
	Unique  (cost=34557.67..34606.40 rows=9747 width=121)
	  ->  Sort  (cost=34557.67..34582.04 rows=9747 width=121)
	        Sort Key: c
	        ->  Bitmap Heap Scan on sbtest2  (cost=316.34..33911.89 rows=9747 width=121)
	              Recheck Cond: ((id >= 5764822) AND (id <= 5774821))
	              ->  Bitmap Index Scan on sbtest2_pkey  (cost=0.00..313.91 rows=9747 width=0)
	                    Index Cond: ((id >= 5764822) AND (id <= 5774821))

table 3 : explain SELECT DISTINCT c FROM sbtest3 WHERE id BETWEEN 5763388 AND 5773387 ORDER BY c
	Unique  (cost=33707.59..33755.07 rows=9496 width=121)
	  ->  Sort  (cost=33707.59..33731.33 rows=9496 width=121)
	        Sort Key: c
	        ->  Bitmap Heap Scan on sbtest3  (cost=305.77..33080.24 rows=9496 width=121)
	              Recheck Cond: ((id >= 5763388) AND (id <= 5773387))
	              ->  Bitmap Index Scan on sbtest3_pkey  (cost=0.00..303.40 rows=9496 width=0)
	                    Index Cond: ((id >= 5763388) AND (id <= 5773387))

table 4 : explain SELECT DISTINCT c FROM sbtest4 WHERE id BETWEEN 1104501 AND 1114500 ORDER BY c
	Unique  (cost=33987.29..34035.01 rows=9545 width=121)
	  ->  Sort  (cost=33987.29..34011.15 rows=9545 width=121)
	        Sort Key: c
	        ->  Bitmap Heap Scan on sbtest4  (cost=310.27..33356.34 rows=9545 width=121)
	              Recheck Cond: ((id >= 1104501) AND (id <= 1114500))
	              ->  Bitmap Index Scan on sbtest4_pkey  (cost=0.00..307.88 rows=9545 width=0)
	                    Index Cond: ((id >= 1104501) AND (id <= 1114500))

table 5 : explain SELECT DISTINCT c FROM sbtest5 WHERE id BETWEEN 1278292 AND 1288291 ORDER BY c
	Unique  (cost=32747.55..32793.39 rows=9169 width=121)
	  ->  Sort  (cost=32747.55..32770.47 rows=9169 width=121)
	        Sort Key: c
	        ->  Bitmap Heap Scan on sbtest5  (cost=298.42..32144.11 rows=9169 width=121)
	              Recheck Cond: ((id >= 1278292) AND (id <= 1288291))
	              ->  Bitmap Index Scan on sbtest5_pkey  (cost=0.00..296.12 rows=9169 width=0)
	                    Index Cond: ((id >= 1278292) AND (id <= 1288291))

table 6 : explain SELECT DISTINCT c FROM sbtest6 WHERE id BETWEEN 6410492 AND 6420491 ORDER BY c
	Unique  (cost=37409.50..37462.48 rows=10595 width=121)
	  ->  Sort  (cost=37409.50..37435.99 rows=10595 width=121)
	        Sort Key: c
	        ->  Bitmap Heap Scan on sbtest6  (cost=341.03..36701.17 rows=10595 width=121)
	              Recheck Cond: ((id >= 6410492) AND (id <= 6420491))
	              ->  Bitmap Index Scan on sbtest6_pkey  (cost=0.00..338.38 rows=10595 width=0)
	                    Index Cond: ((id >= 6410492) AND (id <= 6420491))

table 7 : explain SELECT DISTINCT c FROM sbtest7 WHERE id BETWEEN 3496161 AND 3506160 ORDER BY c
	Unique  (cost=36567.43..36619.09 rows=10332 width=121)
	  ->  Sort  (cost=36567.43..36593.26 rows=10332 width=121)
	        Sort Key: c
	        ->  Bitmap Heap Scan on sbtest7  (cost=334.34..35878.55 rows=10332 width=121)
	              Recheck Cond: ((id >= 3496161) AND (id <= 3506160))
	              ->  Bitmap Index Scan on sbtest7_pkey  (cost=0.00..331.75 rows=10332 width=0)
	                    Index Cond: ((id >= 3496161) AND (id <= 3506160))

table 8 : explain SELECT DISTINCT c FROM sbtest8 WHERE id BETWEEN 106243 AND 116242 ORDER BY c
	Unique  (cost=32632.19..32677.83 rows=9128 width=121)
	  ->  Sort  (cost=32632.19..32655.01 rows=9128 width=121)
	        Sort Key: c
	        ->  Bitmap Heap Scan on sbtest8  (cost=298.00..32031.74 rows=9128 width=121)
	              Recheck Cond: ((id >= 106243) AND (id <= 116242))
	              ->  Bitmap Index Scan on sbtest8_pkey  (cost=0.00..295.71 rows=9128 width=0)
	                    Index Cond: ((id >= 106243) AND (id <= 116242))

for: order_ranges
table 1 : explain SELECT c FROM sbtest1 WHERE id BETWEEN 9897130 AND 9907129 ORDER BY c
	Sort  (cost=33301.74..33325.25 rows=9404 width=121)
	  Sort Key: c
	  ->  Bitmap Heap Scan on sbtest1  (cost=304.83..32681.12 rows=9404 width=121)
	        Recheck Cond: ((id >= 9897130) AND (id <= 9907129))
	        ->  Bitmap Index Scan on sbtest1_pkey  (cost=0.00..302.48 rows=9404 width=0)
	              Index Cond: ((id >= 9897130) AND (id <= 9907129))

table 2 : explain SELECT c FROM sbtest2 WHERE id BETWEEN 2475650 AND 2485649 ORDER BY c
	Sort  (cost=36247.94..36273.61 rows=10269 width=121)
	  Sort Key: c
	  ->  Bitmap Heap Scan on sbtest2  (cost=333.69..35563.71 rows=10269 width=121)
	        Recheck Cond: ((id >= 2475650) AND (id <= 2485649))
	        ->  Bitmap Index Scan on sbtest2_pkey  (cost=0.00..331.12 rows=10269 width=0)
	              Index Cond: ((id >= 2475650) AND (id <= 2485649))

table 3 : explain SELECT c FROM sbtest3 WHERE id BETWEEN 6383878 AND 6393877 ORDER BY c
	Sort  (cost=35702.55..35727.83 rows=10111 width=121)
	  Sort Key: c
	  ->  Bitmap Heap Scan on sbtest3  (cost=328.07..35029.98 rows=10111 width=121)
	        Recheck Cond: ((id >= 6383878) AND (id <= 6393877))
	        ->  Bitmap Index Scan on sbtest3_pkey  (cost=0.00..325.55 rows=10111 width=0)
	              Index Cond: ((id >= 6383878) AND (id <= 6393877))

table 4 : explain SELECT c FROM sbtest4 WHERE id BETWEEN 483086 AND 493085 ORDER BY c
	Sort  (cost=33916.98..33940.79 rows=9523 width=121)
	  Sort Key: c
	  ->  Bitmap Heap Scan on sbtest4  (cost=310.05..33287.64 rows=9523 width=121)
	        Recheck Cond: ((id >= 483086) AND (id <= 493085))
	        ->  Bitmap Index Scan on sbtest4_pkey  (cost=0.00..307.67 rows=9523 width=0)
	              Index Cond: ((id >= 483086) AND (id <= 493085))

table 5 : explain SELECT c FROM sbtest5 WHERE id BETWEEN 8050449 AND 8060448 ORDER BY c
	Sort  (cost=34029.28..34053.18 rows=9560 width=121)
	  Sort Key: c
	  ->  Bitmap Heap Scan on sbtest5  (cost=310.43..33397.23 rows=9560 width=121)
	        Recheck Cond: ((id >= 8050449) AND (id <= 8060448))
	        ->  Bitmap Index Scan on sbtest5_pkey  (cost=0.00..308.04 rows=9560 width=0)
	              Index Cond: ((id >= 8050449) AND (id <= 8060448))

table 6 : explain SELECT c FROM sbtest6 WHERE id BETWEEN 4208800 AND 4218799 ORDER BY c
	Sort  (cost=41015.42..41044.72 rows=11720 width=121)
	  Sort Key: c
	  ->  Bitmap Heap Scan on sbtest6  (cost=380.56..40223.34 rows=11720 width=121)
	        Recheck Cond: ((id >= 4208800) AND (id <= 4218799))
	        ->  Bitmap Index Scan on sbtest6_pkey  (cost=0.00..377.63 rows=11720 width=0)
	              Index Cond: ((id >= 4208800) AND (id <= 4218799))

table 7 : explain SELECT c FROM sbtest7 WHERE id BETWEEN 9677353 AND 9687352 ORDER BY c
	Sort  (cost=37035.66..37061.85 rows=10476 width=121)
	  Sort Key: c
	  ->  Bitmap Heap Scan on sbtest7  (cost=339.81..36336.13 rows=10476 width=121)
	        Recheck Cond: ((id >= 9677353) AND (id <= 9687352))
	        ->  Bitmap Index Scan on sbtest7_pkey  (cost=0.00..337.19 rows=10476 width=0)
	              Index Cond: ((id >= 9677353) AND (id <= 9687352))

table 8 : explain SELECT c FROM sbtest8 WHERE id BETWEEN 6873420 AND 6883419 ORDER BY c
	Sort  (cost=32550.78..32573.54 rows=9104 width=121)
	  Sort Key: c
	  ->  Bitmap Heap Scan on sbtest8  (cost=293.75..31952.09 rows=9104 width=121)
	        Recheck Cond: ((id >= 6873420) AND (id <= 6883419))
	        ->  Bitmap Index Scan on sbtest8_pkey  (cost=0.00..291.48 rows=9104 width=0)
	              Index Cond: ((id >= 6873420) AND (id <= 6883419))

for: distinct_ranges
table 1 : explain SELECT DISTINCT c FROM sbtest1 WHERE id BETWEEN 7852203 AND 7862202 ORDER BY c
	Unique  (cost=32712.46..32758.57 rows=9222 width=121)
	  ->  Sort  (cost=32712.46..32735.51 rows=9222 width=121)
	        Sort Key: c
	        ->  Bitmap Heap Scan on sbtest1  (cost=298.96..32105.15 rows=9222 width=121)
	              Recheck Cond: ((id >= 7852203) AND (id <= 7862202))
	              ->  Bitmap Index Scan on sbtest1_pkey  (cost=0.00..296.66 rows=9222 width=0)
	                    Index Cond: ((id >= 7852203) AND (id <= 7862202))

table 2 : explain SELECT DISTINCT c FROM sbtest2 WHERE id BETWEEN 6997218 AND 7007217 ORDER BY c
	Unique  (cost=38726.96..38782.17 rows=11042 width=121)
	  ->  Sort  (cost=38726.96..38754.57 rows=11042 width=121)
	        Sort Key: c
	        ->  Bitmap Heap Scan on sbtest2  (cost=357.62..37985.45 rows=11042 width=121)
	              Recheck Cond: ((id >= 6997218) AND (id <= 7007217))
	              ->  Bitmap Index Scan on sbtest2_pkey  (cost=0.00..354.86 rows=11042 width=0)
	                    Index Cond: ((id >= 6997218) AND (id <= 7007217))

table 3 : explain SELECT DISTINCT c FROM sbtest3 WHERE id BETWEEN 769911 AND 779910 ORDER BY c
	Unique  (cost=32005.12..32049.99 rows=8975 width=121)
	  ->  Sort  (cost=32005.12..32027.55 rows=8975 width=121)
	        Sort Key: c
	        ->  Bitmap Heap Scan on sbtest3  (cost=292.43..31415.83 rows=8975 width=121)
	              Recheck Cond: ((id >= 769911) AND (id <= 779910))
	              ->  Bitmap Index Scan on sbtest3_pkey  (cost=0.00..290.19 rows=8975 width=0)
	                    Index Cond: ((id >= 769911) AND (id <= 779910))

table 4 : explain SELECT DISTINCT c FROM sbtest4 WHERE id BETWEEN 661244 AND 671243 ORDER BY c
	Unique  (cost=37992.75..38046.64 rows=10779 width=121)
	  ->  Sort  (cost=37992.75..38019.69 rows=10779 width=121)
	        Sort Key: c
	        ->  Bitmap Heap Scan on sbtest4  (cost=350.92..37270.77 rows=10779 width=121)
	              Recheck Cond: ((id >= 661244) AND (id <= 671243))
	              ->  Bitmap Index Scan on sbtest4_pkey  (cost=0.00..348.23 rows=10779 width=0)
	                    Index Cond: ((id >= 661244) AND (id <= 671243))

table 5 : explain SELECT DISTINCT c FROM sbtest5 WHERE id BETWEEN 8396343 AND 8406342 ORDER BY c
	Unique  (cost=35441.80..35491.77 rows=9993 width=121)
	  ->  Sort  (cost=35441.80..35466.78 rows=9993 width=121)
	        Sort Key: c
	        ->  Bitmap Heap Scan on sbtest5  (cost=322.86..34777.93 rows=9993 width=121)
	              Recheck Cond: ((id >= 8396343) AND (id <= 8406342))
	              ->  Bitmap Index Scan on sbtest5_pkey  (cost=0.00..320.37 rows=9993 width=0)
	                    Index Cond: ((id >= 8396343) AND (id <= 8406342))

table 6 : explain SELECT DISTINCT c FROM sbtest6 WHERE id BETWEEN 2252830 AND 2262829 ORDER BY c
	Unique  (cost=34263.15..34311.28 rows=9627 width=121)
	  ->  Sort  (cost=34263.15..34287.22 rows=9627 width=121)
	        Sort Key: c
	        ->  Bitmap Heap Scan on sbtest6  (cost=311.11..33626.19 rows=9627 width=121)
	              Recheck Cond: ((id >= 2252830) AND (id <= 2262829))
	              ->  Bitmap Index Scan on sbtest6_pkey  (cost=0.00..308.70 rows=9627 width=0)
	                    Index Cond: ((id >= 2252830) AND (id <= 2262829))

table 7 : explain SELECT DISTINCT c FROM sbtest7 WHERE id BETWEEN 9650918 AND 9660917 ORDER BY c
	Unique  (cost=37035.66..37088.04 rows=10476 width=121)
	  ->  Sort  (cost=37035.66..37061.85 rows=10476 width=121)
	        Sort Key: c
	        ->  Bitmap Heap Scan on sbtest7  (cost=339.81..36336.13 rows=10476 width=121)
	              Recheck Cond: ((id >= 9650918) AND (id <= 9660917))
	              ->  Bitmap Index Scan on sbtest7_pkey  (cost=0.00..337.19 rows=10476 width=0)
	                    Index Cond: ((id >= 9650918) AND (id <= 9660917))

table 8 : explain SELECT DISTINCT c FROM sbtest8 WHERE id BETWEEN 4324776 AND 4334775 ORDER BY c
	Unique  (cost=36002.85..36053.65 rows=10159 width=121)
	  ->  Sort  (cost=36002.85..36028.25 rows=10159 width=121)
	        Sort Key: c
	        ->  Bitmap Heap Scan on sbtest8  (cost=328.56..35326.74 rows=10159 width=121)
	              Recheck Cond: ((id >= 4324776) AND (id <= 4334775))
	              ->  Bitmap Index Scan on sbtest8_pkey  (cost=0.00..326.03 rows=10159 width=0)
	                    Index Cond: ((id >= 4324776) AND (id <= 4334775))

explain: for point_selects :: explain SELECT c FROM sbtest%u WHERE id=%u
for: order_ranges
table 1 : explain SELECT c FROM sbtest1 WHERE id BETWEEN 9083932 AND 9093931 ORDER BY c
	Sort  (cost=36866.55..36892.83 rows=10512 width=121)
	  Sort Key: c
	  ->  Bitmap Heap Scan on sbtest1  (cost=340.18..36164.37 rows=10512 width=121)
	        Recheck Cond: ((id >= 9083932) AND (id <= 9093931))
	        ->  Bitmap Index Scan on sbtest1_pkey  (cost=0.00..337.56 rows=10512 width=0)
	              Index Cond: ((id >= 9083932) AND (id <= 9093931))

table 2 : explain SELECT c FROM sbtest2 WHERE id BETWEEN 6677498 AND 6687497 ORDER BY c
	Sort  (cost=34967.24..34991.92 rows=9873 width=121)
	  Sort Key: c
	  ->  Bitmap Heap Scan on sbtest2  (cost=321.63..34312.20 rows=9873 width=121)
	        Recheck Cond: ((id >= 6677498) AND (id <= 6687497))
	        ->  Bitmap Index Scan on sbtest2_pkey  (cost=0.00..319.17 rows=9873 width=0)
	              Index Cond: ((id >= 6677498) AND (id <= 6687497))

table 3 : explain SELECT c FROM sbtest3 WHERE id BETWEEN 2675349 AND 2685348 ORDER BY c
	Sort  (cost=33654.32..33678.02 rows=9480 width=121)
	  Sort Key: c
	  ->  Bitmap Heap Scan on sbtest3  (cost=305.61..33028.14 rows=9480 width=121)
	        Recheck Cond: ((id >= 2675349) AND (id <= 2685348))
	        ->  Bitmap Index Scan on sbtest3_pkey  (cost=0.00..303.24 rows=9480 width=0)
	              Index Cond: ((id >= 2675349) AND (id <= 2685348))

table 4 : explain SELECT c FROM sbtest4 WHERE id BETWEEN 1153263 AND 1163262 ORDER BY c
	Sort  (cost=33987.29..34011.15 rows=9545 width=121)
	  Sort Key: c
	  ->  Bitmap Heap Scan on sbtest4  (cost=310.27..33356.34 rows=9545 width=121)
	        Recheck Cond: ((id >= 1153263) AND (id <= 1163262))
	        ->  Bitmap Index Scan on sbtest4_pkey  (cost=0.00..307.88 rows=9545 width=0)
	              Index Cond: ((id >= 1153263) AND (id <= 1163262))

table 5 : explain SELECT c FROM sbtest5 WHERE id BETWEEN 2974572 AND 2984571 ORDER BY c
	Sort  (cost=33224.83..33248.12 rows=9314 width=121)
	  Sort Key: c
	  ->  Bitmap Heap Scan on sbtest5  (cost=303.90..32610.80 rows=9314 width=121)
	        Recheck Cond: ((id >= 2974572) AND (id <= 2984571))
	        ->  Bitmap Index Scan on sbtest5_pkey  (cost=0.00..301.57 rows=9314 width=0)
	              Index Cond: ((id >= 2974572) AND (id <= 2984571))

table 6 : explain SELECT c FROM sbtest6 WHERE id BETWEEN 3036779 AND 3046778 ORDER BY c
	Sort  (cost=37343.39..37369.83 rows=10575 width=121)
	  Sort Key: c
	  ->  Bitmap Heap Scan on sbtest6  (cost=340.83..36636.54 rows=10575 width=121)
	        Recheck Cond: ((id >= 3036779) AND (id <= 3046778))
	        ->  Bitmap Index Scan on sbtest6_pkey  (cost=0.00..338.19 rows=10575 width=0)
	              Index Cond: ((id >= 3036779) AND (id <= 3046778))

table 7 : explain SELECT c FROM sbtest7 WHERE id BETWEEN 1165779 AND 1175778 ORDER BY c
	Sort  (cost=35305.62..35330.48 rows=9944 width=121)
	  Sort Key: c
	  ->  Bitmap Heap Scan on sbtest7  (cost=322.36..34645.36 rows=9944 width=121)
	        Recheck Cond: ((id >= 1165779) AND (id <= 1175778))
	        ->  Bitmap Index Scan on sbtest7_pkey  (cost=0.00..319.88 rows=9944 width=0)
	              Index Cond: ((id >= 1165779) AND (id <= 1175778))

table 8 : explain SELECT c FROM sbtest8 WHERE id BETWEEN 7709693 AND 7719692 ORDER BY c
	Sort  (cost=34122.98..34146.94 rows=9582 width=121)
	  Sort Key: c
	  ->  Bitmap Heap Scan on sbtest8  (cost=310.65..33489.32 rows=9582 width=121)
	        Recheck Cond: ((id >= 7709693) AND (id <= 7719692))
	        ->  Bitmap Index Scan on sbtest8_pkey  (cost=0.00..308.25 rows=9582 width=0)
	              Index Cond: ((id >= 7709693) AND (id <= 7719692))

for: distinct_ranges
table 1 : explain SELECT DISTINCT c FROM sbtest1 WHERE id BETWEEN 277939 AND 287938 ORDER BY c
	Unique  (cost=33690.70..33738.31 rows=9523 width=121)
	  ->  Sort  (cost=33690.70..33714.51 rows=9523 width=121)
	        Sort Key: c
	        ->  Bitmap Heap Scan on sbtest1  (cost=310.05..33061.36 rows=9523 width=121)
	              Recheck Cond: ((id >= 277939) AND (id <= 287938))
	              ->  Bitmap Index Scan on sbtest1_pkey  (cost=0.00..307.67 rows=9523 width=0)
	                    Index Cond: ((id >= 277939) AND (id <= 287938))

table 2 : explain SELECT DISTINCT c FROM sbtest2 WHERE id BETWEEN 8463826 AND 8473825 ORDER BY c
	Unique  (cost=33296.11..33342.91 rows=9360 width=121)
	  ->  Sort  (cost=33296.11..33319.51 rows=9360 width=121)
	        Sort Key: c
	        ->  Bitmap Heap Scan on sbtest2  (cost=304.38..32678.71 rows=9360 width=121)
	              Recheck Cond: ((id >= 8463826) AND (id <= 8473825))
	              ->  Bitmap Index Scan on sbtest2_pkey  (cost=0.00..302.04 rows=9360 width=0)
	                    Index Cond: ((id >= 8463826) AND (id <= 8473825))

table 3 : explain SELECT DISTINCT c FROM sbtest3 WHERE id BETWEEN 2363941 AND 2373940 ORDER BY c
	Unique  (cost=33904.81..33952.59 rows=9556 width=121)
	  ->  Sort  (cost=33904.81..33928.70 rows=9556 width=121)
	        Sort Key: c
	        ->  Bitmap Heap Scan on sbtest3  (cost=310.38..33273.06 rows=9556 width=121)
	              Recheck Cond: ((id >= 2363941) AND (id <= 2373940))
	              ->  Bitmap Index Scan on sbtest3_pkey  (cost=0.00..308.00 rows=9556 width=0)
	                    Index Cond: ((id >= 2363941) AND (id <= 2373940))

table 4 : explain SELECT DISTINCT c FROM sbtest4 WHERE id BETWEEN 189280 AND 199279 ORDER BY c
	Unique  (cost=33134.93..33181.36 rows=9286 width=121)
	  ->  Sort  (cost=33134.93..33158.15 rows=9286 width=121)
	        Sort Key: c
	        ->  Bitmap Heap Scan on sbtest4  (cost=299.62..32522.95 rows=9286 width=121)
	              Recheck Cond: ((id >= 189280) AND (id <= 199279))
	              ->  Bitmap Index Scan on sbtest4_pkey  (cost=0.00..297.30 rows=9286 width=0)
	                    Index Cond: ((id >= 189280) AND (id <= 199279))

table 5 : explain SELECT DISTINCT c FROM sbtest5 WHERE id BETWEEN 1745393 AND 1755392 ORDER BY c
	Unique  (cost=35551.61..35601.74 rows=10027 width=121)
	  ->  Sort  (cost=35551.61..35576.68 rows=10027 width=121)
	        Sort Key: c
	        ->  Bitmap Heap Scan on sbtest5  (cost=323.21..34885.23 rows=10027 width=121)
	              Recheck Cond: ((id >= 1745393) AND (id <= 1755392))
	              ->  Bitmap Index Scan on sbtest5_pkey  (cost=0.00..320.70 rows=10027 width=0)
	                    Index Cond: ((id >= 1745393) AND (id <= 1755392))

table 6 : explain SELECT DISTINCT c FROM sbtest6 WHERE id BETWEEN 8172917 AND 8182916 ORDER BY c
	Unique  (cost=34109.32..34157.22 rows=9580 width=121)
	  ->  Sort  (cost=34109.32..34133.27 rows=9580 width=121)
	        Sort Key: c
	        ->  Bitmap Heap Scan on sbtest6  (cost=310.63..33475.80 rows=9580 width=121)
	              Recheck Cond: ((id >= 8172917) AND (id <= 8182916))
	              ->  Bitmap Index Scan on sbtest6_pkey  (cost=0.00..308.24 rows=9580 width=0)
	                    Index Cond: ((id >= 8172917) AND (id <= 8182916))

table 7 : explain SELECT DISTINCT c FROM sbtest7 WHERE id BETWEEN 9874151 AND 9884150 ORDER BY c
	Unique  (cost=34370.13..34418.41 rows=9656 width=121)
	  ->  Sort  (cost=34370.13..34394.27 rows=9656 width=121)
	        Sort Key: c
	        ->  Bitmap Heap Scan on sbtest7  (cost=315.41..33731.04 rows=9656 width=121)
	              Recheck Cond: ((id >= 9874151) AND (id <= 9884150))
	              ->  Bitmap Index Scan on sbtest7_pkey  (cost=0.00..313.00 rows=9656 width=0)
	                    Index Cond: ((id >= 9874151) AND (id <= 9884150))

table 8 : explain SELECT DISTINCT c FROM sbtest8 WHERE id BETWEEN 6693309 AND 6703308 ORDER BY c
	Unique  (cost=35590.27..35640.42 rows=10031 width=121)
	  ->  Sort  (cost=35590.27..35615.35 rows=10031 width=121)
	        Sort Key: c
	        ->  Bitmap Heap Scan on sbtest8  (cost=327.25..34923.60 rows=10031 width=121)
	              Recheck Cond: ((id >= 6693309) AND (id <= 6703308))
	              ->  Bitmap Index Scan on sbtest8_pkey  (cost=0.00..324.75 rows=10031 width=0)
	                    Index Cond: ((id >= 6693309) AND (id <= 6703308))

for: distinct_ranges
table 1 : explain SELECT DISTINCT c FROM sbtest1 WHERE id BETWEEN 2911853 AND 2921852 ORDER BY c
	Unique  (cost=37598.14..37651.84 rows=10740 width=121)
	  ->  Sort  (cost=37598.14..37624.99 rows=10740 width=121)
	        Sort Key: c
	        ->  Bitmap Heap Scan on sbtest1  (cost=350.52..36879.06 rows=10740 width=121)
	              Recheck Cond: ((id >= 2911853) AND (id <= 2921852))
	              ->  Bitmap Index Scan on sbtest1_pkey  (cost=0.00..347.83 rows=10740 width=0)
	                    Index Cond: ((id >= 2911853) AND (id <= 2921852))

table 2 : explain SELECT DISTINCT c FROM sbtest2 WHERE id BETWEEN 8940675 AND 8950674 ORDER BY c
	Unique  (cost=31109.73..31153.21 rows=8695 width=121)
	  ->  Sort  (cost=31109.73..31131.47 rows=8695 width=121)
	        Sort Key: c
	        ->  Bitmap Heap Scan on sbtest2  (cost=281.56..30540.82 rows=8695 width=121)
	              Recheck Cond: ((id >= 8940675) AND (id <= 8950674))
	              ->  Bitmap Index Scan on sbtest2_pkey  (cost=0.00..279.38 rows=8695 width=0)
	                    Index Cond: ((id >= 8940675) AND (id <= 8950674))

table 3 : explain SELECT DISTINCT c FROM sbtest3 WHERE id BETWEEN 2907370 AND 2917369 ORDER BY c
	Unique  (cost=35234.90..35284.73 rows=9966 width=121)
	  ->  Sort  (cost=35234.90..35259.82 rows=9966 width=121)
	        Sort Key: c
	        ->  Bitmap Heap Scan on sbtest3  (cost=322.59..34573.02 rows=9966 width=121)
	              Recheck Cond: ((id >= 2907370) AND (id <= 2917369))
	              ->  Bitmap Index Scan on sbtest3_pkey  (cost=0.00..320.09 rows=9966 width=0)
	                    Index Cond: ((id >= 2907370) AND (id <= 2917369))

table 4 : explain SELECT DISTINCT c FROM sbtest4 WHERE id BETWEEN 7715981 AND 7725980 ORDER BY c
	Unique  (cost=33564.82..33611.91 rows=9417 width=121)
	  ->  Sort  (cost=33564.82..33588.36 rows=9417 width=121)
	        Sort Key: c
	        ->  Bitmap Heap Scan on sbtest4  (cost=304.96..32943.25 rows=9417 width=121)
	              Recheck Cond: ((id >= 7715981) AND (id <= 7725980))
	              ->  Bitmap Index Scan on sbtest4_pkey  (cost=0.00..302.61 rows=9417 width=0)
	                    Index Cond: ((id >= 7715981) AND (id <= 7725980))

table 5 : explain SELECT DISTINCT c FROM sbtest5 WHERE id BETWEEN 5902647 AND 5912646 ORDER BY c
	Unique  (cost=34437.62..34486.04 rows=9684 width=121)
	  ->  Sort  (cost=34437.62..34461.83 rows=9684 width=121)
	        Sort Key: c
	        ->  Bitmap Heap Scan on sbtest5  (cost=315.70..33796.47 rows=9684 width=121)
	              Recheck Cond: ((id >= 5902647) AND (id <= 5912646))
	              ->  Bitmap Index Scan on sbtest5_pkey  (cost=0.00..313.28 rows=9684 width=0)
	                    Index Cond: ((id >= 5902647) AND (id <= 5912646))

table 6 : explain SELECT DISTINCT c FROM sbtest6 WHERE id BETWEEN 8364616 AND 8374615 ORDER BY c
	Unique  (cost=38322.61..38377.00 rows=10878 width=121)
	  ->  Sort  (cost=38322.61..38349.80 rows=10878 width=121)
	        Sort Key: c
	        ->  Bitmap Heap Scan on sbtest6  (cost=351.93..37593.29 rows=10878 width=121)
	              Recheck Cond: ((id >= 8364616) AND (id <= 8374615))
	              ->  Bitmap Index Scan on sbtest6_pkey  (cost=0.00..349.21 rows=10878 width=0)
	                    Index Cond: ((id >= 8364616) AND (id <= 8374615))

table 7 : explain SELECT DISTINCT c FROM sbtest7 WHERE id BETWEEN 8590839 AND 8600838 ORDER BY c
	Unique  (cost=32455.29..32500.66 rows=9074 width=121)
	  ->  Sort  (cost=32455.29..32477.98 rows=9074 width=121)
	        Sort Key: c
	        ->  Bitmap Heap Scan on sbtest7  (cost=293.44..31858.79 rows=9074 width=121)
	              Recheck Cond: ((id >= 8590839) AND (id <= 8600838))
	              ->  Bitmap Index Scan on sbtest7_pkey  (cost=0.00..291.18 rows=9074 width=0)
	                    Index Cond: ((id >= 8590839) AND (id <= 8600838))

table 8 : explain SELECT DISTINCT c FROM sbtest8 WHERE id BETWEEN 4941 AND 14940 ORDER BY c
	Unique  (cost=39563.11..39619.43 rows=11264 width=121)
	  ->  Sort  (cost=39563.11..39591.27 rows=11264 width=121)
	        Sort Key: c
	        ->  Bitmap Heap Scan on sbtest8  (cost=363.89..38805.08 rows=11264 width=121)
	              Recheck Cond: ((id >= 4941) AND (id <= 14940))
	              ->  Bitmap Index Scan on sbtest8_pkey  (cost=0.00..361.07 rows=11264 width=0)
	                    Index Cond: ((id >= 4941) AND (id <= 14940))

for point_selects
table 1 : explain SELECT c FROM sbtest1 WHERE id=5510988
	Index Scan using sbtest1_pkey on sbtest1  (cost=0.43..8.45 rows=1 width=121)
	  Index Cond: (id = 5510988)

table 2 : explain SELECT c FROM sbtest2 WHERE id=9988107
	Index Scan using sbtest2_pkey on sbtest2  (cost=0.43..8.45 rows=1 width=121)
	  Index Cond: (id = 9988107)

table 3 : explain SELECT c FROM sbtest3 WHERE id=3180395
	Index Scan using sbtest3_pkey on sbtest3  (cost=0.43..8.45 rows=1 width=121)
	  Index Cond: (id = 3180395)

table 4 : explain SELECT c FROM sbtest4 WHERE id=3796219
	Index Scan using sbtest4_pkey on sbtest4  (cost=0.43..8.45 rows=1 width=121)
	  Index Cond: (id = 3796219)

table 5 : explain SELECT c FROM sbtest5 WHERE id=6707715
	Index Scan using sbtest5_pkey on sbtest5  (cost=0.43..8.45 rows=1 width=121)
	  Index Cond: (id = 6707715)

table 6 : explain SELECT c FROM sbtest6 WHERE id=5603552
	Index Scan using sbtest6_pkey on sbtest6  (cost=0.43..8.45 rows=1 width=121)
	  Index Cond: (id = 5603552)

table 7 : explain SELECT c FROM sbtest7 WHERE id=8792187
	Index Scan using sbtest7_pkey on sbtest7  (cost=0.43..8.45 rows=1 width=121)
	  Index Cond: (id = 8792187)

table 8 : explain SELECT c FROM sbtest8 WHERE id=2140322
	Index Scan using sbtest8_pkey on sbtest8  (cost=0.43..8.45 rows=1 width=121)
	  Index Cond: (id = 2140322)

for: simple_ranges
table 1 : explain SELECT c FROM sbtest1 WHERE id BETWEEN 5774516 AND 5784515
	Bitmap Heap Scan on sbtest1  (cost=321.26..34052.77 rows=9837 width=121)
	  Recheck Cond: ((id >= 5774516) AND (id <= 5784515))
	  ->  Bitmap Index Scan on sbtest1_pkey  (cost=0.00..318.81 rows=9837 width=0)
	        Index Cond: ((id >= 5774516) AND (id <= 5784515))

table 2 : explain SELECT c FROM sbtest2 WHERE id BETWEEN 4741725 AND 4751724
	Bitmap Heap Scan on sbtest2  (cost=334.56..35828.51 rows=10354 width=121)
	  Recheck Cond: ((id >= 4741725) AND (id <= 4751724))
	  ->  Bitmap Index Scan on sbtest2_pkey  (cost=0.00..331.98 rows=10354 width=0)
	        Index Cond: ((id >= 4741725) AND (id <= 4751724))

table 3 : explain SELECT c FROM sbtest3 WHERE id BETWEEN 5935707 AND 5945706
	Bitmap Heap Scan on sbtest3  (cost=328.79..35249.70 rows=10181 width=121)
	  Recheck Cond: ((id >= 5935707) AND (id <= 5945706))
	  ->  Bitmap Index Scan on sbtest3_pkey  (cost=0.00..326.25 rows=10181 width=0)
	        Index Cond: ((id >= 5935707) AND (id <= 5945706))

table 4 : explain SELECT c FROM sbtest4 WHERE id BETWEEN 6017689 AND 6027688
	Bitmap Heap Scan on sbtest4  (cost=327.77..35066.77 rows=10081 width=121)
	  Recheck Cond: ((id >= 6017689) AND (id <= 6027688))
	  ->  Bitmap Index Scan on sbtest4_pkey  (cost=0.00..325.25 rows=10081 width=0)
	        Index Cond: ((id >= 6017689) AND (id <= 6027688))

table 5 : explain SELECT c FROM sbtest5 WHERE id BETWEEN 7078180 AND 7088179
	Bitmap Heap Scan on sbtest5  (cost=293.62..31890.38 rows=9091 width=121)
	  Recheck Cond: ((id >= 7078180) AND (id <= 7088179))
	  ->  Bitmap Index Scan on sbtest5_pkey  (cost=0.00..291.34 rows=9091 width=0)
	        Index Cond: ((id >= 7078180) AND (id <= 7088179))

table 6 : explain SELECT c FROM sbtest6 WHERE id BETWEEN 7565379 AND 7575378
	Bitmap Heap Scan on sbtest6  (cost=293.43..31846.67 rows=9073 width=121)
	  Recheck Cond: ((id >= 7565379) AND (id <= 7575378))
	  ->  Bitmap Index Scan on sbtest6_pkey  (cost=0.00..291.17 rows=9073 width=0)
	        Index Cond: ((id >= 7565379) AND (id <= 7575378))

table 7 : explain SELECT c FROM sbtest7 WHERE id BETWEEN 3515043 AND 3525042
	Bitmap Heap Scan on sbtest7  (cost=334.34..35878.55 rows=10332 width=121)
	  Recheck Cond: ((id >= 3515043) AND (id <= 3525042))
	  ->  Bitmap Index Scan on sbtest7_pkey  (cost=0.00..331.75 rows=10332 width=0)
	        Index Cond: ((id >= 3515043) AND (id <= 3525042))

table 8 : explain SELECT c FROM sbtest8 WHERE id BETWEEN 6681287 AND 6691286
	Bitmap Heap Scan on sbtest8  (cost=327.25..34923.60 rows=10031 width=121)
	  Recheck Cond: ((id >= 6681287) AND (id <= 6691286))
	  ->  Bitmap Index Scan on sbtest8_pkey  (cost=0.00..324.75 rows=10031 width=0)
	        Index Cond: ((id >= 6681287) AND (id <= 6691286))

for: sum_ranges
table 1 : explain SELECT SUM(k) FROM sbtest1 WHERE id BETWEEN 1718939 AND 1728938
	Aggregate  (cost=33334.83..33334.84 rows=1 width=8)
	  ->  Bitmap Heap Scan on sbtest1  (cost=310.87..33310.82 rows=9603 width=4)
	        Recheck Cond: ((id >= 1718939) AND (id <= 1728938))
	        ->  Bitmap Index Scan on sbtest1_pkey  (cost=0.00..308.46 rows=9603 width=0)
	              Index Cond: ((id >= 1718939) AND (id <= 1728938))

table 2 : explain SELECT SUM(k) FROM sbtest2 WHERE id BETWEEN 3916109 AND 3926108
	Aggregate  (cost=35112.89..35112.90 rows=1 width=8)
	  ->  Bitmap Heap Scan on sbtest2  (cost=328.14..35087.60 rows=10118 width=4)
	        Recheck Cond: ((id >= 3916109) AND (id <= 3926108))
	        ->  Bitmap Index Scan on sbtest2_pkey  (cost=0.00..325.62 rows=10118 width=0)
	              Index Cond: ((id >= 3916109) AND (id <= 3926108))

table 3 : explain SELECT SUM(k) FROM sbtest3 WHERE id BETWEEN 6395929 AND 6405928
	Aggregate  (cost=35055.26..35055.27 rows=1 width=8)
	  ->  Bitmap Heap Scan on sbtest3  (cost=328.07..35029.98 rows=10111 width=4)
	        Recheck Cond: ((id >= 6395929) AND (id <= 6405928))
	        ->  Bitmap Index Scan on sbtest3_pkey  (cost=0.00..325.55 rows=10111 width=0)
	              Index Cond: ((id >= 6395929) AND (id <= 6405928))

table 4 : explain SELECT SUM(k) FROM sbtest4 WHERE id BETWEEN 7283864 AND 7293863
	Aggregate  (cost=37329.97..37329.98 rows=1 width=8)
	  ->  Bitmap Heap Scan on sbtest4  (cost=351.02..37303.00 rows=10789 width=4)
	        Recheck Cond: ((id >= 7283864) AND (id <= 7293863))
	        ->  Bitmap Index Scan on sbtest4_pkey  (cost=0.00..348.32 rows=10789 width=0)
	              Index Cond: ((id >= 7283864) AND (id <= 7293863))

table 5 : explain SELECT SUM(k) FROM sbtest5 WHERE id BETWEEN 8663389 AND 8673388
	Aggregate  (cost=35307.70..35307.71 rows=1 width=8)
	  ->  Bitmap Heap Scan on sbtest5  (cost=328.49..35282.32 rows=10152 width=4)
	        Recheck Cond: ((id >= 8663389) AND (id <= 8673388))
	        ->  Bitmap Index Scan on sbtest5_pkey  (cost=0.00..325.95 rows=10152 width=0)
	              Index Cond: ((id >= 8663389) AND (id <= 8673388))

table 6 : explain SELECT SUM(k) FROM sbtest6 WHERE id BETWEEN 2981539 AND 2991538
	Aggregate  (cost=38902.33..38902.34 rows=1 width=8)
	  ->  Bitmap Heap Scan on sbtest6  (cost=364.14..38874.11 rows=11288 width=4)
	        Recheck Cond: ((id >= 2981539) AND (id <= 2991538))
	        ->  Bitmap Index Scan on sbtest6_pkey  (cost=0.00..361.31 rows=11288 width=0)
	              Index Cond: ((id >= 2981539) AND (id <= 2991538))

table 7 : explain SELECT SUM(k) FROM sbtest7 WHERE id BETWEEN 380213 AND 390212
	Aggregate  (cost=33319.11..33319.12 rows=1 width=8)
	  ->  Bitmap Heap Scan on sbtest7  (cost=310.03..33295.31 rows=9521 width=4)
	        Recheck Cond: ((id >= 380213) AND (id <= 390212))
	        ->  Bitmap Index Scan on sbtest7_pkey  (cost=0.00..307.65 rows=9521 width=0)
	              Index Cond: ((id >= 380213) AND (id <= 390212))

table 8 : explain SELECT SUM(k) FROM sbtest8 WHERE id BETWEEN 4790759 AND 4800758
	Aggregate  (cost=36706.88..36706.89 rows=1 width=8)
	  ->  Bitmap Heap Scan on sbtest8  (cost=344.94..36680.42 rows=10586 width=4)
	        Recheck Cond: ((id >= 4790759) AND (id <= 4800758))
	        ->  Bitmap Index Scan on sbtest8_pkey  (cost=0.00..342.30 rows=10586 width=0)
	              Index Cond: ((id >= 4790759) AND (id <= 4800758))

for: order_ranges
table 1 : explain SELECT c FROM sbtest1 WHERE id BETWEEN 5618261 AND 5628260 ORDER BY c
	Sort  (cost=35616.38..35641.68 rows=10121 width=121)
	  Sort Key: c
	  ->  Bitmap Heap Scan on sbtest1  (cost=328.18..34943.08 rows=10121 width=121)
	        Recheck Cond: ((id >= 5618261) AND (id <= 5628260))
	        ->  Bitmap Index Scan on sbtest1_pkey  (cost=0.00..325.65 rows=10121 width=0)
	              Index Cond: ((id >= 5618261) AND (id <= 5628260))

table 2 : explain SELECT c FROM sbtest2 WHERE id BETWEEN 2240380 AND 2250379 ORDER BY c
	Sort  (cost=38059.87..38086.96 rows=10833 width=121)
	  Sort Key: c
	  ->  Bitmap Heap Scan on sbtest2  (cost=351.47..37333.89 rows=10833 width=121)
	        Recheck Cond: ((id >= 2240380) AND (id <= 2250379))
	        ->  Bitmap Index Scan on sbtest2_pkey  (cost=0.00..348.76 rows=10833 width=0)
	              Index Cond: ((id >= 2240380) AND (id <= 2250379))

table 3 : explain SELECT c FROM sbtest3 WHERE id BETWEEN 320753 AND 330752 ORDER BY c
	Sort  (cost=35805.10..35830.46 rows=10143 width=121)
	  Sort Key: c
	  ->  Bitmap Heap Scan on sbtest3  (cost=328.40..35130.17 rows=10143 width=121)
	        Recheck Cond: ((id >= 320753) AND (id <= 330752))
	        ->  Bitmap Index Scan on sbtest3_pkey  (cost=0.00..325.87 rows=10143 width=0)
	              Index Cond: ((id >= 320753) AND (id <= 330752))

table 4 : explain SELECT c FROM sbtest4 WHERE id BETWEEN 9638676 AND 9648675 ORDER BY c
	Sort  (cost=37906.91..37933.79 rows=10752 width=121)
	  Sort Key: c
	  ->  Bitmap Heap Scan on sbtest4  (cost=350.64..37186.94 rows=10752 width=121)
	        Recheck Cond: ((id >= 9638676) AND (id <= 9648675))
	        ->  Bitmap Index Scan on sbtest4_pkey  (cost=0.00..347.95 rows=10752 width=0)
	              Index Cond: ((id >= 9638676) AND (id <= 9648675))

table 5 : explain SELECT c FROM sbtest5 WHERE id BETWEEN 7617434 AND 7627433 ORDER BY c
	Sort  (cost=38254.08..38281.23 rows=10863 width=121)
	  Sort Key: c
	  ->  Bitmap Heap Scan on sbtest5  (cost=351.78..37525.87 rows=10863 width=121)
	        Recheck Cond: ((id >= 7617434) AND (id <= 7627433))
	        ->  Bitmap Index Scan on sbtest5_pkey  (cost=0.00..349.06 rows=10863 width=0)
	              Index Cond: ((id >= 7617434) AND (id <= 7627433))

table 6 : explain SELECT c FROM sbtest6 WHERE id BETWEEN 5934374 AND 5944373 ORDER BY c
	Sort  (cost=32217.53..32240.04 rows=9004 width=121)
	  Sort Key: c
	  ->  Bitmap Heap Scan on sbtest6  (cost=292.73..31626.13 rows=9004 width=121)
	        Recheck Cond: ((id >= 5934374) AND (id <= 5944373))
	        ->  Bitmap Index Scan on sbtest6_pkey  (cost=0.00..290.48 rows=9004 width=0)
	              Index Cond: ((id >= 5934374) AND (id <= 5944373))

table 7 : explain SELECT c FROM sbtest7 WHERE id BETWEEN 3031425 AND 3041424 ORDER BY c
	Sort  (cost=38554.84..38582.20 rows=10947 width=121)
	  Sort Key: c
	  ->  Bitmap Heap Scan on sbtest7  (cost=356.64..37820.39 rows=10947 width=121)
	        Recheck Cond: ((id >= 3031425) AND (id <= 3041424))
	        ->  Bitmap Index Scan on sbtest7_pkey  (cost=0.00..353.91 rows=10947 width=0)
	              Index Cond: ((id >= 3031425) AND (id <= 3041424))

table 8 : explain SELECT c FROM sbtest8 WHERE id BETWEEN 7507060 AND 7517059 ORDER BY c
	Sort  (cost=34022.67..34046.55 rows=9552 width=121)
	  Sort Key: c
	  ->  Bitmap Heap Scan on sbtest8  (cost=310.34..33391.20 rows=9552 width=121)
	        Recheck Cond: ((id >= 7507060) AND (id <= 7517059))
	        ->  Bitmap Index Scan on sbtest8_pkey  (cost=0.00..307.95 rows=9552 width=0)
	              Index Cond: ((id >= 7507060) AND (id <= 7517059))

for: distinct_ranges
table 1 : explain SELECT DISTINCT c FROM sbtest1 WHERE id BETWEEN 9177331 AND 9187330 ORDER BY c
	Unique  (cost=35665.73..35716.41 rows=10136 width=121)
	  ->  Sort  (cost=35665.73..35691.07 rows=10136 width=121)
	        Sort Key: c
	        ->  Bitmap Heap Scan on sbtest1  (cost=328.33..34991.32 rows=10136 width=121)
	              Recheck Cond: ((id >= 9177331) AND (id <= 9187330))
	              ->  Bitmap Index Scan on sbtest1_pkey  (cost=0.00..325.80 rows=10136 width=0)
	                    Index Cond: ((id >= 9177331) AND (id <= 9187330))

table 2 : explain SELECT DISTINCT c FROM sbtest2 WHERE id BETWEEN 2933955 AND 2943954 ORDER BY c
	Unique  (cost=34177.56..34225.71 rows=9631 width=121)
	  ->  Sort  (cost=34177.56..34201.64 rows=9631 width=121)
	        Sort Key: c
	        ->  Bitmap Heap Scan on sbtest2  (cost=311.15..33540.30 rows=9631 width=121)
	              Recheck Cond: ((id >= 2933955) AND (id <= 2943954))
	              ->  Bitmap Index Scan on sbtest2_pkey  (cost=0.00..308.75 rows=9631 width=0)
	                    Index Cond: ((id >= 2933955) AND (id <= 2943954))

table 3 : explain SELECT DISTINCT c FROM sbtest3 WHERE id BETWEEN 8834569 AND 8844568 ORDER BY c
	Unique  (cost=36684.15..36736.23 rows=10416 width=121)
	  ->  Sort  (cost=36684.15..36710.19 rows=10416 width=121)
	        Sort Key: c
	        ->  Bitmap Heap Scan on sbtest3  (cost=335.20..35989.07 rows=10416 width=121)
	              Recheck Cond: ((id >= 8834569) AND (id <= 8844568))
	              ->  Bitmap Index Scan on sbtest3_pkey  (cost=0.00..332.59 rows=10416 width=0)
	                    Index Cond: ((id >= 8834569) AND (id <= 8844568))

table 4 : explain SELECT DISTINCT c FROM sbtest4 WHERE id BETWEEN 5440149 AND 5450148 ORDER BY c
	Unique  (cost=31673.56..31717.77 rows=8842 width=121)
	  ->  Sort  (cost=31673.56..31695.67 rows=8842 width=121)
	        Sort Key: c
	        ->  Bitmap Heap Scan on sbtest4  (cost=287.07..31093.96 rows=8842 width=121)
	              Recheck Cond: ((id >= 5440149) AND (id <= 5450148))
	              ->  Bitmap Index Scan on sbtest4_pkey  (cost=0.00..284.86 rows=8842 width=0)
	                    Index Cond: ((id >= 5440149) AND (id <= 5450148))

table 5 : explain SELECT DISTINCT c FROM sbtest5 WHERE id BETWEEN 2002035 AND 2012034 ORDER BY c
	Unique  (cost=36300.58..36351.86 rows=10257 width=121)
	  ->  Sort  (cost=36300.58..36326.22 rows=10257 width=121)
	        Sort Key: c
	        ->  Bitmap Heap Scan on sbtest5  (cost=333.57..35617.24 rows=10257 width=121)
	              Recheck Cond: ((id >= 2002035) AND (id <= 2012034))
	              ->  Bitmap Index Scan on sbtest5_pkey  (cost=0.00..331.00 rows=10257 width=0)
	                    Index Cond: ((id >= 2002035) AND (id <= 2012034))

table 6 : explain SELECT DISTINCT c FROM sbtest6 WHERE id BETWEEN 4457408 AND 4467407 ORDER BY c
	Unique  (cost=35679.48..35729.78 rows=10060 width=121)
	  ->  Sort  (cost=35679.48..35704.63 rows=10060 width=121)
	        Sort Key: c
	        ->  Bitmap Heap Scan on sbtest6  (cost=327.55..35010.67 rows=10060 width=121)
	              Recheck Cond: ((id >= 4457408) AND (id <= 4467407))
	              ->  Bitmap Index Scan on sbtest6_pkey  (cost=0.00..325.04 rows=10060 width=0)
	                    Index Cond: ((id >= 4457408) AND (id <= 4467407))

table 7 : explain SELECT DISTINCT c FROM sbtest7 WHERE id BETWEEN 7257405 AND 7267404 ORDER BY c
	Unique  (cost=32381.29..32426.55 rows=9052 width=121)
	  ->  Sort  (cost=32381.29..32403.92 rows=9052 width=121)
	        Sort Key: c
	        ->  Bitmap Heap Scan on sbtest7  (cost=293.22..31786.39 rows=9052 width=121)
	              Recheck Cond: ((id >= 7257405) AND (id <= 7267404))
	              ->  Bitmap Index Scan on sbtest7_pkey  (cost=0.00..290.95 rows=9052 width=0)
	                    Index Cond: ((id >= 7257405) AND (id <= 7267404))

table 8 : explain SELECT DISTINCT c FROM sbtest8 WHERE id BETWEEN 7984278 AND 7994277 ORDER BY c
	Unique  (cost=33653.49..33700.68 rows=9439 width=121)
	  ->  Sort  (cost=33653.49..33677.08 rows=9439 width=121)
	        Sort Key: c
	        ->  Bitmap Heap Scan on sbtest8  (cost=305.18..33030.30 rows=9439 width=121)
	              Recheck Cond: ((id >= 7984278) AND (id <= 7994277))
	              ->  Bitmap Index Scan on sbtest8_pkey  (cost=0.00..302.82 rows=9439 width=0)
	                    Index Cond: ((id >= 7984278) AND (id <= 7994277))

Threads started!

Warming up for 5 seconds...

SQL statistics:
    queries performed:
        read:                            3840357
        write:                           0
        other:                           548646
        total:                           4389003
    transactions:                        274343 (435.40 per sec.)
    queries:                             4389003 (6965.66 per sec.)
    ignored errors:                      0      (0.00 per sec.)
    reconnects:                          0      (0.00 per sec.)

Throughput:
    events/s (eps):                      435.4017
    time elapsed:                        630.0920s
    total number of events:              274343

Latency (ms):
         min:                                   56.59
         avg:                                   91.87
         max:                                  114.95
         95th percentile:                       94.10
         sum:                             25203323.80

Threads fairness:
    events (avg/stddev):           6858.5750/16.10
    execution time (avg/stddev):   630.0831/0.04

