LUA_PATH=/home/mdcallag/git/mytools/bench/sysbench.lua/lua/?.lua /home/mdcallag/git/mytools/bench/sysbench.lua/lua/sysbench --db-driver=pgsql --range-size=100 --table-size=10000000 --tables=8 --threads=40 --events=0 --warmup-time=5 --time=630 --pgsql_conn_id=true /home/mdcallag/git/mytools/bench/sysbench.lua/lua/oltp_range_covered.lua run --pgsql-user=root --pgsql-password=pw --pgsql-host=127.0.0.1 --pgsql-db=ib --rand-type=uniform --random-points=100 --skip-trx --on-id=false --covered=false
48 CPUs
sysbench 1.1.0-9072687 (using bundled LuaJIT 2.1.0-beta3)

Running the test with following options:
Number of threads: 40
Warmup time: 5s
Initializing random number generator from current time


Initializing worker threads...

explain: for range-notcovered :: explain SELECT k, c FROM sbtest%d WHERE k BETWEEN 3351459 AND 3351559
explain: for range-notcovered :: explain SELECT k, c FROM sbtest%d WHERE k BETWEEN 2215997 AND 2216097
explain: for range-notcovered :: explain SELECT k, c FROM sbtest%d WHERE k BETWEEN 7701689 AND 7701789
explain: for range-notcovered :: explain SELECT k, c FROM sbtest%d WHERE k BETWEEN 4873949 AND 4874049
explain: for range-notcovered :: explain SELECT k, c FROM sbtest%d WHERE k BETWEEN 9241951 AND 9242051
explain: for range-notcovered :: explain SELECT k, c FROM sbtest%d WHERE k BETWEEN 4900029 AND 4900129
for range-notcovered
table 1 : explain SELECT k, c FROM sbtest1 WHERE k BETWEEN 2215997 AND 2216097
	Bitmap Heap Scan on sbtest1  (cost=5.50..416.94 rows=104 width=125)
	  Recheck Cond: ((k >= 2215997) AND (k <= 2216097))
	  ->  Bitmap Index Scan on k_1  (cost=0.00..5.47 rows=104 width=0)
	        Index Cond: ((k >= 2215997) AND (k <= 2216097))

table 2 : explain SELECT k, c FROM sbtest2 WHERE k BETWEEN 2215997 AND 2216097
	Bitmap Heap Scan on sbtest2  (cost=5.48..409.07 rows=102 width=125)
	  Recheck Cond: ((k >= 2215997) AND (k <= 2216097))
	  ->  Bitmap Index Scan on k_2  (cost=0.00..5.45 rows=102 width=0)
	        Index Cond: ((k >= 2215997) AND (k <= 2216097))

table 3 : explain SELECT k, c FROM sbtest3 WHERE k BETWEEN 2215997 AND 2216097
	Bitmap Heap Scan on sbtest3  (cost=5.43..389.37 rows=97 width=125)
	  Recheck Cond: ((k >= 2215997) AND (k <= 2216097))
	  ->  Bitmap Index Scan on k_3  (cost=0.00..5.40 rows=97 width=0)
	        Index Cond: ((k >= 2215997) AND (k <= 2216097))

table 4 : explain SELECT k, c FROM sbtest4 WHERE k BETWEEN 2215997 AND 2216097
	Bitmap Heap Scan on sbtest4  (cost=5.49..413.00 rows=103 width=125)
	  Recheck Cond: ((k >= 2215997) AND (k <= 2216097))
	  ->  Bitmap Index Scan on k_4  (cost=0.00..5.46 rows=103 width=0)
	        Index Cond: ((k >= 2215997) AND (k <= 2216097))

table 5 : explain SELECT k, c FROM sbtest5 WHERE k BETWEEN 2215997 AND 2216097
	Bitmap Heap Scan on sbtest5  (cost=5.53..428.75 rows=107 width=125)
	  Recheck Cond: ((k >= 2215997) AND (k <= 2216097))
	  ->  Bitmap Index Scan on k_5  (cost=0.00..5.50 rows=107 width=0)
	        Index Cond: ((k >= 2215997) AND (k <= 2216097))

table 6 : explain SELECT k, c FROM sbtest6 WHERE k BETWEEN 2215997 AND 2216097
	Bitmap Heap Scan on sbtest6  (cost=5.49..413.00 rows=103 width=125)
	  Recheck Cond: ((k >= 2215997) AND (k <= 2216097))
	  ->  Bitmap Index Scan on k_6  (cost=0.00..5.46 rows=103 width=0)
	        Index Cond: ((k >= 2215997) AND (k <= 2216097))

table 7 : explain SELECT k, c FROM sbtest7 WHERE k BETWEEN 2215997 AND 2216097
	Bitmap Heap Scan on sbtest7  (cost=5.48..409.07 rows=102 width=125)
	  Recheck Cond: ((k >= 2215997) AND (k <= 2216097))
	  ->  Bitmap Index Scan on k_7  (cost=0.00..5.45 rows=102 width=0)
	        Index Cond: ((k >= 2215997) AND (k <= 2216097))

table 8 : explain SELECT k, c FROM sbtest8 WHERE k BETWEEN 2215997 AND 2216097
	Bitmap Heap Scan on sbtest8  (cost=5.50..416.94 rows=104 width=125)
	  Recheck Cond: ((k >= 2215997) AND (k <= 2216097))
	  ->  Bitmap Index Scan on k_8  (cost=0.00..5.47 rows=104 width=0)
	        Index Cond: ((k >= 2215997) AND (k <= 2216097))

explain: for range-notcovered :: explain SELECT k, c FROM sbtest%d WHERE k BETWEEN 2215997 AND 2216097
for range-notcovered
table 1 : explain SELECT k, c FROM sbtest1 WHERE k BETWEEN 3351459 AND 3351559
	Bitmap Heap Scan on sbtest1  (cost=5.53..428.75 rows=107 width=125)
	  Recheck Cond: ((k >= 3351459) AND (k <= 3351559))
	  ->  Bitmap Index Scan on k_1  (cost=0.00..5.50 rows=107 width=0)
	        Index Cond: ((k >= 3351459) AND (k <= 3351559))

table 2 : explain SELECT k, c FROM sbtest2 WHERE k BETWEEN 3351459 AND 3351559
	Bitmap Heap Scan on sbtest2  (cost=5.47..405.13 rows=101 width=125)
	  Recheck Cond: ((k >= 3351459) AND (k <= 3351559))
	  ->  Bitmap Index Scan on k_2  (cost=0.00..5.44 rows=101 width=0)
	        Index Cond: ((k >= 3351459) AND (k <= 3351559))

table 3 : explain SELECT k, c FROM sbtest3 WHERE k BETWEEN 3351459 AND 3351559
	Bitmap Heap Scan on sbtest3  (cost=5.54..432.69 rows=108 width=125)
	  Recheck Cond: ((k >= 3351459) AND (k <= 3351559))
	  ->  Bitmap Index Scan on k_3  (cost=0.00..5.51 rows=108 width=0)
	        Index Cond: ((k >= 3351459) AND (k <= 3351559))

table 4 : explain SELECT k, c FROM sbtest4 WHERE k BETWEEN 3351459 AND 3351559
	Bitmap Heap Scan on sbtest4  (cost=5.48..409.07 rows=102 width=125)
	  Recheck Cond: ((k >= 3351459) AND (k <= 3351559))
	  ->  Bitmap Index Scan on k_4  (cost=0.00..5.45 rows=102 width=0)
	        Index Cond: ((k >= 3351459) AND (k <= 3351559))

table 5 : explain SELECT k, c FROM sbtest5 WHERE k BETWEEN 3351459 AND 3351559
	Bitmap Heap Scan on sbtest5  (cost=5.53..428.75 rows=107 width=125)
	  Recheck Cond: ((k >= 3351459) AND (k <= 3351559))
	  ->  Bitmap Index Scan on k_5  (cost=0.00..5.50 rows=107 width=0)
	        Index Cond: ((k >= 3351459) AND (k <= 3351559))

table 6 : explain SELECT k, c FROM sbtest6 WHERE k BETWEEN 3351459 AND 3351559
	Bitmap Heap Scan on sbtest6  (cost=5.44..393.31 rows=98 width=125)
	  Recheck Cond: ((k >= 3351459) AND (k <= 3351559))
	  ->  Bitmap Index Scan on k_6  (cost=0.00..5.42 rows=98 width=0)
	        Index Cond: ((k >= 3351459) AND (k <= 3351559))

table 7 : explain SELECT k, c FROM sbtest7 WHERE k BETWEEN 3351459 AND 3351559
	Bitmap Heap Scan on sbtest7  (cost=5.50..416.94 rows=104 width=125)
	  Recheck Cond: ((k >= 3351459) AND (k <= 3351559))
	  ->  Bitmap Index Scan on k_7  (cost=0.00..5.47 rows=104 width=0)
	        Index Cond: ((k >= 3351459) AND (k <= 3351559))

table 8 : explain SELECT k, c FROM sbtest8 WHERE k BETWEEN 3351459 AND 3351559
	Bitmap Heap Scan on sbtest8  (cost=5.48..409.07 rows=102 width=125)
	  Recheck Cond: ((k >= 3351459) AND (k <= 3351559))
	  ->  Bitmap Index Scan on k_8  (cost=0.00..5.45 rows=102 width=0)
	        Index Cond: ((k >= 3351459) AND (k <= 3351559))

explain: for range-notcovered :: explain SELECT k, c FROM sbtest%d WHERE k BETWEEN 3351459 AND 3351559
for range-notcovered
table 1 : explain SELECT k, c FROM sbtest1 WHERE k BETWEEN 3351459 AND 3351559
	Bitmap Heap Scan on sbtest1  (cost=5.53..428.75 rows=107 width=125)
	  Recheck Cond: ((k >= 3351459) AND (k <= 3351559))
	  ->  Bitmap Index Scan on k_1  (cost=0.00..5.50 rows=107 width=0)
	        Index Cond: ((k >= 3351459) AND (k <= 3351559))

table 2 : explain SELECT k, c FROM sbtest2 WHERE k BETWEEN 3351459 AND 3351559
	Bitmap Heap Scan on sbtest2  (cost=5.47..405.13 rows=101 width=125)
	  Recheck Cond: ((k >= 3351459) AND (k <= 3351559))
	  ->  Bitmap Index Scan on k_2  (cost=0.00..5.44 rows=101 width=0)
	        Index Cond: ((k >= 3351459) AND (k <= 3351559))

table 3 : explain SELECT k, c FROM sbtest3 WHERE k BETWEEN 3351459 AND 3351559
	Bitmap Heap Scan on sbtest3  (cost=5.54..432.69 rows=108 width=125)
	  Recheck Cond: ((k >= 3351459) AND (k <= 3351559))
	  ->  Bitmap Index Scan on k_3  (cost=0.00..5.51 rows=108 width=0)
	        Index Cond: ((k >= 3351459) AND (k <= 3351559))

table 4 : explain SELECT k, c FROM sbtest4 WHERE k BETWEEN 3351459 AND 3351559
	Bitmap Heap Scan on sbtest4  (cost=5.48..409.07 rows=102 width=125)
	  Recheck Cond: ((k >= 3351459) AND (k <= 3351559))
	  ->  Bitmap Index Scan on k_4  (cost=0.00..5.45 rows=102 width=0)
	        Index Cond: ((k >= 3351459) AND (k <= 3351559))

table 5 : explain SELECT k, c FROM sbtest5 WHERE k BETWEEN 3351459 AND 3351559
	Bitmap Heap Scan on sbtest5  (cost=5.53..428.75 rows=107 width=125)
	  Recheck Cond: ((k >= 3351459) AND (k <= 3351559))
	  ->  Bitmap Index Scan on k_5  (cost=0.00..5.50 rows=107 width=0)
	        Index Cond: ((k >= 3351459) AND (k <= 3351559))

table 6 : explain SELECT k, c FROM sbtest6 WHERE k BETWEEN 3351459 AND 3351559
	Bitmap Heap Scan on sbtest6  (cost=5.44..393.31 rows=98 width=125)
	  Recheck Cond: ((k >= 3351459) AND (k <= 3351559))
	  ->  Bitmap Index Scan on k_6  (cost=0.00..5.42 rows=98 width=0)
	        Index Cond: ((k >= 3351459) AND (k <= 3351559))

table 7 : explain SELECT k, c FROM sbtest7 WHERE k BETWEEN 3351459 AND 3351559
	Bitmap Heap Scan on sbtest7  (cost=5.50..416.94 rows=104 width=125)
	  Recheck Cond: ((k >= 3351459) AND (k <= 3351559))
	  ->  Bitmap Index Scan on k_7  (cost=0.00..5.47 rows=104 width=0)
	        Index Cond: ((k >= 3351459) AND (k <= 3351559))

table 8 : explain SELECT k, c FROM sbtest8 WHERE k BETWEEN 3351459 AND 3351559
	Bitmap Heap Scan on sbtest8  (cost=5.48..409.07 rows=102 width=125)
	  Recheck Cond: ((k >= 3351459) AND (k <= 3351559))
	  ->  Bitmap Index Scan on k_8  (cost=0.00..5.45 rows=102 width=0)
	        Index Cond: ((k >= 3351459) AND (k <= 3351559))

for range-notcovered
table 1 : explain SELECT k, c FROM sbtest1 WHERE k BETWEEN 9241951 AND 9242051
	Bitmap Heap Scan on sbtest1  (cost=5.63..468.09 rows=117 width=125)
	  Recheck Cond: ((k >= 9241951) AND (k <= 9242051))
	  ->  Bitmap Index Scan on k_1  (cost=0.00..5.60 rows=117 width=0)
	        Index Cond: ((k >= 9241951) AND (k <= 9242051))

table 2 : explain SELECT k, c FROM sbtest2 WHERE k BETWEEN 9241951 AND 9242051
	Bitmap Heap Scan on sbtest2  (cost=5.50..416.94 rows=104 width=125)
	  Recheck Cond: ((k >= 9241951) AND (k <= 9242051))
	  ->  Bitmap Index Scan on k_2  (cost=0.00..5.47 rows=104 width=0)
	        Index Cond: ((k >= 9241951) AND (k <= 9242051))

table 3 : explain SELECT k, c FROM sbtest3 WHERE k BETWEEN 9241951 AND 9242051
	Bitmap Heap Scan on sbtest3  (cost=5.41..381.49 rows=95 width=125)
	  Recheck Cond: ((k >= 9241951) AND (k <= 9242051))
	  ->  Bitmap Index Scan on k_3  (cost=0.00..5.38 rows=95 width=0)
	        Index Cond: ((k >= 9241951) AND (k <= 9242051))

table 4 : explain SELECT k, c FROM sbtest4 WHERE k BETWEEN 9241951 AND 9242051
	Bitmap Heap Scan on sbtest4  (cost=5.52..424.81 rows=106 width=125)
	  Recheck Cond: ((k >= 9241951) AND (k <= 9242051))
	  ->  Bitmap Index Scan on k_4  (cost=0.00..5.50 rows=106 width=0)
	        Index Cond: ((k >= 9241951) AND (k <= 9242051))

table 5 : explain SELECT k, c FROM sbtest5 WHERE k BETWEEN 9241951 AND 9242051
	Bitmap Heap Scan on sbtest5  (cost=5.54..432.69 rows=108 width=125)
	  Recheck Cond: ((k >= 9241951) AND (k <= 9242051))
	  ->  Bitmap Index Scan on k_5  (cost=0.00..5.51 rows=108 width=0)
	        Index Cond: ((k >= 9241951) AND (k <= 9242051))

table 6 : explain SELECT k, c FROM sbtest6 WHERE k BETWEEN 9241951 AND 9242051
	Bitmap Heap Scan on sbtest6  (cost=5.52..424.81 rows=106 width=125)
	  Recheck Cond: ((k >= 9241951) AND (k <= 9242051))
	  ->  Bitmap Index Scan on k_6  (cost=0.00..5.50 rows=106 width=0)
	        Index Cond: ((k >= 9241951) AND (k <= 9242051))

table 7 : explain SELECT k, c FROM sbtest7 WHERE k BETWEEN 9241951 AND 9242051
	Bitmap Heap Scan on sbtest7  (cost=5.53..428.75 rows=107 width=125)
	  Recheck Cond: ((k >= 9241951) AND (k <= 9242051))
	  ->  Bitmap Index Scan on k_7  (cost=0.00..5.50 rows=107 width=0)
	        Index Cond: ((k >= 9241951) AND (k <= 9242051))

table 8 : explain SELECT k, c FROM sbtest8 WHERE k BETWEEN 9241951 AND 9242051
	Bitmap Heap Scan on sbtest8  (cost=5.43..389.37 rows=97 width=125)
	  Recheck Cond: ((k >= 9241951) AND (k <= 9242051))
	  ->  Bitmap Index Scan on k_8  (cost=0.00..5.40 rows=97 width=0)
	        Index Cond: ((k >= 9241951) AND (k <= 9242051))

explain: for range-notcovered :: explain SELECT k, c FROM sbtest%d WHERE k BETWEEN 3351459 AND 3351559
explain: for range-notcovered :: explain SELECT k, c FROM sbtest%d WHERE k BETWEEN 9241951 AND 9242051
for range-notcovered
table 1 : explain SELECT k, c FROM sbtest1 WHERE k BETWEEN 7701689 AND 7701789
	Bitmap Heap Scan on sbtest1  (cost=5.42..385.43 rows=96 width=125)
	  Recheck Cond: ((k >= 7701689) AND (k <= 7701789))
	  ->  Bitmap Index Scan on k_1  (cost=0.00..5.39 rows=96 width=0)
	        Index Cond: ((k >= 7701689) AND (k <= 7701789))

table 2 : explain SELECT k, c FROM sbtest2 WHERE k BETWEEN 7701689 AND 7701789
	Bitmap Heap Scan on sbtest2  (cost=5.57..444.49 rows=111 width=125)
	  Recheck Cond: ((k >= 7701689) AND (k <= 7701789))
	  ->  Bitmap Index Scan on k_2  (cost=0.00..5.54 rows=111 width=0)
	        Index Cond: ((k >= 7701689) AND (k <= 7701789))

table 3 : explain SELECT k, c FROM sbtest3 WHERE k BETWEEN 7701689 AND 7701789
	Bitmap Heap Scan on sbtest3  (cost=5.46..401.19 rows=100 width=125)
	  Recheck Cond: ((k >= 7701689) AND (k <= 7701789))
	  ->  Bitmap Index Scan on k_3  (cost=0.00..5.43 rows=100 width=0)
	        Index Cond: ((k >= 7701689) AND (k <= 7701789))

table 4 : explain SELECT k, c FROM sbtest4 WHERE k BETWEEN 7701689 AND 7701789
	Bitmap Heap Scan on sbtest4  (cost=5.45..397.25 rows=99 width=125)
	  Recheck Cond: ((k >= 7701689) AND (k <= 7701789))
	  ->  Bitmap Index Scan on k_4  (cost=0.00..5.42 rows=99 width=0)
	        Index Cond: ((k >= 7701689) AND (k <= 7701789))

table 5 : explain SELECT k, c FROM sbtest5 WHERE k BETWEEN 7701689 AND 7701789
	Bitmap Heap Scan on sbtest5  (cost=5.48..409.07 rows=102 width=125)
	  Recheck Cond: ((k >= 7701689) AND (k <= 7701789))
	  ->  Bitmap Index Scan on k_5  (cost=0.00..5.45 rows=102 width=0)
	        Index Cond: ((k >= 7701689) AND (k <= 7701789))

table 6 : explain SELECT k, c FROM sbtest6 WHERE k BETWEEN 7701689 AND 7701789
	Bitmap Heap Scan on sbtest6  (cost=5.50..416.94 rows=104 width=125)
	  Recheck Cond: ((k >= 7701689) AND (k <= 7701789))
	  ->  Bitmap Index Scan on k_6  (cost=0.00..5.47 rows=104 width=0)
	        Index Cond: ((k >= 7701689) AND (k <= 7701789))

table 7 : explain SELECT k, c FROM sbtest7 WHERE k BETWEEN 7701689 AND 7701789
	Bitmap Heap Scan on sbtest7  (cost=5.51..420.88 rows=105 width=125)
	  Recheck Cond: ((k >= 7701689) AND (k <= 7701789))
	  ->  Bitmap Index Scan on k_7  (cost=0.00..5.48 rows=105 width=0)
	        Index Cond: ((k >= 7701689) AND (k <= 7701789))

table 8 : explain SELECT k, c FROM sbtest8 WHERE k BETWEEN 7701689 AND 7701789
	Bitmap Heap Scan on sbtest8  (cost=5.50..416.94 rows=104 width=125)
	  Recheck Cond: ((k >= 7701689) AND (k <= 7701789))
	  ->  Bitmap Index Scan on k_8  (cost=0.00..5.47 rows=104 width=0)
	        Index Cond: ((k >= 7701689) AND (k <= 7701789))

explain: for range-notcovered :: explain SELECT k, c FROM sbtest%d WHERE k BETWEEN 7701689 AND 7701789
for range-notcovered
table 1 : explain SELECT k, c FROM sbtest1 WHERE k BETWEEN 3351459 AND 3351559
	Bitmap Heap Scan on sbtest1  (cost=5.53..428.75 rows=107 width=125)
	  Recheck Cond: ((k >= 3351459) AND (k <= 3351559))
	  ->  Bitmap Index Scan on k_1  (cost=0.00..5.50 rows=107 width=0)
	        Index Cond: ((k >= 3351459) AND (k <= 3351559))

table 2 : explain SELECT k, c FROM sbtest2 WHERE k BETWEEN 3351459 AND 3351559
	Bitmap Heap Scan on sbtest2  (cost=5.47..405.13 rows=101 width=125)
	  Recheck Cond: ((k >= 3351459) AND (k <= 3351559))
	  ->  Bitmap Index Scan on k_2  (cost=0.00..5.44 rows=101 width=0)
	        Index Cond: ((k >= 3351459) AND (k <= 3351559))

table 3 : explain SELECT k, c FROM sbtest3 WHERE k BETWEEN 3351459 AND 3351559
	Bitmap Heap Scan on sbtest3  (cost=5.54..432.69 rows=108 width=125)
	  Recheck Cond: ((k >= 3351459) AND (k <= 3351559))
	  ->  Bitmap Index Scan on k_3  (cost=0.00..5.51 rows=108 width=0)
	        Index Cond: ((k >= 3351459) AND (k <= 3351559))

table 4 : explain SELECT k, c FROM sbtest4 WHERE k BETWEEN 3351459 AND 3351559
	Bitmap Heap Scan on sbtest4  (cost=5.48..409.07 rows=102 width=125)
	  Recheck Cond: ((k >= 3351459) AND (k <= 3351559))
	  ->  Bitmap Index Scan on k_4  (cost=0.00..5.45 rows=102 width=0)
	        Index Cond: ((k >= 3351459) AND (k <= 3351559))

table 5 : explain SELECT k, c FROM sbtest5 WHERE k BETWEEN 3351459 AND 3351559
	Bitmap Heap Scan on sbtest5  (cost=5.53..428.75 rows=107 width=125)
	  Recheck Cond: ((k >= 3351459) AND (k <= 3351559))
	  ->  Bitmap Index Scan on k_5  (cost=0.00..5.50 rows=107 width=0)
	        Index Cond: ((k >= 3351459) AND (k <= 3351559))

table 6 : explain SELECT k, c FROM sbtest6 WHERE k BETWEEN 3351459 AND 3351559
	Bitmap Heap Scan on sbtest6  (cost=5.44..393.31 rows=98 width=125)
	  Recheck Cond: ((k >= 3351459) AND (k <= 3351559))
	  ->  Bitmap Index Scan on k_6  (cost=0.00..5.42 rows=98 width=0)
	        Index Cond: ((k >= 3351459) AND (k <= 3351559))

table 7 : explain SELECT k, c FROM sbtest7 WHERE k BETWEEN 3351459 AND 3351559
	Bitmap Heap Scan on sbtest7  (cost=5.50..416.94 rows=104 width=125)
	  Recheck Cond: ((k >= 3351459) AND (k <= 3351559))
	  ->  Bitmap Index Scan on k_7  (cost=0.00..5.47 rows=104 width=0)
	        Index Cond: ((k >= 3351459) AND (k <= 3351559))

table 8 : explain SELECT k, c FROM sbtest8 WHERE k BETWEEN 3351459 AND 3351559
	Bitmap Heap Scan on sbtest8  (cost=5.48..409.07 rows=102 width=125)
	  Recheck Cond: ((k >= 3351459) AND (k <= 3351559))
	  ->  Bitmap Index Scan on k_8  (cost=0.00..5.45 rows=102 width=0)
	        Index Cond: ((k >= 3351459) AND (k <= 3351559))

for range-notcovered
table 1 : explain SELECT k, c FROM sbtest1 WHERE k BETWEEN 4900029 AND 4900129
	Bitmap Heap Scan on sbtest1  (cost=5.52..424.81 rows=106 width=125)
	  Recheck Cond: ((k >= 4900029) AND (k <= 4900129))
	  ->  Bitmap Index Scan on k_1  (cost=0.00..5.50 rows=106 width=0)
	        Index Cond: ((k >= 4900029) AND (k <= 4900129))

table 2 : explain SELECT k, c FROM sbtest2 WHERE k BETWEEN 4900029 AND 4900129
	Bitmap Heap Scan on sbtest2  (cost=5.40..377.55 rows=94 width=125)
	  Recheck Cond: ((k >= 4900029) AND (k <= 4900129))
	  ->  Bitmap Index Scan on k_2  (cost=0.00..5.38 rows=94 width=0)
	        Index Cond: ((k >= 4900029) AND (k <= 4900129))

table 3 : explain SELECT k, c FROM sbtest3 WHERE k BETWEEN 4900029 AND 4900129
	Bitmap Heap Scan on sbtest3  (cost=5.53..428.75 rows=107 width=125)
	  Recheck Cond: ((k >= 4900029) AND (k <= 4900129))
	  ->  Bitmap Index Scan on k_3  (cost=0.00..5.50 rows=107 width=0)
	        Index Cond: ((k >= 4900029) AND (k <= 4900129))

table 4 : explain SELECT k, c FROM sbtest4 WHERE k BETWEEN 4900029 AND 4900129
	Bitmap Heap Scan on sbtest4  (cost=5.49..413.00 rows=103 width=125)
	  Recheck Cond: ((k >= 4900029) AND (k <= 4900129))
	  ->  Bitmap Index Scan on k_4  (cost=0.00..5.46 rows=103 width=0)
	        Index Cond: ((k >= 4900029) AND (k <= 4900129))

table 5 : explain SELECT k, c FROM sbtest5 WHERE k BETWEEN 4900029 AND 4900129
	Bitmap Heap Scan on sbtest5  (cost=5.48..409.07 rows=102 width=125)
	  Recheck Cond: ((k >= 4900029) AND (k <= 4900129))
	  ->  Bitmap Index Scan on k_5  (cost=0.00..5.45 rows=102 width=0)
	        Index Cond: ((k >= 4900029) AND (k <= 4900129))

table 6 : explain SELECT k, c FROM sbtest6 WHERE k BETWEEN 4900029 AND 4900129
	Bitmap Heap Scan on sbtest6  (cost=5.40..377.55 rows=94 width=125)
	  Recheck Cond: ((k >= 4900029) AND (k <= 4900129))
	  ->  Bitmap Index Scan on k_6  (cost=0.00..5.38 rows=94 width=0)
	        Index Cond: ((k >= 4900029) AND (k <= 4900129))

table 7 : explain SELECT k, c FROM sbtest7 WHERE k BETWEEN 4900029 AND 4900129
	Bitmap Heap Scan on sbtest7  (cost=5.43..389.37 rows=97 width=125)
	  Recheck Cond: ((k >= 4900029) AND (k <= 4900129))
	  ->  Bitmap Index Scan on k_7  (cost=0.00..5.40 rows=97 width=0)
	        Index Cond: ((k >= 4900029) AND (k <= 4900129))

table 8 : explain SELECT k, c FROM sbtest8 WHERE k BETWEEN 4900029 AND 4900129
	Bitmap Heap Scan on sbtest8  (cost=5.42..385.43 rows=96 width=125)
	  Recheck Cond: ((k >= 4900029) AND (k <= 4900129))
	  ->  Bitmap Index Scan on k_8  (cost=0.00..5.39 rows=96 width=0)
	        Index Cond: ((k >= 4900029) AND (k <= 4900129))

for range-notcovered
table 1 : explain SELECT k, c FROM sbtest1 WHERE k BETWEEN 9241951 AND 9242051
	Bitmap Heap Scan on sbtest1  (cost=5.63..468.09 rows=117 width=125)
	  Recheck Cond: ((k >= 9241951) AND (k <= 9242051))
	  ->  Bitmap Index Scan on k_1  (cost=0.00..5.60 rows=117 width=0)
	        Index Cond: ((k >= 9241951) AND (k <= 9242051))

table 2 : explain SELECT k, c FROM sbtest2 WHERE k BETWEEN 9241951 AND 9242051
	Bitmap Heap Scan on sbtest2  (cost=5.50..416.94 rows=104 width=125)
	  Recheck Cond: ((k >= 9241951) AND (k <= 9242051))
	  ->  Bitmap Index Scan on k_2  (cost=0.00..5.47 rows=104 width=0)
	        Index Cond: ((k >= 9241951) AND (k <= 9242051))

table 3 : explain SELECT k, c FROM sbtest3 WHERE k BETWEEN 9241951 AND 9242051
	Bitmap Heap Scan on sbtest3  (cost=5.41..381.49 rows=95 width=125)
	  Recheck Cond: ((k >= 9241951) AND (k <= 9242051))
	  ->  Bitmap Index Scan on k_3  (cost=0.00..5.38 rows=95 width=0)
	        Index Cond: ((k >= 9241951) AND (k <= 9242051))

table 4 : explain SELECT k, c FROM sbtest4 WHERE k BETWEEN 9241951 AND 9242051
	Bitmap Heap Scan on sbtest4  (cost=5.52..424.81 rows=106 width=125)
	  Recheck Cond: ((k >= 9241951) AND (k <= 9242051))
	  ->  Bitmap Index Scan on k_4  (cost=0.00..5.50 rows=106 width=0)
	        Index Cond: ((k >= 9241951) AND (k <= 9242051))

table 5 : explain SELECT k, c FROM sbtest5 WHERE k BETWEEN 9241951 AND 9242051
	Bitmap Heap Scan on sbtest5  (cost=5.54..432.69 rows=108 width=125)
	  Recheck Cond: ((k >= 9241951) AND (k <= 9242051))
	  ->  Bitmap Index Scan on k_5  (cost=0.00..5.51 rows=108 width=0)
	        Index Cond: ((k >= 9241951) AND (k <= 9242051))

table 6 : explain SELECT k, c FROM sbtest6 WHERE k BETWEEN 9241951 AND 9242051
	Bitmap Heap Scan on sbtest6  (cost=5.52..424.81 rows=106 width=125)
	  Recheck Cond: ((k >= 9241951) AND (k <= 9242051))
	  ->  Bitmap Index Scan on k_6  (cost=0.00..5.50 rows=106 width=0)
	        Index Cond: ((k >= 9241951) AND (k <= 9242051))

table 7 : explain SELECT k, c FROM sbtest7 WHERE k BETWEEN 9241951 AND 9242051
	Bitmap Heap Scan on sbtest7  (cost=5.53..428.75 rows=107 width=125)
	  Recheck Cond: ((k >= 9241951) AND (k <= 9242051))
	  ->  Bitmap Index Scan on k_7  (cost=0.00..5.50 rows=107 width=0)
	        Index Cond: ((k >= 9241951) AND (k <= 9242051))

table 8 : explain SELECT k, c FROM sbtest8 WHERE k BETWEEN 9241951 AND 9242051
	Bitmap Heap Scan on sbtest8  (cost=5.43..389.37 rows=97 width=125)
	  Recheck Cond: ((k >= 9241951) AND (k <= 9242051))
	  ->  Bitmap Index Scan on k_8  (cost=0.00..5.40 rows=97 width=0)
	        Index Cond: ((k >= 9241951) AND (k <= 9242051))

explain: for range-notcovered :: explain SELECT k, c FROM sbtest%d WHERE k BETWEEN 3351459 AND 3351559
explain: for range-notcovered :: explain SELECT k, c FROM sbtest%d WHERE k BETWEEN 4900029 AND 4900129
for range-notcovered
table 1 : explain SELECT k, c FROM sbtest1 WHERE k BETWEEN 4873949 AND 4874049
	Bitmap Heap Scan on sbtest1  (cost=5.41..381.49 rows=95 width=125)
	  Recheck Cond: ((k >= 4873949) AND (k <= 4874049))
	  ->  Bitmap Index Scan on k_1  (cost=0.00..5.38 rows=95 width=0)
	        Index Cond: ((k >= 4873949) AND (k <= 4874049))

table 2 : explain SELECT k, c FROM sbtest2 WHERE k BETWEEN 4873949 AND 4874049
	Bitmap Heap Scan on sbtest2  (cost=5.40..377.55 rows=94 width=125)
	  Recheck Cond: ((k >= 4873949) AND (k <= 4874049))
	  ->  Bitmap Index Scan on k_2  (cost=0.00..5.38 rows=94 width=0)
	        Index Cond: ((k >= 4873949) AND (k <= 4874049))

table 3 : explain SELECT k, c FROM sbtest3 WHERE k BETWEEN 4873949 AND 4874049
	Bitmap Heap Scan on sbtest3  (cost=5.50..416.94 rows=104 width=125)
	  Recheck Cond: ((k >= 4873949) AND (k <= 4874049))
	  ->  Bitmap Index Scan on k_3  (cost=0.00..5.47 rows=104 width=0)
	        Index Cond: ((k >= 4873949) AND (k <= 4874049))

table 4 : explain SELECT k, c FROM sbtest4 WHERE k BETWEEN 4873949 AND 4874049
	Bitmap Heap Scan on sbtest4  (cost=5.43..389.37 rows=97 width=125)
	  Recheck Cond: ((k >= 4873949) AND (k <= 4874049))
	  ->  Bitmap Index Scan on k_4  (cost=0.00..5.40 rows=97 width=0)
	        Index Cond: ((k >= 4873949) AND (k <= 4874049))

table 5 : explain SELECT k, c FROM sbtest5 WHERE k BETWEEN 4873949 AND 4874049
	Bitmap Heap Scan on sbtest5  (cost=5.52..424.81 rows=106 width=125)
	  Recheck Cond: ((k >= 4873949) AND (k <= 4874049))
	  ->  Bitmap Index Scan on k_5  (cost=0.00..5.50 rows=106 width=0)
	        Index Cond: ((k >= 4873949) AND (k <= 4874049))

table 6 : explain SELECT k, c FROM sbtest6 WHERE k BETWEEN 4873949 AND 4874049
	Bitmap Heap Scan on sbtest6  (cost=5.40..377.55 rows=94 width=125)
	  Recheck Cond: ((k >= 4873949) AND (k <= 4874049))
	  ->  Bitmap Index Scan on k_6  (cost=0.00..5.38 rows=94 width=0)
	        Index Cond: ((k >= 4873949) AND (k <= 4874049))

table 7 : explain SELECT k, c FROM sbtest7 WHERE k BETWEEN 4873949 AND 4874049
	Bitmap Heap Scan on sbtest7  (cost=5.43..389.37 rows=97 width=125)
	  Recheck Cond: ((k >= 4873949) AND (k <= 4874049))
	  ->  Bitmap Index Scan on k_7  (cost=0.00..5.40 rows=97 width=0)
	        Index Cond: ((k >= 4873949) AND (k <= 4874049))

table 8 : explain SELECT k, c FROM sbtest8 WHERE k BETWEEN 4873949 AND 4874049
	Bitmap Heap Scan on sbtest8  (cost=5.53..428.75 rows=107 width=125)
	  Recheck Cond: ((k >= 4873949) AND (k <= 4874049))
	  ->  Bitmap Index Scan on k_8  (cost=0.00..5.50 rows=107 width=0)
	        Index Cond: ((k >= 4873949) AND (k <= 4874049))

explain: for range-notcovered :: explain SELECT k, c FROM sbtest%d WHERE k BETWEEN 9241951 AND 9242051
explain: for range-notcovered :: explain SELECT k, c FROM sbtest%d WHERE k BETWEEN 4873949 AND 4874049
for range-notcovered
table 1 : explain SELECT k, c FROM sbtest1 WHERE k BETWEEN 7701689 AND 7701789
	Bitmap Heap Scan on sbtest1  (cost=5.42..385.43 rows=96 width=125)
	  Recheck Cond: ((k >= 7701689) AND (k <= 7701789))
	  ->  Bitmap Index Scan on k_1  (cost=0.00..5.39 rows=96 width=0)
	        Index Cond: ((k >= 7701689) AND (k <= 7701789))

table 2 : explain SELECT k, c FROM sbtest2 WHERE k BETWEEN 7701689 AND 7701789
	Bitmap Heap Scan on sbtest2  (cost=5.57..444.49 rows=111 width=125)
	  Recheck Cond: ((k >= 7701689) AND (k <= 7701789))
	  ->  Bitmap Index Scan on k_2  (cost=0.00..5.54 rows=111 width=0)
	        Index Cond: ((k >= 7701689) AND (k <= 7701789))

table 3 : explain SELECT k, c FROM sbtest3 WHERE k BETWEEN 7701689 AND 7701789
	Bitmap Heap Scan on sbtest3  (cost=5.46..401.19 rows=100 width=125)
	  Recheck Cond: ((k >= 7701689) AND (k <= 7701789))
	  ->  Bitmap Index Scan on k_3  (cost=0.00..5.43 rows=100 width=0)
	        Index Cond: ((k >= 7701689) AND (k <= 7701789))

table 4 : explain SELECT k, c FROM sbtest4 WHERE k BETWEEN 7701689 AND 7701789
	Bitmap Heap Scan on sbtest4  (cost=5.45..397.25 rows=99 width=125)
	  Recheck Cond: ((k >= 7701689) AND (k <= 7701789))
	  ->  Bitmap Index Scan on k_4  (cost=0.00..5.42 rows=99 width=0)
	        Index Cond: ((k >= 7701689) AND (k <= 7701789))

table 5 : explain SELECT k, c FROM sbtest5 WHERE k BETWEEN 7701689 AND 7701789
	Bitmap Heap Scan on sbtest5  (cost=5.48..409.07 rows=102 width=125)
	  Recheck Cond: ((k >= 7701689) AND (k <= 7701789))
	  ->  Bitmap Index Scan on k_5  (cost=0.00..5.45 rows=102 width=0)
	        Index Cond: ((k >= 7701689) AND (k <= 7701789))

table 6 : explain SELECT k, c FROM sbtest6 WHERE k BETWEEN 7701689 AND 7701789
	Bitmap Heap Scan on sbtest6  (cost=5.50..416.94 rows=104 width=125)
	  Recheck Cond: ((k >= 7701689) AND (k <= 7701789))
	  ->  Bitmap Index Scan on k_6  (cost=0.00..5.47 rows=104 width=0)
	        Index Cond: ((k >= 7701689) AND (k <= 7701789))

table 7 : explain SELECT k, c FROM sbtest7 WHERE k BETWEEN 7701689 AND 7701789
	Bitmap Heap Scan on sbtest7  (cost=5.51..420.88 rows=105 width=125)
	  Recheck Cond: ((k >= 7701689) AND (k <= 7701789))
	  ->  Bitmap Index Scan on k_7  (cost=0.00..5.48 rows=105 width=0)
	        Index Cond: ((k >= 7701689) AND (k <= 7701789))

table 8 : explain SELECT k, c FROM sbtest8 WHERE k BETWEEN 7701689 AND 7701789
	Bitmap Heap Scan on sbtest8  (cost=5.50..416.94 rows=104 width=125)
	  Recheck Cond: ((k >= 7701689) AND (k <= 7701789))
	  ->  Bitmap Index Scan on k_8  (cost=0.00..5.47 rows=104 width=0)
	        Index Cond: ((k >= 7701689) AND (k <= 7701789))

explain: for range-notcovered :: explain SELECT k, c FROM sbtest%d WHERE k BETWEEN 7701689 AND 7701789
for range-notcovered
table 1 : explain SELECT k, c FROM sbtest1 WHERE k BETWEEN 3351459 AND 3351559
	Bitmap Heap Scan on sbtest1  (cost=5.53..428.75 rows=107 width=125)
	  Recheck Cond: ((k >= 3351459) AND (k <= 3351559))
	  ->  Bitmap Index Scan on k_1  (cost=0.00..5.50 rows=107 width=0)
	        Index Cond: ((k >= 3351459) AND (k <= 3351559))

table 2 : explain SELECT k, c FROM sbtest2 WHERE k BETWEEN 3351459 AND 3351559
	Bitmap Heap Scan on sbtest2  (cost=5.47..405.13 rows=101 width=125)
	  Recheck Cond: ((k >= 3351459) AND (k <= 3351559))
	  ->  Bitmap Index Scan on k_2  (cost=0.00..5.44 rows=101 width=0)
	        Index Cond: ((k >= 3351459) AND (k <= 3351559))

table 3 : explain SELECT k, c FROM sbtest3 WHERE k BETWEEN 3351459 AND 3351559
	Bitmap Heap Scan on sbtest3  (cost=5.54..432.69 rows=108 width=125)
	  Recheck Cond: ((k >= 3351459) AND (k <= 3351559))
	  ->  Bitmap Index Scan on k_3  (cost=0.00..5.51 rows=108 width=0)
	        Index Cond: ((k >= 3351459) AND (k <= 3351559))

table 4 : explain SELECT k, c FROM sbtest4 WHERE k BETWEEN 3351459 AND 3351559
	Bitmap Heap Scan on sbtest4  (cost=5.48..409.07 rows=102 width=125)
	  Recheck Cond: ((k >= 3351459) AND (k <= 3351559))
	  ->  Bitmap Index Scan on k_4  (cost=0.00..5.45 rows=102 width=0)
	        Index Cond: ((k >= 3351459) AND (k <= 3351559))

table 5 : explain SELECT k, c FROM sbtest5 WHERE k BETWEEN 3351459 AND 3351559
	Bitmap Heap Scan on sbtest5  (cost=5.53..428.75 rows=107 width=125)
	  Recheck Cond: ((k >= 3351459) AND (k <= 3351559))
	  ->  Bitmap Index Scan on k_5  (cost=0.00..5.50 rows=107 width=0)
	        Index Cond: ((k >= 3351459) AND (k <= 3351559))

table 6 : explain SELECT k, c FROM sbtest6 WHERE k BETWEEN 3351459 AND 3351559
	Bitmap Heap Scan on sbtest6  (cost=5.44..393.31 rows=98 width=125)
	  Recheck Cond: ((k >= 3351459) AND (k <= 3351559))
	  ->  Bitmap Index Scan on k_6  (cost=0.00..5.42 rows=98 width=0)
	        Index Cond: ((k >= 3351459) AND (k <= 3351559))

table 7 : explain SELECT k, c FROM sbtest7 WHERE k BETWEEN 3351459 AND 3351559
	Bitmap Heap Scan on sbtest7  (cost=5.50..416.94 rows=104 width=125)
	  Recheck Cond: ((k >= 3351459) AND (k <= 3351559))
	  ->  Bitmap Index Scan on k_7  (cost=0.00..5.47 rows=104 width=0)
	        Index Cond: ((k >= 3351459) AND (k <= 3351559))

table 8 : explain SELECT k, c FROM sbtest8 WHERE k BETWEEN 3351459 AND 3351559
	Bitmap Heap Scan on sbtest8  (cost=5.48..409.07 rows=102 width=125)
	  Recheck Cond: ((k >= 3351459) AND (k <= 3351559))
	  ->  Bitmap Index Scan on k_8  (cost=0.00..5.45 rows=102 width=0)
	        Index Cond: ((k >= 3351459) AND (k <= 3351559))

for range-notcovered
table 1 : explain SELECT k, c FROM sbtest1 WHERE k BETWEEN 4900029 AND 4900129
	Bitmap Heap Scan on sbtest1  (cost=5.52..424.81 rows=106 width=125)
	  Recheck Cond: ((k >= 4900029) AND (k <= 4900129))
	  ->  Bitmap Index Scan on k_1  (cost=0.00..5.50 rows=106 width=0)
	        Index Cond: ((k >= 4900029) AND (k <= 4900129))

table 2 : explain SELECT k, c FROM sbtest2 WHERE k BETWEEN 4900029 AND 4900129
	Bitmap Heap Scan on sbtest2  (cost=5.40..377.55 rows=94 width=125)
	  Recheck Cond: ((k >= 4900029) AND (k <= 4900129))
	  ->  Bitmap Index Scan on k_2  (cost=0.00..5.38 rows=94 width=0)
	        Index Cond: ((k >= 4900029) AND (k <= 4900129))

table 3 : explain SELECT k, c FROM sbtest3 WHERE k BETWEEN 4900029 AND 4900129
	Bitmap Heap Scan on sbtest3  (cost=5.53..428.75 rows=107 width=125)
	  Recheck Cond: ((k >= 4900029) AND (k <= 4900129))
	  ->  Bitmap Index Scan on k_3  (cost=0.00..5.50 rows=107 width=0)
	        Index Cond: ((k >= 4900029) AND (k <= 4900129))

table 4 : explain SELECT k, c FROM sbtest4 WHERE k BETWEEN 4900029 AND 4900129
	Bitmap Heap Scan on sbtest4  (cost=5.49..413.00 rows=103 width=125)
	  Recheck Cond: ((k >= 4900029) AND (k <= 4900129))
	  ->  Bitmap Index Scan on k_4  (cost=0.00..5.46 rows=103 width=0)
	        Index Cond: ((k >= 4900029) AND (k <= 4900129))

table 5 : explain SELECT k, c FROM sbtest5 WHERE k BETWEEN 4900029 AND 4900129
	Bitmap Heap Scan on sbtest5  (cost=5.48..409.07 rows=102 width=125)
	  Recheck Cond: ((k >= 4900029) AND (k <= 4900129))
	  ->  Bitmap Index Scan on k_5  (cost=0.00..5.45 rows=102 width=0)
	        Index Cond: ((k >= 4900029) AND (k <= 4900129))

table 6 : explain SELECT k, c FROM sbtest6 WHERE k BETWEEN 4900029 AND 4900129
	Bitmap Heap Scan on sbtest6  (cost=5.40..377.55 rows=94 width=125)
	  Recheck Cond: ((k >= 4900029) AND (k <= 4900129))
	  ->  Bitmap Index Scan on k_6  (cost=0.00..5.38 rows=94 width=0)
	        Index Cond: ((k >= 4900029) AND (k <= 4900129))

table 7 : explain SELECT k, c FROM sbtest7 WHERE k BETWEEN 4900029 AND 4900129
	Bitmap Heap Scan on sbtest7  (cost=5.43..389.37 rows=97 width=125)
	  Recheck Cond: ((k >= 4900029) AND (k <= 4900129))
	  ->  Bitmap Index Scan on k_7  (cost=0.00..5.40 rows=97 width=0)
	        Index Cond: ((k >= 4900029) AND (k <= 4900129))

table 8 : explain SELECT k, c FROM sbtest8 WHERE k BETWEEN 4900029 AND 4900129
	Bitmap Heap Scan on sbtest8  (cost=5.42..385.43 rows=96 width=125)
	  Recheck Cond: ((k >= 4900029) AND (k <= 4900129))
	  ->  Bitmap Index Scan on k_8  (cost=0.00..5.39 rows=96 width=0)
	        Index Cond: ((k >= 4900029) AND (k <= 4900129))

for range-notcovered
table 1 : explain SELECT k, c FROM sbtest1 WHERE k BETWEEN 9241951 AND 9242051
	Bitmap Heap Scan on sbtest1  (cost=5.63..468.09 rows=117 width=125)
	  Recheck Cond: ((k >= 9241951) AND (k <= 9242051))
	  ->  Bitmap Index Scan on k_1  (cost=0.00..5.60 rows=117 width=0)
	        Index Cond: ((k >= 9241951) AND (k <= 9242051))

table 2 : explain SELECT k, c FROM sbtest2 WHERE k BETWEEN 9241951 AND 9242051
	Bitmap Heap Scan on sbtest2  (cost=5.50..416.94 rows=104 width=125)
	  Recheck Cond: ((k >= 9241951) AND (k <= 9242051))
	  ->  Bitmap Index Scan on k_2  (cost=0.00..5.47 rows=104 width=0)
	        Index Cond: ((k >= 9241951) AND (k <= 9242051))

table 3 : explain SELECT k, c FROM sbtest3 WHERE k BETWEEN 9241951 AND 9242051
	Bitmap Heap Scan on sbtest3  (cost=5.41..381.49 rows=95 width=125)
	  Recheck Cond: ((k >= 9241951) AND (k <= 9242051))
	  ->  Bitmap Index Scan on k_3  (cost=0.00..5.38 rows=95 width=0)
	        Index Cond: ((k >= 9241951) AND (k <= 9242051))

table 4 : explain SELECT k, c FROM sbtest4 WHERE k BETWEEN 9241951 AND 9242051
	Bitmap Heap Scan on sbtest4  (cost=5.52..424.81 rows=106 width=125)
	  Recheck Cond: ((k >= 9241951) AND (k <= 9242051))
	  ->  Bitmap Index Scan on k_4  (cost=0.00..5.50 rows=106 width=0)
	        Index Cond: ((k >= 9241951) AND (k <= 9242051))

table 5 : explain SELECT k, c FROM sbtest5 WHERE k BETWEEN 9241951 AND 9242051
	Bitmap Heap Scan on sbtest5  (cost=5.54..432.69 rows=108 width=125)
	  Recheck Cond: ((k >= 9241951) AND (k <= 9242051))
	  ->  Bitmap Index Scan on k_5  (cost=0.00..5.51 rows=108 width=0)
	        Index Cond: ((k >= 9241951) AND (k <= 9242051))

table 6 : explain SELECT k, c FROM sbtest6 WHERE k BETWEEN 9241951 AND 9242051
	Bitmap Heap Scan on sbtest6  (cost=5.52..424.81 rows=106 width=125)
	  Recheck Cond: ((k >= 9241951) AND (k <= 9242051))
	  ->  Bitmap Index Scan on k_6  (cost=0.00..5.50 rows=106 width=0)
	        Index Cond: ((k >= 9241951) AND (k <= 9242051))

table 7 : explain SELECT k, c FROM sbtest7 WHERE k BETWEEN 9241951 AND 9242051
	Bitmap Heap Scan on sbtest7  (cost=5.53..428.75 rows=107 width=125)
	  Recheck Cond: ((k >= 9241951) AND (k <= 9242051))
	  ->  Bitmap Index Scan on k_7  (cost=0.00..5.50 rows=107 width=0)
	        Index Cond: ((k >= 9241951) AND (k <= 9242051))

table 8 : explain SELECT k, c FROM sbtest8 WHERE k BETWEEN 9241951 AND 9242051
	Bitmap Heap Scan on sbtest8  (cost=5.43..389.37 rows=97 width=125)
	  Recheck Cond: ((k >= 9241951) AND (k <= 9242051))
	  ->  Bitmap Index Scan on k_8  (cost=0.00..5.40 rows=97 width=0)
	        Index Cond: ((k >= 9241951) AND (k <= 9242051))
explain: for range-notcovered :: explain SELECT k, c FROM sbtest%d WHERE k BETWEEN 3351459 AND 3351559

explain: for range-notcovered :: explain SELECT k, c FROM sbtest%d WHERE k BETWEEN 4900029 AND 4900129
explain: for range-notcovered :: explain SELECT k, c FROM sbtest%d WHERE k BETWEEN 9241951 AND 9242051
for range-notcovered
table 1 : explain SELECT k, c FROM sbtest1 WHERE k BETWEEN 4873949 AND 4874049
	Bitmap Heap Scan on sbtest1  (cost=5.41..381.49 rows=95 width=125)
	  Recheck Cond: ((k >= 4873949) AND (k <= 4874049))
	  ->  Bitmap Index Scan on k_1  (cost=0.00..5.38 rows=95 width=0)
	        Index Cond: ((k >= 4873949) AND (k <= 4874049))

table 2 : explain SELECT k, c FROM sbtest2 WHERE k BETWEEN 4873949 AND 4874049
	Bitmap Heap Scan on sbtest2  (cost=5.40..377.55 rows=94 width=125)
	  Recheck Cond: ((k >= 4873949) AND (k <= 4874049))
	  ->  Bitmap Index Scan on k_2  (cost=0.00..5.38 rows=94 width=0)
	        Index Cond: ((k >= 4873949) AND (k <= 4874049))

table 3 : explain SELECT k, c FROM sbtest3 WHERE k BETWEEN 4873949 AND 4874049
	Bitmap Heap Scan on sbtest3  (cost=5.50..416.94 rows=104 width=125)
	  Recheck Cond: ((k >= 4873949) AND (k <= 4874049))
	  ->  Bitmap Index Scan on k_3  (cost=0.00..5.47 rows=104 width=0)
	        Index Cond: ((k >= 4873949) AND (k <= 4874049))

table 4 : explain SELECT k, c FROM sbtest4 WHERE k BETWEEN 4873949 AND 4874049
	Bitmap Heap Scan on sbtest4  (cost=5.43..389.37 rows=97 width=125)
	  Recheck Cond: ((k >= 4873949) AND (k <= 4874049))
	  ->  Bitmap Index Scan on k_4  (cost=0.00..5.40 rows=97 width=0)
	        Index Cond: ((k >= 4873949) AND (k <= 4874049))

table 5 : explain SELECT k, c FROM sbtest5 WHERE k BETWEEN 4873949 AND 4874049
	Bitmap Heap Scan on sbtest5  (cost=5.52..424.81 rows=106 width=125)
	  Recheck Cond: ((k >= 4873949) AND (k <= 4874049))
	  ->  Bitmap Index Scan on k_5  (cost=0.00..5.50 rows=106 width=0)
	        Index Cond: ((k >= 4873949) AND (k <= 4874049))

table 6 : explain SELECT k, c FROM sbtest6 WHERE k BETWEEN 4873949 AND 4874049
	Bitmap Heap Scan on sbtest6  (cost=5.40..377.55 rows=94 width=125)
	  Recheck Cond: ((k >= 4873949) AND (k <= 4874049))
	  ->  Bitmap Index Scan on k_6  (cost=0.00..5.38 rows=94 width=0)
	        Index Cond: ((k >= 4873949) AND (k <= 4874049))

table 7 : explain SELECT k, c FROM sbtest7 WHERE k BETWEEN 4873949 AND 4874049
	Bitmap Heap Scan on sbtest7  (cost=5.43..389.37 rows=97 width=125)
	  Recheck Cond: ((k >= 4873949) AND (k <= 4874049))
	  ->  Bitmap Index Scan on k_7  (cost=0.00..5.40 rows=97 width=0)
	        Index Cond: ((k >= 4873949) AND (k <= 4874049))

table 8 : explain SELECT k, c FROM sbtest8 WHERE k BETWEEN 4873949 AND 4874049
	Bitmap Heap Scan on sbtest8  (cost=5.53..428.75 rows=107 width=125)
	  Recheck Cond: ((k >= 4873949) AND (k <= 4874049))
	  ->  Bitmap Index Scan on k_8  (cost=0.00..5.50 rows=107 width=0)
	        Index Cond: ((k >= 4873949) AND (k <= 4874049))

explain: for range-notcovered :: explain SELECT k, c FROM sbtest%d WHERE k BETWEEN 4873949 AND 4874049
for range-notcovered
table 1 : explain SELECT k, c FROM sbtest1 WHERE k BETWEEN 7701689 AND 7701789
	Bitmap Heap Scan on sbtest1  (cost=5.42..385.43 rows=96 width=125)
	  Recheck Cond: ((k >= 7701689) AND (k <= 7701789))
	  ->  Bitmap Index Scan on k_1  (cost=0.00..5.39 rows=96 width=0)
	        Index Cond: ((k >= 7701689) AND (k <= 7701789))

table 2 : explain SELECT k, c FROM sbtest2 WHERE k BETWEEN 7701689 AND 7701789
	Bitmap Heap Scan on sbtest2  (cost=5.57..444.49 rows=111 width=125)
	  Recheck Cond: ((k >= 7701689) AND (k <= 7701789))
	  ->  Bitmap Index Scan on k_2  (cost=0.00..5.54 rows=111 width=0)
	        Index Cond: ((k >= 7701689) AND (k <= 7701789))

table 3 : explain SELECT k, c FROM sbtest3 WHERE k BETWEEN 7701689 AND 7701789
	Bitmap Heap Scan on sbtest3  (cost=5.46..401.19 rows=100 width=125)
	  Recheck Cond: ((k >= 7701689) AND (k <= 7701789))
	  ->  Bitmap Index Scan on k_3  (cost=0.00..5.43 rows=100 width=0)
	        Index Cond: ((k >= 7701689) AND (k <= 7701789))

table 4 : explain SELECT k, c FROM sbtest4 WHERE k BETWEEN 7701689 AND 7701789
	Bitmap Heap Scan on sbtest4  (cost=5.45..397.25 rows=99 width=125)
	  Recheck Cond: ((k >= 7701689) AND (k <= 7701789))
	  ->  Bitmap Index Scan on k_4  (cost=0.00..5.42 rows=99 width=0)
	        Index Cond: ((k >= 7701689) AND (k <= 7701789))

table 5 : explain SELECT k, c FROM sbtest5 WHERE k BETWEEN 7701689 AND 7701789
	Bitmap Heap Scan on sbtest5  (cost=5.48..409.07 rows=102 width=125)
	  Recheck Cond: ((k >= 7701689) AND (k <= 7701789))
	  ->  Bitmap Index Scan on k_5  (cost=0.00..5.45 rows=102 width=0)
	        Index Cond: ((k >= 7701689) AND (k <= 7701789))

table 6 : explain SELECT k, c FROM sbtest6 WHERE k BETWEEN 7701689 AND 7701789
	Bitmap Heap Scan on sbtest6  (cost=5.50..416.94 rows=104 width=125)
	  Recheck Cond: ((k >= 7701689) AND (k <= 7701789))
	  ->  Bitmap Index Scan on k_6  (cost=0.00..5.47 rows=104 width=0)
	        Index Cond: ((k >= 7701689) AND (k <= 7701789))

table 7 : explain SELECT k, c FROM sbtest7 WHERE k BETWEEN 7701689 AND 7701789
	Bitmap Heap Scan on sbtest7  (cost=5.51..420.88 rows=105 width=125)
	  Recheck Cond: ((k >= 7701689) AND (k <= 7701789))
	  ->  Bitmap Index Scan on k_7  (cost=0.00..5.48 rows=105 width=0)
	        Index Cond: ((k >= 7701689) AND (k <= 7701789))

table 8 : explain SELECT k, c FROM sbtest8 WHERE k BETWEEN 7701689 AND 7701789
	Bitmap Heap Scan on sbtest8  (cost=5.50..416.94 rows=104 width=125)
	  Recheck Cond: ((k >= 7701689) AND (k <= 7701789))
	  ->  Bitmap Index Scan on k_8  (cost=0.00..5.47 rows=104 width=0)
	        Index Cond: ((k >= 7701689) AND (k <= 7701789))

explain: for range-notcovered :: explain SELECT k, c FROM sbtest%d WHERE k BETWEEN 7701689 AND 7701789
for range-notcovered
table 1 : explain SELECT k, c FROM sbtest1 WHERE k BETWEEN 2215997 AND 2216097
	Bitmap Heap Scan on sbtest1  (cost=5.50..416.94 rows=104 width=125)
	  Recheck Cond: ((k >= 2215997) AND (k <= 2216097))
	  ->  Bitmap Index Scan on k_1  (cost=0.00..5.47 rows=104 width=0)
	        Index Cond: ((k >= 2215997) AND (k <= 2216097))

table 2 : explain SELECT k, c FROM sbtest2 WHERE k BETWEEN 2215997 AND 2216097
	Bitmap Heap Scan on sbtest2  (cost=5.48..409.07 rows=102 width=125)
	  Recheck Cond: ((k >= 2215997) AND (k <= 2216097))
	  ->  Bitmap Index Scan on k_2  (cost=0.00..5.45 rows=102 width=0)
	        Index Cond: ((k >= 2215997) AND (k <= 2216097))

table 3 : explain SELECT k, c FROM sbtest3 WHERE k BETWEEN 2215997 AND 2216097
	Bitmap Heap Scan on sbtest3  (cost=5.43..389.37 rows=97 width=125)
	  Recheck Cond: ((k >= 2215997) AND (k <= 2216097))
	  ->  Bitmap Index Scan on k_3  (cost=0.00..5.40 rows=97 width=0)
	        Index Cond: ((k >= 2215997) AND (k <= 2216097))

table 4 : explain SELECT k, c FROM sbtest4 WHERE k BETWEEN 2215997 AND 2216097
	Bitmap Heap Scan on sbtest4  (cost=5.49..413.00 rows=103 width=125)
	  Recheck Cond: ((k >= 2215997) AND (k <= 2216097))
	  ->  Bitmap Index Scan on k_4  (cost=0.00..5.46 rows=103 width=0)
	        Index Cond: ((k >= 2215997) AND (k <= 2216097))

table 5 : explain SELECT k, c FROM sbtest5 WHERE k BETWEEN 2215997 AND 2216097
	Bitmap Heap Scan on sbtest5  (cost=5.53..428.75 rows=107 width=125)
	  Recheck Cond: ((k >= 2215997) AND (k <= 2216097))
	  ->  Bitmap Index Scan on k_5  (cost=0.00..5.50 rows=107 width=0)
	        Index Cond: ((k >= 2215997) AND (k <= 2216097))

table 6 : explain SELECT k, c FROM sbtest6 WHERE k BETWEEN 2215997 AND 2216097
	Bitmap Heap Scan on sbtest6  (cost=5.49..413.00 rows=103 width=125)
	  Recheck Cond: ((k >= 2215997) AND (k <= 2216097))
	  ->  Bitmap Index Scan on k_6  (cost=0.00..5.46 rows=103 width=0)
	        Index Cond: ((k >= 2215997) AND (k <= 2216097))

table 7 : explain SELECT k, c FROM sbtest7 WHERE k BETWEEN 2215997 AND 2216097
	Bitmap Heap Scan on sbtest7  (cost=5.48..409.07 rows=102 width=125)
	  Recheck Cond: ((k >= 2215997) AND (k <= 2216097))
	  ->  Bitmap Index Scan on k_7  (cost=0.00..5.45 rows=102 width=0)
	        Index Cond: ((k >= 2215997) AND (k <= 2216097))

table 8 : explain SELECT k, c FROM sbtest8 WHERE k BETWEEN 2215997 AND 2216097
	Bitmap Heap Scan on sbtest8  (cost=5.50..416.94 rows=104 width=125)
	  Recheck Cond: ((k >= 2215997) AND (k <= 2216097))
	  ->  Bitmap Index Scan on k_8  (cost=0.00..5.47 rows=104 width=0)
	        Index Cond: ((k >= 2215997) AND (k <= 2216097))

explain: for range-notcovered :: explain SELECT k, c FROM sbtest%d WHERE k BETWEEN 2215997 AND 2216097
for range-notcovered
table 1 : explain SELECT k, c FROM sbtest1 WHERE k BETWEEN 4900029 AND 4900129
	Bitmap Heap Scan on sbtest1  (cost=5.52..424.81 rows=106 width=125)
	  Recheck Cond: ((k >= 4900029) AND (k <= 4900129))
	  ->  Bitmap Index Scan on k_1  (cost=0.00..5.50 rows=106 width=0)
	        Index Cond: ((k >= 4900029) AND (k <= 4900129))

table 2 : explain SELECT k, c FROM sbtest2 WHERE k BETWEEN 4900029 AND 4900129
	Bitmap Heap Scan on sbtest2  (cost=5.40..377.55 rows=94 width=125)
	  Recheck Cond: ((k >= 4900029) AND (k <= 4900129))
	  ->  Bitmap Index Scan on k_2  (cost=0.00..5.38 rows=94 width=0)
	        Index Cond: ((k >= 4900029) AND (k <= 4900129))

table 3 : explain SELECT k, c FROM sbtest3 WHERE k BETWEEN 4900029 AND 4900129
	Bitmap Heap Scan on sbtest3  (cost=5.53..428.75 rows=107 width=125)
	  Recheck Cond: ((k >= 4900029) AND (k <= 4900129))
	  ->  Bitmap Index Scan on k_3  (cost=0.00..5.50 rows=107 width=0)
	        Index Cond: ((k >= 4900029) AND (k <= 4900129))

table 4 : explain SELECT k, c FROM sbtest4 WHERE k BETWEEN 4900029 AND 4900129
	Bitmap Heap Scan on sbtest4  (cost=5.49..413.00 rows=103 width=125)
	  Recheck Cond: ((k >= 4900029) AND (k <= 4900129))
	  ->  Bitmap Index Scan on k_4  (cost=0.00..5.46 rows=103 width=0)
	        Index Cond: ((k >= 4900029) AND (k <= 4900129))

table 5 : explain SELECT k, c FROM sbtest5 WHERE k BETWEEN 4900029 AND 4900129
	Bitmap Heap Scan on sbtest5  (cost=5.48..409.07 rows=102 width=125)
	  Recheck Cond: ((k >= 4900029) AND (k <= 4900129))
	  ->  Bitmap Index Scan on k_5  (cost=0.00..5.45 rows=102 width=0)
	        Index Cond: ((k >= 4900029) AND (k <= 4900129))

table 6 : explain SELECT k, c FROM sbtest6 WHERE k BETWEEN 4900029 AND 4900129
	Bitmap Heap Scan on sbtest6  (cost=5.40..377.55 rows=94 width=125)
	  Recheck Cond: ((k >= 4900029) AND (k <= 4900129))
	  ->  Bitmap Index Scan on k_6  (cost=0.00..5.38 rows=94 width=0)
	        Index Cond: ((k >= 4900029) AND (k <= 4900129))

table 7 : explain SELECT k, c FROM sbtest7 WHERE k BETWEEN 4900029 AND 4900129
	Bitmap Heap Scan on sbtest7  (cost=5.43..389.37 rows=97 width=125)
	  Recheck Cond: ((k >= 4900029) AND (k <= 4900129))
	  ->  Bitmap Index Scan on k_7  (cost=0.00..5.40 rows=97 width=0)
	        Index Cond: ((k >= 4900029) AND (k <= 4900129))

table 8 : explain SELECT k, c FROM sbtest8 WHERE k BETWEEN 4900029 AND 4900129
	Bitmap Heap Scan on sbtest8  (cost=5.42..385.43 rows=96 width=125)
	  Recheck Cond: ((k >= 4900029) AND (k <= 4900129))
	  ->  Bitmap Index Scan on k_8  (cost=0.00..5.39 rows=96 width=0)
	        Index Cond: ((k >= 4900029) AND (k <= 4900129))

explain: for range-notcovered :: explain SELECT k, c FROM sbtest%d WHERE k BETWEEN 4900029 AND 4900129
for range-notcovered
table 1 : explain SELECT k, c FROM sbtest1 WHERE k BETWEEN 4873949 AND 4874049
	Bitmap Heap Scan on sbtest1  (cost=5.41..381.49 rows=95 width=125)
	  Recheck Cond: ((k >= 4873949) AND (k <= 4874049))
	  ->  Bitmap Index Scan on k_1  (cost=0.00..5.38 rows=95 width=0)
	        Index Cond: ((k >= 4873949) AND (k <= 4874049))

table 2 : explain SELECT k, c FROM sbtest2 WHERE k BETWEEN 4873949 AND 4874049
	Bitmap Heap Scan on sbtest2  (cost=5.40..377.55 rows=94 width=125)
	  Recheck Cond: ((k >= 4873949) AND (k <= 4874049))
	  ->  Bitmap Index Scan on k_2  (cost=0.00..5.38 rows=94 width=0)
	        Index Cond: ((k >= 4873949) AND (k <= 4874049))

table 3 : explain SELECT k, c FROM sbtest3 WHERE k BETWEEN 4873949 AND 4874049
	Bitmap Heap Scan on sbtest3  (cost=5.50..416.94 rows=104 width=125)
	  Recheck Cond: ((k >= 4873949) AND (k <= 4874049))
	  ->  Bitmap Index Scan on k_3  (cost=0.00..5.47 rows=104 width=0)
	        Index Cond: ((k >= 4873949) AND (k <= 4874049))

table 4 : explain SELECT k, c FROM sbtest4 WHERE k BETWEEN 4873949 AND 4874049
	Bitmap Heap Scan on sbtest4  (cost=5.43..389.37 rows=97 width=125)
	  Recheck Cond: ((k >= 4873949) AND (k <= 4874049))
	  ->  Bitmap Index Scan on k_4  (cost=0.00..5.40 rows=97 width=0)
	        Index Cond: ((k >= 4873949) AND (k <= 4874049))

table 5 : explain SELECT k, c FROM sbtest5 WHERE k BETWEEN 4873949 AND 4874049
	Bitmap Heap Scan on sbtest5  (cost=5.52..424.81 rows=106 width=125)
	  Recheck Cond: ((k >= 4873949) AND (k <= 4874049))
	  ->  Bitmap Index Scan on k_5  (cost=0.00..5.50 rows=106 width=0)
	        Index Cond: ((k >= 4873949) AND (k <= 4874049))

table 6 : explain SELECT k, c FROM sbtest6 WHERE k BETWEEN 4873949 AND 4874049
	Bitmap Heap Scan on sbtest6  (cost=5.40..377.55 rows=94 width=125)
	  Recheck Cond: ((k >= 4873949) AND (k <= 4874049))
	  ->  Bitmap Index Scan on k_6  (cost=0.00..5.38 rows=94 width=0)
	        Index Cond: ((k >= 4873949) AND (k <= 4874049))

table 7 : explain SELECT k, c FROM sbtest7 WHERE k BETWEEN 4873949 AND 4874049
	Bitmap Heap Scan on sbtest7  (cost=5.43..389.37 rows=97 width=125)
	  Recheck Cond: ((k >= 4873949) AND (k <= 4874049))
	  ->  Bitmap Index Scan on k_7  (cost=0.00..5.40 rows=97 width=0)
	        Index Cond: ((k >= 4873949) AND (k <= 4874049))

table 8 : explain SELECT k, c FROM sbtest8 WHERE k BETWEEN 4873949 AND 4874049
	Bitmap Heap Scan on sbtest8  (cost=5.53..428.75 rows=107 width=125)
	  Recheck Cond: ((k >= 4873949) AND (k <= 4874049))
	  ->  Bitmap Index Scan on k_8  (cost=0.00..5.50 rows=107 width=0)
	        Index Cond: ((k >= 4873949) AND (k <= 4874049))

explain: for range-notcovered :: explain SELECT k, c FROM sbtest%d WHERE k BETWEEN 4873949 AND 4874049
for range-notcovered
table 1 : explain SELECT k, c FROM sbtest1 WHERE k BETWEEN 3351459 AND 3351559
	Bitmap Heap Scan on sbtest1  (cost=5.53..428.75 rows=107 width=125)
	  Recheck Cond: ((k >= 3351459) AND (k <= 3351559))
	  ->  Bitmap Index Scan on k_1  (cost=0.00..5.50 rows=107 width=0)
	        Index Cond: ((k >= 3351459) AND (k <= 3351559))

table 2 : explain SELECT k, c FROM sbtest2 WHERE k BETWEEN 3351459 AND 3351559
	Bitmap Heap Scan on sbtest2  (cost=5.47..405.13 rows=101 width=125)
	  Recheck Cond: ((k >= 3351459) AND (k <= 3351559))
	  ->  Bitmap Index Scan on k_2  (cost=0.00..5.44 rows=101 width=0)
	        Index Cond: ((k >= 3351459) AND (k <= 3351559))

table 3 : explain SELECT k, c FROM sbtest3 WHERE k BETWEEN 3351459 AND 3351559
	Bitmap Heap Scan on sbtest3  (cost=5.54..432.69 rows=108 width=125)
	  Recheck Cond: ((k >= 3351459) AND (k <= 3351559))
	  ->  Bitmap Index Scan on k_3  (cost=0.00..5.51 rows=108 width=0)
	        Index Cond: ((k >= 3351459) AND (k <= 3351559))

table 4 : explain SELECT k, c FROM sbtest4 WHERE k BETWEEN 3351459 AND 3351559
	Bitmap Heap Scan on sbtest4  (cost=5.48..409.07 rows=102 width=125)
	  Recheck Cond: ((k >= 3351459) AND (k <= 3351559))
	  ->  Bitmap Index Scan on k_4  (cost=0.00..5.45 rows=102 width=0)
	        Index Cond: ((k >= 3351459) AND (k <= 3351559))

table 5 : explain SELECT k, c FROM sbtest5 WHERE k BETWEEN 3351459 AND 3351559
	Bitmap Heap Scan on sbtest5  (cost=5.53..428.75 rows=107 width=125)
	  Recheck Cond: ((k >= 3351459) AND (k <= 3351559))
	  ->  Bitmap Index Scan on k_5  (cost=0.00..5.50 rows=107 width=0)
	        Index Cond: ((k >= 3351459) AND (k <= 3351559))

table 6 : explain SELECT k, c FROM sbtest6 WHERE k BETWEEN 3351459 AND 3351559
	Bitmap Heap Scan on sbtest6  (cost=5.44..393.31 rows=98 width=125)
	  Recheck Cond: ((k >= 3351459) AND (k <= 3351559))
	  ->  Bitmap Index Scan on k_6  (cost=0.00..5.42 rows=98 width=0)
	        Index Cond: ((k >= 3351459) AND (k <= 3351559))

table 7 : explain SELECT k, c FROM sbtest7 WHERE k BETWEEN 3351459 AND 3351559
	Bitmap Heap Scan on sbtest7  (cost=5.50..416.94 rows=104 width=125)
	  Recheck Cond: ((k >= 3351459) AND (k <= 3351559))
	  ->  Bitmap Index Scan on k_7  (cost=0.00..5.47 rows=104 width=0)
	        Index Cond: ((k >= 3351459) AND (k <= 3351559))

table 8 : explain SELECT k, c FROM sbtest8 WHERE k BETWEEN 3351459 AND 3351559
	Bitmap Heap Scan on sbtest8  (cost=5.48..409.07 rows=102 width=125)
	  Recheck Cond: ((k >= 3351459) AND (k <= 3351559))
	  ->  Bitmap Index Scan on k_8  (cost=0.00..5.45 rows=102 width=0)
	        Index Cond: ((k >= 3351459) AND (k <= 3351559))

explain: for range-notcovered :: explain SELECT k, c FROM sbtest%d WHERE k BETWEEN 3351459 AND 3351559
for range-notcovered
table 1 : explain SELECT k, c FROM sbtest1 WHERE k BETWEEN 2215997 AND 2216097
	Bitmap Heap Scan on sbtest1  (cost=5.50..416.94 rows=104 width=125)
	  Recheck Cond: ((k >= 2215997) AND (k <= 2216097))
	  ->  Bitmap Index Scan on k_1  (cost=0.00..5.47 rows=104 width=0)
	        Index Cond: ((k >= 2215997) AND (k <= 2216097))

table 2 : explain SELECT k, c FROM sbtest2 WHERE k BETWEEN 2215997 AND 2216097
	Bitmap Heap Scan on sbtest2  (cost=5.48..409.07 rows=102 width=125)
	  Recheck Cond: ((k >= 2215997) AND (k <= 2216097))
	  ->  Bitmap Index Scan on k_2  (cost=0.00..5.45 rows=102 width=0)
	        Index Cond: ((k >= 2215997) AND (k <= 2216097))

table 3 : explain SELECT k, c FROM sbtest3 WHERE k BETWEEN 2215997 AND 2216097
	Bitmap Heap Scan on sbtest3  (cost=5.43..389.37 rows=97 width=125)
	  Recheck Cond: ((k >= 2215997) AND (k <= 2216097))
	  ->  Bitmap Index Scan on k_3  (cost=0.00..5.40 rows=97 width=0)
	        Index Cond: ((k >= 2215997) AND (k <= 2216097))

table 4 : explain SELECT k, c FROM sbtest4 WHERE k BETWEEN 2215997 AND 2216097
	Bitmap Heap Scan on sbtest4  (cost=5.49..413.00 rows=103 width=125)
	  Recheck Cond: ((k >= 2215997) AND (k <= 2216097))
	  ->  Bitmap Index Scan on k_4  (cost=0.00..5.46 rows=103 width=0)
	        Index Cond: ((k >= 2215997) AND (k <= 2216097))

table 5 : explain SELECT k, c FROM sbtest5 WHERE k BETWEEN 2215997 AND 2216097
	Bitmap Heap Scan on sbtest5  (cost=5.53..428.75 rows=107 width=125)
	  Recheck Cond: ((k >= 2215997) AND (k <= 2216097))
	  ->  Bitmap Index Scan on k_5  (cost=0.00..5.50 rows=107 width=0)
	        Index Cond: ((k >= 2215997) AND (k <= 2216097))

table 6 : explain SELECT k, c FROM sbtest6 WHERE k BETWEEN 2215997 AND 2216097
	Bitmap Heap Scan on sbtest6  (cost=5.49..413.00 rows=103 width=125)
	  Recheck Cond: ((k >= 2215997) AND (k <= 2216097))
	  ->  Bitmap Index Scan on k_6  (cost=0.00..5.46 rows=103 width=0)
	        Index Cond: ((k >= 2215997) AND (k <= 2216097))

table 7 : explain SELECT k, c FROM sbtest7 WHERE k BETWEEN 2215997 AND 2216097
	Bitmap Heap Scan on sbtest7  (cost=5.48..409.07 rows=102 width=125)
	  Recheck Cond: ((k >= 2215997) AND (k <= 2216097))
	  ->  Bitmap Index Scan on k_7  (cost=0.00..5.45 rows=102 width=0)
	        Index Cond: ((k >= 2215997) AND (k <= 2216097))

table 8 : explain SELECT k, c FROM sbtest8 WHERE k BETWEEN 2215997 AND 2216097
	Bitmap Heap Scan on sbtest8  (cost=5.50..416.94 rows=104 width=125)
	  Recheck Cond: ((k >= 2215997) AND (k <= 2216097))
	  ->  Bitmap Index Scan on k_8  (cost=0.00..5.47 rows=104 width=0)
	        Index Cond: ((k >= 2215997) AND (k <= 2216097))

explain: for range-notcovered :: explain SELECT k, c FROM sbtest%d WHERE k BETWEEN 2215997 AND 2216097
for range-notcovered
table 1 : explain SELECT k, c FROM sbtest1 WHERE k BETWEEN 4900029 AND 4900129
	Bitmap Heap Scan on sbtest1  (cost=5.52..424.81 rows=106 width=125)
	  Recheck Cond: ((k >= 4900029) AND (k <= 4900129))
	  ->  Bitmap Index Scan on k_1  (cost=0.00..5.50 rows=106 width=0)
	        Index Cond: ((k >= 4900029) AND (k <= 4900129))

table 2 : explain SELECT k, c FROM sbtest2 WHERE k BETWEEN 4900029 AND 4900129
	Bitmap Heap Scan on sbtest2  (cost=5.40..377.55 rows=94 width=125)
	  Recheck Cond: ((k >= 4900029) AND (k <= 4900129))
	  ->  Bitmap Index Scan on k_2  (cost=0.00..5.38 rows=94 width=0)
	        Index Cond: ((k >= 4900029) AND (k <= 4900129))

table 3 : explain SELECT k, c FROM sbtest3 WHERE k BETWEEN 4900029 AND 4900129
	Bitmap Heap Scan on sbtest3  (cost=5.53..428.75 rows=107 width=125)
	  Recheck Cond: ((k >= 4900029) AND (k <= 4900129))
	  ->  Bitmap Index Scan on k_3  (cost=0.00..5.50 rows=107 width=0)
	        Index Cond: ((k >= 4900029) AND (k <= 4900129))

table 4 : explain SELECT k, c FROM sbtest4 WHERE k BETWEEN 4900029 AND 4900129
	Bitmap Heap Scan on sbtest4  (cost=5.49..413.00 rows=103 width=125)
	  Recheck Cond: ((k >= 4900029) AND (k <= 4900129))
	  ->  Bitmap Index Scan on k_4  (cost=0.00..5.46 rows=103 width=0)
	        Index Cond: ((k >= 4900029) AND (k <= 4900129))

table 5 : explain SELECT k, c FROM sbtest5 WHERE k BETWEEN 4900029 AND 4900129
	Bitmap Heap Scan on sbtest5  (cost=5.48..409.07 rows=102 width=125)
	  Recheck Cond: ((k >= 4900029) AND (k <= 4900129))
	  ->  Bitmap Index Scan on k_5  (cost=0.00..5.45 rows=102 width=0)
	        Index Cond: ((k >= 4900029) AND (k <= 4900129))

table 6 : explain SELECT k, c FROM sbtest6 WHERE k BETWEEN 4900029 AND 4900129
	Bitmap Heap Scan on sbtest6  (cost=5.40..377.55 rows=94 width=125)
	  Recheck Cond: ((k >= 4900029) AND (k <= 4900129))
	  ->  Bitmap Index Scan on k_6  (cost=0.00..5.38 rows=94 width=0)
	        Index Cond: ((k >= 4900029) AND (k <= 4900129))

table 7 : explain SELECT k, c FROM sbtest7 WHERE k BETWEEN 4900029 AND 4900129
	Bitmap Heap Scan on sbtest7  (cost=5.43..389.37 rows=97 width=125)
	  Recheck Cond: ((k >= 4900029) AND (k <= 4900129))
	  ->  Bitmap Index Scan on k_7  (cost=0.00..5.40 rows=97 width=0)
	        Index Cond: ((k >= 4900029) AND (k <= 4900129))

table 8 : explain SELECT k, c FROM sbtest8 WHERE k BETWEEN 4900029 AND 4900129
	Bitmap Heap Scan on sbtest8  (cost=5.42..385.43 rows=96 width=125)
	  Recheck Cond: ((k >= 4900029) AND (k <= 4900129))
	  ->  Bitmap Index Scan on k_8  (cost=0.00..5.39 rows=96 width=0)
	        Index Cond: ((k >= 4900029) AND (k <= 4900129))

explain: for range-notcovered :: explain SELECT k, c FROM sbtest%d WHERE k BETWEEN 4900029 AND 4900129
for range-notcovered
table 1 : explain SELECT k, c FROM sbtest1 WHERE k BETWEEN 7701689 AND 7701789
	Bitmap Heap Scan on sbtest1  (cost=5.42..385.43 rows=96 width=125)
	  Recheck Cond: ((k >= 7701689) AND (k <= 7701789))
	  ->  Bitmap Index Scan on k_1  (cost=0.00..5.39 rows=96 width=0)
	        Index Cond: ((k >= 7701689) AND (k <= 7701789))

table 2 : explain SELECT k, c FROM sbtest2 WHERE k BETWEEN 7701689 AND 7701789
	Bitmap Heap Scan on sbtest2  (cost=5.57..444.49 rows=111 width=125)
	  Recheck Cond: ((k >= 7701689) AND (k <= 7701789))
	  ->  Bitmap Index Scan on k_2  (cost=0.00..5.54 rows=111 width=0)
	        Index Cond: ((k >= 7701689) AND (k <= 7701789))

table 3 : explain SELECT k, c FROM sbtest3 WHERE k BETWEEN 7701689 AND 7701789
	Bitmap Heap Scan on sbtest3  (cost=5.46..401.19 rows=100 width=125)
	  Recheck Cond: ((k >= 7701689) AND (k <= 7701789))
	  ->  Bitmap Index Scan on k_3  (cost=0.00..5.43 rows=100 width=0)
	        Index Cond: ((k >= 7701689) AND (k <= 7701789))

table 4 : explain SELECT k, c FROM sbtest4 WHERE k BETWEEN 7701689 AND 7701789
	Bitmap Heap Scan on sbtest4  (cost=5.45..397.25 rows=99 width=125)
	  Recheck Cond: ((k >= 7701689) AND (k <= 7701789))
	  ->  Bitmap Index Scan on k_4  (cost=0.00..5.42 rows=99 width=0)
	        Index Cond: ((k >= 7701689) AND (k <= 7701789))

table 5 : explain SELECT k, c FROM sbtest5 WHERE k BETWEEN 7701689 AND 7701789
	Bitmap Heap Scan on sbtest5  (cost=5.48..409.07 rows=102 width=125)
	  Recheck Cond: ((k >= 7701689) AND (k <= 7701789))
	  ->  Bitmap Index Scan on k_5  (cost=0.00..5.45 rows=102 width=0)
	        Index Cond: ((k >= 7701689) AND (k <= 7701789))

table 6 : explain SELECT k, c FROM sbtest6 WHERE k BETWEEN 7701689 AND 7701789
	Bitmap Heap Scan on sbtest6  (cost=5.50..416.94 rows=104 width=125)
	  Recheck Cond: ((k >= 7701689) AND (k <= 7701789))
	  ->  Bitmap Index Scan on k_6  (cost=0.00..5.47 rows=104 width=0)
	        Index Cond: ((k >= 7701689) AND (k <= 7701789))

table 7 : explain SELECT k, c FROM sbtest7 WHERE k BETWEEN 7701689 AND 7701789
	Bitmap Heap Scan on sbtest7  (cost=5.51..420.88 rows=105 width=125)
	  Recheck Cond: ((k >= 7701689) AND (k <= 7701789))
	  ->  Bitmap Index Scan on k_7  (cost=0.00..5.48 rows=105 width=0)
	        Index Cond: ((k >= 7701689) AND (k <= 7701789))

table 8 : explain SELECT k, c FROM sbtest8 WHERE k BETWEEN 7701689 AND 7701789
	Bitmap Heap Scan on sbtest8  (cost=5.50..416.94 rows=104 width=125)
	  Recheck Cond: ((k >= 7701689) AND (k <= 7701789))
	  ->  Bitmap Index Scan on k_8  (cost=0.00..5.47 rows=104 width=0)
	        Index Cond: ((k >= 7701689) AND (k <= 7701789))

explain: for range-notcovered :: explain SELECT k, c FROM sbtest%d WHERE k BETWEEN 7701689 AND 7701789
for range-notcovered
table 1 : explain SELECT k, c FROM sbtest1 WHERE k BETWEEN 4900029 AND 4900129
	Bitmap Heap Scan on sbtest1  (cost=5.52..424.81 rows=106 width=125)
	  Recheck Cond: ((k >= 4900029) AND (k <= 4900129))
	  ->  Bitmap Index Scan on k_1  (cost=0.00..5.50 rows=106 width=0)
	        Index Cond: ((k >= 4900029) AND (k <= 4900129))

table 2 : explain SELECT k, c FROM sbtest2 WHERE k BETWEEN 4900029 AND 4900129
	Bitmap Heap Scan on sbtest2  (cost=5.40..377.55 rows=94 width=125)
	  Recheck Cond: ((k >= 4900029) AND (k <= 4900129))
	  ->  Bitmap Index Scan on k_2  (cost=0.00..5.38 rows=94 width=0)
	        Index Cond: ((k >= 4900029) AND (k <= 4900129))

table 3 : explain SELECT k, c FROM sbtest3 WHERE k BETWEEN 4900029 AND 4900129
	Bitmap Heap Scan on sbtest3  (cost=5.53..428.75 rows=107 width=125)
	  Recheck Cond: ((k >= 4900029) AND (k <= 4900129))
	  ->  Bitmap Index Scan on k_3  (cost=0.00..5.50 rows=107 width=0)
	        Index Cond: ((k >= 4900029) AND (k <= 4900129))

table 4 : explain SELECT k, c FROM sbtest4 WHERE k BETWEEN 4900029 AND 4900129
	Bitmap Heap Scan on sbtest4  (cost=5.49..413.00 rows=103 width=125)
	  Recheck Cond: ((k >= 4900029) AND (k <= 4900129))
	  ->  Bitmap Index Scan on k_4  (cost=0.00..5.46 rows=103 width=0)
	        Index Cond: ((k >= 4900029) AND (k <= 4900129))

table 5 : explain SELECT k, c FROM sbtest5 WHERE k BETWEEN 4900029 AND 4900129
	Bitmap Heap Scan on sbtest5  (cost=5.48..409.07 rows=102 width=125)
	  Recheck Cond: ((k >= 4900029) AND (k <= 4900129))
	  ->  Bitmap Index Scan on k_5  (cost=0.00..5.45 rows=102 width=0)
	        Index Cond: ((k >= 4900029) AND (k <= 4900129))

table 6 : explain SELECT k, c FROM sbtest6 WHERE k BETWEEN 4900029 AND 4900129
	Bitmap Heap Scan on sbtest6  (cost=5.40..377.55 rows=94 width=125)
	  Recheck Cond: ((k >= 4900029) AND (k <= 4900129))
	  ->  Bitmap Index Scan on k_6  (cost=0.00..5.38 rows=94 width=0)
	        Index Cond: ((k >= 4900029) AND (k <= 4900129))

table 7 : explain SELECT k, c FROM sbtest7 WHERE k BETWEEN 4900029 AND 4900129
	Bitmap Heap Scan on sbtest7  (cost=5.43..389.37 rows=97 width=125)
	  Recheck Cond: ((k >= 4900029) AND (k <= 4900129))
	  ->  Bitmap Index Scan on k_7  (cost=0.00..5.40 rows=97 width=0)
	        Index Cond: ((k >= 4900029) AND (k <= 4900129))

table 8 : explain SELECT k, c FROM sbtest8 WHERE k BETWEEN 4900029 AND 4900129
	Bitmap Heap Scan on sbtest8  (cost=5.42..385.43 rows=96 width=125)
	  Recheck Cond: ((k >= 4900029) AND (k <= 4900129))
	  ->  Bitmap Index Scan on k_8  (cost=0.00..5.39 rows=96 width=0)
	        Index Cond: ((k >= 4900029) AND (k <= 4900129))

for range-notcovered
table 1 : explain SELECT k, c FROM sbtest1 WHERE k BETWEEN 2215997 AND 2216097
	Bitmap Heap Scan on sbtest1  (cost=5.50..416.94 rows=104 width=125)
	  Recheck Cond: ((k >= 2215997) AND (k <= 2216097))
	  ->  Bitmap Index Scan on k_1  (cost=0.00..5.47 rows=104 width=0)
	        Index Cond: ((k >= 2215997) AND (k <= 2216097))

table 2 : explain SELECT k, c FROM sbtest2 WHERE k BETWEEN 2215997 AND 2216097
	Bitmap Heap Scan on sbtest2  (cost=5.48..409.07 rows=102 width=125)
	  Recheck Cond: ((k >= 2215997) AND (k <= 2216097))
	  ->  Bitmap Index Scan on k_2  (cost=0.00..5.45 rows=102 width=0)
	        Index Cond: ((k >= 2215997) AND (k <= 2216097))

table 3 : explain SELECT k, c FROM sbtest3 WHERE k BETWEEN 2215997 AND 2216097
	Bitmap Heap Scan on sbtest3  (cost=5.43..389.37 rows=97 width=125)
	  Recheck Cond: ((k >= 2215997) AND (k <= 2216097))
	  ->  Bitmap Index Scan on k_3  (cost=0.00..5.40 rows=97 width=0)
	        Index Cond: ((k >= 2215997) AND (k <= 2216097))

table 4 : explain SELECT k, c FROM sbtest4 WHERE k BETWEEN 2215997 AND 2216097
	Bitmap Heap Scan on sbtest4  (cost=5.49..413.00 rows=103 width=125)
	  Recheck Cond: ((k >= 2215997) AND (k <= 2216097))
	  ->  Bitmap Index Scan on k_4  (cost=0.00..5.46 rows=103 width=0)
	        Index Cond: ((k >= 2215997) AND (k <= 2216097))

table 5 : explain SELECT k, c FROM sbtest5 WHERE k BETWEEN 2215997 AND 2216097
	Bitmap Heap Scan on sbtest5  (cost=5.53..428.75 rows=107 width=125)
	  Recheck Cond: ((k >= 2215997) AND (k <= 2216097))
	  ->  Bitmap Index Scan on k_5  (cost=0.00..5.50 rows=107 width=0)
	        Index Cond: ((k >= 2215997) AND (k <= 2216097))

table 6 : explain SELECT k, c FROM sbtest6 WHERE k BETWEEN 2215997 AND 2216097
	Bitmap Heap Scan on sbtest6  (cost=5.49..413.00 rows=103 width=125)
	  Recheck Cond: ((k >= 2215997) AND (k <= 2216097))
	  ->  Bitmap Index Scan on k_6  (cost=0.00..5.46 rows=103 width=0)
	        Index Cond: ((k >= 2215997) AND (k <= 2216097))

table 7 : explain SELECT k, c FROM sbtest7 WHERE k BETWEEN 2215997 AND 2216097
	Bitmap Heap Scan on sbtest7  (cost=5.48..409.07 rows=102 width=125)
	  Recheck Cond: ((k >= 2215997) AND (k <= 2216097))
	  ->  Bitmap Index Scan on k_7  (cost=0.00..5.45 rows=102 width=0)
	        Index Cond: ((k >= 2215997) AND (k <= 2216097))

table 8 : explain SELECT k, c FROM sbtest8 WHERE k BETWEEN 2215997 AND 2216097
	Bitmap Heap Scan on sbtest8  (cost=5.50..416.94 rows=104 width=125)
	  Recheck Cond: ((k >= 2215997) AND (k <= 2216097))
	  ->  Bitmap Index Scan on k_8  (cost=0.00..5.47 rows=104 width=0)
	        Index Cond: ((k >= 2215997) AND (k <= 2216097))

explain: for range-notcovered :: explain SELECT k, c FROM sbtest%d WHERE k BETWEEN 4900029 AND 4900129
explain: for range-notcovered :: explain SELECT k, c FROM sbtest%d WHERE k BETWEEN 2215997 AND 2216097
for range-notcovered
table 1 : explain SELECT k, c FROM sbtest1 WHERE k BETWEEN 3351459 AND 3351559
	Bitmap Heap Scan on sbtest1  (cost=5.53..428.75 rows=107 width=125)
	  Recheck Cond: ((k >= 3351459) AND (k <= 3351559))
	  ->  Bitmap Index Scan on k_1  (cost=0.00..5.50 rows=107 width=0)
	        Index Cond: ((k >= 3351459) AND (k <= 3351559))

table 2 : explain SELECT k, c FROM sbtest2 WHERE k BETWEEN 3351459 AND 3351559
	Bitmap Heap Scan on sbtest2  (cost=5.47..405.13 rows=101 width=125)
	  Recheck Cond: ((k >= 3351459) AND (k <= 3351559))
	  ->  Bitmap Index Scan on k_2  (cost=0.00..5.44 rows=101 width=0)
	        Index Cond: ((k >= 3351459) AND (k <= 3351559))

table 3 : explain SELECT k, c FROM sbtest3 WHERE k BETWEEN 3351459 AND 3351559
	Bitmap Heap Scan on sbtest3  (cost=5.54..432.69 rows=108 width=125)
	  Recheck Cond: ((k >= 3351459) AND (k <= 3351559))
	  ->  Bitmap Index Scan on k_3  (cost=0.00..5.51 rows=108 width=0)
	        Index Cond: ((k >= 3351459) AND (k <= 3351559))

table 4 : explain SELECT k, c FROM sbtest4 WHERE k BETWEEN 3351459 AND 3351559
	Bitmap Heap Scan on sbtest4  (cost=5.48..409.07 rows=102 width=125)
	  Recheck Cond: ((k >= 3351459) AND (k <= 3351559))
	  ->  Bitmap Index Scan on k_4  (cost=0.00..5.45 rows=102 width=0)
	        Index Cond: ((k >= 3351459) AND (k <= 3351559))

table 5 : explain SELECT k, c FROM sbtest5 WHERE k BETWEEN 3351459 AND 3351559
	Bitmap Heap Scan on sbtest5  (cost=5.53..428.75 rows=107 width=125)
	  Recheck Cond: ((k >= 3351459) AND (k <= 3351559))
	  ->  Bitmap Index Scan on k_5  (cost=0.00..5.50 rows=107 width=0)
	        Index Cond: ((k >= 3351459) AND (k <= 3351559))

table 6 : explain SELECT k, c FROM sbtest6 WHERE k BETWEEN 3351459 AND 3351559
	Bitmap Heap Scan on sbtest6  (cost=5.44..393.31 rows=98 width=125)
	  Recheck Cond: ((k >= 3351459) AND (k <= 3351559))
	  ->  Bitmap Index Scan on k_6  (cost=0.00..5.42 rows=98 width=0)
	        Index Cond: ((k >= 3351459) AND (k <= 3351559))

table 7 : explain SELECT k, c FROM sbtest7 WHERE k BETWEEN 3351459 AND 3351559
	Bitmap Heap Scan on sbtest7  (cost=5.50..416.94 rows=104 width=125)
	  Recheck Cond: ((k >= 3351459) AND (k <= 3351559))
	  ->  Bitmap Index Scan on k_7  (cost=0.00..5.47 rows=104 width=0)
	        Index Cond: ((k >= 3351459) AND (k <= 3351559))

table 8 : explain SELECT k, c FROM sbtest8 WHERE k BETWEEN 3351459 AND 3351559
	Bitmap Heap Scan on sbtest8  (cost=5.48..409.07 rows=102 width=125)
	  Recheck Cond: ((k >= 3351459) AND (k <= 3351559))
	  ->  Bitmap Index Scan on k_8  (cost=0.00..5.45 rows=102 width=0)
	        Index Cond: ((k >= 3351459) AND (k <= 3351559))

for range-notcovered
table 1 : explain SELECT k, c FROM sbtest1 WHERE k BETWEEN 7701689 AND 7701789
	Bitmap Heap Scan on sbtest1  (cost=5.42..385.43 rows=96 width=125)
	  Recheck Cond: ((k >= 7701689) AND (k <= 7701789))
	  ->  Bitmap Index Scan on k_1  (cost=0.00..5.39 rows=96 width=0)
	        Index Cond: ((k >= 7701689) AND (k <= 7701789))

table 2 : explain SELECT k, c FROM sbtest2 WHERE k BETWEEN 7701689 AND 7701789
	Bitmap Heap Scan on sbtest2  (cost=5.57..444.49 rows=111 width=125)
	  Recheck Cond: ((k >= 7701689) AND (k <= 7701789))
	  ->  Bitmap Index Scan on k_2  (cost=0.00..5.54 rows=111 width=0)
	        Index Cond: ((k >= 7701689) AND (k <= 7701789))

table 3 : explain SELECT k, c FROM sbtest3 WHERE k BETWEEN 7701689 AND 7701789
	Bitmap Heap Scan on sbtest3  (cost=5.46..401.19 rows=100 width=125)
	  Recheck Cond: ((k >= 7701689) AND (k <= 7701789))
	  ->  Bitmap Index Scan on k_3  (cost=0.00..5.43 rows=100 width=0)
	        Index Cond: ((k >= 7701689) AND (k <= 7701789))

table 4 : explain SELECT k, c FROM sbtest4 WHERE k BETWEEN 7701689 AND 7701789
	Bitmap Heap Scan on sbtest4  (cost=5.45..397.25 rows=99 width=125)
	  Recheck Cond: ((k >= 7701689) AND (k <= 7701789))
	  ->  Bitmap Index Scan on k_4  (cost=0.00..5.42 rows=99 width=0)
	        Index Cond: ((k >= 7701689) AND (k <= 7701789))

table 5 : explain SELECT k, c FROM sbtest5 WHERE k BETWEEN 7701689 AND 7701789
	Bitmap Heap Scan on sbtest5  (cost=5.48..409.07 rows=102 width=125)
	  Recheck Cond: ((k >= 7701689) AND (k <= 7701789))
	  ->  Bitmap Index Scan on k_5  (cost=0.00..5.45 rows=102 width=0)
	        Index Cond: ((k >= 7701689) AND (k <= 7701789))

table 6 : explain SELECT k, c FROM sbtest6 WHERE k BETWEEN 7701689 AND 7701789
	Bitmap Heap Scan on sbtest6  (cost=5.50..416.94 rows=104 width=125)
	  Recheck Cond: ((k >= 7701689) AND (k <= 7701789))
	  ->  Bitmap Index Scan on k_6  (cost=0.00..5.47 rows=104 width=0)
	        Index Cond: ((k >= 7701689) AND (k <= 7701789))

table 7 : explain SELECT k, c FROM sbtest7 WHERE k BETWEEN 7701689 AND 7701789
	Bitmap Heap Scan on sbtest7  (cost=5.51..420.88 rows=105 width=125)
	  Recheck Cond: ((k >= 7701689) AND (k <= 7701789))
	  ->  Bitmap Index Scan on k_7  (cost=0.00..5.48 rows=105 width=0)
	        Index Cond: ((k >= 7701689) AND (k <= 7701789))

table 8 : explain SELECT k, c FROM sbtest8 WHERE k BETWEEN 7701689 AND 7701789
	Bitmap Heap Scan on sbtest8  (cost=5.50..416.94 rows=104 width=125)
	  Recheck Cond: ((k >= 7701689) AND (k <= 7701789))
	  ->  Bitmap Index Scan on k_8  (cost=0.00..5.47 rows=104 width=0)
	        Index Cond: ((k >= 7701689) AND (k <= 7701789))

explain: for range-notcovered :: explain SELECT k, c FROM sbtest%d WHERE k BETWEEN 3351459 AND 3351559
explain: for range-notcovered :: explain SELECT k, c FROM sbtest%d WHERE k BETWEEN 7701689 AND 7701789
explain: for range-notcovered :: explain SELECT k, c FROM sbtest%d WHERE k BETWEEN 628991 AND 629091
for range-notcovered
table 1 : explain SELECT k, c FROM sbtest1 WHERE k BETWEEN 2215997 AND 2216097
	Bitmap Heap Scan on sbtest1  (cost=5.50..416.94 rows=104 width=125)
	  Recheck Cond: ((k >= 2215997) AND (k <= 2216097))
	  ->  Bitmap Index Scan on k_1  (cost=0.00..5.47 rows=104 width=0)
	        Index Cond: ((k >= 2215997) AND (k <= 2216097))

table 2 : explain SELECT k, c FROM sbtest2 WHERE k BETWEEN 2215997 AND 2216097
	Bitmap Heap Scan on sbtest2  (cost=5.48..409.07 rows=102 width=125)
	  Recheck Cond: ((k >= 2215997) AND (k <= 2216097))
	  ->  Bitmap Index Scan on k_2  (cost=0.00..5.45 rows=102 width=0)
	        Index Cond: ((k >= 2215997) AND (k <= 2216097))

table 3 : explain SELECT k, c FROM sbtest3 WHERE k BETWEEN 2215997 AND 2216097
	Bitmap Heap Scan on sbtest3  (cost=5.43..389.37 rows=97 width=125)
	  Recheck Cond: ((k >= 2215997) AND (k <= 2216097))
	  ->  Bitmap Index Scan on k_3  (cost=0.00..5.40 rows=97 width=0)
	        Index Cond: ((k >= 2215997) AND (k <= 2216097))

table 4 : explain SELECT k, c FROM sbtest4 WHERE k BETWEEN 2215997 AND 2216097
	Bitmap Heap Scan on sbtest4  (cost=5.49..413.00 rows=103 width=125)
	  Recheck Cond: ((k >= 2215997) AND (k <= 2216097))
	  ->  Bitmap Index Scan on k_4  (cost=0.00..5.46 rows=103 width=0)
	        Index Cond: ((k >= 2215997) AND (k <= 2216097))

table 5 : explain SELECT k, c FROM sbtest5 WHERE k BETWEEN 2215997 AND 2216097
	Bitmap Heap Scan on sbtest5  (cost=5.53..428.75 rows=107 width=125)
	  Recheck Cond: ((k >= 2215997) AND (k <= 2216097))
	  ->  Bitmap Index Scan on k_5  (cost=0.00..5.50 rows=107 width=0)
	        Index Cond: ((k >= 2215997) AND (k <= 2216097))

table 6 : explain SELECT k, c FROM sbtest6 WHERE k BETWEEN 2215997 AND 2216097
	Bitmap Heap Scan on sbtest6  (cost=5.49..413.00 rows=103 width=125)
	  Recheck Cond: ((k >= 2215997) AND (k <= 2216097))
	  ->  Bitmap Index Scan on k_6  (cost=0.00..5.46 rows=103 width=0)
	        Index Cond: ((k >= 2215997) AND (k <= 2216097))

table 7 : explain SELECT k, c FROM sbtest7 WHERE k BETWEEN 2215997 AND 2216097
	Bitmap Heap Scan on sbtest7  (cost=5.48..409.07 rows=102 width=125)
	  Recheck Cond: ((k >= 2215997) AND (k <= 2216097))
	  ->  Bitmap Index Scan on k_7  (cost=0.00..5.45 rows=102 width=0)
	        Index Cond: ((k >= 2215997) AND (k <= 2216097))

table 8 : explain SELECT k, c FROM sbtest8 WHERE k BETWEEN 2215997 AND 2216097
	Bitmap Heap Scan on sbtest8  (cost=5.50..416.94 rows=104 width=125)
	  Recheck Cond: ((k >= 2215997) AND (k <= 2216097))
	  ->  Bitmap Index Scan on k_8  (cost=0.00..5.47 rows=104 width=0)
	        Index Cond: ((k >= 2215997) AND (k <= 2216097))

explain: for range-notcovered :: explain SELECT k, c FROM sbtest%d WHERE k BETWEEN 2215997 AND 2216097
for range-notcovered
table 1 : explain SELECT k, c FROM sbtest1 WHERE k BETWEEN 4900029 AND 4900129
	Bitmap Heap Scan on sbtest1  (cost=5.52..424.81 rows=106 width=125)
	  Recheck Cond: ((k >= 4900029) AND (k <= 4900129))
	  ->  Bitmap Index Scan on k_1  (cost=0.00..5.50 rows=106 width=0)
	        Index Cond: ((k >= 4900029) AND (k <= 4900129))

table 2 : explain SELECT k, c FROM sbtest2 WHERE k BETWEEN 4900029 AND 4900129
	Bitmap Heap Scan on sbtest2  (cost=5.40..377.55 rows=94 width=125)
	  Recheck Cond: ((k >= 4900029) AND (k <= 4900129))
	  ->  Bitmap Index Scan on k_2  (cost=0.00..5.38 rows=94 width=0)
	        Index Cond: ((k >= 4900029) AND (k <= 4900129))

table 3 : explain SELECT k, c FROM sbtest3 WHERE k BETWEEN 4900029 AND 4900129
	Bitmap Heap Scan on sbtest3  (cost=5.53..428.75 rows=107 width=125)
	  Recheck Cond: ((k >= 4900029) AND (k <= 4900129))
	  ->  Bitmap Index Scan on k_3  (cost=0.00..5.50 rows=107 width=0)
	        Index Cond: ((k >= 4900029) AND (k <= 4900129))

table 4 : explain SELECT k, c FROM sbtest4 WHERE k BETWEEN 4900029 AND 4900129
	Bitmap Heap Scan on sbtest4  (cost=5.49..413.00 rows=103 width=125)
	  Recheck Cond: ((k >= 4900029) AND (k <= 4900129))
	  ->  Bitmap Index Scan on k_4  (cost=0.00..5.46 rows=103 width=0)
	        Index Cond: ((k >= 4900029) AND (k <= 4900129))

table 5 : explain SELECT k, c FROM sbtest5 WHERE k BETWEEN 4900029 AND 4900129
	Bitmap Heap Scan on sbtest5  (cost=5.48..409.07 rows=102 width=125)
	  Recheck Cond: ((k >= 4900029) AND (k <= 4900129))
	  ->  Bitmap Index Scan on k_5  (cost=0.00..5.45 rows=102 width=0)
	        Index Cond: ((k >= 4900029) AND (k <= 4900129))

table 6 : explain SELECT k, c FROM sbtest6 WHERE k BETWEEN 4900029 AND 4900129
	Bitmap Heap Scan on sbtest6  (cost=5.40..377.55 rows=94 width=125)
	  Recheck Cond: ((k >= 4900029) AND (k <= 4900129))
	  ->  Bitmap Index Scan on k_6  (cost=0.00..5.38 rows=94 width=0)
	        Index Cond: ((k >= 4900029) AND (k <= 4900129))

table 7 : explain SELECT k, c FROM sbtest7 WHERE k BETWEEN 4900029 AND 4900129
	Bitmap Heap Scan on sbtest7  (cost=5.43..389.37 rows=97 width=125)
	  Recheck Cond: ((k >= 4900029) AND (k <= 4900129))
	  ->  Bitmap Index Scan on k_7  (cost=0.00..5.40 rows=97 width=0)
	        Index Cond: ((k >= 4900029) AND (k <= 4900129))

table 8 : explain SELECT k, c FROM sbtest8 WHERE k BETWEEN 4900029 AND 4900129
	Bitmap Heap Scan on sbtest8  (cost=5.42..385.43 rows=96 width=125)
	  Recheck Cond: ((k >= 4900029) AND (k <= 4900129))
	  ->  Bitmap Index Scan on k_8  (cost=0.00..5.39 rows=96 width=0)
	        Index Cond: ((k >= 4900029) AND (k <= 4900129))

explain: for range-notcovered :: explain SELECT k, c FROM sbtest%d WHERE k BETWEEN 4900029 AND 4900129
for range-notcovered
table 1 : explain SELECT k, c FROM sbtest1 WHERE k BETWEEN 3351459 AND 3351559
	Bitmap Heap Scan on sbtest1  (cost=5.53..428.75 rows=107 width=125)
	  Recheck Cond: ((k >= 3351459) AND (k <= 3351559))
	  ->  Bitmap Index Scan on k_1  (cost=0.00..5.50 rows=107 width=0)
	        Index Cond: ((k >= 3351459) AND (k <= 3351559))

table 2 : explain SELECT k, c FROM sbtest2 WHERE k BETWEEN 3351459 AND 3351559
	Bitmap Heap Scan on sbtest2  (cost=5.47..405.13 rows=101 width=125)
	  Recheck Cond: ((k >= 3351459) AND (k <= 3351559))
	  ->  Bitmap Index Scan on k_2  (cost=0.00..5.44 rows=101 width=0)
	        Index Cond: ((k >= 3351459) AND (k <= 3351559))

table 3 : explain SELECT k, c FROM sbtest3 WHERE k BETWEEN 3351459 AND 3351559
	Bitmap Heap Scan on sbtest3  (cost=5.54..432.69 rows=108 width=125)
	  Recheck Cond: ((k >= 3351459) AND (k <= 3351559))
	  ->  Bitmap Index Scan on k_3  (cost=0.00..5.51 rows=108 width=0)
	        Index Cond: ((k >= 3351459) AND (k <= 3351559))

table 4 : explain SELECT k, c FROM sbtest4 WHERE k BETWEEN 3351459 AND 3351559
	Bitmap Heap Scan on sbtest4  (cost=5.48..409.07 rows=102 width=125)
	  Recheck Cond: ((k >= 3351459) AND (k <= 3351559))
	  ->  Bitmap Index Scan on k_4  (cost=0.00..5.45 rows=102 width=0)
	        Index Cond: ((k >= 3351459) AND (k <= 3351559))

table 5 : explain SELECT k, c FROM sbtest5 WHERE k BETWEEN 3351459 AND 3351559
	Bitmap Heap Scan on sbtest5  (cost=5.53..428.75 rows=107 width=125)
	  Recheck Cond: ((k >= 3351459) AND (k <= 3351559))
	  ->  Bitmap Index Scan on k_5  (cost=0.00..5.50 rows=107 width=0)
	        Index Cond: ((k >= 3351459) AND (k <= 3351559))

table 6 : explain SELECT k, c FROM sbtest6 WHERE k BETWEEN 3351459 AND 3351559
	Bitmap Heap Scan on sbtest6  (cost=5.44..393.31 rows=98 width=125)
	  Recheck Cond: ((k >= 3351459) AND (k <= 3351559))
	  ->  Bitmap Index Scan on k_6  (cost=0.00..5.42 rows=98 width=0)
	        Index Cond: ((k >= 3351459) AND (k <= 3351559))

table 7 : explain SELECT k, c FROM sbtest7 WHERE k BETWEEN 3351459 AND 3351559
	Bitmap Heap Scan on sbtest7  (cost=5.50..416.94 rows=104 width=125)
	  Recheck Cond: ((k >= 3351459) AND (k <= 3351559))
	  ->  Bitmap Index Scan on k_7  (cost=0.00..5.47 rows=104 width=0)
	        Index Cond: ((k >= 3351459) AND (k <= 3351559))

table 8 : explain SELECT k, c FROM sbtest8 WHERE k BETWEEN 3351459 AND 3351559
	Bitmap Heap Scan on sbtest8  (cost=5.48..409.07 rows=102 width=125)
	  Recheck Cond: ((k >= 3351459) AND (k <= 3351559))
	  ->  Bitmap Index Scan on k_8  (cost=0.00..5.45 rows=102 width=0)
	        Index Cond: ((k >= 3351459) AND (k <= 3351559))

explain: for range-notcovered :: explain SELECT k, c FROM sbtest%d WHERE k BETWEEN 3351459 AND 3351559
for range-notcovered
table 1 : explain SELECT k, c FROM sbtest1 WHERE k BETWEEN 4873949 AND 4874049
	Bitmap Heap Scan on sbtest1  (cost=5.41..381.49 rows=95 width=125)
	  Recheck Cond: ((k >= 4873949) AND (k <= 4874049))
	  ->  Bitmap Index Scan on k_1  (cost=0.00..5.38 rows=95 width=0)
	        Index Cond: ((k >= 4873949) AND (k <= 4874049))

table 2 : explain SELECT k, c FROM sbtest2 WHERE k BETWEEN 4873949 AND 4874049
	Bitmap Heap Scan on sbtest2  (cost=5.40..377.55 rows=94 width=125)
	  Recheck Cond: ((k >= 4873949) AND (k <= 4874049))
	  ->  Bitmap Index Scan on k_2  (cost=0.00..5.38 rows=94 width=0)
	        Index Cond: ((k >= 4873949) AND (k <= 4874049))

table 3 : explain SELECT k, c FROM sbtest3 WHERE k BETWEEN 4873949 AND 4874049
	Bitmap Heap Scan on sbtest3  (cost=5.50..416.94 rows=104 width=125)
	  Recheck Cond: ((k >= 4873949) AND (k <= 4874049))
	  ->  Bitmap Index Scan on k_3  (cost=0.00..5.47 rows=104 width=0)
	        Index Cond: ((k >= 4873949) AND (k <= 4874049))

table 4 : explain SELECT k, c FROM sbtest4 WHERE k BETWEEN 4873949 AND 4874049
	Bitmap Heap Scan on sbtest4  (cost=5.43..389.37 rows=97 width=125)
	  Recheck Cond: ((k >= 4873949) AND (k <= 4874049))
	  ->  Bitmap Index Scan on k_4  (cost=0.00..5.40 rows=97 width=0)
	        Index Cond: ((k >= 4873949) AND (k <= 4874049))

table 5 : explain SELECT k, c FROM sbtest5 WHERE k BETWEEN 4873949 AND 4874049
	Bitmap Heap Scan on sbtest5  (cost=5.52..424.81 rows=106 width=125)
	  Recheck Cond: ((k >= 4873949) AND (k <= 4874049))
	  ->  Bitmap Index Scan on k_5  (cost=0.00..5.50 rows=106 width=0)
	        Index Cond: ((k >= 4873949) AND (k <= 4874049))

table 6 : explain SELECT k, c FROM sbtest6 WHERE k BETWEEN 4873949 AND 4874049
	Bitmap Heap Scan on sbtest6  (cost=5.40..377.55 rows=94 width=125)
	  Recheck Cond: ((k >= 4873949) AND (k <= 4874049))
	  ->  Bitmap Index Scan on k_6  (cost=0.00..5.38 rows=94 width=0)
	        Index Cond: ((k >= 4873949) AND (k <= 4874049))

table 7 : explain SELECT k, c FROM sbtest7 WHERE k BETWEEN 4873949 AND 4874049
	Bitmap Heap Scan on sbtest7  (cost=5.43..389.37 rows=97 width=125)
	  Recheck Cond: ((k >= 4873949) AND (k <= 4874049))
	  ->  Bitmap Index Scan on k_7  (cost=0.00..5.40 rows=97 width=0)
	        Index Cond: ((k >= 4873949) AND (k <= 4874049))

table 8 : explain SELECT k, c FROM sbtest8 WHERE k BETWEEN 4873949 AND 4874049
	Bitmap Heap Scan on sbtest8  (cost=5.53..428.75 rows=107 width=125)
	  Recheck Cond: ((k >= 4873949) AND (k <= 4874049))
	  ->  Bitmap Index Scan on k_8  (cost=0.00..5.50 rows=107 width=0)
	        Index Cond: ((k >= 4873949) AND (k <= 4874049))

explain: for range-notcovered :: explain SELECT k, c FROM sbtest%d WHERE k BETWEEN 4873949 AND 4874049
for range-notcovered
table 1 : explain SELECT k, c FROM sbtest1 WHERE k BETWEEN 2215997 AND 2216097
	Bitmap Heap Scan on sbtest1  (cost=5.50..416.94 rows=104 width=125)
	  Recheck Cond: ((k >= 2215997) AND (k <= 2216097))
	  ->  Bitmap Index Scan on k_1  (cost=0.00..5.47 rows=104 width=0)
	        Index Cond: ((k >= 2215997) AND (k <= 2216097))

table 2 : explain SELECT k, c FROM sbtest2 WHERE k BETWEEN 2215997 AND 2216097
	Bitmap Heap Scan on sbtest2  (cost=5.48..409.07 rows=102 width=125)
	  Recheck Cond: ((k >= 2215997) AND (k <= 2216097))
	  ->  Bitmap Index Scan on k_2  (cost=0.00..5.45 rows=102 width=0)
	        Index Cond: ((k >= 2215997) AND (k <= 2216097))

table 3 : explain SELECT k, c FROM sbtest3 WHERE k BETWEEN 2215997 AND 2216097
	Bitmap Heap Scan on sbtest3  (cost=5.43..389.37 rows=97 width=125)
	  Recheck Cond: ((k >= 2215997) AND (k <= 2216097))
	  ->  Bitmap Index Scan on k_3  (cost=0.00..5.40 rows=97 width=0)
	        Index Cond: ((k >= 2215997) AND (k <= 2216097))

table 4 : explain SELECT k, c FROM sbtest4 WHERE k BETWEEN 2215997 AND 2216097
	Bitmap Heap Scan on sbtest4  (cost=5.49..413.00 rows=103 width=125)
	  Recheck Cond: ((k >= 2215997) AND (k <= 2216097))
	  ->  Bitmap Index Scan on k_4  (cost=0.00..5.46 rows=103 width=0)
	        Index Cond: ((k >= 2215997) AND (k <= 2216097))

table 5 : explain SELECT k, c FROM sbtest5 WHERE k BETWEEN 2215997 AND 2216097
	Bitmap Heap Scan on sbtest5  (cost=5.53..428.75 rows=107 width=125)
	  Recheck Cond: ((k >= 2215997) AND (k <= 2216097))
	  ->  Bitmap Index Scan on k_5  (cost=0.00..5.50 rows=107 width=0)
	        Index Cond: ((k >= 2215997) AND (k <= 2216097))

table 6 : explain SELECT k, c FROM sbtest6 WHERE k BETWEEN 2215997 AND 2216097
	Bitmap Heap Scan on sbtest6  (cost=5.49..413.00 rows=103 width=125)
	  Recheck Cond: ((k >= 2215997) AND (k <= 2216097))
	  ->  Bitmap Index Scan on k_6  (cost=0.00..5.46 rows=103 width=0)
	        Index Cond: ((k >= 2215997) AND (k <= 2216097))

table 7 : explain SELECT k, c FROM sbtest7 WHERE k BETWEEN 2215997 AND 2216097
	Bitmap Heap Scan on sbtest7  (cost=5.48..409.07 rows=102 width=125)
	  Recheck Cond: ((k >= 2215997) AND (k <= 2216097))
	  ->  Bitmap Index Scan on k_7  (cost=0.00..5.45 rows=102 width=0)
	        Index Cond: ((k >= 2215997) AND (k <= 2216097))

table 8 : explain SELECT k, c FROM sbtest8 WHERE k BETWEEN 2215997 AND 2216097
	Bitmap Heap Scan on sbtest8  (cost=5.50..416.94 rows=104 width=125)
	  Recheck Cond: ((k >= 2215997) AND (k <= 2216097))
	  ->  Bitmap Index Scan on k_8  (cost=0.00..5.47 rows=104 width=0)
	        Index Cond: ((k >= 2215997) AND (k <= 2216097))

for range-notcovered
table 1 : explain SELECT k, c FROM sbtest1 WHERE k BETWEEN 4900029 AND 4900129
	Bitmap Heap Scan on sbtest1  (cost=5.52..424.81 rows=106 width=125)
	  Recheck Cond: ((k >= 4900029) AND (k <= 4900129))
	  ->  Bitmap Index Scan on k_1  (cost=0.00..5.50 rows=106 width=0)
	        Index Cond: ((k >= 4900029) AND (k <= 4900129))

table 2 : explain SELECT k, c FROM sbtest2 WHERE k BETWEEN 4900029 AND 4900129
	Bitmap Heap Scan on sbtest2  (cost=5.40..377.55 rows=94 width=125)
	  Recheck Cond: ((k >= 4900029) AND (k <= 4900129))
	  ->  Bitmap Index Scan on k_2  (cost=0.00..5.38 rows=94 width=0)
	        Index Cond: ((k >= 4900029) AND (k <= 4900129))

table 3 : explain SELECT k, c FROM sbtest3 WHERE k BETWEEN 4900029 AND 4900129
	Bitmap Heap Scan on sbtest3  (cost=5.53..428.75 rows=107 width=125)
	  Recheck Cond: ((k >= 4900029) AND (k <= 4900129))
	  ->  Bitmap Index Scan on k_3  (cost=0.00..5.50 rows=107 width=0)
	        Index Cond: ((k >= 4900029) AND (k <= 4900129))

table 4 : explain SELECT k, c FROM sbtest4 WHERE k BETWEEN 4900029 AND 4900129
	Bitmap Heap Scan on sbtest4  (cost=5.49..413.00 rows=103 width=125)
	  Recheck Cond: ((k >= 4900029) AND (k <= 4900129))
	  ->  Bitmap Index Scan on k_4  (cost=0.00..5.46 rows=103 width=0)
	        Index Cond: ((k >= 4900029) AND (k <= 4900129))

table 5 : explain SELECT k, c FROM sbtest5 WHERE k BETWEEN 4900029 AND 4900129
	Bitmap Heap Scan on sbtest5  (cost=5.48..409.07 rows=102 width=125)
	  Recheck Cond: ((k >= 4900029) AND (k <= 4900129))
	  ->  Bitmap Index Scan on k_5  (cost=0.00..5.45 rows=102 width=0)
	        Index Cond: ((k >= 4900029) AND (k <= 4900129))

table 6 : explain SELECT k, c FROM sbtest6 WHERE k BETWEEN 4900029 AND 4900129
	Bitmap Heap Scan on sbtest6  (cost=5.40..377.55 rows=94 width=125)
	  Recheck Cond: ((k >= 4900029) AND (k <= 4900129))
	  ->  Bitmap Index Scan on k_6  (cost=0.00..5.38 rows=94 width=0)
	        Index Cond: ((k >= 4900029) AND (k <= 4900129))

table 7 : explain SELECT k, c FROM sbtest7 WHERE k BETWEEN 4900029 AND 4900129
	Bitmap Heap Scan on sbtest7  (cost=5.43..389.37 rows=97 width=125)
	  Recheck Cond: ((k >= 4900029) AND (k <= 4900129))
	  ->  Bitmap Index Scan on k_7  (cost=0.00..5.40 rows=97 width=0)
	        Index Cond: ((k >= 4900029) AND (k <= 4900129))

table 8 : explain SELECT k, c FROM sbtest8 WHERE k BETWEEN 4900029 AND 4900129
	Bitmap Heap Scan on sbtest8  (cost=5.42..385.43 rows=96 width=125)
	  Recheck Cond: ((k >= 4900029) AND (k <= 4900129))
	  ->  Bitmap Index Scan on k_8  (cost=0.00..5.39 rows=96 width=0)
	        Index Cond: ((k >= 4900029) AND (k <= 4900129))

explain: for range-notcovered :: explain SELECT k, c FROM sbtest%d WHERE k BETWEEN 4900029 AND 4900129
explain: for range-notcovered :: explain SELECT k, c FROM sbtest%d WHERE k BETWEEN 2215997 AND 2216097
explain: for range-notcovered :: explain SELECT k, c FROM sbtest%d WHERE k BETWEEN 4801162 AND 4801262
for range-notcovered
table 1 : explain SELECT k, c FROM sbtest1 WHERE k BETWEEN 7701689 AND 7701789
	Bitmap Heap Scan on sbtest1  (cost=5.42..385.43 rows=96 width=125)
	  Recheck Cond: ((k >= 7701689) AND (k <= 7701789))
	  ->  Bitmap Index Scan on k_1  (cost=0.00..5.39 rows=96 width=0)
	        Index Cond: ((k >= 7701689) AND (k <= 7701789))

table 2 : explain SELECT k, c FROM sbtest2 WHERE k BETWEEN 7701689 AND 7701789
	Bitmap Heap Scan on sbtest2  (cost=5.57..444.49 rows=111 width=125)
	  Recheck Cond: ((k >= 7701689) AND (k <= 7701789))
	  ->  Bitmap Index Scan on k_2  (cost=0.00..5.54 rows=111 width=0)
	        Index Cond: ((k >= 7701689) AND (k <= 7701789))

table 3 : explain SELECT k, c FROM sbtest3 WHERE k BETWEEN 7701689 AND 7701789
	Bitmap Heap Scan on sbtest3  (cost=5.46..401.19 rows=100 width=125)
	  Recheck Cond: ((k >= 7701689) AND (k <= 7701789))
	  ->  Bitmap Index Scan on k_3  (cost=0.00..5.43 rows=100 width=0)
	        Index Cond: ((k >= 7701689) AND (k <= 7701789))

table 4 : explain SELECT k, c FROM sbtest4 WHERE k BETWEEN 7701689 AND 7701789
	Bitmap Heap Scan on sbtest4  (cost=5.45..397.25 rows=99 width=125)
	  Recheck Cond: ((k >= 7701689) AND (k <= 7701789))
	  ->  Bitmap Index Scan on k_4  (cost=0.00..5.42 rows=99 width=0)
	        Index Cond: ((k >= 7701689) AND (k <= 7701789))

table 5 : explain SELECT k, c FROM sbtest5 WHERE k BETWEEN 7701689 AND 7701789
	Bitmap Heap Scan on sbtest5  (cost=5.48..409.07 rows=102 width=125)
	  Recheck Cond: ((k >= 7701689) AND (k <= 7701789))
	  ->  Bitmap Index Scan on k_5  (cost=0.00..5.45 rows=102 width=0)
	        Index Cond: ((k >= 7701689) AND (k <= 7701789))

table 6 : explain SELECT k, c FROM sbtest6 WHERE k BETWEEN 7701689 AND 7701789
	Bitmap Heap Scan on sbtest6  (cost=5.50..416.94 rows=104 width=125)
	  Recheck Cond: ((k >= 7701689) AND (k <= 7701789))
	  ->  Bitmap Index Scan on k_6  (cost=0.00..5.47 rows=104 width=0)
	        Index Cond: ((k >= 7701689) AND (k <= 7701789))

table 7 : explain SELECT k, c FROM sbtest7 WHERE k BETWEEN 7701689 AND 7701789
	Bitmap Heap Scan on sbtest7  (cost=5.51..420.88 rows=105 width=125)
	  Recheck Cond: ((k >= 7701689) AND (k <= 7701789))
	  ->  Bitmap Index Scan on k_7  (cost=0.00..5.48 rows=105 width=0)
	        Index Cond: ((k >= 7701689) AND (k <= 7701789))

table 8 : explain SELECT k, c FROM sbtest8 WHERE k BETWEEN 7701689 AND 7701789
	Bitmap Heap Scan on sbtest8  (cost=5.50..416.94 rows=104 width=125)
	  Recheck Cond: ((k >= 7701689) AND (k <= 7701789))
	  ->  Bitmap Index Scan on k_8  (cost=0.00..5.47 rows=104 width=0)
	        Index Cond: ((k >= 7701689) AND (k <= 7701789))

for range-notcovered
table 1 : explain SELECT k, c FROM sbtest1 WHERE k BETWEEN 2215997 AND 2216097
	Bitmap Heap Scan on sbtest1  (cost=5.50..416.94 rows=104 width=125)
	  Recheck Cond: ((k >= 2215997) AND (k <= 2216097))
	  ->  Bitmap Index Scan on k_1  (cost=0.00..5.47 rows=104 width=0)
	        Index Cond: ((k >= 2215997) AND (k <= 2216097))

table 2 : explain SELECT k, c FROM sbtest2 WHERE k BETWEEN 2215997 AND 2216097
	Bitmap Heap Scan on sbtest2  (cost=5.48..409.07 rows=102 width=125)
	  Recheck Cond: ((k >= 2215997) AND (k <= 2216097))
	  ->  Bitmap Index Scan on k_2  (cost=0.00..5.45 rows=102 width=0)
	        Index Cond: ((k >= 2215997) AND (k <= 2216097))

table 3 : explain SELECT k, c FROM sbtest3 WHERE k BETWEEN 2215997 AND 2216097
	Bitmap Heap Scan on sbtest3  (cost=5.43..389.37 rows=97 width=125)
	  Recheck Cond: ((k >= 2215997) AND (k <= 2216097))
	  ->  Bitmap Index Scan on k_3  (cost=0.00..5.40 rows=97 width=0)
	        Index Cond: ((k >= 2215997) AND (k <= 2216097))

table 4 : explain SELECT k, c FROM sbtest4 WHERE k BETWEEN 2215997 AND 2216097
	Bitmap Heap Scan on sbtest4  (cost=5.49..413.00 rows=103 width=125)
	  Recheck Cond: ((k >= 2215997) AND (k <= 2216097))
	  ->  Bitmap Index Scan on k_4  (cost=0.00..5.46 rows=103 width=0)
	        Index Cond: ((k >= 2215997) AND (k <= 2216097))

table 5 : explain SELECT k, c FROM sbtest5 WHERE k BETWEEN 2215997 AND 2216097
	Bitmap Heap Scan on sbtest5  (cost=5.53..428.75 rows=107 width=125)
	  Recheck Cond: ((k >= 2215997) AND (k <= 2216097))
	  ->  Bitmap Index Scan on k_5  (cost=0.00..5.50 rows=107 width=0)
	        Index Cond: ((k >= 2215997) AND (k <= 2216097))

table 6 : explain SELECT k, c FROM sbtest6 WHERE k BETWEEN 2215997 AND 2216097
	Bitmap Heap Scan on sbtest6  (cost=5.49..413.00 rows=103 width=125)
	  Recheck Cond: ((k >= 2215997) AND (k <= 2216097))
	  ->  Bitmap Index Scan on k_6  (cost=0.00..5.46 rows=103 width=0)
	        Index Cond: ((k >= 2215997) AND (k <= 2216097))

table 7 : explain SELECT k, c FROM sbtest7 WHERE k BETWEEN 2215997 AND 2216097
	Bitmap Heap Scan on sbtest7  (cost=5.48..409.07 rows=102 width=125)
	  Recheck Cond: ((k >= 2215997) AND (k <= 2216097))
	  ->  Bitmap Index Scan on k_7  (cost=0.00..5.45 rows=102 width=0)
	        Index Cond: ((k >= 2215997) AND (k <= 2216097))

table 8 : explain SELECT k, c FROM sbtest8 WHERE k BETWEEN 2215997 AND 2216097
	Bitmap Heap Scan on sbtest8  (cost=5.50..416.94 rows=104 width=125)
	  Recheck Cond: ((k >= 2215997) AND (k <= 2216097))
	  ->  Bitmap Index Scan on k_8  (cost=0.00..5.47 rows=104 width=0)
	        Index Cond: ((k >= 2215997) AND (k <= 2216097))

for range-notcovered
table 1 : explain SELECT k, c FROM sbtest1 WHERE k BETWEEN 4873949 AND 4874049
	Bitmap Heap Scan on sbtest1  (cost=5.41..381.49 rows=95 width=125)
	  Recheck Cond: ((k >= 4873949) AND (k <= 4874049))
	  ->  Bitmap Index Scan on k_1  (cost=0.00..5.38 rows=95 width=0)
	        Index Cond: ((k >= 4873949) AND (k <= 4874049))

table 2 : explain SELECT k, c FROM sbtest2 WHERE k BETWEEN 4873949 AND 4874049
	Bitmap Heap Scan on sbtest2  (cost=5.40..377.55 rows=94 width=125)
	  Recheck Cond: ((k >= 4873949) AND (k <= 4874049))
	  ->  Bitmap Index Scan on k_2  (cost=0.00..5.38 rows=94 width=0)
	        Index Cond: ((k >= 4873949) AND (k <= 4874049))

table 3 : explain SELECT k, c FROM sbtest3 WHERE k BETWEEN 4873949 AND 4874049
	Bitmap Heap Scan on sbtest3  (cost=5.50..416.94 rows=104 width=125)
	  Recheck Cond: ((k >= 4873949) AND (k <= 4874049))
	  ->  Bitmap Index Scan on k_3  (cost=0.00..5.47 rows=104 width=0)
	        Index Cond: ((k >= 4873949) AND (k <= 4874049))

table 4 : explain SELECT k, c FROM sbtest4 WHERE k BETWEEN 4873949 AND 4874049
	Bitmap Heap Scan on sbtest4  (cost=5.43..389.37 rows=97 width=125)
	  Recheck Cond: ((k >= 4873949) AND (k <= 4874049))
	  ->  Bitmap Index Scan on k_4  (cost=0.00..5.40 rows=97 width=0)
	        Index Cond: ((k >= 4873949) AND (k <= 4874049))

table 5 : explain SELECT k, c FROM sbtest5 WHERE k BETWEEN 4873949 AND 4874049
	Bitmap Heap Scan on sbtest5  (cost=5.52..424.81 rows=106 width=125)
	  Recheck Cond: ((k >= 4873949) AND (k <= 4874049))
	  ->  Bitmap Index Scan on k_5  (cost=0.00..5.50 rows=106 width=0)
	        Index Cond: ((k >= 4873949) AND (k <= 4874049))

table 6 : explain SELECT k, c FROM sbtest6 WHERE k BETWEEN 4873949 AND 4874049
	Bitmap Heap Scan on sbtest6  (cost=5.40..377.55 rows=94 width=125)
	  Recheck Cond: ((k >= 4873949) AND (k <= 4874049))
	  ->  Bitmap Index Scan on k_6  (cost=0.00..5.38 rows=94 width=0)
	        Index Cond: ((k >= 4873949) AND (k <= 4874049))

table 7 : explain SELECT k, c FROM sbtest7 WHERE k BETWEEN 4873949 AND 4874049
	Bitmap Heap Scan on sbtest7  (cost=5.43..389.37 rows=97 width=125)
	  Recheck Cond: ((k >= 4873949) AND (k <= 4874049))
	  ->  Bitmap Index Scan on k_7  (cost=0.00..5.40 rows=97 width=0)
	        Index Cond: ((k >= 4873949) AND (k <= 4874049))

table 8 : explain SELECT k, c FROM sbtest8 WHERE k BETWEEN 4873949 AND 4874049
	Bitmap Heap Scan on sbtest8  (cost=5.53..428.75 rows=107 width=125)
	  Recheck Cond: ((k >= 4873949) AND (k <= 4874049))
	  ->  Bitmap Index Scan on k_8  (cost=0.00..5.50 rows=107 width=0)
	        Index Cond: ((k >= 4873949) AND (k <= 4874049))

explain: for range-notcovered :: explain SELECT k, c FROM sbtest%d WHERE k BETWEEN 2215997 AND 2216097
explain: for range-notcovered :: explain SELECT k, c FROM sbtest%d WHERE k BETWEEN 4873949 AND 4874049
explain: for range-notcovered :: explain SELECT k, c FROM sbtest%d WHERE k BETWEEN 7164037 AND 7164137
for range-notcovered
table 1 : explain SELECT k, c FROM sbtest1 WHERE k BETWEEN 4900029 AND 4900129
	Bitmap Heap Scan on sbtest1  (cost=5.52..424.81 rows=106 width=125)
	  Recheck Cond: ((k >= 4900029) AND (k <= 4900129))
	  ->  Bitmap Index Scan on k_1  (cost=0.00..5.50 rows=106 width=0)
	        Index Cond: ((k >= 4900029) AND (k <= 4900129))

table 2 : explain SELECT k, c FROM sbtest2 WHERE k BETWEEN 4900029 AND 4900129
	Bitmap Heap Scan on sbtest2  (cost=5.40..377.55 rows=94 width=125)
	  Recheck Cond: ((k >= 4900029) AND (k <= 4900129))
	  ->  Bitmap Index Scan on k_2  (cost=0.00..5.38 rows=94 width=0)
	        Index Cond: ((k >= 4900029) AND (k <= 4900129))

table 3 : explain SELECT k, c FROM sbtest3 WHERE k BETWEEN 4900029 AND 4900129
	Bitmap Heap Scan on sbtest3  (cost=5.53..428.75 rows=107 width=125)
	  Recheck Cond: ((k >= 4900029) AND (k <= 4900129))
	  ->  Bitmap Index Scan on k_3  (cost=0.00..5.50 rows=107 width=0)
	        Index Cond: ((k >= 4900029) AND (k <= 4900129))

table 4 : explain SELECT k, c FROM sbtest4 WHERE k BETWEEN 4900029 AND 4900129
	Bitmap Heap Scan on sbtest4  (cost=5.49..413.00 rows=103 width=125)
	  Recheck Cond: ((k >= 4900029) AND (k <= 4900129))
	  ->  Bitmap Index Scan on k_4  (cost=0.00..5.46 rows=103 width=0)
	        Index Cond: ((k >= 4900029) AND (k <= 4900129))

table 5 : explain SELECT k, c FROM sbtest5 WHERE k BETWEEN 4900029 AND 4900129
	Bitmap Heap Scan on sbtest5  (cost=5.48..409.07 rows=102 width=125)
	  Recheck Cond: ((k >= 4900029) AND (k <= 4900129))
	  ->  Bitmap Index Scan on k_5  (cost=0.00..5.45 rows=102 width=0)
	        Index Cond: ((k >= 4900029) AND (k <= 4900129))

table 6 : explain SELECT k, c FROM sbtest6 WHERE k BETWEEN 4900029 AND 4900129
	Bitmap Heap Scan on sbtest6  (cost=5.40..377.55 rows=94 width=125)
	  Recheck Cond: ((k >= 4900029) AND (k <= 4900129))
	  ->  Bitmap Index Scan on k_6  (cost=0.00..5.38 rows=94 width=0)
	        Index Cond: ((k >= 4900029) AND (k <= 4900129))

table 7 : explain SELECT k, c FROM sbtest7 WHERE k BETWEEN 4900029 AND 4900129
	Bitmap Heap Scan on sbtest7  (cost=5.43..389.37 rows=97 width=125)
	  Recheck Cond: ((k >= 4900029) AND (k <= 4900129))
	  ->  Bitmap Index Scan on k_7  (cost=0.00..5.40 rows=97 width=0)
	        Index Cond: ((k >= 4900029) AND (k <= 4900129))

table 8 : explain SELECT k, c FROM sbtest8 WHERE k BETWEEN 4900029 AND 4900129
	Bitmap Heap Scan on sbtest8  (cost=5.42..385.43 rows=96 width=125)
	  Recheck Cond: ((k >= 4900029) AND (k <= 4900129))
	  ->  Bitmap Index Scan on k_8  (cost=0.00..5.39 rows=96 width=0)
	        Index Cond: ((k >= 4900029) AND (k <= 4900129))

explain: for range-notcovered :: explain SELECT k, c FROM sbtest%d WHERE k BETWEEN 7701689 AND 7701789
for range-notcovered
table 1 : explain SELECT k, c FROM sbtest1 WHERE k BETWEEN 3351459 AND 3351559
	Bitmap Heap Scan on sbtest1  (cost=5.53..428.75 rows=107 width=125)
	  Recheck Cond: ((k >= 3351459) AND (k <= 3351559))
	  ->  Bitmap Index Scan on k_1  (cost=0.00..5.50 rows=107 width=0)
	        Index Cond: ((k >= 3351459) AND (k <= 3351559))

table 2 : explain SELECT k, c FROM sbtest2 WHERE k BETWEEN 3351459 AND 3351559
	Bitmap Heap Scan on sbtest2  (cost=5.47..405.13 rows=101 width=125)
	  Recheck Cond: ((k >= 3351459) AND (k <= 3351559))
	  ->  Bitmap Index Scan on k_2  (cost=0.00..5.44 rows=101 width=0)
	        Index Cond: ((k >= 3351459) AND (k <= 3351559))

table 3 : explain SELECT k, c FROM sbtest3 WHERE k BETWEEN 3351459 AND 3351559
	Bitmap Heap Scan on sbtest3  (cost=5.54..432.69 rows=108 width=125)
	  Recheck Cond: ((k >= 3351459) AND (k <= 3351559))
	  ->  Bitmap Index Scan on k_3  (cost=0.00..5.51 rows=108 width=0)
	        Index Cond: ((k >= 3351459) AND (k <= 3351559))

table 4 : explain SELECT k, c FROM sbtest4 WHERE k BETWEEN 3351459 AND 3351559
	Bitmap Heap Scan on sbtest4  (cost=5.48..409.07 rows=102 width=125)
	  Recheck Cond: ((k >= 3351459) AND (k <= 3351559))
	  ->  Bitmap Index Scan on k_4  (cost=0.00..5.45 rows=102 width=0)
	        Index Cond: ((k >= 3351459) AND (k <= 3351559))

table 5 : explain SELECT k, c FROM sbtest5 WHERE k BETWEEN 3351459 AND 3351559
	Bitmap Heap Scan on sbtest5  (cost=5.53..428.75 rows=107 width=125)
	  Recheck Cond: ((k >= 3351459) AND (k <= 3351559))
	  ->  Bitmap Index Scan on k_5  (cost=0.00..5.50 rows=107 width=0)
	        Index Cond: ((k >= 3351459) AND (k <= 3351559))

table 6 : explain SELECT k, c FROM sbtest6 WHERE k BETWEEN 3351459 AND 3351559
	Bitmap Heap Scan on sbtest6  (cost=5.44..393.31 rows=98 width=125)
	  Recheck Cond: ((k >= 3351459) AND (k <= 3351559))
	  ->  Bitmap Index Scan on k_6  (cost=0.00..5.42 rows=98 width=0)
	        Index Cond: ((k >= 3351459) AND (k <= 3351559))

table 7 : explain SELECT k, c FROM sbtest7 WHERE k BETWEEN 3351459 AND 3351559
	Bitmap Heap Scan on sbtest7  (cost=5.50..416.94 rows=104 width=125)
	  Recheck Cond: ((k >= 3351459) AND (k <= 3351559))
	  ->  Bitmap Index Scan on k_7  (cost=0.00..5.47 rows=104 width=0)
	        Index Cond: ((k >= 3351459) AND (k <= 3351559))

table 8 : explain SELECT k, c FROM sbtest8 WHERE k BETWEEN 3351459 AND 3351559
	Bitmap Heap Scan on sbtest8  (cost=5.48..409.07 rows=102 width=125)
	  Recheck Cond: ((k >= 3351459) AND (k <= 3351559))
	  ->  Bitmap Index Scan on k_8  (cost=0.00..5.45 rows=102 width=0)
	        Index Cond: ((k >= 3351459) AND (k <= 3351559))

for range-notcovered
table 1 : explain SELECT k, c FROM sbtest1 WHERE k BETWEEN 9241951 AND 9242051
	Bitmap Heap Scan on sbtest1  (cost=5.63..468.09 rows=117 width=125)
	  Recheck Cond: ((k >= 9241951) AND (k <= 9242051))
	  ->  Bitmap Index Scan on k_1  (cost=0.00..5.60 rows=117 width=0)
	        Index Cond: ((k >= 9241951) AND (k <= 9242051))

table 2 : explain SELECT k, c FROM sbtest2 WHERE k BETWEEN 9241951 AND 9242051
	Bitmap Heap Scan on sbtest2  (cost=5.50..416.94 rows=104 width=125)
	  Recheck Cond: ((k >= 9241951) AND (k <= 9242051))
	  ->  Bitmap Index Scan on k_2  (cost=0.00..5.47 rows=104 width=0)
	        Index Cond: ((k >= 9241951) AND (k <= 9242051))

table 3 : explain SELECT k, c FROM sbtest3 WHERE k BETWEEN 9241951 AND 9242051
	Bitmap Heap Scan on sbtest3  (cost=5.41..381.49 rows=95 width=125)
	  Recheck Cond: ((k >= 9241951) AND (k <= 9242051))
	  ->  Bitmap Index Scan on k_3  (cost=0.00..5.38 rows=95 width=0)
	        Index Cond: ((k >= 9241951) AND (k <= 9242051))

table 4 : explain SELECT k, c FROM sbtest4 WHERE k BETWEEN 9241951 AND 9242051
	Bitmap Heap Scan on sbtest4  (cost=5.52..424.81 rows=106 width=125)
	  Recheck Cond: ((k >= 9241951) AND (k <= 9242051))
	  ->  Bitmap Index Scan on k_4  (cost=0.00..5.50 rows=106 width=0)
	        Index Cond: ((k >= 9241951) AND (k <= 9242051))

table 5 : explain SELECT k, c FROM sbtest5 WHERE k BETWEEN 9241951 AND 9242051
	Bitmap Heap Scan on sbtest5  (cost=5.54..432.69 rows=108 width=125)
	  Recheck Cond: ((k >= 9241951) AND (k <= 9242051))
	  ->  Bitmap Index Scan on k_5  (cost=0.00..5.51 rows=108 width=0)
	        Index Cond: ((k >= 9241951) AND (k <= 9242051))

table 6 : explain SELECT k, c FROM sbtest6 WHERE k BETWEEN 9241951 AND 9242051
	Bitmap Heap Scan on sbtest6  (cost=5.52..424.81 rows=106 width=125)
	  Recheck Cond: ((k >= 9241951) AND (k <= 9242051))
	  ->  Bitmap Index Scan on k_6  (cost=0.00..5.50 rows=106 width=0)
	        Index Cond: ((k >= 9241951) AND (k <= 9242051))

table 7 : explain SELECT k, c FROM sbtest7 WHERE k BETWEEN 9241951 AND 9242051
	Bitmap Heap Scan on sbtest7  (cost=5.53..428.75 rows=107 width=125)
	  Recheck Cond: ((k >= 9241951) AND (k <= 9242051))
	  ->  Bitmap Index Scan on k_7  (cost=0.00..5.50 rows=107 width=0)
	        Index Cond: ((k >= 9241951) AND (k <= 9242051))

table 8 : explain SELECT k, c FROM sbtest8 WHERE k BETWEEN 9241951 AND 9242051
	Bitmap Heap Scan on sbtest8  (cost=5.43..389.37 rows=97 width=125)
	  Recheck Cond: ((k >= 9241951) AND (k <= 9242051))
	  ->  Bitmap Index Scan on k_8  (cost=0.00..5.40 rows=97 width=0)
	        Index Cond: ((k >= 9241951) AND (k <= 9242051))

explain: for range-notcovered :: explain SELECT k, c FROM sbtest%d WHERE k BETWEEN 9241951 AND 9242051
for range-notcovered
table 1 : explain SELECT k, c FROM sbtest1 WHERE k BETWEEN 7701689 AND 7701789
	Bitmap Heap Scan on sbtest1  (cost=5.42..385.43 rows=96 width=125)
	  Recheck Cond: ((k >= 7701689) AND (k <= 7701789))
	  ->  Bitmap Index Scan on k_1  (cost=0.00..5.39 rows=96 width=0)
	        Index Cond: ((k >= 7701689) AND (k <= 7701789))

table 2 : explain SELECT k, c FROM sbtest2 WHERE k BETWEEN 7701689 AND 7701789
	Bitmap Heap Scan on sbtest2  (cost=5.57..444.49 rows=111 width=125)
	  Recheck Cond: ((k >= 7701689) AND (k <= 7701789))
	  ->  Bitmap Index Scan on k_2  (cost=0.00..5.54 rows=111 width=0)
	        Index Cond: ((k >= 7701689) AND (k <= 7701789))

table 3 : explain SELECT k, c FROM sbtest3 WHERE k BETWEEN 7701689 AND 7701789
	Bitmap Heap Scan on sbtest3  (cost=5.46..401.19 rows=100 width=125)
	  Recheck Cond: ((k >= 7701689) AND (k <= 7701789))
	  ->  Bitmap Index Scan on k_3  (cost=0.00..5.43 rows=100 width=0)
	        Index Cond: ((k >= 7701689) AND (k <= 7701789))

table 4 : explain SELECT k, c FROM sbtest4 WHERE k BETWEEN 7701689 AND 7701789
	Bitmap Heap Scan on sbtest4  (cost=5.45..397.25 rows=99 width=125)
	  Recheck Cond: ((k >= 7701689) AND (k <= 7701789))
	  ->  Bitmap Index Scan on k_4  (cost=0.00..5.42 rows=99 width=0)
	        Index Cond: ((k >= 7701689) AND (k <= 7701789))

table 5 : explain SELECT k, c FROM sbtest5 WHERE k BETWEEN 7701689 AND 7701789
	Bitmap Heap Scan on sbtest5  (cost=5.48..409.07 rows=102 width=125)
	  Recheck Cond: ((k >= 7701689) AND (k <= 7701789))
	  ->  Bitmap Index Scan on k_5  (cost=0.00..5.45 rows=102 width=0)
	        Index Cond: ((k >= 7701689) AND (k <= 7701789))

table 6 : explain SELECT k, c FROM sbtest6 WHERE k BETWEEN 7701689 AND 7701789
	Bitmap Heap Scan on sbtest6  (cost=5.50..416.94 rows=104 width=125)
	  Recheck Cond: ((k >= 7701689) AND (k <= 7701789))
	  ->  Bitmap Index Scan on k_6  (cost=0.00..5.47 rows=104 width=0)
	        Index Cond: ((k >= 7701689) AND (k <= 7701789))

table 7 : explain SELECT k, c FROM sbtest7 WHERE k BETWEEN 7701689 AND 7701789
	Bitmap Heap Scan on sbtest7  (cost=5.51..420.88 rows=105 width=125)
	  Recheck Cond: ((k >= 7701689) AND (k <= 7701789))
	  ->  Bitmap Index Scan on k_7  (cost=0.00..5.48 rows=105 width=0)
	        Index Cond: ((k >= 7701689) AND (k <= 7701789))

table 8 : explain SELECT k, c FROM sbtest8 WHERE k BETWEEN 7701689 AND 7701789
	Bitmap Heap Scan on sbtest8  (cost=5.50..416.94 rows=104 width=125)
	  Recheck Cond: ((k >= 7701689) AND (k <= 7701789))
	  ->  Bitmap Index Scan on k_8  (cost=0.00..5.47 rows=104 width=0)
	        Index Cond: ((k >= 7701689) AND (k <= 7701789))

for range-notcovered
table 1 : explain SELECT k, c FROM sbtest1 WHERE k BETWEEN 2215997 AND 2216097
	Bitmap Heap Scan on sbtest1  (cost=5.50..416.94 rows=104 width=125)
	  Recheck Cond: ((k >= 2215997) AND (k <= 2216097))
	  ->  Bitmap Index Scan on k_1  (cost=0.00..5.47 rows=104 width=0)
	        Index Cond: ((k >= 2215997) AND (k <= 2216097))

table 2 : explain SELECT k, c FROM sbtest2 WHERE k BETWEEN 2215997 AND 2216097
	Bitmap Heap Scan on sbtest2  (cost=5.48..409.07 rows=102 width=125)
	  Recheck Cond: ((k >= 2215997) AND (k <= 2216097))
	  ->  Bitmap Index Scan on k_2  (cost=0.00..5.45 rows=102 width=0)
	        Index Cond: ((k >= 2215997) AND (k <= 2216097))

table 3 : explain SELECT k, c FROM sbtest3 WHERE k BETWEEN 2215997 AND 2216097
	Bitmap Heap Scan on sbtest3  (cost=5.43..389.37 rows=97 width=125)
	  Recheck Cond: ((k >= 2215997) AND (k <= 2216097))
	  ->  Bitmap Index Scan on k_3  (cost=0.00..5.40 rows=97 width=0)
	        Index Cond: ((k >= 2215997) AND (k <= 2216097))

table 4 : explain SELECT k, c FROM sbtest4 WHERE k BETWEEN 2215997 AND 2216097
	Bitmap Heap Scan on sbtest4  (cost=5.49..413.00 rows=103 width=125)
	  Recheck Cond: ((k >= 2215997) AND (k <= 2216097))
	  ->  Bitmap Index Scan on k_4  (cost=0.00..5.46 rows=103 width=0)
	        Index Cond: ((k >= 2215997) AND (k <= 2216097))

table 5 : explain SELECT k, c FROM sbtest5 WHERE k BETWEEN 2215997 AND 2216097
	Bitmap Heap Scan on sbtest5  (cost=5.53..428.75 rows=107 width=125)
	  Recheck Cond: ((k >= 2215997) AND (k <= 2216097))
	  ->  Bitmap Index Scan on k_5  (cost=0.00..5.50 rows=107 width=0)
	        Index Cond: ((k >= 2215997) AND (k <= 2216097))

table 6 : explain SELECT k, c FROM sbtest6 WHERE k BETWEEN 2215997 AND 2216097
	Bitmap Heap Scan on sbtest6  (cost=5.49..413.00 rows=103 width=125)
	  Recheck Cond: ((k >= 2215997) AND (k <= 2216097))
	  ->  Bitmap Index Scan on k_6  (cost=0.00..5.46 rows=103 width=0)
	        Index Cond: ((k >= 2215997) AND (k <= 2216097))

table 7 : explain SELECT k, c FROM sbtest7 WHERE k BETWEEN 2215997 AND 2216097
	Bitmap Heap Scan on sbtest7  (cost=5.48..409.07 rows=102 width=125)
	  Recheck Cond: ((k >= 2215997) AND (k <= 2216097))
	  ->  Bitmap Index Scan on k_7  (cost=0.00..5.45 rows=102 width=0)
	        Index Cond: ((k >= 2215997) AND (k <= 2216097))

table 8 : explain SELECT k, c FROM sbtest8 WHERE k BETWEEN 2215997 AND 2216097
	Bitmap Heap Scan on sbtest8  (cost=5.50..416.94 rows=104 width=125)
	  Recheck Cond: ((k >= 2215997) AND (k <= 2216097))
	  ->  Bitmap Index Scan on k_8  (cost=0.00..5.47 rows=104 width=0)
	        Index Cond: ((k >= 2215997) AND (k <= 2216097))

explain: for range-notcovered :: explain SELECT k, c FROM sbtest%d WHERE k BETWEEN 7701689 AND 7701789
explain: for range-notcovered :: explain SELECT k, c FROM sbtest%d WHERE k BETWEEN 2979058 AND 2979158
explain: for range-notcovered :: explain SELECT k, c FROM sbtest%d WHERE k BETWEEN 4627628 AND 4627728
for range-notcovered
table 1 : explain SELECT k, c FROM sbtest1 WHERE k BETWEEN 4873949 AND 4874049
	Bitmap Heap Scan on sbtest1  (cost=5.41..381.49 rows=95 width=125)
	  Recheck Cond: ((k >= 4873949) AND (k <= 4874049))
	  ->  Bitmap Index Scan on k_1  (cost=0.00..5.38 rows=95 width=0)
	        Index Cond: ((k >= 4873949) AND (k <= 4874049))

table 2 : explain SELECT k, c FROM sbtest2 WHERE k BETWEEN 4873949 AND 4874049
	Bitmap Heap Scan on sbtest2  (cost=5.40..377.55 rows=94 width=125)
	  Recheck Cond: ((k >= 4873949) AND (k <= 4874049))
	  ->  Bitmap Index Scan on k_2  (cost=0.00..5.38 rows=94 width=0)
	        Index Cond: ((k >= 4873949) AND (k <= 4874049))

table 3 : explain SELECT k, c FROM sbtest3 WHERE k BETWEEN 4873949 AND 4874049
	Bitmap Heap Scan on sbtest3  (cost=5.50..416.94 rows=104 width=125)
	  Recheck Cond: ((k >= 4873949) AND (k <= 4874049))
	  ->  Bitmap Index Scan on k_3  (cost=0.00..5.47 rows=104 width=0)
	        Index Cond: ((k >= 4873949) AND (k <= 4874049))

table 4 : explain SELECT k, c FROM sbtest4 WHERE k BETWEEN 4873949 AND 4874049
	Bitmap Heap Scan on sbtest4  (cost=5.43..389.37 rows=97 width=125)
	  Recheck Cond: ((k >= 4873949) AND (k <= 4874049))
	  ->  Bitmap Index Scan on k_4  (cost=0.00..5.40 rows=97 width=0)
	        Index Cond: ((k >= 4873949) AND (k <= 4874049))

table 5 : explain SELECT k, c FROM sbtest5 WHERE k BETWEEN 4873949 AND 4874049
	Bitmap Heap Scan on sbtest5  (cost=5.52..424.81 rows=106 width=125)
	  Recheck Cond: ((k >= 4873949) AND (k <= 4874049))
	  ->  Bitmap Index Scan on k_5  (cost=0.00..5.50 rows=106 width=0)
	        Index Cond: ((k >= 4873949) AND (k <= 4874049))

table 6 : explain SELECT k, c FROM sbtest6 WHERE k BETWEEN 4873949 AND 4874049
	Bitmap Heap Scan on sbtest6  (cost=5.40..377.55 rows=94 width=125)
	  Recheck Cond: ((k >= 4873949) AND (k <= 4874049))
	  ->  Bitmap Index Scan on k_6  (cost=0.00..5.38 rows=94 width=0)
	        Index Cond: ((k >= 4873949) AND (k <= 4874049))

table 7 : explain SELECT k, c FROM sbtest7 WHERE k BETWEEN 4873949 AND 4874049
	Bitmap Heap Scan on sbtest7  (cost=5.43..389.37 rows=97 width=125)
	  Recheck Cond: ((k >= 4873949) AND (k <= 4874049))
	  ->  Bitmap Index Scan on k_7  (cost=0.00..5.40 rows=97 width=0)
	        Index Cond: ((k >= 4873949) AND (k <= 4874049))

table 8 : explain SELECT k, c FROM sbtest8 WHERE k BETWEEN 4873949 AND 4874049
	Bitmap Heap Scan on sbtest8  (cost=5.53..428.75 rows=107 width=125)
	  Recheck Cond: ((k >= 4873949) AND (k <= 4874049))
	  ->  Bitmap Index Scan on k_8  (cost=0.00..5.50 rows=107 width=0)
	        Index Cond: ((k >= 4873949) AND (k <= 4874049))

for range-notcovered
table 1 : explain SELECT k, c FROM sbtest1 WHERE k BETWEEN 4801162 AND 4801262
	Bitmap Heap Scan on sbtest1  (cost=5.41..381.49 rows=95 width=125)
	  Recheck Cond: ((k >= 4801162) AND (k <= 4801262))
	  ->  Bitmap Index Scan on k_1  (cost=0.00..5.38 rows=95 width=0)
	        Index Cond: ((k >= 4801162) AND (k <= 4801262))

table 2 : explain SELECT k, c FROM sbtest2 WHERE k BETWEEN 4801162 AND 4801262
	Bitmap Heap Scan on sbtest2  (cost=5.44..393.31 rows=98 width=125)
	  Recheck Cond: ((k >= 4801162) AND (k <= 4801262))
	  ->  Bitmap Index Scan on k_2  (cost=0.00..5.42 rows=98 width=0)
	        Index Cond: ((k >= 4801162) AND (k <= 4801262))

table 3 : explain SELECT k, c FROM sbtest3 WHERE k BETWEEN 4801162 AND 4801262
	Bitmap Heap Scan on sbtest3  (cost=5.50..416.94 rows=104 width=125)
	  Recheck Cond: ((k >= 4801162) AND (k <= 4801262))
	  ->  Bitmap Index Scan on k_3  (cost=0.00..5.47 rows=104 width=0)
	        Index Cond: ((k >= 4801162) AND (k <= 4801262))

table 4 : explain SELECT k, c FROM sbtest4 WHERE k BETWEEN 4801162 AND 4801262
	Bitmap Heap Scan on sbtest4  (cost=5.43..389.37 rows=97 width=125)
	  Recheck Cond: ((k >= 4801162) AND (k <= 4801262))
	  ->  Bitmap Index Scan on k_4  (cost=0.00..5.40 rows=97 width=0)
	        Index Cond: ((k >= 4801162) AND (k <= 4801262))

table 5 : explain SELECT k, c FROM sbtest5 WHERE k BETWEEN 4801162 AND 4801262
	Bitmap Heap Scan on sbtest5  (cost=5.52..424.81 rows=106 width=125)
	  Recheck Cond: ((k >= 4801162) AND (k <= 4801262))
	  ->  Bitmap Index Scan on k_5  (cost=0.00..5.50 rows=106 width=0)
	        Index Cond: ((k >= 4801162) AND (k <= 4801262))

table 6 : explain SELECT k, c FROM sbtest6 WHERE k BETWEEN 4801162 AND 4801262
	Bitmap Heap Scan on sbtest6  (cost=5.46..401.19 rows=100 width=125)
	  Recheck Cond: ((k >= 4801162) AND (k <= 4801262))
	  ->  Bitmap Index Scan on k_6  (cost=0.00..5.43 rows=100 width=0)
	        Index Cond: ((k >= 4801162) AND (k <= 4801262))

table 7 : explain SELECT k, c FROM sbtest7 WHERE k BETWEEN 4801162 AND 4801262
	Bitmap Heap Scan on sbtest7  (cost=5.43..389.37 rows=97 width=125)
	  Recheck Cond: ((k >= 4801162) AND (k <= 4801262))
	  ->  Bitmap Index Scan on k_7  (cost=0.00..5.40 rows=97 width=0)
	        Index Cond: ((k >= 4801162) AND (k <= 4801262))

table 8 : explain SELECT k, c FROM sbtest8 WHERE k BETWEEN 4801162 AND 4801262
	Bitmap Heap Scan on sbtest8  (cost=5.53..428.75 rows=107 width=125)
	  Recheck Cond: ((k >= 4801162) AND (k <= 4801262))
	  ->  Bitmap Index Scan on k_8  (cost=0.00..5.50 rows=107 width=0)
	        Index Cond: ((k >= 4801162) AND (k <= 4801262))

explain: for range-notcovered :: explain SELECT k, c FROM sbtest%d WHERE k BETWEEN 4801162 AND 4801262
for range-notcovered
table 1 : explain SELECT k, c FROM sbtest1 WHERE k BETWEEN 9241951 AND 9242051
	Bitmap Heap Scan on sbtest1  (cost=5.63..468.09 rows=117 width=125)
	  Recheck Cond: ((k >= 9241951) AND (k <= 9242051))
	  ->  Bitmap Index Scan on k_1  (cost=0.00..5.60 rows=117 width=0)
	        Index Cond: ((k >= 9241951) AND (k <= 9242051))

table 2 : explain SELECT k, c FROM sbtest2 WHERE k BETWEEN 9241951 AND 9242051
	Bitmap Heap Scan on sbtest2  (cost=5.50..416.94 rows=104 width=125)
	  Recheck Cond: ((k >= 9241951) AND (k <= 9242051))
	  ->  Bitmap Index Scan on k_2  (cost=0.00..5.47 rows=104 width=0)
	        Index Cond: ((k >= 9241951) AND (k <= 9242051))

table 3 : explain SELECT k, c FROM sbtest3 WHERE k BETWEEN 9241951 AND 9242051
	Bitmap Heap Scan on sbtest3  (cost=5.41..381.49 rows=95 width=125)
	  Recheck Cond: ((k >= 9241951) AND (k <= 9242051))
	  ->  Bitmap Index Scan on k_3  (cost=0.00..5.38 rows=95 width=0)
	        Index Cond: ((k >= 9241951) AND (k <= 9242051))

table 4 : explain SELECT k, c FROM sbtest4 WHERE k BETWEEN 9241951 AND 9242051
	Bitmap Heap Scan on sbtest4  (cost=5.52..424.81 rows=106 width=125)
	  Recheck Cond: ((k >= 9241951) AND (k <= 9242051))
	  ->  Bitmap Index Scan on k_4  (cost=0.00..5.50 rows=106 width=0)
	        Index Cond: ((k >= 9241951) AND (k <= 9242051))

table 5 : explain SELECT k, c FROM sbtest5 WHERE k BETWEEN 9241951 AND 9242051
	Bitmap Heap Scan on sbtest5  (cost=5.54..432.69 rows=108 width=125)
	  Recheck Cond: ((k >= 9241951) AND (k <= 9242051))
	  ->  Bitmap Index Scan on k_5  (cost=0.00..5.51 rows=108 width=0)
	        Index Cond: ((k >= 9241951) AND (k <= 9242051))

table 6 : explain SELECT k, c FROM sbtest6 WHERE k BETWEEN 9241951 AND 9242051
	Bitmap Heap Scan on sbtest6  (cost=5.52..424.81 rows=106 width=125)
	  Recheck Cond: ((k >= 9241951) AND (k <= 9242051))
	  ->  Bitmap Index Scan on k_6  (cost=0.00..5.50 rows=106 width=0)
	        Index Cond: ((k >= 9241951) AND (k <= 9242051))

table 7 : explain SELECT k, c FROM sbtest7 WHERE k BETWEEN 9241951 AND 9242051
	Bitmap Heap Scan on sbtest7  (cost=5.53..428.75 rows=107 width=125)
	  Recheck Cond: ((k >= 9241951) AND (k <= 9242051))
	  ->  Bitmap Index Scan on k_7  (cost=0.00..5.50 rows=107 width=0)
	        Index Cond: ((k >= 9241951) AND (k <= 9242051))

table 8 : explain SELECT k, c FROM sbtest8 WHERE k BETWEEN 9241951 AND 9242051
	Bitmap Heap Scan on sbtest8  (cost=5.43..389.37 rows=97 width=125)
	  Recheck Cond: ((k >= 9241951) AND (k <= 9242051))
	  ->  Bitmap Index Scan on k_8  (cost=0.00..5.40 rows=97 width=0)
	        Index Cond: ((k >= 9241951) AND (k <= 9242051))

explain: for range-notcovered :: explain SELECT k, c FROM sbtest%d WHERE k BETWEEN 9241951 AND 9242051
explain: for range-notcovered :: explain SELECT k, c FROM sbtest%d WHERE k BETWEEN 5737776 AND 5737876
for range-notcovered
table 1 : explain SELECT k, c FROM sbtest1 WHERE k BETWEEN 4801162 AND 4801262
	Bitmap Heap Scan on sbtest1  (cost=5.41..381.49 rows=95 width=125)
	  Recheck Cond: ((k >= 4801162) AND (k <= 4801262))
	  ->  Bitmap Index Scan on k_1  (cost=0.00..5.38 rows=95 width=0)
	        Index Cond: ((k >= 4801162) AND (k <= 4801262))

table 2 : explain SELECT k, c FROM sbtest2 WHERE k BETWEEN 4801162 AND 4801262
	Bitmap Heap Scan on sbtest2  (cost=5.44..393.31 rows=98 width=125)
	  Recheck Cond: ((k >= 4801162) AND (k <= 4801262))
	  ->  Bitmap Index Scan on k_2  (cost=0.00..5.42 rows=98 width=0)
	        Index Cond: ((k >= 4801162) AND (k <= 4801262))

table 3 : explain SELECT k, c FROM sbtest3 WHERE k BETWEEN 4801162 AND 4801262
	Bitmap Heap Scan on sbtest3  (cost=5.50..416.94 rows=104 width=125)
	  Recheck Cond: ((k >= 4801162) AND (k <= 4801262))
	  ->  Bitmap Index Scan on k_3  (cost=0.00..5.47 rows=104 width=0)
	        Index Cond: ((k >= 4801162) AND (k <= 4801262))

table 4 : explain SELECT k, c FROM sbtest4 WHERE k BETWEEN 4801162 AND 4801262
	Bitmap Heap Scan on sbtest4  (cost=5.43..389.37 rows=97 width=125)
	  Recheck Cond: ((k >= 4801162) AND (k <= 4801262))
	  ->  Bitmap Index Scan on k_4  (cost=0.00..5.40 rows=97 width=0)
	        Index Cond: ((k >= 4801162) AND (k <= 4801262))

table 5 : explain SELECT k, c FROM sbtest5 WHERE k BETWEEN 4801162 AND 4801262
	Bitmap Heap Scan on sbtest5  (cost=5.52..424.81 rows=106 width=125)
	  Recheck Cond: ((k >= 4801162) AND (k <= 4801262))
	  ->  Bitmap Index Scan on k_5  (cost=0.00..5.50 rows=106 width=0)
	        Index Cond: ((k >= 4801162) AND (k <= 4801262))

table 6 : explain SELECT k, c FROM sbtest6 WHERE k BETWEEN 4801162 AND 4801262
	Bitmap Heap Scan on sbtest6  (cost=5.46..401.19 rows=100 width=125)
	  Recheck Cond: ((k >= 4801162) AND (k <= 4801262))
	  ->  Bitmap Index Scan on k_6  (cost=0.00..5.43 rows=100 width=0)
	        Index Cond: ((k >= 4801162) AND (k <= 4801262))

table 7 : explain SELECT k, c FROM sbtest7 WHERE k BETWEEN 4801162 AND 4801262
	Bitmap Heap Scan on sbtest7  (cost=5.43..389.37 rows=97 width=125)
	  Recheck Cond: ((k >= 4801162) AND (k <= 4801262))
	  ->  Bitmap Index Scan on k_7  (cost=0.00..5.40 rows=97 width=0)
	        Index Cond: ((k >= 4801162) AND (k <= 4801262))

table 8 : explain SELECT k, c FROM sbtest8 WHERE k BETWEEN 4801162 AND 4801262
	Bitmap Heap Scan on sbtest8  (cost=5.53..428.75 rows=107 width=125)
	  Recheck Cond: ((k >= 4801162) AND (k <= 4801262))
	  ->  Bitmap Index Scan on k_8  (cost=0.00..5.50 rows=107 width=0)
	        Index Cond: ((k >= 4801162) AND (k <= 4801262))

explain: for range-notcovered :: explain SELECT k, c FROM sbtest%d WHERE k BETWEEN 4801162 AND 4801262
explain: for range-notcovered :: explain SELECT k, c FROM sbtest%d WHERE k BETWEEN 4305390 AND 4305490
for range-notcovered
table 1 : explain SELECT k, c FROM sbtest1 WHERE k BETWEEN 9241951 AND 9242051
	Bitmap Heap Scan on sbtest1  (cost=5.63..468.09 rows=117 width=125)
	  Recheck Cond: ((k >= 9241951) AND (k <= 9242051))
	  ->  Bitmap Index Scan on k_1  (cost=0.00..5.60 rows=117 width=0)
	        Index Cond: ((k >= 9241951) AND (k <= 9242051))

table 2 : explain SELECT k, c FROM sbtest2 WHERE k BETWEEN 9241951 AND 9242051
	Bitmap Heap Scan on sbtest2  (cost=5.50..416.94 rows=104 width=125)
	  Recheck Cond: ((k >= 9241951) AND (k <= 9242051))
	  ->  Bitmap Index Scan on k_2  (cost=0.00..5.47 rows=104 width=0)
	        Index Cond: ((k >= 9241951) AND (k <= 9242051))

table 3 : explain SELECT k, c FROM sbtest3 WHERE k BETWEEN 9241951 AND 9242051
	Bitmap Heap Scan on sbtest3  (cost=5.41..381.49 rows=95 width=125)
	  Recheck Cond: ((k >= 9241951) AND (k <= 9242051))
	  ->  Bitmap Index Scan on k_3  (cost=0.00..5.38 rows=95 width=0)
	        Index Cond: ((k >= 9241951) AND (k <= 9242051))

table 4 : explain SELECT k, c FROM sbtest4 WHERE k BETWEEN 9241951 AND 9242051
	Bitmap Heap Scan on sbtest4  (cost=5.52..424.81 rows=106 width=125)
	  Recheck Cond: ((k >= 9241951) AND (k <= 9242051))
	  ->  Bitmap Index Scan on k_4  (cost=0.00..5.50 rows=106 width=0)
	        Index Cond: ((k >= 9241951) AND (k <= 9242051))

table 5 : explain SELECT k, c FROM sbtest5 WHERE k BETWEEN 9241951 AND 9242051
	Bitmap Heap Scan on sbtest5  (cost=5.54..432.69 rows=108 width=125)
	  Recheck Cond: ((k >= 9241951) AND (k <= 9242051))
	  ->  Bitmap Index Scan on k_5  (cost=0.00..5.51 rows=108 width=0)
	        Index Cond: ((k >= 9241951) AND (k <= 9242051))

table 6 : explain SELECT k, c FROM sbtest6 WHERE k BETWEEN 9241951 AND 9242051
	Bitmap Heap Scan on sbtest6  (cost=5.52..424.81 rows=106 width=125)
	  Recheck Cond: ((k >= 9241951) AND (k <= 9242051))
	  ->  Bitmap Index Scan on k_6  (cost=0.00..5.50 rows=106 width=0)
	        Index Cond: ((k >= 9241951) AND (k <= 9242051))

table 7 : explain SELECT k, c FROM sbtest7 WHERE k BETWEEN 9241951 AND 9242051
	Bitmap Heap Scan on sbtest7  (cost=5.53..428.75 rows=107 width=125)
	  Recheck Cond: ((k >= 9241951) AND (k <= 9242051))
	  ->  Bitmap Index Scan on k_7  (cost=0.00..5.50 rows=107 width=0)
	        Index Cond: ((k >= 9241951) AND (k <= 9242051))

table 8 : explain SELECT k, c FROM sbtest8 WHERE k BETWEEN 9241951 AND 9242051
	Bitmap Heap Scan on sbtest8  (cost=5.43..389.37 rows=97 width=125)
	  Recheck Cond: ((k >= 9241951) AND (k <= 9242051))
	  ->  Bitmap Index Scan on k_8  (cost=0.00..5.40 rows=97 width=0)
	        Index Cond: ((k >= 9241951) AND (k <= 9242051))

explain: for range-notcovered :: explain SELECT k, c FROM sbtest%d WHERE k BETWEEN 4873949 AND 4874049
for range-notcovered
table 1 : explain SELECT k, c FROM sbtest1 WHERE k BETWEEN 4801162 AND 4801262
	Bitmap Heap Scan on sbtest1  (cost=5.41..381.49 rows=95 width=125)
	  Recheck Cond: ((k >= 4801162) AND (k <= 4801262))
	  ->  Bitmap Index Scan on k_1  (cost=0.00..5.38 rows=95 width=0)
	        Index Cond: ((k >= 4801162) AND (k <= 4801262))

table 2 : explain SELECT k, c FROM sbtest2 WHERE k BETWEEN 4801162 AND 4801262
	Bitmap Heap Scan on sbtest2  (cost=5.44..393.31 rows=98 width=125)
	  Recheck Cond: ((k >= 4801162) AND (k <= 4801262))
	  ->  Bitmap Index Scan on k_2  (cost=0.00..5.42 rows=98 width=0)
	        Index Cond: ((k >= 4801162) AND (k <= 4801262))

table 3 : explain SELECT k, c FROM sbtest3 WHERE k BETWEEN 4801162 AND 4801262
	Bitmap Heap Scan on sbtest3  (cost=5.50..416.94 rows=104 width=125)
	  Recheck Cond: ((k >= 4801162) AND (k <= 4801262))
	  ->  Bitmap Index Scan on k_3  (cost=0.00..5.47 rows=104 width=0)
	        Index Cond: ((k >= 4801162) AND (k <= 4801262))

table 4 : explain SELECT k, c FROM sbtest4 WHERE k BETWEEN 4801162 AND 4801262
	Bitmap Heap Scan on sbtest4  (cost=5.43..389.37 rows=97 width=125)
	  Recheck Cond: ((k >= 4801162) AND (k <= 4801262))
	  ->  Bitmap Index Scan on k_4  (cost=0.00..5.40 rows=97 width=0)
	        Index Cond: ((k >= 4801162) AND (k <= 4801262))

table 5 : explain SELECT k, c FROM sbtest5 WHERE k BETWEEN 4801162 AND 4801262
	Bitmap Heap Scan on sbtest5  (cost=5.52..424.81 rows=106 width=125)
	  Recheck Cond: ((k >= 4801162) AND (k <= 4801262))
	  ->  Bitmap Index Scan on k_5  (cost=0.00..5.50 rows=106 width=0)
	        Index Cond: ((k >= 4801162) AND (k <= 4801262))

table 6 : explain SELECT k, c FROM sbtest6 WHERE k BETWEEN 4801162 AND 4801262
	Bitmap Heap Scan on sbtest6  (cost=5.46..401.19 rows=100 width=125)
	  Recheck Cond: ((k >= 4801162) AND (k <= 4801262))
	  ->  Bitmap Index Scan on k_6  (cost=0.00..5.43 rows=100 width=0)
	        Index Cond: ((k >= 4801162) AND (k <= 4801262))

table 7 : explain SELECT k, c FROM sbtest7 WHERE k BETWEEN 4801162 AND 4801262
	Bitmap Heap Scan on sbtest7  (cost=5.43..389.37 rows=97 width=125)
	  Recheck Cond: ((k >= 4801162) AND (k <= 4801262))
	  ->  Bitmap Index Scan on k_7  (cost=0.00..5.40 rows=97 width=0)
	        Index Cond: ((k >= 4801162) AND (k <= 4801262))

table 8 : explain SELECT k, c FROM sbtest8 WHERE k BETWEEN 4801162 AND 4801262
	Bitmap Heap Scan on sbtest8  (cost=5.53..428.75 rows=107 width=125)
	  Recheck Cond: ((k >= 4801162) AND (k <= 4801262))
	  ->  Bitmap Index Scan on k_8  (cost=0.00..5.50 rows=107 width=0)
	        Index Cond: ((k >= 4801162) AND (k <= 4801262))

for range-notcovered
table 1 : explain SELECT k, c FROM sbtest1 WHERE k BETWEEN 628991 AND 629091
	Bitmap Heap Scan on sbtest1  (cost=5.55..436.62 rows=109 width=125)
	  Recheck Cond: ((k >= 628991) AND (k <= 629091))
	  ->  Bitmap Index Scan on k_1  (cost=0.00..5.52 rows=109 width=0)
	        Index Cond: ((k >= 628991) AND (k <= 629091))

table 2 : explain SELECT k, c FROM sbtest2 WHERE k BETWEEN 628991 AND 629091
	Bitmap Heap Scan on sbtest2  (cost=5.50..416.94 rows=104 width=125)
	  Recheck Cond: ((k >= 628991) AND (k <= 629091))
	  ->  Bitmap Index Scan on k_2  (cost=0.00..5.47 rows=104 width=0)
	        Index Cond: ((k >= 628991) AND (k <= 629091))

table 3 : explain SELECT k, c FROM sbtest3 WHERE k BETWEEN 628991 AND 629091
	Bitmap Heap Scan on sbtest3  (cost=5.41..381.49 rows=95 width=125)
	  Recheck Cond: ((k >= 628991) AND (k <= 629091))
	  ->  Bitmap Index Scan on k_3  (cost=0.00..5.38 rows=95 width=0)
	        Index Cond: ((k >= 628991) AND (k <= 629091))

table 4 : explain SELECT k, c FROM sbtest4 WHERE k BETWEEN 628991 AND 629091
	Bitmap Heap Scan on sbtest4  (cost=5.54..432.69 rows=108 width=125)
	  Recheck Cond: ((k >= 628991) AND (k <= 629091))
	  ->  Bitmap Index Scan on k_4  (cost=0.00..5.51 rows=108 width=0)
	        Index Cond: ((k >= 628991) AND (k <= 629091))

table 5 : explain SELECT k, c FROM sbtest5 WHERE k BETWEEN 628991 AND 629091
	Bitmap Heap Scan on sbtest5  (cost=5.51..420.88 rows=105 width=125)
	  Recheck Cond: ((k >= 628991) AND (k <= 629091))
	  ->  Bitmap Index Scan on k_5  (cost=0.00..5.48 rows=105 width=0)
	        Index Cond: ((k >= 628991) AND (k <= 629091))

table 6 : explain SELECT k, c FROM sbtest6 WHERE k BETWEEN 628991 AND 629091
	Bitmap Heap Scan on sbtest6  (cost=5.49..413.00 rows=103 width=125)
	  Recheck Cond: ((k >= 628991) AND (k <= 629091))
	  ->  Bitmap Index Scan on k_6  (cost=0.00..5.46 rows=103 width=0)
	        Index Cond: ((k >= 628991) AND (k <= 629091))

table 7 : explain SELECT k, c FROM sbtest7 WHERE k BETWEEN 628991 AND 629091
	Bitmap Heap Scan on sbtest7  (cost=5.56..440.56 rows=110 width=125)
	  Recheck Cond: ((k >= 628991) AND (k <= 629091))
	  ->  Bitmap Index Scan on k_7  (cost=0.00..5.53 rows=110 width=0)
	        Index Cond: ((k >= 628991) AND (k <= 629091))

table 8 : explain SELECT k, c FROM sbtest8 WHERE k BETWEEN 628991 AND 629091
	Bitmap Heap Scan on sbtest8  (cost=5.54..432.69 rows=108 width=125)
	  Recheck Cond: ((k >= 628991) AND (k <= 629091))
	  ->  Bitmap Index Scan on k_8  (cost=0.00..5.51 rows=108 width=0)
	        Index Cond: ((k >= 628991) AND (k <= 629091))

explain: for range-notcovered :: explain SELECT k, c FROM sbtest%d WHERE k BETWEEN 4801162 AND 4801262
explain: for range-notcovered :: explain SELECT k, c FROM sbtest%d WHERE k BETWEEN 628991 AND 629091
for range-notcovered
table 1 : explain SELECT k, c FROM sbtest1 WHERE k BETWEEN 7701689 AND 7701789
	Bitmap Heap Scan on sbtest1  (cost=5.42..385.43 rows=96 width=125)
	  Recheck Cond: ((k >= 7701689) AND (k <= 7701789))
	  ->  Bitmap Index Scan on k_1  (cost=0.00..5.39 rows=96 width=0)
	        Index Cond: ((k >= 7701689) AND (k <= 7701789))

table 2 : explain SELECT k, c FROM sbtest2 WHERE k BETWEEN 7701689 AND 7701789
	Bitmap Heap Scan on sbtest2  (cost=5.57..444.49 rows=111 width=125)
	  Recheck Cond: ((k >= 7701689) AND (k <= 7701789))
	  ->  Bitmap Index Scan on k_2  (cost=0.00..5.54 rows=111 width=0)
	        Index Cond: ((k >= 7701689) AND (k <= 7701789))

table 3 : explain SELECT k, c FROM sbtest3 WHERE k BETWEEN 7701689 AND 7701789
	Bitmap Heap Scan on sbtest3  (cost=5.46..401.19 rows=100 width=125)
	  Recheck Cond: ((k >= 7701689) AND (k <= 7701789))
	  ->  Bitmap Index Scan on k_3  (cost=0.00..5.43 rows=100 width=0)
	        Index Cond: ((k >= 7701689) AND (k <= 7701789))

table 4 : explain SELECT k, c FROM sbtest4 WHERE k BETWEEN 7701689 AND 7701789
	Bitmap Heap Scan on sbtest4  (cost=5.45..397.25 rows=99 width=125)
	  Recheck Cond: ((k >= 7701689) AND (k <= 7701789))
	  ->  Bitmap Index Scan on k_4  (cost=0.00..5.42 rows=99 width=0)
	        Index Cond: ((k >= 7701689) AND (k <= 7701789))

table 5 : explain SELECT k, c FROM sbtest5 WHERE k BETWEEN 7701689 AND 7701789
	Bitmap Heap Scan on sbtest5  (cost=5.48..409.07 rows=102 width=125)
	  Recheck Cond: ((k >= 7701689) AND (k <= 7701789))
	  ->  Bitmap Index Scan on k_5  (cost=0.00..5.45 rows=102 width=0)
	        Index Cond: ((k >= 7701689) AND (k <= 7701789))

table 6 : explain SELECT k, c FROM sbtest6 WHERE k BETWEEN 7701689 AND 7701789
	Bitmap Heap Scan on sbtest6  (cost=5.50..416.94 rows=104 width=125)
	  Recheck Cond: ((k >= 7701689) AND (k <= 7701789))
	  ->  Bitmap Index Scan on k_6  (cost=0.00..5.47 rows=104 width=0)
	        Index Cond: ((k >= 7701689) AND (k <= 7701789))

table 7 : explain SELECT k, c FROM sbtest7 WHERE k BETWEEN 7701689 AND 7701789
	Bitmap Heap Scan on sbtest7  (cost=5.51..420.88 rows=105 width=125)
	  Recheck Cond: ((k >= 7701689) AND (k <= 7701789))
	  ->  Bitmap Index Scan on k_7  (cost=0.00..5.48 rows=105 width=0)
	        Index Cond: ((k >= 7701689) AND (k <= 7701789))

table 8 : explain SELECT k, c FROM sbtest8 WHERE k BETWEEN 7701689 AND 7701789
	Bitmap Heap Scan on sbtest8  (cost=5.50..416.94 rows=104 width=125)
	  Recheck Cond: ((k >= 7701689) AND (k <= 7701789))
	  ->  Bitmap Index Scan on k_8  (cost=0.00..5.47 rows=104 width=0)
	        Index Cond: ((k >= 7701689) AND (k <= 7701789))

for range-notcovered
table 1 : explain SELECT k, c FROM sbtest1 WHERE k BETWEEN 4873949 AND 4874049
	Bitmap Heap Scan on sbtest1  (cost=5.41..381.49 rows=95 width=125)
	  Recheck Cond: ((k >= 4873949) AND (k <= 4874049))
	  ->  Bitmap Index Scan on k_1  (cost=0.00..5.38 rows=95 width=0)
	        Index Cond: ((k >= 4873949) AND (k <= 4874049))

table 2 : explain SELECT k, c FROM sbtest2 WHERE k BETWEEN 4873949 AND 4874049
	Bitmap Heap Scan on sbtest2  (cost=5.40..377.55 rows=94 width=125)
	  Recheck Cond: ((k >= 4873949) AND (k <= 4874049))
	  ->  Bitmap Index Scan on k_2  (cost=0.00..5.38 rows=94 width=0)
	        Index Cond: ((k >= 4873949) AND (k <= 4874049))

table 3 : explain SELECT k, c FROM sbtest3 WHERE k BETWEEN 4873949 AND 4874049
	Bitmap Heap Scan on sbtest3  (cost=5.50..416.94 rows=104 width=125)
	  Recheck Cond: ((k >= 4873949) AND (k <= 4874049))
	  ->  Bitmap Index Scan on k_3  (cost=0.00..5.47 rows=104 width=0)
	        Index Cond: ((k >= 4873949) AND (k <= 4874049))

table 4 : explain SELECT k, c FROM sbtest4 WHERE k BETWEEN 4873949 AND 4874049
	Bitmap Heap Scan on sbtest4  (cost=5.43..389.37 rows=97 width=125)
	  Recheck Cond: ((k >= 4873949) AND (k <= 4874049))
	  ->  Bitmap Index Scan on k_4  (cost=0.00..5.40 rows=97 width=0)
	        Index Cond: ((k >= 4873949) AND (k <= 4874049))

table 5 : explain SELECT k, c FROM sbtest5 WHERE k BETWEEN 4873949 AND 4874049
	Bitmap Heap Scan on sbtest5  (cost=5.52..424.81 rows=106 width=125)
	  Recheck Cond: ((k >= 4873949) AND (k <= 4874049))
	  ->  Bitmap Index Scan on k_5  (cost=0.00..5.50 rows=106 width=0)
	        Index Cond: ((k >= 4873949) AND (k <= 4874049))

table 6 : explain SELECT k, c FROM sbtest6 WHERE k BETWEEN 4873949 AND 4874049
	Bitmap Heap Scan on sbtest6  (cost=5.40..377.55 rows=94 width=125)
	  Recheck Cond: ((k >= 4873949) AND (k <= 4874049))
	  ->  Bitmap Index Scan on k_6  (cost=0.00..5.38 rows=94 width=0)
	        Index Cond: ((k >= 4873949) AND (k <= 4874049))

table 7 : explain SELECT k, c FROM sbtest7 WHERE k BETWEEN 4873949 AND 4874049
	Bitmap Heap Scan on sbtest7  (cost=5.43..389.37 rows=97 width=125)
	  Recheck Cond: ((k >= 4873949) AND (k <= 4874049))
	  ->  Bitmap Index Scan on k_7  (cost=0.00..5.40 rows=97 width=0)
	        Index Cond: ((k >= 4873949) AND (k <= 4874049))

table 8 : explain SELECT k, c FROM sbtest8 WHERE k BETWEEN 4873949 AND 4874049
	Bitmap Heap Scan on sbtest8  (cost=5.53..428.75 rows=107 width=125)
	  Recheck Cond: ((k >= 4873949) AND (k <= 4874049))
	  ->  Bitmap Index Scan on k_8  (cost=0.00..5.50 rows=107 width=0)
	        Index Cond: ((k >= 4873949) AND (k <= 4874049))

for range-notcovered
table 1 : explain SELECT k, c FROM sbtest1 WHERE k BETWEEN 628991 AND 629091
	Bitmap Heap Scan on sbtest1  (cost=5.55..436.62 rows=109 width=125)
	  Recheck Cond: ((k >= 628991) AND (k <= 629091))
	  ->  Bitmap Index Scan on k_1  (cost=0.00..5.52 rows=109 width=0)
	        Index Cond: ((k >= 628991) AND (k <= 629091))

table 2 : explain SELECT k, c FROM sbtest2 WHERE k BETWEEN 628991 AND 629091
	Bitmap Heap Scan on sbtest2  (cost=5.50..416.94 rows=104 width=125)
	  Recheck Cond: ((k >= 628991) AND (k <= 629091))
	  ->  Bitmap Index Scan on k_2  (cost=0.00..5.47 rows=104 width=0)
	        Index Cond: ((k >= 628991) AND (k <= 629091))

table 3 : explain SELECT k, c FROM sbtest3 WHERE k BETWEEN 628991 AND 629091
	Bitmap Heap Scan on sbtest3  (cost=5.41..381.49 rows=95 width=125)
	  Recheck Cond: ((k >= 628991) AND (k <= 629091))
	  ->  Bitmap Index Scan on k_3  (cost=0.00..5.38 rows=95 width=0)
	        Index Cond: ((k >= 628991) AND (k <= 629091))

table 4 : explain SELECT k, c FROM sbtest4 WHERE k BETWEEN 628991 AND 629091
	Bitmap Heap Scan on sbtest4  (cost=5.54..432.69 rows=108 width=125)
	  Recheck Cond: ((k >= 628991) AND (k <= 629091))
	  ->  Bitmap Index Scan on k_4  (cost=0.00..5.51 rows=108 width=0)
	        Index Cond: ((k >= 628991) AND (k <= 629091))

table 5 : explain SELECT k, c FROM sbtest5 WHERE k BETWEEN 628991 AND 629091
	Bitmap Heap Scan on sbtest5  (cost=5.51..420.88 rows=105 width=125)
	  Recheck Cond: ((k >= 628991) AND (k <= 629091))
	  ->  Bitmap Index Scan on k_5  (cost=0.00..5.48 rows=105 width=0)
	        Index Cond: ((k >= 628991) AND (k <= 629091))

table 6 : explain SELECT k, c FROM sbtest6 WHERE k BETWEEN 628991 AND 629091
	Bitmap Heap Scan on sbtest6  (cost=5.49..413.00 rows=103 width=125)
	  Recheck Cond: ((k >= 628991) AND (k <= 629091))
	  ->  Bitmap Index Scan on k_6  (cost=0.00..5.46 rows=103 width=0)
	        Index Cond: ((k >= 628991) AND (k <= 629091))

table 7 : explain SELECT k, c FROM sbtest7 WHERE k BETWEEN 628991 AND 629091
	Bitmap Heap Scan on sbtest7  (cost=5.56..440.56 rows=110 width=125)
	  Recheck Cond: ((k >= 628991) AND (k <= 629091))
	  ->  Bitmap Index Scan on k_7  (cost=0.00..5.53 rows=110 width=0)
	        Index Cond: ((k >= 628991) AND (k <= 629091))

table 8 : explain SELECT k, c FROM sbtest8 WHERE k BETWEEN 628991 AND 629091
	Bitmap Heap Scan on sbtest8  (cost=5.54..432.69 rows=108 width=125)
	  Recheck Cond: ((k >= 628991) AND (k <= 629091))
	  ->  Bitmap Index Scan on k_8  (cost=0.00..5.51 rows=108 width=0)
	        Index Cond: ((k >= 628991) AND (k <= 629091))

explain: for range-notcovered :: explain SELECT k, c FROM sbtest%d WHERE k BETWEEN 628991 AND 629091
for range-notcovered
table 1 : explain SELECT k, c FROM sbtest1 WHERE k BETWEEN 4801162 AND 4801262
	Bitmap Heap Scan on sbtest1  (cost=5.41..381.49 rows=95 width=125)
	  Recheck Cond: ((k >= 4801162) AND (k <= 4801262))
	  ->  Bitmap Index Scan on k_1  (cost=0.00..5.38 rows=95 width=0)
	        Index Cond: ((k >= 4801162) AND (k <= 4801262))

table 2 : explain SELECT k, c FROM sbtest2 WHERE k BETWEEN 4801162 AND 4801262
	Bitmap Heap Scan on sbtest2  (cost=5.44..393.31 rows=98 width=125)
	  Recheck Cond: ((k >= 4801162) AND (k <= 4801262))
	  ->  Bitmap Index Scan on k_2  (cost=0.00..5.42 rows=98 width=0)
	        Index Cond: ((k >= 4801162) AND (k <= 4801262))

table 3 : explain SELECT k, c FROM sbtest3 WHERE k BETWEEN 4801162 AND 4801262
	Bitmap Heap Scan on sbtest3  (cost=5.50..416.94 rows=104 width=125)
	  Recheck Cond: ((k >= 4801162) AND (k <= 4801262))
	  ->  Bitmap Index Scan on k_3  (cost=0.00..5.47 rows=104 width=0)
	        Index Cond: ((k >= 4801162) AND (k <= 4801262))

table 4 : explain SELECT k, c FROM sbtest4 WHERE k BETWEEN 4801162 AND 4801262
	Bitmap Heap Scan on sbtest4  (cost=5.43..389.37 rows=97 width=125)
	  Recheck Cond: ((k >= 4801162) AND (k <= 4801262))
	  ->  Bitmap Index Scan on k_4  (cost=0.00..5.40 rows=97 width=0)
	        Index Cond: ((k >= 4801162) AND (k <= 4801262))

table 5 : explain SELECT k, c FROM sbtest5 WHERE k BETWEEN 4801162 AND 4801262
	Bitmap Heap Scan on sbtest5  (cost=5.52..424.81 rows=106 width=125)
	  Recheck Cond: ((k >= 4801162) AND (k <= 4801262))
	  ->  Bitmap Index Scan on k_5  (cost=0.00..5.50 rows=106 width=0)
	        Index Cond: ((k >= 4801162) AND (k <= 4801262))

table 6 : explain SELECT k, c FROM sbtest6 WHERE k BETWEEN 4801162 AND 4801262
	Bitmap Heap Scan on sbtest6  (cost=5.46..401.19 rows=100 width=125)
	  Recheck Cond: ((k >= 4801162) AND (k <= 4801262))
	  ->  Bitmap Index Scan on k_6  (cost=0.00..5.43 rows=100 width=0)
	        Index Cond: ((k >= 4801162) AND (k <= 4801262))

table 7 : explain SELECT k, c FROM sbtest7 WHERE k BETWEEN 4801162 AND 4801262
	Bitmap Heap Scan on sbtest7  (cost=5.43..389.37 rows=97 width=125)
	  Recheck Cond: ((k >= 4801162) AND (k <= 4801262))
	  ->  Bitmap Index Scan on k_7  (cost=0.00..5.40 rows=97 width=0)
	        Index Cond: ((k >= 4801162) AND (k <= 4801262))

table 8 : explain SELECT k, c FROM sbtest8 WHERE k BETWEEN 4801162 AND 4801262
	Bitmap Heap Scan on sbtest8  (cost=5.53..428.75 rows=107 width=125)
	  Recheck Cond: ((k >= 4801162) AND (k <= 4801262))
	  ->  Bitmap Index Scan on k_8  (cost=0.00..5.50 rows=107 width=0)
	        Index Cond: ((k >= 4801162) AND (k <= 4801262))

explain: for range-notcovered :: explain SELECT k, c FROM sbtest%d WHERE k BETWEEN 4801162 AND 4801262
explain: for range-notcovered :: explain SELECT k, c FROM sbtest%d WHERE k BETWEEN 9241951 AND 9242051
for range-notcovered
table 1 : explain SELECT k, c FROM sbtest1 WHERE k BETWEEN 4801162 AND 4801262
	Bitmap Heap Scan on sbtest1  (cost=5.41..381.49 rows=95 width=125)
	  Recheck Cond: ((k >= 4801162) AND (k <= 4801262))
	  ->  Bitmap Index Scan on k_1  (cost=0.00..5.38 rows=95 width=0)
	        Index Cond: ((k >= 4801162) AND (k <= 4801262))

table 2 : explain SELECT k, c FROM sbtest2 WHERE k BETWEEN 4801162 AND 4801262
	Bitmap Heap Scan on sbtest2  (cost=5.44..393.31 rows=98 width=125)
	  Recheck Cond: ((k >= 4801162) AND (k <= 4801262))
	  ->  Bitmap Index Scan on k_2  (cost=0.00..5.42 rows=98 width=0)
	        Index Cond: ((k >= 4801162) AND (k <= 4801262))

table 3 : explain SELECT k, c FROM sbtest3 WHERE k BETWEEN 4801162 AND 4801262
	Bitmap Heap Scan on sbtest3  (cost=5.50..416.94 rows=104 width=125)
	  Recheck Cond: ((k >= 4801162) AND (k <= 4801262))
	  ->  Bitmap Index Scan on k_3  (cost=0.00..5.47 rows=104 width=0)
	        Index Cond: ((k >= 4801162) AND (k <= 4801262))

table 4 : explain SELECT k, c FROM sbtest4 WHERE k BETWEEN 4801162 AND 4801262
	Bitmap Heap Scan on sbtest4  (cost=5.43..389.37 rows=97 width=125)
	  Recheck Cond: ((k >= 4801162) AND (k <= 4801262))
	  ->  Bitmap Index Scan on k_4  (cost=0.00..5.40 rows=97 width=0)
	        Index Cond: ((k >= 4801162) AND (k <= 4801262))

table 5 : explain SELECT k, c FROM sbtest5 WHERE k BETWEEN 4801162 AND 4801262
	Bitmap Heap Scan on sbtest5  (cost=5.52..424.81 rows=106 width=125)
	  Recheck Cond: ((k >= 4801162) AND (k <= 4801262))
	  ->  Bitmap Index Scan on k_5  (cost=0.00..5.50 rows=106 width=0)
	        Index Cond: ((k >= 4801162) AND (k <= 4801262))

table 6 : explain SELECT k, c FROM sbtest6 WHERE k BETWEEN 4801162 AND 4801262
	Bitmap Heap Scan on sbtest6  (cost=5.46..401.19 rows=100 width=125)
	  Recheck Cond: ((k >= 4801162) AND (k <= 4801262))
	  ->  Bitmap Index Scan on k_6  (cost=0.00..5.43 rows=100 width=0)
	        Index Cond: ((k >= 4801162) AND (k <= 4801262))

table 7 : explain SELECT k, c FROM sbtest7 WHERE k BETWEEN 4801162 AND 4801262
	Bitmap Heap Scan on sbtest7  (cost=5.43..389.37 rows=97 width=125)
	  Recheck Cond: ((k >= 4801162) AND (k <= 4801262))
	  ->  Bitmap Index Scan on k_7  (cost=0.00..5.40 rows=97 width=0)
	        Index Cond: ((k >= 4801162) AND (k <= 4801262))

table 8 : explain SELECT k, c FROM sbtest8 WHERE k BETWEEN 4801162 AND 4801262
	Bitmap Heap Scan on sbtest8  (cost=5.53..428.75 rows=107 width=125)
	  Recheck Cond: ((k >= 4801162) AND (k <= 4801262))
	  ->  Bitmap Index Scan on k_8  (cost=0.00..5.50 rows=107 width=0)
	        Index Cond: ((k >= 4801162) AND (k <= 4801262))

explain: for range-notcovered :: explain SELECT k, c FROM sbtest%d WHERE k BETWEEN 4873949 AND 4874049
explain: for range-notcovered :: explain SELECT k, c FROM sbtest%d WHERE k BETWEEN 4801162 AND 4801262
for range-notcovered
table 1 : explain SELECT k, c FROM sbtest1 WHERE k BETWEEN 7164037 AND 7164137
	Bitmap Heap Scan on sbtest1  (cost=5.46..401.19 rows=100 width=125)
	  Recheck Cond: ((k >= 7164037) AND (k <= 7164137))
	  ->  Bitmap Index Scan on k_1  (cost=0.00..5.43 rows=100 width=0)
	        Index Cond: ((k >= 7164037) AND (k <= 7164137))

table 2 : explain SELECT k, c FROM sbtest2 WHERE k BETWEEN 7164037 AND 7164137
	Bitmap Heap Scan on sbtest2  (cost=5.54..432.69 rows=108 width=125)
	  Recheck Cond: ((k >= 7164037) AND (k <= 7164137))
	  ->  Bitmap Index Scan on k_2  (cost=0.00..5.51 rows=108 width=0)
	        Index Cond: ((k >= 7164037) AND (k <= 7164137))

table 3 : explain SELECT k, c FROM sbtest3 WHERE k BETWEEN 7164037 AND 7164137
	Bitmap Heap Scan on sbtest3  (cost=5.48..409.07 rows=102 width=125)
	  Recheck Cond: ((k >= 7164037) AND (k <= 7164137))
	  ->  Bitmap Index Scan on k_3  (cost=0.00..5.45 rows=102 width=0)
	        Index Cond: ((k >= 7164037) AND (k <= 7164137))

table 4 : explain SELECT k, c FROM sbtest4 WHERE k BETWEEN 7164037 AND 7164137
	Bitmap Heap Scan on sbtest4  (cost=5.50..416.94 rows=104 width=125)
	  Recheck Cond: ((k >= 7164037) AND (k <= 7164137))
	  ->  Bitmap Index Scan on k_4  (cost=0.00..5.47 rows=104 width=0)
	        Index Cond: ((k >= 7164037) AND (k <= 7164137))

table 5 : explain SELECT k, c FROM sbtest5 WHERE k BETWEEN 7164037 AND 7164137
	Bitmap Heap Scan on sbtest5  (cost=5.51..420.88 rows=105 width=125)
	  Recheck Cond: ((k >= 7164037) AND (k <= 7164137))
	  ->  Bitmap Index Scan on k_5  (cost=0.00..5.48 rows=105 width=0)
	        Index Cond: ((k >= 7164037) AND (k <= 7164137))

table 6 : explain SELECT k, c FROM sbtest6 WHERE k BETWEEN 7164037 AND 7164137
	Bitmap Heap Scan on sbtest6  (cost=5.45..397.25 rows=99 width=125)
	  Recheck Cond: ((k >= 7164037) AND (k <= 7164137))
	  ->  Bitmap Index Scan on k_6  (cost=0.00..5.42 rows=99 width=0)
	        Index Cond: ((k >= 7164037) AND (k <= 7164137))

table 7 : explain SELECT k, c FROM sbtest7 WHERE k BETWEEN 7164037 AND 7164137
	Bitmap Heap Scan on sbtest7  (cost=5.51..420.88 rows=105 width=125)
	  Recheck Cond: ((k >= 7164037) AND (k <= 7164137))
	  ->  Bitmap Index Scan on k_7  (cost=0.00..5.48 rows=105 width=0)
	        Index Cond: ((k >= 7164037) AND (k <= 7164137))

table 8 : explain SELECT k, c FROM sbtest8 WHERE k BETWEEN 7164037 AND 7164137
	Bitmap Heap Scan on sbtest8  (cost=5.47..405.13 rows=101 width=125)
	  Recheck Cond: ((k >= 7164037) AND (k <= 7164137))
	  ->  Bitmap Index Scan on k_8  (cost=0.00..5.44 rows=101 width=0)
	        Index Cond: ((k >= 7164037) AND (k <= 7164137))

explain: for range-notcovered :: explain SELECT k, c FROM sbtest%d WHERE k BETWEEN 7164037 AND 7164137
for range-notcovered
table 1 : explain SELECT k, c FROM sbtest1 WHERE k BETWEEN 628991 AND 629091
	Bitmap Heap Scan on sbtest1  (cost=5.55..436.62 rows=109 width=125)
	  Recheck Cond: ((k >= 628991) AND (k <= 629091))
	  ->  Bitmap Index Scan on k_1  (cost=0.00..5.52 rows=109 width=0)
	        Index Cond: ((k >= 628991) AND (k <= 629091))

table 2 : explain SELECT k, c FROM sbtest2 WHERE k BETWEEN 628991 AND 629091
	Bitmap Heap Scan on sbtest2  (cost=5.50..416.94 rows=104 width=125)
	  Recheck Cond: ((k >= 628991) AND (k <= 629091))
	  ->  Bitmap Index Scan on k_2  (cost=0.00..5.47 rows=104 width=0)
	        Index Cond: ((k >= 628991) AND (k <= 629091))

table 3 : explain SELECT k, c FROM sbtest3 WHERE k BETWEEN 628991 AND 629091
	Bitmap Heap Scan on sbtest3  (cost=5.41..381.49 rows=95 width=125)
	  Recheck Cond: ((k >= 628991) AND (k <= 629091))
	  ->  Bitmap Index Scan on k_3  (cost=0.00..5.38 rows=95 width=0)
	        Index Cond: ((k >= 628991) AND (k <= 629091))

table 4 : explain SELECT k, c FROM sbtest4 WHERE k BETWEEN 628991 AND 629091
	Bitmap Heap Scan on sbtest4  (cost=5.54..432.69 rows=108 width=125)
	  Recheck Cond: ((k >= 628991) AND (k <= 629091))
	  ->  Bitmap Index Scan on k_4  (cost=0.00..5.51 rows=108 width=0)
	        Index Cond: ((k >= 628991) AND (k <= 629091))

table 5 : explain SELECT k, c FROM sbtest5 WHERE k BETWEEN 628991 AND 629091
	Bitmap Heap Scan on sbtest5  (cost=5.51..420.88 rows=105 width=125)
	  Recheck Cond: ((k >= 628991) AND (k <= 629091))
	  ->  Bitmap Index Scan on k_5  (cost=0.00..5.48 rows=105 width=0)
	        Index Cond: ((k >= 628991) AND (k <= 629091))

table 6 : explain SELECT k, c FROM sbtest6 WHERE k BETWEEN 628991 AND 629091
	Bitmap Heap Scan on sbtest6  (cost=5.49..413.00 rows=103 width=125)
	  Recheck Cond: ((k >= 628991) AND (k <= 629091))
	  ->  Bitmap Index Scan on k_6  (cost=0.00..5.46 rows=103 width=0)
	        Index Cond: ((k >= 628991) AND (k <= 629091))

table 7 : explain SELECT k, c FROM sbtest7 WHERE k BETWEEN 628991 AND 629091
	Bitmap Heap Scan on sbtest7  (cost=5.56..440.56 rows=110 width=125)
	  Recheck Cond: ((k >= 628991) AND (k <= 629091))
	  ->  Bitmap Index Scan on k_7  (cost=0.00..5.53 rows=110 width=0)
	        Index Cond: ((k >= 628991) AND (k <= 629091))

table 8 : explain SELECT k, c FROM sbtest8 WHERE k BETWEEN 628991 AND 629091
	Bitmap Heap Scan on sbtest8  (cost=5.54..432.69 rows=108 width=125)
	  Recheck Cond: ((k >= 628991) AND (k <= 629091))
	  ->  Bitmap Index Scan on k_8  (cost=0.00..5.51 rows=108 width=0)
	        Index Cond: ((k >= 628991) AND (k <= 629091))

explain: for range-notcovered :: explain SELECT k, c FROM sbtest%d WHERE k BETWEEN 1474795 AND 1474895
explain: for range-notcovered :: explain SELECT k, c FROM sbtest%d WHERE k BETWEEN 628991 AND 629091
explain: for range-notcovered :: explain SELECT k, c FROM sbtest%d WHERE k BETWEEN 1501718 AND 1501818
for range-notcovered
table 1 : explain SELECT k, c FROM sbtest1 WHERE k BETWEEN 9241951 AND 9242051
	Bitmap Heap Scan on sbtest1  (cost=5.63..468.09 rows=117 width=125)
	  Recheck Cond: ((k >= 9241951) AND (k <= 9242051))
	  ->  Bitmap Index Scan on k_1  (cost=0.00..5.60 rows=117 width=0)
	        Index Cond: ((k >= 9241951) AND (k <= 9242051))

table 2 : explain SELECT k, c FROM sbtest2 WHERE k BETWEEN 9241951 AND 9242051
	Bitmap Heap Scan on sbtest2  (cost=5.50..416.94 rows=104 width=125)
	  Recheck Cond: ((k >= 9241951) AND (k <= 9242051))
	  ->  Bitmap Index Scan on k_2  (cost=0.00..5.47 rows=104 width=0)
	        Index Cond: ((k >= 9241951) AND (k <= 9242051))

table 3 : explain SELECT k, c FROM sbtest3 WHERE k BETWEEN 9241951 AND 9242051
	Bitmap Heap Scan on sbtest3  (cost=5.41..381.49 rows=95 width=125)
	  Recheck Cond: ((k >= 9241951) AND (k <= 9242051))
	  ->  Bitmap Index Scan on k_3  (cost=0.00..5.38 rows=95 width=0)
	        Index Cond: ((k >= 9241951) AND (k <= 9242051))

table 4 : explain SELECT k, c FROM sbtest4 WHERE k BETWEEN 9241951 AND 9242051
	Bitmap Heap Scan on sbtest4  (cost=5.52..424.81 rows=106 width=125)
	  Recheck Cond: ((k >= 9241951) AND (k <= 9242051))
	  ->  Bitmap Index Scan on k_4  (cost=0.00..5.50 rows=106 width=0)
	        Index Cond: ((k >= 9241951) AND (k <= 9242051))

table 5 : explain SELECT k, c FROM sbtest5 WHERE k BETWEEN 9241951 AND 9242051
	Bitmap Heap Scan on sbtest5  (cost=5.54..432.69 rows=108 width=125)
	  Recheck Cond: ((k >= 9241951) AND (k <= 9242051))
	  ->  Bitmap Index Scan on k_5  (cost=0.00..5.51 rows=108 width=0)
	        Index Cond: ((k >= 9241951) AND (k <= 9242051))

table 6 : explain SELECT k, c FROM sbtest6 WHERE k BETWEEN 9241951 AND 9242051
	Bitmap Heap Scan on sbtest6  (cost=5.52..424.81 rows=106 width=125)
	  Recheck Cond: ((k >= 9241951) AND (k <= 9242051))
	  ->  Bitmap Index Scan on k_6  (cost=0.00..5.50 rows=106 width=0)
	        Index Cond: ((k >= 9241951) AND (k <= 9242051))

table 7 : explain SELECT k, c FROM sbtest7 WHERE k BETWEEN 9241951 AND 9242051
	Bitmap Heap Scan on sbtest7  (cost=5.53..428.75 rows=107 width=125)
	  Recheck Cond: ((k >= 9241951) AND (k <= 9242051))
	  ->  Bitmap Index Scan on k_7  (cost=0.00..5.50 rows=107 width=0)
	        Index Cond: ((k >= 9241951) AND (k <= 9242051))

table 8 : explain SELECT k, c FROM sbtest8 WHERE k BETWEEN 9241951 AND 9242051
	Bitmap Heap Scan on sbtest8  (cost=5.43..389.37 rows=97 width=125)
	  Recheck Cond: ((k >= 9241951) AND (k <= 9242051))
	  ->  Bitmap Index Scan on k_8  (cost=0.00..5.40 rows=97 width=0)
	        Index Cond: ((k >= 9241951) AND (k <= 9242051))

explain: for range-notcovered :: explain SELECT k, c FROM sbtest%d WHERE k BETWEEN 9241951 AND 9242051
for range-notcovered
table 1 : explain SELECT k, c FROM sbtest1 WHERE k BETWEEN 5737776 AND 5737876
	Bitmap Heap Scan on sbtest1  (cost=5.52..424.81 rows=106 width=125)
	  Recheck Cond: ((k >= 5737776) AND (k <= 5737876))
	  ->  Bitmap Index Scan on k_1  (cost=0.00..5.50 rows=106 width=0)
	        Index Cond: ((k >= 5737776) AND (k <= 5737876))

table 2 : explain SELECT k, c FROM sbtest2 WHERE k BETWEEN 5737776 AND 5737876
	Bitmap Heap Scan on sbtest2  (cost=5.45..397.25 rows=99 width=125)
	  Recheck Cond: ((k >= 5737776) AND (k <= 5737876))
	  ->  Bitmap Index Scan on k_2  (cost=0.00..5.42 rows=99 width=0)
	        Index Cond: ((k >= 5737776) AND (k <= 5737876))

table 3 : explain SELECT k, c FROM sbtest3 WHERE k BETWEEN 5737776 AND 5737876
	Bitmap Heap Scan on sbtest3  (cost=5.44..393.31 rows=98 width=125)
	  Recheck Cond: ((k >= 5737776) AND (k <= 5737876))
	  ->  Bitmap Index Scan on k_3  (cost=0.00..5.42 rows=98 width=0)
	        Index Cond: ((k >= 5737776) AND (k <= 5737876))

table 4 : explain SELECT k, c FROM sbtest4 WHERE k BETWEEN 5737776 AND 5737876
	Bitmap Heap Scan on sbtest4  (cost=5.47..405.13 rows=101 width=125)
	  Recheck Cond: ((k >= 5737776) AND (k <= 5737876))
	  ->  Bitmap Index Scan on k_4  (cost=0.00..5.44 rows=101 width=0)
	        Index Cond: ((k >= 5737776) AND (k <= 5737876))

table 5 : explain SELECT k, c FROM sbtest5 WHERE k BETWEEN 5737776 AND 5737876
	Bitmap Heap Scan on sbtest5  (cost=5.49..413.00 rows=103 width=125)
	  Recheck Cond: ((k >= 5737776) AND (k <= 5737876))
	  ->  Bitmap Index Scan on k_5  (cost=0.00..5.46 rows=103 width=0)
	        Index Cond: ((k >= 5737776) AND (k <= 5737876))

table 6 : explain SELECT k, c FROM sbtest6 WHERE k BETWEEN 5737776 AND 5737876
	Bitmap Heap Scan on sbtest6  (cost=5.56..440.56 rows=110 width=125)
	  Recheck Cond: ((k >= 5737776) AND (k <= 5737876))
	  ->  Bitmap Index Scan on k_6  (cost=0.00..5.53 rows=110 width=0)
	        Index Cond: ((k >= 5737776) AND (k <= 5737876))

table 7 : explain SELECT k, c FROM sbtest7 WHERE k BETWEEN 5737776 AND 5737876
	Bitmap Heap Scan on sbtest7  (cost=5.42..385.43 rows=96 width=125)
	  Recheck Cond: ((k >= 5737776) AND (k <= 5737876))
	  ->  Bitmap Index Scan on k_7  (cost=0.00..5.39 rows=96 width=0)
	        Index Cond: ((k >= 5737776) AND (k <= 5737876))

table 8 : explain SELECT k, c FROM sbtest8 WHERE k BETWEEN 5737776 AND 5737876
	Bitmap Heap Scan on sbtest8  (cost=5.52..424.81 rows=106 width=125)
	  Recheck Cond: ((k >= 5737776) AND (k <= 5737876))
	  ->  Bitmap Index Scan on k_8  (cost=0.00..5.50 rows=106 width=0)
	        Index Cond: ((k >= 5737776) AND (k <= 5737876))

for range-notcovered
table 1 : explain SELECT k, c FROM sbtest1 WHERE k BETWEEN 4627628 AND 4627728
	Bitmap Heap Scan on sbtest1  (cost=5.56..440.56 rows=110 width=125)
	  Recheck Cond: ((k >= 4627628) AND (k <= 4627728))
	  ->  Bitmap Index Scan on k_1  (cost=0.00..5.53 rows=110 width=0)
	        Index Cond: ((k >= 4627628) AND (k <= 4627728))

table 2 : explain SELECT k, c FROM sbtest2 WHERE k BETWEEN 4627628 AND 4627728
	Bitmap Heap Scan on sbtest2  (cost=5.44..393.31 rows=98 width=125)
	  Recheck Cond: ((k >= 4627628) AND (k <= 4627728))
	  ->  Bitmap Index Scan on k_2  (cost=0.00..5.42 rows=98 width=0)
	        Index Cond: ((k >= 4627628) AND (k <= 4627728))

table 3 : explain SELECT k, c FROM sbtest3 WHERE k BETWEEN 4627628 AND 4627728
	Bitmap Heap Scan on sbtest3  (cost=5.56..440.56 rows=110 width=125)
	  Recheck Cond: ((k >= 4627628) AND (k <= 4627728))
	  ->  Bitmap Index Scan on k_3  (cost=0.00..5.53 rows=110 width=0)
	        Index Cond: ((k >= 4627628) AND (k <= 4627728))

table 4 : explain SELECT k, c FROM sbtest4 WHERE k BETWEEN 4627628 AND 4627728
	Bitmap Heap Scan on sbtest4  (cost=5.51..420.88 rows=105 width=125)
	  Recheck Cond: ((k >= 4627628) AND (k <= 4627728))
	  ->  Bitmap Index Scan on k_4  (cost=0.00..5.48 rows=105 width=0)
	        Index Cond: ((k >= 4627628) AND (k <= 4627728))

table 5 : explain SELECT k, c FROM sbtest5 WHERE k BETWEEN 4627628 AND 4627728
	Bitmap Heap Scan on sbtest5  (cost=5.48..409.07 rows=102 width=125)
	  Recheck Cond: ((k >= 4627628) AND (k <= 4627728))
	  ->  Bitmap Index Scan on k_5  (cost=0.00..5.45 rows=102 width=0)
	        Index Cond: ((k >= 4627628) AND (k <= 4627728))

table 6 : explain SELECT k, c FROM sbtest6 WHERE k BETWEEN 4627628 AND 4627728
	Bitmap Heap Scan on sbtest6  (cost=5.39..373.61 rows=93 width=125)
	  Recheck Cond: ((k >= 4627628) AND (k <= 4627728))
	  ->  Bitmap Index Scan on k_6  (cost=0.00..5.36 rows=93 width=0)
	        Index Cond: ((k >= 4627628) AND (k <= 4627728))

table 7 : explain SELECT k, c FROM sbtest7 WHERE k BETWEEN 4627628 AND 4627728
	Bitmap Heap Scan on sbtest7  (cost=5.58..448.42 rows=112 width=125)
	  Recheck Cond: ((k >= 4627628) AND (k <= 4627728))
	  ->  Bitmap Index Scan on k_7  (cost=0.00..5.55 rows=112 width=0)
	        Index Cond: ((k >= 4627628) AND (k <= 4627728))

table 8 : explain SELECT k, c FROM sbtest8 WHERE k BETWEEN 4627628 AND 4627728
	Bitmap Heap Scan on sbtest8  (cost=5.45..397.25 rows=99 width=125)
	  Recheck Cond: ((k >= 4627628) AND (k <= 4627728))
	  ->  Bitmap Index Scan on k_8  (cost=0.00..5.42 rows=99 width=0)
	        Index Cond: ((k >= 4627628) AND (k <= 4627728))

explain: for range-notcovered :: explain SELECT k, c FROM sbtest%d WHERE k BETWEEN 5737776 AND 5737876
for range-notcovered
table 1 : explain SELECT k, c FROM sbtest1 WHERE k BETWEEN 7164037 AND 7164137
	Bitmap Heap Scan on sbtest1  (cost=5.46..401.19 rows=100 width=125)
	  Recheck Cond: ((k >= 7164037) AND (k <= 7164137))
	  ->  Bitmap Index Scan on k_1  (cost=0.00..5.43 rows=100 width=0)
	        Index Cond: ((k >= 7164037) AND (k <= 7164137))

table 2 : explain SELECT k, c FROM sbtest2 WHERE k BETWEEN 7164037 AND 7164137
	Bitmap Heap Scan on sbtest2  (cost=5.54..432.69 rows=108 width=125)
	  Recheck Cond: ((k >= 7164037) AND (k <= 7164137))
	  ->  Bitmap Index Scan on k_2  (cost=0.00..5.51 rows=108 width=0)
	        Index Cond: ((k >= 7164037) AND (k <= 7164137))

table 3 : explain SELECT k, c FROM sbtest3 WHERE k BETWEEN 7164037 AND 7164137
	Bitmap Heap Scan on sbtest3  (cost=5.48..409.07 rows=102 width=125)
	  Recheck Cond: ((k >= 7164037) AND (k <= 7164137))
	  ->  Bitmap Index Scan on k_3  (cost=0.00..5.45 rows=102 width=0)
	        Index Cond: ((k >= 7164037) AND (k <= 7164137))

table 4 : explain SELECT k, c FROM sbtest4 WHERE k BETWEEN 7164037 AND 7164137
	Bitmap Heap Scan on sbtest4  (cost=5.50..416.94 rows=104 width=125)
	  Recheck Cond: ((k >= 7164037) AND (k <= 7164137))
	  ->  Bitmap Index Scan on k_4  (cost=0.00..5.47 rows=104 width=0)
	        Index Cond: ((k >= 7164037) AND (k <= 7164137))

table 5 : explain SELECT k, c FROM sbtest5 WHERE k BETWEEN 7164037 AND 7164137
	Bitmap Heap Scan on sbtest5  (cost=5.51..420.88 rows=105 width=125)
	  Recheck Cond: ((k >= 7164037) AND (k <= 7164137))
	  ->  Bitmap Index Scan on k_5  (cost=0.00..5.48 rows=105 width=0)
	        Index Cond: ((k >= 7164037) AND (k <= 7164137))

table 6 : explain SELECT k, c FROM sbtest6 WHERE k BETWEEN 7164037 AND 7164137
	Bitmap Heap Scan on sbtest6  (cost=5.45..397.25 rows=99 width=125)
	  Recheck Cond: ((k >= 7164037) AND (k <= 7164137))
	  ->  Bitmap Index Scan on k_6  (cost=0.00..5.42 rows=99 width=0)
	        Index Cond: ((k >= 7164037) AND (k <= 7164137))

table 7 : explain SELECT k, c FROM sbtest7 WHERE k BETWEEN 7164037 AND 7164137
	Bitmap Heap Scan on sbtest7  (cost=5.51..420.88 rows=105 width=125)
	  Recheck Cond: ((k >= 7164037) AND (k <= 7164137))
	  ->  Bitmap Index Scan on k_7  (cost=0.00..5.48 rows=105 width=0)
	        Index Cond: ((k >= 7164037) AND (k <= 7164137))

table 8 : explain SELECT k, c FROM sbtest8 WHERE k BETWEEN 7164037 AND 7164137
	Bitmap Heap Scan on sbtest8  (cost=5.47..405.13 rows=101 width=125)
	  Recheck Cond: ((k >= 7164037) AND (k <= 7164137))
	  ->  Bitmap Index Scan on k_8  (cost=0.00..5.44 rows=101 width=0)
	        Index Cond: ((k >= 7164037) AND (k <= 7164137))

explain: for range-notcovered :: explain SELECT k, c FROM sbtest%d WHERE k BETWEEN 7164037 AND 7164137for range-notcovered
table 1 : explain SELECT k, c FROM sbtest1 WHERE k BETWEEN 4873949 AND 4874049
	Bitmap Heap Scan on sbtest1  (cost=5.41..381.49 rows=95 width=125)
	  Recheck Cond: ((k >= 4873949) AND (k <= 4874049))
	  ->  Bitmap Index Scan on k_1  (cost=0.00..5.38 rows=95 width=0)
	        Index Cond: ((k >= 4873949) AND (k <= 4874049))

table 2 : explain SELECT k, c FROM sbtest2 WHERE k BETWEEN 4873949 AND 4874049
	Bitmap Heap Scan on sbtest2  (cost=5.40..377.55 rows=94 width=125)
	  Recheck Cond: ((k >= 4873949) AND (k <= 4874049))
	  ->  Bitmap Index Scan on k_2  (cost=0.00..5.38 rows=94 width=0)
	        Index Cond: ((k >= 4873949) AND (k <= 4874049))

table 3 : explain SELECT k, c FROM sbtest3 WHERE k BETWEEN 4873949 AND 4874049
	Bitmap Heap Scan on sbtest3  (cost=5.50..416.94 rows=104 width=125)
	  Recheck Cond: ((k >= 4873949) AND (k <= 4874049))
	  ->  Bitmap Index Scan on k_3  (cost=0.00..5.47 rows=104 width=0)
	        Index Cond: ((k >= 4873949) AND (k <= 4874049))

table 4 : explain SELECT k, c FROM sbtest4 WHERE k BETWEEN 4873949 AND 4874049
	Bitmap Heap Scan on sbtest4  (cost=5.43..389.37 rows=97 width=125)
	  Recheck Cond: ((k >= 4873949) AND (k <= 4874049))
	  ->  Bitmap Index Scan on k_4  (cost=0.00..5.40 rows=97 width=0)
	        Index Cond: ((k >= 4873949) AND (k <= 4874049))

table 5 : explain SELECT k, c FROM sbtest5 WHERE k BETWEEN 4873949 AND 4874049
	Bitmap Heap Scan on sbtest5  (cost=5.52..424.81 rows=106 width=125)
	  Recheck Cond: ((k >= 4873949) AND (k <= 4874049))
	  ->  Bitmap Index Scan on k_5  (cost=0.00..5.50 rows=106 width=0)
	        Index Cond: ((k >= 4873949) AND (k <= 4874049))

table 6 : explain SELECT k, c FROM sbtest6 WHERE k BETWEEN 4873949 AND 4874049
	Bitmap Heap Scan on sbtest6  (cost=5.40..377.55 rows=94 width=125)
	  Recheck Cond: ((k >= 4873949) AND (k <= 4874049))
	  ->  Bitmap Index Scan on k_6  (cost=0.00..5.38 rows=94 width=0)
	        Index Cond: ((k >= 4873949) AND (k <= 4874049))

table 7 : explain SELECT k, c FROM sbtest7 WHERE k BETWEEN 4873949 AND 4874049
	Bitmap Heap Scan on sbtest7  (cost=5.43..389.37 rows=97 width=125)
	  Recheck Cond: ((k >= 4873949) AND (k <= 4874049))
	  ->  Bitmap Index Scan on k_7  (cost=0.00..5.40 rows=97 width=0)
	        Index Cond: ((k >= 4873949) AND (k <= 4874049))

table 8 : explain SELECT k, c FROM sbtest8 WHERE k BETWEEN 4873949 AND 4874049
	Bitmap Heap Scan on sbtest8  (cost=5.53..428.75 rows=107 width=125)
	  Recheck Cond: ((k >= 4873949) AND (k <= 4874049))
	  ->  Bitmap Index Scan on k_8  (cost=0.00..5.50 rows=107 width=0)
	        Index Cond: ((k >= 4873949) AND (k <= 4874049))


for range-notcovered
table 1 : explain SELECT k, c FROM sbtest1 WHERE k BETWEEN 9241951 AND 9242051
	Bitmap Heap Scan on sbtest1  (cost=5.63..468.09 rows=117 width=125)
	  Recheck Cond: ((k >= 9241951) AND (k <= 9242051))
	  ->  Bitmap Index Scan on k_1  (cost=0.00..5.60 rows=117 width=0)
	        Index Cond: ((k >= 9241951) AND (k <= 9242051))

table 2 : explain SELECT k, c FROM sbtest2 WHERE k BETWEEN 9241951 AND 9242051
	Bitmap Heap Scan on sbtest2  (cost=5.50..416.94 rows=104 width=125)
	  Recheck Cond: ((k >= 9241951) AND (k <= 9242051))
	  ->  Bitmap Index Scan on k_2  (cost=0.00..5.47 rows=104 width=0)
	        Index Cond: ((k >= 9241951) AND (k <= 9242051))

table 3 : explain SELECT k, c FROM sbtest3 WHERE k BETWEEN 9241951 AND 9242051
	Bitmap Heap Scan on sbtest3  (cost=5.41..381.49 rows=95 width=125)
	  Recheck Cond: ((k >= 9241951) AND (k <= 9242051))
	  ->  Bitmap Index Scan on k_3  (cost=0.00..5.38 rows=95 width=0)
	        Index Cond: ((k >= 9241951) AND (k <= 9242051))

table 4 : explain SELECT k, c FROM sbtest4 WHERE k BETWEEN 9241951 AND 9242051
	Bitmap Heap Scan on sbtest4  (cost=5.52..424.81 rows=106 width=125)
	  Recheck Cond: ((k >= 9241951) AND (k <= 9242051))
	  ->  Bitmap Index Scan on k_4  (cost=0.00..5.50 rows=106 width=0)
	        Index Cond: ((k >= 9241951) AND (k <= 9242051))

table 5 : explain SELECT k, c FROM sbtest5 WHERE k BETWEEN 9241951 AND 9242051
	Bitmap Heap Scan on sbtest5  (cost=5.54..432.69 rows=108 width=125)
	  Recheck Cond: ((k >= 9241951) AND (k <= 9242051))
	  ->  Bitmap Index Scan on k_5  (cost=0.00..5.51 rows=108 width=0)
	        Index Cond: ((k >= 9241951) AND (k <= 9242051))

table 6 : explain SELECT k, c FROM sbtest6 WHERE k BETWEEN 9241951 AND 9242051
	Bitmap Heap Scan on sbtest6  (cost=5.52..424.81 rows=106 width=125)
	  Recheck Cond: ((k >= 9241951) AND (k <= 9242051))
	  ->  Bitmap Index Scan on k_6  (cost=0.00..5.50 rows=106 width=0)
	        Index Cond: ((k >= 9241951) AND (k <= 9242051))

table 7 : explain SELECT k, c FROM sbtest7 WHERE k BETWEEN 9241951 AND 9242051
	Bitmap Heap Scan on sbtest7  (cost=5.53..428.75 rows=107 width=125)
	  Recheck Cond: ((k >= 9241951) AND (k <= 9242051))
	  ->  Bitmap Index Scan on k_7  (cost=0.00..5.50 rows=107 width=0)
	        Index Cond: ((k >= 9241951) AND (k <= 9242051))

table 8 : explain SELECT k, c FROM sbtest8 WHERE k BETWEEN 9241951 AND 9242051
	Bitmap Heap Scan on sbtest8  (cost=5.43..389.37 rows=97 width=125)
	  Recheck Cond: ((k >= 9241951) AND (k <= 9242051))
	  ->  Bitmap Index Scan on k_8  (cost=0.00..5.40 rows=97 width=0)
	        Index Cond: ((k >= 9241951) AND (k <= 9242051))

for range-notcovered
table 1 : explain SELECT k, c FROM sbtest1 WHERE k BETWEEN 5737776 AND 5737876
	Bitmap Heap Scan on sbtest1  (cost=5.52..424.81 rows=106 width=125)
	  Recheck Cond: ((k >= 5737776) AND (k <= 5737876))
	  ->  Bitmap Index Scan on k_1  (cost=0.00..5.50 rows=106 width=0)
	        Index Cond: ((k >= 5737776) AND (k <= 5737876))

table 2 : explain SELECT k, c FROM sbtest2 WHERE k BETWEEN 5737776 AND 5737876
	Bitmap Heap Scan on sbtest2  (cost=5.45..397.25 rows=99 width=125)
	  Recheck Cond: ((k >= 5737776) AND (k <= 5737876))
	  ->  Bitmap Index Scan on k_2  (cost=0.00..5.42 rows=99 width=0)
	        Index Cond: ((k >= 5737776) AND (k <= 5737876))

table 3 : explain SELECT k, c FROM sbtest3 WHERE k BETWEEN 5737776 AND 5737876
	Bitmap Heap Scan on sbtest3  (cost=5.44..393.31 rows=98 width=125)
	  Recheck Cond: ((k >= 5737776) AND (k <= 5737876))
	  ->  Bitmap Index Scan on k_3  (cost=0.00..5.42 rows=98 width=0)
	        Index Cond: ((k >= 5737776) AND (k <= 5737876))

table 4 : explain SELECT k, c FROM sbtest4 WHERE k BETWEEN 5737776 AND 5737876
	Bitmap Heap Scan on sbtest4  (cost=5.47..405.13 rows=101 width=125)
	  Recheck Cond: ((k >= 5737776) AND (k <= 5737876))
	  ->  Bitmap Index Scan on k_4  (cost=0.00..5.44 rows=101 width=0)
	        Index Cond: ((k >= 5737776) AND (k <= 5737876))

table 5 : explain SELECT k, c FROM sbtest5 WHERE k BETWEEN 5737776 AND 5737876
	Bitmap Heap Scan on sbtest5  (cost=5.49..413.00 rows=103 width=125)
	  Recheck Cond: ((k >= 5737776) AND (k <= 5737876))
	  ->  Bitmap Index Scan on k_5  (cost=0.00..5.46 rows=103 width=0)
	        Index Cond: ((k >= 5737776) AND (k <= 5737876))

table 6 : explain SELECT k, c FROM sbtest6 WHERE k BETWEEN 5737776 AND 5737876
	Bitmap Heap Scan on sbtest6  (cost=5.56..440.56 rows=110 width=125)
	  Recheck Cond: ((k >= 5737776) AND (k <= 5737876))
	  ->  Bitmap Index Scan on k_6  (cost=0.00..5.53 rows=110 width=0)
	        Index Cond: ((k >= 5737776) AND (k <= 5737876))

table 7 : explain SELECT k, c FROM sbtest7 WHERE k BETWEEN 5737776 AND 5737876
	Bitmap Heap Scan on sbtest7  (cost=5.42..385.43 rows=96 width=125)
	  Recheck Cond: ((k >= 5737776) AND (k <= 5737876))
	  ->  Bitmap Index Scan on k_7  (cost=0.00..5.39 rows=96 width=0)
	        Index Cond: ((k >= 5737776) AND (k <= 5737876))

table 8 : explain SELECT k, c FROM sbtest8 WHERE k BETWEEN 5737776 AND 5737876
	Bitmap Heap Scan on sbtest8  (cost=5.52..424.81 rows=106 width=125)
	  Recheck Cond: ((k >= 5737776) AND (k <= 5737876))
	  ->  Bitmap Index Scan on k_8  (cost=0.00..5.50 rows=106 width=0)
	        Index Cond: ((k >= 5737776) AND (k <= 5737876))

explain: for range-notcovered :: explain SELECT k, c FROM sbtest%d WHERE k BETWEEN 5737776 AND 5737876
for range-notcovered
table 1 : explain SELECT k, c FROM sbtest1 WHERE k BETWEEN 4801162 AND 4801262
	Bitmap Heap Scan on sbtest1  (cost=5.41..381.49 rows=95 width=125)
	  Recheck Cond: ((k >= 4801162) AND (k <= 4801262))
	  ->  Bitmap Index Scan on k_1  (cost=0.00..5.38 rows=95 width=0)
	        Index Cond: ((k >= 4801162) AND (k <= 4801262))

table 2 : explain SELECT k, c FROM sbtest2 WHERE k BETWEEN 4801162 AND 4801262
	Bitmap Heap Scan on sbtest2  (cost=5.44..393.31 rows=98 width=125)
	  Recheck Cond: ((k >= 4801162) AND (k <= 4801262))
	  ->  Bitmap Index Scan on k_2  (cost=0.00..5.42 rows=98 width=0)
	        Index Cond: ((k >= 4801162) AND (k <= 4801262))

table 3 : explain SELECT k, c FROM sbtest3 WHERE k BETWEEN 4801162 AND 4801262
	Bitmap Heap Scan on sbtest3  (cost=5.50..416.94 rows=104 width=125)
	  Recheck Cond: ((k >= 4801162) AND (k <= 4801262))
	  ->  Bitmap Index Scan on k_3  (cost=0.00..5.47 rows=104 width=0)
	        Index Cond: ((k >= 4801162) AND (k <= 4801262))

table 4 : explain SELECT k, c FROM sbtest4 WHERE k BETWEEN 4801162 AND 4801262
	Bitmap Heap Scan on sbtest4  (cost=5.43..389.37 rows=97 width=125)
	  Recheck Cond: ((k >= 4801162) AND (k <= 4801262))
	  ->  Bitmap Index Scan on k_4  (cost=0.00..5.40 rows=97 width=0)
	        Index Cond: ((k >= 4801162) AND (k <= 4801262))

table 5 : explain SELECT k, c FROM sbtest5 WHERE k BETWEEN 4801162 AND 4801262
	Bitmap Heap Scan on sbtest5  (cost=5.52..424.81 rows=106 width=125)
	  Recheck Cond: ((k >= 4801162) AND (k <= 4801262))
	  ->  Bitmap Index Scan on k_5  (cost=0.00..5.50 rows=106 width=0)
	        Index Cond: ((k >= 4801162) AND (k <= 4801262))

table 6 : explain SELECT k, c FROM sbtest6 WHERE k BETWEEN 4801162 AND 4801262
	Bitmap Heap Scan on sbtest6  (cost=5.46..401.19 rows=100 width=125)
	  Recheck Cond: ((k >= 4801162) AND (k <= 4801262))
	  ->  Bitmap Index Scan on k_6  (cost=0.00..5.43 rows=100 width=0)
	        Index Cond: ((k >= 4801162) AND (k <= 4801262))

table 7 : explain SELECT k, c FROM sbtest7 WHERE k BETWEEN 4801162 AND 4801262
	Bitmap Heap Scan on sbtest7  (cost=5.43..389.37 rows=97 width=125)
	  Recheck Cond: ((k >= 4801162) AND (k <= 4801262))
	  ->  Bitmap Index Scan on k_7  (cost=0.00..5.40 rows=97 width=0)
	        Index Cond: ((k >= 4801162) AND (k <= 4801262))

table 8 : explain SELECT k, c FROM sbtest8 WHERE k BETWEEN 4801162 AND 4801262
	Bitmap Heap Scan on sbtest8  (cost=5.53..428.75 rows=107 width=125)
	  Recheck Cond: ((k >= 4801162) AND (k <= 4801262))
	  ->  Bitmap Index Scan on k_8  (cost=0.00..5.50 rows=107 width=0)
	        Index Cond: ((k >= 4801162) AND (k <= 4801262))

for range-notcovered
table 1 : explain SELECT k, c FROM sbtest1 WHERE k BETWEEN 628991 AND 629091
	Bitmap Heap Scan on sbtest1  (cost=5.55..436.62 rows=109 width=125)
	  Recheck Cond: ((k >= 628991) AND (k <= 629091))
	  ->  Bitmap Index Scan on k_1  (cost=0.00..5.52 rows=109 width=0)
	        Index Cond: ((k >= 628991) AND (k <= 629091))

table 2 : explain SELECT k, c FROM sbtest2 WHERE k BETWEEN 628991 AND 629091
	Bitmap Heap Scan on sbtest2  (cost=5.50..416.94 rows=104 width=125)
	  Recheck Cond: ((k >= 628991) AND (k <= 629091))
	  ->  Bitmap Index Scan on k_2  (cost=0.00..5.47 rows=104 width=0)
	        Index Cond: ((k >= 628991) AND (k <= 629091))

table 3 : explain SELECT k, c FROM sbtest3 WHERE k BETWEEN 628991 AND 629091
	Bitmap Heap Scan on sbtest3  (cost=5.41..381.49 rows=95 width=125)
	  Recheck Cond: ((k >= 628991) AND (k <= 629091))
	  ->  Bitmap Index Scan on k_3  (cost=0.00..5.38 rows=95 width=0)
	        Index Cond: ((k >= 628991) AND (k <= 629091))

table 4 : explain SELECT k, c FROM sbtest4 WHERE k BETWEEN 628991 AND 629091
	Bitmap Heap Scan on sbtest4  (cost=5.54..432.69 rows=108 width=125)
	  Recheck Cond: ((k >= 628991) AND (k <= 629091))
	  ->  Bitmap Index Scan on k_4  (cost=0.00..5.51 rows=108 width=0)
	        Index Cond: ((k >= 628991) AND (k <= 629091))

table 5 : explain SELECT k, c FROM sbtest5 WHERE k BETWEEN 628991 AND 629091
	Bitmap Heap Scan on sbtest5  (cost=5.51..420.88 rows=105 width=125)
	  Recheck Cond: ((k >= 628991) AND (k <= 629091))
	  ->  Bitmap Index Scan on k_5  (cost=0.00..5.48 rows=105 width=0)
	        Index Cond: ((k >= 628991) AND (k <= 629091))

table 6 : explain SELECT k, c FROM sbtest6 WHERE k BETWEEN 628991 AND 629091
	Bitmap Heap Scan on sbtest6  (cost=5.49..413.00 rows=103 width=125)
	  Recheck Cond: ((k >= 628991) AND (k <= 629091))
	  ->  Bitmap Index Scan on k_6  (cost=0.00..5.46 rows=103 width=0)
	        Index Cond: ((k >= 628991) AND (k <= 629091))

table 7 : explain SELECT k, c FROM sbtest7 WHERE k BETWEEN 628991 AND 629091
	Bitmap Heap Scan on sbtest7  (cost=5.56..440.56 rows=110 width=125)
	  Recheck Cond: ((k >= 628991) AND (k <= 629091))
	  ->  Bitmap Index Scan on k_7  (cost=0.00..5.53 rows=110 width=0)
	        Index Cond: ((k >= 628991) AND (k <= 629091))

table 8 : explain SELECT k, c FROM sbtest8 WHERE k BETWEEN 628991 AND 629091
	Bitmap Heap Scan on sbtest8  (cost=5.54..432.69 rows=108 width=125)
	  Recheck Cond: ((k >= 628991) AND (k <= 629091))
	  ->  Bitmap Index Scan on k_8  (cost=0.00..5.51 rows=108 width=0)
	        Index Cond: ((k >= 628991) AND (k <= 629091))

explain: for range-notcovered :: explain SELECT k, c FROM sbtest%d WHERE k BETWEEN 4801162 AND 4801262
explain: for range-notcovered :: explain SELECT k, c FROM sbtest%d WHERE k BETWEEN 628991 AND 629091
explain: for range-notcovered :: explain SELECT k, c FROM sbtest%d WHERE k BETWEEN 4627628 AND 4627728
for range-notcovered
table 1 : explain SELECT k, c FROM sbtest1 WHERE k BETWEEN 2979058 AND 2979158
	Bitmap Heap Scan on sbtest1  (cost=5.48..409.07 rows=102 width=125)
	  Recheck Cond: ((k >= 2979058) AND (k <= 2979158))
	  ->  Bitmap Index Scan on k_1  (cost=0.00..5.45 rows=102 width=0)
	        Index Cond: ((k >= 2979058) AND (k <= 2979158))

table 2 : explain SELECT k, c FROM sbtest2 WHERE k BETWEEN 2979058 AND 2979158
	Bitmap Heap Scan on sbtest2  (cost=5.58..448.42 rows=112 width=125)
	  Recheck Cond: ((k >= 2979058) AND (k <= 2979158))
	  ->  Bitmap Index Scan on k_2  (cost=0.00..5.55 rows=112 width=0)
	        Index Cond: ((k >= 2979058) AND (k <= 2979158))

table 3 : explain SELECT k, c FROM sbtest3 WHERE k BETWEEN 2979058 AND 2979158
	Bitmap Heap Scan on sbtest3  (cost=5.43..389.37 rows=97 width=125)
	  Recheck Cond: ((k >= 2979058) AND (k <= 2979158))
	  ->  Bitmap Index Scan on k_3  (cost=0.00..5.40 rows=97 width=0)
	        Index Cond: ((k >= 2979058) AND (k <= 2979158))

table 4 : explain SELECT k, c FROM sbtest4 WHERE k BETWEEN 2979058 AND 2979158
	Bitmap Heap Scan on sbtest4  (cost=5.50..416.94 rows=104 width=125)
	  Recheck Cond: ((k >= 2979058) AND (k <= 2979158))
	  ->  Bitmap Index Scan on k_4  (cost=0.00..5.47 rows=104 width=0)
	        Index Cond: ((k >= 2979058) AND (k <= 2979158))

table 5 : explain SELECT k, c FROM sbtest5 WHERE k BETWEEN 2979058 AND 2979158
	Bitmap Heap Scan on sbtest5  (cost=5.50..416.94 rows=104 width=125)
	  Recheck Cond: ((k >= 2979058) AND (k <= 2979158))
	  ->  Bitmap Index Scan on k_5  (cost=0.00..5.47 rows=104 width=0)
	        Index Cond: ((k >= 2979058) AND (k <= 2979158))

table 6 : explain SELECT k, c FROM sbtest6 WHERE k BETWEEN 2979058 AND 2979158
	Bitmap Heap Scan on sbtest6  (cost=5.51..420.88 rows=105 width=125)
	  Recheck Cond: ((k >= 2979058) AND (k <= 2979158))
	  ->  Bitmap Index Scan on k_6  (cost=0.00..5.48 rows=105 width=0)
	        Index Cond: ((k >= 2979058) AND (k <= 2979158))

table 7 : explain SELECT k, c FROM sbtest7 WHERE k BETWEEN 2979058 AND 2979158
	Bitmap Heap Scan on sbtest7  (cost=5.51..420.88 rows=105 width=125)
	  Recheck Cond: ((k >= 2979058) AND (k <= 2979158))
	  ->  Bitmap Index Scan on k_7  (cost=0.00..5.48 rows=105 width=0)
	        Index Cond: ((k >= 2979058) AND (k <= 2979158))

table 8 : explain SELECT k, c FROM sbtest8 WHERE k BETWEEN 2979058 AND 2979158
	Bitmap Heap Scan on sbtest8  (cost=5.43..389.37 rows=97 width=125)
	  Recheck Cond: ((k >= 2979058) AND (k <= 2979158))
	  ->  Bitmap Index Scan on k_8  (cost=0.00..5.40 rows=97 width=0)
	        Index Cond: ((k >= 2979058) AND (k <= 2979158))

for range-notcovered
table 1 : explain SELECT k, c FROM sbtest1 WHERE k BETWEEN 628991 AND 629091
	Bitmap Heap Scan on sbtest1  (cost=5.55..436.62 rows=109 width=125)
	  Recheck Cond: ((k >= 628991) AND (k <= 629091))
	  ->  Bitmap Index Scan on k_1  (cost=0.00..5.52 rows=109 width=0)
	        Index Cond: ((k >= 628991) AND (k <= 629091))

table 2 : explain SELECT k, c FROM sbtest2 WHERE k BETWEEN 628991 AND 629091
	Bitmap Heap Scan on sbtest2  (cost=5.50..416.94 rows=104 width=125)
	  Recheck Cond: ((k >= 628991) AND (k <= 629091))
	  ->  Bitmap Index Scan on k_2  (cost=0.00..5.47 rows=104 width=0)
	        Index Cond: ((k >= 628991) AND (k <= 629091))

table 3 : explain SELECT k, c FROM sbtest3 WHERE k BETWEEN 628991 AND 629091
	Bitmap Heap Scan on sbtest3  (cost=5.41..381.49 rows=95 width=125)
	  Recheck Cond: ((k >= 628991) AND (k <= 629091))
	  ->  Bitmap Index Scan on k_3  (cost=0.00..5.38 rows=95 width=0)
	        Index Cond: ((k >= 628991) AND (k <= 629091))

table 4 : explain SELECT k, c FROM sbtest4 WHERE k BETWEEN 628991 AND 629091
	Bitmap Heap Scan on sbtest4  (cost=5.54..432.69 rows=108 width=125)
	  Recheck Cond: ((k >= 628991) AND (k <= 629091))
	  ->  Bitmap Index Scan on k_4  (cost=0.00..5.51 rows=108 width=0)
	        Index Cond: ((k >= 628991) AND (k <= 629091))

table 5 : explain SELECT k, c FROM sbtest5 WHERE k BETWEEN 628991 AND 629091
	Bitmap Heap Scan on sbtest5  (cost=5.51..420.88 rows=105 width=125)
	  Recheck Cond: ((k >= 628991) AND (k <= 629091))
	  ->  Bitmap Index Scan on k_5  (cost=0.00..5.48 rows=105 width=0)
	        Index Cond: ((k >= 628991) AND (k <= 629091))

table 6 : explain SELECT k, c FROM sbtest6 WHERE k BETWEEN 628991 AND 629091
	Bitmap Heap Scan on sbtest6  (cost=5.49..413.00 rows=103 width=125)
	  Recheck Cond: ((k >= 628991) AND (k <= 629091))
	  ->  Bitmap Index Scan on k_6  (cost=0.00..5.46 rows=103 width=0)
	        Index Cond: ((k >= 628991) AND (k <= 629091))

table 7 : explain SELECT k, c FROM sbtest7 WHERE k BETWEEN 628991 AND 629091
	Bitmap Heap Scan on sbtest7  (cost=5.56..440.56 rows=110 width=125)
	  Recheck Cond: ((k >= 628991) AND (k <= 629091))
	  ->  Bitmap Index Scan on k_7  (cost=0.00..5.53 rows=110 width=0)
	        Index Cond: ((k >= 628991) AND (k <= 629091))

table 8 : explain SELECT k, c FROM sbtest8 WHERE k BETWEEN 628991 AND 629091
	Bitmap Heap Scan on sbtest8  (cost=5.54..432.69 rows=108 width=125)
	  Recheck Cond: ((k >= 628991) AND (k <= 629091))
	  ->  Bitmap Index Scan on k_8  (cost=0.00..5.51 rows=108 width=0)
	        Index Cond: ((k >= 628991) AND (k <= 629091))
for range-notcovered
table 1 : explain SELECT k, c FROM sbtest1 WHERE k BETWEEN 4801162 AND 4801262
	Bitmap Heap Scan on sbtest1  (cost=5.41..381.49 rows=95 width=125)
	  Recheck Cond: ((k >= 4801162) AND (k <= 4801262))
	  ->  Bitmap Index Scan on k_1  (cost=0.00..5.38 rows=95 width=0)
	        Index Cond: ((k >= 4801162) AND (k <= 4801262))

table 2 : explain SELECT k, c FROM sbtest2 WHERE k BETWEEN 4801162 AND 4801262
	Bitmap Heap Scan on sbtest2  (cost=5.44..393.31 rows=98 width=125)
	  Recheck Cond: ((k >= 4801162) AND (k <= 4801262))
	  ->  Bitmap Index Scan on k_2  (cost=0.00..5.42 rows=98 width=0)
	        Index Cond: ((k >= 4801162) AND (k <= 4801262))

table 3 : explain SELECT k, c FROM sbtest3 WHERE k BETWEEN 4801162 AND 4801262
	Bitmap Heap Scan on sbtest3  (cost=5.50..416.94 rows=104 width=125)
	  Recheck Cond: ((k >= 4801162) AND (k <= 4801262))
	  ->  Bitmap Index Scan on k_3  (cost=0.00..5.47 rows=104 width=0)
	        Index Cond: ((k >= 4801162) AND (k <= 4801262))

table 4 : explain SELECT k, c FROM sbtest4 WHERE k BETWEEN 4801162 AND 4801262
	Bitmap Heap Scan on sbtest4  (cost=5.43..389.37 rows=97 width=125)
	  Recheck Cond: ((k >= 4801162) AND (k <= 4801262))
	  ->  Bitmap Index Scan on k_4  (cost=0.00..5.40 rows=97 width=0)
	        Index Cond: ((k >= 4801162) AND (k <= 4801262))

table 5 : explain SELECT k, c FROM sbtest5 WHERE k BETWEEN 4801162 AND 4801262
	Bitmap Heap Scan on sbtest5  (cost=5.52..424.81 rows=106 width=125)
	  Recheck Cond: ((k >= 4801162) AND (k <= 4801262))
	  ->  Bitmap Index Scan on k_5  (cost=0.00..5.50 rows=106 width=0)
	        Index Cond: ((k >= 4801162) AND (k <= 4801262))

table 6 : explain SELECT k, c FROM sbtest6 WHERE k BETWEEN 4801162 AND 4801262
	Bitmap Heap Scan on sbtest6  (cost=5.46..401.19 rows=100 width=125)
	  Recheck Cond: ((k >= 4801162) AND (k <= 4801262))
	  ->  Bitmap Index Scan on k_6  (cost=0.00..5.43 rows=100 width=0)
	        Index Cond: ((k >= 4801162) AND (k <= 4801262))

table 7 : explain SELECT k, c FROM sbtest7 WHERE k BETWEEN 4801162 AND 4801262
	Bitmap Heap Scan on sbtest7  (cost=5.43..389.37 rows=97 width=125)
	  Recheck Cond: ((k >= 4801162) AND (k <= 4801262))
	  ->  Bitmap Index Scan on k_7  (cost=0.00..5.40 rows=97 width=0)
	        Index Cond: ((k >= 4801162) AND (k <= 4801262))

table 8 : explain SELECT k, c FROM sbtest8 WHERE k BETWEEN 4801162 AND 4801262
	Bitmap Heap Scan on sbtest8  (cost=5.53..428.75 rows=107 width=125)
	  Recheck Cond: ((k >= 4801162) AND (k <= 4801262))
	  ->  Bitmap Index Scan on k_8  (cost=0.00..5.50 rows=107 width=0)
	        Index Cond: ((k >= 4801162) AND (k <= 4801262))


explain: for range-notcovered :: explain SELECT k, c FROM sbtest%d WHERE k BETWEEN 2979058 AND 2979158
explain: for range-notcovered :: explain SELECT k, c FROM sbtest%d WHERE k BETWEEN 4801162 AND 4801262
for range-notcovered
table 1 : explain SELECT k, c FROM sbtest1 WHERE k BETWEEN 4305390 AND 4305490
	Bitmap Heap Scan on sbtest1  (cost=5.59..452.36 rows=113 width=125)
	  Recheck Cond: ((k >= 4305390) AND (k <= 4305490))
	  ->  Bitmap Index Scan on k_1  (cost=0.00..5.56 rows=113 width=0)
	        Index Cond: ((k >= 4305390) AND (k <= 4305490))

table 2 : explain SELECT k, c FROM sbtest2 WHERE k BETWEEN 4305390 AND 4305490
	Bitmap Heap Scan on sbtest2  (cost=5.59..452.36 rows=113 width=125)
	  Recheck Cond: ((k >= 4305390) AND (k <= 4305490))
	  ->  Bitmap Index Scan on k_2  (cost=0.00..5.56 rows=113 width=0)
	        Index Cond: ((k >= 4305390) AND (k <= 4305490))

table 3 : explain SELECT k, c FROM sbtest3 WHERE k BETWEEN 4305390 AND 4305490
	Bitmap Heap Scan on sbtest3  (cost=5.45..397.25 rows=99 width=125)
	  Recheck Cond: ((k >= 4305390) AND (k <= 4305490))
	  ->  Bitmap Index Scan on k_3  (cost=0.00..5.42 rows=99 width=0)
	        Index Cond: ((k >= 4305390) AND (k <= 4305490))

table 4 : explain SELECT k, c FROM sbtest4 WHERE k BETWEEN 4305390 AND 4305490
	Bitmap Heap Scan on sbtest4  (cost=5.48..409.07 rows=102 width=125)
	  Recheck Cond: ((k >= 4305390) AND (k <= 4305490))
	  ->  Bitmap Index Scan on k_4  (cost=0.00..5.45 rows=102 width=0)
	        Index Cond: ((k >= 4305390) AND (k <= 4305490))

table 5 : explain SELECT k, c FROM sbtest5 WHERE k BETWEEN 4305390 AND 4305490
	Bitmap Heap Scan on sbtest5  (cost=5.54..432.69 rows=108 width=125)
	  Recheck Cond: ((k >= 4305390) AND (k <= 4305490))
	  ->  Bitmap Index Scan on k_5  (cost=0.00..5.51 rows=108 width=0)
	        Index Cond: ((k >= 4305390) AND (k <= 4305490))

table 6 : explain SELECT k, c FROM sbtest6 WHERE k BETWEEN 4305390 AND 4305490
	Bitmap Heap Scan on sbtest6  (cost=5.46..401.19 rows=100 width=125)
	  Recheck Cond: ((k >= 4305390) AND (k <= 4305490))
	  ->  Bitmap Index Scan on k_6  (cost=0.00..5.43 rows=100 width=0)
	        Index Cond: ((k >= 4305390) AND (k <= 4305490))

table 7 : explain SELECT k, c FROM sbtest7 WHERE k BETWEEN 4305390 AND 4305490
	Bitmap Heap Scan on sbtest7  (cost=5.49..413.00 rows=103 width=125)
	  Recheck Cond: ((k >= 4305390) AND (k <= 4305490))
	  ->  Bitmap Index Scan on k_7  (cost=0.00..5.46 rows=103 width=0)
	        Index Cond: ((k >= 4305390) AND (k <= 4305490))

table 8 : explain SELECT k, c FROM sbtest8 WHERE k BETWEEN 4305390 AND 4305490
	Bitmap Heap Scan on sbtest8  (cost=5.49..413.00 rows=103 width=125)
	  Recheck Cond: ((k >= 4305390) AND (k <= 4305490))
	  ->  Bitmap Index Scan on k_8  (cost=0.00..5.46 rows=103 width=0)
	        Index Cond: ((k >= 4305390) AND (k <= 4305490))

for range-notcovered
table 1 : explain SELECT k, c FROM sbtest1 WHERE k BETWEEN 4627628 AND 4627728
	Bitmap Heap Scan on sbtest1  (cost=5.56..440.56 rows=110 width=125)
	  Recheck Cond: ((k >= 4627628) AND (k <= 4627728))
	  ->  Bitmap Index Scan on k_1  (cost=0.00..5.53 rows=110 width=0)
	        Index Cond: ((k >= 4627628) AND (k <= 4627728))

table 2 : explain SELECT k, c FROM sbtest2 WHERE k BETWEEN 4627628 AND 4627728
	Bitmap Heap Scan on sbtest2  (cost=5.44..393.31 rows=98 width=125)
	  Recheck Cond: ((k >= 4627628) AND (k <= 4627728))
	  ->  Bitmap Index Scan on k_2  (cost=0.00..5.42 rows=98 width=0)
	        Index Cond: ((k >= 4627628) AND (k <= 4627728))

table 3 : explain SELECT k, c FROM sbtest3 WHERE k BETWEEN 4627628 AND 4627728
	Bitmap Heap Scan on sbtest3  (cost=5.56..440.56 rows=110 width=125)
	  Recheck Cond: ((k >= 4627628) AND (k <= 4627728))
	  ->  Bitmap Index Scan on k_3  (cost=0.00..5.53 rows=110 width=0)
	        Index Cond: ((k >= 4627628) AND (k <= 4627728))

table 4 : explain SELECT k, c FROM sbtest4 WHERE k BETWEEN 4627628 AND 4627728
	Bitmap Heap Scan on sbtest4  (cost=5.51..420.88 rows=105 width=125)
	  Recheck Cond: ((k >= 4627628) AND (k <= 4627728))
	  ->  Bitmap Index Scan on k_4  (cost=0.00..5.48 rows=105 width=0)
	        Index Cond: ((k >= 4627628) AND (k <= 4627728))

table 5 : explain SELECT k, c FROM sbtest5 WHERE k BETWEEN 4627628 AND 4627728
	Bitmap Heap Scan on sbtest5  (cost=5.48..409.07 rows=102 width=125)
	  Recheck Cond: ((k >= 4627628) AND (k <= 4627728))
	  ->  Bitmap Index Scan on k_5  (cost=0.00..5.45 rows=102 width=0)
	        Index Cond: ((k >= 4627628) AND (k <= 4627728))

table 6 : explain SELECT k, c FROM sbtest6 WHERE k BETWEEN 4627628 AND 4627728
	Bitmap Heap Scan on sbtest6  (cost=5.39..373.61 rows=93 width=125)
	  Recheck Cond: ((k >= 4627628) AND (k <= 4627728))
	  ->  Bitmap Index Scan on k_6  (cost=0.00..5.36 rows=93 width=0)
	        Index Cond: ((k >= 4627628) AND (k <= 4627728))

table 7 : explain SELECT k, c FROM sbtest7 WHERE k BETWEEN 4627628 AND 4627728
	Bitmap Heap Scan on sbtest7  (cost=5.58..448.42 rows=112 width=125)
	  Recheck Cond: ((k >= 4627628) AND (k <= 4627728))
	  ->  Bitmap Index Scan on k_7  (cost=0.00..5.55 rows=112 width=0)
	        Index Cond: ((k >= 4627628) AND (k <= 4627728))

table 8 : explain SELECT k, c FROM sbtest8 WHERE k BETWEEN 4627628 AND 4627728
	Bitmap Heap Scan on sbtest8  (cost=5.45..397.25 rows=99 width=125)
	  Recheck Cond: ((k >= 4627628) AND (k <= 4627728))
	  ->  Bitmap Index Scan on k_8  (cost=0.00..5.42 rows=99 width=0)
	        Index Cond: ((k >= 4627628) AND (k <= 4627728))

for range-notcovered
table 1 : explain SELECT k, c FROM sbtest1 WHERE k BETWEEN 7164037 AND 7164137
	Bitmap Heap Scan on sbtest1  (cost=5.46..401.19 rows=100 width=125)
	  Recheck Cond: ((k >= 7164037) AND (k <= 7164137))
	  ->  Bitmap Index Scan on k_1  (cost=0.00..5.43 rows=100 width=0)
	        Index Cond: ((k >= 7164037) AND (k <= 7164137))

table 2 : explain SELECT k, c FROM sbtest2 WHERE k BETWEEN 7164037 AND 7164137
	Bitmap Heap Scan on sbtest2  (cost=5.54..432.69 rows=108 width=125)
	  Recheck Cond: ((k >= 7164037) AND (k <= 7164137))
	  ->  Bitmap Index Scan on k_2  (cost=0.00..5.51 rows=108 width=0)
	        Index Cond: ((k >= 7164037) AND (k <= 7164137))

table 3 : explain SELECT k, c FROM sbtest3 WHERE k BETWEEN 7164037 AND 7164137
	Bitmap Heap Scan on sbtest3  (cost=5.48..409.07 rows=102 width=125)
	  Recheck Cond: ((k >= 7164037) AND (k <= 7164137))
	  ->  Bitmap Index Scan on k_3  (cost=0.00..5.45 rows=102 width=0)
	        Index Cond: ((k >= 7164037) AND (k <= 7164137))

table 4 : explain SELECT k, c FROM sbtest4 WHERE k BETWEEN 7164037 AND 7164137
	Bitmap Heap Scan on sbtest4  (cost=5.50..416.94 rows=104 width=125)
	  Recheck Cond: ((k >= 7164037) AND (k <= 7164137))
	  ->  Bitmap Index Scan on k_4  (cost=0.00..5.47 rows=104 width=0)
	        Index Cond: ((k >= 7164037) AND (k <= 7164137))

table 5 : explain SELECT k, c FROM sbtest5 WHERE k BETWEEN 7164037 AND 7164137
	Bitmap Heap Scan on sbtest5  (cost=5.51..420.88 rows=105 width=125)
	  Recheck Cond: ((k >= 7164037) AND (k <= 7164137))
	  ->  Bitmap Index Scan on k_5  (cost=0.00..5.48 rows=105 width=0)
	        Index Cond: ((k >= 7164037) AND (k <= 7164137))

table 6 : explain SELECT k, c FROM sbtest6 WHERE k BETWEEN 7164037 AND 7164137
	Bitmap Heap Scan on sbtest6  (cost=5.45..397.25 rows=99 width=125)
	  Recheck Cond: ((k >= 7164037) AND (k <= 7164137))
	  ->  Bitmap Index Scan on k_6  (cost=0.00..5.42 rows=99 width=0)
	        Index Cond: ((k >= 7164037) AND (k <= 7164137))

table 7 : explain SELECT k, c FROM sbtest7 WHERE k BETWEEN 7164037 AND 7164137
	Bitmap Heap Scan on sbtest7  (cost=5.51..420.88 rows=105 width=125)
	  Recheck Cond: ((k >= 7164037) AND (k <= 7164137))
	  ->  Bitmap Index Scan on k_7  (cost=0.00..5.48 rows=105 width=0)
	        Index Cond: ((k >= 7164037) AND (k <= 7164137))

table 8 : explain SELECT k, c FROM sbtest8 WHERE k BETWEEN 7164037 AND 7164137
	Bitmap Heap Scan on sbtest8  (cost=5.47..405.13 rows=101 width=125)
	  Recheck Cond: ((k >= 7164037) AND (k <= 7164137))
	  ->  Bitmap Index Scan on k_8  (cost=0.00..5.44 rows=101 width=0)
	        Index Cond: ((k >= 7164037) AND (k <= 7164137))

explain: for range-notcovered :: explain SELECT k, c FROM sbtest%d WHERE k BETWEEN 628991 AND 629091
explain: for range-notcovered :: explain SELECT k, c FROM sbtest%d WHERE k BETWEEN 4627628 AND 4627728
explain: for range-notcovered :: explain SELECT k, c FROM sbtest%d WHERE k BETWEEN 7164037 AND 7164137
explain: for range-notcovered :: explain SELECT k, c FROM sbtest%d WHERE k BETWEEN 4305390 AND 4305490
for range-notcovered
table 1 : explain SELECT k, c FROM sbtest1 WHERE k BETWEEN 2979058 AND 2979158
	Bitmap Heap Scan on sbtest1  (cost=5.48..409.07 rows=102 width=125)
	  Recheck Cond: ((k >= 2979058) AND (k <= 2979158))
	  ->  Bitmap Index Scan on k_1  (cost=0.00..5.45 rows=102 width=0)
	        Index Cond: ((k >= 2979058) AND (k <= 2979158))

table 2 : explain SELECT k, c FROM sbtest2 WHERE k BETWEEN 2979058 AND 2979158
	Bitmap Heap Scan on sbtest2  (cost=5.58..448.42 rows=112 width=125)
	  Recheck Cond: ((k >= 2979058) AND (k <= 2979158))
	  ->  Bitmap Index Scan on k_2  (cost=0.00..5.55 rows=112 width=0)
	        Index Cond: ((k >= 2979058) AND (k <= 2979158))

table 3 : explain SELECT k, c FROM sbtest3 WHERE k BETWEEN 2979058 AND 2979158
	Bitmap Heap Scan on sbtest3  (cost=5.43..389.37 rows=97 width=125)
	  Recheck Cond: ((k >= 2979058) AND (k <= 2979158))
	  ->  Bitmap Index Scan on k_3  (cost=0.00..5.40 rows=97 width=0)
	        Index Cond: ((k >= 2979058) AND (k <= 2979158))

table 4 : explain SELECT k, c FROM sbtest4 WHERE k BETWEEN 2979058 AND 2979158
	Bitmap Heap Scan on sbtest4  (cost=5.50..416.94 rows=104 width=125)
	  Recheck Cond: ((k >= 2979058) AND (k <= 2979158))
	  ->  Bitmap Index Scan on k_4  (cost=0.00..5.47 rows=104 width=0)
	        Index Cond: ((k >= 2979058) AND (k <= 2979158))

table 5 : explain SELECT k, c FROM sbtest5 WHERE k BETWEEN 2979058 AND 2979158
	Bitmap Heap Scan on sbtest5  (cost=5.50..416.94 rows=104 width=125)
	  Recheck Cond: ((k >= 2979058) AND (k <= 2979158))
	  ->  Bitmap Index Scan on k_5  (cost=0.00..5.47 rows=104 width=0)
	        Index Cond: ((k >= 2979058) AND (k <= 2979158))

table 6 : explain SELECT k, c FROM sbtest6 WHERE k BETWEEN 2979058 AND 2979158
	Bitmap Heap Scan on sbtest6  (cost=5.51..420.88 rows=105 width=125)
	  Recheck Cond: ((k >= 2979058) AND (k <= 2979158))
	  ->  Bitmap Index Scan on k_6  (cost=0.00..5.48 rows=105 width=0)
	        Index Cond: ((k >= 2979058) AND (k <= 2979158))

table 7 : explain SELECT k, c FROM sbtest7 WHERE k BETWEEN 2979058 AND 2979158
	Bitmap Heap Scan on sbtest7  (cost=5.51..420.88 rows=105 width=125)
	  Recheck Cond: ((k >= 2979058) AND (k <= 2979158))
	  ->  Bitmap Index Scan on k_7  (cost=0.00..5.48 rows=105 width=0)
	        Index Cond: ((k >= 2979058) AND (k <= 2979158))

table 8 : explain SELECT k, c FROM sbtest8 WHERE k BETWEEN 2979058 AND 2979158
	Bitmap Heap Scan on sbtest8  (cost=5.43..389.37 rows=97 width=125)
	  Recheck Cond: ((k >= 2979058) AND (k <= 2979158))
	  ->  Bitmap Index Scan on k_8  (cost=0.00..5.40 rows=97 width=0)
	        Index Cond: ((k >= 2979058) AND (k <= 2979158))

explain: for range-notcovered :: explain SELECT k, c FROM sbtest%d WHERE k BETWEEN 2979058 AND 2979158
for range-notcovered
table 1 : explain SELECT k, c FROM sbtest1 WHERE k BETWEEN 1474795 AND 1474895
	Bitmap Heap Scan on sbtest1  (cost=5.44..393.31 rows=98 width=125)
	  Recheck Cond: ((k >= 1474795) AND (k <= 1474895))
	  ->  Bitmap Index Scan on k_1  (cost=0.00..5.42 rows=98 width=0)
	        Index Cond: ((k >= 1474795) AND (k <= 1474895))

table 2 : explain SELECT k, c FROM sbtest2 WHERE k BETWEEN 1474795 AND 1474895
	Bitmap Heap Scan on sbtest2  (cost=5.48..409.07 rows=102 width=125)
	  Recheck Cond: ((k >= 1474795) AND (k <= 1474895))
	  ->  Bitmap Index Scan on k_2  (cost=0.00..5.45 rows=102 width=0)
	        Index Cond: ((k >= 1474795) AND (k <= 1474895))

table 3 : explain SELECT k, c FROM sbtest3 WHERE k BETWEEN 1474795 AND 1474895
	Bitmap Heap Scan on sbtest3  (cost=5.57..444.49 rows=111 width=125)
	  Recheck Cond: ((k >= 1474795) AND (k <= 1474895))
	  ->  Bitmap Index Scan on k_3  (cost=0.00..5.54 rows=111 width=0)
	        Index Cond: ((k >= 1474795) AND (k <= 1474895))

table 4 : explain SELECT k, c FROM sbtest4 WHERE k BETWEEN 1474795 AND 1474895
	Bitmap Heap Scan on sbtest4  (cost=5.43..389.37 rows=97 width=125)
	  Recheck Cond: ((k >= 1474795) AND (k <= 1474895))
	  ->  Bitmap Index Scan on k_4  (cost=0.00..5.40 rows=97 width=0)
	        Index Cond: ((k >= 1474795) AND (k <= 1474895))

table 5 : explain SELECT k, c FROM sbtest5 WHERE k BETWEEN 1474795 AND 1474895
	Bitmap Heap Scan on sbtest5  (cost=5.46..401.19 rows=100 width=125)
	  Recheck Cond: ((k >= 1474795) AND (k <= 1474895))
	  ->  Bitmap Index Scan on k_5  (cost=0.00..5.43 rows=100 width=0)
	        Index Cond: ((k >= 1474795) AND (k <= 1474895))

table 6 : explain SELECT k, c FROM sbtest6 WHERE k BETWEEN 1474795 AND 1474895
	Bitmap Heap Scan on sbtest6  (cost=5.42..385.43 rows=96 width=125)
	  Recheck Cond: ((k >= 1474795) AND (k <= 1474895))
	  ->  Bitmap Index Scan on k_6  (cost=0.00..5.39 rows=96 width=0)
	        Index Cond: ((k >= 1474795) AND (k <= 1474895))

table 7 : explain SELECT k, c FROM sbtest7 WHERE k BETWEEN 1474795 AND 1474895
	Bitmap Heap Scan on sbtest7  (cost=5.45..397.25 rows=99 width=125)
	  Recheck Cond: ((k >= 1474795) AND (k <= 1474895))
	  ->  Bitmap Index Scan on k_7  (cost=0.00..5.42 rows=99 width=0)
	        Index Cond: ((k >= 1474795) AND (k <= 1474895))

table 8 : explain SELECT k, c FROM sbtest8 WHERE k BETWEEN 1474795 AND 1474895
	Bitmap Heap Scan on sbtest8  (cost=5.50..416.94 rows=104 width=125)
	  Recheck Cond: ((k >= 1474795) AND (k <= 1474895))
	  ->  Bitmap Index Scan on k_8  (cost=0.00..5.47 rows=104 width=0)
	        Index Cond: ((k >= 1474795) AND (k <= 1474895))

for range-notcovered
table 1 : explain SELECT k, c FROM sbtest1 WHERE k BETWEEN 4627628 AND 4627728
	Bitmap Heap Scan on sbtest1  (cost=5.56..440.56 rows=110 width=125)
	  Recheck Cond: ((k >= 4627628) AND (k <= 4627728))
	  ->  Bitmap Index Scan on k_1  (cost=0.00..5.53 rows=110 width=0)
	        Index Cond: ((k >= 4627628) AND (k <= 4627728))

table 2 : explain SELECT k, c FROM sbtest2 WHERE k BETWEEN 4627628 AND 4627728
	Bitmap Heap Scan on sbtest2  (cost=5.44..393.31 rows=98 width=125)
	  Recheck Cond: ((k >= 4627628) AND (k <= 4627728))
	  ->  Bitmap Index Scan on k_2  (cost=0.00..5.42 rows=98 width=0)
	        Index Cond: ((k >= 4627628) AND (k <= 4627728))

table 3 : explain SELECT k, c FROM sbtest3 WHERE k BETWEEN 4627628 AND 4627728
	Bitmap Heap Scan on sbtest3  (cost=5.56..440.56 rows=110 width=125)
	  Recheck Cond: ((k >= 4627628) AND (k <= 4627728))
	  ->  Bitmap Index Scan on k_3  (cost=0.00..5.53 rows=110 width=0)
	        Index Cond: ((k >= 4627628) AND (k <= 4627728))

table 4 : explain SELECT k, c FROM sbtest4 WHERE k BETWEEN 4627628 AND 4627728
	Bitmap Heap Scan on sbtest4  (cost=5.51..420.88 rows=105 width=125)
	  Recheck Cond: ((k >= 4627628) AND (k <= 4627728))
	  ->  Bitmap Index Scan on k_4  (cost=0.00..5.48 rows=105 width=0)
	        Index Cond: ((k >= 4627628) AND (k <= 4627728))

table 5 : explain SELECT k, c FROM sbtest5 WHERE k BETWEEN 4627628 AND 4627728
	Bitmap Heap Scan on sbtest5  (cost=5.48..409.07 rows=102 width=125)
	  Recheck Cond: ((k >= 4627628) AND (k <= 4627728))
	  ->  Bitmap Index Scan on k_5  (cost=0.00..5.45 rows=102 width=0)
	        Index Cond: ((k >= 4627628) AND (k <= 4627728))

table 6 : explain SELECT k, c FROM sbtest6 WHERE k BETWEEN 4627628 AND 4627728
	Bitmap Heap Scan on sbtest6  (cost=5.39..373.61 rows=93 width=125)
	  Recheck Cond: ((k >= 4627628) AND (k <= 4627728))
	  ->  Bitmap Index Scan on k_6  (cost=0.00..5.36 rows=93 width=0)
	        Index Cond: ((k >= 4627628) AND (k <= 4627728))

table 7 : explain SELECT k, c FROM sbtest7 WHERE k BETWEEN 4627628 AND 4627728
	Bitmap Heap Scan on sbtest7  (cost=5.58..448.42 rows=112 width=125)
	  Recheck Cond: ((k >= 4627628) AND (k <= 4627728))
	  ->  Bitmap Index Scan on k_7  (cost=0.00..5.55 rows=112 width=0)
	        Index Cond: ((k >= 4627628) AND (k <= 4627728))

table 8 : explain SELECT k, c FROM sbtest8 WHERE k BETWEEN 4627628 AND 4627728
	Bitmap Heap Scan on sbtest8  (cost=5.45..397.25 rows=99 width=125)
	  Recheck Cond: ((k >= 4627628) AND (k <= 4627728))
	  ->  Bitmap Index Scan on k_8  (cost=0.00..5.42 rows=99 width=0)
	        Index Cond: ((k >= 4627628) AND (k <= 4627728))

explain: for range-notcovered :: explain SELECT k, c FROM sbtest%d WHERE k BETWEEN 4627628 AND 4627728
for range-notcovered
table 1 : explain SELECT k, c FROM sbtest1 WHERE k BETWEEN 4801162 AND 4801262
	Bitmap Heap Scan on sbtest1  (cost=5.41..381.49 rows=95 width=125)
	  Recheck Cond: ((k >= 4801162) AND (k <= 4801262))
	  ->  Bitmap Index Scan on k_1  (cost=0.00..5.38 rows=95 width=0)
	        Index Cond: ((k >= 4801162) AND (k <= 4801262))

table 2 : explain SELECT k, c FROM sbtest2 WHERE k BETWEEN 4801162 AND 4801262
	Bitmap Heap Scan on sbtest2  (cost=5.44..393.31 rows=98 width=125)
	  Recheck Cond: ((k >= 4801162) AND (k <= 4801262))
	  ->  Bitmap Index Scan on k_2  (cost=0.00..5.42 rows=98 width=0)
	        Index Cond: ((k >= 4801162) AND (k <= 4801262))

table 3 : explain SELECT k, c FROM sbtest3 WHERE k BETWEEN 4801162 AND 4801262
	Bitmap Heap Scan on sbtest3  (cost=5.50..416.94 rows=104 width=125)
	  Recheck Cond: ((k >= 4801162) AND (k <= 4801262))
	  ->  Bitmap Index Scan on k_3  (cost=0.00..5.47 rows=104 width=0)
	        Index Cond: ((k >= 4801162) AND (k <= 4801262))

table 4 : explain SELECT k, c FROM sbtest4 WHERE k BETWEEN 4801162 AND 4801262
	Bitmap Heap Scan on sbtest4  (cost=5.43..389.37 rows=97 width=125)
	  Recheck Cond: ((k >= 4801162) AND (k <= 4801262))
	  ->  Bitmap Index Scan on k_4  (cost=0.00..5.40 rows=97 width=0)
	        Index Cond: ((k >= 4801162) AND (k <= 4801262))

table 5 : explain SELECT k, c FROM sbtest5 WHERE k BETWEEN 4801162 AND 4801262
	Bitmap Heap Scan on sbtest5  (cost=5.52..424.81 rows=106 width=125)
	  Recheck Cond: ((k >= 4801162) AND (k <= 4801262))
	  ->  Bitmap Index Scan on k_5  (cost=0.00..5.50 rows=106 width=0)
	        Index Cond: ((k >= 4801162) AND (k <= 4801262))

table 6 : explain SELECT k, c FROM sbtest6 WHERE k BETWEEN 4801162 AND 4801262
	Bitmap Heap Scan on sbtest6  (cost=5.46..401.19 rows=100 width=125)
	  Recheck Cond: ((k >= 4801162) AND (k <= 4801262))
	  ->  Bitmap Index Scan on k_6  (cost=0.00..5.43 rows=100 width=0)
	        Index Cond: ((k >= 4801162) AND (k <= 4801262))

table 7 : explain SELECT k, c FROM sbtest7 WHERE k BETWEEN 4801162 AND 4801262
	Bitmap Heap Scan on sbtest7  (cost=5.43..389.37 rows=97 width=125)
	  Recheck Cond: ((k >= 4801162) AND (k <= 4801262))
	  ->  Bitmap Index Scan on k_7  (cost=0.00..5.40 rows=97 width=0)
	        Index Cond: ((k >= 4801162) AND (k <= 4801262))

table 8 : explain SELECT k, c FROM sbtest8 WHERE k BETWEEN 4801162 AND 4801262
	Bitmap Heap Scan on sbtest8  (cost=5.53..428.75 rows=107 width=125)
	  Recheck Cond: ((k >= 4801162) AND (k <= 4801262))
	  ->  Bitmap Index Scan on k_8  (cost=0.00..5.50 rows=107 width=0)
	        Index Cond: ((k >= 4801162) AND (k <= 4801262))

explain: for range-notcovered :: explain SELECT k, c FROM sbtest%d WHERE k BETWEEN 3319001 AND 3319101
for range-notcovered
table 1 : explain SELECT k, c FROM sbtest1 WHERE k BETWEEN 2979058 AND 2979158
	Bitmap Heap Scan on sbtest1  (cost=5.48..409.07 rows=102 width=125)
	  Recheck Cond: ((k >= 2979058) AND (k <= 2979158))
	  ->  Bitmap Index Scan on k_1  (cost=0.00..5.45 rows=102 width=0)
	        Index Cond: ((k >= 2979058) AND (k <= 2979158))

table 2 : explain SELECT k, c FROM sbtest2 WHERE k BETWEEN 2979058 AND 2979158
	Bitmap Heap Scan on sbtest2  (cost=5.58..448.42 rows=112 width=125)
	  Recheck Cond: ((k >= 2979058) AND (k <= 2979158))
	  ->  Bitmap Index Scan on k_2  (cost=0.00..5.55 rows=112 width=0)
	        Index Cond: ((k >= 2979058) AND (k <= 2979158))

table 3 : explain SELECT k, c FROM sbtest3 WHERE k BETWEEN 2979058 AND 2979158
	Bitmap Heap Scan on sbtest3  (cost=5.43..389.37 rows=97 width=125)
	  Recheck Cond: ((k >= 2979058) AND (k <= 2979158))
	  ->  Bitmap Index Scan on k_3  (cost=0.00..5.40 rows=97 width=0)
	        Index Cond: ((k >= 2979058) AND (k <= 2979158))

table 4 : explain SELECT k, c FROM sbtest4 WHERE k BETWEEN 2979058 AND 2979158
	Bitmap Heap Scan on sbtest4  (cost=5.50..416.94 rows=104 width=125)
	  Recheck Cond: ((k >= 2979058) AND (k <= 2979158))
	  ->  Bitmap Index Scan on k_4  (cost=0.00..5.47 rows=104 width=0)
	        Index Cond: ((k >= 2979058) AND (k <= 2979158))

table 5 : explain SELECT k, c FROM sbtest5 WHERE k BETWEEN 2979058 AND 2979158
	Bitmap Heap Scan on sbtest5  (cost=5.50..416.94 rows=104 width=125)
	  Recheck Cond: ((k >= 2979058) AND (k <= 2979158))
	  ->  Bitmap Index Scan on k_5  (cost=0.00..5.47 rows=104 width=0)
	        Index Cond: ((k >= 2979058) AND (k <= 2979158))

table 6 : explain SELECT k, c FROM sbtest6 WHERE k BETWEEN 2979058 AND 2979158
	Bitmap Heap Scan on sbtest6  (cost=5.51..420.88 rows=105 width=125)
	  Recheck Cond: ((k >= 2979058) AND (k <= 2979158))
	  ->  Bitmap Index Scan on k_6  (cost=0.00..5.48 rows=105 width=0)
	        Index Cond: ((k >= 2979058) AND (k <= 2979158))

table 7 : explain SELECT k, c FROM sbtest7 WHERE k BETWEEN 2979058 AND 2979158
	Bitmap Heap Scan on sbtest7  (cost=5.51..420.88 rows=105 width=125)
	  Recheck Cond: ((k >= 2979058) AND (k <= 2979158))
	  ->  Bitmap Index Scan on k_7  (cost=0.00..5.48 rows=105 width=0)
	        Index Cond: ((k >= 2979058) AND (k <= 2979158))

table 8 : explain SELECT k, c FROM sbtest8 WHERE k BETWEEN 2979058 AND 2979158
	Bitmap Heap Scan on sbtest8  (cost=5.43..389.37 rows=97 width=125)
	  Recheck Cond: ((k >= 2979058) AND (k <= 2979158))
	  ->  Bitmap Index Scan on k_8  (cost=0.00..5.40 rows=97 width=0)
	        Index Cond: ((k >= 2979058) AND (k <= 2979158))

explain: for range-notcovered :: explain SELECT k, c FROM sbtest%d WHERE k BETWEEN 1474795 AND 1474895
explain: for range-notcovered :: explain SELECT k, c FROM sbtest%d WHERE k BETWEEN 2979058 AND 2979158
for range-notcovered
table 1 : explain SELECT k, c FROM sbtest1 WHERE k BETWEEN 7164037 AND 7164137
	Bitmap Heap Scan on sbtest1  (cost=5.46..401.19 rows=100 width=125)
	  Recheck Cond: ((k >= 7164037) AND (k <= 7164137))
	  ->  Bitmap Index Scan on k_1  (cost=0.00..5.43 rows=100 width=0)
	        Index Cond: ((k >= 7164037) AND (k <= 7164137))

table 2 : explain SELECT k, c FROM sbtest2 WHERE k BETWEEN 7164037 AND 7164137
	Bitmap Heap Scan on sbtest2  (cost=5.54..432.69 rows=108 width=125)
	  Recheck Cond: ((k >= 7164037) AND (k <= 7164137))
	  ->  Bitmap Index Scan on k_2  (cost=0.00..5.51 rows=108 width=0)
	        Index Cond: ((k >= 7164037) AND (k <= 7164137))

table 3 : explain SELECT k, c FROM sbtest3 WHERE k BETWEEN 7164037 AND 7164137
	Bitmap Heap Scan on sbtest3  (cost=5.48..409.07 rows=102 width=125)
	  Recheck Cond: ((k >= 7164037) AND (k <= 7164137))
	  ->  Bitmap Index Scan on k_3  (cost=0.00..5.45 rows=102 width=0)
	        Index Cond: ((k >= 7164037) AND (k <= 7164137))

table 4 : explain SELECT k, c FROM sbtest4 WHERE k BETWEEN 7164037 AND 7164137
	Bitmap Heap Scan on sbtest4  (cost=5.50..416.94 rows=104 width=125)
	  Recheck Cond: ((k >= 7164037) AND (k <= 7164137))
	  ->  Bitmap Index Scan on k_4  (cost=0.00..5.47 rows=104 width=0)
	        Index Cond: ((k >= 7164037) AND (k <= 7164137))

table 5 : explain SELECT k, c FROM sbtest5 WHERE k BETWEEN 7164037 AND 7164137
	Bitmap Heap Scan on sbtest5  (cost=5.51..420.88 rows=105 width=125)
	  Recheck Cond: ((k >= 7164037) AND (k <= 7164137))
	  ->  Bitmap Index Scan on k_5  (cost=0.00..5.48 rows=105 width=0)
	        Index Cond: ((k >= 7164037) AND (k <= 7164137))

table 6 : explain SELECT k, c FROM sbtest6 WHERE k BETWEEN 7164037 AND 7164137
	Bitmap Heap Scan on sbtest6  (cost=5.45..397.25 rows=99 width=125)
	  Recheck Cond: ((k >= 7164037) AND (k <= 7164137))
	  ->  Bitmap Index Scan on k_6  (cost=0.00..5.42 rows=99 width=0)
	        Index Cond: ((k >= 7164037) AND (k <= 7164137))

table 7 : explain SELECT k, c FROM sbtest7 WHERE k BETWEEN 7164037 AND 7164137
	Bitmap Heap Scan on sbtest7  (cost=5.51..420.88 rows=105 width=125)
	  Recheck Cond: ((k >= 7164037) AND (k <= 7164137))
	  ->  Bitmap Index Scan on k_7  (cost=0.00..5.48 rows=105 width=0)
	        Index Cond: ((k >= 7164037) AND (k <= 7164137))

table 8 : explain SELECT k, c FROM sbtest8 WHERE k BETWEEN 7164037 AND 7164137
	Bitmap Heap Scan on sbtest8  (cost=5.47..405.13 rows=101 width=125)
	  Recheck Cond: ((k >= 7164037) AND (k <= 7164137))
	  ->  Bitmap Index Scan on k_8  (cost=0.00..5.44 rows=101 width=0)
	        Index Cond: ((k >= 7164037) AND (k <= 7164137))

explain: for range-notcovered :: explain SELECT k, c FROM sbtest%d WHERE k BETWEEN 5670715 AND 5670815
explain: for range-notcovered :: explain SELECT k, c FROM sbtest%d WHERE k BETWEEN 7164037 AND 7164137
for range-notcovered
table 1 : explain SELECT k, c FROM sbtest1 WHERE k BETWEEN 4305390 AND 4305490
	Bitmap Heap Scan on sbtest1  (cost=5.59..452.36 rows=113 width=125)
	  Recheck Cond: ((k >= 4305390) AND (k <= 4305490))
	  ->  Bitmap Index Scan on k_1  (cost=0.00..5.56 rows=113 width=0)
	        Index Cond: ((k >= 4305390) AND (k <= 4305490))

table 2 : explain SELECT k, c FROM sbtest2 WHERE k BETWEEN 4305390 AND 4305490
	Bitmap Heap Scan on sbtest2  (cost=5.59..452.36 rows=113 width=125)
	  Recheck Cond: ((k >= 4305390) AND (k <= 4305490))
	  ->  Bitmap Index Scan on k_2  (cost=0.00..5.56 rows=113 width=0)
	        Index Cond: ((k >= 4305390) AND (k <= 4305490))

table 3 : explain SELECT k, c FROM sbtest3 WHERE k BETWEEN 4305390 AND 4305490
	Bitmap Heap Scan on sbtest3  (cost=5.45..397.25 rows=99 width=125)
	  Recheck Cond: ((k >= 4305390) AND (k <= 4305490))
	  ->  Bitmap Index Scan on k_3  (cost=0.00..5.42 rows=99 width=0)
	        Index Cond: ((k >= 4305390) AND (k <= 4305490))

table 4 : explain SELECT k, c FROM sbtest4 WHERE k BETWEEN 4305390 AND 4305490
	Bitmap Heap Scan on sbtest4  (cost=5.48..409.07 rows=102 width=125)
	  Recheck Cond: ((k >= 4305390) AND (k <= 4305490))
	  ->  Bitmap Index Scan on k_4  (cost=0.00..5.45 rows=102 width=0)
	        Index Cond: ((k >= 4305390) AND (k <= 4305490))

table 5 : explain SELECT k, c FROM sbtest5 WHERE k BETWEEN 4305390 AND 4305490
	Bitmap Heap Scan on sbtest5  (cost=5.54..432.69 rows=108 width=125)
	  Recheck Cond: ((k >= 4305390) AND (k <= 4305490))
	  ->  Bitmap Index Scan on k_5  (cost=0.00..5.51 rows=108 width=0)
	        Index Cond: ((k >= 4305390) AND (k <= 4305490))

table 6 : explain SELECT k, c FROM sbtest6 WHERE k BETWEEN 4305390 AND 4305490
	Bitmap Heap Scan on sbtest6  (cost=5.46..401.19 rows=100 width=125)
	  Recheck Cond: ((k >= 4305390) AND (k <= 4305490))
	  ->  Bitmap Index Scan on k_6  (cost=0.00..5.43 rows=100 width=0)
	        Index Cond: ((k >= 4305390) AND (k <= 4305490))

table 7 : explain SELECT k, c FROM sbtest7 WHERE k BETWEEN 4305390 AND 4305490
	Bitmap Heap Scan on sbtest7  (cost=5.49..413.00 rows=103 width=125)
	  Recheck Cond: ((k >= 4305390) AND (k <= 4305490))
	  ->  Bitmap Index Scan on k_7  (cost=0.00..5.46 rows=103 width=0)
	        Index Cond: ((k >= 4305390) AND (k <= 4305490))

table 8 : explain SELECT k, c FROM sbtest8 WHERE k BETWEEN 4305390 AND 4305490
	Bitmap Heap Scan on sbtest8  (cost=5.49..413.00 rows=103 width=125)
	  Recheck Cond: ((k >= 4305390) AND (k <= 4305490))
	  ->  Bitmap Index Scan on k_8  (cost=0.00..5.46 rows=103 width=0)
	        Index Cond: ((k >= 4305390) AND (k <= 4305490))

for range-notcovered
table 1 : explain SELECT k, c FROM sbtest1 WHERE k BETWEEN 1501718 AND 1501818
	Bitmap Heap Scan on sbtest1  (cost=5.44..393.31 rows=98 width=125)
	  Recheck Cond: ((k >= 1501718) AND (k <= 1501818))
	  ->  Bitmap Index Scan on k_1  (cost=0.00..5.42 rows=98 width=0)
	        Index Cond: ((k >= 1501718) AND (k <= 1501818))

table 2 : explain SELECT k, c FROM sbtest2 WHERE k BETWEEN 1501718 AND 1501818
	Bitmap Heap Scan on sbtest2  (cost=5.53..428.75 rows=107 width=125)
	  Recheck Cond: ((k >= 1501718) AND (k <= 1501818))
	  ->  Bitmap Index Scan on k_2  (cost=0.00..5.50 rows=107 width=0)
	        Index Cond: ((k >= 1501718) AND (k <= 1501818))

table 3 : explain SELECT k, c FROM sbtest3 WHERE k BETWEEN 1501718 AND 1501818
	Bitmap Heap Scan on sbtest3  (cost=5.57..444.49 rows=111 width=125)
	  Recheck Cond: ((k >= 1501718) AND (k <= 1501818))
	  ->  Bitmap Index Scan on k_3  (cost=0.00..5.54 rows=111 width=0)
	        Index Cond: ((k >= 1501718) AND (k <= 1501818))

table 4 : explain SELECT k, c FROM sbtest4 WHERE k BETWEEN 1501718 AND 1501818
	Bitmap Heap Scan on sbtest4  (cost=5.43..389.37 rows=97 width=125)
	  Recheck Cond: ((k >= 1501718) AND (k <= 1501818))
	  ->  Bitmap Index Scan on k_4  (cost=0.00..5.40 rows=97 width=0)
	        Index Cond: ((k >= 1501718) AND (k <= 1501818))

table 5 : explain SELECT k, c FROM sbtest5 WHERE k BETWEEN 1501718 AND 1501818
	Bitmap Heap Scan on sbtest5  (cost=5.50..416.94 rows=104 width=125)
	  Recheck Cond: ((k >= 1501718) AND (k <= 1501818))
	  ->  Bitmap Index Scan on k_5  (cost=0.00..5.47 rows=104 width=0)
	        Index Cond: ((k >= 1501718) AND (k <= 1501818))

table 6 : explain SELECT k, c FROM sbtest6 WHERE k BETWEEN 1501718 AND 1501818
	Bitmap Heap Scan on sbtest6  (cost=5.42..385.43 rows=96 width=125)
	  Recheck Cond: ((k >= 1501718) AND (k <= 1501818))
	  ->  Bitmap Index Scan on k_6  (cost=0.00..5.39 rows=96 width=0)
	        Index Cond: ((k >= 1501718) AND (k <= 1501818))

table 7 : explain SELECT k, c FROM sbtest7 WHERE k BETWEEN 1501718 AND 1501818
	Bitmap Heap Scan on sbtest7  (cost=5.45..397.25 rows=99 width=125)
	  Recheck Cond: ((k >= 1501718) AND (k <= 1501818))
	  ->  Bitmap Index Scan on k_7  (cost=0.00..5.42 rows=99 width=0)
	        Index Cond: ((k >= 1501718) AND (k <= 1501818))

table 8 : explain SELECT k, c FROM sbtest8 WHERE k BETWEEN 1501718 AND 1501818
	Bitmap Heap Scan on sbtest8  (cost=5.50..416.94 rows=104 width=125)
	  Recheck Cond: ((k >= 1501718) AND (k <= 1501818))
	  ->  Bitmap Index Scan on k_8  (cost=0.00..5.47 rows=104 width=0)
	        Index Cond: ((k >= 1501718) AND (k <= 1501818))

for range-notcovered
table 1 : explain SELECT k, c FROM sbtest1 WHERE k BETWEEN 628991 AND 629091
	Bitmap Heap Scan on sbtest1  (cost=5.55..436.62 rows=109 width=125)
	  Recheck Cond: ((k >= 628991) AND (k <= 629091))
	  ->  Bitmap Index Scan on k_1  (cost=0.00..5.52 rows=109 width=0)
	        Index Cond: ((k >= 628991) AND (k <= 629091))

table 2 : explain SELECT k, c FROM sbtest2 WHERE k BETWEEN 628991 AND 629091
	Bitmap Heap Scan on sbtest2  (cost=5.50..416.94 rows=104 width=125)
	  Recheck Cond: ((k >= 628991) AND (k <= 629091))
	  ->  Bitmap Index Scan on k_2  (cost=0.00..5.47 rows=104 width=0)
	        Index Cond: ((k >= 628991) AND (k <= 629091))

table 3 : explain SELECT k, c FROM sbtest3 WHERE k BETWEEN 628991 AND 629091
	Bitmap Heap Scan on sbtest3  (cost=5.41..381.49 rows=95 width=125)
	  Recheck Cond: ((k >= 628991) AND (k <= 629091))
	  ->  Bitmap Index Scan on k_3  (cost=0.00..5.38 rows=95 width=0)
	        Index Cond: ((k >= 628991) AND (k <= 629091))

table 4 : explain SELECT k, c FROM sbtest4 WHERE k BETWEEN 628991 AND 629091
	Bitmap Heap Scan on sbtest4  (cost=5.54..432.69 rows=108 width=125)
	  Recheck Cond: ((k >= 628991) AND (k <= 629091))
	  ->  Bitmap Index Scan on k_4  (cost=0.00..5.51 rows=108 width=0)
	        Index Cond: ((k >= 628991) AND (k <= 629091))

table 5 : explain SELECT k, c FROM sbtest5 WHERE k BETWEEN 628991 AND 629091
	Bitmap Heap Scan on sbtest5  (cost=5.51..420.88 rows=105 width=125)
	  Recheck Cond: ((k >= 628991) AND (k <= 629091))
	  ->  Bitmap Index Scan on k_5  (cost=0.00..5.48 rows=105 width=0)
	        Index Cond: ((k >= 628991) AND (k <= 629091))

table 6 : explain SELECT k, c FROM sbtest6 WHERE k BETWEEN 628991 AND 629091
	Bitmap Heap Scan on sbtest6  (cost=5.49..413.00 rows=103 width=125)
	  Recheck Cond: ((k >= 628991) AND (k <= 629091))
	  ->  Bitmap Index Scan on k_6  (cost=0.00..5.46 rows=103 width=0)
	        Index Cond: ((k >= 628991) AND (k <= 629091))

table 7 : explain SELECT k, c FROM sbtest7 WHERE k BETWEEN 628991 AND 629091
	Bitmap Heap Scan on sbtest7  (cost=5.56..440.56 rows=110 width=125)
	  Recheck Cond: ((k >= 628991) AND (k <= 629091))
	  ->  Bitmap Index Scan on k_7  (cost=0.00..5.53 rows=110 width=0)
	        Index Cond: ((k >= 628991) AND (k <= 629091))

table 8 : explain SELECT k, c FROM sbtest8 WHERE k BETWEEN 628991 AND 629091
	Bitmap Heap Scan on sbtest8  (cost=5.54..432.69 rows=108 width=125)
	  Recheck Cond: ((k >= 628991) AND (k <= 629091))
	  ->  Bitmap Index Scan on k_8  (cost=0.00..5.51 rows=108 width=0)
	        Index Cond: ((k >= 628991) AND (k <= 629091))

explain: for range-notcovered :: explain SELECT k, c FROM sbtest%d WHERE k BETWEEN 4305390 AND 4305490
explain: for range-notcovered :: explain SELECT k, c FROM sbtest%d WHERE k BETWEEN 628991 AND 629091
explain: for range-notcovered :: explain SELECT k, c FROM sbtest%d WHERE k BETWEEN 6006776 AND 6006876
explain: for range-notcovered :: explain SELECT k, c FROM sbtest%d WHERE k BETWEEN 4929683 AND 4929783
explain: for range-notcovered :: explain SELECT k, c FROM sbtest%d WHERE k BETWEEN 6161700 AND 6161800
for range-notcovered
table 1 : explain SELECT k, c FROM sbtest1 WHERE k BETWEEN 1474795 AND 1474895
	Bitmap Heap Scan on sbtest1  (cost=5.44..393.31 rows=98 width=125)
	  Recheck Cond: ((k >= 1474795) AND (k <= 1474895))
	  ->  Bitmap Index Scan on k_1  (cost=0.00..5.42 rows=98 width=0)
	        Index Cond: ((k >= 1474795) AND (k <= 1474895))

table 2 : explain SELECT k, c FROM sbtest2 WHERE k BETWEEN 1474795 AND 1474895
	Bitmap Heap Scan on sbtest2  (cost=5.48..409.07 rows=102 width=125)
	  Recheck Cond: ((k >= 1474795) AND (k <= 1474895))
	  ->  Bitmap Index Scan on k_2  (cost=0.00..5.45 rows=102 width=0)
	        Index Cond: ((k >= 1474795) AND (k <= 1474895))

table 3 : explain SELECT k, c FROM sbtest3 WHERE k BETWEEN 1474795 AND 1474895
	Bitmap Heap Scan on sbtest3  (cost=5.57..444.49 rows=111 width=125)
	  Recheck Cond: ((k >= 1474795) AND (k <= 1474895))
	  ->  Bitmap Index Scan on k_3  (cost=0.00..5.54 rows=111 width=0)
	        Index Cond: ((k >= 1474795) AND (k <= 1474895))

table 4 : explain SELECT k, c FROM sbtest4 WHERE k BETWEEN 1474795 AND 1474895
	Bitmap Heap Scan on sbtest4  (cost=5.43..389.37 rows=97 width=125)
	  Recheck Cond: ((k >= 1474795) AND (k <= 1474895))
	  ->  Bitmap Index Scan on k_4  (cost=0.00..5.40 rows=97 width=0)
	        Index Cond: ((k >= 1474795) AND (k <= 1474895))

table 5 : explain SELECT k, c FROM sbtest5 WHERE k BETWEEN 1474795 AND 1474895
	Bitmap Heap Scan on sbtest5  (cost=5.46..401.19 rows=100 width=125)
	  Recheck Cond: ((k >= 1474795) AND (k <= 1474895))
	  ->  Bitmap Index Scan on k_5  (cost=0.00..5.43 rows=100 width=0)
	        Index Cond: ((k >= 1474795) AND (k <= 1474895))

table 6 : explain SELECT k, c FROM sbtest6 WHERE k BETWEEN 1474795 AND 1474895
	Bitmap Heap Scan on sbtest6  (cost=5.42..385.43 rows=96 width=125)
	  Recheck Cond: ((k >= 1474795) AND (k <= 1474895))
	  ->  Bitmap Index Scan on k_6  (cost=0.00..5.39 rows=96 width=0)
	        Index Cond: ((k >= 1474795) AND (k <= 1474895))

table 7 : explain SELECT k, c FROM sbtest7 WHERE k BETWEEN 1474795 AND 1474895
	Bitmap Heap Scan on sbtest7  (cost=5.45..397.25 rows=99 width=125)
	  Recheck Cond: ((k >= 1474795) AND (k <= 1474895))
	  ->  Bitmap Index Scan on k_7  (cost=0.00..5.42 rows=99 width=0)
	        Index Cond: ((k >= 1474795) AND (k <= 1474895))

table 8 : explain SELECT k, c FROM sbtest8 WHERE k BETWEEN 1474795 AND 1474895
	Bitmap Heap Scan on sbtest8  (cost=5.50..416.94 rows=104 width=125)
	  Recheck Cond: ((k >= 1474795) AND (k <= 1474895))
	  ->  Bitmap Index Scan on k_8  (cost=0.00..5.47 rows=104 width=0)
	        Index Cond: ((k >= 1474795) AND (k <= 1474895))

for range-notcovered
table 1 : explain SELECT k, c FROM sbtest1 WHERE k BETWEEN 2979058 AND 2979158
	Bitmap Heap Scan on sbtest1  (cost=5.48..409.07 rows=102 width=125)
	  Recheck Cond: ((k >= 2979058) AND (k <= 2979158))
	  ->  Bitmap Index Scan on k_1  (cost=0.00..5.45 rows=102 width=0)
	        Index Cond: ((k >= 2979058) AND (k <= 2979158))

table 2 : explain SELECT k, c FROM sbtest2 WHERE k BETWEEN 2979058 AND 2979158
	Bitmap Heap Scan on sbtest2  (cost=5.58..448.42 rows=112 width=125)
	  Recheck Cond: ((k >= 2979058) AND (k <= 2979158))
	  ->  Bitmap Index Scan on k_2  (cost=0.00..5.55 rows=112 width=0)
	        Index Cond: ((k >= 2979058) AND (k <= 2979158))

table 3 : explain SELECT k, c FROM sbtest3 WHERE k BETWEEN 2979058 AND 2979158
	Bitmap Heap Scan on sbtest3  (cost=5.43..389.37 rows=97 width=125)
	  Recheck Cond: ((k >= 2979058) AND (k <= 2979158))
	  ->  Bitmap Index Scan on k_3  (cost=0.00..5.40 rows=97 width=0)
	        Index Cond: ((k >= 2979058) AND (k <= 2979158))

table 4 : explain SELECT k, c FROM sbtest4 WHERE k BETWEEN 2979058 AND 2979158
	Bitmap Heap Scan on sbtest4  (cost=5.50..416.94 rows=104 width=125)
	  Recheck Cond: ((k >= 2979058) AND (k <= 2979158))
	  ->  Bitmap Index Scan on k_4  (cost=0.00..5.47 rows=104 width=0)
	        Index Cond: ((k >= 2979058) AND (k <= 2979158))

table 5 : explain SELECT k, c FROM sbtest5 WHERE k BETWEEN 2979058 AND 2979158
	Bitmap Heap Scan on sbtest5  (cost=5.50..416.94 rows=104 width=125)
	  Recheck Cond: ((k >= 2979058) AND (k <= 2979158))
	  ->  Bitmap Index Scan on k_5  (cost=0.00..5.47 rows=104 width=0)
	        Index Cond: ((k >= 2979058) AND (k <= 2979158))

table 6 : explain SELECT k, c FROM sbtest6 WHERE k BETWEEN 2979058 AND 2979158
	Bitmap Heap Scan on sbtest6  (cost=5.51..420.88 rows=105 width=125)
	  Recheck Cond: ((k >= 2979058) AND (k <= 2979158))
	  ->  Bitmap Index Scan on k_6  (cost=0.00..5.48 rows=105 width=0)
	        Index Cond: ((k >= 2979058) AND (k <= 2979158))

table 7 : explain SELECT k, c FROM sbtest7 WHERE k BETWEEN 2979058 AND 2979158
	Bitmap Heap Scan on sbtest7  (cost=5.51..420.88 rows=105 width=125)
	  Recheck Cond: ((k >= 2979058) AND (k <= 2979158))
	  ->  Bitmap Index Scan on k_7  (cost=0.00..5.48 rows=105 width=0)
	        Index Cond: ((k >= 2979058) AND (k <= 2979158))

table 8 : explain SELECT k, c FROM sbtest8 WHERE k BETWEEN 2979058 AND 2979158
	Bitmap Heap Scan on sbtest8  (cost=5.43..389.37 rows=97 width=125)
	  Recheck Cond: ((k >= 2979058) AND (k <= 2979158))
	  ->  Bitmap Index Scan on k_8  (cost=0.00..5.40 rows=97 width=0)
	        Index Cond: ((k >= 2979058) AND (k <= 2979158))

explain: for range-notcovered :: explain SELECT k, c FROM sbtest%d WHERE k BETWEEN 2979058 AND 2979158
explain: for range-notcovered :: explain SELECT k, c FROM sbtest%d WHERE k BETWEEN 1474795 AND 1474895
for range-notcovered
table 1 : explain SELECT k, c FROM sbtest1 WHERE k BETWEEN 4627628 AND 4627728
	Bitmap Heap Scan on sbtest1  (cost=5.56..440.56 rows=110 width=125)
	  Recheck Cond: ((k >= 4627628) AND (k <= 4627728))
	  ->  Bitmap Index Scan on k_1  (cost=0.00..5.53 rows=110 width=0)
	        Index Cond: ((k >= 4627628) AND (k <= 4627728))

table 2 : explain SELECT k, c FROM sbtest2 WHERE k BETWEEN 4627628 AND 4627728
	Bitmap Heap Scan on sbtest2  (cost=5.44..393.31 rows=98 width=125)
	  Recheck Cond: ((k >= 4627628) AND (k <= 4627728))
	  ->  Bitmap Index Scan on k_2  (cost=0.00..5.42 rows=98 width=0)
	        Index Cond: ((k >= 4627628) AND (k <= 4627728))

table 3 : explain SELECT k, c FROM sbtest3 WHERE k BETWEEN 4627628 AND 4627728
	Bitmap Heap Scan on sbtest3  (cost=5.56..440.56 rows=110 width=125)
	  Recheck Cond: ((k >= 4627628) AND (k <= 4627728))
	  ->  Bitmap Index Scan on k_3  (cost=0.00..5.53 rows=110 width=0)
	        Index Cond: ((k >= 4627628) AND (k <= 4627728))

table 4 : explain SELECT k, c FROM sbtest4 WHERE k BETWEEN 4627628 AND 4627728
	Bitmap Heap Scan on sbtest4  (cost=5.51..420.88 rows=105 width=125)
	  Recheck Cond: ((k >= 4627628) AND (k <= 4627728))
	  ->  Bitmap Index Scan on k_4  (cost=0.00..5.48 rows=105 width=0)
	        Index Cond: ((k >= 4627628) AND (k <= 4627728))

table 5 : explain SELECT k, c FROM sbtest5 WHERE k BETWEEN 4627628 AND 4627728
	Bitmap Heap Scan on sbtest5  (cost=5.48..409.07 rows=102 width=125)
	  Recheck Cond: ((k >= 4627628) AND (k <= 4627728))
	  ->  Bitmap Index Scan on k_5  (cost=0.00..5.45 rows=102 width=0)
	        Index Cond: ((k >= 4627628) AND (k <= 4627728))

table 6 : explain SELECT k, c FROM sbtest6 WHERE k BETWEEN 4627628 AND 4627728
	Bitmap Heap Scan on sbtest6  (cost=5.39..373.61 rows=93 width=125)
	  Recheck Cond: ((k >= 4627628) AND (k <= 4627728))
	  ->  Bitmap Index Scan on k_6  (cost=0.00..5.36 rows=93 width=0)
	        Index Cond: ((k >= 4627628) AND (k <= 4627728))

table 7 : explain SELECT k, c FROM sbtest7 WHERE k BETWEEN 4627628 AND 4627728
	Bitmap Heap Scan on sbtest7  (cost=5.58..448.42 rows=112 width=125)
	  Recheck Cond: ((k >= 4627628) AND (k <= 4627728))
	  ->  Bitmap Index Scan on k_7  (cost=0.00..5.55 rows=112 width=0)
	        Index Cond: ((k >= 4627628) AND (k <= 4627728))

table 8 : explain SELECT k, c FROM sbtest8 WHERE k BETWEEN 4627628 AND 4627728
	Bitmap Heap Scan on sbtest8  (cost=5.45..397.25 rows=99 width=125)
	  Recheck Cond: ((k >= 4627628) AND (k <= 4627728))
	  ->  Bitmap Index Scan on k_8  (cost=0.00..5.42 rows=99 width=0)
	        Index Cond: ((k >= 4627628) AND (k <= 4627728))

for range-notcovered
table 1 : explain SELECT k, c FROM sbtest1 WHERE k BETWEEN 7164037 AND 7164137
	Bitmap Heap Scan on sbtest1  (cost=5.46..401.19 rows=100 width=125)
	  Recheck Cond: ((k >= 7164037) AND (k <= 7164137))
	  ->  Bitmap Index Scan on k_1  (cost=0.00..5.43 rows=100 width=0)
	        Index Cond: ((k >= 7164037) AND (k <= 7164137))

table 2 : explain SELECT k, c FROM sbtest2 WHERE k BETWEEN 7164037 AND 7164137
	Bitmap Heap Scan on sbtest2  (cost=5.54..432.69 rows=108 width=125)
	  Recheck Cond: ((k >= 7164037) AND (k <= 7164137))
	  ->  Bitmap Index Scan on k_2  (cost=0.00..5.51 rows=108 width=0)
	        Index Cond: ((k >= 7164037) AND (k <= 7164137))

table 3 : explain SELECT k, c FROM sbtest3 WHERE k BETWEEN 7164037 AND 7164137
	Bitmap Heap Scan on sbtest3  (cost=5.48..409.07 rows=102 width=125)
	  Recheck Cond: ((k >= 7164037) AND (k <= 7164137))
	  ->  Bitmap Index Scan on k_3  (cost=0.00..5.45 rows=102 width=0)
	        Index Cond: ((k >= 7164037) AND (k <= 7164137))

table 4 : explain SELECT k, c FROM sbtest4 WHERE k BETWEEN 7164037 AND 7164137
	Bitmap Heap Scan on sbtest4  (cost=5.50..416.94 rows=104 width=125)
	  Recheck Cond: ((k >= 7164037) AND (k <= 7164137))
	  ->  Bitmap Index Scan on k_4  (cost=0.00..5.47 rows=104 width=0)
	        Index Cond: ((k >= 7164037) AND (k <= 7164137))

table 5 : explain SELECT k, c FROM sbtest5 WHERE k BETWEEN 7164037 AND 7164137
	Bitmap Heap Scan on sbtest5  (cost=5.51..420.88 rows=105 width=125)
	  Recheck Cond: ((k >= 7164037) AND (k <= 7164137))
	  ->  Bitmap Index Scan on k_5  (cost=0.00..5.48 rows=105 width=0)
	        Index Cond: ((k >= 7164037) AND (k <= 7164137))

table 6 : explain SELECT k, c FROM sbtest6 WHERE k BETWEEN 7164037 AND 7164137
	Bitmap Heap Scan on sbtest6  (cost=5.45..397.25 rows=99 width=125)
	  Recheck Cond: ((k >= 7164037) AND (k <= 7164137))
	  ->  Bitmap Index Scan on k_6  (cost=0.00..5.42 rows=99 width=0)
	        Index Cond: ((k >= 7164037) AND (k <= 7164137))

table 7 : explain SELECT k, c FROM sbtest7 WHERE k BETWEEN 7164037 AND 7164137
	Bitmap Heap Scan on sbtest7  (cost=5.51..420.88 rows=105 width=125)
	  Recheck Cond: ((k >= 7164037) AND (k <= 7164137))
	  ->  Bitmap Index Scan on k_7  (cost=0.00..5.48 rows=105 width=0)
	        Index Cond: ((k >= 7164037) AND (k <= 7164137))

table 8 : explain SELECT k, c FROM sbtest8 WHERE k BETWEEN 7164037 AND 7164137
	Bitmap Heap Scan on sbtest8  (cost=5.47..405.13 rows=101 width=125)
	  Recheck Cond: ((k >= 7164037) AND (k <= 7164137))
	  ->  Bitmap Index Scan on k_8  (cost=0.00..5.44 rows=101 width=0)
	        Index Cond: ((k >= 7164037) AND (k <= 7164137))

explain: for range-notcovered :: explain SELECT k, c FROM sbtest%d WHERE k BETWEEN 9064660 AND 9064760
explain: for range-notcovered :: explain SELECT k, c FROM sbtest%d WHERE k BETWEEN 7164037 AND 7164137
for range-notcovered
table 1 : explain SELECT k, c FROM sbtest1 WHERE k BETWEEN 4305390 AND 4305490
	Bitmap Heap Scan on sbtest1  (cost=5.59..452.36 rows=113 width=125)
	  Recheck Cond: ((k >= 4305390) AND (k <= 4305490))
	  ->  Bitmap Index Scan on k_1  (cost=0.00..5.56 rows=113 width=0)
	        Index Cond: ((k >= 4305390) AND (k <= 4305490))

table 2 : explain SELECT k, c FROM sbtest2 WHERE k BETWEEN 4305390 AND 4305490
	Bitmap Heap Scan on sbtest2  (cost=5.59..452.36 rows=113 width=125)
	  Recheck Cond: ((k >= 4305390) AND (k <= 4305490))
	  ->  Bitmap Index Scan on k_2  (cost=0.00..5.56 rows=113 width=0)
	        Index Cond: ((k >= 4305390) AND (k <= 4305490))

table 3 : explain SELECT k, c FROM sbtest3 WHERE k BETWEEN 4305390 AND 4305490
	Bitmap Heap Scan on sbtest3  (cost=5.45..397.25 rows=99 width=125)
	  Recheck Cond: ((k >= 4305390) AND (k <= 4305490))
	  ->  Bitmap Index Scan on k_3  (cost=0.00..5.42 rows=99 width=0)
	        Index Cond: ((k >= 4305390) AND (k <= 4305490))

table 4 : explain SELECT k, c FROM sbtest4 WHERE k BETWEEN 4305390 AND 4305490
	Bitmap Heap Scan on sbtest4  (cost=5.48..409.07 rows=102 width=125)
	  Recheck Cond: ((k >= 4305390) AND (k <= 4305490))
	  ->  Bitmap Index Scan on k_4  (cost=0.00..5.45 rows=102 width=0)
	        Index Cond: ((k >= 4305390) AND (k <= 4305490))

table 5 : explain SELECT k, c FROM sbtest5 WHERE k BETWEEN 4305390 AND 4305490
	Bitmap Heap Scan on sbtest5  (cost=5.54..432.69 rows=108 width=125)
	  Recheck Cond: ((k >= 4305390) AND (k <= 4305490))
	  ->  Bitmap Index Scan on k_5  (cost=0.00..5.51 rows=108 width=0)
	        Index Cond: ((k >= 4305390) AND (k <= 4305490))

table 6 : explain SELECT k, c FROM sbtest6 WHERE k BETWEEN 4305390 AND 4305490
	Bitmap Heap Scan on sbtest6  (cost=5.46..401.19 rows=100 width=125)
	  Recheck Cond: ((k >= 4305390) AND (k <= 4305490))
	  ->  Bitmap Index Scan on k_6  (cost=0.00..5.43 rows=100 width=0)
	        Index Cond: ((k >= 4305390) AND (k <= 4305490))

table 7 : explain SELECT k, c FROM sbtest7 WHERE k BETWEEN 4305390 AND 4305490
	Bitmap Heap Scan on sbtest7  (cost=5.49..413.00 rows=103 width=125)
	  Recheck Cond: ((k >= 4305390) AND (k <= 4305490))
	  ->  Bitmap Index Scan on k_7  (cost=0.00..5.46 rows=103 width=0)
	        Index Cond: ((k >= 4305390) AND (k <= 4305490))

table 8 : explain SELECT k, c FROM sbtest8 WHERE k BETWEEN 4305390 AND 4305490
	Bitmap Heap Scan on sbtest8  (cost=5.49..413.00 rows=103 width=125)
	  Recheck Cond: ((k >= 4305390) AND (k <= 4305490))
	  ->  Bitmap Index Scan on k_8  (cost=0.00..5.46 rows=103 width=0)
	        Index Cond: ((k >= 4305390) AND (k <= 4305490))

explain: for range-notcovered :: explain SELECT k, c FROM sbtest%d WHERE k BETWEEN 1501718 AND 1501818
for range-notcovered
table 1 : explain SELECT k, c FROM sbtest1 WHERE k BETWEEN 628991 AND 629091
	Bitmap Heap Scan on sbtest1  (cost=5.55..436.62 rows=109 width=125)
	  Recheck Cond: ((k >= 628991) AND (k <= 629091))
	  ->  Bitmap Index Scan on k_1  (cost=0.00..5.52 rows=109 width=0)
	        Index Cond: ((k >= 628991) AND (k <= 629091))

table 2 : explain SELECT k, c FROM sbtest2 WHERE k BETWEEN 628991 AND 629091
	Bitmap Heap Scan on sbtest2  (cost=5.50..416.94 rows=104 width=125)
	  Recheck Cond: ((k >= 628991) AND (k <= 629091))
	  ->  Bitmap Index Scan on k_2  (cost=0.00..5.47 rows=104 width=0)
	        Index Cond: ((k >= 628991) AND (k <= 629091))

table 3 : explain SELECT k, c FROM sbtest3 WHERE k BETWEEN 628991 AND 629091
	Bitmap Heap Scan on sbtest3  (cost=5.41..381.49 rows=95 width=125)
	  Recheck Cond: ((k >= 628991) AND (k <= 629091))
	  ->  Bitmap Index Scan on k_3  (cost=0.00..5.38 rows=95 width=0)
	        Index Cond: ((k >= 628991) AND (k <= 629091))

table 4 : explain SELECT k, c FROM sbtest4 WHERE k BETWEEN 628991 AND 629091
	Bitmap Heap Scan on sbtest4  (cost=5.54..432.69 rows=108 width=125)
	  Recheck Cond: ((k >= 628991) AND (k <= 629091))
	  ->  Bitmap Index Scan on k_4  (cost=0.00..5.51 rows=108 width=0)
	        Index Cond: ((k >= 628991) AND (k <= 629091))

table 5 : explain SELECT k, c FROM sbtest5 WHERE k BETWEEN 628991 AND 629091
	Bitmap Heap Scan on sbtest5  (cost=5.51..420.88 rows=105 width=125)
	  Recheck Cond: ((k >= 628991) AND (k <= 629091))
	  ->  Bitmap Index Scan on k_5  (cost=0.00..5.48 rows=105 width=0)
	        Index Cond: ((k >= 628991) AND (k <= 629091))

table 6 : explain SELECT k, c FROM sbtest6 WHERE k BETWEEN 628991 AND 629091
	Bitmap Heap Scan on sbtest6  (cost=5.49..413.00 rows=103 width=125)
	  Recheck Cond: ((k >= 628991) AND (k <= 629091))
	  ->  Bitmap Index Scan on k_6  (cost=0.00..5.46 rows=103 width=0)
	        Index Cond: ((k >= 628991) AND (k <= 629091))

table 7 : explain SELECT k, c FROM sbtest7 WHERE k BETWEEN 628991 AND 629091
	Bitmap Heap Scan on sbtest7  (cost=5.56..440.56 rows=110 width=125)
	  Recheck Cond: ((k >= 628991) AND (k <= 629091))
	  ->  Bitmap Index Scan on k_7  (cost=0.00..5.53 rows=110 width=0)
	        Index Cond: ((k >= 628991) AND (k <= 629091))

table 8 : explain SELECT k, c FROM sbtest8 WHERE k BETWEEN 628991 AND 629091
	Bitmap Heap Scan on sbtest8  (cost=5.54..432.69 rows=108 width=125)
	  Recheck Cond: ((k >= 628991) AND (k <= 629091))
	  ->  Bitmap Index Scan on k_8  (cost=0.00..5.51 rows=108 width=0)
	        Index Cond: ((k >= 628991) AND (k <= 629091))

explain: for range-notcovered :: explain SELECT k, c FROM sbtest%d WHERE k BETWEEN 4305390 AND 4305490
explain: for range-notcovered :: explain SELECT k, c FROM sbtest%d WHERE k BETWEEN 5366786 AND 5366886
explain: for range-notcovered :: explain SELECT k, c FROM sbtest%d WHERE k BETWEEN 4627628 AND 4627728
for range-notcovered
table 1 : explain SELECT k, c FROM sbtest1 WHERE k BETWEEN 2979058 AND 2979158
	Bitmap Heap Scan on sbtest1  (cost=5.48..409.07 rows=102 width=125)
	  Recheck Cond: ((k >= 2979058) AND (k <= 2979158))
	  ->  Bitmap Index Scan on k_1  (cost=0.00..5.45 rows=102 width=0)
	        Index Cond: ((k >= 2979058) AND (k <= 2979158))

table 2 : explain SELECT k, c FROM sbtest2 WHERE k BETWEEN 2979058 AND 2979158
	Bitmap Heap Scan on sbtest2  (cost=5.58..448.42 rows=112 width=125)
	  Recheck Cond: ((k >= 2979058) AND (k <= 2979158))
	  ->  Bitmap Index Scan on k_2  (cost=0.00..5.55 rows=112 width=0)
	        Index Cond: ((k >= 2979058) AND (k <= 2979158))

table 3 : explain SELECT k, c FROM sbtest3 WHERE k BETWEEN 2979058 AND 2979158
	Bitmap Heap Scan on sbtest3  (cost=5.43..389.37 rows=97 width=125)
	  Recheck Cond: ((k >= 2979058) AND (k <= 2979158))
	  ->  Bitmap Index Scan on k_3  (cost=0.00..5.40 rows=97 width=0)
	        Index Cond: ((k >= 2979058) AND (k <= 2979158))

table 4 : explain SELECT k, c FROM sbtest4 WHERE k BETWEEN 2979058 AND 2979158
	Bitmap Heap Scan on sbtest4  (cost=5.50..416.94 rows=104 width=125)
	  Recheck Cond: ((k >= 2979058) AND (k <= 2979158))
	  ->  Bitmap Index Scan on k_4  (cost=0.00..5.47 rows=104 width=0)
	        Index Cond: ((k >= 2979058) AND (k <= 2979158))

table 5 : explain SELECT k, c FROM sbtest5 WHERE k BETWEEN 2979058 AND 2979158
	Bitmap Heap Scan on sbtest5  (cost=5.50..416.94 rows=104 width=125)
	  Recheck Cond: ((k >= 2979058) AND (k <= 2979158))
	  ->  Bitmap Index Scan on k_5  (cost=0.00..5.47 rows=104 width=0)
	        Index Cond: ((k >= 2979058) AND (k <= 2979158))

table 6 : explain SELECT k, c FROM sbtest6 WHERE k BETWEEN 2979058 AND 2979158
	Bitmap Heap Scan on sbtest6  (cost=5.51..420.88 rows=105 width=125)
	  Recheck Cond: ((k >= 2979058) AND (k <= 2979158))
	  ->  Bitmap Index Scan on k_6  (cost=0.00..5.48 rows=105 width=0)
	        Index Cond: ((k >= 2979058) AND (k <= 2979158))

table 7 : explain SELECT k, c FROM sbtest7 WHERE k BETWEEN 2979058 AND 2979158
	Bitmap Heap Scan on sbtest7  (cost=5.51..420.88 rows=105 width=125)
	  Recheck Cond: ((k >= 2979058) AND (k <= 2979158))
	  ->  Bitmap Index Scan on k_7  (cost=0.00..5.48 rows=105 width=0)
	        Index Cond: ((k >= 2979058) AND (k <= 2979158))

table 8 : explain SELECT k, c FROM sbtest8 WHERE k BETWEEN 2979058 AND 2979158
	Bitmap Heap Scan on sbtest8  (cost=5.43..389.37 rows=97 width=125)
	  Recheck Cond: ((k >= 2979058) AND (k <= 2979158))
	  ->  Bitmap Index Scan on k_8  (cost=0.00..5.40 rows=97 width=0)
	        Index Cond: ((k >= 2979058) AND (k <= 2979158))

explain: for range-notcovered :: explain SELECT k, c FROM sbtest%d WHERE k BETWEEN 4802221 AND 4802321
explain: for range-notcovered :: explain SELECT k, c FROM sbtest%d WHERE k BETWEEN 2979058 AND 2979158
explain: for range-notcovered :: explain SELECT k, c FROM sbtest%d WHERE k BETWEEN 628991 AND 629091
for range-notcovered
table 1 : explain SELECT k, c FROM sbtest1 WHERE k BETWEEN 1474795 AND 1474895
	Bitmap Heap Scan on sbtest1  (cost=5.44..393.31 rows=98 width=125)
	  Recheck Cond: ((k >= 1474795) AND (k <= 1474895))
	  ->  Bitmap Index Scan on k_1  (cost=0.00..5.42 rows=98 width=0)
	        Index Cond: ((k >= 1474795) AND (k <= 1474895))

table 2 : explain SELECT k, c FROM sbtest2 WHERE k BETWEEN 1474795 AND 1474895
	Bitmap Heap Scan on sbtest2  (cost=5.48..409.07 rows=102 width=125)
	  Recheck Cond: ((k >= 1474795) AND (k <= 1474895))
	  ->  Bitmap Index Scan on k_2  (cost=0.00..5.45 rows=102 width=0)
	        Index Cond: ((k >= 1474795) AND (k <= 1474895))

table 3 : explain SELECT k, c FROM sbtest3 WHERE k BETWEEN 1474795 AND 1474895
	Bitmap Heap Scan on sbtest3  (cost=5.57..444.49 rows=111 width=125)
	  Recheck Cond: ((k >= 1474795) AND (k <= 1474895))
	  ->  Bitmap Index Scan on k_3  (cost=0.00..5.54 rows=111 width=0)
	        Index Cond: ((k >= 1474795) AND (k <= 1474895))

table 4 : explain SELECT k, c FROM sbtest4 WHERE k BETWEEN 1474795 AND 1474895
	Bitmap Heap Scan on sbtest4  (cost=5.43..389.37 rows=97 width=125)
	  Recheck Cond: ((k >= 1474795) AND (k <= 1474895))
	  ->  Bitmap Index Scan on k_4  (cost=0.00..5.40 rows=97 width=0)
	        Index Cond: ((k >= 1474795) AND (k <= 1474895))

table 5 : explain SELECT k, c FROM sbtest5 WHERE k BETWEEN 1474795 AND 1474895
	Bitmap Heap Scan on sbtest5  (cost=5.46..401.19 rows=100 width=125)
	  Recheck Cond: ((k >= 1474795) AND (k <= 1474895))
	  ->  Bitmap Index Scan on k_5  (cost=0.00..5.43 rows=100 width=0)
	        Index Cond: ((k >= 1474795) AND (k <= 1474895))

table 6 : explain SELECT k, c FROM sbtest6 WHERE k BETWEEN 1474795 AND 1474895
	Bitmap Heap Scan on sbtest6  (cost=5.42..385.43 rows=96 width=125)
	  Recheck Cond: ((k >= 1474795) AND (k <= 1474895))
	  ->  Bitmap Index Scan on k_6  (cost=0.00..5.39 rows=96 width=0)
	        Index Cond: ((k >= 1474795) AND (k <= 1474895))

table 7 : explain SELECT k, c FROM sbtest7 WHERE k BETWEEN 1474795 AND 1474895
	Bitmap Heap Scan on sbtest7  (cost=5.45..397.25 rows=99 width=125)
	  Recheck Cond: ((k >= 1474795) AND (k <= 1474895))
	  ->  Bitmap Index Scan on k_7  (cost=0.00..5.42 rows=99 width=0)
	        Index Cond: ((k >= 1474795) AND (k <= 1474895))

table 8 : explain SELECT k, c FROM sbtest8 WHERE k BETWEEN 1474795 AND 1474895
	Bitmap Heap Scan on sbtest8  (cost=5.50..416.94 rows=104 width=125)
	  Recheck Cond: ((k >= 1474795) AND (k <= 1474895))
	  ->  Bitmap Index Scan on k_8  (cost=0.00..5.47 rows=104 width=0)
	        Index Cond: ((k >= 1474795) AND (k <= 1474895))

explain: for range-notcovered :: explain SELECT k, c FROM sbtest%d WHERE k BETWEEN 1474795 AND 1474895
for range-notcovered
table 1 : explain SELECT k, c FROM sbtest1 WHERE k BETWEEN 1501718 AND 1501818
	Bitmap Heap Scan on sbtest1  (cost=5.44..393.31 rows=98 width=125)
	  Recheck Cond: ((k >= 1501718) AND (k <= 1501818))
	  ->  Bitmap Index Scan on k_1  (cost=0.00..5.42 rows=98 width=0)
	        Index Cond: ((k >= 1501718) AND (k <= 1501818))

table 2 : explain SELECT k, c FROM sbtest2 WHERE k BETWEEN 1501718 AND 1501818
	Bitmap Heap Scan on sbtest2  (cost=5.53..428.75 rows=107 width=125)
	  Recheck Cond: ((k >= 1501718) AND (k <= 1501818))
	  ->  Bitmap Index Scan on k_2  (cost=0.00..5.50 rows=107 width=0)
	        Index Cond: ((k >= 1501718) AND (k <= 1501818))

table 3 : explain SELECT k, c FROM sbtest3 WHERE k BETWEEN 1501718 AND 1501818
	Bitmap Heap Scan on sbtest3  (cost=5.57..444.49 rows=111 width=125)
	  Recheck Cond: ((k >= 1501718) AND (k <= 1501818))
	  ->  Bitmap Index Scan on k_3  (cost=0.00..5.54 rows=111 width=0)
	        Index Cond: ((k >= 1501718) AND (k <= 1501818))

table 4 : explain SELECT k, c FROM sbtest4 WHERE k BETWEEN 1501718 AND 1501818
	Bitmap Heap Scan on sbtest4  (cost=5.43..389.37 rows=97 width=125)
	  Recheck Cond: ((k >= 1501718) AND (k <= 1501818))
	  ->  Bitmap Index Scan on k_4  (cost=0.00..5.40 rows=97 width=0)
	        Index Cond: ((k >= 1501718) AND (k <= 1501818))

table 5 : explain SELECT k, c FROM sbtest5 WHERE k BETWEEN 1501718 AND 1501818
	Bitmap Heap Scan on sbtest5  (cost=5.50..416.94 rows=104 width=125)
	  Recheck Cond: ((k >= 1501718) AND (k <= 1501818))
	  ->  Bitmap Index Scan on k_5  (cost=0.00..5.47 rows=104 width=0)
	        Index Cond: ((k >= 1501718) AND (k <= 1501818))

table 6 : explain SELECT k, c FROM sbtest6 WHERE k BETWEEN 1501718 AND 1501818
	Bitmap Heap Scan on sbtest6  (cost=5.42..385.43 rows=96 width=125)
	  Recheck Cond: ((k >= 1501718) AND (k <= 1501818))
	  ->  Bitmap Index Scan on k_6  (cost=0.00..5.39 rows=96 width=0)
	        Index Cond: ((k >= 1501718) AND (k <= 1501818))

table 7 : explain SELECT k, c FROM sbtest7 WHERE k BETWEEN 1501718 AND 1501818
	Bitmap Heap Scan on sbtest7  (cost=5.45..397.25 rows=99 width=125)
	  Recheck Cond: ((k >= 1501718) AND (k <= 1501818))
	  ->  Bitmap Index Scan on k_7  (cost=0.00..5.42 rows=99 width=0)
	        Index Cond: ((k >= 1501718) AND (k <= 1501818))

table 8 : explain SELECT k, c FROM sbtest8 WHERE k BETWEEN 1501718 AND 1501818
	Bitmap Heap Scan on sbtest8  (cost=5.50..416.94 rows=104 width=125)
	  Recheck Cond: ((k >= 1501718) AND (k <= 1501818))
	  ->  Bitmap Index Scan on k_8  (cost=0.00..5.47 rows=104 width=0)
	        Index Cond: ((k >= 1501718) AND (k <= 1501818))

for range-notcovered
table 1 : explain SELECT k, c FROM sbtest1 WHERE k BETWEEN 4305390 AND 4305490
	Bitmap Heap Scan on sbtest1  (cost=5.59..452.36 rows=113 width=125)
	  Recheck Cond: ((k >= 4305390) AND (k <= 4305490))
	  ->  Bitmap Index Scan on k_1  (cost=0.00..5.56 rows=113 width=0)
	        Index Cond: ((k >= 4305390) AND (k <= 4305490))

table 2 : explain SELECT k, c FROM sbtest2 WHERE k BETWEEN 4305390 AND 4305490
	Bitmap Heap Scan on sbtest2  (cost=5.59..452.36 rows=113 width=125)
	  Recheck Cond: ((k >= 4305390) AND (k <= 4305490))
	  ->  Bitmap Index Scan on k_2  (cost=0.00..5.56 rows=113 width=0)
	        Index Cond: ((k >= 4305390) AND (k <= 4305490))

table 3 : explain SELECT k, c FROM sbtest3 WHERE k BETWEEN 4305390 AND 4305490
	Bitmap Heap Scan on sbtest3  (cost=5.45..397.25 rows=99 width=125)
	  Recheck Cond: ((k >= 4305390) AND (k <= 4305490))
	  ->  Bitmap Index Scan on k_3  (cost=0.00..5.42 rows=99 width=0)
	        Index Cond: ((k >= 4305390) AND (k <= 4305490))

table 4 : explain SELECT k, c FROM sbtest4 WHERE k BETWEEN 4305390 AND 4305490
	Bitmap Heap Scan on sbtest4  (cost=5.48..409.07 rows=102 width=125)
	  Recheck Cond: ((k >= 4305390) AND (k <= 4305490))
	  ->  Bitmap Index Scan on k_4  (cost=0.00..5.45 rows=102 width=0)
	        Index Cond: ((k >= 4305390) AND (k <= 4305490))

table 5 : explain SELECT k, c FROM sbtest5 WHERE k BETWEEN 4305390 AND 4305490
	Bitmap Heap Scan on sbtest5  (cost=5.54..432.69 rows=108 width=125)
	  Recheck Cond: ((k >= 4305390) AND (k <= 4305490))
	  ->  Bitmap Index Scan on k_5  (cost=0.00..5.51 rows=108 width=0)
	        Index Cond: ((k >= 4305390) AND (k <= 4305490))

table 6 : explain SELECT k, c FROM sbtest6 WHERE k BETWEEN 4305390 AND 4305490
	Bitmap Heap Scan on sbtest6  (cost=5.46..401.19 rows=100 width=125)
	  Recheck Cond: ((k >= 4305390) AND (k <= 4305490))
	  ->  Bitmap Index Scan on k_6  (cost=0.00..5.43 rows=100 width=0)
	        Index Cond: ((k >= 4305390) AND (k <= 4305490))

table 7 : explain SELECT k, c FROM sbtest7 WHERE k BETWEEN 4305390 AND 4305490
	Bitmap Heap Scan on sbtest7  (cost=5.49..413.00 rows=103 width=125)
	  Recheck Cond: ((k >= 4305390) AND (k <= 4305490))
	  ->  Bitmap Index Scan on k_7  (cost=0.00..5.46 rows=103 width=0)
	        Index Cond: ((k >= 4305390) AND (k <= 4305490))

table 8 : explain SELECT k, c FROM sbtest8 WHERE k BETWEEN 4305390 AND 4305490
	Bitmap Heap Scan on sbtest8  (cost=5.49..413.00 rows=103 width=125)
	  Recheck Cond: ((k >= 4305390) AND (k <= 4305490))
	  ->  Bitmap Index Scan on k_8  (cost=0.00..5.46 rows=103 width=0)
	        Index Cond: ((k >= 4305390) AND (k <= 4305490))

explain: for range-notcovered :: explain SELECT k, c FROM sbtest%d WHERE k BETWEEN 1501718 AND 1501818
for range-notcovered
table 1 : explain SELECT k, c FROM sbtest1 WHERE k BETWEEN 2979058 AND 2979158
	Bitmap Heap Scan on sbtest1  (cost=5.48..409.07 rows=102 width=125)
	  Recheck Cond: ((k >= 2979058) AND (k <= 2979158))
	  ->  Bitmap Index Scan on k_1  (cost=0.00..5.45 rows=102 width=0)
	        Index Cond: ((k >= 2979058) AND (k <= 2979158))

table 2 : explain SELECT k, c FROM sbtest2 WHERE k BETWEEN 2979058 AND 2979158
	Bitmap Heap Scan on sbtest2  (cost=5.58..448.42 rows=112 width=125)
	  Recheck Cond: ((k >= 2979058) AND (k <= 2979158))
	  ->  Bitmap Index Scan on k_2  (cost=0.00..5.55 rows=112 width=0)
	        Index Cond: ((k >= 2979058) AND (k <= 2979158))

table 3 : explain SELECT k, c FROM sbtest3 WHERE k BETWEEN 2979058 AND 2979158
	Bitmap Heap Scan on sbtest3  (cost=5.43..389.37 rows=97 width=125)
	  Recheck Cond: ((k >= 2979058) AND (k <= 2979158))
	  ->  Bitmap Index Scan on k_3  (cost=0.00..5.40 rows=97 width=0)
	        Index Cond: ((k >= 2979058) AND (k <= 2979158))

table 4 : explain SELECT k, c FROM sbtest4 WHERE k BETWEEN 2979058 AND 2979158
	Bitmap Heap Scan on sbtest4  (cost=5.50..416.94 rows=104 width=125)
	  Recheck Cond: ((k >= 2979058) AND (k <= 2979158))
	  ->  Bitmap Index Scan on k_4  (cost=0.00..5.47 rows=104 width=0)
	        Index Cond: ((k >= 2979058) AND (k <= 2979158))

table 5 : explain SELECT k, c FROM sbtest5 WHERE k BETWEEN 2979058 AND 2979158
	Bitmap Heap Scan on sbtest5  (cost=5.50..416.94 rows=104 width=125)
	  Recheck Cond: ((k >= 2979058) AND (k <= 2979158))
	  ->  Bitmap Index Scan on k_5  (cost=0.00..5.47 rows=104 width=0)
	        Index Cond: ((k >= 2979058) AND (k <= 2979158))

table 6 : explain SELECT k, c FROM sbtest6 WHERE k BETWEEN 2979058 AND 2979158
	Bitmap Heap Scan on sbtest6  (cost=5.51..420.88 rows=105 width=125)
	  Recheck Cond: ((k >= 2979058) AND (k <= 2979158))
	  ->  Bitmap Index Scan on k_6  (cost=0.00..5.48 rows=105 width=0)
	        Index Cond: ((k >= 2979058) AND (k <= 2979158))

table 7 : explain SELECT k, c FROM sbtest7 WHERE k BETWEEN 2979058 AND 2979158
	Bitmap Heap Scan on sbtest7  (cost=5.51..420.88 rows=105 width=125)
	  Recheck Cond: ((k >= 2979058) AND (k <= 2979158))
	  ->  Bitmap Index Scan on k_7  (cost=0.00..5.48 rows=105 width=0)
	        Index Cond: ((k >= 2979058) AND (k <= 2979158))

table 8 : explain SELECT k, c FROM sbtest8 WHERE k BETWEEN 2979058 AND 2979158
	Bitmap Heap Scan on sbtest8  (cost=5.43..389.37 rows=97 width=125)
	  Recheck Cond: ((k >= 2979058) AND (k <= 2979158))
	  ->  Bitmap Index Scan on k_8  (cost=0.00..5.40 rows=97 width=0)
	        Index Cond: ((k >= 2979058) AND (k <= 2979158))

explain: for range-notcovered :: explain SELECT k, c FROM sbtest%d WHERE k BETWEEN 4305390 AND 4305490
explain: for range-notcovered :: explain SELECT k, c FROM sbtest%d WHERE k BETWEEN 2979058 AND 2979158
for range-notcovered
table 1 : explain SELECT k, c FROM sbtest1 WHERE k BETWEEN 4627628 AND 4627728
	Bitmap Heap Scan on sbtest1  (cost=5.56..440.56 rows=110 width=125)
	  Recheck Cond: ((k >= 4627628) AND (k <= 4627728))
	  ->  Bitmap Index Scan on k_1  (cost=0.00..5.53 rows=110 width=0)
	        Index Cond: ((k >= 4627628) AND (k <= 4627728))

table 2 : explain SELECT k, c FROM sbtest2 WHERE k BETWEEN 4627628 AND 4627728
	Bitmap Heap Scan on sbtest2  (cost=5.44..393.31 rows=98 width=125)
	  Recheck Cond: ((k >= 4627628) AND (k <= 4627728))
	  ->  Bitmap Index Scan on k_2  (cost=0.00..5.42 rows=98 width=0)
	        Index Cond: ((k >= 4627628) AND (k <= 4627728))

table 3 : explain SELECT k, c FROM sbtest3 WHERE k BETWEEN 4627628 AND 4627728
	Bitmap Heap Scan on sbtest3  (cost=5.56..440.56 rows=110 width=125)
	  Recheck Cond: ((k >= 4627628) AND (k <= 4627728))
	  ->  Bitmap Index Scan on k_3  (cost=0.00..5.53 rows=110 width=0)
	        Index Cond: ((k >= 4627628) AND (k <= 4627728))

table 4 : explain SELECT k, c FROM sbtest4 WHERE k BETWEEN 4627628 AND 4627728
	Bitmap Heap Scan on sbtest4  (cost=5.51..420.88 rows=105 width=125)
	  Recheck Cond: ((k >= 4627628) AND (k <= 4627728))
	  ->  Bitmap Index Scan on k_4  (cost=0.00..5.48 rows=105 width=0)
	        Index Cond: ((k >= 4627628) AND (k <= 4627728))

table 5 : explain SELECT k, c FROM sbtest5 WHERE k BETWEEN 4627628 AND 4627728
	Bitmap Heap Scan on sbtest5  (cost=5.48..409.07 rows=102 width=125)
	  Recheck Cond: ((k >= 4627628) AND (k <= 4627728))
	  ->  Bitmap Index Scan on k_5  (cost=0.00..5.45 rows=102 width=0)
	        Index Cond: ((k >= 4627628) AND (k <= 4627728))

table 6 : explain SELECT k, c FROM sbtest6 WHERE k BETWEEN 4627628 AND 4627728
	Bitmap Heap Scan on sbtest6  (cost=5.39..373.61 rows=93 width=125)
	  Recheck Cond: ((k >= 4627628) AND (k <= 4627728))
	  ->  Bitmap Index Scan on k_6  (cost=0.00..5.36 rows=93 width=0)
	        Index Cond: ((k >= 4627628) AND (k <= 4627728))

table 7 : explain SELECT k, c FROM sbtest7 WHERE k BETWEEN 4627628 AND 4627728
	Bitmap Heap Scan on sbtest7  (cost=5.58..448.42 rows=112 width=125)
	  Recheck Cond: ((k >= 4627628) AND (k <= 4627728))
	  ->  Bitmap Index Scan on k_7  (cost=0.00..5.55 rows=112 width=0)
	        Index Cond: ((k >= 4627628) AND (k <= 4627728))

table 8 : explain SELECT k, c FROM sbtest8 WHERE k BETWEEN 4627628 AND 4627728
	Bitmap Heap Scan on sbtest8  (cost=5.45..397.25 rows=99 width=125)
	  Recheck Cond: ((k >= 4627628) AND (k <= 4627728))
	  ->  Bitmap Index Scan on k_8  (cost=0.00..5.42 rows=99 width=0)
	        Index Cond: ((k >= 4627628) AND (k <= 4627728))

explain: for range-notcovered :: explain SELECT k, c FROM sbtest%d WHERE k BETWEEN 4627628 AND 4627728
for range-notcovered
table 1 : explain SELECT k, c FROM sbtest1 WHERE k BETWEEN 7164037 AND 7164137
	Bitmap Heap Scan on sbtest1  (cost=5.46..401.19 rows=100 width=125)
	  Recheck Cond: ((k >= 7164037) AND (k <= 7164137))
	  ->  Bitmap Index Scan on k_1  (cost=0.00..5.43 rows=100 width=0)
	        Index Cond: ((k >= 7164037) AND (k <= 7164137))

table 2 : explain SELECT k, c FROM sbtest2 WHERE k BETWEEN 7164037 AND 7164137
	Bitmap Heap Scan on sbtest2  (cost=5.54..432.69 rows=108 width=125)
	  Recheck Cond: ((k >= 7164037) AND (k <= 7164137))
	  ->  Bitmap Index Scan on k_2  (cost=0.00..5.51 rows=108 width=0)
	        Index Cond: ((k >= 7164037) AND (k <= 7164137))

table 3 : explain SELECT k, c FROM sbtest3 WHERE k BETWEEN 7164037 AND 7164137
	Bitmap Heap Scan on sbtest3  (cost=5.48..409.07 rows=102 width=125)
	  Recheck Cond: ((k >= 7164037) AND (k <= 7164137))
	  ->  Bitmap Index Scan on k_3  (cost=0.00..5.45 rows=102 width=0)
	        Index Cond: ((k >= 7164037) AND (k <= 7164137))

table 4 : explain SELECT k, c FROM sbtest4 WHERE k BETWEEN 7164037 AND 7164137
	Bitmap Heap Scan on sbtest4  (cost=5.50..416.94 rows=104 width=125)
	  Recheck Cond: ((k >= 7164037) AND (k <= 7164137))
	  ->  Bitmap Index Scan on k_4  (cost=0.00..5.47 rows=104 width=0)
	        Index Cond: ((k >= 7164037) AND (k <= 7164137))

table 5 : explain SELECT k, c FROM sbtest5 WHERE k BETWEEN 7164037 AND 7164137
	Bitmap Heap Scan on sbtest5  (cost=5.51..420.88 rows=105 width=125)
	  Recheck Cond: ((k >= 7164037) AND (k <= 7164137))
	  ->  Bitmap Index Scan on k_5  (cost=0.00..5.48 rows=105 width=0)
	        Index Cond: ((k >= 7164037) AND (k <= 7164137))

table 6 : explain SELECT k, c FROM sbtest6 WHERE k BETWEEN 7164037 AND 7164137
	Bitmap Heap Scan on sbtest6  (cost=5.45..397.25 rows=99 width=125)
	  Recheck Cond: ((k >= 7164037) AND (k <= 7164137))
	  ->  Bitmap Index Scan on k_6  (cost=0.00..5.42 rows=99 width=0)
	        Index Cond: ((k >= 7164037) AND (k <= 7164137))

table 7 : explain SELECT k, c FROM sbtest7 WHERE k BETWEEN 7164037 AND 7164137
	Bitmap Heap Scan on sbtest7  (cost=5.51..420.88 rows=105 width=125)
	  Recheck Cond: ((k >= 7164037) AND (k <= 7164137))
	  ->  Bitmap Index Scan on k_7  (cost=0.00..5.48 rows=105 width=0)
	        Index Cond: ((k >= 7164037) AND (k <= 7164137))

table 8 : explain SELECT k, c FROM sbtest8 WHERE k BETWEEN 7164037 AND 7164137
	Bitmap Heap Scan on sbtest8  (cost=5.47..405.13 rows=101 width=125)
	  Recheck Cond: ((k >= 7164037) AND (k <= 7164137))
	  ->  Bitmap Index Scan on k_8  (cost=0.00..5.44 rows=101 width=0)
	        Index Cond: ((k >= 7164037) AND (k <= 7164137))

explain: for range-notcovered :: explain SELECT k, c FROM sbtest%d WHERE k BETWEEN 7164037 AND 7164137
for range-notcovered
table 1 : explain SELECT k, c FROM sbtest1 WHERE k BETWEEN 628991 AND 629091
	Bitmap Heap Scan on sbtest1  (cost=5.55..436.62 rows=109 width=125)
	  Recheck Cond: ((k >= 628991) AND (k <= 629091))
	  ->  Bitmap Index Scan on k_1  (cost=0.00..5.52 rows=109 width=0)
	        Index Cond: ((k >= 628991) AND (k <= 629091))

table 2 : explain SELECT k, c FROM sbtest2 WHERE k BETWEEN 628991 AND 629091
	Bitmap Heap Scan on sbtest2  (cost=5.50..416.94 rows=104 width=125)
	  Recheck Cond: ((k >= 628991) AND (k <= 629091))
	  ->  Bitmap Index Scan on k_2  (cost=0.00..5.47 rows=104 width=0)
	        Index Cond: ((k >= 628991) AND (k <= 629091))

table 3 : explain SELECT k, c FROM sbtest3 WHERE k BETWEEN 628991 AND 629091
	Bitmap Heap Scan on sbtest3  (cost=5.41..381.49 rows=95 width=125)
	  Recheck Cond: ((k >= 628991) AND (k <= 629091))
	  ->  Bitmap Index Scan on k_3  (cost=0.00..5.38 rows=95 width=0)
	        Index Cond: ((k >= 628991) AND (k <= 629091))

table 4 : explain SELECT k, c FROM sbtest4 WHERE k BETWEEN 628991 AND 629091
	Bitmap Heap Scan on sbtest4  (cost=5.54..432.69 rows=108 width=125)
	  Recheck Cond: ((k >= 628991) AND (k <= 629091))
	  ->  Bitmap Index Scan on k_4  (cost=0.00..5.51 rows=108 width=0)
	        Index Cond: ((k >= 628991) AND (k <= 629091))

table 5 : explain SELECT k, c FROM sbtest5 WHERE k BETWEEN 628991 AND 629091
	Bitmap Heap Scan on sbtest5  (cost=5.51..420.88 rows=105 width=125)
	  Recheck Cond: ((k >= 628991) AND (k <= 629091))
	  ->  Bitmap Index Scan on k_5  (cost=0.00..5.48 rows=105 width=0)
	        Index Cond: ((k >= 628991) AND (k <= 629091))

table 6 : explain SELECT k, c FROM sbtest6 WHERE k BETWEEN 628991 AND 629091
	Bitmap Heap Scan on sbtest6  (cost=5.49..413.00 rows=103 width=125)
	  Recheck Cond: ((k >= 628991) AND (k <= 629091))
	  ->  Bitmap Index Scan on k_6  (cost=0.00..5.46 rows=103 width=0)
	        Index Cond: ((k >= 628991) AND (k <= 629091))

table 7 : explain SELECT k, c FROM sbtest7 WHERE k BETWEEN 628991 AND 629091
	Bitmap Heap Scan on sbtest7  (cost=5.56..440.56 rows=110 width=125)
	  Recheck Cond: ((k >= 628991) AND (k <= 629091))
	  ->  Bitmap Index Scan on k_7  (cost=0.00..5.53 rows=110 width=0)
	        Index Cond: ((k >= 628991) AND (k <= 629091))

table 8 : explain SELECT k, c FROM sbtest8 WHERE k BETWEEN 628991 AND 629091
	Bitmap Heap Scan on sbtest8  (cost=5.54..432.69 rows=108 width=125)
	  Recheck Cond: ((k >= 628991) AND (k <= 629091))
	  ->  Bitmap Index Scan on k_8  (cost=0.00..5.51 rows=108 width=0)
	        Index Cond: ((k >= 628991) AND (k <= 629091))

for range-notcovered
table 1 : explain SELECT k, c FROM sbtest1 WHERE k BETWEEN 3319001 AND 3319101
	Bitmap Heap Scan on sbtest1  (cost=5.53..428.75 rows=107 width=125)
	  Recheck Cond: ((k >= 3319001) AND (k <= 3319101))
	  ->  Bitmap Index Scan on k_1  (cost=0.00..5.50 rows=107 width=0)
	        Index Cond: ((k >= 3319001) AND (k <= 3319101))

table 2 : explain SELECT k, c FROM sbtest2 WHERE k BETWEEN 3319001 AND 3319101
	Bitmap Heap Scan on sbtest2  (cost=5.47..405.13 rows=101 width=125)
	  Recheck Cond: ((k >= 3319001) AND (k <= 3319101))
	  ->  Bitmap Index Scan on k_2  (cost=0.00..5.44 rows=101 width=0)
	        Index Cond: ((k >= 3319001) AND (k <= 3319101))

table 3 : explain SELECT k, c FROM sbtest3 WHERE k BETWEEN 3319001 AND 3319101
	Bitmap Heap Scan on sbtest3  (cost=5.54..432.69 rows=108 width=125)
	  Recheck Cond: ((k >= 3319001) AND (k <= 3319101))
	  ->  Bitmap Index Scan on k_3  (cost=0.00..5.51 rows=108 width=0)
	        Index Cond: ((k >= 3319001) AND (k <= 3319101))

table 4 : explain SELECT k, c FROM sbtest4 WHERE k BETWEEN 3319001 AND 3319101
	Bitmap Heap Scan on sbtest4  (cost=5.48..409.07 rows=102 width=125)
	  Recheck Cond: ((k >= 3319001) AND (k <= 3319101))
	  ->  Bitmap Index Scan on k_4  (cost=0.00..5.45 rows=102 width=0)
	        Index Cond: ((k >= 3319001) AND (k <= 3319101))

table 5 : explain SELECT k, c FROM sbtest5 WHERE k BETWEEN 3319001 AND 3319101
	Bitmap Heap Scan on sbtest5  (cost=5.53..428.75 rows=107 width=125)
	  Recheck Cond: ((k >= 3319001) AND (k <= 3319101))
	  ->  Bitmap Index Scan on k_5  (cost=0.00..5.50 rows=107 width=0)
	        Index Cond: ((k >= 3319001) AND (k <= 3319101))

table 6 : explain SELECT k, c FROM sbtest6 WHERE k BETWEEN 3319001 AND 3319101
	Bitmap Heap Scan on sbtest6  (cost=5.44..393.31 rows=98 width=125)
	  Recheck Cond: ((k >= 3319001) AND (k <= 3319101))
	  ->  Bitmap Index Scan on k_6  (cost=0.00..5.42 rows=98 width=0)
	        Index Cond: ((k >= 3319001) AND (k <= 3319101))

table 7 : explain SELECT k, c FROM sbtest7 WHERE k BETWEEN 3319001 AND 3319101
	Bitmap Heap Scan on sbtest7  (cost=5.50..416.94 rows=104 width=125)
	  Recheck Cond: ((k >= 3319001) AND (k <= 3319101))
	  ->  Bitmap Index Scan on k_7  (cost=0.00..5.47 rows=104 width=0)
	        Index Cond: ((k >= 3319001) AND (k <= 3319101))

table 8 : explain SELECT k, c FROM sbtest8 WHERE k BETWEEN 3319001 AND 3319101
	Bitmap Heap Scan on sbtest8  (cost=5.48..409.07 rows=102 width=125)
	  Recheck Cond: ((k >= 3319001) AND (k <= 3319101))
	  ->  Bitmap Index Scan on k_8  (cost=0.00..5.45 rows=102 width=0)
	        Index Cond: ((k >= 3319001) AND (k <= 3319101))

for range-notcovered
table 1 : explain SELECT k, c FROM sbtest1 WHERE k BETWEEN 1474795 AND 1474895
	Bitmap Heap Scan on sbtest1  (cost=5.44..393.31 rows=98 width=125)
	  Recheck Cond: ((k >= 1474795) AND (k <= 1474895))
	  ->  Bitmap Index Scan on k_1  (cost=0.00..5.42 rows=98 width=0)
	        Index Cond: ((k >= 1474795) AND (k <= 1474895))

table 2 : explain SELECT k, c FROM sbtest2 WHERE k BETWEEN 1474795 AND 1474895
	Bitmap Heap Scan on sbtest2  (cost=5.48..409.07 rows=102 width=125)
	  Recheck Cond: ((k >= 1474795) AND (k <= 1474895))
	  ->  Bitmap Index Scan on k_2  (cost=0.00..5.45 rows=102 width=0)
	        Index Cond: ((k >= 1474795) AND (k <= 1474895))

table 3 : explain SELECT k, c FROM sbtest3 WHERE k BETWEEN 1474795 AND 1474895
	Bitmap Heap Scan on sbtest3  (cost=5.57..444.49 rows=111 width=125)
	  Recheck Cond: ((k >= 1474795) AND (k <= 1474895))
	  ->  Bitmap Index Scan on k_3  (cost=0.00..5.54 rows=111 width=0)
	        Index Cond: ((k >= 1474795) AND (k <= 1474895))

table 4 : explain SELECT k, c FROM sbtest4 WHERE k BETWEEN 1474795 AND 1474895
	Bitmap Heap Scan on sbtest4  (cost=5.43..389.37 rows=97 width=125)
	  Recheck Cond: ((k >= 1474795) AND (k <= 1474895))
	  ->  Bitmap Index Scan on k_4  (cost=0.00..5.40 rows=97 width=0)
	        Index Cond: ((k >= 1474795) AND (k <= 1474895))

table 5 : explain SELECT k, c FROM sbtest5 WHERE k BETWEEN 1474795 AND 1474895
	Bitmap Heap Scan on sbtest5  (cost=5.46..401.19 rows=100 width=125)
	  Recheck Cond: ((k >= 1474795) AND (k <= 1474895))
	  ->  Bitmap Index Scan on k_5  (cost=0.00..5.43 rows=100 width=0)
	        Index Cond: ((k >= 1474795) AND (k <= 1474895))

table 6 : explain SELECT k, c FROM sbtest6 WHERE k BETWEEN 1474795 AND 1474895
	Bitmap Heap Scan on sbtest6  (cost=5.42..385.43 rows=96 width=125)
	  Recheck Cond: ((k >= 1474795) AND (k <= 1474895))
	  ->  Bitmap Index Scan on k_6  (cost=0.00..5.39 rows=96 width=0)
	        Index Cond: ((k >= 1474795) AND (k <= 1474895))

table 7 : explain SELECT k, c FROM sbtest7 WHERE k BETWEEN 1474795 AND 1474895
	Bitmap Heap Scan on sbtest7  (cost=5.45..397.25 rows=99 width=125)
	  Recheck Cond: ((k >= 1474795) AND (k <= 1474895))
	  ->  Bitmap Index Scan on k_7  (cost=0.00..5.42 rows=99 width=0)
	        Index Cond: ((k >= 1474795) AND (k <= 1474895))

table 8 : explain SELECT k, c FROM sbtest8 WHERE k BETWEEN 1474795 AND 1474895
	Bitmap Heap Scan on sbtest8  (cost=5.50..416.94 rows=104 width=125)
	  Recheck Cond: ((k >= 1474795) AND (k <= 1474895))
	  ->  Bitmap Index Scan on k_8  (cost=0.00..5.47 rows=104 width=0)
	        Index Cond: ((k >= 1474795) AND (k <= 1474895))

explain: for range-notcovered :: explain SELECT k, c FROM sbtest%d WHERE k BETWEEN 1474795 AND 1474895
for range-notcovered
table 1 : explain SELECT k, c FROM sbtest1 WHERE k BETWEEN 4305390 AND 4305490
	Bitmap Heap Scan on sbtest1  (cost=5.59..452.36 rows=113 width=125)
	  Recheck Cond: ((k >= 4305390) AND (k <= 4305490))
	  ->  Bitmap Index Scan on k_1  (cost=0.00..5.56 rows=113 width=0)
	        Index Cond: ((k >= 4305390) AND (k <= 4305490))

table 2 : explain SELECT k, c FROM sbtest2 WHERE k BETWEEN 4305390 AND 4305490
	Bitmap Heap Scan on sbtest2  (cost=5.59..452.36 rows=113 width=125)
	  Recheck Cond: ((k >= 4305390) AND (k <= 4305490))
	  ->  Bitmap Index Scan on k_2  (cost=0.00..5.56 rows=113 width=0)
	        Index Cond: ((k >= 4305390) AND (k <= 4305490))

table 3 : explain SELECT k, c FROM sbtest3 WHERE k BETWEEN 4305390 AND 4305490
	Bitmap Heap Scan on sbtest3  (cost=5.45..397.25 rows=99 width=125)
	  Recheck Cond: ((k >= 4305390) AND (k <= 4305490))
	  ->  Bitmap Index Scan on k_3  (cost=0.00..5.42 rows=99 width=0)
	        Index Cond: ((k >= 4305390) AND (k <= 4305490))

table 4 : explain SELECT k, c FROM sbtest4 WHERE k BETWEEN 4305390 AND 4305490
	Bitmap Heap Scan on sbtest4  (cost=5.48..409.07 rows=102 width=125)
	  Recheck Cond: ((k >= 4305390) AND (k <= 4305490))
	  ->  Bitmap Index Scan on k_4  (cost=0.00..5.45 rows=102 width=0)
	        Index Cond: ((k >= 4305390) AND (k <= 4305490))

table 5 : explain SELECT k, c FROM sbtest5 WHERE k BETWEEN 4305390 AND 4305490
	Bitmap Heap Scan on sbtest5  (cost=5.54..432.69 rows=108 width=125)
	  Recheck Cond: ((k >= 4305390) AND (k <= 4305490))
	  ->  Bitmap Index Scan on k_5  (cost=0.00..5.51 rows=108 width=0)
	        Index Cond: ((k >= 4305390) AND (k <= 4305490))

table 6 : explain SELECT k, c FROM sbtest6 WHERE k BETWEEN 4305390 AND 4305490
	Bitmap Heap Scan on sbtest6  (cost=5.46..401.19 rows=100 width=125)
	  Recheck Cond: ((k >= 4305390) AND (k <= 4305490))
	  ->  Bitmap Index Scan on k_6  (cost=0.00..5.43 rows=100 width=0)
	        Index Cond: ((k >= 4305390) AND (k <= 4305490))

table 7 : explain SELECT k, c FROM sbtest7 WHERE k BETWEEN 4305390 AND 4305490
	Bitmap Heap Scan on sbtest7  (cost=5.49..413.00 rows=103 width=125)
	  Recheck Cond: ((k >= 4305390) AND (k <= 4305490))
	  ->  Bitmap Index Scan on k_7  (cost=0.00..5.46 rows=103 width=0)
	        Index Cond: ((k >= 4305390) AND (k <= 4305490))

table 8 : explain SELECT k, c FROM sbtest8 WHERE k BETWEEN 4305390 AND 4305490
	Bitmap Heap Scan on sbtest8  (cost=5.49..413.00 rows=103 width=125)
	  Recheck Cond: ((k >= 4305390) AND (k <= 4305490))
	  ->  Bitmap Index Scan on k_8  (cost=0.00..5.46 rows=103 width=0)
	        Index Cond: ((k >= 4305390) AND (k <= 4305490))

for range-notcovered
table 1 : explain SELECT k, c FROM sbtest1 WHERE k BETWEEN 2979058 AND 2979158
	Bitmap Heap Scan on sbtest1  (cost=5.48..409.07 rows=102 width=125)
	  Recheck Cond: ((k >= 2979058) AND (k <= 2979158))
	  ->  Bitmap Index Scan on k_1  (cost=0.00..5.45 rows=102 width=0)
	        Index Cond: ((k >= 2979058) AND (k <= 2979158))

table 2 : explain SELECT k, c FROM sbtest2 WHERE k BETWEEN 2979058 AND 2979158
	Bitmap Heap Scan on sbtest2  (cost=5.58..448.42 rows=112 width=125)
	  Recheck Cond: ((k >= 2979058) AND (k <= 2979158))
	  ->  Bitmap Index Scan on k_2  (cost=0.00..5.55 rows=112 width=0)
	        Index Cond: ((k >= 2979058) AND (k <= 2979158))

table 3 : explain SELECT k, c FROM sbtest3 WHERE k BETWEEN 2979058 AND 2979158
	Bitmap Heap Scan on sbtest3  (cost=5.43..389.37 rows=97 width=125)
	  Recheck Cond: ((k >= 2979058) AND (k <= 2979158))
	  ->  Bitmap Index Scan on k_3  (cost=0.00..5.40 rows=97 width=0)
	        Index Cond: ((k >= 2979058) AND (k <= 2979158))

table 4 : explain SELECT k, c FROM sbtest4 WHERE k BETWEEN 2979058 AND 2979158
	Bitmap Heap Scan on sbtest4  (cost=5.50..416.94 rows=104 width=125)
	  Recheck Cond: ((k >= 2979058) AND (k <= 2979158))
	  ->  Bitmap Index Scan on k_4  (cost=0.00..5.47 rows=104 width=0)
	        Index Cond: ((k >= 2979058) AND (k <= 2979158))

table 5 : explain SELECT k, c FROM sbtest5 WHERE k BETWEEN 2979058 AND 2979158
	Bitmap Heap Scan on sbtest5  (cost=5.50..416.94 rows=104 width=125)
	  Recheck Cond: ((k >= 2979058) AND (k <= 2979158))
	  ->  Bitmap Index Scan on k_5  (cost=0.00..5.47 rows=104 width=0)
	        Index Cond: ((k >= 2979058) AND (k <= 2979158))

table 6 : explain SELECT k, c FROM sbtest6 WHERE k BETWEEN 2979058 AND 2979158
	Bitmap Heap Scan on sbtest6  (cost=5.51..420.88 rows=105 width=125)
	  Recheck Cond: ((k >= 2979058) AND (k <= 2979158))
	  ->  Bitmap Index Scan on k_6  (cost=0.00..5.48 rows=105 width=0)
	        Index Cond: ((k >= 2979058) AND (k <= 2979158))

table 7 : explain SELECT k, c FROM sbtest7 WHERE k BETWEEN 2979058 AND 2979158
	Bitmap Heap Scan on sbtest7  (cost=5.51..420.88 rows=105 width=125)
	  Recheck Cond: ((k >= 2979058) AND (k <= 2979158))
	  ->  Bitmap Index Scan on k_7  (cost=0.00..5.48 rows=105 width=0)
	        Index Cond: ((k >= 2979058) AND (k <= 2979158))

table 8 : explain SELECT k, c FROM sbtest8 WHERE k BETWEEN 2979058 AND 2979158
	Bitmap Heap Scan on sbtest8  (cost=5.43..389.37 rows=97 width=125)
	  Recheck Cond: ((k >= 2979058) AND (k <= 2979158))
	  ->  Bitmap Index Scan on k_8  (cost=0.00..5.40 rows=97 width=0)
	        Index Cond: ((k >= 2979058) AND (k <= 2979158))

for range-notcovered
table 1 : explain SELECT k, c FROM sbtest1 WHERE k BETWEEN 5366786 AND 5366886
	Bitmap Heap Scan on sbtest1  (cost=5.48..409.07 rows=102 width=125)
	  Recheck Cond: ((k >= 5366786) AND (k <= 5366886))
	  ->  Bitmap Index Scan on k_1  (cost=0.00..5.45 rows=102 width=0)
	        Index Cond: ((k >= 5366786) AND (k <= 5366886))

table 2 : explain SELECT k, c FROM sbtest2 WHERE k BETWEEN 5366786 AND 5366886
	Bitmap Heap Scan on sbtest2  (cost=5.42..385.43 rows=96 width=125)
	  Recheck Cond: ((k >= 5366786) AND (k <= 5366886))
	  ->  Bitmap Index Scan on k_2  (cost=0.00..5.39 rows=96 width=0)
	        Index Cond: ((k >= 5366786) AND (k <= 5366886))

table 3 : explain SELECT k, c FROM sbtest3 WHERE k BETWEEN 5366786 AND 5366886
	Bitmap Heap Scan on sbtest3  (cost=5.54..432.69 rows=108 width=125)
	  Recheck Cond: ((k >= 5366786) AND (k <= 5366886))
	  ->  Bitmap Index Scan on k_3  (cost=0.00..5.51 rows=108 width=0)
	        Index Cond: ((k >= 5366786) AND (k <= 5366886))

table 4 : explain SELECT k, c FROM sbtest4 WHERE k BETWEEN 5366786 AND 5366886
	Bitmap Heap Scan on sbtest4  (cost=5.42..385.43 rows=96 width=125)
	  Recheck Cond: ((k >= 5366786) AND (k <= 5366886))
	  ->  Bitmap Index Scan on k_4  (cost=0.00..5.39 rows=96 width=0)
	        Index Cond: ((k >= 5366786) AND (k <= 5366886))

table 5 : explain SELECT k, c FROM sbtest5 WHERE k BETWEEN 5366786 AND 5366886
	Bitmap Heap Scan on sbtest5  (cost=5.47..405.13 rows=101 width=125)
	  Recheck Cond: ((k >= 5366786) AND (k <= 5366886))
	  ->  Bitmap Index Scan on k_5  (cost=0.00..5.44 rows=101 width=0)
	        Index Cond: ((k >= 5366786) AND (k <= 5366886))

table 6 : explain SELECT k, c FROM sbtest6 WHERE k BETWEEN 5366786 AND 5366886
	Bitmap Heap Scan on sbtest6  (cost=5.45..397.25 rows=99 width=125)
	  Recheck Cond: ((k >= 5366786) AND (k <= 5366886))
	  ->  Bitmap Index Scan on k_6  (cost=0.00..5.42 rows=99 width=0)
	        Index Cond: ((k >= 5366786) AND (k <= 5366886))

table 7 : explain SELECT k, c FROM sbtest7 WHERE k BETWEEN 5366786 AND 5366886
	Bitmap Heap Scan on sbtest7  (cost=5.45..397.25 rows=99 width=125)
	  Recheck Cond: ((k >= 5366786) AND (k <= 5366886))
	  ->  Bitmap Index Scan on k_7  (cost=0.00..5.42 rows=99 width=0)
	        Index Cond: ((k >= 5366786) AND (k <= 5366886))

table 8 : explain SELECT k, c FROM sbtest8 WHERE k BETWEEN 5366786 AND 5366886
	Bitmap Heap Scan on sbtest8  (cost=5.50..416.94 rows=104 width=125)
	  Recheck Cond: ((k >= 5366786) AND (k <= 5366886))
	  ->  Bitmap Index Scan on k_8  (cost=0.00..5.47 rows=104 width=0)
	        Index Cond: ((k >= 5366786) AND (k <= 5366886))

explain: for range-notcovered :: explain SELECT k, c FROM sbtest%d WHERE k BETWEEN 7765389 AND 7765489
explain: for range-notcovered :: explain SELECT k, c FROM sbtest%d WHERE k BETWEEN 2979058 AND 2979158
explain: for range-notcovered :: explain SELECT k, c FROM sbtest%d WHERE k BETWEEN 5366786 AND 5366886
explain: for range-notcovered :: explain SELECT k, c FROM sbtest%d WHERE k BETWEEN 4305390 AND 4305490
explain: for range-notcovered :: explain SELECT k, c FROM sbtest%d WHERE k BETWEEN 3319001 AND 3319101
explain: for range-notcovered :: explain SELECT k, c FROM sbtest%d WHERE k BETWEEN 5783936 AND 5784036
for range-notcovered
table 1 : explain SELECT k, c FROM sbtest1 WHERE k BETWEEN 5366786 AND 5366886
	Bitmap Heap Scan on sbtest1  (cost=5.48..409.07 rows=102 width=125)
	  Recheck Cond: ((k >= 5366786) AND (k <= 5366886))
	  ->  Bitmap Index Scan on k_1  (cost=0.00..5.45 rows=102 width=0)
	        Index Cond: ((k >= 5366786) AND (k <= 5366886))

table 2 : explain SELECT k, c FROM sbtest2 WHERE k BETWEEN 5366786 AND 5366886
	Bitmap Heap Scan on sbtest2  (cost=5.42..385.43 rows=96 width=125)
	  Recheck Cond: ((k >= 5366786) AND (k <= 5366886))
	  ->  Bitmap Index Scan on k_2  (cost=0.00..5.39 rows=96 width=0)
	        Index Cond: ((k >= 5366786) AND (k <= 5366886))

table 3 : explain SELECT k, c FROM sbtest3 WHERE k BETWEEN 5366786 AND 5366886
	Bitmap Heap Scan on sbtest3  (cost=5.54..432.69 rows=108 width=125)
	  Recheck Cond: ((k >= 5366786) AND (k <= 5366886))
	  ->  Bitmap Index Scan on k_3  (cost=0.00..5.51 rows=108 width=0)
	        Index Cond: ((k >= 5366786) AND (k <= 5366886))

table 4 : explain SELECT k, c FROM sbtest4 WHERE k BETWEEN 5366786 AND 5366886
	Bitmap Heap Scan on sbtest4  (cost=5.42..385.43 rows=96 width=125)
	  Recheck Cond: ((k >= 5366786) AND (k <= 5366886))
	  ->  Bitmap Index Scan on k_4  (cost=0.00..5.39 rows=96 width=0)
	        Index Cond: ((k >= 5366786) AND (k <= 5366886))

table 5 : explain SELECT k, c FROM sbtest5 WHERE k BETWEEN 5366786 AND 5366886
	Bitmap Heap Scan on sbtest5  (cost=5.47..405.13 rows=101 width=125)
	  Recheck Cond: ((k >= 5366786) AND (k <= 5366886))
	  ->  Bitmap Index Scan on k_5  (cost=0.00..5.44 rows=101 width=0)
	        Index Cond: ((k >= 5366786) AND (k <= 5366886))

table 6 : explain SELECT k, c FROM sbtest6 WHERE k BETWEEN 5366786 AND 5366886
	Bitmap Heap Scan on sbtest6  (cost=5.45..397.25 rows=99 width=125)
	  Recheck Cond: ((k >= 5366786) AND (k <= 5366886))
	  ->  Bitmap Index Scan on k_6  (cost=0.00..5.42 rows=99 width=0)
	        Index Cond: ((k >= 5366786) AND (k <= 5366886))

table 7 : explain SELECT k, c FROM sbtest7 WHERE k BETWEEN 5366786 AND 5366886
	Bitmap Heap Scan on sbtest7  (cost=5.45..397.25 rows=99 width=125)
	  Recheck Cond: ((k >= 5366786) AND (k <= 5366886))
	  ->  Bitmap Index Scan on k_7  (cost=0.00..5.42 rows=99 width=0)
	        Index Cond: ((k >= 5366786) AND (k <= 5366886))

table 8 : explain SELECT k, c FROM sbtest8 WHERE k BETWEEN 5366786 AND 5366886
	Bitmap Heap Scan on sbtest8  (cost=5.50..416.94 rows=104 width=125)
	  Recheck Cond: ((k >= 5366786) AND (k <= 5366886))
	  ->  Bitmap Index Scan on k_8  (cost=0.00..5.47 rows=104 width=0)
	        Index Cond: ((k >= 5366786) AND (k <= 5366886))

explain: for range-notcovered :: explain SELECT k, c FROM sbtest%d WHERE k BETWEEN 5366786 AND 5366886
for range-notcovered
table 1 : explain SELECT k, c FROM sbtest1 WHERE k BETWEEN 4627628 AND 4627728
	Bitmap Heap Scan on sbtest1  (cost=5.56..440.56 rows=110 width=125)
	  Recheck Cond: ((k >= 4627628) AND (k <= 4627728))
	  ->  Bitmap Index Scan on k_1  (cost=0.00..5.53 rows=110 width=0)
	        Index Cond: ((k >= 4627628) AND (k <= 4627728))

table 2 : explain SELECT k, c FROM sbtest2 WHERE k BETWEEN 4627628 AND 4627728
	Bitmap Heap Scan on sbtest2  (cost=5.44..393.31 rows=98 width=125)
	  Recheck Cond: ((k >= 4627628) AND (k <= 4627728))
	  ->  Bitmap Index Scan on k_2  (cost=0.00..5.42 rows=98 width=0)
	        Index Cond: ((k >= 4627628) AND (k <= 4627728))

table 3 : explain SELECT k, c FROM sbtest3 WHERE k BETWEEN 4627628 AND 4627728
	Bitmap Heap Scan on sbtest3  (cost=5.56..440.56 rows=110 width=125)
	  Recheck Cond: ((k >= 4627628) AND (k <= 4627728))
	  ->  Bitmap Index Scan on k_3  (cost=0.00..5.53 rows=110 width=0)
	        Index Cond: ((k >= 4627628) AND (k <= 4627728))

table 4 : explain SELECT k, c FROM sbtest4 WHERE k BETWEEN 4627628 AND 4627728
	Bitmap Heap Scan on sbtest4  (cost=5.51..420.88 rows=105 width=125)
	  Recheck Cond: ((k >= 4627628) AND (k <= 4627728))
	  ->  Bitmap Index Scan on k_4  (cost=0.00..5.48 rows=105 width=0)
	        Index Cond: ((k >= 4627628) AND (k <= 4627728))

table 5 : explain SELECT k, c FROM sbtest5 WHERE k BETWEEN 4627628 AND 4627728
	Bitmap Heap Scan on sbtest5  (cost=5.48..409.07 rows=102 width=125)
	  Recheck Cond: ((k >= 4627628) AND (k <= 4627728))
	  ->  Bitmap Index Scan on k_5  (cost=0.00..5.45 rows=102 width=0)
	        Index Cond: ((k >= 4627628) AND (k <= 4627728))

table 6 : explain SELECT k, c FROM sbtest6 WHERE k BETWEEN 4627628 AND 4627728
	Bitmap Heap Scan on sbtest6  (cost=5.39..373.61 rows=93 width=125)
	  Recheck Cond: ((k >= 4627628) AND (k <= 4627728))
	  ->  Bitmap Index Scan on k_6  (cost=0.00..5.36 rows=93 width=0)
	        Index Cond: ((k >= 4627628) AND (k <= 4627728))

table 7 : explain SELECT k, c FROM sbtest7 WHERE k BETWEEN 4627628 AND 4627728
	Bitmap Heap Scan on sbtest7  (cost=5.58..448.42 rows=112 width=125)
	  Recheck Cond: ((k >= 4627628) AND (k <= 4627728))
	  ->  Bitmap Index Scan on k_7  (cost=0.00..5.55 rows=112 width=0)
	        Index Cond: ((k >= 4627628) AND (k <= 4627728))

table 8 : explain SELECT k, c FROM sbtest8 WHERE k BETWEEN 4627628 AND 4627728
	Bitmap Heap Scan on sbtest8  (cost=5.45..397.25 rows=99 width=125)
	  Recheck Cond: ((k >= 4627628) AND (k <= 4627728))
	  ->  Bitmap Index Scan on k_8  (cost=0.00..5.42 rows=99 width=0)
	        Index Cond: ((k >= 4627628) AND (k <= 4627728))

explain: for range-notcovered :: explain SELECT k, c FROM sbtest%d WHERE k BETWEEN 4627628 AND 4627728
for range-notcovered
table 1 : explain SELECT k, c FROM sbtest1 WHERE k BETWEEN 7164037 AND 7164137
	Bitmap Heap Scan on sbtest1  (cost=5.46..401.19 rows=100 width=125)
	  Recheck Cond: ((k >= 7164037) AND (k <= 7164137))
	  ->  Bitmap Index Scan on k_1  (cost=0.00..5.43 rows=100 width=0)
	        Index Cond: ((k >= 7164037) AND (k <= 7164137))

table 2 : explain SELECT k, c FROM sbtest2 WHERE k BETWEEN 7164037 AND 7164137
	Bitmap Heap Scan on sbtest2  (cost=5.54..432.69 rows=108 width=125)
	  Recheck Cond: ((k >= 7164037) AND (k <= 7164137))
	  ->  Bitmap Index Scan on k_2  (cost=0.00..5.51 rows=108 width=0)
	        Index Cond: ((k >= 7164037) AND (k <= 7164137))

table 3 : explain SELECT k, c FROM sbtest3 WHERE k BETWEEN 7164037 AND 7164137
	Bitmap Heap Scan on sbtest3  (cost=5.48..409.07 rows=102 width=125)
	  Recheck Cond: ((k >= 7164037) AND (k <= 7164137))
	  ->  Bitmap Index Scan on k_3  (cost=0.00..5.45 rows=102 width=0)
	        Index Cond: ((k >= 7164037) AND (k <= 7164137))

table 4 : explain SELECT k, c FROM sbtest4 WHERE k BETWEEN 7164037 AND 7164137
	Bitmap Heap Scan on sbtest4  (cost=5.50..416.94 rows=104 width=125)
	  Recheck Cond: ((k >= 7164037) AND (k <= 7164137))
	  ->  Bitmap Index Scan on k_4  (cost=0.00..5.47 rows=104 width=0)
	        Index Cond: ((k >= 7164037) AND (k <= 7164137))

table 5 : explain SELECT k, c FROM sbtest5 WHERE k BETWEEN 7164037 AND 7164137
	Bitmap Heap Scan on sbtest5  (cost=5.51..420.88 rows=105 width=125)
	  Recheck Cond: ((k >= 7164037) AND (k <= 7164137))
	  ->  Bitmap Index Scan on k_5  (cost=0.00..5.48 rows=105 width=0)
	        Index Cond: ((k >= 7164037) AND (k <= 7164137))

table 6 : explain SELECT k, c FROM sbtest6 WHERE k BETWEEN 7164037 AND 7164137
	Bitmap Heap Scan on sbtest6  (cost=5.45..397.25 rows=99 width=125)
	  Recheck Cond: ((k >= 7164037) AND (k <= 7164137))
	  ->  Bitmap Index Scan on k_6  (cost=0.00..5.42 rows=99 width=0)
	        Index Cond: ((k >= 7164037) AND (k <= 7164137))

table 7 : explain SELECT k, c FROM sbtest7 WHERE k BETWEEN 7164037 AND 7164137
	Bitmap Heap Scan on sbtest7  (cost=5.51..420.88 rows=105 width=125)
	  Recheck Cond: ((k >= 7164037) AND (k <= 7164137))
	  ->  Bitmap Index Scan on k_7  (cost=0.00..5.48 rows=105 width=0)
	        Index Cond: ((k >= 7164037) AND (k <= 7164137))

table 8 : explain SELECT k, c FROM sbtest8 WHERE k BETWEEN 7164037 AND 7164137
	Bitmap Heap Scan on sbtest8  (cost=5.47..405.13 rows=101 width=125)
	  Recheck Cond: ((k >= 7164037) AND (k <= 7164137))
	  ->  Bitmap Index Scan on k_8  (cost=0.00..5.44 rows=101 width=0)
	        Index Cond: ((k >= 7164037) AND (k <= 7164137))

for range-notcovered
table 1 : explain SELECT k, c FROM sbtest1 WHERE k BETWEEN 1474795 AND 1474895
	Bitmap Heap Scan on sbtest1  (cost=5.44..393.31 rows=98 width=125)
	  Recheck Cond: ((k >= 1474795) AND (k <= 1474895))
	  ->  Bitmap Index Scan on k_1  (cost=0.00..5.42 rows=98 width=0)
	        Index Cond: ((k >= 1474795) AND (k <= 1474895))

table 2 : explain SELECT k, c FROM sbtest2 WHERE k BETWEEN 1474795 AND 1474895
	Bitmap Heap Scan on sbtest2  (cost=5.48..409.07 rows=102 width=125)
	  Recheck Cond: ((k >= 1474795) AND (k <= 1474895))
	  ->  Bitmap Index Scan on k_2  (cost=0.00..5.45 rows=102 width=0)
	        Index Cond: ((k >= 1474795) AND (k <= 1474895))

table 3 : explain SELECT k, c FROM sbtest3 WHERE k BETWEEN 1474795 AND 1474895
	Bitmap Heap Scan on sbtest3  (cost=5.57..444.49 rows=111 width=125)
	  Recheck Cond: ((k >= 1474795) AND (k <= 1474895))
	  ->  Bitmap Index Scan on k_3  (cost=0.00..5.54 rows=111 width=0)
	        Index Cond: ((k >= 1474795) AND (k <= 1474895))

table 4 : explain SELECT k, c FROM sbtest4 WHERE k BETWEEN 1474795 AND 1474895
	Bitmap Heap Scan on sbtest4  (cost=5.43..389.37 rows=97 width=125)
	  Recheck Cond: ((k >= 1474795) AND (k <= 1474895))
	  ->  Bitmap Index Scan on k_4  (cost=0.00..5.40 rows=97 width=0)
	        Index Cond: ((k >= 1474795) AND (k <= 1474895))

table 5 : explain SELECT k, c FROM sbtest5 WHERE k BETWEEN 1474795 AND 1474895
	Bitmap Heap Scan on sbtest5  (cost=5.46..401.19 rows=100 width=125)
	  Recheck Cond: ((k >= 1474795) AND (k <= 1474895))
	  ->  Bitmap Index Scan on k_5  (cost=0.00..5.43 rows=100 width=0)
	        Index Cond: ((k >= 1474795) AND (k <= 1474895))

table 6 : explain SELECT k, c FROM sbtest6 WHERE k BETWEEN 1474795 AND 1474895
	Bitmap Heap Scan on sbtest6  (cost=5.42..385.43 rows=96 width=125)
	  Recheck Cond: ((k >= 1474795) AND (k <= 1474895))
	  ->  Bitmap Index Scan on k_6  (cost=0.00..5.39 rows=96 width=0)
	        Index Cond: ((k >= 1474795) AND (k <= 1474895))

table 7 : explain SELECT k, c FROM sbtest7 WHERE k BETWEEN 1474795 AND 1474895
	Bitmap Heap Scan on sbtest7  (cost=5.45..397.25 rows=99 width=125)
	  Recheck Cond: ((k >= 1474795) AND (k <= 1474895))
	  ->  Bitmap Index Scan on k_7  (cost=0.00..5.42 rows=99 width=0)
	        Index Cond: ((k >= 1474795) AND (k <= 1474895))

table 8 : explain SELECT k, c FROM sbtest8 WHERE k BETWEEN 1474795 AND 1474895
	Bitmap Heap Scan on sbtest8  (cost=5.50..416.94 rows=104 width=125)
	  Recheck Cond: ((k >= 1474795) AND (k <= 1474895))
	  ->  Bitmap Index Scan on k_8  (cost=0.00..5.47 rows=104 width=0)
	        Index Cond: ((k >= 1474795) AND (k <= 1474895))

explain: for range-notcovered :: explain SELECT k, c FROM sbtest%d WHERE k BETWEEN 7164037 AND 7164137
explain: for range-notcovered :: explain SELECT k, c FROM sbtest%d WHERE k BETWEEN 1474795 AND 1474895
for range-notcovered
table 1 : explain SELECT k, c FROM sbtest1 WHERE k BETWEEN 2979058 AND 2979158
	Bitmap Heap Scan on sbtest1  (cost=5.48..409.07 rows=102 width=125)
	  Recheck Cond: ((k >= 2979058) AND (k <= 2979158))
	  ->  Bitmap Index Scan on k_1  (cost=0.00..5.45 rows=102 width=0)
	        Index Cond: ((k >= 2979058) AND (k <= 2979158))

table 2 : explain SELECT k, c FROM sbtest2 WHERE k BETWEEN 2979058 AND 2979158
	Bitmap Heap Scan on sbtest2  (cost=5.58..448.42 rows=112 width=125)
	  Recheck Cond: ((k >= 2979058) AND (k <= 2979158))
	  ->  Bitmap Index Scan on k_2  (cost=0.00..5.55 rows=112 width=0)
	        Index Cond: ((k >= 2979058) AND (k <= 2979158))

table 3 : explain SELECT k, c FROM sbtest3 WHERE k BETWEEN 2979058 AND 2979158
	Bitmap Heap Scan on sbtest3  (cost=5.43..389.37 rows=97 width=125)
	  Recheck Cond: ((k >= 2979058) AND (k <= 2979158))
	  ->  Bitmap Index Scan on k_3  (cost=0.00..5.40 rows=97 width=0)
	        Index Cond: ((k >= 2979058) AND (k <= 2979158))

table 4 : explain SELECT k, c FROM sbtest4 WHERE k BETWEEN 2979058 AND 2979158
	Bitmap Heap Scan on sbtest4  (cost=5.50..416.94 rows=104 width=125)
	  Recheck Cond: ((k >= 2979058) AND (k <= 2979158))
	  ->  Bitmap Index Scan on k_4  (cost=0.00..5.47 rows=104 width=0)
	        Index Cond: ((k >= 2979058) AND (k <= 2979158))

table 5 : explain SELECT k, c FROM sbtest5 WHERE k BETWEEN 2979058 AND 2979158
	Bitmap Heap Scan on sbtest5  (cost=5.50..416.94 rows=104 width=125)
	  Recheck Cond: ((k >= 2979058) AND (k <= 2979158))
	  ->  Bitmap Index Scan on k_5  (cost=0.00..5.47 rows=104 width=0)
	        Index Cond: ((k >= 2979058) AND (k <= 2979158))

table 6 : explain SELECT k, c FROM sbtest6 WHERE k BETWEEN 2979058 AND 2979158
	Bitmap Heap Scan on sbtest6  (cost=5.51..420.88 rows=105 width=125)
	  Recheck Cond: ((k >= 2979058) AND (k <= 2979158))
	  ->  Bitmap Index Scan on k_6  (cost=0.00..5.48 rows=105 width=0)
	        Index Cond: ((k >= 2979058) AND (k <= 2979158))

table 7 : explain SELECT k, c FROM sbtest7 WHERE k BETWEEN 2979058 AND 2979158
	Bitmap Heap Scan on sbtest7  (cost=5.51..420.88 rows=105 width=125)
	  Recheck Cond: ((k >= 2979058) AND (k <= 2979158))
	  ->  Bitmap Index Scan on k_7  (cost=0.00..5.48 rows=105 width=0)
	        Index Cond: ((k >= 2979058) AND (k <= 2979158))

table 8 : explain SELECT k, c FROM sbtest8 WHERE k BETWEEN 2979058 AND 2979158
	Bitmap Heap Scan on sbtest8  (cost=5.43..389.37 rows=97 width=125)
	  Recheck Cond: ((k >= 2979058) AND (k <= 2979158))
	  ->  Bitmap Index Scan on k_8  (cost=0.00..5.40 rows=97 width=0)
	        Index Cond: ((k >= 2979058) AND (k <= 2979158))

for range-notcovered
table 1 : explain SELECT k, c FROM sbtest1 WHERE k BETWEEN 4305390 AND 4305490
	Bitmap Heap Scan on sbtest1  (cost=5.59..452.36 rows=113 width=125)
	  Recheck Cond: ((k >= 4305390) AND (k <= 4305490))
	  ->  Bitmap Index Scan on k_1  (cost=0.00..5.56 rows=113 width=0)
	        Index Cond: ((k >= 4305390) AND (k <= 4305490))

table 2 : explain SELECT k, c FROM sbtest2 WHERE k BETWEEN 4305390 AND 4305490
	Bitmap Heap Scan on sbtest2  (cost=5.59..452.36 rows=113 width=125)
	  Recheck Cond: ((k >= 4305390) AND (k <= 4305490))
	  ->  Bitmap Index Scan on k_2  (cost=0.00..5.56 rows=113 width=0)
	        Index Cond: ((k >= 4305390) AND (k <= 4305490))

table 3 : explain SELECT k, c FROM sbtest3 WHERE k BETWEEN 4305390 AND 4305490
	Bitmap Heap Scan on sbtest3  (cost=5.45..397.25 rows=99 width=125)
	  Recheck Cond: ((k >= 4305390) AND (k <= 4305490))
	  ->  Bitmap Index Scan on k_3  (cost=0.00..5.42 rows=99 width=0)
	        Index Cond: ((k >= 4305390) AND (k <= 4305490))

table 4 : explain SELECT k, c FROM sbtest4 WHERE k BETWEEN 4305390 AND 4305490
	Bitmap Heap Scan on sbtest4  (cost=5.48..409.07 rows=102 width=125)
	  Recheck Cond: ((k >= 4305390) AND (k <= 4305490))
	  ->  Bitmap Index Scan on k_4  (cost=0.00..5.45 rows=102 width=0)
	        Index Cond: ((k >= 4305390) AND (k <= 4305490))

table 5 : explain SELECT k, c FROM sbtest5 WHERE k BETWEEN 4305390 AND 4305490
	Bitmap Heap Scan on sbtest5  (cost=5.54..432.69 rows=108 width=125)
	  Recheck Cond: ((k >= 4305390) AND (k <= 4305490))
	  ->  Bitmap Index Scan on k_5  (cost=0.00..5.51 rows=108 width=0)
	        Index Cond: ((k >= 4305390) AND (k <= 4305490))

table 6 : explain SELECT k, c FROM sbtest6 WHERE k BETWEEN 4305390 AND 4305490
	Bitmap Heap Scan on sbtest6  (cost=5.46..401.19 rows=100 width=125)
	  Recheck Cond: ((k >= 4305390) AND (k <= 4305490))
	  ->  Bitmap Index Scan on k_6  (cost=0.00..5.43 rows=100 width=0)
	        Index Cond: ((k >= 4305390) AND (k <= 4305490))

table 7 : explain SELECT k, c FROM sbtest7 WHERE k BETWEEN 4305390 AND 4305490
	Bitmap Heap Scan on sbtest7  (cost=5.49..413.00 rows=103 width=125)
	  Recheck Cond: ((k >= 4305390) AND (k <= 4305490))
	  ->  Bitmap Index Scan on k_7  (cost=0.00..5.46 rows=103 width=0)
	        Index Cond: ((k >= 4305390) AND (k <= 4305490))

table 8 : explain SELECT k, c FROM sbtest8 WHERE k BETWEEN 4305390 AND 4305490
	Bitmap Heap Scan on sbtest8  (cost=5.49..413.00 rows=103 width=125)
	  Recheck Cond: ((k >= 4305390) AND (k <= 4305490))
	  ->  Bitmap Index Scan on k_8  (cost=0.00..5.46 rows=103 width=0)
	        Index Cond: ((k >= 4305390) AND (k <= 4305490))

for range-notcovered
table 1 : explain SELECT k, c FROM sbtest1 WHERE k BETWEEN 5366786 AND 5366886
	Bitmap Heap Scan on sbtest1  (cost=5.48..409.07 rows=102 width=125)
	  Recheck Cond: ((k >= 5366786) AND (k <= 5366886))
	  ->  Bitmap Index Scan on k_1  (cost=0.00..5.45 rows=102 width=0)
	        Index Cond: ((k >= 5366786) AND (k <= 5366886))

table 2 : explain SELECT k, c FROM sbtest2 WHERE k BETWEEN 5366786 AND 5366886
	Bitmap Heap Scan on sbtest2  (cost=5.42..385.43 rows=96 width=125)
	  Recheck Cond: ((k >= 5366786) AND (k <= 5366886))
	  ->  Bitmap Index Scan on k_2  (cost=0.00..5.39 rows=96 width=0)
	        Index Cond: ((k >= 5366786) AND (k <= 5366886))

table 3 : explain SELECT k, c FROM sbtest3 WHERE k BETWEEN 5366786 AND 5366886
	Bitmap Heap Scan on sbtest3  (cost=5.54..432.69 rows=108 width=125)
	  Recheck Cond: ((k >= 5366786) AND (k <= 5366886))
	  ->  Bitmap Index Scan on k_3  (cost=0.00..5.51 rows=108 width=0)
	        Index Cond: ((k >= 5366786) AND (k <= 5366886))

table 4 : explain SELECT k, c FROM sbtest4 WHERE k BETWEEN 5366786 AND 5366886
	Bitmap Heap Scan on sbtest4  (cost=5.42..385.43 rows=96 width=125)
	  Recheck Cond: ((k >= 5366786) AND (k <= 5366886))
	  ->  Bitmap Index Scan on k_4  (cost=0.00..5.39 rows=96 width=0)
	        Index Cond: ((k >= 5366786) AND (k <= 5366886))

table 5 : explain SELECT k, c FROM sbtest5 WHERE k BETWEEN 5366786 AND 5366886
	Bitmap Heap Scan on sbtest5  (cost=5.47..405.13 rows=101 width=125)
	  Recheck Cond: ((k >= 5366786) AND (k <= 5366886))
	  ->  Bitmap Index Scan on k_5  (cost=0.00..5.44 rows=101 width=0)
	        Index Cond: ((k >= 5366786) AND (k <= 5366886))

table 6 : explain SELECT k, c FROM sbtest6 WHERE k BETWEEN 5366786 AND 5366886
	Bitmap Heap Scan on sbtest6  (cost=5.45..397.25 rows=99 width=125)
	  Recheck Cond: ((k >= 5366786) AND (k <= 5366886))
	  ->  Bitmap Index Scan on k_6  (cost=0.00..5.42 rows=99 width=0)
	        Index Cond: ((k >= 5366786) AND (k <= 5366886))

table 7 : explain SELECT k, c FROM sbtest7 WHERE k BETWEEN 5366786 AND 5366886
	Bitmap Heap Scan on sbtest7  (cost=5.45..397.25 rows=99 width=125)
	  Recheck Cond: ((k >= 5366786) AND (k <= 5366886))
	  ->  Bitmap Index Scan on k_7  (cost=0.00..5.42 rows=99 width=0)
	        Index Cond: ((k >= 5366786) AND (k <= 5366886))

table 8 : explain SELECT k, c FROM sbtest8 WHERE k BETWEEN 5366786 AND 5366886
	Bitmap Heap Scan on sbtest8  (cost=5.50..416.94 rows=104 width=125)
	  Recheck Cond: ((k >= 5366786) AND (k <= 5366886))
	  ->  Bitmap Index Scan on k_8  (cost=0.00..5.47 rows=104 width=0)
	        Index Cond: ((k >= 5366786) AND (k <= 5366886))

for range-notcovered
table 1 : explain SELECT k, c FROM sbtest1 WHERE k BETWEEN 3319001 AND 3319101
	Bitmap Heap Scan on sbtest1  (cost=5.53..428.75 rows=107 width=125)
	  Recheck Cond: ((k >= 3319001) AND (k <= 3319101))
	  ->  Bitmap Index Scan on k_1  (cost=0.00..5.50 rows=107 width=0)
	        Index Cond: ((k >= 3319001) AND (k <= 3319101))

table 2 : explain SELECT k, c FROM sbtest2 WHERE k BETWEEN 3319001 AND 3319101
	Bitmap Heap Scan on sbtest2  (cost=5.47..405.13 rows=101 width=125)
	  Recheck Cond: ((k >= 3319001) AND (k <= 3319101))
	  ->  Bitmap Index Scan on k_2  (cost=0.00..5.44 rows=101 width=0)
	        Index Cond: ((k >= 3319001) AND (k <= 3319101))

table 3 : explain SELECT k, c FROM sbtest3 WHERE k BETWEEN 3319001 AND 3319101
	Bitmap Heap Scan on sbtest3  (cost=5.54..432.69 rows=108 width=125)
	  Recheck Cond: ((k >= 3319001) AND (k <= 3319101))
	  ->  Bitmap Index Scan on k_3  (cost=0.00..5.51 rows=108 width=0)
	        Index Cond: ((k >= 3319001) AND (k <= 3319101))

table 4 : explain SELECT k, c FROM sbtest4 WHERE k BETWEEN 3319001 AND 3319101
	Bitmap Heap Scan on sbtest4  (cost=5.48..409.07 rows=102 width=125)
	  Recheck Cond: ((k >= 3319001) AND (k <= 3319101))
	  ->  Bitmap Index Scan on k_4  (cost=0.00..5.45 rows=102 width=0)
	        Index Cond: ((k >= 3319001) AND (k <= 3319101))

table 5 : explain SELECT k, c FROM sbtest5 WHERE k BETWEEN 3319001 AND 3319101
	Bitmap Heap Scan on sbtest5  (cost=5.53..428.75 rows=107 width=125)
	  Recheck Cond: ((k >= 3319001) AND (k <= 3319101))
	  ->  Bitmap Index Scan on k_5  (cost=0.00..5.50 rows=107 width=0)
	        Index Cond: ((k >= 3319001) AND (k <= 3319101))

table 6 : explain SELECT k, c FROM sbtest6 WHERE k BETWEEN 3319001 AND 3319101
	Bitmap Heap Scan on sbtest6  (cost=5.44..393.31 rows=98 width=125)
	  Recheck Cond: ((k >= 3319001) AND (k <= 3319101))
	  ->  Bitmap Index Scan on k_6  (cost=0.00..5.42 rows=98 width=0)
	        Index Cond: ((k >= 3319001) AND (k <= 3319101))

table 7 : explain SELECT k, c FROM sbtest7 WHERE k BETWEEN 3319001 AND 3319101
	Bitmap Heap Scan on sbtest7  (cost=5.50..416.94 rows=104 width=125)
	  Recheck Cond: ((k >= 3319001) AND (k <= 3319101))
	  ->  Bitmap Index Scan on k_7  (cost=0.00..5.47 rows=104 width=0)
	        Index Cond: ((k >= 3319001) AND (k <= 3319101))

table 8 : explain SELECT k, c FROM sbtest8 WHERE k BETWEEN 3319001 AND 3319101
	Bitmap Heap Scan on sbtest8  (cost=5.48..409.07 rows=102 width=125)
	  Recheck Cond: ((k >= 3319001) AND (k <= 3319101))
	  ->  Bitmap Index Scan on k_8  (cost=0.00..5.45 rows=102 width=0)
	        Index Cond: ((k >= 3319001) AND (k <= 3319101))

explain: for range-notcovered :: explain SELECT k, c FROM sbtest%d WHERE k BETWEEN 5366786 AND 5366886
for range-notcovered
table 1 : explain SELECT k, c FROM sbtest1 WHERE k BETWEEN 5737776 AND 5737876
	Bitmap Heap Scan on sbtest1  (cost=5.52..424.81 rows=106 width=125)
	  Recheck Cond: ((k >= 5737776) AND (k <= 5737876))
	  ->  Bitmap Index Scan on k_1  (cost=0.00..5.50 rows=106 width=0)
	        Index Cond: ((k >= 5737776) AND (k <= 5737876))

table 2 : explain SELECT k, c FROM sbtest2 WHERE k BETWEEN 5737776 AND 5737876
	Bitmap Heap Scan on sbtest2  (cost=5.45..397.25 rows=99 width=125)
	  Recheck Cond: ((k >= 5737776) AND (k <= 5737876))
	  ->  Bitmap Index Scan on k_2  (cost=0.00..5.42 rows=99 width=0)
	        Index Cond: ((k >= 5737776) AND (k <= 5737876))

table 3 : explain SELECT k, c FROM sbtest3 WHERE k BETWEEN 5737776 AND 5737876
	Bitmap Heap Scan on sbtest3  (cost=5.44..393.31 rows=98 width=125)
	  Recheck Cond: ((k >= 5737776) AND (k <= 5737876))
	  ->  Bitmap Index Scan on k_3  (cost=0.00..5.42 rows=98 width=0)
	        Index Cond: ((k >= 5737776) AND (k <= 5737876))

table 4 : explain SELECT k, c FROM sbtest4 WHERE k BETWEEN 5737776 AND 5737876
	Bitmap Heap Scan on sbtest4  (cost=5.47..405.13 rows=101 width=125)
	  Recheck Cond: ((k >= 5737776) AND (k <= 5737876))
	  ->  Bitmap Index Scan on k_4  (cost=0.00..5.44 rows=101 width=0)
	        Index Cond: ((k >= 5737776) AND (k <= 5737876))

table 5 : explain SELECT k, c FROM sbtest5 WHERE k BETWEEN 5737776 AND 5737876
	Bitmap Heap Scan on sbtest5  (cost=5.49..413.00 rows=103 width=125)
	  Recheck Cond: ((k >= 5737776) AND (k <= 5737876))
	  ->  Bitmap Index Scan on k_5  (cost=0.00..5.46 rows=103 width=0)
	        Index Cond: ((k >= 5737776) AND (k <= 5737876))

table 6 : explain SELECT k, c FROM sbtest6 WHERE k BETWEEN 5737776 AND 5737876
	Bitmap Heap Scan on sbtest6  (cost=5.56..440.56 rows=110 width=125)
	  Recheck Cond: ((k >= 5737776) AND (k <= 5737876))
	  ->  Bitmap Index Scan on k_6  (cost=0.00..5.53 rows=110 width=0)
	        Index Cond: ((k >= 5737776) AND (k <= 5737876))

table 7 : explain SELECT k, c FROM sbtest7 WHERE k BETWEEN 5737776 AND 5737876
	Bitmap Heap Scan on sbtest7  (cost=5.42..385.43 rows=96 width=125)
	  Recheck Cond: ((k >= 5737776) AND (k <= 5737876))
	  ->  Bitmap Index Scan on k_7  (cost=0.00..5.39 rows=96 width=0)
	        Index Cond: ((k >= 5737776) AND (k <= 5737876))

table 8 : explain SELECT k, c FROM sbtest8 WHERE k BETWEEN 5737776 AND 5737876
	Bitmap Heap Scan on sbtest8  (cost=5.52..424.81 rows=106 width=125)
	  Recheck Cond: ((k >= 5737776) AND (k <= 5737876))
	  ->  Bitmap Index Scan on k_8  (cost=0.00..5.50 rows=106 width=0)
	        Index Cond: ((k >= 5737776) AND (k <= 5737876))

explain: for range-notcovered :: explain SELECT k, c FROM sbtest%d WHERE k BETWEEN 3319001 AND 3319101
explain: for range-notcovered :: explain SELECT k, c FROM sbtest%d WHERE k BETWEEN 4305390 AND 4305490
explain: for range-notcovered :: explain SELECT k, c FROM sbtest%d WHERE k BETWEEN 5737776 AND 5737876
for range-notcovered
table 1 : explain SELECT k, c FROM sbtest1 WHERE k BETWEEN 1501718 AND 1501818
	Bitmap Heap Scan on sbtest1  (cost=5.44..393.31 rows=98 width=125)
	  Recheck Cond: ((k >= 1501718) AND (k <= 1501818))
	  ->  Bitmap Index Scan on k_1  (cost=0.00..5.42 rows=98 width=0)
	        Index Cond: ((k >= 1501718) AND (k <= 1501818))

table 2 : explain SELECT k, c FROM sbtest2 WHERE k BETWEEN 1501718 AND 1501818
	Bitmap Heap Scan on sbtest2  (cost=5.53..428.75 rows=107 width=125)
	  Recheck Cond: ((k >= 1501718) AND (k <= 1501818))
	  ->  Bitmap Index Scan on k_2  (cost=0.00..5.50 rows=107 width=0)
	        Index Cond: ((k >= 1501718) AND (k <= 1501818))

table 3 : explain SELECT k, c FROM sbtest3 WHERE k BETWEEN 1501718 AND 1501818
	Bitmap Heap Scan on sbtest3  (cost=5.57..444.49 rows=111 width=125)
	  Recheck Cond: ((k >= 1501718) AND (k <= 1501818))
	  ->  Bitmap Index Scan on k_3  (cost=0.00..5.54 rows=111 width=0)
	        Index Cond: ((k >= 1501718) AND (k <= 1501818))

table 4 : explain SELECT k, c FROM sbtest4 WHERE k BETWEEN 1501718 AND 1501818
	Bitmap Heap Scan on sbtest4  (cost=5.43..389.37 rows=97 width=125)
	  Recheck Cond: ((k >= 1501718) AND (k <= 1501818))
	  ->  Bitmap Index Scan on k_4  (cost=0.00..5.40 rows=97 width=0)
	        Index Cond: ((k >= 1501718) AND (k <= 1501818))

table 5 : explain SELECT k, c FROM sbtest5 WHERE k BETWEEN 1501718 AND 1501818
	Bitmap Heap Scan on sbtest5  (cost=5.50..416.94 rows=104 width=125)
	  Recheck Cond: ((k >= 1501718) AND (k <= 1501818))
	  ->  Bitmap Index Scan on k_5  (cost=0.00..5.47 rows=104 width=0)
	        Index Cond: ((k >= 1501718) AND (k <= 1501818))

table 6 : explain SELECT k, c FROM sbtest6 WHERE k BETWEEN 1501718 AND 1501818
	Bitmap Heap Scan on sbtest6  (cost=5.42..385.43 rows=96 width=125)
	  Recheck Cond: ((k >= 1501718) AND (k <= 1501818))
	  ->  Bitmap Index Scan on k_6  (cost=0.00..5.39 rows=96 width=0)
	        Index Cond: ((k >= 1501718) AND (k <= 1501818))

table 7 : explain SELECT k, c FROM sbtest7 WHERE k BETWEEN 1501718 AND 1501818
	Bitmap Heap Scan on sbtest7  (cost=5.45..397.25 rows=99 width=125)
	  Recheck Cond: ((k >= 1501718) AND (k <= 1501818))
	  ->  Bitmap Index Scan on k_7  (cost=0.00..5.42 rows=99 width=0)
	        Index Cond: ((k >= 1501718) AND (k <= 1501818))

table 8 : explain SELECT k, c FROM sbtest8 WHERE k BETWEEN 1501718 AND 1501818
	Bitmap Heap Scan on sbtest8  (cost=5.50..416.94 rows=104 width=125)
	  Recheck Cond: ((k >= 1501718) AND (k <= 1501818))
	  ->  Bitmap Index Scan on k_8  (cost=0.00..5.47 rows=104 width=0)
	        Index Cond: ((k >= 1501718) AND (k <= 1501818))

explain: for range-notcovered :: explain SELECT k, c FROM sbtest%d WHERE k BETWEEN 1501718 AND 1501818
for range-notcovered
table 1 : explain SELECT k, c FROM sbtest1 WHERE k BETWEEN 4929683 AND 4929783
	Bitmap Heap Scan on sbtest1  (cost=5.52..424.81 rows=106 width=125)
	  Recheck Cond: ((k >= 4929683) AND (k <= 4929783))
	  ->  Bitmap Index Scan on k_1  (cost=0.00..5.50 rows=106 width=0)
	        Index Cond: ((k >= 4929683) AND (k <= 4929783))

table 2 : explain SELECT k, c FROM sbtest2 WHERE k BETWEEN 4929683 AND 4929783
	Bitmap Heap Scan on sbtest2  (cost=5.40..377.55 rows=94 width=125)
	  Recheck Cond: ((k >= 4929683) AND (k <= 4929783))
	  ->  Bitmap Index Scan on k_2  (cost=0.00..5.38 rows=94 width=0)
	        Index Cond: ((k >= 4929683) AND (k <= 4929783))

table 3 : explain SELECT k, c FROM sbtest3 WHERE k BETWEEN 4929683 AND 4929783
	Bitmap Heap Scan on sbtest3  (cost=5.53..428.75 rows=107 width=125)
	  Recheck Cond: ((k >= 4929683) AND (k <= 4929783))
	  ->  Bitmap Index Scan on k_3  (cost=0.00..5.50 rows=107 width=0)
	        Index Cond: ((k >= 4929683) AND (k <= 4929783))

table 4 : explain SELECT k, c FROM sbtest4 WHERE k BETWEEN 4929683 AND 4929783
	Bitmap Heap Scan on sbtest4  (cost=5.49..413.00 rows=103 width=125)
	  Recheck Cond: ((k >= 4929683) AND (k <= 4929783))
	  ->  Bitmap Index Scan on k_4  (cost=0.00..5.46 rows=103 width=0)
	        Index Cond: ((k >= 4929683) AND (k <= 4929783))

table 5 : explain SELECT k, c FROM sbtest5 WHERE k BETWEEN 4929683 AND 4929783
	Bitmap Heap Scan on sbtest5  (cost=5.48..409.07 rows=102 width=125)
	  Recheck Cond: ((k >= 4929683) AND (k <= 4929783))
	  ->  Bitmap Index Scan on k_5  (cost=0.00..5.45 rows=102 width=0)
	        Index Cond: ((k >= 4929683) AND (k <= 4929783))

table 6 : explain SELECT k, c FROM sbtest6 WHERE k BETWEEN 4929683 AND 4929783
	Bitmap Heap Scan on sbtest6  (cost=5.40..377.55 rows=94 width=125)
	  Recheck Cond: ((k >= 4929683) AND (k <= 4929783))
	  ->  Bitmap Index Scan on k_6  (cost=0.00..5.38 rows=94 width=0)
	        Index Cond: ((k >= 4929683) AND (k <= 4929783))

table 7 : explain SELECT k, c FROM sbtest7 WHERE k BETWEEN 4929683 AND 4929783
	Bitmap Heap Scan on sbtest7  (cost=5.43..389.37 rows=97 width=125)
	  Recheck Cond: ((k >= 4929683) AND (k <= 4929783))
	  ->  Bitmap Index Scan on k_7  (cost=0.00..5.40 rows=97 width=0)
	        Index Cond: ((k >= 4929683) AND (k <= 4929783))

table 8 : explain SELECT k, c FROM sbtest8 WHERE k BETWEEN 4929683 AND 4929783
	Bitmap Heap Scan on sbtest8  (cost=5.42..385.43 rows=96 width=125)
	  Recheck Cond: ((k >= 4929683) AND (k <= 4929783))
	  ->  Bitmap Index Scan on k_8  (cost=0.00..5.39 rows=96 width=0)
	        Index Cond: ((k >= 4929683) AND (k <= 4929783))

for range-notcovered
table 1 : explain SELECT k, c FROM sbtest1 WHERE k BETWEEN 7164037 AND 7164137
	Bitmap Heap Scan on sbtest1  (cost=5.46..401.19 rows=100 width=125)
	  Recheck Cond: ((k >= 7164037) AND (k <= 7164137))
	  ->  Bitmap Index Scan on k_1  (cost=0.00..5.43 rows=100 width=0)
	        Index Cond: ((k >= 7164037) AND (k <= 7164137))

table 2 : explain SELECT k, c FROM sbtest2 WHERE k BETWEEN 7164037 AND 7164137
	Bitmap Heap Scan on sbtest2  (cost=5.54..432.69 rows=108 width=125)
	  Recheck Cond: ((k >= 7164037) AND (k <= 7164137))
	  ->  Bitmap Index Scan on k_2  (cost=0.00..5.51 rows=108 width=0)
	        Index Cond: ((k >= 7164037) AND (k <= 7164137))

table 3 : explain SELECT k, c FROM sbtest3 WHERE k BETWEEN 7164037 AND 7164137
	Bitmap Heap Scan on sbtest3  (cost=5.48..409.07 rows=102 width=125)
	  Recheck Cond: ((k >= 7164037) AND (k <= 7164137))
	  ->  Bitmap Index Scan on k_3  (cost=0.00..5.45 rows=102 width=0)
	        Index Cond: ((k >= 7164037) AND (k <= 7164137))

table 4 : explain SELECT k, c FROM sbtest4 WHERE k BETWEEN 7164037 AND 7164137
	Bitmap Heap Scan on sbtest4  (cost=5.50..416.94 rows=104 width=125)
	  Recheck Cond: ((k >= 7164037) AND (k <= 7164137))
	  ->  Bitmap Index Scan on k_4  (cost=0.00..5.47 rows=104 width=0)
	        Index Cond: ((k >= 7164037) AND (k <= 7164137))

table 5 : explain SELECT k, c FROM sbtest5 WHERE k BETWEEN 7164037 AND 7164137
	Bitmap Heap Scan on sbtest5  (cost=5.51..420.88 rows=105 width=125)
	  Recheck Cond: ((k >= 7164037) AND (k <= 7164137))
	  ->  Bitmap Index Scan on k_5  (cost=0.00..5.48 rows=105 width=0)
	        Index Cond: ((k >= 7164037) AND (k <= 7164137))

table 6 : explain SELECT k, c FROM sbtest6 WHERE k BETWEEN 7164037 AND 7164137
	Bitmap Heap Scan on sbtest6  (cost=5.45..397.25 rows=99 width=125)
	  Recheck Cond: ((k >= 7164037) AND (k <= 7164137))
	  ->  Bitmap Index Scan on k_6  (cost=0.00..5.42 rows=99 width=0)
	        Index Cond: ((k >= 7164037) AND (k <= 7164137))

table 7 : explain SELECT k, c FROM sbtest7 WHERE k BETWEEN 7164037 AND 7164137
	Bitmap Heap Scan on sbtest7  (cost=5.51..420.88 rows=105 width=125)
	  Recheck Cond: ((k >= 7164037) AND (k <= 7164137))
	  ->  Bitmap Index Scan on k_7  (cost=0.00..5.48 rows=105 width=0)
	        Index Cond: ((k >= 7164037) AND (k <= 7164137))

table 8 : explain SELECT k, c FROM sbtest8 WHERE k BETWEEN 7164037 AND 7164137
	Bitmap Heap Scan on sbtest8  (cost=5.47..405.13 rows=101 width=125)
	  Recheck Cond: ((k >= 7164037) AND (k <= 7164137))
	  ->  Bitmap Index Scan on k_8  (cost=0.00..5.44 rows=101 width=0)
	        Index Cond: ((k >= 7164037) AND (k <= 7164137))

for range-notcovered
table 1 : explain SELECT k, c FROM sbtest1 WHERE k BETWEEN 9064660 AND 9064760
	Bitmap Heap Scan on sbtest1  (cost=5.47..405.13 rows=101 width=125)
	  Recheck Cond: ((k >= 9064660) AND (k <= 9064760))
	  ->  Bitmap Index Scan on k_1  (cost=0.00..5.44 rows=101 width=0)
	        Index Cond: ((k >= 9064660) AND (k <= 9064760))

table 2 : explain SELECT k, c FROM sbtest2 WHERE k BETWEEN 9064660 AND 9064760
	Bitmap Heap Scan on sbtest2  (cost=5.36..361.78 rows=90 width=125)
	  Recheck Cond: ((k >= 9064660) AND (k <= 9064760))
	  ->  Bitmap Index Scan on k_2  (cost=0.00..5.33 rows=90 width=0)
	        Index Cond: ((k >= 9064660) AND (k <= 9064760))

table 3 : explain SELECT k, c FROM sbtest3 WHERE k BETWEEN 9064660 AND 9064760
	Bitmap Heap Scan on sbtest3  (cost=5.53..428.75 rows=107 width=125)
	  Recheck Cond: ((k >= 9064660) AND (k <= 9064760))
	  ->  Bitmap Index Scan on k_3  (cost=0.00..5.50 rows=107 width=0)
	        Index Cond: ((k >= 9064660) AND (k <= 9064760))

table 4 : explain SELECT k, c FROM sbtest4 WHERE k BETWEEN 9064660 AND 9064760
	Bitmap Heap Scan on sbtest4  (cost=5.49..413.00 rows=103 width=125)
	  Recheck Cond: ((k >= 9064660) AND (k <= 9064760))
	  ->  Bitmap Index Scan on k_4  (cost=0.00..5.46 rows=103 width=0)
	        Index Cond: ((k >= 9064660) AND (k <= 9064760))

table 5 : explain SELECT k, c FROM sbtest5 WHERE k BETWEEN 9064660 AND 9064760
	Bitmap Heap Scan on sbtest5  (cost=5.41..381.49 rows=95 width=125)
	  Recheck Cond: ((k >= 9064660) AND (k <= 9064760))
	  ->  Bitmap Index Scan on k_5  (cost=0.00..5.38 rows=95 width=0)
	        Index Cond: ((k >= 9064660) AND (k <= 9064760))

table 6 : explain SELECT k, c FROM sbtest6 WHERE k BETWEEN 9064660 AND 9064760
	Bitmap Heap Scan on sbtest6  (cost=5.43..389.37 rows=97 width=125)
	  Recheck Cond: ((k >= 9064660) AND (k <= 9064760))
	  ->  Bitmap Index Scan on k_6  (cost=0.00..5.40 rows=97 width=0)
	        Index Cond: ((k >= 9064660) AND (k <= 9064760))

table 7 : explain SELECT k, c FROM sbtest7 WHERE k BETWEEN 9064660 AND 9064760
	Bitmap Heap Scan on sbtest7  (cost=5.44..393.31 rows=98 width=125)
	  Recheck Cond: ((k >= 9064660) AND (k <= 9064760))
	  ->  Bitmap Index Scan on k_7  (cost=0.00..5.42 rows=98 width=0)
	        Index Cond: ((k >= 9064660) AND (k <= 9064760))

table 8 : explain SELECT k, c FROM sbtest8 WHERE k BETWEEN 9064660 AND 9064760
	Bitmap Heap Scan on sbtest8  (cost=5.48..409.07 rows=102 width=125)
	  Recheck Cond: ((k >= 9064660) AND (k <= 9064760))
	  ->  Bitmap Index Scan on k_8  (cost=0.00..5.45 rows=102 width=0)
	        Index Cond: ((k >= 9064660) AND (k <= 9064760))

explain: for range-notcovered :: explain SELECT k, c FROM sbtest%d WHERE k BETWEEN 9064660 AND 9064760
for range-notcovered
table 1 : explain SELECT k, c FROM sbtest1 WHERE k BETWEEN 5366786 AND 5366886
	Bitmap Heap Scan on sbtest1  (cost=5.48..409.07 rows=102 width=125)
	  Recheck Cond: ((k >= 5366786) AND (k <= 5366886))
	  ->  Bitmap Index Scan on k_1  (cost=0.00..5.45 rows=102 width=0)
	        Index Cond: ((k >= 5366786) AND (k <= 5366886))

table 2 : explain SELECT k, c FROM sbtest2 WHERE k BETWEEN 5366786 AND 5366886
	Bitmap Heap Scan on sbtest2  (cost=5.42..385.43 rows=96 width=125)
	  Recheck Cond: ((k >= 5366786) AND (k <= 5366886))
	  ->  Bitmap Index Scan on k_2  (cost=0.00..5.39 rows=96 width=0)
	        Index Cond: ((k >= 5366786) AND (k <= 5366886))

table 3 : explain SELECT k, c FROM sbtest3 WHERE k BETWEEN 5366786 AND 5366886
	Bitmap Heap Scan on sbtest3  (cost=5.54..432.69 rows=108 width=125)
	  Recheck Cond: ((k >= 5366786) AND (k <= 5366886))
	  ->  Bitmap Index Scan on k_3  (cost=0.00..5.51 rows=108 width=0)
	        Index Cond: ((k >= 5366786) AND (k <= 5366886))

table 4 : explain SELECT k, c FROM sbtest4 WHERE k BETWEEN 5366786 AND 5366886
	Bitmap Heap Scan on sbtest4  (cost=5.42..385.43 rows=96 width=125)
	  Recheck Cond: ((k >= 5366786) AND (k <= 5366886))
	  ->  Bitmap Index Scan on k_4  (cost=0.00..5.39 rows=96 width=0)
	        Index Cond: ((k >= 5366786) AND (k <= 5366886))

table 5 : explain SELECT k, c FROM sbtest5 WHERE k BETWEEN 5366786 AND 5366886
	Bitmap Heap Scan on sbtest5  (cost=5.47..405.13 rows=101 width=125)
	  Recheck Cond: ((k >= 5366786) AND (k <= 5366886))
	  ->  Bitmap Index Scan on k_5  (cost=0.00..5.44 rows=101 width=0)
	        Index Cond: ((k >= 5366786) AND (k <= 5366886))

table 6 : explain SELECT k, c FROM sbtest6 WHERE k BETWEEN 5366786 AND 5366886
	Bitmap Heap Scan on sbtest6  (cost=5.45..397.25 rows=99 width=125)
	  Recheck Cond: ((k >= 5366786) AND (k <= 5366886))
	  ->  Bitmap Index Scan on k_6  (cost=0.00..5.42 rows=99 width=0)
	        Index Cond: ((k >= 5366786) AND (k <= 5366886))

table 7 : explain SELECT k, c FROM sbtest7 WHERE k BETWEEN 5366786 AND 5366886
	Bitmap Heap Scan on sbtest7  (cost=5.45..397.25 rows=99 width=125)
	  Recheck Cond: ((k >= 5366786) AND (k <= 5366886))
	  ->  Bitmap Index Scan on k_7  (cost=0.00..5.42 rows=99 width=0)
	        Index Cond: ((k >= 5366786) AND (k <= 5366886))

table 8 : explain SELECT k, c FROM sbtest8 WHERE k BETWEEN 5366786 AND 5366886
	Bitmap Heap Scan on sbtest8  (cost=5.50..416.94 rows=104 width=125)
	  Recheck Cond: ((k >= 5366786) AND (k <= 5366886))
	  ->  Bitmap Index Scan on k_8  (cost=0.00..5.47 rows=104 width=0)
	        Index Cond: ((k >= 5366786) AND (k <= 5366886))

explain: for range-notcovered :: explain SELECT k, c FROM sbtest%d WHERE k BETWEEN 4929683 AND 4929783
explain: for range-notcovered :: explain SELECT k, c FROM sbtest%d WHERE k BETWEEN 5366786 AND 5366886
for range-notcovered
table 1 : explain SELECT k, c FROM sbtest1 WHERE k BETWEEN 1474795 AND 1474895
	Bitmap Heap Scan on sbtest1  (cost=5.44..393.31 rows=98 width=125)
	  Recheck Cond: ((k >= 1474795) AND (k <= 1474895))
	  ->  Bitmap Index Scan on k_1  (cost=0.00..5.42 rows=98 width=0)
	        Index Cond: ((k >= 1474795) AND (k <= 1474895))

table 2 : explain SELECT k, c FROM sbtest2 WHERE k BETWEEN 1474795 AND 1474895
	Bitmap Heap Scan on sbtest2  (cost=5.48..409.07 rows=102 width=125)
	  Recheck Cond: ((k >= 1474795) AND (k <= 1474895))
	  ->  Bitmap Index Scan on k_2  (cost=0.00..5.45 rows=102 width=0)
	        Index Cond: ((k >= 1474795) AND (k <= 1474895))

table 3 : explain SELECT k, c FROM sbtest3 WHERE k BETWEEN 1474795 AND 1474895
	Bitmap Heap Scan on sbtest3  (cost=5.57..444.49 rows=111 width=125)
	  Recheck Cond: ((k >= 1474795) AND (k <= 1474895))
	  ->  Bitmap Index Scan on k_3  (cost=0.00..5.54 rows=111 width=0)
	        Index Cond: ((k >= 1474795) AND (k <= 1474895))

table 4 : explain SELECT k, c FROM sbtest4 WHERE k BETWEEN 1474795 AND 1474895
	Bitmap Heap Scan on sbtest4  (cost=5.43..389.37 rows=97 width=125)
	  Recheck Cond: ((k >= 1474795) AND (k <= 1474895))
	  ->  Bitmap Index Scan on k_4  (cost=0.00..5.40 rows=97 width=0)
	        Index Cond: ((k >= 1474795) AND (k <= 1474895))

table 5 : explain SELECT k, c FROM sbtest5 WHERE k BETWEEN 1474795 AND 1474895
	Bitmap Heap Scan on sbtest5  (cost=5.46..401.19 rows=100 width=125)
	  Recheck Cond: ((k >= 1474795) AND (k <= 1474895))
	  ->  Bitmap Index Scan on k_5  (cost=0.00..5.43 rows=100 width=0)
	        Index Cond: ((k >= 1474795) AND (k <= 1474895))

table 6 : explain SELECT k, c FROM sbtest6 WHERE k BETWEEN 1474795 AND 1474895
	Bitmap Heap Scan on sbtest6  (cost=5.42..385.43 rows=96 width=125)
	  Recheck Cond: ((k >= 1474795) AND (k <= 1474895))
	  ->  Bitmap Index Scan on k_6  (cost=0.00..5.39 rows=96 width=0)
	        Index Cond: ((k >= 1474795) AND (k <= 1474895))

table 7 : explain SELECT k, c FROM sbtest7 WHERE k BETWEEN 1474795 AND 1474895
	Bitmap Heap Scan on sbtest7  (cost=5.45..397.25 rows=99 width=125)
	  Recheck Cond: ((k >= 1474795) AND (k <= 1474895))
	  ->  Bitmap Index Scan on k_7  (cost=0.00..5.42 rows=99 width=0)
	        Index Cond: ((k >= 1474795) AND (k <= 1474895))

table 8 : explain SELECT k, c FROM sbtest8 WHERE k BETWEEN 1474795 AND 1474895
	Bitmap Heap Scan on sbtest8  (cost=5.50..416.94 rows=104 width=125)
	  Recheck Cond: ((k >= 1474795) AND (k <= 1474895))
	  ->  Bitmap Index Scan on k_8  (cost=0.00..5.47 rows=104 width=0)
	        Index Cond: ((k >= 1474795) AND (k <= 1474895))

for range-notcovered
table 1 : explain SELECT k, c FROM sbtest1 WHERE k BETWEEN 5737776 AND 5737876
	Bitmap Heap Scan on sbtest1  (cost=5.52..424.81 rows=106 width=125)
	  Recheck Cond: ((k >= 5737776) AND (k <= 5737876))
	  ->  Bitmap Index Scan on k_1  (cost=0.00..5.50 rows=106 width=0)
	        Index Cond: ((k >= 5737776) AND (k <= 5737876))

table 2 : explain SELECT k, c FROM sbtest2 WHERE k BETWEEN 5737776 AND 5737876
	Bitmap Heap Scan on sbtest2  (cost=5.45..397.25 rows=99 width=125)
	  Recheck Cond: ((k >= 5737776) AND (k <= 5737876))
	  ->  Bitmap Index Scan on k_2  (cost=0.00..5.42 rows=99 width=0)
	        Index Cond: ((k >= 5737776) AND (k <= 5737876))

table 3 : explain SELECT k, c FROM sbtest3 WHERE k BETWEEN 5737776 AND 5737876
	Bitmap Heap Scan on sbtest3  (cost=5.44..393.31 rows=98 width=125)
	  Recheck Cond: ((k >= 5737776) AND (k <= 5737876))
	  ->  Bitmap Index Scan on k_3  (cost=0.00..5.42 rows=98 width=0)
	        Index Cond: ((k >= 5737776) AND (k <= 5737876))

table 4 : explain SELECT k, c FROM sbtest4 WHERE k BETWEEN 5737776 AND 5737876
	Bitmap Heap Scan on sbtest4  (cost=5.47..405.13 rows=101 width=125)
	  Recheck Cond: ((k >= 5737776) AND (k <= 5737876))
	  ->  Bitmap Index Scan on k_4  (cost=0.00..5.44 rows=101 width=0)
	        Index Cond: ((k >= 5737776) AND (k <= 5737876))

table 5 : explain SELECT k, c FROM sbtest5 WHERE k BETWEEN 5737776 AND 5737876
	Bitmap Heap Scan on sbtest5  (cost=5.49..413.00 rows=103 width=125)
	  Recheck Cond: ((k >= 5737776) AND (k <= 5737876))
	  ->  Bitmap Index Scan on k_5  (cost=0.00..5.46 rows=103 width=0)
	        Index Cond: ((k >= 5737776) AND (k <= 5737876))

table 6 : explain SELECT k, c FROM sbtest6 WHERE k BETWEEN 5737776 AND 5737876
	Bitmap Heap Scan on sbtest6  (cost=5.56..440.56 rows=110 width=125)
	  Recheck Cond: ((k >= 5737776) AND (k <= 5737876))
	  ->  Bitmap Index Scan on k_6  (cost=0.00..5.53 rows=110 width=0)
	        Index Cond: ((k >= 5737776) AND (k <= 5737876))

table 7 : explain SELECT k, c FROM sbtest7 WHERE k BETWEEN 5737776 AND 5737876
	Bitmap Heap Scan on sbtest7  (cost=5.42..385.43 rows=96 width=125)
	  Recheck Cond: ((k >= 5737776) AND (k <= 5737876))
	  ->  Bitmap Index Scan on k_7  (cost=0.00..5.39 rows=96 width=0)
	        Index Cond: ((k >= 5737776) AND (k <= 5737876))

table 8 : explain SELECT k, c FROM sbtest8 WHERE k BETWEEN 5737776 AND 5737876
	Bitmap Heap Scan on sbtest8  (cost=5.52..424.81 rows=106 width=125)
	  Recheck Cond: ((k >= 5737776) AND (k <= 5737876))
	  ->  Bitmap Index Scan on k_8  (cost=0.00..5.50 rows=106 width=0)
	        Index Cond: ((k >= 5737776) AND (k <= 5737876))

for range-notcovered
table 1 : explain SELECT k, c FROM sbtest1 WHERE k BETWEEN 6161700 AND 6161800
	Bitmap Heap Scan on sbtest1  (cost=5.46..401.19 rows=100 width=125)
	  Recheck Cond: ((k >= 6161700) AND (k <= 6161800))
	  ->  Bitmap Index Scan on k_1  (cost=0.00..5.43 rows=100 width=0)
	        Index Cond: ((k >= 6161700) AND (k <= 6161800))

table 2 : explain SELECT k, c FROM sbtest2 WHERE k BETWEEN 6161700 AND 6161800
	Bitmap Heap Scan on sbtest2  (cost=5.46..401.19 rows=100 width=125)
	  Recheck Cond: ((k >= 6161700) AND (k <= 6161800))
	  ->  Bitmap Index Scan on k_2  (cost=0.00..5.43 rows=100 width=0)
	        Index Cond: ((k >= 6161700) AND (k <= 6161800))

table 3 : explain SELECT k, c FROM sbtest3 WHERE k BETWEEN 6161700 AND 6161800
	Bitmap Heap Scan on sbtest3  (cost=5.54..432.69 rows=108 width=125)
	  Recheck Cond: ((k >= 6161700) AND (k <= 6161800))
	  ->  Bitmap Index Scan on k_3  (cost=0.00..5.51 rows=108 width=0)
	        Index Cond: ((k >= 6161700) AND (k <= 6161800))

table 4 : explain SELECT k, c FROM sbtest4 WHERE k BETWEEN 6161700 AND 6161800
	Bitmap Heap Scan on sbtest4  (cost=5.54..432.69 rows=108 width=125)
	  Recheck Cond: ((k >= 6161700) AND (k <= 6161800))
	  ->  Bitmap Index Scan on k_4  (cost=0.00..5.51 rows=108 width=0)
	        Index Cond: ((k >= 6161700) AND (k <= 6161800))

table 5 : explain SELECT k, c FROM sbtest5 WHERE k BETWEEN 6161700 AND 6161800
	Bitmap Heap Scan on sbtest5  (cost=5.47..405.13 rows=101 width=125)
	  Recheck Cond: ((k >= 6161700) AND (k <= 6161800))
	  ->  Bitmap Index Scan on k_5  (cost=0.00..5.44 rows=101 width=0)
	        Index Cond: ((k >= 6161700) AND (k <= 6161800))

table 6 : explain SELECT k, c FROM sbtest6 WHERE k BETWEEN 6161700 AND 6161800
	Bitmap Heap Scan on sbtest6  (cost=5.45..397.25 rows=99 width=125)
	  Recheck Cond: ((k >= 6161700) AND (k <= 6161800))
	  ->  Bitmap Index Scan on k_6  (cost=0.00..5.42 rows=99 width=0)
	        Index Cond: ((k >= 6161700) AND (k <= 6161800))

table 7 : explain SELECT k, c FROM sbtest7 WHERE k BETWEEN 6161700 AND 6161800
	Bitmap Heap Scan on sbtest7  (cost=5.39..373.61 rows=93 width=125)
	  Recheck Cond: ((k >= 6161700) AND (k <= 6161800))
	  ->  Bitmap Index Scan on k_7  (cost=0.00..5.36 rows=93 width=0)
	        Index Cond: ((k >= 6161700) AND (k <= 6161800))

table 8 : explain SELECT k, c FROM sbtest8 WHERE k BETWEEN 6161700 AND 6161800
	Bitmap Heap Scan on sbtest8  (cost=5.46..401.19 rows=100 width=125)
	  Recheck Cond: ((k >= 6161700) AND (k <= 6161800))
	  ->  Bitmap Index Scan on k_8  (cost=0.00..5.43 rows=100 width=0)
	        Index Cond: ((k >= 6161700) AND (k <= 6161800))

explain: for range-notcovered :: explain SELECT k, c FROM sbtest%d WHERE k BETWEEN 5737776 AND 5737876
explain: for range-notcovered :: explain SELECT k, c FROM sbtest%d WHERE k BETWEEN 6161700 AND 6161800
for range-notcovered
table 1 : explain SELECT k, c FROM sbtest1 WHERE k BETWEEN 3319001 AND 3319101
	Bitmap Heap Scan on sbtest1  (cost=5.53..428.75 rows=107 width=125)
	  Recheck Cond: ((k >= 3319001) AND (k <= 3319101))
	  ->  Bitmap Index Scan on k_1  (cost=0.00..5.50 rows=107 width=0)
	        Index Cond: ((k >= 3319001) AND (k <= 3319101))

table 2 : explain SELECT k, c FROM sbtest2 WHERE k BETWEEN 3319001 AND 3319101
	Bitmap Heap Scan on sbtest2  (cost=5.47..405.13 rows=101 width=125)
	  Recheck Cond: ((k >= 3319001) AND (k <= 3319101))
	  ->  Bitmap Index Scan on k_2  (cost=0.00..5.44 rows=101 width=0)
	        Index Cond: ((k >= 3319001) AND (k <= 3319101))

table 3 : explain SELECT k, c FROM sbtest3 WHERE k BETWEEN 3319001 AND 3319101
	Bitmap Heap Scan on sbtest3  (cost=5.54..432.69 rows=108 width=125)
	  Recheck Cond: ((k >= 3319001) AND (k <= 3319101))
	  ->  Bitmap Index Scan on k_3  (cost=0.00..5.51 rows=108 width=0)
	        Index Cond: ((k >= 3319001) AND (k <= 3319101))

table 4 : explain SELECT k, c FROM sbtest4 WHERE k BETWEEN 3319001 AND 3319101
	Bitmap Heap Scan on sbtest4  (cost=5.48..409.07 rows=102 width=125)
	  Recheck Cond: ((k >= 3319001) AND (k <= 3319101))
	  ->  Bitmap Index Scan on k_4  (cost=0.00..5.45 rows=102 width=0)
	        Index Cond: ((k >= 3319001) AND (k <= 3319101))

table 5 : explain SELECT k, c FROM sbtest5 WHERE k BETWEEN 3319001 AND 3319101
	Bitmap Heap Scan on sbtest5  (cost=5.53..428.75 rows=107 width=125)
	  Recheck Cond: ((k >= 3319001) AND (k <= 3319101))
	  ->  Bitmap Index Scan on k_5  (cost=0.00..5.50 rows=107 width=0)
	        Index Cond: ((k >= 3319001) AND (k <= 3319101))

table 6 : explain SELECT k, c FROM sbtest6 WHERE k BETWEEN 3319001 AND 3319101
	Bitmap Heap Scan on sbtest6  (cost=5.44..393.31 rows=98 width=125)
	  Recheck Cond: ((k >= 3319001) AND (k <= 3319101))
	  ->  Bitmap Index Scan on k_6  (cost=0.00..5.42 rows=98 width=0)
	        Index Cond: ((k >= 3319001) AND (k <= 3319101))

table 7 : explain SELECT k, c FROM sbtest7 WHERE k BETWEEN 3319001 AND 3319101
	Bitmap Heap Scan on sbtest7  (cost=5.50..416.94 rows=104 width=125)
	  Recheck Cond: ((k >= 3319001) AND (k <= 3319101))
	  ->  Bitmap Index Scan on k_7  (cost=0.00..5.47 rows=104 width=0)
	        Index Cond: ((k >= 3319001) AND (k <= 3319101))

table 8 : explain SELECT k, c FROM sbtest8 WHERE k BETWEEN 3319001 AND 3319101
	Bitmap Heap Scan on sbtest8  (cost=5.48..409.07 rows=102 width=125)
	  Recheck Cond: ((k >= 3319001) AND (k <= 3319101))
	  ->  Bitmap Index Scan on k_8  (cost=0.00..5.45 rows=102 width=0)
	        Index Cond: ((k >= 3319001) AND (k <= 3319101))

explain: for range-notcovered :: explain SELECT k, c FROM sbtest%d WHERE k BETWEEN 1474795 AND 1474895
explain: for range-notcovered :: explain SELECT k, c FROM sbtest%d WHERE k BETWEEN 3319001 AND 3319101
explain: for range-notcovered :: explain SELECT k, c FROM sbtest%d WHERE k BETWEEN 3147350 AND 3147450
for range-notcovered
table 1 : explain SELECT k, c FROM sbtest1 WHERE k BETWEEN 4305390 AND 4305490
	Bitmap Heap Scan on sbtest1  (cost=5.59..452.36 rows=113 width=125)
	  Recheck Cond: ((k >= 4305390) AND (k <= 4305490))
	  ->  Bitmap Index Scan on k_1  (cost=0.00..5.56 rows=113 width=0)
	        Index Cond: ((k >= 4305390) AND (k <= 4305490))

table 2 : explain SELECT k, c FROM sbtest2 WHERE k BETWEEN 4305390 AND 4305490
	Bitmap Heap Scan on sbtest2  (cost=5.59..452.36 rows=113 width=125)
	  Recheck Cond: ((k >= 4305390) AND (k <= 4305490))
	  ->  Bitmap Index Scan on k_2  (cost=0.00..5.56 rows=113 width=0)
	        Index Cond: ((k >= 4305390) AND (k <= 4305490))

table 3 : explain SELECT k, c FROM sbtest3 WHERE k BETWEEN 4305390 AND 4305490
	Bitmap Heap Scan on sbtest3  (cost=5.45..397.25 rows=99 width=125)
	  Recheck Cond: ((k >= 4305390) AND (k <= 4305490))
	  ->  Bitmap Index Scan on k_3  (cost=0.00..5.42 rows=99 width=0)
	        Index Cond: ((k >= 4305390) AND (k <= 4305490))

table 4 : explain SELECT k, c FROM sbtest4 WHERE k BETWEEN 4305390 AND 4305490
	Bitmap Heap Scan on sbtest4  (cost=5.48..409.07 rows=102 width=125)
	  Recheck Cond: ((k >= 4305390) AND (k <= 4305490))
	  ->  Bitmap Index Scan on k_4  (cost=0.00..5.45 rows=102 width=0)
	        Index Cond: ((k >= 4305390) AND (k <= 4305490))

table 5 : explain SELECT k, c FROM sbtest5 WHERE k BETWEEN 4305390 AND 4305490
	Bitmap Heap Scan on sbtest5  (cost=5.54..432.69 rows=108 width=125)
	  Recheck Cond: ((k >= 4305390) AND (k <= 4305490))
	  ->  Bitmap Index Scan on k_5  (cost=0.00..5.51 rows=108 width=0)
	        Index Cond: ((k >= 4305390) AND (k <= 4305490))

table 6 : explain SELECT k, c FROM sbtest6 WHERE k BETWEEN 4305390 AND 4305490
	Bitmap Heap Scan on sbtest6  (cost=5.46..401.19 rows=100 width=125)
	  Recheck Cond: ((k >= 4305390) AND (k <= 4305490))
	  ->  Bitmap Index Scan on k_6  (cost=0.00..5.43 rows=100 width=0)
	        Index Cond: ((k >= 4305390) AND (k <= 4305490))

table 7 : explain SELECT k, c FROM sbtest7 WHERE k BETWEEN 4305390 AND 4305490
	Bitmap Heap Scan on sbtest7  (cost=5.49..413.00 rows=103 width=125)
	  Recheck Cond: ((k >= 4305390) AND (k <= 4305490))
	  ->  Bitmap Index Scan on k_7  (cost=0.00..5.46 rows=103 width=0)
	        Index Cond: ((k >= 4305390) AND (k <= 4305490))

table 8 : explain SELECT k, c FROM sbtest8 WHERE k BETWEEN 4305390 AND 4305490
	Bitmap Heap Scan on sbtest8  (cost=5.49..413.00 rows=103 width=125)
	  Recheck Cond: ((k >= 4305390) AND (k <= 4305490))
	  ->  Bitmap Index Scan on k_8  (cost=0.00..5.46 rows=103 width=0)
	        Index Cond: ((k >= 4305390) AND (k <= 4305490))

for range-notcovered
table 1 : explain SELECT k, c FROM sbtest1 WHERE k BETWEEN 4627628 AND 4627728
	Bitmap Heap Scan on sbtest1  (cost=5.56..440.56 rows=110 width=125)
	  Recheck Cond: ((k >= 4627628) AND (k <= 4627728))
	  ->  Bitmap Index Scan on k_1  (cost=0.00..5.53 rows=110 width=0)
	        Index Cond: ((k >= 4627628) AND (k <= 4627728))

table 2 : explain SELECT k, c FROM sbtest2 WHERE k BETWEEN 4627628 AND 4627728
	Bitmap Heap Scan on sbtest2  (cost=5.44..393.31 rows=98 width=125)
	  Recheck Cond: ((k >= 4627628) AND (k <= 4627728))
	  ->  Bitmap Index Scan on k_2  (cost=0.00..5.42 rows=98 width=0)
	        Index Cond: ((k >= 4627628) AND (k <= 4627728))

table 3 : explain SELECT k, c FROM sbtest3 WHERE k BETWEEN 4627628 AND 4627728
	Bitmap Heap Scan on sbtest3  (cost=5.56..440.56 rows=110 width=125)
	  Recheck Cond: ((k >= 4627628) AND (k <= 4627728))
	  ->  Bitmap Index Scan on k_3  (cost=0.00..5.53 rows=110 width=0)
	        Index Cond: ((k >= 4627628) AND (k <= 4627728))

table 4 : explain SELECT k, c FROM sbtest4 WHERE k BETWEEN 4627628 AND 4627728
	Bitmap Heap Scan on sbtest4  (cost=5.51..420.88 rows=105 width=125)
	  Recheck Cond: ((k >= 4627628) AND (k <= 4627728))
	  ->  Bitmap Index Scan on k_4  (cost=0.00..5.48 rows=105 width=0)
	        Index Cond: ((k >= 4627628) AND (k <= 4627728))

table 5 : explain SELECT k, c FROM sbtest5 WHERE k BETWEEN 4627628 AND 4627728
	Bitmap Heap Scan on sbtest5  (cost=5.48..409.07 rows=102 width=125)
	  Recheck Cond: ((k >= 4627628) AND (k <= 4627728))
	  ->  Bitmap Index Scan on k_5  (cost=0.00..5.45 rows=102 width=0)
	        Index Cond: ((k >= 4627628) AND (k <= 4627728))

table 6 : explain SELECT k, c FROM sbtest6 WHERE k BETWEEN 4627628 AND 4627728
	Bitmap Heap Scan on sbtest6  (cost=5.39..373.61 rows=93 width=125)
	  Recheck Cond: ((k >= 4627628) AND (k <= 4627728))
	  ->  Bitmap Index Scan on k_6  (cost=0.00..5.36 rows=93 width=0)
	        Index Cond: ((k >= 4627628) AND (k <= 4627728))

table 7 : explain SELECT k, c FROM sbtest7 WHERE k BETWEEN 4627628 AND 4627728
	Bitmap Heap Scan on sbtest7  (cost=5.58..448.42 rows=112 width=125)
	  Recheck Cond: ((k >= 4627628) AND (k <= 4627728))
	  ->  Bitmap Index Scan on k_7  (cost=0.00..5.55 rows=112 width=0)
	        Index Cond: ((k >= 4627628) AND (k <= 4627728))

table 8 : explain SELECT k, c FROM sbtest8 WHERE k BETWEEN 4627628 AND 4627728
	Bitmap Heap Scan on sbtest8  (cost=5.45..397.25 rows=99 width=125)
	  Recheck Cond: ((k >= 4627628) AND (k <= 4627728))
	  ->  Bitmap Index Scan on k_8  (cost=0.00..5.42 rows=99 width=0)
	        Index Cond: ((k >= 4627628) AND (k <= 4627728))

for range-notcovered
table 1 : explain SELECT k, c FROM sbtest1 WHERE k BETWEEN 5366786 AND 5366886
	Bitmap Heap Scan on sbtest1  (cost=5.48..409.07 rows=102 width=125)
	  Recheck Cond: ((k >= 5366786) AND (k <= 5366886))
	  ->  Bitmap Index Scan on k_1  (cost=0.00..5.45 rows=102 width=0)
	        Index Cond: ((k >= 5366786) AND (k <= 5366886))

table 2 : explain SELECT k, c FROM sbtest2 WHERE k BETWEEN 5366786 AND 5366886
	Bitmap Heap Scan on sbtest2  (cost=5.42..385.43 rows=96 width=125)
	  Recheck Cond: ((k >= 5366786) AND (k <= 5366886))
	  ->  Bitmap Index Scan on k_2  (cost=0.00..5.39 rows=96 width=0)
	        Index Cond: ((k >= 5366786) AND (k <= 5366886))

table 3 : explain SELECT k, c FROM sbtest3 WHERE k BETWEEN 5366786 AND 5366886
	Bitmap Heap Scan on sbtest3  (cost=5.54..432.69 rows=108 width=125)
	  Recheck Cond: ((k >= 5366786) AND (k <= 5366886))
	  ->  Bitmap Index Scan on k_3  (cost=0.00..5.51 rows=108 width=0)
	        Index Cond: ((k >= 5366786) AND (k <= 5366886))

table 4 : explain SELECT k, c FROM sbtest4 WHERE k BETWEEN 5366786 AND 5366886
	Bitmap Heap Scan on sbtest4  (cost=5.42..385.43 rows=96 width=125)
	  Recheck Cond: ((k >= 5366786) AND (k <= 5366886))
	  ->  Bitmap Index Scan on k_4  (cost=0.00..5.39 rows=96 width=0)
	        Index Cond: ((k >= 5366786) AND (k <= 5366886))

table 5 : explain SELECT k, c FROM sbtest5 WHERE k BETWEEN 5366786 AND 5366886
	Bitmap Heap Scan on sbtest5  (cost=5.47..405.13 rows=101 width=125)
	  Recheck Cond: ((k >= 5366786) AND (k <= 5366886))
	  ->  Bitmap Index Scan on k_5  (cost=0.00..5.44 rows=101 width=0)
	        Index Cond: ((k >= 5366786) AND (k <= 5366886))

table 6 : explain SELECT k, c FROM sbtest6 WHERE k BETWEEN 5366786 AND 5366886
	Bitmap Heap Scan on sbtest6  (cost=5.45..397.25 rows=99 width=125)
	  Recheck Cond: ((k >= 5366786) AND (k <= 5366886))
	  ->  Bitmap Index Scan on k_6  (cost=0.00..5.42 rows=99 width=0)
	        Index Cond: ((k >= 5366786) AND (k <= 5366886))

table 7 : explain SELECT k, c FROM sbtest7 WHERE k BETWEEN 5366786 AND 5366886
	Bitmap Heap Scan on sbtest7  (cost=5.45..397.25 rows=99 width=125)
	  Recheck Cond: ((k >= 5366786) AND (k <= 5366886))
	  ->  Bitmap Index Scan on k_7  (cost=0.00..5.42 rows=99 width=0)
	        Index Cond: ((k >= 5366786) AND (k <= 5366886))

table 8 : explain SELECT k, c FROM sbtest8 WHERE k BETWEEN 5366786 AND 5366886
	Bitmap Heap Scan on sbtest8  (cost=5.50..416.94 rows=104 width=125)
	  Recheck Cond: ((k >= 5366786) AND (k <= 5366886))
	  ->  Bitmap Index Scan on k_8  (cost=0.00..5.47 rows=104 width=0)
	        Index Cond: ((k >= 5366786) AND (k <= 5366886))

explain: for range-notcovered :: explain SELECT k, c FROM sbtest%d WHERE k BETWEEN 4627628 AND 4627728
explain: for range-notcovered :: explain SELECT k, c FROM sbtest%d WHERE k BETWEEN 5366786 AND 5366886
explain: for range-notcovered :: explain SELECT k, c FROM sbtest%d WHERE k BETWEEN 4305390 AND 4305490
for range-notcovered
table 1 : explain SELECT k, c FROM sbtest1 WHERE k BETWEEN 5737776 AND 5737876
	Bitmap Heap Scan on sbtest1  (cost=5.52..424.81 rows=106 width=125)
	  Recheck Cond: ((k >= 5737776) AND (k <= 5737876))
	  ->  Bitmap Index Scan on k_1  (cost=0.00..5.50 rows=106 width=0)
	        Index Cond: ((k >= 5737776) AND (k <= 5737876))

table 2 : explain SELECT k, c FROM sbtest2 WHERE k BETWEEN 5737776 AND 5737876
	Bitmap Heap Scan on sbtest2  (cost=5.45..397.25 rows=99 width=125)
	  Recheck Cond: ((k >= 5737776) AND (k <= 5737876))
	  ->  Bitmap Index Scan on k_2  (cost=0.00..5.42 rows=99 width=0)
	        Index Cond: ((k >= 5737776) AND (k <= 5737876))

table 3 : explain SELECT k, c FROM sbtest3 WHERE k BETWEEN 5737776 AND 5737876
	Bitmap Heap Scan on sbtest3  (cost=5.44..393.31 rows=98 width=125)
	  Recheck Cond: ((k >= 5737776) AND (k <= 5737876))
	  ->  Bitmap Index Scan on k_3  (cost=0.00..5.42 rows=98 width=0)
	        Index Cond: ((k >= 5737776) AND (k <= 5737876))

table 4 : explain SELECT k, c FROM sbtest4 WHERE k BETWEEN 5737776 AND 5737876
	Bitmap Heap Scan on sbtest4  (cost=5.47..405.13 rows=101 width=125)
	  Recheck Cond: ((k >= 5737776) AND (k <= 5737876))
	  ->  Bitmap Index Scan on k_4  (cost=0.00..5.44 rows=101 width=0)
	        Index Cond: ((k >= 5737776) AND (k <= 5737876))

table 5 : explain SELECT k, c FROM sbtest5 WHERE k BETWEEN 5737776 AND 5737876
	Bitmap Heap Scan on sbtest5  (cost=5.49..413.00 rows=103 width=125)
	  Recheck Cond: ((k >= 5737776) AND (k <= 5737876))
	  ->  Bitmap Index Scan on k_5  (cost=0.00..5.46 rows=103 width=0)
	        Index Cond: ((k >= 5737776) AND (k <= 5737876))

table 6 : explain SELECT k, c FROM sbtest6 WHERE k BETWEEN 5737776 AND 5737876
	Bitmap Heap Scan on sbtest6  (cost=5.56..440.56 rows=110 width=125)
	  Recheck Cond: ((k >= 5737776) AND (k <= 5737876))
	  ->  Bitmap Index Scan on k_6  (cost=0.00..5.53 rows=110 width=0)
	        Index Cond: ((k >= 5737776) AND (k <= 5737876))

table 7 : explain SELECT k, c FROM sbtest7 WHERE k BETWEEN 5737776 AND 5737876
	Bitmap Heap Scan on sbtest7  (cost=5.42..385.43 rows=96 width=125)
	  Recheck Cond: ((k >= 5737776) AND (k <= 5737876))
	  ->  Bitmap Index Scan on k_7  (cost=0.00..5.39 rows=96 width=0)
	        Index Cond: ((k >= 5737776) AND (k <= 5737876))

table 8 : explain SELECT k, c FROM sbtest8 WHERE k BETWEEN 5737776 AND 5737876
	Bitmap Heap Scan on sbtest8  (cost=5.52..424.81 rows=106 width=125)
	  Recheck Cond: ((k >= 5737776) AND (k <= 5737876))
	  ->  Bitmap Index Scan on k_8  (cost=0.00..5.50 rows=106 width=0)
	        Index Cond: ((k >= 5737776) AND (k <= 5737876))

explain: for range-notcovered :: explain SELECT k, c FROM sbtest%d WHERE k BETWEEN 5737776 AND 5737876
for range-notcovered
table 1 : explain SELECT k, c FROM sbtest1 WHERE k BETWEEN 1501718 AND 1501818
	Bitmap Heap Scan on sbtest1  (cost=5.44..393.31 rows=98 width=125)
	  Recheck Cond: ((k >= 1501718) AND (k <= 1501818))
	  ->  Bitmap Index Scan on k_1  (cost=0.00..5.42 rows=98 width=0)
	        Index Cond: ((k >= 1501718) AND (k <= 1501818))

table 2 : explain SELECT k, c FROM sbtest2 WHERE k BETWEEN 1501718 AND 1501818
	Bitmap Heap Scan on sbtest2  (cost=5.53..428.75 rows=107 width=125)
	  Recheck Cond: ((k >= 1501718) AND (k <= 1501818))
	  ->  Bitmap Index Scan on k_2  (cost=0.00..5.50 rows=107 width=0)
	        Index Cond: ((k >= 1501718) AND (k <= 1501818))

table 3 : explain SELECT k, c FROM sbtest3 WHERE k BETWEEN 1501718 AND 1501818
	Bitmap Heap Scan on sbtest3  (cost=5.57..444.49 rows=111 width=125)
	  Recheck Cond: ((k >= 1501718) AND (k <= 1501818))
	  ->  Bitmap Index Scan on k_3  (cost=0.00..5.54 rows=111 width=0)
	        Index Cond: ((k >= 1501718) AND (k <= 1501818))

table 4 : explain SELECT k, c FROM sbtest4 WHERE k BETWEEN 1501718 AND 1501818
	Bitmap Heap Scan on sbtest4  (cost=5.43..389.37 rows=97 width=125)
	  Recheck Cond: ((k >= 1501718) AND (k <= 1501818))
	  ->  Bitmap Index Scan on k_4  (cost=0.00..5.40 rows=97 width=0)
	        Index Cond: ((k >= 1501718) AND (k <= 1501818))

table 5 : explain SELECT k, c FROM sbtest5 WHERE k BETWEEN 1501718 AND 1501818
	Bitmap Heap Scan on sbtest5  (cost=5.50..416.94 rows=104 width=125)
	  Recheck Cond: ((k >= 1501718) AND (k <= 1501818))
	  ->  Bitmap Index Scan on k_5  (cost=0.00..5.47 rows=104 width=0)
	        Index Cond: ((k >= 1501718) AND (k <= 1501818))

table 6 : explain SELECT k, c FROM sbtest6 WHERE k BETWEEN 1501718 AND 1501818
	Bitmap Heap Scan on sbtest6  (cost=5.42..385.43 rows=96 width=125)
	  Recheck Cond: ((k >= 1501718) AND (k <= 1501818))
	  ->  Bitmap Index Scan on k_6  (cost=0.00..5.39 rows=96 width=0)
	        Index Cond: ((k >= 1501718) AND (k <= 1501818))

table 7 : explain SELECT k, c FROM sbtest7 WHERE k BETWEEN 1501718 AND 1501818
	Bitmap Heap Scan on sbtest7  (cost=5.45..397.25 rows=99 width=125)
	  Recheck Cond: ((k >= 1501718) AND (k <= 1501818))
	  ->  Bitmap Index Scan on k_7  (cost=0.00..5.42 rows=99 width=0)
	        Index Cond: ((k >= 1501718) AND (k <= 1501818))

table 8 : explain SELECT k, c FROM sbtest8 WHERE k BETWEEN 1501718 AND 1501818
	Bitmap Heap Scan on sbtest8  (cost=5.50..416.94 rows=104 width=125)
	  Recheck Cond: ((k >= 1501718) AND (k <= 1501818))
	  ->  Bitmap Index Scan on k_8  (cost=0.00..5.47 rows=104 width=0)
	        Index Cond: ((k >= 1501718) AND (k <= 1501818))

for range-notcovered
table 1 : explain SELECT k, c FROM sbtest1 WHERE k BETWEEN 6161700 AND 6161800
	Bitmap Heap Scan on sbtest1  (cost=5.46..401.19 rows=100 width=125)
	  Recheck Cond: ((k >= 6161700) AND (k <= 6161800))
	  ->  Bitmap Index Scan on k_1  (cost=0.00..5.43 rows=100 width=0)
	        Index Cond: ((k >= 6161700) AND (k <= 6161800))

table 2 : explain SELECT k, c FROM sbtest2 WHERE k BETWEEN 6161700 AND 6161800
	Bitmap Heap Scan on sbtest2  (cost=5.46..401.19 rows=100 width=125)
	  Recheck Cond: ((k >= 6161700) AND (k <= 6161800))
	  ->  Bitmap Index Scan on k_2  (cost=0.00..5.43 rows=100 width=0)
	        Index Cond: ((k >= 6161700) AND (k <= 6161800))

table 3 : explain SELECT k, c FROM sbtest3 WHERE k BETWEEN 6161700 AND 6161800
	Bitmap Heap Scan on sbtest3  (cost=5.54..432.69 rows=108 width=125)
	  Recheck Cond: ((k >= 6161700) AND (k <= 6161800))
	  ->  Bitmap Index Scan on k_3  (cost=0.00..5.51 rows=108 width=0)
	        Index Cond: ((k >= 6161700) AND (k <= 6161800))

table 4 : explain SELECT k, c FROM sbtest4 WHERE k BETWEEN 6161700 AND 6161800
	Bitmap Heap Scan on sbtest4  (cost=5.54..432.69 rows=108 width=125)
	  Recheck Cond: ((k >= 6161700) AND (k <= 6161800))
	  ->  Bitmap Index Scan on k_4  (cost=0.00..5.51 rows=108 width=0)
	        Index Cond: ((k >= 6161700) AND (k <= 6161800))

table 5 : explain SELECT k, c FROM sbtest5 WHERE k BETWEEN 6161700 AND 6161800
	Bitmap Heap Scan on sbtest5  (cost=5.47..405.13 rows=101 width=125)
	  Recheck Cond: ((k >= 6161700) AND (k <= 6161800))
	  ->  Bitmap Index Scan on k_5  (cost=0.00..5.44 rows=101 width=0)
	        Index Cond: ((k >= 6161700) AND (k <= 6161800))

table 6 : explain SELECT k, c FROM sbtest6 WHERE k BETWEEN 6161700 AND 6161800
	Bitmap Heap Scan on sbtest6  (cost=5.45..397.25 rows=99 width=125)
	  Recheck Cond: ((k >= 6161700) AND (k <= 6161800))
	  ->  Bitmap Index Scan on k_6  (cost=0.00..5.42 rows=99 width=0)
	        Index Cond: ((k >= 6161700) AND (k <= 6161800))

table 7 : explain SELECT k, c FROM sbtest7 WHERE k BETWEEN 6161700 AND 6161800
	Bitmap Heap Scan on sbtest7  (cost=5.39..373.61 rows=93 width=125)
	  Recheck Cond: ((k >= 6161700) AND (k <= 6161800))
	  ->  Bitmap Index Scan on k_7  (cost=0.00..5.36 rows=93 width=0)
	        Index Cond: ((k >= 6161700) AND (k <= 6161800))

table 8 : explain SELECT k, c FROM sbtest8 WHERE k BETWEEN 6161700 AND 6161800
	Bitmap Heap Scan on sbtest8  (cost=5.46..401.19 rows=100 width=125)
	  Recheck Cond: ((k >= 6161700) AND (k <= 6161800))
	  ->  Bitmap Index Scan on k_8  (cost=0.00..5.43 rows=100 width=0)
	        Index Cond: ((k >= 6161700) AND (k <= 6161800))

explain: for range-notcovered :: explain SELECT k, c FROM sbtest%d WHERE k BETWEEN 1501718 AND 1501818
for range-notcovered
table 1 : explain SELECT k, c FROM sbtest1 WHERE k BETWEEN 5783936 AND 5784036
	Bitmap Heap Scan on sbtest1  (cost=5.52..424.81 rows=106 width=125)
	  Recheck Cond: ((k >= 5783936) AND (k <= 5784036))
	  ->  Bitmap Index Scan on k_1  (cost=0.00..5.50 rows=106 width=0)
	        Index Cond: ((k >= 5783936) AND (k <= 5784036))

table 2 : explain SELECT k, c FROM sbtest2 WHERE k BETWEEN 5783936 AND 5784036
	Bitmap Heap Scan on sbtest2  (cost=5.45..397.25 rows=99 width=125)
	  Recheck Cond: ((k >= 5783936) AND (k <= 5784036))
	  ->  Bitmap Index Scan on k_2  (cost=0.00..5.42 rows=99 width=0)
	        Index Cond: ((k >= 5783936) AND (k <= 5784036))

table 3 : explain SELECT k, c FROM sbtest3 WHERE k BETWEEN 5783936 AND 5784036
	Bitmap Heap Scan on sbtest3  (cost=5.38..369.67 rows=92 width=125)
	  Recheck Cond: ((k >= 5783936) AND (k <= 5784036))
	  ->  Bitmap Index Scan on k_3  (cost=0.00..5.35 rows=92 width=0)
	        Index Cond: ((k >= 5783936) AND (k <= 5784036))

table 4 : explain SELECT k, c FROM sbtest4 WHERE k BETWEEN 5783936 AND 5784036
	Bitmap Heap Scan on sbtest4  (cost=5.47..405.13 rows=101 width=125)
	  Recheck Cond: ((k >= 5783936) AND (k <= 5784036))
	  ->  Bitmap Index Scan on k_4  (cost=0.00..5.44 rows=101 width=0)
	        Index Cond: ((k >= 5783936) AND (k <= 5784036))

table 5 : explain SELECT k, c FROM sbtest5 WHERE k BETWEEN 5783936 AND 5784036
	Bitmap Heap Scan on sbtest5  (cost=5.49..413.00 rows=103 width=125)
	  Recheck Cond: ((k >= 5783936) AND (k <= 5784036))
	  ->  Bitmap Index Scan on k_5  (cost=0.00..5.46 rows=103 width=0)
	        Index Cond: ((k >= 5783936) AND (k <= 5784036))

table 6 : explain SELECT k, c FROM sbtest6 WHERE k BETWEEN 5783936 AND 5784036
	Bitmap Heap Scan on sbtest6  (cost=5.47..405.13 rows=101 width=125)
	  Recheck Cond: ((k >= 5783936) AND (k <= 5784036))
	  ->  Bitmap Index Scan on k_6  (cost=0.00..5.44 rows=101 width=0)
	        Index Cond: ((k >= 5783936) AND (k <= 5784036))

table 7 : explain SELECT k, c FROM sbtest7 WHERE k BETWEEN 5783936 AND 5784036
	Bitmap Heap Scan on sbtest7  (cost=5.40..377.55 rows=94 width=125)
	  Recheck Cond: ((k >= 5783936) AND (k <= 5784036))
	  ->  Bitmap Index Scan on k_7  (cost=0.00..5.38 rows=94 width=0)
	        Index Cond: ((k >= 5783936) AND (k <= 5784036))

table 8 : explain SELECT k, c FROM sbtest8 WHERE k BETWEEN 5783936 AND 5784036
	Bitmap Heap Scan on sbtest8  (cost=5.48..409.07 rows=102 width=125)
	  Recheck Cond: ((k >= 5783936) AND (k <= 5784036))
	  ->  Bitmap Index Scan on k_8  (cost=0.00..5.45 rows=102 width=0)
	        Index Cond: ((k >= 5783936) AND (k <= 5784036))

explain: for range-notcovered :: explain SELECT k, c FROM sbtest%d WHERE k BETWEEN 6161700 AND 6161800
explain: for range-notcovered :: explain SELECT k, c FROM sbtest%d WHERE k BETWEEN 5783936 AND 5784036
for range-notcovered
table 1 : explain SELECT k, c FROM sbtest1 WHERE k BETWEEN 4929683 AND 4929783
	Bitmap Heap Scan on sbtest1  (cost=5.52..424.81 rows=106 width=125)
	  Recheck Cond: ((k >= 4929683) AND (k <= 4929783))
	  ->  Bitmap Index Scan on k_1  (cost=0.00..5.50 rows=106 width=0)
	        Index Cond: ((k >= 4929683) AND (k <= 4929783))

table 2 : explain SELECT k, c FROM sbtest2 WHERE k BETWEEN 4929683 AND 4929783
	Bitmap Heap Scan on sbtest2  (cost=5.40..377.55 rows=94 width=125)
	  Recheck Cond: ((k >= 4929683) AND (k <= 4929783))
	  ->  Bitmap Index Scan on k_2  (cost=0.00..5.38 rows=94 width=0)
	        Index Cond: ((k >= 4929683) AND (k <= 4929783))

table 3 : explain SELECT k, c FROM sbtest3 WHERE k BETWEEN 4929683 AND 4929783
	Bitmap Heap Scan on sbtest3  (cost=5.53..428.75 rows=107 width=125)
	  Recheck Cond: ((k >= 4929683) AND (k <= 4929783))
	  ->  Bitmap Index Scan on k_3  (cost=0.00..5.50 rows=107 width=0)
	        Index Cond: ((k >= 4929683) AND (k <= 4929783))

table 4 : explain SELECT k, c FROM sbtest4 WHERE k BETWEEN 4929683 AND 4929783
	Bitmap Heap Scan on sbtest4  (cost=5.49..413.00 rows=103 width=125)
	  Recheck Cond: ((k >= 4929683) AND (k <= 4929783))
	  ->  Bitmap Index Scan on k_4  (cost=0.00..5.46 rows=103 width=0)
	        Index Cond: ((k >= 4929683) AND (k <= 4929783))

table 5 : explain SELECT k, c FROM sbtest5 WHERE k BETWEEN 4929683 AND 4929783
	Bitmap Heap Scan on sbtest5  (cost=5.48..409.07 rows=102 width=125)
	  Recheck Cond: ((k >= 4929683) AND (k <= 4929783))
	  ->  Bitmap Index Scan on k_5  (cost=0.00..5.45 rows=102 width=0)
	        Index Cond: ((k >= 4929683) AND (k <= 4929783))

table 6 : explain SELECT k, c FROM sbtest6 WHERE k BETWEEN 4929683 AND 4929783
	Bitmap Heap Scan on sbtest6  (cost=5.40..377.55 rows=94 width=125)
	  Recheck Cond: ((k >= 4929683) AND (k <= 4929783))
	  ->  Bitmap Index Scan on k_6  (cost=0.00..5.38 rows=94 width=0)
	        Index Cond: ((k >= 4929683) AND (k <= 4929783))

table 7 : explain SELECT k, c FROM sbtest7 WHERE k BETWEEN 4929683 AND 4929783
	Bitmap Heap Scan on sbtest7  (cost=5.43..389.37 rows=97 width=125)
	  Recheck Cond: ((k >= 4929683) AND (k <= 4929783))
	  ->  Bitmap Index Scan on k_7  (cost=0.00..5.40 rows=97 width=0)
	        Index Cond: ((k >= 4929683) AND (k <= 4929783))

table 8 : explain SELECT k, c FROM sbtest8 WHERE k BETWEEN 4929683 AND 4929783
	Bitmap Heap Scan on sbtest8  (cost=5.42..385.43 rows=96 width=125)
	  Recheck Cond: ((k >= 4929683) AND (k <= 4929783))
	  ->  Bitmap Index Scan on k_8  (cost=0.00..5.39 rows=96 width=0)
	        Index Cond: ((k >= 4929683) AND (k <= 4929783))

for range-notcovered
table 1 : explain SELECT k, c FROM sbtest1 WHERE k BETWEEN 5366786 AND 5366886
	Bitmap Heap Scan on sbtest1  (cost=5.48..409.07 rows=102 width=125)
	  Recheck Cond: ((k >= 5366786) AND (k <= 5366886))
	  ->  Bitmap Index Scan on k_1  (cost=0.00..5.45 rows=102 width=0)
	        Index Cond: ((k >= 5366786) AND (k <= 5366886))

table 2 : explain SELECT k, c FROM sbtest2 WHERE k BETWEEN 5366786 AND 5366886
	Bitmap Heap Scan on sbtest2  (cost=5.42..385.43 rows=96 width=125)
	  Recheck Cond: ((k >= 5366786) AND (k <= 5366886))
	  ->  Bitmap Index Scan on k_2  (cost=0.00..5.39 rows=96 width=0)
	        Index Cond: ((k >= 5366786) AND (k <= 5366886))

table 3 : explain SELECT k, c FROM sbtest3 WHERE k BETWEEN 5366786 AND 5366886
	Bitmap Heap Scan on sbtest3  (cost=5.54..432.69 rows=108 width=125)
	  Recheck Cond: ((k >= 5366786) AND (k <= 5366886))
	  ->  Bitmap Index Scan on k_3  (cost=0.00..5.51 rows=108 width=0)
	        Index Cond: ((k >= 5366786) AND (k <= 5366886))

table 4 : explain SELECT k, c FROM sbtest4 WHERE k BETWEEN 5366786 AND 5366886
	Bitmap Heap Scan on sbtest4  (cost=5.42..385.43 rows=96 width=125)
	  Recheck Cond: ((k >= 5366786) AND (k <= 5366886))
	  ->  Bitmap Index Scan on k_4  (cost=0.00..5.39 rows=96 width=0)
	        Index Cond: ((k >= 5366786) AND (k <= 5366886))

table 5 : explain SELECT k, c FROM sbtest5 WHERE k BETWEEN 5366786 AND 5366886
	Bitmap Heap Scan on sbtest5  (cost=5.47..405.13 rows=101 width=125)
	  Recheck Cond: ((k >= 5366786) AND (k <= 5366886))
	  ->  Bitmap Index Scan on k_5  (cost=0.00..5.44 rows=101 width=0)
	        Index Cond: ((k >= 5366786) AND (k <= 5366886))

table 6 : explain SELECT k, c FROM sbtest6 WHERE k BETWEEN 5366786 AND 5366886
	Bitmap Heap Scan on sbtest6  (cost=5.45..397.25 rows=99 width=125)
	  Recheck Cond: ((k >= 5366786) AND (k <= 5366886))
	  ->  Bitmap Index Scan on k_6  (cost=0.00..5.42 rows=99 width=0)
	        Index Cond: ((k >= 5366786) AND (k <= 5366886))

table 7 : explain SELECT k, c FROM sbtest7 WHERE k BETWEEN 5366786 AND 5366886
	Bitmap Heap Scan on sbtest7  (cost=5.45..397.25 rows=99 width=125)
	  Recheck Cond: ((k >= 5366786) AND (k <= 5366886))
	  ->  Bitmap Index Scan on k_7  (cost=0.00..5.42 rows=99 width=0)
	        Index Cond: ((k >= 5366786) AND (k <= 5366886))

table 8 : explain SELECT k, c FROM sbtest8 WHERE k BETWEEN 5366786 AND 5366886
	Bitmap Heap Scan on sbtest8  (cost=5.50..416.94 rows=104 width=125)
	  Recheck Cond: ((k >= 5366786) AND (k <= 5366886))
	  ->  Bitmap Index Scan on k_8  (cost=0.00..5.47 rows=104 width=0)
	        Index Cond: ((k >= 5366786) AND (k <= 5366886))

for range-notcovered
table 1 : explain SELECT k, c FROM sbtest1 WHERE k BETWEEN 9064660 AND 9064760
	Bitmap Heap Scan on sbtest1  (cost=5.47..405.13 rows=101 width=125)
	  Recheck Cond: ((k >= 9064660) AND (k <= 9064760))
	  ->  Bitmap Index Scan on k_1  (cost=0.00..5.44 rows=101 width=0)
	        Index Cond: ((k >= 9064660) AND (k <= 9064760))

table 2 : explain SELECT k, c FROM sbtest2 WHERE k BETWEEN 9064660 AND 9064760
	Bitmap Heap Scan on sbtest2  (cost=5.36..361.78 rows=90 width=125)
	  Recheck Cond: ((k >= 9064660) AND (k <= 9064760))
	  ->  Bitmap Index Scan on k_2  (cost=0.00..5.33 rows=90 width=0)
	        Index Cond: ((k >= 9064660) AND (k <= 9064760))

table 3 : explain SELECT k, c FROM sbtest3 WHERE k BETWEEN 9064660 AND 9064760
	Bitmap Heap Scan on sbtest3  (cost=5.53..428.75 rows=107 width=125)
	  Recheck Cond: ((k >= 9064660) AND (k <= 9064760))
	  ->  Bitmap Index Scan on k_3  (cost=0.00..5.50 rows=107 width=0)
	        Index Cond: ((k >= 9064660) AND (k <= 9064760))

table 4 : explain SELECT k, c FROM sbtest4 WHERE k BETWEEN 9064660 AND 9064760
	Bitmap Heap Scan on sbtest4  (cost=5.49..413.00 rows=103 width=125)
	  Recheck Cond: ((k >= 9064660) AND (k <= 9064760))
	  ->  Bitmap Index Scan on k_4  (cost=0.00..5.46 rows=103 width=0)
	        Index Cond: ((k >= 9064660) AND (k <= 9064760))

table 5 : explain SELECT k, c FROM sbtest5 WHERE k BETWEEN 9064660 AND 9064760
	Bitmap Heap Scan on sbtest5  (cost=5.41..381.49 rows=95 width=125)
	  Recheck Cond: ((k >= 9064660) AND (k <= 9064760))
	  ->  Bitmap Index Scan on k_5  (cost=0.00..5.38 rows=95 width=0)
	        Index Cond: ((k >= 9064660) AND (k <= 9064760))

table 6 : explain SELECT k, c FROM sbtest6 WHERE k BETWEEN 9064660 AND 9064760
	Bitmap Heap Scan on sbtest6  (cost=5.43..389.37 rows=97 width=125)
	  Recheck Cond: ((k >= 9064660) AND (k <= 9064760))
	  ->  Bitmap Index Scan on k_6  (cost=0.00..5.40 rows=97 width=0)
	        Index Cond: ((k >= 9064660) AND (k <= 9064760))

table 7 : explain SELECT k, c FROM sbtest7 WHERE k BETWEEN 9064660 AND 9064760
	Bitmap Heap Scan on sbtest7  (cost=5.44..393.31 rows=98 width=125)
	  Recheck Cond: ((k >= 9064660) AND (k <= 9064760))
	  ->  Bitmap Index Scan on k_7  (cost=0.00..5.42 rows=98 width=0)
	        Index Cond: ((k >= 9064660) AND (k <= 9064760))

table 8 : explain SELECT k, c FROM sbtest8 WHERE k BETWEEN 9064660 AND 9064760
	Bitmap Heap Scan on sbtest8  (cost=5.48..409.07 rows=102 width=125)
	  Recheck Cond: ((k >= 9064660) AND (k <= 9064760))
	  ->  Bitmap Index Scan on k_8  (cost=0.00..5.45 rows=102 width=0)
	        Index Cond: ((k >= 9064660) AND (k <= 9064760))

explain: for range-notcovered :: explain SELECT k, c FROM sbtest%d WHERE k BETWEEN 5366786 AND 5366886
explain: for range-notcovered :: explain SELECT k, c FROM sbtest%d WHERE k BETWEEN 4929683 AND 4929783
explain: for range-notcovered :: explain SELECT k, c FROM sbtest%d WHERE k BETWEEN 9064660 AND 9064760
explain: for range-notcovered :: explain SELECT k, c FROM sbtest%d WHERE k BETWEEN 2225218 AND 2225318
for range-notcovered
table 1 : explain SELECT k, c FROM sbtest1 WHERE k BETWEEN 1474795 AND 1474895
	Bitmap Heap Scan on sbtest1  (cost=5.44..393.31 rows=98 width=125)
	  Recheck Cond: ((k >= 1474795) AND (k <= 1474895))
	  ->  Bitmap Index Scan on k_1  (cost=0.00..5.42 rows=98 width=0)
	        Index Cond: ((k >= 1474795) AND (k <= 1474895))

table 2 : explain SELECT k, c FROM sbtest2 WHERE k BETWEEN 1474795 AND 1474895
	Bitmap Heap Scan on sbtest2  (cost=5.48..409.07 rows=102 width=125)
	  Recheck Cond: ((k >= 1474795) AND (k <= 1474895))
	  ->  Bitmap Index Scan on k_2  (cost=0.00..5.45 rows=102 width=0)
	        Index Cond: ((k >= 1474795) AND (k <= 1474895))

table 3 : explain SELECT k, c FROM sbtest3 WHERE k BETWEEN 1474795 AND 1474895
	Bitmap Heap Scan on sbtest3  (cost=5.57..444.49 rows=111 width=125)
	  Recheck Cond: ((k >= 1474795) AND (k <= 1474895))
	  ->  Bitmap Index Scan on k_3  (cost=0.00..5.54 rows=111 width=0)
	        Index Cond: ((k >= 1474795) AND (k <= 1474895))

table 4 : explain SELECT k, c FROM sbtest4 WHERE k BETWEEN 1474795 AND 1474895
	Bitmap Heap Scan on sbtest4  (cost=5.43..389.37 rows=97 width=125)
	  Recheck Cond: ((k >= 1474795) AND (k <= 1474895))
	  ->  Bitmap Index Scan on k_4  (cost=0.00..5.40 rows=97 width=0)
	        Index Cond: ((k >= 1474795) AND (k <= 1474895))

table 5 : explain SELECT k, c FROM sbtest5 WHERE k BETWEEN 1474795 AND 1474895
	Bitmap Heap Scan on sbtest5  (cost=5.46..401.19 rows=100 width=125)
	  Recheck Cond: ((k >= 1474795) AND (k <= 1474895))
	  ->  Bitmap Index Scan on k_5  (cost=0.00..5.43 rows=100 width=0)
	        Index Cond: ((k >= 1474795) AND (k <= 1474895))

table 6 : explain SELECT k, c FROM sbtest6 WHERE k BETWEEN 1474795 AND 1474895
	Bitmap Heap Scan on sbtest6  (cost=5.42..385.43 rows=96 width=125)
	  Recheck Cond: ((k >= 1474795) AND (k <= 1474895))
	  ->  Bitmap Index Scan on k_6  (cost=0.00..5.39 rows=96 width=0)
	        Index Cond: ((k >= 1474795) AND (k <= 1474895))

table 7 : explain SELECT k, c FROM sbtest7 WHERE k BETWEEN 1474795 AND 1474895
	Bitmap Heap Scan on sbtest7  (cost=5.45..397.25 rows=99 width=125)
	  Recheck Cond: ((k >= 1474795) AND (k <= 1474895))
	  ->  Bitmap Index Scan on k_7  (cost=0.00..5.42 rows=99 width=0)
	        Index Cond: ((k >= 1474795) AND (k <= 1474895))

table 8 : explain SELECT k, c FROM sbtest8 WHERE k BETWEEN 1474795 AND 1474895
	Bitmap Heap Scan on sbtest8  (cost=5.50..416.94 rows=104 width=125)
	  Recheck Cond: ((k >= 1474795) AND (k <= 1474895))
	  ->  Bitmap Index Scan on k_8  (cost=0.00..5.47 rows=104 width=0)
	        Index Cond: ((k >= 1474795) AND (k <= 1474895))

for range-notcovered
table 1 : explain SELECT k, c FROM sbtest1 WHERE k BETWEEN 4802221 AND 4802321
	Bitmap Heap Scan on sbtest1  (cost=5.41..381.49 rows=95 width=125)
	  Recheck Cond: ((k >= 4802221) AND (k <= 4802321))
	  ->  Bitmap Index Scan on k_1  (cost=0.00..5.38 rows=95 width=0)
	        Index Cond: ((k >= 4802221) AND (k <= 4802321))

table 2 : explain SELECT k, c FROM sbtest2 WHERE k BETWEEN 4802221 AND 4802321
	Bitmap Heap Scan on sbtest2  (cost=5.44..393.31 rows=98 width=125)
	  Recheck Cond: ((k >= 4802221) AND (k <= 4802321))
	  ->  Bitmap Index Scan on k_2  (cost=0.00..5.42 rows=98 width=0)
	        Index Cond: ((k >= 4802221) AND (k <= 4802321))

table 3 : explain SELECT k, c FROM sbtest3 WHERE k BETWEEN 4802221 AND 4802321
	Bitmap Heap Scan on sbtest3  (cost=5.50..416.94 rows=104 width=125)
	  Recheck Cond: ((k >= 4802221) AND (k <= 4802321))
	  ->  Bitmap Index Scan on k_3  (cost=0.00..5.47 rows=104 width=0)
	        Index Cond: ((k >= 4802221) AND (k <= 4802321))

table 4 : explain SELECT k, c FROM sbtest4 WHERE k BETWEEN 4802221 AND 4802321
	Bitmap Heap Scan on sbtest4  (cost=5.43..389.37 rows=97 width=125)
	  Recheck Cond: ((k >= 4802221) AND (k <= 4802321))
	  ->  Bitmap Index Scan on k_4  (cost=0.00..5.40 rows=97 width=0)
	        Index Cond: ((k >= 4802221) AND (k <= 4802321))

table 5 : explain SELECT k, c FROM sbtest5 WHERE k BETWEEN 4802221 AND 4802321
	Bitmap Heap Scan on sbtest5  (cost=5.52..424.81 rows=106 width=125)
	  Recheck Cond: ((k >= 4802221) AND (k <= 4802321))
	  ->  Bitmap Index Scan on k_5  (cost=0.00..5.50 rows=106 width=0)
	        Index Cond: ((k >= 4802221) AND (k <= 4802321))

table 6 : explain SELECT k, c FROM sbtest6 WHERE k BETWEEN 4802221 AND 4802321
	Bitmap Heap Scan on sbtest6  (cost=5.46..401.19 rows=100 width=125)
	  Recheck Cond: ((k >= 4802221) AND (k <= 4802321))
	  ->  Bitmap Index Scan on k_6  (cost=0.00..5.43 rows=100 width=0)
	        Index Cond: ((k >= 4802221) AND (k <= 4802321))

table 7 : explain SELECT k, c FROM sbtest7 WHERE k BETWEEN 4802221 AND 4802321
	Bitmap Heap Scan on sbtest7  (cost=5.43..389.37 rows=97 width=125)
	  Recheck Cond: ((k >= 4802221) AND (k <= 4802321))
	  ->  Bitmap Index Scan on k_7  (cost=0.00..5.40 rows=97 width=0)
	        Index Cond: ((k >= 4802221) AND (k <= 4802321))

table 8 : explain SELECT k, c FROM sbtest8 WHERE k BETWEEN 4802221 AND 4802321
	Bitmap Heap Scan on sbtest8  (cost=5.53..428.75 rows=107 width=125)
	  Recheck Cond: ((k >= 4802221) AND (k <= 4802321))
	  ->  Bitmap Index Scan on k_8  (cost=0.00..5.50 rows=107 width=0)
	        Index Cond: ((k >= 4802221) AND (k <= 4802321))

explain: for range-notcovered :: explain SELECT k, c FROM sbtest%d WHERE k BETWEEN 4802221 AND 4802321
for range-notcovered
table 1 : explain SELECT k, c FROM sbtest1 WHERE k BETWEEN 3319001 AND 3319101
	Bitmap Heap Scan on sbtest1  (cost=5.53..428.75 rows=107 width=125)
	  Recheck Cond: ((k >= 3319001) AND (k <= 3319101))
	  ->  Bitmap Index Scan on k_1  (cost=0.00..5.50 rows=107 width=0)
	        Index Cond: ((k >= 3319001) AND (k <= 3319101))

table 2 : explain SELECT k, c FROM sbtest2 WHERE k BETWEEN 3319001 AND 3319101
	Bitmap Heap Scan on sbtest2  (cost=5.47..405.13 rows=101 width=125)
	  Recheck Cond: ((k >= 3319001) AND (k <= 3319101))
	  ->  Bitmap Index Scan on k_2  (cost=0.00..5.44 rows=101 width=0)
	        Index Cond: ((k >= 3319001) AND (k <= 3319101))

table 3 : explain SELECT k, c FROM sbtest3 WHERE k BETWEEN 3319001 AND 3319101
	Bitmap Heap Scan on sbtest3  (cost=5.54..432.69 rows=108 width=125)
	  Recheck Cond: ((k >= 3319001) AND (k <= 3319101))
	  ->  Bitmap Index Scan on k_3  (cost=0.00..5.51 rows=108 width=0)
	        Index Cond: ((k >= 3319001) AND (k <= 3319101))

table 4 : explain SELECT k, c FROM sbtest4 WHERE k BETWEEN 3319001 AND 3319101
	Bitmap Heap Scan on sbtest4  (cost=5.48..409.07 rows=102 width=125)
	  Recheck Cond: ((k >= 3319001) AND (k <= 3319101))
	  ->  Bitmap Index Scan on k_4  (cost=0.00..5.45 rows=102 width=0)
	        Index Cond: ((k >= 3319001) AND (k <= 3319101))

table 5 : explain SELECT k, c FROM sbtest5 WHERE k BETWEEN 3319001 AND 3319101
	Bitmap Heap Scan on sbtest5  (cost=5.53..428.75 rows=107 width=125)
	  Recheck Cond: ((k >= 3319001) AND (k <= 3319101))
	  ->  Bitmap Index Scan on k_5  (cost=0.00..5.50 rows=107 width=0)
	        Index Cond: ((k >= 3319001) AND (k <= 3319101))

table 6 : explain SELECT k, c FROM sbtest6 WHERE k BETWEEN 3319001 AND 3319101
	Bitmap Heap Scan on sbtest6  (cost=5.44..393.31 rows=98 width=125)
	  Recheck Cond: ((k >= 3319001) AND (k <= 3319101))
	  ->  Bitmap Index Scan on k_6  (cost=0.00..5.42 rows=98 width=0)
	        Index Cond: ((k >= 3319001) AND (k <= 3319101))

table 7 : explain SELECT k, c FROM sbtest7 WHERE k BETWEEN 3319001 AND 3319101
	Bitmap Heap Scan on sbtest7  (cost=5.50..416.94 rows=104 width=125)
	  Recheck Cond: ((k >= 3319001) AND (k <= 3319101))
	  ->  Bitmap Index Scan on k_7  (cost=0.00..5.47 rows=104 width=0)
	        Index Cond: ((k >= 3319001) AND (k <= 3319101))

table 8 : explain SELECT k, c FROM sbtest8 WHERE k BETWEEN 3319001 AND 3319101
	Bitmap Heap Scan on sbtest8  (cost=5.48..409.07 rows=102 width=125)
	  Recheck Cond: ((k >= 3319001) AND (k <= 3319101))
	  ->  Bitmap Index Scan on k_8  (cost=0.00..5.45 rows=102 width=0)
	        Index Cond: ((k >= 3319001) AND (k <= 3319101))

explain: for range-notcovered :: explain SELECT k, c FROM sbtest%d WHERE k BETWEEN 1474795 AND 1474895
for range-notcovered
table 1 : explain SELECT k, c FROM sbtest1 WHERE k BETWEEN 6161700 AND 6161800
	Bitmap Heap Scan on sbtest1  (cost=5.46..401.19 rows=100 width=125)
	  Recheck Cond: ((k >= 6161700) AND (k <= 6161800))
	  ->  Bitmap Index Scan on k_1  (cost=0.00..5.43 rows=100 width=0)
	        Index Cond: ((k >= 6161700) AND (k <= 6161800))

table 2 : explain SELECT k, c FROM sbtest2 WHERE k BETWEEN 6161700 AND 6161800
	Bitmap Heap Scan on sbtest2  (cost=5.46..401.19 rows=100 width=125)
	  Recheck Cond: ((k >= 6161700) AND (k <= 6161800))
	  ->  Bitmap Index Scan on k_2  (cost=0.00..5.43 rows=100 width=0)
	        Index Cond: ((k >= 6161700) AND (k <= 6161800))

table 3 : explain SELECT k, c FROM sbtest3 WHERE k BETWEEN 6161700 AND 6161800
	Bitmap Heap Scan on sbtest3  (cost=5.54..432.69 rows=108 width=125)
	  Recheck Cond: ((k >= 6161700) AND (k <= 6161800))
	  ->  Bitmap Index Scan on k_3  (cost=0.00..5.51 rows=108 width=0)
	        Index Cond: ((k >= 6161700) AND (k <= 6161800))

table 4 : explain SELECT k, c FROM sbtest4 WHERE k BETWEEN 6161700 AND 6161800
	Bitmap Heap Scan on sbtest4  (cost=5.54..432.69 rows=108 width=125)
	  Recheck Cond: ((k >= 6161700) AND (k <= 6161800))
	  ->  Bitmap Index Scan on k_4  (cost=0.00..5.51 rows=108 width=0)
	        Index Cond: ((k >= 6161700) AND (k <= 6161800))

table 5 : explain SELECT k, c FROM sbtest5 WHERE k BETWEEN 6161700 AND 6161800
	Bitmap Heap Scan on sbtest5  (cost=5.47..405.13 rows=101 width=125)
	  Recheck Cond: ((k >= 6161700) AND (k <= 6161800))
	  ->  Bitmap Index Scan on k_5  (cost=0.00..5.44 rows=101 width=0)
	        Index Cond: ((k >= 6161700) AND (k <= 6161800))

table 6 : explain SELECT k, c FROM sbtest6 WHERE k BETWEEN 6161700 AND 6161800
	Bitmap Heap Scan on sbtest6  (cost=5.45..397.25 rows=99 width=125)
	  Recheck Cond: ((k >= 6161700) AND (k <= 6161800))
	  ->  Bitmap Index Scan on k_6  (cost=0.00..5.42 rows=99 width=0)
	        Index Cond: ((k >= 6161700) AND (k <= 6161800))

table 7 : explain SELECT k, c FROM sbtest7 WHERE k BETWEEN 6161700 AND 6161800
	Bitmap Heap Scan on sbtest7  (cost=5.39..373.61 rows=93 width=125)
	  Recheck Cond: ((k >= 6161700) AND (k <= 6161800))
	  ->  Bitmap Index Scan on k_7  (cost=0.00..5.36 rows=93 width=0)
	        Index Cond: ((k >= 6161700) AND (k <= 6161800))

table 8 : explain SELECT k, c FROM sbtest8 WHERE k BETWEEN 6161700 AND 6161800
	Bitmap Heap Scan on sbtest8  (cost=5.46..401.19 rows=100 width=125)
	  Recheck Cond: ((k >= 6161700) AND (k <= 6161800))
	  ->  Bitmap Index Scan on k_8  (cost=0.00..5.43 rows=100 width=0)
	        Index Cond: ((k >= 6161700) AND (k <= 6161800))

explain: for range-notcovered :: explain SELECT k, c FROM sbtest%d WHERE k BETWEEN 3319001 AND 3319101
for range-notcovered
table 1 : explain SELECT k, c FROM sbtest1 WHERE k BETWEEN 5783936 AND 5784036
	Bitmap Heap Scan on sbtest1  (cost=5.52..424.81 rows=106 width=125)
	  Recheck Cond: ((k >= 5783936) AND (k <= 5784036))
	  ->  Bitmap Index Scan on k_1  (cost=0.00..5.50 rows=106 width=0)
	        Index Cond: ((k >= 5783936) AND (k <= 5784036))

table 2 : explain SELECT k, c FROM sbtest2 WHERE k BETWEEN 5783936 AND 5784036
	Bitmap Heap Scan on sbtest2  (cost=5.45..397.25 rows=99 width=125)
	  Recheck Cond: ((k >= 5783936) AND (k <= 5784036))
	  ->  Bitmap Index Scan on k_2  (cost=0.00..5.42 rows=99 width=0)
	        Index Cond: ((k >= 5783936) AND (k <= 5784036))

table 3 : explain SELECT k, c FROM sbtest3 WHERE k BETWEEN 5783936 AND 5784036
	Bitmap Heap Scan on sbtest3  (cost=5.38..369.67 rows=92 width=125)
	  Recheck Cond: ((k >= 5783936) AND (k <= 5784036))
	  ->  Bitmap Index Scan on k_3  (cost=0.00..5.35 rows=92 width=0)
	        Index Cond: ((k >= 5783936) AND (k <= 5784036))

table 4 : explain SELECT k, c FROM sbtest4 WHERE k BETWEEN 5783936 AND 5784036
	Bitmap Heap Scan on sbtest4  (cost=5.47..405.13 rows=101 width=125)
	  Recheck Cond: ((k >= 5783936) AND (k <= 5784036))
	  ->  Bitmap Index Scan on k_4  (cost=0.00..5.44 rows=101 width=0)
	        Index Cond: ((k >= 5783936) AND (k <= 5784036))

table 5 : explain SELECT k, c FROM sbtest5 WHERE k BETWEEN 5783936 AND 5784036
	Bitmap Heap Scan on sbtest5  (cost=5.49..413.00 rows=103 width=125)
	  Recheck Cond: ((k >= 5783936) AND (k <= 5784036))
	  ->  Bitmap Index Scan on k_5  (cost=0.00..5.46 rows=103 width=0)
	        Index Cond: ((k >= 5783936) AND (k <= 5784036))

table 6 : explain SELECT k, c FROM sbtest6 WHERE k BETWEEN 5783936 AND 5784036
	Bitmap Heap Scan on sbtest6  (cost=5.47..405.13 rows=101 width=125)
	  Recheck Cond: ((k >= 5783936) AND (k <= 5784036))
	  ->  Bitmap Index Scan on k_6  (cost=0.00..5.44 rows=101 width=0)
	        Index Cond: ((k >= 5783936) AND (k <= 5784036))

table 7 : explain SELECT k, c FROM sbtest7 WHERE k BETWEEN 5783936 AND 5784036
	Bitmap Heap Scan on sbtest7  (cost=5.40..377.55 rows=94 width=125)
	  Recheck Cond: ((k >= 5783936) AND (k <= 5784036))
	  ->  Bitmap Index Scan on k_7  (cost=0.00..5.38 rows=94 width=0)
	        Index Cond: ((k >= 5783936) AND (k <= 5784036))

table 8 : explain SELECT k, c FROM sbtest8 WHERE k BETWEEN 5783936 AND 5784036
	Bitmap Heap Scan on sbtest8  (cost=5.48..409.07 rows=102 width=125)
	  Recheck Cond: ((k >= 5783936) AND (k <= 5784036))
	  ->  Bitmap Index Scan on k_8  (cost=0.00..5.45 rows=102 width=0)
	        Index Cond: ((k >= 5783936) AND (k <= 5784036))

explain: for range-notcovered :: explain SELECT k, c FROM sbtest%d WHERE k BETWEEN 6161700 AND 6161800
explain: for range-notcovered :: explain SELECT k, c FROM sbtest%d WHERE k BETWEEN 5783936 AND 5784036
for range-notcovered
table 1 : explain SELECT k, c FROM sbtest1 WHERE k BETWEEN 4305390 AND 4305490
	Bitmap Heap Scan on sbtest1  (cost=5.59..452.36 rows=113 width=125)
	  Recheck Cond: ((k >= 4305390) AND (k <= 4305490))
	  ->  Bitmap Index Scan on k_1  (cost=0.00..5.56 rows=113 width=0)
	        Index Cond: ((k >= 4305390) AND (k <= 4305490))

table 2 : explain SELECT k, c FROM sbtest2 WHERE k BETWEEN 4305390 AND 4305490
	Bitmap Heap Scan on sbtest2  (cost=5.59..452.36 rows=113 width=125)
	  Recheck Cond: ((k >= 4305390) AND (k <= 4305490))
	  ->  Bitmap Index Scan on k_2  (cost=0.00..5.56 rows=113 width=0)
	        Index Cond: ((k >= 4305390) AND (k <= 4305490))

table 3 : explain SELECT k, c FROM sbtest3 WHERE k BETWEEN 4305390 AND 4305490
	Bitmap Heap Scan on sbtest3  (cost=5.45..397.25 rows=99 width=125)
	  Recheck Cond: ((k >= 4305390) AND (k <= 4305490))
	  ->  Bitmap Index Scan on k_3  (cost=0.00..5.42 rows=99 width=0)
	        Index Cond: ((k >= 4305390) AND (k <= 4305490))

table 4 : explain SELECT k, c FROM sbtest4 WHERE k BETWEEN 4305390 AND 4305490
	Bitmap Heap Scan on sbtest4  (cost=5.48..409.07 rows=102 width=125)
	  Recheck Cond: ((k >= 4305390) AND (k <= 4305490))
	  ->  Bitmap Index Scan on k_4  (cost=0.00..5.45 rows=102 width=0)
	        Index Cond: ((k >= 4305390) AND (k <= 4305490))

table 5 : explain SELECT k, c FROM sbtest5 WHERE k BETWEEN 4305390 AND 4305490
	Bitmap Heap Scan on sbtest5  (cost=5.54..432.69 rows=108 width=125)
	  Recheck Cond: ((k >= 4305390) AND (k <= 4305490))
	  ->  Bitmap Index Scan on k_5  (cost=0.00..5.51 rows=108 width=0)
	        Index Cond: ((k >= 4305390) AND (k <= 4305490))

table 6 : explain SELECT k, c FROM sbtest6 WHERE k BETWEEN 4305390 AND 4305490
	Bitmap Heap Scan on sbtest6  (cost=5.46..401.19 rows=100 width=125)
	  Recheck Cond: ((k >= 4305390) AND (k <= 4305490))
	  ->  Bitmap Index Scan on k_6  (cost=0.00..5.43 rows=100 width=0)
	        Index Cond: ((k >= 4305390) AND (k <= 4305490))

table 7 : explain SELECT k, c FROM sbtest7 WHERE k BETWEEN 4305390 AND 4305490
	Bitmap Heap Scan on sbtest7  (cost=5.49..413.00 rows=103 width=125)
	  Recheck Cond: ((k >= 4305390) AND (k <= 4305490))
	  ->  Bitmap Index Scan on k_7  (cost=0.00..5.46 rows=103 width=0)
	        Index Cond: ((k >= 4305390) AND (k <= 4305490))

table 8 : explain SELECT k, c FROM sbtest8 WHERE k BETWEEN 4305390 AND 4305490
	Bitmap Heap Scan on sbtest8  (cost=5.49..413.00 rows=103 width=125)
	  Recheck Cond: ((k >= 4305390) AND (k <= 4305490))
	  ->  Bitmap Index Scan on k_8  (cost=0.00..5.46 rows=103 width=0)
	        Index Cond: ((k >= 4305390) AND (k <= 4305490))

for range-notcovered
table 1 : explain SELECT k, c FROM sbtest1 WHERE k BETWEEN 5366786 AND 5366886
	Bitmap Heap Scan on sbtest1  (cost=5.48..409.07 rows=102 width=125)
	  Recheck Cond: ((k >= 5366786) AND (k <= 5366886))
	  ->  Bitmap Index Scan on k_1  (cost=0.00..5.45 rows=102 width=0)
	        Index Cond: ((k >= 5366786) AND (k <= 5366886))

table 2 : explain SELECT k, c FROM sbtest2 WHERE k BETWEEN 5366786 AND 5366886
	Bitmap Heap Scan on sbtest2  (cost=5.42..385.43 rows=96 width=125)
	  Recheck Cond: ((k >= 5366786) AND (k <= 5366886))
	  ->  Bitmap Index Scan on k_2  (cost=0.00..5.39 rows=96 width=0)
	        Index Cond: ((k >= 5366786) AND (k <= 5366886))

table 3 : explain SELECT k, c FROM sbtest3 WHERE k BETWEEN 5366786 AND 5366886
	Bitmap Heap Scan on sbtest3  (cost=5.54..432.69 rows=108 width=125)
	  Recheck Cond: ((k >= 5366786) AND (k <= 5366886))
	  ->  Bitmap Index Scan on k_3  (cost=0.00..5.51 rows=108 width=0)
	        Index Cond: ((k >= 5366786) AND (k <= 5366886))

table 4 : explain SELECT k, c FROM sbtest4 WHERE k BETWEEN 5366786 AND 5366886
	Bitmap Heap Scan on sbtest4  (cost=5.42..385.43 rows=96 width=125)
	  Recheck Cond: ((k >= 5366786) AND (k <= 5366886))
	  ->  Bitmap Index Scan on k_4  (cost=0.00..5.39 rows=96 width=0)
	        Index Cond: ((k >= 5366786) AND (k <= 5366886))

table 5 : explain SELECT k, c FROM sbtest5 WHERE k BETWEEN 5366786 AND 5366886
	Bitmap Heap Scan on sbtest5  (cost=5.47..405.13 rows=101 width=125)
	  Recheck Cond: ((k >= 5366786) AND (k <= 5366886))
	  ->  Bitmap Index Scan on k_5  (cost=0.00..5.44 rows=101 width=0)
	        Index Cond: ((k >= 5366786) AND (k <= 5366886))

table 6 : explain SELECT k, c FROM sbtest6 WHERE k BETWEEN 5366786 AND 5366886
	Bitmap Heap Scan on sbtest6  (cost=5.45..397.25 rows=99 width=125)
	  Recheck Cond: ((k >= 5366786) AND (k <= 5366886))
	  ->  Bitmap Index Scan on k_6  (cost=0.00..5.42 rows=99 width=0)
	        Index Cond: ((k >= 5366786) AND (k <= 5366886))

table 7 : explain SELECT k, c FROM sbtest7 WHERE k BETWEEN 5366786 AND 5366886
	Bitmap Heap Scan on sbtest7  (cost=5.45..397.25 rows=99 width=125)
	  Recheck Cond: ((k >= 5366786) AND (k <= 5366886))
	  ->  Bitmap Index Scan on k_7  (cost=0.00..5.42 rows=99 width=0)
	        Index Cond: ((k >= 5366786) AND (k <= 5366886))

table 8 : explain SELECT k, c FROM sbtest8 WHERE k BETWEEN 5366786 AND 5366886
	Bitmap Heap Scan on sbtest8  (cost=5.50..416.94 rows=104 width=125)
	  Recheck Cond: ((k >= 5366786) AND (k <= 5366886))
	  ->  Bitmap Index Scan on k_8  (cost=0.00..5.47 rows=104 width=0)
	        Index Cond: ((k >= 5366786) AND (k <= 5366886))

explain: for range-notcovered :: explain SELECT k, c FROM sbtest%d WHERE k BETWEEN 3267451 AND 3267551
explain: for range-notcovered :: explain SELECT k, c FROM sbtest%d WHERE k BETWEEN 5366786 AND 5366886
for range-notcovered
table 1 : explain SELECT k, c FROM sbtest1 WHERE k BETWEEN 5737776 AND 5737876
	Bitmap Heap Scan on sbtest1  (cost=5.52..424.81 rows=106 width=125)
	  Recheck Cond: ((k >= 5737776) AND (k <= 5737876))
	  ->  Bitmap Index Scan on k_1  (cost=0.00..5.50 rows=106 width=0)
	        Index Cond: ((k >= 5737776) AND (k <= 5737876))

table 2 : explain SELECT k, c FROM sbtest2 WHERE k BETWEEN 5737776 AND 5737876
	Bitmap Heap Scan on sbtest2  (cost=5.45..397.25 rows=99 width=125)
	  Recheck Cond: ((k >= 5737776) AND (k <= 5737876))
	  ->  Bitmap Index Scan on k_2  (cost=0.00..5.42 rows=99 width=0)
	        Index Cond: ((k >= 5737776) AND (k <= 5737876))

table 3 : explain SELECT k, c FROM sbtest3 WHERE k BETWEEN 5737776 AND 5737876
	Bitmap Heap Scan on sbtest3  (cost=5.44..393.31 rows=98 width=125)
	  Recheck Cond: ((k >= 5737776) AND (k <= 5737876))
	  ->  Bitmap Index Scan on k_3  (cost=0.00..5.42 rows=98 width=0)
	        Index Cond: ((k >= 5737776) AND (k <= 5737876))

table 4 : explain SELECT k, c FROM sbtest4 WHERE k BETWEEN 5737776 AND 5737876
	Bitmap Heap Scan on sbtest4  (cost=5.47..405.13 rows=101 width=125)
	  Recheck Cond: ((k >= 5737776) AND (k <= 5737876))
	  ->  Bitmap Index Scan on k_4  (cost=0.00..5.44 rows=101 width=0)
	        Index Cond: ((k >= 5737776) AND (k <= 5737876))

table 5 : explain SELECT k, c FROM sbtest5 WHERE k BETWEEN 5737776 AND 5737876
	Bitmap Heap Scan on sbtest5  (cost=5.49..413.00 rows=103 width=125)
	  Recheck Cond: ((k >= 5737776) AND (k <= 5737876))
	  ->  Bitmap Index Scan on k_5  (cost=0.00..5.46 rows=103 width=0)
	        Index Cond: ((k >= 5737776) AND (k <= 5737876))

table 6 : explain SELECT k, c FROM sbtest6 WHERE k BETWEEN 5737776 AND 5737876
	Bitmap Heap Scan on sbtest6  (cost=5.56..440.56 rows=110 width=125)
	  Recheck Cond: ((k >= 5737776) AND (k <= 5737876))
	  ->  Bitmap Index Scan on k_6  (cost=0.00..5.53 rows=110 width=0)
	        Index Cond: ((k >= 5737776) AND (k <= 5737876))

table 7 : explain SELECT k, c FROM sbtest7 WHERE k BETWEEN 5737776 AND 5737876
	Bitmap Heap Scan on sbtest7  (cost=5.42..385.43 rows=96 width=125)
	  Recheck Cond: ((k >= 5737776) AND (k <= 5737876))
	  ->  Bitmap Index Scan on k_7  (cost=0.00..5.39 rows=96 width=0)
	        Index Cond: ((k >= 5737776) AND (k <= 5737876))

table 8 : explain SELECT k, c FROM sbtest8 WHERE k BETWEEN 5737776 AND 5737876
	Bitmap Heap Scan on sbtest8  (cost=5.52..424.81 rows=106 width=125)
	  Recheck Cond: ((k >= 5737776) AND (k <= 5737876))
	  ->  Bitmap Index Scan on k_8  (cost=0.00..5.50 rows=106 width=0)
	        Index Cond: ((k >= 5737776) AND (k <= 5737876))

explain: for range-notcovered :: explain SELECT k, c FROM sbtest%d WHERE k BETWEEN 5737776 AND 5737876
for range-notcovered
table 1 : explain SELECT k, c FROM sbtest1 WHERE k BETWEEN 4802221 AND 4802321
	Bitmap Heap Scan on sbtest1  (cost=5.41..381.49 rows=95 width=125)
	  Recheck Cond: ((k >= 4802221) AND (k <= 4802321))
	  ->  Bitmap Index Scan on k_1  (cost=0.00..5.38 rows=95 width=0)
	        Index Cond: ((k >= 4802221) AND (k <= 4802321))

table 2 : explain SELECT k, c FROM sbtest2 WHERE k BETWEEN 4802221 AND 4802321
	Bitmap Heap Scan on sbtest2  (cost=5.44..393.31 rows=98 width=125)
	  Recheck Cond: ((k >= 4802221) AND (k <= 4802321))
	  ->  Bitmap Index Scan on k_2  (cost=0.00..5.42 rows=98 width=0)
	        Index Cond: ((k >= 4802221) AND (k <= 4802321))

table 3 : explain SELECT k, c FROM sbtest3 WHERE k BETWEEN 4802221 AND 4802321
	Bitmap Heap Scan on sbtest3  (cost=5.50..416.94 rows=104 width=125)
	  Recheck Cond: ((k >= 4802221) AND (k <= 4802321))
	  ->  Bitmap Index Scan on k_3  (cost=0.00..5.47 rows=104 width=0)
	        Index Cond: ((k >= 4802221) AND (k <= 4802321))

table 4 : explain SELECT k, c FROM sbtest4 WHERE k BETWEEN 4802221 AND 4802321
	Bitmap Heap Scan on sbtest4  (cost=5.43..389.37 rows=97 width=125)
	  Recheck Cond: ((k >= 4802221) AND (k <= 4802321))
	  ->  Bitmap Index Scan on k_4  (cost=0.00..5.40 rows=97 width=0)
	        Index Cond: ((k >= 4802221) AND (k <= 4802321))

table 5 : explain SELECT k, c FROM sbtest5 WHERE k BETWEEN 4802221 AND 4802321
	Bitmap Heap Scan on sbtest5  (cost=5.52..424.81 rows=106 width=125)
	  Recheck Cond: ((k >= 4802221) AND (k <= 4802321))
	  ->  Bitmap Index Scan on k_5  (cost=0.00..5.50 rows=106 width=0)
	        Index Cond: ((k >= 4802221) AND (k <= 4802321))

table 6 : explain SELECT k, c FROM sbtest6 WHERE k BETWEEN 4802221 AND 4802321
	Bitmap Heap Scan on sbtest6  (cost=5.46..401.19 rows=100 width=125)
	  Recheck Cond: ((k >= 4802221) AND (k <= 4802321))
	  ->  Bitmap Index Scan on k_6  (cost=0.00..5.43 rows=100 width=0)
	        Index Cond: ((k >= 4802221) AND (k <= 4802321))

table 7 : explain SELECT k, c FROM sbtest7 WHERE k BETWEEN 4802221 AND 4802321
	Bitmap Heap Scan on sbtest7  (cost=5.43..389.37 rows=97 width=125)
	  Recheck Cond: ((k >= 4802221) AND (k <= 4802321))
	  ->  Bitmap Index Scan on k_7  (cost=0.00..5.40 rows=97 width=0)
	        Index Cond: ((k >= 4802221) AND (k <= 4802321))

table 8 : explain SELECT k, c FROM sbtest8 WHERE k BETWEEN 4802221 AND 4802321
	Bitmap Heap Scan on sbtest8  (cost=5.53..428.75 rows=107 width=125)
	  Recheck Cond: ((k >= 4802221) AND (k <= 4802321))
	  ->  Bitmap Index Scan on k_8  (cost=0.00..5.50 rows=107 width=0)
	        Index Cond: ((k >= 4802221) AND (k <= 4802321))

explain: for range-notcovered :: explain SELECT k, c FROM sbtest%d WHERE k BETWEEN 4802221 AND 4802321
for range-notcovered
table 1 : explain SELECT k, c FROM sbtest1 WHERE k BETWEEN 4627628 AND 4627728
	Bitmap Heap Scan on sbtest1  (cost=5.56..440.56 rows=110 width=125)
	  Recheck Cond: ((k >= 4627628) AND (k <= 4627728))
	  ->  Bitmap Index Scan on k_1  (cost=0.00..5.53 rows=110 width=0)
	        Index Cond: ((k >= 4627628) AND (k <= 4627728))

table 2 : explain SELECT k, c FROM sbtest2 WHERE k BETWEEN 4627628 AND 4627728
	Bitmap Heap Scan on sbtest2  (cost=5.44..393.31 rows=98 width=125)
	  Recheck Cond: ((k >= 4627628) AND (k <= 4627728))
	  ->  Bitmap Index Scan on k_2  (cost=0.00..5.42 rows=98 width=0)
	        Index Cond: ((k >= 4627628) AND (k <= 4627728))

table 3 : explain SELECT k, c FROM sbtest3 WHERE k BETWEEN 4627628 AND 4627728
	Bitmap Heap Scan on sbtest3  (cost=5.56..440.56 rows=110 width=125)
	  Recheck Cond: ((k >= 4627628) AND (k <= 4627728))
	  ->  Bitmap Index Scan on k_3  (cost=0.00..5.53 rows=110 width=0)
	        Index Cond: ((k >= 4627628) AND (k <= 4627728))

table 4 : explain SELECT k, c FROM sbtest4 WHERE k BETWEEN 4627628 AND 4627728
	Bitmap Heap Scan on sbtest4  (cost=5.51..420.88 rows=105 width=125)
	  Recheck Cond: ((k >= 4627628) AND (k <= 4627728))
	  ->  Bitmap Index Scan on k_4  (cost=0.00..5.48 rows=105 width=0)
	        Index Cond: ((k >= 4627628) AND (k <= 4627728))

table 5 : explain SELECT k, c FROM sbtest5 WHERE k BETWEEN 4627628 AND 4627728
	Bitmap Heap Scan on sbtest5  (cost=5.48..409.07 rows=102 width=125)
	  Recheck Cond: ((k >= 4627628) AND (k <= 4627728))
	  ->  Bitmap Index Scan on k_5  (cost=0.00..5.45 rows=102 width=0)
	        Index Cond: ((k >= 4627628) AND (k <= 4627728))

table 6 : explain SELECT k, c FROM sbtest6 WHERE k BETWEEN 4627628 AND 4627728
	Bitmap Heap Scan on sbtest6  (cost=5.39..373.61 rows=93 width=125)
	  Recheck Cond: ((k >= 4627628) AND (k <= 4627728))
	  ->  Bitmap Index Scan on k_6  (cost=0.00..5.36 rows=93 width=0)
	        Index Cond: ((k >= 4627628) AND (k <= 4627728))

table 7 : explain SELECT k, c FROM sbtest7 WHERE k BETWEEN 4627628 AND 4627728
	Bitmap Heap Scan on sbtest7  (cost=5.58..448.42 rows=112 width=125)
	  Recheck Cond: ((k >= 4627628) AND (k <= 4627728))
	  ->  Bitmap Index Scan on k_7  (cost=0.00..5.55 rows=112 width=0)
	        Index Cond: ((k >= 4627628) AND (k <= 4627728))

table 8 : explain SELECT k, c FROM sbtest8 WHERE k BETWEEN 4627628 AND 4627728
	Bitmap Heap Scan on sbtest8  (cost=5.45..397.25 rows=99 width=125)
	  Recheck Cond: ((k >= 4627628) AND (k <= 4627728))
	  ->  Bitmap Index Scan on k_8  (cost=0.00..5.42 rows=99 width=0)
	        Index Cond: ((k >= 4627628) AND (k <= 4627728))

for range-notcovered
table 1 : explain SELECT k, c FROM sbtest1 WHERE k BETWEEN 6161700 AND 6161800
	Bitmap Heap Scan on sbtest1  (cost=5.46..401.19 rows=100 width=125)
	  Recheck Cond: ((k >= 6161700) AND (k <= 6161800))
	  ->  Bitmap Index Scan on k_1  (cost=0.00..5.43 rows=100 width=0)
	        Index Cond: ((k >= 6161700) AND (k <= 6161800))

table 2 : explain SELECT k, c FROM sbtest2 WHERE k BETWEEN 6161700 AND 6161800
	Bitmap Heap Scan on sbtest2  (cost=5.46..401.19 rows=100 width=125)
	  Recheck Cond: ((k >= 6161700) AND (k <= 6161800))
	  ->  Bitmap Index Scan on k_2  (cost=0.00..5.43 rows=100 width=0)
	        Index Cond: ((k >= 6161700) AND (k <= 6161800))

table 3 : explain SELECT k, c FROM sbtest3 WHERE k BETWEEN 6161700 AND 6161800
	Bitmap Heap Scan on sbtest3  (cost=5.54..432.69 rows=108 width=125)
	  Recheck Cond: ((k >= 6161700) AND (k <= 6161800))
	  ->  Bitmap Index Scan on k_3  (cost=0.00..5.51 rows=108 width=0)
	        Index Cond: ((k >= 6161700) AND (k <= 6161800))

table 4 : explain SELECT k, c FROM sbtest4 WHERE k BETWEEN 6161700 AND 6161800
	Bitmap Heap Scan on sbtest4  (cost=5.54..432.69 rows=108 width=125)
	  Recheck Cond: ((k >= 6161700) AND (k <= 6161800))
	  ->  Bitmap Index Scan on k_4  (cost=0.00..5.51 rows=108 width=0)
	        Index Cond: ((k >= 6161700) AND (k <= 6161800))

table 5 : explain SELECT k, c FROM sbtest5 WHERE k BETWEEN 6161700 AND 6161800
	Bitmap Heap Scan on sbtest5  (cost=5.47..405.13 rows=101 width=125)
	  Recheck Cond: ((k >= 6161700) AND (k <= 6161800))
	  ->  Bitmap Index Scan on k_5  (cost=0.00..5.44 rows=101 width=0)
	        Index Cond: ((k >= 6161700) AND (k <= 6161800))

table 6 : explain SELECT k, c FROM sbtest6 WHERE k BETWEEN 6161700 AND 6161800
	Bitmap Heap Scan on sbtest6  (cost=5.45..397.25 rows=99 width=125)
	  Recheck Cond: ((k >= 6161700) AND (k <= 6161800))
	  ->  Bitmap Index Scan on k_6  (cost=0.00..5.42 rows=99 width=0)
	        Index Cond: ((k >= 6161700) AND (k <= 6161800))

table 7 : explain SELECT k, c FROM sbtest7 WHERE k BETWEEN 6161700 AND 6161800
	Bitmap Heap Scan on sbtest7  (cost=5.39..373.61 rows=93 width=125)
	  Recheck Cond: ((k >= 6161700) AND (k <= 6161800))
	  ->  Bitmap Index Scan on k_7  (cost=0.00..5.36 rows=93 width=0)
	        Index Cond: ((k >= 6161700) AND (k <= 6161800))

table 8 : explain SELECT k, c FROM sbtest8 WHERE k BETWEEN 6161700 AND 6161800
	Bitmap Heap Scan on sbtest8  (cost=5.46..401.19 rows=100 width=125)
	  Recheck Cond: ((k >= 6161700) AND (k <= 6161800))
	  ->  Bitmap Index Scan on k_8  (cost=0.00..5.43 rows=100 width=0)
	        Index Cond: ((k >= 6161700) AND (k <= 6161800))

for range-notcovered
table 1 : explain SELECT k, c FROM sbtest1 WHERE k BETWEEN 5783936 AND 5784036
	Bitmap Heap Scan on sbtest1  (cost=5.52..424.81 rows=106 width=125)
	  Recheck Cond: ((k >= 5783936) AND (k <= 5784036))
	  ->  Bitmap Index Scan on k_1  (cost=0.00..5.50 rows=106 width=0)
	        Index Cond: ((k >= 5783936) AND (k <= 5784036))

table 2 : explain SELECT k, c FROM sbtest2 WHERE k BETWEEN 5783936 AND 5784036
	Bitmap Heap Scan on sbtest2  (cost=5.45..397.25 rows=99 width=125)
	  Recheck Cond: ((k >= 5783936) AND (k <= 5784036))
	  ->  Bitmap Index Scan on k_2  (cost=0.00..5.42 rows=99 width=0)
	        Index Cond: ((k >= 5783936) AND (k <= 5784036))

table 3 : explain SELECT k, c FROM sbtest3 WHERE k BETWEEN 5783936 AND 5784036
	Bitmap Heap Scan on sbtest3  (cost=5.38..369.67 rows=92 width=125)
	  Recheck Cond: ((k >= 5783936) AND (k <= 5784036))
	  ->  Bitmap Index Scan on k_3  (cost=0.00..5.35 rows=92 width=0)
	        Index Cond: ((k >= 5783936) AND (k <= 5784036))

table 4 : explain SELECT k, c FROM sbtest4 WHERE k BETWEEN 5783936 AND 5784036
	Bitmap Heap Scan on sbtest4  (cost=5.47..405.13 rows=101 width=125)
	  Recheck Cond: ((k >= 5783936) AND (k <= 5784036))
	  ->  Bitmap Index Scan on k_4  (cost=0.00..5.44 rows=101 width=0)
	        Index Cond: ((k >= 5783936) AND (k <= 5784036))

table 5 : explain SELECT k, c FROM sbtest5 WHERE k BETWEEN 5783936 AND 5784036
	Bitmap Heap Scan on sbtest5  (cost=5.49..413.00 rows=103 width=125)
	  Recheck Cond: ((k >= 5783936) AND (k <= 5784036))
	  ->  Bitmap Index Scan on k_5  (cost=0.00..5.46 rows=103 width=0)
	        Index Cond: ((k >= 5783936) AND (k <= 5784036))

table 6 : explain SELECT k, c FROM sbtest6 WHERE k BETWEEN 5783936 AND 5784036
	Bitmap Heap Scan on sbtest6  (cost=5.47..405.13 rows=101 width=125)
	  Recheck Cond: ((k >= 5783936) AND (k <= 5784036))
	  ->  Bitmap Index Scan on k_6  (cost=0.00..5.44 rows=101 width=0)
	        Index Cond: ((k >= 5783936) AND (k <= 5784036))

table 7 : explain SELECT k, c FROM sbtest7 WHERE k BETWEEN 5783936 AND 5784036
	Bitmap Heap Scan on sbtest7  (cost=5.40..377.55 rows=94 width=125)
	  Recheck Cond: ((k >= 5783936) AND (k <= 5784036))
	  ->  Bitmap Index Scan on k_7  (cost=0.00..5.38 rows=94 width=0)
	        Index Cond: ((k >= 5783936) AND (k <= 5784036))

table 8 : explain SELECT k, c FROM sbtest8 WHERE k BETWEEN 5783936 AND 5784036
	Bitmap Heap Scan on sbtest8  (cost=5.48..409.07 rows=102 width=125)
	  Recheck Cond: ((k >= 5783936) AND (k <= 5784036))
	  ->  Bitmap Index Scan on k_8  (cost=0.00..5.45 rows=102 width=0)
	        Index Cond: ((k >= 5783936) AND (k <= 5784036))

explain: for range-notcovered :: explain SELECT k, c FROM sbtest%d WHERE k BETWEEN 6161700 AND 6161800
explain: for range-notcovered :: explain SELECT k, c FROM sbtest%d WHERE k BETWEEN 5783936 AND 5784036
for range-notcovered
table 1 : explain SELECT k, c FROM sbtest1 WHERE k BETWEEN 3319001 AND 3319101
	Bitmap Heap Scan on sbtest1  (cost=5.53..428.75 rows=107 width=125)
	  Recheck Cond: ((k >= 3319001) AND (k <= 3319101))
	  ->  Bitmap Index Scan on k_1  (cost=0.00..5.50 rows=107 width=0)
	        Index Cond: ((k >= 3319001) AND (k <= 3319101))

table 2 : explain SELECT k, c FROM sbtest2 WHERE k BETWEEN 3319001 AND 3319101
	Bitmap Heap Scan on sbtest2  (cost=5.47..405.13 rows=101 width=125)
	  Recheck Cond: ((k >= 3319001) AND (k <= 3319101))
	  ->  Bitmap Index Scan on k_2  (cost=0.00..5.44 rows=101 width=0)
	        Index Cond: ((k >= 3319001) AND (k <= 3319101))

table 3 : explain SELECT k, c FROM sbtest3 WHERE k BETWEEN 3319001 AND 3319101
	Bitmap Heap Scan on sbtest3  (cost=5.54..432.69 rows=108 width=125)
	  Recheck Cond: ((k >= 3319001) AND (k <= 3319101))
	  ->  Bitmap Index Scan on k_3  (cost=0.00..5.51 rows=108 width=0)
	        Index Cond: ((k >= 3319001) AND (k <= 3319101))

table 4 : explain SELECT k, c FROM sbtest4 WHERE k BETWEEN 3319001 AND 3319101
	Bitmap Heap Scan on sbtest4  (cost=5.48..409.07 rows=102 width=125)
	  Recheck Cond: ((k >= 3319001) AND (k <= 3319101))
	  ->  Bitmap Index Scan on k_4  (cost=0.00..5.45 rows=102 width=0)
	        Index Cond: ((k >= 3319001) AND (k <= 3319101))

table 5 : explain SELECT k, c FROM sbtest5 WHERE k BETWEEN 3319001 AND 3319101
	Bitmap Heap Scan on sbtest5  (cost=5.53..428.75 rows=107 width=125)
	  Recheck Cond: ((k >= 3319001) AND (k <= 3319101))
	  ->  Bitmap Index Scan on k_5  (cost=0.00..5.50 rows=107 width=0)
	        Index Cond: ((k >= 3319001) AND (k <= 3319101))

table 6 : explain SELECT k, c FROM sbtest6 WHERE k BETWEEN 3319001 AND 3319101
	Bitmap Heap Scan on sbtest6  (cost=5.44..393.31 rows=98 width=125)
	  Recheck Cond: ((k >= 3319001) AND (k <= 3319101))
	  ->  Bitmap Index Scan on k_6  (cost=0.00..5.42 rows=98 width=0)
	        Index Cond: ((k >= 3319001) AND (k <= 3319101))

table 7 : explain SELECT k, c FROM sbtest7 WHERE k BETWEEN 3319001 AND 3319101
	Bitmap Heap Scan on sbtest7  (cost=5.50..416.94 rows=104 width=125)
	  Recheck Cond: ((k >= 3319001) AND (k <= 3319101))
	  ->  Bitmap Index Scan on k_7  (cost=0.00..5.47 rows=104 width=0)
	        Index Cond: ((k >= 3319001) AND (k <= 3319101))

table 8 : explain SELECT k, c FROM sbtest8 WHERE k BETWEEN 3319001 AND 3319101
	Bitmap Heap Scan on sbtest8  (cost=5.48..409.07 rows=102 width=125)
	  Recheck Cond: ((k >= 3319001) AND (k <= 3319101))
	  ->  Bitmap Index Scan on k_8  (cost=0.00..5.45 rows=102 width=0)
	        Index Cond: ((k >= 3319001) AND (k <= 3319101))

for range-notcovered
table 1 : explain SELECT k, c FROM sbtest1 WHERE k BETWEEN 4929683 AND 4929783
	Bitmap Heap Scan on sbtest1  (cost=5.52..424.81 rows=106 width=125)
	  Recheck Cond: ((k >= 4929683) AND (k <= 4929783))
	  ->  Bitmap Index Scan on k_1  (cost=0.00..5.50 rows=106 width=0)
	        Index Cond: ((k >= 4929683) AND (k <= 4929783))

table 2 : explain SELECT k, c FROM sbtest2 WHERE k BETWEEN 4929683 AND 4929783
	Bitmap Heap Scan on sbtest2  (cost=5.40..377.55 rows=94 width=125)
	  Recheck Cond: ((k >= 4929683) AND (k <= 4929783))
	  ->  Bitmap Index Scan on k_2  (cost=0.00..5.38 rows=94 width=0)
	        Index Cond: ((k >= 4929683) AND (k <= 4929783))

table 3 : explain SELECT k, c FROM sbtest3 WHERE k BETWEEN 4929683 AND 4929783
	Bitmap Heap Scan on sbtest3  (cost=5.53..428.75 rows=107 width=125)
	  Recheck Cond: ((k >= 4929683) AND (k <= 4929783))
	  ->  Bitmap Index Scan on k_3  (cost=0.00..5.50 rows=107 width=0)
	        Index Cond: ((k >= 4929683) AND (k <= 4929783))

table 4 : explain SELECT k, c FROM sbtest4 WHERE k BETWEEN 4929683 AND 4929783
	Bitmap Heap Scan on sbtest4  (cost=5.49..413.00 rows=103 width=125)
	  Recheck Cond: ((k >= 4929683) AND (k <= 4929783))
	  ->  Bitmap Index Scan on k_4  (cost=0.00..5.46 rows=103 width=0)
	        Index Cond: ((k >= 4929683) AND (k <= 4929783))

table 5 : explain SELECT k, c FROM sbtest5 WHERE k BETWEEN 4929683 AND 4929783
	Bitmap Heap Scan on sbtest5  (cost=5.48..409.07 rows=102 width=125)
	  Recheck Cond: ((k >= 4929683) AND (k <= 4929783))
	  ->  Bitmap Index Scan on k_5  (cost=0.00..5.45 rows=102 width=0)
	        Index Cond: ((k >= 4929683) AND (k <= 4929783))

table 6 : explain SELECT k, c FROM sbtest6 WHERE k BETWEEN 4929683 AND 4929783
	Bitmap Heap Scan on sbtest6  (cost=5.40..377.55 rows=94 width=125)
	  Recheck Cond: ((k >= 4929683) AND (k <= 4929783))
	  ->  Bitmap Index Scan on k_6  (cost=0.00..5.38 rows=94 width=0)
	        Index Cond: ((k >= 4929683) AND (k <= 4929783))

table 7 : explain SELECT k, c FROM sbtest7 WHERE k BETWEEN 4929683 AND 4929783
	Bitmap Heap Scan on sbtest7  (cost=5.43..389.37 rows=97 width=125)
	  Recheck Cond: ((k >= 4929683) AND (k <= 4929783))
	  ->  Bitmap Index Scan on k_7  (cost=0.00..5.40 rows=97 width=0)
	        Index Cond: ((k >= 4929683) AND (k <= 4929783))

table 8 : explain SELECT k, c FROM sbtest8 WHERE k BETWEEN 4929683 AND 4929783
	Bitmap Heap Scan on sbtest8  (cost=5.42..385.43 rows=96 width=125)
	  Recheck Cond: ((k >= 4929683) AND (k <= 4929783))
	  ->  Bitmap Index Scan on k_8  (cost=0.00..5.39 rows=96 width=0)
	        Index Cond: ((k >= 4929683) AND (k <= 4929783))

for range-notcovered
table 1 : explain SELECT k, c FROM sbtest1 WHERE k BETWEEN 5366786 AND 5366886
	Bitmap Heap Scan on sbtest1  (cost=5.48..409.07 rows=102 width=125)
	  Recheck Cond: ((k >= 5366786) AND (k <= 5366886))
	  ->  Bitmap Index Scan on k_1  (cost=0.00..5.45 rows=102 width=0)
	        Index Cond: ((k >= 5366786) AND (k <= 5366886))

table 2 : explain SELECT k, c FROM sbtest2 WHERE k BETWEEN 5366786 AND 5366886
	Bitmap Heap Scan on sbtest2  (cost=5.42..385.43 rows=96 width=125)
	  Recheck Cond: ((k >= 5366786) AND (k <= 5366886))
	  ->  Bitmap Index Scan on k_2  (cost=0.00..5.39 rows=96 width=0)
	        Index Cond: ((k >= 5366786) AND (k <= 5366886))

table 3 : explain SELECT k, c FROM sbtest3 WHERE k BETWEEN 5366786 AND 5366886
	Bitmap Heap Scan on sbtest3  (cost=5.54..432.69 rows=108 width=125)
	  Recheck Cond: ((k >= 5366786) AND (k <= 5366886))
	  ->  Bitmap Index Scan on k_3  (cost=0.00..5.51 rows=108 width=0)
	        Index Cond: ((k >= 5366786) AND (k <= 5366886))

table 4 : explain SELECT k, c FROM sbtest4 WHERE k BETWEEN 5366786 AND 5366886
	Bitmap Heap Scan on sbtest4  (cost=5.42..385.43 rows=96 width=125)
	  Recheck Cond: ((k >= 5366786) AND (k <= 5366886))
	  ->  Bitmap Index Scan on k_4  (cost=0.00..5.39 rows=96 width=0)
	        Index Cond: ((k >= 5366786) AND (k <= 5366886))

table 5 : explain SELECT k, c FROM sbtest5 WHERE k BETWEEN 5366786 AND 5366886
	Bitmap Heap Scan on sbtest5  (cost=5.47..405.13 rows=101 width=125)
	  Recheck Cond: ((k >= 5366786) AND (k <= 5366886))
	  ->  Bitmap Index Scan on k_5  (cost=0.00..5.44 rows=101 width=0)
	        Index Cond: ((k >= 5366786) AND (k <= 5366886))

table 6 : explain SELECT k, c FROM sbtest6 WHERE k BETWEEN 5366786 AND 5366886
	Bitmap Heap Scan on sbtest6  (cost=5.45..397.25 rows=99 width=125)
	  Recheck Cond: ((k >= 5366786) AND (k <= 5366886))
	  ->  Bitmap Index Scan on k_6  (cost=0.00..5.42 rows=99 width=0)
	        Index Cond: ((k >= 5366786) AND (k <= 5366886))

table 7 : explain SELECT k, c FROM sbtest7 WHERE k BETWEEN 5366786 AND 5366886
	Bitmap Heap Scan on sbtest7  (cost=5.45..397.25 rows=99 width=125)
	  Recheck Cond: ((k >= 5366786) AND (k <= 5366886))
	  ->  Bitmap Index Scan on k_7  (cost=0.00..5.42 rows=99 width=0)
	        Index Cond: ((k >= 5366786) AND (k <= 5366886))

table 8 : explain SELECT k, c FROM sbtest8 WHERE k BETWEEN 5366786 AND 5366886
	Bitmap Heap Scan on sbtest8  (cost=5.50..416.94 rows=104 width=125)
	  Recheck Cond: ((k >= 5366786) AND (k <= 5366886))
	  ->  Bitmap Index Scan on k_8  (cost=0.00..5.47 rows=104 width=0)
	        Index Cond: ((k >= 5366786) AND (k <= 5366886))

for range-notcovered
table 1 : explain SELECT k, c FROM sbtest1 WHERE k BETWEEN 1474795 AND 1474895
	Bitmap Heap Scan on sbtest1  (cost=5.44..393.31 rows=98 width=125)
	  Recheck Cond: ((k >= 1474795) AND (k <= 1474895))
	  ->  Bitmap Index Scan on k_1  (cost=0.00..5.42 rows=98 width=0)
	        Index Cond: ((k >= 1474795) AND (k <= 1474895))

table 2 : explain SELECT k, c FROM sbtest2 WHERE k BETWEEN 1474795 AND 1474895
	Bitmap Heap Scan on sbtest2  (cost=5.48..409.07 rows=102 width=125)
	  Recheck Cond: ((k >= 1474795) AND (k <= 1474895))
	  ->  Bitmap Index Scan on k_2  (cost=0.00..5.45 rows=102 width=0)
	        Index Cond: ((k >= 1474795) AND (k <= 1474895))

table 3 : explain SELECT k, c FROM sbtest3 WHERE k BETWEEN 1474795 AND 1474895
	Bitmap Heap Scan on sbtest3  (cost=5.57..444.49 rows=111 width=125)
	  Recheck Cond: ((k >= 1474795) AND (k <= 1474895))
	  ->  Bitmap Index Scan on k_3  (cost=0.00..5.54 rows=111 width=0)
	        Index Cond: ((k >= 1474795) AND (k <= 1474895))

table 4 : explain SELECT k, c FROM sbtest4 WHERE k BETWEEN 1474795 AND 1474895
	Bitmap Heap Scan on sbtest4  (cost=5.43..389.37 rows=97 width=125)
	  Recheck Cond: ((k >= 1474795) AND (k <= 1474895))
	  ->  Bitmap Index Scan on k_4  (cost=0.00..5.40 rows=97 width=0)
	        Index Cond: ((k >= 1474795) AND (k <= 1474895))

table 5 : explain SELECT k, c FROM sbtest5 WHERE k BETWEEN 1474795 AND 1474895
	Bitmap Heap Scan on sbtest5  (cost=5.46..401.19 rows=100 width=125)
	  Recheck Cond: ((k >= 1474795) AND (k <= 1474895))
	  ->  Bitmap Index Scan on k_5  (cost=0.00..5.43 rows=100 width=0)
	        Index Cond: ((k >= 1474795) AND (k <= 1474895))

table 6 : explain SELECT k, c FROM sbtest6 WHERE k BETWEEN 1474795 AND 1474895
	Bitmap Heap Scan on sbtest6  (cost=5.42..385.43 rows=96 width=125)
	  Recheck Cond: ((k >= 1474795) AND (k <= 1474895))
	  ->  Bitmap Index Scan on k_6  (cost=0.00..5.39 rows=96 width=0)
	        Index Cond: ((k >= 1474795) AND (k <= 1474895))

table 7 : explain SELECT k, c FROM sbtest7 WHERE k BETWEEN 1474795 AND 1474895
	Bitmap Heap Scan on sbtest7  (cost=5.45..397.25 rows=99 width=125)
	  Recheck Cond: ((k >= 1474795) AND (k <= 1474895))
	  ->  Bitmap Index Scan on k_7  (cost=0.00..5.42 rows=99 width=0)
	        Index Cond: ((k >= 1474795) AND (k <= 1474895))

table 8 : explain SELECT k, c FROM sbtest8 WHERE k BETWEEN 1474795 AND 1474895
	Bitmap Heap Scan on sbtest8  (cost=5.50..416.94 rows=104 width=125)
	  Recheck Cond: ((k >= 1474795) AND (k <= 1474895))
	  ->  Bitmap Index Scan on k_8  (cost=0.00..5.47 rows=104 width=0)
	        Index Cond: ((k >= 1474795) AND (k <= 1474895))

for range-notcovered
table 1 : explain SELECT k, c FROM sbtest1 WHERE k BETWEEN 9064660 AND 9064760
	Bitmap Heap Scan on sbtest1  (cost=5.47..405.13 rows=101 width=125)
	  Recheck Cond: ((k >= 9064660) AND (k <= 9064760))
	  ->  Bitmap Index Scan on k_1  (cost=0.00..5.44 rows=101 width=0)
	        Index Cond: ((k >= 9064660) AND (k <= 9064760))

table 2 : explain SELECT k, c FROM sbtest2 WHERE k BETWEEN 9064660 AND 9064760
	Bitmap Heap Scan on sbtest2  (cost=5.36..361.78 rows=90 width=125)
	  Recheck Cond: ((k >= 9064660) AND (k <= 9064760))
	  ->  Bitmap Index Scan on k_2  (cost=0.00..5.33 rows=90 width=0)
	        Index Cond: ((k >= 9064660) AND (k <= 9064760))

table 3 : explain SELECT k, c FROM sbtest3 WHERE k BETWEEN 9064660 AND 9064760
	Bitmap Heap Scan on sbtest3  (cost=5.53..428.75 rows=107 width=125)
	  Recheck Cond: ((k >= 9064660) AND (k <= 9064760))
	  ->  Bitmap Index Scan on k_3  (cost=0.00..5.50 rows=107 width=0)
	        Index Cond: ((k >= 9064660) AND (k <= 9064760))

table 4 : explain SELECT k, c FROM sbtest4 WHERE k BETWEEN 9064660 AND 9064760
	Bitmap Heap Scan on sbtest4  (cost=5.49..413.00 rows=103 width=125)
	  Recheck Cond: ((k >= 9064660) AND (k <= 9064760))
	  ->  Bitmap Index Scan on k_4  (cost=0.00..5.46 rows=103 width=0)
	        Index Cond: ((k >= 9064660) AND (k <= 9064760))

table 5 : explain SELECT k, c FROM sbtest5 WHERE k BETWEEN 9064660 AND 9064760
	Bitmap Heap Scan on sbtest5  (cost=5.41..381.49 rows=95 width=125)
	  Recheck Cond: ((k >= 9064660) AND (k <= 9064760))
	  ->  Bitmap Index Scan on k_5  (cost=0.00..5.38 rows=95 width=0)
	        Index Cond: ((k >= 9064660) AND (k <= 9064760))

table 6 : explain SELECT k, c FROM sbtest6 WHERE k BETWEEN 9064660 AND 9064760
	Bitmap Heap Scan on sbtest6  (cost=5.43..389.37 rows=97 width=125)
	  Recheck Cond: ((k >= 9064660) AND (k <= 9064760))
	  ->  Bitmap Index Scan on k_6  (cost=0.00..5.40 rows=97 width=0)
	        Index Cond: ((k >= 9064660) AND (k <= 9064760))

table 7 : explain SELECT k, c FROM sbtest7 WHERE k BETWEEN 9064660 AND 9064760
	Bitmap Heap Scan on sbtest7  (cost=5.44..393.31 rows=98 width=125)
	  Recheck Cond: ((k >= 9064660) AND (k <= 9064760))
	  ->  Bitmap Index Scan on k_7  (cost=0.00..5.42 rows=98 width=0)
	        Index Cond: ((k >= 9064660) AND (k <= 9064760))

table 8 : explain SELECT k, c FROM sbtest8 WHERE k BETWEEN 9064660 AND 9064760
	Bitmap Heap Scan on sbtest8  (cost=5.48..409.07 rows=102 width=125)
	  Recheck Cond: ((k >= 9064660) AND (k <= 9064760))
	  ->  Bitmap Index Scan on k_8  (cost=0.00..5.45 rows=102 width=0)
	        Index Cond: ((k >= 9064660) AND (k <= 9064760))

explain: for range-notcovered :: explain SELECT k, c FROM sbtest%d WHERE k BETWEEN 4929683 AND 4929783
explain: for range-notcovered :: explain SELECT k, c FROM sbtest%d WHERE k BETWEEN 2346235 AND 2346335
explain: for range-notcovered :: explain SELECT k, c FROM sbtest%d WHERE k BETWEEN 9064660 AND 9064760
for range-notcovered
table 1 : explain SELECT k, c FROM sbtest1 WHERE k BETWEEN 6006776 AND 6006876
	Bitmap Heap Scan on sbtest1  (cost=5.39..373.61 rows=93 width=125)
	  Recheck Cond: ((k >= 6006776) AND (k <= 6006876))
	  ->  Bitmap Index Scan on k_1  (cost=0.00..5.36 rows=93 width=0)
	        Index Cond: ((k >= 6006776) AND (k <= 6006876))

table 2 : explain SELECT k, c FROM sbtest2 WHERE k BETWEEN 6006776 AND 6006876
	Bitmap Heap Scan on sbtest2  (cost=5.46..401.19 rows=100 width=125)
	  Recheck Cond: ((k >= 6006776) AND (k <= 6006876))
	  ->  Bitmap Index Scan on k_2  (cost=0.00..5.43 rows=100 width=0)
	        Index Cond: ((k >= 6006776) AND (k <= 6006876))

table 3 : explain SELECT k, c FROM sbtest3 WHERE k BETWEEN 6006776 AND 6006876
	Bitmap Heap Scan on sbtest3  (cost=5.52..424.81 rows=106 width=125)
	  Recheck Cond: ((k >= 6006776) AND (k <= 6006876))
	  ->  Bitmap Index Scan on k_3  (cost=0.00..5.50 rows=106 width=0)
	        Index Cond: ((k >= 6006776) AND (k <= 6006876))

table 4 : explain SELECT k, c FROM sbtest4 WHERE k BETWEEN 6006776 AND 6006876
	Bitmap Heap Scan on sbtest4  (cost=5.41..381.49 rows=95 width=125)
	  Recheck Cond: ((k >= 6006776) AND (k <= 6006876))
	  ->  Bitmap Index Scan on k_4  (cost=0.00..5.38 rows=95 width=0)
	        Index Cond: ((k >= 6006776) AND (k <= 6006876))

table 5 : explain SELECT k, c FROM sbtest5 WHERE k BETWEEN 6006776 AND 6006876
	Bitmap Heap Scan on sbtest5  (cost=5.57..444.49 rows=111 width=125)
	  Recheck Cond: ((k >= 6006776) AND (k <= 6006876))
	  ->  Bitmap Index Scan on k_5  (cost=0.00..5.54 rows=111 width=0)
	        Index Cond: ((k >= 6006776) AND (k <= 6006876))

table 6 : explain SELECT k, c FROM sbtest6 WHERE k BETWEEN 6006776 AND 6006876
	Bitmap Heap Scan on sbtest6  (cost=5.48..409.07 rows=102 width=125)
	  Recheck Cond: ((k >= 6006776) AND (k <= 6006876))
	  ->  Bitmap Index Scan on k_6  (cost=0.00..5.45 rows=102 width=0)
	        Index Cond: ((k >= 6006776) AND (k <= 6006876))

table 7 : explain SELECT k, c FROM sbtest7 WHERE k BETWEEN 6006776 AND 6006876
	Bitmap Heap Scan on sbtest7  (cost=5.47..405.13 rows=101 width=125)
	  Recheck Cond: ((k >= 6006776) AND (k <= 6006876))
	  ->  Bitmap Index Scan on k_7  (cost=0.00..5.44 rows=101 width=0)
	        Index Cond: ((k >= 6006776) AND (k <= 6006876))

table 8 : explain SELECT k, c FROM sbtest8 WHERE k BETWEEN 6006776 AND 6006876
	Bitmap Heap Scan on sbtest8  (cost=5.57..444.49 rows=111 width=125)
	  Recheck Cond: ((k >= 6006776) AND (k <= 6006876))
	  ->  Bitmap Index Scan on k_8  (cost=0.00..5.54 rows=111 width=0)
	        Index Cond: ((k >= 6006776) AND (k <= 6006876))

explain: for range-notcovered :: explain SELECT k, c FROM sbtest%d WHERE k BETWEEN 3319001 AND 3319101
for range-notcovered
table 1 : explain SELECT k, c FROM sbtest1 WHERE k BETWEEN 4802221 AND 4802321
	Bitmap Heap Scan on sbtest1  (cost=5.41..381.49 rows=95 width=125)
	  Recheck Cond: ((k >= 4802221) AND (k <= 4802321))
	  ->  Bitmap Index Scan on k_1  (cost=0.00..5.38 rows=95 width=0)
	        Index Cond: ((k >= 4802221) AND (k <= 4802321))

table 2 : explain SELECT k, c FROM sbtest2 WHERE k BETWEEN 4802221 AND 4802321
	Bitmap Heap Scan on sbtest2  (cost=5.44..393.31 rows=98 width=125)
	  Recheck Cond: ((k >= 4802221) AND (k <= 4802321))
	  ->  Bitmap Index Scan on k_2  (cost=0.00..5.42 rows=98 width=0)
	        Index Cond: ((k >= 4802221) AND (k <= 4802321))

table 3 : explain SELECT k, c FROM sbtest3 WHERE k BETWEEN 4802221 AND 4802321
	Bitmap Heap Scan on sbtest3  (cost=5.50..416.94 rows=104 width=125)
	  Recheck Cond: ((k >= 4802221) AND (k <= 4802321))
	  ->  Bitmap Index Scan on k_3  (cost=0.00..5.47 rows=104 width=0)
	        Index Cond: ((k >= 4802221) AND (k <= 4802321))

table 4 : explain SELECT k, c FROM sbtest4 WHERE k BETWEEN 4802221 AND 4802321
	Bitmap Heap Scan on sbtest4  (cost=5.43..389.37 rows=97 width=125)
	  Recheck Cond: ((k >= 4802221) AND (k <= 4802321))
	  ->  Bitmap Index Scan on k_4  (cost=0.00..5.40 rows=97 width=0)
	        Index Cond: ((k >= 4802221) AND (k <= 4802321))

table 5 : explain SELECT k, c FROM sbtest5 WHERE k BETWEEN 4802221 AND 4802321
	Bitmap Heap Scan on sbtest5  (cost=5.52..424.81 rows=106 width=125)
	  Recheck Cond: ((k >= 4802221) AND (k <= 4802321))
	  ->  Bitmap Index Scan on k_5  (cost=0.00..5.50 rows=106 width=0)
	        Index Cond: ((k >= 4802221) AND (k <= 4802321))

table 6 : explain SELECT k, c FROM sbtest6 WHERE k BETWEEN 4802221 AND 4802321
	Bitmap Heap Scan on sbtest6  (cost=5.46..401.19 rows=100 width=125)
	  Recheck Cond: ((k >= 4802221) AND (k <= 4802321))
	  ->  Bitmap Index Scan on k_6  (cost=0.00..5.43 rows=100 width=0)
	        Index Cond: ((k >= 4802221) AND (k <= 4802321))

table 7 : explain SELECT k, c FROM sbtest7 WHERE k BETWEEN 4802221 AND 4802321
	Bitmap Heap Scan on sbtest7  (cost=5.43..389.37 rows=97 width=125)
	  Recheck Cond: ((k >= 4802221) AND (k <= 4802321))
	  ->  Bitmap Index Scan on k_7  (cost=0.00..5.40 rows=97 width=0)
	        Index Cond: ((k >= 4802221) AND (k <= 4802321))

table 8 : explain SELECT k, c FROM sbtest8 WHERE k BETWEEN 4802221 AND 4802321
	Bitmap Heap Scan on sbtest8  (cost=5.53..428.75 rows=107 width=125)
	  Recheck Cond: ((k >= 4802221) AND (k <= 4802321))
	  ->  Bitmap Index Scan on k_8  (cost=0.00..5.50 rows=107 width=0)
	        Index Cond: ((k >= 4802221) AND (k <= 4802321))

explain: for range-notcovered :: explain SELECT k, c FROM sbtest%d WHERE k BETWEEN 4802221 AND 4802321
for range-notcovered
table 1 : explain SELECT k, c FROM sbtest1 WHERE k BETWEEN 6161700 AND 6161800
	Bitmap Heap Scan on sbtest1  (cost=5.46..401.19 rows=100 width=125)
	  Recheck Cond: ((k >= 6161700) AND (k <= 6161800))
	  ->  Bitmap Index Scan on k_1  (cost=0.00..5.43 rows=100 width=0)
	        Index Cond: ((k >= 6161700) AND (k <= 6161800))

table 2 : explain SELECT k, c FROM sbtest2 WHERE k BETWEEN 6161700 AND 6161800
	Bitmap Heap Scan on sbtest2  (cost=5.46..401.19 rows=100 width=125)
	  Recheck Cond: ((k >= 6161700) AND (k <= 6161800))
	  ->  Bitmap Index Scan on k_2  (cost=0.00..5.43 rows=100 width=0)
	        Index Cond: ((k >= 6161700) AND (k <= 6161800))

table 3 : explain SELECT k, c FROM sbtest3 WHERE k BETWEEN 6161700 AND 6161800
	Bitmap Heap Scan on sbtest3  (cost=5.54..432.69 rows=108 width=125)
	  Recheck Cond: ((k >= 6161700) AND (k <= 6161800))
	  ->  Bitmap Index Scan on k_3  (cost=0.00..5.51 rows=108 width=0)
	        Index Cond: ((k >= 6161700) AND (k <= 6161800))

table 4 : explain SELECT k, c FROM sbtest4 WHERE k BETWEEN 6161700 AND 6161800
	Bitmap Heap Scan on sbtest4  (cost=5.54..432.69 rows=108 width=125)
	  Recheck Cond: ((k >= 6161700) AND (k <= 6161800))
	  ->  Bitmap Index Scan on k_4  (cost=0.00..5.51 rows=108 width=0)
	        Index Cond: ((k >= 6161700) AND (k <= 6161800))

table 5 : explain SELECT k, c FROM sbtest5 WHERE k BETWEEN 6161700 AND 6161800
	Bitmap Heap Scan on sbtest5  (cost=5.47..405.13 rows=101 width=125)
	  Recheck Cond: ((k >= 6161700) AND (k <= 6161800))
	  ->  Bitmap Index Scan on k_5  (cost=0.00..5.44 rows=101 width=0)
	        Index Cond: ((k >= 6161700) AND (k <= 6161800))

table 6 : explain SELECT k, c FROM sbtest6 WHERE k BETWEEN 6161700 AND 6161800
	Bitmap Heap Scan on sbtest6  (cost=5.45..397.25 rows=99 width=125)
	  Recheck Cond: ((k >= 6161700) AND (k <= 6161800))
	  ->  Bitmap Index Scan on k_6  (cost=0.00..5.42 rows=99 width=0)
	        Index Cond: ((k >= 6161700) AND (k <= 6161800))

table 7 : explain SELECT k, c FROM sbtest7 WHERE k BETWEEN 6161700 AND 6161800
	Bitmap Heap Scan on sbtest7  (cost=5.39..373.61 rows=93 width=125)
	  Recheck Cond: ((k >= 6161700) AND (k <= 6161800))
	  ->  Bitmap Index Scan on k_7  (cost=0.00..5.36 rows=93 width=0)
	        Index Cond: ((k >= 6161700) AND (k <= 6161800))

table 8 : explain SELECT k, c FROM sbtest8 WHERE k BETWEEN 6161700 AND 6161800
	Bitmap Heap Scan on sbtest8  (cost=5.46..401.19 rows=100 width=125)
	  Recheck Cond: ((k >= 6161700) AND (k <= 6161800))
	  ->  Bitmap Index Scan on k_8  (cost=0.00..5.43 rows=100 width=0)
	        Index Cond: ((k >= 6161700) AND (k <= 6161800))

explain: for range-notcovered :: explain SELECT k, c FROM sbtest%d WHERE k BETWEEN 6161700 AND 6161800
for range-notcovered
table 1 : explain SELECT k, c FROM sbtest1 WHERE k BETWEEN 5783936 AND 5784036
	Bitmap Heap Scan on sbtest1  (cost=5.52..424.81 rows=106 width=125)
	  Recheck Cond: ((k >= 5783936) AND (k <= 5784036))
	  ->  Bitmap Index Scan on k_1  (cost=0.00..5.50 rows=106 width=0)
	        Index Cond: ((k >= 5783936) AND (k <= 5784036))

table 2 : explain SELECT k, c FROM sbtest2 WHERE k BETWEEN 5783936 AND 5784036
	Bitmap Heap Scan on sbtest2  (cost=5.45..397.25 rows=99 width=125)
	  Recheck Cond: ((k >= 5783936) AND (k <= 5784036))
	  ->  Bitmap Index Scan on k_2  (cost=0.00..5.42 rows=99 width=0)
	        Index Cond: ((k >= 5783936) AND (k <= 5784036))

table 3 : explain SELECT k, c FROM sbtest3 WHERE k BETWEEN 5783936 AND 5784036
	Bitmap Heap Scan on sbtest3  (cost=5.38..369.67 rows=92 width=125)
	  Recheck Cond: ((k >= 5783936) AND (k <= 5784036))
	  ->  Bitmap Index Scan on k_3  (cost=0.00..5.35 rows=92 width=0)
	        Index Cond: ((k >= 5783936) AND (k <= 5784036))

table 4 : explain SELECT k, c FROM sbtest4 WHERE k BETWEEN 5783936 AND 5784036
	Bitmap Heap Scan on sbtest4  (cost=5.47..405.13 rows=101 width=125)
	  Recheck Cond: ((k >= 5783936) AND (k <= 5784036))
	  ->  Bitmap Index Scan on k_4  (cost=0.00..5.44 rows=101 width=0)
	        Index Cond: ((k >= 5783936) AND (k <= 5784036))

table 5 : explain SELECT k, c FROM sbtest5 WHERE k BETWEEN 5783936 AND 5784036
	Bitmap Heap Scan on sbtest5  (cost=5.49..413.00 rows=103 width=125)
	  Recheck Cond: ((k >= 5783936) AND (k <= 5784036))
	  ->  Bitmap Index Scan on k_5  (cost=0.00..5.46 rows=103 width=0)
	        Index Cond: ((k >= 5783936) AND (k <= 5784036))

table 6 : explain SELECT k, c FROM sbtest6 WHERE k BETWEEN 5783936 AND 5784036
	Bitmap Heap Scan on sbtest6  (cost=5.47..405.13 rows=101 width=125)
	  Recheck Cond: ((k >= 5783936) AND (k <= 5784036))
	  ->  Bitmap Index Scan on k_6  (cost=0.00..5.44 rows=101 width=0)
	        Index Cond: ((k >= 5783936) AND (k <= 5784036))

table 7 : explain SELECT k, c FROM sbtest7 WHERE k BETWEEN 5783936 AND 5784036
	Bitmap Heap Scan on sbtest7  (cost=5.40..377.55 rows=94 width=125)
	  Recheck Cond: ((k >= 5783936) AND (k <= 5784036))
	  ->  Bitmap Index Scan on k_7  (cost=0.00..5.38 rows=94 width=0)
	        Index Cond: ((k >= 5783936) AND (k <= 5784036))

table 8 : explain SELECT k, c FROM sbtest8 WHERE k BETWEEN 5783936 AND 5784036
	Bitmap Heap Scan on sbtest8  (cost=5.48..409.07 rows=102 width=125)
	  Recheck Cond: ((k >= 5783936) AND (k <= 5784036))
	  ->  Bitmap Index Scan on k_8  (cost=0.00..5.45 rows=102 width=0)
	        Index Cond: ((k >= 5783936) AND (k <= 5784036))

for range-notcovered
table 1 : explain SELECT k, c FROM sbtest1 WHERE k BETWEEN 5670715 AND 5670815
	Bitmap Heap Scan on sbtest1  (cost=5.53..428.75 rows=107 width=125)
	  Recheck Cond: ((k >= 5670715) AND (k <= 5670815))
	  ->  Bitmap Index Scan on k_1  (cost=0.00..5.50 rows=107 width=0)
	        Index Cond: ((k >= 5670715) AND (k <= 5670815))

table 2 : explain SELECT k, c FROM sbtest2 WHERE k BETWEEN 5670715 AND 5670815
	Bitmap Heap Scan on sbtest2  (cost=5.45..397.25 rows=99 width=125)
	  Recheck Cond: ((k >= 5670715) AND (k <= 5670815))
	  ->  Bitmap Index Scan on k_2  (cost=0.00..5.42 rows=99 width=0)
	        Index Cond: ((k >= 5670715) AND (k <= 5670815))

table 3 : explain SELECT k, c FROM sbtest3 WHERE k BETWEEN 5670715 AND 5670815
	Bitmap Heap Scan on sbtest3  (cost=5.44..393.31 rows=98 width=125)
	  Recheck Cond: ((k >= 5670715) AND (k <= 5670815))
	  ->  Bitmap Index Scan on k_3  (cost=0.00..5.42 rows=98 width=0)
	        Index Cond: ((k >= 5670715) AND (k <= 5670815))

table 4 : explain SELECT k, c FROM sbtest4 WHERE k BETWEEN 5670715 AND 5670815
	Bitmap Heap Scan on sbtest4  (cost=5.44..393.31 rows=98 width=125)
	  Recheck Cond: ((k >= 5670715) AND (k <= 5670815))
	  ->  Bitmap Index Scan on k_4  (cost=0.00..5.42 rows=98 width=0)
	        Index Cond: ((k >= 5670715) AND (k <= 5670815))

table 5 : explain SELECT k, c FROM sbtest5 WHERE k BETWEEN 5670715 AND 5670815
	Bitmap Heap Scan on sbtest5  (cost=5.47..405.13 rows=101 width=125)
	  Recheck Cond: ((k >= 5670715) AND (k <= 5670815))
	  ->  Bitmap Index Scan on k_5  (cost=0.00..5.44 rows=101 width=0)
	        Index Cond: ((k >= 5670715) AND (k <= 5670815))

table 6 : explain SELECT k, c FROM sbtest6 WHERE k BETWEEN 5670715 AND 5670815
	Bitmap Heap Scan on sbtest6  (cost=5.56..440.56 rows=110 width=125)
	  Recheck Cond: ((k >= 5670715) AND (k <= 5670815))
	  ->  Bitmap Index Scan on k_6  (cost=0.00..5.53 rows=110 width=0)
	        Index Cond: ((k >= 5670715) AND (k <= 5670815))

table 7 : explain SELECT k, c FROM sbtest7 WHERE k BETWEEN 5670715 AND 5670815
	Bitmap Heap Scan on sbtest7  (cost=5.42..385.43 rows=96 width=125)
	  Recheck Cond: ((k >= 5670715) AND (k <= 5670815))
	  ->  Bitmap Index Scan on k_7  (cost=0.00..5.39 rows=96 width=0)
	        Index Cond: ((k >= 5670715) AND (k <= 5670815))

table 8 : explain SELECT k, c FROM sbtest8 WHERE k BETWEEN 5670715 AND 5670815
	Bitmap Heap Scan on sbtest8  (cost=5.48..409.07 rows=102 width=125)
	  Recheck Cond: ((k >= 5670715) AND (k <= 5670815))
	  ->  Bitmap Index Scan on k_8  (cost=0.00..5.45 rows=102 width=0)
	        Index Cond: ((k >= 5670715) AND (k <= 5670815))

for range-notcovered
table 1 : explain SELECT k, c FROM sbtest1 WHERE k BETWEEN 1501718 AND 1501818
	Bitmap Heap Scan on sbtest1  (cost=5.44..393.31 rows=98 width=125)
	  Recheck Cond: ((k >= 1501718) AND (k <= 1501818))
	  ->  Bitmap Index Scan on k_1  (cost=0.00..5.42 rows=98 width=0)
	        Index Cond: ((k >= 1501718) AND (k <= 1501818))

table 2 : explain SELECT k, c FROM sbtest2 WHERE k BETWEEN 1501718 AND 1501818
	Bitmap Heap Scan on sbtest2  (cost=5.53..428.75 rows=107 width=125)
	  Recheck Cond: ((k >= 1501718) AND (k <= 1501818))
	  ->  Bitmap Index Scan on k_2  (cost=0.00..5.50 rows=107 width=0)
	        Index Cond: ((k >= 1501718) AND (k <= 1501818))

table 3 : explain SELECT k, c FROM sbtest3 WHERE k BETWEEN 1501718 AND 1501818
	Bitmap Heap Scan on sbtest3  (cost=5.57..444.49 rows=111 width=125)
	  Recheck Cond: ((k >= 1501718) AND (k <= 1501818))
	  ->  Bitmap Index Scan on k_3  (cost=0.00..5.54 rows=111 width=0)
	        Index Cond: ((k >= 1501718) AND (k <= 1501818))

table 4 : explain SELECT k, c FROM sbtest4 WHERE k BETWEEN 1501718 AND 1501818
	Bitmap Heap Scan on sbtest4  (cost=5.43..389.37 rows=97 width=125)
	  Recheck Cond: ((k >= 1501718) AND (k <= 1501818))
	  ->  Bitmap Index Scan on k_4  (cost=0.00..5.40 rows=97 width=0)
	        Index Cond: ((k >= 1501718) AND (k <= 1501818))

table 5 : explain SELECT k, c FROM sbtest5 WHERE k BETWEEN 1501718 AND 1501818
	Bitmap Heap Scan on sbtest5  (cost=5.50..416.94 rows=104 width=125)
	  Recheck Cond: ((k >= 1501718) AND (k <= 1501818))
	  ->  Bitmap Index Scan on k_5  (cost=0.00..5.47 rows=104 width=0)
	        Index Cond: ((k >= 1501718) AND (k <= 1501818))

table 6 : explain SELECT k, c FROM sbtest6 WHERE k BETWEEN 1501718 AND 1501818
	Bitmap Heap Scan on sbtest6  (cost=5.42..385.43 rows=96 width=125)
	  Recheck Cond: ((k >= 1501718) AND (k <= 1501818))
	  ->  Bitmap Index Scan on k_6  (cost=0.00..5.39 rows=96 width=0)
	        Index Cond: ((k >= 1501718) AND (k <= 1501818))

table 7 : explain SELECT k, c FROM sbtest7 WHERE k BETWEEN 1501718 AND 1501818
	Bitmap Heap Scan on sbtest7  (cost=5.45..397.25 rows=99 width=125)
	  Recheck Cond: ((k >= 1501718) AND (k <= 1501818))
	  ->  Bitmap Index Scan on k_7  (cost=0.00..5.42 rows=99 width=0)
	        Index Cond: ((k >= 1501718) AND (k <= 1501818))

table 8 : explain SELECT k, c FROM sbtest8 WHERE k BETWEEN 1501718 AND 1501818
	Bitmap Heap Scan on sbtest8  (cost=5.50..416.94 rows=104 width=125)
	  Recheck Cond: ((k >= 1501718) AND (k <= 1501818))
	  ->  Bitmap Index Scan on k_8  (cost=0.00..5.47 rows=104 width=0)
	        Index Cond: ((k >= 1501718) AND (k <= 1501818))

explain: for range-notcovered :: explain SELECT k, c FROM sbtest%d WHERE k BETWEEN 5783936 AND 5784036
explain: for range-notcovered :: explain SELECT k, c FROM sbtest%d WHERE k BETWEEN 5670715 AND 5670815
explain: for range-notcovered :: explain SELECT k, c FROM sbtest%d WHERE k BETWEEN 6006776 AND 6006876
for range-notcovered
table 1 : explain SELECT k, c FROM sbtest1 WHERE k BETWEEN 5737776 AND 5737876
	Bitmap Heap Scan on sbtest1  (cost=5.52..424.81 rows=106 width=125)
	  Recheck Cond: ((k >= 5737776) AND (k <= 5737876))
	  ->  Bitmap Index Scan on k_1  (cost=0.00..5.50 rows=106 width=0)
	        Index Cond: ((k >= 5737776) AND (k <= 5737876))

table 2 : explain SELECT k, c FROM sbtest2 WHERE k BETWEEN 5737776 AND 5737876
	Bitmap Heap Scan on sbtest2  (cost=5.45..397.25 rows=99 width=125)
	  Recheck Cond: ((k >= 5737776) AND (k <= 5737876))
	  ->  Bitmap Index Scan on k_2  (cost=0.00..5.42 rows=99 width=0)
	        Index Cond: ((k >= 5737776) AND (k <= 5737876))

table 3 : explain SELECT k, c FROM sbtest3 WHERE k BETWEEN 5737776 AND 5737876
	Bitmap Heap Scan on sbtest3  (cost=5.44..393.31 rows=98 width=125)
	  Recheck Cond: ((k >= 5737776) AND (k <= 5737876))
	  ->  Bitmap Index Scan on k_3  (cost=0.00..5.42 rows=98 width=0)
	        Index Cond: ((k >= 5737776) AND (k <= 5737876))

table 4 : explain SELECT k, c FROM sbtest4 WHERE k BETWEEN 5737776 AND 5737876
	Bitmap Heap Scan on sbtest4  (cost=5.47..405.13 rows=101 width=125)
	  Recheck Cond: ((k >= 5737776) AND (k <= 5737876))
	  ->  Bitmap Index Scan on k_4  (cost=0.00..5.44 rows=101 width=0)
	        Index Cond: ((k >= 5737776) AND (k <= 5737876))

table 5 : explain SELECT k, c FROM sbtest5 WHERE k BETWEEN 5737776 AND 5737876
	Bitmap Heap Scan on sbtest5  (cost=5.49..413.00 rows=103 width=125)
	  Recheck Cond: ((k >= 5737776) AND (k <= 5737876))
	  ->  Bitmap Index Scan on k_5  (cost=0.00..5.46 rows=103 width=0)
	        Index Cond: ((k >= 5737776) AND (k <= 5737876))

table 6 : explain SELECT k, c FROM sbtest6 WHERE k BETWEEN 5737776 AND 5737876
	Bitmap Heap Scan on sbtest6  (cost=5.56..440.56 rows=110 width=125)
	  Recheck Cond: ((k >= 5737776) AND (k <= 5737876))
	  ->  Bitmap Index Scan on k_6  (cost=0.00..5.53 rows=110 width=0)
	        Index Cond: ((k >= 5737776) AND (k <= 5737876))

table 7 : explain SELECT k, c FROM sbtest7 WHERE k BETWEEN 5737776 AND 5737876
	Bitmap Heap Scan on sbtest7  (cost=5.42..385.43 rows=96 width=125)
	  Recheck Cond: ((k >= 5737776) AND (k <= 5737876))
	  ->  Bitmap Index Scan on k_7  (cost=0.00..5.39 rows=96 width=0)
	        Index Cond: ((k >= 5737776) AND (k <= 5737876))

table 8 : explain SELECT k, c FROM sbtest8 WHERE k BETWEEN 5737776 AND 5737876
	Bitmap Heap Scan on sbtest8  (cost=5.52..424.81 rows=106 width=125)
	  Recheck Cond: ((k >= 5737776) AND (k <= 5737876))
	  ->  Bitmap Index Scan on k_8  (cost=0.00..5.50 rows=106 width=0)
	        Index Cond: ((k >= 5737776) AND (k <= 5737876))

explain: for range-notcovered :: explain SELECT k, c FROM sbtest%d WHERE k BETWEEN 5737776 AND 5737876
for range-notcovered
table 1 : explain SELECT k, c FROM sbtest1 WHERE k BETWEEN 4802221 AND 4802321
	Bitmap Heap Scan on sbtest1  (cost=5.41..381.49 rows=95 width=125)
	  Recheck Cond: ((k >= 4802221) AND (k <= 4802321))
	  ->  Bitmap Index Scan on k_1  (cost=0.00..5.38 rows=95 width=0)
	        Index Cond: ((k >= 4802221) AND (k <= 4802321))

table 2 : explain SELECT k, c FROM sbtest2 WHERE k BETWEEN 4802221 AND 4802321
	Bitmap Heap Scan on sbtest2  (cost=5.44..393.31 rows=98 width=125)
	  Recheck Cond: ((k >= 4802221) AND (k <= 4802321))
	  ->  Bitmap Index Scan on k_2  (cost=0.00..5.42 rows=98 width=0)
	        Index Cond: ((k >= 4802221) AND (k <= 4802321))

table 3 : explain SELECT k, c FROM sbtest3 WHERE k BETWEEN 4802221 AND 4802321
	Bitmap Heap Scan on sbtest3  (cost=5.50..416.94 rows=104 width=125)
	  Recheck Cond: ((k >= 4802221) AND (k <= 4802321))
	  ->  Bitmap Index Scan on k_3  (cost=0.00..5.47 rows=104 width=0)
	        Index Cond: ((k >= 4802221) AND (k <= 4802321))

table 4 : explain SELECT k, c FROM sbtest4 WHERE k BETWEEN 4802221 AND 4802321
	Bitmap Heap Scan on sbtest4  (cost=5.43..389.37 rows=97 width=125)
	  Recheck Cond: ((k >= 4802221) AND (k <= 4802321))
	  ->  Bitmap Index Scan on k_4  (cost=0.00..5.40 rows=97 width=0)
	        Index Cond: ((k >= 4802221) AND (k <= 4802321))

table 5 : explain SELECT k, c FROM sbtest5 WHERE k BETWEEN 4802221 AND 4802321
	Bitmap Heap Scan on sbtest5  (cost=5.52..424.81 rows=106 width=125)
	  Recheck Cond: ((k >= 4802221) AND (k <= 4802321))
	  ->  Bitmap Index Scan on k_5  (cost=0.00..5.50 rows=106 width=0)
	        Index Cond: ((k >= 4802221) AND (k <= 4802321))

table 6 : explain SELECT k, c FROM sbtest6 WHERE k BETWEEN 4802221 AND 4802321
	Bitmap Heap Scan on sbtest6  (cost=5.46..401.19 rows=100 width=125)
	  Recheck Cond: ((k >= 4802221) AND (k <= 4802321))
	  ->  Bitmap Index Scan on k_6  (cost=0.00..5.43 rows=100 width=0)
	        Index Cond: ((k >= 4802221) AND (k <= 4802321))

table 7 : explain SELECT k, c FROM sbtest7 WHERE k BETWEEN 4802221 AND 4802321
	Bitmap Heap Scan on sbtest7  (cost=5.43..389.37 rows=97 width=125)
	  Recheck Cond: ((k >= 4802221) AND (k <= 4802321))
	  ->  Bitmap Index Scan on k_7  (cost=0.00..5.40 rows=97 width=0)
	        Index Cond: ((k >= 4802221) AND (k <= 4802321))

table 8 : explain SELECT k, c FROM sbtest8 WHERE k BETWEEN 4802221 AND 4802321
	Bitmap Heap Scan on sbtest8  (cost=5.53..428.75 rows=107 width=125)
	  Recheck Cond: ((k >= 4802221) AND (k <= 4802321))
	  ->  Bitmap Index Scan on k_8  (cost=0.00..5.50 rows=107 width=0)
	        Index Cond: ((k >= 4802221) AND (k <= 4802321))

for range-notcovered
table 1 : explain SELECT k, c FROM sbtest1 WHERE k BETWEEN 6161700 AND 6161800
	Bitmap Heap Scan on sbtest1  (cost=5.46..401.19 rows=100 width=125)
	  Recheck Cond: ((k >= 6161700) AND (k <= 6161800))
	  ->  Bitmap Index Scan on k_1  (cost=0.00..5.43 rows=100 width=0)
	        Index Cond: ((k >= 6161700) AND (k <= 6161800))

table 2 : explain SELECT k, c FROM sbtest2 WHERE k BETWEEN 6161700 AND 6161800
	Bitmap Heap Scan on sbtest2  (cost=5.46..401.19 rows=100 width=125)
	  Recheck Cond: ((k >= 6161700) AND (k <= 6161800))
	  ->  Bitmap Index Scan on k_2  (cost=0.00..5.43 rows=100 width=0)
	        Index Cond: ((k >= 6161700) AND (k <= 6161800))

table 3 : explain SELECT k, c FROM sbtest3 WHERE k BETWEEN 6161700 AND 6161800
	Bitmap Heap Scan on sbtest3  (cost=5.54..432.69 rows=108 width=125)
	  Recheck Cond: ((k >= 6161700) AND (k <= 6161800))
	  ->  Bitmap Index Scan on k_3  (cost=0.00..5.51 rows=108 width=0)
	        Index Cond: ((k >= 6161700) AND (k <= 6161800))

table 4 : explain SELECT k, c FROM sbtest4 WHERE k BETWEEN 6161700 AND 6161800
	Bitmap Heap Scan on sbtest4  (cost=5.54..432.69 rows=108 width=125)
	  Recheck Cond: ((k >= 6161700) AND (k <= 6161800))
	  ->  Bitmap Index Scan on k_4  (cost=0.00..5.51 rows=108 width=0)
	        Index Cond: ((k >= 6161700) AND (k <= 6161800))

table 5 : explain SELECT k, c FROM sbtest5 WHERE k BETWEEN 6161700 AND 6161800
	Bitmap Heap Scan on sbtest5  (cost=5.47..405.13 rows=101 width=125)
	  Recheck Cond: ((k >= 6161700) AND (k <= 6161800))
	  ->  Bitmap Index Scan on k_5  (cost=0.00..5.44 rows=101 width=0)
	        Index Cond: ((k >= 6161700) AND (k <= 6161800))

table 6 : explain SELECT k, c FROM sbtest6 WHERE k BETWEEN 6161700 AND 6161800
	Bitmap Heap Scan on sbtest6  (cost=5.45..397.25 rows=99 width=125)
	  Recheck Cond: ((k >= 6161700) AND (k <= 6161800))
	  ->  Bitmap Index Scan on k_6  (cost=0.00..5.42 rows=99 width=0)
	        Index Cond: ((k >= 6161700) AND (k <= 6161800))

table 7 : explain SELECT k, c FROM sbtest7 WHERE k BETWEEN 6161700 AND 6161800
	Bitmap Heap Scan on sbtest7  (cost=5.39..373.61 rows=93 width=125)
	  Recheck Cond: ((k >= 6161700) AND (k <= 6161800))
	  ->  Bitmap Index Scan on k_7  (cost=0.00..5.36 rows=93 width=0)
	        Index Cond: ((k >= 6161700) AND (k <= 6161800))

table 8 : explain SELECT k, c FROM sbtest8 WHERE k BETWEEN 6161700 AND 6161800
	Bitmap Heap Scan on sbtest8  (cost=5.46..401.19 rows=100 width=125)
	  Recheck Cond: ((k >= 6161700) AND (k <= 6161800))
	  ->  Bitmap Index Scan on k_8  (cost=0.00..5.43 rows=100 width=0)
	        Index Cond: ((k >= 6161700) AND (k <= 6161800))

explain: for range-notcovered :: explain SELECT k, c FROM sbtest%d WHERE k BETWEEN 4802221 AND 4802321
explain: for range-notcovered :: explain SELECT k, c FROM sbtest%d WHERE k BETWEEN 6161700 AND 6161800
for range-notcovered
table 1 : explain SELECT k, c FROM sbtest1 WHERE k BETWEEN 5783936 AND 5784036
	Bitmap Heap Scan on sbtest1  (cost=5.52..424.81 rows=106 width=125)
	  Recheck Cond: ((k >= 5783936) AND (k <= 5784036))
	  ->  Bitmap Index Scan on k_1  (cost=0.00..5.50 rows=106 width=0)
	        Index Cond: ((k >= 5783936) AND (k <= 5784036))

table 2 : explain SELECT k, c FROM sbtest2 WHERE k BETWEEN 5783936 AND 5784036
	Bitmap Heap Scan on sbtest2  (cost=5.45..397.25 rows=99 width=125)
	  Recheck Cond: ((k >= 5783936) AND (k <= 5784036))
	  ->  Bitmap Index Scan on k_2  (cost=0.00..5.42 rows=99 width=0)
	        Index Cond: ((k >= 5783936) AND (k <= 5784036))

table 3 : explain SELECT k, c FROM sbtest3 WHERE k BETWEEN 5783936 AND 5784036
	Bitmap Heap Scan on sbtest3  (cost=5.38..369.67 rows=92 width=125)
	  Recheck Cond: ((k >= 5783936) AND (k <= 5784036))
	  ->  Bitmap Index Scan on k_3  (cost=0.00..5.35 rows=92 width=0)
	        Index Cond: ((k >= 5783936) AND (k <= 5784036))

table 4 : explain SELECT k, c FROM sbtest4 WHERE k BETWEEN 5783936 AND 5784036
	Bitmap Heap Scan on sbtest4  (cost=5.47..405.13 rows=101 width=125)
	  Recheck Cond: ((k >= 5783936) AND (k <= 5784036))
	  ->  Bitmap Index Scan on k_4  (cost=0.00..5.44 rows=101 width=0)
	        Index Cond: ((k >= 5783936) AND (k <= 5784036))

table 5 : explain SELECT k, c FROM sbtest5 WHERE k BETWEEN 5783936 AND 5784036
	Bitmap Heap Scan on sbtest5  (cost=5.49..413.00 rows=103 width=125)
	  Recheck Cond: ((k >= 5783936) AND (k <= 5784036))
	  ->  Bitmap Index Scan on k_5  (cost=0.00..5.46 rows=103 width=0)
	        Index Cond: ((k >= 5783936) AND (k <= 5784036))

table 6 : explain SELECT k, c FROM sbtest6 WHERE k BETWEEN 5783936 AND 5784036
	Bitmap Heap Scan on sbtest6  (cost=5.47..405.13 rows=101 width=125)
	  Recheck Cond: ((k >= 5783936) AND (k <= 5784036))
	  ->  Bitmap Index Scan on k_6  (cost=0.00..5.44 rows=101 width=0)
	        Index Cond: ((k >= 5783936) AND (k <= 5784036))

table 7 : explain SELECT k, c FROM sbtest7 WHERE k BETWEEN 5783936 AND 5784036
	Bitmap Heap Scan on sbtest7  (cost=5.40..377.55 rows=94 width=125)
	  Recheck Cond: ((k >= 5783936) AND (k <= 5784036))
	  ->  Bitmap Index Scan on k_7  (cost=0.00..5.38 rows=94 width=0)
	        Index Cond: ((k >= 5783936) AND (k <= 5784036))

table 8 : explain SELECT k, c FROM sbtest8 WHERE k BETWEEN 5783936 AND 5784036
	Bitmap Heap Scan on sbtest8  (cost=5.48..409.07 rows=102 width=125)
	  Recheck Cond: ((k >= 5783936) AND (k <= 5784036))
	  ->  Bitmap Index Scan on k_8  (cost=0.00..5.45 rows=102 width=0)
	        Index Cond: ((k >= 5783936) AND (k <= 5784036))

explain: for range-notcovered :: explain SELECT k, c FROM sbtest%d WHERE k BETWEEN 5783936 AND 5784036
explain: for range-notcovered :: explain SELECT k, c FROM sbtest%d WHERE k BETWEEN 1501718 AND 1501818
for range-notcovered
table 1 : explain SELECT k, c FROM sbtest1 WHERE k BETWEEN 7765389 AND 7765489
	Bitmap Heap Scan on sbtest1  (cost=5.42..385.43 rows=96 width=125)
	  Recheck Cond: ((k >= 7765389) AND (k <= 7765489))
	  ->  Bitmap Index Scan on k_1  (cost=0.00..5.39 rows=96 width=0)
	        Index Cond: ((k >= 7765389) AND (k <= 7765489))

table 2 : explain SELECT k, c FROM sbtest2 WHERE k BETWEEN 7765389 AND 7765489
	Bitmap Heap Scan on sbtest2  (cost=5.57..444.49 rows=111 width=125)
	  Recheck Cond: ((k >= 7765389) AND (k <= 7765489))
	  ->  Bitmap Index Scan on k_2  (cost=0.00..5.54 rows=111 width=0)
	        Index Cond: ((k >= 7765389) AND (k <= 7765489))

table 3 : explain SELECT k, c FROM sbtest3 WHERE k BETWEEN 7765389 AND 7765489
	Bitmap Heap Scan on sbtest3  (cost=5.46..401.19 rows=100 width=125)
	  Recheck Cond: ((k >= 7765389) AND (k <= 7765489))
	  ->  Bitmap Index Scan on k_3  (cost=0.00..5.43 rows=100 width=0)
	        Index Cond: ((k >= 7765389) AND (k <= 7765489))

table 4 : explain SELECT k, c FROM sbtest4 WHERE k BETWEEN 7765389 AND 7765489
	Bitmap Heap Scan on sbtest4  (cost=5.44..393.31 rows=98 width=125)
	  Recheck Cond: ((k >= 7765389) AND (k <= 7765489))
	  ->  Bitmap Index Scan on k_4  (cost=0.00..5.42 rows=98 width=0)
	        Index Cond: ((k >= 7765389) AND (k <= 7765489))

table 5 : explain SELECT k, c FROM sbtest5 WHERE k BETWEEN 7765389 AND 7765489
	Bitmap Heap Scan on sbtest5  (cost=5.43..389.37 rows=97 width=125)
	  Recheck Cond: ((k >= 7765389) AND (k <= 7765489))
	  ->  Bitmap Index Scan on k_5  (cost=0.00..5.40 rows=97 width=0)
	        Index Cond: ((k >= 7765389) AND (k <= 7765489))

table 6 : explain SELECT k, c FROM sbtest6 WHERE k BETWEEN 7765389 AND 7765489
	Bitmap Heap Scan on sbtest6  (cost=5.52..424.81 rows=106 width=125)
	  Recheck Cond: ((k >= 7765389) AND (k <= 7765489))
	  ->  Bitmap Index Scan on k_6  (cost=0.00..5.50 rows=106 width=0)
	        Index Cond: ((k >= 7765389) AND (k <= 7765489))

table 7 : explain SELECT k, c FROM sbtest7 WHERE k BETWEEN 7765389 AND 7765489
	Bitmap Heap Scan on sbtest7  (cost=5.51..420.88 rows=105 width=125)
	  Recheck Cond: ((k >= 7765389) AND (k <= 7765489))
	  ->  Bitmap Index Scan on k_7  (cost=0.00..5.48 rows=105 width=0)
	        Index Cond: ((k >= 7765389) AND (k <= 7765489))

table 8 : explain SELECT k, c FROM sbtest8 WHERE k BETWEEN 7765389 AND 7765489
	Bitmap Heap Scan on sbtest8  (cost=5.50..416.94 rows=104 width=125)
	  Recheck Cond: ((k >= 7765389) AND (k <= 7765489))
	  ->  Bitmap Index Scan on k_8  (cost=0.00..5.47 rows=104 width=0)
	        Index Cond: ((k >= 7765389) AND (k <= 7765489))

for range-notcovered
table 1 : explain SELECT k, c FROM sbtest1 WHERE k BETWEEN 3319001 AND 3319101
	Bitmap Heap Scan on sbtest1  (cost=5.53..428.75 rows=107 width=125)
	  Recheck Cond: ((k >= 3319001) AND (k <= 3319101))
	  ->  Bitmap Index Scan on k_1  (cost=0.00..5.50 rows=107 width=0)
	        Index Cond: ((k >= 3319001) AND (k <= 3319101))

table 2 : explain SELECT k, c FROM sbtest2 WHERE k BETWEEN 3319001 AND 3319101
	Bitmap Heap Scan on sbtest2  (cost=5.47..405.13 rows=101 width=125)
	  Recheck Cond: ((k >= 3319001) AND (k <= 3319101))
	  ->  Bitmap Index Scan on k_2  (cost=0.00..5.44 rows=101 width=0)
	        Index Cond: ((k >= 3319001) AND (k <= 3319101))

table 3 : explain SELECT k, c FROM sbtest3 WHERE k BETWEEN 3319001 AND 3319101
	Bitmap Heap Scan on sbtest3  (cost=5.54..432.69 rows=108 width=125)
	  Recheck Cond: ((k >= 3319001) AND (k <= 3319101))
	  ->  Bitmap Index Scan on k_3  (cost=0.00..5.51 rows=108 width=0)
	        Index Cond: ((k >= 3319001) AND (k <= 3319101))

table 4 : explain SELECT k, c FROM sbtest4 WHERE k BETWEEN 3319001 AND 3319101
	Bitmap Heap Scan on sbtest4  (cost=5.48..409.07 rows=102 width=125)
	  Recheck Cond: ((k >= 3319001) AND (k <= 3319101))
	  ->  Bitmap Index Scan on k_4  (cost=0.00..5.45 rows=102 width=0)
	        Index Cond: ((k >= 3319001) AND (k <= 3319101))

table 5 : explain SELECT k, c FROM sbtest5 WHERE k BETWEEN 3319001 AND 3319101
	Bitmap Heap Scan on sbtest5  (cost=5.53..428.75 rows=107 width=125)
	  Recheck Cond: ((k >= 3319001) AND (k <= 3319101))
	  ->  Bitmap Index Scan on k_5  (cost=0.00..5.50 rows=107 width=0)
	        Index Cond: ((k >= 3319001) AND (k <= 3319101))

table 6 : explain SELECT k, c FROM sbtest6 WHERE k BETWEEN 3319001 AND 3319101
	Bitmap Heap Scan on sbtest6  (cost=5.44..393.31 rows=98 width=125)
	  Recheck Cond: ((k >= 3319001) AND (k <= 3319101))
	  ->  Bitmap Index Scan on k_6  (cost=0.00..5.42 rows=98 width=0)
	        Index Cond: ((k >= 3319001) AND (k <= 3319101))

table 7 : explain SELECT k, c FROM sbtest7 WHERE k BETWEEN 3319001 AND 3319101
	Bitmap Heap Scan on sbtest7  (cost=5.50..416.94 rows=104 width=125)
	  Recheck Cond: ((k >= 3319001) AND (k <= 3319101))
	  ->  Bitmap Index Scan on k_7  (cost=0.00..5.47 rows=104 width=0)
	        Index Cond: ((k >= 3319001) AND (k <= 3319101))

table 8 : explain SELECT k, c FROM sbtest8 WHERE k BETWEEN 3319001 AND 3319101
	Bitmap Heap Scan on sbtest8  (cost=5.48..409.07 rows=102 width=125)
	  Recheck Cond: ((k >= 3319001) AND (k <= 3319101))
	  ->  Bitmap Index Scan on k_8  (cost=0.00..5.45 rows=102 width=0)
	        Index Cond: ((k >= 3319001) AND (k <= 3319101))
for range-notcovered
table 1 : explain SELECT k, c FROM sbtest1 WHERE k BETWEEN 4929683 AND 4929783
	Bitmap Heap Scan on sbtest1  (cost=5.52..424.81 rows=106 width=125)
	  Recheck Cond: ((k >= 4929683) AND (k <= 4929783))
	  ->  Bitmap Index Scan on k_1  (cost=0.00..5.50 rows=106 width=0)
	        Index Cond: ((k >= 4929683) AND (k <= 4929783))

table 2 : explain SELECT k, c FROM sbtest2 WHERE k BETWEEN 4929683 AND 4929783
	Bitmap Heap Scan on sbtest2  (cost=5.40..377.55 rows=94 width=125)
	  Recheck Cond: ((k >= 4929683) AND (k <= 4929783))
	  ->  Bitmap Index Scan on k_2  (cost=0.00..5.38 rows=94 width=0)
	        Index Cond: ((k >= 4929683) AND (k <= 4929783))

table 3 : explain SELECT k, c FROM sbtest3 WHERE k BETWEEN 4929683 AND 4929783
	Bitmap Heap Scan on sbtest3  (cost=5.53..428.75 rows=107 width=125)
	  Recheck Cond: ((k >= 4929683) AND (k <= 4929783))
	  ->  Bitmap Index Scan on k_3  (cost=0.00..5.50 rows=107 width=0)
	        Index Cond: ((k >= 4929683) AND (k <= 4929783))

table 4 : explain SELECT k, c FROM sbtest4 WHERE k BETWEEN 4929683 AND 4929783
	Bitmap Heap Scan on sbtest4  (cost=5.49..413.00 rows=103 width=125)
	  Recheck Cond: ((k >= 4929683) AND (k <= 4929783))
	  ->  Bitmap Index Scan on k_4  (cost=0.00..5.46 rows=103 width=0)
	        Index Cond: ((k >= 4929683) AND (k <= 4929783))

table 5 : explain SELECT k, c FROM sbtest5 WHERE k BETWEEN 4929683 AND 4929783
	Bitmap Heap Scan on sbtest5  (cost=5.48..409.07 rows=102 width=125)
	  Recheck Cond: ((k >= 4929683) AND (k <= 4929783))
	  ->  Bitmap Index Scan on k_5  (cost=0.00..5.45 rows=102 width=0)
	        Index Cond: ((k >= 4929683) AND (k <= 4929783))

table 6 : explain SELECT k, c FROM sbtest6 WHERE k BETWEEN 4929683 AND 4929783
	Bitmap Heap Scan on sbtest6  (cost=5.40..377.55 rows=94 width=125)
	  Recheck Cond: ((k >= 4929683) AND (k <= 4929783))
	  ->  Bitmap Index Scan on k_6  (cost=0.00..5.38 rows=94 width=0)
	        Index Cond: ((k >= 4929683) AND (k <= 4929783))

table 7 : explain SELECT k, c FROM sbtest7 WHERE k BETWEEN 4929683 AND 4929783
	Bitmap Heap Scan on sbtest7  (cost=5.43..389.37 rows=97 width=125)
	  Recheck Cond: ((k >= 4929683) AND (k <= 4929783))
	  ->  Bitmap Index Scan on k_7  (cost=0.00..5.40 rows=97 width=0)
	        Index Cond: ((k >= 4929683) AND (k <= 4929783))

table 8 : explain SELECT k, c FROM sbtest8 WHERE k BETWEEN 4929683 AND 4929783
	Bitmap Heap Scan on sbtest8  (cost=5.42..385.43 rows=96 width=125)
	  Recheck Cond: ((k >= 4929683) AND (k <= 4929783))
	  ->  Bitmap Index Scan on k_8  (cost=0.00..5.39 rows=96 width=0)
	        Index Cond: ((k >= 4929683) AND (k <= 4929783))
for range-notcovered
table 1 : explain SELECT k, c FROM sbtest1 WHERE k BETWEEN 5737776 AND 5737876
	Bitmap Heap Scan on sbtest1  (cost=5.52..424.81 rows=106 width=125)
	  Recheck Cond: ((k >= 5737776) AND (k <= 5737876))
	  ->  Bitmap Index Scan on k_1  (cost=0.00..5.50 rows=106 width=0)
	        Index Cond: ((k >= 5737776) AND (k <= 5737876))

table 2 : explain SELECT k, c FROM sbtest2 WHERE k BETWEEN 5737776 AND 5737876
	Bitmap Heap Scan on sbtest2  (cost=5.45..397.25 rows=99 width=125)
	  Recheck Cond: ((k >= 5737776) AND (k <= 5737876))
	  ->  Bitmap Index Scan on k_2  (cost=0.00..5.42 rows=99 width=0)
	        Index Cond: ((k >= 5737776) AND (k <= 5737876))

table 3 : explain SELECT k, c FROM sbtest3 WHERE k BETWEEN 5737776 AND 5737876
	Bitmap Heap Scan on sbtest3  (cost=5.44..393.31 rows=98 width=125)
	  Recheck Cond: ((k >= 5737776) AND (k <= 5737876))
	  ->  Bitmap Index Scan on k_3  (cost=0.00..5.42 rows=98 width=0)
	        Index Cond: ((k >= 5737776) AND (k <= 5737876))

table 4 : explain SELECT k, c FROM sbtest4 WHERE k BETWEEN 5737776 AND 5737876
	Bitmap Heap Scan on sbtest4  (cost=5.47..405.13 rows=101 width=125)
	  Recheck Cond: ((k >= 5737776) AND (k <= 5737876))
	  ->  Bitmap Index Scan on k_4  (cost=0.00..5.44 rows=101 width=0)
	        Index Cond: ((k >= 5737776) AND (k <= 5737876))

table 5 : explain SELECT k, c FROM sbtest5 WHERE k BETWEEN 5737776 AND 5737876
	Bitmap Heap Scan on sbtest5  (cost=5.49..413.00 rows=103 width=125)
	  Recheck Cond: ((k >= 5737776) AND (k <= 5737876))
	  ->  Bitmap Index Scan on k_5  (cost=0.00..5.46 rows=103 width=0)
	        Index Cond: ((k >= 5737776) AND (k <= 5737876))

table 6 : explain SELECT k, c FROM sbtest6 WHERE k BETWEEN 5737776 AND 5737876
	Bitmap Heap Scan on sbtest6  (cost=5.56..440.56 rows=110 width=125)
	  Recheck Cond: ((k >= 5737776) AND (k <= 5737876))
	  ->  Bitmap Index Scan on k_6  (cost=0.00..5.53 rows=110 width=0)
	        Index Cond: ((k >= 5737776) AND (k <= 5737876))

table 7 : explain SELECT k, c FROM sbtest7 WHERE k BETWEEN 5737776 AND 5737876
	Bitmap Heap Scan on sbtest7  (cost=5.42..385.43 rows=96 width=125)
	  Recheck Cond: ((k >= 5737776) AND (k <= 5737876))
	  ->  Bitmap Index Scan on k_7  (cost=0.00..5.39 rows=96 width=0)
	        Index Cond: ((k >= 5737776) AND (k <= 5737876))

table 8 : explain SELECT k, c FROM sbtest8 WHERE k BETWEEN 5737776 AND 5737876
	Bitmap Heap Scan on sbtest8  (cost=5.52..424.81 rows=106 width=125)
	  Recheck Cond: ((k >= 5737776) AND (k <= 5737876))
	  ->  Bitmap Index Scan on k_8  (cost=0.00..5.50 rows=106 width=0)
	        Index Cond: ((k >= 5737776) AND (k <= 5737876))



explain: for range-notcovered :: explain SELECT k, c FROM sbtest%d WHERE k BETWEEN 3319001 AND 3319101
for range-notcovered
table 1 : explain SELECT k, c FROM sbtest1 WHERE k BETWEEN 9064660 AND 9064760
	Bitmap Heap Scan on sbtest1  (cost=5.47..405.13 rows=101 width=125)
	  Recheck Cond: ((k >= 9064660) AND (k <= 9064760))
	  ->  Bitmap Index Scan on k_1  (cost=0.00..5.44 rows=101 width=0)
	        Index Cond: ((k >= 9064660) AND (k <= 9064760))

table 2 : explain SELECT k, c FROM sbtest2 WHERE k BETWEEN 9064660 AND 9064760
	Bitmap Heap Scan on sbtest2  (cost=5.36..361.78 rows=90 width=125)
	  Recheck Cond: ((k >= 9064660) AND (k <= 9064760))
	  ->  Bitmap Index Scan on k_2  (cost=0.00..5.33 rows=90 width=0)
	        Index Cond: ((k >= 9064660) AND (k <= 9064760))

table 3 : explain SELECT k, c FROM sbtest3 WHERE k BETWEEN 9064660 AND 9064760
	Bitmap Heap Scan on sbtest3  (cost=5.53..428.75 rows=107 width=125)
	  Recheck Cond: ((k >= 9064660) AND (k <= 9064760))
	  ->  Bitmap Index Scan on k_3  (cost=0.00..5.50 rows=107 width=0)
	        Index Cond: ((k >= 9064660) AND (k <= 9064760))

table 4 : explain SELECT k, c FROM sbtest4 WHERE k BETWEEN 9064660 AND 9064760
	Bitmap Heap Scan on sbtest4  (cost=5.49..413.00 rows=103 width=125)
	  Recheck Cond: ((k >= 9064660) AND (k <= 9064760))
	  ->  Bitmap Index Scan on k_4  (cost=0.00..5.46 rows=103 width=0)
	        Index Cond: ((k >= 9064660) AND (k <= 9064760))

table 5 : explain SELECT k, c FROM sbtest5 WHERE k BETWEEN 9064660 AND 9064760
	Bitmap Heap Scan on sbtest5  (cost=5.41..381.49 rows=95 width=125)
	  Recheck Cond: ((k >= 9064660) AND (k <= 9064760))
	  ->  Bitmap Index Scan on k_5  (cost=0.00..5.38 rows=95 width=0)
	        Index Cond: ((k >= 9064660) AND (k <= 9064760))

table 6 : explain SELECT k, c FROM sbtest6 WHERE k BETWEEN 9064660 AND 9064760
	Bitmap Heap Scan on sbtest6  (cost=5.43..389.37 rows=97 width=125)
	  Recheck Cond: ((k >= 9064660) AND (k <= 9064760))
	  ->  Bitmap Index Scan on k_6  (cost=0.00..5.40 rows=97 width=0)
	        Index Cond: ((k >= 9064660) AND (k <= 9064760))

table 7 : explain SELECT k, c FROM sbtest7 WHERE k BETWEEN 9064660 AND 9064760
	Bitmap Heap Scan on sbtest7  (cost=5.44..393.31 rows=98 width=125)
	  Recheck Cond: ((k >= 9064660) AND (k <= 9064760))
	  ->  Bitmap Index Scan on k_7  (cost=0.00..5.42 rows=98 width=0)
	        Index Cond: ((k >= 9064660) AND (k <= 9064760))

table 8 : explain SELECT k, c FROM sbtest8 WHERE k BETWEEN 9064660 AND 9064760
	Bitmap Heap Scan on sbtest8  (cost=5.48..409.07 rows=102 width=125)
	  Recheck Cond: ((k >= 9064660) AND (k <= 9064760))
	  ->  Bitmap Index Scan on k_8  (cost=0.00..5.45 rows=102 width=0)
	        Index Cond: ((k >= 9064660) AND (k <= 9064760))

explain: for range-notcovered :: explain SELECT k, c FROM sbtest%d WHERE k BETWEEN 4410452 AND 4410552
explain: for range-notcovered :: explain SELECT k, c FROM sbtest%d WHERE k BETWEEN 7513718 AND 7513818
explain: for range-notcovered :: explain SELECT k, c FROM sbtest%d WHERE k BETWEEN 4929683 AND 4929783
for range-notcovered
table 1 : explain SELECT k, c FROM sbtest1 WHERE k BETWEEN 4802221 AND 4802321
	Bitmap Heap Scan on sbtest1  (cost=5.41..381.49 rows=95 width=125)
	  Recheck Cond: ((k >= 4802221) AND (k <= 4802321))
	  ->  Bitmap Index Scan on k_1  (cost=0.00..5.38 rows=95 width=0)
	        Index Cond: ((k >= 4802221) AND (k <= 4802321))

table 2 : explain SELECT k, c FROM sbtest2 WHERE k BETWEEN 4802221 AND 4802321
	Bitmap Heap Scan on sbtest2  (cost=5.44..393.31 rows=98 width=125)
	  Recheck Cond: ((k >= 4802221) AND (k <= 4802321))
	  ->  Bitmap Index Scan on k_2  (cost=0.00..5.42 rows=98 width=0)
	        Index Cond: ((k >= 4802221) AND (k <= 4802321))

table 3 : explain SELECT k, c FROM sbtest3 WHERE k BETWEEN 4802221 AND 4802321
	Bitmap Heap Scan on sbtest3  (cost=5.50..416.94 rows=104 width=125)
	  Recheck Cond: ((k >= 4802221) AND (k <= 4802321))
	  ->  Bitmap Index Scan on k_3  (cost=0.00..5.47 rows=104 width=0)
	        Index Cond: ((k >= 4802221) AND (k <= 4802321))

table 4 : explain SELECT k, c FROM sbtest4 WHERE k BETWEEN 4802221 AND 4802321
	Bitmap Heap Scan on sbtest4  (cost=5.43..389.37 rows=97 width=125)
	  Recheck Cond: ((k >= 4802221) AND (k <= 4802321))
	  ->  Bitmap Index Scan on k_4  (cost=0.00..5.40 rows=97 width=0)
	        Index Cond: ((k >= 4802221) AND (k <= 4802321))

table 5 : explain SELECT k, c FROM sbtest5 WHERE k BETWEEN 4802221 AND 4802321
	Bitmap Heap Scan on sbtest5  (cost=5.52..424.81 rows=106 width=125)
	  Recheck Cond: ((k >= 4802221) AND (k <= 4802321))
	  ->  Bitmap Index Scan on k_5  (cost=0.00..5.50 rows=106 width=0)
	        Index Cond: ((k >= 4802221) AND (k <= 4802321))

table 6 : explain SELECT k, c FROM sbtest6 WHERE k BETWEEN 4802221 AND 4802321
	Bitmap Heap Scan on sbtest6  (cost=5.46..401.19 rows=100 width=125)
	  Recheck Cond: ((k >= 4802221) AND (k <= 4802321))
	  ->  Bitmap Index Scan on k_6  (cost=0.00..5.43 rows=100 width=0)
	        Index Cond: ((k >= 4802221) AND (k <= 4802321))

table 7 : explain SELECT k, c FROM sbtest7 WHERE k BETWEEN 4802221 AND 4802321
	Bitmap Heap Scan on sbtest7  (cost=5.43..389.37 rows=97 width=125)
	  Recheck Cond: ((k >= 4802221) AND (k <= 4802321))
	  ->  Bitmap Index Scan on k_7  (cost=0.00..5.40 rows=97 width=0)
	        Index Cond: ((k >= 4802221) AND (k <= 4802321))

table 8 : explain SELECT k, c FROM sbtest8 WHERE k BETWEEN 4802221 AND 4802321
	Bitmap Heap Scan on sbtest8  (cost=5.53..428.75 rows=107 width=125)
	  Recheck Cond: ((k >= 4802221) AND (k <= 4802321))
	  ->  Bitmap Index Scan on k_8  (cost=0.00..5.50 rows=107 width=0)
	        Index Cond: ((k >= 4802221) AND (k <= 4802321))

explain: for range-notcovered :: explain SELECT k, c FROM sbtest%d WHERE k BETWEEN 9064660 AND 9064760
explain: for range-notcovered :: explain SELECT k, c FROM sbtest%d WHERE k BETWEEN 4802221 AND 4802321
for range-notcovered
table 1 : explain SELECT k, c FROM sbtest1 WHERE k BETWEEN 6161700 AND 6161800
	Bitmap Heap Scan on sbtest1  (cost=5.46..401.19 rows=100 width=125)
	  Recheck Cond: ((k >= 6161700) AND (k <= 6161800))
	  ->  Bitmap Index Scan on k_1  (cost=0.00..5.43 rows=100 width=0)
	        Index Cond: ((k >= 6161700) AND (k <= 6161800))

table 2 : explain SELECT k, c FROM sbtest2 WHERE k BETWEEN 6161700 AND 6161800
	Bitmap Heap Scan on sbtest2  (cost=5.46..401.19 rows=100 width=125)
	  Recheck Cond: ((k >= 6161700) AND (k <= 6161800))
	  ->  Bitmap Index Scan on k_2  (cost=0.00..5.43 rows=100 width=0)
	        Index Cond: ((k >= 6161700) AND (k <= 6161800))

table 3 : explain SELECT k, c FROM sbtest3 WHERE k BETWEEN 6161700 AND 6161800
	Bitmap Heap Scan on sbtest3  (cost=5.54..432.69 rows=108 width=125)
	  Recheck Cond: ((k >= 6161700) AND (k <= 6161800))
	  ->  Bitmap Index Scan on k_3  (cost=0.00..5.51 rows=108 width=0)
	        Index Cond: ((k >= 6161700) AND (k <= 6161800))

table 4 : explain SELECT k, c FROM sbtest4 WHERE k BETWEEN 6161700 AND 6161800
	Bitmap Heap Scan on sbtest4  (cost=5.54..432.69 rows=108 width=125)
	  Recheck Cond: ((k >= 6161700) AND (k <= 6161800))
	  ->  Bitmap Index Scan on k_4  (cost=0.00..5.51 rows=108 width=0)
	        Index Cond: ((k >= 6161700) AND (k <= 6161800))

table 5 : explain SELECT k, c FROM sbtest5 WHERE k BETWEEN 6161700 AND 6161800
	Bitmap Heap Scan on sbtest5  (cost=5.47..405.13 rows=101 width=125)
	  Recheck Cond: ((k >= 6161700) AND (k <= 6161800))
	  ->  Bitmap Index Scan on k_5  (cost=0.00..5.44 rows=101 width=0)
	        Index Cond: ((k >= 6161700) AND (k <= 6161800))

table 6 : explain SELECT k, c FROM sbtest6 WHERE k BETWEEN 6161700 AND 6161800
	Bitmap Heap Scan on sbtest6  (cost=5.45..397.25 rows=99 width=125)
	  Recheck Cond: ((k >= 6161700) AND (k <= 6161800))
	  ->  Bitmap Index Scan on k_6  (cost=0.00..5.42 rows=99 width=0)
	        Index Cond: ((k >= 6161700) AND (k <= 6161800))

table 7 : explain SELECT k, c FROM sbtest7 WHERE k BETWEEN 6161700 AND 6161800
	Bitmap Heap Scan on sbtest7  (cost=5.39..373.61 rows=93 width=125)
	  Recheck Cond: ((k >= 6161700) AND (k <= 6161800))
	  ->  Bitmap Index Scan on k_7  (cost=0.00..5.36 rows=93 width=0)
	        Index Cond: ((k >= 6161700) AND (k <= 6161800))

table 8 : explain SELECT k, c FROM sbtest8 WHERE k BETWEEN 6161700 AND 6161800
	Bitmap Heap Scan on sbtest8  (cost=5.46..401.19 rows=100 width=125)
	  Recheck Cond: ((k >= 6161700) AND (k <= 6161800))
	  ->  Bitmap Index Scan on k_8  (cost=0.00..5.43 rows=100 width=0)
	        Index Cond: ((k >= 6161700) AND (k <= 6161800))

explain: for range-notcovered :: explain SELECT k, c FROM sbtest%d WHERE k BETWEEN 7765389 AND 7765489
for range-notcovered
table 1 : explain SELECT k, c FROM sbtest1 WHERE k BETWEEN 5783936 AND 5784036
	Bitmap Heap Scan on sbtest1  (cost=5.52..424.81 rows=106 width=125)
	  Recheck Cond: ((k >= 5783936) AND (k <= 5784036))
	  ->  Bitmap Index Scan on k_1  (cost=0.00..5.50 rows=106 width=0)
	        Index Cond: ((k >= 5783936) AND (k <= 5784036))

table 2 : explain SELECT k, c FROM sbtest2 WHERE k BETWEEN 5783936 AND 5784036
	Bitmap Heap Scan on sbtest2  (cost=5.45..397.25 rows=99 width=125)
	  Recheck Cond: ((k >= 5783936) AND (k <= 5784036))
	  ->  Bitmap Index Scan on k_2  (cost=0.00..5.42 rows=99 width=0)
	        Index Cond: ((k >= 5783936) AND (k <= 5784036))

table 3 : explain SELECT k, c FROM sbtest3 WHERE k BETWEEN 5783936 AND 5784036
	Bitmap Heap Scan on sbtest3  (cost=5.38..369.67 rows=92 width=125)
	  Recheck Cond: ((k >= 5783936) AND (k <= 5784036))
	  ->  Bitmap Index Scan on k_3  (cost=0.00..5.35 rows=92 width=0)
	        Index Cond: ((k >= 5783936) AND (k <= 5784036))

table 4 : explain SELECT k, c FROM sbtest4 WHERE k BETWEEN 5783936 AND 5784036
	Bitmap Heap Scan on sbtest4  (cost=5.47..405.13 rows=101 width=125)
	  Recheck Cond: ((k >= 5783936) AND (k <= 5784036))
	  ->  Bitmap Index Scan on k_4  (cost=0.00..5.44 rows=101 width=0)
	        Index Cond: ((k >= 5783936) AND (k <= 5784036))

table 5 : explain SELECT k, c FROM sbtest5 WHERE k BETWEEN 5783936 AND 5784036
	Bitmap Heap Scan on sbtest5  (cost=5.49..413.00 rows=103 width=125)
	  Recheck Cond: ((k >= 5783936) AND (k <= 5784036))
	  ->  Bitmap Index Scan on k_5  (cost=0.00..5.46 rows=103 width=0)
	        Index Cond: ((k >= 5783936) AND (k <= 5784036))

table 6 : explain SELECT k, c FROM sbtest6 WHERE k BETWEEN 5783936 AND 5784036
	Bitmap Heap Scan on sbtest6  (cost=5.47..405.13 rows=101 width=125)
	  Recheck Cond: ((k >= 5783936) AND (k <= 5784036))
	  ->  Bitmap Index Scan on k_6  (cost=0.00..5.44 rows=101 width=0)
	        Index Cond: ((k >= 5783936) AND (k <= 5784036))

table 7 : explain SELECT k, c FROM sbtest7 WHERE k BETWEEN 5783936 AND 5784036
	Bitmap Heap Scan on sbtest7  (cost=5.40..377.55 rows=94 width=125)
	  Recheck Cond: ((k >= 5783936) AND (k <= 5784036))
	  ->  Bitmap Index Scan on k_7  (cost=0.00..5.38 rows=94 width=0)
	        Index Cond: ((k >= 5783936) AND (k <= 5784036))

table 8 : explain SELECT k, c FROM sbtest8 WHERE k BETWEEN 5783936 AND 5784036
	Bitmap Heap Scan on sbtest8  (cost=5.48..409.07 rows=102 width=125)
	  Recheck Cond: ((k >= 5783936) AND (k <= 5784036))
	  ->  Bitmap Index Scan on k_8  (cost=0.00..5.45 rows=102 width=0)
	        Index Cond: ((k >= 5783936) AND (k <= 5784036))

for range-notcovered
table 1 : explain SELECT k, c FROM sbtest1 WHERE k BETWEEN 5670715 AND 5670815
	Bitmap Heap Scan on sbtest1  (cost=5.53..428.75 rows=107 width=125)
	  Recheck Cond: ((k >= 5670715) AND (k <= 5670815))
	  ->  Bitmap Index Scan on k_1  (cost=0.00..5.50 rows=107 width=0)
	        Index Cond: ((k >= 5670715) AND (k <= 5670815))

table 2 : explain SELECT k, c FROM sbtest2 WHERE k BETWEEN 5670715 AND 5670815
	Bitmap Heap Scan on sbtest2  (cost=5.45..397.25 rows=99 width=125)
	  Recheck Cond: ((k >= 5670715) AND (k <= 5670815))
	  ->  Bitmap Index Scan on k_2  (cost=0.00..5.42 rows=99 width=0)
	        Index Cond: ((k >= 5670715) AND (k <= 5670815))

table 3 : explain SELECT k, c FROM sbtest3 WHERE k BETWEEN 5670715 AND 5670815
	Bitmap Heap Scan on sbtest3  (cost=5.44..393.31 rows=98 width=125)
	  Recheck Cond: ((k >= 5670715) AND (k <= 5670815))
	  ->  Bitmap Index Scan on k_3  (cost=0.00..5.42 rows=98 width=0)
	        Index Cond: ((k >= 5670715) AND (k <= 5670815))

table 4 : explain SELECT k, c FROM sbtest4 WHERE k BETWEEN 5670715 AND 5670815
	Bitmap Heap Scan on sbtest4  (cost=5.44..393.31 rows=98 width=125)
	  Recheck Cond: ((k >= 5670715) AND (k <= 5670815))
	  ->  Bitmap Index Scan on k_4  (cost=0.00..5.42 rows=98 width=0)
	        Index Cond: ((k >= 5670715) AND (k <= 5670815))

table 5 : explain SELECT k, c FROM sbtest5 WHERE k BETWEEN 5670715 AND 5670815
	Bitmap Heap Scan on sbtest5  (cost=5.47..405.13 rows=101 width=125)
	  Recheck Cond: ((k >= 5670715) AND (k <= 5670815))
	  ->  Bitmap Index Scan on k_5  (cost=0.00..5.44 rows=101 width=0)
	        Index Cond: ((k >= 5670715) AND (k <= 5670815))

table 6 : explain SELECT k, c FROM sbtest6 WHERE k BETWEEN 5670715 AND 5670815
	Bitmap Heap Scan on sbtest6  (cost=5.56..440.56 rows=110 width=125)
	  Recheck Cond: ((k >= 5670715) AND (k <= 5670815))
	  ->  Bitmap Index Scan on k_6  (cost=0.00..5.53 rows=110 width=0)
	        Index Cond: ((k >= 5670715) AND (k <= 5670815))

table 7 : explain SELECT k, c FROM sbtest7 WHERE k BETWEEN 5670715 AND 5670815
	Bitmap Heap Scan on sbtest7  (cost=5.42..385.43 rows=96 width=125)
	  Recheck Cond: ((k >= 5670715) AND (k <= 5670815))
	  ->  Bitmap Index Scan on k_7  (cost=0.00..5.39 rows=96 width=0)
	        Index Cond: ((k >= 5670715) AND (k <= 5670815))

table 8 : explain SELECT k, c FROM sbtest8 WHERE k BETWEEN 5670715 AND 5670815
	Bitmap Heap Scan on sbtest8  (cost=5.48..409.07 rows=102 width=125)
	  Recheck Cond: ((k >= 5670715) AND (k <= 5670815))
	  ->  Bitmap Index Scan on k_8  (cost=0.00..5.45 rows=102 width=0)
	        Index Cond: ((k >= 5670715) AND (k <= 5670815))

explain: for range-notcovered :: explain SELECT k, c FROM sbtest%d WHERE k BETWEEN 6161700 AND 6161800
explain: for range-notcovered :: explain SELECT k, c FROM sbtest%d WHERE k BETWEEN 5783936 AND 5784036
for range-notcovered
table 1 : explain SELECT k, c FROM sbtest1 WHERE k BETWEEN 6006776 AND 6006876
	Bitmap Heap Scan on sbtest1  (cost=5.39..373.61 rows=93 width=125)
	  Recheck Cond: ((k >= 6006776) AND (k <= 6006876))
	  ->  Bitmap Index Scan on k_1  (cost=0.00..5.36 rows=93 width=0)
	        Index Cond: ((k >= 6006776) AND (k <= 6006876))

table 2 : explain SELECT k, c FROM sbtest2 WHERE k BETWEEN 6006776 AND 6006876
	Bitmap Heap Scan on sbtest2  (cost=5.46..401.19 rows=100 width=125)
	  Recheck Cond: ((k >= 6006776) AND (k <= 6006876))
	  ->  Bitmap Index Scan on k_2  (cost=0.00..5.43 rows=100 width=0)
	        Index Cond: ((k >= 6006776) AND (k <= 6006876))

table 3 : explain SELECT k, c FROM sbtest3 WHERE k BETWEEN 6006776 AND 6006876
	Bitmap Heap Scan on sbtest3  (cost=5.52..424.81 rows=106 width=125)
	  Recheck Cond: ((k >= 6006776) AND (k <= 6006876))
	  ->  Bitmap Index Scan on k_3  (cost=0.00..5.50 rows=106 width=0)
	        Index Cond: ((k >= 6006776) AND (k <= 6006876))

table 4 : explain SELECT k, c FROM sbtest4 WHERE k BETWEEN 6006776 AND 6006876
	Bitmap Heap Scan on sbtest4  (cost=5.41..381.49 rows=95 width=125)
	  Recheck Cond: ((k >= 6006776) AND (k <= 6006876))
	  ->  Bitmap Index Scan on k_4  (cost=0.00..5.38 rows=95 width=0)
	        Index Cond: ((k >= 6006776) AND (k <= 6006876))

table 5 : explain SELECT k, c FROM sbtest5 WHERE k BETWEEN 6006776 AND 6006876
	Bitmap Heap Scan on sbtest5  (cost=5.57..444.49 rows=111 width=125)
	  Recheck Cond: ((k >= 6006776) AND (k <= 6006876))
	  ->  Bitmap Index Scan on k_5  (cost=0.00..5.54 rows=111 width=0)
	        Index Cond: ((k >= 6006776) AND (k <= 6006876))

table 6 : explain SELECT k, c FROM sbtest6 WHERE k BETWEEN 6006776 AND 6006876
	Bitmap Heap Scan on sbtest6  (cost=5.48..409.07 rows=102 width=125)
	  Recheck Cond: ((k >= 6006776) AND (k <= 6006876))
	  ->  Bitmap Index Scan on k_6  (cost=0.00..5.45 rows=102 width=0)
	        Index Cond: ((k >= 6006776) AND (k <= 6006876))

table 7 : explain SELECT k, c FROM sbtest7 WHERE k BETWEEN 6006776 AND 6006876
	Bitmap Heap Scan on sbtest7  (cost=5.47..405.13 rows=101 width=125)
	  Recheck Cond: ((k >= 6006776) AND (k <= 6006876))
	  ->  Bitmap Index Scan on k_7  (cost=0.00..5.44 rows=101 width=0)
	        Index Cond: ((k >= 6006776) AND (k <= 6006876))

table 8 : explain SELECT k, c FROM sbtest8 WHERE k BETWEEN 6006776 AND 6006876
	Bitmap Heap Scan on sbtest8  (cost=5.57..444.49 rows=111 width=125)
	  Recheck Cond: ((k >= 6006776) AND (k <= 6006876))
	  ->  Bitmap Index Scan on k_8  (cost=0.00..5.54 rows=111 width=0)
	        Index Cond: ((k >= 6006776) AND (k <= 6006876))

explain: for range-notcovered :: explain SELECT k, c FROM sbtest%d WHERE k BETWEEN 5670715 AND 5670815
explain: for range-notcovered :: explain SELECT k, c FROM sbtest%d WHERE k BETWEEN 6006776 AND 6006876
for range-notcovered
table 1 : explain SELECT k, c FROM sbtest1 WHERE k BETWEEN 4802221 AND 4802321
	Bitmap Heap Scan on sbtest1  (cost=5.41..381.49 rows=95 width=125)
	  Recheck Cond: ((k >= 4802221) AND (k <= 4802321))
	  ->  Bitmap Index Scan on k_1  (cost=0.00..5.38 rows=95 width=0)
	        Index Cond: ((k >= 4802221) AND (k <= 4802321))

table 2 : explain SELECT k, c FROM sbtest2 WHERE k BETWEEN 4802221 AND 4802321
	Bitmap Heap Scan on sbtest2  (cost=5.44..393.31 rows=98 width=125)
	  Recheck Cond: ((k >= 4802221) AND (k <= 4802321))
	  ->  Bitmap Index Scan on k_2  (cost=0.00..5.42 rows=98 width=0)
	        Index Cond: ((k >= 4802221) AND (k <= 4802321))

table 3 : explain SELECT k, c FROM sbtest3 WHERE k BETWEEN 4802221 AND 4802321
	Bitmap Heap Scan on sbtest3  (cost=5.50..416.94 rows=104 width=125)
	  Recheck Cond: ((k >= 4802221) AND (k <= 4802321))
	  ->  Bitmap Index Scan on k_3  (cost=0.00..5.47 rows=104 width=0)
	        Index Cond: ((k >= 4802221) AND (k <= 4802321))

table 4 : explain SELECT k, c FROM sbtest4 WHERE k BETWEEN 4802221 AND 4802321
	Bitmap Heap Scan on sbtest4  (cost=5.43..389.37 rows=97 width=125)
	  Recheck Cond: ((k >= 4802221) AND (k <= 4802321))
	  ->  Bitmap Index Scan on k_4  (cost=0.00..5.40 rows=97 width=0)
	        Index Cond: ((k >= 4802221) AND (k <= 4802321))

table 5 : explain SELECT k, c FROM sbtest5 WHERE k BETWEEN 4802221 AND 4802321
	Bitmap Heap Scan on sbtest5  (cost=5.52..424.81 rows=106 width=125)
	  Recheck Cond: ((k >= 4802221) AND (k <= 4802321))
	  ->  Bitmap Index Scan on k_5  (cost=0.00..5.50 rows=106 width=0)
	        Index Cond: ((k >= 4802221) AND (k <= 4802321))

table 6 : explain SELECT k, c FROM sbtest6 WHERE k BETWEEN 4802221 AND 4802321
	Bitmap Heap Scan on sbtest6  (cost=5.46..401.19 rows=100 width=125)
	  Recheck Cond: ((k >= 4802221) AND (k <= 4802321))
	  ->  Bitmap Index Scan on k_6  (cost=0.00..5.43 rows=100 width=0)
	        Index Cond: ((k >= 4802221) AND (k <= 4802321))

table 7 : explain SELECT k, c FROM sbtest7 WHERE k BETWEEN 4802221 AND 4802321
	Bitmap Heap Scan on sbtest7  (cost=5.43..389.37 rows=97 width=125)
	  Recheck Cond: ((k >= 4802221) AND (k <= 4802321))
	  ->  Bitmap Index Scan on k_7  (cost=0.00..5.40 rows=97 width=0)
	        Index Cond: ((k >= 4802221) AND (k <= 4802321))

table 8 : explain SELECT k, c FROM sbtest8 WHERE k BETWEEN 4802221 AND 4802321
	Bitmap Heap Scan on sbtest8  (cost=5.53..428.75 rows=107 width=125)
	  Recheck Cond: ((k >= 4802221) AND (k <= 4802321))
	  ->  Bitmap Index Scan on k_8  (cost=0.00..5.50 rows=107 width=0)
	        Index Cond: ((k >= 4802221) AND (k <= 4802321))

explain: for range-notcovered :: explain SELECT k, c FROM sbtest%d WHERE k BETWEEN 4802221 AND 4802321
for range-notcovered
table 1 : explain SELECT k, c FROM sbtest1 WHERE k BETWEEN 3319001 AND 3319101
	Bitmap Heap Scan on sbtest1  (cost=5.53..428.75 rows=107 width=125)
	  Recheck Cond: ((k >= 3319001) AND (k <= 3319101))
	  ->  Bitmap Index Scan on k_1  (cost=0.00..5.50 rows=107 width=0)
	        Index Cond: ((k >= 3319001) AND (k <= 3319101))

table 2 : explain SELECT k, c FROM sbtest2 WHERE k BETWEEN 3319001 AND 3319101
	Bitmap Heap Scan on sbtest2  (cost=5.47..405.13 rows=101 width=125)
	  Recheck Cond: ((k >= 3319001) AND (k <= 3319101))
	  ->  Bitmap Index Scan on k_2  (cost=0.00..5.44 rows=101 width=0)
	        Index Cond: ((k >= 3319001) AND (k <= 3319101))

table 3 : explain SELECT k, c FROM sbtest3 WHERE k BETWEEN 3319001 AND 3319101
	Bitmap Heap Scan on sbtest3  (cost=5.54..432.69 rows=108 width=125)
	  Recheck Cond: ((k >= 3319001) AND (k <= 3319101))
	  ->  Bitmap Index Scan on k_3  (cost=0.00..5.51 rows=108 width=0)
	        Index Cond: ((k >= 3319001) AND (k <= 3319101))

table 4 : explain SELECT k, c FROM sbtest4 WHERE k BETWEEN 3319001 AND 3319101
	Bitmap Heap Scan on sbtest4  (cost=5.48..409.07 rows=102 width=125)
	  Recheck Cond: ((k >= 3319001) AND (k <= 3319101))
	  ->  Bitmap Index Scan on k_4  (cost=0.00..5.45 rows=102 width=0)
	        Index Cond: ((k >= 3319001) AND (k <= 3319101))

table 5 : explain SELECT k, c FROM sbtest5 WHERE k BETWEEN 3319001 AND 3319101
	Bitmap Heap Scan on sbtest5  (cost=5.53..428.75 rows=107 width=125)
	  Recheck Cond: ((k >= 3319001) AND (k <= 3319101))
	  ->  Bitmap Index Scan on k_5  (cost=0.00..5.50 rows=107 width=0)
	        Index Cond: ((k >= 3319001) AND (k <= 3319101))

table 6 : explain SELECT k, c FROM sbtest6 WHERE k BETWEEN 3319001 AND 3319101
	Bitmap Heap Scan on sbtest6  (cost=5.44..393.31 rows=98 width=125)
	  Recheck Cond: ((k >= 3319001) AND (k <= 3319101))
	  ->  Bitmap Index Scan on k_6  (cost=0.00..5.42 rows=98 width=0)
	        Index Cond: ((k >= 3319001) AND (k <= 3319101))

table 7 : explain SELECT k, c FROM sbtest7 WHERE k BETWEEN 3319001 AND 3319101
	Bitmap Heap Scan on sbtest7  (cost=5.50..416.94 rows=104 width=125)
	  Recheck Cond: ((k >= 3319001) AND (k <= 3319101))
	  ->  Bitmap Index Scan on k_7  (cost=0.00..5.47 rows=104 width=0)
	        Index Cond: ((k >= 3319001) AND (k <= 3319101))

table 8 : explain SELECT k, c FROM sbtest8 WHERE k BETWEEN 3319001 AND 3319101
	Bitmap Heap Scan on sbtest8  (cost=5.48..409.07 rows=102 width=125)
	  Recheck Cond: ((k >= 3319001) AND (k <= 3319101))
	  ->  Bitmap Index Scan on k_8  (cost=0.00..5.45 rows=102 width=0)
	        Index Cond: ((k >= 3319001) AND (k <= 3319101))

for range-notcovered
table 1 : explain SELECT k, c FROM sbtest1 WHERE k BETWEEN 3267451 AND 3267551
	Bitmap Heap Scan on sbtest1  (cost=5.51..420.88 rows=105 width=125)
	  Recheck Cond: ((k >= 3267451) AND (k <= 3267551))
	  ->  Bitmap Index Scan on k_1  (cost=0.00..5.48 rows=105 width=0)
	        Index Cond: ((k >= 3267451) AND (k <= 3267551))

table 2 : explain SELECT k, c FROM sbtest2 WHERE k BETWEEN 3267451 AND 3267551
	Bitmap Heap Scan on sbtest2  (cost=5.53..428.75 rows=107 width=125)
	  Recheck Cond: ((k >= 3267451) AND (k <= 3267551))
	  ->  Bitmap Index Scan on k_2  (cost=0.00..5.50 rows=107 width=0)
	        Index Cond: ((k >= 3267451) AND (k <= 3267551))

table 3 : explain SELECT k, c FROM sbtest3 WHERE k BETWEEN 3267451 AND 3267551
	Bitmap Heap Scan on sbtest3  (cost=5.44..393.31 rows=98 width=125)
	  Recheck Cond: ((k >= 3267451) AND (k <= 3267551))
	  ->  Bitmap Index Scan on k_3  (cost=0.00..5.42 rows=98 width=0)
	        Index Cond: ((k >= 3267451) AND (k <= 3267551))

table 4 : explain SELECT k, c FROM sbtest4 WHERE k BETWEEN 3267451 AND 3267551
	Bitmap Heap Scan on sbtest4  (cost=5.47..405.13 rows=101 width=125)
	  Recheck Cond: ((k >= 3267451) AND (k <= 3267551))
	  ->  Bitmap Index Scan on k_4  (cost=0.00..5.44 rows=101 width=0)
	        Index Cond: ((k >= 3267451) AND (k <= 3267551))

table 5 : explain SELECT k, c FROM sbtest5 WHERE k BETWEEN 3267451 AND 3267551
	Bitmap Heap Scan on sbtest5  (cost=5.50..416.94 rows=104 width=125)
	  Recheck Cond: ((k >= 3267451) AND (k <= 3267551))
	  ->  Bitmap Index Scan on k_5  (cost=0.00..5.47 rows=104 width=0)
	        Index Cond: ((k >= 3267451) AND (k <= 3267551))

table 6 : explain SELECT k, c FROM sbtest6 WHERE k BETWEEN 3267451 AND 3267551
	Bitmap Heap Scan on sbtest6  (cost=5.44..393.31 rows=98 width=125)
	  Recheck Cond: ((k >= 3267451) AND (k <= 3267551))
	  ->  Bitmap Index Scan on k_6  (cost=0.00..5.42 rows=98 width=0)
	        Index Cond: ((k >= 3267451) AND (k <= 3267551))

table 7 : explain SELECT k, c FROM sbtest7 WHERE k BETWEEN 3267451 AND 3267551
	Bitmap Heap Scan on sbtest7  (cost=5.45..397.25 rows=99 width=125)
	  Recheck Cond: ((k >= 3267451) AND (k <= 3267551))
	  ->  Bitmap Index Scan on k_7  (cost=0.00..5.42 rows=99 width=0)
	        Index Cond: ((k >= 3267451) AND (k <= 3267551))

table 8 : explain SELECT k, c FROM sbtest8 WHERE k BETWEEN 3267451 AND 3267551
	Bitmap Heap Scan on sbtest8  (cost=5.55..436.62 rows=109 width=125)
	  Recheck Cond: ((k >= 3267451) AND (k <= 3267551))
	  ->  Bitmap Index Scan on k_8  (cost=0.00..5.52 rows=109 width=0)
	        Index Cond: ((k >= 3267451) AND (k <= 3267551))

for range-notcovered
table 1 : explain SELECT k, c FROM sbtest1 WHERE k BETWEEN 1501718 AND 1501818
	Bitmap Heap Scan on sbtest1  (cost=5.44..393.31 rows=98 width=125)
	  Recheck Cond: ((k >= 1501718) AND (k <= 1501818))
	  ->  Bitmap Index Scan on k_1  (cost=0.00..5.42 rows=98 width=0)
	        Index Cond: ((k >= 1501718) AND (k <= 1501818))

table 2 : explain SELECT k, c FROM sbtest2 WHERE k BETWEEN 1501718 AND 1501818
	Bitmap Heap Scan on sbtest2  (cost=5.53..428.75 rows=107 width=125)
	  Recheck Cond: ((k >= 1501718) AND (k <= 1501818))
	  ->  Bitmap Index Scan on k_2  (cost=0.00..5.50 rows=107 width=0)
	        Index Cond: ((k >= 1501718) AND (k <= 1501818))

table 3 : explain SELECT k, c FROM sbtest3 WHERE k BETWEEN 1501718 AND 1501818
	Bitmap Heap Scan on sbtest3  (cost=5.57..444.49 rows=111 width=125)
	  Recheck Cond: ((k >= 1501718) AND (k <= 1501818))
	  ->  Bitmap Index Scan on k_3  (cost=0.00..5.54 rows=111 width=0)
	        Index Cond: ((k >= 1501718) AND (k <= 1501818))

table 4 : explain SELECT k, c FROM sbtest4 WHERE k BETWEEN 1501718 AND 1501818
	Bitmap Heap Scan on sbtest4  (cost=5.43..389.37 rows=97 width=125)
	  Recheck Cond: ((k >= 1501718) AND (k <= 1501818))
	  ->  Bitmap Index Scan on k_4  (cost=0.00..5.40 rows=97 width=0)
	        Index Cond: ((k >= 1501718) AND (k <= 1501818))

table 5 : explain SELECT k, c FROM sbtest5 WHERE k BETWEEN 1501718 AND 1501818
	Bitmap Heap Scan on sbtest5  (cost=5.50..416.94 rows=104 width=125)
	  Recheck Cond: ((k >= 1501718) AND (k <= 1501818))
	  ->  Bitmap Index Scan on k_5  (cost=0.00..5.47 rows=104 width=0)
	        Index Cond: ((k >= 1501718) AND (k <= 1501818))

table 6 : explain SELECT k, c FROM sbtest6 WHERE k BETWEEN 1501718 AND 1501818
	Bitmap Heap Scan on sbtest6  (cost=5.42..385.43 rows=96 width=125)
	  Recheck Cond: ((k >= 1501718) AND (k <= 1501818))
	  ->  Bitmap Index Scan on k_6  (cost=0.00..5.39 rows=96 width=0)
	        Index Cond: ((k >= 1501718) AND (k <= 1501818))

table 7 : explain SELECT k, c FROM sbtest7 WHERE k BETWEEN 1501718 AND 1501818
	Bitmap Heap Scan on sbtest7  (cost=5.45..397.25 rows=99 width=125)
	  Recheck Cond: ((k >= 1501718) AND (k <= 1501818))
	  ->  Bitmap Index Scan on k_7  (cost=0.00..5.42 rows=99 width=0)
	        Index Cond: ((k >= 1501718) AND (k <= 1501818))

table 8 : explain SELECT k, c FROM sbtest8 WHERE k BETWEEN 1501718 AND 1501818
	Bitmap Heap Scan on sbtest8  (cost=5.50..416.94 rows=104 width=125)
	  Recheck Cond: ((k >= 1501718) AND (k <= 1501818))
	  ->  Bitmap Index Scan on k_8  (cost=0.00..5.47 rows=104 width=0)
	        Index Cond: ((k >= 1501718) AND (k <= 1501818))

explain: for range-notcovered :: explain SELECT k, c FROM sbtest%d WHERE k BETWEEN 3267451 AND 3267551
for range-notcovered
table 1 : explain SELECT k, c FROM sbtest1 WHERE k BETWEEN 4929683 AND 4929783
	Bitmap Heap Scan on sbtest1  (cost=5.52..424.81 rows=106 width=125)
	  Recheck Cond: ((k >= 4929683) AND (k <= 4929783))
	  ->  Bitmap Index Scan on k_1  (cost=0.00..5.50 rows=106 width=0)
	        Index Cond: ((k >= 4929683) AND (k <= 4929783))

table 2 : explain SELECT k, c FROM sbtest2 WHERE k BETWEEN 4929683 AND 4929783
	Bitmap Heap Scan on sbtest2  (cost=5.40..377.55 rows=94 width=125)
	  Recheck Cond: ((k >= 4929683) AND (k <= 4929783))
	  ->  Bitmap Index Scan on k_2  (cost=0.00..5.38 rows=94 width=0)
	        Index Cond: ((k >= 4929683) AND (k <= 4929783))

table 3 : explain SELECT k, c FROM sbtest3 WHERE k BETWEEN 4929683 AND 4929783
	Bitmap Heap Scan on sbtest3  (cost=5.53..428.75 rows=107 width=125)
	  Recheck Cond: ((k >= 4929683) AND (k <= 4929783))
	  ->  Bitmap Index Scan on k_3  (cost=0.00..5.50 rows=107 width=0)
	        Index Cond: ((k >= 4929683) AND (k <= 4929783))

table 4 : explain SELECT k, c FROM sbtest4 WHERE k BETWEEN 4929683 AND 4929783
	Bitmap Heap Scan on sbtest4  (cost=5.49..413.00 rows=103 width=125)
	  Recheck Cond: ((k >= 4929683) AND (k <= 4929783))
	  ->  Bitmap Index Scan on k_4  (cost=0.00..5.46 rows=103 width=0)
	        Index Cond: ((k >= 4929683) AND (k <= 4929783))

table 5 : explain SELECT k, c FROM sbtest5 WHERE k BETWEEN 4929683 AND 4929783
	Bitmap Heap Scan on sbtest5  (cost=5.48..409.07 rows=102 width=125)
	  Recheck Cond: ((k >= 4929683) AND (k <= 4929783))
	  ->  Bitmap Index Scan on k_5  (cost=0.00..5.45 rows=102 width=0)
	        Index Cond: ((k >= 4929683) AND (k <= 4929783))

table 6 : explain SELECT k, c FROM sbtest6 WHERE k BETWEEN 4929683 AND 4929783
	Bitmap Heap Scan on sbtest6  (cost=5.40..377.55 rows=94 width=125)
	  Recheck Cond: ((k >= 4929683) AND (k <= 4929783))
	  ->  Bitmap Index Scan on k_6  (cost=0.00..5.38 rows=94 width=0)
	        Index Cond: ((k >= 4929683) AND (k <= 4929783))

table 7 : explain SELECT k, c FROM sbtest7 WHERE k BETWEEN 4929683 AND 4929783
	Bitmap Heap Scan on sbtest7  (cost=5.43..389.37 rows=97 width=125)
	  Recheck Cond: ((k >= 4929683) AND (k <= 4929783))
	  ->  Bitmap Index Scan on k_7  (cost=0.00..5.40 rows=97 width=0)
	        Index Cond: ((k >= 4929683) AND (k <= 4929783))

table 8 : explain SELECT k, c FROM sbtest8 WHERE k BETWEEN 4929683 AND 4929783
	Bitmap Heap Scan on sbtest8  (cost=5.42..385.43 rows=96 width=125)
	  Recheck Cond: ((k >= 4929683) AND (k <= 4929783))
	  ->  Bitmap Index Scan on k_8  (cost=0.00..5.39 rows=96 width=0)
	        Index Cond: ((k >= 4929683) AND (k <= 4929783))

explain: for range-notcovered :: explain SELECT k, c FROM sbtest%d WHERE k BETWEEN 3319001 AND 3319101
explain: for range-notcovered :: explain SELECT k, c FROM sbtest%d WHERE k BETWEEN 1501718 AND 1501818
for range-notcovered
table 1 : explain SELECT k, c FROM sbtest1 WHERE k BETWEEN 9064660 AND 9064760
	Bitmap Heap Scan on sbtest1  (cost=5.47..405.13 rows=101 width=125)
	  Recheck Cond: ((k >= 9064660) AND (k <= 9064760))
	  ->  Bitmap Index Scan on k_1  (cost=0.00..5.44 rows=101 width=0)
	        Index Cond: ((k >= 9064660) AND (k <= 9064760))

table 2 : explain SELECT k, c FROM sbtest2 WHERE k BETWEEN 9064660 AND 9064760
	Bitmap Heap Scan on sbtest2  (cost=5.36..361.78 rows=90 width=125)
	  Recheck Cond: ((k >= 9064660) AND (k <= 9064760))
	  ->  Bitmap Index Scan on k_2  (cost=0.00..5.33 rows=90 width=0)
	        Index Cond: ((k >= 9064660) AND (k <= 9064760))

table 3 : explain SELECT k, c FROM sbtest3 WHERE k BETWEEN 9064660 AND 9064760
	Bitmap Heap Scan on sbtest3  (cost=5.53..428.75 rows=107 width=125)
	  Recheck Cond: ((k >= 9064660) AND (k <= 9064760))
	  ->  Bitmap Index Scan on k_3  (cost=0.00..5.50 rows=107 width=0)
	        Index Cond: ((k >= 9064660) AND (k <= 9064760))

table 4 : explain SELECT k, c FROM sbtest4 WHERE k BETWEEN 9064660 AND 9064760
	Bitmap Heap Scan on sbtest4  (cost=5.49..413.00 rows=103 width=125)
	  Recheck Cond: ((k >= 9064660) AND (k <= 9064760))
	  ->  Bitmap Index Scan on k_4  (cost=0.00..5.46 rows=103 width=0)
	        Index Cond: ((k >= 9064660) AND (k <= 9064760))

table 5 : explain SELECT k, c FROM sbtest5 WHERE k BETWEEN 9064660 AND 9064760
	Bitmap Heap Scan on sbtest5  (cost=5.41..381.49 rows=95 width=125)
	  Recheck Cond: ((k >= 9064660) AND (k <= 9064760))
	  ->  Bitmap Index Scan on k_5  (cost=0.00..5.38 rows=95 width=0)
	        Index Cond: ((k >= 9064660) AND (k <= 9064760))

table 6 : explain SELECT k, c FROM sbtest6 WHERE k BETWEEN 9064660 AND 9064760
	Bitmap Heap Scan on sbtest6  (cost=5.43..389.37 rows=97 width=125)
	  Recheck Cond: ((k >= 9064660) AND (k <= 9064760))
	  ->  Bitmap Index Scan on k_6  (cost=0.00..5.40 rows=97 width=0)
	        Index Cond: ((k >= 9064660) AND (k <= 9064760))

table 7 : explain SELECT k, c FROM sbtest7 WHERE k BETWEEN 9064660 AND 9064760
	Bitmap Heap Scan on sbtest7  (cost=5.44..393.31 rows=98 width=125)
	  Recheck Cond: ((k >= 9064660) AND (k <= 9064760))
	  ->  Bitmap Index Scan on k_7  (cost=0.00..5.42 rows=98 width=0)
	        Index Cond: ((k >= 9064660) AND (k <= 9064760))

table 8 : explain SELECT k, c FROM sbtest8 WHERE k BETWEEN 9064660 AND 9064760
	Bitmap Heap Scan on sbtest8  (cost=5.48..409.07 rows=102 width=125)
	  Recheck Cond: ((k >= 9064660) AND (k <= 9064760))
	  ->  Bitmap Index Scan on k_8  (cost=0.00..5.45 rows=102 width=0)
	        Index Cond: ((k >= 9064660) AND (k <= 9064760))

explain: for range-notcovered :: explain SELECT k, c FROM sbtest%d WHERE k BETWEEN 4929683 AND 4929783
for range-notcovered
table 1 : explain SELECT k, c FROM sbtest1 WHERE k BETWEEN 4802221 AND 4802321
	Bitmap Heap Scan on sbtest1  (cost=5.41..381.49 rows=95 width=125)
	  Recheck Cond: ((k >= 4802221) AND (k <= 4802321))
	  ->  Bitmap Index Scan on k_1  (cost=0.00..5.38 rows=95 width=0)
	        Index Cond: ((k >= 4802221) AND (k <= 4802321))

table 2 : explain SELECT k, c FROM sbtest2 WHERE k BETWEEN 4802221 AND 4802321
	Bitmap Heap Scan on sbtest2  (cost=5.44..393.31 rows=98 width=125)
	  Recheck Cond: ((k >= 4802221) AND (k <= 4802321))
	  ->  Bitmap Index Scan on k_2  (cost=0.00..5.42 rows=98 width=0)
	        Index Cond: ((k >= 4802221) AND (k <= 4802321))

table 3 : explain SELECT k, c FROM sbtest3 WHERE k BETWEEN 4802221 AND 4802321
	Bitmap Heap Scan on sbtest3  (cost=5.50..416.94 rows=104 width=125)
	  Recheck Cond: ((k >= 4802221) AND (k <= 4802321))
	  ->  Bitmap Index Scan on k_3  (cost=0.00..5.47 rows=104 width=0)
	        Index Cond: ((k >= 4802221) AND (k <= 4802321))

table 4 : explain SELECT k, c FROM sbtest4 WHERE k BETWEEN 4802221 AND 4802321
	Bitmap Heap Scan on sbtest4  (cost=5.43..389.37 rows=97 width=125)
	  Recheck Cond: ((k >= 4802221) AND (k <= 4802321))
	  ->  Bitmap Index Scan on k_4  (cost=0.00..5.40 rows=97 width=0)
	        Index Cond: ((k >= 4802221) AND (k <= 4802321))

table 5 : explain SELECT k, c FROM sbtest5 WHERE k BETWEEN 4802221 AND 4802321
	Bitmap Heap Scan on sbtest5  (cost=5.52..424.81 rows=106 width=125)
	  Recheck Cond: ((k >= 4802221) AND (k <= 4802321))
	  ->  Bitmap Index Scan on k_5  (cost=0.00..5.50 rows=106 width=0)
	        Index Cond: ((k >= 4802221) AND (k <= 4802321))

table 6 : explain SELECT k, c FROM sbtest6 WHERE k BETWEEN 4802221 AND 4802321
	Bitmap Heap Scan on sbtest6  (cost=5.46..401.19 rows=100 width=125)
	  Recheck Cond: ((k >= 4802221) AND (k <= 4802321))
	  ->  Bitmap Index Scan on k_6  (cost=0.00..5.43 rows=100 width=0)
	        Index Cond: ((k >= 4802221) AND (k <= 4802321))

table 7 : explain SELECT k, c FROM sbtest7 WHERE k BETWEEN 4802221 AND 4802321
	Bitmap Heap Scan on sbtest7  (cost=5.43..389.37 rows=97 width=125)
	  Recheck Cond: ((k >= 4802221) AND (k <= 4802321))
	  ->  Bitmap Index Scan on k_7  (cost=0.00..5.40 rows=97 width=0)
	        Index Cond: ((k >= 4802221) AND (k <= 4802321))

table 8 : explain SELECT k, c FROM sbtest8 WHERE k BETWEEN 4802221 AND 4802321
	Bitmap Heap Scan on sbtest8  (cost=5.53..428.75 rows=107 width=125)
	  Recheck Cond: ((k >= 4802221) AND (k <= 4802321))
	  ->  Bitmap Index Scan on k_8  (cost=0.00..5.50 rows=107 width=0)
	        Index Cond: ((k >= 4802221) AND (k <= 4802321))

explain: for range-notcovered :: explain SELECT k, c FROM sbtest%d WHERE k BETWEEN 9064660 AND 9064760
explain: for range-notcovered :: explain SELECT k, c FROM sbtest%d WHERE k BETWEEN 4802221 AND 4802321
for range-notcovered
table 1 : explain SELECT k, c FROM sbtest1 WHERE k BETWEEN 7765389 AND 7765489
	Bitmap Heap Scan on sbtest1  (cost=5.42..385.43 rows=96 width=125)
	  Recheck Cond: ((k >= 7765389) AND (k <= 7765489))
	  ->  Bitmap Index Scan on k_1  (cost=0.00..5.39 rows=96 width=0)
	        Index Cond: ((k >= 7765389) AND (k <= 7765489))

table 2 : explain SELECT k, c FROM sbtest2 WHERE k BETWEEN 7765389 AND 7765489
	Bitmap Heap Scan on sbtest2  (cost=5.57..444.49 rows=111 width=125)
	  Recheck Cond: ((k >= 7765389) AND (k <= 7765489))
	  ->  Bitmap Index Scan on k_2  (cost=0.00..5.54 rows=111 width=0)
	        Index Cond: ((k >= 7765389) AND (k <= 7765489))

table 3 : explain SELECT k, c FROM sbtest3 WHERE k BETWEEN 7765389 AND 7765489
	Bitmap Heap Scan on sbtest3  (cost=5.46..401.19 rows=100 width=125)
	  Recheck Cond: ((k >= 7765389) AND (k <= 7765489))
	  ->  Bitmap Index Scan on k_3  (cost=0.00..5.43 rows=100 width=0)
	        Index Cond: ((k >= 7765389) AND (k <= 7765489))

table 4 : explain SELECT k, c FROM sbtest4 WHERE k BETWEEN 7765389 AND 7765489
	Bitmap Heap Scan on sbtest4  (cost=5.44..393.31 rows=98 width=125)
	  Recheck Cond: ((k >= 7765389) AND (k <= 7765489))
	  ->  Bitmap Index Scan on k_4  (cost=0.00..5.42 rows=98 width=0)
	        Index Cond: ((k >= 7765389) AND (k <= 7765489))

table 5 : explain SELECT k, c FROM sbtest5 WHERE k BETWEEN 7765389 AND 7765489
	Bitmap Heap Scan on sbtest5  (cost=5.43..389.37 rows=97 width=125)
	  Recheck Cond: ((k >= 7765389) AND (k <= 7765489))
	  ->  Bitmap Index Scan on k_5  (cost=0.00..5.40 rows=97 width=0)
	        Index Cond: ((k >= 7765389) AND (k <= 7765489))

table 6 : explain SELECT k, c FROM sbtest6 WHERE k BETWEEN 7765389 AND 7765489
	Bitmap Heap Scan on sbtest6  (cost=5.52..424.81 rows=106 width=125)
	  Recheck Cond: ((k >= 7765389) AND (k <= 7765489))
	  ->  Bitmap Index Scan on k_6  (cost=0.00..5.50 rows=106 width=0)
	        Index Cond: ((k >= 7765389) AND (k <= 7765489))

table 7 : explain SELECT k, c FROM sbtest7 WHERE k BETWEEN 7765389 AND 7765489
	Bitmap Heap Scan on sbtest7  (cost=5.51..420.88 rows=105 width=125)
	  Recheck Cond: ((k >= 7765389) AND (k <= 7765489))
	  ->  Bitmap Index Scan on k_7  (cost=0.00..5.48 rows=105 width=0)
	        Index Cond: ((k >= 7765389) AND (k <= 7765489))

table 8 : explain SELECT k, c FROM sbtest8 WHERE k BETWEEN 7765389 AND 7765489
	Bitmap Heap Scan on sbtest8  (cost=5.50..416.94 rows=104 width=125)
	  Recheck Cond: ((k >= 7765389) AND (k <= 7765489))
	  ->  Bitmap Index Scan on k_8  (cost=0.00..5.47 rows=104 width=0)
	        Index Cond: ((k >= 7765389) AND (k <= 7765489))

for range-notcovered
table 1 : explain SELECT k, c FROM sbtest1 WHERE k BETWEEN 5783936 AND 5784036
	Bitmap Heap Scan on sbtest1  (cost=5.52..424.81 rows=106 width=125)
	  Recheck Cond: ((k >= 5783936) AND (k <= 5784036))
	  ->  Bitmap Index Scan on k_1  (cost=0.00..5.50 rows=106 width=0)
	        Index Cond: ((k >= 5783936) AND (k <= 5784036))

table 2 : explain SELECT k, c FROM sbtest2 WHERE k BETWEEN 5783936 AND 5784036
	Bitmap Heap Scan on sbtest2  (cost=5.45..397.25 rows=99 width=125)
	  Recheck Cond: ((k >= 5783936) AND (k <= 5784036))
	  ->  Bitmap Index Scan on k_2  (cost=0.00..5.42 rows=99 width=0)
	        Index Cond: ((k >= 5783936) AND (k <= 5784036))

table 3 : explain SELECT k, c FROM sbtest3 WHERE k BETWEEN 5783936 AND 5784036
	Bitmap Heap Scan on sbtest3  (cost=5.38..369.67 rows=92 width=125)
	  Recheck Cond: ((k >= 5783936) AND (k <= 5784036))
	  ->  Bitmap Index Scan on k_3  (cost=0.00..5.35 rows=92 width=0)
	        Index Cond: ((k >= 5783936) AND (k <= 5784036))

table 4 : explain SELECT k, c FROM sbtest4 WHERE k BETWEEN 5783936 AND 5784036
	Bitmap Heap Scan on sbtest4  (cost=5.47..405.13 rows=101 width=125)
	  Recheck Cond: ((k >= 5783936) AND (k <= 5784036))
	  ->  Bitmap Index Scan on k_4  (cost=0.00..5.44 rows=101 width=0)
	        Index Cond: ((k >= 5783936) AND (k <= 5784036))

table 5 : explain SELECT k, c FROM sbtest5 WHERE k BETWEEN 5783936 AND 5784036
	Bitmap Heap Scan on sbtest5  (cost=5.49..413.00 rows=103 width=125)
	  Recheck Cond: ((k >= 5783936) AND (k <= 5784036))
	  ->  Bitmap Index Scan on k_5  (cost=0.00..5.46 rows=103 width=0)
	        Index Cond: ((k >= 5783936) AND (k <= 5784036))

table 6 : explain SELECT k, c FROM sbtest6 WHERE k BETWEEN 5783936 AND 5784036
	Bitmap Heap Scan on sbtest6  (cost=5.47..405.13 rows=101 width=125)
	  Recheck Cond: ((k >= 5783936) AND (k <= 5784036))
	  ->  Bitmap Index Scan on k_6  (cost=0.00..5.44 rows=101 width=0)
	        Index Cond: ((k >= 5783936) AND (k <= 5784036))

table 7 : explain SELECT k, c FROM sbtest7 WHERE k BETWEEN 5783936 AND 5784036
	Bitmap Heap Scan on sbtest7  (cost=5.40..377.55 rows=94 width=125)
	  Recheck Cond: ((k >= 5783936) AND (k <= 5784036))
	  ->  Bitmap Index Scan on k_7  (cost=0.00..5.38 rows=94 width=0)
	        Index Cond: ((k >= 5783936) AND (k <= 5784036))

table 8 : explain SELECT k, c FROM sbtest8 WHERE k BETWEEN 5783936 AND 5784036
	Bitmap Heap Scan on sbtest8  (cost=5.48..409.07 rows=102 width=125)
	  Recheck Cond: ((k >= 5783936) AND (k <= 5784036))
	  ->  Bitmap Index Scan on k_8  (cost=0.00..5.45 rows=102 width=0)
	        Index Cond: ((k >= 5783936) AND (k <= 5784036))

explain: for range-notcovered :: explain SELECT k, c FROM sbtest%d WHERE k BETWEEN 7765389 AND 7765489
for range-notcovered
table 1 : explain SELECT k, c FROM sbtest1 WHERE k BETWEEN 6006776 AND 6006876
	Bitmap Heap Scan on sbtest1  (cost=5.39..373.61 rows=93 width=125)
	  Recheck Cond: ((k >= 6006776) AND (k <= 6006876))
	  ->  Bitmap Index Scan on k_1  (cost=0.00..5.36 rows=93 width=0)
	        Index Cond: ((k >= 6006776) AND (k <= 6006876))

table 2 : explain SELECT k, c FROM sbtest2 WHERE k BETWEEN 6006776 AND 6006876
	Bitmap Heap Scan on sbtest2  (cost=5.46..401.19 rows=100 width=125)
	  Recheck Cond: ((k >= 6006776) AND (k <= 6006876))
	  ->  Bitmap Index Scan on k_2  (cost=0.00..5.43 rows=100 width=0)
	        Index Cond: ((k >= 6006776) AND (k <= 6006876))

table 3 : explain SELECT k, c FROM sbtest3 WHERE k BETWEEN 6006776 AND 6006876
	Bitmap Heap Scan on sbtest3  (cost=5.52..424.81 rows=106 width=125)
	  Recheck Cond: ((k >= 6006776) AND (k <= 6006876))
	  ->  Bitmap Index Scan on k_3  (cost=0.00..5.50 rows=106 width=0)
	        Index Cond: ((k >= 6006776) AND (k <= 6006876))

table 4 : explain SELECT k, c FROM sbtest4 WHERE k BETWEEN 6006776 AND 6006876
	Bitmap Heap Scan on sbtest4  (cost=5.41..381.49 rows=95 width=125)
	  Recheck Cond: ((k >= 6006776) AND (k <= 6006876))
	  ->  Bitmap Index Scan on k_4  (cost=0.00..5.38 rows=95 width=0)
	        Index Cond: ((k >= 6006776) AND (k <= 6006876))

table 5 : explain SELECT k, c FROM sbtest5 WHERE k BETWEEN 6006776 AND 6006876
	Bitmap Heap Scan on sbtest5  (cost=5.57..444.49 rows=111 width=125)
	  Recheck Cond: ((k >= 6006776) AND (k <= 6006876))
	  ->  Bitmap Index Scan on k_5  (cost=0.00..5.54 rows=111 width=0)
	        Index Cond: ((k >= 6006776) AND (k <= 6006876))

table 6 : explain SELECT k, c FROM sbtest6 WHERE k BETWEEN 6006776 AND 6006876
	Bitmap Heap Scan on sbtest6  (cost=5.48..409.07 rows=102 width=125)
	  Recheck Cond: ((k >= 6006776) AND (k <= 6006876))
	  ->  Bitmap Index Scan on k_6  (cost=0.00..5.45 rows=102 width=0)
	        Index Cond: ((k >= 6006776) AND (k <= 6006876))

table 7 : explain SELECT k, c FROM sbtest7 WHERE k BETWEEN 6006776 AND 6006876
	Bitmap Heap Scan on sbtest7  (cost=5.47..405.13 rows=101 width=125)
	  Recheck Cond: ((k >= 6006776) AND (k <= 6006876))
	  ->  Bitmap Index Scan on k_7  (cost=0.00..5.44 rows=101 width=0)
	        Index Cond: ((k >= 6006776) AND (k <= 6006876))

table 8 : explain SELECT k, c FROM sbtest8 WHERE k BETWEEN 6006776 AND 6006876
	Bitmap Heap Scan on sbtest8  (cost=5.57..444.49 rows=111 width=125)
	  Recheck Cond: ((k >= 6006776) AND (k <= 6006876))
	  ->  Bitmap Index Scan on k_8  (cost=0.00..5.54 rows=111 width=0)
	        Index Cond: ((k >= 6006776) AND (k <= 6006876))

for range-notcovered
table 1 : explain SELECT k, c FROM sbtest1 WHERE k BETWEEN 6161700 AND 6161800
	Bitmap Heap Scan on sbtest1  (cost=5.46..401.19 rows=100 width=125)
	  Recheck Cond: ((k >= 6161700) AND (k <= 6161800))
	  ->  Bitmap Index Scan on k_1  (cost=0.00..5.43 rows=100 width=0)
	        Index Cond: ((k >= 6161700) AND (k <= 6161800))

table 2 : explain SELECT k, c FROM sbtest2 WHERE k BETWEEN 6161700 AND 6161800
	Bitmap Heap Scan on sbtest2  (cost=5.46..401.19 rows=100 width=125)
	  Recheck Cond: ((k >= 6161700) AND (k <= 6161800))
	  ->  Bitmap Index Scan on k_2  (cost=0.00..5.43 rows=100 width=0)
	        Index Cond: ((k >= 6161700) AND (k <= 6161800))

table 3 : explain SELECT k, c FROM sbtest3 WHERE k BETWEEN 6161700 AND 6161800
	Bitmap Heap Scan on sbtest3  (cost=5.54..432.69 rows=108 width=125)
	  Recheck Cond: ((k >= 6161700) AND (k <= 6161800))
	  ->  Bitmap Index Scan on k_3  (cost=0.00..5.51 rows=108 width=0)
	        Index Cond: ((k >= 6161700) AND (k <= 6161800))

table 4 : explain SELECT k, c FROM sbtest4 WHERE k BETWEEN 6161700 AND 6161800
	Bitmap Heap Scan on sbtest4  (cost=5.54..432.69 rows=108 width=125)
	  Recheck Cond: ((k >= 6161700) AND (k <= 6161800))
	  ->  Bitmap Index Scan on k_4  (cost=0.00..5.51 rows=108 width=0)
	        Index Cond: ((k >= 6161700) AND (k <= 6161800))

table 5 : explain SELECT k, c FROM sbtest5 WHERE k BETWEEN 6161700 AND 6161800
	Bitmap Heap Scan on sbtest5  (cost=5.47..405.13 rows=101 width=125)
	  Recheck Cond: ((k >= 6161700) AND (k <= 6161800))
	  ->  Bitmap Index Scan on k_5  (cost=0.00..5.44 rows=101 width=0)
	        Index Cond: ((k >= 6161700) AND (k <= 6161800))

table 6 : explain SELECT k, c FROM sbtest6 WHERE k BETWEEN 6161700 AND 6161800
	Bitmap Heap Scan on sbtest6  (cost=5.45..397.25 rows=99 width=125)
	  Recheck Cond: ((k >= 6161700) AND (k <= 6161800))
	  ->  Bitmap Index Scan on k_6  (cost=0.00..5.42 rows=99 width=0)
	        Index Cond: ((k >= 6161700) AND (k <= 6161800))

table 7 : explain SELECT k, c FROM sbtest7 WHERE k BETWEEN 6161700 AND 6161800
	Bitmap Heap Scan on sbtest7  (cost=5.39..373.61 rows=93 width=125)
	  Recheck Cond: ((k >= 6161700) AND (k <= 6161800))
	  ->  Bitmap Index Scan on k_7  (cost=0.00..5.36 rows=93 width=0)
	        Index Cond: ((k >= 6161700) AND (k <= 6161800))

table 8 : explain SELECT k, c FROM sbtest8 WHERE k BETWEEN 6161700 AND 6161800
	Bitmap Heap Scan on sbtest8  (cost=5.46..401.19 rows=100 width=125)
	  Recheck Cond: ((k >= 6161700) AND (k <= 6161800))
	  ->  Bitmap Index Scan on k_8  (cost=0.00..5.43 rows=100 width=0)
	        Index Cond: ((k >= 6161700) AND (k <= 6161800))

explain: for range-notcovered :: explain SELECT k, c FROM sbtest%d WHERE k BETWEEN 5783936 AND 5784036
for range-notcovered
table 1 : explain SELECT k, c FROM sbtest1 WHERE k BETWEEN 5670715 AND 5670815
	Bitmap Heap Scan on sbtest1  (cost=5.53..428.75 rows=107 width=125)
	  Recheck Cond: ((k >= 5670715) AND (k <= 5670815))
	  ->  Bitmap Index Scan on k_1  (cost=0.00..5.50 rows=107 width=0)
	        Index Cond: ((k >= 5670715) AND (k <= 5670815))

table 2 : explain SELECT k, c FROM sbtest2 WHERE k BETWEEN 5670715 AND 5670815
	Bitmap Heap Scan on sbtest2  (cost=5.45..397.25 rows=99 width=125)
	  Recheck Cond: ((k >= 5670715) AND (k <= 5670815))
	  ->  Bitmap Index Scan on k_2  (cost=0.00..5.42 rows=99 width=0)
	        Index Cond: ((k >= 5670715) AND (k <= 5670815))

table 3 : explain SELECT k, c FROM sbtest3 WHERE k BETWEEN 5670715 AND 5670815
	Bitmap Heap Scan on sbtest3  (cost=5.44..393.31 rows=98 width=125)
	  Recheck Cond: ((k >= 5670715) AND (k <= 5670815))
	  ->  Bitmap Index Scan on k_3  (cost=0.00..5.42 rows=98 width=0)
	        Index Cond: ((k >= 5670715) AND (k <= 5670815))

table 4 : explain SELECT k, c FROM sbtest4 WHERE k BETWEEN 5670715 AND 5670815
	Bitmap Heap Scan on sbtest4  (cost=5.44..393.31 rows=98 width=125)
	  Recheck Cond: ((k >= 5670715) AND (k <= 5670815))
	  ->  Bitmap Index Scan on k_4  (cost=0.00..5.42 rows=98 width=0)
	        Index Cond: ((k >= 5670715) AND (k <= 5670815))

table 5 : explain SELECT k, c FROM sbtest5 WHERE k BETWEEN 5670715 AND 5670815
	Bitmap Heap Scan on sbtest5  (cost=5.47..405.13 rows=101 width=125)
	  Recheck Cond: ((k >= 5670715) AND (k <= 5670815))
	  ->  Bitmap Index Scan on k_5  (cost=0.00..5.44 rows=101 width=0)
	        Index Cond: ((k >= 5670715) AND (k <= 5670815))

table 6 : explain SELECT k, c FROM sbtest6 WHERE k BETWEEN 5670715 AND 5670815
	Bitmap Heap Scan on sbtest6  (cost=5.56..440.56 rows=110 width=125)
	  Recheck Cond: ((k >= 5670715) AND (k <= 5670815))
	  ->  Bitmap Index Scan on k_6  (cost=0.00..5.53 rows=110 width=0)
	        Index Cond: ((k >= 5670715) AND (k <= 5670815))

table 7 : explain SELECT k, c FROM sbtest7 WHERE k BETWEEN 5670715 AND 5670815
	Bitmap Heap Scan on sbtest7  (cost=5.42..385.43 rows=96 width=125)
	  Recheck Cond: ((k >= 5670715) AND (k <= 5670815))
	  ->  Bitmap Index Scan on k_7  (cost=0.00..5.39 rows=96 width=0)
	        Index Cond: ((k >= 5670715) AND (k <= 5670815))

table 8 : explain SELECT k, c FROM sbtest8 WHERE k BETWEEN 5670715 AND 5670815
	Bitmap Heap Scan on sbtest8  (cost=5.48..409.07 rows=102 width=125)
	  Recheck Cond: ((k >= 5670715) AND (k <= 5670815))
	  ->  Bitmap Index Scan on k_8  (cost=0.00..5.45 rows=102 width=0)
	        Index Cond: ((k >= 5670715) AND (k <= 5670815))

for range-notcovered
table 1 : explain SELECT k, c FROM sbtest1 WHERE k BETWEEN 3267451 AND 3267551
	Bitmap Heap Scan on sbtest1  (cost=5.51..420.88 rows=105 width=125)
	  Recheck Cond: ((k >= 3267451) AND (k <= 3267551))
	  ->  Bitmap Index Scan on k_1  (cost=0.00..5.48 rows=105 width=0)
	        Index Cond: ((k >= 3267451) AND (k <= 3267551))

table 2 : explain SELECT k, c FROM sbtest2 WHERE k BETWEEN 3267451 AND 3267551
	Bitmap Heap Scan on sbtest2  (cost=5.53..428.75 rows=107 width=125)
	  Recheck Cond: ((k >= 3267451) AND (k <= 3267551))
	  ->  Bitmap Index Scan on k_2  (cost=0.00..5.50 rows=107 width=0)
	        Index Cond: ((k >= 3267451) AND (k <= 3267551))

table 3 : explain SELECT k, c FROM sbtest3 WHERE k BETWEEN 3267451 AND 3267551
	Bitmap Heap Scan on sbtest3  (cost=5.44..393.31 rows=98 width=125)
	  Recheck Cond: ((k >= 3267451) AND (k <= 3267551))
	  ->  Bitmap Index Scan on k_3  (cost=0.00..5.42 rows=98 width=0)
	        Index Cond: ((k >= 3267451) AND (k <= 3267551))

table 4 : explain SELECT k, c FROM sbtest4 WHERE k BETWEEN 3267451 AND 3267551
	Bitmap Heap Scan on sbtest4  (cost=5.47..405.13 rows=101 width=125)
	  Recheck Cond: ((k >= 3267451) AND (k <= 3267551))
	  ->  Bitmap Index Scan on k_4  (cost=0.00..5.44 rows=101 width=0)
	        Index Cond: ((k >= 3267451) AND (k <= 3267551))

table 5 : explain SELECT k, c FROM sbtest5 WHERE k BETWEEN 3267451 AND 3267551
	Bitmap Heap Scan on sbtest5  (cost=5.50..416.94 rows=104 width=125)
	  Recheck Cond: ((k >= 3267451) AND (k <= 3267551))
	  ->  Bitmap Index Scan on k_5  (cost=0.00..5.47 rows=104 width=0)
	        Index Cond: ((k >= 3267451) AND (k <= 3267551))

table 6 : explain SELECT k, c FROM sbtest6 WHERE k BETWEEN 3267451 AND 3267551
	Bitmap Heap Scan on sbtest6  (cost=5.44..393.31 rows=98 width=125)
	  Recheck Cond: ((k >= 3267451) AND (k <= 3267551))
	  ->  Bitmap Index Scan on k_6  (cost=0.00..5.42 rows=98 width=0)
	        Index Cond: ((k >= 3267451) AND (k <= 3267551))

table 7 : explain SELECT k, c FROM sbtest7 WHERE k BETWEEN 3267451 AND 3267551
	Bitmap Heap Scan on sbtest7  (cost=5.45..397.25 rows=99 width=125)
	  Recheck Cond: ((k >= 3267451) AND (k <= 3267551))
	  ->  Bitmap Index Scan on k_7  (cost=0.00..5.42 rows=99 width=0)
	        Index Cond: ((k >= 3267451) AND (k <= 3267551))

table 8 : explain SELECT k, c FROM sbtest8 WHERE k BETWEEN 3267451 AND 3267551
	Bitmap Heap Scan on sbtest8  (cost=5.55..436.62 rows=109 width=125)
	  Recheck Cond: ((k >= 3267451) AND (k <= 3267551))
	  ->  Bitmap Index Scan on k_8  (cost=0.00..5.52 rows=109 width=0)
	        Index Cond: ((k >= 3267451) AND (k <= 3267551))

explain: for range-notcovered :: explain SELECT k, c FROM sbtest%d WHERE k BETWEEN 6006776 AND 6006876
explain: for range-notcovered :: explain SELECT k, c FROM sbtest%d WHERE k BETWEEN 3267451 AND 3267551
explain: for range-notcovered :: explain SELECT k, c FROM sbtest%d WHERE k BETWEEN 5670715 AND 5670815
for range-notcovered
table 1 : explain SELECT k, c FROM sbtest1 WHERE k BETWEEN 4802221 AND 4802321
	Bitmap Heap Scan on sbtest1  (cost=5.41..381.49 rows=95 width=125)
	  Recheck Cond: ((k >= 4802221) AND (k <= 4802321))
	  ->  Bitmap Index Scan on k_1  (cost=0.00..5.38 rows=95 width=0)
	        Index Cond: ((k >= 4802221) AND (k <= 4802321))

table 2 : explain SELECT k, c FROM sbtest2 WHERE k BETWEEN 4802221 AND 4802321
	Bitmap Heap Scan on sbtest2  (cost=5.44..393.31 rows=98 width=125)
	  Recheck Cond: ((k >= 4802221) AND (k <= 4802321))
	  ->  Bitmap Index Scan on k_2  (cost=0.00..5.42 rows=98 width=0)
	        Index Cond: ((k >= 4802221) AND (k <= 4802321))

table 3 : explain SELECT k, c FROM sbtest3 WHERE k BETWEEN 4802221 AND 4802321
	Bitmap Heap Scan on sbtest3  (cost=5.50..416.94 rows=104 width=125)
	  Recheck Cond: ((k >= 4802221) AND (k <= 4802321))
	  ->  Bitmap Index Scan on k_3  (cost=0.00..5.47 rows=104 width=0)
	        Index Cond: ((k >= 4802221) AND (k <= 4802321))

table 4 : explain SELECT k, c FROM sbtest4 WHERE k BETWEEN 4802221 AND 4802321
	Bitmap Heap Scan on sbtest4  (cost=5.43..389.37 rows=97 width=125)
	  Recheck Cond: ((k >= 4802221) AND (k <= 4802321))
	  ->  Bitmap Index Scan on k_4  (cost=0.00..5.40 rows=97 width=0)
	        Index Cond: ((k >= 4802221) AND (k <= 4802321))

table 5 : explain SELECT k, c FROM sbtest5 WHERE k BETWEEN 4802221 AND 4802321
	Bitmap Heap Scan on sbtest5  (cost=5.52..424.81 rows=106 width=125)
	  Recheck Cond: ((k >= 4802221) AND (k <= 4802321))
	  ->  Bitmap Index Scan on k_5  (cost=0.00..5.50 rows=106 width=0)
	        Index Cond: ((k >= 4802221) AND (k <= 4802321))

table 6 : explain SELECT k, c FROM sbtest6 WHERE k BETWEEN 4802221 AND 4802321
	Bitmap Heap Scan on sbtest6  (cost=5.46..401.19 rows=100 width=125)
	  Recheck Cond: ((k >= 4802221) AND (k <= 4802321))
	  ->  Bitmap Index Scan on k_6  (cost=0.00..5.43 rows=100 width=0)
	        Index Cond: ((k >= 4802221) AND (k <= 4802321))

table 7 : explain SELECT k, c FROM sbtest7 WHERE k BETWEEN 4802221 AND 4802321
	Bitmap Heap Scan on sbtest7  (cost=5.43..389.37 rows=97 width=125)
	  Recheck Cond: ((k >= 4802221) AND (k <= 4802321))
	  ->  Bitmap Index Scan on k_7  (cost=0.00..5.40 rows=97 width=0)
	        Index Cond: ((k >= 4802221) AND (k <= 4802321))

table 8 : explain SELECT k, c FROM sbtest8 WHERE k BETWEEN 4802221 AND 4802321
	Bitmap Heap Scan on sbtest8  (cost=5.53..428.75 rows=107 width=125)
	  Recheck Cond: ((k >= 4802221) AND (k <= 4802321))
	  ->  Bitmap Index Scan on k_8  (cost=0.00..5.50 rows=107 width=0)
	        Index Cond: ((k >= 4802221) AND (k <= 4802321))

explain: for range-notcovered :: explain SELECT k, c FROM sbtest%d WHERE k BETWEEN 4318223 AND 4318323
for range-notcovered
table 1 : explain SELECT k, c FROM sbtest1 WHERE k BETWEEN 3319001 AND 3319101
	Bitmap Heap Scan on sbtest1  (cost=5.53..428.75 rows=107 width=125)
	  Recheck Cond: ((k >= 3319001) AND (k <= 3319101))
	  ->  Bitmap Index Scan on k_1  (cost=0.00..5.50 rows=107 width=0)
	        Index Cond: ((k >= 3319001) AND (k <= 3319101))

table 2 : explain SELECT k, c FROM sbtest2 WHERE k BETWEEN 3319001 AND 3319101
	Bitmap Heap Scan on sbtest2  (cost=5.47..405.13 rows=101 width=125)
	  Recheck Cond: ((k >= 3319001) AND (k <= 3319101))
	  ->  Bitmap Index Scan on k_2  (cost=0.00..5.44 rows=101 width=0)
	        Index Cond: ((k >= 3319001) AND (k <= 3319101))

table 3 : explain SELECT k, c FROM sbtest3 WHERE k BETWEEN 3319001 AND 3319101
	Bitmap Heap Scan on sbtest3  (cost=5.54..432.69 rows=108 width=125)
	  Recheck Cond: ((k >= 3319001) AND (k <= 3319101))
	  ->  Bitmap Index Scan on k_3  (cost=0.00..5.51 rows=108 width=0)
	        Index Cond: ((k >= 3319001) AND (k <= 3319101))

table 4 : explain SELECT k, c FROM sbtest4 WHERE k BETWEEN 3319001 AND 3319101
	Bitmap Heap Scan on sbtest4  (cost=5.48..409.07 rows=102 width=125)
	  Recheck Cond: ((k >= 3319001) AND (k <= 3319101))
	  ->  Bitmap Index Scan on k_4  (cost=0.00..5.45 rows=102 width=0)
	        Index Cond: ((k >= 3319001) AND (k <= 3319101))

table 5 : explain SELECT k, c FROM sbtest5 WHERE k BETWEEN 3319001 AND 3319101
	Bitmap Heap Scan on sbtest5  (cost=5.53..428.75 rows=107 width=125)
	  Recheck Cond: ((k >= 3319001) AND (k <= 3319101))
	  ->  Bitmap Index Scan on k_5  (cost=0.00..5.50 rows=107 width=0)
	        Index Cond: ((k >= 3319001) AND (k <= 3319101))

table 6 : explain SELECT k, c FROM sbtest6 WHERE k BETWEEN 3319001 AND 3319101
	Bitmap Heap Scan on sbtest6  (cost=5.44..393.31 rows=98 width=125)
	  Recheck Cond: ((k >= 3319001) AND (k <= 3319101))
	  ->  Bitmap Index Scan on k_6  (cost=0.00..5.42 rows=98 width=0)
	        Index Cond: ((k >= 3319001) AND (k <= 3319101))

table 7 : explain SELECT k, c FROM sbtest7 WHERE k BETWEEN 3319001 AND 3319101
	Bitmap Heap Scan on sbtest7  (cost=5.50..416.94 rows=104 width=125)
	  Recheck Cond: ((k >= 3319001) AND (k <= 3319101))
	  ->  Bitmap Index Scan on k_7  (cost=0.00..5.47 rows=104 width=0)
	        Index Cond: ((k >= 3319001) AND (k <= 3319101))

table 8 : explain SELECT k, c FROM sbtest8 WHERE k BETWEEN 3319001 AND 3319101
	Bitmap Heap Scan on sbtest8  (cost=5.48..409.07 rows=102 width=125)
	  Recheck Cond: ((k >= 3319001) AND (k <= 3319101))
	  ->  Bitmap Index Scan on k_8  (cost=0.00..5.45 rows=102 width=0)
	        Index Cond: ((k >= 3319001) AND (k <= 3319101))

for range-notcovered
table 1 : explain SELECT k, c FROM sbtest1 WHERE k BETWEEN 3267451 AND 3267551
	Bitmap Heap Scan on sbtest1  (cost=5.51..420.88 rows=105 width=125)
	  Recheck Cond: ((k >= 3267451) AND (k <= 3267551))
	  ->  Bitmap Index Scan on k_1  (cost=0.00..5.48 rows=105 width=0)
	        Index Cond: ((k >= 3267451) AND (k <= 3267551))

table 2 : explain SELECT k, c FROM sbtest2 WHERE k BETWEEN 3267451 AND 3267551
	Bitmap Heap Scan on sbtest2  (cost=5.53..428.75 rows=107 width=125)
	  Recheck Cond: ((k >= 3267451) AND (k <= 3267551))
	  ->  Bitmap Index Scan on k_2  (cost=0.00..5.50 rows=107 width=0)
	        Index Cond: ((k >= 3267451) AND (k <= 3267551))

table 3 : explain SELECT k, c FROM sbtest3 WHERE k BETWEEN 3267451 AND 3267551
	Bitmap Heap Scan on sbtest3  (cost=5.44..393.31 rows=98 width=125)
	  Recheck Cond: ((k >= 3267451) AND (k <= 3267551))
	  ->  Bitmap Index Scan on k_3  (cost=0.00..5.42 rows=98 width=0)
	        Index Cond: ((k >= 3267451) AND (k <= 3267551))

table 4 : explain SELECT k, c FROM sbtest4 WHERE k BETWEEN 3267451 AND 3267551
	Bitmap Heap Scan on sbtest4  (cost=5.47..405.13 rows=101 width=125)
	  Recheck Cond: ((k >= 3267451) AND (k <= 3267551))
	  ->  Bitmap Index Scan on k_4  (cost=0.00..5.44 rows=101 width=0)
	        Index Cond: ((k >= 3267451) AND (k <= 3267551))

table 5 : explain SELECT k, c FROM sbtest5 WHERE k BETWEEN 3267451 AND 3267551
	Bitmap Heap Scan on sbtest5  (cost=5.50..416.94 rows=104 width=125)
	  Recheck Cond: ((k >= 3267451) AND (k <= 3267551))
	  ->  Bitmap Index Scan on k_5  (cost=0.00..5.47 rows=104 width=0)
	        Index Cond: ((k >= 3267451) AND (k <= 3267551))

table 6 : explain SELECT k, c FROM sbtest6 WHERE k BETWEEN 3267451 AND 3267551
	Bitmap Heap Scan on sbtest6  (cost=5.44..393.31 rows=98 width=125)
	  Recheck Cond: ((k >= 3267451) AND (k <= 3267551))
	  ->  Bitmap Index Scan on k_6  (cost=0.00..5.42 rows=98 width=0)
	        Index Cond: ((k >= 3267451) AND (k <= 3267551))

table 7 : explain SELECT k, c FROM sbtest7 WHERE k BETWEEN 3267451 AND 3267551
	Bitmap Heap Scan on sbtest7  (cost=5.45..397.25 rows=99 width=125)
	  Recheck Cond: ((k >= 3267451) AND (k <= 3267551))
	  ->  Bitmap Index Scan on k_7  (cost=0.00..5.42 rows=99 width=0)
	        Index Cond: ((k >= 3267451) AND (k <= 3267551))

table 8 : explain SELECT k, c FROM sbtest8 WHERE k BETWEEN 3267451 AND 3267551
	Bitmap Heap Scan on sbtest8  (cost=5.55..436.62 rows=109 width=125)
	  Recheck Cond: ((k >= 3267451) AND (k <= 3267551))
	  ->  Bitmap Index Scan on k_8  (cost=0.00..5.52 rows=109 width=0)
	        Index Cond: ((k >= 3267451) AND (k <= 3267551))

for range-notcovered
table 1 : explain SELECT k, c FROM sbtest1 WHERE k BETWEEN 9064660 AND 9064760
	Bitmap Heap Scan on sbtest1  (cost=5.47..405.13 rows=101 width=125)
	  Recheck Cond: ((k >= 9064660) AND (k <= 9064760))
	  ->  Bitmap Index Scan on k_1  (cost=0.00..5.44 rows=101 width=0)
	        Index Cond: ((k >= 9064660) AND (k <= 9064760))

table 2 : explain SELECT k, c FROM sbtest2 WHERE k BETWEEN 9064660 AND 9064760
	Bitmap Heap Scan on sbtest2  (cost=5.36..361.78 rows=90 width=125)
	  Recheck Cond: ((k >= 9064660) AND (k <= 9064760))
	  ->  Bitmap Index Scan on k_2  (cost=0.00..5.33 rows=90 width=0)
	        Index Cond: ((k >= 9064660) AND (k <= 9064760))

table 3 : explain SELECT k, c FROM sbtest3 WHERE k BETWEEN 9064660 AND 9064760
	Bitmap Heap Scan on sbtest3  (cost=5.53..428.75 rows=107 width=125)
	  Recheck Cond: ((k >= 9064660) AND (k <= 9064760))
	  ->  Bitmap Index Scan on k_3  (cost=0.00..5.50 rows=107 width=0)
	        Index Cond: ((k >= 9064660) AND (k <= 9064760))

table 4 : explain SELECT k, c FROM sbtest4 WHERE k BETWEEN 9064660 AND 9064760
	Bitmap Heap Scan on sbtest4  (cost=5.49..413.00 rows=103 width=125)
	  Recheck Cond: ((k >= 9064660) AND (k <= 9064760))
	  ->  Bitmap Index Scan on k_4  (cost=0.00..5.46 rows=103 width=0)
	        Index Cond: ((k >= 9064660) AND (k <= 9064760))

table 5 : explain SELECT k, c FROM sbtest5 WHERE k BETWEEN 9064660 AND 9064760
	Bitmap Heap Scan on sbtest5  (cost=5.41..381.49 rows=95 width=125)
	  Recheck Cond: ((k >= 9064660) AND (k <= 9064760))
	  ->  Bitmap Index Scan on k_5  (cost=0.00..5.38 rows=95 width=0)
	        Index Cond: ((k >= 9064660) AND (k <= 9064760))

table 6 : explain SELECT k, c FROM sbtest6 WHERE k BETWEEN 9064660 AND 9064760
	Bitmap Heap Scan on sbtest6  (cost=5.43..389.37 rows=97 width=125)
	  Recheck Cond: ((k >= 9064660) AND (k <= 9064760))
	  ->  Bitmap Index Scan on k_6  (cost=0.00..5.40 rows=97 width=0)
	        Index Cond: ((k >= 9064660) AND (k <= 9064760))

table 7 : explain SELECT k, c FROM sbtest7 WHERE k BETWEEN 9064660 AND 9064760
	Bitmap Heap Scan on sbtest7  (cost=5.44..393.31 rows=98 width=125)
	  Recheck Cond: ((k >= 9064660) AND (k <= 9064760))
	  ->  Bitmap Index Scan on k_7  (cost=0.00..5.42 rows=98 width=0)
	        Index Cond: ((k >= 9064660) AND (k <= 9064760))

table 8 : explain SELECT k, c FROM sbtest8 WHERE k BETWEEN 9064660 AND 9064760
	Bitmap Heap Scan on sbtest8  (cost=5.48..409.07 rows=102 width=125)
	  Recheck Cond: ((k >= 9064660) AND (k <= 9064760))
	  ->  Bitmap Index Scan on k_8  (cost=0.00..5.45 rows=102 width=0)
	        Index Cond: ((k >= 9064660) AND (k <= 9064760))

for range-notcovered
table 1 : explain SELECT k, c FROM sbtest1 WHERE k BETWEEN 5783936 AND 5784036
	Bitmap Heap Scan on sbtest1  (cost=5.52..424.81 rows=106 width=125)
	  Recheck Cond: ((k >= 5783936) AND (k <= 5784036))
	  ->  Bitmap Index Scan on k_1  (cost=0.00..5.50 rows=106 width=0)
	        Index Cond: ((k >= 5783936) AND (k <= 5784036))

table 2 : explain SELECT k, c FROM sbtest2 WHERE k BETWEEN 5783936 AND 5784036
	Bitmap Heap Scan on sbtest2  (cost=5.45..397.25 rows=99 width=125)
	  Recheck Cond: ((k >= 5783936) AND (k <= 5784036))
	  ->  Bitmap Index Scan on k_2  (cost=0.00..5.42 rows=99 width=0)
	        Index Cond: ((k >= 5783936) AND (k <= 5784036))

table 3 : explain SELECT k, c FROM sbtest3 WHERE k BETWEEN 5783936 AND 5784036
	Bitmap Heap Scan on sbtest3  (cost=5.38..369.67 rows=92 width=125)
	  Recheck Cond: ((k >= 5783936) AND (k <= 5784036))
	  ->  Bitmap Index Scan on k_3  (cost=0.00..5.35 rows=92 width=0)
	        Index Cond: ((k >= 5783936) AND (k <= 5784036))

table 4 : explain SELECT k, c FROM sbtest4 WHERE k BETWEEN 5783936 AND 5784036
	Bitmap Heap Scan on sbtest4  (cost=5.47..405.13 rows=101 width=125)
	  Recheck Cond: ((k >= 5783936) AND (k <= 5784036))
	  ->  Bitmap Index Scan on k_4  (cost=0.00..5.44 rows=101 width=0)
	        Index Cond: ((k >= 5783936) AND (k <= 5784036))

table 5 : explain SELECT k, c FROM sbtest5 WHERE k BETWEEN 5783936 AND 5784036
	Bitmap Heap Scan on sbtest5  (cost=5.49..413.00 rows=103 width=125)
	  Recheck Cond: ((k >= 5783936) AND (k <= 5784036))
	  ->  Bitmap Index Scan on k_5  (cost=0.00..5.46 rows=103 width=0)
	        Index Cond: ((k >= 5783936) AND (k <= 5784036))

table 6 : explain SELECT k, c FROM sbtest6 WHERE k BETWEEN 5783936 AND 5784036
	Bitmap Heap Scan on sbtest6  (cost=5.47..405.13 rows=101 width=125)
	  Recheck Cond: ((k >= 5783936) AND (k <= 5784036))
	  ->  Bitmap Index Scan on k_6  (cost=0.00..5.44 rows=101 width=0)
	        Index Cond: ((k >= 5783936) AND (k <= 5784036))

table 7 : explain SELECT k, c FROM sbtest7 WHERE k BETWEEN 5783936 AND 5784036
	Bitmap Heap Scan on sbtest7  (cost=5.40..377.55 rows=94 width=125)
	  Recheck Cond: ((k >= 5783936) AND (k <= 5784036))
	  ->  Bitmap Index Scan on k_7  (cost=0.00..5.38 rows=94 width=0)
	        Index Cond: ((k >= 5783936) AND (k <= 5784036))

table 8 : explain SELECT k, c FROM sbtest8 WHERE k BETWEEN 5783936 AND 5784036
	Bitmap Heap Scan on sbtest8  (cost=5.48..409.07 rows=102 width=125)
	  Recheck Cond: ((k >= 5783936) AND (k <= 5784036))
	  ->  Bitmap Index Scan on k_8  (cost=0.00..5.45 rows=102 width=0)
	        Index Cond: ((k >= 5783936) AND (k <= 5784036))

explain: for range-notcovered :: explain SELECT k, c FROM sbtest%d WHERE k BETWEEN 3267451 AND 3267551
for range-notcovered
table 1 : explain SELECT k, c FROM sbtest1 WHERE k BETWEEN 4410452 AND 4410552
	Bitmap Heap Scan on sbtest1  (cost=5.45..397.25 rows=99 width=125)
	  Recheck Cond: ((k >= 4410452) AND (k <= 4410552))
	  ->  Bitmap Index Scan on k_1  (cost=0.00..5.42 rows=99 width=0)
	        Index Cond: ((k >= 4410452) AND (k <= 4410552))

table 2 : explain SELECT k, c FROM sbtest2 WHERE k BETWEEN 4410452 AND 4410552
	Bitmap Heap Scan on sbtest2  (cost=5.41..381.49 rows=95 width=125)
	  Recheck Cond: ((k >= 4410452) AND (k <= 4410552))
	  ->  Bitmap Index Scan on k_2  (cost=0.00..5.38 rows=95 width=0)
	        Index Cond: ((k >= 4410452) AND (k <= 4410552))

table 3 : explain SELECT k, c FROM sbtest3 WHERE k BETWEEN 4410452 AND 4410552
	Bitmap Heap Scan on sbtest3  (cost=5.46..401.19 rows=100 width=125)
	  Recheck Cond: ((k >= 4410452) AND (k <= 4410552))
	  ->  Bitmap Index Scan on k_3  (cost=0.00..5.43 rows=100 width=0)
	        Index Cond: ((k >= 4410452) AND (k <= 4410552))

table 4 : explain SELECT k, c FROM sbtest4 WHERE k BETWEEN 4410452 AND 4410552
	Bitmap Heap Scan on sbtest4  (cost=5.53..428.75 rows=107 width=125)
	  Recheck Cond: ((k >= 4410452) AND (k <= 4410552))
	  ->  Bitmap Index Scan on k_4  (cost=0.00..5.50 rows=107 width=0)
	        Index Cond: ((k >= 4410452) AND (k <= 4410552))

table 5 : explain SELECT k, c FROM sbtest5 WHERE k BETWEEN 4410452 AND 4410552
	Bitmap Heap Scan on sbtest5  (cost=5.54..432.69 rows=108 width=125)
	  Recheck Cond: ((k >= 4410452) AND (k <= 4410552))
	  ->  Bitmap Index Scan on k_5  (cost=0.00..5.51 rows=108 width=0)
	        Index Cond: ((k >= 4410452) AND (k <= 4410552))

table 6 : explain SELECT k, c FROM sbtest6 WHERE k BETWEEN 4410452 AND 4410552
	Bitmap Heap Scan on sbtest6  (cost=5.52..424.81 rows=106 width=125)
	  Recheck Cond: ((k >= 4410452) AND (k <= 4410552))
	  ->  Bitmap Index Scan on k_6  (cost=0.00..5.50 rows=106 width=0)
	        Index Cond: ((k >= 4410452) AND (k <= 4410552))

table 7 : explain SELECT k, c FROM sbtest7 WHERE k BETWEEN 4410452 AND 4410552
	Bitmap Heap Scan on sbtest7  (cost=5.53..428.75 rows=107 width=125)
	  Recheck Cond: ((k >= 4410452) AND (k <= 4410552))
	  ->  Bitmap Index Scan on k_7  (cost=0.00..5.50 rows=107 width=0)
	        Index Cond: ((k >= 4410452) AND (k <= 4410552))

table 8 : explain SELECT k, c FROM sbtest8 WHERE k BETWEEN 4410452 AND 4410552
	Bitmap Heap Scan on sbtest8  (cost=5.46..401.19 rows=100 width=125)
	  Recheck Cond: ((k >= 4410452) AND (k <= 4410552))
	  ->  Bitmap Index Scan on k_8  (cost=0.00..5.43 rows=100 width=0)
	        Index Cond: ((k >= 4410452) AND (k <= 4410552))

for range-notcovered
table 1 : explain SELECT k, c FROM sbtest1 WHERE k BETWEEN 4929683 AND 4929783
	Bitmap Heap Scan on sbtest1  (cost=5.52..424.81 rows=106 width=125)
	  Recheck Cond: ((k >= 4929683) AND (k <= 4929783))
	  ->  Bitmap Index Scan on k_1  (cost=0.00..5.50 rows=106 width=0)
	        Index Cond: ((k >= 4929683) AND (k <= 4929783))

table 2 : explain SELECT k, c FROM sbtest2 WHERE k BETWEEN 4929683 AND 4929783
	Bitmap Heap Scan on sbtest2  (cost=5.40..377.55 rows=94 width=125)
	  Recheck Cond: ((k >= 4929683) AND (k <= 4929783))
	  ->  Bitmap Index Scan on k_2  (cost=0.00..5.38 rows=94 width=0)
	        Index Cond: ((k >= 4929683) AND (k <= 4929783))

table 3 : explain SELECT k, c FROM sbtest3 WHERE k BETWEEN 4929683 AND 4929783
	Bitmap Heap Scan on sbtest3  (cost=5.53..428.75 rows=107 width=125)
	  Recheck Cond: ((k >= 4929683) AND (k <= 4929783))
	  ->  Bitmap Index Scan on k_3  (cost=0.00..5.50 rows=107 width=0)
	        Index Cond: ((k >= 4929683) AND (k <= 4929783))

table 4 : explain SELECT k, c FROM sbtest4 WHERE k BETWEEN 4929683 AND 4929783
	Bitmap Heap Scan on sbtest4  (cost=5.49..413.00 rows=103 width=125)
	  Recheck Cond: ((k >= 4929683) AND (k <= 4929783))
	  ->  Bitmap Index Scan on k_4  (cost=0.00..5.46 rows=103 width=0)
	        Index Cond: ((k >= 4929683) AND (k <= 4929783))

table 5 : explain SELECT k, c FROM sbtest5 WHERE k BETWEEN 4929683 AND 4929783
	Bitmap Heap Scan on sbtest5  (cost=5.48..409.07 rows=102 width=125)
	  Recheck Cond: ((k >= 4929683) AND (k <= 4929783))
	  ->  Bitmap Index Scan on k_5  (cost=0.00..5.45 rows=102 width=0)
	        Index Cond: ((k >= 4929683) AND (k <= 4929783))

table 6 : explain SELECT k, c FROM sbtest6 WHERE k BETWEEN 4929683 AND 4929783
	Bitmap Heap Scan on sbtest6  (cost=5.40..377.55 rows=94 width=125)
	  Recheck Cond: ((k >= 4929683) AND (k <= 4929783))
	  ->  Bitmap Index Scan on k_6  (cost=0.00..5.38 rows=94 width=0)
	        Index Cond: ((k >= 4929683) AND (k <= 4929783))

table 7 : explain SELECT k, c FROM sbtest7 WHERE k BETWEEN 4929683 AND 4929783
	Bitmap Heap Scan on sbtest7  (cost=5.43..389.37 rows=97 width=125)
	  Recheck Cond: ((k >= 4929683) AND (k <= 4929783))
	  ->  Bitmap Index Scan on k_7  (cost=0.00..5.40 rows=97 width=0)
	        Index Cond: ((k >= 4929683) AND (k <= 4929783))

table 8 : explain SELECT k, c FROM sbtest8 WHERE k BETWEEN 4929683 AND 4929783
	Bitmap Heap Scan on sbtest8  (cost=5.42..385.43 rows=96 width=125)
	  Recheck Cond: ((k >= 4929683) AND (k <= 4929783))
	  ->  Bitmap Index Scan on k_8  (cost=0.00..5.39 rows=96 width=0)
	        Index Cond: ((k >= 4929683) AND (k <= 4929783))

explain: for range-notcovered :: explain SELECT k, c FROM sbtest%d WHERE k BETWEEN 4410452 AND 4410552
for range-notcovered
table 1 : explain SELECT k, c FROM sbtest1 WHERE k BETWEEN 7513718 AND 7513818
	Bitmap Heap Scan on sbtest1  (cost=5.44..393.31 rows=98 width=125)
	  Recheck Cond: ((k >= 7513718) AND (k <= 7513818))
	  ->  Bitmap Index Scan on k_1  (cost=0.00..5.42 rows=98 width=0)
	        Index Cond: ((k >= 7513718) AND (k <= 7513818))

table 2 : explain SELECT k, c FROM sbtest2 WHERE k BETWEEN 7513718 AND 7513818
	Bitmap Heap Scan on sbtest2  (cost=5.51..420.88 rows=105 width=125)
	  Recheck Cond: ((k >= 7513718) AND (k <= 7513818))
	  ->  Bitmap Index Scan on k_2  (cost=0.00..5.48 rows=105 width=0)
	        Index Cond: ((k >= 7513718) AND (k <= 7513818))

table 3 : explain SELECT k, c FROM sbtest3 WHERE k BETWEEN 7513718 AND 7513818
	Bitmap Heap Scan on sbtest3  (cost=5.44..393.31 rows=98 width=125)
	  Recheck Cond: ((k >= 7513718) AND (k <= 7513818))
	  ->  Bitmap Index Scan on k_3  (cost=0.00..5.42 rows=98 width=0)
	        Index Cond: ((k >= 7513718) AND (k <= 7513818))

table 4 : explain SELECT k, c FROM sbtest4 WHERE k BETWEEN 7513718 AND 7513818
	Bitmap Heap Scan on sbtest4  (cost=5.43..389.37 rows=97 width=125)
	  Recheck Cond: ((k >= 7513718) AND (k <= 7513818))
	  ->  Bitmap Index Scan on k_4  (cost=0.00..5.40 rows=97 width=0)
	        Index Cond: ((k >= 7513718) AND (k <= 7513818))

table 5 : explain SELECT k, c FROM sbtest5 WHERE k BETWEEN 7513718 AND 7513818
	Bitmap Heap Scan on sbtest5  (cost=5.46..401.19 rows=100 width=125)
	  Recheck Cond: ((k >= 7513718) AND (k <= 7513818))
	  ->  Bitmap Index Scan on k_5  (cost=0.00..5.43 rows=100 width=0)
	        Index Cond: ((k >= 7513718) AND (k <= 7513818))

table 6 : explain SELECT k, c FROM sbtest6 WHERE k BETWEEN 7513718 AND 7513818
	Bitmap Heap Scan on sbtest6  (cost=5.48..409.07 rows=102 width=125)
	  Recheck Cond: ((k >= 7513718) AND (k <= 7513818))
	  ->  Bitmap Index Scan on k_6  (cost=0.00..5.45 rows=102 width=0)
	        Index Cond: ((k >= 7513718) AND (k <= 7513818))

table 7 : explain SELECT k, c FROM sbtest7 WHERE k BETWEEN 7513718 AND 7513818
	Bitmap Heap Scan on sbtest7  (cost=5.54..432.69 rows=108 width=125)
	  Recheck Cond: ((k >= 7513718) AND (k <= 7513818))
	  ->  Bitmap Index Scan on k_7  (cost=0.00..5.51 rows=108 width=0)
	        Index Cond: ((k >= 7513718) AND (k <= 7513818))

table 8 : explain SELECT k, c FROM sbtest8 WHERE k BETWEEN 7513718 AND 7513818
	Bitmap Heap Scan on sbtest8  (cost=5.52..424.81 rows=106 width=125)
	  Recheck Cond: ((k >= 7513718) AND (k <= 7513818))
	  ->  Bitmap Index Scan on k_8  (cost=0.00..5.50 rows=106 width=0)
	        Index Cond: ((k >= 7513718) AND (k <= 7513818))

explain: for range-notcovered :: explain SELECT k, c FROM sbtest%d WHERE k BETWEEN 4929683 AND 4929783
explain: for range-notcovered :: explain SELECT k, c FROM sbtest%d WHERE k BETWEEN 9064660 AND 9064760
explain: for range-notcovered :: explain SELECT k, c FROM sbtest%d WHERE k BETWEEN 7513718 AND 7513818
for range-notcovered
table 1 : explain SELECT k, c FROM sbtest1 WHERE k BETWEEN 7765389 AND 7765489
	Bitmap Heap Scan on sbtest1  (cost=5.42..385.43 rows=96 width=125)
	  Recheck Cond: ((k >= 7765389) AND (k <= 7765489))
	  ->  Bitmap Index Scan on k_1  (cost=0.00..5.39 rows=96 width=0)
	        Index Cond: ((k >= 7765389) AND (k <= 7765489))

table 2 : explain SELECT k, c FROM sbtest2 WHERE k BETWEEN 7765389 AND 7765489
	Bitmap Heap Scan on sbtest2  (cost=5.57..444.49 rows=111 width=125)
	  Recheck Cond: ((k >= 7765389) AND (k <= 7765489))
	  ->  Bitmap Index Scan on k_2  (cost=0.00..5.54 rows=111 width=0)
	        Index Cond: ((k >= 7765389) AND (k <= 7765489))

table 3 : explain SELECT k, c FROM sbtest3 WHERE k BETWEEN 7765389 AND 7765489
	Bitmap Heap Scan on sbtest3  (cost=5.46..401.19 rows=100 width=125)
	  Recheck Cond: ((k >= 7765389) AND (k <= 7765489))
	  ->  Bitmap Index Scan on k_3  (cost=0.00..5.43 rows=100 width=0)
	        Index Cond: ((k >= 7765389) AND (k <= 7765489))

table 4 : explain SELECT k, c FROM sbtest4 WHERE k BETWEEN 7765389 AND 7765489
	Bitmap Heap Scan on sbtest4  (cost=5.44..393.31 rows=98 width=125)
	  Recheck Cond: ((k >= 7765389) AND (k <= 7765489))
	  ->  Bitmap Index Scan on k_4  (cost=0.00..5.42 rows=98 width=0)
	        Index Cond: ((k >= 7765389) AND (k <= 7765489))

table 5 : explain SELECT k, c FROM sbtest5 WHERE k BETWEEN 7765389 AND 7765489
	Bitmap Heap Scan on sbtest5  (cost=5.43..389.37 rows=97 width=125)
	  Recheck Cond: ((k >= 7765389) AND (k <= 7765489))
	  ->  Bitmap Index Scan on k_5  (cost=0.00..5.40 rows=97 width=0)
	        Index Cond: ((k >= 7765389) AND (k <= 7765489))

table 6 : explain SELECT k, c FROM sbtest6 WHERE k BETWEEN 7765389 AND 7765489
	Bitmap Heap Scan on sbtest6  (cost=5.52..424.81 rows=106 width=125)
	  Recheck Cond: ((k >= 7765389) AND (k <= 7765489))
	  ->  Bitmap Index Scan on k_6  (cost=0.00..5.50 rows=106 width=0)
	        Index Cond: ((k >= 7765389) AND (k <= 7765489))

table 7 : explain SELECT k, c FROM sbtest7 WHERE k BETWEEN 7765389 AND 7765489
	Bitmap Heap Scan on sbtest7  (cost=5.51..420.88 rows=105 width=125)
	  Recheck Cond: ((k >= 7765389) AND (k <= 7765489))
	  ->  Bitmap Index Scan on k_7  (cost=0.00..5.48 rows=105 width=0)
	        Index Cond: ((k >= 7765389) AND (k <= 7765489))

table 8 : explain SELECT k, c FROM sbtest8 WHERE k BETWEEN 7765389 AND 7765489
	Bitmap Heap Scan on sbtest8  (cost=5.50..416.94 rows=104 width=125)
	  Recheck Cond: ((k >= 7765389) AND (k <= 7765489))
	  ->  Bitmap Index Scan on k_8  (cost=0.00..5.47 rows=104 width=0)
	        Index Cond: ((k >= 7765389) AND (k <= 7765489))

explain: for range-notcovered :: explain SELECT k, c FROM sbtest%d WHERE k BETWEEN 1120689 AND 1120789
explain: for range-notcovered :: explain SELECT k, c FROM sbtest%d WHERE k BETWEEN 7765389 AND 7765489
for range-notcovered
table 1 : explain SELECT k, c FROM sbtest1 WHERE k BETWEEN 5670715 AND 5670815
	Bitmap Heap Scan on sbtest1  (cost=5.53..428.75 rows=107 width=125)
	  Recheck Cond: ((k >= 5670715) AND (k <= 5670815))
	  ->  Bitmap Index Scan on k_1  (cost=0.00..5.50 rows=107 width=0)
	        Index Cond: ((k >= 5670715) AND (k <= 5670815))

table 2 : explain SELECT k, c FROM sbtest2 WHERE k BETWEEN 5670715 AND 5670815
	Bitmap Heap Scan on sbtest2  (cost=5.45..397.25 rows=99 width=125)
	  Recheck Cond: ((k >= 5670715) AND (k <= 5670815))
	  ->  Bitmap Index Scan on k_2  (cost=0.00..5.42 rows=99 width=0)
	        Index Cond: ((k >= 5670715) AND (k <= 5670815))

table 3 : explain SELECT k, c FROM sbtest3 WHERE k BETWEEN 5670715 AND 5670815
	Bitmap Heap Scan on sbtest3  (cost=5.44..393.31 rows=98 width=125)
	  Recheck Cond: ((k >= 5670715) AND (k <= 5670815))
	  ->  Bitmap Index Scan on k_3  (cost=0.00..5.42 rows=98 width=0)
	        Index Cond: ((k >= 5670715) AND (k <= 5670815))

table 4 : explain SELECT k, c FROM sbtest4 WHERE k BETWEEN 5670715 AND 5670815
	Bitmap Heap Scan on sbtest4  (cost=5.44..393.31 rows=98 width=125)
	  Recheck Cond: ((k >= 5670715) AND (k <= 5670815))
	  ->  Bitmap Index Scan on k_4  (cost=0.00..5.42 rows=98 width=0)
	        Index Cond: ((k >= 5670715) AND (k <= 5670815))

table 5 : explain SELECT k, c FROM sbtest5 WHERE k BETWEEN 5670715 AND 5670815
	Bitmap Heap Scan on sbtest5  (cost=5.47..405.13 rows=101 width=125)
	  Recheck Cond: ((k >= 5670715) AND (k <= 5670815))
	  ->  Bitmap Index Scan on k_5  (cost=0.00..5.44 rows=101 width=0)
	        Index Cond: ((k >= 5670715) AND (k <= 5670815))

table 6 : explain SELECT k, c FROM sbtest6 WHERE k BETWEEN 5670715 AND 5670815
	Bitmap Heap Scan on sbtest6  (cost=5.56..440.56 rows=110 width=125)
	  Recheck Cond: ((k >= 5670715) AND (k <= 5670815))
	  ->  Bitmap Index Scan on k_6  (cost=0.00..5.53 rows=110 width=0)
	        Index Cond: ((k >= 5670715) AND (k <= 5670815))

table 7 : explain SELECT k, c FROM sbtest7 WHERE k BETWEEN 5670715 AND 5670815
	Bitmap Heap Scan on sbtest7  (cost=5.42..385.43 rows=96 width=125)
	  Recheck Cond: ((k >= 5670715) AND (k <= 5670815))
	  ->  Bitmap Index Scan on k_7  (cost=0.00..5.39 rows=96 width=0)
	        Index Cond: ((k >= 5670715) AND (k <= 5670815))

table 8 : explain SELECT k, c FROM sbtest8 WHERE k BETWEEN 5670715 AND 5670815
	Bitmap Heap Scan on sbtest8  (cost=5.48..409.07 rows=102 width=125)
	  Recheck Cond: ((k >= 5670715) AND (k <= 5670815))
	  ->  Bitmap Index Scan on k_8  (cost=0.00..5.45 rows=102 width=0)
	        Index Cond: ((k >= 5670715) AND (k <= 5670815))

for range-notcovered
table 1 : explain SELECT k, c FROM sbtest1 WHERE k BETWEEN 6006776 AND 6006876
	Bitmap Heap Scan on sbtest1  (cost=5.39..373.61 rows=93 width=125)
	  Recheck Cond: ((k >= 6006776) AND (k <= 6006876))
	  ->  Bitmap Index Scan on k_1  (cost=0.00..5.36 rows=93 width=0)
	        Index Cond: ((k >= 6006776) AND (k <= 6006876))

table 2 : explain SELECT k, c FROM sbtest2 WHERE k BETWEEN 6006776 AND 6006876
	Bitmap Heap Scan on sbtest2  (cost=5.46..401.19 rows=100 width=125)
	  Recheck Cond: ((k >= 6006776) AND (k <= 6006876))
	  ->  Bitmap Index Scan on k_2  (cost=0.00..5.43 rows=100 width=0)
	        Index Cond: ((k >= 6006776) AND (k <= 6006876))

table 3 : explain SELECT k, c FROM sbtest3 WHERE k BETWEEN 6006776 AND 6006876
	Bitmap Heap Scan on sbtest3  (cost=5.52..424.81 rows=106 width=125)
	  Recheck Cond: ((k >= 6006776) AND (k <= 6006876))
	  ->  Bitmap Index Scan on k_3  (cost=0.00..5.50 rows=106 width=0)
	        Index Cond: ((k >= 6006776) AND (k <= 6006876))

table 4 : explain SELECT k, c FROM sbtest4 WHERE k BETWEEN 6006776 AND 6006876
	Bitmap Heap Scan on sbtest4  (cost=5.41..381.49 rows=95 width=125)
	  Recheck Cond: ((k >= 6006776) AND (k <= 6006876))
	  ->  Bitmap Index Scan on k_4  (cost=0.00..5.38 rows=95 width=0)
	        Index Cond: ((k >= 6006776) AND (k <= 6006876))

table 5 : explain SELECT k, c FROM sbtest5 WHERE k BETWEEN 6006776 AND 6006876
	Bitmap Heap Scan on sbtest5  (cost=5.57..444.49 rows=111 width=125)
	  Recheck Cond: ((k >= 6006776) AND (k <= 6006876))
	  ->  Bitmap Index Scan on k_5  (cost=0.00..5.54 rows=111 width=0)
	        Index Cond: ((k >= 6006776) AND (k <= 6006876))

table 6 : explain SELECT k, c FROM sbtest6 WHERE k BETWEEN 6006776 AND 6006876
	Bitmap Heap Scan on sbtest6  (cost=5.48..409.07 rows=102 width=125)
	  Recheck Cond: ((k >= 6006776) AND (k <= 6006876))
	  ->  Bitmap Index Scan on k_6  (cost=0.00..5.45 rows=102 width=0)
	        Index Cond: ((k >= 6006776) AND (k <= 6006876))

table 7 : explain SELECT k, c FROM sbtest7 WHERE k BETWEEN 6006776 AND 6006876
	Bitmap Heap Scan on sbtest7  (cost=5.47..405.13 rows=101 width=125)
	  Recheck Cond: ((k >= 6006776) AND (k <= 6006876))
	  ->  Bitmap Index Scan on k_7  (cost=0.00..5.44 rows=101 width=0)
	        Index Cond: ((k >= 6006776) AND (k <= 6006876))

table 8 : explain SELECT k, c FROM sbtest8 WHERE k BETWEEN 6006776 AND 6006876
	Bitmap Heap Scan on sbtest8  (cost=5.57..444.49 rows=111 width=125)
	  Recheck Cond: ((k >= 6006776) AND (k <= 6006876))
	  ->  Bitmap Index Scan on k_8  (cost=0.00..5.54 rows=111 width=0)
	        Index Cond: ((k >= 6006776) AND (k <= 6006876))

for range-notcovered
table 1 : explain SELECT k, c FROM sbtest1 WHERE k BETWEEN 1501718 AND 1501818
	Bitmap Heap Scan on sbtest1  (cost=5.44..393.31 rows=98 width=125)
	  Recheck Cond: ((k >= 1501718) AND (k <= 1501818))
	  ->  Bitmap Index Scan on k_1  (cost=0.00..5.42 rows=98 width=0)
	        Index Cond: ((k >= 1501718) AND (k <= 1501818))

table 2 : explain SELECT k, c FROM sbtest2 WHERE k BETWEEN 1501718 AND 1501818
	Bitmap Heap Scan on sbtest2  (cost=5.53..428.75 rows=107 width=125)
	  Recheck Cond: ((k >= 1501718) AND (k <= 1501818))
	  ->  Bitmap Index Scan on k_2  (cost=0.00..5.50 rows=107 width=0)
	        Index Cond: ((k >= 1501718) AND (k <= 1501818))

table 3 : explain SELECT k, c FROM sbtest3 WHERE k BETWEEN 1501718 AND 1501818
	Bitmap Heap Scan on sbtest3  (cost=5.57..444.49 rows=111 width=125)
	  Recheck Cond: ((k >= 1501718) AND (k <= 1501818))
	  ->  Bitmap Index Scan on k_3  (cost=0.00..5.54 rows=111 width=0)
	        Index Cond: ((k >= 1501718) AND (k <= 1501818))

table 4 : explain SELECT k, c FROM sbtest4 WHERE k BETWEEN 1501718 AND 1501818
	Bitmap Heap Scan on sbtest4  (cost=5.43..389.37 rows=97 width=125)
	  Recheck Cond: ((k >= 1501718) AND (k <= 1501818))
	  ->  Bitmap Index Scan on k_4  (cost=0.00..5.40 rows=97 width=0)
	        Index Cond: ((k >= 1501718) AND (k <= 1501818))

table 5 : explain SELECT k, c FROM sbtest5 WHERE k BETWEEN 1501718 AND 1501818
	Bitmap Heap Scan on sbtest5  (cost=5.50..416.94 rows=104 width=125)
	  Recheck Cond: ((k >= 1501718) AND (k <= 1501818))
	  ->  Bitmap Index Scan on k_5  (cost=0.00..5.47 rows=104 width=0)
	        Index Cond: ((k >= 1501718) AND (k <= 1501818))

table 6 : explain SELECT k, c FROM sbtest6 WHERE k BETWEEN 1501718 AND 1501818
	Bitmap Heap Scan on sbtest6  (cost=5.42..385.43 rows=96 width=125)
	  Recheck Cond: ((k >= 1501718) AND (k <= 1501818))
	  ->  Bitmap Index Scan on k_6  (cost=0.00..5.39 rows=96 width=0)
	        Index Cond: ((k >= 1501718) AND (k <= 1501818))

table 7 : explain SELECT k, c FROM sbtest7 WHERE k BETWEEN 1501718 AND 1501818
	Bitmap Heap Scan on sbtest7  (cost=5.45..397.25 rows=99 width=125)
	  Recheck Cond: ((k >= 1501718) AND (k <= 1501818))
	  ->  Bitmap Index Scan on k_7  (cost=0.00..5.42 rows=99 width=0)
	        Index Cond: ((k >= 1501718) AND (k <= 1501818))

table 8 : explain SELECT k, c FROM sbtest8 WHERE k BETWEEN 1501718 AND 1501818
	Bitmap Heap Scan on sbtest8  (cost=5.50..416.94 rows=104 width=125)
	  Recheck Cond: ((k >= 1501718) AND (k <= 1501818))
	  ->  Bitmap Index Scan on k_8  (cost=0.00..5.47 rows=104 width=0)
	        Index Cond: ((k >= 1501718) AND (k <= 1501818))

explain: for range-notcovered :: explain SELECT k, c FROM sbtest%d WHERE k BETWEEN 5670715 AND 5670815
for range-notcovered
table 1 : explain SELECT k, c FROM sbtest1 WHERE k BETWEEN 3267451 AND 3267551
	Bitmap Heap Scan on sbtest1  (cost=5.51..420.88 rows=105 width=125)
	  Recheck Cond: ((k >= 3267451) AND (k <= 3267551))
	  ->  Bitmap Index Scan on k_1  (cost=0.00..5.48 rows=105 width=0)
	        Index Cond: ((k >= 3267451) AND (k <= 3267551))

table 2 : explain SELECT k, c FROM sbtest2 WHERE k BETWEEN 3267451 AND 3267551
	Bitmap Heap Scan on sbtest2  (cost=5.53..428.75 rows=107 width=125)
	  Recheck Cond: ((k >= 3267451) AND (k <= 3267551))
	  ->  Bitmap Index Scan on k_2  (cost=0.00..5.50 rows=107 width=0)
	        Index Cond: ((k >= 3267451) AND (k <= 3267551))

table 3 : explain SELECT k, c FROM sbtest3 WHERE k BETWEEN 3267451 AND 3267551
	Bitmap Heap Scan on sbtest3  (cost=5.44..393.31 rows=98 width=125)
	  Recheck Cond: ((k >= 3267451) AND (k <= 3267551))
	  ->  Bitmap Index Scan on k_3  (cost=0.00..5.42 rows=98 width=0)
	        Index Cond: ((k >= 3267451) AND (k <= 3267551))

table 4 : explain SELECT k, c FROM sbtest4 WHERE k BETWEEN 3267451 AND 3267551
	Bitmap Heap Scan on sbtest4  (cost=5.47..405.13 rows=101 width=125)
	  Recheck Cond: ((k >= 3267451) AND (k <= 3267551))
	  ->  Bitmap Index Scan on k_4  (cost=0.00..5.44 rows=101 width=0)
	        Index Cond: ((k >= 3267451) AND (k <= 3267551))

table 5 : explain SELECT k, c FROM sbtest5 WHERE k BETWEEN 3267451 AND 3267551
	Bitmap Heap Scan on sbtest5  (cost=5.50..416.94 rows=104 width=125)
	  Recheck Cond: ((k >= 3267451) AND (k <= 3267551))
	  ->  Bitmap Index Scan on k_5  (cost=0.00..5.47 rows=104 width=0)
	        Index Cond: ((k >= 3267451) AND (k <= 3267551))

table 6 : explain SELECT k, c FROM sbtest6 WHERE k BETWEEN 3267451 AND 3267551
	Bitmap Heap Scan on sbtest6  (cost=5.44..393.31 rows=98 width=125)
	  Recheck Cond: ((k >= 3267451) AND (k <= 3267551))
	  ->  Bitmap Index Scan on k_6  (cost=0.00..5.42 rows=98 width=0)
	        Index Cond: ((k >= 3267451) AND (k <= 3267551))

table 7 : explain SELECT k, c FROM sbtest7 WHERE k BETWEEN 3267451 AND 3267551
	Bitmap Heap Scan on sbtest7  (cost=5.45..397.25 rows=99 width=125)
	  Recheck Cond: ((k >= 3267451) AND (k <= 3267551))
	  ->  Bitmap Index Scan on k_7  (cost=0.00..5.42 rows=99 width=0)
	        Index Cond: ((k >= 3267451) AND (k <= 3267551))

table 8 : explain SELECT k, c FROM sbtest8 WHERE k BETWEEN 3267451 AND 3267551
	Bitmap Heap Scan on sbtest8  (cost=5.55..436.62 rows=109 width=125)
	  Recheck Cond: ((k >= 3267451) AND (k <= 3267551))
	  ->  Bitmap Index Scan on k_8  (cost=0.00..5.52 rows=109 width=0)
	        Index Cond: ((k >= 3267451) AND (k <= 3267551))

explain: for range-notcovered :: explain SELECT k, c FROM sbtest%d WHERE k BETWEEN 6006776 AND 6006876
for range-notcovered
table 1 : explain SELECT k, c FROM sbtest1 WHERE k BETWEEN 4929683 AND 4929783
	Bitmap Heap Scan on sbtest1  (cost=5.52..424.81 rows=106 width=125)
	  Recheck Cond: ((k >= 4929683) AND (k <= 4929783))
	  ->  Bitmap Index Scan on k_1  (cost=0.00..5.50 rows=106 width=0)
	        Index Cond: ((k >= 4929683) AND (k <= 4929783))

table 2 : explain SELECT k, c FROM sbtest2 WHERE k BETWEEN 4929683 AND 4929783
	Bitmap Heap Scan on sbtest2  (cost=5.40..377.55 rows=94 width=125)
	  Recheck Cond: ((k >= 4929683) AND (k <= 4929783))
	  ->  Bitmap Index Scan on k_2  (cost=0.00..5.38 rows=94 width=0)
	        Index Cond: ((k >= 4929683) AND (k <= 4929783))

table 3 : explain SELECT k, c FROM sbtest3 WHERE k BETWEEN 4929683 AND 4929783
	Bitmap Heap Scan on sbtest3  (cost=5.53..428.75 rows=107 width=125)
	  Recheck Cond: ((k >= 4929683) AND (k <= 4929783))
	  ->  Bitmap Index Scan on k_3  (cost=0.00..5.50 rows=107 width=0)
	        Index Cond: ((k >= 4929683) AND (k <= 4929783))

table 4 : explain SELECT k, c FROM sbtest4 WHERE k BETWEEN 4929683 AND 4929783
	Bitmap Heap Scan on sbtest4  (cost=5.49..413.00 rows=103 width=125)
	  Recheck Cond: ((k >= 4929683) AND (k <= 4929783))
	  ->  Bitmap Index Scan on k_4  (cost=0.00..5.46 rows=103 width=0)
	        Index Cond: ((k >= 4929683) AND (k <= 4929783))

table 5 : explain SELECT k, c FROM sbtest5 WHERE k BETWEEN 4929683 AND 4929783
	Bitmap Heap Scan on sbtest5  (cost=5.48..409.07 rows=102 width=125)
	  Recheck Cond: ((k >= 4929683) AND (k <= 4929783))
	  ->  Bitmap Index Scan on k_5  (cost=0.00..5.45 rows=102 width=0)
	        Index Cond: ((k >= 4929683) AND (k <= 4929783))

table 6 : explain SELECT k, c FROM sbtest6 WHERE k BETWEEN 4929683 AND 4929783
	Bitmap Heap Scan on sbtest6  (cost=5.40..377.55 rows=94 width=125)
	  Recheck Cond: ((k >= 4929683) AND (k <= 4929783))
	  ->  Bitmap Index Scan on k_6  (cost=0.00..5.38 rows=94 width=0)
	        Index Cond: ((k >= 4929683) AND (k <= 4929783))

table 7 : explain SELECT k, c FROM sbtest7 WHERE k BETWEEN 4929683 AND 4929783
	Bitmap Heap Scan on sbtest7  (cost=5.43..389.37 rows=97 width=125)
	  Recheck Cond: ((k >= 4929683) AND (k <= 4929783))
	  ->  Bitmap Index Scan on k_7  (cost=0.00..5.40 rows=97 width=0)
	        Index Cond: ((k >= 4929683) AND (k <= 4929783))

table 8 : explain SELECT k, c FROM sbtest8 WHERE k BETWEEN 4929683 AND 4929783
	Bitmap Heap Scan on sbtest8  (cost=5.42..385.43 rows=96 width=125)
	  Recheck Cond: ((k >= 4929683) AND (k <= 4929783))
	  ->  Bitmap Index Scan on k_8  (cost=0.00..5.39 rows=96 width=0)
	        Index Cond: ((k >= 4929683) AND (k <= 4929783))

explain: for range-notcovered :: explain SELECT k, c FROM sbtest%d WHERE k BETWEEN 3267451 AND 3267551
for range-notcovered
table 1 : explain SELECT k, c FROM sbtest1 WHERE k BETWEEN 4410452 AND 4410552
	Bitmap Heap Scan on sbtest1  (cost=5.45..397.25 rows=99 width=125)
	  Recheck Cond: ((k >= 4410452) AND (k <= 4410552))
	  ->  Bitmap Index Scan on k_1  (cost=0.00..5.42 rows=99 width=0)
	        Index Cond: ((k >= 4410452) AND (k <= 4410552))

table 2 : explain SELECT k, c FROM sbtest2 WHERE k BETWEEN 4410452 AND 4410552
	Bitmap Heap Scan on sbtest2  (cost=5.41..381.49 rows=95 width=125)
	  Recheck Cond: ((k >= 4410452) AND (k <= 4410552))
	  ->  Bitmap Index Scan on k_2  (cost=0.00..5.38 rows=95 width=0)
	        Index Cond: ((k >= 4410452) AND (k <= 4410552))

table 3 : explain SELECT k, c FROM sbtest3 WHERE k BETWEEN 4410452 AND 4410552
	Bitmap Heap Scan on sbtest3  (cost=5.46..401.19 rows=100 width=125)
	  Recheck Cond: ((k >= 4410452) AND (k <= 4410552))
	  ->  Bitmap Index Scan on k_3  (cost=0.00..5.43 rows=100 width=0)
	        Index Cond: ((k >= 4410452) AND (k <= 4410552))

table 4 : explain SELECT k, c FROM sbtest4 WHERE k BETWEEN 4410452 AND 4410552
	Bitmap Heap Scan on sbtest4  (cost=5.53..428.75 rows=107 width=125)
	  Recheck Cond: ((k >= 4410452) AND (k <= 4410552))
	  ->  Bitmap Index Scan on k_4  (cost=0.00..5.50 rows=107 width=0)
	        Index Cond: ((k >= 4410452) AND (k <= 4410552))

table 5 : explain SELECT k, c FROM sbtest5 WHERE k BETWEEN 4410452 AND 4410552
	Bitmap Heap Scan on sbtest5  (cost=5.54..432.69 rows=108 width=125)
	  Recheck Cond: ((k >= 4410452) AND (k <= 4410552))
	  ->  Bitmap Index Scan on k_5  (cost=0.00..5.51 rows=108 width=0)
	        Index Cond: ((k >= 4410452) AND (k <= 4410552))

table 6 : explain SELECT k, c FROM sbtest6 WHERE k BETWEEN 4410452 AND 4410552
	Bitmap Heap Scan on sbtest6  (cost=5.52..424.81 rows=106 width=125)
	  Recheck Cond: ((k >= 4410452) AND (k <= 4410552))
	  ->  Bitmap Index Scan on k_6  (cost=0.00..5.50 rows=106 width=0)
	        Index Cond: ((k >= 4410452) AND (k <= 4410552))

table 7 : explain SELECT k, c FROM sbtest7 WHERE k BETWEEN 4410452 AND 4410552
	Bitmap Heap Scan on sbtest7  (cost=5.53..428.75 rows=107 width=125)
	  Recheck Cond: ((k >= 4410452) AND (k <= 4410552))
	  ->  Bitmap Index Scan on k_7  (cost=0.00..5.50 rows=107 width=0)
	        Index Cond: ((k >= 4410452) AND (k <= 4410552))

table 8 : explain SELECT k, c FROM sbtest8 WHERE k BETWEEN 4410452 AND 4410552
	Bitmap Heap Scan on sbtest8  (cost=5.46..401.19 rows=100 width=125)
	  Recheck Cond: ((k >= 4410452) AND (k <= 4410552))
	  ->  Bitmap Index Scan on k_8  (cost=0.00..5.43 rows=100 width=0)
	        Index Cond: ((k >= 4410452) AND (k <= 4410552))

explain: for range-notcovered :: explain SELECT k, c FROM sbtest%d WHERE k BETWEEN 4929683 AND 4929783
explain: for range-notcovered :: explain SELECT k, c FROM sbtest%d WHERE k BETWEEN 4410452 AND 4410552
for range-notcovered
table 1 : explain SELECT k, c FROM sbtest1 WHERE k BETWEEN 7513718 AND 7513818
	Bitmap Heap Scan on sbtest1  (cost=5.44..393.31 rows=98 width=125)
	  Recheck Cond: ((k >= 7513718) AND (k <= 7513818))
	  ->  Bitmap Index Scan on k_1  (cost=0.00..5.42 rows=98 width=0)
	        Index Cond: ((k >= 7513718) AND (k <= 7513818))

table 2 : explain SELECT k, c FROM sbtest2 WHERE k BETWEEN 7513718 AND 7513818
	Bitmap Heap Scan on sbtest2  (cost=5.51..420.88 rows=105 width=125)
	  Recheck Cond: ((k >= 7513718) AND (k <= 7513818))
	  ->  Bitmap Index Scan on k_2  (cost=0.00..5.48 rows=105 width=0)
	        Index Cond: ((k >= 7513718) AND (k <= 7513818))

table 3 : explain SELECT k, c FROM sbtest3 WHERE k BETWEEN 7513718 AND 7513818
	Bitmap Heap Scan on sbtest3  (cost=5.44..393.31 rows=98 width=125)
	  Recheck Cond: ((k >= 7513718) AND (k <= 7513818))
	  ->  Bitmap Index Scan on k_3  (cost=0.00..5.42 rows=98 width=0)
	        Index Cond: ((k >= 7513718) AND (k <= 7513818))

table 4 : explain SELECT k, c FROM sbtest4 WHERE k BETWEEN 7513718 AND 7513818
	Bitmap Heap Scan on sbtest4  (cost=5.43..389.37 rows=97 width=125)
	  Recheck Cond: ((k >= 7513718) AND (k <= 7513818))
	  ->  Bitmap Index Scan on k_4  (cost=0.00..5.40 rows=97 width=0)
	        Index Cond: ((k >= 7513718) AND (k <= 7513818))

table 5 : explain SELECT k, c FROM sbtest5 WHERE k BETWEEN 7513718 AND 7513818
	Bitmap Heap Scan on sbtest5  (cost=5.46..401.19 rows=100 width=125)
	  Recheck Cond: ((k >= 7513718) AND (k <= 7513818))
	  ->  Bitmap Index Scan on k_5  (cost=0.00..5.43 rows=100 width=0)
	        Index Cond: ((k >= 7513718) AND (k <= 7513818))

table 6 : explain SELECT k, c FROM sbtest6 WHERE k BETWEEN 7513718 AND 7513818
	Bitmap Heap Scan on sbtest6  (cost=5.48..409.07 rows=102 width=125)
	  Recheck Cond: ((k >= 7513718) AND (k <= 7513818))
	  ->  Bitmap Index Scan on k_6  (cost=0.00..5.45 rows=102 width=0)
	        Index Cond: ((k >= 7513718) AND (k <= 7513818))

table 7 : explain SELECT k, c FROM sbtest7 WHERE k BETWEEN 7513718 AND 7513818
	Bitmap Heap Scan on sbtest7  (cost=5.54..432.69 rows=108 width=125)
	  Recheck Cond: ((k >= 7513718) AND (k <= 7513818))
	  ->  Bitmap Index Scan on k_7  (cost=0.00..5.51 rows=108 width=0)
	        Index Cond: ((k >= 7513718) AND (k <= 7513818))

table 8 : explain SELECT k, c FROM sbtest8 WHERE k BETWEEN 7513718 AND 7513818
	Bitmap Heap Scan on sbtest8  (cost=5.52..424.81 rows=106 width=125)
	  Recheck Cond: ((k >= 7513718) AND (k <= 7513818))
	  ->  Bitmap Index Scan on k_8  (cost=0.00..5.50 rows=106 width=0)
	        Index Cond: ((k >= 7513718) AND (k <= 7513818))

explain: for range-notcovered :: explain SELECT k, c FROM sbtest%d WHERE k BETWEEN 7513718 AND 7513818
explain: for range-notcovered :: explain SELECT k, c FROM sbtest%d WHERE k BETWEEN 1501718 AND 1501818
for range-notcovered
table 1 : explain SELECT k, c FROM sbtest1 WHERE k BETWEEN 7765389 AND 7765489
	Bitmap Heap Scan on sbtest1  (cost=5.42..385.43 rows=96 width=125)
	  Recheck Cond: ((k >= 7765389) AND (k <= 7765489))
	  ->  Bitmap Index Scan on k_1  (cost=0.00..5.39 rows=96 width=0)
	        Index Cond: ((k >= 7765389) AND (k <= 7765489))

table 2 : explain SELECT k, c FROM sbtest2 WHERE k BETWEEN 7765389 AND 7765489
	Bitmap Heap Scan on sbtest2  (cost=5.57..444.49 rows=111 width=125)
	  Recheck Cond: ((k >= 7765389) AND (k <= 7765489))
	  ->  Bitmap Index Scan on k_2  (cost=0.00..5.54 rows=111 width=0)
	        Index Cond: ((k >= 7765389) AND (k <= 7765489))

table 3 : explain SELECT k, c FROM sbtest3 WHERE k BETWEEN 7765389 AND 7765489
	Bitmap Heap Scan on sbtest3  (cost=5.46..401.19 rows=100 width=125)
	  Recheck Cond: ((k >= 7765389) AND (k <= 7765489))
	  ->  Bitmap Index Scan on k_3  (cost=0.00..5.43 rows=100 width=0)
	        Index Cond: ((k >= 7765389) AND (k <= 7765489))

table 4 : explain SELECT k, c FROM sbtest4 WHERE k BETWEEN 7765389 AND 7765489
	Bitmap Heap Scan on sbtest4  (cost=5.44..393.31 rows=98 width=125)
	  Recheck Cond: ((k >= 7765389) AND (k <= 7765489))
	  ->  Bitmap Index Scan on k_4  (cost=0.00..5.42 rows=98 width=0)
	        Index Cond: ((k >= 7765389) AND (k <= 7765489))

table 5 : explain SELECT k, c FROM sbtest5 WHERE k BETWEEN 7765389 AND 7765489
	Bitmap Heap Scan on sbtest5  (cost=5.43..389.37 rows=97 width=125)
	  Recheck Cond: ((k >= 7765389) AND (k <= 7765489))
	  ->  Bitmap Index Scan on k_5  (cost=0.00..5.40 rows=97 width=0)
	        Index Cond: ((k >= 7765389) AND (k <= 7765489))

table 6 : explain SELECT k, c FROM sbtest6 WHERE k BETWEEN 7765389 AND 7765489
	Bitmap Heap Scan on sbtest6  (cost=5.52..424.81 rows=106 width=125)
	  Recheck Cond: ((k >= 7765389) AND (k <= 7765489))
	  ->  Bitmap Index Scan on k_6  (cost=0.00..5.50 rows=106 width=0)
	        Index Cond: ((k >= 7765389) AND (k <= 7765489))

table 7 : explain SELECT k, c FROM sbtest7 WHERE k BETWEEN 7765389 AND 7765489
	Bitmap Heap Scan on sbtest7  (cost=5.51..420.88 rows=105 width=125)
	  Recheck Cond: ((k >= 7765389) AND (k <= 7765489))
	  ->  Bitmap Index Scan on k_7  (cost=0.00..5.48 rows=105 width=0)
	        Index Cond: ((k >= 7765389) AND (k <= 7765489))

table 8 : explain SELECT k, c FROM sbtest8 WHERE k BETWEEN 7765389 AND 7765489
	Bitmap Heap Scan on sbtest8  (cost=5.50..416.94 rows=104 width=125)
	  Recheck Cond: ((k >= 7765389) AND (k <= 7765489))
	  ->  Bitmap Index Scan on k_8  (cost=0.00..5.47 rows=104 width=0)
	        Index Cond: ((k >= 7765389) AND (k <= 7765489))

explain: for range-notcovered :: explain SELECT k, c FROM sbtest%d WHERE k BETWEEN 6128665 AND 6128765
explain: for range-notcovered :: explain SELECT k, c FROM sbtest%d WHERE k BETWEEN 7765389 AND 7765489
for range-notcovered
table 1 : explain SELECT k, c FROM sbtest1 WHERE k BETWEEN 3267451 AND 3267551
	Bitmap Heap Scan on sbtest1  (cost=5.51..420.88 rows=105 width=125)
	  Recheck Cond: ((k >= 3267451) AND (k <= 3267551))
	  ->  Bitmap Index Scan on k_1  (cost=0.00..5.48 rows=105 width=0)
	        Index Cond: ((k >= 3267451) AND (k <= 3267551))

table 2 : explain SELECT k, c FROM sbtest2 WHERE k BETWEEN 3267451 AND 3267551
	Bitmap Heap Scan on sbtest2  (cost=5.53..428.75 rows=107 width=125)
	  Recheck Cond: ((k >= 3267451) AND (k <= 3267551))
	  ->  Bitmap Index Scan on k_2  (cost=0.00..5.50 rows=107 width=0)
	        Index Cond: ((k >= 3267451) AND (k <= 3267551))

table 3 : explain SELECT k, c FROM sbtest3 WHERE k BETWEEN 3267451 AND 3267551
	Bitmap Heap Scan on sbtest3  (cost=5.44..393.31 rows=98 width=125)
	  Recheck Cond: ((k >= 3267451) AND (k <= 3267551))
	  ->  Bitmap Index Scan on k_3  (cost=0.00..5.42 rows=98 width=0)
	        Index Cond: ((k >= 3267451) AND (k <= 3267551))

table 4 : explain SELECT k, c FROM sbtest4 WHERE k BETWEEN 3267451 AND 3267551
	Bitmap Heap Scan on sbtest4  (cost=5.47..405.13 rows=101 width=125)
	  Recheck Cond: ((k >= 3267451) AND (k <= 3267551))
	  ->  Bitmap Index Scan on k_4  (cost=0.00..5.44 rows=101 width=0)
	        Index Cond: ((k >= 3267451) AND (k <= 3267551))

table 5 : explain SELECT k, c FROM sbtest5 WHERE k BETWEEN 3267451 AND 3267551
	Bitmap Heap Scan on sbtest5  (cost=5.50..416.94 rows=104 width=125)
	  Recheck Cond: ((k >= 3267451) AND (k <= 3267551))
	  ->  Bitmap Index Scan on k_5  (cost=0.00..5.47 rows=104 width=0)
	        Index Cond: ((k >= 3267451) AND (k <= 3267551))

table 6 : explain SELECT k, c FROM sbtest6 WHERE k BETWEEN 3267451 AND 3267551
	Bitmap Heap Scan on sbtest6  (cost=5.44..393.31 rows=98 width=125)
	  Recheck Cond: ((k >= 3267451) AND (k <= 3267551))
	  ->  Bitmap Index Scan on k_6  (cost=0.00..5.42 rows=98 width=0)
	        Index Cond: ((k >= 3267451) AND (k <= 3267551))

table 7 : explain SELECT k, c FROM sbtest7 WHERE k BETWEEN 3267451 AND 3267551
	Bitmap Heap Scan on sbtest7  (cost=5.45..397.25 rows=99 width=125)
	  Recheck Cond: ((k >= 3267451) AND (k <= 3267551))
	  ->  Bitmap Index Scan on k_7  (cost=0.00..5.42 rows=99 width=0)
	        Index Cond: ((k >= 3267451) AND (k <= 3267551))

table 8 : explain SELECT k, c FROM sbtest8 WHERE k BETWEEN 3267451 AND 3267551
	Bitmap Heap Scan on sbtest8  (cost=5.55..436.62 rows=109 width=125)
	  Recheck Cond: ((k >= 3267451) AND (k <= 3267551))
	  ->  Bitmap Index Scan on k_8  (cost=0.00..5.52 rows=109 width=0)
	        Index Cond: ((k >= 3267451) AND (k <= 3267551))

explain: for range-notcovered :: explain SELECT k, c FROM sbtest%d WHERE k BETWEEN 3267451 AND 3267551
for range-notcovered
table 1 : explain SELECT k, c FROM sbtest1 WHERE k BETWEEN 4929683 AND 4929783
	Bitmap Heap Scan on sbtest1  (cost=5.52..424.81 rows=106 width=125)
	  Recheck Cond: ((k >= 4929683) AND (k <= 4929783))
	  ->  Bitmap Index Scan on k_1  (cost=0.00..5.50 rows=106 width=0)
	        Index Cond: ((k >= 4929683) AND (k <= 4929783))

table 2 : explain SELECT k, c FROM sbtest2 WHERE k BETWEEN 4929683 AND 4929783
	Bitmap Heap Scan on sbtest2  (cost=5.40..377.55 rows=94 width=125)
	  Recheck Cond: ((k >= 4929683) AND (k <= 4929783))
	  ->  Bitmap Index Scan on k_2  (cost=0.00..5.38 rows=94 width=0)
	        Index Cond: ((k >= 4929683) AND (k <= 4929783))

table 3 : explain SELECT k, c FROM sbtest3 WHERE k BETWEEN 4929683 AND 4929783
	Bitmap Heap Scan on sbtest3  (cost=5.53..428.75 rows=107 width=125)
	  Recheck Cond: ((k >= 4929683) AND (k <= 4929783))
	  ->  Bitmap Index Scan on k_3  (cost=0.00..5.50 rows=107 width=0)
	        Index Cond: ((k >= 4929683) AND (k <= 4929783))

table 4 : explain SELECT k, c FROM sbtest4 WHERE k BETWEEN 4929683 AND 4929783
	Bitmap Heap Scan on sbtest4  (cost=5.49..413.00 rows=103 width=125)
	  Recheck Cond: ((k >= 4929683) AND (k <= 4929783))
	  ->  Bitmap Index Scan on k_4  (cost=0.00..5.46 rows=103 width=0)
	        Index Cond: ((k >= 4929683) AND (k <= 4929783))

table 5 : explain SELECT k, c FROM sbtest5 WHERE k BETWEEN 4929683 AND 4929783
	Bitmap Heap Scan on sbtest5  (cost=5.48..409.07 rows=102 width=125)
	  Recheck Cond: ((k >= 4929683) AND (k <= 4929783))
	  ->  Bitmap Index Scan on k_5  (cost=0.00..5.45 rows=102 width=0)
	        Index Cond: ((k >= 4929683) AND (k <= 4929783))

table 6 : explain SELECT k, c FROM sbtest6 WHERE k BETWEEN 4929683 AND 4929783
	Bitmap Heap Scan on sbtest6  (cost=5.40..377.55 rows=94 width=125)
	  Recheck Cond: ((k >= 4929683) AND (k <= 4929783))
	  ->  Bitmap Index Scan on k_6  (cost=0.00..5.38 rows=94 width=0)
	        Index Cond: ((k >= 4929683) AND (k <= 4929783))

table 7 : explain SELECT k, c FROM sbtest7 WHERE k BETWEEN 4929683 AND 4929783
	Bitmap Heap Scan on sbtest7  (cost=5.43..389.37 rows=97 width=125)
	  Recheck Cond: ((k >= 4929683) AND (k <= 4929783))
	  ->  Bitmap Index Scan on k_7  (cost=0.00..5.40 rows=97 width=0)
	        Index Cond: ((k >= 4929683) AND (k <= 4929783))

table 8 : explain SELECT k, c FROM sbtest8 WHERE k BETWEEN 4929683 AND 4929783
	Bitmap Heap Scan on sbtest8  (cost=5.42..385.43 rows=96 width=125)
	  Recheck Cond: ((k >= 4929683) AND (k <= 4929783))
	  ->  Bitmap Index Scan on k_8  (cost=0.00..5.39 rows=96 width=0)
	        Index Cond: ((k >= 4929683) AND (k <= 4929783))

for range-notcovered
table 1 : explain SELECT k, c FROM sbtest1 WHERE k BETWEEN 4410452 AND 4410552
	Bitmap Heap Scan on sbtest1  (cost=5.45..397.25 rows=99 width=125)
	  Recheck Cond: ((k >= 4410452) AND (k <= 4410552))
	  ->  Bitmap Index Scan on k_1  (cost=0.00..5.42 rows=99 width=0)
	        Index Cond: ((k >= 4410452) AND (k <= 4410552))

table 2 : explain SELECT k, c FROM sbtest2 WHERE k BETWEEN 4410452 AND 4410552
	Bitmap Heap Scan on sbtest2  (cost=5.41..381.49 rows=95 width=125)
	  Recheck Cond: ((k >= 4410452) AND (k <= 4410552))
	  ->  Bitmap Index Scan on k_2  (cost=0.00..5.38 rows=95 width=0)
	        Index Cond: ((k >= 4410452) AND (k <= 4410552))

table 3 : explain SELECT k, c FROM sbtest3 WHERE k BETWEEN 4410452 AND 4410552
	Bitmap Heap Scan on sbtest3  (cost=5.46..401.19 rows=100 width=125)
	  Recheck Cond: ((k >= 4410452) AND (k <= 4410552))
	  ->  Bitmap Index Scan on k_3  (cost=0.00..5.43 rows=100 width=0)
	        Index Cond: ((k >= 4410452) AND (k <= 4410552))

table 4 : explain SELECT k, c FROM sbtest4 WHERE k BETWEEN 4410452 AND 4410552
	Bitmap Heap Scan on sbtest4  (cost=5.53..428.75 rows=107 width=125)
	  Recheck Cond: ((k >= 4410452) AND (k <= 4410552))
	  ->  Bitmap Index Scan on k_4  (cost=0.00..5.50 rows=107 width=0)
	        Index Cond: ((k >= 4410452) AND (k <= 4410552))

table 5 : explain SELECT k, c FROM sbtest5 WHERE k BETWEEN 4410452 AND 4410552
	Bitmap Heap Scan on sbtest5  (cost=5.54..432.69 rows=108 width=125)
	  Recheck Cond: ((k >= 4410452) AND (k <= 4410552))
	  ->  Bitmap Index Scan on k_5  (cost=0.00..5.51 rows=108 width=0)
	        Index Cond: ((k >= 4410452) AND (k <= 4410552))

table 6 : explain SELECT k, c FROM sbtest6 WHERE k BETWEEN 4410452 AND 4410552
	Bitmap Heap Scan on sbtest6  (cost=5.52..424.81 rows=106 width=125)
	  Recheck Cond: ((k >= 4410452) AND (k <= 4410552))
	  ->  Bitmap Index Scan on k_6  (cost=0.00..5.50 rows=106 width=0)
	        Index Cond: ((k >= 4410452) AND (k <= 4410552))

table 7 : explain SELECT k, c FROM sbtest7 WHERE k BETWEEN 4410452 AND 4410552
	Bitmap Heap Scan on sbtest7  (cost=5.53..428.75 rows=107 width=125)
	  Recheck Cond: ((k >= 4410452) AND (k <= 4410552))
	  ->  Bitmap Index Scan on k_7  (cost=0.00..5.50 rows=107 width=0)
	        Index Cond: ((k >= 4410452) AND (k <= 4410552))

table 8 : explain SELECT k, c FROM sbtest8 WHERE k BETWEEN 4410452 AND 4410552
	Bitmap Heap Scan on sbtest8  (cost=5.46..401.19 rows=100 width=125)
	  Recheck Cond: ((k >= 4410452) AND (k <= 4410552))
	  ->  Bitmap Index Scan on k_8  (cost=0.00..5.43 rows=100 width=0)
	        Index Cond: ((k >= 4410452) AND (k <= 4410552))

explain: for range-notcovered :: explain SELECT k, c FROM sbtest%d WHERE k BETWEEN 4410452 AND 4410552
for range-notcovered
table 1 : explain SELECT k, c FROM sbtest1 WHERE k BETWEEN 7513718 AND 7513818
	Bitmap Heap Scan on sbtest1  (cost=5.44..393.31 rows=98 width=125)
	  Recheck Cond: ((k >= 7513718) AND (k <= 7513818))
	  ->  Bitmap Index Scan on k_1  (cost=0.00..5.42 rows=98 width=0)
	        Index Cond: ((k >= 7513718) AND (k <= 7513818))

table 2 : explain SELECT k, c FROM sbtest2 WHERE k BETWEEN 7513718 AND 7513818
	Bitmap Heap Scan on sbtest2  (cost=5.51..420.88 rows=105 width=125)
	  Recheck Cond: ((k >= 7513718) AND (k <= 7513818))
	  ->  Bitmap Index Scan on k_2  (cost=0.00..5.48 rows=105 width=0)
	        Index Cond: ((k >= 7513718) AND (k <= 7513818))

table 3 : explain SELECT k, c FROM sbtest3 WHERE k BETWEEN 7513718 AND 7513818
	Bitmap Heap Scan on sbtest3  (cost=5.44..393.31 rows=98 width=125)
	  Recheck Cond: ((k >= 7513718) AND (k <= 7513818))
	  ->  Bitmap Index Scan on k_3  (cost=0.00..5.42 rows=98 width=0)
	        Index Cond: ((k >= 7513718) AND (k <= 7513818))

table 4 : explain SELECT k, c FROM sbtest4 WHERE k BETWEEN 7513718 AND 7513818
	Bitmap Heap Scan on sbtest4  (cost=5.43..389.37 rows=97 width=125)
	  Recheck Cond: ((k >= 7513718) AND (k <= 7513818))
	  ->  Bitmap Index Scan on k_4  (cost=0.00..5.40 rows=97 width=0)
	        Index Cond: ((k >= 7513718) AND (k <= 7513818))

table 5 : explain SELECT k, c FROM sbtest5 WHERE k BETWEEN 7513718 AND 7513818
	Bitmap Heap Scan on sbtest5  (cost=5.46..401.19 rows=100 width=125)
	  Recheck Cond: ((k >= 7513718) AND (k <= 7513818))
	  ->  Bitmap Index Scan on k_5  (cost=0.00..5.43 rows=100 width=0)
	        Index Cond: ((k >= 7513718) AND (k <= 7513818))

table 6 : explain SELECT k, c FROM sbtest6 WHERE k BETWEEN 7513718 AND 7513818
	Bitmap Heap Scan on sbtest6  (cost=5.48..409.07 rows=102 width=125)
	  Recheck Cond: ((k >= 7513718) AND (k <= 7513818))
	  ->  Bitmap Index Scan on k_6  (cost=0.00..5.45 rows=102 width=0)
	        Index Cond: ((k >= 7513718) AND (k <= 7513818))

table 7 : explain SELECT k, c FROM sbtest7 WHERE k BETWEEN 7513718 AND 7513818
	Bitmap Heap Scan on sbtest7  (cost=5.54..432.69 rows=108 width=125)
	  Recheck Cond: ((k >= 7513718) AND (k <= 7513818))
	  ->  Bitmap Index Scan on k_7  (cost=0.00..5.51 rows=108 width=0)
	        Index Cond: ((k >= 7513718) AND (k <= 7513818))

table 8 : explain SELECT k, c FROM sbtest8 WHERE k BETWEEN 7513718 AND 7513818
	Bitmap Heap Scan on sbtest8  (cost=5.52..424.81 rows=106 width=125)
	  Recheck Cond: ((k >= 7513718) AND (k <= 7513818))
	  ->  Bitmap Index Scan on k_8  (cost=0.00..5.50 rows=106 width=0)
	        Index Cond: ((k >= 7513718) AND (k <= 7513818))

explain: for range-notcovered :: explain SELECT k, c FROM sbtest%d WHERE k BETWEEN 7513718 AND 7513818
for range-notcovered
table 1 : explain SELECT k, c FROM sbtest1 WHERE k BETWEEN 7765389 AND 7765489
	Bitmap Heap Scan on sbtest1  (cost=5.42..385.43 rows=96 width=125)
	  Recheck Cond: ((k >= 7765389) AND (k <= 7765489))
	  ->  Bitmap Index Scan on k_1  (cost=0.00..5.39 rows=96 width=0)
	        Index Cond: ((k >= 7765389) AND (k <= 7765489))

table 2 : explain SELECT k, c FROM sbtest2 WHERE k BETWEEN 7765389 AND 7765489
	Bitmap Heap Scan on sbtest2  (cost=5.57..444.49 rows=111 width=125)
	  Recheck Cond: ((k >= 7765389) AND (k <= 7765489))
	  ->  Bitmap Index Scan on k_2  (cost=0.00..5.54 rows=111 width=0)
	        Index Cond: ((k >= 7765389) AND (k <= 7765489))

table 3 : explain SELECT k, c FROM sbtest3 WHERE k BETWEEN 7765389 AND 7765489
	Bitmap Heap Scan on sbtest3  (cost=5.46..401.19 rows=100 width=125)
	  Recheck Cond: ((k >= 7765389) AND (k <= 7765489))
	  ->  Bitmap Index Scan on k_3  (cost=0.00..5.43 rows=100 width=0)
	        Index Cond: ((k >= 7765389) AND (k <= 7765489))

table 4 : explain SELECT k, c FROM sbtest4 WHERE k BETWEEN 7765389 AND 7765489
	Bitmap Heap Scan on sbtest4  (cost=5.44..393.31 rows=98 width=125)
	  Recheck Cond: ((k >= 7765389) AND (k <= 7765489))
	  ->  Bitmap Index Scan on k_4  (cost=0.00..5.42 rows=98 width=0)
	        Index Cond: ((k >= 7765389) AND (k <= 7765489))

table 5 : explain SELECT k, c FROM sbtest5 WHERE k BETWEEN 7765389 AND 7765489
	Bitmap Heap Scan on sbtest5  (cost=5.43..389.37 rows=97 width=125)
	  Recheck Cond: ((k >= 7765389) AND (k <= 7765489))
	  ->  Bitmap Index Scan on k_5  (cost=0.00..5.40 rows=97 width=0)
	        Index Cond: ((k >= 7765389) AND (k <= 7765489))

table 6 : explain SELECT k, c FROM sbtest6 WHERE k BETWEEN 7765389 AND 7765489
	Bitmap Heap Scan on sbtest6  (cost=5.52..424.81 rows=106 width=125)
	  Recheck Cond: ((k >= 7765389) AND (k <= 7765489))
	  ->  Bitmap Index Scan on k_6  (cost=0.00..5.50 rows=106 width=0)
	        Index Cond: ((k >= 7765389) AND (k <= 7765489))

table 7 : explain SELECT k, c FROM sbtest7 WHERE k BETWEEN 7765389 AND 7765489
	Bitmap Heap Scan on sbtest7  (cost=5.51..420.88 rows=105 width=125)
	  Recheck Cond: ((k >= 7765389) AND (k <= 7765489))
	  ->  Bitmap Index Scan on k_7  (cost=0.00..5.48 rows=105 width=0)
	        Index Cond: ((k >= 7765389) AND (k <= 7765489))

table 8 : explain SELECT k, c FROM sbtest8 WHERE k BETWEEN 7765389 AND 7765489
	Bitmap Heap Scan on sbtest8  (cost=5.50..416.94 rows=104 width=125)
	  Recheck Cond: ((k >= 7765389) AND (k <= 7765489))
	  ->  Bitmap Index Scan on k_8  (cost=0.00..5.47 rows=104 width=0)
	        Index Cond: ((k >= 7765389) AND (k <= 7765489))

for range-notcovered
table 1 : explain SELECT k, c FROM sbtest1 WHERE k BETWEEN 6006776 AND 6006876
	Bitmap Heap Scan on sbtest1  (cost=5.39..373.61 rows=93 width=125)
	  Recheck Cond: ((k >= 6006776) AND (k <= 6006876))
	  ->  Bitmap Index Scan on k_1  (cost=0.00..5.36 rows=93 width=0)
	        Index Cond: ((k >= 6006776) AND (k <= 6006876))

table 2 : explain SELECT k, c FROM sbtest2 WHERE k BETWEEN 6006776 AND 6006876
	Bitmap Heap Scan on sbtest2  (cost=5.46..401.19 rows=100 width=125)
	  Recheck Cond: ((k >= 6006776) AND (k <= 6006876))
	  ->  Bitmap Index Scan on k_2  (cost=0.00..5.43 rows=100 width=0)
	        Index Cond: ((k >= 6006776) AND (k <= 6006876))

table 3 : explain SELECT k, c FROM sbtest3 WHERE k BETWEEN 6006776 AND 6006876
	Bitmap Heap Scan on sbtest3  (cost=5.52..424.81 rows=106 width=125)
	  Recheck Cond: ((k >= 6006776) AND (k <= 6006876))
	  ->  Bitmap Index Scan on k_3  (cost=0.00..5.50 rows=106 width=0)
	        Index Cond: ((k >= 6006776) AND (k <= 6006876))

table 4 : explain SELECT k, c FROM sbtest4 WHERE k BETWEEN 6006776 AND 6006876
	Bitmap Heap Scan on sbtest4  (cost=5.41..381.49 rows=95 width=125)
	  Recheck Cond: ((k >= 6006776) AND (k <= 6006876))
	  ->  Bitmap Index Scan on k_4  (cost=0.00..5.38 rows=95 width=0)
	        Index Cond: ((k >= 6006776) AND (k <= 6006876))

table 5 : explain SELECT k, c FROM sbtest5 WHERE k BETWEEN 6006776 AND 6006876
	Bitmap Heap Scan on sbtest5  (cost=5.57..444.49 rows=111 width=125)
	  Recheck Cond: ((k >= 6006776) AND (k <= 6006876))
	  ->  Bitmap Index Scan on k_5  (cost=0.00..5.54 rows=111 width=0)
	        Index Cond: ((k >= 6006776) AND (k <= 6006876))

table 6 : explain SELECT k, c FROM sbtest6 WHERE k BETWEEN 6006776 AND 6006876
	Bitmap Heap Scan on sbtest6  (cost=5.48..409.07 rows=102 width=125)
	  Recheck Cond: ((k >= 6006776) AND (k <= 6006876))
	  ->  Bitmap Index Scan on k_6  (cost=0.00..5.45 rows=102 width=0)
	        Index Cond: ((k >= 6006776) AND (k <= 6006876))

table 7 : explain SELECT k, c FROM sbtest7 WHERE k BETWEEN 6006776 AND 6006876
	Bitmap Heap Scan on sbtest7  (cost=5.47..405.13 rows=101 width=125)
	  Recheck Cond: ((k >= 6006776) AND (k <= 6006876))
	  ->  Bitmap Index Scan on k_7  (cost=0.00..5.44 rows=101 width=0)
	        Index Cond: ((k >= 6006776) AND (k <= 6006876))

table 8 : explain SELECT k, c FROM sbtest8 WHERE k BETWEEN 6006776 AND 6006876
	Bitmap Heap Scan on sbtest8  (cost=5.57..444.49 rows=111 width=125)
	  Recheck Cond: ((k >= 6006776) AND (k <= 6006876))
	  ->  Bitmap Index Scan on k_8  (cost=0.00..5.54 rows=111 width=0)
	        Index Cond: ((k >= 6006776) AND (k <= 6006876))

explain: for range-notcovered :: explain SELECT k, c FROM sbtest%d WHERE k BETWEEN 7765389 AND 7765489
for range-notcovered
table 1 : explain SELECT k, c FROM sbtest1 WHERE k BETWEEN 5670715 AND 5670815
	Bitmap Heap Scan on sbtest1  (cost=5.53..428.75 rows=107 width=125)
	  Recheck Cond: ((k >= 5670715) AND (k <= 5670815))
	  ->  Bitmap Index Scan on k_1  (cost=0.00..5.50 rows=107 width=0)
	        Index Cond: ((k >= 5670715) AND (k <= 5670815))

table 2 : explain SELECT k, c FROM sbtest2 WHERE k BETWEEN 5670715 AND 5670815
	Bitmap Heap Scan on sbtest2  (cost=5.45..397.25 rows=99 width=125)
	  Recheck Cond: ((k >= 5670715) AND (k <= 5670815))
	  ->  Bitmap Index Scan on k_2  (cost=0.00..5.42 rows=99 width=0)
	        Index Cond: ((k >= 5670715) AND (k <= 5670815))

table 3 : explain SELECT k, c FROM sbtest3 WHERE k BETWEEN 5670715 AND 5670815
	Bitmap Heap Scan on sbtest3  (cost=5.44..393.31 rows=98 width=125)
	  Recheck Cond: ((k >= 5670715) AND (k <= 5670815))
	  ->  Bitmap Index Scan on k_3  (cost=0.00..5.42 rows=98 width=0)
	        Index Cond: ((k >= 5670715) AND (k <= 5670815))

table 4 : explain SELECT k, c FROM sbtest4 WHERE k BETWEEN 5670715 AND 5670815
	Bitmap Heap Scan on sbtest4  (cost=5.44..393.31 rows=98 width=125)
	  Recheck Cond: ((k >= 5670715) AND (k <= 5670815))
	  ->  Bitmap Index Scan on k_4  (cost=0.00..5.42 rows=98 width=0)
	        Index Cond: ((k >= 5670715) AND (k <= 5670815))

table 5 : explain SELECT k, c FROM sbtest5 WHERE k BETWEEN 5670715 AND 5670815
	Bitmap Heap Scan on sbtest5  (cost=5.47..405.13 rows=101 width=125)
	  Recheck Cond: ((k >= 5670715) AND (k <= 5670815))
	  ->  Bitmap Index Scan on k_5  (cost=0.00..5.44 rows=101 width=0)
	        Index Cond: ((k >= 5670715) AND (k <= 5670815))

table 6 : explain SELECT k, c FROM sbtest6 WHERE k BETWEEN 5670715 AND 5670815
	Bitmap Heap Scan on sbtest6  (cost=5.56..440.56 rows=110 width=125)
	  Recheck Cond: ((k >= 5670715) AND (k <= 5670815))
	  ->  Bitmap Index Scan on k_6  (cost=0.00..5.53 rows=110 width=0)
	        Index Cond: ((k >= 5670715) AND (k <= 5670815))

table 7 : explain SELECT k, c FROM sbtest7 WHERE k BETWEEN 5670715 AND 5670815
	Bitmap Heap Scan on sbtest7  (cost=5.42..385.43 rows=96 width=125)
	  Recheck Cond: ((k >= 5670715) AND (k <= 5670815))
	  ->  Bitmap Index Scan on k_7  (cost=0.00..5.39 rows=96 width=0)
	        Index Cond: ((k >= 5670715) AND (k <= 5670815))

table 8 : explain SELECT k, c FROM sbtest8 WHERE k BETWEEN 5670715 AND 5670815
	Bitmap Heap Scan on sbtest8  (cost=5.48..409.07 rows=102 width=125)
	  Recheck Cond: ((k >= 5670715) AND (k <= 5670815))
	  ->  Bitmap Index Scan on k_8  (cost=0.00..5.45 rows=102 width=0)
	        Index Cond: ((k >= 5670715) AND (k <= 5670815))

explain: for range-notcovered :: explain SELECT k, c FROM sbtest%d WHERE k BETWEEN 6006776 AND 6006876
explain: for range-notcovered :: explain SELECT k, c FROM sbtest%d WHERE k BETWEEN 5670715 AND 5670815
for range-notcovered
table 1 : explain SELECT k, c FROM sbtest1 WHERE k BETWEEN 3267451 AND 3267551
	Bitmap Heap Scan on sbtest1  (cost=5.51..420.88 rows=105 width=125)
	  Recheck Cond: ((k >= 3267451) AND (k <= 3267551))
	  ->  Bitmap Index Scan on k_1  (cost=0.00..5.48 rows=105 width=0)
	        Index Cond: ((k >= 3267451) AND (k <= 3267551))

table 2 : explain SELECT k, c FROM sbtest2 WHERE k BETWEEN 3267451 AND 3267551
	Bitmap Heap Scan on sbtest2  (cost=5.53..428.75 rows=107 width=125)
	  Recheck Cond: ((k >= 3267451) AND (k <= 3267551))
	  ->  Bitmap Index Scan on k_2  (cost=0.00..5.50 rows=107 width=0)
	        Index Cond: ((k >= 3267451) AND (k <= 3267551))

table 3 : explain SELECT k, c FROM sbtest3 WHERE k BETWEEN 3267451 AND 3267551
	Bitmap Heap Scan on sbtest3  (cost=5.44..393.31 rows=98 width=125)
	  Recheck Cond: ((k >= 3267451) AND (k <= 3267551))
	  ->  Bitmap Index Scan on k_3  (cost=0.00..5.42 rows=98 width=0)
	        Index Cond: ((k >= 3267451) AND (k <= 3267551))

table 4 : explain SELECT k, c FROM sbtest4 WHERE k BETWEEN 3267451 AND 3267551
	Bitmap Heap Scan on sbtest4  (cost=5.47..405.13 rows=101 width=125)
	  Recheck Cond: ((k >= 3267451) AND (k <= 3267551))
	  ->  Bitmap Index Scan on k_4  (cost=0.00..5.44 rows=101 width=0)
	        Index Cond: ((k >= 3267451) AND (k <= 3267551))

table 5 : explain SELECT k, c FROM sbtest5 WHERE k BETWEEN 3267451 AND 3267551
	Bitmap Heap Scan on sbtest5  (cost=5.50..416.94 rows=104 width=125)
	  Recheck Cond: ((k >= 3267451) AND (k <= 3267551))
	  ->  Bitmap Index Scan on k_5  (cost=0.00..5.47 rows=104 width=0)
	        Index Cond: ((k >= 3267451) AND (k <= 3267551))

table 6 : explain SELECT k, c FROM sbtest6 WHERE k BETWEEN 3267451 AND 3267551
	Bitmap Heap Scan on sbtest6  (cost=5.44..393.31 rows=98 width=125)
	  Recheck Cond: ((k >= 3267451) AND (k <= 3267551))
	  ->  Bitmap Index Scan on k_6  (cost=0.00..5.42 rows=98 width=0)
	        Index Cond: ((k >= 3267451) AND (k <= 3267551))

table 7 : explain SELECT k, c FROM sbtest7 WHERE k BETWEEN 3267451 AND 3267551
	Bitmap Heap Scan on sbtest7  (cost=5.45..397.25 rows=99 width=125)
	  Recheck Cond: ((k >= 3267451) AND (k <= 3267551))
	  ->  Bitmap Index Scan on k_7  (cost=0.00..5.42 rows=99 width=0)
	        Index Cond: ((k >= 3267451) AND (k <= 3267551))

table 8 : explain SELECT k, c FROM sbtest8 WHERE k BETWEEN 3267451 AND 3267551
	Bitmap Heap Scan on sbtest8  (cost=5.55..436.62 rows=109 width=125)
	  Recheck Cond: ((k >= 3267451) AND (k <= 3267551))
	  ->  Bitmap Index Scan on k_8  (cost=0.00..5.52 rows=109 width=0)
	        Index Cond: ((k >= 3267451) AND (k <= 3267551))

for range-notcovered
table 1 : explain SELECT k, c FROM sbtest1 WHERE k BETWEEN 9064660 AND 9064760
	Bitmap Heap Scan on sbtest1  (cost=5.47..405.13 rows=101 width=125)
	  Recheck Cond: ((k >= 9064660) AND (k <= 9064760))
	  ->  Bitmap Index Scan on k_1  (cost=0.00..5.44 rows=101 width=0)
	        Index Cond: ((k >= 9064660) AND (k <= 9064760))

table 2 : explain SELECT k, c FROM sbtest2 WHERE k BETWEEN 9064660 AND 9064760
	Bitmap Heap Scan on sbtest2  (cost=5.36..361.78 rows=90 width=125)
	  Recheck Cond: ((k >= 9064660) AND (k <= 9064760))
	  ->  Bitmap Index Scan on k_2  (cost=0.00..5.33 rows=90 width=0)
	        Index Cond: ((k >= 9064660) AND (k <= 9064760))

table 3 : explain SELECT k, c FROM sbtest3 WHERE k BETWEEN 9064660 AND 9064760
	Bitmap Heap Scan on sbtest3  (cost=5.53..428.75 rows=107 width=125)
	  Recheck Cond: ((k >= 9064660) AND (k <= 9064760))
	  ->  Bitmap Index Scan on k_3  (cost=0.00..5.50 rows=107 width=0)
	        Index Cond: ((k >= 9064660) AND (k <= 9064760))

table 4 : explain SELECT k, c FROM sbtest4 WHERE k BETWEEN 9064660 AND 9064760
	Bitmap Heap Scan on sbtest4  (cost=5.49..413.00 rows=103 width=125)
	  Recheck Cond: ((k >= 9064660) AND (k <= 9064760))
	  ->  Bitmap Index Scan on k_4  (cost=0.00..5.46 rows=103 width=0)
	        Index Cond: ((k >= 9064660) AND (k <= 9064760))

table 5 : explain SELECT k, c FROM sbtest5 WHERE k BETWEEN 9064660 AND 9064760
	Bitmap Heap Scan on sbtest5  (cost=5.41..381.49 rows=95 width=125)
	  Recheck Cond: ((k >= 9064660) AND (k <= 9064760))
	  ->  Bitmap Index Scan on k_5  (cost=0.00..5.38 rows=95 width=0)
	        Index Cond: ((k >= 9064660) AND (k <= 9064760))

table 6 : explain SELECT k, c FROM sbtest6 WHERE k BETWEEN 9064660 AND 9064760
	Bitmap Heap Scan on sbtest6  (cost=5.43..389.37 rows=97 width=125)
	  Recheck Cond: ((k >= 9064660) AND (k <= 9064760))
	  ->  Bitmap Index Scan on k_6  (cost=0.00..5.40 rows=97 width=0)
	        Index Cond: ((k >= 9064660) AND (k <= 9064760))

table 7 : explain SELECT k, c FROM sbtest7 WHERE k BETWEEN 9064660 AND 9064760
	Bitmap Heap Scan on sbtest7  (cost=5.44..393.31 rows=98 width=125)
	  Recheck Cond: ((k >= 9064660) AND (k <= 9064760))
	  ->  Bitmap Index Scan on k_7  (cost=0.00..5.42 rows=98 width=0)
	        Index Cond: ((k >= 9064660) AND (k <= 9064760))

table 8 : explain SELECT k, c FROM sbtest8 WHERE k BETWEEN 9064660 AND 9064760
	Bitmap Heap Scan on sbtest8  (cost=5.48..409.07 rows=102 width=125)
	  Recheck Cond: ((k >= 9064660) AND (k <= 9064760))
	  ->  Bitmap Index Scan on k_8  (cost=0.00..5.45 rows=102 width=0)
	        Index Cond: ((k >= 9064660) AND (k <= 9064760))

explain: for range-notcovered :: explain SELECT k, c FROM sbtest%d WHERE k BETWEEN 3267451 AND 3267551
explain: for range-notcovered :: explain SELECT k, c FROM sbtest%d WHERE k BETWEEN 9064660 AND 9064760
explain: for range-notcovered :: explain SELECT k, c FROM sbtest%d WHERE k BETWEEN 8418716 AND 8418816
for range-notcovered
table 1 : explain SELECT k, c FROM sbtest1 WHERE k BETWEEN 4410452 AND 4410552
	Bitmap Heap Scan on sbtest1  (cost=5.45..397.25 rows=99 width=125)
	  Recheck Cond: ((k >= 4410452) AND (k <= 4410552))
	  ->  Bitmap Index Scan on k_1  (cost=0.00..5.42 rows=99 width=0)
	        Index Cond: ((k >= 4410452) AND (k <= 4410552))

table 2 : explain SELECT k, c FROM sbtest2 WHERE k BETWEEN 4410452 AND 4410552
	Bitmap Heap Scan on sbtest2  (cost=5.41..381.49 rows=95 width=125)
	  Recheck Cond: ((k >= 4410452) AND (k <= 4410552))
	  ->  Bitmap Index Scan on k_2  (cost=0.00..5.38 rows=95 width=0)
	        Index Cond: ((k >= 4410452) AND (k <= 4410552))

table 3 : explain SELECT k, c FROM sbtest3 WHERE k BETWEEN 4410452 AND 4410552
	Bitmap Heap Scan on sbtest3  (cost=5.46..401.19 rows=100 width=125)
	  Recheck Cond: ((k >= 4410452) AND (k <= 4410552))
	  ->  Bitmap Index Scan on k_3  (cost=0.00..5.43 rows=100 width=0)
	        Index Cond: ((k >= 4410452) AND (k <= 4410552))

table 4 : explain SELECT k, c FROM sbtest4 WHERE k BETWEEN 4410452 AND 4410552
	Bitmap Heap Scan on sbtest4  (cost=5.53..428.75 rows=107 width=125)
	  Recheck Cond: ((k >= 4410452) AND (k <= 4410552))
	  ->  Bitmap Index Scan on k_4  (cost=0.00..5.50 rows=107 width=0)
	        Index Cond: ((k >= 4410452) AND (k <= 4410552))

table 5 : explain SELECT k, c FROM sbtest5 WHERE k BETWEEN 4410452 AND 4410552
	Bitmap Heap Scan on sbtest5  (cost=5.54..432.69 rows=108 width=125)
	  Recheck Cond: ((k >= 4410452) AND (k <= 4410552))
	  ->  Bitmap Index Scan on k_5  (cost=0.00..5.51 rows=108 width=0)
	        Index Cond: ((k >= 4410452) AND (k <= 4410552))

table 6 : explain SELECT k, c FROM sbtest6 WHERE k BETWEEN 4410452 AND 4410552
	Bitmap Heap Scan on sbtest6  (cost=5.52..424.81 rows=106 width=125)
	  Recheck Cond: ((k >= 4410452) AND (k <= 4410552))
	  ->  Bitmap Index Scan on k_6  (cost=0.00..5.50 rows=106 width=0)
	        Index Cond: ((k >= 4410452) AND (k <= 4410552))

table 7 : explain SELECT k, c FROM sbtest7 WHERE k BETWEEN 4410452 AND 4410552
	Bitmap Heap Scan on sbtest7  (cost=5.53..428.75 rows=107 width=125)
	  Recheck Cond: ((k >= 4410452) AND (k <= 4410552))
	  ->  Bitmap Index Scan on k_7  (cost=0.00..5.50 rows=107 width=0)
	        Index Cond: ((k >= 4410452) AND (k <= 4410552))

table 8 : explain SELECT k, c FROM sbtest8 WHERE k BETWEEN 4410452 AND 4410552
	Bitmap Heap Scan on sbtest8  (cost=5.46..401.19 rows=100 width=125)
	  Recheck Cond: ((k >= 4410452) AND (k <= 4410552))
	  ->  Bitmap Index Scan on k_8  (cost=0.00..5.43 rows=100 width=0)
	        Index Cond: ((k >= 4410452) AND (k <= 4410552))

explain: for range-notcovered :: explain SELECT k, c FROM sbtest%d WHERE k BETWEEN 4410452 AND 4410552
for range-notcovered
table 1 : explain SELECT k, c FROM sbtest1 WHERE k BETWEEN 7513718 AND 7513818
	Bitmap Heap Scan on sbtest1  (cost=5.44..393.31 rows=98 width=125)
	  Recheck Cond: ((k >= 7513718) AND (k <= 7513818))
	  ->  Bitmap Index Scan on k_1  (cost=0.00..5.42 rows=98 width=0)
	        Index Cond: ((k >= 7513718) AND (k <= 7513818))

table 2 : explain SELECT k, c FROM sbtest2 WHERE k BETWEEN 7513718 AND 7513818
	Bitmap Heap Scan on sbtest2  (cost=5.51..420.88 rows=105 width=125)
	  Recheck Cond: ((k >= 7513718) AND (k <= 7513818))
	  ->  Bitmap Index Scan on k_2  (cost=0.00..5.48 rows=105 width=0)
	        Index Cond: ((k >= 7513718) AND (k <= 7513818))

table 3 : explain SELECT k, c FROM sbtest3 WHERE k BETWEEN 7513718 AND 7513818
	Bitmap Heap Scan on sbtest3  (cost=5.44..393.31 rows=98 width=125)
	  Recheck Cond: ((k >= 7513718) AND (k <= 7513818))
	  ->  Bitmap Index Scan on k_3  (cost=0.00..5.42 rows=98 width=0)
	        Index Cond: ((k >= 7513718) AND (k <= 7513818))

table 4 : explain SELECT k, c FROM sbtest4 WHERE k BETWEEN 7513718 AND 7513818
	Bitmap Heap Scan on sbtest4  (cost=5.43..389.37 rows=97 width=125)
	  Recheck Cond: ((k >= 7513718) AND (k <= 7513818))
	  ->  Bitmap Index Scan on k_4  (cost=0.00..5.40 rows=97 width=0)
	        Index Cond: ((k >= 7513718) AND (k <= 7513818))

table 5 : explain SELECT k, c FROM sbtest5 WHERE k BETWEEN 7513718 AND 7513818
	Bitmap Heap Scan on sbtest5  (cost=5.46..401.19 rows=100 width=125)
	  Recheck Cond: ((k >= 7513718) AND (k <= 7513818))
	  ->  Bitmap Index Scan on k_5  (cost=0.00..5.43 rows=100 width=0)
	        Index Cond: ((k >= 7513718) AND (k <= 7513818))

table 6 : explain SELECT k, c FROM sbtest6 WHERE k BETWEEN 7513718 AND 7513818
	Bitmap Heap Scan on sbtest6  (cost=5.48..409.07 rows=102 width=125)
	  Recheck Cond: ((k >= 7513718) AND (k <= 7513818))
	  ->  Bitmap Index Scan on k_6  (cost=0.00..5.45 rows=102 width=0)
	        Index Cond: ((k >= 7513718) AND (k <= 7513818))

table 7 : explain SELECT k, c FROM sbtest7 WHERE k BETWEEN 7513718 AND 7513818
	Bitmap Heap Scan on sbtest7  (cost=5.54..432.69 rows=108 width=125)
	  Recheck Cond: ((k >= 7513718) AND (k <= 7513818))
	  ->  Bitmap Index Scan on k_7  (cost=0.00..5.51 rows=108 width=0)
	        Index Cond: ((k >= 7513718) AND (k <= 7513818))

table 8 : explain SELECT k, c FROM sbtest8 WHERE k BETWEEN 7513718 AND 7513818
	Bitmap Heap Scan on sbtest8  (cost=5.52..424.81 rows=106 width=125)
	  Recheck Cond: ((k >= 7513718) AND (k <= 7513818))
	  ->  Bitmap Index Scan on k_8  (cost=0.00..5.50 rows=106 width=0)
	        Index Cond: ((k >= 7513718) AND (k <= 7513818))

explain: for range-notcovered :: explain SELECT k, c FROM sbtest%d WHERE k BETWEEN 3278777 AND 3278877
for range-notcovered
table 1 : explain SELECT k, c FROM sbtest1 WHERE k BETWEEN 7765389 AND 7765489
	Bitmap Heap Scan on sbtest1  (cost=5.42..385.43 rows=96 width=125)
	  Recheck Cond: ((k >= 7765389) AND (k <= 7765489))
	  ->  Bitmap Index Scan on k_1  (cost=0.00..5.39 rows=96 width=0)
	        Index Cond: ((k >= 7765389) AND (k <= 7765489))

table 2 : explain SELECT k, c FROM sbtest2 WHERE k BETWEEN 7765389 AND 7765489
	Bitmap Heap Scan on sbtest2  (cost=5.57..444.49 rows=111 width=125)
	  Recheck Cond: ((k >= 7765389) AND (k <= 7765489))
	  ->  Bitmap Index Scan on k_2  (cost=0.00..5.54 rows=111 width=0)
	        Index Cond: ((k >= 7765389) AND (k <= 7765489))

table 3 : explain SELECT k, c FROM sbtest3 WHERE k BETWEEN 7765389 AND 7765489
	Bitmap Heap Scan on sbtest3  (cost=5.46..401.19 rows=100 width=125)
	  Recheck Cond: ((k >= 7765389) AND (k <= 7765489))
	  ->  Bitmap Index Scan on k_3  (cost=0.00..5.43 rows=100 width=0)
	        Index Cond: ((k >= 7765389) AND (k <= 7765489))

table 4 : explain SELECT k, c FROM sbtest4 WHERE k BETWEEN 7765389 AND 7765489
	Bitmap Heap Scan on sbtest4  (cost=5.44..393.31 rows=98 width=125)
	  Recheck Cond: ((k >= 7765389) AND (k <= 7765489))
	  ->  Bitmap Index Scan on k_4  (cost=0.00..5.42 rows=98 width=0)
	        Index Cond: ((k >= 7765389) AND (k <= 7765489))

table 5 : explain SELECT k, c FROM sbtest5 WHERE k BETWEEN 7765389 AND 7765489
	Bitmap Heap Scan on sbtest5  (cost=5.43..389.37 rows=97 width=125)
	  Recheck Cond: ((k >= 7765389) AND (k <= 7765489))
	  ->  Bitmap Index Scan on k_5  (cost=0.00..5.40 rows=97 width=0)
	        Index Cond: ((k >= 7765389) AND (k <= 7765489))

table 6 : explain SELECT k, c FROM sbtest6 WHERE k BETWEEN 7765389 AND 7765489
	Bitmap Heap Scan on sbtest6  (cost=5.52..424.81 rows=106 width=125)
	  Recheck Cond: ((k >= 7765389) AND (k <= 7765489))
	  ->  Bitmap Index Scan on k_6  (cost=0.00..5.50 rows=106 width=0)
	        Index Cond: ((k >= 7765389) AND (k <= 7765489))

table 7 : explain SELECT k, c FROM sbtest7 WHERE k BETWEEN 7765389 AND 7765489
	Bitmap Heap Scan on sbtest7  (cost=5.51..420.88 rows=105 width=125)
	  Recheck Cond: ((k >= 7765389) AND (k <= 7765489))
	  ->  Bitmap Index Scan on k_7  (cost=0.00..5.48 rows=105 width=0)
	        Index Cond: ((k >= 7765389) AND (k <= 7765489))

table 8 : explain SELECT k, c FROM sbtest8 WHERE k BETWEEN 7765389 AND 7765489
	Bitmap Heap Scan on sbtest8  (cost=5.50..416.94 rows=104 width=125)
	  Recheck Cond: ((k >= 7765389) AND (k <= 7765489))
	  ->  Bitmap Index Scan on k_8  (cost=0.00..5.47 rows=104 width=0)
	        Index Cond: ((k >= 7765389) AND (k <= 7765489))

explain: for range-notcovered :: explain SELECT k, c FROM sbtest%d WHERE k BETWEEN 7513718 AND 7513818
for range-notcovered
table 1 : explain SELECT k, c FROM sbtest1 WHERE k BETWEEN 4318223 AND 4318323
	Bitmap Heap Scan on sbtest1  (cost=5.59..452.36 rows=113 width=125)
	  Recheck Cond: ((k >= 4318223) AND (k <= 4318323))
	  ->  Bitmap Index Scan on k_1  (cost=0.00..5.56 rows=113 width=0)
	        Index Cond: ((k >= 4318223) AND (k <= 4318323))

table 2 : explain SELECT k, c FROM sbtest2 WHERE k BETWEEN 4318223 AND 4318323
	Bitmap Heap Scan on sbtest2  (cost=5.59..452.36 rows=113 width=125)
	  Recheck Cond: ((k >= 4318223) AND (k <= 4318323))
	  ->  Bitmap Index Scan on k_2  (cost=0.00..5.56 rows=113 width=0)
	        Index Cond: ((k >= 4318223) AND (k <= 4318323))

table 3 : explain SELECT k, c FROM sbtest3 WHERE k BETWEEN 4318223 AND 4318323
	Bitmap Heap Scan on sbtest3  (cost=5.45..397.25 rows=99 width=125)
	  Recheck Cond: ((k >= 4318223) AND (k <= 4318323))
	  ->  Bitmap Index Scan on k_3  (cost=0.00..5.42 rows=99 width=0)
	        Index Cond: ((k >= 4318223) AND (k <= 4318323))

table 4 : explain SELECT k, c FROM sbtest4 WHERE k BETWEEN 4318223 AND 4318323
	Bitmap Heap Scan on sbtest4  (cost=5.48..409.07 rows=102 width=125)
	  Recheck Cond: ((k >= 4318223) AND (k <= 4318323))
	  ->  Bitmap Index Scan on k_4  (cost=0.00..5.45 rows=102 width=0)
	        Index Cond: ((k >= 4318223) AND (k <= 4318323))

table 5 : explain SELECT k, c FROM sbtest5 WHERE k BETWEEN 4318223 AND 4318323
	Bitmap Heap Scan on sbtest5  (cost=5.54..432.69 rows=108 width=125)
	  Recheck Cond: ((k >= 4318223) AND (k <= 4318323))
	  ->  Bitmap Index Scan on k_5  (cost=0.00..5.51 rows=108 width=0)
	        Index Cond: ((k >= 4318223) AND (k <= 4318323))

table 6 : explain SELECT k, c FROM sbtest6 WHERE k BETWEEN 4318223 AND 4318323
	Bitmap Heap Scan on sbtest6  (cost=5.46..401.19 rows=100 width=125)
	  Recheck Cond: ((k >= 4318223) AND (k <= 4318323))
	  ->  Bitmap Index Scan on k_6  (cost=0.00..5.43 rows=100 width=0)
	        Index Cond: ((k >= 4318223) AND (k <= 4318323))

table 7 : explain SELECT k, c FROM sbtest7 WHERE k BETWEEN 4318223 AND 4318323
	Bitmap Heap Scan on sbtest7  (cost=5.49..413.00 rows=103 width=125)
	  Recheck Cond: ((k >= 4318223) AND (k <= 4318323))
	  ->  Bitmap Index Scan on k_7  (cost=0.00..5.46 rows=103 width=0)
	        Index Cond: ((k >= 4318223) AND (k <= 4318323))

table 8 : explain SELECT k, c FROM sbtest8 WHERE k BETWEEN 4318223 AND 4318323
	Bitmap Heap Scan on sbtest8  (cost=5.49..413.00 rows=103 width=125)
	  Recheck Cond: ((k >= 4318223) AND (k <= 4318323))
	  ->  Bitmap Index Scan on k_8  (cost=0.00..5.46 rows=103 width=0)
	        Index Cond: ((k >= 4318223) AND (k <= 4318323))

explain: for range-notcovered :: explain SELECT k, c FROM sbtest%d WHERE k BETWEEN 7765389 AND 7765489
explain: for range-notcovered :: explain SELECT k, c FROM sbtest%d WHERE k BETWEEN 4318223 AND 4318323
for range-notcovered
table 1 : explain SELECT k, c FROM sbtest1 WHERE k BETWEEN 3267451 AND 3267551
	Bitmap Heap Scan on sbtest1  (cost=5.51..420.88 rows=105 width=125)
	  Recheck Cond: ((k >= 3267451) AND (k <= 3267551))
	  ->  Bitmap Index Scan on k_1  (cost=0.00..5.48 rows=105 width=0)
	        Index Cond: ((k >= 3267451) AND (k <= 3267551))

table 2 : explain SELECT k, c FROM sbtest2 WHERE k BETWEEN 3267451 AND 3267551
	Bitmap Heap Scan on sbtest2  (cost=5.53..428.75 rows=107 width=125)
	  Recheck Cond: ((k >= 3267451) AND (k <= 3267551))
	  ->  Bitmap Index Scan on k_2  (cost=0.00..5.50 rows=107 width=0)
	        Index Cond: ((k >= 3267451) AND (k <= 3267551))

table 3 : explain SELECT k, c FROM sbtest3 WHERE k BETWEEN 3267451 AND 3267551
	Bitmap Heap Scan on sbtest3  (cost=5.44..393.31 rows=98 width=125)
	  Recheck Cond: ((k >= 3267451) AND (k <= 3267551))
	  ->  Bitmap Index Scan on k_3  (cost=0.00..5.42 rows=98 width=0)
	        Index Cond: ((k >= 3267451) AND (k <= 3267551))

table 4 : explain SELECT k, c FROM sbtest4 WHERE k BETWEEN 3267451 AND 3267551
	Bitmap Heap Scan on sbtest4  (cost=5.47..405.13 rows=101 width=125)
	  Recheck Cond: ((k >= 3267451) AND (k <= 3267551))
	  ->  Bitmap Index Scan on k_4  (cost=0.00..5.44 rows=101 width=0)
	        Index Cond: ((k >= 3267451) AND (k <= 3267551))

table 5 : explain SELECT k, c FROM sbtest5 WHERE k BETWEEN 3267451 AND 3267551
	Bitmap Heap Scan on sbtest5  (cost=5.50..416.94 rows=104 width=125)
	  Recheck Cond: ((k >= 3267451) AND (k <= 3267551))
	  ->  Bitmap Index Scan on k_5  (cost=0.00..5.47 rows=104 width=0)
	        Index Cond: ((k >= 3267451) AND (k <= 3267551))

table 6 : explain SELECT k, c FROM sbtest6 WHERE k BETWEEN 3267451 AND 3267551
	Bitmap Heap Scan on sbtest6  (cost=5.44..393.31 rows=98 width=125)
	  Recheck Cond: ((k >= 3267451) AND (k <= 3267551))
	  ->  Bitmap Index Scan on k_6  (cost=0.00..5.42 rows=98 width=0)
	        Index Cond: ((k >= 3267451) AND (k <= 3267551))

table 7 : explain SELECT k, c FROM sbtest7 WHERE k BETWEEN 3267451 AND 3267551
	Bitmap Heap Scan on sbtest7  (cost=5.45..397.25 rows=99 width=125)
	  Recheck Cond: ((k >= 3267451) AND (k <= 3267551))
	  ->  Bitmap Index Scan on k_7  (cost=0.00..5.42 rows=99 width=0)
	        Index Cond: ((k >= 3267451) AND (k <= 3267551))

table 8 : explain SELECT k, c FROM sbtest8 WHERE k BETWEEN 3267451 AND 3267551
	Bitmap Heap Scan on sbtest8  (cost=5.55..436.62 rows=109 width=125)
	  Recheck Cond: ((k >= 3267451) AND (k <= 3267551))
	  ->  Bitmap Index Scan on k_8  (cost=0.00..5.52 rows=109 width=0)
	        Index Cond: ((k >= 3267451) AND (k <= 3267551))

explain: for range-notcovered :: explain SELECT k, c FROM sbtest%d WHERE k BETWEEN 3267451 AND 3267551
for range-notcovered
table 1 : explain SELECT k, c FROM sbtest1 WHERE k BETWEEN 1501718 AND 1501818
	Bitmap Heap Scan on sbtest1  (cost=5.44..393.31 rows=98 width=125)
	  Recheck Cond: ((k >= 1501718) AND (k <= 1501818))
	  ->  Bitmap Index Scan on k_1  (cost=0.00..5.42 rows=98 width=0)
	        Index Cond: ((k >= 1501718) AND (k <= 1501818))

table 2 : explain SELECT k, c FROM sbtest2 WHERE k BETWEEN 1501718 AND 1501818
	Bitmap Heap Scan on sbtest2  (cost=5.53..428.75 rows=107 width=125)
	  Recheck Cond: ((k >= 1501718) AND (k <= 1501818))
	  ->  Bitmap Index Scan on k_2  (cost=0.00..5.50 rows=107 width=0)
	        Index Cond: ((k >= 1501718) AND (k <= 1501818))

table 3 : explain SELECT k, c FROM sbtest3 WHERE k BETWEEN 1501718 AND 1501818
	Bitmap Heap Scan on sbtest3  (cost=5.57..444.49 rows=111 width=125)
	  Recheck Cond: ((k >= 1501718) AND (k <= 1501818))
	  ->  Bitmap Index Scan on k_3  (cost=0.00..5.54 rows=111 width=0)
	        Index Cond: ((k >= 1501718) AND (k <= 1501818))

table 4 : explain SELECT k, c FROM sbtest4 WHERE k BETWEEN 1501718 AND 1501818
	Bitmap Heap Scan on sbtest4  (cost=5.43..389.37 rows=97 width=125)
	  Recheck Cond: ((k >= 1501718) AND (k <= 1501818))
	  ->  Bitmap Index Scan on k_4  (cost=0.00..5.40 rows=97 width=0)
	        Index Cond: ((k >= 1501718) AND (k <= 1501818))

table 5 : explain SELECT k, c FROM sbtest5 WHERE k BETWEEN 1501718 AND 1501818
	Bitmap Heap Scan on sbtest5  (cost=5.50..416.94 rows=104 width=125)
	  Recheck Cond: ((k >= 1501718) AND (k <= 1501818))
	  ->  Bitmap Index Scan on k_5  (cost=0.00..5.47 rows=104 width=0)
	        Index Cond: ((k >= 1501718) AND (k <= 1501818))

table 6 : explain SELECT k, c FROM sbtest6 WHERE k BETWEEN 1501718 AND 1501818
	Bitmap Heap Scan on sbtest6  (cost=5.42..385.43 rows=96 width=125)
	  Recheck Cond: ((k >= 1501718) AND (k <= 1501818))
	  ->  Bitmap Index Scan on k_6  (cost=0.00..5.39 rows=96 width=0)
	        Index Cond: ((k >= 1501718) AND (k <= 1501818))

table 7 : explain SELECT k, c FROM sbtest7 WHERE k BETWEEN 1501718 AND 1501818
	Bitmap Heap Scan on sbtest7  (cost=5.45..397.25 rows=99 width=125)
	  Recheck Cond: ((k >= 1501718) AND (k <= 1501818))
	  ->  Bitmap Index Scan on k_7  (cost=0.00..5.42 rows=99 width=0)
	        Index Cond: ((k >= 1501718) AND (k <= 1501818))

table 8 : explain SELECT k, c FROM sbtest8 WHERE k BETWEEN 1501718 AND 1501818
	Bitmap Heap Scan on sbtest8  (cost=5.50..416.94 rows=104 width=125)
	  Recheck Cond: ((k >= 1501718) AND (k <= 1501818))
	  ->  Bitmap Index Scan on k_8  (cost=0.00..5.47 rows=104 width=0)
	        Index Cond: ((k >= 1501718) AND (k <= 1501818))

for range-notcovered
table 1 : explain SELECT k, c FROM sbtest1 WHERE k BETWEEN 9064660 AND 9064760
	Bitmap Heap Scan on sbtest1  (cost=5.47..405.13 rows=101 width=125)
	  Recheck Cond: ((k >= 9064660) AND (k <= 9064760))
	  ->  Bitmap Index Scan on k_1  (cost=0.00..5.44 rows=101 width=0)
	        Index Cond: ((k >= 9064660) AND (k <= 9064760))

table 2 : explain SELECT k, c FROM sbtest2 WHERE k BETWEEN 9064660 AND 9064760
	Bitmap Heap Scan on sbtest2  (cost=5.36..361.78 rows=90 width=125)
	  Recheck Cond: ((k >= 9064660) AND (k <= 9064760))
	  ->  Bitmap Index Scan on k_2  (cost=0.00..5.33 rows=90 width=0)
	        Index Cond: ((k >= 9064660) AND (k <= 9064760))

table 3 : explain SELECT k, c FROM sbtest3 WHERE k BETWEEN 9064660 AND 9064760
	Bitmap Heap Scan on sbtest3  (cost=5.53..428.75 rows=107 width=125)
	  Recheck Cond: ((k >= 9064660) AND (k <= 9064760))
	  ->  Bitmap Index Scan on k_3  (cost=0.00..5.50 rows=107 width=0)
	        Index Cond: ((k >= 9064660) AND (k <= 9064760))

table 4 : explain SELECT k, c FROM sbtest4 WHERE k BETWEEN 9064660 AND 9064760
	Bitmap Heap Scan on sbtest4  (cost=5.49..413.00 rows=103 width=125)
	  Recheck Cond: ((k >= 9064660) AND (k <= 9064760))
	  ->  Bitmap Index Scan on k_4  (cost=0.00..5.46 rows=103 width=0)
	        Index Cond: ((k >= 9064660) AND (k <= 9064760))

table 5 : explain SELECT k, c FROM sbtest5 WHERE k BETWEEN 9064660 AND 9064760
	Bitmap Heap Scan on sbtest5  (cost=5.41..381.49 rows=95 width=125)
	  Recheck Cond: ((k >= 9064660) AND (k <= 9064760))
	  ->  Bitmap Index Scan on k_5  (cost=0.00..5.38 rows=95 width=0)
	        Index Cond: ((k >= 9064660) AND (k <= 9064760))

table 6 : explain SELECT k, c FROM sbtest6 WHERE k BETWEEN 9064660 AND 9064760
	Bitmap Heap Scan on sbtest6  (cost=5.43..389.37 rows=97 width=125)
	  Recheck Cond: ((k >= 9064660) AND (k <= 9064760))
	  ->  Bitmap Index Scan on k_6  (cost=0.00..5.40 rows=97 width=0)
	        Index Cond: ((k >= 9064660) AND (k <= 9064760))

table 7 : explain SELECT k, c FROM sbtest7 WHERE k BETWEEN 9064660 AND 9064760
	Bitmap Heap Scan on sbtest7  (cost=5.44..393.31 rows=98 width=125)
	  Recheck Cond: ((k >= 9064660) AND (k <= 9064760))
	  ->  Bitmap Index Scan on k_7  (cost=0.00..5.42 rows=98 width=0)
	        Index Cond: ((k >= 9064660) AND (k <= 9064760))

table 8 : explain SELECT k, c FROM sbtest8 WHERE k BETWEEN 9064660 AND 9064760
	Bitmap Heap Scan on sbtest8  (cost=5.48..409.07 rows=102 width=125)
	  Recheck Cond: ((k >= 9064660) AND (k <= 9064760))
	  ->  Bitmap Index Scan on k_8  (cost=0.00..5.45 rows=102 width=0)
	        Index Cond: ((k >= 9064660) AND (k <= 9064760))

for range-notcovered
table 1 : explain SELECT k, c FROM sbtest1 WHERE k BETWEEN 4410452 AND 4410552
	Bitmap Heap Scan on sbtest1  (cost=5.45..397.25 rows=99 width=125)
	  Recheck Cond: ((k >= 4410452) AND (k <= 4410552))
	  ->  Bitmap Index Scan on k_1  (cost=0.00..5.42 rows=99 width=0)
	        Index Cond: ((k >= 4410452) AND (k <= 4410552))

table 2 : explain SELECT k, c FROM sbtest2 WHERE k BETWEEN 4410452 AND 4410552
	Bitmap Heap Scan on sbtest2  (cost=5.41..381.49 rows=95 width=125)
	  Recheck Cond: ((k >= 4410452) AND (k <= 4410552))
	  ->  Bitmap Index Scan on k_2  (cost=0.00..5.38 rows=95 width=0)
	        Index Cond: ((k >= 4410452) AND (k <= 4410552))

table 3 : explain SELECT k, c FROM sbtest3 WHERE k BETWEEN 4410452 AND 4410552
	Bitmap Heap Scan on sbtest3  (cost=5.46..401.19 rows=100 width=125)
	  Recheck Cond: ((k >= 4410452) AND (k <= 4410552))
	  ->  Bitmap Index Scan on k_3  (cost=0.00..5.43 rows=100 width=0)
	        Index Cond: ((k >= 4410452) AND (k <= 4410552))

table 4 : explain SELECT k, c FROM sbtest4 WHERE k BETWEEN 4410452 AND 4410552
	Bitmap Heap Scan on sbtest4  (cost=5.53..428.75 rows=107 width=125)
	  Recheck Cond: ((k >= 4410452) AND (k <= 4410552))
	  ->  Bitmap Index Scan on k_4  (cost=0.00..5.50 rows=107 width=0)
	        Index Cond: ((k >= 4410452) AND (k <= 4410552))

table 5 : explain SELECT k, c FROM sbtest5 WHERE k BETWEEN 4410452 AND 4410552
	Bitmap Heap Scan on sbtest5  (cost=5.54..432.69 rows=108 width=125)
	  Recheck Cond: ((k >= 4410452) AND (k <= 4410552))
	  ->  Bitmap Index Scan on k_5  (cost=0.00..5.51 rows=108 width=0)
	        Index Cond: ((k >= 4410452) AND (k <= 4410552))

table 6 : explain SELECT k, c FROM sbtest6 WHERE k BETWEEN 4410452 AND 4410552
	Bitmap Heap Scan on sbtest6  (cost=5.52..424.81 rows=106 width=125)
	  Recheck Cond: ((k >= 4410452) AND (k <= 4410552))
	  ->  Bitmap Index Scan on k_6  (cost=0.00..5.50 rows=106 width=0)
	        Index Cond: ((k >= 4410452) AND (k <= 4410552))

table 7 : explain SELECT k, c FROM sbtest7 WHERE k BETWEEN 4410452 AND 4410552
	Bitmap Heap Scan on sbtest7  (cost=5.53..428.75 rows=107 width=125)
	  Recheck Cond: ((k >= 4410452) AND (k <= 4410552))
	  ->  Bitmap Index Scan on k_7  (cost=0.00..5.50 rows=107 width=0)
	        Index Cond: ((k >= 4410452) AND (k <= 4410552))

table 8 : explain SELECT k, c FROM sbtest8 WHERE k BETWEEN 4410452 AND 4410552
	Bitmap Heap Scan on sbtest8  (cost=5.46..401.19 rows=100 width=125)
	  Recheck Cond: ((k >= 4410452) AND (k <= 4410552))
	  ->  Bitmap Index Scan on k_8  (cost=0.00..5.43 rows=100 width=0)
	        Index Cond: ((k >= 4410452) AND (k <= 4410552))

for range-notcovered
table 1 : explain SELECT k, c FROM sbtest1 WHERE k BETWEEN 2225218 AND 2225318
	Bitmap Heap Scan on sbtest1  (cost=5.50..416.94 rows=104 width=125)
	  Recheck Cond: ((k >= 2225218) AND (k <= 2225318))
	  ->  Bitmap Index Scan on k_1  (cost=0.00..5.47 rows=104 width=0)
	        Index Cond: ((k >= 2225218) AND (k <= 2225318))

table 2 : explain SELECT k, c FROM sbtest2 WHERE k BETWEEN 2225218 AND 2225318
	Bitmap Heap Scan on sbtest2  (cost=5.48..409.07 rows=102 width=125)
	  Recheck Cond: ((k >= 2225218) AND (k <= 2225318))
	  ->  Bitmap Index Scan on k_2  (cost=0.00..5.45 rows=102 width=0)
	        Index Cond: ((k >= 2225218) AND (k <= 2225318))

table 3 : explain SELECT k, c FROM sbtest3 WHERE k BETWEEN 2225218 AND 2225318
	Bitmap Heap Scan on sbtest3  (cost=5.43..389.37 rows=97 width=125)
	  Recheck Cond: ((k >= 2225218) AND (k <= 2225318))
	  ->  Bitmap Index Scan on k_3  (cost=0.00..5.40 rows=97 width=0)
	        Index Cond: ((k >= 2225218) AND (k <= 2225318))

table 4 : explain SELECT k, c FROM sbtest4 WHERE k BETWEEN 2225218 AND 2225318
	Bitmap Heap Scan on sbtest4  (cost=5.49..413.00 rows=103 width=125)
	  Recheck Cond: ((k >= 2225218) AND (k <= 2225318))
	  ->  Bitmap Index Scan on k_4  (cost=0.00..5.46 rows=103 width=0)
	        Index Cond: ((k >= 2225218) AND (k <= 2225318))

table 5 : explain SELECT k, c FROM sbtest5 WHERE k BETWEEN 2225218 AND 2225318
	Bitmap Heap Scan on sbtest5  (cost=5.53..428.75 rows=107 width=125)
	  Recheck Cond: ((k >= 2225218) AND (k <= 2225318))
	  ->  Bitmap Index Scan on k_5  (cost=0.00..5.50 rows=107 width=0)
	        Index Cond: ((k >= 2225218) AND (k <= 2225318))

table 6 : explain SELECT k, c FROM sbtest6 WHERE k BETWEEN 2225218 AND 2225318
	Bitmap Heap Scan on sbtest6  (cost=5.49..413.00 rows=103 width=125)
	  Recheck Cond: ((k >= 2225218) AND (k <= 2225318))
	  ->  Bitmap Index Scan on k_6  (cost=0.00..5.46 rows=103 width=0)
	        Index Cond: ((k >= 2225218) AND (k <= 2225318))

table 7 : explain SELECT k, c FROM sbtest7 WHERE k BETWEEN 2225218 AND 2225318
	Bitmap Heap Scan on sbtest7  (cost=5.48..409.07 rows=102 width=125)
	  Recheck Cond: ((k >= 2225218) AND (k <= 2225318))
	  ->  Bitmap Index Scan on k_7  (cost=0.00..5.45 rows=102 width=0)
	        Index Cond: ((k >= 2225218) AND (k <= 2225318))

table 8 : explain SELECT k, c FROM sbtest8 WHERE k BETWEEN 2225218 AND 2225318
	Bitmap Heap Scan on sbtest8  (cost=5.50..416.94 rows=104 width=125)
	  Recheck Cond: ((k >= 2225218) AND (k <= 2225318))
	  ->  Bitmap Index Scan on k_8  (cost=0.00..5.47 rows=104 width=0)
	        Index Cond: ((k >= 2225218) AND (k <= 2225318))

explain: for range-notcovered :: explain SELECT k, c FROM sbtest%d WHERE k BETWEEN 4410452 AND 4410552
explain: for range-notcovered :: explain SELECT k, c FROM sbtest%d WHERE k BETWEEN 2225218 AND 2225318
for range-notcovered
table 1 : explain SELECT k, c FROM sbtest1 WHERE k BETWEEN 7513718 AND 7513818
	Bitmap Heap Scan on sbtest1  (cost=5.44..393.31 rows=98 width=125)
	  Recheck Cond: ((k >= 7513718) AND (k <= 7513818))
	  ->  Bitmap Index Scan on k_1  (cost=0.00..5.42 rows=98 width=0)
	        Index Cond: ((k >= 7513718) AND (k <= 7513818))

table 2 : explain SELECT k, c FROM sbtest2 WHERE k BETWEEN 7513718 AND 7513818
	Bitmap Heap Scan on sbtest2  (cost=5.51..420.88 rows=105 width=125)
	  Recheck Cond: ((k >= 7513718) AND (k <= 7513818))
	  ->  Bitmap Index Scan on k_2  (cost=0.00..5.48 rows=105 width=0)
	        Index Cond: ((k >= 7513718) AND (k <= 7513818))

table 3 : explain SELECT k, c FROM sbtest3 WHERE k BETWEEN 7513718 AND 7513818
	Bitmap Heap Scan on sbtest3  (cost=5.44..393.31 rows=98 width=125)
	  Recheck Cond: ((k >= 7513718) AND (k <= 7513818))
	  ->  Bitmap Index Scan on k_3  (cost=0.00..5.42 rows=98 width=0)
	        Index Cond: ((k >= 7513718) AND (k <= 7513818))

table 4 : explain SELECT k, c FROM sbtest4 WHERE k BETWEEN 7513718 AND 7513818
	Bitmap Heap Scan on sbtest4  (cost=5.43..389.37 rows=97 width=125)
	  Recheck Cond: ((k >= 7513718) AND (k <= 7513818))
	  ->  Bitmap Index Scan on k_4  (cost=0.00..5.40 rows=97 width=0)
	        Index Cond: ((k >= 7513718) AND (k <= 7513818))

table 5 : explain SELECT k, c FROM sbtest5 WHERE k BETWEEN 7513718 AND 7513818
	Bitmap Heap Scan on sbtest5  (cost=5.46..401.19 rows=100 width=125)
	  Recheck Cond: ((k >= 7513718) AND (k <= 7513818))
	  ->  Bitmap Index Scan on k_5  (cost=0.00..5.43 rows=100 width=0)
	        Index Cond: ((k >= 7513718) AND (k <= 7513818))

table 6 : explain SELECT k, c FROM sbtest6 WHERE k BETWEEN 7513718 AND 7513818
	Bitmap Heap Scan on sbtest6  (cost=5.48..409.07 rows=102 width=125)
	  Recheck Cond: ((k >= 7513718) AND (k <= 7513818))
	  ->  Bitmap Index Scan on k_6  (cost=0.00..5.45 rows=102 width=0)
	        Index Cond: ((k >= 7513718) AND (k <= 7513818))

table 7 : explain SELECT k, c FROM sbtest7 WHERE k BETWEEN 7513718 AND 7513818
	Bitmap Heap Scan on sbtest7  (cost=5.54..432.69 rows=108 width=125)
	  Recheck Cond: ((k >= 7513718) AND (k <= 7513818))
	  ->  Bitmap Index Scan on k_7  (cost=0.00..5.51 rows=108 width=0)
	        Index Cond: ((k >= 7513718) AND (k <= 7513818))

table 8 : explain SELECT k, c FROM sbtest8 WHERE k BETWEEN 7513718 AND 7513818
	Bitmap Heap Scan on sbtest8  (cost=5.52..424.81 rows=106 width=125)
	  Recheck Cond: ((k >= 7513718) AND (k <= 7513818))
	  ->  Bitmap Index Scan on k_8  (cost=0.00..5.50 rows=106 width=0)
	        Index Cond: ((k >= 7513718) AND (k <= 7513818))

for range-notcovered
table 1 : explain SELECT k, c FROM sbtest1 WHERE k BETWEEN 1120689 AND 1120789
	Bitmap Heap Scan on sbtest1  (cost=5.46..401.19 rows=100 width=125)
	  Recheck Cond: ((k >= 1120689) AND (k <= 1120789))
	  ->  Bitmap Index Scan on k_1  (cost=0.00..5.43 rows=100 width=0)
	        Index Cond: ((k >= 1120689) AND (k <= 1120789))

table 2 : explain SELECT k, c FROM sbtest2 WHERE k BETWEEN 1120689 AND 1120789
	Bitmap Heap Scan on sbtest2  (cost=5.37..365.72 rows=91 width=125)
	  Recheck Cond: ((k >= 1120689) AND (k <= 1120789))
	  ->  Bitmap Index Scan on k_2  (cost=0.00..5.34 rows=91 width=0)
	        Index Cond: ((k >= 1120689) AND (k <= 1120789))

table 3 : explain SELECT k, c FROM sbtest3 WHERE k BETWEEN 1120689 AND 1120789
	Bitmap Heap Scan on sbtest3  (cost=5.52..424.81 rows=106 width=125)
	  Recheck Cond: ((k >= 1120689) AND (k <= 1120789))
	  ->  Bitmap Index Scan on k_3  (cost=0.00..5.50 rows=106 width=0)
	        Index Cond: ((k >= 1120689) AND (k <= 1120789))

table 4 : explain SELECT k, c FROM sbtest4 WHERE k BETWEEN 1120689 AND 1120789
	Bitmap Heap Scan on sbtest4  (cost=5.49..413.00 rows=103 width=125)
	  Recheck Cond: ((k >= 1120689) AND (k <= 1120789))
	  ->  Bitmap Index Scan on k_4  (cost=0.00..5.46 rows=103 width=0)
	        Index Cond: ((k >= 1120689) AND (k <= 1120789))

table 5 : explain SELECT k, c FROM sbtest5 WHERE k BETWEEN 1120689 AND 1120789
	Bitmap Heap Scan on sbtest5  (cost=5.46..401.19 rows=100 width=125)
	  Recheck Cond: ((k >= 1120689) AND (k <= 1120789))
	  ->  Bitmap Index Scan on k_5  (cost=0.00..5.43 rows=100 width=0)
	        Index Cond: ((k >= 1120689) AND (k <= 1120789))

table 6 : explain SELECT k, c FROM sbtest6 WHERE k BETWEEN 1120689 AND 1120789
	Bitmap Heap Scan on sbtest6  (cost=5.46..401.19 rows=100 width=125)
	  Recheck Cond: ((k >= 1120689) AND (k <= 1120789))
	  ->  Bitmap Index Scan on k_6  (cost=0.00..5.43 rows=100 width=0)
	        Index Cond: ((k >= 1120689) AND (k <= 1120789))

table 7 : explain SELECT k, c FROM sbtest7 WHERE k BETWEEN 1120689 AND 1120789
	Bitmap Heap Scan on sbtest7  (cost=5.49..413.00 rows=103 width=125)
	  Recheck Cond: ((k >= 1120689) AND (k <= 1120789))
	  ->  Bitmap Index Scan on k_7  (cost=0.00..5.46 rows=103 width=0)
	        Index Cond: ((k >= 1120689) AND (k <= 1120789))

table 8 : explain SELECT k, c FROM sbtest8 WHERE k BETWEEN 1120689 AND 1120789
	Bitmap Heap Scan on sbtest8  (cost=5.55..436.62 rows=109 width=125)
	  Recheck Cond: ((k >= 1120689) AND (k <= 1120789))
	  ->  Bitmap Index Scan on k_8  (cost=0.00..5.52 rows=109 width=0)
	        Index Cond: ((k >= 1120689) AND (k <= 1120789))

for range-notcovered
table 1 : explain SELECT k, c FROM sbtest1 WHERE k BETWEEN 7765389 AND 7765489
	Bitmap Heap Scan on sbtest1  (cost=5.42..385.43 rows=96 width=125)
	  Recheck Cond: ((k >= 7765389) AND (k <= 7765489))
	  ->  Bitmap Index Scan on k_1  (cost=0.00..5.39 rows=96 width=0)
	        Index Cond: ((k >= 7765389) AND (k <= 7765489))

table 2 : explain SELECT k, c FROM sbtest2 WHERE k BETWEEN 7765389 AND 7765489
	Bitmap Heap Scan on sbtest2  (cost=5.57..444.49 rows=111 width=125)
	  Recheck Cond: ((k >= 7765389) AND (k <= 7765489))
	  ->  Bitmap Index Scan on k_2  (cost=0.00..5.54 rows=111 width=0)
	        Index Cond: ((k >= 7765389) AND (k <= 7765489))

table 3 : explain SELECT k, c FROM sbtest3 WHERE k BETWEEN 7765389 AND 7765489
	Bitmap Heap Scan on sbtest3  (cost=5.46..401.19 rows=100 width=125)
	  Recheck Cond: ((k >= 7765389) AND (k <= 7765489))
	  ->  Bitmap Index Scan on k_3  (cost=0.00..5.43 rows=100 width=0)
	        Index Cond: ((k >= 7765389) AND (k <= 7765489))

table 4 : explain SELECT k, c FROM sbtest4 WHERE k BETWEEN 7765389 AND 7765489
	Bitmap Heap Scan on sbtest4  (cost=5.44..393.31 rows=98 width=125)
	  Recheck Cond: ((k >= 7765389) AND (k <= 7765489))
	  ->  Bitmap Index Scan on k_4  (cost=0.00..5.42 rows=98 width=0)
	        Index Cond: ((k >= 7765389) AND (k <= 7765489))

table 5 : explain SELECT k, c FROM sbtest5 WHERE k BETWEEN 7765389 AND 7765489
	Bitmap Heap Scan on sbtest5  (cost=5.43..389.37 rows=97 width=125)
	  Recheck Cond: ((k >= 7765389) AND (k <= 7765489))
	  ->  Bitmap Index Scan on k_5  (cost=0.00..5.40 rows=97 width=0)
	        Index Cond: ((k >= 7765389) AND (k <= 7765489))

table 6 : explain SELECT k, c FROM sbtest6 WHERE k BETWEEN 7765389 AND 7765489
	Bitmap Heap Scan on sbtest6  (cost=5.52..424.81 rows=106 width=125)
	  Recheck Cond: ((k >= 7765389) AND (k <= 7765489))
	  ->  Bitmap Index Scan on k_6  (cost=0.00..5.50 rows=106 width=0)
	        Index Cond: ((k >= 7765389) AND (k <= 7765489))

table 7 : explain SELECT k, c FROM sbtest7 WHERE k BETWEEN 7765389 AND 7765489
	Bitmap Heap Scan on sbtest7  (cost=5.51..420.88 rows=105 width=125)
	  Recheck Cond: ((k >= 7765389) AND (k <= 7765489))
	  ->  Bitmap Index Scan on k_7  (cost=0.00..5.48 rows=105 width=0)
	        Index Cond: ((k >= 7765389) AND (k <= 7765489))

table 8 : explain SELECT k, c FROM sbtest8 WHERE k BETWEEN 7765389 AND 7765489
	Bitmap Heap Scan on sbtest8  (cost=5.50..416.94 rows=104 width=125)
	  Recheck Cond: ((k >= 7765389) AND (k <= 7765489))
	  ->  Bitmap Index Scan on k_8  (cost=0.00..5.47 rows=104 width=0)
	        Index Cond: ((k >= 7765389) AND (k <= 7765489))

explain: for range-notcovered :: explain SELECT k, c FROM sbtest%d WHERE k BETWEEN 7513718 AND 7513818
for range-notcovered
table 1 : explain SELECT k, c FROM sbtest1 WHERE k BETWEEN 6006776 AND 6006876
	Bitmap Heap Scan on sbtest1  (cost=5.39..373.61 rows=93 width=125)
	  Recheck Cond: ((k >= 6006776) AND (k <= 6006876))
	  ->  Bitmap Index Scan on k_1  (cost=0.00..5.36 rows=93 width=0)
	        Index Cond: ((k >= 6006776) AND (k <= 6006876))

table 2 : explain SELECT k, c FROM sbtest2 WHERE k BETWEEN 6006776 AND 6006876
	Bitmap Heap Scan on sbtest2  (cost=5.46..401.19 rows=100 width=125)
	  Recheck Cond: ((k >= 6006776) AND (k <= 6006876))
	  ->  Bitmap Index Scan on k_2  (cost=0.00..5.43 rows=100 width=0)
	        Index Cond: ((k >= 6006776) AND (k <= 6006876))

table 3 : explain SELECT k, c FROM sbtest3 WHERE k BETWEEN 6006776 AND 6006876
	Bitmap Heap Scan on sbtest3  (cost=5.52..424.81 rows=106 width=125)
	  Recheck Cond: ((k >= 6006776) AND (k <= 6006876))
	  ->  Bitmap Index Scan on k_3  (cost=0.00..5.50 rows=106 width=0)
	        Index Cond: ((k >= 6006776) AND (k <= 6006876))

table 4 : explain SELECT k, c FROM sbtest4 WHERE k BETWEEN 6006776 AND 6006876
	Bitmap Heap Scan on sbtest4  (cost=5.41..381.49 rows=95 width=125)
	  Recheck Cond: ((k >= 6006776) AND (k <= 6006876))
	  ->  Bitmap Index Scan on k_4  (cost=0.00..5.38 rows=95 width=0)
	        Index Cond: ((k >= 6006776) AND (k <= 6006876))

table 5 : explain SELECT k, c FROM sbtest5 WHERE k BETWEEN 6006776 AND 6006876
	Bitmap Heap Scan on sbtest5  (cost=5.57..444.49 rows=111 width=125)
	  Recheck Cond: ((k >= 6006776) AND (k <= 6006876))
	  ->  Bitmap Index Scan on k_5  (cost=0.00..5.54 rows=111 width=0)
	        Index Cond: ((k >= 6006776) AND (k <= 6006876))

table 6 : explain SELECT k, c FROM sbtest6 WHERE k BETWEEN 6006776 AND 6006876
	Bitmap Heap Scan on sbtest6  (cost=5.48..409.07 rows=102 width=125)
	  Recheck Cond: ((k >= 6006776) AND (k <= 6006876))
	  ->  Bitmap Index Scan on k_6  (cost=0.00..5.45 rows=102 width=0)
	        Index Cond: ((k >= 6006776) AND (k <= 6006876))

table 7 : explain SELECT k, c FROM sbtest7 WHERE k BETWEEN 6006776 AND 6006876
	Bitmap Heap Scan on sbtest7  (cost=5.47..405.13 rows=101 width=125)
	  Recheck Cond: ((k >= 6006776) AND (k <= 6006876))
	  ->  Bitmap Index Scan on k_7  (cost=0.00..5.44 rows=101 width=0)
	        Index Cond: ((k >= 6006776) AND (k <= 6006876))

table 8 : explain SELECT k, c FROM sbtest8 WHERE k BETWEEN 6006776 AND 6006876
	Bitmap Heap Scan on sbtest8  (cost=5.57..444.49 rows=111 width=125)
	  Recheck Cond: ((k >= 6006776) AND (k <= 6006876))
	  ->  Bitmap Index Scan on k_8  (cost=0.00..5.54 rows=111 width=0)
	        Index Cond: ((k >= 6006776) AND (k <= 6006876))

for range-notcovered
table 1 : explain SELECT k, c FROM sbtest1 WHERE k BETWEEN 4318223 AND 4318323
	Bitmap Heap Scan on sbtest1  (cost=5.59..452.36 rows=113 width=125)
	  Recheck Cond: ((k >= 4318223) AND (k <= 4318323))
	  ->  Bitmap Index Scan on k_1  (cost=0.00..5.56 rows=113 width=0)
	        Index Cond: ((k >= 4318223) AND (k <= 4318323))

table 2 : explain SELECT k, c FROM sbtest2 WHERE k BETWEEN 4318223 AND 4318323
	Bitmap Heap Scan on sbtest2  (cost=5.59..452.36 rows=113 width=125)
	  Recheck Cond: ((k >= 4318223) AND (k <= 4318323))
	  ->  Bitmap Index Scan on k_2  (cost=0.00..5.56 rows=113 width=0)
	        Index Cond: ((k >= 4318223) AND (k <= 4318323))

table 3 : explain SELECT k, c FROM sbtest3 WHERE k BETWEEN 4318223 AND 4318323
	Bitmap Heap Scan on sbtest3  (cost=5.45..397.25 rows=99 width=125)
	  Recheck Cond: ((k >= 4318223) AND (k <= 4318323))
	  ->  Bitmap Index Scan on k_3  (cost=0.00..5.42 rows=99 width=0)
	        Index Cond: ((k >= 4318223) AND (k <= 4318323))

table 4 : explain SELECT k, c FROM sbtest4 WHERE k BETWEEN 4318223 AND 4318323
	Bitmap Heap Scan on sbtest4  (cost=5.48..409.07 rows=102 width=125)
	  Recheck Cond: ((k >= 4318223) AND (k <= 4318323))
	  ->  Bitmap Index Scan on k_4  (cost=0.00..5.45 rows=102 width=0)
	        Index Cond: ((k >= 4318223) AND (k <= 4318323))

table 5 : explain SELECT k, c FROM sbtest5 WHERE k BETWEEN 4318223 AND 4318323
	Bitmap Heap Scan on sbtest5  (cost=5.54..432.69 rows=108 width=125)
	  Recheck Cond: ((k >= 4318223) AND (k <= 4318323))
	  ->  Bitmap Index Scan on k_5  (cost=0.00..5.51 rows=108 width=0)
	        Index Cond: ((k >= 4318223) AND (k <= 4318323))

table 6 : explain SELECT k, c FROM sbtest6 WHERE k BETWEEN 4318223 AND 4318323
	Bitmap Heap Scan on sbtest6  (cost=5.46..401.19 rows=100 width=125)
	  Recheck Cond: ((k >= 4318223) AND (k <= 4318323))
	  ->  Bitmap Index Scan on k_6  (cost=0.00..5.43 rows=100 width=0)
	        Index Cond: ((k >= 4318223) AND (k <= 4318323))

table 7 : explain SELECT k, c FROM sbtest7 WHERE k BETWEEN 4318223 AND 4318323
	Bitmap Heap Scan on sbtest7  (cost=5.49..413.00 rows=103 width=125)
	  Recheck Cond: ((k >= 4318223) AND (k <= 4318323))
	  ->  Bitmap Index Scan on k_7  (cost=0.00..5.46 rows=103 width=0)
	        Index Cond: ((k >= 4318223) AND (k <= 4318323))

table 8 : explain SELECT k, c FROM sbtest8 WHERE k BETWEEN 4318223 AND 4318323
	Bitmap Heap Scan on sbtest8  (cost=5.49..413.00 rows=103 width=125)
	  Recheck Cond: ((k >= 4318223) AND (k <= 4318323))
	  ->  Bitmap Index Scan on k_8  (cost=0.00..5.46 rows=103 width=0)
	        Index Cond: ((k >= 4318223) AND (k <= 4318323))

explain: for range-notcovered :: explain SELECT k, c FROM sbtest%d WHERE k BETWEEN 7765389 AND 7765489
explain: for range-notcovered :: explain SELECT k, c FROM sbtest%d WHERE k BETWEEN 1120689 AND 1120789
explain: for range-notcovered :: explain SELECT k, c FROM sbtest%d WHERE k BETWEEN 4318223 AND 4318323
for range-notcovered
table 1 : explain SELECT k, c FROM sbtest1 WHERE k BETWEEN 5670715 AND 5670815
	Bitmap Heap Scan on sbtest1  (cost=5.53..428.75 rows=107 width=125)
	  Recheck Cond: ((k >= 5670715) AND (k <= 5670815))
	  ->  Bitmap Index Scan on k_1  (cost=0.00..5.50 rows=107 width=0)
	        Index Cond: ((k >= 5670715) AND (k <= 5670815))

table 2 : explain SELECT k, c FROM sbtest2 WHERE k BETWEEN 5670715 AND 5670815
	Bitmap Heap Scan on sbtest2  (cost=5.45..397.25 rows=99 width=125)
	  Recheck Cond: ((k >= 5670715) AND (k <= 5670815))
	  ->  Bitmap Index Scan on k_2  (cost=0.00..5.42 rows=99 width=0)
	        Index Cond: ((k >= 5670715) AND (k <= 5670815))

table 3 : explain SELECT k, c FROM sbtest3 WHERE k BETWEEN 5670715 AND 5670815
	Bitmap Heap Scan on sbtest3  (cost=5.44..393.31 rows=98 width=125)
	  Recheck Cond: ((k >= 5670715) AND (k <= 5670815))
	  ->  Bitmap Index Scan on k_3  (cost=0.00..5.42 rows=98 width=0)
	        Index Cond: ((k >= 5670715) AND (k <= 5670815))

table 4 : explain SELECT k, c FROM sbtest4 WHERE k BETWEEN 5670715 AND 5670815
	Bitmap Heap Scan on sbtest4  (cost=5.44..393.31 rows=98 width=125)
	  Recheck Cond: ((k >= 5670715) AND (k <= 5670815))
	  ->  Bitmap Index Scan on k_4  (cost=0.00..5.42 rows=98 width=0)
	        Index Cond: ((k >= 5670715) AND (k <= 5670815))

table 5 : explain SELECT k, c FROM sbtest5 WHERE k BETWEEN 5670715 AND 5670815
	Bitmap Heap Scan on sbtest5  (cost=5.47..405.13 rows=101 width=125)
	  Recheck Cond: ((k >= 5670715) AND (k <= 5670815))
	  ->  Bitmap Index Scan on k_5  (cost=0.00..5.44 rows=101 width=0)
	        Index Cond: ((k >= 5670715) AND (k <= 5670815))

table 6 : explain SELECT k, c FROM sbtest6 WHERE k BETWEEN 5670715 AND 5670815
	Bitmap Heap Scan on sbtest6  (cost=5.56..440.56 rows=110 width=125)
	  Recheck Cond: ((k >= 5670715) AND (k <= 5670815))
	  ->  Bitmap Index Scan on k_6  (cost=0.00..5.53 rows=110 width=0)
	        Index Cond: ((k >= 5670715) AND (k <= 5670815))

table 7 : explain SELECT k, c FROM sbtest7 WHERE k BETWEEN 5670715 AND 5670815
	Bitmap Heap Scan on sbtest7  (cost=5.42..385.43 rows=96 width=125)
	  Recheck Cond: ((k >= 5670715) AND (k <= 5670815))
	  ->  Bitmap Index Scan on k_7  (cost=0.00..5.39 rows=96 width=0)
	        Index Cond: ((k >= 5670715) AND (k <= 5670815))

table 8 : explain SELECT k, c FROM sbtest8 WHERE k BETWEEN 5670715 AND 5670815
	Bitmap Heap Scan on sbtest8  (cost=5.48..409.07 rows=102 width=125)
	  Recheck Cond: ((k >= 5670715) AND (k <= 5670815))
	  ->  Bitmap Index Scan on k_8  (cost=0.00..5.45 rows=102 width=0)
	        Index Cond: ((k >= 5670715) AND (k <= 5670815))

explain: for range-notcovered :: explain SELECT k, c FROM sbtest%d WHERE k BETWEEN 6006776 AND 6006876
for range-notcovered
table 1 : explain SELECT k, c FROM sbtest1 WHERE k BETWEEN 3267451 AND 3267551
	Bitmap Heap Scan on sbtest1  (cost=5.51..420.88 rows=105 width=125)
	  Recheck Cond: ((k >= 3267451) AND (k <= 3267551))
	  ->  Bitmap Index Scan on k_1  (cost=0.00..5.48 rows=105 width=0)
	        Index Cond: ((k >= 3267451) AND (k <= 3267551))

table 2 : explain SELECT k, c FROM sbtest2 WHERE k BETWEEN 3267451 AND 3267551
	Bitmap Heap Scan on sbtest2  (cost=5.53..428.75 rows=107 width=125)
	  Recheck Cond: ((k >= 3267451) AND (k <= 3267551))
	  ->  Bitmap Index Scan on k_2  (cost=0.00..5.50 rows=107 width=0)
	        Index Cond: ((k >= 3267451) AND (k <= 3267551))

table 3 : explain SELECT k, c FROM sbtest3 WHERE k BETWEEN 3267451 AND 3267551
	Bitmap Heap Scan on sbtest3  (cost=5.44..393.31 rows=98 width=125)
	  Recheck Cond: ((k >= 3267451) AND (k <= 3267551))
	  ->  Bitmap Index Scan on k_3  (cost=0.00..5.42 rows=98 width=0)
	        Index Cond: ((k >= 3267451) AND (k <= 3267551))

table 4 : explain SELECT k, c FROM sbtest4 WHERE k BETWEEN 3267451 AND 3267551
	Bitmap Heap Scan on sbtest4  (cost=5.47..405.13 rows=101 width=125)
	  Recheck Cond: ((k >= 3267451) AND (k <= 3267551))
	  ->  Bitmap Index Scan on k_4  (cost=0.00..5.44 rows=101 width=0)
	        Index Cond: ((k >= 3267451) AND (k <= 3267551))

table 5 : explain SELECT k, c FROM sbtest5 WHERE k BETWEEN 3267451 AND 3267551
	Bitmap Heap Scan on sbtest5  (cost=5.50..416.94 rows=104 width=125)
	  Recheck Cond: ((k >= 3267451) AND (k <= 3267551))
	  ->  Bitmap Index Scan on k_5  (cost=0.00..5.47 rows=104 width=0)
	        Index Cond: ((k >= 3267451) AND (k <= 3267551))

table 6 : explain SELECT k, c FROM sbtest6 WHERE k BETWEEN 3267451 AND 3267551
	Bitmap Heap Scan on sbtest6  (cost=5.44..393.31 rows=98 width=125)
	  Recheck Cond: ((k >= 3267451) AND (k <= 3267551))
	  ->  Bitmap Index Scan on k_6  (cost=0.00..5.42 rows=98 width=0)
	        Index Cond: ((k >= 3267451) AND (k <= 3267551))

table 7 : explain SELECT k, c FROM sbtest7 WHERE k BETWEEN 3267451 AND 3267551
	Bitmap Heap Scan on sbtest7  (cost=5.45..397.25 rows=99 width=125)
	  Recheck Cond: ((k >= 3267451) AND (k <= 3267551))
	  ->  Bitmap Index Scan on k_7  (cost=0.00..5.42 rows=99 width=0)
	        Index Cond: ((k >= 3267451) AND (k <= 3267551))

table 8 : explain SELECT k, c FROM sbtest8 WHERE k BETWEEN 3267451 AND 3267551
	Bitmap Heap Scan on sbtest8  (cost=5.55..436.62 rows=109 width=125)
	  Recheck Cond: ((k >= 3267451) AND (k <= 3267551))
	  ->  Bitmap Index Scan on k_8  (cost=0.00..5.52 rows=109 width=0)
	        Index Cond: ((k >= 3267451) AND (k <= 3267551))

explain: for range-notcovered :: explain SELECT k, c FROM sbtest%d WHERE k BETWEEN 5670715 AND 5670815
explain: for range-notcovered :: explain SELECT k, c FROM sbtest%d WHERE k BETWEEN 7506364 AND 7506464
explain: for range-notcovered :: explain SELECT k, c FROM sbtest%d WHERE k BETWEEN 6170933 AND 6171033
explain: for range-notcovered :: explain SELECT k, c FROM sbtest%d WHERE k BETWEEN 8587133 AND 8587233
for range-notcovered
table 1 : explain SELECT k, c FROM sbtest1 WHERE k BETWEEN 4410452 AND 4410552
	Bitmap Heap Scan on sbtest1  (cost=5.45..397.25 rows=99 width=125)
	  Recheck Cond: ((k >= 4410452) AND (k <= 4410552))
	  ->  Bitmap Index Scan on k_1  (cost=0.00..5.42 rows=99 width=0)
	        Index Cond: ((k >= 4410452) AND (k <= 4410552))

table 2 : explain SELECT k, c FROM sbtest2 WHERE k BETWEEN 4410452 AND 4410552
	Bitmap Heap Scan on sbtest2  (cost=5.41..381.49 rows=95 width=125)
	  Recheck Cond: ((k >= 4410452) AND (k <= 4410552))
	  ->  Bitmap Index Scan on k_2  (cost=0.00..5.38 rows=95 width=0)
	        Index Cond: ((k >= 4410452) AND (k <= 4410552))

table 3 : explain SELECT k, c FROM sbtest3 WHERE k BETWEEN 4410452 AND 4410552
	Bitmap Heap Scan on sbtest3  (cost=5.46..401.19 rows=100 width=125)
	  Recheck Cond: ((k >= 4410452) AND (k <= 4410552))
	  ->  Bitmap Index Scan on k_3  (cost=0.00..5.43 rows=100 width=0)
	        Index Cond: ((k >= 4410452) AND (k <= 4410552))

table 4 : explain SELECT k, c FROM sbtest4 WHERE k BETWEEN 4410452 AND 4410552
	Bitmap Heap Scan on sbtest4  (cost=5.53..428.75 rows=107 width=125)
	  Recheck Cond: ((k >= 4410452) AND (k <= 4410552))
	  ->  Bitmap Index Scan on k_4  (cost=0.00..5.50 rows=107 width=0)
	        Index Cond: ((k >= 4410452) AND (k <= 4410552))

table 5 : explain SELECT k, c FROM sbtest5 WHERE k BETWEEN 4410452 AND 4410552
	Bitmap Heap Scan on sbtest5  (cost=5.54..432.69 rows=108 width=125)
	  Recheck Cond: ((k >= 4410452) AND (k <= 4410552))
	  ->  Bitmap Index Scan on k_5  (cost=0.00..5.51 rows=108 width=0)
	        Index Cond: ((k >= 4410452) AND (k <= 4410552))

table 6 : explain SELECT k, c FROM sbtest6 WHERE k BETWEEN 4410452 AND 4410552
	Bitmap Heap Scan on sbtest6  (cost=5.52..424.81 rows=106 width=125)
	  Recheck Cond: ((k >= 4410452) AND (k <= 4410552))
	  ->  Bitmap Index Scan on k_6  (cost=0.00..5.50 rows=106 width=0)
	        Index Cond: ((k >= 4410452) AND (k <= 4410552))

table 7 : explain SELECT k, c FROM sbtest7 WHERE k BETWEEN 4410452 AND 4410552
	Bitmap Heap Scan on sbtest7  (cost=5.53..428.75 rows=107 width=125)
	  Recheck Cond: ((k >= 4410452) AND (k <= 4410552))
	  ->  Bitmap Index Scan on k_7  (cost=0.00..5.50 rows=107 width=0)
	        Index Cond: ((k >= 4410452) AND (k <= 4410552))

table 8 : explain SELECT k, c FROM sbtest8 WHERE k BETWEEN 4410452 AND 4410552
	Bitmap Heap Scan on sbtest8  (cost=5.46..401.19 rows=100 width=125)
	  Recheck Cond: ((k >= 4410452) AND (k <= 4410552))
	  ->  Bitmap Index Scan on k_8  (cost=0.00..5.43 rows=100 width=0)
	        Index Cond: ((k >= 4410452) AND (k <= 4410552))

for range-notcovered
table 1 : explain SELECT k, c FROM sbtest1 WHERE k BETWEEN 2225218 AND 2225318
	Bitmap Heap Scan on sbtest1  (cost=5.50..416.94 rows=104 width=125)
	  Recheck Cond: ((k >= 2225218) AND (k <= 2225318))
	  ->  Bitmap Index Scan on k_1  (cost=0.00..5.47 rows=104 width=0)
	        Index Cond: ((k >= 2225218) AND (k <= 2225318))

table 2 : explain SELECT k, c FROM sbtest2 WHERE k BETWEEN 2225218 AND 2225318
	Bitmap Heap Scan on sbtest2  (cost=5.48..409.07 rows=102 width=125)
	  Recheck Cond: ((k >= 2225218) AND (k <= 2225318))
	  ->  Bitmap Index Scan on k_2  (cost=0.00..5.45 rows=102 width=0)
	        Index Cond: ((k >= 2225218) AND (k <= 2225318))

table 3 : explain SELECT k, c FROM sbtest3 WHERE k BETWEEN 2225218 AND 2225318
	Bitmap Heap Scan on sbtest3  (cost=5.43..389.37 rows=97 width=125)
	  Recheck Cond: ((k >= 2225218) AND (k <= 2225318))
	  ->  Bitmap Index Scan on k_3  (cost=0.00..5.40 rows=97 width=0)
	        Index Cond: ((k >= 2225218) AND (k <= 2225318))

table 4 : explain SELECT k, c FROM sbtest4 WHERE k BETWEEN 2225218 AND 2225318
	Bitmap Heap Scan on sbtest4  (cost=5.49..413.00 rows=103 width=125)
	  Recheck Cond: ((k >= 2225218) AND (k <= 2225318))
	  ->  Bitmap Index Scan on k_4  (cost=0.00..5.46 rows=103 width=0)
	        Index Cond: ((k >= 2225218) AND (k <= 2225318))

table 5 : explain SELECT k, c FROM sbtest5 WHERE k BETWEEN 2225218 AND 2225318
	Bitmap Heap Scan on sbtest5  (cost=5.53..428.75 rows=107 width=125)
	  Recheck Cond: ((k >= 2225218) AND (k <= 2225318))
	  ->  Bitmap Index Scan on k_5  (cost=0.00..5.50 rows=107 width=0)
	        Index Cond: ((k >= 2225218) AND (k <= 2225318))

table 6 : explain SELECT k, c FROM sbtest6 WHERE k BETWEEN 2225218 AND 2225318
	Bitmap Heap Scan on sbtest6  (cost=5.49..413.00 rows=103 width=125)
	  Recheck Cond: ((k >= 2225218) AND (k <= 2225318))
	  ->  Bitmap Index Scan on k_6  (cost=0.00..5.46 rows=103 width=0)
	        Index Cond: ((k >= 2225218) AND (k <= 2225318))

table 7 : explain SELECT k, c FROM sbtest7 WHERE k BETWEEN 2225218 AND 2225318
	Bitmap Heap Scan on sbtest7  (cost=5.48..409.07 rows=102 width=125)
	  Recheck Cond: ((k >= 2225218) AND (k <= 2225318))
	  ->  Bitmap Index Scan on k_7  (cost=0.00..5.45 rows=102 width=0)
	        Index Cond: ((k >= 2225218) AND (k <= 2225318))

table 8 : explain SELECT k, c FROM sbtest8 WHERE k BETWEEN 2225218 AND 2225318
	Bitmap Heap Scan on sbtest8  (cost=5.50..416.94 rows=104 width=125)
	  Recheck Cond: ((k >= 2225218) AND (k <= 2225318))
	  ->  Bitmap Index Scan on k_8  (cost=0.00..5.47 rows=104 width=0)
	        Index Cond: ((k >= 2225218) AND (k <= 2225318))

explain: for range-notcovered :: explain SELECT k, c FROM sbtest%d WHERE k BETWEEN 4410452 AND 4410552
explain: for range-notcovered :: explain SELECT k, c FROM sbtest%d WHERE k BETWEEN 2225218 AND 2225318
for range-notcovered
table 1 : explain SELECT k, c FROM sbtest1 WHERE k BETWEEN 6128665 AND 6128765
	Bitmap Heap Scan on sbtest1  (cost=5.46..401.19 rows=100 width=125)
	  Recheck Cond: ((k >= 6128665) AND (k <= 6128765))
	  ->  Bitmap Index Scan on k_1  (cost=0.00..5.43 rows=100 width=0)
	        Index Cond: ((k >= 6128665) AND (k <= 6128765))

table 2 : explain SELECT k, c FROM sbtest2 WHERE k BETWEEN 6128665 AND 6128765
	Bitmap Heap Scan on sbtest2  (cost=5.46..401.19 rows=100 width=125)
	  Recheck Cond: ((k >= 6128665) AND (k <= 6128765))
	  ->  Bitmap Index Scan on k_2  (cost=0.00..5.43 rows=100 width=0)
	        Index Cond: ((k >= 6128665) AND (k <= 6128765))

table 3 : explain SELECT k, c FROM sbtest3 WHERE k BETWEEN 6128665 AND 6128765
	Bitmap Heap Scan on sbtest3  (cost=5.54..432.69 rows=108 width=125)
	  Recheck Cond: ((k >= 6128665) AND (k <= 6128765))
	  ->  Bitmap Index Scan on k_3  (cost=0.00..5.51 rows=108 width=0)
	        Index Cond: ((k >= 6128665) AND (k <= 6128765))

table 4 : explain SELECT k, c FROM sbtest4 WHERE k BETWEEN 6128665 AND 6128765
	Bitmap Heap Scan on sbtest4  (cost=5.54..432.69 rows=108 width=125)
	  Recheck Cond: ((k >= 6128665) AND (k <= 6128765))
	  ->  Bitmap Index Scan on k_4  (cost=0.00..5.51 rows=108 width=0)
	        Index Cond: ((k >= 6128665) AND (k <= 6128765))

table 5 : explain SELECT k, c FROM sbtest5 WHERE k BETWEEN 6128665 AND 6128765
	Bitmap Heap Scan on sbtest5  (cost=5.47..405.13 rows=101 width=125)
	  Recheck Cond: ((k >= 6128665) AND (k <= 6128765))
	  ->  Bitmap Index Scan on k_5  (cost=0.00..5.44 rows=101 width=0)
	        Index Cond: ((k >= 6128665) AND (k <= 6128765))

table 6 : explain SELECT k, c FROM sbtest6 WHERE k BETWEEN 6128665 AND 6128765
	Bitmap Heap Scan on sbtest6  (cost=5.49..413.00 rows=103 width=125)
	  Recheck Cond: ((k >= 6128665) AND (k <= 6128765))
	  ->  Bitmap Index Scan on k_6  (cost=0.00..5.46 rows=103 width=0)
	        Index Cond: ((k >= 6128665) AND (k <= 6128765))

table 7 : explain SELECT k, c FROM sbtest7 WHERE k BETWEEN 6128665 AND 6128765
	Bitmap Heap Scan on sbtest7  (cost=5.39..373.61 rows=93 width=125)
	  Recheck Cond: ((k >= 6128665) AND (k <= 6128765))
	  ->  Bitmap Index Scan on k_7  (cost=0.00..5.36 rows=93 width=0)
	        Index Cond: ((k >= 6128665) AND (k <= 6128765))

table 8 : explain SELECT k, c FROM sbtest8 WHERE k BETWEEN 6128665 AND 6128765
	Bitmap Heap Scan on sbtest8  (cost=5.46..401.19 rows=100 width=125)
	  Recheck Cond: ((k >= 6128665) AND (k <= 6128765))
	  ->  Bitmap Index Scan on k_8  (cost=0.00..5.43 rows=100 width=0)
	        Index Cond: ((k >= 6128665) AND (k <= 6128765))

for range-notcovered
table 1 : explain SELECT k, c FROM sbtest1 WHERE k BETWEEN 7513718 AND 7513818
	Bitmap Heap Scan on sbtest1  (cost=5.44..393.31 rows=98 width=125)
	  Recheck Cond: ((k >= 7513718) AND (k <= 7513818))
	  ->  Bitmap Index Scan on k_1  (cost=0.00..5.42 rows=98 width=0)
	        Index Cond: ((k >= 7513718) AND (k <= 7513818))

table 2 : explain SELECT k, c FROM sbtest2 WHERE k BETWEEN 7513718 AND 7513818
	Bitmap Heap Scan on sbtest2  (cost=5.51..420.88 rows=105 width=125)
	  Recheck Cond: ((k >= 7513718) AND (k <= 7513818))
	  ->  Bitmap Index Scan on k_2  (cost=0.00..5.48 rows=105 width=0)
	        Index Cond: ((k >= 7513718) AND (k <= 7513818))

table 3 : explain SELECT k, c FROM sbtest3 WHERE k BETWEEN 7513718 AND 7513818
	Bitmap Heap Scan on sbtest3  (cost=5.44..393.31 rows=98 width=125)
	  Recheck Cond: ((k >= 7513718) AND (k <= 7513818))
	  ->  Bitmap Index Scan on k_3  (cost=0.00..5.42 rows=98 width=0)
	        Index Cond: ((k >= 7513718) AND (k <= 7513818))

table 4 : explain SELECT k, c FROM sbtest4 WHERE k BETWEEN 7513718 AND 7513818
	Bitmap Heap Scan on sbtest4  (cost=5.43..389.37 rows=97 width=125)
	  Recheck Cond: ((k >= 7513718) AND (k <= 7513818))
	  ->  Bitmap Index Scan on k_4  (cost=0.00..5.40 rows=97 width=0)
	        Index Cond: ((k >= 7513718) AND (k <= 7513818))

table 5 : explain SELECT k, c FROM sbtest5 WHERE k BETWEEN 7513718 AND 7513818
	Bitmap Heap Scan on sbtest5  (cost=5.46..401.19 rows=100 width=125)
	  Recheck Cond: ((k >= 7513718) AND (k <= 7513818))
	  ->  Bitmap Index Scan on k_5  (cost=0.00..5.43 rows=100 width=0)
	        Index Cond: ((k >= 7513718) AND (k <= 7513818))

table 6 : explain SELECT k, c FROM sbtest6 WHERE k BETWEEN 7513718 AND 7513818
	Bitmap Heap Scan on sbtest6  (cost=5.48..409.07 rows=102 width=125)
	  Recheck Cond: ((k >= 7513718) AND (k <= 7513818))
	  ->  Bitmap Index Scan on k_6  (cost=0.00..5.45 rows=102 width=0)
	        Index Cond: ((k >= 7513718) AND (k <= 7513818))

table 7 : explain SELECT k, c FROM sbtest7 WHERE k BETWEEN 7513718 AND 7513818
	Bitmap Heap Scan on sbtest7  (cost=5.54..432.69 rows=108 width=125)
	  Recheck Cond: ((k >= 7513718) AND (k <= 7513818))
	  ->  Bitmap Index Scan on k_7  (cost=0.00..5.51 rows=108 width=0)
	        Index Cond: ((k >= 7513718) AND (k <= 7513818))

table 8 : explain SELECT k, c FROM sbtest8 WHERE k BETWEEN 7513718 AND 7513818
	Bitmap Heap Scan on sbtest8  (cost=5.52..424.81 rows=106 width=125)
	  Recheck Cond: ((k >= 7513718) AND (k <= 7513818))
	  ->  Bitmap Index Scan on k_8  (cost=0.00..5.50 rows=106 width=0)
	        Index Cond: ((k >= 7513718) AND (k <= 7513818))

for range-notcovered
table 1 : explain SELECT k, c FROM sbtest1 WHERE k BETWEEN 7765389 AND 7765489
	Bitmap Heap Scan on sbtest1  (cost=5.42..385.43 rows=96 width=125)
	  Recheck Cond: ((k >= 7765389) AND (k <= 7765489))
	  ->  Bitmap Index Scan on k_1  (cost=0.00..5.39 rows=96 width=0)
	        Index Cond: ((k >= 7765389) AND (k <= 7765489))

table 2 : explain SELECT k, c FROM sbtest2 WHERE k BETWEEN 7765389 AND 7765489
	Bitmap Heap Scan on sbtest2  (cost=5.57..444.49 rows=111 width=125)
	  Recheck Cond: ((k >= 7765389) AND (k <= 7765489))
	  ->  Bitmap Index Scan on k_2  (cost=0.00..5.54 rows=111 width=0)
	        Index Cond: ((k >= 7765389) AND (k <= 7765489))

table 3 : explain SELECT k, c FROM sbtest3 WHERE k BETWEEN 7765389 AND 7765489
	Bitmap Heap Scan on sbtest3  (cost=5.46..401.19 rows=100 width=125)
	  Recheck Cond: ((k >= 7765389) AND (k <= 7765489))
	  ->  Bitmap Index Scan on k_3  (cost=0.00..5.43 rows=100 width=0)
	        Index Cond: ((k >= 7765389) AND (k <= 7765489))

table 4 : explain SELECT k, c FROM sbtest4 WHERE k BETWEEN 7765389 AND 7765489
	Bitmap Heap Scan on sbtest4  (cost=5.44..393.31 rows=98 width=125)
	  Recheck Cond: ((k >= 7765389) AND (k <= 7765489))
	  ->  Bitmap Index Scan on k_4  (cost=0.00..5.42 rows=98 width=0)
	        Index Cond: ((k >= 7765389) AND (k <= 7765489))

table 5 : explain SELECT k, c FROM sbtest5 WHERE k BETWEEN 7765389 AND 7765489
	Bitmap Heap Scan on sbtest5  (cost=5.43..389.37 rows=97 width=125)
	  Recheck Cond: ((k >= 7765389) AND (k <= 7765489))
	  ->  Bitmap Index Scan on k_5  (cost=0.00..5.40 rows=97 width=0)
	        Index Cond: ((k >= 7765389) AND (k <= 7765489))

table 6 : explain SELECT k, c FROM sbtest6 WHERE k BETWEEN 7765389 AND 7765489
	Bitmap Heap Scan on sbtest6  (cost=5.52..424.81 rows=106 width=125)
	  Recheck Cond: ((k >= 7765389) AND (k <= 7765489))
	  ->  Bitmap Index Scan on k_6  (cost=0.00..5.50 rows=106 width=0)
	        Index Cond: ((k >= 7765389) AND (k <= 7765489))

table 7 : explain SELECT k, c FROM sbtest7 WHERE k BETWEEN 7765389 AND 7765489
	Bitmap Heap Scan on sbtest7  (cost=5.51..420.88 rows=105 width=125)
	  Recheck Cond: ((k >= 7765389) AND (k <= 7765489))
	  ->  Bitmap Index Scan on k_7  (cost=0.00..5.48 rows=105 width=0)
	        Index Cond: ((k >= 7765389) AND (k <= 7765489))

table 8 : explain SELECT k, c FROM sbtest8 WHERE k BETWEEN 7765389 AND 7765489
	Bitmap Heap Scan on sbtest8  (cost=5.50..416.94 rows=104 width=125)
	  Recheck Cond: ((k >= 7765389) AND (k <= 7765489))
	  ->  Bitmap Index Scan on k_8  (cost=0.00..5.47 rows=104 width=0)
	        Index Cond: ((k >= 7765389) AND (k <= 7765489))

explain: for range-notcovered :: explain SELECT k, c FROM sbtest%d WHERE k BETWEEN 6128665 AND 6128765
for range-notcovered
table 1 : explain SELECT k, c FROM sbtest1 WHERE k BETWEEN 1120689 AND 1120789
	Bitmap Heap Scan on sbtest1  (cost=5.46..401.19 rows=100 width=125)
	  Recheck Cond: ((k >= 1120689) AND (k <= 1120789))
	  ->  Bitmap Index Scan on k_1  (cost=0.00..5.43 rows=100 width=0)
	        Index Cond: ((k >= 1120689) AND (k <= 1120789))

table 2 : explain SELECT k, c FROM sbtest2 WHERE k BETWEEN 1120689 AND 1120789
	Bitmap Heap Scan on sbtest2  (cost=5.37..365.72 rows=91 width=125)
	  Recheck Cond: ((k >= 1120689) AND (k <= 1120789))
	  ->  Bitmap Index Scan on k_2  (cost=0.00..5.34 rows=91 width=0)
	        Index Cond: ((k >= 1120689) AND (k <= 1120789))

table 3 : explain SELECT k, c FROM sbtest3 WHERE k BETWEEN 1120689 AND 1120789
	Bitmap Heap Scan on sbtest3  (cost=5.52..424.81 rows=106 width=125)
	  Recheck Cond: ((k >= 1120689) AND (k <= 1120789))
	  ->  Bitmap Index Scan on k_3  (cost=0.00..5.50 rows=106 width=0)
	        Index Cond: ((k >= 1120689) AND (k <= 1120789))

table 4 : explain SELECT k, c FROM sbtest4 WHERE k BETWEEN 1120689 AND 1120789
	Bitmap Heap Scan on sbtest4  (cost=5.49..413.00 rows=103 width=125)
	  Recheck Cond: ((k >= 1120689) AND (k <= 1120789))
	  ->  Bitmap Index Scan on k_4  (cost=0.00..5.46 rows=103 width=0)
	        Index Cond: ((k >= 1120689) AND (k <= 1120789))

table 5 : explain SELECT k, c FROM sbtest5 WHERE k BETWEEN 1120689 AND 1120789
	Bitmap Heap Scan on sbtest5  (cost=5.46..401.19 rows=100 width=125)
	  Recheck Cond: ((k >= 1120689) AND (k <= 1120789))
	  ->  Bitmap Index Scan on k_5  (cost=0.00..5.43 rows=100 width=0)
	        Index Cond: ((k >= 1120689) AND (k <= 1120789))

table 6 : explain SELECT k, c FROM sbtest6 WHERE k BETWEEN 1120689 AND 1120789
	Bitmap Heap Scan on sbtest6  (cost=5.46..401.19 rows=100 width=125)
	  Recheck Cond: ((k >= 1120689) AND (k <= 1120789))
	  ->  Bitmap Index Scan on k_6  (cost=0.00..5.43 rows=100 width=0)
	        Index Cond: ((k >= 1120689) AND (k <= 1120789))

table 7 : explain SELECT k, c FROM sbtest7 WHERE k BETWEEN 1120689 AND 1120789
	Bitmap Heap Scan on sbtest7  (cost=5.49..413.00 rows=103 width=125)
	  Recheck Cond: ((k >= 1120689) AND (k <= 1120789))
	  ->  Bitmap Index Scan on k_7  (cost=0.00..5.46 rows=103 width=0)
	        Index Cond: ((k >= 1120689) AND (k <= 1120789))

table 8 : explain SELECT k, c FROM sbtest8 WHERE k BETWEEN 1120689 AND 1120789
	Bitmap Heap Scan on sbtest8  (cost=5.55..436.62 rows=109 width=125)
	  Recheck Cond: ((k >= 1120689) AND (k <= 1120789))
	  ->  Bitmap Index Scan on k_8  (cost=0.00..5.52 rows=109 width=0)
	        Index Cond: ((k >= 1120689) AND (k <= 1120789))

for range-notcovered
table 1 : explain SELECT k, c FROM sbtest1 WHERE k BETWEEN 4318223 AND 4318323
	Bitmap Heap Scan on sbtest1  (cost=5.59..452.36 rows=113 width=125)
	  Recheck Cond: ((k >= 4318223) AND (k <= 4318323))
	  ->  Bitmap Index Scan on k_1  (cost=0.00..5.56 rows=113 width=0)
	        Index Cond: ((k >= 4318223) AND (k <= 4318323))

table 2 : explain SELECT k, c FROM sbtest2 WHERE k BETWEEN 4318223 AND 4318323
	Bitmap Heap Scan on sbtest2  (cost=5.59..452.36 rows=113 width=125)
	  Recheck Cond: ((k >= 4318223) AND (k <= 4318323))
	  ->  Bitmap Index Scan on k_2  (cost=0.00..5.56 rows=113 width=0)
	        Index Cond: ((k >= 4318223) AND (k <= 4318323))

table 3 : explain SELECT k, c FROM sbtest3 WHERE k BETWEEN 4318223 AND 4318323
	Bitmap Heap Scan on sbtest3  (cost=5.45..397.25 rows=99 width=125)
	  Recheck Cond: ((k >= 4318223) AND (k <= 4318323))
	  ->  Bitmap Index Scan on k_3  (cost=0.00..5.42 rows=99 width=0)
	        Index Cond: ((k >= 4318223) AND (k <= 4318323))

table 4 : explain SELECT k, c FROM sbtest4 WHERE k BETWEEN 4318223 AND 4318323
	Bitmap Heap Scan on sbtest4  (cost=5.48..409.07 rows=102 width=125)
	  Recheck Cond: ((k >= 4318223) AND (k <= 4318323))
	  ->  Bitmap Index Scan on k_4  (cost=0.00..5.45 rows=102 width=0)
	        Index Cond: ((k >= 4318223) AND (k <= 4318323))

table 5 : explain SELECT k, c FROM sbtest5 WHERE k BETWEEN 4318223 AND 4318323
	Bitmap Heap Scan on sbtest5  (cost=5.54..432.69 rows=108 width=125)
	  Recheck Cond: ((k >= 4318223) AND (k <= 4318323))
	  ->  Bitmap Index Scan on k_5  (cost=0.00..5.51 rows=108 width=0)
	        Index Cond: ((k >= 4318223) AND (k <= 4318323))

table 6 : explain SELECT k, c FROM sbtest6 WHERE k BETWEEN 4318223 AND 4318323
	Bitmap Heap Scan on sbtest6  (cost=5.46..401.19 rows=100 width=125)
	  Recheck Cond: ((k >= 4318223) AND (k <= 4318323))
	  ->  Bitmap Index Scan on k_6  (cost=0.00..5.43 rows=100 width=0)
	        Index Cond: ((k >= 4318223) AND (k <= 4318323))

table 7 : explain SELECT k, c FROM sbtest7 WHERE k BETWEEN 4318223 AND 4318323
	Bitmap Heap Scan on sbtest7  (cost=5.49..413.00 rows=103 width=125)
	  Recheck Cond: ((k >= 4318223) AND (k <= 4318323))
	  ->  Bitmap Index Scan on k_7  (cost=0.00..5.46 rows=103 width=0)
	        Index Cond: ((k >= 4318223) AND (k <= 4318323))

table 8 : explain SELECT k, c FROM sbtest8 WHERE k BETWEEN 4318223 AND 4318323
	Bitmap Heap Scan on sbtest8  (cost=5.49..413.00 rows=103 width=125)
	  Recheck Cond: ((k >= 4318223) AND (k <= 4318323))
	  ->  Bitmap Index Scan on k_8  (cost=0.00..5.46 rows=103 width=0)
	        Index Cond: ((k >= 4318223) AND (k <= 4318323))

explain: for range-notcovered :: explain SELECT k, c FROM sbtest%d WHERE k BETWEEN 7513718 AND 7513818
explain: for range-notcovered :: explain SELECT k, c FROM sbtest%d WHERE k BETWEEN 1120689 AND 1120789
explain: for range-notcovered :: explain SELECT k, c FROM sbtest%d WHERE k BETWEEN 4318223 AND 4318323
for range-notcovered
table 1 : explain SELECT k, c FROM sbtest1 WHERE k BETWEEN 3147350 AND 3147450
	Bitmap Heap Scan on sbtest1  (cost=5.52..424.81 rows=106 width=125)
	  Recheck Cond: ((k >= 3147350) AND (k <= 3147450))
	  ->  Bitmap Index Scan on k_1  (cost=0.00..5.50 rows=106 width=0)
	        Index Cond: ((k >= 3147350) AND (k <= 3147450))

table 2 : explain SELECT k, c FROM sbtest2 WHERE k BETWEEN 3147350 AND 3147450
	Bitmap Heap Scan on sbtest2  (cost=5.54..432.69 rows=108 width=125)
	  Recheck Cond: ((k >= 3147350) AND (k <= 3147450))
	  ->  Bitmap Index Scan on k_2  (cost=0.00..5.51 rows=108 width=0)
	        Index Cond: ((k >= 3147350) AND (k <= 3147450))

table 3 : explain SELECT k, c FROM sbtest3 WHERE k BETWEEN 3147350 AND 3147450
	Bitmap Heap Scan on sbtest3  (cost=5.49..413.00 rows=103 width=125)
	  Recheck Cond: ((k >= 3147350) AND (k <= 3147450))
	  ->  Bitmap Index Scan on k_3  (cost=0.00..5.46 rows=103 width=0)
	        Index Cond: ((k >= 3147350) AND (k <= 3147450))

table 4 : explain SELECT k, c FROM sbtest4 WHERE k BETWEEN 3147350 AND 3147450
	Bitmap Heap Scan on sbtest4  (cost=5.38..369.67 rows=92 width=125)
	  Recheck Cond: ((k >= 3147350) AND (k <= 3147450))
	  ->  Bitmap Index Scan on k_4  (cost=0.00..5.35 rows=92 width=0)
	        Index Cond: ((k >= 3147350) AND (k <= 3147450))

table 5 : explain SELECT k, c FROM sbtest5 WHERE k BETWEEN 3147350 AND 3147450
	Bitmap Heap Scan on sbtest5  (cost=5.55..436.62 rows=109 width=125)
	  Recheck Cond: ((k >= 3147350) AND (k <= 3147450))
	  ->  Bitmap Index Scan on k_5  (cost=0.00..5.52 rows=109 width=0)
	        Index Cond: ((k >= 3147350) AND (k <= 3147450))

table 6 : explain SELECT k, c FROM sbtest6 WHERE k BETWEEN 3147350 AND 3147450
	Bitmap Heap Scan on sbtest6  (cost=5.48..409.07 rows=102 width=125)
	  Recheck Cond: ((k >= 3147350) AND (k <= 3147450))
	  ->  Bitmap Index Scan on k_6  (cost=0.00..5.45 rows=102 width=0)
	        Index Cond: ((k >= 3147350) AND (k <= 3147450))

table 7 : explain SELECT k, c FROM sbtest7 WHERE k BETWEEN 3147350 AND 3147450
	Bitmap Heap Scan on sbtest7  (cost=5.54..432.69 rows=108 width=125)
	  Recheck Cond: ((k >= 3147350) AND (k <= 3147450))
	  ->  Bitmap Index Scan on k_7  (cost=0.00..5.51 rows=108 width=0)
	        Index Cond: ((k >= 3147350) AND (k <= 3147450))

table 8 : explain SELECT k, c FROM sbtest8 WHERE k BETWEEN 3147350 AND 3147450
	Bitmap Heap Scan on sbtest8  (cost=5.51..420.88 rows=105 width=125)
	  Recheck Cond: ((k >= 3147350) AND (k <= 3147450))
	  ->  Bitmap Index Scan on k_8  (cost=0.00..5.48 rows=105 width=0)
	        Index Cond: ((k >= 3147350) AND (k <= 3147450))

explain: for range-notcovered :: explain SELECT k, c FROM sbtest%d WHERE k BETWEEN 3147350 AND 3147450
for range-notcovered
table 1 : explain SELECT k, c FROM sbtest1 WHERE k BETWEEN 4410452 AND 4410552
	Bitmap Heap Scan on sbtest1  (cost=5.45..397.25 rows=99 width=125)
	  Recheck Cond: ((k >= 4410452) AND (k <= 4410552))
	  ->  Bitmap Index Scan on k_1  (cost=0.00..5.42 rows=99 width=0)
	        Index Cond: ((k >= 4410452) AND (k <= 4410552))

table 2 : explain SELECT k, c FROM sbtest2 WHERE k BETWEEN 4410452 AND 4410552
	Bitmap Heap Scan on sbtest2  (cost=5.41..381.49 rows=95 width=125)
	  Recheck Cond: ((k >= 4410452) AND (k <= 4410552))
	  ->  Bitmap Index Scan on k_2  (cost=0.00..5.38 rows=95 width=0)
	        Index Cond: ((k >= 4410452) AND (k <= 4410552))

table 3 : explain SELECT k, c FROM sbtest3 WHERE k BETWEEN 4410452 AND 4410552
	Bitmap Heap Scan on sbtest3  (cost=5.46..401.19 rows=100 width=125)
	  Recheck Cond: ((k >= 4410452) AND (k <= 4410552))
	  ->  Bitmap Index Scan on k_3  (cost=0.00..5.43 rows=100 width=0)
	        Index Cond: ((k >= 4410452) AND (k <= 4410552))

table 4 : explain SELECT k, c FROM sbtest4 WHERE k BETWEEN 4410452 AND 4410552
	Bitmap Heap Scan on sbtest4  (cost=5.53..428.75 rows=107 width=125)
	  Recheck Cond: ((k >= 4410452) AND (k <= 4410552))
	  ->  Bitmap Index Scan on k_4  (cost=0.00..5.50 rows=107 width=0)
	        Index Cond: ((k >= 4410452) AND (k <= 4410552))

table 5 : explain SELECT k, c FROM sbtest5 WHERE k BETWEEN 4410452 AND 4410552
	Bitmap Heap Scan on sbtest5  (cost=5.54..432.69 rows=108 width=125)
	  Recheck Cond: ((k >= 4410452) AND (k <= 4410552))
	  ->  Bitmap Index Scan on k_5  (cost=0.00..5.51 rows=108 width=0)
	        Index Cond: ((k >= 4410452) AND (k <= 4410552))

table 6 : explain SELECT k, c FROM sbtest6 WHERE k BETWEEN 4410452 AND 4410552
	Bitmap Heap Scan on sbtest6  (cost=5.52..424.81 rows=106 width=125)
	  Recheck Cond: ((k >= 4410452) AND (k <= 4410552))
	  ->  Bitmap Index Scan on k_6  (cost=0.00..5.50 rows=106 width=0)
	        Index Cond: ((k >= 4410452) AND (k <= 4410552))

table 7 : explain SELECT k, c FROM sbtest7 WHERE k BETWEEN 4410452 AND 4410552
	Bitmap Heap Scan on sbtest7  (cost=5.53..428.75 rows=107 width=125)
	  Recheck Cond: ((k >= 4410452) AND (k <= 4410552))
	  ->  Bitmap Index Scan on k_7  (cost=0.00..5.50 rows=107 width=0)
	        Index Cond: ((k >= 4410452) AND (k <= 4410552))

table 8 : explain SELECT k, c FROM sbtest8 WHERE k BETWEEN 4410452 AND 4410552
	Bitmap Heap Scan on sbtest8  (cost=5.46..401.19 rows=100 width=125)
	  Recheck Cond: ((k >= 4410452) AND (k <= 4410552))
	  ->  Bitmap Index Scan on k_8  (cost=0.00..5.43 rows=100 width=0)
	        Index Cond: ((k >= 4410452) AND (k <= 4410552))

explain: for range-notcovered :: explain SELECT k, c FROM sbtest%d WHERE k BETWEEN 4410452 AND 4410552
for range-notcovered
table 1 : explain SELECT k, c FROM sbtest1 WHERE k BETWEEN 2225218 AND 2225318
	Bitmap Heap Scan on sbtest1  (cost=5.50..416.94 rows=104 width=125)
	  Recheck Cond: ((k >= 2225218) AND (k <= 2225318))
	  ->  Bitmap Index Scan on k_1  (cost=0.00..5.47 rows=104 width=0)
	        Index Cond: ((k >= 2225218) AND (k <= 2225318))

table 2 : explain SELECT k, c FROM sbtest2 WHERE k BETWEEN 2225218 AND 2225318
	Bitmap Heap Scan on sbtest2  (cost=5.48..409.07 rows=102 width=125)
	  Recheck Cond: ((k >= 2225218) AND (k <= 2225318))
	  ->  Bitmap Index Scan on k_2  (cost=0.00..5.45 rows=102 width=0)
	        Index Cond: ((k >= 2225218) AND (k <= 2225318))

table 3 : explain SELECT k, c FROM sbtest3 WHERE k BETWEEN 2225218 AND 2225318
	Bitmap Heap Scan on sbtest3  (cost=5.43..389.37 rows=97 width=125)
	  Recheck Cond: ((k >= 2225218) AND (k <= 2225318))
	  ->  Bitmap Index Scan on k_3  (cost=0.00..5.40 rows=97 width=0)
	        Index Cond: ((k >= 2225218) AND (k <= 2225318))

table 4 : explain SELECT k, c FROM sbtest4 WHERE k BETWEEN 2225218 AND 2225318
	Bitmap Heap Scan on sbtest4  (cost=5.49..413.00 rows=103 width=125)
	  Recheck Cond: ((k >= 2225218) AND (k <= 2225318))
	  ->  Bitmap Index Scan on k_4  (cost=0.00..5.46 rows=103 width=0)
	        Index Cond: ((k >= 2225218) AND (k <= 2225318))

table 5 : explain SELECT k, c FROM sbtest5 WHERE k BETWEEN 2225218 AND 2225318
	Bitmap Heap Scan on sbtest5  (cost=5.53..428.75 rows=107 width=125)
	  Recheck Cond: ((k >= 2225218) AND (k <= 2225318))
	  ->  Bitmap Index Scan on k_5  (cost=0.00..5.50 rows=107 width=0)
	        Index Cond: ((k >= 2225218) AND (k <= 2225318))

table 6 : explain SELECT k, c FROM sbtest6 WHERE k BETWEEN 2225218 AND 2225318
	Bitmap Heap Scan on sbtest6  (cost=5.49..413.00 rows=103 width=125)
	  Recheck Cond: ((k >= 2225218) AND (k <= 2225318))
	  ->  Bitmap Index Scan on k_6  (cost=0.00..5.46 rows=103 width=0)
	        Index Cond: ((k >= 2225218) AND (k <= 2225318))

table 7 : explain SELECT k, c FROM sbtest7 WHERE k BETWEEN 2225218 AND 2225318
	Bitmap Heap Scan on sbtest7  (cost=5.48..409.07 rows=102 width=125)
	  Recheck Cond: ((k >= 2225218) AND (k <= 2225318))
	  ->  Bitmap Index Scan on k_7  (cost=0.00..5.45 rows=102 width=0)
	        Index Cond: ((k >= 2225218) AND (k <= 2225318))

table 8 : explain SELECT k, c FROM sbtest8 WHERE k BETWEEN 2225218 AND 2225318
	Bitmap Heap Scan on sbtest8  (cost=5.50..416.94 rows=104 width=125)
	  Recheck Cond: ((k >= 2225218) AND (k <= 2225318))
	  ->  Bitmap Index Scan on k_8  (cost=0.00..5.47 rows=104 width=0)
	        Index Cond: ((k >= 2225218) AND (k <= 2225318))

explain: for range-notcovered :: explain SELECT k, c FROM sbtest%d WHERE k BETWEEN 2225218 AND 2225318
for range-notcovered
table 1 : explain SELECT k, c FROM sbtest1 WHERE k BETWEEN 6006776 AND 6006876
	Bitmap Heap Scan on sbtest1  (cost=5.39..373.61 rows=93 width=125)
	  Recheck Cond: ((k >= 6006776) AND (k <= 6006876))
	  ->  Bitmap Index Scan on k_1  (cost=0.00..5.36 rows=93 width=0)
	        Index Cond: ((k >= 6006776) AND (k <= 6006876))

table 2 : explain SELECT k, c FROM sbtest2 WHERE k BETWEEN 6006776 AND 6006876
	Bitmap Heap Scan on sbtest2  (cost=5.46..401.19 rows=100 width=125)
	  Recheck Cond: ((k >= 6006776) AND (k <= 6006876))
	  ->  Bitmap Index Scan on k_2  (cost=0.00..5.43 rows=100 width=0)
	        Index Cond: ((k >= 6006776) AND (k <= 6006876))

table 3 : explain SELECT k, c FROM sbtest3 WHERE k BETWEEN 6006776 AND 6006876
	Bitmap Heap Scan on sbtest3  (cost=5.52..424.81 rows=106 width=125)
	  Recheck Cond: ((k >= 6006776) AND (k <= 6006876))
	  ->  Bitmap Index Scan on k_3  (cost=0.00..5.50 rows=106 width=0)
	        Index Cond: ((k >= 6006776) AND (k <= 6006876))

table 4 : explain SELECT k, c FROM sbtest4 WHERE k BETWEEN 6006776 AND 6006876
	Bitmap Heap Scan on sbtest4  (cost=5.41..381.49 rows=95 width=125)
	  Recheck Cond: ((k >= 6006776) AND (k <= 6006876))
	  ->  Bitmap Index Scan on k_4  (cost=0.00..5.38 rows=95 width=0)
	        Index Cond: ((k >= 6006776) AND (k <= 6006876))

table 5 : explain SELECT k, c FROM sbtest5 WHERE k BETWEEN 6006776 AND 6006876
	Bitmap Heap Scan on sbtest5  (cost=5.57..444.49 rows=111 width=125)
	  Recheck Cond: ((k >= 6006776) AND (k <= 6006876))
	  ->  Bitmap Index Scan on k_5  (cost=0.00..5.54 rows=111 width=0)
	        Index Cond: ((k >= 6006776) AND (k <= 6006876))

table 6 : explain SELECT k, c FROM sbtest6 WHERE k BETWEEN 6006776 AND 6006876
	Bitmap Heap Scan on sbtest6  (cost=5.48..409.07 rows=102 width=125)
	  Recheck Cond: ((k >= 6006776) AND (k <= 6006876))
	  ->  Bitmap Index Scan on k_6  (cost=0.00..5.45 rows=102 width=0)
	        Index Cond: ((k >= 6006776) AND (k <= 6006876))

table 7 : explain SELECT k, c FROM sbtest7 WHERE k BETWEEN 6006776 AND 6006876
	Bitmap Heap Scan on sbtest7  (cost=5.47..405.13 rows=101 width=125)
	  Recheck Cond: ((k >= 6006776) AND (k <= 6006876))
	  ->  Bitmap Index Scan on k_7  (cost=0.00..5.44 rows=101 width=0)
	        Index Cond: ((k >= 6006776) AND (k <= 6006876))

table 8 : explain SELECT k, c FROM sbtest8 WHERE k BETWEEN 6006776 AND 6006876
	Bitmap Heap Scan on sbtest8  (cost=5.57..444.49 rows=111 width=125)
	  Recheck Cond: ((k >= 6006776) AND (k <= 6006876))
	  ->  Bitmap Index Scan on k_8  (cost=0.00..5.54 rows=111 width=0)
	        Index Cond: ((k >= 6006776) AND (k <= 6006876))

for range-notcovered
table 1 : explain SELECT k, c FROM sbtest1 WHERE k BETWEEN 6128665 AND 6128765
	Bitmap Heap Scan on sbtest1  (cost=5.46..401.19 rows=100 width=125)
	  Recheck Cond: ((k >= 6128665) AND (k <= 6128765))
	  ->  Bitmap Index Scan on k_1  (cost=0.00..5.43 rows=100 width=0)
	        Index Cond: ((k >= 6128665) AND (k <= 6128765))

table 2 : explain SELECT k, c FROM sbtest2 WHERE k BETWEEN 6128665 AND 6128765
	Bitmap Heap Scan on sbtest2  (cost=5.46..401.19 rows=100 width=125)
	  Recheck Cond: ((k >= 6128665) AND (k <= 6128765))
	  ->  Bitmap Index Scan on k_2  (cost=0.00..5.43 rows=100 width=0)
	        Index Cond: ((k >= 6128665) AND (k <= 6128765))

table 3 : explain SELECT k, c FROM sbtest3 WHERE k BETWEEN 6128665 AND 6128765
	Bitmap Heap Scan on sbtest3  (cost=5.54..432.69 rows=108 width=125)
	  Recheck Cond: ((k >= 6128665) AND (k <= 6128765))
	  ->  Bitmap Index Scan on k_3  (cost=0.00..5.51 rows=108 width=0)
	        Index Cond: ((k >= 6128665) AND (k <= 6128765))

table 4 : explain SELECT k, c FROM sbtest4 WHERE k BETWEEN 6128665 AND 6128765
	Bitmap Heap Scan on sbtest4  (cost=5.54..432.69 rows=108 width=125)
	  Recheck Cond: ((k >= 6128665) AND (k <= 6128765))
	  ->  Bitmap Index Scan on k_4  (cost=0.00..5.51 rows=108 width=0)
	        Index Cond: ((k >= 6128665) AND (k <= 6128765))

table 5 : explain SELECT k, c FROM sbtest5 WHERE k BETWEEN 6128665 AND 6128765
	Bitmap Heap Scan on sbtest5  (cost=5.47..405.13 rows=101 width=125)
	  Recheck Cond: ((k >= 6128665) AND (k <= 6128765))
	  ->  Bitmap Index Scan on k_5  (cost=0.00..5.44 rows=101 width=0)
	        Index Cond: ((k >= 6128665) AND (k <= 6128765))

table 6 : explain SELECT k, c FROM sbtest6 WHERE k BETWEEN 6128665 AND 6128765
	Bitmap Heap Scan on sbtest6  (cost=5.49..413.00 rows=103 width=125)
	  Recheck Cond: ((k >= 6128665) AND (k <= 6128765))
	  ->  Bitmap Index Scan on k_6  (cost=0.00..5.46 rows=103 width=0)
	        Index Cond: ((k >= 6128665) AND (k <= 6128765))

table 7 : explain SELECT k, c FROM sbtest7 WHERE k BETWEEN 6128665 AND 6128765
	Bitmap Heap Scan on sbtest7  (cost=5.39..373.61 rows=93 width=125)
	  Recheck Cond: ((k >= 6128665) AND (k <= 6128765))
	  ->  Bitmap Index Scan on k_7  (cost=0.00..5.36 rows=93 width=0)
	        Index Cond: ((k >= 6128665) AND (k <= 6128765))

table 8 : explain SELECT k, c FROM sbtest8 WHERE k BETWEEN 6128665 AND 6128765
	Bitmap Heap Scan on sbtest8  (cost=5.46..401.19 rows=100 width=125)
	  Recheck Cond: ((k >= 6128665) AND (k <= 6128765))
	  ->  Bitmap Index Scan on k_8  (cost=0.00..5.43 rows=100 width=0)
	        Index Cond: ((k >= 6128665) AND (k <= 6128765))

for range-notcovered
table 1 : explain SELECT k, c FROM sbtest1 WHERE k BETWEEN 7513718 AND 7513818
	Bitmap Heap Scan on sbtest1  (cost=5.44..393.31 rows=98 width=125)
	  Recheck Cond: ((k >= 7513718) AND (k <= 7513818))
	  ->  Bitmap Index Scan on k_1  (cost=0.00..5.42 rows=98 width=0)
	        Index Cond: ((k >= 7513718) AND (k <= 7513818))

table 2 : explain SELECT k, c FROM sbtest2 WHERE k BETWEEN 7513718 AND 7513818
	Bitmap Heap Scan on sbtest2  (cost=5.51..420.88 rows=105 width=125)
	  Recheck Cond: ((k >= 7513718) AND (k <= 7513818))
	  ->  Bitmap Index Scan on k_2  (cost=0.00..5.48 rows=105 width=0)
	        Index Cond: ((k >= 7513718) AND (k <= 7513818))

table 3 : explain SELECT k, c FROM sbtest3 WHERE k BETWEEN 7513718 AND 7513818
	Bitmap Heap Scan on sbtest3  (cost=5.44..393.31 rows=98 width=125)
	  Recheck Cond: ((k >= 7513718) AND (k <= 7513818))
	  ->  Bitmap Index Scan on k_3  (cost=0.00..5.42 rows=98 width=0)
	        Index Cond: ((k >= 7513718) AND (k <= 7513818))

table 4 : explain SELECT k, c FROM sbtest4 WHERE k BETWEEN 7513718 AND 7513818
	Bitmap Heap Scan on sbtest4  (cost=5.43..389.37 rows=97 width=125)
	  Recheck Cond: ((k >= 7513718) AND (k <= 7513818))
	  ->  Bitmap Index Scan on k_4  (cost=0.00..5.40 rows=97 width=0)
	        Index Cond: ((k >= 7513718) AND (k <= 7513818))

table 5 : explain SELECT k, c FROM sbtest5 WHERE k BETWEEN 7513718 AND 7513818
	Bitmap Heap Scan on sbtest5  (cost=5.46..401.19 rows=100 width=125)
	  Recheck Cond: ((k >= 7513718) AND (k <= 7513818))
	  ->  Bitmap Index Scan on k_5  (cost=0.00..5.43 rows=100 width=0)
	        Index Cond: ((k >= 7513718) AND (k <= 7513818))

table 6 : explain SELECT k, c FROM sbtest6 WHERE k BETWEEN 7513718 AND 7513818
	Bitmap Heap Scan on sbtest6  (cost=5.48..409.07 rows=102 width=125)
	  Recheck Cond: ((k >= 7513718) AND (k <= 7513818))
	  ->  Bitmap Index Scan on k_6  (cost=0.00..5.45 rows=102 width=0)
	        Index Cond: ((k >= 7513718) AND (k <= 7513818))

table 7 : explain SELECT k, c FROM sbtest7 WHERE k BETWEEN 7513718 AND 7513818
	Bitmap Heap Scan on sbtest7  (cost=5.54..432.69 rows=108 width=125)
	  Recheck Cond: ((k >= 7513718) AND (k <= 7513818))
	  ->  Bitmap Index Scan on k_7  (cost=0.00..5.51 rows=108 width=0)
	        Index Cond: ((k >= 7513718) AND (k <= 7513818))

table 8 : explain SELECT k, c FROM sbtest8 WHERE k BETWEEN 7513718 AND 7513818
	Bitmap Heap Scan on sbtest8  (cost=5.52..424.81 rows=106 width=125)
	  Recheck Cond: ((k >= 7513718) AND (k <= 7513818))
	  ->  Bitmap Index Scan on k_8  (cost=0.00..5.50 rows=106 width=0)
	        Index Cond: ((k >= 7513718) AND (k <= 7513818))

explain: for range-notcovered :: explain SELECT k, c FROM sbtest%d WHERE k BETWEEN 6128665 AND 6128765
explain: for range-notcovered :: explain SELECT k, c FROM sbtest%d WHERE k BETWEEN 7513718 AND 7513818
for range-notcovered
table 1 : explain SELECT k, c FROM sbtest1 WHERE k BETWEEN 1120689 AND 1120789
	Bitmap Heap Scan on sbtest1  (cost=5.46..401.19 rows=100 width=125)
	  Recheck Cond: ((k >= 1120689) AND (k <= 1120789))
	  ->  Bitmap Index Scan on k_1  (cost=0.00..5.43 rows=100 width=0)
	        Index Cond: ((k >= 1120689) AND (k <= 1120789))

table 2 : explain SELECT k, c FROM sbtest2 WHERE k BETWEEN 1120689 AND 1120789
	Bitmap Heap Scan on sbtest2  (cost=5.37..365.72 rows=91 width=125)
	  Recheck Cond: ((k >= 1120689) AND (k <= 1120789))
	  ->  Bitmap Index Scan on k_2  (cost=0.00..5.34 rows=91 width=0)
	        Index Cond: ((k >= 1120689) AND (k <= 1120789))

table 3 : explain SELECT k, c FROM sbtest3 WHERE k BETWEEN 1120689 AND 1120789
	Bitmap Heap Scan on sbtest3  (cost=5.52..424.81 rows=106 width=125)
	  Recheck Cond: ((k >= 1120689) AND (k <= 1120789))
	  ->  Bitmap Index Scan on k_3  (cost=0.00..5.50 rows=106 width=0)
	        Index Cond: ((k >= 1120689) AND (k <= 1120789))

table 4 : explain SELECT k, c FROM sbtest4 WHERE k BETWEEN 1120689 AND 1120789
	Bitmap Heap Scan on sbtest4  (cost=5.49..413.00 rows=103 width=125)
	  Recheck Cond: ((k >= 1120689) AND (k <= 1120789))
	  ->  Bitmap Index Scan on k_4  (cost=0.00..5.46 rows=103 width=0)
	        Index Cond: ((k >= 1120689) AND (k <= 1120789))

table 5 : explain SELECT k, c FROM sbtest5 WHERE k BETWEEN 1120689 AND 1120789
	Bitmap Heap Scan on sbtest5  (cost=5.46..401.19 rows=100 width=125)
	  Recheck Cond: ((k >= 1120689) AND (k <= 1120789))
	  ->  Bitmap Index Scan on k_5  (cost=0.00..5.43 rows=100 width=0)
	        Index Cond: ((k >= 1120689) AND (k <= 1120789))

table 6 : explain SELECT k, c FROM sbtest6 WHERE k BETWEEN 1120689 AND 1120789
	Bitmap Heap Scan on sbtest6  (cost=5.46..401.19 rows=100 width=125)
	  Recheck Cond: ((k >= 1120689) AND (k <= 1120789))
	  ->  Bitmap Index Scan on k_6  (cost=0.00..5.43 rows=100 width=0)
	        Index Cond: ((k >= 1120689) AND (k <= 1120789))

table 7 : explain SELECT k, c FROM sbtest7 WHERE k BETWEEN 1120689 AND 1120789
	Bitmap Heap Scan on sbtest7  (cost=5.49..413.00 rows=103 width=125)
	  Recheck Cond: ((k >= 1120689) AND (k <= 1120789))
	  ->  Bitmap Index Scan on k_7  (cost=0.00..5.46 rows=103 width=0)
	        Index Cond: ((k >= 1120689) AND (k <= 1120789))

table 8 : explain SELECT k, c FROM sbtest8 WHERE k BETWEEN 1120689 AND 1120789
	Bitmap Heap Scan on sbtest8  (cost=5.55..436.62 rows=109 width=125)
	  Recheck Cond: ((k >= 1120689) AND (k <= 1120789))
	  ->  Bitmap Index Scan on k_8  (cost=0.00..5.52 rows=109 width=0)
	        Index Cond: ((k >= 1120689) AND (k <= 1120789))

for range-notcovered
table 1 : explain SELECT k, c FROM sbtest1 WHERE k BETWEEN 5670715 AND 5670815
	Bitmap Heap Scan on sbtest1  (cost=5.53..428.75 rows=107 width=125)
	  Recheck Cond: ((k >= 5670715) AND (k <= 5670815))
	  ->  Bitmap Index Scan on k_1  (cost=0.00..5.50 rows=107 width=0)
	        Index Cond: ((k >= 5670715) AND (k <= 5670815))

table 2 : explain SELECT k, c FROM sbtest2 WHERE k BETWEEN 5670715 AND 5670815
	Bitmap Heap Scan on sbtest2  (cost=5.45..397.25 rows=99 width=125)
	  Recheck Cond: ((k >= 5670715) AND (k <= 5670815))
	  ->  Bitmap Index Scan on k_2  (cost=0.00..5.42 rows=99 width=0)
	        Index Cond: ((k >= 5670715) AND (k <= 5670815))

table 3 : explain SELECT k, c FROM sbtest3 WHERE k BETWEEN 5670715 AND 5670815
	Bitmap Heap Scan on sbtest3  (cost=5.44..393.31 rows=98 width=125)
	  Recheck Cond: ((k >= 5670715) AND (k <= 5670815))
	  ->  Bitmap Index Scan on k_3  (cost=0.00..5.42 rows=98 width=0)
	        Index Cond: ((k >= 5670715) AND (k <= 5670815))

table 4 : explain SELECT k, c FROM sbtest4 WHERE k BETWEEN 5670715 AND 5670815
	Bitmap Heap Scan on sbtest4  (cost=5.44..393.31 rows=98 width=125)
	  Recheck Cond: ((k >= 5670715) AND (k <= 5670815))
	  ->  Bitmap Index Scan on k_4  (cost=0.00..5.42 rows=98 width=0)
	        Index Cond: ((k >= 5670715) AND (k <= 5670815))

table 5 : explain SELECT k, c FROM sbtest5 WHERE k BETWEEN 5670715 AND 5670815
	Bitmap Heap Scan on sbtest5  (cost=5.47..405.13 rows=101 width=125)
	  Recheck Cond: ((k >= 5670715) AND (k <= 5670815))
	  ->  Bitmap Index Scan on k_5  (cost=0.00..5.44 rows=101 width=0)
	        Index Cond: ((k >= 5670715) AND (k <= 5670815))

table 6 : explain SELECT k, c FROM sbtest6 WHERE k BETWEEN 5670715 AND 5670815
	Bitmap Heap Scan on sbtest6  (cost=5.56..440.56 rows=110 width=125)
	  Recheck Cond: ((k >= 5670715) AND (k <= 5670815))
	  ->  Bitmap Index Scan on k_6  (cost=0.00..5.53 rows=110 width=0)
	        Index Cond: ((k >= 5670715) AND (k <= 5670815))

table 7 : explain SELECT k, c FROM sbtest7 WHERE k BETWEEN 5670715 AND 5670815
	Bitmap Heap Scan on sbtest7  (cost=5.42..385.43 rows=96 width=125)
	  Recheck Cond: ((k >= 5670715) AND (k <= 5670815))
	  ->  Bitmap Index Scan on k_7  (cost=0.00..5.39 rows=96 width=0)
	        Index Cond: ((k >= 5670715) AND (k <= 5670815))

table 8 : explain SELECT k, c FROM sbtest8 WHERE k BETWEEN 5670715 AND 5670815
	Bitmap Heap Scan on sbtest8  (cost=5.48..409.07 rows=102 width=125)
	  Recheck Cond: ((k >= 5670715) AND (k <= 5670815))
	  ->  Bitmap Index Scan on k_8  (cost=0.00..5.45 rows=102 width=0)
	        Index Cond: ((k >= 5670715) AND (k <= 5670815))

for range-notcovered
table 1 : explain SELECT k, c FROM sbtest1 WHERE k BETWEEN 4318223 AND 4318323
	Bitmap Heap Scan on sbtest1  (cost=5.59..452.36 rows=113 width=125)
	  Recheck Cond: ((k >= 4318223) AND (k <= 4318323))
	  ->  Bitmap Index Scan on k_1  (cost=0.00..5.56 rows=113 width=0)
	        Index Cond: ((k >= 4318223) AND (k <= 4318323))

table 2 : explain SELECT k, c FROM sbtest2 WHERE k BETWEEN 4318223 AND 4318323
	Bitmap Heap Scan on sbtest2  (cost=5.59..452.36 rows=113 width=125)
	  Recheck Cond: ((k >= 4318223) AND (k <= 4318323))
	  ->  Bitmap Index Scan on k_2  (cost=0.00..5.56 rows=113 width=0)
	        Index Cond: ((k >= 4318223) AND (k <= 4318323))

table 3 : explain SELECT k, c FROM sbtest3 WHERE k BETWEEN 4318223 AND 4318323
	Bitmap Heap Scan on sbtest3  (cost=5.45..397.25 rows=99 width=125)
	  Recheck Cond: ((k >= 4318223) AND (k <= 4318323))
	  ->  Bitmap Index Scan on k_3  (cost=0.00..5.42 rows=99 width=0)
	        Index Cond: ((k >= 4318223) AND (k <= 4318323))

table 4 : explain SELECT k, c FROM sbtest4 WHERE k BETWEEN 4318223 AND 4318323
	Bitmap Heap Scan on sbtest4  (cost=5.48..409.07 rows=102 width=125)
	  Recheck Cond: ((k >= 4318223) AND (k <= 4318323))
	  ->  Bitmap Index Scan on k_4  (cost=0.00..5.45 rows=102 width=0)
	        Index Cond: ((k >= 4318223) AND (k <= 4318323))

table 5 : explain SELECT k, c FROM sbtest5 WHERE k BETWEEN 4318223 AND 4318323
	Bitmap Heap Scan on sbtest5  (cost=5.54..432.69 rows=108 width=125)
	  Recheck Cond: ((k >= 4318223) AND (k <= 4318323))
	  ->  Bitmap Index Scan on k_5  (cost=0.00..5.51 rows=108 width=0)
	        Index Cond: ((k >= 4318223) AND (k <= 4318323))

table 6 : explain SELECT k, c FROM sbtest6 WHERE k BETWEEN 4318223 AND 4318323
	Bitmap Heap Scan on sbtest6  (cost=5.46..401.19 rows=100 width=125)
	  Recheck Cond: ((k >= 4318223) AND (k <= 4318323))
	  ->  Bitmap Index Scan on k_6  (cost=0.00..5.43 rows=100 width=0)
	        Index Cond: ((k >= 4318223) AND (k <= 4318323))

table 7 : explain SELECT k, c FROM sbtest7 WHERE k BETWEEN 4318223 AND 4318323
	Bitmap Heap Scan on sbtest7  (cost=5.49..413.00 rows=103 width=125)
	  Recheck Cond: ((k >= 4318223) AND (k <= 4318323))
	  ->  Bitmap Index Scan on k_7  (cost=0.00..5.46 rows=103 width=0)
	        Index Cond: ((k >= 4318223) AND (k <= 4318323))

table 8 : explain SELECT k, c FROM sbtest8 WHERE k BETWEEN 4318223 AND 4318323
	Bitmap Heap Scan on sbtest8  (cost=5.49..413.00 rows=103 width=125)
	  Recheck Cond: ((k >= 4318223) AND (k <= 4318323))
	  ->  Bitmap Index Scan on k_8  (cost=0.00..5.46 rows=103 width=0)
	        Index Cond: ((k >= 4318223) AND (k <= 4318323))

explain: for range-notcovered :: explain SELECT k, c FROM sbtest%d WHERE k BETWEEN 6006776 AND 6006876
explain: for range-notcovered :: explain SELECT k, c FROM sbtest%d WHERE k BETWEEN 1120689 AND 1120789
explain: for range-notcovered :: explain SELECT k, c FROM sbtest%d WHERE k BETWEEN 4318223 AND 4318323
for range-notcovered
table 1 : explain SELECT k, c FROM sbtest1 WHERE k BETWEEN 8418716 AND 8418816
	Bitmap Heap Scan on sbtest1  (cost=5.51..420.88 rows=105 width=125)
	  Recheck Cond: ((k >= 8418716) AND (k <= 8418816))
	  ->  Bitmap Index Scan on k_1  (cost=0.00..5.48 rows=105 width=0)
	        Index Cond: ((k >= 8418716) AND (k <= 8418816))

table 2 : explain SELECT k, c FROM sbtest2 WHERE k BETWEEN 8418716 AND 8418816
	Bitmap Heap Scan on sbtest2  (cost=5.44..393.31 rows=98 width=125)
	  Recheck Cond: ((k >= 8418716) AND (k <= 8418816))
	  ->  Bitmap Index Scan on k_2  (cost=0.00..5.42 rows=98 width=0)
	        Index Cond: ((k >= 8418716) AND (k <= 8418816))

table 3 : explain SELECT k, c FROM sbtest3 WHERE k BETWEEN 8418716 AND 8418816
	Bitmap Heap Scan on sbtest3  (cost=5.44..393.31 rows=98 width=125)
	  Recheck Cond: ((k >= 8418716) AND (k <= 8418816))
	  ->  Bitmap Index Scan on k_3  (cost=0.00..5.42 rows=98 width=0)
	        Index Cond: ((k >= 8418716) AND (k <= 8418816))

table 4 : explain SELECT k, c FROM sbtest4 WHERE k BETWEEN 8418716 AND 8418816
	Bitmap Heap Scan on sbtest4  (cost=5.45..397.25 rows=99 width=125)
	  Recheck Cond: ((k >= 8418716) AND (k <= 8418816))
	  ->  Bitmap Index Scan on k_4  (cost=0.00..5.42 rows=99 width=0)
	        Index Cond: ((k >= 8418716) AND (k <= 8418816))

table 5 : explain SELECT k, c FROM sbtest5 WHERE k BETWEEN 8418716 AND 8418816
	Bitmap Heap Scan on sbtest5  (cost=5.40..377.55 rows=94 width=125)
	  Recheck Cond: ((k >= 8418716) AND (k <= 8418816))
	  ->  Bitmap Index Scan on k_5  (cost=0.00..5.38 rows=94 width=0)
	        Index Cond: ((k >= 8418716) AND (k <= 8418816))

table 6 : explain SELECT k, c FROM sbtest6 WHERE k BETWEEN 8418716 AND 8418816
	Bitmap Heap Scan on sbtest6  (cost=5.49..413.00 rows=103 width=125)
	  Recheck Cond: ((k >= 8418716) AND (k <= 8418816))
	  ->  Bitmap Index Scan on k_6  (cost=0.00..5.46 rows=103 width=0)
	        Index Cond: ((k >= 8418716) AND (k <= 8418816))

table 7 : explain SELECT k, c FROM sbtest7 WHERE k BETWEEN 8418716 AND 8418816
	Bitmap Heap Scan on sbtest7  (cost=5.44..393.31 rows=98 width=125)
	  Recheck Cond: ((k >= 8418716) AND (k <= 8418816))
	  ->  Bitmap Index Scan on k_7  (cost=0.00..5.42 rows=98 width=0)
	        Index Cond: ((k >= 8418716) AND (k <= 8418816))

table 8 : explain SELECT k, c FROM sbtest8 WHERE k BETWEEN 8418716 AND 8418816
	Bitmap Heap Scan on sbtest8  (cost=5.55..436.62 rows=109 width=125)
	  Recheck Cond: ((k >= 8418716) AND (k <= 8418816))
	  ->  Bitmap Index Scan on k_8  (cost=0.00..5.52 rows=109 width=0)
	        Index Cond: ((k >= 8418716) AND (k <= 8418816))

for range-notcovered
table 1 : explain SELECT k, c FROM sbtest1 WHERE k BETWEEN 3147350 AND 3147450
	Bitmap Heap Scan on sbtest1  (cost=5.52..424.81 rows=106 width=125)
	  Recheck Cond: ((k >= 3147350) AND (k <= 3147450))
	  ->  Bitmap Index Scan on k_1  (cost=0.00..5.50 rows=106 width=0)
	        Index Cond: ((k >= 3147350) AND (k <= 3147450))

table 2 : explain SELECT k, c FROM sbtest2 WHERE k BETWEEN 3147350 AND 3147450
	Bitmap Heap Scan on sbtest2  (cost=5.54..432.69 rows=108 width=125)
	  Recheck Cond: ((k >= 3147350) AND (k <= 3147450))
	  ->  Bitmap Index Scan on k_2  (cost=0.00..5.51 rows=108 width=0)
	        Index Cond: ((k >= 3147350) AND (k <= 3147450))

table 3 : explain SELECT k, c FROM sbtest3 WHERE k BETWEEN 3147350 AND 3147450
	Bitmap Heap Scan on sbtest3  (cost=5.49..413.00 rows=103 width=125)
	  Recheck Cond: ((k >= 3147350) AND (k <= 3147450))
	  ->  Bitmap Index Scan on k_3  (cost=0.00..5.46 rows=103 width=0)
	        Index Cond: ((k >= 3147350) AND (k <= 3147450))

table 4 : explain SELECT k, c FROM sbtest4 WHERE k BETWEEN 3147350 AND 3147450
	Bitmap Heap Scan on sbtest4  (cost=5.38..369.67 rows=92 width=125)
	  Recheck Cond: ((k >= 3147350) AND (k <= 3147450))
	  ->  Bitmap Index Scan on k_4  (cost=0.00..5.35 rows=92 width=0)
	        Index Cond: ((k >= 3147350) AND (k <= 3147450))

table 5 : explain SELECT k, c FROM sbtest5 WHERE k BETWEEN 3147350 AND 3147450
	Bitmap Heap Scan on sbtest5  (cost=5.55..436.62 rows=109 width=125)
	  Recheck Cond: ((k >= 3147350) AND (k <= 3147450))
	  ->  Bitmap Index Scan on k_5  (cost=0.00..5.52 rows=109 width=0)
	        Index Cond: ((k >= 3147350) AND (k <= 3147450))

table 6 : explain SELECT k, c FROM sbtest6 WHERE k BETWEEN 3147350 AND 3147450
	Bitmap Heap Scan on sbtest6  (cost=5.48..409.07 rows=102 width=125)
	  Recheck Cond: ((k >= 3147350) AND (k <= 3147450))
	  ->  Bitmap Index Scan on k_6  (cost=0.00..5.45 rows=102 width=0)
	        Index Cond: ((k >= 3147350) AND (k <= 3147450))

table 7 : explain SELECT k, c FROM sbtest7 WHERE k BETWEEN 3147350 AND 3147450
	Bitmap Heap Scan on sbtest7  (cost=5.54..432.69 rows=108 width=125)
	  Recheck Cond: ((k >= 3147350) AND (k <= 3147450))
	  ->  Bitmap Index Scan on k_7  (cost=0.00..5.51 rows=108 width=0)
	        Index Cond: ((k >= 3147350) AND (k <= 3147450))

table 8 : explain SELECT k, c FROM sbtest8 WHERE k BETWEEN 3147350 AND 3147450
	Bitmap Heap Scan on sbtest8  (cost=5.51..420.88 rows=105 width=125)
	  Recheck Cond: ((k >= 3147350) AND (k <= 3147450))
	  ->  Bitmap Index Scan on k_8  (cost=0.00..5.48 rows=105 width=0)
	        Index Cond: ((k >= 3147350) AND (k <= 3147450))

explain: for range-notcovered :: explain SELECT k, c FROM sbtest%d WHERE k BETWEEN 8418716 AND 8418816
explain: for range-notcovered :: explain SELECT k, c FROM sbtest%d WHERE k BETWEEN 3147350 AND 3147450
for range-notcovered
table 1 : explain SELECT k, c FROM sbtest1 WHERE k BETWEEN 4410452 AND 4410552
	Bitmap Heap Scan on sbtest1  (cost=5.45..397.25 rows=99 width=125)
	  Recheck Cond: ((k >= 4410452) AND (k <= 4410552))
	  ->  Bitmap Index Scan on k_1  (cost=0.00..5.42 rows=99 width=0)
	        Index Cond: ((k >= 4410452) AND (k <= 4410552))

table 2 : explain SELECT k, c FROM sbtest2 WHERE k BETWEEN 4410452 AND 4410552
	Bitmap Heap Scan on sbtest2  (cost=5.41..381.49 rows=95 width=125)
	  Recheck Cond: ((k >= 4410452) AND (k <= 4410552))
	  ->  Bitmap Index Scan on k_2  (cost=0.00..5.38 rows=95 width=0)
	        Index Cond: ((k >= 4410452) AND (k <= 4410552))

table 3 : explain SELECT k, c FROM sbtest3 WHERE k BETWEEN 4410452 AND 4410552
	Bitmap Heap Scan on sbtest3  (cost=5.46..401.19 rows=100 width=125)
	  Recheck Cond: ((k >= 4410452) AND (k <= 4410552))
	  ->  Bitmap Index Scan on k_3  (cost=0.00..5.43 rows=100 width=0)
	        Index Cond: ((k >= 4410452) AND (k <= 4410552))

table 4 : explain SELECT k, c FROM sbtest4 WHERE k BETWEEN 4410452 AND 4410552
	Bitmap Heap Scan on sbtest4  (cost=5.53..428.75 rows=107 width=125)
	  Recheck Cond: ((k >= 4410452) AND (k <= 4410552))
	  ->  Bitmap Index Scan on k_4  (cost=0.00..5.50 rows=107 width=0)
	        Index Cond: ((k >= 4410452) AND (k <= 4410552))

table 5 : explain SELECT k, c FROM sbtest5 WHERE k BETWEEN 4410452 AND 4410552
	Bitmap Heap Scan on sbtest5  (cost=5.54..432.69 rows=108 width=125)
	  Recheck Cond: ((k >= 4410452) AND (k <= 4410552))
	  ->  Bitmap Index Scan on k_5  (cost=0.00..5.51 rows=108 width=0)
	        Index Cond: ((k >= 4410452) AND (k <= 4410552))

table 6 : explain SELECT k, c FROM sbtest6 WHERE k BETWEEN 4410452 AND 4410552
	Bitmap Heap Scan on sbtest6  (cost=5.52..424.81 rows=106 width=125)
	  Recheck Cond: ((k >= 4410452) AND (k <= 4410552))
	  ->  Bitmap Index Scan on k_6  (cost=0.00..5.50 rows=106 width=0)
	        Index Cond: ((k >= 4410452) AND (k <= 4410552))

table 7 : explain SELECT k, c FROM sbtest7 WHERE k BETWEEN 4410452 AND 4410552
	Bitmap Heap Scan on sbtest7  (cost=5.53..428.75 rows=107 width=125)
	  Recheck Cond: ((k >= 4410452) AND (k <= 4410552))
	  ->  Bitmap Index Scan on k_7  (cost=0.00..5.50 rows=107 width=0)
	        Index Cond: ((k >= 4410452) AND (k <= 4410552))

table 8 : explain SELECT k, c FROM sbtest8 WHERE k BETWEEN 4410452 AND 4410552
	Bitmap Heap Scan on sbtest8  (cost=5.46..401.19 rows=100 width=125)
	  Recheck Cond: ((k >= 4410452) AND (k <= 4410552))
	  ->  Bitmap Index Scan on k_8  (cost=0.00..5.43 rows=100 width=0)
	        Index Cond: ((k >= 4410452) AND (k <= 4410552))

for range-notcovered
table 1 : explain SELECT k, c FROM sbtest1 WHERE k BETWEEN 2225218 AND 2225318
	Bitmap Heap Scan on sbtest1  (cost=5.50..416.94 rows=104 width=125)
	  Recheck Cond: ((k >= 2225218) AND (k <= 2225318))
	  ->  Bitmap Index Scan on k_1  (cost=0.00..5.47 rows=104 width=0)
	        Index Cond: ((k >= 2225218) AND (k <= 2225318))

table 2 : explain SELECT k, c FROM sbtest2 WHERE k BETWEEN 2225218 AND 2225318
	Bitmap Heap Scan on sbtest2  (cost=5.48..409.07 rows=102 width=125)
	  Recheck Cond: ((k >= 2225218) AND (k <= 2225318))
	  ->  Bitmap Index Scan on k_2  (cost=0.00..5.45 rows=102 width=0)
	        Index Cond: ((k >= 2225218) AND (k <= 2225318))

table 3 : explain SELECT k, c FROM sbtest3 WHERE k BETWEEN 2225218 AND 2225318
	Bitmap Heap Scan on sbtest3  (cost=5.43..389.37 rows=97 width=125)
	  Recheck Cond: ((k >= 2225218) AND (k <= 2225318))
	  ->  Bitmap Index Scan on k_3  (cost=0.00..5.40 rows=97 width=0)
	        Index Cond: ((k >= 2225218) AND (k <= 2225318))

table 4 : explain SELECT k, c FROM sbtest4 WHERE k BETWEEN 2225218 AND 2225318
	Bitmap Heap Scan on sbtest4  (cost=5.49..413.00 rows=103 width=125)
	  Recheck Cond: ((k >= 2225218) AND (k <= 2225318))
	  ->  Bitmap Index Scan on k_4  (cost=0.00..5.46 rows=103 width=0)
	        Index Cond: ((k >= 2225218) AND (k <= 2225318))

table 5 : explain SELECT k, c FROM sbtest5 WHERE k BETWEEN 2225218 AND 2225318
	Bitmap Heap Scan on sbtest5  (cost=5.53..428.75 rows=107 width=125)
	  Recheck Cond: ((k >= 2225218) AND (k <= 2225318))
	  ->  Bitmap Index Scan on k_5  (cost=0.00..5.50 rows=107 width=0)
	        Index Cond: ((k >= 2225218) AND (k <= 2225318))

table 6 : explain SELECT k, c FROM sbtest6 WHERE k BETWEEN 2225218 AND 2225318
	Bitmap Heap Scan on sbtest6  (cost=5.49..413.00 rows=103 width=125)
	  Recheck Cond: ((k >= 2225218) AND (k <= 2225318))
	  ->  Bitmap Index Scan on k_6  (cost=0.00..5.46 rows=103 width=0)
	        Index Cond: ((k >= 2225218) AND (k <= 2225318))

table 7 : explain SELECT k, c FROM sbtest7 WHERE k BETWEEN 2225218 AND 2225318
	Bitmap Heap Scan on sbtest7  (cost=5.48..409.07 rows=102 width=125)
	  Recheck Cond: ((k >= 2225218) AND (k <= 2225318))
	  ->  Bitmap Index Scan on k_7  (cost=0.00..5.45 rows=102 width=0)
	        Index Cond: ((k >= 2225218) AND (k <= 2225318))

table 8 : explain SELECT k, c FROM sbtest8 WHERE k BETWEEN 2225218 AND 2225318
	Bitmap Heap Scan on sbtest8  (cost=5.50..416.94 rows=104 width=125)
	  Recheck Cond: ((k >= 2225218) AND (k <= 2225318))
	  ->  Bitmap Index Scan on k_8  (cost=0.00..5.47 rows=104 width=0)
	        Index Cond: ((k >= 2225218) AND (k <= 2225318))

explain: for range-notcovered :: explain SELECT k, c FROM sbtest%d WHERE k BETWEEN 2225218 AND 2225318
for range-notcovered
table 1 : explain SELECT k, c FROM sbtest1 WHERE k BETWEEN 6128665 AND 6128765
	Bitmap Heap Scan on sbtest1  (cost=5.46..401.19 rows=100 width=125)
	  Recheck Cond: ((k >= 6128665) AND (k <= 6128765))
	  ->  Bitmap Index Scan on k_1  (cost=0.00..5.43 rows=100 width=0)
	        Index Cond: ((k >= 6128665) AND (k <= 6128765))

table 2 : explain SELECT k, c FROM sbtest2 WHERE k BETWEEN 6128665 AND 6128765
	Bitmap Heap Scan on sbtest2  (cost=5.46..401.19 rows=100 width=125)
	  Recheck Cond: ((k >= 6128665) AND (k <= 6128765))
	  ->  Bitmap Index Scan on k_2  (cost=0.00..5.43 rows=100 width=0)
	        Index Cond: ((k >= 6128665) AND (k <= 6128765))

table 3 : explain SELECT k, c FROM sbtest3 WHERE k BETWEEN 6128665 AND 6128765
	Bitmap Heap Scan on sbtest3  (cost=5.54..432.69 rows=108 width=125)
	  Recheck Cond: ((k >= 6128665) AND (k <= 6128765))
	  ->  Bitmap Index Scan on k_3  (cost=0.00..5.51 rows=108 width=0)
	        Index Cond: ((k >= 6128665) AND (k <= 6128765))

table 4 : explain SELECT k, c FROM sbtest4 WHERE k BETWEEN 6128665 AND 6128765
	Bitmap Heap Scan on sbtest4  (cost=5.54..432.69 rows=108 width=125)
	  Recheck Cond: ((k >= 6128665) AND (k <= 6128765))
	  ->  Bitmap Index Scan on k_4  (cost=0.00..5.51 rows=108 width=0)
	        Index Cond: ((k >= 6128665) AND (k <= 6128765))

table 5 : explain SELECT k, c FROM sbtest5 WHERE k BETWEEN 6128665 AND 6128765
	Bitmap Heap Scan on sbtest5  (cost=5.47..405.13 rows=101 width=125)
	  Recheck Cond: ((k >= 6128665) AND (k <= 6128765))
	  ->  Bitmap Index Scan on k_5  (cost=0.00..5.44 rows=101 width=0)
	        Index Cond: ((k >= 6128665) AND (k <= 6128765))

table 6 : explain SELECT k, c FROM sbtest6 WHERE k BETWEEN 6128665 AND 6128765
	Bitmap Heap Scan on sbtest6  (cost=5.49..413.00 rows=103 width=125)
	  Recheck Cond: ((k >= 6128665) AND (k <= 6128765))
	  ->  Bitmap Index Scan on k_6  (cost=0.00..5.46 rows=103 width=0)
	        Index Cond: ((k >= 6128665) AND (k <= 6128765))

table 7 : explain SELECT k, c FROM sbtest7 WHERE k BETWEEN 6128665 AND 6128765
	Bitmap Heap Scan on sbtest7  (cost=5.39..373.61 rows=93 width=125)
	  Recheck Cond: ((k >= 6128665) AND (k <= 6128765))
	  ->  Bitmap Index Scan on k_7  (cost=0.00..5.36 rows=93 width=0)
	        Index Cond: ((k >= 6128665) AND (k <= 6128765))

table 8 : explain SELECT k, c FROM sbtest8 WHERE k BETWEEN 6128665 AND 6128765
	Bitmap Heap Scan on sbtest8  (cost=5.46..401.19 rows=100 width=125)
	  Recheck Cond: ((k >= 6128665) AND (k <= 6128765))
	  ->  Bitmap Index Scan on k_8  (cost=0.00..5.43 rows=100 width=0)
	        Index Cond: ((k >= 6128665) AND (k <= 6128765))

for range-notcovered
table 1 : explain SELECT k, c FROM sbtest1 WHERE k BETWEEN 4318223 AND 4318323
	Bitmap Heap Scan on sbtest1  (cost=5.59..452.36 rows=113 width=125)
	  Recheck Cond: ((k >= 4318223) AND (k <= 4318323))
	  ->  Bitmap Index Scan on k_1  (cost=0.00..5.56 rows=113 width=0)
	        Index Cond: ((k >= 4318223) AND (k <= 4318323))

table 2 : explain SELECT k, c FROM sbtest2 WHERE k BETWEEN 4318223 AND 4318323
	Bitmap Heap Scan on sbtest2  (cost=5.59..452.36 rows=113 width=125)
	  Recheck Cond: ((k >= 4318223) AND (k <= 4318323))
	  ->  Bitmap Index Scan on k_2  (cost=0.00..5.56 rows=113 width=0)
	        Index Cond: ((k >= 4318223) AND (k <= 4318323))

table 3 : explain SELECT k, c FROM sbtest3 WHERE k BETWEEN 4318223 AND 4318323
	Bitmap Heap Scan on sbtest3  (cost=5.45..397.25 rows=99 width=125)
	  Recheck Cond: ((k >= 4318223) AND (k <= 4318323))
	  ->  Bitmap Index Scan on k_3  (cost=0.00..5.42 rows=99 width=0)
	        Index Cond: ((k >= 4318223) AND (k <= 4318323))

table 4 : explain SELECT k, c FROM sbtest4 WHERE k BETWEEN 4318223 AND 4318323
	Bitmap Heap Scan on sbtest4  (cost=5.48..409.07 rows=102 width=125)
	  Recheck Cond: ((k >= 4318223) AND (k <= 4318323))
	  ->  Bitmap Index Scan on k_4  (cost=0.00..5.45 rows=102 width=0)
	        Index Cond: ((k >= 4318223) AND (k <= 4318323))

table 5 : explain SELECT k, c FROM sbtest5 WHERE k BETWEEN 4318223 AND 4318323
	Bitmap Heap Scan on sbtest5  (cost=5.54..432.69 rows=108 width=125)
	  Recheck Cond: ((k >= 4318223) AND (k <= 4318323))
	  ->  Bitmap Index Scan on k_5  (cost=0.00..5.51 rows=108 width=0)
	        Index Cond: ((k >= 4318223) AND (k <= 4318323))

table 6 : explain SELECT k, c FROM sbtest6 WHERE k BETWEEN 4318223 AND 4318323
	Bitmap Heap Scan on sbtest6  (cost=5.46..401.19 rows=100 width=125)
	  Recheck Cond: ((k >= 4318223) AND (k <= 4318323))
	  ->  Bitmap Index Scan on k_6  (cost=0.00..5.43 rows=100 width=0)
	        Index Cond: ((k >= 4318223) AND (k <= 4318323))

table 7 : explain SELECT k, c FROM sbtest7 WHERE k BETWEEN 4318223 AND 4318323
	Bitmap Heap Scan on sbtest7  (cost=5.49..413.00 rows=103 width=125)
	  Recheck Cond: ((k >= 4318223) AND (k <= 4318323))
	  ->  Bitmap Index Scan on k_7  (cost=0.00..5.46 rows=103 width=0)
	        Index Cond: ((k >= 4318223) AND (k <= 4318323))

table 8 : explain SELECT k, c FROM sbtest8 WHERE k BETWEEN 4318223 AND 4318323
	Bitmap Heap Scan on sbtest8  (cost=5.49..413.00 rows=103 width=125)
	  Recheck Cond: ((k >= 4318223) AND (k <= 4318323))
	  ->  Bitmap Index Scan on k_8  (cost=0.00..5.46 rows=103 width=0)
	        Index Cond: ((k >= 4318223) AND (k <= 4318323))

explain: for range-notcovered :: explain SELECT k, c FROM sbtest%d WHERE k BETWEEN 6128665 AND 6128765
for range-notcovered
table 1 : explain SELECT k, c FROM sbtest1 WHERE k BETWEEN 7513718 AND 7513818
	Bitmap Heap Scan on sbtest1  (cost=5.44..393.31 rows=98 width=125)
	  Recheck Cond: ((k >= 7513718) AND (k <= 7513818))
	  ->  Bitmap Index Scan on k_1  (cost=0.00..5.42 rows=98 width=0)
	        Index Cond: ((k >= 7513718) AND (k <= 7513818))

table 2 : explain SELECT k, c FROM sbtest2 WHERE k BETWEEN 7513718 AND 7513818
	Bitmap Heap Scan on sbtest2  (cost=5.51..420.88 rows=105 width=125)
	  Recheck Cond: ((k >= 7513718) AND (k <= 7513818))
	  ->  Bitmap Index Scan on k_2  (cost=0.00..5.48 rows=105 width=0)
	        Index Cond: ((k >= 7513718) AND (k <= 7513818))

table 3 : explain SELECT k, c FROM sbtest3 WHERE k BETWEEN 7513718 AND 7513818
	Bitmap Heap Scan on sbtest3  (cost=5.44..393.31 rows=98 width=125)
	  Recheck Cond: ((k >= 7513718) AND (k <= 7513818))
	  ->  Bitmap Index Scan on k_3  (cost=0.00..5.42 rows=98 width=0)
	        Index Cond: ((k >= 7513718) AND (k <= 7513818))

table 4 : explain SELECT k, c FROM sbtest4 WHERE k BETWEEN 7513718 AND 7513818
	Bitmap Heap Scan on sbtest4  (cost=5.43..389.37 rows=97 width=125)
	  Recheck Cond: ((k >= 7513718) AND (k <= 7513818))
	  ->  Bitmap Index Scan on k_4  (cost=0.00..5.40 rows=97 width=0)
	        Index Cond: ((k >= 7513718) AND (k <= 7513818))

table 5 : explain SELECT k, c FROM sbtest5 WHERE k BETWEEN 7513718 AND 7513818
	Bitmap Heap Scan on sbtest5  (cost=5.46..401.19 rows=100 width=125)
	  Recheck Cond: ((k >= 7513718) AND (k <= 7513818))
	  ->  Bitmap Index Scan on k_5  (cost=0.00..5.43 rows=100 width=0)
	        Index Cond: ((k >= 7513718) AND (k <= 7513818))

table 6 : explain SELECT k, c FROM sbtest6 WHERE k BETWEEN 7513718 AND 7513818
	Bitmap Heap Scan on sbtest6  (cost=5.48..409.07 rows=102 width=125)
	  Recheck Cond: ((k >= 7513718) AND (k <= 7513818))
	  ->  Bitmap Index Scan on k_6  (cost=0.00..5.45 rows=102 width=0)
	        Index Cond: ((k >= 7513718) AND (k <= 7513818))

table 7 : explain SELECT k, c FROM sbtest7 WHERE k BETWEEN 7513718 AND 7513818
	Bitmap Heap Scan on sbtest7  (cost=5.54..432.69 rows=108 width=125)
	  Recheck Cond: ((k >= 7513718) AND (k <= 7513818))
	  ->  Bitmap Index Scan on k_7  (cost=0.00..5.51 rows=108 width=0)
	        Index Cond: ((k >= 7513718) AND (k <= 7513818))

table 8 : explain SELECT k, c FROM sbtest8 WHERE k BETWEEN 7513718 AND 7513818
	Bitmap Heap Scan on sbtest8  (cost=5.52..424.81 rows=106 width=125)
	  Recheck Cond: ((k >= 7513718) AND (k <= 7513818))
	  ->  Bitmap Index Scan on k_8  (cost=0.00..5.50 rows=106 width=0)
	        Index Cond: ((k >= 7513718) AND (k <= 7513818))

explain: for range-notcovered :: explain SELECT k, c FROM sbtest%d WHERE k BETWEEN 4318223 AND 4318323
for range-notcovered
table 1 : explain SELECT k, c FROM sbtest1 WHERE k BETWEEN 1120689 AND 1120789
	Bitmap Heap Scan on sbtest1  (cost=5.46..401.19 rows=100 width=125)
	  Recheck Cond: ((k >= 1120689) AND (k <= 1120789))
	  ->  Bitmap Index Scan on k_1  (cost=0.00..5.43 rows=100 width=0)
	        Index Cond: ((k >= 1120689) AND (k <= 1120789))

table 2 : explain SELECT k, c FROM sbtest2 WHERE k BETWEEN 1120689 AND 1120789
	Bitmap Heap Scan on sbtest2  (cost=5.37..365.72 rows=91 width=125)
	  Recheck Cond: ((k >= 1120689) AND (k <= 1120789))
	  ->  Bitmap Index Scan on k_2  (cost=0.00..5.34 rows=91 width=0)
	        Index Cond: ((k >= 1120689) AND (k <= 1120789))

table 3 : explain SELECT k, c FROM sbtest3 WHERE k BETWEEN 1120689 AND 1120789
	Bitmap Heap Scan on sbtest3  (cost=5.52..424.81 rows=106 width=125)
	  Recheck Cond: ((k >= 1120689) AND (k <= 1120789))
	  ->  Bitmap Index Scan on k_3  (cost=0.00..5.50 rows=106 width=0)
	        Index Cond: ((k >= 1120689) AND (k <= 1120789))

table 4 : explain SELECT k, c FROM sbtest4 WHERE k BETWEEN 1120689 AND 1120789
	Bitmap Heap Scan on sbtest4  (cost=5.49..413.00 rows=103 width=125)
	  Recheck Cond: ((k >= 1120689) AND (k <= 1120789))
	  ->  Bitmap Index Scan on k_4  (cost=0.00..5.46 rows=103 width=0)
	        Index Cond: ((k >= 1120689) AND (k <= 1120789))

table 5 : explain SELECT k, c FROM sbtest5 WHERE k BETWEEN 1120689 AND 1120789
	Bitmap Heap Scan on sbtest5  (cost=5.46..401.19 rows=100 width=125)
	  Recheck Cond: ((k >= 1120689) AND (k <= 1120789))
	  ->  Bitmap Index Scan on k_5  (cost=0.00..5.43 rows=100 width=0)
	        Index Cond: ((k >= 1120689) AND (k <= 1120789))

table 6 : explain SELECT k, c FROM sbtest6 WHERE k BETWEEN 1120689 AND 1120789
	Bitmap Heap Scan on sbtest6  (cost=5.46..401.19 rows=100 width=125)
	  Recheck Cond: ((k >= 1120689) AND (k <= 1120789))
	  ->  Bitmap Index Scan on k_6  (cost=0.00..5.43 rows=100 width=0)
	        Index Cond: ((k >= 1120689) AND (k <= 1120789))

table 7 : explain SELECT k, c FROM sbtest7 WHERE k BETWEEN 1120689 AND 1120789
	Bitmap Heap Scan on sbtest7  (cost=5.49..413.00 rows=103 width=125)
	  Recheck Cond: ((k >= 1120689) AND (k <= 1120789))
	  ->  Bitmap Index Scan on k_7  (cost=0.00..5.46 rows=103 width=0)
	        Index Cond: ((k >= 1120689) AND (k <= 1120789))

table 8 : explain SELECT k, c FROM sbtest8 WHERE k BETWEEN 1120689 AND 1120789
	Bitmap Heap Scan on sbtest8  (cost=5.55..436.62 rows=109 width=125)
	  Recheck Cond: ((k >= 1120689) AND (k <= 1120789))
	  ->  Bitmap Index Scan on k_8  (cost=0.00..5.52 rows=109 width=0)
	        Index Cond: ((k >= 1120689) AND (k <= 1120789))

explain: for range-notcovered :: explain SELECT k, c FROM sbtest%d WHERE k BETWEEN 1120689 AND 1120789
for range-notcovered
table 1 : explain SELECT k, c FROM sbtest1 WHERE k BETWEEN 8418716 AND 8418816
	Bitmap Heap Scan on sbtest1  (cost=5.51..420.88 rows=105 width=125)
	  Recheck Cond: ((k >= 8418716) AND (k <= 8418816))
	  ->  Bitmap Index Scan on k_1  (cost=0.00..5.48 rows=105 width=0)
	        Index Cond: ((k >= 8418716) AND (k <= 8418816))

table 2 : explain SELECT k, c FROM sbtest2 WHERE k BETWEEN 8418716 AND 8418816
	Bitmap Heap Scan on sbtest2  (cost=5.44..393.31 rows=98 width=125)
	  Recheck Cond: ((k >= 8418716) AND (k <= 8418816))
	  ->  Bitmap Index Scan on k_2  (cost=0.00..5.42 rows=98 width=0)
	        Index Cond: ((k >= 8418716) AND (k <= 8418816))

table 3 : explain SELECT k, c FROM sbtest3 WHERE k BETWEEN 8418716 AND 8418816
	Bitmap Heap Scan on sbtest3  (cost=5.44..393.31 rows=98 width=125)
	  Recheck Cond: ((k >= 8418716) AND (k <= 8418816))
	  ->  Bitmap Index Scan on k_3  (cost=0.00..5.42 rows=98 width=0)
	        Index Cond: ((k >= 8418716) AND (k <= 8418816))

table 4 : explain SELECT k, c FROM sbtest4 WHERE k BETWEEN 8418716 AND 8418816
	Bitmap Heap Scan on sbtest4  (cost=5.45..397.25 rows=99 width=125)
	  Recheck Cond: ((k >= 8418716) AND (k <= 8418816))
	  ->  Bitmap Index Scan on k_4  (cost=0.00..5.42 rows=99 width=0)
	        Index Cond: ((k >= 8418716) AND (k <= 8418816))

table 5 : explain SELECT k, c FROM sbtest5 WHERE k BETWEEN 8418716 AND 8418816
	Bitmap Heap Scan on sbtest5  (cost=5.40..377.55 rows=94 width=125)
	  Recheck Cond: ((k >= 8418716) AND (k <= 8418816))
	  ->  Bitmap Index Scan on k_5  (cost=0.00..5.38 rows=94 width=0)
	        Index Cond: ((k >= 8418716) AND (k <= 8418816))

table 6 : explain SELECT k, c FROM sbtest6 WHERE k BETWEEN 8418716 AND 8418816
	Bitmap Heap Scan on sbtest6  (cost=5.49..413.00 rows=103 width=125)
	  Recheck Cond: ((k >= 8418716) AND (k <= 8418816))
	  ->  Bitmap Index Scan on k_6  (cost=0.00..5.46 rows=103 width=0)
	        Index Cond: ((k >= 8418716) AND (k <= 8418816))

table 7 : explain SELECT k, c FROM sbtest7 WHERE k BETWEEN 8418716 AND 8418816
	Bitmap Heap Scan on sbtest7  (cost=5.44..393.31 rows=98 width=125)
	  Recheck Cond: ((k >= 8418716) AND (k <= 8418816))
	  ->  Bitmap Index Scan on k_7  (cost=0.00..5.42 rows=98 width=0)
	        Index Cond: ((k >= 8418716) AND (k <= 8418816))

table 8 : explain SELECT k, c FROM sbtest8 WHERE k BETWEEN 8418716 AND 8418816
	Bitmap Heap Scan on sbtest8  (cost=5.55..436.62 rows=109 width=125)
	  Recheck Cond: ((k >= 8418716) AND (k <= 8418816))
	  ->  Bitmap Index Scan on k_8  (cost=0.00..5.52 rows=109 width=0)
	        Index Cond: ((k >= 8418716) AND (k <= 8418816))

for range-notcovered
table 1 : explain SELECT k, c FROM sbtest1 WHERE k BETWEEN 3147350 AND 3147450
	Bitmap Heap Scan on sbtest1  (cost=5.52..424.81 rows=106 width=125)
	  Recheck Cond: ((k >= 3147350) AND (k <= 3147450))
	  ->  Bitmap Index Scan on k_1  (cost=0.00..5.50 rows=106 width=0)
	        Index Cond: ((k >= 3147350) AND (k <= 3147450))

table 2 : explain SELECT k, c FROM sbtest2 WHERE k BETWEEN 3147350 AND 3147450
	Bitmap Heap Scan on sbtest2  (cost=5.54..432.69 rows=108 width=125)
	  Recheck Cond: ((k >= 3147350) AND (k <= 3147450))
	  ->  Bitmap Index Scan on k_2  (cost=0.00..5.51 rows=108 width=0)
	        Index Cond: ((k >= 3147350) AND (k <= 3147450))

table 3 : explain SELECT k, c FROM sbtest3 WHERE k BETWEEN 3147350 AND 3147450
	Bitmap Heap Scan on sbtest3  (cost=5.49..413.00 rows=103 width=125)
	  Recheck Cond: ((k >= 3147350) AND (k <= 3147450))
	  ->  Bitmap Index Scan on k_3  (cost=0.00..5.46 rows=103 width=0)
	        Index Cond: ((k >= 3147350) AND (k <= 3147450))

table 4 : explain SELECT k, c FROM sbtest4 WHERE k BETWEEN 3147350 AND 3147450
	Bitmap Heap Scan on sbtest4  (cost=5.38..369.67 rows=92 width=125)
	  Recheck Cond: ((k >= 3147350) AND (k <= 3147450))
	  ->  Bitmap Index Scan on k_4  (cost=0.00..5.35 rows=92 width=0)
	        Index Cond: ((k >= 3147350) AND (k <= 3147450))

table 5 : explain SELECT k, c FROM sbtest5 WHERE k BETWEEN 3147350 AND 3147450
	Bitmap Heap Scan on sbtest5  (cost=5.55..436.62 rows=109 width=125)
	  Recheck Cond: ((k >= 3147350) AND (k <= 3147450))
	  ->  Bitmap Index Scan on k_5  (cost=0.00..5.52 rows=109 width=0)
	        Index Cond: ((k >= 3147350) AND (k <= 3147450))

table 6 : explain SELECT k, c FROM sbtest6 WHERE k BETWEEN 3147350 AND 3147450
	Bitmap Heap Scan on sbtest6  (cost=5.48..409.07 rows=102 width=125)
	  Recheck Cond: ((k >= 3147350) AND (k <= 3147450))
	  ->  Bitmap Index Scan on k_6  (cost=0.00..5.45 rows=102 width=0)
	        Index Cond: ((k >= 3147350) AND (k <= 3147450))

table 7 : explain SELECT k, c FROM sbtest7 WHERE k BETWEEN 3147350 AND 3147450
	Bitmap Heap Scan on sbtest7  (cost=5.54..432.69 rows=108 width=125)
	  Recheck Cond: ((k >= 3147350) AND (k <= 3147450))
	  ->  Bitmap Index Scan on k_7  (cost=0.00..5.51 rows=108 width=0)
	        Index Cond: ((k >= 3147350) AND (k <= 3147450))

table 8 : explain SELECT k, c FROM sbtest8 WHERE k BETWEEN 3147350 AND 3147450
	Bitmap Heap Scan on sbtest8  (cost=5.51..420.88 rows=105 width=125)
	  Recheck Cond: ((k >= 3147350) AND (k <= 3147450))
	  ->  Bitmap Index Scan on k_8  (cost=0.00..5.48 rows=105 width=0)
	        Index Cond: ((k >= 3147350) AND (k <= 3147450))

explain: for range-notcovered :: explain SELECT k, c FROM sbtest%d WHERE k BETWEEN 8418716 AND 8418816
explain: for range-notcovered :: explain SELECT k, c FROM sbtest%d WHERE k BETWEEN 3147350 AND 3147450
for range-notcovered
table 1 : explain SELECT k, c FROM sbtest1 WHERE k BETWEEN 2225218 AND 2225318
	Bitmap Heap Scan on sbtest1  (cost=5.50..416.94 rows=104 width=125)
	  Recheck Cond: ((k >= 2225218) AND (k <= 2225318))
	  ->  Bitmap Index Scan on k_1  (cost=0.00..5.47 rows=104 width=0)
	        Index Cond: ((k >= 2225218) AND (k <= 2225318))

table 2 : explain SELECT k, c FROM sbtest2 WHERE k BETWEEN 2225218 AND 2225318
	Bitmap Heap Scan on sbtest2  (cost=5.48..409.07 rows=102 width=125)
	  Recheck Cond: ((k >= 2225218) AND (k <= 2225318))
	  ->  Bitmap Index Scan on k_2  (cost=0.00..5.45 rows=102 width=0)
	        Index Cond: ((k >= 2225218) AND (k <= 2225318))

table 3 : explain SELECT k, c FROM sbtest3 WHERE k BETWEEN 2225218 AND 2225318
	Bitmap Heap Scan on sbtest3  (cost=5.43..389.37 rows=97 width=125)
	  Recheck Cond: ((k >= 2225218) AND (k <= 2225318))
	  ->  Bitmap Index Scan on k_3  (cost=0.00..5.40 rows=97 width=0)
	        Index Cond: ((k >= 2225218) AND (k <= 2225318))

table 4 : explain SELECT k, c FROM sbtest4 WHERE k BETWEEN 2225218 AND 2225318
	Bitmap Heap Scan on sbtest4  (cost=5.49..413.00 rows=103 width=125)
	  Recheck Cond: ((k >= 2225218) AND (k <= 2225318))
	  ->  Bitmap Index Scan on k_4  (cost=0.00..5.46 rows=103 width=0)
	        Index Cond: ((k >= 2225218) AND (k <= 2225318))

table 5 : explain SELECT k, c FROM sbtest5 WHERE k BETWEEN 2225218 AND 2225318
	Bitmap Heap Scan on sbtest5  (cost=5.53..428.75 rows=107 width=125)
	  Recheck Cond: ((k >= 2225218) AND (k <= 2225318))
	  ->  Bitmap Index Scan on k_5  (cost=0.00..5.50 rows=107 width=0)
	        Index Cond: ((k >= 2225218) AND (k <= 2225318))

table 6 : explain SELECT k, c FROM sbtest6 WHERE k BETWEEN 2225218 AND 2225318
	Bitmap Heap Scan on sbtest6  (cost=5.49..413.00 rows=103 width=125)
	  Recheck Cond: ((k >= 2225218) AND (k <= 2225318))
	  ->  Bitmap Index Scan on k_6  (cost=0.00..5.46 rows=103 width=0)
	        Index Cond: ((k >= 2225218) AND (k <= 2225318))

table 7 : explain SELECT k, c FROM sbtest7 WHERE k BETWEEN 2225218 AND 2225318
	Bitmap Heap Scan on sbtest7  (cost=5.48..409.07 rows=102 width=125)
	  Recheck Cond: ((k >= 2225218) AND (k <= 2225318))
	  ->  Bitmap Index Scan on k_7  (cost=0.00..5.45 rows=102 width=0)
	        Index Cond: ((k >= 2225218) AND (k <= 2225318))

table 8 : explain SELECT k, c FROM sbtest8 WHERE k BETWEEN 2225218 AND 2225318
	Bitmap Heap Scan on sbtest8  (cost=5.50..416.94 rows=104 width=125)
	  Recheck Cond: ((k >= 2225218) AND (k <= 2225318))
	  ->  Bitmap Index Scan on k_8  (cost=0.00..5.47 rows=104 width=0)
	        Index Cond: ((k >= 2225218) AND (k <= 2225318))

explain: for range-notcovered :: explain SELECT k, c FROM sbtest%d WHERE k BETWEEN 2225218 AND 2225318
for range-notcovered
table 1 : explain SELECT k, c FROM sbtest1 WHERE k BETWEEN 4318223 AND 4318323
	Bitmap Heap Scan on sbtest1  (cost=5.59..452.36 rows=113 width=125)
	  Recheck Cond: ((k >= 4318223) AND (k <= 4318323))
	  ->  Bitmap Index Scan on k_1  (cost=0.00..5.56 rows=113 width=0)
	        Index Cond: ((k >= 4318223) AND (k <= 4318323))

table 2 : explain SELECT k, c FROM sbtest2 WHERE k BETWEEN 4318223 AND 4318323
	Bitmap Heap Scan on sbtest2  (cost=5.59..452.36 rows=113 width=125)
	  Recheck Cond: ((k >= 4318223) AND (k <= 4318323))
	  ->  Bitmap Index Scan on k_2  (cost=0.00..5.56 rows=113 width=0)
	        Index Cond: ((k >= 4318223) AND (k <= 4318323))

table 3 : explain SELECT k, c FROM sbtest3 WHERE k BETWEEN 4318223 AND 4318323
	Bitmap Heap Scan on sbtest3  (cost=5.45..397.25 rows=99 width=125)
	  Recheck Cond: ((k >= 4318223) AND (k <= 4318323))
	  ->  Bitmap Index Scan on k_3  (cost=0.00..5.42 rows=99 width=0)
	        Index Cond: ((k >= 4318223) AND (k <= 4318323))

table 4 : explain SELECT k, c FROM sbtest4 WHERE k BETWEEN 4318223 AND 4318323
	Bitmap Heap Scan on sbtest4  (cost=5.48..409.07 rows=102 width=125)
	  Recheck Cond: ((k >= 4318223) AND (k <= 4318323))
	  ->  Bitmap Index Scan on k_4  (cost=0.00..5.45 rows=102 width=0)
	        Index Cond: ((k >= 4318223) AND (k <= 4318323))

table 5 : explain SELECT k, c FROM sbtest5 WHERE k BETWEEN 4318223 AND 4318323
	Bitmap Heap Scan on sbtest5  (cost=5.54..432.69 rows=108 width=125)
	  Recheck Cond: ((k >= 4318223) AND (k <= 4318323))
	  ->  Bitmap Index Scan on k_5  (cost=0.00..5.51 rows=108 width=0)
	        Index Cond: ((k >= 4318223) AND (k <= 4318323))

table 6 : explain SELECT k, c FROM sbtest6 WHERE k BETWEEN 4318223 AND 4318323
	Bitmap Heap Scan on sbtest6  (cost=5.46..401.19 rows=100 width=125)
	  Recheck Cond: ((k >= 4318223) AND (k <= 4318323))
	  ->  Bitmap Index Scan on k_6  (cost=0.00..5.43 rows=100 width=0)
	        Index Cond: ((k >= 4318223) AND (k <= 4318323))

table 7 : explain SELECT k, c FROM sbtest7 WHERE k BETWEEN 4318223 AND 4318323
	Bitmap Heap Scan on sbtest7  (cost=5.49..413.00 rows=103 width=125)
	  Recheck Cond: ((k >= 4318223) AND (k <= 4318323))
	  ->  Bitmap Index Scan on k_7  (cost=0.00..5.46 rows=103 width=0)
	        Index Cond: ((k >= 4318223) AND (k <= 4318323))

table 8 : explain SELECT k, c FROM sbtest8 WHERE k BETWEEN 4318223 AND 4318323
	Bitmap Heap Scan on sbtest8  (cost=5.49..413.00 rows=103 width=125)
	  Recheck Cond: ((k >= 4318223) AND (k <= 4318323))
	  ->  Bitmap Index Scan on k_8  (cost=0.00..5.46 rows=103 width=0)
	        Index Cond: ((k >= 4318223) AND (k <= 4318323))

for range-notcovered
table 1 : explain SELECT k, c FROM sbtest1 WHERE k BETWEEN 6128665 AND 6128765
	Bitmap Heap Scan on sbtest1  (cost=5.46..401.19 rows=100 width=125)
	  Recheck Cond: ((k >= 6128665) AND (k <= 6128765))
	  ->  Bitmap Index Scan on k_1  (cost=0.00..5.43 rows=100 width=0)
	        Index Cond: ((k >= 6128665) AND (k <= 6128765))

table 2 : explain SELECT k, c FROM sbtest2 WHERE k BETWEEN 6128665 AND 6128765
	Bitmap Heap Scan on sbtest2  (cost=5.46..401.19 rows=100 width=125)
	  Recheck Cond: ((k >= 6128665) AND (k <= 6128765))
	  ->  Bitmap Index Scan on k_2  (cost=0.00..5.43 rows=100 width=0)
	        Index Cond: ((k >= 6128665) AND (k <= 6128765))

table 3 : explain SELECT k, c FROM sbtest3 WHERE k BETWEEN 6128665 AND 6128765
	Bitmap Heap Scan on sbtest3  (cost=5.54..432.69 rows=108 width=125)
	  Recheck Cond: ((k >= 6128665) AND (k <= 6128765))
	  ->  Bitmap Index Scan on k_3  (cost=0.00..5.51 rows=108 width=0)
	        Index Cond: ((k >= 6128665) AND (k <= 6128765))

table 4 : explain SELECT k, c FROM sbtest4 WHERE k BETWEEN 6128665 AND 6128765
	Bitmap Heap Scan on sbtest4  (cost=5.54..432.69 rows=108 width=125)
	  Recheck Cond: ((k >= 6128665) AND (k <= 6128765))
	  ->  Bitmap Index Scan on k_4  (cost=0.00..5.51 rows=108 width=0)
	        Index Cond: ((k >= 6128665) AND (k <= 6128765))

table 5 : explain SELECT k, c FROM sbtest5 WHERE k BETWEEN 6128665 AND 6128765
	Bitmap Heap Scan on sbtest5  (cost=5.47..405.13 rows=101 width=125)
	  Recheck Cond: ((k >= 6128665) AND (k <= 6128765))
	  ->  Bitmap Index Scan on k_5  (cost=0.00..5.44 rows=101 width=0)
	        Index Cond: ((k >= 6128665) AND (k <= 6128765))

table 6 : explain SELECT k, c FROM sbtest6 WHERE k BETWEEN 6128665 AND 6128765
	Bitmap Heap Scan on sbtest6  (cost=5.49..413.00 rows=103 width=125)
	  Recheck Cond: ((k >= 6128665) AND (k <= 6128765))
	  ->  Bitmap Index Scan on k_6  (cost=0.00..5.46 rows=103 width=0)
	        Index Cond: ((k >= 6128665) AND (k <= 6128765))

table 7 : explain SELECT k, c FROM sbtest7 WHERE k BETWEEN 6128665 AND 6128765
	Bitmap Heap Scan on sbtest7  (cost=5.39..373.61 rows=93 width=125)
	  Recheck Cond: ((k >= 6128665) AND (k <= 6128765))
	  ->  Bitmap Index Scan on k_7  (cost=0.00..5.36 rows=93 width=0)
	        Index Cond: ((k >= 6128665) AND (k <= 6128765))

table 8 : explain SELECT k, c FROM sbtest8 WHERE k BETWEEN 6128665 AND 6128765
	Bitmap Heap Scan on sbtest8  (cost=5.46..401.19 rows=100 width=125)
	  Recheck Cond: ((k >= 6128665) AND (k <= 6128765))
	  ->  Bitmap Index Scan on k_8  (cost=0.00..5.43 rows=100 width=0)
	        Index Cond: ((k >= 6128665) AND (k <= 6128765))

for range-notcovered
table 1 : explain SELECT k, c FROM sbtest1 WHERE k BETWEEN 1120689 AND 1120789
	Bitmap Heap Scan on sbtest1  (cost=5.46..401.19 rows=100 width=125)
	  Recheck Cond: ((k >= 1120689) AND (k <= 1120789))
	  ->  Bitmap Index Scan on k_1  (cost=0.00..5.43 rows=100 width=0)
	        Index Cond: ((k >= 1120689) AND (k <= 1120789))

table 2 : explain SELECT k, c FROM sbtest2 WHERE k BETWEEN 1120689 AND 1120789
	Bitmap Heap Scan on sbtest2  (cost=5.37..365.72 rows=91 width=125)
	  Recheck Cond: ((k >= 1120689) AND (k <= 1120789))
	  ->  Bitmap Index Scan on k_2  (cost=0.00..5.34 rows=91 width=0)
	        Index Cond: ((k >= 1120689) AND (k <= 1120789))

table 3 : explain SELECT k, c FROM sbtest3 WHERE k BETWEEN 1120689 AND 1120789
	Bitmap Heap Scan on sbtest3  (cost=5.52..424.81 rows=106 width=125)
	  Recheck Cond: ((k >= 1120689) AND (k <= 1120789))
	  ->  Bitmap Index Scan on k_3  (cost=0.00..5.50 rows=106 width=0)
	        Index Cond: ((k >= 1120689) AND (k <= 1120789))

table 4 : explain SELECT k, c FROM sbtest4 WHERE k BETWEEN 1120689 AND 1120789
	Bitmap Heap Scan on sbtest4  (cost=5.49..413.00 rows=103 width=125)
	  Recheck Cond: ((k >= 1120689) AND (k <= 1120789))
	  ->  Bitmap Index Scan on k_4  (cost=0.00..5.46 rows=103 width=0)
	        Index Cond: ((k >= 1120689) AND (k <= 1120789))

table 5 : explain SELECT k, c FROM sbtest5 WHERE k BETWEEN 1120689 AND 1120789
	Bitmap Heap Scan on sbtest5  (cost=5.46..401.19 rows=100 width=125)
	  Recheck Cond: ((k >= 1120689) AND (k <= 1120789))
	  ->  Bitmap Index Scan on k_5  (cost=0.00..5.43 rows=100 width=0)
	        Index Cond: ((k >= 1120689) AND (k <= 1120789))

table 6 : explain SELECT k, c FROM sbtest6 WHERE k BETWEEN 1120689 AND 1120789
	Bitmap Heap Scan on sbtest6  (cost=5.46..401.19 rows=100 width=125)
	  Recheck Cond: ((k >= 1120689) AND (k <= 1120789))
	  ->  Bitmap Index Scan on k_6  (cost=0.00..5.43 rows=100 width=0)
	        Index Cond: ((k >= 1120689) AND (k <= 1120789))

table 7 : explain SELECT k, c FROM sbtest7 WHERE k BETWEEN 1120689 AND 1120789
	Bitmap Heap Scan on sbtest7  (cost=5.49..413.00 rows=103 width=125)
	  Recheck Cond: ((k >= 1120689) AND (k <= 1120789))
	  ->  Bitmap Index Scan on k_7  (cost=0.00..5.46 rows=103 width=0)
	        Index Cond: ((k >= 1120689) AND (k <= 1120789))

table 8 : explain SELECT k, c FROM sbtest8 WHERE k BETWEEN 1120689 AND 1120789
	Bitmap Heap Scan on sbtest8  (cost=5.55..436.62 rows=109 width=125)
	  Recheck Cond: ((k >= 1120689) AND (k <= 1120789))
	  ->  Bitmap Index Scan on k_8  (cost=0.00..5.52 rows=109 width=0)
	        Index Cond: ((k >= 1120689) AND (k <= 1120789))

for range-notcovered
table 1 : explain SELECT k, c FROM sbtest1 WHERE k BETWEEN 8587133 AND 8587233
	Bitmap Heap Scan on sbtest1  (cost=5.49..413.00 rows=103 width=125)
	  Recheck Cond: ((k >= 8587133) AND (k <= 8587233))
	  ->  Bitmap Index Scan on k_1  (cost=0.00..5.46 rows=103 width=0)
	        Index Cond: ((k >= 8587133) AND (k <= 8587233))

table 2 : explain SELECT k, c FROM sbtest2 WHERE k BETWEEN 8587133 AND 8587233
	Bitmap Heap Scan on sbtest2  (cost=5.43..389.37 rows=97 width=125)
	  Recheck Cond: ((k >= 8587133) AND (k <= 8587233))
	  ->  Bitmap Index Scan on k_2  (cost=0.00..5.40 rows=97 width=0)
	        Index Cond: ((k >= 8587133) AND (k <= 8587233))

table 3 : explain SELECT k, c FROM sbtest3 WHERE k BETWEEN 8587133 AND 8587233
	Bitmap Heap Scan on sbtest3  (cost=5.42..385.43 rows=96 width=125)
	  Recheck Cond: ((k >= 8587133) AND (k <= 8587233))
	  ->  Bitmap Index Scan on k_3  (cost=0.00..5.39 rows=96 width=0)
	        Index Cond: ((k >= 8587133) AND (k <= 8587233))

table 4 : explain SELECT k, c FROM sbtest4 WHERE k BETWEEN 8587133 AND 8587233
	Bitmap Heap Scan on sbtest4  (cost=5.48..409.07 rows=102 width=125)
	  Recheck Cond: ((k >= 8587133) AND (k <= 8587233))
	  ->  Bitmap Index Scan on k_4  (cost=0.00..5.45 rows=102 width=0)
	        Index Cond: ((k >= 8587133) AND (k <= 8587233))

table 5 : explain SELECT k, c FROM sbtest5 WHERE k BETWEEN 8587133 AND 8587233
	Bitmap Heap Scan on sbtest5  (cost=5.40..377.55 rows=94 width=125)
	  Recheck Cond: ((k >= 8587133) AND (k <= 8587233))
	  ->  Bitmap Index Scan on k_5  (cost=0.00..5.38 rows=94 width=0)
	        Index Cond: ((k >= 8587133) AND (k <= 8587233))

table 6 : explain SELECT k, c FROM sbtest6 WHERE k BETWEEN 8587133 AND 8587233
	Bitmap Heap Scan on sbtest6  (cost=5.55..436.62 rows=109 width=125)
	  Recheck Cond: ((k >= 8587133) AND (k <= 8587233))
	  ->  Bitmap Index Scan on k_6  (cost=0.00..5.52 rows=109 width=0)
	        Index Cond: ((k >= 8587133) AND (k <= 8587233))

table 7 : explain SELECT k, c FROM sbtest7 WHERE k BETWEEN 8587133 AND 8587233
	Bitmap Heap Scan on sbtest7  (cost=5.51..420.88 rows=105 width=125)
	  Recheck Cond: ((k >= 8587133) AND (k <= 8587233))
	  ->  Bitmap Index Scan on k_7  (cost=0.00..5.48 rows=105 width=0)
	        Index Cond: ((k >= 8587133) AND (k <= 8587233))

table 8 : explain SELECT k, c FROM sbtest8 WHERE k BETWEEN 8587133 AND 8587233
	Bitmap Heap Scan on sbtest8  (cost=5.44..393.31 rows=98 width=125)
	  Recheck Cond: ((k >= 8587133) AND (k <= 8587233))
	  ->  Bitmap Index Scan on k_8  (cost=0.00..5.42 rows=98 width=0)
	        Index Cond: ((k >= 8587133) AND (k <= 8587233))

explain: for range-notcovered :: explain SELECT k, c FROM sbtest%d WHERE k BETWEEN 4318223 AND 4318323
explain: for range-notcovered :: explain SELECT k, c FROM sbtest%d WHERE k BETWEEN 6128665 AND 6128765
explain: for range-notcovered :: explain SELECT k, c FROM sbtest%d WHERE k BETWEEN 1120689 AND 1120789
for range-notcovered
table 1 : explain SELECT k, c FROM sbtest1 WHERE k BETWEEN 7506364 AND 7506464
	Bitmap Heap Scan on sbtest1  (cost=5.44..393.31 rows=98 width=125)
	  Recheck Cond: ((k >= 7506364) AND (k <= 7506464))
	  ->  Bitmap Index Scan on k_1  (cost=0.00..5.42 rows=98 width=0)
	        Index Cond: ((k >= 7506364) AND (k <= 7506464))

table 2 : explain SELECT k, c FROM sbtest2 WHERE k BETWEEN 7506364 AND 7506464
	Bitmap Heap Scan on sbtest2  (cost=5.51..420.88 rows=105 width=125)
	  Recheck Cond: ((k >= 7506364) AND (k <= 7506464))
	  ->  Bitmap Index Scan on k_2  (cost=0.00..5.48 rows=105 width=0)
	        Index Cond: ((k >= 7506364) AND (k <= 7506464))

table 3 : explain SELECT k, c FROM sbtest3 WHERE k BETWEEN 7506364 AND 7506464
	Bitmap Heap Scan on sbtest3  (cost=5.44..393.31 rows=98 width=125)
	  Recheck Cond: ((k >= 7506364) AND (k <= 7506464))
	  ->  Bitmap Index Scan on k_3  (cost=0.00..5.42 rows=98 width=0)
	        Index Cond: ((k >= 7506364) AND (k <= 7506464))

table 4 : explain SELECT k, c FROM sbtest4 WHERE k BETWEEN 7506364 AND 7506464
	Bitmap Heap Scan on sbtest4  (cost=5.43..389.37 rows=97 width=125)
	  Recheck Cond: ((k >= 7506364) AND (k <= 7506464))
	  ->  Bitmap Index Scan on k_4  (cost=0.00..5.40 rows=97 width=0)
	        Index Cond: ((k >= 7506364) AND (k <= 7506464))

table 5 : explain SELECT k, c FROM sbtest5 WHERE k BETWEEN 7506364 AND 7506464
	Bitmap Heap Scan on sbtest5  (cost=5.46..401.19 rows=100 width=125)
	  Recheck Cond: ((k >= 7506364) AND (k <= 7506464))
	  ->  Bitmap Index Scan on k_5  (cost=0.00..5.43 rows=100 width=0)
	        Index Cond: ((k >= 7506364) AND (k <= 7506464))

table 6 : explain SELECT k, c FROM sbtest6 WHERE k BETWEEN 7506364 AND 7506464
	Bitmap Heap Scan on sbtest6  (cost=5.48..409.07 rows=102 width=125)
	  Recheck Cond: ((k >= 7506364) AND (k <= 7506464))
	  ->  Bitmap Index Scan on k_6  (cost=0.00..5.45 rows=102 width=0)
	        Index Cond: ((k >= 7506364) AND (k <= 7506464))

table 7 : explain SELECT k, c FROM sbtest7 WHERE k BETWEEN 7506364 AND 7506464
	Bitmap Heap Scan on sbtest7  (cost=5.54..432.69 rows=108 width=125)
	  Recheck Cond: ((k >= 7506364) AND (k <= 7506464))
	  ->  Bitmap Index Scan on k_7  (cost=0.00..5.51 rows=108 width=0)
	        Index Cond: ((k >= 7506364) AND (k <= 7506464))

table 8 : explain SELECT k, c FROM sbtest8 WHERE k BETWEEN 7506364 AND 7506464
	Bitmap Heap Scan on sbtest8  (cost=5.52..424.81 rows=106 width=125)
	  Recheck Cond: ((k >= 7506364) AND (k <= 7506464))
	  ->  Bitmap Index Scan on k_8  (cost=0.00..5.50 rows=106 width=0)
	        Index Cond: ((k >= 7506364) AND (k <= 7506464))
explain: for range-notcovered :: explain SELECT k, c FROM sbtest%d WHERE k BETWEEN 8587133 AND 8587233for range-notcovered
table 1 : explain SELECT k, c FROM sbtest1 WHERE k BETWEEN 6170933 AND 6171033
	Bitmap Heap Scan on sbtest1  (cost=5.46..401.19 rows=100 width=125)
	  Recheck Cond: ((k >= 6170933) AND (k <= 6171033))
	  ->  Bitmap Index Scan on k_1  (cost=0.00..5.43 rows=100 width=0)
	        Index Cond: ((k >= 6170933) AND (k <= 6171033))

table 2 : explain SELECT k, c FROM sbtest2 WHERE k BETWEEN 6170933 AND 6171033
	Bitmap Heap Scan on sbtest2  (cost=5.48..409.07 rows=102 width=125)
	  Recheck Cond: ((k >= 6170933) AND (k <= 6171033))
	  ->  Bitmap Index Scan on k_2  (cost=0.00..5.45 rows=102 width=0)
	        Index Cond: ((k >= 6170933) AND (k <= 6171033))

table 3 : explain SELECT k, c FROM sbtest3 WHERE k BETWEEN 6170933 AND 6171033
	Bitmap Heap Scan on sbtest3  (cost=5.54..432.69 rows=108 width=125)
	  Recheck Cond: ((k >= 6170933) AND (k <= 6171033))
	  ->  Bitmap Index Scan on k_3  (cost=0.00..5.51 rows=108 width=0)
	        Index Cond: ((k >= 6170933) AND (k <= 6171033))

table 4 : explain SELECT k, c FROM sbtest4 WHERE k BETWEEN 6170933 AND 6171033
	Bitmap Heap Scan on sbtest4  (cost=5.54..432.69 rows=108 width=125)
	  Recheck Cond: ((k >= 6170933) AND (k <= 6171033))
	  ->  Bitmap Index Scan on k_4  (cost=0.00..5.51 rows=108 width=0)
	        Index Cond: ((k >= 6170933) AND (k <= 6171033))

table 5 : explain SELECT k, c FROM sbtest5 WHERE k BETWEEN 6170933 AND 6171033
	Bitmap Heap Scan on sbtest5  (cost=5.47..405.13 rows=101 width=125)
	  Recheck Cond: ((k >= 6170933) AND (k <= 6171033))
	  ->  Bitmap Index Scan on k_5  (cost=0.00..5.44 rows=101 width=0)
	        Index Cond: ((k >= 6170933) AND (k <= 6171033))

table 6 : explain SELECT k, c FROM sbtest6 WHERE k BETWEEN 6170933 AND 6171033
	Bitmap Heap Scan on sbtest6  (cost=5.45..397.25 rows=99 width=125)
	  Recheck Cond: ((k >= 6170933) AND (k <= 6171033))
	  ->  Bitmap Index Scan on k_6  (cost=0.00..5.42 rows=99 width=0)
	        Index Cond: ((k >= 6170933) AND (k <= 6171033))

table 7 : explain SELECT k, c FROM sbtest7 WHERE k BETWEEN 6170933 AND 6171033
	Bitmap Heap Scan on sbtest7  (cost=5.39..373.61 rows=93 width=125)
	  Recheck Cond: ((k >= 6170933) AND (k <= 6171033))
	  ->  Bitmap Index Scan on k_7  (cost=0.00..5.36 rows=93 width=0)
	        Index Cond: ((k >= 6170933) AND (k <= 6171033))

table 8 : explain SELECT k, c FROM sbtest8 WHERE k BETWEEN 6170933 AND 6171033
	Bitmap Heap Scan on sbtest8  (cost=5.46..401.19 rows=100 width=125)
	  Recheck Cond: ((k >= 6170933) AND (k <= 6171033))
	  ->  Bitmap Index Scan on k_8  (cost=0.00..5.43 rows=100 width=0)
	        Index Cond: ((k >= 6170933) AND (k <= 6171033))



for range-notcovered
table 1 : explain SELECT k, c FROM sbtest1 WHERE k BETWEEN 2346235 AND 2346335
	Bitmap Heap Scan on sbtest1  (cost=5.45..397.25 rows=99 width=125)
	  Recheck Cond: ((k >= 2346235) AND (k <= 2346335))
	  ->  Bitmap Index Scan on k_1  (cost=0.00..5.42 rows=99 width=0)
	        Index Cond: ((k >= 2346235) AND (k <= 2346335))

table 2 : explain SELECT k, c FROM sbtest2 WHERE k BETWEEN 2346235 AND 2346335
	Bitmap Heap Scan on sbtest2  (cost=5.44..393.31 rows=98 width=125)
	  Recheck Cond: ((k >= 2346235) AND (k <= 2346335))
	  ->  Bitmap Index Scan on k_2  (cost=0.00..5.42 rows=98 width=0)
	        Index Cond: ((k >= 2346235) AND (k <= 2346335))

table 3 : explain SELECT k, c FROM sbtest3 WHERE k BETWEEN 2346235 AND 2346335
	Bitmap Heap Scan on sbtest3  (cost=5.41..381.49 rows=95 width=125)
	  Recheck Cond: ((k >= 2346235) AND (k <= 2346335))
	  ->  Bitmap Index Scan on k_3  (cost=0.00..5.38 rows=95 width=0)
	        Index Cond: ((k >= 2346235) AND (k <= 2346335))

table 4 : explain SELECT k, c FROM sbtest4 WHERE k BETWEEN 2346235 AND 2346335
	Bitmap Heap Scan on sbtest4  (cost=5.50..416.94 rows=104 width=125)
	  Recheck Cond: ((k >= 2346235) AND (k <= 2346335))
	  ->  Bitmap Index Scan on k_4  (cost=0.00..5.47 rows=104 width=0)
	        Index Cond: ((k >= 2346235) AND (k <= 2346335))

table 5 : explain SELECT k, c FROM sbtest5 WHERE k BETWEEN 2346235 AND 2346335
	Bitmap Heap Scan on sbtest5  (cost=5.46..401.19 rows=100 width=125)
	  Recheck Cond: ((k >= 2346235) AND (k <= 2346335))
	  ->  Bitmap Index Scan on k_5  (cost=0.00..5.43 rows=100 width=0)
	        Index Cond: ((k >= 2346235) AND (k <= 2346335))

table 6 : explain SELECT k, c FROM sbtest6 WHERE k BETWEEN 2346235 AND 2346335
	Bitmap Heap Scan on sbtest6  (cost=5.49..413.00 rows=103 width=125)
	  Recheck Cond: ((k >= 2346235) AND (k <= 2346335))
	  ->  Bitmap Index Scan on k_6  (cost=0.00..5.46 rows=103 width=0)
	        Index Cond: ((k >= 2346235) AND (k <= 2346335))

table 7 : explain SELECT k, c FROM sbtest7 WHERE k BETWEEN 2346235 AND 2346335
	Bitmap Heap Scan on sbtest7  (cost=5.54..432.69 rows=108 width=125)
	  Recheck Cond: ((k >= 2346235) AND (k <= 2346335))
	  ->  Bitmap Index Scan on k_7  (cost=0.00..5.51 rows=108 width=0)
	        Index Cond: ((k >= 2346235) AND (k <= 2346335))

table 8 : explain SELECT k, c FROM sbtest8 WHERE k BETWEEN 2346235 AND 2346335
	Bitmap Heap Scan on sbtest8  (cost=5.51..420.88 rows=105 width=125)
	  Recheck Cond: ((k >= 2346235) AND (k <= 2346335))
	  ->  Bitmap Index Scan on k_8  (cost=0.00..5.48 rows=105 width=0)
	        Index Cond: ((k >= 2346235) AND (k <= 2346335))

explain: for range-notcovered :: explain SELECT k, c FROM sbtest%d WHERE k BETWEEN 6170933 AND 6171033
for range-notcovered
table 1 : explain SELECT k, c FROM sbtest1 WHERE k BETWEEN 8418716 AND 8418816
	Bitmap Heap Scan on sbtest1  (cost=5.51..420.88 rows=105 width=125)
	  Recheck Cond: ((k >= 8418716) AND (k <= 8418816))
	  ->  Bitmap Index Scan on k_1  (cost=0.00..5.48 rows=105 width=0)
	        Index Cond: ((k >= 8418716) AND (k <= 8418816))

table 2 : explain SELECT k, c FROM sbtest2 WHERE k BETWEEN 8418716 AND 8418816
	Bitmap Heap Scan on sbtest2  (cost=5.44..393.31 rows=98 width=125)
	  Recheck Cond: ((k >= 8418716) AND (k <= 8418816))
	  ->  Bitmap Index Scan on k_2  (cost=0.00..5.42 rows=98 width=0)
	        Index Cond: ((k >= 8418716) AND (k <= 8418816))

table 3 : explain SELECT k, c FROM sbtest3 WHERE k BETWEEN 8418716 AND 8418816
	Bitmap Heap Scan on sbtest3  (cost=5.44..393.31 rows=98 width=125)
	  Recheck Cond: ((k >= 8418716) AND (k <= 8418816))
	  ->  Bitmap Index Scan on k_3  (cost=0.00..5.42 rows=98 width=0)
	        Index Cond: ((k >= 8418716) AND (k <= 8418816))

table 4 : explain SELECT k, c FROM sbtest4 WHERE k BETWEEN 8418716 AND 8418816
	Bitmap Heap Scan on sbtest4  (cost=5.45..397.25 rows=99 width=125)
	  Recheck Cond: ((k >= 8418716) AND (k <= 8418816))
	  ->  Bitmap Index Scan on k_4  (cost=0.00..5.42 rows=99 width=0)
	        Index Cond: ((k >= 8418716) AND (k <= 8418816))

table 5 : explain SELECT k, c FROM sbtest5 WHERE k BETWEEN 8418716 AND 8418816
	Bitmap Heap Scan on sbtest5  (cost=5.40..377.55 rows=94 width=125)
	  Recheck Cond: ((k >= 8418716) AND (k <= 8418816))
	  ->  Bitmap Index Scan on k_5  (cost=0.00..5.38 rows=94 width=0)
	        Index Cond: ((k >= 8418716) AND (k <= 8418816))

table 6 : explain SELECT k, c FROM sbtest6 WHERE k BETWEEN 8418716 AND 8418816
	Bitmap Heap Scan on sbtest6  (cost=5.49..413.00 rows=103 width=125)
	  Recheck Cond: ((k >= 8418716) AND (k <= 8418816))
	  ->  Bitmap Index Scan on k_6  (cost=0.00..5.46 rows=103 width=0)
	        Index Cond: ((k >= 8418716) AND (k <= 8418816))

table 7 : explain SELECT k, c FROM sbtest7 WHERE k BETWEEN 8418716 AND 8418816
	Bitmap Heap Scan on sbtest7  (cost=5.44..393.31 rows=98 width=125)
	  Recheck Cond: ((k >= 8418716) AND (k <= 8418816))
	  ->  Bitmap Index Scan on k_7  (cost=0.00..5.42 rows=98 width=0)
	        Index Cond: ((k >= 8418716) AND (k <= 8418816))

table 8 : explain SELECT k, c FROM sbtest8 WHERE k BETWEEN 8418716 AND 8418816
	Bitmap Heap Scan on sbtest8  (cost=5.55..436.62 rows=109 width=125)
	  Recheck Cond: ((k >= 8418716) AND (k <= 8418816))
	  ->  Bitmap Index Scan on k_8  (cost=0.00..5.52 rows=109 width=0)
	        Index Cond: ((k >= 8418716) AND (k <= 8418816))

for range-notcovered
table 1 : explain SELECT k, c FROM sbtest1 WHERE k BETWEEN 3147350 AND 3147450
	Bitmap Heap Scan on sbtest1  (cost=5.52..424.81 rows=106 width=125)
	  Recheck Cond: ((k >= 3147350) AND (k <= 3147450))
	  ->  Bitmap Index Scan on k_1  (cost=0.00..5.50 rows=106 width=0)
	        Index Cond: ((k >= 3147350) AND (k <= 3147450))

table 2 : explain SELECT k, c FROM sbtest2 WHERE k BETWEEN 3147350 AND 3147450
	Bitmap Heap Scan on sbtest2  (cost=5.54..432.69 rows=108 width=125)
	  Recheck Cond: ((k >= 3147350) AND (k <= 3147450))
	  ->  Bitmap Index Scan on k_2  (cost=0.00..5.51 rows=108 width=0)
	        Index Cond: ((k >= 3147350) AND (k <= 3147450))

table 3 : explain SELECT k, c FROM sbtest3 WHERE k BETWEEN 3147350 AND 3147450
	Bitmap Heap Scan on sbtest3  (cost=5.49..413.00 rows=103 width=125)
	  Recheck Cond: ((k >= 3147350) AND (k <= 3147450))
	  ->  Bitmap Index Scan on k_3  (cost=0.00..5.46 rows=103 width=0)
	        Index Cond: ((k >= 3147350) AND (k <= 3147450))

table 4 : explain SELECT k, c FROM sbtest4 WHERE k BETWEEN 3147350 AND 3147450
	Bitmap Heap Scan on sbtest4  (cost=5.38..369.67 rows=92 width=125)
	  Recheck Cond: ((k >= 3147350) AND (k <= 3147450))
	  ->  Bitmap Index Scan on k_4  (cost=0.00..5.35 rows=92 width=0)
	        Index Cond: ((k >= 3147350) AND (k <= 3147450))

table 5 : explain SELECT k, c FROM sbtest5 WHERE k BETWEEN 3147350 AND 3147450
	Bitmap Heap Scan on sbtest5  (cost=5.55..436.62 rows=109 width=125)
	  Recheck Cond: ((k >= 3147350) AND (k <= 3147450))
	  ->  Bitmap Index Scan on k_5  (cost=0.00..5.52 rows=109 width=0)
	        Index Cond: ((k >= 3147350) AND (k <= 3147450))

table 6 : explain SELECT k, c FROM sbtest6 WHERE k BETWEEN 3147350 AND 3147450
	Bitmap Heap Scan on sbtest6  (cost=5.48..409.07 rows=102 width=125)
	  Recheck Cond: ((k >= 3147350) AND (k <= 3147450))
	  ->  Bitmap Index Scan on k_6  (cost=0.00..5.45 rows=102 width=0)
	        Index Cond: ((k >= 3147350) AND (k <= 3147450))

table 7 : explain SELECT k, c FROM sbtest7 WHERE k BETWEEN 3147350 AND 3147450
	Bitmap Heap Scan on sbtest7  (cost=5.54..432.69 rows=108 width=125)
	  Recheck Cond: ((k >= 3147350) AND (k <= 3147450))
	  ->  Bitmap Index Scan on k_7  (cost=0.00..5.51 rows=108 width=0)
	        Index Cond: ((k >= 3147350) AND (k <= 3147450))

table 8 : explain SELECT k, c FROM sbtest8 WHERE k BETWEEN 3147350 AND 3147450
	Bitmap Heap Scan on sbtest8  (cost=5.51..420.88 rows=105 width=125)
	  Recheck Cond: ((k >= 3147350) AND (k <= 3147450))
	  ->  Bitmap Index Scan on k_8  (cost=0.00..5.48 rows=105 width=0)
	        Index Cond: ((k >= 3147350) AND (k <= 3147450))

explain: for range-notcovered :: explain SELECT k, c FROM sbtest%d WHERE k BETWEEN 2346235 AND 2346335
explain: for range-notcovered :: explain SELECT k, c FROM sbtest%d WHERE k BETWEEN 7506364 AND 7506464
explain: for range-notcovered :: explain SELECT k, c FROM sbtest%d WHERE k BETWEEN 3147350 AND 3147450
explain: for range-notcovered :: explain SELECT k, c FROM sbtest%d WHERE k BETWEEN 8418716 AND 8418816
for range-notcovered
table 1 : explain SELECT k, c FROM sbtest1 WHERE k BETWEEN 2225218 AND 2225318
	Bitmap Heap Scan on sbtest1  (cost=5.50..416.94 rows=104 width=125)
	  Recheck Cond: ((k >= 2225218) AND (k <= 2225318))
	  ->  Bitmap Index Scan on k_1  (cost=0.00..5.47 rows=104 width=0)
	        Index Cond: ((k >= 2225218) AND (k <= 2225318))

table 2 : explain SELECT k, c FROM sbtest2 WHERE k BETWEEN 2225218 AND 2225318
	Bitmap Heap Scan on sbtest2  (cost=5.48..409.07 rows=102 width=125)
	  Recheck Cond: ((k >= 2225218) AND (k <= 2225318))
	  ->  Bitmap Index Scan on k_2  (cost=0.00..5.45 rows=102 width=0)
	        Index Cond: ((k >= 2225218) AND (k <= 2225318))

table 3 : explain SELECT k, c FROM sbtest3 WHERE k BETWEEN 2225218 AND 2225318
	Bitmap Heap Scan on sbtest3  (cost=5.43..389.37 rows=97 width=125)
	  Recheck Cond: ((k >= 2225218) AND (k <= 2225318))
	  ->  Bitmap Index Scan on k_3  (cost=0.00..5.40 rows=97 width=0)
	        Index Cond: ((k >= 2225218) AND (k <= 2225318))

table 4 : explain SELECT k, c FROM sbtest4 WHERE k BETWEEN 2225218 AND 2225318
	Bitmap Heap Scan on sbtest4  (cost=5.49..413.00 rows=103 width=125)
	  Recheck Cond: ((k >= 2225218) AND (k <= 2225318))
	  ->  Bitmap Index Scan on k_4  (cost=0.00..5.46 rows=103 width=0)
	        Index Cond: ((k >= 2225218) AND (k <= 2225318))

table 5 : explain SELECT k, c FROM sbtest5 WHERE k BETWEEN 2225218 AND 2225318
	Bitmap Heap Scan on sbtest5  (cost=5.53..428.75 rows=107 width=125)
	  Recheck Cond: ((k >= 2225218) AND (k <= 2225318))
	  ->  Bitmap Index Scan on k_5  (cost=0.00..5.50 rows=107 width=0)
	        Index Cond: ((k >= 2225218) AND (k <= 2225318))

table 6 : explain SELECT k, c FROM sbtest6 WHERE k BETWEEN 2225218 AND 2225318
	Bitmap Heap Scan on sbtest6  (cost=5.49..413.00 rows=103 width=125)
	  Recheck Cond: ((k >= 2225218) AND (k <= 2225318))
	  ->  Bitmap Index Scan on k_6  (cost=0.00..5.46 rows=103 width=0)
	        Index Cond: ((k >= 2225218) AND (k <= 2225318))

table 7 : explain SELECT k, c FROM sbtest7 WHERE k BETWEEN 2225218 AND 2225318
	Bitmap Heap Scan on sbtest7  (cost=5.48..409.07 rows=102 width=125)
	  Recheck Cond: ((k >= 2225218) AND (k <= 2225318))
	  ->  Bitmap Index Scan on k_7  (cost=0.00..5.45 rows=102 width=0)
	        Index Cond: ((k >= 2225218) AND (k <= 2225318))

table 8 : explain SELECT k, c FROM sbtest8 WHERE k BETWEEN 2225218 AND 2225318
	Bitmap Heap Scan on sbtest8  (cost=5.50..416.94 rows=104 width=125)
	  Recheck Cond: ((k >= 2225218) AND (k <= 2225318))
	  ->  Bitmap Index Scan on k_8  (cost=0.00..5.47 rows=104 width=0)
	        Index Cond: ((k >= 2225218) AND (k <= 2225318))

explain: for range-notcovered :: explain SELECT k, c FROM sbtest%d WHERE k BETWEEN 2225218 AND 2225318
for range-notcovered
table 1 : explain SELECT k, c FROM sbtest1 WHERE k BETWEEN 4318223 AND 4318323
	Bitmap Heap Scan on sbtest1  (cost=5.59..452.36 rows=113 width=125)
	  Recheck Cond: ((k >= 4318223) AND (k <= 4318323))
	  ->  Bitmap Index Scan on k_1  (cost=0.00..5.56 rows=113 width=0)
	        Index Cond: ((k >= 4318223) AND (k <= 4318323))

table 2 : explain SELECT k, c FROM sbtest2 WHERE k BETWEEN 4318223 AND 4318323
	Bitmap Heap Scan on sbtest2  (cost=5.59..452.36 rows=113 width=125)
	  Recheck Cond: ((k >= 4318223) AND (k <= 4318323))
	  ->  Bitmap Index Scan on k_2  (cost=0.00..5.56 rows=113 width=0)
	        Index Cond: ((k >= 4318223) AND (k <= 4318323))

table 3 : explain SELECT k, c FROM sbtest3 WHERE k BETWEEN 4318223 AND 4318323
	Bitmap Heap Scan on sbtest3  (cost=5.45..397.25 rows=99 width=125)
	  Recheck Cond: ((k >= 4318223) AND (k <= 4318323))
	  ->  Bitmap Index Scan on k_3  (cost=0.00..5.42 rows=99 width=0)
	        Index Cond: ((k >= 4318223) AND (k <= 4318323))

table 4 : explain SELECT k, c FROM sbtest4 WHERE k BETWEEN 4318223 AND 4318323
	Bitmap Heap Scan on sbtest4  (cost=5.48..409.07 rows=102 width=125)
	  Recheck Cond: ((k >= 4318223) AND (k <= 4318323))
	  ->  Bitmap Index Scan on k_4  (cost=0.00..5.45 rows=102 width=0)
	        Index Cond: ((k >= 4318223) AND (k <= 4318323))

table 5 : explain SELECT k, c FROM sbtest5 WHERE k BETWEEN 4318223 AND 4318323
	Bitmap Heap Scan on sbtest5  (cost=5.54..432.69 rows=108 width=125)
	  Recheck Cond: ((k >= 4318223) AND (k <= 4318323))
	  ->  Bitmap Index Scan on k_5  (cost=0.00..5.51 rows=108 width=0)
	        Index Cond: ((k >= 4318223) AND (k <= 4318323))

table 6 : explain SELECT k, c FROM sbtest6 WHERE k BETWEEN 4318223 AND 4318323
	Bitmap Heap Scan on sbtest6  (cost=5.46..401.19 rows=100 width=125)
	  Recheck Cond: ((k >= 4318223) AND (k <= 4318323))
	  ->  Bitmap Index Scan on k_6  (cost=0.00..5.43 rows=100 width=0)
	        Index Cond: ((k >= 4318223) AND (k <= 4318323))

table 7 : explain SELECT k, c FROM sbtest7 WHERE k BETWEEN 4318223 AND 4318323
	Bitmap Heap Scan on sbtest7  (cost=5.49..413.00 rows=103 width=125)
	  Recheck Cond: ((k >= 4318223) AND (k <= 4318323))
	  ->  Bitmap Index Scan on k_7  (cost=0.00..5.46 rows=103 width=0)
	        Index Cond: ((k >= 4318223) AND (k <= 4318323))

table 8 : explain SELECT k, c FROM sbtest8 WHERE k BETWEEN 4318223 AND 4318323
	Bitmap Heap Scan on sbtest8  (cost=5.49..413.00 rows=103 width=125)
	  Recheck Cond: ((k >= 4318223) AND (k <= 4318323))
	  ->  Bitmap Index Scan on k_8  (cost=0.00..5.46 rows=103 width=0)
	        Index Cond: ((k >= 4318223) AND (k <= 4318323))

for range-notcovered
table 1 : explain SELECT k, c FROM sbtest1 WHERE k BETWEEN 6128665 AND 6128765
	Bitmap Heap Scan on sbtest1  (cost=5.46..401.19 rows=100 width=125)
	  Recheck Cond: ((k >= 6128665) AND (k <= 6128765))
	  ->  Bitmap Index Scan on k_1  (cost=0.00..5.43 rows=100 width=0)
	        Index Cond: ((k >= 6128665) AND (k <= 6128765))

table 2 : explain SELECT k, c FROM sbtest2 WHERE k BETWEEN 6128665 AND 6128765
	Bitmap Heap Scan on sbtest2  (cost=5.46..401.19 rows=100 width=125)
	  Recheck Cond: ((k >= 6128665) AND (k <= 6128765))
	  ->  Bitmap Index Scan on k_2  (cost=0.00..5.43 rows=100 width=0)
	        Index Cond: ((k >= 6128665) AND (k <= 6128765))

table 3 : explain SELECT k, c FROM sbtest3 WHERE k BETWEEN 6128665 AND 6128765
	Bitmap Heap Scan on sbtest3  (cost=5.54..432.69 rows=108 width=125)
	  Recheck Cond: ((k >= 6128665) AND (k <= 6128765))
	  ->  Bitmap Index Scan on k_3  (cost=0.00..5.51 rows=108 width=0)
	        Index Cond: ((k >= 6128665) AND (k <= 6128765))

table 4 : explain SELECT k, c FROM sbtest4 WHERE k BETWEEN 6128665 AND 6128765
	Bitmap Heap Scan on sbtest4  (cost=5.54..432.69 rows=108 width=125)
	  Recheck Cond: ((k >= 6128665) AND (k <= 6128765))
	  ->  Bitmap Index Scan on k_4  (cost=0.00..5.51 rows=108 width=0)
	        Index Cond: ((k >= 6128665) AND (k <= 6128765))

table 5 : explain SELECT k, c FROM sbtest5 WHERE k BETWEEN 6128665 AND 6128765
	Bitmap Heap Scan on sbtest5  (cost=5.47..405.13 rows=101 width=125)
	  Recheck Cond: ((k >= 6128665) AND (k <= 6128765))
	  ->  Bitmap Index Scan on k_5  (cost=0.00..5.44 rows=101 width=0)
	        Index Cond: ((k >= 6128665) AND (k <= 6128765))

table 6 : explain SELECT k, c FROM sbtest6 WHERE k BETWEEN 6128665 AND 6128765
	Bitmap Heap Scan on sbtest6  (cost=5.49..413.00 rows=103 width=125)
	  Recheck Cond: ((k >= 6128665) AND (k <= 6128765))
	  ->  Bitmap Index Scan on k_6  (cost=0.00..5.46 rows=103 width=0)
	        Index Cond: ((k >= 6128665) AND (k <= 6128765))

table 7 : explain SELECT k, c FROM sbtest7 WHERE k BETWEEN 6128665 AND 6128765
	Bitmap Heap Scan on sbtest7  (cost=5.39..373.61 rows=93 width=125)
	  Recheck Cond: ((k >= 6128665) AND (k <= 6128765))
	  ->  Bitmap Index Scan on k_7  (cost=0.00..5.36 rows=93 width=0)
	        Index Cond: ((k >= 6128665) AND (k <= 6128765))

table 8 : explain SELECT k, c FROM sbtest8 WHERE k BETWEEN 6128665 AND 6128765
	Bitmap Heap Scan on sbtest8  (cost=5.46..401.19 rows=100 width=125)
	  Recheck Cond: ((k >= 6128665) AND (k <= 6128765))
	  ->  Bitmap Index Scan on k_8  (cost=0.00..5.43 rows=100 width=0)
	        Index Cond: ((k >= 6128665) AND (k <= 6128765))

for range-notcovered
table 1 : explain SELECT k, c FROM sbtest1 WHERE k BETWEEN 1120689 AND 1120789
	Bitmap Heap Scan on sbtest1  (cost=5.46..401.19 rows=100 width=125)
	  Recheck Cond: ((k >= 1120689) AND (k <= 1120789))
	  ->  Bitmap Index Scan on k_1  (cost=0.00..5.43 rows=100 width=0)
	        Index Cond: ((k >= 1120689) AND (k <= 1120789))

table 2 : explain SELECT k, c FROM sbtest2 WHERE k BETWEEN 1120689 AND 1120789
	Bitmap Heap Scan on sbtest2  (cost=5.37..365.72 rows=91 width=125)
	  Recheck Cond: ((k >= 1120689) AND (k <= 1120789))
	  ->  Bitmap Index Scan on k_2  (cost=0.00..5.34 rows=91 width=0)
	        Index Cond: ((k >= 1120689) AND (k <= 1120789))

table 3 : explain SELECT k, c FROM sbtest3 WHERE k BETWEEN 1120689 AND 1120789
	Bitmap Heap Scan on sbtest3  (cost=5.52..424.81 rows=106 width=125)
	  Recheck Cond: ((k >= 1120689) AND (k <= 1120789))
	  ->  Bitmap Index Scan on k_3  (cost=0.00..5.50 rows=106 width=0)
	        Index Cond: ((k >= 1120689) AND (k <= 1120789))

table 4 : explain SELECT k, c FROM sbtest4 WHERE k BETWEEN 1120689 AND 1120789
	Bitmap Heap Scan on sbtest4  (cost=5.49..413.00 rows=103 width=125)
	  Recheck Cond: ((k >= 1120689) AND (k <= 1120789))
	  ->  Bitmap Index Scan on k_4  (cost=0.00..5.46 rows=103 width=0)
	        Index Cond: ((k >= 1120689) AND (k <= 1120789))

table 5 : explain SELECT k, c FROM sbtest5 WHERE k BETWEEN 1120689 AND 1120789
	Bitmap Heap Scan on sbtest5  (cost=5.46..401.19 rows=100 width=125)
	  Recheck Cond: ((k >= 1120689) AND (k <= 1120789))
	  ->  Bitmap Index Scan on k_5  (cost=0.00..5.43 rows=100 width=0)
	        Index Cond: ((k >= 1120689) AND (k <= 1120789))

table 6 : explain SELECT k, c FROM sbtest6 WHERE k BETWEEN 1120689 AND 1120789
	Bitmap Heap Scan on sbtest6  (cost=5.46..401.19 rows=100 width=125)
	  Recheck Cond: ((k >= 1120689) AND (k <= 1120789))
	  ->  Bitmap Index Scan on k_6  (cost=0.00..5.43 rows=100 width=0)
	        Index Cond: ((k >= 1120689) AND (k <= 1120789))

table 7 : explain SELECT k, c FROM sbtest7 WHERE k BETWEEN 1120689 AND 1120789
	Bitmap Heap Scan on sbtest7  (cost=5.49..413.00 rows=103 width=125)
	  Recheck Cond: ((k >= 1120689) AND (k <= 1120789))
	  ->  Bitmap Index Scan on k_7  (cost=0.00..5.46 rows=103 width=0)
	        Index Cond: ((k >= 1120689) AND (k <= 1120789))

table 8 : explain SELECT k, c FROM sbtest8 WHERE k BETWEEN 1120689 AND 1120789
	Bitmap Heap Scan on sbtest8  (cost=5.55..436.62 rows=109 width=125)
	  Recheck Cond: ((k >= 1120689) AND (k <= 1120789))
	  ->  Bitmap Index Scan on k_8  (cost=0.00..5.52 rows=109 width=0)
	        Index Cond: ((k >= 1120689) AND (k <= 1120789))

explain: for range-notcovered :: explain SELECT k, c FROM sbtest%d WHERE k BETWEEN 4318223 AND 4318323
explain: for range-notcovered :: explain SELECT k, c FROM sbtest%d WHERE k BETWEEN 6128665 AND 6128765
explain: for range-notcovered :: explain SELECT k, c FROM sbtest%d WHERE k BETWEEN 1120689 AND 1120789
for range-notcovered
table 1 : explain SELECT k, c FROM sbtest1 WHERE k BETWEEN 8587133 AND 8587233
	Bitmap Heap Scan on sbtest1  (cost=5.49..413.00 rows=103 width=125)
	  Recheck Cond: ((k >= 8587133) AND (k <= 8587233))
	  ->  Bitmap Index Scan on k_1  (cost=0.00..5.46 rows=103 width=0)
	        Index Cond: ((k >= 8587133) AND (k <= 8587233))

table 2 : explain SELECT k, c FROM sbtest2 WHERE k BETWEEN 8587133 AND 8587233
	Bitmap Heap Scan on sbtest2  (cost=5.43..389.37 rows=97 width=125)
	  Recheck Cond: ((k >= 8587133) AND (k <= 8587233))
	  ->  Bitmap Index Scan on k_2  (cost=0.00..5.40 rows=97 width=0)
	        Index Cond: ((k >= 8587133) AND (k <= 8587233))

table 3 : explain SELECT k, c FROM sbtest3 WHERE k BETWEEN 8587133 AND 8587233
	Bitmap Heap Scan on sbtest3  (cost=5.42..385.43 rows=96 width=125)
	  Recheck Cond: ((k >= 8587133) AND (k <= 8587233))
	  ->  Bitmap Index Scan on k_3  (cost=0.00..5.39 rows=96 width=0)
	        Index Cond: ((k >= 8587133) AND (k <= 8587233))

table 4 : explain SELECT k, c FROM sbtest4 WHERE k BETWEEN 8587133 AND 8587233
	Bitmap Heap Scan on sbtest4  (cost=5.48..409.07 rows=102 width=125)
	  Recheck Cond: ((k >= 8587133) AND (k <= 8587233))
	  ->  Bitmap Index Scan on k_4  (cost=0.00..5.45 rows=102 width=0)
	        Index Cond: ((k >= 8587133) AND (k <= 8587233))

table 5 : explain SELECT k, c FROM sbtest5 WHERE k BETWEEN 8587133 AND 8587233
	Bitmap Heap Scan on sbtest5  (cost=5.40..377.55 rows=94 width=125)
	  Recheck Cond: ((k >= 8587133) AND (k <= 8587233))
	  ->  Bitmap Index Scan on k_5  (cost=0.00..5.38 rows=94 width=0)
	        Index Cond: ((k >= 8587133) AND (k <= 8587233))

table 6 : explain SELECT k, c FROM sbtest6 WHERE k BETWEEN 8587133 AND 8587233
	Bitmap Heap Scan on sbtest6  (cost=5.55..436.62 rows=109 width=125)
	  Recheck Cond: ((k >= 8587133) AND (k <= 8587233))
	  ->  Bitmap Index Scan on k_6  (cost=0.00..5.52 rows=109 width=0)
	        Index Cond: ((k >= 8587133) AND (k <= 8587233))

table 7 : explain SELECT k, c FROM sbtest7 WHERE k BETWEEN 8587133 AND 8587233
	Bitmap Heap Scan on sbtest7  (cost=5.51..420.88 rows=105 width=125)
	  Recheck Cond: ((k >= 8587133) AND (k <= 8587233))
	  ->  Bitmap Index Scan on k_7  (cost=0.00..5.48 rows=105 width=0)
	        Index Cond: ((k >= 8587133) AND (k <= 8587233))

table 8 : explain SELECT k, c FROM sbtest8 WHERE k BETWEEN 8587133 AND 8587233
	Bitmap Heap Scan on sbtest8  (cost=5.44..393.31 rows=98 width=125)
	  Recheck Cond: ((k >= 8587133) AND (k <= 8587233))
	  ->  Bitmap Index Scan on k_8  (cost=0.00..5.42 rows=98 width=0)
	        Index Cond: ((k >= 8587133) AND (k <= 8587233))

for range-notcovered
table 1 : explain SELECT k, c FROM sbtest1 WHERE k BETWEEN 6170933 AND 6171033
	Bitmap Heap Scan on sbtest1  (cost=5.46..401.19 rows=100 width=125)
	  Recheck Cond: ((k >= 6170933) AND (k <= 6171033))
	  ->  Bitmap Index Scan on k_1  (cost=0.00..5.43 rows=100 width=0)
	        Index Cond: ((k >= 6170933) AND (k <= 6171033))

table 2 : explain SELECT k, c FROM sbtest2 WHERE k BETWEEN 6170933 AND 6171033
	Bitmap Heap Scan on sbtest2  (cost=5.48..409.07 rows=102 width=125)
	  Recheck Cond: ((k >= 6170933) AND (k <= 6171033))
	  ->  Bitmap Index Scan on k_2  (cost=0.00..5.45 rows=102 width=0)
	        Index Cond: ((k >= 6170933) AND (k <= 6171033))

table 3 : explain SELECT k, c FROM sbtest3 WHERE k BETWEEN 6170933 AND 6171033
	Bitmap Heap Scan on sbtest3  (cost=5.54..432.69 rows=108 width=125)
	  Recheck Cond: ((k >= 6170933) AND (k <= 6171033))
	  ->  Bitmap Index Scan on k_3  (cost=0.00..5.51 rows=108 width=0)
	        Index Cond: ((k >= 6170933) AND (k <= 6171033))

table 4 : explain SELECT k, c FROM sbtest4 WHERE k BETWEEN 6170933 AND 6171033
	Bitmap Heap Scan on sbtest4  (cost=5.54..432.69 rows=108 width=125)
	  Recheck Cond: ((k >= 6170933) AND (k <= 6171033))
	  ->  Bitmap Index Scan on k_4  (cost=0.00..5.51 rows=108 width=0)
	        Index Cond: ((k >= 6170933) AND (k <= 6171033))

table 5 : explain SELECT k, c FROM sbtest5 WHERE k BETWEEN 6170933 AND 6171033
	Bitmap Heap Scan on sbtest5  (cost=5.47..405.13 rows=101 width=125)
	  Recheck Cond: ((k >= 6170933) AND (k <= 6171033))
	  ->  Bitmap Index Scan on k_5  (cost=0.00..5.44 rows=101 width=0)
	        Index Cond: ((k >= 6170933) AND (k <= 6171033))

table 6 : explain SELECT k, c FROM sbtest6 WHERE k BETWEEN 6170933 AND 6171033
	Bitmap Heap Scan on sbtest6  (cost=5.45..397.25 rows=99 width=125)
	  Recheck Cond: ((k >= 6170933) AND (k <= 6171033))
	  ->  Bitmap Index Scan on k_6  (cost=0.00..5.42 rows=99 width=0)
	        Index Cond: ((k >= 6170933) AND (k <= 6171033))

table 7 : explain SELECT k, c FROM sbtest7 WHERE k BETWEEN 6170933 AND 6171033
	Bitmap Heap Scan on sbtest7  (cost=5.39..373.61 rows=93 width=125)
	  Recheck Cond: ((k >= 6170933) AND (k <= 6171033))
	  ->  Bitmap Index Scan on k_7  (cost=0.00..5.36 rows=93 width=0)
	        Index Cond: ((k >= 6170933) AND (k <= 6171033))

table 8 : explain SELECT k, c FROM sbtest8 WHERE k BETWEEN 6170933 AND 6171033
	Bitmap Heap Scan on sbtest8  (cost=5.46..401.19 rows=100 width=125)
	  Recheck Cond: ((k >= 6170933) AND (k <= 6171033))
	  ->  Bitmap Index Scan on k_8  (cost=0.00..5.43 rows=100 width=0)
	        Index Cond: ((k >= 6170933) AND (k <= 6171033))

explain: for range-notcovered :: explain SELECT k, c FROM sbtest%d WHERE k BETWEEN 8587133 AND 8587233
for range-notcovered
table 1 : explain SELECT k, c FROM sbtest1 WHERE k BETWEEN 3147350 AND 3147450
	Bitmap Heap Scan on sbtest1  (cost=5.52..424.81 rows=106 width=125)
	  Recheck Cond: ((k >= 3147350) AND (k <= 3147450))
	  ->  Bitmap Index Scan on k_1  (cost=0.00..5.50 rows=106 width=0)
	        Index Cond: ((k >= 3147350) AND (k <= 3147450))

table 2 : explain SELECT k, c FROM sbtest2 WHERE k BETWEEN 3147350 AND 3147450
	Bitmap Heap Scan on sbtest2  (cost=5.54..432.69 rows=108 width=125)
	  Recheck Cond: ((k >= 3147350) AND (k <= 3147450))
	  ->  Bitmap Index Scan on k_2  (cost=0.00..5.51 rows=108 width=0)
	        Index Cond: ((k >= 3147350) AND (k <= 3147450))

table 3 : explain SELECT k, c FROM sbtest3 WHERE k BETWEEN 3147350 AND 3147450
	Bitmap Heap Scan on sbtest3  (cost=5.49..413.00 rows=103 width=125)
	  Recheck Cond: ((k >= 3147350) AND (k <= 3147450))
	  ->  Bitmap Index Scan on k_3  (cost=0.00..5.46 rows=103 width=0)
	        Index Cond: ((k >= 3147350) AND (k <= 3147450))

table 4 : explain SELECT k, c FROM sbtest4 WHERE k BETWEEN 3147350 AND 3147450
	Bitmap Heap Scan on sbtest4  (cost=5.38..369.67 rows=92 width=125)
	  Recheck Cond: ((k >= 3147350) AND (k <= 3147450))
	  ->  Bitmap Index Scan on k_4  (cost=0.00..5.35 rows=92 width=0)
	        Index Cond: ((k >= 3147350) AND (k <= 3147450))

table 5 : explain SELECT k, c FROM sbtest5 WHERE k BETWEEN 3147350 AND 3147450
	Bitmap Heap Scan on sbtest5  (cost=5.55..436.62 rows=109 width=125)
	  Recheck Cond: ((k >= 3147350) AND (k <= 3147450))
	  ->  Bitmap Index Scan on k_5  (cost=0.00..5.52 rows=109 width=0)
	        Index Cond: ((k >= 3147350) AND (k <= 3147450))

table 6 : explain SELECT k, c FROM sbtest6 WHERE k BETWEEN 3147350 AND 3147450
	Bitmap Heap Scan on sbtest6  (cost=5.48..409.07 rows=102 width=125)
	  Recheck Cond: ((k >= 3147350) AND (k <= 3147450))
	  ->  Bitmap Index Scan on k_6  (cost=0.00..5.45 rows=102 width=0)
	        Index Cond: ((k >= 3147350) AND (k <= 3147450))

table 7 : explain SELECT k, c FROM sbtest7 WHERE k BETWEEN 3147350 AND 3147450
	Bitmap Heap Scan on sbtest7  (cost=5.54..432.69 rows=108 width=125)
	  Recheck Cond: ((k >= 3147350) AND (k <= 3147450))
	  ->  Bitmap Index Scan on k_7  (cost=0.00..5.51 rows=108 width=0)
	        Index Cond: ((k >= 3147350) AND (k <= 3147450))

table 8 : explain SELECT k, c FROM sbtest8 WHERE k BETWEEN 3147350 AND 3147450
	Bitmap Heap Scan on sbtest8  (cost=5.51..420.88 rows=105 width=125)
	  Recheck Cond: ((k >= 3147350) AND (k <= 3147450))
	  ->  Bitmap Index Scan on k_8  (cost=0.00..5.48 rows=105 width=0)
	        Index Cond: ((k >= 3147350) AND (k <= 3147450))

for range-notcovered
table 1 : explain SELECT k, c FROM sbtest1 WHERE k BETWEEN 2346235 AND 2346335
	Bitmap Heap Scan on sbtest1  (cost=5.45..397.25 rows=99 width=125)
	  Recheck Cond: ((k >= 2346235) AND (k <= 2346335))
	  ->  Bitmap Index Scan on k_1  (cost=0.00..5.42 rows=99 width=0)
	        Index Cond: ((k >= 2346235) AND (k <= 2346335))

table 2 : explain SELECT k, c FROM sbtest2 WHERE k BETWEEN 2346235 AND 2346335
	Bitmap Heap Scan on sbtest2  (cost=5.44..393.31 rows=98 width=125)
	  Recheck Cond: ((k >= 2346235) AND (k <= 2346335))
	  ->  Bitmap Index Scan on k_2  (cost=0.00..5.42 rows=98 width=0)
	        Index Cond: ((k >= 2346235) AND (k <= 2346335))

table 3 : explain SELECT k, c FROM sbtest3 WHERE k BETWEEN 2346235 AND 2346335
	Bitmap Heap Scan on sbtest3  (cost=5.41..381.49 rows=95 width=125)
	  Recheck Cond: ((k >= 2346235) AND (k <= 2346335))
	  ->  Bitmap Index Scan on k_3  (cost=0.00..5.38 rows=95 width=0)
	        Index Cond: ((k >= 2346235) AND (k <= 2346335))

table 4 : explain SELECT k, c FROM sbtest4 WHERE k BETWEEN 2346235 AND 2346335
	Bitmap Heap Scan on sbtest4  (cost=5.50..416.94 rows=104 width=125)
	  Recheck Cond: ((k >= 2346235) AND (k <= 2346335))
	  ->  Bitmap Index Scan on k_4  (cost=0.00..5.47 rows=104 width=0)
	        Index Cond: ((k >= 2346235) AND (k <= 2346335))

table 5 : explain SELECT k, c FROM sbtest5 WHERE k BETWEEN 2346235 AND 2346335
	Bitmap Heap Scan on sbtest5  (cost=5.46..401.19 rows=100 width=125)
	  Recheck Cond: ((k >= 2346235) AND (k <= 2346335))
	  ->  Bitmap Index Scan on k_5  (cost=0.00..5.43 rows=100 width=0)
	        Index Cond: ((k >= 2346235) AND (k <= 2346335))

table 6 : explain SELECT k, c FROM sbtest6 WHERE k BETWEEN 2346235 AND 2346335
	Bitmap Heap Scan on sbtest6  (cost=5.49..413.00 rows=103 width=125)
	  Recheck Cond: ((k >= 2346235) AND (k <= 2346335))
	  ->  Bitmap Index Scan on k_6  (cost=0.00..5.46 rows=103 width=0)
	        Index Cond: ((k >= 2346235) AND (k <= 2346335))

table 7 : explain SELECT k, c FROM sbtest7 WHERE k BETWEEN 2346235 AND 2346335
	Bitmap Heap Scan on sbtest7  (cost=5.54..432.69 rows=108 width=125)
	  Recheck Cond: ((k >= 2346235) AND (k <= 2346335))
	  ->  Bitmap Index Scan on k_7  (cost=0.00..5.51 rows=108 width=0)
	        Index Cond: ((k >= 2346235) AND (k <= 2346335))

table 8 : explain SELECT k, c FROM sbtest8 WHERE k BETWEEN 2346235 AND 2346335
	Bitmap Heap Scan on sbtest8  (cost=5.51..420.88 rows=105 width=125)
	  Recheck Cond: ((k >= 2346235) AND (k <= 2346335))
	  ->  Bitmap Index Scan on k_8  (cost=0.00..5.48 rows=105 width=0)
	        Index Cond: ((k >= 2346235) AND (k <= 2346335))

explain: for range-notcovered :: explain SELECT k, c FROM sbtest%d WHERE k BETWEEN 6170933 AND 6171033
explain: for range-notcovered :: explain SELECT k, c FROM sbtest%d WHERE k BETWEEN 3147350 AND 3147450
for range-notcovered
table 1 : explain SELECT k, c FROM sbtest1 WHERE k BETWEEN 7506364 AND 7506464
	Bitmap Heap Scan on sbtest1  (cost=5.44..393.31 rows=98 width=125)
	  Recheck Cond: ((k >= 7506364) AND (k <= 7506464))
	  ->  Bitmap Index Scan on k_1  (cost=0.00..5.42 rows=98 width=0)
	        Index Cond: ((k >= 7506364) AND (k <= 7506464))

table 2 : explain SELECT k, c FROM sbtest2 WHERE k BETWEEN 7506364 AND 7506464
	Bitmap Heap Scan on sbtest2  (cost=5.51..420.88 rows=105 width=125)
	  Recheck Cond: ((k >= 7506364) AND (k <= 7506464))
	  ->  Bitmap Index Scan on k_2  (cost=0.00..5.48 rows=105 width=0)
	        Index Cond: ((k >= 7506364) AND (k <= 7506464))

table 3 : explain SELECT k, c FROM sbtest3 WHERE k BETWEEN 7506364 AND 7506464
	Bitmap Heap Scan on sbtest3  (cost=5.44..393.31 rows=98 width=125)
	  Recheck Cond: ((k >= 7506364) AND (k <= 7506464))
	  ->  Bitmap Index Scan on k_3  (cost=0.00..5.42 rows=98 width=0)
	        Index Cond: ((k >= 7506364) AND (k <= 7506464))

table 4 : explain SELECT k, c FROM sbtest4 WHERE k BETWEEN 7506364 AND 7506464
	Bitmap Heap Scan on sbtest4  (cost=5.43..389.37 rows=97 width=125)
	  Recheck Cond: ((k >= 7506364) AND (k <= 7506464))
	  ->  Bitmap Index Scan on k_4  (cost=0.00..5.40 rows=97 width=0)
	        Index Cond: ((k >= 7506364) AND (k <= 7506464))

table 5 : explain SELECT k, c FROM sbtest5 WHERE k BETWEEN 7506364 AND 7506464
	Bitmap Heap Scan on sbtest5  (cost=5.46..401.19 rows=100 width=125)
	  Recheck Cond: ((k >= 7506364) AND (k <= 7506464))
	  ->  Bitmap Index Scan on k_5  (cost=0.00..5.43 rows=100 width=0)
	        Index Cond: ((k >= 7506364) AND (k <= 7506464))

table 6 : explain SELECT k, c FROM sbtest6 WHERE k BETWEEN 7506364 AND 7506464
	Bitmap Heap Scan on sbtest6  (cost=5.48..409.07 rows=102 width=125)
	  Recheck Cond: ((k >= 7506364) AND (k <= 7506464))
	  ->  Bitmap Index Scan on k_6  (cost=0.00..5.45 rows=102 width=0)
	        Index Cond: ((k >= 7506364) AND (k <= 7506464))

table 7 : explain SELECT k, c FROM sbtest7 WHERE k BETWEEN 7506364 AND 7506464
	Bitmap Heap Scan on sbtest7  (cost=5.54..432.69 rows=108 width=125)
	  Recheck Cond: ((k >= 7506364) AND (k <= 7506464))
	  ->  Bitmap Index Scan on k_7  (cost=0.00..5.51 rows=108 width=0)
	        Index Cond: ((k >= 7506364) AND (k <= 7506464))

table 8 : explain SELECT k, c FROM sbtest8 WHERE k BETWEEN 7506364 AND 7506464
	Bitmap Heap Scan on sbtest8  (cost=5.52..424.81 rows=106 width=125)
	  Recheck Cond: ((k >= 7506364) AND (k <= 7506464))
	  ->  Bitmap Index Scan on k_8  (cost=0.00..5.50 rows=106 width=0)
	        Index Cond: ((k >= 7506364) AND (k <= 7506464))

explain: for range-notcovered :: explain SELECT k, c FROM sbtest%d WHERE k BETWEEN 2346235 AND 2346335
for range-notcovered
table 1 : explain SELECT k, c FROM sbtest1 WHERE k BETWEEN 8418716 AND 8418816
	Bitmap Heap Scan on sbtest1  (cost=5.51..420.88 rows=105 width=125)
	  Recheck Cond: ((k >= 8418716) AND (k <= 8418816))
	  ->  Bitmap Index Scan on k_1  (cost=0.00..5.48 rows=105 width=0)
	        Index Cond: ((k >= 8418716) AND (k <= 8418816))

table 2 : explain SELECT k, c FROM sbtest2 WHERE k BETWEEN 8418716 AND 8418816
	Bitmap Heap Scan on sbtest2  (cost=5.44..393.31 rows=98 width=125)
	  Recheck Cond: ((k >= 8418716) AND (k <= 8418816))
	  ->  Bitmap Index Scan on k_2  (cost=0.00..5.42 rows=98 width=0)
	        Index Cond: ((k >= 8418716) AND (k <= 8418816))

table 3 : explain SELECT k, c FROM sbtest3 WHERE k BETWEEN 8418716 AND 8418816
	Bitmap Heap Scan on sbtest3  (cost=5.44..393.31 rows=98 width=125)
	  Recheck Cond: ((k >= 8418716) AND (k <= 8418816))
	  ->  Bitmap Index Scan on k_3  (cost=0.00..5.42 rows=98 width=0)
	        Index Cond: ((k >= 8418716) AND (k <= 8418816))

table 4 : explain SELECT k, c FROM sbtest4 WHERE k BETWEEN 8418716 AND 8418816
	Bitmap Heap Scan on sbtest4  (cost=5.45..397.25 rows=99 width=125)
	  Recheck Cond: ((k >= 8418716) AND (k <= 8418816))
	  ->  Bitmap Index Scan on k_4  (cost=0.00..5.42 rows=99 width=0)
	        Index Cond: ((k >= 8418716) AND (k <= 8418816))

table 5 : explain SELECT k, c FROM sbtest5 WHERE k BETWEEN 8418716 AND 8418816
	Bitmap Heap Scan on sbtest5  (cost=5.40..377.55 rows=94 width=125)
	  Recheck Cond: ((k >= 8418716) AND (k <= 8418816))
	  ->  Bitmap Index Scan on k_5  (cost=0.00..5.38 rows=94 width=0)
	        Index Cond: ((k >= 8418716) AND (k <= 8418816))

table 6 : explain SELECT k, c FROM sbtest6 WHERE k BETWEEN 8418716 AND 8418816
	Bitmap Heap Scan on sbtest6  (cost=5.49..413.00 rows=103 width=125)
	  Recheck Cond: ((k >= 8418716) AND (k <= 8418816))
	  ->  Bitmap Index Scan on k_6  (cost=0.00..5.46 rows=103 width=0)
	        Index Cond: ((k >= 8418716) AND (k <= 8418816))

table 7 : explain SELECT k, c FROM sbtest7 WHERE k BETWEEN 8418716 AND 8418816
	Bitmap Heap Scan on sbtest7  (cost=5.44..393.31 rows=98 width=125)
	  Recheck Cond: ((k >= 8418716) AND (k <= 8418816))
	  ->  Bitmap Index Scan on k_7  (cost=0.00..5.42 rows=98 width=0)
	        Index Cond: ((k >= 8418716) AND (k <= 8418816))

table 8 : explain SELECT k, c FROM sbtest8 WHERE k BETWEEN 8418716 AND 8418816
	Bitmap Heap Scan on sbtest8  (cost=5.55..436.62 rows=109 width=125)
	  Recheck Cond: ((k >= 8418716) AND (k <= 8418816))
	  ->  Bitmap Index Scan on k_8  (cost=0.00..5.52 rows=109 width=0)
	        Index Cond: ((k >= 8418716) AND (k <= 8418816))

explain: for range-notcovered :: explain SELECT k, c FROM sbtest%d WHERE k BETWEEN 7506364 AND 7506464
explain: for range-notcovered :: explain SELECT k, c FROM sbtest%d WHERE k BETWEEN 8418716 AND 8418816
for range-notcovered
table 1 : explain SELECT k, c FROM sbtest1 WHERE k BETWEEN 2225218 AND 2225318
	Bitmap Heap Scan on sbtest1  (cost=5.50..416.94 rows=104 width=125)
	  Recheck Cond: ((k >= 2225218) AND (k <= 2225318))
	  ->  Bitmap Index Scan on k_1  (cost=0.00..5.47 rows=104 width=0)
	        Index Cond: ((k >= 2225218) AND (k <= 2225318))

table 2 : explain SELECT k, c FROM sbtest2 WHERE k BETWEEN 2225218 AND 2225318
	Bitmap Heap Scan on sbtest2  (cost=5.48..409.07 rows=102 width=125)
	  Recheck Cond: ((k >= 2225218) AND (k <= 2225318))
	  ->  Bitmap Index Scan on k_2  (cost=0.00..5.45 rows=102 width=0)
	        Index Cond: ((k >= 2225218) AND (k <= 2225318))

table 3 : explain SELECT k, c FROM sbtest3 WHERE k BETWEEN 2225218 AND 2225318
	Bitmap Heap Scan on sbtest3  (cost=5.43..389.37 rows=97 width=125)
	  Recheck Cond: ((k >= 2225218) AND (k <= 2225318))
	  ->  Bitmap Index Scan on k_3  (cost=0.00..5.40 rows=97 width=0)
	        Index Cond: ((k >= 2225218) AND (k <= 2225318))

table 4 : explain SELECT k, c FROM sbtest4 WHERE k BETWEEN 2225218 AND 2225318
	Bitmap Heap Scan on sbtest4  (cost=5.49..413.00 rows=103 width=125)
	  Recheck Cond: ((k >= 2225218) AND (k <= 2225318))
	  ->  Bitmap Index Scan on k_4  (cost=0.00..5.46 rows=103 width=0)
	        Index Cond: ((k >= 2225218) AND (k <= 2225318))

table 5 : explain SELECT k, c FROM sbtest5 WHERE k BETWEEN 2225218 AND 2225318
	Bitmap Heap Scan on sbtest5  (cost=5.53..428.75 rows=107 width=125)
	  Recheck Cond: ((k >= 2225218) AND (k <= 2225318))
	  ->  Bitmap Index Scan on k_5  (cost=0.00..5.50 rows=107 width=0)
	        Index Cond: ((k >= 2225218) AND (k <= 2225318))

table 6 : explain SELECT k, c FROM sbtest6 WHERE k BETWEEN 2225218 AND 2225318
	Bitmap Heap Scan on sbtest6  (cost=5.49..413.00 rows=103 width=125)
	  Recheck Cond: ((k >= 2225218) AND (k <= 2225318))
	  ->  Bitmap Index Scan on k_6  (cost=0.00..5.46 rows=103 width=0)
	        Index Cond: ((k >= 2225218) AND (k <= 2225318))

table 7 : explain SELECT k, c FROM sbtest7 WHERE k BETWEEN 2225218 AND 2225318
	Bitmap Heap Scan on sbtest7  (cost=5.48..409.07 rows=102 width=125)
	  Recheck Cond: ((k >= 2225218) AND (k <= 2225318))
	  ->  Bitmap Index Scan on k_7  (cost=0.00..5.45 rows=102 width=0)
	        Index Cond: ((k >= 2225218) AND (k <= 2225318))

table 8 : explain SELECT k, c FROM sbtest8 WHERE k BETWEEN 2225218 AND 2225318
	Bitmap Heap Scan on sbtest8  (cost=5.50..416.94 rows=104 width=125)
	  Recheck Cond: ((k >= 2225218) AND (k <= 2225318))
	  ->  Bitmap Index Scan on k_8  (cost=0.00..5.47 rows=104 width=0)
	        Index Cond: ((k >= 2225218) AND (k <= 2225318))

explain: for range-notcovered :: explain SELECT k, c FROM sbtest%d WHERE k BETWEEN 2225218 AND 2225318
for range-notcovered
table 1 : explain SELECT k, c FROM sbtest1 WHERE k BETWEEN 4318223 AND 4318323
	Bitmap Heap Scan on sbtest1  (cost=5.59..452.36 rows=113 width=125)
	  Recheck Cond: ((k >= 4318223) AND (k <= 4318323))
	  ->  Bitmap Index Scan on k_1  (cost=0.00..5.56 rows=113 width=0)
	        Index Cond: ((k >= 4318223) AND (k <= 4318323))

table 2 : explain SELECT k, c FROM sbtest2 WHERE k BETWEEN 4318223 AND 4318323
	Bitmap Heap Scan on sbtest2  (cost=5.59..452.36 rows=113 width=125)
	  Recheck Cond: ((k >= 4318223) AND (k <= 4318323))
	  ->  Bitmap Index Scan on k_2  (cost=0.00..5.56 rows=113 width=0)
	        Index Cond: ((k >= 4318223) AND (k <= 4318323))

table 3 : explain SELECT k, c FROM sbtest3 WHERE k BETWEEN 4318223 AND 4318323
	Bitmap Heap Scan on sbtest3  (cost=5.45..397.25 rows=99 width=125)
	  Recheck Cond: ((k >= 4318223) AND (k <= 4318323))
	  ->  Bitmap Index Scan on k_3  (cost=0.00..5.42 rows=99 width=0)
	        Index Cond: ((k >= 4318223) AND (k <= 4318323))

table 4 : explain SELECT k, c FROM sbtest4 WHERE k BETWEEN 4318223 AND 4318323
	Bitmap Heap Scan on sbtest4  (cost=5.48..409.07 rows=102 width=125)
	  Recheck Cond: ((k >= 4318223) AND (k <= 4318323))
	  ->  Bitmap Index Scan on k_4  (cost=0.00..5.45 rows=102 width=0)
	        Index Cond: ((k >= 4318223) AND (k <= 4318323))

table 5 : explain SELECT k, c FROM sbtest5 WHERE k BETWEEN 4318223 AND 4318323
	Bitmap Heap Scan on sbtest5  (cost=5.54..432.69 rows=108 width=125)
	  Recheck Cond: ((k >= 4318223) AND (k <= 4318323))
	  ->  Bitmap Index Scan on k_5  (cost=0.00..5.51 rows=108 width=0)
	        Index Cond: ((k >= 4318223) AND (k <= 4318323))

table 6 : explain SELECT k, c FROM sbtest6 WHERE k BETWEEN 4318223 AND 4318323
	Bitmap Heap Scan on sbtest6  (cost=5.46..401.19 rows=100 width=125)
	  Recheck Cond: ((k >= 4318223) AND (k <= 4318323))
	  ->  Bitmap Index Scan on k_6  (cost=0.00..5.43 rows=100 width=0)
	        Index Cond: ((k >= 4318223) AND (k <= 4318323))

table 7 : explain SELECT k, c FROM sbtest7 WHERE k BETWEEN 4318223 AND 4318323
	Bitmap Heap Scan on sbtest7  (cost=5.49..413.00 rows=103 width=125)
	  Recheck Cond: ((k >= 4318223) AND (k <= 4318323))
	  ->  Bitmap Index Scan on k_7  (cost=0.00..5.46 rows=103 width=0)
	        Index Cond: ((k >= 4318223) AND (k <= 4318323))

table 8 : explain SELECT k, c FROM sbtest8 WHERE k BETWEEN 4318223 AND 4318323
	Bitmap Heap Scan on sbtest8  (cost=5.49..413.00 rows=103 width=125)
	  Recheck Cond: ((k >= 4318223) AND (k <= 4318323))
	  ->  Bitmap Index Scan on k_8  (cost=0.00..5.46 rows=103 width=0)
	        Index Cond: ((k >= 4318223) AND (k <= 4318323))

for range-notcovered
table 1 : explain SELECT k, c FROM sbtest1 WHERE k BETWEEN 6128665 AND 6128765
	Bitmap Heap Scan on sbtest1  (cost=5.46..401.19 rows=100 width=125)
	  Recheck Cond: ((k >= 6128665) AND (k <= 6128765))
	  ->  Bitmap Index Scan on k_1  (cost=0.00..5.43 rows=100 width=0)
	        Index Cond: ((k >= 6128665) AND (k <= 6128765))

table 2 : explain SELECT k, c FROM sbtest2 WHERE k BETWEEN 6128665 AND 6128765
	Bitmap Heap Scan on sbtest2  (cost=5.46..401.19 rows=100 width=125)
	  Recheck Cond: ((k >= 6128665) AND (k <= 6128765))
	  ->  Bitmap Index Scan on k_2  (cost=0.00..5.43 rows=100 width=0)
	        Index Cond: ((k >= 6128665) AND (k <= 6128765))

table 3 : explain SELECT k, c FROM sbtest3 WHERE k BETWEEN 6128665 AND 6128765
	Bitmap Heap Scan on sbtest3  (cost=5.54..432.69 rows=108 width=125)
	  Recheck Cond: ((k >= 6128665) AND (k <= 6128765))
	  ->  Bitmap Index Scan on k_3  (cost=0.00..5.51 rows=108 width=0)
	        Index Cond: ((k >= 6128665) AND (k <= 6128765))

table 4 : explain SELECT k, c FROM sbtest4 WHERE k BETWEEN 6128665 AND 6128765
	Bitmap Heap Scan on sbtest4  (cost=5.54..432.69 rows=108 width=125)
	  Recheck Cond: ((k >= 6128665) AND (k <= 6128765))
	  ->  Bitmap Index Scan on k_4  (cost=0.00..5.51 rows=108 width=0)
	        Index Cond: ((k >= 6128665) AND (k <= 6128765))

table 5 : explain SELECT k, c FROM sbtest5 WHERE k BETWEEN 6128665 AND 6128765
	Bitmap Heap Scan on sbtest5  (cost=5.47..405.13 rows=101 width=125)
	  Recheck Cond: ((k >= 6128665) AND (k <= 6128765))
	  ->  Bitmap Index Scan on k_5  (cost=0.00..5.44 rows=101 width=0)
	        Index Cond: ((k >= 6128665) AND (k <= 6128765))

table 6 : explain SELECT k, c FROM sbtest6 WHERE k BETWEEN 6128665 AND 6128765
	Bitmap Heap Scan on sbtest6  (cost=5.49..413.00 rows=103 width=125)
	  Recheck Cond: ((k >= 6128665) AND (k <= 6128765))
	  ->  Bitmap Index Scan on k_6  (cost=0.00..5.46 rows=103 width=0)
	        Index Cond: ((k >= 6128665) AND (k <= 6128765))

table 7 : explain SELECT k, c FROM sbtest7 WHERE k BETWEEN 6128665 AND 6128765
	Bitmap Heap Scan on sbtest7  (cost=5.39..373.61 rows=93 width=125)
	  Recheck Cond: ((k >= 6128665) AND (k <= 6128765))
	  ->  Bitmap Index Scan on k_7  (cost=0.00..5.36 rows=93 width=0)
	        Index Cond: ((k >= 6128665) AND (k <= 6128765))

table 8 : explain SELECT k, c FROM sbtest8 WHERE k BETWEEN 6128665 AND 6128765
	Bitmap Heap Scan on sbtest8  (cost=5.46..401.19 rows=100 width=125)
	  Recheck Cond: ((k >= 6128665) AND (k <= 6128765))
	  ->  Bitmap Index Scan on k_8  (cost=0.00..5.43 rows=100 width=0)
	        Index Cond: ((k >= 6128665) AND (k <= 6128765))

for range-notcovered
table 1 : explain SELECT k, c FROM sbtest1 WHERE k BETWEEN 1120689 AND 1120789
	Bitmap Heap Scan on sbtest1  (cost=5.46..401.19 rows=100 width=125)
	  Recheck Cond: ((k >= 1120689) AND (k <= 1120789))
	  ->  Bitmap Index Scan on k_1  (cost=0.00..5.43 rows=100 width=0)
	        Index Cond: ((k >= 1120689) AND (k <= 1120789))

table 2 : explain SELECT k, c FROM sbtest2 WHERE k BETWEEN 1120689 AND 1120789
	Bitmap Heap Scan on sbtest2  (cost=5.37..365.72 rows=91 width=125)
	  Recheck Cond: ((k >= 1120689) AND (k <= 1120789))
	  ->  Bitmap Index Scan on k_2  (cost=0.00..5.34 rows=91 width=0)
	        Index Cond: ((k >= 1120689) AND (k <= 1120789))

table 3 : explain SELECT k, c FROM sbtest3 WHERE k BETWEEN 1120689 AND 1120789
	Bitmap Heap Scan on sbtest3  (cost=5.52..424.81 rows=106 width=125)
	  Recheck Cond: ((k >= 1120689) AND (k <= 1120789))
	  ->  Bitmap Index Scan on k_3  (cost=0.00..5.50 rows=106 width=0)
	        Index Cond: ((k >= 1120689) AND (k <= 1120789))

table 4 : explain SELECT k, c FROM sbtest4 WHERE k BETWEEN 1120689 AND 1120789
	Bitmap Heap Scan on sbtest4  (cost=5.49..413.00 rows=103 width=125)
	  Recheck Cond: ((k >= 1120689) AND (k <= 1120789))
	  ->  Bitmap Index Scan on k_4  (cost=0.00..5.46 rows=103 width=0)
	        Index Cond: ((k >= 1120689) AND (k <= 1120789))

table 5 : explain SELECT k, c FROM sbtest5 WHERE k BETWEEN 1120689 AND 1120789
	Bitmap Heap Scan on sbtest5  (cost=5.46..401.19 rows=100 width=125)
	  Recheck Cond: ((k >= 1120689) AND (k <= 1120789))
	  ->  Bitmap Index Scan on k_5  (cost=0.00..5.43 rows=100 width=0)
	        Index Cond: ((k >= 1120689) AND (k <= 1120789))

table 6 : explain SELECT k, c FROM sbtest6 WHERE k BETWEEN 1120689 AND 1120789
	Bitmap Heap Scan on sbtest6  (cost=5.46..401.19 rows=100 width=125)
	  Recheck Cond: ((k >= 1120689) AND (k <= 1120789))
	  ->  Bitmap Index Scan on k_6  (cost=0.00..5.43 rows=100 width=0)
	        Index Cond: ((k >= 1120689) AND (k <= 1120789))

table 7 : explain SELECT k, c FROM sbtest7 WHERE k BETWEEN 1120689 AND 1120789
	Bitmap Heap Scan on sbtest7  (cost=5.49..413.00 rows=103 width=125)
	  Recheck Cond: ((k >= 1120689) AND (k <= 1120789))
	  ->  Bitmap Index Scan on k_7  (cost=0.00..5.46 rows=103 width=0)
	        Index Cond: ((k >= 1120689) AND (k <= 1120789))

table 8 : explain SELECT k, c FROM sbtest8 WHERE k BETWEEN 1120689 AND 1120789
	Bitmap Heap Scan on sbtest8  (cost=5.55..436.62 rows=109 width=125)
	  Recheck Cond: ((k >= 1120689) AND (k <= 1120789))
	  ->  Bitmap Index Scan on k_8  (cost=0.00..5.52 rows=109 width=0)
	        Index Cond: ((k >= 1120689) AND (k <= 1120789))

explain: for range-notcovered :: explain SELECT k, c FROM sbtest%d WHERE k BETWEEN 6128665 AND 6128765
explain: for range-notcovered :: explain SELECT k, c FROM sbtest%d WHERE k BETWEEN 1120689 AND 1120789
for range-notcovered
table 1 : explain SELECT k, c FROM sbtest1 WHERE k BETWEEN 8587133 AND 8587233
	Bitmap Heap Scan on sbtest1  (cost=5.49..413.00 rows=103 width=125)
	  Recheck Cond: ((k >= 8587133) AND (k <= 8587233))
	  ->  Bitmap Index Scan on k_1  (cost=0.00..5.46 rows=103 width=0)
	        Index Cond: ((k >= 8587133) AND (k <= 8587233))

table 2 : explain SELECT k, c FROM sbtest2 WHERE k BETWEEN 8587133 AND 8587233
	Bitmap Heap Scan on sbtest2  (cost=5.43..389.37 rows=97 width=125)
	  Recheck Cond: ((k >= 8587133) AND (k <= 8587233))
	  ->  Bitmap Index Scan on k_2  (cost=0.00..5.40 rows=97 width=0)
	        Index Cond: ((k >= 8587133) AND (k <= 8587233))

table 3 : explain SELECT k, c FROM sbtest3 WHERE k BETWEEN 8587133 AND 8587233
	Bitmap Heap Scan on sbtest3  (cost=5.42..385.43 rows=96 width=125)
	  Recheck Cond: ((k >= 8587133) AND (k <= 8587233))
	  ->  Bitmap Index Scan on k_3  (cost=0.00..5.39 rows=96 width=0)
	        Index Cond: ((k >= 8587133) AND (k <= 8587233))

table 4 : explain SELECT k, c FROM sbtest4 WHERE k BETWEEN 8587133 AND 8587233
	Bitmap Heap Scan on sbtest4  (cost=5.48..409.07 rows=102 width=125)
	  Recheck Cond: ((k >= 8587133) AND (k <= 8587233))
	  ->  Bitmap Index Scan on k_4  (cost=0.00..5.45 rows=102 width=0)
	        Index Cond: ((k >= 8587133) AND (k <= 8587233))

table 5 : explain SELECT k, c FROM sbtest5 WHERE k BETWEEN 8587133 AND 8587233
	Bitmap Heap Scan on sbtest5  (cost=5.40..377.55 rows=94 width=125)
	  Recheck Cond: ((k >= 8587133) AND (k <= 8587233))
	  ->  Bitmap Index Scan on k_5  (cost=0.00..5.38 rows=94 width=0)
	        Index Cond: ((k >= 8587133) AND (k <= 8587233))

table 6 : explain SELECT k, c FROM sbtest6 WHERE k BETWEEN 8587133 AND 8587233
	Bitmap Heap Scan on sbtest6  (cost=5.55..436.62 rows=109 width=125)
	  Recheck Cond: ((k >= 8587133) AND (k <= 8587233))
	  ->  Bitmap Index Scan on k_6  (cost=0.00..5.52 rows=109 width=0)
	        Index Cond: ((k >= 8587133) AND (k <= 8587233))

table 7 : explain SELECT k, c FROM sbtest7 WHERE k BETWEEN 8587133 AND 8587233
	Bitmap Heap Scan on sbtest7  (cost=5.51..420.88 rows=105 width=125)
	  Recheck Cond: ((k >= 8587133) AND (k <= 8587233))
	  ->  Bitmap Index Scan on k_7  (cost=0.00..5.48 rows=105 width=0)
	        Index Cond: ((k >= 8587133) AND (k <= 8587233))

table 8 : explain SELECT k, c FROM sbtest8 WHERE k BETWEEN 8587133 AND 8587233
	Bitmap Heap Scan on sbtest8  (cost=5.44..393.31 rows=98 width=125)
	  Recheck Cond: ((k >= 8587133) AND (k <= 8587233))
	  ->  Bitmap Index Scan on k_8  (cost=0.00..5.42 rows=98 width=0)
	        Index Cond: ((k >= 8587133) AND (k <= 8587233))

explain: for range-notcovered :: explain SELECT k, c FROM sbtest%d WHERE k BETWEEN 5670715 AND 5670815
for range-notcovered
table 1 : explain SELECT k, c FROM sbtest1 WHERE k BETWEEN 3147350 AND 3147450
	Bitmap Heap Scan on sbtest1  (cost=5.52..424.81 rows=106 width=125)
	  Recheck Cond: ((k >= 3147350) AND (k <= 3147450))
	  ->  Bitmap Index Scan on k_1  (cost=0.00..5.50 rows=106 width=0)
	        Index Cond: ((k >= 3147350) AND (k <= 3147450))

table 2 : explain SELECT k, c FROM sbtest2 WHERE k BETWEEN 3147350 AND 3147450
	Bitmap Heap Scan on sbtest2  (cost=5.54..432.69 rows=108 width=125)
	  Recheck Cond: ((k >= 3147350) AND (k <= 3147450))
	  ->  Bitmap Index Scan on k_2  (cost=0.00..5.51 rows=108 width=0)
	        Index Cond: ((k >= 3147350) AND (k <= 3147450))

table 3 : explain SELECT k, c FROM sbtest3 WHERE k BETWEEN 3147350 AND 3147450
	Bitmap Heap Scan on sbtest3  (cost=5.49..413.00 rows=103 width=125)
	  Recheck Cond: ((k >= 3147350) AND (k <= 3147450))
	  ->  Bitmap Index Scan on k_3  (cost=0.00..5.46 rows=103 width=0)
	        Index Cond: ((k >= 3147350) AND (k <= 3147450))

table 4 : explain SELECT k, c FROM sbtest4 WHERE k BETWEEN 3147350 AND 3147450
	Bitmap Heap Scan on sbtest4  (cost=5.38..369.67 rows=92 width=125)
	  Recheck Cond: ((k >= 3147350) AND (k <= 3147450))
	  ->  Bitmap Index Scan on k_4  (cost=0.00..5.35 rows=92 width=0)
	        Index Cond: ((k >= 3147350) AND (k <= 3147450))

table 5 : explain SELECT k, c FROM sbtest5 WHERE k BETWEEN 3147350 AND 3147450
	Bitmap Heap Scan on sbtest5  (cost=5.55..436.62 rows=109 width=125)
	  Recheck Cond: ((k >= 3147350) AND (k <= 3147450))
	  ->  Bitmap Index Scan on k_5  (cost=0.00..5.52 rows=109 width=0)
	        Index Cond: ((k >= 3147350) AND (k <= 3147450))

table 6 : explain SELECT k, c FROM sbtest6 WHERE k BETWEEN 3147350 AND 3147450
	Bitmap Heap Scan on sbtest6  (cost=5.48..409.07 rows=102 width=125)
	  Recheck Cond: ((k >= 3147350) AND (k <= 3147450))
	  ->  Bitmap Index Scan on k_6  (cost=0.00..5.45 rows=102 width=0)
	        Index Cond: ((k >= 3147350) AND (k <= 3147450))

table 7 : explain SELECT k, c FROM sbtest7 WHERE k BETWEEN 3147350 AND 3147450
	Bitmap Heap Scan on sbtest7  (cost=5.54..432.69 rows=108 width=125)
	  Recheck Cond: ((k >= 3147350) AND (k <= 3147450))
	  ->  Bitmap Index Scan on k_7  (cost=0.00..5.51 rows=108 width=0)
	        Index Cond: ((k >= 3147350) AND (k <= 3147450))

table 8 : explain SELECT k, c FROM sbtest8 WHERE k BETWEEN 3147350 AND 3147450
	Bitmap Heap Scan on sbtest8  (cost=5.51..420.88 rows=105 width=125)
	  Recheck Cond: ((k >= 3147350) AND (k <= 3147450))
	  ->  Bitmap Index Scan on k_8  (cost=0.00..5.48 rows=105 width=0)
	        Index Cond: ((k >= 3147350) AND (k <= 3147450))

for range-notcovered
table 1 : explain SELECT k, c FROM sbtest1 WHERE k BETWEEN 6170933 AND 6171033
	Bitmap Heap Scan on sbtest1  (cost=5.46..401.19 rows=100 width=125)
	  Recheck Cond: ((k >= 6170933) AND (k <= 6171033))
	  ->  Bitmap Index Scan on k_1  (cost=0.00..5.43 rows=100 width=0)
	        Index Cond: ((k >= 6170933) AND (k <= 6171033))

table 2 : explain SELECT k, c FROM sbtest2 WHERE k BETWEEN 6170933 AND 6171033
	Bitmap Heap Scan on sbtest2  (cost=5.48..409.07 rows=102 width=125)
	  Recheck Cond: ((k >= 6170933) AND (k <= 6171033))
	  ->  Bitmap Index Scan on k_2  (cost=0.00..5.45 rows=102 width=0)
	        Index Cond: ((k >= 6170933) AND (k <= 6171033))

table 3 : explain SELECT k, c FROM sbtest3 WHERE k BETWEEN 6170933 AND 6171033
	Bitmap Heap Scan on sbtest3  (cost=5.54..432.69 rows=108 width=125)
	  Recheck Cond: ((k >= 6170933) AND (k <= 6171033))
	  ->  Bitmap Index Scan on k_3  (cost=0.00..5.51 rows=108 width=0)
	        Index Cond: ((k >= 6170933) AND (k <= 6171033))

table 4 : explain SELECT k, c FROM sbtest4 WHERE k BETWEEN 6170933 AND 6171033
	Bitmap Heap Scan on sbtest4  (cost=5.54..432.69 rows=108 width=125)
	  Recheck Cond: ((k >= 6170933) AND (k <= 6171033))
	  ->  Bitmap Index Scan on k_4  (cost=0.00..5.51 rows=108 width=0)
	        Index Cond: ((k >= 6170933) AND (k <= 6171033))

table 5 : explain SELECT k, c FROM sbtest5 WHERE k BETWEEN 6170933 AND 6171033
	Bitmap Heap Scan on sbtest5  (cost=5.47..405.13 rows=101 width=125)
	  Recheck Cond: ((k >= 6170933) AND (k <= 6171033))
	  ->  Bitmap Index Scan on k_5  (cost=0.00..5.44 rows=101 width=0)
	        Index Cond: ((k >= 6170933) AND (k <= 6171033))

table 6 : explain SELECT k, c FROM sbtest6 WHERE k BETWEEN 6170933 AND 6171033
	Bitmap Heap Scan on sbtest6  (cost=5.45..397.25 rows=99 width=125)
	  Recheck Cond: ((k >= 6170933) AND (k <= 6171033))
	  ->  Bitmap Index Scan on k_6  (cost=0.00..5.42 rows=99 width=0)
	        Index Cond: ((k >= 6170933) AND (k <= 6171033))

table 7 : explain SELECT k, c FROM sbtest7 WHERE k BETWEEN 6170933 AND 6171033
	Bitmap Heap Scan on sbtest7  (cost=5.39..373.61 rows=93 width=125)
	  Recheck Cond: ((k >= 6170933) AND (k <= 6171033))
	  ->  Bitmap Index Scan on k_7  (cost=0.00..5.36 rows=93 width=0)
	        Index Cond: ((k >= 6170933) AND (k <= 6171033))

table 8 : explain SELECT k, c FROM sbtest8 WHERE k BETWEEN 6170933 AND 6171033
	Bitmap Heap Scan on sbtest8  (cost=5.46..401.19 rows=100 width=125)
	  Recheck Cond: ((k >= 6170933) AND (k <= 6171033))
	  ->  Bitmap Index Scan on k_8  (cost=0.00..5.43 rows=100 width=0)
	        Index Cond: ((k >= 6170933) AND (k <= 6171033))

explain: for range-notcovered :: explain SELECT k, c FROM sbtest%d WHERE k BETWEEN 8587133 AND 8587233
explain: for range-notcovered :: explain SELECT k, c FROM sbtest%d WHERE k BETWEEN 3147350 AND 3147450
explain: for range-notcovered :: explain SELECT k, c FROM sbtest%d WHERE k BETWEEN 6170933 AND 6171033
for range-notcovered
table 1 : explain SELECT k, c FROM sbtest1 WHERE k BETWEEN 2346235 AND 2346335
	Bitmap Heap Scan on sbtest1  (cost=5.45..397.25 rows=99 width=125)
	  Recheck Cond: ((k >= 2346235) AND (k <= 2346335))
	  ->  Bitmap Index Scan on k_1  (cost=0.00..5.42 rows=99 width=0)
	        Index Cond: ((k >= 2346235) AND (k <= 2346335))

table 2 : explain SELECT k, c FROM sbtest2 WHERE k BETWEEN 2346235 AND 2346335
	Bitmap Heap Scan on sbtest2  (cost=5.44..393.31 rows=98 width=125)
	  Recheck Cond: ((k >= 2346235) AND (k <= 2346335))
	  ->  Bitmap Index Scan on k_2  (cost=0.00..5.42 rows=98 width=0)
	        Index Cond: ((k >= 2346235) AND (k <= 2346335))

table 3 : explain SELECT k, c FROM sbtest3 WHERE k BETWEEN 2346235 AND 2346335
	Bitmap Heap Scan on sbtest3  (cost=5.41..381.49 rows=95 width=125)
	  Recheck Cond: ((k >= 2346235) AND (k <= 2346335))
	  ->  Bitmap Index Scan on k_3  (cost=0.00..5.38 rows=95 width=0)
	        Index Cond: ((k >= 2346235) AND (k <= 2346335))

table 4 : explain SELECT k, c FROM sbtest4 WHERE k BETWEEN 2346235 AND 2346335
	Bitmap Heap Scan on sbtest4  (cost=5.50..416.94 rows=104 width=125)
	  Recheck Cond: ((k >= 2346235) AND (k <= 2346335))
	  ->  Bitmap Index Scan on k_4  (cost=0.00..5.47 rows=104 width=0)
	        Index Cond: ((k >= 2346235) AND (k <= 2346335))

table 5 : explain SELECT k, c FROM sbtest5 WHERE k BETWEEN 2346235 AND 2346335
	Bitmap Heap Scan on sbtest5  (cost=5.46..401.19 rows=100 width=125)
	  Recheck Cond: ((k >= 2346235) AND (k <= 2346335))
	  ->  Bitmap Index Scan on k_5  (cost=0.00..5.43 rows=100 width=0)
	        Index Cond: ((k >= 2346235) AND (k <= 2346335))

table 6 : explain SELECT k, c FROM sbtest6 WHERE k BETWEEN 2346235 AND 2346335
	Bitmap Heap Scan on sbtest6  (cost=5.49..413.00 rows=103 width=125)
	  Recheck Cond: ((k >= 2346235) AND (k <= 2346335))
	  ->  Bitmap Index Scan on k_6  (cost=0.00..5.46 rows=103 width=0)
	        Index Cond: ((k >= 2346235) AND (k <= 2346335))

table 7 : explain SELECT k, c FROM sbtest7 WHERE k BETWEEN 2346235 AND 2346335
	Bitmap Heap Scan on sbtest7  (cost=5.54..432.69 rows=108 width=125)
	  Recheck Cond: ((k >= 2346235) AND (k <= 2346335))
	  ->  Bitmap Index Scan on k_7  (cost=0.00..5.51 rows=108 width=0)
	        Index Cond: ((k >= 2346235) AND (k <= 2346335))

table 8 : explain SELECT k, c FROM sbtest8 WHERE k BETWEEN 2346235 AND 2346335
	Bitmap Heap Scan on sbtest8  (cost=5.51..420.88 rows=105 width=125)
	  Recheck Cond: ((k >= 2346235) AND (k <= 2346335))
	  ->  Bitmap Index Scan on k_8  (cost=0.00..5.48 rows=105 width=0)
	        Index Cond: ((k >= 2346235) AND (k <= 2346335))

for range-notcovered
table 1 : explain SELECT k, c FROM sbtest1 WHERE k BETWEEN 7506364 AND 7506464
	Bitmap Heap Scan on sbtest1  (cost=5.44..393.31 rows=98 width=125)
	  Recheck Cond: ((k >= 7506364) AND (k <= 7506464))
	  ->  Bitmap Index Scan on k_1  (cost=0.00..5.42 rows=98 width=0)
	        Index Cond: ((k >= 7506364) AND (k <= 7506464))

table 2 : explain SELECT k, c FROM sbtest2 WHERE k BETWEEN 7506364 AND 7506464
	Bitmap Heap Scan on sbtest2  (cost=5.51..420.88 rows=105 width=125)
	  Recheck Cond: ((k >= 7506364) AND (k <= 7506464))
	  ->  Bitmap Index Scan on k_2  (cost=0.00..5.48 rows=105 width=0)
	        Index Cond: ((k >= 7506364) AND (k <= 7506464))

table 3 : explain SELECT k, c FROM sbtest3 WHERE k BETWEEN 7506364 AND 7506464
	Bitmap Heap Scan on sbtest3  (cost=5.44..393.31 rows=98 width=125)
	  Recheck Cond: ((k >= 7506364) AND (k <= 7506464))
	  ->  Bitmap Index Scan on k_3  (cost=0.00..5.42 rows=98 width=0)
	        Index Cond: ((k >= 7506364) AND (k <= 7506464))

table 4 : explain SELECT k, c FROM sbtest4 WHERE k BETWEEN 7506364 AND 7506464
	Bitmap Heap Scan on sbtest4  (cost=5.43..389.37 rows=97 width=125)
	  Recheck Cond: ((k >= 7506364) AND (k <= 7506464))
	  ->  Bitmap Index Scan on k_4  (cost=0.00..5.40 rows=97 width=0)
	        Index Cond: ((k >= 7506364) AND (k <= 7506464))

table 5 : explain SELECT k, c FROM sbtest5 WHERE k BETWEEN 7506364 AND 7506464
	Bitmap Heap Scan on sbtest5  (cost=5.46..401.19 rows=100 width=125)
	  Recheck Cond: ((k >= 7506364) AND (k <= 7506464))
	  ->  Bitmap Index Scan on k_5  (cost=0.00..5.43 rows=100 width=0)
	        Index Cond: ((k >= 7506364) AND (k <= 7506464))

table 6 : explain SELECT k, c FROM sbtest6 WHERE k BETWEEN 7506364 AND 7506464
	Bitmap Heap Scan on sbtest6  (cost=5.48..409.07 rows=102 width=125)
	  Recheck Cond: ((k >= 7506364) AND (k <= 7506464))
	  ->  Bitmap Index Scan on k_6  (cost=0.00..5.45 rows=102 width=0)
	        Index Cond: ((k >= 7506364) AND (k <= 7506464))

table 7 : explain SELECT k, c FROM sbtest7 WHERE k BETWEEN 7506364 AND 7506464
	Bitmap Heap Scan on sbtest7  (cost=5.54..432.69 rows=108 width=125)
	  Recheck Cond: ((k >= 7506364) AND (k <= 7506464))
	  ->  Bitmap Index Scan on k_7  (cost=0.00..5.51 rows=108 width=0)
	        Index Cond: ((k >= 7506364) AND (k <= 7506464))

table 8 : explain SELECT k, c FROM sbtest8 WHERE k BETWEEN 7506364 AND 7506464
	Bitmap Heap Scan on sbtest8  (cost=5.52..424.81 rows=106 width=125)
	  Recheck Cond: ((k >= 7506364) AND (k <= 7506464))
	  ->  Bitmap Index Scan on k_8  (cost=0.00..5.50 rows=106 width=0)
	        Index Cond: ((k >= 7506364) AND (k <= 7506464))

for range-notcovered
table 1 : explain SELECT k, c FROM sbtest1 WHERE k BETWEEN 8418716 AND 8418816
	Bitmap Heap Scan on sbtest1  (cost=5.51..420.88 rows=105 width=125)
	  Recheck Cond: ((k >= 8418716) AND (k <= 8418816))
	  ->  Bitmap Index Scan on k_1  (cost=0.00..5.48 rows=105 width=0)
	        Index Cond: ((k >= 8418716) AND (k <= 8418816))

table 2 : explain SELECT k, c FROM sbtest2 WHERE k BETWEEN 8418716 AND 8418816
	Bitmap Heap Scan on sbtest2  (cost=5.44..393.31 rows=98 width=125)
	  Recheck Cond: ((k >= 8418716) AND (k <= 8418816))
	  ->  Bitmap Index Scan on k_2  (cost=0.00..5.42 rows=98 width=0)
	        Index Cond: ((k >= 8418716) AND (k <= 8418816))

table 3 : explain SELECT k, c FROM sbtest3 WHERE k BETWEEN 8418716 AND 8418816
	Bitmap Heap Scan on sbtest3  (cost=5.44..393.31 rows=98 width=125)
	  Recheck Cond: ((k >= 8418716) AND (k <= 8418816))
	  ->  Bitmap Index Scan on k_3  (cost=0.00..5.42 rows=98 width=0)
	        Index Cond: ((k >= 8418716) AND (k <= 8418816))

table 4 : explain SELECT k, c FROM sbtest4 WHERE k BETWEEN 8418716 AND 8418816
	Bitmap Heap Scan on sbtest4  (cost=5.45..397.25 rows=99 width=125)
	  Recheck Cond: ((k >= 8418716) AND (k <= 8418816))
	  ->  Bitmap Index Scan on k_4  (cost=0.00..5.42 rows=99 width=0)
	        Index Cond: ((k >= 8418716) AND (k <= 8418816))

table 5 : explain SELECT k, c FROM sbtest5 WHERE k BETWEEN 8418716 AND 8418816
	Bitmap Heap Scan on sbtest5  (cost=5.40..377.55 rows=94 width=125)
	  Recheck Cond: ((k >= 8418716) AND (k <= 8418816))
	  ->  Bitmap Index Scan on k_5  (cost=0.00..5.38 rows=94 width=0)
	        Index Cond: ((k >= 8418716) AND (k <= 8418816))

table 6 : explain SELECT k, c FROM sbtest6 WHERE k BETWEEN 8418716 AND 8418816
	Bitmap Heap Scan on sbtest6  (cost=5.49..413.00 rows=103 width=125)
	  Recheck Cond: ((k >= 8418716) AND (k <= 8418816))
	  ->  Bitmap Index Scan on k_6  (cost=0.00..5.46 rows=103 width=0)
	        Index Cond: ((k >= 8418716) AND (k <= 8418816))

table 7 : explain SELECT k, c FROM sbtest7 WHERE k BETWEEN 8418716 AND 8418816
	Bitmap Heap Scan on sbtest7  (cost=5.44..393.31 rows=98 width=125)
	  Recheck Cond: ((k >= 8418716) AND (k <= 8418816))
	  ->  Bitmap Index Scan on k_7  (cost=0.00..5.42 rows=98 width=0)
	        Index Cond: ((k >= 8418716) AND (k <= 8418816))

table 8 : explain SELECT k, c FROM sbtest8 WHERE k BETWEEN 8418716 AND 8418816
	Bitmap Heap Scan on sbtest8  (cost=5.55..436.62 rows=109 width=125)
	  Recheck Cond: ((k >= 8418716) AND (k <= 8418816))
	  ->  Bitmap Index Scan on k_8  (cost=0.00..5.52 rows=109 width=0)
	        Index Cond: ((k >= 8418716) AND (k <= 8418816))

explain: for range-notcovered :: explain SELECT k, c FROM sbtest%d WHERE k BETWEEN 7506364 AND 7506464
for range-notcovered
table 1 : explain SELECT k, c FROM sbtest1 WHERE k BETWEEN 2225218 AND 2225318
	Bitmap Heap Scan on sbtest1  (cost=5.50..416.94 rows=104 width=125)
	  Recheck Cond: ((k >= 2225218) AND (k <= 2225318))
	  ->  Bitmap Index Scan on k_1  (cost=0.00..5.47 rows=104 width=0)
	        Index Cond: ((k >= 2225218) AND (k <= 2225318))

table 2 : explain SELECT k, c FROM sbtest2 WHERE k BETWEEN 2225218 AND 2225318
	Bitmap Heap Scan on sbtest2  (cost=5.48..409.07 rows=102 width=125)
	  Recheck Cond: ((k >= 2225218) AND (k <= 2225318))
	  ->  Bitmap Index Scan on k_2  (cost=0.00..5.45 rows=102 width=0)
	        Index Cond: ((k >= 2225218) AND (k <= 2225318))

table 3 : explain SELECT k, c FROM sbtest3 WHERE k BETWEEN 2225218 AND 2225318
	Bitmap Heap Scan on sbtest3  (cost=5.43..389.37 rows=97 width=125)
	  Recheck Cond: ((k >= 2225218) AND (k <= 2225318))
	  ->  Bitmap Index Scan on k_3  (cost=0.00..5.40 rows=97 width=0)
	        Index Cond: ((k >= 2225218) AND (k <= 2225318))

table 4 : explain SELECT k, c FROM sbtest4 WHERE k BETWEEN 2225218 AND 2225318
	Bitmap Heap Scan on sbtest4  (cost=5.49..413.00 rows=103 width=125)
	  Recheck Cond: ((k >= 2225218) AND (k <= 2225318))
	  ->  Bitmap Index Scan on k_4  (cost=0.00..5.46 rows=103 width=0)
	        Index Cond: ((k >= 2225218) AND (k <= 2225318))

table 5 : explain SELECT k, c FROM sbtest5 WHERE k BETWEEN 2225218 AND 2225318
	Bitmap Heap Scan on sbtest5  (cost=5.53..428.75 rows=107 width=125)
	  Recheck Cond: ((k >= 2225218) AND (k <= 2225318))
	  ->  Bitmap Index Scan on k_5  (cost=0.00..5.50 rows=107 width=0)
	        Index Cond: ((k >= 2225218) AND (k <= 2225318))

table 6 : explain SELECT k, c FROM sbtest6 WHERE k BETWEEN 2225218 AND 2225318
	Bitmap Heap Scan on sbtest6  (cost=5.49..413.00 rows=103 width=125)
	  Recheck Cond: ((k >= 2225218) AND (k <= 2225318))
	  ->  Bitmap Index Scan on k_6  (cost=0.00..5.46 rows=103 width=0)
	        Index Cond: ((k >= 2225218) AND (k <= 2225318))

table 7 : explain SELECT k, c FROM sbtest7 WHERE k BETWEEN 2225218 AND 2225318
	Bitmap Heap Scan on sbtest7  (cost=5.48..409.07 rows=102 width=125)
	  Recheck Cond: ((k >= 2225218) AND (k <= 2225318))
	  ->  Bitmap Index Scan on k_7  (cost=0.00..5.45 rows=102 width=0)
	        Index Cond: ((k >= 2225218) AND (k <= 2225318))

table 8 : explain SELECT k, c FROM sbtest8 WHERE k BETWEEN 2225218 AND 2225318
	Bitmap Heap Scan on sbtest8  (cost=5.50..416.94 rows=104 width=125)
	  Recheck Cond: ((k >= 2225218) AND (k <= 2225318))
	  ->  Bitmap Index Scan on k_8  (cost=0.00..5.47 rows=104 width=0)
	        Index Cond: ((k >= 2225218) AND (k <= 2225318))

explain: for range-notcovered :: explain SELECT k, c FROM sbtest%d WHERE k BETWEEN 8418716 AND 8418816
explain: for range-notcovered :: explain SELECT k, c FROM sbtest%d WHERE k BETWEEN 2346235 AND 2346335
for range-notcovered
table 1 : explain SELECT k, c FROM sbtest1 WHERE k BETWEEN 6128665 AND 6128765
	Bitmap Heap Scan on sbtest1  (cost=5.46..401.19 rows=100 width=125)
	  Recheck Cond: ((k >= 6128665) AND (k <= 6128765))
	  ->  Bitmap Index Scan on k_1  (cost=0.00..5.43 rows=100 width=0)
	        Index Cond: ((k >= 6128665) AND (k <= 6128765))

table 2 : explain SELECT k, c FROM sbtest2 WHERE k BETWEEN 6128665 AND 6128765
	Bitmap Heap Scan on sbtest2  (cost=5.46..401.19 rows=100 width=125)
	  Recheck Cond: ((k >= 6128665) AND (k <= 6128765))
	  ->  Bitmap Index Scan on k_2  (cost=0.00..5.43 rows=100 width=0)
	        Index Cond: ((k >= 6128665) AND (k <= 6128765))

table 3 : explain SELECT k, c FROM sbtest3 WHERE k BETWEEN 6128665 AND 6128765
	Bitmap Heap Scan on sbtest3  (cost=5.54..432.69 rows=108 width=125)
	  Recheck Cond: ((k >= 6128665) AND (k <= 6128765))
	  ->  Bitmap Index Scan on k_3  (cost=0.00..5.51 rows=108 width=0)
	        Index Cond: ((k >= 6128665) AND (k <= 6128765))

table 4 : explain SELECT k, c FROM sbtest4 WHERE k BETWEEN 6128665 AND 6128765
	Bitmap Heap Scan on sbtest4  (cost=5.54..432.69 rows=108 width=125)
	  Recheck Cond: ((k >= 6128665) AND (k <= 6128765))
	  ->  Bitmap Index Scan on k_4  (cost=0.00..5.51 rows=108 width=0)
	        Index Cond: ((k >= 6128665) AND (k <= 6128765))

table 5 : explain SELECT k, c FROM sbtest5 WHERE k BETWEEN 6128665 AND 6128765
	Bitmap Heap Scan on sbtest5  (cost=5.47..405.13 rows=101 width=125)
	  Recheck Cond: ((k >= 6128665) AND (k <= 6128765))
	  ->  Bitmap Index Scan on k_5  (cost=0.00..5.44 rows=101 width=0)
	        Index Cond: ((k >= 6128665) AND (k <= 6128765))

table 6 : explain SELECT k, c FROM sbtest6 WHERE k BETWEEN 6128665 AND 6128765
	Bitmap Heap Scan on sbtest6  (cost=5.49..413.00 rows=103 width=125)
	  Recheck Cond: ((k >= 6128665) AND (k <= 6128765))
	  ->  Bitmap Index Scan on k_6  (cost=0.00..5.46 rows=103 width=0)
	        Index Cond: ((k >= 6128665) AND (k <= 6128765))

table 7 : explain SELECT k, c FROM sbtest7 WHERE k BETWEEN 6128665 AND 6128765
	Bitmap Heap Scan on sbtest7  (cost=5.39..373.61 rows=93 width=125)
	  Recheck Cond: ((k >= 6128665) AND (k <= 6128765))
	  ->  Bitmap Index Scan on k_7  (cost=0.00..5.36 rows=93 width=0)
	        Index Cond: ((k >= 6128665) AND (k <= 6128765))

table 8 : explain SELECT k, c FROM sbtest8 WHERE k BETWEEN 6128665 AND 6128765
	Bitmap Heap Scan on sbtest8  (cost=5.46..401.19 rows=100 width=125)
	  Recheck Cond: ((k >= 6128665) AND (k <= 6128765))
	  ->  Bitmap Index Scan on k_8  (cost=0.00..5.43 rows=100 width=0)
	        Index Cond: ((k >= 6128665) AND (k <= 6128765))

for range-notcovered
table 1 : explain SELECT k, c FROM sbtest1 WHERE k BETWEEN 1120689 AND 1120789
	Bitmap Heap Scan on sbtest1  (cost=5.46..401.19 rows=100 width=125)
	  Recheck Cond: ((k >= 1120689) AND (k <= 1120789))
	  ->  Bitmap Index Scan on k_1  (cost=0.00..5.43 rows=100 width=0)
	        Index Cond: ((k >= 1120689) AND (k <= 1120789))

table 2 : explain SELECT k, c FROM sbtest2 WHERE k BETWEEN 1120689 AND 1120789
	Bitmap Heap Scan on sbtest2  (cost=5.37..365.72 rows=91 width=125)
	  Recheck Cond: ((k >= 1120689) AND (k <= 1120789))
	  ->  Bitmap Index Scan on k_2  (cost=0.00..5.34 rows=91 width=0)
	        Index Cond: ((k >= 1120689) AND (k <= 1120789))

table 3 : explain SELECT k, c FROM sbtest3 WHERE k BETWEEN 1120689 AND 1120789
	Bitmap Heap Scan on sbtest3  (cost=5.52..424.81 rows=106 width=125)
	  Recheck Cond: ((k >= 1120689) AND (k <= 1120789))
	  ->  Bitmap Index Scan on k_3  (cost=0.00..5.50 rows=106 width=0)
	        Index Cond: ((k >= 1120689) AND (k <= 1120789))

table 4 : explain SELECT k, c FROM sbtest4 WHERE k BETWEEN 1120689 AND 1120789
	Bitmap Heap Scan on sbtest4  (cost=5.49..413.00 rows=103 width=125)
	  Recheck Cond: ((k >= 1120689) AND (k <= 1120789))
	  ->  Bitmap Index Scan on k_4  (cost=0.00..5.46 rows=103 width=0)
	        Index Cond: ((k >= 1120689) AND (k <= 1120789))

table 5 : explain SELECT k, c FROM sbtest5 WHERE k BETWEEN 1120689 AND 1120789
	Bitmap Heap Scan on sbtest5  (cost=5.46..401.19 rows=100 width=125)
	  Recheck Cond: ((k >= 1120689) AND (k <= 1120789))
	  ->  Bitmap Index Scan on k_5  (cost=0.00..5.43 rows=100 width=0)
	        Index Cond: ((k >= 1120689) AND (k <= 1120789))

table 6 : explain SELECT k, c FROM sbtest6 WHERE k BETWEEN 1120689 AND 1120789
	Bitmap Heap Scan on sbtest6  (cost=5.46..401.19 rows=100 width=125)
	  Recheck Cond: ((k >= 1120689) AND (k <= 1120789))
	  ->  Bitmap Index Scan on k_6  (cost=0.00..5.43 rows=100 width=0)
	        Index Cond: ((k >= 1120689) AND (k <= 1120789))

table 7 : explain SELECT k, c FROM sbtest7 WHERE k BETWEEN 1120689 AND 1120789
	Bitmap Heap Scan on sbtest7  (cost=5.49..413.00 rows=103 width=125)
	  Recheck Cond: ((k >= 1120689) AND (k <= 1120789))
	  ->  Bitmap Index Scan on k_7  (cost=0.00..5.46 rows=103 width=0)
	        Index Cond: ((k >= 1120689) AND (k <= 1120789))

table 8 : explain SELECT k, c FROM sbtest8 WHERE k BETWEEN 1120689 AND 1120789
	Bitmap Heap Scan on sbtest8  (cost=5.55..436.62 rows=109 width=125)
	  Recheck Cond: ((k >= 1120689) AND (k <= 1120789))
	  ->  Bitmap Index Scan on k_8  (cost=0.00..5.52 rows=109 width=0)
	        Index Cond: ((k >= 1120689) AND (k <= 1120789))

explain: for range-notcovered :: explain SELECT k, c FROM sbtest%d WHERE k BETWEEN 6128665 AND 6128765
for range-notcovered
table 1 : explain SELECT k, c FROM sbtest1 WHERE k BETWEEN 3147350 AND 3147450
	Bitmap Heap Scan on sbtest1  (cost=5.52..424.81 rows=106 width=125)
	  Recheck Cond: ((k >= 3147350) AND (k <= 3147450))
	  ->  Bitmap Index Scan on k_1  (cost=0.00..5.50 rows=106 width=0)
	        Index Cond: ((k >= 3147350) AND (k <= 3147450))

table 2 : explain SELECT k, c FROM sbtest2 WHERE k BETWEEN 3147350 AND 3147450
	Bitmap Heap Scan on sbtest2  (cost=5.54..432.69 rows=108 width=125)
	  Recheck Cond: ((k >= 3147350) AND (k <= 3147450))
	  ->  Bitmap Index Scan on k_2  (cost=0.00..5.51 rows=108 width=0)
	        Index Cond: ((k >= 3147350) AND (k <= 3147450))

table 3 : explain SELECT k, c FROM sbtest3 WHERE k BETWEEN 3147350 AND 3147450
	Bitmap Heap Scan on sbtest3  (cost=5.49..413.00 rows=103 width=125)
	  Recheck Cond: ((k >= 3147350) AND (k <= 3147450))
	  ->  Bitmap Index Scan on k_3  (cost=0.00..5.46 rows=103 width=0)
	        Index Cond: ((k >= 3147350) AND (k <= 3147450))

table 4 : explain SELECT k, c FROM sbtest4 WHERE k BETWEEN 3147350 AND 3147450
	Bitmap Heap Scan on sbtest4  (cost=5.38..369.67 rows=92 width=125)
	  Recheck Cond: ((k >= 3147350) AND (k <= 3147450))
	  ->  Bitmap Index Scan on k_4  (cost=0.00..5.35 rows=92 width=0)
	        Index Cond: ((k >= 3147350) AND (k <= 3147450))

table 5 : explain SELECT k, c FROM sbtest5 WHERE k BETWEEN 3147350 AND 3147450
	Bitmap Heap Scan on sbtest5  (cost=5.55..436.62 rows=109 width=125)
	  Recheck Cond: ((k >= 3147350) AND (k <= 3147450))
	  ->  Bitmap Index Scan on k_5  (cost=0.00..5.52 rows=109 width=0)
	        Index Cond: ((k >= 3147350) AND (k <= 3147450))

table 6 : explain SELECT k, c FROM sbtest6 WHERE k BETWEEN 3147350 AND 3147450
	Bitmap Heap Scan on sbtest6  (cost=5.48..409.07 rows=102 width=125)
	  Recheck Cond: ((k >= 3147350) AND (k <= 3147450))
	  ->  Bitmap Index Scan on k_6  (cost=0.00..5.45 rows=102 width=0)
	        Index Cond: ((k >= 3147350) AND (k <= 3147450))

table 7 : explain SELECT k, c FROM sbtest7 WHERE k BETWEEN 3147350 AND 3147450
	Bitmap Heap Scan on sbtest7  (cost=5.54..432.69 rows=108 width=125)
	  Recheck Cond: ((k >= 3147350) AND (k <= 3147450))
	  ->  Bitmap Index Scan on k_7  (cost=0.00..5.51 rows=108 width=0)
	        Index Cond: ((k >= 3147350) AND (k <= 3147450))

table 8 : explain SELECT k, c FROM sbtest8 WHERE k BETWEEN 3147350 AND 3147450
	Bitmap Heap Scan on sbtest8  (cost=5.51..420.88 rows=105 width=125)
	  Recheck Cond: ((k >= 3147350) AND (k <= 3147450))
	  ->  Bitmap Index Scan on k_8  (cost=0.00..5.48 rows=105 width=0)
	        Index Cond: ((k >= 3147350) AND (k <= 3147450))

for range-notcovered
table 1 : explain SELECT k, c FROM sbtest1 WHERE k BETWEEN 5670715 AND 5670815
	Bitmap Heap Scan on sbtest1  (cost=5.53..428.75 rows=107 width=125)
	  Recheck Cond: ((k >= 5670715) AND (k <= 5670815))
	  ->  Bitmap Index Scan on k_1  (cost=0.00..5.50 rows=107 width=0)
	        Index Cond: ((k >= 5670715) AND (k <= 5670815))

table 2 : explain SELECT k, c FROM sbtest2 WHERE k BETWEEN 5670715 AND 5670815
	Bitmap Heap Scan on sbtest2  (cost=5.45..397.25 rows=99 width=125)
	  Recheck Cond: ((k >= 5670715) AND (k <= 5670815))
	  ->  Bitmap Index Scan on k_2  (cost=0.00..5.42 rows=99 width=0)
	        Index Cond: ((k >= 5670715) AND (k <= 5670815))

table 3 : explain SELECT k, c FROM sbtest3 WHERE k BETWEEN 5670715 AND 5670815
	Bitmap Heap Scan on sbtest3  (cost=5.44..393.31 rows=98 width=125)
	  Recheck Cond: ((k >= 5670715) AND (k <= 5670815))
	  ->  Bitmap Index Scan on k_3  (cost=0.00..5.42 rows=98 width=0)
	        Index Cond: ((k >= 5670715) AND (k <= 5670815))

table 4 : explain SELECT k, c FROM sbtest4 WHERE k BETWEEN 5670715 AND 5670815
	Bitmap Heap Scan on sbtest4  (cost=5.44..393.31 rows=98 width=125)
	  Recheck Cond: ((k >= 5670715) AND (k <= 5670815))
	  ->  Bitmap Index Scan on k_4  (cost=0.00..5.42 rows=98 width=0)
	        Index Cond: ((k >= 5670715) AND (k <= 5670815))

table 5 : explain SELECT k, c FROM sbtest5 WHERE k BETWEEN 5670715 AND 5670815
	Bitmap Heap Scan on sbtest5  (cost=5.47..405.13 rows=101 width=125)
	  Recheck Cond: ((k >= 5670715) AND (k <= 5670815))
	  ->  Bitmap Index Scan on k_5  (cost=0.00..5.44 rows=101 width=0)
	        Index Cond: ((k >= 5670715) AND (k <= 5670815))

table 6 : explain SELECT k, c FROM sbtest6 WHERE k BETWEEN 5670715 AND 5670815
	Bitmap Heap Scan on sbtest6  (cost=5.56..440.56 rows=110 width=125)
	  Recheck Cond: ((k >= 5670715) AND (k <= 5670815))
	  ->  Bitmap Index Scan on k_6  (cost=0.00..5.53 rows=110 width=0)
	        Index Cond: ((k >= 5670715) AND (k <= 5670815))

table 7 : explain SELECT k, c FROM sbtest7 WHERE k BETWEEN 5670715 AND 5670815
	Bitmap Heap Scan on sbtest7  (cost=5.42..385.43 rows=96 width=125)
	  Recheck Cond: ((k >= 5670715) AND (k <= 5670815))
	  ->  Bitmap Index Scan on k_7  (cost=0.00..5.39 rows=96 width=0)
	        Index Cond: ((k >= 5670715) AND (k <= 5670815))

table 8 : explain SELECT k, c FROM sbtest8 WHERE k BETWEEN 5670715 AND 5670815
	Bitmap Heap Scan on sbtest8  (cost=5.48..409.07 rows=102 width=125)
	  Recheck Cond: ((k >= 5670715) AND (k <= 5670815))
	  ->  Bitmap Index Scan on k_8  (cost=0.00..5.45 rows=102 width=0)
	        Index Cond: ((k >= 5670715) AND (k <= 5670815))

for range-notcovered
table 1 : explain SELECT k, c FROM sbtest1 WHERE k BETWEEN 6170933 AND 6171033
	Bitmap Heap Scan on sbtest1  (cost=5.46..401.19 rows=100 width=125)
	  Recheck Cond: ((k >= 6170933) AND (k <= 6171033))
	  ->  Bitmap Index Scan on k_1  (cost=0.00..5.43 rows=100 width=0)
	        Index Cond: ((k >= 6170933) AND (k <= 6171033))

table 2 : explain SELECT k, c FROM sbtest2 WHERE k BETWEEN 6170933 AND 6171033
	Bitmap Heap Scan on sbtest2  (cost=5.48..409.07 rows=102 width=125)
	  Recheck Cond: ((k >= 6170933) AND (k <= 6171033))
	  ->  Bitmap Index Scan on k_2  (cost=0.00..5.45 rows=102 width=0)
	        Index Cond: ((k >= 6170933) AND (k <= 6171033))

table 3 : explain SELECT k, c FROM sbtest3 WHERE k BETWEEN 6170933 AND 6171033
	Bitmap Heap Scan on sbtest3  (cost=5.54..432.69 rows=108 width=125)
	  Recheck Cond: ((k >= 6170933) AND (k <= 6171033))
	  ->  Bitmap Index Scan on k_3  (cost=0.00..5.51 rows=108 width=0)
	        Index Cond: ((k >= 6170933) AND (k <= 6171033))

table 4 : explain SELECT k, c FROM sbtest4 WHERE k BETWEEN 6170933 AND 6171033
	Bitmap Heap Scan on sbtest4  (cost=5.54..432.69 rows=108 width=125)
	  Recheck Cond: ((k >= 6170933) AND (k <= 6171033))
	  ->  Bitmap Index Scan on k_4  (cost=0.00..5.51 rows=108 width=0)
	        Index Cond: ((k >= 6170933) AND (k <= 6171033))

table 5 : explain SELECT k, c FROM sbtest5 WHERE k BETWEEN 6170933 AND 6171033
	Bitmap Heap Scan on sbtest5  (cost=5.47..405.13 rows=101 width=125)
	  Recheck Cond: ((k >= 6170933) AND (k <= 6171033))
	  ->  Bitmap Index Scan on k_5  (cost=0.00..5.44 rows=101 width=0)
	        Index Cond: ((k >= 6170933) AND (k <= 6171033))

table 6 : explain SELECT k, c FROM sbtest6 WHERE k BETWEEN 6170933 AND 6171033
	Bitmap Heap Scan on sbtest6  (cost=5.45..397.25 rows=99 width=125)
	  Recheck Cond: ((k >= 6170933) AND (k <= 6171033))
	  ->  Bitmap Index Scan on k_6  (cost=0.00..5.42 rows=99 width=0)
	        Index Cond: ((k >= 6170933) AND (k <= 6171033))

table 7 : explain SELECT k, c FROM sbtest7 WHERE k BETWEEN 6170933 AND 6171033
	Bitmap Heap Scan on sbtest7  (cost=5.39..373.61 rows=93 width=125)
	  Recheck Cond: ((k >= 6170933) AND (k <= 6171033))
	  ->  Bitmap Index Scan on k_7  (cost=0.00..5.36 rows=93 width=0)
	        Index Cond: ((k >= 6170933) AND (k <= 6171033))

table 8 : explain SELECT k, c FROM sbtest8 WHERE k BETWEEN 6170933 AND 6171033
	Bitmap Heap Scan on sbtest8  (cost=5.46..401.19 rows=100 width=125)
	  Recheck Cond: ((k >= 6170933) AND (k <= 6171033))
	  ->  Bitmap Index Scan on k_8  (cost=0.00..5.43 rows=100 width=0)
	        Index Cond: ((k >= 6170933) AND (k <= 6171033))

for range-notcovered
table 1 : explain SELECT k, c FROM sbtest1 WHERE k BETWEEN 8587133 AND 8587233
	Bitmap Heap Scan on sbtest1  (cost=5.49..413.00 rows=103 width=125)
	  Recheck Cond: ((k >= 8587133) AND (k <= 8587233))
	  ->  Bitmap Index Scan on k_1  (cost=0.00..5.46 rows=103 width=0)
	        Index Cond: ((k >= 8587133) AND (k <= 8587233))

table 2 : explain SELECT k, c FROM sbtest2 WHERE k BETWEEN 8587133 AND 8587233
	Bitmap Heap Scan on sbtest2  (cost=5.43..389.37 rows=97 width=125)
	  Recheck Cond: ((k >= 8587133) AND (k <= 8587233))
	  ->  Bitmap Index Scan on k_2  (cost=0.00..5.40 rows=97 width=0)
	        Index Cond: ((k >= 8587133) AND (k <= 8587233))

table 3 : explain SELECT k, c FROM sbtest3 WHERE k BETWEEN 8587133 AND 8587233
	Bitmap Heap Scan on sbtest3  (cost=5.42..385.43 rows=96 width=125)
	  Recheck Cond: ((k >= 8587133) AND (k <= 8587233))
	  ->  Bitmap Index Scan on k_3  (cost=0.00..5.39 rows=96 width=0)
	        Index Cond: ((k >= 8587133) AND (k <= 8587233))

table 4 : explain SELECT k, c FROM sbtest4 WHERE k BETWEEN 8587133 AND 8587233
	Bitmap Heap Scan on sbtest4  (cost=5.48..409.07 rows=102 width=125)
	  Recheck Cond: ((k >= 8587133) AND (k <= 8587233))
	  ->  Bitmap Index Scan on k_4  (cost=0.00..5.45 rows=102 width=0)
	        Index Cond: ((k >= 8587133) AND (k <= 8587233))

table 5 : explain SELECT k, c FROM sbtest5 WHERE k BETWEEN 8587133 AND 8587233
	Bitmap Heap Scan on sbtest5  (cost=5.40..377.55 rows=94 width=125)
	  Recheck Cond: ((k >= 8587133) AND (k <= 8587233))
	  ->  Bitmap Index Scan on k_5  (cost=0.00..5.38 rows=94 width=0)
	        Index Cond: ((k >= 8587133) AND (k <= 8587233))

table 6 : explain SELECT k, c FROM sbtest6 WHERE k BETWEEN 8587133 AND 8587233
	Bitmap Heap Scan on sbtest6  (cost=5.55..436.62 rows=109 width=125)
	  Recheck Cond: ((k >= 8587133) AND (k <= 8587233))
	  ->  Bitmap Index Scan on k_6  (cost=0.00..5.52 rows=109 width=0)
	        Index Cond: ((k >= 8587133) AND (k <= 8587233))

table 7 : explain SELECT k, c FROM sbtest7 WHERE k BETWEEN 8587133 AND 8587233
	Bitmap Heap Scan on sbtest7  (cost=5.51..420.88 rows=105 width=125)
	  Recheck Cond: ((k >= 8587133) AND (k <= 8587233))
	  ->  Bitmap Index Scan on k_7  (cost=0.00..5.48 rows=105 width=0)
	        Index Cond: ((k >= 8587133) AND (k <= 8587233))

table 8 : explain SELECT k, c FROM sbtest8 WHERE k BETWEEN 8587133 AND 8587233
	Bitmap Heap Scan on sbtest8  (cost=5.44..393.31 rows=98 width=125)
	  Recheck Cond: ((k >= 8587133) AND (k <= 8587233))
	  ->  Bitmap Index Scan on k_8  (cost=0.00..5.42 rows=98 width=0)
	        Index Cond: ((k >= 8587133) AND (k <= 8587233))

explain: for range-notcovered :: explain SELECT k, c FROM sbtest%d WHERE k BETWEEN 3147350 AND 3147450
explain: for range-notcovered :: explain SELECT k, c FROM sbtest%d WHERE k BETWEEN 6170933 AND 6171033
for range-notcovered
table 1 : explain SELECT k, c FROM sbtest1 WHERE k BETWEEN 7506364 AND 7506464
	Bitmap Heap Scan on sbtest1  (cost=5.44..393.31 rows=98 width=125)
	  Recheck Cond: ((k >= 7506364) AND (k <= 7506464))
	  ->  Bitmap Index Scan on k_1  (cost=0.00..5.42 rows=98 width=0)
	        Index Cond: ((k >= 7506364) AND (k <= 7506464))

table 2 : explain SELECT k, c FROM sbtest2 WHERE k BETWEEN 7506364 AND 7506464
	Bitmap Heap Scan on sbtest2  (cost=5.51..420.88 rows=105 width=125)
	  Recheck Cond: ((k >= 7506364) AND (k <= 7506464))
	  ->  Bitmap Index Scan on k_2  (cost=0.00..5.48 rows=105 width=0)
	        Index Cond: ((k >= 7506364) AND (k <= 7506464))

table 3 : explain SELECT k, c FROM sbtest3 WHERE k BETWEEN 7506364 AND 7506464
	Bitmap Heap Scan on sbtest3  (cost=5.44..393.31 rows=98 width=125)
	  Recheck Cond: ((k >= 7506364) AND (k <= 7506464))
	  ->  Bitmap Index Scan on k_3  (cost=0.00..5.42 rows=98 width=0)
	        Index Cond: ((k >= 7506364) AND (k <= 7506464))

table 4 : explain SELECT k, c FROM sbtest4 WHERE k BETWEEN 7506364 AND 7506464
	Bitmap Heap Scan on sbtest4  (cost=5.43..389.37 rows=97 width=125)
	  Recheck Cond: ((k >= 7506364) AND (k <= 7506464))
	  ->  Bitmap Index Scan on k_4  (cost=0.00..5.40 rows=97 width=0)
	        Index Cond: ((k >= 7506364) AND (k <= 7506464))

table 5 : explain SELECT k, c FROM sbtest5 WHERE k BETWEEN 7506364 AND 7506464
	Bitmap Heap Scan on sbtest5  (cost=5.46..401.19 rows=100 width=125)
	  Recheck Cond: ((k >= 7506364) AND (k <= 7506464))
	  ->  Bitmap Index Scan on k_5  (cost=0.00..5.43 rows=100 width=0)
	        Index Cond: ((k >= 7506364) AND (k <= 7506464))

table 6 : explain SELECT k, c FROM sbtest6 WHERE k BETWEEN 7506364 AND 7506464
	Bitmap Heap Scan on sbtest6  (cost=5.48..409.07 rows=102 width=125)
	  Recheck Cond: ((k >= 7506364) AND (k <= 7506464))
	  ->  Bitmap Index Scan on k_6  (cost=0.00..5.45 rows=102 width=0)
	        Index Cond: ((k >= 7506364) AND (k <= 7506464))

table 7 : explain SELECT k, c FROM sbtest7 WHERE k BETWEEN 7506364 AND 7506464
	Bitmap Heap Scan on sbtest7  (cost=5.54..432.69 rows=108 width=125)
	  Recheck Cond: ((k >= 7506364) AND (k <= 7506464))
	  ->  Bitmap Index Scan on k_7  (cost=0.00..5.51 rows=108 width=0)
	        Index Cond: ((k >= 7506364) AND (k <= 7506464))

table 8 : explain SELECT k, c FROM sbtest8 WHERE k BETWEEN 7506364 AND 7506464
	Bitmap Heap Scan on sbtest8  (cost=5.52..424.81 rows=106 width=125)
	  Recheck Cond: ((k >= 7506364) AND (k <= 7506464))
	  ->  Bitmap Index Scan on k_8  (cost=0.00..5.50 rows=106 width=0)
	        Index Cond: ((k >= 7506364) AND (k <= 7506464))

for range-notcovered
table 1 : explain SELECT k, c FROM sbtest1 WHERE k BETWEEN 8418716 AND 8418816
	Bitmap Heap Scan on sbtest1  (cost=5.51..420.88 rows=105 width=125)
	  Recheck Cond: ((k >= 8418716) AND (k <= 8418816))
	  ->  Bitmap Index Scan on k_1  (cost=0.00..5.48 rows=105 width=0)
	        Index Cond: ((k >= 8418716) AND (k <= 8418816))

table 2 : explain SELECT k, c FROM sbtest2 WHERE k BETWEEN 8418716 AND 8418816
	Bitmap Heap Scan on sbtest2  (cost=5.44..393.31 rows=98 width=125)
	  Recheck Cond: ((k >= 8418716) AND (k <= 8418816))
	  ->  Bitmap Index Scan on k_2  (cost=0.00..5.42 rows=98 width=0)
	        Index Cond: ((k >= 8418716) AND (k <= 8418816))

table 3 : explain SELECT k, c FROM sbtest3 WHERE k BETWEEN 8418716 AND 8418816
	Bitmap Heap Scan on sbtest3  (cost=5.44..393.31 rows=98 width=125)
	  Recheck Cond: ((k >= 8418716) AND (k <= 8418816))
	  ->  Bitmap Index Scan on k_3  (cost=0.00..5.42 rows=98 width=0)
	        Index Cond: ((k >= 8418716) AND (k <= 8418816))

table 4 : explain SELECT k, c FROM sbtest4 WHERE k BETWEEN 8418716 AND 8418816
	Bitmap Heap Scan on sbtest4  (cost=5.45..397.25 rows=99 width=125)
	  Recheck Cond: ((k >= 8418716) AND (k <= 8418816))
	  ->  Bitmap Index Scan on k_4  (cost=0.00..5.42 rows=99 width=0)
	        Index Cond: ((k >= 8418716) AND (k <= 8418816))

table 5 : explain SELECT k, c FROM sbtest5 WHERE k BETWEEN 8418716 AND 8418816
	Bitmap Heap Scan on sbtest5  (cost=5.40..377.55 rows=94 width=125)
	  Recheck Cond: ((k >= 8418716) AND (k <= 8418816))
	  ->  Bitmap Index Scan on k_5  (cost=0.00..5.38 rows=94 width=0)
	        Index Cond: ((k >= 8418716) AND (k <= 8418816))

table 6 : explain SELECT k, c FROM sbtest6 WHERE k BETWEEN 8418716 AND 8418816
	Bitmap Heap Scan on sbtest6  (cost=5.49..413.00 rows=103 width=125)
	  Recheck Cond: ((k >= 8418716) AND (k <= 8418816))
	  ->  Bitmap Index Scan on k_6  (cost=0.00..5.46 rows=103 width=0)
	        Index Cond: ((k >= 8418716) AND (k <= 8418816))

table 7 : explain SELECT k, c FROM sbtest7 WHERE k BETWEEN 8418716 AND 8418816
	Bitmap Heap Scan on sbtest7  (cost=5.44..393.31 rows=98 width=125)
	  Recheck Cond: ((k >= 8418716) AND (k <= 8418816))
	  ->  Bitmap Index Scan on k_7  (cost=0.00..5.42 rows=98 width=0)
	        Index Cond: ((k >= 8418716) AND (k <= 8418816))

table 8 : explain SELECT k, c FROM sbtest8 WHERE k BETWEEN 8418716 AND 8418816
	Bitmap Heap Scan on sbtest8  (cost=5.55..436.62 rows=109 width=125)
	  Recheck Cond: ((k >= 8418716) AND (k <= 8418816))
	  ->  Bitmap Index Scan on k_8  (cost=0.00..5.52 rows=109 width=0)
	        Index Cond: ((k >= 8418716) AND (k <= 8418816))

explain: for range-notcovered :: explain SELECT k, c FROM sbtest%d WHERE k BETWEEN 8587133 AND 8587233
explain: for range-notcovered :: explain SELECT k, c FROM sbtest%d WHERE k BETWEEN 7506364 AND 7506464
explain: for range-notcovered :: explain SELECT k, c FROM sbtest%d WHERE k BETWEEN 8418716 AND 8418816
for range-notcovered
table 1 : explain SELECT k, c FROM sbtest1 WHERE k BETWEEN 6128665 AND 6128765
	Bitmap Heap Scan on sbtest1  (cost=5.46..401.19 rows=100 width=125)
	  Recheck Cond: ((k >= 6128665) AND (k <= 6128765))
	  ->  Bitmap Index Scan on k_1  (cost=0.00..5.43 rows=100 width=0)
	        Index Cond: ((k >= 6128665) AND (k <= 6128765))

table 2 : explain SELECT k, c FROM sbtest2 WHERE k BETWEEN 6128665 AND 6128765
	Bitmap Heap Scan on sbtest2  (cost=5.46..401.19 rows=100 width=125)
	  Recheck Cond: ((k >= 6128665) AND (k <= 6128765))
	  ->  Bitmap Index Scan on k_2  (cost=0.00..5.43 rows=100 width=0)
	        Index Cond: ((k >= 6128665) AND (k <= 6128765))

table 3 : explain SELECT k, c FROM sbtest3 WHERE k BETWEEN 6128665 AND 6128765
	Bitmap Heap Scan on sbtest3  (cost=5.54..432.69 rows=108 width=125)
	  Recheck Cond: ((k >= 6128665) AND (k <= 6128765))
	  ->  Bitmap Index Scan on k_3  (cost=0.00..5.51 rows=108 width=0)
	        Index Cond: ((k >= 6128665) AND (k <= 6128765))

table 4 : explain SELECT k, c FROM sbtest4 WHERE k BETWEEN 6128665 AND 6128765
	Bitmap Heap Scan on sbtest4  (cost=5.54..432.69 rows=108 width=125)
	  Recheck Cond: ((k >= 6128665) AND (k <= 6128765))
	  ->  Bitmap Index Scan on k_4  (cost=0.00..5.51 rows=108 width=0)
	        Index Cond: ((k >= 6128665) AND (k <= 6128765))

table 5 : explain SELECT k, c FROM sbtest5 WHERE k BETWEEN 6128665 AND 6128765
	Bitmap Heap Scan on sbtest5  (cost=5.47..405.13 rows=101 width=125)
	  Recheck Cond: ((k >= 6128665) AND (k <= 6128765))
	  ->  Bitmap Index Scan on k_5  (cost=0.00..5.44 rows=101 width=0)
	        Index Cond: ((k >= 6128665) AND (k <= 6128765))

table 6 : explain SELECT k, c FROM sbtest6 WHERE k BETWEEN 6128665 AND 6128765
	Bitmap Heap Scan on sbtest6  (cost=5.49..413.00 rows=103 width=125)
	  Recheck Cond: ((k >= 6128665) AND (k <= 6128765))
	  ->  Bitmap Index Scan on k_6  (cost=0.00..5.46 rows=103 width=0)
	        Index Cond: ((k >= 6128665) AND (k <= 6128765))

table 7 : explain SELECT k, c FROM sbtest7 WHERE k BETWEEN 6128665 AND 6128765
	Bitmap Heap Scan on sbtest7  (cost=5.39..373.61 rows=93 width=125)
	  Recheck Cond: ((k >= 6128665) AND (k <= 6128765))
	  ->  Bitmap Index Scan on k_7  (cost=0.00..5.36 rows=93 width=0)
	        Index Cond: ((k >= 6128665) AND (k <= 6128765))

table 8 : explain SELECT k, c FROM sbtest8 WHERE k BETWEEN 6128665 AND 6128765
	Bitmap Heap Scan on sbtest8  (cost=5.46..401.19 rows=100 width=125)
	  Recheck Cond: ((k >= 6128665) AND (k <= 6128765))
	  ->  Bitmap Index Scan on k_8  (cost=0.00..5.43 rows=100 width=0)
	        Index Cond: ((k >= 6128665) AND (k <= 6128765))

for range-notcovered
table 1 : explain SELECT k, c FROM sbtest1 WHERE k BETWEEN 3147350 AND 3147450
	Bitmap Heap Scan on sbtest1  (cost=5.52..424.81 rows=106 width=125)
	  Recheck Cond: ((k >= 3147350) AND (k <= 3147450))
	  ->  Bitmap Index Scan on k_1  (cost=0.00..5.50 rows=106 width=0)
	        Index Cond: ((k >= 3147350) AND (k <= 3147450))

table 2 : explain SELECT k, c FROM sbtest2 WHERE k BETWEEN 3147350 AND 3147450
	Bitmap Heap Scan on sbtest2  (cost=5.54..432.69 rows=108 width=125)
	  Recheck Cond: ((k >= 3147350) AND (k <= 3147450))
	  ->  Bitmap Index Scan on k_2  (cost=0.00..5.51 rows=108 width=0)
	        Index Cond: ((k >= 3147350) AND (k <= 3147450))

table 3 : explain SELECT k, c FROM sbtest3 WHERE k BETWEEN 3147350 AND 3147450
	Bitmap Heap Scan on sbtest3  (cost=5.49..413.00 rows=103 width=125)
	  Recheck Cond: ((k >= 3147350) AND (k <= 3147450))
	  ->  Bitmap Index Scan on k_3  (cost=0.00..5.46 rows=103 width=0)
	        Index Cond: ((k >= 3147350) AND (k <= 3147450))

table 4 : explain SELECT k, c FROM sbtest4 WHERE k BETWEEN 3147350 AND 3147450
	Bitmap Heap Scan on sbtest4  (cost=5.38..369.67 rows=92 width=125)
	  Recheck Cond: ((k >= 3147350) AND (k <= 3147450))
	  ->  Bitmap Index Scan on k_4  (cost=0.00..5.35 rows=92 width=0)
	        Index Cond: ((k >= 3147350) AND (k <= 3147450))

table 5 : explain SELECT k, c FROM sbtest5 WHERE k BETWEEN 3147350 AND 3147450
	Bitmap Heap Scan on sbtest5  (cost=5.55..436.62 rows=109 width=125)
	  Recheck Cond: ((k >= 3147350) AND (k <= 3147450))
	  ->  Bitmap Index Scan on k_5  (cost=0.00..5.52 rows=109 width=0)
	        Index Cond: ((k >= 3147350) AND (k <= 3147450))

table 6 : explain SELECT k, c FROM sbtest6 WHERE k BETWEEN 3147350 AND 3147450
	Bitmap Heap Scan on sbtest6  (cost=5.48..409.07 rows=102 width=125)
	  Recheck Cond: ((k >= 3147350) AND (k <= 3147450))
	  ->  Bitmap Index Scan on k_6  (cost=0.00..5.45 rows=102 width=0)
	        Index Cond: ((k >= 3147350) AND (k <= 3147450))

table 7 : explain SELECT k, c FROM sbtest7 WHERE k BETWEEN 3147350 AND 3147450
	Bitmap Heap Scan on sbtest7  (cost=5.54..432.69 rows=108 width=125)
	  Recheck Cond: ((k >= 3147350) AND (k <= 3147450))
	  ->  Bitmap Index Scan on k_7  (cost=0.00..5.51 rows=108 width=0)
	        Index Cond: ((k >= 3147350) AND (k <= 3147450))

table 8 : explain SELECT k, c FROM sbtest8 WHERE k BETWEEN 3147350 AND 3147450
	Bitmap Heap Scan on sbtest8  (cost=5.51..420.88 rows=105 width=125)
	  Recheck Cond: ((k >= 3147350) AND (k <= 3147450))
	  ->  Bitmap Index Scan on k_8  (cost=0.00..5.48 rows=105 width=0)
	        Index Cond: ((k >= 3147350) AND (k <= 3147450))

for range-notcovered
table 1 : explain SELECT k, c FROM sbtest1 WHERE k BETWEEN 6170933 AND 6171033
	Bitmap Heap Scan on sbtest1  (cost=5.46..401.19 rows=100 width=125)
	  Recheck Cond: ((k >= 6170933) AND (k <= 6171033))
	  ->  Bitmap Index Scan on k_1  (cost=0.00..5.43 rows=100 width=0)
	        Index Cond: ((k >= 6170933) AND (k <= 6171033))

table 2 : explain SELECT k, c FROM sbtest2 WHERE k BETWEEN 6170933 AND 6171033
	Bitmap Heap Scan on sbtest2  (cost=5.48..409.07 rows=102 width=125)
	  Recheck Cond: ((k >= 6170933) AND (k <= 6171033))
	  ->  Bitmap Index Scan on k_2  (cost=0.00..5.45 rows=102 width=0)
	        Index Cond: ((k >= 6170933) AND (k <= 6171033))

table 3 : explain SELECT k, c FROM sbtest3 WHERE k BETWEEN 6170933 AND 6171033
	Bitmap Heap Scan on sbtest3  (cost=5.54..432.69 rows=108 width=125)
	  Recheck Cond: ((k >= 6170933) AND (k <= 6171033))
	  ->  Bitmap Index Scan on k_3  (cost=0.00..5.51 rows=108 width=0)
	        Index Cond: ((k >= 6170933) AND (k <= 6171033))

table 4 : explain SELECT k, c FROM sbtest4 WHERE k BETWEEN 6170933 AND 6171033
	Bitmap Heap Scan on sbtest4  (cost=5.54..432.69 rows=108 width=125)
	  Recheck Cond: ((k >= 6170933) AND (k <= 6171033))
	  ->  Bitmap Index Scan on k_4  (cost=0.00..5.51 rows=108 width=0)
	        Index Cond: ((k >= 6170933) AND (k <= 6171033))

table 5 : explain SELECT k, c FROM sbtest5 WHERE k BETWEEN 6170933 AND 6171033
	Bitmap Heap Scan on sbtest5  (cost=5.47..405.13 rows=101 width=125)
	  Recheck Cond: ((k >= 6170933) AND (k <= 6171033))
	  ->  Bitmap Index Scan on k_5  (cost=0.00..5.44 rows=101 width=0)
	        Index Cond: ((k >= 6170933) AND (k <= 6171033))

table 6 : explain SELECT k, c FROM sbtest6 WHERE k BETWEEN 6170933 AND 6171033
	Bitmap Heap Scan on sbtest6  (cost=5.45..397.25 rows=99 width=125)
	  Recheck Cond: ((k >= 6170933) AND (k <= 6171033))
	  ->  Bitmap Index Scan on k_6  (cost=0.00..5.42 rows=99 width=0)
	        Index Cond: ((k >= 6170933) AND (k <= 6171033))

table 7 : explain SELECT k, c FROM sbtest7 WHERE k BETWEEN 6170933 AND 6171033
	Bitmap Heap Scan on sbtest7  (cost=5.39..373.61 rows=93 width=125)
	  Recheck Cond: ((k >= 6170933) AND (k <= 6171033))
	  ->  Bitmap Index Scan on k_7  (cost=0.00..5.36 rows=93 width=0)
	        Index Cond: ((k >= 6170933) AND (k <= 6171033))

table 8 : explain SELECT k, c FROM sbtest8 WHERE k BETWEEN 6170933 AND 6171033
	Bitmap Heap Scan on sbtest8  (cost=5.46..401.19 rows=100 width=125)
	  Recheck Cond: ((k >= 6170933) AND (k <= 6171033))
	  ->  Bitmap Index Scan on k_8  (cost=0.00..5.43 rows=100 width=0)
	        Index Cond: ((k >= 6170933) AND (k <= 6171033))

explain: for range-notcovered :: explain SELECT k, c FROM sbtest%d WHERE k BETWEEN 6170933 AND 6171033
for range-notcovered
table 1 : explain SELECT k, c FROM sbtest1 WHERE k BETWEEN 2346235 AND 2346335
	Bitmap Heap Scan on sbtest1  (cost=5.45..397.25 rows=99 width=125)
	  Recheck Cond: ((k >= 2346235) AND (k <= 2346335))
	  ->  Bitmap Index Scan on k_1  (cost=0.00..5.42 rows=99 width=0)
	        Index Cond: ((k >= 2346235) AND (k <= 2346335))

table 2 : explain SELECT k, c FROM sbtest2 WHERE k BETWEEN 2346235 AND 2346335
	Bitmap Heap Scan on sbtest2  (cost=5.44..393.31 rows=98 width=125)
	  Recheck Cond: ((k >= 2346235) AND (k <= 2346335))
	  ->  Bitmap Index Scan on k_2  (cost=0.00..5.42 rows=98 width=0)
	        Index Cond: ((k >= 2346235) AND (k <= 2346335))

table 3 : explain SELECT k, c FROM sbtest3 WHERE k BETWEEN 2346235 AND 2346335
	Bitmap Heap Scan on sbtest3  (cost=5.41..381.49 rows=95 width=125)
	  Recheck Cond: ((k >= 2346235) AND (k <= 2346335))
	  ->  Bitmap Index Scan on k_3  (cost=0.00..5.38 rows=95 width=0)
	        Index Cond: ((k >= 2346235) AND (k <= 2346335))

table 4 : explain SELECT k, c FROM sbtest4 WHERE k BETWEEN 2346235 AND 2346335
	Bitmap Heap Scan on sbtest4  (cost=5.50..416.94 rows=104 width=125)
	  Recheck Cond: ((k >= 2346235) AND (k <= 2346335))
	  ->  Bitmap Index Scan on k_4  (cost=0.00..5.47 rows=104 width=0)
	        Index Cond: ((k >= 2346235) AND (k <= 2346335))

table 5 : explain SELECT k, c FROM sbtest5 WHERE k BETWEEN 2346235 AND 2346335
	Bitmap Heap Scan on sbtest5  (cost=5.46..401.19 rows=100 width=125)
	  Recheck Cond: ((k >= 2346235) AND (k <= 2346335))
	  ->  Bitmap Index Scan on k_5  (cost=0.00..5.43 rows=100 width=0)
	        Index Cond: ((k >= 2346235) AND (k <= 2346335))

table 6 : explain SELECT k, c FROM sbtest6 WHERE k BETWEEN 2346235 AND 2346335
	Bitmap Heap Scan on sbtest6  (cost=5.49..413.00 rows=103 width=125)
	  Recheck Cond: ((k >= 2346235) AND (k <= 2346335))
	  ->  Bitmap Index Scan on k_6  (cost=0.00..5.46 rows=103 width=0)
	        Index Cond: ((k >= 2346235) AND (k <= 2346335))

table 7 : explain SELECT k, c FROM sbtest7 WHERE k BETWEEN 2346235 AND 2346335
	Bitmap Heap Scan on sbtest7  (cost=5.54..432.69 rows=108 width=125)
	  Recheck Cond: ((k >= 2346235) AND (k <= 2346335))
	  ->  Bitmap Index Scan on k_7  (cost=0.00..5.51 rows=108 width=0)
	        Index Cond: ((k >= 2346235) AND (k <= 2346335))

table 8 : explain SELECT k, c FROM sbtest8 WHERE k BETWEEN 2346235 AND 2346335
	Bitmap Heap Scan on sbtest8  (cost=5.51..420.88 rows=105 width=125)
	  Recheck Cond: ((k >= 2346235) AND (k <= 2346335))
	  ->  Bitmap Index Scan on k_8  (cost=0.00..5.48 rows=105 width=0)
	        Index Cond: ((k >= 2346235) AND (k <= 2346335))

for range-notcovered
table 1 : explain SELECT k, c FROM sbtest1 WHERE k BETWEEN 8418716 AND 8418816
	Bitmap Heap Scan on sbtest1  (cost=5.51..420.88 rows=105 width=125)
	  Recheck Cond: ((k >= 8418716) AND (k <= 8418816))
	  ->  Bitmap Index Scan on k_1  (cost=0.00..5.48 rows=105 width=0)
	        Index Cond: ((k >= 8418716) AND (k <= 8418816))

table 2 : explain SELECT k, c FROM sbtest2 WHERE k BETWEEN 8418716 AND 8418816
	Bitmap Heap Scan on sbtest2  (cost=5.44..393.31 rows=98 width=125)
	  Recheck Cond: ((k >= 8418716) AND (k <= 8418816))
	  ->  Bitmap Index Scan on k_2  (cost=0.00..5.42 rows=98 width=0)
	        Index Cond: ((k >= 8418716) AND (k <= 8418816))

table 3 : explain SELECT k, c FROM sbtest3 WHERE k BETWEEN 8418716 AND 8418816
	Bitmap Heap Scan on sbtest3  (cost=5.44..393.31 rows=98 width=125)
	  Recheck Cond: ((k >= 8418716) AND (k <= 8418816))
	  ->  Bitmap Index Scan on k_3  (cost=0.00..5.42 rows=98 width=0)
	        Index Cond: ((k >= 8418716) AND (k <= 8418816))

table 4 : explain SELECT k, c FROM sbtest4 WHERE k BETWEEN 8418716 AND 8418816
	Bitmap Heap Scan on sbtest4  (cost=5.45..397.25 rows=99 width=125)
	  Recheck Cond: ((k >= 8418716) AND (k <= 8418816))
	  ->  Bitmap Index Scan on k_4  (cost=0.00..5.42 rows=99 width=0)
	        Index Cond: ((k >= 8418716) AND (k <= 8418816))

table 5 : explain SELECT k, c FROM sbtest5 WHERE k BETWEEN 8418716 AND 8418816
	Bitmap Heap Scan on sbtest5  (cost=5.40..377.55 rows=94 width=125)
	  Recheck Cond: ((k >= 8418716) AND (k <= 8418816))
	  ->  Bitmap Index Scan on k_5  (cost=0.00..5.38 rows=94 width=0)
	        Index Cond: ((k >= 8418716) AND (k <= 8418816))

table 6 : explain SELECT k, c FROM sbtest6 WHERE k BETWEEN 8418716 AND 8418816
	Bitmap Heap Scan on sbtest6  (cost=5.49..413.00 rows=103 width=125)
	  Recheck Cond: ((k >= 8418716) AND (k <= 8418816))
	  ->  Bitmap Index Scan on k_6  (cost=0.00..5.46 rows=103 width=0)
	        Index Cond: ((k >= 8418716) AND (k <= 8418816))

table 7 : explain SELECT k, c FROM sbtest7 WHERE k BETWEEN 8418716 AND 8418816
	Bitmap Heap Scan on sbtest7  (cost=5.44..393.31 rows=98 width=125)
	  Recheck Cond: ((k >= 8418716) AND (k <= 8418816))
	  ->  Bitmap Index Scan on k_7  (cost=0.00..5.42 rows=98 width=0)
	        Index Cond: ((k >= 8418716) AND (k <= 8418816))

table 8 : explain SELECT k, c FROM sbtest8 WHERE k BETWEEN 8418716 AND 8418816
	Bitmap Heap Scan on sbtest8  (cost=5.55..436.62 rows=109 width=125)
	  Recheck Cond: ((k >= 8418716) AND (k <= 8418816))
	  ->  Bitmap Index Scan on k_8  (cost=0.00..5.52 rows=109 width=0)
	        Index Cond: ((k >= 8418716) AND (k <= 8418816))

explain: for range-notcovered :: explain SELECT k, c FROM sbtest%d WHERE k BETWEEN 2346235 AND 2346335
for range-notcovered
table 1 : explain SELECT k, c FROM sbtest1 WHERE k BETWEEN 7506364 AND 7506464
	Bitmap Heap Scan on sbtest1  (cost=5.44..393.31 rows=98 width=125)
	  Recheck Cond: ((k >= 7506364) AND (k <= 7506464))
	  ->  Bitmap Index Scan on k_1  (cost=0.00..5.42 rows=98 width=0)
	        Index Cond: ((k >= 7506364) AND (k <= 7506464))

table 2 : explain SELECT k, c FROM sbtest2 WHERE k BETWEEN 7506364 AND 7506464
	Bitmap Heap Scan on sbtest2  (cost=5.51..420.88 rows=105 width=125)
	  Recheck Cond: ((k >= 7506364) AND (k <= 7506464))
	  ->  Bitmap Index Scan on k_2  (cost=0.00..5.48 rows=105 width=0)
	        Index Cond: ((k >= 7506364) AND (k <= 7506464))

table 3 : explain SELECT k, c FROM sbtest3 WHERE k BETWEEN 7506364 AND 7506464
	Bitmap Heap Scan on sbtest3  (cost=5.44..393.31 rows=98 width=125)
	  Recheck Cond: ((k >= 7506364) AND (k <= 7506464))
	  ->  Bitmap Index Scan on k_3  (cost=0.00..5.42 rows=98 width=0)
	        Index Cond: ((k >= 7506364) AND (k <= 7506464))

table 4 : explain SELECT k, c FROM sbtest4 WHERE k BETWEEN 7506364 AND 7506464
	Bitmap Heap Scan on sbtest4  (cost=5.43..389.37 rows=97 width=125)
	  Recheck Cond: ((k >= 7506364) AND (k <= 7506464))
	  ->  Bitmap Index Scan on k_4  (cost=0.00..5.40 rows=97 width=0)
	        Index Cond: ((k >= 7506364) AND (k <= 7506464))

table 5 : explain SELECT k, c FROM sbtest5 WHERE k BETWEEN 7506364 AND 7506464
	Bitmap Heap Scan on sbtest5  (cost=5.46..401.19 rows=100 width=125)
	  Recheck Cond: ((k >= 7506364) AND (k <= 7506464))
	  ->  Bitmap Index Scan on k_5  (cost=0.00..5.43 rows=100 width=0)
	        Index Cond: ((k >= 7506364) AND (k <= 7506464))

table 6 : explain SELECT k, c FROM sbtest6 WHERE k BETWEEN 7506364 AND 7506464
	Bitmap Heap Scan on sbtest6  (cost=5.48..409.07 rows=102 width=125)
	  Recheck Cond: ((k >= 7506364) AND (k <= 7506464))
	  ->  Bitmap Index Scan on k_6  (cost=0.00..5.45 rows=102 width=0)
	        Index Cond: ((k >= 7506364) AND (k <= 7506464))

table 7 : explain SELECT k, c FROM sbtest7 WHERE k BETWEEN 7506364 AND 7506464
	Bitmap Heap Scan on sbtest7  (cost=5.54..432.69 rows=108 width=125)
	  Recheck Cond: ((k >= 7506364) AND (k <= 7506464))
	  ->  Bitmap Index Scan on k_7  (cost=0.00..5.51 rows=108 width=0)
	        Index Cond: ((k >= 7506364) AND (k <= 7506464))

table 8 : explain SELECT k, c FROM sbtest8 WHERE k BETWEEN 7506364 AND 7506464
	Bitmap Heap Scan on sbtest8  (cost=5.52..424.81 rows=106 width=125)
	  Recheck Cond: ((k >= 7506364) AND (k <= 7506464))
	  ->  Bitmap Index Scan on k_8  (cost=0.00..5.50 rows=106 width=0)
	        Index Cond: ((k >= 7506364) AND (k <= 7506464))

explain: for range-notcovered :: explain SELECT k, c FROM sbtest%d WHERE k BETWEEN 8418716 AND 8418816
explain: for range-notcovered :: explain SELECT k, c FROM sbtest%d WHERE k BETWEEN 7506364 AND 7506464
for range-notcovered
table 1 : explain SELECT k, c FROM sbtest1 WHERE k BETWEEN 8587133 AND 8587233
	Bitmap Heap Scan on sbtest1  (cost=5.49..413.00 rows=103 width=125)
	  Recheck Cond: ((k >= 8587133) AND (k <= 8587233))
	  ->  Bitmap Index Scan on k_1  (cost=0.00..5.46 rows=103 width=0)
	        Index Cond: ((k >= 8587133) AND (k <= 8587233))

table 2 : explain SELECT k, c FROM sbtest2 WHERE k BETWEEN 8587133 AND 8587233
	Bitmap Heap Scan on sbtest2  (cost=5.43..389.37 rows=97 width=125)
	  Recheck Cond: ((k >= 8587133) AND (k <= 8587233))
	  ->  Bitmap Index Scan on k_2  (cost=0.00..5.40 rows=97 width=0)
	        Index Cond: ((k >= 8587133) AND (k <= 8587233))

table 3 : explain SELECT k, c FROM sbtest3 WHERE k BETWEEN 8587133 AND 8587233
	Bitmap Heap Scan on sbtest3  (cost=5.42..385.43 rows=96 width=125)
	  Recheck Cond: ((k >= 8587133) AND (k <= 8587233))
	  ->  Bitmap Index Scan on k_3  (cost=0.00..5.39 rows=96 width=0)
	        Index Cond: ((k >= 8587133) AND (k <= 8587233))

table 4 : explain SELECT k, c FROM sbtest4 WHERE k BETWEEN 8587133 AND 8587233
	Bitmap Heap Scan on sbtest4  (cost=5.48..409.07 rows=102 width=125)
	  Recheck Cond: ((k >= 8587133) AND (k <= 8587233))
	  ->  Bitmap Index Scan on k_4  (cost=0.00..5.45 rows=102 width=0)
	        Index Cond: ((k >= 8587133) AND (k <= 8587233))

table 5 : explain SELECT k, c FROM sbtest5 WHERE k BETWEEN 8587133 AND 8587233
	Bitmap Heap Scan on sbtest5  (cost=5.40..377.55 rows=94 width=125)
	  Recheck Cond: ((k >= 8587133) AND (k <= 8587233))
	  ->  Bitmap Index Scan on k_5  (cost=0.00..5.38 rows=94 width=0)
	        Index Cond: ((k >= 8587133) AND (k <= 8587233))

table 6 : explain SELECT k, c FROM sbtest6 WHERE k BETWEEN 8587133 AND 8587233
	Bitmap Heap Scan on sbtest6  (cost=5.55..436.62 rows=109 width=125)
	  Recheck Cond: ((k >= 8587133) AND (k <= 8587233))
	  ->  Bitmap Index Scan on k_6  (cost=0.00..5.52 rows=109 width=0)
	        Index Cond: ((k >= 8587133) AND (k <= 8587233))

table 7 : explain SELECT k, c FROM sbtest7 WHERE k BETWEEN 8587133 AND 8587233
	Bitmap Heap Scan on sbtest7  (cost=5.51..420.88 rows=105 width=125)
	  Recheck Cond: ((k >= 8587133) AND (k <= 8587233))
	  ->  Bitmap Index Scan on k_7  (cost=0.00..5.48 rows=105 width=0)
	        Index Cond: ((k >= 8587133) AND (k <= 8587233))

table 8 : explain SELECT k, c FROM sbtest8 WHERE k BETWEEN 8587133 AND 8587233
	Bitmap Heap Scan on sbtest8  (cost=5.44..393.31 rows=98 width=125)
	  Recheck Cond: ((k >= 8587133) AND (k <= 8587233))
	  ->  Bitmap Index Scan on k_8  (cost=0.00..5.42 rows=98 width=0)
	        Index Cond: ((k >= 8587133) AND (k <= 8587233))

explain: for range-notcovered :: explain SELECT k, c FROM sbtest%d WHERE k BETWEEN 8587133 AND 8587233
for range-notcovered
table 1 : explain SELECT k, c FROM sbtest1 WHERE k BETWEEN 6170933 AND 6171033
	Bitmap Heap Scan on sbtest1  (cost=5.46..401.19 rows=100 width=125)
	  Recheck Cond: ((k >= 6170933) AND (k <= 6171033))
	  ->  Bitmap Index Scan on k_1  (cost=0.00..5.43 rows=100 width=0)
	        Index Cond: ((k >= 6170933) AND (k <= 6171033))

table 2 : explain SELECT k, c FROM sbtest2 WHERE k BETWEEN 6170933 AND 6171033
	Bitmap Heap Scan on sbtest2  (cost=5.48..409.07 rows=102 width=125)
	  Recheck Cond: ((k >= 6170933) AND (k <= 6171033))
	  ->  Bitmap Index Scan on k_2  (cost=0.00..5.45 rows=102 width=0)
	        Index Cond: ((k >= 6170933) AND (k <= 6171033))

table 3 : explain SELECT k, c FROM sbtest3 WHERE k BETWEEN 6170933 AND 6171033
	Bitmap Heap Scan on sbtest3  (cost=5.54..432.69 rows=108 width=125)
	  Recheck Cond: ((k >= 6170933) AND (k <= 6171033))
	  ->  Bitmap Index Scan on k_3  (cost=0.00..5.51 rows=108 width=0)
	        Index Cond: ((k >= 6170933) AND (k <= 6171033))

table 4 : explain SELECT k, c FROM sbtest4 WHERE k BETWEEN 6170933 AND 6171033
	Bitmap Heap Scan on sbtest4  (cost=5.54..432.69 rows=108 width=125)
	  Recheck Cond: ((k >= 6170933) AND (k <= 6171033))
	  ->  Bitmap Index Scan on k_4  (cost=0.00..5.51 rows=108 width=0)
	        Index Cond: ((k >= 6170933) AND (k <= 6171033))

table 5 : explain SELECT k, c FROM sbtest5 WHERE k BETWEEN 6170933 AND 6171033
	Bitmap Heap Scan on sbtest5  (cost=5.47..405.13 rows=101 width=125)
	  Recheck Cond: ((k >= 6170933) AND (k <= 6171033))
	  ->  Bitmap Index Scan on k_5  (cost=0.00..5.44 rows=101 width=0)
	        Index Cond: ((k >= 6170933) AND (k <= 6171033))

table 6 : explain SELECT k, c FROM sbtest6 WHERE k BETWEEN 6170933 AND 6171033
	Bitmap Heap Scan on sbtest6  (cost=5.45..397.25 rows=99 width=125)
	  Recheck Cond: ((k >= 6170933) AND (k <= 6171033))
	  ->  Bitmap Index Scan on k_6  (cost=0.00..5.42 rows=99 width=0)
	        Index Cond: ((k >= 6170933) AND (k <= 6171033))

table 7 : explain SELECT k, c FROM sbtest7 WHERE k BETWEEN 6170933 AND 6171033
	Bitmap Heap Scan on sbtest7  (cost=5.39..373.61 rows=93 width=125)
	  Recheck Cond: ((k >= 6170933) AND (k <= 6171033))
	  ->  Bitmap Index Scan on k_7  (cost=0.00..5.36 rows=93 width=0)
	        Index Cond: ((k >= 6170933) AND (k <= 6171033))

table 8 : explain SELECT k, c FROM sbtest8 WHERE k BETWEEN 6170933 AND 6171033
	Bitmap Heap Scan on sbtest8  (cost=5.46..401.19 rows=100 width=125)
	  Recheck Cond: ((k >= 6170933) AND (k <= 6171033))
	  ->  Bitmap Index Scan on k_8  (cost=0.00..5.43 rows=100 width=0)
	        Index Cond: ((k >= 6170933) AND (k <= 6171033))

explain: for range-notcovered :: explain SELECT k, c FROM sbtest%d WHERE k BETWEEN 6170933 AND 6171033
for range-notcovered
table 1 : explain SELECT k, c FROM sbtest1 WHERE k BETWEEN 8418716 AND 8418816
	Bitmap Heap Scan on sbtest1  (cost=5.51..420.88 rows=105 width=125)
	  Recheck Cond: ((k >= 8418716) AND (k <= 8418816))
	  ->  Bitmap Index Scan on k_1  (cost=0.00..5.48 rows=105 width=0)
	        Index Cond: ((k >= 8418716) AND (k <= 8418816))

table 2 : explain SELECT k, c FROM sbtest2 WHERE k BETWEEN 8418716 AND 8418816
	Bitmap Heap Scan on sbtest2  (cost=5.44..393.31 rows=98 width=125)
	  Recheck Cond: ((k >= 8418716) AND (k <= 8418816))
	  ->  Bitmap Index Scan on k_2  (cost=0.00..5.42 rows=98 width=0)
	        Index Cond: ((k >= 8418716) AND (k <= 8418816))

table 3 : explain SELECT k, c FROM sbtest3 WHERE k BETWEEN 8418716 AND 8418816
	Bitmap Heap Scan on sbtest3  (cost=5.44..393.31 rows=98 width=125)
	  Recheck Cond: ((k >= 8418716) AND (k <= 8418816))
	  ->  Bitmap Index Scan on k_3  (cost=0.00..5.42 rows=98 width=0)
	        Index Cond: ((k >= 8418716) AND (k <= 8418816))

table 4 : explain SELECT k, c FROM sbtest4 WHERE k BETWEEN 8418716 AND 8418816
	Bitmap Heap Scan on sbtest4  (cost=5.45..397.25 rows=99 width=125)
	  Recheck Cond: ((k >= 8418716) AND (k <= 8418816))
	  ->  Bitmap Index Scan on k_4  (cost=0.00..5.42 rows=99 width=0)
	        Index Cond: ((k >= 8418716) AND (k <= 8418816))

table 5 : explain SELECT k, c FROM sbtest5 WHERE k BETWEEN 8418716 AND 8418816
	Bitmap Heap Scan on sbtest5  (cost=5.40..377.55 rows=94 width=125)
	  Recheck Cond: ((k >= 8418716) AND (k <= 8418816))
	  ->  Bitmap Index Scan on k_5  (cost=0.00..5.38 rows=94 width=0)
	        Index Cond: ((k >= 8418716) AND (k <= 8418816))

table 6 : explain SELECT k, c FROM sbtest6 WHERE k BETWEEN 8418716 AND 8418816
	Bitmap Heap Scan on sbtest6  (cost=5.49..413.00 rows=103 width=125)
	  Recheck Cond: ((k >= 8418716) AND (k <= 8418816))
	  ->  Bitmap Index Scan on k_6  (cost=0.00..5.46 rows=103 width=0)
	        Index Cond: ((k >= 8418716) AND (k <= 8418816))

table 7 : explain SELECT k, c FROM sbtest7 WHERE k BETWEEN 8418716 AND 8418816
	Bitmap Heap Scan on sbtest7  (cost=5.44..393.31 rows=98 width=125)
	  Recheck Cond: ((k >= 8418716) AND (k <= 8418816))
	  ->  Bitmap Index Scan on k_7  (cost=0.00..5.42 rows=98 width=0)
	        Index Cond: ((k >= 8418716) AND (k <= 8418816))

table 8 : explain SELECT k, c FROM sbtest8 WHERE k BETWEEN 8418716 AND 8418816
	Bitmap Heap Scan on sbtest8  (cost=5.55..436.62 rows=109 width=125)
	  Recheck Cond: ((k >= 8418716) AND (k <= 8418816))
	  ->  Bitmap Index Scan on k_8  (cost=0.00..5.52 rows=109 width=0)
	        Index Cond: ((k >= 8418716) AND (k <= 8418816))

for range-notcovered
table 1 : explain SELECT k, c FROM sbtest1 WHERE k BETWEEN 8587133 AND 8587233
	Bitmap Heap Scan on sbtest1  (cost=5.49..413.00 rows=103 width=125)
	  Recheck Cond: ((k >= 8587133) AND (k <= 8587233))
	  ->  Bitmap Index Scan on k_1  (cost=0.00..5.46 rows=103 width=0)
	        Index Cond: ((k >= 8587133) AND (k <= 8587233))

table 2 : explain SELECT k, c FROM sbtest2 WHERE k BETWEEN 8587133 AND 8587233
	Bitmap Heap Scan on sbtest2  (cost=5.43..389.37 rows=97 width=125)
	  Recheck Cond: ((k >= 8587133) AND (k <= 8587233))
	  ->  Bitmap Index Scan on k_2  (cost=0.00..5.40 rows=97 width=0)
	        Index Cond: ((k >= 8587133) AND (k <= 8587233))

table 3 : explain SELECT k, c FROM sbtest3 WHERE k BETWEEN 8587133 AND 8587233
	Bitmap Heap Scan on sbtest3  (cost=5.42..385.43 rows=96 width=125)
	  Recheck Cond: ((k >= 8587133) AND (k <= 8587233))
	  ->  Bitmap Index Scan on k_3  (cost=0.00..5.39 rows=96 width=0)
	        Index Cond: ((k >= 8587133) AND (k <= 8587233))

table 4 : explain SELECT k, c FROM sbtest4 WHERE k BETWEEN 8587133 AND 8587233
	Bitmap Heap Scan on sbtest4  (cost=5.48..409.07 rows=102 width=125)
	  Recheck Cond: ((k >= 8587133) AND (k <= 8587233))
	  ->  Bitmap Index Scan on k_4  (cost=0.00..5.45 rows=102 width=0)
	        Index Cond: ((k >= 8587133) AND (k <= 8587233))

table 5 : explain SELECT k, c FROM sbtest5 WHERE k BETWEEN 8587133 AND 8587233
	Bitmap Heap Scan on sbtest5  (cost=5.40..377.55 rows=94 width=125)
	  Recheck Cond: ((k >= 8587133) AND (k <= 8587233))
	  ->  Bitmap Index Scan on k_5  (cost=0.00..5.38 rows=94 width=0)
	        Index Cond: ((k >= 8587133) AND (k <= 8587233))

table 6 : explain SELECT k, c FROM sbtest6 WHERE k BETWEEN 8587133 AND 8587233
	Bitmap Heap Scan on sbtest6  (cost=5.55..436.62 rows=109 width=125)
	  Recheck Cond: ((k >= 8587133) AND (k <= 8587233))
	  ->  Bitmap Index Scan on k_6  (cost=0.00..5.52 rows=109 width=0)
	        Index Cond: ((k >= 8587133) AND (k <= 8587233))

table 7 : explain SELECT k, c FROM sbtest7 WHERE k BETWEEN 8587133 AND 8587233
	Bitmap Heap Scan on sbtest7  (cost=5.51..420.88 rows=105 width=125)
	  Recheck Cond: ((k >= 8587133) AND (k <= 8587233))
	  ->  Bitmap Index Scan on k_7  (cost=0.00..5.48 rows=105 width=0)
	        Index Cond: ((k >= 8587133) AND (k <= 8587233))

table 8 : explain SELECT k, c FROM sbtest8 WHERE k BETWEEN 8587133 AND 8587233
	Bitmap Heap Scan on sbtest8  (cost=5.44..393.31 rows=98 width=125)
	  Recheck Cond: ((k >= 8587133) AND (k <= 8587233))
	  ->  Bitmap Index Scan on k_8  (cost=0.00..5.42 rows=98 width=0)
	        Index Cond: ((k >= 8587133) AND (k <= 8587233))

for range-notcovered
table 1 : explain SELECT k, c FROM sbtest1 WHERE k BETWEEN 7506364 AND 7506464
	Bitmap Heap Scan on sbtest1  (cost=5.44..393.31 rows=98 width=125)
	  Recheck Cond: ((k >= 7506364) AND (k <= 7506464))
	  ->  Bitmap Index Scan on k_1  (cost=0.00..5.42 rows=98 width=0)
	        Index Cond: ((k >= 7506364) AND (k <= 7506464))

table 2 : explain SELECT k, c FROM sbtest2 WHERE k BETWEEN 7506364 AND 7506464
	Bitmap Heap Scan on sbtest2  (cost=5.51..420.88 rows=105 width=125)
	  Recheck Cond: ((k >= 7506364) AND (k <= 7506464))
	  ->  Bitmap Index Scan on k_2  (cost=0.00..5.48 rows=105 width=0)
	        Index Cond: ((k >= 7506364) AND (k <= 7506464))

table 3 : explain SELECT k, c FROM sbtest3 WHERE k BETWEEN 7506364 AND 7506464
	Bitmap Heap Scan on sbtest3  (cost=5.44..393.31 rows=98 width=125)
	  Recheck Cond: ((k >= 7506364) AND (k <= 7506464))
	  ->  Bitmap Index Scan on k_3  (cost=0.00..5.42 rows=98 width=0)
	        Index Cond: ((k >= 7506364) AND (k <= 7506464))

table 4 : explain SELECT k, c FROM sbtest4 WHERE k BETWEEN 7506364 AND 7506464
	Bitmap Heap Scan on sbtest4  (cost=5.43..389.37 rows=97 width=125)
	  Recheck Cond: ((k >= 7506364) AND (k <= 7506464))
	  ->  Bitmap Index Scan on k_4  (cost=0.00..5.40 rows=97 width=0)
	        Index Cond: ((k >= 7506364) AND (k <= 7506464))

table 5 : explain SELECT k, c FROM sbtest5 WHERE k BETWEEN 7506364 AND 7506464
	Bitmap Heap Scan on sbtest5  (cost=5.46..401.19 rows=100 width=125)
	  Recheck Cond: ((k >= 7506364) AND (k <= 7506464))
	  ->  Bitmap Index Scan on k_5  (cost=0.00..5.43 rows=100 width=0)
	        Index Cond: ((k >= 7506364) AND (k <= 7506464))

table 6 : explain SELECT k, c FROM sbtest6 WHERE k BETWEEN 7506364 AND 7506464
	Bitmap Heap Scan on sbtest6  (cost=5.48..409.07 rows=102 width=125)
	  Recheck Cond: ((k >= 7506364) AND (k <= 7506464))
	  ->  Bitmap Index Scan on k_6  (cost=0.00..5.45 rows=102 width=0)
	        Index Cond: ((k >= 7506364) AND (k <= 7506464))

table 7 : explain SELECT k, c FROM sbtest7 WHERE k BETWEEN 7506364 AND 7506464
	Bitmap Heap Scan on sbtest7  (cost=5.54..432.69 rows=108 width=125)
	  Recheck Cond: ((k >= 7506364) AND (k <= 7506464))
	  ->  Bitmap Index Scan on k_7  (cost=0.00..5.51 rows=108 width=0)
	        Index Cond: ((k >= 7506364) AND (k <= 7506464))

table 8 : explain SELECT k, c FROM sbtest8 WHERE k BETWEEN 7506364 AND 7506464
	Bitmap Heap Scan on sbtest8  (cost=5.52..424.81 rows=106 width=125)
	  Recheck Cond: ((k >= 7506364) AND (k <= 7506464))
	  ->  Bitmap Index Scan on k_8  (cost=0.00..5.50 rows=106 width=0)
	        Index Cond: ((k >= 7506364) AND (k <= 7506464))

for range-notcovered
table 1 : explain SELECT k, c FROM sbtest1 WHERE k BETWEEN 2346235 AND 2346335
	Bitmap Heap Scan on sbtest1  (cost=5.45..397.25 rows=99 width=125)
	  Recheck Cond: ((k >= 2346235) AND (k <= 2346335))
	  ->  Bitmap Index Scan on k_1  (cost=0.00..5.42 rows=99 width=0)
	        Index Cond: ((k >= 2346235) AND (k <= 2346335))

table 2 : explain SELECT k, c FROM sbtest2 WHERE k BETWEEN 2346235 AND 2346335
	Bitmap Heap Scan on sbtest2  (cost=5.44..393.31 rows=98 width=125)
	  Recheck Cond: ((k >= 2346235) AND (k <= 2346335))
	  ->  Bitmap Index Scan on k_2  (cost=0.00..5.42 rows=98 width=0)
	        Index Cond: ((k >= 2346235) AND (k <= 2346335))

table 3 : explain SELECT k, c FROM sbtest3 WHERE k BETWEEN 2346235 AND 2346335
	Bitmap Heap Scan on sbtest3  (cost=5.41..381.49 rows=95 width=125)
	  Recheck Cond: ((k >= 2346235) AND (k <= 2346335))
	  ->  Bitmap Index Scan on k_3  (cost=0.00..5.38 rows=95 width=0)
	        Index Cond: ((k >= 2346235) AND (k <= 2346335))

table 4 : explain SELECT k, c FROM sbtest4 WHERE k BETWEEN 2346235 AND 2346335
	Bitmap Heap Scan on sbtest4  (cost=5.50..416.94 rows=104 width=125)
	  Recheck Cond: ((k >= 2346235) AND (k <= 2346335))
	  ->  Bitmap Index Scan on k_4  (cost=0.00..5.47 rows=104 width=0)
	        Index Cond: ((k >= 2346235) AND (k <= 2346335))

table 5 : explain SELECT k, c FROM sbtest5 WHERE k BETWEEN 2346235 AND 2346335
	Bitmap Heap Scan on sbtest5  (cost=5.46..401.19 rows=100 width=125)
	  Recheck Cond: ((k >= 2346235) AND (k <= 2346335))
	  ->  Bitmap Index Scan on k_5  (cost=0.00..5.43 rows=100 width=0)
	        Index Cond: ((k >= 2346235) AND (k <= 2346335))

table 6 : explain SELECT k, c FROM sbtest6 WHERE k BETWEEN 2346235 AND 2346335
	Bitmap Heap Scan on sbtest6  (cost=5.49..413.00 rows=103 width=125)
	  Recheck Cond: ((k >= 2346235) AND (k <= 2346335))
	  ->  Bitmap Index Scan on k_6  (cost=0.00..5.46 rows=103 width=0)
	        Index Cond: ((k >= 2346235) AND (k <= 2346335))

table 7 : explain SELECT k, c FROM sbtest7 WHERE k BETWEEN 2346235 AND 2346335
	Bitmap Heap Scan on sbtest7  (cost=5.54..432.69 rows=108 width=125)
	  Recheck Cond: ((k >= 2346235) AND (k <= 2346335))
	  ->  Bitmap Index Scan on k_7  (cost=0.00..5.51 rows=108 width=0)
	        Index Cond: ((k >= 2346235) AND (k <= 2346335))

table 8 : explain SELECT k, c FROM sbtest8 WHERE k BETWEEN 2346235 AND 2346335
	Bitmap Heap Scan on sbtest8  (cost=5.51..420.88 rows=105 width=125)
	  Recheck Cond: ((k >= 2346235) AND (k <= 2346335))
	  ->  Bitmap Index Scan on k_8  (cost=0.00..5.48 rows=105 width=0)
	        Index Cond: ((k >= 2346235) AND (k <= 2346335))

explain: for range-notcovered :: explain SELECT k, c FROM sbtest%d WHERE k BETWEEN 8587133 AND 8587233
explain: for range-notcovered :: explain SELECT k, c FROM sbtest%d WHERE k BETWEEN 7506364 AND 7506464
explain: for range-notcovered :: explain SELECT k, c FROM sbtest%d WHERE k BETWEEN 2346235 AND 2346335
for range-notcovered
table 1 : explain SELECT k, c FROM sbtest1 WHERE k BETWEEN 6170933 AND 6171033
	Bitmap Heap Scan on sbtest1  (cost=5.46..401.19 rows=100 width=125)
	  Recheck Cond: ((k >= 6170933) AND (k <= 6171033))
	  ->  Bitmap Index Scan on k_1  (cost=0.00..5.43 rows=100 width=0)
	        Index Cond: ((k >= 6170933) AND (k <= 6171033))

table 2 : explain SELECT k, c FROM sbtest2 WHERE k BETWEEN 6170933 AND 6171033
	Bitmap Heap Scan on sbtest2  (cost=5.48..409.07 rows=102 width=125)
	  Recheck Cond: ((k >= 6170933) AND (k <= 6171033))
	  ->  Bitmap Index Scan on k_2  (cost=0.00..5.45 rows=102 width=0)
	        Index Cond: ((k >= 6170933) AND (k <= 6171033))

table 3 : explain SELECT k, c FROM sbtest3 WHERE k BETWEEN 6170933 AND 6171033
	Bitmap Heap Scan on sbtest3  (cost=5.54..432.69 rows=108 width=125)
	  Recheck Cond: ((k >= 6170933) AND (k <= 6171033))
	  ->  Bitmap Index Scan on k_3  (cost=0.00..5.51 rows=108 width=0)
	        Index Cond: ((k >= 6170933) AND (k <= 6171033))

table 4 : explain SELECT k, c FROM sbtest4 WHERE k BETWEEN 6170933 AND 6171033
	Bitmap Heap Scan on sbtest4  (cost=5.54..432.69 rows=108 width=125)
	  Recheck Cond: ((k >= 6170933) AND (k <= 6171033))
	  ->  Bitmap Index Scan on k_4  (cost=0.00..5.51 rows=108 width=0)
	        Index Cond: ((k >= 6170933) AND (k <= 6171033))

table 5 : explain SELECT k, c FROM sbtest5 WHERE k BETWEEN 6170933 AND 6171033
	Bitmap Heap Scan on sbtest5  (cost=5.47..405.13 rows=101 width=125)
	  Recheck Cond: ((k >= 6170933) AND (k <= 6171033))
	  ->  Bitmap Index Scan on k_5  (cost=0.00..5.44 rows=101 width=0)
	        Index Cond: ((k >= 6170933) AND (k <= 6171033))

table 6 : explain SELECT k, c FROM sbtest6 WHERE k BETWEEN 6170933 AND 6171033
	Bitmap Heap Scan on sbtest6  (cost=5.45..397.25 rows=99 width=125)
	  Recheck Cond: ((k >= 6170933) AND (k <= 6171033))
	  ->  Bitmap Index Scan on k_6  (cost=0.00..5.42 rows=99 width=0)
	        Index Cond: ((k >= 6170933) AND (k <= 6171033))

table 7 : explain SELECT k, c FROM sbtest7 WHERE k BETWEEN 6170933 AND 6171033
	Bitmap Heap Scan on sbtest7  (cost=5.39..373.61 rows=93 width=125)
	  Recheck Cond: ((k >= 6170933) AND (k <= 6171033))
	  ->  Bitmap Index Scan on k_7  (cost=0.00..5.36 rows=93 width=0)
	        Index Cond: ((k >= 6170933) AND (k <= 6171033))

table 8 : explain SELECT k, c FROM sbtest8 WHERE k BETWEEN 6170933 AND 6171033
	Bitmap Heap Scan on sbtest8  (cost=5.46..401.19 rows=100 width=125)
	  Recheck Cond: ((k >= 6170933) AND (k <= 6171033))
	  ->  Bitmap Index Scan on k_8  (cost=0.00..5.43 rows=100 width=0)
	        Index Cond: ((k >= 6170933) AND (k <= 6171033))

explain: for range-notcovered :: explain SELECT k, c FROM sbtest%d WHERE k BETWEEN 6170933 AND 6171033
for range-notcovered
table 1 : explain SELECT k, c FROM sbtest1 WHERE k BETWEEN 8587133 AND 8587233
	Bitmap Heap Scan on sbtest1  (cost=5.49..413.00 rows=103 width=125)
	  Recheck Cond: ((k >= 8587133) AND (k <= 8587233))
	  ->  Bitmap Index Scan on k_1  (cost=0.00..5.46 rows=103 width=0)
	        Index Cond: ((k >= 8587133) AND (k <= 8587233))

table 2 : explain SELECT k, c FROM sbtest2 WHERE k BETWEEN 8587133 AND 8587233
	Bitmap Heap Scan on sbtest2  (cost=5.43..389.37 rows=97 width=125)
	  Recheck Cond: ((k >= 8587133) AND (k <= 8587233))
	  ->  Bitmap Index Scan on k_2  (cost=0.00..5.40 rows=97 width=0)
	        Index Cond: ((k >= 8587133) AND (k <= 8587233))

table 3 : explain SELECT k, c FROM sbtest3 WHERE k BETWEEN 8587133 AND 8587233
	Bitmap Heap Scan on sbtest3  (cost=5.42..385.43 rows=96 width=125)
	  Recheck Cond: ((k >= 8587133) AND (k <= 8587233))
	  ->  Bitmap Index Scan on k_3  (cost=0.00..5.39 rows=96 width=0)
	        Index Cond: ((k >= 8587133) AND (k <= 8587233))

table 4 : explain SELECT k, c FROM sbtest4 WHERE k BETWEEN 8587133 AND 8587233
	Bitmap Heap Scan on sbtest4  (cost=5.48..409.07 rows=102 width=125)
	  Recheck Cond: ((k >= 8587133) AND (k <= 8587233))
	  ->  Bitmap Index Scan on k_4  (cost=0.00..5.45 rows=102 width=0)
	        Index Cond: ((k >= 8587133) AND (k <= 8587233))

table 5 : explain SELECT k, c FROM sbtest5 WHERE k BETWEEN 8587133 AND 8587233
	Bitmap Heap Scan on sbtest5  (cost=5.40..377.55 rows=94 width=125)
	  Recheck Cond: ((k >= 8587133) AND (k <= 8587233))
	  ->  Bitmap Index Scan on k_5  (cost=0.00..5.38 rows=94 width=0)
	        Index Cond: ((k >= 8587133) AND (k <= 8587233))

table 6 : explain SELECT k, c FROM sbtest6 WHERE k BETWEEN 8587133 AND 8587233
	Bitmap Heap Scan on sbtest6  (cost=5.55..436.62 rows=109 width=125)
	  Recheck Cond: ((k >= 8587133) AND (k <= 8587233))
	  ->  Bitmap Index Scan on k_6  (cost=0.00..5.52 rows=109 width=0)
	        Index Cond: ((k >= 8587133) AND (k <= 8587233))

table 7 : explain SELECT k, c FROM sbtest7 WHERE k BETWEEN 8587133 AND 8587233
	Bitmap Heap Scan on sbtest7  (cost=5.51..420.88 rows=105 width=125)
	  Recheck Cond: ((k >= 8587133) AND (k <= 8587233))
	  ->  Bitmap Index Scan on k_7  (cost=0.00..5.48 rows=105 width=0)
	        Index Cond: ((k >= 8587133) AND (k <= 8587233))

table 8 : explain SELECT k, c FROM sbtest8 WHERE k BETWEEN 8587133 AND 8587233
	Bitmap Heap Scan on sbtest8  (cost=5.44..393.31 rows=98 width=125)
	  Recheck Cond: ((k >= 8587133) AND (k <= 8587233))
	  ->  Bitmap Index Scan on k_8  (cost=0.00..5.42 rows=98 width=0)
	        Index Cond: ((k >= 8587133) AND (k <= 8587233))

for range-notcovered
table 1 : explain SELECT k, c FROM sbtest1 WHERE k BETWEEN 7506364 AND 7506464
	Bitmap Heap Scan on sbtest1  (cost=5.44..393.31 rows=98 width=125)
	  Recheck Cond: ((k >= 7506364) AND (k <= 7506464))
	  ->  Bitmap Index Scan on k_1  (cost=0.00..5.42 rows=98 width=0)
	        Index Cond: ((k >= 7506364) AND (k <= 7506464))

table 2 : explain SELECT k, c FROM sbtest2 WHERE k BETWEEN 7506364 AND 7506464
	Bitmap Heap Scan on sbtest2  (cost=5.51..420.88 rows=105 width=125)
	  Recheck Cond: ((k >= 7506364) AND (k <= 7506464))
	  ->  Bitmap Index Scan on k_2  (cost=0.00..5.48 rows=105 width=0)
	        Index Cond: ((k >= 7506364) AND (k <= 7506464))

table 3 : explain SELECT k, c FROM sbtest3 WHERE k BETWEEN 7506364 AND 7506464
	Bitmap Heap Scan on sbtest3  (cost=5.44..393.31 rows=98 width=125)
	  Recheck Cond: ((k >= 7506364) AND (k <= 7506464))
	  ->  Bitmap Index Scan on k_3  (cost=0.00..5.42 rows=98 width=0)
	        Index Cond: ((k >= 7506364) AND (k <= 7506464))

table 4 : explain SELECT k, c FROM sbtest4 WHERE k BETWEEN 7506364 AND 7506464
	Bitmap Heap Scan on sbtest4  (cost=5.43..389.37 rows=97 width=125)
	  Recheck Cond: ((k >= 7506364) AND (k <= 7506464))
	  ->  Bitmap Index Scan on k_4  (cost=0.00..5.40 rows=97 width=0)
	        Index Cond: ((k >= 7506364) AND (k <= 7506464))

table 5 : explain SELECT k, c FROM sbtest5 WHERE k BETWEEN 7506364 AND 7506464
	Bitmap Heap Scan on sbtest5  (cost=5.46..401.19 rows=100 width=125)
	  Recheck Cond: ((k >= 7506364) AND (k <= 7506464))
	  ->  Bitmap Index Scan on k_5  (cost=0.00..5.43 rows=100 width=0)
	        Index Cond: ((k >= 7506364) AND (k <= 7506464))

table 6 : explain SELECT k, c FROM sbtest6 WHERE k BETWEEN 7506364 AND 7506464
	Bitmap Heap Scan on sbtest6  (cost=5.48..409.07 rows=102 width=125)
	  Recheck Cond: ((k >= 7506364) AND (k <= 7506464))
	  ->  Bitmap Index Scan on k_6  (cost=0.00..5.45 rows=102 width=0)
	        Index Cond: ((k >= 7506364) AND (k <= 7506464))

table 7 : explain SELECT k, c FROM sbtest7 WHERE k BETWEEN 7506364 AND 7506464
	Bitmap Heap Scan on sbtest7  (cost=5.54..432.69 rows=108 width=125)
	  Recheck Cond: ((k >= 7506364) AND (k <= 7506464))
	  ->  Bitmap Index Scan on k_7  (cost=0.00..5.51 rows=108 width=0)
	        Index Cond: ((k >= 7506364) AND (k <= 7506464))

table 8 : explain SELECT k, c FROM sbtest8 WHERE k BETWEEN 7506364 AND 7506464
	Bitmap Heap Scan on sbtest8  (cost=5.52..424.81 rows=106 width=125)
	  Recheck Cond: ((k >= 7506364) AND (k <= 7506464))
	  ->  Bitmap Index Scan on k_8  (cost=0.00..5.50 rows=106 width=0)
	        Index Cond: ((k >= 7506364) AND (k <= 7506464))

explain: for range-notcovered :: explain SELECT k, c FROM sbtest%d WHERE k BETWEEN 8587133 AND 8587233
explain: for range-notcovered :: explain SELECT k, c FROM sbtest%d WHERE k BETWEEN 7506364 AND 7506464
for range-notcovered
table 1 : explain SELECT k, c FROM sbtest1 WHERE k BETWEEN 6170933 AND 6171033
	Bitmap Heap Scan on sbtest1  (cost=5.46..401.19 rows=100 width=125)
	  Recheck Cond: ((k >= 6170933) AND (k <= 6171033))
	  ->  Bitmap Index Scan on k_1  (cost=0.00..5.43 rows=100 width=0)
	        Index Cond: ((k >= 6170933) AND (k <= 6171033))

table 2 : explain SELECT k, c FROM sbtest2 WHERE k BETWEEN 6170933 AND 6171033
	Bitmap Heap Scan on sbtest2  (cost=5.48..409.07 rows=102 width=125)
	  Recheck Cond: ((k >= 6170933) AND (k <= 6171033))
	  ->  Bitmap Index Scan on k_2  (cost=0.00..5.45 rows=102 width=0)
	        Index Cond: ((k >= 6170933) AND (k <= 6171033))

table 3 : explain SELECT k, c FROM sbtest3 WHERE k BETWEEN 6170933 AND 6171033
	Bitmap Heap Scan on sbtest3  (cost=5.54..432.69 rows=108 width=125)
	  Recheck Cond: ((k >= 6170933) AND (k <= 6171033))
	  ->  Bitmap Index Scan on k_3  (cost=0.00..5.51 rows=108 width=0)
	        Index Cond: ((k >= 6170933) AND (k <= 6171033))

table 4 : explain SELECT k, c FROM sbtest4 WHERE k BETWEEN 6170933 AND 6171033
	Bitmap Heap Scan on sbtest4  (cost=5.54..432.69 rows=108 width=125)
	  Recheck Cond: ((k >= 6170933) AND (k <= 6171033))
	  ->  Bitmap Index Scan on k_4  (cost=0.00..5.51 rows=108 width=0)
	        Index Cond: ((k >= 6170933) AND (k <= 6171033))

table 5 : explain SELECT k, c FROM sbtest5 WHERE k BETWEEN 6170933 AND 6171033
	Bitmap Heap Scan on sbtest5  (cost=5.47..405.13 rows=101 width=125)
	  Recheck Cond: ((k >= 6170933) AND (k <= 6171033))
	  ->  Bitmap Index Scan on k_5  (cost=0.00..5.44 rows=101 width=0)
	        Index Cond: ((k >= 6170933) AND (k <= 6171033))

table 6 : explain SELECT k, c FROM sbtest6 WHERE k BETWEEN 6170933 AND 6171033
	Bitmap Heap Scan on sbtest6  (cost=5.45..397.25 rows=99 width=125)
	  Recheck Cond: ((k >= 6170933) AND (k <= 6171033))
	  ->  Bitmap Index Scan on k_6  (cost=0.00..5.42 rows=99 width=0)
	        Index Cond: ((k >= 6170933) AND (k <= 6171033))

table 7 : explain SELECT k, c FROM sbtest7 WHERE k BETWEEN 6170933 AND 6171033
	Bitmap Heap Scan on sbtest7  (cost=5.39..373.61 rows=93 width=125)
	  Recheck Cond: ((k >= 6170933) AND (k <= 6171033))
	  ->  Bitmap Index Scan on k_7  (cost=0.00..5.36 rows=93 width=0)
	        Index Cond: ((k >= 6170933) AND (k <= 6171033))

table 8 : explain SELECT k, c FROM sbtest8 WHERE k BETWEEN 6170933 AND 6171033
	Bitmap Heap Scan on sbtest8  (cost=5.46..401.19 rows=100 width=125)
	  Recheck Cond: ((k >= 6170933) AND (k <= 6171033))
	  ->  Bitmap Index Scan on k_8  (cost=0.00..5.43 rows=100 width=0)
	        Index Cond: ((k >= 6170933) AND (k <= 6171033))

explain: for range-notcovered :: explain SELECT k, c FROM sbtest%d WHERE k BETWEEN 3958098 AND 3958198
for range-notcovered
table 1 : explain SELECT k, c FROM sbtest1 WHERE k BETWEEN 2346235 AND 2346335
	Bitmap Heap Scan on sbtest1  (cost=5.45..397.25 rows=99 width=125)
	  Recheck Cond: ((k >= 2346235) AND (k <= 2346335))
	  ->  Bitmap Index Scan on k_1  (cost=0.00..5.42 rows=99 width=0)
	        Index Cond: ((k >= 2346235) AND (k <= 2346335))

table 2 : explain SELECT k, c FROM sbtest2 WHERE k BETWEEN 2346235 AND 2346335
	Bitmap Heap Scan on sbtest2  (cost=5.44..393.31 rows=98 width=125)
	  Recheck Cond: ((k >= 2346235) AND (k <= 2346335))
	  ->  Bitmap Index Scan on k_2  (cost=0.00..5.42 rows=98 width=0)
	        Index Cond: ((k >= 2346235) AND (k <= 2346335))

table 3 : explain SELECT k, c FROM sbtest3 WHERE k BETWEEN 2346235 AND 2346335
	Bitmap Heap Scan on sbtest3  (cost=5.41..381.49 rows=95 width=125)
	  Recheck Cond: ((k >= 2346235) AND (k <= 2346335))
	  ->  Bitmap Index Scan on k_3  (cost=0.00..5.38 rows=95 width=0)
	        Index Cond: ((k >= 2346235) AND (k <= 2346335))

table 4 : explain SELECT k, c FROM sbtest4 WHERE k BETWEEN 2346235 AND 2346335
	Bitmap Heap Scan on sbtest4  (cost=5.50..416.94 rows=104 width=125)
	  Recheck Cond: ((k >= 2346235) AND (k <= 2346335))
	  ->  Bitmap Index Scan on k_4  (cost=0.00..5.47 rows=104 width=0)
	        Index Cond: ((k >= 2346235) AND (k <= 2346335))

table 5 : explain SELECT k, c FROM sbtest5 WHERE k BETWEEN 2346235 AND 2346335
	Bitmap Heap Scan on sbtest5  (cost=5.46..401.19 rows=100 width=125)
	  Recheck Cond: ((k >= 2346235) AND (k <= 2346335))
	  ->  Bitmap Index Scan on k_5  (cost=0.00..5.43 rows=100 width=0)
	        Index Cond: ((k >= 2346235) AND (k <= 2346335))

table 6 : explain SELECT k, c FROM sbtest6 WHERE k BETWEEN 2346235 AND 2346335
	Bitmap Heap Scan on sbtest6  (cost=5.49..413.00 rows=103 width=125)
	  Recheck Cond: ((k >= 2346235) AND (k <= 2346335))
	  ->  Bitmap Index Scan on k_6  (cost=0.00..5.46 rows=103 width=0)
	        Index Cond: ((k >= 2346235) AND (k <= 2346335))

table 7 : explain SELECT k, c FROM sbtest7 WHERE k BETWEEN 2346235 AND 2346335
	Bitmap Heap Scan on sbtest7  (cost=5.54..432.69 rows=108 width=125)
	  Recheck Cond: ((k >= 2346235) AND (k <= 2346335))
	  ->  Bitmap Index Scan on k_7  (cost=0.00..5.51 rows=108 width=0)
	        Index Cond: ((k >= 2346235) AND (k <= 2346335))

table 8 : explain SELECT k, c FROM sbtest8 WHERE k BETWEEN 2346235 AND 2346335
	Bitmap Heap Scan on sbtest8  (cost=5.51..420.88 rows=105 width=125)
	  Recheck Cond: ((k >= 2346235) AND (k <= 2346335))
	  ->  Bitmap Index Scan on k_8  (cost=0.00..5.48 rows=105 width=0)
	        Index Cond: ((k >= 2346235) AND (k <= 2346335))

explain: for range-notcovered :: explain SELECT k, c FROM sbtest%d WHERE k BETWEEN 2346235 AND 2346335
for range-notcovered
table 1 : explain SELECT k, c FROM sbtest1 WHERE k BETWEEN 8587133 AND 8587233
	Bitmap Heap Scan on sbtest1  (cost=5.49..413.00 rows=103 width=125)
	  Recheck Cond: ((k >= 8587133) AND (k <= 8587233))
	  ->  Bitmap Index Scan on k_1  (cost=0.00..5.46 rows=103 width=0)
	        Index Cond: ((k >= 8587133) AND (k <= 8587233))

table 2 : explain SELECT k, c FROM sbtest2 WHERE k BETWEEN 8587133 AND 8587233
	Bitmap Heap Scan on sbtest2  (cost=5.43..389.37 rows=97 width=125)
	  Recheck Cond: ((k >= 8587133) AND (k <= 8587233))
	  ->  Bitmap Index Scan on k_2  (cost=0.00..5.40 rows=97 width=0)
	        Index Cond: ((k >= 8587133) AND (k <= 8587233))

table 3 : explain SELECT k, c FROM sbtest3 WHERE k BETWEEN 8587133 AND 8587233
	Bitmap Heap Scan on sbtest3  (cost=5.42..385.43 rows=96 width=125)
	  Recheck Cond: ((k >= 8587133) AND (k <= 8587233))
	  ->  Bitmap Index Scan on k_3  (cost=0.00..5.39 rows=96 width=0)
	        Index Cond: ((k >= 8587133) AND (k <= 8587233))

table 4 : explain SELECT k, c FROM sbtest4 WHERE k BETWEEN 8587133 AND 8587233
	Bitmap Heap Scan on sbtest4  (cost=5.48..409.07 rows=102 width=125)
	  Recheck Cond: ((k >= 8587133) AND (k <= 8587233))
	  ->  Bitmap Index Scan on k_4  (cost=0.00..5.45 rows=102 width=0)
	        Index Cond: ((k >= 8587133) AND (k <= 8587233))

table 5 : explain SELECT k, c FROM sbtest5 WHERE k BETWEEN 8587133 AND 8587233
	Bitmap Heap Scan on sbtest5  (cost=5.40..377.55 rows=94 width=125)
	  Recheck Cond: ((k >= 8587133) AND (k <= 8587233))
	  ->  Bitmap Index Scan on k_5  (cost=0.00..5.38 rows=94 width=0)
	        Index Cond: ((k >= 8587133) AND (k <= 8587233))

table 6 : explain SELECT k, c FROM sbtest6 WHERE k BETWEEN 8587133 AND 8587233
	Bitmap Heap Scan on sbtest6  (cost=5.55..436.62 rows=109 width=125)
	  Recheck Cond: ((k >= 8587133) AND (k <= 8587233))
	  ->  Bitmap Index Scan on k_6  (cost=0.00..5.52 rows=109 width=0)
	        Index Cond: ((k >= 8587133) AND (k <= 8587233))

table 7 : explain SELECT k, c FROM sbtest7 WHERE k BETWEEN 8587133 AND 8587233
	Bitmap Heap Scan on sbtest7  (cost=5.51..420.88 rows=105 width=125)
	  Recheck Cond: ((k >= 8587133) AND (k <= 8587233))
	  ->  Bitmap Index Scan on k_7  (cost=0.00..5.48 rows=105 width=0)
	        Index Cond: ((k >= 8587133) AND (k <= 8587233))

table 8 : explain SELECT k, c FROM sbtest8 WHERE k BETWEEN 8587133 AND 8587233
	Bitmap Heap Scan on sbtest8  (cost=5.44..393.31 rows=98 width=125)
	  Recheck Cond: ((k >= 8587133) AND (k <= 8587233))
	  ->  Bitmap Index Scan on k_8  (cost=0.00..5.42 rows=98 width=0)
	        Index Cond: ((k >= 8587133) AND (k <= 8587233))

for range-notcovered
table 1 : explain SELECT k, c FROM sbtest1 WHERE k BETWEEN 7506364 AND 7506464
	Bitmap Heap Scan on sbtest1  (cost=5.44..393.31 rows=98 width=125)
	  Recheck Cond: ((k >= 7506364) AND (k <= 7506464))
	  ->  Bitmap Index Scan on k_1  (cost=0.00..5.42 rows=98 width=0)
	        Index Cond: ((k >= 7506364) AND (k <= 7506464))

table 2 : explain SELECT k, c FROM sbtest2 WHERE k BETWEEN 7506364 AND 7506464
	Bitmap Heap Scan on sbtest2  (cost=5.51..420.88 rows=105 width=125)
	  Recheck Cond: ((k >= 7506364) AND (k <= 7506464))
	  ->  Bitmap Index Scan on k_2  (cost=0.00..5.48 rows=105 width=0)
	        Index Cond: ((k >= 7506364) AND (k <= 7506464))

table 3 : explain SELECT k, c FROM sbtest3 WHERE k BETWEEN 7506364 AND 7506464
	Bitmap Heap Scan on sbtest3  (cost=5.44..393.31 rows=98 width=125)
	  Recheck Cond: ((k >= 7506364) AND (k <= 7506464))
	  ->  Bitmap Index Scan on k_3  (cost=0.00..5.42 rows=98 width=0)
	        Index Cond: ((k >= 7506364) AND (k <= 7506464))

table 4 : explain SELECT k, c FROM sbtest4 WHERE k BETWEEN 7506364 AND 7506464
	Bitmap Heap Scan on sbtest4  (cost=5.43..389.37 rows=97 width=125)
	  Recheck Cond: ((k >= 7506364) AND (k <= 7506464))
	  ->  Bitmap Index Scan on k_4  (cost=0.00..5.40 rows=97 width=0)
	        Index Cond: ((k >= 7506364) AND (k <= 7506464))

table 5 : explain SELECT k, c FROM sbtest5 WHERE k BETWEEN 7506364 AND 7506464
	Bitmap Heap Scan on sbtest5  (cost=5.46..401.19 rows=100 width=125)
	  Recheck Cond: ((k >= 7506364) AND (k <= 7506464))
	  ->  Bitmap Index Scan on k_5  (cost=0.00..5.43 rows=100 width=0)
	        Index Cond: ((k >= 7506364) AND (k <= 7506464))

table 6 : explain SELECT k, c FROM sbtest6 WHERE k BETWEEN 7506364 AND 7506464
	Bitmap Heap Scan on sbtest6  (cost=5.48..409.07 rows=102 width=125)
	  Recheck Cond: ((k >= 7506364) AND (k <= 7506464))
	  ->  Bitmap Index Scan on k_6  (cost=0.00..5.45 rows=102 width=0)
	        Index Cond: ((k >= 7506364) AND (k <= 7506464))

table 7 : explain SELECT k, c FROM sbtest7 WHERE k BETWEEN 7506364 AND 7506464
	Bitmap Heap Scan on sbtest7  (cost=5.54..432.69 rows=108 width=125)
	  Recheck Cond: ((k >= 7506364) AND (k <= 7506464))
	  ->  Bitmap Index Scan on k_7  (cost=0.00..5.51 rows=108 width=0)
	        Index Cond: ((k >= 7506364) AND (k <= 7506464))

table 8 : explain SELECT k, c FROM sbtest8 WHERE k BETWEEN 7506364 AND 7506464
	Bitmap Heap Scan on sbtest8  (cost=5.52..424.81 rows=106 width=125)
	  Recheck Cond: ((k >= 7506364) AND (k <= 7506464))
	  ->  Bitmap Index Scan on k_8  (cost=0.00..5.50 rows=106 width=0)
	        Index Cond: ((k >= 7506364) AND (k <= 7506464))

for range-notcovered
table 1 : explain SELECT k, c FROM sbtest1 WHERE k BETWEEN 2346235 AND 2346335
	Bitmap Heap Scan on sbtest1  (cost=5.45..397.25 rows=99 width=125)
	  Recheck Cond: ((k >= 2346235) AND (k <= 2346335))
	  ->  Bitmap Index Scan on k_1  (cost=0.00..5.42 rows=99 width=0)
	        Index Cond: ((k >= 2346235) AND (k <= 2346335))

table 2 : explain SELECT k, c FROM sbtest2 WHERE k BETWEEN 2346235 AND 2346335
	Bitmap Heap Scan on sbtest2  (cost=5.44..393.31 rows=98 width=125)
	  Recheck Cond: ((k >= 2346235) AND (k <= 2346335))
	  ->  Bitmap Index Scan on k_2  (cost=0.00..5.42 rows=98 width=0)
	        Index Cond: ((k >= 2346235) AND (k <= 2346335))

table 3 : explain SELECT k, c FROM sbtest3 WHERE k BETWEEN 2346235 AND 2346335
	Bitmap Heap Scan on sbtest3  (cost=5.41..381.49 rows=95 width=125)
	  Recheck Cond: ((k >= 2346235) AND (k <= 2346335))
	  ->  Bitmap Index Scan on k_3  (cost=0.00..5.38 rows=95 width=0)
	        Index Cond: ((k >= 2346235) AND (k <= 2346335))

table 4 : explain SELECT k, c FROM sbtest4 WHERE k BETWEEN 2346235 AND 2346335
	Bitmap Heap Scan on sbtest4  (cost=5.50..416.94 rows=104 width=125)
	  Recheck Cond: ((k >= 2346235) AND (k <= 2346335))
	  ->  Bitmap Index Scan on k_4  (cost=0.00..5.47 rows=104 width=0)
	        Index Cond: ((k >= 2346235) AND (k <= 2346335))

table 5 : explain SELECT k, c FROM sbtest5 WHERE k BETWEEN 2346235 AND 2346335
	Bitmap Heap Scan on sbtest5  (cost=5.46..401.19 rows=100 width=125)
	  Recheck Cond: ((k >= 2346235) AND (k <= 2346335))
	  ->  Bitmap Index Scan on k_5  (cost=0.00..5.43 rows=100 width=0)
	        Index Cond: ((k >= 2346235) AND (k <= 2346335))

table 6 : explain SELECT k, c FROM sbtest6 WHERE k BETWEEN 2346235 AND 2346335
	Bitmap Heap Scan on sbtest6  (cost=5.49..413.00 rows=103 width=125)
	  Recheck Cond: ((k >= 2346235) AND (k <= 2346335))
	  ->  Bitmap Index Scan on k_6  (cost=0.00..5.46 rows=103 width=0)
	        Index Cond: ((k >= 2346235) AND (k <= 2346335))

table 7 : explain SELECT k, c FROM sbtest7 WHERE k BETWEEN 2346235 AND 2346335
	Bitmap Heap Scan on sbtest7  (cost=5.54..432.69 rows=108 width=125)
	  Recheck Cond: ((k >= 2346235) AND (k <= 2346335))
	  ->  Bitmap Index Scan on k_7  (cost=0.00..5.51 rows=108 width=0)
	        Index Cond: ((k >= 2346235) AND (k <= 2346335))

table 8 : explain SELECT k, c FROM sbtest8 WHERE k BETWEEN 2346235 AND 2346335
	Bitmap Heap Scan on sbtest8  (cost=5.51..420.88 rows=105 width=125)
	  Recheck Cond: ((k >= 2346235) AND (k <= 2346335))
	  ->  Bitmap Index Scan on k_8  (cost=0.00..5.48 rows=105 width=0)
	        Index Cond: ((k >= 2346235) AND (k <= 2346335))

explain: for range-notcovered :: explain SELECT k, c FROM sbtest%d WHERE k BETWEEN 2346235 AND 2346335
for range-notcovered
table 1 : explain SELECT k, c FROM sbtest1 WHERE k BETWEEN 2346235 AND 2346335
	Bitmap Heap Scan on sbtest1  (cost=5.45..397.25 rows=99 width=125)
	  Recheck Cond: ((k >= 2346235) AND (k <= 2346335))
	  ->  Bitmap Index Scan on k_1  (cost=0.00..5.42 rows=99 width=0)
	        Index Cond: ((k >= 2346235) AND (k <= 2346335))

table 2 : explain SELECT k, c FROM sbtest2 WHERE k BETWEEN 2346235 AND 2346335
	Bitmap Heap Scan on sbtest2  (cost=5.44..393.31 rows=98 width=125)
	  Recheck Cond: ((k >= 2346235) AND (k <= 2346335))
	  ->  Bitmap Index Scan on k_2  (cost=0.00..5.42 rows=98 width=0)
	        Index Cond: ((k >= 2346235) AND (k <= 2346335))

table 3 : explain SELECT k, c FROM sbtest3 WHERE k BETWEEN 2346235 AND 2346335
	Bitmap Heap Scan on sbtest3  (cost=5.41..381.49 rows=95 width=125)
	  Recheck Cond: ((k >= 2346235) AND (k <= 2346335))
	  ->  Bitmap Index Scan on k_3  (cost=0.00..5.38 rows=95 width=0)
	        Index Cond: ((k >= 2346235) AND (k <= 2346335))

table 4 : explain SELECT k, c FROM sbtest4 WHERE k BETWEEN 2346235 AND 2346335
	Bitmap Heap Scan on sbtest4  (cost=5.50..416.94 rows=104 width=125)
	  Recheck Cond: ((k >= 2346235) AND (k <= 2346335))
	  ->  Bitmap Index Scan on k_4  (cost=0.00..5.47 rows=104 width=0)
	        Index Cond: ((k >= 2346235) AND (k <= 2346335))

table 5 : explain SELECT k, c FROM sbtest5 WHERE k BETWEEN 2346235 AND 2346335
	Bitmap Heap Scan on sbtest5  (cost=5.46..401.19 rows=100 width=125)
	  Recheck Cond: ((k >= 2346235) AND (k <= 2346335))
	  ->  Bitmap Index Scan on k_5  (cost=0.00..5.43 rows=100 width=0)
	        Index Cond: ((k >= 2346235) AND (k <= 2346335))

table 6 : explain SELECT k, c FROM sbtest6 WHERE k BETWEEN 2346235 AND 2346335
	Bitmap Heap Scan on sbtest6  (cost=5.49..413.00 rows=103 width=125)
	  Recheck Cond: ((k >= 2346235) AND (k <= 2346335))
	  ->  Bitmap Index Scan on k_6  (cost=0.00..5.46 rows=103 width=0)
	        Index Cond: ((k >= 2346235) AND (k <= 2346335))

table 7 : explain SELECT k, c FROM sbtest7 WHERE k BETWEEN 2346235 AND 2346335
	Bitmap Heap Scan on sbtest7  (cost=5.54..432.69 rows=108 width=125)
	  Recheck Cond: ((k >= 2346235) AND (k <= 2346335))
	  ->  Bitmap Index Scan on k_7  (cost=0.00..5.51 rows=108 width=0)
	        Index Cond: ((k >= 2346235) AND (k <= 2346335))

table 8 : explain SELECT k, c FROM sbtest8 WHERE k BETWEEN 2346235 AND 2346335
	Bitmap Heap Scan on sbtest8  (cost=5.51..420.88 rows=105 width=125)
	  Recheck Cond: ((k >= 2346235) AND (k <= 2346335))
	  ->  Bitmap Index Scan on k_8  (cost=0.00..5.48 rows=105 width=0)
	        Index Cond: ((k >= 2346235) AND (k <= 2346335))

for range-notcovered
table 1 : explain SELECT k, c FROM sbtest1 WHERE k BETWEEN 3958098 AND 3958198
	Bitmap Heap Scan on sbtest1  (cost=5.48..409.07 rows=102 width=125)
	  Recheck Cond: ((k >= 3958098) AND (k <= 3958198))
	  ->  Bitmap Index Scan on k_1  (cost=0.00..5.45 rows=102 width=0)
	        Index Cond: ((k >= 3958098) AND (k <= 3958198))

table 2 : explain SELECT k, c FROM sbtest2 WHERE k BETWEEN 3958098 AND 3958198
	Bitmap Heap Scan on sbtest2  (cost=5.44..393.31 rows=98 width=125)
	  Recheck Cond: ((k >= 3958098) AND (k <= 3958198))
	  ->  Bitmap Index Scan on k_2  (cost=0.00..5.42 rows=98 width=0)
	        Index Cond: ((k >= 3958098) AND (k <= 3958198))

table 3 : explain SELECT k, c FROM sbtest3 WHERE k BETWEEN 3958098 AND 3958198
	Bitmap Heap Scan on sbtest3  (cost=5.43..389.37 rows=97 width=125)
	  Recheck Cond: ((k >= 3958098) AND (k <= 3958198))
	  ->  Bitmap Index Scan on k_3  (cost=0.00..5.40 rows=97 width=0)
	        Index Cond: ((k >= 3958098) AND (k <= 3958198))

table 4 : explain SELECT k, c FROM sbtest4 WHERE k BETWEEN 3958098 AND 3958198
	Bitmap Heap Scan on sbtest4  (cost=5.43..389.37 rows=97 width=125)
	  Recheck Cond: ((k >= 3958098) AND (k <= 3958198))
	  ->  Bitmap Index Scan on k_4  (cost=0.00..5.40 rows=97 width=0)
	        Index Cond: ((k >= 3958098) AND (k <= 3958198))

table 5 : explain SELECT k, c FROM sbtest5 WHERE k BETWEEN 3958098 AND 3958198
	Bitmap Heap Scan on sbtest5  (cost=5.44..393.31 rows=98 width=125)
	  Recheck Cond: ((k >= 3958098) AND (k <= 3958198))
	  ->  Bitmap Index Scan on k_5  (cost=0.00..5.42 rows=98 width=0)
	        Index Cond: ((k >= 3958098) AND (k <= 3958198))

table 6 : explain SELECT k, c FROM sbtest6 WHERE k BETWEEN 3958098 AND 3958198
	Bitmap Heap Scan on sbtest6  (cost=5.51..420.88 rows=105 width=125)
	  Recheck Cond: ((k >= 3958098) AND (k <= 3958198))
	  ->  Bitmap Index Scan on k_6  (cost=0.00..5.48 rows=105 width=0)
	        Index Cond: ((k >= 3958098) AND (k <= 3958198))

table 7 : explain SELECT k, c FROM sbtest7 WHERE k BETWEEN 3958098 AND 3958198
	Bitmap Heap Scan on sbtest7  (cost=5.55..436.62 rows=109 width=125)
	  Recheck Cond: ((k >= 3958098) AND (k <= 3958198))
	  ->  Bitmap Index Scan on k_7  (cost=0.00..5.52 rows=109 width=0)
	        Index Cond: ((k >= 3958098) AND (k <= 3958198))

table 8 : explain SELECT k, c FROM sbtest8 WHERE k BETWEEN 3958098 AND 3958198
	Bitmap Heap Scan on sbtest8  (cost=5.48..409.07 rows=102 width=125)
	  Recheck Cond: ((k >= 3958098) AND (k <= 3958198))
	  ->  Bitmap Index Scan on k_8  (cost=0.00..5.45 rows=102 width=0)
	        Index Cond: ((k >= 3958098) AND (k <= 3958198))

explain: for range-notcovered :: explain SELECT k, c FROM sbtest%d WHERE k BETWEEN 3958098 AND 3958198
for range-notcovered
table 1 : explain SELECT k, c FROM sbtest1 WHERE k BETWEEN 3958098 AND 3958198
	Bitmap Heap Scan on sbtest1  (cost=5.48..409.07 rows=102 width=125)
	  Recheck Cond: ((k >= 3958098) AND (k <= 3958198))
	  ->  Bitmap Index Scan on k_1  (cost=0.00..5.45 rows=102 width=0)
	        Index Cond: ((k >= 3958098) AND (k <= 3958198))

table 2 : explain SELECT k, c FROM sbtest2 WHERE k BETWEEN 3958098 AND 3958198
	Bitmap Heap Scan on sbtest2  (cost=5.44..393.31 rows=98 width=125)
	  Recheck Cond: ((k >= 3958098) AND (k <= 3958198))
	  ->  Bitmap Index Scan on k_2  (cost=0.00..5.42 rows=98 width=0)
	        Index Cond: ((k >= 3958098) AND (k <= 3958198))

table 3 : explain SELECT k, c FROM sbtest3 WHERE k BETWEEN 3958098 AND 3958198
	Bitmap Heap Scan on sbtest3  (cost=5.43..389.37 rows=97 width=125)
	  Recheck Cond: ((k >= 3958098) AND (k <= 3958198))
	  ->  Bitmap Index Scan on k_3  (cost=0.00..5.40 rows=97 width=0)
	        Index Cond: ((k >= 3958098) AND (k <= 3958198))

table 4 : explain SELECT k, c FROM sbtest4 WHERE k BETWEEN 3958098 AND 3958198
	Bitmap Heap Scan on sbtest4  (cost=5.43..389.37 rows=97 width=125)
	  Recheck Cond: ((k >= 3958098) AND (k <= 3958198))
	  ->  Bitmap Index Scan on k_4  (cost=0.00..5.40 rows=97 width=0)
	        Index Cond: ((k >= 3958098) AND (k <= 3958198))

table 5 : explain SELECT k, c FROM sbtest5 WHERE k BETWEEN 3958098 AND 3958198
	Bitmap Heap Scan on sbtest5  (cost=5.44..393.31 rows=98 width=125)
	  Recheck Cond: ((k >= 3958098) AND (k <= 3958198))
	  ->  Bitmap Index Scan on k_5  (cost=0.00..5.42 rows=98 width=0)
	        Index Cond: ((k >= 3958098) AND (k <= 3958198))

table 6 : explain SELECT k, c FROM sbtest6 WHERE k BETWEEN 3958098 AND 3958198
	Bitmap Heap Scan on sbtest6  (cost=5.51..420.88 rows=105 width=125)
	  Recheck Cond: ((k >= 3958098) AND (k <= 3958198))
	  ->  Bitmap Index Scan on k_6  (cost=0.00..5.48 rows=105 width=0)
	        Index Cond: ((k >= 3958098) AND (k <= 3958198))

table 7 : explain SELECT k, c FROM sbtest7 WHERE k BETWEEN 3958098 AND 3958198
	Bitmap Heap Scan on sbtest7  (cost=5.55..436.62 rows=109 width=125)
	  Recheck Cond: ((k >= 3958098) AND (k <= 3958198))
	  ->  Bitmap Index Scan on k_7  (cost=0.00..5.52 rows=109 width=0)
	        Index Cond: ((k >= 3958098) AND (k <= 3958198))

table 8 : explain SELECT k, c FROM sbtest8 WHERE k BETWEEN 3958098 AND 3958198
	Bitmap Heap Scan on sbtest8  (cost=5.48..409.07 rows=102 width=125)
	  Recheck Cond: ((k >= 3958098) AND (k <= 3958198))
	  ->  Bitmap Index Scan on k_8  (cost=0.00..5.45 rows=102 width=0)
	        Index Cond: ((k >= 3958098) AND (k <= 3958198))

for range-notcovered
table 1 : explain SELECT k, c FROM sbtest1 WHERE k BETWEEN 6006776 AND 6006876
	Bitmap Heap Scan on sbtest1  (cost=5.39..373.61 rows=93 width=125)
	  Recheck Cond: ((k >= 6006776) AND (k <= 6006876))
	  ->  Bitmap Index Scan on k_1  (cost=0.00..5.36 rows=93 width=0)
	        Index Cond: ((k >= 6006776) AND (k <= 6006876))

table 2 : explain SELECT k, c FROM sbtest2 WHERE k BETWEEN 6006776 AND 6006876
	Bitmap Heap Scan on sbtest2  (cost=5.46..401.19 rows=100 width=125)
	  Recheck Cond: ((k >= 6006776) AND (k <= 6006876))
	  ->  Bitmap Index Scan on k_2  (cost=0.00..5.43 rows=100 width=0)
	        Index Cond: ((k >= 6006776) AND (k <= 6006876))

table 3 : explain SELECT k, c FROM sbtest3 WHERE k BETWEEN 6006776 AND 6006876
	Bitmap Heap Scan on sbtest3  (cost=5.52..424.81 rows=106 width=125)
	  Recheck Cond: ((k >= 6006776) AND (k <= 6006876))
	  ->  Bitmap Index Scan on k_3  (cost=0.00..5.50 rows=106 width=0)
	        Index Cond: ((k >= 6006776) AND (k <= 6006876))

table 4 : explain SELECT k, c FROM sbtest4 WHERE k BETWEEN 6006776 AND 6006876
	Bitmap Heap Scan on sbtest4  (cost=5.41..381.49 rows=95 width=125)
	  Recheck Cond: ((k >= 6006776) AND (k <= 6006876))
	  ->  Bitmap Index Scan on k_4  (cost=0.00..5.38 rows=95 width=0)
	        Index Cond: ((k >= 6006776) AND (k <= 6006876))

table 5 : explain SELECT k, c FROM sbtest5 WHERE k BETWEEN 6006776 AND 6006876
	Bitmap Heap Scan on sbtest5  (cost=5.57..444.49 rows=111 width=125)
	  Recheck Cond: ((k >= 6006776) AND (k <= 6006876))
	  ->  Bitmap Index Scan on k_5  (cost=0.00..5.54 rows=111 width=0)
	        Index Cond: ((k >= 6006776) AND (k <= 6006876))

table 6 : explain SELECT k, c FROM sbtest6 WHERE k BETWEEN 6006776 AND 6006876
	Bitmap Heap Scan on sbtest6  (cost=5.48..409.07 rows=102 width=125)
	  Recheck Cond: ((k >= 6006776) AND (k <= 6006876))
	  ->  Bitmap Index Scan on k_6  (cost=0.00..5.45 rows=102 width=0)
	        Index Cond: ((k >= 6006776) AND (k <= 6006876))

table 7 : explain SELECT k, c FROM sbtest7 WHERE k BETWEEN 6006776 AND 6006876
	Bitmap Heap Scan on sbtest7  (cost=5.47..405.13 rows=101 width=125)
	  Recheck Cond: ((k >= 6006776) AND (k <= 6006876))
	  ->  Bitmap Index Scan on k_7  (cost=0.00..5.44 rows=101 width=0)
	        Index Cond: ((k >= 6006776) AND (k <= 6006876))

table 8 : explain SELECT k, c FROM sbtest8 WHERE k BETWEEN 6006776 AND 6006876
	Bitmap Heap Scan on sbtest8  (cost=5.57..444.49 rows=111 width=125)
	  Recheck Cond: ((k >= 6006776) AND (k <= 6006876))
	  ->  Bitmap Index Scan on k_8  (cost=0.00..5.54 rows=111 width=0)
	        Index Cond: ((k >= 6006776) AND (k <= 6006876))

explain: for range-notcovered :: explain SELECT k, c FROM sbtest%d WHERE k BETWEEN 3958098 AND 3958198
for range-notcovered
table 1 : explain SELECT k, c FROM sbtest1 WHERE k BETWEEN 3958098 AND 3958198
	Bitmap Heap Scan on sbtest1  (cost=5.48..409.07 rows=102 width=125)
	  Recheck Cond: ((k >= 3958098) AND (k <= 3958198))
	  ->  Bitmap Index Scan on k_1  (cost=0.00..5.45 rows=102 width=0)
	        Index Cond: ((k >= 3958098) AND (k <= 3958198))

table 2 : explain SELECT k, c FROM sbtest2 WHERE k BETWEEN 3958098 AND 3958198
	Bitmap Heap Scan on sbtest2  (cost=5.44..393.31 rows=98 width=125)
	  Recheck Cond: ((k >= 3958098) AND (k <= 3958198))
	  ->  Bitmap Index Scan on k_2  (cost=0.00..5.42 rows=98 width=0)
	        Index Cond: ((k >= 3958098) AND (k <= 3958198))

table 3 : explain SELECT k, c FROM sbtest3 WHERE k BETWEEN 3958098 AND 3958198
	Bitmap Heap Scan on sbtest3  (cost=5.43..389.37 rows=97 width=125)
	  Recheck Cond: ((k >= 3958098) AND (k <= 3958198))
	  ->  Bitmap Index Scan on k_3  (cost=0.00..5.40 rows=97 width=0)
	        Index Cond: ((k >= 3958098) AND (k <= 3958198))

table 4 : explain SELECT k, c FROM sbtest4 WHERE k BETWEEN 3958098 AND 3958198
	Bitmap Heap Scan on sbtest4  (cost=5.43..389.37 rows=97 width=125)
	  Recheck Cond: ((k >= 3958098) AND (k <= 3958198))
	  ->  Bitmap Index Scan on k_4  (cost=0.00..5.40 rows=97 width=0)
	        Index Cond: ((k >= 3958098) AND (k <= 3958198))

table 5 : explain SELECT k, c FROM sbtest5 WHERE k BETWEEN 3958098 AND 3958198
	Bitmap Heap Scan on sbtest5  (cost=5.44..393.31 rows=98 width=125)
	  Recheck Cond: ((k >= 3958098) AND (k <= 3958198))
	  ->  Bitmap Index Scan on k_5  (cost=0.00..5.42 rows=98 width=0)
	        Index Cond: ((k >= 3958098) AND (k <= 3958198))

table 6 : explain SELECT k, c FROM sbtest6 WHERE k BETWEEN 3958098 AND 3958198
	Bitmap Heap Scan on sbtest6  (cost=5.51..420.88 rows=105 width=125)
	  Recheck Cond: ((k >= 3958098) AND (k <= 3958198))
	  ->  Bitmap Index Scan on k_6  (cost=0.00..5.48 rows=105 width=0)
	        Index Cond: ((k >= 3958098) AND (k <= 3958198))

table 7 : explain SELECT k, c FROM sbtest7 WHERE k BETWEEN 3958098 AND 3958198
	Bitmap Heap Scan on sbtest7  (cost=5.55..436.62 rows=109 width=125)
	  Recheck Cond: ((k >= 3958098) AND (k <= 3958198))
	  ->  Bitmap Index Scan on k_7  (cost=0.00..5.52 rows=109 width=0)
	        Index Cond: ((k >= 3958098) AND (k <= 3958198))

table 8 : explain SELECT k, c FROM sbtest8 WHERE k BETWEEN 3958098 AND 3958198
	Bitmap Heap Scan on sbtest8  (cost=5.48..409.07 rows=102 width=125)
	  Recheck Cond: ((k >= 3958098) AND (k <= 3958198))
	  ->  Bitmap Index Scan on k_8  (cost=0.00..5.45 rows=102 width=0)
	        Index Cond: ((k >= 3958098) AND (k <= 3958198))

explain: for range-notcovered :: explain SELECT k, c FROM sbtest%d WHERE k BETWEEN 3958098 AND 3958198
for range-notcovered
table 1 : explain SELECT k, c FROM sbtest1 WHERE k BETWEEN 3958098 AND 3958198
	Bitmap Heap Scan on sbtest1  (cost=5.48..409.07 rows=102 width=125)
	  Recheck Cond: ((k >= 3958098) AND (k <= 3958198))
	  ->  Bitmap Index Scan on k_1  (cost=0.00..5.45 rows=102 width=0)
	        Index Cond: ((k >= 3958098) AND (k <= 3958198))

table 2 : explain SELECT k, c FROM sbtest2 WHERE k BETWEEN 3958098 AND 3958198
	Bitmap Heap Scan on sbtest2  (cost=5.44..393.31 rows=98 width=125)
	  Recheck Cond: ((k >= 3958098) AND (k <= 3958198))
	  ->  Bitmap Index Scan on k_2  (cost=0.00..5.42 rows=98 width=0)
	        Index Cond: ((k >= 3958098) AND (k <= 3958198))

table 3 : explain SELECT k, c FROM sbtest3 WHERE k BETWEEN 3958098 AND 3958198
	Bitmap Heap Scan on sbtest3  (cost=5.43..389.37 rows=97 width=125)
	  Recheck Cond: ((k >= 3958098) AND (k <= 3958198))
	  ->  Bitmap Index Scan on k_3  (cost=0.00..5.40 rows=97 width=0)
	        Index Cond: ((k >= 3958098) AND (k <= 3958198))

table 4 : explain SELECT k, c FROM sbtest4 WHERE k BETWEEN 3958098 AND 3958198
	Bitmap Heap Scan on sbtest4  (cost=5.43..389.37 rows=97 width=125)
	  Recheck Cond: ((k >= 3958098) AND (k <= 3958198))
	  ->  Bitmap Index Scan on k_4  (cost=0.00..5.40 rows=97 width=0)
	        Index Cond: ((k >= 3958098) AND (k <= 3958198))

table 5 : explain SELECT k, c FROM sbtest5 WHERE k BETWEEN 3958098 AND 3958198
	Bitmap Heap Scan on sbtest5  (cost=5.44..393.31 rows=98 width=125)
	  Recheck Cond: ((k >= 3958098) AND (k <= 3958198))
	  ->  Bitmap Index Scan on k_5  (cost=0.00..5.42 rows=98 width=0)
	        Index Cond: ((k >= 3958098) AND (k <= 3958198))

table 6 : explain SELECT k, c FROM sbtest6 WHERE k BETWEEN 3958098 AND 3958198
	Bitmap Heap Scan on sbtest6  (cost=5.51..420.88 rows=105 width=125)
	  Recheck Cond: ((k >= 3958098) AND (k <= 3958198))
	  ->  Bitmap Index Scan on k_6  (cost=0.00..5.48 rows=105 width=0)
	        Index Cond: ((k >= 3958098) AND (k <= 3958198))

table 7 : explain SELECT k, c FROM sbtest7 WHERE k BETWEEN 3958098 AND 3958198
	Bitmap Heap Scan on sbtest7  (cost=5.55..436.62 rows=109 width=125)
	  Recheck Cond: ((k >= 3958098) AND (k <= 3958198))
	  ->  Bitmap Index Scan on k_7  (cost=0.00..5.52 rows=109 width=0)
	        Index Cond: ((k >= 3958098) AND (k <= 3958198))

table 8 : explain SELECT k, c FROM sbtest8 WHERE k BETWEEN 3958098 AND 3958198
	Bitmap Heap Scan on sbtest8  (cost=5.48..409.07 rows=102 width=125)
	  Recheck Cond: ((k >= 3958098) AND (k <= 3958198))
	  ->  Bitmap Index Scan on k_8  (cost=0.00..5.45 rows=102 width=0)
	        Index Cond: ((k >= 3958098) AND (k <= 3958198))

explain: for range-notcovered :: explain SELECT k, c FROM sbtest%d WHERE k BETWEEN 3958098 AND 3958198
for range-notcovered
table 1 : explain SELECT k, c FROM sbtest1 WHERE k BETWEEN 3278777 AND 3278877
	Bitmap Heap Scan on sbtest1  (cost=5.51..420.88 rows=105 width=125)
	  Recheck Cond: ((k >= 3278777) AND (k <= 3278877))
	  ->  Bitmap Index Scan on k_1  (cost=0.00..5.48 rows=105 width=0)
	        Index Cond: ((k >= 3278777) AND (k <= 3278877))

table 2 : explain SELECT k, c FROM sbtest2 WHERE k BETWEEN 3278777 AND 3278877
	Bitmap Heap Scan on sbtest2  (cost=5.53..428.75 rows=107 width=125)
	  Recheck Cond: ((k >= 3278777) AND (k <= 3278877))
	  ->  Bitmap Index Scan on k_2  (cost=0.00..5.50 rows=107 width=0)
	        Index Cond: ((k >= 3278777) AND (k <= 3278877))

table 3 : explain SELECT k, c FROM sbtest3 WHERE k BETWEEN 3278777 AND 3278877
	Bitmap Heap Scan on sbtest3  (cost=5.44..393.31 rows=98 width=125)
	  Recheck Cond: ((k >= 3278777) AND (k <= 3278877))
	  ->  Bitmap Index Scan on k_3  (cost=0.00..5.42 rows=98 width=0)
	        Index Cond: ((k >= 3278777) AND (k <= 3278877))

table 4 : explain SELECT k, c FROM sbtest4 WHERE k BETWEEN 3278777 AND 3278877
	Bitmap Heap Scan on sbtest4  (cost=5.48..409.07 rows=102 width=125)
	  Recheck Cond: ((k >= 3278777) AND (k <= 3278877))
	  ->  Bitmap Index Scan on k_4  (cost=0.00..5.45 rows=102 width=0)
	        Index Cond: ((k >= 3278777) AND (k <= 3278877))

table 5 : explain SELECT k, c FROM sbtest5 WHERE k BETWEEN 3278777 AND 3278877
	Bitmap Heap Scan on sbtest5  (cost=5.53..428.75 rows=107 width=125)
	  Recheck Cond: ((k >= 3278777) AND (k <= 3278877))
	  ->  Bitmap Index Scan on k_5  (cost=0.00..5.50 rows=107 width=0)
	        Index Cond: ((k >= 3278777) AND (k <= 3278877))

table 6 : explain SELECT k, c FROM sbtest6 WHERE k BETWEEN 3278777 AND 3278877
	Bitmap Heap Scan on sbtest6  (cost=5.44..393.31 rows=98 width=125)
	  Recheck Cond: ((k >= 3278777) AND (k <= 3278877))
	  ->  Bitmap Index Scan on k_6  (cost=0.00..5.42 rows=98 width=0)
	        Index Cond: ((k >= 3278777) AND (k <= 3278877))

table 7 : explain SELECT k, c FROM sbtest7 WHERE k BETWEEN 3278777 AND 3278877
	Bitmap Heap Scan on sbtest7  (cost=5.50..416.94 rows=104 width=125)
	  Recheck Cond: ((k >= 3278777) AND (k <= 3278877))
	  ->  Bitmap Index Scan on k_7  (cost=0.00..5.47 rows=104 width=0)
	        Index Cond: ((k >= 3278777) AND (k <= 3278877))

table 8 : explain SELECT k, c FROM sbtest8 WHERE k BETWEEN 3278777 AND 3278877
	Bitmap Heap Scan on sbtest8  (cost=5.48..409.07 rows=102 width=125)
	  Recheck Cond: ((k >= 3278777) AND (k <= 3278877))
	  ->  Bitmap Index Scan on k_8  (cost=0.00..5.45 rows=102 width=0)
	        Index Cond: ((k >= 3278777) AND (k <= 3278877))

explain: for range-notcovered :: explain SELECT k, c FROM sbtest%d WHERE k BETWEEN 3278777 AND 3278877
for range-notcovered
table 1 : explain SELECT k, c FROM sbtest1 WHERE k BETWEEN 3958098 AND 3958198
	Bitmap Heap Scan on sbtest1  (cost=5.48..409.07 rows=102 width=125)
	  Recheck Cond: ((k >= 3958098) AND (k <= 3958198))
	  ->  Bitmap Index Scan on k_1  (cost=0.00..5.45 rows=102 width=0)
	        Index Cond: ((k >= 3958098) AND (k <= 3958198))

table 2 : explain SELECT k, c FROM sbtest2 WHERE k BETWEEN 3958098 AND 3958198
	Bitmap Heap Scan on sbtest2  (cost=5.44..393.31 rows=98 width=125)
	  Recheck Cond: ((k >= 3958098) AND (k <= 3958198))
	  ->  Bitmap Index Scan on k_2  (cost=0.00..5.42 rows=98 width=0)
	        Index Cond: ((k >= 3958098) AND (k <= 3958198))

table 3 : explain SELECT k, c FROM sbtest3 WHERE k BETWEEN 3958098 AND 3958198
	Bitmap Heap Scan on sbtest3  (cost=5.43..389.37 rows=97 width=125)
	  Recheck Cond: ((k >= 3958098) AND (k <= 3958198))
	  ->  Bitmap Index Scan on k_3  (cost=0.00..5.40 rows=97 width=0)
	        Index Cond: ((k >= 3958098) AND (k <= 3958198))

table 4 : explain SELECT k, c FROM sbtest4 WHERE k BETWEEN 3958098 AND 3958198
	Bitmap Heap Scan on sbtest4  (cost=5.43..389.37 rows=97 width=125)
	  Recheck Cond: ((k >= 3958098) AND (k <= 3958198))
	  ->  Bitmap Index Scan on k_4  (cost=0.00..5.40 rows=97 width=0)
	        Index Cond: ((k >= 3958098) AND (k <= 3958198))

table 5 : explain SELECT k, c FROM sbtest5 WHERE k BETWEEN 3958098 AND 3958198
	Bitmap Heap Scan on sbtest5  (cost=5.44..393.31 rows=98 width=125)
	  Recheck Cond: ((k >= 3958098) AND (k <= 3958198))
	  ->  Bitmap Index Scan on k_5  (cost=0.00..5.42 rows=98 width=0)
	        Index Cond: ((k >= 3958098) AND (k <= 3958198))

table 6 : explain SELECT k, c FROM sbtest6 WHERE k BETWEEN 3958098 AND 3958198
	Bitmap Heap Scan on sbtest6  (cost=5.51..420.88 rows=105 width=125)
	  Recheck Cond: ((k >= 3958098) AND (k <= 3958198))
	  ->  Bitmap Index Scan on k_6  (cost=0.00..5.48 rows=105 width=0)
	        Index Cond: ((k >= 3958098) AND (k <= 3958198))

table 7 : explain SELECT k, c FROM sbtest7 WHERE k BETWEEN 3958098 AND 3958198
	Bitmap Heap Scan on sbtest7  (cost=5.55..436.62 rows=109 width=125)
	  Recheck Cond: ((k >= 3958098) AND (k <= 3958198))
	  ->  Bitmap Index Scan on k_7  (cost=0.00..5.52 rows=109 width=0)
	        Index Cond: ((k >= 3958098) AND (k <= 3958198))

table 8 : explain SELECT k, c FROM sbtest8 WHERE k BETWEEN 3958098 AND 3958198
	Bitmap Heap Scan on sbtest8  (cost=5.48..409.07 rows=102 width=125)
	  Recheck Cond: ((k >= 3958098) AND (k <= 3958198))
	  ->  Bitmap Index Scan on k_8  (cost=0.00..5.45 rows=102 width=0)
	        Index Cond: ((k >= 3958098) AND (k <= 3958198))

explain: for range-notcovered :: explain SELECT k, c FROM sbtest%d WHERE k BETWEEN 3958098 AND 3958198
for range-notcovered
table 1 : explain SELECT k, c FROM sbtest1 WHERE k BETWEEN 3278777 AND 3278877
	Bitmap Heap Scan on sbtest1  (cost=5.51..420.88 rows=105 width=125)
	  Recheck Cond: ((k >= 3278777) AND (k <= 3278877))
	  ->  Bitmap Index Scan on k_1  (cost=0.00..5.48 rows=105 width=0)
	        Index Cond: ((k >= 3278777) AND (k <= 3278877))

table 2 : explain SELECT k, c FROM sbtest2 WHERE k BETWEEN 3278777 AND 3278877
	Bitmap Heap Scan on sbtest2  (cost=5.53..428.75 rows=107 width=125)
	  Recheck Cond: ((k >= 3278777) AND (k <= 3278877))
	  ->  Bitmap Index Scan on k_2  (cost=0.00..5.50 rows=107 width=0)
	        Index Cond: ((k >= 3278777) AND (k <= 3278877))

table 3 : explain SELECT k, c FROM sbtest3 WHERE k BETWEEN 3278777 AND 3278877
	Bitmap Heap Scan on sbtest3  (cost=5.44..393.31 rows=98 width=125)
	  Recheck Cond: ((k >= 3278777) AND (k <= 3278877))
	  ->  Bitmap Index Scan on k_3  (cost=0.00..5.42 rows=98 width=0)
	        Index Cond: ((k >= 3278777) AND (k <= 3278877))

table 4 : explain SELECT k, c FROM sbtest4 WHERE k BETWEEN 3278777 AND 3278877
	Bitmap Heap Scan on sbtest4  (cost=5.48..409.07 rows=102 width=125)
	  Recheck Cond: ((k >= 3278777) AND (k <= 3278877))
	  ->  Bitmap Index Scan on k_4  (cost=0.00..5.45 rows=102 width=0)
	        Index Cond: ((k >= 3278777) AND (k <= 3278877))

table 5 : explain SELECT k, c FROM sbtest5 WHERE k BETWEEN 3278777 AND 3278877
	Bitmap Heap Scan on sbtest5  (cost=5.53..428.75 rows=107 width=125)
	  Recheck Cond: ((k >= 3278777) AND (k <= 3278877))
	  ->  Bitmap Index Scan on k_5  (cost=0.00..5.50 rows=107 width=0)
	        Index Cond: ((k >= 3278777) AND (k <= 3278877))

table 6 : explain SELECT k, c FROM sbtest6 WHERE k BETWEEN 3278777 AND 3278877
	Bitmap Heap Scan on sbtest6  (cost=5.44..393.31 rows=98 width=125)
	  Recheck Cond: ((k >= 3278777) AND (k <= 3278877))
	  ->  Bitmap Index Scan on k_6  (cost=0.00..5.42 rows=98 width=0)
	        Index Cond: ((k >= 3278777) AND (k <= 3278877))

table 7 : explain SELECT k, c FROM sbtest7 WHERE k BETWEEN 3278777 AND 3278877
	Bitmap Heap Scan on sbtest7  (cost=5.50..416.94 rows=104 width=125)
	  Recheck Cond: ((k >= 3278777) AND (k <= 3278877))
	  ->  Bitmap Index Scan on k_7  (cost=0.00..5.47 rows=104 width=0)
	        Index Cond: ((k >= 3278777) AND (k <= 3278877))

table 8 : explain SELECT k, c FROM sbtest8 WHERE k BETWEEN 3278777 AND 3278877
	Bitmap Heap Scan on sbtest8  (cost=5.48..409.07 rows=102 width=125)
	  Recheck Cond: ((k >= 3278777) AND (k <= 3278877))
	  ->  Bitmap Index Scan on k_8  (cost=0.00..5.45 rows=102 width=0)
	        Index Cond: ((k >= 3278777) AND (k <= 3278877))

for range-notcovered
table 1 : explain SELECT k, c FROM sbtest1 WHERE k BETWEEN 3958098 AND 3958198
	Bitmap Heap Scan on sbtest1  (cost=5.48..409.07 rows=102 width=125)
	  Recheck Cond: ((k >= 3958098) AND (k <= 3958198))
	  ->  Bitmap Index Scan on k_1  (cost=0.00..5.45 rows=102 width=0)
	        Index Cond: ((k >= 3958098) AND (k <= 3958198))

table 2 : explain SELECT k, c FROM sbtest2 WHERE k BETWEEN 3958098 AND 3958198
	Bitmap Heap Scan on sbtest2  (cost=5.44..393.31 rows=98 width=125)
	  Recheck Cond: ((k >= 3958098) AND (k <= 3958198))
	  ->  Bitmap Index Scan on k_2  (cost=0.00..5.42 rows=98 width=0)
	        Index Cond: ((k >= 3958098) AND (k <= 3958198))

table 3 : explain SELECT k, c FROM sbtest3 WHERE k BETWEEN 3958098 AND 3958198
	Bitmap Heap Scan on sbtest3  (cost=5.43..389.37 rows=97 width=125)
	  Recheck Cond: ((k >= 3958098) AND (k <= 3958198))
	  ->  Bitmap Index Scan on k_3  (cost=0.00..5.40 rows=97 width=0)
	        Index Cond: ((k >= 3958098) AND (k <= 3958198))

table 4 : explain SELECT k, c FROM sbtest4 WHERE k BETWEEN 3958098 AND 3958198
	Bitmap Heap Scan on sbtest4  (cost=5.43..389.37 rows=97 width=125)
	  Recheck Cond: ((k >= 3958098) AND (k <= 3958198))
	  ->  Bitmap Index Scan on k_4  (cost=0.00..5.40 rows=97 width=0)
	        Index Cond: ((k >= 3958098) AND (k <= 3958198))

table 5 : explain SELECT k, c FROM sbtest5 WHERE k BETWEEN 3958098 AND 3958198
	Bitmap Heap Scan on sbtest5  (cost=5.44..393.31 rows=98 width=125)
	  Recheck Cond: ((k >= 3958098) AND (k <= 3958198))
	  ->  Bitmap Index Scan on k_5  (cost=0.00..5.42 rows=98 width=0)
	        Index Cond: ((k >= 3958098) AND (k <= 3958198))

table 6 : explain SELECT k, c FROM sbtest6 WHERE k BETWEEN 3958098 AND 3958198
	Bitmap Heap Scan on sbtest6  (cost=5.51..420.88 rows=105 width=125)
	  Recheck Cond: ((k >= 3958098) AND (k <= 3958198))
	  ->  Bitmap Index Scan on k_6  (cost=0.00..5.48 rows=105 width=0)
	        Index Cond: ((k >= 3958098) AND (k <= 3958198))

table 7 : explain SELECT k, c FROM sbtest7 WHERE k BETWEEN 3958098 AND 3958198
	Bitmap Heap Scan on sbtest7  (cost=5.55..436.62 rows=109 width=125)
	  Recheck Cond: ((k >= 3958098) AND (k <= 3958198))
	  ->  Bitmap Index Scan on k_7  (cost=0.00..5.52 rows=109 width=0)
	        Index Cond: ((k >= 3958098) AND (k <= 3958198))

table 8 : explain SELECT k, c FROM sbtest8 WHERE k BETWEEN 3958098 AND 3958198
	Bitmap Heap Scan on sbtest8  (cost=5.48..409.07 rows=102 width=125)
	  Recheck Cond: ((k >= 3958098) AND (k <= 3958198))
	  ->  Bitmap Index Scan on k_8  (cost=0.00..5.45 rows=102 width=0)
	        Index Cond: ((k >= 3958098) AND (k <= 3958198))

explain: for range-notcovered :: explain SELECT k, c FROM sbtest%d WHERE k BETWEEN 3278777 AND 3278877
explain: for range-notcovered :: explain SELECT k, c FROM sbtest%d WHERE k BETWEEN 3958098 AND 3958198
for range-notcovered
table 1 : explain SELECT k, c FROM sbtest1 WHERE k BETWEEN 3958098 AND 3958198
	Bitmap Heap Scan on sbtest1  (cost=5.48..409.07 rows=102 width=125)
	  Recheck Cond: ((k >= 3958098) AND (k <= 3958198))
	  ->  Bitmap Index Scan on k_1  (cost=0.00..5.45 rows=102 width=0)
	        Index Cond: ((k >= 3958098) AND (k <= 3958198))

table 2 : explain SELECT k, c FROM sbtest2 WHERE k BETWEEN 3958098 AND 3958198
	Bitmap Heap Scan on sbtest2  (cost=5.44..393.31 rows=98 width=125)
	  Recheck Cond: ((k >= 3958098) AND (k <= 3958198))
	  ->  Bitmap Index Scan on k_2  (cost=0.00..5.42 rows=98 width=0)
	        Index Cond: ((k >= 3958098) AND (k <= 3958198))

table 3 : explain SELECT k, c FROM sbtest3 WHERE k BETWEEN 3958098 AND 3958198
	Bitmap Heap Scan on sbtest3  (cost=5.43..389.37 rows=97 width=125)
	  Recheck Cond: ((k >= 3958098) AND (k <= 3958198))
	  ->  Bitmap Index Scan on k_3  (cost=0.00..5.40 rows=97 width=0)
	        Index Cond: ((k >= 3958098) AND (k <= 3958198))

table 4 : explain SELECT k, c FROM sbtest4 WHERE k BETWEEN 3958098 AND 3958198
	Bitmap Heap Scan on sbtest4  (cost=5.43..389.37 rows=97 width=125)
	  Recheck Cond: ((k >= 3958098) AND (k <= 3958198))
	  ->  Bitmap Index Scan on k_4  (cost=0.00..5.40 rows=97 width=0)
	        Index Cond: ((k >= 3958098) AND (k <= 3958198))

table 5 : explain SELECT k, c FROM sbtest5 WHERE k BETWEEN 3958098 AND 3958198
	Bitmap Heap Scan on sbtest5  (cost=5.44..393.31 rows=98 width=125)
	  Recheck Cond: ((k >= 3958098) AND (k <= 3958198))
	  ->  Bitmap Index Scan on k_5  (cost=0.00..5.42 rows=98 width=0)
	        Index Cond: ((k >= 3958098) AND (k <= 3958198))

table 6 : explain SELECT k, c FROM sbtest6 WHERE k BETWEEN 3958098 AND 3958198
	Bitmap Heap Scan on sbtest6  (cost=5.51..420.88 rows=105 width=125)
	  Recheck Cond: ((k >= 3958098) AND (k <= 3958198))
	  ->  Bitmap Index Scan on k_6  (cost=0.00..5.48 rows=105 width=0)
	        Index Cond: ((k >= 3958098) AND (k <= 3958198))

table 7 : explain SELECT k, c FROM sbtest7 WHERE k BETWEEN 3958098 AND 3958198
	Bitmap Heap Scan on sbtest7  (cost=5.55..436.62 rows=109 width=125)
	  Recheck Cond: ((k >= 3958098) AND (k <= 3958198))
	  ->  Bitmap Index Scan on k_7  (cost=0.00..5.52 rows=109 width=0)
	        Index Cond: ((k >= 3958098) AND (k <= 3958198))

table 8 : explain SELECT k, c FROM sbtest8 WHERE k BETWEEN 3958098 AND 3958198
	Bitmap Heap Scan on sbtest8  (cost=5.48..409.07 rows=102 width=125)
	  Recheck Cond: ((k >= 3958098) AND (k <= 3958198))
	  ->  Bitmap Index Scan on k_8  (cost=0.00..5.45 rows=102 width=0)
	        Index Cond: ((k >= 3958098) AND (k <= 3958198))

for range-notcovered
table 1 : explain SELECT k, c FROM sbtest1 WHERE k BETWEEN 3278777 AND 3278877
	Bitmap Heap Scan on sbtest1  (cost=5.51..420.88 rows=105 width=125)
	  Recheck Cond: ((k >= 3278777) AND (k <= 3278877))
	  ->  Bitmap Index Scan on k_1  (cost=0.00..5.48 rows=105 width=0)
	        Index Cond: ((k >= 3278777) AND (k <= 3278877))

table 2 : explain SELECT k, c FROM sbtest2 WHERE k BETWEEN 3278777 AND 3278877
	Bitmap Heap Scan on sbtest2  (cost=5.53..428.75 rows=107 width=125)
	  Recheck Cond: ((k >= 3278777) AND (k <= 3278877))
	  ->  Bitmap Index Scan on k_2  (cost=0.00..5.50 rows=107 width=0)
	        Index Cond: ((k >= 3278777) AND (k <= 3278877))

table 3 : explain SELECT k, c FROM sbtest3 WHERE k BETWEEN 3278777 AND 3278877
	Bitmap Heap Scan on sbtest3  (cost=5.44..393.31 rows=98 width=125)
	  Recheck Cond: ((k >= 3278777) AND (k <= 3278877))
	  ->  Bitmap Index Scan on k_3  (cost=0.00..5.42 rows=98 width=0)
	        Index Cond: ((k >= 3278777) AND (k <= 3278877))

table 4 : explain SELECT k, c FROM sbtest4 WHERE k BETWEEN 3278777 AND 3278877
	Bitmap Heap Scan on sbtest4  (cost=5.48..409.07 rows=102 width=125)
	  Recheck Cond: ((k >= 3278777) AND (k <= 3278877))
	  ->  Bitmap Index Scan on k_4  (cost=0.00..5.45 rows=102 width=0)
	        Index Cond: ((k >= 3278777) AND (k <= 3278877))

table 5 : explain SELECT k, c FROM sbtest5 WHERE k BETWEEN 3278777 AND 3278877
	Bitmap Heap Scan on sbtest5  (cost=5.53..428.75 rows=107 width=125)
	  Recheck Cond: ((k >= 3278777) AND (k <= 3278877))
	  ->  Bitmap Index Scan on k_5  (cost=0.00..5.50 rows=107 width=0)
	        Index Cond: ((k >= 3278777) AND (k <= 3278877))

table 6 : explain SELECT k, c FROM sbtest6 WHERE k BETWEEN 3278777 AND 3278877
	Bitmap Heap Scan on sbtest6  (cost=5.44..393.31 rows=98 width=125)
	  Recheck Cond: ((k >= 3278777) AND (k <= 3278877))
	  ->  Bitmap Index Scan on k_6  (cost=0.00..5.42 rows=98 width=0)
	        Index Cond: ((k >= 3278777) AND (k <= 3278877))

table 7 : explain SELECT k, c FROM sbtest7 WHERE k BETWEEN 3278777 AND 3278877
	Bitmap Heap Scan on sbtest7  (cost=5.50..416.94 rows=104 width=125)
	  Recheck Cond: ((k >= 3278777) AND (k <= 3278877))
	  ->  Bitmap Index Scan on k_7  (cost=0.00..5.47 rows=104 width=0)
	        Index Cond: ((k >= 3278777) AND (k <= 3278877))

table 8 : explain SELECT k, c FROM sbtest8 WHERE k BETWEEN 3278777 AND 3278877
	Bitmap Heap Scan on sbtest8  (cost=5.48..409.07 rows=102 width=125)
	  Recheck Cond: ((k >= 3278777) AND (k <= 3278877))
	  ->  Bitmap Index Scan on k_8  (cost=0.00..5.45 rows=102 width=0)
	        Index Cond: ((k >= 3278777) AND (k <= 3278877))

explain: for range-notcovered :: explain SELECT k, c FROM sbtest%d WHERE k BETWEEN 3958098 AND 3958198
explain: for range-notcovered :: explain SELECT k, c FROM sbtest%d WHERE k BETWEEN 3278777 AND 3278877
for range-notcovered
table 1 : explain SELECT k, c FROM sbtest1 WHERE k BETWEEN 3958098 AND 3958198
	Bitmap Heap Scan on sbtest1  (cost=5.48..409.07 rows=102 width=125)
	  Recheck Cond: ((k >= 3958098) AND (k <= 3958198))
	  ->  Bitmap Index Scan on k_1  (cost=0.00..5.45 rows=102 width=0)
	        Index Cond: ((k >= 3958098) AND (k <= 3958198))

table 2 : explain SELECT k, c FROM sbtest2 WHERE k BETWEEN 3958098 AND 3958198
	Bitmap Heap Scan on sbtest2  (cost=5.44..393.31 rows=98 width=125)
	  Recheck Cond: ((k >= 3958098) AND (k <= 3958198))
	  ->  Bitmap Index Scan on k_2  (cost=0.00..5.42 rows=98 width=0)
	        Index Cond: ((k >= 3958098) AND (k <= 3958198))

table 3 : explain SELECT k, c FROM sbtest3 WHERE k BETWEEN 3958098 AND 3958198
	Bitmap Heap Scan on sbtest3  (cost=5.43..389.37 rows=97 width=125)
	  Recheck Cond: ((k >= 3958098) AND (k <= 3958198))
	  ->  Bitmap Index Scan on k_3  (cost=0.00..5.40 rows=97 width=0)
	        Index Cond: ((k >= 3958098) AND (k <= 3958198))

table 4 : explain SELECT k, c FROM sbtest4 WHERE k BETWEEN 3958098 AND 3958198
	Bitmap Heap Scan on sbtest4  (cost=5.43..389.37 rows=97 width=125)
	  Recheck Cond: ((k >= 3958098) AND (k <= 3958198))
	  ->  Bitmap Index Scan on k_4  (cost=0.00..5.40 rows=97 width=0)
	        Index Cond: ((k >= 3958098) AND (k <= 3958198))

table 5 : explain SELECT k, c FROM sbtest5 WHERE k BETWEEN 3958098 AND 3958198
	Bitmap Heap Scan on sbtest5  (cost=5.44..393.31 rows=98 width=125)
	  Recheck Cond: ((k >= 3958098) AND (k <= 3958198))
	  ->  Bitmap Index Scan on k_5  (cost=0.00..5.42 rows=98 width=0)
	        Index Cond: ((k >= 3958098) AND (k <= 3958198))

table 6 : explain SELECT k, c FROM sbtest6 WHERE k BETWEEN 3958098 AND 3958198
	Bitmap Heap Scan on sbtest6  (cost=5.51..420.88 rows=105 width=125)
	  Recheck Cond: ((k >= 3958098) AND (k <= 3958198))
	  ->  Bitmap Index Scan on k_6  (cost=0.00..5.48 rows=105 width=0)
	        Index Cond: ((k >= 3958098) AND (k <= 3958198))

table 7 : explain SELECT k, c FROM sbtest7 WHERE k BETWEEN 3958098 AND 3958198
	Bitmap Heap Scan on sbtest7  (cost=5.55..436.62 rows=109 width=125)
	  Recheck Cond: ((k >= 3958098) AND (k <= 3958198))
	  ->  Bitmap Index Scan on k_7  (cost=0.00..5.52 rows=109 width=0)
	        Index Cond: ((k >= 3958098) AND (k <= 3958198))

table 8 : explain SELECT k, c FROM sbtest8 WHERE k BETWEEN 3958098 AND 3958198
	Bitmap Heap Scan on sbtest8  (cost=5.48..409.07 rows=102 width=125)
	  Recheck Cond: ((k >= 3958098) AND (k <= 3958198))
	  ->  Bitmap Index Scan on k_8  (cost=0.00..5.45 rows=102 width=0)
	        Index Cond: ((k >= 3958098) AND (k <= 3958198))

for range-notcovered
table 1 : explain SELECT k, c FROM sbtest1 WHERE k BETWEEN 3278777 AND 3278877
	Bitmap Heap Scan on sbtest1  (cost=5.51..420.88 rows=105 width=125)
	  Recheck Cond: ((k >= 3278777) AND (k <= 3278877))
	  ->  Bitmap Index Scan on k_1  (cost=0.00..5.48 rows=105 width=0)
	        Index Cond: ((k >= 3278777) AND (k <= 3278877))

table 2 : explain SELECT k, c FROM sbtest2 WHERE k BETWEEN 3278777 AND 3278877
	Bitmap Heap Scan on sbtest2  (cost=5.53..428.75 rows=107 width=125)
	  Recheck Cond: ((k >= 3278777) AND (k <= 3278877))
	  ->  Bitmap Index Scan on k_2  (cost=0.00..5.50 rows=107 width=0)
	        Index Cond: ((k >= 3278777) AND (k <= 3278877))

table 3 : explain SELECT k, c FROM sbtest3 WHERE k BETWEEN 3278777 AND 3278877
	Bitmap Heap Scan on sbtest3  (cost=5.44..393.31 rows=98 width=125)
	  Recheck Cond: ((k >= 3278777) AND (k <= 3278877))
	  ->  Bitmap Index Scan on k_3  (cost=0.00..5.42 rows=98 width=0)
	        Index Cond: ((k >= 3278777) AND (k <= 3278877))

table 4 : explain SELECT k, c FROM sbtest4 WHERE k BETWEEN 3278777 AND 3278877
	Bitmap Heap Scan on sbtest4  (cost=5.48..409.07 rows=102 width=125)
	  Recheck Cond: ((k >= 3278777) AND (k <= 3278877))
	  ->  Bitmap Index Scan on k_4  (cost=0.00..5.45 rows=102 width=0)
	        Index Cond: ((k >= 3278777) AND (k <= 3278877))

table 5 : explain SELECT k, c FROM sbtest5 WHERE k BETWEEN 3278777 AND 3278877
	Bitmap Heap Scan on sbtest5  (cost=5.53..428.75 rows=107 width=125)
	  Recheck Cond: ((k >= 3278777) AND (k <= 3278877))
	  ->  Bitmap Index Scan on k_5  (cost=0.00..5.50 rows=107 width=0)
	        Index Cond: ((k >= 3278777) AND (k <= 3278877))

table 6 : explain SELECT k, c FROM sbtest6 WHERE k BETWEEN 3278777 AND 3278877
	Bitmap Heap Scan on sbtest6  (cost=5.44..393.31 rows=98 width=125)
	  Recheck Cond: ((k >= 3278777) AND (k <= 3278877))
	  ->  Bitmap Index Scan on k_6  (cost=0.00..5.42 rows=98 width=0)
	        Index Cond: ((k >= 3278777) AND (k <= 3278877))

table 7 : explain SELECT k, c FROM sbtest7 WHERE k BETWEEN 3278777 AND 3278877
	Bitmap Heap Scan on sbtest7  (cost=5.50..416.94 rows=104 width=125)
	  Recheck Cond: ((k >= 3278777) AND (k <= 3278877))
	  ->  Bitmap Index Scan on k_7  (cost=0.00..5.47 rows=104 width=0)
	        Index Cond: ((k >= 3278777) AND (k <= 3278877))

table 8 : explain SELECT k, c FROM sbtest8 WHERE k BETWEEN 3278777 AND 3278877
	Bitmap Heap Scan on sbtest8  (cost=5.48..409.07 rows=102 width=125)
	  Recheck Cond: ((k >= 3278777) AND (k <= 3278877))
	  ->  Bitmap Index Scan on k_8  (cost=0.00..5.45 rows=102 width=0)
	        Index Cond: ((k >= 3278777) AND (k <= 3278877))

explain: for range-notcovered :: explain SELECT k, c FROM sbtest%d WHERE k BETWEEN 3278777 AND 3278877
for range-notcovered
table 1 : explain SELECT k, c FROM sbtest1 WHERE k BETWEEN 3278777 AND 3278877
	Bitmap Heap Scan on sbtest1  (cost=5.51..420.88 rows=105 width=125)
	  Recheck Cond: ((k >= 3278777) AND (k <= 3278877))
	  ->  Bitmap Index Scan on k_1  (cost=0.00..5.48 rows=105 width=0)
	        Index Cond: ((k >= 3278777) AND (k <= 3278877))

table 2 : explain SELECT k, c FROM sbtest2 WHERE k BETWEEN 3278777 AND 3278877
	Bitmap Heap Scan on sbtest2  (cost=5.53..428.75 rows=107 width=125)
	  Recheck Cond: ((k >= 3278777) AND (k <= 3278877))
	  ->  Bitmap Index Scan on k_2  (cost=0.00..5.50 rows=107 width=0)
	        Index Cond: ((k >= 3278777) AND (k <= 3278877))

table 3 : explain SELECT k, c FROM sbtest3 WHERE k BETWEEN 3278777 AND 3278877
	Bitmap Heap Scan on sbtest3  (cost=5.44..393.31 rows=98 width=125)
	  Recheck Cond: ((k >= 3278777) AND (k <= 3278877))
	  ->  Bitmap Index Scan on k_3  (cost=0.00..5.42 rows=98 width=0)
	        Index Cond: ((k >= 3278777) AND (k <= 3278877))

table 4 : explain SELECT k, c FROM sbtest4 WHERE k BETWEEN 3278777 AND 3278877
	Bitmap Heap Scan on sbtest4  (cost=5.48..409.07 rows=102 width=125)
	  Recheck Cond: ((k >= 3278777) AND (k <= 3278877))
	  ->  Bitmap Index Scan on k_4  (cost=0.00..5.45 rows=102 width=0)
	        Index Cond: ((k >= 3278777) AND (k <= 3278877))

table 5 : explain SELECT k, c FROM sbtest5 WHERE k BETWEEN 3278777 AND 3278877
	Bitmap Heap Scan on sbtest5  (cost=5.53..428.75 rows=107 width=125)
	  Recheck Cond: ((k >= 3278777) AND (k <= 3278877))
	  ->  Bitmap Index Scan on k_5  (cost=0.00..5.50 rows=107 width=0)
	        Index Cond: ((k >= 3278777) AND (k <= 3278877))

table 6 : explain SELECT k, c FROM sbtest6 WHERE k BETWEEN 3278777 AND 3278877
	Bitmap Heap Scan on sbtest6  (cost=5.44..393.31 rows=98 width=125)
	  Recheck Cond: ((k >= 3278777) AND (k <= 3278877))
	  ->  Bitmap Index Scan on k_6  (cost=0.00..5.42 rows=98 width=0)
	        Index Cond: ((k >= 3278777) AND (k <= 3278877))

table 7 : explain SELECT k, c FROM sbtest7 WHERE k BETWEEN 3278777 AND 3278877
	Bitmap Heap Scan on sbtest7  (cost=5.50..416.94 rows=104 width=125)
	  Recheck Cond: ((k >= 3278777) AND (k <= 3278877))
	  ->  Bitmap Index Scan on k_7  (cost=0.00..5.47 rows=104 width=0)
	        Index Cond: ((k >= 3278777) AND (k <= 3278877))

table 8 : explain SELECT k, c FROM sbtest8 WHERE k BETWEEN 3278777 AND 3278877
	Bitmap Heap Scan on sbtest8  (cost=5.48..409.07 rows=102 width=125)
	  Recheck Cond: ((k >= 3278777) AND (k <= 3278877))
	  ->  Bitmap Index Scan on k_8  (cost=0.00..5.45 rows=102 width=0)
	        Index Cond: ((k >= 3278777) AND (k <= 3278877))

explain: for range-notcovered :: explain SELECT k, c FROM sbtest%d WHERE k BETWEEN 3278777 AND 3278877
for range-notcovered
table 1 : explain SELECT k, c FROM sbtest1 WHERE k BETWEEN 3278777 AND 3278877
	Bitmap Heap Scan on sbtest1  (cost=5.51..420.88 rows=105 width=125)
	  Recheck Cond: ((k >= 3278777) AND (k <= 3278877))
	  ->  Bitmap Index Scan on k_1  (cost=0.00..5.48 rows=105 width=0)
	        Index Cond: ((k >= 3278777) AND (k <= 3278877))

table 2 : explain SELECT k, c FROM sbtest2 WHERE k BETWEEN 3278777 AND 3278877
	Bitmap Heap Scan on sbtest2  (cost=5.53..428.75 rows=107 width=125)
	  Recheck Cond: ((k >= 3278777) AND (k <= 3278877))
	  ->  Bitmap Index Scan on k_2  (cost=0.00..5.50 rows=107 width=0)
	        Index Cond: ((k >= 3278777) AND (k <= 3278877))

table 3 : explain SELECT k, c FROM sbtest3 WHERE k BETWEEN 3278777 AND 3278877
	Bitmap Heap Scan on sbtest3  (cost=5.44..393.31 rows=98 width=125)
	  Recheck Cond: ((k >= 3278777) AND (k <= 3278877))
	  ->  Bitmap Index Scan on k_3  (cost=0.00..5.42 rows=98 width=0)
	        Index Cond: ((k >= 3278777) AND (k <= 3278877))

table 4 : explain SELECT k, c FROM sbtest4 WHERE k BETWEEN 3278777 AND 3278877
	Bitmap Heap Scan on sbtest4  (cost=5.48..409.07 rows=102 width=125)
	  Recheck Cond: ((k >= 3278777) AND (k <= 3278877))
	  ->  Bitmap Index Scan on k_4  (cost=0.00..5.45 rows=102 width=0)
	        Index Cond: ((k >= 3278777) AND (k <= 3278877))

table 5 : explain SELECT k, c FROM sbtest5 WHERE k BETWEEN 3278777 AND 3278877
	Bitmap Heap Scan on sbtest5  (cost=5.53..428.75 rows=107 width=125)
	  Recheck Cond: ((k >= 3278777) AND (k <= 3278877))
	  ->  Bitmap Index Scan on k_5  (cost=0.00..5.50 rows=107 width=0)
	        Index Cond: ((k >= 3278777) AND (k <= 3278877))

table 6 : explain SELECT k, c FROM sbtest6 WHERE k BETWEEN 3278777 AND 3278877
	Bitmap Heap Scan on sbtest6  (cost=5.44..393.31 rows=98 width=125)
	  Recheck Cond: ((k >= 3278777) AND (k <= 3278877))
	  ->  Bitmap Index Scan on k_6  (cost=0.00..5.42 rows=98 width=0)
	        Index Cond: ((k >= 3278777) AND (k <= 3278877))

table 7 : explain SELECT k, c FROM sbtest7 WHERE k BETWEEN 3278777 AND 3278877
	Bitmap Heap Scan on sbtest7  (cost=5.50..416.94 rows=104 width=125)
	  Recheck Cond: ((k >= 3278777) AND (k <= 3278877))
	  ->  Bitmap Index Scan on k_7  (cost=0.00..5.47 rows=104 width=0)
	        Index Cond: ((k >= 3278777) AND (k <= 3278877))

table 8 : explain SELECT k, c FROM sbtest8 WHERE k BETWEEN 3278777 AND 3278877
	Bitmap Heap Scan on sbtest8  (cost=5.48..409.07 rows=102 width=125)
	  Recheck Cond: ((k >= 3278777) AND (k <= 3278877))
	  ->  Bitmap Index Scan on k_8  (cost=0.00..5.45 rows=102 width=0)
	        Index Cond: ((k >= 3278777) AND (k <= 3278877))

explain: for range-notcovered :: explain SELECT k, c FROM sbtest%d WHERE k BETWEEN 3278777 AND 3278877
for range-notcovered
table 1 : explain SELECT k, c FROM sbtest1 WHERE k BETWEEN 3278777 AND 3278877
	Bitmap Heap Scan on sbtest1  (cost=5.51..420.88 rows=105 width=125)
	  Recheck Cond: ((k >= 3278777) AND (k <= 3278877))
	  ->  Bitmap Index Scan on k_1  (cost=0.00..5.48 rows=105 width=0)
	        Index Cond: ((k >= 3278777) AND (k <= 3278877))

table 2 : explain SELECT k, c FROM sbtest2 WHERE k BETWEEN 3278777 AND 3278877
	Bitmap Heap Scan on sbtest2  (cost=5.53..428.75 rows=107 width=125)
	  Recheck Cond: ((k >= 3278777) AND (k <= 3278877))
	  ->  Bitmap Index Scan on k_2  (cost=0.00..5.50 rows=107 width=0)
	        Index Cond: ((k >= 3278777) AND (k <= 3278877))

table 3 : explain SELECT k, c FROM sbtest3 WHERE k BETWEEN 3278777 AND 3278877
	Bitmap Heap Scan on sbtest3  (cost=5.44..393.31 rows=98 width=125)
	  Recheck Cond: ((k >= 3278777) AND (k <= 3278877))
	  ->  Bitmap Index Scan on k_3  (cost=0.00..5.42 rows=98 width=0)
	        Index Cond: ((k >= 3278777) AND (k <= 3278877))

table 4 : explain SELECT k, c FROM sbtest4 WHERE k BETWEEN 3278777 AND 3278877
	Bitmap Heap Scan on sbtest4  (cost=5.48..409.07 rows=102 width=125)
	  Recheck Cond: ((k >= 3278777) AND (k <= 3278877))
	  ->  Bitmap Index Scan on k_4  (cost=0.00..5.45 rows=102 width=0)
	        Index Cond: ((k >= 3278777) AND (k <= 3278877))

table 5 : explain SELECT k, c FROM sbtest5 WHERE k BETWEEN 3278777 AND 3278877
	Bitmap Heap Scan on sbtest5  (cost=5.53..428.75 rows=107 width=125)
	  Recheck Cond: ((k >= 3278777) AND (k <= 3278877))
	  ->  Bitmap Index Scan on k_5  (cost=0.00..5.50 rows=107 width=0)
	        Index Cond: ((k >= 3278777) AND (k <= 3278877))

table 6 : explain SELECT k, c FROM sbtest6 WHERE k BETWEEN 3278777 AND 3278877
	Bitmap Heap Scan on sbtest6  (cost=5.44..393.31 rows=98 width=125)
	  Recheck Cond: ((k >= 3278777) AND (k <= 3278877))
	  ->  Bitmap Index Scan on k_6  (cost=0.00..5.42 rows=98 width=0)
	        Index Cond: ((k >= 3278777) AND (k <= 3278877))

table 7 : explain SELECT k, c FROM sbtest7 WHERE k BETWEEN 3278777 AND 3278877
	Bitmap Heap Scan on sbtest7  (cost=5.50..416.94 rows=104 width=125)
	  Recheck Cond: ((k >= 3278777) AND (k <= 3278877))
	  ->  Bitmap Index Scan on k_7  (cost=0.00..5.47 rows=104 width=0)
	        Index Cond: ((k >= 3278777) AND (k <= 3278877))

table 8 : explain SELECT k, c FROM sbtest8 WHERE k BETWEEN 3278777 AND 3278877
	Bitmap Heap Scan on sbtest8  (cost=5.48..409.07 rows=102 width=125)
	  Recheck Cond: ((k >= 3278777) AND (k <= 3278877))
	  ->  Bitmap Index Scan on k_8  (cost=0.00..5.45 rows=102 width=0)
	        Index Cond: ((k >= 3278777) AND (k <= 3278877))

explain: for range-notcovered :: explain SELECT k, c FROM sbtest%d WHERE k BETWEEN 3278777 AND 3278877
for range-notcovered
table 1 : explain SELECT k, c FROM sbtest1 WHERE k BETWEEN 3278777 AND 3278877
	Bitmap Heap Scan on sbtest1  (cost=5.51..420.88 rows=105 width=125)
	  Recheck Cond: ((k >= 3278777) AND (k <= 3278877))
	  ->  Bitmap Index Scan on k_1  (cost=0.00..5.48 rows=105 width=0)
	        Index Cond: ((k >= 3278777) AND (k <= 3278877))

table 2 : explain SELECT k, c FROM sbtest2 WHERE k BETWEEN 3278777 AND 3278877
	Bitmap Heap Scan on sbtest2  (cost=5.53..428.75 rows=107 width=125)
	  Recheck Cond: ((k >= 3278777) AND (k <= 3278877))
	  ->  Bitmap Index Scan on k_2  (cost=0.00..5.50 rows=107 width=0)
	        Index Cond: ((k >= 3278777) AND (k <= 3278877))

table 3 : explain SELECT k, c FROM sbtest3 WHERE k BETWEEN 3278777 AND 3278877
	Bitmap Heap Scan on sbtest3  (cost=5.44..393.31 rows=98 width=125)
	  Recheck Cond: ((k >= 3278777) AND (k <= 3278877))
	  ->  Bitmap Index Scan on k_3  (cost=0.00..5.42 rows=98 width=0)
	        Index Cond: ((k >= 3278777) AND (k <= 3278877))

table 4 : explain SELECT k, c FROM sbtest4 WHERE k BETWEEN 3278777 AND 3278877
	Bitmap Heap Scan on sbtest4  (cost=5.48..409.07 rows=102 width=125)
	  Recheck Cond: ((k >= 3278777) AND (k <= 3278877))
	  ->  Bitmap Index Scan on k_4  (cost=0.00..5.45 rows=102 width=0)
	        Index Cond: ((k >= 3278777) AND (k <= 3278877))

table 5 : explain SELECT k, c FROM sbtest5 WHERE k BETWEEN 3278777 AND 3278877
	Bitmap Heap Scan on sbtest5  (cost=5.53..428.75 rows=107 width=125)
	  Recheck Cond: ((k >= 3278777) AND (k <= 3278877))
	  ->  Bitmap Index Scan on k_5  (cost=0.00..5.50 rows=107 width=0)
	        Index Cond: ((k >= 3278777) AND (k <= 3278877))

table 6 : explain SELECT k, c FROM sbtest6 WHERE k BETWEEN 3278777 AND 3278877
	Bitmap Heap Scan on sbtest6  (cost=5.44..393.31 rows=98 width=125)
	  Recheck Cond: ((k >= 3278777) AND (k <= 3278877))
	  ->  Bitmap Index Scan on k_6  (cost=0.00..5.42 rows=98 width=0)
	        Index Cond: ((k >= 3278777) AND (k <= 3278877))

table 7 : explain SELECT k, c FROM sbtest7 WHERE k BETWEEN 3278777 AND 3278877
	Bitmap Heap Scan on sbtest7  (cost=5.50..416.94 rows=104 width=125)
	  Recheck Cond: ((k >= 3278777) AND (k <= 3278877))
	  ->  Bitmap Index Scan on k_7  (cost=0.00..5.47 rows=104 width=0)
	        Index Cond: ((k >= 3278777) AND (k <= 3278877))

table 8 : explain SELECT k, c FROM sbtest8 WHERE k BETWEEN 3278777 AND 3278877
	Bitmap Heap Scan on sbtest8  (cost=5.48..409.07 rows=102 width=125)
	  Recheck Cond: ((k >= 3278777) AND (k <= 3278877))
	  ->  Bitmap Index Scan on k_8  (cost=0.00..5.45 rows=102 width=0)
	        Index Cond: ((k >= 3278777) AND (k <= 3278877))

Threads started!

Warming up for 5 seconds...

SQL statistics:
    queries performed:
        read:                            102243744
        write:                           0
        other:                           0
        total:                           102243744
    transactions:                        102243744 (162290.15 per sec.)
    queries:                             102243744 (162290.15 per sec.)
    ignored errors:                      0      (0.00 per sec.)
    reconnects:                          0      (0.00 per sec.)

Throughput:
    events/s (eps):                      162290.1488
    time elapsed:                        630.0060s
    total number of events:              102243744

Latency (ms):
         min:                                    0.08
         avg:                                    0.25
         max:                                   16.33
         95th percentile:                        0.28
         sum:                             25154032.62

Threads fairness:
    events (avg/stddev):           2556091.5500/8110.24
    execution time (avg/stddev):   628.8508/0.02

